BCW-200669_00029	gnl|TC-DB|P0AGA2|3.A.5.1.1	98.6	443	6	0	1	443	1	443	1.4e-243	838.2
BCW-200669_00038	gnl|TC-DB|P0A742|1.A.22.1.1	94.1	135	8	0	1	135	1	135	2.7e-65	244.2
BCW-200669_00039	gnl|TC-DB|P0AGI8|2.A.38.1.1	97.2	458	13	0	1	458	1	458	2.0e-250	860.9
BCW-200669_00043	gnl|TC-DB|Q8VRK4|3.A.11.1.3	36.7	281	152	4	87	362	70	329	1.0e-37	154.1
BCW-200669_00068	gnl|TC-DB|O00571|1.I.1.1.3	35.7	364	220	4	9	358	180	543	5.9e-55	211.5
BCW-200669_00070	gnl|TC-DB|P40290|3.A.6.1.1	28.6	252	158	5	157	396	148	389	2.0e-15	80.1
BCW-200669_00071	gnl|TC-DB|P0AC78|9.B.146.1.7	86.1	367	51	0	1	367	1	367	6.5e-167	583.2
BCW-200669_00077	gnl|TC-DB|P0AAA7|2.A.66.2.3	87.0	416	54	0	1	416	1	416	4.3e-199	690.3
BCW-200669_00079	gnl|TC-DB|B6I4D1|9.B.128.1.1	89.1	441	48	0	1	441	1	441	1.5e-221	765.0
BCW-200669_00081	gnl|TC-DB|P27837|2.A.3.1.15	92.4	461	35	0	1	461	1	461	7.2e-240	825.9
BCW-200669_00091	gnl|TC-DB|P27838|9.B.21.2.1	88.7	106	12	0	1	106	1	106	2.5e-55	210.7
BCW-200669_00097	gnl|TC-DB|P0A2R8|1.A.35.1.2	98.4	316	5	0	1	316	1	316	4.3e-175	610.1
BCW-200669_00098	gnl|TC-DB|P27844|2.A.7.7.2	89.5	296	31	0	1	296	1	296	7.7e-150	526.2
BCW-200669_00101	gnl|TC-DB|Q5EAK4|2.A.16.2.2	26.7	424	258	13	31	426	1378	1776	3.2e-25	113.2
BCW-200669_00102	gnl|TC-DB|P0AG38|2.A.76.1.2	86.9	206	27	0	1	206	1	206	1.8e-97	351.7
BCW-200669_00103	gnl|TC-DB|P0AG34|2.A.76.1.1	88.8	206	23	0	1	206	1	206	1.1e-99	359.0
BCW-200669_00106	gnl|TC-DB|P0ADP5|2.A.7.3.61	82.3	299	53	0	1	299	1	299	3.1e-143	504.2
BCW-200669_00115	gnl|TC-DB|P69428|2.A.64.1.1	98.0	49	1	0	1	49	1	49	3.2e-19	90.5
BCW-200669_00116	gnl|TC-DB|P69425|2.A.64.1.1	71.5	179	42	2	1	179	1	170	1.6e-54	208.8
BCW-200669_00117	gnl|TC-DB|P69423|2.A.64.1.1	90.8	240	22	0	1	240	1	240	1.1e-120	429.1
BCW-200669_00126	gnl|TC-DB|P0AFZ7|2.A.38.1.1	96.7	483	16	0	1	483	1	483	5.9e-269	922.5
BCW-200669_00132	gnl|TC-DB|W0WN20|3.A.1.5.39	42.6	136	60	2	9	126	91	226	1.2e-16	82.4
BCW-200669_00140	gnl|TC-DB|P0AF43|2.A.58.2.1	87.1	543	70	0	1	543	1	543	1.7e-248	854.7
BCW-200669_00145	gnl|TC-DB|Q9K0A9|2.A.28.2.4	44.7	300	164	1	3	300	9	308	7.5e-63	237.3
BCW-200669_00151	gnl|TC-DB|D8EPC3|1.B.14.16.4	89.7	698	72	0	1	698	1	698	0.0e+00	1325.5
BCW-200669_00153	gnl|TC-DB|P68183|3.A.1.1.1	92.9	296	21	0	1	296	1	296	7.9e-155	542.7
BCW-200669_00154	gnl|TC-DB|P02916|3.A.1.1.1	90.1	514	51	0	1	514	1	514	6.3e-269	922.5
BCW-200669_00155	gnl|TC-DB|P0AEX9|3.A.1.1.1	92.2	396	31	0	1	396	1	396	3.9e-218	753.4
BCW-200669_00156	gnl|TC-DB|P68187|3.A.1.1.1	94.6	371	18	1	1	369	1	371	2.2e-199	691.0
BCW-200669_00157	gnl|TC-DB|P02943|1.B.3.1.1	80.1	452	73	2	1	441	1	446	4.4e-218	753.4
BCW-200669_00161	gnl|TC-DB|P37617|3.A.3.6.2	78.4	732	149	7	1	723	1	732	4.0e-301	1030.0
BCW-200669_00166	gnl|TC-DB|P10121|3.A.5.1.1	96.5	310	11	0	179	488	188	497	1.6e-165	578.9
BCW-200669_00167	gnl|TC-DB|P0A9R7|3.A.1.140.1	95.9	220	9	0	1	220	1	220	5.2e-119	423.3
BCW-200669_00168	gnl|TC-DB|P0AC31|3.A.1.140.1	91.2	352	30	1	1	351	1	352	1.7e-177	618.2
BCW-200669_00171	gnl|TC-DB|P0AD96|3.A.1.4.1	93.7	365	22	1	1	364	3	367	1.1e-195	678.7
BCW-200669_00173	gnl|TC-DB|P04816|3.A.1.4.1	92.7	369	27	0	1	369	1	369	1.8e-201	698.0
BCW-200669_00174	gnl|TC-DB|P0AEX7|3.A.1.4.1	96.4	308	11	0	1	308	1	308	2.3e-157	551.2
BCW-200669_00175	gnl|TC-DB|P22729|3.A.1.4.1	93.4	425	28	0	1	425	1	425	2.2e-206	714.5
BCW-200669_00176	gnl|TC-DB|P0A9S7|3.A.1.4.1	93.3	255	17	0	1	255	1	255	1.6e-135	478.4
BCW-200669_00177	gnl|TC-DB|P22731|3.A.1.4.1	93.2	237	16	0	1	237	1	237	1.8e-122	434.9
BCW-200669_00178	gnl|TC-DB|P0AG80|3.A.1.1.3	90.0	438	44	0	1	438	1	438	1.4e-237	818.1
BCW-200669_00179	gnl|TC-DB|P10905|3.A.1.1.3	91.9	295	24	0	1	295	1	295	1.1e-153	538.9
BCW-200669_00180	gnl|TC-DB|P10906|3.A.1.1.3	88.6	281	32	0	1	281	1	281	1.5e-134	475.3
BCW-200669_00181	gnl|TC-DB|P10907|3.A.1.1.3	91.0	356	32	0	1	356	1	356	2.5e-187	651.0
BCW-200669_00190	gnl|TC-DB|P0AC96|2.A.8.1.8	95.7	446	19	0	1	446	1	446	2.3e-235	810.8
BCW-200669_00194	gnl|TC-DB|P28303|2.A.66.1.4	85.2	438	65	0	1	438	19	456	2.3e-206	714.5
BCW-200669_00211	gnl|TC-DB|P76330|9.B.34.1.4	36.4	176	105	5	293	465	391	562	4.9e-18	89.0
BCW-200669_00216	gnl|TC-DB|P0AF52|2.A.40.7.5	94.4	449	25	0	1	449	1	449	9.2e-224	772.3
BCW-200669_00217	gnl|TC-DB|P32703|2.A.36.3.1	94.7	546	29	0	1	546	1	546	4.1e-282	966.5
BCW-200669_00219	gnl|TC-DB|E7UC95|1.E.14.1.9	82.6	132	23	0	1	132	1	132	8.6e-56	212.6
BCW-200669_00220	gnl|TC-DB|P60643|2.A.122.1.3	29.7	195	137	0	35	229	39	233	1.2e-17	86.7
BCW-200669_00221	gnl|TC-DB|P32705|2.A.21.7.2	91.6	549	46	0	1	549	1	549	3.2e-279	956.8
BCW-200669_00222	gnl|TC-DB|P0AF54|9.B.136.1.1	76.9	104	24	0	1	104	1	104	7.0e-42	166.0
BCW-200669_00223	gnl|TC-DB|P31552|4.C.1.1.6	23.4	529	371	14	90	616	21	517	6.2e-27	119.0
BCW-200669_00224	gnl|TC-DB|P21345|2.A.23.1.1	95.2	437	21	0	1	437	1	437	1.4e-224	775.0
BCW-200669_00227	gnl|TC-DB|P07658|3.D.1.9.2	94.1	558	33	0	1	558	157	714	0.0e+00	1090.1
BCW-200669_00228	gnl|TC-DB|P07658|3.D.1.9.2	95.0	139	7	0	1	139	1	139	4.9e-75	276.6
BCW-200669_00233	gnl|TC-DB|Q9F9B2|3.A.1.2.7	32.8	296	172	11	3	276	1	291	3.7e-22	102.1
BCW-200669_00234	gnl|TC-DB|A6VKS9|3.A.1.2.13	46.1	306	156	5	24	323	13	315	5.9e-58	221.1
BCW-200669_00235	gnl|TC-DB|G4FGN3|3.A.1.2.20	46.7	493	260	3	5	496	3	493	2.2e-128	455.7
BCW-200669_00236	gnl|TC-DB|Q9HV74|2.A.21.9.1	32.0	256	152	7	382	626	737	981	1.2e-21	101.7
BCW-200669_00243	gnl|TC-DB|P37774|3.A.1.3.10	33.6	220	133	6	2	218	4	213	2.1e-22	102.4
BCW-200669_00244	gnl|TC-DB|Q97VF5|3.A.1.5.9	37.3	255	150	3	4	248	45	299	9.3e-40	160.2
BCW-200669_00250	gnl|TC-DB|P16683|3.A.1.9.1	93.4	259	17	0	1	259	1	259	1.7e-137	485.0
BCW-200669_00251	gnl|TC-DB|P16682|3.A.1.9.1	87.3	338	43	0	1	338	1	338	4.9e-169	590.1
BCW-200669_00252	gnl|TC-DB|P16677|3.A.1.9.1	85.9	262	37	0	1	262	1	262	3.0e-126	447.6
BCW-200669_00258	gnl|TC-DB|P15701|2.A.10.1.1	67.4	331	104	1	1	327	1	331	2.6e-114	408.3
BCW-200669_00259	gnl|TC-DB|P0C0L7|2.A.1.6.4	92.2	500	39	0	1	500	1	500	3.9e-263	903.3
BCW-200669_00260	gnl|TC-DB|D7A5Z9|2.A.113.1.7	26.4	273	183	7	22	284	45	309	7.7e-17	84.3
BCW-200669_00267	gnl|TC-DB|P45094|3.A.1.5.27	76.4	326	76	1	3	327	2	327	2.3e-142	501.5
BCW-200669_00268	gnl|TC-DB|P45095|3.A.1.5.27	76.3	325	76	1	1	325	1	324	6.4e-142	500.0
BCW-200669_00269	gnl|TC-DB|W0WMS8|3.A.1.5.39	53.4	283	132	0	17	299	18	300	5.3e-82	300.8
BCW-200669_00270	gnl|TC-DB|W0WN20|3.A.1.5.39	65.8	339	113	1	1	339	1	336	4.4e-125	444.1
BCW-200669_00271	gnl|TC-DB|P33950|3.A.1.5.27	55.3	517	230	1	19	535	30	545	1.4e-170	595.9
BCW-200669_00274	gnl|TC-DB|P37662|2.A.1.11.3	89.4	350	37	0	1	350	1	350	1.5e-169	592.0
BCW-200669_00278	gnl|TC-DB|P20099|5.A.3.4.3	82.2	774	138	0	2	775	4	777	0.0e+00	1376.3
BCW-200669_00279	gnl|TC-DB|P37665|9.B.186.1.1	91.8	219	18	0	1	219	1	219	1.5e-81	298.9
BCW-200669_00283	gnl|TC-DB|Q9RPP3|2.A.1.14.8	28.2	422	285	8	14	423	33	448	1.7e-41	166.8
BCW-200669_00288	gnl|TC-DB|Q53712|3.A.1.120.3	31.2	529	283	16	40	522	63	556	5.6e-42	168.7
BCW-200669_00293	gnl|TC-DB|P37669|9.B.97.1.1	81.6	331	61	0	1	331	1	331	7.7e-159	556.2
BCW-200669_00298	gnl|TC-DB|P37387|3.A.1.2.4	90.6	330	31	0	1	330	1	330	2.4e-168	587.8
BCW-200669_00299	gnl|TC-DB|P37388|3.A.1.2.4	89.3	513	55	0	1	513	1	513	2.2e-266	914.1
BCW-200669_00300	gnl|TC-DB|P0AGI4|3.A.1.2.4	91.6	393	33	0	1	393	1	393	3.3e-185	644.0
BCW-200669_00305	gnl|TC-DB|P0AAK3|3.D.1.9.2	41.3	184	72	3	1	150	1	182	6.6e-33	136.7
BCW-200669_00310	gnl|TC-DB|Q9RPV1|2.A.1.14.9	29.6	432	280	8	19	434	35	458	7.8e-42	167.9
BCW-200669_00317	gnl|TC-DB|P37681|9.B.99.1.1	55.3	246	110	0	1	246	1	246	2.0e-79	292.0
BCW-200669_00323	gnl|TC-DB|P37683|8.A.1.1.4	77.5	378	85	0	1	378	1	378	6.9e-164	573.2
BCW-200669_00324	gnl|TC-DB|P32108|9.B.32.1.1	71.4	112	30	1	1	110	1	112	4.2e-43	170.2
BCW-200669_00325	gnl|TC-DB|P00550|4.A.2.1.2	92.6	633	47	0	1	633	1	633	0.0e+00	1132.5
BCW-200669_00338	gnl|TC-DB|P30130|1.B.11.3.9	26.0	828	527	24	35	785	60	878	5.8e-72	268.9
BCW-200669_00341	gnl|TC-DB|P33231|2.A.14.1.1	91.5	551	47	0	1	551	1	551	1.2e-284	974.9
BCW-200669_00344	gnl|TC-DB|Q51955|2.A.1.15.1	44.9	434	239	0	7	440	12	445	3.2e-107	385.2
BCW-200669_00352	gnl|TC-DB|B7LEG0|1.A.34.1.2	39.5	119	67	3	308	425	262	376	2.9e-17	86.3
BCW-200669_00356	gnl|TC-DB|P27243|9.B.67.5.1	30.4	392	261	10	8	395	16	399	3.0e-35	146.0
BCW-200669_00366	gnl|TC-DB|P75905|4.D.1.1.3	34.7	98	63	1	1	97	71	168	2.4e-11	66.2
BCW-200669_00368	gnl|TC-DB|B8F5K7|4.D.1.3.2	52.5	244	114	2	5	246	4	247	1.8e-67	252.3
BCW-200669_00392	gnl|TC-DB|P0AGM2|1.A.62.2.3	88.8	205	23	0	1	205	1	205	7.2e-99	356.3
BCW-200669_00399	gnl|TC-DB|P0AER8|2.A.27.1.1	91.5	400	34	0	1	400	1	400	3.2e-199	690.6
BCW-200669_00400	gnl|TC-DB|P0AGM9|2.A.40.4.2	94.4	462	26	0	1	462	1	462	1.2e-239	825.1
BCW-200669_00418	gnl|TC-DB|Q8CVM4|1.B.11.3.5	41.0	830	463	12	13	822	25	847	5.5e-169	591.3
BCW-200669_00423	gnl|TC-DB|G3IME2|9.B.35.1.2	35.7	112	69	2	27	136	31	141	4.6e-17	84.0
BCW-200669_00433	gnl|TC-DB|A3DCU1|3.A.1.112.9	25.7	704	497	12	10	696	7	701	8.3e-62	235.0
BCW-200669_00445	gnl|TC-DB|P33341|1.B.11.3.11	37.4	840	480	13	3	820	10	825	2.3e-151	532.7
BCW-200669_00450	gnl|TC-DB|P28635|3.A.1.24.1	63.4	262	95	1	5	266	11	271	6.9e-94	340.1
BCW-200669_00454	gnl|TC-DB|Q9KSH5|4.A.3.2.6	49.0	100	51	0	1	100	1	100	3.4e-20	94.0
BCW-200669_00455	gnl|TC-DB|Q9KSH4|4.A.3.2.6	48.2	434	224	1	4	437	6	438	1.1e-120	429.9
BCW-200669_00456	gnl|TC-DB|Q86Z14|8.A.49.1.2	26.5	468	291	14	5	457	81	510	7.6e-40	161.4
BCW-200669_00457	gnl|TC-DB|P69791|4.A.3.2.1	50.5	97	48	0	5	101	17	113	2.3e-21	97.8
BCW-200669_00459	gnl|TC-DB|P31437|2.A.7.3.12	83.9	298	48	0	1	298	1	298	4.1e-135	477.2
BCW-200669_00462	gnl|TC-DB|P0ADL1|2.A.1.2.26	84.3	381	60	0	16	396	14	394	1.1e-172	602.4
BCW-200669_00463	gnl|TC-DB|P77735|8.A.5.1.6	29.3	297	191	6	31	319	37	322	4.2e-32	135.2
BCW-200669_00466	gnl|TC-DB|P31122|2.A.1.2.15	30.9	385	256	3	14	392	11	391	9.7e-39	157.5
BCW-200669_00475	gnl|TC-DB|P0AGC0|2.A.1.4.1	94.0	463	28	0	1	463	1	463	1.6e-247	851.3
BCW-200669_00476	gnl|TC-DB|P09836|2.A.1.4.4	88.2	434	51	0	3	436	6	439	2.2e-230	794.3
BCW-200669_00483	gnl|TC-DB|L0LHM3|2.A.7.31.3	49.1	277	140	1	1	276	1	277	6.2e-61	230.7
BCW-200669_00484	gnl|TC-DB|P31442|2.A.1.2.9	86.5	385	52	0	1	385	10	394	2.5e-185	644.4
BCW-200669_00487	gnl|TC-DB|P08555|2.A.8.1.5	90.8	445	41	0	1	445	1	445	7.5e-218	752.7
BCW-200669_00490	gnl|TC-DB|P0ADM0|9.B.51.1.1	86.1	115	16	0	1	115	1	115	4.5e-50	193.4
BCW-200669_00492	gnl|TC-DB|Q9AGA7|4.A.1.1.10	90.4	540	52	0	1	540	1	540	1.2e-281	964.9
BCW-200669_00494	gnl|TC-DB|B7L824|2.A.81.1.5	81.9	552	100	0	1	552	1	552	3.1e-253	870.5
BCW-200669_00499	gnl|TC-DB|P0AA76|2.A.1.14.7	94.0	430	26	0	1	430	1	430	1.8e-237	817.8
BCW-200669_00512	gnl|TC-DB|P25714|2.A.9.3.1	91.4	548	46	1	1	547	1	548	1.9e-279	957.6
BCW-200669_00514	gnl|TC-DB|P31462|2.A.1.2.22	73.5	392	100	2	1	389	1	391	2.8e-152	534.6
BCW-200669_00518	gnl|TC-DB|P31466|2.A.40.7.6	94.4	445	25	0	2	446	1	445	9.5e-229	788.9
BCW-200669_00521	gnl|TC-DB|P0AAH0|3.A.1.7.1	96.1	257	10	0	1	257	1	257	1.1e-144	508.8
BCW-200669_00522	gnl|TC-DB|P07654|3.A.1.7.1	93.9	296	18	0	1	296	1	296	8.1e-152	532.7
BCW-200669_00523	gnl|TC-DB|P0AGH8|3.A.1.7.1	95.0	319	16	0	1	319	1	319	8.2e-166	579.3
BCW-200669_00524	gnl|TC-DB|P0AG82|3.A.1.7.1	92.2	346	27	0	1	346	1	346	4.5e-186	646.7
BCW-200669_00527	gnl|TC-DB|P0A6E6|3.A.2.1.1	95.7	139	6	0	1	139	1	139	4.0e-69	256.9
BCW-200669_00528	gnl|TC-DB|P0ABB4|3.A.2.1.1	98.0	460	9	0	1	460	1	460	4.1e-259	889.8
BCW-200669_00529	gnl|TC-DB|P0ABA6|3.A.2.1.1	92.3	287	22	0	1	287	1	287	2.1e-149	524.6
BCW-200669_00530	gnl|TC-DB|P0ABB0|3.A.2.1.1	95.5	513	23	0	1	513	1	513	9.4e-281	961.8
BCW-200669_00531	gnl|TC-DB|P0ABA4|3.A.2.1.1	89.3	177	19	0	1	177	1	177	5.3e-82	300.1
BCW-200669_00532	gnl|TC-DB|P0ABA0|3.A.2.1.1	93.6	156	10	0	1	156	1	156	3.0e-52	201.1
BCW-200669_00533	gnl|TC-DB|P68699|3.A.2.1.1	100.0	79	0	0	1	79	1	79	2.8e-35	143.7
BCW-200669_00534	gnl|TC-DB|P0AB98|3.A.2.1.1	93.4	271	18	0	1	271	1	271	5.7e-144	506.5
BCW-200669_00535	gnl|TC-DB|C4X3L3|1.A.77.3.8	89.7	126	13	0	1	126	25	150	1.8e-55	211.5
BCW-200669_00543	gnl|TC-DB|P63183|2.A.72.1.1	92.4	622	47	0	1	622	1	622	0.0e+00	1145.6
BCW-200669_00545	gnl|TC-DB|P04983|3.A.1.2.1	96.2	501	19	0	1	501	1	501	4.7e-277	949.5
BCW-200669_00546	gnl|TC-DB|P0AGI1|3.A.1.2.1	94.1	320	19	0	1	320	1	320	6.1e-145	510.0
BCW-200669_00547	gnl|TC-DB|P02925|3.A.1.2.1	98.0	296	6	0	1	296	1	296	2.1e-155	544.7
BCW-200669_00550	gnl|TC-DB|P31474|2.A.1.3.51	81.8	477	85	1	1	477	1	475	5.6e-211	729.9
BCW-200669_00557	gnl|TC-DB|P36655|5.A.1.1.1	84.1	565	88	2	1	563	1	565	2.9e-275	943.7
BCW-200669_00559	gnl|TC-DB|P0ABN5|2.A.13.1.1	62.4	434	161	2	1	433	1	433	9.1e-144	506.5
BCW-200669_00562	gnl|TC-DB|P39277|2.A.3.13.1	81.7	409	75	0	1	409	1	409	6.1e-190	659.8
BCW-200669_00568	gnl|TC-DB|P0ADB7|9.B.13.1.1	91.7	48	4	0	1	48	1	48	1.0e-16	81.3
BCW-200669_00570	gnl|TC-DB|D5CES3|2.A.7.1.10	96.2	105	4	0	1	105	1	105	4.3e-47	183.3
BCW-200669_00576	gnl|TC-DB|P17596|3.D.10.1.3	28.9	218	150	5	7	219	5	222	1.4e-24	109.8
BCW-200669_00577	gnl|TC-DB|F9VN10|3.D.10.1.4	40.3	586	325	8	1	581	1	566	4.5e-109	391.7
BCW-200669_00579	gnl|TC-DB|P39285|1.A.23.1.3	88.2	1107	131	0	1	1107	1	1107	0.0e+00	1777.3
BCW-200669_00600	gnl|TC-DB|P0C0L7|2.A.1.6.4	34.7	424	255	5	7	415	24	440	2.0e-66	249.6
BCW-200669_00602	gnl|TC-DB|M3JA40|1.B.52.2.1	37.0	119	74	1	482	600	287	404	2.9e-13	73.6
BCW-200669_00608	gnl|TC-DB|P39301|4.A.7.1.1	95.7	465	20	0	1	465	1	465	1.9e-251	864.4
BCW-200669_00609	gnl|TC-DB|P69822|4.A.7.1.1	99.0	101	1	0	1	101	1	101	1.5e-52	201.4
BCW-200669_00610	gnl|TC-DB|P69820|4.A.7.1.1	87.7	154	19	0	1	154	1	154	1.5e-72	268.5
BCW-200669_00621	gnl|TC-DB|P0AAE0|2.A.3.1.7	94.7	469	25	0	1	469	1	469	2.7e-250	860.5
BCW-200669_00623	gnl|TC-DB|M3JA40|1.B.52.2.1	58.6	70	26	1	344	410	270	339	6.2e-12	68.9
BCW-200669_00624	gnl|TC-DB|P39314|2.A.7.3.19	83.4	320	53	0	1	320	1	320	5.5e-154	540.0
BCW-200669_00632	gnl|TC-DB|Q0PBV6|9.A.40.2.2	23.4	427	321	4	5	428	26	449	2.0e-37	153.3
BCW-200669_00633	gnl|TC-DB|Q6D188|2.A.2.5.2	41.0	502	282	6	7	500	4	499	7.1e-103	370.9
BCW-200669_00640	gnl|TC-DB|P0ADE4|1.B.33.2.4	85.4	577	84	0	1	577	1	577	2.2e-302	1033.9
BCW-200669_00641	gnl|TC-DB|P39321|9.B.22.1.2	85.7	1259	179	1	1	1258	1	1259	0.0e+00	2178.7
BCW-200669_00644	gnl|TC-DB|P39325|3.A.1.2.25	95.3	318	15	0	1	318	1	318	5.4e-170	593.2
BCW-200669_00645	gnl|TC-DB|Q6BEX0|3.A.1.2.25	94.0	500	30	0	1	500	1	500	3.4e-267	916.8
BCW-200669_00646	gnl|TC-DB|P39328|3.A.1.2.25	85.9	340	48	0	1	340	2	341	1.9e-157	551.6
BCW-200669_00647	gnl|TC-DB|P37772|3.A.1.2.25	97.9	326	7	0	1	326	1	326	7.8e-172	599.4
BCW-200669_00648	gnl|TC-DB|M3JA40|1.B.52.2.1	51.8	83	37	1	331	410	257	339	4.8e-14	75.9
BCW-200669_00667	gnl|TC-DB|Q05839|8.A.9.1.1	30.6	540	305	12	7	519	109	605	1.2e-71	267.3
BCW-200669_00668	gnl|TC-DB|P36672|4.A.1.2.4	88.1	472	56	0	1	472	2	473	3.7e-239	823.5
BCW-200669_00670	gnl|TC-DB|P36640|3.A.3.4.1	85.6	902	130	0	1	902	1	902	0.0e+00	1532.3
BCW-200669_00677	gnl|TC-DB|Q11G42|2.A.118.1.2	57.8	465	195	1	3	466	12	476	8.6e-140	493.4
BCW-200669_00685	gnl|TC-DB|P75683|2.A.2.3.5	98.7	460	6	0	1	460	1	460	9.1e-259	888.6
BCW-200669_00711	gnl|TC-DB|A7ZUZ0|2.A.2.1.1	31.4	424	276	10	16	426	11	432	1.2e-40	164.1
BCW-200669_00713	gnl|TC-DB|Q9X4X4|2.A.1.30.1	37.8	508	310	3	17	520	17	522	1.5e-87	320.1
BCW-200669_00740	gnl|TC-DB|P46482|8.A.1.7.1	24.9	325	189	8	9	326	7	283	1.5e-14	77.0
BCW-200669_00753	gnl|TC-DB|P94400|9.B.10.1.1	27.1	377	195	11	1	308	1	366	3.7e-25	112.1
BCW-200669_00755	gnl|TC-DB|Q8ZJY5|2.A.114.1.10	91.9	717	57	1	1	717	1	716	0.0e+00	1308.5
BCW-200669_00762	gnl|TC-DB|Q9RPV1|2.A.1.14.9	72.0	425	112	2	15	432	25	449	5.7e-173	603.6
BCW-200669_00770	gnl|TC-DB|M3JA40|1.B.52.2.1	57.4	68	29	0	397	464	283	350	7.2e-14	75.5
BCW-200669_00780	gnl|TC-DB|Q8FA71|2.A.79.2.1	88.0	250	30	0	8	257	27	276	6.0e-127	449.9
BCW-200669_00784	gnl|TC-DB|Q9KSH4|4.A.3.2.6	52.5	425	198	1	8	432	7	427	7.0e-123	437.2
BCW-200669_00786	gnl|TC-DB|P76330|9.B.34.1.4	34.8	184	112	3	172	349	381	562	1.9e-22	103.2
BCW-200669_00810	gnl|TC-DB|P24518|4.B.1.1.1	93.2	410	28	0	1	410	1	410	1.2e-233	805.1
BCW-200669_00813	gnl|TC-DB|P43672|3.A.1.120.6	34.0	512	327	6	21	527	18	523	5.5e-77	285.0
BCW-200669_00821	gnl|TC-DB|Q9HV74|2.A.21.9.1	30.7	257	155	7	231	471	726	975	1.7e-18	90.5
BCW-200669_00830	gnl|TC-DB|P30143|2.A.25.1.10	69.7	476	144	0	1	476	1	476	8.1e-186	646.4
BCW-200669_00833	gnl|TC-DB|Q5ZYB5|3.A.7.9.1	33.3	411	264	5	10	415	2	407	1.1e-51	200.7
BCW-200669_00834	gnl|TC-DB|P0AC98|2.A.96.1.1	86.7	188	25	0	1	188	1	188	5.1e-91	330.1
BCW-200669_00835	gnl|TC-DB|P0A6Y8|1.A.33.1.2	96.1	638	24	1	1	637	1	638	0.0e+00	1161.7
BCW-200669_00837	gnl|TC-DB|P13738|2.A.33.1.1	76.0	384	92	0	1	384	1	384	2.7e-155	544.7
BCW-200669_00842	gnl|TC-DB|B8I766|9.B.105.1.5	32.7	162	94	5	13	165	2	157	7.6e-14	73.6
BCW-200669_00849	gnl|TC-DB|P0A754|2.A.37.1.1	88.6	176	20	0	1	176	1	176	3.4e-97	350.5
BCW-200669_00850	gnl|TC-DB|P03819|2.A.37.1.1	86.2	621	85	1	1	621	1	620	9.6e-296	1011.9
BCW-200669_00857	gnl|TC-DB|P31554|1.B.42.1.2	81.9	786	139	2	1	785	1	784	0.0e+00	1367.8
BCW-200669_00867	gnl|TC-DB|P31548|3.A.1.19.1	74.8	230	58	0	1	230	1	230	1.9e-95	345.1
BCW-200669_00868	gnl|TC-DB|P31549|3.A.1.19.1	82.3	536	95	0	1	536	1	536	8.7e-253	869.0
BCW-200669_00869	gnl|TC-DB|P31550|3.A.1.19.1	89.6	327	34	0	1	327	1	327	7.1e-173	602.8
BCW-200669_00872	gnl|TC-DB|P31675|2.A.1.20.1	87.0	392	51	0	1	392	1	392	1.1e-188	655.6
BCW-200669_00873	gnl|TC-DB|G2H2C1|1.E.53.1.8	62.0	50	19	0	1	50	20	69	3.6e-12	66.2
BCW-200669_00888	gnl|TC-DB|P0A6W3|9.B.146.1.6	98.1	360	7	0	1	360	1	360	3.6e-202	700.3
BCW-200669_00890	gnl|TC-DB|P0ABG4|2.A.103.1.1	90.3	414	40	0	1	414	1	414	5.7e-212	733.0
BCW-200669_00899	gnl|TC-DB|P10408|3.A.5.1.1	90.8	900	83	0	1	900	1	900	0.0e+00	1589.3
BCW-200669_00905	gnl|TC-DB|P22609|3.A.15.2.1	30.0	333	228	2	64	391	41	373	1.8e-42	169.9
BCW-200669_00906	gnl|TC-DB|P22608|3.A.15.2.1	46.2	377	187	5	88	453	192	563	1.7e-87	319.7
BCW-200669_00910	gnl|TC-DB|P0AE14|9.B.125.1.1	81.7	284	52	0	1	284	1	284	2.9e-130	461.1
BCW-200669_00912	gnl|TC-DB|P31435|2.A.2.3.4	46.1	460	245	3	1	459	1	458	8.1e-122	433.7
BCW-200669_00913	gnl|TC-DB|P15993|2.A.3.1.3	93.4	456	30	0	1	456	2	457	5.3e-243	836.3
BCW-200669_00927	gnl|TC-DB|P0AA95|8.A.2.1.3	95.7	115	5	0	14	128	1	115	5.4e-60	226.5
BCW-200669_00928	gnl|TC-DB|P36649|1.B.76.1.8	82.6	522	85	1	14	535	1	516	1.6e-251	864.8
BCW-200669_00931	gnl|TC-DB|Q8F8H7|2.A.53.3.8	46.8	188	99	1	7	193	544	731	2.4e-52	201.8
BCW-200669_00932	gnl|TC-DB|P36879|3.A.1.105.17	93.8	308	19	0	1	308	1	308	2.9e-160	560.8
BCW-200669_00933	gnl|TC-DB|P0AFN6|3.A.1.105.17	91.4	256	22	0	1	256	1	256	3.4e-130	460.7
BCW-200669_00940	gnl|TC-DB|P33129|1.B.11.3.3	47.1	858	436	7	12	856	12	864	4.8e-229	790.8
BCW-200669_00954	gnl|TC-DB|P06971|1.B.14.1.2	62.0	764	245	12	1	736	1	747	2.2e-262	901.4
BCW-200669_00955	gnl|TC-DB|P07821|3.A.1.14.3	92.1	265	21	0	1	265	1	265	3.7e-140	493.8
BCW-200669_00956	gnl|TC-DB|P07822|3.A.1.14.3	74.2	291	75	0	6	296	6	296	5.7e-129	456.8
BCW-200669_00957	gnl|TC-DB|P06972|3.A.1.14.3	83.9	660	106	0	1	660	1	660	4.9e-306	1046.2
BCW-200669_00959	gnl|TC-DB|A8ALD3|2.A.49.5.5	83.1	462	78	0	1	462	1	462	1.4e-211	731.9
BCW-200669_00961	gnl|TC-DB|I7MT28|1.A.62.2.2	87.7	203	25	0	1	203	1	203	1.5e-96	348.6
BCW-200669_00962	gnl|TC-DB|Q8ZRP7|3.A.1.13.1	77.3	264	60	0	1	264	1	264	9.3e-115	409.5
BCW-200669_00979	gnl|TC-DB|P0A943|1.B.33.1.3	88.8	813	80	2	1	805	1	810	0.0e+00	1475.3
BCW-200669_00999	gnl|TC-DB|P28635|3.A.1.24.1	96.3	271	10	0	1	271	1	271	2.1e-146	514.6
BCW-200669_01000	gnl|TC-DB|P31547|3.A.1.24.1	96.8	217	7	0	1	217	1	217	4.8e-77	283.9
BCW-200669_01001	gnl|TC-DB|P30750|3.A.1.24.1	93.3	343	23	0	1	343	1	343	1.8e-179	624.8
BCW-200669_01004	gnl|TC-DB|P06129|1.B.14.3.1	66.2	624	194	7	1	617	1	614	2.2e-244	841.3
BCW-200669_01024	gnl|TC-DB|Q9ZKE4|3.A.11.3.1	31.5	536	338	11	198	730	108	617	8.9e-67	251.5
BCW-200669_01032	gnl|TC-DB|P0AER0|1.A.8.1.1	89.3	281	30	0	1	281	1	281	2.8e-146	514.2
BCW-200669_01036	gnl|TC-DB|B7MI53|9.B.124.2.2	72.7	139	38	0	1	139	1	139	1.0e-56	215.7
BCW-200669_01041	gnl|TC-DB|P0AG78|3.A.1.6.1	92.4	329	25	0	1	329	1	329	2.1e-180	627.9
BCW-200669_01043	gnl|TC-DB|P69380|2.A.4.7.1	90.7	290	27	0	1	290	1	290	1.4e-148	521.9
BCW-200669_01050	gnl|TC-DB|P96517|2.A.1.5.4	98.1	413	8	0	1	413	1	413	5.3e-221	763.1
BCW-200669_01054	gnl|TC-DB|Q1D212|2.A.78.2.3	37.7	231	115	3	13	214	14	244	3.9e-34	141.4
BCW-200669_01055	gnl|TC-DB|Q1D213|2.A.78.2.3	46.5	99	53	0	8	106	3	101	4.9e-14	73.6
BCW-200669_01057	gnl|TC-DB|P45420|1.B.11.5.1	40.2	783	457	9	28	807	18	792	1.4e-166	583.2
BCW-200669_01062	gnl|TC-DB|P24183|5.A.3.2.1	82.1	195	35	0	1	195	1	195	1.8e-94	341.7
BCW-200669_01063	gnl|TC-DB|P24183|5.A.3.2.1	76.8	803	185	1	1	803	213	1014	0.0e+00	1338.9
BCW-200669_01064	gnl|TC-DB|P0AAJ3|5.A.3.2.1	77.6	294	66	0	1	294	1	294	1.2e-145	512.3
BCW-200669_01065	gnl|TC-DB|P0AEK7|5.A.3.2.1	48.6	210	106	1	1	208	1	210	1.6e-56	215.7
BCW-200669_01072	gnl|TC-DB|P0A8K8|9.B.126.2.1	87.4	293	34	1	1	293	1	290	8.7e-130	459.5
BCW-200669_01077	gnl|TC-DB|Q9Z625|1.B.12.1.3	64.1	981	316	2	1	971	1	955	1.3e-299	1025.4
BCW-200669_01080	gnl|TC-DB|Q9HV74|2.A.21.9.1	28.0	357	218	13	11	346	636	974	8.4e-23	104.4
BCW-200669_01081	gnl|TC-DB|Q9KN48|3.A.23.1.1	38.7	341	188	4	140	467	193	525	2.8e-53	206.1
BCW-200669_01087	gnl|TC-DB|P0A4L7|5.A.2.1.2	26.1	222	136	7	3	206	11	222	9.4e-14	73.6
BCW-200669_01097	gnl|TC-DB|P45769|3.A.1.3.26	95.2	252	12	0	1	252	1	252	4.4e-138	486.9
BCW-200669_01098	gnl|TC-DB|P45768|3.A.1.3.26	90.5	367	35	0	1	367	1	367	1.3e-194	675.2
BCW-200669_01099	gnl|TC-DB|P45767|3.A.1.3.26	82.4	393	69	0	1	393	1	393	1.1e-183	639.0
BCW-200669_01100	gnl|TC-DB|P45766|3.A.1.3.26	93.3	341	23	0	1	341	1	341	3.1e-187	650.6
BCW-200669_01102	gnl|TC-DB|P24181|2.A.6.2.1	83.4	1032	171	0	1	1032	1	1032	0.0e+00	1672.9
BCW-200669_01103	gnl|TC-DB|P0AE06|8.A.1.6.1	69.9	379	102	4	8	378	14	388	3.5e-139	491.1
BCW-200669_01105	gnl|TC-DB|P76330|9.B.34.1.4	28.0	214	144	4	207	416	349	556	2.7e-12	70.5
BCW-200669_01111	gnl|TC-DB|P16256|2.A.21.1.1	80.3	483	95	0	1	483	1	483	1.2e-216	748.8
BCW-200669_01116	gnl|TC-DB|Q8XB73|5.B.7.1.1	81.5	195	36	0	1	195	1	195	5.6e-88	320.1
BCW-200669_01120	gnl|TC-DB|P0A9X4|9.B.157.1.3	100.0	347	0	0	1	347	1	347	1.7e-193	671.4
BCW-200669_01121	gnl|TC-DB|P16926|9.B.157.1.3	95.6	320	12	1	1	320	1	318	1.0e-166	582.4
BCW-200669_01122	gnl|TC-DB|P0ABH4|9.B.157.1.3	93.2	162	11	0	1	162	1	162	2.2e-82	301.2
BCW-200669_01129	gnl|TC-DB|D7XN98|8.A.48.1.2	97.0	67	2	0	1	67	24	90	1.2e-31	131.3
BCW-200669_01130	gnl|TC-DB|P46482|8.A.1.7.1	89.0	310	34	0	1	310	1	310	9.1e-154	539.3
BCW-200669_01131	gnl|TC-DB|P46481|2.A.85.1.2	86.0	655	92	0	1	655	1	655	0.0e+00	1116.7
BCW-200669_01144	gnl|TC-DB|P0ACA3|1.A.12.3.1	95.7	211	9	0	1	211	1	211	7.9e-117	416.0
BCW-200669_01156	gnl|TC-DB|P0AF98|1.B.42.1.2	87.4	366	46	0	1	366	1	366	2.4e-177	617.8
BCW-200669_01157	gnl|TC-DB|P0ADC6|1.B.42.1.2	94.2	360	21	0	1	360	1	360	2.9e-188	654.1
BCW-200669_01161	gnl|TC-DB|H1XXZ0|8.A.8.1.5	35.2	88	56	1	3	90	2	88	5.5e-11	63.2
BCW-200669_01163	gnl|TC-DB|P71012|4.A.2.1.4	27.5	149	106	2	8	155	1	148	3.5e-11	64.7
BCW-200669_01166	gnl|TC-DB|P0A9V1|1.B.42.1.2	94.6	241	13	0	1	241	1	241	1.3e-128	455.3
BCW-200669_01167	gnl|TC-DB|P0ADV1|1.B.42.1.2	84.3	185	28	1	1	184	1	185	7.0e-85	309.7
BCW-200669_01168	gnl|TC-DB|P0ADW0|1.B.42.1.2	82.2	191	34	0	1	191	1	191	1.5e-90	328.6
BCW-200669_01171	gnl|TC-DB|P45394|2.A.19.5.1	81.4	323	60	0	1	323	1	323	2.1e-140	495.0
BCW-200669_01172	gnl|TC-DB|P63386|3.A.1.27.3	90.6	266	25	0	1	266	1	266	2.6e-133	471.1
BCW-200669_01173	gnl|TC-DB|P64606|3.A.1.27.3	94.6	260	14	0	1	260	1	260	4.8e-132	466.8
BCW-200669_01174	gnl|TC-DB|P64604|3.A.1.27.3	79.1	182	37	1	1	181	1	182	6.2e-78	286.6
BCW-200669_01175	gnl|TC-DB|P0ADV7|3.A.1.27.3	89.1	211	23	0	1	211	1	211	3.7e-106	380.6
BCW-200669_01176	gnl|TC-DB|P64602|3.A.1.27.3	66.0	97	33	0	1	97	1	97	1.5e-30	128.3
BCW-200669_01183	gnl|TC-DB|E1ILD8|2.A.7.3.18	89.7	321	33	0	1	321	1	321	8.0e-161	562.8
BCW-200669_01191	gnl|TC-DB|P25694|3.A.16.1.2	43.3	252	142	1	140	390	472	723	3.3e-57	219.5
BCW-200669_01194	gnl|TC-DB|P0AG99|3.A.5.1.1	91.8	110	9	0	1	110	1	110	7.7e-47	182.6
BCW-200669_01207	gnl|TC-DB|P38919|3.A.18.1.1	36.3	386	236	3	3	379	27	411	2.1e-64	243.4
BCW-200669_01208	gnl|TC-DB|P0AAD2|2.A.42.1.2	93.2	414	28	0	1	414	1	414	4.8e-219	756.5
BCW-200669_01229	gnl|TC-DB|P26379|4.A.6.1.2	30.8	107	74	0	1	107	1	107	1.5e-13	72.4
BCW-200669_01230	gnl|TC-DB|Q9KIQ2|4.A.6.1.4	93.8	292	18	0	1	292	1	292	5.2e-151	530.0
BCW-200669_01231	gnl|TC-DB|Q9KIQ3|4.A.6.1.4	87.3	259	33	0	1	259	1	259	1.8e-102	368.6
BCW-200669_01232	gnl|TC-DB|Q9KIQ4|4.A.6.1.4	91.7	157	13	0	1	157	13	169	9.8e-80	292.4
BCW-200669_01241	gnl|TC-DB|P0AAD8|2.A.42.2.2	88.7	443	50	0	1	443	1	443	7.2e-221	762.7
BCW-200669_01249	gnl|TC-DB|P64591|9.B.124.1.2	77.1	118	27	0	1	118	1	118	8.1e-58	219.2
BCW-200669_01253	gnl|TC-DB|P64585|1.E.34.2.1	81.5	130	24	0	1	130	1	130	4.2e-52	200.3
BCW-200669_01257	gnl|TC-DB|P0AA63|9.B.27.2.2	94.1	220	13	0	1	220	1	220	2.9e-114	407.5
BCW-200669_01259	gnl|TC-DB|P0AA78|2.A.1.14.2	89.8	431	44	0	1	431	41	471	1.7e-219	758.1
BCW-200669_01262	gnl|TC-DB|P0AGE4|2.A.23.4.1	83.3	412	69	0	2	413	3	414	9.5e-183	636.0
BCW-200669_01263	gnl|TC-DB|P42601|2.A.109.1.7	87.8	319	39	0	1	319	1	319	1.7e-155	545.0
BCW-200669_01270	gnl|TC-DB|P77257|3.A.1.2.8	61.6	492	186	2	4	492	11	502	3.0e-167	584.7
BCW-200669_01271	gnl|TC-DB|P77672|3.A.1.2.8	64.9	339	119	0	1	339	2	340	5.6e-112	400.6
BCW-200669_01272	gnl|TC-DB|P0AFS1|3.A.1.2.8	71.7	321	91	0	1	321	3	323	2.8e-121	431.4
BCW-200669_01273	gnl|TC-DB|P76142|3.A.1.2.8	83.2	334	52	1	4	333	7	340	2.0e-159	558.1
BCW-200669_01285	gnl|TC-DB|Q3YL97|1.B.20.1.3	63.3	537	195	1	24	558	52	588	7.7e-204	706.4
BCW-200669_01286	gnl|TC-DB|917745143|1.C.75.1.2	30.0	3376	1724	80	5	2970	44	3191	5.4e-108	390.6
BCW-200669_01292	gnl|TC-DB|P42915|1.B.11.3.6	33.0	628	400	10	74	698	139	748	3.4e-87	319.3
BCW-200669_01315	gnl|TC-DB|Q9FI56|3.A.9.1.2	45.7	865	387	13	12	856	106	907	6.3e-205	710.7
BCW-200669_01318	gnl|TC-DB|P0AC02|1.B.33.1.3	94.3	245	14	0	1	245	1	245	1.7e-131	464.9
BCW-200669_01327	gnl|TC-DB|P07021|1.B.6.1.21	75.2	161	39	1	1	161	1	160	3.7e-66	247.3
BCW-200669_01334	gnl|TC-DB|P0AGD7|3.A.5.1.1	93.6	453	29	0	1	453	1	453	5.3e-235	809.7
BCW-200669_01335	gnl|TC-DB|P64432|9.B.14.3.6	90.0	260	26	0	26	285	1	260	1.6e-128	455.3
BCW-200669_01336	gnl|TC-DB|P37908|9.A.40.2.4	89.9	407	41	0	7	413	22	428	2.6e-204	707.6
BCW-200669_01341	gnl|TC-DB|P0A937|1.B.33.1.3	89.2	111	12	0	1	111	1	111	2.1e-52	201.1
BCW-200669_01365	gnl|TC-DB|Q9I2M1|3.A.1.109.4	36.0	672	426	3	40	711	42	709	4.0e-115	412.1
BCW-200669_01366	gnl|TC-DB|Q9I2M0|3.A.1.109.4	40.8	368	214	4	29	393	27	393	5.8e-68	254.6
BCW-200669_01384	gnl|TC-DB|A8ANM6|2.A.104.1.1	93.3	149	10	0	1	149	1	149	5.3e-75	276.6
BCW-200669_01391	gnl|TC-DB|P14175|3.A.1.12.1	94.2	399	23	0	1	399	1	399	2.3e-213	737.6
BCW-200669_01392	gnl|TC-DB|P14176|3.A.1.12.1	73.4	354	94	0	1	354	1	354	6.5e-132	466.8
BCW-200669_01393	gnl|TC-DB|P0AFM2|3.A.1.12.1	82.5	331	57	1	1	331	1	330	2.5e-165	577.8
BCW-200669_01394	gnl|TC-DB|P76628|2.A.1.36.3	85.5	392	57	0	1	392	1	392	2.5e-172	601.3
BCW-200669_01396	gnl|TC-DB|P27303|8.A.1.1.1	85.1	390	58	0	1	390	1	390	3.4e-174	607.4
BCW-200669_01397	gnl|TC-DB|P0AEJ0|2.A.1.3.2	93.8	515	29	1	1	515	1	512	1.3e-274	941.4
BCW-200669_01402	gnl|TC-DB|E1P8P0|9.B.27.3.1	88.7	142	16	0	1	142	1	142	1.3e-67	251.9
BCW-200669_01415	gnl|TC-DB|Q5FA63|3.A.1.15.10	40.2	306	158	4	1	285	6	307	2.9e-53	205.3
BCW-200669_01416	gnl|TC-DB|A1IQK4|3.A.1.15.10	53.9	271	124	1	3	273	4	273	1.7e-69	259.2
BCW-200669_01417	gnl|TC-DB|A1IQK5|3.A.1.15.10	41.1	202	118	1	2	202	13	214	2.2e-37	152.1
BCW-200669_01419	gnl|TC-DB|P56579|4.A.4.1.1	96.3	187	7	0	1	187	1	187	2.2e-102	367.9
BCW-200669_01420	gnl|TC-DB|P56580|4.A.4.1.1	91.2	320	26	2	1	319	1	319	6.3e-150	526.6
BCW-200669_01421	gnl|TC-DB|P05706|4.A.4.1.1	78.0	118	26	0	1	118	1	118	1.4e-49	191.8
BCW-200669_01426	gnl|TC-DB|Q9KN48|3.A.23.1.1	41.5	275	153	2	187	461	193	459	1.1e-47	187.6
BCW-200669_01431	gnl|TC-DB|P23516|2.A.52.1.1	53.0	336	154	3	9	340	16	351	2.9e-97	351.7
BCW-200669_01433	gnl|TC-DB|Q5P036|5.A.3.11.1	32.7	171	90	8	5	158	5	167	4.0e-16	81.3
BCW-200669_01435	gnl|TC-DB|P24241|4.A.1.2.3	89.9	473	48	0	1	473	1	473	5.8e-232	799.7
BCW-200669_01436	gnl|TC-DB|Q86Z14|8.A.49.1.2	25.1	491	288	18	4	474	81	511	1.2e-35	147.5
BCW-200669_01439	gnl|TC-DB|P16433|3.D.1.9.2	94.1	255	15	0	1	255	1	255	9.5e-141	495.7
BCW-200669_01440	gnl|TC-DB|P16432|3.D.1.9.2	90.5	179	17	0	1	179	1	179	1.0e-80	295.8
BCW-200669_01441	gnl|TC-DB|P16431|3.D.1.9.2	94.0	569	34	0	1	569	1	569	0.0e+00	1116.3
BCW-200669_01442	gnl|TC-DB|P16430|3.D.1.9.2	85.7	307	44	0	1	307	1	307	4.6e-142	500.4
BCW-200669_01443	gnl|TC-DB|P16429|3.D.1.9.2	77.8	608	131	1	1	604	1	608	5.3e-267	916.4
BCW-200669_01444	gnl|TC-DB|P0AAK3|3.D.1.9.2	87.5	200	25	0	1	200	1	200	6.2e-95	343.2
BCW-200669_01451	gnl|TC-DB|Q9KN48|3.A.23.1.1	42.8	278	156	2	330	606	143	418	5.0e-51	199.1
BCW-200669_01453	gnl|TC-DB|Q7W024|3.A.1.14.20	35.5	313	195	3	31	343	4	309	1.7e-39	159.8
BCW-200669_01454	gnl|TC-DB|Q8GRB0|3.A.1.14.8	38.7	243	146	1	6	245	5	247	6.5e-49	190.7
BCW-200669_01455	gnl|TC-DB|P69367|2.A.1.2.21	28.2	390	254	8	14	397	15	384	1.8e-32	136.7
BCW-200669_01464	gnl|TC-DB|O32182|2.A.1.3.33	21.7	401	254	6	12	353	20	419	5.9e-20	95.1
BCW-200669_01467	gnl|TC-DB|B7LEG0|1.A.34.1.2	76.1	381	82	3	1	374	1	379	3.1e-140	494.6
BCW-200669_01486	gnl|TC-DB|P20166|4.A.1.1.9	46.4	521	253	9	14	519	6	515	8.4e-120	427.2
BCW-200669_01494	gnl|TC-DB|Q93N33|2.A.21.9.2	30.8	273	166	8	265	522	752	1016	7.9e-20	95.9
BCW-200669_01498	gnl|TC-DB|C4ZZU4|2.A.1.14.40	94.4	448	25	0	1	448	1	448	4.1e-248	853.2
BCW-200669_01505	gnl|TC-DB|P0AAD6|2.A.42.2.1	92.5	429	32	0	1	429	1	429	7.3e-218	752.7
BCW-200669_01521	gnl|TC-DB|Q6MDD6|3.A.7.16.1	28.3	569	303	17	40	589	219	701	3.6e-37	152.9
BCW-200669_01531	gnl|TC-DB|Q9HY55|4.A.2.1.17	36.8	568	339	8	170	733	402	953	1.8e-83	307.0
BCW-200669_01535	gnl|TC-DB|P0A9T4|8.A.5.1.5	91.3	346	30	0	1	346	1	346	1.3e-185	645.2
BCW-200669_01536	gnl|TC-DB|P39196|2.A.1.42.1	88.4	363	42	0	1	363	1	363	1.7e-176	615.1
BCW-200669_01537	gnl|TC-DB|P31119|4.C.1.1.16	88.0	718	86	0	1	718	1	718	0.0e+00	1286.2
BCW-200669_01542	gnl|TC-DB|U5MFA1|4.A.3.2.9	93.6	440	26	1	1	440	1	438	2.5e-229	790.8
BCW-200669_01543	gnl|TC-DB|A6VKT0|3.A.1.2.13	24.0	262	192	4	61	318	26	284	4.3e-11	65.5
BCW-200669_01548	gnl|TC-DB|P25733|1.B.11.4.1	28.3	873	586	17	21	884	24	865	1.9e-90	330.5
BCW-200669_01552	gnl|TC-DB|P0AE24|2.A.1.1.2	92.2	472	36	1	1	471	1	472	9.0e-246	845.5
BCW-200669_01557	gnl|TC-DB|Q8XG43|2.A.117.1.3	81.1	148	28	0	1	148	10	157	2.1e-63	238.0
BCW-200669_01558	gnl|TC-DB|P63340|2.A.42.2.5	80.8	407	78	0	1	407	1	407	9.7e-180	625.9
BCW-200669_01566	gnl|TC-DB|O54371|3.A.1.20.1	24.5	261	188	5	15	274	16	268	9.9e-16	81.6
BCW-200669_01567	gnl|TC-DB|Q8TZQ3|3.A.1.1.16	51.2	242	116	1	13	252	13	254	2.8e-66	248.8
BCW-200669_01577	gnl|TC-DB|B7LEG0|1.A.34.1.2	42.7	262	93	3	35	239	116	377	1.0e-51	199.9
BCW-200669_01588	gnl|TC-DB|P67153|1.C.113.1.10	91.3	218	19	0	1	218	1	218	2.2e-109	391.3
BCW-200669_01591	gnl|TC-DB|Q86Z14|8.A.49.1.2	25.8	481	299	15	5	477	80	510	2.8e-37	152.9
BCW-200669_01606	gnl|TC-DB|P11667|2.A.75.1.2	91.0	211	19	0	1	211	1	211	2.7e-109	391.0
BCW-200669_01607	gnl|TC-DB|P0C0S1|1.A.23.2.1	84.8	282	43	0	1	282	1	282	1.2e-115	412.5
BCW-200669_01613	gnl|TC-DB|O24779|1.B.25.1.3	61.8	424	160	2	1	422	2	425	1.1e-149	526.2
BCW-200669_01617	gnl|TC-DB|P0AEP1|2.A.1.1.1	95.1	465	22	1	1	465	1	464	2.4e-251	864.0
BCW-200669_01624	gnl|TC-DB|P24559|3.A.15.2.1	47.1	327	170	1	1	324	1	327	6.1e-76	280.8
BCW-200669_01626	gnl|TC-DB|P64564|9.A.4.1.2	86.2	188	26	0	1	188	1	188	1.9e-85	311.6
BCW-200669_01636	gnl|TC-DB|P0AFF4|2.A.1.10.1	78.9	418	88	0	1	418	1	418	5.8e-188	653.3
BCW-200669_01644	gnl|TC-DB|Q8VS41|2.A.24.2.5	81.2	453	84	1	1	452	1	453	3.8e-209	723.8
BCW-200669_01648	gnl|TC-DB|Q46831|9.B.120.1.1	79.8	238	45	1	1	238	1	235	3.0e-96	347.8
BCW-200669_01654	gnl|TC-DB|P69434|1.B.55.1.1	42.3	792	440	6	54	840	28	807	3.1e-172	602.1
BCW-200669_01656	gnl|TC-DB|P75905|4.D.1.1.3	65.3	438	151	1	1	438	1	437	5.8e-170	593.6
BCW-200669_01659	gnl|TC-DB|O86575|3.A.1.5.34	54.3	317	141	3	8	320	39	355	2.0e-95	345.5
BCW-200669_01660	gnl|TC-DB|P26905|3.A.1.5.2	56.4	319	137	2	1	317	1	319	9.7e-98	353.2
BCW-200669_01661	gnl|TC-DB|P26904|3.A.1.5.2	39.1	276	166	2	6	279	45	320	1.7e-50	196.1
BCW-200669_01662	gnl|TC-DB|P42062|3.A.1.5.20	40.8	314	185	1	1	313	1	314	4.3e-66	248.1
BCW-200669_01663	gnl|TC-DB|P42061|3.A.1.5.20	28.9	501	328	12	39	518	41	534	1.1e-47	187.6
BCW-200669_01669	gnl|TC-DB|P63144|8.A.5.1.3	34.9	324	196	8	13	329	71	386	3.5e-45	178.7
BCW-200669_01674	gnl|TC-DB|P0ABV2|1.A.30.2.1	78.7	141	30	0	1	141	1	141	2.3e-56	214.5
BCW-200669_01675	gnl|TC-DB|P0ABU7|1.A.30.2.1	84.8	244	36	1	1	243	1	244	2.7e-105	377.9
BCW-200669_01677	gnl|TC-DB|P0AA60|9.B.27.2.1	84.9	219	33	0	1	219	1	219	7.2e-105	376.3
BCW-200669_01680	gnl|TC-DB|P80874|8.A.5.1.4	35.3	150	74	7	17	145	15	162	8.7e-15	77.4
BCW-200669_01682	gnl|TC-DB|P36649|1.B.76.1.8	31.8	515	287	10	3	459	1	509	2.3e-63	239.6
BCW-200669_01693	gnl|TC-DB|Q8GRB1|3.A.1.14.8	38.2	322	186	6	28	343	7	321	1.2e-42	170.2
BCW-200669_01694	gnl|TC-DB|Q8GRB2|3.A.1.14.8	42.2	294	155	4	40	325	56	342	1.6e-47	186.4
BCW-200669_01695	gnl|TC-DB|Q9RCF3|3.A.1.14.6	54.3	254	116	0	43	296	21	274	3.3e-76	281.6
BCW-200669_01696	gnl|TC-DB|Q21EL3|1.B.14.1.24	28.7	718	457	19	17	713	16	699	8.7e-59	224.9
BCW-200669_01702	gnl|TC-DB|P02930|1.B.17.1.1	83.8	495	78	1	1	495	1	493	6.0e-216	746.5
BCW-200669_01706	gnl|TC-DB|P0A8H3|2.A.5.5.1	90.3	257	25	0	1	257	1	257	1.0e-113	406.0
BCW-200669_01707	gnl|TC-DB|B7LAC5|1.C.80.1.4	45.7	188	99	3	1	185	1	188	2.1e-33	138.7
BCW-200669_01708	gnl|TC-DB|P75750|1.B.11.2.2	55.5	802	345	8	17	810	17	814	3.3e-264	907.5
BCW-200669_01720	gnl|TC-DB|P60782|9.B.31.1.1	92.7	205	15	0	1	205	1	205	6.5e-108	386.3
BCW-200669_01721	gnl|TC-DB|Q46909|2.A.1.1.95	25.2	432	293	11	47	477	20	422	2.2e-21	100.1
BCW-200669_01727	gnl|TC-DB|Q98CY5|2.A.99.1.3	35.5	169	100	5	7	166	12	180	2.4e-13	72.0
BCW-200669_01762	gnl|TC-DB|P45522|2.A.37.1.2	90.0	601	60	0	1	601	1	601	5.3e-299	1022.7
BCW-200669_01763	gnl|TC-DB|P0A756|2.A.37.1.2	88.0	183	22	0	1	183	2	184	3.0e-96	347.4
BCW-200669_01764	gnl|TC-DB|Q83XH1|3.A.1.121.4	31.0	513	345	4	1	505	1	512	3.8e-74	275.8
BCW-200669_01768	gnl|TC-DB|O32715|2.A.69.3.3	89.0	319	35	0	1	319	1	319	7.4e-151	529.6
BCW-200669_01769	gnl|TC-DB|O06927|3.B.1.1.4	37.8	164	99	2	52	212	63	226	5.3e-25	111.3
BCW-200669_01770	gnl|TC-DB|O06926|3.B.1.1.4	39.9	243	136	2	4	236	9	251	6.2e-45	177.6
BCW-200669_01773	gnl|TC-DB|O06924|3.B.1.1.4	59.2	529	206	2	30	551	29	554	2.9e-187	651.4
BCW-200669_01779	gnl|TC-DB|P45537|2.A.85.1.3	82.2	692	122	1	1	691	5	696	0.0e+00	1138.3
BCW-200669_01784	gnl|TC-DB|P60778|2.A.1.7.14	88.7	388	44	0	1	388	1	388	2.2e-192	667.9
BCW-200669_01797	gnl|TC-DB|Q1R5P6|1.B.22.4.2	74.8	405	102	0	5	409	5	409	1.2e-166	582.4
BCW-200669_01808	gnl|TC-DB|Q9HV74|2.A.21.9.1	28.1	217	138	7	237	437	760	974	3.3e-11	66.2
BCW-200669_01812	gnl|TC-DB|B5XTS8|9.A.8.1.10	89.3	75	8	0	1	75	1	75	8.7e-34	138.7
BCW-200669_01813	gnl|TC-DB|B5XTS7|9.A.8.1.10	88.9	772	86	0	1	772	1	772	0.0e+00	1360.9
BCW-200669_01814	gnl|TC-DB|B5XTS6|9.A.8.1.10	78.5	79	16	1	1	78	1	79	1.2e-30	128.3
BCW-200669_01819	gnl|TC-DB|P39835|2.A.8.1.4	94.1	438	26	0	1	438	1	438	8.5e-214	739.2
BCW-200669_01824	gnl|TC-DB|P09391|9.B.104.1.1	81.8	275	50	0	1	275	1	275	1.2e-133	472.2
BCW-200669_01833	gnl|TC-DB|P67143|2.A.95.1.5	94.4	197	11	0	1	197	1	197	6.1e-95	343.2
BCW-200669_01835	gnl|TC-DB|B3WJF3|2.A.88.8.6	91.8	220	18	0	1	220	1	220	9.5e-113	402.5
BCW-200669_01837	gnl|TC-DB|P37621|2.A.1.46.7	81.2	405	76	0	1	405	1	405	5.1e-181	630.2
BCW-200669_01838	gnl|TC-DB|P0AGM0|2.A.86.1.2	87.1	348	44	1	2	349	3	349	2.5e-160	561.2
BCW-200669_01849	gnl|TC-DB|Q7AA53|2.A.6.8.2	80.6	744	143	1	30	772	5	748	0.0e+00	1148.3
BCW-200669_01856	gnl|TC-DB|P76474|2.A.7.22.1	52.0	125	60	0	3	127	2	126	2.5e-28	121.3
BCW-200669_01857	gnl|TC-DB|P81891|2.A.7.22.2	66.4	110	37	0	1	110	1	110	2.0e-34	141.4
BCW-200669_01858	gnl|TC-DB|G8LJX5|9.B.142.2.2	90.4	551	53	0	1	551	1	551	8.5e-288	985.3
BCW-200669_01861	gnl|TC-DB|P77757|4.D.2.1.8	84.5	322	50	0	19	340	1	322	1.1e-155	545.8
BCW-200669_01866	gnl|TC-DB|E9RJ18|3.A.7.13.2	33.6	110	63	3	80	180	251	359	9.6e-13	70.1
BCW-200669_01868	gnl|TC-DB|Q7B1W8|2.A.109.1.1	81.4	338	63	0	1	338	1	338	6.5e-161	563.1
BCW-200669_01871	gnl|TC-DB|P30130|1.B.11.3.9	41.1	868	450	19	7	830	28	878	1.7e-170	596.3
BCW-200669_01875	gnl|TC-DB|P0AFJ7|2.A.20.1.1	89.0	500	53	2	1	499	1	499	2.2e-250	860.9
BCW-200669_01878	gnl|TC-DB|P0A8S5|9.B.4.1.1	92.8	111	8	0	1	111	1	111	5.9e-55	209.5
BCW-200669_01891	gnl|TC-DB|Q9I2M0|3.A.1.109.4	41.1	401	218	4	13	405	3	393	1.4e-77	286.6
BCW-200669_01892	gnl|TC-DB|Q88RG3|3.A.1.109.3	38.6	730	426	6	1	728	1	710	8.4e-129	457.6
BCW-200669_01904	gnl|TC-DB|P37642|9.B.126.1.1	83.2	339	53	1	1	339	1	335	7.4e-157	549.7
BCW-200669_01905	gnl|TC-DB|P37643|2.A.1.6.10	90.2	440	43	0	1	440	1	440	1.5e-218	755.0
BCW-200669_01906	gnl|TC-DB|P37645|9.B.121.1.1	84.8	686	98	1	1	680	1	686	0.0e+00	1178.3
BCW-200669_01910	gnl|TC-DB|P0A830|2.A.23.1.7	92.8	428	31	0	1	428	1	428	2.3e-216	747.7
BCW-200669_01912	gnl|TC-DB|P37650|1.B.55.3.1	75.1	1169	275	6	1	1165	1	1157	0.0e+00	1627.5
BCW-200669_01913	gnl|TC-DB|P37651|4.D.3.1.6	74.1	367	95	0	1	367	1	367	2.4e-169	591.3
BCW-200669_01914	gnl|TC-DB|P37652|4.D.3.1.6	76.2	793	161	3	1	793	13	777	0.0e+00	1228.8
BCW-200669_01915	gnl|TC-DB|P37653|4.D.3.1.6	87.2	872	111	1	1	871	1	872	0.0e+00	1575.8
BCW-200669_01926	gnl|TC-DB|H8E4X1|9.B.18.1.2	61.1	90	35	0	1	90	429	518	2.0e-27	117.9
BCW-200669_01938	gnl|TC-DB|Q8ID54|3.A.25.2.1	34.9	215	130	4	8	215	89	300	8.4e-25	110.5
BCW-200669_01942	gnl|TC-DB|P0AAP1|9.B.34.1.2	29.7	158	103	4	356	506	210	366	4.4e-12	69.3
BCW-200669_01943	gnl|TC-DB|U5MIE1|4.A.3.2.9	63.4	101	37	0	1	101	1	101	1.1e-26	115.5
BCW-200669_01944	gnl|TC-DB|U5MLJ3|4.A.3.2.9	86.4	103	14	0	1	103	1	103	1.7e-43	171.4
BCW-200669_01949	gnl|TC-DB|Q9ZK21|1.C.82.1.1	50.7	223	110	0	3	225	4	226	4.9e-59	224.2
BCW-200669_01952	gnl|TC-DB|P0AG96|3.A.5.1.1	96.1	127	5	0	1	127	1	127	1.7e-58	221.5
BCW-200669_01958	gnl|TC-DB|P77389|2.A.1.2.65	42.3	378	211	4	5	381	7	378	1.2e-70	263.5
BCW-200669_01969	gnl|TC-DB|P72121|1.B.14.4.1	46.7	647	304	5	43	648	77	723	2.5e-169	592.0
BCW-200669_01979	gnl|TC-DB|P15754|3.A.15.1.1	45.7	197	105	2	9	204	22	217	5.6e-37	151.0
BCW-200669_01994	gnl|TC-DB|P31772|1.B.22.4.1	25.9	313	202	7	268	555	120	427	4.4e-22	102.8
BCW-200669_01999	gnl|TC-DB|Q8F3M7|3.A.15.4.1	40.0	492	281	7	54	536	70	556	3.5e-92	335.5
BCW-200669_02000	gnl|TC-DB|P22609|3.A.15.2.1	24.6	341	254	3	47	384	29	369	7.4e-28	121.3
BCW-200669_02002	gnl|TC-DB|Q9XD71|3.A.15.3.1	39.1	128	73	2	8	134	1	124	3.8e-19	90.9
BCW-200669_02006	gnl|TC-DB|P42064|3.A.1.5.20	51.1	315	151	2	12	323	4	318	1.5e-85	312.8
BCW-200669_02007	gnl|TC-DB|P42065|3.A.1.5.20	51.9	318	149	3	5	318	9	326	5.3e-89	324.3
BCW-200669_02008	gnl|TC-DB|P42061|3.A.1.5.20	25.6	469	293	13	61	491	79	529	3.4e-33	139.4
BCW-200669_02009	gnl|TC-DB|P75798|3.A.1.5.11	45.8	312	161	1	1	312	1	304	1.7e-67	252.7
BCW-200669_02010	gnl|TC-DB|W0WMS8|3.A.1.5.39	43.8	272	147	2	24	289	27	298	4.4e-57	218.0
BCW-200669_02018	gnl|TC-DB|Q56586|3.D.5.1.1	60.6	447	175	1	1	447	1	446	7.2e-160	560.1
BCW-200669_02019	gnl|TC-DB|Q56587|3.D.5.1.1	75.2	411	101	1	1	410	1	411	3.6e-182	634.0
BCW-200669_02020	gnl|TC-DB|Q56582|3.D.5.1.1	57.6	257	105	2	6	262	4	256	2.8e-79	291.6
BCW-200669_02021	gnl|TC-DB|Q57095|3.D.5.1.1	75.9	203	49	0	8	210	5	207	1.3e-79	292.4
BCW-200669_02022	gnl|TC-DB|Q56589|3.D.5.1.1	83.3	198	33	0	1	198	1	198	7.7e-90	326.2
BCW-200669_02023	gnl|TC-DB|Q56584|3.D.5.1.1	78.6	407	87	0	1	407	1	407	5.5e-191	663.3
BCW-200669_02024	gnl|TC-DB|D0WX40|3.D.5.1.1	62.5	64	24	0	1	64	1	64	1.3e-17	84.7
BCW-200669_02030	gnl|TC-DB|P02932|1.B.1.1.2	86.0	351	48	1	1	350	1	351	4.1e-179	623.6
BCW-200669_02034	gnl|TC-DB|P55072|3.A.16.1.1	27.0	296	204	7	57	343	456	748	2.1e-24	109.8
BCW-200669_02037	gnl|TC-DB|P71185|3.A.7.4.1	59.6	250	100	1	15	264	6	254	6.3e-55	210.7
BCW-200669_02039	gnl|TC-DB|P71187|3.A.7.4.1	46.2	225	120	1	16	240	21	244	5.7e-51	198.4
BCW-200669_02050	gnl|TC-DB|P0A754|2.A.37.1.1	41.1	163	94	1	5	167	4	164	1.6e-30	129.0
BCW-200669_02053	gnl|TC-DB|P76242|2.A.1.17.3	53.6	377	174	1	11	386	13	389	6.9e-106	380.6
BCW-200669_02058	gnl|TC-DB|P76249|2.A.76.1.5	31.7	208	135	3	4	210	7	208	1.9e-25	112.5
BCW-200669_02062	gnl|TC-DB|P0AAP1|9.B.34.1.2	29.6	216	127	6	172	384	176	369	3.7e-16	83.2
BCW-200669_02066	gnl|TC-DB|O51919|2.A.1.3.24	53.6	506	234	1	7	512	6	510	9.8e-153	536.6
BCW-200669_02067	gnl|TC-DB|O51918|2.A.1.3.24	46.0	339	182	1	39	376	35	373	7.9e-75	277.3
BCW-200669_02068	gnl|TC-DB|A6XV56|1.B.17.3.6	43.4	465	258	3	35	497	22	483	9.6e-97	350.5
BCW-200669_02071	gnl|TC-DB|D4ZZR3|9.B.34.1.3	36.0	228	132	5	362	585	176	393	1.4e-30	131.0
BCW-200669_02072	gnl|TC-DB|Q1DBZ0|2.A.86.2.2	27.6	341	237	6	12	348	14	348	7.5e-22	101.3
BCW-200669_02073	gnl|TC-DB|Q47689|2.A.3.1.10	92.3	467	35	1	1	466	1	467	1.2e-247	851.7
BCW-200669_02075	gnl|TC-DB|Q47537|3.A.1.17.1	89.4	320	34	0	1	320	1	320	9.4e-162	565.8
BCW-200669_02076	gnl|TC-DB|Q47538|3.A.1.17.1	88.6	255	29	0	1	255	1	255	1.6e-127	451.8
BCW-200669_02077	gnl|TC-DB|Q47539|3.A.1.17.1	80.7	275	53	0	1	275	1	275	8.7e-116	412.9
BCW-200669_02081	gnl|TC-DB|Q8X5H7|1.B.12.2.7	60.4	993	311	17	1	924	1	980	9.9e-305	1042.3
BCW-200669_02085	gnl|TC-DB|P0AFY6|9.A.18.1.1	90.1	406	40	0	1	406	1	406	9.6e-212	732.3
BCW-200669_02091	gnl|TC-DB|P25744|2.A.1.2.20	61.1	393	152	1	3	395	11	402	1.7e-128	455.7
BCW-200669_02095	gnl|TC-DB|P0AAP1|9.B.34.1.2	61.3	367	142	0	1	367	5	371	2.3e-132	468.4
BCW-200669_02108	gnl|TC-DB|P0AD99|2.A.26.1.10	90.4	439	42	0	1	439	1	439	2.5e-221	764.2
BCW-200669_02109	gnl|TC-DB|P37460|2.A.3.1.6	95.0	456	23	0	1	456	1	456	4.2e-248	853.2
BCW-200669_02110	gnl|TC-DB|Q05839|8.A.9.1.1	22.8	486	266	17	177	569	132	601	1.4e-20	97.8
BCW-200669_02117	gnl|TC-DB|P0ADZ7|3.A.5.1.1	96.4	110	4	0	1	110	1	110	7.2e-53	202.6
BCW-200669_02118	gnl|TC-DB|P0AG90|2.A.6.4.1	93.7	604	38	0	1	604	12	615	1.9e-314	1074.7
BCW-200669_02119	gnl|TC-DB|P0AG93|2.A.6.4.1	90.1	323	32	0	1	323	1	323	1.4e-160	562.0
BCW-200669_02122	gnl|TC-DB|P0A927|1.B.10.1.1	92.2	294	23	0	3	296	1	294	3.0e-170	594.0
BCW-200669_02129	gnl|TC-DB|P77735|8.A.5.1.6	88.0	324	39	0	1	324	1	324	2.8e-169	590.9
BCW-200669_02137	gnl|TC-DB|P77726|2.A.1.2.60	84.3	452	71	0	1	452	1	452	1.9e-213	738.0
BCW-200669_02139	gnl|TC-DB|P0ABJ6|3.D.4.5.1	87.2	109	13	1	1	108	1	109	8.0e-49	189.1
BCW-200669_02140	gnl|TC-DB|P0ABJ3|3.D.4.5.1	88.7	204	23	0	1	204	1	204	3.7e-103	370.5
BCW-200669_02141	gnl|TC-DB|P0ABI8|3.D.4.5.1	90.8	663	61	0	1	663	1	663	0.0e+00	1243.8
BCW-200669_02142	gnl|TC-DB|P0ABJ1|3.D.4.5.1	94.9	315	16	0	1	315	1	315	2.3e-173	604.4
BCW-200669_02143	gnl|TC-DB|P0AE16|2.A.1.25.2	84.1	491	78	0	1	491	1	491	1.8e-233	804.7
BCW-200669_02152	gnl|TC-DB|A1EMW4|3.A.11.2.3	56.5	62	27	0	65	126	42	103	9.8e-14	72.8
BCW-200669_02161	gnl|TC-DB|P77265|3.A.1.106.13	87.8	590	72	0	1	590	1	590	6.7e-299	1022.3
BCW-200669_02162	gnl|TC-DB|P0AAG5|3.A.1.106.13	87.4	593	75	0	1	593	1	593	2.7e-287	983.8
BCW-200669_02164	gnl|TC-DB|P69681|1.A.11.1.1	90.4	429	40	1	1	429	1	428	9.5e-194	672.5
BCW-200669_02171	gnl|TC-DB|C7NLF6|2.A.115.2.6	57.4	183	78	0	4	186	38	220	9.1e-54	206.5
BCW-200669_02174	gnl|TC-DB|Q8XSC6|2.A.113.1.3	44.1	374	107	2	1	272	1	374	1.5e-75	279.3
BCW-200669_02184	gnl|TC-DB|P31224|2.A.6.2.2	92.6	1049	77	1	1	1048	1	1049	0.0e+00	1862.0
BCW-200669_02185	gnl|TC-DB|P0AE06|8.A.1.6.1	86.9	397	52	0	1	397	1	397	2.9e-189	657.5
BCW-200669_02187	gnl|TC-DB|P77338|1.A.23.1.1	77.0	1110	255	0	6	1115	9	1118	0.0e+00	1594.7
BCW-200669_02199	gnl|TC-DB|P39830|2.A.37.1.5	93.2	558	38	0	1	558	1	558	1.2e-281	964.9
BCW-200669_02200	gnl|TC-DB|P52067|2.A.1.35.1	92.3	405	31	0	1	405	1	405	6.0e-206	713.0
BCW-200669_02204	gnl|TC-DB|Q59385|3.A.3.5.5	88.2	834	96	2	1	832	1	834	0.0e+00	1377.5
BCW-200669_02207	gnl|TC-DB|P0AA53|8.A.21.2.2	93.7	302	19	0	1	302	1	302	1.6e-115	412.1
BCW-200669_02209	gnl|TC-DB|P77279|3.A.1.139.2	72.3	220	61	0	1	220	1	220	1.6e-91	332.0
BCW-200669_02210	gnl|TC-DB|P77307|3.A.1.139.2	85.3	258	38	0	1	258	1	258	1.1e-115	412.5
BCW-200669_02213	gnl|TC-DB|P0A9T8|3.A.1.122.15	91.7	228	19	0	1	228	1	228	1.5e-113	405.2
BCW-200669_02214	gnl|TC-DB|P77504|3.A.1.122.15	84.2	803	127	0	1	803	1	803	0.0e+00	1312.0
BCW-200669_02215	gnl|TC-DB|B5Y0L3|1.B.1.1.18	88.2	381	45	0	1	381	1	381	4.9e-210	726.5
BCW-200669_02225	gnl|TC-DB|Q57071|4.A.1.1.13	45.8	509	244	5	9	497	4	500	4.3e-121	431.4
BCW-200669_02231	gnl|TC-DB|P30130|1.B.11.3.9	48.3	859	418	9	11	852	28	877	6.0e-232	800.4
BCW-200669_02240	gnl|TC-DB|P21408|3.A.1.10.1	81.4	338	63	0	1	338	1	338	3.6e-156	547.4
BCW-200669_02241	gnl|TC-DB|P21409|3.A.1.10.1	72.9	509	138	0	16	524	19	527	7.0e-207	716.5
BCW-200669_02242	gnl|TC-DB|A1JLH0|3.A.1.10.5	60.2	344	132	2	2	340	4	347	1.7e-113	405.6
BCW-200669_02244	gnl|TC-DB|Q05202|1.B.14.1.15	54.0	705	305	7	31	728	66	758	7.2e-218	753.4
BCW-200669_02245	gnl|TC-DB|P24207|2.A.3.1.1	90.5	461	40	1	1	461	1	457	3.1e-235	810.4
BCW-200669_02248	gnl|TC-DB|P76417|2.A.1.10.4	37.5	405	235	6	21	411	6	406	3.9e-67	251.9
BCW-200669_02252	gnl|TC-DB|P0AAT4|1.A.23.4.5	83.7	411	66	1	1	410	1	411	5.0e-192	666.8
BCW-200669_02253	gnl|TC-DB|D9X7X8|2.A.1.3.38	41.5	460	254	6	9	462	24	474	3.2e-81	298.9
BCW-200669_02265	gnl|TC-DB|A8R5V4|3.A.3.2.41	48.3	868	440	4	35	900	25	885	3.3e-220	761.5
BCW-200669_02266	gnl|TC-DB|P76397|8.A.1.6.2	31.9	332	214	5	31	353	63	391	6.7e-44	174.5
BCW-200669_02267	gnl|TC-DB|Q9I0Y8|2.A.6.2.16	41.6	1039	589	4	4	1024	6	1044	1.5e-213	739.6
BCW-200669_02274	gnl|TC-DB|E0LV84|2.A.85.1.4	27.2	577	398	8	16	574	8	580	1.4e-50	197.6
BCW-200669_02276	gnl|TC-DB|P46482|8.A.1.7.1	39.1	289	168	5	1	285	1	285	1.1e-47	186.8
BCW-200669_02292	gnl|TC-DB|Q53903|2.A.1.3.7	24.2	525	374	7	7	528	12	515	5.2e-16	82.4
BCW-200669_02300	gnl|TC-DB|O86575|3.A.1.5.34	45.6	215	113	2	18	228	65	279	5.1e-48	187.6
BCW-200669_02301	gnl|TC-DB|P45095|3.A.1.5.27	42.4	257	144	3	19	271	21	277	1.1e-46	183.3
BCW-200669_02302	gnl|TC-DB|W0WMS8|3.A.1.5.39	41.4	280	158	1	2	275	19	298	9.6e-54	206.8
BCW-200669_02303	gnl|TC-DB|P77308|3.A.1.5.38	43.8	322	180	1	15	336	14	334	5.9e-66	247.7
BCW-200669_02311	gnl|TC-DB|P0ABC9|2.A.15.1.4	95.0	676	34	0	1	676	1	676	0.0e+00	1270.4
BCW-200669_02317	gnl|TC-DB|P05825|1.B.14.1.22	80.3	757	130	7	1	749	1	746	0.0e+00	1243.8
BCW-200669_02320	gnl|TC-DB|P31552|4.C.1.1.6	22.3	511	328	14	477	951	39	516	4.3e-16	84.0
BCW-200669_02321	gnl|TC-DB|P23878|3.A.1.14.2	87.1	263	34	0	1	263	1	263	1.1e-131	465.7
BCW-200669_02322	gnl|TC-DB|P23877|3.A.1.14.2	77.6	330	74	0	1	330	1	330	7.0e-136	479.9
BCW-200669_02323	gnl|TC-DB|P23876|3.A.1.14.2	82.3	334	59	0	1	334	1	334	1.6e-143	505.4
BCW-200669_02324	gnl|TC-DB|Q8ZR35|2.A.1.38.3	82.0	406	73	0	1	406	1	406	3.9e-184	640.6
BCW-200669_02325	gnl|TC-DB|C8U2V6|3.A.1.14.2	80.5	318	62	0	1	318	1	318	1.5e-143	505.4
BCW-200669_02327	gnl|TC-DB|Q89SS6|2.A.1.42.2	23.5	507	353	15	27	522	632	1114	5.1e-19	92.4
BCW-200669_02331	gnl|TC-DB|P15078|2.A.114.1.1	93.2	701	48	0	1	701	1	701	0.0e+00	1240.7
BCW-200669_02337	gnl|TC-DB|A6VKS8|3.A.1.2.13	38.2	495	301	4	6	499	7	497	2.7e-91	332.4
BCW-200669_02338	gnl|TC-DB|B8H230|3.A.1.2.21	35.8	321	188	5	14	327	16	325	1.1e-37	153.7
BCW-200669_02358	gnl|TC-DB|P0ABP3|2.A.61.1.1	92.3	455	35	0	1	455	1	455	3.6e-223	770.4
BCW-200669_02361	gnl|TC-DB|P37002|1.A.43.1.1	78.5	93	20	0	1	93	35	127	2.0e-40	161.0
BCW-200669_02363	gnl|TC-DB|P0A843|2.A.64.1.1	85.1	67	10	0	1	67	1	67	2.1e-23	104.0
BCW-200669_02370	gnl|TC-DB|P0ABG7|2.A.103.1.2	96.2	370	14	0	1	370	1	370	1.2e-197	685.3
BCW-200669_02376	gnl|TC-DB|P0ADC1|1.B.42.1.2	73.3	165	44	0	1	165	1	165	7.9e-68	253.1
BCW-200669_02380	gnl|TC-DB|P0AAG3|3.A.1.3.4	92.1	241	19	0	1	241	1	241	1.1e-122	435.6
BCW-200669_02381	gnl|TC-DB|P0AER5|3.A.1.3.4	93.3	223	15	0	1	223	1	223	4.9e-109	390.2
BCW-200669_02382	gnl|TC-DB|P0AER3|3.A.1.3.4	89.0	246	27	0	1	246	1	246	1.5e-122	435.3
BCW-200669_02383	gnl|TC-DB|P37902|3.A.1.3.4	91.1	302	26	1	1	301	1	302	5.5e-156	546.6
BCW-200669_02385	gnl|TC-DB|P0A2L3|9.A.40.1.2	94.2	292	17	0	16	307	1	292	7.4e-156	546.2
BCW-200669_02402	gnl|TC-DB|P09323|4.A.1.1.2	55.4	662	259	9	2	657	16	647	8.1e-176	613.6
BCW-200669_02404	gnl|TC-DB|P75733|1.B.25.1.13	83.7	478	61	4	1	471	1	468	2.5e-240	827.4
BCW-200669_02412	gnl|TC-DB|P0AAF1|2.A.3.2.1	92.4	435	33	0	2	436	4	438	3.0e-227	783.9
BCW-200669_02416	gnl|TC-DB|P03961|3.A.3.7.1	69.1	188	58	0	1	188	1	188	4.6e-63	237.3
BCW-200669_02417	gnl|TC-DB|P03960|3.A.3.7.1	91.6	682	57	0	1	682	1	682	0.0e+00	1176.0
BCW-200669_02418	gnl|TC-DB|P03959|3.A.3.7.1	83.8	557	90	0	1	557	1	557	5.1e-264	906.4
BCW-200669_02429	gnl|TC-DB|X5H3P0|3.D.10.1.6	53.1	590	265	8	7	588	12	597	2.4e-171	598.6
BCW-200669_02430	gnl|TC-DB|X5GWN5|3.D.10.1.6	50.9	234	108	5	4	236	27	254	9.0e-69	256.5
BCW-200669_02435	gnl|TC-DB|P0ABJ9|3.D.4.3.2	93.5	522	34	0	1	522	1	522	6.0e-283	969.1
BCW-200669_02436	gnl|TC-DB|P0ABK2|3.D.4.3.2	91.0	379	34	0	1	379	1	379	5.1e-199	689.9
BCW-200669_02437	gnl|TC-DB|P56100|9.B.85.1.1	88.6	35	4	0	1	35	1	35	3.5e-12	65.9
BCW-200669_02438	gnl|TC-DB|P0AAV0|8.A.79.1.1	88.3	94	11	0	3	96	4	97	8.2e-45	175.6
BCW-200669_02440	gnl|TC-DB|P0ABU9|1.A.30.2.2	97.0	230	7	0	1	230	1	230	5.4e-119	423.3
BCW-200669_02441	gnl|TC-DB|P0ABV8|1.A.30.2.2	87.3	142	18	0	1	142	1	142	2.8e-65	244.2
BCW-200669_02442	gnl|TC-DB|P19934|2.C.1.2.1	84.3	127	20	0	307	433	295	421	8.2e-44	174.5
BCW-200669_02443	gnl|TC-DB|P0A855|2.C.1.2.1	94.2	430	25	0	1	430	1	430	1.8e-147	518.8
BCW-200669_02444	gnl|TC-DB|C6EJJ6|2.C.1.2.1	74.0	173	45	0	1	173	1	173	5.4e-63	236.9
BCW-200669_02445	gnl|TC-DB|P45955|2.C.1.2.1	84.7	190	29	0	1	190	1	190	8.2e-71	263.5
BCW-200669_02452	gnl|TC-DB|P24520|4.B.1.1.1	87.0	238	31	0	1	238	1	238	3.2e-114	407.5
BCW-200669_02453	gnl|TC-DB|P75757|2.A.4.1.4	79.4	310	62	1	1	308	1	310	6.8e-141	496.5
BCW-200669_02461	gnl|TC-DB|A7BAX2|3.A.1.26.3	29.3	495	279	19	10	471	246	702	4.2e-28	122.5
BCW-200669_02463	gnl|TC-DB|A6T6J1|2.A.6.2.49	79.6	49	10	0	1	49	1	49	2.0e-15	77.0
BCW-200669_02464	gnl|TC-DB|P37329|3.A.1.8.1	86.3	255	35	0	1	255	1	255	4.5e-122	433.7
BCW-200669_02465	gnl|TC-DB|P0AF01|3.A.1.8.1	92.6	229	17	0	1	229	1	229	3.3e-116	414.1
BCW-200669_02466	gnl|TC-DB|P09833|3.A.1.8.1	87.7	351	43	0	1	351	1	351	3.9e-177	617.1
BCW-200669_02481	gnl|TC-DB|Q9L3S2|3.A.1.4.4	35.8	218	132	4	15	230	5	216	6.0e-28	120.9
BCW-200669_02489	gnl|TC-DB|P0AAC4|1.A.14.2.2	83.8	235	37	1	1	235	1	234	1.0e-101	365.9
BCW-200669_02490	gnl|TC-DB|P75770|4.D.2.4.3	85.5	318	46	0	1	318	1	318	3.2e-154	540.8
BCW-200669_02493	gnl|TC-DB|P0AAW6|9.B.15.1.1	82.2	135	24	0	1	135	1	135	2.9e-56	214.2
BCW-200669_02494	gnl|TC-DB|P0AFP9|3.A.1.105.15	93.2	367	25	0	1	367	1	367	1.3e-194	675.2
BCW-200669_02495	gnl|TC-DB|C6EIY9|3.A.1.105.15	89.7	377	39	0	1	377	1	377	9.0e-188	652.5
BCW-200669_02496	gnl|TC-DB|P0A9U1|3.A.1.105.15	89.6	577	60	0	1	577	1	577	1.5e-303	1037.7
BCW-200669_02497	gnl|TC-DB|P75777|3.A.1.105.15	62.8	331	123	0	1	331	2	332	4.3e-85	311.2
BCW-200669_02499	gnl|TC-DB|O00571|1.I.1.1.3	42.2	398	207	8	2	377	181	577	2.0e-72	269.6
BCW-200669_02503	gnl|TC-DB|P30130|1.B.11.3.9	40.9	851	446	17	35	846	45	877	1.5e-171	599.7
BCW-200669_02511	gnl|TC-DB|P75783|1.A.23.3.2	80.6	741	140	1	1	737	1	741	0.0e+00	1144.0
BCW-200669_02512	gnl|TC-DB|P10346|3.A.1.3.2	96.2	240	9	0	1	240	1	240	1.3e-128	455.3
BCW-200669_02513	gnl|TC-DB|P0AEQ6|3.A.1.3.2	94.5	219	12	0	1	219	1	219	1.1e-110	395.6
BCW-200669_02514	gnl|TC-DB|P0AEQ3|3.A.1.3.2	96.0	248	9	1	1	247	1	248	4.6e-132	466.8
BCW-200669_02516	gnl|TC-DB|P0AA67|2.A.7.3.6	81.0	295	56	0	1	295	1	295	1.6e-131	465.3
BCW-200669_02517	gnl|TC-DB|G0EBV0|1.B.6.2.10	82.1	173	28	2	1	172	1	171	1.4e-74	275.4
BCW-200669_02521	gnl|TC-DB|P75788|2.A.45.2.5	78.6	369	79	0	1	369	1	369	5.2e-164	573.5
BCW-200669_02522	gnl|TC-DB|Q9RQ30|8.A.1.1.2	47.3	129	66	2	235	361	225	353	6.1e-24	108.2
BCW-200669_02523	gnl|TC-DB|P0AEJ0|2.A.1.3.2	36.0	497	306	3	18	513	15	500	5.9e-89	324.7
BCW-200669_02524	gnl|TC-DB|B3PY75|1.B.17.3.8	32.7	504	295	6	1	496	1	468	1.3e-64	243.8
BCW-200669_02525	gnl|TC-DB|P63144|8.A.5.1.3	33.3	330	198	7	1	320	71	388	6.6e-44	174.5
BCW-200669_02526	gnl|TC-DB|Q86Z14|8.A.49.1.2	28.6	465	278	14	6	455	82	507	4.9e-39	158.7
BCW-200669_02527	gnl|TC-DB|U5MFA1|4.A.3.2.9	34.1	425	271	3	14	432	8	429	1.0e-57	220.7
BCW-200669_02531	gnl|TC-DB|Q83XH1|3.A.1.121.4	46.4	526	281	1	1	526	1	525	2.2e-139	492.3
BCW-200669_02533	gnl|TC-DB|P0AA78|2.A.1.14.2	43.5	416	234	1	16	430	42	457	1.6e-100	362.8
BCW-200669_02543	gnl|TC-DB|P75796|3.A.1.5.11	78.9	622	131	0	1	622	1	622	3.1e-278	953.7
BCW-200669_02544	gnl|TC-DB|P75797|3.A.1.5.11	87.1	512	66	0	1	512	1	512	4.4e-262	899.8
BCW-200669_02545	gnl|TC-DB|P75798|3.A.1.5.11	87.6	306	38	0	1	306	1	306	1.2e-153	538.9
BCW-200669_02546	gnl|TC-DB|P75799|3.A.1.5.11	86.8	303	40	0	1	303	1	303	2.7e-134	474.6
BCW-200669_02553	gnl|TC-DB|P94571|9.B.105.1.3	29.6	159	107	2	5	163	1	154	1.1e-14	76.6
BCW-200669_02555	gnl|TC-DB|P0AEY8|2.A.1.2.19	88.5	407	47	0	1	407	1	407	6.3e-203	703.0
BCW-200669_02557	gnl|TC-DB|P75810|2.A.1.60.2	81.5	400	73	1	1	399	1	400	3.2e-175	610.9
BCW-200669_02561	gnl|TC-DB|Q643C2|9.B.97.3.1	25.2	306	207	9	6	289	75	380	6.0e-13	71.6
BCW-200669_02562	gnl|TC-DB|A7ZJR5|2.A.81.1.4	94.1	561	33	0	1	561	1	561	2.4e-301	1030.4
BCW-200669_02568	gnl|TC-DB|P31133|3.A.1.11.2	90.5	370	35	0	1	370	1	370	3.3e-203	703.7
BCW-200669_02569	gnl|TC-DB|P31134|3.A.1.11.2	92.3	377	29	0	1	377	1	377	1.5e-203	704.9
BCW-200669_02570	gnl|TC-DB|P31135|3.A.1.11.2	89.9	317	32	0	1	317	1	317	2.4e-165	577.8
BCW-200669_02571	gnl|TC-DB|P0AFL1|3.A.1.11.2	92.9	281	20	0	1	281	1	281	8.5e-143	502.7
BCW-200669_02576	gnl|TC-DB|P30860|3.A.1.3.3	88.9	243	27	0	1	243	1	243	2.6e-124	441.0
BCW-200669_02577	gnl|TC-DB|P0AE30|3.A.1.3.3	93.2	222	15	0	1	222	1	222	1.3e-101	365.5
BCW-200669_02578	gnl|TC-DB|P0AE34|3.A.1.3.3	95.4	237	11	0	1	237	1	237	2.9e-123	437.6
BCW-200669_02579	gnl|TC-DB|P30859|3.A.1.3.3	92.2	243	19	0	1	243	1	243	1.8e-128	454.9
BCW-200669_02580	gnl|TC-DB|P0AAF6|3.A.1.3.3	93.8	242	15	0	1	242	1	242	2.3e-128	454.5
BCW-200669_02589	gnl|TC-DB|P15644|1.B.22.1.1	53.7	626	271	6	23	632	27	649	3.4e-179	624.8
BCW-200669_02590	gnl|TC-DB|P15645|3.A.15.1.1	60.6	452	176	1	36	487	42	491	1.0e-154	543.1
BCW-200669_02591	gnl|TC-DB|P15745|3.A.15.1.1	42.4	401	209	2	1	401	1	379	2.6e-76	282.3
BCW-200669_02592	gnl|TC-DB|P15746|3.A.15.1.1	71.4	140	40	0	8	147	1	140	6.1e-55	209.9
BCW-200669_02595	gnl|TC-DB|Q9XD68|3.A.15.3.1	28.5	200	122	6	7	186	3	201	4.8e-13	71.2
BCW-200669_02599	gnl|TC-DB|P15754|3.A.15.1.1	52.0	200	95	1	23	222	27	225	1.2e-48	189.9
BCW-200669_02610	gnl|TC-DB|P75826|2.A.124.1.1	86.0	299	42	0	1	299	1	299	1.9e-140	495.0
BCW-200669_02611	gnl|TC-DB|P60844|1.A.8.3.1	90.5	231	22	0	1	231	1	231	1.6e-118	421.8
BCW-200669_02614	gnl|TC-DB|P75830|3.A.1.122.1	82.9	369	60	1	6	371	3	371	2.0e-155	545.0
BCW-200669_02615	gnl|TC-DB|P75831|3.A.1.122.1	86.6	648	85	1	1	646	1	648	5.3e-313	1069.3
BCW-200669_02618	gnl|TC-DB|Q9SXJ7|3.A.9.1.2	38.5	800	402	11	17	737	133	921	3.7e-148	521.9
BCW-200669_02621	gnl|TC-DB|P23886|3.A.1.129.1	81.3	573	107	0	1	573	1	573	2.5e-258	887.5
BCW-200669_02622	gnl|TC-DB|P29018|3.A.1.129.1	84.7	588	90	0	1	588	1	588	4.2e-285	976.5
BCW-200669_02625	gnl|TC-DB|P46889|3.A.12.1.2	78.1	1329	194	10	1	1232	1	1329	0.0e+00	1648.3
BCW-200669_02626	gnl|TC-DB|P61316|1.B.46.1.1	92.1	203	16	0	1	203	1	203	2.1e-106	381.3
BCW-200669_02629	gnl|TC-DB|P18775|5.A.3.3.2	88.6	814	93	0	1	814	1	814	0.0e+00	1523.1
BCW-200669_02630	gnl|TC-DB|P18776|5.A.3.3.2	94.1	205	12	0	1	205	1	205	5.5e-123	436.4
BCW-200669_02631	gnl|TC-DB|P18777|5.A.3.3.2	84.7	287	44	0	1	287	1	287	5.5e-137	483.4
BCW-200669_02632	gnl|TC-DB|P21503|2.A.1.26.1	84.8	381	58	0	1	381	1	381	1.1e-182	635.6
BCW-200669_02636	gnl|TC-DB|P0AC23|1.A.16.1.1	94.0	285	17	0	1	285	1	285	5.4e-153	536.6
BCW-200669_02644	gnl|TC-DB|P44408|3.A.11.2.2	34.4	665	378	13	129	748	133	784	4.1e-91	332.4
BCW-200669_02645	gnl|TC-DB|P60752|3.A.1.106.1	95.2	582	28	0	1	582	1	582	4.3e-298	1019.6
BCW-200669_02660	gnl|TC-DB|Q6RW54|1.B.1.1.12	66.6	362	116	4	2	362	1	358	3.2e-134	474.6
BCW-200669_02664	gnl|TC-DB|B1X8N7|3.A.1.17.10	86.6	253	34	0	1	253	1	253	3.8e-121	430.6
BCW-200669_02665	gnl|TC-DB|P75851|3.A.1.17.10	92.0	261	21	0	1	261	1	261	2.0e-125	444.9
BCW-200669_02667	gnl|TC-DB|P75853|3.A.1.17.10	84.4	315	49	0	3	317	2	316	1.8e-152	535.0
BCW-200669_02673	gnl|TC-DB|P43672|3.A.1.120.6	83.9	634	102	0	1	634	1	634	5.2e-297	1016.1
BCW-200669_02680	gnl|TC-DB|P0A910|1.B.6.1.1	85.2	351	47	2	1	351	1	346	8.7e-169	589.3
BCW-200669_02683	gnl|TC-DB|P75870|2.A.85.1.1	82.3	716	127	0	1	716	1	716	0.0e+00	1186.8
BCW-200669_02684	gnl|TC-DB|P0AB12|9.B.55.1.1	87.8	148	18	0	1	148	1	148	3.9e-70	260.4
BCW-200669_02695	gnl|TC-DB|P0AAC6|1.A.14.2.1	93.6	219	14	0	1	219	1	219	6.5e-106	379.8
BCW-200669_02696	gnl|TC-DB|P06202|3.A.1.5.1	54.7	536	238	3	12	542	8	543	1.2e-169	592.8
BCW-200669_02702	gnl|TC-DB|P39580|2.A.50.2.1	28.8	382	220	15	11	368	35	388	2.8e-32	136.0
BCW-200669_02710	gnl|TC-DB|Q01857|2.A.23.1.3	40.1	364	213	3	47	405	54	417	9.0e-67	250.8
BCW-200669_02722	gnl|TC-DB|Q8PVB2|9.B.125.2.2	33.6	324	188	6	8	318	15	324	9.0e-40	160.6
BCW-200669_02733	gnl|TC-DB|Q05594|3.A.1.23.6	92.2	245	19	0	1	245	1	245	1.1e-125	445.7
BCW-200669_02734	gnl|TC-DB|Q05595|3.A.1.23.6	91.7	36	3	0	58	93	58	93	6.1e-13	69.7
BCW-200669_02735	gnl|TC-DB|Q05598|3.A.1.23.6	78.2	225	49	0	1	225	1	225	3.8e-101	364.0
BCW-200669_02736	gnl|TC-DB|Q05596|3.A.1.23.6	86.0	272	37	1	1	272	1	271	2.7e-133	471.1
BCW-200669_02744	gnl|TC-DB|P16552|2.A.1.5.2	35.0	412	251	3	17	421	18	419	3.2e-64	242.3
BCW-200669_02747	gnl|TC-DB|D8EPC3|1.B.14.16.4	56.8	697	290	6	10	702	7	696	3.4e-233	804.3
BCW-200669_02758	gnl|TC-DB|P76387|8.A.3.3.2	48.0	696	361	1	18	712	18	713	1.0e-184	643.3
BCW-200669_02760	gnl|TC-DB|P0A930|1.B.18.3.1	68.7	374	116	1	4	376	6	379	1.3e-149	525.8
BCW-200669_02761	gnl|TC-DB|P0AC78|9.B.146.1.7	44.3	332	175	5	2	328	8	334	5.6e-59	224.6
BCW-200669_02766	gnl|TC-DB|G3IME2|9.B.35.1.2	31.6	114	69	3	2	107	29	141	5.4e-13	70.1
BCW-200669_02768	gnl|TC-DB|P94575|2.A.39.3.4	32.5	462	307	3	20	478	10	469	6.5e-77	284.6
BCW-200669_02778	gnl|TC-DB|P35113|3.A.1.3.6	32.6	218	137	2	5	212	1	218	2.4e-23	105.5
BCW-200669_02779	gnl|TC-DB|P0AFT2|3.A.1.3.10	32.0	206	140	0	15	220	10	215	8.9e-26	113.6
BCW-200669_02780	gnl|TC-DB|Q9I488|3.A.1.3.21	58.2	239	100	0	3	241	1	239	3.1e-72	268.1
BCW-200669_02783	gnl|TC-DB|Q52398|1.A.26.1.4	55.8	326	142	2	6	330	28	352	1.6e-95	345.9
BCW-200669_02792	gnl|TC-DB|K7QW88|2.A.7.3.52	34.6	269	167	6	17	284	11	271	2.0e-20	96.3
BCW-200669_02793	gnl|TC-DB|P75892|2.A.40.1.3	88.8	439	49	0	1	439	3	441	9.4e-213	735.7
BCW-200669_02803	gnl|TC-DB|P07117|2.A.21.2.1	95.0	500	25	0	1	500	1	500	4.0e-268	919.8
BCW-200669_02805	gnl|TC-DB|P0AFF2|2.A.41.1.1	71.2	400	109	2	1	394	1	400	3.6e-147	517.7
BCW-200669_02806	gnl|TC-DB|P75901|2.A.108.2.3	89.8	274	28	0	1	274	1	274	1.8e-137	485.0
BCW-200669_02807	gnl|TC-DB|P0AB24|2.A.108.2.3	86.9	375	49	0	1	375	1	375	6.0e-184	639.8
BCW-200669_02808	gnl|TC-DB|P31545|2.A.108.2.3	83.5	425	66	1	1	425	1	421	5.0e-211	729.9
BCW-200669_02815	gnl|TC-DB|P0AEX3|2.A.1.6.2	84.7	432	65	1	1	431	1	432	1.2e-207	718.8
BCW-200669_02824	gnl|TC-DB|O00571|1.I.1.1.3	35.2	369	214	8	3	350	179	543	1.3e-49	193.7
BCW-200669_02826	gnl|TC-DB|F9VN10|3.D.10.1.4	35.2	537	310	15	10	522	7	529	2.2e-70	263.1
BCW-200669_02841	gnl|TC-DB|P77272|4.A.1.2.7	39.2	469	253	14	4	447	6	467	3.1e-70	262.3
BCW-200669_02848	gnl|TC-DB|Q9KN48|3.A.23.1.1	43.7	261	136	1	109	369	176	425	7.4e-56	214.5
BCW-200669_02854	gnl|TC-DB|Q47142|2.A.1.27.1	82.9	375	64	0	1	375	1	375	3.4e-179	624.0
BCW-200669_02857	gnl|TC-DB|D7A5Z9|2.A.113.1.7	38.6	223	125	4	68	284	64	280	1.7e-30	129.8
BCW-200669_02865	gnl|TC-DB|P44669|9.A.41.1.1	68.4	617	193	2	1	616	1	616	5.9e-229	790.0
BCW-200669_02873	gnl|TC-DB|Q57071|4.A.1.1.13	37.6	502	292	8	2	500	3	486	7.4e-84	307.8
BCW-200669_02882	gnl|TC-DB|P77774|1.B.33.1.3	81.9	392	71	0	1	392	1	392	1.1e-164	575.9
BCW-200669_02884	gnl|TC-DB|Q5KYD1|2.A.17.1.7	36.5	499	290	11	11	503	16	493	4.6e-78	288.5
BCW-200669_02899	gnl|TC-DB|B8H228|3.A.1.2.21	41.7	302	174	2	7	306	23	324	1.8e-64	242.7
BCW-200669_02900	gnl|TC-DB|B8H229|3.A.1.2.21	54.2	502	225	3	5	506	3	499	3.9e-141	498.0
BCW-200669_02901	gnl|TC-DB|B8H230|3.A.1.2.21	54.5	323	140	2	17	339	16	331	3.5e-90	328.2
BCW-200669_02906	gnl|TC-DB|A8GHT9|2.A.1.36.2	55.0	382	170	2	12	392	20	400	7.3e-103	370.5
BCW-200669_02912	gnl|TC-DB|P64545|9.B.209.1.1	73.6	53	14	0	1	53	7	59	1.0e-18	88.2
BCW-200669_02919	gnl|TC-DB|Q9UEF7|8.A.49.1.1	28.7	487	288	18	4	473	61	505	1.9e-41	166.8
BCW-200669_02921	gnl|TC-DB|P0AGM7|2.A.40.1.1	92.5	425	32	0	1	425	1	425	1.5e-215	745.0
BCW-200669_02925	gnl|TC-DB|P46317|4.A.3.2.2	38.2	432	250	5	1	419	1	428	4.2e-80	295.0
BCW-200669_02929	gnl|TC-DB|P0AFI9|2.A.86.1.1	86.4	353	48	0	1	353	1	353	4.5e-165	577.0
BCW-200669_02933	gnl|TC-DB|P0A903|1.B.33.1.3	86.3	344	47	0	1	344	1	344	2.2e-169	591.3
BCW-200669_02942	gnl|TC-DB|P24177|2.A.6.2.7	90.6	1037	97	0	1	1037	1	1037	0.0e+00	1813.9
BCW-200669_02944	gnl|TC-DB|P23481|3.D.1.9.1	34.9	215	100	4	1	185	1	205	3.9e-29	126.3
BCW-200669_02952	gnl|TC-DB|P76555|9.B.75.2.1	88.0	233	27	1	1	233	1	232	6.9e-114	406.4
BCW-200669_02960	gnl|TC-DB|P41796|9.A.28.1.1	94.1	410	22	1	1	410	1	408	2.4e-210	727.6
BCW-200669_02970	gnl|TC-DB|P76538|9.B.127.1.1	73.6	144	38	0	1	144	1	144	1.8e-59	224.9
BCW-200669_02973	gnl|TC-DB|P16700|3.A.1.6.1	93.2	336	22	1	1	335	1	336	1.5e-181	631.7
BCW-200669_02974	gnl|TC-DB|P16701|3.A.1.6.1	96.8	277	9	0	1	277	1	277	6.9e-145	509.6
BCW-200669_02975	gnl|TC-DB|P0AEB0|3.A.1.6.1	91.4	291	25	0	1	291	1	291	9.8e-150	525.8
BCW-200669_02976	gnl|TC-DB|P16676|3.A.1.6.1	93.7	365	22	1	1	364	1	365	4.6e-197	683.3
BCW-200669_02979	gnl|TC-DB|P69783|4.A.1.1.1	97.6	169	4	0	1	169	1	169	4.7e-88	320.1
BCW-200669_02980	gnl|TC-DB|P08839|8.A.7.1.1	97.6	575	14	0	1	575	1	575	6.8e-312	1065.4
BCW-200669_02981	gnl|TC-DB|P0AA04|8.A.8.1.1	100.0	85	0	0	1	85	1	85	1.4e-40	161.4
BCW-200669_02983	gnl|TC-DB|P0A6J3|2.A.121.1.1	88.1	253	30	0	1	253	1	253	1.0e-134	475.7
BCW-200669_02987	gnl|TC-DB|P39836|2.A.28.3.4	88.3	332	38	1	1	331	1	332	1.0e-158	555.8
BCW-200669_03000	gnl|TC-DB|P0AFF2|2.A.41.1.1	93.5	400	21	1	1	395	1	400	6.1e-195	676.4
BCW-200669_03001	gnl|TC-DB|P0A769|2.A.55.3.1	92.5	412	31	0	1	412	1	412	2.0e-209	724.5
BCW-200669_03003	gnl|TC-DB|P63144|8.A.5.1.3	36.9	309	179	10	13	312	71	372	1.5e-45	179.9
BCW-200669_03005	gnl|TC-DB|H5KWQ5|2.A.49.7.1	80.4	408	80	0	1	408	1	408	1.1e-178	622.5
BCW-200669_03008	gnl|TC-DB|B3XQE5|9.B.33.1.2	31.9	580	350	14	6	551	4	572	2.8e-68	256.1
BCW-200669_03014	gnl|TC-DB|P37327|1.A.16.4.1	85.1	302	45	0	7	308	4	305	1.2e-142	502.3
BCW-200669_03015	gnl|TC-DB|P76506|3.A.1.27.3	88.0	251	29	1	1	250	1	251	1.3e-134	475.3
BCW-200669_03016	gnl|TC-DB|P10384|1.B.9.1.1	76.0	450	94	3	1	440	1	446	6.7e-203	703.0
BCW-200669_03025	gnl|TC-DB|P0AD30|2.A.102.3.1	86.2	269	37	0	1	269	1	269	2.6e-128	454.5
BCW-200669_03030	gnl|TC-DB|P77549|2.A.1.46.6	85.4	391	57	0	1	391	1	391	2.8e-184	641.0
BCW-200669_03035	gnl|TC-DB|P0ABP6|9.B.27.2.3	88.6	219	25	0	1	219	1	219	1.3e-106	382.1
BCW-200669_03039	gnl|TC-DB|P08550|9.B.160.1.16	94.4	162	9	0	1	162	1	162	1.2e-80	295.4
BCW-200669_03042	gnl|TC-DB|P09551|3.A.1.3.1	88.8	260	29	0	1	260	1	260	1.2e-130	462.2
BCW-200669_03043	gnl|TC-DB|P0AEU0|3.A.1.3.29	93.5	260	17	0	1	260	1	260	9.4e-136	479.2
BCW-200669_03044	gnl|TC-DB|P0A2I9|3.A.1.3.1	92.1	228	18	0	1	228	1	228	2.2e-112	401.4
BCW-200669_03045	gnl|TC-DB|P0AEU3|3.A.1.3.29	92.4	238	18	0	1	238	1	238	6.4e-123	436.4
BCW-200669_03046	gnl|TC-DB|P07109|3.A.1.3.29	93.0	257	18	0	1	257	1	257	1.1e-131	465.7
BCW-200669_03051	gnl|TC-DB|B7LBF5|1.A.12.3.2	74.3	214	55	0	1	214	1	214	9.9e-91	329.3
BCW-200669_03055	gnl|TC-DB|B7LDS1|4.A.7.1.2	44.9	147	81	0	1	147	1	147	2.2e-33	138.3
BCW-200669_03056	gnl|TC-DB|B7LDS2|4.A.7.1.2	43.5	85	46	1	1	83	1	85	1.0e-12	68.9
BCW-200669_03057	gnl|TC-DB|B7LDR9|4.A.7.1.2	62.7	410	152	1	12	421	10	418	4.7e-146	514.2
BCW-200669_03065	gnl|TC-DB|P0AFU2|2.A.47.4.8	87.5	610	76	0	1	610	1	610	8.8e-302	1031.9
BCW-200669_03069	gnl|TC-DB|P0AFC3|3.D.1.1.1	93.9	147	8	1	1	146	1	147	1.8e-72	268.1
BCW-200669_03070	gnl|TC-DB|P0AFC7|3.D.1.1.1	96.9	224	3	1	1	224	1	220	5.8e-126	446.4
BCW-200669_03071	gnl|TC-DB|P33599|3.D.1.1.1	95.6	596	26	0	5	600	1	596	0.0e+00	1198.7
BCW-200669_03072	gnl|TC-DB|P0AFD1|3.D.1.1.1	93.4	166	11	0	1	166	1	166	5.0e-90	326.6
BCW-200669_03073	gnl|TC-DB|P31979|3.D.1.1.1	94.6	445	24	0	1	445	1	445	4.7e-260	892.9
BCW-200669_03074	gnl|TC-DB|P33602|3.D.1.1.1	90.7	907	83	1	1	906	1	907	0.0e+00	1692.6
BCW-200669_03075	gnl|TC-DB|P0AFD4|3.D.1.1.1	95.4	323	15	0	1	323	1	323	3.0e-176	614.0
BCW-200669_03076	gnl|TC-DB|P0AFD6|3.D.1.1.1	98.3	180	3	0	1	180	1	180	4.1e-90	327.0
BCW-200669_03077	gnl|TC-DB|P0AFE0|3.D.1.1.1	96.7	184	6	0	1	184	1	184	3.6e-89	323.9
BCW-200669_03078	gnl|TC-DB|P0AFE4|3.D.1.1.1	97.0	100	3	0	1	100	1	100	4.5e-30	126.7
BCW-200669_03079	gnl|TC-DB|P33607|3.D.1.1.1	93.1	613	42	0	1	613	1	613	0.0e+00	1127.5
BCW-200669_03080	gnl|TC-DB|P0AFE8|3.D.1.1.1	93.3	509	34	0	1	509	1	509	5.3e-276	946.0
BCW-200669_03081	gnl|TC-DB|P0AFF0|3.D.1.1.1	92.6	485	36	0	1	485	1	485	5.8e-248	852.8
BCW-200669_03092	gnl|TC-DB|Q8XE01|1.B.68.1.1	77.2	180	40	1	1	179	8	187	1.0e-80	295.8
BCW-200669_03097	gnl|TC-DB|P08194|2.A.1.4.3	95.2	421	20	0	1	421	1	421	4.4e-242	833.2
BCW-200669_03107	gnl|TC-DB|D6QLX8|1.B.1.1.19	80.6	377	57	4	1	371	1	367	9.5e-174	605.9
BCW-200669_03111	gnl|TC-DB|P33941|3.A.1.113.3	91.0	547	49	0	1	547	1	547	1.4e-282	968.0
BCW-200669_03112	gnl|TC-DB|Q5SMG8|1.A.26.1.2	30.4	339	233	2	141	477	110	447	1.1e-41	167.5
BCW-200669_03113	gnl|TC-DB|Q1J2S8|2.A.53.3.13	49.1	377	189	2	26	402	23	396	6.7e-88	320.9
BCW-200669_03117	gnl|TC-DB|B2JBG5|2.A.1.59.2	50.7	381	188	0	7	387	16	396	1.0e-96	350.1
BCW-200669_03120	gnl|TC-DB|A8YQR9|3.A.23.2.1	26.5	475	306	12	1	445	1	462	3.6e-26	115.9
BCW-200669_03122	gnl|TC-DB|P13794|1.B.6.1.2	42.2	116	67	0	433	548	234	349	3.6e-15	79.7
BCW-200669_03124	gnl|TC-DB|Q6EE14|3.A.23.2.1	47.2	882	417	9	46	907	8	860	5.2e-205	711.1
BCW-200669_03135	gnl|TC-DB|Q9KN55|3.A.23.1.1	35.3	581	340	15	7	567	5	569	1.5e-80	297.0
BCW-200669_03148	gnl|TC-DB|P28246|2.A.1.2.7	88.4	395	46	0	1	395	1	395	1.5e-193	671.8
BCW-200669_03150	gnl|TC-DB|P33916|3.A.1.5.21	80.8	527	101	0	1	527	1	527	5.4e-239	823.2
BCW-200669_03151	gnl|TC-DB|P33915|3.A.1.5.21	83.9	341	55	0	1	341	1	341	6.7e-150	526.6
BCW-200669_03152	gnl|TC-DB|P0AFU1|3.A.1.5.21	94.0	364	22	0	1	364	1	364	2.4e-193	671.0
BCW-200669_03153	gnl|TC-DB|Q8ZNK0|3.A.1.5.24	78.9	601	127	0	1	601	1	601	6.2e-300	1025.8
BCW-200669_03155	gnl|TC-DB|E9RJ18|3.A.7.13.2	36.3	91	53	2	94	180	271	360	6.8e-11	63.9
BCW-200669_03161	gnl|TC-DB|P33026|2.A.1.20.2	84.0	393	63	0	1	393	1	393	5.9e-190	659.8
BCW-200669_03162	gnl|TC-DB|P69811|4.A.2.1.1	89.6	376	39	0	1	376	1	376	4.9e-186	646.7
BCW-200669_03164	gnl|TC-DB|P20966|4.A.2.1.1	90.4	563	52	2	1	561	1	563	9.4e-250	859.0
BCW-200669_03166	gnl|TC-DB|P62723|2.A.98.1.3	87.1	349	44	1	1	348	1	349	7.5e-165	576.2
BCW-200669_03168	gnl|TC-DB|P25737|2.A.3.1.2	92.8	488	35	0	1	488	1	488	3.4e-264	906.7
BCW-200669_03169	gnl|TC-DB|P17315|1.B.14.1.4	34.9	668	370	18	26	661	29	663	4.1e-95	345.5
BCW-200669_03171	gnl|TC-DB|Q9I3T2|2.A.1.51.4	46.8	372	194	3	7	375	14	384	2.5e-76	282.3
BCW-200669_03173	gnl|TC-DB|P25747|9.B.169.1.2	80.0	385	77	0	1	385	1	385	9.8e-182	632.5
BCW-200669_03175	gnl|TC-DB|P0AEE5|3.A.1.2.3	95.2	332	16	0	1	332	1	332	2.3e-179	624.4
BCW-200669_03176	gnl|TC-DB|P0AAG8|3.A.1.2.3	96.0	506	20	0	1	506	1	506	6.4e-282	965.7
BCW-200669_03177	gnl|TC-DB|P23200|3.A.1.2.3	93.8	336	21	0	1	336	1	336	1.1e-165	578.9
BCW-200669_03179	gnl|TC-DB|P0AFY2|9.B.114.1.1	88.3	239	28	0	1	239	1	239	3.3e-119	424.1
BCW-200669_03181	gnl|TC-DB|C6EAH0|2.A.122.1.1	90.0	231	23	0	1	231	1	231	7.1e-111	396.4
BCW-200669_03182	gnl|TC-DB|F4V3T5|1.E.14.1.4	89.8	128	13	0	1	128	4	131	6.1e-43	169.9
BCW-200669_03187	gnl|TC-DB|P08722|4.A.1.2.2	56.6	620	258	1	6	614	4	623	2.3e-201	698.4
BCW-200669_03189	gnl|TC-DB|P33369|1.B.17.3.10	69.8	463	135	2	12	469	14	476	8.3e-175	609.8
BCW-200669_03191	gnl|TC-DB|E4PCL6|9.B.27.2.7	81.5	189	35	0	1	189	1	189	4.5e-87	317.0
BCW-200669_03192	gnl|TC-DB|J2MRK2|9.B.29.3.1	40.7	182	108	0	7	188	8	189	9.8e-37	149.8
BCW-200669_03197	gnl|TC-DB|P33362|3.A.1.12.15	86.6	305	41	0	1	305	1	305	5.8e-145	510.0
BCW-200669_03198	gnl|TC-DB|P33361|3.A.1.12.15	61.7	379	145	0	7	385	7	385	1.9e-121	432.2
BCW-200669_03199	gnl|TC-DB|P33360|3.A.1.12.15	82.4	306	53	1	1	306	1	305	1.8e-141	498.4
BCW-200669_03200	gnl|TC-DB|P33359|3.A.1.12.15	79.4	243	50	0	1	243	1	243	1.5e-98	355.5
BCW-200669_03203	gnl|TC-DB|Q81JL2|9.B.33.1.1	30.8	581	363	10	5	555	3	574	3.4e-74	275.8
BCW-200669_03207	gnl|TC-DB|A0L4L0|3.A.1.132.3	38.7	349	183	7	12	350	2	329	2.1e-56	216.1
BCW-200669_03209	gnl|TC-DB|P64534|2.A.113.1.1	63.4	112	39	1	1	110	1	112	1.7e-33	138.3
BCW-200669_03210	gnl|TC-DB|P0A932|1.B.18.3.8	73.9	379	98	1	7	385	1	378	3.3e-161	564.3
BCW-200669_03212	gnl|TC-DB|P38134|8.A.3.3.1	57.3	698	298	0	15	712	14	711	2.6e-223	771.5
BCW-200669_03213	gnl|TC-DB|P31440|2.A.40.7.4	33.3	432	286	2	3	434	4	433	3.2e-67	252.3
BCW-200669_03220	gnl|TC-DB|P30000|2.A.1.5.3	39.5	408	239	6	10	413	12	415	4.1e-77	285.0
BCW-200669_03229	gnl|TC-DB|P76417|2.A.1.10.4	90.8	425	39	0	1	425	1	425	4.3e-223	770.0
BCW-200669_03237	gnl|TC-DB|P36554|2.A.1.3.26	81.9	469	85	0	1	469	1	469	4.8e-215	743.4
BCW-200669_03238	gnl|TC-DB|P76399|2.A.6.2.12	91.8	1024	84	0	1	1024	1	1024	0.0e+00	1782.7
BCW-200669_03239	gnl|TC-DB|P76398|2.A.6.2.12	89.8	1040	106	0	1	1040	1	1040	0.0e+00	1753.4
BCW-200669_03240	gnl|TC-DB|P76397|8.A.1.6.2	84.5	400	60	1	1	400	1	398	3.2e-175	610.9
BCW-200669_03243	gnl|TC-DB|Q1J0W6|9.B.34.1.1	35.9	167	95	4	683	848	190	345	9.3e-15	79.3
BCW-200669_03246	gnl|TC-DB|P28249|9.B.22.2.1	71.5	617	175	1	1	616	1	617	2.8e-255	877.5
BCW-200669_03247	gnl|TC-DB|L5DDD7|2.A.109.2.3	86.1	527	73	0	1	527	370	896	1.7e-253	871.3
BCW-200669_03248	gnl|TC-DB|P0A930|1.B.18.3.1	93.4	379	25	0	1	379	1	379	3.0e-207	717.2
BCW-200669_03250	gnl|TC-DB|P76387|8.A.3.3.2	86.5	720	97	0	1	720	1	720	0.0e+00	1199.9
BCW-200669_03263	gnl|TC-DB|G0CIY2|9.B.18.1.1	39.0	464	258	11	19	464	28	484	6.5e-79	291.2
BCW-200669_03264	gnl|TC-DB|P77377|2.A.66.2.7	88.2	492	58	0	1	492	1	492	8.0e-237	815.8
BCW-200669_03296	gnl|TC-DB|P0AA47|2.A.3.1.14	88.1	452	54	0	1	452	1	452	3.3e-229	790.4
BCW-200669_03300	gnl|TC-DB|P33011|2.A.85.7.1	74.1	352	91	0	1	352	1	352	5.8e-157	550.1
BCW-200669_03304	gnl|TC-DB|D5CJ69|2.A.66.1.22	93.5	461	30	0	13	473	2	462	2.6e-245	844.0
BCW-200669_03308	gnl|TC-DB|P76350|2.A.1.6.6	90.8	435	40	0	1	435	1	435	2.1e-228	787.7
BCW-200669_03314	gnl|TC-DB|P76628|2.A.1.36.3	31.3	374	253	2	10	379	8	381	3.1e-37	152.5
BCW-200669_03315	gnl|TC-DB|Q9SUQ7|2.A.37.4.2	28.8	420	284	6	1	412	32	444	2.5e-37	152.9
BCW-200669_03331	gnl|TC-DB|Q7CGN6|1.B.14.9.3	79.9	730	142	2	1	729	1	726	0.0e+00	1207.6
BCW-200669_03343	gnl|TC-DB|P40729|3.A.6.2.1	71.4	697	193	2	1	696	1	692	2.0e-281	964.5
BCW-200669_03344	gnl|TC-DB|P40727|3.A.6.2.1	52.8	341	161	0	1	341	38	378	2.9e-92	335.1
BCW-200669_03350	gnl|TC-DB|P15928|3.A.6.2.1	49.7	563	272	6	1	557	1	558	3.7e-145	511.5
BCW-200669_03353	gnl|TC-DB|P26465|3.A.6.2.1	73.6	458	113	3	1	452	1	456	2.9e-185	644.4
BCW-200669_03358	gnl|TC-DB|P26419|3.A.6.2.1	65.2	138	36	2	1	127	1	137	4.3e-41	163.7
BCW-200669_03359	gnl|TC-DB|P0A1L1|3.A.6.2.1	47.9	117	57	3	3	116	6	121	8.7e-15	76.3
BCW-200669_03360	gnl|TC-DB|P54700|3.A.6.2.1	61.2	240	88	2	6	243	9	245	4.9e-70	260.8
BCW-200669_03361	gnl|TC-DB|P0A1L5|3.A.6.2.1	57.3	89	38	0	1	89	1	89	9.6e-24	105.5
BCW-200669_03362	gnl|TC-DB|P54702|3.A.6.2.1	49.0	243	123	1	17	258	16	258	2.2e-60	228.8
BCW-200669_03386	gnl|TC-DB|Q15HU6|3.A.7.14.2	39.4	142	80	2	146	285	47	184	1.8e-24	109.8
BCW-200669_03389	gnl|TC-DB|M3JA40|1.B.52.2.1	44.9	107	59	0	333	439	268	374	5.3e-16	82.4
BCW-200669_03393	gnl|TC-DB|P09348|1.A.30.1.1	66.7	285	95	0	1	285	1	285	4.1e-103	370.9
BCW-200669_03394	gnl|TC-DB|P0AF06|1.A.30.1.1	49.5	281	140	2	1	279	1	281	7.9e-70	260.4
BCW-200669_03399	gnl|TC-DB|P16482|2.A.1.6.1	89.6	434	40	1	3	431	11	444	1.5e-210	728.4
BCW-200669_03401	gnl|TC-DB|P39414|2.A.47.3.3	50.5	473	234	0	29	501	13	485	5.8e-134	474.2
BCW-200669_03407	gnl|TC-DB|Q56111|1.B.1.1.22	63.2	391	124	6	1	379	1	383	1.9e-137	485.3
BCW-200669_03411	gnl|TC-DB|p0aa70|2.A.7.3.22	88.6	298	34	0	1	298	1	298	3.1e-146	514.2
BCW-200669_03414	gnl|TC-DB|P76330|9.B.34.1.4	60.4	563	221	2	1	562	1	562	4.3e-194	674.1
BCW-200669_03419	gnl|TC-DB|P54702|3.A.6.2.1	79.2	259	54	0	1	259	1	259	9.1e-115	409.5
BCW-200669_03420	gnl|TC-DB|P0A1L5|3.A.6.2.1	89.9	89	9	0	1	89	1	89	7.6e-37	149.1
BCW-200669_03421	gnl|TC-DB|P54700|3.A.6.2.1	91.4	245	21	0	1	245	1	245	1.6e-116	415.2
BCW-200669_03422	gnl|TC-DB|P0A1L1|3.A.6.2.1	70.2	124	37	0	1	124	2	125	1.0e-39	159.1
BCW-200669_03423	gnl|TC-DB|P26419|3.A.6.2.1	95.6	137	6	0	1	137	1	137	1.3e-67	251.9
BCW-200669_03428	gnl|TC-DB|P26465|3.A.6.2.1	94.1	456	27	0	1	456	1	456	6.3e-244	839.3
BCW-200669_03429	gnl|TC-DB|P15934|3.A.6.2.1	85.5	235	34	0	1	235	1	235	8.3e-75	276.6
BCW-200669_03431	gnl|TC-DB|P15928|3.A.6.2.1	81.4	560	102	1	1	558	1	560	3.2e-250	860.5
BCW-200669_03442	gnl|TC-DB|P0AEM9|3.A.1.3.10	91.4	266	23	0	1	266	1	266	3.3e-136	480.7
BCW-200669_03444	gnl|TC-DB|P0AFT2|3.A.1.3.10	93.2	222	15	0	1	222	1	222	6.8e-111	396.4
BCW-200669_03445	gnl|TC-DB|P37774|3.A.1.3.10	92.4	250	19	0	1	250	1	250	3.4e-127	450.7
BCW-200669_03450	gnl|TC-DB|K0WKG7|4.F.1.1.8	60.9	174	66	1	4	175	2	175	1.7e-51	198.7
BCW-200669_03454	gnl|TC-DB|P22731|3.A.1.4.1	57.8	237	100	0	1	237	1	237	9.7e-71	263.1
BCW-200669_03455	gnl|TC-DB|P21629|3.A.1.4.8	50.9	285	106	3	1	283	1	253	5.7e-73	270.8
BCW-200669_03456	gnl|TC-DB|P21628|3.A.1.4.8	53.7	415	176	7	7	413	4	410	7.4e-106	380.6
BCW-200669_03457	gnl|TC-DB|P0AEX7|3.A.1.4.1	55.6	302	133	1	4	304	7	308	1.6e-86	315.8
BCW-200669_03458	gnl|TC-DB|Q9L3M3|3.A.1.4.3	46.3	354	186	3	11	363	8	358	2.7e-88	322.0
BCW-200669_03460	gnl|TC-DB|P0AAD4|2.A.42.1.1	81.6	380	70	0	1	380	24	403	5.7e-174	606.7
BCW-200669_03464	gnl|TC-DB|P0ABN9|2.A.13.1.2	54.7	446	198	1	1	446	2	443	1.4e-134	476.1
BCW-200669_03466	gnl|TC-DB|P02924|3.A.1.2.2	95.7	329	14	0	1	329	1	329	3.8e-182	633.6
BCW-200669_03467	gnl|TC-DB|P0AAF3|3.A.1.2.2	87.9	504	61	0	1	504	1	504	9.6e-262	898.7
BCW-200669_03468	gnl|TC-DB|P0AE26|3.A.1.2.2	93.3	328	22	0	1	328	1	328	2.5e-149	524.6
BCW-200669_03474	gnl|TC-DB|P09348|1.A.30.1.1	92.9	295	21	0	1	295	1	295	6.4e-149	523.1
BCW-200669_03475	gnl|TC-DB|P0AF06|1.A.30.1.1	85.8	309	43	1	1	309	1	308	1.8e-149	525.0
BCW-200669_03478	gnl|TC-DB|P96603|2.A.23.1.6	33.9	419	257	6	7	418	7	412	2.4e-64	242.7
BCW-200669_03482	gnl|TC-DB|Q6XBY3|1.B.11.6.1	35.8	830	476	15	9	792	10	828	3.3e-139	492.3
BCW-200669_03491	gnl|TC-DB|P40727|3.A.6.2.1	86.2	383	52	1	1	382	1	383	4.1e-188	653.7
BCW-200669_03492	gnl|TC-DB|P40729|3.A.6.2.1	95.5	692	31	0	1	692	1	692	0.0e+00	1239.6
BCW-200669_03496	gnl|TC-DB|P67826|9.B.158.1.2	72.7	245	67	0	1	245	1	245	8.4e-102	366.3
BCW-200669_03508	gnl|TC-DB|P39832|3.A.1.15.5	91.6	261	22	0	1	261	1	261	3.0e-110	394.4
BCW-200669_03509	gnl|TC-DB|P0A9X1|3.A.1.15.5	90.4	251	24	0	1	251	1	251	2.6e-127	451.1
BCW-200669_03510	gnl|TC-DB|P39172|3.A.1.15.5	80.3	314	58	1	6	319	1	310	1.5e-138	488.8
BCW-200669_03511	gnl|TC-DB|B7L5V2|1.A.34.1.3	41.0	210	118	2	198	407	14	217	4.3e-40	162.2
BCW-200669_03526	gnl|TC-DB|Q4KDN3|9.B.62.1.5	43.5	108	61	0	15	122	13	120	1.4e-17	85.5
BCW-200669_03527	gnl|TC-DB|P76278|9.B.62.1.4	53.4	290	134	1	1	289	1	290	4.9e-77	284.3
BCW-200669_03537	gnl|TC-DB|P23865|9.B.174.1.2	91.6	682	57	0	1	682	1	682	0.0e+00	1239.2
BCW-200669_03538	gnl|TC-DB|P23894|9.B.1.1.6	94.2	293	17	0	1	293	1	293	6.4e-149	523.1
BCW-200669_03539	gnl|TC-DB|P76269|2.A.1.3.17	81.6	457	84	0	1	457	1	457	4.0e-206	713.8
BCW-200669_03548	gnl|TC-DB|P76264|2.A.107.1.1	88.8	188	21	0	1	188	1	188	5.4e-93	336.7
BCW-200669_03550	gnl|TC-DB|P69805|4.A.6.1.1	91.9	283	23	0	1	283	4	286	2.0e-147	518.1
BCW-200669_03551	gnl|TC-DB|P69801|4.A.6.1.1	94.4	266	15	0	1	266	1	266	4.9e-132	466.8
BCW-200669_03552	gnl|TC-DB|P69797|4.A.6.1.1	93.5	323	19	1	1	321	1	323	9.4e-162	565.8
BCW-200669_03553	gnl|TC-DB|L5DDD7|2.A.109.2.3	50.1	521	242	9	1	509	370	884	6.9e-122	434.1
BCW-200669_03563	gnl|TC-DB|P69451|4.C.1.1.4	93.9	561	34	0	12	572	1	561	1.3e-313	1071.2
BCW-200669_03571	gnl|TC-DB|P0A6M2|5.A.2.1.1	77.3	176	40	0	1	176	1	176	5.6e-84	306.6
BCW-200669_03572	gnl|TC-DB|P0AFA7|2.A.34.1.1	76.9	511	117	1	1	510	1	511	6.4e-213	736.5
BCW-200669_03577	gnl|TC-DB|P76007|2.A.36.6.11	90.5	577	55	0	1	577	1	577	1.8e-296	1014.2
BCW-200669_03581	gnl|TC-DB|A6TAG3|1.E.43.1.1	65.9	82	27	1	1	82	1	81	6.3e-25	109.4
BCW-200669_03582	gnl|TC-DB|P06971|1.B.14.1.2	31.7	731	442	19	17	700	27	747	2.2e-86	316.6
BCW-200669_03584	gnl|TC-DB|P31435|2.A.2.3.4	40.1	446	264	3	4	448	3	446	1.8e-102	369.4
BCW-200669_03585	gnl|TC-DB|P77076|1.B.15.1.1	63.9	382	129	4	80	459	90	464	1.0e-148	523.1
BCW-200669_03587	gnl|TC-DB|P0ADL1|2.A.1.2.26	47.7	386	200	1	8	393	11	394	2.5e-87	318.9
BCW-200669_03593	gnl|TC-DB|P07658|3.D.1.9.2	29.6	365	219	9	114	463	61	402	1.3e-39	161.4
BCW-200669_03596	gnl|TC-DB|Q9KN51|3.A.23.1.1	35.7	445	284	2	1	444	1	444	3.0e-81	298.9
BCW-200669_03597	gnl|TC-DB|Q9KN50|3.A.23.1.1	35.9	223	135	5	20	238	37	255	3.6e-33	139.0
BCW-200669_03598	gnl|TC-DB|Q9KN45|3.A.23.1.1	25.3	1213	792	31	23	1198	31	1166	1.7e-91	334.3
BCW-200669_03601	gnl|TC-DB|Q6EE21|3.A.23.2.1	45.9	159	85	1	4	161	3	161	5.8e-33	137.1
BCW-200669_03602	gnl|TC-DB|Q6EE20|3.A.23.2.1	50.0	466	225	3	32	492	28	490	8.9e-135	476.9
BCW-200669_03613	gnl|TC-DB|Q6EE16|3.A.23.2.1	34.7	632	378	15	4	622	3	612	1.4e-89	327.0
BCW-200669_03615	gnl|TC-DB|Q6EE14|3.A.23.2.1	53.2	857	392	3	9	862	8	858	3.6e-248	854.4
BCW-200669_03619	gnl|TC-DB|A8YQR5|3.A.23.2.1	38.0	505	303	8	5	506	12	509	2.0e-86	316.6
BCW-200669_03633	gnl|TC-DB|P0AFR2|2.A.53.3.11	90.9	559	51	0	1	559	1	559	1.1e-255	878.6
BCW-200669_03636	gnl|TC-DB|P61320|1.B.46.1.1	83.6	201	33	0	3	203	7	207	3.2e-99	357.5
BCW-200669_03642	gnl|TC-DB|P31801|2.A.19.1.1	91.3	366	32	0	1	366	1	366	2.7e-173	604.4
BCW-200669_03649	gnl|TC-DB|Q44292|3.A.1.16.4	38.5	444	236	12	1	412	1	439	3.9e-75	278.5
BCW-200669_03650	gnl|TC-DB|Q7BW13|3.A.1.16.2	48.7	267	125	4	26	289	2	259	2.0e-65	245.7
BCW-200669_03651	gnl|TC-DB|P38045|3.A.1.16.1	54.9	257	114	2	1	256	1	256	6.4e-76	280.4
BCW-200669_03654	gnl|TC-DB|P39165|1.B.54.1.9	62.7	451	168	0	26	476	13	463	2.4e-169	591.7
BCW-200669_03657	gnl|TC-DB|P10903|2.A.1.8.1	85.7	463	66	0	1	463	1	463	7.8e-234	805.8
BCW-200669_03658	gnl|TC-DB|P09152|5.A.3.1.1	93.8	1247	77	0	1	1247	1	1247	0.0e+00	2488.8
BCW-200669_03659	gnl|TC-DB|P11349|5.A.3.1.1	93.2	511	34	1	1	510	1	511	1.9e-294	1007.3
BCW-200669_03661	gnl|TC-DB|P11350|5.A.3.1.1	90.2	224	22	0	1	224	1	224	3.8e-117	417.2
BCW-200669_03673	gnl|TC-DB|P25743|2.A.95.1.7	92.6	215	16	0	1	215	1	215	2.7e-104	374.4
BCW-200669_03674	gnl|TC-DB|P06202|3.A.1.5.1	91.0	543	49	0	1	543	1	543	5.6e-300	1025.8
BCW-200669_03675	gnl|TC-DB|P0AFH2|3.A.1.5.41	96.1	306	12	0	1	306	1	306	2.3e-149	524.6
BCW-200669_03676	gnl|TC-DB|P08006|3.A.1.5.1	96.0	302	12	0	1	302	1	302	5.6e-140	493.4
BCW-200669_03677	gnl|TC-DB|P76027|3.A.1.5.41	91.4	337	29	0	1	337	1	337	4.1e-176	613.6
BCW-200669_03678	gnl|TC-DB|P77737|3.A.1.5.41	95.2	334	16	0	1	334	1	334	1.8e-187	651.4
BCW-200669_03679	gnl|TC-DB|Q1D027|1.A.1.24.3	39.6	270	153	5	20	287	14	275	1.4e-39	159.8
BCW-200669_03682	gnl|TC-DB|P76249|2.A.76.1.5	74.3	210	54	0	1	210	1	210	1.3e-82	302.4
BCW-200669_03685	gnl|TC-DB|P02929|2.C.1.1.1	71.7	240	67	1	6	245	1	239	1.7e-54	209.1
BCW-200669_03690	gnl|TC-DB|P0A915|1.B.39.1.6	79.2	212	42	2	1	210	1	212	1.4e-97	352.1
BCW-200669_03692	gnl|TC-DB|P31064|9.B.102.1.1	87.9	396	48	0	1	396	1	396	2.6e-209	724.2
BCW-200669_03704	gnl|TC-DB|M4VAL8|8.A.21.2.4	29.5	166	114	2	136	298	74	239	1.3e-12	70.5
BCW-200669_03706	gnl|TC-DB|Q07711|3.A.7.7.1	25.0	641	406	23	80	674	77	688	3.6e-30	130.2
BCW-200669_03720	gnl|TC-DB|D4ZZR3|9.B.34.1.3	26.8	179	110	3	228	393	225	395	2.1e-14	77.4
BCW-200669_03724	gnl|TC-DB|W9BHF5|2.A.6.2.49	84.2	1024	162	0	1	1024	1	1024	0.0e+00	1627.8
BCW-200669_03729	gnl|TC-DB|P0AAH8|3.A.1.5.42	93.7	268	17	0	1	268	1	268	4.5e-141	496.9
BCW-200669_03730	gnl|TC-DB|P36636|3.A.1.5.5	93.6	330	21	0	1	330	1	330	5.1e-187	649.8
BCW-200669_03731	gnl|TC-DB|P0AGH5|3.A.1.5.42	89.9	296	30	0	1	296	1	296	1.3e-152	535.4
BCW-200669_03732	gnl|TC-DB|P0A2J3|3.A.1.5.5	91.6	321	27	0	1	321	1	321	3.7e-166	580.5
BCW-200669_03733	gnl|TC-DB|P36634|3.A.1.5.5	89.1	549	57	2	1	546	1	549	3.1e-290	993.4
BCW-200669_03734	gnl|TC-DB|Q54456|3.A.1.110.6	58.0	521	219	0	1	521	35	555	1.7e-168	589.0
BCW-200669_03735	gnl|TC-DB|Q54457|3.A.1.110.6	43.7	421	237	0	17	437	23	443	5.7e-93	337.8
BCW-200669_03736	gnl|TC-DB|O87950|3.A.1.110.6	45.7	440	236	2	12	450	17	454	3.2e-107	385.2
BCW-200669_03738	gnl|TC-DB|Q9KN48|3.A.23.1.1	42.3	227	130	1	8	234	193	418	4.7e-44	174.9
BCW-200669_03739	gnl|TC-DB|E8XKQ3|9.B.100.1.1	91.9	222	18	0	1	222	1	222	2.9e-101	364.4
BCW-200669_03744	gnl|TC-DB|P76042|3.A.1.1.46	75.5	425	104	0	5	429	5	429	1.7e-190	661.8
BCW-200669_03745	gnl|TC-DB|P0AFR7|3.A.1.1.46	93.2	293	20	0	1	293	1	293	5.6e-153	536.6
BCW-200669_03746	gnl|TC-DB|P77716|3.A.1.1.46	92.1	280	22	0	1	280	1	280	2.1e-141	498.0
BCW-200669_03752	gnl|TC-DB|P77481|3.A.1.1.46	83.9	360	58	0	1	360	1	360	4.3e-171	597.0
BCW-200669_03753	gnl|TC-DB|P76045|1.B.21.1.1	72.0	304	82	3	1	304	1	301	8.7e-133	469.5
BCW-200669_03757	gnl|TC-DB|Q9KN48|3.A.23.1.1	35.0	329	180	5	206	500	193	521	1.8e-42	170.2
BCW-200669_03762	gnl|TC-DB|P77348|3.A.1.5.1	89.6	538	55	1	1	538	1	537	3.0e-293	1003.4
BCW-200669_03765	gnl|TC-DB|D4ZZR3|9.B.34.1.3	39.5	167	95	2	247	407	227	393	7.8e-28	121.3
BCW-200669_03766	gnl|TC-DB|P0AAP1|9.B.34.1.2	26.2	191	126	5	240	425	190	370	5.3e-16	82.8
BCW-200669_03767	gnl|TC-DB|M3JA40|1.B.52.2.1	32.2	177	78	4	198	339	287	456	5.4e-15	78.6
BCW-200669_03768	gnl|TC-DB|Q9EYX5|1.A.35.4.1	88.7	327	37	0	1	327	1	327	1.6e-172	601.7
BCW-200669_03770	gnl|TC-DB|P38919|3.A.18.1.1	34.5	348	217	4	7	344	34	380	1.2e-56	217.2
BCW-200669_03778	gnl|TC-DB|Q8TDX7|1.I.1.1.3	26.0	208	140	6	58	258	82	282	7.9e-13	71.2
BCW-200669_03833	gnl|TC-DB|P77747|1.B.1.1.21	82.5	377	58	1	1	369	1	377	2.9e-183	637.5
BCW-200669_03838	gnl|TC-DB|P0ABK2|3.D.4.3.2	29.7	364	213	11	5	329	7	366	3.6e-31	132.1
BCW-200669_03842	gnl|TC-DB|P76108|3.A.1.11.9	90.0	381	38	0	1	381	1	381	1.4e-212	734.9
BCW-200669_03843	gnl|TC-DB|P77795|3.A.1.11.9	83.4	337	56	0	1	337	1	337	3.2e-160	560.8
BCW-200669_03844	gnl|TC-DB|P77156|3.A.1.11.9	88.5	314	35	1	1	314	1	313	5.4e-154	540.0
BCW-200669_03845	gnl|TC-DB|P0AFR9|3.A.1.11.9	91.2	262	23	0	1	262	1	262	8.2e-135	476.1
BCW-200669_03854	gnl|TC-DB|P33950|3.A.1.5.27	50.9	505	247	1	21	525	34	537	1.5e-148	522.7
BCW-200669_03856	gnl|TC-DB|P76111|2.A.7.21.2	85.9	149	21	0	1	149	1	149	1.4e-64	241.9
BCW-200669_03861	gnl|TC-DB|P76115|1.B.14.9.5	78.8	706	142	2	1	704	1	700	0.0e+00	1164.8
BCW-200669_03863	gnl|TC-DB|P40812|2.A.3.1.8	91.3	484	42	0	1	484	1	484	8.6e-255	875.5
BCW-200669_03864	gnl|TC-DB|M3JA40|1.B.52.2.1	31.2	192	115	2	335	509	267	458	1.9e-15	80.5
BCW-200669_03869	gnl|TC-DB|P0AEM9|3.A.1.3.10	30.3	221	139	8	73	291	52	259	5.2e-16	81.6
BCW-200669_03871	gnl|TC-DB|Q9F3K6|3.A.1.3.24	39.4	302	169	4	5	299	21	315	1.2e-44	176.8
BCW-200669_03872	gnl|TC-DB|Q9F3K7|3.A.1.3.24	57.8	249	105	0	9	257	5	253	1.1e-80	296.2
BCW-200669_03873	gnl|TC-DB|P0AEM9|3.A.1.3.10	30.1	236	149	9	45	276	36	259	1.7e-16	83.2
BCW-200669_03879	gnl|TC-DB|O05256|2.A.24.2.3	57.5	414	176	0	24	437	30	443	1.8e-131	465.7
BCW-200669_03894	gnl|TC-DB|P43531|2.A.1.36.1	35.2	398	253	2	2	399	19	411	1.5e-58	223.4
BCW-200669_03904	gnl|TC-DB|P75763|2.A.47.3.5	61.2	438	170	0	1	438	40	477	1.9e-152	535.4
BCW-200669_03906	gnl|TC-DB|P0AF32|5.A.3.1.2	88.5	226	26	0	1	226	1	226	5.1e-114	406.8
BCW-200669_03908	gnl|TC-DB|P19318|5.A.3.1.2	92.2	514	40	0	1	514	1	514	1.8e-300	1027.3
BCW-200669_03909	gnl|TC-DB|P19319|5.A.3.1.2	88.5	1246	143	0	1	1246	1	1246	0.0e+00	2369.3
BCW-200669_03910	gnl|TC-DB|P37758|2.A.1.8.10	84.2	457	72	0	1	457	1	457	3.2e-219	757.3
BCW-200669_03912	gnl|TC-DB|P37594|2.A.1.3.14	79.6	495	101	0	1	495	1	495	2.3e-199	691.4
BCW-200669_03913	gnl|TC-DB|P63183|2.A.72.1.1	41.5	629	353	5	6	627	2	622	3.2e-129	458.8
BCW-200669_03916	gnl|TC-DB|Q9L3M3|3.A.1.4.3	32.5	360	230	7	14	367	5	357	1.7e-45	179.9
BCW-200669_03917	gnl|TC-DB|Q8DQH7|3.A.1.4.10	49.8	233	116	1	4	235	3	235	2.6e-60	228.4
BCW-200669_03918	gnl|TC-DB|Q8DQH8|3.A.1.4.10	45.3	254	138	1	1	253	1	254	1.0e-57	219.9
BCW-200669_03919	gnl|TC-DB|P21628|3.A.1.4.8	40.5	378	163	10	6	367	85	416	3.9e-55	211.8
BCW-200669_03920	gnl|TC-DB|P21627|3.A.1.4.8	43.8	306	158	4	10	314	8	300	2.0e-50	196.1
BCW-200669_03923	gnl|TC-DB|P07238|1.B.1.1.5	73.7	358	91	1	6	360	8	365	2.4e-150	528.1
BCW-200669_03924	gnl|TC-DB|V2FAS1|2.A.7.17.1	73.3	292	78	0	1	292	1	292	2.5e-121	431.4
BCW-200669_03925	gnl|TC-DB|P24183|5.A.3.2.1	95.4	195	9	0	1	195	1	195	1.8e-107	384.8
BCW-200669_03926	gnl|TC-DB|P24183|5.A.3.2.1	91.0	803	72	0	1	803	213	1015	0.0e+00	1552.3
BCW-200669_03927	gnl|TC-DB|P0AAJ3|5.A.3.2.1	89.5	294	31	0	1	294	1	294	1.2e-166	582.0
BCW-200669_03928	gnl|TC-DB|P0AEK7|5.A.3.2.1	87.1	217	28	0	1	217	1	217	1.5e-110	395.2
BCW-200669_03932	gnl|TC-DB|P23910|2.A.1.2.14	71.3	383	110	0	1	383	1	383	8.2e-144	506.5
BCW-200669_03935	gnl|TC-DB|Q9F9T4|3.A.1.5.23	45.3	558	273	6	3	532	19	572	1.9e-119	426.0
BCW-200669_03936	gnl|TC-DB|W0WMS8|3.A.1.5.39	36.6	246	150	1	33	272	40	285	2.1e-40	162.5
BCW-200669_03937	gnl|TC-DB|P77308|3.A.1.5.38	28.1	317	196	3	5	292	7	320	7.3e-26	114.4
BCW-200669_03940	gnl|TC-DB|P39115|3.A.1.121.3	29.5	498	305	9	1	479	1	471	1.6e-50	197.2
BCW-200669_03949	gnl|TC-DB|P77622|3.A.1.5.38	77.5	306	69	0	1	306	1	306	2.7e-134	474.6
BCW-200669_03950	gnl|TC-DB|P77268|3.A.1.5.38	79.9	324	65	0	1	324	1	324	2.1e-148	521.5
BCW-200669_03951	gnl|TC-DB|P77463|3.A.1.5.38	77.1	297	68	0	1	297	1	297	1.6e-123	438.7
BCW-200669_03952	gnl|TC-DB|P77308|3.A.1.5.38	91.5	340	29	0	1	340	1	340	3.6e-180	627.1
BCW-200669_03953	gnl|TC-DB|P76128|3.A.1.5.38	84.9	511	73	1	4	510	6	516	3.6e-256	880.2
BCW-200669_03959	gnl|TC-DB|P22340|1.B.3.1.2	73.9	505	132	0	1	505	1	505	2.1e-208	721.5
BCW-200669_03960	gnl|TC-DB|P08470|4.A.1.2.1	93.9	456	28	0	1	456	1	456	1.1e-240	828.6
BCW-200669_03968	gnl|TC-DB|O33918|5.A.1.5.1	47.4	690	281	13	1	674	1	624	1.0e-162	570.1
BCW-200669_03983	gnl|TC-DB|B1HGV3|9.B.211.1.1	48.1	324	160	1	5	328	3	318	7.8e-79	290.4
BCW-200669_03985	gnl|TC-DB|P76269|2.A.1.3.17	36.1	462	281	5	11	469	7	457	4.5e-72	268.5
BCW-200669_03987	gnl|TC-DB|Q9HV74|2.A.21.9.1	28.6	224	140	6	267	480	761	974	3.5e-19	92.8
BCW-200669_03989	gnl|TC-DB|Q9ZHD2|1.B.17.3.4	86.8	461	61	0	1	461	1	461	1.4e-222	768.5
BCW-200669_03991	gnl|TC-DB|P77239|2.A.6.1.4	68.8	410	123	3	6	413	1	407	1.1e-159	559.3
BCW-200669_03992	gnl|TC-DB|Q9ZHC9|2.A.6.1.3	95.8	1045	44	0	1	1045	1	1045	0.0e+00	1953.7
BCW-200669_03994	gnl|TC-DB|M4V7W7|1.A.23.1.4	34.4	413	261	3	134	537	120	531	1.4e-59	227.3
BCW-200669_03996	gnl|TC-DB|P77735|8.A.5.1.6	55.2	324	143	1	1	324	1	322	7.6e-101	363.6
BCW-200669_03998	gnl|TC-DB|Q63CS3|1.C.41.1.3	30.3	347	219	5	13	347	54	389	3.4e-17	85.9
BCW-200669_04003	gnl|TC-DB|Q9KN48|3.A.23.1.1	43.1	267	148	2	196	461	180	443	1.2e-52	204.1
BCW-200669_04029	gnl|TC-DB|Q8XG43|2.A.117.1.3	49.3	138	70	0	7	144	18	155	1.8e-30	128.6
BCW-200669_04036	gnl|TC-DB|P9WG63|5.A.1.2.9	33.0	439	235	8	4	395	119	545	2.6e-52	202.6
BCW-200669_04045	gnl|TC-DB|B2N0W4|1.A.46.2.6	80.6	304	59	0	1	304	18	321	4.4e-137	483.8
BCW-200669_04048	gnl|TC-DB|P0AAP1|9.B.34.1.2	31.9	163	111	0	153	315	199	361	2.1e-20	96.3
BCW-200669_04049	gnl|TC-DB|P0AAP1|9.B.34.1.2	26.2	267	186	5	202	462	106	367	6.8e-15	78.6
BCW-200669_04067	gnl|TC-DB|P31122|2.A.1.2.15	85.4	396	58	0	1	396	1	396	6.3e-184	639.8
BCW-200669_04068	gnl|TC-DB|P0AEY1|2.A.95.1.1	89.1	221	24	0	1	221	1	221	3.7e-101	364.0
BCW-200669_04072	gnl|TC-DB|P31125|2.A.7.3.2	84.5	297	46	0	1	297	1	297	2.0e-134	474.9
BCW-200669_04073	gnl|TC-DB|P31126|2.A.1.2.55	68.7	390	121	1	1	390	1	389	4.6e-150	527.3
BCW-200669_04074	gnl|TC-DB|O05703|3.A.1.15.3	51.9	183	88	0	31	213	319	501	6.4e-50	193.7
BCW-200669_04075	gnl|TC-DB|Q9L3S2|3.A.1.4.4	47.4	215	111	2	14	227	4	217	1.3e-48	189.5
BCW-200669_04076	gnl|TC-DB|Q8NRV8|3.A.1.4.5	43.4	242	129	4	25	264	3	238	3.5e-45	178.3
BCW-200669_04077	gnl|TC-DB|Q9L3S4|3.A.1.4.4	44.1	311	171	2	45	353	30	339	4.7e-61	231.5
BCW-200669_04078	gnl|TC-DB|Q8NRW0|3.A.1.4.5	43.9	294	159	2	228	521	4	291	1.1e-58	224.2
BCW-200669_04079	gnl|TC-DB|Q8NRW1|3.A.1.4.5	46.4	377	186	6	27	403	49	409	5.5e-93	337.8
BCW-200669_04088	gnl|TC-DB|P76103|2.A.46.1.9	68.1	383	122	0	1	383	1	383	3.8e-141	497.7
BCW-200669_04092	gnl|TC-DB|P33950|3.A.1.5.27	51.8	541	248	2	2	530	6	545	1.4e-162	569.3
BCW-200669_04098	gnl|TC-DB|P09551|3.A.1.3.1	44.9	247	134	1	5	249	7	253	1.0e-57	219.9
BCW-200669_04110	gnl|TC-DB|P0ABK2|3.D.4.3.2	28.0	364	215	10	8	330	10	367	2.7e-34	142.5
BCW-200669_04138	gnl|TC-DB|Q9I2M0|3.A.1.109.4	41.8	390	218	5	3	385	6	393	2.3e-77	285.8
BCW-200669_04139	gnl|TC-DB|Q9I2M1|3.A.1.109.4	41.4	707	407	6	5	710	17	717	1.5e-135	479.9
BCW-200669_04148	gnl|TC-DB|P27303|8.A.1.1.1	30.5	311	204	4	47	355	47	347	4.8e-29	125.2
BCW-200669_04149	gnl|TC-DB|Q6V6X7|2.A.6.2.18	34.9	467	282	8	6	456	6	466	9.0e-57	217.6
BCW-200669_04158	gnl|TC-DB|G8WDN2|2.A.7.21.5	75.4	142	35	0	1	142	1	142	6.5e-54	206.5
BCW-200669_04159	gnl|TC-DB|G8WDN3|2.A.7.21.5	77.0	148	34	0	5	152	1	148	1.9e-56	214.9
BCW-200669_04182	gnl|TC-DB|Q9I6X5|2.A.6.2.27	27.3	352	247	4	11	358	7	353	3.0e-18	89.4
BCW-200669_04183	gnl|TC-DB|Q9HXW4|2.A.6.2.17	42.4	1023	581	3	6	1021	3	1024	1.3e-225	779.6
BCW-200669_04190	gnl|TC-DB|P17583|2.A.1.17.1	29.5	373	258	2	12	380	3	374	2.0e-33	139.8
BCW-200669_04191	gnl|TC-DB|A9QY47|9.B.50.1.4	79.5	312	64	0	1	312	1	312	7.5e-148	519.6
BCW-200669_04195	gnl|TC-DB|C6GYU4|2.A.76.1.9	33.5	173	102	6	1	162	1	171	2.6e-11	65.5
BCW-200669_04211	gnl|TC-DB|P0AAP1|9.B.34.1.2	29.9	251	155	9	122	365	130	366	5.4e-20	95.1
BCW-200669_04229	gnl|TC-DB|P77228|2.A.1.6.9	84.9	416	62	1	29	443	1	416	6.8e-198	686.4
BCW-200669_04232	gnl|TC-DB|P76169|2.A.7.26.1	87.9	107	13	0	1	107	1	107	1.7e-51	198.0
BCW-200669_04237	gnl|TC-DB|P77374|5.A.3.3.1	85.5	812	114	1	1	812	1	808	0.0e+00	1460.7
BCW-200669_04240	gnl|TC-DB|P72770|2.A.53.4.1	30.9	521	352	5	5	522	1	516	1.5e-56	217.2
BCW-200669_04252	gnl|TC-DB|C5IZH1|2.A.6.2.47	96.4	1050	38	0	1	1050	1	1050	0.0e+00	1927.5
BCW-200669_04253	gnl|TC-DB|C5IZH0|2.A.6.2.47	92.6	391	29	0	1	391	1	391	6.2e-200	693.0
BCW-200669_04266	gnl|TC-DB|P0ADL1|2.A.1.2.26	37.2	366	223	3	1	363	25	386	2.0e-62	236.1
BCW-200669_04267	gnl|TC-DB|657066955|9.B.143.3.6	29.6	230	158	3	7	232	12	241	3.1e-19	92.0
BCW-200669_04269	gnl|TC-DB|Q8ZPK1|3.A.1.12.14	86.8	234	30	1	1	233	1	234	4.1e-106	380.6
BCW-200669_04270	gnl|TC-DB|Q8ZPK2|3.A.1.12.14	83.1	290	49	0	10	299	11	300	4.0e-138	487.3
BCW-200669_04271	gnl|TC-DB|Q8ZPK3|3.A.1.12.14	92.1	215	17	0	1	215	1	215	1.0e-103	372.5
BCW-200669_04272	gnl|TC-DB|Q8ZPK4|3.A.1.12.14	90.8	382	35	0	1	382	1	382	1.0e-202	702.2
BCW-200669_04273	gnl|TC-DB|A8AGW0|2.A.49.5.4	79.4	417	84	2	13	428	1	416	1.8e-179	625.2
BCW-200669_04277	gnl|TC-DB|P43531|2.A.1.36.1	84.2	417	65	1	1	417	1	416	3.3e-191	664.1
BCW-200669_04282	gnl|TC-DB|P0AAP1|9.B.34.1.2	30.5	187	117	3	276	455	186	366	7.8e-15	79.0
BCW-200669_04283	gnl|TC-DB|P69210|2.A.7.1.9	89.9	109	11	0	1	109	1	109	3.3e-50	193.7
BCW-200669_04284	gnl|TC-DB|P69213|2.A.7.1.9	84.7	118	18	0	3	120	4	121	4.2e-46	180.3
BCW-200669_04285	gnl|TC-DB|P0AFS5|2.A.86.1.4	80.8	344	66	0	1	344	1	344	5.2e-142	500.4
BCW-200669_04292	gnl|TC-DB|Q9I6X6|2.A.6.2.27	36.8	337	207	2	41	375	28	360	1.3e-45	180.3
BCW-200669_04293	gnl|TC-DB|Q9I6X4|2.A.6.2.27	44.1	1000	558	1	9	1007	5	1004	1.0e-225	780.0
BCW-200669_04310	gnl|TC-DB|P46133|2.A.68.1.1	88.2	508	60	0	1	508	1	508	1.5e-251	864.8
BCW-200669_04315	gnl|TC-DB|P0AB67|3.D.2.1.1	92.9	462	33	0	1	462	1	462	3.6e-239	823.5
BCW-200669_04316	gnl|TC-DB|P07001|3.D.2.1.1	89.4	509	53	1	1	508	1	509	5.7e-254	872.8
BCW-200669_04318	gnl|TC-DB|P0AAE5|2.A.3.2.8	89.3	460	49	0	1	460	1	460	1.2e-231	798.5
BCW-200669_04320	gnl|TC-DB|P0ACX0|9.B.72.1.2	82.9	111	19	0	1	111	1	111	1.0e-46	182.2
BCW-200669_04333	gnl|TC-DB|P19642|4.A.1.1.3	87.9	530	64	0	1	530	1	530	4.5e-270	926.4
BCW-200669_04339	gnl|TC-DB|P0A766|3.D.6.1.4	95.3	193	9	0	1	193	1	193	6.6e-94	339.7
BCW-200669_04340	gnl|TC-DB|P77223|3.D.6.1.4	81.8	192	35	0	1	192	1	192	1.5e-74	275.4
BCW-200669_04341	gnl|TC-DB|P77611|3.D.6.1.4	79.5	556	114	0	1	556	1	556	2.7e-243	837.8
BCW-200669_04342	gnl|TC-DB|P76182|3.D.6.1.4	86.0	350	49	0	1	350	1	350	6.8e-174	606.3
BCW-200669_04343	gnl|TC-DB|P77285|3.D.6.1.4	75.2	206	51	0	1	206	1	206	3.4e-88	320.9
BCW-200669_04344	gnl|TC-DB|P77179|3.D.6.1.4	78.1	224	49	0	1	224	1	224	2.0e-94	341.7
BCW-200669_04346	gnl|TC-DB|P77304|2.A.17.1.2	86.7	498	63	2	1	496	1	497	7.6e-243	835.9
BCW-200669_04354	gnl|TC-DB|P76330|9.B.34.1.4	36.7	188	116	3	264	449	372	558	7.6e-24	108.2
BCW-200669_04356	gnl|TC-DB|G4PZW1|8.A.48.1.1	65.4	78	27	0	1	78	1	78	5.7e-28	119.4
BCW-200669_04357	gnl|TC-DB|P46482|8.A.1.7.1	41.4	273	159	1	11	283	14	285	1.7e-50	196.1
BCW-200669_04358	gnl|TC-DB|Q8ZPN4|2.A.85.1.5	80.7	679	129	1	1	677	1	679	0.0e+00	1094.0
BCW-200669_04360	gnl|TC-DB|P76187|8.A.5.1.7	87.2	298	38	0	1	298	1	298	2.3e-154	541.2
BCW-200669_04370	gnl|TC-DB|P77389|2.A.1.2.65	90.7	387	36	0	1	387	1	387	1.1e-188	655.6
BCW-200669_04372	gnl|TC-DB|Q0HIQ8|3.A.1.2.14	27.0	233	151	10	58	277	21	247	2.5e-11	66.2
BCW-200669_04374	gnl|TC-DB|P37597|2.A.1.2.62	77.6	401	87	2	1	399	1	400	5.2e-170	593.6
BCW-200669_04377	gnl|TC-DB|P37340|2.A.66.1.3	86.1	453	63	0	1	453	5	457	1.7e-217	751.5
BCW-200669_04381	gnl|TC-DB|P96878|2.A.53.3.12	29.4	170	113	2	26	189	571	739	4.3e-22	101.3
BCW-200669_04388	gnl|TC-DB|Q8RCC4|3.A.1.3.27	35.2	230	139	6	38	261	33	258	2.6e-27	119.0
BCW-200669_04389	gnl|TC-DB|P48243|3.A.1.3.9	55.0	240	107	1	24	263	2	240	8.2e-66	246.9
BCW-200669_04390	gnl|TC-DB|Q8YPM8|3.A.1.3.18	34.1	223	134	4	17	232	80	296	9.3e-27	117.1
BCW-200669_04391	gnl|TC-DB|Q8YPM7|3.A.1.3.18	37.9	198	119	2	27	220	177	374	5.0e-24	107.8
BCW-200669_04393	gnl|TC-DB|O32167|3.A.1.24.2	49.1	269	129	3	5	269	9	273	1.5e-67	252.7
BCW-200669_04394	gnl|TC-DB|O32168|3.A.1.24.2	61.7	222	85	0	1	222	1	222	2.3e-66	248.4
BCW-200669_04395	gnl|TC-DB|O32169|3.A.1.24.2	57.4	338	143	1	1	337	1	338	1.4e-107	386.0
BCW-200669_04404	gnl|TC-DB|Q5HGY5|3.A.1.11.8	28.4	232	144	7	1	228	4	217	1.7e-14	76.3
BCW-200669_04411	gnl|TC-DB|P07658|3.D.1.9.2	65.0	715	245	4	1	713	1	712	9.7e-292	998.8
BCW-200669_04416	gnl|TC-DB|P30130|1.B.11.3.9	41.4	870	447	17	16	844	31	878	3.9e-175	611.7
BCW-200669_04424	gnl|TC-DB|B1LE48|2.A.86.2.1	84.0	369	59	0	1	369	1	369	2.3e-172	601.3
BCW-200669_04426	gnl|TC-DB|P75683|2.A.2.3.5	55.9	447	197	0	7	453	4	450	3.4e-144	508.1
BCW-200669_04427	gnl|TC-DB|Q9HXN5|4.A.1.1.15	26.3	414	235	12	391	780	433	800	1.5e-27	121.3
BCW-200669_04430	gnl|TC-DB|P72412|1.B.14.2.14	85.3	621	90	1	41	660	40	660	0.0e+00	1125.2
BCW-200669_04432	gnl|TC-DB|A8GDS8|3.A.1.14.16	55.4	271	121	0	1	271	5	275	3.4e-80	294.7
BCW-200669_04433	gnl|TC-DB|Q56992|3.A.1.14.5	65.3	320	110	1	7	325	9	328	4.6e-103	370.9
BCW-200669_04434	gnl|TC-DB|A8GDS6|3.A.1.14.16	59.8	251	101	0	7	257	9	259	2.3e-81	298.5
BCW-200669_04439	gnl|TC-DB|Q81E21|2.A.8.1.14	53.6	478	206	3	1	462	1	478	4.3e-131	464.5
BCW-200669_04444	gnl|TC-DB|P06611|3.A.1.13.1	70.2	248	74	0	1	248	1	248	2.8e-97	351.3
BCW-200669_04446	gnl|TC-DB|P06609|3.A.1.13.1	74.8	326	82	0	1	326	1	326	7.1e-133	469.9
BCW-200669_04455	gnl|TC-DB|P76206|1.B.75.1.3	86.9	252	33	0	23	274	1	252	4.7e-130	460.3
BCW-200669_04462	gnl|TC-DB|P77529|2.A.23.1.8	89.2	462	50	0	1	462	1	462	1.4e-219	758.4
BCW-200669_04468	gnl|TC-DB|P69791|4.A.3.2.1	86.1	115	16	0	1	115	1	115	2.1e-47	184.5
BCW-200669_04469	gnl|TC-DB|P17334|4.A.3.2.1	89.6	452	47	0	1	452	1	452	1.8e-211	731.5
BCW-200669_04470	gnl|TC-DB|P69795|4.A.3.2.1	96.2	104	4	0	1	104	1	104	1.4e-50	194.9
BCW-200669_04483	gnl|TC-DB|B7L6M8|3.A.1.19.4	73.9	387	99	2	4	388	1	387	1.5e-169	592.0
BCW-200669_04484	gnl|TC-DB|B7L6M9|3.A.1.19.4	58.6	495	203	1	17	509	2	496	1.8e-162	568.9
BCW-200669_04485	gnl|TC-DB|B7L6N0|3.A.1.19.4	62.7	209	74	1	1	205	1	209	2.3e-68	255.0
BCW-200669_04492	gnl|TC-DB|Q07711|3.A.7.7.1	30.3	621	394	17	3	612	4	596	9.5e-73	271.2
BCW-200669_04503	gnl|TC-DB|P0A908|9.B.99.1.2	73.0	248	67	0	1	248	1	248	1.2e-111	399.1
BCW-200669_04510	gnl|TC-DB|P76242|2.A.1.17.3	76.8	392	91	0	1	392	1	392	1.0e-162	569.3
BCW-200669_04515	gnl|TC-DB|P76330|9.B.34.1.4	33.0	185	116	5	176	358	374	552	5.8e-14	75.1
BCW-200669_04516	gnl|TC-DB|A6TAG3|1.E.43.1.1	93.9	82	5	0	1	82	1	82	1.7e-38	154.5
BCW-200669_04517	gnl|TC-DB|D4ZZR3|9.B.34.1.3	32.9	219	134	5	276	488	181	392	1.4e-23	107.5
BCW-200669_04533	gnl|TC-DB|P69874|3.A.1.11.1	89.2	361	39	0	1	361	18	378	7.5e-184	639.4
BCW-200669_04534	gnl|TC-DB|P0AFK4|3.A.1.11.1	94.2	275	16	0	11	285	1	275	6.2e-141	496.5
BCW-200669_04535	gnl|TC-DB|P0AFK6|3.A.1.11.1	95.7	257	11	0	1	257	1	257	5.0e-129	456.8
BCW-200669_04536	gnl|TC-DB|P0AFK9|3.A.1.11.1	91.5	343	29	0	2	344	6	348	4.6e-191	663.3
BCW-200669_04538	gnl|TC-DB|F8CVI0|1.B.52.2.2	27.3	205	119	2	356	530	85	289	7.2e-12	68.9
BCW-200669_04541	gnl|TC-DB|P75958|3.A.1.125.1	90.6	414	39	0	1	414	1	414	1.0e-200	695.7
BCW-200669_04542	gnl|TC-DB|P75957|3.A.1.125.1	92.3	233	18	0	1	233	1	233	5.5e-119	423.3
BCW-200669_04543	gnl|TC-DB|P0ADC3|3.A.1.125.1	92.0	386	31	0	1	386	14	399	1.7e-186	648.3
BCW-200669_04557	gnl|TC-DB|P69786|4.A.1.1.1	96.4	477	17	0	1	477	1	477	9.1e-262	898.7
BCW-200669_04564	gnl|TC-DB|O80800|3.D.1.6.3	48.0	75	39	0	2	76	48	122	1.5e-12	68.2
BCW-200669_04575	gnl|TC-DB|P76628|2.A.1.36.3	33.2	388	249	2	4	388	2	382	9.7e-39	157.5
BCW-200669_04590	gnl|TC-DB|P37169|2.A.66.4.1	92.2	511	40	0	1	511	14	524	2.2e-261	897.5
BCW-200669_04594	gnl|TC-DB|P69367|2.A.1.2.21	85.6	402	58	0	1	402	1	402	1.2e-198	688.7
BCW-200669_04605	gnl|TC-DB|P25744|2.A.1.2.20	86.4	404	53	1	14	415	1	404	4.5e-196	680.2
BCW-200669_04608	gnl|TC-DB|P62517|4.D.3.1.1	92.6	840	62	0	1	840	1	840	0.0e+00	1602.0
BCW-200669_04617	gnl|TC-DB|P0AE95|1.B.48.1.1	77.5	129	29	0	1	129	1	129	1.2e-54	208.8
BCW-200669_04618	gnl|TC-DB|P0AE98|1.B.48.1.1	86.2	138	18	1	1	137	1	138	1.7e-64	241.5
BCW-200669_04619	gnl|TC-DB|P0AEA2|1.B.48.1.1	92.4	277	21	0	1	277	1	277	9.0e-145	509.2
