BCW-200063_00012	gnl|TC-DB|P50002|3.A.2.1.5	61.8	466	173	2	15	480	5	465	7.0e-161	563.5
BCW-200063_00013	gnl|TC-DB|P0ABA6|3.A.2.1.1	34.4	291	178	5	9	297	8	287	6.1e-38	154.5
BCW-200063_00014	gnl|TC-DB|P29706|3.A.2.1.2	62.6	372	131	2	1	372	137	500	2.3e-128	455.3
BCW-200063_00017	gnl|TC-DB|P54537|3.A.1.3.15	64.2	81	29	0	1	81	158	238	8.1e-24	105.9
BCW-200063_00031	gnl|TC-DB|P33950|3.A.1.5.27	24.3	518	323	17	28	491	11	513	5.1e-24	109.0
BCW-200063_00035	gnl|TC-DB|Q9HWH3|2.A.6.2.32	62.3	77	29	0	2	78	392	468	2.5e-22	100.9
BCW-200063_00042	gnl|TC-DB|P38045|3.A.1.16.1	40.0	255	145	5	6	255	5	256	1.5e-51	199.5
BCW-200063_00043	gnl|TC-DB|Q55106|3.A.1.16.3	28.5	158	110	3	108	263	120	276	2.4e-12	69.3
BCW-200063_00044	gnl|TC-DB|O85765|3.A.1.17.2	30.0	237	162	2	36	270	20	254	4.4e-22	101.7
BCW-200063_00047	gnl|TC-DB|Q72H66|3.A.1.1.25	30.1	269	183	2	36	302	14	279	4.4e-28	121.7
BCW-200063_00048	gnl|TC-DB|Q7WWQ9|3.A.1.1.20	31.2	285	186	5	35	317	12	288	4.7e-36	148.3
BCW-200063_00056	gnl|TC-DB|P32011|3.A.1.105.1	44.1	261	146	0	13	273	20	280	3.8e-55	211.5
BCW-200063_00057	gnl|TC-DB|P32010|3.A.1.105.1	54.7	329	149	0	1	329	1	329	2.3e-94	342.0
BCW-200063_00059	gnl|TC-DB|A4FP84|2.A.7.3.11	39.0	287	163	5	25	306	15	294	1.3e-38	156.8
BCW-200063_00072	gnl|TC-DB|Q97Q42|3.A.1.11.7	47.7	149	71	3	1	144	158	304	2.1e-28	122.1
BCW-200063_00073	gnl|TC-DB|Q9S2Y1|1.A.23.7.1	31.8	355	226	6	15	355	9	361	1.2e-36	150.6
BCW-200063_00080	gnl|TC-DB|O87953|2.A.38.4.2	31.1	447	283	9	21	462	12	438	1.7e-45	180.3
BCW-200063_00082	gnl|TC-DB|P39760|2.A.38.4.4	33.3	207	137	1	13	218	7	213	4.5e-30	127.9
BCW-200063_00089	gnl|TC-DB|O50455|1.A.35.3.5	41.4	343	179	7	3	333	34	366	6.1e-63	237.7
BCW-200063_00133	gnl|TC-DB|G3IME2|9.B.35.1.2	42.2	116	60	3	4	117	31	141	3.6e-18	87.4
BCW-200063_00145	gnl|TC-DB|A9WMF7|1.A.22.1.9	38.0	142	72	4	1	135	1	133	2.9e-11	64.7
BCW-200063_00149	gnl|TC-DB|P0AGA2|3.A.5.1.1	98.6	74	1	0	1	74	370	443	2.5e-33	137.1
BCW-200063_00163	gnl|TC-DB|Q9RQ05|3.A.1.12.5	33.1	166	106	2	7	170	409	571	6.5e-24	107.1
BCW-200063_00174	gnl|TC-DB|G3LHZ0|3.A.1.1.35	29.1	258	177	4	4	260	25	277	4.7e-21	98.2
BCW-200063_00175	gnl|TC-DB|Q72H66|3.A.1.1.25	34.1	267	167	5	21	280	15	279	3.7e-29	125.2
BCW-200063_00186	gnl|TC-DB|P0AFN6|3.A.1.105.17	52.9	121	57	0	1	121	136	256	1.0e-31	132.5
BCW-200063_00202	gnl|TC-DB|Q9HZ04|3.A.1.12.12	65.9	132	45	0	1	132	152	283	5.9e-49	189.9
BCW-200063_00213	gnl|TC-DB|P68699|3.A.2.1.1	57.1	70	30	0	7	76	8	77	5.4e-16	79.7
BCW-200063_00215	gnl|TC-DB|Q4VWC6|3.A.1.105.4	36.9	103	65	0	4	106	378	480	9.3e-14	72.8
BCW-200063_00229	gnl|TC-DB|P0AFJ7|2.A.20.1.1	64.5	110	39	0	3	112	388	497	3.1e-35	144.1
BCW-200063_00241	gnl|TC-DB|P37388|3.A.1.2.4	93.5	46	3	0	1	46	468	513	7.7e-17	81.6
BCW-200063_00270	gnl|TC-DB|Q1J2S8|2.A.53.3.13	56.2	470	198	4	31	500	23	484	3.8e-125	444.9
BCW-200063_00277	gnl|TC-DB|Q8DU38|3.A.1.2.12	27.9	358	232	7	6	346	1	349	4.0e-26	115.5
BCW-200063_00278	gnl|TC-DB|Q9WXW0|3.A.1.2.18	29.9	294	197	5	7	292	11	303	1.5e-26	116.7
BCW-200063_00279	gnl|TC-DB|D2BKA1|3.A.1.2.17	30.3	366	208	12	5	344	3	347	1.9e-22	103.2
BCW-200063_00280	gnl|TC-DB|A2RKA7|3.A.1.2.17	43.7	483	271	1	25	507	25	506	2.0e-108	389.4
BCW-200063_00288	gnl|TC-DB|A1ACJ3|1.A.13.5.1	43.9	237	130	3	6	241	9	243	5.9e-50	194.1
BCW-200063_00299	gnl|TC-DB|Q939U6|5.A.1.2.7	34.9	238	135	6	17	241	9	239	2.2e-25	112.5
BCW-200063_00324	gnl|TC-DB|P09551|3.A.1.3.1	28.7	188	115	6	4	181	74	252	3.1e-11	65.1
BCW-200063_00325	gnl|TC-DB|P0AEU3|3.A.1.3.29	63.1	65	24	0	1	65	170	234	5.9e-18	85.9
BCW-200063_00331	gnl|TC-DB|F0N2E7|2.A.109.1.2	33.1	329	188	5	4	318	9	319	7.4e-48	187.6
BCW-200063_00358	gnl|TC-DB|F9VN10|3.D.10.1.4	33.6	149	86	4	1	136	381	529	2.2e-15	78.6
BCW-200063_00359	gnl|TC-DB|P25527|2.A.3.1.4	57.9	95	40	0	2	96	356	450	1.4e-19	92.0
BCW-200063_00378	gnl|TC-DB|Q93A34|3.A.1.12.8	36.2	130	83	0	1	130	74	203	3.2e-18	87.8
BCW-200063_00381	gnl|TC-DB|G3IME2|9.B.35.1.2	43.4	113	60	3	2	110	29	141	5.7e-18	86.7
BCW-200063_00408	gnl|TC-DB|P31440|2.A.40.7.4	51.4	105	51	0	1	105	336	440	3.1e-24	107.5
BCW-200063_00417	gnl|TC-DB|Q8GGK3|4.A.1.2.5	47.0	589	305	2	2	585	6	592	8.4e-143	503.8
BCW-200063_00422	gnl|TC-DB|G3LHZ1|3.A.1.1.35	83.6	110	18	0	1	110	164	273	4.8e-49	189.9
BCW-200063_00430	gnl|TC-DB|Q8NRW1|3.A.1.4.5	40.4	146	79	3	1	146	272	409	1.1e-28	122.9
BCW-200063_00434	gnl|TC-DB|Q9K0A9|2.A.28.2.4	51.6	153	72	1	1	151	162	314	1.7e-34	142.1
BCW-200063_00440	gnl|TC-DB|Q8G847|3.A.1.2.23	62.8	503	187	0	2	504	1	503	1.3e-181	632.5
BCW-200063_00461	gnl|TC-DB|P13738|2.A.33.1.1	35.1	422	235	6	13	430	2	388	1.5e-59	227.3
BCW-200063_00463	gnl|TC-DB|Q53902|2.A.6.5.1	39.7	717	388	6	21	733	17	693	1.7e-113	406.8
BCW-200063_00469	gnl|TC-DB|Q07711|3.A.7.7.1	24.7	620	383	17	14	591	3	580	3.5e-28	123.6
BCW-200063_00492	gnl|TC-DB|Q9F3K7|3.A.1.3.24	62.4	242	91	0	3	244	12	253	1.6e-84	308.9
BCW-200063_00507	gnl|TC-DB|Q55472|3.A.1.1.32	47.1	280	145	2	167	444	1	279	1.7e-68	256.5
BCW-200063_00508	gnl|TC-DB|Q55473|3.A.1.1.32	51.1	280	112	4	50	323	37	297	9.7e-74	273.5
BCW-200063_00509	gnl|TC-DB|Q9KXM5|3.A.3.23.1	44.5	771	394	10	11	767	17	767	1.6e-160	563.1
BCW-200063_00513	gnl|TC-DB|I7FD23|2.A.1.2.97	33.1	402	254	4	44	440	9	400	2.8e-47	186.0
BCW-200063_00520	gnl|TC-DB|Q9V0A4|3.B.1.1.5	57.4	524	209	5	13	529	6	522	2.6e-164	575.1
BCW-200063_00535	gnl|TC-DB|Q55487|4.D.2.1.9	30.1	299	208	1	5	303	6	303	4.5e-36	148.3
BCW-200063_00543	gnl|TC-DB|Q1D3I3|3.A.1.103.4	37.1	394	215	8	20	383	10	400	2.7e-65	245.7
BCW-200063_00544	gnl|TC-DB|P72880|3.A.1.103.5	28.3	247	167	5	5	248	33	272	4.3e-16	81.6
BCW-200063_00558	gnl|TC-DB|Q48475|3.A.1.103.1	34.3	242	150	3	19	256	16	252	4.7e-34	141.4
BCW-200063_00559	gnl|TC-DB|P72884|3.A.1.103.5	44.6	204	112	1	41	243	56	259	3.5e-47	184.9
BCW-200063_00579	gnl|TC-DB|Q5G3L7|3.A.7.19.1	37.0	138	82	2	19	151	13	150	7.9e-18	87.0
BCW-200063_00601	gnl|TC-DB|Q1M7Q4|3.A.1.11.6	37.3	228	132	5	1	226	118	336	6.0e-38	154.1
BCW-200063_00624	gnl|TC-DB|P96593|2.A.55.3.3	47.2	392	200	6	27	416	34	420	2.2e-81	299.3
BCW-200063_00630	gnl|TC-DB|Q72H66|3.A.1.1.25	39.8	254	146	5	51	297	27	280	4.0e-42	168.3
BCW-200063_00631	gnl|TC-DB|O51924|3.A.1.1.7	35.0	266	168	4	16	281	14	274	1.3e-40	163.3
BCW-200063_00633	gnl|TC-DB|E8XKQ3|9.B.100.1.1	25.6	227	155	2	6	232	3	215	2.1e-13	72.8
BCW-200063_00653	gnl|TC-DB|A8GDS6|3.A.1.14.16	43.8	249	130	4	15	256	16	261	8.4e-44	173.7
BCW-200063_00654	gnl|TC-DB|O68878|3.A.1.14.21	43.2	322	175	3	17	332	6	325	2.3e-57	219.2
BCW-200063_00655	gnl|TC-DB|A8GDS8|3.A.1.14.16	26.5	260	174	7	44	301	28	272	1.2e-17	87.0
BCW-200063_00661	gnl|TC-DB|P48632|1.B.14.1.6	63.4	101	37	0	1	101	715	815	6.6e-37	149.4
BCW-200063_00676	gnl|TC-DB|P42308|2.A.11.1.2	67.8	59	19	0	1	59	365	423	7.7e-18	85.5
BCW-200063_00677	gnl|TC-DB|P64604|3.A.1.27.3	45.5	101	50	1	1	96	60	160	1.6e-19	91.7
BCW-200063_00685	gnl|TC-DB|P0AG90|2.A.6.4.1	57.8	102	43	0	1	102	514	615	1.4e-26	115.2
BCW-200063_00686	gnl|TC-DB|A0JSP2|9.B.74.1.2	42.5	207	112	2	172	375	474	676	1.5e-33	140.2
BCW-200063_00734	gnl|TC-DB|P23598|1.B.17.1.2	53.7	95	44	0	2	96	349	443	1.2e-22	102.1
BCW-200063_00755	gnl|TC-DB|P39649|2.A.7.3.4	39.6	101	58	1	21	118	187	287	9.2e-12	66.2
BCW-200063_00763	gnl|TC-DB|Q57134|3.A.11.2.2	41.7	108	59	1	4	107	3	110	5.0e-14	73.6
BCW-200063_00782	gnl|TC-DB|Q5SGW2|3.A.11.1.3	33.5	496	266	15	5	481	221	671	6.8e-32	135.2
BCW-200063_00794	gnl|TC-DB|Q82VI7|1.B.14.1.10	42.5	294	161	5	1	290	535	824	1.4e-63	239.6
BCW-200063_00803	gnl|TC-DB|Q6TNA0|2.A.76.2.2	41.3	126	73	1	1	125	72	197	2.6e-22	101.3
BCW-200063_00815	gnl|TC-DB|Q0S1N2|4.A.2.1.13	59.2	683	246	5	5	669	15	682	1.0e-157	553.5
BCW-200063_00818	gnl|TC-DB|Q79VF1|1.A.11.1.3	44.5	429	201	7	3	402	10	430	4.6e-89	324.7
BCW-200063_00821	gnl|TC-DB|Q9RCF5|3.A.1.14.6	50.3	294	146	0	10	303	57	350	3.6e-70	261.5
BCW-200063_00822	gnl|TC-DB|Q9RCF4|3.A.1.14.6	48.9	352	175	1	1	347	1	352	4.0e-76	281.6
BCW-200063_00823	gnl|TC-DB|Q9S215|3.A.1.14.22	56.4	264	115	0	6	269	21	284	1.3e-82	302.8
BCW-200063_00827	gnl|TC-DB|Q8R706|2.A.3.3.22	44.4	484	235	2	17	492	9	466	3.5e-110	395.2
BCW-200063_00861	gnl|TC-DB|B8ZT62|9.B.14.3.4	40.2	256	149	2	37	288	71	326	3.0e-42	168.7
BCW-200063_00867	gnl|TC-DB|P80874|8.A.5.1.4	30.2	324	204	9	27	341	1	311	5.7e-35	144.8
BCW-200063_00872	gnl|TC-DB|E1VTI0|2.A.116.3.1	35.2	264	146	7	1	244	1	259	1.4e-19	93.2
BCW-200063_00877	gnl|TC-DB|P15993|2.A.3.1.3	50.6	79	39	0	1	79	371	449	1.2e-16	82.0
BCW-200063_00887	gnl|TC-DB|Q91VE0|4.C.1.1.1	43.3	141	77	2	2	142	503	640	3.6e-28	120.9
BCW-200063_00902	gnl|TC-DB|O05435|2.A.66.4.4	29.3	532	355	11	15	533	34	557	1.3e-38	157.5
BCW-200063_00906	gnl|TC-DB|Q93A34|3.A.1.12.8	36.3	179	112	1	27	205	19	195	4.0e-24	108.2
BCW-200063_00907	gnl|TC-DB|Q93A34|3.A.1.12.8	34.3	169	108	1	16	184	20	185	2.7e-17	85.5
BCW-200063_00908	gnl|TC-DB|Q45460|3.A.1.12.3	50.6	241	118	1	1	241	1	240	4.4e-67	251.1
BCW-200063_00914	gnl|TC-DB|Q8U4S4|3.A.1.12.9	52.0	271	127	2	6	273	5	275	5.3e-63	237.7
BCW-200063_00915	gnl|TC-DB|Q8U4S3|3.A.1.12.9	32.1	299	186	7	1	289	1	292	1.2e-38	156.8
BCW-200063_00919	gnl|TC-DB|Q2JF02|9.B.98.1.3	35.2	324	205	3	1	319	1	324	1.8e-43	172.9
BCW-200063_00935	gnl|TC-DB|K6BIH6|3.A.1.107.4	97.8	92	2	0	1	92	132	223	1.1e-38	155.2
BCW-200063_00943	gnl|TC-DB|Q1M605|3.A.3.7.2	67.0	103	34	0	1	103	459	561	4.6e-33	136.7
BCW-200063_00959	gnl|TC-DB|Q9ZK21|1.C.82.1.1	52.5	217	103	0	14	230	15	231	1.5e-57	219.2
BCW-200063_00975	gnl|TC-DB|P0AAH0|3.A.1.7.1	80.4	46	9	0	1	46	212	257	4.5e-17	82.4
BCW-200063_00980	gnl|TC-DB|P75797|3.A.1.5.11	28.6	364	240	10	37	385	26	384	4.0e-26	115.9
BCW-200063_00981	gnl|TC-DB|W0WN20|3.A.1.5.39	34.4	337	193	6	1	313	1	333	1.5e-42	169.9
BCW-200063_00982	gnl|TC-DB|P75799|3.A.1.5.11	34.1	226	149	0	54	279	77	302	2.8e-27	119.0
BCW-200063_00983	gnl|TC-DB|O86574|3.A.1.5.34	48.0	256	123	3	3	248	25	280	2.0e-56	215.7
BCW-200063_00984	gnl|TC-DB|Q9F349|3.A.1.5.35	46.0	261	132	4	4	258	8	265	2.3e-57	218.8
BCW-200063_00988	gnl|TC-DB|Q0S4G7|2.A.1.3.64	24.1	461	318	9	13	460	42	483	4.5e-14	75.9
BCW-200063_01002	gnl|TC-DB|P0AC31|3.A.1.140.1	38.1	189	113	2	4	189	165	352	1.2e-26	116.3
BCW-200063_01023	gnl|TC-DB|Q4KI39|9.B.164.1.1	65.3	101	33	1	36	136	498	596	3.4e-36	147.5
BCW-200063_01059	gnl|TC-DB|Q9I6P8|1.B.25.1.14	70.8	250	71	2	1	248	172	421	1.6e-100	362.1
BCW-200063_01060	gnl|TC-DB|Q7W0Q7|2.A.1.46.1	34.8	396	236	4	19	414	18	391	6.8e-59	224.6
BCW-200063_01062	gnl|TC-DB|P0A9R7|3.A.1.140.1	49.6	226	108	2	1	226	1	220	1.5e-53	206.5
BCW-200063_01098	gnl|TC-DB|Q9F3K7|3.A.1.3.24	50.6	243	110	2	8	240	9	251	5.5e-61	230.7
BCW-200063_01099	gnl|TC-DB|Q8YSA2|3.A.1.3.17	32.9	228	141	4	63	281	273	497	3.0e-26	115.5
BCW-200063_01100	gnl|TC-DB|Q9HU31|3.A.1.3.23	28.2	234	159	6	34	265	10	236	3.8e-13	72.0
BCW-200063_01120	gnl|TC-DB|Q93J93|3.A.1.1.36	39.9	308	170	9	3	304	15	313	4.2e-42	168.3
BCW-200063_01121	gnl|TC-DB|D6ZW62|3.A.1.1.48	33.9	283	178	3	1	274	33	315	4.4e-35	144.8
BCW-200063_01124	gnl|TC-DB|Q9RJ23|2.A.20.1.6	56.9	371	153	4	1	371	1	364	8.7e-104	373.6
BCW-200063_01136	gnl|TC-DB|P55072|3.A.16.1.1	45.7	243	126	3	161	402	201	438	7.9e-54	208.4
BCW-200063_01147	gnl|TC-DB|P54700|3.A.6.2.1	68.5	92	29	0	2	93	152	243	1.3e-26	115.2
BCW-200063_01166	gnl|TC-DB|P80874|8.A.5.1.4	39.6	144	80	3	31	174	32	168	2.3e-21	99.4
BCW-200063_01168	gnl|TC-DB|D6ZW62|3.A.1.1.48	42.0	276	150	2	47	317	45	315	6.4e-54	207.6
BCW-200063_01169	gnl|TC-DB|D6ZW63|3.A.1.1.48	34.5	307	187	4	5	299	16	320	1.3e-43	173.3
BCW-200063_01177	gnl|TC-DB|P98008|3.D.4.10.2	56.8	81	30	1	1	81	392	467	8.6e-19	89.0
BCW-200063_01184	gnl|TC-DB|A4QD95|3.A.1.106.4	36.6	588	358	9	13	594	664	1242	2.8e-90	329.3
BCW-200063_01185	gnl|TC-DB|O53645|3.A.1.106.6	35.9	521	322	6	71	591	59	567	6.7e-68	255.0
BCW-200063_01201	gnl|TC-DB|O52557|2.A.1.3.15	31.1	440	283	7	13	446	17	442	2.4e-41	166.4
BCW-200063_01210	gnl|TC-DB|Q9HWH5|2.A.6.2.32	57.8	83	34	1	1	82	287	369	8.7e-19	89.0
BCW-200063_01213	gnl|TC-DB|Q1M607|3.A.3.7.2	56.8	74	32	0	4	77	112	185	3.0e-16	80.5
BCW-200063_01223	gnl|TC-DB|P0ADZ7|3.A.5.1.1	48.7	113	54	2	1	112	1	110	4.6e-23	103.6
BCW-200063_01225	gnl|TC-DB|O06924|3.B.1.1.4	56.6	152	61	1	4	155	408	554	2.3e-44	174.9
BCW-200063_01282	gnl|TC-DB|P37665|9.B.186.1.1	44.0	84	47	0	4	87	134	217	8.1e-16	79.3
BCW-200063_01286	gnl|TC-DB|O34362|3.A.1.30.1	43.1	239	131	2	3	240	299	533	1.2e-47	186.4
BCW-200063_01287	gnl|TC-DB|O34572|3.A.1.30.1	32.8	250	159	4	20	265	5	249	6.5e-23	104.4
BCW-200063_01310	gnl|TC-DB|Q9RK10|3.A.1.14.13	44.6	83	46	0	3	85	285	367	1.3e-12	68.6
BCW-200063_01311	gnl|TC-DB|Q9S215|3.A.1.14.22	61.7	256	98	0	7	262	23	278	3.4e-88	321.2
BCW-200063_01328	gnl|TC-DB|P0ABJ1|3.D.4.5.1	52.3	174	81	2	1	172	131	304	2.2e-46	181.8
BCW-200063_01343	gnl|TC-DB|Q9HU29|3.A.1.3.23	69.3	163	50	0	1	163	68	230	1.3e-58	222.2
BCW-200063_01352	gnl|TC-DB|Q93J93|3.A.1.1.36	37.7	289	169	8	6	290	32	313	1.9e-39	159.5
BCW-200063_01353	gnl|TC-DB|Q93J92|3.A.1.1.36	36.0	261	166	1	14	274	37	296	3.3e-38	155.2
BCW-200063_01358	gnl|TC-DB|P25548|3.A.1.2.5	50.6	362	159	4	5	365	7	349	1.1e-92	336.7
BCW-200063_01359	gnl|TC-DB|Q8G3R0|3.A.1.2.22	61.0	510	194	4	3	508	5	513	1.9e-169	592.0
BCW-200063_01360	gnl|TC-DB|Q8G3Q9|3.A.1.2.22	53.0	398	177	4	11	399	7	403	4.9e-83	304.7
BCW-200063_01370	gnl|TC-DB|P0AGM2|1.A.62.2.3	50.6	156	77	0	1	156	50	205	1.3e-39	159.1
BCW-200063_01378	gnl|TC-DB|Q8NS49|2.A.21.7.3	60.3	551	206	3	1	538	1	551	5.6e-167	583.9
BCW-200063_01386	gnl|TC-DB|P69451|4.C.1.1.4	30.5	512	321	11	25	504	43	551	3.0e-53	206.1
BCW-200063_01397	gnl|TC-DB|Q7WWQ9|3.A.1.1.20	30.9	282	188	4	41	319	11	288	2.7e-31	132.5
BCW-200063_01398	gnl|TC-DB|Q93J92|3.A.1.1.36	33.0	276	173	4	5	274	29	298	8.9e-28	120.6
BCW-200063_01402	gnl|TC-DB|Q5SMG8|1.A.26.1.2	34.6	133	82	1	272	404	128	255	7.2e-13	71.6
BCW-200063_01418	gnl|TC-DB|D6ZUW6|3.A.1.122.16	41.9	217	119	2	2	213	17	231	1.3e-34	142.9
BCW-200063_01453	gnl|TC-DB|W0WMS8|3.A.1.5.39	49.0	100	51	0	3	102	199	298	1.7e-24	108.2
BCW-200063_01461	gnl|TC-DB|P0AGI8|2.A.38.1.1	56.9	58	25	0	1	58	394	451	8.6e-14	72.0
BCW-200063_01489	gnl|TC-DB|P38045|3.A.1.16.1	42.5	233	129	3	30	259	24	254	3.4e-48	188.3
BCW-200063_01496	gnl|TC-DB|O53656|2.A.86.1.7	26.2	324	237	1	43	364	23	346	7.7e-25	111.3
BCW-200063_01498	gnl|TC-DB|P75905|4.D.1.1.3	43.8	137	76	1	1	137	303	438	6.5e-30	126.7
BCW-200063_01502	gnl|TC-DB|P75958|3.A.1.125.1	53.8	119	55	0	1	119	293	411	1.8e-20	95.1
BCW-200063_01514	gnl|TC-DB|Q2J9P5|3.A.1.125.3	55.1	247	106	2	11	255	58	301	2.6e-66	248.4
BCW-200063_01531	gnl|TC-DB|Q9A1H1|3.A.1.3.20	57.5	80	34	0	1	80	163	242	1.1e-21	98.6
BCW-200063_01544	gnl|TC-DB|O31199|2.A.3.1.9	65.4	81	27	1	1	81	388	467	1.2e-25	111.7
BCW-200063_01546	gnl|TC-DB|Q5FA63|3.A.1.15.10	26.4	307	195	7	14	299	6	302	3.5e-25	112.1
BCW-200063_01550	gnl|TC-DB|O30506|3.A.1.3.11	71.6	67	18	1	1	66	188	254	1.9e-21	97.4
BCW-200063_01585	gnl|TC-DB|Q07837|8.A.9.1.2	31.2	493	279	13	16	493	112	559	3.5e-63	239.2
BCW-200063_01586	gnl|TC-DB|Q8RJU8|3.A.1.1.18	31.5	267	174	5	39	300	45	307	2.8e-27	119.0
BCW-200063_01587	gnl|TC-DB|Q00750|3.A.1.1.28	31.8	274	185	2	26	297	13	286	7.0e-34	141.0
BCW-200063_01603	gnl|TC-DB|Q93N33|2.A.21.9.2	30.5	269	177	4	254	517	747	1010	6.3e-20	95.5
BCW-200063_01620	gnl|TC-DB|Q8G848|3.A.1.2.23	53.7	287	122	6	48	329	38	318	3.3e-72	268.5
BCW-200063_01650	gnl|TC-DB|P52059|9.A.4.1.1	39.9	168	98	2	6	171	2	168	5.4e-27	117.5
BCW-200063_01654	gnl|TC-DB|P77610|2.A.3.1.24	56.9	494	202	3	4	497	5	487	6.4e-149	523.9
BCW-200063_01670	gnl|TC-DB|Q9HT68|3.A.1.24.5	78.8	80	17	0	1	80	181	260	1.1e-31	131.7
BCW-200063_01675	gnl|TC-DB|P0ADV1|1.B.42.1.2	36.2	141	84	4	3	141	25	161	1.1e-14	76.3
BCW-200063_01692	gnl|TC-DB|P0A2I9|3.A.1.3.1	56.1	57	25	0	1	57	168	224	1.4e-13	71.2
BCW-200063_01702	gnl|TC-DB|P21628|3.A.1.4.8	62.2	323	120	2	10	331	89	410	1.9e-104	375.6
BCW-200063_01705	gnl|TC-DB|O32182|2.A.1.3.33	29.3	423	289	6	10	427	14	431	3.3e-46	182.6
BCW-200063_01723	gnl|TC-DB|P48632|1.B.14.1.6	74.2	155	40	0	2	156	661	815	1.3e-68	255.4
BCW-200063_01748	gnl|TC-DB|F8IKT4|2.A.39.1.4	24.0	463	305	15	29	467	40	479	1.2e-22	104.4
BCW-200063_01798	gnl|TC-DB|O53689|3.A.24.3.1	34.6	1370	766	37	6	1316	11	1309	4.6e-178	622.1
BCW-200063_01817	gnl|TC-DB|P39277|2.A.3.13.1	79.5	83	17	0	1	83	327	409	3.1e-30	127.1
BCW-200063_01846	gnl|TC-DB|P0AEQ6|3.A.1.3.2	41.4	111	65	0	1	111	105	215	1.5e-16	82.0
BCW-200063_01873	gnl|TC-DB|P25714|2.A.9.3.1	62.5	128	47	1	1	127	409	536	1.3e-43	172.2
BCW-200063_01888	gnl|TC-DB|Q45404|3.A.1.124.2	43.9	205	113	1	1	205	14	216	1.2e-44	176.8
BCW-200063_01893	gnl|TC-DB|P31125|2.A.7.3.2	39.1	294	171	3	110	399	4	293	2.6e-42	169.5
BCW-200063_01897	gnl|TC-DB|S5XTE7|2.A.80.1.4	56.7	314	135	1	26	339	22	334	4.1e-99	357.8
BCW-200063_01898	gnl|TC-DB|S5XH28|2.A.80.1.4	44.5	164	77	4	32	195	37	186	1.0e-25	113.2
BCW-200063_01899	gnl|TC-DB|S5Y5N9|2.A.80.1.4	74.7	499	125	1	1	498	1	499	2.4e-199	691.4
BCW-200063_01908	gnl|TC-DB|Q7WTY8|3.A.1.7.2	40.5	326	184	6	49	370	54	373	1.7e-50	196.4
BCW-200063_01909	gnl|TC-DB|P0A630|3.A.1.7.4	48.9	313	144	8	3	304	10	317	1.7e-62	236.1
BCW-200063_01910	gnl|TC-DB|Q7WTY6|3.A.1.7.2	47.0	283	145	4	82	360	25	306	1.5e-59	226.5
BCW-200063_01911	gnl|TC-DB|P0C560|3.A.1.7.2	76.1	259	61	1	1	259	1	258	7.2e-112	399.8
BCW-200063_01920	gnl|TC-DB|O50453|3.A.1.1.31	35.5	276	172	4	25	297	2	274	1.5e-36	149.8
BCW-200063_01921	gnl|TC-DB|Q93J93|3.A.1.1.36	32.1	305	201	4	24	327	17	316	1.7e-28	123.2
BCW-200063_01922	gnl|TC-DB|Q9L027|3.A.1.1.21	28.4	388	254	14	50	423	53	430	4.8e-28	122.1
BCW-200063_01926	gnl|TC-DB|Q9X0V0|3.A.1.5.14	25.2	493	324	16	71	533	57	534	7.1e-40	161.8
BCW-200063_01931	gnl|TC-DB|P0AAA7|2.A.66.2.3	40.3	144	84	2	4	146	260	402	7.7e-22	100.1
BCW-200063_01934	gnl|TC-DB|P75831|3.A.1.122.1	38.6	210	123	3	6	212	5	211	5.6e-33	137.5
BCW-200063_01936	gnl|TC-DB|P08995|1.A.8.12.1	34.1	217	136	4	38	252	37	248	5.6e-22	101.3
BCW-200063_01945	gnl|TC-DB|P0ABJ9|3.D.4.3.2	33.3	510	281	7	4	461	2	504	3.4e-75	278.9
BCW-200063_01946	gnl|TC-DB|P0ABK2|3.D.4.3.2	38.7	367	193	4	3	337	7	373	4.3e-64	241.5
BCW-200063_01956	gnl|TC-DB|Q9NUT2|3.A.1.201.22	32.3	622	372	5	20	630	129	712	1.1e-65	247.7
BCW-200063_01957	gnl|TC-DB|P37643|2.A.1.6.10	54.5	455	173	5	9	463	16	436	6.2e-117	417.5
BCW-200063_01965	gnl|TC-DB|Q52978|2.A.63.1.1	32.5	972	603	14	4	948	31	976	6.0e-111	398.7
BCW-200063_01966	gnl|TC-DB|Q7AJW0|2.A.63.1.2	42.5	120	60	3	3	121	1	112	3.7e-14	74.7
BCW-200063_01967	gnl|TC-DB|Q9KD98|2.A.63.1.2	37.5	509	289	6	1	506	1	483	9.8e-84	307.4
BCW-200063_01993	gnl|TC-DB|Q55471|3.A.1.1.32	33.7	418	256	8	30	441	17	419	1.2e-61	233.8
BCW-200063_01999	gnl|TC-DB|E0DTC9|2.A.115.1.4	43.1	211	116	1	27	237	62	268	9.4e-42	166.8
BCW-200063_02015	gnl|TC-DB|Q46892|2.A.8.1.7	54.6	97	42	1	1	97	360	454	2.2e-21	97.8
BCW-200063_02018	gnl|TC-DB|J6RCW6|3.A.1.135.7	42.2	562	319	4	13	571	3	561	4.5e-114	408.3
BCW-200063_02021	gnl|TC-DB|Q9I0Y8|2.A.6.2.16	89.4	141	15	0	1	141	912	1052	2.3e-62	234.6
BCW-200063_02036	gnl|TC-DB|P31545|2.A.108.2.3	29.1	261	156	13	12	253	161	411	4.8e-15	78.2
BCW-200063_02045	gnl|TC-DB|P29018|3.A.1.129.1	25.5	552	366	15	34	567	37	561	3.4e-21	99.8
BCW-200063_02056	gnl|TC-DB|Q9F2U9|2.A.3.3.17	48.7	304	153	2	1	303	97	398	7.7e-55	210.7
BCW-200063_02072	gnl|TC-DB|O51234|3.A.1.7.5	42.7	124	66	2	3	123	181	302	7.8e-19	89.7
BCW-200063_02096	gnl|TC-DB|F7YJH3|1.B.14.16.8	49.3	69	35	0	4	72	657	725	6.0e-15	76.3
BCW-200063_02099	gnl|TC-DB|O34987|2.A.40.7.2	33.0	458	278	7	304	756	4	437	9.7e-48	188.3
BCW-200063_02107	gnl|TC-DB|Q0SE66|2.A.1.1.81	52.3	453	211	2	22	470	24	475	1.4e-121	433.0
BCW-200063_02114	gnl|TC-DB|P0AB67|3.D.2.1.1	62.9	464	157	4	9	466	8	462	3.7e-151	531.2
BCW-200063_02115	gnl|TC-DB|P07001|3.D.2.1.1	54.0	509	230	4	3	508	2	509	1.2e-129	459.9
BCW-200063_02116	gnl|TC-DB|B8GAD2|2.A.59.2.2	42.0	276	153	2	3	275	37	308	2.5e-25	112.5
BCW-200063_02127	gnl|TC-DB|P0AEX3|2.A.1.6.2	52.1	167	80	0	1	167	266	432	1.6e-43	172.2
BCW-200063_02129	gnl|TC-DB|P77737|3.A.1.5.41	34.9	215	133	3	23	235	38	247	7.8e-26	114.0
BCW-200063_02139	gnl|TC-DB|Q3C2E8|9.B.76.1.1	64.0	444	157	2	4	444	2	445	1.6e-155	545.8
BCW-200063_02142	gnl|TC-DB|Q9L3S3|3.A.1.4.4	43.3	261	131	2	1	244	1	261	3.1e-56	214.9
BCW-200063_02160	gnl|TC-DB|P33916|3.A.1.5.21	64.0	86	31	0	1	86	441	526	3.9e-26	113.6
BCW-200063_02168	gnl|TC-DB|Q5SI73|1.C.113.1.4	41.4	203	115	3	25	226	2	201	2.9e-35	145.2
BCW-200063_02175	gnl|TC-DB|P65374|2.A.6.5.5	32.5	394	237	7	2	389	365	735	1.3e-38	157.5
BCW-200063_02179	gnl|TC-DB|Q186B7|1.A.16.3.3	36.2	254	159	3	4	255	1	253	2.0e-32	136.0
BCW-200063_02190	gnl|TC-DB|918432279|1.M.1.4.4	63.2	117	41	1	42	158	14	128	7.1e-37	150.2
BCW-200063_02194	gnl|TC-DB|Q9ZG94|3.A.1.110.12	96.6	58	2	0	1	58	497	554	2.3e-23	104.4
BCW-200063_02199	gnl|TC-DB|M5B8T3|2.A.102.6.1	41.2	228	132	1	10	235	6	233	9.4e-43	170.2
BCW-200063_02229	gnl|TC-DB|A2RKA7|3.A.1.2.17	50.2	496	244	3	3	496	7	501	6.5e-133	470.7
BCW-200063_02230	gnl|TC-DB|O83342|3.A.1.2.10	37.0	284	170	4	133	412	111	389	1.1e-35	147.5
BCW-200063_02231	gnl|TC-DB|Q9WXW0|3.A.1.2.18	39.8	299	173	4	140	433	21	317	1.1e-48	190.7
BCW-200063_02261	gnl|TC-DB|Q1J1H5|2.A.23.1.9	49.7	396	188	3	1	387	22	415	5.3e-96	347.8
BCW-200063_02291	gnl|TC-DB|Q88CP1|3.A.3.6.12	89.8	108	11	0	1	108	643	750	1.1e-45	178.7
BCW-200063_02297	gnl|TC-DB|A2RKA5|3.A.1.2.17	33.1	290	183	5	9	288	10	298	2.1e-33	139.4
BCW-200063_02304	gnl|TC-DB|O86572|3.A.1.5.34	23.8	488	290	20	74	502	97	561	3.8e-14	76.3
BCW-200063_02305	gnl|TC-DB|P75798|3.A.1.5.11	33.2	307	199	2	21	327	4	304	4.3e-40	161.8
BCW-200063_02306	gnl|TC-DB|W0WMS8|3.A.1.5.39	36.4	236	138	3	29	255	53	285	1.8e-33	139.4
BCW-200063_02307	gnl|TC-DB|Q9F9T4|3.A.1.5.23	43.8	550	284	5	3	528	17	565	5.6e-119	424.5
BCW-200063_02345	gnl|TC-DB|Q9RJ69|2.A.64.2.2	37.2	226	130	1	12	225	8	233	2.1e-34	142.5
BCW-200063_02353	gnl|TC-DB|P0C560|3.A.1.7.2	58.6	256	104	2	129	383	4	258	1.5e-81	299.7
BCW-200063_02368	gnl|TC-DB|Q9MUK5|3.A.9.1.1	26.5	404	239	7	141	509	60	440	1.1e-31	134.4
BCW-200063_02375	gnl|TC-DB|Q0PBV6|9.A.40.2.2	31.6	342	224	4	7	343	23	359	1.7e-44	176.4
BCW-200063_02376	gnl|TC-DB|P0A2L3|9.A.40.1.2	29.8	258	175	3	179	434	32	285	4.1e-30	129.0
BCW-200063_02385	gnl|TC-DB|P76330|9.B.34.1.4	45.7	162	83	2	51	207	401	562	2.1e-29	125.6
BCW-200063_02402	gnl|TC-DB|P27844|2.A.7.7.2	34.9	295	190	1	8	302	4	296	1.9e-42	169.5
BCW-200063_02409	gnl|TC-DB|Q92NE9|3.A.1.5.17	37.5	176	110	0	2	177	96	271	2.1e-30	128.6
BCW-200063_02411	gnl|TC-DB|Q8TJ86|3.A.1.8.2	45.0	140	76	1	92	230	51	190	2.6e-24	109.0
BCW-200063_02429	gnl|TC-DB|O86575|3.A.1.5.34	44.8	306	153	8	7	300	39	340	4.5e-61	231.5
BCW-200063_02430	gnl|TC-DB|Q9F350|3.A.1.5.35	49.0	257	128	2	5	258	2	258	5.7e-68	254.2
BCW-200063_02431	gnl|TC-DB|Q9X0U8|3.A.1.5.14	40.2	271	160	2	40	308	11	281	6.2e-39	157.9
BCW-200063_02432	gnl|TC-DB|Q9WXN7|3.A.1.5.16	42.1	328	182	4	3	324	9	334	1.1e-69	260.0
BCW-200063_02452	gnl|TC-DB|P75770|4.D.2.4.3	54.0	113	51	1	2	113	205	317	2.5e-24	107.8
BCW-200063_02457	gnl|TC-DB|P0AFU1|3.A.1.5.21	60.4	48	19	0	1	48	317	364	5.1e-14	72.4
BCW-200063_02461	gnl|TC-DB|D8HIS0|9.B.106.2.2	35.0	317	159	9	6	286	204	509	3.4e-29	125.9
BCW-200063_02467	gnl|TC-DB|Q50634|3.A.5.2.2	42.6	357	190	4	88	441	228	572	6.1e-64	241.5
BCW-200063_02468	gnl|TC-DB|Q50635|3.A.5.2.2	35.8	327	188	7	11	322	51	370	8.7e-46	180.6
BCW-200063_02490	gnl|TC-DB|Q05202|1.B.14.1.15	45.5	143	76	1	1	141	616	758	3.0e-35	144.4
BCW-200063_02520	gnl|TC-DB|P04035|2.A.6.6.5	40.8	343	186	8	5	338	533	867	9.5e-59	223.8
BCW-200063_02535	gnl|TC-DB|B7V282|1.B.10.2.2	65.2	92	27	1	1	87	187	278	1.2e-31	131.7
BCW-200063_02538	gnl|TC-DB|P0AF54|9.B.136.1.1	66.2	68	23	0	1	68	33	100	2.6e-19	90.5
BCW-200063_02577	gnl|TC-DB|P75810|2.A.1.60.2	40.6	212	120	3	5	214	168	375	2.5e-34	142.1
BCW-200063_02587	gnl|TC-DB|O68827|2.A.7.7.1	45.9	98	51	2	4	100	200	296	4.6e-14	73.6
BCW-200063_02597	gnl|TC-DB|Q9KN54|3.A.23.1.1	35.4	96	62	0	1	96	242	337	2.0e-14	74.7
BCW-200063_02601	gnl|TC-DB|Q88NY4|3.A.1.3.19	91.7	121	10	0	1	121	103	223	1.1e-54	208.8
BCW-200063_02663	gnl|TC-DB|P31135|3.A.1.11.2	64.3	143	51	0	3	145	171	313	8.2e-52	199.5
BCW-200063_02716	gnl|TC-DB|H8E4X1|9.B.18.1.2	72.5	541	130	3	6	543	1	525	5.7e-220	760.0
BCW-200063_02720	gnl|TC-DB|P39694|3.A.11.1.1	40.1	137	77	1	64	195	68	204	1.4e-22	102.8
BCW-200063_02738	gnl|TC-DB|Q07837|8.A.9.1.2	30.6	483	277	11	17	484	116	555	2.0e-63	240.0
BCW-200063_02742	gnl|TC-DB|A8ILY4|9.B.115.1.4	44.2	283	109	10	10	271	57	311	2.4e-44	175.6
BCW-200063_02750	gnl|TC-DB|B2GH49|9.B.160.1.10	41.9	353	196	6	44	393	46	392	2.8e-51	199.1
BCW-200063_02760	gnl|TC-DB|Q9UEF7|8.A.49.1.1	32.3	495	261	15	15	479	61	511	1.2e-59	227.3
BCW-200063_02768	gnl|TC-DB|Q8NRV9|3.A.1.4.5	27.6	301	197	6	30	310	46	345	3.9e-20	95.5
BCW-200063_02769	gnl|TC-DB|Q8YXD0|3.A.1.4.6	30.4	289	183	7	5	285	6	284	2.3e-21	99.4
BCW-200063_02770	gnl|TC-DB|Q8DQH7|3.A.1.4.10	44.7	237	129	2	1	236	1	236	4.9e-51	197.6
BCW-200063_02771	gnl|TC-DB|Q8DQH8|3.A.1.4.10	40.9	127	75	0	1	127	128	254	7.1e-23	103.2
BCW-200063_02797	gnl|TC-DB|B1MHH7|3.A.3.5.31	57.7	201	78	3	3	201	528	723	5.1e-49	190.7
BCW-200063_02799	gnl|TC-DB|P0A9T8|3.A.1.122.15	64.3	112	38	1	2	111	111	222	6.2e-34	139.8
BCW-200063_02809	gnl|TC-DB|Q8NLV8|2.A.1.81.3	37.6	210	122	2	3	212	161	361	4.8e-28	121.3
BCW-200063_02816	gnl|TC-DB|P25714|2.A.9.3.1	99.2	119	1	0	1	119	430	548	5.9e-61	229.6
BCW-200063_02835	gnl|TC-DB|F0N2E7|2.A.109.1.2	35.4	333	187	3	2	324	6	320	3.9e-46	181.8
BCW-200063_02838	gnl|TC-DB|P0A5Z2|3.A.5.2.2	58.2	445	178	3	1	441	1	441	1.5e-138	489.2
BCW-200063_02848	gnl|TC-DB|Q54806|2.A.1.3.5	33.6	330	206	8	75	397	81	404	1.4e-29	127.5
BCW-200063_02868	gnl|TC-DB|P45768|3.A.1.3.26	84.1	107	17	0	1	107	257	363	1.2e-47	185.3
BCW-200063_02872	gnl|TC-DB|Q9HT69|3.A.1.24.5	85.4	158	23	0	1	158	68	225	2.1e-61	231.5
BCW-200063_02879	gnl|TC-DB|P43672|3.A.1.120.6	34.8	514	328	5	5	515	3	512	1.2e-82	303.9
BCW-200063_02888	gnl|TC-DB|B2D7K2|3.A.23.1.1	44.8	393	210	4	1	393	130	515	8.0e-94	340.9
BCW-200063_02906	gnl|TC-DB|P25714|2.A.9.3.1	27.8	259	133	9	33	291	343	547	1.3e-13	73.9
BCW-200063_02926	gnl|TC-DB|F4K2G0|3.D.1.8.1	44.9	167	63	7	15	177	103	244	1.6e-25	112.5
BCW-200063_02932	gnl|TC-DB|D8HIS0|9.B.106.2.2	36.3	306	163	9	7	288	213	510	3.4e-37	152.9
BCW-200063_02939	gnl|TC-DB|Q9HPN8|2.A.49.6.4	25.9	448	290	13	15	423	179	623	5.6e-13	72.0
BCW-200063_02950	gnl|TC-DB|Q79VD1|2.A.79.1.1	28.4	440	296	10	17	449	18	445	4.5e-27	119.0
BCW-200063_02955	gnl|TC-DB|916553301|2.A.1.71.3	37.8	341	207	3	28	368	1	336	1.8e-45	179.9
BCW-200063_02967	gnl|TC-DB|P70786|2.A.1.14.3	36.6	284	179	1	2	285	153	435	2.4e-53	205.7
BCW-200063_02982	gnl|TC-DB|Q8G845|3.A.1.2.23	50.0	340	163	4	5	343	1	334	1.4e-78	289.7
BCW-200063_02983	gnl|TC-DB|Q8G846|3.A.1.2.23	54.7	223	97	1	18	236	126	348	2.3e-59	225.3
BCW-200063_02986	gnl|TC-DB|P69937|2.A.7.1.4	43.7	103	58	0	1	103	1	103	4.7e-17	83.6
BCW-200063_03001	gnl|TC-DB|P0A9R7|3.A.1.140.1	57.0	93	40	0	1	93	125	217	2.8e-24	107.5
BCW-200063_03020	gnl|TC-DB|G3LHZ0|3.A.1.1.35	73.1	212	57	0	1	212	76	287	4.6e-88	320.5
BCW-200063_03033	gnl|TC-DB|P63395|3.A.1.5.26	40.2	97	50	1	14	110	155	243	1.3e-14	75.9
BCW-200063_03034	gnl|TC-DB|G0LRW8|3.A.1.15.15	27.1	251	181	2	22	271	12	261	1.4e-20	96.7
BCW-200063_03037	gnl|TC-DB|P69451|4.C.1.1.4	58.6	220	89	2	1	219	335	553	6.4e-69	256.9
BCW-200063_03041	gnl|TC-DB|E6SIR7|3.A.1.147.7	36.0	175	112	0	1	175	65	239	9.3e-30	126.7
BCW-200063_03051	gnl|TC-DB|P66842|3.A.5.2.2	51.9	293	136	3	1	289	130	421	1.3e-74	276.2
BCW-200063_03053	gnl|TC-DB|Q9F9T4|3.A.1.5.23	37.1	529	275	10	18	491	38	563	3.4e-70	262.3
BCW-200063_03054	gnl|TC-DB|W0WMS8|3.A.1.5.39	35.8	271	156	5	15	274	25	288	2.3e-34	142.5
BCW-200063_03056	gnl|TC-DB|Q9HX93|3.A.3.5.34	87.7	81	10	0	1	81	712	792	8.9e-36	145.6
BCW-200063_03081	gnl|TC-DB|Q51485|1.B.19.1.1	71.8	103	29	0	2	104	352	454	4.4e-44	173.3
BCW-200063_03082	gnl|TC-DB|P45766|3.A.1.3.26	63.1	111	41	0	1	111	231	341	4.1e-40	160.2
BCW-200063_03112	gnl|TC-DB|B3EBP1|4.D.1.3.3	43.2	183	100	3	1	181	671	851	2.9e-36	148.3
BCW-200063_03117	gnl|TC-DB|D1BTK6|9.B.124.1.6	44.1	136	53	3	20	151	6	122	9.2e-22	99.8
BCW-200063_03121	gnl|TC-DB|Q9FI56|3.A.9.1.2	57.2	823	323	6	1	807	94	903	4.1e-265	910.6
BCW-200063_03126	gnl|TC-DB|C7QI22|3.A.1.105.18	49.0	96	49	0	1	96	557	652	1.4e-19	92.8
BCW-200063_03178	gnl|TC-DB|W0WLZ1|3.A.1.5.39	79.7	64	13	0	1	64	472	535	3.3e-24	106.7
BCW-200063_03187	gnl|TC-DB|Q45404|3.A.1.124.2	40.8	211	123	1	4	214	14	222	4.1e-40	161.4
BCW-200063_03190	gnl|TC-DB|P66785|3.A.5.2.2	49.1	391	193	3	65	450	103	492	1.9e-99	359.8
BCW-200063_03205	gnl|TC-DB|Q50392|2.A.1.3.3	57.9	485	204	0	17	501	13	497	6.4e-144	507.3
BCW-200063_03212	gnl|TC-DB|D3LPG3|2.A.86.1.6	43.9	221	120	4	4	221	14	233	2.0e-44	176.0
BCW-200063_03217	gnl|TC-DB|Q2J9P5|3.A.1.125.3	41.4	239	131	3	2	236	51	284	6.3e-38	154.1
BCW-200063_03226	gnl|TC-DB|P21175|3.A.1.4.8	69.3	287	88	0	1	287	86	372	3.2e-116	414.5
BCW-200063_03230	gnl|TC-DB|P39886|2.A.1.3.12	29.0	411	273	9	21	426	17	413	5.8e-33	138.7
BCW-200063_03233	gnl|TC-DB|P77735|8.A.5.1.6	34.9	318	182	7	4	307	6	312	4.4e-39	158.3
BCW-200063_03241	gnl|TC-DB|Q8KZQ6|3.A.1.17.2	88.7	151	17	0	1	151	119	269	4.3e-72	266.9
BCW-200063_03252	gnl|TC-DB|Q8NNK2|3.D.4.4.2	27.0	337	193	9	4	293	10	340	8.7e-29	124.0
BCW-200063_03253	gnl|TC-DB|Q79VD7|3.D.4.4.2	63.9	549	192	2	15	558	2	549	6.9e-211	729.9
BCW-200063_03293	gnl|TC-DB|P0AA53|8.A.21.2.2	57.7	52	22	0	77	128	245	296	3.1e-13	71.2
BCW-200063_03303	gnl|TC-DB|P77735|8.A.5.1.6	32.0	316	195	9	30	335	7	312	3.4e-32	135.6
BCW-200063_03306	gnl|TC-DB|C6GYU4|2.A.76.1.9	47.9	211	106	1	7	213	1	211	2.0e-43	172.2
BCW-200063_03310	gnl|TC-DB|P69451|4.C.1.1.4	37.1	571	324	10	16	570	5	556	1.8e-94	343.2
BCW-200063_03331	gnl|TC-DB|P75797|3.A.1.5.11	25.4	484	336	14	43	511	26	499	4.7e-25	112.5
BCW-200063_03332	gnl|TC-DB|P77308|3.A.1.5.38	35.2	321	183	5	19	314	14	334	3.4e-39	158.7
BCW-200063_03333	gnl|TC-DB|O86571|3.A.1.5.34	36.5	288	162	7	48	314	48	335	9.6e-18	87.4
BCW-200063_03334	gnl|TC-DB|O86574|3.A.1.5.34	45.3	316	159	2	4	305	14	329	1.1e-68	256.9
BCW-200063_03335	gnl|TC-DB|B1W1L8|3.A.1.5.37	51.2	250	119	2	29	276	53	301	3.7e-70	261.5
BCW-200063_03342	gnl|TC-DB|Q9EYX5|1.A.35.4.1	30.4	112	78	0	1	112	216	327	6.2e-12	66.6
BCW-200063_03353	gnl|TC-DB|B9DIS8|9.B.97.5.1	30.7	603	389	11	15	606	21	605	1.8e-58	223.8
BCW-200063_03354	gnl|TC-DB|M3JA40|1.B.52.2.1	38.0	166	101	2	1	165	296	460	6.6e-18	87.0
BCW-200063_03357	gnl|TC-DB|Q93J93|3.A.1.1.36	38.9	270	156	6	1	267	53	316	9.3e-38	153.7
BCW-200063_03358	gnl|TC-DB|Q93J92|3.A.1.1.36	36.5	296	171	5	2	283	4	296	6.6e-42	167.5
BCW-200063_03360	gnl|TC-DB|D2BKA1|3.A.1.2.17	32.7	376	203	13	10	368	8	350	2.1e-27	119.8
BCW-200063_03364	gnl|TC-DB|X5H3P0|3.D.10.1.6	47.4	597	299	5	18	609	11	597	7.0e-158	553.9
BCW-200063_03365	gnl|TC-DB|X5GWN5|3.D.10.1.6	44.5	229	121	5	32	258	29	253	1.3e-49	193.0
BCW-200063_03366	gnl|TC-DB|T5KJT2|9.B.126.1.3	60.7	359	138	3	36	393	13	369	1.5e-108	389.4
BCW-200063_03379	gnl|TC-DB|P0ABG7|2.A.103.1.2	64.0	75	27	0	2	76	294	368	1.9e-23	104.4
BCW-200063_03401	gnl|TC-DB|P38046|3.A.1.16.1	42.5	259	134	5	21	268	17	271	2.4e-49	192.2
BCW-200063_03402	gnl|TC-DB|Q8NR41|3.A.1.17.12	32.9	277	162	5	14	274	3	271	2.8e-23	105.9
BCW-200063_03403	gnl|TC-DB|P75851|3.A.1.17.10	44.6	242	129	3	31	271	15	252	9.1e-41	163.7
BCW-200063_03433	gnl|TC-DB|P0AAT4|1.A.23.4.5	54.7	64	29	0	1	64	345	408	6.0e-17	82.8
BCW-200063_03456	gnl|TC-DB|Q8G3M7|9.B.36.1.3	29.6	169	118	1	17	184	155	323	5.5e-13	70.9
BCW-200063_03457	gnl|TC-DB|Q9AK33|2.A.69.3.1	44.6	307	166	3	1	304	1	306	6.6e-56	214.2
BCW-200063_03490	gnl|TC-DB|P06971|1.B.14.1.2	38.7	274	155	6	4	272	482	747	2.4e-49	192.2
BCW-200063_03511	gnl|TC-DB|Q53712|3.A.1.120.3	37.2	446	262	10	5	444	136	569	2.1e-50	196.4
BCW-200063_03538	gnl|TC-DB|O53656|2.A.86.1.7	28.4	313	215	3	23	334	34	338	1.7e-15	80.1
BCW-200063_03547	gnl|TC-DB|Q9I458|2.A.1.11.2	85.3	95	14	0	1	95	305	399	1.4e-41	164.9
BCW-200063_03550	gnl|TC-DB|Q9X9R7|3.A.1.1.23	36.0	397	223	13	45	422	57	441	2.3e-54	209.5
BCW-200063_03557	gnl|TC-DB|P64606|3.A.1.27.3	63.3	240	88	0	3	242	21	260	1.8e-80	295.4
BCW-200063_03602	gnl|TC-DB|A0L4L0|3.A.1.132.3	36.1	255	145	6	26	277	87	326	9.1e-34	140.6
BCW-200063_03606	gnl|TC-DB|F5XJB6|2.A.116.1.4	29.3	205	144	1	9	213	8	211	9.0e-18	87.0
BCW-200063_03616	gnl|TC-DB|A3QE50|8.A.59.4.2	38.4	146	83	3	19	157	244	389	3.0e-22	102.1
BCW-200063_03620	gnl|TC-DB|A4X503|2.A.3.14.1	46.0	646	334	4	18	659	10	644	6.6e-152	534.3
BCW-200063_03627	gnl|TC-DB|Q7A2H0|3.A.1.4.6	45.7	265	129	4	28	290	8	259	1.8e-54	209.5
BCW-200063_03628	gnl|TC-DB|Q8YY08|3.A.1.4.6	31.7	372	181	8	18	324	11	374	5.1e-38	154.8
BCW-200063_03629	gnl|TC-DB|P0AEX7|3.A.1.4.1	31.0	297	190	6	169	452	10	304	7.3e-27	118.2
BCW-200063_03642	gnl|TC-DB|Q9KN51|3.A.23.1.1	49.1	53	27	0	1	53	392	444	3.3e-11	63.2
BCW-200063_03684	gnl|TC-DB|Q47PP1|9.B.169.1.10	33.3	339	169	7	13	296	49	385	1.7e-26	116.7
BCW-200063_03696	gnl|TC-DB|P25548|3.A.1.2.5	61.6	333	117	4	42	373	31	353	4.7e-112	401.0
BCW-200063_03704	gnl|TC-DB|P0AA67|2.A.7.3.6	36.4	280	175	2	11	288	14	292	2.5e-36	149.1
BCW-200063_03712	gnl|TC-DB|Q83MP3|2.A.103.1.7	48.6	438	217	4	20	455	10	441	1.5e-112	402.9
BCW-200063_03722	gnl|TC-DB|P38046|3.A.1.16.1	42.3	272	146	6	34	298	7	274	4.1e-50	194.9
BCW-200063_03738	gnl|TC-DB|P07658|3.D.1.9.2	31.6	307	183	6	133	434	61	345	5.5e-41	166.0
BCW-200063_03743	gnl|TC-DB|P0A742|1.A.22.1.1	65.4	136	46	1	1	136	1	135	9.0e-45	176.0
BCW-200063_03746	gnl|TC-DB|P65374|2.A.6.5.5	31.4	274	186	2	16	288	444	716	3.6e-30	128.6
BCW-200063_03753	gnl|TC-DB|B8F897|3.A.1.3.28	38.6	88	54	0	7	94	125	212	1.2e-11	65.5
BCW-200063_03762	gnl|TC-DB|P42063|3.A.1.5.20	37.7	252	154	2	3	251	48	299	7.5e-37	150.6
BCW-200063_03783	gnl|TC-DB|P13512|2.A.4.1.1	43.1	304	159	4	2	303	7	298	5.0e-56	214.5
BCW-200063_03786	gnl|TC-DB|P0ABP6|9.B.27.2.3	38.6	189	106	2	15	203	21	199	1.5e-31	132.9
BCW-200063_03790	gnl|TC-DB|Q7UHP7|9.A.47.2.1	36.1	374	230	5	90	455	31	403	2.3e-55	213.0
BCW-200063_03793	gnl|TC-DB|Q9S213|3.A.1.14.22	46.5	340	180	1	9	348	11	348	2.0e-72	269.2
BCW-200063_03795	gnl|TC-DB|Q53712|3.A.1.120.3	35.0	515	298	13	12	498	43	548	1.5e-63	240.4
BCW-200063_03825	gnl|TC-DB|Q8VRK4|3.A.11.1.3	34.6	257	151	7	96	343	56	304	1.1e-20	97.4
BCW-200063_03836	gnl|TC-DB|P75958|3.A.1.125.1	39.6	134	81	0	1	134	278	411	2.0e-20	95.1
BCW-200063_03847	gnl|TC-DB|P63395|3.A.1.5.26	51.3	263	123	2	2	259	346	608	2.6e-67	251.9
BCW-200063_03848	gnl|TC-DB|Q93IU0|3.A.1.5.36	45.8	273	142	2	332	604	7	273	7.1e-65	245.0
BCW-200063_03849	gnl|TC-DB|P75798|3.A.1.5.11	33.0	312	200	3	1	311	1	304	7.0e-37	151.0
BCW-200063_03855	gnl|TC-DB|Q87WH3|3.A.1.12.10	69.6	56	17	0	1	56	242	297	4.2e-17	82.8
BCW-200063_03865	gnl|TC-DB|D5CES3|2.A.7.1.10	42.7	103	59	0	3	105	1	103	1.3e-20	95.5
BCW-200063_03883	gnl|TC-DB|P69811|4.A.2.1.1	40.3	139	82	1	1	138	1	139	4.1e-24	107.5
BCW-200063_03884	gnl|TC-DB|P42956|4.A.2.1.5	46.5	538	217	7	9	544	6	474	1.8e-115	412.9
BCW-200063_03885	gnl|TC-DB|Q0S1M9|8.A.7.1.2	56.8	162	69	1	1	162	390	550	2.2e-40	161.8
BCW-200063_03893	gnl|TC-DB|Q8NSN3|3.A.1.24.4	51.6	217	105	0	3	219	4	220	2.1e-51	198.7
BCW-200063_03894	gnl|TC-DB|Q9HT70|3.A.1.24.5	50.3	338	160	5	5	340	2	333	4.2e-83	304.7
BCW-200063_03908	gnl|TC-DB|P75797|3.A.1.5.11	26.0	377	238	9	48	405	30	384	8.5e-19	91.7
BCW-200063_03914	gnl|TC-DB|Q9UEF7|8.A.49.1.1	29.8	513	272	16	8	489	61	516	6.6e-50	194.9
BCW-200063_03915	gnl|TC-DB|Q9X9R5|3.A.1.1.23	47.8	270	137	3	35	303	10	276	1.4e-61	233.0
BCW-200063_03916	gnl|TC-DB|Q9X9R6|3.A.1.1.23	41.2	301	174	2	17	314	6	306	1.9e-67	252.7
BCW-200063_03923	gnl|TC-DB|P75892|2.A.40.1.3	40.5	422	228	5	2	407	7	421	1.8e-75	279.6
BCW-200063_03924	gnl|TC-DB|O30491|3.A.1.1.49	71.4	70	20	0	2	71	367	436	6.5e-23	102.4
BCW-200063_03927	gnl|TC-DB|P75798|3.A.1.5.11	33.9	313	198	1	1	313	1	304	2.1e-44	176.0
BCW-200063_03928	gnl|TC-DB|P75797|3.A.1.5.11	27.4	511	309	16	8	480	10	496	7.2e-36	148.3
BCW-200063_03932	gnl|TC-DB|P0ABJ3|3.D.4.5.1	75.2	117	29	0	2	118	88	204	7.4e-48	186.0
BCW-200063_03942	gnl|TC-DB|Q9I202|1.B.25.1.7	42.2	83	41	2	1	83	334	409	3.5e-12	67.0
BCW-200063_03961	gnl|TC-DB|P65526|2.A.36.3.3	27.4	580	341	14	4	563	16	535	4.0e-38	156.0
BCW-200063_03963	gnl|TC-DB|Q56725|2.A.33.1.2	33.6	378	221	10	403	764	10	373	8.4e-39	158.7
BCW-200063_03967	gnl|TC-DB|O53656|2.A.86.1.7	37.5	333	208	0	28	360	9	341	1.6e-54	209.9
BCW-200063_04020	gnl|TC-DB|P75901|2.A.108.2.3	36.2	279	151	5	1	276	1	255	4.6e-33	138.3
BCW-200063_04021	gnl|TC-DB|P0AB24|2.A.108.2.3	35.0	394	220	8	12	403	9	368	1.9e-42	169.9
BCW-200063_04037	gnl|TC-DB|P07821|3.A.1.14.3	29.0	241	168	2	9	249	14	251	4.6e-21	98.2
BCW-200063_04042	gnl|TC-DB|P77735|8.A.5.1.6	48.5	324	155	4	6	323	6	323	8.7e-83	303.5
BCW-200063_04055	gnl|TC-DB|Q887X9|9.B.159.6.7	73.8	61	16	0	1	61	849	909	4.7e-17	82.8
BCW-200063_04068	gnl|TC-DB|Q9F9T4|3.A.1.5.23	45.1	565	287	9	1	546	5	565	6.3e-121	431.0
BCW-200063_04069	gnl|TC-DB|Q9F351|3.A.1.5.35	47.5	284	147	2	30	313	24	305	1.9e-69	259.2
BCW-200063_04070	gnl|TC-DB|B1W1M1|3.A.1.5.37	42.3	305	175	1	4	307	4	308	1.7e-59	226.1
BCW-200063_04072	gnl|TC-DB|B1W1M2|3.A.1.5.37	40.5	524	292	8	13	525	10	524	1.4e-104	376.7
BCW-200063_04097	gnl|TC-DB|Q9X4X4|2.A.1.30.1	32.8	375	229	9	2	365	168	530	4.5e-38	155.2
BCW-200063_04108	gnl|TC-DB|I1WBQ5|9.B.142.5.1	36.5	178	97	3	3	167	363	537	1.3e-29	125.9
BCW-200063_04116	gnl|TC-DB|Q6GUB2|3.A.1.25.1	36.6	224	132	4	4	222	3	221	7.9e-30	127.1
BCW-200063_04118	gnl|TC-DB|P48245|3.A.1.3.9	41.3	230	128	3	43	268	6	232	1.9e-31	132.9
BCW-200063_04119	gnl|TC-DB|P48244|3.A.1.3.9	41.4	210	111	4	18	215	19	228	6.3e-29	124.0
BCW-200063_04130	gnl|TC-DB|Q93J92|3.A.1.1.36	37.5	269	165	2	4	270	29	296	1.9e-46	182.6
BCW-200063_04131	gnl|TC-DB|Q93J93|3.A.1.1.36	37.6	306	185	5	4	305	6	309	5.8e-47	184.5
BCW-200063_04137	gnl|TC-DB|Q9HTI6|3.A.1.12.12	52.3	128	58	1	1	125	180	307	5.1e-34	140.2
BCW-200063_04150	gnl|TC-DB|Q6SJ76|2.A.7.3.67	42.6	270	155	0	9	278	8	277	2.6e-52	202.2
BCW-200063_04160	gnl|TC-DB|Q9HTI8|3.A.1.12.12	64.5	110	39	0	1	110	283	392	5.5e-37	149.8
BCW-200063_04173	gnl|TC-DB|A7NH43|3.A.1.17.8	30.7	192	119	4	10	199	81	260	9.2e-12	67.0
BCW-200063_04174	gnl|TC-DB|O05347|3.A.1.16.2	46.5	243	124	4	24	263	46	285	5.9e-45	177.6
BCW-200063_04176	gnl|TC-DB|A7NH44|3.A.1.17.8	28.7	296	180	10	5	294	1	271	1.4e-18	90.5
BCW-200063_04185	gnl|TC-DB|P54700|3.A.6.2.1	91.5	47	4	0	1	47	199	245	1.8e-16	80.5
BCW-200063_04195	gnl|TC-DB|Q6MMD5|9.B.18.2.1	53.1	486	211	2	36	521	157	625	4.8e-142	501.1
BCW-200063_04196	gnl|TC-DB|O05177|3.A.1.2.5	42.1	380	219	1	33	411	18	397	2.3e-75	279.3
BCW-200063_04197	gnl|TC-DB|Q8G3R0|3.A.1.2.22	62.5	514	185	5	1	507	1	513	5.1e-178	620.5
BCW-200063_04216	gnl|TC-DB|C3KCB5|3.A.1.7.3	96.7	92	3	0	1	92	181	272	1.6e-45	177.9
BCW-200063_04231	gnl|TC-DB|O34362|3.A.1.30.1	42.3	194	101	2	3	196	317	499	3.0e-33	138.3
BCW-200063_04233	gnl|TC-DB|Q9RCF6|3.A.1.14.6	49.8	283	142	0	49	331	33	315	3.3e-77	285.0
BCW-200063_04235	gnl|TC-DB|I7FD23|2.A.1.2.97	41.2	413	222	5	1	405	1	400	1.8e-64	243.0
BCW-200063_04242	gnl|TC-DB|P76387|8.A.3.3.2	33.5	203	134	1	241	442	496	698	4.2e-28	122.5
BCW-200063_04253	gnl|TC-DB|D7A5Q8|2.A.7.3.66	46.3	82	44	0	3	84	205	286	5.6e-16	79.7
BCW-200063_04277	gnl|TC-DB|P22610|3.A.15.2.1	75.0	100	25	0	1	100	191	290	2.0e-41	164.5
BCW-200063_04278	gnl|TC-DB|D5ARG8|2.A.88.1.3	47.8	182	86	2	16	188	4	185	5.3e-30	127.5
BCW-200063_04286	gnl|TC-DB|P0A2I7|3.A.1.3.1	68.0	128	41	0	1	128	102	229	2.1e-46	181.4
BCW-200063_04306	gnl|TC-DB|P0A2L3|9.A.40.1.2	33.5	230	149	2	165	393	35	261	6.1e-39	158.3
BCW-200063_04312	gnl|TC-DB|W0WN20|3.A.1.5.39	88.5	183	21	0	1	183	154	336	8.7e-88	319.3
BCW-200063_04318	gnl|TC-DB|P0A630|3.A.1.7.4	37.0	243	146	2	5	246	88	324	1.9e-37	152.5
BCW-200063_04319	gnl|TC-DB|Q7WTY6|3.A.1.7.2	37.8	278	166	3	103	375	24	299	2.0e-42	169.9
BCW-200063_04320	gnl|TC-DB|Q7WTY8|3.A.1.7.2	34.7	357	205	7	19	368	37	372	6.2e-40	161.8
BCW-200063_04328	gnl|TC-DB|Q9ZGB6|2.A.1.3.32	34.4	497	310	3	18	514	18	498	1.3e-76	283.9
BCW-200063_04335	gnl|TC-DB|Q2J9P5|3.A.1.125.3	46.7	240	124	2	11	249	61	297	6.2e-52	200.7
BCW-200063_04343	gnl|TC-DB|H5X1B8|2.A.1.21.21	29.3	372	245	8	21	385	10	370	5.3e-19	92.0
BCW-200063_04346	gnl|TC-DB|A8ALD3|2.A.49.5.5	34.7	430	249	9	6	414	33	451	4.1e-48	188.7
BCW-200063_04362	gnl|TC-DB|P15645|3.A.15.1.1	44.8	116	51	3	1	104	375	489	8.3e-22	99.4
BCW-200063_04364	gnl|TC-DB|P00163|3.D.3.3.1	44.4	151	79	3	2	151	228	374	1.3e-26	115.9
BCW-200063_04374	gnl|TC-DB|B7V849|1.B.25.1.32	73.3	172	46	0	2	173	277	448	8.3e-72	266.2
BCW-200063_04376	gnl|TC-DB|P0A5Y8|3.A.5.2.2	61.3	919	315	6	5	883	2	919	0.0e+00	1075.8
BCW-200063_04396	gnl|TC-DB|I6YB99|1.C.109.1.4	46.7	244	121	3	4	244	6	243	3.2e-46	181.8
BCW-200063_04416	gnl|TC-DB|P63144|8.A.5.1.3	22.5	315	221	8	43	338	75	385	3.9e-12	68.9
BCW-200063_04418	gnl|TC-DB|P31552|4.C.1.1.6	22.8	548	359	16	93	627	21	517	1.0e-21	101.7
BCW-200063_04420	gnl|TC-DB|Q7UHP7|9.A.47.2.1	42.0	319	165	5	26	336	105	411	7.0e-54	207.6
BCW-200063_04438	gnl|TC-DB|I6L8P4|2.A.66.1.33	33.1	420	273	4	14	429	18	433	7.9e-51	198.0
BCW-200063_04441	gnl|TC-DB|Q9ZG93|3.A.1.110.12	100.0	33	0	0	1	33	401	433	1.7e-13	70.1
BCW-200063_04451	gnl|TC-DB|P48242|3.A.1.3.9	39.0	308	142	8	4	297	8	283	6.6e-48	187.6
BCW-200063_04452	gnl|TC-DB|P48243|3.A.1.3.9	76.0	242	58	0	21	262	1	242	3.1e-102	367.9
BCW-200063_04454	gnl|TC-DB|P02924|3.A.1.2.2	60.3	121	46	2	2	121	207	326	3.4e-35	144.1
BCW-200063_04459	gnl|TC-DB|Q9I202|1.B.25.1.7	44.2	104	55	2	1	103	308	409	2.8e-19	90.9
BCW-200063_04461	gnl|TC-DB|O34738|3.A.1.30.1	33.9	189	117	2	19	204	4	187	5.9e-19	90.9
BCW-200063_04464	gnl|TC-DB|P0AFU2|2.A.47.4.8	35.9	184	118	0	252	435	427	610	3.2e-27	119.4
BCW-200063_04472	gnl|TC-DB|Q8KN17|3.A.1.1.33	43.8	276	153	2	6	280	3	277	1.6e-56	216.1
BCW-200063_04473	gnl|TC-DB|P0AFR7|3.A.1.1.46	31.2	269	176	3	37	305	20	279	6.9e-32	134.4
BCW-200063_04475	gnl|TC-DB|A9BJX0|3.A.3.2.21	33.0	906	561	11	16	898	1	883	3.5e-121	432.6
BCW-200063_04485	gnl|TC-DB|I7HQW2|2.A.1.53.9	26.2	366	258	5	23	382	14	373	9.0e-19	91.3
BCW-200063_04494	gnl|TC-DB|P64711|2.A.75.1.3	49.5	192	91	2	13	204	2	187	3.8e-39	157.9
BCW-200063_04501	gnl|TC-DB|Q9X0T1|3.A.1.1.22	32.2	354	225	6	40	385	25	371	3.1e-53	205.7
BCW-200063_04505	gnl|TC-DB|Q9HU30|3.A.1.3.23	71.1	83	24	0	1	83	146	228	8.0e-28	119.0
BCW-200063_04507	gnl|TC-DB|Q6ADZ6|4.F.1.1.7	61.5	182	70	0	7	188	6	187	1.7e-57	218.8
BCW-200063_04542	gnl|TC-DB|Q93KB9|3.A.1.1.11	26.2	260	184	5	2	253	41	300	1.8e-22	102.8
BCW-200063_04543	gnl|TC-DB|Q72H67|3.A.1.1.25	34.0	253	146	5	50	297	47	283	3.6e-30	128.6
BCW-200063_04592	gnl|TC-DB|Q9KN48|3.A.23.1.1	41.7	216	117	3	21	231	203	414	2.5e-34	142.5
BCW-200063_04599	gnl|TC-DB|P63386|3.A.1.27.3	59.9	227	91	0	1	227	40	266	1.6e-78	288.9
BCW-200063_04602	gnl|TC-DB|Q9X0T0|3.A.1.1.22	46.5	258	131	4	91	341	317	574	4.6e-58	221.5
BCW-200063_04603	gnl|TC-DB|Q9X2F5|3.A.1.1.22	44.7	215	118	1	75	289	620	833	4.5e-46	181.4
BCW-200063_04605	gnl|TC-DB|P77389|2.A.1.2.65	67.2	61	20	0	1	61	313	373	1.2e-14	75.1
BCW-200063_04619	gnl|TC-DB|P77389|2.A.1.2.65	37.5	360	216	1	2	361	5	355	2.3e-56	216.1
BCW-200063_04659	gnl|TC-DB|P0AB98|3.A.2.1.1	69.4	216	58	2	3	218	64	271	1.1e-76	282.7
BCW-200063_04672	gnl|TC-DB|P76242|2.A.1.17.3	35.6	390	236	6	19	403	13	392	1.1e-53	207.2
BCW-200063_04681	gnl|TC-DB|P66791|3.A.5.2.2	46.1	76	41	0	8	83	1	76	1.5e-13	71.6
BCW-200063_04693	gnl|TC-DB|O32859|2.A.1.21.4	33.3	384	251	3	18	397	22	404	1.1e-39	160.6
BCW-200063_04696	gnl|TC-DB|A9WDR8|3.A.1.17.13	42.0	262	135	4	4	265	1	245	3.3e-46	181.8
BCW-200063_04697	gnl|TC-DB|A9WDS0|3.A.1.17.13	37.2	258	156	3	24	277	13	268	5.8e-30	127.9
BCW-200063_04711	gnl|TC-DB|M3JA40|1.B.52.2.1	54.9	71	32	0	8	78	280	350	3.4e-12	67.8
BCW-200063_04746	gnl|TC-DB|O27840|2.A.107.1.2	41.7	187	104	1	1	187	1	182	7.0e-32	133.7
BCW-200063_04751	gnl|TC-DB|D6ZW62|3.A.1.1.48	40.4	287	159	3	13	291	33	315	6.5e-53	204.1
BCW-200063_04752	gnl|TC-DB|D6ZW63|3.A.1.1.48	41.9	315	151	10	6	298	12	316	8.1e-54	207.2
BCW-200063_04776	gnl|TC-DB|Q9AK99|2.A.7.3.41	40.6	298	162	8	37	325	32	323	1.7e-38	156.4
BCW-200063_04790	gnl|TC-DB|P0AEX7|3.A.1.4.1	51.7	147	71	0	1	147	162	308	2.0e-34	141.7
BCW-200063_04811	gnl|TC-DB|Q5KYD1|2.A.17.1.7	44.2	480	260	5	13	485	18	496	1.2e-104	376.7
BCW-200063_04819	gnl|TC-DB|Q9WYR1|3.A.1.1.39	33.6	229	147	3	88	314	45	270	4.1e-29	125.2
BCW-200063_04820	gnl|TC-DB|Q72H67|3.A.1.1.25	38.0	271	161	4	29	294	8	276	1.4e-40	163.3
BCW-200063_04823	gnl|TC-DB|Q2PGB8|3.A.1.120.5	33.4	407	196	19	4	394	130	477	1.2e-23	107.5
BCW-200063_04858	gnl|TC-DB|O68878|3.A.1.14.21	86.7	75	10	0	1	75	252	326	7.6e-30	125.6
BCW-200063_04861	gnl|TC-DB|A0QQ68|3.A.1.9.2	41.9	191	109	2	77	266	343	532	8.1e-34	140.6
BCW-200063_04862	gnl|TC-DB|A0QQ68|3.A.1.9.2	34.7	190	123	1	83	271	343	532	7.6e-27	117.5
BCW-200063_04865	gnl|TC-DB|P75798|3.A.1.5.11	46.1	89	48	0	1	89	218	306	2.3e-17	84.3
BCW-200063_04874	gnl|TC-DB|O50481|2.A.78.2.2	48.0	223	109	4	9	227	20	239	2.3e-37	152.1
BCW-200063_04878	gnl|TC-DB|O31712|3.A.1.122.2	28.2	277	195	2	14	286	119	395	4.5e-22	101.7
BCW-200063_04886	gnl|TC-DB|P63391|3.A.1.21.2	29.4	211	135	6	62	269	42	241	3.2e-17	85.5
BCW-200063_04887	gnl|TC-DB|Q9S215|3.A.1.14.22	65.7	254	86	1	11	263	22	275	1.8e-94	342.0
BCW-200063_04888	gnl|TC-DB|P23877|3.A.1.14.2	47.5	297	155	1	53	348	34	330	7.0e-62	234.2
BCW-200063_04889	gnl|TC-DB|P23876|3.A.1.14.2	50.4	276	134	3	5	279	60	333	6.7e-63	237.3
BCW-200063_04893	gnl|TC-DB|Q9RDP2|2.A.121.1.2	45.7	162	82	3	80	235	80	241	2.8e-25	112.1
BCW-200063_04900	gnl|TC-DB|Q1M605|3.A.3.7.2	51.5	561	258	4	9	560	5	560	1.6e-145	512.7
BCW-200063_04901	gnl|TC-DB|Q1M606|3.A.3.7.2	58.0	688	262	7	37	719	18	683	2.2e-190	662.1
BCW-200063_04916	gnl|TC-DB|P75796|3.A.1.5.11	44.0	570	296	5	3	550	11	579	1.5e-117	419.9
BCW-200063_04917	gnl|TC-DB|O30544|3.A.1.5.4	31.1	270	168	6	46	312	32	286	8.7e-22	100.9
BCW-200063_04918	gnl|TC-DB|W0WN20|3.A.1.5.39	37.8	336	202	3	24	357	4	334	1.1e-54	210.3
BCW-200063_04940	gnl|TC-DB|D6ZW62|3.A.1.1.48	32.9	286	176	4	25	304	40	315	2.4e-34	142.5
BCW-200063_04941	gnl|TC-DB|P10905|3.A.1.1.3	27.7	274	184	6	1	266	16	283	2.8e-13	72.4
BCW-200063_04961	gnl|TC-DB|P0A6W3|9.B.146.1.6	36.4	368	190	13	3	363	29	359	1.2e-48	190.3
BCW-200063_04963	gnl|TC-DB|X2BJI2|2.A.103.1.4	36.3	364	229	2	38	400	55	416	8.9e-56	214.2
BCW-200063_04971	gnl|TC-DB|P21345|2.A.23.1.1	85.5	152	22	0	1	152	272	423	2.6e-65	244.6
BCW-200063_04990	gnl|TC-DB|Q9XCR9|3.A.1.15.7	34.9	126	79	2	2	126	5	128	1.6e-11	66.6
BCW-200063_05025	gnl|TC-DB|P96483|3.A.1.1.23	68.2	377	104	2	1	361	1	377	4.1e-145	510.8
BCW-200063_05039	gnl|TC-DB|O31711|3.A.1.122.2	44.9	216	119	0	16	231	3	218	3.0e-48	188.3
BCW-200063_05076	gnl|TC-DB|P18275|2.A.3.2.3	81.5	108	20	0	1	108	375	482	1.2e-44	175.3
BCW-200063_05083	gnl|TC-DB|P75796|3.A.1.5.11	47.6	229	120	0	19	247	340	568	3.4e-50	194.9
BCW-200063_05086	gnl|TC-DB|Q9HT68|3.A.1.24.5	28.6	241	166	2	62	302	23	257	5.8e-26	114.8
BCW-200063_05117	gnl|TC-DB|P69874|3.A.1.11.1	98.1	54	1	0	1	54	325	378	8.2e-26	111.7
BCW-200063_05127	gnl|TC-DB|Q8TD19|1.I.1.1.3	25.8	221	158	4	65	281	97	315	1.6e-19	94.4
BCW-200063_05131	gnl|TC-DB|Q9XIA9|4.C.1.1.14	25.2	599	379	14	48	598	80	657	7.5e-43	171.8
BCW-200063_05133	gnl|TC-DB|O69740|3.A.24.1.1	38.6	267	160	3	211	475	390	654	2.8e-40	162.9
BCW-200063_05134	gnl|TC-DB|Q03030|3.B.1.1.1	32.5	624	364	11	529	1131	3	590	6.0e-70	262.7
BCW-200063_05158	gnl|TC-DB|Q92TN2|3.A.1.4.7	41.9	105	60	1	1	104	226	330	1.6e-13	72.0
BCW-200063_05169	gnl|TC-DB|O52557|2.A.1.3.15	32.0	522	314	6	7	525	14	497	5.5e-58	221.9
BCW-200063_05197	gnl|TC-DB|Q52463|4.D.1.1.9	85.6	312	45	0	1	312	183	494	1.1e-154	542.3
BCW-200063_05206	gnl|TC-DB|Q47Q85|2.A.115.2.7	52.7	182	85	1	4	185	34	214	9.8e-43	169.9
BCW-200063_05220	gnl|TC-DB|P69451|4.C.1.1.4	38.1	569	309	14	10	557	5	551	1.9e-93	339.7
BCW-200063_05232	gnl|TC-DB|B9DIS8|9.B.97.5.1	30.9	372	234	9	21	382	5	363	1.2e-31	134.8
BCW-200063_05246	gnl|TC-DB|D2PP09|2.A.1.67.1	31.8	381	247	6	4	373	5	383	2.3e-32	136.3
BCW-200063_05273	gnl|TC-DB|G7U9U2|2.A.79.1.3	36.7	251	156	3	3	252	173	421	1.6e-26	116.3
BCW-200063_05278	gnl|TC-DB|P16482|2.A.1.6.1	73.1	156	42	0	1	156	281	436	3.5e-59	224.2
BCW-200063_05309	gnl|TC-DB|G4NXA5|1.A.33.1.4	57.8	625	248	8	1	623	1	611	3.9e-188	654.4
BCW-200063_05310	gnl|TC-DB|C5C6P3|2.A.1.24.5	47.8	433	222	2	24	454	8	438	2.3e-97	352.4
BCW-200063_05313	gnl|TC-DB|Q92WM0|2.A.15.1.5	44.4	489	265	5	36	522	57	540	3.5e-111	398.7
BCW-200063_05320	gnl|TC-DB|P77735|8.A.5.1.6	25.5	326	205	6	6	318	13	313	5.2e-19	91.7
BCW-200063_05331	gnl|TC-DB|Q72H66|3.A.1.1.25	42.2	282	156	3	3	280	1	279	4.5e-51	198.0
BCW-200063_05332	gnl|TC-DB|Q9KZ07|3.A.1.1.44	36.5	296	155	7	33	303	36	323	9.7e-39	157.1
BCW-200063_05334	gnl|TC-DB|C3KCB6|3.A.1.7.3	100.0	36	0	0	1	36	262	297	6.2e-14	71.6
BCW-200063_05352	gnl|TC-DB|P76350|2.A.1.6.6	39.1	407	242	4	20	420	20	426	3.6e-71	265.4
BCW-200063_05362	gnl|TC-DB|P73329|3.A.1.141.1	33.6	217	135	5	12	220	28	243	1.8e-26	116.3
BCW-200063_05402	gnl|TC-DB|P15028|3.A.1.14.1	31.0	174	113	3	5	173	37	208	6.2e-15	77.8
BCW-200063_05408	gnl|TC-DB|D5AQY6|3.A.1.23.7	34.2	219	129	6	23	233	23	234	2.2e-20	95.9
BCW-200063_05444	gnl|TC-DB|Q9UEF7|8.A.49.1.1	27.5	483	290	14	7	467	61	505	2.7e-40	162.9
BCW-200063_05464	gnl|TC-DB|P46912|3.D.3.4.1	28.8	226	134	3	38	253	7	215	6.4e-26	115.5
BCW-200063_05467	gnl|TC-DB|Q9AEL8|3.D.4.4.2	50.0	204	88	4	12	213	14	205	5.5e-49	190.7
BCW-200063_05470	gnl|TC-DB|P76242|2.A.1.17.3	27.2	404	260	8	19	419	14	386	2.7e-26	116.3
BCW-200063_05499	gnl|TC-DB|Q7A3S4|2.A.1.3.61	37.6	418	248	2	28	445	9	413	2.0e-70	263.1
BCW-200063_05515	gnl|TC-DB|Q8TDX7|1.I.1.1.3	27.5	258	173	8	12	261	31	282	1.7e-16	83.6
BCW-200063_05564	gnl|TC-DB|O31712|3.A.1.122.2	27.1	409	250	13	12	393	8	395	1.6e-22	103.6
BCW-200063_05565	gnl|TC-DB|O31711|3.A.1.122.2	46.8	216	114	1	10	224	1	216	1.1e-50	196.4
BCW-200063_05602	gnl|TC-DB|Q6EE14|3.A.23.2.1	43.7	119	66	1	1	118	742	860	6.3e-21	96.7
BCW-200063_05603	gnl|TC-DB|Q8DQH8|3.A.1.4.10	48.5	66	33	1	2	66	189	254	7.1e-11	62.4
BCW-200063_05625	gnl|TC-DB|A8H4W6|3.A.1.2.15	36.6	290	175	2	50	330	56	345	4.3e-37	151.8
BCW-200063_05626	gnl|TC-DB|P04983|3.A.1.2.1	42.6	188	97	3	2	184	313	494	2.1e-36	148.7
BCW-200063_05640	gnl|TC-DB|O30085|3.A.3.5.10	49.2	382	189	4	5	384	312	690	1.4e-85	313.2
BCW-200063_05644	gnl|TC-DB|P0ADZ7|3.A.5.1.1	95.9	49	2	0	1	49	62	110	6.1e-20	92.0
BCW-200063_05649	gnl|TC-DB|H8I7G5|3.A.1.147.9	39.6	240	140	1	19	253	7	246	3.6e-50	194.9
BCW-200063_05652	gnl|TC-DB|P0AEU3|3.A.1.3.29	61.6	86	33	0	1	86	150	235	1.5e-24	108.2
BCW-200063_05655	gnl|TC-DB|Q9HUJ1|2.A.6.2.27	80.4	168	33	0	1	168	311	478	2.5e-73	271.2
