BCW-200100_00003	gnl|TC-DB|G8UJK3|9.B.124.1.7	39.2	125	60	4	108	217	3	126	2.0e-14	75.9
BCW-200100_00055	gnl|TC-DB|D6I8Y6|4.F.1.3.3	42.2	211	108	4	3	213	2	198	3.2e-33	138.3
BCW-200100_00060	gnl|TC-DB|E7UC95|1.E.14.1.9	32.5	114	77	0	10	123	16	129	9.0e-16	79.7
BCW-200100_00062	gnl|TC-DB|E7BBJ1|9.B.102.5.2	54.7	128	57	1	11	137	11	138	1.5e-29	125.6
BCW-200100_00063	gnl|TC-DB|E7BBJ2|9.B.102.5.5	50.0	132	66	0	1	132	1	132	1.1e-31	132.5
BCW-200100_00074	gnl|TC-DB|P25184|1.B.14.1.14	21.5	841	517	27	51	823	54	819	1.4e-23	108.2
BCW-200100_00081	gnl|TC-DB|F2WVP9|2.A.1.60.3	38.1	370	219	1	18	387	9	368	2.8e-62	235.7
BCW-200100_00085	gnl|TC-DB|Q9L3S2|3.A.1.4.4	47.4	215	111	2	14	227	4	217	4.5e-49	191.0
BCW-200100_00086	gnl|TC-DB|Q8NRV8|3.A.1.4.5	40.6	244	137	4	33	274	1	238	2.6e-43	172.2
BCW-200100_00087	gnl|TC-DB|Q9L3S4|3.A.1.4.4	39.5	311	179	2	41	346	30	336	1.5e-54	209.9
BCW-200100_00088	gnl|TC-DB|Q8NRW0|3.A.1.4.5	47.9	288	144	2	258	545	10	291	5.1e-59	225.3
BCW-200100_00089	gnl|TC-DB|Q9L3S6|3.A.1.4.4	45.6	421	198	11	14	426	15	412	1.9e-93	339.3
BCW-200100_00090	gnl|TC-DB|P06971|1.B.14.1.2	21.3	746	537	23	13	720	14	747	3.1e-27	120.2
BCW-200100_00093	gnl|TC-DB|Q9Z445|2.A.70.1.2	80.5	246	48	0	9	254	9	254	3.4e-106	380.9
BCW-200100_00094	gnl|TC-DB|Q9Z446|2.A.70.1.2	67.2	125	41	0	1	125	24	148	4.9e-35	143.7
BCW-200100_00097	gnl|TC-DB|O06927|3.B.1.1.4	30.7	231	146	4	36	262	41	261	3.2e-25	112.1
BCW-200100_00098	gnl|TC-DB|O06926|3.B.1.1.4	38.6	251	144	1	8	248	7	257	3.8e-42	168.3
BCW-200100_00101	gnl|TC-DB|O06924|3.B.1.1.4	54.6	555	246	3	8	559	3	554	3.9e-179	624.4
BCW-200100_00105	gnl|TC-DB|P0ABK2|3.D.4.3.2	27.8	363	206	9	1	310	1	360	6.2e-28	121.3
BCW-200100_00113	gnl|TC-DB|P94400|9.B.10.1.1	54.2	395	173	4	11	401	3	393	2.2e-112	402.1
BCW-200100_00125	gnl|TC-DB|P77589|2.A.1.15.2	43.7	394	217	3	3	396	5	393	8.5e-83	303.9
BCW-200100_00130	gnl|TC-DB|Q6FDI3|1.B.25.1.6	42.1	425	234	6	2	415	4	427	2.1e-89	325.9
BCW-200100_00136	gnl|TC-DB|Q51485|1.B.19.1.1	45.7	442	221	5	10	439	20	454	1.4e-112	402.9
BCW-200100_00142	gnl|TC-DB|Q51955|2.A.1.15.1	64.8	440	153	1	12	451	11	448	7.0e-163	570.1
BCW-200100_00157	gnl|TC-DB|P16869|1.B.14.1.1	39.4	720	402	10	16	716	25	729	2.6e-143	505.8
BCW-200100_00164	gnl|TC-DB|P0A8K8|9.B.126.2.1	27.6	214	151	1	69	282	70	279	3.9e-19	92.4
BCW-200100_00166	gnl|TC-DB|P43531|2.A.1.36.1	37.3	408	246	3	12	414	5	407	1.5e-66	250.0
BCW-200100_00206	gnl|TC-DB|P15078|2.A.114.1.1	57.4	672	278	4	14	679	8	677	2.0e-220	761.9
BCW-200100_00212	gnl|TC-DB|P39836|2.A.28.3.4	49.5	319	153	3	7	322	7	320	7.6e-74	273.9
BCW-200100_00214	gnl|TC-DB|G3XCT7|2.A.1.25.5	27.4	752	305	14	17	711	6	573	3.7e-65	246.1
BCW-200100_00226	gnl|TC-DB|Q848I3|2.A.23.1.10	72.4	427	104	1	3	429	4	416	2.0e-170	595.1
BCW-200100_00237	gnl|TC-DB|Q8F3M7|3.A.15.4.1	40.4	480	278	4	104	581	83	556	9.2e-99	357.5
BCW-200100_00242	gnl|TC-DB|Q7WZL2|1.B.1.4.3	28.6	161	109	2	19	173	23	183	6.0e-13	71.6
BCW-200100_00243	gnl|TC-DB|P94575|2.A.39.3.4	33.8	461	297	4	16	473	12	467	1.6e-80	296.6
BCW-200100_00262	gnl|TC-DB|E8PBU7|2.A.6.3.3	78.4	1012	218	1	22	1033	1	1011	0.0e+00	1495.3
BCW-200100_00270	gnl|TC-DB|V9RYY0|2.A.76.2.3	40.9	193	114	0	2	194	4	196	8.3e-36	146.7
BCW-200100_00273	gnl|TC-DB|A0L4L0|3.A.1.132.3	42.1	252	132	4	148	395	89	330	1.6e-52	203.4
BCW-200100_00275	gnl|TC-DB|P0A927|1.B.10.1.1	44.1	254	132	4	35	281	44	294	4.1e-60	228.0
BCW-200100_00278	gnl|TC-DB|Q51955|2.A.1.15.1	43.5	428	238	3	2	426	10	436	1.6e-87	319.7
BCW-200100_00282	gnl|TC-DB|Q46821|2.A.40.3.3	39.2	454	268	5	14	460	6	458	1.1e-81	300.4
BCW-200100_00289	gnl|TC-DB|Q9RQ30|8.A.1.1.2	30.8	308	198	6	85	388	61	357	4.1e-26	115.5
BCW-200100_00299	gnl|TC-DB|Q05202|1.B.14.1.15	29.1	698	451	17	40	717	85	758	1.9e-74	276.9
BCW-200100_00301	gnl|TC-DB|P0AFF0|3.D.1.1.1	47.5	480	245	4	4	480	2	477	3.3e-113	405.2
BCW-200100_00302	gnl|TC-DB|P0AFE8|3.D.1.1.1	61.2	508	188	3	5	508	1	503	2.5e-175	611.7
BCW-200100_00303	gnl|TC-DB|P33607|3.D.1.1.1	56.1	627	261	3	1	627	1	613	1.9e-182	635.6
BCW-200100_00304	gnl|TC-DB|P0AFE4|3.D.1.1.1	50.5	99	49	0	4	102	2	100	7.4e-20	92.8
BCW-200100_00305	gnl|TC-DB|P0AFE0|3.D.1.1.1	55.8	165	70	1	1	165	1	162	1.4e-39	159.1
BCW-200100_00306	gnl|TC-DB|P0AFD6|3.D.1.1.1	78.7	178	36	1	3	180	5	180	1.8e-69	258.5
BCW-200100_00307	gnl|TC-DB|P0AFD4|3.D.1.1.1	65.8	292	94	1	43	334	36	321	3.8e-113	404.4
BCW-200100_00308	gnl|TC-DB|P33602|3.D.1.1.1	59.4	890	349	5	1	879	1	889	5.6e-313	1069.7
BCW-200100_00309	gnl|TC-DB|P31979|3.D.1.1.1	66.7	426	137	4	14	437	8	430	6.4e-169	590.1
BCW-200100_00310	gnl|TC-DB|P0AFD1|3.D.1.1.1	57.2	152	65	0	18	169	14	165	2.3e-50	194.9
BCW-200100_00311	gnl|TC-DB|P33599|3.D.1.1.1	67.0	576	188	2	22	595	21	596	6.7e-246	846.3
BCW-200100_00312	gnl|TC-DB|P0AFC7|3.D.1.1.1	72.6	226	54	3	1	224	1	220	8.5e-93	336.3
BCW-200100_00313	gnl|TC-DB|P0AFC3|3.D.1.1.1	50.8	124	61	0	4	127	9	132	2.4e-29	125.2
BCW-200100_00327	gnl|TC-DB|Q5K698|3.A.7.11.1	38.8	237	141	2	1	234	1	236	3.6e-46	181.4
BCW-200100_00331	gnl|TC-DB|P76115|1.B.14.9.5	46.1	688	350	9	39	721	28	699	4.4e-175	611.3
BCW-200100_00335	gnl|TC-DB|P0A742|1.A.22.1.1	51.0	143	59	3	1	143	1	132	1.1e-29	125.9
BCW-200100_00337	gnl|TC-DB|P0AGM9|2.A.40.4.2	54.1	451	206	1	8	457	13	463	3.9e-129	458.0
BCW-200100_00339	gnl|TC-DB|P25737|2.A.3.1.2	63.8	478	172	1	2	479	5	481	4.9e-178	620.5
BCW-200100_00341	gnl|TC-DB|Q8KWW6|1.B.6.1.4	88.7	346	34	3	1	346	1	341	1.4e-171	598.6
BCW-200100_00346	gnl|TC-DB|D5CES3|2.A.7.1.10	55.2	105	47	0	1	105	1	105	3.2e-26	114.0
BCW-200100_00348	gnl|TC-DB|D8JG11|1.B.76.1.2	56.5	223	93	2	58	276	29	251	4.9e-66	247.7
BCW-200100_00349	gnl|TC-DB|Q4KCN4|9.B.62.1.5	42.5	555	296	11	8	557	35	571	1.3e-121	433.3
BCW-200100_00411	gnl|TC-DB|A7NLS3|3.A.1.17.7	33.7	246	152	4	17	255	30	271	4.9e-23	104.8
BCW-200100_00412	gnl|TC-DB|Q55107|3.A.1.16.3	40.8	223	126	2	18	234	1	223	5.9e-40	161.0
BCW-200100_00413	gnl|TC-DB|A7NLS2|3.A.1.17.7	25.0	296	195	9	46	322	61	348	8.2e-12	67.8
BCW-200100_00415	gnl|TC-DB|Q6MLK6|1.A.46.2.5	35.8	299	180	3	1	292	7	300	3.5e-49	191.8
BCW-200100_00418	gnl|TC-DB|Q53148|2.A.3.5.1	64.3	456	154	4	15	466	28	478	1.7e-151	532.3
BCW-200100_00436	gnl|TC-DB|P76350|2.A.1.6.6	67.7	433	136	1	1	429	1	433	5.6e-165	577.0
BCW-200100_00439	gnl|TC-DB|P36554|2.A.1.3.26	47.8	450	219	5	20	460	14	456	1.4e-113	406.4
BCW-200100_00441	gnl|TC-DB|L5DDD7|2.A.109.2.3	48.0	523	258	7	4	521	371	884	1.0e-120	430.3
BCW-200100_00443	gnl|TC-DB|P0AGM2|1.A.62.2.3	55.2	203	91	0	1	203	1	203	2.0e-59	225.3
BCW-200100_00444	gnl|TC-DB|O34691|2.A.1.82.4	46.3	417	196	2	19	435	12	400	3.8e-97	351.7
BCW-200100_00446	gnl|TC-DB|P69451|4.C.1.1.4	51.2	557	264	5	1	556	1	550	1.4e-165	579.3
BCW-200100_00450	gnl|TC-DB|O24779|1.B.25.1.3	40.5	437	236	7	1	429	1	421	6.7e-78	287.7
BCW-200100_00455	gnl|TC-DB|O67997|1.A.11.1.4	62.2	400	148	3	68	465	39	437	3.5e-133	471.5
BCW-200100_00465	gnl|TC-DB|P0ADC6|1.B.42.1.2	30.0	353	243	3	6	354	6	358	8.3e-42	167.5
BCW-200100_00467	gnl|TC-DB|P23865|9.B.174.1.2	24.6	338	220	8	58	365	195	527	2.3e-21	99.8
BCW-200100_00468	gnl|TC-DB|Q9KN48|3.A.23.1.1	40.4	371	196	7	118	468	164	529	1.7e-66	250.0
BCW-200100_00477	gnl|TC-DB|Q5XPH7|9.A.8.1.4	37.1	688	340	11	7	611	6	683	1.5e-112	403.3
BCW-200100_00480	gnl|TC-DB|P0ABG4|2.A.103.1.1	42.8	355	203	0	33	387	48	402	7.2e-79	290.8
BCW-200100_00486	gnl|TC-DB|Q9HUJ1|2.A.6.2.27	29.4	436	283	6	23	448	31	451	2.4e-38	156.4
BCW-200100_00500	gnl|TC-DB|P35818|1.B.22.1.2	36.5	669	352	7	31	697	53	650	2.7e-114	409.5
BCW-200100_00513	gnl|TC-DB|O34416|2.A.7.3.29	34.6	292	189	2	3	294	2	291	3.3e-47	185.3
BCW-200100_00520	gnl|TC-DB|Q47689|2.A.3.1.10	52.3	457	213	1	15	471	8	459	1.8e-137	485.7
BCW-200100_00526	gnl|TC-DB|Q8ZNJ8|3.A.1.5.24	49.8	526	255	5	12	528	4	529	2.6e-132	468.8
BCW-200100_00527	gnl|TC-DB|P33915|3.A.1.5.21	53.3	336	157	0	1	336	4	339	1.7e-100	362.5
BCW-200100_00528	gnl|TC-DB|Q7CQ74|3.A.1.5.24	54.4	364	154	2	1	352	1	364	5.8e-112	400.6
BCW-200100_00529	gnl|TC-DB|P33913|3.A.1.5.21	34.4	602	383	9	10	608	4	596	1.4e-97	353.6
BCW-200100_00549	gnl|TC-DB|Q55487|4.D.2.1.9	43.1	304	171	2	3	304	1	304	2.8e-73	271.9
BCW-200100_00551	gnl|TC-DB|V5BTU4|9.B.142.2.8	27.4	336	220	5	11	331	18	344	3.9e-30	129.4
BCW-200100_00558	gnl|TC-DB|P77223|3.D.6.1.4	47.4	114	44	4	9	116	36	139	4.9e-23	104.8
BCW-200100_00580	gnl|TC-DB|P37908|9.A.40.2.4	23.0	417	289	11	19	425	22	416	1.4e-27	120.6
BCW-200100_00582	gnl|TC-DB|P42308|2.A.11.1.2	58.4	442	162	5	1	439	1	423	1.2e-138	489.6
BCW-200100_00596	gnl|TC-DB|F0Z2G1|9.B.104.1.3	33.0	200	111	6	2	200	35	212	2.1e-15	79.3
BCW-200100_00597	gnl|TC-DB|P77504|3.A.1.122.15	29.1	803	531	13	11	800	8	785	1.1e-76	284.6
BCW-200100_00598	gnl|TC-DB|P0A9T8|3.A.1.122.15	48.9	223	113	1	5	227	6	227	2.8e-54	208.4
BCW-200100_00602	gnl|TC-DB|A3ZKG8|1.B.14.1.13	32.3	688	403	14	35	704	19	661	1.8e-86	317.0
BCW-200100_00603	gnl|TC-DB|O54507|1.B.14.1.3	49.7	735	333	12	8	725	13	727	2.7e-201	698.4
BCW-200100_00608	gnl|TC-DB|P43676|2.A.20.1.2	40.4	503	267	6	61	541	8	499	1.2e-100	363.6
BCW-200100_00614	gnl|TC-DB|P52067|2.A.1.35.1	53.6	379	174	2	28	405	26	403	9.6e-111	396.7
BCW-200100_00620	gnl|TC-DB|Q5ZYB5|3.A.7.9.1	29.8	406	271	7	12	411	6	403	3.3e-45	179.1
BCW-200100_00626	gnl|TC-DB|P75905|4.D.1.1.3	50.1	417	200	4	7	418	25	438	3.6e-121	431.4
BCW-200100_00630	gnl|TC-DB|P0A830|2.A.23.1.7	44.0	420	233	2	1	420	1	418	3.3e-98	355.1
BCW-200100_00631	gnl|TC-DB|P94400|9.B.10.1.1	23.5	226	142	5	9	205	4	227	2.4e-14	76.3
BCW-200100_00643	gnl|TC-DB|P0ABC9|2.A.15.1.4	69.0	675	207	2	10	683	3	676	4.6e-275	943.3
BCW-200100_00644	gnl|TC-DB|Q4ZLW8|2.A.15.1.3	50.9	513	249	3	14	525	12	522	1.5e-143	506.1
BCW-200100_00651	gnl|TC-DB|V5FN92|9.B.169.1.12	50.5	380	180	6	5	380	16	391	7.6e-94	340.5
BCW-200100_00652	gnl|TC-DB|Q21EL3|1.B.14.1.24	32.4	723	443	14	4	712	9	699	2.6e-95	346.3
BCW-200100_00662	gnl|TC-DB|Q07YH1|2.A.1.14.25	21.7	360	261	8	14	361	13	363	4.6e-12	68.9
BCW-200100_00671	gnl|TC-DB|Q6FDI3|1.B.25.1.6	99.3	427	3	0	1	427	1	427	6.2e-254	872.5
BCW-200100_00672	gnl|TC-DB|O24842|2.A.1.15.6	100.0	448	0	0	1	448	1	448	5.7e-242	832.8
BCW-200100_00680	gnl|TC-DB|Q21EL3|1.B.14.1.24	32.0	699	447	10	15	703	19	699	2.1e-97	353.2
BCW-200100_00682	gnl|TC-DB|Q93SS2|3.A.1.14.19	34.6	353	200	5	1	330	1	345	2.7e-42	169.1
BCW-200100_00683	gnl|TC-DB|Q9RCF3|3.A.1.14.6	34.1	229	147	3	3	227	20	248	1.2e-31	133.3
BCW-200100_00686	gnl|TC-DB|B5U2Z3|2.A.75.1.4	50.3	191	94	1	7	196	9	199	3.1e-46	181.4
BCW-200100_00704	gnl|TC-DB|917745143|1.C.75.1.2	38.1	2493	1327	43	1	2426	1	2345	5.8e-93	340.9
BCW-200100_00705	gnl|TC-DB|Q9JY22|1.B.20.1.5	37.5	530	300	9	91	599	61	580	1.3e-100	363.6
BCW-200100_00730	gnl|TC-DB|P0AGA2|3.A.5.1.1	58.0	419	167	2	23	437	18	431	3.9e-137	484.6
BCW-200100_00761	gnl|TC-DB|B0W0K4|2.A.23.2.11	36.9	428	237	8	5	402	21	445	2.8e-57	219.2
BCW-200100_00774	gnl|TC-DB|P64606|3.A.1.27.3	57.7	260	103	2	1	256	3	259	1.2e-74	276.2
BCW-200100_00775	gnl|TC-DB|P63386|3.A.1.27.3	59.8	254	102	0	12	265	8	261	1.2e-85	312.8
BCW-200100_00776	gnl|TC-DB|O00571|1.I.1.1.3	38.6	352	204	5	3	343	180	530	1.1e-55	214.5
BCW-200100_00816	gnl|TC-DB|Q93KT4|3.A.6.1.1	29.7	343	235	3	6	347	4	341	1.8e-33	139.8
BCW-200100_00817	gnl|TC-DB|P40729|3.A.6.2.1	38.1	662	395	7	16	667	21	677	1.0e-112	404.1
BCW-200100_00826	gnl|TC-DB|P15928|3.A.6.2.1	30.3	251	166	3	13	257	33	280	1.2e-26	117.5
BCW-200100_00829	gnl|TC-DB|P40290|3.A.6.1.1	45.2	403	220	1	23	425	22	423	8.7e-89	323.9
BCW-200100_00837	gnl|TC-DB|P54700|3.A.6.2.1	44.9	198	107	2	44	240	46	242	4.9e-38	154.5
BCW-200100_00846	gnl|TC-DB|P33950|3.A.1.5.27	26.9	520	301	16	21	483	10	507	5.1e-32	135.6
BCW-200100_00847	gnl|TC-DB|P75798|3.A.1.5.11	34.0	312	197	2	27	338	2	304	3.6e-43	172.2
BCW-200100_00848	gnl|TC-DB|Q92NE9|3.A.1.5.17	36.0	247	158	0	24	270	13	259	3.4e-38	155.2
BCW-200100_00849	gnl|TC-DB|P63395|3.A.1.5.26	35.3	606	366	8	9	593	4	604	1.8e-97	353.2
BCW-200100_00852	gnl|TC-DB|Q9WYC3|3.A.1.135.5	30.7	522	345	6	88	606	57	564	1.4e-57	220.7
BCW-200100_00853	gnl|TC-DB|Q9WYC4|3.A.1.135.5	32.4	580	368	9	33	603	25	589	1.1e-78	290.8
BCW-200100_00854	gnl|TC-DB|G0LBU8|1.B.14.6.11	30.2	829	501	22	36	830	192	976	1.9e-73	273.9
BCW-200100_00857	gnl|TC-DB|Q9KN48|3.A.23.1.1	42.6	230	132	0	26	255	190	419	1.3e-47	186.8
BCW-200100_00858	gnl|TC-DB|P69423|2.A.64.1.1	47.8	228	119	0	18	245	12	239	4.0e-51	198.0
BCW-200100_00861	gnl|TC-DB|O05347|3.A.1.16.2	45.7	232	123	2	3	231	26	257	5.1e-54	207.6
BCW-200100_00862	gnl|TC-DB|O85765|3.A.1.17.2	33.8	237	156	1	24	260	18	253	3.9e-33	138.3
BCW-200100_00863	gnl|TC-DB|P38044|3.A.1.16.1	26.4	246	165	5	40	272	34	276	3.7e-13	72.0
BCW-200100_00864	gnl|TC-DB|O85763|3.A.1.17.2	25.7	249	168	5	15	261	9	242	2.5e-14	76.3
BCW-200100_00867	gnl|TC-DB|Q1D0D3|1.A.30.2.7	34.0	215	137	2	6	215	22	236	1.2e-28	123.2
BCW-200100_00868	gnl|TC-DB|Q1D0D2|1.A.30.2.7	41.9	124	68	2	12	133	13	134	1.3e-19	92.4
BCW-200100_00869	gnl|TC-DB|P33950|3.A.1.5.27	24.4	446	283	15	87	487	71	507	4.4e-23	105.9
BCW-200100_00871	gnl|TC-DB|Q8EDM8|1.B.14.8.4	26.4	800	476	25	13	776	10	732	9.2e-54	208.4
BCW-200100_00877	gnl|TC-DB|P0A2G3|2.A.1.6.7	63.7	410	149	0	7	416	10	419	3.9e-150	527.7
BCW-200100_00895	gnl|TC-DB|P69451|4.C.1.1.4	26.5	532	324	15	18	503	42	552	9.2e-42	167.9
BCW-200100_00908	gnl|TC-DB|O85765|3.A.1.17.2	33.6	238	157	1	36	272	16	253	1.1e-32	137.9
BCW-200100_00909	gnl|TC-DB|Q55107|3.A.1.16.3	45.5	255	129	5	24	269	5	258	1.7e-55	212.6
BCW-200100_00911	gnl|TC-DB|Q1D0D3|1.A.30.2.7	34.4	215	136	2	6	215	22	236	5.5e-29	124.4
BCW-200100_00912	gnl|TC-DB|Q1D0D2|1.A.30.2.7	44.4	126	66	2	12	135	13	136	1.8e-21	98.6
BCW-200100_00916	gnl|TC-DB|Q9LAE4|1.B.14.8.1	27.8	723	439	24	52	740	27	700	5.5e-51	199.1
BCW-200100_00918	gnl|TC-DB|P63144|8.A.5.1.3	34.5	325	198	9	13	329	72	389	1.7e-44	176.4
BCW-200100_00919	gnl|TC-DB|Q9LAE4|1.B.14.8.1	25.6	797	458	21	67	825	27	726	7.0e-52	202.2
BCW-200100_00935	gnl|TC-DB|P94400|9.B.10.1.1	42.1	382	214	5	16	393	3	381	1.2e-81	300.1
BCW-200100_00939	gnl|TC-DB|A5W3Z9|9.B.153.4.3	55.8	285	124	1	8	292	6	288	1.3e-96	349.4
BCW-200100_00942	gnl|TC-DB|Q9KN48|3.A.23.1.1	47.6	231	116	2	15	242	196	424	2.2e-54	209.1
BCW-200100_00943	gnl|TC-DB|E7BBJ3|2.A.102.4.2	37.6	258	154	1	1	251	1	258	7.1e-35	144.1
BCW-200100_00949	gnl|TC-DB|M2X3K0|9.B.115.1.1	34.2	199	115	7	66	258	41	229	1.9e-11	66.2
BCW-200100_00957	gnl|TC-DB|G3XD29|2.A.36.6.8	34.8	434	262	11	6	430	1	422	2.8e-48	189.5
BCW-200100_00967	gnl|TC-DB|X5GWN5|3.D.10.1.6	53.9	232	105	2	4	234	24	254	3.6e-70	261.2
BCW-200100_00968	gnl|TC-DB|X5H3P0|3.D.10.1.6	48.4	622	277	8	18	632	13	597	5.6e-166	580.9
BCW-200100_00984	gnl|TC-DB|P0AC02|1.B.33.1.3	35.2	250	153	3	1	250	1	241	7.6e-40	161.0
BCW-200100_01010	gnl|TC-DB|P0AA47|2.A.3.1.14	52.5	448	203	2	12	459	13	450	4.1e-126	448.0
BCW-200100_01017	gnl|TC-DB|P61316|1.B.46.1.1	28.6	220	135	4	11	230	4	201	4.5e-17	84.7
BCW-200100_01023	gnl|TC-DB|Q2FD95|2.A.6.2.29	80.8	385	74	0	1	385	1	385	2.1e-169	591.7
BCW-200100_01024	gnl|TC-DB|Q24LT7|2.A.6.2.29	86.8	1059	139	1	1	1059	1	1058	0.0e+00	1763.0
BCW-200100_01025	gnl|TC-DB|Q24LT6|2.A.6.2.29	88.0	484	57	1	1	483	1	484	7.6e-240	825.9
BCW-200100_01036	gnl|TC-DB|O28528|1.A.11.2.7	37.4	409	226	8	4	384	37	443	6.5e-56	214.5
BCW-200100_01040	gnl|TC-DB|Q1D1G6|2.A.1.57.4	34.5	391	233	8	10	399	9	377	7.1e-45	177.9
BCW-200100_01044	gnl|TC-DB|P0AA53|8.A.21.2.2	41.9	186	107	1	5	189	1	186	1.5e-38	156.4
BCW-200100_01046	gnl|TC-DB|P15993|2.A.3.1.3	62.6	444	161	3	7	449	10	449	3.2e-155	544.7
BCW-200100_01048	gnl|TC-DB|G3IME2|9.B.35.1.2	34.4	128	75	3	8	133	21	141	1.8e-18	88.6
BCW-200100_01056	gnl|TC-DB|Q1M607|3.A.3.7.2	45.7	186	97	2	23	206	6	189	4.4e-35	144.4
BCW-200100_01057	gnl|TC-DB|Q1M606|3.A.3.7.2	54.8	682	289	6	4	668	2	681	1.0e-189	659.8
BCW-200100_01058	gnl|TC-DB|P03959|3.A.3.7.1	40.6	576	313	8	1	566	1	557	1.6e-95	346.7
BCW-200100_01060	gnl|TC-DB|C6GYU4|2.A.76.1.9	29.6	196	131	4	1	191	2	195	8.1e-13	70.5
BCW-200100_01064	gnl|TC-DB|Q51485|1.B.19.1.1	47.9	443	194	6	9	416	14	454	3.1e-117	418.3
BCW-200100_01076	gnl|TC-DB|P67153|1.C.113.1.10	44.0	216	117	2	1	212	1	216	3.4e-43	171.4
BCW-200100_01077	gnl|TC-DB|P37643|2.A.1.6.10	57.7	440	178	3	1	432	1	440	1.5e-133	472.6
BCW-200100_01102	gnl|TC-DB|P76628|2.A.1.36.3	33.5	376	250	0	13	388	7	382	1.3e-59	226.9
BCW-200100_01106	gnl|TC-DB|P94131|2.A.1.15.4	60.9	404	153	1	31	434	15	413	1.1e-144	509.6
BCW-200100_01114	gnl|TC-DB|P76628|2.A.1.36.3	37.3	373	234	0	11	383	13	385	2.3e-64	242.7
BCW-200100_01117	gnl|TC-DB|P94131|2.A.1.15.4	100.0	413	0	0	1	413	1	413	1.4e-234	808.1
BCW-200100_01135	gnl|TC-DB|Q2BM69|3.A.1.17.4	46.5	258	113	6	30	264	23	278	6.4e-58	220.7
BCW-200100_01136	gnl|TC-DB|Q47539|3.A.1.17.1	30.2	278	181	4	3	275	2	271	3.0e-31	132.1
BCW-200100_01147	gnl|TC-DB|Q9AGM7|3.A.15.3.1	56.3	490	212	2	5	493	6	494	8.8e-151	530.0
BCW-200100_01158	gnl|TC-DB|O84676|3.A.6.3.1	28.6	241	149	6	160	387	153	383	2.4e-11	66.6
BCW-200100_01169	gnl|TC-DB|B1J6T5|9.B.27.3.3	60.6	142	56	0	1	142	1	142	7.3e-42	166.4
BCW-200100_01174	gnl|TC-DB|P69451|4.C.1.1.4	27.1	571	355	22	8	539	6	554	1.3e-41	167.5
BCW-200100_01182	gnl|TC-DB|A8V922|3.A.11.2.1	55.7	61	27	0	68	128	70	130	1.1e-12	69.3
BCW-200100_01195	gnl|TC-DB|P0C188|3.D.2.2.1	52.4	471	206	4	12	480	10	464	3.3e-126	448.4
BCW-200100_01196	gnl|TC-DB|P0C187|3.D.2.2.1	58.6	99	29	2	5	103	53	139	4.7e-22	100.1
BCW-200100_01197	gnl|TC-DB|P0C186|3.D.2.2.1	47.2	381	185	7	1	371	1	375	1.7e-82	302.8
BCW-200100_01198	gnl|TC-DB|P42243|2.A.7.23.1	29.9	281	191	4	11	289	15	291	2.4e-21	99.4
BCW-200100_01201	gnl|TC-DB|P76628|2.A.1.36.3	32.8	366	245	1	13	377	12	377	4.3e-47	185.3
BCW-200100_01211	gnl|TC-DB|P0AAP1|9.B.34.1.2	26.3	167	123	0	251	417	199	365	1.8e-13	74.3
BCW-200100_01219	gnl|TC-DB|Q84BQ3|3.A.1.122.12	48.0	396	154	3	32	427	11	354	9.8e-40	161.0
BCW-200100_01220	gnl|TC-DB|P75831|3.A.1.122.1	53.6	658	292	4	7	664	4	648	9.3e-188	653.3
BCW-200100_01221	gnl|TC-DB|Q2FD80|2.A.6.2.44	30.2	483	305	8	3	460	4	479	4.1e-41	165.6
BCW-200100_01244	gnl|TC-DB|P77735|8.A.5.1.6	33.9	316	197	5	1	312	1	308	1.3e-47	186.8
BCW-200100_01245	gnl|TC-DB|Q6MLK6|1.A.46.2.5	37.0	300	176	4	1	293	7	300	2.0e-49	192.6
BCW-200100_01270	gnl|TC-DB|P69451|4.C.1.1.4	27.2	533	335	17	19	514	38	554	2.9e-43	172.9
BCW-200100_01288	gnl|TC-DB|Q9I2M0|3.A.1.109.4	41.0	366	213	3	27	390	29	393	1.7e-72	269.6
BCW-200100_01289	gnl|TC-DB|Q9I2M1|3.A.1.109.4	39.4	690	414	3	10	699	21	706	1.4e-136	483.4
BCW-200100_01290	gnl|TC-DB|Q9I2M2|3.A.1.109.4	22.8	377	275	5	91	464	35	398	1.1e-15	81.3
BCW-200100_01291	gnl|TC-DB|P0A9V1|1.B.42.1.2	65.8	237	81	0	10	246	3	239	9.1e-88	319.7
BCW-200100_01292	gnl|TC-DB|P0ADV1|1.B.42.1.2	32.6	144	95	2	30	172	25	167	2.3e-16	82.0
BCW-200100_01309	gnl|TC-DB|B9DIS8|9.B.97.5.1	26.8	380	217	15	6	360	22	365	4.9e-13	72.0
BCW-200100_01313	gnl|TC-DB|P0A754|2.A.37.1.1	46.5	114	60	1	1	114	1	113	2.1e-25	112.1
BCW-200100_01343	gnl|TC-DB|P0AGD7|3.A.5.1.1	67.7	421	134	1	1	421	1	419	1.6e-157	552.4
BCW-200100_01344	gnl|TC-DB|A6V120|9.B.14.3.5	38.0	266	158	3	5	267	3	264	7.9e-37	150.6
BCW-200100_01355	gnl|TC-DB|P0A9X4|9.B.157.1.3	68.5	343	106	1	2	342	1	343	1.6e-127	452.2
BCW-200100_01369	gnl|TC-DB|Q08120|9.A.18.1.2	55.4	397	176	1	1	396	1	397	1.6e-118	422.5
BCW-200100_01373	gnl|TC-DB|Q45068|2.A.25.1.5	46.3	477	223	8	22	491	3	453	1.1e-105	380.2
BCW-200100_01374	gnl|TC-DB|P0AER8|2.A.27.1.1	51.1	405	186	3	3	407	2	394	6.3e-102	367.5
BCW-200100_01376	gnl|TC-DB|I7FD23|2.A.1.2.97	33.9	389	247	3	13	396	17	400	1.1e-47	187.2
BCW-200100_01377	gnl|TC-DB|P75870|2.A.85.1.1	50.9	690	335	4	1	689	21	707	8.8e-197	683.3
BCW-200100_01390	gnl|TC-DB|P42308|2.A.11.1.2	50.8	427	203	2	1	423	1	424	3.2e-117	418.3
BCW-200100_01394	gnl|TC-DB|P70786|2.A.1.14.3	45.5	409	222	1	21	428	25	433	8.2e-100	360.5
BCW-200100_01395	gnl|TC-DB|Q12GH4|1.B.70.1.8	26.5	452	270	12	36	432	30	474	1.0e-33	141.0
BCW-200100_01401	gnl|TC-DB|P23894|9.B.1.1.6	49.3	300	135	6	1	296	1	287	5.7e-68	254.2
BCW-200100_01403	gnl|TC-DB|Q5SMG8|1.A.26.1.2	42.2	346	198	1	100	445	104	447	2.5e-67	252.7
BCW-200100_01404	gnl|TC-DB|Q8GKU1|2.A.6.2.4	57.5	1028	427	3	1	1022	1	1024	0.0e+00	1102.0
BCW-200100_01407	gnl|TC-DB|P08956|3.A.17.1.1	24.2	980	583	27	4	902	242	1142	2.0e-47	187.6
BCW-200100_01439	gnl|TC-DB|P25694|3.A.16.1.2	37.0	311	175	4	134	440	461	754	7.5e-54	208.4
BCW-200100_01456	gnl|TC-DB|Q45407|1.B.18.3.2	32.5	354	218	9	19	359	24	369	3.7e-45	178.7
BCW-200100_01458	gnl|TC-DB|P76387|8.A.3.3.2	31.0	709	457	8	11	713	16	698	1.9e-88	323.6
BCW-200100_01461	gnl|TC-DB|P37169|2.A.66.4.1	42.5	511	281	3	1	507	14	515	3.1e-114	408.7
BCW-200100_01477	gnl|TC-DB|O85763|3.A.1.17.2	53.7	281	130	0	54	334	30	310	3.1e-86	315.1
BCW-200100_01478	gnl|TC-DB|P75853|3.A.1.17.10	44.6	296	162	2	31	326	16	309	6.1e-71	264.2
BCW-200100_01480	gnl|TC-DB|O85765|3.A.1.17.2	64.3	258	91	1	9	265	1	258	2.1e-90	328.6
BCW-200100_01481	gnl|TC-DB|Q8KZQ6|3.A.1.17.2	55.1	245	106	2	22	265	7	248	1.0e-68	256.5
BCW-200100_01483	gnl|TC-DB|P75892|2.A.40.1.3	65.8	404	138	0	26	429	24	427	4.3e-152	534.3
BCW-200100_01490	gnl|TC-DB|A3R044|2.A.16.4.2	33.2	352	226	3	8	353	26	374	1.3e-50	196.8
BCW-200100_01493	gnl|TC-DB|Q58AJ7|9.B.105.1.1	40.3	144	84	1	20	163	204	345	6.2e-22	100.5
BCW-200100_01523	gnl|TC-DB|P48632|1.B.14.1.6	33.8	754	431	18	32	763	108	815	4.3e-104	375.6
BCW-200100_01526	gnl|TC-DB|P76397|8.A.1.6.2	43.4	332	188	0	57	388	61	392	1.6e-73	273.1
BCW-200100_01527	gnl|TC-DB|Q9I0V6|2.A.6.2.39	58.0	1017	419	3	1	1010	1	1016	0.0e+00	1098.6
BCW-200100_01528	gnl|TC-DB|P76399|2.A.6.2.12	46.0	1026	542	8	1	1023	1	1017	2.4e-235	812.0
BCW-200100_01529	gnl|TC-DB|Q9I0V8|2.A.6.2.39	34.2	374	226	3	10	369	7	374	3.2e-52	202.6
BCW-200100_01532	gnl|TC-DB|P11461|1.B.14.1.11	23.5	698	450	24	158	808	66	726	8.4e-42	168.7
BCW-200100_01537	gnl|TC-DB|O31199|2.A.3.1.9	68.5	451	142	0	1	451	1	451	4.3e-184	640.6
BCW-200100_01541	gnl|TC-DB|Q9P6J2|2.A.89.3.8	46.5	226	121	0	8	233	11	236	3.1e-45	178.3
BCW-200100_01546	gnl|TC-DB|Q54066|4.D.1.1.2	26.8	313	217	8	52	361	49	352	2.8e-25	112.8
BCW-200100_01556	gnl|TC-DB|G3IME2|9.B.35.1.2	33.3	117	75	2	18	132	26	141	4.5e-17	84.0
BCW-200100_01559	gnl|TC-DB|P77529|2.A.23.1.8	72.5	462	126	1	1	461	1	462	1.0e-177	619.4
BCW-200100_01561	gnl|TC-DB|B2UHN5|2.A.49.9.2	45.7	403	217	1	2	404	3	403	1.5e-103	372.9
BCW-200100_01581	gnl|TC-DB|O51234|3.A.1.7.5	31.0	294	183	7	158	443	6	287	6.3e-26	115.2
BCW-200100_01582	gnl|TC-DB|C3KCB6|3.A.1.7.3	28.0	225	157	2	227	448	62	284	8.9e-20	94.7
BCW-200100_01583	gnl|TC-DB|P0C560|3.A.1.7.2	59.4	256	96	3	54	302	4	258	1.5e-81	299.3
BCW-200100_01595	gnl|TC-DB|B7LEG0|1.A.34.1.2	34.5	255	133	5	55	275	123	377	1.5e-30	129.8
BCW-200100_01609	gnl|TC-DB|P76397|8.A.1.6.2	44.5	362	195	4	44	404	37	393	1.5e-77	286.6
BCW-200100_01610	gnl|TC-DB|Q9I0V6|2.A.6.2.39	62.0	1027	381	2	1	1026	1	1019	0.0e+00	1200.3
BCW-200100_01611	gnl|TC-DB|P76399|2.A.6.2.12	57.0	1043	421	4	7	1048	7	1023	0.0e+00	1087.4
BCW-200100_01612	gnl|TC-DB|Q9I0V8|2.A.6.2.39	33.5	382	224	2	18	381	6	375	5.9e-51	198.4
BCW-200100_01617	gnl|TC-DB|P63183|2.A.72.1.1	46.9	629	321	6	3	626	2	622	3.9e-164	574.7
BCW-200100_01627	gnl|TC-DB|Q5TLL2|3.A.1.111.4	29.8	191	132	1	371	561	482	670	2.4e-19	93.6
BCW-200100_01628	gnl|TC-DB|P31552|4.C.1.1.6	23.5	540	340	15	18	508	2	517	3.1e-25	114.4
BCW-200100_01637	gnl|TC-DB|F8KY83|1.B.9.3.2	31.7	401	255	6	34	417	32	430	5.1e-59	224.9
BCW-200100_01643	gnl|TC-DB|Q8F8H7|2.A.53.3.8	32.1	728	449	15	14	724	27	726	3.4e-82	302.8
BCW-200100_01647	gnl|TC-DB|P43672|3.A.1.120.6	37.1	502	301	7	21	515	18	511	1.8e-80	296.6
BCW-200100_01650	gnl|TC-DB|P13510|2.A.6.1.2	36.7	346	211	3	65	408	181	520	1.2e-52	203.8
BCW-200100_01651	gnl|TC-DB|P13511|2.A.6.1.2	59.1	1042	416	6	15	1047	1	1041	0.0e+00	1181.4
BCW-200100_01652	gnl|TC-DB|P13512|2.A.4.1.1	59.7	295	112	2	1	293	1	290	4.7e-86	314.3
BCW-200100_01658	gnl|TC-DB|P0AG78|3.A.1.6.1	64.4	326	111	2	5	328	4	326	4.9e-121	430.6
BCW-200100_01664	gnl|TC-DB|P0A6W3|9.B.146.1.6	54.0	372	159	2	1	372	1	360	2.5e-110	395.2
BCW-200100_01667	gnl|TC-DB|Q8VRL8|3.A.11.1.3	26.5	374	238	8	7	352	10	374	1.7e-23	106.7
BCW-200100_01671	gnl|TC-DB|P34750|1.B.22.2.1	40.3	707	357	12	35	706	34	710	1.3e-134	476.9
BCW-200100_01704	gnl|TC-DB|O31068|9.A.21.1.1	41.5	1230	559	42	268	1424	66	1208	8.9e-204	707.6
BCW-200100_01706	gnl|TC-DB|Q60148|3.A.15.2.1	38.6	145	80	7	1	141	1	140	1.6e-12	68.9
BCW-200100_01714	gnl|TC-DB|L7KTB5|2.A.102.3.2	36.0	228	139	2	29	252	26	250	1.1e-32	136.7
BCW-200100_01716	gnl|TC-DB|P0AA67|2.A.7.3.6	35.7	283	178	3	6	288	11	289	8.9e-42	167.2
BCW-200100_01717	gnl|TC-DB|P0AA67|2.A.7.3.6	47.4	272	142	1	14	285	14	284	1.7e-56	216.1
BCW-200100_01725	gnl|TC-DB|A3M9E9|2.A.1.2.51	79.1	407	85	0	1	407	1	407	1.8e-173	605.1
BCW-200100_01726	gnl|TC-DB|P75870|2.A.85.1.1	41.4	706	404	4	11	712	9	708	2.2e-147	519.2
BCW-200100_01728	gnl|TC-DB|B1LE48|2.A.86.2.1	27.7	346	241	6	17	359	20	359	1.4e-28	123.6
BCW-200100_01734	gnl|TC-DB|P80874|8.A.5.1.4	27.3	205	128	5	11	196	6	208	1.1e-15	80.5
BCW-200100_01754	gnl|TC-DB|B9MIH1|2.A.106.1.4	56.8	185	78	1	1	185	1	183	8.3e-57	216.5
BCW-200100_01765	gnl|TC-DB|A3M347|2.A.1.3.62	84.3	498	78	0	10	507	3	500	2.1e-235	811.2
BCW-200100_01766	gnl|TC-DB|O51918|2.A.1.3.24	49.2	325	165	0	50	374	49	373	2.4e-63	239.2
BCW-200100_01779	gnl|TC-DB|P24559|3.A.15.2.1	81.8	318	58	0	1	318	27	344	1.5e-148	521.9
BCW-200100_01780	gnl|TC-DB|Q51532|3.A.15.2.1	64.7	357	125	1	1	357	1	356	1.4e-132	469.2
BCW-200100_01791	gnl|TC-DB|K1GHE1|9.B.186.1.2	53.5	144	66	1	74	217	70	212	3.6e-32	134.8
BCW-200100_01798	gnl|TC-DB|P46889|3.A.12.1.2	60.0	490	190	3	528	1017	840	1323	3.9e-161	565.5
BCW-200100_01812	gnl|TC-DB|Q83XH1|3.A.1.121.4	29.7	518	349	9	1	507	1	514	2.7e-59	226.5
BCW-200100_01823	gnl|TC-DB|P25714|2.A.9.3.1	47.3	503	241	8	85	578	59	546	2.3e-121	432.6
BCW-200100_01825	gnl|TC-DB|P27303|8.A.1.1.1	31.2	295	191	4	40	332	41	325	5.6e-30	128.3
BCW-200100_01826	gnl|TC-DB|Q9KIH3|2.A.1.3.18	30.7	489	335	1	18	502	21	509	1.5e-68	256.9
BCW-200100_01837	gnl|TC-DB|P42601|2.A.109.1.7	54.1	320	142	2	1	316	1	319	1.7e-91	332.4
BCW-200100_01838	gnl|TC-DB|P94571|9.B.105.1.3	29.1	179	125	2	6	184	1	177	4.6e-18	87.8
BCW-200100_01840	gnl|TC-DB|C1D6W6|2.A.7.34.1	52.6	114	53	1	1	114	1	113	1.7e-28	121.7
BCW-200100_01846	gnl|TC-DB|P0A6Y8|1.A.33.1.2	69.7	650	181	3	1	646	1	638	3.5e-248	854.0
BCW-200100_01863	gnl|TC-DB|Q9JY22|1.B.20.1.5	36.4	283	159	5	29	301	177	448	1.1e-42	170.2
BCW-200100_01865	gnl|TC-DB|488190045|1.C.75.1.4	30.6	1007	587	30	1	946	1	956	7.1e-88	322.0
BCW-200100_01866	gnl|TC-DB|488190045|1.C.75.1.4	32.7	627	366	14	56	671	1018	1599	1.4e-64	244.6
BCW-200100_01878	gnl|TC-DB|P69451|4.C.1.1.4	24.7	535	358	15	36	538	28	549	7.9e-36	148.3
BCW-200100_01884	gnl|TC-DB|P11461|1.B.14.1.11	36.9	702	418	11	32	715	32	726	2.6e-119	426.0
BCW-200100_01887	gnl|TC-DB|A3M7T5|2.A.66.1.30	82.8	435	75	0	2	436	1	435	4.5e-194	673.7
BCW-200100_01899	gnl|TC-DB|P0AG38|2.A.76.1.2	26.2	210	139	5	9	211	5	205	1.4e-15	79.7
BCW-200100_01927	gnl|TC-DB|Q9KN51|3.A.23.1.1	25.6	457	320	8	1	452	1	442	4.7e-42	168.7
BCW-200100_01928	gnl|TC-DB|A8YQR7|3.A.23.2.1	28.4	363	239	4	3	359	4	351	1.1e-36	150.6
BCW-200100_01929	gnl|TC-DB|Q6EE14|3.A.23.2.1	52.3	852	391	6	2	848	3	844	6.7e-234	807.0
BCW-200100_01931	gnl|TC-DB|Q6EE21|3.A.23.2.1	52.8	123	58	0	5	127	4	126	4.3e-33	137.5
BCW-200100_01932	gnl|TC-DB|Q6EE20|3.A.23.2.1	61.6	471	180	1	19	489	21	490	1.9e-177	618.6
BCW-200100_01935	gnl|TC-DB|Q9KN55|3.A.23.1.1	26.1	620	397	18	8	602	6	589	1.0e-44	177.9
BCW-200100_01938	gnl|TC-DB|Q5ZYB4|3.A.7.9.1	20.8	514	325	17	122	628	25	463	1.4e-14	79.0
BCW-200100_01940	gnl|TC-DB|D5ERW9|9.B.186.1.3	43.6	101	56	1	151	250	107	207	6.8e-14	74.3
BCW-200100_01948	gnl|TC-DB|F0QEP2|9.B.153.4.2	81.0	315	60	0	1	315	1	315	7.3e-159	556.2
BCW-200100_01950	gnl|TC-DB|Q7WTJ2|5.B.1.3.2	30.4	329	217	6	17	338	14	337	4.4e-40	161.8
BCW-200100_01958	gnl|TC-DB|P30145|2.A.25.1.2	47.5	453	216	9	45	493	1	435	1.7e-96	349.7
BCW-200100_01959	gnl|TC-DB|P0AAE0|2.A.3.1.7	60.8	454	173	1	12	465	16	464	4.4e-152	534.3
BCW-200100_01978	gnl|TC-DB|P75958|3.A.1.125.1	38.6	412	248	3	1	408	1	411	7.0e-69	257.7
BCW-200100_01979	gnl|TC-DB|P75957|3.A.1.125.1	52.3	222	105	1	1	222	1	221	4.3e-60	227.6
BCW-200100_01980	gnl|TC-DB|P39695|3.A.11.1.1	26.4	702	434	19	120	787	102	754	4.8e-45	179.5
BCW-200100_01986	gnl|TC-DB|C9VRY8|2.A.86.1.5	29.4	350	232	3	10	353	48	388	1.7e-35	146.7
BCW-200100_01996	gnl|TC-DB|C6EJJ6|2.C.1.2.1	38.1	168	101	2	17	181	6	173	4.6e-23	104.4
BCW-200100_01997	gnl|TC-DB|P0A855|2.C.1.2.1	51.1	427	195	7	12	426	4	428	1.0e-30	131.0
BCW-200100_01999	gnl|TC-DB|Q1D0D2|1.A.30.2.7	39.7	131	67	4	18	146	14	134	4.5e-18	87.4
BCW-200100_02000	gnl|TC-DB|P0ABU9|1.A.30.2.2	46.8	201	105	2	1	199	21	221	3.4e-40	161.4
BCW-200100_02008	gnl|TC-DB|Q5P737|2.A.1.51.1	26.6	384	263	7	7	381	2	375	5.4e-26	115.2
BCW-200100_02019	gnl|TC-DB|C0L0K3|1.B.63.1.1	69.5	249	70	4	1	246	1	246	4.0e-96	347.4
BCW-200100_02021	gnl|TC-DB|P16676|3.A.1.6.1	61.5	283	108	1	1	283	1	282	1.2e-96	349.7
BCW-200100_02022	gnl|TC-DB|P0AEB0|3.A.1.6.1	49.5	281	141	1	10	289	1	281	7.5e-73	270.4
BCW-200100_02023	gnl|TC-DB|P16701|3.A.1.6.1	50.8	266	131	0	6	271	8	273	1.2e-69	259.6
BCW-200100_02025	gnl|TC-DB|P0AG78|3.A.1.6.1	65.5	322	106	4	11	328	8	328	8.3e-121	429.9
BCW-200100_02029	gnl|TC-DB|F9VN10|3.D.10.1.4	34.6	546	318	14	10	528	6	539	4.0e-72	268.9
BCW-200100_02051	gnl|TC-DB|Q57389|2.A.7.7.3	37.3	295	180	3	1	294	1	291	7.7e-52	200.7
BCW-200100_02075	gnl|TC-DB|P94369|2.A.39.1.5	36.9	455	270	10	29	475	2	447	3.0e-71	265.8
BCW-200100_02081	gnl|TC-DB|Q46909|2.A.1.1.95	28.1	417	271	10	47	463	31	418	6.1e-27	118.6
BCW-200100_02082	gnl|TC-DB|O67997|1.A.11.1.4	45.7	414	213	4	21	432	32	435	1.6e-100	362.8
BCW-200100_02084	gnl|TC-DB|P31122|2.A.1.2.15	27.7	346	246	2	6	350	12	354	1.1e-39	160.6
BCW-200100_02093	gnl|TC-DB|P42964|2.A.55.3.2	49.1	387	190	4	14	400	18	397	5.8e-92	334.3
BCW-200100_02099	gnl|TC-DB|P76460|2.A.73.1.1	31.8	459	290	9	7	462	1	439	1.1e-54	210.7
BCW-200100_02103	gnl|TC-DB|Q81E21|2.A.8.1.14	65.2	477	158	3	3	471	2	478	4.0e-161	564.3
BCW-200100_02124	gnl|TC-DB|P77549|2.A.1.46.6	49.1	379	191	1	7	385	5	381	6.4e-91	330.9
BCW-200100_02125	gnl|TC-DB|P0ABP6|9.B.27.2.3	46.9	179	92	3	5	181	9	186	1.6e-36	149.1
BCW-200100_02141	gnl|TC-DB|Q9HT69|3.A.1.24.5	43.9	196	110	0	32	227	23	218	6.3e-35	144.1
BCW-200100_02142	gnl|TC-DB|P30750|3.A.1.24.1	45.7	341	182	1	1	338	1	341	1.6e-82	302.8
BCW-200100_02143	gnl|TC-DB|Q9HT68|3.A.1.24.5	38.8	276	149	6	1	275	1	257	6.7e-42	167.5
BCW-200100_02162	gnl|TC-DB|P0ABJ6|3.D.4.5.1	56.5	108	47	0	1	108	1	108	5.1e-27	116.7
BCW-200100_02163	gnl|TC-DB|P0ABJ3|3.D.4.5.1	62.6	182	65	2	25	206	26	204	1.6e-58	222.2
BCW-200100_02164	gnl|TC-DB|P0ABI8|3.D.4.5.1	66.2	656	221	1	3	657	1	656	5.3e-260	893.3
BCW-200100_02165	gnl|TC-DB|P0ABJ1|3.D.4.5.1	44.2	351	141	6	6	346	10	315	4.9e-71	264.6
BCW-200100_02167	gnl|TC-DB|Q9HY55|4.A.2.1.17	28.2	422	222	11	380	777	552	916	4.0e-28	123.2
BCW-200100_02175	gnl|TC-DB|D1F3T8|2.A.1.3.42	33.2	852	547	8	14	856	34	872	2.7e-131	466.1
BCW-200100_02176	gnl|TC-DB|G4NXA5|1.A.33.1.4	39.1	491	276	9	7	484	4	484	5.1e-86	315.1
BCW-200100_02178	gnl|TC-DB|B7FYG1|3.A.25.1.1	30.4	148	93	3	34	171	482	629	6.5e-15	77.8
BCW-200100_02184	gnl|TC-DB|Q89SS6|2.A.1.42.2	34.9	390	247	4	8	397	5	387	2.7e-58	222.6
BCW-200100_02185	gnl|TC-DB|P0ADE4|1.B.33.2.4	35.9	362	191	11	546	897	247	577	2.6e-52	203.8
BCW-200100_02186	gnl|TC-DB|F0Q2H8|9.B.22.1.3	25.5	451	282	13	1093	1499	1030	1470	5.2e-21	100.5
BCW-200100_02188	gnl|TC-DB|Q7A3E6|3.A.3.5.19	46.2	795	403	8	13	791	9	794	7.0e-182	634.0
BCW-200100_02197	gnl|TC-DB|Q02006|1.A.1.24.1	36.1	191	120	1	65	253	67	257	5.3e-27	118.2
BCW-200100_02198	gnl|TC-DB|P33024|2.A.41.2.9	58.3	412	171	1	5	415	5	416	1.8e-125	445.7
BCW-200100_02201	gnl|TC-DB|P77389|2.A.1.2.65	38.0	382	231	2	15	396	5	380	4.0e-61	231.9
BCW-200100_02215	gnl|TC-DB|Q215S1|1.B.42.1.4	22.6	645	395	23	194	756	170	792	1.0e-18	92.0
BCW-200100_02221	gnl|TC-DB|P60752|3.A.1.106.1	37.7	571	353	3	5	572	10	580	5.1e-110	394.8
BCW-200100_02242	gnl|TC-DB|Q1D212|2.A.78.2.3	32.1	234	130	2	9	213	13	246	7.8e-27	117.1
BCW-200100_02245	gnl|TC-DB|E4RK11|2.A.124.1.3	29.5	298	191	8	6	289	13	305	9.5e-20	94.0
BCW-200100_02252	gnl|TC-DB|L5DDD7|2.A.109.2.3	45.0	518	269	7	1	505	370	884	1.1e-108	390.2
BCW-200100_02254	gnl|TC-DB|Q89V93|2.A.102.4.6	24.0	275	187	8	11	269	96	364	6.2e-11	64.7
BCW-200100_02257	gnl|TC-DB|P16869|1.B.14.1.1	31.1	727	460	18	2	698	14	729	3.5e-97	352.4
BCW-200100_02262	gnl|TC-DB|Q3MK85|1.B.1.9.1	31.9	301	159	12	1	281	1	275	9.5e-17	84.3
BCW-200100_02282	gnl|TC-DB|P10121|3.A.5.1.1	63.9	302	107	2	68	369	194	493	7.7e-107	383.6
BCW-200100_02288	gnl|TC-DB|P0ABK2|3.D.4.3.2	54.1	381	173	2	1	381	1	379	3.3e-113	404.8
BCW-200100_02289	gnl|TC-DB|P0ABJ9|3.D.4.3.2	70.6	513	151	0	6	518	4	516	4.4e-217	750.4
BCW-200100_02297	gnl|TC-DB|P0C0L7|2.A.1.6.4	70.3	462	132	1	1	457	2	463	2.4e-185	644.8
BCW-200100_02298	gnl|TC-DB|P0AAP1|9.B.34.1.2	30.6	330	228	1	17	345	36	365	2.4e-38	156.0
BCW-200100_02311	gnl|TC-DB|P0ABG7|2.A.103.1.2	55.4	354	157	1	27	380	11	363	3.9e-106	381.3
BCW-200100_02314	gnl|TC-DB|P0AFN6|3.A.1.105.17	59.7	248	100	0	9	256	8	255	3.1e-83	304.7
BCW-200100_02315	gnl|TC-DB|P36879|3.A.1.105.17	61.1	311	115	2	1	311	1	305	7.2e-98	353.6
BCW-200100_02328	gnl|TC-DB|B9DIS8|9.B.97.5.1	33.8	370	205	16	1	342	16	373	7.9e-29	125.2
BCW-200100_02330	gnl|TC-DB|P37327|1.A.16.4.1	37.2	285	175	3	1	282	1	284	2.4e-44	175.6
BCW-200100_02343	gnl|TC-DB|A5W3Z9|9.B.153.4.3	30.1	272	182	5	23	289	20	288	9.1e-31	130.6
BCW-200100_02344	gnl|TC-DB|Q6FBB3|2.A.1.15.7	98.7	450	6	0	1	450	1	450	1.4e-232	801.6
BCW-200100_02366	gnl|TC-DB|P0AGE4|2.A.23.4.1	55.8	396	173	2	1	396	9	402	1.5e-105	379.4
BCW-200100_02367	gnl|TC-DB|T2KLL7|9.B.143.3.4	28.1	210	135	6	16	212	20	226	6.6e-13	70.9
BCW-200100_02369	gnl|TC-DB|P0AAT4|1.A.23.4.5	42.1	392	224	3	28	417	22	412	5.9e-79	291.2
BCW-200100_02371	gnl|TC-DB|Q2G2M9|3.A.1.106.2	35.2	506	298	7	107	601	90	576	9.5e-70	261.2
BCW-200100_02393	gnl|TC-DB|P96668|2.A.7.3.24	56.1	289	124	2	3	291	1	286	7.9e-83	303.5
BCW-200100_02395	gnl|TC-DB|P09833|3.A.1.8.1	42.4	184	102	1	26	209	26	205	2.4e-36	148.7
BCW-200100_02396	gnl|TC-DB|P0AF01|3.A.1.8.1	51.6	225	108	1	1	224	2	226	2.6e-57	218.4
BCW-200100_02397	gnl|TC-DB|P37329|3.A.1.8.1	40.9	235	134	5	18	250	24	255	2.5e-40	162.2
BCW-200100_02404	gnl|TC-DB|P18775|5.A.3.3.2	24.6	483	298	17	31	464	63	528	2.7e-20	97.4
BCW-200100_02407	gnl|TC-DB|Q9SWR8|2.A.1.8.4	40.4	408	234	4	11	413	31	434	1.7e-76	283.1
BCW-200100_02409	gnl|TC-DB|Q55107|3.A.1.16.3	31.4	328	211	7	4	325	276	595	1.6e-37	153.3
BCW-200100_02410	gnl|TC-DB|P07658|3.D.1.9.2	26.2	370	231	8	121	476	61	402	6.8e-36	149.1
BCW-200100_02424	gnl|TC-DB|P42308|2.A.11.1.2	32.5	419	270	3	1	419	1	406	3.0e-62	235.7
BCW-200100_02427	gnl|TC-DB|Q9KN48|3.A.23.1.1	41.1	231	134	2	24	253	190	419	4.1e-44	175.3
BCW-200100_02428	gnl|TC-DB|A5W3Z9|9.B.153.4.3	33.8	272	176	4	20	288	18	288	8.2e-40	160.6
BCW-200100_02429	gnl|TC-DB|Q8DQH7|3.A.1.4.10	48.3	242	117	4	3	244	2	235	4.7e-52	201.1
BCW-200100_02431	gnl|TC-DB|Q8DQH9|3.A.1.4.10	26.2	252	151	6	104	351	94	314	2.0e-16	83.2
BCW-200100_02432	gnl|TC-DB|Q0S718|3.A.1.4.9	27.8	284	197	4	5	286	1	278	9.6e-20	94.0
BCW-200100_02433	gnl|TC-DB|Q8DQH8|3.A.1.4.10	40.6	249	148	0	10	258	3	251	3.5e-53	204.9
BCW-200100_02446	gnl|TC-DB|C9RH03|2.A.109.3.1	48.7	355	160	4	1	355	7	339	2.1e-85	312.4
BCW-200100_02461	gnl|TC-DB|C4PAW9|2.A.1.3.43	62.0	492	187	0	1	492	1	492	2.1e-168	588.6
BCW-200100_02467	gnl|TC-DB|A3M6E6|2.A.117.1.1	72.9	133	36	0	1	133	36	168	3.0e-51	197.6
BCW-200100_02470	gnl|TC-DB|P76249|2.A.76.1.5	41.5	212	117	3	2	213	5	209	1.5e-38	156.0
BCW-200100_02471	gnl|TC-DB|P76103|2.A.46.1.9	40.1	374	224	0	11	384	9	382	9.0e-74	273.9
BCW-200100_02472	gnl|TC-DB|P22037|9.B.20.1.1	42.4	217	123	2	18	233	11	226	2.3e-35	145.6
BCW-200100_02473	gnl|TC-DB|P36640|3.A.3.4.1	60.1	904	337	3	25	920	15	902	8.6e-301	1029.2
BCW-200100_02475	gnl|TC-DB|Q7BGE1|1.E.43.3.7	42.1	140	71	2	7	145	21	151	1.9e-24	108.6
BCW-200100_02477	gnl|TC-DB|P25185|2.A.26.1.2	61.2	428	166	0	1	428	1	428	5.0e-142	500.7
BCW-200100_02479	gnl|TC-DB|Q9HY55|4.A.2.1.17	51.4	958	452	6	1	950	1	952	4.3e-255	877.5
BCW-200100_02481	gnl|TC-DB|Q9HY57|4.A.2.1.17	59.4	557	210	5	18	563	14	565	1.6e-140	496.1
BCW-200100_02534	gnl|TC-DB|Q8G8W9|1.B.14.1.26	30.1	668	427	17	53	696	131	782	8.2e-73	271.6
BCW-200100_02539	gnl|TC-DB|Q9I405|3.A.1.3.22	76.8	241	56	0	3	243	1	241	3.0e-107	384.4
BCW-200100_02540	gnl|TC-DB|Q88NY4|3.A.1.3.19	49.5	212	103	2	14	223	14	223	2.3e-45	178.7
BCW-200100_02541	gnl|TC-DB|Q88NY3|3.A.1.3.19	42.4	238	125	3	46	280	20	248	1.0e-42	170.2
BCW-200100_02542	gnl|TC-DB|Q9I402|3.A.1.3.22	45.0	269	146	1	29	295	29	297	1.1e-63	240.0
BCW-200100_02547	gnl|TC-DB|P28635|3.A.1.24.1	39.2	240	140	4	38	276	37	271	9.3e-41	163.7
BCW-200100_02548	gnl|TC-DB|Q9HT70|3.A.1.24.5	45.8	336	178	3	15	349	2	334	1.1e-73	273.5
BCW-200100_02549	gnl|TC-DB|Q9HT69|3.A.1.24.5	42.9	198	113	0	13	210	21	218	1.8e-39	159.1
BCW-200100_02559	gnl|TC-DB|Q05202|1.B.14.1.15	35.7	720	416	15	36	738	69	758	1.8e-115	413.3
BCW-200100_02572	gnl|TC-DB|P0AAP1|9.B.34.1.2	32.6	178	115	3	222	399	198	370	7.1e-21	98.2
BCW-200100_02576	gnl|TC-DB|Q51330|2.A.1.11.1	23.3	412	251	9	27	437	15	362	4.8e-20	95.9
BCW-200100_02590	gnl|TC-DB|Q7CGN6|1.B.14.9.3	31.3	737	427	17	43	738	25	723	1.6e-92	337.0
BCW-200100_02596	gnl|TC-DB|A3M582|2.A.1.3.63	53.0	460	214	1	20	477	16	475	8.7e-127	450.3
BCW-200100_02614	gnl|TC-DB|V9RYY0|2.A.76.2.3	40.4	193	115	0	2	194	4	196	6.0e-34	140.6
BCW-200100_02616	gnl|TC-DB|P64592|9.B.124.1.1	42.1	114	58	3	129	238	1	110	9.6e-18	87.0
BCW-200100_02623	gnl|TC-DB|Q8NRL8|2.A.22.4.3	48.8	484	246	2	3	486	32	513	2.5e-129	458.8
BCW-200100_02625	gnl|TC-DB|B2UL32|2.A.5.5.5	42.2	263	144	2	9	263	8	270	9.0e-41	163.7
BCW-200100_02633	gnl|TC-DB|P75892|2.A.40.1.3	65.8	424	144	1	5	428	6	428	4.8e-153	537.3
BCW-200100_02636	gnl|TC-DB|Q9I6X6|2.A.6.2.27	35.9	340	216	2	13	351	22	360	5.7e-38	154.8
BCW-200100_02637	gnl|TC-DB|Q9HXW4|2.A.6.2.17	66.7	1037	328	2	1	1037	1	1020	0.0e+00	1351.7
BCW-200100_02642	gnl|TC-DB|P77389|2.A.1.2.65	67.5	378	123	0	1	378	1	378	6.8e-138	486.9
BCW-200100_02662	gnl|TC-DB|P0AAP1|9.B.34.1.2	28.2	202	135	4	213	414	174	365	6.4e-19	92.4
BCW-200100_02663	gnl|TC-DB|P37327|1.A.16.4.1	33.1	284	181	5	3	283	7	284	9.2e-36	147.1
BCW-200100_02664	gnl|TC-DB|Q9I488|3.A.1.3.21	54.2	236	108	0	3	238	1	236	7.6e-63	236.9
BCW-200100_02665	gnl|TC-DB|P35113|3.A.1.3.6	31.7	208	130	4	15	211	13	219	2.6e-17	85.5
BCW-200100_02666	gnl|TC-DB|Q8YSA2|3.A.1.3.17	36.8	209	126	2	10	212	276	484	1.1e-28	123.2
BCW-200100_02672	gnl|TC-DB|Q9K0A9|2.A.28.2.4	56.3	309	135	0	1	309	1	309	1.2e-95	346.3
BCW-200100_02697	gnl|TC-DB|O34474|2.A.66.1.25	43.9	460	252	2	2	455	3	462	4.4e-104	374.8
BCW-200100_02712	gnl|TC-DB|G3IME2|9.B.35.1.2	33.3	111	69	2	2	107	31	141	5.4e-13	70.1
BCW-200100_02718	gnl|TC-DB|P36655|5.A.1.1.1	32.3	561	323	11	39	587	34	549	9.3e-70	261.2
BCW-200100_02719	gnl|TC-DB|D4ZZR3|9.B.34.1.3	29.3	334	194	11	75	383	77	393	6.6e-24	108.2
BCW-200100_02742	gnl|TC-DB|B9MIH1|2.A.106.1.4	57.8	185	76	1	1	185	1	183	2.6e-58	221.5
BCW-200100_02748	gnl|TC-DB|B2I1H5|1.B.1.2.1	84.8	256	38	1	1	256	1	255	8.7e-126	446.0
BCW-200100_02756	gnl|TC-DB|P48243|3.A.1.3.9	50.8	244	113	2	263	505	2	239	1.7e-61	233.4
BCW-200100_02760	gnl|TC-DB|Q8RCC4|3.A.1.3.27	30.1	229	142	6	49	271	41	257	4.3e-17	85.1
BCW-200100_02768	gnl|TC-DB|P31552|4.C.1.1.6	23.7	535	360	12	89	614	22	517	4.6e-30	129.4
BCW-200100_02776	gnl|TC-DB|Q93N33|2.A.21.9.2	39.5	1191	641	22	4	1159	5	1151	2.7e-206	715.7
BCW-200100_02777	gnl|TC-DB|P0AF54|9.B.136.1.1	41.2	102	59	1	1	101	1	102	5.9e-15	76.6
BCW-200100_02778	gnl|TC-DB|P32705|2.A.21.7.2	64.4	565	183	5	7	571	3	549	2.0e-191	665.2
BCW-200100_02780	gnl|TC-DB|K6KRX2|1.A.1.28.6	67.6	219	70	1	6	223	6	224	4.3e-76	280.8
BCW-200100_02781	gnl|TC-DB|Q6F754|2.A.15.1.9	99.8	660	1	0	1	660	1	660	0.0e+00	1285.0
BCW-200100_02782	gnl|TC-DB|Q5K1Z4|1.B.1.2.4	70.7	300	81	2	1	300	1	293	2.6e-97	351.7
BCW-200100_02783	gnl|TC-DB|D4ZZR3|9.B.34.1.3	38.5	169	89	4	422	578	228	393	5.9e-21	99.0
BCW-200100_02787	gnl|TC-DB|P0ACX0|9.B.72.1.2	51.9	106	51	0	3	108	2	107	2.7e-23	104.4
BCW-200100_02789	gnl|TC-DB|C9RH03|2.A.109.3.1	49.7	354	153	3	1	354	7	335	4.4e-83	304.7
BCW-200100_02790	gnl|TC-DB|P77726|2.A.1.2.60	40.9	433	252	4	6	435	10	441	5.0e-84	308.1
BCW-200100_02792	gnl|TC-DB|P25527|2.A.3.1.4	50.9	446	214	3	7	451	1	442	1.1e-116	416.8
BCW-200100_02800	gnl|TC-DB|P45522|2.A.37.1.2	41.7	551	312	3	10	556	7	552	8.4e-111	397.5
BCW-200100_02810	gnl|TC-DB|Q52000|2.A.1.6.3	55.5	431	188	4	1	430	1	428	2.2e-126	448.7
BCW-200100_02812	gnl|TC-DB|Q9I5F5|2.A.21.2.3	71.6	496	140	1	1	496	1	495	4.9e-202	700.3
BCW-200100_02820	gnl|TC-DB|P0A910|1.B.6.1.1	38.9	131	76	2	151	280	211	338	9.2e-20	94.0
BCW-200100_02828	gnl|TC-DB|P07775|2.A.46.1.1	99.0	394	4	0	1	394	1	394	2.0e-214	741.1
BCW-200100_02834	gnl|TC-DB|O30513|2.A.1.15.5	99.8	466	1	0	1	466	1	466	2.0e-258	887.5
BCW-200100_02835	gnl|TC-DB|Q6FCB4|1.B.25.2.1	99.0	415	4	0	1	415	1	415	1.7e-243	837.8
BCW-200100_02836	gnl|TC-DB|Q9KN48|3.A.23.1.1	37.3	314	161	7	322	600	212	524	4.5e-48	189.1
BCW-200100_02840	gnl|TC-DB|Q9RBI5|1.B.9.3.1	94.8	386	20	0	1	386	1	386	1.0e-218	755.4
BCW-200100_02850	gnl|TC-DB|P0AAE5|2.A.3.2.8	55.3	427	188	1	5	431	4	427	3.6e-127	451.4
BCW-200100_02867	gnl|TC-DB|P44669|9.A.41.1.1	51.5	619	291	4	1	614	1	615	1.9e-171	599.0
BCW-200100_02888	gnl|TC-DB|P0A943|1.B.33.1.3	35.0	842	484	13	10	825	6	810	6.6e-143	504.6
BCW-200100_02897	gnl|TC-DB|Q9KN48|3.A.23.1.1	36.9	360	220	3	122	479	173	527	2.5e-57	219.5
BCW-200100_02901	gnl|TC-DB|P76169|2.A.7.26.1	62.4	101	37	1	16	116	7	106	6.0e-29	123.2
BCW-200100_02902	gnl|TC-DB|Q9FI56|3.A.9.1.2	39.3	810	398	15	10	738	106	902	7.9e-151	530.8
BCW-200100_02909	gnl|TC-DB|O32080|2.A.38.4.3	35.4	209	134	1	3	210	8	216	1.4e-31	132.9
BCW-200100_02910	gnl|TC-DB|O32081|2.A.38.4.3	40.4	445	263	2	1	445	3	445	1.4e-91	333.2
BCW-200100_02921	gnl|TC-DB|E0DTC9|2.A.115.1.4	47.9	192	100	0	19	210	76	267	1.2e-45	179.5
BCW-200100_02923	gnl|TC-DB|P15993|2.A.3.1.3	63.9	451	163	0	4	454	6	456	3.5e-162	567.8
BCW-200100_02927	gnl|TC-DB|P21345|2.A.23.1.1	37.8	410	242	5	10	411	12	416	1.0e-62	237.3
BCW-200100_02952	gnl|TC-DB|O00571|1.I.1.1.3	37.9	354	205	5	18	357	195	547	2.0e-62	236.1
BCW-200100_02966	gnl|TC-DB|P39456|3.A.1.3.14	51.5	229	106	2	262	488	2	227	4.3e-60	228.8
BCW-200100_02967	gnl|TC-DB|P30860|3.A.1.3.3	31.7	224	134	6	40	257	26	236	1.5e-19	93.2
BCW-200100_02985	gnl|TC-DB|Q9L100|2.A.3.3.16	48.1	482	237	3	16	494	24	495	7.4e-113	404.1
BCW-200100_02994	gnl|TC-DB|Q9FI56|3.A.9.1.2	44.9	865	398	12	3	847	95	900	1.7e-205	712.6
BCW-200100_02999	gnl|TC-DB|P0A9T4|8.A.5.1.5	49.3	349	173	2	1	348	1	346	2.3e-97	352.1
BCW-200100_03012	gnl|TC-DB|P31466|2.A.40.7.6	51.3	433	210	1	2	433	6	438	1.0e-113	406.8
BCW-200100_03014	gnl|TC-DB|O07488|2.A.53.3.1	62.7	477	175	1	7	483	8	481	2.6e-163	571.6
BCW-200100_03015	gnl|TC-DB|Q01674|1.B.14.1.17	23.4	700	458	21	71	732	51	710	1.9e-37	154.1
BCW-200100_03039	gnl|TC-DB|H8E4X1|9.B.18.1.2	40.5	190	99	1	2	177	329	518	9.6e-35	143.3
BCW-200100_03042	gnl|TC-DB|Q6MMD5|9.B.18.2.1	45.3	612	328	6	9	616	16	624	1.5e-134	476.5
BCW-200100_03044	gnl|TC-DB|G0CIY2|9.B.18.1.1	37.5	419	230	6	58	454	76	484	4.0e-65	245.4
BCW-200100_03052	gnl|TC-DB|P33231|2.A.14.1.1	72.6	552	148	2	2	551	1	551	7.3e-231	796.2
BCW-200100_03056	gnl|TC-DB|Q5MQC2|1.B.73.1.1	46.8	474	237	3	12	480	14	477	8.7e-119	423.7
BCW-200100_03063	gnl|TC-DB|P0AAE0|2.A.3.1.7	58.9	460	183	1	12	471	15	468	4.5e-152	534.3
BCW-200100_03066	gnl|TC-DB|Q9HWU4|1.B.11.3.7	32.1	835	536	16	41	861	14	831	8.0e-115	411.4
BCW-200100_03070	gnl|TC-DB|Q7V7U0|2.A.7.28.11	29.9	278	172	5	19	282	22	290	8.4e-24	107.5
BCW-200100_03072	gnl|TC-DB|C4ZZU4|2.A.1.14.40	61.4	453	169	3	1	453	1	447	1.7e-161	565.5
BCW-200100_03080	gnl|TC-DB|Q46821|2.A.40.3.3	29.0	428	298	5	18	440	29	455	3.9e-49	192.2
BCW-200100_03091	gnl|TC-DB|P0ABP6|9.B.27.2.3	57.7	208	86	2	3	208	7	214	8.7e-63	236.5
BCW-200100_03103	gnl|TC-DB|O30646|2.A.7.3.25	26.7	292	187	8	4	283	8	284	3.4e-12	68.9
BCW-200100_03109	gnl|TC-DB|B2D7K2|3.A.23.1.1	23.6	537	322	13	48	576	41	497	7.7e-26	115.9
BCW-200100_03114	gnl|TC-DB|P0AG34|2.A.76.1.1	38.6	207	126	1	1	207	1	206	3.7e-34	141.4
BCW-200100_03115	gnl|TC-DB|P39832|3.A.1.15.5	32.8	232	155	1	5	235	2	233	1.3e-26	116.7
BCW-200100_03116	gnl|TC-DB|P0A9X1|3.A.1.15.5	45.5	233	118	3	13	238	4	234	1.1e-51	199.9
BCW-200100_03120	gnl|TC-DB|P0AB98|3.A.2.1.1	57.9	292	101	7	1	291	1	271	2.1e-80	295.4
BCW-200100_03121	gnl|TC-DB|P68699|3.A.2.1.1	51.4	74	36	0	3	76	4	77	3.9e-16	80.1
BCW-200100_03122	gnl|TC-DB|P0ABA0|3.A.2.1.1	67.4	43	14	0	1	43	1	43	1.0e-12	69.7
BCW-200100_03123	gnl|TC-DB|P0ABA4|3.A.2.1.1	33.7	172	113	1	1	172	1	171	4.3e-23	104.4
BCW-200100_03124	gnl|TC-DB|P0ABB0|3.A.2.1.1	74.6	512	130	0	3	514	2	513	8.7e-218	752.7
BCW-200100_03125	gnl|TC-DB|P0ABA6|3.A.2.1.1	61.2	289	110	2	1	289	1	287	3.9e-98	354.4
BCW-200100_03126	gnl|TC-DB|P0ABB4|3.A.2.1.1	79.4	466	88	3	1	464	1	460	7.1e-211	729.6
BCW-200100_03127	gnl|TC-DB|P0A6E6|3.A.2.1.1	48.9	133	68	0	3	135	4	136	1.2e-28	122.5
BCW-200100_03134	gnl|TC-DB|P31122|2.A.1.2.15	30.7	361	243	3	18	375	11	367	4.2e-42	168.7
BCW-200100_03144	gnl|TC-DB|A2RKA7|3.A.1.2.17	40.1	496	291	3	12	502	7	501	7.9e-102	367.5
BCW-200100_03145	gnl|TC-DB|O83342|3.A.1.2.10	31.0	300	192	8	61	352	104	396	3.7e-29	125.6
BCW-200100_03146	gnl|TC-DB|Q9WXW0|3.A.1.2.18	30.9	288	188	5	11	288	20	306	1.6e-25	113.2
BCW-200100_03148	gnl|TC-DB|Q8VRK4|3.A.11.1.3	38.6	207	120	3	92	297	67	267	9.2e-31	131.0
BCW-200100_03152	gnl|TC-DB|Q00620|1.B.14.4.2	46.0	645	315	8	37	673	64	683	1.3e-165	579.7
BCW-200100_03157	gnl|TC-DB|D4ZZR3|9.B.34.1.3	36.6	153	89	4	248	394	236	386	2.0e-15	80.1
BCW-200100_03158	gnl|TC-DB|Q8EBH3|1.B.6.1.22	28.7	136	82	2	23	157	234	355	3.4e-11	64.7
BCW-200100_03166	gnl|TC-DB|P10408|3.A.5.1.1	58.9	908	362	5	1	905	1	900	1.3e-306	1048.5
BCW-200100_03179	gnl|TC-DB|P06129|1.B.14.3.1	27.4	632	387	17	22	614	12	610	2.3e-39	160.2
BCW-200100_03198	gnl|TC-DB|Q9JZN9|1.B.14.2.9	37.0	755	390	13	10	685	11	758	6.3e-131	464.5
BCW-200100_03199	gnl|TC-DB|Q9JZN9|1.B.14.2.9	38.1	721	350	11	52	694	56	758	2.6e-140	495.7
BCW-200100_03225	gnl|TC-DB|P0ADZ7|3.A.5.1.1	50.9	110	53	1	1	109	1	110	3.8e-22	100.5
BCW-200100_03226	gnl|TC-DB|P0AG90|2.A.6.4.1	46.5	635	314	12	2	633	4	615	7.3e-142	500.7
BCW-200100_03227	gnl|TC-DB|P0AG93|2.A.6.4.1	39.3	295	177	2	19	311	15	309	4.1e-48	188.3
BCW-200100_03237	gnl|TC-DB|Q7AA53|2.A.6.8.2	27.3	741	504	19	38	758	14	739	2.6e-56	216.9
BCW-200100_03261	gnl|TC-DB|P23865|9.B.174.1.2	33.0	743	405	18	1	725	3	670	3.4e-90	329.3
BCW-200100_03268	gnl|TC-DB|P12012|2.A.8.1.1	42.6	451	250	4	8	452	1	448	8.5e-92	334.0
BCW-200100_03280	gnl|TC-DB|P81549|1.B.14.1.16	36.1	740	445	10	11	731	13	743	7.7e-127	451.1
BCW-200100_03290	gnl|TC-DB|P69423|2.A.64.1.1	43.9	230	129	0	17	246	5	234	1.1e-51	199.9
BCW-200100_03302	gnl|TC-DB|P0ABU9|1.A.30.2.2	34.2	190	93	3	1	158	4	193	5.3e-17	84.3
BCW-200100_03309	gnl|TC-DB|P39830|2.A.37.1.5	48.6	555	272	4	1	554	1	543	2.5e-125	445.7
BCW-200100_03316	gnl|TC-DB|Q07711|3.A.7.7.1	23.6	622	390	21	124	693	100	688	9.5e-31	132.1
BCW-200100_03320	gnl|TC-DB|P43672|3.A.1.120.6	46.9	636	333	5	1	633	1	634	3.0e-151	531.9
BCW-200100_03321	gnl|TC-DB|G8WDN4|2.A.76.1.10	65.2	210	73	0	1	210	1	210	4.5e-72	267.3
BCW-200100_03325	gnl|TC-DB|P21345|2.A.23.1.1	71.7	424	120	0	1	424	1	424	3.6e-164	574.3
BCW-200100_03344	gnl|TC-DB|P08839|8.A.7.1.1	32.2	553	367	5	184	731	4	553	2.5e-80	296.6
BCW-200100_03348	gnl|TC-DB|Q6PML9|2.A.4.6.1	28.5	323	218	6	9	319	239	560	1.9e-29	126.3
BCW-200100_03356	gnl|TC-DB|O05307|4.C.1.1.3	40.0	592	326	7	15	601	17	584	1.9e-123	439.5
BCW-200100_03363	gnl|TC-DB|G8WDN3|2.A.7.21.5	28.9	142	98	2	11	152	1	139	1.6e-13	72.4
BCW-200100_03364	gnl|TC-DB|Q5FAM9|2.A.66.1.21	78.5	447	96	0	1	447	1	447	2.2e-193	671.4
BCW-200100_03376	gnl|TC-DB|P0A2L3|9.A.40.1.2	44.8	252	129	4	22	271	31	274	2.5e-54	208.8
BCW-200100_03379	gnl|TC-DB|P15746|3.A.15.1.1	48.5	134	61	5	24	154	2	130	5.5e-25	110.5
BCW-200100_03380	gnl|TC-DB|P15745|3.A.15.1.1	43.6	362	180	3	1	361	1	339	8.4e-67	250.8
BCW-200100_03381	gnl|TC-DB|Q9ZKE4|3.A.11.3.1	33.3	499	314	9	222	716	119	602	8.2e-68	255.0
BCW-200100_03382	gnl|TC-DB|P45522|2.A.37.1.2	39.0	590	355	5	4	591	7	593	6.9e-105	377.9
BCW-200100_03386	gnl|TC-DB|P37002|1.A.43.1.1	40.9	127	74	1	1	126	1	127	7.5e-22	99.8
BCW-200100_03391	gnl|TC-DB|Q6MDD6|3.A.7.16.1	26.5	453	253	11	118	562	317	697	1.2e-24	111.3
BCW-200100_03395	gnl|TC-DB|P0A2G3|2.A.1.6.7	59.6	418	166	1	2	416	3	420	6.4e-137	483.8
BCW-200100_03400	gnl|TC-DB|P30130|1.B.11.3.9	35.3	843	510	15	4	827	29	855	9.6e-129	457.6
BCW-200100_03410	gnl|TC-DB|Q52978|2.A.63.1.1	44.5	978	478	18	1	937	31	984	6.1e-201	697.6
BCW-200100_03411	gnl|TC-DB|Q52980|2.A.63.1.1	54.1	111	46	1	4	109	1	111	1.1e-25	112.5
BCW-200100_03412	gnl|TC-DB|Q52981|2.A.63.1.1	36.3	559	302	7	5	530	1	538	2.1e-82	303.1
BCW-200100_03413	gnl|TC-DB|Q9KD99|2.A.63.1.2	29.1	151	104	2	16	164	7	156	8.8e-13	70.1
BCW-200100_03415	gnl|TC-DB|Q9KDA1|2.A.63.1.2	34.9	106	68	1	5	109	4	109	1.2e-12	69.3
BCW-200100_03423	gnl|TC-DB|P0AG99|3.A.5.1.1	48.6	105	50	1	1	105	1	101	1.8e-16	81.6
BCW-200100_03425	gnl|TC-DB|P22608|3.A.15.2.1	56.7	563	241	3	9	570	6	566	3.3e-178	621.3
BCW-200100_03426	gnl|TC-DB|P22609|3.A.15.2.1	60.4	374	146	1	35	408	2	373	6.8e-125	443.7
BCW-200100_03427	gnl|TC-DB|R8YEH7|1.A.54.5.3	71.0	286	83	0	1	286	1	286	2.4e-116	414.8
BCW-200100_03436	gnl|TC-DB|P46482|8.A.1.7.1	28.2	323	188	3	6	328	5	283	2.3e-33	139.4
BCW-200100_03438	gnl|TC-DB|E0LV84|2.A.85.1.4	25.8	524	377	5	16	533	9	526	2.0e-47	187.2
BCW-200100_03442	gnl|TC-DB|K0WKG7|4.F.1.1.8	53.2	190	76	3	7	193	1	180	2.2e-44	175.3
BCW-200100_03457	gnl|TC-DB|P21345|2.A.23.1.1	36.6	404	243	4	10	405	12	410	3.3e-61	232.3
BCW-200100_03462	gnl|TC-DB|Q9HWW1|1.B.39.1.3	29.0	207	127	9	19	208	29	232	5.9e-16	80.9
BCW-200100_03463	gnl|TC-DB|O32105|2.A.8.1.12	48.2	438	184	5	42	473	42	442	1.6e-104	376.3
BCW-200100_03471	gnl|TC-DB|Q9ZK21|1.C.82.1.1	52.9	227	107	0	3	229	4	230	1.1e-60	229.6
BCW-200100_03514	gnl|TC-DB|D4E385|1.E.2.1.11	44.3	70	35	2	12	78	163	231	2.2e-11	64.3
