BCW-201860_00004	gnl|TC-DB|B3WJF3|2.A.88.8.6	96.0	50	2	0	1	50	171	220	7.5e-21	95.1
BCW-201860_00025	gnl|TC-DB|P0A910|1.B.6.1.1	90.1	91	9	0	1	91	256	346	3.6e-42	166.8
BCW-201860_00037	gnl|TC-DB|P15365|2.A.1.14.4	34.4	494	309	13	32	514	52	541	2.6e-65	246.1
BCW-201860_00041	gnl|TC-DB|Q5AG77|2.A.3.10.23	34.4	273	164	4	1	265	283	548	8.0e-38	154.1
BCW-201860_00042	gnl|TC-DB|Q47689|2.A.3.1.10	32.7	159	107	0	42	200	11	169	5.2e-20	94.4
BCW-201860_00056	gnl|TC-DB|Q08902|2.A.1.3.52	47.9	472	231	6	45	509	42	505	5.0e-117	417.9
BCW-201860_00062	gnl|TC-DB|P36032|2.A.1.13.18	41.4	413	230	3	20	424	34	442	8.5e-84	307.4
BCW-201860_00071	gnl|TC-DB|P32837|2.A.3.4.3	57.0	498	208	3	35	528	49	544	2.6e-167	585.1
BCW-201860_00098	gnl|TC-DB|G4TIR7|2.A.1.1.127	28.9	478	324	7	13	483	23	491	5.6e-52	201.8
BCW-201860_00105	gnl|TC-DB|P0A9S7|3.A.1.4.1	95.5	88	4	0	1	88	168	255	4.1e-43	169.9
BCW-201860_00107	gnl|TC-DB|P25376|2.A.3.10.7	49.5	515	252	3	48	555	116	629	3.7e-145	511.5
BCW-201860_00112	gnl|TC-DB|P38759|9.A.63.1.1	39.8	294	138	5	1	267	1	282	3.9e-52	201.4
BCW-201860_00113	gnl|TC-DB|Q12412|2.A.92.1.8	54.8	471	208	2	25	490	64	534	9.4e-145	510.0
BCW-201860_00136	gnl|TC-DB|M5BEH1|9.B.106.3.1	33.3	249	156	7	714	956	17	261	2.4e-27	120.9
BCW-201860_00140	gnl|TC-DB|B9WHV4|8.A.41.1.8	54.5	490	195	3	67	528	71	560	5.5e-159	557.4
BCW-201860_00143	gnl|TC-DB|Q8NBI5|2.A.1.44.3	23.2	501	293	15	61	519	20	470	9.4e-13	71.6
BCW-201860_00145	gnl|TC-DB|Q7SE83|2.A.21.6.5	54.9	448	195	4	1	444	66	510	2.1e-133	472.2
BCW-201860_00158	gnl|TC-DB|E7KKW7|9.B.132.1.2	34.7	251	150	3	12	259	12	251	4.2e-44	175.3
BCW-201860_00169	gnl|TC-DB|P51792|2.A.49.2.3	33.4	646	324	14	118	740	85	647	8.4e-92	335.1
BCW-201860_00178	gnl|TC-DB|P53838|2.A.31.3.2	53.8	526	218	7	14	532	53	560	2.3e-147	518.8
BCW-201860_00180	gnl|TC-DB|B0CP94|1.B.69.1.6	30.5	220	130	5	3	221	7	204	2.1e-19	92.4
BCW-201860_00188	gnl|TC-DB|F4K2G0|3.D.1.8.1	58.3	163	64	2	33	192	84	245	8.9e-47	183.3
BCW-201860_00198	gnl|TC-DB|P46459|1.F.1.1.1	44.6	729	377	10	36	755	4	714	2.2e-172	602.4
BCW-201860_00206	gnl|TC-DB|P25343|8.A.34.2.1	38.2	259	155	3	1	256	1	257	2.3e-46	182.2
BCW-201860_00215	gnl|TC-DB|C4QVV9|2.A.1.1.125	27.4	453	304	6	181	626	50	484	5.1e-53	205.7
BCW-201860_00220	gnl|TC-DB|P39108|3.A.20.1.5	42.6	380	203	6	1	373	1	372	1.8e-87	319.3
BCW-201860_00229	gnl|TC-DB|Q04338|1.F.1.1.2	45.7	219	113	3	28	243	1	216	5.3e-40	161.0
BCW-201860_00234	gnl|TC-DB|Q03263|2.A.1.3.69	42.3	475	262	5	4	474	60	526	8.5e-88	320.9
BCW-201860_00235	gnl|TC-DB|Q59YT0|2.A.3.10.24	51.5	549	242	9	95	641	62	588	6.3e-141	497.7
BCW-201860_00248	gnl|TC-DB|P77735|8.A.5.1.6	39.5	332	182	7	11	339	6	321	6.5e-60	227.6
BCW-201860_00253	gnl|TC-DB|Q9UGP8|3.A.5.9.1	45.8	72	33	1	4	75	106	171	5.0e-12	68.9
BCW-201860_00255	gnl|TC-DB|Q12150|8.A.6.1.1	28.4	3099	1927	72	20	2991	20	2954	0.0e+00	1160.6
BCW-201860_00273	gnl|TC-DB|Q10V66|1.A.1.5.16	31.3	131	90	0	148	278	324	454	4.0e-12	70.5
BCW-201860_00292	gnl|TC-DB|P34230|3.A.1.203.2	41.0	671	329	14	95	707	132	793	4.7e-129	458.4
BCW-201860_00295	gnl|TC-DB|P38848|3.A.20.1.5	26.9	390	247	6	123	510	193	546	1.2e-39	161.0
BCW-201860_00309	gnl|TC-DB|P40035|2.A.29.4.4	63.0	297	102	3	33	327	10	300	2.0e-106	382.1
BCW-201860_00315	gnl|TC-DB|P40556|2.A.29.10.5	52.6	323	126	7	47	369	74	369	4.1e-84	308.1
BCW-201860_00320	gnl|TC-DB|A0L4L0|3.A.1.132.3	40.8	196	103	5	11	206	86	268	2.3e-31	132.5
BCW-201860_00329	gnl|TC-DB|Q708J7|2.A.39.2.3	68.8	497	149	2	16	511	22	513	9.3e-196	679.5
BCW-201860_00338	gnl|TC-DB|A3M0C4|9.B.51.1.5	42.3	104	55	2	1	101	26	127	3.8e-18	87.4
BCW-201860_00358	gnl|TC-DB|P38631|9.B.119.1.1	41.0	1735	908	31	20	1655	158	1875	0.0e+00	1258.4
BCW-201860_00363	gnl|TC-DB|P38702|2.A.29.12.4	53.3	360	135	5	33	387	26	357	1.7e-101	365.9
BCW-201860_00367	gnl|TC-DB|Q06169|3.A.20.1.5	51.4	362	154	5	31	385	61	407	1.9e-104	375.9
BCW-201860_00380	gnl|TC-DB|A2QHQ3|3.A.19.1.2	26.9	160	116	1	55	214	3	161	1.3e-14	76.6
BCW-201860_00384	gnl|TC-DB|P40915|3.D.1.6.2	60.9	235	83	4	24	251	31	263	1.1e-75	279.6
BCW-201860_00440	gnl|TC-DB|G4N740|2.A.1.1.117	24.8	471	320	10	5	452	14	473	2.2e-29	126.7
BCW-201860_00443	gnl|TC-DB|P40100|9.A.26.1.3	30.3	198	127	2	44	230	87	284	2.0e-18	89.4
BCW-201860_00450	gnl|TC-DB|Q5EAK4|2.A.16.2.2	30.8	338	204	13	533	851	1385	1711	2.1e-25	114.8
BCW-201860_00451	gnl|TC-DB|Q8IDP1|3.A.25.2.1	28.8	146	97	3	8	153	138	276	7.1e-14	73.6
BCW-201860_00464	gnl|TC-DB|P15685|2.A.1.1.10	37.1	520	312	7	32	543	64	576	7.0e-96	347.8
BCW-201860_00465	gnl|TC-DB|P53048|2.A.1.1.11	35.8	509	319	4	24	530	74	576	6.3e-97	351.3
BCW-201860_00466	gnl|TC-DB|F4K2G0|3.D.1.8.1	62.8	164	57	2	3	162	87	250	1.7e-55	211.8
BCW-201860_00470	gnl|TC-DB|P39109|3.A.1.208.11	56.6	1526	591	16	57	1533	13	1515	0.0e+00	1628.2
BCW-201860_00471	gnl|TC-DB|P34815|1.F.1.1.3	26.0	635	401	20	30	653	97	673	9.1e-43	171.8
BCW-201860_00472	gnl|TC-DB|Q03697|2.A.7.9.14	31.7	397	183	10	10	342	9	381	2.4e-41	166.0
BCW-201860_00477	gnl|TC-DB|P50080|2.A.1.3.53	34.7	588	313	10	2	534	37	608	4.6e-82	302.0
BCW-201860_00480	gnl|TC-DB|P47159|2.A.1.63.4	32.7	431	278	5	18	445	14	435	9.8e-56	214.2
BCW-201860_00483	gnl|TC-DB|P32071|2.A.1.2.2	54.4	581	224	6	1	570	1	551	1.6e-167	585.9
BCW-201860_00491	gnl|TC-DB|A3M0N3|2.A.1.1.68	67.7	536	161	3	1	532	1	528	1.9e-207	718.4
BCW-201860_00493	gnl|TC-DB|H2AV64|1.A.43.2.2	32.6	362	186	10	109	421	20	372	5.4e-40	161.8
BCW-201860_00497	gnl|TC-DB|P47082|2.A.18.5.2	42.8	596	302	9	2	592	40	601	3.3e-120	428.7
BCW-201860_00499	gnl|TC-DB|Q03730|2.A.7.24.5	47.1	382	168	7	22	384	11	377	3.6e-75	278.5
BCW-201860_00515	gnl|TC-DB|P32332|2.A.29.15.1	55.5	310	126	5	8	317	20	317	4.4e-90	327.8
BCW-201860_00536	gnl|TC-DB|Q5AW73|8.A.65.1.3	37.6	226	122	9	3	224	57	267	1.0e-27	120.2
BCW-201860_00540	gnl|TC-DB|O00623|3.A.20.1.1	26.5	373	233	12	2	371	3	337	2.7e-18	89.7
BCW-201860_00544	gnl|TC-DB|P08107|1.A.33.1.3	61.9	616	228	4	27	639	7	618	1.3e-213	739.2
BCW-201860_00556	gnl|TC-DB|Q8NKC4|2.A.3.10.18	37.1	490	303	4	43	527	53	542	2.6e-95	345.9
BCW-201860_00562	gnl|TC-DB|P28873|2.A.1.2.6	49.5	473	237	2	42	512	92	564	1.5e-132	469.5
BCW-201860_00567	gnl|TC-DB|O95067|1.I.1.1.3	39.2	263	155	2	116	374	118	379	3.3e-47	185.7
BCW-201860_00585	gnl|TC-DB|P34077|1.I.1.1.1	36.2	904	490	25	70	968	15	836	1.7e-153	540.0
BCW-201860_00586	gnl|TC-DB|P19807|2.A.3.4.1	58.2	471	196	1	18	488	46	515	3.6e-163	571.2
BCW-201860_00607	gnl|TC-DB|Q9P8U8|2.A.108.1.3	72.2	385	101	2	1	383	1	381	8.4e-157	549.7
BCW-201860_00610	gnl|TC-DB|Q12200|2.A.6.6.3	44.6	1241	603	28	6	1236	3	1168	5.8e-284	973.8
BCW-201860_00623	gnl|TC-DB|F4K2G0|3.D.1.8.1	51.7	143	64	3	433	571	103	244	1.1e-30	131.3
BCW-201860_00639	gnl|TC-DB|P53154|2.A.50.1.1	58.2	572	221	9	1	566	1	560	6.5e-190	660.2
BCW-201860_00652	gnl|TC-DB|P14907|1.I.1.1.1	34.0	194	115	2	628	821	638	818	2.5e-25	114.0
BCW-201860_00657	gnl|TC-DB|P06493|1.I.1.1.3	36.3	289	171	5	22	303	4	286	9.6e-49	190.7
BCW-201860_00662	gnl|TC-DB|Q9SXJ7|3.A.9.1.2	46.2	719	320	6	92	802	276	935	7.3e-179	624.0
BCW-201860_00676	gnl|TC-DB|P28873|2.A.1.2.6	62.1	572	195	6	1	559	1	563	1.1e-178	622.9
BCW-201860_00681	gnl|TC-DB|M9MY71|2.A.1.14.43	41.1	513	302	0	26	538	25	537	2.1e-126	449.1
BCW-201860_00682	gnl|TC-DB|M9MY71|2.A.1.14.43	45.0	509	280	0	73	581	29	537	4.1e-139	491.5
BCW-201860_00691	gnl|TC-DB|P11636|2.A.1.1.7	46.8	538	277	6	48	581	3	535	2.3e-137	485.7
BCW-201860_00711	gnl|TC-DB|P06493|1.I.1.1.3	35.3	303	166	9	15	308	3	284	9.2e-41	164.1
BCW-201860_00712	gnl|TC-DB|Q9RPP3|2.A.1.14.8	31.3	361	225	9	55	401	19	370	3.9e-40	162.5
BCW-201860_00713	gnl|TC-DB|Q8CFI0|8.A.30.1.1	31.9	188	118	3	1439	1622	818	999	3.1e-19	94.7
BCW-201860_00737	gnl|TC-DB|P38778|2.A.55.1.2	56.2	457	151	5	13	468	54	462	1.6e-101	366.7
BCW-201860_00750	gnl|TC-DB|P28328|3.A.20.1.1	25.4	303	180	8	10	312	16	272	1.3e-14	77.4
BCW-201860_00753	gnl|TC-DB|C6KT34|3.A.16.1.3	45.6	241	128	1	266	506	206	443	7.3e-55	211.5
BCW-201860_00754	gnl|TC-DB|Q9HC24|1.A.14.3.6	36.4	231	145	1	24	254	6	234	2.7e-34	142.1
BCW-201860_00767	gnl|TC-DB|P00424|3.D.4.8.1	47.7	151	78	1	1	150	1	151	1.2e-34	142.5
BCW-201860_00768	gnl|TC-DB|Q8TDX7|1.I.1.1.3	27.4	208	131	6	594	796	38	230	3.6e-15	80.5
BCW-201860_00770	gnl|TC-DB|P32331|2.A.29.8.12	42.6	291	152	6	17	299	24	307	5.5e-55	211.1
BCW-201860_00771	gnl|TC-DB|Q12644|3.D.1.6.2	78.7	178	38	0	56	233	42	219	5.6e-63	237.3
BCW-201860_00785	gnl|TC-DB|P52298|9.A.60.1.1	48.9	131	51	2	25	139	7	137	9.9e-29	123.2
BCW-201860_00792	gnl|TC-DB|P32939|9.A.63.1.1	64.7	215	69	3	1	215	1	208	2.2e-74	275.0
BCW-201860_00795	gnl|TC-DB|P39932|2.A.1.1.38	28.8	511	343	10	61	560	21	521	7.9e-58	221.5
BCW-201860_00819	gnl|TC-DB|Q6PIL6|5.B.1.2.2	38.7	181	110	1	11	191	71	250	2.6e-34	141.7
BCW-201860_00825	gnl|TC-DB|Q05521|9.B.105.3.2	42.3	239	128	4	12	247	16	247	1.0e-44	176.8
BCW-201860_00830	gnl|TC-DB|P53835|9.B.63.1.1	24.0	572	362	12	21	525	7	572	7.3e-33	138.7
BCW-201860_00836	gnl|TC-DB|M5BEH1|9.B.106.3.1	44.4	266	137	3	19	283	7	262	6.1e-63	239.6
BCW-201860_00842	gnl|TC-DB|Q05521|9.B.105.3.2	39.2	237	130	6	6	234	15	245	9.3e-37	150.2
BCW-201860_00843	gnl|TC-DB|P25297|2.A.1.9.1	68.7	562	151	5	14	551	22	582	6.1e-217	750.0
BCW-201860_00848	gnl|TC-DB|P40100|9.A.26.1.3	37.8	296	148	5	5	275	8	292	6.5e-45	177.6
BCW-201860_00871	gnl|TC-DB|P34232|1.I.1.1.1	33.6	137	75	4	46	171	52	183	2.1e-19	92.0
BCW-201860_00878	gnl|TC-DB|C4YGN0|2.A.1.75.3	56.2	480	174	5	1	469	1	455	2.6e-136	481.9
BCW-201860_00881	gnl|TC-DB|P53104|9.A.15.1.1	39.5	932	394	22	1	818	18	893	1.6e-157	553.1
BCW-201860_00882	gnl|TC-DB|D8HIS0|9.B.106.2.2	29.1	172	84	5	259	430	321	454	1.6e-11	68.6
BCW-201860_00888	gnl|TC-DB|G0S6T0|1.I.1.1.2	28.2	248	150	5	2	222	30	276	5.5e-23	104.4
BCW-201860_00889	gnl|TC-DB|P08107|1.A.33.1.3	74.3	642	159	1	4	645	6	641	5.7e-267	916.4
BCW-201860_00891	gnl|TC-DB|P31552|4.C.1.1.6	22.7	528	341	16	123	632	39	517	5.4e-18	89.4
BCW-201860_00902	gnl|TC-DB|P06493|1.I.1.1.3	53.8	275	126	1	1	274	18	292	4.5e-86	314.3
BCW-201860_00910	gnl|TC-DB|P38921|2.A.29.18.1	58.5	183	71	1	15	197	96	273	3.8e-55	211.1
BCW-201860_00922	gnl|TC-DB|P06493|1.I.1.1.3	64.5	279	97	2	16	294	13	289	2.9e-104	374.8
BCW-201860_00924	gnl|TC-DB|P53104|9.A.15.1.1	25.0	248	129	8	290	491	27	263	8.9e-14	75.1
BCW-201860_00937	gnl|TC-DB|P32839|9.A.62.1.1	68.8	414	128	1	27	440	44	456	3.3e-173	604.4
BCW-201860_00939	gnl|TC-DB|P25371|3.A.1.204.9	53.5	1002	415	13	54	1006	50	1049	9.4e-301	1029.2
BCW-201860_00947	gnl|TC-DB|P33310|3.A.1.212.1	49.9	601	276	8	72	661	86	672	1.1e-151	533.5
BCW-201860_00954	gnl|TC-DB|E7KKW7|9.B.132.1.2	45.6	252	121	5	8	254	10	250	2.6e-54	209.1
BCW-201860_00955	gnl|TC-DB|Q42524|4.C.1.1.7	19.2	594	386	15	248	831	39	548	1.7e-13	75.5
BCW-201860_00957	gnl|TC-DB|P14772|3.A.1.208.18	39.4	1588	870	26	24	1563	15	1558	5.6e-292	1000.7
BCW-201860_00962	gnl|TC-DB|P32939|9.A.63.1.1	33.9	218	122	5	15	228	9	208	7.2e-31	130.6
BCW-201860_00963	gnl|TC-DB|P36046|3.A.8.1.1	73.5	83	18	2	88	167	278	359	3.6e-33	138.3
BCW-201860_00979	gnl|TC-DB|P53389|2.A.1.2.33	54.6	581	222	6	13	557	12	586	4.1e-181	630.9
BCW-201860_00985	gnl|TC-DB|P42114|3.D.1.6.2	42.9	119	63	2	5	120	6	122	9.4e-22	99.4
BCW-201860_01001	gnl|TC-DB|Q9UKG9|4.C.2.1.2	29.5	536	335	17	2	527	13	515	1.7e-47	187.6
BCW-201860_01008	gnl|TC-DB|P04035|2.A.6.6.5	39.1	847	453	20	169	988	61	871	9.4e-131	464.5
BCW-201860_01026	gnl|TC-DB|P38767|2.A.66.1.5	46.5	389	201	3	168	552	159	544	2.9e-90	329.3
BCW-201860_01027	gnl|TC-DB|B9W6N1|8.A.63.1.3	70.5	207	61	0	11	217	11	217	2.1e-88	321.6
BCW-201860_01036	gnl|TC-DB|P32842|3.A.2.2.3	82.9	158	27	0	3	160	6	163	8.5e-71	262.7
BCW-201860_01038	gnl|TC-DB|P39518|4.C.1.1.15	40.2	727	375	19	38	748	57	739	7.7e-130	461.1
BCW-201860_01041	gnl|TC-DB|P43548|2.A.3.10.14	41.5	504	287	4	21	519	42	542	2.5e-103	372.5
BCW-201860_01049	gnl|TC-DB|P23644|3.A.8.1.1	65.2	382	125	5	8	384	3	381	1.1e-140	496.1
BCW-201860_01053	gnl|TC-DB|Q8TDX7|1.I.1.1.3	36.6	153	72	8	213	359	159	292	3.1e-12	69.3
BCW-201860_01063	gnl|TC-DB|P62158|8.A.82.1.1	73.7	99	26	0	1	99	19	117	1.5e-17	85.5
BCW-201860_01076	gnl|TC-DB|P53157|2.A.105.1.1	57.0	107	46	0	5	111	11	117	6.0e-34	139.8
BCW-201860_01094	gnl|TC-DB|P38680|2.A.18.4.1	30.9	444	286	7	43	485	43	466	2.8e-56	216.1
BCW-201860_01102	gnl|TC-DB|O15131|1.I.1.1.3	57.1	529	209	7	13	536	9	524	8.6e-35	144.8
BCW-201860_01115	gnl|TC-DB|A0ST42|2.A.1.2.79	31.8	484	308	9	14	489	40	509	8.4e-61	231.1
BCW-201860_01116	gnl|TC-DB|P15365|2.A.1.14.4	41.6	529	290	12	13	526	19	543	2.2e-99	359.4
BCW-201860_01118	gnl|TC-DB|P15685|2.A.1.1.10	34.9	482	295	7	1	474	106	576	1.3e-77	287.0
BCW-201860_01148	gnl|TC-DB|P32341|9.B.206.2.1	45.9	133	69	1	76	208	84	213	1.8e-25	112.5
BCW-201860_01159	gnl|TC-DB|Q8TD19|1.I.1.1.3	28.6	252	164	5	179	425	58	298	3.6e-21	100.5
BCW-201860_01160	gnl|TC-DB|P33335|2.A.1.3.54	24.4	238	154	7	158	389	62	279	9.3e-11	65.1
BCW-201860_01166	gnl|TC-DB|P43601|9.A.15.1.1	35.8	587	240	10	21	565	5	496	2.2e-89	326.2
BCW-201860_01174	gnl|TC-DB|Q83XH1|3.A.1.121.4	28.4	563	361	10	199	744	2	539	4.7e-55	212.6
BCW-201860_01176	gnl|TC-DB|Q02889|9.B.181.1.3	72.0	82	22	1	1	82	1	81	5.3e-29	123.2
BCW-201860_01183	gnl|TC-DB|O13398|3.A.3.9.3	76.2	1085	249	8	7	1086	2	1082	0.0e+00	1617.8
BCW-201860_01204	gnl|TC-DB|P39685|1.I.1.1.1	26.6	1285	848	31	36	1280	100	1329	1.5e-133	474.2
BCW-201860_01212	gnl|TC-DB|P38767|2.A.66.1.5	36.0	495	303	7	40	522	52	544	1.3e-79	293.9
BCW-201860_01213	gnl|TC-DB|P19807|2.A.3.4.1	60.2	497	195	2	68	564	54	547	4.4e-170	594.3
BCW-201860_01220	gnl|TC-DB|Q12078|2.A.55.1.3	56.3	503	168	7	18	507	8	471	1.1e-140	496.5
BCW-201860_01226	gnl|TC-DB|R9WAS9|2.A.39.3.13	51.0	571	258	9	3	562	5	564	8.5e-161	563.5
BCW-201860_01231	gnl|TC-DB|G0SA60|1.I.1.1.2	52.8	299	123	5	6	290	14	308	9.4e-52	200.3
BCW-201860_01244	gnl|TC-DB|Q5AG51|3.A.3.5.8	47.0	1117	547	15	41	1125	54	1157	1.8e-268	922.2
BCW-201860_01289	gnl|TC-DB|Q9C101|2.A.1.19.38	63.5	540	172	5	13	527	15	554	1.1e-194	676.0
BCW-201860_01294	gnl|TC-DB|E7Q6E0|9.B.27.5.2	38.8	237	142	3	34	268	79	314	1.3e-41	166.8
BCW-201860_01306	gnl|TC-DB|Q02783|1.A.35.5.5	39.2	334	196	3	29	355	72	405	1.5e-62	236.5
BCW-201860_01307	gnl|TC-DB|M5BEH1|9.B.106.3.1	33.7	208	130	4	11	213	12	216	3.8e-24	109.4
BCW-201860_01310	gnl|TC-DB|Q12016|9.B.199.1.7	58.3	180	65	3	6	178	8	184	1.3e-51	199.1
BCW-201860_01311	gnl|TC-DB|P06493|1.I.1.1.3	30.1	302	185	8	30	324	8	290	1.5e-35	146.7
BCW-201860_01317	gnl|TC-DB|P53276|9.A.50.1.1	19.7	669	417	26	48	632	41	673	2.4e-16	84.0
BCW-201860_01326	gnl|TC-DB|Q9NUM3|2.A.5.6.1	28.3	269	147	5	6	242	5	259	1.0e-18	90.5
BCW-201860_01332	gnl|TC-DB|P09457|3.A.2.1.3	50.9	212	97	2	1	205	1	212	2.1e-50	195.3
BCW-201860_01370	gnl|TC-DB|P38361|2.A.20.2.2	66.9	574	173	4	1	558	1	573	5.3e-221	763.5
BCW-201860_01389	gnl|TC-DB|P36033|5.B.1.5.3	28.6	697	456	22	36	713	38	711	1.9e-74	276.9
BCW-201860_01403	gnl|TC-DB|P53049|3.A.1.208.3	49.9	1445	656	11	9	1430	77	1476	0.0e+00	1268.1
BCW-201860_01406	gnl|TC-DB|P42949|3.A.8.1.1	59.2	125	46	2	1	120	1	125	3.5e-19	90.9
BCW-201860_01414	gnl|TC-DB|P11670|8.B.9.1.5	44.3	131	66	5	195	322	29	155	4.1e-22	102.1
BCW-201860_01416	gnl|TC-DB|P15380|2.A.3.10.3	49.8	584	249	8	3	545	35	615	6.9e-144	507.3
BCW-201860_01419	gnl|TC-DB|P32939|9.A.63.1.1	35.9	170	101	4	11	176	10	175	2.4e-25	112.1
BCW-201860_01423	gnl|TC-DB|P49792|1.I.1.1.3	57.9	133	54	2	69	200	1171	1302	3.3e-35	144.8
BCW-201860_01424	gnl|TC-DB|O14980|1.I.1.1.3	45.5	1078	563	4	4	1081	16	1069	8.0e-282	966.5
BCW-201860_01449	gnl|TC-DB|P41800|9.A.58.1.1	50.3	336	143	6	82	400	96	424	5.8e-84	307.8
BCW-201860_01455	gnl|TC-DB|Q07914|3.A.8.1.1	53.5	155	67	2	53	202	11	165	4.6e-37	151.0
BCW-201860_01462	gnl|TC-DB|P46934|8.A.30.1.2	28.3	434	266	13	551	972	916	1316	4.7e-39	159.8
BCW-201860_01472	gnl|TC-DB|Q94AG6|2.A.29.18.2	35.6	292	146	8	37	325	59	311	2.4e-35	146.0
BCW-201860_01479	gnl|TC-DB|Q9Y2Q0|3.A.3.8.13	31.4	1289	597	25	196	1463	49	1071	2.8e-153	540.0
BCW-201860_01481	gnl|TC-DB|P47075|4.E.1.1.3	62.9	731	248	4	1	720	1	719	3.2e-250	860.9
BCW-201860_01483	gnl|TC-DB|P06493|1.I.1.1.3	42.8	290	160	3	17	303	4	290	5.7e-61	231.1
BCW-201860_01487	gnl|TC-DB|M5BEH1|9.B.106.3.1	32.3	285	161	6	80	363	11	264	6.7e-35	144.8
BCW-201860_01492	gnl|TC-DB|P77735|8.A.5.1.6	40.8	331	178	6	11	336	6	323	5.2e-62	234.6
BCW-201860_01494	gnl|TC-DB|P40046|9.B.51.1.6	83.5	109	18	0	6	114	13	121	1.2e-50	195.3
BCW-201860_01495	gnl|TC-DB|P25613|2.A.96.1.4	64.0	247	89	0	6	252	29	275	9.6e-85	309.7
BCW-201860_01498	gnl|TC-DB|Q12697|3.A.3.10.8	47.7	1418	612	24	34	1339	40	1440	0.0e+00	1199.1
BCW-201860_01514	gnl|TC-DB|P55072|3.A.16.1.1	40.2	640	319	11	189	817	206	792	3.3e-126	449.1
BCW-201860_01520	gnl|TC-DB|M5BEH1|9.B.106.3.1	33.7	255	165	2	326	580	3	253	5.7e-37	152.5
BCW-201860_01529	gnl|TC-DB|Q59VF2|2.A.21.6.4	67.2	722	234	3	5	724	4	724	2.5e-279	957.6
BCW-201860_01540	gnl|TC-DB|Q7KQK2|3.A.16.1.3	58.4	77	32	0	1	77	305	381	2.8e-19	90.5
BCW-201860_01541	gnl|TC-DB|E9CUW5|2.A.1.75.2	35.2	267	122	13	1	218	1	265	1.2e-30	129.8
BCW-201860_01547	gnl|TC-DB|Q12675|3.A.3.8.5	48.8	1503	670	25	30	1493	169	1611	0.0e+00	1304.3
BCW-201860_01553	gnl|TC-DB|B6HN82|2.A.1.2.86	41.3	475	273	4	106	580	31	499	4.8e-98	355.1
BCW-201860_01562	gnl|TC-DB|P38919|3.A.18.1.1	27.3	355	234	8	29	382	53	384	3.1e-33	139.8
BCW-201860_01566	gnl|TC-DB|Q12154|3.A.21.1.1	62.7	359	116	4	1	347	1	353	2.0e-125	445.3
BCW-201860_01577	gnl|TC-DB|P87108|3.A.8.1.1	65.9	88	30	0	28	115	5	92	2.0e-29	124.8
BCW-201860_01584	gnl|TC-DB|O43772|2.A.29.8.3	32.9	289	174	7	26	302	15	295	2.2e-35	146.0
BCW-201860_01625	gnl|TC-DB|Q84VJ0|8.A.21.2.3	54.4	239	108	1	44	281	16	254	1.2e-70	263.1
BCW-201860_01629	gnl|TC-DB|P50076|2.A.1.10.3	37.1	483	250	12	15	454	54	525	3.5e-77	285.4
BCW-201860_01641	gnl|TC-DB|B6H9Q3|2.A.1.2.85	57.4	573	227	6	11	576	2	564	4.8e-180	627.5
BCW-201860_01664	gnl|TC-DB|P38279|2.A.43.2.7	33.1	278	155	6	1	259	30	295	4.6e-34	141.4
BCW-201860_01672	gnl|TC-DB|P38731|2.A.1.16.4	38.1	590	327	6	39	628	44	595	5.5e-108	388.3
BCW-201860_01673	gnl|TC-DB|P15365|2.A.1.14.4	45.8	511	261	7	23	520	36	543	9.3e-119	423.7
BCW-201860_01678	gnl|TC-DB|P15685|2.A.1.1.10	26.7	510	360	7	22	521	71	576	1.3e-43	174.1
BCW-201860_01685	gnl|TC-DB|P39932|2.A.1.1.38	33.9	484	308	6	5	483	15	491	5.5e-74	275.0
BCW-201860_01697	gnl|TC-DB|P15380|2.A.3.10.3	44.5	541	291	5	11	543	69	608	4.8e-129	458.0
BCW-201860_01702	gnl|TC-DB|P38919|3.A.18.1.1	33.0	376	240	6	188	563	28	391	3.9e-51	199.5
BCW-201860_01722	gnl|TC-DB|Q9LSR8|1.A.87.2.3	31.6	212	123	7	1183	1387	346	542	5.3e-18	90.5
BCW-201860_01725	gnl|TC-DB|P94400|9.B.10.1.1	30.6	248	144	9	41	281	2	228	2.5e-26	116.3
BCW-201860_01726	gnl|TC-DB|P47045|3.A.8.1.1	39.5	463	242	10	18	444	11	471	2.7e-82	302.4
BCW-201860_01733	gnl|TC-DB|P28873|2.A.1.2.6	52.9	467	217	2	47	510	98	564	2.5e-140	495.4
BCW-201860_01742	gnl|TC-DB|Q08280|2.A.1.7.13	32.9	447	275	11	48	484	57	488	6.6e-58	221.5
BCW-201860_01752	gnl|TC-DB|M5BEH1|9.B.106.3.1	31.8	157	83	9	106	256	79	217	4.8e-11	66.2
BCW-201860_01755	gnl|TC-DB|P38523|3.A.8.1.1	71.3	150	43	0	87	236	77	226	1.9e-58	222.2
BCW-201860_01756	gnl|TC-DB|O14411|2.A.67.1.1	70.1	786	230	5	1	784	1	783	0.0e+00	1140.2
BCW-201860_01761	gnl|TC-DB|M5BEH1|9.B.106.3.1	39.7	312	171	7	1	312	1	295	1.0e-53	208.4
BCW-201860_01785	gnl|TC-DB|Q12251|2.A.29.23.9	52.4	313	139	4	13	316	15	326	5.7e-87	317.4
BCW-201860_01791	gnl|TC-DB|P39111|3.A.2.2.3	72.4	116	31	1	7	122	4	118	2.4e-41	164.5
BCW-201860_01801	gnl|TC-DB|Q12256|2.A.1.2.64	43.9	554	269	8	98	625	22	559	1.4e-116	416.8
BCW-201860_01803	gnl|TC-DB|Q12256|2.A.1.2.64	45.2	527	258	7	39	538	41	563	5.7e-115	411.4
BCW-201860_01812	gnl|TC-DB|Q2MEV7|2.A.1.1.51	67.8	534	158	5	1	532	1	522	9.3e-207	716.1
BCW-201860_01835	gnl|TC-DB|P45769|3.A.1.3.26	91.5	71	6	0	1	71	182	252	5.0e-31	129.4
BCW-201860_01849	gnl|TC-DB|P28873|2.A.1.2.6	46.8	564	265	3	1	529	1	564	1.1e-143	506.5
BCW-201860_01874	gnl|TC-DB|P32901|2.A.17.2.2	61.6	529	196	2	23	548	54	578	3.7e-198	687.6
BCW-201860_01883	gnl|TC-DB|Q05998|2.A.39.4.1	41.9	540	311	2	2	541	5	541	3.0e-131	465.3
BCW-201860_01893	gnl|TC-DB|Q5A7S4|2.A.1.58.1	36.9	439	261	7	19	445	64	498	3.7e-74	275.4
BCW-201860_01895	gnl|TC-DB|B0WNM6|2.A.94.1.2	25.4	622	413	14	208	797	31	633	2.3e-37	154.1
BCW-201860_01896	gnl|TC-DB|Q0CZ13|2.A.1.19.48	40.7	491	275	5	35	520	40	519	5.0e-104	374.8
BCW-201860_01903	gnl|TC-DB|Q06686|1.A.56.1.4	40.0	210	84	7	1	168	1	210	1.5e-34	142.5
BCW-201860_01905	gnl|TC-DB|P40445|2.A.1.14.38	40.6	498	293	2	81	575	45	542	1.8e-110	396.4
BCW-201860_01907	gnl|TC-DB|P40445|2.A.1.14.38	40.4	498	294	2	81	575	45	542	2.8e-108	389.0
BCW-201860_01908	gnl|TC-DB|P40445|2.A.1.14.38	40.2	498	295	2	81	575	45	542	5.9e-106	381.3
BCW-201860_01909	gnl|TC-DB|P40445|2.A.1.14.38	39.2	515	305	3	71	577	28	542	2.8e-108	389.0
BCW-201860_01911	gnl|TC-DB|P53299|3.A.8.1.1	51.7	87	34	2	6	92	19	97	3.8e-18	87.0
BCW-201860_01913	gnl|TC-DB|Q2GNP2|9.B.191.1.1	57.2	215	87	3	1	212	3	215	6.0e-64	240.4
BCW-201860_01938	gnl|TC-DB|P52918|9.A.50.1.1	40.9	1258	672	25	1	1223	1	1222	1.2e-265	912.9
BCW-201860_01945	gnl|TC-DB|P53322|2.A.1.14.11	35.4	460	287	3	27	482	80	533	5.5e-81	298.1
BCW-201860_01950	gnl|TC-DB|N4TIW3|2.D.1.1.6	29.5	998	516	22	9	845	8	978	2.4e-95	346.7
BCW-201860_01953	gnl|TC-DB|P70786|2.A.1.14.3	25.7	222	162	2	62	283	11	229	1.1e-18	91.3
BCW-201860_01954	gnl|TC-DB|O59726|2.A.1.48.4	34.5	472	295	5	100	569	118	577	1.5e-72	270.4
BCW-201860_01955	gnl|TC-DB|Q04083|2.A.7.24.1	29.2	349	198	4	33	344	12	348	7.7e-35	144.8
BCW-201860_01963	gnl|TC-DB|P15365|2.A.1.14.4	29.4	531	348	13	4	516	22	543	1.3e-59	227.3
BCW-201860_01977	gnl|TC-DB|P52891|1.I.1.1.1	28.4	776	464	26	9	755	13	725	7.4e-80	295.0
BCW-201860_01982	gnl|TC-DB|Q05166|1.I.1.1.1	27.4	328	171	10	36	320	104	407	1.6e-22	103.6
BCW-201860_01991	gnl|TC-DB|C4YGN0|2.A.1.75.3	33.9	451	269	5	19	451	6	445	7.1e-62	234.6
BCW-201860_01993	gnl|TC-DB|P38297|9.B.25.1.1	34.8	899	491	16	4	853	3	855	3.9e-114	409.1
BCW-201860_01999	gnl|TC-DB|P0A6Y8|1.A.33.1.2	49.2	610	288	6	28	626	3	601	2.7e-168	588.6
BCW-201860_02006	gnl|TC-DB|Q08299|2.A.1.16.2	25.8	596	416	9	12	595	10	591	5.1e-47	185.7
BCW-201860_02011	gnl|TC-DB|P15685|2.A.1.1.10	36.5	529	315	9	15	535	61	576	4.5e-87	318.5
BCW-201860_02018	gnl|TC-DB|P15380|2.A.3.10.3	46.7	529	267	5	20	542	88	607	7.7e-127	450.7
BCW-201860_02020	gnl|TC-DB|P33413|2.A.21.6.1	39.2	701	365	5	11	651	10	709	1.5e-129	459.9
BCW-201860_02028	gnl|TC-DB|P07921|2.A.1.1.9	38.7	491	295	3	81	569	53	539	3.5e-93	339.0
BCW-201860_02032	gnl|TC-DB|Q8NKD5|1.A.11.3.3	33.8	461	287	4	15	472	28	473	2.5e-70	262.7
BCW-201860_02037	gnl|TC-DB|P53322|2.A.1.14.11	26.7	405	286	7	44	442	82	481	5.0e-29	125.6
BCW-201860_02047	gnl|TC-DB|Q8I607|3.A.16.1.3	50.3	143	71	0	6	148	4	146	4.8e-36	147.1
BCW-201860_02048	gnl|TC-DB|P32660|3.A.3.8.4	59.5	1381	489	16	229	1594	114	1439	0.0e+00	1578.9
BCW-201860_02050	gnl|TC-DB|P18238|2.A.29.1.9	82.6	298	52	0	2	299	9	306	2.9e-141	497.7
BCW-201860_02052	gnl|TC-DB|P21576|9.A.63.1.1	72.8	707	178	4	1	696	1	704	2.8e-280	960.7
BCW-201860_02053	gnl|TC-DB|M5BEH1|9.B.106.3.1	33.7	258	160	5	97	352	7	255	1.0e-36	151.0
BCW-201860_02075	gnl|TC-DB|Q12165|3.A.2.1.3	49.1	161	81	1	1	161	1	160	8.9e-36	146.4
BCW-201860_02080	gnl|TC-DB|P42839|2.A.19.7.1	41.6	970	439	16	51	988	32	906	3.6e-183	638.6
BCW-201860_02081	gnl|TC-DB|Q07837|8.A.9.1.2	29.3	495	272	14	7	481	117	553	9.7e-61	231.1
BCW-201860_02116	gnl|TC-DB|Q06598|2.A.59.1.1	46.2	379	188	5	9	377	28	400	1.1e-82	303.5
BCW-201860_02142	gnl|TC-DB|Q8TDX7|1.I.1.1.3	30.9	256	165	6	73	319	30	282	2.5e-27	119.4
BCW-201860_02159	gnl|TC-DB|P40074|2.A.18.6.6	44.5	467	230	11	4	463	3	447	1.1e-86	317.0
BCW-201860_02163	gnl|TC-DB|P80874|8.A.5.1.4	38.0	163	63	7	3	150	43	182	6.9e-17	84.3
BCW-201860_02167	gnl|TC-DB|Q08902|2.A.1.3.52	47.7	474	230	7	43	509	42	504	6.4e-120	427.6
BCW-201860_02173	gnl|TC-DB|P53099|2.A.39.2.2	59.1	528	182	7	38	539	60	579	3.1e-173	604.7
BCW-201860_02194	gnl|TC-DB|C4YTQ0|2.A.79.1.10	56.9	840	274	21	182	948	281	1105	1.4e-226	782.7
BCW-201860_02199	gnl|TC-DB|C8ZEM9|3.A.16.1.2	39.1	133	79	2	33	164	31	162	6.2e-25	110.9
BCW-201860_02205	gnl|TC-DB|P50276|2.A.3.8.4	64.0	506	177	3	31	533	53	556	1.2e-188	656.0
BCW-201860_02223	gnl|TC-DB|Q9UVL6|3.A.3.5.9	56.5	1202	480	14	1	1186	1	1175	0.0e+00	1308.5
BCW-201860_02244	gnl|TC-DB|O43000|2.A.1.14.17	32.4	413	266	7	44	451	18	422	2.5e-52	203.0
BCW-201860_02246	gnl|TC-DB|P49374|2.A.1.1.39	55.0	522	227	3	17	531	18	538	5.2e-165	577.4
BCW-201860_02248	gnl|TC-DB|P49374|2.A.1.1.39	55.4	523	227	3	17	535	18	538	3.9e-168	587.8
BCW-201860_02250	gnl|TC-DB|M5BEH1|9.B.106.3.1	34.2	117	67	3	119	235	46	152	1.6e-11	67.4
BCW-201860_02284	gnl|TC-DB|O00410|1.I.1.1.3	29.3	1077	702	23	19	1062	18	1068	4.2e-129	459.1
BCW-201860_02287	gnl|TC-DB|Q7S1I2|3.D.1.6.2	46.1	89	44	2	2	88	3	89	8.7e-18	86.3
BCW-201860_02291	gnl|TC-DB|Q59WB3|2.A.3.10.25	70.0	580	169	2	26	600	27	606	4.1e-235	810.4
BCW-201860_02295	gnl|TC-DB|Q8RXN0|3.A.1.204.8	32.6	629	365	14	1	595	46	649	6.8e-73	271.6
BCW-201860_02305	gnl|TC-DB|Q708J7|2.A.39.2.3	64.8	514	174	2	4	512	2	513	3.8e-189	657.5
BCW-201860_02340	gnl|TC-DB|P25694|3.A.16.1.2	43.6	234	129	1	158	391	210	440	6.5e-54	208.0
BCW-201860_02342	gnl|TC-DB|P06704|1.I.1.1.1	82.8	64	11	0	32	95	85	148	3.3e-25	110.5
BCW-201860_02343	gnl|TC-DB|P06704|1.I.1.1.1	70.0	70	21	0	12	81	13	82	1.6e-23	104.8
BCW-201860_02346	gnl|TC-DB|Q99257|1.I.1.1.1	35.7	611	331	14	10	575	3	596	7.5e-93	337.8
BCW-201860_02349	gnl|TC-DB|P14906|3.A.5.8.1	36.3	617	360	11	1	587	1	614	4.3e-113	405.2
BCW-201860_02354	gnl|TC-DB|Q9P871|1.A.56.2.2	58.1	74	31	0	48	121	57	130	1.4e-18	89.7
BCW-201860_02360	gnl|TC-DB|P38225|4.C.1.1.2	51.5	643	291	6	62	700	44	669	3.5e-185	644.8
BCW-201860_02381	gnl|TC-DB|P38227|2.A.1.2.43	46.6	625	293	7	66	653	68	688	3.9e-146	515.0
BCW-201860_02382	gnl|TC-DB|P43071|3.A.1.205.4	75.7	1501	351	8	1	1493	6	1500	0.0e+00	2305.4
BCW-201860_02404	gnl|TC-DB|O00159|1.I.1.1.3	40.6	742	398	12	26	749	37	753	1.8e-155	547.0
BCW-201860_02406	gnl|TC-DB|P53735|2.A.4.4.1	27.3	491	243	13	184	599	153	604	6.9e-33	138.7
BCW-201860_02411	gnl|TC-DB|Q06328|2.A.43.2.8	29.5	278	181	4	18	293	12	276	6.5e-23	105.1
BCW-201860_02412	gnl|TC-DB|P38318|2.A.1.25.6	46.7	561	236	9	45	549	5	558	5.8e-135	477.6
BCW-201860_02420	gnl|TC-DB|Q03030|3.B.1.1.1	32.4	630	361	14	570	1178	5	590	2.4e-77	287.3
BCW-201860_02442	gnl|TC-DB|P55072|3.A.16.1.1	34.2	348	215	4	24	368	365	701	3.2e-50	195.7
BCW-201860_02447	gnl|TC-DB|P23500|2.A.29.5.2	51.5	309	131	5	11	316	11	303	2.2e-78	288.9
BCW-201860_02465	gnl|TC-DB|M2X0J8|9.B.146.1.5	36.8	348	135	7	160	500	102	371	2.3e-48	189.9
BCW-201860_02466	gnl|TC-DB|P53011|1.I.1.1.1	48.4	376	126	7	1	337	1	347	7.9e-98	353.6
BCW-201860_02471	gnl|TC-DB|P53584|9.B.57.1.2	50.1	383	181	6	33	415	53	425	4.6e-103	371.3
BCW-201860_02474	gnl|TC-DB|Q9Y519|2.A.82.1.3	31.4	287	163	4	11	279	49	319	4.7e-30	129.0
BCW-201860_02476	gnl|TC-DB|Q6P4Q7|9.A.40.3.4	39.0	346	198	6	67	404	183	523	7.9e-57	218.4
BCW-201860_02479	gnl|TC-DB|Q16595|9.B.21.1.1	50.5	109	46	4	67	170	95	200	2.4e-18	88.6
BCW-201860_02491	gnl|TC-DB|G9P430|9.B.142.3.5	66.6	739	226	7	11	745	12	733	3.7e-286	980.3
BCW-201860_02496	gnl|TC-DB|P04037|3.D.4.8.1	52.1	144	64	3	12	154	15	154	4.7e-34	140.6
BCW-201860_02499	gnl|TC-DB|P32799|3.D.4.8.1	45.3	106	58	0	29	134	21	126	1.1e-23	105.9
BCW-201860_02523	gnl|TC-DB|Q5A8J5|2.A.1.1.73	64.3	560	180	3	4	563	7	546	7.9e-204	706.4
BCW-201860_02526	gnl|TC-DB|D8HIS0|9.B.106.2.2	38.0	108	62	1	598	705	350	452	3.3e-11	67.0
BCW-201860_02528	gnl|TC-DB|P56508|9.B.12.3.3	53.8	80	29	2	1	75	1	77	1.3e-16	81.6
BCW-201860_02537	gnl|TC-DB|C5L569|9.B.106.3.3	30.7	257	171	4	8	259	244	498	1.6e-28	123.6
BCW-201860_02550	gnl|TC-DB|O13880|2.A.1.14.19	47.1	467	232	6	19	473	65	528	4.8e-117	417.9
BCW-201860_02560	gnl|TC-DB|Q59UQ7|2.A.28.3.7	74.2	399	101	2	2	399	3	400	9.0e-168	586.3
BCW-201860_02566	gnl|TC-DB|P35724|1.A.35.2.2	41.2	796	299	16	157	876	266	968	7.6e-121	431.4
BCW-201860_02575	gnl|TC-DB|Q13838|3.A.18.1.1	27.2	393	242	12	193	582	47	398	9.9e-22	101.7
BCW-201860_02615	gnl|TC-DB|Q06593|2.A.67.1.4	44.8	893	424	13	67	944	39	877	2.2e-219	758.8
BCW-201860_02616	gnl|TC-DB|Q06593|2.A.67.1.4	43.9	895	432	14	43	922	38	877	4.8e-219	757.7
BCW-201860_02627	gnl|TC-DB|Q06593|2.A.67.1.4	43.7	929	457	15	1	915	1	877	3.9e-213	738.0
BCW-201860_02634	gnl|TC-DB|P38152|2.A.29.7.3	69.5	292	84	3	4	291	8	298	8.7e-114	406.4
BCW-201860_02639	gnl|TC-DB|P53104|9.A.15.1.1	25.3	281	166	8	231	487	21	281	9.4e-12	68.6
BCW-201860_02645	gnl|TC-DB|F4K2G0|3.D.1.8.1	50.9	167	76	5	41	206	84	245	1.9e-38	156.0
BCW-201860_02647	gnl|TC-DB|Q59YT0|2.A.3.10.24	68.0	590	184	4	1	587	1	588	8.1e-220	759.6
BCW-201860_02650	gnl|TC-DB|P53048|2.A.1.1.11	30.3	491	326	6	33	512	91	576	3.6e-57	219.2
BCW-201860_02668	gnl|TC-DB|D8HIS0|9.B.106.2.2	31.1	183	96	6	211	377	282	450	4.8e-13	73.2
BCW-201860_02687	gnl|TC-DB|P62837|3.A.20.1.1	34.6	133	83	3	38	167	5	136	3.6e-20	94.7
BCW-201860_02690	gnl|TC-DB|P53049|3.A.1.208.3	46.3	1444	708	11	85	1513	83	1474	0.0e+00	1202.6
BCW-201860_02735	gnl|TC-DB|P06493|1.I.1.1.3	25.9	321	175	11	23	318	4	286	6.4e-18	89.0
BCW-201860_02752	gnl|TC-DB|Q9GKE7|2.A.49.2.2	31.4	710	402	23	65	743	58	713	3.1e-73	273.1
BCW-201860_02753	gnl|TC-DB|P40066|1.I.1.1.1	56.2	363	151	4	6	367	10	365	2.1e-125	445.3
BCW-201860_02760	gnl|TC-DB|Q12462|3.A.20.1.5	39.8	244	123	6	1	228	1	236	4.3e-44	174.5
BCW-201860_02762	gnl|TC-DB|O42668|8.A.13.1.1	28.7	905	559	21	40	920	33	875	1.9e-94	344.0
BCW-201860_02765	gnl|TC-DB|Q0CZ13|2.A.1.19.48	49.6	482	221	5	71	545	48	514	1.2e-124	443.4
BCW-201860_02778	gnl|TC-DB|P06493|1.I.1.1.3	38.0	295	168	6	21	310	2	286	1.7e-47	186.4
BCW-201860_02779	gnl|TC-DB|Q15363|9.B.188.1.2	35.3	204	121	4	1	199	4	201	1.9e-24	109.0
BCW-201860_02780	gnl|TC-DB|P53047|9.A.26.1.1	39.0	277	150	4	9	275	6	273	4.9e-43	171.4
BCW-201860_02785	gnl|TC-DB|P36057|3.A.5.8.1	30.6	271	159	9	3	272	2	244	1.5e-19	93.2
BCW-201860_02793	gnl|TC-DB|P39719|1.A.4.9.3	48.1	748	326	14	20	755	34	731	3.5e-175	611.7
BCW-201860_02797	gnl|TC-DB|Q9SXJ7|3.A.9.1.2	38.0	887	450	16	5	866	117	928	1.4e-149	526.9
BCW-201860_02834	gnl|TC-DB|P36035|2.A.1.12.2	39.8	528	287	7	11	512	87	609	6.8e-106	380.9
BCW-201860_02835	gnl|TC-DB|P36035|2.A.1.12.2	44.9	488	246	7	19	494	88	564	5.9e-113	404.4
BCW-201860_02836	gnl|TC-DB|Q06143|2.A.29.2.3	60.8	268	103	2	3	269	27	293	1.0e-84	309.7
BCW-201860_02844	gnl|TC-DB|G4TIR7|2.A.1.1.127	27.0	467	328	5	8	470	22	479	3.2e-44	176.0
BCW-201860_02847	gnl|TC-DB|Q875B9|3.D.1.6.2	47.4	78	41	0	18	95	2	79	4.7e-17	83.6
BCW-201860_02859	gnl|TC-DB|A7KX19|1.A.54.3.4	38.7	194	94	3	291	484	190	358	5.2e-28	122.5
BCW-201860_02863	gnl|TC-DB|P61011|3.A.5.9.1	52.3	447	183	7	1	441	1	423	4.0e-120	428.3
BCW-201860_02876	gnl|TC-DB|O00159|1.I.1.1.3	34.9	704	398	13	79	766	59	718	5.1e-109	393.3
BCW-201860_02889	gnl|TC-DB|Q02201|2.D.1.1.3	58.4	404	153	6	44	440	35	430	5.7e-133	470.7
BCW-201860_02891	gnl|TC-DB|P19145|2.A.3.10.2	49.7	583	263	11	12	569	18	595	3.6e-156	548.1
BCW-201860_02943	gnl|TC-DB|B6HN82|2.A.1.2.86	32.8	472	310	4	15	485	34	499	4.5e-62	235.3
BCW-201860_02944	gnl|TC-DB|Q9P8U8|2.A.108.1.3	71.2	382	109	1	1	382	1	381	1.7e-157	552.0
BCW-201860_02950	gnl|TC-DB|P38993|2.A.108.1.1	48.5	606	295	8	29	630	6	598	3.6e-168	588.2
BCW-201860_02980	gnl|TC-DB|P39981|2.A.18.6.20	47.1	461	227	5	46	505	34	478	1.9e-108	389.4
BCW-201860_03011	gnl|TC-DB|Q5AG77|2.A.3.10.23	63.1	582	214	1	1	581	1	582	1.0e-214	742.7
BCW-201860_03019	gnl|TC-DB|P32563|3.A.2.2.3	45.7	946	384	18	14	951	4	827	1.5e-215	746.1
BCW-201860_03036	gnl|TC-DB|P62837|3.A.20.1.1	81.8	110	20	0	1	110	38	147	1.8e-51	198.0
BCW-201860_03049	gnl|TC-DB|P24918|3.D.1.6.2	65.0	700	240	3	15	711	19	716	2.2e-275	944.5
BCW-201860_03058	gnl|TC-DB|Q9XIA9|4.C.1.1.14	26.9	688	428	17	25	698	34	660	5.9e-60	228.8
BCW-201860_03077	gnl|TC-DB|Q8CFI0|8.A.30.1.1	46.0	383	202	5	2891	3271	621	1000	2.8e-96	351.7
BCW-201860_03089	gnl|TC-DB|Q04013|2.A.29.29.1	74.6	291	72	2	98	387	13	302	7.3e-124	440.3
BCW-201860_03090	gnl|TC-DB|P22215|2.A.7.9.4	40.5	373	180	7	80	411	77	448	1.1e-66	250.4
BCW-201860_03092	gnl|TC-DB|Q04121|2.A.36.1.12	61.6	635	207	10	1	622	2	612	3.1e-193	671.4
BCW-201860_03093	gnl|TC-DB|P32500|1.I.1.1.1	21.2	679	430	21	5	619	14	651	8.3e-13	72.0
BCW-201860_03099	gnl|TC-DB|Q8I553|3.A.16.1.3	39.4	188	101	4	32	218	17	192	4.1e-32	135.6
BCW-201860_03105	gnl|TC-DB|P38993|2.A.108.1.1	58.5	600	243	4	3	599	4	600	7.5e-208	719.9
BCW-201860_03110	gnl|TC-DB|P25376|2.A.3.10.7	51.4	572	260	5	5	570	69	628	6.2e-164	573.9
BCW-201860_03112	gnl|TC-DB|M5BEH1|9.B.106.3.1	32.4	290	166	5	8	296	4	264	1.0e-31	135.2
BCW-201860_03117	gnl|TC-DB|P32913|9.A.63.1.1	33.7	564	311	11	14	528	1	550	9.0e-77	284.3
BCW-201860_03118	gnl|TC-DB|Q03327|9.B.25.1.1	28.8	521	327	14	4	514	15	501	3.4e-52	202.6
BCW-201860_03156	gnl|TC-DB|Q07824|2.A.1.2.16	43.2	516	261	8	20	504	69	583	1.6e-115	412.9
BCW-201860_03161	gnl|TC-DB|Q06593|2.A.67.1.4	45.9	811	414	11	49	843	69	870	9.3e-209	723.4
BCW-201860_03168	gnl|TC-DB|Q12235|2.A.1.14.20	50.8	518	239	5	14	517	16	531	5.2e-138	487.6
BCW-201860_03171	gnl|TC-DB|P39932|2.A.1.1.38	33.3	474	295	7	9	468	24	490	6.0e-70	261.5
BCW-201860_03187	gnl|TC-DB|P38767|2.A.66.1.5	42.8	374	205	5	45	411	172	543	1.5e-75	280.0
BCW-201860_03188	gnl|TC-DB|Q08485|2.A.39.4.2	40.7	536	314	3	1	534	6	539	5.5e-122	434.5
BCW-201860_03205	gnl|TC-DB|I1CTU6|9.B.12.2.2	77.2	57	13	0	1	57	1	57	1.2e-19	91.3
BCW-201860_03223	gnl|TC-DB|P38631|9.B.119.1.1	74.6	1783	437	6	96	1877	108	1876	0.0e+00	2687.9
BCW-201860_03230	gnl|TC-DB|P53220|3.A.8.1.1	40.1	187	99	5	71	251	60	239	6.0e-31	131.0
BCW-201860_03242	gnl|TC-DB|Q14974|1.I.1.1.3	36.1	883	533	14	1	864	1	871	2.6e-142	502.7
BCW-201860_03252	gnl|TC-DB|P41909|3.A.1.203.6	45.9	843	359	17	20	777	38	868	5.2e-193	671.0
BCW-201860_03261	gnl|TC-DB|P21576|9.A.63.1.1	47.4	555	272	6	4	548	3	547	6.0e-141	498.0
BCW-201860_03265	gnl|TC-DB|P07251|3.A.2.1.3	86.8	484	64	0	1	484	62	545	7.1e-238	819.3
BCW-201860_03269	gnl|TC-DB|O75110|3.A.3.8.16	47.8	1017	490	11	168	1163	49	1045	8.7e-258	886.7
BCW-201860_03271	gnl|TC-DB|B0WNM6|2.A.94.1.2	27.2	547	364	10	262	797	91	614	2.3e-40	164.1
BCW-201860_03275	gnl|TC-DB|Q07824|2.A.1.2.16	50.0	478	235	3	119	596	111	584	2.9e-140	495.4
BCW-201860_03290	gnl|TC-DB|P38767|2.A.66.1.5	40.8	385	221	4	47	425	161	544	1.3e-77	287.0
BCW-201860_03293	gnl|TC-DB|F4K2G0|3.D.1.8.1	57.6	172	62	2	42	210	87	250	2.9e-51	199.1
BCW-201860_03310	gnl|TC-DB|Q08268|2.A.1.13.19	41.0	444	250	6	8	444	60	498	2.3e-89	325.9
BCW-201860_03317	gnl|TC-DB|M4VKZ8|8.A.59.2.3	43.8	192	97	6	50	238	18	201	5.2e-39	158.3
BCW-201860_03318	gnl|TC-DB|P04817|2.A.3.10.4	40.3	466	255	9	22	470	82	541	1.7e-85	313.2
BCW-201860_03337	gnl|TC-DB|Q7T1K6|8.B.9.1.2	28.9	142	85	4	105	230	34	175	7.8e-12	67.4
BCW-201860_03342	gnl|TC-DB|P53394|2.A.53.1.11	43.4	692	338	12	120	803	99	744	2.8e-141	499.2
BCW-201860_03363	gnl|TC-DB|Q12482|2.A.29.14.4	47.8	483	205	9	251	719	444	893	7.1e-109	391.3
BCW-201860_03366	gnl|TC-DB|Q02199|1.I.1.1.1	32.6	218	116	3	303	493	254	467	1.3e-24	110.9
BCW-201860_03386	gnl|TC-DB|O15403|2.A.1.13.15	24.4	176	129	1	28	203	24	195	9.7e-13	71.2
BCW-201860_03389	gnl|TC-DB|P49687|1.I.1.1.1	24.5	1174	738	38	121	1239	229	1309	1.7e-62	238.0
BCW-201860_03399	gnl|TC-DB|P06493|1.I.1.1.3	33.5	200	128	3	2	197	4	202	3.7e-25	113.2
BCW-201860_03402	gnl|TC-DB|P18409|1.B.33.3.1	37.7	448	225	9	14	409	1	446	2.7e-71	265.8
BCW-201860_03405	gnl|TC-DB|P32907|2.A.96.1.7	52.4	246	115	2	11	255	31	275	2.6e-66	248.4
BCW-201860_03407	gnl|TC-DB|P53855|9.A.15.1.1	24.6	1838	1030	55	5	1742	4	1586	5.2e-113	406.4
BCW-201860_03408	gnl|TC-DB|Q874I3|2.A.41.2.7	76.0	554	122	3	35	578	53	605	1.6e-239	825.1
BCW-201860_03409	gnl|TC-DB|P34110|9.A.63.1.1	37.1	900	412	22	3	818	4	833	2.3e-138	489.6
BCW-201860_03418	gnl|TC-DB|Q6MVD5|2.A.121.2.6	33.7	243	156	3	9	249	35	274	8.4e-25	110.5
BCW-201860_03432	gnl|TC-DB|C5L569|9.B.106.3.3	31.8	264	163	7	120	379	247	497	2.2e-30	129.8
BCW-201860_03438	gnl|TC-DB|Q9H0X9|2.D.1.1.1	28.0	347	208	10	22	359	383	696	5.5e-29	125.2
BCW-201860_03474	gnl|TC-DB|Q02629|1.I.1.1.1	28.0	354	208	10	716	1027	605	953	5.7e-27	119.8
BCW-201860_03491	gnl|TC-DB|P13586|3.A.3.2.3	61.1	943	333	8	1	913	1	939	0.0e+00	1076.6
BCW-201860_03502	gnl|TC-DB|A4ZUV2|2.A.4.5.1	30.8	227	146	4	341	563	162	381	1.4e-30	131.0
BCW-201860_03512	gnl|TC-DB|P19807|2.A.3.4.1	27.5	473	332	4	34	503	54	518	1.3e-51	200.7
BCW-201860_03527	gnl|TC-DB|Q4VWC9|3.A.1.105.4	27.2	224	146	5	8	224	7	220	1.3e-14	77.0
BCW-201860_03530	gnl|TC-DB|G2R6Y3|9.B.57.1.3	31.6	553	291	15	78	566	68	597	1.4e-59	227.3
BCW-201860_03532	gnl|TC-DB|M5BEH1|9.B.106.3.1	25.8	365	200	9	347	705	15	314	1.1e-27	121.7
BCW-201860_03540	gnl|TC-DB|Q3EAQ5|2.A.1.2.96	29.7	222	153	2	8	229	26	244	1.7e-28	124.0
BCW-201860_03548	gnl|TC-DB|P63241|1.I.1.1.3	63.0	135	50	0	1	135	20	154	1.2e-49	192.2
BCW-201860_03556	gnl|TC-DB|M5BEH1|9.B.106.3.1	26.7	307	166	9	203	498	22	280	1.6e-20	97.8
BCW-201860_03557	gnl|TC-DB|Q5A4M8|1.H.1.7.2	56.2	281	111	4	1	280	1	270	1.7e-82	302.4
BCW-201860_03562	gnl|TC-DB|T2I725|1.A.16.2.6	39.3	522	253	7	1	505	1	475	1.5e-81	300.1
BCW-201860_03564	gnl|TC-DB|Q9NUU7|1.I.1.1.3	26.8	395	234	9	37	421	93	442	1.8e-30	130.6
BCW-201860_03566	gnl|TC-DB|P38776|2.A.1.2.63	50.8	459	222	3	49	505	56	512	3.8e-125	444.9
BCW-201860_03580	gnl|TC-DB|P38988|2.A.29.21.1	80.7	295	56	1	7	300	4	298	1.6e-134	475.3
BCW-201860_03585	gnl|TC-DB|P08067|3.D.3.3.1	71.4	196	54	2	27	220	19	214	4.5e-78	287.3
BCW-201860_03589	gnl|TC-DB|P25515|3.A.2.2.3	84.3	102	16	0	1	102	59	160	2.6e-33	137.5
BCW-201860_03593	gnl|TC-DB|A7LKG1|2.A.49.1.2	47.3	736	345	9	28	732	23	746	1.8e-190	662.5
BCW-201860_03602	gnl|TC-DB|P38356|8.A.30.2.1	35.6	329	191	11	30	349	4	320	1.7e-37	153.3
BCW-201860_03612	gnl|TC-DB|P38090|2.A.3.10.19	53.3	538	241	6	28	557	47	582	8.6e-161	563.5
BCW-201860_03615	gnl|TC-DB|E7M1Y1|2.A.1.3.27	32.0	597	342	8	33	581	2	582	1.2e-74	277.3
BCW-201860_03620	gnl|TC-DB|M5BEH1|9.B.106.3.1	47.5	261	135	2	34	292	5	265	9.0e-70	261.2
BCW-201860_03624	gnl|TC-DB|Q03370|3.A.20.1.5	32.5	471	262	12	74	535	47	470	8.9e-56	214.5
BCW-201860_03642	gnl|TC-DB|P33413|2.A.21.6.1	33.9	732	414	9	2	668	5	731	4.0e-106	382.1
BCW-201860_03648	gnl|TC-DB|Q0CZ13|2.A.1.19.48	46.3	482	237	5	32	506	48	514	4.1e-119	424.9
BCW-201860_03655	gnl|TC-DB|Q12289|2.A.29.8.4	53.8	279	105	5	19	276	49	324	2.4e-73	271.9
BCW-201860_03656	gnl|TC-DB|P22203|3.A.2.2.3	50.5	214	105	1	1	213	20	233	6.2e-45	177.2
BCW-201860_03657	gnl|TC-DB|Q01926|1.A.35.5.1	58.0	333	129	5	63	392	53	377	5.9e-98	354.4
BCW-201860_03668	gnl|TC-DB|P32897|3.A.8.1.1	61.9	223	65	3	1	207	1	219	8.2e-74	273.1
BCW-201860_03670	gnl|TC-DB|P39932|2.A.1.1.38	36.8	560	312	13	28	558	18	564	4.0e-91	332.0
BCW-201860_03676	gnl|TC-DB|P38631|9.B.119.1.1	45.2	1727	870	19	75	1726	137	1862	0.0e+00	1435.2
BCW-201860_03690	gnl|TC-DB|P07213|3.A.8.1.1	47.4	616	296	6	5	596	3	614	1.2e-96	350.5
BCW-201860_03694	gnl|TC-DB|P49334|3.A.8.1.1	45.3	148	72	3	1	140	1	147	3.4e-21	97.8
BCW-201860_03695	gnl|TC-DB|O82567|4.F.1.1.2	33.7	403	247	8	1	397	1	389	4.7e-46	181.8
BCW-201860_03699	gnl|TC-DB|Q59Q40|9.A.26.1.4	46.9	433	222	2	3	430	2	431	3.8e-105	378.3
BCW-201860_03700	gnl|TC-DB|Q9HC98|1.I.1.1.3	25.1	271	172	8	398	665	51	293	6.9e-19	92.4
BCW-201860_03713	gnl|TC-DB|Q7A3S4|2.A.1.3.61	30.7	163	113	0	78	240	18	180	3.2e-12	70.1
BCW-201860_03726	gnl|TC-DB|P32804|2.A.5.1.1	62.1	372	127	4	3	368	13	376	1.1e-124	443.0
BCW-201860_03736	gnl|TC-DB|P32939|9.A.63.1.1	38.8	214	117	7	1	206	1	208	5.0e-31	131.0
BCW-201860_03741	gnl|TC-DB|P33311|3.A.1.212.2	45.7	598	309	7	83	675	103	689	1.7e-129	459.9
BCW-201860_03745	gnl|TC-DB|P53134|2.A.67.2.7	51.8	713	259	14	29	658	15	725	2.0e-190	662.1
BCW-201860_03747	gnl|TC-DB|P32804|2.A.5.1.1	42.2	351	185	7	23	370	41	376	2.8e-61	232.3
BCW-201860_03755	gnl|TC-DB|F4K2G0|3.D.1.8.1	58.0	181	72	2	24	200	69	249	2.2e-55	211.8
BCW-201860_03760	gnl|TC-DB|P46674|3.A.22.1.1	30.3	1114	671	25	98	1153	97	1163	1.2e-121	434.5
BCW-201860_03765	gnl|TC-DB|P54072|2.A.69.2.6	35.8	584	321	11	1	538	1	576	8.0e-81	297.7
BCW-201860_03766	gnl|TC-DB|C8Z4J7|3.A.5.8.1	37.4	203	101	3	1	179	1	201	1.0e-30	129.8
BCW-201860_03776	gnl|TC-DB|P33760|3.A.20.1.5	41.6	1037	501	25	124	1141	79	1029	8.0e-187	651.0
BCW-201860_03777	gnl|TC-DB|P42834|3.A.8.1.1	41.8	146	82	2	1	144	1	145	2.3e-22	101.7
BCW-201860_03783	gnl|TC-DB|Q6UKY4|3.D.1.6.4	54.7	75	34	0	33	107	47	121	2.8e-15	77.8
BCW-201860_03785	gnl|TC-DB|Q03770|2.A.3.10.12	42.0	586	328	7	231	810	272	851	1.1e-121	434.1
BCW-201860_03787	gnl|TC-DB|K4HTY2|2.A.1.9.11	23.5	480	295	10	97	511	55	527	2.7e-18	90.1
BCW-201860_03814	gnl|TC-DB|Q08967|1.A.4.9.1	47.8	766	360	11	13	776	17	744	3.8e-188	654.8
BCW-201860_03828	gnl|TC-DB|P40260|1.A.11.3.1	55.9	467	194	6	14	476	14	472	3.1e-148	521.5
BCW-201860_03837	gnl|TC-DB|P06493|1.I.1.1.3	40.4	292	166	3	248	537	2	287	3.5e-62	236.1
BCW-201860_03845	gnl|TC-DB|O97725|3.D.1.6.1	41.3	126	61	3	16	133	19	139	1.5e-18	89.0
BCW-201860_03866	gnl|TC-DB|P46060|1.I.1.1.3	27.0	326	202	6	17	310	24	345	1.6e-20	97.1
BCW-201860_03879	gnl|TC-DB|Q9NUU7|1.I.1.1.3	52.9	414	187	4	65	475	68	476	1.5e-115	412.9
BCW-201860_03885	gnl|TC-DB|P50944|2.A.18.7.2	38.7	623	333	10	29	614	101	711	2.2e-106	382.9
BCW-201860_03888	gnl|TC-DB|B6HIC2|2.A.1.2.78	58.3	468	189	4	91	557	79	541	9.7e-146	513.5
BCW-201860_03898	gnl|TC-DB|P33754|3.A.5.8.1	44.4	187	98	1	32	218	19	199	1.1e-37	153.3
BCW-201860_03909	gnl|TC-DB|P04840|1.B.8.1.1	48.8	285	141	5	1	282	1	283	5.7e-70	260.8
BCW-201860_03925	gnl|TC-DB|Q06328|2.A.43.2.8	37.3	284	146	7	10	281	11	274	3.8e-40	161.8
BCW-201860_03943	gnl|TC-DB|P33755|3.A.16.1.2	49.7	585	270	8	26	593	2	579	7.8e-162	567.0
BCW-201860_03950	gnl|TC-DB|B7G1T3|3.A.25.1.1	37.1	267	140	3	291	553	596	838	8.3e-42	168.7
BCW-201860_03966	gnl|TC-DB|P17255|3.A.2.2.3	47.5	1067	105	2	1	612	5	1071	1.7e-249	858.2
BCW-201860_03968	gnl|TC-DB|P25284|3.D.1.6.2	43.2	380	201	4	2	380	8	373	7.9e-83	303.9
BCW-201860_03975	gnl|TC-DB|P62826|9.A.60.1.1	31.8	154	103	2	51	204	10	161	3.3e-15	79.0
BCW-201860_03982	gnl|TC-DB|P38919|3.A.18.1.1	62.5	376	141	0	19	394	35	410	1.5e-140	495.7
BCW-201860_03986	gnl|TC-DB|Q08179|2.A.97.1.2	55.3	338	123	3	111	420	79	416	9.9e-94	340.5
BCW-201860_04003	gnl|TC-DB|P50077|1.A.1.11.10	36.4	1902	1068	32	311	2151	217	2038	0.0e+00	1111.7
BCW-201860_04012	gnl|TC-DB|P53047|9.A.26.1.1	29.6	274	174	4	12	275	9	273	3.2e-26	115.5
BCW-201860_04013	gnl|TC-DB|Q59Q40|9.A.26.1.4	39.8	415	238	5	16	420	8	420	7.0e-73	271.2
BCW-201860_04020	gnl|TC-DB|P29340|3.A.20.1.1	40.4	156	81	7	5	152	21	172	1.8e-22	103.6
BCW-201860_04036	gnl|TC-DB|Q08749|3.A.8.1.1	41.1	112	62	1	55	162	68	179	7.7e-19	90.1
BCW-201860_04055	gnl|TC-DB|Q9HC98|1.I.1.1.3	35.5	141	74	7	12	140	114	249	3.2e-14	75.5
BCW-201860_04059	gnl|TC-DB|P36032|2.A.1.13.18	42.5	466	256	4	33	491	8	468	2.1e-99	359.4
BCW-201860_04073	gnl|TC-DB|P32331|2.A.29.8.12	58.6	302	109	6	4	297	13	306	1.0e-98	356.3
BCW-201860_04074	gnl|TC-DB|P40260|1.A.11.3.1	32.3	430	253	8	4	422	5	407	1.2e-60	230.7
BCW-201860_04075	gnl|TC-DB|P43672|3.A.1.120.6	23.1	605	282	12	441	969	11	508	2.2e-34	144.4
BCW-201860_04097	gnl|TC-DB|M5BEH1|9.B.106.3.1	31.2	295	158	7	112	402	10	263	2.0e-34	143.7
BCW-201860_04099	gnl|TC-DB|P38925|2.A.55.1.1	52.9	560	216	8	1	527	23	567	3.4e-148	521.5
BCW-201860_04100	gnl|TC-DB|M5BEH1|9.B.106.3.1	31.9	260	168	3	96	351	11	265	3.2e-42	169.1
BCW-201860_04109	gnl|TC-DB|P40309|2.A.37.4.1	46.8	534	264	5	6	520	3	535	2.4e-131	466.1
BCW-201860_04130	gnl|TC-DB|P48836|3.A.2.2.3	56.0	109	48	0	3	111	5	113	3.6e-23	104.0
BCW-201860_04136	gnl|TC-DB|B6HIC2|2.A.1.2.78	56.2	484	205	5	95	576	66	544	6.0e-143	504.2
BCW-201860_04160	gnl|TC-DB|M5BEH1|9.B.106.3.1	35.9	153	97	1	745	897	7	158	3.8e-22	104.4
BCW-201860_04175	gnl|TC-DB|G4TIR7|2.A.1.1.127	37.6	481	286	5	41	519	9	477	6.2e-89	324.7
BCW-201860_04194	gnl|TC-DB|P15365|2.A.1.14.4	47.0	532	267	8	6	525	15	543	3.1e-130	461.8
BCW-201860_04199	gnl|TC-DB|O00571|1.I.1.1.3	28.1	438	215	12	173	599	196	544	3.7e-31	133.3
BCW-201860_04210	gnl|TC-DB|P24004|3.A.20.1.5	36.7	1095	574	31	12	1057	19	1043	6.0e-157	551.6
BCW-201860_04220	gnl|TC-DB|A3M0C4|9.B.51.1.5	44.2	104	57	1	1	103	45	148	6.6e-16	79.7
BCW-201860_04232	gnl|TC-DB|P38206|2.A.66.3.1	31.5	565	326	9	26	549	19	563	1.5e-66	250.4
BCW-201860_04244	gnl|TC-DB|P53943|2.A.1.2.36	40.8	461	264	5	5	458	84	542	2.2e-90	329.3
BCW-201860_04255	gnl|TC-DB|P43059|2.A.3.10.20	60.5	555	200	7	2	547	23	567	1.6e-185	645.6
BCW-201860_04261	gnl|TC-DB|P25711|3.D.1.6.2	56.8	118	49	2	41	158	103	218	1.8e-33	138.7
BCW-201860_04267	gnl|TC-DB|P25618|9.B.131.1.1	44.2	971	478	17	20	948	4	952	3.8e-227	784.6
BCW-201860_04269	gnl|TC-DB|P38077|3.A.2.1.3	59.4	271	98	4	1	260	41	310	3.3e-80	294.7
BCW-201860_04270	gnl|TC-DB|Q92544|8.A.68.1.3	26.4	658	411	20	8	633	26	642	4.3e-57	219.2
BCW-201860_04290	gnl|TC-DB|Q8NJ22|2.A.1.1.33	61.9	549	201	5	9	551	17	563	3.5e-188	654.4
BCW-201860_04295	gnl|TC-DB|P32901|2.A.17.2.2	30.0	609	389	9	15	621	26	599	2.4e-68	256.5
BCW-201860_04301	gnl|TC-DB|P43585|4.E.1.1.1	44.5	816	358	18	1	746	1	791	1.0e-177	620.2
BCW-201860_04309	gnl|TC-DB|P25694|3.A.16.1.2	40.1	227	132	2	120	344	211	435	3.3e-41	165.6
BCW-201860_04330	gnl|TC-DB|P05030|3.A.3.3.6	84.1	875	137	1	25	897	44	918	0.0e+00	1446.0
BCW-201860_04337	gnl|TC-DB|Q5A7S4|2.A.1.58.1	65.2	503	169	2	1	497	1	503	1.3e-194	675.6
BCW-201860_04340	gnl|TC-DB|P38929|3.A.3.2.2	52.6	1141	478	15	40	1131	30	1156	5.9e-307	1050.0
BCW-201860_04357	gnl|TC-DB|C4QYX5|2.A.85.3.4	41.3	1036	553	13	61	1054	13	1035	1.3e-212	736.5
BCW-201860_04382	gnl|TC-DB|E7NGV2|3.A.16.1.2	58.6	169	70	0	1	169	1	169	1.7e-54	209.1
BCW-201860_04386	gnl|TC-DB|P40501|2.A.18.6.19	40.2	483	209	8	2	408	5	483	1.2e-76	283.5
BCW-201860_04390	gnl|TC-DB|V5IKW7|1.B.33.3.3	29.3	482	296	10	50	487	41	521	4.4e-46	182.2
BCW-201860_04401	gnl|TC-DB|P38355|2.A.69.2.2	50.1	439	197	4	8	445	6	423	1.1e-107	386.7
BCW-201860_04410	gnl|TC-DB|Q6BYD8|2.A.38.2.4	52.3	1039	336	18	11	891	14	1050	1.2e-251	865.9
BCW-201860_04411	gnl|TC-DB|Q9HDX4|2.A.1.2.76	25.6	434	288	7	221	624	59	487	2.9e-29	126.7
BCW-201860_04430	gnl|TC-DB|P48233|2.A.29.23.2	51.7	559	196	6	25	539	16	544	1.4e-152	536.2
BCW-201860_04442	gnl|TC-DB|P32835|9.A.50.1.1	32.6	178	104	5	11	186	14	177	6.9e-20	94.0
BCW-201860_04445	gnl|TC-DB|P08107|1.A.33.1.3	63.4	568	203	4	9	574	6	570	2.2e-196	681.8
BCW-201860_04455	gnl|TC-DB|P55072|3.A.16.1.1	36.6	773	412	15	32	761	22	759	4.3e-128	455.3
BCW-201860_04457	gnl|TC-DB|P63279|3.A.20.1.1	58.0	150	63	0	6	155	7	156	1.2e-50	195.7
BCW-201860_04469	gnl|TC-DB|C5KRH7|9.B.149.1.7	26.8	358	191	7	2	288	291	648	3.3e-23	107.1
BCW-201860_04479	gnl|TC-DB|P23710|3.D.1.6.2	59.1	281	100	5	14	282	6	283	5.6e-94	340.5
BCW-201860_04489	gnl|TC-DB|P40335|9.A.63.1.1	42.4	380	142	8	1	306	1	377	2.2e-75	278.9
BCW-201860_04498	gnl|TC-DB|B6HN82|2.A.1.2.86	38.7	475	285	4	180	654	31	499	6.1e-94	341.7
BCW-201860_04503	gnl|TC-DB|Q8F8H7|2.A.53.3.8	36.4	209	126	7	40	245	535	739	2.5e-27	119.0
BCW-201860_04513	gnl|TC-DB|W9W090|8.A.82.1.5	61.4	114	42	2	1	114	35	146	6.9e-38	152.9
BCW-201860_04519	gnl|TC-DB|P38142|2.A.1.1.96	45.4	480	248	5	1	477	19	487	1.6e-112	402.9
BCW-201860_04536	gnl|TC-DB|C4YLT7|2.A.126.1.8	76.6	107	25	0	1	107	3	109	5.3e-45	176.4
BCW-201860_04553	gnl|TC-DB|P50944|2.A.18.7.2	40.8	706	319	15	1	631	26	707	5.8e-123	438.0
BCW-201860_04564	gnl|TC-DB|C4YGN0|2.A.1.75.3	29.8	446	285	8	30	467	18	443	1.9e-41	166.8
BCW-201860_04565	gnl|TC-DB|O00571|1.I.1.1.3	32.1	433	265	4	134	562	164	571	7.5e-61	231.5
BCW-201860_04573	gnl|TC-DB|P38919|3.A.18.1.1	26.7	409	252	12	67	472	31	394	3.8e-22	103.2
BCW-201860_04591	gnl|TC-DB|B1PM37|2.A.1.1.64	55.5	479	211	2	27	504	66	543	2.1e-157	552.4
BCW-201860_04593	gnl|TC-DB|P53279|9.A.27.1.2	45.7	175	89	2	1	170	1	174	1.7e-37	152.1
BCW-201860_04595	gnl|TC-DB|Q5ANC9|9.A.15.1.1	49.3	948	318	17	7	808	22	952	8.8e-217	750.0
BCW-201860_04607	gnl|TC-DB|Q84VJ0|8.A.21.2.3	55.9	256	113	0	7	262	8	263	1.0e-79	293.1
BCW-201860_04609	gnl|TC-DB|P47818|2.A.89.1.1	55.5	319	121	6	21	319	1	318	9.4e-85	310.1
BCW-201860_04614	gnl|TC-DB|P56508|9.B.12.3.3	43.1	72	37	1	3	74	5	72	2.6e-12	68.2
BCW-201860_04630	gnl|TC-DB|P25346|2.A.1.9.7	54.5	497	212	7	5	495	1	489	3.6e-155	544.7
BCW-201860_04635	gnl|TC-DB|Q12252|1.A.17.5.6	40.5	994	491	19	14	914	4	990	3.3e-196	681.8
BCW-201860_04656	gnl|TC-DB|Q8TD19|1.I.1.1.3	27.4	270	191	4	522	788	55	322	2.2e-26	117.5
BCW-201860_04658	gnl|TC-DB|M5BEH1|9.B.106.3.1	29.7	269	180	4	67	331	2	265	1.2e-38	157.1
BCW-201860_04665	gnl|TC-DB|P23641|2.A.29.4.3	76.5	307	71	1	1	307	1	306	2.8e-131	464.5
BCW-201860_04667	gnl|TC-DB|P53389|2.A.1.2.33	53.9	577	236	5	10	557	11	586	7.3e-178	620.2
BCW-201860_04674	gnl|TC-DB|P36051|9.A.6.1.1	57.4	941	368	10	2	941	4	912	7.4e-298	1019.6
BCW-201860_04678	gnl|TC-DB|B8N1Q6|1.A.55.4.1	46.2	132	70	1	16	146	3	134	1.2e-27	119.4
BCW-201860_04689	gnl|TC-DB|P39518|4.C.1.1.15	38.6	731	386	17	37	749	58	743	6.0e-127	451.4
BCW-201860_04691	gnl|TC-DB|Q12010|2.A.43.2.3	50.3	304	133	6	6	293	5	306	5.7e-79	290.8
BCW-201860_04700	gnl|TC-DB|Q7RWU3|3.D.1.6.2	45.0	111	54	4	55	163	51	156	2.9e-21	98.2
BCW-201860_04715	gnl|TC-DB|P31412|3.A.2.2.3	50.3	386	167	6	7	371	11	392	1.0e-103	373.2
BCW-201860_04732	gnl|TC-DB|Q9VC05|2.D.1.1.9	37.3	330	175	10	779	1100	392	697	3.4e-52	203.8
BCW-201860_04736	gnl|TC-DB|B6HIC2|2.A.1.2.78	55.6	468	202	4	92	558	79	541	1.9e-141	499.2
BCW-201860_04742	gnl|TC-DB|P53266|3.D.4.8.1	40.3	352	169	10	29	347	40	383	2.9e-63	238.8
BCW-201860_04756	gnl|TC-DB|P77735|8.A.5.1.6	41.4	350	166	11	7	348	2	320	5.2e-65	244.6
BCW-201860_04770	gnl|TC-DB|P39518|4.C.1.1.15	42.9	701	372	14	26	711	55	742	3.0e-152	535.4
BCW-201860_04785	gnl|TC-DB|P53389|2.A.1.2.33	26.4	568	357	6	9	519	13	576	4.2e-50	195.7
BCW-201860_04797	gnl|TC-DB|P77735|8.A.5.1.6	40.2	323	178	5	11	330	6	316	8.1e-63	237.3
BCW-201860_04813	gnl|TC-DB|P15685|2.A.1.1.10	47.1	520	267	4	29	545	64	578	7.1e-144	507.3
BCW-201860_04815	gnl|TC-DB|P15685|2.A.1.1.10	48.6	518	260	4	35	548	63	578	4.4e-149	524.6
BCW-201860_04817	gnl|TC-DB|P15685|2.A.1.1.10	48.4	545	275	4	8	548	36	578	4.5e-154	541.2
BCW-201860_04827	gnl|TC-DB|Q06593|2.A.67.1.4	39.6	835	465	14	67	881	62	877	1.3e-184	643.3
BCW-201860_04841	gnl|TC-DB|P16140|3.A.2.2.3	91.6	488	41	0	1	488	2	489	3.6e-264	906.7
BCW-201860_04864	gnl|TC-DB|P53049|3.A.1.208.3	44.5	1422	726	13	3	1379	70	1473	0.0e+00	1090.9
BCW-201860_04873	gnl|TC-DB|P43672|3.A.1.120.6	25.1	606	278	17	533	1062	11	516	2.3e-32	137.9
BCW-201860_04877	gnl|TC-DB|C8ZEM9|3.A.16.1.2	70.2	161	48	0	5	165	4	164	1.3e-66	248.8
BCW-201860_04884	gnl|TC-DB|P53099|2.A.39.2.2	45.7	529	245	6	36	534	63	579	3.3e-127	451.8
BCW-201860_04898	gnl|TC-DB|P32939|9.A.63.1.1	36.0	172	91	6	8	169	10	172	1.6e-21	99.4
BCW-201860_04900	gnl|TC-DB|G9M9M7|3.A.5.9.2	34.9	473	287	7	14	482	4	459	6.1e-75	278.1
BCW-201860_04907	gnl|TC-DB|P38181|1.I.1.1.1	30.9	1472	846	27	54	1421	87	1491	1.2e-195	680.6
BCW-201860_04909	gnl|TC-DB|P38919|3.A.18.1.1	63.0	397	143	1	5	397	15	411	1.0e-149	526.2
BCW-201860_04914	gnl|TC-DB|O95166|1.A.9.5.2	48.3	120	55	1	20	139	4	116	5.5e-30	127.1
BCW-201860_04919	gnl|TC-DB|Q12328|3.A.8.1.1	62.0	192	52	1	13	183	16	207	2.4e-61	231.5
BCW-201860_04925	gnl|TC-DB|Q8CFI0|8.A.30.1.1	48.8	594	282	13	190	770	416	1000	8.3e-156	547.4
BCW-201860_04929	gnl|TC-DB|G3IME2|9.B.35.1.2	35.8	148	63	7	1	148	26	141	1.7e-12	68.9
BCW-201860_04951	gnl|TC-DB|Q59UP8|1.A.11.3.5	73.5	487	112	3	27	513	2	471	2.4e-210	728.0
BCW-201860_04958	gnl|TC-DB|Q06681|9.B.198.2.1	35.9	423	246	10	224	641	640	1042	8.4e-60	228.4
BCW-201860_04962	gnl|TC-DB|M5BEH1|9.B.106.3.1	29.0	207	135	4	17	217	10	210	2.8e-20	96.3
BCW-201860_04977	gnl|TC-DB|P53104|9.A.15.1.1	22.9	450	282	10	23	427	16	445	1.8e-22	103.6
BCW-201860_04986	gnl|TC-DB|Q05568|3.A.20.1.5	37.5	315	181	4	1	306	29	336	2.9e-59	225.3
BCW-201860_04990	gnl|TC-DB|P35056|3.A.20.1.5	38.3	645	310	15	10	604	6	612	1.0e-108	390.6
BCW-201860_05004	gnl|TC-DB|P06493|1.I.1.1.3	35.5	332	166	9	52	383	4	287	1.7e-49	193.4
BCW-201860_05005	gnl|TC-DB|Q8TDX7|1.I.1.1.3	28.4	225	134	8	6	225	37	239	6.4e-14	74.7
BCW-201860_05011	gnl|TC-DB|P32071|2.A.1.2.2	51.2	561	258	7	3	560	4	551	1.8e-155	545.8
BCW-201860_05017	gnl|TC-DB|P53104|9.A.15.1.1	27.2	302	158	12	32	276	22	318	5.5e-20	96.3
BCW-201860_05026	gnl|TC-DB|P38127|2.A.29.10.4	61.2	379	126	6	7	371	6	377	1.3e-125	446.0
BCW-201860_05029	gnl|TC-DB|P38301|2.A.106.2.3	57.2	236	99	1	82	315	41	276	4.9e-70	261.2
BCW-201860_05030	gnl|TC-DB|P24917|3.D.1.6.2	74.5	466	119	0	44	509	25	490	4.3e-217	750.4
BCW-201860_05044	gnl|TC-DB|P39515|3.A.8.1.1	77.2	158	31	2	1	153	1	158	5.3e-70	260.0
BCW-201860_05045	gnl|TC-DB|P36029|2.A.3.4.5	36.9	548	315	12	33	556	27	567	1.4e-86	317.0
BCW-201860_05050	gnl|TC-DB|P05626|3.A.2.1.3	53.7	242	103	3	53	285	1	242	4.0e-63	238.0
BCW-201860_05060	gnl|TC-DB|P32901|2.A.17.2.2	30.2	648	387	12	3	643	11	600	8.4e-69	258.1
BCW-201860_05071	gnl|TC-DB|P32939|9.A.63.1.1	42.5	179	95	5	13	183	8	186	1.4e-33	139.4
BCW-201860_05072	gnl|TC-DB|P23935|3.D.1.6.1	39.0	105	63	1	23	127	9	112	2.8e-14	74.7
BCW-201860_05083	gnl|TC-DB|594627457|1.A.105.1.2	32.8	247	134	7	126	351	1	236	1.7e-24	110.2
BCW-201860_05087	gnl|TC-DB|Q03530|9.B.1.2.1	32.3	229	124	7	35	233	32	259	7.4e-27	117.5
BCW-201860_05117	gnl|TC-DB|Q7RWT8|2.A.7.25.6	60.9	345	129	5	15	358	1	340	1.2e-107	386.3
BCW-201860_05141	gnl|TC-DB|P47154|9.B.1.1.3	52.7	414	176	4	2	398	41	451	1.5e-111	399.4
BCW-201860_05142	gnl|TC-DB|P00830|3.A.2.1.3	90.8	456	42	0	1	456	54	509	5.3e-235	809.7
BCW-201860_05147	gnl|TC-DB|Q07478|3.A.22.1.1	57.5	87	23	3	1	73	1	87	3.0e-17	84.0
BCW-201860_05148	gnl|TC-DB|Q07478|3.A.22.1.1	83.8	358	58	0	12	369	88	445	1.2e-171	599.0
BCW-201860_05156	gnl|TC-DB|Q9P937|2.A.36.4.4	56.8	915	259	19	23	926	7	796	5.1e-261	897.1
BCW-201860_05166	gnl|TC-DB|P31381|2.A.57.3.1	35.5	459	228	9	28	447	78	507	3.6e-58	222.2
BCW-201860_05167	gnl|TC-DB|P40310|1.A.1.7.1	31.6	626	373	9	76	659	60	672	5.4e-90	328.6
BCW-201860_05175	gnl|TC-DB|P32366|3.A.2.2.3	64.4	351	117	3	1	349	1	345	4.6e-130	460.7
BCW-201860_05178	gnl|TC-DB|P82251|2.A.3.8.19	24.4	414	246	12	18	403	28	402	2.5e-15	80.1
BCW-201860_05183	gnl|TC-DB|O95373|1.I.1.1.3	25.5	902	603	23	1	882	1	853	5.5e-70	262.7
BCW-201860_05229	gnl|TC-DB|O14031|2.A.67.1.5	27.5	706	470	16	67	749	137	823	1.8e-65	247.3
BCW-201860_05241	gnl|TC-DB|O00571|1.I.1.1.3	33.3	448	263	10	254	680	168	600	1.9e-63	240.7
BCW-201860_05242	gnl|TC-DB|Q9BXP2|2.A.30.3.3	31.4	819	473	16	39	817	36	805	2.2e-97	354.0
BCW-201860_05249	gnl|TC-DB|P06493|1.I.1.1.3	29.0	221	140	6	919	1135	3	210	1.0e-16	85.9
BCW-201860_05293	gnl|TC-DB|P50080|2.A.1.3.53	35.9	585	308	11	2	531	36	608	4.4e-85	312.0
BCW-201860_05320	gnl|TC-DB|Q5A7S4|2.A.1.58.1	55.1	508	213	6	3	499	6	509	1.6e-152	535.8
BCW-201860_05326	gnl|TC-DB|P54854|2.A.1.1.107	27.6	519	343	14	40	544	45	544	3.8e-39	159.5
BCW-201860_05327	gnl|TC-DB|Q02455|1.I.1.1.1	22.1	673	481	9	299	955	140	785	1.4e-20	99.4
BCW-201860_05332	gnl|TC-DB|P38090|2.A.3.10.19	46.6	513	255	7	46	542	86	595	1.3e-126	449.9
BCW-201860_05337	gnl|TC-DB|P47054|1.I.1.1.1	31.2	1037	627	28	822	1832	700	1676	9.6e-126	448.7
BCW-201860_05340	gnl|TC-DB|P39709|2.A.1.14.37	55.4	574	219	4	4	549	9	573	1.7e-182	635.6
BCW-201860_05348	gnl|TC-DB|P32901|2.A.17.2.2	62.8	514	187	1	22	535	54	563	7.2e-194	673.3
BCW-201860_05364	gnl|TC-DB|P53142|2.A.1.1.93	28.2	465	300	8	11	470	47	482	1.0e-47	187.6
BCW-201860_05367	gnl|TC-DB|P55072|3.A.16.1.1	45.5	242	125	3	157	398	200	434	5.3e-48	188.3
BCW-201860_05375	gnl|TC-DB|G4NXA5|1.A.33.1.4	28.7	300	184	8	124	417	74	349	9.4e-21	99.0
BCW-201860_05377	gnl|TC-DB|C8Z8U3|3.A.16.1.2	55.6	365	147	7	1	354	1	361	3.6e-98	354.8
BCW-201860_05395	gnl|TC-DB|Q13454|1.A.76.1.2	23.9	309	209	8	29	332	55	342	1.1e-22	104.0
BCW-201860_05421	gnl|TC-DB|P38919|3.A.18.1.1	30.1	372	249	8	96	466	29	390	5.4e-43	172.2
BCW-201860_05428	gnl|TC-DB|P32916|3.A.5.8.1	40.3	623	274	22	1	528	1	620	1.9e-98	356.3
BCW-201860_05430	gnl|TC-DB|P53039|9.B.135.1.1	47.3	256	116	5	1	245	1	248	3.7e-52	201.4
BCW-201860_05433	gnl|TC-DB|P25694|3.A.16.1.2	36.1	424	222	10	344	762	211	590	6.8e-59	226.1
BCW-201860_05435	gnl|TC-DB|P53239|2.A.9.4.1	36.2	315	175	7	2	303	12	313	4.2e-40	161.8
BCW-201860_05454	gnl|TC-DB|P47140|9.A.36.1.2	57.6	262	95	5	82	329	60	319	2.9e-81	298.5
BCW-201860_05455	gnl|TC-DB|P33303|2.A.29.13.1	72.1	301	77	3	6	299	4	304	1.5e-116	415.6
BCW-201860_05480	gnl|TC-DB|Q94A18|3.A.1.205.18	25.1	1326	818	52	41	1277	160	1399	4.5e-61	233.4
BCW-201860_05481	gnl|TC-DB|Q9H222|3.A.1.204.5	28.8	559	373	15	678	1219	46	596	1.2e-47	188.7
BCW-201860_05486	gnl|TC-DB|P30902|3.A.2.1.3	57.8	173	73	0	3	175	2	174	7.4e-52	199.9
BCW-201860_05494	gnl|TC-DB|B0YES0|1.A.17.1.17	28.2	635	407	13	30	635	29	643	1.8e-63	240.7
BCW-201860_05505	gnl|TC-DB|M5BEH1|9.B.106.3.1	34.5	171	103	5	81	246	44	210	2.2e-23	107.5
BCW-201860_05509	gnl|TC-DB|P28795|9.A.17.1.1	26.5	460	255	12	9	422	9	431	1.4e-27	120.6
BCW-201860_05510	gnl|TC-DB|Q06681|9.B.198.2.1	39.1	599	293	13	208	795	482	1019	3.1e-78	290.0
BCW-201860_05535	gnl|TC-DB|P55060|1.I.1.1.3	38.3	879	491	17	3	869	7	846	1.4e-155	547.0
BCW-201860_05536	gnl|TC-DB|Q5A477|2.A.7.13.2	72.9	369	79	2	1	349	1	368	4.8e-143	503.8
BCW-201860_05539	gnl|TC-DB|P38919|3.A.18.1.1	41.4	377	215	3	22	396	35	407	6.2e-81	298.1
BCW-201860_05568	gnl|TC-DB|S3DAG4|8.A.52.1.6	53.0	364	144	4	17	365	27	378	8.0e-32	134.4
BCW-201860_05577	gnl|TC-DB|H0H215|1.A.101.7.2	29.6	321	205	6	139	444	75	389	2.2e-31	133.3
BCW-201860_05581	gnl|TC-DB|P40416|3.A.1.210.1	66.2	603	200	3	1	602	91	690	8.9e-222	766.1
BCW-201860_05589	gnl|TC-DB|P48777|2.A.40.4.4	58.9	560	220	6	12	563	22	579	6.1e-188	653.7
BCW-201860_05591	gnl|TC-DB|P53257|2.A.29.28.1	38.1	281	137	6	1	252	37	309	2.0e-45	179.1
BCW-201860_05603	gnl|TC-DB|Q8IUH5|9.B.37.1.1	24.2	598	330	20	93	637	64	591	7.7e-29	125.6
BCW-201860_05618	gnl|TC-DB|P38359|2.A.53.1.1	51.6	827	308	16	38	816	72	854	3.3e-219	758.1
BCW-201860_05624	gnl|TC-DB|E7NFP9|8.A.68.1.1	46.8	680	298	9	47	674	5	672	3.0e-170	595.1
BCW-201860_05632	gnl|TC-DB|Q08268|2.A.1.13.19	33.1	426	270	6	40	460	82	497	4.6e-69	258.5
BCW-201860_05633	gnl|TC-DB|P23968|3.A.2.2.3	81.2	181	34	0	16	196	33	213	1.8e-75	278.5
BCW-201860_05646	gnl|TC-DB|P38919|3.A.18.1.1	29.9	391	249	7	74	460	16	385	4.0e-40	162.5
BCW-201860_05648	gnl|TC-DB|Q9HDY3|9.A.29.3.1	38.0	484	245	13	95	568	1	439	8.8e-70	261.2
BCW-201860_05657	gnl|TC-DB|P32319|9.A.63.1.1	35.6	1620	907	58	7	1553	10	1565	1.1e-244	843.6
BCW-201860_05665	gnl|TC-DB|Q8IUH5|9.B.37.1.1	36.0	186	101	7	98	271	386	565	1.7e-18	90.1
BCW-201860_05668	gnl|TC-DB|A1CC48|9.B.178.1.2	40.3	536	203	13	4	427	354	884	1.5e-95	346.7
BCW-201860_05699	gnl|TC-DB|P37387|3.A.1.2.4	84.3	70	11	0	1	70	261	330	1.0e-28	121.7
BCW-201860_05716	gnl|TC-DB|X5GWN5|3.D.10.1.6	61.7	230	84	3	25	254	26	251	1.1e-80	296.2
BCW-201860_05728	gnl|TC-DB|O13880|2.A.1.14.19	27.7	256	163	6	9	242	23	278	5.0e-16	82.4
BCW-201860_05729	gnl|TC-DB|P94400|9.B.10.1.1	44.3	305	138	5	7	310	4	277	1.3e-59	227.3
BCW-201860_05737	gnl|TC-DB|P32071|2.A.1.2.2	50.4	557	258	6	3	550	4	551	4.1e-157	551.2
BCW-201860_05739	gnl|TC-DB|P28873|2.A.1.2.6	54.3	468	212	2	52	517	96	563	2.1e-142	502.3
BCW-201860_05745	gnl|TC-DB|Q5A7S4|2.A.1.58.1	36.7	458	270	9	38	488	57	501	1.3e-69	260.4
BCW-201860_05760	gnl|TC-DB|P25694|3.A.16.1.2	81.3	838	141	4	1	825	1	835	0.0e+00	1272.3
BCW-201860_05762	gnl|TC-DB|F2KQZ0|4.D.2.1.6	27.8	230	160	3	6	233	8	233	2.0e-20	95.9
BCW-201860_05763	gnl|TC-DB|Q8I553|3.A.16.1.3	31.0	429	232	9	2	391	3	406	1.3e-55	214.2
BCW-201860_05769	gnl|TC-DB|Q06538|1.A.17.5.11	41.0	754	395	14	13	737	31	763	8.5e-138	487.6
BCW-201860_05777	gnl|TC-DB|M5BEH1|9.B.106.3.1	33.9	304	183	9	98	396	11	301	8.0e-39	157.9
BCW-201860_05780	gnl|TC-DB|Q12049|3.A.22.1.1	34.5	345	193	8	116	442	140	469	2.1e-42	169.9
BCW-201860_05789	gnl|TC-DB|Q08268|2.A.1.13.19	44.7	414	222	3	48	454	85	498	7.7e-101	364.0
BCW-201860_05791	gnl|TC-DB|P22215|2.A.7.9.4	29.4	453	218	9	4	436	74	444	2.4e-38	156.4
BCW-201860_05817	gnl|TC-DB|B7FZS1|3.A.25.1.1	96.0	75	3	0	1	75	1	75	9.2e-35	142.9
BCW-201860_05835	gnl|TC-DB|P38358|2.A.1.48.2	42.6	470	260	4	68	529	4	471	2.9e-99	359.0
BCW-201860_05836	gnl|TC-DB|P40445|2.A.1.14.38	61.6	529	197	2	5	527	14	542	4.6e-190	660.6
BCW-201860_05837	gnl|TC-DB|P40445|2.A.1.14.38	44.2	529	289	3	28	551	15	542	4.6e-124	441.4
BCW-201860_05839	gnl|TC-DB|P40988|9.A.9.1.1	45.3	464	245	4	41	495	78	541	4.9e-109	391.3
BCW-201860_05845	gnl|TC-DB|A9V8N9|1.A.77.1.13	61.9	189	69	3	3	191	330	515	2.1e-59	225.7
BCW-201860_05848	gnl|TC-DB|Q59Q40|9.A.26.1.4	55.0	431	189	3	5	434	8	434	4.3e-117	417.9
BCW-201860_05849	gnl|TC-DB|Q59Q40|9.A.26.1.4	50.1	423	205	2	108	528	9	427	1.8e-101	366.3
BCW-201860_05850	gnl|TC-DB|Q59Q40|9.A.26.1.4	55.5	449	188	2	5	453	8	444	9.8e-131	463.4
BCW-201860_05857	gnl|TC-DB|P47082|2.A.18.5.2	37.5	405	240	4	115	516	206	600	5.4e-66	248.4
BCW-201860_05861	gnl|TC-DB|P32835|9.A.50.1.1	93.4	211	14	0	4	214	9	219	1.4e-116	415.2
BCW-201860_05880	gnl|TC-DB|Q12520|2.A.7.11.6	38.9	355	184	10	7	351	8	339	3.1e-49	192.2
BCW-201860_05887	gnl|TC-DB|Q6WNK7|3.A.22.1.1	39.3	89	52	1	8	96	7	93	8.9e-15	75.9
BCW-201860_05888	gnl|TC-DB|O47950|3.D.1.6.2	69.0	200	56	1	10	209	32	225	5.3e-81	297.0
BCW-201860_05893	gnl|TC-DB|P53173|8.A.61.1.1	72.6	124	34	0	1	124	10	133	1.6e-48	188.3
BCW-201860_05900	gnl|TC-DB|P39524|3.A.3.8.2	66.3	1185	383	8	104	1287	139	1308	0.0e+00	1530.0
BCW-201860_05903	gnl|TC-DB|B7FZS1|3.A.25.1.1	95.8	381	16	0	77	457	1	381	2.8e-204	707.6
BCW-201860_05914	gnl|TC-DB|O64614|9.B.135.1.2	28.4	299	148	8	11	298	35	278	2.8e-19	92.4
BCW-201860_05930	gnl|TC-DB|G4TIR7|2.A.1.1.127	37.1	485	288	5	28	511	9	477	7.0e-85	311.2
BCW-201860_05932	gnl|TC-DB|Q7SGY8|8.A.52.1.5	33.9	439	168	9	4	343	13	428	2.7e-45	179.1
BCW-201860_05940	gnl|TC-DB|P38734|2.A.3.8.16	42.4	490	272	5	39	524	58	541	6.8e-109	391.0
BCW-201860_05941	gnl|TC-DB|P32386|3.A.1.208.12	50.9	1666	753	25	6	1626	15	1660	0.0e+00	1533.9
BCW-201860_05959	gnl|TC-DB|P25737|2.A.3.1.2	41.0	473	270	6	35	500	13	483	9.4e-90	327.4
BCW-201860_05969	gnl|TC-DB|P38865|1.A.56.1.3	43.4	129	61	3	1	117	61	189	4.8e-23	103.6
BCW-201860_05973	gnl|TC-DB|Q99385|2.A.19.2.2	63.9	380	123	2	31	410	35	400	1.9e-122	435.6
BCW-201860_05989	gnl|TC-DB|M5BEH1|9.B.106.3.1	33.9	274	169	5	313	585	8	270	2.2e-37	153.7
BCW-201860_05990	gnl|TC-DB|M5BEH1|9.B.106.3.1	41.5	275	145	2	45	318	3	262	2.0e-62	238.0
BCW-201860_05992	gnl|TC-DB|M5BEH1|9.B.106.3.1	28.0	314	199	7	708	1005	2	304	2.4e-33	141.0
BCW-201860_06010	gnl|TC-DB|Q00319|2.A.29.6.1	37.4	382	187	8	3	338	5	380	4.1e-54	208.4
BCW-201860_06012	gnl|TC-DB|Q12375|2.A.29.9.2	44.5	281	141	6	7	276	16	292	1.2e-56	216.5
BCW-201860_06017	gnl|TC-DB|Q06538|1.A.17.5.11	46.6	811	354	13	4	783	19	781	3.5e-189	658.3
BCW-201860_06018	gnl|TC-DB|Q06541|9.A.19.1.1	28.3	297	141	8	1	242	1	280	3.3e-22	102.1
BCW-201860_06026	gnl|TC-DB|Q03455|2.A.4.4.1	39.5	377	150	3	282	627	375	704	5.1e-63	238.8
BCW-201860_06038	gnl|TC-DB|Q9UEF7|8.A.49.1.1	25.8	461	244	14	182	599	61	466	4.3e-33	139.4
BCW-201860_06042	gnl|TC-DB|C6KT34|3.A.16.1.3	38.3	274	159	3	133	406	174	437	5.4e-48	188.3
BCW-201860_06045	gnl|TC-DB|O94639|2.A.5.1.8	30.3	346	195	7	214	514	63	407	3.6e-30	129.4
BCW-201860_06072	gnl|TC-DB|A5UXW0|3.A.1.18.1	26.0	346	223	10	216	550	135	458	9.2e-17	85.1
BCW-201860_06080	gnl|TC-DB|P21825|1.A.15.1.1	44.4	225	106	8	65	277	22	239	6.8e-43	171.0
BCW-201860_06081	gnl|TC-DB|P43601|9.A.15.1.1	31.7	353	190	9	2	341	8	322	7.0e-39	158.3
BCW-201860_06100	gnl|TC-DB|P25343|8.A.34.2.1	69.5	266	78	2	1	264	1	265	4.6e-106	380.6
BCW-201860_06104	gnl|TC-DB|Q06169|3.A.20.1.5	29.6	405	226	11	21	409	46	407	1.0e-46	184.1
BCW-201860_06115	gnl|TC-DB|P43548|2.A.3.10.14	60.4	477	186	2	32	505	49	525	3.0e-170	594.7
BCW-201860_06118	gnl|TC-DB|P25560|9.B.82.1.1	59.2	179	66	1	12	190	15	186	1.8e-56	215.3
BCW-201860_06122	gnl|TC-DB|Q07824|2.A.1.2.16	49.4	514	256	3	65	578	75	584	3.2e-144	508.4
BCW-201860_06137	gnl|TC-DB|M5BEH1|9.B.106.3.1	34.9	258	164	3	64	320	11	265	5.0e-37	152.5
BCW-201860_06145	gnl|TC-DB|P22142|3.D.1.6.2	82.2	388	69	0	89	476	91	478	5.1e-196	680.2
BCW-201860_06166	gnl|TC-DB|Q08970|2.A.4.1.6	40.5	338	165	7	111	444	127	432	7.9e-61	231.1
BCW-201860_06186	gnl|TC-DB|P53062|9.A.34.1.1	33.3	153	93	3	71	220	37	183	1.2e-15	80.1
BCW-201860_06188	gnl|TC-DB|P12866|3.A.1.206.1	31.0	1239	745	21	44	1180	21	1251	3.3e-159	559.3
BCW-201860_06189	gnl|TC-DB|E7LWL7|3.A.16.1.2	64.0	1020	354	7	6	1015	8	1024	0.0e+00	1328.2
BCW-201860_06190	gnl|TC-DB|Q07904|2.A.1.14.36	50.4	502	220	7	11	495	34	523	4.0e-127	451.4
BCW-201860_06212	gnl|TC-DB|O00571|1.I.1.1.3	28.8	424	234	4	100	503	181	556	5.6e-50	196.1
BCW-201860_06225	gnl|TC-DB|Q08269|1.A.35.2.1	52.3	671	274	13	124	761	198	855	1.9e-168	589.3
BCW-201860_06228	gnl|TC-DB|P43071|3.A.1.205.4	70.4	1499	421	8	37	1522	10	1498	0.0e+00	2147.9
BCW-201860_06231	gnl|TC-DB|P77735|8.A.5.1.6	40.1	322	179	6	11	329	6	316	2.1e-58	222.6
BCW-201860_06244	gnl|TC-DB|Q05521|9.B.105.3.2	53.4	251	117	0	18	268	8	258	6.3e-69	257.3
BCW-201860_06253	gnl|TC-DB|G8YEP6|1.A.88.1.9	47.7	522	222	10	3	501	14	507	1.3e-115	413.3
BCW-201860_06256	gnl|TC-DB|P33418|9.A.50.1.1	30.3	1112	632	31	1	984	1	1097	1.8e-126	450.3
BCW-201860_06267	gnl|TC-DB|P32563|3.A.2.2.3	58.8	814	299	6	1	783	14	822	5.2e-270	926.8
BCW-201860_06275	gnl|TC-DB|G2R6Y3|9.B.57.1.3	29.8	588	315	19	52	574	43	597	1.8e-54	210.3
BCW-201860_06279	gnl|TC-DB|P11943|3.D.1.6.2	44.2	138	60	3	1	126	1	133	6.8e-23	103.2
BCW-201860_06290	gnl|TC-DB|Q12324|1.A.4.4.1	46.0	598	311	5	26	613	30	625	9.8e-150	526.9
BCW-201860_06299	gnl|TC-DB|P0A6Y8|1.A.33.1.2	57.9	605	244	4	128	727	2	600	1.8e-195	679.1
BCW-201860_06309	gnl|TC-DB|Q9Y860|2.A.3.4.2	28.7	495	333	7	11	504	11	486	6.5e-48	188.3
BCW-201860_06311	gnl|TC-DB|Q8J266|2.A.3.10.17	37.0	533	296	12	37	553	34	542	1.4e-80	297.0
BCW-201860_06312	gnl|TC-DB|P53388|2.A.3.10.13	57.1	541	221	5	43	581	77	608	1.4e-176	615.9
BCW-201860_06315	gnl|TC-DB|P25613|2.A.96.1.4	48.9	268	131	2	5	266	12	279	9.9e-64	240.0
BCW-201860_06320	gnl|TC-DB|C5L569|9.B.106.3.3	27.0	281	153	6	178	453	247	480	4.2e-19	92.8
BCW-201860_06326	gnl|TC-DB|P39986|3.A.3.10.3	63.8	1214	419	12	62	1266	5	1206	0.0e+00	1508.8
BCW-201860_06330	gnl|TC-DB|P32939|9.A.63.1.1	31.7	180	113	4	15	187	8	184	6.6e-26	114.0
BCW-201860_06348	gnl|TC-DB|O00571|1.I.1.1.3	30.5	367	229	8	45	391	179	539	9.9e-37	151.8
BCW-201860_06351	gnl|TC-DB|Q03028|2.A.29.2.8	60.0	300	101	3	3	283	5	304	6.6e-98	353.6
BCW-201860_06364	gnl|TC-DB|P38919|3.A.18.1.1	32.5	381	232	7	3	377	40	401	5.3e-51	198.4
BCW-201860_06384	gnl|TC-DB|P38717|9.B.198.1.2	25.9	1269	772	33	12	1170	11	1221	5.8e-100	362.5
BCW-201860_06393	gnl|TC-DB|P25694|3.A.16.1.2	39.1	248	143	3	503	749	210	450	4.4e-45	179.9
BCW-201860_06397	gnl|TC-DB|Q8I607|3.A.16.1.3	42.6	122	70	0	1	122	13	134	2.0e-29	125.2
BCW-201860_06404	gnl|TC-DB|P25621|2.A.1.14.18	58.2	440	175	2	21	451	25	464	5.4e-153	537.3
BCW-201860_06406	gnl|TC-DB|O74700|3.A.8.1.1	83.1	77	13	0	1	77	1	77	2.5e-31	130.6
BCW-201860_06422	gnl|TC-DB|O00571|1.I.1.1.3	59.5	482	178	5	140	610	123	598	4.1e-159	558.1
BCW-201860_06428	gnl|TC-DB|P80667|3.A.20.1.5	47.7	258	101	5	178	423	147	382	4.2e-56	215.3
BCW-201860_06443	gnl|TC-DB|Q6J4K2|2.A.19.4.4	25.2	686	379	20	11	680	9	576	1.3e-35	147.9
BCW-201860_06444	gnl|TC-DB|P08107|1.A.33.1.3	74.9	646	152	2	4	649	6	641	1.0e-271	932.2
BCW-201860_06448	gnl|TC-DB|P33328|1.F.1.1.2	82.4	74	13	0	1	74	42	115	1.2e-19	91.7
BCW-201860_06459	gnl|TC-DB|O00159|1.I.1.1.3	33.5	738	444	15	82	805	56	760	5.7e-111	399.4
BCW-201860_06467	gnl|TC-DB|P27514|2.A.47.2.2	47.2	918	370	15	1	827	1	894	1.2e-208	723.0
BCW-201860_06485	gnl|TC-DB|B6HN82|2.A.1.2.86	25.8	445	301	10	52	474	58	495	2.9e-21	99.8
BCW-201860_06490	gnl|TC-DB|P32939|9.A.63.1.1	30.6	186	110	4	3	179	31	206	5.3e-21	97.4
BCW-201860_06494	gnl|TC-DB|Q08109|3.A.16.1.2	27.1	424	259	13	13	405	13	417	7.1e-29	125.2
BCW-201860_06503	gnl|TC-DB|P31552|4.C.1.1.6	22.1	529	344	19	126	636	39	517	1.7e-19	94.4
BCW-201860_06512	gnl|TC-DB|P25360|2.A.47.2.1	44.5	950	482	15	1	937	1	918	5.7e-199	691.0
BCW-201860_06547	gnl|TC-DB|P25694|3.A.16.1.2	45.2	230	123	2	183	412	210	436	2.4e-54	209.5
BCW-201860_06557	gnl|TC-DB|T2I8Z9|2.A.16.3.3	26.1	433	249	10	18	438	7	380	2.9e-26	116.3
BCW-201860_06560	gnl|TC-DB|Q9BZJ4|2.A.29.14.8	35.2	361	200	8	24	365	6	351	1.4e-44	176.8
BCW-201860_06571	gnl|TC-DB|O00571|1.I.1.1.3	38.9	398	213	8	41	414	161	552	3.3e-62	235.7
BCW-201860_06586	gnl|TC-DB|Q06497|2.A.29.17.1	42.0	331	140	10	7	319	5	301	7.7e-58	220.7
BCW-201860_06591	gnl|TC-DB|P50505|2.A.72.2.1	62.3	788	269	8	34	793	34	821	3.2e-272	934.1
BCW-201860_06616	gnl|TC-DB|Q92331|9.A.63.1.1	33.1	556	330	12	154	685	135	672	1.5e-71	267.3
BCW-201860_06618	gnl|TC-DB|X5H3P0|3.D.10.1.6	62.6	594	220	2	48	641	6	597	2.3e-220	761.5
BCW-201860_06621	gnl|TC-DB|P32610|3.A.2.2.3	76.9	255	57	1	4	256	2	256	1.4e-99	359.0
BCW-201860_06626	gnl|TC-DB|Q06628|9.A.15.1.1	32.1	262	138	6	2	225	5	264	8.3e-27	118.6
BCW-201860_06631	gnl|TC-DB|F2QVG4|1.A.8.6.3	70.5	237	70	0	36	272	42	278	1.2e-91	332.8
BCW-201860_06635	gnl|TC-DB|Q6Q0C1|2.A.29.8.10	28.0	300	185	9	55	338	16	300	1.1e-19	94.0
BCW-201860_06650	gnl|TC-DB|P48837|1.I.1.1.1	37.2	261	152	5	326	578	282	538	3.3e-40	162.9
BCW-201860_06651	gnl|TC-DB|P21976|3.D.1.6.2	63.3	120	43	1	17	135	15	134	5.9e-41	163.7
BCW-201860_06686	gnl|TC-DB|P33760|3.A.20.1.5	34.2	313	185	9	124	427	727	1027	4.8e-44	175.3
BCW-201860_06689	gnl|TC-DB|P36032|2.A.1.13.18	30.8	413	265	5	98	504	37	434	1.2e-50	197.6
BCW-201860_06691	gnl|TC-DB|P53322|2.A.1.14.11	31.3	511	316	9	4	500	45	534	5.4e-63	238.4
BCW-201860_06695	gnl|TC-DB|Q59NZ6|2.A.3.10.26	60.6	576	206	8	1	565	9	574	2.0e-183	638.6
BCW-201860_06696	gnl|TC-DB|P47159|2.A.1.63.4	47.2	439	214	7	36	458	10	446	5.1e-100	361.3
BCW-201860_06713	gnl|TC-DB|P55072|3.A.16.1.1	37.4	289	158	3	197	467	186	469	1.3e-48	191.0
BCW-201860_06725	gnl|TC-DB|G4TIR7|2.A.1.1.127	37.7	480	289	4	14	491	10	481	3.1e-90	328.9
BCW-201860_06743	gnl|TC-DB|Q5AG77|2.A.3.10.23	58.7	555	221	3	46	593	29	582	1.8e-179	625.5
BCW-201860_06748	gnl|TC-DB|P43601|9.A.15.1.1	26.5	336	194	7	11	302	3	329	3.3e-23	105.9
BCW-201860_06762	gnl|TC-DB|P53552|3.A.22.1.1	27.5	1093	698	19	141	1183	167	1215	8.2e-112	402.1
BCW-201860_06777	gnl|TC-DB|P07143|3.D.3.3.1	78.1	242	53	0	45	286	65	306	1.3e-117	419.1
BCW-201860_06781	gnl|TC-DB|P30605|2.A.1.1.8	55.7	501	220	2	26	526	66	564	4.6e-153	537.7
BCW-201860_06782	gnl|TC-DB|P06493|1.I.1.1.3	36.9	317	167	5	43	355	1	288	2.3e-55	213.0
BCW-201860_06783	gnl|TC-DB|P38310|2.A.108.1.4	39.6	439	199	7	3	395	2	420	1.5e-82	303.1
BCW-201860_06786	gnl|TC-DB|P36033|5.B.1.5.3	30.5	658	415	15	83	733	89	711	5.1e-86	315.5
BCW-201860_06789	gnl|TC-DB|P39932|2.A.1.1.38	30.6	487	312	8	16	497	24	489	2.5e-58	223.0
BCW-201860_06793	gnl|TC-DB|P36033|5.B.1.5.3	30.5	673	432	14	90	743	56	711	9.4e-80	294.7
BCW-201860_06806	gnl|TC-DB|Q01852|3.A.8.1.1	51.8	398	184	4	25	419	38	430	4.4e-111	397.9
BCW-201860_06811	gnl|TC-DB|O34718|2.A.1.1.26	31.0	480	299	11	110	584	3	455	1.4e-44	177.6
BCW-201860_06825	gnl|TC-DB|P53273|2.A.53.3.10	44.0	843	432	14	194	1010	208	1036	5.0e-185	644.8
BCW-201860_06827	gnl|TC-DB|Q9P8U8|2.A.108.1.3	50.6	326	146	4	5	323	3	320	3.3e-86	315.1
BCW-201860_06829	gnl|TC-DB|O14787|1.I.1.1.3	33.4	942	561	21	2	924	3	897	1.1e-135	480.7
BCW-201860_06833	gnl|TC-DB|P39980|2.A.1.16.1	49.4	593	260	11	47	628	53	616	3.9e-159	558.1
BCW-201860_06834	gnl|TC-DB|P53389|2.A.1.2.33	30.5	586	343	11	4	541	7	576	2.1e-68	256.5
BCW-201860_06843	gnl|TC-DB|Q2MDH1|2.A.1.1.67	72.4	555	137	6	1	547	1	547	6.8e-229	789.6
BCW-201860_06846	gnl|TC-DB|O00571|1.I.1.1.3	29.9	415	223	12	161	561	184	544	2.4e-35	147.1
BCW-201860_06848	gnl|TC-DB|P42838|8.A.27.1.1	47.0	396	200	4	22	416	28	414	1.0e-99	360.1
BCW-201860_06853	gnl|TC-DB|Q8TDX7|1.I.1.1.3	33.9	233	140	6	210	430	29	259	9.3e-31	132.5
BCW-201860_06857	gnl|TC-DB|P32901|2.A.17.2.2	60.4	551	207	3	8	553	34	578	8.7e-203	703.0
BCW-201860_06863	gnl|TC-DB|P20107|2.A.4.2.2	52.3	455	149	10	27	426	1	442	5.9e-103	370.9
BCW-201860_06883	gnl|TC-DB|Q83XH1|3.A.1.121.4	29.8	524	334	11	81	586	2	509	3.0e-60	229.6
BCW-201860_06921	gnl|TC-DB|Q12527|9.A.15.1.1	22.6	1229	723	42	4	1082	24	1174	9.5e-41	165.6
BCW-201860_06925	gnl|TC-DB|P43155|4.C.2.1.1	33.3	637	386	12	5	622	10	626	2.1e-88	323.2
BCW-201860_06927	gnl|TC-DB|W1QAH1|4.D.1.4.2	43.7	547	209	12	11	544	19	479	4.1e-117	418.3
BCW-201860_06939	gnl|TC-DB|M5BEH1|9.B.106.3.1	33.3	288	166	3	260	546	6	268	5.8e-42	169.9
BCW-201860_06949	gnl|TC-DB|A0L4L0|3.A.1.132.3	41.9	246	140	1	64	309	86	328	4.1e-53	204.9
BCW-201860_06961	gnl|TC-DB|P15365|2.A.1.14.4	31.9	492	313	12	35	507	53	541	2.4e-58	223.0
BCW-201860_06985	gnl|TC-DB|P19516|3.D.4.8.1	66.3	184	62	0	72	255	77	260	1.9e-75	278.9
BCW-201860_06986	gnl|TC-DB|Q9UI26|1.I.1.1.3	25.4	1007	677	24	8	984	10	972	2.9e-76	283.5
BCW-201860_07001	gnl|TC-DB|O95067|1.I.1.1.3	33.4	332	204	5	129	455	69	388	9.9e-48	187.6
BCW-201860_07007	gnl|TC-DB|Q708J7|2.A.39.2.3	47.3	503	255	5	1	493	11	513	1.5e-129	459.5
BCW-201860_07008	gnl|TC-DB|P32266|9.B.25.1.1	54.5	853	327	13	43	869	51	868	2.4e-220	761.9
BCW-201860_07025	gnl|TC-DB|Q12029|2.A.54.1.4	67.1	328	107	1	1	328	1	327	3.5e-119	424.5
BCW-201860_07027	gnl|TC-DB|P52593|1.I.1.1.1	25.7	1656	1078	33	91	1624	26	1651	1.0e-123	441.8
BCW-201860_07029	gnl|TC-DB|J5PL79|1.A.17.5.8	50.4	895	391	11	12	858	23	912	3.9e-239	824.3
BCW-201860_07036	gnl|TC-DB|O00571|1.I.1.1.3	41.1	382	190	7	157	509	130	505	1.1e-71	267.3
BCW-201860_07052	gnl|TC-DB|Q01519|3.D.4.8.1	70.3	74	22	0	4	77	3	76	4.9e-30	126.3
BCW-201860_07056	gnl|TC-DB|E7Q288|3.A.16.1.2	61.6	219	79	3	1	218	1	215	2.1e-72	268.5
BCW-201860_07058	gnl|TC-DB|P25656|8.A.27.1.2	49.3	369	170	7	23	390	20	372	3.9e-101	364.8
BCW-201860_07069	gnl|TC-DB|Q96A54|1.C.113.1.9	29.7	236	151	6	214	441	97	325	1.1e-22	104.8
BCW-201860_07070	gnl|TC-DB|Q5A8J5|2.A.1.1.73	67.7	551	166	2	4	554	7	545	1.9e-210	728.4
BCW-201860_07080	gnl|TC-DB|P39980|2.A.1.16.1	30.0	466	312	6	71	527	53	513	1.5e-50	197.2
BCW-201860_07086	gnl|TC-DB|Q06563|9.B.192.1.2	42.6	195	106	4	22	215	7	196	7.5e-38	153.7
BCW-201860_07108	gnl|TC-DB|P35180|3.A.8.1.1	45.6	114	58	1	62	171	69	182	1.0e-21	99.8
BCW-201860_07114	gnl|TC-DB|G9M9M7|3.A.5.9.2	70.5	475	137	1	2	473	3	477	5.6e-195	676.8
BCW-201860_07117	gnl|TC-DB|Q07376|2.A.1.75.1	34.6	489	261	13	11	455	5	478	1.6e-53	206.8
BCW-201860_07125	gnl|TC-DB|P57744|3.A.8.1.1	59.3	86	33	1	1	86	1	84	2.2e-23	104.4
BCW-201860_07152	gnl|TC-DB|P0AFZ7|2.A.38.1.1	97.2	72	2	0	1	72	412	483	6.4e-34	139.0
BCW-201860_07168	gnl|TC-DB|P38731|2.A.1.16.4	43.6	516	290	1	49	563	77	592	6.7e-126	447.6
BCW-201860_07173	gnl|TC-DB|P53049|3.A.1.208.3	44.2	1408	653	19	7	1287	73	1474	0.0e+00	1090.9
BCW-201860_07174	gnl|TC-DB|Q9HC98|1.I.1.1.3	36.5	277	145	8	7	278	44	294	2.2e-42	169.9
BCW-201860_07186	gnl|TC-DB|Q02776|3.A.8.1.1	49.6	460	210	7	5	457	14	458	9.1e-102	367.1
BCW-201860_07198	gnl|TC-DB|A5DTV2|2.A.7.24.15	56.6	500	177	5	1	460	1	500	1.7e-143	505.8
BCW-201860_07218	gnl|TC-DB|Q07904|2.A.1.14.36	30.9	489	328	6	17	503	42	522	6.8e-66	248.1
BCW-201860_07223	gnl|TC-DB|Q09752|2.A.1.48.3	38.0	518	309	5	15	522	9	524	3.0e-88	322.4
BCW-201860_07229	gnl|TC-DB|P53389|2.A.1.2.33	28.0	547	339	7	33	532	42	580	4.4e-55	212.2
BCW-201860_07230	gnl|TC-DB|P38731|2.A.1.16.4	46.5	583	307	4	5	585	32	611	4.7e-143	504.6
BCW-201860_07231	gnl|TC-DB|P32071|2.A.1.2.2	43.5	556	281	6	4	533	3	551	1.5e-135	479.6
BCW-201860_07233	gnl|TC-DB|O43000|2.A.1.14.17	30.2	401	274	5	54	450	21	419	3.2e-55	212.6
BCW-201860_07238	gnl|TC-DB|P39932|2.A.1.1.38	35.0	477	292	7	4	469	19	488	1.8e-80	296.6
BCW-201860_07246	gnl|TC-DB|Q2MDH1|2.A.1.1.67	73.0	526	140	2	24	547	12	537	8.8e-224	772.7
BCW-201860_07262	gnl|TC-DB|O43000|2.A.1.14.17	32.4	401	265	4	57	453	21	419	9.7e-60	227.6
BCW-201860_07282	gnl|TC-DB|G4TIR7|2.A.1.1.127	37.5	488	289	7	49	532	22	497	4.9e-86	315.1
BCW-201860_07285	gnl|TC-DB|P43071|3.A.1.205.4	75.3	1484	354	7	13	1490	23	1500	0.0e+00	2289.2
BCW-201860_07301	gnl|TC-DB|P32837|2.A.3.4.3	53.7	529	226	11	13	534	34	550	5.6e-146	514.2
BCW-201860_07302	gnl|TC-DB|P11670|8.B.9.1.5	42.0	131	68	5	91	217	29	155	4.1e-21	98.2
BCW-201860_07320	gnl|TC-DB|P53104|9.A.15.1.1	33.6	140	73	3	198	326	149	279	1.1e-13	74.7
BCW-201860_07327	gnl|TC-DB|K1QQE6|2.A.90.3.3	29.4	316	199	7	1	308	1	300	3.6e-33	138.7
BCW-201860_07342	gnl|TC-DB|P53112|3.A.20.1.5	30.6	278	184	4	5	277	12	285	1.6e-27	120.2
BCW-201860_07351	gnl|TC-DB|Q96DW6|2.A.29.5.6	34.3	297	158	8	17	307	32	297	2.1e-33	139.4
BCW-201860_07365	gnl|TC-DB|Q08902|2.A.1.3.52	44.5	458	245	3	46	497	38	492	1.6e-110	396.4
BCW-201860_07381	gnl|TC-DB|P53311|2.A.105.1.1	65.3	118	40	1	3	120	2	118	6.9e-41	162.9
BCW-201860_07382	gnl|TC-DB|P14772|3.A.1.208.18	41.2	1547	833	21	30	1510	23	1558	0.0e+00	1084.3
BCW-201860_07401	gnl|TC-DB|Q09752|2.A.1.48.3	27.2	533	358	11	13	535	8	520	3.0e-41	166.4
BCW-201860_07406	gnl|TC-DB|P25694|3.A.16.1.2	35.4	285	159	7	425	697	209	480	3.3e-34	143.3
BCW-201860_07408	gnl|TC-DB|O59726|2.A.1.48.4	27.1	521	346	6	42	548	77	577	1.4e-43	174.1
BCW-201860_07436	gnl|TC-DB|P08107|1.A.33.1.3	29.1	461	310	5	2	460	4	449	1.6e-44	177.2
BCW-201860_07443	gnl|TC-DB|Q010B9|2.A.1.82.2	47.7	111	55	2	1	110	522	630	3.3e-23	105.5
BCW-201860_07446	gnl|TC-DB|P40464|2.A.29.10.1	36.5	315	165	5	9	303	12	311	2.8e-54	208.8
BCW-201860_07448	gnl|TC-DB|P53507|3.A.8.1.1	60.7	56	22	0	39	94	5	60	1.0e-15	79.0
BCW-201860_07454	gnl|TC-DB|Q15311|9.A.1.1.1	24.7	198	129	4	1597	1790	189	370	9.0e-12	70.1
BCW-201860_07455	gnl|TC-DB|P39952|2.A.9.1.1	47.8	247	121	2	74	312	99	345	2.9e-58	222.2
BCW-201860_07469	gnl|TC-DB|Q870L2|2.A.1.16.7	29.7	165	106	3	19	180	19	176	2.3e-11	65.5
BCW-201860_07470	gnl|TC-DB|O74395|2.A.1.16.6	32.8	241	152	4	2	240	245	477	1.6e-35	146.7
BCW-201860_07487	gnl|TC-DB|Q59LX9|2.A.57.5.3	57.3	426	164	4	4	416	3	423	8.5e-123	436.8
BCW-201860_07490	gnl|TC-DB|Q96A54|1.C.113.1.9	35.1	282	160	3	24	301	90	352	5.8e-39	157.9
BCW-201860_07506	gnl|TC-DB|P38767|2.A.66.1.5	42.0	553	262	11	1	503	1	544	2.6e-106	382.5
BCW-201860_07513	gnl|TC-DB|Q9KZF1|2.A.3.4.7	26.0	515	348	12	42	551	5	491	4.6e-42	169.1
BCW-201860_07514	gnl|TC-DB|A0DG78|9.A.6.1.2	28.2	358	221	10	61	401	26	364	3.2e-31	133.7
BCW-201860_07523	gnl|TC-DB|P53389|2.A.1.2.33	27.4	570	364	10	14	539	13	576	2.9e-54	209.5
BCW-201860_07538	gnl|TC-DB|O00571|1.I.1.1.3	39.5	390	210	6	140	505	197	584	2.2e-67	253.1
BCW-201860_07547	gnl|TC-DB|P40897|2.A.67.1.3	56.7	746	308	9	17	754	60	798	1.1e-250	862.4
BCW-201860_07562	gnl|TC-DB|P49374|2.A.1.1.39	30.0	460	294	5	37	471	41	497	1.3e-60	230.7
BCW-201860_07581	gnl|TC-DB|Q9HC98|1.I.1.1.3	25.7	230	140	5	67	296	49	247	5.8e-12	68.6
BCW-201860_07582	gnl|TC-DB|P54003|1.H.1.7.1	36.5	203	125	3	5	206	8	207	5.2e-25	111.3
BCW-201860_07605	gnl|TC-DB|Q12315|1.I.1.1.1	44.4	288	151	4	178	457	239	525	4.6e-64	241.9
BCW-201860_07617	gnl|TC-DB|P00854|3.A.2.1.3	55.9	93	41	0	1	93	167	259	8.0e-21	95.9
BCW-201860_07638	gnl|TC-DB|P15582|3.D.1.6.2	44.4	160	87	1	2	159	342	501	1.5e-30	129.0
BCW-201860_07643	gnl|TC-DB|P00420|3.D.4.8.1	63.6	99	36	0	1	99	127	225	2.5e-28	120.9
BCW-201860_07649	gnl|TC-DB|P00163|3.D.3.3.1	70.1	87	26	0	1	87	295	381	1.8e-30	127.9
BCW-201860_07650	gnl|TC-DB|P00163|3.D.3.3.1	80.5	77	15	0	1	77	196	272	1.5e-33	137.9
BCW-201860_07654	gnl|TC-DB|P00401|3.D.4.8.1	81.6	38	7	0	1	38	338	375	2.8e-11	65.5
BCW-201860_07661	gnl|TC-DB|P00401|3.D.4.8.1	73.7	57	13	1	1	57	195	249	7.5e-18	87.0
BCW-201860_07668	gnl|TC-DB|P08774|3.D.1.6.2	59.5	84	34	0	1	84	8	91	1.7e-17	84.7
BCW-201860_07671	gnl|TC-DB|P00410|3.D.4.8.1	76.8	95	22	0	1	95	152	246	6.6e-39	156.0
BCW-201860_07673	gnl|TC-DB|P05510|3.D.1.6.2	36.2	329	155	8	1	275	307	634	7.4e-47	184.1
