BCW-200432_00002	gnl|TC-DB|G8WDN3|2.A.7.21.5	64.3	143	49	1	4	146	1	141	5.6e-40	160.2
BCW-200432_00003	gnl|TC-DB|G8WDN2|2.A.7.21.5	64.8	142	50	0	42	183	1	142	7.1e-45	176.8
BCW-200432_00021	gnl|TC-DB|P45522|2.A.37.1.2	44.8	594	318	8	6	597	5	590	2.1e-122	436.0
BCW-200432_00024	gnl|TC-DB|P16482|2.A.1.6.1	78.5	419	90	0	8	426	23	441	4.4e-183	637.1
BCW-200432_00047	gnl|TC-DB|P0AGA2|3.A.5.1.1	63.8	442	155	2	1	437	1	442	1.5e-157	552.4
BCW-200432_00056	gnl|TC-DB|P77726|2.A.1.2.60	53.8	448	206	1	8	455	5	451	1.2e-122	436.4
BCW-200432_00064	gnl|TC-DB|B7FYG1|3.A.25.1.1	33.3	156	91	4	122	267	482	634	4.1e-15	79.0
BCW-200432_00069	gnl|TC-DB|P75770|4.D.2.4.3	46.8	312	165	1	12	322	4	315	1.2e-76	283.1
BCW-200432_00073	gnl|TC-DB|P77389|2.A.1.2.65	43.7	348	190	3	5	352	7	348	2.6e-68	255.8
BCW-200432_00074	gnl|TC-DB|P75783|1.A.23.3.2	24.8	673	448	18	32	671	73	720	8.3e-30	128.6
BCW-200432_00078	gnl|TC-DB|Q3K638|1.B.39.1.4	98.3	232	4	0	1	232	1	232	3.4e-129	457.2
BCW-200432_00080	gnl|TC-DB|Q6MNW8|3.A.1.136.2	48.3	422	215	3	1	421	2	421	1.2e-103	373.2
BCW-200432_00081	gnl|TC-DB|O53899|3.A.1.125.2	38.7	225	126	4	3	224	4	219	7.9e-33	137.1
BCW-200432_00098	gnl|TC-DB|Q8ZRP7|3.A.1.13.1	30.1	259	174	3	6	262	9	262	1.4e-25	113.2
BCW-200432_00099	gnl|TC-DB|P06129|1.B.14.3.1	29.4	615	384	19	33	624	26	613	3.9e-55	212.6
BCW-200432_00111	gnl|TC-DB|Q93N33|2.A.21.9.2	30.2	275	181	4	16	282	742	1013	1.6e-27	119.8
BCW-200432_00112	gnl|TC-DB|Q9HV74|2.A.21.9.1	26.5	441	261	16	103	512	572	980	8.6e-21	98.6
BCW-200432_00114	gnl|TC-DB|Q9HV74|2.A.21.9.1	29.5	295	168	10	291	570	713	982	2.4e-21	100.5
BCW-200432_00118	gnl|TC-DB|G4QI94|1.B.48.1.5	30.8	211	135	3	25	227	22	229	4.8e-27	117.9
BCW-200432_00129	gnl|TC-DB|Q2BM69|3.A.1.17.4	46.7	240	109	3	10	230	3	242	1.6e-56	216.1
BCW-200432_00130	gnl|TC-DB|O85765|3.A.1.17.2	37.7	239	145	1	2	240	20	254	3.6e-36	148.3
BCW-200432_00131	gnl|TC-DB|Q47537|3.A.1.17.1	29.4	218	135	7	60	270	47	252	9.6e-14	74.7
BCW-200432_00141	gnl|TC-DB|D0VWY2|3.A.1.7.3	44.7	378	172	11	22	369	1	371	4.5e-67	251.5
BCW-200432_00142	gnl|TC-DB|P15745|3.A.15.1.1	39.5	405	216	5	1	402	1	379	1.1e-61	233.8
BCW-200432_00143	gnl|TC-DB|P15645|3.A.15.1.1	53.1	480	206	5	4	465	11	489	1.2e-138	489.6
BCW-200432_00144	gnl|TC-DB|P35818|1.B.22.1.2	31.6	681	374	13	94	762	44	644	2.8e-82	303.1
BCW-200432_00147	gnl|TC-DB|Q9XD67|3.A.15.3.1	25.2	326	205	10	3	313	12	313	3.9e-11	65.5
BCW-200432_00148	gnl|TC-DB|Q9XD71|3.A.15.3.1	58.6	133	54	1	19	150	4	136	2.7e-42	167.9
BCW-200432_00181	gnl|TC-DB|F8CM01|1.A.13.4.1	28.2	298	187	7	9	288	22	310	1.0e-15	80.9
BCW-200432_00194	gnl|TC-DB|P70786|2.A.1.14.3	44.9	414	227	1	4	417	23	435	7.2e-104	374.0
BCW-200432_00208	gnl|TC-DB|Q1M7Q4|3.A.1.11.6	61.1	316	122	1	26	341	22	336	3.3e-112	401.4
BCW-200432_00209	gnl|TC-DB|Q1M7Q3|3.A.1.11.6	55.5	265	117	1	17	281	7	270	1.2e-78	289.7
BCW-200432_00210	gnl|TC-DB|Q1M7Q2|3.A.1.11.6	59.4	229	93	0	13	241	12	240	2.9e-71	265.0
BCW-200432_00211	gnl|TC-DB|Q1M7Q1|3.A.1.11.6	51.0	335	150	5	14	342	3	329	1.7e-85	312.8
BCW-200432_00221	gnl|TC-DB|Q93N33|2.A.21.9.2	30.1	386	253	6	160	530	768	1151	2.5e-42	169.9
BCW-200432_00224	gnl|TC-DB|P39836|2.A.28.3.4	62.2	315	118	1	9	323	8	321	3.3e-101	364.8
BCW-200432_00228	gnl|TC-DB|P42601|2.A.109.1.7	54.8	305	138	0	8	312	4	308	2.4e-96	348.6
BCW-200432_00229	gnl|TC-DB|P31133|3.A.1.11.2	52.9	365	169	2	5	366	6	370	3.2e-113	404.8
BCW-200432_00230	gnl|TC-DB|P94369|2.A.39.1.5	36.7	442	273	7	11	450	3	439	5.0e-79	291.6
BCW-200432_00240	gnl|TC-DB|852074676|1.C.75.1.3	41.1	944	485	15	1768	2683	1590	2490	1.7e-142	505.4
BCW-200432_00248	gnl|TC-DB|P42308|2.A.11.1.2	57.4	434	177	2	1	434	1	426	1.9e-133	472.2
BCW-200432_00252	gnl|TC-DB|I3XAB3|2.A.109.1.5	38.1	215	120	5	2	208	1	210	5.1e-24	107.8
BCW-200432_00271	gnl|TC-DB|Q6MLK6|1.A.46.2.5	31.8	264	177	2	23	286	34	294	2.1e-38	156.0
BCW-200432_00272	gnl|TC-DB|B0KPQ1|1.B.19.1.3	84.6	415	60	1	13	427	11	421	7.0e-213	736.1
BCW-200432_00274	gnl|TC-DB|Q3J192|9.A.24.1.2	44.8	143	79	0	4	146	9	151	3.9e-30	127.5
BCW-200432_00275	gnl|TC-DB|Q9HV74|2.A.21.9.1	31.0	261	146	9	338	586	740	978	6.0e-23	105.9
BCW-200432_00283	gnl|TC-DB|P96878|2.A.53.3.12	34.5	165	101	2	26	184	571	734	6.9e-23	104.0
BCW-200432_00286	gnl|TC-DB|Q9HY88|2.A.6.2.34	34.2	476	284	9	10	476	9	464	1.1e-49	194.1
BCW-200432_00288	gnl|TC-DB|Q9HXW4|2.A.6.2.17	41.2	1019	591	3	6	1017	3	1020	2.7e-218	755.4
BCW-200432_00289	gnl|TC-DB|Q89Q56|9.B.137.1.1	60.9	225	88	0	1	225	1	225	1.7e-69	258.8
BCW-200432_00295	gnl|TC-DB|A5W3Z9|9.B.153.4.3	78.5	288	62	0	1	288	1	288	9.7e-126	446.0
BCW-200432_00300	gnl|TC-DB|P21345|2.A.23.1.1	48.5	408	203	1	3	403	5	412	5.7e-106	380.9
BCW-200432_00308	gnl|TC-DB|Q05202|1.B.14.1.15	36.6	675	413	7	137	800	88	758	3.0e-124	442.6
BCW-200432_00313	gnl|TC-DB|P31133|3.A.1.11.2	55.5	355	156	2	10	362	16	370	3.7e-114	407.9
BCW-200432_00319	gnl|TC-DB|G8LJX5|9.B.142.2.2	38.9	524	313	4	32	550	10	531	2.4e-107	386.0
BCW-200432_00321	gnl|TC-DB|P21408|3.A.1.10.1	71.9	338	94	1	1	337	1	338	2.9e-137	484.6
BCW-200432_00322	gnl|TC-DB|P21409|3.A.1.10.1	73.6	504	133	0	27	530	23	526	6.2e-203	703.4
BCW-200432_00323	gnl|TC-DB|P21410|3.A.1.10.1	57.3	349	143	2	1	349	1	343	2.7e-101	365.2
BCW-200432_00326	gnl|TC-DB|P77757|4.D.2.1.8	65.9	311	106	0	4	314	5	315	9.2e-115	409.8
BCW-200432_00329	gnl|TC-DB|G8LJX5|9.B.142.2.2	40.8	551	314	8	4	546	5	551	1.6e-113	406.4
BCW-200432_00330	gnl|TC-DB|Q47377|2.A.7.22.1	49.5	111	53	1	1	111	1	108	6.3e-20	93.2
BCW-200432_00335	gnl|TC-DB|P31126|2.A.1.2.55	30.4	378	257	5	11	386	12	385	1.8e-45	179.9
BCW-200432_00345	gnl|TC-DB|P75901|2.A.108.2.3	57.7	272	115	0	1	272	1	272	1.6e-80	295.8
BCW-200432_00346	gnl|TC-DB|P0AB24|2.A.108.2.3	41.0	344	200	2	53	396	34	374	1.9e-71	266.2
BCW-200432_00347	gnl|TC-DB|P31545|2.A.108.2.3	59.0	415	161	4	11	423	14	421	8.8e-139	490.0
BCW-200432_00348	gnl|TC-DB|P0AB24|2.A.108.2.3	57.2	276	106	2	10	274	101	375	8.2e-82	300.1
BCW-200432_00353	gnl|TC-DB|P0AD30|2.A.102.3.1	37.4	257	148	4	12	258	15	268	2.4e-38	155.6
BCW-200432_00364	gnl|TC-DB|Q8Y3G9|2.A.6.2.45	51.0	367	178	2	6	371	10	375	8.5e-93	337.0
BCW-200432_00365	gnl|TC-DB|Q8Y3H0|2.A.6.2.45	66.2	1030	344	3	1	1026	1	1030	0.0e+00	1285.0
BCW-200432_00370	gnl|TC-DB|Q9RPP3|2.A.1.14.8	26.6	417	277	8	14	412	33	438	5.5e-40	161.8
BCW-200432_00377	gnl|TC-DB|Q9RPP3|2.A.1.14.8	42.1	437	248	3	1	436	11	443	2.5e-96	349.0
BCW-200432_00379	gnl|TC-DB|P77735|8.A.5.1.6	34.9	324	194	6	1	314	1	317	3.4e-45	178.7
BCW-200432_00380	gnl|TC-DB|Q57389|2.A.7.7.3	39.4	292	173	3	1	290	1	290	7.0e-55	210.7
BCW-200432_00382	gnl|TC-DB|Q31PG5|2.A.7.3.58	43.3	289	153	5	15	301	19	298	5.1e-43	171.4
BCW-200432_00393	gnl|TC-DB|P48632|1.B.14.1.6	38.8	729	395	12	35	746	119	813	2.1e-135	479.6
BCW-200432_00399	gnl|TC-DB|P31133|3.A.1.11.2	45.9	353	189	2	11	361	16	368	1.7e-87	319.3
BCW-200432_00401	gnl|TC-DB|P0AGM9|2.A.40.4.2	45.5	444	237	3	9	447	18	461	1.1e-108	390.2
BCW-200432_00415	gnl|TC-DB|P0AEY8|2.A.1.2.19	36.3	399	237	6	12	405	14	400	1.5e-55	213.4
BCW-200432_00421	gnl|TC-DB|F8CVI0|1.B.52.2.2	29.7	195	111	3	361	535	101	289	8.8e-13	72.0
BCW-200432_00423	gnl|TC-DB|B1J6T5|9.B.27.3.3	65.9	135	46	0	8	142	7	141	2.5e-45	177.9
BCW-200432_00438	gnl|TC-DB|Q9SXJ7|3.A.9.1.2	40.1	805	387	14	12	736	128	917	1.1e-155	547.0
BCW-200432_00451	gnl|TC-DB|P0AFC3|3.D.1.1.1	65.2	132	45	1	1	132	3	133	1.1e-42	169.1
BCW-200432_00452	gnl|TC-DB|P0AFC7|3.D.1.1.1	77.2	224	47	1	1	224	1	220	1.3e-106	382.1
BCW-200432_00453	gnl|TC-DB|P33599|3.D.1.1.1	75.0	580	143	2	16	594	18	596	2.4e-280	960.7
BCW-200432_00454	gnl|TC-DB|P0AFD1|3.D.1.1.1	69.0	158	49	0	7	164	8	165	3.6e-64	240.7
BCW-200432_00455	gnl|TC-DB|P31979|3.D.1.1.1	77.7	422	92	1	12	433	4	423	8.5e-201	696.0
BCW-200432_00456	gnl|TC-DB|P33602|3.D.1.1.1	65.1	908	313	2	1	904	1	908	0.0e+00	1208.0
BCW-200432_00457	gnl|TC-DB|P0AFD4|3.D.1.1.1	72.8	327	84	3	1	327	1	322	3.8e-137	484.2
BCW-200432_00458	gnl|TC-DB|P0AFD6|3.D.1.1.1	83.5	176	29	0	7	182	5	180	4.6e-73	270.4
BCW-200432_00459	gnl|TC-DB|P0AFE0|3.D.1.1.1	63.8	163	58	1	1	163	1	162	1.0e-50	196.1
BCW-200432_00460	gnl|TC-DB|P0AFE4|3.D.1.1.1	51.5	99	48	0	4	102	2	100	3.3e-20	94.0
BCW-200432_00461	gnl|TC-DB|P33607|3.D.1.1.1	67.5	615	197	2	1	615	1	612	3.0e-233	804.3
BCW-200432_00462	gnl|TC-DB|P0AFE8|3.D.1.1.1	70.8	507	143	3	1	504	1	505	6.2e-200	693.3
BCW-200432_00463	gnl|TC-DB|P0AFF0|3.D.1.1.1	58.4	485	196	2	1	483	1	481	1.7e-151	532.3
BCW-200432_00467	gnl|TC-DB|B7V849|1.B.25.1.32	62.5	419	155	2	25	441	30	448	5.1e-158	553.9
BCW-200432_00471	gnl|TC-DB|Q88RT6|2.A.6.1.5	82.7	1045	180	1	1	1044	1	1045	0.0e+00	1664.0
BCW-200432_00472	gnl|TC-DB|Q88RT5|2.A.6.1.5	67.6	339	110	0	59	397	78	416	2.8e-123	438.3
BCW-200432_00473	gnl|TC-DB|Q88RT4|2.A.6.1.5	57.6	394	163	1	18	411	27	416	5.9e-100	360.9
BCW-200432_00475	gnl|TC-DB|Q9HV74|2.A.21.9.1	27.3	282	167	9	178	449	704	957	2.0e-11	67.0
BCW-200432_00476	gnl|TC-DB|G3LHZ3|3.A.1.1.35	67.5	563	172	5	20	575	8	566	5.2e-227	783.5
BCW-200432_00478	gnl|TC-DB|G3LHZ1|3.A.1.1.35	80.5	261	50	1	6	266	14	273	6.7e-121	429.9
BCW-200432_00479	gnl|TC-DB|G3LHZ0|3.A.1.1.35	68.3	287	91	0	1	287	1	287	1.6e-112	402.1
BCW-200432_00480	gnl|TC-DB|G3LHY9|3.A.1.1.35	56.3	359	148	4	1	359	1	350	6.4e-114	407.1
BCW-200432_00481	gnl|TC-DB|G3LHY8|3.A.1.1.35	45.8	356	193	0	3	358	2	357	3.6e-85	311.6
BCW-200432_00482	gnl|TC-DB|Q9KN48|3.A.23.1.1	35.4	328	173	9	319	610	200	524	2.0e-43	173.7
BCW-200432_00487	gnl|TC-DB|P0AEJ0|2.A.1.3.2	51.3	493	236	2	12	500	12	504	2.1e-139	492.3
BCW-200432_00488	gnl|TC-DB|P27303|8.A.1.1.1	45.8	349	189	0	43	391	41	389	3.0e-80	295.4
BCW-200432_00489	gnl|TC-DB|P24126|1.B.17.3.2	34.5	371	230	4	9	371	11	376	2.6e-54	209.5
BCW-200432_00492	gnl|TC-DB|P39321|9.B.22.1.2	26.4	1316	810	39	6	1224	5	1259	1.7e-107	387.5
BCW-200432_00493	gnl|TC-DB|P0ADE4|1.B.33.2.4	35.0	571	357	7	2	563	12	577	4.9e-97	351.7
BCW-200432_00501	gnl|TC-DB|P69451|4.C.1.1.4	32.4	540	333	16	30	554	29	551	1.4e-67	253.8
BCW-200432_00503	gnl|TC-DB|Q9V0A4|3.B.1.1.5	35.0	531	309	12	22	531	3	518	1.2e-71	267.3
BCW-200432_00509	gnl|TC-DB|A8GHT9|2.A.1.36.2	50.3	384	190	1	6	388	20	403	1.7e-91	332.8
BCW-200432_00515	gnl|TC-DB|Q6XBY3|1.B.11.6.1	38.3	817	456	15	13	784	13	826	3.8e-156	548.5
BCW-200432_00524	gnl|TC-DB|A8YQR5|3.A.23.2.1	29.8	467	279	15	16	449	17	467	2.2e-39	159.8
BCW-200432_00538	gnl|TC-DB|Q8NLD6|2.A.1.2.87	25.0	380	278	4	19	392	10	388	1.7e-16	83.6
BCW-200432_00556	gnl|TC-DB|L5DDD7|2.A.109.2.3	45.9	233	124	1	5	237	370	600	1.9e-53	205.7
BCW-200432_00559	gnl|TC-DB|Q9S3J9|2.A.1.2.18	31.5	371	253	1	3	373	13	382	9.9e-41	164.1
BCW-200432_00560	gnl|TC-DB|P0AGE4|2.A.23.4.1	68.9	409	127	0	2	410	3	411	8.3e-147	516.5
BCW-200432_00568	gnl|TC-DB|Q1DBZ0|2.A.86.2.2	26.2	332	236	3	12	338	12	339	1.0e-20	97.4
BCW-200432_00572	gnl|TC-DB|P96680|2.A.7.3.32	35.3	272	176	0	7	278	6	277	1.3e-48	189.9
BCW-200432_00575	gnl|TC-DB|P70786|2.A.1.14.3	41.0	420	241	5	17	433	24	439	5.6e-88	321.2
BCW-200432_00584	gnl|TC-DB|Q89V93|2.A.102.4.6	27.4	274	180	6	5	260	88	360	1.7e-15	79.7
BCW-200432_00588	gnl|TC-DB|P80874|8.A.5.1.4	36.3	201	111	6	8	192	10	209	1.5e-27	119.8
BCW-200432_00594	gnl|TC-DB|Q1D0D3|1.A.30.2.7	35.8	215	134	2	6	216	21	235	1.3e-27	119.8
BCW-200432_00595	gnl|TC-DB|Q1D0D2|1.A.30.2.7	44.2	120	67	0	12	131	13	132	4.8e-19	90.5
BCW-200432_00596	gnl|TC-DB|G0LBU8|1.B.14.6.11	24.5	880	529	35	59	903	197	976	5.0e-35	146.4
BCW-200432_00597	gnl|TC-DB|Q8ZNK0|3.A.1.5.24	35.2	576	358	10	28	601	25	587	7.8e-96	347.8
BCW-200432_00598	gnl|TC-DB|P0AFU1|3.A.1.5.21	62.2	362	123	4	4	352	4	364	1.3e-119	426.0
BCW-200432_00599	gnl|TC-DB|P33915|3.A.1.5.21	55.6	338	149	1	1	338	1	337	1.6e-106	382.5
BCW-200432_00600	gnl|TC-DB|P33916|3.A.1.5.21	57.7	529	217	4	1	522	1	529	1.8e-160	562.4
BCW-200432_00605	gnl|TC-DB|Q05202|1.B.14.1.15	42.7	686	382	5	51	734	82	758	8.1e-169	590.5
BCW-200432_00613	gnl|TC-DB|982167516|1.B.12.5.11	42.0	452	231	7	3072	3497	1903	2349	1.7e-83	309.3
BCW-200432_00614	gnl|TC-DB|P0A927|1.B.10.1.1	50.4	284	132	3	43	319	13	294	3.3e-82	301.6
BCW-200432_00644	gnl|TC-DB|P0AFI9|2.A.86.1.1	47.1	346	183	0	1	346	1	346	3.4e-64	241.9
BCW-200432_00647	gnl|TC-DB|B2GH49|9.B.160.1.10	31.1	167	100	6	100	259	217	375	1.8e-12	70.5
BCW-200432_00652	gnl|TC-DB|F9VN10|3.D.10.1.4	33.8	542	319	12	3	520	2	527	1.8e-69	260.0
BCW-200432_00658	gnl|TC-DB|Q9I5H4|1.B.25.1.10	62.8	427	150	7	7	430	7	427	6.3e-153	537.0
BCW-200432_00659	gnl|TC-DB|Q9FA46|2.A.80.1.1	60.4	316	122	2	10	323	9	323	3.7e-113	404.4
BCW-200432_00660	gnl|TC-DB|Q9FA45|2.A.80.1.1	37.2	145	86	1	1	145	1	140	2.7e-18	88.2
BCW-200432_00661	gnl|TC-DB|Q9FA44|2.A.80.1.1	65.5	496	170	1	1	495	1	496	9.5e-177	616.3
BCW-200432_00685	gnl|TC-DB|Q4VSJ2|2.A.7.21.1	45.7	138	75	0	13	150	16	153	3.6e-29	124.4
BCW-200432_00694	gnl|TC-DB|P96668|2.A.7.3.24	41.6	279	160	1	3	281	2	277	7.4e-52	200.7
BCW-200432_00709	gnl|TC-DB|P77389|2.A.1.2.65	47.3	357	188	0	5	361	7	363	9.2e-79	290.4
BCW-200432_00714	gnl|TC-DB|Q6V6X9|2.A.6.2.18	93.8	385	23	1	1	384	1	385	4.1e-196	680.2
BCW-200432_00715	gnl|TC-DB|Q6V6X8|2.A.6.2.18	93.0	1048	73	0	1	1048	1	1048	0.0e+00	1836.2
BCW-200432_00716	gnl|TC-DB|Q6V6X7|2.A.6.2.18	92.0	486	39	0	1	486	1	486	4.3e-243	836.6
BCW-200432_00717	gnl|TC-DB|Q9I6P8|1.B.25.1.14	68.0	425	126	5	1	419	1	421	7.4e-167	583.2
BCW-200432_00724	gnl|TC-DB|Q52000|2.A.1.6.3	84.8	427	65	0	4	430	2	428	4.9e-206	713.4
BCW-200432_00730	gnl|TC-DB|Q51955|2.A.1.15.1	88.8	448	50	0	1	448	1	448	2.0e-226	781.2
BCW-200432_00733	gnl|TC-DB|P0AFJ7|2.A.20.1.1	54.5	499	217	4	1	489	1	499	1.7e-146	515.8
BCW-200432_00738	gnl|TC-DB|P39398|2.A.1.14.33	25.2	404	254	12	14	387	44	429	6.6e-20	95.1
BCW-200432_00740	gnl|TC-DB|P0AAP1|9.B.34.1.2	30.8	169	116	1	273	441	198	365	1.6e-18	91.3
BCW-200432_00744	gnl|TC-DB|P21175|3.A.1.4.8	70.7	372	109	0	1	372	1	372	5.5e-153	537.0
BCW-200432_00745	gnl|TC-DB|P21627|3.A.1.4.8	81.8	307	56	0	1	307	1	307	7.7e-137	483.0
BCW-200432_00746	gnl|TC-DB|P21628|3.A.1.4.8	74.6	417	105	1	1	417	1	416	1.4e-165	578.9
BCW-200432_00747	gnl|TC-DB|P21629|3.A.1.4.8	88.2	255	30	0	1	255	1	255	2.1e-127	451.4
BCW-200432_00748	gnl|TC-DB|P21630|3.A.1.4.8	86.7	233	31	0	1	233	1	233	4.6e-110	393.7
BCW-200432_00761	gnl|TC-DB|P02984|8.B.24.4.1	52.4	82	39	0	1	82	1	82	1.3e-22	101.7
BCW-200432_00765	gnl|TC-DB|P37665|9.B.186.1.1	35.7	140	89	1	141	280	80	218	3.0e-18	89.4
BCW-200432_00772	gnl|TC-DB|P13794|1.B.6.1.2	45.6	160	70	3	80	238	202	345	3.9e-27	118.2
BCW-200432_00773	gnl|TC-DB|P13794|1.B.6.1.2	46.5	157	71	2	73	229	202	345	5.8e-28	120.9
BCW-200432_00782	gnl|TC-DB|P09551|3.A.1.3.1	45.6	259	138	2	1	257	1	258	1.1e-56	216.5
BCW-200432_00783	gnl|TC-DB|P0A2I9|3.A.1.3.1	60.4	225	89	0	16	240	2	226	1.6e-68	255.8
BCW-200432_00784	gnl|TC-DB|P0A2I7|3.A.1.3.1	61.1	229	89	0	1	229	1	229	1.3e-80	295.8
BCW-200432_00786	gnl|TC-DB|P07109|3.A.1.3.29	69.6	253	76	1	3	254	5	257	1.5e-98	355.5
BCW-200432_00794	gnl|TC-DB|G3XCT7|2.A.1.25.5	57.6	576	165	3	1	497	1	576	9.8e-169	589.7
BCW-200432_00800	gnl|TC-DB|D1F3T8|2.A.1.3.42	37.8	866	488	15	37	879	35	872	7.3e-132	468.0
BCW-200432_00805	gnl|TC-DB|P63183|2.A.72.1.1	53.1	614	286	1	20	633	11	622	6.6e-175	610.5
BCW-200432_00822	gnl|TC-DB|515542128|1.M.1.4.1	57.1	156	67	0	10	165	19	174	5.0e-37	150.6
BCW-200432_00823	gnl|TC-DB|918432279|1.M.1.4.4	64.1	117	40	1	42	158	14	128	9.4e-37	149.8
BCW-200432_00853	gnl|TC-DB|Q9KW03|9.A.33.1.1	28.0	325	193	6	4	293	8	326	5.6e-21	99.8
BCW-200432_00859	gnl|TC-DB|J2YPD8|1.E.20.1.4	89.4	113	11	1	1	113	1	112	1.5e-53	204.9
BCW-200432_00867	gnl|TC-DB|B7LEG0|1.A.34.1.2	43.3	275	134	1	41	293	105	379	1.3e-37	153.3
BCW-200432_00889	gnl|TC-DB|P0A943|1.B.33.1.3	38.6	821	465	13	1	795	3	810	3.5e-157	552.0
BCW-200432_00903	gnl|TC-DB|P32703|2.A.36.3.1	45.7	552	279	10	1	539	1	544	3.1e-109	392.1
BCW-200432_00909	gnl|TC-DB|Q9I4H4|4.D.3.1.11	75.7	856	205	1	1	853	1	856	0.0e+00	1347.0
BCW-200432_00926	gnl|TC-DB|P31122|2.A.1.2.15	60.4	386	152	1	1	386	1	385	1.1e-116	416.4
BCW-200432_00929	gnl|TC-DB|C5IZH0|2.A.6.2.47	46.8	380	195	3	7	379	11	390	6.4e-86	314.3
BCW-200432_00930	gnl|TC-DB|Q9I0Y8|2.A.6.2.16	87.9	1057	126	1	1	1055	1	1057	0.0e+00	1786.9
BCW-200432_00931	gnl|TC-DB|B2FLY6|2.A.6.2.14	48.1	464	230	4	13	471	12	469	4.7e-109	391.3
BCW-200432_00932	gnl|TC-DB|P46482|8.A.1.7.1	35.5	321	171	5	1	316	1	290	4.9e-41	164.9
BCW-200432_00937	gnl|TC-DB|Q9HV74|2.A.21.9.1	29.4	309	178	10	129	422	699	982	2.5e-21	100.1
BCW-200432_00942	gnl|TC-DB|Q93N33|2.A.21.9.2	28.5	396	237	10	494	881	788	1145	5.9e-28	123.2
BCW-200432_00947	gnl|TC-DB|O30491|3.A.1.1.49	89.9	436	44	0	1	436	1	436	1.3e-230	795.0
BCW-200432_00948	gnl|TC-DB|O30492|3.A.1.1.49	94.1	290	17	0	18	307	6	295	1.3e-149	525.4
BCW-200432_00949	gnl|TC-DB|O30493|3.A.1.1.49	96.0	276	11	0	1	276	1	276	1.3e-146	515.4
BCW-200432_00950	gnl|TC-DB|O30494|3.A.1.1.49	86.4	367	50	0	1	367	1	367	9.3e-182	632.5
BCW-200432_00955	gnl|TC-DB|Q9I5H4|1.B.25.1.10	58.0	414	163	4	19	432	24	426	1.2e-138	489.6
BCW-200432_00956	gnl|TC-DB|B2D7K2|3.A.23.1.1	39.4	510	281	9	20	513	18	515	5.9e-97	351.7
BCW-200432_00985	gnl|TC-DB|Q93N33|2.A.21.9.2	28.5	288	185	8	448	722	779	1058	1.1e-21	102.1
BCW-200432_00987	gnl|TC-DB|Q93N33|2.A.21.9.2	31.2	240	148	6	481	711	782	1013	5.8e-22	103.2
BCW-200432_00997	gnl|TC-DB|P30130|1.B.11.3.9	32.9	837	502	18	44	833	38	861	2.2e-117	419.9
BCW-200432_01001	gnl|TC-DB|Q8CVM4|1.B.11.3.5	34.8	843	500	21	30	849	35	850	5.2e-122	435.3
BCW-200432_01004	gnl|TC-DB|E1WDB9|1.B.40.2.5	47.2	123	65	0	443	565	1339	1461	2.8e-28	123.2
BCW-200432_01008	gnl|TC-DB|J2YPD8|1.E.20.1.4	80.7	109	21	0	1	109	1	109	2.9e-46	180.6
BCW-200432_01020	gnl|TC-DB|Q83XH1|3.A.1.121.4	46.6	517	274	1	1	515	9	525	3.6e-139	491.5
BCW-200432_01021	gnl|TC-DB|P37621|2.A.1.46.7	48.8	385	197	0	7	391	8	392	1.2e-89	326.6
BCW-200432_01029	gnl|TC-DB|P31133|3.A.1.11.2	51.4	362	173	2	11	371	11	370	3.0e-111	398.3
BCW-200432_01031	gnl|TC-DB|P0A754|2.A.37.1.1	50.0	56	28	0	67	122	45	100	5.4e-11	64.3
BCW-200432_01037	gnl|TC-DB|O34474|2.A.66.1.25	41.9	453	260	2	3	452	10	462	1.7e-92	336.3
BCW-200432_01040	gnl|TC-DB|D4ZZR3|9.B.34.1.3	42.3	175	91	3	379	546	222	393	1.0e-27	121.3
BCW-200432_01043	gnl|TC-DB|P96668|2.A.7.3.24	71.7	283	80	0	15	297	5	287	2.5e-108	388.3
BCW-200432_01044	gnl|TC-DB|Q1J2S8|2.A.53.3.13	44.2	473	255	3	7	478	22	486	8.4e-98	354.0
BCW-200432_01058	gnl|TC-DB|Q50864|4.D.1.3.4	32.4	445	266	12	533	951	398	833	7.2e-48	189.1
BCW-200432_01059	gnl|TC-DB|Q6MMD5|9.B.18.2.1	34.8	276	156	7	5	259	292	564	3.8e-33	138.7
BCW-200432_01073	gnl|TC-DB|Q9KN48|3.A.23.1.1	37.0	433	229	9	74	477	107	524	6.6e-58	221.5
BCW-200432_01074	gnl|TC-DB|Q9HV74|2.A.21.9.1	27.0	385	241	11	39	393	600	974	3.0e-24	109.4
BCW-200432_01075	gnl|TC-DB|Q9KN48|3.A.23.1.1	37.6	327	187	5	136	445	199	525	6.9e-49	191.4
BCW-200432_01077	gnl|TC-DB|P15928|3.A.6.2.1	35.1	576	334	11	28	594	14	558	8.3e-79	291.2
BCW-200432_01080	gnl|TC-DB|P26465|3.A.6.2.1	61.6	425	156	1	29	446	29	453	5.6e-144	507.3
BCW-200432_01089	gnl|TC-DB|P26419|3.A.6.2.1	42.2	154	67	3	1	151	1	135	9.6e-24	106.3
BCW-200432_01091	gnl|TC-DB|P54700|3.A.6.2.1	55.6	243	103	2	6	247	5	243	6.6e-62	233.8
BCW-200432_01092	gnl|TC-DB|P0A1L5|3.A.6.2.1	40.4	89	53	0	1	89	1	89	1.4e-14	75.1
BCW-200432_01093	gnl|TC-DB|P54702|3.A.6.2.1	35.7	255	162	2	4	257	1	254	2.9e-36	148.7
BCW-200432_01094	gnl|TC-DB|P40727|3.A.6.2.1	41.3	375	218	2	1	375	1	373	2.1e-67	252.7
BCW-200432_01102	gnl|TC-DB|P46889|3.A.12.1.2	62.6	494	178	3	280	772	840	1327	3.6e-167	585.1
BCW-200432_01105	gnl|TC-DB|O07591|1.A.43.1.2	40.7	113	62	3	7	119	6	113	6.3e-13	70.1
BCW-200432_01123	gnl|TC-DB|A3M9E9|2.A.1.2.51	25.4	362	255	4	4	361	10	360	8.5e-19	91.3
BCW-200432_01144	gnl|TC-DB|M3JA40|1.B.52.2.1	37.1	210	123	3	343	544	252	460	1.0e-19	94.7
BCW-200432_01152	gnl|TC-DB|G0K0M9|9.B.153.3.16	40.4	317	182	3	126	438	117	430	1.7e-65	246.5
BCW-200432_01153	gnl|TC-DB|Q9KN48|3.A.23.1.1	47.1	240	126	1	138	376	193	432	6.0e-58	221.5
BCW-200432_01156	gnl|TC-DB|Q9I2S5|2.A.34.1.3	74.2	500	129	0	1	500	1	500	8.0e-192	666.4
BCW-200432_01177	gnl|TC-DB|Q8TJ86|3.A.1.8.2	33.0	203	134	2	13	214	14	215	1.7e-24	109.4
BCW-200432_01178	gnl|TC-DB|P09833|3.A.1.8.1	40.6	360	205	4	1	359	1	352	3.4e-67	251.9
BCW-200432_01180	gnl|TC-DB|Q53712|3.A.1.120.3	32.3	511	295	14	41	520	63	553	1.2e-39	161.0
BCW-200432_01202	gnl|TC-DB|Q8N1S5|2.A.5.5.2	32.5	332	143	4	59	309	11	342	4.5e-20	95.1
BCW-200432_01212	gnl|TC-DB|P0ABJ9|3.D.4.3.2	29.9	499	276	6	11	440	8	501	6.4e-55	211.5
BCW-200432_01216	gnl|TC-DB|Q82VI7|1.B.14.1.10	29.0	829	533	17	9	796	11	824	2.9e-87	319.7
BCW-200432_01222	gnl|TC-DB|Q6MDD6|3.A.7.16.1	39.9	163	74	4	203	364	329	468	9.6e-18	88.6
BCW-200432_01225	gnl|TC-DB|K1GHE1|9.B.186.1.2	36.8	125	77	1	37	159	82	206	1.0e-15	79.7
BCW-200432_01250	gnl|TC-DB|Q4KI39|9.B.164.1.1	30.2	655	371	21	4	642	2	586	1.2e-70	264.2
BCW-200432_01252	gnl|TC-DB|M3JA40|1.B.52.2.1	49.1	108	54	1	445	551	266	373	2.2e-16	84.0
BCW-200432_01258	gnl|TC-DB|927580526|2.A.7.3.63	59.5	259	94	4	23	273	9	264	4.0e-68	255.0
BCW-200432_01267	gnl|TC-DB|Q46839|2.A.14.1.2	71.3	565	154	2	1	563	1	559	1.5e-218	755.4
BCW-200432_01270	gnl|TC-DB|Q9KDT3|2.A.22.5.3	39.0	464	260	4	1	461	1	444	1.1e-75	280.4
BCW-200432_01277	gnl|TC-DB|P0A6Y8|1.A.33.1.2	75.5	638	156	0	1	638	1	638	1.8e-273	937.9
BCW-200432_01286	gnl|TC-DB|P55072|3.A.16.1.1	42.5	228	130	1	153	379	473	700	4.9e-53	205.7
BCW-200432_01309	gnl|TC-DB|Q9HY55|4.A.2.1.17	71.4	953	272	1	1	952	1	953	0.0e+00	1264.6
BCW-200432_01311	gnl|TC-DB|Q9HY57|4.A.2.1.17	74.2	574	145	2	1	572	1	573	4.0e-195	677.6
BCW-200432_01314	gnl|TC-DB|P81549|1.B.14.1.16	36.1	770	437	13	13	768	10	738	5.8e-125	444.9
BCW-200432_01320	gnl|TC-DB|Q87WH5|3.A.1.12.10	94.5	385	21	0	1	385	1	385	7.7e-211	729.2
BCW-200432_01321	gnl|TC-DB|Q87WH4|3.A.1.12.10	94.0	217	13	0	1	217	1	217	2.5e-105	377.9
BCW-200432_01322	gnl|TC-DB|Q87WH3|3.A.1.12.10	79.8	297	60	0	1	297	1	297	1.9e-137	485.0
BCW-200432_01323	gnl|TC-DB|Q8ZPK1|3.A.1.12.14	59.9	232	87	2	23	253	7	233	6.1e-63	237.3
BCW-200432_01333	gnl|TC-DB|P75870|2.A.85.1.1	41.0	717	393	9	21	727	17	713	1.4e-141	500.0
BCW-200432_01335	gnl|TC-DB|P38919|3.A.18.1.1	33.2	374	238	5	4	368	36	406	1.6e-58	223.4
BCW-200432_01336	gnl|TC-DB|P31474|2.A.1.3.51	48.2	467	231	4	15	475	12	473	3.5e-112	401.7
BCW-200432_01342	gnl|TC-DB|Q4ZLW8|2.A.15.1.3	50.4	668	315	6	1	660	1	660	3.0e-186	648.3
BCW-200432_01343	gnl|TC-DB|Q9HTI8|3.A.1.12.12	77.0	392	90	0	1	392	1	392	1.4e-175	612.1
BCW-200432_01344	gnl|TC-DB|Q9HTI7|3.A.1.12.12	82.5	275	48	0	2	276	3	277	1.5e-123	438.7
BCW-200432_01345	gnl|TC-DB|Q9HTI6|3.A.1.12.12	66.0	315	104	2	1	315	1	312	1.5e-116	415.6
BCW-200432_01353	gnl|TC-DB|Q9HTH6|3.A.1.12.12	58.1	296	124	0	19	314	17	312	2.0e-100	362.1
BCW-200432_01362	gnl|TC-DB|P96797|3.D.7.1.1	30.4	424	238	18	232	628	11	404	1.0e-34	144.8
BCW-200432_01391	gnl|TC-DB|Q82VI7|1.B.14.1.10	40.3	787	442	12	41	812	51	824	1.1e-158	557.0
BCW-200432_01399	gnl|TC-DB|P27844|2.A.7.7.2	46.8	295	157	0	56	350	1	295	2.3e-73	272.3
BCW-200432_01415	gnl|TC-DB|P0AE42|9.B.12.2.1	64.6	48	17	0	1	48	1	48	4.2e-11	62.8
BCW-200432_01427	gnl|TC-DB|Q1J0W6|9.B.34.1.1	34.0	203	119	8	767	966	155	345	1.7e-17	88.6
BCW-200432_01432	gnl|TC-DB|P60782|9.B.31.1.1	41.9	179	104	0	8	186	11	189	1.9e-29	125.6
BCW-200432_01445	gnl|TC-DB|P31554|1.B.42.1.2	28.3	822	509	19	120	925	24	781	2.2e-86	317.0
BCW-200432_01452	gnl|TC-DB|Q1M7Q1|3.A.1.11.6	48.9	348	172	5	15	359	6	350	1.8e-87	319.3
BCW-200432_01453	gnl|TC-DB|Q1M7Q4|3.A.1.11.6	33.2	343	216	7	7	347	5	336	1.6e-45	179.9
BCW-200432_01454	gnl|TC-DB|Q44382|3.A.1.11.3	43.9	223	122	1	192	411	72	294	6.4e-46	181.4
BCW-200432_01455	gnl|TC-DB|Q1M7Q2|3.A.1.11.6	40.4	230	137	0	13	242	11	240	1.8e-44	176.0
BCW-200432_01460	gnl|TC-DB|O33407|1.B.12.5.9	63.2	646	228	2	1	636	1	646	5.0e-239	823.5
BCW-200432_01480	gnl|TC-DB|J2YPD8|1.E.20.1.4	78.9	109	20	1	1	106	1	109	9.1e-45	175.6
BCW-200432_01496	gnl|TC-DB|K0WKG7|4.F.1.1.8	100.0	186	0	0	1	186	1	186	2.9e-99	357.5
BCW-200432_01505	gnl|TC-DB|P33913|3.A.1.5.21	38.3	593	350	11	8	596	7	587	2.8e-114	409.1
BCW-200432_01506	gnl|TC-DB|P0AFU1|3.A.1.5.21	62.1	364	125	3	1	351	1	364	8.8e-121	429.9
BCW-200432_01507	gnl|TC-DB|P33915|3.A.1.5.21	56.5	338	146	1	1	338	1	337	6.8e-110	393.7
BCW-200432_01508	gnl|TC-DB|P33916|3.A.1.5.21	57.3	527	217	5	1	519	1	527	4.6e-158	554.3
BCW-200432_01509	gnl|TC-DB|Q9KN48|3.A.23.1.1	38.9	365	191	6	129	467	169	527	6.8e-52	201.4
BCW-200432_01510	gnl|TC-DB|Q81E21|2.A.8.1.14	55.2	478	198	3	1	462	1	478	1.3e-135	479.6
BCW-200432_01513	gnl|TC-DB|Q51532|3.A.15.2.1	55.2	346	154	1	1	345	1	346	1.3e-106	382.9
BCW-200432_01514	gnl|TC-DB|Q9HV74|2.A.21.9.1	28.3	279	166	8	436	701	718	975	2.7e-22	104.0
BCW-200432_01520	gnl|TC-DB|Q9F3K7|3.A.1.3.24	54.1	246	113	0	15	260	4	249	1.8e-70	262.3
BCW-200432_01521	gnl|TC-DB|A1VZQ3|3.A.1.3.16	32.5	203	137	0	15	217	41	243	2.9e-29	125.2
BCW-200432_01522	gnl|TC-DB|P0AEQ6|3.A.1.3.2	38.2	217	132	1	4	218	2	218	3.9e-34	141.4
BCW-200432_01523	gnl|TC-DB|Q0P9X8|3.A.1.3.16	27.6	268	174	7	4	265	4	257	8.0e-24	107.5
BCW-200432_01526	gnl|TC-DB|L5DDD7|2.A.109.2.3	52.1	518	242	3	1	515	370	884	1.2e-134	476.5
BCW-200432_01531	gnl|TC-DB|P94400|9.B.10.1.1	32.8	232	139	8	4	227	1	223	1.0e-28	124.0
BCW-200432_01535	gnl|TC-DB|Q03030|3.B.1.1.1	49.7	608	274	4	5	600	3	590	1.4e-158	556.2
BCW-200432_01539	gnl|TC-DB|P54536|3.A.1.3.15	38.9	198	120	1	72	268	16	213	1.5e-30	129.8
BCW-200432_01540	gnl|TC-DB|B8F896|3.A.1.3.28	29.3	273	166	7	36	302	7	258	1.5e-23	106.7
BCW-200432_01548	gnl|TC-DB|P31133|3.A.1.11.2	55.2	364	158	4	4	365	9	369	7.5e-115	410.2
BCW-200432_01553	gnl|TC-DB|Q45068|2.A.25.1.5	43.8	466	254	6	1	466	8	465	4.8e-101	364.8
BCW-200432_01562	gnl|TC-DB|Q5ZYB5|3.A.7.9.1	32.2	400	262	4	18	413	1	395	6.1e-55	211.5
BCW-200432_01564	gnl|TC-DB|O51234|3.A.1.7.5	32.6	242	146	4	519	757	75	302	5.7e-24	109.4
BCW-200432_01565	gnl|TC-DB|C3KCB6|3.A.1.7.3	30.5	249	139	5	295	538	68	287	1.6e-23	107.5
BCW-200432_01566	gnl|TC-DB|P0AAH0|3.A.1.7.1	64.8	247	87	0	31	277	11	257	2.2e-90	328.6
BCW-200432_01569	gnl|TC-DB|B7L5V2|1.A.34.1.3	32.0	194	88	7	102	266	27	205	3.3e-12	68.9
BCW-200432_01570	gnl|TC-DB|Q0PBV6|9.A.40.2.2	35.0	452	277	9	1	443	1	444	1.6e-58	223.4
BCW-200432_01582	gnl|TC-DB|Q6EE20|3.A.23.2.1	42.8	488	270	4	3	488	9	489	2.4e-108	389.0
BCW-200432_01588	gnl|TC-DB|Q9KN55|3.A.23.1.1	40.1	609	331	9	1	595	1	589	3.4e-125	445.3
BCW-200432_01590	gnl|TC-DB|Q9KN49|3.A.23.1.1	48.1	885	414	8	1	870	1	855	2.5e-212	735.3
BCW-200432_01591	gnl|TC-DB|Q9KN48|3.A.23.1.1	37.3	434	224	6	112	499	96	527	3.1e-66	249.2
BCW-200432_01595	gnl|TC-DB|Q9KN51|3.A.23.1.1	37.6	442	272	4	4	443	5	444	2.6e-85	312.4
BCW-200432_01596	gnl|TC-DB|Q9KN50|3.A.23.1.1	33.6	214	142	0	61	274	37	250	4.1e-31	131.7
BCW-200432_01597	gnl|TC-DB|Q9KN45|3.A.23.1.1	25.2	1232	809	27	1	1175	1	1176	4.3e-103	372.9
BCW-200432_01600	gnl|TC-DB|B2D7K2|3.A.23.1.1	40.0	523	286	9	10	517	6	515	2.7e-103	372.9
BCW-200432_01618	gnl|TC-DB|Q79AD1|2.C.1.1.2	35.2	108	70	0	138	245	151	258	1.1e-16	83.6
BCW-200432_01619	gnl|TC-DB|P0ABV2|1.A.30.2.1	69.7	142	42	1	1	142	1	141	3.1e-48	187.6
BCW-200432_01620	gnl|TC-DB|P0ABU7|1.A.30.2.1	63.0	235	82	2	85	317	6	237	2.7e-68	255.4
BCW-200432_01637	gnl|TC-DB|W0WQF0|3.A.1.5.39	73.1	528	139	1	1	528	1	525	7.5e-225	776.2
BCW-200432_01646	gnl|TC-DB|P45420|1.B.11.5.1	26.6	796	558	14	14	804	19	793	3.0e-87	319.7
BCW-200432_01662	gnl|TC-DB|Q9F5N7|2.A.66.1.9	38.7	437	264	2	14	449	25	458	1.9e-70	263.1
BCW-200432_01669	gnl|TC-DB|O67997|1.A.11.1.4	63.8	437	140	7	9	440	12	435	2.3e-142	501.9
BCW-200432_01695	gnl|TC-DB|Q83XH1|3.A.1.121.4	33.2	512	335	3	1	505	1	512	5.9e-75	278.5
BCW-200432_01697	gnl|TC-DB|P0AG34|2.A.76.1.1	34.0	209	134	2	1	208	1	206	2.6e-27	118.6
BCW-200432_01699	gnl|TC-DB|Q87R31|1.B.48.5.1	45.6	193	89	4	6	191	4	187	6.3e-36	147.1
BCW-200432_01704	gnl|TC-DB|E3HXW9|2.A.108.2.7	37.7	607	350	10	29	615	29	627	1.6e-96	350.1
BCW-200432_01708	gnl|TC-DB|E4PCL6|9.B.27.2.7	37.2	183	111	2	2	180	3	185	3.3e-25	111.7
BCW-200432_01712	gnl|TC-DB|Q9I488|3.A.1.3.21	56.5	239	104	0	3	241	1	239	5.8e-71	263.8
BCW-200432_01713	gnl|TC-DB|P0AFT2|3.A.1.3.10	35.4	206	133	0	8	213	10	215	2.9e-29	125.2
BCW-200432_01714	gnl|TC-DB|P42200|3.A.1.3.14	35.1	208	131	2	16	219	27	234	6.3e-24	107.5
BCW-200432_01715	gnl|TC-DB|P54535|3.A.1.3.15	24.8	254	180	5	4	252	3	250	4.5e-13	71.6
BCW-200432_01718	gnl|TC-DB|P40290|3.A.6.1.1	30.0	247	149	6	160	393	151	386	1.1e-13	74.3
BCW-200432_01719	gnl|TC-DB|B9DIS8|9.B.97.5.1	32.5	351	218	12	6	340	18	365	7.7e-41	165.2
BCW-200432_01721	gnl|TC-DB|Q66DP5|5.B.1.3.1	30.7	326	213	7	1	316	3	325	2.2e-38	156.0
BCW-200432_01724	gnl|TC-DB|P08194|2.A.1.4.3	74.1	421	109	0	1	421	1	421	4.9e-193	670.2
BCW-200432_01729	gnl|TC-DB|P0AGH1|3.A.1.105.16	50.5	372	184	0	1	372	1	372	3.7e-93	338.2
BCW-200432_01730	gnl|TC-DB|C8TJS4|3.A.1.105.16	55.1	902	399	2	7	907	14	910	5.5e-276	946.8
BCW-200432_01731	gnl|TC-DB|P37626|3.A.1.105.16	47.9	336	141	5	18	320	15	349	5.0e-46	181.4
BCW-200432_01733	gnl|TC-DB|S6URY0|1.E.11.3.2	86.7	45	6	0	1	45	1	45	2.5e-16	80.1
BCW-200432_01741	gnl|TC-DB|Q82VN7|3.A.1.10.4	52.0	323	155	0	11	333	20	342	8.1e-100	360.1
BCW-200432_01742	gnl|TC-DB|Q82VN6|3.A.1.10.4	51.3	517	250	2	19	533	1	517	2.5e-130	462.2
BCW-200432_01748	gnl|TC-DB|Q8F3M7|3.A.15.4.1	37.3	574	330	7	21	588	8	557	1.2e-98	357.1
BCW-200432_01754	gnl|TC-DB|Q47537|3.A.1.17.1	54.0	322	144	2	6	327	2	319	4.1e-96	347.8
BCW-200432_01755	gnl|TC-DB|Q51510|1.B.25.1.2	62.4	481	140	8	1	466	6	460	9.4e-163	569.7
BCW-200432_01758	gnl|TC-DB|O85763|3.A.1.17.2	88.4	320	37	0	1	320	1	320	6.8e-160	559.7
BCW-200432_01760	gnl|TC-DB|O85765|3.A.1.17.2	94.0	249	15	0	8	256	13	261	4.5e-130	460.3
BCW-200432_01761	gnl|TC-DB|Q8KZQ6|3.A.1.17.2	86.0	264	37	0	4	267	6	269	2.3e-129	458.0
BCW-200432_01767	gnl|TC-DB|P31133|3.A.1.11.2	57.5	372	153	4	1	369	1	370	1.7e-119	425.6
BCW-200432_01768	gnl|TC-DB|P31133|3.A.1.11.2	56.8	359	151	3	11	365	12	370	4.5e-120	427.6
BCW-200432_01769	gnl|TC-DB|P31134|3.A.1.11.2	63.7	358	128	2	22	378	19	375	4.0e-119	424.5
BCW-200432_01770	gnl|TC-DB|P31135|3.A.1.11.2	59.7	298	119	1	6	302	16	313	1.5e-100	362.5
BCW-200432_01771	gnl|TC-DB|P0AFL1|3.A.1.11.2	64.2	265	95	0	9	273	14	278	2.4e-87	318.5
BCW-200432_01792	gnl|TC-DB|P08839|8.A.7.1.1	38.4	552	328	9	180	724	4	550	2.0e-98	356.7
BCW-200432_01798	gnl|TC-DB|Q88CP1|3.A.3.6.12	75.0	739	164	2	35	771	31	750	2.7e-300	1027.3
BCW-200432_01800	gnl|TC-DB|P74127|3.A.1.10.2	46.5	299	146	4	31	319	36	330	1.6e-64	243.0
BCW-200432_01801	gnl|TC-DB|Q9KLQ6|3.A.1.20.2	26.7	547	377	10	22	552	142	680	1.5e-37	154.1
BCW-200432_01802	gnl|TC-DB|A3N294|3.A.1.20.3	31.8	333	215	8	5	327	8	338	1.4e-38	156.8
BCW-200432_01808	gnl|TC-DB|P77529|2.A.23.1.8	80.5	461	90	0	1	461	1	461	1.1e-200	695.7
BCW-200432_01811	gnl|TC-DB|A3M9E9|2.A.1.2.51	26.2	359	248	8	5	352	2	354	5.3e-16	82.0
BCW-200432_01831	gnl|TC-DB|P10121|3.A.5.1.1	67.3	309	99	2	192	500	191	497	1.4e-111	399.8
BCW-200432_01832	gnl|TC-DB|P0A9R7|3.A.1.140.1	54.8	217	98	0	1	217	1	217	2.5e-65	245.0
BCW-200432_01833	gnl|TC-DB|P0AC31|3.A.1.140.1	35.8	299	190	1	45	341	54	352	7.2e-43	171.0
BCW-200432_01848	gnl|TC-DB|P52059|9.A.4.1.1	38.2	170	103	2	10	178	6	174	1.5e-24	109.4
BCW-200432_01851	gnl|TC-DB|P24559|3.A.15.2.1	87.8	344	42	0	1	344	1	344	9.7e-173	602.4
BCW-200432_01868	gnl|TC-DB|O06924|3.B.1.1.4	56.6	551	231	3	11	556	7	554	2.9e-182	634.8
BCW-200432_01871	gnl|TC-DB|O06926|3.B.1.1.4	34.7	271	160	3	8	268	7	270	2.8e-40	162.2
BCW-200432_01872	gnl|TC-DB|O06927|3.B.1.1.4	34.1	211	129	4	47	254	63	266	1.3e-23	106.7
BCW-200432_01875	gnl|TC-DB|Q9Z446|2.A.70.1.2	79.3	140	27	2	1	138	24	163	7.3e-55	209.5
BCW-200432_01876	gnl|TC-DB|Q9Z445|2.A.70.1.2	86.2	254	35	0	1	254	1	254	3.9e-118	420.6
BCW-200432_01878	gnl|TC-DB|A4VGV1|1.C.113.1.3	76.1	205	49	0	1	205	1	205	1.0e-89	325.9
BCW-200432_01881	gnl|TC-DB|Q9I402|3.A.1.3.22	64.0	275	99	0	26	300	26	300	3.1e-98	354.8
BCW-200432_01887	gnl|TC-DB|O00571|1.I.1.1.3	41.8	349	190	5	2	337	181	529	4.0e-68	255.8
BCW-200432_01892	gnl|TC-DB|P37327|1.A.16.4.1	58.3	254	106	0	21	274	30	283	1.5e-76	282.7
BCW-200432_01893	gnl|TC-DB|P21345|2.A.23.1.1	50.0	408	195	2	8	408	7	412	1.0e-107	386.7
BCW-200432_01896	gnl|TC-DB|G3XD29|2.A.36.6.8	72.6	424	112	1	1	420	1	424	3.8e-163	570.9
BCW-200432_01897	gnl|TC-DB|L0LHM3|2.A.7.31.3	34.3	274	172	3	6	276	8	276	1.4e-33	139.8
BCW-200432_01912	gnl|TC-DB|P0AAP1|9.B.34.1.2	30.7	163	113	0	270	432	204	366	2.3e-19	94.0
BCW-200432_01917	gnl|TC-DB|P0AA67|2.A.7.3.6	56.4	287	123	1	5	289	2	288	9.8e-81	296.6
BCW-200432_01929	gnl|TC-DB|Q9KN48|3.A.23.1.1	43.4	235	132	1	11	245	184	417	2.3e-47	186.0
BCW-200432_01941	gnl|TC-DB|G0LRW7|3.A.1.15.15	23.9	301	218	5	9	300	6	304	4.5e-20	95.1
BCW-200432_01942	gnl|TC-DB|O34946|3.A.1.15.11	33.3	198	125	5	63	253	16	213	1.2e-22	103.6
BCW-200432_01943	gnl|TC-DB|B2IWT1|3.A.1.15.13	33.0	270	170	6	14	281	15	275	1.4e-21	100.1
BCW-200432_01950	gnl|TC-DB|Q9JTL9|5.A.1.1.2	35.1	584	335	11	28	574	25	601	7.3e-80	294.7
BCW-200432_01954	gnl|TC-DB|P69451|4.C.1.1.4	30.4	365	224	12	3866	4220	205	549	2.5e-23	109.8
BCW-200432_01961	gnl|TC-DB|Q9V0A4|3.B.1.1.5	30.0	530	340	14	22	534	3	518	1.8e-64	243.4
BCW-200432_01982	gnl|TC-DB|Q0ZAH7|2.A.37.1.3	40.8	566	332	1	5	567	10	575	6.4e-105	377.9
BCW-200432_01983	gnl|TC-DB|Q0IDE4|1.A.11.2.5	34.6	413	235	9	15	398	75	481	3.7e-54	208.8
BCW-200432_01991	gnl|TC-DB|A3QE50|8.A.59.4.2	41.0	117	63	4	835	947	275	389	1.7e-12	71.6
BCW-200432_01994	gnl|TC-DB|Q93N33|2.A.21.9.2	31.0	297	178	9	234	520	740	1019	2.3e-20	97.4
BCW-200432_01999	gnl|TC-DB|P23894|9.B.1.1.6	47.3	298	140	4	1	292	1	287	1.5e-65	246.1
BCW-200432_02002	gnl|TC-DB|P38919|3.A.18.1.1	33.0	373	248	2	8	379	40	411	4.6e-55	212.2
BCW-200432_02009	gnl|TC-DB|M2X4H1|2.A.102.4.9	30.3	241	157	6	14	245	68	306	1.3e-12	70.1
BCW-200432_02029	gnl|TC-DB|P0A9T8|3.A.1.122.15	60.5	220	85	1	4	221	5	224	4.0e-66	247.7
BCW-200432_02030	gnl|TC-DB|P77504|3.A.1.122.15	32.6	809	502	10	15	811	4	781	7.5e-102	368.2
BCW-200432_02044	gnl|TC-DB|Q1M607|3.A.3.7.2	45.1	182	91	5	5	179	5	184	8.2e-30	126.7
BCW-200432_02045	gnl|TC-DB|Q1M606|3.A.3.7.2	64.4	683	230	6	16	686	4	685	8.9e-226	779.6
BCW-200432_02046	gnl|TC-DB|Q1M605|3.A.3.7.2	56.0	557	243	2	7	562	6	561	4.6e-172	600.9
BCW-200432_02048	gnl|TC-DB|Q53148|2.A.3.5.1	39.0	372	205	8	3	367	36	392	6.0e-53	204.9
BCW-200432_02053	gnl|TC-DB|Q57134|3.A.11.2.2	41.8	98	56	1	12	108	13	110	1.6e-12	68.6
BCW-200432_02054	gnl|TC-DB|Q6MMD5|9.B.18.2.1	48.0	642	301	6	8	648	16	625	2.5e-161	565.5
BCW-200432_02061	gnl|TC-DB|Q9HTB8|3.A.1.103.6	34.6	254	163	3	11	263	5	256	2.6e-35	145.6
BCW-200432_02062	gnl|TC-DB|Q9I3V8|3.A.1.103.6	37.2	417	218	7	15	429	3	377	3.9e-68	255.4
BCW-200432_02063	gnl|TC-DB|Q50864|4.D.1.3.4	38.9	537	308	8	808	1335	319	844	4.6e-100	363.2
BCW-200432_02064	gnl|TC-DB|G2HLY8|9.B.146.1.2	35.6	267	164	2	29	295	25	283	1.3e-41	166.8
BCW-200432_02085	gnl|TC-DB|D4ZZR3|9.B.34.1.3	42.2	161	88	3	150	306	236	395	3.9e-24	108.6
BCW-200432_02087	gnl|TC-DB|Q1J0W6|9.B.34.1.1	42.9	168	87	4	366	532	186	345	7.7e-27	119.0
BCW-200432_02089	gnl|TC-DB|O06967|3.A.1.117.3	30.9	585	366	8	19	595	16	570	1.1e-62	237.7
BCW-200432_02095	gnl|TC-DB|E1ILD8|2.A.7.3.18	40.9	303	174	3	11	310	8	308	7.1e-53	204.1
BCW-200432_02122	gnl|TC-DB|P0AA76|2.A.1.14.7	56.8	421	178	2	15	432	10	429	1.2e-135	479.6
BCW-200432_02136	gnl|TC-DB|Q9ZBQ0|2.A.39.1.6	42.4	490	266	6	4	488	2	480	9.4e-97	350.5
BCW-200432_02139	gnl|TC-DB|P0AE26|3.A.1.2.2	60.1	323	129	0	1	323	1	323	4.2e-93	337.8
BCW-200432_02140	gnl|TC-DB|P0AAF3|3.A.1.2.2	59.1	491	201	0	16	506	8	498	7.2e-164	573.5
BCW-200432_02141	gnl|TC-DB|P02924|3.A.1.2.2	58.8	325	130	3	9	332	5	326	3.9e-102	367.9
BCW-200432_02156	gnl|TC-DB|O80800|3.D.1.6.3	49.3	75	38	0	2	76	48	122	2.5e-12	67.4
BCW-200432_02177	gnl|TC-DB|Q6MQP0|1.A.30.3.3	29.5	193	131	3	7	194	36	228	2.5e-14	75.5
BCW-200432_02178	gnl|TC-DB|P51973|3.A.11.2.1	33.4	701	422	18	53	737	15	686	6.9e-75	278.5
BCW-200432_02180	gnl|TC-DB|P0AFN6|3.A.1.105.17	60.4	250	99	0	10	259	7	256	1.7e-81	298.9
BCW-200432_02181	gnl|TC-DB|P36879|3.A.1.105.17	67.9	305	93	2	1	303	1	302	2.8e-110	394.8
BCW-200432_02206	gnl|TC-DB|B1LE48|2.A.86.2.1	35.9	340	209	5	6	339	8	344	2.1e-50	196.1
BCW-200432_02211	gnl|TC-DB|Q9XIA9|4.C.1.1.14	26.9	603	350	18	8	526	47	642	5.0e-46	182.2
BCW-200432_02215	gnl|TC-DB|Q1CZJ4|1.B.14.10.3	41.1	158	91	1	36	191	38	195	5.7e-26	115.9
BCW-200432_02229	gnl|TC-DB|Q93N33|2.A.21.9.2	25.4	343	226	6	274	604	752	1076	9.6e-21	99.0
BCW-200432_02243	gnl|TC-DB|Q848I3|2.A.23.1.10	90.3	444	43	0	1	444	1	444	3.6e-220	760.4
BCW-200432_02250	gnl|TC-DB|Q93N33|2.A.21.9.2	29.4	272	173	9	267	528	747	1009	9.9e-15	78.2
BCW-200432_02253	gnl|TC-DB|Q9WWZ8|2.A.6.2.9	27.9	456	313	6	17	459	14	466	4.5e-40	162.2
BCW-200432_02254	gnl|TC-DB|A0ZUB1|3.A.1.122.12	53.8	650	296	2	24	672	5	651	8.5e-189	656.8
BCW-200432_02255	gnl|TC-DB|Q84BQ3|3.A.1.122.12	48.6	348	171	3	35	381	14	354	6.0e-54	208.0
BCW-200432_02266	gnl|TC-DB|P21503|2.A.1.26.1	28.8	364	241	7	16	370	16	370	6.9e-33	138.3
BCW-200432_02277	gnl|TC-DB|J2YPD8|1.E.20.1.4	80.7	109	21	0	1	109	1	109	5.0e-46	179.9
BCW-200432_02282	gnl|TC-DB|D9X7X8|2.A.1.3.38	40.3	422	244	5	16	434	28	444	8.8e-71	264.2
BCW-200432_02297	gnl|TC-DB|P39344|2.A.8.1.2	34.7	452	276	5	10	458	3	438	7.1e-70	261.2
BCW-200432_02299	gnl|TC-DB|P0AAC6|1.A.14.2.1	55.8	206	90	1	17	222	15	219	3.8e-53	204.5
BCW-200432_02304	gnl|TC-DB|B9DIS8|9.B.97.5.1	28.7	352	225	14	1	329	16	364	3.2e-28	123.2
BCW-200432_02305	gnl|TC-DB|F5SU14|2.A.85.7.2	35.9	184	114	1	1	180	13	196	6.2e-31	131.3
BCW-200432_02311	gnl|TC-DB|Q9I5N4|1.B.20.3.6	72.2	511	138	1	26	532	34	544	1.9e-223	771.5
BCW-200432_02312	gnl|TC-DB|P0ABU9|1.A.30.2.2	30.8	201	132	4	370	569	19	213	2.2e-15	80.5
BCW-200432_02313	gnl|TC-DB|Q1D0D2|1.A.30.2.7	31.7	126	86	0	16	141	13	138	2.2e-14	75.1
BCW-200432_02315	gnl|TC-DB|J2F862|1.B.62.1.5	81.4	565	103	1	1	565	3	565	1.6e-281	964.5
BCW-200432_02324	gnl|TC-DB|H7F0T0|3.D.4.3.3	77.7	475	105	1	1	475	1	474	6.8e-225	776.2
BCW-200432_02348	gnl|TC-DB|Q9I0V5|2.A.6.2.39	46.7	430	216	5	7	435	7	424	3.0e-94	342.0
BCW-200432_02349	gnl|TC-DB|Q9I0V6|2.A.6.2.39	70.3	1028	304	1	1	1028	1	1027	0.0e+00	1347.8
BCW-200432_02350	gnl|TC-DB|Q9I0V7|2.A.6.2.39	59.1	1039	418	4	1	1035	1	1036	0.0e+00	1113.2
BCW-200432_02351	gnl|TC-DB|Q9I0V8|2.A.6.2.39	53.4	481	215	3	17	489	7	486	8.0e-112	400.6
BCW-200432_02352	gnl|TC-DB|D4ZZR3|9.B.34.1.3	37.6	170	103	1	252	418	222	391	4.4e-23	106.3
BCW-200432_02357	gnl|TC-DB|Q55026|9.B.20.2.1	43.3	141	71	2	28	159	14	154	1.2e-22	102.8
BCW-200432_02375	gnl|TC-DB|Q8F8H7|2.A.53.3.8	50.5	194	96	0	3	196	540	733	7.9e-56	213.4
BCW-200432_02380	gnl|TC-DB|G4NXA5|1.A.33.1.4	40.2	497	275	8	2	489	4	487	2.1e-95	346.3
BCW-200432_02381	gnl|TC-DB|P76460|2.A.73.1.1	32.0	463	281	10	9	464	4	439	2.1e-53	206.5
BCW-200432_02382	gnl|TC-DB|Q5ZYB5|3.A.7.9.1	31.4	376	251	4	26	399	15	385	4.2e-48	188.7
BCW-200432_02383	gnl|TC-DB|P39344|2.A.8.1.2	33.6	428	278	3	23	449	10	432	1.5e-64	243.4
BCW-200432_02397	gnl|TC-DB|Q8Y2D9|1.B.46.1.3	28.0	164	104	2	13	172	19	172	1.4e-14	76.3
BCW-200432_02402	gnl|TC-DB|Q8ID54|3.A.25.2.1	30.8	234	154	5	4	231	83	314	6.3e-28	120.9
BCW-200432_02419	gnl|TC-DB|P39766|2.A.40.1.4	43.0	398	219	3	18	409	25	420	5.2e-83	304.7
BCW-200432_02433	gnl|TC-DB|M3JA40|1.B.52.2.1	29.5	210	141	1	511	713	251	460	2.0e-15	80.9
BCW-200432_02435	gnl|TC-DB|B9MIH1|2.A.106.1.4	57.1	184	79	0	2	185	1	184	5.1e-54	207.2
BCW-200432_02438	gnl|TC-DB|P0AG38|2.A.76.1.2	29.8	198	139	0	6	203	5	202	2.0e-24	109.0
BCW-200432_02441	gnl|TC-DB|Q9XIA9|4.C.1.1.14	20.9	488	313	11	45	474	81	553	3.0e-14	76.6
BCW-200432_02442	gnl|TC-DB|Q4KI39|9.B.164.1.1	57.1	599	198	11	44	629	44	596	2.2e-191	665.2
BCW-200432_02445	gnl|TC-DB|Q887X9|9.B.159.6.7	73.7	911	236	2	1	909	1	909	0.0e+00	1310.8
BCW-200432_02448	gnl|TC-DB|K1GHE1|9.B.186.1.2	49.7	147	72	1	82	228	68	212	1.3e-33	139.8
BCW-200432_02455	gnl|TC-DB|P0A9T4|8.A.5.1.5	54.0	346	159	0	1	346	1	346	1.3e-103	372.9
BCW-200432_02458	gnl|TC-DB|P13272|3.D.3.2.1	41.4	181	83	8	13	191	115	274	6.4e-28	120.6
BCW-200432_02459	gnl|TC-DB|Q02761|3.E.2.1.1	42.8	414	211	7	7	401	18	424	1.3e-83	306.6
BCW-200432_02461	gnl|TC-DB|P0ACA3|1.A.12.3.1	59.0	200	79	2	7	205	11	208	3.7e-63	237.7
BCW-200432_02474	gnl|TC-DB|P0A6W3|9.B.146.1.6	64.7	360	127	0	1	360	1	360	2.1e-130	461.8
BCW-200432_02476	gnl|TC-DB|P0ABG4|2.A.103.1.1	44.9	350	191	1	33	382	55	402	4.8e-78	288.1
BCW-200432_02484	gnl|TC-DB|D4ZZR3|9.B.34.1.3	41.9	172	93	4	331	498	225	393	2.1e-27	120.2
BCW-200432_02485	gnl|TC-DB|Q9I6X0|1.B.25.1.12	64.6	446	148	4	1	438	1	444	2.8e-169	591.3
BCW-200432_02489	gnl|TC-DB|Q4LDT8|2.A.6.2.35	70.3	1020	303	0	1	1020	1	1020	0.0e+00	1374.0
BCW-200432_02490	gnl|TC-DB|Q9I3R2|2.A.6.2.35	46.8	372	189	5	12	381	16	380	3.4e-81	298.5
BCW-200432_02493	gnl|TC-DB|M3JA40|1.B.52.2.1	43.0	128	66	1	314	434	244	371	2.1e-17	87.0
BCW-200432_02498	gnl|TC-DB|Q9KN48|3.A.23.1.1	37.0	373	220	3	188	545	156	528	6.2e-57	218.4
BCW-200432_02502	gnl|TC-DB|P0ABJ1|3.D.4.5.1	54.8	301	131	4	1	298	1	299	1.1e-87	319.7
BCW-200432_02503	gnl|TC-DB|P0ABI8|3.D.4.5.1	68.0	660	209	1	1	660	1	658	2.0e-275	944.5
BCW-200432_02504	gnl|TC-DB|P0ABJ3|3.D.4.5.1	69.9	183	55	0	25	207	22	204	5.3e-73	270.4
BCW-200432_02505	gnl|TC-DB|P0ABJ6|3.D.4.5.1	47.2	106	56	0	4	109	2	107	6.4e-17	83.2
BCW-200432_02513	gnl|TC-DB|P9WG63|5.A.1.2.9	29.6	624	359	14	3	591	117	695	4.2e-67	252.3
BCW-200432_02543	gnl|TC-DB|Q9I0E2|1.B.25.1.11	59.6	413	162	3	16	428	24	431	1.5e-143	505.8
BCW-200432_02548	gnl|TC-DB|P0AEK7|5.A.3.2.1	44.3	212	118	0	3	214	4	215	1.5e-49	192.6
BCW-200432_02549	gnl|TC-DB|P0AAJ3|5.A.3.2.1	65.9	287	94	4	1	284	3	288	1.9e-114	408.7
BCW-200432_02550	gnl|TC-DB|P24183|5.A.3.2.1	60.4	808	313	5	1	807	213	1014	5.6e-304	1039.6
BCW-200432_02551	gnl|TC-DB|P24183|5.A.3.2.1	66.8	196	64	1	1	196	1	195	1.5e-74	275.4
BCW-200432_02554	gnl|TC-DB|J2MRK2|9.B.29.3.1	76.8	203	47	0	1	203	1	203	4.8e-87	317.0
BCW-200432_02565	gnl|TC-DB|P09489|1.B.12.5.1	38.8	1088	543	20	17	1028	5	1045	9.9e-197	683.7
BCW-200432_02566	gnl|TC-DB|C6G4G4|1.B.12.5.6	41.3	1052	504	21	37	983	199	1242	1.1e-200	696.8
BCW-200432_02567	gnl|TC-DB|Q9ZG92|3.A.1.110.12	83.6	428	69	1	18	444	14	441	5.4e-200	693.3
BCW-200432_02568	gnl|TC-DB|Q9ZG93|3.A.1.110.12	85.9	426	60	0	24	449	8	433	6.7e-206	713.0
BCW-200432_02569	gnl|TC-DB|Q9ZG94|3.A.1.110.12	81.6	554	102	0	14	567	22	575	4.1e-256	880.2
BCW-200432_02572	gnl|TC-DB|P31133|3.A.1.11.2	54.9	357	157	2	8	360	13	369	9.4e-118	419.9
BCW-200432_02577	gnl|TC-DB|Q8G8W9|1.B.14.1.26	64.7	796	273	5	29	820	17	808	3.9e-313	1070.1
BCW-200432_02578	gnl|TC-DB|Q51340|3.A.1.113.2	71.6	549	155	1	1	549	1	548	6.6e-224	773.1
BCW-200432_02579	gnl|TC-DB|Q5EGM5|9.A.25.1.1	31.4	188	108	6	134	301	266	452	2.5e-15	79.3
BCW-200432_02583	gnl|TC-DB|Q8ZRH0|2.A.6.2.25	29.4	472	310	9	6	461	31	495	9.4e-38	154.5
BCW-200432_02584	gnl|TC-DB|P75831|3.A.1.122.1	46.6	663	330	7	3	657	2	648	7.8e-147	517.3
BCW-200432_02585	gnl|TC-DB|Q84BQ3|3.A.1.122.12	42.4	354	195	3	30	383	9	353	6.9e-42	167.9
BCW-200432_02588	gnl|TC-DB|P36640|3.A.3.4.1	63.3	871	315	1	34	899	32	902	1.8e-311	1064.7
BCW-200432_02589	gnl|TC-DB|P22037|9.B.20.1.1	49.7	155	76	2	16	170	11	163	2.8e-30	128.6
BCW-200432_02595	gnl|TC-DB|Q6MLE8|1.A.23.4.12	26.9	212	151	1	106	313	126	337	4.7e-16	82.4
BCW-200432_02597	gnl|TC-DB|Q9KIH3|2.A.1.3.18	34.3	501	326	2	31	530	29	527	3.3e-79	292.4
BCW-200432_02598	gnl|TC-DB|Q9RQ30|8.A.1.1.2	38.9	306	177	4	58	362	61	357	6.0e-35	144.8
BCW-200432_02599	gnl|TC-DB|P15321|1.B.20.1.1	37.2	481	285	10	75	552	67	533	1.6e-71	266.9
BCW-200432_02600	gnl|TC-DB|P15320|1.C.75.1.1	31.9	1579	903	35	8	1439	6	1558	2.4e-151	533.5
BCW-200432_02601	gnl|TC-DB|Q56725|2.A.33.1.2	54.1	375	170	2	25	398	8	381	3.1e-106	381.7
BCW-200432_02605	gnl|TC-DB|Q9HXB2|1.B.14.1.12	43.8	786	393	14	31	807	39	784	1.5e-179	626.3
BCW-200432_02607	gnl|TC-DB|F2WVP9|2.A.1.60.3	50.8	370	182	0	14	383	8	377	1.1e-92	336.7
BCW-200432_02610	gnl|TC-DB|P0AA82|2.A.39.1.1	39.3	412	242	5	8	418	5	409	1.4e-72	270.0
BCW-200432_02619	gnl|TC-DB|O32105|2.A.8.1.12	50.7	404	188	5	43	439	43	442	1.9e-104	375.9
BCW-200432_02621	gnl|TC-DB|Q8VRL8|3.A.11.1.3	29.8	382	222	11	4	354	8	374	8.0e-29	124.4
BCW-200432_02625	gnl|TC-DB|P34750|1.B.22.2.1	71.8	717	174	5	1	692	1	714	5.7e-273	936.4
BCW-200432_02628	gnl|TC-DB|A3YI93|9.B.42.1.2	23.8	554	328	15	19	525	24	530	1.5e-23	107.5
BCW-200432_02633	gnl|TC-DB|P43531|2.A.1.36.1	59.8	386	155	0	28	413	26	411	5.5e-125	444.1
BCW-200432_02646	gnl|TC-DB|Q7AA53|2.A.6.8.2	29.0	661	444	12	115	765	95	740	3.4e-56	216.5
BCW-200432_02661	gnl|TC-DB|P77338|1.A.23.1.1	40.2	1065	626	9	28	1085	42	1102	1.0e-194	677.2
BCW-200432_02662	gnl|TC-DB|P76007|2.A.36.6.11	66.8	573	187	2	1	570	1	573	6.6e-214	740.0
BCW-200432_02669	gnl|TC-DB|Q9I5F5|2.A.21.2.3	82.9	492	82	2	1	490	1	492	3.1e-228	787.3
BCW-200432_02670	gnl|TC-DB|A8YQR5|3.A.23.2.1	35.4	497	302	8	21	507	21	508	1.0e-72	271.2
BCW-200432_02675	gnl|TC-DB|D4ZZR3|9.B.34.1.3	31.1	177	117	2	453	624	217	393	4.7e-17	86.7
BCW-200432_02697	gnl|TC-DB|P60752|3.A.1.106.1	40.7	583	331	3	11	590	8	578	5.0e-116	414.8
BCW-200432_02704	gnl|TC-DB|Q2FD83|2.A.7.1.11	47.1	104	55	0	3	106	2	105	7.7e-23	102.8
BCW-200432_02707	gnl|TC-DB|Q9HUJ1|2.A.6.2.27	72.9	479	127	3	1	477	1	478	6.9e-193	669.8
BCW-200432_02709	gnl|TC-DB|B1JAG2|2.A.39.1.2	73.4	425	111	1	5	429	4	426	2.4e-160	561.6
BCW-200432_02727	gnl|TC-DB|P09348|1.A.30.1.1	41.5	284	160	3	1	281	1	281	7.2e-57	217.2
BCW-200432_02728	gnl|TC-DB|P0AF06|1.A.30.1.1	39.3	313	166	6	7	309	9	307	1.5e-51	199.9
BCW-200432_02734	gnl|TC-DB|P0AGM2|1.A.62.2.3	57.5	200	85	0	1	200	2	201	8.5e-60	226.5
BCW-200432_02749	gnl|TC-DB|P71338|3.A.1.10.3	44.1	499	274	3	19	513	3	500	2.0e-100	362.8
BCW-200432_02750	gnl|TC-DB|P35755|3.A.1.10.3	46.6	324	166	3	16	335	11	331	1.3e-76	283.1
BCW-200432_02773	gnl|TC-DB|Q9L3M3|3.A.1.4.3	48.3	362	182	4	7	366	2	360	1.5e-89	326.2
BCW-200432_02774	gnl|TC-DB|P0AEX7|3.A.1.4.1	54.8	301	135	1	5	304	8	308	9.7e-84	306.6
BCW-200432_02775	gnl|TC-DB|P21628|3.A.1.4.8	53.4	412	184	5	11	416	1	410	5.2e-107	384.4
BCW-200432_02776	gnl|TC-DB|P21629|3.A.1.4.8	52.7	283	104	2	1	283	1	253	3.8e-77	284.6
BCW-200432_02777	gnl|TC-DB|P22731|3.A.1.4.1	59.5	237	96	0	1	237	1	237	2.8e-70	261.5
BCW-200432_02782	gnl|TC-DB|Q1M8G8|2.A.99.1.2	48.2	195	94	2	3	190	5	199	2.8e-36	148.3
BCW-200432_02788	gnl|TC-DB|P37645|9.B.121.1.1	52.1	689	316	3	1	679	1	685	3.1e-210	728.0
BCW-200432_02795	gnl|TC-DB|O29740|2.A.7.3.36	26.0	281	193	6	8	281	11	283	1.3e-16	83.6
BCW-200432_02799	gnl|TC-DB|P44669|9.A.41.1.1	28.2	241	132	7	9	227	21	242	4.2e-16	82.4
BCW-200432_02809	gnl|TC-DB|Q9L3S2|3.A.1.4.4	47.4	215	111	2	14	227	4	217	3.8e-48	188.0
BCW-200432_02810	gnl|TC-DB|Q9L3S3|3.A.1.4.4	44.8	259	125	2	48	289	5	262	5.5e-52	201.1
BCW-200432_02811	gnl|TC-DB|Q9L3S4|3.A.1.4.4	43.8	317	167	3	46	356	30	341	1.0e-63	240.4
BCW-200432_02812	gnl|TC-DB|Q8NRW0|3.A.1.4.5	44.9	294	156	2	204	497	4	291	5.9e-62	235.0
BCW-200432_02813	gnl|TC-DB|Q8NRW1|3.A.1.4.5	46.2	377	187	7	27	403	49	409	2.7e-92	335.5
BCW-200432_02814	gnl|TC-DB|A8GDS7|3.A.1.14.16	35.8	332	198	4	8	336	9	328	6.6e-49	191.0
BCW-200432_02816	gnl|TC-DB|Q9X665|3.A.1.14.7	38.9	229	136	1	30	254	24	252	3.6e-42	168.3
BCW-200432_02817	gnl|TC-DB|A4LBD1|1.B.14.1.7	27.7	744	418	37	25	707	69	753	4.5e-39	159.5
BCW-200432_02819	gnl|TC-DB|P72121|1.B.14.4.1	72.0	708	179	8	15	706	19	723	8.9e-306	1045.4
BCW-200432_02833	gnl|TC-DB|B6VNR0|1.C.57.1.6	28.3	1670	1043	43	738	2297	1320	2944	2.5e-131	467.6
BCW-200432_02834	gnl|TC-DB|B6VNR0|1.C.57.1.6	27.0	1646	1037	47	778	2313	1393	2983	2.1e-109	394.8
BCW-200432_02848	gnl|TC-DB|M3JA40|1.B.52.2.1	55.6	90	40	0	463	552	275	364	2.4e-15	80.5
BCW-200432_02849	gnl|TC-DB|P0AAP1|9.B.34.1.2	36.2	177	111	2	361	536	195	370	4.9e-25	112.5
BCW-200432_02857	gnl|TC-DB|P28303|2.A.66.1.4	45.5	435	227	5	15	444	27	456	2.0e-85	312.8
BCW-200432_02864	gnl|TC-DB|Q9HV74|2.A.21.9.1	29.1	381	207	14	559	913	634	977	2.3e-27	120.9
BCW-200432_02872	gnl|TC-DB|Q8GD00|9.A.47.1.1	35.5	169	107	2	199	367	249	415	4.4e-23	105.5
BCW-200432_02874	gnl|TC-DB|Q9L714|3.A.7.18.1	51.5	340	165	0	54	393	114	453	2.1e-97	352.4
BCW-200432_02889	gnl|TC-DB|Q9HX93|3.A.3.5.34	71.7	785	218	3	8	790	10	792	1.3e-305	1045.0
BCW-200432_02892	gnl|TC-DB|I7FD23|2.A.1.2.97	37.1	380	234	4	6	382	19	396	1.5e-55	213.4
BCW-200432_02898	gnl|TC-DB|O34691|2.A.1.82.4	31.6	431	254	4	22	451	10	400	3.3e-67	252.3
BCW-200432_02902	gnl|TC-DB|P31801|2.A.19.1.1	30.1	355	239	4	7	357	13	362	3.2e-41	165.6
BCW-200432_02905	gnl|TC-DB|A2RKA5|3.A.1.2.17	30.3	304	193	6	3	290	4	304	7.9e-25	110.9
BCW-200432_02906	gnl|TC-DB|Q8DU38|3.A.1.2.12	28.5	344	235	4	20	352	11	354	7.2e-33	137.9
BCW-200432_02907	gnl|TC-DB|A2RKA7|3.A.1.2.17	38.5	499	299	4	10	504	7	501	1.0e-93	340.5
BCW-200432_02910	gnl|TC-DB|P0AGM9|2.A.40.4.2	45.7	444	236	3	8	446	19	462	7.0e-110	394.0
BCW-200432_02915	gnl|TC-DB|O05307|4.C.1.1.3	22.5	534	353	17	1575	2079	54	555	2.1e-13	77.0
BCW-200432_02919	gnl|TC-DB|D2PP09|2.A.1.67.1	38.8	384	222	5	1	377	1	378	4.3e-60	228.4
BCW-200432_02927	gnl|TC-DB|M3JA40|1.B.52.2.1	69.2	65	20	0	357	421	296	360	9.6e-15	78.2
BCW-200432_02930	gnl|TC-DB|H7F0T0|3.D.4.3.3	89.5	474	50	0	1	474	1	474	1.3e-260	894.8
BCW-200432_02931	gnl|TC-DB|F8H841|3.D.4.3.3	80.5	200	39	0	3	202	4	203	1.5e-96	348.6
BCW-200432_02933	gnl|TC-DB|D9IA45|3.D.4.3.3	67.9	302	97	0	1	302	1	302	4.6e-129	457.2
BCW-200432_02934	gnl|TC-DB|H7F0T0|3.D.4.3.3	82.1	475	84	1	1	475	1	474	3.1e-241	830.5
BCW-200432_02935	gnl|TC-DB|F8H841|3.D.4.3.3	83.0	200	34	0	3	202	4	203	1.9e-99	358.2
BCW-200432_02937	gnl|TC-DB|D9IA45|3.D.4.3.3	62.3	316	105	1	1	316	1	302	1.3e-118	422.5
BCW-200432_02938	gnl|TC-DB|Q8YX86|1.C.12.3.1	36.5	310	167	10	21	306	35	338	4.9e-44	174.9
BCW-200432_02944	gnl|TC-DB|Q9I3G8|3.A.3.27.5	80.2	809	160	0	1	809	1	809	0.0e+00	1278.1
BCW-200432_02968	gnl|TC-DB|P76103|2.A.46.1.9	45.2	376	206	0	17	392	8	383	1.9e-87	319.3
BCW-200432_02971	gnl|TC-DB|D4ZZR3|9.B.34.1.3	38.1	181	102	3	619	791	215	393	2.4e-25	114.0
BCW-200432_02975	gnl|TC-DB|Q44292|3.A.1.16.4	35.8	402	236	11	5	390	42	437	4.8e-62	235.0
BCW-200432_02977	gnl|TC-DB|P42432|2.A.1.8.2	47.8	393	203	2	8	400	9	399	1.7e-99	359.4
BCW-200432_02978	gnl|TC-DB|M5BEH1|9.B.106.3.1	32.8	131	87	1	332	461	84	214	5.5e-16	82.4
BCW-200432_02981	gnl|TC-DB|P07658|3.D.1.9.2	29.7	704	466	11	8	703	6	688	5.8e-92	335.5
BCW-200432_02983	gnl|TC-DB|P13794|1.B.6.1.2	56.6	355	143	3	1	349	1	350	3.7e-103	371.3
BCW-200432_02987	gnl|TC-DB|Q9EYX5|1.A.35.4.1	28.0	321	222	4	12	331	15	327	6.1e-39	157.9
BCW-200432_02990	gnl|TC-DB|Q9HY55|4.A.2.1.17	27.5	426	220	10	380	777	552	916	2.3e-28	124.0
BCW-200432_03004	gnl|TC-DB|P94575|2.A.39.3.4	35.2	497	295	5	27	512	3	483	4.9e-80	295.0
BCW-200432_03036	gnl|TC-DB|Q9KW03|9.A.33.1.1	48.2	164	80	1	1	159	1	164	9.7e-40	161.0
BCW-200432_03066	gnl|TC-DB|O50455|1.A.35.3.5	35.6	298	183	3	34	323	70	366	2.6e-50	195.7
BCW-200432_03081	gnl|TC-DB|O05307|4.C.1.1.3	39.3	593	341	3	17	609	20	593	1.2e-120	430.3
BCW-200432_03086	gnl|TC-DB|Q45632|2.A.1.65.9	26.2	328	230	7	12	333	19	340	1.4e-18	90.5
BCW-200432_03098	gnl|TC-DB|P31466|2.A.40.7.6	48.6	430	221	0	20	449	13	442	2.8e-119	425.2
BCW-200432_03100	gnl|TC-DB|O32142|9.B.35.2.1	43.6	117	63	1	1	117	1	114	3.2e-27	117.5
BCW-200432_03105	gnl|TC-DB|A9CI11|9.B.43.1.1	38.7	429	227	5	7	432	9	404	4.0e-86	315.1
BCW-200432_03106	gnl|TC-DB|Q46821|2.A.40.3.3	51.3	415	200	2	22	434	29	443	1.9e-107	386.0
BCW-200432_03107	gnl|TC-DB|B7V282|1.B.10.2.2	58.3	278	99	2	1	261	1	278	1.9e-96	348.6
BCW-200432_03108	gnl|TC-DB|B7V282|1.B.10.2.2	62.9	278	86	2	1	261	1	278	2.5e-104	374.8
BCW-200432_03118	gnl|TC-DB|P75783|1.A.23.3.2	33.8	308	192	6	417	717	430	732	9.4e-37	151.8
BCW-200432_03125	gnl|TC-DB|P69874|3.A.1.11.1	49.5	279	139	1	4	282	18	294	1.4e-72	269.6
BCW-200432_03128	gnl|TC-DB|P23865|9.B.174.1.2	44.0	700	334	10	8	687	8	669	3.4e-140	495.4
BCW-200432_03144	gnl|TC-DB|Q9K0A9|2.A.28.2.4	52.5	314	147	1	1	312	1	314	1.4e-80	296.2
BCW-200432_03145	gnl|TC-DB|D5CES3|2.A.7.1.10	66.3	104	35	0	1	104	1	104	8.6e-32	132.5
BCW-200432_03146	gnl|TC-DB|Q89SS6|2.A.1.42.2	31.9	614	381	12	9	612	5	591	1.4e-73	273.9
BCW-200432_03147	gnl|TC-DB|Q2TJJ2|2.A.16.4.3	35.8	383	223	3	21	382	22	402	1.6e-62	236.5
BCW-200432_03151	gnl|TC-DB|Q93N33|2.A.21.9.2	51.2	1161	534	12	7	1151	6	1149	8.8e-303	1036.2
BCW-200432_03159	gnl|TC-DB|Q9I458|2.A.1.11.2	83.4	398	66	0	4	401	1	398	1.8e-165	578.6
BCW-200432_03167	gnl|TC-DB|E3GWE8|9.B.125.2.1	31.9	301	183	9	1	294	1	286	6.6e-24	107.8
BCW-200432_03176	gnl|TC-DB|C9VRY8|2.A.86.1.5	30.6	350	234	2	8	353	48	392	4.9e-34	141.7
BCW-200432_03192	gnl|TC-DB|P25185|2.A.26.1.2	77.8	437	97	0	1	437	1	437	1.3e-182	635.6
BCW-200432_03198	gnl|TC-DB|X5GWN5|3.D.10.1.6	54.6	229	100	4	3	230	27	252	5.2e-69	257.3
BCW-200432_03199	gnl|TC-DB|X5H3P0|3.D.10.1.6	50.1	589	283	6	9	590	13	597	9.5e-168	586.6
BCW-200432_03203	gnl|TC-DB|A5W2Y4|9.B.69.1.1	67.8	59	19	0	7	65	4	62	3.2e-16	80.1
BCW-200432_03204	gnl|TC-DB|A5W2Y3|9.B.69.1.1	70.8	226	66	0	1	226	1	226	5.5e-87	317.0
BCW-200432_03221	gnl|TC-DB|M4VAL8|8.A.21.2.4	28.0	193	135	3	130	319	74	265	3.9e-12	68.9
BCW-200432_03224	gnl|TC-DB|P33916|3.A.1.5.21	58.6	529	211	5	1	521	1	529	1.1e-159	559.7
BCW-200432_03225	gnl|TC-DB|P33915|3.A.1.5.21	58.9	338	138	1	1	338	1	337	7.0e-115	410.2
BCW-200432_03226	gnl|TC-DB|Q7CQ74|3.A.1.5.24	61.6	365	126	4	1	352	1	364	3.7e-119	424.5
BCW-200432_03227	gnl|TC-DB|P33913|3.A.1.5.21	36.6	596	365	10	1	592	1	587	6.9e-113	404.4
BCW-200432_03228	gnl|TC-DB|G0LBU8|1.B.14.6.11	24.0	888	543	33	25	880	189	976	2.0e-28	124.4
BCW-200432_03231	gnl|TC-DB|G0LBU8|1.B.14.6.11	38.0	163	86	5	130	282	197	354	1.2e-15	82.0
BCW-200432_03244	gnl|TC-DB|P77239|2.A.6.1.4	38.9	396	230	4	7	401	9	393	1.5e-73	273.5
BCW-200432_03245	gnl|TC-DB|Q9ZHC9|2.A.6.1.3	64.9	1038	361	1	1	1035	1	1038	0.0e+00	1353.6
BCW-200432_03250	gnl|TC-DB|Q50864|4.D.1.3.4	32.5	440	282	9	409	842	403	833	2.6e-47	187.6
BCW-200432_03253	gnl|TC-DB|Q15HU6|3.A.7.14.2	34.8	164	102	2	246	408	24	183	2.6e-18	89.7
BCW-200432_03258	gnl|TC-DB|Q9KN48|3.A.23.1.1	42.6	216	122	2	231	445	217	431	6.4e-43	171.8
BCW-200432_03264	gnl|TC-DB|P37621|2.A.1.46.7	50.1	397	193	1	5	396	1	397	3.8e-96	348.2
BCW-200432_03271	gnl|TC-DB|P15993|2.A.3.1.3	66.2	467	146	3	1	466	2	457	2.0e-168	588.6
BCW-200432_03287	gnl|TC-DB|Q6T3V6|2.A.38.1.2	48.5	474	240	4	12	483	20	491	2.3e-119	425.6
BCW-200432_03298	gnl|TC-DB|Q5EAK4|2.A.16.2.2	26.6	413	243	14	36	417	1391	1774	1.2e-20	98.2
BCW-200432_03303	gnl|TC-DB|O53183|2.A.1.2.71	57.3	389	166	0	12	400	15	403	1.6e-113	406.0
BCW-200432_03306	gnl|TC-DB|P0C0L7|2.A.1.6.4	79.1	497	104	0	4	500	3	499	5.6e-230	793.1
BCW-200432_03328	gnl|TC-DB|B2D7K2|3.A.23.1.1	37.3	518	296	8	10	509	6	512	6.9e-91	332.0
BCW-200432_03344	gnl|TC-DB|O07002|2.A.3.11.1	59.6	512	206	1	1	511	1	512	1.9e-186	648.7
BCW-200432_03346	gnl|TC-DB|P16683|3.A.1.9.1	39.5	228	132	3	30	253	34	259	2.9e-33	138.7
BCW-200432_03347	gnl|TC-DB|P16683|3.A.1.9.1	33.7	255	149	3	17	271	21	255	1.7e-26	116.3
BCW-200432_03348	gnl|TC-DB|A0QQ70|3.A.1.9.2	36.6	238	147	3	18	254	25	259	1.7e-28	122.9
BCW-200432_03349	gnl|TC-DB|P16682|3.A.1.9.1	24.1	261	188	5	5	258	8	265	2.1e-11	66.2
BCW-200432_03366	gnl|TC-DB|Q21EL3|1.B.14.1.24	31.3	677	432	15	49	706	35	697	2.8e-89	326.2
BCW-200432_03378	gnl|TC-DB|P32705|2.A.21.7.2	79.5	546	110	2	8	552	5	549	2.0e-236	814.7
BCW-200432_03379	gnl|TC-DB|P0AF54|9.B.136.1.1	58.8	102	42	0	1	102	1	102	4.4e-28	120.2
BCW-200432_03380	gnl|TC-DB|Q9HZ04|3.A.1.12.12	64.8	284	95	4	3	283	4	285	1.4e-100	362.5
BCW-200432_03381	gnl|TC-DB|Q9I4H4|4.D.3.1.11	35.5	386	229	10	27	405	12	384	8.8e-56	214.5
BCW-200432_03394	gnl|TC-DB|Q1D027|1.A.1.24.3	54.2	262	120	0	8	269	14	275	3.2e-62	235.0
BCW-200432_03395	gnl|TC-DB|P0AG78|3.A.1.6.1	54.1	316	143	2	14	328	12	326	1.4e-99	359.4
BCW-200432_03397	gnl|TC-DB|P76628|2.A.1.36.3	34.3	382	249	2	1	381	1	381	3.4e-52	202.2
BCW-200432_03405	gnl|TC-DB|Q9I3N2|9.B.14.1.7	83.4	656	109	0	7	662	2	657	0.0e+00	1111.7
BCW-200432_03408	gnl|TC-DB|Q9I3N5|9.B.14.2.4	82.9	251	43	0	10	260	2	252	1.2e-122	435.6
BCW-200432_03409	gnl|TC-DB|K6BIH6|3.A.1.107.4	85.5	221	32	0	2	222	3	223	5.8e-94	340.1
BCW-200432_03410	gnl|TC-DB|K6BJ24|3.A.1.107.4	67.5	206	67	0	3	208	5	210	1.5e-78	288.9
BCW-200432_03418	gnl|TC-DB|Q8E9J1|1.A.30.1.5	31.2	256	150	7	12	244	11	263	6.5e-24	107.8
BCW-200432_03419	gnl|TC-DB|Q8E9J0|1.A.30.1.5	45.3	243	133	0	4	246	1	243	1.6e-52	202.6
BCW-200432_03426	gnl|TC-DB|P10121|3.A.5.1.1	33.2	199	113	7	221	402	284	479	8.3e-15	78.2
BCW-200432_03427	gnl|TC-DB|P40729|3.A.6.2.1	53.3	685	298	3	2	683	25	690	1.3e-189	659.4
BCW-200432_03435	gnl|TC-DB|Q9XD84|1.B.12.8.3	30.0	504	287	8	319	763	490	986	4.7e-50	196.1
BCW-200432_03440	gnl|TC-DB|I3TU70|1.C.97.1.7	27.2	951	512	29	57	849	119	1047	5.0e-65	246.1
BCW-200432_03444	gnl|TC-DB|P76242|2.A.1.17.3	54.2	380	173	1	11	389	13	392	2.2e-107	385.6
BCW-200432_03469	gnl|TC-DB|P39285|1.A.23.1.3	34.1	252	150	5	499	740	783	1028	1.2e-29	128.3
BCW-200432_03470	gnl|TC-DB|Q7BW13|3.A.1.16.2	33.9	192	126	1	63	254	70	260	5.2e-30	127.9
BCW-200432_03471	gnl|TC-DB|Q44292|3.A.1.16.4	24.6	281	179	5	22	279	40	310	1.1e-18	90.9
BCW-200432_03472	gnl|TC-DB|Q55107|3.A.1.16.3	45.9	229	121	3	9	235	8	235	2.4e-52	202.2
BCW-200432_03477	gnl|TC-DB|Q9R0S5|2.A.3.8.7	23.8	390	280	7	48	431	78	456	6.6e-20	95.1
BCW-200432_03478	gnl|TC-DB|G0LBU8|1.B.14.6.11	33.5	817	449	21	36	795	197	976	6.7e-100	361.7
BCW-200432_03481	gnl|TC-DB|P0AGI1|3.A.1.2.1	35.4	305	185	4	27	331	23	315	2.7e-34	142.5
BCW-200432_03482	gnl|TC-DB|B8H229|3.A.1.2.21	39.1	512	290	10	10	505	3	508	1.5e-81	300.1
BCW-200432_03483	gnl|TC-DB|Q9HT69|3.A.1.24.5	47.9	213	107	1	4	216	11	219	2.7e-43	171.8
BCW-200432_03484	gnl|TC-DB|P30750|3.A.1.24.1	57.6	236	98	1	1	234	1	236	1.6e-69	259.2
BCW-200432_03485	gnl|TC-DB|Q9HT68|3.A.1.24.5	43.2	264	142	4	2	263	1	258	4.3e-51	198.0
BCW-200432_03492	gnl|TC-DB|A0ZUB1|3.A.1.122.12	99.2	652	4	1	1	652	1	651	0.0e+00	1225.7
BCW-200432_03493	gnl|TC-DB|Q84BQ3|3.A.1.122.12	99.7	362	1	0	21	382	1	362	2.3e-151	531.6
BCW-200432_03494	gnl|TC-DB|P69451|4.C.1.1.4	24.9	563	326	15	556	1049	15	549	2.0e-23	110.5
BCW-200432_03495	gnl|TC-DB|P69451|4.C.1.1.4	25.2	548	329	17	553	1046	29	549	1.2e-22	107.5
BCW-200432_03496	gnl|TC-DB|Q42524|4.C.1.1.7	22.6	442	283	11	498	895	63	489	2.7e-15	82.0
BCW-200432_03498	gnl|TC-DB|Q6V6X7|2.A.6.2.18	67.6	472	144	5	5	468	4	474	7.0e-166	580.1
BCW-200432_03509	gnl|TC-DB|P09391|9.B.104.1.1	34.3	175	107	4	115	286	106	275	8.2e-24	107.5
BCW-200432_03513	gnl|TC-DB|P0AB93|3.A.4.1.1	72.3	426	118	0	1	426	1	426	8.9e-168	586.3
BCW-200432_03524	gnl|TC-DB|P33913|3.A.1.5.21	39.4	601	343	9	5	602	5	587	6.0e-125	444.5
BCW-200432_03525	gnl|TC-DB|Q8ZNK0|3.A.1.5.24	42.2	559	315	6	35	590	34	587	5.5e-126	448.0
BCW-200432_03526	gnl|TC-DB|Q7CQ74|3.A.1.5.24	63.5	364	124	2	1	355	1	364	9.2e-126	446.4
BCW-200432_03527	gnl|TC-DB|P33915|3.A.1.5.21	59.1	337	137	1	3	339	4	339	1.2e-114	409.5
BCW-200432_03528	gnl|TC-DB|P33916|3.A.1.5.21	58.8	522	213	2	6	525	5	526	1.0e-168	589.7
BCW-200432_03539	gnl|TC-DB|P38101|2.A.76.1.4	30.0	190	128	4	2	189	4	190	3.7e-12	68.2
BCW-200432_03541	gnl|TC-DB|Q93N33|2.A.21.9.2	27.6	250	169	5	499	741	766	1010	8.7e-17	85.5
BCW-200432_03543	gnl|TC-DB|P0AG34|2.A.76.1.1	27.8	198	143	0	9	206	9	206	1.4e-17	86.3
BCW-200432_03548	gnl|TC-DB|P31133|3.A.1.11.2	41.3	361	210	2	6	364	9	369	3.6e-77	285.0
BCW-200432_03552	gnl|TC-DB|Q93N33|2.A.21.9.2	30.1	272	179	7	160	423	741	1009	9.0e-19	91.3
BCW-200432_03558	gnl|TC-DB|P71997|2.A.53.4.2	30.3	509	351	3	9	513	19	527	8.5e-54	208.0
BCW-200432_03559	gnl|TC-DB|P0AAD6|2.A.42.2.1	67.0	412	128	3	21	424	16	427	1.9e-149	525.4
BCW-200432_03577	gnl|TC-DB|P94400|9.B.10.1.1	32.0	387	193	13	13	344	3	374	3.3e-35	145.6
BCW-200432_03578	gnl|TC-DB|Q46821|2.A.40.3.3	41.4	435	254	1	2	435	10	444	3.9e-97	351.7
BCW-200432_03582	gnl|TC-DB|A8J166|2.A.39.3.14	38.7	496	263	10	25	492	17	499	4.7e-88	321.6
BCW-200432_03587	gnl|TC-DB|Q4KDN3|9.B.62.1.5	73.0	122	31	2	1	120	1	122	4.7e-42	166.8
BCW-200432_03588	gnl|TC-DB|Q4KDN4|9.B.62.1.5	69.4	288	82	2	1	282	1	288	2.4e-100	361.7
BCW-200432_03589	gnl|TC-DB|P27303|8.A.1.1.1	47.1	138	71	2	243	378	216	353	5.5e-28	121.7
BCW-200432_03592	gnl|TC-DB|Q9I6P8|1.B.25.1.14	70.9	412	111	5	28	431	11	421	1.3e-169	592.4
BCW-200432_03595	gnl|TC-DB|P43020|2.A.56.1.5	35.5	304	190	4	3	304	6	305	2.8e-49	192.2
BCW-200432_03597	gnl|TC-DB|Q8ZKS0|2.A.56.1.5	39.4	424	251	3	6	425	11	432	2.4e-72	269.2
BCW-200432_03598	gnl|TC-DB|E7BBJ3|2.A.102.4.2	39.3	267	158	2	1	266	1	264	3.6e-42	168.3
BCW-200432_03618	gnl|TC-DB|Q5SMG8|1.A.26.1.2	31.6	342	213	5	149	479	116	447	8.5e-42	167.9
BCW-200432_03638	gnl|TC-DB|O30506|3.A.1.3.11	89.8	254	26	0	1	254	1	254	1.9e-125	444.9
BCW-200432_03640	gnl|TC-DB|O50183|3.A.1.3.11	84.8	231	35	0	1	231	1	231	1.4e-106	382.1
BCW-200432_03641	gnl|TC-DB|O50182|3.A.1.3.11	82.1	229	41	0	1	229	1	229	5.4e-103	370.2
BCW-200432_03642	gnl|TC-DB|O50181|3.A.1.3.11	70.4	257	75	1	1	256	1	257	5.1e-102	367.1
BCW-200432_03643	gnl|TC-DB|P31552|4.C.1.1.6	20.6	535	379	14	90	616	21	517	3.6e-19	93.2
BCW-200432_03661	gnl|TC-DB|P0AAP1|9.B.34.1.2	39.1	343	208	1	9	351	29	370	1.8e-65	246.1
BCW-200432_03673	gnl|TC-DB|P0AFJ7|2.A.20.1.1	45.2	493	239	9	66	536	14	497	4.4e-103	371.7
BCW-200432_03676	gnl|TC-DB|Q02P42|2.A.117.1.2	52.2	138	66	0	4	141	24	161	3.8e-38	154.1
BCW-200432_03688	gnl|TC-DB|P12012|2.A.8.1.1	43.6	447	245	3	11	451	3	448	5.3e-102	367.9
BCW-200432_03692	gnl|TC-DB|Q02NR0|2.A.117.1.4	71.2	146	42	0	1	146	1	146	4.1e-56	213.8
BCW-200432_03693	gnl|TC-DB|P31679|2.A.1.1.114	26.0	388	263	8	87	468	60	429	1.3e-26	117.5
BCW-200432_03695	gnl|TC-DB|M3JA40|1.B.52.2.1	45.9	109	45	1	282	376	238	346	3.3e-16	82.8
BCW-200432_03698	gnl|TC-DB|Q9KKE3|3.A.1.12.6	45.1	328	178	1	12	337	18	345	3.6e-87	318.2
BCW-200432_03708	gnl|TC-DB|P69451|4.C.1.1.4	54.9	559	249	3	6	563	5	561	1.8e-179	625.5
BCW-200432_03709	gnl|TC-DB|P69451|4.C.1.1.4	52.1	557	259	2	6	562	5	553	6.0e-172	600.5
BCW-200432_03721	gnl|TC-DB|Q51485|1.B.19.1.1	66.0	450	151	1	2	449	5	454	3.0e-182	634.4
BCW-200432_03722	gnl|TC-DB|Q88P35|3.A.1.1.30	84.7	386	57	1	1	386	1	384	2.5e-185	644.4
BCW-200432_03723	gnl|TC-DB|Q88P36|3.A.1.1.30	90.4	281	27	0	1	281	1	281	6.8e-140	493.0
BCW-200432_03724	gnl|TC-DB|Q88P37|3.A.1.1.30	90.7	301	28	0	1	301	1	301	6.6e-157	549.7
BCW-200432_03725	gnl|TC-DB|Q88P38|3.A.1.1.30	86.1	433	55	1	1	433	1	428	2.1e-217	751.1
BCW-200432_03734	gnl|TC-DB|P31499|1.B.14.2.2	27.2	732	388	27	127	821	44	667	3.4e-41	166.8
BCW-200432_03739	gnl|TC-DB|P18275|2.A.3.2.3	75.6	479	111	1	3	475	4	482	2.4e-206	714.5
BCW-200432_03740	gnl|TC-DB|P18275|2.A.3.2.3	85.2	479	65	1	3	475	4	482	5.7e-224	773.1
BCW-200432_03745	gnl|TC-DB|Q9KN48|3.A.23.1.1	45.4	240	129	2	193	431	193	431	4.9e-48	188.7
BCW-200432_03757	gnl|TC-DB|C6EJJ6|2.C.1.2.1	40.9	171	93	4	1	163	1	171	2.3e-23	105.1
BCW-200432_03758	gnl|TC-DB|P0A855|2.C.1.2.1	52.1	413	191	4	4	413	22	430	4.5e-39	158.7
BCW-200432_03760	gnl|TC-DB|Q1D0D2|1.A.30.2.7	37.6	141	71	3	11	151	10	133	1.0e-17	86.3
BCW-200432_03761	gnl|TC-DB|P0ABU9|1.A.30.2.2	56.9	218	94	0	14	231	9	226	1.0e-61	233.0
BCW-200432_03775	gnl|TC-DB|O24779|1.B.25.1.3	48.0	444	196	7	3	431	1	424	3.5e-103	371.7
BCW-200432_03776	gnl|TC-DB|P0C0S1|1.A.23.2.1	32.2	276	172	5	2	268	3	272	1.5e-35	146.4
BCW-200432_03779	gnl|TC-DB|Q9HV74|2.A.21.9.1	28.2	394	226	12	281	662	626	974	4.6e-33	139.4
BCW-200432_03784	gnl|TC-DB|P10408|3.A.5.1.1	62.3	912	332	2	1	911	1	901	0.0e+00	1113.6
BCW-200432_03802	gnl|TC-DB|Q693A5|1.C.107.1.3	31.1	895	487	25	473	1326	1363	2168	5.0e-79	293.1
BCW-200432_03803	gnl|TC-DB|D3VHH3|1.C.107.1.2	24.3	715	495	17	288	980	457	1147	7.9e-44	176.0
BCW-200432_03811	gnl|TC-DB|D4ZZR3|9.B.34.1.3	43.4	166	89	3	198	358	227	392	7.8e-27	117.9
BCW-200432_03817	gnl|TC-DB|Q9HV74|2.A.21.9.1	37.6	250	137	9	340	579	734	974	4.5e-29	125.9
BCW-200432_03818	gnl|TC-DB|Q9KN48|3.A.23.1.1	42.2	303	158	6	77	369	123	418	2.9e-52	202.6
BCW-200432_03819	gnl|TC-DB|P0AEX3|2.A.1.6.2	56.5	416	181	0	21	436	17	432	2.9e-129	458.4
BCW-200432_03826	gnl|TC-DB|Q1M7Q1|3.A.1.11.6	44.3	327	176	3	4	325	6	331	1.7e-71	266.2
BCW-200432_03827	gnl|TC-DB|Q44381|3.A.1.11.3	33.1	245	154	2	25	268	25	260	7.0e-20	94.4
BCW-200432_03828	gnl|TC-DB|O70110|3.A.1.11.4	30.9	269	172	6	25	287	6	266	6.4e-27	117.9
BCW-200432_03839	gnl|TC-DB|O32182|2.A.1.3.33	35.9	449	276	7	11	452	8	451	7.8e-70	261.2
BCW-200432_03845	gnl|TC-DB|B5U2Z3|2.A.75.1.4	41.8	196	109	2	5	197	6	199	6.7e-33	137.1
BCW-200432_03852	gnl|TC-DB|Q4VSJ3|2.A.6.2.20	35.0	340	210	1	38	377	37	365	8.8e-50	194.1
BCW-200432_03853	gnl|TC-DB|Q9HW27|2.A.6.2.33	83.0	1006	171	0	1	1006	1	1006	0.0e+00	1594.7
BCW-200432_03864	gnl|TC-DB|A0L4L0|3.A.1.132.3	39.1	338	192	5	6	342	4	328	5.6e-62	234.6
BCW-200432_03866	gnl|TC-DB|C4N8U4|3.D.6.1.2	35.3	190	116	3	4	186	3	192	3.3e-21	98.2
BCW-200432_03867	gnl|TC-DB|P77223|3.D.6.1.4	54.8	104	44	2	3	103	36	139	1.3e-27	120.6
BCW-200432_03868	gnl|TC-DB|P76182|3.D.6.1.4	41.3	341	176	6	2	321	8	345	2.8e-68	255.4
BCW-200432_03883	gnl|TC-DB|P07658|3.D.1.9.2	25.0	649	419	14	44	653	37	656	9.2e-37	151.8
BCW-200432_03886	gnl|TC-DB|Q82VN5|3.A.1.10.4	51.4	352	164	2	6	350	4	355	5.3e-100	360.9
BCW-200432_03889	gnl|TC-DB|P0AER0|1.A.8.1.1	73.9	257	67	0	6	262	3	259	1.6e-109	392.1
BCW-200432_03893	gnl|TC-DB|Q88NY2|3.A.1.3.19	74.9	307	74	3	1	307	2	305	2.9e-128	454.5
BCW-200432_03894	gnl|TC-DB|Q88NY3|3.A.1.3.19	93.1	248	17	0	1	248	1	248	1.5e-127	451.8
BCW-200432_03895	gnl|TC-DB|Q88NY4|3.A.1.3.19	90.6	223	21	0	1	223	1	223	2.3e-106	381.3
BCW-200432_03896	gnl|TC-DB|Q9I405|3.A.1.3.22	92.2	244	19	0	1	244	1	244	1.8e-128	454.9
BCW-200432_03898	gnl|TC-DB|Q9KN48|3.A.23.1.1	37.4	369	188	5	112	437	156	524	3.6e-55	212.2
BCW-200432_03899	gnl|TC-DB|P52112|9.B.72.1.1	77.1	109	25	0	4	112	1	109	3.4e-42	167.2
BCW-200432_03904	gnl|TC-DB|G8WDN4|2.A.76.1.10	55.2	210	94	0	1	210	1	210	1.9e-57	218.8
BCW-200432_03907	gnl|TC-DB|P0AAP1|9.B.34.1.2	34.3	178	104	4	302	472	195	366	2.5e-19	94.0
BCW-200432_03908	gnl|TC-DB|D4ZZR3|9.B.34.1.3	31.2	192	124	3	163	349	205	393	9.4e-17	85.1
BCW-200432_03909	gnl|TC-DB|Q74FY6|5.B.3.1.1	39.5	319	173	5	8	311	10	323	7.1e-53	204.1
BCW-200432_03911	gnl|TC-DB|Q9HV74|2.A.21.9.1	29.0	352	190	9	122	467	684	981	2.2e-26	116.7
BCW-200432_03912	gnl|TC-DB|P76037|2.A.3.1.13	44.1	433	239	3	3	432	17	449	7.2e-96	347.4
BCW-200432_03917	gnl|TC-DB|P37460|2.A.3.1.6	56.5	441	190	2	18	457	7	446	9.3e-142	500.0
BCW-200432_03930	gnl|TC-DB|Q51485|1.B.19.1.1	68.4	433	135	1	23	453	22	454	3.8e-185	644.0
BCW-200432_03940	gnl|TC-DB|Q4KCN4|9.B.62.1.5	30.3	264	135	6	38	255	48	308	6.0e-29	125.2
BCW-200432_03948	gnl|TC-DB|B7L5V2|1.A.34.1.3	30.4	125	84	2	149	271	99	222	3.4e-11	65.5
BCW-200432_03964	gnl|TC-DB|P44669|9.A.41.1.1	62.6	620	230	2	1	620	1	618	6.2e-210	726.9
BCW-200432_03974	gnl|TC-DB|P0AG93|2.A.6.4.1	45.3	307	161	3	3	304	15	319	6.8e-69	257.3
BCW-200432_03975	gnl|TC-DB|P0AG90|2.A.6.4.1	48.0	633	300	9	1	622	1	615	6.5e-151	530.8
BCW-200432_03976	gnl|TC-DB|P0ADZ7|3.A.5.1.1	50.4	113	52	2	1	112	1	110	3.2e-24	107.5
BCW-200432_03994	gnl|TC-DB|P42308|2.A.11.1.2	53.2	438	190	1	1	438	1	423	2.5e-128	455.3
BCW-200432_04000	gnl|TC-DB|Q9I5H4|1.B.25.1.10	58.5	417	172	1	1	417	12	427	2.1e-145	511.9
BCW-200432_04001	gnl|TC-DB|P70786|2.A.1.14.3	47.2	415	217	1	19	431	21	435	1.6e-108	389.4
BCW-200432_04008	gnl|TC-DB|L5DDD7|2.A.109.2.3	45.2	239	128	2	1	238	370	606	6.9e-51	197.2
BCW-200432_04025	gnl|TC-DB|P0ABP6|9.B.27.2.3	59.3	204	81	1	6	207	8	211	3.8e-66	247.7
BCW-200432_04029	gnl|TC-DB|Q53148|2.A.3.5.1	34.4	450	273	7	5	447	36	470	6.8e-57	218.0
BCW-200432_04031	gnl|TC-DB|Q9KN48|3.A.23.1.1	41.6	286	149	8	328	598	188	470	8.9e-47	184.9
BCW-200432_04039	gnl|TC-DB|P42102|2.A.122.1.7	33.8	213	141	0	22	234	13	225	9.5e-26	113.6
BCW-200432_04048	gnl|TC-DB|P0ABG7|2.A.103.1.2	53.0	366	165	3	17	379	7	368	3.5e-107	384.8
BCW-200432_04064	gnl|TC-DB|P0A2L3|9.A.40.1.2	52.4	275	124	3	1	269	1	274	2.6e-75	278.5
BCW-200432_04080	gnl|TC-DB|P69380|2.A.4.7.1	45.3	289	158	0	7	295	5	293	1.3e-67	253.1
BCW-200432_04089	gnl|TC-DB|p0aa70|2.A.7.3.22	57.0	291	125	0	9	299	7	297	2.4e-85	312.0
BCW-200432_04090	gnl|TC-DB|O00571|1.I.1.1.3	40.3	372	204	4	2	355	181	552	1.4e-67	253.4
BCW-200432_04111	gnl|TC-DB|P31466|2.A.40.7.6	51.0	431	211	0	1	431	14	444	1.6e-119	426.0
BCW-200432_04117	gnl|TC-DB|P0ABJ9|3.D.4.3.2	30.9	123	85	0	317	439	381	503	4.6e-11	65.9
BCW-200432_04118	gnl|TC-DB|P0ABK2|3.D.4.3.2	30.2	367	214	9	5	332	7	370	5.8e-37	151.4
BCW-200432_04123	gnl|TC-DB|P0A742|1.A.22.1.1	65.4	136	46	1	1	136	1	135	8.9e-45	176.0
BCW-200432_04128	gnl|TC-DB|Q8ZJY5|2.A.114.1.10	67.2	708	207	5	3	687	2	707	2.2e-272	934.5
BCW-200432_04130	gnl|TC-DB|P94400|9.B.10.1.1	32.8	299	154	9	6	266	4	293	1.5e-29	126.7
BCW-200432_04133	gnl|TC-DB|P0A830|2.A.23.1.7	48.5	412	211	1	7	418	7	417	1.9e-104	375.9
BCW-200432_04136	gnl|TC-DB|P43672|3.A.1.120.6	32.6	518	344	3	21	536	18	532	2.2e-73	273.1
BCW-200432_04157	gnl|TC-DB|P37169|2.A.66.4.1	73.7	509	134	0	1	509	14	522	1.3e-213	738.8
BCW-200432_04160	gnl|TC-DB|B8I766|9.B.105.1.5	35.5	155	88	6	13	163	3	149	9.2e-15	76.6
BCW-200432_04169	gnl|TC-DB|Q60148|3.A.15.2.1	35.5	141	80	4	1	131	1	140	7.9e-14	73.2
BCW-200432_04171	gnl|TC-DB|Q9KN48|3.A.23.1.1	37.0	357	200	3	114	445	169	525	1.0e-57	220.7
BCW-200432_04172	gnl|TC-DB|Q9HV74|2.A.21.9.1	27.5	375	229	12	178	523	612	972	7.8e-20	95.1
BCW-200432_04173	gnl|TC-DB|P0AC02|1.B.33.1.3	40.7	243	141	3	2	242	3	244	5.3e-46	181.4
BCW-200432_04176	gnl|TC-DB|Q9FI56|3.A.9.1.2	45.2	866	380	12	4	841	96	894	1.1e-198	689.9
BCW-200432_04190	gnl|TC-DB|P22610|3.A.15.2.1	70.3	290	86	0	1	290	1	290	8.0e-120	426.4
BCW-200432_04191	gnl|TC-DB|P22609|3.A.15.2.1	73.9	372	97	0	34	405	2	373	1.3e-152	535.8
BCW-200432_04192	gnl|TC-DB|P22608|3.A.15.2.1	78.1	567	122	2	1	566	1	566	3.7e-254	873.6
BCW-200432_04193	gnl|TC-DB|P04739|3.A.15.2.1	39.9	153	74	3	1	141	1	147	5.4e-16	80.5
BCW-200432_04199	gnl|TC-DB|P31552|4.C.1.1.6	22.1	534	370	15	89	613	21	517	3.0e-26	116.7
BCW-200432_04206	gnl|TC-DB|Q9KN48|3.A.23.1.1	36.8	326	201	3	148	470	193	516	2.1e-48	189.9
BCW-200432_04207	gnl|TC-DB|Q9HV74|2.A.21.9.1	80.6	981	190	0	1	981	1	981	0.0e+00	1579.7
BCW-200432_04214	gnl|TC-DB|Q9HV90|3.A.1.14.21	64.1	276	95	2	14	287	15	288	1.1e-92	336.3
BCW-200432_04215	gnl|TC-DB|O68878|3.A.1.14.21	83.2	327	54	1	19	345	1	326	1.3e-140	495.7
BCW-200432_04216	gnl|TC-DB|O68877|3.A.1.14.21	76.9	255	59	0	1	255	1	255	4.8e-108	387.1
BCW-200432_04231	gnl|TC-DB|Q8XB73|5.B.7.1.1	40.0	190	110	3	14	201	18	205	2.6e-24	108.6
BCW-200432_04233	gnl|TC-DB|P0AAP1|9.B.34.1.2	30.0	170	111	4	529	695	201	365	3.7e-12	70.5
BCW-200432_04235	gnl|TC-DB|P29939|2.A.7.2.1	61.3	137	53	0	8	144	4	140	9.9e-42	166.0
BCW-200432_04238	gnl|TC-DB|P39830|2.A.37.1.5	30.9	385	252	6	2	376	3	383	8.3e-39	158.3
BCW-200432_04245	gnl|TC-DB|P94400|9.B.10.1.1	52.4	393	178	4	5	393	4	391	1.7e-107	386.0
BCW-200432_04249	gnl|TC-DB|G0LRW9|3.A.1.15.15	32.3	198	125	3	27	216	28	224	6.3e-24	107.5
BCW-200432_04250	gnl|TC-DB|A1IQK4|3.A.1.15.10	53.7	272	126	0	10	281	10	281	4.9e-69	257.7
BCW-200432_04251	gnl|TC-DB|Q5FA63|3.A.1.15.10	39.9	306	161	4	5	290	6	308	7.4e-57	217.2
BCW-200432_04257	gnl|TC-DB|Q9I147|3.A.3.6.15	76.4	609	143	1	21	628	37	645	4.2e-222	767.3
BCW-200432_04263	gnl|TC-DB|P0AG34|2.A.76.1.1	30.2	199	132	4	1	197	1	194	2.1e-16	82.4
BCW-200432_04267	gnl|TC-DB|B9DIS8|9.B.97.5.1	27.2	383	212	14	9	362	22	366	9.0e-18	87.8
BCW-200432_04273	gnl|TC-DB|Q9HTB8|3.A.1.103.6	76.6	265	62	0	1	265	1	265	7.1e-115	409.8
BCW-200432_04274	gnl|TC-DB|Q9I3V8|3.A.1.103.6	37.1	391	238	6	3	387	7	395	5.5e-61	231.5
BCW-200432_04286	gnl|TC-DB|P0A6E6|3.A.2.1.1	49.6	137	69	0	1	137	1	137	4.1e-29	124.0
BCW-200432_04287	gnl|TC-DB|P0ABB4|3.A.2.1.1	84.1	460	72	1	1	459	1	460	3.6e-223	770.4
BCW-200432_04288	gnl|TC-DB|P0ABA6|3.A.2.1.1	68.6	287	89	1	1	286	1	287	3.5e-107	384.4
BCW-200432_04289	gnl|TC-DB|P0ABB0|3.A.2.1.1	77.3	512	116	0	3	514	2	513	5.4e-228	786.6
BCW-200432_04290	gnl|TC-DB|P0ABA4|3.A.2.1.1	43.3	178	100	1	1	178	1	177	4.1e-34	141.0
BCW-200432_04291	gnl|TC-DB|P0ABA0|3.A.2.1.1	40.4	156	93	0	1	156	1	156	2.3e-20	95.1
BCW-200432_04292	gnl|TC-DB|P68699|3.A.2.1.1	57.1	70	30	0	7	76	8	77	5.4e-16	79.7
BCW-200432_04293	gnl|TC-DB|P0AB98|3.A.2.1.1	54.9	286	106	7	5	288	7	271	9.0e-71	263.5
BCW-200432_04294	gnl|TC-DB|B1JFU8|1.A.77.3.9	82.2	135	24	0	1	135	1	135	2.0e-57	218.0
BCW-200432_04301	gnl|TC-DB|Q82VI7|1.B.14.1.10	35.9	804	462	15	37	811	45	824	1.1e-134	477.2
BCW-200432_04303	gnl|TC-DB|P25714|2.A.9.3.1	48.0	485	244	6	75	552	53	536	9.7e-122	433.7
BCW-200432_04320	gnl|TC-DB|P0AGI8|2.A.38.1.1	63.6	451	164	0	1	451	1	451	1.3e-164	575.9
BCW-200432_04325	gnl|TC-DB|Q8VRK4|3.A.11.1.3	43.3	240	122	5	119	353	93	323	1.1e-36	150.6
BCW-200432_04331	gnl|TC-DB|B9LBX9|2.A.53.3.4	33.5	498	304	6	14	489	21	513	1.9e-63	240.0
BCW-200432_04332	gnl|TC-DB|Q9HTI6|3.A.1.12.12	47.4	302	156	1	5	303	6	307	3.5e-81	298.1
BCW-200432_04338	gnl|TC-DB|P42308|2.A.11.1.2	62.5	427	155	1	1	427	1	422	7.2e-149	523.5
BCW-200432_04339	gnl|TC-DB|L5DDD7|2.A.109.2.3	47.2	229	120	1	1	229	370	597	8.8e-54	206.8
BCW-200432_04340	gnl|TC-DB|P0AF43|2.A.58.2.1	62.3	536	201	1	1	536	1	535	8.8e-176	613.2
BCW-200432_04343	gnl|TC-DB|A4PCH7|3.A.1.27.1	40.9	318	181	3	64	377	1	315	1.7e-53	206.5
BCW-200432_04344	gnl|TC-DB|A4PCH8|3.A.1.27.1	60.6	249	97	1	13	260	25	273	6.3e-79	290.4
BCW-200432_04347	gnl|TC-DB|I6ZUE8|9.B.156.3.1	40.8	373	214	3	41	409	153	522	1.6e-68	256.5
BCW-200432_04348	gnl|TC-DB|P21345|2.A.23.1.1	74.9	423	105	1	1	422	1	423	9.3e-168	586.3
BCW-200432_04352	gnl|TC-DB|Q9KN48|3.A.23.1.1	42.0	226	131	0	147	372	193	418	5.3e-46	181.8
BCW-200432_04356	gnl|TC-DB|D4ZZR3|9.B.34.1.3	43.4	166	91	2	509	671	231	396	6.3e-27	119.0
BCW-200432_04365	gnl|TC-DB|P39172|3.A.1.15.5	39.9	303	175	3	7	304	8	308	5.1e-48	188.0
BCW-200432_04367	gnl|TC-DB|P0A9X1|3.A.1.15.5	59.4	244	98	1	5	247	4	247	1.6e-79	292.4
BCW-200432_04368	gnl|TC-DB|P39832|3.A.1.15.5	47.3	256	135	0	1	256	1	256	1.3e-47	186.4
BCW-200432_04371	gnl|TC-DB|Q9HT70|3.A.1.24.5	82.1	335	60	0	1	335	1	335	1.9e-157	551.6
BCW-200432_04372	gnl|TC-DB|Q9HT69|3.A.1.24.5	78.3	217	47	0	8	224	9	225	1.0e-82	302.8
BCW-200432_04373	gnl|TC-DB|Q9HT68|3.A.1.24.5	76.9	260	56	1	1	256	1	260	1.3e-105	379.0
BCW-200432_04380	gnl|TC-DB|Q3J5F6|3.D.4.6.2	39.0	295	143	8	2	294	4	263	3.4e-49	191.8
BCW-200432_04381	gnl|TC-DB|P19516|3.D.4.8.1	33.3	162	98	3	17	168	92	253	2.4e-21	98.6
BCW-200432_04382	gnl|TC-DB|P98002|3.D.4.6.1	51.2	543	240	5	8	526	7	548	3.1e-154	541.6
BCW-200432_04383	gnl|TC-DB|P08306|3.D.4.6.1	37.9	235	144	2	26	259	47	280	7.1e-44	174.5
BCW-200432_04385	gnl|TC-DB|P96878|2.A.53.3.12	34.0	494	306	7	2	485	23	506	3.8e-56	215.7
BCW-200432_04386	gnl|TC-DB|P96878|2.A.53.3.12	32.2	202	131	3	19	215	539	739	5.7e-26	114.4
BCW-200432_04416	gnl|TC-DB|P0C188|3.D.2.2.1	55.6	477	197	4	1	476	1	463	1.0e-135	479.9
BCW-200432_04417	gnl|TC-DB|P0C187|3.D.2.2.1	56.5	85	37	0	12	96	53	137	5.3e-21	96.7
BCW-200432_04418	gnl|TC-DB|P0C186|3.D.2.2.1	50.5	378	175	5	1	369	1	375	1.0e-87	320.1
BCW-200432_04424	gnl|TC-DB|P0AG96|3.A.5.1.1	41.9	124	70	1	1	122	1	124	5.7e-19	90.1
BCW-200432_04427	gnl|TC-DB|Q9ZK21|1.C.82.1.1	50.2	227	113	0	3	229	4	230	6.3e-59	223.8
BCW-200432_04439	gnl|TC-DB|Q01674|1.B.14.1.17	44.7	696	339	12	153	833	46	710	3.0e-167	585.5
BCW-200432_04453	gnl|TC-DB|Q88RG3|3.A.1.109.3	85.9	701	99	0	2	702	18	718	0.0e+00	1156.0
BCW-200432_04454	gnl|TC-DB|Q9I2M0|3.A.1.109.4	42.5	412	191	7	40	448	25	393	1.4e-78	290.0
BCW-200432_04457	gnl|TC-DB|O05347|3.A.1.16.2	50.0	212	103	3	28	238	37	246	3.3e-49	191.8
BCW-200432_04458	gnl|TC-DB|Q7BW13|3.A.1.16.2	27.3	242	160	4	38	269	12	247	5.2e-18	88.2
BCW-200432_04460	gnl|TC-DB|Q9RQ29|2.A.1.3.20	24.1	510	340	14	21	501	4	495	2.6e-20	96.7
BCW-200432_04461	gnl|TC-DB|Q9RQ30|8.A.1.1.2	34.9	304	188	3	50	352	61	355	1.3e-26	117.1
BCW-200432_04462	gnl|TC-DB|Q4VWC6|3.A.1.105.4	35.3	481	286	6	52	510	3	480	7.8e-73	271.2
BCW-200432_04464	gnl|TC-DB|O59180|8.A.21.2.1	50.4	240	119	0	10	249	13	252	6.2e-60	227.3
BCW-200432_04472	gnl|TC-DB|P46482|8.A.1.7.1	38.2	296	181	2	1	295	1	295	2.5e-52	202.2
BCW-200432_04473	gnl|TC-DB|B2FLY6|2.A.6.2.14	33.5	474	298	8	1	469	1	462	2.7e-56	216.1
BCW-200432_04476	gnl|TC-DB|P69434|1.B.55.1.1	36.8	805	476	11	29	827	30	807	6.6e-135	478.0
BCW-200432_04478	gnl|TC-DB|P75905|4.D.1.1.3	60.8	439	171	1	1	439	1	438	9.5e-160	559.7
BCW-200432_04482	gnl|TC-DB|P76481|1.A.13.2.3	50.3	467	224	2	87	545	104	570	2.8e-129	458.8
BCW-200432_04490	gnl|TC-DB|Q1J0W6|9.B.34.1.1	39.3	168	91	4	164	329	190	348	8.2e-20	94.4
BCW-200432_04492	gnl|TC-DB|D4ZZR3|9.B.34.1.3	36.4	165	101	2	207	368	228	391	3.6e-19	93.2
BCW-200432_04494	gnl|TC-DB|P0AG78|3.A.1.6.1	63.9	316	111	3	18	333	14	326	9.4e-112	399.8
BCW-200432_04495	gnl|TC-DB|P16701|3.A.1.6.1	49.0	261	133	0	8	268	9	269	9.7e-67	250.0
BCW-200432_04496	gnl|TC-DB|P0AEB0|3.A.1.6.1	52.1	265	127	0	26	290	22	286	3.9e-74	274.6
BCW-200432_04497	gnl|TC-DB|P16676|3.A.1.6.1	56.7	314	113	3	1	291	1	314	1.2e-90	329.7
BCW-200432_04500	gnl|TC-DB|G3IME2|9.B.35.1.2	37.7	114	68	2	25	136	29	141	7.1e-18	86.7
BCW-200432_04509	gnl|TC-DB|Q55107|3.A.1.16.3	44.0	250	132	4	6	247	5	254	1.7e-55	212.6
BCW-200432_04510	gnl|TC-DB|Q47539|3.A.1.17.1	27.5	262	181	2	16	268	9	270	1.2e-20	97.8
BCW-200432_04511	gnl|TC-DB|O85763|3.A.1.17.2	25.5	294	198	7	50	335	39	319	1.5e-16	83.6
BCW-200432_04516	gnl|TC-DB|Q9LAE4|1.B.14.8.1	24.1	787	492	18	35	786	10	726	5.0e-39	159.5
BCW-200432_04522	gnl|TC-DB|Q1D0D3|1.A.30.2.7	36.2	213	131	2	11	218	24	236	6.0e-28	120.9
BCW-200432_04523	gnl|TC-DB|Q1D0D2|1.A.30.2.7	47.1	121	62	2	12	131	13	132	2.2e-19	91.7
BCW-200432_04525	gnl|TC-DB|Q9KN48|3.A.23.1.1	38.5	239	146	1	16	253	181	419	3.8e-43	171.8
BCW-200432_04526	gnl|TC-DB|Q9HT68|3.A.1.24.5	67.9	265	80	1	1	265	1	260	1.5e-96	349.0
BCW-200432_04528	gnl|TC-DB|A1VZQ3|3.A.1.3.16	30.0	207	145	0	9	215	38	244	1.1e-20	96.7
BCW-200432_04529	gnl|TC-DB|P0AEQ6|3.A.1.3.2	36.5	208	131	1	9	215	8	215	3.5e-27	118.2
BCW-200432_04530	gnl|TC-DB|P54537|3.A.1.3.15	52.5	238	113	0	4	241	1	238	8.9e-70	260.0
BCW-200432_04531	gnl|TC-DB|Q8RCC4|3.A.1.3.27	33.2	235	148	4	41	270	30	260	9.8e-25	110.5
BCW-200432_04533	gnl|TC-DB|Q9I6X6|2.A.6.2.27	55.2	339	151	1	17	355	27	364	1.0e-87	320.1
BCW-200432_04534	gnl|TC-DB|Q9I6X5|2.A.6.2.27	48.3	350	180	1	5	354	8	356	1.2e-77	286.6
BCW-200432_04535	gnl|TC-DB|Q9I6X4|2.A.6.2.27	76.9	1013	233	1	1	1012	1	1013	0.0e+00	1515.7
BCW-200432_04537	gnl|TC-DB|Q9HT69|3.A.1.24.5	41.7	206	119	1	2	207	14	218	9.4e-41	163.3
BCW-200432_04538	gnl|TC-DB|O32169|3.A.1.24.2	48.1	312	160	1	36	347	7	316	5.7e-78	287.7
BCW-200432_04539	gnl|TC-DB|P28635|3.A.1.24.1	41.8	220	120	4	52	267	56	271	6.0e-37	151.0
BCW-200432_04544	gnl|TC-DB|P37774|3.A.1.3.10	77.1	245	56	0	2	246	4	248	1.7e-102	368.6
BCW-200432_04545	gnl|TC-DB|P0AFT2|3.A.1.3.10	75.0	220	55	0	1	220	1	220	3.7e-85	310.8
BCW-200432_04546	gnl|TC-DB|P0AEM9|3.A.1.3.10	63.8	268	93	3	1	266	1	266	1.6e-90	328.9
BCW-200432_04549	gnl|TC-DB|Q4ZLW8|2.A.15.1.3	89.6	666	67	1	1	666	1	664	0.0e+00	1213.4
BCW-200432_04555	gnl|TC-DB|Q84HG2|1.B.14.8.6	24.1	713	458	18	26	728	21	660	4.0e-38	156.4
BCW-200432_04557	gnl|TC-DB|Q14722|8.A.5.1.1	34.9	321	198	7	13	327	89	404	4.8e-47	184.9
BCW-200432_04559	gnl|TC-DB|Q47539|3.A.1.17.1	64.1	262	86	2	22	275	12	273	7.3e-86	313.5
BCW-200432_04560	gnl|TC-DB|Q47538|3.A.1.17.1	63.1	255	92	1	3	257	1	253	1.1e-86	316.2
BCW-200432_04561	gnl|TC-DB|Q47537|3.A.1.17.1	55.1	312	138	1	12	323	10	319	7.4e-98	353.6
BCW-200432_04579	gnl|TC-DB|O00571|1.I.1.1.3	26.1	218	151	5	131	342	344	557	9.1e-15	78.6
BCW-200432_04583	gnl|TC-DB|P07658|3.D.1.9.2	28.2	394	241	8	118	497	61	426	2.8e-42	170.2
BCW-200432_04590	gnl|TC-DB|Q9KN48|3.A.23.1.1	36.5	362	194	3	119	445	164	524	1.5e-48	190.3
BCW-200432_04597	gnl|TC-DB|Q8G8W9|1.B.14.1.26	26.4	705	436	27	46	697	134	808	1.2e-41	167.9
BCW-200432_04599	gnl|TC-DB|O24779|1.B.25.1.3	72.7	428	114	2	1	428	1	425	8.6e-179	622.9
BCW-200432_04618	gnl|TC-DB|Q9HU29|3.A.1.3.23	72.7	227	62	0	3	229	4	230	5.2e-90	327.0
BCW-200432_04619	gnl|TC-DB|Q9HU30|3.A.1.3.23	66.8	229	76	0	1	229	1	229	6.0e-86	313.5
BCW-200432_04620	gnl|TC-DB|Q9HU31|3.A.1.3.23	76.8	250	57	1	1	249	1	250	5.3e-112	400.2
BCW-200432_04621	gnl|TC-DB|Q9HU32|3.A.1.3.23	91.8	257	21	0	1	257	1	257	8.1e-132	466.1
BCW-200432_04622	gnl|TC-DB|P25527|2.A.3.1.4	66.5	454	152	0	1	454	1	454	2.1e-162	568.5
BCW-200432_04633	gnl|TC-DB|Q51330|2.A.1.11.1	27.0	415	232	14	30	440	15	362	1.1e-19	94.7
BCW-200432_04643	gnl|TC-DB|O35002|9.B.174.1.1	35.9	412	223	10	40	439	35	417	4.3e-56	215.3
BCW-200432_04651	gnl|TC-DB|Q9KN48|3.A.23.1.1	39.9	343	194	5	134	466	188	528	1.3e-55	213.8
BCW-200432_04673	gnl|TC-DB|P94369|2.A.39.1.5	39.9	444	261	5	14	456	3	441	1.3e-82	303.5
BCW-200432_04674	gnl|TC-DB|Q9KKE3|3.A.1.12.6	48.7	343	152	4	3	322	4	345	1.5e-95	345.9
BCW-200432_04675	gnl|TC-DB|Q9KKE2|3.A.1.12.6	63.6	280	102	0	1	280	1	280	5.3e-92	334.0
BCW-200432_04676	gnl|TC-DB|Q9KKE1|3.A.1.12.6	67.4	267	87	0	6	272	1	267	8.5e-103	369.8
BCW-200432_04684	gnl|TC-DB|P62517|4.D.3.1.1	63.3	837	297	6	12	841	5	838	7.2e-310	1059.3
BCW-200432_04685	gnl|TC-DB|P30860|3.A.1.3.3	28.9	228	146	4	35	255	23	241	4.4e-24	108.2
BCW-200432_04686	gnl|TC-DB|Q8YSA2|3.A.1.3.17	45.8	203	103	1	117	312	283	485	2.9e-38	155.6
BCW-200432_04687	gnl|TC-DB|P54537|3.A.1.3.15	58.6	244	97	1	1	244	1	240	1.1e-74	276.2
BCW-200432_04688	gnl|TC-DB|M3JA40|1.B.52.2.1	50.4	115	49	2	444	550	259	373	1.1e-17	88.2
BCW-200432_04690	gnl|TC-DB|P69423|2.A.64.1.1	64.9	225	79	0	12	236	8	232	2.0e-77	285.4
BCW-200432_04710	gnl|TC-DB|Q9ZKE4|3.A.11.3.1	31.6	544	347	10	196	739	101	619	6.9e-67	251.9
BCW-200432_04716	gnl|TC-DB|Q21EL3|1.B.14.1.24	33.6	670	416	13	46	696	35	694	1.1e-95	347.4
BCW-200432_04725	gnl|TC-DB|P64604|3.A.1.27.3	46.2	160	81	1	1	155	1	160	2.3e-33	138.3
BCW-200432_04726	gnl|TC-DB|P64606|3.A.1.27.3	61.0	259	101	0	6	264	2	260	1.2e-82	302.8
BCW-200432_04727	gnl|TC-DB|P63386|3.A.1.27.3	58.3	266	111	0	1	266	1	266	1.9e-91	332.0
BCW-200432_04732	gnl|TC-DB|P0A9V1|1.B.42.1.2	67.6	241	78	0	1	241	1	241	5.0e-91	330.5
BCW-200432_04735	gnl|TC-DB|D4GYE4|4.A.2.1.15	33.8	130	86	0	18	147	20	149	5.4e-14	73.9
BCW-200432_04751	gnl|TC-DB|P16926|9.B.157.1.3	36.1	296	171	1	3	298	13	290	9.8e-51	197.2
BCW-200432_04752	gnl|TC-DB|P0A9X4|9.B.157.1.3	80.7	347	65	1	1	345	1	347	1.6e-154	542.0
BCW-200432_04757	gnl|TC-DB|Q0ZAI3|2.A.19.5.2	38.3	308	182	3	2	302	6	312	1.0e-44	177.2
BCW-200432_04761	gnl|TC-DB|P42237|2.A.1.14.1	68.7	434	136	0	3	436	11	444	1.5e-181	632.1
BCW-200432_04768	gnl|TC-DB|Q6NLC1|3.A.1.203.8	34.6	621	319	9	19	565	65	672	2.8e-92	335.9
BCW-200432_04774	gnl|TC-DB|W0WLZ1|3.A.1.5.39	69.1	531	163	1	3	533	8	537	7.6e-225	776.2
BCW-200432_04775	gnl|TC-DB|W0WLZ1|3.A.1.5.39	76.3	539	119	2	1	539	6	535	9.0e-250	859.0
BCW-200432_04776	gnl|TC-DB|W0WLZ1|3.A.1.5.39	72.7	527	141	2	6	531	11	535	1.1e-231	798.9
BCW-200432_04777	gnl|TC-DB|Q9HVS0|1.B.25.1.9	47.4	458	218	6	22	471	42	484	5.1e-116	414.5
BCW-200432_04778	gnl|TC-DB|W0WL02|3.A.1.5.39	62.9	526	194	1	6	531	6	530	3.0e-197	684.5
BCW-200432_04779	gnl|TC-DB|W0WN20|3.A.1.5.39	86.6	336	45	0	1	336	1	336	8.0e-164	572.8
BCW-200432_04780	gnl|TC-DB|W0WMS8|3.A.1.5.39	87.9	298	36	0	11	308	6	303	4.2e-143	503.8
BCW-200432_04781	gnl|TC-DB|W0WJ90|3.A.1.5.39	79.9	318	64	0	1	318	1	318	1.5e-143	505.4
BCW-200432_04782	gnl|TC-DB|W0WLZ8|3.A.1.5.39	87.9	322	39	0	1	322	1	322	8.1e-161	562.8
BCW-200432_04792	gnl|TC-DB|P0A6J3|2.A.121.1.1	41.6	233	134	2	7	238	11	242	2.1e-44	175.6
BCW-200432_04805	gnl|TC-DB|E7UC95|1.E.14.1.9	37.8	111	69	0	11	121	17	127	1.0e-13	72.8
BCW-200432_04806	gnl|TC-DB|P39590|2.A.122.1.5	35.8	218	140	0	11	228	8	225	2.2e-32	135.6
BCW-200432_04815	gnl|TC-DB|Q51955|2.A.1.15.1	35.1	422	270	3	12	431	18	437	6.4e-71	264.6
BCW-200432_04826	gnl|TC-DB|P0AAD6|2.A.42.2.1	70.1	431	112	4	14	431	1	427	9.7e-162	566.2
BCW-200432_04830	gnl|TC-DB|Q9HXB2|1.B.14.1.12	66.2	785	255	5	1	776	1	784	2.0e-306	1047.7
BCW-200432_04838	gnl|TC-DB|Q8G8W9|1.B.14.1.26	28.3	831	512	28	24	806	11	805	1.7e-66	250.8
BCW-200432_04846	gnl|TC-DB|P24126|1.B.17.3.2	45.6	487	257	2	7	489	7	489	1.9e-108	389.4
BCW-200432_04847	gnl|TC-DB|E0LV84|2.A.85.1.4	23.3	546	375	8	32	559	10	529	3.8e-25	113.2
BCW-200432_04848	gnl|TC-DB|Q887R7|8.A.48.1.6	77.3	66	15	0	1	66	1	66	7.6e-26	112.1
BCW-200432_04849	gnl|TC-DB|P46482|8.A.1.7.1	40.4	282	166	2	1	281	5	285	2.7e-51	198.7
BCW-200432_04851	gnl|TC-DB|O32182|2.A.1.3.33	22.6	425	311	7	28	446	36	448	3.4e-16	82.8
BCW-200432_04860	gnl|TC-DB|P39580|2.A.50.2.1	30.6	216	129	8	124	323	119	329	3.7e-22	102.8
BCW-200432_04864	gnl|TC-DB|P18895|1.B.13.1.1	57.0	498	184	5	6	493	13	490	1.3e-165	579.3
BCW-200432_04867	gnl|TC-DB|Q52463|4.D.1.1.9	82.8	494	85	0	3	496	1	494	3.2e-241	830.5
BCW-200432_04875	gnl|TC-DB|O50181|3.A.1.3.11	60.9	258	99	2	1	257	1	257	1.4e-86	315.8
BCW-200432_04879	gnl|TC-DB|O00571|1.I.1.1.3	39.2	367	208	5	100	452	182	547	1.7e-66	250.0
BCW-200432_04881	gnl|TC-DB|P45766|3.A.1.3.26	69.0	342	103	2	2	343	3	341	3.8e-137	484.2
BCW-200432_04882	gnl|TC-DB|P45767|3.A.1.3.26	63.7	386	138	2	9	393	9	393	2.3e-133	471.9
BCW-200432_04883	gnl|TC-DB|P45768|3.A.1.3.26	66.5	355	119	0	8	362	9	363	6.7e-140	493.4
BCW-200432_04884	gnl|TC-DB|P45769|3.A.1.3.26	78.0	254	54	1	1	254	1	252	3.5e-119	424.1
BCW-200432_04886	gnl|TC-DB|P76242|2.A.1.17.3	38.2	377	228	4	44	417	14	388	5.2e-59	224.9
BCW-200432_04898	gnl|TC-DB|P0AF98|1.B.42.1.2	33.2	371	240	3	1	368	1	366	3.6e-48	188.7
BCW-200432_04899	gnl|TC-DB|P0ADC6|1.B.42.1.2	38.9	352	211	3	4	351	7	358	1.2e-61	233.4
BCW-200432_04910	gnl|TC-DB|Q9HXN4|4.A.1.1.15	69.8	570	166	2	1	564	1	570	2.3e-219	758.1
BCW-200432_04911	gnl|TC-DB|Q9HXN5|4.A.1.1.15	63.7	842	295	3	4	836	2	841	3.3e-291	997.3
BCW-200432_04922	gnl|TC-DB|P37643|2.A.1.6.10	53.5	437	198	2	3	434	4	440	6.0e-119	424.1
BCW-200432_04923	gnl|TC-DB|P37908|9.A.40.2.4	35.5	392	241	8	20	401	28	417	4.9e-62	235.0
BCW-200432_04924	gnl|TC-DB|A6V120|9.B.14.3.5	75.2	270	63	1	54	323	1	266	2.1e-105	378.6
BCW-200432_04925	gnl|TC-DB|P0AGD7|3.A.5.1.1	64.7	453	156	2	1	453	1	449	5.5e-155	543.9
BCW-200432_04952	gnl|TC-DB|P0AFR9|3.A.1.11.9	78.2	262	57	0	1	262	1	262	3.8e-116	414.1
BCW-200432_04953	gnl|TC-DB|P77156|3.A.1.11.9	79.1	302	63	0	5	306	12	313	4.6e-134	473.8
BCW-200432_04954	gnl|TC-DB|P77795|3.A.1.11.9	66.8	337	108	1	1	337	1	333	7.1e-123	436.8
BCW-200432_04955	gnl|TC-DB|P76108|3.A.1.11.9	75.5	379	93	0	5	383	3	381	6.8e-175	609.8
BCW-200432_04959	gnl|TC-DB|M3JA40|1.B.52.2.1	39.8	118	60	2	341	458	265	371	4.5e-15	79.3
BCW-200432_04965	gnl|TC-DB|P0AAP1|9.B.34.1.2	37.3	169	101	4	164	332	206	369	2.8e-23	105.9
BCW-200432_04973	gnl|TC-DB|Q8EBH3|1.B.6.1.22	33.0	115	75	2	142	254	250	364	5.9e-13	71.2
BCW-200432_04986	gnl|TC-DB|Q1CZ64|2.A.6.3.7	23.9	309	225	5	50	350	65	371	2.0e-11	66.6
BCW-200432_04987	gnl|TC-DB|Q9HXW4|2.A.6.2.17	82.3	1021	181	0	1	1021	1	1021	0.0e+00	1642.5
BCW-200432_05000	gnl|TC-DB|Q9I3Y3|2.A.66.1.12	72.1	455	126	1	10	463	5	459	2.3e-177	618.2
BCW-200432_05003	gnl|TC-DB|Q0WML0|3.A.1.201.8	37.6	534	330	2	58	590	110	641	1.8e-94	343.2
BCW-200432_05005	gnl|TC-DB|P43672|3.A.1.120.6	48.4	643	316	4	1	640	1	630	2.2e-154	542.3
BCW-200432_05011	gnl|TC-DB|Q07711|3.A.7.7.1	24.0	580	381	19	89	628	79	638	2.8e-27	120.6
BCW-200432_05024	gnl|TC-DB|P0A2G3|2.A.1.6.7	62.2	413	156	0	2	414	8	420	2.3e-147	518.5
BCW-200432_05029	gnl|TC-DB|P75958|3.A.1.125.1	39.9	414	245	4	1	413	1	411	1.9e-66	249.6
BCW-200432_05030	gnl|TC-DB|P75957|3.A.1.125.1	58.9	224	92	0	8	231	2	225	1.8e-69	258.8
BCW-200432_05031	gnl|TC-DB|P75958|3.A.1.125.1	32.0	412	278	2	1	411	1	411	1.9e-58	223.0
BCW-200432_05045	gnl|TC-DB|P76387|8.A.3.3.2	43.1	727	389	6	15	740	16	718	8.5e-158	553.9
BCW-200432_05056	gnl|TC-DB|P0A930|1.B.18.3.1	39.8	357	198	6	4	345	25	379	3.3e-67	251.9
BCW-200432_05059	gnl|TC-DB|D8EPC3|1.B.14.16.4	42.8	669	365	12	23	678	30	693	2.0e-145	512.7
BCW-200432_05061	gnl|TC-DB|G0CIY2|9.B.18.1.1	36.9	425	254	5	48	461	59	480	1.0e-68	257.3
BCW-200432_05081	gnl|TC-DB|J2YPD8|1.E.20.1.4	83.6	110	18	0	1	110	1	110	7.1e-48	186.0
BCW-200432_05109	gnl|TC-DB|918432279|1.M.1.4.4	65.0	117	39	1	42	158	14	128	7.2e-37	150.2
BCW-200432_05110	gnl|TC-DB|515542128|1.M.1.4.1	56.9	160	69	0	18	177	17	176	1.3e-40	162.5
BCW-200432_05120	gnl|TC-DB|M3JA40|1.B.52.2.1	52.8	106	50	0	471	576	287	392	4.0e-18	89.7
BCW-200432_05126	gnl|TC-DB|P12377|9.B.62.1.2	46.9	305	144	4	1	287	1	305	8.4e-61	230.3
BCW-200432_05127	gnl|TC-DB|Q4KDN3|9.B.62.1.5	40.3	124	67	2	1	123	3	120	2.3e-15	78.2
BCW-200432_05128	gnl|TC-DB|Q4KCN5|1.B.76.1.6	70.5	234	68	1	55	288	100	332	1.2e-102	369.4
BCW-200432_05129	gnl|TC-DB|Q4KCN4|9.B.62.1.5	75.1	563	140	0	6	568	11	573	7.5e-255	875.9
BCW-200432_05135	gnl|TC-DB|D4ZZR3|9.B.34.1.3	41.6	178	101	3	331	507	220	395	1.3e-30	131.0
BCW-200432_05142	gnl|TC-DB|Q46821|2.A.40.3.3	40.7	432	249	5	10	436	16	445	3.4e-81	298.9
BCW-200432_05148	gnl|TC-DB|Q9KIH3|2.A.1.3.18	43.6	507	277	1	16	513	19	525	8.4e-120	427.2
BCW-200432_05149	gnl|TC-DB|C5W790|2.A.1.3.36	26.3	342	236	6	6	343	13	342	1.5e-27	120.2
BCW-200432_05160	gnl|TC-DB|P0AAP1|9.B.34.1.2	33.3	177	112	2	650	826	199	369	1.0e-21	102.4
BCW-200432_05174	gnl|TC-DB|Q6LNU9|9.B.160.1.8	44.5	155	84	2	2	155	5	158	3.5e-28	121.3
BCW-200432_05195	gnl|TC-DB|P02925|3.A.1.2.1	33.0	294	182	5	10	303	6	284	4.8e-33	138.3
BCW-200432_05196	gnl|TC-DB|Q9X051|3.A.1.2.19	41.9	501	276	7	9	497	12	509	2.6e-97	352.4
BCW-200432_05197	gnl|TC-DB|Q1M4Q8|3.A.1.2.16	37.5	336	193	3	2	320	10	345	3.1e-43	172.2
BCW-200432_05198	gnl|TC-DB|A6VKT0|3.A.1.2.13	27.4	277	170	10	34	301	1	255	1.9e-11	66.6
BCW-200432_05219	gnl|TC-DB|Q9KN48|3.A.23.1.1	37.0	227	132	4	195	420	197	413	2.0e-31	133.7
BCW-200432_05226	gnl|TC-DB|P33116|3.A.1.111.2	31.3	591	385	8	10	594	15	590	6.6e-76	281.6
BCW-200432_05229	gnl|TC-DB|Q5P737|2.A.1.51.1	25.9	374	262	9	12	378	13	378	2.0e-12	70.1
BCW-200432_05243	gnl|TC-DB|Q6MLE8|1.A.23.4.12	26.4	208	145	4	105	306	126	331	9.1e-12	68.2
BCW-200432_05247	gnl|TC-DB|Q8VRL3|3.A.11.1.3	29.5	403	270	7	3	394	39	438	1.5e-36	150.2
BCW-200432_05248	gnl|TC-DB|Q9XD71|3.A.15.3.1	46.3	134	69	2	10	141	4	136	9.3e-29	122.9
BCW-200432_05257	gnl|TC-DB|Q8F3M7|3.A.15.4.1	40.8	463	260	5	110	565	102	557	2.1e-95	346.3
BCW-200432_05262	gnl|TC-DB|P31772|1.B.22.4.1	26.6	286	171	7	299	557	156	429	5.3e-20	95.9
BCW-200432_05267	gnl|TC-DB|P0AE98|1.B.48.1.1	50.0	104	52	0	38	141	28	131	2.6e-23	104.8
BCW-200432_05268	gnl|TC-DB|P0AEA2|1.B.48.1.1	49.8	271	128	3	7	275	4	268	4.9e-69	257.7
BCW-200432_05280	gnl|TC-DB|Q9KN48|3.A.23.1.1	37.3	370	203	7	123	471	169	530	1.4e-52	203.8
BCW-200432_05297	gnl|TC-DB|H8E4X1|9.B.18.1.2	44.6	184	100	2	55	237	331	513	5.6e-37	151.0
BCW-200432_05301	gnl|TC-DB|B1ZMU0|3.A.1.125.5	46.4	220	108	2	1	217	28	240	2.5e-41	165.2
BCW-200432_05302	gnl|TC-DB|Q7D911|3.A.1.125.2	23.3	808	568	16	43	809	49	845	2.9e-42	170.2
BCW-200432_05314	gnl|TC-DB|B2D7K2|3.A.23.1.1	40.0	522	283	9	10	513	6	515	2.3e-101	366.3
BCW-200432_05322	gnl|TC-DB|P0AAP1|9.B.34.1.2	37.2	333	209	0	8	340	34	366	4.0e-60	228.4
BCW-200432_05327	gnl|TC-DB|P76037|2.A.3.1.13	34.7	432	271	7	9	434	15	441	3.0e-65	245.7
BCW-200432_05336	gnl|TC-DB|O50181|3.A.1.3.11	73.3	258	68	1	1	258	1	257	5.9e-106	380.2
BCW-200432_05340	gnl|TC-DB|C6W3S2|9.B.72.2.2	28.3	240	171	1	9	247	1	240	5.0e-20	94.7
BCW-200432_05342	gnl|TC-DB|Q89K67|2.A.55.2.6	48.8	418	214	0	39	456	27	444	5.2e-105	377.9
BCW-200432_05373	gnl|TC-DB|Q46839|2.A.14.1.2	44.9	581	297	4	1	581	2	559	4.1e-131	464.9
BCW-200432_05380	gnl|TC-DB|P31133|3.A.1.11.2	56.3	359	156	1	8	365	12	370	1.4e-116	416.0
BCW-200432_05381	gnl|TC-DB|P0AFL1|3.A.1.11.2	64.0	264	95	0	10	273	15	278	4.0e-87	317.8
BCW-200432_05382	gnl|TC-DB|P31135|3.A.1.11.2	60.0	290	116	0	15	304	28	317	2.3e-101	365.2
BCW-200432_05383	gnl|TC-DB|P31134|3.A.1.11.2	62.3	358	133	2	22	378	19	375	2.3e-119	425.2
BCW-200432_05395	gnl|TC-DB|P0A754|2.A.37.1.1	35.3	116	61	3	80	195	45	146	9.0e-14	73.9
BCW-200432_05400	gnl|TC-DB|A0L3E7|2.A.51.1.4	72.5	437	119	1	11	446	16	452	1.4e-184	642.1
BCW-200432_05408	gnl|TC-DB|Q6MLK6|1.A.46.2.5	37.6	295	176	3	1	288	7	300	6.0e-54	207.6
BCW-200432_05410	gnl|TC-DB|P07658|3.D.1.9.2	30.5	315	182	6	110	417	61	345	4.1e-38	156.4
BCW-200432_05412	gnl|TC-DB|P0ABK2|3.D.4.3.2	25.6	360	232	7	8	331	7	366	7.6e-29	124.4
BCW-200432_05417	gnl|TC-DB|D9X7X8|2.A.1.3.38	32.6	429	265	8	2	410	16	440	7.2e-30	128.3
BCW-200432_05422	gnl|TC-DB|P96878|2.A.53.3.12	28.8	170	114	3	26	189	571	739	1.1e-12	70.1
BCW-200432_05428	gnl|TC-DB|Q07711|3.A.7.7.1	28.8	611	401	11	3	601	4	592	4.4e-70	262.3
BCW-200432_05431	gnl|TC-DB|F8SVK1|2.A.1.6.11	59.8	540	203	2	12	537	9	548	2.6e-188	654.8
BCW-200432_05450	gnl|TC-DB|C3K1P0|1.A.1.28.2	88.1	235	28	0	29	263	1	235	2.2e-116	414.8
BCW-200432_05459	gnl|TC-DB|M3JA40|1.B.52.2.1	66.7	66	22	0	181	246	280	345	6.4e-14	75.5
BCW-200432_05465	gnl|TC-DB|Q9KKE3|3.A.1.12.6	47.1	310	162	1	31	338	37	346	9.8e-85	310.1
BCW-200432_05466	gnl|TC-DB|Q01674|1.B.14.1.17	23.8	753	482	30	1	710	7	710	4.5e-31	132.9
BCW-200432_05469	gnl|TC-DB|Q9Z3Q3|2.A.63.1.1	39.8	98	59	0	4	101	6	103	1.2e-13	72.4
BCW-200432_05470	gnl|TC-DB|Q52983|2.A.63.1.1	56.5	85	37	0	8	92	8	92	1.6e-18	88.2
BCW-200432_05472	gnl|TC-DB|Q52981|2.A.63.1.1	50.5	539	253	4	4	540	5	531	4.8e-129	458.0
BCW-200432_05473	gnl|TC-DB|Q52980|2.A.63.1.1	68.1	113	36	0	1	113	1	113	1.3e-36	148.7
BCW-200432_05474	gnl|TC-DB|Q52978|2.A.63.1.1	60.1	960	367	5	3	955	32	982	0.0e+00	1090.9
BCW-200432_05475	gnl|TC-DB|Q9UYQ7|2.A.7.3.47	30.6	278	170	7	15	284	6	268	4.1e-21	98.6
BCW-200432_05487	gnl|TC-DB|O85765|3.A.1.17.2	41.6	250	145	1	26	274	8	257	4.5e-51	198.0
BCW-200432_05489	gnl|TC-DB|P75853|3.A.1.17.10	32.9	298	193	4	3	296	5	299	1.4e-32	136.7
BCW-200432_05502	gnl|TC-DB|V5FN92|9.B.169.1.12	51.2	377	178	5	15	389	20	392	5.0e-93	337.8
BCW-200432_05504	gnl|TC-DB|Q54806|2.A.1.3.5	31.8	446	294	5	2	441	8	449	6.8e-45	178.3
BCW-200432_05509	gnl|TC-DB|P94369|2.A.39.1.5	37.5	443	268	6	12	451	3	439	2.8e-77	285.8
BCW-200432_05522	gnl|TC-DB|D4ZZR3|9.B.34.1.3	33.5	185	100	6	207	376	217	393	3.4e-17	85.9
BCW-200432_05534	gnl|TC-DB|P0ADL1|2.A.1.2.26	38.3	386	230	1	1	378	1	386	1.5e-63	240.0
BCW-200432_05544	gnl|TC-DB|P76249|2.A.76.1.5	30.3	198	131	3	5	198	13	207	6.1e-13	70.9
BCW-200432_05557	gnl|TC-DB|Q3YL97|1.B.20.1.3	32.7	553	358	5	15	564	43	584	9.3e-80	294.3
BCW-200432_05560	gnl|TC-DB|Q9I2M2|3.A.1.109.4	23.0	418	292	7	12	424	21	413	3.3e-19	92.8
BCW-200432_05561	gnl|TC-DB|Q88RG3|3.A.1.109.3	59.2	706	288	0	13	718	13	718	2.8e-230	794.7
BCW-200432_05562	gnl|TC-DB|Q9I2M0|3.A.1.109.4	36.8	410	212	5	41	446	27	393	1.2e-64	243.8
BCW-200432_05567	gnl|TC-DB|O86506|2.A.39.1.7	37.6	479	277	10	13	485	3	465	1.5e-76	283.5
BCW-200432_05568	gnl|TC-DB|Q7A4Q7|2.A.21.2.2	23.6	441	304	13	7	420	21	455	1.1e-17	87.8
BCW-200432_05573	gnl|TC-DB|Q9I3T2|2.A.1.51.4	63.7	391	133	3	2	386	8	395	4.7e-131	464.2
BCW-200432_05574	gnl|TC-DB|O34416|2.A.7.3.29	26.4	296	208	7	13	303	2	292	5.0e-19	91.7
BCW-200432_05583	gnl|TC-DB|852074676|1.C.75.1.3	35.3	955	473	15	1745	2676	1658	2490	2.3e-114	412.1
BCW-200432_05588	gnl|TC-DB|Q55487|4.D.2.1.9	55.0	302	135	1	12	313	3	303	1.6e-97	352.4
BCW-200432_05596	gnl|TC-DB|P17583|2.A.1.17.1	37.4	377	227	4	14	385	1	373	2.0e-60	229.6
BCW-200432_05614	gnl|TC-DB|O51798|2.A.1.15.9	42.8	404	228	2	19	422	2	402	6.6e-94	340.9
BCW-200432_05627	gnl|TC-DB|A2P528|2.A.7.3.9	35.0	297	185	2	1	297	1	289	1.0e-37	153.7
BCW-200432_05628	gnl|TC-DB|M3JA40|1.B.52.2.1	40.7	167	97	2	374	539	293	458	1.4e-16	84.3
BCW-200432_05634	gnl|TC-DB|C3K139|1.B.62.1.3	81.7	449	71	3	1	440	1	447	4.7e-212	733.4
BCW-200432_05636	gnl|TC-DB|P60844|1.A.8.3.1	71.7	226	62	2	3	226	1	226	8.7e-85	309.7
BCW-200432_05637	gnl|TC-DB|P73239|3.A.1.106.14	32.6	534	332	8	82	604	71	587	1.4e-68	257.3
BCW-200432_05643	gnl|TC-DB|P0ADP5|2.A.7.3.61	48.0	279	142	2	1	278	1	277	1.1e-68	256.5
BCW-200432_05644	gnl|TC-DB|P0AAT4|1.A.23.4.5	43.2	382	216	1	31	412	28	408	1.1e-88	323.6
BCW-200432_05645	gnl|TC-DB|O00571|1.I.1.1.3	36.2	376	220	5	2	358	182	556	4.6e-58	221.9
BCW-200432_05649	gnl|TC-DB|J2YPD8|1.E.20.1.4	80.7	109	21	0	1	109	1	109	1.2e-47	185.3
