BCW-200275_00015	gnl|TC-DB|Q19NA9|1.E.53.1.7	67.3	52	17	0	1	52	20	71	1.1e-14	74.7
BCW-200275_00021	gnl|TC-DB|P0AB93|3.A.4.1.1	89.3	429	46	0	1	429	1	429	4.1e-213	736.9
BCW-200275_00023	gnl|TC-DB|Q19NA9|1.E.53.1.7	63.4	71	26	0	1	71	1	71	2.8e-18	87.0
BCW-200275_00043	gnl|TC-DB|O00571|1.I.1.1.3	35.5	375	227	5	9	369	180	553	5.9e-55	211.5
BCW-200275_00045	gnl|TC-DB|P40290|3.A.6.1.1	28.2	252	159	5	157	396	148	389	4.5e-15	79.0
BCW-200275_00046	gnl|TC-DB|P0AC78|9.B.146.1.7	88.6	367	42	0	7	373	1	367	6.2e-173	603.2
BCW-200275_00052	gnl|TC-DB|P0AAA7|2.A.66.2.3	84.6	416	64	0	1	416	1	416	1.4e-194	675.2
BCW-200275_00054	gnl|TC-DB|B6I4D1|9.B.128.1.1	87.2	446	56	1	1	445	1	446	4.0e-219	756.9
BCW-200275_00056	gnl|TC-DB|P27837|2.A.3.1.15	92.5	455	34	0	1	455	1	455	8.5e-241	828.9
BCW-200275_00067	gnl|TC-DB|P27838|9.B.21.2.1	89.6	106	11	0	1	106	1	106	5.2e-56	213.0
BCW-200275_00074	gnl|TC-DB|P0A2R8|1.A.35.1.2	97.2	316	9	0	1	316	1	316	2.6e-172	600.9
BCW-200275_00075	gnl|TC-DB|P27844|2.A.7.7.2	89.2	296	32	0	1	296	1	296	9.0e-151	529.3
BCW-200275_00078	gnl|TC-DB|Q5EAK4|2.A.16.2.2	29.6	345	206	11	52	368	1378	1713	3.6e-24	109.8
BCW-200275_00079	gnl|TC-DB|P0AG38|2.A.76.1.2	88.3	206	24	0	1	206	1	206	2.1e-98	354.8
BCW-200275_00080	gnl|TC-DB|P0AG34|2.A.76.1.1	87.9	206	25	0	1	206	1	206	2.1e-98	354.8
BCW-200275_00083	gnl|TC-DB|P0ADP5|2.A.7.3.61	81.9	299	54	0	1	299	1	299	1.7e-144	508.4
BCW-200275_00087	gnl|TC-DB|Q86Z14|8.A.49.1.2	26.5	490	284	16	7	483	81	507	1.3e-37	154.1
BCW-200275_00088	gnl|TC-DB|P40739|4.A.1.2.11	31.8	598	388	7	1	584	1	592	6.9e-89	324.7
BCW-200275_00095	gnl|TC-DB|P69428|2.A.64.1.1	78.7	89	14	1	1	84	1	89	9.4e-29	122.1
BCW-200275_00096	gnl|TC-DB|P69425|2.A.64.1.1	71.9	178	42	2	1	178	1	170	2.5e-55	211.5
BCW-200275_00097	gnl|TC-DB|P69423|2.A.64.1.1	90.4	239	23	0	1	239	1	239	2.1e-119	424.9
BCW-200275_00106	gnl|TC-DB|P0AFZ7|2.A.38.1.1	95.4	483	22	0	1	483	1	483	2.1e-266	914.1
BCW-200275_00112	gnl|TC-DB|P77237|1.E.1.1.2	84.5	71	11	0	1	71	1	71	5.0e-31	129.4
BCW-200275_00114	gnl|TC-DB|P00726|1.M.1.1.1	56.6	152	65	1	1	151	1	152	1.7e-40	162.2
BCW-200275_00130	gnl|TC-DB|Q7A3X3|3.A.1.122.4	36.9	176	103	4	29	202	32	201	2.2e-24	109.0
BCW-200275_00183	gnl|TC-DB|P45094|3.A.1.5.27	75.8	326	78	1	3	327	2	327	4.8e-140	493.8
BCW-200275_00184	gnl|TC-DB|P45095|3.A.1.5.27	75.4	325	79	1	1	325	1	324	7.4e-138	486.5
BCW-200275_00185	gnl|TC-DB|W0WMS8|3.A.1.5.39	53.7	283	131	0	17	299	18	300	4.8e-83	304.3
BCW-200275_00186	gnl|TC-DB|W0WN20|3.A.1.5.39	65.5	339	114	1	1	339	1	336	2.8e-124	441.4
BCW-200275_00187	gnl|TC-DB|P33950|3.A.1.5.27	55.3	517	230	1	19	535	30	545	9.2e-170	593.2
BCW-200275_00190	gnl|TC-DB|P37662|2.A.1.11.3	88.6	350	40	0	1	350	1	350	3.1e-170	594.3
BCW-200275_00195	gnl|TC-DB|P20099|5.A.3.4.3	83.3	774	129	0	2	775	4	777	0.0e+00	1385.9
BCW-200275_00196	gnl|TC-DB|P37665|9.B.186.1.1	91.3	219	19	0	1	219	1	219	5.6e-81	297.0
BCW-200275_00200	gnl|TC-DB|Q9RPP3|2.A.1.14.8	27.2	423	288	9	14	423	33	448	1.2e-39	160.6
BCW-200275_00208	gnl|TC-DB|P37669|9.B.97.1.1	83.1	331	56	0	1	331	1	331	1.1e-162	568.9
BCW-200275_00213	gnl|TC-DB|P37387|3.A.1.2.4	87.6	330	41	0	1	330	1	330	9.3e-165	575.9
BCW-200275_00214	gnl|TC-DB|P37388|3.A.1.2.4	88.7	513	58	0	1	513	1	513	9.4e-265	908.7
BCW-200275_00215	gnl|TC-DB|P0AGI4|3.A.1.2.4	90.8	393	36	0	1	393	1	393	6.9e-183	636.3
BCW-200275_00222	gnl|TC-DB|P23481|3.D.1.9.1	37.3	177	69	4	1	142	1	170	9.4e-27	116.3
BCW-200275_00223	gnl|TC-DB|P37681|9.B.99.1.1	58.1	246	103	0	1	246	1	246	5.1e-83	303.9
BCW-200275_00230	gnl|TC-DB|P37683|8.A.1.1.4	78.0	378	83	0	1	378	1	378	1.8e-164	575.1
BCW-200275_00231	gnl|TC-DB|P32108|9.B.32.1.1	81.5	108	18	1	1	106	1	108	4.1e-46	180.3
BCW-200275_00232	gnl|TC-DB|P00550|4.A.2.1.2	92.7	634	45	1	1	634	1	633	0.0e+00	1126.7
BCW-200275_00236	gnl|TC-DB|P33231|2.A.14.1.1	92.2	551	43	0	1	551	1	551	3.8e-288	986.5
BCW-200275_00247	gnl|TC-DB|B7LEG0|1.A.34.1.2	39.5	119	67	3	308	425	262	376	2.9e-17	86.3
BCW-200275_00263	gnl|TC-DB|B8F5K7|4.D.1.3.2	50.0	244	120	2	5	246	4	247	3.3e-64	241.5
BCW-200275_00275	gnl|TC-DB|P0AGM2|1.A.62.2.3	86.3	205	28	0	1	205	1	205	2.8e-95	344.4
BCW-200275_00285	gnl|TC-DB|P30130|1.B.11.3.9	33.9	840	496	18	27	817	48	877	7.8e-128	454.5
BCW-200275_00292	gnl|TC-DB|P0AGM9|2.A.40.4.2	93.3	463	30	1	1	463	1	462	1.3e-236	815.1
BCW-200275_00295	gnl|TC-DB|P31435|2.A.2.3.4	87.1	464	56	1	1	464	1	460	3.7e-236	813.5
BCW-200275_00305	gnl|TC-DB|G3IME2|9.B.35.1.2	36.6	112	68	2	27	136	31	141	4.6e-17	84.0
BCW-200275_00308	gnl|TC-DB|917745143|1.C.75.1.2	43.6	752	363	12	3119	3820	2446	3186	1.8e-111	402.5
BCW-200275_00308	gnl|TC-DB|917745143|1.C.75.1.2	43.5	285	154	6	17	297	55	336	1.9e-52	206.5
BCW-200275_00309	gnl|TC-DB|Q3YL97|1.B.20.1.3	56.4	541	234	1	25	563	45	585	6.5e-182	633.6
BCW-200275_00310	gnl|TC-DB|P28635|3.A.1.24.1	64.7	258	91	0	9	266	14	271	9.7e-96	346.3
BCW-200275_00313	gnl|TC-DB|Q9ZGB6|2.A.1.3.32	38.5	499	303	3	1	496	1	498	1.7e-93	339.7
BCW-200275_00318	gnl|TC-DB|Q9KSH5|4.A.3.2.6	52.0	100	48	0	1	100	1	100	3.6e-22	100.5
BCW-200275_00319	gnl|TC-DB|Q9KSH4|4.A.3.2.6	45.4	438	238	1	4	441	6	442	6.5e-121	430.6
BCW-200275_00320	gnl|TC-DB|Q86Z14|8.A.49.1.2	26.6	473	286	14	4	459	80	508	1.7e-42	170.2
BCW-200275_00321	gnl|TC-DB|P69791|4.A.3.2.1	50.5	97	48	0	5	101	17	113	5.1e-21	96.7
BCW-200275_00323	gnl|TC-DB|P31437|2.A.7.3.12	84.6	298	46	0	1	298	1	298	1.7e-136	481.9
BCW-200275_00326	gnl|TC-DB|P0ADL1|2.A.1.2.26	84.1	384	61	0	13	396	11	394	1.0e-173	605.9
BCW-200275_00328	gnl|TC-DB|P0AGC0|2.A.1.4.1	93.3	463	31	0	1	463	1	463	6.8e-246	845.9
BCW-200275_00329	gnl|TC-DB|P09836|2.A.1.4.4	87.9	437	53	0	1	437	1	437	2.6e-231	797.3
BCW-200275_00340	gnl|TC-DB|P31442|2.A.1.2.9	86.0	394	55	0	1	394	1	394	2.5e-188	654.4
BCW-200275_00344	gnl|TC-DB|P0ADM0|9.B.51.1.1	82.6	115	20	0	1	115	1	115	5.0e-49	189.9
BCW-200275_00345	gnl|TC-DB|B7L824|2.A.81.1.5	82.5	553	97	0	1	553	1	553	3.0e-256	880.6
BCW-200275_00351	gnl|TC-DB|P0AA76|2.A.1.14.7	92.1	430	34	0	1	430	1	430	5.5e-234	806.2
BCW-200275_00362	gnl|TC-DB|P25714|2.A.9.3.1	90.9	548	50	0	1	548	1	548	2.6e-281	963.8
BCW-200275_00364	gnl|TC-DB|P31462|2.A.1.2.22	72.8	367	95	2	1	363	21	386	8.9e-140	493.0
BCW-200275_00368	gnl|TC-DB|P31466|2.A.40.7.6	94.1	444	26	0	1	444	1	444	8.9e-227	782.3
BCW-200275_00371	gnl|TC-DB|P0AAH0|3.A.1.7.1	97.7	257	6	0	1	257	1	257	8.9e-147	515.8
BCW-200275_00372	gnl|TC-DB|P07654|3.A.1.7.1	94.6	296	16	0	1	296	1	296	6.2e-152	533.1
BCW-200275_00373	gnl|TC-DB|P0AGH8|3.A.1.7.1	95.3	319	15	0	1	319	1	319	8.2e-166	579.3
BCW-200275_00374	gnl|TC-DB|P0AG82|3.A.1.7.1	93.9	346	21	0	1	346	1	346	1.7e-188	654.8
BCW-200275_00378	gnl|TC-DB|P0A6E6|3.A.2.1.1	95.7	139	6	0	1	139	1	139	5.3e-69	256.5
BCW-200275_00379	gnl|TC-DB|P0ABB4|3.A.2.1.1	97.8	460	10	0	1	460	1	460	1.5e-258	887.9
BCW-200275_00380	gnl|TC-DB|P0ABA6|3.A.2.1.1	92.3	287	22	0	1	287	1	287	3.1e-148	520.8
BCW-200275_00381	gnl|TC-DB|P0ABB0|3.A.2.1.1	95.3	513	24	0	1	513	1	513	3.0e-279	956.8
BCW-200275_00382	gnl|TC-DB|P0ABA4|3.A.2.1.1	89.8	177	18	0	1	177	1	177	6.9e-82	299.7
BCW-200275_00383	gnl|TC-DB|P0ABA0|3.A.2.1.1	93.6	156	10	0	1	156	1	156	3.0e-52	201.1
BCW-200275_00384	gnl|TC-DB|P68699|3.A.2.1.1	100.0	79	0	0	1	79	1	79	2.8e-35	143.7
BCW-200275_00385	gnl|TC-DB|P0AB98|3.A.2.1.1	94.5	271	15	0	1	271	1	271	3.3e-144	507.3
BCW-200275_00386	gnl|TC-DB|C4X3L3|1.A.77.3.8	91.3	126	11	0	1	126	25	150	6.1e-56	213.0
BCW-200275_00394	gnl|TC-DB|P63183|2.A.72.1.1	92.6	622	46	0	1	622	1	622	0.0e+00	1139.4
BCW-200275_00396	gnl|TC-DB|P04983|3.A.1.2.1	95.6	501	22	0	1	501	1	501	1.4e-273	937.9
BCW-200275_00397	gnl|TC-DB|P0AGI1|3.A.1.2.1	97.2	321	9	0	1	321	1	321	5.2e-152	533.5
BCW-200275_00398	gnl|TC-DB|P02925|3.A.1.2.1	95.6	296	13	0	1	296	1	296	2.4e-151	531.2
BCW-200275_00401	gnl|TC-DB|P31474|2.A.1.3.51	84.0	475	76	0	1	475	1	475	3.9e-212	733.8
BCW-200275_00410	gnl|TC-DB|P0AF43|2.A.58.2.1	91.5	543	46	0	1	543	1	543	1.1e-266	915.2
BCW-200275_00415	gnl|TC-DB|Q9K0A9|2.A.28.2.4	44.7	300	164	1	3	300	9	308	2.2e-62	235.7
BCW-200275_00421	gnl|TC-DB|D8EPC3|1.B.14.16.4	91.1	698	62	0	1	698	1	698	0.0e+00	1345.1
BCW-200275_00424	gnl|TC-DB|P68183|3.A.1.1.1	93.2	296	20	0	1	296	1	296	2.4e-156	547.7
BCW-200275_00425	gnl|TC-DB|P02916|3.A.1.1.1	89.1	514	56	0	1	514	1	514	7.5e-270	925.6
BCW-200275_00426	gnl|TC-DB|P0AEX9|3.A.1.1.1	91.7	396	33	0	1	396	1	396	1.1e-217	751.9
BCW-200275_00427	gnl|TC-DB|P68187|3.A.1.1.1	94.6	371	18	1	1	369	1	371	2.6e-200	694.1
BCW-200275_00428	gnl|TC-DB|P02943|1.B.3.1.1	84.1	446	68	3	1	444	2	446	2.7e-228	787.3
BCW-200275_00435	gnl|TC-DB|P28303|2.A.66.1.4	81.5	439	81	0	1	439	19	457	2.9e-198	687.6
BCW-200275_00452	gnl|TC-DB|P0AAP1|9.B.34.1.2	32.0	181	112	4	288	464	197	370	6.4e-18	88.6
BCW-200275_00457	gnl|TC-DB|P0AF52|2.A.40.7.5	94.4	449	25	0	1	449	1	449	1.6e-223	771.5
BCW-200275_00458	gnl|TC-DB|P32703|2.A.36.3.1	94.5	546	30	0	1	546	1	546	4.5e-281	963.0
BCW-200275_00460	gnl|TC-DB|E7UC95|1.E.14.1.9	81.8	132	24	0	1	132	1	132	5.5e-55	209.9
BCW-200275_00461	gnl|TC-DB|P60643|2.A.122.1.3	26.8	220	160	1	11	229	14	233	1.9e-15	79.3
BCW-200275_00462	gnl|TC-DB|P32705|2.A.21.7.2	92.7	549	40	0	1	549	1	549	2.2e-283	970.7
BCW-200275_00463	gnl|TC-DB|P0AF54|9.B.136.1.1	80.6	103	20	0	1	103	1	103	5.9e-41	162.9
BCW-200275_00464	gnl|TC-DB|P31552|4.C.1.1.6	23.4	529	371	15	90	616	21	517	1.4e-26	117.9
BCW-200275_00465	gnl|TC-DB|P21345|2.A.23.1.1	93.6	437	28	0	1	437	1	437	9.3e-221	762.3
BCW-200275_00470	gnl|TC-DB|P07658|3.D.1.9.2	93.9	558	34	0	1	558	157	714	0.0e+00	1086.2
BCW-200275_00471	gnl|TC-DB|P07658|3.D.1.9.2	95.7	139	6	0	1	139	1	139	2.9e-75	277.3
BCW-200275_00477	gnl|TC-DB|Q9F9B2|3.A.1.2.7	31.1	296	177	9	3	276	1	291	1.2e-20	97.1
BCW-200275_00478	gnl|TC-DB|A6VKS9|3.A.1.2.13	45.8	306	157	5	24	323	13	315	7.6e-58	220.7
BCW-200275_00479	gnl|TC-DB|G4FGN3|3.A.1.2.20	46.5	493	261	3	5	496	3	493	4.1e-127	451.4
BCW-200275_00480	gnl|TC-DB|Q9HV74|2.A.21.9.1	33.2	250	145	8	383	621	737	975	3.7e-23	106.7
BCW-200275_00487	gnl|TC-DB|P75957|3.A.1.125.1	34.4	221	134	7	1	219	5	216	1.2e-25	113.2
BCW-200275_00488	gnl|TC-DB|Q97VF5|3.A.1.5.9	36.5	255	152	3	4	248	45	299	2.5e-37	152.1
BCW-200275_00494	gnl|TC-DB|P16683|3.A.1.9.1	92.7	259	19	0	1	259	1	259	2.5e-136	481.1
BCW-200275_00495	gnl|TC-DB|P16682|3.A.1.9.1	88.2	338	40	0	1	338	1	338	4.7e-172	600.1
BCW-200275_00496	gnl|TC-DB|P16677|3.A.1.9.1	88.2	262	31	0	1	262	1	262	1.5e-128	455.3
BCW-200275_00501	gnl|TC-DB|P0A712|2.A.10.1.2	72.4	312	86	0	1	312	1	312	8.0e-124	439.9
BCW-200275_00502	gnl|TC-DB|P0C0L7|2.A.1.6.4	92.2	500	39	0	1	500	1	500	5.0e-263	902.9
BCW-200275_00503	gnl|TC-DB|D7A5Z9|2.A.113.1.7	28.8	271	172	7	39	294	45	309	2.5e-18	89.4
BCW-200275_00509	gnl|TC-DB|P36655|5.A.1.1.1	85.2	567	78	3	1	563	1	565	5.3e-277	949.5
BCW-200275_00511	gnl|TC-DB|P0ABN5|2.A.13.1.1	62.0	434	163	2	1	433	1	433	3.5e-143	504.6
BCW-200275_00514	gnl|TC-DB|P39277|2.A.3.13.1	83.6	409	67	0	1	409	1	409	6.6e-192	666.4
BCW-200275_00521	gnl|TC-DB|P0ADB7|9.B.13.1.1	93.6	47	3	0	1	47	1	47	1.4e-16	80.9
BCW-200275_00523	gnl|TC-DB|D5CES3|2.A.7.1.10	92.4	105	8	0	1	105	1	105	1.1e-45	178.7
BCW-200275_00528	gnl|TC-DB|P17596|3.D.10.1.3	28.9	218	150	5	7	219	5	222	1.4e-24	109.8
BCW-200275_00529	gnl|TC-DB|F9VN10|3.D.10.1.4	40.3	586	325	8	1	581	1	566	1.0e-108	390.6
BCW-200275_00531	gnl|TC-DB|P39285|1.A.23.1.3	83.3	1107	181	1	1	1103	1	1107	0.0e+00	1681.8
BCW-200275_00532	gnl|TC-DB|B0SM05|2.A.25.1.6	39.6	260	145	5	12	267	468	719	1.9e-45	179.5
BCW-200275_00553	gnl|TC-DB|P0C0L7|2.A.1.6.4	35.4	424	252	6	12	420	24	440	8.9e-67	250.8
BCW-200275_00555	gnl|TC-DB|M3JA40|1.B.52.2.1	48.7	76	39	0	482	557	287	362	1.5e-12	71.2
BCW-200275_00567	gnl|TC-DB|P0AAE0|2.A.3.1.7	94.7	469	25	0	1	469	1	469	4.3e-248	853.2
BCW-200275_00569	gnl|TC-DB|M3JA40|1.B.52.2.1	54.7	64	29	0	346	409	275	338	5.2e-11	65.9
BCW-200275_00570	gnl|TC-DB|P39314|2.A.7.3.19	82.9	321	55	0	1	321	1	321	1.5e-151	531.9
BCW-200275_00585	gnl|TC-DB|Q0PBV6|9.A.40.2.2	23.2	427	322	4	5	428	26	449	1.4e-35	147.1
BCW-200275_00587	gnl|TC-DB|P0ADE4|1.B.33.2.4	86.1	577	80	0	1	577	1	577	1.8e-304	1040.8
BCW-200275_00588	gnl|TC-DB|P39321|9.B.22.1.2	84.4	1259	195	1	1	1258	1	1259	0.0e+00	2165.6
BCW-200275_00590	gnl|TC-DB|Q8KRT4|1.C.80.1.1	47.0	183	85	5	1	176	1	178	1.5e-31	132.5
BCW-200275_00592	gnl|TC-DB|P07110|1.B.11.2.1	46.0	815	419	10	37	836	24	832	2.3e-207	718.8
BCW-200275_00601	gnl|TC-DB|P39325|3.A.1.2.25	94.7	318	17	0	1	318	1	318	2.3e-168	587.8
BCW-200275_00602	gnl|TC-DB|Q6BEX0|3.A.1.2.25	94.2	500	29	0	1	500	1	500	1.2e-267	918.3
BCW-200275_00603	gnl|TC-DB|P39328|3.A.1.2.25	86.2	340	47	0	1	340	2	341	4.8e-156	547.0
BCW-200275_00604	gnl|TC-DB|P37772|3.A.1.2.25	96.0	327	13	0	1	327	1	327	5.7e-170	593.2
BCW-200275_00605	gnl|TC-DB|M3JA40|1.B.52.2.1	51.8	83	37	1	331	410	257	339	2.8e-14	76.6
BCW-200275_00625	gnl|TC-DB|Q05839|8.A.9.1.1	30.1	525	297	12	7	504	109	590	1.0e-67	254.2
BCW-200275_00626	gnl|TC-DB|P36672|4.A.1.2.4	88.6	472	54	0	1	472	2	473	1.1e-240	828.6
BCW-200275_00628	gnl|TC-DB|P36640|3.A.3.4.1	85.9	902	127	0	1	902	1	902	0.0e+00	1530.4
BCW-200275_00639	gnl|TC-DB|Q11G42|2.A.118.1.2	58.3	465	193	1	3	466	12	476	5.1e-140	494.2
BCW-200275_00651	gnl|TC-DB|P30750|3.A.1.24.1	93.0	343	24	0	1	343	1	343	2.2e-177	617.8
BCW-200275_00652	gnl|TC-DB|P31547|3.A.1.24.1	96.8	217	7	0	1	217	1	217	2.2e-77	285.0
BCW-200275_00653	gnl|TC-DB|P28635|3.A.1.24.1	94.1	271	16	0	1	271	1	271	4.4e-144	506.9
BCW-200275_00673	gnl|TC-DB|P0A943|1.B.33.1.3	88.8	813	80	2	1	805	1	810	0.0e+00	1473.4
BCW-200275_00690	gnl|TC-DB|Q8ZRP7|3.A.1.13.1	78.6	257	55	0	25	281	8	264	4.2e-113	404.1
BCW-200275_00691	gnl|TC-DB|I7MT28|1.A.62.2.2	86.2	203	28	0	1	203	1	203	1.7e-95	345.1
BCW-200275_00693	gnl|TC-DB|A8ALD3|2.A.49.5.5	83.4	463	77	0	1	463	1	463	1.9e-216	748.0
BCW-200275_00695	gnl|TC-DB|P06972|3.A.1.14.3	83.5	660	109	0	1	660	1	660	5.8e-307	1049.3
BCW-200275_00696	gnl|TC-DB|P07822|3.A.1.14.3	76.4	292	69	0	4	295	5	296	6.4e-133	469.9
BCW-200275_00697	gnl|TC-DB|P07821|3.A.1.14.3	90.2	265	26	0	1	265	1	265	9.2e-139	489.2
BCW-200275_00698	gnl|TC-DB|P06971|1.B.14.1.2	84.5	747	111	3	4	749	5	747	0.0e+00	1286.9
BCW-200275_00712	gnl|TC-DB|P0AFN6|3.A.1.105.17	90.2	256	25	0	1	256	1	256	3.2e-128	454.1
BCW-200275_00713	gnl|TC-DB|P36879|3.A.1.105.17	91.9	308	25	0	1	308	1	308	2.7e-158	554.3
BCW-200275_00714	gnl|TC-DB|Q8F8H7|2.A.53.3.8	46.9	192	101	1	3	193	540	731	2.9e-53	204.9
BCW-200275_00717	gnl|TC-DB|P36649|1.B.76.1.8	79.6	524	99	1	1	524	1	516	1.1e-247	852.0
BCW-200275_00718	gnl|TC-DB|P0AA95|8.A.2.1.3	95.7	115	5	0	26	140	1	115	2.2e-59	224.6
BCW-200275_00730	gnl|TC-DB|P15993|2.A.3.1.3	91.4	456	39	0	1	456	2	457	4.8e-236	813.1
BCW-200275_00732	gnl|TC-DB|P31435|2.A.2.3.4	45.3	461	249	3	1	460	1	459	5.4e-118	421.0
BCW-200275_00734	gnl|TC-DB|P0AE14|9.B.125.1.1	80.6	284	55	0	1	284	1	284	6.9e-132	466.5
BCW-200275_00738	gnl|TC-DB|P15645|3.A.15.1.1	44.7	396	196	6	75	458	108	492	4.4e-88	321.6
BCW-200275_00739	gnl|TC-DB|P22609|3.A.15.2.1	27.6	333	240	1	53	384	41	373	9.9e-41	164.1
BCW-200275_00745	gnl|TC-DB|P10408|3.A.5.1.1	90.4	900	86	0	1	900	1	900	0.0e+00	1600.1
BCW-200275_00754	gnl|TC-DB|P0ABG4|2.A.103.1.1	90.6	414	39	0	1	414	1	414	4.4e-212	733.4
BCW-200275_00756	gnl|TC-DB|P0A6W3|9.B.146.1.6	98.1	360	7	0	1	360	1	360	7.2e-203	702.6
BCW-200275_00771	gnl|TC-DB|P31675|2.A.1.20.1	87.0	392	51	0	1	392	1	392	1.0e-189	659.1
BCW-200275_00774	gnl|TC-DB|P31550|3.A.1.19.1	91.1	327	29	0	1	327	1	327	6.4e-174	606.3
BCW-200275_00775	gnl|TC-DB|P31549|3.A.1.19.1	82.3	536	95	0	1	536	1	536	2.5e-252	867.5
BCW-200275_00776	gnl|TC-DB|P31548|3.A.1.19.1	77.8	230	51	0	1	230	1	230	5.4e-98	353.6
BCW-200275_00786	gnl|TC-DB|P31554|1.B.42.1.2	82.4	784	135	2	1	781	1	784	0.0e+00	1370.5
BCW-200275_00793	gnl|TC-DB|P03819|2.A.37.1.1	86.5	620	83	1	1	620	1	619	4.2e-299	1023.1
BCW-200275_00794	gnl|TC-DB|P0A754|2.A.37.1.1	84.1	176	28	0	1	176	1	176	1.0e-93	339.0
BCW-200275_00804	gnl|TC-DB|B8I766|9.B.105.1.5	31.2	144	90	4	13	153	2	139	2.4e-12	68.6
BCW-200275_00810	gnl|TC-DB|P13738|2.A.33.1.1	78.1	388	85	0	1	388	1	388	7.2e-164	573.2
BCW-200275_00812	gnl|TC-DB|P0A6Y8|1.A.33.1.2	94.7	640	32	1	1	640	1	638	0.0e+00	1151.0
BCW-200275_00813	gnl|TC-DB|P0AC98|2.A.96.1.1	87.8	188	23	0	1	188	1	188	4.6e-92	333.6
BCW-200275_00814	gnl|TC-DB|Q9HPN8|2.A.49.6.4	25.6	426	265	14	16	401	182	595	3.2e-13	72.8
BCW-200275_00815	gnl|TC-DB|Q56992|3.A.1.14.5	37.5	307	187	1	48	354	28	329	1.9e-46	183.0
BCW-200275_00816	gnl|TC-DB|Q9X665|3.A.1.14.7	32.6	230	148	4	12	236	12	239	3.2e-27	118.6
BCW-200275_00818	gnl|TC-DB|Q5ZYB5|3.A.7.9.1	30.9	414	276	5	10	418	2	410	3.9e-46	182.2
BCW-200275_00821	gnl|TC-DB|P30143|2.A.25.1.10	73.9	476	124	0	1	476	1	476	4.1e-198	687.2
BCW-200275_00838	gnl|TC-DB|P43672|3.A.1.120.6	34.2	512	326	6	21	527	18	523	6.5e-78	288.1
BCW-200275_00841	gnl|TC-DB|P24518|4.B.1.1.1	93.2	410	28	0	1	410	1	410	3.4e-233	803.5
BCW-200275_00865	gnl|TC-DB|P76330|9.B.34.1.4	37.4	163	94	4	192	348	401	561	4.2e-22	102.1
BCW-200275_00867	gnl|TC-DB|Q9KSH4|4.A.3.2.6	50.6	431	209	1	8	438	7	433	5.0e-121	431.0
BCW-200275_00871	gnl|TC-DB|Q8FA71|2.A.79.2.1	84.8	257	37	1	1	257	22	276	5.7e-125	443.4
BCW-200275_00880	gnl|TC-DB|M3JA40|1.B.52.2.1	30.3	178	110	2	354	517	283	460	3.5e-15	79.7
BCW-200275_00882	gnl|TC-DB|Q8ZJY5|2.A.114.1.10	92.2	717	55	1	1	717	1	716	0.0e+00	1314.3
BCW-200275_00884	gnl|TC-DB|P94400|9.B.10.1.1	27.1	377	195	11	1	308	1	366	7.4e-26	114.4
BCW-200275_00901	gnl|TC-DB|Q01674|1.B.14.1.17	41.9	678	362	8	36	696	48	710	6.1e-158	554.3
BCW-200275_00912	gnl|TC-DB|Q934G3|1.B.35.1.1	62.1	235	85	3	2	233	3	236	5.9e-81	297.0
BCW-200275_00926	gnl|TC-DB|P75683|2.A.2.3.5	91.0	458	41	0	2	459	3	460	2.3e-238	820.8
BCW-200275_00942	gnl|TC-DB|B6IAY2|1.E.43.1.3	41.1	129	74	2	1	128	15	142	8.9e-18	86.3
BCW-200275_00949	gnl|TC-DB|B6IAY2|1.E.43.1.3	41.1	129	74	2	1	128	15	142	8.9e-18	86.3
BCW-200275_00958	gnl|TC-DB|K7PKN9|1.E.56.1.3	89.8	88	9	0	1	88	1	88	1.5e-40	161.4
BCW-200275_00994	gnl|TC-DB|Q5EPB9|3.A.7.11.1	29.1	426	241	13	38	406	14	435	1.0e-31	134.4
BCW-200275_00999	gnl|TC-DB|Q5EPB6|3.A.7.11.1	26.1	835	558	22	40	843	40	846	1.1e-55	214.9
BCW-200275_01001	gnl|TC-DB|Q6MB93|3.A.7.16.1	34.0	197	126	2	10	206	9	201	4.0e-28	121.3
BCW-200275_01007	gnl|TC-DB|Q6MB91|3.A.7.16.1	39.1	299	173	6	37	331	1	294	3.2e-64	241.9
BCW-200275_01015	gnl|TC-DB|Q93NF2|3.A.7.11.1	26.7	356	219	9	7	347	19	347	1.8e-25	113.6
BCW-200275_01020	gnl|TC-DB|Q6MB84|3.A.7.16.1	28.7	571	374	10	6	567	5	551	6.5e-66	248.8
BCW-200275_01023	gnl|TC-DB|K7PKN9|1.E.56.1.3	89.2	93	10	0	1	93	1	93	2.0e-43	171.0
BCW-200275_01051	gnl|TC-DB|P33011|2.A.85.7.1	75.0	352	88	0	1	352	1	352	2.0e-157	551.6
BCW-200275_01054	gnl|TC-DB|D5CJ69|2.A.66.1.22	93.7	462	29	0	1	462	1	462	4.4e-248	853.2
BCW-200275_01058	gnl|TC-DB|P76350|2.A.1.6.6	90.1	436	43	0	1	436	1	436	2.3e-227	784.3
BCW-200275_01061	gnl|TC-DB|Q9KRG9|2.A.6.2.38	47.7	1011	527	2	3	1012	22	1031	5.4e-272	933.7
BCW-200275_01062	gnl|TC-DB|Q2FD71|2.A.6.2.40	22.8	378	248	11	7	354	9	372	2.1e-13	73.2
BCW-200275_01065	gnl|TC-DB|A8R5V4|3.A.3.2.41	47.6	886	455	5	7	890	3	881	8.9e-226	780.0
BCW-200275_01080	gnl|TC-DB|P39414|2.A.47.3.3	51.0	473	232	0	29	501	13	485	4.3e-137	484.6
BCW-200275_01086	gnl|TC-DB|P77747|1.B.1.1.21	78.0	378	75	2	1	371	1	377	2.5e-174	607.8
BCW-200275_01090	gnl|TC-DB|p0aa70|2.A.7.3.22	86.9	298	39	0	1	298	1	298	2.1e-142	501.5
BCW-200275_01093	gnl|TC-DB|P76330|9.B.34.1.4	59.4	559	223	3	1	556	1	558	1.7e-190	662.1
BCW-200275_01098	gnl|TC-DB|P54702|3.A.6.2.1	71.6	264	75	0	1	264	1	264	9.0e-102	366.3
BCW-200275_01099	gnl|TC-DB|P0A1L5|3.A.6.2.1	87.6	89	11	0	1	89	1	89	3.8e-36	146.7
BCW-200275_01100	gnl|TC-DB|P54700|3.A.6.2.1	91.4	245	21	0	1	245	1	245	4.1e-117	417.2
BCW-200275_01101	gnl|TC-DB|P0A1L1|3.A.6.2.1	69.4	124	38	0	1	124	2	125	1.7e-39	158.3
BCW-200275_01102	gnl|TC-DB|P26419|3.A.6.2.1	94.2	137	8	0	1	137	1	137	4.1e-66	246.9
BCW-200275_01107	gnl|TC-DB|P26465|3.A.6.2.1	92.5	456	34	0	1	456	1	456	1.4e-240	828.2
BCW-200275_01108	gnl|TC-DB|P15934|3.A.6.2.1	86.9	236	30	1	1	236	1	235	1.1e-71	266.2
BCW-200275_01110	gnl|TC-DB|P15928|3.A.6.2.1	83.4	561	92	1	1	561	1	560	2.1e-257	884.4
BCW-200275_01113	gnl|TC-DB|Q55487|4.D.2.1.9	46.2	301	162	0	1	301	3	303	3.4e-76	281.6
BCW-200275_01131	gnl|TC-DB|P0AEM9|3.A.1.3.10	92.5	266	20	0	20	285	1	266	2.4e-137	484.6
BCW-200275_01133	gnl|TC-DB|P0AFT2|3.A.1.3.10	92.8	222	16	0	1	222	1	222	2.0e-110	394.8
BCW-200275_01134	gnl|TC-DB|P37774|3.A.1.3.10	89.9	248	25	0	1	248	1	248	2.3e-123	438.0
BCW-200275_01140	gnl|TC-DB|K0WKG7|4.F.1.1.8	60.3	174	67	1	4	175	2	175	1.0e-51	199.5
BCW-200275_01159	gnl|TC-DB|P37653|4.D.3.1.6	45.8	675	354	6	5	673	152	820	4.9e-171	597.8
BCW-200275_01160	gnl|TC-DB|P37652|4.D.3.1.6	28.9	736	487	15	39	757	61	777	6.9e-70	261.9
BCW-200275_01161	gnl|TC-DB|P37650|1.B.55.3.1	30.9	285	180	6	1059	1336	861	1135	1.3e-31	135.6
BCW-200275_01169	gnl|TC-DB|P37653|4.D.3.1.6	87.4	872	110	0	1	872	1	872	0.0e+00	1585.1
BCW-200275_01170	gnl|TC-DB|P37652|4.D.3.1.6	76.8	796	154	3	1	796	15	779	0.0e+00	1239.9
BCW-200275_01171	gnl|TC-DB|P37651|4.D.3.1.6	73.9	368	96	0	1	368	1	368	6.3e-170	593.2
BCW-200275_01172	gnl|TC-DB|P37650|1.B.55.3.1	73.9	1163	295	5	1	1160	1	1157	0.0e+00	1602.0
BCW-200275_01174	gnl|TC-DB|P0A830|2.A.23.1.7	93.0	428	30	0	1	428	1	428	4.2e-218	753.4
BCW-200275_01182	gnl|TC-DB|P37645|9.B.121.1.1	87.9	686	83	0	1	686	1	686	0.0e+00	1220.7
BCW-200275_01183	gnl|TC-DB|P37643|2.A.1.6.10	90.5	440	42	0	1	440	1	440	2.7e-220	760.8
BCW-200275_01184	gnl|TC-DB|P37642|9.B.126.1.1	83.2	339	53	1	1	339	1	335	2.3e-158	554.7
BCW-200275_01195	gnl|TC-DB|P0A8S5|9.B.4.1.1	92.8	111	8	0	1	111	1	111	1.1e-56	215.3
BCW-200275_01196	gnl|TC-DB|P0AFJ7|2.A.20.1.1	89.6	500	50	2	1	499	1	499	2.3e-252	867.5
BCW-200275_01199	gnl|TC-DB|Q7B1W8|2.A.109.1.1	82.5	338	59	0	1	338	1	338	1.0e-161	565.8
BCW-200275_01201	gnl|TC-DB|E9RJ18|3.A.7.13.2	37.4	107	56	3	67	163	254	359	3.0e-13	71.6
BCW-200275_01209	gnl|TC-DB|Q7AA53|2.A.6.8.2	82.4	749	131	1	26	773	1	749	0.0e+00	1172.5
BCW-200275_01222	gnl|TC-DB|P0AGM0|2.A.86.1.2	89.7	349	36	0	1	349	1	349	1.2e-165	578.9
BCW-200275_01223	gnl|TC-DB|P37621|2.A.1.46.7	81.5	405	75	0	1	405	1	405	4.2e-183	637.1
BCW-200275_01225	gnl|TC-DB|B3WJF3|2.A.88.8.6	91.8	220	18	0	1	220	1	220	1.0e-111	399.1
BCW-200275_01227	gnl|TC-DB|P43020|2.A.56.1.5	35.0	303	188	6	9	308	9	305	1.7e-41	166.4
BCW-200275_01229	gnl|TC-DB|Q8ZKS0|2.A.56.1.5	42.6	425	240	2	6	427	11	434	6.6e-86	314.3
BCW-200275_01231	gnl|TC-DB|P09391|9.B.104.1.1	80.4	275	54	0	1	275	1	275	2.1e-133	471.5
BCW-200275_01240	gnl|TC-DB|P67143|2.A.95.1.5	94.4	197	11	0	1	197	1	197	7.9e-95	342.8
BCW-200275_01241	gnl|TC-DB|P37617|3.A.3.6.2	77.0	732	164	4	1	728	1	732	3.7e-299	1023.5
BCW-200275_01246	gnl|TC-DB|P10121|3.A.5.1.1	95.8	310	13	0	202	511	188	497	3.8e-165	577.8
BCW-200275_01247	gnl|TC-DB|P0A9R7|3.A.1.140.1	95.9	219	9	0	1	219	1	219	2.0e-118	421.4
BCW-200275_01248	gnl|TC-DB|P0AC31|3.A.1.140.1	90.6	352	32	1	1	351	1	352	3.3e-176	614.0
BCW-200275_01251	gnl|TC-DB|P0AD96|3.A.1.4.1	93.7	365	22	1	1	364	3	367	7.8e-197	682.6
BCW-200275_01253	gnl|TC-DB|P04816|3.A.1.4.1	90.0	369	37	0	1	369	1	369	1.9e-195	677.9
BCW-200275_01254	gnl|TC-DB|P0AEX7|3.A.1.4.1	95.5	308	14	0	1	308	1	308	1.3e-152	535.4
BCW-200275_01255	gnl|TC-DB|P22729|3.A.1.4.1	94.1	425	25	0	1	425	1	425	1.2e-209	725.3
BCW-200275_01256	gnl|TC-DB|P0A9S7|3.A.1.4.1	92.5	255	19	0	1	255	1	255	5.4e-136	479.9
BCW-200275_01257	gnl|TC-DB|P22731|3.A.1.4.1	94.9	237	12	0	1	237	1	237	1.8e-125	444.9
BCW-200275_01258	gnl|TC-DB|P0AG80|3.A.1.1.3	89.0	438	48	0	1	438	1	438	7.9e-236	812.4
BCW-200275_01259	gnl|TC-DB|P10905|3.A.1.1.3	92.2	295	23	0	1	295	1	295	2.8e-152	534.3
BCW-200275_01260	gnl|TC-DB|P10906|3.A.1.1.3	88.3	281	33	0	1	281	1	281	2.9e-135	477.6
BCW-200275_01261	gnl|TC-DB|P10907|3.A.1.1.3	91.3	356	31	0	1	356	1	356	6.5e-188	652.9
BCW-200275_01270	gnl|TC-DB|P0AC96|2.A.8.1.8	95.3	446	21	0	1	446	1	446	3.4e-234	807.0
BCW-200275_01274	gnl|TC-DB|P39835|2.A.8.1.4	94.3	438	25	0	1	438	1	438	1.1e-213	738.8
BCW-200275_01279	gnl|TC-DB|B5XTS6|9.A.8.1.10	79.7	79	15	1	1	78	1	79	1.2e-30	128.3
BCW-200275_01280	gnl|TC-DB|B5XTS7|9.A.8.1.10	88.1	772	92	0	1	772	1	772	0.0e+00	1352.4
BCW-200275_01281	gnl|TC-DB|P0AEL3|9.A.8.1.1	89.2	74	8	0	1	74	1	74	3.3e-33	136.7
BCW-200275_01285	gnl|TC-DB|Q9HV74|2.A.21.9.1	27.6	217	139	7	237	437	760	974	1.1e-11	67.8
BCW-200275_01287	gnl|TC-DB|P45804|9.B.65.1.1	46.5	579	298	7	1	575	1	571	1.1e-136	483.4
BCW-200275_01297	gnl|TC-DB|Q1R5P6|1.B.22.4.2	72.1	405	113	0	22	426	5	409	1.5e-162	568.9
BCW-200275_01307	gnl|TC-DB|K6JRX1|1.A.16.3.4	88.8	269	30	0	1	269	1	269	3.6e-138	487.3
BCW-200275_01311	gnl|TC-DB|P60778|2.A.1.7.14	87.5	392	49	0	1	392	1	392	2.8e-192	667.5
BCW-200275_01316	gnl|TC-DB|P45537|2.A.85.1.3	81.6	692	126	1	1	691	5	696	0.0e+00	1137.9
BCW-200275_01322	gnl|TC-DB|O06924|3.B.1.1.4	57.1	553	224	3	9	551	5	554	9.4e-186	646.4
BCW-200275_01325	gnl|TC-DB|O06926|3.B.1.1.4	40.3	243	135	2	4	236	9	251	3.3e-46	181.8
BCW-200275_01326	gnl|TC-DB|O06927|3.B.1.1.4	38.4	164	98	2	52	212	63	226	8.1e-26	114.0
BCW-200275_01327	gnl|TC-DB|O32715|2.A.69.3.3	86.5	319	43	0	1	319	1	319	5.9e-148	520.0
BCW-200275_01331	gnl|TC-DB|Q83XH1|3.A.1.121.4	30.6	513	347	4	1	505	1	512	2.1e-72	270.0
BCW-200275_01332	gnl|TC-DB|P0A756|2.A.37.1.2	87.4	182	23	0	1	182	2	183	1.1e-95	345.5
BCW-200275_01333	gnl|TC-DB|P45522|2.A.37.1.2	91.7	601	50	0	1	601	1	601	5.8e-306	1045.8
BCW-200275_01351	gnl|TC-DB|Q8VRK4|3.A.11.1.3	37.1	280	152	6	87	362	70	329	5.5e-36	148.3
BCW-200275_01355	gnl|TC-DB|P0AGI8|2.A.38.1.1	96.9	458	14	0	1	458	1	458	2.6e-250	860.5
BCW-200275_01356	gnl|TC-DB|P0A742|1.A.22.1.1	94.9	136	6	1	1	136	1	135	4.6e-65	243.4
BCW-200275_01365	gnl|TC-DB|P0AGA2|3.A.5.1.1	98.6	443	6	0	1	443	1	443	3.0e-243	837.0
BCW-200275_01387	gnl|TC-DB|P22610|3.A.15.2.1	40.9	137	77	2	8	144	137	269	1.1e-19	92.8
BCW-200275_01402	gnl|TC-DB|P38919|3.A.18.1.1	34.0	362	234	3	5	366	39	395	4.0e-54	208.8
BCW-200275_01404	gnl|TC-DB|F9VN10|3.D.10.1.4	35.3	541	312	15	10	526	7	533	1.2e-71	267.3
BCW-200275_01420	gnl|TC-DB|P77272|4.A.1.2.7	38.1	472	258	14	2	447	4	467	1.1e-67	253.8
BCW-200275_01427	gnl|TC-DB|Q9KN48|3.A.23.1.1	43.7	261	136	1	109	369	176	425	3.3e-56	215.7
BCW-200275_01432	gnl|TC-DB|Q47142|2.A.1.27.1	80.8	375	72	0	1	375	1	375	1.1e-177	619.0
BCW-200275_01435	gnl|TC-DB|D7A5Z9|2.A.113.1.7	36.6	227	132	3	64	284	60	280	5.1e-30	128.3
BCW-200275_01443	gnl|TC-DB|P44669|9.A.41.1.1	67.6	617	198	2	1	616	1	616	2.3e-225	778.1
BCW-200275_01451	gnl|TC-DB|Q57071|4.A.1.1.13	38.0	502	290	8	2	500	3	486	9.3e-87	317.4
BCW-200275_01460	gnl|TC-DB|P77774|1.B.33.1.3	85.2	392	58	0	1	392	1	392	2.2e-173	604.7
BCW-200275_01467	gnl|TC-DB|P94488|2.A.2.3.2	34.4	468	278	8	15	480	8	448	5.3e-68	255.0
BCW-200275_01469	gnl|TC-DB|Q9L223|2.A.1.70.1	28.1	374	242	7	1	356	13	377	7.3e-23	104.8
BCW-200275_01471	gnl|TC-DB|P64545|9.B.209.1.1	67.9	53	17	0	1	53	7	59	9.4e-17	81.6
BCW-200275_01477	gnl|TC-DB|Q9UEF7|8.A.49.1.1	28.9	485	290	17	4	473	61	505	3.8e-42	169.1
BCW-200275_01479	gnl|TC-DB|P0AGM7|2.A.40.1.1	91.8	425	35	0	1	425	1	425	5.7e-215	743.0
BCW-200275_01483	gnl|TC-DB|Q72XQ0|4.A.3.2.8	43.5	430	234	4	4	424	1	430	2.9e-89	325.5
BCW-200275_01487	gnl|TC-DB|P0AFI9|2.A.86.1.1	91.8	353	29	0	1	353	1	353	1.5e-165	578.6
BCW-200275_01491	gnl|TC-DB|P0A903|1.B.33.1.3	86.3	344	47	0	1	344	1	344	2.0e-170	594.7
BCW-200275_01499	gnl|TC-DB|P24177|2.A.6.2.7	91.4	1037	89	0	1	1037	1	1037	0.0e+00	1822.4
BCW-200275_01501	gnl|TC-DB|Q5P036|5.A.3.11.1	31.1	161	82	6	5	141	5	160	4.5e-17	86.3
BCW-200275_01510	gnl|TC-DB|P76538|9.B.127.1.1	77.1	144	33	0	1	144	1	144	3.6e-63	237.3
BCW-200275_01513	gnl|TC-DB|P16700|3.A.1.6.1	92.0	337	26	1	1	336	1	337	4.3e-181	630.2
BCW-200275_01514	gnl|TC-DB|P16701|3.A.1.6.1	97.5	277	7	0	1	277	1	277	5.3e-145	510.0
BCW-200275_01515	gnl|TC-DB|P0AEB0|3.A.1.6.1	93.5	291	19	0	1	291	1	291	5.5e-153	536.6
BCW-200275_01516	gnl|TC-DB|P16676|3.A.1.6.1	92.1	365	28	1	1	364	1	365	2.5e-195	677.6
BCW-200275_01519	gnl|TC-DB|P69783|4.A.1.1.1	98.8	169	2	0	1	169	1	169	2.8e-88	320.9
BCW-200275_01520	gnl|TC-DB|P08839|8.A.7.1.1	96.0	575	23	0	1	575	1	575	7.0e-309	1055.4
BCW-200275_01521	gnl|TC-DB|P0AA04|8.A.8.1.1	100.0	85	0	0	1	85	1	85	1.4e-40	161.4
BCW-200275_01523	gnl|TC-DB|P0A6J3|2.A.121.1.1	89.3	253	27	0	1	253	1	253	1.4e-136	481.9
BCW-200275_01527	gnl|TC-DB|P39836|2.A.28.3.4	89.2	332	35	1	1	331	1	332	5.7e-162	566.6
BCW-200275_01531	gnl|TC-DB|P45562|2.A.1.10.2	77.5	418	94	0	1	418	1	418	1.5e-188	655.2
BCW-200275_01542	gnl|TC-DB|P0AFF2|2.A.41.1.1	94.8	400	16	1	1	395	1	400	4.2e-196	680.2
BCW-200275_01543	gnl|TC-DB|P0A769|2.A.55.3.1	91.0	412	37	0	1	412	1	412	7.5e-204	706.1
BCW-200275_01545	gnl|TC-DB|P63144|8.A.5.1.3	36.4	327	193	10	13	330	71	391	1.0e-46	183.7
BCW-200275_01547	gnl|TC-DB|H5KWQ5|2.A.49.7.1	81.1	408	77	0	1	408	1	408	2.3e-181	631.3
BCW-200275_01550	gnl|TC-DB|B3XQE5|9.B.33.1.2	30.7	589	358	13	7	560	3	576	9.6e-69	257.7
BCW-200275_01560	gnl|TC-DB|K1LZ89|1.B.6.1.14	41.7	103	59	1	444	546	537	638	1.6e-15	80.9
BCW-200275_01562	gnl|TC-DB|Q6EE14|3.A.23.2.1	48.6	881	409	11	7	871	8	860	2.3e-210	728.8
BCW-200275_01575	gnl|TC-DB|Q9KN55|3.A.23.1.1	34.0	580	349	13	7	567	5	569	2.1e-79	293.1
BCW-200275_01584	gnl|TC-DB|P37327|1.A.16.4.1	84.7	307	47	0	4	310	1	307	4.6e-145	510.4
BCW-200275_01585	gnl|TC-DB|P76506|3.A.1.27.3	85.7	251	35	1	1	250	1	251	3.0e-131	464.2
BCW-200275_01586	gnl|TC-DB|P10384|1.B.9.1.1	76.7	450	91	3	1	440	1	446	2.5e-205	711.1
BCW-200275_01595	gnl|TC-DB|P0AD30|2.A.102.3.1	88.1	269	32	0	1	269	1	269	1.2e-130	462.2
BCW-200275_01604	gnl|TC-DB|P0ABP6|9.B.27.2.3	88.1	219	26	0	1	219	1	219	3.5e-107	384.0
BCW-200275_01609	gnl|TC-DB|P08550|9.B.160.1.16	93.8	161	10	0	1	161	1	161	2.0e-80	294.7
BCW-200275_01612	gnl|TC-DB|P09551|3.A.1.3.1	90.0	260	26	0	1	260	1	260	9.1e-131	462.6
BCW-200275_01613	gnl|TC-DB|P0AEU0|3.A.1.3.29	93.1	260	18	0	1	260	1	260	2.5e-136	481.1
BCW-200275_01614	gnl|TC-DB|P0A2I9|3.A.1.3.1	92.1	228	18	0	1	228	1	228	8.3e-112	399.4
BCW-200275_01615	gnl|TC-DB|P0AEU3|3.A.1.3.29	91.9	236	19	0	1	236	1	236	3.5e-121	430.6
BCW-200275_01616	gnl|TC-DB|P07109|3.A.1.3.29	92.2	257	20	0	1	257	1	257	5.3e-131	463.4
BCW-200275_01621	gnl|TC-DB|B7LBF5|1.A.12.3.2	74.3	214	55	0	13	226	1	214	1.8e-90	328.6
BCW-200275_01625	gnl|TC-DB|B7LDS1|4.A.7.1.2	46.3	147	79	0	1	147	1	147	1.7e-33	138.7
BCW-200275_01626	gnl|TC-DB|B7LDS2|4.A.7.1.2	42.4	85	47	1	1	83	1	85	2.9e-12	67.4
BCW-200275_01627	gnl|TC-DB|B7LDR9|4.A.7.1.2	63.7	410	148	1	12	421	10	418	6.5e-148	520.4
BCW-200275_01635	gnl|TC-DB|P0AFU2|2.A.47.4.8	87.4	610	77	0	1	610	1	610	4.1e-299	1023.1
BCW-200275_01639	gnl|TC-DB|P0AFC3|3.D.1.1.1	91.2	147	12	1	1	146	1	147	2.9e-70	260.8
BCW-200275_01640	gnl|TC-DB|P0AFC7|3.D.1.1.1	96.0	224	5	1	1	224	1	220	1.3e-125	445.3
BCW-200275_01641	gnl|TC-DB|P33599|3.D.1.1.1	93.1	596	40	1	5	599	1	596	0.0e+00	1168.7
BCW-200275_01642	gnl|TC-DB|P0AFD1|3.D.1.1.1	94.6	166	9	0	1	166	1	166	2.0e-91	331.3
BCW-200275_01643	gnl|TC-DB|P31979|3.D.1.1.1	96.0	445	18	0	1	445	1	445	3.8e-262	899.8
BCW-200275_01644	gnl|TC-DB|P33602|3.D.1.1.1	91.1	907	81	0	1	907	1	907	0.0e+00	1702.2
BCW-200275_01645	gnl|TC-DB|P0AFD4|3.D.1.1.1	95.7	325	14	0	1	325	1	325	9.5e-178	619.0
BCW-200275_01646	gnl|TC-DB|P0AFD6|3.D.1.1.1	97.8	180	4	0	1	180	1	180	4.1e-90	327.0
BCW-200275_01647	gnl|TC-DB|P0AFE0|3.D.1.1.1	95.7	184	8	0	1	184	1	184	5.1e-88	320.1
BCW-200275_01648	gnl|TC-DB|P0AFE4|3.D.1.1.1	96.0	100	4	0	1	100	1	100	1.7e-29	124.8
BCW-200275_01649	gnl|TC-DB|P33607|3.D.1.1.1	93.1	613	42	0	1	613	1	613	0.0e+00	1125.5
BCW-200275_01650	gnl|TC-DB|P0AFE8|3.D.1.1.1	92.5	509	38	0	1	509	1	509	1.7e-274	941.0
BCW-200275_01651	gnl|TC-DB|P0AFF0|3.D.1.1.1	91.1	485	43	0	1	485	1	485	9.6e-243	835.5
BCW-200275_01662	gnl|TC-DB|Q8XE01|1.B.68.1.1	78.9	180	38	0	1	180	8	187	1.5e-84	308.5
BCW-200275_01667	gnl|TC-DB|P08194|2.A.1.4.3	94.3	421	24	0	1	421	1	421	5.4e-240	826.2
BCW-200275_01676	gnl|TC-DB|D6QLX8|1.B.1.1.19	78.4	380	65	4	1	376	1	367	1.1e-169	592.4
BCW-200275_01680	gnl|TC-DB|P33941|3.A.1.113.3	88.7	547	62	0	1	547	1	547	3.9e-277	949.9
BCW-200275_01681	gnl|TC-DB|Q5SMG8|1.A.26.1.2	29.8	339	235	2	141	477	110	447	6.1e-40	161.8
BCW-200275_01682	gnl|TC-DB|Q1J2S8|2.A.53.3.13	48.6	370	187	2	28	397	23	389	3.7e-86	315.1
BCW-200275_01693	gnl|TC-DB|P28246|2.A.1.2.7	88.9	395	44	0	1	395	1	395	9.8e-193	669.1
BCW-200275_01695	gnl|TC-DB|P33916|3.A.1.5.21	81.6	528	97	0	1	528	1	528	4.3e-244	840.1
BCW-200275_01696	gnl|TC-DB|P33915|3.A.1.5.21	87.1	341	44	0	1	341	1	341	5.1e-158	553.5
BCW-200275_01697	gnl|TC-DB|P0AFU1|3.A.1.5.21	92.3	364	28	0	1	364	1	364	7.6e-192	666.0
BCW-200275_01698	gnl|TC-DB|P33913|3.A.1.5.21	78.9	598	125	1	1	597	1	598	1.2e-295	1011.5
BCW-200275_01700	gnl|TC-DB|E9RJ18|3.A.7.13.2	36.1	108	58	4	83	180	254	360	6.2e-12	67.4
BCW-200275_01707	gnl|TC-DB|P33026|2.A.1.20.2	86.3	393	54	0	1	393	1	393	4.3e-193	670.2
BCW-200275_01708	gnl|TC-DB|P69811|4.A.2.1.1	85.9	376	53	0	1	376	1	376	1.4e-180	628.6
BCW-200275_01710	gnl|TC-DB|P20966|4.A.2.1.1	90.1	565	52	3	1	563	1	563	1.2e-249	858.6
BCW-200275_01712	gnl|TC-DB|P62723|2.A.98.1.3	84.2	349	54	1	1	348	1	349	1.1e-158	555.8
BCW-200275_01714	gnl|TC-DB|P25737|2.A.3.1.2	94.3	489	28	0	1	489	1	489	3.0e-268	920.2
BCW-200275_01715	gnl|TC-DB|P17315|1.B.14.1.4	80.7	663	121	3	1	656	1	663	0.0e+00	1116.3
BCW-200275_01717	gnl|TC-DB|Q9I3T2|2.A.1.51.4	45.8	367	195	3	7	370	14	379	3.9e-74	275.0
BCW-200275_01719	gnl|TC-DB|P25747|9.B.169.1.2	80.0	385	77	0	1	385	1	385	8.9e-183	636.0
BCW-200275_01721	gnl|TC-DB|P0AEE5|3.A.1.2.3	94.0	332	20	0	1	332	1	332	1.6e-177	618.2
BCW-200275_01722	gnl|TC-DB|P0AAG8|3.A.1.2.3	95.3	506	24	0	1	506	1	506	5.1e-279	956.1
BCW-200275_01723	gnl|TC-DB|P23200|3.A.1.2.3	95.5	336	15	0	1	336	1	336	1.8e-163	571.6
BCW-200275_01724	gnl|TC-DB|P0AFY2|9.B.114.1.1	85.4	239	35	0	1	239	1	239	1.1e-114	409.1
BCW-200275_01726	gnl|TC-DB|C6EAH0|2.A.122.1.1	91.3	231	20	0	1	231	1	231	6.0e-110	393.3
BCW-200275_01727	gnl|TC-DB|F4V3T5|1.E.14.1.4	86.4	132	18	0	1	132	4	135	4.4e-41	163.7
BCW-200275_01731	gnl|TC-DB|P08722|4.A.1.2.2	55.7	621	264	4	6	616	4	623	7.8e-197	683.3
BCW-200275_01733	gnl|TC-DB|P33369|1.B.17.3.10	69.3	463	137	2	41	498	14	476	1.4e-172	602.4
BCW-200275_01735	gnl|TC-DB|E4PCL6|9.B.27.2.7	73.3	187	50	0	1	187	1	187	7.1e-77	283.1
BCW-200275_01736	gnl|TC-DB|J2MRK2|9.B.29.3.1	41.8	182	106	0	7	188	8	189	2.6e-37	151.8
BCW-200275_01741	gnl|TC-DB|P33362|3.A.1.12.15	86.2	305	42	0	1	305	1	305	2.9e-144	507.7
BCW-200275_01742	gnl|TC-DB|P33361|3.A.1.12.15	67.1	380	123	2	8	386	7	385	1.6e-128	455.7
BCW-200275_01743	gnl|TC-DB|P33360|3.A.1.12.15	81.4	306	56	1	1	306	1	305	4.0e-141	497.3
BCW-200275_01744	gnl|TC-DB|P33359|3.A.1.12.15	78.0	241	53	0	1	241	1	241	2.1e-97	351.7
BCW-200275_01747	gnl|TC-DB|Q81JL2|9.B.33.1.1	30.1	581	368	11	5	556	3	574	4.2e-72	268.9
BCW-200275_01751	gnl|TC-DB|A0L4L0|3.A.1.132.3	38.0	342	195	6	12	350	2	329	5.2e-55	211.5
BCW-200275_01753	gnl|TC-DB|P64534|2.A.113.1.1	66.1	112	35	1	1	109	1	112	2.7e-36	147.5
BCW-200275_01754	gnl|TC-DB|P0A932|1.B.18.3.8	70.0	377	112	1	2	378	3	378	1.8e-156	548.5
BCW-200275_01756	gnl|TC-DB|P38134|8.A.3.3.1	58.8	711	293	0	1	711	1	711	7.9e-241	829.7
BCW-200275_01765	gnl|TC-DB|P76128|3.A.1.5.38	28.4	539	333	13	1	522	1	503	1.6e-44	177.2
BCW-200275_01766	gnl|TC-DB|W0WN20|3.A.1.5.39	42.4	330	187	2	16	344	6	333	2.0e-64	242.7
BCW-200275_01767	gnl|TC-DB|W0WMS8|3.A.1.5.39	46.2	264	134	2	44	299	35	298	1.5e-60	229.6
BCW-200275_01768	gnl|TC-DB|P26905|3.A.1.5.2	45.8	260	138	3	13	269	4	263	2.3e-58	222.2
BCW-200275_01769	gnl|TC-DB|Q9X0F3|3.A.1.5.12	46.4	263	119	6	1	242	3	264	1.2e-55	213.0
BCW-200275_01784	gnl|TC-DB|C5IZH0|2.A.6.2.47	91.6	391	33	0	1	391	1	391	9.0e-199	689.1
BCW-200275_01785	gnl|TC-DB|C5IZH1|2.A.6.2.47	96.4	1050	38	0	1	1050	1	1050	0.0e+00	1932.1
BCW-200275_01788	gnl|TC-DB|Q9S3J9|2.A.1.2.18	30.1	382	265	2	5	385	3	383	8.5e-40	161.0
BCW-200275_01789	gnl|TC-DB|D2PP09|2.A.1.67.1	36.7	390	243	3	5	393	5	391	2.0e-52	203.0
BCW-200275_01795	gnl|TC-DB|P36554|2.A.1.3.26	81.4	469	87	0	1	469	1	469	1.5e-216	748.4
BCW-200275_01796	gnl|TC-DB|P76399|2.A.6.2.12	91.4	1025	88	0	1	1025	1	1025	0.0e+00	1786.9
BCW-200275_01797	gnl|TC-DB|P76398|2.A.6.2.12	90.2	1040	102	0	1	1040	1	1040	0.0e+00	1758.0
BCW-200275_01798	gnl|TC-DB|P76397|8.A.1.6.2	85.9	377	53	0	35	411	39	415	1.0e-176	615.9
BCW-200275_01801	gnl|TC-DB|Q1J0W6|9.B.34.1.1	34.1	164	96	4	683	845	190	342	1.8e-13	75.1
BCW-200275_01804	gnl|TC-DB|P28249|9.B.22.2.1	66.8	617	203	2	1	615	1	617	3.9e-241	830.5
BCW-200275_01805	gnl|TC-DB|L5DDD7|2.A.109.2.3	86.9	527	69	0	1	527	370	896	2.5e-260	894.0
BCW-200275_01806	gnl|TC-DB|P0A930|1.B.18.3.1	92.3	379	29	0	1	379	1	379	9.6e-206	712.2
BCW-200275_01808	gnl|TC-DB|P76387|8.A.3.3.2	86.2	720	99	0	1	720	1	720	0.0e+00	1209.5
BCW-200275_01822	gnl|TC-DB|G0CIY2|9.B.18.1.1	38.8	464	259	9	19	464	28	484	1.3e-82	303.5
BCW-200275_01823	gnl|TC-DB|P77377|2.A.66.2.7	89.2	492	53	0	1	492	1	492	1.6e-240	828.2
BCW-200275_01851	gnl|TC-DB|P0AA47|2.A.3.1.14	86.7	452	60	0	1	452	1	452	1.1e-227	785.4
BCW-200275_01863	gnl|TC-DB|D4I357|9.B.97.4.1	29.7	333	202	12	2	319	5	320	5.0e-17	85.1
BCW-200275_01871	gnl|TC-DB|P22731|3.A.1.4.1	58.6	237	98	0	1	237	1	237	3.9e-72	267.7
BCW-200275_01872	gnl|TC-DB|P21629|3.A.1.4.8	50.9	285	106	3	1	283	1	253	1.9e-73	272.3
BCW-200275_01873	gnl|TC-DB|P21628|3.A.1.4.8	52.3	415	182	6	12	418	4	410	2.0e-103	372.5
BCW-200275_01874	gnl|TC-DB|P0AEX7|3.A.1.4.1	56.0	302	132	1	4	304	7	308	4.2e-87	317.8
BCW-200275_01875	gnl|TC-DB|P0AD96|3.A.1.4.1	42.1	363	201	5	13	371	8	365	6.5e-82	300.8
BCW-200275_01877	gnl|TC-DB|P0AAD4|2.A.42.1.1	84.2	380	60	0	1	380	24	403	1.7e-178	621.7
BCW-200275_01885	gnl|TC-DB|P31474|2.A.1.3.51	33.3	469	308	3	5	473	1	464	5.4e-73	271.6
BCW-200275_01887	gnl|TC-DB|P0ABN9|2.A.13.1.2	55.2	446	196	1	1	446	2	443	1.9e-136	482.3
BCW-200275_01890	gnl|TC-DB|P02924|3.A.1.2.2	94.5	329	18	0	1	329	1	329	1.3e-179	625.2
BCW-200275_01891	gnl|TC-DB|P0AAF3|3.A.1.2.2	89.3	504	54	0	1	504	1	504	4.2e-265	909.8
BCW-200275_01892	gnl|TC-DB|P0AE26|3.A.1.2.2	92.4	328	23	1	1	326	1	328	1.7e-147	518.5
BCW-200275_01898	gnl|TC-DB|P09348|1.A.30.1.1	91.5	295	25	0	1	295	1	295	2.3e-146	514.6
BCW-200275_01899	gnl|TC-DB|P0AF06|1.A.30.1.1	81.6	309	56	1	1	309	1	308	4.2e-143	503.8
BCW-200275_01902	gnl|TC-DB|P96603|2.A.23.1.6	35.2	412	245	6	7	410	7	404	7.4e-66	247.7
BCW-200275_01906	gnl|TC-DB|Q6XBY3|1.B.11.6.1	35.1	827	480	16	12	792	13	828	1.2e-138	490.3
BCW-200275_01908	gnl|TC-DB|M3JA40|1.B.52.2.1	49.4	87	44	0	344	430	275	361	1.0e-14	78.2
BCW-200275_01915	gnl|TC-DB|P42915|1.B.11.3.6	47.8	793	401	7	29	818	33	815	3.9e-207	718.0
BCW-200275_01918	gnl|TC-DB|P40727|3.A.6.2.1	84.6	383	58	1	1	382	1	383	1.4e-185	645.2
BCW-200275_01919	gnl|TC-DB|P40729|3.A.6.2.1	94.4	692	39	0	1	692	1	692	0.0e+00	1227.6
BCW-200275_01921	gnl|TC-DB|Q6D188|2.A.2.5.2	82.9	516	85	1	1	513	1	516	2.5e-244	840.9
BCW-200275_01925	gnl|TC-DB|P67826|9.B.158.1.2	73.5	245	65	0	1	245	1	245	2.7e-100	361.3
BCW-200275_01937	gnl|TC-DB|P39832|3.A.1.15.5	84.7	261	40	0	1	261	1	261	2.9e-113	404.4
BCW-200275_01938	gnl|TC-DB|P0A9X1|3.A.1.15.5	90.8	251	23	0	1	251	1	251	1.2e-127	452.2
BCW-200275_01939	gnl|TC-DB|P39172|3.A.1.15.5	85.0	314	43	1	1	314	1	310	5.4e-138	486.9
BCW-200275_01940	gnl|TC-DB|B7L5V2|1.A.34.1.3	41.9	210	116	2	198	407	14	217	1.7e-41	166.8
BCW-200275_01953	gnl|TC-DB|Q4KDN3|9.B.62.1.5	39.3	107	64	1	17	123	15	120	4.6e-16	80.5
BCW-200275_01954	gnl|TC-DB|P76278|9.B.62.1.4	55.9	290	128	0	21	310	1	290	1.0e-88	323.2
BCW-200275_01965	gnl|TC-DB|P23865|9.B.174.1.2	91.1	682	61	0	1	682	1	682	0.0e+00	1228.8
BCW-200275_01966	gnl|TC-DB|P23894|9.B.1.1.6	93.2	293	20	0	1	293	1	293	5.4e-148	520.0
BCW-200275_01967	gnl|TC-DB|P76269|2.A.1.3.17	82.3	457	81	0	1	457	1	457	1.0e-209	725.7
BCW-200275_01974	gnl|TC-DB|P76264|2.A.107.1.1	86.2	188	26	0	13	200	1	188	1.6e-90	328.6
BCW-200275_01976	gnl|TC-DB|P69805|4.A.6.1.1	91.5	283	24	0	1	283	4	286	8.3e-146	512.7
BCW-200275_01977	gnl|TC-DB|P69801|4.A.6.1.1	92.5	266	20	0	1	266	1	266	1.8e-129	458.4
BCW-200275_01978	gnl|TC-DB|P69797|4.A.6.1.1	88.9	323	33	1	1	320	1	323	9.7e-159	555.8
BCW-200275_01979	gnl|TC-DB|L5DDD7|2.A.109.2.3	49.6	520	245	8	1	508	370	884	1.2e-121	433.3
BCW-200275_01989	gnl|TC-DB|P69451|4.C.1.1.4	92.7	561	41	0	12	572	1	561	9.7e-311	1061.6
BCW-200275_01997	gnl|TC-DB|P0A6M2|5.A.2.1.1	75.0	176	44	0	1	176	1	176	3.1e-82	300.8
BCW-200275_01998	gnl|TC-DB|P0AFA7|2.A.34.1.1	76.7	511	118	1	1	510	1	511	3.8e-213	737.3
BCW-200275_02003	gnl|TC-DB|P76007|2.A.36.6.11	91.1	575	51	0	1	575	1	575	6.2e-297	1015.8
BCW-200275_02007	gnl|TC-DB|A6TAG3|1.E.43.1.1	68.3	82	25	1	1	82	1	81	2.2e-25	110.9
BCW-200275_02008	gnl|TC-DB|Q82VI7|1.B.14.1.10	30.8	679	437	18	45	700	156	824	4.2e-74	275.8
BCW-200275_02011	gnl|TC-DB|P0ADL1|2.A.1.2.26	45.9	394	212	1	1	393	1	394	2.2e-83	305.8
BCW-200275_02018	gnl|TC-DB|P07658|3.D.1.9.2	30.8	308	184	7	114	415	61	345	2.2e-36	150.6
BCW-200275_02023	gnl|TC-DB|P0AFR2|2.A.53.3.11	90.3	559	54	0	1	559	1	559	3.4e-252	867.1
BCW-200275_02026	gnl|TC-DB|P61320|1.B.46.1.1	86.1	201	28	0	3	203	7	207	2.8e-103	370.9
BCW-200275_02033	gnl|TC-DB|P31801|2.A.19.1.1	88.5	366	40	1	1	364	1	366	4.8e-170	593.6
BCW-200275_02040	gnl|TC-DB|Q44292|3.A.1.16.4	38.6	409	209	11	1	376	1	400	7.3e-74	274.2
BCW-200275_02041	gnl|TC-DB|Q7BW13|3.A.1.16.2	50.4	246	118	2	48	290	15	259	8.8e-66	246.9
BCW-200275_02042	gnl|TC-DB|Q55107|3.A.1.16.3	52.5	259	121	2	1	258	1	258	3.4e-77	284.6
BCW-200275_02044	gnl|TC-DB|P77374|5.A.3.3.1	23.7	528	305	18	11	459	60	568	2.2e-16	84.3
BCW-200275_02045	gnl|TC-DB|P39165|1.B.54.1.9	63.8	436	158	0	3	438	24	459	3.0e-166	581.3
BCW-200275_02048	gnl|TC-DB|P10903|2.A.1.8.1	86.0	463	65	0	1	463	1	463	6.6e-233	802.7
BCW-200275_02049	gnl|TC-DB|P09152|5.A.3.1.1	93.5	1247	81	0	1	1247	1	1247	0.0e+00	2493.0
BCW-200275_02050	gnl|TC-DB|P11349|5.A.3.1.1	92.8	511	36	1	1	510	1	511	5.1e-295	1009.2
BCW-200275_02052	gnl|TC-DB|P11350|5.A.3.1.1	87.1	224	29	0	1	224	1	224	3.9e-114	407.1
BCW-200275_02062	gnl|TC-DB|P25743|2.A.95.1.7	87.9	215	26	0	1	215	1	215	2.6e-99	357.8
BCW-200275_02063	gnl|TC-DB|P23843|3.A.1.5.41	82.9	544	92	1	1	544	1	543	1.1e-279	958.4
BCW-200275_02064	gnl|TC-DB|P0AFH2|3.A.1.5.41	94.8	306	16	0	1	306	1	306	3.7e-147	517.3
BCW-200275_02065	gnl|TC-DB|P08006|3.A.1.5.1	95.7	302	13	0	1	302	1	302	6.8e-138	486.5
BCW-200275_02066	gnl|TC-DB|P76027|3.A.1.5.41	90.8	337	31	0	1	337	1	337	2.7e-175	610.9
BCW-200275_02067	gnl|TC-DB|P08007|3.A.1.5.1	95.2	334	16	0	1	334	1	334	2.1e-188	654.4
BCW-200275_02068	gnl|TC-DB|Q1D027|1.A.1.24.3	41.5	270	144	6	8	273	13	272	5.5e-41	164.5
BCW-200275_02071	gnl|TC-DB|P76249|2.A.76.1.5	73.3	210	56	0	1	210	1	210	1.6e-80	295.4
BCW-200275_02074	gnl|TC-DB|L0LHM3|2.A.7.31.3	34.5	275	179	1	1	274	1	275	6.6e-39	157.5
BCW-200275_02077	gnl|TC-DB|P02929|2.C.1.1.1	73.2	239	64	0	4	242	1	239	3.2e-53	204.9
BCW-200275_02081	gnl|TC-DB|P0A915|1.B.39.1.6	80.2	212	41	1	1	211	1	212	7.4e-99	356.3
BCW-200275_02087	gnl|TC-DB|P31064|9.B.102.1.1	89.9	396	40	0	1	396	1	396	1.5e-212	734.9
BCW-200275_02100	gnl|TC-DB|Q07711|3.A.7.7.1	24.4	579	380	18	82	622	79	637	2.1e-30	131.0
BCW-200275_02115	gnl|TC-DB|D4ZZR3|9.B.34.1.3	28.5	179	107	3	229	394	225	395	1.4e-15	81.3
BCW-200275_02121	gnl|TC-DB|P0AAH8|3.A.1.5.42	93.7	268	17	0	1	268	1	268	3.8e-140	493.8
BCW-200275_02122	gnl|TC-DB|P36636|3.A.1.5.5	93.3	330	22	0	1	330	1	330	8.1e-185	642.5
BCW-200275_02123	gnl|TC-DB|P0AGH5|3.A.1.5.42	88.5	296	34	0	1	296	1	296	4.5e-150	526.9
BCW-200275_02124	gnl|TC-DB|P0A2J3|3.A.1.5.5	89.1	321	35	0	1	321	1	321	8.5e-163	569.3
BCW-200275_02125	gnl|TC-DB|P36634|3.A.1.5.5	88.7	549	59	2	1	546	1	549	1.4e-287	984.6
BCW-200275_02126	gnl|TC-DB|Q9KN48|3.A.23.1.1	36.0	322	186	4	8	310	193	513	8.1e-44	174.1
BCW-200275_02127	gnl|TC-DB|E8XKQ3|9.B.100.1.1	89.2	222	24	0	1	222	1	222	7.8e-99	356.3
BCW-200275_02132	gnl|TC-DB|P76042|3.A.1.1.46	72.9	425	115	0	5	429	5	429	9.9e-183	636.0
BCW-200275_02133	gnl|TC-DB|P0AFR7|3.A.1.1.46	87.4	293	37	0	1	293	1	293	8.9e-143	502.7
BCW-200275_02134	gnl|TC-DB|P77716|3.A.1.1.46	91.4	280	24	0	1	280	1	280	1.0e-140	495.7
BCW-200275_02140	gnl|TC-DB|P77481|3.A.1.1.46	81.7	360	66	0	1	360	1	360	1.2e-165	578.9
BCW-200275_02141	gnl|TC-DB|P76045|1.B.21.1.1	67.8	304	95	3	1	304	1	301	4.2e-127	450.7
BCW-200275_02145	gnl|TC-DB|Q9KN48|3.A.23.1.1	41.8	225	124	1	206	423	193	417	9.1e-42	167.9
BCW-200275_02149	gnl|TC-DB|P77348|3.A.1.5.1	86.4	538	72	1	1	538	1	537	2.5e-284	973.8
BCW-200275_02150	gnl|TC-DB|D4ZZR3|9.B.34.1.3	40.1	167	94	3	247	407	227	393	2.1e-28	123.2
BCW-200275_02151	gnl|TC-DB|P76330|9.B.34.1.4	31.8	217	140	4	203	415	344	556	5.7e-18	89.4
BCW-200275_02152	gnl|TC-DB|M3JA40|1.B.52.2.1	28.7	174	110	2	198	357	287	460	3.5e-14	75.9
BCW-200275_02153	gnl|TC-DB|Q9EYX5|1.A.35.4.1	86.2	327	45	0	1	327	1	327	6.4e-166	579.7
BCW-200275_02154	gnl|TC-DB|P38919|3.A.18.1.1	33.3	354	231	4	22	373	57	407	1.3e-55	213.8
BCW-200275_02163	gnl|TC-DB|P0ABK2|3.D.4.3.2	29.4	364	214	10	5	329	7	366	8.1e-31	131.0
BCW-200275_02167	gnl|TC-DB|P76108|3.A.1.11.9	90.3	381	37	0	1	381	1	381	4.8e-213	736.5
BCW-200275_02168	gnl|TC-DB|P77795|3.A.1.11.9	81.9	337	61	0	1	337	1	337	1.0e-158	555.8
BCW-200275_02169	gnl|TC-DB|P77156|3.A.1.11.9	89.5	304	32	0	11	314	10	313	6.6e-152	533.1
BCW-200275_02170	gnl|TC-DB|P0AFR9|3.A.1.11.9	88.9	262	29	0	1	262	1	262	5.0e-132	466.8
BCW-200275_02173	gnl|TC-DB|P39580|2.A.50.2.1	28.2	273	180	5	105	361	114	386	1.0e-26	117.9
BCW-200275_02178	gnl|TC-DB|M3JA40|1.B.52.2.1	38.4	172	92	2	354	511	287	458	3.2e-16	83.2
BCW-200275_02188	gnl|TC-DB|P33950|3.A.1.5.27	48.4	535	261	2	5	525	4	537	5.0e-144	507.7
BCW-200275_02190	gnl|TC-DB|P76111|2.A.7.21.2	84.6	149	23	0	1	149	1	149	1.8e-62	235.0
BCW-200275_02196	gnl|TC-DB|P76115|1.B.14.9.5	77.7	704	153	2	25	728	1	700	0.0e+00	1141.3
BCW-200275_02198	gnl|TC-DB|P40812|2.A.3.1.8	90.1	487	48	0	1	487	1	487	2.5e-254	874.0
BCW-200275_02206	gnl|TC-DB|Q9F3K5|3.A.1.3.24	27.9	244	151	7	78	304	82	317	8.0e-17	84.3
BCW-200275_02208	gnl|TC-DB|Q9F3K6|3.A.1.3.24	40.2	276	158	3	5	280	21	289	4.0e-45	178.3
BCW-200275_02209	gnl|TC-DB|Q9F3K7|3.A.1.3.24	58.2	249	104	0	9	257	5	253	5.0e-81	297.4
BCW-200275_02218	gnl|TC-DB|P77757|4.D.2.1.8	82.5	325	53	1	1	325	1	321	2.5e-154	541.2
BCW-200275_02221	gnl|TC-DB|G8LJX5|9.B.142.2.2	62.9	550	201	3	1	549	1	548	2.0e-207	718.4
BCW-200275_02222	gnl|TC-DB|P81891|2.A.7.22.2	59.3	108	40	1	4	107	4	111	8.6e-27	115.9
BCW-200275_02223	gnl|TC-DB|P76474|2.A.7.22.1	44.8	125	69	0	2	126	1	125	1.9e-20	95.1
BCW-200275_02225	gnl|TC-DB|Q8TZQ3|3.A.1.1.16	52.1	213	100	1	5	215	4	216	2.4e-58	221.9
BCW-200275_02226	gnl|TC-DB|A3N294|3.A.1.20.3	28.6	339	201	13	13	316	6	338	2.3e-22	102.8
BCW-200275_02230	gnl|TC-DB|P37594|2.A.1.3.14	78.1	494	108	0	1	494	1	494	1.3e-191	665.6
BCW-200275_02232	gnl|TC-DB|P07238|1.B.1.1.5	69.8	364	103	4	1	359	4	365	1.2e-141	499.2
BCW-200275_02233	gnl|TC-DB|P46136|2.A.7.17.2	74.2	291	75	0	1	291	1	291	4.5e-126	447.2
BCW-200275_02234	gnl|TC-DB|P24183|5.A.3.2.1	94.4	195	11	0	1	195	1	195	1.5e-106	381.7
BCW-200275_02235	gnl|TC-DB|P24183|5.A.3.2.1	90.4	803	77	0	1	803	213	1015	0.0e+00	1538.1
BCW-200275_02236	gnl|TC-DB|P0AAJ3|5.A.3.2.1	89.1	294	32	0	1	294	1	294	2.6e-166	580.9
BCW-200275_02237	gnl|TC-DB|P0AEK7|5.A.3.2.1	87.1	217	28	0	1	217	1	217	1.5e-110	395.2
BCW-200275_02239	gnl|TC-DB|P23910|2.A.1.2.14	71.1	388	110	1	1	388	1	386	7.5e-145	510.0
BCW-200275_02241	gnl|TC-DB|P39115|3.A.1.121.3	29.8	506	293	13	1	479	1	471	2.7e-50	196.4
BCW-200275_02253	gnl|TC-DB|P76628|2.A.1.36.3	41.5	378	218	3	13	389	8	383	1.6e-65	246.5
BCW-200275_02262	gnl|TC-DB|917745143|1.C.75.1.2	33.6	3160	1409	42	1	2531	1	3100	3.1e-311	1065.4
BCW-200275_02263	gnl|TC-DB|Q9JY22|1.B.20.1.5	36.3	556	327	9	28	558	27	580	1.7e-97	353.2
BCW-200275_02274	gnl|TC-DB|P08470|4.A.1.2.1	93.2	456	31	0	1	456	1	456	3.6e-239	823.5
BCW-200275_02275	gnl|TC-DB|P22340|1.B.3.1.2	73.1	505	136	0	1	505	1	505	9.4e-209	722.6
BCW-200275_02281	gnl|TC-DB|B2N0W4|1.A.46.2.6	81.6	304	56	0	1	304	18	321	3.3e-140	494.2
BCW-200275_02285	gnl|TC-DB|Q1J0W6|9.B.34.1.1	29.2	277	159	7	101	348	77	345	3.8e-15	79.0
BCW-200275_02286	gnl|TC-DB|P76330|9.B.34.1.4	35.8	179	105	5	292	464	386	560	2.9e-21	99.8
BCW-200275_02289	gnl|TC-DB|M3JA40|1.B.52.2.1	40.0	115	62	2	368	482	287	394	9.2e-13	71.6
BCW-200275_02295	gnl|TC-DB|P31122|2.A.1.2.15	88.6	394	45	0	1	394	1	394	2.1e-187	651.4
BCW-200275_02296	gnl|TC-DB|P0AEY1|2.A.95.1.1	88.7	221	25	0	1	221	1	221	2.0e-102	368.2
BCW-200275_02301	gnl|TC-DB|P31125|2.A.7.3.2	83.2	297	50	0	1	297	1	297	4.5e-134	473.8
BCW-200275_02302	gnl|TC-DB|P31126|2.A.1.2.55	69.0	390	120	1	1	390	1	389	2.3e-149	525.0
BCW-200275_02303	gnl|TC-DB|O05703|3.A.1.15.3	54.4	182	83	0	32	213	320	501	1.2e-51	199.5
BCW-200275_02304	gnl|TC-DB|Q9L3S2|3.A.1.4.4	49.3	215	107	2	14	227	4	217	1.8e-50	195.7
BCW-200275_02305	gnl|TC-DB|Q8NRV8|3.A.1.4.5	41.7	240	136	3	25	264	3	238	9.5e-43	170.2
BCW-200275_02306	gnl|TC-DB|Q9L3S4|3.A.1.4.4	42.8	311	175	2	45	353	30	339	1.9e-62	236.1
BCW-200275_02307	gnl|TC-DB|Q8NRW0|3.A.1.4.5	42.5	294	163	2	228	521	4	291	1.4e-58	223.8
BCW-200275_02308	gnl|TC-DB|Q8NRW1|3.A.1.4.5	47.2	377	183	7	27	403	49	409	2.5e-93	339.0
BCW-200275_02316	gnl|TC-DB|P76103|2.A.46.1.9	70.7	375	110	0	9	383	9	383	5.1e-146	513.8
BCW-200275_02320	gnl|TC-DB|P33950|3.A.1.5.27	51.9	516	247	1	14	529	30	544	6.5e-160	560.5
BCW-200275_02323	gnl|TC-DB|P25396|2.A.16.1.1	81.5	329	61	0	6	334	2	330	3.7e-153	537.3
BCW-200275_02327	gnl|TC-DB|P09551|3.A.1.3.1	45.3	245	134	0	5	249	9	253	4.9e-60	227.6
BCW-200275_02329	gnl|TC-DB|Q56111|1.B.1.1.22	77.1	384	81	3	1	378	1	383	1.6e-168	588.6
BCW-200275_02340	gnl|TC-DB|P0C0L7|2.A.1.6.4	41.1	428	240	5	23	440	22	447	1.1e-91	333.6
BCW-200275_02348	gnl|TC-DB|P27303|8.A.1.1.1	32.3	316	192	6	47	355	47	347	5.3e-28	121.7
BCW-200275_02349	gnl|TC-DB|Q6V6X7|2.A.6.2.18	34.1	460	287	5	10	456	10	466	1.5e-59	226.9
BCW-200275_02353	gnl|TC-DB|P0AAP1|9.B.34.1.2	28.8	236	153	7	155	385	144	369	1.5e-17	87.0
BCW-200275_02361	gnl|TC-DB|P0ADL1|2.A.1.2.26	43.7	375	211	0	23	397	19	393	2.6e-76	282.3
BCW-200275_02430	gnl|TC-DB|P77228|2.A.1.6.9	84.6	415	61	1	29	443	1	412	3.7e-196	680.6
BCW-200275_02433	gnl|TC-DB|P76169|2.A.7.26.1	92.6	108	8	0	1	108	1	108	3.2e-53	203.8
BCW-200275_02440	gnl|TC-DB|Q8ZPK1|3.A.1.12.14	85.9	234	33	0	1	234	1	234	3.5e-105	377.5
BCW-200275_02441	gnl|TC-DB|Q8ZPK2|3.A.1.12.14	82.9	292	50	0	7	298	8	299	4.7e-139	490.3
BCW-200275_02442	gnl|TC-DB|Q8ZPK3|3.A.1.12.14	90.2	215	21	0	1	215	1	215	1.6e-101	365.2
BCW-200275_02443	gnl|TC-DB|Q8ZPK4|3.A.1.12.14	90.8	382	35	0	1	382	1	382	5.0e-202	699.9
BCW-200275_02447	gnl|TC-DB|P43531|2.A.1.36.1	82.7	417	71	1	1	417	1	416	6.4e-187	649.8
BCW-200275_02451	gnl|TC-DB|P0AAP1|9.B.34.1.2	30.5	187	117	3	276	455	186	366	2.5e-13	73.9
BCW-200275_02452	gnl|TC-DB|P69210|2.A.7.1.9	90.8	109	10	0	1	109	1	109	3.0e-51	197.2
BCW-200275_02453	gnl|TC-DB|P69213|2.A.7.1.9	81.4	118	22	0	3	120	4	121	8.7e-44	172.6
BCW-200275_02454	gnl|TC-DB|P0AFS5|2.A.86.1.4	84.2	342	54	0	1	342	1	342	4.9e-148	520.4
BCW-200275_02466	gnl|TC-DB|Q7A5M0|2.A.1.3.23	24.9	406	259	12	64	449	63	442	2.1e-11	67.0
BCW-200275_02475	gnl|TC-DB|Q9HXW4|2.A.6.2.17	41.1	1021	593	3	6	1019	3	1022	3.1e-222	768.5
BCW-200275_02476	gnl|TC-DB|Q9I6X5|2.A.6.2.27	28.7	345	235	5	16	356	14	351	2.5e-17	86.3
BCW-200275_02478	gnl|TC-DB|Q9HY88|2.A.6.2.34	33.5	466	291	6	15	476	14	464	2.9e-45	179.5
BCW-200275_02487	gnl|TC-DB|B2JBG5|2.A.1.59.2	48.8	381	195	0	7	387	16	396	4.3e-92	334.7
BCW-200275_02500	gnl|TC-DB|P46133|2.A.68.1.1	83.7	98	16	0	1	98	1	98	1.7e-42	167.9
BCW-200275_02501	gnl|TC-DB|P46133|2.A.68.1.1	89.4	395	42	0	1	395	114	508	2.5e-196	681.0
BCW-200275_02507	gnl|TC-DB|P0AB67|3.D.2.1.1	92.6	462	34	0	1	462	1	462	1.0e-238	822.0
BCW-200275_02508	gnl|TC-DB|P07001|3.D.2.1.1	89.4	509	53	1	1	508	1	509	1.2e-256	881.7
BCW-200275_02510	gnl|TC-DB|P0AAE5|2.A.3.2.8	87.8	460	56	0	1	460	1	460	2.4e-227	784.3
BCW-200275_02512	gnl|TC-DB|P0ACX0|9.B.72.1.2	78.4	111	24	0	1	111	1	111	2.8e-44	174.1
BCW-200275_02522	gnl|TC-DB|P33594|3.A.1.5.3	79.4	267	47	1	1	259	1	267	2.8e-111	397.9
BCW-200275_02523	gnl|TC-DB|P33593|3.A.1.5.3	79.9	254	51	0	1	254	1	254	8.6e-110	392.9
BCW-200275_02524	gnl|TC-DB|P0AFA9|3.A.1.5.3	90.6	277	26	0	1	277	1	277	3.2e-142	500.7
BCW-200275_02525	gnl|TC-DB|P33591|3.A.1.5.3	91.4	314	27	0	1	314	1	314	9.2e-162	565.8
BCW-200275_02526	gnl|TC-DB|P33590|3.A.1.5.3	83.4	517	86	0	6	522	7	523	2.1e-259	891.0
BCW-200275_02533	gnl|TC-DB|P19642|4.A.1.1.3	88.3	530	62	0	1	530	1	530	2.2e-272	934.1
BCW-200275_02539	gnl|TC-DB|P0A766|3.D.6.1.4	94.8	193	10	0	1	193	1	193	1.9e-93	338.2
BCW-200275_02540	gnl|TC-DB|P77223|3.D.6.1.4	80.7	192	37	0	1	192	1	192	7.3e-77	283.1
BCW-200275_02541	gnl|TC-DB|P77611|3.D.6.1.4	80.3	569	112	0	1	569	1	569	8.0e-249	856.3
BCW-200275_02542	gnl|TC-DB|P76182|3.D.6.1.4	86.0	350	49	0	1	350	1	350	3.3e-176	614.0
BCW-200275_02543	gnl|TC-DB|P77285|3.D.6.1.4	76.2	206	49	0	1	206	1	206	5.2e-89	323.6
BCW-200275_02544	gnl|TC-DB|P77179|3.D.6.1.4	76.8	224	52	0	1	224	1	224	5.0e-93	337.0
BCW-200275_02546	gnl|TC-DB|P77304|2.A.17.1.2	85.7	498	68	2	1	496	1	497	1.1e-241	832.0
BCW-200275_02554	gnl|TC-DB|D4ZZR3|9.B.34.1.3	25.7	417	235	13	77	449	8	393	4.6e-16	82.4
BCW-200275_02556	gnl|TC-DB|G4PZW1|8.A.48.1.1	67.9	78	25	0	1	78	1	78	3.7e-27	116.7
BCW-200275_02557	gnl|TC-DB|P46482|8.A.1.7.1	38.8	273	166	1	11	283	14	285	2.8e-48	188.7
BCW-200275_02558	gnl|TC-DB|Q8ZPN4|2.A.85.1.5	78.2	679	146	1	1	677	1	679	6.4e-314	1072.4
BCW-200275_02560	gnl|TC-DB|P76187|8.A.5.1.7	88.9	298	33	0	1	298	1	298	3.8e-157	550.4
BCW-200275_02570	gnl|TC-DB|P77389|2.A.1.2.65	89.6	385	40	0	1	385	1	385	9.2e-188	652.5
BCW-200275_02572	gnl|TC-DB|Q0HIQ8|3.A.1.2.14	27.0	233	151	10	58	277	21	247	1.9e-11	66.6
BCW-200275_02574	gnl|TC-DB|P37597|2.A.1.2.62	81.5	383	68	2	1	381	1	382	1.2e-171	599.0
BCW-200275_02577	gnl|TC-DB|P37340|2.A.66.1.3	91.0	457	41	0	1	457	1	457	7.7e-234	805.8
BCW-200275_02581	gnl|TC-DB|P96878|2.A.53.3.12	29.4	170	113	2	26	189	571	739	6.2e-21	97.4
BCW-200275_02585	gnl|TC-DB|Q8RCC4|3.A.1.3.27	34.6	254	150	7	12	259	15	258	7.6e-27	117.5
BCW-200275_02586	gnl|TC-DB|P37774|3.A.1.3.10	52.2	247	113	1	22	263	2	248	9.0e-65	243.4
BCW-200275_02587	gnl|TC-DB|Q8YPM8|3.A.1.3.18	32.3	223	138	4	17	232	80	296	1.3e-23	106.7
BCW-200275_02588	gnl|TC-DB|Q52814|3.A.1.3.8	31.5	197	129	2	26	216	173	369	2.8e-19	92.0
BCW-200275_02591	gnl|TC-DB|O32167|3.A.1.24.2	49.1	269	129	3	5	269	9	273	1.9e-67	252.3
BCW-200275_02592	gnl|TC-DB|O32168|3.A.1.24.2	62.2	222	84	0	1	222	1	222	1.0e-66	249.6
BCW-200275_02593	gnl|TC-DB|O32169|3.A.1.24.2	56.8	338	145	1	1	337	1	338	1.4e-107	386.0
BCW-200275_02602	gnl|TC-DB|Q5HGY5|3.A.1.11.8	28.9	232	143	8	1	228	4	217	1.1e-13	73.6
BCW-200275_02611	gnl|TC-DB|P07658|3.D.1.9.2	64.9	715	246	4	1	713	1	712	4.5e-289	989.9
BCW-200275_02612	gnl|TC-DB|P0AEK7|5.A.3.2.1	87.4	215	24	1	1	212	1	215	8.8e-108	386.0
BCW-200275_02613	gnl|TC-DB|P0AAJ3|5.A.3.2.1	85.1	295	43	1	1	295	1	294	3.8e-157	550.4
BCW-200275_02614	gnl|TC-DB|P24183|5.A.3.2.1	70.7	1016	297	1	1	1016	1	1015	0.0e+00	1569.3
BCW-200275_02618	gnl|TC-DB|B1LE48|2.A.86.2.1	82.4	370	65	0	1	370	1	370	2.6e-171	597.8
BCW-200275_02619	gnl|TC-DB|P08839|8.A.7.1.1	26.3	471	271	17	335	776	103	526	1.2e-29	128.3
BCW-200275_02623	gnl|TC-DB|P72412|1.B.14.2.14	84.4	621	97	0	41	661	40	660	0.0e+00	1115.1
BCW-200275_02625	gnl|TC-DB|A8GDS8|3.A.1.14.16	60.7	267	105	0	5	271	9	275	5.1e-84	307.4
BCW-200275_02626	gnl|TC-DB|Q56992|3.A.1.14.5	64.6	319	109	2	11	325	10	328	3.3e-101	364.8
BCW-200275_02627	gnl|TC-DB|A8GDS6|3.A.1.14.16	59.4	251	102	0	7	257	9	259	8.6e-81	296.6
BCW-200275_02631	gnl|TC-DB|P06611|3.A.1.13.1	69.1	249	77	0	1	249	1	249	1.8e-96	348.6
BCW-200275_02633	gnl|TC-DB|P06609|3.A.1.13.1	76.4	322	76	0	30	351	5	326	1.3e-135	479.2
BCW-200275_02643	gnl|TC-DB|P76206|1.B.75.1.3	88.1	252	30	0	38	289	1	252	3.8e-130	460.7
BCW-200275_02651	gnl|TC-DB|P77529|2.A.23.1.8	93.3	462	31	0	1	462	1	462	4.3e-232	800.0
BCW-200275_02657	gnl|TC-DB|C4X746|4.A.3.2.7	86.8	114	15	0	1	114	1	114	1.0e-46	182.2
BCW-200275_02658	gnl|TC-DB|P17334|4.A.3.2.1	88.3	452	53	0	1	452	1	452	7.6e-210	726.1
BCW-200275_02659	gnl|TC-DB|P69795|4.A.3.2.1	94.3	106	6	0	1	106	1	106	1.9e-50	194.5
BCW-200275_02671	gnl|TC-DB|D7UNZ8|9.B.27.2.6	27.5	207	138	4	11	208	94	297	5.9e-11	64.3
BCW-200275_02672	gnl|TC-DB|B7L6M8|3.A.1.19.4	74.4	387	98	1	4	389	1	387	2.5e-172	601.3
BCW-200275_02673	gnl|TC-DB|B7L6M9|3.A.1.19.4	61.4	495	191	0	17	511	2	496	9.7e-169	589.7
BCW-200275_02674	gnl|TC-DB|B7L6N0|3.A.1.19.4	66.0	209	67	1	1	205	1	209	4.0e-73	270.8
BCW-200275_02681	gnl|TC-DB|Q07711|3.A.7.7.1	29.9	622	397	18	3	613	4	597	8.8e-71	264.6
BCW-200275_02692	gnl|TC-DB|P80874|8.A.5.1.4	34.2	202	116	6	11	198	10	208	9.6e-25	110.5
BCW-200275_02693	gnl|TC-DB|P0A908|9.B.99.1.2	72.2	248	69	0	1	248	1	248	1.4e-109	392.1
BCW-200275_02698	gnl|TC-DB|P31435|2.A.2.3.4	49.0	437	220	3	2	436	3	438	9.8e-117	416.8
BCW-200275_02702	gnl|TC-DB|P76242|2.A.1.17.3	79.6	392	80	0	1	392	1	392	2.6e-169	591.3
BCW-200275_02712	gnl|TC-DB|P45769|3.A.1.3.26	92.1	252	20	0	1	252	1	252	2.2e-134	474.6
BCW-200275_02713	gnl|TC-DB|P45768|3.A.1.3.26	89.6	367	38	0	1	367	1	367	7.6e-192	666.0
BCW-200275_02714	gnl|TC-DB|P45767|3.A.1.3.26	83.0	393	67	0	1	393	1	393	7.4e-185	642.9
BCW-200275_02715	gnl|TC-DB|P45766|3.A.1.3.26	93.3	341	23	0	1	341	1	341	9.9e-186	645.6
BCW-200275_02717	gnl|TC-DB|P24181|2.A.6.2.1	83.2	1032	172	1	1	1031	1	1032	0.0e+00	1652.1
BCW-200275_02718	gnl|TC-DB|P0AE06|8.A.1.6.1	68.4	367	108	2	7	369	13	375	1.6e-136	482.3
BCW-200275_02726	gnl|TC-DB|P16256|2.A.21.1.1	79.5	483	99	0	1	483	1	483	6.5e-215	743.0
BCW-200275_02731	gnl|TC-DB|Q8XB73|5.B.7.1.1	82.6	195	34	0	1	195	1	195	4.3e-88	320.5
BCW-200275_02735	gnl|TC-DB|P0A9X4|9.B.157.1.3	100.0	347	0	0	1	347	1	347	1.7e-193	671.4
BCW-200275_02736	gnl|TC-DB|P16926|9.B.157.1.3	94.1	320	17	1	1	320	1	318	1.5e-165	578.6
BCW-200275_02737	gnl|TC-DB|P0ABH4|9.B.157.1.3	92.6	162	12	0	1	162	1	162	1.1e-81	298.9
BCW-200275_02743	gnl|TC-DB|D7XN98|8.A.48.1.2	92.5	67	5	0	1	67	24	90	1.4e-30	127.9
BCW-200275_02744	gnl|TC-DB|P46482|8.A.1.7.1	86.1	310	43	0	1	310	1	310	1.6e-150	528.5
BCW-200275_02745	gnl|TC-DB|P46481|2.A.85.1.2	82.9	655	112	0	1	655	1	655	0.0e+00	1091.6
BCW-200275_02758	gnl|TC-DB|P0ACA3|1.A.12.3.1	95.7	211	9	0	1	211	1	211	1.4e-116	415.2
BCW-200275_02762	gnl|TC-DB|P41036|2.A.1.12.1	89.0	490	54	0	1	490	1	490	2.8e-258	887.1
BCW-200275_02775	gnl|TC-DB|P0AF98|1.B.42.1.2	86.1	366	51	0	1	366	1	366	1.5e-171	598.6
BCW-200275_02776	gnl|TC-DB|P0ADC6|1.B.42.1.2	94.7	360	19	0	1	360	1	360	3.1e-190	660.6
BCW-200275_02780	gnl|TC-DB|H1XXZ0|8.A.8.1.5	38.6	88	53	1	3	90	2	88	8.6e-12	65.9
BCW-200275_02782	gnl|TC-DB|P71012|4.A.2.1.4	27.5	149	106	2	8	155	1	148	9.1e-12	66.6
BCW-200275_02785	gnl|TC-DB|P0A9V1|1.B.42.1.2	96.7	241	8	0	1	241	1	241	1.1e-130	462.2
BCW-200275_02786	gnl|TC-DB|P0ADV1|1.B.42.1.2	85.9	185	25	1	1	184	1	185	5.3e-85	310.1
BCW-200275_02787	gnl|TC-DB|P0ADW0|1.B.42.1.2	82.2	191	34	0	1	191	1	191	6.3e-89	323.2
BCW-200275_02790	gnl|TC-DB|P45394|2.A.19.5.1	80.2	323	64	0	1	323	1	323	4.6e-140	493.8
BCW-200275_02791	gnl|TC-DB|P63386|3.A.1.27.3	88.7	266	30	0	1	266	1	266	1.9e-131	464.9
BCW-200275_02792	gnl|TC-DB|P64606|3.A.1.27.3	94.6	260	14	0	1	260	1	260	2.8e-132	467.6
BCW-200275_02793	gnl|TC-DB|P64604|3.A.1.27.3	79.1	182	37	1	1	181	1	182	4.9e-78	287.0
BCW-200275_02794	gnl|TC-DB|P0ADV7|3.A.1.27.3	89.6	211	22	0	1	211	1	211	6.9e-105	376.3
BCW-200275_02795	gnl|TC-DB|P64602|3.A.1.27.3	62.9	97	36	0	1	97	1	97	1.7e-29	124.8
BCW-200275_02802	gnl|TC-DB|E1ILD8|2.A.7.3.18	89.7	321	33	0	1	321	1	321	2.1e-161	564.7
BCW-200275_02810	gnl|TC-DB|P25694|3.A.16.1.2	42.9	252	143	1	140	390	472	723	4.3e-57	219.2
BCW-200275_02813	gnl|TC-DB|P0AG99|3.A.5.1.1	82.6	109	19	0	1	109	1	109	6.9e-40	159.5
BCW-200275_02826	gnl|TC-DB|P38919|3.A.18.1.1	36.3	386	236	3	3	379	27	411	2.2e-64	243.4
BCW-200275_02827	gnl|TC-DB|P0AAD2|2.A.42.1.2	93.2	414	28	0	1	414	1	414	4.1e-218	753.4
BCW-200275_02844	gnl|TC-DB|Q8FDB7|2.A.1.14.14	93.5	444	29	0	1	444	1	444	1.2e-239	825.1
BCW-200275_02850	gnl|TC-DB|P0AAD8|2.A.42.2.2	89.4	443	47	0	1	443	1	443	5.9e-223	769.6
BCW-200275_02856	gnl|TC-DB|P64591|9.B.124.1.2	78.8	118	25	0	1	118	1	118	9.0e-57	215.7
BCW-200275_02860	gnl|TC-DB|P64585|1.E.34.2.1	80.8	130	25	0	1	130	1	130	2.1e-51	198.0
BCW-200275_02864	gnl|TC-DB|P0AA63|9.B.27.2.2	92.7	219	16	0	1	219	1	219	1.4e-111	398.7
BCW-200275_02866	gnl|TC-DB|P0AA78|2.A.1.14.2	88.6	431	49	0	1	431	41	471	1.2e-217	751.9
BCW-200275_02869	gnl|TC-DB|P0AGE4|2.A.23.4.1	84.9	411	62	0	2	412	3	413	6.4e-187	649.8
BCW-200275_02870	gnl|TC-DB|P42601|2.A.109.1.7	88.4	319	37	0	1	319	1	319	2.2e-158	554.7
BCW-200275_02877	gnl|TC-DB|P77257|3.A.1.2.8	61.6	492	186	2	4	492	11	502	7.9e-168	586.6
BCW-200275_02878	gnl|TC-DB|P77672|3.A.1.2.8	64.9	339	119	0	1	339	2	340	1.1e-112	402.9
BCW-200275_02879	gnl|TC-DB|P0AFS1|3.A.1.2.8	69.5	325	99	0	1	325	3	327	2.6e-119	424.9
BCW-200275_02880	gnl|TC-DB|P76142|3.A.1.2.8	83.6	329	54	0	5	333	12	340	1.3e-158	555.4
BCW-200275_02916	gnl|TC-DB|P60782|9.B.31.1.1	91.5	200	17	0	1	200	1	200	4.3e-104	373.6
BCW-200275_02926	gnl|TC-DB|P0A8H3|2.A.5.5.1	90.3	257	25	0	1	257	1	257	2.1e-111	398.3
BCW-200275_02930	gnl|TC-DB|P02930|1.B.17.1.1	84.6	494	75	1	1	494	1	493	3.4e-219	757.3
BCW-200275_02938	gnl|TC-DB|P96517|2.A.1.5.4	35.9	423	265	3	3	419	2	424	3.0e-67	252.3
BCW-200275_02947	gnl|TC-DB|P36649|1.B.76.1.8	31.2	513	289	10	5	459	3	509	1.9e-62	236.5
BCW-200275_02949	gnl|TC-DB|P80874|8.A.5.1.4	27.5	258	134	10	17	223	15	270	4.6e-16	81.6
BCW-200275_02952	gnl|TC-DB|P0AA60|9.B.27.2.1	86.3	219	30	0	1	219	1	219	2.4e-108	387.9
BCW-200275_02954	gnl|TC-DB|P0ABU7|1.A.30.2.1	85.7	244	34	1	1	243	1	244	1.0e-104	375.9
BCW-200275_02955	gnl|TC-DB|P0ABV2|1.A.30.2.1	76.6	141	33	0	1	141	1	141	8.0e-57	216.1
BCW-200275_02961	gnl|TC-DB|P63144|8.A.5.1.3	35.0	317	192	7	8	318	66	374	9.2e-46	180.6
BCW-200275_02970	gnl|TC-DB|P0AAP1|9.B.34.1.2	29.8	181	110	6	146	315	197	371	1.5e-18	90.1
BCW-200275_02976	gnl|TC-DB|B1LE48|2.A.86.2.1	41.1	348	204	1	1	348	1	347	6.6e-71	264.2
BCW-200275_02977	gnl|TC-DB|P0C0S1|1.A.23.2.1	43.4	267	151	0	15	281	16	282	2.1e-59	225.7
BCW-200275_02978	gnl|TC-DB|E3GUW2|3.A.1.14.11	60.0	335	134	0	13	347	11	345	3.1e-118	421.4
BCW-200275_02984	gnl|TC-DB|B0T2Y9|5.A.1.5.2	42.8	411	227	1	4	406	326	736	8.2e-86	313.9
BCW-200275_02991	gnl|TC-DB|P46482|8.A.1.7.1	37.5	288	174	3	1	285	1	285	1.1e-47	186.8
BCW-200275_02993	gnl|TC-DB|E0LV84|2.A.85.1.4	26.6	568	393	7	32	580	7	569	5.2e-53	205.7
BCW-200275_02996	gnl|TC-DB|Q46831|9.B.120.1.1	78.9	237	48	1	1	237	1	235	1.6e-94	342.0
BCW-200275_03000	gnl|TC-DB|Q8VS41|2.A.24.2.5	81.9	453	81	1	1	452	1	453	4.1e-211	730.3
BCW-200275_03008	gnl|TC-DB|P0AFF4|2.A.1.10.1	86.1	418	58	0	1	418	1	418	3.5e-209	723.8
BCW-200275_03019	gnl|TC-DB|P64564|9.A.4.1.2	84.6	188	29	0	1	188	1	188	2.7e-84	307.8
BCW-200275_03021	gnl|TC-DB|P24559|3.A.15.2.1	46.5	327	172	1	1	324	1	327	2.0e-74	275.8
BCW-200275_03030	gnl|TC-DB|P0AEP1|2.A.1.1.1	94.2	465	26	1	1	465	1	464	1.1e-248	855.1
BCW-200275_03039	gnl|TC-DB|P0C0S1|1.A.23.2.1	87.2	282	36	0	1	282	1	282	8.7e-119	422.9
BCW-200275_03040	gnl|TC-DB|P11667|2.A.75.1.2	88.6	211	24	0	1	211	1	211	2.5e-107	384.4
BCW-200275_03056	gnl|TC-DB|Q86Z14|8.A.49.1.2	25.8	481	299	15	5	477	80	510	1.1e-36	151.0
BCW-200275_03059	gnl|TC-DB|P67153|1.C.113.1.10	86.6	217	29	0	1	217	2	218	5.0e-106	380.2
BCW-200275_03070	gnl|TC-DB|B7LEG0|1.A.34.1.2	43.1	262	93	3	35	240	116	377	6.8e-51	197.2
BCW-200275_03078	gnl|TC-DB|O51841|1.B.6.1.12	39.1	368	176	9	1	345	1	343	2.7e-53	205.7
BCW-200275_03081	gnl|TC-DB|Q9RFR9|9.B.83.1.1	28.0	553	349	12	8	532	7	538	5.5e-56	215.3
BCW-200275_03083	gnl|TC-DB|P63340|2.A.42.2.5	78.6	407	87	0	1	407	1	407	5.0e-168	587.0
BCW-200275_03084	gnl|TC-DB|Q8XG43|2.A.117.1.3	81.8	148	26	1	1	147	10	157	6.2e-63	236.5
BCW-200275_03087	gnl|TC-DB|D6DXH3|1.B.35.1.5	87.3	228	28	1	1	228	1	227	5.5e-116	413.3
BCW-200275_03091	gnl|TC-DB|P0AE24|2.A.1.1.2	90.7	471	44	0	1	471	2	472	6.0e-242	832.8
BCW-200275_03093	gnl|TC-DB|Q93KB7|3.A.1.1.11	76.9	429	98	1	1	428	1	429	8.3e-198	686.0
BCW-200275_03094	gnl|TC-DB|Q93KB8|3.A.1.1.11	80.8	375	72	0	1	375	1	375	6.4e-178	619.8
BCW-200275_03095	gnl|TC-DB|Q93KB9|3.A.1.1.11	89.7	300	31	0	1	300	1	300	2.7e-155	544.3
BCW-200275_03096	gnl|TC-DB|Q93KC0|3.A.1.1.11	91.9	296	24	0	1	296	1	296	6.2e-152	533.1
BCW-200275_03102	gnl|TC-DB|U5MFA1|4.A.3.2.9	91.9	443	36	0	1	443	1	443	3.6e-228	786.9
BCW-200275_03107	gnl|TC-DB|P31119|4.C.1.1.16	86.2	718	99	0	1	718	1	718	0.0e+00	1266.1
BCW-200275_03108	gnl|TC-DB|P39196|2.A.1.42.1	85.4	396	58	0	1	396	1	396	1.7e-189	658.3
BCW-200275_03109	gnl|TC-DB|P0A9T4|8.A.5.1.5	91.9	346	28	0	1	346	1	346	9.1e-187	649.0
BCW-200275_03113	gnl|TC-DB|Q9HY55|4.A.2.1.17	37.3	566	339	7	170	733	402	953	2.4e-83	306.6
BCW-200275_03123	gnl|TC-DB|Q6MDD6|3.A.7.16.1	28.0	558	319	14	41	590	219	701	6.5e-39	158.7
BCW-200275_03139	gnl|TC-DB|P0AAD6|2.A.42.2.1	92.5	429	32	0	1	429	1	429	9.5e-218	752.3
BCW-200275_03146	gnl|TC-DB|C4ZZU4|2.A.1.14.40	94.0	450	27	0	1	450	1	450	4.9e-249	856.3
BCW-200275_03150	gnl|TC-DB|Q93N33|2.A.21.9.2	28.9	277	174	7	265	526	752	1020	1.0e-19	95.5
BCW-200275_03157	gnl|TC-DB|P20166|4.A.1.1.9	47.1	524	248	11	12	518	4	515	6.0e-118	421.0
BCW-200275_03175	gnl|TC-DB|B7LEG0|1.A.34.1.2	69.8	381	106	3	1	374	1	379	1.1e-132	469.5
BCW-200275_03181	gnl|TC-DB|P07821|3.A.1.14.3	39.4	226	132	2	7	227	16	241	1.2e-39	159.8
BCW-200275_03182	gnl|TC-DB|A8GDS7|3.A.1.14.16	34.6	283	179	3	68	345	50	331	1.7e-36	149.8
BCW-200275_03184	gnl|TC-DB|Q9KN48|3.A.23.1.1	41.4	278	160	2	330	606	143	418	2.1e-49	193.7
BCW-200275_03191	gnl|TC-DB|P0AAK3|3.D.1.9.2	88.5	200	23	0	1	200	1	200	8.7e-97	349.4
BCW-200275_03192	gnl|TC-DB|P16429|3.D.1.9.2	74.0	608	158	0	1	608	1	608	3.5e-258	887.1
BCW-200275_03193	gnl|TC-DB|P16430|3.D.1.9.2	85.0	307	46	0	1	307	1	307	6.7e-141	496.5
BCW-200275_03194	gnl|TC-DB|P16431|3.D.1.9.2	93.3	569	38	0	1	569	1	569	0.0e+00	1112.1
BCW-200275_03195	gnl|TC-DB|P16432|3.D.1.9.2	92.2	179	14	0	1	179	1	179	9.2e-82	299.3
BCW-200275_03196	gnl|TC-DB|P16433|3.D.1.9.2	92.5	255	19	0	1	255	1	255	3.1e-139	490.7
BCW-200275_03199	gnl|TC-DB|Q86Z14|8.A.49.1.2	24.8	491	289	18	4	474	81	511	2.6e-35	146.4
BCW-200275_03200	gnl|TC-DB|P24241|4.A.1.2.3	89.0	481	52	1	1	480	1	481	6.4e-231	796.2
BCW-200275_03202	gnl|TC-DB|Q5P036|5.A.3.11.1	28.8	163	93	6	5	151	5	160	2.2e-14	75.5
BCW-200275_03204	gnl|TC-DB|P23516|2.A.52.1.1	52.7	334	156	2	6	337	15	348	6.6e-97	350.5
BCW-200275_03207	gnl|TC-DB|Q9KN48|3.A.23.1.1	42.9	261	144	1	187	447	193	448	4.0e-50	195.7
BCW-200275_03210	gnl|TC-DB|A1IQK5|3.A.1.15.10	41.1	202	118	1	2	202	13	214	5.8e-38	154.1
BCW-200275_03211	gnl|TC-DB|A1IQK4|3.A.1.15.10	53.8	277	125	2	3	278	4	278	7.5e-70	260.4
BCW-200275_03212	gnl|TC-DB|Q5FA63|3.A.1.15.10	40.8	306	156	4	8	292	6	307	3.5e-54	208.4
BCW-200275_03224	gnl|TC-DB|E1P8P0|9.B.27.3.1	88.0	142	17	0	1	142	1	142	3.0e-67	250.8
BCW-200275_03229	gnl|TC-DB|P0AEJ0|2.A.1.3.2	91.3	515	42	1	1	515	1	512	2.6e-270	927.2
BCW-200275_03230	gnl|TC-DB|P27303|8.A.1.1.1	85.1	390	58	0	1	390	1	390	1.7e-173	605.1
BCW-200275_03232	gnl|TC-DB|P76628|2.A.1.36.3	86.8	394	52	0	1	394	1	394	3.9e-178	620.5
BCW-200275_03233	gnl|TC-DB|P0AFM2|3.A.1.12.1	82.8	331	56	1	1	331	1	330	2.9e-166	580.9
BCW-200275_03234	gnl|TC-DB|P14176|3.A.1.12.1	79.4	355	72	1	1	355	1	354	2.5e-147	518.1
BCW-200275_03235	gnl|TC-DB|P14175|3.A.1.12.1	92.5	400	30	0	1	400	1	400	2.6e-209	724.2
BCW-200275_03242	gnl|TC-DB|A8ANM6|2.A.104.1.1	87.9	149	18	0	1	149	1	149	2.5e-72	267.7
BCW-200275_03245	gnl|TC-DB|P0AE42|9.B.12.2.1	88.5	52	6	0	1	52	1	52	1.3e-23	104.4
BCW-200275_03257	gnl|TC-DB|Q0WCZ9|1.B.6.2.2	39.5	172	75	5	25	187	31	182	1.5e-21	99.4
BCW-200275_03262	gnl|TC-DB|P0ABK2|3.D.4.3.2	27.3	362	220	9	8	330	10	367	3.0e-33	139.0
BCW-200275_03271	gnl|TC-DB|Q9I2M0|3.A.1.109.4	40.2	361	210	4	35	393	37	393	3.2e-66	248.8
BCW-200275_03272	gnl|TC-DB|Q9I2M1|3.A.1.109.4	37.7	681	420	3	40	720	42	718	3.8e-126	448.7
BCW-200275_03298	gnl|TC-DB|P0A937|1.B.33.1.3	94.6	111	6	0	1	111	1	111	3.8e-57	216.9
BCW-200275_03302	gnl|TC-DB|P37908|9.A.40.2.4	88.5	407	47	0	7	413	22	428	7.0e-202	699.5
BCW-200275_03303	gnl|TC-DB|P64432|9.B.14.3.6	87.5	263	33	0	26	288	1	263	1.4e-127	452.2
BCW-200275_03304	gnl|TC-DB|P0AGD7|3.A.5.1.1	93.4	453	30	0	1	453	1	453	1.7e-233	804.7
BCW-200275_03311	gnl|TC-DB|P07021|1.B.6.1.21	73.9	161	41	1	1	161	1	160	1.2e-64	242.3
BCW-200275_03320	gnl|TC-DB|P0AC02|1.B.33.1.3	95.1	245	12	0	1	245	1	245	1.2e-132	468.8
BCW-200275_03323	gnl|TC-DB|Q9FI56|3.A.9.1.2	45.6	873	394	14	4	856	96	907	1.3e-205	713.0
BCW-200275_03335	gnl|TC-DB|Q8ID54|3.A.25.2.1	36.3	215	123	5	8	213	89	298	5.3e-27	117.9
BCW-200275_03340	gnl|TC-DB|U5MIE1|4.A.3.2.9	62.4	101	38	0	1	101	1	101	5.3e-26	113.2
BCW-200275_03341	gnl|TC-DB|U5MLJ3|4.A.3.2.9	86.4	103	14	0	1	103	1	103	2.2e-43	171.0
BCW-200275_03346	gnl|TC-DB|Q9ZK21|1.C.82.1.1	51.1	223	109	0	3	225	4	226	4.1e-58	221.1
BCW-200275_03349	gnl|TC-DB|P0AG96|3.A.5.1.1	96.1	127	5	0	1	127	1	127	1.7e-58	221.5
BCW-200275_03360	gnl|TC-DB|Q9KN48|3.A.23.1.1	39.1	340	188	5	140	467	193	525	1.1e-52	204.1
BCW-200275_03365	gnl|TC-DB|P0A8K8|9.B.126.2.1	91.5	259	22	0	1	259	32	290	8.8e-118	419.5
BCW-200275_03370	gnl|TC-DB|P0AEK7|5.A.3.2.1	48.6	210	106	1	1	208	1	210	1.6e-56	215.7
BCW-200275_03371	gnl|TC-DB|P0AAJ3|5.A.3.2.1	77.9	294	64	1	1	293	1	294	1.2e-145	512.3
BCW-200275_03372	gnl|TC-DB|P24183|5.A.3.2.1	77.5	803	180	1	1	803	213	1014	0.0e+00	1349.0
BCW-200275_03373	gnl|TC-DB|P24183|5.A.3.2.1	81.0	195	37	0	1	195	1	195	2.3e-94	341.3
BCW-200275_03377	gnl|TC-DB|Q1D212|2.A.78.2.3	37.2	231	116	3	13	214	14	244	3.0e-34	141.7
BCW-200275_03381	gnl|TC-DB|P96517|2.A.1.5.4	93.7	413	26	0	1	413	1	413	3.1e-213	737.3
BCW-200275_03384	gnl|TC-DB|P0AFS1|3.A.1.2.8	34.7	300	189	2	26	319	7	305	7.0e-35	144.4
BCW-200275_03385	gnl|TC-DB|Q7BSH3|3.A.1.2.9	59.2	326	133	0	4	329	3	328	9.6e-101	363.2
BCW-200275_03386	gnl|TC-DB|Q7BSH4|3.A.1.2.9	56.5	492	212	2	4	494	20	510	5.6e-153	537.3
BCW-200275_03387	gnl|TC-DB|Q7BSH5|3.A.1.2.9	65.7	329	106	3	3	328	7	331	9.7e-114	406.4
BCW-200275_03393	gnl|TC-DB|P27125|2.A.7.6.1	89.2	344	37	0	1	344	1	344	7.9e-175	609.4
BCW-200275_03400	gnl|TC-DB|P69380|2.A.4.7.1	90.4	291	28	0	1	291	1	291	4.2e-148	520.4
BCW-200275_03402	gnl|TC-DB|P0AG78|3.A.1.6.1	92.7	329	24	0	1	329	1	329	3.5e-180	627.1
BCW-200275_03407	gnl|TC-DB|B7MI53|9.B.124.2.2	74.8	139	35	0	1	139	1	139	2.7e-57	217.6
BCW-200275_03411	gnl|TC-DB|P0AER0|1.A.8.1.1	88.6	281	32	0	1	281	1	281	3.1e-145	510.8
BCW-200275_03419	gnl|TC-DB|Q9ZKE4|3.A.11.3.1	32.2	534	337	10	198	730	108	617	1.2e-68	257.7
BCW-200275_03437	gnl|TC-DB|P06129|1.B.14.3.1	64.1	624	206	8	1	616	1	614	7.9e-234	806.2
BCW-200275_03445	gnl|TC-DB|A6TAG3|1.E.43.1.1	95.1	82	4	0	1	82	1	82	1.7e-38	154.5
BCW-200275_03458	gnl|TC-DB|P69874|3.A.1.11.1	85.5	372	54	0	1	372	7	378	5.6e-182	633.3
BCW-200275_03459	gnl|TC-DB|P0AFK4|3.A.1.11.1	92.0	275	22	0	11	285	1	275	9.9e-139	489.2
BCW-200275_03460	gnl|TC-DB|P0AFK6|3.A.1.11.1	93.3	268	14	1	1	268	1	264	2.1e-130	461.5
BCW-200275_03461	gnl|TC-DB|P0AFK9|3.A.1.11.1	91.7	348	29	0	1	348	1	348	9.1e-195	675.6
BCW-200275_03464	gnl|TC-DB|P75958|3.A.1.125.1	89.9	414	42	0	1	414	1	414	1.0e-197	685.6
BCW-200275_03465	gnl|TC-DB|P75957|3.A.1.125.1	89.7	233	24	0	1	233	1	233	9.6e-116	412.5
BCW-200275_03466	gnl|TC-DB|P0ADC3|3.A.1.125.1	93.5	386	25	0	1	386	14	399	1.7e-189	658.3
BCW-200275_03481	gnl|TC-DB|P16869|1.B.14.1.1	80.2	723	142	1	7	728	7	729	0.0e+00	1219.1
BCW-200275_03482	gnl|TC-DB|P69786|4.A.1.1.1	96.4	477	17	0	1	477	1	477	8.2e-263	902.1
BCW-200275_03489	gnl|TC-DB|O80800|3.D.1.6.3	48.0	75	39	0	2	76	48	122	1.5e-12	68.2
BCW-200275_03501	gnl|TC-DB|P76628|2.A.1.36.3	34.9	378	234	3	14	387	13	382	1.5e-36	150.2
BCW-200275_03504	gnl|TC-DB|Q15HU6|3.A.7.14.2	38.4	159	91	3	139	295	31	184	7.6e-23	104.4
BCW-200275_03516	gnl|TC-DB|P37169|2.A.66.4.1	91.8	510	42	0	1	510	14	523	1.7e-261	897.9
BCW-200275_03520	gnl|TC-DB|P69367|2.A.1.2.21	86.8	402	53	0	1	402	1	402	2.1e-203	704.5
BCW-200275_03533	gnl|TC-DB|P62517|4.D.3.1.1	91.8	840	69	0	17	856	1	840	0.0e+00	1592.8
BCW-200275_03543	gnl|TC-DB|P0AE95|1.B.48.1.1	83.7	129	21	0	1	129	1	129	4.2e-60	226.9
BCW-200275_03544	gnl|TC-DB|P0AE98|1.B.48.1.1	86.2	138	19	0	1	138	1	138	2.4e-66	247.7
BCW-200275_03545	gnl|TC-DB|P0AEA2|1.B.48.1.1	92.4	277	21	0	1	277	1	277	1.5e-144	508.4
BCW-200275_03553	gnl|TC-DB|P31545|2.A.108.2.3	82.4	425	71	1	1	425	1	421	6.8e-208	719.5
BCW-200275_03554	gnl|TC-DB|P0AB24|2.A.108.2.3	90.1	375	37	0	1	375	1	375	1.5e-190	661.8
BCW-200275_03555	gnl|TC-DB|P75901|2.A.108.2.3	87.3	276	35	0	1	276	1	276	4.6e-133	470.3
BCW-200275_03556	gnl|TC-DB|P0AFF2|2.A.41.1.1	71.5	400	108	2	1	394	1	400	1.0e-146	516.2
BCW-200275_03558	gnl|TC-DB|P07117|2.A.21.2.1	94.2	500	29	0	1	500	1	500	5.8e-267	916.0
BCW-200275_03564	gnl|TC-DB|P0AAP1|9.B.34.1.2	31.9	182	114	3	204	383	196	369	8.8e-18	88.6
BCW-200275_03566	gnl|TC-DB|G4NXW2|2.A.76.1.8	25.0	192	133	2	7	187	14	205	6.3e-12	67.4
BCW-200275_03573	gnl|TC-DB|P75892|2.A.40.1.3	90.2	441	43	0	1	441	1	441	7.5e-218	752.7
BCW-200275_03574	gnl|TC-DB|K7QW88|2.A.7.3.52	31.8	283	180	7	3	284	1	271	4.2e-18	88.6
BCW-200275_03585	gnl|TC-DB|P45564|1.B.10.3.1	31.3	262	154	9	7	251	2	254	2.0e-26	115.9
BCW-200275_03586	gnl|TC-DB|P43838|1.B.9.1.4	23.4	389	237	12	1	331	1	386	4.2e-18	89.0
BCW-200275_03587	gnl|TC-DB|M4V7W7|1.A.23.1.4	34.3	411	260	4	109	510	122	531	2.5e-58	223.0
BCW-200275_03591	gnl|TC-DB|F8CM01|1.A.13.4.1	26.6	274	168	7	67	312	75	343	1.8e-11	66.6
BCW-200275_03598	gnl|TC-DB|Q1R209|1.B.14.7.1	52.6	757	317	13	12	739	10	753	2.8e-217	751.5
BCW-200275_03599	gnl|TC-DB|Q1R210|2.C.1.1.3	37.1	259	160	2	1	258	2	258	2.9e-28	122.1
BCW-200275_03608	gnl|TC-DB|W9BHF5|2.A.6.2.49	87.3	1029	131	0	1	1029	1	1029	0.0e+00	1687.5
BCW-200275_03612	gnl|TC-DB|O53183|2.A.1.2.71	33.3	390	247	5	4	385	11	395	2.3e-48	189.5
BCW-200275_03623	gnl|TC-DB|P06202|3.A.1.5.1	54.7	536	238	3	12	542	8	543	6.0e-169	590.5
BCW-200275_03624	gnl|TC-DB|P0AAC6|1.A.14.2.1	93.2	219	15	0	27	245	1	219	1.9e-106	381.7
BCW-200275_03633	gnl|TC-DB|P0AB12|9.B.55.1.1	89.2	148	16	0	1	148	1	148	4.6e-71	263.5
BCW-200275_03634	gnl|TC-DB|P75870|2.A.85.1.1	82.6	706	123	0	1	706	1	706	0.0e+00	1179.5
BCW-200275_03637	gnl|TC-DB|P0A910|1.B.6.1.1	84.6	351	49	2	1	351	1	346	3.3e-168	587.4
BCW-200275_03644	gnl|TC-DB|P43672|3.A.1.120.6	82.0	634	114	0	1	634	1	634	8.9e-297	1015.4
BCW-200275_03650	gnl|TC-DB|P75853|3.A.1.17.10	83.0	317	54	0	3	319	2	318	2.2e-150	528.1
BCW-200275_03652	gnl|TC-DB|P75851|3.A.1.17.10	93.5	261	17	0	1	261	1	261	1.9e-128	454.9
BCW-200275_03653	gnl|TC-DB|B1X8N7|3.A.1.17.10	87.5	248	31	0	1	248	1	248	3.2e-120	427.6
BCW-200275_03657	gnl|TC-DB|Q6RW54|1.B.1.1.12	69.1	359	110	1	2	360	1	358	2.2e-143	505.0
BCW-200275_03672	gnl|TC-DB|P60752|3.A.1.106.1	91.9	581	47	0	1	581	1	581	9.9e-295	1008.4
BCW-200275_03673	gnl|TC-DB|P44408|3.A.11.2.2	32.5	671	385	12	129	749	133	785	2.0e-90	330.1
BCW-200275_03681	gnl|TC-DB|P0AC23|1.A.16.1.1	91.6	285	24	0	1	285	1	285	2.1e-149	524.6
BCW-200275_03684	gnl|TC-DB|P21503|2.A.1.26.1	83.2	381	64	0	1	381	1	381	1.7e-181	631.7
BCW-200275_03685	gnl|TC-DB|P18777|5.A.3.3.2	82.2	287	51	0	1	287	1	287	1.1e-134	475.7
BCW-200275_03686	gnl|TC-DB|P18776|5.A.3.3.2	91.7	205	17	0	1	205	1	205	1.5e-120	428.3
BCW-200275_03687	gnl|TC-DB|P18775|5.A.3.3.2	88.8	814	91	0	1	814	1	814	0.0e+00	1526.5
BCW-200275_03690	gnl|TC-DB|P61316|1.B.46.1.1	92.1	202	16	0	1	202	1	202	2.5e-104	374.4
BCW-200275_03691	gnl|TC-DB|P46889|3.A.12.1.2	75.3	1337	228	12	1	1243	1	1329	0.0e+00	1583.2
BCW-200275_03694	gnl|TC-DB|P29018|3.A.1.129.1	81.5	588	109	0	1	588	1	588	2.1e-276	947.6
BCW-200275_03695	gnl|TC-DB|P23886|3.A.1.129.1	80.8	573	110	0	1	573	1	573	2.5e-258	887.5
BCW-200275_03708	gnl|TC-DB|Q9SXJ7|3.A.9.1.2	38.4	800	403	11	17	737	133	921	2.5e-149	525.8
BCW-200275_03711	gnl|TC-DB|P75831|3.A.1.122.1	81.9	648	115	1	1	646	1	648	2.0e-296	1014.2
BCW-200275_03712	gnl|TC-DB|P75830|3.A.1.122.1	79.9	364	73	0	8	371	8	371	7.3e-158	553.1
BCW-200275_03715	gnl|TC-DB|P60844|1.A.8.3.1	90.4	230	22	0	1	230	1	230	1.3e-117	418.7
BCW-200275_03716	gnl|TC-DB|P75826|2.A.124.1.1	85.6	299	43	0	1	299	1	299	4.0e-138	487.3
BCW-200275_03727	gnl|TC-DB|P0AAF6|3.A.1.3.3	96.3	242	9	0	1	242	1	242	1.4e-130	461.8
BCW-200275_03728	gnl|TC-DB|P30859|3.A.1.3.3	89.7	243	25	0	1	243	1	243	3.1e-125	444.1
BCW-200275_03729	gnl|TC-DB|P0AE34|3.A.1.3.3	95.4	237	11	0	1	237	1	237	2.0e-124	441.4
BCW-200275_03730	gnl|TC-DB|P0AE30|3.A.1.3.3	93.7	222	14	0	1	222	1	222	2.2e-101	364.8
BCW-200275_03731	gnl|TC-DB|P30860|3.A.1.3.3	89.3	243	26	0	1	243	1	243	2.4e-125	444.5
BCW-200275_03737	gnl|TC-DB|P0AFL1|3.A.1.11.2	92.9	281	20	0	1	281	1	281	1.6e-141	498.4
BCW-200275_03738	gnl|TC-DB|P31135|3.A.1.11.2	86.4	317	43	0	1	317	1	317	4.0e-157	550.4
BCW-200275_03739	gnl|TC-DB|P31134|3.A.1.11.2	92.3	377	29	0	27	403	1	377	1.1e-202	702.2
BCW-200275_03740	gnl|TC-DB|P31133|3.A.1.11.2	90.3	370	36	0	1	370	1	370	5.1e-204	706.4
BCW-200275_03746	gnl|TC-DB|A7ZJR5|2.A.81.1.4	93.9	561	34	0	1	561	1	561	2.4e-301	1030.4
BCW-200275_03764	gnl|TC-DB|582031876|1.M.1.3.7	69.6	138	42	0	1	138	1	138	1.2e-47	185.7
BCW-200275_03766	gnl|TC-DB|B2VHA2|1.E.25.2.2	98.6	71	1	0	1	71	1	71	9.7e-35	141.7
BCW-200275_03790	gnl|TC-DB|P75810|2.A.1.60.2	85.9	375	53	0	1	375	1	375	2.0e-177	618.2
BCW-200275_03792	gnl|TC-DB|P0AEY8|2.A.1.2.19	88.0	401	48	0	8	408	7	407	2.7e-198	687.6
BCW-200275_03800	gnl|TC-DB|P75799|3.A.1.5.11	87.1	303	39	0	1	303	1	303	8.4e-136	479.6
BCW-200275_03801	gnl|TC-DB|P75798|3.A.1.5.11	88.9	306	34	0	1	306	1	306	1.9e-156	548.1
BCW-200275_03802	gnl|TC-DB|P75797|3.A.1.5.11	86.9	512	67	0	1	512	1	512	5.4e-260	892.9
BCW-200275_03803	gnl|TC-DB|P75796|3.A.1.5.11	80.1	622	124	0	1	622	1	622	1.2e-282	968.4
BCW-200275_03813	gnl|TC-DB|P0AA78|2.A.1.14.2	42.8	416	237	1	16	430	42	457	6.4e-97	350.9
BCW-200275_03815	gnl|TC-DB|Q83XH1|3.A.1.121.4	46.4	526	281	1	1	526	1	525	5.2e-141	497.7
BCW-200275_03818	gnl|TC-DB|U5MFA1|4.A.3.2.9	35.5	425	265	3	14	432	8	429	7.1e-59	224.6
BCW-200275_03819	gnl|TC-DB|Q86Z14|8.A.49.1.2	28.5	471	281	14	4	458	80	510	1.9e-38	156.8
BCW-200275_03820	gnl|TC-DB|P80874|8.A.5.1.4	31.2	327	200	10	1	320	1	309	2.6e-32	136.0
BCW-200275_03821	gnl|TC-DB|P75788|2.A.45.2.5	80.1	366	73	0	1	366	1	366	2.9e-167	584.3
BCW-200275_03825	gnl|TC-DB|G0EBV0|1.B.6.2.10	80.3	173	31	2	1	172	1	171	4.0e-74	273.9
BCW-200275_03826	gnl|TC-DB|P0AA67|2.A.7.3.6	82.3	294	52	0	1	294	1	294	1.7e-133	471.9
BCW-200275_03828	gnl|TC-DB|P0AEQ3|3.A.1.3.2	95.2	248	11	1	1	247	1	248	1.0e-131	465.7
BCW-200275_03829	gnl|TC-DB|P0AEQ6|3.A.1.3.2	94.1	219	13	0	1	219	1	219	3.3e-110	394.0
BCW-200275_03830	gnl|TC-DB|P10346|3.A.1.3.2	96.2	240	9	0	1	240	1	240	7.8e-129	456.1
BCW-200275_03831	gnl|TC-DB|P75783|1.A.23.3.2	81.8	741	131	1	1	737	1	741	0.0e+00	1173.7
BCW-200275_03838	gnl|TC-DB|O00571|1.I.1.1.3	42.4	389	202	7	2	369	181	568	5.8e-72	268.1
BCW-200275_03841	gnl|TC-DB|P75777|3.A.1.105.15	64.7	331	117	0	1	331	2	332	4.2e-88	321.2
BCW-200275_03842	gnl|TC-DB|P0A9U1|3.A.1.105.15	89.8	578	59	0	1	578	1	578	1.2e-305	1044.6
BCW-200275_03843	gnl|TC-DB|C6EIY9|3.A.1.105.15	88.6	377	43	0	1	377	1	377	3.2e-185	644.0
BCW-200275_03844	gnl|TC-DB|P0AFP9|3.A.1.105.15	93.2	367	25	0	1	367	1	367	2.1e-194	674.5
BCW-200275_03845	gnl|TC-DB|P0AAW6|9.B.15.1.1	80.0	135	27	0	1	135	1	135	1.5e-55	211.8
BCW-200275_03848	gnl|TC-DB|P75770|4.D.2.4.3	88.1	318	38	0	1	318	1	318	5.3e-157	550.1
BCW-200275_03849	gnl|TC-DB|P0AAC4|1.A.14.2.2	86.4	235	31	1	1	235	1	234	1.7e-104	375.2
BCW-200275_03857	gnl|TC-DB|Q9L3S2|3.A.1.4.4	34.2	219	134	5	15	230	5	216	1.2e-25	113.2
BCW-200275_03871	gnl|TC-DB|P09833|3.A.1.8.1	87.2	351	45	0	1	351	1	351	3.3e-176	614.0
BCW-200275_03872	gnl|TC-DB|P0AF01|3.A.1.8.1	91.7	229	19	0	1	229	1	229	2.3e-114	407.9
BCW-200275_03873	gnl|TC-DB|P37329|3.A.1.8.1	83.1	255	43	0	1	255	1	255	3.9e-118	420.6
BCW-200275_03874	gnl|TC-DB|A6T6J1|2.A.6.2.49	79.6	49	10	0	1	49	1	49	5.9e-15	75.5
BCW-200275_03876	gnl|TC-DB|A7BAX2|3.A.1.26.3	27.5	495	295	18	10	474	246	706	2.4e-23	106.7
BCW-200275_03884	gnl|TC-DB|P75757|2.A.4.1.4	77.6	313	68	1	1	311	1	313	1.1e-138	489.2
BCW-200275_03885	gnl|TC-DB|P24520|4.B.1.1.1	86.6	239	32	0	1	239	1	239	2.9e-115	411.0
BCW-200275_03892	gnl|TC-DB|P45955|2.C.1.2.1	86.8	190	25	0	1	190	1	190	6.9e-70	260.4
BCW-200275_03893	gnl|TC-DB|C6EJJ6|2.C.1.2.1	96.0	174	5	2	1	173	1	173	1.6e-86	315.1
BCW-200275_03894	gnl|TC-DB|P0A855|2.C.1.2.1	94.7	430	23	0	1	430	1	430	3.8e-150	527.7
BCW-200275_03895	gnl|TC-DB|P19934|2.C.1.2.1	87.4	127	16	0	280	406	295	421	1.8e-45	179.9
BCW-200275_03896	gnl|TC-DB|P0ABV8|1.A.30.2.2	88.8	143	15	1	1	143	1	142	1.8e-64	241.5
BCW-200275_03897	gnl|TC-DB|P0ABU9|1.A.30.2.2	95.7	230	10	0	1	230	1	230	3.9e-117	417.2
BCW-200275_03899	gnl|TC-DB|P0AAV0|8.A.79.1.1	84.4	96	15	0	1	96	1	96	7.0e-44	172.6
BCW-200275_03900	gnl|TC-DB|P56100|9.B.85.1.1	86.1	36	5	0	1	36	1	36	1.6e-12	67.0
BCW-200275_03901	gnl|TC-DB|P0ABK2|3.D.4.3.2	90.8	379	35	0	1	379	1	379	2.1e-200	694.5
BCW-200275_03902	gnl|TC-DB|P0ABJ9|3.D.4.3.2	92.0	522	42	0	1	522	1	522	6.9e-279	955.7
BCW-200275_03907	gnl|TC-DB|X5GWN5|3.D.10.1.6	50.0	234	110	5	4	236	27	254	1.7e-67	252.3
BCW-200275_03908	gnl|TC-DB|X5H3P0|3.D.10.1.6	52.8	589	268	6	7	588	12	597	5.3e-171	597.4
BCW-200275_03914	gnl|TC-DB|B1HGV3|9.B.211.1.1	53.6	330	140	3	1	330	1	317	2.5e-85	312.0
BCW-200275_03922	gnl|TC-DB|P03959|3.A.3.7.1	82.9	557	95	0	1	557	1	557	1.9e-258	887.9
BCW-200275_03923	gnl|TC-DB|P03960|3.A.3.7.1	90.2	682	67	0	1	682	1	682	0.0e+00	1154.4
BCW-200275_03924	gnl|TC-DB|P03961|3.A.3.7.1	66.1	186	63	0	1	186	1	186	9.5e-61	229.6
BCW-200275_03925	gnl|TC-DB|Q93N33|2.A.21.9.2	28.4	313	189	9	583	886	730	1016	2.2e-22	104.4
BCW-200275_03929	gnl|TC-DB|P0AAF1|2.A.3.2.1	92.2	435	34	0	2	436	4	438	1.1e-226	781.9
BCW-200275_03937	gnl|TC-DB|P75733|1.B.25.1.13	88.7	468	50	3	1	465	1	468	6.4e-252	865.9
BCW-200275_03939	gnl|TC-DB|P09323|4.A.1.1.2	54.8	677	270	8	1	671	1	647	2.7e-179	625.2
BCW-200275_03956	gnl|TC-DB|P0A2L3|9.A.40.1.2	92.8	292	21	0	1	292	1	292	6.6e-154	539.7
BCW-200275_03958	gnl|TC-DB|P37902|3.A.1.3.4	90.4	302	28	1	1	301	1	302	1.2e-153	538.9
BCW-200275_03959	gnl|TC-DB|P0AER3|3.A.1.3.4	92.7	246	18	0	1	246	1	246	5.6e-122	433.3
BCW-200275_03960	gnl|TC-DB|P0AER5|3.A.1.3.4	93.3	223	15	0	1	223	1	223	7.1e-108	386.3
BCW-200275_03961	gnl|TC-DB|P0AAG3|3.A.1.3.4	93.8	241	15	0	1	241	1	241	4.0e-125	443.7
BCW-200275_03965	gnl|TC-DB|P0ADC1|1.B.42.1.2	68.9	193	56	1	1	189	1	193	5.9e-71	263.5
BCW-200275_03971	gnl|TC-DB|P0ABG7|2.A.103.1.2	95.4	370	17	0	1	370	1	370	3.0e-196	680.6
BCW-200275_03978	gnl|TC-DB|P0A843|2.A.64.1.1	91.0	67	6	0	1	67	1	67	1.7e-25	110.9
BCW-200275_03980	gnl|TC-DB|P37002|1.A.43.1.1	85.8	127	18	0	1	127	1	127	1.2e-59	225.3
BCW-200275_03983	gnl|TC-DB|P38054|2.A.6.1.4	63.4	1038	377	2	1	1035	1	1038	0.0e+00	1327.4
BCW-200275_03984	gnl|TC-DB|P77239|2.A.6.1.4	38.2	393	237	3	8	396	5	395	7.3e-63	237.7
BCW-200275_03988	gnl|TC-DB|P0ABP3|2.A.61.1.1	92.3	456	35	0	1	456	1	456	2.5e-224	774.2
BCW-200275_04006	gnl|TC-DB|B8H230|3.A.1.2.21	35.2	315	186	4	20	327	22	325	3.7e-36	148.7
BCW-200275_04007	gnl|TC-DB|A6VKS8|3.A.1.2.13	36.6	495	309	4	6	499	7	497	4.5e-86	315.1
BCW-200275_04013	gnl|TC-DB|P15078|2.A.114.1.1	89.2	701	76	0	1	701	1	701	0.0e+00	1228.8
BCW-200275_04018	gnl|TC-DB|Q89SS6|2.A.1.42.2	22.5	481	344	10	50	522	655	1114	1.7e-19	94.0
BCW-200275_04020	gnl|TC-DB|C8U2V6|3.A.1.14.2	81.1	318	60	0	1	318	1	318	4.2e-146	513.8
BCW-200275_04021	gnl|TC-DB|Q8ZR35|2.A.1.38.3	82.1	413	74	0	1	413	1	413	8.4e-187	649.4
BCW-200275_04022	gnl|TC-DB|P23876|3.A.1.14.2	85.3	334	48	1	1	333	1	334	4.0e-147	517.3
BCW-200275_04023	gnl|TC-DB|P23877|3.A.1.14.2	83.6	330	54	0	1	330	1	330	3.9e-147	517.3
BCW-200275_04024	gnl|TC-DB|P23878|3.A.1.14.2	86.8	265	35	0	1	265	1	265	7.1e-131	463.0
BCW-200275_04025	gnl|TC-DB|P31552|4.C.1.1.6	22.6	501	339	13	482	956	39	516	2.4e-14	78.2
BCW-200275_04028	gnl|TC-DB|P05825|1.B.14.1.22	80.2	758	130	7	1	750	1	746	0.0e+00	1245.3
BCW-200275_04030	gnl|TC-DB|Q9XCR9|3.A.1.15.7	72.6	263	72	0	2	264	3	265	2.3e-100	361.7
BCW-200275_04031	gnl|TC-DB|Q9XCS0|3.A.1.15.7	87.9	282	34	0	1	282	1	282	2.5e-134	474.6
BCW-200275_04032	gnl|TC-DB|Q9XCS1|3.A.1.15.7	80.1	266	53	0	1	266	1	266	6.4e-119	423.3
BCW-200275_04033	gnl|TC-DB|Q9XCS2|3.A.1.15.7	76.7	288	67	0	15	302	15	302	4.7e-131	463.8
BCW-200275_04040	gnl|TC-DB|W0WJ85|3.A.1.5.39	24.4	516	334	21	3	483	2	496	1.1e-18	91.3
BCW-200275_04041	gnl|TC-DB|P77308|3.A.1.5.38	44.1	322	179	1	18	339	14	334	2.7e-66	248.8
BCW-200275_04042	gnl|TC-DB|W0WMS8|3.A.1.5.39	41.2	279	158	1	2	274	19	297	1.2e-53	206.5
BCW-200275_04043	gnl|TC-DB|P45095|3.A.1.5.27	43.1	255	141	3	19	269	21	275	1.6e-48	189.5
BCW-200275_04044	gnl|TC-DB|P42065|3.A.1.5.20	43.1	225	116	3	14	233	31	248	1.2e-49	193.0
BCW-200275_04046	gnl|TC-DB|P17315|1.B.14.1.4	28.4	698	431	22	1	664	1	663	3.3e-60	229.6
BCW-200275_04052	gnl|TC-DB|G8WDN2|2.A.7.21.5	73.9	142	37	0	1	142	1	142	4.5e-55	210.3
BCW-200275_04053	gnl|TC-DB|G8WDN3|2.A.7.21.5	71.5	151	43	0	5	155	1	151	1.5e-51	198.7
BCW-200275_04057	gnl|TC-DB|O32182|2.A.1.3.33	25.1	403	296	5	12	411	20	419	1.5e-32	137.1
BCW-200275_04060	gnl|TC-DB|Q9I0Y8|2.A.6.2.16	41.2	1039	593	4	4	1024	6	1044	1.4e-211	733.0
BCW-200275_04061	gnl|TC-DB|P76397|8.A.1.6.2	31.7	331	220	4	31	357	62	390	8.9e-44	174.1
BCW-200275_04062	gnl|TC-DB|A8R5V4|3.A.3.2.41	48.4	868	440	3	29	895	25	885	2.9e-221	765.0
BCW-200275_04066	gnl|TC-DB|P06971|1.B.14.1.2	39.5	739	407	16	6	712	15	745	6.8e-136	481.1
BCW-200275_04072	gnl|TC-DB|B5Y048|9.B.8.3.4	73.9	341	89	0	2	342	1	341	1.2e-151	532.3
BCW-200275_04074	gnl|TC-DB|D9X7X8|2.A.1.3.38	42.5	452	251	3	9	460	24	466	2.8e-85	312.4
BCW-200275_04075	gnl|TC-DB|P0AAT4|1.A.23.4.5	83.5	413	67	1	1	412	1	413	4.6e-193	670.2
BCW-200275_04079	gnl|TC-DB|P76417|2.A.1.10.4	37.5	405	235	6	21	411	6	406	8.6e-67	250.8
BCW-200275_04080	gnl|TC-DB|P24207|2.A.3.1.1	90.0	462	42	1	1	462	1	458	1.8e-235	811.2
BCW-200275_04081	gnl|TC-DB|Q05202|1.B.14.1.15	52.8	705	314	7	31	728	66	758	5.7e-215	743.8
BCW-200275_04086	gnl|TC-DB|M3JA40|1.B.52.2.1	42.1	107	52	1	439	545	278	374	2.0e-14	77.4
BCW-200275_04088	gnl|TC-DB|P16869|1.B.14.1.1	48.3	723	350	6	16	722	15	729	8.2e-198	686.8
BCW-200275_04096	gnl|TC-DB|P30130|1.B.11.3.9	48.6	860	410	11	11	854	34	877	2.3e-231	798.5
BCW-200275_04102	gnl|TC-DB|Q57071|4.A.1.1.13	46.6	509	240	6	9	497	4	500	8.7e-122	433.7
BCW-200275_04112	gnl|TC-DB|Q9HT69|3.A.1.24.5	45.4	174	95	0	7	180	16	189	1.1e-31	133.3
BCW-200275_04113	gnl|TC-DB|O32169|3.A.1.24.2	47.2	341	172	3	1	336	1	338	8.6e-81	297.0
BCW-200275_04114	gnl|TC-DB|Q9HT68|3.A.1.24.5	34.4	250	158	4	10	258	6	250	8.4e-34	140.6
BCW-200275_04115	gnl|TC-DB|B5Y0L3|1.B.1.1.18	84.8	375	57	0	7	381	7	381	4.2e-201	696.8
BCW-200275_04116	gnl|TC-DB|P77504|3.A.1.122.15	88.0	802	96	0	1	802	1	802	0.0e+00	1370.1
BCW-200275_04117	gnl|TC-DB|P0A9T8|3.A.1.122.15	92.1	228	18	0	1	228	1	228	3.6e-115	410.6
BCW-200275_04121	gnl|TC-DB|P0AA53|8.A.21.2.2	94.7	302	16	0	1	302	1	302	2.1e-115	411.8
BCW-200275_04124	gnl|TC-DB|Q59385|3.A.3.5.5	84.3	834	129	2	1	832	1	834	0.0e+00	1335.1
BCW-200275_04128	gnl|TC-DB|P52067|2.A.1.35.1	90.6	405	38	0	1	405	1	405	2.4e-202	701.0
BCW-200275_04129	gnl|TC-DB|P39830|2.A.37.1.5	90.5	558	53	0	1	558	1	558	1.6e-273	937.9
BCW-200275_04141	gnl|TC-DB|P77338|1.A.23.1.1	76.2	1113	265	0	3	1115	6	1118	0.0e+00	1600.5
BCW-200275_04143	gnl|TC-DB|P0AE06|8.A.1.6.1	84.1	397	63	0	1	397	1	397	5.7e-185	643.3
BCW-200275_04144	gnl|TC-DB|P31224|2.A.6.2.2	92.6	1049	78	0	1	1049	1	1049	0.0e+00	1868.6
BCW-200275_04154	gnl|TC-DB|P40739|4.A.1.2.11	36.6	453	272	5	9	458	9	449	4.7e-74	275.0
BCW-200275_04158	gnl|TC-DB|P0AAQ6|3.A.5.1.1	86.3	117	16	0	1	117	1	117	1.5e-56	214.9
BCW-200275_04161	gnl|TC-DB|C7NLF6|2.A.115.2.6	54.6	183	83	0	4	186	38	220	4.0e-49	191.0
BCW-200275_04170	gnl|TC-DB|P69681|1.A.11.1.1	91.1	428	38	0	1	428	1	428	1.3e-195	678.7
BCW-200275_04172	gnl|TC-DB|P0AAG5|3.A.1.106.13	86.0	593	83	0	1	593	1	593	6.6e-286	979.2
BCW-200275_04173	gnl|TC-DB|P77265|3.A.1.106.13	88.8	590	66	0	1	590	1	590	5.9e-303	1035.8
BCW-200275_04180	gnl|TC-DB|A1EMW4|3.A.11.2.3	54.8	62	28	0	68	129	42	103	5.0e-13	70.5
BCW-200275_04189	gnl|TC-DB|P0AE16|2.A.1.25.2	82.7	491	85	0	1	491	1	491	1.2e-232	802.0
BCW-200275_04190	gnl|TC-DB|P0ABJ1|3.D.4.5.1	93.0	315	22	0	1	315	1	315	7.0e-170	592.8
BCW-200275_04191	gnl|TC-DB|P0ABI8|3.D.4.5.1	90.8	663	61	0	1	663	1	663	0.0e+00	1246.1
BCW-200275_04192	gnl|TC-DB|P0ABJ3|3.D.4.5.1	88.2	204	24	0	1	204	1	204	1.2e-101	365.5
BCW-200275_04193	gnl|TC-DB|P0ABJ6|3.D.4.5.1	86.2	109	14	1	1	108	1	109	1.8e-48	188.0
BCW-200275_04195	gnl|TC-DB|P77726|2.A.1.2.60	84.5	452	70	0	1	452	1	452	5.1e-214	740.0
BCW-200275_04203	gnl|TC-DB|P77735|8.A.5.1.6	88.9	324	36	0	1	324	1	324	1.4e-168	588.6
BCW-200275_04210	gnl|TC-DB|P0A927|1.B.10.1.1	88.8	294	31	1	3	294	1	294	1.5e-161	565.1
BCW-200275_04211	gnl|TC-DB|P0AG93|2.A.6.4.1	88.5	323	37	0	1	323	1	323	2.2e-158	554.7
BCW-200275_04212	gnl|TC-DB|P0AG90|2.A.6.4.1	92.4	604	46	0	1	604	12	615	6.0e-311	1062.4
BCW-200275_04213	gnl|TC-DB|P0ADZ7|3.A.5.1.1	94.5	110	6	0	1	110	1	110	6.1e-52	199.5
BCW-200275_04218	gnl|TC-DB|Q07837|8.A.9.1.2	25.1	371	194	16	177	487	140	486	1.8e-17	87.4
BCW-200275_04219	gnl|TC-DB|P37460|2.A.3.1.6	94.3	456	26	0	1	456	1	456	2.1e-247	850.9
BCW-200275_04220	gnl|TC-DB|P0AD99|2.A.26.1.10	88.8	439	49	0	1	439	1	439	2.5e-218	754.2
BCW-200275_04233	gnl|TC-DB|P0AAP1|9.B.34.1.2	67.7	371	120	0	1	371	1	371	1.1e-145	512.7
BCW-200275_04237	gnl|TC-DB|P25744|2.A.1.2.20	60.8	393	153	1	3	395	11	402	1.3e-128	456.1
BCW-200275_04243	gnl|TC-DB|P0AFY6|9.A.18.1.1	88.9	405	45	0	1	405	1	405	5.8e-209	723.0
BCW-200275_04247	gnl|TC-DB|Q8X5H7|1.B.12.2.7	59.3	994	321	18	1	924	1	980	3.6e-291	997.3
BCW-200275_04251	gnl|TC-DB|Q47539|3.A.1.17.1	79.6	275	56	0	1	275	1	275	8.7e-116	412.9
BCW-200275_04252	gnl|TC-DB|Q47538|3.A.1.17.1	87.5	255	32	0	1	255	1	255	6.6e-126	446.4
BCW-200275_04253	gnl|TC-DB|Q47537|3.A.1.17.1	89.4	320	34	0	1	320	1	320	3.0e-160	560.8
BCW-200275_04256	gnl|TC-DB|P09836|2.A.1.4.4	55.4	413	184	0	8	420	19	431	2.8e-132	468.4
BCW-200275_04257	gnl|TC-DB|Q9KLQ7|3.A.1.20.2	73.6	341	87	1	2	342	6	343	1.8e-147	518.5
BCW-200275_04258	gnl|TC-DB|Q9KLQ6|3.A.1.20.2	72.6	687	188	0	5	691	12	698	1.0e-285	978.8
BCW-200275_04259	gnl|TC-DB|Q9KLQ5|3.A.1.20.2	66.0	347	115	1	1	344	1	347	6.7e-129	456.8
BCW-200275_04264	gnl|TC-DB|Q47689|2.A.3.1.10	92.7	468	31	2	1	466	1	467	2.5e-248	854.0
BCW-200275_04265	gnl|TC-DB|Q1DBZ0|2.A.86.2.2	27.8	331	230	5	12	338	14	339	4.9e-21	98.6
BCW-200275_04266	gnl|TC-DB|D4ZZR3|9.B.34.1.3	34.0	212	132	4	378	585	186	393	1.5e-24	110.9
BCW-200275_04268	gnl|TC-DB|Q5KYD1|2.A.17.1.7	37.5	499	285	10	11	503	16	493	5.5e-79	291.6
BCW-200275_04292	gnl|TC-DB|P02932|1.B.1.1.2	88.3	351	40	1	1	350	1	351	1.1e-182	635.6
BCW-200275_04305	gnl|TC-DB|W0WMS8|3.A.1.5.39	39.8	284	165	1	12	289	15	298	1.6e-51	199.5
BCW-200275_04306	gnl|TC-DB|P75798|3.A.1.5.11	46.5	312	159	1	1	312	1	304	4.5e-68	254.6
BCW-200275_04307	gnl|TC-DB|P42061|3.A.1.5.20	25.9	460	303	11	61	491	79	529	9.9e-33	137.9
BCW-200275_04308	gnl|TC-DB|O86575|3.A.1.5.34	53.1	318	145	2	5	318	39	356	2.2e-87	318.9
BCW-200275_04309	gnl|TC-DB|P26905|3.A.1.5.2	52.1	315	148	2	12	323	4	318	2.4e-83	305.4
