BCW-200066_00005	gnl|TC-DB|Q9I2M2|3.A.1.109.4	26.1	421	276	10	8	421	21	413	2.3e-25	113.2
BCW-200066_00006	gnl|TC-DB|Q88RG3|3.A.1.109.3	61.1	704	273	1	21	723	12	715	5.6e-247	850.1
BCW-200066_00007	gnl|TC-DB|Q9I2M0|3.A.1.109.4	38.3	433	221	5	17	446	4	393	7.7e-77	284.3
BCW-200066_00012	gnl|TC-DB|P77735|8.A.5.1.6	83.3	324	54	0	1	324	1	324	6.8e-160	559.7
BCW-200066_00019	gnl|TC-DB|P0A927|1.B.10.1.1	87.1	294	38	0	1	294	1	294	2.5e-161	564.3
BCW-200066_00021	gnl|TC-DB|P0AG93|2.A.6.4.1	87.9	323	39	0	1	323	1	323	3.4e-159	557.4
BCW-200066_00022	gnl|TC-DB|P0AG90|2.A.6.4.1	89.7	604	62	0	1	604	12	615	2.1e-300	1027.3
BCW-200066_00023	gnl|TC-DB|P0ADZ7|3.A.5.1.1	97.3	110	3	0	1	110	1	110	4.2e-53	203.4
BCW-200066_00031	gnl|TC-DB|P37460|2.A.3.1.6	91.8	453	37	0	13	465	1	453	5.6e-240	826.2
BCW-200066_00032	gnl|TC-DB|P0AD99|2.A.26.1.10	87.2	439	56	0	1	439	1	439	1.8e-216	748.0
BCW-200066_00046	gnl|TC-DB|P0AAP1|9.B.34.1.2	52.4	372	173	2	25	395	3	371	5.3e-106	380.9
BCW-200066_00049	gnl|TC-DB|P25744|2.A.1.2.20	59.1	391	159	1	3	393	11	400	2.5e-124	441.8
BCW-200066_00055	gnl|TC-DB|P0AFY6|9.A.18.1.1	82.0	394	71	0	1	394	1	394	4.3e-188	653.7
BCW-200066_00060	gnl|TC-DB|P0AAP1|9.B.34.1.2	30.1	173	113	4	210	379	203	370	2.3e-13	73.9
BCW-200066_00063	gnl|TC-DB|O32167|3.A.1.24.2	51.8	245	114	2	22	266	33	273	3.0e-68	255.0
BCW-200066_00064	gnl|TC-DB|O32168|3.A.1.24.2	62.6	222	83	0	1	222	1	222	1.5e-65	245.7
BCW-200066_00065	gnl|TC-DB|O32169|3.A.1.24.2	58.3	338	138	1	1	335	1	338	2.5e-112	401.7
BCW-200066_00068	gnl|TC-DB|M3JA40|1.B.52.2.1	55.6	81	36	0	479	559	294	374	2.0e-14	77.4
BCW-200066_00071	gnl|TC-DB|P30130|1.B.11.3.9	40.6	868	455	18	18	844	31	878	1.4e-180	629.8
BCW-200066_00078	gnl|TC-DB|B1LE48|2.A.86.2.1	74.7	364	92	0	1	364	1	364	1.0e-151	532.7
BCW-200066_00079	gnl|TC-DB|D2RXA5|8.A.7.1.3	29.7	424	228	12	385	790	171	542	9.1e-33	138.7
BCW-200066_00085	gnl|TC-DB|P06611|3.A.1.13.1	63.4	246	90	0	1	246	1	246	7.4e-90	326.6
BCW-200066_00087	gnl|TC-DB|P06609|3.A.1.13.1	76.9	321	74	0	1	321	4	324	5.7e-143	503.4
BCW-200066_00097	gnl|TC-DB|I0A8J9|1.B.75.1.1	81.1	233	44	0	2	234	9	241	3.2e-111	397.5
BCW-200066_00105	gnl|TC-DB|P77529|2.A.23.1.8	90.9	462	42	0	1	462	1	462	3.0e-225	777.3
BCW-200066_00109	gnl|TC-DB|V2FAS1|2.A.7.17.1	50.0	288	144	0	7	294	5	292	7.5e-81	297.0
BCW-200066_00123	gnl|TC-DB|Q07711|3.A.7.7.1	28.6	612	406	15	3	605	4	593	1.3e-66	250.8
BCW-200066_00134	gnl|TC-DB|P80874|8.A.5.1.4	36.2	196	108	6	17	198	16	208	3.3e-25	112.1
BCW-200066_00135	gnl|TC-DB|P0A908|9.B.99.1.2	64.9	248	87	0	1	248	1	248	7.1e-101	363.2
BCW-200066_00162	gnl|TC-DB|P33760|3.A.20.1.5	35.5	141	81	5	82	214	770	908	7.7e-12	67.8
BCW-200066_00174	gnl|TC-DB|P0AE42|9.B.12.2.1	92.2	51	4	0	1	51	1	51	2.1e-23	103.6
BCW-200066_00176	gnl|TC-DB|A8ANM6|2.A.104.1.1	80.3	142	28	0	1	142	1	142	1.2e-61	232.3
BCW-200066_00183	gnl|TC-DB|P14175|3.A.1.12.1	88.7	399	45	0	1	399	1	399	2.4e-199	691.0
BCW-200066_00184	gnl|TC-DB|P14176|3.A.1.12.1	82.0	355	63	1	1	355	1	354	3.8e-156	547.4
BCW-200066_00185	gnl|TC-DB|P0AFM2|3.A.1.12.1	84.0	331	52	1	1	331	1	330	2.6e-167	584.3
BCW-200066_00186	gnl|TC-DB|P76628|2.A.1.36.3	85.3	389	57	0	1	389	1	389	1.2e-169	592.4
BCW-200066_00187	gnl|TC-DB|P76630|2.A.78.1.3	79.6	245	45	2	1	244	1	241	2.0e-103	371.7
BCW-200066_00188	gnl|TC-DB|P43667|2.A.78.1.3	73.9	111	29	0	1	111	1	111	1.7e-41	164.9
BCW-200066_00190	gnl|TC-DB|P27303|8.A.1.1.1	82.0	389	70	0	1	389	1	389	1.6e-176	615.1
BCW-200066_00191	gnl|TC-DB|P0AEJ0|2.A.1.3.2	92.2	512	40	0	1	512	1	512	1.8e-271	931.0
BCW-200066_00194	gnl|TC-DB|E1P8P0|9.B.27.3.1	67.6	142	46	0	1	142	1	142	2.5e-50	194.5
BCW-200066_00200	gnl|TC-DB|P45955|2.C.1.2.1	86.4	191	25	1	1	191	1	190	3.1e-70	261.5
BCW-200066_00201	gnl|TC-DB|C6EJJ6|2.C.1.2.1	83.3	174	28	1	1	174	1	173	1.5e-73	271.9
BCW-200066_00202	gnl|TC-DB|P0A855|2.C.1.2.1	95.1	430	21	0	1	430	1	430	7.7e-151	530.0
BCW-200066_00203	gnl|TC-DB|P19934|2.C.1.2.1	70.9	127	37	0	310	436	295	421	9.1e-43	171.0
BCW-200066_00204	gnl|TC-DB|P0ABV8|1.A.30.2.2	84.5	142	22	0	1	142	1	142	1.9e-61	231.5
BCW-200066_00205	gnl|TC-DB|P0ABU9|1.A.30.2.2	93.5	230	15	0	1	230	1	230	6.2e-115	409.8
BCW-200066_00207	gnl|TC-DB|P0AAV0|8.A.79.1.1	82.3	96	17	0	1	96	1	96	1.1e-41	165.2
BCW-200066_00208	gnl|TC-DB|P56100|9.B.85.1.1	80.6	36	7	0	1	36	1	36	7.8e-12	64.7
BCW-200066_00209	gnl|TC-DB|P0ABK2|3.D.4.3.2	87.9	379	46	0	1	379	1	379	2.4e-193	671.0
BCW-200066_00210	gnl|TC-DB|P0ABJ9|3.D.4.3.2	91.5	519	44	0	1	519	1	519	2.5e-276	947.2
BCW-200066_00212	gnl|TC-DB|P54745|4.A.2.1.3	72.5	633	169	2	1	632	21	649	1.4e-225	778.9
BCW-200066_00218	gnl|TC-DB|X5GWN5|3.D.10.1.6	51.3	234	107	5	4	236	27	254	2.0e-68	255.4
BCW-200066_00219	gnl|TC-DB|X5H3P0|3.D.10.1.6	53.3	589	265	6	7	588	12	597	2.6e-173	605.1
BCW-200066_00225	gnl|TC-DB|B1HGV3|9.B.211.1.1	48.5	324	159	1	5	328	3	318	1.0e-78	290.0
BCW-200066_00235	gnl|TC-DB|P03959|3.A.3.7.1	77.5	555	125	0	1	555	1	555	3.6e-241	830.5
BCW-200066_00236	gnl|TC-DB|P03960|3.A.3.7.1	87.0	682	89	0	1	682	1	682	0.0e+00	1115.5
BCW-200066_00237	gnl|TC-DB|P03961|3.A.3.7.1	64.0	186	67	0	1	186	1	186	3.0e-59	224.6
BCW-200066_00241	gnl|TC-DB|P0AAF1|2.A.3.2.1	89.4	435	46	0	2	436	4	438	5.6e-218	753.1
BCW-200066_00250	gnl|TC-DB|P09323|4.A.1.1.2	54.8	664	264	9	2	661	16	647	2.6e-174	608.6
BCW-200066_00267	gnl|TC-DB|P0A2L3|9.A.40.1.2	92.5	292	22	0	1	292	1	292	4.7e-152	533.5
BCW-200066_00269	gnl|TC-DB|P37902|3.A.1.3.4	87.6	306	34	1	1	306	1	302	2.1e-150	528.1
BCW-200066_00270	gnl|TC-DB|P0AER3|3.A.1.3.4	92.7	246	18	0	1	246	1	246	2.5e-122	434.5
BCW-200066_00271	gnl|TC-DB|P0AER5|3.A.1.3.4	91.9	223	18	0	1	223	1	223	6.4e-109	389.8
BCW-200066_00272	gnl|TC-DB|P0AAG3|3.A.1.3.4	78.8	241	51	0	1	241	1	241	8.2e-102	366.3
BCW-200066_00277	gnl|TC-DB|P30130|1.B.11.3.9	41.7	848	436	17	30	837	48	877	5.3e-180	627.9
BCW-200066_00283	gnl|TC-DB|P0ADC1|1.B.42.1.2	68.9	193	58	1	1	193	1	191	3.6e-71	264.2
BCW-200066_00291	gnl|TC-DB|P0ABG7|2.A.103.1.2	93.2	370	25	0	1	370	1	370	7.0e-193	669.5
BCW-200066_00297	gnl|TC-DB|P0A843|2.A.64.1.1	82.1	67	12	0	1	67	1	67	8.9e-22	98.6
BCW-200066_00299	gnl|TC-DB|P37002|1.A.43.1.1	78.7	122	26	0	1	122	1	122	1.2e-54	208.8
BCW-200066_00301	gnl|TC-DB|P38054|2.A.6.1.4	63.8	1038	373	2	1	1035	1	1038	0.0e+00	1331.2
BCW-200066_00302	gnl|TC-DB|P77239|2.A.6.1.4	38.8	397	228	5	9	395	4	395	5.8e-67	251.5
BCW-200066_00306	gnl|TC-DB|P0ABP3|2.A.61.1.1	89.5	457	48	0	1	457	1	457	4.1e-219	756.9
BCW-200066_00309	gnl|TC-DB|Q46892|2.A.8.1.7	31.3	450	290	4	13	451	5	446	1.0e-52	204.1
BCW-200066_00324	gnl|TC-DB|C8U2V6|3.A.1.14.2	76.3	308	72	1	52	359	12	318	5.9e-128	453.8
BCW-200066_00325	gnl|TC-DB|Q8ZR35|2.A.1.38.3	76.8	406	94	0	1	406	1	406	7.1e-170	593.2
BCW-200066_00326	gnl|TC-DB|P23876|3.A.1.14.2	76.9	324	75	0	9	332	9	332	4.2e-128	454.1
BCW-200066_00327	gnl|TC-DB|P23877|3.A.1.14.2	75.4	329	77	2	3	329	4	330	8.2e-129	456.4
BCW-200066_00328	gnl|TC-DB|P23878|3.A.1.14.2	79.8	258	52	0	4	261	6	263	6.6e-121	429.9
BCW-200066_00332	gnl|TC-DB|P75788|2.A.45.2.5	71.5	365	104	0	5	369	5	369	8.6e-143	503.1
BCW-200066_00336	gnl|TC-DB|P0A917|1.B.6.2.1	80.7	171	30	2	1	168	1	171	4.3e-73	270.4
BCW-200066_00337	gnl|TC-DB|P0AA67|2.A.7.3.6	79.3	295	61	0	1	295	1	295	1.1e-129	459.1
BCW-200066_00339	gnl|TC-DB|P0AEQ3|3.A.1.3.2	96.4	248	9	0	1	248	1	248	5.8e-135	476.5
BCW-200066_00340	gnl|TC-DB|P0AEQ6|3.A.1.3.2	93.2	219	15	0	1	219	1	219	7.4e-110	392.9
BCW-200066_00341	gnl|TC-DB|P10346|3.A.1.3.2	95.8	240	10	0	1	240	1	240	8.7e-128	452.6
BCW-200066_00342	gnl|TC-DB|P75783|1.A.23.3.2	73.9	751	184	4	1	751	1	739	1.7e-307	1051.2
BCW-200066_00349	gnl|TC-DB|O00571|1.I.1.1.3	42.7	391	198	8	2	369	181	568	6.0e-75	278.1
BCW-200066_00351	gnl|TC-DB|P75777|3.A.1.105.15	60.0	330	132	0	4	333	3	332	2.5e-80	295.4
BCW-200066_00352	gnl|TC-DB|P0A9U1|3.A.1.105.15	83.7	575	93	1	5	578	3	577	5.3e-280	959.5
BCW-200066_00353	gnl|TC-DB|C6EIY9|3.A.1.105.15	89.8	372	38	0	5	376	6	377	5.4e-185	643.3
BCW-200066_00354	gnl|TC-DB|P0AFP9|3.A.1.105.15	89.9	367	37	0	1	367	1	367	1.8e-188	654.8
BCW-200066_00355	gnl|TC-DB|P0AAW6|9.B.15.1.1	71.3	122	35	0	1	122	1	122	2.3e-43	171.4
BCW-200066_00358	gnl|TC-DB|P75770|4.D.2.4.3	81.4	318	59	0	1	318	1	318	1.6e-148	521.9
BCW-200066_00359	gnl|TC-DB|P0AAC4|1.A.14.2.2	77.1	236	52	1	1	236	1	234	3.6e-94	340.9
BCW-200066_00367	gnl|TC-DB|Q9L3S2|3.A.1.4.4	38.6	215	124	3	13	225	3	211	3.9e-32	134.8
BCW-200066_00382	gnl|TC-DB|P09833|3.A.1.8.1	80.7	352	68	0	1	352	1	352	4.5e-165	577.0
BCW-200066_00383	gnl|TC-DB|P0AF01|3.A.1.8.1	87.3	228	29	0	1	228	1	228	2.8e-107	384.4
BCW-200066_00384	gnl|TC-DB|P37329|3.A.1.8.1	80.0	255	51	0	1	255	1	255	5.5e-112	400.2
BCW-200066_00385	gnl|TC-DB|A6T6J1|2.A.6.2.49	87.8	49	6	0	1	49	1	49	6.3e-17	82.0
BCW-200066_00387	gnl|TC-DB|Q8G6E9|3.A.1.31.1	26.0	466	296	11	21	462	46	486	1.2e-22	104.4
BCW-200066_00402	gnl|TC-DB|A8YQR5|3.A.23.2.1	24.4	504	335	15	36	523	28	501	1.4e-23	108.2
BCW-200066_00405	gnl|TC-DB|C5IZH1|2.A.6.2.47	91.0	1050	95	0	1	1050	1	1050	0.0e+00	1799.3
BCW-200066_00406	gnl|TC-DB|C5IZH0|2.A.6.2.47	81.1	391	74	0	1	391	1	391	2.0e-174	608.2
BCW-200066_00414	gnl|TC-DB|Q6F754|2.A.15.1.9	52.1	656	301	5	13	665	10	655	5.3e-191	664.1
BCW-200066_00417	gnl|TC-DB|G4NXW2|2.A.76.1.8	25.6	199	137	3	8	195	7	205	5.0e-12	67.8
BCW-200066_00420	gnl|TC-DB|P46482|8.A.1.7.1	37.7	292	178	3	1	290	1	290	1.7e-49	193.0
BCW-200066_00422	gnl|TC-DB|E0LV84|2.A.85.1.4	28.0	568	385	8	36	584	7	569	2.8e-54	209.9
BCW-200066_00431	gnl|TC-DB|P0C0L7|2.A.1.6.4	89.6	498	52	0	4	501	3	500	2.7e-256	880.6
BCW-200066_00445	gnl|TC-DB|P77747|1.B.1.1.21	77.1	384	72	4	1	375	1	377	7.6e-171	596.3
BCW-200066_00446	gnl|TC-DB|P38919|3.A.18.1.1	35.4	342	217	4	4	343	40	379	1.8e-57	219.9
BCW-200066_00450	gnl|TC-DB|M3JA40|1.B.52.2.1	51.2	80	39	0	439	518	283	362	3.8e-13	73.2
BCW-200066_00453	gnl|TC-DB|Q9EYX5|1.A.35.4.1	85.9	327	46	0	1	327	1	327	3.1e-168	587.4
BCW-200066_00454	gnl|TC-DB|D4ZZR3|9.B.34.1.3	40.1	167	98	2	208	373	227	392	4.0e-26	115.5
BCW-200066_00456	gnl|TC-DB|O05703|3.A.1.15.3	53.1	175	82	0	50	224	327	501	4.0e-50	194.5
BCW-200066_00457	gnl|TC-DB|P77348|3.A.1.5.1	81.8	539	96	2	1	539	1	537	6.9e-266	912.5
BCW-200066_00461	gnl|TC-DB|Q9KN48|3.A.23.1.1	33.7	338	197	3	197	507	184	521	9.5e-47	184.5
BCW-200066_00467	gnl|TC-DB|E8XKQ3|9.B.100.1.1	88.2	220	26	0	1	220	1	220	6.2e-96	346.7
BCW-200066_00468	gnl|TC-DB|Q9KN48|3.A.23.1.1	43.6	227	127	1	8	234	193	418	2.8e-44	175.6
BCW-200066_00469	gnl|TC-DB|Q47622|3.A.1.5.42	83.2	543	91	0	1	543	1	543	3.6e-270	926.8
BCW-200066_00470	gnl|TC-DB|P0A2J3|3.A.1.5.5	88.5	321	37	0	1	321	1	321	3.2e-162	567.4
BCW-200066_00471	gnl|TC-DB|P0AGH5|3.A.1.5.42	80.4	296	58	0	1	296	1	296	5.0e-133	470.3
BCW-200066_00472	gnl|TC-DB|P0AAH4|3.A.1.5.42	91.2	330	29	0	1	330	1	330	9.9e-183	635.6
BCW-200066_00473	gnl|TC-DB|P36638|3.A.1.5.5	91.8	267	22	0	1	267	1	267	1.5e-139	491.9
BCW-200066_00477	gnl|TC-DB|D4ZZR3|9.B.34.1.3	27.4	179	109	3	229	394	225	395	5.5e-15	79.3
BCW-200066_00491	gnl|TC-DB|Q07711|3.A.7.7.1	24.7	554	367	16	105	625	101	637	4.7e-30	129.8
BCW-200066_00493	gnl|TC-DB|M4VAL8|8.A.21.2.4	27.8	176	122	3	137	309	74	247	9.7e-11	64.3
BCW-200066_00505	gnl|TC-DB|P0A915|1.B.39.1.6	73.1	212	55	2	1	210	1	212	1.5e-88	322.0
BCW-200066_00510	gnl|TC-DB|P02929|2.C.1.1.1	65.1	241	82	1	1	241	1	239	7.3e-50	193.7
BCW-200066_00533	gnl|TC-DB|Q1D027|1.A.1.24.3	40.7	268	151	2	4	271	13	272	2.7e-40	162.2
BCW-200066_00534	gnl|TC-DB|P08007|3.A.1.5.1	93.1	334	23	0	1	334	1	334	1.1e-184	642.1
BCW-200066_00535	gnl|TC-DB|P04285|3.A.1.5.1	88.4	335	34	1	1	330	1	335	1.6e-169	591.7
BCW-200066_00536	gnl|TC-DB|P08006|3.A.1.5.1	96.4	302	11	0	1	302	1	302	1.6e-139	491.9
BCW-200066_00537	gnl|TC-DB|P0AFH2|3.A.1.5.41	97.4	306	8	0	1	306	1	306	2.9e-152	534.3
BCW-200066_00538	gnl|TC-DB|P06202|3.A.1.5.1	84.9	543	81	1	1	542	1	543	2.6e-281	963.8
BCW-200066_00539	gnl|TC-DB|P25743|2.A.95.1.7	89.6	212	22	0	1	212	2	213	5.6e-102	366.7
BCW-200066_00566	gnl|TC-DB|P11350|5.A.3.1.1	86.2	224	31	0	1	224	1	224	1.1e-111	399.1
BCW-200066_00568	gnl|TC-DB|P11349|5.A.3.1.1	90.4	509	48	1	1	508	1	509	2.4e-284	973.8
BCW-200066_00569	gnl|TC-DB|P09152|5.A.3.1.1	91.6	1248	104	1	1	1248	1	1247	0.0e+00	2439.8
BCW-200066_00574	gnl|TC-DB|P10903|2.A.1.8.1	83.9	459	74	0	1	459	1	459	2.5e-224	774.2
BCW-200066_00577	gnl|TC-DB|P39165|1.B.54.1.9	52.5	455	213	2	10	461	10	464	4.4e-136	481.1
BCW-200066_00579	gnl|TC-DB|P07658|3.D.1.9.2	27.8	717	459	16	2	690	3	688	2.3e-69	260.4
BCW-200066_00581	gnl|TC-DB|P38045|3.A.1.16.1	53.3	257	118	2	1	256	1	256	2.4e-75	278.5
BCW-200066_00582	gnl|TC-DB|Q7BW13|3.A.1.16.2	44.7	246	132	2	52	294	15	259	1.0e-53	206.8
BCW-200066_00583	gnl|TC-DB|Q44292|3.A.1.16.4	39.8	410	227	9	18	413	34	437	1.0e-78	290.4
BCW-200066_00589	gnl|TC-DB|P31801|2.A.19.1.1	84.8	363	55	0	5	367	4	366	5.7e-163	570.1
BCW-200066_00596	gnl|TC-DB|P61320|1.B.46.1.1	82.2	202	36	0	6	207	6	207	1.5e-99	358.6
BCW-200066_00599	gnl|TC-DB|P0AFR2|2.A.53.3.11	86.4	553	75	0	7	559	7	559	1.8e-240	828.2
BCW-200066_00613	gnl|TC-DB|P76187|8.A.5.1.7	22.7	251	170	5	35	283	35	263	2.2e-12	69.7
BCW-200066_00643	gnl|TC-DB|Q9KN48|3.A.23.1.1	37.0	351	211	4	124	466	177	525	2.0e-51	199.9
BCW-200066_00647	gnl|TC-DB|P76773|1.B.35.2.2	67.1	173	56	1	1	172	1	173	2.4e-63	238.4
BCW-200066_00648	gnl|TC-DB|P32137|2.A.2.3.9	65.4	451	154	1	6	454	8	458	4.8e-178	620.5
BCW-200066_00649	gnl|TC-DB|P32137|2.A.2.3.9	90.0	451	45	0	12	462	9	459	4.3e-240	826.6
BCW-200066_00650	gnl|TC-DB|Q8X8E6|2.A.102.2.9	81.1	285	54	0	1	285	1	285	6.7e-130	459.9
BCW-200066_00659	gnl|TC-DB|P0A8K8|9.B.126.2.1	85.2	290	43	0	1	290	1	290	6.8e-127	449.9
BCW-200066_00663	gnl|TC-DB|P0AGM9|2.A.40.4.2	89.8	462	47	0	1	462	1	462	1.8e-230	794.7
BCW-200066_00672	gnl|TC-DB|P30130|1.B.11.3.9	33.1	845	511	15	23	824	44	877	3.4e-123	439.1
BCW-200066_00722	gnl|TC-DB|P69380|2.A.4.7.1	85.3	292	43	0	1	292	1	292	4.0e-138	487.3
BCW-200066_00724	gnl|TC-DB|P0AG78|3.A.1.6.1	92.7	329	24	0	1	329	1	329	6.0e-180	626.3
BCW-200066_00726	gnl|TC-DB|Q0HIQ0|2.A.2.3.7	57.7	442	187	0	2	443	5	446	2.5e-141	498.4
BCW-200066_00733	gnl|TC-DB|B7MI53|9.B.124.2.2	75.5	139	34	0	1	139	1	139	6.9e-61	229.6
BCW-200066_00737	gnl|TC-DB|P0AER0|1.A.8.1.1	82.0	283	49	2	1	283	1	281	5.8e-131	463.4
BCW-200066_00740	gnl|TC-DB|P28635|3.A.1.24.1	64.7	258	91	0	11	268	14	271	1.3e-95	345.9
BCW-200066_00747	gnl|TC-DB|Q9ZKE4|3.A.11.3.1	33.1	534	332	10	198	730	108	617	3.5e-71	266.2
BCW-200066_00766	gnl|TC-DB|P06129|1.B.14.3.1	55.6	622	260	6	2	615	1	614	5.5e-195	677.2
BCW-200066_00769	gnl|TC-DB|P0AFZ7|2.A.38.1.1	96.5	483	17	0	1	483	1	483	7.3e-267	915.6
BCW-200066_00779	gnl|TC-DB|P69423|2.A.64.1.1	90.4	239	23	0	1	239	1	239	4.3e-117	417.2
BCW-200066_00780	gnl|TC-DB|P69425|2.A.64.1.1	90.6	117	11	0	1	117	1	117	2.3e-53	204.9
BCW-200066_00781	gnl|TC-DB|P69428|2.A.64.1.1	64.0	89	25	2	1	82	1	89	1.9e-21	97.8
BCW-200066_00788	gnl|TC-DB|P0A908|9.B.99.1.2	45.5	242	131	1	7	248	8	248	1.3e-57	219.5
BCW-200066_00791	gnl|TC-DB|P0ADP5|2.A.7.3.61	79.9	299	60	0	1	299	1	299	6.1e-139	490.0
BCW-200066_00794	gnl|TC-DB|P0AG34|2.A.76.1.1	83.3	204	34	0	1	204	1	204	1.9e-91	331.6
BCW-200066_00795	gnl|TC-DB|P0AG38|2.A.76.1.2	82.5	206	36	0	1	206	1	206	8.9e-97	349.4
BCW-200066_00796	gnl|TC-DB|Q5EAK4|2.A.16.2.2	26.6	421	256	13	31	423	1378	1773	1.9e-25	114.0
BCW-200066_00799	gnl|TC-DB|P27844|2.A.7.7.2	84.7	294	45	0	1	294	1	294	1.3e-141	498.8
BCW-200066_00800	gnl|TC-DB|P0A2R8|1.A.35.1.2	93.7	316	20	0	1	316	1	316	1.9e-167	584.7
BCW-200066_00807	gnl|TC-DB|P27838|9.B.21.2.1	81.1	106	20	0	1	106	1	106	3.2e-50	193.7
BCW-200066_00817	gnl|TC-DB|P27837|2.A.3.1.15	84.6	460	71	0	1	460	1	460	2.6e-221	764.2
BCW-200066_00819	gnl|TC-DB|B6I4D1|9.B.128.1.1	82.8	441	75	1	1	440	1	441	3.2e-208	720.7
BCW-200066_00821	gnl|TC-DB|P0AAA7|2.A.66.2.3	79.8	416	84	0	1	416	1	416	7.3e-183	636.3
BCW-200066_00829	gnl|TC-DB|P0AC78|9.B.146.1.7	85.8	367	52	0	1	367	1	367	3.1e-169	590.9
BCW-200066_00830	gnl|TC-DB|P40290|3.A.6.1.1	28.6	252	158	5	157	396	148	389	2.0e-15	80.1
BCW-200066_00832	gnl|TC-DB|O00571|1.I.1.1.3	34.9	364	223	3	9	358	180	543	2.2e-54	209.5
BCW-200066_00856	gnl|TC-DB|P0ADC6|1.B.42.1.2	88.6	360	41	0	1	360	1	360	8.0e-178	619.4
BCW-200066_00857	gnl|TC-DB|P0AF98|1.B.42.1.2	83.6	366	60	0	1	366	1	366	1.6e-168	588.6
BCW-200066_00872	gnl|TC-DB|M3JA40|1.B.52.2.1	61.5	65	25	0	349	413	278	342	4.8e-14	75.9
BCW-200066_00873	gnl|TC-DB|P37772|3.A.1.2.25	94.8	329	17	0	1	329	1	329	1.1e-168	589.0
BCW-200066_00874	gnl|TC-DB|P39328|3.A.1.2.25	86.1	338	47	0	1	338	2	339	1.9e-152	535.0
BCW-200066_00875	gnl|TC-DB|Q6BEX0|3.A.1.2.25	90.6	500	47	0	1	500	1	500	1.2e-256	881.7
BCW-200066_00876	gnl|TC-DB|P39325|3.A.1.2.25	90.9	318	29	0	1	318	1	318	2.9e-163	570.9
BCW-200066_00880	gnl|TC-DB|P39321|9.B.22.1.2	77.6	1259	281	1	1	1258	1	1259	0.0e+00	2007.3
BCW-200066_00881	gnl|TC-DB|P0ADE4|1.B.33.2.4	83.2	577	97	0	1	577	1	577	5.6e-298	1019.2
BCW-200066_00883	gnl|TC-DB|Q0PBV6|9.A.40.2.2	23.2	427	322	4	5	428	26	449	1.3e-36	150.6
BCW-200066_00892	gnl|TC-DB|P07110|1.B.11.2.1	44.7	785	414	9	1	770	55	834	2.4e-195	678.7
BCW-200066_00894	gnl|TC-DB|B7LBJ3|1.C.80.1.3	31.4	191	111	4	2	179	3	186	2.0e-15	79.0
BCW-200066_00898	gnl|TC-DB|P39314|2.A.7.3.19	78.2	312	68	0	1	312	1	312	7.3e-138	486.5
BCW-200066_00900	gnl|TC-DB|P0AAE0|2.A.3.1.7	93.4	470	31	0	1	470	1	470	6.2e-247	849.4
BCW-200066_00912	gnl|TC-DB|M3JA40|1.B.52.2.1	33.3	150	96	2	482	627	287	436	5.0e-13	72.8
BCW-200066_00937	gnl|TC-DB|P39285|1.A.23.1.3	86.2	1112	149	4	1	1112	1	1107	0.0e+00	1725.3
BCW-200066_00939	gnl|TC-DB|F9VN10|3.D.10.1.4	40.3	586	325	8	1	581	1	566	2.9e-108	389.0
BCW-200066_00940	gnl|TC-DB|P17596|3.D.10.1.3	29.4	218	149	5	7	219	5	222	9.7e-26	113.6
BCW-200066_00944	gnl|TC-DB|P0ADM0|9.B.51.1.1	51.4	107	51	1	21	126	7	113	9.1e-23	102.8
BCW-200066_00948	gnl|TC-DB|P20166|4.A.1.1.9	44.6	518	269	7	4	511	5	514	1.2e-115	413.3
BCW-200066_00951	gnl|TC-DB|P69937|2.A.7.1.4	84.8	105	16	0	1	105	1	105	5.8e-44	172.9
BCW-200066_00953	gnl|TC-DB|P0ADB7|9.B.13.1.1	83.3	48	8	0	1	48	1	48	3.1e-16	79.7
BCW-200066_00962	gnl|TC-DB|P0ABN5|2.A.13.1.1	63.4	434	157	2	1	433	1	433	9.1e-144	506.5
BCW-200066_00964	gnl|TC-DB|P36655|5.A.1.1.1	76.2	567	127	5	1	563	1	563	4.4e-247	850.1
BCW-200066_00971	gnl|TC-DB|Q9KN55|3.A.23.1.1	29.5	599	367	14	7	574	5	579	2.0e-69	260.0
BCW-200066_00978	gnl|TC-DB|Q2SV43|1.C.106.3.1	25.3	1000	640	27	6	925	10	982	4.2e-61	233.0
BCW-200066_00980	gnl|TC-DB|A8YQR5|3.A.23.2.1	25.8	523	333	14	17	517	12	501	1.1e-30	131.7
BCW-200066_00986	gnl|TC-DB|Q6EE14|3.A.23.2.1	48.1	883	405	10	7	868	8	858	4.5e-206	714.5
BCW-200066_00988	gnl|TC-DB|K1LZ89|1.B.6.1.14	39.8	118	69	2	423	540	523	638	1.9e-16	84.0
BCW-200066_00994	gnl|TC-DB|P15701|2.A.10.1.1	68.9	315	98	0	1	315	1	315	9.1e-112	399.8
BCW-200066_01002	gnl|TC-DB|Q9HV74|2.A.21.9.1	30.1	349	203	14	399	724	653	983	5.4e-23	106.3
BCW-200066_01003	gnl|TC-DB|G4FGN3|3.A.1.2.20	46.4	494	262	3	5	497	3	494	1.8e-127	452.6
BCW-200066_01004	gnl|TC-DB|A6VKS9|3.A.1.2.13	46.3	296	151	4	42	331	22	315	2.7e-58	222.2
BCW-200066_01005	gnl|TC-DB|Q9F9B2|3.A.1.2.7	31.3	297	175	11	3	276	1	291	3.0e-19	92.4
BCW-200066_01010	gnl|TC-DB|P21345|2.A.23.1.1	91.3	436	38	0	1	436	1	436	2.1e-212	734.6
BCW-200066_01011	gnl|TC-DB|P31552|4.C.1.1.6	23.2	530	373	16	89	616	20	517	6.2e-27	119.0
BCW-200066_01012	gnl|TC-DB|P0AF54|9.B.136.1.1	80.4	102	20	0	1	102	1	102	2.2e-43	171.0
BCW-200066_01013	gnl|TC-DB|P32705|2.A.21.7.2	91.5	532	45	0	22	553	18	549	7.8e-273	935.6
BCW-200066_01014	gnl|TC-DB|P42628|2.A.42.2.4	93.0	443	31	0	1	443	1	443	2.7e-228	787.3
BCW-200066_01017	gnl|TC-DB|P32703|2.A.36.3.1	82.1	548	98	0	1	548	1	548	1.5e-244	841.6
BCW-200066_01018	gnl|TC-DB|P0AF52|2.A.40.7.5	93.8	449	27	1	1	448	1	449	6.0e-223	769.6
BCW-200066_01038	gnl|TC-DB|P28303|2.A.66.1.4	79.7	439	89	0	1	439	19	457	1.6e-191	665.2
BCW-200066_01045	gnl|TC-DB|P02943|1.B.3.1.1	81.6	456	68	3	1	450	1	446	6.4e-225	776.2
BCW-200066_01046	gnl|TC-DB|P68187|3.A.1.1.1	92.2	371	27	1	1	369	1	371	6.7e-196	679.5
BCW-200066_01047	gnl|TC-DB|P0AEX9|3.A.1.1.1	91.2	396	35	0	1	396	1	396	2.6e-214	740.7
BCW-200066_01048	gnl|TC-DB|P02916|3.A.1.1.1	83.9	514	83	0	1	514	1	514	1.1e-252	868.6
BCW-200066_01049	gnl|TC-DB|P68183|3.A.1.1.1	93.6	296	19	0	1	296	1	296	2.1e-152	534.6
BCW-200066_01051	gnl|TC-DB|D8EPC3|1.B.14.16.4	85.7	698	100	0	2	699	1	698	0.0e+00	1272.3
BCW-200066_01057	gnl|TC-DB|Q9K0A9|2.A.28.2.4	44.0	300	166	1	3	300	9	308	2.2e-62	235.7
BCW-200066_01061	gnl|TC-DB|P0AF43|2.A.58.2.1	84.3	542	85	0	1	542	1	542	5.5e-247	849.7
BCW-200066_01081	gnl|TC-DB|Q8X6C1|1.B.12.1.6	31.5	858	498	26	32	829	520	1347	3.5e-83	306.2
BCW-200066_01085	gnl|TC-DB|P0ACA3|1.A.12.3.1	93.3	209	14	0	1	209	1	209	2.7e-112	401.0
BCW-200066_01099	gnl|TC-DB|P46481|2.A.85.1.2	75.9	655	158	0	1	655	1	655	6.3e-290	992.6
BCW-200066_01100	gnl|TC-DB|P46482|8.A.1.7.1	81.9	310	56	0	1	310	1	310	6.1e-142	500.0
BCW-200066_01101	gnl|TC-DB|D7XN98|8.A.48.1.2	95.5	67	3	0	1	67	24	90	2.8e-31	130.2
BCW-200066_01107	gnl|TC-DB|P0ABH4|9.B.157.1.3	89.5	162	17	0	1	162	1	162	5.9e-80	293.1
BCW-200066_01108	gnl|TC-DB|P16926|9.B.157.1.3	97.7	309	7	0	1	309	1	309	1.6e-167	585.1
BCW-200066_01109	gnl|TC-DB|P0A9X4|9.B.157.1.3	100.0	347	0	0	1	347	1	347	1.7e-193	671.4
BCW-200066_01113	gnl|TC-DB|Q8XB73|5.B.7.1.1	81.5	195	36	0	1	195	1	195	5.0e-89	323.6
BCW-200066_01118	gnl|TC-DB|P16256|2.A.21.1.1	87.7	481	59	0	1	481	1	481	4.5e-224	773.5
BCW-200066_01124	gnl|TC-DB|P0AE06|8.A.1.6.1	62.9	388	140	3	1	386	1	386	1.3e-133	472.6
BCW-200066_01125	gnl|TC-DB|P24181|2.A.6.2.1	77.5	1032	232	0	1	1032	1	1032	0.0e+00	1514.2
BCW-200066_01127	gnl|TC-DB|P45766|3.A.1.3.26	93.3	341	23	0	1	341	1	341	1.5e-186	648.3
BCW-200066_01128	gnl|TC-DB|P45767|3.A.1.3.26	82.4	393	69	0	1	393	1	393	2.5e-185	644.4
BCW-200066_01129	gnl|TC-DB|P45768|3.A.1.3.26	87.7	367	45	0	1	367	1	367	3.3e-187	650.6
BCW-200066_01130	gnl|TC-DB|P45769|3.A.1.3.26	92.9	252	18	0	1	252	1	252	7.0e-136	479.6
BCW-200066_01132	gnl|TC-DB|P31552|4.C.1.1.6	22.3	503	342	13	484	961	38	516	1.2e-13	75.9
BCW-200066_01135	gnl|TC-DB|P05825|1.B.14.1.22	76.5	762	157	7	1	756	1	746	0.0e+00	1195.3
BCW-200066_01146	gnl|TC-DB|O34691|2.A.1.82.4	36.2	431	232	5	19	448	12	400	1.0e-68	257.3
BCW-200066_01151	gnl|TC-DB|D4ZZR3|9.B.34.1.3	36.1	169	104	2	429	594	225	392	5.4e-23	106.3
BCW-200066_01159	gnl|TC-DB|Q57347|1.A.72.1.3	42.9	91	52	0	26	116	5	95	1.7e-15	78.6
BCW-200066_01161	gnl|TC-DB|P33590|3.A.1.5.3	75.0	521	130	0	3	523	4	524	7.9e-235	809.3
BCW-200066_01162	gnl|TC-DB|P33591|3.A.1.5.3	86.0	314	44	0	1	314	1	314	1.7e-155	545.0
BCW-200066_01163	gnl|TC-DB|P0AFA9|3.A.1.5.3	84.1	277	44	0	1	277	1	277	7.4e-131	463.0
BCW-200066_01164	gnl|TC-DB|P33593|3.A.1.5.3	78.0	250	55	0	3	252	4	253	1.6e-103	372.1
BCW-200066_01165	gnl|TC-DB|P33594|3.A.1.5.3	66.4	262	87	1	1	261	1	262	1.8e-95	345.5
BCW-200066_01166	gnl|TC-DB|P07658|3.D.1.9.2	91.4	139	12	0	1	139	1	139	5.4e-74	273.1
BCW-200066_01167	gnl|TC-DB|P07658|3.D.1.9.2	89.2	558	60	0	1	558	157	714	3.0e-304	1040.0
BCW-200066_01171	gnl|TC-DB|Q7BSH5|3.A.1.2.9	37.1	124	76	2	3	126	2	123	1.7e-14	76.6
BCW-200066_01172	gnl|TC-DB|Q9X050|3.A.1.2.19	41.6	317	158	2	18	323	25	325	4.0e-57	218.4
BCW-200066_01173	gnl|TC-DB|P0AAG8|3.A.1.2.3	45.7	492	264	2	5	494	13	503	2.3e-122	435.6
BCW-200066_01180	gnl|TC-DB|P0AGF4|2.A.1.1.3	39.1	486	251	7	6	460	4	475	9.3e-81	297.4
BCW-200066_01182	gnl|TC-DB|P0AAD2|2.A.42.1.2	78.0	414	91	0	1	414	1	414	1.6e-185	645.2
BCW-200066_01190	gnl|TC-DB|P04983|3.A.1.2.1	48.9	493	249	3	3	495	2	491	5.4e-124	441.0
BCW-200066_01191	gnl|TC-DB|A6VKS9|3.A.1.2.13	47.1	308	158	4	16	320	8	313	7.1e-64	240.7
BCW-200066_01192	gnl|TC-DB|Q7BSH5|3.A.1.2.9	29.8	218	145	6	2	215	5	218	4.2e-13	72.0
BCW-200066_01197	gnl|TC-DB|P07658|3.D.1.9.2	66.1	714	237	4	1	712	1	711	7.2e-295	1009.2
BCW-200066_01198	gnl|TC-DB|P0AAK3|3.D.1.9.2	38.4	190	84	3	1	167	1	180	4.4e-31	131.0
BCW-200066_01199	gnl|TC-DB|P0AC23|1.A.16.1.1	68.1	279	87	1	5	281	1	279	5.2e-103	370.5
BCW-200066_01200	gnl|TC-DB|Q9KN48|3.A.23.1.1	48.7	226	116	0	351	576	193	418	5.2e-53	205.7
BCW-200066_01203	gnl|TC-DB|P77668|3.D.1.9.1	66.8	247	79	1	8	254	5	248	1.1e-94	342.8
BCW-200066_01204	gnl|TC-DB|P77423|3.D.1.9.1	59.6	166	67	0	1	166	1	166	2.3e-40	161.8
BCW-200066_01205	gnl|TC-DB|P77329|3.D.1.9.1	78.1	570	109	1	9	578	2	555	4.3e-274	939.9
BCW-200066_01206	gnl|TC-DB|P77437|3.D.1.9.1	71.5	508	143	1	1	506	1	508	1.6e-190	662.1
BCW-200066_01207	gnl|TC-DB|P0AEW1|3.D.1.9.1	67.1	216	71	0	1	216	1	216	1.7e-69	258.8
BCW-200066_01208	gnl|TC-DB|P77416|3.D.1.9.1	73.4	478	127	0	1	478	1	478	1.3e-196	682.2
BCW-200066_01209	gnl|TC-DB|P77858|3.D.1.9.1	71.1	304	88	0	13	316	12	315	1.3e-118	422.5
BCW-200066_01210	gnl|TC-DB|P23482|3.D.1.9.1	62.0	673	252	2	2	671	1	672	5.1e-226	780.4
BCW-200066_01211	gnl|TC-DB|P23481|3.D.1.9.1	56.9	188	79	2	1	187	1	187	2.3e-60	228.4
BCW-200066_01217	gnl|TC-DB|P0AE74|2.A.47.3.2	90.1	487	48	0	1	487	1	487	1.8e-252	867.8
BCW-200066_01226	gnl|TC-DB|D4ZZR3|9.B.34.1.3	43.3	187	95	4	246	431	217	393	3.1e-30	129.4
BCW-200066_01244	gnl|TC-DB|Q53922|4.A.1.1.14	44.4	500	235	5	1	468	20	508	8.6e-119	423.7
BCW-200066_01255	gnl|TC-DB|P77504|3.A.1.122.15	79.4	802	165	0	1	802	1	802	0.0e+00	1262.3
BCW-200066_01256	gnl|TC-DB|P0A9T8|3.A.1.122.15	84.2	228	36	0	1	228	1	228	2.8e-104	374.4
BCW-200066_01260	gnl|TC-DB|P0AA53|8.A.21.2.2	92.1	302	24	0	1	302	1	302	3.4e-113	404.4
BCW-200066_01271	gnl|TC-DB|Q59385|3.A.3.5.5	83.7	833	135	1	1	832	1	833	0.0e+00	1320.8
BCW-200066_01275	gnl|TC-DB|P52067|2.A.1.35.1	85.6	403	58	0	1	403	3	405	8.7e-189	656.0
BCW-200066_01276	gnl|TC-DB|P39830|2.A.37.1.5	86.4	558	75	1	1	557	1	558	1.2e-260	895.2
BCW-200066_01289	gnl|TC-DB|Q9KN48|3.A.23.1.1	37.3	359	180	4	109	433	176	523	5.6e-56	214.9
BCW-200066_01311	gnl|TC-DB|F9VN10|3.D.10.1.4	33.9	545	322	14	6	526	3	533	9.8e-71	264.2
BCW-200066_01313	gnl|TC-DB|O00571|1.I.1.1.3	34.2	366	222	5	3	350	179	543	3.3e-48	189.1
BCW-200066_01351	gnl|TC-DB|K7PKN9|1.E.56.1.3	54.3	92	42	0	1	92	1	92	6.6e-23	102.8
BCW-200066_01353	gnl|TC-DB|P00726|1.M.1.1.1	57.3	143	60	1	19	160	11	153	8.0e-37	149.8
BCW-200066_01359	gnl|TC-DB|P0AG96|3.A.5.1.1	93.7	127	8	0	1	127	1	127	8.5e-58	219.2
BCW-200066_01362	gnl|TC-DB|Q9ZK21|1.C.82.1.1	50.7	223	110	0	3	225	4	226	8.3e-59	223.4
BCW-200066_01367	gnl|TC-DB|U5MLJ3|4.A.3.2.9	84.6	104	16	0	1	104	1	104	3.8e-43	170.2
BCW-200066_01368	gnl|TC-DB|U5MIE1|4.A.3.2.9	67.3	101	33	0	1	101	1	101	3.0e-29	124.0
BCW-200066_01372	gnl|TC-DB|Q8ID54|3.A.25.2.1	35.9	209	130	3	8	212	89	297	3.4e-26	115.2
BCW-200066_01393	gnl|TC-DB|P0A937|1.B.33.1.3	94.7	113	6	0	3	115	1	113	6.6e-57	216.1
BCW-200066_01397	gnl|TC-DB|P37908|9.A.40.2.4	82.5	428	75	0	1	428	1	428	1.3e-195	678.7
BCW-200066_01398	gnl|TC-DB|P64432|9.B.14.3.6	86.3	262	36	0	1	262	1	262	5.6e-128	453.4
BCW-200066_01399	gnl|TC-DB|P0AGD7|3.A.5.1.1	92.3	453	35	0	1	453	1	453	3.8e-233	803.5
BCW-200066_01408	gnl|TC-DB|P07021|1.B.6.1.21	77.3	154	35	0	6	159	7	160	2.8e-66	247.7
BCW-200066_01409	gnl|TC-DB|Q1J0W6|9.B.34.1.1	33.6	152	95	3	244	395	197	342	8.2e-14	74.7
BCW-200066_01416	gnl|TC-DB|P0AC02|1.B.33.1.3	91.0	245	22	0	1	245	1	245	7.5e-127	449.5
BCW-200066_01419	gnl|TC-DB|Q9FI56|3.A.9.1.2	46.5	865	382	13	4	848	96	899	5.7e-206	714.1
BCW-200066_01425	gnl|TC-DB|P31064|9.B.102.1.1	88.8	402	42	1	1	402	1	399	3.2e-215	743.8
BCW-200066_01432	gnl|TC-DB|P15928|3.A.6.2.1	75.9	564	129	1	3	566	2	558	1.5e-231	798.5
BCW-200066_01434	gnl|TC-DB|P15934|3.A.6.2.1	80.3	238	37	2	1	231	1	235	2.0e-68	255.4
BCW-200066_01435	gnl|TC-DB|P26465|3.A.6.2.1	91.7	456	38	0	1	456	1	456	2.8e-236	813.9
BCW-200066_01440	gnl|TC-DB|P26419|3.A.6.2.1	86.1	137	17	2	1	135	1	137	9.1e-58	219.2
BCW-200066_01441	gnl|TC-DB|P0A1L1|3.A.6.2.1	58.3	127	50	2	1	127	1	124	5.8e-30	126.7
BCW-200066_01442	gnl|TC-DB|P54700|3.A.6.2.1	87.3	245	30	1	1	244	1	245	3.5e-108	387.5
BCW-200066_01443	gnl|TC-DB|P0A1L5|3.A.6.2.1	93.3	89	6	0	1	89	1	89	9.0e-38	152.1
BCW-200066_01444	gnl|TC-DB|P54702|3.A.6.2.1	77.2	193	44	0	1	193	1	193	3.0e-81	298.1
BCW-200066_01449	gnl|TC-DB|P76330|9.B.34.1.4	49.1	540	274	1	15	553	22	561	6.8e-144	507.3
BCW-200066_01452	gnl|TC-DB|p0aa70|2.A.7.3.22	81.5	302	56	0	1	302	1	302	2.4e-135	478.0
BCW-200066_01455	gnl|TC-DB|P60061|2.A.3.2.5	81.6	441	81	0	3	443	5	445	5.0e-206	713.4
BCW-200066_01459	gnl|TC-DB|P77747|1.B.1.1.21	68.6	379	114	3	1	376	1	377	4.1e-148	520.8
BCW-200066_01464	gnl|TC-DB|Q2FD71|2.A.6.2.40	41.6	346	198	3	19	362	22	365	5.4e-68	254.6
BCW-200066_01465	gnl|TC-DB|W9BHF5|2.A.6.2.49	66.0	1021	347	0	1	1021	1	1021	0.0e+00	1295.0
BCW-200066_01474	gnl|TC-DB|P21630|3.A.1.4.8	55.8	233	103	0	4	236	1	233	1.1e-66	249.6
BCW-200066_01475	gnl|TC-DB|P21629|3.A.1.4.8	53.9	282	101	3	1	282	1	253	1.9e-76	282.3
BCW-200066_01476	gnl|TC-DB|P21628|3.A.1.4.8	52.6	416	181	5	12	417	1	410	1.9e-101	365.9
BCW-200066_01477	gnl|TC-DB|P0AEX7|3.A.1.4.1	53.3	302	140	1	4	304	7	308	1.3e-80	296.2
BCW-200066_01478	gnl|TC-DB|P0AD96|3.A.1.4.1	42.6	357	197	5	14	366	9	361	1.8e-79	292.7
BCW-200066_01483	gnl|TC-DB|D5CJ69|2.A.66.1.22	80.6	458	89	0	13	470	2	459	1.1e-214	742.3
BCW-200066_01500	gnl|TC-DB|P40729|3.A.6.2.1	43.0	683	371	5	16	695	22	689	1.3e-144	510.0
BCW-200066_01501	gnl|TC-DB|P40727|3.A.6.2.1	36.8	370	226	3	2	366	5	371	1.7e-53	206.5
BCW-200066_01504	gnl|TC-DB|P54700|3.A.6.2.1	50.8	244	114	3	3	243	2	242	3.1e-51	198.4
BCW-200066_01507	gnl|TC-DB|Q9KN48|3.A.23.1.1	38.3	332	189	7	4	322	193	521	1.6e-50	196.4
BCW-200066_01509	gnl|TC-DB|P15928|3.A.6.2.1	32.1	561	310	20	24	544	29	558	2.3e-51	199.9
BCW-200066_01512	gnl|TC-DB|P26465|3.A.6.2.1	52.1	436	192	5	17	438	22	454	5.5e-120	427.6
BCW-200066_01541	gnl|TC-DB|P09348|1.A.30.1.1	37.1	280	176	0	4	283	4	283	3.9e-50	194.9
BCW-200066_01546	gnl|TC-DB|Q8PVB2|9.B.125.2.2	33.2	316	179	7	9	308	16	315	6.2e-33	137.9
BCW-200066_01548	gnl|TC-DB|P33011|2.A.85.7.1	65.6	352	121	0	1	352	1	352	2.6e-133	471.5
BCW-200066_01552	gnl|TC-DB|P0AA47|2.A.3.1.14	88.3	452	53	0	1	452	1	452	1.0e-230	795.4
BCW-200066_01576	gnl|TC-DB|Q9I3V8|3.A.1.103.6	35.2	389	241	6	9	390	13	397	4.5e-60	228.4
BCW-200066_01577	gnl|TC-DB|Q9HTB8|3.A.1.103.6	54.5	257	117	0	8	264	9	265	2.5e-75	278.5
BCW-200066_01584	gnl|TC-DB|P77377|2.A.66.2.7	72.0	492	138	0	1	492	1	492	1.9e-198	688.3
BCW-200066_01585	gnl|TC-DB|G0CIY2|9.B.18.1.1	37.4	478	279	7	2	464	12	484	8.7e-84	307.4
BCW-200066_01597	gnl|TC-DB|P76387|8.A.3.3.2	82.8	720	123	1	1	719	1	720	0.0e+00	1149.8
BCW-200066_01599	gnl|TC-DB|P0A930|1.B.18.3.1	90.8	371	34	0	1	371	9	379	5.9e-200	693.0
BCW-200066_01601	gnl|TC-DB|L5DDD7|2.A.109.2.3	80.2	514	99	1	1	511	370	883	6.2e-232	799.7
BCW-200066_01603	gnl|TC-DB|Q83XH1|3.A.1.121.4	46.8	526	279	1	1	526	1	525	3.4e-140	495.0
BCW-200066_01616	gnl|TC-DB|K7PKN9|1.E.56.1.3	54.3	92	42	0	1	92	1	92	6.6e-23	102.8
BCW-200066_01637	gnl|TC-DB|Q5P036|5.A.3.11.1	31.6	158	80	6	9	143	8	160	3.8e-16	83.2
BCW-200066_01640	gnl|TC-DB|P24177|2.A.6.2.7	89.5	1033	108	0	1	1033	1	1033	0.0e+00	1789.2
BCW-200066_01648	gnl|TC-DB|P0A903|1.B.33.1.3	81.4	344	64	0	1	344	1	344	3.2e-160	560.8
BCW-200066_01652	gnl|TC-DB|P0AFI9|2.A.86.1.1	81.0	353	67	0	1	353	1	353	4.2e-155	543.9
BCW-200066_01656	gnl|TC-DB|P0AGM7|2.A.40.1.1	91.1	427	38	0	1	427	1	427	5.0e-211	729.9
BCW-200066_01664	gnl|TC-DB|P76187|8.A.5.1.7	27.0	252	160	7	48	280	38	284	5.1e-13	71.6
BCW-200066_01677	gnl|TC-DB|P77774|1.B.33.1.3	80.7	393	75	1	1	393	1	392	9.7e-169	589.3
BCW-200066_01691	gnl|TC-DB|P44669|9.A.41.1.1	66.6	617	204	2	1	616	1	616	1.1e-224	775.8
BCW-200066_01699	gnl|TC-DB|D7A5Z9|2.A.113.1.7	35.3	235	141	3	55	284	52	280	3.0e-30	129.0
BCW-200066_01702	gnl|TC-DB|Q47142|2.A.1.27.1	77.7	376	84	0	1	376	1	376	6.5e-170	593.2
BCW-200066_01726	gnl|TC-DB|P60752|3.A.1.106.1	90.5	581	54	1	1	580	1	581	4.6e-284	973.0
BCW-200066_01727	gnl|TC-DB|P44408|3.A.11.2.2	35.1	667	379	12	128	751	133	788	4.4e-101	365.5
BCW-200066_01735	gnl|TC-DB|P0AC23|1.A.16.1.1	90.5	285	27	0	1	285	1	285	4.0e-148	520.4
BCW-200066_01737	gnl|TC-DB|D4I357|9.B.97.4.1	29.5	353	207	11	3	349	4	320	7.0e-15	78.2
BCW-200066_01739	gnl|TC-DB|P21503|2.A.1.26.1	84.3	381	60	0	1	381	1	381	6.1e-184	639.8
BCW-200066_01742	gnl|TC-DB|P61316|1.B.46.1.1	90.1	203	20	0	1	203	1	203	6.0e-106	379.8
BCW-200066_01743	gnl|TC-DB|P46889|3.A.12.1.2	70.4	1356	307	13	1	1288	1	1329	0.0e+00	1463.7
BCW-200066_01746	gnl|TC-DB|P29018|3.A.1.129.1	78.1	588	129	0	1	588	1	588	4.5e-263	903.3
BCW-200066_01747	gnl|TC-DB|P23886|3.A.1.129.1	75.0	571	143	0	1	571	1	571	2.3e-235	811.2
BCW-200066_01750	gnl|TC-DB|Q9SXJ7|3.A.9.1.2	38.2	806	398	12	17	737	133	923	7.4e-149	524.2
BCW-200066_01753	gnl|TC-DB|P75831|3.A.1.122.1	82.1	653	105	2	1	646	1	648	2.4e-297	1017.3
BCW-200066_01754	gnl|TC-DB|P75830|3.A.1.122.1	77.4	363	82	0	1	363	7	369	1.5e-155	545.4
BCW-200066_01757	gnl|TC-DB|P60844|1.A.8.3.1	82.2	230	41	0	1	230	1	230	1.3e-109	392.1
BCW-200066_01758	gnl|TC-DB|P75826|2.A.124.1.1	82.3	299	53	0	1	299	1	299	3.2e-132	467.6
BCW-200066_01769	gnl|TC-DB|P0AAF6|3.A.1.3.3	90.9	242	22	0	1	242	1	242	5.9e-124	439.9
BCW-200066_01770	gnl|TC-DB|P30859|3.A.1.3.3	89.3	243	26	0	1	243	1	243	3.2e-122	434.1
BCW-200066_01771	gnl|TC-DB|P0AE34|3.A.1.3.3	91.6	237	20	0	1	237	1	237	1.2e-118	422.2
BCW-200066_01772	gnl|TC-DB|P0AE30|3.A.1.3.3	92.3	222	17	0	1	222	1	222	8.6e-98	352.8
BCW-200066_01773	gnl|TC-DB|P30860|3.A.1.3.3	86.4	242	33	0	1	242	1	242	3.6e-121	430.6
BCW-200066_01776	gnl|TC-DB|P77338|1.A.23.1.1	74.7	1093	276	0	15	1107	17	1109	0.0e+00	1538.5
BCW-200066_01778	gnl|TC-DB|P0AE06|8.A.1.6.1	82.9	398	67	1	1	398	1	397	1.5e-180	628.6
BCW-200066_01779	gnl|TC-DB|P31224|2.A.6.2.2	88.6	1048	119	0	1	1048	1	1048	0.0e+00	1801.2
BCW-200066_01785	gnl|TC-DB|P0AAQ6|3.A.5.1.1	79.5	117	24	0	1	117	1	117	7.9e-50	192.6
BCW-200066_01791	gnl|TC-DB|P69681|1.A.11.1.1	79.9	428	86	0	2	429	1	428	2.4e-189	657.9
BCW-200066_01793	gnl|TC-DB|P0AAG5|3.A.1.106.13	86.2	593	81	1	1	592	1	593	1.5e-282	968.0
BCW-200066_01794	gnl|TC-DB|P77265|3.A.1.106.13	83.7	590	95	1	1	589	1	590	5.0e-286	979.5
BCW-200066_01801	gnl|TC-DB|A1EMW4|3.A.11.2.3	61.9	63	24	0	61	123	41	103	2.7e-16	81.3
BCW-200066_01812	gnl|TC-DB|P0AE16|2.A.1.25.2	81.4	488	91	0	1	488	1	488	2.4e-225	777.7
BCW-200066_01813	gnl|TC-DB|P0ABJ1|3.D.4.5.1	87.0	315	38	1	1	312	1	315	9.4e-159	555.8
BCW-200066_01814	gnl|TC-DB|P0ABI8|3.D.4.5.1	88.1	663	79	0	1	663	1	663	0.0e+00	1220.3
BCW-200066_01815	gnl|TC-DB|P0ABJ3|3.D.4.5.1	80.6	206	38	2	1	206	1	204	1.8e-94	341.7
BCW-200066_01816	gnl|TC-DB|P0ABJ6|3.D.4.5.1	75.2	109	27	0	1	109	1	109	3.0e-43	170.6
BCW-200066_01818	gnl|TC-DB|P77726|2.A.1.2.60	79.6	452	92	0	1	452	1	452	1.3e-201	698.7
BCW-200066_01823	gnl|TC-DB|P0AAJ1|5.A.3.3.1	46.0	187	87	3	1	177	1	183	3.5e-44	174.5
BCW-200066_01824	gnl|TC-DB|P77783|5.A.3.3.1	28.1	852	483	31	2	775	7	806	1.0e-65	248.1
BCW-200066_01836	gnl|TC-DB|P02932|1.B.1.1.2	80.6	351	68	0	17	367	1	351	9.1e-169	589.3
BCW-200066_01843	gnl|TC-DB|D0WX40|3.D.5.1.1	50.0	68	34	0	2	69	1	68	9.9e-16	78.6
BCW-200066_01844	gnl|TC-DB|Q56584|3.D.5.1.1	77.3	406	92	0	3	408	2	407	3.0e-189	657.5
BCW-200066_01845	gnl|TC-DB|Q56589|3.D.5.1.1	84.8	198	30	0	1	198	1	198	5.9e-90	326.6
BCW-200066_01846	gnl|TC-DB|Q57095|3.D.5.1.1	69.6	207	63	0	4	210	1	207	6.0e-72	266.9
BCW-200066_01847	gnl|TC-DB|Q56582|3.D.5.1.1	56.1	255	108	2	8	262	6	256	1.6e-79	292.4
BCW-200066_01848	gnl|TC-DB|Q56587|3.D.5.1.1	75.2	411	102	0	1	411	1	411	1.0e-184	642.5
BCW-200066_01849	gnl|TC-DB|Q56586|3.D.5.1.1	64.4	447	158	1	1	447	1	446	1.1e-165	579.3
BCW-200066_01870	gnl|TC-DB|P0AFL1|3.A.1.11.2	88.6	281	32	0	1	281	1	281	7.0e-137	483.0
BCW-200066_01871	gnl|TC-DB|P31135|3.A.1.11.2	87.5	311	37	1	11	319	6	316	7.9e-153	536.2
BCW-200066_01872	gnl|TC-DB|P31134|3.A.1.11.2	91.8	377	31	0	1	377	1	377	2.6e-203	704.1
BCW-200066_01873	gnl|TC-DB|P31133|3.A.1.11.2	89.2	370	40	0	1	370	1	370	5.3e-201	696.4
BCW-200066_01880	gnl|TC-DB|A7ZJR5|2.A.81.1.4	92.0	561	45	0	1	561	1	561	1.8e-293	1004.2
BCW-200066_01882	gnl|TC-DB|P75810|2.A.1.60.2	72.8	372	100	1	4	375	5	375	1.5e-148	522.3
BCW-200066_01884	gnl|TC-DB|P0AEY8|2.A.1.2.19	87.9	405	49	0	1	405	1	405	1.6e-198	688.3
BCW-200066_01885	gnl|TC-DB|P94571|9.B.105.1.3	27.7	159	110	3	5	163	1	154	5.1e-12	67.8
BCW-200066_01892	gnl|TC-DB|P75799|3.A.1.5.11	85.8	303	43	0	1	303	1	303	2.8e-131	464.5
BCW-200066_01893	gnl|TC-DB|P75798|3.A.1.5.11	87.9	306	37	0	1	306	1	306	1.3e-155	545.4
BCW-200066_01894	gnl|TC-DB|P75797|3.A.1.5.11	82.4	512	90	0	1	512	1	512	9.1e-252	865.5
BCW-200066_01895	gnl|TC-DB|P75796|3.A.1.5.11	73.9	613	159	1	1	612	1	613	7.6e-253	869.4
BCW-200066_01900	gnl|TC-DB|P0AA78|2.A.1.14.2	43.0	416	236	1	16	430	42	457	2.0e-98	355.9
BCW-200066_01902	gnl|TC-DB|P28249|9.B.22.2.1	58.5	617	253	2	1	614	1	617	1.1e-211	732.6
BCW-200066_01905	gnl|TC-DB|Q1J0W6|9.B.34.1.1	37.2	164	91	4	675	837	190	342	2.1e-14	78.2
BCW-200066_01908	gnl|TC-DB|P76397|8.A.1.6.2	77.0	409	89	3	1	407	1	406	6.3e-166	580.1
BCW-200066_01909	gnl|TC-DB|P76398|2.A.6.2.12	87.1	1040	134	0	1	1040	1	1040	0.0e+00	1692.6
BCW-200066_01910	gnl|TC-DB|P76399|2.A.6.2.12	87.9	1024	124	0	1	1024	1	1024	0.0e+00	1698.7
BCW-200066_01911	gnl|TC-DB|P36554|2.A.1.3.26	77.1	471	106	1	1	469	1	471	6.7e-201	696.4
BCW-200066_01925	gnl|TC-DB|Q0P9Y2|2.A.114.1.5	44.5	562	281	8	4	538	34	591	3.2e-123	438.7
BCW-200066_01928	gnl|TC-DB|Q81JL2|9.B.33.1.1	30.5	581	366	8	5	556	3	574	8.4e-73	271.2
BCW-200066_01933	gnl|TC-DB|A0L4L0|3.A.1.132.3	38.6	347	186	6	12	350	2	329	6.5e-58	221.1
BCW-200066_01937	gnl|TC-DB|P33359|3.A.1.12.15	73.3	243	65	0	1	243	1	243	2.5e-90	328.2
BCW-200066_01938	gnl|TC-DB|P33360|3.A.1.12.15	73.9	306	78	2	1	305	1	305	5.6e-127	450.3
BCW-200066_01939	gnl|TC-DB|P33361|3.A.1.12.15	64.5	380	133	2	5	383	7	385	4.8e-120	427.6
BCW-200066_01940	gnl|TC-DB|P33362|3.A.1.12.15	83.7	301	47	1	4	302	5	305	9.5e-140	492.7
BCW-200066_01945	gnl|TC-DB|J2MRK2|9.B.29.3.1	41.2	182	107	0	7	188	8	189	7.5e-37	150.2
BCW-200066_01946	gnl|TC-DB|E4PCL6|9.B.27.2.7	72.3	188	52	0	1	188	1	188	1.5e-77	285.4
BCW-200066_01950	gnl|TC-DB|F4V3T5|1.E.14.1.4	78.5	130	28	0	1	130	4	133	7.6e-33	136.3
BCW-200066_01951	gnl|TC-DB|C6EAH0|2.A.122.1.1	73.2	228	61	0	1	228	1	228	2.3e-85	311.6
BCW-200066_01953	gnl|TC-DB|P0AFY2|9.B.114.1.1	86.8	235	31	0	1	235	1	235	2.4e-106	381.3
BCW-200066_01954	gnl|TC-DB|Q1DBZ0|2.A.86.2.2	27.9	341	231	4	3	335	5	338	1.1e-23	107.5
BCW-200066_01955	gnl|TC-DB|P23200|3.A.1.2.3	95.8	336	14	0	1	336	1	336	2.3e-163	571.2
BCW-200066_01956	gnl|TC-DB|P0AAG8|3.A.1.2.3	94.1	506	30	0	1	506	1	506	8.1e-277	948.7
BCW-200066_01957	gnl|TC-DB|P0AEE5|3.A.1.2.3	93.1	332	22	1	1	331	1	332	9.0e-176	612.5
BCW-200066_01959	gnl|TC-DB|P25747|9.B.169.1.2	78.2	385	84	0	1	385	1	385	1.7e-178	621.7
BCW-200066_01961	gnl|TC-DB|Q9I3T2|2.A.1.51.4	47.1	365	186	5	51	411	20	381	1.8e-75	279.6
BCW-200066_01963	gnl|TC-DB|P17315|1.B.14.1.4	76.9	663	145	3	1	655	1	663	2.2e-311	1063.9
BCW-200066_01964	gnl|TC-DB|P25737|2.A.3.1.2	92.8	489	35	0	8	496	1	489	3.7e-266	913.3
BCW-200066_01966	gnl|TC-DB|P62723|2.A.98.1.3	78.2	348	76	0	1	348	1	348	7.3e-152	533.1
BCW-200066_01968	gnl|TC-DB|P20966|4.A.2.1.1	87.9	563	66	1	1	561	1	563	7.0e-245	842.8
BCW-200066_01970	gnl|TC-DB|P69811|4.A.2.1.1	79.5	376	77	0	1	376	1	376	7.4e-166	579.7
BCW-200066_01971	gnl|TC-DB|P33026|2.A.1.20.2	79.9	394	77	2	1	393	1	393	7.4e-177	616.3
BCW-200066_01980	gnl|TC-DB|Q8ZNK0|3.A.1.5.24	76.2	601	143	0	1	601	1	601	3.0e-286	980.3
BCW-200066_01981	gnl|TC-DB|Q7CQ74|3.A.1.5.24	85.4	364	53	0	1	364	1	364	2.9e-175	610.9
BCW-200066_01982	gnl|TC-DB|P33915|3.A.1.5.21	82.0	339	61	0	1	339	1	339	5.3e-163	570.1
BCW-200066_01983	gnl|TC-DB|P33916|3.A.1.5.21	76.3	528	125	0	1	528	1	528	3.9e-229	790.4
BCW-200066_01985	gnl|TC-DB|P28246|2.A.1.2.7	85.8	395	56	0	1	395	1	395	1.0e-186	649.0
BCW-200066_01997	gnl|TC-DB|Q7CGN6|1.B.14.9.3	78.5	724	152	1	9	732	7	726	0.0e+00	1177.9
BCW-200066_02000	gnl|TC-DB|P06996|1.B.1.1.3	78.8	378	63	5	1	372	1	367	2.9e-170	594.3
BCW-200066_02004	gnl|TC-DB|P33941|3.A.1.113.3	82.8	546	94	0	1	546	1	546	6.8e-261	896.0
BCW-200066_02005	gnl|TC-DB|O34442|1.A.26.1.3	29.5	329	227	3	151	476	122	448	1.0e-34	144.4
BCW-200066_02009	gnl|TC-DB|Q7B1W8|2.A.109.1.1	93.9	344	21	0	1	344	1	344	2.3e-182	634.4
BCW-200066_02023	gnl|TC-DB|P41036|2.A.1.12.1	91.1	496	44	0	1	496	1	496	6.2e-261	896.0
BCW-200066_02026	gnl|TC-DB|P31437|2.A.7.3.12	71.9	299	84	0	1	299	1	299	1.8e-114	408.7
BCW-200066_02033	gnl|TC-DB|P0ADL1|2.A.1.2.26	81.8	384	69	1	11	393	11	394	1.4e-170	595.5
BCW-200066_02036	gnl|TC-DB|P23849|2.A.38.1.6	68.6	484	152	0	18	501	1	484	6.5e-194	673.3
BCW-200066_02040	gnl|TC-DB|P76330|9.B.34.1.4	28.6	192	128	4	229	413	368	557	1.8e-19	93.6
BCW-200066_02042	gnl|TC-DB|P69434|1.B.55.1.1	43.2	792	443	3	20	807	19	807	3.1e-193	671.8
BCW-200066_02044	gnl|TC-DB|P75905|4.D.1.1.3	68.1	445	131	2	1	438	1	441	4.5e-175	610.5
BCW-200066_02052	gnl|TC-DB|Q6D188|2.A.2.5.2	81.6	506	93	0	1	506	1	506	7.6e-238	819.3
BCW-200066_02054	gnl|TC-DB|P40729|3.A.6.2.1	85.8	692	98	0	1	692	1	692	0.0e+00	1114.8
BCW-200066_02055	gnl|TC-DB|P40727|3.A.6.2.1	73.9	383	100	0	1	383	1	383	1.4e-164	575.5
BCW-200066_02057	gnl|TC-DB|G4FGN3|3.A.1.2.20	38.6	495	299	5	3	495	1	492	1.2e-94	343.6
BCW-200066_02058	gnl|TC-DB|Q1M4Q8|3.A.1.2.16	30.7	313	205	3	18	319	35	346	8.1e-36	147.5
BCW-200066_02059	gnl|TC-DB|A8H4W6|3.A.1.2.15	30.1	282	192	2	33	309	56	337	1.7e-33	139.8
BCW-200066_02062	gnl|TC-DB|P42915|1.B.11.3.6	47.3	807	412	8	36	838	40	837	8.9e-220	760.0
BCW-200066_02069	gnl|TC-DB|M3JA40|1.B.52.2.1	46.0	87	47	0	345	431	275	361	2.2e-12	70.5
BCW-200066_02072	gnl|TC-DB|P0AF06|1.A.30.1.1	78.3	309	66	1	1	309	1	308	2.4e-138	488.0
BCW-200066_02073	gnl|TC-DB|P09348|1.A.30.1.1	87.8	295	36	0	1	295	1	295	1.3e-141	498.8
BCW-200066_02079	gnl|TC-DB|P0AE26|3.A.1.2.2	93.0	328	23	0	1	328	1	328	1.1e-149	525.8
BCW-200066_02080	gnl|TC-DB|P0AAF3|3.A.1.2.2	86.3	504	69	0	1	504	1	504	6.7e-255	875.9
BCW-200066_02081	gnl|TC-DB|P02924|3.A.1.2.2	94.5	329	18	0	1	329	1	329	3.9e-179	623.6
BCW-200066_02083	gnl|TC-DB|P0ABN9|2.A.13.1.2	55.7	445	193	1	1	445	2	442	7.7e-138	486.9
BCW-200066_02085	gnl|TC-DB|P07117|2.A.21.2.1	89.6	498	52	0	1	498	1	498	5.3e-252	866.3
BCW-200066_02089	gnl|TC-DB|K7QW88|2.A.7.3.52	34.5	278	170	7	19	295	11	277	1.9e-23	106.3
BCW-200066_02096	gnl|TC-DB|Q9KSH3|4.A.3.2.6	53.7	95	44	0	5	99	4	98	1.3e-21	98.6
BCW-200066_02097	gnl|TC-DB|Q86Z14|8.A.49.1.2	27.4	467	290	16	6	461	80	508	2.3e-44	176.4
BCW-200066_02098	gnl|TC-DB|Q9KSH4|4.A.3.2.6	45.1	437	239	1	4	440	6	441	4.7e-119	424.5
BCW-200066_02099	gnl|TC-DB|Q9KSH5|4.A.3.2.6	45.0	100	55	0	1	100	1	100	7.6e-20	92.8
BCW-200066_02102	gnl|TC-DB|P60778|2.A.1.7.14	79.1	387	81	0	1	387	1	387	1.0e-170	595.9
BCW-200066_02103	gnl|TC-DB|P45564|1.B.10.3.1	29.4	245	149	7	21	251	20	254	5.9e-26	114.4
BCW-200066_02109	gnl|TC-DB|P0AAC6|1.A.14.2.1	92.2	219	17	0	1	219	1	219	1.1e-102	369.0
BCW-200066_02118	gnl|TC-DB|P0AB12|9.B.55.1.1	85.8	148	21	0	1	148	1	148	9.6e-69	255.8
BCW-200066_02119	gnl|TC-DB|P75870|2.A.85.1.1	78.5	707	151	1	7	712	1	707	0.0e+00	1120.1
BCW-200066_02122	gnl|TC-DB|P0A910|1.B.6.1.1	89.7	351	31	2	1	351	1	346	7.3e-176	612.8
BCW-200066_02130	gnl|TC-DB|P43672|3.A.1.120.6	80.2	635	126	0	1	635	1	635	1.0e-292	1001.9
BCW-200066_02139	gnl|TC-DB|Q6RW54|1.B.1.1.12	58.2	373	137	8	2	370	1	358	5.4e-113	404.1
BCW-200066_02144	gnl|TC-DB|P0AEY1|2.A.95.1.1	77.8	221	49	0	1	221	1	221	4.2e-92	334.0
BCW-200066_02145	gnl|TC-DB|P31122|2.A.1.2.15	79.0	396	83	0	1	396	1	396	7.5e-169	589.7
BCW-200066_02147	gnl|TC-DB|P0AAD8|2.A.42.2.2	89.0	444	48	1	1	444	1	443	2.0e-223	771.2
BCW-200066_02153	gnl|TC-DB|D4ZZR3|9.B.34.1.3	34.6	159	97	4	134	287	236	392	1.2e-15	80.5
BCW-200066_02156	gnl|TC-DB|M3JA40|1.B.52.2.1	29.7	185	112	3	361	527	276	460	8.9e-16	81.6
BCW-200066_02159	gnl|TC-DB|Q1J0W6|9.B.34.1.1	30.5	279	152	10	101	347	77	345	3.8e-15	79.0
BCW-200066_02161	gnl|TC-DB|O07488|2.A.53.3.1	82.1	492	88	0	1	492	1	492	1.2e-224	775.4
BCW-200066_02165	gnl|TC-DB|P0AAJ1|5.A.3.3.1	58.4	185	76	1	1	185	22	205	1.2e-68	255.8
BCW-200066_02166	gnl|TC-DB|P18775|5.A.3.3.2	50.5	823	383	13	1	809	1	813	6.8e-225	776.9
BCW-200066_02178	gnl|TC-DB|M3JA40|1.B.52.2.1	35.9	170	102	1	346	508	278	447	1.1e-16	84.7
BCW-200066_02187	gnl|TC-DB|E7BBJ1|9.B.102.5.2	72.7	139	38	0	1	139	1	139	1.2e-52	202.2
BCW-200066_02188	gnl|TC-DB|E7BBJ2|9.B.102.5.5	72.4	134	37	0	1	134	1	134	1.7e-51	198.4
BCW-200066_02192	gnl|TC-DB|Q7WMZ5|5.A.3.10.1	63.4	235	83	1	5	236	15	249	3.3e-90	327.8
BCW-200066_02193	gnl|TC-DB|Q7WMZ6|5.A.3.10.1	35.6	331	183	8	6	315	3	324	4.4e-37	151.8
BCW-200066_02194	gnl|TC-DB|Q7WMZ7|5.A.3.10.1	49.8	1027	495	7	13	1018	26	1052	6.8e-299	1023.1
BCW-200066_02196	gnl|TC-DB|P0ABK2|3.D.4.3.2	28.6	371	208	12	5	329	7	366	1.5e-32	136.7
BCW-200066_02201	gnl|TC-DB|P18776|5.A.3.3.2	57.8	185	76	2	14	198	4	186	3.2e-62	234.6
BCW-200066_02202	gnl|TC-DB|P18775|5.A.3.3.2	42.8	809	425	16	13	792	14	813	4.1e-174	608.2
BCW-200066_02205	gnl|TC-DB|C8TA54|4.A.7.1.4	39.9	388	226	3	7	394	1	381	6.1e-71	264.6
BCW-200066_02207	gnl|TC-DB|P69820|4.A.7.1.1	39.0	136	82	1	6	140	12	147	7.7e-23	103.2
BCW-200066_02210	gnl|TC-DB|Q9UEF7|8.A.49.1.1	26.6	489	293	16	6	472	61	505	5.1e-39	158.7
BCW-200066_02211	gnl|TC-DB|P24241|4.A.1.2.3	78.8	486	101	2	1	485	1	485	5.3e-209	723.4
BCW-200066_02214	gnl|TC-DB|Q9KN48|3.A.23.1.1	35.4	294	178	4	267	557	176	460	1.8e-41	167.2
BCW-200066_02218	gnl|TC-DB|P0ACX0|9.B.72.1.2	73.9	111	29	0	1	111	1	111	8.0e-44	172.6
BCW-200066_02226	gnl|TC-DB|Q6D188|2.A.2.5.2	37.8	505	296	7	6	500	4	500	6.0e-94	341.3
BCW-200066_02229	gnl|TC-DB|P76169|2.A.7.26.1	85.0	107	16	0	1	107	1	107	8.9e-48	185.7
BCW-200066_02234	gnl|TC-DB|P77272|4.A.1.2.7	65.3	481	158	4	1	480	1	473	3.1e-169	591.3
BCW-200066_02239	gnl|TC-DB|P43531|2.A.1.36.1	79.3	382	79	0	1	382	35	416	2.0e-166	581.6
BCW-200066_02242	gnl|TC-DB|P69210|2.A.7.1.9	82.6	109	19	0	1	109	1	109	1.1e-45	178.7
BCW-200066_02243	gnl|TC-DB|P69213|2.A.7.1.9	68.1	119	38	0	2	120	3	121	5.1e-36	146.7
BCW-200066_02255	gnl|TC-DB|Q9KN48|3.A.23.1.1	43.4	272	146	2	182	450	187	453	3.1e-50	196.1
BCW-200066_02259	gnl|TC-DB|P40812|2.A.3.1.8	87.7	481	59	0	1	481	1	481	1.2e-243	838.6
BCW-200066_02261	gnl|TC-DB|Q58543|1.A.23.4.1	28.1	338	230	6	24	350	20	355	2.0e-30	129.8
BCW-200066_02264	gnl|TC-DB|P76115|1.B.14.9.5	75.0	701	167	2	5	705	8	700	0.0e+00	1111.7
BCW-200066_02268	gnl|TC-DB|P76111|2.A.7.21.2	79.9	149	30	0	1	149	1	149	1.4e-56	215.3
BCW-200066_02276	gnl|TC-DB|P76417|2.A.1.10.4	38.4	398	230	6	20	405	6	400	1.7e-70	263.1
BCW-200066_02287	gnl|TC-DB|P0AFR9|3.A.1.11.9	85.4	261	38	0	1	261	1	261	2.5e-128	454.5
BCW-200066_02288	gnl|TC-DB|P77156|3.A.1.11.9	83.1	314	52	1	1	314	1	313	6.6e-144	506.5
BCW-200066_02289	gnl|TC-DB|P77795|3.A.1.11.9	75.3	336	83	0	15	350	1	336	1.3e-143	505.8
BCW-200066_02290	gnl|TC-DB|P76108|3.A.1.11.9	85.0	381	54	1	1	378	1	381	2.7e-200	694.1
BCW-200066_02294	gnl|TC-DB|P0ABK2|3.D.4.3.2	29.5	363	209	10	8	329	10	366	1.6e-31	133.3
BCW-200066_02301	gnl|TC-DB|P76103|2.A.46.1.9	69.0	374	116	0	7	380	9	382	2.0e-137	485.3
BCW-200066_02304	gnl|TC-DB|P25396|2.A.16.1.1	73.9	303	79	0	1	303	16	318	8.1e-126	446.4
BCW-200066_02309	gnl|TC-DB|P0AEU0|3.A.1.3.29	46.2	253	130	1	4	250	1	253	4.1e-59	224.6
BCW-200066_02335	gnl|TC-DB|Q46909|2.A.1.1.95	26.5	324	219	7	32	354	23	328	1.2e-22	104.4
BCW-200066_02337	gnl|TC-DB|P76350|2.A.1.6.6	38.1	433	257	5	15	445	12	435	2.0e-85	312.8
BCW-200066_02342	gnl|TC-DB|P39386|2.A.1.2.52	75.1	402	99	1	7	408	4	404	8.9e-173	602.8
BCW-200066_02346	gnl|TC-DB|Q8ZLD2|2.A.13.1.3	89.5	438	46	0	1	438	1	438	3.9e-211	730.3
BCW-200066_02348	gnl|TC-DB|M3JA40|1.B.52.2.1	70.0	50	15	0	364	413	293	342	6.9e-11	65.5
BCW-200066_02355	gnl|TC-DB|P77257|3.A.1.2.8	59.8	497	197	2	2	495	6	502	2.3e-167	585.1
BCW-200066_02356	gnl|TC-DB|P77672|3.A.1.2.8	65.0	340	112	1	1	333	2	341	3.8e-116	414.5
BCW-200066_02357	gnl|TC-DB|P0AFS1|3.A.1.2.8	71.2	316	91	0	1	316	3	318	2.5e-117	418.3
BCW-200066_02358	gnl|TC-DB|P76142|3.A.1.2.8	82.9	334	57	0	5	338	7	340	1.9e-160	561.6
BCW-200066_02365	gnl|TC-DB|P64591|9.B.124.1.2	76.0	121	29	0	1	121	1	121	2.9e-55	210.7
BCW-200066_02369	gnl|TC-DB|P64585|1.E.34.2.1	83.1	130	22	0	18	147	1	130	3.1e-51	197.6
BCW-200066_02373	gnl|TC-DB|P0AA63|9.B.27.2.2	91.8	220	18	0	1	220	1	220	5.5e-113	403.3
BCW-200066_02375	gnl|TC-DB|P0AA78|2.A.1.14.2	89.1	430	46	1	1	429	41	470	1.7e-219	758.1
BCW-200066_02379	gnl|TC-DB|P0AGE4|2.A.23.4.1	86.0	414	58	0	1	414	1	414	9.5e-191	662.5
BCW-200066_02381	gnl|TC-DB|P31435|2.A.2.3.4	38.8	425	256	3	21	445	6	426	1.0e-76	283.9
BCW-200066_02383	gnl|TC-DB|P42601|2.A.109.1.7	86.8	317	42	0	1	317	1	317	1.6e-153	538.5
BCW-200066_02394	gnl|TC-DB|Q8FA71|2.A.79.2.1	82.8	250	43	0	8	257	27	276	1.9e-117	418.3
BCW-200066_02398	gnl|TC-DB|Q9KSH4|4.A.3.2.6	51.8	425	201	1	8	432	7	427	8.6e-121	430.3
BCW-200066_02400	gnl|TC-DB|P0AAP1|9.B.34.1.2	38.4	172	97	4	177	343	198	365	5.7e-27	118.2
BCW-200066_02426	gnl|TC-DB|B7LEG0|1.A.34.1.2	77.0	383	77	4	1	376	1	379	2.8e-141	498.0
BCW-200066_02447	gnl|TC-DB|P20166|4.A.1.1.9	46.5	523	253	9	11	517	4	515	7.9e-118	420.6
BCW-200066_02455	gnl|TC-DB|Q93N33|2.A.21.9.2	30.5	269	164	7	265	518	752	1012	2.3e-19	94.4
BCW-200066_02459	gnl|TC-DB|C4ZZU4|2.A.1.14.40	91.1	449	40	0	1	449	1	449	8.4e-241	828.9
BCW-200066_02467	gnl|TC-DB|P0AAD6|2.A.42.2.1	93.0	429	29	1	1	429	1	428	2.8e-217	750.7
BCW-200066_02481	gnl|TC-DB|P36672|4.A.1.2.4	87.3	472	60	0	1	472	2	473	8.5e-236	812.4
BCW-200066_02483	gnl|TC-DB|P36640|3.A.3.4.1	81.5	898	165	1	7	904	6	902	0.0e+00	1459.9
BCW-200066_02490	gnl|TC-DB|H1XXZ0|8.A.8.1.5	36.4	88	55	1	3	90	2	88	6.6e-12	66.2
BCW-200066_02492	gnl|TC-DB|P71012|4.A.2.1.4	28.6	147	103	2	6	151	3	148	8.9e-12	66.6
BCW-200066_02495	gnl|TC-DB|P0A9V1|1.B.42.1.2	96.3	241	9	0	1	241	1	241	2.3e-128	454.5
BCW-200066_02496	gnl|TC-DB|P0ADV1|1.B.42.1.2	81.6	185	34	0	1	185	1	185	7.2e-82	299.7
BCW-200066_02497	gnl|TC-DB|P0ADW0|1.B.42.1.2	75.4	191	47	0	1	191	1	191	1.0e-78	289.3
BCW-200066_02500	gnl|TC-DB|P45394|2.A.19.5.1	72.5	324	88	1	1	323	1	324	1.5e-122	435.6
BCW-200066_02501	gnl|TC-DB|P63386|3.A.1.27.3	87.7	269	33	0	1	269	1	269	1.3e-132	468.8
BCW-200066_02502	gnl|TC-DB|P64606|3.A.1.27.3	91.5	260	22	0	1	260	1	260	5.0e-129	456.8
BCW-200066_02503	gnl|TC-DB|P64604|3.A.1.27.3	78.0	182	40	0	1	182	1	182	1.8e-77	285.0
BCW-200066_02504	gnl|TC-DB|P0ADV7|3.A.1.27.3	87.2	211	25	1	1	209	1	211	2.9e-103	370.9
BCW-200066_02505	gnl|TC-DB|P64602|3.A.1.27.3	53.1	96	45	0	1	96	1	96	1.5e-25	111.7
BCW-200066_02512	gnl|TC-DB|E1ILD8|2.A.7.3.18	88.2	321	38	0	1	321	1	321	1.3e-158	555.4
BCW-200066_02518	gnl|TC-DB|P25694|3.A.16.1.2	42.9	252	143	1	140	390	472	723	3.3e-57	219.5
BCW-200066_02521	gnl|TC-DB|P0ABP3|2.A.61.1.1	36.7	450	278	4	1	450	5	447	3.6e-72	268.9
BCW-200066_02524	gnl|TC-DB|P0AG99|3.A.5.1.1	88.1	109	13	0	1	109	1	109	2.5e-45	177.6
BCW-200066_02535	gnl|TC-DB|P38919|3.A.18.1.1	36.3	386	236	3	3	379	27	411	5.7e-65	245.4
BCW-200066_02536	gnl|TC-DB|P0AAD2|2.A.42.1.2	83.1	414	70	0	1	414	1	414	7.0e-194	672.9
BCW-200066_02553	gnl|TC-DB|Q8FDB7|2.A.1.14.14	90.5	444	40	1	1	442	1	444	1.3e-230	795.0
BCW-200066_02566	gnl|TC-DB|P43672|3.A.1.120.6	34.0	512	327	6	21	527	18	523	8.5e-78	287.7
BCW-200066_02579	gnl|TC-DB|P30143|2.A.25.1.10	64.2	477	170	1	1	477	1	476	6.9e-169	590.1
BCW-200066_02582	gnl|TC-DB|Q5ZYB5|3.A.7.9.1	33.1	423	272	6	25	442	2	418	4.8e-55	211.8
BCW-200066_02583	gnl|TC-DB|P0AC98|2.A.96.1.1	88.3	188	22	0	1	188	1	188	6.0e-92	333.2
BCW-200066_02584	gnl|TC-DB|P0A6Y8|1.A.33.1.2	94.5	638	35	0	1	638	1	638	0.0e+00	1151.3
BCW-200066_02586	gnl|TC-DB|P13738|2.A.33.1.1	73.0	382	103	0	3	384	2	383	2.7e-155	544.7
BCW-200066_02591	gnl|TC-DB|B8I766|9.B.105.1.5	34.0	153	92	4	13	162	2	148	1.2e-14	76.3
BCW-200066_02596	gnl|TC-DB|F2WVP9|2.A.1.60.3	45.9	368	199	0	1	368	1	368	5.6e-84	307.8
BCW-200066_02600	gnl|TC-DB|P37650|1.B.55.3.1	25.5	761	483	20	542	1278	435	1135	2.2e-36	151.4
BCW-200066_02601	gnl|TC-DB|P37652|4.D.3.1.6	28.5	727	488	16	138	849	69	778	3.0e-74	276.6
BCW-200066_02602	gnl|TC-DB|P37653|4.D.3.1.6	44.2	676	370	4	2	673	148	820	4.3e-167	584.7
BCW-200066_02615	gnl|TC-DB|P0A754|2.A.37.1.1	78.4	176	38	0	1	176	1	176	1.6e-86	315.1
BCW-200066_02616	gnl|TC-DB|P03819|2.A.37.1.1	80.8	619	119	0	1	619	1	619	3.5e-274	940.3
BCW-200066_02618	gnl|TC-DB|P0AB93|3.A.4.1.1	86.4	427	58	0	1	427	1	427	2.8e-201	697.6
BCW-200066_02620	gnl|TC-DB|G4NXW2|2.A.76.1.8	34.3	210	131	3	2	204	1	210	2.4e-22	102.1
BCW-200066_02627	gnl|TC-DB|P31554|1.B.42.1.2	78.2	790	161	5	9	793	1	784	0.0e+00	1297.7
BCW-200066_02638	gnl|TC-DB|P31548|3.A.1.19.1	70.9	230	67	0	1	230	1	230	2.4e-90	328.2
BCW-200066_02639	gnl|TC-DB|P31549|3.A.1.19.1	78.6	532	114	0	1	532	1	532	1.8e-234	808.1
BCW-200066_02640	gnl|TC-DB|P31550|3.A.1.19.1	85.0	327	49	0	1	327	1	327	2.3e-163	571.2
BCW-200066_02642	gnl|TC-DB|P31675|2.A.1.20.1	75.8	392	95	0	1	392	1	392	6.9e-167	583.2
BCW-200066_02657	gnl|TC-DB|P0A6W3|9.B.146.1.6	96.9	360	11	0	1	360	1	360	3.3e-200	693.7
BCW-200066_02659	gnl|TC-DB|P0ABG4|2.A.103.1.1	86.8	417	52	1	1	417	1	414	1.2e-204	708.8
BCW-200066_02668	gnl|TC-DB|P10408|3.A.5.1.1	92.1	900	71	0	1	900	1	900	0.0e+00	1598.6
BCW-200066_02672	gnl|TC-DB|P64564|9.A.4.1.2	79.3	188	39	0	1	188	1	188	3.1e-80	294.3
BCW-200066_02674	gnl|TC-DB|P24559|3.A.15.2.1	45.5	323	173	1	1	320	1	323	8.5e-70	260.4
BCW-200066_02681	gnl|TC-DB|P0AEP1|2.A.1.1.1	89.2	464	46	1	1	460	1	464	7.0e-235	809.3
BCW-200066_02688	gnl|TC-DB|P69824|4.A.2.1.24	76.7	146	34	0	1	146	1	146	2.3e-54	208.0
BCW-200066_02689	gnl|TC-DB|P69826|4.A.2.1.24	86.7	458	61	0	1	458	1	458	4.0e-230	793.5
BCW-200066_02694	gnl|TC-DB|Q8Z3V7|3.A.1.28.1	72.5	218	60	0	1	218	1	218	3.4e-89	324.3
BCW-200066_02695	gnl|TC-DB|Q8Z3V8|3.A.1.28.1	74.2	225	58	0	1	225	3	227	2.0e-94	341.7
BCW-200066_02696	gnl|TC-DB|Q8Z3V9|3.A.1.28.1	75.3	223	55	0	13	235	2	224	4.1e-98	354.0
BCW-200066_02697	gnl|TC-DB|Q8XGV9|3.A.1.28.1	92.2	192	15	0	1	192	1	192	3.5e-63	237.7
BCW-200066_02702	gnl|TC-DB|P0C0S1|1.A.23.2.1	76.2	282	67	0	1	282	1	282	1.8e-104	375.6
BCW-200066_02703	gnl|TC-DB|P11667|2.A.75.1.2	84.7	209	32	0	19	227	1	209	8.0e-99	356.3
BCW-200066_02718	gnl|TC-DB|Q86Z14|8.A.49.1.2	25.5	482	299	16	5	477	80	510	3.7e-37	152.5
BCW-200066_02721	gnl|TC-DB|P67153|1.C.113.1.10	88.9	216	24	0	1	216	2	217	9.9e-107	382.5
BCW-200066_02731	gnl|TC-DB|Q46821|2.A.40.3.3	82.5	480	83	1	1	480	1	479	4.3e-219	756.9
BCW-200066_02732	gnl|TC-DB|Q5P036|5.A.3.11.1	32.0	169	67	7	5	138	5	160	2.6e-17	87.0
BCW-200066_02733	gnl|TC-DB|Q46817|2.A.40.7.7	91.4	455	39	0	1	455	1	455	2.8e-220	760.8
BCW-200066_02735	gnl|TC-DB|P67444|2.A.40.4.3	90.2	457	45	0	1	457	1	457	6.0e-226	779.6
BCW-200066_02748	gnl|TC-DB|Q9KN48|3.A.23.1.1	42.3	338	176	5	272	591	193	529	7.5e-64	241.5
BCW-200066_02752	gnl|TC-DB|B7LEG0|1.A.34.1.2	42.4	262	91	3	35	236	116	377	1.3e-51	199.5
BCW-200066_02754	gnl|TC-DB|Q8X5H7|1.B.12.2.7	59.3	1003	314	15	1	932	1	980	1.4e-306	1048.5
BCW-200066_02765	gnl|TC-DB|P31119|4.C.1.1.16	83.0	717	122	0	1	717	1	717	0.0e+00	1225.7
BCW-200066_02766	gnl|TC-DB|P39196|2.A.1.42.1	77.1	388	89	0	6	393	8	395	4.7e-163	570.5
BCW-200066_02767	gnl|TC-DB|P0A9T4|8.A.5.1.5	84.4	346	54	0	1	346	1	346	1.7e-172	601.7
BCW-200066_02771	gnl|TC-DB|Q9HY55|4.A.2.1.17	36.7	566	342	7	170	733	402	953	3.7e-84	309.3
BCW-200066_02781	gnl|TC-DB|Q6MDD6|3.A.7.16.1	28.4	566	309	18	41	593	219	701	4.9e-34	142.5
BCW-200066_02786	gnl|TC-DB|A6TAG3|1.E.43.1.1	73.2	82	21	1	1	82	1	81	1.1e-26	115.2
BCW-200066_02790	gnl|TC-DB|P76007|2.A.36.6.11	86.0	577	80	1	1	576	1	577	1.5e-282	968.0
BCW-200066_02804	gnl|TC-DB|P16869|1.B.14.1.1	69.5	712	213	2	5	713	19	729	7.9e-302	1032.3
BCW-200066_02808	gnl|TC-DB|P75757|2.A.4.1.4	75.8	302	72	1	1	302	1	301	2.5e-127	451.4
BCW-200066_02809	gnl|TC-DB|P24520|4.B.1.1.1	84.5	238	37	0	1	238	1	238	4.3e-111	397.1
BCW-200066_02811	gnl|TC-DB|G0EBV0|1.B.6.2.10	35.8	187	91	9	5	186	9	171	3.0e-19	91.7
BCW-200066_02853	gnl|TC-DB|P31474|2.A.1.3.51	82.6	459	80	0	3	461	4	462	3.2e-203	704.1
BCW-200066_02856	gnl|TC-DB|P02925|3.A.1.2.1	88.1	295	35	0	1	295	1	295	1.8e-138	488.4
BCW-200066_02857	gnl|TC-DB|P0AGI1|3.A.1.2.1	87.5	321	40	0	1	321	1	321	3.5e-140	494.2
BCW-200066_02858	gnl|TC-DB|P04983|3.A.1.2.1	94.2	500	29	0	1	500	1	500	3.0e-271	930.2
BCW-200066_02860	gnl|TC-DB|P63183|2.A.72.1.1	91.5	622	53	0	1	622	1	622	0.0e+00	1119.4
BCW-200066_02868	gnl|TC-DB|C4X3L3|1.A.77.3.8	78.6	126	27	0	1	126	25	150	1.5e-46	181.8
BCW-200066_02869	gnl|TC-DB|P0AB98|3.A.2.1.1	92.6	270	20	0	3	272	2	271	9.1e-142	499.2
BCW-200066_02870	gnl|TC-DB|P68699|3.A.2.1.1	100.0	79	0	0	1	79	1	79	2.8e-35	143.7
BCW-200066_02871	gnl|TC-DB|P0ABA0|3.A.2.1.1	89.1	156	17	0	1	156	1	156	2.1e-45	178.3
BCW-200066_02872	gnl|TC-DB|P0ABA4|3.A.2.1.1	86.4	177	24	0	1	177	1	177	2.1e-78	288.1
BCW-200066_02873	gnl|TC-DB|P0ABB0|3.A.2.1.1	96.7	513	17	0	1	513	1	513	2.5e-281	963.8
BCW-200066_02874	gnl|TC-DB|P0ABA6|3.A.2.1.1	95.1	287	14	0	1	287	1	287	9.3e-153	535.8
BCW-200066_02875	gnl|TC-DB|P0ABB4|3.A.2.1.1	97.8	460	10	0	1	460	1	460	5.9e-258	885.9
BCW-200066_02876	gnl|TC-DB|P0A6E6|3.A.2.1.1	97.1	139	4	0	1	139	1	139	9.6e-71	262.3
BCW-200066_02879	gnl|TC-DB|P0AG82|3.A.1.7.1	91.0	346	31	0	1	346	1	346	8.0e-183	636.0
BCW-200066_02880	gnl|TC-DB|P0AGH8|3.A.1.7.1	93.4	319	21	0	1	319	1	319	1.5e-164	575.1
BCW-200066_02881	gnl|TC-DB|P07654|3.A.1.7.1	91.9	296	24	0	1	296	1	296	4.9e-149	523.5
BCW-200066_02882	gnl|TC-DB|P0AAH0|3.A.1.7.1	93.4	257	17	0	3	259	1	257	1.3e-140	495.4
BCW-200066_02885	gnl|TC-DB|P31466|2.A.40.7.6	90.6	445	42	0	1	445	1	445	1.4e-216	748.4
BCW-200066_02890	gnl|TC-DB|P25714|2.A.9.3.1	90.7	548	50	1	1	547	1	548	1.9e-279	957.6
BCW-200066_02901	gnl|TC-DB|P0AA76|2.A.1.14.7	92.1	430	34	0	1	430	1	430	4.0e-232	800.0
BCW-200066_02906	gnl|TC-DB|B7L824|2.A.81.1.5	81.1	550	104	0	1	550	1	550	7.8e-249	855.9
BCW-200066_02907	gnl|TC-DB|P0ADM0|9.B.51.1.1	73.0	115	31	0	1	115	1	115	2.9e-44	174.1
BCW-200066_02909	gnl|TC-DB|P31442|2.A.1.2.9	82.1	386	69	0	1	386	1	386	3.0e-178	620.9
BCW-200066_02919	gnl|TC-DB|O67092|3.D.7.2.1	44.2	581	289	9	3	566	2	564	6.5e-142	500.7
BCW-200066_02921	gnl|TC-DB|P0AAJ3|5.A.3.2.1	28.2	305	170	9	40	338	33	294	9.0e-30	127.5
BCW-200066_02922	gnl|TC-DB|O67095|3.D.7.2.1	46.4	291	154	1	8	298	8	296	9.2e-76	280.4
BCW-200066_02926	gnl|TC-DB|Q9I3N2|9.B.14.1.7	38.9	637	355	9	6	615	3	632	3.4e-115	412.1
BCW-200066_02927	gnl|TC-DB|P31077|5.A.3.5.2	38.9	311	179	3	11	315	11	316	2.2e-46	182.6
BCW-200066_02928	gnl|TC-DB|P31076|5.A.3.5.2	53.7	188	83	3	36	221	4	189	2.2e-56	215.3
BCW-200066_02931	gnl|TC-DB|Q8RCC4|3.A.1.3.27	34.6	260	157	7	10	260	3	258	9.0e-28	120.6
BCW-200066_02932	gnl|TC-DB|P48243|3.A.1.3.9	55.8	240	105	1	24	263	2	240	2.8e-66	248.4
BCW-200066_02933	gnl|TC-DB|Q8YPM8|3.A.1.3.18	32.7	223	137	4	17	232	80	296	5.6e-24	107.8
BCW-200066_02934	gnl|TC-DB|Q52814|3.A.1.3.8	33.3	195	124	2	26	214	173	367	8.5e-21	97.1
BCW-200066_02949	gnl|TC-DB|P31435|2.A.2.3.4	77.9	458	101	0	1	458	1	458	3.9e-209	723.8
BCW-200066_02953	gnl|TC-DB|P0AEK7|5.A.3.2.1	45.2	210	113	1	1	208	1	210	6.2e-53	203.8
BCW-200066_02954	gnl|TC-DB|P0AAJ3|5.A.3.2.1	77.6	294	65	1	1	293	1	294	3.4e-145	510.8
BCW-200066_02955	gnl|TC-DB|P24183|5.A.3.2.1	77.2	803	182	1	1	803	213	1014	0.0e+00	1344.7
BCW-200066_02956	gnl|TC-DB|P24183|5.A.3.2.1	80.0	195	39	0	1	195	1	195	5.6e-93	336.7
BCW-200066_02959	gnl|TC-DB|Q1D213|2.A.78.2.3	44.6	101	56	0	6	106	1	101	7.0e-13	69.7
BCW-200066_02960	gnl|TC-DB|Q1D212|2.A.78.2.3	36.8	231	117	3	13	214	14	244	2.8e-32	135.2
BCW-200066_02970	gnl|TC-DB|P27125|2.A.7.6.1	86.9	344	45	0	1	344	1	344	1.3e-169	592.0
BCW-200066_02977	gnl|TC-DB|P33231|2.A.14.1.1	91.1	551	49	0	1	551	1	551	1.2e-286	981.5
BCW-200066_02981	gnl|TC-DB|P00550|4.A.2.1.2	89.2	638	68	1	1	638	1	637	0.0e+00	1109.7
BCW-200066_02987	gnl|TC-DB|Q5P036|5.A.3.11.1	32.9	161	77	7	5	139	5	160	1.9e-14	75.5
BCW-200066_02992	gnl|TC-DB|P0AGI4|3.A.1.2.4	85.2	392	58	0	1	392	1	392	6.9e-175	609.8
BCW-200066_02993	gnl|TC-DB|P37388|3.A.1.2.4	87.5	513	64	0	1	513	1	513	2.4e-260	894.0
BCW-200066_02994	gnl|TC-DB|P37387|3.A.1.2.4	90.0	330	33	0	1	330	1	330	1.1e-165	578.9
BCW-200066_02999	gnl|TC-DB|P37669|9.B.97.1.1	71.0	331	96	0	1	331	1	331	1.1e-133	472.6
BCW-200066_03009	gnl|TC-DB|O05347|3.A.1.16.2	42.0	200	108	2	17	216	46	237	8.9e-41	163.7
BCW-200066_03013	gnl|TC-DB|C7NB69|4.A.1.1.16	34.9	533	311	11	8	514	1	523	5.8e-76	281.6
BCW-200066_03016	gnl|TC-DB|A1S297|2.A.1.7.11	32.4	364	242	2	11	372	4	365	2.4e-37	152.9
BCW-200066_03018	gnl|TC-DB|Q9RPP3|2.A.1.14.8	25.6	425	296	8	12	423	31	448	1.6e-39	160.2
BCW-200066_03022	gnl|TC-DB|P37665|9.B.186.1.1	87.7	219	27	0	1	219	1	219	2.6e-78	288.1
BCW-200066_03023	gnl|TC-DB|P20099|5.A.3.4.3	80.4	777	152	0	1	777	1	777	0.0e+00	1339.7
BCW-200066_03027	gnl|TC-DB|P37662|2.A.1.11.3	84.7	392	60	0	7	398	8	399	7.3e-164	573.2
BCW-200066_03030	gnl|TC-DB|D4ZZR3|9.B.34.1.3	32.0	225	148	4	283	507	173	392	1.5e-20	97.4
BCW-200066_03033	gnl|TC-DB|P33950|3.A.1.5.27	55.1	517	230	2	19	534	30	545	1.5e-167	585.9
BCW-200066_03034	gnl|TC-DB|W0WN20|3.A.1.5.39	65.8	339	113	1	1	339	1	336	8.2e-124	439.9
BCW-200066_03035	gnl|TC-DB|W0WMS8|3.A.1.5.39	53.4	283	132	0	17	299	18	300	3.6e-83	304.7
BCW-200066_03036	gnl|TC-DB|P45095|3.A.1.5.27	74.5	325	82	1	1	325	1	324	1.8e-139	491.9
BCW-200066_03037	gnl|TC-DB|P45094|3.A.1.5.27	75.2	327	80	1	1	326	1	327	1.2e-140	495.7
BCW-200066_03039	gnl|TC-DB|P75905|4.D.1.1.3	66.2	441	148	1	1	441	1	440	3.0e-174	607.8
BCW-200066_03041	gnl|TC-DB|P69434|1.B.55.1.1	47.3	792	403	6	29	818	28	807	8.4e-207	716.8
BCW-200066_03044	gnl|TC-DB|P0A830|2.A.23.1.7	91.4	428	37	0	1	428	1	428	9.5e-210	725.7
BCW-200066_03046	gnl|TC-DB|P37645|9.B.121.1.1	79.9	686	138	0	1	686	1	686	0.0e+00	1112.4
BCW-200066_03061	gnl|TC-DB|P0A908|9.B.99.1.2	33.2	250	160	3	2	246	1	248	3.4e-34	141.7
BCW-200066_03070	gnl|TC-DB|P37642|9.B.126.1.1	76.4	343	73	1	3	345	2	336	2.3e-145	511.5
BCW-200066_03071	gnl|TC-DB|P37643|2.A.1.6.10	87.7	440	53	1	1	439	1	440	3.2e-213	737.3
BCW-200066_03072	gnl|TC-DB|P36837|2.A.17.1.3	82.1	487	87	0	1	487	1	487	2.1e-229	791.2
BCW-200066_03074	gnl|TC-DB|P0A8S5|9.B.4.1.1	92.8	111	8	0	1	111	1	111	7.0e-56	212.6
BCW-200066_03075	gnl|TC-DB|P0AFJ7|2.A.20.1.1	82.8	499	85	1	1	498	1	499	1.0e-231	798.9
BCW-200066_03078	gnl|TC-DB|P94488|2.A.2.3.2	34.0	467	281	5	15	480	8	448	2.8e-69	259.2
BCW-200066_03080	gnl|TC-DB|P0AEK7|5.A.3.2.1	86.2	210	29	0	4	213	3	212	2.4e-105	377.9
BCW-200066_03081	gnl|TC-DB|P0AAJ3|5.A.3.2.1	86.7	286	38	0	1	286	1	286	5.8e-158	553.1
BCW-200066_03082	gnl|TC-DB|P24183|5.A.3.2.1	86.4	803	109	0	1	803	213	1015	0.0e+00	1474.5
BCW-200066_03083	gnl|TC-DB|P24183|5.A.3.2.1	84.6	195	30	0	1	195	1	195	2.2e-97	351.3
BCW-200066_03084	gnl|TC-DB|E0SFK1|2.A.69.3.2	59.0	312	128	0	5	316	3	314	1.2e-95	346.3
BCW-200066_03088	gnl|TC-DB|P76330|9.B.34.1.4	36.9	168	93	3	81	237	397	562	4.0e-22	101.7
BCW-200066_03101	gnl|TC-DB|Q7AA53|2.A.6.8.2	71.8	748	210	1	27	773	2	749	9.8e-306	1045.4
BCW-200066_03115	gnl|TC-DB|P0AGM0|2.A.86.1.2	81.4	349	65	0	8	356	1	349	5.5e-155	543.5
BCW-200066_03116	gnl|TC-DB|P37621|2.A.1.46.7	72.4	391	107	1	1	390	1	391	1.3e-149	525.8
BCW-200066_03118	gnl|TC-DB|B3WJF3|2.A.88.8.6	87.7	219	27	0	1	219	1	219	8.6e-106	379.4
BCW-200066_03120	gnl|TC-DB|P43020|2.A.56.1.5	33.8	311	195	8	1	306	1	305	2.2e-41	166.0
BCW-200066_03122	gnl|TC-DB|Q8ZKS0|2.A.56.1.5	43.0	426	239	2	6	428	11	435	5.0e-86	314.7
BCW-200066_03123	gnl|TC-DB|P37617|3.A.3.6.2	70.4	741	208	5	1	739	1	732	1.2e-273	938.7
BCW-200066_03128	gnl|TC-DB|P10121|3.A.5.1.1	72.1	516	114	5	1	505	1	497	3.6e-160	561.2
BCW-200066_03129	gnl|TC-DB|P0A9R7|3.A.1.140.1	92.7	218	16	0	1	218	1	218	5.0e-114	406.8
BCW-200066_03130	gnl|TC-DB|P0AC31|3.A.1.140.1	83.5	352	57	1	1	351	1	352	5.4e-163	570.1
BCW-200066_03134	gnl|TC-DB|P0AD96|3.A.1.4.1	93.7	363	23	0	3	365	5	367	8.4e-199	689.1
BCW-200066_03136	gnl|TC-DB|P04816|3.A.1.4.1	87.5	367	46	0	4	370	1	367	5.6e-190	659.8
BCW-200066_03137	gnl|TC-DB|P0AEX7|3.A.1.4.1	83.4	308	51	0	1	308	1	308	8.2e-131	463.0
BCW-200066_03138	gnl|TC-DB|P22729|3.A.1.4.1	90.1	426	41	1	1	426	1	425	4.8e-198	686.8
BCW-200066_03139	gnl|TC-DB|P0A9S7|3.A.1.4.1	92.9	255	18	0	1	255	1	255	1.6e-135	478.4
BCW-200066_03140	gnl|TC-DB|P22731|3.A.1.4.1	94.5	237	13	0	1	237	1	237	1.1e-122	435.6
BCW-200066_03142	gnl|TC-DB|P0AG80|3.A.1.1.3	86.1	432	60	0	6	437	7	438	7.9e-228	785.8
BCW-200066_03143	gnl|TC-DB|P10905|3.A.1.1.3	85.4	295	43	0	1	295	1	295	3.8e-141	497.3
BCW-200066_03144	gnl|TC-DB|P10906|3.A.1.1.3	83.6	281	46	0	1	281	1	281	7.8e-128	453.0
BCW-200066_03145	gnl|TC-DB|P10907|3.A.1.1.3	84.8	356	53	1	1	355	1	356	1.1e-171	599.0
BCW-200066_03149	gnl|TC-DB|M3JA40|1.B.52.2.1	50.6	83	41	0	354	436	283	365	1.3e-14	77.8
BCW-200066_03154	gnl|TC-DB|P0AC96|2.A.8.1.8	91.3	446	39	0	1	446	1	446	1.7e-225	778.1
BCW-200066_03155	gnl|TC-DB|P67143|2.A.95.1.5	91.9	197	16	0	1	197	1	197	1.5e-93	338.6
BCW-200066_03164	gnl|TC-DB|P09391|9.B.104.1.1	74.5	275	70	0	1	275	1	275	1.0e-124	442.6
BCW-200066_03173	gnl|TC-DB|A1S5F2|2.A.2.3.6	26.8	471	303	12	4	467	2	437	4.9e-34	142.1
BCW-200066_03175	gnl|TC-DB|P0ADM0|9.B.51.1.1	50.5	105	52	0	16	120	7	111	8.9e-20	92.8
BCW-200066_03179	gnl|TC-DB|B5XTS6|9.A.8.1.10	65.8	79	26	1	1	78	1	79	1.4e-23	104.8
BCW-200066_03180	gnl|TC-DB|P33650|9.A.8.1.1	81.5	773	142	1	1	772	1	773	0.0e+00	1243.0
BCW-200066_03181	gnl|TC-DB|P0AEL3|9.A.8.1.1	82.4	74	13	0	1	74	1	74	4.4e-30	126.3
BCW-200066_03190	gnl|TC-DB|Q9HV74|2.A.21.9.1	29.0	217	136	7	237	437	760	974	1.0e-12	71.2
BCW-200066_03202	gnl|TC-DB|Q1R5P6|1.B.22.4.2	62.7	397	144	1	9	405	18	410	9.8e-140	493.0
BCW-200066_03215	gnl|TC-DB|P45539|2.A.3.8.17	89.7	445	46	0	1	445	1	445	2.6e-226	780.8
BCW-200066_03217	gnl|TC-DB|P0AC26|1.A.16.3.1	93.7	255	16	0	1	255	1	255	9.4e-139	489.2
BCW-200066_03221	gnl|TC-DB|P60778|2.A.1.7.14	88.0	392	47	0	1	392	1	392	6.1e-195	676.4
BCW-200066_03227	gnl|TC-DB|P45537|2.A.85.1.3	78.9	696	146	1	1	695	5	700	0.0e+00	1099.0
BCW-200066_03233	gnl|TC-DB|Q83XH1|3.A.1.121.4	30.4	513	348	4	1	505	1	512	1.4e-71	267.3
BCW-200066_03234	gnl|TC-DB|P0A756|2.A.37.1.2	80.9	183	35	0	1	183	2	184	8.7e-88	319.3
BCW-200066_03235	gnl|TC-DB|P45522|2.A.37.1.2	87.5	601	75	0	1	601	1	601	1.5e-290	994.6
BCW-200066_03252	gnl|TC-DB|P08194|2.A.1.4.3	94.8	421	22	0	1	421	1	421	5.8e-242	832.8
BCW-200066_03257	gnl|TC-DB|Q8XE01|1.B.68.1.1	70.0	180	54	0	1	180	8	187	3.7e-75	277.3
BCW-200066_03269	gnl|TC-DB|P0AFF0|3.D.1.1.1	91.8	485	40	0	1	485	1	485	2.1e-245	844.3
BCW-200066_03270	gnl|TC-DB|P0AFE8|3.D.1.1.1	94.7	509	27	0	1	509	1	509	1.9e-278	954.1
BCW-200066_03271	gnl|TC-DB|P33607|3.D.1.1.1	91.7	613	51	0	1	613	1	613	0.0e+00	1113.2
BCW-200066_03272	gnl|TC-DB|P0AFE4|3.D.1.1.1	98.0	100	2	0	1	100	1	100	4.1e-31	130.2
BCW-200066_03273	gnl|TC-DB|P0AFE0|3.D.1.1.1	91.8	184	15	0	1	184	1	184	2.8e-86	314.3
BCW-200066_03274	gnl|TC-DB|P0AFD6|3.D.1.1.1	97.2	180	5	0	1	180	1	180	1.6e-89	325.1
BCW-200066_03275	gnl|TC-DB|P0AFD4|3.D.1.1.1	94.8	325	17	0	1	325	1	325	3.6e-177	617.1
BCW-200066_03276	gnl|TC-DB|P33602|3.D.1.1.1	90.1	908	90	0	4	911	1	908	0.0e+00	1686.8
BCW-200066_03277	gnl|TC-DB|P31979|3.D.1.1.1	96.6	445	15	0	1	445	1	445	1.1e-264	908.3
BCW-200066_03278	gnl|TC-DB|P0AFD1|3.D.1.1.1	92.8	166	12	0	1	166	1	166	2.5e-89	324.3
BCW-200066_03279	gnl|TC-DB|P33599|3.D.1.1.1	93.8	599	34	1	5	603	1	596	0.0e+00	1181.0
BCW-200066_03280	gnl|TC-DB|P0AFC7|3.D.1.1.1	95.1	224	7	1	1	224	1	220	2.4e-124	441.0
BCW-200066_03281	gnl|TC-DB|P0AFC3|3.D.1.1.1	88.3	145	17	0	1	145	1	145	3.1e-67	250.8
BCW-200066_03285	gnl|TC-DB|P0AFU2|2.A.47.4.8	78.5	610	131	0	1	610	1	610	8.3e-268	919.1
BCW-200066_03294	gnl|TC-DB|B7LBF5|1.A.12.3.2	75.2	214	53	0	1	214	1	214	4.7e-93	337.0
BCW-200066_03298	gnl|TC-DB|P07109|3.A.1.3.29	91.8	257	21	0	1	257	1	257	1.1e-128	455.7
BCW-200066_03299	gnl|TC-DB|P0AEU3|3.A.1.3.29	92.4	238	18	0	1	238	1	238	3.2e-122	434.1
BCW-200066_03300	gnl|TC-DB|P0A2I9|3.A.1.3.1	91.7	228	19	0	1	228	1	228	1.4e-111	398.7
BCW-200066_03301	gnl|TC-DB|P0AEU0|3.A.1.3.29	92.7	259	19	0	1	259	1	259	2.5e-136	481.1
BCW-200066_03302	gnl|TC-DB|P09551|3.A.1.3.1	86.2	260	36	0	1	260	1	260	6.1e-127	449.9
BCW-200066_03305	gnl|TC-DB|P08550|9.B.160.1.16	91.9	161	13	0	1	161	1	161	5.5e-78	286.6
BCW-200066_03309	gnl|TC-DB|P0ABP6|9.B.27.2.3	88.0	216	26	0	1	216	1	216	1.0e-106	382.5
BCW-200066_03317	gnl|TC-DB|P94400|9.B.10.1.1	30.9	194	100	7	5	169	4	192	2.0e-21	99.8
BCW-200066_03319	gnl|TC-DB|P15078|2.A.114.1.1	88.7	701	79	0	22	722	1	701	0.0e+00	1226.5
BCW-200066_03322	gnl|TC-DB|P0AD30|2.A.102.3.1	82.4	261	46	0	1	261	9	269	2.9e-121	431.0
BCW-200066_03331	gnl|TC-DB|P10384|1.B.9.1.1	74.1	455	109	2	1	455	1	446	7.7e-202	699.5
BCW-200066_03332	gnl|TC-DB|P76506|3.A.1.27.3	88.4	251	28	1	1	250	1	251	7.6e-135	476.1
BCW-200066_03336	gnl|TC-DB|P33927|9.B.14.1.3	74.5	648	158	1	1	648	1	641	1.8e-281	964.5
BCW-200066_03338	gnl|TC-DB|P0ABM7|3.A.1.107.3	56.2	64	28	0	1	64	1	64	2.1e-13	70.9
BCW-200066_03339	gnl|TC-DB|P0ABM1|9.B.14.2.3	79.5	244	49	1	1	243	1	244	3.4e-111	397.5
BCW-200066_03340	gnl|TC-DB|P0ABM0|3.A.1.107.3	69.9	219	66	0	1	219	2	220	3.3e-73	271.2
BCW-200066_03341	gnl|TC-DB|Q8XE58|3.A.1.107.3	60.7	201	79	0	1	201	3	203	1.7e-68	255.4
BCW-200066_03342	gnl|TC-DB|P37327|1.A.16.4.1	82.9	286	49	0	9	294	1	286	1.7e-131	465.3
BCW-200066_03346	gnl|TC-DB|Q81JL2|9.B.33.1.1	34.0	582	346	11	4	553	1	576	4.3e-77	285.4
BCW-200066_03348	gnl|TC-DB|P69786|4.A.1.1.1	97.9	476	10	0	1	476	1	476	1.5e-264	907.9
BCW-200066_03355	gnl|TC-DB|O80800|3.D.1.6.3	49.3	75	38	0	2	76	48	122	3.0e-13	70.5
BCW-200066_03366	gnl|TC-DB|P76628|2.A.1.36.3	33.9	389	239	5	4	387	7	382	4.8e-46	181.8
BCW-200066_03371	gnl|TC-DB|Q15HU6|3.A.7.14.2	41.0	161	86	4	143	299	29	184	7.7e-23	104.4
BCW-200066_03383	gnl|TC-DB|P0AF16|2.A.66.4.3	87.5	511	64	0	1	511	1	511	3.8e-250	860.1
BCW-200066_03387	gnl|TC-DB|P69367|2.A.1.2.21	84.2	399	63	0	1	399	1	399	1.1e-194	675.6
BCW-200066_03400	gnl|TC-DB|P62517|4.D.3.1.1	89.3	842	88	1	1	842	1	840	0.0e+00	1539.6
BCW-200066_03411	gnl|TC-DB|P0AE95|1.B.48.1.1	72.1	122	34	0	8	129	8	129	4.5e-46	180.3
BCW-200066_03412	gnl|TC-DB|P0AE98|1.B.48.1.1	77.8	135	30	0	1	135	1	135	5.4e-58	219.9
BCW-200066_03413	gnl|TC-DB|P0AEA2|1.B.48.1.1	87.7	277	34	0	1	277	1	277	6.2e-138	486.5
BCW-200066_03420	gnl|TC-DB|H5KWQ5|2.A.49.7.1	75.1	405	101	0	1	405	1	405	8.3e-171	596.3
BCW-200066_03422	gnl|TC-DB|P63144|8.A.5.1.3	34.2	313	192	9	8	312	66	372	4.0e-43	171.8
BCW-200066_03424	gnl|TC-DB|P19642|4.A.1.1.3	33.5	519	323	7	10	517	16	523	2.8e-83	305.8
BCW-200066_03428	gnl|TC-DB|P0A769|2.A.55.3.1	89.8	412	42	0	1	412	1	412	1.3e-203	705.3
BCW-200066_03429	gnl|TC-DB|P0AFF2|2.A.41.1.1	86.4	403	47	2	1	398	1	400	2.1e-179	624.8
BCW-200066_03442	gnl|TC-DB|P39836|2.A.28.3.4	88.9	332	37	0	1	332	1	332	2.8e-161	564.3
BCW-200066_03446	gnl|TC-DB|P0A6J3|2.A.121.1.1	85.0	253	38	0	1	253	1	253	2.3e-131	464.5
BCW-200066_03448	gnl|TC-DB|P0AA04|8.A.8.1.1	97.6	85	2	0	1	85	1	85	7.0e-40	159.1
BCW-200066_03449	gnl|TC-DB|P08839|8.A.7.1.1	93.7	575	36	0	1	575	1	575	1.2e-300	1028.1
BCW-200066_03450	gnl|TC-DB|P69783|4.A.1.1.1	92.3	169	11	1	1	167	1	169	5.5e-81	296.6
BCW-200066_03453	gnl|TC-DB|P16676|3.A.1.6.1	88.5	365	38	1	1	361	1	365	9.5e-187	649.0
BCW-200066_03454	gnl|TC-DB|P0AEB0|3.A.1.6.1	89.3	291	31	0	1	291	1	291	1.2e-144	508.8
BCW-200066_03455	gnl|TC-DB|P16701|3.A.1.6.1	94.9	277	14	0	1	277	1	277	6.7e-140	493.0
BCW-200066_03456	gnl|TC-DB|P16700|3.A.1.6.1	89.0	337	36	1	1	336	1	337	2.5e-173	604.4
BCW-200066_03459	gnl|TC-DB|P76538|9.B.127.1.1	60.8	143	56	0	3	145	2	144	3.4e-45	177.6
BCW-200066_03460	gnl|TC-DB|P76474|2.A.7.22.1	40.8	125	72	1	3	125	2	126	1.0e-15	79.3
BCW-200066_03461	gnl|TC-DB|Q47377|2.A.7.22.1	49.1	110	53	2	1	108	1	109	5.2e-19	90.1
BCW-200066_03462	gnl|TC-DB|G8LJX5|9.B.142.2.2	57.8	540	226	2	10	548	10	548	4.7e-185	644.0
BCW-200066_03465	gnl|TC-DB|P77757|4.D.2.1.8	74.1	324	80	1	1	324	1	320	2.6e-135	478.0
BCW-200066_03476	gnl|TC-DB|D5CMP8|5.B.5.1.2	57.8	187	78	1	5	190	3	189	2.7e-66	248.1
BCW-200066_03480	gnl|TC-DB|P77783|5.A.3.3.1	23.0	881	538	41	2	828	13	807	1.1e-20	98.6
BCW-200066_03488	gnl|TC-DB|P67826|9.B.158.1.2	67.4	242	79	0	1	242	1	242	3.6e-89	324.3
BCW-200066_03502	gnl|TC-DB|P22610|3.A.15.2.1	45.7	127	68	1	16	142	145	270	2.4e-25	111.7
BCW-200066_03524	gnl|TC-DB|P0AGA2|3.A.5.1.1	98.2	443	8	0	1	443	1	443	1.1e-242	835.1
BCW-200066_03534	gnl|TC-DB|P0A742|1.A.22.1.1	80.1	136	26	1	1	136	1	135	3.7e-51	197.2
BCW-200066_03535	gnl|TC-DB|P0AGI8|2.A.38.1.1	96.5	458	16	0	1	458	1	458	3.8e-249	856.7
BCW-200066_03539	gnl|TC-DB|Q8VRK4|3.A.11.1.3	35.3	275	163	5	82	356	70	329	3.3e-33	139.0
BCW-200066_03547	gnl|TC-DB|P31125|2.A.7.3.2	77.8	297	66	0	1	297	1	297	2.2e-125	444.9
BCW-200066_03548	gnl|TC-DB|P31126|2.A.1.2.55	63.3	379	139	0	8	386	8	386	6.2e-131	463.8
BCW-200066_03549	gnl|TC-DB|Q8NRV7|3.A.1.4.5	45.1	235	124	3	1	232	1	233	4.5e-49	191.0
BCW-200066_03550	gnl|TC-DB|Q9L3S3|3.A.1.4.4	44.6	260	124	3	25	266	5	262	3.0e-52	201.8
BCW-200066_03551	gnl|TC-DB|Q9L3S4|3.A.1.4.4	44.5	308	168	2	46	351	30	336	6.8e-60	227.6
BCW-200066_03552	gnl|TC-DB|Q8NRW0|3.A.1.4.5	41.5	294	166	2	228	521	4	291	3.3e-55	212.6
BCW-200066_03553	gnl|TC-DB|Q9L3S6|3.A.1.4.4	44.8	386	190	8	24	407	48	412	2.5e-90	328.9
BCW-200066_03559	gnl|TC-DB|Q92WK4|3.A.1.2.11	71.0	303	83	3	12	312	13	312	1.6e-113	405.6
BCW-200066_03561	gnl|TC-DB|Q92WK2|3.A.1.2.11	53.6	502	232	1	2	503	8	508	3.1e-143	505.0
BCW-200066_03562	gnl|TC-DB|Q92WK1|3.A.1.2.11	61.6	307	117	1	48	354	43	348	3.6e-101	364.8
BCW-200066_03569	gnl|TC-DB|P63144|8.A.5.1.3	32.8	341	198	6	1	327	71	394	9.8e-43	170.6
BCW-200066_03595	gnl|TC-DB|P37594|2.A.1.3.14	65.6	489	168	0	1	489	1	489	1.2e-160	562.8
BCW-200066_03597	gnl|TC-DB|P37758|2.A.1.8.10	84.0	456	73	0	7	462	7	462	6.2e-223	769.6
BCW-200066_03598	gnl|TC-DB|P19319|5.A.3.1.2	86.3	1246	171	0	1	1246	1	1246	0.0e+00	2338.9
BCW-200066_03599	gnl|TC-DB|P19318|5.A.3.1.2	88.9	514	57	0	1	514	1	514	5.0e-290	992.6
BCW-200066_03601	gnl|TC-DB|P0AF32|5.A.3.1.2	78.8	226	48	0	1	226	1	226	2.4e-103	371.3
BCW-200066_03608	gnl|TC-DB|P76045|1.B.21.1.1	58.8	289	115	3	19	307	17	301	6.5e-104	373.6
BCW-200066_03609	gnl|TC-DB|P77481|3.A.1.1.46	81.9	360	65	0	1	360	1	360	2.2e-167	584.7
BCW-200066_03615	gnl|TC-DB|P77716|3.A.1.1.46	88.9	280	31	0	1	280	1	280	1.2e-133	472.2
BCW-200066_03616	gnl|TC-DB|P0AFR7|3.A.1.1.46	88.0	291	35	0	2	292	3	293	2.5e-145	511.1
BCW-200066_03617	gnl|TC-DB|P76042|3.A.1.1.46	71.6	429	122	0	1	429	1	429	4.6e-180	627.1
BCW-200066_03619	gnl|TC-DB|P0AB67|3.D.2.1.1	93.5	462	30	0	1	462	1	462	3.6e-239	823.5
BCW-200066_03620	gnl|TC-DB|P07001|3.D.2.1.1	87.1	510	66	0	1	510	1	510	1.2e-246	848.6
BCW-200066_03622	gnl|TC-DB|P0AAE5|2.A.3.2.8	86.1	460	64	0	1	460	1	460	1.0e-222	768.8
BCW-200066_03632	gnl|TC-DB|P19642|4.A.1.1.3	87.7	530	65	0	1	530	1	530	1.6e-270	927.9
BCW-200066_03638	gnl|TC-DB|P0A766|3.D.6.1.4	94.3	193	11	0	1	193	1	193	2.8e-92	334.3
BCW-200066_03639	gnl|TC-DB|P77223|3.D.6.1.4	72.8	191	52	0	1	191	1	191	2.9e-65	244.6
BCW-200066_03640	gnl|TC-DB|P77611|3.D.6.1.4	80.1	569	106	2	1	567	1	564	1.5e-241	832.0
BCW-200066_03641	gnl|TC-DB|P76182|3.D.6.1.4	74.3	350	90	0	1	350	1	350	1.1e-152	535.8
BCW-200066_03642	gnl|TC-DB|P77285|3.D.6.1.4	73.8	206	54	0	1	206	1	206	2.7e-85	311.2
BCW-200066_03643	gnl|TC-DB|P77179|3.D.6.1.4	76.4	229	51	1	1	226	1	229	2.1e-91	331.6
BCW-200066_03645	gnl|TC-DB|P77304|2.A.17.1.2	85.1	497	72	1	1	495	1	497	1.8e-244	841.3
BCW-200066_03654	gnl|TC-DB|G4PZW1|8.A.48.1.1	59.1	66	27	0	1	66	10	75	3.4e-19	90.1
BCW-200066_03655	gnl|TC-DB|P46482|8.A.1.7.1	39.9	273	163	1	10	282	14	285	6.6e-50	194.1
BCW-200066_03656	gnl|TC-DB|Q8ZPN4|2.A.85.1.5	67.5	676	220	0	1	676	1	676	2.3e-271	931.0
BCW-200066_03658	gnl|TC-DB|P76187|8.A.5.1.7	86.2	298	41	0	1	298	1	298	3.7e-152	533.9
BCW-200066_03667	gnl|TC-DB|P77389|2.A.1.2.65	87.3	387	49	0	1	387	1	387	7.1e-180	626.3
BCW-200066_03669	gnl|TC-DB|Q0HIQ8|3.A.1.2.14	27.9	233	149	10	58	277	21	247	5.0e-12	68.6
BCW-200066_03671	gnl|TC-DB|P37597|2.A.1.2.62	76.7	374	86	1	1	373	9	382	8.2e-160	559.7
BCW-200066_03674	gnl|TC-DB|P37340|2.A.66.1.3	87.1	457	59	0	1	457	1	457	6.7e-222	766.1
BCW-200066_03686	gnl|TC-DB|Q9CIP5|3.A.1.135.1	25.7	230	157	5	2	229	425	642	1.2e-15	80.1
BCW-200066_03692	gnl|TC-DB|P30750|3.A.1.24.1	88.6	343	39	0	1	343	1	343	9.1e-171	595.9
BCW-200066_03693	gnl|TC-DB|P31547|3.A.1.24.1	91.4	152	13	0	1	152	1	152	8.8e-71	263.1
BCW-200066_03694	gnl|TC-DB|P28635|3.A.1.24.1	94.1	271	16	0	1	271	1	271	1.3e-143	505.4
BCW-200066_03706	gnl|TC-DB|P0AAE8|2.A.3.2.2	83.4	429	71	0	1	429	1	429	2.4e-208	721.1
BCW-200066_03718	gnl|TC-DB|P0A943|1.B.33.1.3	87.3	814	90	4	1	805	1	810	0.0e+00	1438.7
BCW-200066_03735	gnl|TC-DB|Q8ZRP7|3.A.1.13.1	69.9	266	78	2	1	265	1	265	8.2e-103	369.8
BCW-200066_03736	gnl|TC-DB|I7MT28|1.A.62.2.2	88.7	203	23	0	1	203	1	203	3.3e-99	357.5
BCW-200066_03738	gnl|TC-DB|A8ALD3|2.A.49.5.5	80.7	462	89	0	1	462	1	462	2.4e-206	714.5
BCW-200066_03742	gnl|TC-DB|P06972|3.A.1.14.3	75.8	661	159	1	1	661	1	660	1.4e-281	964.9
BCW-200066_03743	gnl|TC-DB|P07822|3.A.1.14.3	71.3	293	84	0	6	298	4	296	1.0e-122	436.0
BCW-200066_03744	gnl|TC-DB|P07821|3.A.1.14.3	87.2	265	34	0	1	265	1	265	1.1e-134	475.7
BCW-200066_03745	gnl|TC-DB|P06971|1.B.14.1.2	83.4	752	119	4	1	751	1	747	0.0e+00	1264.2
BCW-200066_03759	gnl|TC-DB|P0AFN6|3.A.1.105.17	91.8	256	21	0	1	256	1	256	6.4e-129	456.4
BCW-200066_03760	gnl|TC-DB|P36879|3.A.1.105.17	93.2	308	21	0	1	308	1	308	4.5e-161	563.5
BCW-200066_03761	gnl|TC-DB|Q8F8H7|2.A.53.3.8	46.6	193	102	1	2	193	539	731	4.9e-53	204.1
BCW-200066_03764	gnl|TC-DB|P36649|1.B.76.1.8	72.1	516	142	1	1	514	1	516	1.2e-222	768.8
BCW-200066_03765	gnl|TC-DB|P0AA95|8.A.2.1.3	84.3	115	18	0	1	115	1	115	3.1e-51	197.2
BCW-200066_03771	gnl|TC-DB|P50847|2.A.10.1.3	45.7	313	162	4	1	306	1	312	5.9e-60	227.6
BCW-200066_03782	gnl|TC-DB|P15993|2.A.3.1.3	88.4	456	53	0	1	456	2	457	7.9e-231	795.8
BCW-200066_03783	gnl|TC-DB|P31435|2.A.2.3.4	46.2	450	237	4	1	447	1	448	2.2e-119	425.6
BCW-200066_03785	gnl|TC-DB|P0AE14|9.B.125.1.1	75.7	284	69	0	1	284	1	284	6.9e-124	439.9
BCW-200066_03789	gnl|TC-DB|Q8VRL1|3.A.11.1.3	45.0	400	214	4	56	449	159	558	2.3e-92	335.9
BCW-200066_03790	gnl|TC-DB|P22609|3.A.15.2.1	29.2	336	235	2	63	396	39	373	2.9e-43	172.6
BCW-200066_03802	gnl|TC-DB|P0AFF4|2.A.1.10.1	88.5	410	47	0	1	410	1	410	1.0e-208	722.2
BCW-200066_03806	gnl|TC-DB|Q46831|9.B.120.1.1	69.2	237	71	1	1	237	1	235	1.4e-85	312.4
BCW-200066_03844	gnl|TC-DB|P0ABV2|1.A.30.2.1	87.2	141	18	0	1	141	1	141	1.1e-66	248.8
BCW-200066_03845	gnl|TC-DB|P0ABU7|1.A.30.2.1	86.5	244	32	1	1	243	1	244	1.5e-106	382.1
BCW-200066_03847	gnl|TC-DB|P0AA60|9.B.27.2.1	84.3	216	34	0	1	216	1	216	6.7e-103	369.8
BCW-200066_03851	gnl|TC-DB|Q6D017|2.A.47.3.4	80.6	484	94	0	1	484	1	484	5.3e-225	776.5
BCW-200066_03853	gnl|TC-DB|P36649|1.B.76.1.8	32.0	515	286	10	3	459	1	509	3.9e-63	238.8
BCW-200066_03863	gnl|TC-DB|P02930|1.B.17.1.1	78.4	499	99	2	1	496	1	493	4.5e-203	703.7
BCW-200066_03867	gnl|TC-DB|P0A8H3|2.A.5.5.1	83.3	257	43	0	1	257	1	257	2.5e-104	374.8
BCW-200066_03877	gnl|TC-DB|P60782|9.B.31.1.1	90.2	205	20	0	1	205	1	205	2.5e-107	384.4
BCW-200066_03878	gnl|TC-DB|Q8X6C1|1.B.12.1.6	28.6	1110	638	23	816	1839	309	1349	1.5e-86	318.5
BCW-200066_03922	gnl|TC-DB|Q7W024|3.A.1.14.20	38.3	313	186	4	31	343	4	309	5.5e-43	171.4
BCW-200066_03923	gnl|TC-DB|P07821|3.A.1.14.3	38.1	226	135	2	7	227	16	241	1.5e-37	152.9
BCW-200066_03925	gnl|TC-DB|M3JA40|1.B.52.2.1	32.2	214	131	2	414	613	245	458	1.8e-15	80.9
BCW-200066_03928	gnl|TC-DB|Q01674|1.B.14.1.17	42.5	677	359	9	36	696	48	710	3.0e-157	552.0
BCW-200066_03932	gnl|TC-DB|Q81JL2|9.B.33.1.1	25.9	255	182	4	155	405	323	574	2.2e-14	76.6
BCW-200066_03951	gnl|TC-DB|Q9KLQ5|3.A.1.20.2	65.9	343	114	1	4	343	5	347	2.5e-128	454.9
BCW-200066_03952	gnl|TC-DB|Q9KLQ6|3.A.1.20.2	71.9	687	193	0	5	691	12	698	6.3e-280	959.5
BCW-200066_03953	gnl|TC-DB|A3N294|3.A.1.20.3	74.1	344	85	2	1	343	6	346	4.0e-150	527.3
BCW-200066_03954	gnl|TC-DB|P09836|2.A.1.4.4	54.7	415	188	0	10	424	19	433	5.3e-131	464.2
BCW-200066_03961	gnl|TC-DB|P70786|2.A.1.14.3	45.7	416	218	4	15	430	26	433	2.1e-98	355.9
BCW-200066_03967	gnl|TC-DB|P24518|4.B.1.1.1	92.4	410	31	0	1	410	1	410	1.2e-230	795.0
BCW-200066_03972	gnl|TC-DB|P31069|1.A.1.13.1	43.2	377	199	8	15	382	20	390	7.4e-68	254.2
BCW-200066_04001	gnl|TC-DB|P69874|3.A.1.11.1	88.1	377	45	0	22	398	1	377	2.9e-189	657.5
BCW-200066_04002	gnl|TC-DB|P0AFK4|3.A.1.11.1	90.5	275	26	0	11	285	1	275	1.7e-138	488.4
BCW-200066_04003	gnl|TC-DB|P0AFK6|3.A.1.11.1	95.7	257	11	0	1	257	1	257	3.4e-128	454.1
BCW-200066_04004	gnl|TC-DB|P0AFK9|3.A.1.11.1	86.5	348	47	0	1	348	1	348	1.5e-184	641.7
BCW-200066_04007	gnl|TC-DB|P75958|3.A.1.125.1	83.3	413	69	0	1	413	1	413	5.1e-192	666.8
BCW-200066_04008	gnl|TC-DB|P75957|3.A.1.125.1	86.6	232	31	0	3	234	2	233	2.9e-112	401.0
BCW-200066_04009	gnl|TC-DB|P0ADC3|3.A.1.125.1	88.2	399	47	0	4	402	1	399	2.0e-185	644.8
BCW-200066_04014	gnl|TC-DB|P0AFA7|2.A.34.1.1	71.3	512	147	0	4	515	1	512	1.0e-202	702.6
BCW-200066_04015	gnl|TC-DB|P0A6M2|5.A.2.1.1	76.7	176	41	0	1	176	1	176	1.8e-82	301.6
BCW-200066_04030	gnl|TC-DB|P69451|4.C.1.1.4	88.9	561	62	0	1	561	1	561	1.7e-299	1024.2
BCW-200066_04040	gnl|TC-DB|L5DDD7|2.A.109.2.3	49.1	519	250	7	1	509	370	884	1.2e-118	423.3
BCW-200066_04041	gnl|TC-DB|P69797|4.A.6.1.1	94.1	321	18	1	1	320	1	321	6.1e-161	563.1
BCW-200066_04042	gnl|TC-DB|P69801|4.A.6.1.1	92.9	266	19	0	1	266	1	266	9.6e-128	452.6
BCW-200066_04043	gnl|TC-DB|P69805|4.A.6.1.1	93.4	271	18	0	18	288	16	286	1.0e-143	505.8
BCW-200066_04045	gnl|TC-DB|P76264|2.A.107.1.1	74.2	186	48	0	1	186	1	186	2.1e-76	281.6
BCW-200066_04053	gnl|TC-DB|P76269|2.A.1.3.17	74.4	454	115	1	1	453	1	454	2.3e-185	644.8
BCW-200066_04054	gnl|TC-DB|P23894|9.B.1.1.6	92.5	293	22	0	1	293	1	293	1.7e-146	515.0
BCW-200066_04055	gnl|TC-DB|P23865|9.B.174.1.2	88.6	682	77	1	1	681	1	682	0.0e+00	1193.7
BCW-200066_04065	gnl|TC-DB|P76278|9.B.62.1.4	50.7	290	142	1	1	290	1	289	1.2e-70	263.1
BCW-200066_04066	gnl|TC-DB|Q4KDN3|9.B.62.1.5	46.1	115	58	2	12	123	7	120	2.6e-19	91.3
BCW-200066_04079	gnl|TC-DB|B7L5V2|1.A.34.1.3	40.6	217	123	2	192	408	7	217	1.5e-40	163.7
BCW-200066_04080	gnl|TC-DB|P39172|3.A.1.15.5	80.9	314	56	1	1	314	1	310	2.0e-132	468.4
BCW-200066_04081	gnl|TC-DB|P0A9X1|3.A.1.15.5	88.4	251	29	0	1	251	1	251	3.6e-124	440.7
BCW-200066_04082	gnl|TC-DB|P39832|3.A.1.15.5	87.0	261	34	0	1	261	1	261	2.3e-105	378.3
BCW-200066_04100	gnl|TC-DB|P0AEM9|3.A.1.3.10	89.8	266	27	0	1	266	1	266	1.1e-134	475.7
BCW-200066_04102	gnl|TC-DB|P0AFT2|3.A.1.3.10	92.3	222	17	0	1	222	1	222	7.5e-110	392.9
BCW-200066_04103	gnl|TC-DB|P37774|3.A.1.3.10	90.0	250	25	0	1	250	1	250	9.3e-125	442.6
BCW-200066_04108	gnl|TC-DB|K0WKG7|4.F.1.1.8	59.1	176	68	2	3	175	1	175	1.4e-50	195.7
BCW-200066_04115	gnl|TC-DB|Q53148|2.A.3.5.1	39.8	435	239	7	3	430	30	448	3.3e-67	252.3
BCW-200066_04119	gnl|TC-DB|P52005|5.A.3.4.2	61.8	338	129	0	29	366	29	366	1.6e-128	455.7
BCW-200066_04120	gnl|TC-DB|P58362|5.A.3.4.2	75.4	812	193	3	1	812	1	805	0.0e+00	1275.8
BCW-200066_04121	gnl|TC-DB|P0AAD4|2.A.42.1.1	78.2	403	88	0	1	403	1	403	7.9e-174	606.3
BCW-200066_04126	gnl|TC-DB|P31474|2.A.1.3.51	34.1	464	296	5	8	469	6	461	2.4e-73	272.7
BCW-200066_04134	gnl|TC-DB|Q8KZQ6|3.A.1.17.2	47.1	223	108	3	29	250	30	243	1.4e-51	199.5
BCW-200066_04136	gnl|TC-DB|O85765|3.A.1.17.2	39.8	241	145	0	35	275	14	254	4.3e-38	154.8
BCW-200066_04138	gnl|TC-DB|B3HWD6|2.A.108.2.10	73.9	648	165	3	1	646	1	646	1.1e-262	902.1
BCW-200066_04139	gnl|TC-DB|K3SRD7|2.A.108.2.10	91.3	173	15	0	3	175	1	173	7.1e-95	342.8
BCW-200066_04141	gnl|TC-DB|Q73MJ4|3.A.1.122.8	36.4	429	267	3	1	427	1	425	2.3e-70	262.7
BCW-200066_04143	gnl|TC-DB|Q73MJ2|3.A.1.122.8	53.2	216	101	0	10	225	3	218	5.5e-63	237.3
