BCW-200067_00001	gnl|TC-DB|Q9HXN5|4.A.1.1.15	46.2	119	64	0	1	119	16	134	1.1e-25	112.5
BCW-200067_00006	gnl|TC-DB|A4QD95|3.A.1.106.4	36.1	588	361	9	19	600	664	1242	1.1e-91	334.0
BCW-200067_00007	gnl|TC-DB|G9CHY8|3.A.1.135.3	44.0	84	47	0	1	84	485	568	1.3e-13	72.0
BCW-200067_00012	gnl|TC-DB|P0ABK2|3.D.4.3.2	37.6	370	193	4	3	337	7	373	1.8e-65	246.1
BCW-200067_00013	gnl|TC-DB|P0ABJ9|3.D.4.3.2	33.1	507	285	6	4	460	2	504	2.9e-74	275.8
BCW-200067_00016	gnl|TC-DB|P80874|8.A.5.1.4	36.1	144	85	3	31	174	32	168	8.5e-16	80.9
BCW-200067_00020	gnl|TC-DB|P77735|8.A.5.1.6	32.3	303	183	8	1	288	11	306	8.9e-35	144.1
BCW-200067_00039	gnl|TC-DB|Q8NLV8|2.A.1.81.3	37.1	394	235	5	18	410	14	395	1.9e-50	196.4
BCW-200067_00047	gnl|TC-DB|Q50634|3.A.5.2.2	33.2	542	291	7	17	499	14	543	2.3e-65	246.5
BCW-200067_00048	gnl|TC-DB|Q50635|3.A.5.2.2	34.6	332	197	4	5	322	45	370	3.4e-42	168.7
BCW-200067_00065	gnl|TC-DB|A1JRS3|2.A.53.3.9	27.2	497	322	8	25	491	32	518	8.5e-30	128.3
BCW-200067_00081	gnl|TC-DB|Q9RK11|3.A.1.14.13	59.6	255	102	1	9	263	18	271	3.0e-79	291.6
BCW-200067_00082	gnl|TC-DB|Q9RCF4|3.A.1.14.6	39.2	263	159	1	2	263	93	355	7.1e-38	154.1
BCW-200067_00096	gnl|TC-DB|P69811|4.A.2.1.1	42.7	131	72	2	32	159	9	139	6.1e-24	107.1
BCW-200067_00100	gnl|TC-DB|Q9S269|2.A.3.15.5	32.5	496	320	4	2	488	8	497	6.9e-55	211.5
BCW-200067_00147	gnl|TC-DB|P0A6W3|9.B.146.1.6	37.5	365	190	12	3	363	29	359	2.2e-50	196.1
BCW-200067_00149	gnl|TC-DB|X2BJI2|2.A.103.1.4	34.3	402	261	2	2	402	18	417	5.8e-55	211.5
BCW-200067_00163	gnl|TC-DB|H8I7G5|3.A.1.147.9	41.1	241	137	1	7	242	6	246	3.8e-49	191.4
BCW-200067_00170	gnl|TC-DB|Q93J92|3.A.1.1.36	37.8	262	160	1	33	294	32	290	4.1e-42	168.3
BCW-200067_00171	gnl|TC-DB|Q93KC0|3.A.1.1.11	32.2	317	166	6	34	349	8	276	9.2e-34	141.0
BCW-200067_00176	gnl|TC-DB|I0RHY9|9.B.55.1.2	58.7	121	50	0	1	121	1	121	1.5e-36	148.7
BCW-200067_00185	gnl|TC-DB|P23878|3.A.1.14.2	30.2	225	152	3	23	246	21	241	3.9e-21	98.6
BCW-200067_00189	gnl|TC-DB|A9WDR9|3.A.1.17.13	21.9	319	229	5	29	342	25	328	7.0e-12	68.2
BCW-200067_00191	gnl|TC-DB|P38046|3.A.1.16.1	42.8	236	131	3	10	241	22	257	5.5e-48	187.6
BCW-200067_00192	gnl|TC-DB|A9WDS0|3.A.1.17.13	33.8	237	155	1	28	264	35	269	1.2e-32	136.7
BCW-200067_00202	gnl|TC-DB|H2K1T5|2.A.116.1.3	35.7	210	129	4	9	215	5	211	1.8e-18	89.4
BCW-200067_00206	gnl|TC-DB|P0C560|3.A.1.7.2	62.0	237	88	2	1	236	23	258	2.0e-76	282.0
BCW-200067_00210	gnl|TC-DB|P66842|3.A.5.2.2	50.9	293	139	3	1	289	130	421	3.9e-74	274.6
BCW-200067_00214	gnl|TC-DB|Q9F2U9|2.A.3.3.17	53.8	104	46	1	1	104	297	398	2.2e-21	98.2
BCW-200067_00219	gnl|TC-DB|Q2J9P5|3.A.1.125.3	41.9	234	117	4	4	229	57	279	1.1e-37	153.3
BCW-200067_00231	gnl|TC-DB|P39694|3.A.11.1.1	45.9	61	33	0	1	61	144	204	6.4e-11	62.4
BCW-200067_00268	gnl|TC-DB|O31712|3.A.1.122.2	34.8	184	105	5	153	334	227	397	8.9e-14	74.3
BCW-200067_00270	gnl|TC-DB|P66771|3.A.1.5.26	26.5	445	291	17	107	531	155	583	5.6e-18	89.0
BCW-200067_00271	gnl|TC-DB|P33591|3.A.1.5.3	36.3	314	199	1	8	321	2	314	4.5e-39	158.3
BCW-200067_00285	gnl|TC-DB|Q9X9R6|3.A.1.1.23	42.8	297	167	2	18	311	10	306	8.7e-68	253.8
BCW-200067_00286	gnl|TC-DB|Q9X9R5|3.A.1.1.23	49.3	270	133	3	37	305	10	276	2.3e-64	242.3
BCW-200067_00287	gnl|TC-DB|Q9UEF7|8.A.49.1.1	29.9	512	273	18	4	487	57	510	5.8e-49	191.8
BCW-200067_00302	gnl|TC-DB|P0AEX9|3.A.1.1.1	29.1	282	158	13	133	403	127	377	2.3e-14	76.6
BCW-200067_00303	gnl|TC-DB|O51924|3.A.1.1.7	28.6	290	202	4	13	299	11	298	2.9e-19	92.4
BCW-200067_00304	gnl|TC-DB|Q8RJU8|3.A.1.1.18	31.8	267	173	5	39	300	45	307	8.0e-30	127.5
BCW-200067_00305	gnl|TC-DB|Q05839|8.A.9.1.1	30.4	494	282	18	16	493	104	551	1.3e-60	230.7
BCW-200067_00317	gnl|TC-DB|Q2J989|9.B.62.3.1	34.3	694	402	14	16	662	4	690	3.9e-77	285.8
BCW-200067_00325	gnl|TC-DB|Q55471|3.A.1.1.32	31.8	402	255	8	45	442	33	419	2.3e-57	219.5
BCW-200067_00328	gnl|TC-DB|P39760|2.A.38.4.4	33.3	207	137	1	13	218	7	213	3.1e-31	131.7
BCW-200067_00329	gnl|TC-DB|P43440|2.A.38.4.1	29.6	456	297	7	32	480	13	451	2.8e-45	179.5
BCW-200067_00355	gnl|TC-DB|Q0S1N2|4.A.2.1.13	59.3	690	259	2	3	673	13	699	6.6e-173	604.0
BCW-200067_00363	gnl|TC-DB|Q7WTY8|3.A.1.7.2	38.1	357	208	11	11	362	12	360	1.8e-39	159.8
BCW-200067_00365	gnl|TC-DB|Q8YRV8|3.A.1.16.4	37.8	246	140	4	31	263	8	253	4.7e-42	167.9
BCW-200067_00368	gnl|TC-DB|E0DTC9|2.A.115.1.4	46.1	193	104	0	27	219	76	268	9.9e-46	179.9
BCW-200067_00377	gnl|TC-DB|Q7A2H0|3.A.1.4.6	38.7	256	151	2	2	252	6	260	1.1e-40	163.3
BCW-200067_00378	gnl|TC-DB|Q6N8W2|3.A.1.4.11	39.4	236	137	2	5	234	4	239	1.4e-34	142.9
BCW-200067_00379	gnl|TC-DB|Q8DQI0|3.A.1.4.10	28.8	292	199	5	1	289	1	286	1.7e-24	109.8
BCW-200067_00381	gnl|TC-DB|Q42524|4.C.1.1.7	29.2	503	316	9	37	510	68	559	1.2e-46	184.1
BCW-200067_00395	gnl|TC-DB|F0M2Z7|9.B.115.1.2	50.7	288	142	0	1	288	1	288	3.0e-82	301.6
BCW-200067_00396	gnl|TC-DB|Q9XIA9|4.C.1.1.14	26.0	593	358	18	54	586	87	658	9.1e-30	128.3
BCW-200067_00406	gnl|TC-DB|P31552|4.C.1.1.6	22.7	547	371	12	87	626	16	517	2.1e-22	104.0
BCW-200067_00408	gnl|TC-DB|Q5LR30|2.A.88.1.6	36.6	191	110	4	11	198	5	187	4.4e-19	91.3
BCW-200067_00409	gnl|TC-DB|Q53712|3.A.1.120.3	33.6	524	317	10	12	510	43	560	7.0e-61	231.5
BCW-200067_00417	gnl|TC-DB|Q9RJ69|2.A.64.2.2	39.6	255	143	1	20	263	15	269	2.7e-45	178.7
BCW-200067_00434	gnl|TC-DB|O68106|3.A.1.23.8	33.7	246	151	5	20	261	21	258	3.5e-21	98.6
BCW-200067_00450	gnl|TC-DB|Q18BL2|3.A.1.124.6	41.3	213	123	1	5	217	4	214	1.6e-40	163.3
BCW-200067_00458	gnl|TC-DB|P08183|3.A.1.201.1	28.0	214	142	7	21	231	1051	1255	1.1e-14	77.0
BCW-200067_00464	gnl|TC-DB|P77272|4.A.1.2.7	37.0	381	206	10	20	383	90	453	6.1e-49	191.4
BCW-200067_00494	gnl|TC-DB|P39398|2.A.1.14.33	38.0	418	252	3	11	423	29	444	2.7e-71	265.8
BCW-200067_00526	gnl|TC-DB|P71746|3.A.1.6.3	38.8	237	140	4	27	260	23	257	7.2e-30	127.5
BCW-200067_00542	gnl|TC-DB|Q8Y5K1|1.A.1.17.2	28.2	174	113	3	41	206	19	188	2.7e-12	68.9
BCW-200067_00562	gnl|TC-DB|P69451|4.C.1.1.4	36.9	566	321	11	13	561	5	551	4.3e-93	338.6
BCW-200067_00564	gnl|TC-DB|Q42524|4.C.1.1.7	38.4	541	309	10	1	525	24	556	7.3e-95	344.4
BCW-200067_00569	gnl|TC-DB|O53656|2.A.86.1.7	27.9	351	241	2	19	367	6	346	1.7e-27	120.2
BCW-200067_00580	gnl|TC-DB|P42670|2.A.1.3.11	48.1	482	245	4	4	483	11	489	1.0e-109	393.7
BCW-200067_00581	gnl|TC-DB|O68877|3.A.1.14.21	43.5	246	132	2	20	260	12	255	3.2e-46	181.8
BCW-200067_00582	gnl|TC-DB|O68878|3.A.1.14.21	43.2	329	177	4	5	327	1	325	3.2e-56	215.3
BCW-200067_00594	gnl|TC-DB|Q8NNK2|3.D.4.4.2	27.9	308	178	6	4	267	6	313	4.4e-28	121.7
BCW-200067_00595	gnl|TC-DB|Q79VD7|3.D.4.4.2	63.4	549	195	2	16	559	2	549	2.4e-211	731.5
BCW-200067_00598	gnl|TC-DB|Q52000|2.A.1.6.3	33.4	305	176	4	1	291	127	418	2.1e-38	156.0
BCW-200067_00608	gnl|TC-DB|Q93J93|3.A.1.1.36	36.8	272	169	3	36	305	39	309	2.1e-44	176.0
BCW-200067_00609	gnl|TC-DB|Q93J92|3.A.1.1.36	38.0	266	162	2	7	270	32	296	1.4e-46	183.0
BCW-200067_00613	gnl|TC-DB|P40812|2.A.3.1.8	60.1	461	175	3	34	493	20	472	3.7e-147	518.1
BCW-200067_00618	gnl|TC-DB|Q9S213|3.A.1.14.22	46.8	282	146	2	1	281	70	348	4.7e-56	214.5
BCW-200067_00620	gnl|TC-DB|P0A5Y8|3.A.5.2.2	65.2	836	281	4	5	831	2	836	2.9e-314	1073.5
BCW-200067_00628	gnl|TC-DB|Q93J92|3.A.1.1.36	35.0	266	172	1	20	285	32	296	3.3e-41	165.2
BCW-200067_00629	gnl|TC-DB|Q93J93|3.A.1.1.36	37.5	301	174	8	24	317	23	316	6.2e-41	164.5
BCW-200067_00667	gnl|TC-DB|P48242|3.A.1.3.9	39.4	274	147	7	34	293	11	279	2.2e-43	172.6
BCW-200067_00668	gnl|TC-DB|P48243|3.A.1.3.9	74.4	242	62	0	21	262	1	242	1.1e-99	359.4
BCW-200067_00678	gnl|TC-DB|H2HWQ5|1.C.113.1.6	36.0	214	122	6	19	223	51	258	4.9e-27	117.9
BCW-200067_00686	gnl|TC-DB|B2TCH9|2.A.89.3.1	36.8	204	121	5	1	202	177	374	4.3e-19	91.3
BCW-200067_00693	gnl|TC-DB|Q0SE66|2.A.1.1.81	54.9	450	199	2	25	470	26	475	2.8e-125	445.3
BCW-200067_00695	gnl|TC-DB|P77463|3.A.1.5.38	42.4	236	136	0	58	293	51	286	6.1e-38	154.5
BCW-200067_00696	gnl|TC-DB|P75798|3.A.1.5.11	35.3	306	195	2	1	306	2	304	7.6e-40	161.0
BCW-200067_00697	gnl|TC-DB|P76128|3.A.1.5.38	21.7	511	339	13	37	534	37	499	1.2e-15	81.3
BCW-200067_00698	gnl|TC-DB|Q9L714|3.A.7.18.1	46.0	150	79	1	2	149	287	436	5.6e-33	137.1
BCW-200067_00711	gnl|TC-DB|Q7UHP7|9.A.47.2.1	35.0	177	108	2	2	171	81	257	1.5e-17	85.9
BCW-200067_00712	gnl|TC-DB|Q46892|2.A.8.1.7	37.4	463	269	5	8	458	1	454	1.5e-72	270.0
BCW-200067_00713	gnl|TC-DB|O00571|1.I.1.1.3	33.3	351	211	6	19	349	181	528	3.5e-44	175.6
BCW-200067_00727	gnl|TC-DB|H8E4X1|9.B.18.1.2	93.9	526	31	1	1	526	1	525	6.7e-282	965.7
BCW-200067_00731	gnl|TC-DB|M2X4H1|2.A.102.4.9	30.6	242	151	5	2	231	75	311	5.6e-13	71.2
BCW-200067_00733	gnl|TC-DB|O34738|3.A.1.30.1	35.1	188	116	2	28	213	4	187	1.8e-18	89.4
BCW-200067_00746	gnl|TC-DB|O50455|1.A.35.3.5	30.8	234	147	2	1	233	147	366	1.7e-27	119.4
BCW-200067_00748	gnl|TC-DB|P13512|2.A.4.1.1	42.4	302	161	4	2	303	7	295	5.2e-53	204.5
BCW-200067_00751	gnl|TC-DB|P25743|2.A.95.1.7	31.4	204	140	0	4	207	10	213	2.0e-19	92.4
BCW-200067_00754	gnl|TC-DB|Q5EGM5|9.A.25.1.1	34.2	187	95	7	159	323	270	450	6.5e-17	84.7
BCW-200067_00758	gnl|TC-DB|P76350|2.A.1.6.6	38.1	412	252	2	18	426	22	433	1.5e-72	270.0
BCW-200067_00761	gnl|TC-DB|O27840|2.A.107.1.2	40.2	189	102	2	19	207	5	182	5.5e-30	127.5
BCW-200067_00799	gnl|TC-DB|E3IZF5|9.B.62.2.3	44.9	107	54	3	30	135	38	140	5.6e-13	70.9
BCW-200067_00806	gnl|TC-DB|P0A5Z2|3.A.5.2.2	56.3	444	187	3	5	445	2	441	7.4e-133	470.3
BCW-200067_00826	gnl|TC-DB|C6GYU4|2.A.76.1.9	46.9	211	110	1	1	209	1	211	3.8e-42	167.9
BCW-200067_00835	gnl|TC-DB|P76350|2.A.1.6.6	34.3	423	269	6	12	428	18	437	3.4e-59	225.7
BCW-200067_00851	gnl|TC-DB|B1W1M0|3.A.1.5.37	34.4	279	161	8	36	301	48	317	4.0e-14	75.5
BCW-200067_00852	gnl|TC-DB|W0WN20|3.A.1.5.39	35.2	335	211	3	31	363	4	334	2.4e-49	192.6
BCW-200067_00853	gnl|TC-DB|P0A5K8|1.A.22.1.2	42.3	130	66	3	1	130	1	121	5.1e-16	80.5
BCW-200067_00861	gnl|TC-DB|G4NXA5|1.A.33.1.4	59.2	625	239	7	1	623	1	611	3.1e-193	671.4
BCW-200067_00862	gnl|TC-DB|C5C6P3|2.A.1.24.5	45.8	421	220	4	12	428	8	424	8.2e-92	334.0
BCW-200067_00863	gnl|TC-DB|O00571|1.I.1.1.3	39.1	373	203	6	37	386	177	548	3.0e-60	229.6
BCW-200067_00887	gnl|TC-DB|Q47Q85|2.A.115.2.7	48.2	191	98	1	4	194	34	223	4.2e-41	164.5
BCW-200067_00898	gnl|TC-DB|Q9F349|3.A.1.5.35	52.8	267	118	2	5	263	6	272	5.1e-71	264.2
BCW-200067_00899	gnl|TC-DB|P63395|3.A.1.5.26	50.9	275	131	3	3	276	53	324	1.5e-62	236.1
BCW-200067_00921	gnl|TC-DB|I6L8P4|2.A.66.1.33	35.1	419	266	4	14	429	18	433	1.3e-56	217.2
BCW-200067_00943	gnl|TC-DB|H8E4X1|9.B.18.1.2	38.4	511	299	9	5	504	15	520	6.0e-94	341.3
BCW-200067_00947	gnl|TC-DB|F6FW65|2.A.7.21.7	42.3	312	159	3	3	295	7	316	1.9e-48	189.5
BCW-200067_00953	gnl|TC-DB|P40739|4.A.1.2.11	29.1	695	393	13	6	695	7	606	1.2e-63	241.1
BCW-200067_00962	gnl|TC-DB|Q9KDP2|2.A.9.3.6	38.5	109	63	2	52	158	47	153	2.4e-15	79.7
BCW-200067_01003	gnl|TC-DB|Q9P6J2|2.A.89.3.8	44.9	227	122	1	7	233	7	230	5.2e-40	161.0
BCW-200067_01010	gnl|TC-DB|P07821|3.A.1.14.3	43.8	235	130	1	12	244	23	257	3.5e-50	194.9
BCW-200067_01015	gnl|TC-DB|Q2J9P5|3.A.1.125.3	58.2	232	94	1	11	242	58	286	3.0e-70	261.5
BCW-200067_01028	gnl|TC-DB|Q9AK99|2.A.7.3.41	40.4	218	125	3	3	215	89	306	1.8e-31	132.9
BCW-200067_01031	gnl|TC-DB|C4PAW9|2.A.1.3.43	31.7	404	250	6	36	428	18	406	1.7e-42	170.2
BCW-200067_01057	gnl|TC-DB|D8HIS0|9.B.106.2.2	26.0	335	202	11	21	322	224	545	4.4e-17	85.5
BCW-200067_01061	gnl|TC-DB|Q9X4X4|2.A.1.30.1	25.8	384	256	8	14	392	27	386	5.7e-13	72.0
BCW-200067_01062	gnl|TC-DB|A4FP84|2.A.7.3.11	40.0	295	165	5	31	320	13	300	3.6e-42	168.7
BCW-200067_01074	gnl|TC-DB|B1W1M1|3.A.1.5.37	43.8	306	171	1	5	309	3	308	3.7e-70	261.5
BCW-200067_01075	gnl|TC-DB|Q9F351|3.A.1.5.35	40.2	276	161	1	19	294	34	305	6.4e-56	214.2
BCW-200067_01078	gnl|TC-DB|Q9F9T4|3.A.1.5.23	44.9	561	274	7	4	533	19	575	3.3e-119	425.2
BCW-200067_01081	gnl|TC-DB|Q7WWQ9|3.A.1.1.20	39.9	288	168	3	23	309	3	286	2.1e-57	219.2
BCW-200067_01082	gnl|TC-DB|Q93J92|3.A.1.1.36	30.7	319	190	6	1	309	1	298	5.0e-35	144.8
BCW-200067_01088	gnl|TC-DB|M5B8T3|2.A.102.6.1	45.2	228	124	1	11	238	3	229	9.2e-49	190.3
BCW-200067_01092	gnl|TC-DB|D2PP09|2.A.1.67.1	23.8	383	274	6	27	405	23	391	7.1e-11	65.1
BCW-200067_01142	gnl|TC-DB|P75796|3.A.1.5.11	47.1	238	125	1	1	238	343	579	2.2e-54	208.8
BCW-200067_01145	gnl|TC-DB|Q1LJ96|9.B.27.2.4	40.4	193	102	3	16	208	22	201	8.1e-33	137.1
BCW-200067_01147	gnl|TC-DB|Q186B7|1.A.16.3.3	39.4	251	149	3	6	254	4	253	1.5e-35	146.4
BCW-200067_01149	gnl|TC-DB|Q7UHP7|9.A.47.2.1	38.4	302	184	2	82	381	107	408	1.3e-56	216.9
BCW-200067_01156	gnl|TC-DB|P0A9T8|3.A.1.122.15	47.5	219	115	0	13	231	6	224	3.6e-49	191.4
BCW-200067_01161	gnl|TC-DB|P33950|3.A.1.5.27	30.6	310	180	7	73	349	71	378	2.3e-29	126.7
BCW-200067_01184	gnl|TC-DB|P46912|3.D.3.4.1	30.1	226	131	4	35	250	7	215	3.7e-26	116.3
BCW-200067_01187	gnl|TC-DB|Q9AEL8|3.D.4.4.2	49.5	214	94	3	3	214	4	205	1.9e-46	182.2
BCW-200067_01191	gnl|TC-DB|P77389|2.A.1.2.65	35.2	383	239	1	2	384	5	378	6.2e-54	208.0
BCW-200067_01204	gnl|TC-DB|P65526|2.A.36.3.3	35.7	582	309	8	3	580	15	535	1.8e-73	273.5
BCW-200067_01213	gnl|TC-DB|B8ZT62|9.B.14.3.4	38.2	272	155	3	85	356	69	327	2.6e-43	172.6
BCW-200067_01223	gnl|TC-DB|B2GH49|9.B.160.1.10	41.5	294	170	2	26	318	99	391	4.5e-47	184.9
BCW-200067_01241	gnl|TC-DB|P27844|2.A.7.7.2	37.2	293	182	1	7	299	3	293	3.6e-49	191.8
BCW-200067_01244	gnl|TC-DB|E3IZF5|9.B.62.2.3	40.0	100	59	1	30	129	38	136	3.5e-13	71.6
BCW-200067_01251	gnl|TC-DB|O05176|3.A.1.2.5	59.1	506	207	0	7	512	5	510	3.3e-169	591.3
BCW-200067_01252	gnl|TC-DB|O05177|3.A.1.2.5	40.3	380	223	2	26	404	22	398	3.0e-73	272.3
BCW-200067_01253	gnl|TC-DB|P25548|3.A.1.2.5	50.6	318	150	4	41	354	23	337	8.9e-79	290.4
BCW-200067_01317	gnl|TC-DB|P76350|2.A.1.6.6	37.6	420	255	5	23	438	21	437	2.4e-65	246.1
BCW-200067_01348	gnl|TC-DB|I7FD23|2.A.1.2.97	40.7	383	222	2	22	401	21	401	1.7e-62	236.5
BCW-200067_01355	gnl|TC-DB|P77735|8.A.5.1.6	35.4	325	187	6	1	315	1	312	1.9e-45	179.5
BCW-200067_01358	gnl|TC-DB|Q86Z14|8.A.49.1.2	28.8	479	279	16	9	472	81	512	5.4e-49	191.8
BCW-200067_01359	gnl|TC-DB|P40739|4.A.1.2.11	34.5	641	385	6	5	644	3	609	1.3e-98	357.1
BCW-200067_01371	gnl|TC-DB|P42956|4.A.2.1.5	52.1	532	186	7	15	546	12	474	1.6e-129	459.5
BCW-200067_01372	gnl|TC-DB|Q0S1M9|8.A.7.1.2	45.0	529	286	3	4	529	8	534	6.1e-108	387.9
BCW-200067_01373	gnl|TC-DB|Q0S1N3|8.A.8.1.2	45.8	83	42	2	7	89	5	84	9.6e-11	62.4
BCW-200067_01381	gnl|TC-DB|Q9KZE5|3.A.1.106.9	40.0	593	330	6	37	613	28	610	3.9e-90	328.9
BCW-200067_01383	gnl|TC-DB|O35018|2.A.1.3.30	30.8	389	261	2	27	415	22	402	8.2e-48	188.0
BCW-200067_01386	gnl|TC-DB|Q8GRB3|3.A.1.14.8	29.9	224	150	4	34	252	26	247	4.7e-17	85.1
BCW-200067_01424	gnl|TC-DB|A0JSP2|9.B.74.1.2	41.6	219	123	2	1	217	461	676	1.4e-36	149.4
BCW-200067_01426	gnl|TC-DB|P75796|3.A.1.5.11	54.5	165	75	0	1	165	406	570	1.3e-43	172.6
BCW-200067_01437	gnl|TC-DB|P08839|8.A.7.1.1	27.2	394	217	12	387	753	158	508	4.7e-29	126.3
BCW-200067_01440	gnl|TC-DB|P63395|3.A.1.5.26	55.7	176	78	0	4	179	429	604	9.4e-45	176.4
BCW-200067_01454	gnl|TC-DB|P23878|3.A.1.14.2	38.8	240	143	1	1	236	26	265	4.0e-40	161.4
BCW-200067_01462	gnl|TC-DB|P75892|2.A.40.1.3	45.1	415	211	7	12	416	14	421	9.4e-83	303.9
BCW-200067_01484	gnl|TC-DB|P64711|2.A.75.1.3	53.4	88	41	0	15	102	96	183	3.0e-19	90.9
BCW-200067_01486	gnl|TC-DB|Q9ZK21|1.C.82.1.1	52.4	231	108	1	1	229	1	231	5.3e-58	220.7
BCW-200067_01501	gnl|TC-DB|Q83MP3|2.A.103.1.7	46.5	434	223	5	27	458	15	441	6.2e-106	380.9
BCW-200067_01506	gnl|TC-DB|O34572|3.A.1.30.1	32.4	250	154	5	21	262	8	250	2.8e-18	89.0
BCW-200067_01507	gnl|TC-DB|O34362|3.A.1.30.1	34.8	566	319	7	21	580	7	528	3.1e-81	299.3
BCW-200067_01519	gnl|TC-DB|Q18BL2|3.A.1.124.6	41.4	203	117	1	1	203	5	205	2.0e-44	176.0
BCW-200067_01531	gnl|TC-DB|Q72H66|3.A.1.1.25	34.0	256	164	3	61	311	24	279	7.7e-28	120.9
BCW-200067_01532	gnl|TC-DB|O51924|3.A.1.1.7	31.2	279	184	4	1	276	25	298	1.7e-26	116.3
BCW-200067_01533	gnl|TC-DB|O30831|3.A.1.1.5	25.6	386	257	13	64	428	42	418	2.7e-18	89.7
BCW-200067_01573	gnl|TC-DB|E8MFM3|3.A.1.135.6	39.9	637	346	5	6	638	2	605	5.0e-117	418.3
BCW-200067_01574	gnl|TC-DB|J6RCW6|3.A.1.135.7	55.2	241	107	1	2	241	325	565	2.2e-70	261.9
BCW-200067_01576	gnl|TC-DB|B1MHH7|3.A.3.5.31	66.5	155	50	1	1	153	567	721	4.1e-46	180.6
BCW-200067_01581	gnl|TC-DB|Q8RJU8|3.A.1.1.18	37.6	263	158	4	41	298	46	307	3.1e-42	168.7
BCW-200067_01582	gnl|TC-DB|Q72H67|3.A.1.1.25	34.9	278	175	3	49	324	12	285	5.0e-36	148.3
BCW-200067_01586	gnl|TC-DB|Q9F3K7|3.A.1.3.24	53.8	251	110	1	15	259	3	253	5.4e-67	250.8
BCW-200067_01587	gnl|TC-DB|P42200|3.A.1.3.14	29.1	203	143	1	12	214	27	228	4.8e-16	81.3
BCW-200067_01588	gnl|TC-DB|Q8YPM7|3.A.1.3.18	36.7	207	125	2	11	211	174	380	5.2e-23	104.4
BCW-200067_01593	gnl|TC-DB|D5C355|3.A.3.2.29	49.0	896	431	6	16	897	10	893	1.1e-220	763.1
BCW-200067_01596	gnl|TC-DB|I6YB99|1.C.109.1.4	54.7	245	102	4	4	245	6	244	1.0e-55	213.4
BCW-200067_01605	gnl|TC-DB|Q9HPN8|2.A.49.6.4	28.5	358	217	12	66	395	277	623	2.2e-11	66.6
BCW-200067_01623	gnl|TC-DB|Q6LYZ4|2.A.1.54.1	25.5	310	206	6	18	311	15	315	1.8e-22	103.6
BCW-200067_01626	gnl|TC-DB|O34691|2.A.1.82.4	54.5	143	65	0	3	145	217	359	1.2e-39	159.5
BCW-200067_01628	gnl|TC-DB|Q9F350|3.A.1.5.35	46.5	254	130	2	1	248	1	254	5.5e-59	224.2
BCW-200067_01629	gnl|TC-DB|P0AFA9|3.A.1.5.3	32.1	271	181	1	6	276	4	271	1.1e-36	150.2
BCW-200067_01630	gnl|TC-DB|P42062|3.A.1.5.20	33.2	205	136	1	5	208	109	313	5.9e-27	117.5
BCW-200067_01641	gnl|TC-DB|P08007|3.A.1.5.1	30.6	209	136	2	1	206	45	247	1.9e-20	95.9
BCW-200067_01643	gnl|TC-DB|Q8R706|2.A.3.3.22	46.5	486	226	2	5	482	11	470	1.1e-113	406.8
BCW-200067_01654	gnl|TC-DB|I1WBQ5|9.B.142.5.1	31.3	252	154	6	35	278	297	537	2.9e-34	142.1
BCW-200067_01667	gnl|TC-DB|P07001|3.D.2.1.1	62.1	95	35	1	1	95	416	509	2.2e-21	97.8
BCW-200067_01668	gnl|TC-DB|P0AB67|3.D.2.1.1	70.1	468	122	5	10	471	7	462	5.0e-172	600.5
BCW-200067_01680	gnl|TC-DB|Q9HV74|2.A.21.9.1	41.4	116	58	4	183	292	863	974	1.5e-12	70.1
BCW-200067_01695	gnl|TC-DB|Q79VF1|1.A.11.1.3	42.7	440	210	8	3	419	10	430	1.5e-79	293.1
BCW-200067_01700	gnl|TC-DB|X5GWN5|3.D.10.1.6	45.2	228	121	3	28	254	29	253	1.3e-49	193.0
BCW-200067_01701	gnl|TC-DB|X5H3P0|3.D.10.1.6	47.0	598	300	7	17	608	11	597	5.0e-156	547.7
BCW-200067_01705	gnl|TC-DB|D2BKA1|3.A.1.2.17	30.9	382	212	12	7	370	3	350	4.3e-25	112.1
BCW-200067_01710	gnl|TC-DB|C1A6K8|3.A.1.147.1	38.8	237	141	1	187	419	2	238	4.4e-45	178.7
BCW-200067_01712	gnl|TC-DB|Q9F3K7|3.A.1.3.24	61.1	252	98	0	5	256	2	253	2.1e-87	318.5
BCW-200067_01713	gnl|TC-DB|Q9F3K6|3.A.1.3.24	42.2	315	167	4	1	315	1	300	5.9e-61	231.1
BCW-200067_01727	gnl|TC-DB|Q7AKP1|3.A.1.1.44	27.9	201	133	5	41	239	33	223	1.4e-12	70.9
BCW-200067_01728	gnl|TC-DB|Q93J93|3.A.1.1.36	34.5	281	176	6	15	292	39	314	5.1e-37	151.4
BCW-200067_01729	gnl|TC-DB|Q9X9R5|3.A.1.1.23	34.8	256	147	7	27	275	16	258	1.7e-21	99.8
BCW-200067_01738	gnl|TC-DB|Q1M607|3.A.3.7.2	57.3	89	35	1	5	93	100	185	5.0e-18	86.7
BCW-200067_01748	gnl|TC-DB|G4FGN6|3.A.1.1.41	34.4	276	178	3	29	302	4	278	1.1e-34	143.7
BCW-200067_01749	gnl|TC-DB|Q00750|3.A.1.1.28	31.2	292	191	6	1	289	3	287	6.2e-27	117.9
BCW-200067_01765	gnl|TC-DB|P43672|3.A.1.120.6	32.3	279	180	3	9	284	234	506	6.9e-33	137.9
BCW-200067_01777	gnl|TC-DB|P0A630|3.A.1.7.4	45.5	319	166	6	6	318	3	319	1.4e-59	226.5
BCW-200067_01778	gnl|TC-DB|Q7WTY6|3.A.1.7.2	44.9	292	149	4	76	364	24	306	1.4e-57	219.9
BCW-200067_01779	gnl|TC-DB|P0C560|3.A.1.7.2	74.5	259	65	1	1	259	1	258	7.2e-112	399.8
BCW-200067_01788	gnl|TC-DB|P77735|8.A.5.1.6	34.6	309	178	9	32	327	3	300	1.4e-36	150.2
BCW-200067_01795	gnl|TC-DB|P33950|3.A.1.5.27	26.8	355	202	10	45	359	46	382	5.2e-21	99.0
BCW-200067_01825	gnl|TC-DB|Q93N33|2.A.21.9.2	34.8	224	137	5	2	217	788	1010	5.0e-19	91.3
BCW-200067_01830	gnl|TC-DB|P77529|2.A.23.1.8	28.7	442	291	8	23	450	28	459	6.0e-40	161.8
BCW-200067_01853	gnl|TC-DB|P63391|3.A.1.21.2	41.9	596	325	7	3	586	255	841	6.6e-108	387.9
BCW-200067_01854	gnl|TC-DB|P63393|3.A.1.21.2	37.0	581	353	6	1	573	1	576	4.1e-75	278.9
BCW-200067_01855	gnl|TC-DB|Q73JF1|3.A.1.31.2	36.6	194	116	5	20	211	5	193	7.6e-27	117.1
BCW-200067_01857	gnl|TC-DB|Q8G6E9|3.A.1.31.1	38.5	470	262	9	6	461	33	489	1.9e-86	316.2
BCW-200067_01864	gnl|TC-DB|Q9V0A4|3.B.1.1.5	32.9	255	151	5	7	249	272	518	7.2e-32	134.0
BCW-200067_01870	gnl|TC-DB|P18275|2.A.3.2.3	42.0	469	262	3	18	476	14	482	4.9e-90	328.2
BCW-200067_01882	gnl|TC-DB|Q6ADZ6|4.F.1.1.7	62.8	183	68	0	7	189	6	188	4.5e-58	220.7
BCW-200067_01883	gnl|TC-DB|P21458|3.A.12.1.1	51.2	445	210	4	4	448	348	785	1.7e-122	436.0
BCW-200067_01915	gnl|TC-DB|P96593|2.A.55.3.3	45.6	395	205	6	35	427	34	420	1.1e-77	287.0
BCW-200067_01916	gnl|TC-DB|W0WMS8|3.A.1.5.39	39.7	156	94	0	1	156	136	291	5.3e-28	120.6
BCW-200067_01932	gnl|TC-DB|Q9S5Y1|3.A.1.1.22	31.9	354	236	4	47	398	22	372	1.1e-48	190.7
BCW-200067_01937	gnl|TC-DB|H5X1B8|2.A.1.21.21	31.4	379	254	2	25	400	10	385	3.9e-38	155.6
BCW-200067_01945	gnl|TC-DB|Q9KD98|2.A.63.1.2	41.3	458	238	7	60	514	59	488	5.4e-82	301.6
BCW-200067_01946	gnl|TC-DB|Q7AJW0|2.A.63.1.2	43.9	98	55	0	6	103	4	101	3.5e-12	68.2
BCW-200067_01947	gnl|TC-DB|Q52978|2.A.63.1.1	33.3	982	593	19	4	959	31	976	8.4e-113	404.8
BCW-200067_01949	gnl|TC-DB|P75810|2.A.1.60.2	39.4	376	221	3	9	384	7	375	4.0e-64	241.9
BCW-200067_02035	gnl|TC-DB|P76037|2.A.3.1.13	45.3	428	230	2	1	427	35	459	2.8e-100	362.1
BCW-200067_02038	gnl|TC-DB|P11024|3.D.2.3.1	31.8	346	193	10	1	318	57	387	3.2e-25	112.5
BCW-200067_02046	gnl|TC-DB|Q8NSN2|3.A.1.24.4	53.1	322	147	3	4	325	25	342	9.6e-88	320.1
BCW-200067_02047	gnl|TC-DB|Q8NSN3|3.A.1.24.4	43.6	211	119	0	9	219	12	222	4.9e-45	177.6
BCW-200067_02076	gnl|TC-DB|Q9KXM5|3.A.3.23.1	45.3	362	191	4	10	366	441	800	3.7e-75	278.9
BCW-200067_02081	gnl|TC-DB|D9X7X8|2.A.1.3.38	40.1	399	237	2	44	441	42	439	2.4e-60	229.6
BCW-200067_02085	gnl|TC-DB|P13738|2.A.33.1.1	39.0	364	204	7	12	362	16	374	8.0e-51	197.6
BCW-200067_02088	gnl|TC-DB|Q93KB9|3.A.1.1.11	32.8	287	187	4	11	292	14	299	3.5e-38	155.2
BCW-200067_02089	gnl|TC-DB|Q93KC0|3.A.1.1.11	38.1	294	172	4	14	305	6	291	1.2e-52	203.4
BCW-200067_02100	gnl|TC-DB|P23958|1.A.8.10.11	37.4	219	115	6	3	201	18	234	1.1e-20	96.7
BCW-200067_02106	gnl|TC-DB|Q9XIA9|4.C.1.1.14	24.8	584	383	15	58	600	90	658	2.4e-41	166.8
BCW-200067_02111	gnl|TC-DB|Q9KXJ5|3.A.1.32.1	43.6	188	98	3	1	181	96	282	2.9e-33	138.3
BCW-200067_02168	gnl|TC-DB|P75798|3.A.1.5.11	32.7	312	201	3	1	311	1	304	2.3e-40	162.5
BCW-200067_02169	gnl|TC-DB|Q93IU0|3.A.1.5.36	48.9	268	135	2	337	603	7	273	5.8e-67	251.9
BCW-200067_02170	gnl|TC-DB|Q9X272|3.A.1.5.15	50.2	263	127	3	4	265	12	271	1.8e-68	255.8
BCW-200067_02177	gnl|TC-DB|P50002|3.A.2.1.5	61.8	466	173	2	15	480	5	465	1.6e-160	562.4
BCW-200067_02178	gnl|TC-DB|P0ABA6|3.A.2.1.1	33.3	294	180	5	9	300	8	287	1.6e-38	156.4
BCW-200067_02179	gnl|TC-DB|P29706|3.A.2.1.2	57.1	508	209	2	4	511	1	499	1.5e-159	559.3
BCW-200067_02197	gnl|TC-DB|D8HIS0|9.B.106.2.2	36.7	316	160	12	1	282	213	522	5.7e-37	152.1
BCW-200067_02203	gnl|TC-DB|F4K2G0|3.D.1.8.1	43.5	168	66	7	18	181	103	245	7.0e-24	107.1
BCW-200067_02209	gnl|TC-DB|O31712|3.A.1.122.2	27.8	252	166	6	10	251	150	395	2.5e-16	82.4
BCW-200067_02226	gnl|TC-DB|Q2BM70|3.A.1.17.4	24.4	250	181	3	25	268	58	305	1.1e-12	70.5
BCW-200067_02227	gnl|TC-DB|P38046|3.A.1.16.1	42.5	252	140	3	12	260	13	262	1.9e-51	199.1
BCW-200067_02232	gnl|TC-DB|A4X503|2.A.3.14.1	46.8	637	334	3	18	651	10	644	5.8e-153	537.7
BCW-200067_02236	gnl|TC-DB|T5KMB8|2.A.1.2.94	31.9	373	249	4	65	434	75	445	2.3e-46	183.0
BCW-200067_02238	gnl|TC-DB|O32095|2.A.86.1.8	22.9	336	240	4	33	352	8	340	1.9e-12	70.1
BCW-200067_02243	gnl|TC-DB|Q93KC0|3.A.1.1.11	38.5	275	164	4	15	287	8	279	1.2e-46	183.3
BCW-200067_02244	gnl|TC-DB|D6ZW62|3.A.1.1.48	36.2	224	138	4	65	283	93	316	7.5e-30	127.5
BCW-200067_02260	gnl|TC-DB|Q9UEF7|8.A.49.1.1	28.5	480	289	14	8	468	61	505	4.0e-44	175.6
BCW-200067_02261	gnl|TC-DB|Q8GGK3|4.A.1.2.5	44.5	593	315	6	3	588	6	591	9.1e-129	457.2
BCW-200067_02263	gnl|TC-DB|B1W1M2|3.A.1.5.37	30.5	502	326	12	14	497	13	509	6.1e-57	218.4
BCW-200067_02272	gnl|TC-DB|P38046|3.A.1.16.1	42.3	253	136	5	7	252	17	266	3.9e-49	191.4
BCW-200067_02291	gnl|TC-DB|J6RCW6|3.A.1.135.7	42.3	560	321	2	13	571	3	561	1.0e-118	423.7
BCW-200067_02293	gnl|TC-DB|Q9X897|2.A.4.8.1	63.5	208	73	1	1	205	1	208	1.5e-60	229.2
BCW-200067_02294	gnl|TC-DB|P77735|8.A.5.1.6	51.7	325	154	2	11	334	1	323	3.3e-93	338.2
BCW-200067_02307	gnl|TC-DB|A2RKA5|3.A.1.2.17	40.3	300	168	4	140	430	18	315	1.5e-50	196.8
BCW-200067_02308	gnl|TC-DB|O83342|3.A.1.2.10	37.3	284	169	4	139	418	111	389	7.6e-37	151.4
BCW-200067_02309	gnl|TC-DB|A2RKA7|3.A.1.2.17	49.2	498	250	3	3	498	7	503	3.9e-130	461.5
BCW-200067_02310	gnl|TC-DB|Q8NSN1|3.A.1.24.4	41.0	261	151	3	33	292	37	295	1.6e-46	183.0
BCW-200067_02313	gnl|TC-DB|Q53902|2.A.6.5.1	38.0	718	391	9	19	730	17	686	3.3e-104	375.9
BCW-200067_02323	gnl|TC-DB|P37643|2.A.1.6.10	38.2	419	251	5	23	437	20	434	8.1e-74	274.2
BCW-200067_02326	gnl|TC-DB|O51924|3.A.1.1.7	33.0	276	168	6	23	294	30	292	3.1e-29	125.6
BCW-200067_02327	gnl|TC-DB|Q7WWQ8|3.A.1.1.20	27.6	275	175	6	24	282	17	283	3.5e-19	92.0
BCW-200067_02342	gnl|TC-DB|O32182|2.A.1.3.33	33.7	427	270	4	21	447	16	429	2.4e-67	253.1
BCW-200067_02349	gnl|TC-DB|F0N2E7|2.A.109.1.2	35.2	330	182	5	4	319	9	320	2.2e-49	192.6
BCW-200067_02353	gnl|TC-DB|P72884|3.A.1.103.5	40.5	257	136	4	4	243	3	259	9.7e-50	193.4
BCW-200067_02354	gnl|TC-DB|Q48475|3.A.1.103.1	30.0	243	160	3	19	257	16	252	1.7e-28	122.9
BCW-200067_02370	gnl|TC-DB|P72884|3.A.1.103.5	45.8	253	120	4	16	251	5	257	3.0e-64	242.3
BCW-200067_02379	gnl|TC-DB|T5KJT2|9.B.126.1.3	31.6	323	210	5	9	325	27	344	1.1e-27	120.6
BCW-200067_02397	gnl|TC-DB|D7V8E7|1.A.8.2.6	52.9	242	105	3	6	246	6	239	1.4e-59	226.1
BCW-200067_02401	gnl|TC-DB|O34362|3.A.1.30.1	43.9	132	70	1	1	132	373	500	2.9e-24	107.8
BCW-200067_02405	gnl|TC-DB|Q7AKK4|3.A.1.105.14	38.8	309	175	6	1	297	1	307	2.2e-48	189.1
BCW-200067_02406	gnl|TC-DB|G0Q3D4|3.A.1.105.11	28.4	208	138	6	42	245	17	217	2.0e-11	66.2
BCW-200067_02414	gnl|TC-DB|Q6SJ76|2.A.7.3.67	36.7	270	171	0	4	273	8	277	2.9e-43	172.2
BCW-200067_02419	gnl|TC-DB|Q45409|8.A.3.3.3	28.4	359	240	4	98	444	371	724	1.1e-28	124.4
BCW-200067_02428	gnl|TC-DB|Q9HV74|2.A.21.9.1	26.3	278	181	6	276	537	705	974	1.1e-13	74.7
BCW-200067_02456	gnl|TC-DB|P32011|3.A.1.105.1	36.7	283	171	4	1	278	1	280	4.1e-36	148.3
BCW-200067_02468	gnl|TC-DB|916553301|2.A.1.71.3	38.0	342	201	3	30	368	1	334	3.0e-48	189.1
BCW-200067_02473	gnl|TC-DB|Q9X4X4|2.A.1.30.1	35.1	522	321	6	10	521	12	525	2.7e-68	256.1
BCW-200067_02495	gnl|TC-DB|Q93A34|3.A.1.12.8	35.1	188	120	1	26	213	18	203	3.7e-22	101.7
BCW-200067_02496	gnl|TC-DB|Q93A34|3.A.1.12.8	33.9	189	122	1	9	197	13	198	3.8e-19	91.7
BCW-200067_02497	gnl|TC-DB|Q45460|3.A.1.12.3	52.6	247	116	1	3	249	2	247	3.5e-72	268.1
BCW-200067_02501	gnl|TC-DB|Q53716|3.A.1.105.2	53.4	253	106	4	16	258	3	253	1.6e-64	242.7
BCW-200067_02504	gnl|TC-DB|B8H229|3.A.1.2.21	38.2	191	113	4	15	204	285	471	3.6e-25	111.7
BCW-200067_02516	gnl|TC-DB|Q03030|3.B.1.1.1	25.9	382	243	8	1	365	232	590	1.5e-17	87.0
BCW-200067_02519	gnl|TC-DB|P31466|2.A.40.7.6	35.9	465	260	10	12	472	7	437	2.8e-61	232.6
BCW-200067_02520	gnl|TC-DB|Q7WWQ9|3.A.1.1.20	32.7	263	168	5	30	290	12	267	2.4e-32	136.0
BCW-200067_02521	gnl|TC-DB|Q72H66|3.A.1.1.25	28.3	269	188	2	9	275	14	279	2.4e-25	112.5
BCW-200067_02528	gnl|TC-DB|P0A2L3|9.A.40.1.2	30.7	261	175	3	175	433	32	288	6.2e-31	131.7
BCW-200067_02529	gnl|TC-DB|Q0PBV6|9.A.40.2.2	31.8	346	223	5	5	343	19	358	3.9e-44	175.3
BCW-200067_02532	gnl|TC-DB|P75901|2.A.108.2.3	36.3	278	151	5	1	275	1	255	7.9e-33	137.5
BCW-200067_02548	gnl|TC-DB|Q9RJ23|2.A.20.1.6	57.1	371	152	4	1	371	1	364	1.1e-104	376.7
BCW-200067_02552	gnl|TC-DB|P39886|2.A.1.3.12	32.0	507	309	8	12	487	16	517	1.5e-62	236.9
BCW-200067_02568	gnl|TC-DB|Q9FI56|3.A.9.1.2	57.1	815	333	5	1	806	94	900	1.0e-263	906.0
BCW-200067_02584	gnl|TC-DB|D9X7X8|2.A.1.3.38	31.5	438	271	9	2	417	16	446	2.5e-23	106.7
BCW-200067_02601	gnl|TC-DB|Q03024|3.A.1.110.4	44.2	138	60	4	21	151	418	545	2.2e-16	82.0
BCW-200067_02611	gnl|TC-DB|Q8YXD0|3.A.1.4.6	38.0	279	167	5	155	431	9	283	4.7e-39	158.7
BCW-200067_02612	gnl|TC-DB|Q8YY08|3.A.1.4.6	33.2	373	180	10	19	329	12	377	5.5e-40	161.4
BCW-200067_02613	gnl|TC-DB|Q55164|3.A.1.4.2	46.4	248	132	1	47	293	18	265	2.3e-57	219.2
BCW-200067_02614	gnl|TC-DB|Q8YT15|3.A.1.4.6	51.3	232	113	0	22	253	11	242	1.9e-64	242.3
BCW-200067_02622	gnl|TC-DB|Q72H68|3.A.1.1.25	25.6	285	188	9	137	400	133	414	7.2e-13	71.6
BCW-200067_02627	gnl|TC-DB|F5AT04|3.A.1.149.1	31.1	222	145	8	3	219	4	222	1.8e-21	99.8
BCW-200067_02629	gnl|TC-DB|Q9RQ06|3.A.1.12.5	47.7	396	203	3	11	403	5	399	1.6e-95	346.3
BCW-200067_02630	gnl|TC-DB|P14176|3.A.1.12.1	45.3	276	151	0	6	281	62	337	5.1e-59	224.6
BCW-200067_02631	gnl|TC-DB|Q9HZ04|3.A.1.12.12	34.2	281	172	7	16	290	11	284	2.4e-39	159.1
BCW-200067_02641	gnl|TC-DB|Q93PJ7|3.A.1.5.40	36.1	252	156	3	38	289	15	261	3.1e-37	152.1
BCW-200067_02642	gnl|TC-DB|W0WN20|3.A.1.5.39	35.2	338	183	7	1	306	1	334	3.5e-41	165.2
BCW-200067_02650	gnl|TC-DB|Q9L0Q1|3.A.1.1.33	67.5	378	103	4	1	359	1	377	5.7e-139	490.3
BCW-200067_02657	gnl|TC-DB|B0SUU5|2.A.19.8.1	45.3	364	183	4	5	362	11	364	3.3e-74	275.4
BCW-200067_02661	gnl|TC-DB|I7FD23|2.A.1.2.97	33.3	393	258	2	43	434	11	400	5.1e-49	191.8
BCW-200067_02665	gnl|TC-DB|Q7WTY7|3.A.1.7.2	38.5	327	183	6	12	327	26	345	2.3e-41	166.0
BCW-200067_02666	gnl|TC-DB|Q7WTY6|3.A.1.7.2	40.0	245	143	2	95	337	24	266	8.2e-41	164.5
BCW-200067_02677	gnl|TC-DB|O50455|1.A.35.3.5	38.1	344	189	6	3	333	34	366	4.2e-56	214.9
BCW-200067_02687	gnl|TC-DB|P37643|2.A.1.6.10	55.7	438	177	5	11	448	16	436	2.4e-118	422.2
BCW-200067_02690	gnl|TC-DB|P50332|3.A.1.102.1	48.1	291	145	3	11	300	60	345	2.6e-68	255.4
BCW-200067_02693	gnl|TC-DB|P0A2L3|9.A.40.1.2	33.6	232	150	2	163	393	33	261	1.2e-39	160.6
BCW-200067_02708	gnl|TC-DB|Q5KYD1|2.A.17.1.7	43.8	480	262	5	21	493	18	496	3.5e-99	358.6
BCW-200067_02709	gnl|TC-DB|Q0S4G7|2.A.1.3.64	31.0	465	304	7	12	460	44	507	1.1e-46	184.1
BCW-200067_02712	gnl|TC-DB|D9X7X8|2.A.1.3.38	37.2	392	237	5	27	415	35	420	3.2e-52	202.6
BCW-200067_02716	gnl|TC-DB|D6ZW63|3.A.1.1.48	41.2	277	148	5	39	303	49	322	3.3e-47	185.3
BCW-200067_02717	gnl|TC-DB|Q9X9R5|3.A.1.1.23	28.7	275	185	5	32	305	11	275	8.4e-27	117.5
BCW-200067_02721	gnl|TC-DB|P43672|3.A.1.120.6	34.2	514	331	5	5	515	3	512	5.8e-82	301.6
BCW-200067_02737	gnl|TC-DB|Q4VWC9|3.A.1.105.4	39.8	226	128	3	29	246	352	577	4.9e-36	147.9
BCW-200067_02744	gnl|TC-DB|D8HIS0|9.B.106.2.2	33.2	304	172	8	1	274	200	502	2.5e-33	140.2
BCW-200067_02752	gnl|TC-DB|P48245|3.A.1.3.9	36.2	229	137	4	40	263	3	227	1.8e-24	109.8
BCW-200067_02753	gnl|TC-DB|P48244|3.A.1.3.9	42.1	183	92	3	10	181	30	209	1.1e-24	109.8
BCW-200067_02769	gnl|TC-DB|Q9Z3R6|3.A.1.1.8	46.1	271	142	3	171	438	57	326	1.6e-58	223.4
BCW-200067_02770	gnl|TC-DB|Q55473|3.A.1.1.32	48.8	289	123	4	42	324	28	297	9.1e-72	266.9
BCW-200067_02799	gnl|TC-DB|Q45082|2.A.1.6.5	35.7	414	260	6	13	421	32	444	2.3e-62	236.1
BCW-200067_02800	gnl|TC-DB|P73721|3.A.1.3.12	52.2	245	114	1	8	249	4	248	5.4e-64	240.7
BCW-200067_02801	gnl|TC-DB|P54536|3.A.1.3.15	29.7	202	138	2	62	262	4	202	6.9e-23	104.4
BCW-200067_02802	gnl|TC-DB|Q9HU31|3.A.1.3.23	29.8	205	134	5	7	208	43	240	2.5e-12	68.9
BCW-200067_02821	gnl|TC-DB|Q5SMG8|1.A.26.1.2	36.9	130	77	1	265	394	128	252	3.3e-13	72.8
BCW-200067_02825	gnl|TC-DB|P66791|3.A.5.2.2	44.2	77	43	0	4	80	1	77	2.4e-13	70.9
BCW-200067_02831	gnl|TC-DB|P63391|3.A.1.21.2	28.5	228	141	5	62	288	35	241	7.1e-15	77.8
BCW-200067_02832	gnl|TC-DB|Q9S215|3.A.1.14.22	62.6	254	94	1	14	266	22	275	1.1e-89	326.2
BCW-200067_02833	gnl|TC-DB|P23877|3.A.1.14.2	43.4	318	175	2	8	320	13	330	1.7e-54	209.5
BCW-200067_02836	gnl|TC-DB|P25256|3.A.1.120.2	32.8	543	300	18	15	527	19	526	2.6e-42	169.9
BCW-200067_02837	gnl|TC-DB|F0T6S5|1.A.78.2.6	31.0	184	124	2	6	186	13	196	2.8e-16	82.0
BCW-200067_02842	gnl|TC-DB|Q8G848|3.A.1.2.23	53.4	290	123	7	48	332	39	321	5.6e-72	267.7
BCW-200067_02845	gnl|TC-DB|P32703|2.A.36.3.1	37.8	286	165	7	13	285	13	298	1.0e-31	134.8
BCW-200067_02848	gnl|TC-DB|Q932J9|3.A.7.17.1	25.5	1030	672	24	207	1194	203	1179	4.3e-76	283.5
BCW-200067_02880	gnl|TC-DB|Q7W0Q7|2.A.1.46.1	36.0	405	233	7	30	434	13	391	6.4e-60	228.0
BCW-200067_02895	gnl|TC-DB|Q8G847|3.A.1.2.23	61.0	503	196	0	2	504	1	503	1.8e-178	622.1
BCW-200067_02896	gnl|TC-DB|Q8G846|3.A.1.2.23	52.7	334	146	3	2	330	11	337	1.4e-73	273.1
BCW-200067_02897	gnl|TC-DB|Q8G845|3.A.1.2.23	52.1	315	148	3	38	351	20	332	1.0e-76	283.5
BCW-200067_02910	gnl|TC-DB|O50481|2.A.78.2.2	46.8	231	118	3	34	263	12	238	4.9e-39	157.9
BCW-200067_02921	gnl|TC-DB|Q9F9T7|3.A.1.5.23	22.2	563	366	8	38	582	47	555	7.9e-29	125.2
BCW-200067_02922	gnl|TC-DB|O86573|3.A.1.5.34	41.4	133	78	0	368	500	199	331	4.0e-26	115.9
BCW-200067_02923	gnl|TC-DB|P66964|3.A.1.5.26	38.6	303	167	4	15	314	2	288	1.3e-47	186.8
BCW-200067_02925	gnl|TC-DB|P75796|3.A.1.5.11	46.1	583	282	7	17	567	8	590	9.7e-133	470.3
BCW-200067_02928	gnl|TC-DB|Q93J93|3.A.1.1.36	41.5	282	157	4	10	289	41	316	3.0e-50	195.3
BCW-200067_02929	gnl|TC-DB|Q9WYR1|3.A.1.1.39	34.8	247	159	2	55	299	24	270	6.9e-42	167.5
BCW-200067_02937	gnl|TC-DB|O31711|3.A.1.122.2	47.2	218	114	1	10	226	1	218	3.6e-54	208.0
BCW-200067_02945	gnl|TC-DB|P72958|2.A.47.4.1	27.3	601	349	7	7	529	16	606	1.7e-38	157.1
BCW-200067_02961	gnl|TC-DB|Q9WYB4|3.A.1.1.37	31.5	270	176	5	2	267	23	287	3.7e-26	115.2
BCW-200067_02962	gnl|TC-DB|Q9WYR1|3.A.1.1.39	32.1	240	151	5	39	273	38	270	3.5e-32	135.2
BCW-200067_02969	gnl|TC-DB|A1B619|3.A.2.1.7	31.0	258	161	7	35	289	5	248	6.5e-13	71.2
BCW-200067_02979	gnl|TC-DB|Q47PP1|9.B.169.1.10	33.1	402	187	15	17	353	49	433	2.7e-24	109.4
BCW-200067_02984	gnl|TC-DB|P42670|2.A.1.3.11	33.7	415	260	8	13	418	28	436	2.7e-48	189.5
BCW-200067_03018	gnl|TC-DB|P69451|4.C.1.1.4	32.1	517	290	11	33	493	39	550	9.1e-63	237.7
BCW-200067_03023	gnl|TC-DB|P69451|4.C.1.1.4	35.3	558	350	8	5	558	2	552	7.8e-87	317.8
BCW-200067_03035	gnl|TC-DB|H5X1B8|2.A.1.21.21	33.5	400	245	5	29	419	7	394	1.4e-43	173.7
BCW-200067_03041	gnl|TC-DB|D3LPG3|2.A.86.1.6	62.7	59	22	0	1	59	609	667	6.8e-12	66.2
BCW-200067_03043	gnl|TC-DB|G3IME2|9.B.35.1.2	42.5	113	57	4	2	106	29	141	4.8e-14	73.6
BCW-200067_03047	gnl|TC-DB|P0A2V4|3.A.1.5.10	42.4	99	57	0	4	102	173	271	4.3e-20	93.6
BCW-200067_03059	gnl|TC-DB|Q7NL25|3.A.1.106.11	37.6	548	325	7	36	573	51	591	3.0e-81	299.3
BCW-200067_03060	gnl|TC-DB|P63393|3.A.1.21.2	33.7	413	243	10	152	546	171	570	4.2e-37	152.5
BCW-200067_03061	gnl|TC-DB|Q9HQ19|3.A.1.14.9	39.8	289	167	3	92	380	81	362	1.4e-42	170.2
BCW-200067_03079	gnl|TC-DB|Q939U6|5.A.1.2.7	33.2	220	135	5	17	228	9	224	2.8e-20	95.5
BCW-200067_03095	gnl|TC-DB|P63395|3.A.1.5.26	41.1	124	67	3	4	121	155	278	3.6e-17	84.3
BCW-200067_03096	gnl|TC-DB|G0LRW8|3.A.1.15.15	25.8	240	176	2	33	271	23	261	7.9e-19	90.9
BCW-200067_03100	gnl|TC-DB|Q9X2F5|3.A.1.1.22	47.7	214	111	1	97	310	620	832	8.8e-48	187.2
BCW-200067_03101	gnl|TC-DB|P02916|3.A.1.1.1	33.1	522	308	12	38	538	10	511	2.4e-64	243.0
BCW-200067_03115	gnl|TC-DB|Q9FI56|3.A.9.1.2	47.3	723	298	6	16	719	257	915	1.1e-178	623.2
BCW-200067_03123	gnl|TC-DB|C9XJX0|3.A.1.147.6	39.0	77	47	0	1	77	169	245	2.2e-12	68.6
BCW-200067_03144	gnl|TC-DB|Q9F3K7|3.A.1.3.24	64.7	252	89	0	6	257	2	253	6.5e-89	323.6
BCW-200067_03145	gnl|TC-DB|Q9F3K6|3.A.1.3.24	37.3	279	168	3	36	314	17	288	1.2e-44	176.8
BCW-200067_03151	gnl|TC-DB|Q1M605|3.A.3.7.2	53.4	560	247	4	11	561	5	559	7.7e-151	530.4
BCW-200067_03152	gnl|TC-DB|Q1M606|3.A.3.7.2	60.1	692	248	8	34	720	15	683	1.1e-202	703.0
BCW-200067_03162	gnl|TC-DB|Q72H66|3.A.1.1.25	39.8	274	163	1	9	280	6	279	1.1e-49	193.4
BCW-200067_03163	gnl|TC-DB|O51924|3.A.1.1.7	34.9	284	170	5	28	303	17	293	6.3e-38	154.5
BCW-200067_03173	gnl|TC-DB|Q9KZE5|3.A.1.106.9	40.8	201	117	2	14	213	392	591	1.6e-32	136.0
BCW-200067_03186	gnl|TC-DB|Q8KN17|3.A.1.1.33	46.0	276	146	3	6	279	3	277	2.0e-59	225.7
BCW-200067_03187	gnl|TC-DB|Q9KZ07|3.A.1.1.44	26.7	303	193	10	33	317	38	329	8.8e-19	90.9
BCW-200067_03189	gnl|TC-DB|A4QA05|2.A.11.1.6	69.7	522	134	6	7	511	11	525	1.1e-183	639.4
BCW-200067_03198	gnl|TC-DB|P23876|3.A.1.14.2	54.0	87	39	1	6	92	244	329	9.2e-20	92.4
BCW-200067_03199	gnl|TC-DB|Q2PGB8|3.A.1.120.5	37.3	185	100	3	5	180	308	485	8.2e-22	100.1
BCW-200067_03203	gnl|TC-DB|Q54806|2.A.1.3.5	31.2	496	307	9	3	496	23	486	3.1e-45	179.5
BCW-200067_03218	gnl|TC-DB|Q9L1B4|2.A.1.3.19	35.8	528	298	10	8	532	19	508	9.5e-58	221.1
BCW-200067_03235	gnl|TC-DB|A8ILY4|9.B.115.1.4	43.4	286	114	8	2	265	49	308	9.6e-46	180.3
BCW-200067_03245	gnl|TC-DB|A7NH43|3.A.1.17.8	30.9	217	145	2	12	228	55	266	5.2e-24	107.8
