BCW-200319_00020	gnl|TC-DB|P69874|3.A.1.11.1	45.8	312	149	3	9	320	23	314	7.8e-71	263.8
BCW-200319_00023	gnl|TC-DB|P0AG96|3.A.5.1.1	87.4	127	16	0	1	127	1	127	9.8e-54	205.7
BCW-200319_00026	gnl|TC-DB|Q9ZK21|1.C.82.1.1	51.1	223	109	0	3	225	4	226	6.4e-59	223.8
BCW-200319_00032	gnl|TC-DB|G3IME2|9.B.35.1.2	36.0	114	70	2	28	139	29	141	5.5e-18	87.0
BCW-200319_00056	gnl|TC-DB|Q51485|1.B.19.1.1	47.9	438	216	5	17	445	20	454	2.2e-116	415.6
BCW-200319_00059	gnl|TC-DB|P0ABK2|3.D.4.3.2	29.1	371	213	9	5	332	7	370	4.9e-36	148.3
BCW-200319_00068	gnl|TC-DB|Q46892|2.A.8.1.7	65.6	427	144	1	28	451	28	454	1.1e-147	519.6
BCW-200319_00070	gnl|TC-DB|A9BQS6|2.A.7.37.1	58.7	121	50	0	1	121	1	121	1.5e-33	138.7
BCW-200319_00082	gnl|TC-DB|Q9F3K6|3.A.1.3.24	46.2	275	141	3	20	294	21	288	1.1e-58	223.4
BCW-200319_00083	gnl|TC-DB|Q9F3K7|3.A.1.3.24	61.6	250	96	0	7	256	4	253	1.3e-84	309.3
BCW-200319_00084	gnl|TC-DB|P0A843|2.A.64.1.1	68.7	67	17	1	1	63	1	67	6.8e-16	79.0
BCW-200319_00090	gnl|TC-DB|P0ABG7|2.A.103.1.2	87.8	370	45	0	1	370	1	370	1.7e-183	638.3
BCW-200319_00096	gnl|TC-DB|P0ADC1|1.B.42.1.2	55.6	189	78	1	5	187	4	192	1.1e-51	199.5
BCW-200319_00099	gnl|TC-DB|P0AAG3|3.A.1.3.4	90.5	241	23	0	1	241	1	241	6.0e-121	429.9
BCW-200319_00100	gnl|TC-DB|P0AER5|3.A.1.3.4	83.8	222	36	0	1	222	1	222	4.6e-99	357.1
BCW-200319_00101	gnl|TC-DB|P0AER3|3.A.1.3.4	83.7	246	39	1	1	245	1	246	9.5e-114	406.0
BCW-200319_00102	gnl|TC-DB|P37902|3.A.1.3.4	81.6	309	50	1	1	309	1	302	1.5e-143	505.4
BCW-200319_00104	gnl|TC-DB|P0A2L3|9.A.40.1.2	84.6	292	45	0	1	292	1	292	7.8e-139	489.6
BCW-200319_00121	gnl|TC-DB|P09323|4.A.1.1.2	79.8	647	130	1	2	648	1	646	3.7e-282	966.8
BCW-200319_00124	gnl|TC-DB|P0AAD2|2.A.42.1.2	61.7	413	158	0	1	413	1	413	1.6e-137	485.7
BCW-200319_00140	gnl|TC-DB|B1HGV3|9.B.211.1.1	52.9	323	140	2	6	328	7	317	1.1e-83	306.6
BCW-200319_00146	gnl|TC-DB|X5H3P0|3.D.10.1.6	54.2	590	258	8	7	588	12	597	2.0e-178	622.1
BCW-200319_00147	gnl|TC-DB|X5GWN5|3.D.10.1.6	51.7	234	106	5	4	236	27	254	7.7e-68	253.4
BCW-200319_00152	gnl|TC-DB|P0ABJ9|3.D.4.3.2	87.9	522	63	0	1	522	1	522	7.9e-267	915.6
BCW-200319_00153	gnl|TC-DB|P0ABK2|3.D.4.3.2	79.7	379	77	0	1	379	1	379	4.5e-179	623.6
BCW-200319_00155	gnl|TC-DB|P0AAV0|8.A.79.1.1	71.9	96	27	0	1	96	1	96	9.2e-36	145.6
BCW-200319_00157	gnl|TC-DB|P0ABU9|1.A.30.2.2	92.4	223	17	0	1	223	1	223	1.0e-109	392.5
BCW-200319_00158	gnl|TC-DB|P0ABV8|1.A.30.2.2	84.6	143	21	1	1	143	1	142	7.1e-61	229.6
BCW-200319_00159	gnl|TC-DB|P19934|2.C.1.2.1	67.5	126	39	1	303	426	296	421	6.2e-36	148.3
BCW-200319_00160	gnl|TC-DB|P0A855|2.C.1.2.1	87.7	430	53	0	1	430	1	430	2.6e-135	478.4
BCW-200319_00161	gnl|TC-DB|C6EJJ6|2.C.1.2.1	72.3	173	47	1	1	172	1	173	2.0e-62	235.0
BCW-200319_00162	gnl|TC-DB|P45955|2.C.1.2.1	74.2	194	46	1	1	194	1	190	1.1e-54	209.9
BCW-200319_00170	gnl|TC-DB|P94575|2.A.39.3.4	32.7	471	310	4	20	486	10	477	5.5e-76	281.6
BCW-200319_00188	gnl|TC-DB|P35113|3.A.1.3.6	31.6	209	133	2	14	212	10	218	5.0e-21	97.8
BCW-200319_00189	gnl|TC-DB|P0AFT2|3.A.1.3.10	34.8	207	133	2	8	213	10	215	5.8e-30	127.5
BCW-200319_00190	gnl|TC-DB|Q9I488|3.A.1.3.21	57.3	239	102	0	3	241	1	239	2.0e-71	265.4
BCW-200319_00194	gnl|TC-DB|G3IME2|9.B.35.1.2	38.9	113	66	2	2	111	29	141	3.4e-18	87.4
BCW-200319_00195	gnl|TC-DB|Q46821|2.A.40.3.3	41.3	419	238	5	13	426	28	443	2.6e-77	285.8
BCW-200319_00215	gnl|TC-DB|A0RZH5|1.B.1.1.8	79.6	383	70	2	2	376	1	383	3.6e-173	604.0
BCW-200319_00218	gnl|TC-DB|G8WDN4|2.A.76.1.10	64.6	209	73	1	1	208	1	209	2.5e-70	261.5
BCW-200319_00219	gnl|TC-DB|P37002|1.A.43.1.1	58.2	122	51	0	1	122	1	122	1.7e-34	141.7
BCW-200319_00232	gnl|TC-DB|Q5V9S2|3.A.1.5.22	22.4	474	327	16	37	488	50	504	9.4e-18	88.2
BCW-200319_00233	gnl|TC-DB|W0WLZ8|3.A.1.5.39	43.8	210	114	2	13	218	22	231	2.3e-42	168.7
BCW-200319_00234	gnl|TC-DB|P75796|3.A.1.5.11	43.2	266	140	5	4	258	8	273	6.1e-48	187.6
BCW-200319_00235	gnl|TC-DB|W0WMS8|3.A.1.5.39	46.2	266	137	1	27	286	36	301	1.1e-57	219.9
BCW-200319_00236	gnl|TC-DB|W0WN20|3.A.1.5.39	41.4	324	187	2	29	351	12	333	7.6e-64	240.7
BCW-200319_00237	gnl|TC-DB|W0WKZ8|3.A.1.5.39	26.7	531	334	21	7	506	10	516	6.5e-27	118.6
BCW-200319_00238	gnl|TC-DB|Q93GK6|9.B.2.1.9	32.7	196	129	1	14	206	20	215	1.2e-22	103.2
BCW-200319_00239	gnl|TC-DB|D4ZZR3|9.B.34.1.3	38.4	172	96	4	430	595	225	392	1.9e-23	107.8
BCW-200319_00243	gnl|TC-DB|P0AEY1|2.A.95.1.1	77.8	221	49	0	1	221	1	221	1.3e-88	322.4
BCW-200319_00245	gnl|TC-DB|P25744|2.A.1.2.20	60.2	397	154	2	3	399	11	403	9.5e-127	449.9
BCW-200319_00264	gnl|TC-DB|Q53148|2.A.3.5.1	38.0	397	222	8	6	394	39	419	2.3e-57	219.5
BCW-200319_00268	gnl|TC-DB|G4QI94|1.B.48.1.5	32.7	223	140	3	6	221	10	229	7.0e-31	130.6
BCW-200319_00278	gnl|TC-DB|Q9I6X6|2.A.6.2.27	35.6	362	220	7	17	374	9	361	5.7e-41	164.9
BCW-200319_00279	gnl|TC-DB|Q9I6X4|2.A.6.2.27	44.6	1000	553	1	8	1006	3	1002	1.9e-232	802.4
BCW-200319_00281	gnl|TC-DB|G4NXW2|2.A.76.1.8	25.4	201	133	3	1	187	8	205	4.1e-11	64.7
BCW-200319_00295	gnl|TC-DB|P0AD99|2.A.26.1.10	77.8	433	96	0	18	450	1	433	1.8e-190	661.8
BCW-200319_00296	gnl|TC-DB|P37460|2.A.3.1.6	80.3	447	88	0	2	448	3	449	7.9e-207	716.1
BCW-200319_00302	gnl|TC-DB|P0ADZ7|3.A.5.1.1	88.2	110	12	1	1	109	1	110	2.6e-47	184.1
BCW-200319_00303	gnl|TC-DB|P0AG90|2.A.6.4.1	83.8	604	98	0	1	604	12	615	2.6e-282	967.2
BCW-200319_00304	gnl|TC-DB|P0AG93|2.A.6.4.1	78.6	323	68	1	1	322	1	323	2.3e-139	491.5
BCW-200319_00312	gnl|TC-DB|P77735|8.A.5.1.6	73.0	319	86	0	6	324	6	324	8.9e-136	479.6
BCW-200319_00320	gnl|TC-DB|P77726|2.A.1.2.60	75.3	454	112	0	1	454	1	454	2.2e-188	654.8
BCW-200319_00322	gnl|TC-DB|P0ABJ6|3.D.4.5.1	70.6	109	32	0	1	109	1	109	1.9e-37	151.4
BCW-200319_00323	gnl|TC-DB|P0ABJ3|3.D.4.5.1	79.5	205	40	2	1	204	1	204	3.6e-90	327.4
BCW-200319_00324	gnl|TC-DB|P0ABI8|3.D.4.5.1	85.5	661	96	0	1	661	1	661	0.0e+00	1174.8
BCW-200319_00325	gnl|TC-DB|P0ABJ1|3.D.4.5.1	75.9	278	59	2	1	271	38	314	3.2e-118	421.0
BCW-200319_00326	gnl|TC-DB|P0AE16|2.A.1.25.2	74.7	490	123	1	1	490	1	489	4.8e-205	710.3
BCW-200319_00338	gnl|TC-DB|Q6MDD6|3.A.7.16.1	27.2	567	319	18	41	596	219	702	9.2e-33	138.3
BCW-200319_00348	gnl|TC-DB|Q9HY55|4.A.2.1.17	36.2	566	345	7	170	733	402	953	1.5e-80	297.4
BCW-200319_00351	gnl|TC-DB|L5DDD7|2.A.109.2.3	52.0	229	108	1	3	229	371	599	5.3e-61	230.7
BCW-200319_00353	gnl|TC-DB|P0A9T4|8.A.5.1.5	75.4	346	85	0	1	346	1	346	1.9e-152	535.0
BCW-200319_00355	gnl|TC-DB|P39196|2.A.1.42.1	77.2	394	90	0	1	394	1	394	3.3e-164	574.3
BCW-200319_00356	gnl|TC-DB|P31119|4.C.1.1.16	74.6	720	182	1	1	720	1	719	0.0e+00	1090.1
BCW-200319_00357	gnl|TC-DB|Q9I0V8|2.A.6.2.39	53.2	374	162	2	1	361	1	374	5.1e-84	308.1
BCW-200319_00358	gnl|TC-DB|P76399|2.A.6.2.12	56.5	1022	429	4	1	1017	1	1011	5.3e-307	1050.0
BCW-200319_00359	gnl|TC-DB|Q9I0V6|2.A.6.2.39	58.6	1046	406	1	1	1046	1	1019	0.0e+00	1115.5
BCW-200319_00360	gnl|TC-DB|P76397|8.A.1.6.2	41.5	354	204	2	57	409	54	405	2.8e-70	262.3
BCW-200319_00361	gnl|TC-DB|Q9WWZ8|2.A.6.2.9	48.3	470	234	4	2	466	1	466	8.4e-111	397.1
BCW-200319_00362	gnl|TC-DB|O52248|2.A.6.2.9	65.1	997	343	3	1	993	1	996	0.0e+00	1253.0
BCW-200319_00363	gnl|TC-DB|P52477|2.A.6.2.6	53.3	362	166	2	5	364	10	370	2.8e-101	365.2
BCW-200319_00366	gnl|TC-DB|P33225|5.A.3.4.1	39.6	767	433	13	10	752	57	817	1.7e-153	539.7
BCW-200319_00370	gnl|TC-DB|P46318|4.A.3.2.2	47.4	97	47	1	4	100	3	95	1.1e-18	89.0
BCW-200319_00372	gnl|TC-DB|U5MFA1|4.A.3.2.9	84.5	440	68	0	1	440	1	440	9.2e-208	719.2
BCW-200319_00373	gnl|TC-DB|U5MLJ3|4.A.3.2.9	59.6	99	40	0	2	100	3	101	5.3e-26	113.2
BCW-200319_00376	gnl|TC-DB|P77389|2.A.1.2.65	48.2	386	194	2	5	387	7	389	1.5e-81	299.7
BCW-200319_00389	gnl|TC-DB|P67153|1.C.113.1.10	74.1	216	56	0	1	216	1	216	6.5e-90	326.6
BCW-200319_00407	gnl|TC-DB|P11667|2.A.75.1.2	73.7	194	51	0	1	194	11	204	2.6e-82	301.2
BCW-200319_00408	gnl|TC-DB|P0C0S1|1.A.23.2.1	73.3	285	75	1	1	284	1	285	2.7e-99	358.2
BCW-200319_00432	gnl|TC-DB|P0AEP1|2.A.1.1.1	84.6	462	70	1	1	462	1	461	2.1e-223	771.2
BCW-200319_00439	gnl|TC-DB|P24559|3.A.15.2.1	46.9	275	145	1	14	287	55	329	4.0e-63	238.0
BCW-200319_00441	gnl|TC-DB|P64564|9.A.4.1.2	60.2	166	66	0	1	166	1	166	1.1e-53	206.1
BCW-200319_00458	gnl|TC-DB|P0AEX3|2.A.1.6.2	81.3	433	80	1	1	433	1	432	7.1e-197	682.9
BCW-200319_00465	gnl|TC-DB|P0AEJ0|2.A.1.3.2	87.9	486	59	0	3	488	4	489	2.4e-244	840.9
BCW-200319_00466	gnl|TC-DB|P27303|8.A.1.1.1	67.2	390	128	0	1	390	1	390	2.8e-144	508.1
BCW-200319_00468	gnl|TC-DB|P0AFM2|3.A.1.12.1	76.4	331	77	1	1	331	1	330	4.1e-152	533.9
BCW-200319_00469	gnl|TC-DB|P14176|3.A.1.12.1	82.8	319	55	0	80	398	36	354	3.5e-142	501.1
BCW-200319_00470	gnl|TC-DB|P14175|3.A.1.12.1	82.1	396	70	1	1	395	1	396	9.8e-185	642.5
BCW-200319_00479	gnl|TC-DB|P0A927|1.B.10.1.1	71.9	295	73	3	1	286	1	294	1.2e-128	455.7
BCW-200319_00486	gnl|TC-DB|P76298|1.A.104.1.1	71.2	701	192	2	1	700	1	692	2.3e-277	951.0
BCW-200319_00487	gnl|TC-DB|P40727|3.A.6.2.1	57.1	378	162	0	1	378	1	378	1.4e-111	399.4
BCW-200319_00493	gnl|TC-DB|P15928|3.A.6.2.1	50.3	555	256	8	20	565	17	560	1.2e-143	506.5
BCW-200319_00495	gnl|TC-DB|P15934|3.A.6.2.1	45.1	122	67	0	109	230	109	230	4.2e-26	114.8
BCW-200319_00496	gnl|TC-DB|P26465|3.A.6.2.1	72.8	456	120	1	1	452	1	456	2.8e-183	637.9
BCW-200319_00501	gnl|TC-DB|P26419|3.A.6.2.1	63.5	137	37	3	1	124	1	137	4.3e-38	153.7
BCW-200319_00502	gnl|TC-DB|P0A1L1|3.A.6.2.1	44.5	110	57	2	1	108	2	109	5.5e-12	67.0
BCW-200319_00503	gnl|TC-DB|P54700|3.A.6.2.1	69.0	248	71	3	3	248	2	245	2.3e-83	305.1
BCW-200319_00504	gnl|TC-DB|P0A1L5|3.A.6.2.1	58.4	89	37	0	1	89	1	89	1.4e-22	101.7
BCW-200319_00505	gnl|TC-DB|P54702|3.A.6.2.1	48.3	240	123	1	17	255	16	255	2.7e-58	221.9
BCW-200319_00526	gnl|TC-DB|Q15HU6|3.A.7.14.2	39.0	164	94	2	139	300	32	191	9.6e-26	114.0
BCW-200319_00529	gnl|TC-DB|M3JA40|1.B.52.2.1	55.1	78	35	0	355	432	287	364	2.7e-15	80.1
BCW-200319_00533	gnl|TC-DB|P09348|1.A.30.1.1	68.2	296	93	1	1	296	1	295	2.6e-105	378.3
BCW-200319_00534	gnl|TC-DB|P0AF06|1.A.30.1.1	52.2	274	130	1	7	279	8	281	1.0e-72	270.0
BCW-200319_00548	gnl|TC-DB|Q8VRK4|3.A.11.1.3	36.2	276	160	4	82	357	70	329	1.0e-34	144.1
BCW-200319_00552	gnl|TC-DB|P0AGI8|2.A.38.1.1	92.4	458	35	0	1	458	1	458	1.9e-240	827.8
BCW-200319_00553	gnl|TC-DB|P0A742|1.A.22.1.1	74.1	135	35	0	1	135	1	135	1.4e-50	195.3
BCW-200319_00562	gnl|TC-DB|P0AGA2|3.A.5.1.1	96.6	443	15	0	1	443	1	443	7.0e-240	825.9
BCW-200319_00587	gnl|TC-DB|P0AFZ7|2.A.38.1.1	91.7	483	40	0	1	483	1	483	8.3e-255	875.5
BCW-200319_00592	gnl|TC-DB|Q7WTJ2|5.B.1.3.2	31.2	199	133	3	8	202	109	307	5.6e-23	104.4
BCW-200319_00596	gnl|TC-DB|P69423|2.A.64.1.1	82.8	239	41	0	1	239	1	239	1.6e-111	398.7
BCW-200319_00597	gnl|TC-DB|P69425|2.A.64.1.1	74.6	134	33	1	1	133	1	134	8.8e-48	186.4
BCW-200319_00598	gnl|TC-DB|P69428|2.A.64.1.1	65.5	84	22	4	1	79	1	82	2.4e-16	80.9
BCW-200319_00608	gnl|TC-DB|P08194|2.A.1.4.3	92.2	421	33	0	1	421	1	421	5.2e-235	809.7
BCW-200319_00612	gnl|TC-DB|P0AG34|2.A.76.1.1	78.9	204	43	0	1	204	1	204	3.8e-87	317.4
BCW-200319_00613	gnl|TC-DB|Q5EAK4|2.A.16.2.2	27.6	424	254	14	31	426	1378	1776	1.6e-24	110.9
BCW-200319_00617	gnl|TC-DB|P0A2R8|1.A.35.1.2	88.7	319	33	1	1	319	1	316	4.3e-159	557.0
BCW-200319_00639	gnl|TC-DB|P16552|2.A.1.5.2	40.7	386	223	5	32	412	35	419	6.6e-75	277.7
BCW-200319_00646	gnl|TC-DB|P31126|2.A.1.2.55	36.5	370	225	3	10	379	11	370	1.1e-58	223.8
BCW-200319_00649	gnl|TC-DB|Q9WYQ2|3.A.1.1.38	39.2	357	210	4	13	367	4	355	2.7e-67	252.3
BCW-200319_00651	gnl|TC-DB|Q1M7Q3|3.A.1.11.6	35.3	255	162	3	2	255	19	271	6.0e-32	134.4
BCW-200319_00675	gnl|TC-DB|P0AEE5|3.A.1.2.3	29.2	332	202	11	5	305	3	332	1.8e-29	126.3
BCW-200319_00676	gnl|TC-DB|E0SFK1|2.A.69.3.2	67.1	310	102	0	4	313	5	314	8.1e-113	403.3
BCW-200319_00682	gnl|TC-DB|D9X7X8|2.A.1.3.38	42.5	428	243	3	10	436	23	448	2.0e-88	322.8
BCW-200319_00686	gnl|TC-DB|P31122|2.A.1.2.15	59.3	388	158	0	1	388	1	388	2.8e-115	411.8
BCW-200319_00693	gnl|TC-DB|P27125|2.A.7.6.1	81.4	344	64	0	1	344	1	344	5.5e-160	560.1
BCW-200319_00695	gnl|TC-DB|O85763|3.A.1.17.2	46.8	312	161	1	1	312	6	312	6.5e-83	303.9
BCW-200319_00697	gnl|TC-DB|O34691|2.A.1.82.4	22.3	435	278	8	50	477	19	400	5.8e-14	75.5
BCW-200319_00698	gnl|TC-DB|Q8K8K9|3.A.1.24.3	31.3	211	129	5	12	215	4	205	2.1e-19	92.8
BCW-200319_00699	gnl|TC-DB|Q9HT69|3.A.1.24.5	41.6	197	115	0	26	222	23	219	1.1e-34	143.3
BCW-200319_00700	gnl|TC-DB|P30750|3.A.1.24.1	49.2	240	121	1	1	240	1	239	6.0e-58	221.1
BCW-200319_00705	gnl|TC-DB|O85763|3.A.1.17.2	44.8	290	160	0	339	628	22	311	1.3e-69	260.8
BCW-200319_00706	gnl|TC-DB|D4I357|9.B.97.4.1	29.0	345	208	9	3	336	1	319	9.6e-19	90.9
BCW-200319_00707	gnl|TC-DB|P16482|2.A.1.6.1	35.9	401	251	4	25	420	36	435	1.9e-69	259.6
BCW-200319_00710	gnl|TC-DB|P33950|3.A.1.5.27	52.5	516	244	1	14	529	30	544	2.2e-160	562.0
BCW-200319_00714	gnl|TC-DB|P0AEU0|3.A.1.3.29	48.2	253	128	1	1	250	1	253	3.9e-65	244.6
BCW-200319_00720	gnl|TC-DB|Q51955|2.A.1.15.1	45.4	434	235	1	10	441	11	444	8.0e-111	397.1
BCW-200319_00725	gnl|TC-DB|Q9HY57|4.A.2.1.17	45.9	462	226	5	3	458	122	565	5.4e-94	341.3
BCW-200319_00727	gnl|TC-DB|P72121|1.B.14.4.1	56.6	685	261	5	11	666	46	723	3.3e-225	777.7
BCW-200319_00730	gnl|TC-DB|P0AB67|3.D.2.1.1	87.0	462	60	0	1	462	1	462	1.1e-224	775.4
BCW-200319_00731	gnl|TC-DB|P07001|3.D.2.1.1	83.8	512	78	2	1	509	1	510	2.5e-233	804.3
BCW-200319_00733	gnl|TC-DB|P0AAE5|2.A.3.2.8	73.5	461	119	1	1	461	1	458	4.8e-191	663.7
BCW-200319_00736	gnl|TC-DB|Q93N33|2.A.21.9.2	29.4	255	155	8	178	415	758	1004	7.0e-19	91.7
BCW-200319_00748	gnl|TC-DB|P0AFV2|9.B.20.1.4	48.2	218	103	3	1	216	1	210	4.3e-49	191.0
BCW-200319_00750	gnl|TC-DB|P38919|3.A.18.1.1	36.0	347	217	4	22	365	57	401	1.9e-62	236.5
BCW-200319_00754	gnl|TC-DB|Q9EYX5|1.A.35.4.1	67.9	327	105	0	19	345	1	327	1.5e-133	472.2
BCW-200319_00755	gnl|TC-DB|P08722|4.A.1.2.2	57.0	626	261	5	6	627	4	625	8.7e-196	679.9
BCW-200319_00759	gnl|TC-DB|P77348|3.A.1.5.1	71.6	538	152	1	1	538	1	537	8.8e-229	789.3
BCW-200319_00763	gnl|TC-DB|Q9KN48|3.A.23.1.1	40.0	225	135	0	207	431	193	417	6.4e-43	171.8
BCW-200319_00769	gnl|TC-DB|E8XKQ3|9.B.100.1.1	78.1	219	48	0	1	219	1	219	1.9e-81	298.5
BCW-200319_00770	gnl|TC-DB|Q9KN48|3.A.23.1.1	42.5	228	130	1	8	235	192	418	3.1e-43	172.2
BCW-200319_00771	gnl|TC-DB|P36634|3.A.1.5.5	76.5	545	122	1	1	539	1	545	1.3e-251	865.1
BCW-200319_00772	gnl|TC-DB|P0AGH3|3.A.1.5.42	80.7	321	62	0	1	321	1	321	7.7e-148	519.6
BCW-200319_00773	gnl|TC-DB|P0AGH5|3.A.1.5.42	80.1	296	59	0	1	296	1	296	7.2e-132	466.5
BCW-200319_00774	gnl|TC-DB|P36636|3.A.1.5.5	85.2	330	49	0	1	330	1	330	1.6e-169	591.7
BCW-200319_00775	gnl|TC-DB|P36638|3.A.1.5.5	84.0	268	43	0	1	268	1	268	5.7e-128	453.4
BCW-200319_00778	gnl|TC-DB|P19642|4.A.1.1.3	39.4	518	292	4	12	522	19	521	1.6e-94	343.2
BCW-200319_00779	gnl|TC-DB|P24183|5.A.3.2.1	20.5	376	221	8	103	417	101	459	4.1e-14	76.6
BCW-200319_00787	gnl|TC-DB|P45420|1.B.11.5.1	33.2	771	499	13	43	804	30	793	9.7e-115	411.0
BCW-200319_00792	gnl|TC-DB|D4ZZR3|9.B.34.1.3	29.1	179	106	5	229	394	225	395	2.2e-16	84.0
BCW-200319_00807	gnl|TC-DB|Q07711|3.A.7.7.1	23.2	557	372	16	102	622	101	637	2.0e-25	114.4
BCW-200319_00809	gnl|TC-DB|M4VAL8|8.A.21.2.4	28.6	168	117	2	137	301	74	241	1.3e-12	70.5
BCW-200319_00823	gnl|TC-DB|P0A915|1.B.39.1.6	59.7	211	83	2	2	211	3	212	3.3e-70	261.2
BCW-200319_00827	gnl|TC-DB|P02929|2.C.1.1.1	69.9	239	70	1	4	240	1	239	1.5e-31	132.9
BCW-200319_00831	gnl|TC-DB|P77737|3.A.1.5.41	91.9	334	26	1	1	333	1	334	1.4e-179	625.2
BCW-200319_00832	gnl|TC-DB|P76027|3.A.1.5.41	87.0	338	43	1	1	338	1	337	5.6e-165	576.6
BCW-200319_00833	gnl|TC-DB|P0AFH6|3.A.1.5.41	91.7	302	25	0	1	302	1	302	3.7e-136	480.7
BCW-200319_00834	gnl|TC-DB|P0AFH2|3.A.1.5.41	90.5	306	29	0	1	306	1	306	1.8e-141	498.4
BCW-200319_00835	gnl|TC-DB|P06202|3.A.1.5.1	78.3	544	116	2	1	543	1	543	1.2e-257	885.2
BCW-200319_00836	gnl|TC-DB|P23843|3.A.1.5.41	63.7	531	192	1	15	544	13	543	3.5e-209	724.2
BCW-200319_00837	gnl|TC-DB|P25743|2.A.95.1.7	83.3	215	36	0	1	215	1	215	2.4e-92	334.7
BCW-200319_00853	gnl|TC-DB|Q07711|3.A.7.7.1	28.8	646	412	15	3	639	4	610	1.7e-69	260.4
BCW-200319_00863	gnl|TC-DB|P80874|8.A.5.1.4	36.8	212	114	7	10	204	10	218	5.4e-28	121.3
BCW-200319_00864	gnl|TC-DB|P0A908|9.B.99.1.2	46.2	249	133	1	1	249	1	248	1.7e-65	245.7
BCW-200319_00867	gnl|TC-DB|P76007|2.A.36.6.11	79.1	575	119	1	1	574	1	575	2.3e-259	891.0
BCW-200319_00868	gnl|TC-DB|H8E4X1|9.B.18.1.2	35.9	337	204	7	151	482	189	518	2.5e-49	193.0
BCW-200319_00869	gnl|TC-DB|P32482|2.A.1.2.3	32.4	367	224	7	5	361	15	367	7.1e-34	141.4
BCW-200319_00874	gnl|TC-DB|P0A6M2|5.A.2.1.1	75.6	176	43	0	1	176	1	176	1.1e-79	292.4
BCW-200319_00883	gnl|TC-DB|P69451|4.C.1.1.4	80.1	553	110	0	12	564	1	553	2.3e-267	917.5
BCW-200319_00893	gnl|TC-DB|L5DDD7|2.A.109.2.3	48.9	526	259	6	1	518	370	893	3.6e-123	438.3
BCW-200319_00894	gnl|TC-DB|P69797|4.A.6.1.1	82.9	321	52	1	1	318	1	321	3.0e-136	481.1
BCW-200319_00895	gnl|TC-DB|P69801|4.A.6.1.1	91.0	266	24	0	1	266	1	266	1.3e-124	442.2
BCW-200319_00896	gnl|TC-DB|P69805|4.A.6.1.1	86.6	283	38	0	1	283	4	286	4.0e-140	493.8
BCW-200319_00903	gnl|TC-DB|P76269|2.A.1.3.17	77.9	447	99	0	8	454	7	453	3.8e-188	654.1
BCW-200319_00904	gnl|TC-DB|P23894|9.B.1.1.6	89.4	293	31	0	1	293	1	293	2.9e-141	497.7
BCW-200319_00905	gnl|TC-DB|P23865|9.B.174.1.2	82.0	682	122	1	1	681	1	682	0.0e+00	1108.2
BCW-200319_00915	gnl|TC-DB|Q1DBZ0|2.A.86.2.2	26.7	330	235	3	12	338	14	339	3.2e-20	95.9
BCW-200319_00919	gnl|TC-DB|P76278|9.B.62.1.4	41.9	289	167	1	4	292	2	289	5.2e-50	194.5
BCW-200319_00920	gnl|TC-DB|Q4KDN3|9.B.62.1.5	37.5	120	73	2	1	120	3	120	4.2e-14	73.9
BCW-200319_00936	gnl|TC-DB|P0AEY8|2.A.1.2.19	55.7	395	175	0	8	402	9	403	1.9e-122	435.6
BCW-200319_00938	gnl|TC-DB|B7L5V2|1.A.34.1.3	36.9	241	141	4	192	427	6	240	1.1e-38	157.5
BCW-200319_00939	gnl|TC-DB|P39172|3.A.1.15.5	72.4	315	82	2	1	315	1	310	7.2e-114	406.8
BCW-200319_00940	gnl|TC-DB|P0A9X1|3.A.1.15.5	82.1	251	45	0	1	251	1	251	2.5e-117	417.9
BCW-200319_00941	gnl|TC-DB|P39832|3.A.1.15.5	75.8	260	63	0	1	260	1	260	1.1e-96	349.4
BCW-200319_00955	gnl|TC-DB|P67826|9.B.158.1.2	57.4	242	103	0	1	242	1	242	7.8e-79	290.0
BCW-200319_00961	gnl|TC-DB|P40729|3.A.6.2.1	87.5	694	84	2	1	694	1	691	0.0e+00	1146.0
BCW-200319_00962	gnl|TC-DB|P40727|3.A.6.2.1	65.2	382	133	0	1	382	1	382	4.7e-144	507.3
BCW-200319_00980	gnl|TC-DB|P76242|2.A.1.17.3	50.0	380	189	1	11	389	13	392	7.2e-95	344.0
BCW-200319_01000	gnl|TC-DB|Q48252|3.A.7.12.1	27.5	764	496	18	117	840	167	912	3.1e-69	260.0
BCW-200319_01005	gnl|TC-DB|Q91UR4|3.A.7.3.1	32.4	213	138	3	13	224	29	236	5.5e-23	104.4
BCW-200319_01007	gnl|TC-DB|O50337|3.A.7.2.1	40.3	196	112	3	230	425	199	389	2.8e-36	149.4
BCW-200319_01008	gnl|TC-DB|Q91UW6|3.A.7.3.1	40.1	314	175	6	25	328	36	346	1.4e-62	236.5
BCW-200319_01028	gnl|TC-DB|A3N294|3.A.1.20.3	46.2	338	175	4	4	337	8	342	5.3e-78	287.7
BCW-200319_01029	gnl|TC-DB|Q9KLQ6|3.A.1.20.2	45.2	595	305	3	130	722	118	693	1.4e-139	493.4
BCW-200319_01030	gnl|TC-DB|Q9KLQ5|3.A.1.20.2	47.2	352	174	4	5	351	3	347	8.4e-79	290.4
BCW-200319_01034	gnl|TC-DB|B7LDR9|4.A.7.1.2	85.9	419	58	1	1	419	1	418	7.4e-199	689.5
BCW-200319_01035	gnl|TC-DB|B7LDS2|4.A.7.1.2	80.0	95	19	0	1	95	1	95	1.1e-36	148.7
BCW-200319_01036	gnl|TC-DB|B7LDS1|4.A.7.1.2	62.6	147	55	0	1	147	1	147	2.4e-51	198.0
BCW-200319_01044	gnl|TC-DB|P07658|3.D.1.9.2	31.5	308	182	6	115	416	61	345	8.3e-39	158.7
BCW-200319_01047	gnl|TC-DB|Q9KN48|3.A.23.1.1	36.3	339	177	5	343	643	193	530	4.5e-46	182.6
BCW-200319_01049	gnl|TC-DB|P06971|1.B.14.1.2	38.5	745	414	14	19	726	10	747	4.9e-134	474.9
BCW-200319_01053	gnl|TC-DB|Q9RCF3|3.A.1.14.6	66.5	254	85	0	7	260	20	273	2.0e-96	348.6
BCW-200319_01054	gnl|TC-DB|P23877|3.A.1.14.2	52.5	326	155	0	19	344	4	329	1.6e-82	302.8
BCW-200319_01055	gnl|TC-DB|P23876|3.A.1.14.2	58.8	323	133	0	20	342	7	329	2.1e-95	345.5
BCW-200319_01056	gnl|TC-DB|Q0E7C5|2.A.1.38.2	56.3	419	174	2	5	414	5	423	6.0e-124	440.7
BCW-200319_01057	gnl|TC-DB|C8U2V6|3.A.1.14.2	56.7	293	127	0	61	353	26	318	2.1e-90	328.9
BCW-200319_01062	gnl|TC-DB|D5CJ69|2.A.66.1.22	75.1	453	113	0	17	469	5	457	1.5e-192	668.7
BCW-200319_01066	gnl|TC-DB|P33011|2.A.85.7.1	61.6	352	135	0	1	352	1	352	2.5e-123	438.3
BCW-200319_01070	gnl|TC-DB|P0AA47|2.A.3.1.14	79.2	452	92	2	1	452	1	450	5.9e-202	699.9
BCW-200319_01100	gnl|TC-DB|P0AC78|9.B.146.1.7	45.1	337	182	3	3	337	9	344	4.5e-69	258.1
BCW-200319_01103	gnl|TC-DB|D4HW93|2.A.66.2.8	89.2	443	48	0	1	443	1	443	3.1e-219	757.3
BCW-200319_01111	gnl|TC-DB|P76387|8.A.3.3.2	53.8	706	323	2	1	706	1	703	1.9e-210	728.8
BCW-200319_01113	gnl|TC-DB|P0A930|1.B.18.3.1	69.7	379	113	1	1	377	1	379	1.5e-158	555.4
BCW-200319_01114	gnl|TC-DB|H8E4X1|9.B.18.1.2	35.2	366	207	9	113	471	176	518	4.2e-49	192.2
BCW-200319_01115	gnl|TC-DB|L5DDD7|2.A.109.2.3	76.2	517	120	2	3	517	371	886	8.8e-218	752.7
BCW-200319_01116	gnl|TC-DB|Q8Z5G2|9.B.22.2.2	46.1	622	324	7	1	615	1	618	2.1e-154	542.3
BCW-200319_01120	gnl|TC-DB|Q1J0W6|9.B.34.1.1	38.0	158	89	3	690	846	197	346	1.5e-17	88.6
BCW-200319_01124	gnl|TC-DB|P80874|8.A.5.1.4	33.3	312	186	8	12	317	14	309	7.4e-34	141.0
BCW-200319_01125	gnl|TC-DB|P76397|8.A.1.6.2	68.5	372	115	2	32	401	32	403	7.8e-137	483.4
BCW-200319_01126	gnl|TC-DB|P76398|2.A.6.2.12	82.1	1039	186	0	1	1039	1	1039	0.0e+00	1587.4
BCW-200319_01127	gnl|TC-DB|P76399|2.A.6.2.12	79.2	1019	212	0	1	1019	1	1019	0.0e+00	1529.2
BCW-200319_01128	gnl|TC-DB|P36554|2.A.1.3.26	75.4	464	113	1	6	468	5	468	1.0e-193	672.5
BCW-200319_01137	gnl|TC-DB|P42237|2.A.1.14.1	30.4	427	282	6	4	419	16	438	4.2e-48	188.7
BCW-200319_01145	gnl|TC-DB|Q1D212|2.A.78.2.3	36.0	225	115	2	20	215	20	244	1.1e-31	133.3
BCW-200319_01149	gnl|TC-DB|A0L4L0|3.A.1.132.3	38.5	343	192	5	13	351	2	329	5.0e-58	221.5
BCW-200319_01151	gnl|TC-DB|F4V3T5|1.E.14.1.4	43.7	126	70	1	7	131	10	135	3.6e-19	90.9
BCW-200319_01152	gnl|TC-DB|C6EAH0|2.A.122.1.1	71.7	230	65	0	1	230	2	231	5.3e-90	327.0
BCW-200319_01155	gnl|TC-DB|P0AFY2|9.B.114.1.1	80.6	237	46	0	1	237	1	237	1.2e-108	389.0
BCW-200319_01157	gnl|TC-DB|P23200|3.A.1.2.3	87.2	336	43	0	1	336	1	336	1.2e-151	532.3
BCW-200319_01158	gnl|TC-DB|P0AAG8|3.A.1.2.3	88.5	506	58	0	1	506	1	506	3.7e-261	896.7
BCW-200319_01159	gnl|TC-DB|P0AEE5|3.A.1.2.3	81.3	331	62	0	1	331	1	331	4.5e-151	530.4
BCW-200319_01169	gnl|TC-DB|A3DCU1|3.A.1.112.9	26.3	615	437	7	40	645	99	706	2.9e-53	206.5
BCW-200319_01172	gnl|TC-DB|P25747|9.B.169.1.2	63.9	371	134	0	1	371	1	371	1.8e-143	505.4
BCW-200319_01174	gnl|TC-DB|Q9I3T2|2.A.1.51.4	47.0	366	189	4	8	369	15	379	5.8e-78	287.7
BCW-200319_01178	gnl|TC-DB|Q8GRB0|3.A.1.14.8	35.3	241	150	5	4	240	2	240	1.8e-33	139.4
BCW-200319_01179	gnl|TC-DB|A8GDS7|3.A.1.14.16	36.3	311	191	2	51	360	28	332	2.5e-46	182.6
BCW-200319_01180	gnl|TC-DB|P25737|2.A.3.1.2	90.1	465	46	0	1	465	24	488	2.9e-244	840.5
BCW-200319_01182	gnl|TC-DB|P62723|2.A.98.1.3	62.8	352	126	2	1	350	1	349	3.8e-116	414.5
BCW-200319_01184	gnl|TC-DB|P20966|4.A.2.1.1	81.0	563	102	2	1	562	1	559	3.4e-215	744.2
BCW-200319_01186	gnl|TC-DB|P69811|4.A.2.1.1	72.6	376	103	0	1	376	1	376	3.3e-150	527.7
BCW-200319_01187	gnl|TC-DB|Q9S3K0|2.A.1.20.4	70.9	385	112	0	5	389	6	390	2.5e-151	531.6
BCW-200319_01193	gnl|TC-DB|E9RJ18|3.A.7.13.2	36.7	90	52	2	34	119	271	359	1.6e-11	65.5
BCW-200319_01195	gnl|TC-DB|Q8ZNK0|3.A.1.5.24	65.9	602	204	1	1	602	1	601	5.4e-243	836.6
BCW-200319_01196	gnl|TC-DB|P0AFU1|3.A.1.5.21	81.6	365	64	2	1	363	1	364	9.0e-169	589.3
BCW-200319_01197	gnl|TC-DB|P33915|3.A.1.5.21	84.4	339	53	0	1	339	1	339	3.8e-153	537.3
BCW-200319_01198	gnl|TC-DB|Q8ZNJ8|3.A.1.5.24	73.7	525	138	0	3	527	5	529	1.7e-216	748.4
BCW-200319_01200	gnl|TC-DB|P28246|2.A.1.2.7	71.6	395	112	0	1	395	1	395	1.1e-154	542.7
BCW-200319_01204	gnl|TC-DB|O52557|2.A.1.3.15	38.6	197	119	1	24	220	19	213	8.1e-28	120.6
BCW-200319_01218	gnl|TC-DB|Q9F3K6|3.A.1.3.24	37.8	275	164	3	5	279	21	288	1.1e-44	176.8
BCW-200319_01219	gnl|TC-DB|Q9F3K7|3.A.1.3.24	58.2	249	104	0	16	264	5	253	2.5e-80	295.0
BCW-200319_01220	gnl|TC-DB|P33941|3.A.1.113.3	75.3	546	135	0	1	546	1	546	2.1e-233	804.7
BCW-200319_01225	gnl|TC-DB|F4MY44|1.B.1.1.16	71.5	369	102	3	1	368	1	367	6.1e-149	523.5
BCW-200319_01226	gnl|TC-DB|Q9I2M0|3.A.1.109.4	43.7	366	203	3	20	383	29	393	5.8e-81	297.7
BCW-200319_01227	gnl|TC-DB|Q9I2M1|3.A.1.109.4	36.4	701	432	6	15	711	26	716	5.8e-119	424.9
BCW-200319_01230	gnl|TC-DB|F2WVP9|2.A.1.60.3	47.4	369	193	1	12	380	6	373	1.3e-80	296.6
BCW-200319_01252	gnl|TC-DB|P0AFF0|3.D.1.1.1	83.5	485	80	0	1	485	1	485	1.5e-227	785.0
BCW-200319_01253	gnl|TC-DB|P0AFE8|3.D.1.1.1	85.9	509	69	1	1	506	1	509	7.4e-254	872.5
BCW-200319_01254	gnl|TC-DB|P33607|3.D.1.1.1	87.7	612	75	0	1	612	1	612	3.3e-309	1056.6
BCW-200319_01255	gnl|TC-DB|P0AFE4|3.D.1.1.1	72.0	100	28	0	1	100	1	100	2.5e-28	120.9
BCW-200319_01256	gnl|TC-DB|P0AFE0|3.D.1.1.1	81.9	182	33	0	1	182	1	182	1.1e-77	285.8
BCW-200319_01257	gnl|TC-DB|P0AFD6|3.D.1.1.1	91.7	180	15	0	1	180	1	180	2.6e-84	307.8
BCW-200319_01258	gnl|TC-DB|P0AFD4|3.D.1.1.1	86.8	325	43	0	1	325	1	325	1.0e-163	572.4
BCW-200319_01259	gnl|TC-DB|P33602|3.D.1.1.1	81.9	908	164	0	1	908	1	908	0.0e+00	1535.8
BCW-200319_01260	gnl|TC-DB|P31979|3.D.1.1.1	87.4	446	55	1	1	446	1	445	3.5e-239	823.5
BCW-200319_01261	gnl|TC-DB|P0AFD1|3.D.1.1.1	83.6	159	26	0	13	171	8	166	5.5e-76	280.0
BCW-200319_01262	gnl|TC-DB|P33599|3.D.1.1.1	87.8	576	70	0	1	576	21	596	0.0e+00	1078.2
BCW-200319_01263	gnl|TC-DB|P0AFC7|3.D.1.1.1	89.7	224	19	1	1	224	1	220	2.4e-119	424.5
BCW-200319_01264	gnl|TC-DB|P0AFC3|3.D.1.1.1	79.3	145	29	1	1	144	3	147	1.8e-59	224.9
BCW-200319_01273	gnl|TC-DB|Q1M7Q1|3.A.1.11.6	45.7	326	175	2	5	329	6	330	1.0e-79	293.5
BCW-200319_01276	gnl|TC-DB|O70073|3.A.1.11.4	34.1	340	202	11	5	338	24	347	9.7e-40	160.6
BCW-200319_01277	gnl|TC-DB|Q1M7Q3|3.A.1.11.6	45.1	215	118	0	194	408	66	280	2.2e-46	183.0
BCW-200319_01278	gnl|TC-DB|Q1M7Q2|3.A.1.11.6	31.3	230	158	0	12	241	11	240	2.5e-30	129.0
BCW-200319_01281	gnl|TC-DB|B7LBF5|1.A.12.3.2	61.6	211	81	0	1	211	1	211	1.1e-71	266.2
BCW-200319_01283	gnl|TC-DB|P07109|3.A.1.3.29	88.7	257	29	0	1	257	1	257	5.1e-126	446.8
BCW-200319_01284	gnl|TC-DB|P0AEU3|3.A.1.3.29	87.4	238	30	0	1	238	1	238	2.0e-116	414.8
BCW-200319_01285	gnl|TC-DB|P0A2I9|3.A.1.3.1	83.3	228	38	0	1	228	1	228	1.6e-102	368.6
BCW-200319_01286	gnl|TC-DB|P0AEU0|3.A.1.3.29	73.8	260	68	0	1	260	1	260	4.4e-109	390.6
BCW-200319_01289	gnl|TC-DB|P08550|9.B.160.1.16	87.0	161	21	0	1	161	1	161	1.7e-74	275.0
BCW-200319_01293	gnl|TC-DB|P0ABP6|9.B.27.2.3	84.1	214	34	0	1	214	1	214	6.3e-101	363.2
BCW-200319_01298	gnl|TC-DB|Q4FKW8|2.A.7.3.37	28.9	287	197	4	3	283	9	294	1.6e-27	119.8
BCW-200319_01302	gnl|TC-DB|Q9HWU4|1.B.11.3.7	35.0	812	495	14	65	851	33	836	2.0e-126	449.9
BCW-200319_01305	gnl|TC-DB|O34718|2.A.1.1.26	44.9	454	243	4	27	476	14	464	4.6e-96	348.2
BCW-200319_01306	gnl|TC-DB|P77549|2.A.1.46.6	68.1	382	122	0	10	391	11	392	8.3e-136	479.9
BCW-200319_01308	gnl|TC-DB|Q7BSH4|3.A.1.2.9	39.5	488	289	6	9	494	21	504	2.2e-96	349.4
BCW-200319_01309	gnl|TC-DB|Q1M4Q8|3.A.1.2.16	35.8	307	180	5	19	313	35	336	1.4e-40	163.3
BCW-200319_01310	gnl|TC-DB|A8H4W6|3.A.1.2.15	28.6	287	198	2	36	316	56	341	2.3e-27	119.4
BCW-200319_01313	gnl|TC-DB|P0ACG4|1.E.53.1.1	66.0	50	17	0	1	50	1	50	3.7e-12	66.2
BCW-200319_01315	gnl|TC-DB|P30750|3.A.1.24.1	86.6	343	46	0	1	343	1	343	1.7e-164	575.1
BCW-200319_01316	gnl|TC-DB|P31547|3.A.1.24.1	92.2	217	17	0	1	217	1	217	1.2e-72	269.2
BCW-200319_01317	gnl|TC-DB|P28635|3.A.1.24.1	91.1	271	24	0	1	271	1	271	1.5e-139	491.9
BCW-200319_01337	gnl|TC-DB|P0A943|1.B.33.1.3	82.8	814	123	5	1	801	1	810	0.0e+00	1369.8
BCW-200319_01353	gnl|TC-DB|Q8ZRP7|3.A.1.13.1	54.9	257	116	0	4	260	7	263	3.2e-78	288.1
BCW-200319_01356	gnl|TC-DB|A8ALD3|2.A.49.5.5	74.9	450	113	0	13	462	13	462	7.0e-190	659.8
BCW-200319_01358	gnl|TC-DB|P06972|3.A.1.14.3	74.0	651	167	2	7	657	9	657	1.3e-263	905.2
BCW-200319_01359	gnl|TC-DB|P07822|3.A.1.14.3	54.6	293	131	2	1	292	4	295	3.0e-90	328.2
BCW-200319_01360	gnl|TC-DB|P07821|3.A.1.14.3	81.8	258	47	0	7	264	8	265	4.3e-120	427.2
BCW-200319_01361	gnl|TC-DB|P06971|1.B.14.1.2	56.9	754	276	10	15	735	10	747	1.8e-237	818.5
BCW-200319_01362	gnl|TC-DB|P06971|1.B.14.1.2	49.7	719	325	9	28	721	41	747	2.1e-201	698.7
BCW-200319_01363	gnl|TC-DB|A9XED4|1.B.12.11.1	38.3	94	48	1	129	212	149	242	1.8e-11	66.2
BCW-200319_01375	gnl|TC-DB|P0AFN6|3.A.1.105.17	87.1	256	33	0	1	256	1	256	4.7e-124	440.3
BCW-200319_01376	gnl|TC-DB|P36879|3.A.1.105.17	85.1	308	46	0	1	308	1	308	4.1e-146	513.8
BCW-200319_01377	gnl|TC-DB|Q8F8H7|2.A.53.3.8	48.7	193	98	1	2	193	539	731	2.4e-55	211.8
BCW-200319_01380	gnl|TC-DB|P36649|1.B.76.1.8	65.7	533	166	4	1	533	1	516	1.4e-202	702.2
BCW-200319_01381	gnl|TC-DB|P0AA95|8.A.2.1.3	73.0	115	31	0	1	115	1	115	6.4e-44	172.9
BCW-200319_01392	gnl|TC-DB|P37489|2.A.1.14.39	30.2	421	279	6	11	423	20	433	4.3e-56	215.3
BCW-200319_01409	gnl|TC-DB|Q6GUB0|2.A.88.1.1	50.8	181	84	2	1	176	1	181	5.6e-39	157.1
BCW-200319_01410	gnl|TC-DB|Q6GUB1|3.A.1.25.1	38.3	193	114	2	6	195	5	195	1.1e-20	96.7
BCW-200319_01411	gnl|TC-DB|Q6GUB2|3.A.1.25.1	41.1	219	128	1	2	219	3	221	4.5e-46	181.0
BCW-200319_01421	gnl|TC-DB|P15993|2.A.3.1.3	87.1	449	58	0	3	451	5	453	2.9e-225	777.3
BCW-200319_01422	gnl|TC-DB|P31435|2.A.2.3.4	46.6	427	226	2	1	427	1	425	4.2e-118	421.4
BCW-200319_01424	gnl|TC-DB|P0AE14|9.B.125.1.1	69.4	284	87	0	1	284	1	284	2.8e-109	391.3
BCW-200319_01432	gnl|TC-DB|P22608|3.A.15.2.1	40.6	480	257	5	10	461	84	563	7.6e-96	347.4
BCW-200319_01433	gnl|TC-DB|P22609|3.A.15.2.1	34.1	334	220	0	66	399	41	374	3.3e-55	212.2
BCW-200319_01442	gnl|TC-DB|P15644|1.B.22.1.1	55.4	661	264	10	3	639	1	654	6.7e-183	637.1
BCW-200319_01443	gnl|TC-DB|P15645|3.A.15.1.1	59.1	486	187	5	3	480	8	489	2.7e-152	535.0
BCW-200319_01444	gnl|TC-DB|P15745|3.A.15.1.1	40.4	396	214	2	3	396	4	379	1.0e-53	207.2
BCW-200319_01445	gnl|TC-DB|P15746|3.A.15.1.1	71.6	134	38	0	8	141	2	135	3.6e-52	200.7
BCW-200319_01447	gnl|TC-DB|P15748|3.A.15.1.1	48.2	112	58	0	2	113	3	114	9.3e-22	99.4
BCW-200319_01448	gnl|TC-DB|P15749|3.A.15.1.1	34.2	196	118	3	1	186	1	195	3.8e-22	101.3
BCW-200319_01452	gnl|TC-DB|P15754|3.A.15.1.1	54.6	205	85	4	15	217	27	225	1.2e-42	169.9
BCW-200319_01453	gnl|TC-DB|P20440|8.A.2.1.1	36.3	113	65	3	10	118	9	118	3.3e-12	67.8
BCW-200319_01455	gnl|TC-DB|P10408|3.A.5.1.1	87.8	900	110	0	1	900	1	900	0.0e+00	1549.3
BCW-200319_01465	gnl|TC-DB|P0ABG4|2.A.103.1.1	82.5	401	70	0	2	402	12	412	2.7e-190	661.0
BCW-200319_01467	gnl|TC-DB|P0A6W3|9.B.146.1.6	93.1	360	25	0	1	360	1	360	8.8e-193	669.1
BCW-200319_01481	gnl|TC-DB|P31675|2.A.1.20.1	70.5	383	113	0	8	390	9	391	4.1e-151	530.8
BCW-200319_01483	gnl|TC-DB|P31550|3.A.1.19.1	77.1	328	74	1	1	328	1	327	1.2e-148	522.3
BCW-200319_01484	gnl|TC-DB|P31549|3.A.1.19.1	74.8	536	135	0	1	536	1	536	2.0e-225	778.1
BCW-200319_01485	gnl|TC-DB|P31548|3.A.1.19.1	62.8	231	86	0	1	231	1	231	3.3e-79	291.2
BCW-200319_01491	gnl|TC-DB|P31554|1.B.42.1.2	71.8	785	208	7	12	787	1	781	0.0e+00	1188.3
BCW-200319_01498	gnl|TC-DB|P0AG38|2.A.76.1.2	30.0	207	140	2	1	204	1	205	5.6e-19	90.9
BCW-200319_01499	gnl|TC-DB|Q9KWT9|3.A.1.1.10	51.8	359	168	3	1	355	2	359	1.3e-100	362.8
BCW-200319_01500	gnl|TC-DB|G4FGN6|3.A.1.1.41	37.4	265	164	1	13	275	14	278	3.0e-47	185.3
BCW-200319_01501	gnl|TC-DB|Q72H67|3.A.1.1.25	35.5	282	180	1	19	300	4	283	1.9e-42	169.5
BCW-200319_01502	gnl|TC-DB|G4FGN8|3.A.1.1.41	26.2	321	216	12	45	353	34	345	9.7e-21	97.8
BCW-200319_01510	gnl|TC-DB|B8I766|9.B.105.1.5	34.7	144	85	3	14	154	2	139	3.7e-16	81.3
BCW-200319_01516	gnl|TC-DB|P13738|2.A.33.1.1	66.1	384	130	0	5	388	4	387	2.3e-138	488.4
BCW-200319_01518	gnl|TC-DB|P0A6Y8|1.A.33.1.2	87.0	638	81	1	1	636	1	638	2.7e-309	1057.0
BCW-200319_01519	gnl|TC-DB|Q5ZYB5|3.A.7.9.1	31.9	405	266	5	11	410	2	401	6.7e-46	181.4
BCW-200319_01535	gnl|TC-DB|P31474|2.A.1.3.51	75.8	463	111	1	3	464	4	466	1.1e-187	652.5
BCW-200319_01538	gnl|TC-DB|P02925|3.A.1.2.1	86.1	295	39	1	1	293	1	295	1.1e-135	479.2
BCW-200319_01539	gnl|TC-DB|P0AGI1|3.A.1.2.1	83.7	319	52	0	1	319	1	319	1.4e-136	482.3
BCW-200319_01540	gnl|TC-DB|P04983|3.A.1.2.1	86.0	494	69	0	1	494	1	494	6.5e-242	832.8
BCW-200319_01548	gnl|TC-DB|P63183|2.A.72.1.1	85.9	622	88	0	1	622	1	622	0.0e+00	1075.1
BCW-200319_01557	gnl|TC-DB|C4X3L3|1.A.77.3.8	55.1	127	56	1	1	127	25	150	7.5e-30	126.3
BCW-200319_01558	gnl|TC-DB|P0AB98|3.A.2.1.1	89.3	270	29	0	3	272	2	271	1.4e-134	475.3
BCW-200319_01559	gnl|TC-DB|P68699|3.A.2.1.1	98.7	79	1	0	1	79	1	79	3.7e-35	143.3
BCW-200319_01560	gnl|TC-DB|P0ABA0|3.A.2.1.1	91.0	156	14	0	1	156	1	156	2.8e-50	194.5
BCW-200319_01561	gnl|TC-DB|P0ABA4|3.A.2.1.1	81.9	177	32	0	1	177	1	177	1.5e-73	271.9
BCW-200319_01562	gnl|TC-DB|P0ABB0|3.A.2.1.1	91.4	513	44	0	1	513	1	513	1.6e-267	917.9
BCW-200319_01563	gnl|TC-DB|P0ABA6|3.A.2.1.1	87.5	289	34	1	1	289	1	287	9.1e-140	492.7
BCW-200319_01564	gnl|TC-DB|P0ABB4|3.A.2.1.1	94.8	460	24	0	1	460	1	460	1.8e-251	864.4
BCW-200319_01565	gnl|TC-DB|P0A6E6|3.A.2.1.1	85.6	139	20	0	1	139	1	139	2.4e-61	231.1
BCW-200319_01571	gnl|TC-DB|P0AG82|3.A.1.7.1	75.7	346	84	0	1	346	1	346	5.9e-154	540.0
BCW-200319_01572	gnl|TC-DB|P0AGH8|3.A.1.7.1	89.3	319	34	0	1	319	1	319	1.4e-157	552.0
BCW-200319_01573	gnl|TC-DB|P07654|3.A.1.7.1	88.5	295	34	0	1	295	1	295	1.4e-143	505.4
BCW-200319_01574	gnl|TC-DB|P0AAH0|3.A.1.7.1	95.5	247	11	0	8	254	11	257	1.4e-136	481.9
BCW-200319_01577	gnl|TC-DB|O51798|2.A.1.15.9	30.5	406	262	9	15	410	14	409	2.8e-41	166.0
BCW-200319_01580	gnl|TC-DB|P0AA78|2.A.1.14.2	45.0	422	229	2	15	434	42	462	3.2e-104	375.2
BCW-200319_01582	gnl|TC-DB|P31466|2.A.40.7.6	85.2	433	64	0	5	437	13	445	1.1e-200	695.7
BCW-200319_01593	gnl|TC-DB|P07110|1.B.11.2.1	46.4	821	419	9	26	832	19	832	4.6e-208	721.1
BCW-200319_01594	gnl|TC-DB|Q8KRT4|1.C.80.1.1	36.1	183	103	6	1	174	1	178	7.0e-18	87.0
BCW-200319_01596	gnl|TC-DB|P25714|2.A.9.3.1	77.0	548	126	0	1	548	1	548	5.6e-247	849.7
BCW-200319_01608	gnl|TC-DB|P39398|2.A.1.14.33	39.2	421	249	2	15	430	29	447	3.1e-83	305.4
BCW-200319_01621	gnl|TC-DB|P37665|9.B.186.1.1	84.4	218	34	0	3	220	2	219	1.1e-73	272.7
BCW-200319_01627	gnl|TC-DB|P0AEK7|5.A.3.2.1	43.7	215	119	1	1	213	1	215	6.3e-53	203.8
BCW-200319_01628	gnl|TC-DB|P0AAJ3|5.A.3.2.1	76.2	294	70	0	1	294	1	294	7.6e-142	499.6
BCW-200319_01629	gnl|TC-DB|P24183|5.A.3.2.1	73.8	802	210	0	1	802	213	1014	0.0e+00	1295.0
BCW-200319_01630	gnl|TC-DB|P24183|5.A.3.2.1	83.1	195	33	0	1	195	1	195	5.1e-94	340.1
BCW-200319_01635	gnl|TC-DB|Q9X051|3.A.1.2.19	39.2	498	287	7	7	492	13	506	1.3e-96	350.1
BCW-200319_01636	gnl|TC-DB|B8H230|3.A.1.2.21	34.0	329	199	6	10	331	11	328	3.1e-35	145.6
BCW-200319_01647	gnl|TC-DB|P00550|4.A.2.1.2	84.8	638	94	1	3	640	2	636	4.6e-301	1029.6
BCW-200319_01653	gnl|TC-DB|P37669|9.B.97.1.1	60.4	331	131	0	1	331	1	331	2.0e-111	398.7
BCW-200319_01662	gnl|TC-DB|P0ADL1|2.A.1.2.26	37.0	370	232	1	14	383	18	386	1.0e-61	233.8
BCW-200319_01667	gnl|TC-DB|G0GRM4|9.B.2.4.1	42.6	188	108	0	8	195	3	190	2.7e-35	145.2
BCW-200319_01672	gnl|TC-DB|P33950|3.A.1.5.27	56.0	505	221	1	30	534	41	544	2.4e-170	595.1
BCW-200319_01673	gnl|TC-DB|W0WN20|3.A.1.5.39	67.0	339	109	1	1	339	1	336	3.6e-127	451.1
BCW-200319_01674	gnl|TC-DB|W0WMS8|3.A.1.5.39	54.8	283	128	0	17	299	18	300	8.7e-85	310.1
BCW-200319_01675	gnl|TC-DB|P45095|3.A.1.5.27	74.7	324	82	0	1	324	1	324	2.3e-139	491.5
BCW-200319_01676	gnl|TC-DB|P45094|3.A.1.5.27	74.6	327	82	1	1	326	1	327	1.2e-138	489.2
BCW-200319_01678	gnl|TC-DB|P31122|2.A.1.2.15	32.9	347	227	2	14	358	11	353	6.7e-40	161.4
BCW-200319_01681	gnl|TC-DB|P77735|8.A.5.1.6	29.7	283	180	6	31	305	37	308	8.3e-28	120.9
BCW-200319_01684	gnl|TC-DB|P37653|4.D.3.1.6	46.8	678	348	5	3	673	149	820	6.3e-179	624.0
BCW-200319_01685	gnl|TC-DB|P37652|4.D.3.1.6	28.9	743	480	18	109	827	61	779	1.6e-75	280.8
BCW-200319_01686	gnl|TC-DB|P37650|1.B.55.3.1	29.8	292	190	6	1062	1347	857	1139	1.4e-28	125.6
BCW-200319_01698	gnl|TC-DB|P37653|4.D.3.1.6	63.5	855	304	3	5	857	6	854	0.0e+00	1156.0
BCW-200319_01699	gnl|TC-DB|P37652|4.D.3.1.6	55.5	761	311	3	14	747	20	779	1.1e-248	855.9
BCW-200319_01700	gnl|TC-DB|P37650|1.B.55.3.1	38.8	1158	430	14	1	882	1	1155	1.6e-187	652.9
BCW-200319_01702	gnl|TC-DB|P0A830|2.A.23.1.7	87.5	415	52	0	1	415	1	415	8.2e-198	686.0
BCW-200319_01709	gnl|TC-DB|A1EMW4|3.A.11.2.3	43.3	104	47	2	9	112	12	103	3.1e-11	64.3
BCW-200319_01714	gnl|TC-DB|O30646|2.A.7.3.25	57.6	278	117	1	14	290	9	286	4.2e-82	301.2
BCW-200319_01716	gnl|TC-DB|P77265|3.A.1.106.13	81.0	579	110	0	1	579	1	579	1.4e-272	934.9
BCW-200319_01717	gnl|TC-DB|P0AAG5|3.A.1.106.13	81.3	584	109	0	1	584	1	584	7.5e-266	912.5
BCW-200319_01719	gnl|TC-DB|P69681|1.A.11.1.1	75.1	422	104	1	6	427	7	427	2.2e-174	608.2
BCW-200319_01726	gnl|TC-DB|A1IQK5|3.A.1.15.10	43.9	205	114	1	2	205	13	217	1.4e-42	169.5
BCW-200319_01727	gnl|TC-DB|A1IQK4|3.A.1.15.10	57.7	274	115	1	2	275	6	278	3.6e-80	294.7
BCW-200319_01728	gnl|TC-DB|Q56952|3.A.1.15.4	30.3	274	185	4	17	287	35	305	6.1e-35	144.4
BCW-200319_01731	gnl|TC-DB|P31224|2.A.6.2.2	84.1	1049	166	1	1	1048	1	1049	0.0e+00	1709.5
BCW-200319_01732	gnl|TC-DB|P0AE06|8.A.1.6.1	71.9	399	110	2	1	399	1	397	1.1e-154	542.7
BCW-200319_01739	gnl|TC-DB|G0EBV0|1.B.6.2.10	33.5	203	100	5	1	200	1	171	2.4e-22	102.1
BCW-200319_01752	gnl|TC-DB|P39830|2.A.37.1.5	80.8	547	105	0	1	547	1	547	5.0e-243	836.6
BCW-200319_01753	gnl|TC-DB|P52067|2.A.1.35.1	79.4	393	80	1	8	399	13	405	1.7e-173	605.1
BCW-200319_01755	gnl|TC-DB|Q8XG43|2.A.117.1.3	60.9	133	52	0	4	136	18	150	3.2e-44	174.5
BCW-200319_01759	gnl|TC-DB|Q59385|3.A.3.5.5	72.9	838	217	2	1	832	1	834	0.0e+00	1151.3
BCW-200319_01762	gnl|TC-DB|P0AA53|8.A.21.2.2	87.1	302	39	0	1	302	1	302	5.9e-105	377.1
BCW-200319_01766	gnl|TC-DB|P0A9T8|3.A.1.122.15	79.4	228	47	0	1	228	1	228	1.2e-97	352.4
BCW-200319_01767	gnl|TC-DB|P77504|3.A.1.122.15	70.2	802	239	0	1	802	1	802	0.0e+00	1120.1
BCW-200319_01798	gnl|TC-DB|O33918|5.A.1.5.1	58.4	637	245	7	1	627	1	627	5.3e-209	723.8
BCW-200319_01812	gnl|TC-DB|Q92NF1|3.A.1.5.17	42.7	515	287	4	2	513	17	526	8.9e-122	433.7
BCW-200319_01813	gnl|TC-DB|Q92NF0|3.A.1.5.17	47.7	323	169	0	7	329	47	369	7.3e-77	283.9
BCW-200319_01814	gnl|TC-DB|Q92NE9|3.A.1.5.17	55.6	252	112	0	11	262	13	264	3.2e-70	261.5
BCW-200319_01815	gnl|TC-DB|Q92NE8|3.A.1.5.17	52.7	531	236	4	6	523	4	532	1.0e-144	510.0
BCW-200319_01821	gnl|TC-DB|P76115|1.B.14.9.5	64.0	680	239	4	57	736	26	699	3.4e-268	920.6
BCW-200319_01828	gnl|TC-DB|A8H4W7|3.A.1.2.15	61.5	491	187	2	7	496	4	493	9.1e-172	599.7
BCW-200319_01829	gnl|TC-DB|A8H4W6|3.A.1.2.15	70.7	331	97	0	14	344	15	345	8.9e-126	446.4
BCW-200319_01830	gnl|TC-DB|A8H4W5|3.A.1.2.15	65.2	333	116	0	1	333	1	333	7.5e-122	433.3
BCW-200319_01832	gnl|TC-DB|P77757|4.D.2.1.8	82.1	308	55	0	6	313	7	314	8.7e-147	516.2
BCW-200319_01835	gnl|TC-DB|G8LJX5|9.B.142.2.2	57.5	553	233	2	1	553	1	551	2.2e-182	635.2
BCW-200319_01836	gnl|TC-DB|P81891|2.A.7.22.2	54.7	106	42	1	4	103	4	109	7.9e-25	109.4
BCW-200319_01837	gnl|TC-DB|Q8Z537|2.A.7.22.2	46.0	124	67	0	1	124	1	124	3.9e-18	87.4
BCW-200319_01838	gnl|TC-DB|P77279|3.A.1.139.2	51.4	220	105	2	1	219	1	219	7.4e-57	216.9
BCW-200319_01839	gnl|TC-DB|P77307|3.A.1.139.2	70.5	251	74	0	1	251	1	251	1.8e-91	332.0
BCW-200319_01841	gnl|TC-DB|Q9I2M1|3.A.1.109.4	40.1	631	374	3	94	724	79	705	2.2e-121	433.0
BCW-200319_01842	gnl|TC-DB|Q9I2M0|3.A.1.109.4	40.8	382	223	3	11	390	11	391	1.0e-72	270.4
BCW-200319_01844	gnl|TC-DB|E3HN15|9.B.8.2.7	38.7	173	101	3	6	174	705	876	1.1e-23	106.3
BCW-200319_01845	gnl|TC-DB|Q1D0K9|9.B.8.2.6	29.6	291	174	6	23	304	14	282	1.0e-22	105.1
BCW-200319_01847	gnl|TC-DB|Q1J2S8|2.A.53.3.13	42.6	462	263	2	13	472	22	483	4.4e-102	368.2
BCW-200319_01849	gnl|TC-DB|P0ACG4|1.E.53.1.1	64.0	50	18	0	1	50	1	50	6.3e-12	65.5
BCW-200319_01850	gnl|TC-DB|917745143|1.C.75.1.2	62.7	177	66	0	2	178	2903	3079	2.8e-54	208.0
BCW-200319_01853	gnl|TC-DB|P06971|1.B.14.1.2	32.5	720	431	20	45	721	40	747	1.6e-89	327.0
BCW-200319_01855	gnl|TC-DB|P76628|2.A.1.36.3	31.4	382	252	3	14	394	8	380	8.0e-41	164.5
BCW-200319_01856	gnl|TC-DB|P42194|2.A.7.3.3	65.6	273	94	0	4	276	3	275	7.5e-94	340.1
BCW-200319_01869	gnl|TC-DB|P09551|3.A.1.3.1	50.6	257	123	2	3	255	2	258	2.8e-71	265.0
BCW-200319_01871	gnl|TC-DB|P0AG34|2.A.76.1.1	36.3	204	127	1	1	204	1	201	1.0e-28	123.2
BCW-200319_01880	gnl|TC-DB|G4FGN3|3.A.1.2.20	35.6	491	314	2	8	498	3	491	8.6e-85	310.8
BCW-200319_01881	gnl|TC-DB|Q92WK1|3.A.1.2.11	29.2	301	195	7	50	334	42	340	6.5e-26	114.8
BCW-200319_01886	gnl|TC-DB|Q9RPV1|2.A.1.14.9	28.8	416	279	6	20	420	35	448	3.2e-40	162.5
BCW-200319_01894	gnl|TC-DB|P76230|2.A.1.1.115	27.3	388	270	5	74	454	52	434	2.5e-30	129.8
BCW-200319_01895	gnl|TC-DB|P0AAP1|9.B.34.1.2	32.9	167	107	2	279	443	205	368	1.5e-18	91.3
BCW-200319_01896	gnl|TC-DB|P0AFY6|9.A.18.1.1	69.3	398	118	1	1	398	1	394	1.0e-152	536.2
BCW-200319_01901	gnl|TC-DB|P21345|2.A.23.1.1	81.7	427	78	0	1	427	1	427	1.6e-188	655.2
BCW-200319_01902	gnl|TC-DB|P31552|4.C.1.1.6	24.0	537	358	15	90	616	21	517	6.8e-26	115.5
BCW-200319_01903	gnl|TC-DB|P0AF54|9.B.136.1.1	72.5	102	28	0	1	102	1	102	1.2e-38	155.2
BCW-200319_01904	gnl|TC-DB|P32705|2.A.21.7.2	86.3	547	74	1	6	552	4	549	3.4e-260	893.6
BCW-200319_01905	gnl|TC-DB|Q8XE01|1.B.68.1.1	42.5	181	103	1	1	181	8	187	3.6e-41	164.5
BCW-200319_01907	gnl|TC-DB|E7UC95|1.E.14.1.9	67.8	115	37	0	29	143	16	130	1.1e-38	156.0
BCW-200319_01909	gnl|TC-DB|P32703|2.A.36.3.1	77.4	549	124	0	1	549	1	549	1.2e-236	815.5
BCW-200319_01910	gnl|TC-DB|P0AF52|2.A.40.7.5	84.0	449	72	0	1	449	1	449	6.0e-199	689.9
BCW-200319_01914	gnl|TC-DB|P76330|9.B.34.1.4	36.6	164	97	4	258	416	393	554	5.7e-16	82.0
BCW-200319_01919	gnl|TC-DB|P39314|2.A.7.3.19	63.8	318	113	2	1	316	1	318	2.3e-115	411.8
BCW-200319_01926	gnl|TC-DB|P0AAE0|2.A.3.1.7	54.0	448	205	1	3	450	11	457	7.0e-134	473.8
BCW-200319_01937	gnl|TC-DB|E0DTC9|2.A.115.1.4	54.5	191	87	0	12	202	76	266	2.9e-55	211.5
BCW-200319_01946	gnl|TC-DB|P28303|2.A.66.1.4	73.3	439	117	0	1	439	19	457	3.5e-175	610.9
BCW-200319_01953	gnl|TC-DB|P02943|1.B.3.1.1	68.4	440	122	4	5	427	7	446	2.8e-185	644.4
BCW-200319_01954	gnl|TC-DB|P68187|3.A.1.1.1	86.0	371	50	1	1	369	1	371	6.9e-180	626.3
BCW-200319_01955	gnl|TC-DB|P0AEX9|3.A.1.1.1	82.6	396	68	1	3	398	2	396	2.5e-196	681.0
BCW-200319_01956	gnl|TC-DB|P02916|3.A.1.1.1	75.0	505	121	3	8	510	13	514	7.1e-212	733.0
BCW-200319_01957	gnl|TC-DB|P68183|3.A.1.1.1	87.5	296	37	0	1	296	1	296	1.9e-145	511.5
BCW-200319_01959	gnl|TC-DB|D8EPC3|1.B.14.16.4	70.1	700	204	2	1	697	1	698	1.6e-307	1051.2
BCW-200319_01964	gnl|TC-DB|P60844|1.A.8.3.1	75.4	228	56	0	2	229	3	230	5.4e-95	343.6
BCW-200319_01965	gnl|TC-DB|Q9K0A9|2.A.28.2.4	47.9	303	156	1	5	305	11	313	2.1e-70	262.3
BCW-200319_01966	gnl|TC-DB|P0AF43|2.A.58.2.1	73.4	541	144	0	1	541	1	541	7.0e-210	726.5
BCW-200319_01969	gnl|TC-DB|P42915|1.B.11.3.6	32.2	790	504	17	24	794	40	816	1.0e-111	401.0
BCW-200319_01973	gnl|TC-DB|P37645|9.B.121.1.1	66.4	685	228	1	1	683	1	685	2.6e-278	954.1
BCW-200319_01974	gnl|TC-DB|P37643|2.A.1.6.10	82.1	436	77	1	6	440	5	440	2.3e-198	688.0
BCW-200319_01975	gnl|TC-DB|P22037|9.B.20.1.1	61.1	226	86	1	1	226	5	228	4.7e-70	260.8
BCW-200319_01976	gnl|TC-DB|P36640|3.A.3.4.1	54.7	863	363	9	32	890	62	900	5.7e-257	883.6
BCW-200319_01981	gnl|TC-DB|P76264|2.A.107.1.1	67.6	185	60	0	1	185	1	185	8.0e-68	253.1
BCW-200319_01992	gnl|TC-DB|A2P528|2.A.7.3.9	34.7	294	180	3	8	299	8	291	1.1e-34	143.7
BCW-200319_01994	gnl|TC-DB|P03959|3.A.3.7.1	76.1	557	133	0	1	557	1	557	2.2e-235	811.2
BCW-200319_01995	gnl|TC-DB|P03960|3.A.3.7.1	82.5	681	119	0	1	681	1	681	0.0e+00	1078.5
BCW-200319_01996	gnl|TC-DB|P03961|3.A.3.7.1	60.6	188	74	0	1	188	1	188	1.5e-53	205.7
BCW-200319_02004	gnl|TC-DB|Q9KWT9|3.A.1.1.10	49.9	363	175	2	1	358	2	362	5.1e-92	334.3
BCW-200319_02005	gnl|TC-DB|Q72H66|3.A.1.1.25	35.0	283	170	5	3	279	6	280	1.4e-33	139.8
BCW-200319_02006	gnl|TC-DB|Q9R9Q6|3.A.1.1.17	40.8	299	161	3	4	289	23	318	5.3e-58	221.1
BCW-200319_02011	gnl|TC-DB|Q2G2M9|3.A.1.106.2	31.5	514	345	3	90	602	69	576	1.3e-66	250.8
BCW-200319_02020	gnl|TC-DB|I3XAB3|2.A.109.1.5	38.3	180	103	2	10	181	10	189	1.0e-21	100.1
BCW-200319_02021	gnl|TC-DB|Q9KN48|3.A.23.1.1	42.9	231	123	3	342	568	193	418	6.6e-45	178.7
BCW-200319_02024	gnl|TC-DB|P02925|3.A.1.2.1	29.3	300	204	4	2	297	1	296	6.3e-30	127.9
BCW-200319_02036	gnl|TC-DB|P21647|1.B.11.3.2	39.3	815	465	18	16	815	9	808	9.6e-153	537.3
BCW-200319_02045	gnl|TC-DB|P0A8S5|9.B.4.1.1	85.6	111	16	0	1	111	1	111	4.7e-52	199.9
BCW-200319_02046	gnl|TC-DB|P0AFJ7|2.A.20.1.1	76.4	500	116	2	1	499	1	499	8.4e-218	752.7
BCW-200319_02053	gnl|TC-DB|Q1J0W6|9.B.34.1.1	26.6	248	171	5	104	347	105	345	5.6e-14	75.1
BCW-200319_02054	gnl|TC-DB|P16869|1.B.14.1.1	51.7	720	330	6	20	724	13	729	2.0e-215	745.3
BCW-200319_02056	gnl|TC-DB|P0C0L7|2.A.1.6.4	86.8	499	66	0	3	501	2	500	5.2e-252	866.3
BCW-200319_02060	gnl|TC-DB|P39398|2.A.1.14.33	60.0	420	168	0	10	429	30	449	2.0e-143	505.4
BCW-200319_02062	gnl|TC-DB|P0AGM0|2.A.86.1.2	56.2	336	147	0	7	342	7	342	6.0e-98	354.0
BCW-200319_02064	gnl|TC-DB|A3N294|3.A.1.20.3	26.8	310	198	9	11	297	9	312	2.5e-21	99.4
BCW-200319_02065	gnl|TC-DB|Q8TZQ3|3.A.1.1.16	46.8	220	115	1	8	225	4	223	5.6e-55	210.7
BCW-200319_02066	gnl|TC-DB|P37621|2.A.1.46.7	76.3	389	92	0	4	392	3	391	2.4e-167	584.7
BCW-200319_02077	gnl|TC-DB|B3WJF3|2.A.88.8.6	80.0	210	42	0	1	210	1	210	1.5e-89	325.5
BCW-200319_02080	gnl|TC-DB|P37617|3.A.3.6.2	64.0	739	253	5	18	756	7	732	2.4e-240	828.2
BCW-200319_02085	gnl|TC-DB|P10121|3.A.5.1.1	88.7	310	35	0	192	501	188	497	3.6e-152	534.6
BCW-200319_02086	gnl|TC-DB|P0A9R7|3.A.1.140.1	89.4	218	23	0	1	218	1	218	2.3e-111	397.9
BCW-200319_02087	gnl|TC-DB|P0AC31|3.A.1.140.1	72.4	323	87	1	8	330	32	352	2.4e-128	454.9
BCW-200319_02095	gnl|TC-DB|P0AD96|3.A.1.4.1	79.3	367	73	2	5	371	4	367	1.1e-169	592.4
BCW-200319_02096	gnl|TC-DB|P0AEX7|3.A.1.4.1	88.0	308	37	0	1	308	1	308	5.5e-143	503.4
BCW-200319_02097	gnl|TC-DB|P22729|3.A.1.4.1	79.8	425	85	1	1	424	1	425	5.5e-178	620.2
BCW-200319_02098	gnl|TC-DB|P0A9S7|3.A.1.4.1	87.5	255	32	0	1	255	1	255	3.5e-127	450.7
BCW-200319_02099	gnl|TC-DB|P22731|3.A.1.4.1	88.2	237	28	0	1	237	1	237	5.4e-114	406.8
BCW-200319_02100	gnl|TC-DB|P0AG80|3.A.1.1.3	78.8	430	90	1	10	438	8	437	3.6e-204	707.2
BCW-200319_02101	gnl|TC-DB|P10905|3.A.1.1.3	79.3	295	61	0	4	298	1	295	1.5e-129	458.8
BCW-200319_02102	gnl|TC-DB|P10906|3.A.1.1.3	80.4	281	55	0	1	281	1	281	4.9e-122	433.7
BCW-200319_02103	gnl|TC-DB|P10907|3.A.1.1.3	75.8	355	85	1	1	354	1	355	9.4e-155	542.7
BCW-200319_02114	gnl|TC-DB|P0AC96|2.A.8.1.8	82.5	446	78	0	1	446	1	446	1.0e-206	715.7
BCW-200319_02115	gnl|TC-DB|P67143|2.A.95.1.5	80.1	196	39	0	1	196	1	196	2.1e-79	291.6
BCW-200319_02124	gnl|TC-DB|P09391|9.B.104.1.1	60.6	274	107	1	1	273	2	275	2.8e-90	328.2
BCW-200319_02135	gnl|TC-DB|B5XTS7|9.A.8.1.10	66.9	773	249	4	1	767	1	772	4.2e-285	976.9
BCW-200319_02136	gnl|TC-DB|B5XTS8|9.A.8.1.10	60.3	73	29	0	1	73	1	73	1.5e-20	94.7
BCW-200319_02141	gnl|TC-DB|P31069|1.A.1.13.1	44.1	338	176	7	60	387	62	396	3.1e-66	248.8
BCW-200319_02151	gnl|TC-DB|Q1R5P6|1.B.22.4.2	52.6	409	189	2	7	414	8	412	5.2e-112	401.0
BCW-200319_02160	gnl|TC-DB|P60778|2.A.1.7.14	74.4	395	98	3	1	394	1	393	2.0e-158	555.1
BCW-200319_02164	gnl|TC-DB|P45537|2.A.85.1.3	71.2	694	197	2	1	691	5	698	5.3e-287	983.0
BCW-200319_02172	gnl|TC-DB|Q47537|3.A.1.17.1	80.4	312	61	0	10	321	9	320	2.0e-143	505.0
BCW-200319_02173	gnl|TC-DB|Q47538|3.A.1.17.1	74.1	255	66	0	1	255	1	255	2.1e-108	388.3
BCW-200319_02174	gnl|TC-DB|Q47539|3.A.1.17.1	84.7	275	42	0	1	275	1	275	5.6e-123	436.8
BCW-200319_02179	gnl|TC-DB|Q83XH1|3.A.1.121.4	31.8	513	341	5	1	505	1	512	1.6e-72	270.4
BCW-200319_02180	gnl|TC-DB|P0A756|2.A.37.1.2	81.3	182	34	0	1	182	2	183	8.7e-88	319.3
BCW-200319_02181	gnl|TC-DB|P45522|2.A.37.1.2	83.1	599	101	0	1	599	1	599	5.3e-275	943.0
BCW-200319_02198	gnl|TC-DB|P36640|3.A.3.4.1	66.9	130	43	0	1	130	773	902	1.2e-43	172.2
BCW-200319_02200	gnl|TC-DB|917745143|1.C.75.1.2	50.0	426	189	8	47	454	2772	3191	5.5e-90	328.6
BCW-200319_02214	gnl|TC-DB|917745143|1.C.75.1.2	51.6	289	111	4	2	261	2903	3191	2.8e-64	242.7
BCW-200319_02215	gnl|TC-DB|P0ACG4|1.E.53.1.1	60.0	50	20	0	1	50	1	50	1.8e-11	63.9
BCW-200319_02226	gnl|TC-DB|P0AD30|2.A.102.3.1	78.5	256	55	0	6	261	10	265	8.8e-113	402.9
BCW-200319_02235	gnl|TC-DB|P10384|1.B.9.1.1	64.7	462	130	3	1	445	1	446	1.1e-168	589.3
BCW-200319_02236	gnl|TC-DB|P76506|3.A.1.27.3	70.8	253	72	1	1	253	1	251	1.4e-107	385.6
BCW-200319_02240	gnl|TC-DB|P33927|9.B.14.1.3	72.2	648	173	2	1	648	1	641	5.2e-276	946.4
BCW-200319_02242	gnl|TC-DB|P0ABM7|3.A.1.107.3	53.6	69	32	0	1	69	1	69	2.4e-15	77.4
BCW-200319_02243	gnl|TC-DB|P0ABM1|9.B.14.2.3	75.2	246	60	1	1	246	1	245	1.1e-112	402.5
BCW-200319_02244	gnl|TC-DB|P0ABM0|3.A.1.107.3	82.1	218	39	0	1	218	2	219	4.7e-72	267.3
BCW-200319_02245	gnl|TC-DB|Q8XE58|3.A.1.107.3	59.0	200	82	0	1	200	3	202	9.8e-64	239.6
BCW-200319_02246	gnl|TC-DB|P37327|1.A.16.4.1	75.9	257	62	0	28	284	31	287	3.9e-109	391.0
BCW-200319_02257	gnl|TC-DB|F8CVI0|1.B.52.2.2	29.1	234	130	7	321	524	57	284	5.6e-12	69.3
BCW-200319_02261	gnl|TC-DB|M3JA40|1.B.52.2.1	36.0	172	103	2	471	642	276	440	1.0e-13	75.1
BCW-200319_02262	gnl|TC-DB|P37662|2.A.1.11.3	73.6	348	91	1	8	355	4	350	2.2e-139	491.9
BCW-200319_02270	gnl|TC-DB|Q9RQ30|8.A.1.1.2	43.1	130	73	1	213	341	226	355	5.3e-22	101.7
BCW-200319_02274	gnl|TC-DB|F4LXP4|8.A.59.2.1	30.7	274	164	7	272	533	211	470	3.5e-26	116.3
BCW-200319_02278	gnl|TC-DB|P63144|8.A.5.1.3	34.5	313	186	10	13	313	71	376	2.2e-41	166.0
BCW-200319_02280	gnl|TC-DB|P0A769|2.A.55.3.1	77.2	413	93	1	1	413	1	412	6.4e-171	596.7
BCW-200319_02281	gnl|TC-DB|P0AFF2|2.A.41.1.1	82.8	400	63	2	1	394	1	400	4.1e-175	610.5
BCW-200319_02283	gnl|TC-DB|Q8NR41|3.A.1.17.12	31.1	267	179	4	24	287	40	304	3.4e-28	122.1
BCW-200319_02286	gnl|TC-DB|A4QDI5|3.A.1.17.12	40.5	242	135	3	12	251	27	261	2.9e-41	165.6
BCW-200319_02291	gnl|TC-DB|P35839|1.A.16.2.1	37.7	268	149	5	2	251	4	271	3.0e-41	165.2
BCW-200319_02302	gnl|TC-DB|P77389|2.A.1.2.65	35.8	385	242	2	14	397	5	385	4.4e-60	228.4
BCW-200319_02304	gnl|TC-DB|P80874|8.A.5.1.4	28.7	314	200	7	61	363	11	311	1.9e-28	123.2
BCW-200319_02311	gnl|TC-DB|P80874|8.A.5.1.4	35.8	176	89	7	7	159	8	182	6.6e-18	87.8
BCW-200319_02313	gnl|TC-DB|P69451|4.C.1.1.4	25.7	499	287	18	13	472	48	501	8.5e-30	128.3
BCW-200319_02321	gnl|TC-DB|L8CW92|2.A.66.12.6	67.2	442	145	0	1	442	6	447	3.0e-166	581.3
BCW-200319_02327	gnl|TC-DB|D1P591|1.B.25.1.19	32.9	420	264	9	42	447	34	449	3.7e-55	212.2
BCW-200319_02336	gnl|TC-DB|P30130|1.B.11.3.9	44.9	846	422	11	23	832	27	864	3.9e-207	718.0
BCW-200319_02340	gnl|TC-DB|Q9I2M0|3.A.1.109.4	39.7	390	230	2	17	405	8	393	5.5e-74	274.6
BCW-200319_02341	gnl|TC-DB|Q88RG3|3.A.1.109.3	38.8	706	418	4	25	729	19	711	9.1e-131	464.2
BCW-200319_02358	gnl|TC-DB|P39414|2.A.47.3.3	55.5	470	209	0	29	498	13	482	9.9e-150	526.6
BCW-200319_02362	gnl|TC-DB|Q45082|2.A.1.6.5	40.2	438	257	4	2	435	6	442	3.8e-81	298.5
BCW-200319_02366	gnl|TC-DB|Q01674|1.B.14.1.17	60.1	714	264	6	5	707	7	710	3.3e-252	867.5
BCW-200319_02367	gnl|TC-DB|A6TAG3|1.E.43.1.1	86.5	37	5	0	1	37	1	37	3.7e-14	73.6
BCW-200319_02376	gnl|TC-DB|K7PKN9|1.E.56.1.3	50.0	92	46	0	1	92	1	92	3.1e-20	94.0
BCW-200319_02382	gnl|TC-DB|Q9S2Y1|1.A.23.7.1	38.8	258	156	1	88	343	81	338	3.2e-49	192.2
BCW-200319_02388	gnl|TC-DB|Q93GK4|3.A.1.110.1	43.3	411	233	0	17	427	3	413	2.5e-93	339.0
BCW-200319_02389	gnl|TC-DB|Q93GK5|3.A.1.110.1	51.4	699	339	1	1	699	1	698	6.3e-211	730.3
BCW-200319_02393	gnl|TC-DB|657066955|9.B.143.3.6	36.6	227	132	4	15	233	14	236	4.8e-25	111.3
BCW-200319_02405	gnl|TC-DB|P76103|2.A.46.1.9	58.3	374	155	1	13	385	9	382	8.0e-115	410.2
BCW-200319_02408	gnl|TC-DB|P75958|3.A.1.125.1	77.5	414	93	0	1	414	1	414	1.2e-174	609.0
BCW-200319_02409	gnl|TC-DB|P75957|3.A.1.125.1	80.5	231	45	0	3	233	2	232	8.0e-102	366.3
BCW-200319_02410	gnl|TC-DB|P0ADC3|3.A.1.125.1	77.7	399	89	0	1	399	1	399	1.6e-163	572.0
BCW-200319_02411	gnl|TC-DB|Q1J0W6|9.B.34.1.1	38.4	125	72	2	335	458	225	345	4.6e-16	82.4
BCW-200319_02426	gnl|TC-DB|P15928|3.A.6.2.1	66.6	574	171	4	3	576	6	558	6.3e-201	696.8
BCW-200319_02428	gnl|TC-DB|P15934|3.A.6.2.1	80.5	133	26	0	97	229	103	235	2.0e-57	218.8
BCW-200319_02429	gnl|TC-DB|P26465|3.A.6.2.1	85.0	453	67	1	1	452	1	453	2.1e-215	744.6
BCW-200319_02434	gnl|TC-DB|P26419|3.A.6.2.1	77.4	137	27	2	1	133	1	137	6.2e-51	196.4
BCW-200319_02435	gnl|TC-DB|P0A1L1|3.A.6.2.1	54.1	122	53	2	7	127	5	124	3.3e-25	110.9
BCW-200319_02436	gnl|TC-DB|P54700|3.A.6.2.1	86.5	245	33	0	1	245	1	245	5.4e-109	390.2
BCW-200319_02437	gnl|TC-DB|P0A1L5|3.A.6.2.1	76.4	89	21	0	1	89	1	89	9.6e-32	132.1
BCW-200319_02438	gnl|TC-DB|P54702|3.A.6.2.1	68.0	259	83	0	1	259	1	259	8.6e-97	349.7
BCW-200319_02441	gnl|TC-DB|P31552|4.C.1.1.6	20.4	504	339	16	471	938	39	516	7.9e-17	87.8
BCW-200319_02448	gnl|TC-DB|Q92NE8|3.A.1.5.17	46.7	540	272	3	11	546	4	531	4.4e-135	478.0
BCW-200319_02449	gnl|TC-DB|Q92NE9|3.A.1.5.17	37.7	276	165	2	12	284	4	275	4.1e-44	174.9
BCW-200319_02450	gnl|TC-DB|Q92NF0|3.A.1.5.17	43.5	317	173	3	3	316	53	366	6.2e-57	217.6
BCW-200319_02451	gnl|TC-DB|Q92NF1|3.A.1.5.17	36.0	497	299	7	26	512	20	507	6.7e-80	294.7
BCW-200319_02459	gnl|TC-DB|A8H4W6|3.A.1.2.15	42.4	297	163	2	51	342	52	345	1.4e-54	209.9
BCW-200319_02460	gnl|TC-DB|P0AAG8|3.A.1.2.3	51.0	492	239	1	4	493	12	503	6.3e-141	497.3
BCW-200319_02461	gnl|TC-DB|A6VKT0|3.A.1.2.13	28.7	293	205	3	4	295	3	292	2.4e-29	125.9
BCW-200319_02463	gnl|TC-DB|Q9JY22|1.B.20.1.5	36.5	559	325	9	42	573	22	577	7.0e-107	384.4
BCW-200319_02475	gnl|TC-DB|B6I4D1|9.B.128.1.1	78.5	442	94	1	1	441	1	442	1.3e-198	688.7
BCW-200319_02477	gnl|TC-DB|P0AAA7|2.A.66.2.3	73.0	415	112	0	1	415	1	415	4.5e-164	573.9
BCW-200319_02483	gnl|TC-DB|P0AC78|9.B.146.1.7	73.7	358	94	0	1	358	1	358	2.2e-146	515.0
BCW-200319_02484	gnl|TC-DB|P40290|3.A.6.1.1	28.2	252	159	5	157	396	148	389	4.5e-15	79.0
BCW-200319_02486	gnl|TC-DB|O00571|1.I.1.1.3	36.0	364	219	3	9	358	180	543	3.5e-55	212.2
BCW-200319_02506	gnl|TC-DB|Q9JY22|1.B.20.1.5	36.9	577	333	10	15	563	7	580	1.4e-104	376.7
BCW-200319_02511	gnl|TC-DB|P77757|4.D.2.1.8	80.0	310	62	0	7	316	7	316	2.0e-143	505.0
BCW-200319_02514	gnl|TC-DB|G8LJX5|9.B.142.2.2	55.4	549	243	2	1	548	1	548	2.7e-180	628.2
BCW-200319_02515	gnl|TC-DB|P81891|2.A.7.22.2	45.3	106	54	1	6	107	4	109	8.8e-19	89.4
BCW-200319_02516	gnl|TC-DB|Q8Z537|2.A.7.22.2	43.6	117	64	1	1	115	1	117	3.4e-14	74.3
BCW-200319_02519	gnl|TC-DB|P36655|5.A.1.1.1	67.3	562	179	1	18	579	5	561	3.6e-212	734.2
BCW-200319_02522	gnl|TC-DB|P0ABN5|2.A.13.1.1	63.1	434	158	2	1	433	1	433	1.3e-142	502.7
BCW-200319_02528	gnl|TC-DB|P42601|2.A.109.1.7	86.5	318	43	0	1	318	1	318	5.7e-151	530.0
BCW-200319_02530	gnl|TC-DB|Q9HPN8|2.A.49.6.4	26.3	441	274	8	17	417	184	613	2.7e-23	106.7
BCW-200319_02539	gnl|TC-DB|D4ZZR3|9.B.34.1.3	36.9	168	98	4	187	346	228	395	1.1e-22	104.0
BCW-200319_02543	gnl|TC-DB|P39344|2.A.8.1.2	78.4	439	95	0	1	439	1	439	2.5e-189	657.9
BCW-200319_02554	gnl|TC-DB|P39285|1.A.23.1.3	68.0	1109	352	2	3	1111	2	1107	0.0e+00	1386.7
BCW-200319_02555	gnl|TC-DB|B0SM05|2.A.25.1.6	34.0	285	175	6	12	292	468	743	5.9e-41	164.5
BCW-200319_02591	gnl|TC-DB|Q0PBV6|9.A.40.2.2	22.5	423	322	4	5	424	26	445	2.7e-34	142.9
BCW-200319_02592	gnl|TC-DB|P0ADE4|1.B.33.2.4	73.4	579	152	2	1	579	1	577	1.1e-261	898.7
BCW-200319_02593	gnl|TC-DB|P39321|9.B.22.1.2	64.3	1259	448	2	1	1257	1	1259	0.0e+00	1675.2
BCW-200319_02597	gnl|TC-DB|P45420|1.B.11.5.1	32.3	798	511	13	35	824	16	792	1.8e-111	400.2
BCW-200319_02605	gnl|TC-DB|P45420|1.B.11.5.1	33.2	779	501	10	31	803	27	792	2.0e-120	429.9
BCW-200319_02634	gnl|TC-DB|Q8Y8V8|4.A.6.1.16	31.8	132	90	0	2	133	3	134	7.0e-16	80.1
BCW-200319_02635	gnl|TC-DB|Q9KIQ2|4.A.6.1.4	80.1	292	49	1	9	291	1	292	1.4e-127	452.2
BCW-200319_02636	gnl|TC-DB|Q9KIQ3|4.A.6.1.4	75.7	259	63	0	1	259	1	259	5.2e-86	313.9
BCW-200319_02637	gnl|TC-DB|Q9KIQ4|4.A.6.1.4	85.4	157	23	0	1	157	13	169	3.4e-72	267.3
BCW-200319_02669	gnl|TC-DB|B0T2Y9|5.A.1.5.2	45.8	417	210	2	4	408	326	738	5.5e-90	327.8
BCW-200319_02680	gnl|TC-DB|Q58206|3.A.1.122.14	42.8	222	121	2	7	222	1	222	7.4e-44	173.7
BCW-200319_02689	gnl|TC-DB|P77228|2.A.1.6.9	41.4	418	233	4	37	451	2	410	1.7e-87	319.7
BCW-200319_02694	gnl|TC-DB|P36035|2.A.1.12.2	29.7	427	255	8	3	391	138	557	1.3e-46	183.7
BCW-200319_02696	gnl|TC-DB|D4ZZR3|9.B.34.1.3	40.2	179	91	4	179	347	221	393	8.5e-26	114.4
BCW-200319_02707	gnl|TC-DB|Q9KN51|3.A.23.1.1	35.5	445	285	2	1	444	1	444	3.9e-81	298.5
BCW-200319_02708	gnl|TC-DB|Q8EGR5|1.A.30.1.6	33.3	126	83	1	270	394	166	291	3.2e-13	72.8
BCW-200319_02709	gnl|TC-DB|Q9KN45|3.A.23.1.1	24.8	1224	798	31	17	1200	25	1166	7.0e-85	312.4
BCW-200319_02713	gnl|TC-DB|Q6EE20|3.A.23.2.1	49.4	492	242	4	5	492	2	490	1.5e-137	486.1
BCW-200319_02723	gnl|TC-DB|Q6EE16|3.A.23.2.1	34.5	635	376	17	4	623	3	612	3.0e-87	319.3
BCW-200319_02725	gnl|TC-DB|Q6EE14|3.A.23.2.1	53.6	854	393	2	9	862	8	858	1.9e-249	858.6
BCW-200319_02727	gnl|TC-DB|A8YQR5|3.A.23.2.1	36.8	511	306	11	5	509	10	509	2.3e-82	303.1
BCW-200319_02748	gnl|TC-DB|P24518|4.B.1.1.1	87.5	409	51	0	1	409	1	409	4.1e-218	753.4
BCW-200319_02752	gnl|TC-DB|P43672|3.A.1.120.6	34.0	512	327	6	21	527	18	523	6.5e-78	288.1
BCW-200319_02757	gnl|TC-DB|Q9L3S2|3.A.1.4.4	50.7	215	104	2	14	227	4	217	1.1e-50	196.4
BCW-200319_02758	gnl|TC-DB|Q9L3S3|3.A.1.4.4	44.0	259	127	2	22	263	5	262	9.4e-51	196.8
BCW-200319_02759	gnl|TC-DB|Q9L3S4|3.A.1.4.4	43.7	311	172	2	45	353	30	339	1.9e-62	236.1
BCW-200319_02760	gnl|TC-DB|Q9L3S5|3.A.1.4.4	41.2	386	141	3	220	520	1	385	2.2e-67	253.1
BCW-200319_02761	gnl|TC-DB|Q9L3S6|3.A.1.4.4	46.1	386	185	8	24	407	48	412	1.2e-92	336.7
BCW-200319_02770	gnl|TC-DB|917745143|1.C.75.1.2	40.4	492	262	6	19	483	2701	3188	3.8e-70	262.7
BCW-200319_02773	gnl|TC-DB|Q93GK6|9.B.2.1.9	32.8	198	129	3	11	206	22	217	6.1e-24	107.5
BCW-200319_02774	gnl|TC-DB|Q93GK4|3.A.1.110.1	63.7	413	150	0	12	424	1	413	4.0e-144	507.7
BCW-200319_02775	gnl|TC-DB|Q93GK5|3.A.1.110.1	72.5	698	192	0	1	698	1	698	3.7e-304	1040.0
BCW-200319_02777	gnl|TC-DB|Q55487|4.D.2.1.9	47.2	303	156	3	3	302	5	306	1.6e-78	289.3
BCW-200319_02782	gnl|TC-DB|P16869|1.B.14.1.1	48.3	744	349	9	1	724	2	729	8.0e-201	696.8
BCW-200319_02783	gnl|TC-DB|P07822|3.A.1.14.3	44.1	281	154	2	19	297	9	288	5.8e-68	254.2
BCW-200319_02791	gnl|TC-DB|Q9RPV1|2.A.1.14.9	70.3	434	118	3	9	432	17	449	2.1e-172	601.7
BCW-200319_02803	gnl|TC-DB|O34406|3.A.1.3.13	29.7	249	165	7	18	258	20	266	8.3e-23	104.0
BCW-200319_02804	gnl|TC-DB|P0AFT2|3.A.1.3.10	42.8	208	115	2	12	218	12	216	2.5e-36	148.7
BCW-200319_02805	gnl|TC-DB|O34900|3.A.1.3.13	48.6	243	125	0	1	243	1	243	4.4e-63	237.7
BCW-200319_02807	gnl|TC-DB|O32167|3.A.1.24.2	49.4	269	128	3	5	269	9	273	1.3e-66	249.6
BCW-200319_02808	gnl|TC-DB|O32168|3.A.1.24.2	60.8	222	87	0	1	222	1	222	3.9e-66	247.7
BCW-200319_02809	gnl|TC-DB|O32169|3.A.1.24.2	57.5	341	145	0	1	341	1	341	1.1e-107	386.3
BCW-200319_02811	gnl|TC-DB|Q9F3K7|3.A.1.3.24	58.9	253	104	0	1	253	1	253	8.1e-84	306.6
BCW-200319_02812	gnl|TC-DB|Q9F3K6|3.A.1.3.24	39.9	278	161	3	5	282	16	287	3.0e-53	205.3
BCW-200319_02817	gnl|TC-DB|P71879|2.A.1.3.49	29.0	411	281	6	7	411	1	406	5.3e-33	138.7
BCW-200319_02819	gnl|TC-DB|V4NQP3|9.B.72.1.6	42.2	116	66	1	1	115	1	116	2.7e-18	87.8
BCW-200319_02826	gnl|TC-DB|A8GHT9|2.A.1.36.2	53.5	381	176	1	11	390	17	397	5.5e-95	344.4
BCW-200319_02831	gnl|TC-DB|F2WVP9|2.A.1.60.3	36.6	363	227	1	14	376	9	368	7.5e-57	217.6
BCW-200319_02837	gnl|TC-DB|P96668|2.A.7.3.24	60.1	286	114	0	1	286	1	286	3.3e-89	324.7
BCW-200319_02838	gnl|TC-DB|P0ABC9|2.A.15.1.4	81.9	669	121	0	11	679	9	677	0.0e+00	1112.8
BCW-200319_02841	gnl|TC-DB|P35120|3.A.1.3.6	42.7	274	156	1	11	284	9	281	2.9e-58	221.9
BCW-200319_02842	gnl|TC-DB|P0A4N5|3.A.1.3.5	48.5	227	117	0	5	231	8	234	7.0e-53	203.8
BCW-200319_02843	gnl|TC-DB|P35114|3.A.1.3.5	52.7	226	107	0	3	228	4	229	5.7e-58	220.7
BCW-200319_02844	gnl|TC-DB|P35116|3.A.1.3.6	61.0	249	97	0	8	256	7	255	2.2e-84	308.5
BCW-200319_02865	gnl|TC-DB|P24520|4.B.1.1.1	80.3	233	46	0	1	233	1	233	2.9e-104	374.4
BCW-200319_02866	gnl|TC-DB|P75757|2.A.4.1.4	72.6	299	76	1	1	293	1	299	2.3e-117	418.3
BCW-200319_02876	gnl|TC-DB|Q9HT69|3.A.1.24.5	45.9	209	113	0	8	216	17	225	2.6e-46	181.8
BCW-200319_02877	gnl|TC-DB|P30750|3.A.1.24.1	46.1	330	164	6	37	356	18	343	3.6e-69	258.5
BCW-200319_02878	gnl|TC-DB|P28635|3.A.1.24.1	42.7	241	132	5	26	262	33	271	3.6e-42	168.3
BCW-200319_02891	gnl|TC-DB|Q47538|3.A.1.17.1	41.2	238	120	3	4	241	2	219	3.7e-42	168.3
BCW-200319_02892	gnl|TC-DB|Q47539|3.A.1.17.1	39.4	198	120	0	68	265	73	270	4.4e-27	118.2
BCW-200319_02894	gnl|TC-DB|P0C0L7|2.A.1.6.4	34.0	423	258	5	9	417	24	439	1.0e-62	237.3
BCW-200319_02895	gnl|TC-DB|P76417|2.A.1.10.4	38.2	403	233	7	21	411	6	404	3.8e-70	261.9
BCW-200319_02908	gnl|TC-DB|P42308|2.A.11.1.2	57.6	434	176	2	1	434	1	426	5.4e-136	480.7
BCW-200319_02909	gnl|TC-DB|M3JA40|1.B.52.2.1	45.0	111	51	2	469	576	247	350	2.1e-11	67.4
BCW-200319_02913	gnl|TC-DB|Q9RPP3|2.A.1.14.8	26.0	420	262	9	16	404	32	433	8.4e-33	137.9
BCW-200319_02914	gnl|TC-DB|P42237|2.A.1.14.1	41.1	445	256	3	6	448	13	453	3.4e-96	348.6
BCW-200319_02921	gnl|TC-DB|P63144|8.A.5.1.3	31.4	309	192	9	1	295	71	373	1.0e-30	130.6
BCW-200319_02923	gnl|TC-DB|P31224|2.A.6.2.2	75.6	1041	253	1	1	1040	1	1041	0.0e+00	1531.5
BCW-200319_02924	gnl|TC-DB|P0AE06|8.A.1.6.1	57.9	387	159	1	1	383	1	387	1.5e-121	432.6
BCW-200319_02928	gnl|TC-DB|O85763|3.A.1.17.2	36.1	291	177	6	1	288	6	290	1.1e-40	163.7
BCW-200319_02929	gnl|TC-DB|O85763|3.A.1.17.2	30.0	280	189	3	2	277	30	306	1.2e-27	120.2
BCW-200319_02934	gnl|TC-DB|P0AA76|2.A.1.14.7	85.5	338	49	0	1	338	93	430	6.6e-166	579.7
BCW-200319_02935	gnl|TC-DB|P0AA76|2.A.1.14.7	84.1	63	10	0	1	63	1	63	1.2e-23	104.8
BCW-200319_02947	gnl|TC-DB|W9BH30|1.A.46.2.8	66.1	304	103	0	1	304	1	304	1.1e-114	409.5
BCW-200319_02966	gnl|TC-DB|P76169|2.A.7.26.1	76.6	107	25	0	1	107	1	107	2.0e-44	174.5
BCW-200319_02969	gnl|TC-DB|O32182|2.A.1.3.33	33.3	414	265	2	10	416	10	419	8.0e-64	241.1
BCW-200319_02970	gnl|TC-DB|Q8ZPK1|3.A.1.12.14	80.4	230	45	0	7	236	6	235	1.6e-97	352.1
BCW-200319_02971	gnl|TC-DB|Q8ZPK2|3.A.1.12.14	70.9	299	87	0	8	306	2	300	2.3e-125	444.9
BCW-200319_02972	gnl|TC-DB|Q8ZPK3|3.A.1.12.14	89.8	215	22	0	1	215	1	215	1.7e-103	371.7
BCW-200319_02973	gnl|TC-DB|Q8ZPK4|3.A.1.12.14	84.7	378	58	0	1	378	1	378	2.1e-189	657.9
BCW-200319_02977	gnl|TC-DB|P43531|2.A.1.36.1	76.8	401	90	1	20	417	11	411	4.4e-167	583.9
BCW-200319_02987	gnl|TC-DB|P0AE26|3.A.1.2.2	85.2	325	48	0	1	325	1	325	2.8e-137	484.6
BCW-200319_02988	gnl|TC-DB|P0AAF3|3.A.1.2.2	76.2	501	119	0	1	501	1	501	3.4e-222	767.3
BCW-200319_02989	gnl|TC-DB|P02924|3.A.1.2.2	90.5	326	31	0	1	326	1	326	1.9e-170	594.7
BCW-200319_02992	gnl|TC-DB|P37772|3.A.1.2.25	84.0	326	52	0	1	326	1	326	8.7e-147	516.2
BCW-200319_02993	gnl|TC-DB|P39328|3.A.1.2.25	76.2	328	78	0	12	339	12	339	5.0e-129	457.2
BCW-200319_02994	gnl|TC-DB|Q6BEX0|3.A.1.2.25	77.6	492	110	0	10	501	9	500	2.9e-218	754.2
BCW-200319_02995	gnl|TC-DB|P39325|3.A.1.2.25	84.0	318	51	0	1	318	1	318	8.2e-150	526.2
BCW-200319_02998	gnl|TC-DB|P0A766|3.D.6.1.4	83.3	192	32	0	1	192	1	192	6.8e-83	303.1
BCW-200319_02999	gnl|TC-DB|P77223|3.D.6.1.4	72.9	192	51	1	1	191	1	192	7.5e-66	246.5
BCW-200319_03000	gnl|TC-DB|P77611|3.D.6.1.4	71.0	504	146	0	1	504	1	504	2.4e-192	668.7
BCW-200319_03001	gnl|TC-DB|P76182|3.D.6.1.4	72.2	352	98	0	1	352	1	352	8.8e-153	536.2
BCW-200319_03002	gnl|TC-DB|P77285|3.D.6.1.4	69.6	207	62	1	1	207	1	206	2.0e-80	295.0
BCW-200319_03003	gnl|TC-DB|P77179|3.D.6.1.4	74.8	230	56	1	1	230	1	228	1.4e-87	318.9
BCW-200319_03010	gnl|TC-DB|Q9KN55|3.A.23.1.1	30.8	597	363	15	7	575	5	579	3.3e-72	269.2
BCW-200319_03020	gnl|TC-DB|A8YQR5|3.A.23.2.1	26.2	511	324	13	27	516	23	501	1.2e-32	138.3
BCW-200319_03021	gnl|TC-DB|Q6EE14|3.A.23.2.1	47.4	884	428	8	1	871	1	860	2.1e-203	705.7
BCW-200319_03023	gnl|TC-DB|K1LZ89|1.B.6.1.14	39.8	103	61	1	437	539	537	638	2.6e-13	73.6
BCW-200319_03028	gnl|TC-DB|P96878|2.A.53.3.12	31.7	167	107	2	26	186	571	736	1.3e-21	99.8
BCW-200319_03032	gnl|TC-DB|P77304|2.A.17.1.2	78.5	489	104	1	1	488	1	489	8.7e-223	769.2
BCW-200319_03044	gnl|TC-DB|P46482|8.A.1.7.1	39.9	273	163	1	11	283	14	285	3.6e-48	188.3
BCW-200319_03045	gnl|TC-DB|Q8ZPN4|2.A.85.1.5	64.5	662	235	0	1	662	1	662	7.2e-241	829.7
BCW-200319_03047	gnl|TC-DB|P76187|8.A.5.1.7	72.5	298	82	0	1	298	1	298	6.1e-131	463.4
BCW-200319_03061	gnl|TC-DB|P37597|2.A.1.2.62	62.8	382	136	3	4	382	5	383	1.5e-124	442.6
BCW-200319_03064	gnl|TC-DB|P37340|2.A.66.1.3	79.2	457	95	0	1	457	1	457	2.7e-202	701.0
BCW-200319_03073	gnl|TC-DB|Q9CIP5|3.A.1.135.1	27.4	219	142	6	14	229	438	642	7.8e-15	77.4
BCW-200319_03079	gnl|TC-DB|B1LE48|2.A.86.2.1	70.2	366	109	0	1	366	1	366	9.6e-142	499.6
BCW-200319_03080	gnl|TC-DB|Q9HXN5|4.A.1.1.15	25.5	455	267	14	352	780	392	800	8.3e-26	115.5
BCW-200319_03084	gnl|TC-DB|A8GDS8|3.A.1.14.16	62.9	267	99	0	4	270	8	274	2.2e-87	318.5
BCW-200319_03085	gnl|TC-DB|Q56992|3.A.1.14.5	67.9	324	104	0	10	333	11	334	2.6e-114	408.3
BCW-200319_03086	gnl|TC-DB|A8GDS6|3.A.1.14.16	64.5	256	91	0	4	259	6	261	5.0e-89	323.9
BCW-200319_03090	gnl|TC-DB|P06611|3.A.1.13.1	52.7	245	111	2	1	242	3	245	5.9e-63	237.3
BCW-200319_03092	gnl|TC-DB|P06609|3.A.1.13.1	72.0	325	85	2	1	323	2	322	2.1e-124	441.8
BCW-200319_03160	gnl|TC-DB|P76206|1.B.75.1.3	65.1	252	87	1	1	251	1	252	2.8e-92	334.7
BCW-200319_03167	gnl|TC-DB|P77529|2.A.23.1.8	82.5	464	79	1	1	464	1	462	1.7e-204	708.4
BCW-200319_03181	gnl|TC-DB|W9BH30|1.A.46.2.8	62.1	306	111	3	1	302	1	305	1.7e-96	349.0
BCW-200319_03182	gnl|TC-DB|P39165|1.B.54.1.9	47.2	434	226	2	32	463	19	451	2.3e-108	389.0
BCW-200319_03185	gnl|TC-DB|Q92WK1|3.A.1.2.11	56.9	311	134	0	32	342	43	353	2.6e-96	348.6
BCW-200319_03186	gnl|TC-DB|Q92WK2|3.A.1.2.11	46.5	507	267	3	8	512	1	505	1.0e-125	446.8
BCW-200319_03188	gnl|TC-DB|Q92WK4|3.A.1.2.11	49.3	304	154	0	4	307	6	309	2.2e-75	278.9
BCW-200319_03195	gnl|TC-DB|Q9KN50|3.A.23.1.1	32.6	227	142	5	16	235	34	256	2.8e-30	129.4
BCW-200319_03196	gnl|TC-DB|Q9KN45|3.A.23.1.1	26.6	631	413	15	33	652	31	622	3.7e-49	193.0
BCW-200319_03204	gnl|TC-DB|P22340|1.B.3.1.2	75.7	412	98	1	105	514	94	505	1.8e-191	665.2
BCW-200319_03205	gnl|TC-DB|P08470|4.A.1.2.1	83.6	456	75	0	1	456	1	456	1.6e-218	755.0
BCW-200319_03208	gnl|TC-DB|P31801|2.A.19.1.1	77.3	362	80	1	2	361	3	364	1.3e-146	515.8
BCW-200319_03216	gnl|TC-DB|P61320|1.B.46.1.1	67.8	205	65	1	4	208	4	207	6.9e-81	296.6
BCW-200319_03220	gnl|TC-DB|Q00538|2.A.1.3.10	26.9	383	270	7	46	422	50	428	1.7e-18	90.5
BCW-200319_03227	gnl|TC-DB|P39836|2.A.28.3.4	71.8	323	88	2	1	322	1	321	7.4e-125	443.4
BCW-200319_03232	gnl|TC-DB|P0A6J3|2.A.121.1.1	75.7	243	59	0	11	253	11	253	1.2e-106	382.5
BCW-200319_03234	gnl|TC-DB|P0AA04|8.A.8.1.1	96.5	85	3	0	1	85	1	85	7.8e-39	155.6
BCW-200319_03235	gnl|TC-DB|P08839|8.A.7.1.1	86.6	575	77	0	1	575	1	575	1.6e-281	964.5
BCW-200319_03236	gnl|TC-DB|Q8L3C4|4.A.3.2.5	88.8	169	17	1	1	167	1	169	5.4e-76	280.0
BCW-200319_03241	gnl|TC-DB|P16676|3.A.1.6.1	83.4	350	57	1	1	350	1	349	2.8e-170	594.3
BCW-200319_03242	gnl|TC-DB|P0AEB0|3.A.1.6.1	78.4	291	63	0	1	291	1	291	5.6e-129	456.8
BCW-200319_03243	gnl|TC-DB|P16701|3.A.1.6.1	86.6	277	37	0	1	277	1	277	7.4e-131	463.0
BCW-200319_03244	gnl|TC-DB|P16700|3.A.1.6.1	79.5	337	69	0	1	337	1	337	2.1e-156	548.1
BCW-200319_03247	gnl|TC-DB|P76538|9.B.127.1.1	49.3	144	72	1	3	146	6	148	1.6e-31	132.1
BCW-200319_03256	gnl|TC-DB|O05390|2.A.1.18.3	50.9	403	198	0	5	407	10	412	2.5e-122	435.3
BCW-200319_03265	gnl|TC-DB|P40812|2.A.3.1.8	86.4	472	64	0	1	472	1	472	1.0e-236	815.5
BCW-200319_03267	gnl|TC-DB|E3DBE3|2.A.6.2.48	89.0	1036	114	0	1	1036	1	1036	0.0e+00	1782.7
BCW-200319_03280	gnl|TC-DB|P0A903|1.B.33.1.3	64.5	344	120	1	1	342	1	344	1.4e-123	439.1
BCW-200319_03284	gnl|TC-DB|P0AFI9|2.A.86.1.1	68.0	347	111	0	1	347	1	347	2.3e-129	458.4
BCW-200319_03285	gnl|TC-DB|D4ZZR3|9.B.34.1.3	42.1	159	82	4	369	518	236	393	4.4e-23	105.9
BCW-200319_03291	gnl|TC-DB|P0AGM7|2.A.40.1.1	89.1	423	46	0	1	423	1	423	1.2e-207	718.8
BCW-200319_03295	gnl|TC-DB|P0AAH0|3.A.1.7.1	57.3	253	108	0	7	259	5	257	4.0e-78	287.7
BCW-200319_03296	gnl|TC-DB|Q7WTY6|3.A.1.7.2	39.9	173	87	2	295	467	82	237	6.6e-22	102.1
BCW-200319_03297	gnl|TC-DB|O51234|3.A.1.7.5	32.2	180	114	3	530	703	115	292	2.3e-19	94.0
BCW-200319_03302	gnl|TC-DB|Q5SMG8|1.A.26.1.2	31.2	340	229	3	140	476	110	447	2.7e-40	162.9
BCW-200319_03303	gnl|TC-DB|Q9RPP3|2.A.1.14.8	33.0	427	286	0	4	430	8	434	5.5e-80	294.7
BCW-200319_03312	gnl|TC-DB|P16482|2.A.1.6.1	88.7	417	47	0	12	428	25	441	2.2e-206	714.5
BCW-200319_03323	gnl|TC-DB|P77774|1.B.33.1.3	75.3	393	96	1	1	393	1	392	3.8e-165	577.4
BCW-200319_03340	gnl|TC-DB|D7A5Z9|2.A.113.1.7	32.1	274	169	6	44	314	50	309	1.1e-21	100.5
BCW-200319_03343	gnl|TC-DB|Q47142|2.A.1.27.1	62.9	377	138	1	1	377	1	375	4.0e-135	477.6
BCW-200319_03349	gnl|TC-DB|Q9KN48|3.A.23.1.1	38.7	359	175	5	108	432	176	523	1.5e-56	216.9
BCW-200319_03356	gnl|TC-DB|P77272|4.A.1.2.7	37.1	469	264	12	2	444	4	467	1.8e-65	246.5
BCW-200319_03359	gnl|TC-DB|Q55487|4.D.2.1.9	43.9	301	167	1	1	299	3	303	5.9e-73	270.8
BCW-200319_03373	gnl|TC-DB|F9VN10|3.D.10.1.4	34.4	538	315	13	8	521	5	528	9.2e-69	257.7
BCW-200319_03375	gnl|TC-DB|O00571|1.I.1.1.3	34.4	366	221	5	3	350	179	543	4.3e-48	188.7
BCW-200319_03378	gnl|TC-DB|M3JA40|1.B.52.2.1	64.7	51	18	0	352	402	283	333	2.2e-11	67.0
BCW-200319_03382	gnl|TC-DB|P0A937|1.B.33.1.3	82.3	113	20	0	1	113	1	113	5.9e-50	193.0
BCW-200319_03390	gnl|TC-DB|P0A4L7|5.A.2.1.2	28.9	194	112	8	8	181	14	201	1.8e-12	69.3
BCW-200319_03395	gnl|TC-DB|Q9KN48|3.A.23.1.1	37.9	335	198	3	140	466	193	525	2.2e-50	196.4
BCW-200319_03396	gnl|TC-DB|Q9HV74|2.A.21.9.1	26.9	357	222	12	11	346	636	974	6.0e-21	98.2
BCW-200319_03400	gnl|TC-DB|P0A8K8|9.B.126.2.1	77.3	282	62	1	8	289	10	289	9.5e-105	376.3
BCW-200319_03405	gnl|TC-DB|P0AGM9|2.A.40.4.2	87.9	462	56	0	1	462	1	462	2.6e-221	764.2
BCW-200319_03412	gnl|TC-DB|P0AGM2|1.A.62.2.3	75.6	205	50	0	1	205	1	205	5.2e-81	297.0
BCW-200319_03414	gnl|TC-DB|P21503|2.A.1.26.1	25.8	357	250	4	11	361	11	358	1.8e-25	113.6
BCW-200319_03418	gnl|TC-DB|P0AFF2|2.A.41.1.1	68.8	400	119	2	1	394	1	400	1.0e-141	499.6
BCW-200319_03429	gnl|TC-DB|B8F5K7|4.D.1.3.2	48.8	244	122	3	7	247	4	247	3.7e-60	228.0
BCW-200319_03438	gnl|TC-DB|P27243|9.B.67.5.1	27.6	380	265	7	29	403	26	400	2.0e-26	116.7
BCW-200319_03446	gnl|TC-DB|B7LEG0|1.A.34.1.2	39.5	119	67	3	316	433	262	376	5.0e-17	85.5
BCW-200319_03457	gnl|TC-DB|P69380|2.A.4.7.1	82.4	296	51	1	1	295	1	296	6.3e-136	479.9
BCW-200319_03459	gnl|TC-DB|P0AG78|3.A.1.6.1	83.9	329	53	0	1	329	1	329	1.1e-162	568.9
BCW-200319_03461	gnl|TC-DB|P37642|9.B.126.1.1	70.4	328	92	2	5	328	3	329	5.3e-123	437.2
BCW-200319_03473	gnl|TC-DB|B7MI53|9.B.124.2.2	60.9	138	54	0	1	138	1	138	3.1e-51	197.6
BCW-200319_03475	gnl|TC-DB|P31442|2.A.1.2.9	64.6	384	136	0	1	384	1	384	2.3e-138	488.4
BCW-200319_03478	gnl|TC-DB|P0AER0|1.A.8.1.1	75.6	279	68	0	1	279	1	279	4.7e-125	443.7
BCW-200319_03486	gnl|TC-DB|Q9ZKE4|3.A.11.3.1	31.6	534	336	13	200	730	108	615	3.5e-63	239.6
BCW-200319_03504	gnl|TC-DB|P06129|1.B.14.3.1	65.7	626	200	7	5	629	3	614	3.4e-240	827.4
BCW-200319_03527	gnl|TC-DB|Q93N33|2.A.21.9.2	26.4	416	258	13	265	647	752	1152	8.6e-19	92.4
BCW-200319_03533	gnl|TC-DB|B9DIS8|9.B.97.5.1	31.9	354	220	11	1	337	16	365	4.4e-30	129.4
BCW-200319_03555	gnl|TC-DB|B7LEG0|1.A.34.1.2	71.1	381	96	3	1	369	1	379	1.1e-116	416.4
BCW-200319_03558	gnl|TC-DB|P64534|2.A.113.1.1	56.8	74	32	0	77	150	37	110	5.7e-24	107.1
BCW-200319_03571	gnl|TC-DB|E1P8P0|9.B.27.3.1	59.4	133	54	0	1	133	10	142	3.6e-43	170.6
BCW-200319_03574	gnl|TC-DB|P37908|9.A.40.2.4	79.3	426	88	0	1	426	1	426	1.2e-188	655.6
BCW-200319_03575	gnl|TC-DB|P64432|9.B.14.3.6	78.8	264	53	2	1	262	1	263	7.8e-114	406.4
BCW-200319_03576	gnl|TC-DB|P0AGD7|3.A.5.1.1	89.0	453	50	0	1	453	1	453	1.4e-224	775.0
BCW-200319_03587	gnl|TC-DB|E3GUW2|3.A.1.14.11	59.2	341	138	1	10	349	8	348	9.4e-115	409.8
BCW-200319_03590	gnl|TC-DB|P0AC02|1.B.33.1.3	86.4	243	33	0	1	243	1	243	2.2e-118	421.4
BCW-200319_03593	gnl|TC-DB|Q9FI56|3.A.9.1.2	46.0	855	385	10	12	849	106	900	2.0e-206	715.7
BCW-200319_03600	gnl|TC-DB|A7BAX2|3.A.1.26.3	29.6	479	270	17	24	471	260	702	7.7e-22	101.7
BCW-200319_03603	gnl|TC-DB|P37329|3.A.1.8.1	68.1	257	81	1	1	256	1	257	1.3e-92	335.9
BCW-200319_03604	gnl|TC-DB|P0AF01|3.A.1.8.1	80.3	228	45	0	2	229	1	228	1.4e-98	355.5
BCW-200319_03605	gnl|TC-DB|P09833|3.A.1.8.1	71.5	351	100	0	1	351	1	351	7.9e-146	513.1
BCW-200319_03617	gnl|TC-DB|Q9L3S2|3.A.1.4.4	35.5	220	136	2	13	232	3	216	1.8e-32	136.0
BCW-200319_03629	gnl|TC-DB|P0AAC4|1.A.14.2.2	73.7	236	60	2	1	236	1	234	9.5e-87	316.2
BCW-200319_03630	gnl|TC-DB|P75770|4.D.2.4.3	72.2	316	88	0	1	316	1	316	2.7e-121	431.4
BCW-200319_03633	gnl|TC-DB|P0AAW6|9.B.15.1.1	38.2	123	74	1	1	121	1	123	9.1e-15	76.3
BCW-200319_03634	gnl|TC-DB|O00571|1.I.1.1.3	41.7	391	202	8	2	369	181	568	1.3e-71	266.9
BCW-200319_03637	gnl|TC-DB|P37621|2.A.1.46.7	54.8	383	173	0	16	398	8	390	3.3e-111	398.3
BCW-200319_03639	gnl|TC-DB|P0AFJ7|2.A.20.1.1	38.4	528	258	9	30	533	14	498	1.0e-88	323.9
BCW-200319_03644	gnl|TC-DB|P63395|3.A.1.5.26	49.4	257	127	2	5	259	349	604	1.2e-58	223.0
BCW-200319_03645	gnl|TC-DB|Q93PJ7|3.A.1.5.40	32.8	524	323	10	30	545	18	520	3.0e-65	246.1
BCW-200319_03646	gnl|TC-DB|P75798|3.A.1.5.11	40.8	314	176	1	1	314	1	304	1.2e-65	246.5
BCW-200319_03647	gnl|TC-DB|P33950|3.A.1.5.27	32.7	468	292	9	62	511	71	533	1.6e-65	246.9
BCW-200319_03649	gnl|TC-DB|E4PCL6|9.B.27.2.7	60.0	185	74	0	1	185	1	185	1.9e-61	231.9
BCW-200319_03650	gnl|TC-DB|J2MRK2|9.B.29.3.1	39.6	182	110	0	7	188	8	189	1.7e-33	139.0
BCW-200319_03653	gnl|TC-DB|Q9EV03|1.A.23.1.2	33.6	265	170	2	484	747	777	1036	3.2e-33	140.2
BCW-200319_03659	gnl|TC-DB|M3JA40|1.B.52.2.1	60.3	58	23	0	466	523	280	337	2.1e-11	67.4
BCW-200319_03689	gnl|TC-DB|P75783|1.A.23.3.2	68.6	722	225	2	10	731	4	723	9.2e-277	949.1
BCW-200319_03690	gnl|TC-DB|P10346|3.A.1.3.2	88.8	240	27	0	1	240	1	240	2.5e-119	424.5
BCW-200319_03691	gnl|TC-DB|P0AEQ6|3.A.1.3.2	87.7	219	27	0	1	219	1	219	2.6e-102	367.9
BCW-200319_03692	gnl|TC-DB|P0AEQ3|3.A.1.3.2	83.5	248	41	0	1	248	1	248	5.3e-120	426.8
BCW-200319_03694	gnl|TC-DB|P0AA67|2.A.7.3.6	69.1	278	86	0	7	284	7	284	1.2e-105	379.4
BCW-200319_03695	gnl|TC-DB|G0EBV0|1.B.6.2.10	71.9	171	46	1	1	169	1	171	8.1e-64	239.6
BCW-200319_03699	gnl|TC-DB|P75788|2.A.45.2.5	60.9	366	143	0	5	370	6	371	9.6e-118	419.9
BCW-200319_03700	gnl|TC-DB|Q9RQ30|8.A.1.1.2	49.2	126	62	2	246	369	228	353	2.5e-25	112.8
BCW-200319_03701	gnl|TC-DB|P0AEJ0|2.A.1.3.2	36.4	503	305	4	5	504	2	492	9.5e-87	317.4
BCW-200319_03702	gnl|TC-DB|B3PY75|1.B.17.3.8	33.1	483	286	6	21	499	10	459	3.7e-59	225.7
BCW-200319_03703	gnl|TC-DB|O34718|2.A.1.1.26	50.9	454	213	4	24	474	10	456	1.2e-118	423.3
BCW-200319_03704	gnl|TC-DB|O34718|2.A.1.1.26	48.6	457	226	3	16	469	2	452	2.5e-113	405.6
BCW-200319_03705	gnl|TC-DB|Q83XH1|3.A.1.121.4	46.8	526	279	1	1	526	1	525	4.0e-141	498.0
BCW-200319_03706	gnl|TC-DB|P0AAP1|9.B.34.1.2	35.0	180	110	3	331	510	194	366	1.9e-23	107.1
BCW-200319_03707	gnl|TC-DB|B7FYG1|3.A.25.1.1	32.7	147	89	3	28	164	482	628	8.7e-14	73.9
BCW-200319_03710	gnl|TC-DB|P75796|3.A.1.5.11	72.1	603	164	2	11	610	12	613	1.3e-239	825.5
BCW-200319_03711	gnl|TC-DB|P75797|3.A.1.5.11	77.7	506	113	0	7	512	7	512	6.6e-234	806.2
BCW-200319_03712	gnl|TC-DB|P75798|3.A.1.5.11	85.3	306	45	0	2	307	1	306	1.3e-147	518.8
BCW-200319_03713	gnl|TC-DB|P75799|3.A.1.5.11	67.7	300	97	0	1	300	3	302	7.3e-108	386.7
BCW-200319_03718	gnl|TC-DB|P0AAD6|2.A.42.2.1	78.4	430	88	2	1	427	1	428	1.9e-186	648.3
BCW-200319_03719	gnl|TC-DB|P94571|9.B.105.1.3	29.6	159	107	2	5	163	1	154	8.3e-15	77.0
BCW-200319_03720	gnl|TC-DB|A7ZJR5|2.A.81.1.4	88.4	561	65	0	1	561	1	561	1.7e-283	971.1
BCW-200319_03727	gnl|TC-DB|P31133|3.A.1.11.2	76.7	365	83	2	6	368	6	370	5.3e-169	590.1
BCW-200319_03728	gnl|TC-DB|P31134|3.A.1.11.2	87.0	377	49	0	3	379	1	377	9.3e-193	669.1
BCW-200319_03729	gnl|TC-DB|P31135|3.A.1.11.2	79.0	315	64	1	8	320	3	317	2.6e-143	504.6
BCW-200319_03730	gnl|TC-DB|P0AFL1|3.A.1.11.2	77.9	281	61	1	1	280	1	281	2.3e-116	414.8
BCW-200319_03732	gnl|TC-DB|B2A7R4|9.B.156.1.2	52.1	142	68	0	16	157	16	157	2.5e-35	144.8
BCW-200319_03733	gnl|TC-DB|P39379|9.A.5.4.2	48.8	213	103	3	8	218	12	220	1.0e-45	179.9
BCW-200319_03736	gnl|TC-DB|P30860|3.A.1.3.3	68.7	243	76	0	1	243	1	243	4.7e-97	350.5
BCW-200319_03737	gnl|TC-DB|P0AE30|3.A.1.3.3	77.9	222	49	0	1	222	1	222	6.4e-85	310.1
BCW-200319_03738	gnl|TC-DB|P0AE34|3.A.1.3.3	82.8	238	41	0	1	238	1	238	3.3e-111	397.5
BCW-200319_03739	gnl|TC-DB|P30859|3.A.1.3.3	76.5	243	57	0	1	243	1	243	1.9e-106	381.7
BCW-200319_03740	gnl|TC-DB|P0AAF6|3.A.1.3.3	87.2	242	31	0	18	259	1	242	2.6e-117	417.9
BCW-200319_03754	gnl|TC-DB|Q9SXJ7|3.A.9.1.2	38.5	806	396	12	17	737	133	923	7.9e-151	530.8
BCW-200319_03759	gnl|TC-DB|P23886|3.A.1.129.1	67.1	572	187	1	1	572	1	571	1.5e-213	738.8
BCW-200319_03760	gnl|TC-DB|P29018|3.A.1.129.1	64.1	585	208	2	1	584	1	584	3.5e-207	717.6
BCW-200319_03763	gnl|TC-DB|P46889|3.A.12.1.2	57.8	1338	362	17	1	1145	1	1329	0.0e+00	1110.5
BCW-200319_03764	gnl|TC-DB|P61316|1.B.46.1.1	75.9	203	49	0	1	203	1	203	2.1e-90	328.2
BCW-200319_03767	gnl|TC-DB|P21503|2.A.1.26.1	72.0	382	106	1	1	382	1	381	7.8e-155	543.1
BCW-200319_03770	gnl|TC-DB|P0AC23|1.A.16.1.1	82.5	285	50	0	1	285	1	285	6.0e-136	479.9
BCW-200319_03777	gnl|TC-DB|P44408|3.A.11.2.2	35.5	665	376	10	132	752	133	788	3.5e-98	355.9
BCW-200319_03778	gnl|TC-DB|P60752|3.A.1.106.1	86.4	582	79	0	1	582	1	582	2.5e-277	950.7
BCW-200319_03793	gnl|TC-DB|Q56111|1.B.1.1.22	61.7	392	122	7	2	374	1	383	6.7e-127	450.3
BCW-200319_03798	gnl|TC-DB|B1X8N7|3.A.1.17.10	80.2	242	47	1	9	250	4	244	6.2e-103	370.2
BCW-200319_03799	gnl|TC-DB|P75851|3.A.1.17.10	86.2	260	36	0	1	260	1	260	2.7e-114	407.9
BCW-200319_03801	gnl|TC-DB|P75853|3.A.1.17.10	75.3	308	76	0	6	313	2	309	3.8e-131	464.2
BCW-200319_03807	gnl|TC-DB|P43672|3.A.1.120.6	80.8	637	120	1	1	637	1	635	1.4e-281	964.9
BCW-200319_03814	gnl|TC-DB|P0A910|1.B.6.1.1	78.4	356	67	3	1	356	1	346	1.7e-151	531.9
BCW-200319_03818	gnl|TC-DB|P75870|2.A.85.1.1	68.1	703	224	0	9	711	6	708	3.0e-277	950.7
BCW-200319_03819	gnl|TC-DB|P0AB12|9.B.55.1.1	85.1	148	22	0	1	148	1	148	5.6e-69	256.5
BCW-200319_03828	gnl|TC-DB|P0AAC6|1.A.14.2.1	80.1	216	42	1	1	215	1	216	1.2e-88	322.4
BCW-200319_03833	gnl|TC-DB|P07110|1.B.11.2.1	46.1	813	415	12	28	822	25	832	2.3e-204	708.8
BCW-200319_03849	gnl|TC-DB|K7QW88|2.A.7.3.52	35.4	271	162	8	19	286	11	271	5.0e-24	108.2
BCW-200319_03850	gnl|TC-DB|P75892|2.A.40.1.3	83.6	428	69	1	1	427	1	428	2.3e-195	677.9
BCW-200319_03858	gnl|TC-DB|P0AAE0|2.A.3.1.7	74.9	466	113	3	1	463	1	465	1.0e-196	682.6
BCW-200319_03862	gnl|TC-DB|P0ACX0|9.B.72.1.2	67.9	109	35	0	1	109	1	109	4.3e-37	150.2
BCW-200319_03866	gnl|TC-DB|K0WKG7|4.F.1.1.8	62.6	174	63	1	4	175	2	175	7.7e-52	199.9
BCW-200319_03872	gnl|TC-DB|P27303|8.A.1.1.1	32.0	322	191	10	50	361	50	353	5.5e-25	111.7
BCW-200319_03873	gnl|TC-DB|Q6V6X7|2.A.6.2.18	34.5	472	287	8	6	460	3	469	3.4e-56	215.7
BCW-200319_03879	gnl|TC-DB|P62517|4.D.3.1.1	77.3	851	178	5	1	848	1	839	0.0e+00	1342.8
BCW-200319_03883	gnl|TC-DB|P25744|2.A.1.2.20	76.4	398	91	1	5	402	7	401	4.7e-169	590.5
BCW-200319_03888	gnl|TC-DB|P0C0L7|2.A.1.6.4	50.8	457	220	2	24	476	8	463	1.5e-129	459.5
BCW-200319_03899	gnl|TC-DB|P37169|2.A.66.4.1	84.1	510	81	0	1	510	14	523	1.9e-241	831.2
BCW-200319_03923	gnl|TC-DB|O80800|3.D.1.6.3	48.6	74	38	0	2	75	48	121	7.4e-12	65.9
BCW-200319_03930	gnl|TC-DB|P69786|4.A.1.1.1	91.8	476	39	0	1	476	1	476	2.2e-247	850.9
BCW-200319_03932	gnl|TC-DB|Q6D188|2.A.2.5.2	80.7	507	98	0	1	507	1	507	4.6e-230	793.5
BCW-200319_03945	gnl|TC-DB|P0AE42|9.B.12.2.1	68.6	51	16	0	1	51	1	51	5.8e-13	68.9
BCW-200319_03959	gnl|TC-DB|Q9F9T4|3.A.1.5.23	36.8	231	144	2	21	251	336	564	1.1e-37	153.3
BCW-200319_03960	gnl|TC-DB|Q9HT70|3.A.1.24.5	35.4	212	129	4	21	230	15	220	9.6e-23	103.6
BCW-200319_03968	gnl|TC-DB|P16677|3.A.1.9.1	39.7	252	150	2	24	274	4	254	6.2e-45	177.6
BCW-200319_03970	gnl|TC-DB|P16683|3.A.1.9.1	37.6	189	117	1	96	284	72	259	4.2e-28	121.7
BCW-200319_03971	gnl|TC-DB|A0QQ68|3.A.1.9.2	34.9	192	122	1	91	282	344	532	2.9e-24	109.0
BCW-200319_03978	gnl|TC-DB|A7ZUZ0|2.A.2.1.1	59.2	471	184	2	1	470	1	464	4.0e-156	547.7
BCW-200319_03979	gnl|TC-DB|Q92NF1|3.A.1.5.17	26.5	245	172	4	60	299	95	336	5.8e-17	85.5
BCW-200319_03980	gnl|TC-DB|P33591|3.A.1.5.3	39.1	248	151	0	60	307	58	305	1.7e-38	156.4
BCW-200319_03981	gnl|TC-DB|Q93PJ7|3.A.1.5.40	29.6	240	166	1	15	254	17	253	5.1e-20	94.7
BCW-200319_03982	gnl|TC-DB|Q9F9T4|3.A.1.5.23	35.1	493	264	10	17	455	39	529	5.8e-64	241.5
BCW-200319_03987	gnl|TC-DB|P44658|3.A.1.17.3	53.1	292	135	2	19	308	22	313	9.6e-87	316.6
BCW-200319_03988	gnl|TC-DB|Q9CLG9|3.A.1.17.6	52.2	230	109	1	22	250	20	249	3.2e-56	214.9
BCW-200319_03989	gnl|TC-DB|P44656|3.A.1.17.3	43.0	237	128	3	6	237	2	236	3.5e-44	174.9
BCW-200319_04000	gnl|TC-DB|P77735|8.A.5.1.6	56.8	324	138	1	1	324	1	322	3.6e-103	371.3
BCW-200319_04004	gnl|TC-DB|Q9XCR9|3.A.1.15.7	74.5	267	68	0	7	273	6	272	7.0e-105	376.7
BCW-200319_04005	gnl|TC-DB|Q9XCS0|3.A.1.15.7	84.0	282	45	0	1	282	1	282	5.4e-129	456.8
BCW-200319_04006	gnl|TC-DB|Q9XCS1|3.A.1.15.7	73.5	245	65	0	4	248	3	247	6.0e-98	353.6
BCW-200319_04007	gnl|TC-DB|Q9XCS2|3.A.1.15.7	81.0	295	56	0	7	301	7	301	1.3e-136	482.3
BCW-200319_04016	gnl|TC-DB|p0aa70|2.A.7.3.22	74.9	291	73	0	9	299	6	296	2.1e-118	421.8
BCW-200319_04032	gnl|TC-DB|P0AEM9|3.A.1.3.10	77.5	267	59	1	1	267	1	266	3.2e-115	411.0
BCW-200319_04033	gnl|TC-DB|P0AFT2|3.A.1.3.10	82.4	222	39	0	1	222	1	222	1.0e-98	355.9
BCW-200319_04034	gnl|TC-DB|P37774|3.A.1.3.10	84.3	248	39	0	1	248	1	248	1.7e-113	405.2
BCW-200319_04045	gnl|TC-DB|P07117|2.A.21.2.1	81.1	493	93	0	1	493	1	493	1.1e-233	805.4
BCW-200319_04046	gnl|TC-DB|P75901|2.A.108.2.3	81.3	273	51	0	1	273	1	273	1.1e-123	439.1
BCW-200319_04047	gnl|TC-DB|P0AB24|2.A.108.2.3	74.9	375	94	0	1	375	1	375	2.4e-161	564.7
BCW-200319_04048	gnl|TC-DB|P31545|2.A.108.2.3	74.7	423	102	2	3	425	4	421	1.1e-186	649.0
BCW-200319_04055	gnl|TC-DB|P77304|2.A.17.1.2	29.5	475	312	12	19	483	26	487	1.6e-48	190.3
BCW-200319_04060	gnl|TC-DB|P31125|2.A.7.3.2	29.3	290	195	4	1	280	1	290	3.1e-21	99.0
BCW-200319_04063	gnl|TC-DB|P94369|2.A.39.1.5	35.3	445	284	3	16	460	3	443	3.8e-79	292.0
BCW-200319_04066	gnl|TC-DB|Q4ZLW8|2.A.15.1.3	51.7	511	247	0	14	524	12	522	1.8e-154	542.3
BCW-200319_04068	gnl|TC-DB|O26447|2.A.66.2.10	24.6	403	302	1	7	409	13	413	1.6e-34	143.7
BCW-200319_04082	gnl|TC-DB|P31435|2.A.2.3.4	32.5	424	280	4	10	429	9	430	1.8e-57	219.9
BCW-200319_04083	gnl|TC-DB|P22340|1.B.3.1.2	51.8	434	188	6	100	533	93	505	8.9e-125	443.7
BCW-200319_04084	gnl|TC-DB|O53183|2.A.1.2.71	37.3	391	237	5	4	390	11	397	1.3e-56	216.9
BCW-200319_04089	gnl|TC-DB|W1HZL5|3.A.1.106.16	66.3	276	93	0	19	294	8	283	6.3e-96	347.1
BCW-200319_04090	gnl|TC-DB|657066864|9.B.143.3.3	31.0	229	147	3	10	231	12	236	1.4e-16	83.2
BCW-200319_04091	gnl|TC-DB|A3QE50|8.A.59.4.2	36.0	203	113	5	135	320	187	389	7.3e-26	114.8
BCW-200319_04096	gnl|TC-DB|P09348|1.A.30.1.1	76.6	295	68	1	1	294	1	295	2.3e-122	434.9
BCW-200319_04097	gnl|TC-DB|P0AF06|1.A.30.1.1	67.4	310	99	1	1	310	1	308	1.3e-113	406.0
BCW-200319_04111	gnl|TC-DB|B7LDR9|4.A.7.1.2	60.7	410	160	1	12	421	10	418	4.2e-139	491.1
BCW-200319_04112	gnl|TC-DB|B7LDS2|4.A.7.1.2	48.2	85	42	1	1	83	1	85	5.7e-16	79.7
BCW-200319_04113	gnl|TC-DB|B7LDS1|4.A.7.1.2	44.1	143	80	0	4	146	2	144	6.6e-33	136.7
BCW-200319_04115	gnl|TC-DB|O05390|2.A.1.18.3	50.9	401	195	2	1	399	10	410	2.5e-114	408.7
BCW-200319_04124	gnl|TC-DB|P28246|2.A.1.2.7	31.7	385	258	3	16	396	7	390	2.4e-53	206.1
BCW-200319_04125	gnl|TC-DB|Q8ZJY5|2.A.114.1.10	89.5	716	75	0	1	716	1	716	0.0e+00	1270.4
BCW-200319_04127	gnl|TC-DB|P94400|9.B.10.1.1	33.3	237	121	8	1	205	1	232	2.6e-18	89.4
BCW-200319_04129	gnl|TC-DB|Q81JL2|9.B.33.1.1	30.7	580	364	9	6	556	4	574	1.2e-71	267.3
BCW-200319_04131	gnl|TC-DB|P69213|2.A.7.1.9	77.1	105	24	0	2	106	3	107	1.7e-36	148.3
BCW-200319_04132	gnl|TC-DB|P69210|2.A.7.1.9	73.4	109	29	0	1	109	1	109	2.4e-40	161.0
BCW-200319_04133	gnl|TC-DB|P46136|2.A.7.17.2	63.7	292	106	0	1	292	1	292	2.0e-97	352.1
BCW-200319_04144	gnl|TC-DB|P0AAP1|9.B.34.1.2	32.0	172	112	2	276	445	198	366	2.3e-19	94.0
BCW-200319_04146	gnl|TC-DB|M3JA40|1.B.52.2.1	38.7	119	69	2	305	419	246	364	1.6e-11	67.4
BCW-200319_04153	gnl|TC-DB|Q9KSH5|4.A.3.2.6	47.0	100	53	0	1	100	1	100	9.8e-23	102.4
BCW-200319_04154	gnl|TC-DB|Q9KSH4|4.A.3.2.6	51.3	429	209	0	3	431	5	433	3.3e-125	444.9
BCW-200319_04155	gnl|TC-DB|U5MLJ3|4.A.3.2.9	53.5	101	47	0	1	101	1	101	5.8e-23	103.2
BCW-200319_04156	gnl|TC-DB|Q86Z14|8.A.49.1.2	28.7	474	281	15	9	469	81	510	9.6e-46	181.0
BCW-200319_04157	gnl|TC-DB|Q9UEF7|8.A.49.1.1	27.8	489	290	17	6	476	62	505	1.0e-39	161.0
BCW-200319_04160	gnl|TC-DB|P40411|3.A.1.14.15	36.7	327	194	5	32	347	7	331	1.0e-44	177.2
BCW-200319_04161	gnl|TC-DB|Q47085|3.A.1.14.4	40.4	334	197	1	5	338	4	335	4.3e-48	188.3
BCW-200319_04162	gnl|TC-DB|Q9RCF3|3.A.1.14.6	52.7	256	121	0	18	273	19	274	1.9e-73	272.3
BCW-200319_04163	gnl|TC-DB|Q21EL3|1.B.14.1.24	25.9	690	468	18	57	723	30	699	1.7e-49	194.1
BCW-200319_04164	gnl|TC-DB|Q19NA9|1.E.53.1.7	69.2	52	16	0	1	52	20	71	5.6e-16	79.0
BCW-200319_04166	gnl|TC-DB|C8TA54|4.A.7.1.4	47.7	419	218	1	4	421	2	420	1.3e-105	379.8
BCW-200319_04168	gnl|TC-DB|B7LDS1|4.A.7.1.2	42.2	147	85	0	1	147	1	147	1.2e-34	142.5
BCW-200319_04176	gnl|TC-DB|B5Y0L3|1.B.1.1.18	38.7	372	220	4	8	373	12	381	7.3e-73	270.8
BCW-200319_04180	gnl|TC-DB|P46133|2.A.68.1.1	72.5	506	138	1	1	506	3	507	4.3e-209	723.8
BCW-200319_04186	gnl|TC-DB|O32715|2.A.69.3.3	77.7	319	71	0	1	319	1	319	1.3e-134	475.7
BCW-200319_04187	gnl|TC-DB|O06927|3.B.1.1.4	32.8	189	123	3	27	211	38	226	7.1e-22	100.9
BCW-200319_04188	gnl|TC-DB|O06926|3.B.1.1.4	41.6	243	132	1	4	236	9	251	4.0e-44	174.9
BCW-200319_04191	gnl|TC-DB|O06924|3.B.1.1.4	57.5	553	222	3	8	550	5	554	3.6e-185	644.4
BCW-200319_04207	gnl|TC-DB|Q6XBY3|1.B.11.6.1	37.3	798	435	16	53	801	51	832	5.8e-136	481.5
BCW-200319_04210	gnl|TC-DB|P16482|2.A.1.6.1	61.2	412	158	1	12	421	23	434	1.5e-146	515.8
BCW-200319_04211	gnl|TC-DB|P0ABV2|1.A.30.2.1	81.9	138	25	0	1	138	1	138	8.5e-59	222.6
BCW-200319_04212	gnl|TC-DB|P0ABU7|1.A.30.2.1	77.0	244	54	1	1	242	1	244	4.1e-93	337.4
BCW-200319_04214	gnl|TC-DB|P0AA60|9.B.27.2.1	66.5	215	72	0	1	215	1	215	2.0e-83	305.1
BCW-200319_04218	gnl|TC-DB|P36649|1.B.76.1.8	31.6	509	293	8	5	460	3	509	2.3e-63	239.6
BCW-200319_04222	gnl|TC-DB|Q1R4S9|4.A.2.1.9	73.5	155	41	0	1	155	1	155	3.0e-57	217.6
BCW-200319_04223	gnl|TC-DB|Q8FC73|4.A.2.1.9	81.2	101	19	0	1	101	1	101	1.0e-37	152.1
BCW-200319_04224	gnl|TC-DB|Q1R4T1|4.A.2.1.9	85.1	363	54	0	1	363	1	363	1.5e-144	508.8
BCW-200319_04236	gnl|TC-DB|Q54452|3.A.1.110.7	73.6	496	120	2	1	485	3	498	1.7e-191	665.2
BCW-200319_04249	gnl|TC-DB|P60782|9.B.31.1.1	83.3	204	30	1	1	200	1	204	4.0e-94	340.5
BCW-200319_04259	gnl|TC-DB|B5Y0L3|1.B.1.1.18	79.2	384	77	2	1	384	1	381	9.8e-190	659.1
BCW-200319_04260	gnl|TC-DB|B5Y0L3|1.B.1.1.18	48.1	366	188	2	16	379	16	381	1.6e-96	349.4
BCW-200319_04266	gnl|TC-DB|P28635|3.A.1.24.1	61.9	268	101	1	2	268	4	271	2.7e-93	338.2
BCW-200319_04280	gnl|TC-DB|Q71WA6|4.A.5.1.2	38.3	412	251	3	4	414	8	417	5.6e-82	301.2
BCW-200319_04289	gnl|TC-DB|Q5EAK4|2.A.16.2.2	27.9	369	205	14	138	478	1371	1706	9.9e-14	75.5
BCW-200319_04303	gnl|TC-DB|P07110|1.B.11.2.1	44.7	825	415	16	27	826	24	832	5.0e-191	664.5
BCW-200319_04307	gnl|TC-DB|B7LAC5|1.C.80.1.4	32.2	183	109	5	10	182	11	188	3.4e-15	78.2
BCW-200319_04312	gnl|TC-DB|P22520|3.A.1.110.2	26.5	706	460	13	9	688	23	695	3.5e-52	203.0
BCW-200319_04313	gnl|TC-DB|P75830|3.A.1.122.1	34.2	365	225	2	13	376	12	362	7.3e-52	201.1
BCW-200319_04314	gnl|TC-DB|A0ZUB1|3.A.1.122.12	47.3	649	335	3	2	643	3	651	4.2e-161	564.7
BCW-200319_04315	gnl|TC-DB|Q9KWV3|2.A.6.2.10	27.4	328	214	6	13	322	14	335	2.6e-19	93.2
BCW-200319_04325	gnl|TC-DB|P0ADC6|1.B.42.1.2	81.5	356	66	0	2	357	4	359	3.3e-163	570.9
BCW-200319_04326	gnl|TC-DB|P0AF98|1.B.42.1.2	78.4	366	79	0	1	366	1	366	9.4e-158	552.7
BCW-200319_04341	gnl|TC-DB|Q05839|8.A.9.1.1	31.0	532	293	13	7	509	109	595	8.0e-68	254.6
BCW-200319_04345	gnl|TC-DB|P0AA78|2.A.1.14.2	85.1	423	63	0	1	423	41	463	1.8e-208	721.5
BCW-200319_04347	gnl|TC-DB|P0AA63|9.B.27.2.2	78.4	218	47	0	1	218	1	218	1.9e-97	351.7
BCW-200319_04351	gnl|TC-DB|P64585|1.E.34.2.1	72.3	130	36	0	1	130	1	130	1.3e-40	162.2
BCW-200319_04358	gnl|TC-DB|Q8F8H7|2.A.53.3.8	35.7	501	292	7	6	484	24	516	1.1e-68	257.3
BCW-200319_04359	gnl|TC-DB|Q8F8H7|2.A.53.3.8	43.8	192	102	2	7	198	544	729	3.0e-36	148.3
BCW-200319_04360	gnl|TC-DB|Q51955|2.A.1.15.1	46.7	426	223	3	7	429	12	436	3.0e-105	378.6
BCW-200319_04365	gnl|TC-DB|X5H3P0|3.D.10.1.6	40.6	606	307	13	7	581	14	597	2.0e-109	392.9
BCW-200319_04366	gnl|TC-DB|F9VN11|3.D.10.1.4	36.7	226	131	5	9	227	12	232	5.0e-38	154.5
BCW-200319_04373	gnl|TC-DB|P0AGE4|2.A.23.4.1	67.6	410	133	0	3	412	2	411	4.2e-146	514.2
BCW-200319_04377	gnl|TC-DB|D6IHN4|2.A.1.51.2	49.1	381	192	2	2	381	1	380	2.4e-95	345.5
BCW-200319_04391	gnl|TC-DB|P38919|3.A.18.1.1	36.4	379	236	3	3	378	35	411	1.1e-63	241.1
BCW-200319_04402	gnl|TC-DB|P0AG99|3.A.5.1.1	86.2	109	15	0	1	109	1	109	2.1e-44	174.5
BCW-200319_04405	gnl|TC-DB|P25694|3.A.16.1.2	42.9	252	143	1	140	390	472	723	1.3e-56	217.6
BCW-200319_04418	gnl|TC-DB|E1ILD8|2.A.7.3.18	73.9	303	79	0	5	307	2	304	8.6e-126	446.4
BCW-200319_04425	gnl|TC-DB|P64602|3.A.1.27.3	41.1	90	53	0	1	90	1	90	3.1e-15	77.4
BCW-200319_04426	gnl|TC-DB|P0ADV7|3.A.1.27.3	78.7	211	45	0	1	211	1	211	1.6e-93	338.6
BCW-200319_04427	gnl|TC-DB|P64604|3.A.1.27.3	73.9	161	42	0	1	161	1	161	1.4e-66	248.8
BCW-200319_04428	gnl|TC-DB|P64606|3.A.1.27.3	83.5	260	43	0	1	260	1	260	2.2e-116	414.8
BCW-200319_04429	gnl|TC-DB|P63386|3.A.1.27.3	81.6	266	49	0	1	266	1	266	5.5e-123	436.8
BCW-200319_04430	gnl|TC-DB|P45394|2.A.19.5.1	62.6	318	118	1	1	318	1	317	1.1e-104	376.3
BCW-200319_04433	gnl|TC-DB|P0ADW0|1.B.42.1.2	65.1	189	65	1	1	189	1	188	1.8e-67	251.9
BCW-200319_04434	gnl|TC-DB|P0ADV1|1.B.42.1.2	72.4	185	48	2	1	182	1	185	1.6e-70	261.9
BCW-200319_04435	gnl|TC-DB|P0A9V1|1.B.42.1.2	91.3	241	21	0	1	241	1	241	1.7e-123	438.3
BCW-200319_04438	gnl|TC-DB|Q1LZ59|4.A.2.1.7	29.1	127	89	1	33	159	27	152	3.4e-11	64.7
BCW-200319_04443	gnl|TC-DB|D0ZLR4|4.A.6.1.17	84.2	285	45	0	1	285	1	285	9.0e-132	466.1
BCW-200319_04444	gnl|TC-DB|D0ZLR5|4.A.6.1.17	90.8	249	23	0	1	249	1	249	1.9e-125	444.9
BCW-200319_04445	gnl|TC-DB|D0ZLR6|4.A.6.1.17	80.7	161	31	0	1	161	1	161	5.3e-73	270.0
BCW-200319_04446	gnl|TC-DB|D0ZLR7|4.A.6.1.17	69.7	132	40	0	11	142	7	138	9.0e-48	186.0
BCW-200319_04447	gnl|TC-DB|Q9KN48|3.A.23.1.1	33.6	271	161	9	102	365	191	449	7.7e-23	105.9
BCW-200319_04454	gnl|TC-DB|P0ACA3|1.A.12.3.1	84.7	209	32	0	1	209	1	209	3.4e-99	357.5
BCW-200319_04469	gnl|TC-DB|P46481|2.A.85.1.2	64.4	646	228	1	6	651	11	654	1.9e-241	831.6
BCW-200319_04470	gnl|TC-DB|P46482|8.A.1.7.1	74.5	310	79	0	1	310	1	310	3.8e-128	454.1
BCW-200319_04471	gnl|TC-DB|D7XN98|8.A.48.1.2	77.5	40	9	0	1	40	24	63	2.4e-11	63.9
BCW-200319_04477	gnl|TC-DB|P0ABH4|9.B.157.1.3	80.9	162	31	0	1	162	1	162	7.5e-75	276.2
BCW-200319_04478	gnl|TC-DB|P16926|9.B.157.1.3	86.3	307	41	1	1	307	4	309	3.3e-149	524.2
BCW-200319_04479	gnl|TC-DB|P0A9X4|9.B.157.1.3	99.7	347	1	0	1	347	1	347	5.0e-193	669.8
BCW-200319_04483	gnl|TC-DB|Q8XB73|5.B.7.1.1	75.3	198	49	0	2	199	1	198	1.1e-80	295.8
BCW-200319_04488	gnl|TC-DB|P16256|2.A.21.1.1	77.7	470	105	0	1	470	1	470	2.6e-192	667.9
BCW-200319_04493	gnl|TC-DB|P45766|3.A.1.3.26	84.8	341	52	0	1	341	1	341	5.3e-171	596.7
BCW-200319_04494	gnl|TC-DB|P45767|3.A.1.3.26	77.9	390	86	0	3	392	4	393	6.3e-176	613.2
BCW-200319_04495	gnl|TC-DB|P45768|3.A.1.3.26	85.0	367	54	1	1	366	1	367	2.5e-179	624.4
BCW-200319_04496	gnl|TC-DB|P45769|3.A.1.3.26	90.1	253	24	1	1	253	1	252	3.0e-131	464.2
