BCW-201847_00002	gnl|TC-DB|P0AAP1|9.B.34.1.2	30.8	172	116	2	215	384	199	369	3.0e-18	90.1
BCW-201847_00014	gnl|TC-DB|D9X7X8|2.A.1.3.38	40.0	457	264	5	16	470	28	476	2.8e-77	285.8
BCW-201847_00024	gnl|TC-DB|A8IBA8|1.B.12.5.2	30.4	533	294	9	498	1020	3301	3766	1.9e-54	211.1
BCW-201847_00040	gnl|TC-DB|Q8VRK4|3.A.11.1.3	37.2	282	149	5	87	362	70	329	1.0e-37	154.1
BCW-201847_00044	gnl|TC-DB|P0AGI8|2.A.38.1.1	97.6	458	11	0	1	458	1	458	1.4e-251	864.8
BCW-201847_00045	gnl|TC-DB|P0A742|1.A.22.1.1	94.9	137	6	1	1	137	1	136	7.0e-66	246.1
BCW-201847_00054	gnl|TC-DB|P0AGA2|3.A.5.1.1	98.6	443	6	0	1	443	1	443	1.4e-243	838.2
BCW-201847_00076	gnl|TC-DB|P15754|3.A.15.1.1	48.2	110	57	0	4	113	119	228	3.5e-21	97.8
BCW-201847_00096	gnl|TC-DB|P27303|8.A.1.1.1	31.3	316	195	6	47	355	47	347	4.0e-28	122.1
BCW-201847_00097	gnl|TC-DB|Q6V6X7|2.A.6.2.18	34.8	468	283	7	6	457	6	467	5.6e-59	224.9
BCW-201847_00106	gnl|TC-DB|G8WDN2|2.A.7.21.5	76.8	142	33	0	1	142	1	142	7.7e-55	209.5
BCW-201847_00107	gnl|TC-DB|G8WDN3|2.A.7.21.5	77.3	141	32	0	5	145	1	141	1.7e-52	201.8
BCW-201847_00127	gnl|TC-DB|Q9I6X5|2.A.6.2.27	31.1	350	232	5	13	358	9	353	4.6e-19	92.0
BCW-201847_00128	gnl|TC-DB|Q9HXW4|2.A.6.2.17	42.4	1016	577	3	6	1014	3	1017	3.9e-225	778.1
BCW-201847_00133	gnl|TC-DB|A9QY47|9.B.50.1.4	79.8	312	63	0	1	312	1	312	1.2e-148	522.3
BCW-201847_00149	gnl|TC-DB|P0AAP1|9.B.34.1.2	28.6	255	153	10	122	365	130	366	2.3e-18	89.7
BCW-201847_00157	gnl|TC-DB|O53183|2.A.1.2.71	34.2	386	249	3	4	385	11	395	1.9e-50	196.4
BCW-201847_00165	gnl|TC-DB|Q9FWR4|1.A.12.2.1	30.3	188	113	6	14	198	20	192	3.5e-14	75.1
BCW-201847_00180	gnl|TC-DB|Q8ID54|3.A.25.2.1	36.7	215	126	5	8	215	89	300	1.1e-27	120.2
BCW-201847_00184	gnl|TC-DB|P0AAP1|9.B.34.1.2	34.4	160	93	5	356	506	210	366	3.3e-15	79.7
BCW-201847_00185	gnl|TC-DB|U5MIE1|4.A.3.2.9	62.4	101	38	0	1	101	1	101	3.1e-26	114.0
BCW-201847_00186	gnl|TC-DB|U5MLJ3|4.A.3.2.9	87.4	103	13	0	1	103	1	103	4.4e-44	173.3
BCW-201847_00191	gnl|TC-DB|Q9ZK21|1.C.82.1.1	50.7	223	110	0	3	225	4	226	6.4e-59	223.8
BCW-201847_00194	gnl|TC-DB|P0AG96|3.A.5.1.1	96.9	127	4	0	1	127	1	127	5.9e-59	223.0
BCW-201847_00196	gnl|TC-DB|P77374|5.A.3.3.1	84.5	811	122	1	1	811	1	807	0.0e+00	1442.2
BCW-201847_00203	gnl|TC-DB|P76169|2.A.7.26.1	86.9	107	14	0	5	111	1	107	4.0e-51	196.8
BCW-201847_00206	gnl|TC-DB|P77228|2.A.1.6.9	82.6	419	70	1	29	447	1	416	5.6e-192	666.8
BCW-201847_00215	gnl|TC-DB|P31545|2.A.108.2.3	83.8	425	65	1	1	425	1	421	5.9e-212	733.0
BCW-201847_00216	gnl|TC-DB|P0AB24|2.A.108.2.3	87.5	375	47	0	1	375	1	375	1.4e-185	645.2
BCW-201847_00217	gnl|TC-DB|P75901|2.A.108.2.3	90.2	276	27	0	1	276	1	276	8.2e-138	486.1
BCW-201847_00218	gnl|TC-DB|P0AFF2|2.A.41.1.1	71.2	400	109	2	1	394	1	400	6.1e-147	516.9
BCW-201847_00220	gnl|TC-DB|P07117|2.A.21.2.1	94.2	500	29	0	1	500	1	500	7.6e-267	915.6
BCW-201847_00230	gnl|TC-DB|P75892|2.A.40.1.3	89.1	441	48	0	1	441	1	441	6.5e-214	739.6
BCW-201847_00231	gnl|TC-DB|K7QW88|2.A.7.3.52	33.1	269	171	6	24	291	11	271	1.7e-19	93.2
BCW-201847_00239	gnl|TC-DB|Q52398|1.A.26.1.4	55.2	326	144	2	6	330	28	352	1.3e-94	342.8
BCW-201847_00241	gnl|TC-DB|P02943|1.B.3.1.1	32.8	466	248	15	1	421	1	446	2.7e-52	202.6
BCW-201847_00242	gnl|TC-DB|P69786|4.A.1.1.1	49.4	79	39	1	3	80	399	477	2.3e-16	80.9
BCW-201847_00245	gnl|TC-DB|O07011|3.A.1.1.2	65.6	279	94	1	7	283	5	283	4.8e-101	364.0
BCW-201847_00246	gnl|TC-DB|O32261|3.A.1.1.2	66.8	416	138	0	16	431	2	417	1.7e-166	582.0
BCW-201847_00247	gnl|TC-DB|O07009|3.A.1.1.2	50.9	389	189	1	12	398	28	416	3.1e-109	391.7
BCW-201847_00248	gnl|TC-DB|Q01937|3.A.1.1.4	61.2	317	121	2	1	315	1	317	2.7e-104	375.2
BCW-201847_00251	gnl|TC-DB|Q9I488|3.A.1.3.21	57.3	239	102	0	3	241	1	239	5.3e-72	267.3
BCW-201847_00252	gnl|TC-DB|P35113|3.A.1.3.6	32.8	201	125	1	14	204	13	213	3.8e-21	98.2
BCW-201847_00253	gnl|TC-DB|P35113|3.A.1.3.6	33.5	209	129	2	14	212	10	218	9.1e-23	103.6
BCW-201847_00263	gnl|TC-DB|P94575|2.A.39.3.4	31.8	481	323	3	20	497	10	488	3.8e-77	285.4
BCW-201847_00265	gnl|TC-DB|G3IME2|9.B.35.1.2	31.6	114	69	3	2	107	29	141	7.0e-13	69.7
BCW-201847_00275	gnl|TC-DB|A8YQR5|3.A.23.2.1	25.4	504	320	18	27	499	23	501	1.6e-27	121.3
BCW-201847_00278	gnl|TC-DB|Q9KN55|3.A.23.1.1	31.8	591	369	14	7	579	5	579	1.9e-75	280.0
BCW-201847_00290	gnl|TC-DB|Q6EE14|3.A.23.2.1	47.6	885	411	10	8	873	8	858	2.4e-207	718.8
BCW-201847_00292	gnl|TC-DB|P37665|9.B.186.1.1	39.8	113	67	1	420	532	107	218	7.9e-15	78.6
BCW-201847_00300	gnl|TC-DB|P06202|3.A.1.5.1	54.5	536	239	3	12	542	8	543	9.3e-170	593.2
BCW-201847_00301	gnl|TC-DB|P0AAC6|1.A.14.2.1	92.2	219	17	0	1	219	1	219	2.1e-104	374.8
BCW-201847_00312	gnl|TC-DB|P0AB12|9.B.55.1.1	89.2	148	16	0	1	148	1	148	2.1e-71	264.6
BCW-201847_00313	gnl|TC-DB|P75870|2.A.85.1.1	82.4	716	126	0	1	716	1	716	0.0e+00	1186.0
BCW-201847_00316	gnl|TC-DB|P0A910|1.B.6.1.1	84.0	351	51	2	1	351	1	346	9.6e-168	585.9
BCW-201847_00323	gnl|TC-DB|P43672|3.A.1.120.6	84.7	634	97	0	1	634	1	634	2.3e-297	1017.3
BCW-201847_00329	gnl|TC-DB|P75853|3.A.1.17.10	83.8	315	51	0	3	317	2	316	1.3e-150	528.9
BCW-201847_00331	gnl|TC-DB|P75851|3.A.1.17.10	92.0	261	21	0	1	261	1	261	8.9e-126	446.0
BCW-201847_00332	gnl|TC-DB|B1X8N7|3.A.1.17.10	86.5	251	34	0	1	251	1	251	1.9e-120	428.3
BCW-201847_00336	gnl|TC-DB|Q6RW54|1.B.1.1.12	65.7	362	119	4	2	362	1	358	1.6e-133	472.2
BCW-201847_00351	gnl|TC-DB|P60752|3.A.1.106.1	94.7	582	31	0	1	582	1	582	9.6e-298	1018.5
BCW-201847_00352	gnl|TC-DB|P44408|3.A.11.2.2	34.0	665	381	11	129	748	133	784	2.2e-92	336.7
BCW-201847_00360	gnl|TC-DB|P0AC23|1.A.16.1.1	93.0	271	19	0	1	271	15	285	1.3e-143	505.4
BCW-201847_00364	gnl|TC-DB|P21503|2.A.1.26.1	83.2	381	64	0	1	381	1	381	2.4e-180	627.9
BCW-201847_00365	gnl|TC-DB|P18777|5.A.3.3.2	83.6	287	47	0	1	287	1	287	1.7e-133	471.9
BCW-201847_00366	gnl|TC-DB|P18776|5.A.3.3.2	92.6	148	11	0	1	148	58	205	9.5e-85	308.9
BCW-201847_00367	gnl|TC-DB|D7A5Z9|2.A.113.1.7	27.3	271	183	6	22	284	45	309	4.5e-17	85.1
BCW-201847_00368	gnl|TC-DB|P0C0L7|2.A.1.6.4	92.2	500	39	0	1	500	1	500	6.6e-263	902.5
BCW-201847_00369	gnl|TC-DB|P15701|2.A.10.1.1	72.8	313	85	0	1	313	1	313	5.0e-118	420.6
BCW-201847_00374	gnl|TC-DB|P16677|3.A.1.9.1	85.9	262	37	0	1	262	1	262	8.9e-126	446.0
BCW-201847_00375	gnl|TC-DB|P16682|3.A.1.9.1	89.3	338	36	0	1	338	1	338	9.5e-173	602.4
BCW-201847_00376	gnl|TC-DB|P16683|3.A.1.9.1	90.7	259	21	1	1	256	1	259	2.1e-132	468.0
BCW-201847_00382	gnl|TC-DB|Q97VF5|3.A.1.5.9	36.5	255	152	3	4	248	45	299	2.3e-38	155.6
BCW-201847_00383	gnl|TC-DB|P37774|3.A.1.3.10	33.6	220	133	6	2	218	4	213	5.5e-23	104.4
BCW-201847_00391	gnl|TC-DB|P39265|3.A.1.2.6	92.6	311	23	0	1	311	1	311	2.9e-160	560.8
BCW-201847_00392	gnl|TC-DB|P32721|3.A.1.2.6	90.0	510	51	0	1	510	1	510	9.1e-268	918.7
BCW-201847_00393	gnl|TC-DB|P32720|3.A.1.2.6	96.0	326	13	0	1	326	1	326	4.0e-168	587.0
BCW-201847_00396	gnl|TC-DB|Q9HV74|2.A.21.9.1	32.7	254	149	7	383	625	737	979	2.0e-21	100.9
BCW-201847_00397	gnl|TC-DB|G4FGN3|3.A.1.2.20	46.0	493	263	3	5	496	3	493	1.0e-125	446.8
BCW-201847_00398	gnl|TC-DB|A6VKS9|3.A.1.2.13	45.8	306	157	5	24	323	13	315	3.8e-57	218.4
BCW-201847_00399	gnl|TC-DB|Q9F9B2|3.A.1.2.7	32.1	296	174	11	3	276	1	291	4.1e-21	98.6
BCW-201847_00404	gnl|TC-DB|P07658|3.D.1.9.2	95.0	139	7	0	1	139	1	139	1.1e-74	275.4
BCW-201847_00405	gnl|TC-DB|P07658|3.D.1.9.2	94.3	558	32	0	1	558	157	714	0.0e+00	1092.0
BCW-201847_00407	gnl|TC-DB|P21345|2.A.23.1.1	94.7	437	23	0	1	437	1	437	2.4e-224	774.2
BCW-201847_00408	gnl|TC-DB|P31552|4.C.1.1.6	23.3	529	372	14	90	616	21	517	1.1e-26	118.2
BCW-201847_00409	gnl|TC-DB|P0AF54|9.B.136.1.1	76.0	104	25	0	1	104	1	104	1.3e-40	161.8
BCW-201847_00410	gnl|TC-DB|P32705|2.A.21.7.2	92.2	549	43	0	1	549	1	549	1.3e-280	961.4
BCW-201847_00411	gnl|TC-DB|P60643|2.A.122.1.3	29.7	195	137	0	35	229	39	233	1.2e-17	86.7
BCW-201847_00412	gnl|TC-DB|E7UC95|1.E.14.1.9	81.1	132	25	0	1	132	1	132	4.2e-55	210.3
BCW-201847_00414	gnl|TC-DB|P32703|2.A.36.3.1	94.7	546	29	0	1	546	1	546	1.2e-281	964.9
BCW-201847_00415	gnl|TC-DB|P0AF52|2.A.40.7.5	95.3	449	21	0	1	449	1	449	8.4e-225	775.8
BCW-201847_00420	gnl|TC-DB|P0AAP1|9.B.34.1.2	30.9	178	120	2	286	463	197	371	2.9e-18	89.7
BCW-201847_00428	gnl|TC-DB|P24518|4.B.1.1.1	27.4	332	208	11	7	317	67	386	4.6e-18	88.6
BCW-201847_00429	gnl|TC-DB|P24520|4.B.1.1.1	25.2	210	121	5	5	183	26	230	9.0e-16	80.1
BCW-201847_00439	gnl|TC-DB|P28303|2.A.66.1.4	84.7	437	67	0	1	437	19	455	1.8e-203	704.9
BCW-201847_00446	gnl|TC-DB|P02943|1.B.3.1.1	76.9	450	86	4	1	436	1	446	1.8e-208	721.5
BCW-201847_00447	gnl|TC-DB|P68187|3.A.1.1.1	94.6	371	18	1	1	369	1	371	1.7e-199	691.4
BCW-201847_00448	gnl|TC-DB|P0AEX9|3.A.1.1.1	92.4	396	30	0	1	396	1	396	4.6e-219	756.5
BCW-201847_00449	gnl|TC-DB|P02916|3.A.1.1.1	90.5	514	49	0	1	514	1	514	8.8e-271	928.7
BCW-201847_00450	gnl|TC-DB|P68183|3.A.1.1.1	93.2	296	20	0	1	296	1	296	9.3e-156	545.8
BCW-201847_00454	gnl|TC-DB|D8EPC3|1.B.14.16.4	90.3	698	68	0	1	698	1	698	0.0e+00	1330.9
BCW-201847_00460	gnl|TC-DB|Q9K0A9|2.A.28.2.4	44.0	300	166	1	3	300	9	308	4.9e-62	234.6
BCW-201847_00463	gnl|TC-DB|P0AF43|2.A.58.2.1	87.8	543	66	0	1	543	1	543	1.8e-250	861.3
BCW-201847_00489	gnl|TC-DB|P0AFZ7|2.A.38.1.1	96.5	483	17	0	1	483	1	483	4.6e-269	922.9
BCW-201847_00498	gnl|TC-DB|P69423|2.A.64.1.1	90.4	240	23	0	1	240	1	240	3.2e-120	427.6
BCW-201847_00499	gnl|TC-DB|P69425|2.A.64.1.1	85.8	134	19	0	1	134	1	134	1.0e-56	216.1
BCW-201847_00500	gnl|TC-DB|P69428|2.A.64.1.1	98.0	50	1	0	1	50	1	50	8.0e-20	92.4
BCW-201847_00509	gnl|TC-DB|P0ADP5|2.A.7.3.61	82.9	299	51	0	1	299	1	299	3.7e-144	507.3
BCW-201847_00512	gnl|TC-DB|P0AG34|2.A.76.1.1	89.8	206	21	0	1	206	1	206	5.0e-100	360.1
BCW-201847_00513	gnl|TC-DB|P0AG38|2.A.76.1.2	87.4	206	26	0	1	206	1	206	1.0e-97	352.4
BCW-201847_00514	gnl|TC-DB|Q5EAK4|2.A.16.2.2	26.2	424	260	13	52	447	1378	1776	2.8e-24	110.2
BCW-201847_00517	gnl|TC-DB|P27844|2.A.7.7.2	89.2	296	32	0	1	296	1	296	2.0e-150	528.1
BCW-201847_00518	gnl|TC-DB|P0A2R8|1.A.35.1.2	98.4	316	5	0	1	316	1	316	7.3e-175	609.4
BCW-201847_00524	gnl|TC-DB|P27838|9.B.21.2.1	88.7	106	12	0	1	106	1	106	4.3e-55	209.9
BCW-201847_00535	gnl|TC-DB|P27837|2.A.3.1.15	92.2	461	36	0	1	461	1	461	5.5e-240	826.2
BCW-201847_00537	gnl|TC-DB|B6I4D1|9.B.128.1.1	88.6	439	50	0	1	439	1	439	1.3e-220	761.9
BCW-201847_00539	gnl|TC-DB|P0AAA7|2.A.66.2.3	86.3	416	57	0	1	416	1	416	1.4e-197	685.3
BCW-201847_00545	gnl|TC-DB|P0AC78|9.B.146.1.7	87.2	367	47	0	1	367	1	367	1.8e-169	591.7
BCW-201847_00546	gnl|TC-DB|P40290|3.A.6.1.1	28.6	252	158	5	157	396	148	389	2.0e-15	80.1
BCW-201847_00548	gnl|TC-DB|O00571|1.I.1.1.3	35.7	364	220	4	9	358	180	543	5.9e-55	211.5
BCW-201847_00569	gnl|TC-DB|P45094|3.A.1.5.27	75.8	326	78	1	3	327	2	327	2.5e-141	498.0
BCW-201847_00570	gnl|TC-DB|P45095|3.A.1.5.27	76.0	325	77	1	1	325	1	324	1.6e-140	495.4
BCW-201847_00571	gnl|TC-DB|W0WMS8|3.A.1.5.39	53.7	283	131	0	17	299	18	300	2.4e-82	302.0
BCW-201847_00572	gnl|TC-DB|W0WN20|3.A.1.5.39	65.8	339	113	1	1	339	1	336	3.3e-125	444.5
BCW-201847_00573	gnl|TC-DB|P33950|3.A.1.5.27	54.7	517	233	1	19	535	30	545	1.0e-168	589.7
BCW-201847_00576	gnl|TC-DB|P37662|2.A.1.11.3	88.9	350	39	0	1	350	1	350	2.6e-169	591.3
BCW-201847_00580	gnl|TC-DB|P20099|5.A.3.4.3	83.1	774	131	0	2	775	4	777	0.0e+00	1377.1
BCW-201847_00581	gnl|TC-DB|P37665|9.B.186.1.1	91.8	219	18	0	1	219	1	219	1.5e-81	298.9
BCW-201847_00590	gnl|TC-DB|Q53712|3.A.1.120.3	31.6	541	292	14	22	517	44	551	8.4e-46	181.4
BCW-201847_00594	gnl|TC-DB|P37669|9.B.97.1.1	81.0	331	63	0	1	331	1	331	7.9e-156	546.2
BCW-201847_00599	gnl|TC-DB|P37387|3.A.1.2.4	91.2	330	29	0	1	330	1	330	3.7e-169	590.5
BCW-201847_00600	gnl|TC-DB|P37388|3.A.1.2.4	89.3	513	55	0	1	513	1	513	7.7e-267	915.6
BCW-201847_00601	gnl|TC-DB|P0AGI4|3.A.1.2.4	90.6	393	37	0	1	393	1	393	8.7e-186	646.0
BCW-201847_00606	gnl|TC-DB|P0AAK3|3.D.1.9.2	40.1	172	65	3	1	138	1	168	2.0e-29	125.2
BCW-201847_00611	gnl|TC-DB|P70786|2.A.1.14.3	31.5	426	273	7	3	418	17	433	1.6e-55	213.4
BCW-201847_00617	gnl|TC-DB|P31435|2.A.2.3.4	39.0	421	253	3	20	440	6	422	7.9e-77	284.3
BCW-201847_00619	gnl|TC-DB|P37681|9.B.99.1.1	54.5	246	112	0	1	246	1	246	4.0e-80	294.3
BCW-201847_00625	gnl|TC-DB|P37683|8.A.1.1.4	77.8	378	84	0	1	378	1	378	1.6e-165	578.6
BCW-201847_00626	gnl|TC-DB|P32108|9.B.32.1.1	72.3	112	29	1	1	110	1	112	1.5e-43	171.8
BCW-201847_00628	gnl|TC-DB|P00550|4.A.2.1.2	92.1	633	50	0	1	633	1	633	0.0e+00	1125.9
BCW-201847_00632	gnl|TC-DB|P33231|2.A.14.1.1	91.7	551	46	0	1	551	1	551	4.7e-286	979.5
BCW-201847_00635	gnl|TC-DB|Q51955|2.A.1.15.1	45.8	430	233	0	7	436	12	441	1.9e-107	386.0
BCW-201847_00643	gnl|TC-DB|B7LEG0|1.A.34.1.2	39.5	119	67	3	308	425	262	376	3.8e-17	85.9
BCW-201847_00661	gnl|TC-DB|B8F5K7|4.D.1.3.2	50.8	244	118	2	5	246	4	247	1.7e-65	245.7
BCW-201847_00673	gnl|TC-DB|P0AGM2|1.A.62.2.3	87.8	205	25	0	1	205	1	205	4.0e-97	350.5
BCW-201847_00680	gnl|TC-DB|P0AER8|2.A.27.1.1	90.8	400	37	0	1	400	1	400	2.5e-196	681.0
BCW-201847_00681	gnl|TC-DB|P0AGM9|2.A.40.4.2	94.2	462	27	0	1	462	1	462	4.7e-239	823.2
BCW-201847_00684	gnl|TC-DB|P31435|2.A.2.3.4	86.6	462	58	1	2	463	3	460	2.7e-234	807.4
BCW-201847_00691	gnl|TC-DB|G3IME2|9.B.35.1.2	33.9	112	71	2	27	136	31	141	1.3e-16	82.4
BCW-201847_00697	gnl|TC-DB|P0ADL1|2.A.1.2.26	38.7	372	227	1	13	384	15	385	1.3e-67	253.4
BCW-201847_00699	gnl|TC-DB|P28635|3.A.1.24.1	64.9	262	91	1	5	266	11	271	4.8e-95	344.0
BCW-201847_00700	gnl|TC-DB|Q9ZGB6|2.A.1.3.32	39.4	493	294	3	8	496	14	505	5.3e-95	344.7
BCW-201847_00704	gnl|TC-DB|Q8GC84|2.A.6.2.19	82.4	374	65	1	1	373	1	374	4.0e-164	573.9
BCW-201847_00705	gnl|TC-DB|Q8GC83|2.A.6.2.19	87.3	1028	131	0	1	1028	1	1028	0.0e+00	1686.4
BCW-201847_00706	gnl|TC-DB|Q8GC82|2.A.6.2.19	79.9	452	91	0	1	452	1	452	1.5e-200	695.3
BCW-201847_00709	gnl|TC-DB|Q9KSH5|4.A.3.2.6	49.0	100	51	0	1	100	1	100	3.4e-20	94.0
BCW-201847_00710	gnl|TC-DB|Q9KSH4|4.A.3.2.6	47.9	434	225	1	4	437	6	438	2.5e-120	428.7
BCW-201847_00711	gnl|TC-DB|Q86Z14|8.A.49.1.2	26.6	473	280	18	5	455	81	508	1.0e-39	161.0
BCW-201847_00712	gnl|TC-DB|P69791|4.A.3.2.1	50.5	97	48	0	4	100	17	113	2.9e-21	97.4
BCW-201847_00714	gnl|TC-DB|P31437|2.A.7.3.12	84.9	298	45	0	1	298	1	298	2.9e-136	481.1
BCW-201847_00715	gnl|TC-DB|P0ADL1|2.A.1.2.26	85.8	381	54	0	16	396	14	394	5.4e-175	610.1
BCW-201847_00716	gnl|TC-DB|P77735|8.A.5.1.6	29.3	297	191	6	31	319	37	322	2.1e-31	132.9
BCW-201847_00719	gnl|TC-DB|P31122|2.A.1.2.15	31.7	385	253	4	14	392	11	391	8.8e-40	161.0
BCW-201847_00726	gnl|TC-DB|P0AGC0|2.A.1.4.1	94.0	463	28	0	1	463	1	463	2.8e-247	850.5
BCW-201847_00727	gnl|TC-DB|P09836|2.A.1.4.4	88.2	434	51	0	3	436	6	439	1.9e-229	791.2
BCW-201847_00734	gnl|TC-DB|L0LHM3|2.A.7.31.3	49.5	277	139	1	1	276	1	277	4.3e-62	234.6
BCW-201847_00735	gnl|TC-DB|P31442|2.A.1.2.9	87.8	394	48	0	1	394	1	394	9.7e-193	669.1
BCW-201847_00738	gnl|TC-DB|P08555|2.A.8.1.5	88.1	445	53	0	1	445	1	445	4.0e-211	730.3
BCW-201847_00741	gnl|TC-DB|P0ADM0|9.B.51.1.1	87.0	115	15	0	1	115	1	115	1.6e-50	194.9
BCW-201847_00743	gnl|TC-DB|Q9AGA7|4.A.1.1.10	89.8	540	55	0	1	540	1	540	2.2e-280	960.7
BCW-201847_00745	gnl|TC-DB|B7L824|2.A.81.1.5	81.9	552	100	0	1	552	1	552	1.5e-252	868.2
BCW-201847_00750	gnl|TC-DB|P0AA76|2.A.1.14.7	94.2	430	25	0	1	430	1	430	1.1e-237	818.5
BCW-201847_00763	gnl|TC-DB|P25714|2.A.9.3.1	91.4	548	46	1	1	547	1	548	2.2e-280	960.7
BCW-201847_00765	gnl|TC-DB|P31462|2.A.1.2.22	73.4	387	98	2	1	383	1	386	2.5e-148	521.5
BCW-201847_00769	gnl|TC-DB|P31466|2.A.40.7.6	93.9	444	27	0	2	445	1	444	5.8e-226	779.6
BCW-201847_00772	gnl|TC-DB|P0AAH0|3.A.1.7.1	96.5	257	9	0	1	257	1	257	2.2e-145	511.1
BCW-201847_00773	gnl|TC-DB|P07654|3.A.1.7.1	94.3	296	17	0	1	296	1	296	8.1e-152	532.7
BCW-201847_00774	gnl|TC-DB|P0AGH8|3.A.1.7.1	94.7	319	17	0	1	319	1	319	2.4e-165	577.8
BCW-201847_00775	gnl|TC-DB|P0AG82|3.A.1.7.1	92.5	346	26	0	1	346	1	346	7.7e-186	646.0
BCW-201847_00778	gnl|TC-DB|P0A6E6|3.A.2.1.1	95.7	139	6	0	1	139	1	139	4.0e-69	256.9
BCW-201847_00779	gnl|TC-DB|P0ABB4|3.A.2.1.1	98.0	460	9	0	1	460	1	460	2.4e-259	890.6
BCW-201847_00780	gnl|TC-DB|P0ABA6|3.A.2.1.1	94.1	287	17	0	1	287	1	287	5.1e-151	530.0
BCW-201847_00781	gnl|TC-DB|P0ABB0|3.A.2.1.1	95.3	513	24	0	1	513	1	513	4.7e-280	959.5
BCW-201847_00782	gnl|TC-DB|P0ABA4|3.A.2.1.1	89.8	177	18	0	1	177	1	177	1.4e-82	302.0
BCW-201847_00783	gnl|TC-DB|P0ABA0|3.A.2.1.1	92.9	156	11	0	1	156	1	156	1.1e-51	199.1
BCW-201847_00784	gnl|TC-DB|P68699|3.A.2.1.1	100.0	79	0	0	1	79	1	79	2.8e-35	143.7
BCW-201847_00785	gnl|TC-DB|P0AB98|3.A.2.1.1	93.7	271	17	0	1	271	1	271	4.4e-144	506.9
BCW-201847_00786	gnl|TC-DB|C4X3L3|1.A.77.3.8	89.7	126	13	0	1	126	25	150	1.8e-55	211.5
BCW-201847_00794	gnl|TC-DB|P63183|2.A.72.1.1	91.5	622	53	0	1	622	1	622	0.0e+00	1137.9
BCW-201847_00796	gnl|TC-DB|P04983|3.A.1.2.1	96.8	501	16	0	1	501	1	501	2.5e-278	953.7
BCW-201847_00797	gnl|TC-DB|P0AGI1|3.A.1.2.1	97.2	321	9	0	1	321	1	321	1.5e-151	531.9
BCW-201847_00798	gnl|TC-DB|P02925|3.A.1.2.1	97.0	296	9	0	1	296	1	296	3.0e-154	540.8
BCW-201847_00801	gnl|TC-DB|P31474|2.A.1.3.51	81.6	477	86	1	1	477	1	475	2.8e-210	727.6
BCW-201847_00803	gnl|TC-DB|P18775|5.A.3.3.2	88.6	814	92	1	1	813	1	814	0.0e+00	1521.9
BCW-201847_00806	gnl|TC-DB|P61316|1.B.46.1.1	92.6	202	15	0	1	202	1	202	2.1e-106	381.3
BCW-201847_00807	gnl|TC-DB|P46889|3.A.12.1.2	79.9	1331	199	11	1	1265	1	1329	0.0e+00	1662.1
BCW-201847_00810	gnl|TC-DB|P29018|3.A.1.129.1	84.4	588	92	0	1	588	1	588	5.2e-283	969.5
BCW-201847_00811	gnl|TC-DB|P23886|3.A.1.129.1	81.3	573	107	0	1	573	1	573	4.3e-258	886.7
BCW-201847_00815	gnl|TC-DB|Q9SXJ7|3.A.9.1.2	38.5	802	403	11	17	739	133	923	6.3e-148	521.2
BCW-201847_00818	gnl|TC-DB|P75831|3.A.1.122.1	86.6	648	85	1	1	646	1	648	2.0e-314	1073.5
BCW-201847_00819	gnl|TC-DB|P75830|3.A.1.122.1	81.7	361	66	0	11	371	11	371	1.2e-157	552.4
BCW-201847_00822	gnl|TC-DB|P60844|1.A.8.3.1	90.5	231	22	0	9	239	1	231	1.6e-118	421.8
BCW-201847_00823	gnl|TC-DB|P75826|2.A.124.1.1	86.0	299	42	0	1	299	1	299	2.7e-139	491.1
BCW-201847_00834	gnl|TC-DB|P22610|3.A.15.2.1	44.4	266	130	3	11	258	10	275	4.5e-53	204.5
BCW-201847_00838	gnl|TC-DB|P15750|3.A.15.1.1	29.9	328	216	6	6	332	4	318	7.8e-26	114.4
BCW-201847_00839	gnl|TC-DB|Q9XD68|3.A.15.3.1	27.9	201	118	7	6	183	3	199	1.8e-12	69.3
BCW-201847_00842	gnl|TC-DB|P15746|3.A.15.1.1	72.1	140	39	0	8	147	1	140	2.3e-54	208.0
BCW-201847_00843	gnl|TC-DB|P15745|3.A.15.1.1	45.0	404	194	3	1	401	1	379	4.1e-82	301.6
BCW-201847_00844	gnl|TC-DB|P15645|3.A.15.1.1	57.6	486	200	2	6	487	8	491	3.2e-153	538.1
BCW-201847_00845	gnl|TC-DB|P15644|1.B.22.1.1	53.6	627	264	8	23	625	27	650	1.3e-175	612.8
BCW-201847_00853	gnl|TC-DB|P0AAF6|3.A.1.3.3	93.8	242	15	0	1	242	1	242	1.3e-128	455.3
BCW-201847_00854	gnl|TC-DB|P30859|3.A.1.3.3	92.2	243	19	0	1	243	1	243	5.1e-128	453.4
BCW-201847_00855	gnl|TC-DB|P0AE34|3.A.1.3.3	94.5	237	13	0	1	237	1	237	2.1e-121	431.4
BCW-201847_00856	gnl|TC-DB|P0AE30|3.A.1.3.3	93.2	222	15	0	1	222	1	222	1.3e-101	365.5
BCW-201847_00857	gnl|TC-DB|P30860|3.A.1.3.3	88.1	243	29	0	1	243	1	243	2.2e-123	438.0
BCW-201847_00862	gnl|TC-DB|P0AFL1|3.A.1.11.2	93.6	281	18	0	1	281	1	281	7.7e-144	506.1
BCW-201847_00863	gnl|TC-DB|P31135|3.A.1.11.2	89.3	317	34	0	1	317	1	317	5.8e-164	573.2
BCW-201847_00864	gnl|TC-DB|P31134|3.A.1.11.2	92.0	377	30	0	1	377	1	377	2.0e-203	704.5
BCW-201847_00865	gnl|TC-DB|P31133|3.A.1.11.2	91.4	370	32	0	1	370	1	370	1.0e-204	708.8
BCW-201847_00871	gnl|TC-DB|A7ZJR5|2.A.81.1.4	94.1	561	33	0	1	561	1	561	2.4e-301	1030.4
BCW-201847_00873	gnl|TC-DB|P0AB93|3.A.4.1.1	87.6	429	53	0	1	429	1	429	1.2e-207	718.8
BCW-201847_00877	gnl|TC-DB|P75810|2.A.1.60.2	85.1	375	56	0	1	375	1	375	1.2e-174	609.0
BCW-201847_00879	gnl|TC-DB|P0AEY8|2.A.1.2.19	88.5	407	47	0	1	407	1	407	1.8e-205	711.4
BCW-201847_00881	gnl|TC-DB|P94571|9.B.105.1.3	29.4	160	106	3	5	163	1	154	9.2e-14	73.6
BCW-201847_00888	gnl|TC-DB|P75799|3.A.1.5.11	87.1	303	39	0	1	303	1	303	1.9e-135	478.4
BCW-201847_00889	gnl|TC-DB|P75798|3.A.1.5.11	87.3	306	39	0	1	306	1	306	4.9e-152	533.5
BCW-201847_00890	gnl|TC-DB|P75797|3.A.1.5.11	86.1	512	71	0	1	512	1	512	1.4e-260	894.8
BCW-201847_00891	gnl|TC-DB|P75796|3.A.1.5.11	80.2	622	123	0	1	622	1	622	2.7e-282	967.2
BCW-201847_00901	gnl|TC-DB|P0AA78|2.A.1.14.2	43.0	416	236	1	16	430	42	457	3.4e-98	355.1
BCW-201847_00903	gnl|TC-DB|Q83XH1|3.A.1.121.4	47.0	526	278	1	1	526	1	525	5.2e-141	497.7
BCW-201847_00906	gnl|TC-DB|U5MFA1|4.A.3.2.9	34.6	425	269	3	14	432	8	429	9.2e-59	224.2
BCW-201847_00907	gnl|TC-DB|Q86Z14|8.A.49.1.2	29.0	465	276	15	6	455	82	507	3.8e-39	159.1
BCW-201847_00908	gnl|TC-DB|P63144|8.A.5.1.3	33.9	330	196	8	1	320	71	388	5.0e-44	174.9
BCW-201847_00909	gnl|TC-DB|B3PY75|1.B.17.3.8	32.8	500	292	6	4	495	5	468	1.8e-66	250.0
BCW-201847_00910	gnl|TC-DB|P0AEJ0|2.A.1.3.2	36.2	497	305	3	18	513	15	500	6.6e-88	321.2
BCW-201847_00911	gnl|TC-DB|Q9RQ30|8.A.1.1.2	47.7	130	66	2	234	361	224	353	5.5e-25	111.7
BCW-201847_00912	gnl|TC-DB|P75788|2.A.45.2.5	76.4	369	87	0	1	369	1	369	2.5e-158	554.7
BCW-201847_00916	gnl|TC-DB|G0EBV0|1.B.6.2.10	80.3	173	31	2	1	172	1	171	1.2e-73	272.3
BCW-201847_00917	gnl|TC-DB|P0AA67|2.A.7.3.6	81.0	295	56	0	1	295	1	295	1.6e-131	465.3
BCW-201847_00920	gnl|TC-DB|P0AEQ3|3.A.1.3.2	96.0	248	9	1	1	247	1	248	7.8e-132	466.1
BCW-201847_00921	gnl|TC-DB|P0AEQ6|3.A.1.3.2	93.6	219	14	0	1	219	1	219	1.7e-109	391.7
BCW-201847_00922	gnl|TC-DB|P10346|3.A.1.3.2	95.8	240	10	0	1	240	1	240	3.9e-128	453.8
BCW-201847_00923	gnl|TC-DB|P75783|1.A.23.3.2	81.8	741	130	2	1	736	1	741	0.0e+00	1148.3
BCW-201847_00931	gnl|TC-DB|P30130|1.B.11.3.9	40.1	872	472	17	10	846	21	877	3.2e-177	618.6
BCW-201847_00935	gnl|TC-DB|O00571|1.I.1.1.3	42.0	398	208	8	2	377	181	577	3.4e-72	268.9
BCW-201847_00937	gnl|TC-DB|P75777|3.A.1.105.15	62.8	331	123	0	1	331	2	332	2.5e-85	312.0
BCW-201847_00938	gnl|TC-DB|P0A9U1|3.A.1.105.15	89.9	577	58	0	1	577	1	577	5.2e-304	1039.3
BCW-201847_00939	gnl|TC-DB|C6EIY9|3.A.1.105.15	89.9	377	38	0	1	377	1	377	6.9e-188	652.9
BCW-201847_00940	gnl|TC-DB|P0AFP9|3.A.1.105.15	92.6	367	27	0	1	367	1	367	6.3e-194	672.9
BCW-201847_00941	gnl|TC-DB|P0AAW6|9.B.15.1.1	81.5	135	25	0	1	135	1	135	8.6e-56	212.6
BCW-201847_00944	gnl|TC-DB|P75770|4.D.2.4.3	85.8	318	45	0	1	318	1	318	2.9e-155	544.3
BCW-201847_00945	gnl|TC-DB|P0AAC4|1.A.14.2.2	83.4	235	38	1	1	235	1	234	3.0e-101	364.4
BCW-201847_00953	gnl|TC-DB|Q0S720|3.A.1.4.9	32.3	235	146	4	1	230	9	235	6.6e-27	117.5
BCW-201847_00968	gnl|TC-DB|P09833|3.A.1.8.1	88.0	351	42	0	1	351	1	351	4.3e-176	613.6
BCW-201847_00969	gnl|TC-DB|P0AF01|3.A.1.8.1	93.4	229	15	0	1	229	1	229	3.3e-116	414.1
BCW-201847_00970	gnl|TC-DB|P37329|3.A.1.8.1	83.5	255	42	0	1	255	1	255	1.0e-118	422.5
BCW-201847_00971	gnl|TC-DB|A6T6J1|2.A.6.2.49	79.6	49	10	0	1	49	1	49	4.5e-15	75.9
BCW-201847_00973	gnl|TC-DB|A7BAX2|3.A.1.26.3	27.5	501	280	20	10	471	246	702	1.3e-24	110.9
BCW-201847_00981	gnl|TC-DB|P75757|2.A.4.1.4	80.3	310	59	1	1	308	1	310	3.6e-142	500.7
BCW-201847_00982	gnl|TC-DB|P24520|4.B.1.1.1	87.0	238	31	0	1	238	1	238	6.4e-115	409.8
BCW-201847_00989	gnl|TC-DB|P45955|2.C.1.2.1	83.7	190	31	0	1	190	1	190	2.5e-67	251.9
BCW-201847_00990	gnl|TC-DB|C6EJJ6|2.C.1.2.1	74.0	173	45	0	1	173	1	173	5.4e-63	236.9
BCW-201847_00991	gnl|TC-DB|P0A855|2.C.1.2.1	94.7	430	23	0	1	430	1	430	1.6e-148	522.3
BCW-201847_00992	gnl|TC-DB|P19934|2.C.1.2.1	69.3	127	38	1	302	428	295	420	2.0e-26	116.7
BCW-201847_00993	gnl|TC-DB|P0ABV8|1.A.30.2.2	87.3	142	18	0	1	142	1	142	1.8e-64	241.5
BCW-201847_00994	gnl|TC-DB|P0ABU9|1.A.30.2.2	97.4	230	6	0	1	230	1	230	1.9e-119	424.9
BCW-201847_00996	gnl|TC-DB|P0AAV0|8.A.79.1.1	86.2	94	13	0	3	96	4	97	9.0e-44	172.2
BCW-201847_00997	gnl|TC-DB|P56100|9.B.85.1.1	85.7	35	5	0	1	35	1	35	3.5e-12	65.9
BCW-201847_00998	gnl|TC-DB|P0ABK2|3.D.4.3.2	91.8	379	31	0	1	379	1	379	9.9e-203	702.2
BCW-201847_00999	gnl|TC-DB|P0ABJ9|3.D.4.3.2	92.9	522	37	0	1	522	1	522	1.1e-281	964.9
BCW-201847_01001	gnl|TC-DB|P54745|4.A.2.1.3	77.9	638	141	0	1	638	21	658	4.0e-257	883.6
BCW-201847_01007	gnl|TC-DB|X5GWN5|3.D.10.1.6	50.4	234	109	5	4	236	27	254	7.7e-68	253.4
BCW-201847_01008	gnl|TC-DB|X5H3P0|3.D.10.1.6	52.9	590	266	8	7	588	12	597	9.1e-171	596.7
BCW-201847_01019	gnl|TC-DB|P03959|3.A.3.7.1	83.3	557	93	0	1	557	1	557	3.1e-261	897.1
BCW-201847_01020	gnl|TC-DB|P03960|3.A.3.7.1	91.2	682	60	0	1	682	1	682	0.0e+00	1170.2
BCW-201847_01021	gnl|TC-DB|P03961|3.A.3.7.1	69.1	188	58	0	1	188	1	188	2.0e-63	238.4
BCW-201847_01025	gnl|TC-DB|P0AAF1|2.A.3.2.1	91.3	435	38	0	2	436	4	438	7.6e-223	769.2
BCW-201847_01033	gnl|TC-DB|P75733|1.B.25.1.13	88.9	468	49	3	1	465	1	468	5.8e-253	869.4
BCW-201847_01035	gnl|TC-DB|P09323|4.A.1.1.2	87.5	647	81	0	1	647	1	647	0.0e+00	1084.7
BCW-201847_01052	gnl|TC-DB|P0A2L3|9.A.40.1.2	93.8	292	18	0	1	292	1	292	3.5e-155	543.9
BCW-201847_01054	gnl|TC-DB|P37902|3.A.1.3.4	90.7	302	27	1	1	301	1	302	4.7e-155	543.5
BCW-201847_01055	gnl|TC-DB|P0AER3|3.A.1.3.4	89.0	246	27	0	1	246	1	246	5.0e-123	436.8
BCW-201847_01056	gnl|TC-DB|P0AER5|3.A.1.3.4	92.4	223	17	0	1	223	1	223	2.4e-108	387.9
BCW-201847_01057	gnl|TC-DB|P0AAG3|3.A.1.3.4	79.7	241	49	0	1	241	1	241	1.5e-103	372.1
BCW-201847_01061	gnl|TC-DB|P0ADC1|1.B.42.1.2	66.5	194	59	2	1	189	1	193	1.4e-67	252.3
BCW-201847_01067	gnl|TC-DB|P0ABG7|2.A.103.1.2	96.2	370	14	0	1	370	1	370	1.6e-197	684.9
BCW-201847_01074	gnl|TC-DB|P0A843|2.A.64.1.1	92.5	67	5	0	1	67	1	67	4.5e-26	112.8
BCW-201847_01076	gnl|TC-DB|P37002|1.A.43.1.1	84.3	127	20	0	1	127	1	127	8.2e-61	229.2
BCW-201847_01080	gnl|TC-DB|P0ABP3|2.A.61.1.1	92.1	455	36	0	1	455	1	455	7.2e-224	772.7
BCW-201847_01100	gnl|TC-DB|B8H230|3.A.1.2.21	35.5	321	189	5	14	327	16	325	1.3e-36	150.2
BCW-201847_01101	gnl|TC-DB|A6VKS8|3.A.1.2.13	37.2	495	306	4	6	499	7	497	8.8e-90	327.4
BCW-201847_01105	gnl|TC-DB|P15078|2.A.114.1.1	92.0	701	56	0	1	701	1	701	0.0e+00	1229.9
BCW-201847_01106	gnl|TC-DB|D2YRH2|9.A.5.4.1	66.1	239	80	1	1	238	1	239	2.8e-78	288.1
BCW-201847_01107	gnl|TC-DB|G2S0R1|9.B.156.1.3	96.8	154	5	0	1	154	1	154	7.9e-74	272.7
BCW-201847_01112	gnl|TC-DB|Q89SS6|2.A.1.42.2	21.9	480	352	11	48	522	653	1114	7.3e-18	88.6
BCW-201847_01114	gnl|TC-DB|C8U2V6|3.A.1.14.2	81.1	318	60	0	1	318	1	318	1.8e-144	508.4
BCW-201847_01115	gnl|TC-DB|P24077|2.A.1.38.1	83.7	416	65	1	1	413	1	416	8.9e-181	629.4
BCW-201847_01116	gnl|TC-DB|P23876|3.A.1.14.2	87.9	305	37	0	30	334	30	334	2.7e-143	504.6
BCW-201847_01117	gnl|TC-DB|P23877|3.A.1.14.2	72.7	330	90	0	1	330	1	330	1.7e-126	448.7
BCW-201847_01118	gnl|TC-DB|P23878|3.A.1.14.2	86.4	265	36	0	1	265	1	265	1.2e-130	462.2
BCW-201847_01119	gnl|TC-DB|P31552|4.C.1.1.6	22.4	504	336	15	477	951	39	516	2.6e-13	74.7
BCW-201847_01122	gnl|TC-DB|P05825|1.B.14.1.22	80.7	757	127	7	1	749	1	746	0.0e+00	1250.7
BCW-201847_01124	gnl|TC-DB|P0ABC9|2.A.15.1.4	94.1	676	40	0	1	676	1	676	0.0e+00	1258.0
BCW-201847_01141	gnl|TC-DB|P77389|2.A.1.2.65	42.3	378	211	4	5	381	7	378	7.1e-71	264.2
BCW-201847_01151	gnl|TC-DB|P26905|3.A.1.5.2	52.7	315	146	2	12	323	4	318	6.3e-84	307.4
BCW-201847_01152	gnl|TC-DB|O86575|3.A.1.5.34	53.1	318	145	2	5	318	39	356	3.8e-87	318.2
BCW-201847_01153	gnl|TC-DB|P42061|3.A.1.5.20	25.8	461	302	11	61	491	79	529	4.0e-34	142.5
BCW-201847_01154	gnl|TC-DB|P75798|3.A.1.5.11	46.2	312	160	1	1	312	1	304	7.7e-68	253.8
BCW-201847_01155	gnl|TC-DB|W0WMS8|3.A.1.5.39	42.6	284	157	2	12	289	15	298	4.4e-57	218.0
BCW-201847_01162	gnl|TC-DB|Q56586|3.D.5.1.1	62.0	447	169	1	1	447	1	446	2.9e-161	564.7
BCW-201847_01163	gnl|TC-DB|Q56587|3.D.5.1.1	74.9	411	102	1	1	410	1	411	2.8e-182	634.4
BCW-201847_01164	gnl|TC-DB|Q56582|3.D.5.1.1	58.3	259	104	2	4	262	2	256	6.1e-82	300.4
BCW-201847_01165	gnl|TC-DB|Q57095|3.D.5.1.1	75.9	203	49	0	8	210	5	207	1.0e-79	292.7
BCW-201847_01166	gnl|TC-DB|Q56589|3.D.5.1.1	78.8	198	42	0	1	198	1	198	9.8e-85	309.3
BCW-201847_01167	gnl|TC-DB|Q56584|3.D.5.1.1	77.6	407	91	0	1	407	1	407	3.9e-189	657.1
BCW-201847_01168	gnl|TC-DB|D0WX40|3.D.5.1.1	64.1	64	23	0	2	65	1	64	1.6e-18	87.8
BCW-201847_01174	gnl|TC-DB|P02932|1.B.1.1.2	87.7	351	42	1	1	350	1	351	3.6e-183	637.1
BCW-201847_01194	gnl|TC-DB|Q9KN48|3.A.23.1.1	38.7	341	188	4	140	467	193	525	3.6e-53	205.7
BCW-201847_01195	gnl|TC-DB|Q9HV74|2.A.21.9.1	28.0	357	218	13	11	346	636	974	8.4e-23	104.4
BCW-201847_01198	gnl|TC-DB|P76773|1.B.35.2.2	66.1	230	76	2	1	228	1	230	1.5e-89	325.5
BCW-201847_01199	gnl|TC-DB|P32137|2.A.2.3.9	66.8	452	148	1	6	455	8	459	6.2e-178	620.2
BCW-201847_01200	gnl|TC-DB|P32137|2.A.2.3.9	93.2	454	31	0	7	460	8	461	4.2e-248	853.2
BCW-201847_01208	gnl|TC-DB|P0A8K8|9.B.126.2.1	87.4	293	34	1	1	293	1	290	1.5e-129	458.8
BCW-201847_01213	gnl|TC-DB|P0AEK7|5.A.3.2.1	48.6	210	106	1	1	208	1	210	9.1e-57	216.5
BCW-201847_01214	gnl|TC-DB|P0AAJ3|5.A.3.2.1	76.9	294	68	0	1	294	1	294	3.4e-145	510.8
BCW-201847_01215	gnl|TC-DB|P24183|5.A.3.2.1	77.1	803	183	1	1	803	213	1014	0.0e+00	1340.1
BCW-201847_01216	gnl|TC-DB|P24183|5.A.3.2.1	82.1	195	35	0	1	195	1	195	7.9e-95	342.8
BCW-201847_01219	gnl|TC-DB|Q1D213|2.A.78.2.3	45.5	99	54	0	8	106	3	101	4.1e-13	70.5
BCW-201847_01220	gnl|TC-DB|Q1D212|2.A.78.2.3	36.4	231	118	3	13	214	14	244	2.5e-33	138.7
BCW-201847_01224	gnl|TC-DB|P96517|2.A.1.5.4	97.1	417	12	0	1	417	1	417	1.8e-221	764.6
BCW-201847_01231	gnl|TC-DB|P27125|2.A.7.6.1	88.7	344	39	0	1	344	1	344	1.4e-174	608.6
BCW-201847_01238	gnl|TC-DB|P69380|2.A.4.7.1	89.7	291	30	0	1	291	1	291	9.3e-148	519.2
BCW-201847_01240	gnl|TC-DB|P0AG78|3.A.1.6.1	92.7	329	24	0	1	329	1	329	3.5e-180	627.1
BCW-201847_01245	gnl|TC-DB|B7MI53|9.B.124.2.2	73.4	139	37	0	1	139	1	139	1.2e-57	218.8
BCW-201847_01249	gnl|TC-DB|P0AER0|1.A.8.1.1	90.0	281	28	0	1	281	1	281	3.4e-147	517.3
BCW-201847_01257	gnl|TC-DB|Q9ZKE4|3.A.11.3.1	31.5	536	338	11	198	730	108	617	5.2e-67	252.3
BCW-201847_01277	gnl|TC-DB|P06129|1.B.14.3.1	78.7	616	128	2	1	615	1	614	9.8e-293	1001.9
BCW-201847_01297	gnl|TC-DB|D4ZZR3|9.B.34.1.3	32.0	222	132	6	272	484	181	392	4.8e-24	109.0
BCW-201847_01298	gnl|TC-DB|A6TAG3|1.E.43.1.1	96.3	82	3	0	1	82	1	82	7.5e-39	155.6
BCW-201847_01299	gnl|TC-DB|P76330|9.B.34.1.4	29.6	199	125	5	149	342	374	562	7.0e-14	74.7
BCW-201847_01304	gnl|TC-DB|P76242|2.A.1.17.3	77.0	392	90	0	1	392	1	392	5.2e-162	567.0
BCW-201847_01311	gnl|TC-DB|P0A908|9.B.99.1.2	72.7	249	67	1	1	249	1	248	2.9e-110	394.4
BCW-201847_01312	gnl|TC-DB|P80874|8.A.5.1.4	35.2	196	110	6	17	198	16	208	8.9e-23	104.0
BCW-201847_01323	gnl|TC-DB|Q07711|3.A.7.7.1	30.4	621	393	17	3	612	4	596	5.5e-73	271.9
BCW-201847_01330	gnl|TC-DB|B7L6N0|3.A.1.19.4	63.2	209	73	1	1	205	1	209	3.9e-68	254.2
BCW-201847_01331	gnl|TC-DB|B7L6M9|3.A.1.19.4	60.2	495	195	1	17	509	2	496	2.0e-166	582.0
BCW-201847_01332	gnl|TC-DB|B7L6M8|3.A.1.19.4	74.4	387	97	2	4	388	1	387	1.0e-170	595.9
BCW-201847_01346	gnl|TC-DB|P69795|4.A.3.2.1	96.2	104	4	0	1	104	1	104	1.4e-50	194.9
BCW-201847_01347	gnl|TC-DB|P17334|4.A.3.2.1	89.4	452	48	0	1	452	1	452	3.7e-212	733.8
BCW-201847_01348	gnl|TC-DB|C4X746|4.A.3.2.7	88.7	115	13	0	1	115	1	115	1.2e-47	185.3
BCW-201847_01354	gnl|TC-DB|P77529|2.A.23.1.8	85.3	462	68	0	1	462	1	462	5.6e-208	719.9
BCW-201847_01362	gnl|TC-DB|P76206|1.B.75.1.3	86.5	252	34	0	23	274	1	252	4.7e-130	460.3
BCW-201847_01372	gnl|TC-DB|P06609|3.A.1.13.1	76.7	326	76	0	3	328	1	326	1.1e-136	482.6
BCW-201847_01374	gnl|TC-DB|P06611|3.A.1.13.1	68.5	248	78	0	1	248	1	248	1.2e-95	345.9
BCW-201847_01379	gnl|TC-DB|Q81E21|2.A.8.1.14	54.4	478	202	4	1	462	1	478	1.9e-131	465.7
BCW-201847_01384	gnl|TC-DB|A8GDS6|3.A.1.14.16	63.3	251	92	0	7	257	9	259	1.8e-86	315.5
BCW-201847_01385	gnl|TC-DB|Q56992|3.A.1.14.5	63.1	320	117	1	7	325	9	328	1.4e-99	359.4
BCW-201847_01386	gnl|TC-DB|A8GDS8|3.A.1.14.16	58.4	267	111	0	5	271	9	275	7.4e-83	303.5
BCW-201847_01388	gnl|TC-DB|P72412|1.B.14.2.14	84.5	621	96	0	41	661	40	660	0.0e+00	1117.4
BCW-201847_01392	gnl|TC-DB|P08839|8.A.7.1.1	26.3	471	271	16	335	776	103	526	2.1e-29	127.5
BCW-201847_01393	gnl|TC-DB|P75683|2.A.2.3.5	55.1	457	203	1	7	461	4	460	2.2e-143	505.4
BCW-201847_01395	gnl|TC-DB|B1LE48|2.A.86.2.1	83.0	370	63	0	1	370	1	370	4.4e-171	597.0
BCW-201847_01403	gnl|TC-DB|P30130|1.B.11.3.9	41.3	861	454	14	16	838	31	878	1.0e-183	640.2
BCW-201847_01408	gnl|TC-DB|P07658|3.D.1.9.2	65.2	712	243	4	1	710	1	709	7.4e-292	999.2
BCW-201847_01416	gnl|TC-DB|Q5HGY5|3.A.1.11.8	28.0	232	145	7	1	228	4	217	1.5e-13	73.2
BCW-201847_01426	gnl|TC-DB|O32169|3.A.1.24.2	58.0	338	141	1	1	337	1	338	1.1e-107	386.3
BCW-201847_01427	gnl|TC-DB|O32168|3.A.1.24.2	61.7	222	85	0	1	222	1	222	3.0e-66	248.1
BCW-201847_01428	gnl|TC-DB|O32167|3.A.1.24.2	49.3	270	128	4	5	270	9	273	1.1e-65	246.5
BCW-201847_01430	gnl|TC-DB|Q8YPM7|3.A.1.3.18	35.4	198	124	2	27	220	177	374	8.8e-21	97.1
BCW-201847_01431	gnl|TC-DB|Q8YPM8|3.A.1.3.18	32.3	223	138	4	17	232	80	296	1.1e-24	110.2
BCW-201847_01432	gnl|TC-DB|Q9CES4|3.A.1.3.25	51.6	244	117	1	21	264	4	246	4.0e-65	244.6
BCW-201847_01433	gnl|TC-DB|P30860|3.A.1.3.3	31.0	213	140	4	51	259	32	241	1.1e-22	103.6
BCW-201847_01440	gnl|TC-DB|P96878|2.A.53.3.12	29.4	170	113	2	26	189	571	739	4.3e-22	101.3
BCW-201847_01444	gnl|TC-DB|P37340|2.A.66.1.3	87.1	457	59	0	1	457	1	457	1.2e-221	765.4
BCW-201847_01447	gnl|TC-DB|P37597|2.A.1.2.62	77.3	401	88	2	1	399	1	400	1.9e-167	585.1
BCW-201847_01451	gnl|TC-DB|P77389|2.A.1.2.65	90.4	387	37	0	1	387	1	387	7.8e-187	649.4
BCW-201847_01461	gnl|TC-DB|P76187|8.A.5.1.7	88.9	298	33	0	1	298	1	298	1.3e-157	552.0
BCW-201847_01463	gnl|TC-DB|Q8ZPN4|2.A.85.1.5	80.7	679	129	1	1	677	1	679	0.0e+00	1094.7
BCW-201847_01464	gnl|TC-DB|P46482|8.A.1.7.1	40.3	273	162	1	11	283	14	285	3.9e-50	194.9
BCW-201847_01465	gnl|TC-DB|G4PZW1|8.A.48.1.1	69.2	78	24	0	1	78	1	78	1.1e-28	121.7
BCW-201847_01467	gnl|TC-DB|P76330|9.B.34.1.4	38.0	205	112	6	255	452	365	561	1.2e-24	110.9
BCW-201847_01475	gnl|TC-DB|P77304|2.A.17.1.2	87.3	498	60	2	1	496	1	497	1.6e-245	844.7
BCW-201847_01477	gnl|TC-DB|P77179|3.D.6.1.4	76.8	224	52	0	1	224	1	224	5.6e-92	333.6
BCW-201847_01478	gnl|TC-DB|P77285|3.D.6.1.4	74.8	206	52	0	1	206	1	206	1.9e-86	315.1
BCW-201847_01479	gnl|TC-DB|P76182|3.D.6.1.4	84.9	350	53	0	1	350	1	350	2.9e-172	600.9
BCW-201847_01480	gnl|TC-DB|P77611|3.D.6.1.4	79.8	564	114	0	1	564	1	564	3.0e-245	844.3
BCW-201847_01481	gnl|TC-DB|P77223|3.D.6.1.4	79.7	192	39	0	1	192	1	192	6.4e-73	270.0
BCW-201847_01482	gnl|TC-DB|P0A766|3.D.6.1.4	94.8	193	10	0	1	193	1	193	3.9e-94	340.5
BCW-201847_01488	gnl|TC-DB|P19642|4.A.1.1.3	87.9	530	64	0	1	530	1	530	2.7e-270	927.2
BCW-201847_01498	gnl|TC-DB|P0ACX0|9.B.72.1.2	82.0	111	20	0	1	111	1	111	1.0e-46	182.2
BCW-201847_01500	gnl|TC-DB|P0AAE5|2.A.3.2.8	89.6	460	48	0	1	460	1	460	1.1e-232	802.0
BCW-201847_01502	gnl|TC-DB|P07001|3.D.2.1.1	89.4	509	53	1	1	508	1	509	3.3e-254	873.6
BCW-201847_01503	gnl|TC-DB|P0AB67|3.D.2.1.1	93.7	462	29	0	1	462	1	462	5.0e-241	829.7
BCW-201847_01508	gnl|TC-DB|P46133|2.A.68.1.1	88.4	507	59	0	1	507	1	507	9.1e-252	865.5
BCW-201847_01524	gnl|TC-DB|P0AFS5|2.A.86.1.4	82.2	342	61	0	1	342	1	342	3.0e-145	511.1
BCW-201847_01525	gnl|TC-DB|P69213|2.A.7.1.9	86.4	118	16	0	13	130	4	121	1.2e-46	182.2
BCW-201847_01526	gnl|TC-DB|P69210|2.A.7.1.9	88.1	109	13	0	1	109	1	109	1.3e-49	191.8
BCW-201847_01527	gnl|TC-DB|P0AAP1|9.B.34.1.2	29.9	187	118	3	276	455	186	366	5.1e-14	76.3
BCW-201847_01532	gnl|TC-DB|P43531|2.A.1.36.1	90.4	417	39	1	1	417	1	416	1.5e-191	665.2
BCW-201847_01536	gnl|TC-DB|A8AGW0|2.A.49.5.4	78.2	417	89	2	13	428	1	416	1.3e-177	619.0
BCW-201847_01538	gnl|TC-DB|Q8ZPK4|3.A.1.12.14	90.8	382	35	0	1	382	1	382	3.2e-201	697.2
BCW-201847_01539	gnl|TC-DB|Q8ZPK3|3.A.1.12.14	92.1	215	17	0	1	215	1	215	1.0e-103	372.5
BCW-201847_01540	gnl|TC-DB|Q8ZPK2|3.A.1.12.14	82.8	290	50	0	10	299	11	300	6.7e-138	486.5
BCW-201847_01541	gnl|TC-DB|Q8ZPK1|3.A.1.12.14	86.8	234	30	1	1	233	1	234	4.1e-106	380.6
BCW-201847_01542	gnl|TC-DB|657066955|9.B.143.3.6	30.9	243	163	5	25	263	12	253	1.1e-19	93.6
BCW-201847_01548	gnl|TC-DB|P77795|3.A.1.11.9	42.0	219	116	2	4	220	5	214	1.3e-41	166.4
BCW-201847_01554	gnl|TC-DB|P76173|5.A.3.3.1	72.2	284	79	0	1	284	1	284	8.1e-117	416.4
BCW-201847_01555	gnl|TC-DB|P18776|5.A.3.3.2	92.6	148	11	0	1	148	58	205	9.5e-85	308.9
BCW-201847_01556	gnl|TC-DB|P77272|4.A.1.2.7	38.1	470	257	14	4	447	6	467	2.5e-67	252.7
BCW-201847_01571	gnl|TC-DB|F9VN10|3.D.10.1.4	35.0	537	311	15	10	522	7	529	3.7e-70	262.3
BCW-201847_01573	gnl|TC-DB|O00571|1.I.1.1.3	34.4	369	217	7	3	350	179	543	3.0e-49	192.6
BCW-201847_01582	gnl|TC-DB|P0AEX3|2.A.1.6.2	85.9	432	60	1	1	431	1	432	1.1e-210	728.8
BCW-201847_01585	gnl|TC-DB|A8YQR5|3.A.23.2.1	54.7	159	71	1	1	158	351	509	2.4e-47	185.7
BCW-201847_01629	gnl|TC-DB|P0AFR2|2.A.53.3.11	91.6	559	47	0	1	559	1	559	1.1e-255	878.6
BCW-201847_01632	gnl|TC-DB|P61320|1.B.46.1.1	84.1	201	32	0	3	203	7	207	2.9e-100	360.9
BCW-201847_01639	gnl|TC-DB|P31801|2.A.19.1.1	89.6	366	36	1	1	364	1	366	6.0e-173	603.2
BCW-201847_01646	gnl|TC-DB|Q44292|3.A.1.16.4	38.3	444	237	12	1	412	1	439	1.0e-75	280.4
BCW-201847_01647	gnl|TC-DB|Q7BW13|3.A.1.16.2	50.0	246	119	2	48	290	15	259	1.5e-65	246.1
BCW-201847_01648	gnl|TC-DB|Q55107|3.A.1.16.3	52.5	259	121	2	1	258	1	258	1.7e-76	282.3
BCW-201847_01651	gnl|TC-DB|P39165|1.B.54.1.9	64.5	451	160	0	26	476	13	463	3.2e-174	607.8
BCW-201847_01654	gnl|TC-DB|P10903|2.A.1.8.1	86.0	463	65	0	1	463	1	463	1.3e-233	805.1
BCW-201847_01655	gnl|TC-DB|P09152|5.A.3.1.1	93.9	1247	76	0	1	1247	1	1247	0.0e+00	2494.2
BCW-201847_01656	gnl|TC-DB|P11349|5.A.3.1.1	93.2	511	34	1	1	510	1	511	8.7e-295	1008.4
BCW-201847_01658	gnl|TC-DB|P11350|5.A.3.1.1	90.2	224	22	0	1	224	1	224	2.9e-117	417.5
BCW-201847_01682	gnl|TC-DB|P25743|2.A.95.1.7	92.1	215	17	0	1	215	1	215	6.0e-104	373.2
BCW-201847_01683	gnl|TC-DB|P06202|3.A.1.5.1	92.3	543	42	0	1	543	1	543	1.3e-304	1041.2
BCW-201847_01684	gnl|TC-DB|P0AFH2|3.A.1.5.41	96.7	306	10	0	1	306	1	306	2.7e-150	527.7
BCW-201847_01685	gnl|TC-DB|P08006|3.A.1.5.1	96.0	302	12	0	1	302	1	302	1.6e-139	491.9
BCW-201847_01686	gnl|TC-DB|P76027|3.A.1.5.41	90.5	337	32	0	1	337	1	337	5.4e-176	613.2
BCW-201847_01687	gnl|TC-DB|P77737|3.A.1.5.41	95.5	334	15	0	1	334	1	334	2.1e-188	654.4
BCW-201847_01688	gnl|TC-DB|Q1D027|1.A.1.24.3	40.4	270	151	3	20	287	14	275	1.3e-40	163.3
BCW-201847_01692	gnl|TC-DB|P76249|2.A.76.1.5	74.4	211	52	2	1	210	1	210	1.4e-81	298.9
BCW-201847_01694	gnl|TC-DB|P02929|2.C.1.1.1	69.2	240	73	1	6	245	1	239	4.2e-53	204.5
BCW-201847_01698	gnl|TC-DB|P0A915|1.B.39.1.6	79.2	212	42	2	1	210	1	212	1.4e-97	352.1
BCW-201847_01701	gnl|TC-DB|P31064|9.B.102.1.1	87.5	393	49	0	1	393	1	393	7.1e-207	716.1
BCW-201847_01728	gnl|TC-DB|G0GRM4|9.B.2.4.1	68.5	200	63	0	7	206	1	200	1.9e-75	278.5
BCW-201847_01730	gnl|TC-DB|P0AAT4|1.A.23.4.5	34.9	404	243	5	11	403	16	410	1.9e-58	223.0
BCW-201847_01731	gnl|TC-DB|P80874|8.A.5.1.4	29.4	170	95	7	1	150	1	165	1.6e-11	66.6
BCW-201847_01754	gnl|TC-DB|M4VAL8|8.A.21.2.4	29.5	166	114	2	136	298	74	239	1.0e-12	70.9
BCW-201847_01756	gnl|TC-DB|Q07711|3.A.7.7.1	24.2	636	417	20	80	674	77	688	6.1e-30	129.4
BCW-201847_01769	gnl|TC-DB|D4ZZR3|9.B.34.1.3	26.8	179	110	3	229	394	225	395	2.1e-14	77.4
BCW-201847_01774	gnl|TC-DB|Q1J0W6|9.B.34.1.1	39.5	157	84	4	287	441	197	344	4.4e-24	109.0
BCW-201847_01778	gnl|TC-DB|P0AAH8|3.A.1.5.42	93.3	268	18	0	1	268	1	268	1.7e-140	495.0
BCW-201847_01779	gnl|TC-DB|P36636|3.A.1.5.5	93.9	330	20	0	1	330	1	330	6.6e-187	649.4
BCW-201847_01780	gnl|TC-DB|P0AGH5|3.A.1.5.42	89.2	296	32	0	1	296	1	296	2.6e-150	527.7
BCW-201847_01781	gnl|TC-DB|P0A2J3|3.A.1.5.5	91.9	321	26	0	1	321	1	321	9.7e-167	582.4
BCW-201847_01782	gnl|TC-DB|P36634|3.A.1.5.5	88.5	549	60	2	1	546	1	549	8.4e-288	985.3
BCW-201847_01783	gnl|TC-DB|Q9KN48|3.A.23.1.1	42.3	227	130	1	8	234	193	418	1.4e-43	173.3
BCW-201847_01784	gnl|TC-DB|E8XKQ3|9.B.100.1.1	91.4	222	19	0	1	222	1	222	8.4e-101	362.8
BCW-201847_01789	gnl|TC-DB|P76042|3.A.1.1.46	74.8	425	107	0	5	429	5	429	9.2e-189	656.0
BCW-201847_01790	gnl|TC-DB|P0AFR7|3.A.1.1.46	92.8	293	21	0	1	293	1	293	9.5e-153	535.8
BCW-201847_01791	gnl|TC-DB|P77716|3.A.1.1.46	91.8	280	23	0	1	280	1	280	1.0e-140	495.7
BCW-201847_01797	gnl|TC-DB|P77481|3.A.1.1.46	83.3	360	60	0	18	377	1	360	7.6e-171	596.3
BCW-201847_01798	gnl|TC-DB|P76045|1.B.21.1.1	71.1	304	85	3	1	304	1	301	9.6e-132	466.1
BCW-201847_01802	gnl|TC-DB|Q9KN48|3.A.23.1.1	35.0	329	180	5	206	500	193	521	1.4e-42	170.6
BCW-201847_01807	gnl|TC-DB|P77348|3.A.1.5.1	89.0	538	58	1	1	538	1	537	6.2e-291	995.7
BCW-201847_01810	gnl|TC-DB|D4ZZR3|9.B.34.1.3	40.7	167	93	2	247	407	227	393	2.7e-28	122.9
BCW-201847_01811	gnl|TC-DB|P0AAP1|9.B.34.1.2	27.9	172	114	4	249	415	199	365	1.2e-15	81.6
BCW-201847_01812	gnl|TC-DB|M3JA40|1.B.52.2.1	55.7	70	23	2	205	272	294	357	8.7e-13	71.2
BCW-201847_01813	gnl|TC-DB|Q9EYX5|1.A.35.4.1	88.4	327	38	0	1	327	1	327	3.5e-172	600.5
BCW-201847_01815	gnl|TC-DB|P38919|3.A.18.1.1	35.1	325	208	3	22	344	57	380	4.4e-56	215.3
BCW-201847_01823	gnl|TC-DB|P77747|1.B.1.1.21	83.3	377	55	1	1	369	1	377	2.4e-185	644.4
BCW-201847_01828	gnl|TC-DB|P0ABK2|3.D.4.3.2	29.3	365	213	12	5	329	7	366	3.1e-30	129.0
BCW-201847_01832	gnl|TC-DB|P76108|3.A.1.11.9	90.6	381	36	0	1	381	1	381	2.3e-215	744.2
BCW-201847_01833	gnl|TC-DB|P77795|3.A.1.11.9	82.8	337	58	0	1	337	1	337	2.1e-156	548.1
BCW-201847_01834	gnl|TC-DB|P77156|3.A.1.11.9	90.4	303	29	0	12	314	11	313	1.7e-152	535.0
BCW-201847_01835	gnl|TC-DB|P0AFR9|3.A.1.11.9	90.1	262	26	0	1	262	1	262	2.5e-131	464.5
BCW-201847_01841	gnl|TC-DB|P33950|3.A.1.5.27	49.0	535	258	2	5	525	4	537	1.7e-147	519.2
BCW-201847_01843	gnl|TC-DB|P76111|2.A.7.21.2	85.9	149	21	0	1	149	1	149	1.4e-64	241.9
BCW-201847_01848	gnl|TC-DB|P76115|1.B.14.9.5	79.2	706	139	2	1	704	1	700	0.0e+00	1164.8
BCW-201847_01850	gnl|TC-DB|P40812|2.A.3.1.8	91.2	487	43	0	1	487	1	487	2.0e-256	880.9
BCW-201847_01856	gnl|TC-DB|P0AEM9|3.A.1.3.10	31.2	221	137	8	73	291	52	259	1.6e-17	86.7
BCW-201847_01858	gnl|TC-DB|Q9F3K6|3.A.1.3.24	40.9	276	156	3	5	280	21	289	4.0e-45	178.3
BCW-201847_01859	gnl|TC-DB|Q9F3K7|3.A.1.3.24	59.0	249	102	0	9	257	5	253	3.5e-82	301.2
BCW-201847_01867	gnl|TC-DB|P0AF32|5.A.3.1.2	83.6	226	37	0	1	226	1	226	9.7e-113	402.5
BCW-201847_01869	gnl|TC-DB|P19318|5.A.3.1.2	90.9	514	47	0	1	514	1	514	8.8e-295	1008.4
BCW-201847_01870	gnl|TC-DB|P19319|5.A.3.1.2	87.7	1245	153	0	1	1245	1	1245	0.0e+00	2346.6
BCW-201847_01871	gnl|TC-DB|P37758|2.A.1.8.10	84.2	457	72	0	1	457	1	457	1.9e-219	758.1
BCW-201847_01873	gnl|TC-DB|P37594|2.A.1.3.14	79.2	495	103	0	1	495	1	495	1.1e-193	672.5
BCW-201847_01875	gnl|TC-DB|P07238|1.B.1.1.5	72.6	358	92	2	6	357	8	365	1.6e-146	515.4
BCW-201847_01876	gnl|TC-DB|V2FAS1|2.A.7.17.1	72.9	292	79	0	1	292	1	292	6.6e-122	433.3
BCW-201847_01877	gnl|TC-DB|P24183|5.A.3.2.1	94.9	195	10	0	1	195	1	195	4.0e-107	383.6
BCW-201847_01878	gnl|TC-DB|P24183|5.A.3.2.1	91.0	803	72	0	1	803	213	1015	0.0e+00	1548.1
BCW-201847_01879	gnl|TC-DB|P0AAJ3|5.A.3.2.1	89.8	294	30	0	1	294	1	294	7.5e-166	579.3
BCW-201847_01880	gnl|TC-DB|P0AEK7|5.A.3.2.1	85.3	217	31	1	1	216	1	217	4.0e-108	387.1
BCW-201847_01888	gnl|TC-DB|Q286Z2|9.B.97.1.2	27.6	330	230	4	2	326	3	328	2.4e-30	129.4
BCW-201847_01896	gnl|TC-DB|P23910|2.A.1.2.14	70.0	383	115	0	1	383	1	383	2.2e-141	498.4
BCW-201847_01900	gnl|TC-DB|P39115|3.A.1.121.3	28.3	566	331	12	1	545	1	512	1.9e-48	190.3
BCW-201847_01912	gnl|TC-DB|P77622|3.A.1.5.38	76.6	308	72	0	1	308	1	308	1.8e-133	471.9
BCW-201847_01913	gnl|TC-DB|P77268|3.A.1.5.38	78.7	324	69	0	1	324	1	324	8.7e-147	516.2
BCW-201847_01914	gnl|TC-DB|P77463|3.A.1.5.38	76.8	298	69	0	1	298	1	298	3.0e-122	434.5
BCW-201847_01915	gnl|TC-DB|P77308|3.A.1.5.38	90.0	340	34	0	1	340	1	340	1.5e-178	621.7
BCW-201847_01916	gnl|TC-DB|P76128|3.A.1.5.38	86.2	507	66	1	8	510	10	516	9.4e-257	882.1
BCW-201847_01922	gnl|TC-DB|P22340|1.B.3.1.2	74.3	505	130	0	1	505	1	505	3.6e-208	720.7
BCW-201847_01923	gnl|TC-DB|P08470|4.A.1.2.1	94.3	456	26	0	1	456	1	456	6.5e-241	829.3
BCW-201847_01935	gnl|TC-DB|O33918|5.A.1.5.1	46.7	689	290	11	1	677	1	624	4.7e-163	571.2
BCW-201847_01951	gnl|TC-DB|B1HGV3|9.B.211.1.1	49.1	324	157	1	5	328	3	318	6.4e-81	297.4
BCW-201847_01953	gnl|TC-DB|P76269|2.A.1.3.17	36.5	457	277	6	11	465	7	452	1.7e-71	266.5
BCW-201847_01955	gnl|TC-DB|Q9HV74|2.A.21.9.1	27.1	225	144	6	267	481	761	975	7.9e-19	91.7
BCW-201847_01957	gnl|TC-DB|Q9ZHD2|1.B.17.3.4	87.6	461	57	0	1	461	1	461	3.5e-226	780.4
BCW-201847_01958	gnl|TC-DB|P77214|2.A.6.1.4	46.7	107	54	3	7	113	4	107	1.5e-18	88.6
BCW-201847_01959	gnl|TC-DB|P77239|2.A.6.1.4	69.6	408	116	4	6	409	1	404	1.0e-160	562.8
BCW-201847_01960	gnl|TC-DB|Q9ZHC9|2.A.6.1.3	95.6	1044	46	0	1	1044	1	1044	0.0e+00	1947.9
BCW-201847_01964	gnl|TC-DB|P77735|8.A.5.1.6	49.4	324	159	4	1	321	1	322	9.2e-83	303.5
BCW-201847_01967	gnl|TC-DB|M4V7W7|1.A.23.1.4	32.1	439	281	7	109	535	122	555	6.8e-56	214.9
BCW-201847_01972	gnl|TC-DB|P9WG63|5.A.1.2.9	32.3	436	242	9	4	395	119	545	1.4e-50	196.8
BCW-201847_01978	gnl|TC-DB|B2N0W4|1.A.46.2.6	79.9	304	61	0	1	304	18	321	3.8e-136	480.7
BCW-201847_01981	gnl|TC-DB|P0AAP1|9.B.34.1.2	32.5	163	110	0	153	315	199	361	1.6e-20	96.7
BCW-201847_01982	gnl|TC-DB|P76330|9.B.34.1.4	33.9	177	111	4	291	463	386	560	2.0e-19	93.6
BCW-201847_01985	gnl|TC-DB|M3JA40|1.B.52.2.1	30.5	220	114	3	367	572	266	460	7.4e-16	82.0
BCW-201847_01993	gnl|TC-DB|P31122|2.A.1.2.15	85.0	394	59	0	1	394	1	394	2.0e-182	634.8
BCW-201847_01994	gnl|TC-DB|P0AEY1|2.A.95.1.1	89.6	221	23	0	1	221	1	221	1.2e-102	369.0
BCW-201847_01998	gnl|TC-DB|P31125|2.A.7.3.2	83.1	296	50	0	1	296	1	296	3.8e-133	470.7
BCW-201847_01999	gnl|TC-DB|P31126|2.A.1.2.55	68.2	390	123	1	1	390	1	389	6.6e-149	523.5
BCW-201847_02000	gnl|TC-DB|O05703|3.A.1.15.3	53.0	185	86	1	29	212	317	501	2.9e-50	194.9
BCW-201847_02001	gnl|TC-DB|Q9L3S2|3.A.1.4.4	48.8	215	108	2	14	227	4	217	9.2e-50	193.4
BCW-201847_02002	gnl|TC-DB|Q9L3S3|3.A.1.4.4	44.2	260	125	3	24	265	5	262	1.2e-50	196.4
BCW-201847_02003	gnl|TC-DB|Q9L3S4|3.A.1.4.4	42.4	311	176	2	45	353	30	339	8.2e-58	220.7
BCW-201847_02004	gnl|TC-DB|Q8NRW0|3.A.1.4.5	43.5	294	160	2	228	521	4	291	3.8e-59	225.7
BCW-201847_02005	gnl|TC-DB|Q9L3S6|3.A.1.4.4	47.0	385	181	9	25	407	49	412	1.4e-93	339.7
BCW-201847_02013	gnl|TC-DB|P76103|2.A.46.1.9	68.3	375	119	0	9	383	9	383	4.2e-140	494.2
BCW-201847_02017	gnl|TC-DB|P33950|3.A.1.5.27	50.9	544	252	3	1	530	3	545	1.0e-160	563.1
BCW-201847_02020	gnl|TC-DB|P25396|2.A.16.1.1	82.6	327	57	0	7	333	3	329	2.6e-154	541.2
BCW-201847_02024	gnl|TC-DB|P09551|3.A.1.3.1	44.9	247	134	1	5	249	7	253	6.6e-57	217.2
BCW-201847_02034	gnl|TC-DB|P0ABK2|3.D.4.3.2	28.3	364	214	10	8	330	10	367	2.7e-34	142.5
BCW-201847_02052	gnl|TC-DB|Q9I2M0|3.A.1.109.4	40.4	389	225	4	3	385	6	393	1.3e-75	280.0
BCW-201847_02053	gnl|TC-DB|Q9I2M1|3.A.1.109.4	42.8	706	396	7	5	708	17	716	5.1e-139	491.5
BCW-201847_02056	gnl|TC-DB|P30750|3.A.1.24.1	93.3	343	23	0	1	343	1	343	5.3e-179	623.2
BCW-201847_02057	gnl|TC-DB|P31547|3.A.1.24.1	96.8	217	7	0	1	217	1	217	4.8e-77	283.9
BCW-201847_02058	gnl|TC-DB|P28635|3.A.1.24.1	96.7	271	9	0	1	271	1	271	3.2e-147	517.3
BCW-201847_02078	gnl|TC-DB|P0A943|1.B.33.1.3	88.7	813	81	2	1	805	1	810	0.0e+00	1476.8
BCW-201847_02095	gnl|TC-DB|Q8ZRP7|3.A.1.13.1	75.4	264	65	0	1	264	1	264	1.5e-112	402.1
BCW-201847_02096	gnl|TC-DB|I7MT28|1.A.62.2.2	89.7	203	21	0	1	203	1	203	1.9e-99	358.2
BCW-201847_02098	gnl|TC-DB|A8ALD3|2.A.49.5.5	82.4	461	81	0	1	461	1	461	1.4e-206	715.3
BCW-201847_02100	gnl|TC-DB|P06972|3.A.1.14.3	84.8	660	100	0	1	660	1	660	3.3e-310	1060.1
BCW-201847_02101	gnl|TC-DB|P07822|3.A.1.14.3	73.5	291	77	0	6	296	6	296	6.9e-127	449.9
BCW-201847_02102	gnl|TC-DB|P07821|3.A.1.14.3	92.8	265	19	0	1	265	1	265	2.6e-141	497.7
BCW-201847_02103	gnl|TC-DB|P06971|1.B.14.1.2	59.3	765	267	14	1	739	1	747	1.0e-251	865.9
BCW-201847_02117	gnl|TC-DB|P0AFN6|3.A.1.105.17	92.2	256	20	0	1	256	1	256	1.4e-131	465.3
BCW-201847_02118	gnl|TC-DB|P36879|3.A.1.105.17	93.5	308	20	0	1	308	1	308	4.9e-160	560.1
BCW-201847_02119	gnl|TC-DB|Q8F8H7|2.A.53.3.8	47.4	192	100	1	3	193	540	731	2.2e-53	205.3
BCW-201847_02122	gnl|TC-DB|P36649|1.B.76.1.8	80.3	519	99	1	14	532	1	516	6.8e-250	859.4
BCW-201847_02123	gnl|TC-DB|P0AA95|8.A.2.1.3	95.7	115	5	0	14	128	1	115	5.4e-60	226.5
BCW-201847_02135	gnl|TC-DB|P15993|2.A.3.1.3	93.2	456	31	0	1	456	2	457	5.9e-242	832.8
BCW-201847_02136	gnl|TC-DB|P31435|2.A.2.3.4	45.8	461	247	3	1	460	1	459	3.1e-121	431.8
BCW-201847_02138	gnl|TC-DB|P0AE14|9.B.125.1.1	81.7	284	52	0	1	284	1	284	7.6e-131	463.0
BCW-201847_02142	gnl|TC-DB|P22608|3.A.15.2.1	47.0	381	192	5	81	453	185	563	6.2e-90	327.8
BCW-201847_02143	gnl|TC-DB|P22609|3.A.15.2.1	28.9	332	231	2	65	391	42	373	4.1e-42	168.7
BCW-201847_02149	gnl|TC-DB|P10408|3.A.5.1.1	91.7	900	75	0	1	900	1	900	0.0e+00	1592.0
BCW-201847_02158	gnl|TC-DB|P0ABG4|2.A.103.1.1	90.6	414	39	0	1	414	1	414	8.0e-214	739.2
BCW-201847_02160	gnl|TC-DB|P0A6W3|9.B.146.1.6	97.8	360	8	0	1	360	1	360	4.7e-202	699.9
BCW-201847_02175	gnl|TC-DB|P31675|2.A.1.20.1	86.0	392	55	0	1	392	1	392	2.1e-187	651.4
BCW-201847_02178	gnl|TC-DB|P31550|3.A.1.19.1	89.0	327	36	0	1	327	1	327	6.6e-171	596.3
BCW-201847_02179	gnl|TC-DB|P31549|3.A.1.19.1	82.5	536	94	0	1	536	1	536	8.7e-253	869.0
BCW-201847_02180	gnl|TC-DB|P31548|3.A.1.19.1	76.2	231	55	0	1	231	1	231	2.5e-95	344.7
BCW-201847_02190	gnl|TC-DB|P31554|1.B.42.1.2	82.9	784	133	1	1	783	1	784	0.0e+00	1392.1
BCW-201847_02197	gnl|TC-DB|P03819|2.A.37.1.1	86.0	621	86	1	1	621	1	620	6.2e-295	1009.2
BCW-201847_02198	gnl|TC-DB|P0A754|2.A.37.1.1	89.2	176	19	0	1	176	1	176	4.4e-97	350.1
BCW-201847_02206	gnl|TC-DB|B3WB09|4.A.6.1.13	30.8	146	96	2	6	150	157	298	3.0e-15	78.2
BCW-201847_02207	gnl|TC-DB|V7RE14|4.A.6.1.19	31.8	267	167	7	4	265	3	259	1.9e-27	119.4
BCW-201847_02208	gnl|TC-DB|D0ZLR4|4.A.6.1.17	37.2	269	165	2	2	269	16	281	2.5e-46	182.2
BCW-201847_02213	gnl|TC-DB|B8I766|9.B.105.1.5	33.3	144	87	4	13	153	2	139	3.8e-13	71.2
BCW-201847_02218	gnl|TC-DB|P13738|2.A.33.1.1	75.5	384	94	0	1	384	1	384	9.1e-159	556.2
BCW-201847_02220	gnl|TC-DB|P0A6Y8|1.A.33.1.2	96.2	638	23	1	1	637	1	638	0.0e+00	1162.5
BCW-201847_02221	gnl|TC-DB|P0AC98|2.A.96.1.1	87.8	188	23	0	1	188	1	188	6.0e-92	333.2
BCW-201847_02222	gnl|TC-DB|Q5ZYB5|3.A.7.9.1	33.0	415	268	5	10	419	2	411	4.9e-52	201.8
BCW-201847_02225	gnl|TC-DB|P30143|2.A.25.1.10	69.3	476	146	0	1	476	1	476	4.0e-185	644.0
BCW-201847_02242	gnl|TC-DB|P43672|3.A.1.120.6	33.8	512	328	6	21	527	18	523	1.9e-77	286.6
BCW-201847_02245	gnl|TC-DB|P24518|4.B.1.1.1	92.7	410	30	0	1	410	1	410	5.8e-233	802.7
BCW-201847_02254	gnl|TC-DB|P45420|1.B.11.5.1	35.9	804	493	12	9	804	4	793	7.9e-141	497.7
BCW-201847_02276	gnl|TC-DB|P76330|9.B.34.1.4	34.2	184	113	3	172	349	381	562	5.5e-22	101.7
BCW-201847_02278	gnl|TC-DB|Q9KSH4|4.A.3.2.6	51.5	425	202	1	8	432	7	427	2.0e-122	435.6
BCW-201847_02283	gnl|TC-DB|Q8FA71|2.A.79.2.1	88.4	250	29	0	8	257	27	276	4.6e-127	450.3
BCW-201847_02296	gnl|TC-DB|M3JA40|1.B.52.2.1	57.4	68	29	0	397	464	283	350	7.2e-14	75.5
BCW-201847_02304	gnl|TC-DB|Q9RPV1|2.A.1.14.9	72.7	425	109	2	15	432	25	449	1.5e-173	605.5
BCW-201847_02309	gnl|TC-DB|Q8ZJY5|2.A.114.1.10	92.1	717	56	1	1	717	1	716	0.0e+00	1307.7
BCW-201847_02311	gnl|TC-DB|P94400|9.B.10.1.1	26.8	380	192	13	1	308	1	366	1.1e-24	110.5
BCW-201847_02320	gnl|TC-DB|P46482|8.A.1.7.1	24.9	325	189	8	9	326	7	283	1.5e-14	77.0
BCW-201847_02332	gnl|TC-DB|Q01674|1.B.14.1.17	42.0	674	367	8	36	696	48	710	3.3e-159	558.5
BCW-201847_02340	gnl|TC-DB|A7ZUZ0|2.A.2.1.1	30.6	428	274	10	16	426	11	432	1.0e-39	161.0
BCW-201847_02350	gnl|TC-DB|P16552|2.A.1.5.2	40.9	379	219	4	32	405	35	413	4.3e-74	275.0
BCW-201847_02386	gnl|TC-DB|P75683|2.A.2.3.5	97.2	458	13	0	2	459	3	460	8.8e-254	872.1
BCW-201847_02393	gnl|TC-DB|Q11G42|2.A.118.1.2	57.2	465	198	1	3	466	12	476	8.6e-140	493.4
BCW-201847_02399	gnl|TC-DB|P36640|3.A.3.4.1	83.7	902	147	0	1	902	1	902	0.0e+00	1492.2
BCW-201847_02401	gnl|TC-DB|P36672|4.A.1.2.4	86.9	472	62	0	1	472	2	473	1.0e-236	815.5
BCW-201847_02402	gnl|TC-DB|Q05839|8.A.9.1.1	30.7	525	294	12	7	504	109	590	1.4e-67	253.8
BCW-201847_02405	gnl|TC-DB|P77579|4.A.2.1.11	37.6	364	195	7	127	459	38	400	1.9e-54	209.9
BCW-201847_02407	gnl|TC-DB|P54745|4.A.2.1.3	49.3	148	75	0	1	148	21	168	6.4e-33	137.1
BCW-201847_02427	gnl|TC-DB|M3JA40|1.B.52.2.1	50.6	83	38	1	331	410	257	339	1.1e-13	74.7
BCW-201847_02428	gnl|TC-DB|P37772|3.A.1.2.25	97.2	327	9	0	1	327	1	327	1.4e-171	598.6
BCW-201847_02429	gnl|TC-DB|P39328|3.A.1.2.25	85.3	340	50	0	1	340	2	341	3.9e-158	553.9
BCW-201847_02430	gnl|TC-DB|Q6BEX0|3.A.1.2.25	93.6	500	32	0	1	500	1	500	3.7e-266	913.3
BCW-201847_02431	gnl|TC-DB|P39325|3.A.1.2.25	94.3	318	18	0	1	318	1	318	8.7e-168	585.9
BCW-201847_02437	gnl|TC-DB|P39321|9.B.22.1.2	85.4	1259	183	1	1	1258	1	1259	0.0e+00	2174.1
BCW-201847_02438	gnl|TC-DB|P0ADE4|1.B.33.2.4	87.9	577	70	0	1	577	1	577	1.7e-307	1050.8
BCW-201847_02445	gnl|TC-DB|Q6D188|2.A.2.5.2	40.0	502	287	6	7	500	4	499	4.6e-102	368.2
BCW-201847_02446	gnl|TC-DB|Q0PBV6|9.A.40.2.2	23.0	427	323	4	5	428	26	449	3.9e-33	139.0
BCW-201847_02454	gnl|TC-DB|P39314|2.A.7.3.19	83.2	321	54	0	1	321	1	321	1.9e-154	541.6
BCW-201847_02455	gnl|TC-DB|M3JA40|1.B.52.2.1	53.8	65	30	0	346	410	275	339	4.0e-11	66.2
BCW-201847_02457	gnl|TC-DB|P0AAE0|2.A.3.1.7	95.5	469	21	0	1	469	1	469	8.4e-252	865.5
BCW-201847_02469	gnl|TC-DB|P69820|4.A.7.1.1	87.0	154	20	0	1	154	1	154	8.8e-73	269.2
BCW-201847_02470	gnl|TC-DB|P69822|4.A.7.1.1	97.0	101	3	0	1	101	1	101	2.8e-51	197.2
BCW-201847_02471	gnl|TC-DB|P39301|4.A.7.1.1	95.3	465	22	0	1	465	1	465	9.2e-251	862.1
BCW-201847_02477	gnl|TC-DB|M3JA40|1.B.52.2.1	48.2	83	40	1	482	564	287	366	1.5e-12	71.2
BCW-201847_02479	gnl|TC-DB|P0C0L7|2.A.1.6.4	35.1	424	253	5	7	415	24	440	1.2e-66	250.4
BCW-201847_02501	gnl|TC-DB|P39285|1.A.23.1.3	88.0	1107	133	0	1	1107	1	1107	0.0e+00	1771.1
BCW-201847_02502	gnl|TC-DB|P39282|2.A.3.7.5	82.4	490	86	0	1	490	1	490	1.0e-231	798.9
BCW-201847_02504	gnl|TC-DB|F9VN10|3.D.10.1.4	40.3	586	325	8	1	581	1	566	1.0e-108	390.6
BCW-201847_02505	gnl|TC-DB|P17596|3.D.10.1.3	28.9	218	150	5	7	219	5	222	8.2e-25	110.5
BCW-201847_02511	gnl|TC-DB|D5CES3|2.A.7.1.10	97.1	105	3	0	1	105	1	105	1.5e-47	184.9
BCW-201847_02513	gnl|TC-DB|P0ADB7|9.B.13.1.1	89.6	48	5	0	1	48	1	48	4.0e-16	79.3
BCW-201847_02520	gnl|TC-DB|P39277|2.A.3.13.1	82.5	411	72	0	1	411	1	411	1.6e-190	661.8
BCW-201847_02523	gnl|TC-DB|P0ABN5|2.A.13.1.1	62.4	434	161	2	1	433	1	433	7.0e-144	506.9
BCW-201847_02525	gnl|TC-DB|P36655|5.A.1.1.1	82.9	568	93	2	1	567	1	565	4.8e-270	926.4
BCW-201847_02535	gnl|TC-DB|A8YQR5|3.A.23.2.1	55.3	159	70	1	1	158	351	509	2.4e-47	185.7
BCW-201847_02537	gnl|TC-DB|Q9FI56|3.A.9.1.2	45.7	865	387	15	12	856	106	907	4.8e-205	711.1
BCW-201847_02540	gnl|TC-DB|P0AC02|1.B.33.1.3	93.9	245	15	0	1	245	1	245	2.9e-131	464.2
BCW-201847_02549	gnl|TC-DB|P07021|1.B.6.1.21	75.2	161	39	1	1	161	1	160	1.4e-65	245.4
BCW-201847_02556	gnl|TC-DB|P0AGD7|3.A.5.1.1	92.5	453	34	0	1	453	1	453	6.4e-233	802.7
BCW-201847_02557	gnl|TC-DB|P64432|9.B.14.3.6	89.6	260	27	0	26	285	1	260	2.7e-128	454.5
BCW-201847_02558	gnl|TC-DB|P37908|9.A.40.2.4	89.7	407	42	0	7	413	22	428	1.7e-203	704.9
BCW-201847_02563	gnl|TC-DB|P0A937|1.B.33.1.3	91.0	111	10	0	1	111	1	111	3.0e-54	207.2
BCW-201847_02584	gnl|TC-DB|Q7W286|1.B.54.1.5	25.4	578	356	20	176	733	1286	1808	4.9e-12	72.0
BCW-201847_02586	gnl|TC-DB|Q9I2M1|3.A.1.109.4	38.4	672	410	3	40	711	42	709	2.4e-128	456.1
BCW-201847_02587	gnl|TC-DB|Q9I2M0|3.A.1.109.4	39.9	368	217	4	29	393	27	393	1.9e-66	249.6
BCW-201847_02599	gnl|TC-DB|C4ZZU4|2.A.1.14.40	29.6	453	287	7	1	439	1	435	8.7e-49	191.0
BCW-201847_02608	gnl|TC-DB|P0AE42|9.B.12.2.1	90.4	52	5	0	1	52	1	52	2.8e-23	103.2
BCW-201847_02613	gnl|TC-DB|A8ANM6|2.A.104.1.1	91.9	149	12	0	1	149	1	149	3.4e-74	273.9
BCW-201847_02620	gnl|TC-DB|P14175|3.A.1.12.1	93.5	400	26	0	1	400	1	400	1.5e-212	734.9
BCW-201847_02621	gnl|TC-DB|P14176|3.A.1.12.1	80.8	354	68	0	1	354	1	354	2.2e-151	531.6
BCW-201847_02622	gnl|TC-DB|P0AFM2|3.A.1.12.1	83.7	331	53	1	1	331	1	330	1.0e-166	582.4
BCW-201847_02623	gnl|TC-DB|P76628|2.A.1.36.3	84.8	394	60	0	1	394	1	394	2.2e-173	604.7
BCW-201847_02625	gnl|TC-DB|P27303|8.A.1.1.1	81.5	390	72	0	1	390	1	390	6.9e-175	609.8
BCW-201847_02626	gnl|TC-DB|P0AEJ0|2.A.1.3.2	92.0	515	38	1	1	515	1	512	1.4e-271	931.4
BCW-201847_02631	gnl|TC-DB|E1P8P0|9.B.27.3.1	88.7	142	16	0	1	142	1	142	7.8e-68	252.7
BCW-201847_02644	gnl|TC-DB|Q5FA63|3.A.1.15.10	40.5	306	157	4	8	292	6	307	2.0e-54	209.1
BCW-201847_02645	gnl|TC-DB|A1IQK4|3.A.1.15.10	53.9	271	124	1	3	273	4	273	1.7e-69	259.2
BCW-201847_02646	gnl|TC-DB|A1IQK5|3.A.1.15.10	41.1	202	118	1	2	202	13	214	4.9e-37	151.0
BCW-201847_02648	gnl|TC-DB|P56579|4.A.4.1.1	95.7	187	8	0	1	187	1	187	8.3e-102	365.9
BCW-201847_02649	gnl|TC-DB|P56580|4.A.4.1.1	91.9	320	24	2	1	319	1	319	3.7e-150	527.3
BCW-201847_02650	gnl|TC-DB|P05706|4.A.4.1.1	74.6	118	30	0	1	118	1	118	9.9e-48	185.7
BCW-201847_02655	gnl|TC-DB|Q9KN48|3.A.23.1.1	42.1	266	149	1	187	452	193	453	4.4e-49	192.2
BCW-201847_02658	gnl|TC-DB|P23516|2.A.52.1.1	53.0	336	154	2	9	340	16	351	5.0e-97	350.9
BCW-201847_02660	gnl|TC-DB|Q5P036|5.A.3.11.1	33.3	171	89	8	10	163	5	167	1.8e-16	82.4
BCW-201847_02662	gnl|TC-DB|P24241|4.A.1.2.3	89.0	480	52	1	1	479	1	480	3.4e-232	800.4
BCW-201847_02663	gnl|TC-DB|Q86Z14|8.A.49.1.2	24.9	490	288	18	4	473	81	510	2.6e-35	146.4
BCW-201847_02666	gnl|TC-DB|P16433|3.D.1.9.2	91.8	255	21	0	1	255	1	255	8.3e-137	482.6
BCW-201847_02667	gnl|TC-DB|P16432|3.D.1.9.2	90.5	179	17	0	1	179	1	179	2.0e-81	298.1
BCW-201847_02668	gnl|TC-DB|P16431|3.D.1.9.2	94.0	569	34	0	1	569	1	569	0.0e+00	1115.9
BCW-201847_02669	gnl|TC-DB|P16430|3.D.1.9.2	83.4	307	51	0	1	307	1	307	3.7e-139	490.7
BCW-201847_02670	gnl|TC-DB|P16429|3.D.1.9.2	76.3	608	140	1	1	604	1	608	4.7e-263	903.3
BCW-201847_02671	gnl|TC-DB|P0AAK3|3.D.1.9.2	87.0	200	26	0	1	200	1	200	4.8e-95	343.6
BCW-201847_02678	gnl|TC-DB|Q9KN48|3.A.23.1.1	42.8	278	156	2	330	606	143	418	2.9e-51	199.9
BCW-201847_02687	gnl|TC-DB|C5W789|2.A.1.3.36	31.4	194	126	2	7	197	19	208	1.5e-20	97.1
BCW-201847_02690	gnl|TC-DB|B7LEG0|1.A.34.1.2	67.4	380	117	2	1	374	1	379	9.7e-126	446.4
BCW-201847_02709	gnl|TC-DB|P20166|4.A.1.1.9	47.6	521	247	10	14	519	6	515	7.6e-121	430.6
BCW-201847_02717	gnl|TC-DB|Q93N33|2.A.21.9.2	30.8	273	166	8	265	522	752	1016	6.0e-20	96.3
BCW-201847_02721	gnl|TC-DB|C4ZZU4|2.A.1.14.40	93.5	447	29	0	1	447	1	447	1.0e-246	848.6
BCW-201847_02728	gnl|TC-DB|P0AAD6|2.A.42.2.1	92.1	429	34	0	1	429	1	429	2.1e-217	751.1
BCW-201847_02744	gnl|TC-DB|Q6MDD6|3.A.7.16.1	28.0	565	310	14	40	589	219	701	8.0e-37	151.8
BCW-201847_02754	gnl|TC-DB|Q9HY55|4.A.2.1.17	37.0	568	338	8	170	733	402	953	4.1e-83	305.8
BCW-201847_02758	gnl|TC-DB|P0A9T4|8.A.5.1.5	91.0	346	31	0	1	346	1	346	6.5e-185	642.9
BCW-201847_02759	gnl|TC-DB|P39196|2.A.1.42.1	85.9	396	56	0	1	396	1	396	5.0e-189	656.8
BCW-201847_02760	gnl|TC-DB|P31119|4.C.1.1.16	87.7	718	88	0	1	718	1	718	0.0e+00	1285.8
BCW-201847_02765	gnl|TC-DB|U5MFA1|4.A.3.2.9	94.3	440	23	1	1	440	1	438	6.5e-230	792.7
BCW-201847_02772	gnl|TC-DB|Q93KC0|3.A.1.1.11	90.9	296	27	0	1	296	1	296	1.8e-151	531.6
BCW-201847_02773	gnl|TC-DB|Q93KB9|3.A.1.1.11	90.7	300	28	0	1	300	1	300	7.2e-156	546.2
BCW-201847_02774	gnl|TC-DB|Q93KB8|3.A.1.1.11	81.6	375	69	0	1	375	1	375	3.4e-179	624.0
BCW-201847_02775	gnl|TC-DB|Q93KB7|3.A.1.1.11	78.3	429	92	1	1	428	1	429	9.5e-202	699.1
BCW-201847_02776	gnl|TC-DB|P0AE24|2.A.1.1.2	92.2	472	36	1	1	471	1	472	8.2e-247	849.0
BCW-201847_02780	gnl|TC-DB|D6DXH3|1.B.35.1.5	91.6	227	19	0	1	227	1	227	5.0e-125	443.4
BCW-201847_02783	gnl|TC-DB|Q8XG43|2.A.117.1.3	80.4	148	29	0	1	148	10	157	4.3e-64	240.4
BCW-201847_02784	gnl|TC-DB|P63340|2.A.42.2.5	83.8	407	66	0	1	407	1	407	4.7e-190	660.2
BCW-201847_02793	gnl|TC-DB|Q8TZQ3|3.A.1.1.16	51.7	242	115	1	13	252	13	254	2.8e-66	248.8
BCW-201847_02795	gnl|TC-DB|Q86Z14|8.A.49.1.2	25.3	478	306	12	6	472	81	518	5.6e-38	155.2
BCW-201847_02797	gnl|TC-DB|P02943|1.B.3.1.1	26.8	473	291	20	1	445	1	446	2.8e-31	132.9
BCW-201847_02799	gnl|TC-DB|Q9KSH4|4.A.3.2.6	34.4	424	272	3	5	423	6	428	3.3e-74	275.4
BCW-201847_02800	gnl|TC-DB|Q9KSH5|4.A.3.2.6	51.5	101	49	0	1	101	1	101	2.7e-22	100.9
BCW-201847_02801	gnl|TC-DB|Q9KSH4|4.A.3.2.6	51.5	435	209	1	4	438	6	438	1.0e-129	459.9
BCW-201847_02802	gnl|TC-DB|P69791|4.A.3.2.1	65.3	101	35	0	2	102	16	116	1.8e-29	124.8
BCW-201847_02811	gnl|TC-DB|B7LEG0|1.A.34.1.2	44.1	263	87	4	2	205	116	377	6.2e-53	203.8
BCW-201847_02822	gnl|TC-DB|P67153|1.C.113.1.10	90.8	218	20	0	1	218	1	218	2.8e-109	391.0
BCW-201847_02824	gnl|TC-DB|Q86Z14|8.A.49.1.2	26.1	483	295	16	5	477	80	510	9.7e-38	154.5
BCW-201847_02839	gnl|TC-DB|P11667|2.A.75.1.2	90.5	211	20	0	1	211	1	211	1.4e-108	388.7
BCW-201847_02840	gnl|TC-DB|P0C0S1|1.A.23.2.1	84.5	284	44	0	1	284	1	284	6.9e-116	413.3
BCW-201847_02846	gnl|TC-DB|O24779|1.B.25.1.3	62.0	424	159	2	1	422	2	425	4.9e-150	527.3
BCW-201847_02865	gnl|TC-DB|P0AEP1|2.A.1.1.1	95.3	465	21	1	1	465	1	464	1.1e-251	865.1
BCW-201847_02872	gnl|TC-DB|P24559|3.A.15.2.1	47.4	327	169	1	1	324	1	327	8.9e-78	287.0
BCW-201847_02874	gnl|TC-DB|P64564|9.A.4.1.2	86.2	188	26	0	1	188	1	188	3.2e-85	310.8
BCW-201847_02885	gnl|TC-DB|P0AFF4|2.A.1.10.1	83.5	418	69	0	1	418	1	418	7.8e-201	696.0
BCW-201847_02893	gnl|TC-DB|Q8VS41|2.A.24.2.5	81.7	453	82	1	1	452	1	453	6.5e-209	723.0
BCW-201847_02897	gnl|TC-DB|Q46831|9.B.120.1.1	81.0	237	43	1	1	237	1	235	3.5e-97	350.9
BCW-201847_02906	gnl|TC-DB|P69434|1.B.55.1.1	42.2	793	439	8	26	812	28	807	6.0e-173	604.4
BCW-201847_02908	gnl|TC-DB|P75905|4.D.1.1.3	65.3	438	151	1	1	438	1	437	1.2e-170	595.9
BCW-201847_02915	gnl|TC-DB|P63144|8.A.5.1.3	36.0	317	189	7	8	318	66	374	1.4e-46	183.3
BCW-201847_02920	gnl|TC-DB|P0ABV2|1.A.30.2.1	79.4	141	29	0	1	141	1	141	3.6e-57	217.2
BCW-201847_02921	gnl|TC-DB|P0ABU7|1.A.30.2.1	84.0	244	38	1	1	243	1	244	1.0e-104	375.9
BCW-201847_02923	gnl|TC-DB|P0AA60|9.B.27.2.1	87.7	219	27	0	1	219	1	219	1.1e-108	389.0
BCW-201847_02926	gnl|TC-DB|P80874|8.A.5.1.4	36.0	150	73	7	17	145	15	162	3.0e-15	79.0
BCW-201847_02928	gnl|TC-DB|P23849|2.A.38.1.6	70.3	485	144	0	7	491	1	485	6.4e-202	699.9
BCW-201847_02929	gnl|TC-DB|P36649|1.B.76.1.8	32.0	513	285	10	5	459	3	509	2.9e-63	239.2
BCW-201847_02938	gnl|TC-DB|P96517|2.A.1.5.4	37.4	409	251	3	1	404	1	409	6.1e-68	254.6
BCW-201847_02943	gnl|TC-DB|P40411|3.A.1.14.15	30.6	327	216	3	27	343	6	331	2.4e-38	156.0
BCW-201847_02944	gnl|TC-DB|Q9S213|3.A.1.14.22	39.2	311	184	3	15	324	36	342	2.5e-45	179.1
BCW-201847_02945	gnl|TC-DB|Q9RCF3|3.A.1.14.6	54.7	254	115	0	10	263	21	274	3.9e-76	281.2
BCW-201847_02946	gnl|TC-DB|Q21EL3|1.B.14.1.24	28.2	720	458	21	17	713	16	699	1.1e-56	218.0
BCW-201847_02952	gnl|TC-DB|P02930|1.B.17.1.1	83.6	495	76	2	1	492	1	493	2.1e-213	738.0
BCW-201847_02956	gnl|TC-DB|P0A8H3|2.A.5.5.1	91.4	257	22	0	1	257	1	257	2.6e-114	407.9
BCW-201847_02966	gnl|TC-DB|P60782|9.B.31.1.1	93.1	204	14	0	1	204	1	204	8.5e-108	386.0
BCW-201847_02967	gnl|TC-DB|Q46909|2.A.1.1.95	25.7	432	291	11	47	477	20	422	1.0e-21	101.3
BCW-201847_02991	gnl|TC-DB|Q9KW03|9.A.33.1.1	40.2	169	95	2	2	165	5	172	6.6e-28	122.1
BCW-201847_03011	gnl|TC-DB|M3JA40|1.B.52.2.1	47.9	73	38	0	327	399	260	332	2.9e-11	66.6
BCW-201847_03019	gnl|TC-DB|P76142|3.A.1.2.8	83.5	334	51	1	4	333	7	340	4.1e-160	560.5
BCW-201847_03020	gnl|TC-DB|P0AFS1|3.A.1.2.8	70.8	325	95	0	1	325	3	327	1.4e-120	429.1
BCW-201847_03021	gnl|TC-DB|P77672|3.A.1.2.8	66.1	322	109	0	1	322	2	323	2.1e-111	398.7
BCW-201847_03022	gnl|TC-DB|P77257|3.A.1.2.8	60.9	493	190	2	3	492	10	502	8.8e-167	583.2
BCW-201847_03029	gnl|TC-DB|P42601|2.A.109.1.7	86.8	319	42	0	1	319	1	319	8.5e-155	542.7
BCW-201847_03030	gnl|TC-DB|P0AGE4|2.A.23.4.1	89.8	413	41	1	1	412	1	413	7.5e-196	679.5
BCW-201847_03033	gnl|TC-DB|P0AA78|2.A.1.14.2	89.3	431	46	0	1	431	41	471	3.9e-219	756.9
BCW-201847_03035	gnl|TC-DB|P0AA63|9.B.27.2.2	93.6	220	14	0	1	220	1	220	2.9e-114	407.5
BCW-201847_03039	gnl|TC-DB|P64585|1.E.34.2.1	80.8	130	25	0	1	130	1	130	7.3e-52	199.5
BCW-201847_03043	gnl|TC-DB|P64591|9.B.124.1.2	80.7	119	23	0	1	119	1	119	4.3e-59	223.4
BCW-201847_03047	gnl|TC-DB|P42628|2.A.42.2.4	91.9	443	36	0	1	443	1	443	2.2e-225	777.7
BCW-201847_03051	gnl|TC-DB|P0AAD8|2.A.42.2.2	88.5	443	51	0	1	443	1	443	3.2e-221	763.8
BCW-201847_03061	gnl|TC-DB|Q9KIQ4|4.A.6.1.4	90.4	157	15	0	1	157	13	169	1.4e-78	288.5
BCW-201847_03062	gnl|TC-DB|Q9KIQ3|4.A.6.1.4	85.7	259	37	0	1	259	1	259	6.3e-100	360.1
BCW-201847_03063	gnl|TC-DB|Q9KIQ2|4.A.6.1.4	93.5	292	19	0	1	292	1	292	1.2e-150	528.9
BCW-201847_03064	gnl|TC-DB|P26379|4.A.6.1.2	30.6	108	75	0	1	108	1	108	5.0e-14	73.9
BCW-201847_03068	gnl|TC-DB|P19642|4.A.1.1.3	52.9	527	242	3	1	523	1	525	7.9e-150	526.9
BCW-201847_03086	gnl|TC-DB|P0AAD2|2.A.42.1.2	92.5	414	31	0	1	414	1	414	8.3e-219	755.7
BCW-201847_03087	gnl|TC-DB|P38919|3.A.18.1.1	35.8	386	238	3	3	379	27	411	4.0e-63	239.2
BCW-201847_03100	gnl|TC-DB|P0AG99|3.A.5.1.1	90.9	110	10	0	1	110	1	110	2.2e-46	181.0
BCW-201847_03103	gnl|TC-DB|P25694|3.A.16.1.2	43.3	252	142	1	140	390	472	723	4.3e-57	219.2
BCW-201847_03111	gnl|TC-DB|E1ILD8|2.A.7.3.18	89.1	321	35	0	1	321	1	321	1.4e-160	562.0
BCW-201847_03118	gnl|TC-DB|P64602|3.A.1.27.3	62.9	97	36	0	1	97	1	97	3.4e-30	127.1
BCW-201847_03119	gnl|TC-DB|P0ADV7|3.A.1.27.3	89.1	211	23	0	1	211	1	211	3.3e-107	384.0
BCW-201847_03120	gnl|TC-DB|P64604|3.A.1.27.3	78.0	182	35	1	1	177	1	182	1.4e-77	285.4
BCW-201847_03121	gnl|TC-DB|P64606|3.A.1.27.3	95.0	260	13	0	1	260	1	260	1.3e-132	468.8
BCW-201847_03122	gnl|TC-DB|P63386|3.A.1.27.3	90.6	266	25	0	1	266	1	266	2.6e-133	471.1
BCW-201847_03123	gnl|TC-DB|P45394|2.A.19.5.1	80.5	323	63	0	1	323	1	323	1.7e-139	491.9
BCW-201847_03126	gnl|TC-DB|P0ADW0|1.B.42.1.2	82.2	191	34	0	1	191	1	191	9.7e-90	325.9
BCW-201847_03127	gnl|TC-DB|P0ADV1|1.B.42.1.2	83.8	185	29	1	1	184	1	185	4.5e-84	307.0
BCW-201847_03128	gnl|TC-DB|P0A9V1|1.B.42.1.2	94.2	241	14	0	1	241	1	241	8.7e-128	452.6
BCW-201847_03131	gnl|TC-DB|P71012|4.A.2.1.4	27.5	149	106	2	8	155	1	148	4.5e-11	64.3
BCW-201847_03133	gnl|TC-DB|H1XXZ0|8.A.8.1.5	36.4	88	55	1	3	90	2	88	1.5e-11	65.1
BCW-201847_03137	gnl|TC-DB|P0ADC6|1.B.42.1.2	93.3	360	24	0	1	360	1	360	5.0e-188	653.3
BCW-201847_03138	gnl|TC-DB|P0AF98|1.B.42.1.2	88.0	366	44	0	1	366	1	366	2.6e-176	614.4
BCW-201847_03150	gnl|TC-DB|P45420|1.B.11.5.1	39.9	776	450	11	34	804	29	793	8.9e-161	563.9
BCW-201847_03154	gnl|TC-DB|P0ACA3|1.A.12.3.1	95.7	211	9	0	1	211	1	211	7.9e-117	416.0
BCW-201847_03167	gnl|TC-DB|P46481|2.A.85.1.2	85.8	655	93	0	1	655	1	655	0.0e+00	1114.0
BCW-201847_03168	gnl|TC-DB|P46482|8.A.1.7.1	88.7	310	35	0	1	310	1	310	1.2e-153	538.9
BCW-201847_03169	gnl|TC-DB|D7XN98|8.A.48.1.2	97.0	67	2	0	1	67	24	90	1.2e-31	131.3
BCW-201847_03176	gnl|TC-DB|P0ABH4|9.B.157.1.3	93.8	162	10	0	1	162	1	162	2.2e-82	301.2
BCW-201847_03177	gnl|TC-DB|P16926|9.B.157.1.3	95.6	320	12	1	1	320	1	318	9.2e-168	585.9
BCW-201847_03178	gnl|TC-DB|P0A9X4|9.B.157.1.3	100.0	347	0	0	1	347	1	347	1.7e-193	671.4
BCW-201847_03182	gnl|TC-DB|Q8XB73|5.B.7.1.1	83.1	195	33	0	1	195	1	195	6.6e-89	323.2
BCW-201847_03187	gnl|TC-DB|P16256|2.A.21.1.1	89.6	483	50	0	1	483	1	483	4.6e-229	790.0
BCW-201847_03193	gnl|TC-DB|P0AAP1|9.B.34.1.2	30.4	224	138	2	209	416	144	365	8.6e-19	92.0
BCW-201847_03195	gnl|TC-DB|P0AE06|8.A.1.6.1	70.5	366	100	2	8	369	14	375	1.7e-138	488.8
BCW-201847_03196	gnl|TC-DB|P24181|2.A.6.2.1	84.2	1032	163	0	1	1032	1	1032	0.0e+00	1680.6
BCW-201847_03198	gnl|TC-DB|P45766|3.A.1.3.26	93.0	341	24	0	1	341	1	341	6.9e-187	649.4
BCW-201847_03199	gnl|TC-DB|P45767|3.A.1.3.26	83.0	393	67	0	1	393	1	393	1.8e-186	648.3
BCW-201847_03200	gnl|TC-DB|P45768|3.A.1.3.26	90.7	367	34	0	1	367	1	367	1.8e-193	671.4
BCW-201847_03201	gnl|TC-DB|P45769|3.A.1.3.26	95.2	252	12	0	1	252	1	252	3.3e-138	487.3
BCW-201847_03222	gnl|TC-DB|P45522|2.A.37.1.2	90.8	601	55	0	1	601	1	601	5.1e-302	1032.7
BCW-201847_03223	gnl|TC-DB|P0A756|2.A.37.1.2	88.5	183	21	0	1	183	2	184	1.8e-96	348.2
BCW-201847_03224	gnl|TC-DB|Q83XH1|3.A.1.121.4	30.9	547	358	6	1	528	1	546	3.5e-75	279.3
BCW-201847_03228	gnl|TC-DB|O32715|2.A.69.3.3	88.7	319	36	0	1	319	1	319	9.7e-151	529.3
BCW-201847_03229	gnl|TC-DB|O06927|3.B.1.1.4	36.6	164	101	2	52	212	63	226	5.8e-24	107.8
BCW-201847_03230	gnl|TC-DB|O06926|3.B.1.1.4	38.7	243	139	2	4	236	9	251	6.9e-44	174.1
BCW-201847_03233	gnl|TC-DB|O06924|3.B.1.1.4	59.4	529	205	2	30	551	29	554	1.9e-186	648.7
BCW-201847_03239	gnl|TC-DB|P45537|2.A.85.1.3	81.9	691	124	1	1	690	5	695	0.0e+00	1139.0
BCW-201847_03245	gnl|TC-DB|P60778|2.A.1.7.14	89.2	389	42	0	1	389	1	389	3.9e-194	673.7
BCW-201847_03258	gnl|TC-DB|Q1R5P6|1.B.22.4.2	75.6	405	99	0	5	409	5	409	5.4e-170	593.6
BCW-201847_03269	gnl|TC-DB|Q9HV74|2.A.21.9.1	28.1	217	138	7	237	437	760	974	1.5e-11	67.4
BCW-201847_03273	gnl|TC-DB|B5XTS8|9.A.8.1.10	88.0	75	9	0	1	75	1	75	3.3e-33	136.7
BCW-201847_03274	gnl|TC-DB|B5XTS7|9.A.8.1.10	89.4	772	82	0	1	772	1	772	0.0e+00	1370.1
BCW-201847_03275	gnl|TC-DB|B5XTS6|9.A.8.1.10	81.0	79	14	1	1	78	1	79	5.5e-31	129.4
BCW-201847_03280	gnl|TC-DB|P39835|2.A.8.1.4	95.2	438	21	0	1	438	1	438	1.2e-215	745.3
BCW-201847_03285	gnl|TC-DB|P09391|9.B.104.1.1	82.2	275	49	0	1	275	1	275	6.0e-133	469.9
BCW-201847_03294	gnl|TC-DB|P67143|2.A.95.1.5	94.4	197	11	0	1	197	1	197	6.1e-95	343.2
BCW-201847_03295	gnl|TC-DB|P0AC96|2.A.8.1.8	96.0	446	18	0	1	446	1	446	9.5e-237	815.5
BCW-201847_03304	gnl|TC-DB|P10907|3.A.1.1.3	91.0	356	32	0	1	356	1	356	2.5e-187	651.0
BCW-201847_03305	gnl|TC-DB|P10906|3.A.1.1.3	88.3	281	33	0	1	281	1	281	3.3e-134	474.2
BCW-201847_03306	gnl|TC-DB|P10905|3.A.1.1.3	91.5	295	25	0	1	295	1	295	2.5e-153	537.7
BCW-201847_03307	gnl|TC-DB|P0AG80|3.A.1.1.3	88.4	438	51	0	1	438	1	438	3.3e-234	807.0
BCW-201847_03308	gnl|TC-DB|P22731|3.A.1.4.1	94.5	237	13	0	1	237	1	237	4.0e-125	443.7
BCW-201847_03309	gnl|TC-DB|P0A9S7|3.A.1.4.1	94.1	255	15	0	1	255	1	255	2.4e-136	481.1
BCW-201847_03310	gnl|TC-DB|P22729|3.A.1.4.1	93.9	425	26	0	1	425	1	425	3.6e-209	723.8
BCW-201847_03311	gnl|TC-DB|P0AEX7|3.A.1.4.1	92.5	308	23	0	1	308	1	308	8.2e-147	516.2
BCW-201847_03312	gnl|TC-DB|P04816|3.A.1.4.1	92.7	369	27	0	1	369	1	369	3.1e-201	697.2
BCW-201847_03314	gnl|TC-DB|P0AD96|3.A.1.4.1	95.9	365	14	1	1	364	3	367	2.2e-199	691.0
BCW-201847_03317	gnl|TC-DB|P0AC31|3.A.1.140.1	91.5	352	29	1	1	351	1	352	7.8e-178	619.4
BCW-201847_03318	gnl|TC-DB|P0A9R7|3.A.1.140.1	97.3	220	6	0	1	220	1	220	8.5e-122	432.6
BCW-201847_03319	gnl|TC-DB|P10121|3.A.5.1.1	95.8	310	13	0	179	488	188	497	1.1e-164	576.2
BCW-201847_03324	gnl|TC-DB|P37617|3.A.3.6.2	77.2	732	163	4	1	728	1	732	9.8e-300	1025.4
BCW-201847_03325	gnl|TC-DB|Q8ZKS0|2.A.56.1.5	43.3	425	237	2	6	427	11	434	9.8e-90	327.0
BCW-201847_03327	gnl|TC-DB|P43020|2.A.56.1.5	34.7	268	167	6	41	304	42	305	2.4e-40	162.5
BCW-201847_03329	gnl|TC-DB|B3WJF3|2.A.88.8.6	92.7	220	16	0	1	220	1	220	9.5e-113	402.5
BCW-201847_03331	gnl|TC-DB|P37621|2.A.1.46.7	81.2	405	76	0	1	405	1	405	2.1e-182	634.8
BCW-201847_03332	gnl|TC-DB|P0AGM0|2.A.86.1.2	87.0	345	45	0	5	349	5	349	2.3e-161	564.7
BCW-201847_03345	gnl|TC-DB|Q7AA53|2.A.6.8.2	80.7	745	143	1	30	773	5	749	0.0e+00	1152.9
BCW-201847_03352	gnl|TC-DB|P76474|2.A.7.22.1	50.4	125	62	0	3	127	2	126	6.7e-29	123.2
BCW-201847_03353	gnl|TC-DB|P81891|2.A.7.22.2	67.6	105	34	0	7	111	6	110	4.0e-35	143.7
BCW-201847_03354	gnl|TC-DB|G8LJX5|9.B.142.2.2	99.5	551	3	0	1	551	1	551	3.8e-312	1066.2
BCW-201847_03357	gnl|TC-DB|P77757|4.D.2.1.8	84.8	322	49	0	1	322	1	322	1.1e-154	542.3
BCW-201847_03362	gnl|TC-DB|E9RJ18|3.A.7.13.2	34.9	109	63	3	64	164	251	359	4.7e-14	74.3
BCW-201847_03364	gnl|TC-DB|Q7B1W8|2.A.109.1.1	80.6	341	66	0	1	341	1	341	8.5e-161	562.8
BCW-201847_03366	gnl|TC-DB|P70786|2.A.1.14.3	43.7	430	240	2	6	435	13	440	5.2e-102	367.9
BCW-201847_03371	gnl|TC-DB|P0AFJ7|2.A.20.1.1	89.4	500	51	2	1	499	1	499	7.5e-251	862.4
BCW-201847_03372	gnl|TC-DB|P0A8S5|9.B.4.1.1	92.8	111	8	0	1	111	1	111	5.9e-55	209.5
BCW-201847_03385	gnl|TC-DB|P37642|9.B.126.1.1	83.8	339	51	1	1	339	1	335	1.1e-157	552.4
BCW-201847_03386	gnl|TC-DB|P37643|2.A.1.6.10	90.5	440	42	0	1	440	1	440	3.9e-219	756.9
BCW-201847_03387	gnl|TC-DB|P37645|9.B.121.1.1	85.0	686	97	1	1	680	1	686	0.0e+00	1180.2
BCW-201847_03391	gnl|TC-DB|P0A830|2.A.23.1.7	93.2	428	29	0	1	428	1	428	1.4e-216	748.4
BCW-201847_03393	gnl|TC-DB|P37650|1.B.55.3.1	74.0	1166	288	6	1	1160	1	1157	0.0e+00	1597.0
BCW-201847_03394	gnl|TC-DB|P37651|4.D.3.1.6	74.7	367	93	0	1	367	1	367	3.9e-172	600.5
BCW-201847_03395	gnl|TC-DB|P37652|4.D.3.1.6	76.9	793	155	2	1	793	13	777	0.0e+00	1233.4
BCW-201847_03396	gnl|TC-DB|P37653|4.D.3.1.6	87.4	872	109	1	1	871	1	872	0.0e+00	1586.2
BCW-201847_03410	gnl|TC-DB|Q6EE14|3.A.23.2.1	52.9	855	398	2	9	862	8	858	7.5e-246	846.7
BCW-201847_03412	gnl|TC-DB|Q6EE16|3.A.23.2.1	34.7	632	378	15	4	622	3	612	2.6e-91	332.8
BCW-201847_03424	gnl|TC-DB|Q6EE20|3.A.23.2.1	50.0	466	225	3	32	492	28	490	1.2e-134	476.5
BCW-201847_03428	gnl|TC-DB|Q9KN45|3.A.23.1.1	24.8	1212	799	29	23	1198	31	1166	6.1e-89	325.9
BCW-201847_03429	gnl|TC-DB|Q9KN50|3.A.23.1.1	35.9	223	135	5	20	238	37	255	3.6e-33	139.0
BCW-201847_03430	gnl|TC-DB|Q9KN51|3.A.23.1.1	35.7	445	284	2	1	444	1	444	3.0e-81	298.9
BCW-201847_03433	gnl|TC-DB|P07658|3.D.1.9.2	30.1	365	217	9	114	463	61	402	8.8e-41	165.2
BCW-201847_03439	gnl|TC-DB|P0ADL1|2.A.1.2.26	47.7	386	202	0	8	393	9	394	4.2e-87	318.2
BCW-201847_03442	gnl|TC-DB|P06971|1.B.14.1.2	30.9	735	443	20	17	700	27	747	9.1e-85	311.2
BCW-201847_03443	gnl|TC-DB|A6TAG3|1.E.43.1.1	65.9	82	27	1	1	82	1	81	1.1e-24	108.6
BCW-201847_03447	gnl|TC-DB|P76007|2.A.36.6.11	90.3	577	56	0	1	577	1	577	2.1e-297	1017.3
BCW-201847_03452	gnl|TC-DB|P0AFA7|2.A.34.1.1	81.1	512	96	1	1	511	1	512	1.5e-225	778.5
BCW-201847_03453	gnl|TC-DB|P0A6M2|5.A.2.1.1	77.3	176	40	0	1	176	1	176	9.6e-84	305.8
BCW-201847_03461	gnl|TC-DB|P69451|4.C.1.1.4	93.6	561	36	0	12	572	1	561	1.4e-312	1067.8
BCW-201847_03471	gnl|TC-DB|L5DDD7|2.A.109.2.3	49.7	521	244	9	1	509	370	884	7.6e-121	430.6
BCW-201847_03472	gnl|TC-DB|P69797|4.A.6.1.1	89.8	323	30	1	1	320	1	323	2.0e-159	558.1
BCW-201847_03473	gnl|TC-DB|P69801|4.A.6.1.1	94.7	266	14	0	1	266	1	266	3.8e-132	467.2
BCW-201847_03474	gnl|TC-DB|P69805|4.A.6.1.1	91.9	283	23	0	1	283	4	286	2.0e-147	518.1
BCW-201847_03476	gnl|TC-DB|P76264|2.A.107.1.1	87.8	188	23	0	1	188	1	188	6.0e-92	333.2
BCW-201847_03485	gnl|TC-DB|P76269|2.A.1.3.17	82.7	457	79	0	1	457	1	457	8.5e-209	722.6
BCW-201847_03486	gnl|TC-DB|P23894|9.B.1.1.6	94.9	293	15	0	1	293	1	293	9.8e-150	525.8
BCW-201847_03487	gnl|TC-DB|P23865|9.B.174.1.2	91.5	682	58	0	1	682	1	682	0.0e+00	1234.6
BCW-201847_03498	gnl|TC-DB|P76278|9.B.62.1.4	52.4	290	137	1	1	289	1	290	4.7e-80	294.3
BCW-201847_03499	gnl|TC-DB|Q4KDN3|9.B.62.1.5	44.0	109	59	2	15	122	13	120	2.4e-17	84.7
BCW-201847_03512	gnl|TC-DB|B7L5V2|1.A.34.1.3	42.4	210	115	2	198	407	14	217	3.9e-41	165.6
BCW-201847_03513	gnl|TC-DB|P39172|3.A.1.15.5	82.3	226	36	1	1	226	89	310	2.4e-95	344.7
BCW-201847_03515	gnl|TC-DB|P0A9X1|3.A.1.15.5	91.6	251	21	0	1	251	1	251	2.3e-131	464.5
BCW-201847_03516	gnl|TC-DB|P39832|3.A.1.15.5	85.4	261	38	0	1	261	1	261	5.9e-114	406.8
BCW-201847_03528	gnl|TC-DB|P67826|9.B.158.1.2	72.2	245	68	0	1	245	1	245	5.4e-101	363.6
BCW-201847_03532	gnl|TC-DB|Q6D188|2.A.2.5.2	82.8	512	88	0	1	512	1	512	2.0e-241	831.2
BCW-201847_03534	gnl|TC-DB|P40729|3.A.6.2.1	95.4	692	32	0	1	692	1	692	0.0e+00	1236.1
BCW-201847_03535	gnl|TC-DB|P40727|3.A.6.2.1	86.7	383	50	1	1	382	1	383	9.7e-190	659.1
BCW-201847_03540	gnl|TC-DB|M3JA40|1.B.52.2.1	72.9	48	13	0	359	406	292	339	2.3e-11	67.0
BCW-201847_03543	gnl|TC-DB|Q6XBY3|1.B.11.6.1	35.2	833	477	17	9	792	10	828	5.8e-136	481.5
BCW-201847_03547	gnl|TC-DB|P96603|2.A.23.1.6	35.1	419	250	7	7	416	7	412	3.7e-65	245.4
BCW-201847_03550	gnl|TC-DB|P0AF06|1.A.30.1.1	85.1	309	45	1	1	309	1	308	3.9e-149	523.9
BCW-201847_03551	gnl|TC-DB|P09348|1.A.30.1.1	92.9	295	21	0	1	295	1	295	6.4e-149	523.1
BCW-201847_03557	gnl|TC-DB|P0AE26|3.A.1.2.2	94.8	328	15	1	1	326	1	328	2.6e-151	531.2
BCW-201847_03558	gnl|TC-DB|P0AAF3|3.A.1.2.2	87.1	504	65	0	1	504	1	504	2.9e-258	887.1
BCW-201847_03559	gnl|TC-DB|P02924|3.A.1.2.2	95.1	329	16	0	1	329	1	329	6.4e-182	632.9
BCW-201847_03562	gnl|TC-DB|P0ABN9|2.A.13.1.2	55.2	446	196	1	1	446	2	443	2.1e-135	478.8
BCW-201847_03565	gnl|TC-DB|C0QCR7|8.A.59.4.1	40.6	197	102	2	524	705	351	547	2.6e-39	160.2
BCW-201847_03569	gnl|TC-DB|P0AAD4|2.A.42.1.1	81.6	403	74	0	1	403	1	403	2.0e-185	644.8
BCW-201847_03571	gnl|TC-DB|P0AD96|3.A.1.4.1	43.2	359	195	5	13	367	8	361	5.0e-82	301.2
BCW-201847_03572	gnl|TC-DB|P0AEX7|3.A.1.4.1	56.0	302	132	1	5	305	7	308	1.6e-86	315.8
BCW-201847_03573	gnl|TC-DB|P21628|3.A.1.4.8	53.7	415	176	6	7	413	4	410	5.7e-106	380.9
BCW-201847_03574	gnl|TC-DB|P21629|3.A.1.4.8	51.9	285	103	3	1	283	1	253	4.6e-75	277.7
BCW-201847_03575	gnl|TC-DB|P22731|3.A.1.4.1	57.8	237	100	0	1	237	1	237	1.6e-70	262.3
BCW-201847_03582	gnl|TC-DB|P11551|2.A.1.7.1	91.3	438	36	1	1	436	1	438	3.9e-227	783.5
BCW-201847_03588	gnl|TC-DB|K0WKG7|4.F.1.1.8	60.9	174	66	1	4	175	2	175	2.9e-51	198.0
BCW-201847_03593	gnl|TC-DB|P37774|3.A.1.3.10	92.4	250	19	0	1	250	1	250	1.0e-126	449.1
BCW-201847_03594	gnl|TC-DB|P0AFT2|3.A.1.3.10	91.9	222	18	0	1	222	1	222	2.6e-110	394.4
BCW-201847_03596	gnl|TC-DB|P0AEM9|3.A.1.3.10	91.7	266	22	0	1	266	1	266	1.1e-136	482.3
BCW-201847_03612	gnl|TC-DB|P15928|3.A.6.2.1	78.2	560	121	1	1	559	1	560	9.7e-239	822.4
BCW-201847_03614	gnl|TC-DB|P15934|3.A.6.2.1	85.5	235	34	0	1	235	1	235	1.3e-72	269.2
BCW-201847_03615	gnl|TC-DB|P26465|3.A.6.2.1	94.1	456	27	0	1	456	1	456	1.4e-243	838.2
BCW-201847_03620	gnl|TC-DB|P26419|3.A.6.2.1	95.6	137	6	0	1	137	1	137	1.3e-67	251.9
BCW-201847_03621	gnl|TC-DB|P0A1L1|3.A.6.2.1	69.4	124	38	0	1	124	2	125	1.0e-39	159.1
BCW-201847_03622	gnl|TC-DB|P54700|3.A.6.2.1	91.8	245	20	0	1	245	1	245	7.0e-117	416.4
BCW-201847_03623	gnl|TC-DB|P0A1L5|3.A.6.2.1	89.9	89	9	0	1	89	1	89	7.6e-37	149.1
BCW-201847_03624	gnl|TC-DB|P54702|3.A.6.2.1	79.5	259	53	0	1	259	1	259	7.0e-115	409.8
BCW-201847_03629	gnl|TC-DB|P76330|9.B.34.1.4	61.2	562	218	0	41	602	1	562	4.8e-199	690.6
BCW-201847_03632	gnl|TC-DB|p0aa70|2.A.7.3.22	88.9	298	33	0	1	298	1	298	8.9e-146	512.7
BCW-201847_03636	gnl|TC-DB|Q56111|1.B.1.1.22	64.1	396	121	5	1	388	1	383	6.7e-146	513.5
BCW-201847_03642	gnl|TC-DB|P39414|2.A.47.3.3	50.7	473	233	0	29	501	13	485	9.9e-134	473.4
BCW-201847_03646	gnl|TC-DB|P16482|2.A.1.6.1	90.0	431	38	1	3	428	11	441	3.5e-212	733.8
BCW-201847_03651	gnl|TC-DB|P0AF06|1.A.30.1.1	49.1	281	141	2	1	279	1	281	1.9e-68	255.8
BCW-201847_03652	gnl|TC-DB|P09348|1.A.30.1.1	64.9	296	103	1	1	296	1	295	2.7e-102	368.2
BCW-201847_03656	gnl|TC-DB|M3JA40|1.B.52.2.1	47.5	99	52	0	341	439	276	374	6.9e-16	82.0
BCW-201847_03659	gnl|TC-DB|Q15HU6|3.A.7.14.2	38.7	142	81	2	145	284	47	184	1.8e-24	109.8
BCW-201847_03682	gnl|TC-DB|P54702|3.A.6.2.1	48.8	242	123	1	18	258	17	258	1.9e-59	225.7
BCW-201847_03683	gnl|TC-DB|P0A1L5|3.A.6.2.1	56.2	89	39	0	1	89	1	89	2.8e-23	104.0
BCW-201847_03684	gnl|TC-DB|P54700|3.A.6.2.1	60.2	246	94	2	1	243	1	245	2.2e-70	261.9
BCW-201847_03685	gnl|TC-DB|P0A1L1|3.A.6.2.1	42.7	117	62	3	3	115	6	121	2.3e-12	68.2
BCW-201847_03686	gnl|TC-DB|P26419|3.A.6.2.1	65.2	138	36	2	1	127	1	137	4.3e-41	163.7
BCW-201847_03691	gnl|TC-DB|P26465|3.A.6.2.1	74.6	456	112	2	1	452	1	456	3.0e-190	661.0
BCW-201847_03694	gnl|TC-DB|P15928|3.A.6.2.1	50.4	563	268	6	1	557	1	558	1.6e-145	512.7
BCW-201847_03700	gnl|TC-DB|P40727|3.A.6.2.1	52.2	341	163	0	1	341	38	378	1.7e-92	335.9
BCW-201847_03701	gnl|TC-DB|P40729|3.A.6.2.1	71.0	697	196	2	1	696	1	692	1.4e-279	958.4
BCW-201847_03703	gnl|TC-DB|Q9XD84|1.B.12.8.3	29.5	511	294	4	266	710	479	989	1.9e-61	233.8
BCW-201847_03727	gnl|TC-DB|Q7CGN6|1.B.14.9.3	79.6	730	144	2	1	729	1	726	0.0e+00	1203.0
BCW-201847_03735	gnl|TC-DB|P76350|2.A.1.6.6	90.6	435	41	0	1	435	1	435	1.0e-227	785.4
BCW-201847_03739	gnl|TC-DB|D5CJ69|2.A.66.1.22	97.6	459	11	0	1	459	1	459	2.0e-256	880.9
BCW-201847_03743	gnl|TC-DB|P33011|2.A.85.7.1	73.9	352	92	0	1	352	1	352	7.6e-157	549.7
BCW-201847_03747	gnl|TC-DB|P0AA47|2.A.3.1.14	95.6	452	20	0	1	452	1	452	2.5e-245	844.0
BCW-201847_03776	gnl|TC-DB|P77377|2.A.66.2.7	89.2	492	53	0	1	492	1	492	2.5e-238	820.8
BCW-201847_03777	gnl|TC-DB|G0CIY2|9.B.18.1.1	38.5	468	255	11	19	464	28	484	1.7e-79	293.1
BCW-201847_03790	gnl|TC-DB|P76387|8.A.3.3.2	87.1	719	93	0	1	719	1	719	0.0e+00	1206.4
BCW-201847_03792	gnl|TC-DB|P0A930|1.B.18.3.1	92.9	379	27	0	1	379	1	379	4.3e-206	713.4
BCW-201847_03793	gnl|TC-DB|L5DDD7|2.A.109.2.3	86.9	527	69	0	1	527	370	896	3.5e-254	873.6
BCW-201847_03794	gnl|TC-DB|P28249|9.B.22.2.1	72.1	617	171	1	1	616	1	617	6.0e-258	886.3
BCW-201847_03797	gnl|TC-DB|Q1J0W6|9.B.34.1.1	35.4	164	94	4	675	837	190	342	7.8e-14	76.3
BCW-201847_03808	gnl|TC-DB|P76397|8.A.1.6.2	80.0	415	70	2	1	402	1	415	3.1e-170	594.3
BCW-201847_03809	gnl|TC-DB|P76398|2.A.6.2.12	90.0	1040	104	0	1	1040	1	1040	0.0e+00	1760.3
BCW-201847_03810	gnl|TC-DB|P76399|2.A.6.2.12	91.4	1025	88	0	1	1025	1	1025	0.0e+00	1780.8
BCW-201847_03811	gnl|TC-DB|P36554|2.A.1.3.26	81.7	470	86	0	1	470	1	470	1.4e-214	741.9
BCW-201847_03820	gnl|TC-DB|P76417|2.A.1.10.4	90.4	425	41	0	1	425	1	425	2.8e-222	767.3
BCW-201847_03831	gnl|TC-DB|P31440|2.A.40.7.4	35.2	432	278	2	3	434	4	433	2.8e-71	265.8
BCW-201847_03832	gnl|TC-DB|P38134|8.A.3.3.1	57.0	696	299	0	17	712	16	711	3.1e-221	764.6
BCW-201847_03834	gnl|TC-DB|P0A932|1.B.18.3.8	77.7	336	74	1	8	343	44	378	9.4e-152	532.7
BCW-201847_03835	gnl|TC-DB|P64534|2.A.113.1.1	62.5	112	40	1	1	110	1	112	9.7e-34	139.0
BCW-201847_03837	gnl|TC-DB|A0L4L0|3.A.1.132.3	38.8	340	195	5	12	350	2	329	2.7e-56	215.7
BCW-201847_03841	gnl|TC-DB|Q81JL2|9.B.33.1.1	30.8	581	363	10	7	557	3	574	1.8e-75	280.0
BCW-201847_03844	gnl|TC-DB|P33359|3.A.1.12.15	78.8	241	51	0	1	241	1	241	1.6e-97	352.1
BCW-201847_03845	gnl|TC-DB|P33360|3.A.1.12.15	81.4	306	56	1	1	306	1	305	3.8e-139	490.7
BCW-201847_03846	gnl|TC-DB|P33361|3.A.1.12.15	66.0	379	129	0	7	385	7	385	3.9e-130	461.1
BCW-201847_03847	gnl|TC-DB|P33362|3.A.1.12.15	86.6	305	41	0	1	305	1	305	9.9e-145	509.2
BCW-201847_03852	gnl|TC-DB|J2MRK2|9.B.29.3.1	41.2	182	107	0	7	188	8	189	3.4e-37	151.4
BCW-201847_03853	gnl|TC-DB|E4PCL6|9.B.27.2.7	75.1	189	47	0	1	189	1	189	1.1e-80	295.8
BCW-201847_03855	gnl|TC-DB|P33369|1.B.17.3.10	65.2	469	158	2	3	466	8	476	3.9e-164	574.3
BCW-201847_03857	gnl|TC-DB|F4V3T5|1.E.14.1.4	88.6	132	15	0	1	132	4	135	7.3e-44	172.9
BCW-201847_03858	gnl|TC-DB|C6EAH0|2.A.122.1.1	89.6	231	24	0	1	231	1	231	2.7e-110	394.4
BCW-201847_03860	gnl|TC-DB|P0AFY2|9.B.114.1.1	87.9	239	29	0	1	239	1	239	5.6e-119	423.3
BCW-201847_03862	gnl|TC-DB|P23200|3.A.1.2.3	93.8	336	21	0	1	336	1	336	1.1e-165	578.9
BCW-201847_03863	gnl|TC-DB|P0AAG8|3.A.1.2.3	95.8	506	21	0	1	506	1	506	7.1e-281	962.2
BCW-201847_03864	gnl|TC-DB|P0AEE5|3.A.1.2.3	94.9	332	17	0	1	332	1	332	8.7e-179	622.5
BCW-201847_03866	gnl|TC-DB|P25747|9.B.169.1.2	78.7	385	82	0	1	385	1	385	9.2e-180	625.9
BCW-201847_03868	gnl|TC-DB|Q9I3T2|2.A.1.51.4	46.9	367	191	3	7	370	14	379	1.9e-76	282.7
BCW-201847_03870	gnl|TC-DB|P17315|1.B.14.1.4	35.2	688	382	20	5	661	9	663	1.4e-95	347.1
BCW-201847_03871	gnl|TC-DB|P25737|2.A.3.1.2	93.7	489	31	0	1	489	1	489	1.3e-266	914.8
BCW-201847_03873	gnl|TC-DB|P62723|2.A.98.1.3	87.1	349	44	1	1	348	1	349	1.3e-164	575.5
BCW-201847_03875	gnl|TC-DB|P20966|4.A.2.1.1	89.7	563	55	2	1	560	1	563	1.2e-249	858.6
BCW-201847_03877	gnl|TC-DB|P69811|4.A.2.1.1	89.6	376	39	0	1	376	1	376	1.4e-185	645.2
BCW-201847_03878	gnl|TC-DB|P33026|2.A.1.20.2	85.5	393	57	0	1	393	1	393	1.2e-190	662.1
BCW-201847_03885	gnl|TC-DB|E9RJ18|3.A.7.13.2	36.1	108	58	4	83	180	254	360	2.3e-11	65.5
BCW-201847_03887	gnl|TC-DB|Q8ZNK0|3.A.1.5.24	79.4	601	124	0	1	601	1	601	2.4e-299	1023.8
BCW-201847_03888	gnl|TC-DB|P0AFU1|3.A.1.5.21	91.2	364	32	0	1	364	1	364	9.2e-190	659.1
BCW-201847_03889	gnl|TC-DB|P33915|3.A.1.5.21	83.9	341	55	0	1	341	1	341	1.6e-151	531.9
BCW-201847_03890	gnl|TC-DB|P33916|3.A.1.5.21	80.3	527	104	0	1	527	1	527	2.9e-240	827.4
BCW-201847_03892	gnl|TC-DB|P28246|2.A.1.2.7	88.6	395	45	0	1	395	1	395	4.7e-195	676.8
BCW-201847_03905	gnl|TC-DB|B2JBG5|2.A.1.59.2	51.5	377	183	0	11	387	20	396	6.5e-96	347.4
BCW-201847_03909	gnl|TC-DB|Q1J2S8|2.A.53.3.13	50.0	370	182	2	60	429	23	389	3.1e-86	315.5
BCW-201847_03910	gnl|TC-DB|Q5SMG8|1.A.26.1.2	30.7	339	232	2	141	477	110	447	2.9e-42	169.5
BCW-201847_03911	gnl|TC-DB|P33941|3.A.1.113.3	89.9	547	55	0	1	547	1	547	3.2e-279	956.8
BCW-201847_03915	gnl|TC-DB|D6QLX8|1.B.1.1.19	80.9	377	56	5	1	371	1	367	6.1e-173	603.2
BCW-201847_03925	gnl|TC-DB|P08194|2.A.1.4.3	95.2	421	20	0	1	421	1	421	1.3e-241	831.6
BCW-201847_03930	gnl|TC-DB|Q8XE01|1.B.68.1.1	76.7	180	41	1	1	179	8	187	2.9e-80	294.3
BCW-201847_03933	gnl|TC-DB|Q9FA46|2.A.80.1.1	89.0	326	35	1	1	326	1	325	2.8e-169	590.9
BCW-201847_03934	gnl|TC-DB|Q9FA45|2.A.80.1.1	81.1	143	27	0	1	143	2	144	8.4e-70	259.2
BCW-201847_03935	gnl|TC-DB|Q9FA44|2.A.80.1.1	92.5	504	38	0	1	504	1	504	1.5e-246	848.2
BCW-201847_03946	gnl|TC-DB|P0AFF0|3.D.1.1.1	92.4	485	37	0	1	485	1	485	2.2e-247	850.9
BCW-201847_03947	gnl|TC-DB|P0AFE8|3.D.1.1.1	93.1	509	35	0	1	509	1	509	9.0e-276	945.3
BCW-201847_03948	gnl|TC-DB|P33607|3.D.1.1.1	93.5	613	40	0	1	613	1	613	0.0e+00	1126.7
BCW-201847_03949	gnl|TC-DB|P0AFE4|3.D.1.1.1	97.0	100	3	0	1	100	1	100	4.5e-30	126.7
BCW-201847_03950	gnl|TC-DB|P0AFE0|3.D.1.1.1	95.7	184	8	0	1	184	1	184	1.8e-88	321.6
BCW-201847_03951	gnl|TC-DB|P0AFD6|3.D.1.1.1	98.3	180	3	0	1	180	1	180	4.1e-90	327.0
BCW-201847_03952	gnl|TC-DB|P0AFD4|3.D.1.1.1	95.4	323	15	0	1	323	1	323	4.0e-176	613.6
BCW-201847_03953	gnl|TC-DB|P33602|3.D.1.1.1	88.1	907	108	0	1	907	1	907	0.0e+00	1648.6
BCW-201847_03954	gnl|TC-DB|P31979|3.D.1.1.1	94.8	445	23	0	1	445	1	445	2.1e-260	894.0
BCW-201847_03955	gnl|TC-DB|P0AFD1|3.D.1.1.1	92.8	166	12	0	1	166	1	166	2.5e-89	324.3
BCW-201847_03956	gnl|TC-DB|P33599|3.D.1.1.1	96.1	596	23	0	5	600	1	596	0.0e+00	1203.3
BCW-201847_03957	gnl|TC-DB|P0AFC7|3.D.1.1.1	96.9	224	3	1	1	224	1	220	5.8e-126	446.4
BCW-201847_03958	gnl|TC-DB|P0AFC3|3.D.1.1.1	94.6	147	7	1	1	146	1	147	1.1e-72	268.9
BCW-201847_03962	gnl|TC-DB|P0AFU2|2.A.47.4.8	86.7	610	81	0	1	610	1	610	3.3e-301	1030.0
BCW-201847_03970	gnl|TC-DB|B7LDR9|4.A.7.1.2	63.4	410	149	1	12	421	10	418	5.0e-148	520.8
BCW-201847_03971	gnl|TC-DB|B7LDS2|4.A.7.1.2	43.5	85	46	1	1	83	1	85	7.7e-13	69.3
BCW-201847_03972	gnl|TC-DB|B7LDS1|4.A.7.1.2	44.9	147	81	0	1	147	1	147	7.1e-32	133.3
BCW-201847_03976	gnl|TC-DB|B7LBF5|1.A.12.3.2	75.7	214	52	0	1	214	1	214	3.1e-92	334.3
BCW-201847_03981	gnl|TC-DB|P07109|3.A.1.3.29	93.0	257	18	0	1	257	1	257	1.6e-132	468.4
BCW-201847_03982	gnl|TC-DB|P0AEU3|3.A.1.3.29	92.4	238	18	0	1	238	1	238	6.4e-123	436.4
BCW-201847_03983	gnl|TC-DB|P0A2I9|3.A.1.3.1	92.5	228	17	0	1	228	1	228	1.3e-112	402.1
BCW-201847_03984	gnl|TC-DB|P0AEU0|3.A.1.3.29	93.5	260	17	0	1	260	1	260	1.4e-136	481.9
BCW-201847_03985	gnl|TC-DB|P09551|3.A.1.3.1	88.5	260	30	0	1	260	1	260	5.9e-130	459.9
BCW-201847_03988	gnl|TC-DB|P08550|9.B.160.1.16	94.4	162	9	0	1	162	1	162	1.2e-80	295.4
BCW-201847_03992	gnl|TC-DB|P0ABP6|9.B.27.2.3	88.6	219	25	0	1	219	1	219	5.9e-107	383.3
BCW-201847_03997	gnl|TC-DB|P77549|2.A.1.46.6	84.7	391	60	0	1	391	1	391	4.8e-184	640.2
BCW-201847_04002	gnl|TC-DB|P0AD30|2.A.102.3.1	87.7	269	33	0	1	269	1	269	3.9e-129	457.2
BCW-201847_04011	gnl|TC-DB|P10384|1.B.9.1.1	75.1	450	100	3	1	442	1	446	2.2e-201	698.0
BCW-201847_04012	gnl|TC-DB|P76506|3.A.1.27.3	88.0	251	29	1	1	250	1	251	3.8e-134	473.8
BCW-201847_04013	gnl|TC-DB|P37327|1.A.16.4.1	84.4	302	47	0	7	308	4	305	2.3e-141	498.0
BCW-201847_04019	gnl|TC-DB|B3XQE5|9.B.33.1.2	31.3	579	355	13	1	545	3	572	2.1e-68	256.5
BCW-201847_04022	gnl|TC-DB|H5KWQ5|2.A.49.7.1	78.7	408	87	0	1	408	1	408	5.9e-177	616.7
BCW-201847_04024	gnl|TC-DB|P63144|8.A.5.1.3	35.9	309	182	10	13	312	71	372	2.0e-45	179.5
BCW-201847_04026	gnl|TC-DB|P0A769|2.A.55.3.1	92.5	412	31	0	1	412	1	412	1.2e-209	725.3
BCW-201847_04027	gnl|TC-DB|P0AFF2|2.A.41.1.1	92.5	400	25	1	1	395	1	400	2.2e-192	667.9
BCW-201847_04039	gnl|TC-DB|P45562|2.A.1.10.2	75.8	418	101	0	1	418	1	418	2.6e-180	627.9
BCW-201847_04043	gnl|TC-DB|P39836|2.A.28.3.4	87.7	332	40	1	1	331	1	332	3.2e-157	550.8
BCW-201847_04047	gnl|TC-DB|P0A6J3|2.A.121.1.1	87.0	253	33	0	1	253	1	253	8.5e-134	472.6
BCW-201847_04049	gnl|TC-DB|P0AA04|8.A.8.1.1	100.0	85	0	0	1	85	1	85	1.4e-40	161.4
BCW-201847_04050	gnl|TC-DB|P08839|8.A.7.1.1	97.6	575	14	0	1	575	1	575	8.8e-312	1065.1
BCW-201847_04051	gnl|TC-DB|P69783|4.A.1.1.1	97.6	169	4	0	1	169	1	169	4.7e-88	320.1
BCW-201847_04054	gnl|TC-DB|P16676|3.A.1.6.1	93.4	365	23	1	1	364	1	365	2.1e-197	684.5
BCW-201847_04055	gnl|TC-DB|P0AEB0|3.A.1.6.1	92.1	291	23	0	1	291	1	291	1.5e-150	528.5
BCW-201847_04056	gnl|TC-DB|P16701|3.A.1.6.1	97.1	277	8	0	1	277	1	277	3.1e-145	510.8
BCW-201847_04057	gnl|TC-DB|P16700|3.A.1.6.1	94.1	337	19	1	1	336	1	337	1.6e-183	638.3
BCW-201847_04060	gnl|TC-DB|P76538|9.B.127.1.1	74.3	144	37	0	1	144	1	144	4.8e-60	226.9
BCW-201847_04069	gnl|TC-DB|P0AAK3|3.D.1.9.2	38.8	188	83	5	1	161	1	183	6.4e-32	135.6
BCW-201847_04071	gnl|TC-DB|P24177|2.A.6.2.7	90.6	1037	97	0	1	1037	1	1037	0.0e+00	1817.4
BCW-201847_04079	gnl|TC-DB|P0A903|1.B.33.1.3	87.5	344	43	0	1	344	1	344	9.1e-171	595.9
BCW-201847_04083	gnl|TC-DB|P0AFI9|2.A.86.1.1	87.6	347	43	0	1	347	1	347	2.6e-165	577.8
BCW-201847_04087	gnl|TC-DB|Q72XQ0|4.A.3.2.8	39.5	430	251	4	4	424	1	430	8.8e-78	287.3
BCW-201847_04091	gnl|TC-DB|P0AGM7|2.A.40.1.1	93.2	425	29	0	1	425	1	425	1.0e-216	748.8
BCW-201847_04093	gnl|TC-DB|Q9UEF7|8.A.49.1.1	28.7	485	291	17	4	473	61	505	6.5e-42	168.3
BCW-201847_04099	gnl|TC-DB|P64545|9.B.209.1.1	74.6	59	15	0	1	59	1	59	5.3e-21	95.9
BCW-201847_04105	gnl|TC-DB|A8GHT9|2.A.1.36.2	59.1	381	156	0	21	401	20	400	6.8e-117	417.2
BCW-201847_04110	gnl|TC-DB|B8H230|3.A.1.2.21	54.5	323	140	2	17	339	16	331	4.6e-90	327.8
BCW-201847_04111	gnl|TC-DB|B8H229|3.A.1.2.21	54.4	502	224	3	5	506	3	499	6.6e-141	497.3
BCW-201847_04112	gnl|TC-DB|B8H228|3.A.1.2.21	41.7	302	174	2	7	306	23	324	8.7e-64	240.4
BCW-201847_04124	gnl|TC-DB|Q5KYD1|2.A.17.1.7	36.5	504	283	11	11	503	16	493	1.5e-76	283.5
BCW-201847_04126	gnl|TC-DB|P77774|1.B.33.1.3	80.4	392	77	0	1	392	1	392	1.5e-161	565.5
BCW-201847_04135	gnl|TC-DB|Q57071|4.A.1.1.13	37.8	502	291	9	2	500	3	486	6.7e-85	311.2
BCW-201847_04143	gnl|TC-DB|P44669|9.A.41.1.1	69.0	617	189	2	1	616	1	616	9.7e-232	799.3
BCW-201847_04151	gnl|TC-DB|D7A5Z9|2.A.113.1.7	37.9	227	129	5	64	284	60	280	7.3e-29	124.4
BCW-201847_04154	gnl|TC-DB|Q47142|2.A.1.27.1	83.5	375	62	0	1	375	1	375	6.3e-181	629.8
BCW-201847_04159	gnl|TC-DB|Q9KN48|3.A.23.1.1	45.8	251	136	0	119	369	175	425	7.4e-56	214.5
BCW-201847_04174	gnl|TC-DB|P0AEA2|1.B.48.1.1	92.4	277	21	0	1	277	1	277	5.3e-145	510.0
BCW-201847_04175	gnl|TC-DB|P0AE98|1.B.48.1.1	84.1	138	21	1	1	137	1	138	9.5e-63	235.7
BCW-201847_04176	gnl|TC-DB|P0AE95|1.B.48.1.1	76.0	129	31	0	1	129	1	129	5.8e-54	206.5
BCW-201847_04185	gnl|TC-DB|P62517|4.D.3.1.1	93.0	840	59	0	1	840	1	840	0.0e+00	1609.7
BCW-201847_04188	gnl|TC-DB|P25744|2.A.1.2.20	87.0	407	51	1	1	405	1	407	6.7e-197	682.9
BCW-201847_04198	gnl|TC-DB|P69367|2.A.1.2.21	85.3	402	59	0	1	402	1	402	6.0e-198	686.4
BCW-201847_04203	gnl|TC-DB|P37169|2.A.66.4.1	91.2	511	45	0	1	511	14	524	9.1e-260	892.1
BCW-201847_04218	gnl|TC-DB|P76628|2.A.1.36.3	35.1	388	242	2	4	388	2	382	9.4e-42	167.5
BCW-201847_04229	gnl|TC-DB|O80800|3.D.1.6.3	48.0	75	39	0	2	76	48	122	1.5e-12	68.2
BCW-201847_04236	gnl|TC-DB|P69786|4.A.1.1.1	97.5	476	12	0	1	476	1	476	9.7e-264	905.2
BCW-201847_04237	gnl|TC-DB|P16869|1.B.14.1.1	54.8	737	303	8	9	730	8	729	3.0e-240	827.8
BCW-201847_04251	gnl|TC-DB|P0ADC3|3.A.1.125.1	92.5	386	29	0	1	386	14	399	5.0e-186	646.7
BCW-201847_04252	gnl|TC-DB|P75957|3.A.1.125.1	92.3	233	18	0	1	233	1	233	4.2e-119	423.7
BCW-201847_04253	gnl|TC-DB|P75958|3.A.1.125.1	89.4	414	44	0	1	414	1	414	3.6e-198	687.2
BCW-201847_04256	gnl|TC-DB|M3JA40|1.B.52.2.1	58.6	58	24	0	477	534	280	337	3.6e-11	66.6
BCW-201847_04258	gnl|TC-DB|P0AFK9|3.A.1.11.1	90.4	343	33	0	2	344	6	348	1.6e-188	654.8
BCW-201847_04259	gnl|TC-DB|P0AFK6|3.A.1.11.1	84.8	257	39	0	1	257	1	257	8.9e-110	392.9
BCW-201847_04260	gnl|TC-DB|P0AFK4|3.A.1.11.1	93.5	275	18	0	11	285	1	275	2.8e-141	497.7
BCW-201847_04261	gnl|TC-DB|P69874|3.A.1.11.1	90.0	361	36	0	1	361	18	378	9.8e-184	639.0
BCW-201847_04278	gnl|TC-DB|Q47502|1.C.1.2.1	33.7	181	114	3	265	442	371	548	3.8e-20	95.9
BCW-201847_04319	gnl|TC-DB|D4ZZR3|9.B.34.1.3	36.8	212	126	4	378	585	186	393	1.6e-29	127.5
BCW-201847_04320	gnl|TC-DB|Q1DBZ0|2.A.86.2.2	27.3	341	238	7	12	348	14	348	2.9e-21	99.4
BCW-201847_04321	gnl|TC-DB|Q47689|2.A.3.1.10	92.3	467	35	1	9	474	1	467	5.7e-248	852.8
BCW-201847_04323	gnl|TC-DB|Q47537|3.A.1.17.1	87.5	320	40	0	1	320	1	320	1.1e-159	558.9
BCW-201847_04324	gnl|TC-DB|Q47538|3.A.1.17.1	88.2	255	30	0	1	255	1	255	3.0e-126	447.6
BCW-201847_04325	gnl|TC-DB|Q47539|3.A.1.17.1	79.6	275	56	0	1	275	1	275	1.1e-113	406.0
BCW-201847_04329	gnl|TC-DB|Q8X5H7|1.B.12.2.7	60.4	996	306	18	1	924	1	980	7.5e-305	1042.7
BCW-201847_04333	gnl|TC-DB|P0AFY6|9.A.18.1.1	90.4	406	39	0	1	406	1	406	2.3e-213	737.6
BCW-201847_04339	gnl|TC-DB|P25744|2.A.1.2.20	61.1	393	152	1	51	443	11	402	4.3e-128	454.5
BCW-201847_04343	gnl|TC-DB|P0AAP1|9.B.34.1.2	60.5	367	145	0	1	367	5	371	1.8e-129	458.8
BCW-201847_04356	gnl|TC-DB|P0AD99|2.A.26.1.10	90.2	439	43	0	1	439	1	439	4.2e-221	763.5
BCW-201847_04357	gnl|TC-DB|P37460|2.A.3.1.6	95.0	456	23	0	1	456	1	456	2.1e-247	850.9
BCW-201847_04359	gnl|TC-DB|Q05839|8.A.9.1.1	22.4	482	259	19	177	562	132	594	4.1e-17	86.3
BCW-201847_04367	gnl|TC-DB|P0ADZ7|3.A.5.1.1	99.1	110	1	0	1	110	1	110	2.9e-54	207.2
BCW-201847_04368	gnl|TC-DB|P0AG90|2.A.6.4.1	93.0	604	42	0	1	604	12	615	3.8e-313	1069.7
BCW-201847_04369	gnl|TC-DB|P0AG93|2.A.6.4.1	88.5	323	37	0	1	323	1	323	7.5e-159	556.2
BCW-201847_04372	gnl|TC-DB|P0A927|1.B.10.1.1	91.5	294	25	0	3	296	1	294	3.3e-169	590.5
BCW-201847_04379	gnl|TC-DB|P77735|8.A.5.1.6	87.0	324	42	0	1	324	1	324	6.3e-166	579.7
BCW-201847_04387	gnl|TC-DB|P77726|2.A.1.2.60	84.7	452	69	0	1	452	1	452	4.6e-215	743.4
BCW-201847_04389	gnl|TC-DB|P0ABJ6|3.D.4.5.1	87.2	109	13	1	1	108	1	109	8.0e-49	189.1
BCW-201847_04390	gnl|TC-DB|P0ABJ3|3.D.4.5.1	93.0	171	12	0	1	171	34	204	9.6e-89	322.4
BCW-201847_04391	gnl|TC-DB|P0ABI8|3.D.4.5.1	89.6	663	69	0	1	663	1	663	0.0e+00	1225.7
BCW-201847_04392	gnl|TC-DB|P0ABJ1|3.D.4.5.1	95.9	315	13	0	1	315	1	315	2.8e-174	607.4
BCW-201847_04393	gnl|TC-DB|P0AE16|2.A.1.25.2	84.1	491	78	0	3	493	1	491	2.4e-233	804.3
BCW-201847_04402	gnl|TC-DB|A1EMW4|3.A.11.2.3	37.5	128	51	2	1	126	3	103	8.3e-13	69.7
BCW-201847_04409	gnl|TC-DB|P77265|3.A.1.106.13	87.3	590	75	0	1	590	1	590	7.5e-298	1018.8
BCW-201847_04410	gnl|TC-DB|P0AAG5|3.A.1.106.13	87.0	593	77	0	1	593	1	593	6.6e-286	979.2
BCW-201847_04412	gnl|TC-DB|P69681|1.A.11.1.1	91.1	428	38	0	1	428	1	428	5.0e-195	676.8
BCW-201847_04419	gnl|TC-DB|C7NLF6|2.A.115.2.6	56.0	182	80	0	4	185	38	219	7.2e-51	196.8
BCW-201847_04422	gnl|TC-DB|Q8XSC6|2.A.113.1.3	47.3	374	106	1	1	283	1	374	1.1e-73	273.1
BCW-201847_04433	gnl|TC-DB|P31224|2.A.6.2.2	92.9	1049	74	1	1	1048	1	1049	0.0e+00	1863.6
BCW-201847_04434	gnl|TC-DB|P0AE06|8.A.1.6.1	85.9	397	56	0	1	397	1	397	9.4e-188	652.5
BCW-201847_04436	gnl|TC-DB|P77338|1.A.23.1.1	77.8	1110	246	0	6	1115	9	1118	0.0e+00	1615.5
BCW-201847_04448	gnl|TC-DB|P39830|2.A.37.1.5	90.3	558	54	0	1	558	1	558	3.0e-272	933.7
BCW-201847_04449	gnl|TC-DB|P52067|2.A.1.35.1	92.3	405	27	1	1	401	1	405	1.9e-204	708.0
BCW-201847_04453	gnl|TC-DB|Q59385|3.A.3.5.5	86.5	834	111	2	1	832	1	834	0.0e+00	1357.4
BCW-201847_04456	gnl|TC-DB|P0AA53|8.A.21.2.2	93.4	302	20	0	1	302	1	302	8.2e-115	409.8
BCW-201847_04457	gnl|TC-DB|P77279|3.A.1.139.2	68.9	222	69	0	1	222	1	222	2.8e-88	321.2
BCW-201847_04458	gnl|TC-DB|P77307|3.A.1.139.2	84.1	258	41	0	1	258	1	258	1.8e-115	411.8
BCW-201847_04462	gnl|TC-DB|P0A9T8|3.A.1.122.15	91.7	228	19	0	1	228	1	228	8.8e-114	406.0
BCW-201847_04463	gnl|TC-DB|P77504|3.A.1.122.15	84.2	803	127	0	1	803	1	803	0.0e+00	1308.9
BCW-201847_04464	gnl|TC-DB|B5Y0L3|1.B.1.1.18	87.9	381	46	0	1	381	1	381	2.4e-209	724.2
BCW-201847_04474	gnl|TC-DB|Q57071|4.A.1.1.13	46.0	509	243	5	9	497	4	500	8.7e-122	433.7
BCW-201847_04480	gnl|TC-DB|P30130|1.B.11.3.9	47.6	861	421	9	11	852	28	877	5.1e-231	797.3
BCW-201847_04488	gnl|TC-DB|Q56925|3.A.1.10.5	82.5	338	59	0	1	338	1	338	2.3e-158	554.7
BCW-201847_04489	gnl|TC-DB|P21409|3.A.1.10.1	72.3	509	141	0	4	512	19	527	9.9e-206	712.6
BCW-201847_04490	gnl|TC-DB|P21410|3.A.1.10.1	60.4	341	134	1	2	341	4	344	3.0e-113	404.8
BCW-201847_04491	gnl|TC-DB|Q05202|1.B.14.1.15	53.6	705	307	8	31	727	66	758	5.7e-215	743.8
BCW-201847_04492	gnl|TC-DB|P24207|2.A.3.1.1	90.5	462	40	1	1	462	1	458	4.1e-235	810.1
BCW-201847_04494	gnl|TC-DB|P76417|2.A.1.10.4	38.0	405	233	6	21	411	6	406	1.0e-67	253.8
BCW-201847_04498	gnl|TC-DB|P0AAT4|1.A.23.4.5	83.2	411	68	1	1	410	1	411	5.6e-191	663.3
BCW-201847_04499	gnl|TC-DB|D9X7X8|2.A.1.3.38	41.3	460	255	6	9	462	24	474	2.2e-82	302.8
BCW-201847_04501	gnl|TC-DB|B5Y048|9.B.8.3.4	74.6	343	87	0	1	343	1	343	1.3e-153	538.9
BCW-201847_04509	gnl|TC-DB|A8R5V4|3.A.3.2.41	48.0	868	442	4	35	900	25	885	5.1e-221	764.2
BCW-201847_04510	gnl|TC-DB|P76397|8.A.1.6.2	33.0	333	209	6	30	352	63	391	2.7e-45	179.1
BCW-201847_04511	gnl|TC-DB|Q9I0Y8|2.A.6.2.16	42.0	1039	585	4	4	1024	6	1044	2.4e-214	742.3
BCW-201847_04515	gnl|TC-DB|E0LV84|2.A.85.1.4	27.9	584	362	12	14	559	7	569	8.8e-50	194.9
BCW-201847_04517	gnl|TC-DB|P46482|8.A.1.7.1	38.5	286	174	2	1	285	1	285	3.6e-48	188.3
BCW-201847_04523	gnl|TC-DB|C5IZH0|2.A.6.2.47	88.5	391	45	0	1	391	1	391	3.1e-191	664.1
BCW-201847_04524	gnl|TC-DB|C5IZH1|2.A.6.2.47	97.0	1050	32	0	1	1050	1	1050	0.0e+00	1947.2
BCW-201847_04539	gnl|TC-DB|P75683|2.A.2.3.5	45.1	430	233	1	1	430	1	427	1.3e-103	373.2
