BCW-200002_00002	gnl|TC-DB|P0AFE0|3.D.1.1.1	92.7	82	6	0	1	82	103	184	3.3e-34	140.2
BCW-200002_00006	gnl|TC-DB|P0AER0|1.A.8.1.1	86.3	161	22	0	1	161	121	281	2.5e-78	287.7
BCW-200002_00011	gnl|TC-DB|D5CES3|2.A.7.1.10	95.2	105	5	0	1	105	1	105	1.2e-46	181.8
BCW-200002_00019	gnl|TC-DB|P0AG96|3.A.5.1.1	98.9	89	1	0	1	89	39	127	1.4e-38	154.8
BCW-200002_00060	gnl|TC-DB|P77735|8.A.5.1.6	34.5	316	195	5	1	312	1	308	8.9e-49	190.7
BCW-200002_00061	gnl|TC-DB|Q6MLK6|1.A.46.2.5	37.0	300	176	4	1	293	7	300	2.0e-49	192.6
BCW-200002_00084	gnl|TC-DB|H0KI06|9.B.124.1.3	47.9	96	48	2	87	181	2	96	3.7e-20	94.7
BCW-200002_00096	gnl|TC-DB|Q9JY22|1.B.20.1.5	33.6	577	334	16	36	588	29	580	1.0e-73	274.2
BCW-200002_00097	gnl|TC-DB|488190045|1.C.75.1.4	27.1	1725	950	45	1	1645	1	1498	2.3e-107	387.9
BCW-200002_00107	gnl|TC-DB|P0A6E6|3.A.2.1.1	95.7	139	6	0	1	139	1	139	4.0e-69	256.9
BCW-200002_00116	gnl|TC-DB|O30646|2.A.7.3.25	26.7	292	187	8	4	283	8	284	1.2e-12	70.5
BCW-200002_00122	gnl|TC-DB|B2D7K2|3.A.23.1.1	23.0	540	322	12	48	576	41	497	5.9e-26	116.3
BCW-200002_00128	gnl|TC-DB|P0AG34|2.A.76.1.1	39.9	198	118	1	1	198	10	206	3.3e-32	134.8
BCW-200002_00129	gnl|TC-DB|P39832|3.A.1.15.5	33.2	232	154	1	5	235	2	233	5.7e-27	117.9
BCW-200002_00130	gnl|TC-DB|P0A9X1|3.A.1.15.5	45.5	233	118	3	13	238	4	234	6.5e-52	200.7
BCW-200002_00134	gnl|TC-DB|P0AB98|3.A.2.1.1	58.2	292	100	7	1	291	1	271	1.6e-80	295.8
BCW-200002_00135	gnl|TC-DB|P68699|3.A.2.1.1	51.4	74	36	0	3	76	4	77	3.9e-16	80.1
BCW-200002_00136	gnl|TC-DB|P0ABA0|3.A.2.1.1	67.4	43	14	0	1	43	1	43	1.0e-12	69.7
BCW-200002_00137	gnl|TC-DB|P0ABA4|3.A.2.1.1	33.7	172	113	1	1	172	1	171	4.3e-23	104.4
BCW-200002_00138	gnl|TC-DB|P0ABB0|3.A.2.1.1	74.6	512	130	0	3	514	2	513	8.7e-218	752.7
BCW-200002_00139	gnl|TC-DB|P0ABA6|3.A.2.1.1	61.2	289	110	2	1	289	1	287	3.9e-98	354.4
BCW-200002_00140	gnl|TC-DB|P0ABB4|3.A.2.1.1	79.4	466	88	3	1	464	1	460	7.1e-211	729.6
BCW-200002_00141	gnl|TC-DB|P0A6E6|3.A.2.1.1	48.9	133	68	0	3	135	4	136	1.2e-28	122.5
BCW-200002_00148	gnl|TC-DB|P31122|2.A.1.2.15	30.5	361	244	3	18	375	11	367	9.4e-42	167.5
BCW-200002_00158	gnl|TC-DB|A2RKA7|3.A.1.2.17	40.1	496	291	3	12	502	7	501	1.0e-101	367.1
BCW-200002_00159	gnl|TC-DB|O83342|3.A.1.2.10	30.3	300	194	8	61	352	104	396	5.4e-28	121.7
BCW-200002_00160	gnl|TC-DB|Q9WXW0|3.A.1.2.18	30.9	288	188	5	11	288	20	306	1.6e-25	113.2
BCW-200002_00162	gnl|TC-DB|Q8VRK4|3.A.11.1.3	38.6	207	120	3	92	297	67	267	5.4e-31	131.7
BCW-200002_00166	gnl|TC-DB|Q00620|1.B.14.4.2	46.2	651	312	7	37	680	64	683	1.7e-168	589.3
BCW-200002_00176	gnl|TC-DB|P0ABC9|2.A.15.1.4	40.0	120	69	3	4	123	553	669	9.5e-17	82.8
BCW-200002_00180	gnl|TC-DB|P0ADZ7|3.A.5.1.1	98.2	110	2	0	1	110	1	110	1.1e-53	205.3
BCW-200002_00190	gnl|TC-DB|P25184|1.B.14.1.14	21.6	841	516	27	51	823	54	819	4.7e-24	109.8
BCW-200002_00196	gnl|TC-DB|F2WVP9|2.A.1.60.3	38.1	370	219	1	18	387	9	368	2.8e-62	235.7
BCW-200002_00200	gnl|TC-DB|Q9L3S2|3.A.1.4.4	47.4	215	111	2	14	227	4	217	4.5e-49	191.0
BCW-200002_00201	gnl|TC-DB|Q8NRV8|3.A.1.4.5	40.2	244	138	4	33	274	1	238	4.4e-43	171.4
BCW-200002_00202	gnl|TC-DB|Q9L3S4|3.A.1.4.4	40.2	311	177	2	41	346	30	336	3.8e-55	211.8
BCW-200002_00203	gnl|TC-DB|Q8NRW0|3.A.1.4.5	47.6	288	145	2	258	545	10	291	2.3e-59	226.5
BCW-200002_00204	gnl|TC-DB|Q9L3S6|3.A.1.4.4	45.6	421	198	11	14	426	15	412	1.9e-93	339.3
BCW-200002_00205	gnl|TC-DB|P06971|1.B.14.1.2	21.3	746	537	23	13	720	14	747	8.0e-28	122.1
BCW-200002_00208	gnl|TC-DB|Q9Z445|2.A.70.1.2	80.1	246	49	0	9	254	9	254	1.3e-105	379.0
BCW-200002_00209	gnl|TC-DB|Q9Z446|2.A.70.1.2	67.2	125	41	0	1	125	24	148	1.4e-34	142.1
BCW-200002_00212	gnl|TC-DB|O06927|3.B.1.1.4	30.3	231	147	4	36	262	41	261	3.5e-24	108.6
BCW-200002_00213	gnl|TC-DB|O06926|3.B.1.1.4	38.6	251	144	1	8	248	7	257	8.6e-42	167.2
BCW-200002_00216	gnl|TC-DB|O06924|3.B.1.1.4	54.6	555	246	3	8	559	3	554	3.9e-179	624.4
BCW-200002_00219	gnl|TC-DB|P0ABK2|3.D.4.3.2	29.2	363	211	11	1	320	1	360	3.4e-29	125.6
BCW-200002_00227	gnl|TC-DB|P94400|9.B.10.1.1	54.2	395	173	4	11	401	3	393	2.9e-112	401.7
BCW-200002_00239	gnl|TC-DB|P77589|2.A.1.15.2	43.7	394	217	3	3	396	5	393	1.1e-82	303.5
BCW-200002_00244	gnl|TC-DB|Q6FDI3|1.B.25.1.6	42.4	425	233	6	2	415	4	427	7.3e-90	327.4
BCW-200002_00251	gnl|TC-DB|Q51485|1.B.19.1.1	45.8	445	216	5	7	439	23	454	1.4e-112	402.9
BCW-200002_00257	gnl|TC-DB|Q51955|2.A.1.15.1	64.8	440	153	1	12	451	11	448	7.0e-163	570.1
BCW-200002_00268	gnl|TC-DB|D6I8Y6|4.F.1.3.3	41.2	211	110	3	3	213	2	198	2.5e-33	138.7
BCW-200002_00273	gnl|TC-DB|E7UC95|1.E.14.1.9	32.7	113	76	0	11	123	17	129	1.2e-15	79.3
BCW-200002_00275	gnl|TC-DB|E7BBJ1|9.B.102.5.2	54.7	128	57	1	11	137	11	138	1.9e-29	125.2
BCW-200002_00276	gnl|TC-DB|E7BBJ2|9.B.102.5.5	49.2	132	67	0	1	132	1	132	1.9e-31	131.7
BCW-200002_00281	gnl|TC-DB|Q5MQC2|1.B.73.1.1	45.8	469	244	3	12	475	14	477	9.5e-118	420.2
BCW-200002_00285	gnl|TC-DB|P33231|2.A.14.1.1	72.6	552	148	2	2	551	1	551	9.6e-231	795.8
BCW-200002_00293	gnl|TC-DB|G0CIY2|9.B.18.1.1	38.6	415	231	6	58	454	76	484	8.0e-66	247.7
BCW-200002_00295	gnl|TC-DB|Q6MMD5|9.B.18.2.1	45.3	612	328	6	9	616	16	624	1.5e-134	476.5
BCW-200002_00298	gnl|TC-DB|H8E4X1|9.B.18.1.2	41.1	190	98	1	2	177	329	518	1.5e-35	146.0
BCW-200002_00316	gnl|TC-DB|Q45407|1.B.18.3.2	32.2	354	219	9	19	359	24	369	8.2e-45	177.6
BCW-200002_00318	gnl|TC-DB|P76387|8.A.3.3.2	29.7	710	466	9	11	714	16	698	1.4e-83	307.4
BCW-200002_00321	gnl|TC-DB|P37169|2.A.66.4.1	42.3	511	282	3	1	507	14	515	2.0e-113	406.0
BCW-200002_00343	gnl|TC-DB|O85763|3.A.1.17.2	53.7	281	130	0	54	334	30	310	3.1e-86	315.1
BCW-200002_00344	gnl|TC-DB|P75853|3.A.1.17.10	44.9	296	161	2	31	326	16	309	2.7e-71	265.4
BCW-200002_00346	gnl|TC-DB|O85765|3.A.1.17.2	64.3	258	91	1	9	265	1	258	2.7e-90	328.2
BCW-200002_00347	gnl|TC-DB|Q8KZQ6|3.A.1.17.2	55.1	245	106	2	22	265	7	248	1.0e-68	256.5
BCW-200002_00349	gnl|TC-DB|P75892|2.A.40.1.3	65.8	404	138	0	26	429	24	427	7.3e-152	533.5
BCW-200002_00356	gnl|TC-DB|A3R044|2.A.16.4.2	33.2	352	226	3	8	353	26	374	1.3e-50	196.8
BCW-200002_00359	gnl|TC-DB|Q58AJ7|9.B.105.1.1	41.0	144	83	1	20	163	204	345	1.3e-22	102.8
BCW-200002_00364	gnl|TC-DB|P0ABV2|1.A.30.2.1	77.9	68	15	0	1	68	74	141	1.3e-25	111.3
BCW-200002_00375	gnl|TC-DB|B9DIS8|9.B.97.5.1	26.8	380	217	15	6	360	22	365	8.4e-13	71.2
BCW-200002_00379	gnl|TC-DB|P0A754|2.A.37.1.1	47.4	114	59	1	1	114	1	113	5.5e-26	114.0
BCW-200002_00410	gnl|TC-DB|P0AGD7|3.A.5.1.1	67.7	421	134	1	1	421	1	419	7.1e-158	553.5
BCW-200002_00411	gnl|TC-DB|A6V120|9.B.14.3.5	38.0	266	158	3	5	267	3	264	7.9e-37	150.6
BCW-200002_00420	gnl|TC-DB|P0ABG7|2.A.103.1.2	100.0	82	0	0	1	82	289	370	4.8e-38	152.9
BCW-200002_00426	gnl|TC-DB|P76397|8.A.1.6.2	43.4	332	188	0	57	388	61	392	7.1e-74	274.2
BCW-200002_00427	gnl|TC-DB|Q9I0V6|2.A.6.2.39	58.1	1017	418	3	1	1010	1	1016	0.0e+00	1100.9
BCW-200002_00428	gnl|TC-DB|P76399|2.A.6.2.12	46.0	1026	542	8	1	1023	1	1017	5.4e-235	810.8
BCW-200002_00429	gnl|TC-DB|Q9I0V8|2.A.6.2.39	34.0	374	227	3	10	369	7	374	1.8e-52	203.4
BCW-200002_00432	gnl|TC-DB|P11461|1.B.14.1.11	23.5	698	450	24	158	808	66	726	9.9e-43	171.8
BCW-200002_00438	gnl|TC-DB|O31199|2.A.3.1.9	68.5	451	142	0	1	451	1	451	3.3e-184	641.0
BCW-200002_00442	gnl|TC-DB|Q9P6J2|2.A.89.3.8	46.5	226	121	0	8	233	11	236	3.1e-45	178.3
BCW-200002_00455	gnl|TC-DB|G3IME2|9.B.35.1.2	33.3	117	75	2	18	132	26	141	4.5e-17	84.0
BCW-200002_00458	gnl|TC-DB|P77529|2.A.23.1.8	72.1	462	128	1	1	461	1	462	3.9e-177	617.5
BCW-200002_00460	gnl|TC-DB|B2UHN5|2.A.49.9.2	45.7	403	217	1	2	404	3	403	1.5e-103	372.9
BCW-200002_00480	gnl|TC-DB|O51234|3.A.1.7.5	31.3	294	182	7	158	443	6	287	3.7e-26	115.9
BCW-200002_00481	gnl|TC-DB|C3KCB6|3.A.1.7.3	28.0	225	157	2	227	448	62	284	8.9e-20	94.7
BCW-200002_00482	gnl|TC-DB|P0C560|3.A.1.7.2	59.4	256	96	3	54	302	4	258	1.5e-81	299.3
BCW-200002_00494	gnl|TC-DB|B7LEG0|1.A.34.1.2	34.5	255	133	5	55	275	123	377	1.5e-30	129.8
BCW-200002_00505	gnl|TC-DB|P42308|2.A.11.1.2	55.4	442	175	4	1	439	1	423	4.1e-131	464.5
BCW-200002_00511	gnl|TC-DB|P0A754|2.A.37.1.1	38.7	163	98	1	5	167	4	164	3.6e-27	117.9
BCW-200002_00512	gnl|TC-DB|P80874|8.A.5.1.4	32.3	319	199	8	1	311	1	310	1.3e-33	140.2
BCW-200002_00515	gnl|TC-DB|P0AAH8|3.A.1.5.42	96.4	84	3	0	1	84	185	268	1.3e-41	164.9
BCW-200002_00542	gnl|TC-DB|D4E385|1.E.2.1.11	44.3	70	35	2	12	78	163	231	1.3e-11	65.1
BCW-200002_00563	gnl|TC-DB|O34416|2.A.7.3.29	34.9	292	188	2	3	294	2	291	6.6e-48	187.6
BCW-200002_00570	gnl|TC-DB|Q47689|2.A.3.1.10	52.3	457	213	1	15	471	8	459	1.8e-137	485.7
BCW-200002_00576	gnl|TC-DB|Q8ZNJ8|3.A.1.5.24	50.0	526	254	5	12	528	4	529	2.8e-134	475.3
BCW-200002_00577	gnl|TC-DB|P33915|3.A.1.5.21	53.6	336	156	0	1	336	4	339	4.3e-101	364.4
BCW-200002_00578	gnl|TC-DB|Q7CQ74|3.A.1.5.24	54.1	364	155	2	1	352	1	364	1.7e-111	399.1
BCW-200002_00579	gnl|TC-DB|P33913|3.A.1.5.21	34.9	602	380	9	10	608	4	596	3.3e-99	359.0
BCW-200002_00599	gnl|TC-DB|Q55487|4.D.2.1.9	43.3	307	166	3	3	304	1	304	2.8e-73	271.9
BCW-200002_00601	gnl|TC-DB|V5BTU4|9.B.142.2.8	27.4	336	220	5	11	331	18	344	3.9e-30	129.4
BCW-200002_00603	gnl|TC-DB|P0AA04|8.A.8.1.1	100.0	85	0	0	1	85	1	85	1.4e-40	161.4
BCW-200002_00608	gnl|TC-DB|B2I1H5|1.B.1.2.1	65.9	258	84	3	1	257	1	255	4.4e-93	337.4
BCW-200002_00614	gnl|TC-DB|B9MIH1|2.A.106.1.4	57.8	185	76	1	1	185	1	183	2.6e-58	221.5
BCW-200002_00637	gnl|TC-DB|D4ZZR3|9.B.34.1.3	29.0	334	194	12	75	382	77	393	1.2e-22	104.0
BCW-200002_00638	gnl|TC-DB|P36655|5.A.1.1.1	32.6	562	320	13	39	587	34	549	1.2e-69	260.8
BCW-200002_00644	gnl|TC-DB|G3IME2|9.B.35.1.2	33.3	111	69	2	2	107	31	141	5.4e-13	70.1
BCW-200002_00659	gnl|TC-DB|O34474|2.A.66.1.25	43.9	460	252	2	2	455	3	462	2.6e-104	375.6
BCW-200002_00684	gnl|TC-DB|Q9K0A9|2.A.28.2.4	56.0	309	136	0	1	309	1	309	1.3e-94	342.8
BCW-200002_00690	gnl|TC-DB|P73544|3.A.1.3.12	39.7	189	104	2	26	204	315	503	2.0e-30	129.0
BCW-200002_00691	gnl|TC-DB|A1VZQ3|3.A.1.3.16	33.6	217	134	3	6	214	29	243	3.7e-24	108.2
BCW-200002_00692	gnl|TC-DB|Q9I488|3.A.1.3.21	54.2	236	108	0	3	238	1	236	7.6e-63	236.9
BCW-200002_00693	gnl|TC-DB|P37327|1.A.16.4.1	33.3	285	179	6	3	283	7	284	5.4e-36	147.9
BCW-200002_00694	gnl|TC-DB|P0AAP1|9.B.34.1.2	28.2	202	135	4	213	414	174	365	6.4e-19	92.4
BCW-200002_00714	gnl|TC-DB|P77389|2.A.1.2.65	67.2	378	124	0	1	378	1	378	2.8e-136	481.5
BCW-200002_00719	gnl|TC-DB|Q9HXW4|2.A.6.2.17	66.5	1037	330	2	1	1037	1	1020	0.0e+00	1349.0
BCW-200002_00720	gnl|TC-DB|Q9I6X6|2.A.6.2.27	36.2	340	215	2	13	351	22	360	9.8e-38	154.1
BCW-200002_00723	gnl|TC-DB|P75892|2.A.40.1.3	65.6	424	145	1	5	428	6	428	1.1e-152	536.2
BCW-200002_00731	gnl|TC-DB|B2UL32|2.A.5.5.5	42.2	263	144	2	9	263	8	270	9.0e-41	163.7
BCW-200002_00733	gnl|TC-DB|Q8NRL8|2.A.22.4.3	49.0	484	245	2	3	486	32	513	1.5e-129	459.5
BCW-200002_00746	gnl|TC-DB|P67143|2.A.95.1.5	93.9	147	9	0	1	147	51	197	5.0e-70	260.0
BCW-200002_00753	gnl|TC-DB|Q8GRB0|3.A.1.14.8	40.4	156	90	1	8	160	92	247	4.5e-30	127.5
BCW-200002_00758	gnl|TC-DB|P0AGE4|2.A.23.4.1	55.8	396	173	2	1	396	9	402	3.5e-105	378.3
BCW-200002_00759	gnl|TC-DB|T2KLL7|9.B.143.3.4	28.6	210	134	6	16	212	20	226	5.1e-13	71.2
BCW-200002_00761	gnl|TC-DB|P0AAT4|1.A.23.4.5	42.1	392	224	3	28	417	22	412	5.9e-79	291.2
BCW-200002_00763	gnl|TC-DB|Q2G2M9|3.A.1.106.2	35.2	506	298	7	107	601	90	576	9.5e-70	261.2
BCW-200002_00785	gnl|TC-DB|P96668|2.A.7.3.24	55.7	289	125	2	3	291	1	286	3.9e-82	301.2
BCW-200002_00787	gnl|TC-DB|P09833|3.A.1.8.1	41.8	184	103	1	26	209	26	205	9.1e-36	146.7
BCW-200002_00788	gnl|TC-DB|P0AF01|3.A.1.8.1	51.6	225	108	1	1	224	2	226	4.4e-57	217.6
BCW-200002_00789	gnl|TC-DB|P37329|3.A.1.8.1	40.9	235	134	5	18	250	24	255	3.2e-40	161.8
BCW-200002_00796	gnl|TC-DB|P18775|5.A.3.3.2	24.4	483	299	17	31	464	63	528	4.7e-20	96.7
BCW-200002_00799	gnl|TC-DB|Q9SWR8|2.A.1.8.4	40.4	408	234	4	11	413	31	434	1.7e-76	283.1
BCW-200002_00801	gnl|TC-DB|Q55107|3.A.1.16.3	31.4	328	211	7	4	325	276	595	1.6e-37	153.3
BCW-200002_00802	gnl|TC-DB|P07658|3.D.1.9.2	26.2	370	231	8	121	476	61	402	6.8e-36	149.1
BCW-200002_00814	gnl|TC-DB|P77726|2.A.1.2.60	40.9	433	252	4	6	435	10	441	5.0e-84	308.1
BCW-200002_00815	gnl|TC-DB|C9RH03|2.A.109.3.1	49.7	354	153	3	1	354	7	335	4.4e-83	304.7
BCW-200002_00817	gnl|TC-DB|P0ACX0|9.B.72.1.2	50.9	106	52	0	3	108	2	107	7.9e-23	102.8
BCW-200002_00825	gnl|TC-DB|Q93GK5|3.A.1.110.1	41.8	693	399	2	2	693	8	697	4.3e-159	558.1
BCW-200002_00828	gnl|TC-DB|D4ZZR3|9.B.34.1.3	38.5	169	89	4	224	380	228	393	3.9e-21	99.0
BCW-200002_00830	gnl|TC-DB|Q5K1Z4|1.B.1.2.4	70.7	300	81	2	1	300	1	293	3.4e-97	351.3
BCW-200002_00831	gnl|TC-DB|Q6F754|2.A.15.1.9	99.8	660	1	0	1	660	1	660	0.0e+00	1286.6
BCW-200002_00832	gnl|TC-DB|K6KRX2|1.A.1.28.6	67.6	219	70	1	6	223	6	224	4.3e-76	280.8
BCW-200002_00835	gnl|TC-DB|P0AAF3|3.A.1.2.2	93.1	87	6	0	1	87	418	504	7.9e-39	155.6
BCW-200002_00840	gnl|TC-DB|P07822|3.A.1.14.3	85.2	81	12	0	3	83	216	296	8.4e-38	152.1
BCW-200002_00849	gnl|TC-DB|P76397|8.A.1.6.2	87.5	80	10	0	1	80	313	392	3.9e-33	136.7
BCW-200002_00859	gnl|TC-DB|Q05202|1.B.14.1.15	35.6	720	417	15	36	738	69	758	3.1e-115	412.5
BCW-200002_00869	gnl|TC-DB|Q9HT69|3.A.1.24.5	42.9	198	113	0	13	210	21	218	1.1e-39	159.8
BCW-200002_00870	gnl|TC-DB|Q9HT70|3.A.1.24.5	45.8	336	178	3	15	349	2	334	8.2e-74	273.9
BCW-200002_00871	gnl|TC-DB|P28635|3.A.1.24.1	38.8	240	141	4	38	276	37	271	2.1e-40	162.5
BCW-200002_00876	gnl|TC-DB|Q9I402|3.A.1.3.22	45.0	269	146	1	29	295	29	297	1.1e-63	240.0
BCW-200002_00877	gnl|TC-DB|Q88NY3|3.A.1.3.19	42.4	238	125	3	46	280	20	248	1.0e-42	170.2
BCW-200002_00878	gnl|TC-DB|Q88NY4|3.A.1.3.19	49.5	212	103	2	14	223	14	223	2.3e-45	178.7
BCW-200002_00879	gnl|TC-DB|Q9I405|3.A.1.3.22	76.8	241	56	0	3	243	1	241	3.0e-107	384.4
BCW-200002_00884	gnl|TC-DB|Q8G8W9|1.B.14.1.26	29.6	670	430	17	53	698	131	782	1.1e-69	261.2
BCW-200002_00937	gnl|TC-DB|Q9HY57|4.A.2.1.17	68.1	454	141	2	110	563	116	565	3.3e-141	498.4
BCW-200002_00939	gnl|TC-DB|Q9HY55|4.A.2.1.17	51.6	958	450	7	1	950	1	952	1.9e-255	878.6
BCW-200002_00941	gnl|TC-DB|P25185|2.A.26.1.2	61.4	428	165	0	1	428	1	428	1.7e-142	502.3
BCW-200002_00943	gnl|TC-DB|Q7BGE1|1.E.43.3.7	42.1	140	71	2	7	145	21	151	1.9e-24	108.6
BCW-200002_00945	gnl|TC-DB|P36640|3.A.3.4.1	59.8	904	339	3	25	920	15	902	4.7e-299	1023.5
BCW-200002_00946	gnl|TC-DB|P22037|9.B.20.1.1	42.4	217	123	2	18	233	11	226	5.0e-35	144.4
BCW-200002_00947	gnl|TC-DB|P76103|2.A.46.1.9	40.4	374	223	0	11	384	9	382	1.1e-74	276.9
BCW-200002_00948	gnl|TC-DB|P76249|2.A.76.1.5	41.0	212	118	3	2	213	5	209	1.3e-37	152.9
BCW-200002_00951	gnl|TC-DB|A3M6E6|2.A.117.1.1	72.9	133	36	0	1	133	36	168	3.0e-51	197.6
BCW-200002_00957	gnl|TC-DB|C4PAW9|2.A.1.3.43	60.6	492	194	0	1	492	1	492	7.5e-166	580.1
BCW-200002_00972	gnl|TC-DB|C9RH03|2.A.109.3.1	48.7	355	160	4	1	355	7	339	2.1e-85	312.4
BCW-200002_00985	gnl|TC-DB|Q8DQH8|3.A.1.4.10	40.6	249	148	0	10	258	3	251	3.5e-53	204.9
BCW-200002_00986	gnl|TC-DB|Q0S718|3.A.1.4.9	27.8	284	197	4	5	286	1	278	9.6e-20	94.0
BCW-200002_00987	gnl|TC-DB|Q8DQH9|3.A.1.4.10	26.2	252	151	6	104	351	94	314	2.7e-16	82.8
BCW-200002_00989	gnl|TC-DB|Q8DQH7|3.A.1.4.10	48.3	242	117	4	3	244	2	235	4.7e-52	201.1
BCW-200002_00990	gnl|TC-DB|A5W3Z9|9.B.153.4.3	33.8	272	176	4	20	288	18	288	2.8e-40	162.2
BCW-200002_00991	gnl|TC-DB|Q9KN48|3.A.23.1.1	41.1	231	134	2	24	253	190	419	4.1e-44	175.3
BCW-200002_00994	gnl|TC-DB|P42308|2.A.11.1.2	32.7	419	269	3	1	419	1	406	1.4e-62	236.9
BCW-200002_01010	gnl|TC-DB|M2X3K0|9.B.115.1.1	34.2	199	115	8	66	258	41	229	1.9e-11	66.2
BCW-200002_01016	gnl|TC-DB|E7BBJ3|2.A.102.4.2	37.6	258	154	1	1	251	1	258	2.1e-34	142.5
BCW-200002_01017	gnl|TC-DB|Q9KN48|3.A.23.1.1	48.9	231	113	2	14	241	196	424	1.2e-55	213.4
BCW-200002_01020	gnl|TC-DB|A5W3Z9|9.B.153.4.3	55.1	285	126	1	8	292	6	288	3.7e-96	347.8
BCW-200002_01024	gnl|TC-DB|P94400|9.B.10.1.1	42.1	382	214	5	16	393	3	381	2.3e-80	295.8
BCW-200002_01045	gnl|TC-DB|Q9LAE4|1.B.14.8.1	25.6	797	458	21	67	825	27	726	1.8e-52	204.1
BCW-200002_01046	gnl|TC-DB|P63144|8.A.5.1.3	34.3	332	205	7	5	329	64	389	1.1e-45	180.3
BCW-200002_01048	gnl|TC-DB|Q9LAE4|1.B.14.8.1	27.0	747	438	24	52	764	27	700	5.9e-48	189.1
BCW-200002_01052	gnl|TC-DB|Q1D0D2|1.A.30.2.7	44.4	126	66	2	12	135	13	136	2.3e-21	98.2
BCW-200002_01053	gnl|TC-DB|Q1D0D3|1.A.30.2.7	34.0	215	137	2	6	215	22	236	4.7e-28	121.3
BCW-200002_01055	gnl|TC-DB|Q55107|3.A.1.16.3	44.9	254	132	4	24	269	5	258	2.2e-55	212.2
BCW-200002_01056	gnl|TC-DB|O85765|3.A.1.17.2	34.3	242	157	2	42	282	16	256	1.3e-33	141.0
BCW-200002_01063	gnl|TC-DB|Q82VI7|1.B.14.1.10	21.9	798	534	25	28	785	51	799	6.7e-31	132.5
BCW-200002_01080	gnl|TC-DB|P37643|2.A.1.6.10	37.0	443	262	6	1	430	1	439	2.5e-75	279.3
BCW-200002_01081	gnl|TC-DB|Q6FCB4|1.B.25.2.1	66.0	153	52	0	34	186	37	189	7.8e-55	209.9
BCW-200002_01087	gnl|TC-DB|Q9S269|2.A.3.15.5	28.5	473	326	4	7	468	27	498	1.5e-46	183.7
BCW-200002_01103	gnl|TC-DB|P0A2G3|2.A.1.6.7	63.7	410	149	0	7	416	10	419	3.9e-150	527.7
BCW-200002_01109	gnl|TC-DB|Q8EDM8|1.B.14.8.4	26.6	800	474	25	13	776	10	732	1.1e-54	211.5
BCW-200002_01111	gnl|TC-DB|P33950|3.A.1.5.27	24.7	446	282	15	87	487	71	507	2.0e-23	107.1
BCW-200002_01112	gnl|TC-DB|Q1D0D2|1.A.30.2.7	41.9	124	68	2	12	133	13	134	1.3e-19	92.4
BCW-200002_01113	gnl|TC-DB|Q1D0D3|1.A.30.2.7	34.0	215	137	2	6	215	22	236	2.1e-28	122.5
BCW-200002_01116	gnl|TC-DB|O85763|3.A.1.17.2	25.1	271	185	6	15	282	9	264	8.1e-13	71.2
BCW-200002_01117	gnl|TC-DB|P38044|3.A.1.16.1	26.4	246	165	5	40	272	34	276	4.8e-13	71.6
BCW-200002_01118	gnl|TC-DB|O85765|3.A.1.17.2	34.2	237	155	1	24	260	18	253	8.0e-34	140.6
BCW-200002_01119	gnl|TC-DB|Q55107|3.A.1.16.3	50.0	230	111	3	6	231	5	234	7.1e-56	213.8
BCW-200002_01122	gnl|TC-DB|P69423|2.A.64.1.1	47.4	228	120	0	18	245	12	239	8.9e-51	196.8
BCW-200002_01123	gnl|TC-DB|Q9KN48|3.A.23.1.1	43.0	230	131	0	26	255	190	419	4.5e-48	188.3
BCW-200002_01126	gnl|TC-DB|G0LBU8|1.B.14.6.11	29.6	829	506	22	36	830	192	976	2.6e-70	263.5
BCW-200002_01127	gnl|TC-DB|Q9WYC4|3.A.1.135.5	32.2	580	369	9	33	603	25	589	3.2e-78	289.3
BCW-200002_01128	gnl|TC-DB|Q9WYC3|3.A.1.135.5	30.8	522	344	6	88	606	57	564	3.4e-59	226.1
BCW-200002_01131	gnl|TC-DB|Q97UG5|3.A.1.5.8	33.7	617	376	10	7	597	6	615	2.2e-95	346.3
BCW-200002_01132	gnl|TC-DB|Q92NE9|3.A.1.5.17	36.0	247	158	0	24	270	13	259	3.4e-38	155.2
BCW-200002_01133	gnl|TC-DB|P75798|3.A.1.5.11	34.0	312	197	2	27	338	2	304	2.8e-43	172.6
BCW-200002_01134	gnl|TC-DB|P42061|3.A.1.5.20	26.9	301	201	8	85	371	75	370	4.1e-21	99.4
BCW-200002_01148	gnl|TC-DB|Q9I2M0|3.A.1.109.4	41.0	366	213	3	27	390	29	393	1.7e-72	269.6
BCW-200002_01149	gnl|TC-DB|Q9I2M1|3.A.1.109.4	39.3	690	415	3	10	699	21	706	4.7e-137	485.0
BCW-200002_01150	gnl|TC-DB|Q9I2M2|3.A.1.109.4	22.8	377	275	5	91	464	35	398	1.4e-15	80.9
BCW-200002_01151	gnl|TC-DB|P0A9V1|1.B.42.1.2	65.8	237	81	0	10	246	3	239	9.1e-88	319.7
BCW-200002_01152	gnl|TC-DB|P0ADV1|1.B.42.1.2	32.6	144	95	2	30	172	25	167	2.3e-16	82.0
BCW-200002_01169	gnl|TC-DB|A7NLS3|3.A.1.17.7	33.7	246	152	4	17	255	30	271	6.4e-23	104.4
BCW-200002_01170	gnl|TC-DB|Q55107|3.A.1.16.3	40.8	223	126	2	25	241	1	223	4.7e-40	161.4
BCW-200002_01171	gnl|TC-DB|A7NLS2|3.A.1.17.7	25.0	296	195	9	46	322	61	348	6.3e-12	68.2
BCW-200002_01173	gnl|TC-DB|Q6MLK6|1.A.46.2.5	35.8	299	180	3	1	292	7	300	3.5e-49	191.8
BCW-200002_01176	gnl|TC-DB|Q53148|2.A.3.5.1	64.3	456	154	4	15	466	28	478	6.4e-151	530.4
BCW-200002_01218	gnl|TC-DB|P32108|9.B.32.1.1	66.2	77	24	1	1	75	32	108	6.3e-28	119.4
BCW-200002_01221	gnl|TC-DB|P04983|3.A.1.2.1	97.7	86	2	0	1	86	416	501	1.3e-41	164.9
BCW-200002_01229	gnl|TC-DB|K1GHE1|9.B.186.1.2	53.5	144	66	1	74	217	70	212	3.6e-32	134.8
BCW-200002_01240	gnl|TC-DB|Q51532|3.A.15.2.1	65.5	357	122	1	1	357	1	356	1.5e-134	475.7
BCW-200002_01241	gnl|TC-DB|P24559|3.A.15.2.1	81.8	318	58	0	1	318	27	344	1.5e-148	521.9
BCW-200002_01254	gnl|TC-DB|O51918|2.A.1.3.24	49.2	325	165	0	50	374	49	373	2.4e-63	239.2
BCW-200002_01255	gnl|TC-DB|A3M347|2.A.1.3.62	84.1	498	79	0	10	507	3	500	6.0e-235	809.7
BCW-200002_01269	gnl|TC-DB|A5W3Z9|9.B.153.4.3	34.1	290	187	3	17	305	2	288	3.5e-49	191.8
BCW-200002_01276	gnl|TC-DB|H0KI06|9.B.124.1.3	36.8	114	70	2	2	115	1	112	6.2e-15	76.6
BCW-200002_01283	gnl|TC-DB|P0A6Y8|1.A.33.1.2	69.7	650	181	3	1	646	1	638	3.5e-248	854.0
BCW-200002_01290	gnl|TC-DB|C1D6W6|2.A.7.34.1	52.6	114	53	1	1	114	1	113	1.7e-28	121.7
BCW-200002_01292	gnl|TC-DB|P94571|9.B.105.1.3	29.2	178	124	2	7	184	2	177	6.0e-18	87.4
BCW-200002_01293	gnl|TC-DB|P42601|2.A.109.1.7	54.1	320	142	2	1	316	1	319	1.0e-91	333.2
BCW-200002_01304	gnl|TC-DB|Q9KIH3|2.A.1.3.18	30.9	489	334	1	18	502	21	509	8.8e-69	257.7
BCW-200002_01305	gnl|TC-DB|P27303|8.A.1.1.1	31.2	295	191	4	40	332	41	325	5.6e-30	128.3
BCW-200002_01307	gnl|TC-DB|P25714|2.A.9.3.1	47.3	501	240	8	87	578	61	546	6.6e-121	431.0
BCW-200002_01317	gnl|TC-DB|Q83XH1|3.A.1.121.4	29.9	518	348	9	1	507	1	514	7.1e-60	228.4
BCW-200002_01338	gnl|TC-DB|P25737|2.A.3.1.2	88.2	110	13	0	1	110	380	489	2.6e-55	210.7
BCW-200002_01343	gnl|TC-DB|P68183|3.A.1.1.1	95.6	91	4	0	1	91	206	296	1.8e-41	164.5
BCW-200002_01368	gnl|TC-DB|P25694|3.A.16.1.2	37.0	311	175	4	134	440	461	754	7.5e-54	208.4
BCW-200002_01387	gnl|TC-DB|Q8GKU1|2.A.6.2.4	57.4	1028	428	3	1	1022	1	1024	0.0e+00	1101.3
BCW-200002_01388	gnl|TC-DB|Q5SMG8|1.A.26.1.2	42.2	346	198	1	100	445	104	447	2.5e-67	252.7
BCW-200002_01390	gnl|TC-DB|P23894|9.B.1.1.6	49.3	300	135	6	1	296	1	287	7.4e-68	253.8
BCW-200002_01404	gnl|TC-DB|P64592|9.B.124.1.1	43.9	114	56	3	129	238	1	110	8.7e-19	90.5
BCW-200002_01434	gnl|TC-DB|P0AAP1|9.B.34.1.2	25.7	167	124	0	251	417	199	365	1.4e-13	74.7
BCW-200002_01442	gnl|TC-DB|Q84BQ3|3.A.1.122.12	47.5	400	158	2	28	427	7	354	4.4e-40	162.2
BCW-200002_01443	gnl|TC-DB|P75831|3.A.1.122.1	53.6	658	292	4	7	664	4	648	9.3e-188	653.3
BCW-200002_01444	gnl|TC-DB|Q2FD80|2.A.6.2.44	30.2	483	305	8	3	460	4	479	6.3e-42	168.3
BCW-200002_01449	gnl|TC-DB|P00550|4.A.2.1.2	91.1	112	10	0	1	112	522	633	2.5e-53	204.1
BCW-200002_01455	gnl|TC-DB|O30513|2.A.1.15.5	52.2	433	202	1	5	432	4	436	7.1e-123	437.2
BCW-200002_01456	gnl|TC-DB|D0SAV4|1.B.70.1.1	37.0	354	205	8	84	431	85	426	2.8e-60	229.2
BCW-200002_01465	gnl|TC-DB|V9RYY0|2.A.76.2.3	40.9	193	114	0	2	194	4	196	2.1e-34	142.1
BCW-200002_01483	gnl|TC-DB|P03819|2.A.37.1.1	75.4	61	15	0	1	61	560	620	2.6e-20	93.6
BCW-200002_01490	gnl|TC-DB|P46889|3.A.12.1.2	60.0	490	190	3	528	1017	840	1323	8.7e-161	564.3
BCW-200002_01491	gnl|TC-DB|P76042|3.A.1.1.46	77.3	97	22	0	1	97	333	429	2.0e-38	154.5
BCW-200002_01493	gnl|TC-DB|P69801|4.A.6.1.1	96.9	97	3	0	1	97	170	266	4.4e-46	179.9
BCW-200002_01506	gnl|TC-DB|Q51330|2.A.1.11.1	23.3	412	251	9	27	437	15	362	4.8e-20	95.9
BCW-200002_01510	gnl|TC-DB|P0AAP1|9.B.34.1.2	32.6	178	115	3	222	399	198	370	4.2e-21	99.0
BCW-200002_01518	gnl|TC-DB|P23200|3.A.1.2.3	97.8	90	2	0	1	90	247	336	8.5e-44	172.2
BCW-200002_01532	gnl|TC-DB|Q9KN51|3.A.23.1.1	25.6	457	320	8	1	452	1	442	4.7e-42	168.7
BCW-200002_01533	gnl|TC-DB|A8YQR7|3.A.23.2.1	28.4	363	239	4	3	359	4	351	9.1e-36	147.5
BCW-200002_01534	gnl|TC-DB|Q6EE14|3.A.23.2.1	52.2	852	392	6	2	848	3	844	8.8e-234	806.6
BCW-200002_01536	gnl|TC-DB|Q6EE21|3.A.23.2.1	52.8	123	58	0	5	127	4	126	2.5e-33	138.3
BCW-200002_01537	gnl|TC-DB|Q6EE20|3.A.23.2.1	59.9	491	194	2	1	489	1	490	7.1e-177	616.7
BCW-200002_01540	gnl|TC-DB|Q9KN55|3.A.23.1.1	26.3	620	396	18	8	602	6	589	2.7e-45	179.9
BCW-200002_01543	gnl|TC-DB|Q5ZYB4|3.A.7.9.1	20.6	514	326	17	122	628	25	463	4.7e-15	80.5
BCW-200002_01545	gnl|TC-DB|D5ERW9|9.B.186.1.3	43.6	101	56	1	151	250	107	207	4.0e-14	75.1
BCW-200002_01553	gnl|TC-DB|F0QEP2|9.B.153.4.2	81.9	315	57	0	1	315	1	315	6.6e-160	559.7
BCW-200002_01555	gnl|TC-DB|Q7WTJ2|5.B.1.3.2	30.7	329	216	6	17	338	14	337	1.5e-40	163.3
BCW-200002_01569	gnl|TC-DB|P0AAE0|2.A.3.1.7	60.5	458	176	1	8	465	12	464	3.4e-152	534.6
BCW-200002_01588	gnl|TC-DB|P75958|3.A.1.125.1	38.6	412	248	3	1	408	1	411	7.0e-69	257.7
BCW-200002_01589	gnl|TC-DB|P75957|3.A.1.125.1	52.3	222	105	1	1	222	1	221	3.3e-60	228.0
BCW-200002_01590	gnl|TC-DB|P51973|3.A.11.2.1	27.8	683	408	24	133	798	65	679	2.8e-45	180.3
BCW-200002_01596	gnl|TC-DB|C9VRY8|2.A.86.1.5	29.4	350	232	3	10	353	48	388	1.7e-35	146.7
BCW-200002_01606	gnl|TC-DB|C6EJJ6|2.C.1.2.1	38.1	168	101	2	17	181	6	173	4.6e-23	104.4
BCW-200002_01607	gnl|TC-DB|P0A855|2.C.1.2.1	51.1	427	195	7	12	426	4	428	3.9e-30	129.0
BCW-200002_01609	gnl|TC-DB|Q1D0D2|1.A.30.2.7	38.9	131	68	4	18	146	14	134	4.5e-18	87.4
BCW-200002_01610	gnl|TC-DB|P0ABU9|1.A.30.2.2	45.9	220	117	2	7	224	2	221	1.7e-43	172.6
BCW-200002_01618	gnl|TC-DB|Q5P737|2.A.1.51.1	26.6	384	263	7	7	381	2	375	2.7e-25	112.8
BCW-200002_01629	gnl|TC-DB|C0L0K3|1.B.63.1.1	69.8	248	73	2	1	248	1	246	3.3e-98	354.4
BCW-200002_01631	gnl|TC-DB|P16676|3.A.1.6.1	61.5	283	108	1	1	283	1	282	8.9e-97	350.1
BCW-200002_01632	gnl|TC-DB|P0AEB0|3.A.1.6.1	49.5	281	141	1	10	289	1	281	7.5e-73	270.4
BCW-200002_01633	gnl|TC-DB|P16701|3.A.1.6.1	50.8	266	131	0	6	271	8	273	1.2e-69	259.6
BCW-200002_01635	gnl|TC-DB|P0AG78|3.A.1.6.1	65.5	322	106	4	11	328	8	328	8.3e-121	429.9
BCW-200002_01639	gnl|TC-DB|F9VN10|3.D.10.1.4	34.5	545	320	12	10	528	6	539	2.1e-73	273.1
BCW-200002_01665	gnl|TC-DB|Q57389|2.A.7.7.3	36.9	295	181	3	1	294	1	291	1.3e-51	199.9
BCW-200002_01689	gnl|TC-DB|P94369|2.A.39.1.5	37.1	455	269	10	29	475	2	447	1.8e-71	266.5
BCW-200002_01695	gnl|TC-DB|Q46909|2.A.1.1.95	28.1	417	271	10	47	463	31	418	1.3e-26	117.5
BCW-200002_01696	gnl|TC-DB|O67997|1.A.11.1.4	46.4	414	210	4	21	432	32	435	5.6e-101	364.4
BCW-200002_01698	gnl|TC-DB|P31122|2.A.1.2.15	27.5	346	247	2	6	350	12	354	1.2e-38	157.1
BCW-200002_01707	gnl|TC-DB|P42964|2.A.55.3.2	49.1	387	190	4	14	400	18	397	5.8e-92	334.3
BCW-200002_01713	gnl|TC-DB|P76460|2.A.73.1.1	31.8	459	290	9	7	462	1	439	2.9e-55	212.6
BCW-200002_01717	gnl|TC-DB|Q81E21|2.A.8.1.14	65.4	477	157	3	3	471	2	478	1.8e-161	565.5
BCW-200002_01738	gnl|TC-DB|P77549|2.A.1.46.6	49.1	379	191	1	7	385	5	381	6.4e-91	330.9
BCW-200002_01739	gnl|TC-DB|P0ABP6|9.B.27.2.3	46.9	179	92	3	5	181	9	186	1.6e-36	149.1
BCW-200002_01756	gnl|TC-DB|Q9HT69|3.A.1.24.5	43.9	196	110	0	32	227	23	218	6.3e-35	144.1
BCW-200002_01757	gnl|TC-DB|P30750|3.A.1.24.1	45.7	341	182	1	1	338	1	341	1.6e-82	302.8
BCW-200002_01758	gnl|TC-DB|Q9HT68|3.A.1.24.5	38.8	276	149	6	1	275	1	257	6.7e-42	167.5
BCW-200002_01777	gnl|TC-DB|P0ABJ6|3.D.4.5.1	56.5	108	47	0	1	108	1	108	5.1e-27	116.7
BCW-200002_01778	gnl|TC-DB|P0ABJ3|3.D.4.5.1	62.6	182	65	2	25	206	26	204	1.6e-58	222.2
BCW-200002_01779	gnl|TC-DB|P0ABI8|3.D.4.5.1	66.2	656	221	1	3	657	1	656	5.3e-260	893.3
BCW-200002_01780	gnl|TC-DB|P0ABJ1|3.D.4.5.1	44.2	351	141	6	6	346	10	315	3.8e-71	265.0
BCW-200002_01782	gnl|TC-DB|Q9HY55|4.A.2.1.17	28.2	422	222	11	380	777	552	916	4.0e-28	123.2
BCW-200002_01790	gnl|TC-DB|D1F3T8|2.A.1.3.42	33.1	852	548	8	14	856	34	872	3.9e-130	462.2
BCW-200002_01791	gnl|TC-DB|G4NXA5|1.A.33.1.4	35.2	583	343	13	7	565	4	575	1.6e-84	310.1
BCW-200002_01794	gnl|TC-DB|P32705|2.A.21.7.2	87.9	99	12	0	1	99	451	549	2.6e-46	180.6
BCW-200002_01795	gnl|TC-DB|H0KI06|9.B.124.1.3	37.4	107	64	2	106	210	1	106	6.1e-14	74.3
BCW-200002_01796	gnl|TC-DB|P45522|2.A.37.1.2	41.9	551	311	3	10	556	7	552	3.8e-111	398.7
BCW-200002_01804	gnl|TC-DB|P25527|2.A.3.1.4	50.9	446	214	3	7	451	1	442	1.1e-116	416.8
BCW-200002_01807	gnl|TC-DB|Q8RCC4|3.A.1.3.27	30.1	229	142	6	49	271	41	257	5.1e-18	88.2
BCW-200002_01811	gnl|TC-DB|P48243|3.A.1.3.9	50.8	244	113	2	263	505	2	239	1.7e-61	233.4
BCW-200002_01840	gnl|TC-DB|P37643|2.A.1.6.10	57.5	440	179	3	1	432	1	440	4.3e-133	471.1
BCW-200002_01841	gnl|TC-DB|P67153|1.C.113.1.10	44.0	216	117	2	1	212	1	216	3.4e-43	171.4
BCW-200002_01853	gnl|TC-DB|Q51485|1.B.19.1.1	47.2	443	197	5	9	416	14	454	4.1e-117	417.9
BCW-200002_01857	gnl|TC-DB|C6GYU4|2.A.76.1.9	29.1	196	132	4	1	191	2	195	7.3e-14	73.9
BCW-200002_01859	gnl|TC-DB|P03959|3.A.3.7.1	40.6	576	313	8	1	566	1	557	2.7e-95	345.9
BCW-200002_01860	gnl|TC-DB|Q1M606|3.A.3.7.2	54.8	682	289	6	4	668	2	681	3.8e-189	657.9
BCW-200002_01861	gnl|TC-DB|Q1M607|3.A.3.7.2	44.1	186	100	2	23	206	6	189	6.3e-34	140.6
BCW-200002_01866	gnl|TC-DB|P15993|2.A.3.1.3	62.6	444	161	3	7	449	10	449	4.1e-155	544.3
BCW-200002_01868	gnl|TC-DB|P0AA53|8.A.21.2.2	42.5	186	106	1	5	189	1	186	1.2e-38	156.8
BCW-200002_01872	gnl|TC-DB|Q1D1G6|2.A.1.57.4	34.1	387	235	7	10	395	9	376	6.0e-44	174.9
BCW-200002_01876	gnl|TC-DB|O28528|1.A.11.2.7	37.4	409	226	8	4	384	37	443	3.8e-56	215.3
BCW-200002_01885	gnl|TC-DB|Q24LT6|2.A.6.2.29	87.8	484	58	1	1	483	1	484	1.3e-239	825.1
BCW-200002_01886	gnl|TC-DB|Q24LT7|2.A.6.2.29	86.8	1059	139	1	1	1059	1	1058	0.0e+00	1763.0
BCW-200002_01887	gnl|TC-DB|Q2FD95|2.A.6.2.29	80.8	385	74	0	1	385	1	385	2.1e-169	591.7
BCW-200002_01893	gnl|TC-DB|P61316|1.B.46.1.1	28.6	220	135	4	11	230	4	201	4.5e-17	84.7
BCW-200002_01900	gnl|TC-DB|P0AA47|2.A.3.1.14	52.5	448	203	2	12	459	13	450	4.1e-126	448.0
BCW-200002_01926	gnl|TC-DB|P0AC02|1.B.33.1.3	35.2	250	153	3	1	250	1	241	7.6e-40	161.0
BCW-200002_01942	gnl|TC-DB|X5H3P0|3.D.10.1.6	48.6	622	276	8	18	632	13	597	6.6e-167	583.9
BCW-200002_01943	gnl|TC-DB|X5GWN5|3.D.10.1.6	53.9	232	105	2	4	234	24	254	3.6e-70	261.2
BCW-200002_01953	gnl|TC-DB|G3XD29|2.A.36.6.8	34.8	434	262	11	6	430	1	422	2.8e-48	189.5
BCW-200002_01960	gnl|TC-DB|P37908|9.A.40.2.4	23.0	417	289	11	19	425	22	416	4.9e-28	122.1
BCW-200002_01982	gnl|TC-DB|P77223|3.D.6.1.4	47.4	114	44	4	9	116	36	139	4.9e-23	104.8
BCW-200002_01998	gnl|TC-DB|P43531|2.A.1.36.1	37.0	408	247	3	12	414	5	407	5.8e-66	248.1
BCW-200002_02000	gnl|TC-DB|P0A8K8|9.B.126.2.1	27.6	214	151	1	69	282	70	279	3.9e-19	92.4
BCW-200002_02007	gnl|TC-DB|P16869|1.B.14.1.1	39.2	720	404	10	16	716	25	729	1.1e-141	500.4
BCW-200002_02046	gnl|TC-DB|Q4KCN4|9.B.62.1.5	41.9	568	281	12	8	557	35	571	5.6e-120	427.9
BCW-200002_02047	gnl|TC-DB|D8JG11|1.B.76.1.2	57.0	223	92	2	58	276	29	251	2.9e-66	248.4
BCW-200002_02049	gnl|TC-DB|D5CES3|2.A.7.1.10	55.2	105	47	0	1	105	1	105	4.2e-26	113.6
BCW-200002_02054	gnl|TC-DB|Q8KWW6|1.B.6.1.4	88.7	346	34	3	1	346	1	341	1.4e-171	598.6
BCW-200002_02056	gnl|TC-DB|P25737|2.A.3.1.2	63.6	478	173	1	2	479	5	481	1.1e-177	619.4
BCW-200002_02058	gnl|TC-DB|P0AGM9|2.A.40.4.2	53.4	451	209	1	8	457	13	463	1.4e-126	449.5
BCW-200002_02060	gnl|TC-DB|P0A742|1.A.22.1.1	51.0	143	59	3	1	143	1	132	1.1e-29	125.9
BCW-200002_02064	gnl|TC-DB|P76115|1.B.14.9.5	46.1	685	351	8	39	718	28	699	3.0e-176	615.1
BCW-200002_02068	gnl|TC-DB|Q5K698|3.A.7.11.1	39.7	237	139	2	1	234	1	236	4.3e-47	184.5
BCW-200002_02082	gnl|TC-DB|P0AFC3|3.D.1.1.1	50.8	124	61	0	4	127	9	132	2.4e-29	125.2
BCW-200002_02083	gnl|TC-DB|P0AFC7|3.D.1.1.1	72.6	226	54	3	1	224	1	220	8.5e-93	336.3
BCW-200002_02084	gnl|TC-DB|P33599|3.D.1.1.1	67.0	576	188	2	22	595	21	596	6.7e-246	846.3
BCW-200002_02085	gnl|TC-DB|P0AFD1|3.D.1.1.1	57.2	152	65	0	18	169	14	165	2.3e-50	194.9
BCW-200002_02086	gnl|TC-DB|P31979|3.D.1.1.1	66.7	426	137	4	14	437	8	430	6.4e-169	590.1
BCW-200002_02087	gnl|TC-DB|P33602|3.D.1.1.1	59.3	890	350	5	1	879	1	889	1.2e-312	1068.5
BCW-200002_02088	gnl|TC-DB|P0AFD4|3.D.1.1.1	65.8	292	94	1	43	334	36	321	3.8e-113	404.4
BCW-200002_02089	gnl|TC-DB|P0AFD6|3.D.1.1.1	78.7	178	36	1	3	180	5	180	1.8e-69	258.5
BCW-200002_02090	gnl|TC-DB|P0AFE0|3.D.1.1.1	55.8	165	70	1	1	165	1	162	1.4e-39	159.1
BCW-200002_02091	gnl|TC-DB|P0AFE4|3.D.1.1.1	50.5	99	49	0	4	102	2	100	7.4e-20	92.8
BCW-200002_02092	gnl|TC-DB|P33607|3.D.1.1.1	56.1	627	261	3	1	627	1	613	1.1e-182	636.3
BCW-200002_02093	gnl|TC-DB|P0AFE8|3.D.1.1.1	61.2	508	188	3	5	508	1	503	4.2e-175	610.9
BCW-200002_02094	gnl|TC-DB|P0AFF0|3.D.1.1.1	47.5	480	245	4	4	480	2	477	3.3e-113	405.2
BCW-200002_02096	gnl|TC-DB|Q05202|1.B.14.1.15	29.0	707	458	17	31	717	76	758	1.8e-75	280.4
BCW-200002_02106	gnl|TC-DB|Q9RQ30|8.A.1.1.2	31.2	308	197	6	85	388	61	357	1.4e-26	117.1
BCW-200002_02113	gnl|TC-DB|Q46821|2.A.40.3.3	39.2	454	268	5	14	460	6	458	1.1e-81	300.4
BCW-200002_02119	gnl|TC-DB|P0A927|1.B.10.1.1	44.1	256	131	4	35	283	44	294	5.3e-60	227.6
BCW-200002_02121	gnl|TC-DB|A0L4L0|3.A.1.132.3	42.0	245	130	3	148	388	89	325	1.6e-52	203.4
BCW-200002_02124	gnl|TC-DB|V9RYY0|2.A.76.2.3	40.9	193	114	0	2	194	4	196	6.4e-36	147.1
BCW-200002_02132	gnl|TC-DB|E8PBU7|2.A.6.3.3	78.3	1012	219	1	22	1033	1	1011	0.0e+00	1494.9
BCW-200002_02154	gnl|TC-DB|P37683|8.A.1.1.4	79.1	129	27	0	1	129	250	378	7.6e-54	206.1
BCW-200002_02158	gnl|TC-DB|W0WMS8|3.A.1.5.39	67.9	184	59	0	2	185	117	300	3.6e-65	244.2
BCW-200002_02160	gnl|TC-DB|O85018|3.A.1.119.3	68.1	91	29	0	1	91	1028	1118	1.5e-27	118.2
BCW-200002_02170	gnl|TC-DB|Q21EL3|1.B.14.1.24	31.2	657	420	16	47	684	56	699	4.4e-76	282.3
BCW-200002_02187	gnl|TC-DB|P09833|3.A.1.8.1	47.2	178	90	1	25	202	26	199	1.1e-43	172.9
BCW-200002_02188	gnl|TC-DB|P0AF01|3.A.1.8.1	48.2	222	114	1	9	229	7	228	3.3e-52	201.4
BCW-200002_02189	gnl|TC-DB|P37329|3.A.1.8.1	48.7	236	115	4	24	253	21	256	1.2e-55	213.0
BCW-200002_02190	gnl|TC-DB|Q9HR74|5.A.3.3.3	20.6	768	455	22	5	675	56	765	7.5e-23	106.7
BCW-200002_02200	gnl|TC-DB|Q42524|4.C.1.1.7	27.2	518	353	10	23	528	51	556	1.0e-43	174.5
BCW-200002_02203	gnl|TC-DB|P69451|4.C.1.1.4	26.0	530	339	13	18	508	42	557	4.1e-42	169.1
BCW-200002_02236	gnl|TC-DB|P63183|2.A.72.1.1	46.9	629	321	6	3	626	2	622	3.9e-164	574.7
BCW-200002_02250	gnl|TC-DB|Q52000|2.A.1.6.3	55.5	431	188	4	1	430	1	428	1.7e-126	449.1
BCW-200002_02252	gnl|TC-DB|Q9I5F5|2.A.21.2.3	72.0	496	138	1	1	496	1	495	1.7e-202	701.8
BCW-200002_02260	gnl|TC-DB|P0A910|1.B.6.1.1	38.9	131	76	2	151	280	211	338	9.2e-20	94.0
BCW-200002_02262	gnl|TC-DB|P76628|2.A.1.36.3	32.8	366	245	1	13	377	12	377	4.3e-47	185.3
BCW-200002_02265	gnl|TC-DB|P42243|2.A.7.23.1	29.9	281	191	4	11	289	15	291	2.4e-21	99.4
BCW-200002_02266	gnl|TC-DB|P0C186|3.D.2.2.1	47.2	381	185	7	1	371	1	375	1.7e-82	302.8
BCW-200002_02267	gnl|TC-DB|P0C187|3.D.2.2.1	58.6	99	29	2	5	103	53	139	4.7e-22	100.1
BCW-200002_02268	gnl|TC-DB|P0C188|3.D.2.2.1	52.7	471	205	4	12	480	10	464	8.7e-127	450.3
BCW-200002_02281	gnl|TC-DB|A8V922|3.A.11.2.1	55.7	61	27	0	68	128	70	130	1.1e-12	69.3
BCW-200002_02289	gnl|TC-DB|P69451|4.C.1.1.4	27.0	571	356	22	8	539	6	554	2.6e-42	169.9
BCW-200002_02294	gnl|TC-DB|B1J6T5|9.B.27.3.3	60.6	142	56	0	1	142	1	142	7.3e-42	166.4
BCW-200002_02306	gnl|TC-DB|O84676|3.A.6.3.1	28.6	241	149	6	160	387	153	383	2.4e-11	66.6
BCW-200002_02317	gnl|TC-DB|Q9AGM7|3.A.15.3.1	56.5	490	211	2	5	493	6	494	6.7e-151	530.4
BCW-200002_02335	gnl|TC-DB|Q9X2W0|3.A.1.118.1	20.2	564	387	12	27	557	20	553	2.2e-12	70.5
BCW-200002_02336	gnl|TC-DB|P31552|4.C.1.1.6	23.5	540	340	15	18	508	2	517	3.1e-25	114.4
BCW-200002_02345	gnl|TC-DB|F8KY83|1.B.9.3.2	31.4	401	256	6	34	417	32	430	3.9e-59	225.3
BCW-200002_02351	gnl|TC-DB|Q8F8H7|2.A.53.3.8	33.4	728	440	15	14	724	27	726	5.9e-87	318.5
BCW-200002_02355	gnl|TC-DB|P43672|3.A.1.120.6	37.1	502	301	7	21	515	18	511	1.8e-80	296.6
BCW-200002_02360	gnl|TC-DB|P33011|2.A.85.7.1	67.1	79	26	0	1	79	274	352	7.0e-26	112.5
BCW-200002_02367	gnl|TC-DB|P13510|2.A.6.1.2	35.0	346	217	3	65	408	181	520	3.2e-50	195.7
BCW-200002_02368	gnl|TC-DB|P13511|2.A.6.1.2	59.1	1042	416	6	15	1047	1	1041	0.0e+00	1182.2
BCW-200002_02369	gnl|TC-DB|P13512|2.A.4.1.1	59.7	295	112	2	1	293	1	290	4.7e-86	314.3
BCW-200002_02375	gnl|TC-DB|P0AG78|3.A.1.6.1	63.5	326	114	2	5	328	4	326	6.0e-119	423.7
BCW-200002_02381	gnl|TC-DB|P0A6W3|9.B.146.1.6	54.3	372	158	2	1	372	1	360	1.8e-111	399.1
BCW-200002_02384	gnl|TC-DB|Q8VRL8|3.A.11.1.3	26.5	374	238	8	7	352	10	374	1.7e-23	106.7
BCW-200002_02388	gnl|TC-DB|P34750|1.B.22.2.1	40.2	707	358	12	35	706	34	710	7.4e-135	477.6
BCW-200002_02404	gnl|TC-DB|P04739|3.A.15.2.1	44.0	116	49	4	1	100	1	116	2.8e-13	71.6
BCW-200002_02423	gnl|TC-DB|O31068|9.A.21.1.1	81.8	1231	195	12	243	1467	1	1208	0.0e+00	1961.8
BCW-200002_02425	gnl|TC-DB|Q60148|3.A.15.2.1	38.6	145	80	7	1	141	1	140	1.6e-12	68.9
BCW-200002_02433	gnl|TC-DB|L7KTB5|2.A.102.3.2	36.0	228	139	2	29	252	26	250	1.1e-32	136.7
BCW-200002_02435	gnl|TC-DB|P0AA67|2.A.7.3.6	36.0	283	177	3	6	288	11	289	3.1e-42	168.7
BCW-200002_02436	gnl|TC-DB|P0AA67|2.A.7.3.6	47.4	272	142	1	14	285	14	284	1.7e-56	216.1
BCW-200002_02444	gnl|TC-DB|A3M9E9|2.A.1.2.51	79.1	407	85	0	1	407	1	407	1.0e-173	605.9
BCW-200002_02445	gnl|TC-DB|P75870|2.A.85.1.1	42.2	706	398	4	11	712	9	708	4.2e-154	541.6
BCW-200002_02447	gnl|TC-DB|B1LE48|2.A.86.2.1	27.7	346	241	6	17	359	20	359	1.4e-28	123.6
BCW-200002_02453	gnl|TC-DB|P80874|8.A.5.1.4	27.3	205	128	5	26	211	6	208	1.1e-15	80.5
BCW-200002_02484	gnl|TC-DB|O00571|1.I.1.1.3	38.6	352	204	5	3	343	180	530	1.8e-55	213.8
BCW-200002_02485	gnl|TC-DB|P63386|3.A.1.27.3	60.2	254	101	0	12	265	8	261	4.2e-86	314.3
BCW-200002_02486	gnl|TC-DB|P64606|3.A.1.27.3	57.7	260	103	2	1	256	3	259	1.2e-74	276.2
BCW-200002_02499	gnl|TC-DB|B0W0K4|2.A.23.2.11	36.4	434	243	8	5	408	21	451	1.9e-58	223.0
BCW-200002_02530	gnl|TC-DB|P0AGA2|3.A.5.1.1	58.0	419	167	2	23	437	18	431	8.6e-137	483.4
BCW-200002_02554	gnl|TC-DB|P32705|2.A.21.7.2	64.4	565	183	5	7	571	3	549	1.5e-191	665.6
BCW-200002_02555	gnl|TC-DB|P0AF54|9.B.136.1.1	41.2	102	59	1	1	101	1	102	5.9e-15	76.6
BCW-200002_02556	gnl|TC-DB|Q93N33|2.A.21.9.2	39.5	1191	641	22	4	1159	5	1151	3.5e-206	715.3
BCW-200002_02564	gnl|TC-DB|P31552|4.C.1.1.6	23.9	535	359	13	89	614	22	517	6.0e-30	129.0
BCW-200002_02591	gnl|TC-DB|P76242|2.A.1.17.3	51.3	380	184	1	13	391	13	392	7.9e-102	367.1
BCW-200002_02595	gnl|TC-DB|A5W3Z9|9.B.153.4.3	51.8	284	136	1	9	292	6	288	9.6e-89	323.2
BCW-200002_02599	gnl|TC-DB|P94400|9.B.10.1.1	40.2	393	223	5	16	402	3	389	1.0e-80	297.0
BCW-200002_02618	gnl|TC-DB|P0ABP6|9.B.27.2.3	58.0	205	84	2	3	205	7	211	8.7e-63	236.5
BCW-200002_02627	gnl|TC-DB|P94575|2.A.39.3.4	33.6	461	298	4	16	473	12	467	6.1e-80	294.7
BCW-200002_02628	gnl|TC-DB|Q7WZL2|1.B.1.4.3	28.6	161	109	2	19	173	23	183	6.0e-13	71.6
BCW-200002_02633	gnl|TC-DB|Q8F3M7|3.A.15.4.1	40.4	480	278	4	104	581	83	556	9.2e-99	357.5
BCW-200002_02644	gnl|TC-DB|Q848I3|2.A.23.1.10	72.4	427	104	1	3	429	4	416	2.0e-170	595.1
BCW-200002_02656	gnl|TC-DB|G3XCT7|2.A.1.25.5	27.4	752	305	14	17	711	6	573	6.4e-65	245.4
BCW-200002_02658	gnl|TC-DB|P39836|2.A.28.3.4	49.5	319	153	3	7	322	7	320	2.2e-73	272.3
BCW-200002_02664	gnl|TC-DB|P15078|2.A.114.1.1	56.5	695	291	6	14	701	8	698	2.3e-221	765.0
BCW-200002_02737	gnl|TC-DB|P15078|2.A.114.1.1	56.5	695	291	6	14	701	8	698	2.3e-221	765.0
BCW-200002_02743	gnl|TC-DB|P39836|2.A.28.3.4	49.5	319	153	3	7	322	7	320	2.2e-73	272.3
BCW-200002_02745	gnl|TC-DB|G3XCT7|2.A.1.25.5	27.4	752	305	14	17	711	6	573	6.4e-65	245.4
BCW-200002_02757	gnl|TC-DB|Q848I3|2.A.23.1.10	72.4	427	104	1	3	429	4	416	2.0e-170	595.1
BCW-200002_02768	gnl|TC-DB|Q8F3M7|3.A.15.4.1	40.4	480	278	4	104	581	83	556	9.2e-99	357.5
BCW-200002_02773	gnl|TC-DB|Q7WZL2|1.B.1.4.3	28.6	161	109	2	19	173	23	183	6.0e-13	71.6
BCW-200002_02774	gnl|TC-DB|P94575|2.A.39.3.4	33.6	461	298	4	16	473	12	467	6.1e-80	294.7
BCW-200002_02800	gnl|TC-DB|P0AG38|2.A.76.1.2	26.2	210	139	5	9	211	5	205	6.1e-16	80.9
BCW-200002_02810	gnl|TC-DB|A3M7T5|2.A.66.1.30	82.8	435	75	0	1	435	1	435	3.4e-194	674.1
BCW-200002_02813	gnl|TC-DB|P11461|1.B.14.1.11	36.9	702	418	11	32	715	32	726	4.4e-119	425.2
BCW-200002_02819	gnl|TC-DB|P69451|4.C.1.1.4	24.7	535	358	15	36	538	28	549	3.5e-36	149.4
BCW-200002_02829	gnl|TC-DB|P94131|2.A.1.15.4	99.7	339	1	0	2	340	75	413	2.1e-191	664.5
BCW-200002_02830	gnl|TC-DB|P94131|2.A.1.15.4	98.6	74	1	0	1	74	1	74	8.0e-36	145.6
BCW-200002_02833	gnl|TC-DB|P76628|2.A.1.36.3	37.3	373	234	0	11	383	13	385	3.9e-64	241.9
BCW-200002_02841	gnl|TC-DB|P94131|2.A.1.15.4	60.9	404	153	1	31	434	15	413	1.4e-144	509.2
BCW-200002_02845	gnl|TC-DB|P76628|2.A.1.36.3	34.3	376	247	0	13	388	7	382	6.8e-61	231.1
BCW-200002_02852	gnl|TC-DB|G4FGN3|3.A.1.2.20	52.6	57	27	0	1	57	437	493	1.4e-11	64.7
BCW-200002_02853	gnl|TC-DB|P0AA67|2.A.7.3.6	76.8	99	23	0	3	101	197	295	6.2e-35	142.9
BCW-200002_02856	gnl|TC-DB|Q215S1|1.B.42.1.4	22.6	645	395	23	194	756	170	792	1.3e-18	91.7
BCW-200002_02862	gnl|TC-DB|P60752|3.A.1.106.1	37.7	571	353	3	5	572	10	580	5.1e-110	394.8
BCW-200002_02883	gnl|TC-DB|Q1D212|2.A.78.2.3	30.8	234	133	2	9	213	13	246	1.9e-25	112.5
BCW-200002_02886	gnl|TC-DB|E4RK11|2.A.124.1.3	29.5	298	191	8	6	289	13	305	7.3e-20	94.4
BCW-200002_02893	gnl|TC-DB|L5DDD7|2.A.109.2.3	45.0	518	269	7	1	505	370	884	8.6e-109	390.6
BCW-200002_02895	gnl|TC-DB|Q89V93|2.A.102.4.6	24.0	275	187	8	11	269	96	364	6.2e-11	64.7
BCW-200002_02898	gnl|TC-DB|P16869|1.B.14.1.1	31.2	727	459	19	2	698	14	729	1.6e-97	353.6
BCW-200002_02903	gnl|TC-DB|Q3MK85|1.B.1.9.1	29.7	343	194	13	1	322	1	317	2.2e-16	83.2
BCW-200002_02923	gnl|TC-DB|P10121|3.A.5.1.1	63.9	302	107	2	68	369	194	493	7.7e-107	383.6
BCW-200002_02929	gnl|TC-DB|P0ABK2|3.D.4.3.2	53.8	381	174	2	1	381	1	379	5.6e-113	404.1
BCW-200002_02930	gnl|TC-DB|P0ABJ9|3.D.4.3.2	70.4	513	152	0	6	518	4	516	7.5e-217	749.6
BCW-200002_02938	gnl|TC-DB|P0C0L7|2.A.1.6.4	70.1	462	133	1	1	457	2	463	1.6e-184	642.1
BCW-200002_02939	gnl|TC-DB|P0AAP1|9.B.34.1.2	30.6	330	228	1	17	345	36	365	2.4e-38	156.0
BCW-200002_02952	gnl|TC-DB|P0ABG7|2.A.103.1.2	55.4	354	157	1	27	380	11	363	3.9e-106	381.3
BCW-200002_02955	gnl|TC-DB|P0AFN6|3.A.1.105.17	59.7	248	100	0	9	256	8	255	3.1e-83	304.7
BCW-200002_02956	gnl|TC-DB|P36879|3.A.1.105.17	60.8	311	116	2	1	311	1	305	6.1e-97	350.5
BCW-200002_03004	gnl|TC-DB|A5W3Z9|9.B.153.4.3	35.7	272	171	4	20	288	18	288	3.7e-40	161.8
BCW-200002_03020	gnl|TC-DB|P07775|2.A.46.1.1	100.0	394	0	0	1	394	1	394	1.4e-215	745.0
BCW-200002_03026	gnl|TC-DB|O30513|2.A.1.15.5	99.6	466	2	0	1	466	1	466	7.8e-258	885.6
BCW-200002_03027	gnl|TC-DB|Q6FCB4|1.B.25.2.1	99.3	415	3	0	1	415	1	415	1.3e-243	838.2
BCW-200002_03028	gnl|TC-DB|Q9KN48|3.A.23.1.1	37.6	314	160	7	322	600	212	524	1.2e-48	191.0
BCW-200002_03032	gnl|TC-DB|Q9RBI5|1.B.9.3.1	93.3	386	26	0	1	386	1	386	2.6e-214	740.7
BCW-200002_03042	gnl|TC-DB|P0AAE5|2.A.3.2.8	55.2	426	188	1	5	430	4	426	1.8e-126	449.1
BCW-200002_03059	gnl|TC-DB|P44669|9.A.41.1.1	51.5	619	291	4	1	614	1	615	1.9e-171	599.0
BCW-200002_03080	gnl|TC-DB|P0A943|1.B.33.1.3	35.0	842	484	13	10	825	6	810	6.6e-143	504.6
BCW-200002_03089	gnl|TC-DB|Q9KN48|3.A.23.1.1	36.9	360	220	3	122	479	173	527	2.5e-57	219.5
BCW-200002_03093	gnl|TC-DB|P76169|2.A.7.26.1	62.4	101	37	1	16	116	7	106	1.7e-28	121.7
BCW-200002_03094	gnl|TC-DB|Q9FI56|3.A.9.1.2	39.3	810	398	15	10	738	106	902	7.9e-151	530.8
BCW-200002_03101	gnl|TC-DB|G8V089|2.A.38.4.6	39.2	212	128	1	3	213	4	215	4.1e-39	157.9
BCW-200002_03102	gnl|TC-DB|O32081|2.A.38.4.3	40.4	445	263	2	1	445	3	445	2.4e-91	332.4
BCW-200002_03113	gnl|TC-DB|E0DTC9|2.A.115.1.4	47.9	192	100	0	19	210	76	267	1.2e-45	179.5
BCW-200002_03115	gnl|TC-DB|P15993|2.A.3.1.3	63.9	451	163	0	4	454	6	456	1.6e-162	568.9
BCW-200002_03119	gnl|TC-DB|P21345|2.A.23.1.1	37.8	410	242	5	10	411	12	416	1.0e-62	237.3
BCW-200002_03144	gnl|TC-DB|O00571|1.I.1.1.3	37.9	354	205	5	18	357	195	547	2.0e-62	236.1
BCW-200002_03158	gnl|TC-DB|P39456|3.A.1.3.14	51.5	229	106	2	262	488	2	227	2.5e-60	229.6
BCW-200002_03159	gnl|TC-DB|P30860|3.A.1.3.3	31.2	224	135	6	40	257	26	236	2.5e-19	92.4
BCW-200002_03177	gnl|TC-DB|Q9L100|2.A.3.3.16	48.1	482	237	3	16	494	24	495	7.4e-113	404.1
BCW-200002_03186	gnl|TC-DB|Q9FI56|3.A.9.1.2	44.9	865	398	12	3	847	95	900	1.7e-205	712.6
BCW-200002_03191	gnl|TC-DB|P0A9T4|8.A.5.1.5	49.6	349	172	2	1	348	1	346	7.9e-98	353.6
BCW-200002_03204	gnl|TC-DB|P31466|2.A.40.7.6	51.0	433	211	1	2	433	6	438	2.2e-113	405.6
BCW-200002_03206	gnl|TC-DB|O07488|2.A.53.3.1	68.9	267	80	1	7	273	8	271	5.9e-96	347.1
BCW-200002_03207	gnl|TC-DB|O07488|2.A.53.3.1	53.2	205	96	0	1	205	277	481	1.1e-57	219.5
BCW-200002_03208	gnl|TC-DB|Q01674|1.B.14.1.17	23.6	700	457	20	71	732	51	710	2.3e-38	157.1
BCW-200002_03215	gnl|TC-DB|P16700|3.A.1.6.1	91.1	90	8	0	1	90	248	337	2.0e-45	177.6
BCW-200002_03216	gnl|TC-DB|P0A855|2.C.1.2.1	96.7	61	2	0	25	85	370	430	1.6e-28	121.3
BCW-200002_03226	gnl|TC-DB|P75870|2.A.85.1.1	50.9	690	335	4	1	689	21	707	8.8e-197	683.3
BCW-200002_03227	gnl|TC-DB|I7FD23|2.A.1.2.97	33.9	389	247	3	13	396	17	400	1.5e-47	186.8
BCW-200002_03229	gnl|TC-DB|P0AER8|2.A.27.1.1	51.6	405	184	3	3	407	2	394	1.8e-104	375.9
BCW-200002_03230	gnl|TC-DB|Q45068|2.A.25.1.5	46.3	477	223	8	14	483	3	453	1.1e-105	380.2
BCW-200002_03234	gnl|TC-DB|Q08120|9.A.18.1.2	63.2	397	144	1	1	395	1	397	9.2e-143	503.1
BCW-200002_03247	gnl|TC-DB|P0A9X4|9.B.157.1.3	68.5	343	106	1	2	342	1	343	1.6e-127	452.2
BCW-200002_03257	gnl|TC-DB|Q9KN48|3.A.23.1.1	40.4	371	196	7	118	468	164	529	5.8e-67	251.5
BCW-200002_03258	gnl|TC-DB|P23865|9.B.174.1.2	24.6	338	220	8	58	365	195	527	2.3e-21	99.8
BCW-200002_03260	gnl|TC-DB|P0ADC6|1.B.42.1.2	30.0	353	243	3	6	354	6	358	8.3e-42	167.5
BCW-200002_03270	gnl|TC-DB|O67997|1.A.11.1.4	62.2	400	148	3	68	465	39	437	3.5e-133	471.5
BCW-200002_03275	gnl|TC-DB|O24779|1.B.25.1.3	40.8	436	236	7	1	429	1	421	2.3e-78	289.3
BCW-200002_03279	gnl|TC-DB|P69451|4.C.1.1.4	51.3	557	263	5	1	556	1	550	9.9e-167	583.2
BCW-200002_03281	gnl|TC-DB|O34691|2.A.1.82.4	46.5	417	195	2	19	435	12	400	1.7e-97	352.8
BCW-200002_03282	gnl|TC-DB|P0AGM2|1.A.62.2.3	55.2	203	91	0	1	203	1	203	2.0e-59	225.3
BCW-200002_03284	gnl|TC-DB|L5DDD7|2.A.109.2.3	48.0	523	258	7	4	521	371	884	1.7e-120	429.5
BCW-200002_03286	gnl|TC-DB|P36554|2.A.1.3.26	47.6	450	220	5	20	460	14	456	2.0e-112	402.5
BCW-200002_03289	gnl|TC-DB|P76350|2.A.1.6.6	67.7	433	136	1	1	429	1	433	5.6e-165	577.0
BCW-200002_03308	gnl|TC-DB|Q9ZK21|1.C.82.1.1	52.9	227	107	0	3	229	4	230	1.1e-60	229.6
BCW-200002_03316	gnl|TC-DB|O32105|2.A.8.1.12	48.2	438	184	5	42	473	42	442	4.5e-104	374.8
BCW-200002_03317	gnl|TC-DB|Q9HWW1|1.B.39.1.3	29.0	207	127	9	19	208	29	232	5.9e-16	80.9
BCW-200002_03322	gnl|TC-DB|P21345|2.A.23.1.1	36.6	404	243	4	10	405	12	410	5.7e-61	231.5
BCW-200002_03337	gnl|TC-DB|K0WKG7|4.F.1.1.8	53.2	190	76	3	7	193	1	180	2.2e-44	175.3
BCW-200002_03341	gnl|TC-DB|E0LV84|2.A.85.1.4	26.0	524	376	5	16	533	9	526	1.2e-47	188.0
BCW-200002_03343	gnl|TC-DB|P46482|8.A.1.7.1	29.4	323	184	3	6	328	5	283	1.1e-35	147.1
BCW-200002_03352	gnl|TC-DB|R8YEH7|1.A.54.5.3	71.0	286	83	0	1	286	1	286	2.8e-117	417.9
BCW-200002_03353	gnl|TC-DB|P22609|3.A.15.2.1	60.4	374	146	1	35	408	2	373	5.2e-125	444.1
BCW-200002_03354	gnl|TC-DB|P22608|3.A.15.2.1	56.7	563	241	3	9	570	6	566	3.3e-178	621.3
BCW-200002_03356	gnl|TC-DB|P0AG99|3.A.5.1.1	48.6	105	50	1	1	105	1	101	1.8e-16	81.6
BCW-200002_03364	gnl|TC-DB|Q9KDA1|2.A.63.1.2	34.9	106	68	1	5	109	4	109	1.2e-12	69.3
BCW-200002_03366	gnl|TC-DB|Q9KD99|2.A.63.1.2	29.1	151	104	2	16	164	7	156	8.8e-13	70.1
BCW-200002_03367	gnl|TC-DB|Q52981|2.A.63.1.1	36.3	559	302	7	5	530	1	538	4.7e-82	302.0
BCW-200002_03368	gnl|TC-DB|Q52980|2.A.63.1.1	54.1	111	46	1	4	109	1	111	1.1e-25	112.5
BCW-200002_03369	gnl|TC-DB|Q52978|2.A.63.1.1	44.6	974	483	17	5	941	31	984	2.1e-201	699.1
BCW-200002_03379	gnl|TC-DB|P30130|1.B.11.3.9	35.3	843	510	15	4	827	29	855	4.8e-128	455.3
BCW-200002_03384	gnl|TC-DB|P0A2G3|2.A.1.6.7	59.3	418	167	1	2	416	3	420	3.2e-136	481.5
BCW-200002_03388	gnl|TC-DB|Q6MDD6|3.A.7.16.1	26.3	452	255	10	118	562	317	697	8.9e-25	111.7
BCW-200002_03393	gnl|TC-DB|P37002|1.A.43.1.1	40.9	127	74	1	1	126	1	127	4.4e-22	100.5
BCW-200002_03397	gnl|TC-DB|P45522|2.A.37.1.2	38.8	590	356	5	4	591	7	593	4.5e-104	375.2
BCW-200002_03398	gnl|TC-DB|Q9ZKE4|3.A.11.3.1	33.3	499	314	9	222	716	119	602	6.3e-68	255.4
BCW-200002_03399	gnl|TC-DB|P15745|3.A.15.1.1	43.9	362	179	3	1	361	1	339	1.7e-67	253.1
BCW-200002_03400	gnl|TC-DB|P15746|3.A.15.1.1	48.5	134	61	5	24	154	2	130	5.5e-25	110.5
BCW-200002_03403	gnl|TC-DB|P0A2L3|9.A.40.1.2	44.8	252	129	4	22	271	31	274	2.5e-54	208.8
BCW-200002_03415	gnl|TC-DB|Q5FAM9|2.A.66.1.21	78.7	447	95	0	1	447	1	447	1.3e-193	672.2
BCW-200002_03416	gnl|TC-DB|G8WDN3|2.A.7.21.5	28.9	142	98	2	11	152	1	139	1.6e-13	72.4
BCW-200002_03423	gnl|TC-DB|O05307|4.C.1.1.3	40.0	592	326	7	15	601	17	584	3.3e-123	438.7
BCW-200002_03431	gnl|TC-DB|Q6PML9|2.A.4.6.1	28.5	323	218	6	9	319	239	560	1.9e-29	126.3
BCW-200002_03435	gnl|TC-DB|P08839|8.A.7.1.1	32.2	553	367	5	184	731	4	553	2.5e-80	296.6
BCW-200002_03454	gnl|TC-DB|P21345|2.A.23.1.1	71.5	424	121	0	1	424	1	424	3.6e-164	574.3
BCW-200002_03458	gnl|TC-DB|G8WDN4|2.A.76.1.10	65.7	210	72	0	1	210	1	210	2.6e-72	268.1
BCW-200002_03459	gnl|TC-DB|P43672|3.A.1.120.6	46.9	636	333	5	1	633	1	634	1.7e-151	532.7
BCW-200002_03463	gnl|TC-DB|Q07711|3.A.7.7.1	23.6	622	390	21	124	693	100	688	9.5e-31	132.1
BCW-200002_03470	gnl|TC-DB|P39830|2.A.37.1.5	48.6	555	272	4	1	554	1	543	2.5e-125	445.7
BCW-200002_03477	gnl|TC-DB|P0ABU9|1.A.30.2.2	34.2	190	93	3	1	158	4	193	5.3e-17	84.3
BCW-200002_03489	gnl|TC-DB|P69423|2.A.64.1.1	43.9	230	129	0	17	246	5	234	8.2e-52	200.3
BCW-200002_03499	gnl|TC-DB|P81549|1.B.14.1.16	35.9	740	446	10	11	731	13	743	1.3e-126	450.3
BCW-200002_03511	gnl|TC-DB|P12012|2.A.8.1.1	42.6	451	250	4	8	452	1	448	8.5e-92	334.0
BCW-200002_03518	gnl|TC-DB|P23865|9.B.174.1.2	33.0	743	405	18	1	725	3	670	5.7e-90	328.6
BCW-200002_03542	gnl|TC-DB|Q7AA53|2.A.6.8.2	26.2	738	516	16	38	758	14	739	6.4e-55	212.2
BCW-200002_03552	gnl|TC-DB|P0AG93|2.A.6.4.1	39.3	295	177	2	19	311	15	309	4.1e-48	188.3
BCW-200002_03553	gnl|TC-DB|P0AG90|2.A.6.4.1	46.3	635	315	12	2	633	4	615	3.6e-141	498.4
BCW-200002_03554	gnl|TC-DB|P0ADZ7|3.A.5.1.1	50.9	110	53	1	1	109	1	110	3.8e-22	100.5
BCW-200002_03569	gnl|TC-DB|B8F5K7|4.D.1.3.2	30.1	246	166	4	8	248	5	249	1.2e-21	100.1
BCW-200002_03578	gnl|TC-DB|Q9JZN9|1.B.14.2.9	38.3	721	349	11	52	694	56	758	2.6e-140	495.7
BCW-200002_03579	gnl|TC-DB|Q9JZN9|1.B.14.2.9	36.5	758	390	15	10	686	11	758	9.1e-130	460.7
BCW-200002_03598	gnl|TC-DB|P06129|1.B.14.3.1	25.0	645	388	17	34	635	23	614	4.4e-38	156.0
BCW-200002_03611	gnl|TC-DB|P10408|3.A.5.1.1	58.9	908	362	5	1	905	1	900	1.3e-306	1048.5
BCW-200002_03619	gnl|TC-DB|Q8EBH3|1.B.6.1.22	28.7	136	82	2	23	157	234	355	3.4e-11	64.7
BCW-200002_03620	gnl|TC-DB|D4ZZR3|9.B.34.1.3	36.6	153	89	4	248	394	236	386	2.6e-15	79.7
BCW-200002_03626	gnl|TC-DB|B5XTS8|9.A.8.1.10	89.3	75	8	0	1	75	1	75	8.7e-34	138.7
BCW-200002_03649	gnl|TC-DB|P77389|2.A.1.2.65	38.2	382	230	2	15	396	5	380	6.2e-62	234.6
BCW-200002_03652	gnl|TC-DB|P33024|2.A.41.2.9	58.3	412	171	1	5	415	5	416	1.8e-125	445.7
BCW-200002_03653	gnl|TC-DB|Q02006|1.A.1.24.1	36.1	191	120	1	65	253	67	257	7.0e-27	117.9
BCW-200002_03663	gnl|TC-DB|Q7A3E6|3.A.3.5.19	46.2	795	403	8	13	791	9	794	4.1e-182	634.8
BCW-200002_03665	gnl|TC-DB|F0Q2H8|9.B.22.1.3	25.5	451	282	13	1093	1499	1030	1470	5.2e-21	100.5
BCW-200002_03666	gnl|TC-DB|P0ADE4|1.B.33.2.4	36.2	362	190	11	546	897	247	577	1.2e-52	204.9
BCW-200002_03667	gnl|TC-DB|Q89SS6|2.A.1.42.2	35.1	390	246	4	8	397	5	387	1.9e-59	226.5
BCW-200002_03673	gnl|TC-DB|B7FYG1|3.A.25.1.1	30.4	148	93	3	34	171	482	629	6.5e-15	77.8
BCW-200002_03690	gnl|TC-DB|Q9XIA9|4.C.1.1.14	22.7	510	316	17	42	492	82	572	1.5e-13	74.3
BCW-200002_03693	gnl|TC-DB|Q6FBB3|2.A.1.15.7	99.3	450	3	0	1	450	1	450	1.2e-234	808.5
BCW-200002_03694	gnl|TC-DB|A5W3Z9|9.B.153.4.3	30.5	272	181	5	23	289	20	288	2.2e-32	136.0
BCW-200002_03708	gnl|TC-DB|P37327|1.A.16.4.1	37.2	285	175	3	1	282	1	284	1.9e-44	176.0
BCW-200002_03710	gnl|TC-DB|B9DIS8|9.B.97.5.1	34.2	371	202	16	1	342	16	373	6.0e-29	125.6
BCW-200002_03726	gnl|TC-DB|P35818|1.B.22.1.2	36.9	670	348	8	31	697	53	650	3.2e-115	412.5
BCW-200002_03740	gnl|TC-DB|Q9HUJ1|2.A.6.2.27	28.9	440	280	5	23	448	31	451	3.2e-38	156.0
BCW-200002_03746	gnl|TC-DB|P0ABG4|2.A.103.1.1	42.8	355	203	0	33	387	48	402	4.2e-79	291.6
BCW-200002_03749	gnl|TC-DB|Q5XPH7|9.A.8.1.4	37.1	688	340	11	7	611	6	683	1.5e-112	403.3
BCW-200002_03755	gnl|TC-DB|P42308|2.A.11.1.2	61.3	168	65	0	6	173	256	423	3.0e-56	214.5
BCW-200002_03769	gnl|TC-DB|F0Z2G1|9.B.104.1.3	33.0	200	111	6	2	200	35	212	5.6e-16	81.3
BCW-200002_03770	gnl|TC-DB|P77504|3.A.1.122.15	29.1	803	531	13	11	800	8	785	2.4e-76	283.5
BCW-200002_03771	gnl|TC-DB|P0A9T8|3.A.1.122.15	49.3	223	112	1	5	227	6	227	7.3e-55	210.3
BCW-200002_03775	gnl|TC-DB|A3ZKG8|1.B.14.1.13	32.1	688	404	14	35	704	19	661	8.8e-86	314.7
BCW-200002_03776	gnl|TC-DB|O54507|1.B.14.1.3	49.9	733	334	12	8	725	13	727	8.0e-201	696.8
BCW-200002_03781	gnl|TC-DB|P43676|2.A.20.1.2	41.0	503	264	6	61	541	8	499	2.8e-102	369.0
BCW-200002_03784	gnl|TC-DB|P52067|2.A.1.35.1	53.6	379	174	2	28	405	26	403	1.3e-110	396.4
BCW-200002_03790	gnl|TC-DB|Q5ZYB5|3.A.7.9.1	29.6	406	272	7	12	411	6	403	3.3e-45	179.1
BCW-200002_03796	gnl|TC-DB|P75905|4.D.1.1.3	50.1	417	200	4	7	418	25	438	3.6e-121	431.4
BCW-200002_03800	gnl|TC-DB|P0A830|2.A.23.1.7	44.0	420	233	2	1	420	1	418	3.3e-98	355.1
BCW-200002_03801	gnl|TC-DB|P94400|9.B.10.1.1	24.8	226	139	6	9	205	4	227	9.0e-14	74.3
BCW-200002_03813	gnl|TC-DB|P0ABC9|2.A.15.1.4	69.0	675	207	2	10	683	3	676	6.0e-275	943.0
BCW-200002_03814	gnl|TC-DB|Q4ZLW8|2.A.15.1.3	50.9	513	249	3	14	525	12	522	1.6e-142	502.7
BCW-200002_03821	gnl|TC-DB|V5FN92|9.B.169.1.12	50.3	380	181	6	5	380	16	391	3.8e-93	338.2
BCW-200002_03822	gnl|TC-DB|Q21EL3|1.B.14.1.24	32.4	723	443	14	4	712	9	699	1.5e-95	347.1
BCW-200002_03832	gnl|TC-DB|Q07YH1|2.A.1.14.25	21.7	360	261	8	14	361	13	363	4.6e-12	68.9
BCW-200002_03841	gnl|TC-DB|Q6FDI3|1.B.25.1.6	99.3	427	3	0	1	427	1	427	1.1e-253	871.7
BCW-200002_03842	gnl|TC-DB|O24842|2.A.1.15.6	99.3	448	3	0	1	448	1	448	4.1e-240	826.6
BCW-200002_03850	gnl|TC-DB|Q21EL3|1.B.14.1.24	32.3	699	445	10	15	703	19	699	4.2e-98	355.5
BCW-200002_03852	gnl|TC-DB|Q93SS2|3.A.1.14.19	34.6	353	200	5	1	330	1	345	1.2e-42	170.2
BCW-200002_03853	gnl|TC-DB|Q9RCF3|3.A.1.14.6	34.1	229	147	3	3	227	20	248	1.6e-31	132.9
BCW-200002_03856	gnl|TC-DB|B5U2Z3|2.A.75.1.4	50.3	191	94	1	7	196	9	199	3.1e-46	181.4
BCW-200002_03871	gnl|TC-DB|917745143|1.C.75.1.2	30.5	932	583	17	565	1459	1442	2345	5.3e-88	323.9
BCW-200002_03873	gnl|TC-DB|917745143|1.C.75.1.2	48.6	360	159	6	1	360	1	334	4.9e-85	312.0
BCW-200002_03874	gnl|TC-DB|Q9JY22|1.B.20.1.5	37.5	530	300	9	91	599	61	580	2.3e-100	362.8
