BCW-200025_00002	gnl|TC-DB|D5CJ69|2.A.66.1.22	94.1	461	27	0	13	473	2	462	6.9e-246	845.9
BCW-200025_00005	gnl|TC-DB|P0AG96|3.A.5.1.1	96.1	127	5	0	1	127	1	127	1.7e-58	221.5
BCW-200025_00008	gnl|TC-DB|Q9ZK21|1.C.82.1.1	50.7	223	110	0	3	225	4	226	4.9e-59	224.2
BCW-200025_00013	gnl|TC-DB|U5MLJ3|4.A.3.2.9	85.4	103	15	0	1	103	1	103	2.9e-43	170.6
BCW-200025_00014	gnl|TC-DB|U5MIE1|4.A.3.2.9	63.4	101	37	0	1	101	1	101	8.2e-27	115.9
BCW-200025_00015	gnl|TC-DB|P0AAP1|9.B.34.1.2	31.0	158	101	4	356	506	210	366	7.5e-12	68.6
BCW-200025_00019	gnl|TC-DB|Q8ID54|3.A.25.2.1	34.9	215	130	4	8	215	89	300	2.5e-24	109.0
BCW-200025_00034	gnl|TC-DB|P77257|3.A.1.2.8	61.7	493	186	2	3	492	10	502	9.4e-169	589.7
BCW-200025_00035	gnl|TC-DB|P77672|3.A.1.2.8	64.6	339	120	0	1	339	2	340	1.2e-111	399.4
BCW-200025_00036	gnl|TC-DB|P0AFS1|3.A.1.2.8	72.5	316	87	0	1	316	3	318	1.1e-120	429.5
BCW-200025_00037	gnl|TC-DB|P76142|3.A.1.2.8	82.9	334	53	1	4	333	7	340	5.9e-159	556.6
BCW-200025_00074	gnl|TC-DB|P22610|3.A.15.2.1	35.6	149	89	4	8	154	137	280	2.2e-15	78.6
BCW-200025_00096	gnl|TC-DB|P0AGA2|3.A.5.1.1	98.9	443	5	0	1	443	1	443	1.0e-243	838.6
BCW-200025_00105	gnl|TC-DB|P0A742|1.A.22.1.1	94.8	135	7	0	1	135	1	135	9.1e-66	245.7
BCW-200025_00106	gnl|TC-DB|P0AGI8|2.A.38.1.1	97.4	458	12	0	1	458	1	458	5.3e-251	862.8
BCW-200025_00110	gnl|TC-DB|Q8VRK4|3.A.11.1.3	36.7	283	149	5	87	362	70	329	2.5e-36	149.4
BCW-200025_00123	gnl|TC-DB|P0AAP1|9.B.34.1.2	29.0	255	152	10	122	365	130	366	2.0e-19	93.2
BCW-200025_00134	gnl|TC-DB|O53183|2.A.1.2.71	34.3	397	256	3	4	396	11	406	7.6e-52	201.1
BCW-200025_00135	gnl|TC-DB|P22037|9.B.20.1.1	73.9	218	57	0	1	218	7	224	1.1e-84	309.3
BCW-200025_00139	gnl|TC-DB|D4ZZR3|9.B.34.1.3	37.9	169	101	2	429	594	225	392	5.5e-23	106.3
BCW-200025_00143	gnl|TC-DB|P25733|1.B.11.4.1	21.2	731	479	25	167	840	162	852	2.7e-14	77.4
BCW-200025_00153	gnl|TC-DB|P77228|2.A.1.6.9	85.1	415	61	1	29	442	1	415	2.6e-197	684.5
BCW-200025_00156	gnl|TC-DB|P76169|2.A.7.26.1	86.0	107	15	0	1	107	1	107	1.5e-50	194.9
BCW-200025_00161	gnl|TC-DB|P77374|5.A.3.3.1	85.7	812	112	1	1	812	1	808	0.0e+00	1465.7
BCW-200025_00163	gnl|TC-DB|P72770|2.A.53.4.1	32.6	466	311	2	11	475	7	470	5.9e-58	221.9
BCW-200025_00171	gnl|TC-DB|C5IZH1|2.A.6.2.47	96.3	1051	38	1	1	1051	1	1050	0.0e+00	1924.1
BCW-200025_00172	gnl|TC-DB|C5IZH0|2.A.6.2.47	89.0	391	43	0	1	391	1	391	1.9e-193	671.4
BCW-200025_00185	gnl|TC-DB|P0ADL1|2.A.1.2.26	38.3	381	234	1	16	396	16	395	1.6e-70	263.1
BCW-200025_00187	gnl|TC-DB|657066955|9.B.143.3.6	30.8	221	149	3	7	223	12	232	9.8e-18	87.0
BCW-200025_00190	gnl|TC-DB|Q8ZPK1|3.A.1.12.14	86.8	234	30	1	1	233	1	234	5.4e-106	380.2
BCW-200025_00191	gnl|TC-DB|Q8ZPK2|3.A.1.12.14	83.4	290	48	0	10	299	11	300	2.3e-138	488.0
BCW-200025_00192	gnl|TC-DB|Q8ZPK3|3.A.1.12.14	91.6	215	18	0	1	215	1	215	1.5e-102	368.6
BCW-200025_00193	gnl|TC-DB|Q8ZPK4|3.A.1.12.14	90.3	381	37	0	1	381	1	381	9.3e-201	695.7
BCW-200025_00198	gnl|TC-DB|A8AGW0|2.A.49.5.4	78.9	417	86	2	13	428	1	416	5.7e-178	620.2
BCW-200025_00202	gnl|TC-DB|P43531|2.A.1.36.1	83.7	416	67	1	1	416	1	415	1.2e-188	655.6
BCW-200025_00203	gnl|TC-DB|P76037|2.A.3.1.13	88.6	449	51	0	1	449	1	449	1.3e-228	788.5
BCW-200025_00214	gnl|TC-DB|P0AAP1|9.B.34.1.2	33.2	184	116	4	276	455	186	366	1.1e-16	85.1
BCW-200025_00215	gnl|TC-DB|P69210|2.A.7.1.9	87.2	109	14	0	1	109	1	109	2.8e-49	190.7
BCW-200025_00216	gnl|TC-DB|P69213|2.A.7.1.9	84.7	118	18	0	3	120	4	121	2.9e-47	184.1
BCW-200025_00217	gnl|TC-DB|P0AFS5|2.A.86.1.4	80.8	344	66	0	1	344	1	344	1.4e-142	502.3
BCW-200025_00225	gnl|TC-DB|Q9I6X6|2.A.6.2.27	36.2	337	209	2	41	375	28	360	8.6e-45	177.6
BCW-200025_00226	gnl|TC-DB|Q9I6X4|2.A.6.2.27	47.8	1000	521	1	9	1007	5	1004	5.7e-253	870.5
BCW-200025_00243	gnl|TC-DB|P46133|2.A.68.1.1	88.2	508	60	0	1	508	1	508	1.8e-252	867.8
BCW-200025_00253	gnl|TC-DB|P0AB67|3.D.2.1.1	93.2	457	31	0	1	457	6	462	2.0e-237	817.8
BCW-200025_00254	gnl|TC-DB|P07001|3.D.2.1.1	89.8	509	51	1	1	508	1	509	2.7e-256	880.6
BCW-200025_00256	gnl|TC-DB|P0AAE5|2.A.3.2.8	88.9	460	51	0	1	460	1	460	1.6e-231	798.1
BCW-200025_00258	gnl|TC-DB|P0ACX0|9.B.72.1.2	82.9	111	19	0	1	111	1	111	3.5e-47	183.7
BCW-200025_00308	gnl|TC-DB|P0A754|2.A.37.1.1	41.3	167	96	1	5	171	4	168	4.9e-32	134.0
BCW-200025_00330	gnl|TC-DB|P19642|4.A.1.1.3	88.3	530	62	0	1	530	1	530	1.6e-270	927.9
BCW-200025_00336	gnl|TC-DB|P0A766|3.D.6.1.4	95.3	193	9	0	1	193	1	193	6.6e-94	339.7
BCW-200025_00337	gnl|TC-DB|P77223|3.D.6.1.4	81.8	192	35	0	1	192	1	192	1.2e-74	275.8
BCW-200025_00338	gnl|TC-DB|P77611|3.D.6.1.4	80.0	556	111	0	1	556	1	556	3.5e-243	837.4
BCW-200025_00339	gnl|TC-DB|P76182|3.D.6.1.4	85.4	350	51	0	1	350	1	350	3.4e-173	604.0
BCW-200025_00340	gnl|TC-DB|P77285|3.D.6.1.4	76.7	206	48	0	1	206	1	206	3.6e-90	327.4
BCW-200025_00341	gnl|TC-DB|P77179|3.D.6.1.4	77.7	224	50	0	1	224	1	224	1.1e-92	335.9
BCW-200025_00343	gnl|TC-DB|P77304|2.A.17.1.2	86.5	498	64	2	1	496	1	497	1.7e-242	834.7
BCW-200025_00355	gnl|TC-DB|Q11G42|2.A.118.1.2	57.2	465	198	1	3	466	12	476	1.9e-139	492.3
BCW-200025_00362	gnl|TC-DB|P36640|3.A.3.4.1	83.9	902	145	0	1	902	1	902	0.0e+00	1496.5
BCW-200025_00364	gnl|TC-DB|P36672|4.A.1.2.4	89.0	472	52	0	1	472	2	473	1.8e-241	831.2
BCW-200025_00365	gnl|TC-DB|Q05839|8.A.9.1.1	31.0	542	304	12	7	521	109	607	2.6e-71	266.2
BCW-200025_00386	gnl|TC-DB|M3JA40|1.B.52.2.1	45.3	106	55	1	331	433	257	362	5.7e-15	79.0
BCW-200025_00387	gnl|TC-DB|P37772|3.A.1.2.25	96.9	327	10	0	1	327	1	327	1.8e-171	598.2
BCW-200025_00388	gnl|TC-DB|P39328|3.A.1.2.25	86.2	340	47	0	1	340	2	341	5.1e-158	553.5
BCW-200025_00389	gnl|TC-DB|Q6BEX0|3.A.1.2.25	93.2	500	34	0	1	500	1	500	1.4e-265	911.4
BCW-200025_00390	gnl|TC-DB|P39325|3.A.1.2.25	95.0	318	16	0	1	318	1	318	2.7e-169	590.9
BCW-200025_00393	gnl|TC-DB|P39321|9.B.22.1.2	85.6	1259	180	1	1	1258	1	1259	0.0e+00	2177.5
BCW-200025_00394	gnl|TC-DB|P0ADE4|1.B.33.2.4	85.4	577	84	0	1	577	1	577	2.2e-302	1033.9
BCW-200025_00401	gnl|TC-DB|Q6D188|2.A.2.5.2	41.1	499	286	5	7	500	4	499	4.9e-104	374.8
BCW-200025_00402	gnl|TC-DB|Q0PBV6|9.A.40.2.2	23.2	427	322	4	5	428	26	449	4.5e-37	152.1
BCW-200025_00414	gnl|TC-DB|P69451|4.C.1.1.4	25.8	546	314	23	45	548	50	546	4.0e-29	128.3
BCW-200025_00420	gnl|TC-DB|P39314|2.A.7.3.19	82.2	320	57	0	1	320	1	320	2.3e-152	534.6
BCW-200025_00423	gnl|TC-DB|P0AAE0|2.A.3.1.7	94.9	469	24	0	1	469	1	469	1.6e-250	861.3
BCW-200025_00435	gnl|TC-DB|P69820|4.A.7.1.1	89.0	154	17	0	1	154	1	154	1.0e-73	272.3
BCW-200025_00436	gnl|TC-DB|P69822|4.A.7.1.1	97.0	101	3	0	1	101	1	101	1.6e-51	198.0
BCW-200025_00437	gnl|TC-DB|P39301|4.A.7.1.1	95.7	465	20	0	1	465	1	465	1.4e-251	864.8
BCW-200025_00443	gnl|TC-DB|M3JA40|1.B.52.2.1	31.9	163	100	4	482	635	287	447	5.0e-13	72.8
BCW-200025_00445	gnl|TC-DB|P0C0L7|2.A.1.6.4	35.5	422	254	6	7	415	24	440	1.2e-68	256.9
BCW-200025_00476	gnl|TC-DB|Q7CGN6|1.B.14.9.3	79.7	730	143	2	1	729	1	726	0.0e+00	1203.7
BCW-200025_00486	gnl|TC-DB|P16482|2.A.1.6.1	89.3	431	41	1	3	428	11	441	6.7e-211	729.6
BCW-200025_00490	gnl|TC-DB|P39414|2.A.47.3.3	51.0	473	232	0	29	501	13	485	2.6e-134	475.3
BCW-200025_00496	gnl|TC-DB|Q56111|1.B.1.1.22	63.9	391	122	5	1	380	1	383	5.7e-142	500.4
BCW-200025_00500	gnl|TC-DB|p0aa70|2.A.7.3.22	89.6	298	31	0	1	298	1	298	1.4e-146	515.4
BCW-200025_00503	gnl|TC-DB|P76330|9.B.34.1.4	60.0	562	225	0	1	562	1	562	9.6e-194	672.9
BCW-200025_00508	gnl|TC-DB|P54702|3.A.6.2.1	78.4	259	56	0	1	259	1	259	1.3e-113	405.6
BCW-200025_00509	gnl|TC-DB|P0A1L5|3.A.6.2.1	89.9	89	9	0	1	89	1	89	7.6e-37	149.1
BCW-200025_00510	gnl|TC-DB|P54700|3.A.6.2.1	91.8	245	20	0	1	245	1	245	7.0e-117	416.4
BCW-200025_00511	gnl|TC-DB|P0A1L1|3.A.6.2.1	69.4	124	38	0	1	124	2	125	6.6e-39	156.4
BCW-200025_00512	gnl|TC-DB|P26419|3.A.6.2.1	94.9	137	7	0	1	137	1	137	4.9e-67	250.0
BCW-200025_00517	gnl|TC-DB|P26465|3.A.6.2.1	94.1	456	27	0	1	456	1	456	3.7e-244	840.1
BCW-200025_00518	gnl|TC-DB|P15934|3.A.6.2.1	85.5	235	34	0	1	235	1	235	1.4e-74	275.8
BCW-200025_00520	gnl|TC-DB|P15928|3.A.6.2.1	79.8	560	111	1	1	558	1	560	5.9e-244	839.7
BCW-200025_00532	gnl|TC-DB|P0AEM9|3.A.1.3.10	91.4	266	23	0	1	266	1	266	7.3e-136	479.6
BCW-200025_00534	gnl|TC-DB|P0AFT2|3.A.1.3.10	92.8	222	16	0	1	222	1	222	8.9e-111	396.0
BCW-200025_00535	gnl|TC-DB|P37774|3.A.1.3.10	92.8	250	18	0	1	250	1	250	6.9e-128	453.0
BCW-200025_00540	gnl|TC-DB|K0WKG7|4.F.1.1.8	61.5	174	65	1	4	175	2	175	1.7e-51	198.7
BCW-200025_00545	gnl|TC-DB|P22731|3.A.1.4.1	58.2	237	99	0	1	237	1	237	5.7e-71	263.8
BCW-200025_00546	gnl|TC-DB|P21629|3.A.1.4.8	51.2	285	105	3	1	283	1	253	3.9e-74	274.6
BCW-200025_00547	gnl|TC-DB|P21628|3.A.1.4.8	53.4	421	168	8	8	414	4	410	9.7e-106	380.2
BCW-200025_00548	gnl|TC-DB|P0AEX7|3.A.1.4.1	55.6	302	133	1	4	304	7	308	1.2e-86	316.2
BCW-200025_00549	gnl|TC-DB|P0AD96|3.A.1.4.1	42.9	359	196	5	13	367	8	361	1.5e-81	299.7
BCW-200025_00551	gnl|TC-DB|P0AAD4|2.A.42.1.1	81.3	380	71	0	1	380	24	403	7.4e-174	606.3
BCW-200025_00556	gnl|TC-DB|P0ABN9|2.A.13.1.2	54.9	446	197	1	1	446	2	443	2.7e-135	478.4
BCW-200025_00557	gnl|TC-DB|Q3YL97|1.B.20.1.3	62.2	447	167	1	4	448	139	585	2.5e-168	588.2
BCW-200025_00567	gnl|TC-DB|P02930|1.B.17.1.1	84.4	495	72	2	1	492	1	493	2.0e-216	748.0
BCW-200025_00573	gnl|TC-DB|Q21EL3|1.B.14.1.24	28.1	718	461	18	17	713	16	699	2.8e-57	219.9
BCW-200025_00574	gnl|TC-DB|Q9RCF3|3.A.1.14.6	53.5	254	118	0	39	292	21	274	2.8e-75	278.5
BCW-200025_00575	gnl|TC-DB|Q47085|3.A.1.14.4	39.7	307	184	1	19	324	29	335	2.7e-47	185.7
BCW-200025_00576	gnl|TC-DB|Q8GRB1|3.A.1.14.8	35.4	325	195	7	26	343	5	321	1.7e-36	149.8
BCW-200025_00586	gnl|TC-DB|P36649|1.B.76.1.8	31.8	515	287	10	3	459	1	509	1.3e-63	240.4
BCW-200025_00588	gnl|TC-DB|P80874|8.A.5.1.4	34.7	150	75	7	17	145	15	162	1.9e-14	76.3
BCW-200025_00591	gnl|TC-DB|P0AA60|9.B.27.2.1	85.4	219	32	0	1	219	1	219	1.5e-105	378.6
BCW-200025_00593	gnl|TC-DB|P0ABU7|1.A.30.2.1	85.2	244	35	1	1	243	1	244	6.1e-105	376.7
BCW-200025_00594	gnl|TC-DB|P0ABV2|1.A.30.2.1	78.0	141	31	0	1	141	1	141	4.0e-56	213.8
BCW-200025_00595	gnl|TC-DB|F8CVI0|1.B.52.2.2	30.8	240	135	6	147	369	64	289	5.8e-14	75.5
BCW-200025_00600	gnl|TC-DB|P63144|8.A.5.1.3	35.5	324	194	8	13	329	71	386	3.5e-45	178.7
BCW-200025_00611	gnl|TC-DB|P0A712|2.A.10.1.2	76.8	259	60	0	1	259	1	259	3.9e-110	394.4
BCW-200025_00612	gnl|TC-DB|P0C0L7|2.A.1.6.4	92.4	500	38	0	1	500	1	500	1.3e-263	904.8
BCW-200025_00614	gnl|TC-DB|G0CIY2|9.B.18.1.1	38.6	464	260	11	19	464	28	484	1.4e-78	290.0
BCW-200025_00615	gnl|TC-DB|P77377|2.A.66.2.7	88.2	492	58	0	1	492	1	492	2.1e-237	817.8
BCW-200025_00647	gnl|TC-DB|P0AA47|2.A.3.1.14	88.1	452	54	0	1	452	1	452	1.9e-229	791.2
BCW-200025_00651	gnl|TC-DB|P33011|2.A.85.7.1	74.4	352	90	0	1	352	1	352	2.0e-157	551.6
BCW-200025_00661	gnl|TC-DB|P32676|4.A.2.1.10	77.5	111	25	0	8	118	3	113	2.9e-44	174.1
BCW-200025_00664	gnl|TC-DB|P69816|4.A.2.1.10	95.3	106	5	0	1	106	1	106	2.7e-49	190.7
BCW-200025_00665	gnl|TC-DB|P32672|4.A.2.1.10	88.3	359	42	0	1	359	1	359	7.8e-173	602.8
BCW-200025_00666	gnl|TC-DB|P32670|4.A.2.1.10	85.4	833	122	0	1	833	1	833	0.0e+00	1422.1
BCW-200025_00674	gnl|TC-DB|Q934G3|1.B.35.1.1	35.4	246	129	10	1	226	1	236	7.3e-28	120.6
BCW-200025_00676	gnl|TC-DB|Q9ZKE4|3.A.11.3.1	31.7	536	337	11	198	730	108	617	6.8e-67	251.9
BCW-200025_00684	gnl|TC-DB|P0AER0|1.A.8.1.1	90.0	281	28	0	1	281	1	281	2.0e-147	518.1
BCW-200025_00688	gnl|TC-DB|B7MI53|9.B.124.2.2	72.7	139	38	0	1	139	1	139	1.0e-56	215.7
BCW-200025_00693	gnl|TC-DB|P0AG78|3.A.1.6.1	92.1	329	26	0	1	329	1	329	6.6e-179	622.9
BCW-200025_00695	gnl|TC-DB|P69380|2.A.4.7.1	90.7	291	27	0	1	291	1	291	2.2e-149	524.6
BCW-200025_00702	gnl|TC-DB|P27125|2.A.7.6.1	90.1	344	34	0	1	344	1	344	3.2e-176	614.0
BCW-200025_00710	gnl|TC-DB|P96517|2.A.1.5.4	97.2	425	12	0	1	425	1	425	5.1e-224	773.1
BCW-200025_00714	gnl|TC-DB|Q1D212|2.A.78.2.3	37.2	231	116	2	13	214	14	244	5.4e-36	147.5
BCW-200025_00715	gnl|TC-DB|Q1D213|2.A.78.2.3	46.5	99	53	0	8	106	3	101	1.1e-13	72.4
BCW-200025_00718	gnl|TC-DB|P24183|5.A.3.2.1	82.1	195	35	0	1	195	1	195	1.8e-94	341.7
BCW-200025_00719	gnl|TC-DB|P24183|5.A.3.2.1	77.1	803	183	1	1	803	213	1014	0.0e+00	1342.4
BCW-200025_00720	gnl|TC-DB|P0AAJ3|5.A.3.2.1	77.6	294	66	0	1	294	1	294	1.2e-145	512.3
BCW-200025_00721	gnl|TC-DB|P0AEK7|5.A.3.2.1	48.6	210	106	1	1	208	1	210	1.6e-56	215.7
BCW-200025_00723	gnl|TC-DB|B5YV25|1.B.20.1.7	63.6	173	63	0	19	191	14	186	1.8e-59	226.9
BCW-200025_00725	gnl|TC-DB|917745143|1.C.75.1.2	39.0	3038	1302	33	1	2512	1	3012	0.0e+00	1077.8
BCW-200025_00729	gnl|TC-DB|P0A917|1.B.6.2.1	37.0	192	94	9	1	186	1	171	4.6e-20	94.4
BCW-200025_00736	gnl|TC-DB|P0A8K8|9.B.126.2.1	87.4	293	34	1	1	293	1	290	6.6e-130	459.9
BCW-200025_00741	gnl|TC-DB|Q9Z625|1.B.12.1.3	62.4	938	300	2	1	911	44	955	4.2e-284	973.8
BCW-200025_00744	gnl|TC-DB|Q9HV74|2.A.21.9.1	27.7	357	219	13	11	346	636	974	1.9e-22	103.2
BCW-200025_00745	gnl|TC-DB|Q9KN48|3.A.23.1.1	38.7	341	188	4	140	467	193	525	3.6e-53	205.7
BCW-200025_00751	gnl|TC-DB|P0A4L7|5.A.2.1.2	25.2	222	138	7	3	206	11	222	1.4e-12	69.7
BCW-200025_00759	gnl|TC-DB|Q9FI56|3.A.9.1.2	45.5	865	388	15	12	856	106	907	4.8e-205	711.1
BCW-200025_00762	gnl|TC-DB|P0AC02|1.B.33.1.3	94.7	245	13	0	1	245	1	245	5.9e-132	466.5
BCW-200025_00771	gnl|TC-DB|P07021|1.B.6.1.21	74.5	161	40	1	1	161	1	160	2.4e-65	244.6
BCW-200025_00778	gnl|TC-DB|P0AGD7|3.A.5.1.1	92.9	453	32	0	1	453	1	453	4.5e-234	806.6
BCW-200025_00779	gnl|TC-DB|P64432|9.B.14.3.6	89.6	260	27	0	26	285	1	260	6.1e-128	453.4
BCW-200025_00780	gnl|TC-DB|P37908|9.A.40.2.4	90.2	407	40	0	7	413	22	428	3.4e-204	707.2
BCW-200025_00784	gnl|TC-DB|P0A937|1.B.33.1.3	91.0	111	10	0	1	111	1	111	2.3e-54	207.6
BCW-200025_00805	gnl|TC-DB|582031876|1.M.1.3.7	73.2	138	37	0	1	138	1	138	4.3e-50	193.7
BCW-200025_00807	gnl|TC-DB|B2VHA2|1.E.25.2.2	66.2	71	24	0	1	71	1	71	1.1e-22	101.7
BCW-200025_00844	gnl|TC-DB|Q9I2M1|3.A.1.109.4	35.9	672	427	3	40	711	42	709	1.4e-115	413.7
BCW-200025_00845	gnl|TC-DB|Q9I2M0|3.A.1.109.4	40.8	368	214	4	29	393	27	393	5.8e-68	254.6
BCW-200025_00865	gnl|TC-DB|A8ANM6|2.A.104.1.1	91.9	149	12	0	1	149	1	149	4.5e-74	273.5
BCW-200025_00872	gnl|TC-DB|P14175|3.A.1.12.1	93.7	399	25	0	1	399	1	399	2.5e-212	734.2
BCW-200025_00873	gnl|TC-DB|P14176|3.A.1.12.1	79.4	354	73	0	1	354	1	354	9.5e-147	516.2
BCW-200025_00874	gnl|TC-DB|P0AFM2|3.A.1.12.1	82.5	331	57	1	1	331	1	330	1.9e-165	578.2
BCW-200025_00875	gnl|TC-DB|P76628|2.A.1.36.3	85.7	392	56	0	1	392	1	392	5.0e-173	603.6
BCW-200025_00877	gnl|TC-DB|P27303|8.A.1.1.1	84.9	390	59	0	1	390	1	390	8.4e-173	602.8
BCW-200025_00878	gnl|TC-DB|P0AEJ0|2.A.1.3.2	91.5	515	41	1	1	515	1	512	2.8e-272	933.7
BCW-200025_00883	gnl|TC-DB|E1P8P0|9.B.27.3.1	88.7	142	16	0	1	142	1	142	1.0e-67	252.3
BCW-200025_00896	gnl|TC-DB|Q5FA63|3.A.1.15.10	39.5	306	160	4	1	285	6	307	1.3e-53	206.5
BCW-200025_00897	gnl|TC-DB|A1IQK4|3.A.1.15.10	55.0	271	121	1	3	273	4	273	5.8e-70	260.8
BCW-200025_00898	gnl|TC-DB|A1IQK5|3.A.1.15.10	42.1	202	116	1	2	202	13	214	6.8e-39	157.1
BCW-200025_00900	gnl|TC-DB|P56579|4.A.4.1.1	96.3	187	7	0	1	187	1	187	2.2e-102	367.9
BCW-200025_00901	gnl|TC-DB|P56580|4.A.4.1.1	90.9	320	27	2	1	319	1	319	1.4e-149	525.4
BCW-200025_00902	gnl|TC-DB|P05706|4.A.4.1.1	78.0	118	26	0	1	118	1	118	1.4e-49	191.8
BCW-200025_00907	gnl|TC-DB|Q9KN48|3.A.23.1.1	41.4	266	151	1	187	452	193	453	4.9e-48	188.7
BCW-200025_00912	gnl|TC-DB|P23516|2.A.52.1.1	53.0	336	154	3	9	340	16	351	2.5e-96	348.6
BCW-200025_00914	gnl|TC-DB|Q5P036|5.A.3.11.1	31.6	171	92	7	5	158	5	167	5.2e-16	80.9
BCW-200025_00916	gnl|TC-DB|P24241|4.A.1.2.3	89.9	473	48	0	1	473	1	473	1.7e-231	798.1
BCW-200025_00917	gnl|TC-DB|Q86Z14|8.A.49.1.2	25.1	491	288	18	4	474	81	511	1.5e-35	147.1
BCW-200025_00920	gnl|TC-DB|P16433|3.D.1.9.2	93.3	255	17	0	1	255	1	255	2.1e-140	494.6
BCW-200025_00921	gnl|TC-DB|P16432|3.D.1.9.2	89.9	179	18	0	1	179	1	179	5.0e-80	293.5
BCW-200025_00922	gnl|TC-DB|P16431|3.D.1.9.2	94.2	569	33	0	1	569	1	569	0.0e+00	1119.0
BCW-200025_00923	gnl|TC-DB|P16430|3.D.1.9.2	86.0	307	43	0	1	307	1	307	1.0e-141	499.2
BCW-200025_00924	gnl|TC-DB|P16429|3.D.1.9.2	76.5	608	139	1	1	604	1	608	3.3e-261	897.1
BCW-200025_00925	gnl|TC-DB|P0AAK3|3.D.1.9.2	88.0	200	24	0	1	200	1	200	2.1e-95	344.7
BCW-200025_00932	gnl|TC-DB|Q9KN48|3.A.23.1.1	42.8	278	156	2	330	606	143	418	6.5e-51	198.7
BCW-200025_00941	gnl|TC-DB|O32182|2.A.1.3.33	21.4	401	255	6	12	353	20	419	1.4e-18	90.5
BCW-200025_00944	gnl|TC-DB|B7LEG0|1.A.34.1.2	76.6	381	80	3	1	374	1	379	2.4e-140	495.0
BCW-200025_00963	gnl|TC-DB|P20166|4.A.1.1.9	46.8	521	251	9	14	519	6	515	2.9e-120	428.7
BCW-200025_00971	gnl|TC-DB|Q93N33|2.A.21.9.2	30.8	273	166	8	265	522	752	1016	7.9e-20	95.9
BCW-200025_00975	gnl|TC-DB|C4ZZU4|2.A.1.14.40	94.6	448	24	0	1	448	1	448	8.3e-249	855.5
BCW-200025_00982	gnl|TC-DB|P0AAD6|2.A.42.2.1	92.3	429	33	0	1	429	1	429	7.3e-218	752.7
BCW-200025_00996	gnl|TC-DB|B2D7K2|3.A.23.1.1	38.6	502	294	3	7	494	4	505	1.1e-95	347.4
BCW-200025_00998	gnl|TC-DB|P25714|2.A.9.3.1	91.4	548	46	1	1	547	1	548	1.9e-279	957.6
BCW-200025_01011	gnl|TC-DB|B7L824|2.A.81.1.5	81.5	552	102	0	1	552	1	552	2.6e-252	867.5
BCW-200025_01013	gnl|TC-DB|Q9AGA7|4.A.1.1.10	90.4	540	52	0	1	540	1	540	2.4e-282	967.2
BCW-200025_01020	gnl|TC-DB|P16677|3.A.1.9.1	87.0	262	34	0	1	262	1	262	9.5e-128	452.6
BCW-200025_01021	gnl|TC-DB|P16682|3.A.1.9.1	88.5	338	39	0	1	338	1	338	4.7e-172	600.1
BCW-200025_01022	gnl|TC-DB|P16683|3.A.1.9.1	93.8	259	16	0	1	259	1	259	1.7e-137	485.0
BCW-200025_01028	gnl|TC-DB|Q97VF5|3.A.1.5.9	36.1	255	153	3	4	248	45	299	8.7e-38	153.7
BCW-200025_01029	gnl|TC-DB|P37774|3.A.1.3.10	32.7	220	135	6	2	218	4	213	5.1e-21	97.8
BCW-200025_01036	gnl|TC-DB|Q9HV74|2.A.21.9.1	32.4	256	151	7	383	627	737	981	2.4e-22	104.0
BCW-200025_01037	gnl|TC-DB|G4FGN3|3.A.1.2.20	46.2	493	262	3	5	496	3	493	8.2e-128	453.8
BCW-200025_01038	gnl|TC-DB|A6VKS9|3.A.1.2.13	46.1	306	156	5	24	323	13	315	5.9e-58	221.1
BCW-200025_01039	gnl|TC-DB|Q9F9B2|3.A.1.2.7	32.4	296	173	11	3	276	1	291	1.1e-21	100.5
BCW-200025_01044	gnl|TC-DB|P07658|3.D.1.9.2	95.0	139	7	0	1	139	1	139	8.4e-75	275.8
BCW-200025_01045	gnl|TC-DB|P07658|3.D.1.9.2	94.1	558	33	0	1	558	157	714	0.0e+00	1088.6
BCW-200025_01049	gnl|TC-DB|P21345|2.A.23.1.1	95.2	437	21	0	1	437	1	437	5.3e-224	773.1
BCW-200025_01050	gnl|TC-DB|P31552|4.C.1.1.6	23.4	529	371	14	90	616	21	517	3.6e-27	119.8
BCW-200025_01051	gnl|TC-DB|P0AF54|9.B.136.1.1	78.8	104	22	0	1	104	1	104	4.1e-42	166.8
BCW-200025_01052	gnl|TC-DB|P32705|2.A.21.7.2	91.8	549	45	0	1	549	1	549	2.5e-279	957.2
BCW-200025_01053	gnl|TC-DB|P60643|2.A.122.1.3	28.2	220	157	1	11	229	14	233	2.7e-17	85.5
BCW-200025_01054	gnl|TC-DB|E7UC95|1.E.14.1.9	81.8	132	24	0	1	132	1	132	4.2e-55	210.3
BCW-200025_01056	gnl|TC-DB|P32703|2.A.36.3.1	94.5	546	30	0	1	546	1	546	3.1e-282	966.8
BCW-200025_01057	gnl|TC-DB|P0AF52|2.A.40.7.5	94.2	449	26	0	1	449	1	449	2.1e-223	771.2
BCW-200025_01088	gnl|TC-DB|P28303|2.A.66.1.4	83.8	438	71	0	1	438	19	456	2.6e-202	701.0
BCW-200025_01092	gnl|TC-DB|P0AC96|2.A.8.1.8	95.7	446	19	0	1	446	1	446	2.3e-235	810.8
BCW-200025_01101	gnl|TC-DB|P10907|3.A.1.1.3	91.0	356	32	0	1	356	1	356	1.1e-187	652.1
BCW-200025_01102	gnl|TC-DB|P10906|3.A.1.1.3	88.6	281	32	0	1	281	1	281	1.5e-134	475.3
BCW-200025_01103	gnl|TC-DB|P10905|3.A.1.1.3	91.9	295	24	0	1	295	1	295	5.6e-153	536.6
BCW-200025_01104	gnl|TC-DB|P0AG80|3.A.1.1.3	89.5	438	46	0	1	438	1	438	7.1e-237	815.8
BCW-200025_01105	gnl|TC-DB|P22731|3.A.1.4.1	92.8	237	17	0	1	237	1	237	1.4e-122	435.3
BCW-200025_01106	gnl|TC-DB|P0A9S7|3.A.1.4.1	94.5	255	14	0	1	255	1	255	2.9e-137	484.2
BCW-200025_01107	gnl|TC-DB|P22729|3.A.1.4.1	94.1	425	25	0	1	425	1	425	7.9e-209	722.6
BCW-200025_01108	gnl|TC-DB|P0AEX7|3.A.1.4.1	90.3	308	30	0	1	308	1	308	1.1e-143	505.8
BCW-200025_01109	gnl|TC-DB|P04816|3.A.1.4.1	92.4	369	28	0	1	369	1	369	6.9e-201	696.0
BCW-200025_01111	gnl|TC-DB|P0AD96|3.A.1.4.1	94.5	365	19	1	1	364	3	367	1.0e-196	682.2
BCW-200025_01114	gnl|TC-DB|P0AC31|3.A.1.140.1	90.6	352	32	1	1	351	1	352	1.5e-176	615.1
BCW-200025_01115	gnl|TC-DB|P0A9R7|3.A.1.140.1	95.0	222	11	0	1	222	1	222	3.1e-119	424.1
BCW-200025_01116	gnl|TC-DB|P10121|3.A.5.1.1	96.4	309	11	0	178	486	189	497	4.7e-165	577.4
BCW-200025_01121	gnl|TC-DB|P37617|3.A.3.6.2	78.3	734	146	7	1	723	1	732	7.5e-300	1025.8
BCW-200025_01125	gnl|TC-DB|P02943|1.B.3.1.1	80.3	457	73	4	1	451	1	446	1.0e-222	768.8
BCW-200025_01126	gnl|TC-DB|P68187|3.A.1.1.1	94.1	371	20	1	1	369	1	371	1.4e-198	688.3
BCW-200025_01127	gnl|TC-DB|P0AEX9|3.A.1.1.1	92.4	396	30	0	1	396	1	396	2.3e-218	754.2
BCW-200025_01128	gnl|TC-DB|P02916|3.A.1.1.1	90.3	514	50	0	1	514	1	514	1.5e-270	927.9
BCW-200025_01129	gnl|TC-DB|P68183|3.A.1.1.1	93.2	296	20	0	1	296	1	296	2.7e-155	544.3
BCW-200025_01131	gnl|TC-DB|D8EPC3|1.B.14.16.4	89.5	698	73	0	1	698	1	698	0.0e+00	1327.0
BCW-200025_01142	gnl|TC-DB|P0AF43|2.A.58.2.1	88.0	543	65	0	1	543	1	543	1.0e-253	872.1
BCW-200025_01151	gnl|TC-DB|P28635|3.A.1.24.1	64.3	258	92	0	9	266	14	271	2.2e-95	345.1
BCW-200025_01152	gnl|TC-DB|Q9ZGB6|2.A.1.3.32	39.3	486	290	3	8	489	14	498	5.8e-94	341.3
BCW-200025_01156	gnl|TC-DB|Q8GC84|2.A.6.2.19	82.9	374	63	1	1	373	1	374	8.1e-165	576.2
BCW-200025_01157	gnl|TC-DB|Q8GC83|2.A.6.2.19	87.3	1028	131	0	1	1028	1	1028	0.0e+00	1684.1
BCW-200025_01158	gnl|TC-DB|Q8GC82|2.A.6.2.19	81.6	452	83	0	1	452	1	452	9.7e-205	709.1
BCW-200025_01161	gnl|TC-DB|Q9KSH5|4.A.3.2.6	49.0	100	51	0	1	100	1	100	3.4e-20	94.0
BCW-200025_01162	gnl|TC-DB|Q9KSH4|4.A.3.2.6	45.4	423	231	0	4	426	6	428	1.6e-119	426.0
BCW-200025_01163	gnl|TC-DB|Q86Z14|8.A.49.1.2	26.0	466	292	14	5	455	81	508	2.4e-38	156.4
BCW-200025_01164	gnl|TC-DB|P69791|4.A.3.2.1	51.5	97	47	0	5	101	17	113	3.5e-22	100.5
BCW-200025_01166	gnl|TC-DB|P31437|2.A.7.3.12	84.6	298	46	0	1	298	1	298	2.9e-136	481.1
BCW-200025_01167	gnl|TC-DB|P0ADL1|2.A.1.2.26	85.0	381	57	0	16	396	14	394	6.5e-173	603.2
BCW-200025_01169	gnl|TC-DB|P0AGC0|2.A.1.4.1	94.0	463	28	0	1	463	1	463	1.8e-246	847.8
BCW-200025_01170	gnl|TC-DB|P09836|2.A.1.4.4	88.7	433	49	0	3	435	6	438	7.6e-231	795.8
BCW-200025_01179	gnl|TC-DB|L0LHM3|2.A.7.31.3	48.7	277	141	1	1	276	1	277	3.1e-60	228.4
BCW-200025_01180	gnl|TC-DB|P31442|2.A.1.2.9	88.1	385	46	0	1	385	10	394	4.1e-188	653.7
BCW-200025_01183	gnl|TC-DB|P08555|2.A.8.1.5	90.8	445	41	0	1	445	1	445	9.8e-218	752.3
BCW-200025_01186	gnl|TC-DB|P0ADM0|9.B.51.1.1	86.1	115	16	0	1	115	1	115	3.5e-50	193.7
BCW-200025_01188	gnl|TC-DB|P76330|9.B.34.1.4	36.5	211	129	4	241	449	351	558	3.4e-24	109.4
BCW-200025_01190	gnl|TC-DB|G4PZW1|8.A.48.1.1	66.7	78	26	0	1	78	1	78	9.6e-28	118.6
BCW-200025_01191	gnl|TC-DB|P46482|8.A.1.7.1	41.4	273	159	1	11	283	14	285	3.0e-50	195.3
BCW-200025_01192	gnl|TC-DB|Q8ZPN4|2.A.85.1.5	80.7	679	129	1	1	677	1	679	0.0e+00	1092.0
BCW-200025_01194	gnl|TC-DB|P76187|8.A.5.1.7	87.6	298	37	0	1	298	1	298	7.9e-155	542.7
BCW-200025_01204	gnl|TC-DB|P77389|2.A.1.2.65	91.0	387	35	0	1	387	1	387	4.9e-189	656.8
BCW-200025_01206	gnl|TC-DB|Q0HIQ8|3.A.1.2.14	27.0	233	151	10	58	277	21	247	4.2e-11	65.5
BCW-200025_01208	gnl|TC-DB|P37597|2.A.1.2.62	77.3	401	88	2	1	399	1	400	6.8e-170	593.2
BCW-200025_01211	gnl|TC-DB|P37340|2.A.66.1.3	86.5	453	61	0	1	453	5	457	1.5e-218	755.0
BCW-200025_01215	gnl|TC-DB|P96878|2.A.53.3.12	29.4	170	113	2	26	189	571	739	4.3e-22	101.3
BCW-200025_01221	gnl|TC-DB|Q8RCC4|3.A.1.3.27	35.2	230	139	6	38	261	33	258	5.3e-28	121.3
BCW-200025_01222	gnl|TC-DB|P48243|3.A.1.3.9	54.6	240	108	1	24	263	2	240	3.7e-66	248.1
BCW-200025_01223	gnl|TC-DB|Q8YPM8|3.A.1.3.18	34.1	223	134	4	17	232	80	296	6.0e-26	114.4
BCW-200025_01224	gnl|TC-DB|Q8YPM7|3.A.1.3.18	37.9	198	119	2	27	220	177	374	7.7e-25	110.5
BCW-200025_01226	gnl|TC-DB|O32167|3.A.1.24.2	48.7	269	130	3	5	269	9	273	4.8e-66	247.7
BCW-200025_01227	gnl|TC-DB|O32168|3.A.1.24.2	61.7	222	85	0	1	222	1	222	2.3e-66	248.4
BCW-200025_01228	gnl|TC-DB|O32169|3.A.1.24.2	57.4	338	143	1	1	337	1	338	2.4e-107	385.2
BCW-200025_01237	gnl|TC-DB|Q5HGY5|3.A.1.11.8	28.4	232	144	7	1	228	4	217	1.7e-14	76.3
BCW-200025_01245	gnl|TC-DB|P07658|3.D.1.9.2	64.9	715	246	4	1	713	1	712	3.1e-290	993.8
BCW-200025_01246	gnl|TC-DB|Q5MQC2|1.B.73.1.1	45.8	454	239	3	22	470	22	473	7.8e-120	427.2
BCW-200025_01251	gnl|TC-DB|Q8CVM4|1.B.11.3.5	41.1	833	430	15	51	843	52	863	7.6e-179	624.0
BCW-200025_01259	gnl|TC-DB|B1LE48|2.A.86.2.1	84.3	369	58	0	1	369	1	369	1.8e-172	601.7
BCW-200025_01261	gnl|TC-DB|P75683|2.A.2.3.5	55.5	447	199	0	7	453	4	450	3.2e-142	501.5
BCW-200025_01262	gnl|TC-DB|Q9HXN5|4.A.1.1.15	26.3	414	235	12	391	780	433	800	1.5e-27	121.3
BCW-200025_01265	gnl|TC-DB|P72412|1.B.14.2.14	84.7	621	94	1	41	660	40	660	0.0e+00	1118.2
BCW-200025_01267	gnl|TC-DB|A8GDS8|3.A.1.14.16	55.4	271	121	0	1	271	5	275	7.7e-80	293.5
BCW-200025_01268	gnl|TC-DB|Q56992|3.A.1.14.5	65.0	320	111	1	7	325	9	328	8.6e-102	366.7
BCW-200025_01269	gnl|TC-DB|A8GDS6|3.A.1.14.16	61.0	251	98	0	7	257	9	259	3.1e-83	304.7
BCW-200025_01274	gnl|TC-DB|Q81E21|2.A.8.1.14	53.6	478	206	3	1	462	1	478	7.3e-131	463.8
BCW-200025_01279	gnl|TC-DB|P06611|3.A.1.13.1	71.0	248	72	0	1	248	1	248	2.6e-98	354.8
BCW-200025_01281	gnl|TC-DB|P06609|3.A.1.13.1	73.9	326	85	0	1	326	1	326	1.8e-131	465.3
BCW-200025_01290	gnl|TC-DB|P76206|1.B.75.1.3	86.5	252	34	0	23	274	1	252	1.1e-129	459.1
BCW-200025_01297	gnl|TC-DB|P77529|2.A.23.1.8	85.5	462	67	0	1	462	1	462	1.1e-208	722.2
BCW-200025_01303	gnl|TC-DB|C4X746|4.A.3.2.7	87.7	114	14	0	1	114	1	114	3.0e-46	180.6
BCW-200025_01304	gnl|TC-DB|P17334|4.A.3.2.1	89.2	452	49	0	1	452	1	452	5.3e-211	729.9
BCW-200025_01305	gnl|TC-DB|P69795|4.A.3.2.1	96.2	104	4	0	1	104	1	104	1.4e-50	194.9
BCW-200025_01318	gnl|TC-DB|B7L6M8|3.A.1.19.4	75.2	387	94	2	4	388	1	387	7.1e-172	599.7
BCW-200025_01319	gnl|TC-DB|B7L6M9|3.A.1.19.4	56.4	495	214	1	17	509	2	496	1.0e-154	543.1
BCW-200025_01320	gnl|TC-DB|B7L6N0|3.A.1.19.4	62.9	194	72	0	12	205	16	209	2.1e-66	248.4
BCW-200025_01327	gnl|TC-DB|Q07711|3.A.7.7.1	30.0	621	396	17	3	612	4	596	1.0e-71	267.7
BCW-200025_01339	gnl|TC-DB|P0A908|9.B.99.1.2	73.4	248	66	0	1	248	1	248	5.3e-112	400.2
BCW-200025_01346	gnl|TC-DB|P76242|2.A.1.17.3	77.3	392	89	0	1	392	1	392	4.2e-164	573.9
BCW-200025_01351	gnl|TC-DB|P76330|9.B.34.1.4	34.5	110	72	0	173	282	383	492	2.3e-12	69.7
BCW-200025_01352	gnl|TC-DB|A6TAG3|1.E.43.1.1	95.1	82	4	0	1	82	1	82	9.8e-39	155.2
BCW-200025_01353	gnl|TC-DB|D4ZZR3|9.B.34.1.3	37.9	174	96	4	316	484	226	392	4.8e-24	109.0
BCW-200025_01369	gnl|TC-DB|P69874|3.A.1.11.1	88.9	361	40	0	1	361	18	378	4.9e-183	636.7
BCW-200025_01370	gnl|TC-DB|P0AFK4|3.A.1.11.1	93.8	275	17	0	11	285	1	275	1.1e-140	495.7
BCW-200025_01371	gnl|TC-DB|P0AFK6|3.A.1.11.1	96.1	257	10	0	1	257	1	257	5.9e-130	459.9
BCW-200025_01372	gnl|TC-DB|P0AFK9|3.A.1.11.1	90.7	343	32	0	2	344	6	348	1.9e-189	657.9
BCW-200025_01374	gnl|TC-DB|F8CVI0|1.B.52.2.2	27.3	205	119	2	356	530	85	289	7.2e-12	68.9
BCW-200025_01377	gnl|TC-DB|P75958|3.A.1.125.1	90.6	414	39	0	1	414	1	414	5.9e-201	696.4
BCW-200025_01378	gnl|TC-DB|P75957|3.A.1.125.1	92.3	233	18	0	1	233	1	233	3.2e-119	424.1
BCW-200025_01379	gnl|TC-DB|P0ADC3|3.A.1.125.1	93.3	386	26	0	1	386	14	399	2.7e-187	651.0
BCW-200025_01393	gnl|TC-DB|P16869|1.B.14.1.1	55.3	741	293	9	8	729	8	729	3.9e-240	827.4
BCW-200025_01394	gnl|TC-DB|P69786|4.A.1.1.1	97.1	477	14	0	1	477	1	477	1.1e-262	901.7
BCW-200025_01401	gnl|TC-DB|O80800|3.D.1.6.3	48.0	75	39	0	2	76	48	122	1.5e-12	68.2
BCW-200025_01412	gnl|TC-DB|P76628|2.A.1.36.3	33.8	388	247	2	4	388	2	382	6.7e-40	161.4
BCW-200025_01427	gnl|TC-DB|P0AF16|2.A.66.4.3	92.9	510	36	0	1	510	1	510	2.2e-261	897.5
BCW-200025_01431	gnl|TC-DB|P69367|2.A.1.2.21	85.3	402	59	0	1	402	1	402	1.0e-197	685.6
BCW-200025_01441	gnl|TC-DB|P25744|2.A.1.2.20	87.9	404	47	1	1	402	1	404	1.6e-198	688.3
BCW-200025_01444	gnl|TC-DB|P62517|4.D.3.1.1	93.3	840	56	0	1	840	1	840	0.0e+00	1616.3
BCW-200025_01453	gnl|TC-DB|P0AE95|1.B.48.1.1	79.1	129	27	0	1	129	1	129	1.5e-54	208.4
BCW-200025_01454	gnl|TC-DB|P0AE98|1.B.48.1.1	83.3	138	22	1	1	137	1	138	1.8e-61	231.5
BCW-200025_01455	gnl|TC-DB|P0AEA2|1.B.48.1.1	91.7	277	23	0	1	277	1	277	3.4e-144	507.3
BCW-200025_01470	gnl|TC-DB|P09833|3.A.1.8.1	88.1	352	42	0	1	352	1	352	1.9e-179	624.8
BCW-200025_01471	gnl|TC-DB|P0AF01|3.A.1.8.1	92.1	229	18	0	1	229	1	229	2.1e-115	411.4
BCW-200025_01472	gnl|TC-DB|P37329|3.A.1.8.1	85.5	255	37	0	1	255	1	255	7.6e-122	433.0
BCW-200025_01473	gnl|TC-DB|A6T6J1|2.A.6.2.49	77.6	49	11	0	1	49	1	49	5.9e-15	75.5
BCW-200025_01475	gnl|TC-DB|A7BAX2|3.A.1.26.3	28.1	498	281	17	10	471	246	702	1.8e-26	117.1
BCW-200025_01483	gnl|TC-DB|P75757|2.A.4.1.4	81.4	296	55	0	16	311	18	313	5.4e-138	486.9
BCW-200025_01484	gnl|TC-DB|P24520|4.B.1.1.1	87.0	238	31	0	1	238	1	238	4.9e-115	410.2
BCW-200025_01493	gnl|TC-DB|P06129|1.B.14.3.1	66.0	624	195	7	1	617	1	614	2.2e-244	841.3
BCW-200025_01512	gnl|TC-DB|Q9I2M0|3.A.1.109.4	41.5	390	219	5	3	385	6	393	4.3e-76	281.6
BCW-200025_01513	gnl|TC-DB|Q9I2M1|3.A.1.109.4	42.1	707	402	6	5	710	17	717	1.5e-138	490.0
BCW-200025_01521	gnl|TC-DB|P31474|2.A.1.3.51	81.8	477	85	1	1	477	1	475	9.5e-211	729.2
BCW-200025_01524	gnl|TC-DB|P02925|3.A.1.2.1	98.0	296	6	0	1	296	1	296	3.5e-155	543.9
BCW-200025_01525	gnl|TC-DB|P0AGI1|3.A.1.2.1	94.4	321	18	0	1	321	1	321	5.5e-146	513.5
BCW-200025_01526	gnl|TC-DB|P04983|3.A.1.2.1	97.0	501	15	0	1	501	1	501	3.9e-279	956.4
BCW-200025_01528	gnl|TC-DB|P63183|2.A.72.1.1	92.4	622	47	0	1	622	1	622	0.0e+00	1143.6
BCW-200025_01536	gnl|TC-DB|C4X3L3|1.A.77.3.8	88.9	126	14	0	1	126	25	150	2.3e-55	211.1
BCW-200025_01537	gnl|TC-DB|P0AB98|3.A.2.1.1	93.4	271	18	0	1	271	1	271	5.7e-144	506.5
BCW-200025_01538	gnl|TC-DB|P68699|3.A.2.1.1	100.0	79	0	0	1	79	1	79	2.8e-35	143.7
BCW-200025_01539	gnl|TC-DB|P0ABA0|3.A.2.1.1	93.6	156	10	0	1	156	1	156	3.0e-52	201.1
BCW-200025_01540	gnl|TC-DB|P0ABA4|3.A.2.1.1	89.8	177	18	0	1	177	1	177	2.4e-82	301.2
BCW-200025_01541	gnl|TC-DB|P0ABB0|3.A.2.1.1	95.3	513	24	0	1	513	1	513	4.7e-280	959.5
BCW-200025_01542	gnl|TC-DB|P0ABA6|3.A.2.1.1	93.7	287	18	0	1	287	1	287	8.7e-151	529.3
BCW-200025_01543	gnl|TC-DB|P0ABB4|3.A.2.1.1	98.0	460	9	0	1	460	1	460	2.4e-259	890.6
BCW-200025_01544	gnl|TC-DB|P0A6E6|3.A.2.1.1	95.7	139	6	0	1	139	1	139	4.0e-69	256.9
BCW-200025_01547	gnl|TC-DB|P0AG82|3.A.1.7.1	92.8	346	25	0	1	346	1	346	7.0e-187	649.4
BCW-200025_01548	gnl|TC-DB|P0AGH8|3.A.1.7.1	95.0	319	16	0	1	319	1	319	1.1e-165	578.9
BCW-200025_01549	gnl|TC-DB|P07654|3.A.1.7.1	92.9	296	21	0	1	296	1	296	3.4e-150	527.3
BCW-200025_01550	gnl|TC-DB|P0AAH0|3.A.1.7.1	95.3	257	12	0	1	257	1	257	2.1e-143	504.6
BCW-200025_01553	gnl|TC-DB|P31466|2.A.40.7.6	94.4	445	25	0	2	446	1	445	9.5e-229	788.9
BCW-200025_01557	gnl|TC-DB|P31462|2.A.1.2.22	72.4	392	104	2	1	389	1	391	5.3e-151	530.4
BCW-200025_01561	gnl|TC-DB|P0AEX3|2.A.1.6.2	85.0	432	64	1	1	431	1	432	6.8e-208	719.5
BCW-200025_01570	gnl|TC-DB|O00571|1.I.1.1.3	35.2	369	214	8	3	350	179	543	1.3e-49	193.7
BCW-200025_01572	gnl|TC-DB|F9VN10|3.D.10.1.4	35.2	537	310	15	10	522	7	529	3.7e-70	262.3
BCW-200025_01587	gnl|TC-DB|P77272|4.A.1.2.7	38.5	468	258	13	4	447	6	467	1.2e-69	260.4
BCW-200025_01594	gnl|TC-DB|Q9KN48|3.A.23.1.1	43.7	261	136	1	109	369	176	425	7.4e-56	214.5
BCW-200025_01601	gnl|TC-DB|P45955|2.C.1.2.1	86.3	190	26	0	1	190	1	190	6.7e-73	270.4
BCW-200025_01602	gnl|TC-DB|C6EJJ6|2.C.1.2.1	74.0	173	45	0	1	173	1	173	5.4e-63	236.9
BCW-200025_01603	gnl|TC-DB|P0A855|2.C.1.2.1	94.7	430	23	0	1	430	1	430	1.6e-148	522.3
BCW-200025_01604	gnl|TC-DB|P19934|2.C.1.2.1	84.3	127	20	0	307	433	295	421	6.3e-44	174.9
BCW-200025_01605	gnl|TC-DB|P0ABV8|1.A.30.2.2	88.0	142	17	0	1	142	1	142	2.8e-65	244.2
BCW-200025_01606	gnl|TC-DB|P0ABU9|1.A.30.2.2	97.0	230	7	0	1	230	1	230	5.4e-119	423.3
BCW-200025_01608	gnl|TC-DB|P0AAV0|8.A.79.1.1	88.3	94	11	0	3	96	4	97	8.2e-45	175.6
BCW-200025_01609	gnl|TC-DB|P56100|9.B.85.1.1	88.6	35	4	0	1	35	1	35	3.5e-12	65.9
BCW-200025_01610	gnl|TC-DB|P0ABK2|3.D.4.3.2	91.0	379	34	0	1	379	1	379	7.9e-200	692.6
BCW-200025_01611	gnl|TC-DB|P0ABJ9|3.D.4.3.2	93.7	522	33	0	1	522	1	522	4.6e-283	969.5
BCW-200025_01616	gnl|TC-DB|X5GWN5|3.D.10.1.6	50.9	234	108	5	4	236	27	254	9.0e-69	256.5
BCW-200025_01617	gnl|TC-DB|X5H3P0|3.D.10.1.6	52.9	590	266	8	7	588	12	597	9.1e-171	596.7
BCW-200025_01628	gnl|TC-DB|P03959|3.A.3.7.1	83.5	557	92	0	1	557	1	557	2.5e-263	904.0
BCW-200025_01629	gnl|TC-DB|P03960|3.A.3.7.1	91.5	682	58	0	1	682	1	682	0.0e+00	1175.6
BCW-200025_01630	gnl|TC-DB|P03961|3.A.3.7.1	69.1	188	58	0	1	188	1	188	2.7e-63	238.0
BCW-200025_01634	gnl|TC-DB|P0AAF1|2.A.3.2.1	92.4	435	33	0	2	436	4	438	1.5e-226	781.6
BCW-200025_01642	gnl|TC-DB|P75733|1.B.25.1.13	88.7	468	50	3	1	465	1	468	9.8e-253	868.6
BCW-200025_01645	gnl|TC-DB|P09323|4.A.1.1.2	55.3	662	260	9	2	657	16	647	1.1e-175	613.2
BCW-200025_01662	gnl|TC-DB|P0A2L3|9.A.40.1.2	94.5	292	16	0	16	307	1	292	1.9e-156	548.1
BCW-200025_01664	gnl|TC-DB|P37902|3.A.1.3.4	90.7	302	27	1	1	301	1	302	1.6e-155	545.0
BCW-200025_01665	gnl|TC-DB|P0AER3|3.A.1.3.4	89.4	246	26	0	1	246	1	246	5.0e-123	436.8
BCW-200025_01666	gnl|TC-DB|P0AER5|3.A.1.3.4	93.3	223	15	0	1	223	1	223	4.9e-109	390.2
BCW-200025_01667	gnl|TC-DB|P0AAG3|3.A.1.3.4	91.7	241	20	0	1	241	1	241	2.5e-122	434.5
BCW-200025_01671	gnl|TC-DB|P0ADC1|1.B.42.1.2	74.5	165	42	0	1	165	1	165	2.7e-68	254.6
BCW-200025_01677	gnl|TC-DB|P0ABG7|2.A.103.1.2	95.9	370	15	0	1	370	1	370	2.1e-197	684.5
BCW-200025_01684	gnl|TC-DB|P0A843|2.A.64.1.1	85.1	67	10	0	1	67	1	67	2.1e-23	104.0
BCW-200025_01686	gnl|TC-DB|P37002|1.A.43.1.1	82.7	127	22	0	1	127	1	127	3.5e-59	223.8
BCW-200025_01690	gnl|TC-DB|P0ABP3|2.A.61.1.1	91.9	455	37	0	1	455	1	455	3.0e-222	767.3
BCW-200025_01711	gnl|TC-DB|B8H230|3.A.1.2.21	34.9	321	191	5	14	327	16	325	1.7e-36	149.8
BCW-200025_01712	gnl|TC-DB|A6VKS8|3.A.1.2.13	37.8	495	303	4	6	499	7	497	1.4e-90	330.1
BCW-200025_01717	gnl|TC-DB|P15078|2.A.114.1.1	93.6	701	45	0	1	701	1	701	0.0e+00	1245.0
BCW-200025_01718	gnl|TC-DB|D2YRH2|9.A.5.4.1	68.0	225	72	0	1	225	1	225	5.1e-77	283.9
BCW-200025_01719	gnl|TC-DB|G2S0R1|9.B.156.1.3	97.4	154	4	0	1	154	1	154	1.2e-74	275.4
BCW-200025_01724	gnl|TC-DB|Q89SS6|2.A.1.42.2	24.0	501	358	12	27	522	632	1114	2.4e-21	100.1
BCW-200025_01726	gnl|TC-DB|C8U2V6|3.A.1.14.2	82.4	318	56	0	1	318	1	318	3.8e-147	517.3
BCW-200025_01727	gnl|TC-DB|Q8ZR35|2.A.1.38.3	81.6	412	76	0	1	412	1	412	3.5e-185	644.0
BCW-200025_01728	gnl|TC-DB|P23876|3.A.1.14.2	88.9	305	34	0	30	334	30	334	1.9e-144	508.4
BCW-200025_01729	gnl|TC-DB|P23877|3.A.1.14.2	78.2	330	72	0	1	330	1	330	2.8e-137	484.6
BCW-200025_01730	gnl|TC-DB|P23878|3.A.1.14.2	86.8	265	35	0	1	265	1	265	8.4e-132	466.1
BCW-200025_01731	gnl|TC-DB|P31552|4.C.1.1.6	22.1	511	329	15	477	951	39	516	4.8e-15	80.5
BCW-200025_01734	gnl|TC-DB|P05825|1.B.14.1.22	80.2	757	131	7	1	749	1	746	0.0e+00	1242.6
BCW-200025_01738	gnl|TC-DB|Q93GK4|3.A.1.110.1	59.5	368	149	0	2	369	46	413	9.9e-123	436.4
BCW-200025_01739	gnl|TC-DB|Q93GK5|3.A.1.110.1	68.1	698	223	0	1	698	1	698	1.3e-285	978.4
BCW-200025_01741	gnl|TC-DB|P0ABC9|2.A.15.1.4	94.8	676	35	0	1	676	1	676	0.0e+00	1267.7
BCW-200025_01752	gnl|TC-DB|P77308|3.A.1.5.38	44.4	322	178	1	15	336	14	334	1.2e-66	250.0
BCW-200025_01753	gnl|TC-DB|W0WMS8|3.A.1.5.39	41.8	280	157	1	2	275	19	298	2.1e-53	205.7
BCW-200025_01754	gnl|TC-DB|P45095|3.A.1.5.27	42.0	257	145	3	19	271	21	277	4.8e-45	177.9
BCW-200025_01755	gnl|TC-DB|O86575|3.A.1.5.34	43.8	224	122	2	9	228	56	279	5.1e-48	187.6
BCW-200025_01763	gnl|TC-DB|Q53903|2.A.1.3.7	24.2	483	334	5	45	516	54	515	8.4e-19	91.7
BCW-200025_01773	gnl|TC-DB|P46482|8.A.1.7.1	40.5	289	164	5	1	285	1	285	4.6e-51	198.0
BCW-200025_01775	gnl|TC-DB|E0LV84|2.A.85.1.4	26.3	574	401	8	21	576	8	577	1.9e-47	187.2
BCW-200025_01779	gnl|TC-DB|Q9I0Y8|2.A.6.2.16	41.7	1039	588	3	4	1024	6	1044	1.3e-212	736.5
BCW-200025_01780	gnl|TC-DB|P76397|8.A.1.6.2	30.7	332	218	5	31	353	63	391	5.7e-43	171.4
BCW-200025_01781	gnl|TC-DB|A8R5V4|3.A.3.2.41	47.7	868	445	4	35	900	25	885	2.1e-219	758.8
BCW-200025_01785	gnl|TC-DB|P06971|1.B.14.1.2	38.6	741	415	16	6	714	15	747	2.9e-131	465.7
BCW-200025_01794	gnl|TC-DB|D9X7X8|2.A.1.3.38	41.5	460	254	6	9	462	24	474	1.4e-81	300.1
BCW-200025_01795	gnl|TC-DB|P0AAT4|1.A.23.4.5	84.1	409	64	1	1	408	1	409	1.1e-191	665.6
BCW-200025_01797	gnl|TC-DB|P24207|2.A.3.1.1	90.0	462	42	1	1	462	1	458	7.0e-235	809.3
BCW-200025_01798	gnl|TC-DB|Q05202|1.B.14.1.15	53.8	705	306	8	31	727	66	758	1.0e-216	749.6
BCW-200025_01800	gnl|TC-DB|P21410|3.A.1.10.1	61.5	340	130	1	2	340	4	343	6.0e-114	407.1
BCW-200025_01801	gnl|TC-DB|P21409|3.A.1.10.1	72.7	509	139	0	16	524	19	527	1.2e-206	715.7
BCW-200025_01802	gnl|TC-DB|P21408|3.A.1.10.1	82.0	338	61	0	1	338	1	338	4.3e-157	550.4
BCW-200025_01809	gnl|TC-DB|P30130|1.B.11.3.9	47.7	858	425	8	11	852	28	877	1.4e-228	789.3
BCW-200025_01815	gnl|TC-DB|Q57071|4.A.1.1.13	46.0	509	243	5	9	497	4	500	8.7e-122	433.7
BCW-200025_01825	gnl|TC-DB|B5Y0L3|1.B.1.1.18	86.1	381	53	0	1	381	1	381	3.1e-204	707.2
BCW-200025_01826	gnl|TC-DB|P77504|3.A.1.122.15	84.6	803	124	0	1	803	1	803	0.0e+00	1313.5
BCW-200025_01827	gnl|TC-DB|P0A9T8|3.A.1.122.15	91.7	228	19	0	1	228	1	228	1.2e-113	405.6
BCW-200025_01831	gnl|TC-DB|P77307|3.A.1.139.2	84.5	258	40	0	1	258	1	258	4.5e-114	407.1
BCW-200025_01832	gnl|TC-DB|P77279|3.A.1.139.2	71.4	220	63	0	1	220	1	220	2.7e-91	331.3
BCW-200025_01834	gnl|TC-DB|P0AA53|8.A.21.2.2	93.0	302	21	0	1	302	1	302	4.8e-115	410.6
BCW-200025_01837	gnl|TC-DB|Q59385|3.A.3.5.5	88.0	834	98	2	1	832	1	834	0.0e+00	1372.8
BCW-200025_01846	gnl|TC-DB|Q0S720|3.A.1.4.9	33.9	233	145	4	1	230	9	235	4.6e-28	121.3
BCW-200025_01854	gnl|TC-DB|P0AAC4|1.A.14.2.2	83.0	235	39	1	1	235	1	234	3.0e-101	364.4
BCW-200025_01855	gnl|TC-DB|P75770|4.D.2.4.3	86.2	318	44	0	1	318	1	318	1.1e-154	542.3
BCW-200025_01858	gnl|TC-DB|P0AAW6|9.B.15.1.1	82.2	135	24	0	1	135	1	135	2.9e-56	214.2
BCW-200025_01859	gnl|TC-DB|P0AFP9|3.A.1.105.15	93.5	367	24	0	1	367	1	367	7.4e-195	676.0
BCW-200025_01860	gnl|TC-DB|C6EIY9|3.A.1.105.15	89.9	377	38	0	1	377	1	377	6.9e-188	652.9
BCW-200025_01861	gnl|TC-DB|P0A9U1|3.A.1.105.15	89.8	577	59	0	1	577	1	577	9.5e-306	1045.0
BCW-200025_01862	gnl|TC-DB|P75777|3.A.1.105.15	63.7	331	120	0	1	331	2	332	4.3e-85	311.2
BCW-200025_01864	gnl|TC-DB|O00571|1.I.1.1.3	42.2	398	207	8	2	377	181	577	9.0e-73	270.8
BCW-200025_01868	gnl|TC-DB|P30130|1.B.11.3.9	40.3	867	463	16	16	846	30	877	1.5e-174	609.8
BCW-200025_01876	gnl|TC-DB|P75783|1.A.23.3.2	80.6	741	140	1	1	737	1	741	0.0e+00	1142.9
BCW-200025_01877	gnl|TC-DB|P10346|3.A.1.3.2	95.8	240	10	0	1	240	1	240	1.1e-127	452.2
BCW-200025_01878	gnl|TC-DB|P0AEQ6|3.A.1.3.2	94.5	219	12	0	1	219	1	219	1.1e-110	395.6
BCW-200025_01879	gnl|TC-DB|P0AEQ3|3.A.1.3.2	96.0	248	9	1	1	247	1	248	4.6e-132	466.8
BCW-200025_01881	gnl|TC-DB|P0AA67|2.A.7.3.6	79.7	295	60	0	1	295	1	295	4.0e-127	450.7
BCW-200025_01882	gnl|TC-DB|G0EBV0|1.B.6.2.10	81.5	173	29	2	1	172	1	171	2.3e-74	274.6
BCW-200025_01886	gnl|TC-DB|P75788|2.A.45.2.5	76.7	369	86	0	1	369	1	369	1.8e-161	565.1
BCW-200025_01887	gnl|TC-DB|Q9RQ30|8.A.1.1.2	47.3	129	66	2	235	361	225	353	6.1e-24	108.2
BCW-200025_01888	gnl|TC-DB|P0AEJ0|2.A.1.3.2	36.4	497	304	3	18	513	15	500	2.0e-89	326.2
BCW-200025_01889	gnl|TC-DB|B3PY75|1.B.17.3.8	32.7	504	295	6	1	496	1	468	5.8e-65	245.0
BCW-200025_01890	gnl|TC-DB|P80874|8.A.5.1.4	32.7	327	195	9	1	320	1	309	1.7e-36	149.8
BCW-200025_01896	gnl|TC-DB|P0AFZ7|2.A.38.1.1	96.7	483	16	0	1	483	1	483	5.9e-269	922.5
BCW-200025_01905	gnl|TC-DB|P69423|2.A.64.1.1	90.0	240	24	0	1	240	1	240	1.2e-119	425.6
BCW-200025_01906	gnl|TC-DB|P69425|2.A.64.1.1	70.4	179	44	2	1	179	1	170	2.0e-52	201.8
BCW-200025_01907	gnl|TC-DB|P69428|2.A.64.1.1	98.0	49	1	0	1	49	1	49	2.3e-19	90.9
BCW-200025_01916	gnl|TC-DB|P0ADP5|2.A.7.3.61	82.6	299	52	0	1	299	1	299	3.1e-143	504.2
BCW-200025_01919	gnl|TC-DB|P0AG34|2.A.76.1.1	88.8	206	23	0	1	206	1	206	5.0e-100	360.1
BCW-200025_01920	gnl|TC-DB|P0AG38|2.A.76.1.2	86.4	206	28	0	1	206	1	206	1.2e-96	349.0
BCW-200025_01921	gnl|TC-DB|Q5EAK4|2.A.16.2.2	26.7	424	258	13	31	426	1378	1776	4.1e-25	112.8
BCW-200025_01924	gnl|TC-DB|P27844|2.A.7.7.2	89.5	296	31	0	1	296	1	296	5.9e-150	526.6
BCW-200025_01925	gnl|TC-DB|P0A2R8|1.A.35.1.2	98.7	316	4	0	1	316	1	316	3.3e-175	610.5
BCW-200025_01931	gnl|TC-DB|P27838|9.B.21.2.1	88.7	106	12	0	1	106	1	106	3.3e-55	210.3
BCW-200025_01941	gnl|TC-DB|P27837|2.A.3.1.15	92.6	461	34	0	1	461	1	461	1.1e-240	828.6
BCW-200025_01943	gnl|TC-DB|B6I4D1|9.B.128.1.1	88.8	446	50	0	1	446	1	446	2.7e-223	770.8
BCW-200025_01945	gnl|TC-DB|P0AAA7|2.A.66.2.3	86.5	416	56	0	1	416	1	416	2.1e-198	688.0
BCW-200025_01951	gnl|TC-DB|P0AC78|9.B.146.1.7	86.4	367	50	0	1	367	1	367	1.3e-167	585.5
BCW-200025_01952	gnl|TC-DB|P40290|3.A.6.1.1	28.6	252	158	5	157	396	148	389	2.0e-15	80.1
BCW-200025_01954	gnl|TC-DB|O00571|1.I.1.1.3	35.7	364	220	4	9	358	180	543	4.5e-55	211.8
BCW-200025_01973	gnl|TC-DB|P31545|2.A.108.2.3	83.5	425	66	1	1	425	1	421	3.6e-209	723.8
BCW-200025_01974	gnl|TC-DB|P0AB24|2.A.108.2.3	87.7	375	46	0	1	375	1	375	2.4e-185	644.4
BCW-200025_01975	gnl|TC-DB|P75901|2.A.108.2.3	89.4	274	29	0	1	274	1	274	4.1e-137	483.8
BCW-200025_01976	gnl|TC-DB|P0AFF2|2.A.41.1.1	71.0	400	110	2	1	394	1	400	1.0e-146	516.2
BCW-200025_01978	gnl|TC-DB|P07117|2.A.21.2.1	94.8	500	26	0	1	500	1	500	3.1e-268	920.2
BCW-200025_01991	gnl|TC-DB|P75892|2.A.40.1.3	89.5	439	46	0	1	439	3	441	7.7e-215	742.7
BCW-200025_01992	gnl|TC-DB|K7QW88|2.A.7.3.52	34.6	269	167	6	17	284	11	271	5.3e-21	98.2
BCW-200025_02002	gnl|TC-DB|Q52398|1.A.26.1.4	56.1	326	141	2	6	330	28	352	1.4e-96	349.4
BCW-200025_02005	gnl|TC-DB|Q9I488|3.A.1.3.21	57.7	239	101	0	3	241	1	239	9.0e-72	266.5
BCW-200025_02006	gnl|TC-DB|P0AFT2|3.A.1.3.10	32.0	206	140	0	15	220	10	215	1.2e-25	113.2
BCW-200025_02007	gnl|TC-DB|P35113|3.A.1.3.6	32.1	218	138	2	5	212	1	218	5.3e-23	104.4
BCW-200025_02017	gnl|TC-DB|P94575|2.A.39.3.4	32.5	462	307	3	20	478	10	469	6.5e-77	284.6
BCW-200025_02019	gnl|TC-DB|O32142|9.B.35.2.1	37.1	116	62	5	1	107	1	114	3.0e-11	64.3
BCW-200025_02026	gnl|TC-DB|P16552|2.A.1.5.2	35.0	412	251	3	17	421	18	419	1.9e-64	243.0
BCW-200025_02034	gnl|TC-DB|Q05596|3.A.1.23.6	86.0	272	37	1	1	272	1	271	1.3e-132	468.8
BCW-200025_02035	gnl|TC-DB|Q05598|3.A.1.23.6	78.7	225	48	0	1	225	1	225	3.4e-102	367.5
BCW-200025_02036	gnl|TC-DB|Q05595|3.A.1.23.6	91.7	36	3	0	58	93	58	93	6.1e-13	69.7
BCW-200025_02037	gnl|TC-DB|Q05594|3.A.1.23.6	92.7	245	18	0	1	245	1	245	8.3e-126	446.0
BCW-200025_02048	gnl|TC-DB|Q8PVB2|9.B.125.2.2	33.2	316	185	5	8	310	15	317	1.0e-38	157.1
BCW-200025_02060	gnl|TC-DB|Q01857|2.A.23.1.3	40.7	364	211	3	47	405	54	417	2.4e-67	252.7
BCW-200025_02068	gnl|TC-DB|P39580|2.A.50.2.1	30.8	315	182	13	78	368	86	388	1.8e-31	133.3
BCW-200025_02077	gnl|TC-DB|P06202|3.A.1.5.1	54.9	536	237	3	12	542	8	543	4.2e-170	594.3
BCW-200025_02078	gnl|TC-DB|P0AAC6|1.A.14.2.1	93.6	219	14	0	1	219	1	219	6.5e-106	379.8
BCW-200025_02087	gnl|TC-DB|P0AB12|9.B.55.1.1	88.5	148	17	0	1	148	1	148	4.6e-71	263.5
BCW-200025_02088	gnl|TC-DB|P75870|2.A.85.1.1	82.4	716	126	0	1	716	1	716	0.0e+00	1186.0
BCW-200025_02091	gnl|TC-DB|P0A910|1.B.6.1.1	86.0	351	44	2	1	351	1	346	6.0e-170	593.2
BCW-200025_02098	gnl|TC-DB|P43672|3.A.1.120.6	83.8	634	103	0	1	634	1	634	4.4e-296	1013.1
BCW-200025_02104	gnl|TC-DB|P75853|3.A.1.17.10	83.2	315	53	0	3	317	2	316	4.4e-151	530.4
BCW-200025_02106	gnl|TC-DB|P75851|3.A.1.17.10	92.7	261	19	0	1	261	1	261	1.4e-126	448.7
BCW-200025_02107	gnl|TC-DB|B1X8N7|3.A.1.17.10	88.7	248	28	0	1	248	1	248	1.5e-122	435.3
BCW-200025_02111	gnl|TC-DB|Q6RW54|1.B.1.1.12	60.8	365	129	5	2	359	1	358	1.9e-123	438.7
BCW-200025_02126	gnl|TC-DB|P60752|3.A.1.106.1	92.1	582	46	0	1	582	1	582	2.2e-294	1007.3
BCW-200025_02127	gnl|TC-DB|P44408|3.A.11.2.2	33.4	662	389	12	129	748	133	784	2.4e-91	333.2
BCW-200025_02135	gnl|TC-DB|P0AC23|1.A.16.1.1	94.0	285	17	0	1	285	1	285	5.4e-153	536.6
BCW-200025_02139	gnl|TC-DB|P21503|2.A.1.26.1	84.5	381	59	0	1	381	1	381	1.5e-182	635.2
BCW-200025_02140	gnl|TC-DB|P18777|5.A.3.3.2	85.4	287	42	0	1	287	1	287	1.1e-137	485.7
BCW-200025_02141	gnl|TC-DB|P18776|5.A.3.3.2	94.6	205	11	0	1	205	1	205	2.5e-123	437.6
BCW-200025_02142	gnl|TC-DB|P18775|5.A.3.3.2	88.6	814	93	0	1	814	1	814	0.0e+00	1523.1
BCW-200025_02145	gnl|TC-DB|P61316|1.B.46.1.1	92.6	202	15	0	1	202	1	202	3.6e-106	380.6
BCW-200025_02146	gnl|TC-DB|P46889|3.A.12.1.2	78.1	1331	195	9	1	1236	1	1329	0.0e+00	1625.5
BCW-200025_02149	gnl|TC-DB|P29018|3.A.1.129.1	84.5	588	91	0	1	588	1	588	4.2e-285	976.5
BCW-200025_02150	gnl|TC-DB|P23886|3.A.1.129.1	81.5	573	106	0	1	573	1	573	1.3e-259	891.7
BCW-200025_02154	gnl|TC-DB|Q9SXJ7|3.A.9.1.2	38.5	800	402	11	17	737	133	921	3.7e-148	521.9
BCW-200025_02157	gnl|TC-DB|P75831|3.A.1.122.1	86.3	648	87	1	1	646	1	648	4.5e-312	1066.2
BCW-200025_02158	gnl|TC-DB|P75830|3.A.1.122.1	80.2	369	70	1	6	371	3	371	1.1e-158	555.8
BCW-200025_02161	gnl|TC-DB|P60844|1.A.8.3.1	89.6	231	24	0	1	231	1	231	4.6e-118	420.2
BCW-200025_02162	gnl|TC-DB|P75826|2.A.124.1.1	83.9	299	48	0	1	299	1	299	1.2e-137	485.7
BCW-200025_02173	gnl|TC-DB|P22610|3.A.15.2.1	45.3	265	127	3	11	257	10	274	9.1e-54	206.8
BCW-200025_02176	gnl|TC-DB|P15750|3.A.15.1.1	30.4	332	209	7	6	332	4	318	3.8e-28	122.1
BCW-200025_02177	gnl|TC-DB|Q9XD68|3.A.15.3.1	30.3	201	117	8	6	185	3	201	1.2e-13	73.2
BCW-200025_02179	gnl|TC-DB|P15747|3.A.15.1.1	33.8	148	83	3	3	136	2	148	1.8e-12	68.9
BCW-200025_02180	gnl|TC-DB|P15746|3.A.15.1.1	71.4	140	40	0	8	147	1	140	5.1e-54	206.8
BCW-200025_02181	gnl|TC-DB|P15745|3.A.15.1.1	44.8	402	198	3	1	401	1	379	7.8e-81	297.4
BCW-200025_02182	gnl|TC-DB|P15645|3.A.15.1.1	58.0	486	198	2	6	487	8	491	7.7e-155	543.5
BCW-200025_02183	gnl|TC-DB|P15644|1.B.22.1.1	52.9	628	275	7	23	633	27	650	1.0e-175	613.2
BCW-200025_02191	gnl|TC-DB|P0AAF6|3.A.1.3.3	93.4	242	16	0	1	242	1	242	3.9e-128	453.8
BCW-200025_02192	gnl|TC-DB|P30859|3.A.1.3.3	92.2	243	19	0	1	243	1	243	1.8e-128	454.9
BCW-200025_02193	gnl|TC-DB|P0AE34|3.A.1.3.3	95.4	237	11	0	1	237	1	237	4.9e-123	436.8
BCW-200025_02194	gnl|TC-DB|P0AE30|3.A.1.3.3	93.2	222	15	0	1	222	1	222	4.4e-102	367.1
BCW-200025_02195	gnl|TC-DB|P30860|3.A.1.3.3	88.9	243	27	0	1	243	1	243	2.6e-124	441.0
BCW-200025_02201	gnl|TC-DB|P0AFL1|3.A.1.11.2	93.2	281	19	0	1	281	1	281	6.5e-143	503.1
BCW-200025_02202	gnl|TC-DB|P31135|3.A.1.11.2	90.2	317	31	0	1	317	1	317	2.4e-165	577.8
BCW-200025_02203	gnl|TC-DB|P31134|3.A.1.11.2	92.6	377	28	0	1	377	1	377	6.8e-204	706.1
BCW-200025_02204	gnl|TC-DB|P31133|3.A.1.11.2	91.4	370	32	0	1	370	1	370	5.1e-204	706.4
BCW-200025_02210	gnl|TC-DB|A7ZJR5|2.A.81.1.4	94.1	561	33	0	1	561	1	561	2.4e-301	1030.4
BCW-200025_02219	gnl|TC-DB|P0AB93|3.A.4.1.1	87.6	429	53	0	1	429	1	429	2.0e-207	718.0
BCW-200025_02223	gnl|TC-DB|P75810|2.A.1.60.2	86.1	375	52	0	1	375	1	375	3.8e-176	614.0
BCW-200025_02225	gnl|TC-DB|P0AEY8|2.A.1.2.19	88.2	407	48	0	1	407	1	407	6.3e-203	703.0
BCW-200025_02227	gnl|TC-DB|P94571|9.B.105.1.3	29.6	159	107	3	5	163	1	154	3.2e-14	75.1
BCW-200025_02234	gnl|TC-DB|P75799|3.A.1.5.11	87.5	303	38	0	1	303	1	303	1.1e-135	479.2
BCW-200025_02235	gnl|TC-DB|P75798|3.A.1.5.11	87.6	306	38	0	1	306	1	306	9.0e-154	539.3
BCW-200025_02236	gnl|TC-DB|P75797|3.A.1.5.11	86.3	512	70	0	1	512	1	512	1.8e-260	894.4
BCW-200025_02237	gnl|TC-DB|P75796|3.A.1.5.11	79.3	622	129	0	1	622	1	622	1.4e-278	954.9
BCW-200025_02247	gnl|TC-DB|P0AA78|2.A.1.14.2	43.0	416	236	1	16	430	42	457	6.8e-99	357.5
BCW-200025_02249	gnl|TC-DB|Q83XH1|3.A.1.121.4	46.6	526	280	1	1	526	1	525	1.2e-140	496.5
BCW-200025_02252	gnl|TC-DB|U5MFA1|4.A.3.2.9	34.1	425	271	3	14	432	8	429	7.8e-58	221.1
BCW-200025_02253	gnl|TC-DB|Q86Z14|8.A.49.1.2	27.4	470	287	14	1	455	77	507	4.2e-38	155.6
BCW-200025_02259	gnl|TC-DB|P0A8H3|2.A.5.5.1	89.9	257	26	0	1	257	1	257	8.4e-113	402.9
BCW-200025_02260	gnl|TC-DB|B7LAC5|1.C.80.1.4	45.2	188	101	2	1	186	1	188	8.2e-33	136.7
BCW-200025_02261	gnl|TC-DB|P75750|1.B.11.2.2	55.4	814	355	6	3	811	4	814	1.9e-267	918.3
BCW-200025_02273	gnl|TC-DB|P60782|9.B.31.1.1	92.7	205	15	0	1	205	1	205	8.5e-108	386.0
BCW-200025_02274	gnl|TC-DB|Q46909|2.A.1.1.95	25.5	432	292	11	47	477	20	422	3.4e-22	102.8
BCW-200025_02280	gnl|TC-DB|Q98CY5|2.A.99.1.3	34.9	169	101	5	7	166	12	180	2.0e-12	68.9
BCW-200025_02301	gnl|TC-DB|Q53712|3.A.1.120.3	31.5	527	284	14	40	522	63	556	1.3e-43	174.1
BCW-200025_02306	gnl|TC-DB|Q9RPP3|2.A.1.14.8	28.2	422	285	8	14	423	33	448	3.8e-41	165.6
BCW-200025_02310	gnl|TC-DB|P37665|9.B.186.1.1	91.3	219	19	0	1	219	1	219	8.6e-82	299.7
BCW-200025_02311	gnl|TC-DB|P20099|5.A.3.4.3	82.0	774	139	0	2	775	4	777	0.0e+00	1371.7
BCW-200025_02315	gnl|TC-DB|P37662|2.A.1.11.3	90.0	350	35	0	1	350	1	350	1.1e-170	595.9
BCW-200025_02316	gnl|TC-DB|Q8KRT4|1.C.80.1.1	32.9	170	102	5	11	173	14	178	8.2e-11	63.5
BCW-200025_02318	gnl|TC-DB|P30130|1.B.11.3.9	44.3	847	416	12	35	842	49	878	3.3e-198	688.3
BCW-200025_02323	gnl|TC-DB|P33950|3.A.1.5.27	55.1	517	231	1	19	535	30	545	1.1e-170	596.3
BCW-200025_02324	gnl|TC-DB|W0WN20|3.A.1.5.39	65.5	339	114	1	1	339	1	336	1.3e-124	442.6
BCW-200025_02325	gnl|TC-DB|W0WMS8|3.A.1.5.39	53.4	283	132	0	17	299	18	300	1.1e-82	303.1
BCW-200025_02326	gnl|TC-DB|P45095|3.A.1.5.27	76.0	325	77	1	1	325	1	324	4.2e-141	497.3
BCW-200025_02327	gnl|TC-DB|P45094|3.A.1.5.27	76.7	326	75	1	3	327	2	327	4.6e-143	503.8
BCW-200025_02336	gnl|TC-DB|Q47142|2.A.1.27.1	83.7	375	61	0	1	375	1	375	1.5e-179	625.2
BCW-200025_02339	gnl|TC-DB|D7A5Z9|2.A.113.1.7	38.3	227	128	4	64	284	60	280	1.7e-30	129.8
BCW-200025_02347	gnl|TC-DB|P44669|9.A.41.1.1	68.4	617	193	2	1	616	1	616	4.5e-229	790.4
BCW-200025_02355	gnl|TC-DB|Q57071|4.A.1.1.13	37.6	502	292	8	2	500	3	486	1.5e-84	310.1
BCW-200025_02364	gnl|TC-DB|P77774|1.B.33.1.3	81.6	392	72	0	1	392	1	392	7.2e-164	573.2
BCW-200025_02366	gnl|TC-DB|Q5KYD1|2.A.17.1.7	36.3	499	291	10	11	503	16	493	6.1e-78	288.1
BCW-200025_02385	gnl|TC-DB|B8H228|3.A.1.2.21	41.4	302	175	2	7	306	23	324	3.9e-64	241.5
BCW-200025_02386	gnl|TC-DB|B8H229|3.A.1.2.21	54.4	502	224	3	5	506	3	499	1.7e-141	499.2
BCW-200025_02387	gnl|TC-DB|B8H230|3.A.1.2.21	54.5	323	140	2	17	339	16	331	3.5e-90	328.2
BCW-200025_02396	gnl|TC-DB|P64545|9.B.209.1.1	71.7	53	15	0	1	53	7	59	3.8e-18	86.3
BCW-200025_02402	gnl|TC-DB|Q9UEF7|8.A.49.1.1	29.0	486	288	19	4	473	61	505	9.3e-41	164.5
BCW-200025_02404	gnl|TC-DB|P0AGM7|2.A.40.1.1	92.0	425	34	0	1	425	1	425	9.8e-215	742.3
BCW-200025_02408	gnl|TC-DB|Q72XQ0|4.A.3.2.8	43.5	430	234	4	4	424	1	430	3.5e-90	328.6
BCW-200025_02412	gnl|TC-DB|P0AFI9|2.A.86.1.1	86.7	353	47	0	1	353	1	353	1.5e-165	578.6
BCW-200025_02416	gnl|TC-DB|P0A903|1.B.33.1.3	86.3	344	47	0	1	344	1	344	1.7e-169	591.7
BCW-200025_02424	gnl|TC-DB|P24177|2.A.6.2.7	90.6	1037	97	0	1	1037	1	1037	0.0e+00	1815.8
BCW-200025_02426	gnl|TC-DB|Q5P036|5.A.3.11.1	33.3	150	77	7	10	138	10	157	1.0e-16	85.1
BCW-200025_02431	gnl|TC-DB|P42590|2.A.3.7.4	90.7	474	44	0	5	478	4	477	4.5e-245	843.2
BCW-200025_02442	gnl|TC-DB|P76538|9.B.127.1.1	74.3	144	37	0	1	144	1	144	1.4e-59	225.3
BCW-200025_02445	gnl|TC-DB|P16700|3.A.1.6.1	93.5	336	21	1	1	335	1	336	1.0e-182	635.6
BCW-200025_02446	gnl|TC-DB|P16701|3.A.1.6.1	96.8	277	9	0	1	277	1	277	5.3e-145	510.0
BCW-200025_02447	gnl|TC-DB|P0AEB0|3.A.1.6.1	91.1	291	26	0	1	291	1	291	2.8e-149	524.2
BCW-200025_02448	gnl|TC-DB|P16676|3.A.1.6.1	93.7	365	22	1	1	364	1	365	4.6e-197	683.3
BCW-200025_02451	gnl|TC-DB|P69783|4.A.1.1.1	97.6	169	4	0	1	169	1	169	4.7e-88	320.1
BCW-200025_02452	gnl|TC-DB|P08839|8.A.7.1.1	97.6	575	14	0	1	575	1	575	6.8e-312	1065.4
BCW-200025_02453	gnl|TC-DB|P0AA04|8.A.8.1.1	100.0	85	0	0	1	85	1	85	1.4e-40	161.4
BCW-200025_02455	gnl|TC-DB|P0A6J3|2.A.121.1.1	88.5	253	29	0	1	253	1	253	1.2e-135	478.8
BCW-200025_02459	gnl|TC-DB|P39836|2.A.28.3.4	89.2	332	35	1	1	331	1	332	3.1e-160	560.8
BCW-200025_02463	gnl|TC-DB|P45562|2.A.1.10.2	77.3	418	95	0	1	418	1	418	7.9e-185	642.9
BCW-200025_02470	gnl|TC-DB|B7LEG0|1.A.34.1.2	43.1	262	92	4	35	239	116	377	2.7e-52	201.8
BCW-200025_02481	gnl|TC-DB|P67153|1.C.113.1.10	90.4	219	21	0	1	219	1	219	4.8e-109	390.2
BCW-200025_02483	gnl|TC-DB|Q86Z14|8.A.49.1.2	26.0	481	298	15	5	477	80	510	9.7e-38	154.5
BCW-200025_02498	gnl|TC-DB|P11667|2.A.75.1.2	90.5	211	20	0	1	211	1	211	7.9e-109	389.4
BCW-200025_02499	gnl|TC-DB|P0C0S1|1.A.23.2.1	84.8	282	43	0	1	282	1	282	9.0e-116	412.9
BCW-200025_02505	gnl|TC-DB|O24779|1.B.25.1.3	60.1	424	167	2	1	422	2	425	1.2e-143	506.1
BCW-200025_02509	gnl|TC-DB|P0AEP1|2.A.1.1.1	94.8	465	23	1	1	465	1	464	1.2e-250	861.7
BCW-200025_02516	gnl|TC-DB|P24559|3.A.15.2.1	47.4	327	169	1	1	324	1	327	2.1e-76	282.3
BCW-200025_02518	gnl|TC-DB|P64564|9.A.4.1.2	85.6	188	27	0	1	188	1	188	2.4e-85	311.2
BCW-200025_02529	gnl|TC-DB|P0AFF4|2.A.1.10.1	78.2	418	91	0	1	418	1	418	7.1e-186	646.4
BCW-200025_02537	gnl|TC-DB|Q8VS41|2.A.24.2.5	81.0	453	85	1	1	452	1	453	8.5e-209	722.6
BCW-200025_02541	gnl|TC-DB|Q46831|9.B.120.1.1	80.7	238	43	1	1	238	1	235	6.0e-97	350.1
BCW-200025_02545	gnl|TC-DB|Q8X6C1|1.B.12.1.6	55.7	555	225	8	430	967	799	1349	6.5e-158	554.7
BCW-200025_02551	gnl|TC-DB|A8YQR5|3.A.23.2.1	35.6	533	307	12	2	528	7	509	9.8e-80	294.7
BCW-200025_02553	gnl|TC-DB|A8YQS1|3.A.23.2.1	26.7	382	241	13	68	443	10	358	1.6e-18	92.0
BCW-200025_02554	gnl|TC-DB|K1GHE1|9.B.186.1.2	39.1	110	62	2	338	446	100	205	1.5e-11	67.4
BCW-200025_02555	gnl|TC-DB|Q9KN51|3.A.23.1.1	32.7	446	293	5	4	448	5	444	3.0e-73	272.3
BCW-200025_02558	gnl|TC-DB|Q6EE20|3.A.23.2.1	51.5	462	220	3	32	493	33	490	2.5e-137	485.3
BCW-200025_02559	gnl|TC-DB|Q6EE21|3.A.23.2.1	42.1	159	91	1	1	158	1	159	1.9e-31	132.1
BCW-200025_02561	gnl|TC-DB|Q9HWU4|1.B.11.3.7	36.1	785	464	11	64	825	30	799	1.6e-131	466.8
BCW-200025_02564	gnl|TC-DB|Q6EE14|3.A.23.2.1	49.9	856	407	5	10	864	6	840	2.0e-230	795.4
BCW-200025_02565	gnl|TC-DB|Q9KN55|3.A.23.1.1	29.6	621	388	15	8	621	6	584	1.0e-63	241.1
BCW-200025_02566	gnl|TC-DB|Q6EE15|3.A.23.2.1	30.3	310	196	7	11	309	16	316	2.3e-30	129.4
BCW-200025_02570	gnl|TC-DB|P65593|1.B.6.1.3	35.5	124	79	1	466	589	202	324	2.2e-15	80.5
BCW-200025_02573	gnl|TC-DB|P69434|1.B.55.1.1	42.0	792	442	6	40	826	28	807	3.4e-171	598.6
BCW-200025_02575	gnl|TC-DB|P75905|4.D.1.1.3	65.3	438	151	1	1	438	1	437	6.4e-169	590.1
BCW-200025_02578	gnl|TC-DB|P42065|3.A.1.5.20	52.3	323	150	4	5	323	6	328	3.1e-96	348.2
BCW-200025_02579	gnl|TC-DB|P26905|3.A.1.5.2	56.4	319	137	2	1	317	1	319	2.5e-98	355.1
BCW-200025_02580	gnl|TC-DB|P26904|3.A.1.5.2	39.5	276	165	2	6	279	45	320	3.4e-51	198.4
BCW-200025_02581	gnl|TC-DB|P42062|3.A.1.5.20	40.4	314	186	1	1	313	1	314	7.3e-66	247.3
BCW-200025_02582	gnl|TC-DB|P42061|3.A.1.5.20	28.9	501	328	11	39	518	41	534	6.7e-48	188.3
BCW-200025_02585	gnl|TC-DB|D7A5Z9|2.A.113.1.7	27.1	273	181	7	64	326	45	309	2.3e-17	86.3
BCW-200025_02591	gnl|TC-DB|Q56586|3.D.5.1.1	60.4	447	176	1	1	447	1	446	2.3e-158	555.1
BCW-200025_02592	gnl|TC-DB|Q56587|3.D.5.1.1	75.9	411	98	1	1	410	1	411	6.6e-184	639.8
BCW-200025_02593	gnl|TC-DB|Q56582|3.D.5.1.1	56.8	257	107	2	6	262	4	256	3.3e-80	294.7
BCW-200025_02594	gnl|TC-DB|Q57095|3.D.5.1.1	76.4	203	48	0	8	210	5	207	1.0e-79	292.7
BCW-200025_02595	gnl|TC-DB|Q56589|3.D.5.1.1	82.8	198	34	0	1	198	1	198	1.7e-89	325.1
BCW-200025_02596	gnl|TC-DB|Q56584|3.D.5.1.1	78.4	407	88	0	1	407	1	407	2.5e-191	664.5
BCW-200025_02597	gnl|TC-DB|D0WX40|3.D.5.1.1	62.5	64	24	0	1	64	1	64	1.3e-17	84.7
BCW-200025_02603	gnl|TC-DB|P02932|1.B.1.1.2	86.6	351	46	1	1	350	1	351	9.9e-181	629.0
BCW-200025_02611	gnl|TC-DB|P0AAP1|9.B.34.1.2	29.6	216	127	6	172	384	176	369	2.2e-16	84.0
BCW-200025_02614	gnl|TC-DB|O51919|2.A.1.3.24	54.2	506	231	1	7	512	6	510	6.8e-154	540.4
BCW-200025_02615	gnl|TC-DB|O51918|2.A.1.3.24	46.0	339	182	1	39	376	35	373	2.3e-74	275.8
BCW-200025_02616	gnl|TC-DB|A6XV56|1.B.17.3.6	42.9	468	256	5	27	489	22	483	6.8e-95	344.4
BCW-200025_02619	gnl|TC-DB|D4ZZR3|9.B.34.1.3	37.3	212	125	4	378	585	186	393	4.2e-30	129.4
BCW-200025_02620	gnl|TC-DB|Q1DBZ0|2.A.86.2.2	27.6	341	237	6	12	348	14	348	1.3e-21	100.5
BCW-200025_02621	gnl|TC-DB|Q47689|2.A.3.1.10	92.7	467	33	1	1	466	1	467	4.3e-248	853.2
BCW-200025_02623	gnl|TC-DB|Q47537|3.A.1.17.1	90.0	320	32	0	1	320	1	320	1.9e-162	568.2
BCW-200025_02624	gnl|TC-DB|Q47538|3.A.1.17.1	89.0	255	28	0	1	255	1	255	3.2e-128	454.1
BCW-200025_02625	gnl|TC-DB|Q47539|3.A.1.17.1	79.6	275	56	0	1	275	1	275	8.2e-114	406.4
BCW-200025_02629	gnl|TC-DB|Q8X5H7|1.B.12.2.7	59.4	996	316	18	1	924	1	980	3.9e-301	1030.4
BCW-200025_02633	gnl|TC-DB|P0AFY6|9.A.18.1.1	90.1	406	40	0	1	406	1	406	2.1e-211	731.1
BCW-200025_02639	gnl|TC-DB|P25744|2.A.1.2.20	61.3	393	151	1	3	395	11	402	7.7e-129	456.8
BCW-200025_02643	gnl|TC-DB|P0AAP1|9.B.34.1.2	61.9	367	140	0	1	367	5	371	3.6e-133	471.1
BCW-200025_02656	gnl|TC-DB|P0AD99|2.A.26.1.10	90.7	439	41	0	1	439	1	439	8.5e-222	765.8
BCW-200025_02657	gnl|TC-DB|P37460|2.A.3.1.6	94.7	456	24	0	1	456	1	456	3.2e-248	853.6
BCW-200025_02658	gnl|TC-DB|Q07837|8.A.9.1.2	23.0	479	260	16	177	562	140	602	2.6e-19	93.6
BCW-200025_02665	gnl|TC-DB|P0ADZ7|3.A.5.1.1	96.4	110	4	0	1	110	1	110	7.2e-53	202.6
BCW-200025_02666	gnl|TC-DB|P0AG90|2.A.6.4.1	93.9	604	37	0	1	604	12	615	0.0e+00	1075.8
BCW-200025_02667	gnl|TC-DB|P0AG93|2.A.6.4.1	90.4	323	31	0	1	323	1	323	1.4e-160	562.0
BCW-200025_02670	gnl|TC-DB|P0A927|1.B.10.1.1	82.4	295	43	2	3	289	1	294	8.2e-149	522.7
BCW-200025_02677	gnl|TC-DB|P77735|8.A.5.1.6	87.0	324	42	0	1	324	1	324	8.9e-168	585.9
BCW-200025_02685	gnl|TC-DB|P77726|2.A.1.2.60	84.3	452	71	0	1	452	1	452	8.7e-214	739.2
BCW-200025_02687	gnl|TC-DB|P0ABJ6|3.D.4.5.1	87.2	109	13	1	1	108	1	109	8.0e-49	189.1
BCW-200025_02688	gnl|TC-DB|P0ABJ3|3.D.4.5.1	88.7	204	23	0	1	204	1	204	3.7e-103	370.5
BCW-200025_02689	gnl|TC-DB|P0ABI8|3.D.4.5.1	90.8	663	61	0	1	663	1	663	0.0e+00	1243.8
BCW-200025_02690	gnl|TC-DB|P0ABJ1|3.D.4.5.1	94.6	315	17	0	1	315	1	315	1.5e-172	601.7
BCW-200025_02691	gnl|TC-DB|P0AE16|2.A.1.25.2	84.1	491	78	0	1	491	1	491	2.4e-233	804.3
BCW-200025_02699	gnl|TC-DB|A1EMW4|3.A.11.2.3	56.5	62	27	0	65	126	42	103	9.8e-14	72.8
BCW-200025_02706	gnl|TC-DB|P77265|3.A.1.106.13	88.0	590	71	0	1	590	1	590	1.1e-298	1021.5
BCW-200025_02707	gnl|TC-DB|P0AAG5|3.A.1.106.13	87.5	593	74	0	1	593	1	593	1.4e-288	988.0
BCW-200025_02709	gnl|TC-DB|P69681|1.A.11.1.1	90.4	429	40	1	1	429	1	428	1.6e-193	671.8
BCW-200025_02716	gnl|TC-DB|C7NLF6|2.A.115.2.6	56.3	183	80	0	4	186	38	220	9.1e-54	206.5
BCW-200025_02719	gnl|TC-DB|Q8XSC6|2.A.113.1.3	48.9	374	86	1	1	269	1	374	3.2e-78	288.1
BCW-200025_02729	gnl|TC-DB|P31224|2.A.6.2.2	92.6	1049	77	1	1	1048	1	1049	0.0e+00	1862.4
BCW-200025_02730	gnl|TC-DB|P0AE06|8.A.1.6.1	86.9	397	52	0	1	397	1	397	2.9e-189	657.5
BCW-200025_02732	gnl|TC-DB|P77338|1.A.23.1.1	78.6	1110	238	0	6	1115	9	1118	0.0e+00	1635.5
BCW-200025_02744	gnl|TC-DB|P39830|2.A.37.1.5	93.0	558	39	0	1	558	1	558	6.0e-281	962.6
BCW-200025_02745	gnl|TC-DB|P52067|2.A.1.35.1	92.1	405	28	1	1	401	1	405	1.1e-204	708.8
BCW-200025_02752	gnl|TC-DB|P39285|1.A.23.1.3	87.8	1107	135	0	1	1107	1	1107	0.0e+00	1768.4
BCW-200025_02753	gnl|TC-DB|P39282|2.A.3.7.5	82.9	490	84	0	1	490	1	490	3.9e-231	797.0
BCW-200025_02755	gnl|TC-DB|F9VN10|3.D.10.1.4	40.1	544	303	7	2	540	41	566	6.5e-102	367.9
BCW-200025_02756	gnl|TC-DB|P17596|3.D.10.1.3	28.0	218	152	5	7	219	5	222	3.1e-24	108.6
BCW-200025_02762	gnl|TC-DB|D5CES3|2.A.7.1.10	96.2	105	4	0	1	105	1	105	4.3e-47	183.3
BCW-200025_02769	gnl|TC-DB|P39277|2.A.3.13.1	82.9	409	70	0	1	409	1	409	1.9e-191	664.8
BCW-200025_02772	gnl|TC-DB|P0ABN5|2.A.13.1.1	62.4	434	161	2	1	433	1	433	9.1e-144	506.5
BCW-200025_02774	gnl|TC-DB|P36655|5.A.1.1.1	84.2	565	87	2	1	563	1	565	1.6e-273	937.9
BCW-200025_02788	gnl|TC-DB|P0AFF2|2.A.41.1.1	93.8	400	20	1	1	395	1	400	4.6e-195	676.8
BCW-200025_02789	gnl|TC-DB|P0A769|2.A.55.3.1	93.0	412	29	0	1	412	1	412	7.0e-210	726.1
BCW-200025_02791	gnl|TC-DB|P63144|8.A.5.1.3	35.0	306	189	6	13	312	71	372	1.3e-44	176.8
BCW-200025_02793	gnl|TC-DB|H5KWQ5|2.A.49.7.1	79.9	408	82	0	1	408	1	408	9.2e-178	619.4
BCW-200025_02796	gnl|TC-DB|B3XQE5|9.B.33.1.2	31.9	580	350	14	6	551	4	572	9.7e-69	257.7
BCW-200025_02800	gnl|TC-DB|P37327|1.A.16.4.1	84.8	302	46	0	7	308	4	305	1.6e-142	501.9
BCW-200025_02801	gnl|TC-DB|P76506|3.A.1.27.3	89.2	251	26	1	1	250	1	251	1.2e-135	478.8
BCW-200025_02802	gnl|TC-DB|P10384|1.B.9.1.1	75.6	450	96	3	1	440	1	446	4.4e-202	700.3
BCW-200025_02811	gnl|TC-DB|P0AD30|2.A.102.3.1	85.9	269	38	0	1	269	1	269	9.7e-128	452.6
BCW-200025_02816	gnl|TC-DB|P77549|2.A.1.46.6	83.9	391	63	0	1	391	1	391	2.9e-181	630.9
BCW-200025_02821	gnl|TC-DB|P0ABP6|9.B.27.2.3	89.0	219	24	0	1	219	1	219	3.5e-107	384.0
BCW-200025_02825	gnl|TC-DB|P08550|9.B.160.1.16	94.4	162	9	0	1	162	1	162	1.2e-80	295.4
BCW-200025_02828	gnl|TC-DB|P09551|3.A.1.3.1	88.5	260	30	0	1	260	1	260	4.5e-130	460.3
BCW-200025_02829	gnl|TC-DB|P0AEU0|3.A.1.3.29	93.1	260	18	0	1	260	1	260	5.5e-136	479.9
BCW-200025_02830	gnl|TC-DB|P0A2I9|3.A.1.3.1	92.5	228	17	0	1	228	1	228	9.8e-113	402.5
BCW-200025_02831	gnl|TC-DB|P0AEU3|3.A.1.3.29	92.4	238	18	0	1	238	1	238	8.3e-123	436.0
BCW-200025_02832	gnl|TC-DB|P07109|3.A.1.3.29	93.4	257	17	0	1	257	1	257	2.1e-132	468.0
BCW-200025_02840	gnl|TC-DB|B7LBF5|1.A.12.3.2	74.3	214	55	0	1	214	1	214	1.2e-91	332.4
BCW-200025_02844	gnl|TC-DB|B7LDS1|4.A.7.1.2	45.6	147	80	0	1	147	1	147	1.3e-33	139.0
BCW-200025_02845	gnl|TC-DB|B7LDS2|4.A.7.1.2	42.4	85	47	1	1	83	1	85	2.9e-12	67.4
BCW-200025_02846	gnl|TC-DB|B7LDR9|4.A.7.1.2	62.4	410	153	1	12	421	10	418	6.8e-145	510.4
BCW-200025_02854	gnl|TC-DB|P0AFU2|2.A.47.4.8	87.0	610	79	0	1	610	1	610	3.7e-300	1026.5
BCW-200025_02858	gnl|TC-DB|P0AFC3|3.D.1.1.1	94.6	147	7	1	1	146	1	147	1.1e-72	268.9
BCW-200025_02859	gnl|TC-DB|P0AFC7|3.D.1.1.1	96.9	224	3	1	1	224	1	220	5.8e-126	446.4
BCW-200025_02860	gnl|TC-DB|P33599|3.D.1.1.1	95.6	596	26	0	5	600	1	596	0.0e+00	1199.1
BCW-200025_02861	gnl|TC-DB|P0AFD1|3.D.1.1.1	93.4	166	11	0	1	166	1	166	5.0e-90	326.6
BCW-200025_02862	gnl|TC-DB|P31979|3.D.1.1.1	94.8	445	23	0	1	445	1	445	9.4e-261	895.2
BCW-200025_02863	gnl|TC-DB|P33602|3.D.1.1.1	90.8	907	82	1	1	906	1	907	0.0e+00	1694.1
BCW-200025_02864	gnl|TC-DB|P0AFD4|3.D.1.1.1	95.4	323	15	0	1	323	1	323	3.0e-176	614.0
BCW-200025_02865	gnl|TC-DB|P0AFD6|3.D.1.1.1	98.3	180	3	0	1	180	1	180	4.1e-90	327.0
BCW-200025_02866	gnl|TC-DB|P0AFE0|3.D.1.1.1	95.1	184	9	0	1	184	1	184	6.7e-88	319.7
BCW-200025_02867	gnl|TC-DB|P0AFE4|3.D.1.1.1	97.0	100	3	0	1	100	1	100	4.5e-30	126.7
BCW-200025_02868	gnl|TC-DB|P33607|3.D.1.1.1	93.1	613	42	0	1	613	1	613	0.0e+00	1127.5
BCW-200025_02869	gnl|TC-DB|P0AFE8|3.D.1.1.1	93.5	509	33	0	1	509	1	509	8.2e-277	948.7
BCW-200025_02870	gnl|TC-DB|P0AFF0|3.D.1.1.1	92.6	485	36	0	1	485	1	485	5.8e-248	852.8
BCW-200025_02881	gnl|TC-DB|Q8XE01|1.B.68.1.1	77.2	180	40	1	1	179	8	187	1.0e-80	295.8
BCW-200025_02886	gnl|TC-DB|P08194|2.A.1.4.3	95.0	421	21	0	1	421	1	421	9.9e-242	832.0
BCW-200025_02896	gnl|TC-DB|D6QLX8|1.B.1.1.19	80.9	376	57	3	1	370	1	367	2.9e-175	610.9
BCW-200025_02900	gnl|TC-DB|P33941|3.A.1.113.3	90.5	547	52	0	1	547	1	547	3.4e-281	963.4
BCW-200025_02901	gnl|TC-DB|Q5SMG8|1.A.26.1.2	30.4	339	233	2	141	477	110	447	5.0e-42	168.7
BCW-200025_02902	gnl|TC-DB|Q1J2S8|2.A.53.3.13	50.0	380	187	2	44	423	23	399	1.4e-88	323.2
BCW-200025_02906	gnl|TC-DB|B2JBG5|2.A.1.59.2	50.9	381	187	0	7	387	16	396	1.8e-98	355.9
BCW-200025_02914	gnl|TC-DB|P28246|2.A.1.2.7	88.9	395	44	0	1	395	1	395	3.0e-194	674.1
BCW-200025_02916	gnl|TC-DB|P33916|3.A.1.5.21	80.6	527	102	0	1	527	1	527	1.0e-237	818.9
BCW-200025_02917	gnl|TC-DB|P33915|3.A.1.5.21	84.5	341	53	0	1	341	1	341	2.5e-152	534.6
BCW-200025_02918	gnl|TC-DB|P0AFU1|3.A.1.5.21	94.0	364	22	0	1	364	1	364	2.4e-193	671.0
BCW-200025_02919	gnl|TC-DB|Q8ZNK0|3.A.1.5.24	78.7	601	128	0	1	601	1	601	1.2e-298	1021.5
BCW-200025_02921	gnl|TC-DB|E9RJ18|3.A.7.13.2	36.3	91	53	2	94	180	271	360	6.8e-11	63.9
BCW-200025_02927	gnl|TC-DB|P33026|2.A.1.20.2	83.2	393	66	0	1	393	1	393	7.2e-188	652.9
BCW-200025_02928	gnl|TC-DB|P69811|4.A.2.1.1	90.2	376	37	0	1	376	1	376	6.8e-188	652.9
BCW-200025_02930	gnl|TC-DB|P20966|4.A.2.1.1	90.2	563	53	2	1	561	1	563	1.2e-249	858.6
BCW-200025_02932	gnl|TC-DB|P62723|2.A.98.1.3	86.5	349	46	1	1	348	1	349	8.3e-164	572.8
BCW-200025_02934	gnl|TC-DB|P25737|2.A.3.1.2	92.8	489	35	0	1	489	1	489	1.3e-263	904.8
BCW-200025_02935	gnl|TC-DB|P17315|1.B.14.1.4	81.0	663	119	4	1	656	1	663	0.0e+00	1118.2
BCW-200025_02937	gnl|TC-DB|Q9I3T2|2.A.1.51.4	47.4	367	189	3	7	370	14	379	5.0e-77	284.6
BCW-200025_02939	gnl|TC-DB|P25747|9.B.169.1.2	79.7	385	78	0	1	385	1	385	1.1e-180	629.0
BCW-200025_02941	gnl|TC-DB|P0AEE5|3.A.1.2.3	95.5	332	15	0	1	332	1	332	6.1e-180	626.3
BCW-200025_02942	gnl|TC-DB|P0AAG8|3.A.1.2.3	96.0	506	20	0	1	506	1	506	1.1e-281	964.9
BCW-200025_02943	gnl|TC-DB|P23200|3.A.1.2.3	93.8	336	21	0	1	336	1	336	1.1e-165	578.9
BCW-200025_02945	gnl|TC-DB|P0AFY2|9.B.114.1.1	88.6	237	27	0	1	237	1	237	4.3e-119	423.7
BCW-200025_02947	gnl|TC-DB|C6EAH0|2.A.122.1.1	89.6	231	24	0	1	231	1	231	5.4e-111	396.7
BCW-200025_02948	gnl|TC-DB|F4V3T5|1.E.14.1.4	88.3	128	15	0	1	128	4	131	1.0e-42	169.1
BCW-200025_02954	gnl|TC-DB|P08722|4.A.1.2.2	56.9	620	256	1	6	614	4	623	2.7e-205	711.4
BCW-200025_02956	gnl|TC-DB|P33369|1.B.17.3.10	70.8	463	130	2	12	469	14	476	9.9e-176	612.8
BCW-200025_02958	gnl|TC-DB|E4PCL6|9.B.27.2.7	78.8	189	40	0	1	189	1	189	8.5e-86	312.8
BCW-200025_02959	gnl|TC-DB|J2MRK2|9.B.29.3.1	40.7	182	108	0	7	188	8	189	7.5e-37	150.2
BCW-200025_02964	gnl|TC-DB|P33362|3.A.1.12.15	85.9	305	43	0	1	305	1	305	6.4e-144	506.5
BCW-200025_02965	gnl|TC-DB|P33361|3.A.1.12.15	66.8	379	126	0	7	385	7	385	3.9e-130	461.1
BCW-200025_02966	gnl|TC-DB|P33360|3.A.1.12.15	82.7	306	52	1	1	306	1	305	6.2e-142	500.0
BCW-200025_02967	gnl|TC-DB|P33359|3.A.1.12.15	80.2	243	48	0	1	243	1	243	1.1e-98	355.9
BCW-200025_02970	gnl|TC-DB|Q81JL2|9.B.33.1.1	30.8	581	363	10	5	555	3	574	4.4e-74	275.4
BCW-200025_02974	gnl|TC-DB|A0L4L0|3.A.1.132.3	38.7	341	194	5	12	350	2	329	9.4e-57	217.2
BCW-200025_02976	gnl|TC-DB|P64534|2.A.113.1.1	63.4	112	39	1	1	110	1	112	2.6e-34	141.0
BCW-200025_02977	gnl|TC-DB|P0A932|1.B.18.3.8	76.6	372	86	1	7	378	8	378	1.7e-165	578.6
BCW-200025_02979	gnl|TC-DB|P38134|8.A.3.3.1	56.1	710	312	0	3	712	2	711	8.8e-224	773.1
BCW-200025_02984	gnl|TC-DB|P30000|2.A.1.5.3	39.8	412	240	6	6	413	8	415	2.4e-77	285.8
BCW-200025_02993	gnl|TC-DB|P76417|2.A.1.10.4	91.3	425	37	0	1	425	1	425	1.5e-223	771.5
BCW-200025_03000	gnl|TC-DB|P36554|2.A.1.3.26	82.3	469	83	0	1	469	1	469	1.1e-216	748.8
BCW-200025_03001	gnl|TC-DB|P76399|2.A.6.2.12	92.1	1025	81	0	1	1025	1	1025	0.0e+00	1791.9
BCW-200025_03002	gnl|TC-DB|P76398|2.A.6.2.12	89.7	1040	107	0	1	1040	1	1040	0.0e+00	1751.1
BCW-200025_03003	gnl|TC-DB|P76397|8.A.1.6.2	84.9	392	59	0	1	392	1	392	4.7e-171	597.0
BCW-200025_03006	gnl|TC-DB|Q1J0W6|9.B.34.1.1	35.9	167	95	4	675	840	190	345	1.2e-14	79.0
BCW-200025_03009	gnl|TC-DB|P28249|9.B.22.2.1	70.7	617	180	1	1	616	1	617	4.9e-252	866.7
BCW-200025_03010	gnl|TC-DB|L5DDD7|2.A.109.2.3	86.1	527	73	0	1	527	370	896	7.7e-254	872.5
BCW-200025_03011	gnl|TC-DB|P0A930|1.B.18.3.1	93.4	379	25	0	1	379	1	379	3.0e-207	717.2
BCW-200025_03013	gnl|TC-DB|P76387|8.A.3.3.2	86.7	720	96	0	1	720	1	720	0.0e+00	1208.0
BCW-200025_03026	gnl|TC-DB|P30750|3.A.1.24.1	93.9	343	21	0	1	343	1	343	4.3e-181	630.2
BCW-200025_03027	gnl|TC-DB|P31547|3.A.1.24.1	96.8	217	7	0	1	217	1	217	4.8e-77	283.9
BCW-200025_03028	gnl|TC-DB|P28635|3.A.1.24.1	96.3	271	10	0	1	271	1	271	4.2e-147	516.9
BCW-200025_03048	gnl|TC-DB|P0A943|1.B.33.1.3	88.7	813	81	2	1	805	1	810	0.0e+00	1474.1
BCW-200025_03065	gnl|TC-DB|Q8ZRP7|3.A.1.13.1	77.7	264	59	0	1	264	1	264	5.5e-115	410.2
BCW-200025_03066	gnl|TC-DB|I7MT28|1.A.62.2.2	88.2	203	24	0	1	203	1	203	1.4e-97	352.1
BCW-200025_03068	gnl|TC-DB|A8ALD3|2.A.49.5.5	84.2	462	73	0	1	462	1	462	3.4e-213	737.3
BCW-200025_03070	gnl|TC-DB|P06972|3.A.1.14.3	85.5	660	96	0	1	660	1	660	6.6e-311	1062.4
BCW-200025_03071	gnl|TC-DB|P07822|3.A.1.14.3	75.2	290	72	0	7	296	7	296	7.4e-129	456.4
BCW-200025_03072	gnl|TC-DB|P07821|3.A.1.14.3	92.5	265	20	0	1	265	1	265	9.9e-141	495.7
BCW-200025_03073	gnl|TC-DB|P06971|1.B.14.1.2	84.3	752	112	4	1	751	1	747	0.0e+00	1271.9
BCW-200025_03075	gnl|TC-DB|P42915|1.B.11.3.6	41.0	807	451	12	31	825	45	838	2.4e-169	592.4
BCW-200025_03091	gnl|TC-DB|P33129|1.B.11.3.3	46.4	857	440	7	19	864	16	864	5.7e-222	767.3
BCW-200025_03098	gnl|TC-DB|P0AFN6|3.A.1.105.17	91.8	256	21	0	1	256	1	256	2.6e-130	461.1
BCW-200025_03099	gnl|TC-DB|P36879|3.A.1.105.17	93.5	308	20	0	1	308	1	308	2.5e-159	557.8
BCW-200025_03100	gnl|TC-DB|Q8F8H7|2.A.53.3.8	47.3	188	98	1	7	193	544	731	8.4e-53	203.4
BCW-200025_03103	gnl|TC-DB|P36649|1.B.76.1.8	82.6	522	85	1	14	535	1	516	9.6e-252	865.5
BCW-200025_03104	gnl|TC-DB|P0AA95|8.A.2.1.3	94.8	115	6	0	14	128	1	115	3.5e-59	223.8
BCW-200025_03116	gnl|TC-DB|P15993|2.A.3.1.3	93.4	456	30	0	1	456	2	457	8.2e-244	839.0
BCW-200025_03117	gnl|TC-DB|P31435|2.A.2.3.4	47.1	450	233	4	1	447	1	448	4.0e-121	431.4
BCW-200025_03119	gnl|TC-DB|P0AE14|9.B.125.1.1	81.3	284	53	0	1	284	1	284	1.7e-130	461.8
BCW-200025_03123	gnl|TC-DB|P22608|3.A.15.2.1	42.9	455	233	8	11	453	124	563	1.2e-90	330.1
BCW-200025_03124	gnl|TC-DB|P22609|3.A.15.2.1	29.7	333	229	1	64	391	41	373	1.8e-42	169.9
BCW-200025_03130	gnl|TC-DB|P10408|3.A.5.1.1	91.0	900	81	0	1	900	1	900	0.0e+00	1599.3
BCW-200025_03139	gnl|TC-DB|P0ABG4|2.A.103.1.1	90.1	414	41	0	1	414	1	414	3.4e-212	733.8
BCW-200025_03141	gnl|TC-DB|P0A6W3|9.B.146.1.6	98.1	360	7	0	1	360	1	360	3.6e-202	700.3
BCW-200025_03156	gnl|TC-DB|Q1LHU8|2.A.4.7.9	56.1	280	123	0	17	296	46	325	2.9e-85	311.6
BCW-200025_03158	gnl|TC-DB|P31675|2.A.1.20.1	87.2	392	50	0	1	392	1	392	1.3e-189	658.7
BCW-200025_03161	gnl|TC-DB|P31550|3.A.1.19.1	89.0	327	36	0	1	327	1	327	1.7e-171	598.2
BCW-200025_03162	gnl|TC-DB|P31549|3.A.1.19.1	82.8	536	92	0	1	536	1	536	5.4e-255	876.3
BCW-200025_03163	gnl|TC-DB|P31548|3.A.1.19.1	75.2	230	57	0	1	230	1	230	2.9e-96	347.8
BCW-200025_03173	gnl|TC-DB|P31554|1.B.42.1.2	82.7	784	133	2	1	781	1	784	0.0e+00	1374.0
BCW-200025_03180	gnl|TC-DB|P03819|2.A.37.1.1	86.0	621	86	1	1	621	1	620	2.8e-295	1010.4
BCW-200025_03181	gnl|TC-DB|P0A754|2.A.37.1.1	89.8	176	18	0	1	176	1	176	8.9e-98	352.4
BCW-200025_03188	gnl|TC-DB|B8I766|9.B.105.1.5	32.7	162	94	5	13	165	2	157	7.6e-14	73.6
BCW-200025_03193	gnl|TC-DB|P13738|2.A.33.1.1	76.0	384	92	0	1	384	1	384	2.1e-155	545.0
BCW-200025_03195	gnl|TC-DB|P0A6Y8|1.A.33.1.2	93.9	638	38	1	1	637	1	638	0.0e+00	1135.6
BCW-200025_03196	gnl|TC-DB|P0AC98|2.A.96.1.1	86.7	188	25	0	1	188	1	188	5.1e-91	330.1
BCW-200025_03197	gnl|TC-DB|Q5ZYB5|3.A.7.9.1	32.9	416	269	5	10	420	2	412	2.2e-52	203.0
BCW-200025_03200	gnl|TC-DB|P30143|2.A.25.1.10	71.2	476	137	0	1	476	1	476	4.3e-187	650.6
BCW-200025_03209	gnl|TC-DB|Q9HV74|2.A.21.9.1	29.2	257	159	7	231	471	726	975	2.9e-18	89.7
BCW-200025_03217	gnl|TC-DB|P43672|3.A.1.120.6	34.2	512	326	6	21	527	18	523	2.5e-77	286.2
BCW-200025_03220	gnl|TC-DB|P24518|4.B.1.1.1	93.2	410	28	0	1	410	1	410	1.2e-233	805.1
BCW-200025_03243	gnl|TC-DB|P76330|9.B.34.1.4	34.8	184	112	3	172	349	381	562	1.1e-22	104.0
BCW-200025_03245	gnl|TC-DB|Q9KSH4|4.A.3.2.6	52.5	425	198	1	8	432	7	427	5.4e-123	437.6
BCW-200025_03249	gnl|TC-DB|Q8FA71|2.A.79.2.1	87.2	250	32	0	8	257	27	276	3.9e-126	447.2
BCW-200025_03259	gnl|TC-DB|M3JA40|1.B.52.2.1	57.4	68	29	0	354	421	283	350	6.6e-14	75.5
BCW-200025_03267	gnl|TC-DB|Q9RPV1|2.A.1.14.9	72.0	425	112	2	15	432	25	449	3.3e-173	604.4
BCW-200025_03272	gnl|TC-DB|Q8ZJY5|2.A.114.1.10	92.1	717	56	1	1	717	1	716	0.0e+00	1308.5
BCW-200025_03274	gnl|TC-DB|P94400|9.B.10.1.1	27.1	377	195	12	1	308	1	366	4.8e-25	111.7
BCW-200025_03285	gnl|TC-DB|P46482|8.A.1.7.1	25.5	325	187	8	9	326	7	283	8.6e-15	77.8
BCW-200025_03310	gnl|TC-DB|Q9X4X4|2.A.1.30.1	37.4	508	312	3	17	520	17	522	1.7e-86	316.6
BCW-200025_03312	gnl|TC-DB|A7ZUZ0|2.A.2.1.1	31.1	431	268	12	16	426	11	432	2.4e-41	166.4
BCW-200025_03347	gnl|TC-DB|P42601|2.A.109.1.7	87.5	319	40	0	1	319	1	319	8.5e-155	542.7
BCW-200025_03348	gnl|TC-DB|P0AGE4|2.A.23.4.1	83.5	411	68	0	2	412	3	413	9.5e-183	636.0
BCW-200025_03351	gnl|TC-DB|P0AA78|2.A.1.14.2	88.9	431	48	0	1	431	41	471	7.3e-218	752.7
BCW-200025_03353	gnl|TC-DB|P0AA63|9.B.27.2.2	94.1	220	13	0	1	220	1	220	2.2e-114	407.9
BCW-200025_03357	gnl|TC-DB|P64585|1.E.34.2.1	80.8	130	25	0	1	130	1	130	1.2e-51	198.7
BCW-200025_03361	gnl|TC-DB|P64591|9.B.124.1.2	78.2	119	26	0	1	119	1	119	2.8e-58	220.7
BCW-200025_03365	gnl|TC-DB|P42628|2.A.42.2.4	91.4	443	38	0	1	443	1	443	2.8e-225	777.3
BCW-200025_03369	gnl|TC-DB|P0AAD8|2.A.42.2.2	88.7	443	50	0	1	443	1	443	5.0e-222	766.5
BCW-200025_03379	gnl|TC-DB|Q9KIQ4|4.A.6.1.4	91.1	157	14	0	1	157	13	169	6.4e-79	289.7
BCW-200025_03380	gnl|TC-DB|Q9KIQ3|4.A.6.1.4	87.3	259	33	0	1	259	1	259	8.8e-102	366.3
BCW-200025_03381	gnl|TC-DB|Q9KIQ2|4.A.6.1.4	93.5	292	19	0	1	292	1	292	8.9e-151	529.3
BCW-200025_03382	gnl|TC-DB|P26379|4.A.6.1.2	30.6	108	75	0	1	108	1	108	6.6e-14	73.6
BCW-200025_03386	gnl|TC-DB|P19642|4.A.1.1.3	52.6	527	244	3	1	523	1	525	3.9e-149	524.6
BCW-200025_03405	gnl|TC-DB|P0AAD2|2.A.42.1.2	92.7	413	30	0	1	413	1	413	7.0e-218	752.7
BCW-200025_03406	gnl|TC-DB|P38919|3.A.18.1.1	36.3	386	236	3	3	379	27	411	2.1e-64	243.4
BCW-200025_03419	gnl|TC-DB|P0AG99|3.A.5.1.1	91.8	110	9	0	1	110	1	110	7.7e-47	182.6
BCW-200025_03426	gnl|TC-DB|B2D7K2|3.A.23.1.1	45.7	512	268	3	7	508	4	515	5.2e-125	444.9
BCW-200025_03429	gnl|TC-DB|Q9KN45|3.A.23.1.1	34.5	1215	747	13	18	1219	3	1181	8.4e-203	704.1
BCW-200025_03430	gnl|TC-DB|Q9KN46|3.A.23.1.1	26.9	472	307	8	10	457	8	465	4.5e-48	188.7
BCW-200025_03433	gnl|TC-DB|Q9KN49|3.A.23.1.1	58.3	870	353	5	1	862	1	868	6.0e-280	959.9
BCW-200025_03434	gnl|TC-DB|Q9KN50|3.A.23.1.1	34.1	232	144	2	31	261	34	257	5.0e-36	147.9
BCW-200025_03435	gnl|TC-DB|Q9KN51|3.A.23.1.1	51.9	445	212	1	1	445	1	443	1.7e-132	469.2
BCW-200025_03437	gnl|TC-DB|Q9KN53|3.A.23.1.1	36.9	241	137	6	184	411	252	490	1.6e-36	150.2
BCW-200025_03438	gnl|TC-DB|Q9KN54|3.A.23.1.1	44.6	316	170	3	4	318	27	338	1.1e-69	260.0
BCW-200025_03439	gnl|TC-DB|Q9KN55|3.A.23.1.1	46.2	593	314	4	1	592	1	589	1.2e-162	569.7
BCW-200025_03441	gnl|TC-DB|Q6EE20|3.A.23.2.1	40.7	474	273	5	19	489	21	489	5.4e-100	361.3
BCW-200025_03445	gnl|TC-DB|P25694|3.A.16.1.2	43.3	252	142	1	140	390	472	723	3.3e-57	219.5
BCW-200025_03453	gnl|TC-DB|E1ILD8|2.A.7.3.18	88.8	321	36	0	1	321	1	321	4.4e-159	557.0
BCW-200025_03460	gnl|TC-DB|P64602|3.A.1.27.3	63.9	97	35	0	1	97	1	97	1.2e-30	128.6
BCW-200025_03461	gnl|TC-DB|P0ADV7|3.A.1.27.3	90.0	211	21	0	1	211	1	211	1.1e-107	385.6
BCW-200025_03462	gnl|TC-DB|P64604|3.A.1.27.3	77.5	182	40	1	1	181	1	182	4.0e-77	283.9
BCW-200025_03463	gnl|TC-DB|P64606|3.A.1.27.3	94.6	260	14	0	1	260	1	260	8.2e-132	466.1
BCW-200025_03464	gnl|TC-DB|P63386|3.A.1.27.3	90.6	266	25	0	1	266	1	266	2.6e-133	471.1
BCW-200025_03465	gnl|TC-DB|P45394|2.A.19.5.1	81.4	323	60	0	1	323	1	323	7.1e-141	496.5
BCW-200025_03468	gnl|TC-DB|P0ADW0|1.B.42.1.2	82.7	191	33	0	1	191	1	191	6.7e-91	329.7
BCW-200025_03469	gnl|TC-DB|P0ADV1|1.B.42.1.2	84.9	185	27	1	1	184	1	185	4.1e-85	310.5
BCW-200025_03470	gnl|TC-DB|P0A9V1|1.B.42.1.2	95.0	241	12	0	1	241	1	241	1.0e-128	455.7
BCW-200025_03473	gnl|TC-DB|P71012|4.A.2.1.4	27.5	149	106	2	8	155	1	148	3.5e-11	64.7
BCW-200025_03475	gnl|TC-DB|H1XXZ0|8.A.8.1.5	35.2	88	56	1	3	90	2	88	5.5e-11	63.2
BCW-200025_03479	gnl|TC-DB|P0ADC6|1.B.42.1.2	92.8	360	26	0	1	360	1	360	1.4e-185	645.2
BCW-200025_03480	gnl|TC-DB|P0AF98|1.B.42.1.2	87.5	359	45	0	1	359	8	366	2.8e-175	610.9
BCW-200025_03492	gnl|TC-DB|P0ACA3|1.A.12.3.1	95.3	211	10	0	1	211	1	211	5.1e-116	413.3
BCW-200025_03505	gnl|TC-DB|P46481|2.A.85.1.2	85.8	655	93	0	1	655	1	655	0.0e+00	1110.1
BCW-200025_03506	gnl|TC-DB|P46482|8.A.1.7.1	89.0	310	34	0	1	310	1	310	9.1e-154	539.3
BCW-200025_03507	gnl|TC-DB|D7XN98|8.A.48.1.2	97.0	67	2	0	1	67	24	90	1.2e-31	131.3
BCW-200025_03514	gnl|TC-DB|P0ABH4|9.B.157.1.3	93.2	162	11	0	1	162	1	162	2.2e-82	301.2
BCW-200025_03515	gnl|TC-DB|P16926|9.B.157.1.3	95.6	320	12	1	1	320	1	318	1.0e-166	582.4
BCW-200025_03516	gnl|TC-DB|P0A9X4|9.B.157.1.3	100.0	347	0	0	1	347	1	347	1.7e-193	671.4
BCW-200025_03520	gnl|TC-DB|Q8XB73|5.B.7.1.1	82.6	195	34	0	1	195	1	195	2.3e-89	324.7
BCW-200025_03525	gnl|TC-DB|P16256|2.A.21.1.1	80.3	483	95	0	1	483	1	483	1.2e-216	748.8
BCW-200025_03531	gnl|TC-DB|P76330|9.B.34.1.4	29.0	214	142	4	207	416	349	556	4.9e-14	76.3
BCW-200025_03533	gnl|TC-DB|P0AE06|8.A.1.6.1	71.9	366	95	2	8	369	14	375	4.8e-141	497.3
BCW-200025_03534	gnl|TC-DB|P24181|2.A.6.2.1	83.7	1032	168	0	1	1032	1	1032	0.0e+00	1676.0
BCW-200025_03536	gnl|TC-DB|P45766|3.A.1.3.26	93.3	341	23	0	1	341	1	341	1.8e-187	651.4
BCW-200025_03537	gnl|TC-DB|P45767|3.A.1.3.26	83.5	393	65	0	1	393	1	393	1.1e-185	645.6
BCW-200025_03538	gnl|TC-DB|P45768|3.A.1.3.26	91.6	367	31	0	1	367	1	367	8.7e-196	679.1
BCW-200025_03539	gnl|TC-DB|P45769|3.A.1.3.26	95.2	252	12	0	1	252	1	252	3.3e-138	487.3
BCW-200025_03552	gnl|TC-DB|P37653|4.D.3.1.6	87.5	872	108	1	1	871	1	872	0.0e+00	1580.5
BCW-200025_03553	gnl|TC-DB|P37652|4.D.3.1.6	76.3	793	160	3	1	793	13	777	0.0e+00	1226.8
BCW-200025_03554	gnl|TC-DB|P37651|4.D.3.1.6	73.3	367	98	0	1	367	1	367	3.5e-168	587.4
BCW-200025_03555	gnl|TC-DB|P37650|1.B.55.3.1	75.8	1163	273	5	1	1160	1	1157	0.0e+00	1636.3
BCW-200025_03557	gnl|TC-DB|P0A830|2.A.23.1.7	93.5	428	28	0	1	428	1	428	1.0e-216	748.8
BCW-200025_03561	gnl|TC-DB|P37645|9.B.121.1.1	85.9	686	91	1	1	680	1	686	0.0e+00	1188.7
BCW-200025_03562	gnl|TC-DB|P37643|2.A.1.6.10	89.8	440	45	0	1	440	1	440	5.7e-218	753.1
BCW-200025_03563	gnl|TC-DB|P37642|9.B.126.1.1	82.6	339	55	1	1	339	1	335	9.0e-155	542.7
BCW-200025_03576	gnl|TC-DB|P0A8S5|9.B.4.1.1	92.8	111	8	0	1	111	1	111	5.9e-55	209.5
BCW-200025_03577	gnl|TC-DB|P0AFJ7|2.A.20.1.1	88.6	500	55	2	1	499	1	499	1.1e-249	858.6
BCW-200025_03580	gnl|TC-DB|Q7B1W8|2.A.109.1.1	81.4	338	63	0	1	338	1	338	1.1e-160	562.4
BCW-200025_03582	gnl|TC-DB|E9RJ18|3.A.7.13.2	38.2	89	52	2	49	134	271	359	2.5e-13	71.6
BCW-200025_03587	gnl|TC-DB|P77757|4.D.2.1.8	85.1	322	48	0	19	340	1	322	6.3e-156	546.6
BCW-200025_03590	gnl|TC-DB|G8LJX5|9.B.142.2.2	90.2	551	54	0	1	551	1	551	4.1e-290	993.0
BCW-200025_03591	gnl|TC-DB|P81891|2.A.7.22.2	67.3	110	36	0	1	110	1	110	8.0e-36	146.0
BCW-200025_03592	gnl|TC-DB|P76474|2.A.7.22.1	51.6	126	61	0	3	128	2	127	1.0e-29	125.9
BCW-200025_03599	gnl|TC-DB|Q7AA53|2.A.6.8.2	83.0	745	126	1	30	773	5	749	0.0e+00	1181.8
BCW-200025_03612	gnl|TC-DB|P0AGM0|2.A.86.1.2	88.3	343	40	0	7	349	7	349	1.3e-161	565.5
BCW-200025_03613	gnl|TC-DB|P37621|2.A.1.46.7	81.0	405	77	0	1	405	1	405	3.9e-181	630.6
BCW-200025_03615	gnl|TC-DB|B3WJF3|2.A.88.8.6	92.7	220	16	0	1	220	1	220	3.3e-113	404.1
BCW-200025_03619	gnl|TC-DB|P67143|2.A.95.1.5	94.4	197	11	0	1	197	1	197	6.1e-95	343.2
BCW-200025_03628	gnl|TC-DB|P09391|9.B.104.1.1	84.0	275	44	0	1	275	1	275	2.6e-136	481.1
BCW-200025_03633	gnl|TC-DB|P39835|2.A.8.1.4	94.5	438	24	0	1	438	1	438	7.7e-215	742.7
BCW-200025_03638	gnl|TC-DB|B5XTS6|9.A.8.1.10	79.7	79	15	1	1	78	1	79	7.1e-31	129.0
BCW-200025_03639	gnl|TC-DB|B5XTS7|9.A.8.1.10	90.0	772	77	0	1	772	1	772	0.0e+00	1369.4
BCW-200025_03640	gnl|TC-DB|B5XTS8|9.A.8.1.10	89.3	75	8	0	1	75	1	75	8.7e-34	138.7
BCW-200025_03644	gnl|TC-DB|Q9HV74|2.A.21.9.1	27.6	217	139	7	237	437	760	974	1.9e-11	67.0
BCW-200025_03655	gnl|TC-DB|Q1R5P6|1.B.22.4.2	77.6	392	88	0	18	409	18	409	7.1e-170	593.2
BCW-200025_03668	gnl|TC-DB|P60778|2.A.1.7.14	89.2	388	42	0	1	388	1	388	2.5e-193	671.0
BCW-200025_03673	gnl|TC-DB|P45537|2.A.85.1.3	82.1	692	123	1	1	691	5	696	0.0e+00	1137.5
BCW-200025_03679	gnl|TC-DB|O06924|3.B.1.1.4	59.0	529	207	2	30	551	29	554	1.1e-186	649.4
BCW-200025_03682	gnl|TC-DB|O06926|3.B.1.1.4	39.5	243	137	2	4	236	9	251	5.3e-44	174.5
BCW-200025_03683	gnl|TC-DB|O06927|3.B.1.1.4	37.8	164	99	2	52	212	63	226	5.3e-25	111.3
BCW-200025_03684	gnl|TC-DB|O32715|2.A.69.3.3	89.0	319	35	0	1	319	1	319	2.5e-151	531.2
BCW-200025_03688	gnl|TC-DB|Q83XH1|3.A.1.121.4	31.0	546	357	6	1	527	1	545	7.7e-75	278.1
BCW-200025_03689	gnl|TC-DB|P0A756|2.A.37.1.2	88.0	183	22	0	1	183	2	184	3.0e-96	347.4
BCW-200025_03690	gnl|TC-DB|P45522|2.A.37.1.2	89.7	601	62	0	1	601	1	601	6.9e-299	1022.3
BCW-200025_03702	gnl|TC-DB|917745143|1.C.75.1.2	28.5	948	569	25	512	1381	2458	3374	4.6e-38	157.1
BCW-200025_03707	gnl|TC-DB|Q8TZQ3|3.A.1.1.16	48.0	296	143	4	13	299	13	306	6.3e-66	247.7
BCW-200025_03708	gnl|TC-DB|O54371|3.A.1.20.1	24.5	261	188	5	15	274	16	268	1.3e-15	81.3
BCW-200025_03714	gnl|TC-DB|C6GYU4|2.A.76.1.9	29.6	189	125	5	4	185	7	194	8.6e-12	67.0
BCW-200025_03716	gnl|TC-DB|P63340|2.A.42.2.5	83.3	407	68	0	1	407	1	407	9.7e-188	652.5
BCW-200025_03717	gnl|TC-DB|Q8XG43|2.A.117.1.3	81.1	148	28	0	1	148	10	157	1.3e-63	238.8
BCW-200025_03722	gnl|TC-DB|P0AE24|2.A.1.1.2	92.2	472	36	1	1	471	1	472	1.8e-246	847.8
BCW-200025_03727	gnl|TC-DB|P02925|3.A.1.2.1	25.0	276	191	8	60	326	27	295	1.9e-11	66.6
BCW-200025_03728	gnl|TC-DB|U5MFA1|4.A.3.2.9	94.3	440	23	1	1	440	1	438	3.4e-231	797.0
BCW-200025_03733	gnl|TC-DB|P31119|4.C.1.1.16	88.2	718	85	0	1	718	1	718	0.0e+00	1285.4
BCW-200025_03734	gnl|TC-DB|P39196|2.A.1.42.1	82.8	396	68	0	1	396	1	396	2.3e-178	621.3
BCW-200025_03735	gnl|TC-DB|917745143|1.C.75.1.2	45.0	744	357	12	161	860	2455	3190	5.4e-124	442.2
BCW-200025_03738	gnl|TC-DB|G3IME2|9.B.35.1.2	34.8	112	70	2	27	136	31	141	4.6e-17	84.0
BCW-200025_03743	gnl|TC-DB|Q8CVM4|1.B.11.3.5	42.7	832	446	14	13	822	25	847	4.6e-176	614.8
BCW-200025_03757	gnl|TC-DB|P31435|2.A.2.3.4	86.8	462	57	1	2	463	3	460	9.2e-235	808.9
BCW-200025_03760	gnl|TC-DB|P0AGM9|2.A.40.4.2	94.4	462	26	0	1	462	1	462	1.2e-239	825.1
BCW-200025_03761	gnl|TC-DB|P0AER8|2.A.27.1.1	91.8	400	33	0	1	400	1	400	5.4e-199	689.9
BCW-200025_03768	gnl|TC-DB|P0AGM2|1.A.62.2.3	89.3	205	22	0	1	205	1	205	1.1e-99	359.0
BCW-200025_03780	gnl|TC-DB|B8F5K7|4.D.1.3.2	51.2	244	117	2	5	246	4	247	2.9e-65	245.0
BCW-200025_03782	gnl|TC-DB|P75905|4.D.1.1.3	38.5	91	55	1	6	95	75	165	2.4e-11	66.2
BCW-200025_03797	gnl|TC-DB|B8F5K7|4.D.1.3.2	24.8	254	179	6	4	250	4	252	3.0e-20	95.5
BCW-200025_03799	gnl|TC-DB|B7LEG0|1.A.34.1.2	39.5	119	67	3	308	425	262	376	2.9e-17	86.3
BCW-200025_03807	gnl|TC-DB|Q51955|2.A.1.15.1	44.7	434	240	0	7	440	12	445	3.2e-107	385.2
BCW-200025_03810	gnl|TC-DB|P33231|2.A.14.1.1	91.5	551	47	0	1	551	1	551	1.2e-284	974.9
BCW-200025_03814	gnl|TC-DB|P00550|4.A.2.1.2	92.9	633	45	0	1	633	1	633	0.0e+00	1134.0
BCW-200025_03816	gnl|TC-DB|P32108|9.B.32.1.1	73.6	110	27	1	1	108	1	110	1.9e-43	171.4
BCW-200025_03817	gnl|TC-DB|P37683|8.A.1.1.4	77.0	378	87	0	1	378	1	378	7.7e-163	569.7
BCW-200025_03823	gnl|TC-DB|P37681|9.B.99.1.1	56.5	246	107	0	1	246	1	246	4.8e-81	297.4
BCW-200025_03826	gnl|TC-DB|A1S5F2|2.A.2.3.6	39.2	444	266	3	20	463	2	441	1.9e-78	289.7
BCW-200025_03832	gnl|TC-DB|Q9RPV1|2.A.1.14.9	28.5	445	294	8	6	434	22	458	7.8e-42	167.9
BCW-200025_03837	gnl|TC-DB|P0AAK3|3.D.1.9.2	40.0	185	72	4	1	148	1	183	2.1e-31	131.7
BCW-200025_03844	gnl|TC-DB|P0AGI4|3.A.1.2.4	92.1	393	31	0	1	393	1	393	7.9e-187	649.4
BCW-200025_03845	gnl|TC-DB|P37388|3.A.1.2.4	89.3	513	55	0	1	513	1	513	1.3e-266	914.8
BCW-200025_03846	gnl|TC-DB|P37387|3.A.1.2.4	90.0	330	33	0	1	330	1	330	5.3e-168	586.6
BCW-200025_03851	gnl|TC-DB|P37669|9.B.97.1.1	82.2	331	59	0	1	331	1	331	2.0e-159	558.1
BCW-200025_03878	gnl|TC-DB|P17583|2.A.1.17.1	34.3	373	240	2	12	380	3	374	7.1e-47	184.5
BCW-200025_03890	gnl|TC-DB|Q9HXW4|2.A.6.2.17	42.4	1023	581	3	6	1021	3	1024	5.6e-224	774.2
BCW-200025_03891	gnl|TC-DB|Q9I6X5|2.A.6.2.27	27.5	349	242	5	13	356	9	351	3.3e-17	85.9
BCW-200025_03916	gnl|TC-DB|G8WDN3|2.A.7.21.5	76.4	148	35	0	5	152	1	148	1.9e-56	214.9
BCW-200025_03917	gnl|TC-DB|G8WDN2|2.A.7.21.5	76.1	142	34	0	1	142	1	142	2.6e-55	211.1
BCW-200025_03926	gnl|TC-DB|Q6V6X7|2.A.6.2.18	35.2	463	278	7	10	456	10	466	8.1e-58	221.1
BCW-200025_03927	gnl|TC-DB|P27303|8.A.1.1.1	32.3	316	192	6	47	355	47	347	1.1e-28	124.0
BCW-200025_03929	gnl|TC-DB|P76350|2.A.1.6.6	37.8	431	265	2	2	429	8	438	1.3e-81	300.1
BCW-200025_03939	gnl|TC-DB|P0ABK2|3.D.4.3.2	28.3	364	214	10	8	330	10	367	1.1e-35	147.1
BCW-200025_03950	gnl|TC-DB|P09551|3.A.1.3.1	44.9	247	134	1	5	249	7	253	1.0e-57	219.9
BCW-200025_03956	gnl|TC-DB|P33950|3.A.1.5.27	51.5	544	249	3	1	530	3	545	4.1e-162	567.8
BCW-200025_03960	gnl|TC-DB|P76103|2.A.46.1.9	68.7	383	120	0	1	383	1	383	6.5e-141	496.9
BCW-200025_03969	gnl|TC-DB|Q8NRW1|3.A.1.4.5	46.2	377	187	6	27	403	49	409	1.2e-92	336.7
BCW-200025_03970	gnl|TC-DB|Q8NRW0|3.A.1.4.5	43.5	294	160	2	228	521	4	291	1.1e-58	224.2
BCW-200025_03971	gnl|TC-DB|Q9L3S4|3.A.1.4.4	43.7	311	172	2	45	353	30	339	1.8e-60	229.6
BCW-200025_03972	gnl|TC-DB|Q8NRV8|3.A.1.4.5	43.0	242	130	4	25	264	3	238	5.0e-44	174.5
BCW-200025_03973	gnl|TC-DB|Q9L3S2|3.A.1.4.4	48.4	215	109	2	14	227	4	217	4.5e-49	191.0
BCW-200025_03974	gnl|TC-DB|O05703|3.A.1.15.3	53.0	185	87	0	30	214	317	501	3.4e-51	198.0
BCW-200025_03975	gnl|TC-DB|P31126|2.A.1.2.55	68.7	390	121	1	1	390	1	389	1.0e-149	526.2
BCW-200025_03976	gnl|TC-DB|P31125|2.A.7.3.2	84.2	297	47	0	1	297	1	297	1.3e-133	472.2
BCW-200025_03980	gnl|TC-DB|P0AEY1|2.A.95.1.1	88.7	221	25	0	1	221	1	221	4.9e-101	363.6
BCW-200025_03981	gnl|TC-DB|P31122|2.A.1.2.15	84.6	396	61	0	1	396	1	396	3.5e-182	634.0
BCW-200025_03999	gnl|TC-DB|P0AAP1|9.B.34.1.2	25.8	267	187	5	202	462	106	367	1.2e-14	77.8
BCW-200025_04000	gnl|TC-DB|P0AAP1|9.B.34.1.2	34.3	169	110	1	153	320	199	367	4.2e-21	98.6
BCW-200025_04003	gnl|TC-DB|B2N0W4|1.A.46.2.6	80.6	304	59	0	1	304	18	321	2.6e-137	484.6
BCW-200025_04010	gnl|TC-DB|P9WG63|5.A.1.2.9	30.5	433	254	8	4	395	119	545	4.3e-47	185.3
BCW-200025_04018	gnl|TC-DB|Q8XG43|2.A.117.1.3	50.7	138	68	0	7	144	18	155	2.1e-31	131.7
BCW-200025_04044	gnl|TC-DB|Q9ZHC9|2.A.6.1.3	96.1	1045	41	0	1	1045	1	1045	0.0e+00	1958.3
BCW-200025_04045	gnl|TC-DB|P77239|2.A.6.1.4	68.5	410	124	3	6	413	1	407	5.7e-159	557.0
BCW-200025_04047	gnl|TC-DB|Q9ZHD2|1.B.17.3.4	86.6	461	62	0	1	461	1	461	4.3e-224	773.5
BCW-200025_04049	gnl|TC-DB|Q9HV74|2.A.21.9.1	28.6	224	140	6	267	480	761	974	3.8e-21	99.4
BCW-200025_04051	gnl|TC-DB|P76269|2.A.1.3.17	36.9	439	265	5	11	445	7	437	3.2e-70	262.3
BCW-200025_04053	gnl|TC-DB|B1HGV3|9.B.211.1.1	48.8	324	158	1	5	328	3	318	5.4e-80	294.3
BCW-200025_04081	gnl|TC-DB|O33918|5.A.1.5.1	47.3	687	286	10	1	674	1	624	7.2e-164	573.9
BCW-200025_04088	gnl|TC-DB|P08470|4.A.1.2.1	95.0	456	23	0	1	456	1	456	1.5e-242	834.7
BCW-200025_04089	gnl|TC-DB|P22340|1.B.3.1.2	73.5	505	134	0	1	505	1	505	3.0e-207	717.6
BCW-200025_04095	gnl|TC-DB|P76128|3.A.1.5.38	86.0	507	67	1	8	510	10	516	5.5e-257	882.9
BCW-200025_04096	gnl|TC-DB|P77308|3.A.1.5.38	91.5	340	29	0	1	340	1	340	1.6e-180	628.2
BCW-200025_04097	gnl|TC-DB|P77463|3.A.1.5.38	75.8	297	72	0	1	297	1	297	2.2e-120	428.3
BCW-200025_04098	gnl|TC-DB|P77268|3.A.1.5.38	79.3	324	67	0	1	324	1	324	3.9e-147	517.3
BCW-200025_04099	gnl|TC-DB|P77622|3.A.1.5.38	76.9	308	71	0	1	308	1	308	3.2e-135	477.6
BCW-200025_04109	gnl|TC-DB|P39115|3.A.1.121.3	29.3	502	301	10	1	479	1	471	9.1e-51	198.0
BCW-200025_04114	gnl|TC-DB|P77308|3.A.1.5.38	28.7	331	204	3	5	306	7	334	4.1e-29	125.2
BCW-200025_04115	gnl|TC-DB|W0WMS8|3.A.1.5.39	33.2	262	169	1	17	272	24	285	7.5e-38	154.1
BCW-200025_04116	gnl|TC-DB|Q9F9T4|3.A.1.5.23	45.2	558	274	6	3	532	19	572	1.9e-119	426.0
BCW-200025_04119	gnl|TC-DB|P23910|2.A.1.2.14	70.5	383	113	0	1	383	1	383	4.4e-145	510.8
BCW-200025_04124	gnl|TC-DB|P0AEK7|5.A.3.2.1	88.0	217	26	0	1	217	1	217	6.1e-112	399.8
BCW-200025_04125	gnl|TC-DB|P0AAJ3|5.A.3.2.1	90.8	294	27	0	1	294	1	294	2.1e-168	587.8
BCW-200025_04126	gnl|TC-DB|P24183|5.A.3.2.1	91.3	803	70	0	1	803	213	1015	0.0e+00	1558.5
BCW-200025_04127	gnl|TC-DB|P24183|5.A.3.2.1	95.9	195	8	0	1	195	1	195	6.2e-108	386.3
BCW-200025_04128	gnl|TC-DB|P46136|2.A.7.17.2	74.0	292	76	0	1	292	1	292	7.8e-123	436.4
BCW-200025_04129	gnl|TC-DB|D6QLX8|1.B.1.1.19	73.6	375	85	3	1	369	1	367	4.8e-162	567.0
BCW-200025_04131	gnl|TC-DB|P21627|3.A.1.4.8	43.8	297	153	4	2	297	17	300	4.3e-47	184.9
BCW-200025_04132	gnl|TC-DB|P21628|3.A.1.4.8	41.4	353	154	6	24	362	96	409	1.0e-55	213.8
BCW-200025_04133	gnl|TC-DB|P0A9S7|3.A.1.4.1	46.2	249	133	1	3	250	5	253	5.9e-58	220.7
BCW-200025_04134	gnl|TC-DB|Q8DQH7|3.A.1.4.10	49.8	233	116	1	4	235	3	235	1.8e-61	232.3
BCW-200025_04135	gnl|TC-DB|Q9L3M3|3.A.1.4.3	33.0	367	233	7	4	367	1	357	3.9e-45	178.7
BCW-200025_04138	gnl|TC-DB|P63183|2.A.72.1.1	41.3	629	354	5	6	627	2	622	9.8e-131	463.8
BCW-200025_04139	gnl|TC-DB|P37594|2.A.1.3.14	80.1	493	98	0	1	493	1	493	2.3e-199	691.4
BCW-200025_04141	gnl|TC-DB|P75763|2.A.47.3.5	59.5	477	193	0	1	477	1	477	5.9e-160	560.5
BCW-200025_04151	gnl|TC-DB|P43531|2.A.1.36.1	36.8	378	238	1	22	399	35	411	8.6e-59	224.2
BCW-200025_04161	gnl|TC-DB|O05256|2.A.24.2.3	57.7	414	175	0	24	437	30	443	4.8e-132	467.6
BCW-200025_04167	gnl|TC-DB|P0AEM9|3.A.1.3.10	30.1	236	149	9	45	276	36	259	1.7e-16	83.2
BCW-200025_04168	gnl|TC-DB|Q9F3K7|3.A.1.3.24	58.2	249	104	0	9	257	5	253	6.5e-81	297.0
BCW-200025_04169	gnl|TC-DB|Q9F3K6|3.A.1.3.24	41.3	276	155	3	5	280	21	289	1.8e-45	179.5
BCW-200025_04171	gnl|TC-DB|Q9F3K5|3.A.1.3.24	27.7	242	154	6	78	304	82	317	8.0e-17	84.3
BCW-200025_04176	gnl|TC-DB|M3JA40|1.B.52.2.1	31.8	192	114	2	335	509	267	458	8.6e-16	81.6
BCW-200025_04179	gnl|TC-DB|P40812|2.A.3.1.8	91.5	484	41	0	1	484	1	484	1.1e-254	875.2
BCW-200025_04181	gnl|TC-DB|P76115|1.B.14.9.5	78.2	706	146	2	1	704	1	700	0.0e+00	1157.1
BCW-200025_04186	gnl|TC-DB|P76111|2.A.7.21.2	87.9	149	18	0	1	149	1	149	2.9e-65	244.2
BCW-200025_04188	gnl|TC-DB|P33950|3.A.1.5.27	50.9	505	247	1	21	525	34	537	8.9e-149	523.5
BCW-200025_04194	gnl|TC-DB|P0AFR9|3.A.1.11.9	90.1	262	26	0	1	262	1	262	2.0e-133	471.5
BCW-200025_04195	gnl|TC-DB|P77156|3.A.1.11.9	88.5	314	35	1	1	314	1	313	1.4e-154	542.0
BCW-200025_04196	gnl|TC-DB|P77795|3.A.1.11.9	81.9	337	61	0	1	337	1	337	1.1e-157	552.4
BCW-200025_04197	gnl|TC-DB|P76108|3.A.1.11.9	89.8	381	39	0	1	381	1	381	6.9e-212	732.6
BCW-200025_04201	gnl|TC-DB|P0ABK2|3.D.4.3.2	29.4	364	214	11	5	329	7	366	3.6e-31	132.1
BCW-200025_04206	gnl|TC-DB|P77747|1.B.1.1.21	81.7	377	61	1	1	369	1	377	3.2e-182	634.0
BCW-200025_04217	gnl|TC-DB|P38919|3.A.18.1.1	35.5	324	206	3	22	343	57	379	8.9e-57	217.6
BCW-200025_04219	gnl|TC-DB|Q9EYX5|1.A.35.4.1	89.0	327	36	0	1	327	1	327	1.6e-172	601.7
BCW-200025_04220	gnl|TC-DB|M3JA40|1.B.52.2.1	31.6	177	79	3	198	339	287	456	3.2e-15	79.3
BCW-200025_04221	gnl|TC-DB|P76330|9.B.34.1.4	30.9	217	140	6	203	414	345	556	9.1e-16	82.0
BCW-200025_04222	gnl|TC-DB|D4ZZR3|9.B.34.1.3	38.9	167	96	2	247	407	227	393	3.3e-26	115.9
BCW-200025_04228	gnl|TC-DB|P77348|3.A.1.5.1	89.8	538	54	1	1	538	1	537	1.7e-293	1004.2
BCW-200025_04233	gnl|TC-DB|Q9KN48|3.A.23.1.1	35.0	329	180	5	206	500	193	521	1.8e-42	170.2
BCW-200025_04237	gnl|TC-DB|P76045|1.B.21.1.1	72.7	304	80	3	1	304	1	301	2.7e-134	474.6
BCW-200025_04238	gnl|TC-DB|P77481|3.A.1.1.46	85.0	360	54	0	1	360	1	360	6.6e-172	599.7
BCW-200025_04244	gnl|TC-DB|P77716|3.A.1.1.46	91.8	280	23	0	1	280	1	280	1.0e-140	495.7
BCW-200025_04245	gnl|TC-DB|P0AFR7|3.A.1.1.46	92.8	293	21	0	1	293	1	293	9.5e-153	535.8
BCW-200025_04246	gnl|TC-DB|P76042|3.A.1.1.46	75.8	425	103	0	5	429	5	429	2.2e-190	661.4
BCW-200025_04251	gnl|TC-DB|E8XKQ3|9.B.100.1.1	91.9	222	18	0	1	222	1	222	4.9e-101	363.6
BCW-200025_04252	gnl|TC-DB|Q9KN48|3.A.23.1.1	41.9	227	131	1	8	234	193	418	6.2e-44	174.5
BCW-200025_04253	gnl|TC-DB|P36634|3.A.1.5.5	89.1	549	57	2	1	546	1	549	9.0e-290	991.9
BCW-200025_04254	gnl|TC-DB|P0A2J3|3.A.1.5.5	91.3	321	28	0	1	321	1	321	8.2e-166	579.3
BCW-200025_04255	gnl|TC-DB|P0AGH5|3.A.1.5.42	90.5	296	28	0	1	296	1	296	1.9e-153	538.1
BCW-200025_04256	gnl|TC-DB|P36636|3.A.1.5.5	93.6	330	21	0	1	330	1	330	8.7e-187	649.0
BCW-200025_04257	gnl|TC-DB|P36638|3.A.1.5.5	93.3	268	18	0	1	268	1	268	4.5e-141	496.9
BCW-200025_04262	gnl|TC-DB|W9BHF5|2.A.6.2.49	83.7	1024	167	0	1	1024	1	1024	0.0e+00	1625.5
BCW-200025_04266	gnl|TC-DB|D4ZZR3|9.B.34.1.3	26.8	179	110	3	229	394	225	395	3.6e-14	76.6
BCW-200025_04280	gnl|TC-DB|Q07711|3.A.7.7.1	24.7	640	409	22	80	674	77	688	1.8e-29	127.9
BCW-200025_04282	gnl|TC-DB|M4VAL8|8.A.21.2.4	30.1	166	113	2	136	298	74	239	4.6e-13	72.0
BCW-200025_04296	gnl|TC-DB|P31064|9.B.102.1.1	88.1	396	47	0	1	396	1	396	4.0e-210	726.9
BCW-200025_04299	gnl|TC-DB|P0A915|1.B.39.1.6	79.2	212	42	2	1	210	1	212	1.1e-97	352.4
BCW-200025_04304	gnl|TC-DB|P02929|2.C.1.1.1	67.9	240	76	1	6	245	1	239	2.5e-53	205.3
BCW-200025_04307	gnl|TC-DB|P76249|2.A.76.1.5	74.4	211	52	2	1	210	1	210	3.1e-81	297.7
BCW-200025_04310	gnl|TC-DB|Q1D027|1.A.1.24.3	40.7	270	150	5	20	287	14	275	2.2e-40	162.5
BCW-200025_04311	gnl|TC-DB|P77737|3.A.1.5.41	96.1	334	13	0	1	334	1	334	2.5e-189	657.5
BCW-200025_04312	gnl|TC-DB|P76027|3.A.1.5.41	91.4	337	29	0	1	337	1	337	1.9e-176	614.8
BCW-200025_04313	gnl|TC-DB|P08006|3.A.1.5.1	96.7	302	10	0	1	302	1	302	7.3e-140	493.0
BCW-200025_04314	gnl|TC-DB|P0AFH2|3.A.1.5.41	95.8	306	13	0	1	306	1	306	3.0e-149	524.2
BCW-200025_04315	gnl|TC-DB|P06202|3.A.1.5.1	90.8	543	50	0	1	543	1	543	5.6e-300	1025.8
BCW-200025_04316	gnl|TC-DB|P25743|2.A.95.1.7	92.1	215	17	0	1	215	1	215	2.3e-103	371.3
BCW-200025_04327	gnl|TC-DB|P11350|5.A.3.1.1	89.7	224	23	0	1	224	1	224	4.2e-116	413.7
BCW-200025_04329	gnl|TC-DB|P11349|5.A.3.1.1	93.0	511	35	1	1	510	1	511	1.9e-294	1007.3
BCW-200025_04330	gnl|TC-DB|P09152|5.A.3.1.1	93.8	1247	77	0	1	1247	1	1247	0.0e+00	2488.8
BCW-200025_04331	gnl|TC-DB|P10903|2.A.1.8.1	86.2	463	64	0	1	463	1	463	3.5e-234	807.0
BCW-200025_04334	gnl|TC-DB|P39165|1.B.54.1.9	64.8	421	148	0	1	421	43	463	1.6e-164	575.5
BCW-200025_04340	gnl|TC-DB|P31801|2.A.19.1.1	91.8	366	30	0	1	366	1	366	9.3e-174	605.9
BCW-200025_04347	gnl|TC-DB|P61320|1.B.46.1.1	84.6	201	31	0	3	203	7	207	1.3e-100	362.1
BCW-200025_04350	gnl|TC-DB|P0AFR2|2.A.53.3.11	90.5	559	53	0	1	559	1	559	4.3e-255	876.7
BCW-200025_04360	gnl|TC-DB|A8YQR5|3.A.23.2.1	37.6	505	305	8	5	506	12	509	2.4e-85	313.5
BCW-200025_04362	gnl|TC-DB|Q6EE14|3.A.23.2.1	53.5	861	383	5	9	862	8	858	7.2e-249	856.7
BCW-200025_04364	gnl|TC-DB|Q6EE16|3.A.23.2.1	34.7	632	378	15	4	622	3	612	2.9e-90	329.3
BCW-200025_04373	gnl|TC-DB|Q6EE20|3.A.23.2.1	50.0	466	225	3	32	492	28	490	8.9e-135	476.9
BCW-200025_04374	gnl|TC-DB|Q6EE21|3.A.23.2.1	45.9	159	85	1	4	161	3	161	5.8e-33	137.1
BCW-200025_04377	gnl|TC-DB|Q9KN45|3.A.23.1.1	25.4	1213	791	31	23	1198	31	1166	7.8e-92	335.5
BCW-200025_04378	gnl|TC-DB|Q9KN50|3.A.23.1.1	36.3	223	134	5	20	238	37	255	3.6e-33	139.0
BCW-200025_04379	gnl|TC-DB|Q9KN51|3.A.23.1.1	36.0	445	283	2	1	444	1	444	7.8e-82	300.8
BCW-200025_04382	gnl|TC-DB|P07658|3.D.1.9.2	29.3	365	220	9	114	463	61	402	4.8e-39	159.5
BCW-200025_04388	gnl|TC-DB|P0ADL1|2.A.1.2.26	47.9	384	200	0	10	393	11	394	9.4e-87	317.0
BCW-200025_04390	gnl|TC-DB|P77076|1.B.15.1.1	62.6	382	134	4	80	459	90	464	4.6e-146	514.2
BCW-200025_04391	gnl|TC-DB|P31435|2.A.2.3.4	40.1	446	264	3	4	448	3	446	1.6e-103	372.9
BCW-200025_04393	gnl|TC-DB|P06971|1.B.14.1.2	31.5	720	438	18	26	700	38	747	3.1e-85	312.8
BCW-200025_04394	gnl|TC-DB|A6TAG3|1.E.43.1.1	65.9	82	27	1	1	82	1	81	6.3e-25	109.4
BCW-200025_04398	gnl|TC-DB|P76007|2.A.36.6.11	91.0	577	52	0	1	577	1	577	1.9e-298	1020.8
BCW-200025_04403	gnl|TC-DB|P0AFA7|2.A.34.1.1	77.7	511	113	1	1	510	1	511	3.1e-215	744.2
BCW-200025_04404	gnl|TC-DB|P0A6M2|5.A.2.1.1	76.1	176	42	0	1	176	1	176	4.8e-83	303.5
BCW-200025_04412	gnl|TC-DB|P69451|4.C.1.1.4	94.1	561	33	0	1	561	1	561	7.0e-314	1072.0
BCW-200025_04422	gnl|TC-DB|L5DDD7|2.A.109.2.3	50.3	521	241	9	1	509	370	884	4.8e-123	438.0
BCW-200025_04423	gnl|TC-DB|P69797|4.A.6.1.1	92.9	323	21	1	1	321	1	323	3.9e-160	560.5
BCW-200025_04424	gnl|TC-DB|P69801|4.A.6.1.1	94.4	266	15	0	1	266	1	266	4.9e-132	466.8
BCW-200025_04425	gnl|TC-DB|P69805|4.A.6.1.1	91.9	283	23	0	1	283	4	286	2.0e-147	518.1
BCW-200025_04427	gnl|TC-DB|P76264|2.A.107.1.1	89.9	188	19	0	1	188	1	188	3.8e-94	340.5
BCW-200025_04435	gnl|TC-DB|P76269|2.A.1.3.17	82.7	457	79	0	1	457	1	457	6.5e-209	723.0
BCW-200025_04436	gnl|TC-DB|P23894|9.B.1.1.6	94.2	293	17	0	1	293	1	293	6.4e-149	523.1
BCW-200025_04437	gnl|TC-DB|P23865|9.B.174.1.2	91.1	682	61	0	1	682	1	682	0.0e+00	1233.0
BCW-200025_04448	gnl|TC-DB|P76278|9.B.62.1.4	52.1	290	138	1	1	289	1	290	1.2e-75	279.6
BCW-200025_04449	gnl|TC-DB|Q4KDN3|9.B.62.1.5	40.7	108	64	0	15	122	13	120	2.1e-16	81.6
BCW-200025_04462	gnl|TC-DB|B7L5V2|1.A.34.1.3	41.0	210	118	2	198	407	14	217	4.3e-40	162.2
BCW-200025_04463	gnl|TC-DB|P39172|3.A.1.15.5	81.5	314	54	1	6	319	1	310	1.9e-138	488.4
BCW-200025_04464	gnl|TC-DB|P0A9X1|3.A.1.15.5	92.0	251	20	0	1	251	1	251	8.8e-131	462.6
BCW-200025_04465	gnl|TC-DB|P39832|3.A.1.15.5	90.4	261	25	0	1	261	1	261	6.4e-108	386.7
BCW-200025_04477	gnl|TC-DB|P67826|9.B.158.1.2	72.7	245	67	0	1	245	1	245	5.8e-103	370.2
BCW-200025_04481	gnl|TC-DB|Q6D188|2.A.2.5.2	84.4	512	80	0	1	512	1	512	5.9e-246	846.3
BCW-200025_04483	gnl|TC-DB|P40729|3.A.6.2.1	95.5	692	31	0	1	692	1	692	0.0e+00	1239.6
BCW-200025_04484	gnl|TC-DB|P40727|3.A.6.2.1	86.4	383	51	1	1	382	1	383	4.1e-188	653.7
BCW-200025_04492	gnl|TC-DB|Q6XBY3|1.B.11.6.1	35.9	830	475	15	9	792	10	828	8.9e-137	484.2
BCW-200025_04496	gnl|TC-DB|P96603|2.A.23.1.6	34.7	406	245	6	7	405	7	399	8.2e-65	244.2
BCW-200025_04499	gnl|TC-DB|P0AF06|1.A.30.1.1	85.8	309	43	1	1	309	1	308	3.0e-149	524.2
BCW-200025_04500	gnl|TC-DB|P09348|1.A.30.1.1	92.9	295	21	0	1	295	1	295	6.4e-149	523.1
BCW-200025_04506	gnl|TC-DB|P0AE26|3.A.1.2.2	93.3	328	22	0	1	328	1	328	2.5e-149	524.6
BCW-200025_04507	gnl|TC-DB|P0AAF3|3.A.1.2.2	88.3	504	59	0	1	504	1	504	1.9e-262	901.0
BCW-200025_04508	gnl|TC-DB|P02924|3.A.1.2.2	95.7	329	14	0	1	329	1	329	2.9e-182	634.0
BCW-200025_04511	gnl|TC-DB|W0WMS8|3.A.1.5.39	44.1	272	146	2	24	289	27	298	3.3e-57	218.4
BCW-200025_04512	gnl|TC-DB|P75798|3.A.1.5.11	46.2	312	160	1	1	312	1	304	1.6e-68	256.1
BCW-200025_04513	gnl|TC-DB|P42061|3.A.1.5.20	25.6	469	293	13	61	491	79	529	1.5e-33	140.6
BCW-200025_04514	gnl|TC-DB|P42065|3.A.1.5.20	51.3	318	151	3	5	318	9	326	3.8e-87	318.2
BCW-200025_04515	gnl|TC-DB|P42064|3.A.1.5.20	51.1	315	151	2	12	323	4	318	1.3e-84	309.7
BCW-200025_04525	gnl|TC-DB|P77389|2.A.1.2.65	42.6	378	210	4	5	381	7	378	7.1e-71	264.2
BCW-200025_04532	gnl|TC-DB|A8R5V4|3.A.3.2.41	48.0	886	452	4	7	890	3	881	1.2e-227	786.2
BCW-200025_04535	gnl|TC-DB|Q9RBY9|2.A.6.2.41	29.0	376	220	14	7	353	15	372	3.7e-13	72.4
BCW-200025_04536	gnl|TC-DB|Q9KRG9|2.A.6.2.38	49.1	1011	513	2	3	1012	22	1031	3.1e-275	944.5
BCW-200025_04539	gnl|TC-DB|P76350|2.A.1.6.6	90.4	438	41	1	1	437	1	438	6.0e-228	786.2
BCW-200025_04546	gnl|TC-DB|Q6MDD6|3.A.7.16.1	28.0	558	319	14	40	589	219	701	1.8e-36	150.6
BCW-200025_04556	gnl|TC-DB|Q9HY55|4.A.2.1.17	37.1	568	337	8	170	733	402	953	4.4e-85	312.4
BCW-200025_04560	gnl|TC-DB|P0A9T4|8.A.5.1.5	91.6	346	29	0	1	346	1	346	5.9e-186	646.4
