BCW-200464_00022	gnl|TC-DB|C0QCR7|8.A.59.4.1	34.0	144	88	2	171	307	397	540	4.8e-17	85.1
BCW-200464_00056	gnl|TC-DB|Q9ZK21|1.C.82.1.1	54.7	223	101	0	3	225	4	226	7.7e-65	243.4
BCW-200464_00078	gnl|TC-DB|S5Y5N9|2.A.80.1.4	45.9	499	266	2	1	495	1	499	5.3e-119	424.5
BCW-200464_00090	gnl|TC-DB|O30833|3.A.1.1.5	72.1	276	75	2	1	274	1	276	1.9e-107	385.2
BCW-200464_00091	gnl|TC-DB|O30832|3.A.1.1.5	64.7	289	102	0	1	289	1	289	4.3e-97	350.9
BCW-200464_00094	gnl|TC-DB|O30831|3.A.1.1.5	56.8	437	185	3	2	437	3	436	1.9e-144	508.8
BCW-200464_00101	gnl|TC-DB|P37676|2.A.56.1.2	36.6	295	181	3	6	300	10	298	2.0e-50	196.1
BCW-200464_00103	gnl|TC-DB|B9TSM9|2.A.56.1.6	34.2	412	271	0	6	417	5	416	1.0e-62	237.3
BCW-200464_00105	gnl|TC-DB|P52067|2.A.1.35.1	55.0	387	174	0	6	392	14	400	1.7e-120	429.1
BCW-200464_00108	gnl|TC-DB|Q9WZR7|3.A.1.1.40	21.8	418	290	15	12	411	10	408	1.3e-14	77.4
BCW-200464_00109	gnl|TC-DB|P29823|3.A.1.1.4	40.4	282	163	4	9	286	18	298	1.9e-52	202.6
BCW-200464_00110	gnl|TC-DB|P29824|3.A.1.1.4	32.3	266	176	3	13	278	12	273	1.2e-32	136.7
BCW-200464_00111	gnl|TC-DB|Q01937|3.A.1.1.4	64.7	363	126	2	1	361	1	363	1.5e-131	465.7
BCW-200464_00112	gnl|TC-DB|P80874|8.A.5.1.4	26.9	268	163	8	395	647	39	288	2.2e-11	67.4
BCW-200464_00123	gnl|TC-DB|Q93KC0|3.A.1.1.11	62.5	291	109	0	1	291	1	291	2.2e-101	365.2
BCW-200464_00124	gnl|TC-DB|Q93KB9|3.A.1.1.11	56.3	284	124	0	11	294	17	300	1.9e-92	335.5
BCW-200464_00125	gnl|TC-DB|Q93KB8|3.A.1.1.11	55.1	376	158	5	1	366	1	375	5.6e-110	394.0
BCW-200464_00126	gnl|TC-DB|Q93KB7|3.A.1.1.11	38.6	414	240	4	2	408	8	414	1.0e-75	280.4
BCW-200464_00144	gnl|TC-DB|Q93KB7|3.A.1.1.11	27.5	353	244	8	7	352	2	349	2.3e-30	129.8
BCW-200464_00145	gnl|TC-DB|Q93KC0|3.A.1.1.11	49.6	280	138	2	36	315	11	287	8.6e-75	276.9
BCW-200464_00146	gnl|TC-DB|Q93KB9|3.A.1.1.11	36.8	288	181	1	4	290	12	299	2.6e-62	235.3
BCW-200464_00147	gnl|TC-DB|Q9Z3R9|3.A.1.1.8	56.9	357	150	4	3	355	2	358	3.6e-106	381.3
BCW-200464_00155	gnl|TC-DB|Q01937|3.A.1.1.4	55.3	360	156	4	3	357	4	363	4.3e-107	384.4
BCW-200464_00156	gnl|TC-DB|Q93J94|3.A.1.1.36	27.5	400	278	4	29	424	48	439	6.2e-44	174.9
BCW-200464_00157	gnl|TC-DB|Q93J93|3.A.1.1.36	38.6	277	166	3	15	289	39	313	1.5e-41	166.4
BCW-200464_00158	gnl|TC-DB|Q93J92|3.A.1.1.36	39.2	263	159	1	6	267	29	291	2.2e-50	195.7
BCW-200464_00159	gnl|TC-DB|Q9KWT9|3.A.1.1.10	52.1	363	163	5	1	354	2	362	6.5e-98	354.0
BCW-200464_00160	gnl|TC-DB|P10906|3.A.1.1.3	43.0	300	146	2	1	294	1	281	1.8e-66	249.2
BCW-200464_00161	gnl|TC-DB|P10905|3.A.1.1.3	38.9	293	177	1	4	296	5	295	1.2e-51	199.9
BCW-200464_00169	gnl|TC-DB|P77795|3.A.1.11.9	50.6	245	121	0	6	250	4	248	3.0e-63	238.8
BCW-200464_00171	gnl|TC-DB|P0AFK4|3.A.1.11.1	31.1	228	154	3	39	266	9	233	1.4e-18	90.1
BCW-200464_00182	gnl|TC-DB|Q1J0W6|9.B.34.1.1	36.0	161	96	3	297	454	190	346	6.6e-15	78.6
BCW-200464_00183	gnl|TC-DB|P75892|2.A.40.1.3	60.5	428	157	2	8	431	6	425	2.4e-139	491.9
BCW-200464_00189	gnl|TC-DB|P31552|4.C.1.1.6	25.8	493	322	12	66	528	39	517	4.4e-19	94.0
BCW-200464_00191	gnl|TC-DB|P37594|2.A.1.3.14	43.3	487	276	0	19	505	3	489	1.2e-97	353.6
BCW-200464_00194	gnl|TC-DB|Q2FD71|2.A.6.2.40	39.7	363	218	1	13	374	8	370	3.2e-63	238.8
BCW-200464_00195	gnl|TC-DB|Q2FD70|2.A.6.2.40	61.1	1020	396	1	1	1020	2	1020	0.0e+00	1182.5
BCW-200464_00198	gnl|TC-DB|D4ZZR3|9.B.34.1.3	35.4	209	113	5	385	582	195	392	2.2e-23	107.1
BCW-200464_00199	gnl|TC-DB|Q50614|3.A.1.203.4	28.0	607	385	15	60	633	49	636	2.7e-59	226.5
BCW-200464_00206	gnl|TC-DB|Q9F3K6|3.A.1.3.24	43.1	248	138	3	30	274	36	283	4.1e-47	184.9
BCW-200464_00207	gnl|TC-DB|Q9F3K5|3.A.1.3.24	34.6	266	156	6	52	302	55	317	6.1e-33	137.9
BCW-200464_00208	gnl|TC-DB|P31134|3.A.1.11.2	45.1	295	155	2	13	303	20	311	5.9e-67	251.1
BCW-200464_00210	gnl|TC-DB|Q1M7Q3|3.A.1.11.6	35.7	258	163	3	2	258	19	274	2.2e-34	142.5
BCW-200464_00211	gnl|TC-DB|P0AFK6|3.A.1.11.1	28.3	251	171	4	20	268	9	252	2.6e-19	92.4
BCW-200464_00219	gnl|TC-DB|Q9HV74|2.A.21.9.1	33.0	221	129	7	316	531	751	957	1.3e-19	94.7
BCW-200464_00236	gnl|TC-DB|Q5EAK4|2.A.16.2.2	26.6	402	239	14	34	404	1389	1765	1.2e-19	94.7
BCW-200464_00238	gnl|TC-DB|Q9F9B2|3.A.1.2.7	85.5	339	49	0	2	340	3	341	4.3e-165	577.0
BCW-200464_00239	gnl|TC-DB|Q9F9B1|3.A.1.2.7	83.8	359	58	0	1	359	1	359	7.0e-166	579.7
BCW-200464_00240	gnl|TC-DB|Q9F9B0|3.A.1.2.7	91.2	260	23	0	1	260	1	260	1.2e-130	462.2
BCW-200464_00254	gnl|TC-DB|Q98L58|2.A.69.3.6	36.9	309	193	1	1	309	1	307	2.3e-56	215.7
BCW-200464_00264	gnl|TC-DB|Q9X4X4|2.A.1.30.1	32.7	498	328	2	6	499	21	515	5.2e-72	268.5
BCW-200464_00276	gnl|TC-DB|G0CIY2|9.B.18.1.1	47.5	181	92	1	55	235	301	478	2.3e-40	162.2
BCW-200464_00286	gnl|TC-DB|Q9HV74|2.A.21.9.1	28.8	236	157	5	368	597	744	974	6.8e-20	95.5
BCW-200464_00287	gnl|TC-DB|Q9KN48|3.A.23.1.1	36.1	299	176	5	78	367	123	415	1.9e-43	173.3
BCW-200464_00288	gnl|TC-DB|D0J060|2.A.80.1.3	39.1	327	183	4	3	322	7	324	1.1e-53	206.8
BCW-200464_00289	gnl|TC-DB|S6CBZ0|2.A.80.1.2	33.1	142	84	2	14	144	12	153	3.8e-12	67.8
BCW-200464_00290	gnl|TC-DB|D0J0R9|2.A.80.1.3	65.0	503	173	2	1	500	1	503	1.2e-166	582.8
BCW-200464_00294	gnl|TC-DB|P0A6Y8|1.A.33.1.2	66.9	640	200	5	1	630	1	638	4.3e-235	810.4
BCW-200464_00298	gnl|TC-DB|D2BKA1|3.A.1.2.17	32.9	356	193	8	1	319	1	347	2.2e-36	149.4
BCW-200464_00299	gnl|TC-DB|Q8DU37|3.A.1.2.12	49.3	497	247	3	5	498	6	500	3.5e-131	464.9
BCW-200464_00300	gnl|TC-DB|Q8DU38|3.A.1.2.12	32.1	352	217	7	16	355	9	350	1.3e-34	143.7
BCW-200464_00301	gnl|TC-DB|Q8DU39|3.A.1.2.12	39.2	329	183	4	1	323	1	318	1.6e-55	213.0
BCW-200464_00311	gnl|TC-DB|P0ABJ6|3.D.4.5.1	48.0	100	51	1	20	119	9	107	4.8e-24	107.1
BCW-200464_00312	gnl|TC-DB|P0ABJ3|3.D.4.5.1	58.8	187	76	1	23	208	18	204	2.5e-62	235.0
BCW-200464_00313	gnl|TC-DB|P0ABI8|3.D.4.5.1	67.7	648	206	2	11	656	1	647	7.4e-270	926.0
BCW-200464_00314	gnl|TC-DB|P0ABJ1|3.D.4.5.1	43.1	318	170	3	1	316	3	311	6.3e-74	274.2
BCW-200464_00315	gnl|TC-DB|P37643|2.A.1.6.10	39.4	409	242	2	27	429	21	429	3.5e-74	275.4
BCW-200464_00324	gnl|TC-DB|A0M015|1.A.62.2.1	32.7	199	134	0	1	199	6	204	1.1e-25	113.2
BCW-200464_00328	gnl|TC-DB|Q2BM70|3.A.1.17.4	30.8	247	165	2	14	255	61	306	4.6e-34	141.4
BCW-200464_00329	gnl|TC-DB|Q2BM69|3.A.1.17.4	44.3	282	135	2	1	260	1	282	2.0e-61	232.3
BCW-200464_00331	gnl|TC-DB|P0ABU7|1.A.30.2.1	55.9	220	92	2	151	368	9	225	5.1e-53	204.9
BCW-200464_00332	gnl|TC-DB|P0ABV2|1.A.30.2.1	63.3	139	50	1	1	139	1	138	8.2e-40	159.8
BCW-200464_00340	gnl|TC-DB|P16683|3.A.1.9.1	35.9	220	131	3	229	444	46	259	3.4e-32	136.0
BCW-200464_00341	gnl|TC-DB|A0QQ68|3.A.1.9.2	30.7	189	131	0	128	316	84	272	1.5e-21	100.1
BCW-200464_00342	gnl|TC-DB|P16682|3.A.1.9.1	29.9	261	161	6	8	263	13	256	3.5e-25	112.1
BCW-200464_00343	gnl|TC-DB|P16677|3.A.1.9.1	45.7	243	127	2	5	242	7	249	9.2e-52	200.3
BCW-200464_00345	gnl|TC-DB|P33916|3.A.1.5.21	31.0	210	128	5	26	227	301	501	1.2e-17	86.7
BCW-200464_00346	gnl|TC-DB|Q97UG5|3.A.1.5.8	34.2	260	153	6	6	255	8	259	8.4e-36	147.1
BCW-200464_00357	gnl|TC-DB|P33913|3.A.1.5.21	34.8	574	356	8	38	608	29	587	6.3e-98	354.8
BCW-200464_00358	gnl|TC-DB|P0AFU1|3.A.1.5.21	59.2	373	132	2	1	362	1	364	2.6e-123	438.3
BCW-200464_00359	gnl|TC-DB|P33915|3.A.1.5.21	51.3	359	150	2	21	378	5	339	3.5e-99	358.2
BCW-200464_00360	gnl|TC-DB|P33916|3.A.1.5.21	56.4	525	229	0	7	531	3	527	3.8e-163	571.2
BCW-200464_00365	gnl|TC-DB|P33359|3.A.1.12.15	47.8	224	114	1	13	236	14	234	1.8e-43	172.6
BCW-200464_00366	gnl|TC-DB|P33360|3.A.1.12.15	52.1	309	146	2	1	308	1	308	1.9e-82	302.4
BCW-200464_00367	gnl|TC-DB|P33361|3.A.1.12.15	43.0	370	203	5	10	376	9	373	5.2e-66	248.1
BCW-200464_00368	gnl|TC-DB|P33362|3.A.1.12.15	57.0	279	120	0	25	303	27	305	2.6e-89	325.1
BCW-200464_00371	gnl|TC-DB|P72827|3.A.1.10.2	43.1	327	179	5	22	343	35	359	8.9e-73	270.4
BCW-200464_00377	gnl|TC-DB|Q9ZE70|2.A.7.3.7	26.2	279	198	4	14	290	11	283	3.1e-21	99.0
BCW-200464_00378	gnl|TC-DB|C9RH03|2.A.109.3.1	46.3	354	164	4	6	354	4	336	2.1e-80	295.8
BCW-200464_00387	gnl|TC-DB|Q9L714|3.A.7.18.1	66.7	502	152	3	1	488	1	501	9.5e-190	659.4
BCW-200464_00388	gnl|TC-DB|Q9L715|3.A.7.18.1	45.9	394	210	1	31	421	124	517	9.4e-101	363.6
BCW-200464_00389	gnl|TC-DB|Q9L716|3.A.7.18.1	40.8	125	67	4	104	227	91	209	8.0e-14	73.9
BCW-200464_00390	gnl|TC-DB|Q9L717|3.A.7.18.1	32.3	527	262	10	52	525	74	558	4.5e-68	255.4
BCW-200464_00391	gnl|TC-DB|Q9L718|3.A.7.18.1	33.8	266	137	8	1	229	1	264	4.8e-26	114.8
BCW-200464_00393	gnl|TC-DB|B3R344|1.E.52.3.2	53.7	54	25	0	1	54	4	57	6.4e-11	62.4
BCW-200464_00432	gnl|TC-DB|M2X3K0|9.B.115.1.1	33.8	207	120	8	57	255	30	227	1.7e-15	79.7
BCW-200464_00439	gnl|TC-DB|I3XAB3|2.A.109.1.5	67.8	205	61	2	1	205	1	200	3.1e-65	244.6
BCW-200464_00452	gnl|TC-DB|O86575|3.A.1.5.34	45.6	228	117	4	21	242	66	292	1.5e-47	186.0
BCW-200464_00453	gnl|TC-DB|P26905|3.A.1.5.2	44.7	257	135	4	9	258	4	260	2.6e-51	198.7
BCW-200464_00454	gnl|TC-DB|W0WMS8|3.A.1.5.39	44.6	271	144	1	31	295	28	298	1.6e-59	226.1
BCW-200464_00455	gnl|TC-DB|P77308|3.A.1.5.38	40.2	328	195	1	9	336	7	333	3.5e-66	248.4
BCW-200464_00458	gnl|TC-DB|P75797|3.A.1.5.11	27.1	388	258	11	13	394	12	380	5.9e-28	122.1
BCW-200464_00466	gnl|TC-DB|O30499|2.A.20.1.4	83.5	327	54	0	1	327	1	327	2.5e-149	524.6
BCW-200464_00469	gnl|TC-DB|A9CGX6|2.A.6.3.2	98.5	1048	16	0	1	1048	1	1048	0.0e+00	1902.5
BCW-200464_00478	gnl|TC-DB|Q8RPR1|3.A.1.12.7	51.1	307	149	1	12	317	3	309	5.2e-88	320.9
BCW-200464_00481	gnl|TC-DB|Q9X103|3.A.1.1.22	50.9	371	149	5	1	343	3	368	9.7e-96	346.7
BCW-200464_00483	gnl|TC-DB|Q93J92|3.A.1.1.36	33.1	278	182	2	5	280	23	298	1.1e-41	166.8
BCW-200464_00484	gnl|TC-DB|Q93J93|3.A.1.1.36	32.7	312	200	5	3	312	12	315	1.7e-43	172.9
BCW-200464_00485	gnl|TC-DB|O07009|3.A.1.1.2	23.9	415	275	15	15	414	28	416	5.9e-15	78.6
BCW-200464_00492	gnl|TC-DB|Q9X4Y1|3.A.1.5.7	73.6	690	181	1	6	695	5	693	0.0e+00	1106.7
BCW-200464_00493	gnl|TC-DB|Q9WXR6|3.A.1.5.29	40.8	331	190	4	1	330	1	326	1.7e-68	256.1
BCW-200464_00494	gnl|TC-DB|Q9X0F5|3.A.1.5.12	40.2	351	203	4	30	378	19	364	7.6e-70	260.8
BCW-200464_00495	gnl|TC-DB|Q8ZNJ8|3.A.1.5.24	50.0	524	260	2	25	548	5	526	1.1e-138	490.0
BCW-200464_00497	gnl|TC-DB|P37626|3.A.1.105.16	62.0	337	128	0	12	348	13	349	7.6e-72	267.3
BCW-200464_00498	gnl|TC-DB|C8TJS4|3.A.1.105.16	65.1	912	307	3	12	922	8	909	0.0e+00	1155.6
BCW-200464_00499	gnl|TC-DB|P0AGH1|3.A.1.105.16	61.7	363	139	0	7	369	6	368	3.8e-122	434.5
BCW-200464_00507	gnl|TC-DB|Q9I484|3.A.1.3.21	70.5	251	72	1	20	268	23	273	1.1e-99	359.4
BCW-200464_00508	gnl|TC-DB|Q8YSA2|3.A.1.3.17	34.3	216	131	3	9	218	274	484	1.3e-21	99.8
BCW-200464_00509	gnl|TC-DB|Q9I487|3.A.1.3.21	56.8	213	91	1	1	213	1	212	2.1e-64	241.9
BCW-200464_00510	gnl|TC-DB|Q9I488|3.A.1.3.21	73.2	239	64	0	1	239	1	239	3.8e-99	357.5
BCW-200464_00516	gnl|TC-DB|P0AEU0|3.A.1.3.29	25.1	259	178	5	7	256	1	252	3.2e-14	75.5
BCW-200464_00517	gnl|TC-DB|P73544|3.A.1.3.12	37.5	208	116	4	17	216	310	511	7.9e-25	110.5
BCW-200464_00518	gnl|TC-DB|A1VZQ3|3.A.1.3.16	34.2	196	125	2	20	213	50	243	1.9e-25	112.5
BCW-200464_00519	gnl|TC-DB|Q9F3K7|3.A.1.3.24	53.9	245	103	2	4	238	5	249	3.9e-67	251.1
BCW-200464_00522	gnl|TC-DB|Q92R60|1.B.70.1.11	51.9	368	141	5	1	355	1	345	1.8e-97	352.4
BCW-200464_00524	gnl|TC-DB|P42061|3.A.1.5.20	26.0	453	292	15	52	482	73	504	6.0e-25	112.1
BCW-200464_00525	gnl|TC-DB|W0WN20|3.A.1.5.39	40.2	336	187	4	1	322	1	336	1.3e-54	209.9
BCW-200464_00526	gnl|TC-DB|W0WMS8|3.A.1.5.39	33.8	293	180	3	23	315	22	300	3.0e-43	172.2
BCW-200464_00529	gnl|TC-DB|Q93IU0|3.A.1.5.36	49.4	318	154	3	9	321	20	335	6.8e-83	303.9
BCW-200464_00530	gnl|TC-DB|O86575|3.A.1.5.34	48.8	344	151	7	9	336	33	367	2.8e-79	292.0
BCW-200464_00536	gnl|TC-DB|Q74GA3|3.D.1.5.1	38.5	519	303	5	2	508	4	518	6.0e-110	394.4
BCW-200464_00537	gnl|TC-DB|P07658|3.D.1.9.2	36.1	693	421	11	252	931	4	687	5.9e-127	451.8
BCW-200464_00539	gnl|TC-DB|Q51330|2.A.1.11.1	29.9	284	163	7	21	304	115	362	3.1e-24	109.4
BCW-200464_00548	gnl|TC-DB|P42061|3.A.1.5.20	25.8	500	331	14	20	490	41	529	6.8e-34	141.7
BCW-200464_00549	gnl|TC-DB|P42062|3.A.1.5.20	45.2	314	169	2	1	311	1	314	7.8e-68	253.8
BCW-200464_00550	gnl|TC-DB|P75799|3.A.1.5.11	46.3	270	144	1	20	288	31	300	1.4e-50	196.4
BCW-200464_00552	gnl|TC-DB|P75796|3.A.1.5.11	58.4	608	246	3	6	607	5	611	3.6e-194	674.5
BCW-200464_00555	gnl|TC-DB|Q9KLQ5|3.A.1.20.2	44.6	280	148	2	6	279	9	287	3.6e-66	248.4
BCW-200464_00556	gnl|TC-DB|Q8U4K4|3.A.1.6.5	30.3	234	152	4	37	266	20	246	1.2e-11	67.0
BCW-200464_00561	gnl|TC-DB|D0J060|2.A.80.1.3	44.8	326	176	2	8	329	4	329	3.4e-74	275.0
BCW-200464_00562	gnl|TC-DB|Q2G506|3.A.1.210.11	35.8	609	349	15	7	593	11	599	4.9e-79	292.0
BCW-200464_00563	gnl|TC-DB|P25256|3.A.1.120.2	30.9	553	323	12	16	532	19	548	3.4e-47	186.0
BCW-200464_00565	gnl|TC-DB|Q6XBY3|1.B.11.6.1	27.8	755	510	15	63	800	80	816	1.1e-70	264.6
BCW-200464_00569	gnl|TC-DB|M3JA40|1.B.52.2.1	32.0	181	109	3	428	594	280	460	7.0e-15	79.0
BCW-200464_00574	gnl|TC-DB|Q9KN48|3.A.23.1.1	39.9	296	146	8	321	594	183	468	1.2e-48	191.0
BCW-200464_00578	gnl|TC-DB|G4FGN3|3.A.1.2.20	42.6	484	274	4	4	486	2	482	4.4e-110	394.8
BCW-200464_00579	gnl|TC-DB|Q9X050|3.A.1.2.19	34.2	310	183	4	12	312	23	320	5.6e-32	134.8
BCW-200464_00580	gnl|TC-DB|P0AFS1|3.A.1.2.8	29.3	273	180	3	53	319	45	310	5.7e-29	124.8
BCW-200464_00585	gnl|TC-DB|P73721|3.A.1.3.12	54.9	257	108	4	1	257	1	249	7.5e-69	256.9
BCW-200464_00586	gnl|TC-DB|P0AFT2|3.A.1.3.10	33.7	193	128	0	20	212	12	204	3.5e-25	111.7
BCW-200464_00587	gnl|TC-DB|Q9HU29|3.A.1.3.23	34.6	214	131	1	6	210	10	223	8.5e-21	97.1
BCW-200464_00610	gnl|TC-DB|P07658|3.D.1.9.2	27.7	394	243	8	112	491	61	426	1.2e-42	171.4
BCW-200464_00621	gnl|TC-DB|P9WG63|5.A.1.2.9	32.4	629	339	14	1	591	115	695	1.9e-67	253.4
BCW-200464_00627	gnl|TC-DB|A3N294|3.A.1.20.3	43.2	338	190	2	2	337	5	342	9.3e-75	276.9
BCW-200464_00628	gnl|TC-DB|A3N294|3.A.1.20.3	46.1	336	179	2	6	339	10	345	1.5e-80	296.2
BCW-200464_00629	gnl|TC-DB|Q9KLQ6|3.A.1.20.2	44.2	606	317	4	118	722	107	692	3.3e-141	498.8
BCW-200464_00630	gnl|TC-DB|Q9KLQ5|3.A.1.20.2	49.4	348	172	2	5	351	3	347	2.5e-83	305.4
BCW-200464_00648	gnl|TC-DB|Q93N33|2.A.21.9.2	31.2	433	259	8	824	1227	718	1140	4.4e-49	193.7
BCW-200464_00671	gnl|TC-DB|C6BWI5|1.A.30.4.3	32.4	222	134	5	120	326	97	317	1.7e-16	84.0
BCW-200464_00676	gnl|TC-DB|O05694|3.A.1.110.3	44.2	434	239	3	4	435	2	434	2.4e-67	252.7
BCW-200464_00677	gnl|TC-DB|O05693|3.A.1.110.3	43.5	563	300	4	9	565	2	552	4.6e-127	451.4
BCW-200464_00693	gnl|TC-DB|Q9I2M0|3.A.1.109.4	32.6	408	225	5	24	423	25	390	8.5e-49	191.0
BCW-200464_00694	gnl|TC-DB|Q88RG3|3.A.1.109.3	32.8	650	415	8	39	678	70	707	7.3e-87	318.2
BCW-200464_00702	gnl|TC-DB|D4ZZR3|9.B.34.1.3	37.6	178	101	5	159	326	216	393	3.9e-20	95.5
BCW-200464_00703	gnl|TC-DB|A3QE50|8.A.59.4.2	36.3	204	114	6	83	270	187	390	4.1e-28	121.7
BCW-200464_00710	gnl|TC-DB|P30859|3.A.1.3.3	31.7	249	155	5	7	249	1	240	3.2e-24	108.6
BCW-200464_00711	gnl|TC-DB|P0AFT2|3.A.1.3.10	41.3	208	121	1	12	218	12	219	4.7e-32	134.4
BCW-200464_00712	gnl|TC-DB|Q9F3K7|3.A.1.3.24	58.4	250	95	1	3	243	4	253	3.2e-77	284.6
BCW-200464_00750	gnl|TC-DB|Q9HV74|2.A.21.9.1	27.2	265	166	7	517	772	729	975	2.1e-16	84.7
BCW-200464_00774	gnl|TC-DB|Q93J93|3.A.1.1.36	33.9	301	195	3	4	303	14	311	1.9e-42	169.5
BCW-200464_00775	gnl|TC-DB|Q72H66|3.A.1.1.25	33.1	287	174	4	15	292	2	279	5.7e-33	137.9
BCW-200464_00777	gnl|TC-DB|Q01937|3.A.1.1.4	56.1	360	148	3	16	365	4	363	4.1e-108	387.9
BCW-200464_00804	gnl|TC-DB|O50330|3.A.7.2.1	40.4	809	440	10	17	792	19	818	6.7e-169	590.9
BCW-200464_00807	gnl|TC-DB|O50333|3.A.7.2.1	29.1	275	186	5	2	269	3	275	1.2e-20	97.1
BCW-200464_00809	gnl|TC-DB|Q91UR4|3.A.7.3.1	37.9	219	130	3	8	222	21	237	8.0e-35	143.7
BCW-200464_00810	gnl|TC-DB|O50336|3.A.7.2.1	31.8	280	171	5	2	278	1	263	3.3e-33	138.7
BCW-200464_00811	gnl|TC-DB|O50337|3.A.7.2.1	52.2	203	94	1	163	362	187	389	2.1e-59	226.1
BCW-200464_00812	gnl|TC-DB|Q91UW6|3.A.7.3.1	45.6	294	157	2	20	310	30	323	5.9e-66	247.7
BCW-200464_00840	gnl|TC-DB|Q44360|3.A.7.1.1	43.5	549	293	9	96	634	93	634	1.1e-126	450.3
BCW-200464_00842	gnl|TC-DB|Q52001|3.A.7.14.1	27.9	312	181	10	17	303	11	303	7.8e-20	96.7
BCW-200464_00860	gnl|TC-DB|Q5HGY5|3.A.1.11.8	41.9	353	189	6	6	357	5	342	4.2e-70	261.5
BCW-200464_00861	gnl|TC-DB|Q1M7Q2|3.A.1.11.6	34.2	222	143	2	15	235	21	240	5.6e-27	117.9
BCW-200464_00862	gnl|TC-DB|O70110|3.A.1.11.4	32.2	245	161	1	26	270	15	254	1.4e-26	116.7
BCW-200464_00866	gnl|TC-DB|A0ZUB1|3.A.1.122.12	51.2	648	313	3	4	649	5	651	1.6e-171	599.4
BCW-200464_00867	gnl|TC-DB|P75830|3.A.1.122.1	34.7	346	206	3	37	382	37	362	1.8e-45	179.9
BCW-200464_00878	gnl|TC-DB|B3PY75|1.B.17.3.8	29.3	460	292	12	28	467	11	457	3.5e-27	119.4
BCW-200464_00880	gnl|TC-DB|A8TDW7|3.A.1.122.7	38.3	222	136	1	4	225	51	271	1.6e-41	166.0
BCW-200464_00893	gnl|TC-DB|P0AFM2|3.A.1.12.1	34.8	322	193	8	28	345	21	329	8.8e-49	190.7
BCW-200464_00894	gnl|TC-DB|P14176|3.A.1.12.1	39.5	281	170	0	13	293	61	341	5.9e-60	227.6
BCW-200464_00895	gnl|TC-DB|P14175|3.A.1.12.1	43.4	389	213	4	4	385	4	392	2.8e-86	315.5
BCW-200464_00898	gnl|TC-DB|P77735|8.A.5.1.6	38.5	322	182	6	1	316	1	312	2.9e-55	212.2
BCW-200464_00905	gnl|TC-DB|Q9CLG9|3.A.1.17.6	36.1	227	145	0	25	251	23	249	1.3e-34	143.3
BCW-200464_00906	gnl|TC-DB|O05347|3.A.1.16.2	45.8	238	120	3	31	265	40	271	8.8e-52	200.3
BCW-200464_00908	gnl|TC-DB|P60752|3.A.1.106.1	34.7	553	357	3	32	582	30	580	1.5e-88	323.6
BCW-200464_00912	gnl|TC-DB|Q9FI56|3.A.9.1.2	46.5	866	378	12	4	848	96	897	4.3e-209	724.5
BCW-200464_00916	gnl|TC-DB|H1XXY9|8.A.7.1.5	30.7	574	383	7	177	742	9	575	9.8e-77	284.6
BCW-200464_00918	gnl|TC-DB|P38919|3.A.18.1.1	32.4	343	225	2	3	344	41	377	6.2e-53	205.3
BCW-200464_00932	gnl|TC-DB|Q8KZQ6|3.A.1.17.2	57.9	228	85	2	46	267	24	246	5.6e-70	260.8
BCW-200464_00933	gnl|TC-DB|O85765|3.A.1.17.2	62.1	243	92	0	16	258	16	258	7.8e-82	300.1
BCW-200464_00934	gnl|TC-DB|O85763|3.A.1.17.2	43.3	307	172	1	9	313	6	312	5.2e-64	241.1
BCW-200464_00958	gnl|TC-DB|Q92TN2|3.A.1.4.7	31.8	330	210	8	13	330	4	330	4.1e-27	118.6
BCW-200464_00959	gnl|TC-DB|Q92TN1|3.A.1.4.7	30.7	293	195	1	1	293	1	285	2.0e-33	139.4
BCW-200464_00960	gnl|TC-DB|Q92TN4|3.A.1.4.7	42.1	233	133	2	2	233	3	234	2.0e-44	175.6
BCW-200464_00961	gnl|TC-DB|P21629|3.A.1.4.8	39.8	251	144	3	21	264	3	253	9.0e-41	163.7
BCW-200464_00967	gnl|TC-DB|W0WLZ8|3.A.1.5.39	56.9	269	116	0	1	269	1	269	1.1e-84	309.7
BCW-200464_00968	gnl|TC-DB|W0WJ90|3.A.1.5.39	59.3	270	108	2	1	269	1	269	8.1e-85	310.1
BCW-200464_00969	gnl|TC-DB|W0WMS8|3.A.1.5.39	66.8	283	94	0	22	304	20	302	9.7e-100	359.8
BCW-200464_00970	gnl|TC-DB|W0WN20|3.A.1.5.39	61.8	335	128	0	1	335	1	335	2.4e-115	411.8
BCW-200464_00971	gnl|TC-DB|W0WLZ1|3.A.1.5.39	52.4	534	245	7	6	534	8	537	2.8e-158	555.1
BCW-200464_00987	gnl|TC-DB|F9VN10|3.D.10.1.4	33.8	530	290	16	12	488	9	530	2.4e-53	206.5
BCW-200464_00993	gnl|TC-DB|P0ABK2|3.D.4.3.2	49.5	380	191	1	6	385	1	379	1.7e-104	375.9
BCW-200464_00994	gnl|TC-DB|P0ABJ9|3.D.4.3.2	57.9	504	208	1	3	506	2	501	9.9e-169	589.7
BCW-200464_00995	gnl|TC-DB|P23886|3.A.1.129.1	34.7	568	323	14	8	545	4	553	4.3e-53	205.7
BCW-200464_00996	gnl|TC-DB|P29018|3.A.1.129.1	32.4	494	327	4	80	570	53	542	7.0e-62	235.0
BCW-200464_01027	gnl|TC-DB|P33699|2.A.66.2.2	69.8	486	147	0	1	486	1	486	1.1e-185	646.0
BCW-200464_01035	gnl|TC-DB|P33698|8.A.3.1.1	55.3	759	334	4	15	771	20	775	7.0e-227	783.5
BCW-200464_01037	gnl|TC-DB|Q9HV74|2.A.21.9.1	33.1	281	156	9	429	698	716	975	2.6e-24	110.9
BCW-200464_01039	gnl|TC-DB|Q9KKE2|3.A.1.12.6	47.6	267	140	0	17	283	9	275	3.2e-63	238.4
BCW-200464_01040	gnl|TC-DB|P46920|3.A.1.12.2	48.1	322	161	2	6	327	10	325	2.4e-81	298.9
BCW-200464_01051	gnl|TC-DB|B8H229|3.A.1.2.21	32.3	501	294	12	20	485	13	503	1.6e-56	216.9
BCW-200464_01058	gnl|TC-DB|P07821|3.A.1.14.3	60.3	257	101	1	10	266	7	262	1.3e-87	319.3
BCW-200464_01059	gnl|TC-DB|P06972|3.A.1.14.3	41.7	643	368	4	12	650	15	654	7.1e-124	441.0
BCW-200464_01061	gnl|TC-DB|Q82VI7|1.B.14.1.10	40.3	713	387	18	33	716	122	824	2.2e-134	476.1
BCW-200464_01066	gnl|TC-DB|Q9HV74|2.A.21.9.1	28.9	225	132	8	233	441	762	974	3.2e-11	66.2
BCW-200464_01067	gnl|TC-DB|P0AEX3|2.A.1.6.2	54.9	419	184	2	3	421	6	419	1.8e-123	439.1
BCW-200464_01072	gnl|TC-DB|Q9ZE70|2.A.7.3.7	26.8	276	199	2	7	282	11	283	7.6e-25	110.9
BCW-200464_01090	gnl|TC-DB|Q1D6U5|1.B.17.2.4	30.9	453	298	6	11	463	2	439	1.3e-40	164.1
BCW-200464_01098	gnl|TC-DB|O52557|2.A.1.3.15	29.6	477	328	4	2	472	4	478	1.5e-44	177.2
BCW-200464_01102	gnl|TC-DB|Q9X4X4|2.A.1.30.1	34.6	503	327	1	8	508	20	522	4.8e-70	261.9
BCW-200464_01116	gnl|TC-DB|O30494|3.A.1.1.49	51.4	354	168	2	1	350	1	354	4.2e-102	367.9
BCW-200464_01117	gnl|TC-DB|Q9WYR1|3.A.1.1.39	42.3	220	126	1	129	347	51	270	2.9e-47	185.7
BCW-200464_01118	gnl|TC-DB|Q9R9Q6|3.A.1.1.17	31.6	301	197	5	27	322	29	325	2.7e-36	149.1
BCW-200464_01129	gnl|TC-DB|Q9RQ05|3.A.1.12.5	27.5	273	190	6	8	277	304	571	3.7e-29	125.2
BCW-200464_01130	gnl|TC-DB|Q9RQ06|3.A.1.12.5	54.1	281	128	1	11	291	3	282	3.7e-82	301.6
BCW-200464_01131	gnl|TC-DB|Q8U4S4|3.A.1.12.9	42.4	269	148	3	13	276	11	277	3.6e-48	188.3
BCW-200464_01132	gnl|TC-DB|P14176|3.A.1.12.1	40.4	270	161	0	12	281	66	335	1.9e-52	202.6
BCW-200464_01134	gnl|TC-DB|P45769|3.A.1.3.26	58.6	249	96	2	2	250	10	251	6.0e-79	290.4
BCW-200464_01135	gnl|TC-DB|Q8YPM7|3.A.1.3.18	35.5	375	230	4	8	371	6	379	9.9e-54	207.2
BCW-200464_01136	gnl|TC-DB|Q52813|3.A.1.3.8	36.5	378	211	7	31	394	33	395	4.3e-55	211.8
BCW-200464_01137	gnl|TC-DB|Q52663|3.A.1.3.7	43.7	341	183	5	3	340	1	335	4.9e-68	254.6
BCW-200464_01145	gnl|TC-DB|P33950|3.A.1.5.27	28.4	458	286	12	74	495	85	536	2.7e-38	156.4
BCW-200464_01178	gnl|TC-DB|P77389|2.A.1.2.65	38.1	362	221	2	50	410	21	380	4.4e-63	238.4
BCW-200464_01179	gnl|TC-DB|Q5SMG8|1.A.26.1.2	41.0	344	192	3	109	452	115	447	2.3e-60	229.6
BCW-200464_01189	gnl|TC-DB|D4ZZR3|9.B.34.1.3	37.6	157	93	4	166	317	236	392	5.3e-19	91.7
BCW-200464_01198	gnl|TC-DB|B3E680|9.B.99.1.6	30.0	300	171	10	7	285	1	282	1.5e-25	113.2
BCW-200464_01204	gnl|TC-DB|P45403|9.B.14.1.2	64.2	657	229	3	1	656	1	652	6.5e-234	806.6
BCW-200464_01247	gnl|TC-DB|Q8ZRG7|3.A.3.5.20	55.6	843	274	3	9	851	6	748	5.3e-236	813.9
BCW-200464_01248	gnl|TC-DB|657066955|9.B.143.3.6	68.5	73	23	0	4	76	260	332	2.7e-24	107.8
BCW-200464_01256	gnl|TC-DB|B5U2Z3|2.A.75.1.4	68.2	201	64	0	1	201	1	201	2.3e-73	271.6
BCW-200464_01264	gnl|TC-DB|Q93N33|2.A.21.9.2	30.2	281	184	5	187	460	735	1010	3.2e-23	106.3
BCW-200464_01270	gnl|TC-DB|O05227|2.A.63.1.4	44.7	103	51	2	8	106	7	107	5.9e-15	76.6
BCW-200464_01272	gnl|TC-DB|Q7WY60|2.A.63.1.4	40.4	156	91	2	1	155	1	155	6.1e-21	97.1
BCW-200464_01273	gnl|TC-DB|Q9KD98|2.A.63.1.2	37.8	498	299	4	27	521	4	493	1.8e-85	313.2
BCW-200464_01274	gnl|TC-DB|O05260|2.A.63.1.4	45.9	111	56	1	1	111	1	107	3.4e-19	90.9
BCW-200464_01275	gnl|TC-DB|O05259|2.A.63.1.4	43.2	139	74	2	2	137	7	143	4.1e-21	97.4
BCW-200464_01276	gnl|TC-DB|Q7AJV8|2.A.63.1.2	36.3	791	464	11	16	770	11	797	4.3e-115	412.1
BCW-200464_01279	gnl|TC-DB|P67153|1.C.113.1.10	38.1	202	124	1	11	211	11	212	8.5e-37	150.2
BCW-200464_01289	gnl|TC-DB|Q9KKE3|3.A.1.12.6	30.8	347	210	12	8	336	11	345	2.4e-35	146.0
BCW-200464_01290	gnl|TC-DB|Q9KKE2|3.A.1.12.6	47.2	269	136	2	26	291	11	276	3.7e-59	224.9
BCW-200464_01291	gnl|TC-DB|Q8U4S5|3.A.1.12.9	59.5	291	115	1	5	292	7	297	4.9e-90	327.8
BCW-200464_01293	gnl|TC-DB|Q1LRZ2|2.A.4.3.9	49.5	327	153	5	13	329	38	362	1.1e-48	190.3
BCW-200464_01301	gnl|TC-DB|A5W2Y3|9.B.69.1.1	41.7	230	128	3	7	236	5	228	2.6e-36	148.7
BCW-200464_01305	gnl|TC-DB|C6GYU4|2.A.76.1.9	29.2	202	139	1	1	198	1	202	3.9e-15	78.2
BCW-200464_01318	gnl|TC-DB|P0AG34|2.A.76.1.1	29.2	195	136	2	5	199	9	201	2.1e-18	89.0
BCW-200464_01332	gnl|TC-DB|P39115|3.A.1.121.3	26.4	493	314	9	3	476	4	466	2.2e-40	163.3
BCW-200464_01339	gnl|TC-DB|F7U6A3|3.A.3.6.25	88.3	921	77	3	1	911	1	900	0.0e+00	1378.2
BCW-200464_01346	gnl|TC-DB|Q9ZGB6|2.A.1.3.32	36.0	517	315	7	2	508	4	514	7.8e-70	261.2
BCW-200464_01352	gnl|TC-DB|P74477|2.A.49.6.1	28.8	364	225	9	91	434	93	442	3.7e-23	105.9
BCW-200464_01361	gnl|TC-DB|P16676|3.A.1.6.1	59.6	280	111	1	1	278	1	280	2.2e-87	318.9
BCW-200464_01362	gnl|TC-DB|P0AEB0|3.A.1.6.1	51.6	254	123	0	27	280	22	275	1.2e-70	263.1
BCW-200464_01363	gnl|TC-DB|P16701|3.A.1.6.1	46.9	260	138	0	17	276	9	268	1.1e-65	246.5
BCW-200464_01364	gnl|TC-DB|P0AG78|3.A.1.6.1	60.4	331	128	3	8	338	1	328	2.5e-112	401.7
BCW-200464_01377	gnl|TC-DB|P77529|2.A.23.1.8	30.8	445	268	11	23	444	32	459	3.1e-41	166.0
BCW-200464_01381	gnl|TC-DB|Q9HY55|4.A.2.1.17	28.5	466	232	17	438	886	549	930	1.6e-28	124.8
BCW-200464_01400	gnl|TC-DB|P0AAP1|9.B.34.1.2	30.7	179	119	3	520	698	195	368	2.8e-15	80.9
BCW-200464_01413	gnl|TC-DB|Q3J5F6|3.D.4.6.2	58.9	280	97	4	5	283	3	265	3.4e-94	341.3
BCW-200464_01417	gnl|TC-DB|P33517|3.D.4.6.2	62.6	543	192	5	35	567	15	556	1.8e-200	695.3
BCW-200464_01418	gnl|TC-DB|P08306|3.D.4.6.1	44.8	268	130	5	38	297	41	298	7.2e-58	220.7
BCW-200464_01426	gnl|TC-DB|Q2BM66|2.A.102.2.2	31.3	233	153	4	29	255	26	257	1.2e-18	90.1
BCW-200464_01436	gnl|TC-DB|Q6GUB2|3.A.1.25.1	61.9	226	85	1	1	225	1	226	1.7e-69	258.8
BCW-200464_01437	gnl|TC-DB|Q6GUB1|3.A.1.25.1	56.6	198	86	0	1	198	1	198	2.1e-50	195.3
BCW-200464_01438	gnl|TC-DB|Q6GUB0|2.A.88.1.1	73.5	181	48	0	1	181	1	181	6.0e-68	253.4
BCW-200464_01450	gnl|TC-DB|M3JA40|1.B.52.2.1	62.3	61	20	1	429	486	279	339	8.9e-13	72.0
BCW-200464_01451	gnl|TC-DB|J8IXD8|1.C.109.1.5	38.8	240	146	1	6	245	4	242	4.9e-41	164.5
BCW-200464_01471	gnl|TC-DB|A1B618|3.A.2.1.7	63.9	72	26	0	4	75	6	77	8.7e-18	85.5
BCW-200464_01472	gnl|TC-DB|A1B619|3.A.2.1.7	40.7	246	135	3	5	249	13	248	3.3e-37	151.8
BCW-200464_01475	gnl|TC-DB|P63183|2.A.72.1.1	44.7	619	338	2	22	639	7	622	1.5e-147	519.6
BCW-200464_01476	gnl|TC-DB|P0ABI4|1.A.35.1.1	39.3	300	170	4	28	325	27	316	3.2e-48	188.7
BCW-200464_01477	gnl|TC-DB|A0L4L0|3.A.1.132.3	44.5	247	134	1	124	370	85	328	4.4e-57	218.4
BCW-200464_01478	gnl|TC-DB|P38043|3.A.1.16.1	27.0	407	256	11	2	399	53	427	2.4e-29	126.3
BCW-200464_01495	gnl|TC-DB|P45522|2.A.37.1.2	41.3	557	304	6	12	556	11	556	9.6e-107	384.0
BCW-200464_01516	gnl|TC-DB|Q6RH59|2.A.98.1.2	30.8	328	213	4	23	343	17	337	8.9e-25	110.9
BCW-200464_01530	gnl|TC-DB|O26024|2.A.20.2.9	44.8	424	231	1	16	436	2	425	2.7e-91	332.4
BCW-200464_01543	gnl|TC-DB|M3JA40|1.B.52.2.1	31.1	206	120	2	399	590	263	460	4.7e-13	72.8
BCW-200464_01566	gnl|TC-DB|P31474|2.A.1.3.51	38.0	437	259	6	5	436	12	441	3.0e-76	282.3
BCW-200464_01570	gnl|TC-DB|Q93N33|2.A.21.9.2	24.6	402	249	12	894	1261	628	1009	6.6e-17	86.7
BCW-200464_01571	gnl|TC-DB|Q55534|3.A.1.10.2	42.0	528	304	1	18	545	21	546	2.0e-103	372.9
BCW-200464_01572	gnl|TC-DB|P0AFL1|3.A.1.11.2	55.3	273	116	1	3	269	8	280	4.8e-74	274.2
BCW-200464_01573	gnl|TC-DB|P31135|3.A.1.11.2	55.5	290	124	3	14	302	29	314	3.9e-85	311.2
BCW-200464_01574	gnl|TC-DB|P31134|3.A.1.11.2	55.3	365	155	4	22	384	18	376	1.5e-105	379.4
BCW-200464_01575	gnl|TC-DB|P31133|3.A.1.11.2	55.7	350	153	2	17	364	20	369	1.6e-117	419.1
BCW-200464_01590	gnl|TC-DB|Q9Z3R9|3.A.1.1.8	77.6	361	81	0	1	361	1	361	4.3e-163	570.5
BCW-200464_01591	gnl|TC-DB|Q07837|8.A.9.1.2	33.8	539	294	16	8	513	109	617	2.0e-79	293.1
BCW-200464_01592	gnl|TC-DB|Q9Z3R7|3.A.1.1.8	70.8	370	106	1	17	386	13	380	8.1e-144	506.5
BCW-200464_01593	gnl|TC-DB|Q9Z3R6|3.A.1.1.8	71.6	334	95	0	3	336	2	335	2.9e-137	484.6
BCW-200464_01594	gnl|TC-DB|Q9Z3R5|3.A.1.1.8	75.2	431	106	1	23	453	29	458	1.3e-201	698.7
BCW-200464_01603	gnl|TC-DB|P54702|3.A.6.2.1	26.1	230	165	2	13	242	17	241	4.3e-13	71.6
BCW-200464_01604	gnl|TC-DB|P40729|3.A.6.2.1	37.3	679	400	8	25	694	28	689	4.2e-114	408.7
BCW-200464_01616	gnl|TC-DB|P0AF06|1.A.30.1.1	60.0	55	22	0	14	68	8	62	1.7e-12	70.5
BCW-200464_01620	gnl|TC-DB|P40727|3.A.6.2.1	31.8	358	226	4	1	350	1	348	7.8e-40	161.0
BCW-200464_01624	gnl|TC-DB|P09348|1.A.30.1.1	43.2	280	159	0	1	280	1	280	1.3e-58	223.0
BCW-200464_01627	gnl|TC-DB|O84676|3.A.6.3.1	44.7	385	201	8	62	438	42	422	2.3e-76	282.7
BCW-200464_01629	gnl|TC-DB|C6GYU4|2.A.76.1.9	36.8	209	129	1	7	212	3	211	1.7e-29	125.9
BCW-200464_01639	gnl|TC-DB|P54700|3.A.6.2.1	43.0	242	128	4	10	244	5	243	9.7e-50	193.4
BCW-200464_01656	gnl|TC-DB|Q2KCQ1|1.A.22.1.4	75.4	142	35	0	1	142	1	142	3.0e-51	197.6
BCW-200464_01657	gnl|TC-DB|Q93N33|2.A.21.9.2	39.0	1180	671	19	1	1160	1	1151	2.1e-211	732.6
BCW-200464_01672	gnl|TC-DB|Q52978|2.A.63.1.1	68.2	963	302	3	6	966	31	991	0.0e+00	1310.0
BCW-200464_01673	gnl|TC-DB|Q52980|2.A.63.1.1	73.5	113	28	1	1	111	1	113	2.9e-38	154.1
BCW-200464_01674	gnl|TC-DB|Q52981|2.A.63.1.1	59.7	536	212	1	7	542	7	538	5.7e-167	583.9
BCW-200464_01675	gnl|TC-DB|Q52982|2.A.63.1.1	42.6	162	91	2	2	162	1	161	1.3e-29	125.9
BCW-200464_01676	gnl|TC-DB|Q52983|2.A.63.1.1	62.2	90	34	0	4	93	3	92	4.0e-28	120.2
BCW-200464_01677	gnl|TC-DB|Q9Z3Q3|2.A.63.1.1	53.8	106	49	0	1	106	1	106	5.9e-26	113.2
BCW-200464_01720	gnl|TC-DB|M4VAL8|8.A.21.2.4	31.2	176	118	2	102	275	68	242	3.5e-17	85.5
BCW-200464_01762	gnl|TC-DB|Q89V93|2.A.102.4.6	58.1	301	123	2	1	301	76	373	4.3e-87	317.8
BCW-200464_01769	gnl|TC-DB|Q2KCS0|2.A.115.1.3	69.3	202	62	0	12	213	9	210	1.1e-73	272.7
BCW-200464_01770	gnl|TC-DB|Q2KCS0|2.A.115.1.3	58.6	203	84	0	9	211	8	210	7.6e-59	223.4
BCW-200464_01784	gnl|TC-DB|P60844|1.A.8.3.1	68.1	229	71	1	1	227	1	229	6.5e-83	303.5
BCW-200464_01790	gnl|TC-DB|O30833|3.A.1.1.5	72.5	276	74	2	1	274	1	276	8.7e-108	386.3
BCW-200464_01791	gnl|TC-DB|O30832|3.A.1.1.5	64.7	289	102	0	1	289	1	289	5.6e-97	350.5
BCW-200464_01792	gnl|TC-DB|O30831|3.A.1.1.5	68.9	431	132	2	7	437	8	436	1.5e-178	622.1
BCW-200464_01794	gnl|TC-DB|P75796|3.A.1.5.11	58.3	581	233	4	18	591	12	590	1.4e-185	646.0
BCW-200464_01799	gnl|TC-DB|W0WMS8|3.A.1.5.39	36.4	217	138	0	54	270	82	298	1.0e-31	133.7
BCW-200464_01800	gnl|TC-DB|P75798|3.A.1.5.11	40.7	312	177	1	1	312	1	304	4.4e-55	211.5
BCW-200464_01801	gnl|TC-DB|P33950|3.A.1.5.27	29.3	382	229	10	51	397	50	425	7.2e-31	131.7
BCW-200464_01803	gnl|TC-DB|Q8CJS2|3.A.1.5.36	42.8	229	125	3	19	242	53	280	3.5e-47	184.9
BCW-200464_01804	gnl|TC-DB|P45095|3.A.1.5.27	48.3	269	137	2	5	271	3	271	6.6e-63	237.3
BCW-200464_01805	gnl|TC-DB|W0WMS8|3.A.1.5.39	46.2	279	144	2	36	309	24	301	5.7e-63	237.7
BCW-200464_01806	gnl|TC-DB|P77308|3.A.1.5.38	42.4	321	184	1	31	351	14	333	9.3e-70	260.4
BCW-200464_01807	gnl|TC-DB|P75797|3.A.1.5.11	24.5	538	366	14	10	541	3	506	2.9e-30	129.8
BCW-200464_01814	gnl|TC-DB|P69874|3.A.1.11.1	57.7	222	94	0	22	243	33	254	2.7e-66	248.8
BCW-200464_01816	gnl|TC-DB|Q1M7Q3|3.A.1.11.6	32.4	256	168	4	5	258	19	271	5.2e-28	121.3
BCW-200464_01823	gnl|TC-DB|O05694|3.A.1.110.3	41.5	426	249	0	10	435	9	434	1.4e-83	306.6
BCW-200464_01824	gnl|TC-DB|O05693|3.A.1.110.3	55.6	538	239	0	27	564	8	545	1.3e-166	582.8
BCW-200464_01827	gnl|TC-DB|D5CMP8|5.B.5.1.2	55.9	179	78	1	14	192	12	189	9.2e-58	219.9
BCW-200464_01829	gnl|TC-DB|P18775|5.A.3.3.2	21.5	874	576	33	1	833	10	814	1.0e-21	102.1
BCW-200464_01834	gnl|TC-DB|Q47538|3.A.1.17.1	42.1	209	110	3	11	209	3	210	1.1e-40	163.3
BCW-200464_01849	gnl|TC-DB|Q51662|3.D.4.10.1	66.0	150	51	0	1	150	1	150	2.2e-57	218.0
BCW-200464_01850	gnl|TC-DB|Q51663|3.D.4.10.1	64.6	443	149	1	1	435	1	443	2.1e-167	585.1
BCW-200464_01855	gnl|TC-DB|B2U729|9.B.8.7.1	36.3	399	219	11	23	405	19	398	5.2e-48	188.3
BCW-200464_01866	gnl|TC-DB|A8H4W6|3.A.1.2.15	31.2	295	188	4	37	321	56	345	5.2e-27	118.2
BCW-200464_01867	gnl|TC-DB|P77315|3.A.1.2.27	36.5	301	185	3	16	314	30	326	2.1e-20	96.3
BCW-200464_01868	gnl|TC-DB|P04983|3.A.1.2.1	38.2	498	299	4	1	494	1	493	7.4e-89	324.3
BCW-200464_01875	gnl|TC-DB|Q7AKP1|3.A.1.1.44	29.1	398	250	14	29	408	35	418	1.2e-33	140.6
BCW-200464_01876	gnl|TC-DB|Q93J93|3.A.1.1.36	31.4	290	192	3	8	297	33	315	7.0e-34	141.0
BCW-200464_01877	gnl|TC-DB|P77716|3.A.1.1.46	27.3	264	179	5	19	275	22	279	8.7e-23	104.0
BCW-200464_01878	gnl|TC-DB|Q01937|3.A.1.1.4	49.9	355	170	4	4	351	3	356	2.8e-90	328.6
BCW-200464_01881	gnl|TC-DB|L5DDD7|2.A.109.2.3	48.3	515	259	5	1	510	370	882	8.1e-123	437.2
BCW-200464_01890	gnl|TC-DB|A8YQR5|3.A.23.2.1	29.8	510	341	8	14	519	7	503	6.2e-66	248.8
BCW-200464_01894	gnl|TC-DB|Q6EE14|3.A.23.2.1	45.4	875	436	8	5	855	4	860	1.5e-193	672.9
BCW-200464_01896	gnl|TC-DB|Q6EE21|3.A.23.2.1	46.2	158	85	0	3	160	5	162	3.7e-32	134.4
BCW-200464_01897	gnl|TC-DB|Q6EE20|3.A.23.2.1	54.0	494	219	3	1	490	1	490	2.6e-155	545.0
BCW-200464_01901	gnl|TC-DB|Q6EE16|3.A.23.2.1	37.6	612	343	15	6	587	5	607	2.6e-96	349.4
BCW-200464_01904	gnl|TC-DB|Q9KN51|3.A.23.1.1	36.6	434	271	3	1	433	13	443	7.6e-82	300.8
BCW-200464_01905	gnl|TC-DB|Q9KN50|3.A.23.1.1	29.5	224	151	4	65	284	29	249	3.3e-20	96.3
BCW-200464_01906	gnl|TC-DB|Q9KN45|3.A.23.1.1	24.7	1184	797	23	32	1158	29	1174	1.6e-86	317.8
BCW-200464_01909	gnl|TC-DB|P22236|1.B.18.2.4	31.6	376	237	7	1	361	6	376	2.4e-39	159.5
BCW-200464_01911	gnl|TC-DB|P0C0L7|2.A.1.6.4	67.9	498	153	1	6	503	6	496	3.9e-194	674.1
BCW-200464_01915	gnl|TC-DB|A6VKS9|3.A.1.2.13	47.8	293	145	3	33	318	19	310	9.8e-66	246.9
BCW-200464_01916	gnl|TC-DB|G4FGN3|3.A.1.2.20	45.1	488	264	4	1	488	4	487	5.3e-111	397.9
BCW-200464_01922	gnl|TC-DB|P0A9T8|3.A.1.122.15	41.0	200	117	1	20	218	25	224	1.5e-33	139.4
BCW-200464_01934	gnl|TC-DB|P80874|8.A.5.1.4	28.3	272	139	10	3	221	5	273	2.2e-18	89.4
BCW-200464_01935	gnl|TC-DB|P77389|2.A.1.2.65	36.8	375	232	2	5	379	7	376	1.8e-61	233.0
BCW-200464_01940	gnl|TC-DB|P0AEQ3|3.A.1.3.2	30.1	249	165	6	11	255	3	246	4.5e-19	91.7
BCW-200464_01941	gnl|TC-DB|Q9I405|3.A.1.3.22	64.5	242	82	2	13	252	2	241	1.9e-77	285.4
BCW-200464_01942	gnl|TC-DB|P45768|3.A.1.3.26	33.0	203	132	2	27	225	157	359	5.7e-21	97.8
BCW-200464_01943	gnl|TC-DB|Q88NY3|3.A.1.3.19	34.4	218	139	1	4	217	10	227	5.3e-29	124.4
BCW-200464_01957	gnl|TC-DB|O05347|3.A.1.16.2	41.8	225	129	1	32	254	45	269	1.1e-49	193.4
BCW-200464_01958	gnl|TC-DB|A7NLS3|3.A.1.17.7	32.8	235	158	0	14	248	39	273	1.6e-26	116.3
BCW-200464_01959	gnl|TC-DB|Q5V9S2|3.A.1.5.22	38.3	530	301	7	15	523	9	533	1.1e-98	357.1
BCW-200464_01960	gnl|TC-DB|Q5V9S1|3.A.1.5.22	51.0	306	150	0	1	306	1	306	1.5e-84	309.3
BCW-200464_01961	gnl|TC-DB|Q5V9S0|3.A.1.5.22	59.1	220	90	0	157	376	81	300	8.4e-69	257.3
BCW-200464_01962	gnl|TC-DB|P33916|3.A.1.5.21	47.2	525	274	2	5	526	2	526	1.2e-134	476.5
BCW-200464_01967	gnl|TC-DB|P94529|3.A.1.1.34	32.0	266	174	5	25	286	30	292	6.3e-30	127.9
BCW-200464_01968	gnl|TC-DB|Q93J92|3.A.1.1.36	35.6	264	166	2	17	280	39	298	7.9e-40	160.6
BCW-200464_01969	gnl|TC-DB|Q9KWT9|3.A.1.1.10	53.3	360	147	5	1	342	2	358	1.4e-99	359.4
BCW-200464_01972	gnl|TC-DB|Q1M7Q1|3.A.1.11.6	83.3	360	59	1	1	360	1	359	7.8e-173	602.8
BCW-200464_01973	gnl|TC-DB|Q1M7Q2|3.A.1.11.6	81.9	265	48	0	1	265	1	265	9.3e-107	382.9
BCW-200464_01974	gnl|TC-DB|Q1M7Q3|3.A.1.11.6	77.0	283	62	1	9	291	11	290	6.6e-114	406.8
BCW-200464_01975	gnl|TC-DB|Q1M7Q4|3.A.1.11.6	80.4	336	66	0	1	336	1	336	2.1e-159	558.1
BCW-200464_01983	gnl|TC-DB|P0AAG3|3.A.1.3.4	73.0	241	64	1	7	247	1	240	7.7e-95	343.2
BCW-200464_01984	gnl|TC-DB|P0AFT2|3.A.1.3.10	40.9	203	120	0	17	219	14	216	2.9e-32	135.2
BCW-200464_01999	gnl|TC-DB|Q9HXW4|2.A.6.2.17	41.9	1026	588	2	1	1019	1	1025	5.8e-221	764.2
BCW-200464_02000	gnl|TC-DB|Q9I6X6|2.A.6.2.27	33.4	317	204	5	49	360	48	362	1.3e-26	117.1
BCW-200464_02010	gnl|TC-DB|P37388|3.A.1.2.4	41.6	498	279	5	21	507	5	501	6.6e-104	374.4
BCW-200464_02011	gnl|TC-DB|A6VKS9|3.A.1.2.13	34.3	309	191	4	28	333	20	319	2.6e-37	152.5
BCW-200464_02012	gnl|TC-DB|P02925|3.A.1.2.1	26.0	242	168	7	5	245	3	234	2.5e-13	72.8
BCW-200464_02016	gnl|TC-DB|Q9WYQ2|3.A.1.1.38	50.3	322	149	4	1	312	1	321	2.9e-82	302.0
BCW-200464_02017	gnl|TC-DB|Q9WYQ1|3.A.1.1.38	37.4	238	140	2	115	352	55	283	2.7e-45	179.1
BCW-200464_02018	gnl|TC-DB|Q9WYQ0|3.A.1.1.38	41.7	290	168	1	13	302	5	293	2.3e-61	232.3
BCW-200464_02019	gnl|TC-DB|P58300|3.A.1.1.16	22.9	205	133	6	87	291	106	285	2.5e-11	66.6
BCW-200464_02021	gnl|TC-DB|Q5JAK9|2.A.1.2.39	53.9	386	174	4	1	384	1	384	4.0e-106	381.3
BCW-200464_02025	gnl|TC-DB|P75796|3.A.1.5.11	48.4	564	254	7	13	546	12	568	1.8e-139	492.7
BCW-200464_02026	gnl|TC-DB|Q9X0F5|3.A.1.5.12	55.8	355	153	2	18	372	14	364	3.7e-109	391.3
BCW-200464_02027	gnl|TC-DB|Q9WXR6|3.A.1.5.29	52.7	328	155	0	1	328	1	328	3.8e-94	341.3
BCW-200464_02028	gnl|TC-DB|Q9WXR2|3.A.1.5.29	36.3	626	360	13	40	645	49	655	8.4e-101	364.4
BCW-200464_02033	gnl|TC-DB|O34691|2.A.1.82.4	28.1	423	262	8	40	457	15	400	3.0e-36	149.4
BCW-200464_02038	gnl|TC-DB|O50504|3.A.1.2.24	45.1	235	129	0	29	263	7	241	8.3e-55	210.3
BCW-200464_02039	gnl|TC-DB|B8H230|3.A.1.2.21	39.0	292	172	2	29	315	31	321	2.1e-47	186.0
BCW-200464_02041	gnl|TC-DB|A1ACJ3|1.A.13.5.1	45.1	246	128	3	4	249	9	247	5.0e-57	217.6
BCW-200464_02059	gnl|TC-DB|O07330|3.A.1.132.2	73.1	275	74	0	1	275	1	275	2.9e-103	371.3
BCW-200464_02060	gnl|TC-DB|Q52900|3.A.1.132.2	65.6	299	103	0	1	299	1	299	4.5e-105	377.5
BCW-200464_02061	gnl|TC-DB|Q52899|3.A.1.132.2	67.2	439	138	4	12	450	14	446	1.3e-167	585.9
BCW-200464_02067	gnl|TC-DB|P42063|3.A.1.5.20	41.7	271	155	2	25	293	32	301	1.3e-53	206.5
BCW-200464_02068	gnl|TC-DB|P42062|3.A.1.5.20	42.2	315	179	3	1	313	1	314	2.7e-68	255.4
BCW-200464_02069	gnl|TC-DB|P42061|3.A.1.5.20	29.4	523	328	14	47	553	45	542	4.9e-57	218.8
BCW-200464_02073	gnl|TC-DB|P75796|3.A.1.5.11	46.2	559	269	6	11	537	12	570	6.6e-123	437.6
BCW-200464_02098	gnl|TC-DB|P22731|3.A.1.4.1	45.6	241	122	4	7	247	5	236	3.3e-48	188.3
BCW-200464_02100	gnl|TC-DB|Q8DQH9|3.A.1.4.10	26.0	242	152	5	97	338	93	307	1.5e-17	87.0
BCW-200464_02101	gnl|TC-DB|Q0S718|3.A.1.4.9	31.8	289	188	5	13	299	3	284	6.7e-21	97.8
BCW-200464_02102	gnl|TC-DB|Q8DQH8|3.A.1.4.10	44.4	248	138	0	47	294	4	251	2.7e-57	218.8
BCW-200464_02108	gnl|TC-DB|P94360|3.A.1.1.26	52.3	344	153	4	21	354	22	364	1.4e-89	326.2
BCW-200464_02110	gnl|TC-DB|Q7AKP1|3.A.1.1.44	26.7	386	223	18	93	461	43	385	1.2e-14	77.8
BCW-200464_02111	gnl|TC-DB|O30493|3.A.1.1.49	32.0	275	170	2	16	290	19	276	3.5e-38	155.2
BCW-200464_02112	gnl|TC-DB|O51924|3.A.1.1.7	35.6	281	168	5	19	294	26	298	2.5e-44	175.6
BCW-200464_02122	gnl|TC-DB|Q55164|3.A.1.4.2	39.5	248	136	2	28	261	18	265	1.5e-40	162.9
BCW-200464_02123	gnl|TC-DB|Q8DQH7|3.A.1.4.10	39.5	233	140	1	7	238	3	235	1.0e-43	173.3
BCW-200464_02124	gnl|TC-DB|Q8VM85|3.A.1.4.3	30.4	299	174	8	2	283	4	285	1.1e-23	107.1
BCW-200464_02125	gnl|TC-DB|Q8DQH9|3.A.1.4.10	25.2	226	157	4	110	332	91	307	1.5e-11	67.0
BCW-200464_02131	gnl|TC-DB|P31552|4.C.1.1.6	23.5	524	334	16	523	1003	17	516	2.3e-21	101.3
BCW-200464_02134	gnl|TC-DB|Q89SS6|2.A.1.42.2	28.2	351	184	17	187	530	788	1077	5.3e-14	76.3
BCW-200464_02135	gnl|TC-DB|P69451|4.C.1.1.4	23.8	550	319	22	536	1017	27	544	2.6e-20	98.2
BCW-200464_02142	gnl|TC-DB|Q42524|4.C.1.1.7	21.5	508	332	16	528	987	67	555	8.9e-15	80.5
BCW-200464_02143	gnl|TC-DB|P69451|4.C.1.1.4	24.8	371	242	12	620	976	202	549	1.9e-15	82.8
BCW-200464_02147	gnl|TC-DB|A5F661|1.B.14.8.3	24.7	696	447	21	138	812	48	687	2.7e-48	190.3
BCW-200464_02148	gnl|TC-DB|P40409|3.A.1.14.15	25.5	204	139	6	78	275	91	287	1.5e-12	70.1
BCW-200464_02149	gnl|TC-DB|Q47085|3.A.1.14.4	43.2	310	174	2	34	341	25	334	1.2e-58	223.4
BCW-200464_02150	gnl|TC-DB|Q47086|3.A.1.14.4	38.1	320	197	1	5	323	30	349	9.8e-50	193.7
BCW-200464_02151	gnl|TC-DB|Q9RCF3|3.A.1.14.6	52.5	257	122	0	3	259	17	273	1.1e-75	279.6
BCW-200464_02169	gnl|TC-DB|Q1QP84|1.B.6.2.14	30.6	252	144	6	45	275	44	285	9.6e-25	110.5
BCW-200464_02171	gnl|TC-DB|P55072|3.A.16.1.1	41.7	230	133	1	154	382	473	702	3.7e-56	216.1
BCW-200464_02174	gnl|TC-DB|C6EJJ6|2.C.1.2.1	41.0	156	80	3	28	171	17	172	2.0e-25	112.1
BCW-200464_02177	gnl|TC-DB|Q1D0D2|1.A.30.2.7	42.5	120	69	0	27	146	13	132	1.3e-20	95.9
BCW-200464_02178	gnl|TC-DB|P0ABU9|1.A.30.2.2	42.2	218	124	2	12	227	3	220	1.8e-37	152.5
BCW-200464_02187	gnl|TC-DB|M3JA40|1.B.52.2.1	29.1	172	108	1	591	748	287	458	1.3e-12	71.6
BCW-200464_02194	gnl|TC-DB|Q0PBV6|9.A.40.2.2	25.4	418	309	2	1	416	27	443	3.0e-35	146.0
BCW-200464_02199	gnl|TC-DB|Q0ZAH6|2.A.36.6.4	41.3	576	321	8	1	566	1	569	2.8e-101	365.9
BCW-200464_02207	gnl|TC-DB|Q9NRK6|3.A.1.201.17	36.9	590	354	7	9	587	151	733	8.3e-87	317.8
BCW-200464_02209	gnl|TC-DB|Q8E9J1|1.A.30.1.5	30.1	156	94	5	192	342	118	263	8.6e-12	67.8
BCW-200464_02210	gnl|TC-DB|C6BWI5|1.A.30.4.3	24.1	303	212	6	33	318	13	314	2.3e-17	86.3
BCW-200464_02214	gnl|TC-DB|E6VE67|2.A.102.2.4	40.5	252	142	2	1	252	3	246	6.7e-46	180.6
BCW-200464_02227	gnl|TC-DB|Q9KN48|3.A.23.1.1	34.8	382	221	8	120	499	169	524	1.4e-50	197.2
BCW-200464_02230	gnl|TC-DB|D4ZZR3|9.B.34.1.3	35.7	185	111	4	118	297	212	393	3.0e-24	109.0
BCW-200464_02235	gnl|TC-DB|P0AA53|8.A.21.2.2	68.9	296	91	1	9	303	2	297	2.8e-74	275.4
BCW-200464_02239	gnl|TC-DB|B9JS50|1.B.66.3.4	47.7	371	190	2	128	495	136	505	1.3e-98	356.7
BCW-200464_02250	gnl|TC-DB|Q93N33|2.A.21.9.2	26.9	227	153	6	673	891	792	1013	1.3e-11	68.6
BCW-200464_02251	gnl|TC-DB|Q1M607|3.A.3.7.2	74.2	186	48	0	1	186	1	186	1.5e-74	275.4
BCW-200464_02252	gnl|TC-DB|Q1M606|3.A.3.7.2	86.9	694	83	1	1	694	1	686	0.0e+00	1112.8
BCW-200464_02254	gnl|TC-DB|Q1M605|3.A.3.7.2	88.0	567	68	0	1	567	1	567	9.1e-285	975.3
BCW-200464_02257	gnl|TC-DB|P40812|2.A.3.1.8	60.4	470	182	1	2	471	7	472	1.7e-154	542.3
BCW-200464_02260	gnl|TC-DB|Q9I6X4|2.A.6.2.27	61.1	1008	390	2	4	1010	5	1011	0.0e+00	1204.9
BCW-200464_02261	gnl|TC-DB|Q9I6X5|2.A.6.2.27	52.0	348	162	3	14	360	13	356	1.2e-45	180.3
BCW-200464_02262	gnl|TC-DB|Q9I6X6|2.A.6.2.27	46.3	339	172	7	16	350	28	360	5.5e-62	234.6
BCW-200464_02265	gnl|TC-DB|Q9KKE3|3.A.1.12.6	76.0	342	81	1	4	345	6	346	3.1e-155	544.3
BCW-200464_02266	gnl|TC-DB|Q9KKE2|3.A.1.12.6	75.0	284	71	0	1	284	1	284	1.9e-113	405.2
BCW-200464_02267	gnl|TC-DB|Q9KKE1|3.A.1.12.6	79.0	267	56	0	1	267	1	267	3.2e-118	421.0
BCW-200464_02269	gnl|TC-DB|P0ADL1|2.A.1.2.26	37.6	386	241	0	11	396	2	387	4.2e-58	221.9
BCW-200464_02274	gnl|TC-DB|P0A9T4|8.A.5.1.5	24.3	338	175	11	17	286	13	337	1.3e-13	73.6
BCW-200464_02280	gnl|TC-DB|P04983|3.A.1.2.1	45.8	491	263	3	8	496	5	494	2.1e-120	429.1
BCW-200464_02281	gnl|TC-DB|Q0HIQ6|3.A.1.2.14	29.9	311	206	5	33	332	66	375	5.7e-21	98.2
BCW-200464_02282	gnl|TC-DB|P77315|3.A.1.2.27	39.4	302	179	3	15	314	31	330	5.5e-21	98.2
BCW-200464_02283	gnl|TC-DB|P39325|3.A.1.2.25	22.3	305	231	5	6	306	7	309	7.7e-12	67.8
BCW-200464_02298	gnl|TC-DB|P46468|3.A.25.2.1	34.5	145	91	2	479	623	564	704	1.1e-21	101.7
BCW-200464_02301	gnl|TC-DB|P08956|3.A.17.1.1	28.1	654	333	25	9	567	232	843	1.3e-42	171.4
BCW-200464_02315	gnl|TC-DB|P75796|3.A.1.5.11	47.5	568	255	6	2	527	9	575	1.2e-135	479.9
BCW-200464_02316	gnl|TC-DB|W0WMS8|3.A.1.5.39	39.4	269	160	2	27	293	30	297	3.9e-48	188.3
BCW-200464_02317	gnl|TC-DB|P75798|3.A.1.5.11	39.0	305	185	1	1	304	1	305	9.8e-52	200.3
BCW-200464_02318	gnl|TC-DB|P33950|3.A.1.5.27	28.6	454	278	17	68	482	80	526	2.6e-33	139.8
BCW-200464_02327	gnl|TC-DB|Q6NLC1|3.A.1.203.8	25.0	611	369	12	30	573	71	659	1.6e-42	170.6
BCW-200464_02332	gnl|TC-DB|Q83XH1|3.A.1.121.4	30.5	532	361	5	1	530	1	525	6.1e-81	298.1
BCW-200464_02341	gnl|TC-DB|P80874|8.A.5.1.4	44.4	293	149	3	4	293	5	286	2.0e-63	239.2
BCW-200464_02343	gnl|TC-DB|A8H4W6|3.A.1.2.15	38.2	288	167	4	47	325	53	338	2.6e-37	152.5
BCW-200464_02344	gnl|TC-DB|G4FGN3|3.A.1.2.20	44.9	494	264	6	5	496	4	491	2.3e-114	409.1
BCW-200464_02352	gnl|TC-DB|P39836|2.A.28.3.4	53.4	324	149	1	7	330	8	329	3.6e-87	318.2
BCW-200464_02355	gnl|TC-DB|G3LHZ3|3.A.1.1.35	85.6	568	82	0	6	573	1	568	7.2e-306	1045.4
BCW-200464_02357	gnl|TC-DB|G3LHZ1|3.A.1.1.35	84.6	272	42	0	36	307	2	273	4.1e-130	460.7
BCW-200464_02358	gnl|TC-DB|G3LHZ0|3.A.1.1.35	86.0	285	40	0	1	285	1	285	9.7e-142	499.2
BCW-200464_02359	gnl|TC-DB|G3LHY9|3.A.1.1.35	78.4	352	76	0	1	352	1	352	7.5e-160	559.7
BCW-200464_02360	gnl|TC-DB|G3LHY8|3.A.1.1.35	76.8	358	80	1	1	355	1	358	4.8e-159	557.0
BCW-200464_02364	gnl|TC-DB|P24183|5.A.3.2.1	28.7	265	160	7	4	242	45	306	3.2e-26	117.1
BCW-200464_02368	gnl|TC-DB|P38045|3.A.1.16.1	55.3	257	113	2	1	256	1	256	3.8e-76	281.2
BCW-200464_02369	gnl|TC-DB|P38044|3.A.1.16.1	53.6	250	111	3	47	291	26	275	2.4e-71	265.4
BCW-200464_02370	gnl|TC-DB|P38043|3.A.1.16.1	57.7	437	166	4	10	428	5	440	3.1e-144	508.1
BCW-200464_02374	gnl|TC-DB|P42964|2.A.55.3.2	52.2	400	182	5	1	400	1	391	7.5e-103	370.5
BCW-200464_02381	gnl|TC-DB|P17315|1.B.14.1.4	37.2	701	364	20	26	702	15	663	7.9e-105	377.9
BCW-200464_02401	gnl|TC-DB|P54933|3.A.1.1.5	58.5	94	39	0	1	94	239	332	4.0e-28	120.2
BCW-200464_02406	gnl|TC-DB|E6YFT5|2.A.121.4.3	44.8	232	126	2	1	231	1	231	3.3e-50	194.9
BCW-200464_02417	gnl|TC-DB|Q92LL2|3.A.1.15.9	64.6	280	99	0	1	280	1	280	3.9e-95	344.4
BCW-200464_02418	gnl|TC-DB|Q92LL3|3.A.1.15.9	80.9	283	54	0	11	293	1	283	3.0e-122	434.5
BCW-200464_02419	gnl|TC-DB|Q92LL4|3.A.1.15.9	71.6	296	82	1	6	301	17	310	6.6e-117	416.8
BCW-200464_02420	gnl|TC-DB|Q92LL5|3.A.1.15.9	71.1	273	79	0	23	295	28	300	5.3e-111	397.1
BCW-200464_02424	gnl|TC-DB|P72958|2.A.47.4.1	30.5	606	391	9	7	590	15	612	5.5e-67	251.9
BCW-200464_02425	gnl|TC-DB|L5DDD7|2.A.109.2.3	48.3	236	120	1	8	243	373	606	1.5e-58	222.6
BCW-200464_02427	gnl|TC-DB|Q9RQ30|8.A.1.1.2	33.7	312	187	5	86	391	61	358	3.6e-33	139.0
BCW-200464_02428	gnl|TC-DB|Q9KIH3|2.A.1.3.18	31.8	507	342	1	17	519	14	520	1.3e-70	263.8
BCW-200464_02435	gnl|TC-DB|Q9HT70|3.A.1.24.5	48.1	343	168	5	26	367	1	334	4.4e-78	288.1
BCW-200464_02436	gnl|TC-DB|P31547|3.A.1.24.1	54.9	153	68	1	1	153	1	152	1.0e-34	143.3
BCW-200464_02437	gnl|TC-DB|Q9HT68|3.A.1.24.5	50.6	261	126	3	1	259	1	260	1.7e-65	245.7
BCW-200464_02438	gnl|TC-DB|D4ZZR3|9.B.34.1.3	31.7	161	100	4	306	460	236	392	1.5e-13	74.7
BCW-200464_02446	gnl|TC-DB|D7A5Z9|2.A.113.1.7	38.7	336	166	8	10	343	11	308	7.3e-43	171.0
BCW-200464_02450	gnl|TC-DB|P94400|9.B.10.1.1	41.6	250	113	7	8	225	2	250	7.1e-44	174.5
BCW-200464_02461	gnl|TC-DB|Q92TN4|3.A.1.4.7	71.8	238	67	0	1	238	1	238	3.3e-95	344.4
BCW-200464_02462	gnl|TC-DB|Q92TN3|3.A.1.4.7	72.8	254	69	0	1	254	1	254	2.4e-99	358.2
BCW-200464_02463	gnl|TC-DB|Q92TN2|3.A.1.4.7	74.0	311	81	0	22	332	20	330	2.0e-122	435.3
BCW-200464_02464	gnl|TC-DB|Q92TN1|3.A.1.4.7	84.7	287	44	0	1	287	1	287	1.4e-132	468.8
BCW-200464_02465	gnl|TC-DB|Q92TN0|3.A.1.4.7	84.9	385	58	0	6	390	19	403	9.9e-190	659.1
BCW-200464_02469	gnl|TC-DB|P42063|3.A.1.5.20	43.9	262	143	2	17	276	40	299	6.5e-58	220.7
BCW-200464_02470	gnl|TC-DB|P75798|3.A.1.5.11	41.2	306	177	2	1	305	1	304	5.1e-56	214.5
BCW-200464_02471	gnl|TC-DB|P33590|3.A.1.5.3	25.3	501	315	19	16	479	11	489	7.7e-25	111.7
BCW-200464_02472	gnl|TC-DB|P75796|3.A.1.5.11	55.1	610	260	6	5	604	8	613	5.7e-184	640.6
BCW-200464_02478	gnl|TC-DB|P45769|3.A.1.3.26	67.9	240	77	0	11	250	12	251	1.6e-95	345.5
BCW-200464_02480	gnl|TC-DB|Q8YSA2|3.A.1.3.17	28.6	224	142	6	55	269	43	257	3.0e-15	79.0
BCW-200464_02481	gnl|TC-DB|P54536|3.A.1.3.15	33.8	204	134	1	11	213	14	217	4.1e-28	121.3
BCW-200464_02482	gnl|TC-DB|P42200|3.A.1.3.14	37.3	201	123	3	24	222	35	234	3.1e-23	105.1
BCW-200464_02496	gnl|TC-DB|A6VKT0|3.A.1.2.13	28.2	309	197	9	1	302	1	291	2.6e-23	105.9
BCW-200464_02497	gnl|TC-DB|A8H4W5|3.A.1.2.15	31.2	298	190	7	1	289	1	292	1.6e-25	113.2
BCW-200464_02502	gnl|TC-DB|Q9WYR1|3.A.1.1.39	33.4	332	157	3	19	349	2	270	5.2e-49	191.4
BCW-200464_02503	gnl|TC-DB|O51924|3.A.1.1.7	33.3	294	177	7	36	327	20	296	3.1e-27	119.0
BCW-200464_02504	gnl|TC-DB|O30494|3.A.1.1.49	56.5	356	147	4	1	351	1	353	2.0e-107	385.6
BCW-200464_02512	gnl|TC-DB|P54933|3.A.1.1.5	44.4	329	168	3	1	328	1	315	8.5e-76	280.4
BCW-200464_02513	gnl|TC-DB|P0AF01|3.A.1.8.1	31.4	156	100	3	68	221	14	164	3.8e-13	72.0
BCW-200464_02514	gnl|TC-DB|P0AFK6|3.A.1.11.1	29.3	215	150	1	63	277	42	254	3.8e-13	72.0
BCW-200464_02520	gnl|TC-DB|Q9Z4R9|3.A.1.20.1	32.2	332	215	7	7	329	6	336	1.4e-40	163.3
BCW-200464_02521	gnl|TC-DB|O54370|3.A.1.20.1	42.9	345	180	4	3	342	4	336	1.2e-75	280.0
BCW-200464_02522	gnl|TC-DB|O54372|3.A.1.20.1	43.9	255	143	0	305	559	2	256	2.3e-54	209.9
BCW-200464_02536	gnl|TC-DB|E3HE20|3.A.7.4.2	27.5	465	282	12	129	547	155	610	3.5e-39	159.5
BCW-200464_02561	gnl|TC-DB|P0AGA2|3.A.5.1.1	54.4	423	190	1	22	441	18	440	2.0e-125	445.7
BCW-200464_02577	gnl|TC-DB|M3JA40|1.B.52.2.1	59.7	62	25	0	424	485	278	339	2.1e-13	73.9
BCW-200464_02581	gnl|TC-DB|P36879|3.A.1.105.17	45.1	306	160	5	1	304	1	300	3.6e-62	235.0
BCW-200464_02582	gnl|TC-DB|P0AFN6|3.A.1.105.17	42.4	250	142	2	5	253	8	256	5.9e-50	194.1
BCW-200464_02588	gnl|TC-DB|A8H4W6|3.A.1.2.15	42.6	319	163	4	25	324	26	343	6.6e-54	207.6
BCW-200464_02590	gnl|TC-DB|G4FGN3|3.A.1.2.20	46.0	491	260	4	3	490	2	490	1.0e-111	400.2
BCW-200464_02598	gnl|TC-DB|Q93N33|2.A.21.9.2	30.4	260	161	7	253	500	779	1030	6.1e-22	102.1
BCW-200464_02602	gnl|TC-DB|O85763|3.A.1.17.2	43.3	319	169	4	4	320	7	315	1.6e-68	256.1
BCW-200464_02605	gnl|TC-DB|P35113|3.A.1.3.6	41.9	217	125	1	60	275	11	227	2.1e-45	179.1
BCW-200464_02606	gnl|TC-DB|Q9HU30|3.A.1.3.23	42.8	215	122	1	44	258	7	220	5.8e-40	161.0
BCW-200464_02607	gnl|TC-DB|Q9HU31|3.A.1.3.23	49.4	251	117	5	7	255	8	250	4.5e-58	221.1
BCW-200464_02620	gnl|TC-DB|G4NXW2|2.A.76.1.8	27.8	205	142	2	3	201	1	205	7.9e-16	80.5
BCW-200464_02621	gnl|TC-DB|P31125|2.A.7.3.2	42.3	284	158	2	7	284	7	290	1.6e-54	209.5
BCW-200464_02623	gnl|TC-DB|F0N2E7|2.A.109.1.2	46.6	324	152	5	9	321	7	320	1.2e-74	276.6
BCW-200464_02629	gnl|TC-DB|I7FD23|2.A.1.2.97	33.1	405	255	7	20	417	6	401	5.3e-43	171.8
BCW-200464_02649	gnl|TC-DB|O00571|1.I.1.1.3	42.0	352	182	5	3	335	181	529	8.0e-67	251.1
BCW-200464_02650	gnl|TC-DB|B7L5V2|1.A.34.1.3	36.9	130	82	0	294	423	93	222	2.2e-17	86.7
BCW-200464_02660	gnl|TC-DB|P34712|3.A.1.201.14	26.1	238	154	7	15	247	430	650	7.4e-13	70.9
BCW-200464_02665	gnl|TC-DB|P75831|3.A.1.122.1	34.2	409	247	11	2	402	254	648	8.7e-48	187.6
BCW-200464_02666	gnl|TC-DB|Q58206|3.A.1.122.14	52.5	223	102	3	6	224	1	223	9.4e-58	219.9
BCW-200464_02686	gnl|TC-DB|Q8EJD3|2.A.59.1.3	54.0	339	156	0	1	339	1	339	9.2e-94	340.1
BCW-200464_02690	gnl|TC-DB|P55072|3.A.16.1.1	37.6	194	116	4	245	434	513	705	2.2e-24	110.5
BCW-200464_02699	gnl|TC-DB|B5YH84|4.D.1.4.3	24.3	371	262	7	7	368	3	363	1.2e-22	104.0
BCW-200464_02710	gnl|TC-DB|Q939U6|5.A.1.2.7	47.9	240	117	3	5	237	3	241	5.5e-53	204.1
BCW-200464_02711	gnl|TC-DB|P56949|2.A.69.3.4	69.0	310	96	0	1	310	1	310	1.6e-118	422.2
BCW-200464_02714	gnl|TC-DB|Q8DU37|3.A.1.2.12	39.3	506	296	5	9	510	2	500	3.3e-95	345.5
BCW-200464_02716	gnl|TC-DB|Q9WXW0|3.A.1.2.18	33.9	280	172	6	12	280	21	298	1.1e-34	143.7
BCW-200464_02730	gnl|TC-DB|Q7V7U0|2.A.7.28.11	29.0	290	187	6	7	287	20	299	4.5e-20	95.1
BCW-200464_02732	gnl|TC-DB|P33913|3.A.1.5.21	33.4	583	365	10	30	610	26	587	1.3e-87	320.5
BCW-200464_02768	gnl|TC-DB|B1LE48|2.A.86.2.1	25.4	338	239	6	37	370	20	348	1.6e-17	87.0
BCW-200464_02769	gnl|TC-DB|Q9WYC4|3.A.1.135.5	35.6	568	365	1	2	569	25	591	1.1e-91	334.0
BCW-200464_02771	gnl|TC-DB|Q89K67|2.A.55.2.6	62.4	433	162	1	45	476	14	446	1.2e-139	493.0
BCW-200464_02802	gnl|TC-DB|Q1CZY2|2.A.64.1.2	37.6	101	62	1	163	262	295	395	6.0e-13	71.2
BCW-200464_02809	gnl|TC-DB|P37597|2.A.1.2.62	26.4	386	270	8	18	396	8	386	5.5e-18	88.6
BCW-200464_02810	gnl|TC-DB|Q9ZE70|2.A.7.3.7	25.2	298	207	6	2	294	4	290	5.4e-16	81.6
BCW-200464_02813	gnl|TC-DB|P45522|2.A.37.1.2	40.9	584	326	5	1	580	12	580	4.8e-111	398.3
BCW-200464_02815	gnl|TC-DB|Q1J0W6|9.B.34.1.1	39.1	161	88	4	175	334	193	344	2.1e-21	99.8
BCW-200464_02830	gnl|TC-DB|P31552|4.C.1.1.6	24.1	489	331	13	30	494	39	511	5.9e-25	112.1
BCW-200464_02853	gnl|TC-DB|A4PCH7|3.A.1.27.1	37.3	314	193	2	68	381	1	310	7.6e-49	191.0
BCW-200464_02854	gnl|TC-DB|A4PCH8|3.A.1.27.1	54.3	245	111	1	22	265	25	269	1.6e-72	269.2
BCW-200464_02858	gnl|TC-DB|B1Z7W6|2.A.117.1.7	64.5	138	49	0	1	138	1	138	3.8e-46	180.6
BCW-200464_02872	gnl|TC-DB|P77338|1.A.23.1.1	36.0	239	147	2	515	750	823	1058	8.9e-34	142.1
BCW-200464_02907	gnl|TC-DB|P0AD30|2.A.102.3.1	53.1	241	113	0	11	251	17	257	6.4e-63	237.3
BCW-200464_02910	gnl|TC-DB|M3JA40|1.B.52.2.1	30.6	196	119	2	440	618	265	460	2.2e-13	73.9
BCW-200464_02917	gnl|TC-DB|Q52815|3.A.1.3.8	90.7	257	24	0	1	257	1	257	6.0e-135	476.5
BCW-200464_02918	gnl|TC-DB|Q52814|3.A.1.3.8	70.4	385	113	1	1	385	1	384	2.3e-154	541.6
BCW-200464_02919	gnl|TC-DB|Q52813|3.A.1.3.8	67.4	384	125	0	15	398	17	400	7.6e-145	510.0
BCW-200464_02920	gnl|TC-DB|Q52812|3.A.1.3.8	73.0	341	91	1	1	340	1	341	1.2e-151	532.3
BCW-200464_02932	gnl|TC-DB|Q5SKE6|2.A.6.4.3	34.1	689	412	12	169	836	65	732	1.2e-91	334.3
BCW-200464_02946	gnl|TC-DB|P07658|3.D.1.9.2	29.2	394	237	8	110	489	61	426	3.7e-39	159.8
BCW-200464_02947	gnl|TC-DB|O34442|1.A.26.1.3	33.8	317	209	1	153	468	129	445	4.9e-50	195.3
BCW-200464_02949	gnl|TC-DB|A6VIS8|9.B.169.2.2	28.9	239	153	6	12	240	2	233	9.5e-21	97.4
BCW-200464_02952	gnl|TC-DB|P75783|1.A.23.3.2	28.7	492	292	13	232	681	265	739	8.3e-30	128.6
BCW-200464_02954	gnl|TC-DB|P71997|2.A.53.4.2	33.8	509	329	7	7	509	28	534	5.4e-61	231.9
BCW-200464_02955	gnl|TC-DB|H7F0T0|3.D.4.3.3	62.5	456	168	2	65	519	6	459	3.6e-174	607.8
BCW-200464_02956	gnl|TC-DB|F8H841|3.D.4.3.3	51.3	226	81	1	4	229	1	197	1.2e-60	229.6
BCW-200464_02964	gnl|TC-DB|Q9HX93|3.A.3.5.34	34.4	718	435	11	46	738	81	787	2.2e-100	363.2
BCW-200464_02968	gnl|TC-DB|P77735|8.A.5.1.6	34.3	327	186	10	13	325	1	312	2.3e-41	166.0
BCW-200464_02971	gnl|TC-DB|P39172|3.A.1.15.5	39.4	325	169	4	8	328	7	307	2.3e-46	182.6
BCW-200464_02972	gnl|TC-DB|P0A9X1|3.A.1.15.5	50.6	239	118	0	12	250	4	242	2.2e-67	252.3
BCW-200464_02973	gnl|TC-DB|P39832|3.A.1.15.5	48.6	247	127	0	11	257	10	256	1.0e-52	203.4
BCW-200464_02996	gnl|TC-DB|Q8J305|2.A.95.1.4	35.0	197	125	1	14	207	18	214	1.3e-23	106.3
BCW-200464_03013	gnl|TC-DB|Q8GX93|2.A.49.6.3	25.1	427	275	9	35	423	77	496	1.5e-16	84.3
BCW-200464_03033	gnl|TC-DB|I3YSC9|1.A.43.1.13	38.3	120	73	1	1	120	1	119	1.4e-12	68.9
BCW-200464_03044	gnl|TC-DB|O53183|2.A.1.2.71	37.5	389	235	4	48	430	11	397	9.3e-59	224.2
BCW-200464_03054	gnl|TC-DB|P0AGI8|2.A.38.1.1	37.1	458	280	4	1	454	1	454	1.3e-79	293.5
BCW-200464_03056	gnl|TC-DB|Q9HV74|2.A.21.9.1	25.3	384	249	13	371	736	611	974	2.6e-21	100.5
BCW-200464_03057	gnl|TC-DB|Q9KN48|3.A.23.1.1	37.4	342	202	4	138	474	193	527	5.2e-55	211.8
BCW-200464_03066	gnl|TC-DB|F0BFS6|2.A.7.3.15	49.2	307	150	3	1	303	1	305	2.8e-78	288.5
BCW-200464_03088	gnl|TC-DB|Q6N8W4|3.A.1.4.11	52.7	376	174	2	7	378	9	384	1.4e-108	389.4
BCW-200464_03089	gnl|TC-DB|Q6N8W0|3.A.1.4.11	57.0	344	148	0	1	344	1	344	1.6e-98	355.9
BCW-200464_03090	gnl|TC-DB|Q6N8W1|3.A.1.4.11	50.1	587	286	3	9	590	6	590	2.9e-148	521.9
BCW-200464_03091	gnl|TC-DB|Q6N8W2|3.A.1.4.11	61.5	231	88	1	5	234	4	234	4.4e-71	264.2
BCW-200464_03098	gnl|TC-DB|O51924|3.A.1.1.7	33.1	278	182	3	19	296	23	296	1.3e-40	163.3
BCW-200464_03099	gnl|TC-DB|G4FGN6|3.A.1.1.41	35.0	266	171	1	13	276	13	278	1.6e-40	162.9
BCW-200464_03100	gnl|TC-DB|Q88P35|3.A.1.1.30	43.4	394	181	8	1	381	1	365	1.2e-83	306.6
BCW-200464_03102	gnl|TC-DB|P30859|3.A.1.3.3	27.8	248	156	6	18	256	7	240	2.3e-20	95.9
BCW-200464_03103	gnl|TC-DB|P73544|3.A.1.3.12	34.1	208	127	3	17	216	310	515	2.3e-24	109.0
BCW-200464_03104	gnl|TC-DB|Q8YSA2|3.A.1.3.17	36.9	203	122	1	12	208	283	485	2.1e-27	119.0
BCW-200464_03105	gnl|TC-DB|Q9I488|3.A.1.3.21	55.1	236	106	0	3	238	1	236	7.3e-66	246.9
BCW-200464_03110	gnl|TC-DB|Q9I488|3.A.1.3.21	56.8	236	102	0	3	238	1	236	1.0e-67	253.1
BCW-200464_03111	gnl|TC-DB|A1VZQ3|3.A.1.3.16	33.3	198	132	0	19	216	50	247	4.8e-24	107.8
BCW-200464_03112	gnl|TC-DB|A1VZQ3|3.A.1.3.16	28.8	191	136	0	11	201	38	228	1.0e-18	90.1
BCW-200464_03113	gnl|TC-DB|Q8RCC4|3.A.1.3.27	27.6	261	179	5	2	254	1	259	1.2e-18	90.1
BCW-200464_03120	gnl|TC-DB|P0ADE4|1.B.33.2.4	24.7	421	261	18	354	759	184	563	1.4e-14	78.2
BCW-200464_03137	gnl|TC-DB|Q9SXJ7|3.A.9.1.2	37.9	832	408	13	4	752	115	920	5.3e-148	521.5
BCW-200464_03139	gnl|TC-DB|Q9HV74|2.A.21.9.1	35.5	276	139	9	443	703	725	976	2.2e-32	137.5
BCW-200464_03195	gnl|TC-DB|Q45064|9.B.31.1.2	38.1	189	117	0	13	201	2	190	9.6e-27	116.7
BCW-200464_03202	gnl|TC-DB|O34929|2.A.1.26.2	25.8	341	237	3	24	354	13	347	1.1e-26	117.5
BCW-200464_03204	gnl|TC-DB|D4ZZR3|9.B.34.1.3	43.6	163	92	0	289	451	231	393	3.2e-30	129.4
BCW-200464_03212	gnl|TC-DB|P75957|3.A.1.125.1	48.0	221	115	0	4	224	3	223	3.2e-55	211.5
BCW-200464_03213	gnl|TC-DB|P75958|3.A.1.125.1	30.0	410	276	6	28	432	8	411	1.3e-44	177.2
BCW-200464_03218	gnl|TC-DB|P29926|3.D.1.2.1	51.4	459	210	5	15	468	11	461	2.0e-115	412.5
BCW-200464_03219	gnl|TC-DB|P29925|3.D.1.2.1	64.0	503	166	4	6	495	4	504	2.6e-174	608.2
BCW-200464_03220	gnl|TC-DB|P29924|3.D.1.2.1	56.9	722	228	9	4	664	3	702	5.6e-217	750.4
BCW-200464_03221	gnl|TC-DB|P29923|3.D.1.2.1	80.0	100	20	0	3	102	2	101	1.6e-35	144.8
BCW-200464_03222	gnl|TC-DB|P29922|3.D.1.2.1	56.9	197	83	1	8	204	6	200	8.3e-47	183.3
BCW-200464_03223	gnl|TC-DB|P29921|3.D.1.2.1	73.6	159	41	1	5	163	6	163	6.7e-47	183.3
BCW-200464_03224	gnl|TC-DB|P29920|3.D.1.2.1	57.5	346	127	3	1	342	1	330	1.3e-103	372.9
BCW-200464_03225	gnl|TC-DB|P29915|3.D.1.2.1	55.8	684	276	11	1	684	4	661	1.0e-213	739.6
BCW-200464_03226	gnl|TC-DB|P29913|3.D.1.2.1	76.7	417	96	1	1	416	1	417	8.7e-203	702.6
BCW-200464_03227	gnl|TC-DB|P29914|3.D.1.2.1	54.0	200	88	2	3	202	2	197	1.3e-55	213.4
BCW-200464_03229	gnl|TC-DB|P29916|3.D.1.2.1	71.0	396	109	2	3	396	21	412	2.2e-176	614.8
BCW-200464_03231	gnl|TC-DB|P29917|3.D.1.2.1	61.5	205	73	2	1	200	1	204	1.1e-67	252.7
BCW-200464_03232	gnl|TC-DB|P29918|3.D.1.2.1	81.3	155	28	1	31	185	12	165	4.9e-73	270.4
BCW-200464_03233	gnl|TC-DB|P29919|3.D.1.2.1	65.3	121	42	0	1	121	1	121	1.0e-39	159.1
BCW-200464_03243	gnl|TC-DB|P76330|9.B.34.1.4	33.2	196	123	3	193	380	369	564	3.6e-20	95.9
BCW-200464_03251	gnl|TC-DB|L0LHM3|2.A.7.31.3	68.7	278	87	0	1	278	1	278	1.3e-98	355.9
BCW-200464_03263	gnl|TC-DB|G0CIY2|9.B.18.1.1	37.0	362	223	3	158	517	126	484	2.9e-64	242.7
BCW-200464_03294	gnl|TC-DB|D4ZZR3|9.B.34.1.3	34.2	184	110	2	240	412	210	393	6.0e-23	105.1
BCW-200464_03297	gnl|TC-DB|Q6T3V6|2.A.38.1.2	42.0	479	271	7	9	484	17	491	4.7e-88	321.6
BCW-200464_03299	gnl|TC-DB|W0WKZ8|3.A.1.5.39	27.5	454	289	11	68	486	74	522	2.4e-31	133.3
BCW-200464_03300	gnl|TC-DB|O86575|3.A.1.5.34	47.8	312	156	3	26	330	45	356	1.4e-78	289.7
BCW-200464_03301	gnl|TC-DB|Q9X271|3.A.1.5.15	44.7	318	171	1	20	337	4	316	6.1e-69	257.7
BCW-200464_03302	gnl|TC-DB|P42063|3.A.1.5.20	38.6	285	173	1	9	291	9	293	7.0e-50	194.1
BCW-200464_03303	gnl|TC-DB|P33591|3.A.1.5.3	35.6	306	193	3	5	309	5	307	5.8e-47	184.5
BCW-200464_03305	gnl|TC-DB|Q7WTJ2|5.B.1.3.2	32.9	334	215	6	6	332	5	336	1.5e-45	179.9
BCW-200464_03306	gnl|TC-DB|Q8ZRG7|3.A.3.5.20	68.4	751	233	2	76	825	10	757	1.7e-279	958.4
BCW-200464_03315	gnl|TC-DB|Q9A8I8|1.B.33.1.4	32.7	159	99	5	16	172	3	155	3.3e-15	78.2
BCW-200464_03316	gnl|TC-DB|O68460|3.A.10.2.1	58.6	706	281	4	7	712	8	702	1.9e-191	665.6
BCW-200464_03317	gnl|TC-DB|D5AKT2|2.A.1.81.1	41.6	392	220	4	18	403	14	402	4.2e-66	248.4
BCW-200464_03333	gnl|TC-DB|O07488|2.A.53.3.1	64.3	479	169	1	8	486	7	483	9.4e-161	563.1
BCW-200464_03337	gnl|TC-DB|O34929|2.A.1.26.2	22.3	349	254	6	34	371	33	375	3.6e-12	69.3
BCW-200464_03346	gnl|TC-DB|C9VRY8|2.A.86.1.5	53.1	224	99	2	16	233	434	657	1.5e-58	222.6
BCW-200464_03347	gnl|TC-DB|C9VRY8|2.A.86.1.5	67.8	367	118	0	6	372	38	404	9.0e-127	449.9
BCW-200464_03352	gnl|TC-DB|P18775|5.A.3.3.2	24.5	771	456	25	36	711	52	791	1.7e-44	177.6
BCW-200464_03354	gnl|TC-DB|D1F3T8|2.A.1.3.42	29.3	304	207	4	2	301	25	324	5.4e-29	124.8
BCW-200464_03360	gnl|TC-DB|Q6ADZ6|4.F.1.1.7	34.1	185	101	6	6	183	4	174	4.6e-18	87.8
BCW-200464_03369	gnl|TC-DB|Q83XH1|3.A.1.121.4	30.5	512	344	6	1	502	1	510	5.5e-65	245.4
BCW-200464_03375	gnl|TC-DB|Q1J0W6|9.B.34.1.1	39.4	165	93	4	175	339	190	347	1.6e-21	100.1
BCW-200464_03380	gnl|TC-DB|Q215S1|1.B.42.1.4	38.2	802	440	9	20	777	42	831	9.2e-134	474.2
BCW-200464_03390	gnl|TC-DB|Q6UKY4|3.D.1.6.4	57.1	70	30	0	4	73	52	121	2.1e-14	74.3
BCW-200464_03393	gnl|TC-DB|P0A9T4|8.A.5.1.5	47.0	349	177	5	1	346	1	344	2.0e-85	312.4
BCW-200464_03399	gnl|TC-DB|Q9RQ30|8.A.1.1.2	36.9	309	180	7	42	346	61	358	5.7e-27	118.2
BCW-200464_03400	gnl|TC-DB|Q9KIH3|2.A.1.3.18	24.4	525	376	8	43	559	3	514	8.8e-25	111.7
BCW-200464_03412	gnl|TC-DB|P08550|9.B.160.1.16	32.6	132	82	2	7	135	5	132	6.4e-12	67.4
BCW-200464_03421	gnl|TC-DB|O68827|2.A.7.7.1	30.0	293	196	4	15	302	4	292	1.5e-31	133.3
BCW-200464_03425	gnl|TC-DB|Q9ZDW0|3.A.1.210.3	50.0	590	286	2	12	601	13	593	1.2e-163	573.2
BCW-200464_03429	gnl|TC-DB|D4ZZR3|9.B.34.1.3	34.7	219	131	7	233	442	178	393	8.8e-20	94.7
BCW-200464_03439	gnl|TC-DB|P0C0S1|1.A.23.2.1	30.6	242	167	1	21	262	22	262	6.8e-28	120.9
BCW-200464_03440	gnl|TC-DB|O05703|3.A.1.15.3	50.0	182	89	2	46	225	320	501	3.4e-49	191.4
BCW-200464_03441	gnl|TC-DB|A7NLS3|3.A.1.17.7	32.6	242	157	3	29	264	32	273	7.5e-27	117.5
BCW-200464_03442	gnl|TC-DB|Q47538|3.A.1.17.1	39.8	231	125	3	4	232	1	219	5.9e-45	177.6
BCW-200464_03445	gnl|TC-DB|F7X0P7|9.B.110.2.1	49.1	936	441	8	2	921	39	955	1.2e-225	779.6
BCW-200464_03449	gnl|TC-DB|Q9I458|2.A.1.11.2	44.9	392	212	1	13	404	8	395	3.5e-89	325.1
BCW-200464_03466	gnl|TC-DB|Q92R60|1.B.70.1.11	52.4	378	133	5	1	364	1	345	2.9e-103	371.7
BCW-200464_03467	gnl|TC-DB|Q92R60|1.B.70.1.11	52.3	377	135	6	1	364	1	345	3.9e-103	371.3
BCW-200464_03469	gnl|TC-DB|P54933|3.A.1.1.5	57.4	94	40	0	1	94	239	332	5.2e-28	119.8
BCW-200464_03470	gnl|TC-DB|Q9KWT9|3.A.1.1.10	56.6	357	144	5	1	349	2	355	7.6e-104	373.6
BCW-200464_03471	gnl|TC-DB|G4FGN6|3.A.1.1.41	37.4	278	168	2	1	276	5	278	1.3e-47	186.4
BCW-200464_03472	gnl|TC-DB|G4FGN7|3.A.1.1.41	36.1	288	177	3	21	304	1	285	4.6e-44	174.9
BCW-200464_03473	gnl|TC-DB|Q8KN19|3.A.1.1.33	24.9	381	260	10	31	403	62	424	7.0e-16	81.6
BCW-200464_03477	gnl|TC-DB|Q5FA63|3.A.1.15.10	43.2	317	163	5	13	328	6	306	1.4e-51	199.9
BCW-200464_03478	gnl|TC-DB|A1IQK4|3.A.1.15.10	52.1	286	136	1	3	287	5	290	6.6e-74	273.9
BCW-200464_03479	gnl|TC-DB|A1IQK5|3.A.1.15.10	42.6	235	132	2	10	242	17	250	3.7e-45	178.3
BCW-200464_03480	gnl|TC-DB|P94400|9.B.10.1.1	51.1	395	186	7	1	392	1	391	1.6e-102	369.4
BCW-200464_03481	gnl|TC-DB|B1J6T5|9.B.27.3.3	60.3	136	52	2	10	144	7	141	3.8e-38	154.1
BCW-200464_03483	gnl|TC-DB|P94400|9.B.10.1.1	27.8	381	212	18	22	354	1	366	1.6e-19	93.6
BCW-200464_03484	gnl|TC-DB|P0AG80|3.A.1.1.3	46.3	434	226	6	1	430	1	431	9.6e-109	390.2
BCW-200464_03485	gnl|TC-DB|P10905|3.A.1.1.3	55.6	288	128	0	5	292	7	294	5.9e-86	313.9
BCW-200464_03486	gnl|TC-DB|P10906|3.A.1.1.3	58.2	282	117	1	1	282	1	281	4.3e-86	314.3
BCW-200464_03487	gnl|TC-DB|P10907|3.A.1.1.3	52.5	362	156	5	1	352	1	356	2.6e-96	348.6
BCW-200464_03490	gnl|TC-DB|Q8KJH6|1.B.39.1.5	64.1	231	79	4	1	228	1	230	7.1e-79	290.0
BCW-200464_03492	gnl|TC-DB|Q9I458|2.A.1.11.2	25.4	397	270	7	19	413	7	379	4.5e-18	89.0
BCW-200464_03498	gnl|TC-DB|A6VKS9|3.A.1.2.13	37.0	300	181	3	27	326	20	311	4.2e-40	161.8
BCW-200464_03499	gnl|TC-DB|P37388|3.A.1.2.4	41.0	503	280	7	10	498	2	501	9.8e-105	377.1
BCW-200464_03501	gnl|TC-DB|Q8Y3H0|2.A.6.2.45	61.5	1001	382	3	1	998	1	1001	0.0e+00	1174.1
BCW-200464_03502	gnl|TC-DB|P0AE06|8.A.1.6.1	47.5	381	199	1	8	388	12	391	1.9e-87	319.3
BCW-200464_03506	gnl|TC-DB|D4ZZR3|9.B.34.1.3	28.7	289	181	10	115	392	121	395	1.4e-18	91.3
BCW-200464_03508	gnl|TC-DB|P46889|3.A.12.1.2	52.0	502	219	9	398	895	841	1324	2.9e-131	466.1
BCW-200464_03509	gnl|TC-DB|P33950|3.A.1.5.27	27.3	531	327	15	12	502	3	514	6.8e-40	161.8
BCW-200464_03510	gnl|TC-DB|O30543|3.A.1.5.4	37.5	312	176	4	11	322	8	300	1.9e-40	162.9
BCW-200464_03511	gnl|TC-DB|O86571|3.A.1.5.34	35.8	288	161	5	6	269	42	329	1.2e-27	120.2
BCW-200464_03512	gnl|TC-DB|Q2FZR5|3.A.1.5.19	40.2	264	144	3	6	258	5	265	9.2e-46	180.3
BCW-200464_03513	gnl|TC-DB|P75796|3.A.1.5.11	46.6	234	125	0	20	253	335	568	2.6e-53	205.3
BCW-200464_03519	gnl|TC-DB|P39325|3.A.1.2.25	68.4	313	97	2	8	319	7	318	5.2e-112	400.6
BCW-200464_03520	gnl|TC-DB|Q6BEX0|3.A.1.2.25	58.8	493	201	1	7	499	9	499	4.8e-168	587.4
BCW-200464_03521	gnl|TC-DB|P39328|3.A.1.2.25	61.3	315	122	0	13	327	23	337	4.5e-93	337.8
BCW-200464_03522	gnl|TC-DB|P37772|3.A.1.2.25	61.1	316	122	1	5	319	4	319	2.1e-100	362.1
BCW-200464_03534	gnl|TC-DB|Q01937|3.A.1.1.4	54.9	326	142	2	1	321	1	326	2.4e-97	352.1
BCW-200464_03535	gnl|TC-DB|G4FGN6|3.A.1.1.41	31.1	270	183	2	15	281	8	277	1.4e-36	149.8
BCW-200464_03536	gnl|TC-DB|O51924|3.A.1.1.7	27.2	268	194	1	38	305	28	294	8.5e-27	117.5
BCW-200464_03537	gnl|TC-DB|Q9L027|3.A.1.1.21	30.4	293	195	5	63	352	62	348	9.8e-29	124.4
BCW-200464_03541	gnl|TC-DB|Q9MUK5|3.A.9.1.1	43.2	148	81	2	70	216	61	206	5.2e-25	112.1
BCW-200464_03542	gnl|TC-DB|Q1J0W6|9.B.34.1.1	34.4	163	93	5	321	480	190	341	4.3e-11	66.6
BCW-200464_03543	gnl|TC-DB|Q9I402|3.A.1.3.22	38.3	269	164	2	27	294	29	296	1.8e-50	196.1
BCW-200464_03544	gnl|TC-DB|Q9I402|3.A.1.3.22	45.7	278	139	6	29	300	29	300	1.6e-59	226.1
BCW-200464_03550	gnl|TC-DB|Q9KR64|2.A.56.1.6	35.4	297	190	2	5	299	1	297	2.6e-42	169.1
BCW-200464_03552	gnl|TC-DB|B9TSM9|2.A.56.1.6	41.1	457	227	1	5	461	5	419	7.4e-83	304.3
BCW-200464_03557	gnl|TC-DB|P37676|2.A.56.1.2	27.3	245	177	1	54	297	46	290	1.5e-29	126.7
BCW-200464_03558	gnl|TC-DB|B9TSM9|2.A.56.1.6	34.5	365	233	4	243	602	48	411	8.8e-44	174.9
BCW-200464_03559	gnl|TC-DB|P75796|3.A.1.5.11	57.5	614	253	4	3	610	1	612	2.9e-188	654.8
BCW-200464_03564	gnl|TC-DB|W0WMS8|3.A.1.5.39	42.0	293	156	3	10	288	8	300	8.0e-51	197.2
BCW-200464_03565	gnl|TC-DB|W0WN20|3.A.1.5.39	42.7	323	164	2	1	302	12	334	4.0e-61	231.5
BCW-200464_03566	gnl|TC-DB|P75797|3.A.1.5.11	27.3	521	324	14	1	492	1	495	4.3e-28	122.5
BCW-200464_03568	gnl|TC-DB|Q27SU9|1.B.18.2.2	54.6	392	174	3	6	396	11	399	4.6e-118	421.0
BCW-200464_03570	gnl|TC-DB|Q9I0V7|2.A.6.2.39	43.8	1014	565	3	7	1016	8	1020	3.3e-224	775.0
BCW-200464_03574	gnl|TC-DB|P76187|8.A.5.1.7	44.8	288	154	4	11	296	13	297	1.6e-59	226.1
BCW-200464_03577	gnl|TC-DB|Q9KWT9|3.A.1.1.10	52.2	362	169	3	1	358	2	363	8.4e-103	370.2
BCW-200464_03578	gnl|TC-DB|G4FGN8|3.A.1.1.41	36.7	379	230	6	44	415	34	409	2.7e-60	229.2
BCW-200464_03579	gnl|TC-DB|Q72H67|3.A.1.1.25	40.2	286	167	2	16	299	2	285	1.8e-53	206.1
BCW-200464_03580	gnl|TC-DB|G4FGN6|3.A.1.1.41	38.5	278	169	1	10	285	1	278	4.4e-54	208.0
BCW-200464_03582	gnl|TC-DB|Q9CLG9|3.A.1.17.6	42.9	233	133	0	12	244	19	251	1.5e-48	189.5
BCW-200464_03583	gnl|TC-DB|Q9CLH1|3.A.1.17.6	51.9	316	149	2	1	314	1	315	2.1e-89	325.5
BCW-200464_03592	gnl|TC-DB|Q9KN48|3.A.23.1.1	34.8	400	211	6	79	433	123	517	1.7e-52	203.4
BCW-200464_03593	gnl|TC-DB|Q9HV74|2.A.21.9.1	36.0	242	139	7	381	612	740	975	4.3e-22	102.8
BCW-200464_03594	gnl|TC-DB|Q01857|2.A.23.1.3	82.9	444	68	2	6	448	8	444	3.7e-196	680.6
BCW-200464_03595	gnl|TC-DB|P29939|2.A.7.2.1	72.1	136	38	0	7	142	4	139	3.6e-52	200.7
BCW-200464_03601	gnl|TC-DB|P37651|4.D.3.1.6	33.9	186	109	7	9	188	6	183	4.1e-17	85.5
BCW-200464_03603	gnl|TC-DB|Q3J125|4.D.3.1.5	44.7	702	374	6	9	700	23	720	4.8e-153	538.1
BCW-200464_03615	gnl|TC-DB|Q54456|3.A.1.110.6	41.5	547	316	4	188	732	24	568	8.0e-108	387.9
BCW-200464_03616	gnl|TC-DB|C1DS85|8.A.1.3.3	31.6	450	276	9	16	451	9	440	2.3e-52	203.0
BCW-200464_03619	gnl|TC-DB|Q02728|1.B.18.1.1	48.7	417	212	1	2	418	7	421	8.1e-81	297.4
BCW-200464_03620	gnl|TC-DB|H8E4X1|9.B.18.1.2	44.0	191	104	1	29	219	330	517	7.3e-44	173.7
BCW-200464_03623	gnl|TC-DB|M3JA40|1.B.52.2.1	35.8	162	90	4	444	591	299	460	5.8e-11	65.9
BCW-200464_03632	gnl|TC-DB|Q8L126|3.A.1.1.19	97.1	421	12	0	1	421	22	442	3.1e-237	817.0
BCW-200464_03633	gnl|TC-DB|Q8L125|3.A.1.1.19	97.8	324	7	0	1	324	1	324	4.2e-178	620.2
BCW-200464_03634	gnl|TC-DB|Q9R9Q5|3.A.1.1.17	77.3	273	62	0	5	277	4	276	1.5e-107	385.6
BCW-200464_03635	gnl|TC-DB|Q8L122|3.A.1.1.19	92.1	292	23	0	51	342	35	326	3.8e-153	537.3
BCW-200464_03643	gnl|TC-DB|P10907|3.A.1.1.3	50.0	354	159	4	15	362	15	356	1.0e-92	336.7
BCW-200464_03644	gnl|TC-DB|Q88P36|3.A.1.1.30	47.2	286	140	2	28	313	7	281	4.4e-71	264.6
BCW-200464_03645	gnl|TC-DB|Q88P37|3.A.1.1.30	42.3	279	161	0	20	298	22	300	7.6e-65	243.8
BCW-200464_03646	gnl|TC-DB|Q88P38|3.A.1.1.30	38.3	347	204	7	4	342	7	351	2.7e-57	219.2
BCW-200464_03652	gnl|TC-DB|P74223|2.A.56.3.1	29.3	242	155	8	29	263	63	295	2.0e-11	66.2
BCW-200464_03653	gnl|TC-DB|P35114|3.A.1.3.5	32.6	218	131	4	33	239	16	228	6.8e-19	90.9
BCW-200464_03655	gnl|TC-DB|Q9F3K7|3.A.1.3.24	53.4	247	107	3	17	255	3	249	5.6e-67	250.8
BCW-200464_03662	gnl|TC-DB|D5ATK0|2.A.56.3.4	47.9	169	88	0	1	169	1	169	8.4e-43	169.9
BCW-200464_03663	gnl|TC-DB|D5ATK1|2.A.56.3.4	46.1	529	204	4	7	456	10	536	1.2e-112	403.3
BCW-200464_03664	gnl|TC-DB|D5ALT6|2.A.56.3.4	66.8	365	121	0	1	365	1	365	2.2e-146	515.0
BCW-200464_03666	gnl|TC-DB|A8H4W6|3.A.1.2.15	40.6	340	186	5	13	339	9	345	1.0e-57	220.3
BCW-200464_03667	gnl|TC-DB|P0AAG8|3.A.1.2.3	50.8	496	241	2	19	512	9	503	1.7e-141	499.2
BCW-200464_03668	gnl|TC-DB|P02925|3.A.1.2.1	28.0	304	205	6	1	300	3	296	1.3e-27	120.2
BCW-200464_03670	gnl|TC-DB|P42061|3.A.1.5.20	26.0	446	281	14	75	494	88	510	5.9e-28	122.1
BCW-200464_03672	gnl|TC-DB|Q9F9T4|3.A.1.5.23	41.6	558	290	7	2	527	15	568	3.0e-112	402.1
BCW-200464_03673	gnl|TC-DB|W0WMS8|3.A.1.5.39	40.5	269	153	2	8	269	32	300	1.2e-48	189.9
BCW-200464_03674	gnl|TC-DB|P75798|3.A.1.5.11	41.5	311	174	1	12	322	1	303	3.0e-54	208.8
BCW-200464_03676	gnl|TC-DB|O05694|3.A.1.110.3	39.0	426	260	0	12	437	10	435	1.5e-82	303.1
BCW-200464_03677	gnl|TC-DB|O05693|3.A.1.110.3	51.3	565	268	3	26	590	7	564	6.6e-156	547.4
BCW-200464_03679	gnl|TC-DB|Q1R209|1.B.14.7.1	27.7	329	179	9	644	930	442	753	2.8e-25	114.0
BCW-200464_03682	gnl|TC-DB|P15031|3.A.1.14.1	33.9	254	155	7	4	246	3	254	1.9e-32	136.0
BCW-200464_03683	gnl|TC-DB|Q93SS2|3.A.1.14.19	35.8	338	201	4	33	354	15	352	8.8e-44	174.1
BCW-200464_03688	gnl|TC-DB|P07821|3.A.1.14.3	39.5	248	146	1	8	251	17	264	1.3e-44	176.4
BCW-200464_03689	gnl|TC-DB|P15029|3.A.1.14.1	36.5	277	172	2	63	339	46	318	2.6e-37	152.5
BCW-200464_03703	gnl|TC-DB|Q92NF1|3.A.1.5.17	35.9	527	332	5	13	536	6	529	5.0e-83	305.1
BCW-200464_03704	gnl|TC-DB|P75798|3.A.1.5.11	32.7	312	202	1	5	316	1	304	9.0e-40	160.6
BCW-200464_03705	gnl|TC-DB|Q92NE9|3.A.1.5.17	42.3	248	142	1	25	272	13	259	1.9e-49	192.6
BCW-200464_03706	gnl|TC-DB|Q92NE8|3.A.1.5.17	46.4	543	275	5	1	538	1	532	4.0e-136	481.5
BCW-200464_03710	gnl|TC-DB|P0AEM9|3.A.1.3.10	29.1	220	142	7	75	292	52	259	7.1e-13	71.2
BCW-200464_03711	gnl|TC-DB|Q9F3K7|3.A.1.3.24	62.2	249	94	0	355	603	5	253	1.1e-86	317.4
BCW-200464_03725	gnl|TC-DB|Q0P844|3.A.1.5.28	29.3	482	284	16	68	523	50	500	2.1e-41	166.8
BCW-200464_03726	gnl|TC-DB|W0WN20|3.A.1.5.39	42.0	333	177	4	11	329	6	336	1.4e-56	216.5
BCW-200464_03727	gnl|TC-DB|W0WMS8|3.A.1.5.39	36.2	279	172	2	53	325	20	298	1.5e-42	169.9
BCW-200464_03728	gnl|TC-DB|Q9F350|3.A.1.5.35	51.1	323	144	5	4	316	2	320	1.4e-83	306.2
BCW-200464_03729	gnl|TC-DB|P42065|3.A.1.5.20	54.1	296	131	2	18	308	31	326	7.6e-92	333.6
BCW-200464_03730	gnl|TC-DB|P77735|8.A.5.1.6	35.1	319	191	4	2	310	1	313	2.6e-48	189.1
BCW-200464_03734	gnl|TC-DB|Q0P844|3.A.1.5.28	28.7	450	276	13	66	495	50	474	8.8e-40	161.4
BCW-200464_03743	gnl|TC-DB|P75797|3.A.1.5.11	26.6	492	318	14	8	487	8	468	2.3e-24	110.2
BCW-200464_03744	gnl|TC-DB|Q2FZR4|3.A.1.5.19	42.5	252	135	4	3	245	6	256	7.4e-53	203.8
BCW-200464_03745	gnl|TC-DB|P26905|3.A.1.5.2	47.1	278	138	6	1	271	1	276	2.1e-61	232.3
BCW-200464_03746	gnl|TC-DB|W0WMS8|3.A.1.5.39	47.9	267	131	4	34	293	36	301	1.1e-60	229.9
BCW-200464_03747	gnl|TC-DB|P77308|3.A.1.5.38	43.0	321	182	1	18	338	14	333	6.0e-74	274.2
BCW-200464_03752	gnl|TC-DB|E7BBJ1|9.B.102.5.2	50.4	129	61	2	7	133	13	140	2.6e-28	121.3
BCW-200464_03753	gnl|TC-DB|E7BBJ2|9.B.102.5.5	50.0	132	65	1	9	140	3	133	9.5e-29	122.9
BCW-200464_03771	gnl|TC-DB|Q7BSH5|3.A.1.2.9	85.7	329	47	0	8	336	3	331	3.0e-158	554.3
BCW-200464_03772	gnl|TC-DB|Q7BSH4|3.A.1.2.9	80.9	493	93	1	10	501	20	512	7.9e-224	772.7
BCW-200464_03773	gnl|TC-DB|Q7BSH3|3.A.1.2.9	75.7	333	81	0	1	333	1	333	1.1e-125	446.0
BCW-200464_03774	gnl|TC-DB|Q1M4Q8|3.A.1.2.16	31.0	316	196	5	38	333	36	349	2.4e-27	119.4
BCW-200464_03779	gnl|TC-DB|P0AAP1|9.B.34.1.2	29.7	165	115	1	221	384	205	369	5.4e-15	79.3
BCW-200464_03783	gnl|TC-DB|P16676|3.A.1.6.1	54.1	281	126	2	1	278	1	281	7.3e-88	320.5
BCW-200464_03784	gnl|TC-DB|P0AEB0|3.A.1.6.1	54.3	254	116	0	23	276	22	275	2.3e-74	275.4
BCW-200464_03785	gnl|TC-DB|P16701|3.A.1.6.1	58.4	269	112	0	3	271	7	275	1.8e-81	298.9
BCW-200464_03786	gnl|TC-DB|P16700|3.A.1.6.1	54.4	318	135	4	14	324	18	332	3.0e-91	331.6
BCW-200464_03802	gnl|TC-DB|P10408|3.A.5.1.1	51.3	904	411	9	10	897	8	898	2.3e-250	861.7
BCW-200464_03803	gnl|TC-DB|A9CFB8|2.A.7.3.8	99.0	297	3	0	1	297	1	297	6.7e-154	539.7
BCW-200464_03805	gnl|TC-DB|A0YL48|2.A.66.5.3	27.0	415	300	2	44	456	27	440	3.4e-27	119.4
BCW-200464_03816	gnl|TC-DB|Q9X050|3.A.1.2.19	31.4	312	197	6	37	337	22	327	3.3e-27	119.0
BCW-200464_03817	gnl|TC-DB|Q9WXW7|3.A.1.2.18	35.6	247	151	5	17	259	14	256	1.2e-26	117.1
BCW-200464_03818	gnl|TC-DB|Q9X051|3.A.1.2.19	42.6	486	267	6	2	478	8	490	3.6e-107	385.2
BCW-200464_03831	gnl|TC-DB|B0RRI5|2.A.66.2.23	22.9	475	361	2	6	480	17	486	8.0e-27	118.2
BCW-200464_03837	gnl|TC-DB|P33698|8.A.3.1.1	37.7	774	459	10	1	756	7	775	2.2e-121	433.0
BCW-200464_03857	gnl|TC-DB|O50504|3.A.1.2.24	43.9	237	132	1	6	242	4	239	1.1e-54	209.9
BCW-200464_03858	gnl|TC-DB|A6LW12|3.A.1.2.26	36.3	427	226	7	4	429	1	382	2.7e-55	212.6
BCW-200464_03859	gnl|TC-DB|P37387|3.A.1.2.4	42.9	326	179	4	7	330	7	327	1.3e-60	229.9
BCW-200464_03868	gnl|TC-DB|Q57079|3.B.1.1.2	57.3	506	212	2	5	510	8	509	5.7e-169	590.5
BCW-200464_03888	gnl|TC-DB|P0A9R7|3.A.1.140.1	42.8	215	123	0	1	215	1	215	9.9e-46	179.9
BCW-200464_03916	gnl|TC-DB|P94400|9.B.10.1.1	31.2	253	134	8	5	225	3	247	1.3e-21	100.5
BCW-200464_03927	gnl|TC-DB|852074676|1.C.75.1.3	44.0	293	155	5	29	320	11	295	2.9e-58	224.9
BCW-200464_03929	gnl|TC-DB|Q3YL97|1.B.20.1.3	30.8	529	350	6	72	600	49	561	2.0e-67	253.4
BCW-200464_03943	gnl|TC-DB|O51236|3.A.1.7.5	55.2	261	114	2	11	271	3	260	4.3e-83	304.3
BCW-200464_03944	gnl|TC-DB|C3KCB6|3.A.1.7.3	31.3	217	138	3	217	427	76	287	8.1e-23	104.8
BCW-200464_03945	gnl|TC-DB|O51234|3.A.1.7.5	28.8	292	189	4	185	474	9	283	4.4e-25	112.5
BCW-200464_03957	gnl|TC-DB|Q8G8W9|1.B.14.1.26	36.8	720	406	21	29	723	113	808	4.8e-113	405.2
BCW-200464_03958	gnl|TC-DB|Q55534|3.A.1.10.2	39.6	530	319	1	40	569	18	546	2.6e-101	365.9
BCW-200464_03959	gnl|TC-DB|Q55835|3.A.1.10.2	37.4	318	184	6	26	336	36	345	6.8e-54	207.6
BCW-200464_03960	gnl|TC-DB|Q82VN5|3.A.1.10.4	43.2	296	160	2	4	291	2	297	2.0e-64	242.7
BCW-200464_03961	gnl|TC-DB|P69451|4.C.1.1.4	57.5	555	228	4	16	568	3	551	2.3e-179	625.2
BCW-200464_03972	gnl|TC-DB|Q7AKP1|3.A.1.1.44	23.3	317	214	8	45	352	52	348	3.6e-15	79.3
BCW-200464_03973	gnl|TC-DB|D6ZW62|3.A.1.1.48	31.5	273	175	6	11	273	45	315	1.2e-27	120.2
BCW-200464_03974	gnl|TC-DB|Q8NMV4|3.A.1.1.45	27.3	242	153	8	65	298	44	270	5.7e-15	78.2
BCW-200464_03975	gnl|TC-DB|O30494|3.A.1.1.49	43.9	383	183	8	5	376	3	364	6.9e-79	290.8
BCW-200464_03979	gnl|TC-DB|M3JA40|1.B.52.2.1	52.1	71	34	0	451	521	280	350	1.2e-12	71.6
BCW-200464_03981	gnl|TC-DB|P25714|2.A.9.3.1	29.6	513	296	16	88	575	61	533	2.7e-61	233.0
BCW-200464_03991	gnl|TC-DB|M3JA40|1.B.52.2.1	64.0	50	18	0	590	639	290	339	7.6e-11	65.9
BCW-200464_04005	gnl|TC-DB|P0A2L3|9.A.40.1.2	31.4	318	173	6	30	342	2	279	4.7e-35	145.2
BCW-200464_04017	gnl|TC-DB|P37169|2.A.66.4.1	32.6	513	325	6	1	505	14	513	2.2e-62	236.5
BCW-200464_04030	gnl|TC-DB|P0A9V1|1.B.42.1.2	57.7	239	100	1	32	269	3	241	2.3e-76	282.0
BCW-200464_04033	gnl|TC-DB|Q1LZ59|4.A.2.1.7	36.4	151	94	2	1	149	1	151	6.5e-20	93.6
BCW-200464_04034	gnl|TC-DB|P38523|3.A.8.1.1	41.0	166	94	3	26	189	62	225	1.3e-26	116.3
BCW-200464_04055	gnl|TC-DB|P10907|3.A.1.1.3	53.9	356	157	3	1	349	1	356	1.5e-99	359.4
BCW-200464_04056	gnl|TC-DB|P10906|3.A.1.1.3	43.7	284	153	3	1	280	1	281	3.2e-65	245.0
BCW-200464_04057	gnl|TC-DB|P10905|3.A.1.1.3	41.7	290	169	0	32	321	5	294	6.1e-60	227.6
BCW-200464_04058	gnl|TC-DB|P0AG80|3.A.1.1.3	35.6	438	270	8	2	430	1	435	1.4e-72	270.0
BCW-200464_04067	gnl|TC-DB|Q9SK66|3.D.1.6.3	33.5	316	203	5	9	317	70	385	3.8e-41	165.2
BCW-200464_04078	gnl|TC-DB|Q3J192|9.A.24.1.2	33.6	146	95	1	7	150	6	151	3.5e-18	87.8
BCW-200464_04087	gnl|TC-DB|Q6SJ76|2.A.7.3.67	66.1	274	93	0	10	283	7	280	6.6e-98	353.6
BCW-200464_04097	gnl|TC-DB|P80874|8.A.5.1.4	33.8	317	183	9	1	306	1	301	4.0e-32	135.2
BCW-200464_04100	gnl|TC-DB|P77735|8.A.5.1.6	34.8	336	189	12	1	320	1	322	3.2e-40	162.2
BCW-200464_04109	gnl|TC-DB|M8ABW0|2.A.89.2.2	97.2	326	9	0	1	326	1	326	6.8e-176	612.8
BCW-200464_04111	gnl|TC-DB|D5ALT6|2.A.56.3.4	62.9	367	134	2	1	367	1	365	3.5e-136	481.1
BCW-200464_04126	gnl|TC-DB|P96668|2.A.7.3.24	68.0	291	89	1	1	291	1	287	2.1e-107	385.2
BCW-200464_04156	gnl|TC-DB|P46482|8.A.1.7.1	36.0	292	185	2	3	294	1	290	1.6e-43	172.9
BCW-200464_04158	gnl|TC-DB|E0LV84|2.A.85.1.4	26.1	689	441	14	8	646	5	675	4.9e-48	189.1
BCW-200464_04168	gnl|TC-DB|O50454|3.A.1.1.31	52.7	387	156	7	1	360	1	387	1.4e-100	362.8
BCW-200464_04169	gnl|TC-DB|Q9KZ08|3.A.1.1.44	32.7	275	183	2	2	276	30	302	1.3e-39	159.8
BCW-200464_04170	gnl|TC-DB|O51924|3.A.1.1.7	39.0	287	158	6	20	300	17	292	1.5e-44	176.4
BCW-200464_04171	gnl|TC-DB|Q9L027|3.A.1.1.21	26.5	302	187	12	72	349	76	366	4.0e-11	65.9
BCW-200464_04180	gnl|TC-DB|Q7D911|3.A.1.125.2	25.5	836	563	19	16	796	23	853	3.7e-42	169.9
BCW-200464_04181	gnl|TC-DB|O53899|3.A.1.125.2	44.7	219	118	1	2	217	6	224	4.4e-46	181.0
BCW-200464_04190	gnl|TC-DB|P10346|3.A.1.3.2	52.5	238	111	1	266	501	2	239	6.3e-64	241.5
BCW-200464_04191	gnl|TC-DB|P30860|3.A.1.3.3	27.1	236	165	3	34	265	10	242	2.4e-20	95.9
BCW-200464_04221	gnl|TC-DB|Q93J93|3.A.1.1.36	37.4	294	170	7	28	316	32	316	1.1e-45	180.3
BCW-200464_04222	gnl|TC-DB|Q9WYR1|3.A.1.1.39	35.0	243	157	1	36	277	28	270	2.8e-37	152.1
BCW-200464_04224	gnl|TC-DB|Q72L52|3.A.1.1.24	56.9	367	156	2	1	367	1	365	4.6e-112	401.0
BCW-200464_04243	gnl|TC-DB|Q51955|2.A.1.15.1	29.6	395	259	6	19	400	30	418	1.3e-41	167.2
BCW-200464_04246	gnl|TC-DB|D1F3T8|2.A.1.3.42	35.2	838	530	8	28	858	33	864	2.2e-125	446.4
BCW-200464_04249	gnl|TC-DB|P36634|3.A.1.5.5	23.8	463	310	15	79	516	83	527	1.2e-17	87.8
BCW-200464_04250	gnl|TC-DB|P77308|3.A.1.5.38	40.4	322	191	1	17	338	14	334	1.6e-66	249.6
BCW-200464_04251	gnl|TC-DB|P51000|3.A.1.5.27	42.9	275	151	1	30	298	18	292	1.4e-58	223.0
BCW-200464_04252	gnl|TC-DB|Q9F350|3.A.1.5.35	45.3	267	143	3	1	264	1	267	2.9e-58	221.9
BCW-200464_04253	gnl|TC-DB|P42065|3.A.1.5.20	44.3	235	123	3	10	237	29	262	4.8e-49	191.0
BCW-200464_04259	gnl|TC-DB|Q9KWT9|3.A.1.1.10	53.2	357	158	2	1	348	2	358	9.2e-102	366.7
BCW-200464_04260	gnl|TC-DB|O30493|3.A.1.1.49	38.5	257	148	5	27	276	23	276	1.5e-38	156.4
BCW-200464_04261	gnl|TC-DB|O51924|3.A.1.1.7	35.5	273	168	3	32	300	26	294	1.8e-48	189.5
BCW-200464_04272	gnl|TC-DB|P0AB67|3.D.2.1.1	59.9	484	162	8	1	477	1	459	7.5e-147	516.9
BCW-200464_04273	gnl|TC-DB|P07001|3.D.2.1.1	52.2	523	237	5	1	523	1	510	9.7e-140	493.4
BCW-200464_04274	gnl|TC-DB|F8SVK1|2.A.1.6.11	60.5	615	169	3	13	627	12	552	2.6e-200	694.9
BCW-200464_04277	gnl|TC-DB|Q8F8H7|2.A.53.3.8	32.1	168	101	4	34	198	569	726	1.7e-18	89.4
BCW-200464_04282	gnl|TC-DB|Q2FD81|2.A.6.2.44	69.2	1045	320	1	1	1045	1	1043	0.0e+00	1333.9
BCW-200464_04283	gnl|TC-DB|Q2FD82|2.A.6.2.44	42.5	386	211	3	1	386	1	375	1.1e-76	283.5
BCW-200464_04289	gnl|TC-DB|Q9X665|3.A.1.14.7	41.5	234	135	1	6	237	8	241	2.2e-49	192.2
BCW-200464_04291	gnl|TC-DB|P15029|3.A.1.14.1	26.8	321	229	5	1	318	1	318	8.9e-19	90.9
BCW-200464_04294	gnl|TC-DB|S5Y5N9|2.A.80.1.4	45.4	502	270	2	1	498	1	502	2.0e-118	422.5
BCW-200464_04296	gnl|TC-DB|Q9FA46|2.A.80.1.1	29.6	294	202	4	26	314	32	325	1.9e-26	116.3
BCW-200464_04306	gnl|TC-DB|Q56991|3.A.1.14.5	42.2	256	141	2	36	290	26	275	8.1e-43	170.6
BCW-200464_04307	gnl|TC-DB|O68878|3.A.1.14.21	51.2	324	151	4	33	351	1	322	1.6e-72	269.6
BCW-200464_04308	gnl|TC-DB|Q7W025|3.A.1.14.20	45.2	241	128	2	2	238	3	243	2.8e-47	185.3
BCW-200464_04317	gnl|TC-DB|Q4FKW8|2.A.7.3.37	27.8	288	206	2	5	290	8	295	9.3e-31	130.6
BCW-200464_04339	gnl|TC-DB|P21627|3.A.1.4.8	45.7	304	157	3	3	300	6	307	3.9e-61	231.5
BCW-200464_04340	gnl|TC-DB|P21628|3.A.1.4.8	51.8	336	140	5	113	445	95	411	8.4e-79	290.8
BCW-200464_04341	gnl|TC-DB|P0A9S7|3.A.1.4.1	51.2	258	116	4	21	277	5	253	8.1e-67	250.4
BCW-200464_04342	gnl|TC-DB|P21630|3.A.1.4.8	61.1	234	90	1	6	239	1	233	5.9e-76	280.4
BCW-200464_04344	gnl|TC-DB|Q9L3M3|3.A.1.4.3	86.7	360	47	1	1	359	1	360	1.8e-177	618.2
BCW-200464_04350	gnl|TC-DB|M4VKZ8|8.A.59.2.3	85.4	199	29	0	19	217	3	201	3.0e-105	378.3
BCW-200464_04352	gnl|TC-DB|Q8NRW1|3.A.1.4.5	42.9	406	217	5	5	410	27	417	2.1e-84	309.3
BCW-200464_04353	gnl|TC-DB|Q9L3S5|3.A.1.4.4	40.4	381	142	2	271	566	5	385	2.8e-68	256.1
BCW-200464_04354	gnl|TC-DB|Q9L3S4|3.A.1.4.4	40.1	312	172	2	48	354	35	336	4.1e-58	221.9
BCW-200464_04355	gnl|TC-DB|Q9L3S3|3.A.1.4.4	44.4	259	126	3	12	253	5	262	1.8e-51	199.1
BCW-200464_04357	gnl|TC-DB|Q9L3S2|3.A.1.4.4	46.0	213	112	2	17	227	7	218	1.5e-44	176.0
BCW-200464_04374	gnl|TC-DB|B4WH09|2.A.6.3.5	38.7	1061	590	11	2	1047	3	1018	1.5e-187	653.3
BCW-200464_04376	gnl|TC-DB|A7NH44|3.A.1.17.8	24.5	269	188	7	3	261	1	264	1.0e-14	77.4
BCW-200464_04377	gnl|TC-DB|A9WDS0|3.A.1.17.13	38.5	239	145	2	43	281	32	268	1.6e-38	156.4
BCW-200464_04378	gnl|TC-DB|A7NH43|3.A.1.17.8	33.3	243	141	4	42	284	37	258	2.8e-19	92.4
BCW-200464_04379	gnl|TC-DB|C0LZR9|3.A.1.17.5	48.0	223	111	3	16	235	8	228	3.2e-51	198.4
BCW-200464_04398	gnl|TC-DB|O30506|3.A.1.3.11	66.5	245	82	0	9	253	4	248	5.4e-91	330.5
BCW-200464_04399	gnl|TC-DB|O50181|3.A.1.3.11	42.5	259	143	5	1	255	1	257	8.0e-47	183.7
BCW-200464_04400	gnl|TC-DB|P52094|3.A.1.3.29	42.9	219	125	0	17	235	4	222	8.6e-43	170.2
BCW-200464_04401	gnl|TC-DB|P35114|3.A.1.3.5	44.8	210	112	1	13	222	15	220	1.1e-39	159.8
BCW-200464_04403	gnl|TC-DB|Q1D0C6|2.A.1.49.7	27.5	251	161	8	26	263	40	282	3.4e-12	69.3
BCW-200464_04404	gnl|TC-DB|M3JA40|1.B.52.2.1	57.4	68	29	0	431	498	283	350	2.3e-13	73.9
BCW-200464_04413	gnl|TC-DB|P25548|3.A.1.2.5	100.0	354	0	0	1	354	1	354	1.3e-199	691.8
BCW-200464_04414	gnl|TC-DB|O05176|3.A.1.2.5	99.8	512	1	0	1	512	1	512	2.9e-290	993.4
BCW-200464_04415	gnl|TC-DB|O05177|3.A.1.2.5	100.0	398	0	0	1	398	1	398	2.0e-214	741.1
BCW-200464_04428	gnl|TC-DB|O00571|1.I.1.1.3	43.1	383	199	5	13	377	179	560	1.8e-74	276.6
BCW-200464_04438	gnl|TC-DB|G3IME2|9.B.35.1.2	46.2	117	55	3	4	118	31	141	8.6e-20	92.8
BCW-200464_04442	gnl|TC-DB|Q2FD83|2.A.7.1.11	56.2	105	46	0	6	110	1	105	1.3e-25	112.1
BCW-200464_04447	gnl|TC-DB|A9CI11|9.B.43.1.1	99.0	420	4	0	1	420	1	420	7.0e-250	859.0
BCW-200464_04459	gnl|TC-DB|Q5P737|2.A.1.51.1	32.0	387	242	6	18	395	13	387	1.4e-34	143.7
BCW-200464_04460	gnl|TC-DB|Q08120|9.A.18.1.2	75.9	410	99	0	1	410	1	410	1.2e-185	645.6
BCW-200464_04469	gnl|TC-DB|Q07837|8.A.9.1.2	32.0	507	300	11	16	505	116	594	1.3e-73	273.9
BCW-200464_04473	gnl|TC-DB|C0QCR7|8.A.59.4.1	38.6	145	82	3	167	304	393	537	1.1e-21	100.5
BCW-200464_04477	gnl|TC-DB|Q92N43|1.B.14.2.7	48.2	760	360	13	3	746	2	743	5.0e-190	661.0
BCW-200464_04483	gnl|TC-DB|Q7CXG0|3.A.1.12.13	98.4	317	5	0	1	317	1	317	5.4e-178	619.8
BCW-200464_04484	gnl|TC-DB|Q7CXG1|3.A.1.12.13	98.2	283	5	0	1	283	61	343	1.8e-148	521.5
BCW-200464_04485	gnl|TC-DB|A9CI32|3.A.1.12.13	98.6	348	5	0	1	348	1	348	1.0e-190	662.1
BCW-200464_04488	gnl|TC-DB|Q9L3M3|3.A.1.4.3	45.6	360	195	1	1	360	1	359	8.7e-87	317.0
BCW-200464_04490	gnl|TC-DB|Q92N44|2.A.4.7.7	70.0	300	90	0	1	300	1	300	6.8e-114	406.8
BCW-200464_04493	gnl|TC-DB|Q98CY5|2.A.99.1.3	47.2	193	96	2	3	194	5	192	4.4e-37	151.0
BCW-200464_04499	gnl|TC-DB|A6WDE3|2.A.46.1.3	43.4	387	200	3	8	387	11	385	2.4e-74	275.8
BCW-200464_04507	gnl|TC-DB|O34691|2.A.1.82.4	33.8	420	247	4	19	436	9	399	2.1e-55	213.0
BCW-200464_04520	gnl|TC-DB|P0AF43|2.A.58.2.1	35.3	533	341	3	5	534	2	533	1.5e-79	293.5
BCW-200464_04523	gnl|TC-DB|Q2G2M9|3.A.1.106.2	32.1	574	363	11	40	602	20	577	2.3e-68	256.5
BCW-200464_04524	gnl|TC-DB|Q1LRE9|3.A.1.210.9	34.2	609	359	12	43	636	25	606	3.0e-74	276.2
BCW-200464_04525	gnl|TC-DB|F8CVI0|1.B.52.2.2	64.4	59	21	0	420	478	232	290	1.7e-13	74.3
BCW-200464_04527	gnl|TC-DB|P05417|3.D.3.1.1	60.0	190	73	3	4	192	3	190	1.2e-60	229.2
BCW-200464_04528	gnl|TC-DB|P05418|3.D.3.1.1	57.8	422	160	3	4	408	6	426	7.4e-146	513.5
BCW-200464_04529	gnl|TC-DB|P00125|3.D.3.2.1	42.6	270	132	3	17	286	62	308	1.7e-56	216.1
BCW-200464_04544	gnl|TC-DB|M3JA40|1.B.52.2.1	29.1	213	132	3	545	742	252	460	4.5e-13	73.2
BCW-200464_04545	gnl|TC-DB|P77757|4.D.2.1.8	28.1	221	151	4	8	226	11	225	1.8e-19	92.8
BCW-200464_04546	gnl|TC-DB|A0M0P7|2.A.123.4.1	37.5	80	50	0	21	100	128	207	1.1e-15	79.0
BCW-200464_04565	gnl|TC-DB|Q9UYQ7|2.A.7.3.47	31.2	272	175	3	1	272	9	268	1.4e-26	116.7
BCW-200464_04569	gnl|TC-DB|P31801|2.A.19.1.1	30.9	362	237	6	8	365	13	365	9.1e-36	147.5
BCW-200464_04583	gnl|TC-DB|D4ZZR3|9.B.34.1.3	38.4	211	112	8	173	373	191	393	2.3e-21	99.8
BCW-200464_04590	gnl|TC-DB|M3JA40|1.B.52.2.1	36.6	175	95	3	523	682	287	460	4.9e-14	76.3
BCW-200464_04591	gnl|TC-DB|Q9F5N7|2.A.66.1.9	34.3	440	279	3	20	455	19	452	1.9e-54	209.9
BCW-200464_04605	gnl|TC-DB|A8INA9|1.B.4.2.12	37.6	234	120	7	1	209	1	233	4.4e-27	117.9
BCW-200464_04610	gnl|TC-DB|Q5ZYB5|3.A.7.9.1	32.7	397	256	5	27	418	15	405	7.9e-50	194.5
BCW-200464_04614	gnl|TC-DB|Q1M7Q1|3.A.1.11.6	46.7	349	180	4	3	345	5	353	9.2e-78	287.0
BCW-200464_04620	gnl|TC-DB|Q53148|2.A.3.5.1	41.1	487	256	11	7	490	21	479	4.5e-86	315.1
BCW-200464_04627	gnl|TC-DB|P76628|2.A.1.36.3	32.3	378	252	1	16	393	8	381	1.0e-40	164.1
BCW-200464_04636	gnl|TC-DB|P43672|3.A.1.120.6	35.7	524	324	5	9	523	6	525	8.7e-91	330.9
BCW-200464_04657	gnl|TC-DB|P0A6W3|9.B.146.1.6	50.4	367	174	4	1	366	1	360	3.6e-93	338.2
BCW-200464_04659	gnl|TC-DB|P0ABG4|2.A.103.1.1	28.8	365	246	5	18	370	45	407	2.4e-39	159.5
BCW-200464_04664	gnl|TC-DB|P37643|2.A.1.6.10	54.9	417	182	2	21	431	18	434	1.2e-124	443.0
BCW-200464_04670	gnl|TC-DB|Q9A6U9|1.B.33.1.4	38.4	255	153	1	8	262	11	261	1.6e-48	189.5
BCW-200464_04675	gnl|TC-DB|A4FP84|2.A.7.3.11	33.9	310	179	7	15	307	10	310	1.5e-31	133.3
BCW-200464_04693	gnl|TC-DB|Q8RPR1|3.A.1.12.7	52.3	308	145	1	7	312	2	309	3.0e-88	321.6
BCW-200464_04699	gnl|TC-DB|Q9HW27|2.A.6.2.33	35.9	1019	621	14	12	1013	1	1004	3.6e-146	515.8
BCW-200464_04712	gnl|TC-DB|B2GH49|9.B.160.1.10	30.8	172	103	6	100	264	214	376	3.4e-12	69.7
BCW-200464_04722	gnl|TC-DB|P80874|8.A.5.1.4	40.2	204	105	6	12	201	9	209	5.7e-30	127.9
BCW-200464_04741	gnl|TC-DB|M4VB92|3.A.1.20.4	33.4	467	302	4	59	523	45	504	2.5e-48	189.9
BCW-200464_04742	gnl|TC-DB|Q8TZQ3|3.A.1.1.16	45.9	279	142	2	16	285	14	292	1.8e-62	236.1
BCW-200464_04744	gnl|TC-DB|P76330|9.B.34.1.4	39.1	161	95	2	414	571	401	561	2.3e-25	113.6
BCW-200464_04772	gnl|TC-DB|C8X384|4.A.6.2.2	45.9	133	71	1	1	133	1	132	2.4e-26	114.8
BCW-200464_04817	gnl|TC-DB|P0AAG8|3.A.1.2.3	46.7	492	259	2	25	514	13	503	1.8e-130	462.6
BCW-200464_04818	gnl|TC-DB|A8H4W6|3.A.1.2.15	36.2	343	184	6	16	339	17	343	1.5e-45	179.9
BCW-200464_04819	gnl|TC-DB|Q7BSH5|3.A.1.2.9	24.0	292	209	6	1	285	1	286	3.5e-12	68.9
BCW-200464_04827	gnl|TC-DB|Q8PVB2|9.B.125.2.2	32.3	260	153	7	28	271	31	283	2.7e-23	105.9
BCW-200464_04831	gnl|TC-DB|P94400|9.B.10.1.1	30.3	234	148	5	5	230	1	227	1.7e-28	123.2
BCW-200464_04863	gnl|TC-DB|O35002|9.B.174.1.1	36.1	352	209	7	24	367	35	378	1.3e-52	203.8
BCW-200464_04879	gnl|TC-DB|P46889|3.A.12.1.2	52.4	502	224	8	386	884	840	1329	5.8e-137	485.0
BCW-200464_04880	gnl|TC-DB|O67997|1.A.11.1.4	52.3	447	202	4	3	447	1	438	1.3e-113	406.4
BCW-200464_04892	gnl|TC-DB|P31552|4.C.1.1.6	20.7	542	374	16	87	616	20	517	6.4e-24	109.0
BCW-200464_04893	gnl|TC-DB|R4JTF7|2.A.56.1.9	44.2	335	186	1	1	334	4	338	2.2e-73	272.3
BCW-200464_04894	gnl|TC-DB|R4JQ65|2.A.56.1.9	54.2	424	193	1	1	423	1	424	3.9e-123	438.0
BCW-200464_04895	gnl|TC-DB|P37674|2.A.56.1.2	34.0	144	93	2	10	152	3	145	3.3e-15	78.2
BCW-200464_04908	gnl|TC-DB|P18767|3.A.1.108.1	77.5	577	130	0	1	577	1	577	2.1e-247	851.3
BCW-200464_04910	gnl|TC-DB|Q6A1F6|3.B.1.1.6	34.2	599	344	12	537	1121	6	568	7.2e-87	318.9
BCW-200464_04912	gnl|TC-DB|F2WVP9|2.A.1.60.3	30.7	365	243	3	28	388	18	376	8.3e-43	171.0
BCW-200464_04914	gnl|TC-DB|P37665|9.B.186.1.1	47.3	220	113	2	1	218	1	219	2.7e-35	145.2
BCW-200464_04920	gnl|TC-DB|Q2PGB8|3.A.1.120.5	56.5	552	230	5	3	554	4	545	6.3e-167	583.9
BCW-200464_04922	gnl|TC-DB|P31550|3.A.1.19.1	58.7	310	126	1	65	374	19	326	5.9e-107	384.0
BCW-200464_04923	gnl|TC-DB|P31549|3.A.1.19.1	41.0	512	293	4	16	525	17	521	2.6e-87	319.3
BCW-200464_04924	gnl|TC-DB|P31548|3.A.1.19.1	45.7	199	108	0	27	225	21	219	3.3e-47	184.9
BCW-200464_04929	gnl|TC-DB|P70786|2.A.1.14.3	42.1	413	239	0	4	416	23	435	2.4e-96	349.0
BCW-200464_04931	gnl|TC-DB|O05694|3.A.1.110.3	53.2	425	199	0	13	437	11	435	9.6e-101	363.6
BCW-200464_04932	gnl|TC-DB|O05693|3.A.1.110.3	54.2	553	253	0	18	570	8	560	2.1e-167	585.5
BCW-200464_04939	gnl|TC-DB|P0AGD7|3.A.5.1.1	48.7	462	225	4	1	461	1	451	1.1e-106	383.6
BCW-200464_04943	gnl|TC-DB|P10121|3.A.5.1.1	47.2	299	156	2	178	475	195	492	7.1e-73	271.2
BCW-200464_04946	gnl|TC-DB|D4ZZR3|9.B.34.1.3	39.4	160	91	3	210	363	236	395	4.6e-22	102.1
BCW-200464_04949	gnl|TC-DB|P30962|9.B.14.2.2	71.8	238	66	1	13	249	5	242	3.5e-95	344.4
BCW-200464_04950	gnl|TC-DB|P30964|3.A.1.107.1	61.6	219	84	0	1	219	4	222	9.2e-68	253.1
BCW-200464_04951	gnl|TC-DB|P30963|3.A.1.107.1	48.8	209	96	4	1	207	1	200	2.4e-49	191.8
BCW-200464_04955	gnl|TC-DB|P0AAC4|1.A.14.2.2	45.8	236	108	3	25	258	16	233	1.6e-42	169.5
BCW-200464_04957	gnl|TC-DB|P0A9T8|3.A.1.122.15	46.2	225	119	1	3	225	4	228	1.7e-51	199.1
BCW-200464_04965	gnl|TC-DB|Q99ZY6|3.A.1.34.1	35.1	285	184	1	18	302	34	317	1.4e-45	179.9
BCW-200464_04966	gnl|TC-DB|Q99ZY4|3.A.1.34.1	29.5	278	187	5	9	284	5	275	1.5e-20	96.7
BCW-200464_04967	gnl|TC-DB|Q99ZY3|3.A.1.34.1	41.9	248	144	0	1	248	4	251	2.9e-44	175.3
BCW-200464_04968	gnl|TC-DB|G4NW86|2.A.76.1.7	29.4	204	141	1	10	213	7	207	9.2e-20	93.6
BCW-200464_04993	gnl|TC-DB|X5H3P0|3.D.10.1.6	65.0	603	199	6	13	613	5	597	1.3e-233	805.4
BCW-200464_04994	gnl|TC-DB|X5GWN5|3.D.10.1.6	66.7	258	81	3	1	257	1	254	1.3e-100	362.5
BCW-200464_05003	gnl|TC-DB|G4NXW2|2.A.76.1.8	27.2	206	141	4	8	207	4	206	1.4e-15	79.7
BCW-200464_05009	gnl|TC-DB|Q9ZKE4|3.A.11.3.1	30.7	541	330	12	224	750	104	613	4.5e-61	232.6
BCW-200464_05011	gnl|TC-DB|A1B8N7|3.A.2.1.7	38.8	188	115	0	1	188	1	188	1.3e-33	139.4
BCW-200464_05012	gnl|TC-DB|A1B8N8|3.A.2.1.7	76.3	511	119	2	1	509	1	511	3.2e-220	760.8
BCW-200464_05013	gnl|TC-DB|A1B8N9|3.A.2.1.7	61.8	293	108	2	1	292	1	290	1.4e-92	335.9
BCW-200464_05014	gnl|TC-DB|A1B8P0|3.A.2.1.7	79.3	469	96	1	17	484	6	474	3.1e-209	724.2
BCW-200464_05015	gnl|TC-DB|A1B8P1|3.A.2.1.7	40.5	116	62	1	1	109	1	116	6.6e-16	80.1
BCW-200464_05017	gnl|TC-DB|M3JA40|1.B.52.2.1	33.0	191	111	2	372	545	270	460	1.6e-18	90.9
BCW-200464_05020	gnl|TC-DB|P0ADE4|1.B.33.2.4	27.1	410	258	15	243	638	192	574	5.0e-21	99.4
BCW-200464_05031	gnl|TC-DB|O51924|3.A.1.1.7	36.2	279	169	5	12	286	23	296	2.2e-40	162.5
BCW-200464_05032	gnl|TC-DB|G4FGN6|3.A.1.1.41	35.3	269	170	3	19	285	11	277	4.0e-39	158.3
BCW-200464_05033	gnl|TC-DB|Q9WZR7|3.A.1.1.40	25.6	285	193	7	50	321	42	320	1.1e-18	90.9
BCW-200464_05034	gnl|TC-DB|O30494|3.A.1.1.49	52.6	359	168	2	1	357	1	359	9.6e-102	366.7
BCW-200464_05045	gnl|TC-DB|Q9X0F5|3.A.1.5.12	58.6	355	146	1	36	390	11	364	8.0e-123	436.8
BCW-200464_05046	gnl|TC-DB|Q9WXR6|3.A.1.5.29	53.2	327	152	1	1	326	1	327	1.6e-92	335.9
BCW-200464_05047	gnl|TC-DB|Q9WXR2|3.A.1.5.29	31.3	594	372	14	35	607	58	636	4.0e-71	265.8
BCW-200464_05048	gnl|TC-DB|P75796|3.A.1.5.11	46.3	577	295	8	6	577	11	577	9.2e-129	457.2
BCW-200464_05070	gnl|TC-DB|P09833|3.A.1.8.1	44.4	331	179	2	25	355	25	350	2.7e-69	258.8
BCW-200464_05071	gnl|TC-DB|P0AF01|3.A.1.8.1	58.9	224	92	0	6	229	3	226	2.4e-66	248.4
BCW-200464_05072	gnl|TC-DB|P37329|3.A.1.8.1	48.1	260	129	3	4	261	1	256	2.8e-55	211.8
BCW-200464_05080	gnl|TC-DB|B3PY75|1.B.17.3.8	53.1	478	221	3	1	477	1	476	4.7e-125	444.5
BCW-200464_05081	gnl|TC-DB|P31224|2.A.6.2.2	56.9	1031	438	4	1	1025	1	1031	0.0e+00	1084.7
BCW-200464_05082	gnl|TC-DB|Q9WWZ9|2.A.6.2.9	35.6	402	227	9	5	400	7	382	5.4e-58	221.5
BCW-200464_05092	gnl|TC-DB|P46482|8.A.1.7.1	36.8	288	176	3	1	285	1	285	2.0e-46	182.6
BCW-200464_05094	gnl|TC-DB|E0LV84|2.A.85.1.4	26.5	581	405	7	36	602	7	579	6.8e-56	215.3
BCW-200464_05099	gnl|TC-DB|E3HE19|3.A.7.4.2	42.6	216	115	2	215	428	151	359	4.4e-45	178.7
BCW-200464_05101	gnl|TC-DB|P71182|3.A.7.4.1	43.3	298	141	5	11	280	7	304	1.6e-59	226.1
BCW-200464_05106	gnl|TC-DB|P71180|3.A.7.4.1	50.8	824	387	6	4	816	33	849	6.2e-234	807.0
BCW-200464_05107	gnl|TC-DB|P71179|3.A.7.4.1	49.4	85	43	0	13	97	8	92	7.7e-14	72.8
BCW-200464_05109	gnl|TC-DB|Q56469|3.A.7.4.1	47.9	305	157	1	9	311	14	318	8.2e-73	270.4
BCW-200464_05180	gnl|TC-DB|Q44360|3.A.7.1.1	85.0	635	95	0	1	635	1	635	2.0e-314	1073.5
BCW-200464_05183	gnl|TC-DB|Q52001|3.A.7.14.1	27.2	324	199	11	73	374	2	310	4.8e-22	103.6
BCW-200464_05196	gnl|TC-DB|P73544|3.A.1.3.12	35.5	203	125	1	7	203	301	503	3.6e-27	118.2
BCW-200464_05197	gnl|TC-DB|A1VZQ3|3.A.1.3.16	28.8	208	148	0	6	213	38	245	1.8e-18	89.4
BCW-200464_05198	gnl|TC-DB|P73721|3.A.1.3.12	52.5	242	111	2	3	240	6	247	9.5e-66	246.5
BCW-200464_05199	gnl|TC-DB|P0AEM9|3.A.1.3.10	26.5	260	182	6	2	256	6	261	2.6e-19	92.4
