BCW-201833_00025	gnl|TC-DB|A0M0P7|2.A.123.4.1	42.7	75	43	0	1	75	133	207	1.3e-16	81.6
BCW-201833_00043	gnl|TC-DB|Q1M7Q2|3.A.1.11.6	38.2	157	97	0	1	157	84	240	2.9e-22	101.7
BCW-201833_00057	gnl|TC-DB|Q8VRK4|3.A.11.1.3	35.7	283	158	5	79	357	67	329	3.5e-35	145.6
BCW-201833_00061	gnl|TC-DB|P0AGI8|2.A.38.1.1	90.0	458	46	0	1	458	1	458	1.4e-235	811.6
BCW-201833_00062	gnl|TC-DB|P0A742|1.A.22.1.1	77.8	135	30	0	1	135	1	135	8.9e-53	202.6
BCW-201833_00072	gnl|TC-DB|P0AGA2|3.A.5.1.1	97.1	443	13	0	1	443	1	443	1.1e-240	828.6
BCW-201833_00113	gnl|TC-DB|Q9ZK21|1.C.82.1.1	51.1	223	109	0	3	225	4	226	4.9e-59	224.2
BCW-201833_00116	gnl|TC-DB|P0AG96|3.A.5.1.1	94.5	127	7	0	1	127	1	127	1.0e-58	222.2
BCW-201833_00117	gnl|TC-DB|W0WN20|3.A.1.5.39	51.3	78	38	0	1	78	257	334	1.1e-15	78.6
BCW-201833_00142	gnl|TC-DB|B8F5K7|4.D.1.3.2	46.7	244	127	3	7	247	4	247	9.2e-59	223.4
BCW-201833_00146	gnl|TC-DB|P75905|4.D.1.1.3	39.4	104	62	1	6	108	75	178	8.2e-12	67.8
BCW-201833_00157	gnl|TC-DB|B7LEG0|1.A.34.1.2	42.0	119	64	3	314	431	262	376	1.6e-18	90.5
BCW-201833_00167	gnl|TC-DB|P69380|2.A.4.7.1	78.5	293	63	0	1	293	1	293	2.9e-128	454.5
BCW-201833_00169	gnl|TC-DB|P0AG78|3.A.1.6.1	81.4	328	61	0	1	328	1	328	1.3e-158	555.4
BCW-201833_00174	gnl|TC-DB|P31442|2.A.1.2.9	68.0	384	123	0	3	386	1	384	5.4e-143	503.8
BCW-201833_00177	gnl|TC-DB|P0AER0|1.A.8.1.1	75.9	282	65	2	1	282	1	279	3.4e-123	437.6
BCW-201833_00184	gnl|TC-DB|Q9ZKE4|3.A.11.3.1	33.0	448	287	6	213	660	121	555	9.3e-64	241.5
BCW-201833_00204	gnl|TC-DB|P06129|1.B.14.3.1	66.5	617	197	5	8	624	8	614	7.5e-240	826.2
BCW-201833_00209	gnl|TC-DB|P18767|3.A.1.108.1	76.5	136	32	0	1	136	442	577	2.8e-52	201.1
BCW-201833_00228	gnl|TC-DB|Q8ZRP7|3.A.1.13.1	54.2	262	117	1	1	259	1	262	3.2e-78	288.1
BCW-201833_00232	gnl|TC-DB|P06972|3.A.1.14.3	66.0	656	221	2	2	657	4	657	2.5e-238	821.2
BCW-201833_00233	gnl|TC-DB|P07822|3.A.1.14.3	55.7	287	125	2	4	289	7	292	6.7e-90	327.0
BCW-201833_00234	gnl|TC-DB|P07821|3.A.1.14.3	78.3	263	57	0	2	264	3	265	7.3e-120	426.4
BCW-201833_00235	gnl|TC-DB|P06971|1.B.14.1.2	56.7	755	275	11	16	737	12	747	3.5e-236	814.3
BCW-201833_00247	gnl|TC-DB|P0AFN6|3.A.1.105.17	86.3	256	35	0	1	256	1	256	2.0e-122	434.9
BCW-201833_00248	gnl|TC-DB|P36879|3.A.1.105.17	86.4	308	42	0	1	308	1	308	3.3e-148	520.8
BCW-201833_00251	gnl|TC-DB|P36649|1.B.76.1.8	63.7	531	178	3	1	531	1	516	2.2e-192	668.3
BCW-201833_00252	gnl|TC-DB|P0AA95|8.A.2.1.3	68.7	115	36	0	1	115	1	115	1.9e-40	161.4
BCW-201833_00261	gnl|TC-DB|P15993|2.A.3.1.3	87.3	449	57	0	3	451	5	453	8.4e-225	775.8
BCW-201833_00262	gnl|TC-DB|P31435|2.A.2.3.4	43.6	445	248	3	1	444	1	443	3.5e-117	418.3
BCW-201833_00264	gnl|TC-DB|P0AE14|9.B.125.1.1	69.0	284	88	0	1	284	1	284	1.9e-110	395.2
BCW-201833_00268	gnl|TC-DB|P22608|3.A.15.2.1	47.9	386	195	3	77	456	178	563	2.3e-97	352.4
BCW-201833_00269	gnl|TC-DB|P22609|3.A.15.2.1	30.3	333	232	0	66	398	41	373	8.4e-43	171.0
BCW-201833_00276	gnl|TC-DB|P10408|3.A.5.1.1	87.1	900	116	0	1	900	1	900	0.0e+00	1536.2
BCW-201833_00285	gnl|TC-DB|P0ABG4|2.A.103.1.1	81.1	403	76	0	2	404	12	414	3.3e-188	654.1
BCW-201833_00287	gnl|TC-DB|P0A6W3|9.B.146.1.6	93.1	360	25	0	1	360	1	360	2.1e-194	674.5
BCW-201833_00301	gnl|TC-DB|P31675|2.A.1.20.1	70.4	389	115	0	4	392	4	392	8.8e-154	539.7
BCW-201833_00303	gnl|TC-DB|P31550|3.A.1.19.1	79.0	328	68	1	18	345	1	327	6.1e-151	530.0
BCW-201833_00304	gnl|TC-DB|P31549|3.A.1.19.1	72.0	528	148	0	1	528	9	536	5.2e-210	726.9
BCW-201833_00305	gnl|TC-DB|P31548|3.A.1.19.1	64.8	230	81	0	1	230	1	230	1.0e-80	296.2
BCW-201833_00311	gnl|TC-DB|P31554|1.B.42.1.2	70.7	793	214	9	13	799	1	781	0.0e+00	1151.3
BCW-201833_00318	gnl|TC-DB|B5Y0L3|1.B.1.1.18	73.9	380	96	3	2	380	4	381	8.2e-173	602.8
BCW-201833_00324	gnl|TC-DB|B8I766|9.B.105.1.5	32.9	143	89	2	11	152	3	139	4.8e-16	80.9
BCW-201833_00328	gnl|TC-DB|P13738|2.A.33.1.1	68.1	382	122	0	11	392	4	385	5.0e-141	497.3
BCW-201833_00331	gnl|TC-DB|P0A6Y8|1.A.33.1.2	87.9	639	73	2	1	636	1	638	7.5e-312	1065.4
BCW-201833_00332	gnl|TC-DB|P0AC98|2.A.96.1.1	75.3	186	46	0	1	186	1	186	1.6e-76	282.0
BCW-201833_00333	gnl|TC-DB|Q5ZYB5|3.A.7.9.1	31.4	421	278	7	11	426	2	416	2.2e-49	193.0
BCW-201833_00348	gnl|TC-DB|Q9MUK5|3.A.9.1.1	40.0	150	87	1	69	215	60	209	4.3e-19	92.8
BCW-201833_00351	gnl|TC-DB|Q9L3S6|3.A.1.4.4	47.0	387	178	8	26	408	49	412	1.4e-93	339.7
BCW-201833_00352	gnl|TC-DB|Q9L3S5|3.A.1.4.4	41.5	381	137	3	226	521	6	385	5.8e-68	255.0
BCW-201833_00353	gnl|TC-DB|Q9L3S4|3.A.1.4.4	43.7	311	172	2	45	353	30	339	4.7e-61	231.5
BCW-201833_00354	gnl|TC-DB|Q9L3S3|3.A.1.4.4	44.2	260	125	3	22	263	5	262	2.5e-51	198.7
BCW-201833_00355	gnl|TC-DB|Q9L3S2|3.A.1.4.4	49.8	215	106	2	31	244	4	217	1.4e-51	199.5
BCW-201833_00357	gnl|TC-DB|Q8XEV7|2.A.1.7.5	75.6	422	102	1	3	423	4	425	7.5e-170	593.2
BCW-201833_00361	gnl|TC-DB|P43672|3.A.1.120.6	34.6	512	324	5	21	527	18	523	2.4e-80	296.2
BCW-201833_00362	gnl|TC-DB|P24518|4.B.1.1.1	86.7	407	54	0	1	407	1	407	2.2e-216	747.7
BCW-201833_00375	gnl|TC-DB|A8YQR5|3.A.23.2.1	54.3	138	62	1	1	137	372	509	2.6e-40	162.5
BCW-201833_00378	gnl|TC-DB|P07109|3.A.1.3.29	55.6	54	24	0	2	55	204	257	2.8e-13	70.1
BCW-201833_00385	gnl|TC-DB|Q8FDB7|2.A.1.14.14	31.3	422	275	4	6	415	16	434	4.6e-47	185.3
BCW-201833_00397	gnl|TC-DB|P36554|2.A.1.3.26	74.0	462	119	1	7	467	7	468	9.1e-190	659.4
BCW-201833_00398	gnl|TC-DB|P76399|2.A.6.2.12	79.2	1014	211	0	1	1014	1	1014	0.0e+00	1518.4
BCW-201833_00399	gnl|TC-DB|P76398|2.A.6.2.12	80.7	1039	201	0	1	1039	1	1039	0.0e+00	1560.4
BCW-201833_00400	gnl|TC-DB|P76397|8.A.1.6.2	71.0	372	105	2	29	400	35	403	9.9e-140	493.0
BCW-201833_00401	gnl|TC-DB|P77735|8.A.5.1.6	34.7	320	193	3	9	320	6	317	1.5e-42	169.9
BCW-201833_00402	gnl|TC-DB|Q51485|1.B.19.1.1	49.0	431	210	3	23	444	25	454	3.5e-122	434.9
BCW-201833_00404	gnl|TC-DB|Q1J0W6|9.B.34.1.1	35.3	156	92	3	691	845	197	344	1.7e-16	84.7
BCW-201833_00408	gnl|TC-DB|P28249|9.B.22.2.1	44.2	607	327	6	1	597	1	605	3.2e-139	491.9
BCW-201833_00409	gnl|TC-DB|L5DDD7|2.A.109.2.3	73.6	516	134	1	3	516	371	886	6.3e-208	719.9
BCW-201833_00410	gnl|TC-DB|H8E4X1|9.B.18.1.2	36.6	347	183	9	143	471	191	518	1.0e-50	197.6
BCW-201833_00411	gnl|TC-DB|P0A930|1.B.18.3.1	70.1	375	110	1	2	374	5	379	2.1e-157	551.6
BCW-201833_00413	gnl|TC-DB|P76387|8.A.3.3.2	53.3	706	326	2	1	705	1	703	6.1e-209	723.8
BCW-201833_00420	gnl|TC-DB|D4HW93|2.A.66.2.8	79.4	446	92	0	1	446	1	446	2.7e-199	691.0
BCW-201833_00429	gnl|TC-DB|Q6MMD5|9.B.18.2.1	35.0	280	165	6	5	268	292	570	1.6e-34	143.3
BCW-201833_00437	gnl|TC-DB|P09551|3.A.1.3.1	49.8	251	122	2	11	257	3	253	1.5e-64	242.7
BCW-201833_00455	gnl|TC-DB|P0AA47|2.A.3.1.14	80.4	450	88	0	1	450	1	450	9.3e-208	719.2
BCW-201833_00458	gnl|TC-DB|P33011|2.A.85.7.1	54.5	352	159	1	2	352	1	352	2.3e-108	388.7
BCW-201833_00471	gnl|TC-DB|P30750|3.A.1.24.1	47.7	346	169	5	35	371	1	343	1.5e-78	289.7
BCW-201833_00472	gnl|TC-DB|Q9HT69|3.A.1.24.5	46.3	203	109	0	15	217	23	225	3.7e-45	177.9
BCW-201833_00473	gnl|TC-DB|P31679|2.A.1.1.114	39.0	436	259	3	7	441	6	435	1.2e-82	303.5
BCW-201833_00475	gnl|TC-DB|A8H4W5|3.A.1.2.15	33.3	291	177	8	4	281	2	288	1.1e-29	127.1
BCW-201833_00476	gnl|TC-DB|P0AAG8|3.A.1.2.3	50.8	492	240	1	4	493	12	503	9.7e-142	500.0
BCW-201833_00477	gnl|TC-DB|A8H4W6|3.A.1.2.15	40.9	298	166	3	51	342	52	345	1.4e-51	199.9
BCW-201833_00485	gnl|TC-DB|P0AAP1|9.B.34.1.2	33.3	174	115	1	287	460	194	366	5.1e-22	102.8
BCW-201833_00491	gnl|TC-DB|Q9F9T4|3.A.1.5.23	39.8	231	137	2	21	251	336	564	2.1e-39	159.1
BCW-201833_00492	gnl|TC-DB|Q92N35|3.A.1.12.7	34.5	200	127	3	29	226	46	243	1.4e-18	89.7
BCW-201833_00496	gnl|TC-DB|P16677|3.A.1.9.1	40.3	248	143	3	24	268	4	249	1.2e-45	179.9
BCW-201833_00497	gnl|TC-DB|P16682|3.A.1.9.1	31.5	248	139	5	19	260	25	247	3.1e-21	99.0
BCW-201833_00498	gnl|TC-DB|P16683|3.A.1.9.1	40.2	189	112	1	125	313	72	259	1.7e-30	129.8
BCW-201833_00499	gnl|TC-DB|A0QQ68|3.A.1.9.2	33.3	159	103	1	89	247	84	239	3.5e-22	102.1
BCW-201833_00500	gnl|TC-DB|Q9HV74|2.A.21.9.1	33.1	263	148	9	458	707	730	977	5.5e-23	106.3
BCW-201833_00501	gnl|TC-DB|G4FGN3|3.A.1.2.20	46.6	494	261	3	5	497	3	494	7.3e-129	457.2
BCW-201833_00502	gnl|TC-DB|A6VKS9|3.A.1.2.13	46.6	307	153	4	21	320	13	315	6.8e-59	224.2
BCW-201833_00503	gnl|TC-DB|Q9F9B2|3.A.1.2.7	33.1	290	162	9	9	275	11	291	3.4e-23	105.5
BCW-201833_00506	gnl|TC-DB|P31466|2.A.40.7.6	52.7	431	204	0	1	431	14	444	1.6e-124	442.6
BCW-201833_00510	gnl|TC-DB|Q9L3M3|3.A.1.4.3	48.4	353	177	4	12	362	9	358	2.6e-91	332.0
BCW-201833_00511	gnl|TC-DB|P0AEX7|3.A.1.4.1	53.6	302	139	1	4	304	7	308	7.7e-81	297.0
BCW-201833_00512	gnl|TC-DB|P21628|3.A.1.4.8	50.7	422	192	6	10	421	1	416	5.3e-96	347.8
BCW-201833_00513	gnl|TC-DB|P21629|3.A.1.4.8	52.3	283	105	2	1	283	1	253	4.2e-76	281.2
BCW-201833_00514	gnl|TC-DB|P22731|3.A.1.4.1	58.8	238	96	2	1	237	1	237	1.8e-67	252.3
BCW-201833_00515	gnl|TC-DB|D5CJ69|2.A.66.1.22	74.2	457	118	0	7	463	3	459	3.5e-189	657.5
BCW-201833_00517	gnl|TC-DB|P75780|1.B.14.1.9	78.3	761	163	2	1	760	1	760	0.0e+00	1223.8
BCW-201833_00521	gnl|TC-DB|P77257|3.A.1.2.8	66.5	498	166	1	9	505	11	508	1.5e-182	635.6
BCW-201833_00522	gnl|TC-DB|P77672|3.A.1.2.8	75.8	335	81	0	1	335	1	335	1.1e-134	476.1
BCW-201833_00523	gnl|TC-DB|P0AFS1|3.A.1.2.8	76.2	320	76	0	6	325	4	323	9.4e-128	453.0
BCW-201833_00524	gnl|TC-DB|P76142|3.A.1.2.8	81.8	330	60	0	9	338	11	340	3.0e-158	554.3
BCW-201833_00539	gnl|TC-DB|P76330|9.B.34.1.4	38.8	547	328	3	9	550	18	562	9.9e-103	370.5
BCW-201833_00543	gnl|TC-DB|P0AE42|9.B.12.2.1	64.7	51	18	0	1	51	1	51	8.4e-12	65.1
BCW-201833_00547	gnl|TC-DB|P54702|3.A.6.2.1	64.0	258	93	0	1	258	1	258	1.3e-92	335.9
BCW-201833_00548	gnl|TC-DB|P0A1L5|3.A.6.2.1	78.7	89	19	0	1	89	1	89	5.6e-32	132.9
BCW-201833_00549	gnl|TC-DB|P54700|3.A.6.2.1	87.3	245	30	1	2	245	1	245	1.9e-109	391.7
BCW-201833_00551	gnl|TC-DB|P26419|3.A.6.2.1	78.1	137	28	1	1	135	1	137	7.4e-52	199.5
BCW-201833_00556	gnl|TC-DB|P26465|3.A.6.2.1	85.7	453	62	1	1	450	1	453	6.4e-217	749.6
BCW-201833_00557	gnl|TC-DB|P15934|3.A.6.2.1	80.2	131	26	0	102	232	103	233	3.9e-56	214.5
BCW-201833_00559	gnl|TC-DB|P15928|3.A.6.2.1	65.5	566	186	3	4	569	2	558	4.3e-194	674.1
BCW-201833_00587	gnl|TC-DB|A8YQR5|3.A.23.2.1	57.6	132	55	1	1	131	372	503	1.7e-42	169.9
BCW-201833_00602	gnl|TC-DB|P0A927|1.B.10.1.1	76.3	295	62	3	1	288	1	294	5.1e-135	476.9
BCW-201833_00608	gnl|TC-DB|P46133|2.A.68.1.1	70.1	505	151	0	1	505	3	507	8.3e-205	709.5
BCW-201833_00609	gnl|TC-DB|P31679|2.A.1.1.114	25.7	443	295	12	24	458	13	429	1.9e-22	103.6
BCW-201833_00613	gnl|TC-DB|P0AFY6|9.A.18.1.1	66.8	407	126	2	1	402	1	403	1.5e-148	522.3
BCW-201833_00617	gnl|TC-DB|P0ADL1|2.A.1.2.26	49.9	381	189	2	13	392	13	392	1.8e-93	339.3
BCW-201833_00621	gnl|TC-DB|P77272|4.A.1.2.7	64.2	475	164	3	4	478	5	473	3.7e-170	594.3
BCW-201833_00626	gnl|TC-DB|P21345|2.A.23.1.1	80.4	424	83	0	1	424	1	424	2.5e-186	647.9
BCW-201833_00627	gnl|TC-DB|P69451|4.C.1.1.4	24.9	551	369	16	91	625	38	559	3.1e-26	116.7
BCW-201833_00628	gnl|TC-DB|P0AF54|9.B.136.1.1	67.7	99	32	0	11	109	5	103	2.3e-35	144.4
BCW-201833_00629	gnl|TC-DB|P32705|2.A.21.7.2	84.9	550	82	1	1	550	1	549	7.8e-257	882.5
BCW-201833_00633	gnl|TC-DB|E7UC95|1.E.14.1.9	61.8	131	47	1	5	135	8	135	1.4e-37	152.1
BCW-201833_00635	gnl|TC-DB|P32703|2.A.36.3.1	77.4	549	124	0	1	549	1	549	1.1e-234	808.9
BCW-201833_00636	gnl|TC-DB|P0AF52|2.A.40.7.5	82.9	449	77	0	1	449	1	449	1.1e-195	679.1
BCW-201833_00644	gnl|TC-DB|P39314|2.A.7.3.19	62.3	313	118	0	1	313	1	313	6.3e-118	420.2
BCW-201833_00656	gnl|TC-DB|E0DTC9|2.A.115.1.4	50.8	191	94	0	12	202	76	266	2.8e-50	194.9
BCW-201833_00665	gnl|TC-DB|P28303|2.A.66.1.4	70.1	438	131	0	1	438	19	456	1.1e-171	599.4
BCW-201833_00681	gnl|TC-DB|P69874|3.A.1.11.1	53.4	249	116	0	9	257	23	271	1.9e-72	269.2
BCW-201833_00682	gnl|TC-DB|P0AF43|2.A.58.2.1	75.6	541	132	0	1	541	1	541	8.0e-222	766.1
BCW-201833_00683	gnl|TC-DB|P0AC96|2.A.8.1.8	80.9	446	85	0	1	446	1	446	9.9e-202	699.1
BCW-201833_00690	gnl|TC-DB|P10907|3.A.1.1.3	76.4	356	84	0	1	356	1	356	9.5e-155	542.7
BCW-201833_00691	gnl|TC-DB|P10906|3.A.1.1.3	78.6	281	59	1	1	280	1	281	1.9e-118	421.8
BCW-201833_00692	gnl|TC-DB|P10905|3.A.1.1.3	78.2	294	64	0	3	296	2	295	9.7e-129	456.1
BCW-201833_00693	gnl|TC-DB|P0AG80|3.A.1.1.3	78.7	428	90	1	12	438	10	437	3.9e-203	703.7
BCW-201833_00694	gnl|TC-DB|P22731|3.A.1.4.1	85.6	236	34	0	1	236	1	236	1.6e-110	395.2
BCW-201833_00695	gnl|TC-DB|P0A9S7|3.A.1.4.1	88.6	255	29	0	1	255	1	255	1.9e-128	454.9
BCW-201833_00696	gnl|TC-DB|P22729|3.A.1.4.1	75.5	425	102	2	1	423	1	425	1.1e-165	579.3
BCW-201833_00697	gnl|TC-DB|P0AEX7|3.A.1.4.1	82.8	308	53	0	1	308	1	308	4.7e-134	473.8
BCW-201833_00698	gnl|TC-DB|P04816|3.A.1.4.1	72.9	369	95	2	7	375	6	369	1.8e-159	558.5
BCW-201833_00702	gnl|TC-DB|P0AC31|3.A.1.140.1	71.8	319	89	1	11	328	34	352	1.6e-124	442.2
BCW-201833_00703	gnl|TC-DB|P0A9R7|3.A.1.140.1	89.4	218	23	0	1	218	1	218	1.8e-111	398.3
BCW-201833_00704	gnl|TC-DB|P10121|3.A.5.1.1	88.4	310	36	0	184	493	188	497	9.4e-153	536.6
BCW-201833_00709	gnl|TC-DB|P37617|3.A.3.6.2	60.7	731	277	5	27	754	9	732	2.2e-222	768.5
BCW-201833_00711	gnl|TC-DB|B3WJF3|2.A.88.8.6	78.5	209	45	0	4	212	4	212	1.0e-90	329.3
BCW-201833_00719	gnl|TC-DB|P67143|2.A.95.1.5	78.6	196	42	0	1	196	1	196	3.0e-78	287.7
BCW-201833_00720	gnl|TC-DB|Q9K0A9|2.A.28.2.4	48.0	304	155	2	7	308	13	315	1.6e-70	262.7
BCW-201833_00726	gnl|TC-DB|D8EPC3|1.B.14.16.4	74.2	699	174	3	1	695	1	697	0.0e+00	1095.5
BCW-201833_00741	gnl|TC-DB|P30750|3.A.1.24.1	84.0	343	55	0	1	343	1	343	7.0e-163	569.7
BCW-201833_00742	gnl|TC-DB|P31547|3.A.1.24.1	91.7	217	18	0	1	217	1	217	3.0e-71	264.6
BCW-201833_00743	gnl|TC-DB|P28635|3.A.1.24.1	89.3	271	29	0	1	271	1	271	4.0e-137	483.8
BCW-201833_00762	gnl|TC-DB|P0A943|1.B.33.1.3	81.8	813	135	4	1	803	1	810	0.0e+00	1355.9
BCW-201833_00791	gnl|TC-DB|P31125|2.A.7.3.2	50.2	297	140	4	1	290	1	296	3.5e-70	261.5
BCW-201833_00795	gnl|TC-DB|Q9X051|3.A.1.2.19	40.3	499	285	8	12	500	10	505	3.2e-100	362.1
BCW-201833_00796	gnl|TC-DB|Q1M4Q8|3.A.1.2.16	33.6	324	197	7	3	314	19	336	5.5e-40	161.4
BCW-201833_00797	gnl|TC-DB|A8H4W6|3.A.1.2.15	26.9	323	225	2	1	312	15	337	1.2e-28	123.6
BCW-201833_00807	gnl|TC-DB|P96878|2.A.53.3.12	33.5	170	106	3	26	189	571	739	1.2e-22	103.2
BCW-201833_00812	gnl|TC-DB|Q8GC82|2.A.6.2.19	51.0	461	215	4	6	464	3	454	1.6e-117	419.5
BCW-201833_00813	gnl|TC-DB|Q8GC83|2.A.6.2.19	68.9	1035	313	5	1	1034	1	1027	0.0e+00	1316.6
BCW-201833_00814	gnl|TC-DB|Q8GC84|2.A.6.2.19	60.9	366	139	3	9	373	8	370	2.6e-110	395.2
BCW-201833_00821	gnl|TC-DB|P31474|2.A.1.3.51	76.0	463	110	1	3	464	4	466	3.7e-191	664.1
BCW-201833_00824	gnl|TC-DB|P02925|3.A.1.2.1	85.0	293	42	1	1	291	3	295	4.1e-132	467.2
BCW-201833_00825	gnl|TC-DB|P0AGI1|3.A.1.2.1	82.5	320	55	1	1	320	1	319	6.8e-136	479.9
BCW-201833_00826	gnl|TC-DB|P04983|3.A.1.2.1	87.2	494	63	0	1	494	1	494	2.8e-245	844.0
BCW-201833_00831	gnl|TC-DB|P63183|2.A.72.1.1	85.9	622	88	0	1	622	1	622	8.6e-313	1068.5
BCW-201833_00839	gnl|TC-DB|S0WRQ6|1.A.77.3.11	59.5	126	51	0	1	126	1	126	6.5e-34	139.8
BCW-201833_00840	gnl|TC-DB|P0AB98|3.A.2.1.1	85.6	270	39	0	3	272	2	271	3.6e-130	460.7
BCW-201833_00841	gnl|TC-DB|P68699|3.A.2.1.1	98.7	79	1	0	1	79	1	79	3.7e-35	143.3
BCW-201833_00842	gnl|TC-DB|P0ABA0|3.A.2.1.1	80.1	156	31	0	1	156	1	156	4.1e-38	154.1
BCW-201833_00843	gnl|TC-DB|P0ABA4|3.A.2.1.1	83.6	177	29	0	1	177	1	177	1.3e-75	278.9
BCW-201833_00844	gnl|TC-DB|P0ABB0|3.A.2.1.1	91.6	513	43	0	1	513	1	513	5.3e-268	919.5
BCW-201833_00845	gnl|TC-DB|P0ABA6|3.A.2.1.1	88.2	288	33	1	1	288	1	287	2.4e-140	494.6
BCW-201833_00846	gnl|TC-DB|P0ABB4|3.A.2.1.1	90.8	465	38	1	1	465	1	460	1.0e-241	832.0
BCW-201833_00847	gnl|TC-DB|P0A6E6|3.A.2.1.1	89.1	137	15	0	1	137	3	139	6.0e-65	243.0
BCW-201833_00851	gnl|TC-DB|P0AG82|3.A.1.7.1	77.7	346	77	0	1	346	1	346	9.8e-157	549.3
BCW-201833_00852	gnl|TC-DB|P0AGH8|3.A.1.7.1	89.0	318	35	0	1	318	1	318	4.5e-156	547.0
BCW-201833_00853	gnl|TC-DB|P07654|3.A.1.7.1	87.1	295	38	0	1	295	1	295	1.4e-140	495.4
BCW-201833_00854	gnl|TC-DB|P0AAH0|3.A.1.7.1	94.6	257	14	0	1	257	1	257	3.3e-141	497.3
BCW-201833_00856	gnl|TC-DB|O51798|2.A.1.15.9	31.6	399	253	9	15	403	14	402	3.9e-43	172.2
BCW-201833_00858	gnl|TC-DB|P31466|2.A.40.7.6	81.9	436	79	0	2	437	10	445	6.1e-196	679.9
BCW-201833_00863	gnl|TC-DB|P25714|2.A.9.3.1	78.1	548	120	0	1	548	1	548	1.5e-239	825.1
BCW-201833_00877	gnl|TC-DB|P0AA76|2.A.1.14.7	87.0	430	56	0	1	430	1	430	4.3e-218	753.4
BCW-201833_00881	gnl|TC-DB|P31125|2.A.7.3.2	62.5	291	105	2	1	290	1	288	2.9e-88	321.6
BCW-201833_00890	gnl|TC-DB|Q9RPP3|2.A.1.14.8	25.4	418	291	8	14	417	33	443	3.0e-38	156.0
BCW-201833_00895	gnl|TC-DB|P37665|9.B.186.1.1	83.6	219	36	0	1	219	1	219	1.2e-72	269.2
BCW-201833_00898	gnl|TC-DB|G0GRM4|9.B.2.4.1	46.8	186	99	0	10	195	5	190	1.4e-39	159.5
BCW-201833_00913	gnl|TC-DB|P0AGI4|3.A.1.2.4	83.4	379	60	1	17	392	14	392	2.0e-158	555.1
BCW-201833_00914	gnl|TC-DB|P37388|3.A.1.2.4	77.2	504	115	0	2	505	4	507	6.3e-229	789.6
BCW-201833_00915	gnl|TC-DB|P37387|3.A.1.2.4	83.0	330	56	0	2	331	1	330	6.5e-150	526.6
BCW-201833_00919	gnl|TC-DB|P37669|9.B.97.1.1	60.4	331	131	0	1	331	1	331	2.0e-111	398.7
BCW-201833_00928	gnl|TC-DB|P0AEK7|5.A.3.2.1	46.2	212	112	1	1	210	1	212	1.9e-54	208.8
BCW-201833_00929	gnl|TC-DB|P0AAJ3|5.A.3.2.1	77.9	294	65	0	1	294	1	294	2.7e-147	517.7
BCW-201833_00930	gnl|TC-DB|P24183|5.A.3.2.1	75.6	802	196	0	1	802	213	1014	0.0e+00	1330.1
BCW-201833_00931	gnl|TC-DB|P24183|5.A.3.2.1	83.6	195	32	0	1	195	1	195	2.9e-97	350.9
BCW-201833_00936	gnl|TC-DB|C8TA54|4.A.7.1.4	85.0	420	62	1	1	419	1	420	2.2e-195	677.9
BCW-201833_00937	gnl|TC-DB|B7LDS2|4.A.7.1.2	41.2	85	48	1	3	85	2	86	4.0e-14	73.6
BCW-201833_00938	gnl|TC-DB|B7LDS1|4.A.7.1.2	47.2	144	76	0	1	144	1	144	1.2e-34	142.5
BCW-201833_00948	gnl|TC-DB|P00550|4.A.2.1.2	84.0	639	98	1	1	639	1	635	1.6e-301	1031.2
BCW-201833_00956	gnl|TC-DB|P33950|3.A.1.5.27	56.8	516	222	1	19	534	30	544	1.7e-176	615.5
BCW-201833_00957	gnl|TC-DB|W0WN20|3.A.1.5.39	65.5	339	114	2	1	339	1	336	1.4e-123	439.1
BCW-201833_00958	gnl|TC-DB|W0WMS8|3.A.1.5.39	55.1	294	131	1	6	299	8	300	1.1e-84	309.7
BCW-201833_00959	gnl|TC-DB|P45095|3.A.1.5.27	75.6	324	79	0	1	324	1	324	1.2e-140	495.7
BCW-201833_00960	gnl|TC-DB|P45094|3.A.1.5.27	77.3	317	71	1	11	326	11	327	1.2e-138	489.2
BCW-201833_00963	gnl|TC-DB|P37653|4.D.3.1.6	46.8	677	338	8	9	673	154	820	5.7e-180	627.5
BCW-201833_00964	gnl|TC-DB|P37652|4.D.3.1.6	28.7	722	471	18	122	822	78	776	3.2e-68	256.5
BCW-201833_00965	gnl|TC-DB|P37650|1.B.55.3.1	23.8	720	455	17	579	1262	474	1135	3.2e-27	120.9
BCW-201833_00968	gnl|TC-DB|P37650|1.B.55.3.1	47.0	1131	558	5	32	1125	31	1157	2.0e-267	918.7
BCW-201833_00969	gnl|TC-DB|P37652|4.D.3.1.6	54.6	782	333	8	1	763	1	779	1.6e-247	852.0
BCW-201833_00970	gnl|TC-DB|P37653|4.D.3.1.6	64.4	853	300	2	5	857	6	854	0.0e+00	1169.5
BCW-201833_00977	gnl|TC-DB|P0A830|2.A.23.1.7	87.4	412	52	0	3	414	5	416	5.9e-196	679.9
BCW-201833_00982	gnl|TC-DB|P37645|9.B.121.1.1	66.0	686	231	1	1	684	1	686	1.0e-277	952.2
BCW-201833_00986	gnl|TC-DB|O00571|1.I.1.1.3	35.4	364	221	3	9	358	180	543	8.7e-54	207.6
BCW-201833_00988	gnl|TC-DB|P40290|3.A.6.1.1	29.0	252	157	5	157	396	148	389	9.2e-16	81.3
BCW-201833_00989	gnl|TC-DB|P0AC78|9.B.146.1.7	72.8	349	95	0	1	349	6	354	3.5e-141	497.7
BCW-201833_00997	gnl|TC-DB|P0AAA7|2.A.66.2.3	73.6	416	109	1	1	416	1	415	4.5e-164	573.9
BCW-201833_00999	gnl|TC-DB|B6I4D1|9.B.128.1.1	73.3	446	118	1	1	445	1	446	1.9e-181	631.7
BCW-201833_01016	gnl|TC-DB|P0A2R8|1.A.35.1.2	89.9	317	31	1	1	317	1	316	1.3e-158	555.4
BCW-201833_01018	gnl|TC-DB|P27844|2.A.7.7.2	70.4	294	87	0	1	294	1	294	1.2e-118	422.5
BCW-201833_01021	gnl|TC-DB|Q5EAK4|2.A.16.2.2	28.1	359	222	11	31	362	1378	1727	1.3e-23	107.8
BCW-201833_01022	gnl|TC-DB|P0AG38|2.A.76.1.2	73.4	207	54	1	1	207	1	206	1.5e-83	305.4
BCW-201833_01023	gnl|TC-DB|P0AG34|2.A.76.1.1	79.9	204	41	0	1	204	1	204	2.2e-87	318.2
BCW-201833_01026	gnl|TC-DB|P08194|2.A.1.4.3	93.1	421	29	0	1	421	1	421	3.6e-236	813.5
BCW-201833_01027	gnl|TC-DB|P0ADP5|2.A.7.3.61	75.4	280	69	0	1	280	1	280	8.5e-122	433.0
BCW-201833_01038	gnl|TC-DB|P69428|2.A.64.1.1	67.5	83	22	2	1	79	1	82	1.5e-20	94.7
BCW-201833_01039	gnl|TC-DB|P69425|2.A.64.1.1	75.2	113	27	1	1	113	1	112	3.7e-37	151.0
BCW-201833_01040	gnl|TC-DB|P69423|2.A.64.1.1	80.8	240	46	0	1	240	1	240	1.7e-110	395.2
BCW-201833_01045	gnl|TC-DB|Q66DP5|5.B.1.3.1	31.3	230	152	5	3	230	100	325	1.8e-29	125.9
BCW-201833_01050	gnl|TC-DB|P0AFZ7|2.A.38.1.1	89.6	483	50	0	1	483	1	483	1.2e-250	861.7
BCW-201833_01056	gnl|TC-DB|Q9I2M2|3.A.1.109.4	26.0	369	256	7	74	439	33	387	5.1e-18	89.0
BCW-201833_01057	gnl|TC-DB|Q9I2M1|3.A.1.109.4	37.8	658	401	4	68	720	63	717	2.7e-116	416.0
BCW-201833_01058	gnl|TC-DB|Q9I2M0|3.A.1.109.4	40.8	358	207	4	47	401	37	392	2.9e-67	252.3
BCW-201833_01065	gnl|TC-DB|P0C0S1|1.A.23.2.1	73.6	284	75	0	1	284	1	284	4.9e-101	364.0
BCW-201833_01066	gnl|TC-DB|P11667|2.A.75.1.2	75.1	205	50	1	1	205	1	204	1.2e-85	312.4
BCW-201833_01069	gnl|TC-DB|P0AA76|2.A.1.14.7	47.2	424	220	2	12	432	7	429	1.1e-117	419.9
BCW-201833_01086	gnl|TC-DB|P07110|1.B.11.2.1	43.5	837	439	9	16	835	13	832	1.2e-195	679.9
BCW-201833_01094	gnl|TC-DB|Q9UEF7|8.A.49.1.1	28.1	487	289	16	8	476	62	505	4.5e-43	172.2
BCW-201833_01096	gnl|TC-DB|P67153|1.C.113.1.10	82.9	216	37	0	1	216	1	216	2.2e-98	354.8
BCW-201833_01108	gnl|TC-DB|P77389|2.A.1.2.65	47.2	373	197	0	5	377	7	379	7.0e-79	290.8
BCW-201833_01113	gnl|TC-DB|P33225|5.A.3.4.1	41.1	767	423	12	9	751	57	818	2.8e-156	548.9
BCW-201833_01115	gnl|TC-DB|P31119|4.C.1.1.16	73.4	713	190	0	1	713	1	713	0.0e+00	1079.3
BCW-201833_01116	gnl|TC-DB|P39196|2.A.1.42.1	77.0	396	90	1	1	395	1	396	5.0e-165	577.0
BCW-201833_01117	gnl|TC-DB|P0A9T4|8.A.5.1.5	78.3	346	75	0	1	346	1	346	4.4e-157	550.4
BCW-201833_01119	gnl|TC-DB|L5DDD7|2.A.109.2.3	50.7	227	110	1	3	227	371	597	5.3e-61	230.7
BCW-201833_01122	gnl|TC-DB|P08839|8.A.7.1.1	33.6	574	372	7	171	738	2	572	1.1e-88	324.3
BCW-201833_01132	gnl|TC-DB|Q6MDD6|3.A.7.16.1	30.0	430	230	10	158	584	329	690	5.1e-31	132.5
BCW-201833_01154	gnl|TC-DB|C4ZZU4|2.A.1.14.40	81.4	446	83	0	1	446	1	446	1.5e-218	755.0
BCW-201833_01160	gnl|TC-DB|Q93N33|2.A.21.9.2	28.0	410	260	12	265	649	752	1151	7.0e-21	99.4
BCW-201833_01185	gnl|TC-DB|P08722|4.A.1.2.2	38.4	414	243	6	7	409	3	415	1.4e-70	263.5
BCW-201833_01186	gnl|TC-DB|P75733|1.B.25.1.13	51.2	443	202	5	27	459	30	468	8.2e-135	476.9
BCW-201833_01189	gnl|TC-DB|B7LEG0|1.A.34.1.2	72.0	386	92	7	1	377	1	379	6.6e-114	407.1
BCW-201833_01208	gnl|TC-DB|P37908|9.A.40.2.4	79.3	426	88	0	1	426	1	426	6.6e-187	649.8
BCW-201833_01209	gnl|TC-DB|P64432|9.B.14.3.6	79.8	263	52	1	1	262	1	263	2.0e-117	418.3
BCW-201833_01210	gnl|TC-DB|P0AGD7|3.A.5.1.1	87.9	453	55	0	1	453	1	453	2.1e-220	761.1
BCW-201833_01220	gnl|TC-DB|P0AC02|1.B.33.1.3	83.2	244	39	1	1	244	1	242	1.1e-112	402.5
BCW-201833_01223	gnl|TC-DB|Q9FI56|3.A.9.1.2	46.7	854	378	13	12	848	106	899	4.4e-206	714.5
BCW-201833_01239	gnl|TC-DB|P25744|2.A.1.2.20	40.0	395	236	1	14	407	11	405	1.0e-75	280.4
BCW-201833_01262	gnl|TC-DB|P36655|5.A.1.1.1	66.7	562	175	4	5	559	6	562	2.3e-211	731.5
BCW-201833_01263	gnl|TC-DB|P0ABN5|2.A.13.1.1	63.4	434	157	2	1	433	1	433	1.8e-144	508.8
BCW-201833_01273	gnl|TC-DB|B2GH49|9.B.160.1.10	28.4	222	140	7	26	242	169	376	2.7e-16	82.8
BCW-201833_01279	gnl|TC-DB|P0ACA3|1.A.12.3.1	85.2	209	31	0	1	209	1	209	5.2e-100	360.1
BCW-201833_01289	gnl|TC-DB|Q1LZ59|4.A.2.1.7	26.1	153	111	2	8	159	1	152	3.4e-11	64.7
BCW-201833_01292	gnl|TC-DB|P0A9V1|1.B.42.1.2	92.1	241	19	0	1	241	1	241	1.0e-123	439.1
BCW-201833_01293	gnl|TC-DB|P0ADV1|1.B.42.1.2	71.0	186	51	2	1	184	1	185	4.1e-69	257.3
BCW-201833_01294	gnl|TC-DB|P0ADW0|1.B.42.1.2	64.1	192	68	1	1	192	1	191	2.8e-68	254.6
BCW-201833_01297	gnl|TC-DB|P45394|2.A.19.5.1	67.1	325	105	2	1	324	1	324	1.5e-111	399.1
BCW-201833_01298	gnl|TC-DB|P63386|3.A.1.27.3	78.9	265	56	0	1	265	1	265	2.0e-117	418.3
BCW-201833_01299	gnl|TC-DB|P64606|3.A.1.27.3	85.0	260	39	0	1	260	1	260	4.0e-118	420.6
BCW-201833_01300	gnl|TC-DB|P64604|3.A.1.27.3	65.6	180	59	2	1	180	1	177	8.9e-61	229.6
BCW-201833_01301	gnl|TC-DB|P0ADV7|3.A.1.27.3	75.5	212	51	1	1	212	1	211	5.2e-92	333.6
BCW-201833_01302	gnl|TC-DB|P64602|3.A.1.27.3	52.2	90	43	0	1	90	1	90	6.6e-21	96.3
BCW-201833_01315	gnl|TC-DB|C8U2V6|3.A.1.14.2	59.9	309	123	1	11	318	10	318	3.0e-99	358.2
BCW-201833_01316	gnl|TC-DB|Q8ZR35|2.A.1.38.3	63.7	413	149	1	7	418	1	413	1.7e-142	502.3
BCW-201833_01317	gnl|TC-DB|P23876|3.A.1.14.2	67.8	326	103	1	5	328	9	334	5.9e-111	397.1
BCW-201833_01318	gnl|TC-DB|P23877|3.A.1.14.2	60.9	327	128	0	1	327	4	330	3.3e-106	381.3
BCW-201833_01319	gnl|TC-DB|P23878|3.A.1.14.2	69.6	263	80	0	1	263	1	263	8.2e-103	369.8
BCW-201833_01320	gnl|TC-DB|P31552|4.C.1.1.6	21.6	510	339	13	484	961	36	516	1.6e-13	75.5
BCW-201833_01322	gnl|TC-DB|P05825|1.B.14.1.22	68.4	756	216	5	8	756	7	746	3.5e-308	1053.5
BCW-201833_01329	gnl|TC-DB|P55072|3.A.16.1.1	43.9	228	127	1	151	377	473	700	1.6e-56	217.2
BCW-201833_01332	gnl|TC-DB|P0AG99|3.A.5.1.1	87.3	110	13	1	1	110	1	109	1.6e-44	174.9
BCW-201833_01343	gnl|TC-DB|P38919|3.A.18.1.1	36.7	379	235	3	3	378	35	411	2.1e-64	243.4
BCW-201833_01368	gnl|TC-DB|P0AF98|1.B.42.1.2	75.1	366	91	0	31	396	1	366	3.4e-153	537.7
BCW-201833_01369	gnl|TC-DB|P0ADC6|1.B.42.1.2	82.3	356	63	0	2	357	4	359	5.4e-166	580.1
BCW-201833_01372	gnl|TC-DB|Q5V9S2|3.A.1.5.22	20.9	492	358	14	35	509	50	527	2.4e-13	73.6
BCW-201833_01376	gnl|TC-DB|P0AEY1|2.A.95.1.1	76.0	225	50	2	1	225	1	221	1.1e-84	309.3
BCW-201833_01390	gnl|TC-DB|P08956|3.A.17.1.1	27.8	612	313	24	60	570	297	880	1.8e-39	161.0
BCW-201833_01398	gnl|TC-DB|P77549|2.A.1.46.6	45.8	371	201	0	8	378	16	386	5.1e-85	311.2
BCW-201833_01402	gnl|TC-DB|Q9HT68|3.A.1.24.5	46.5	260	134	4	1	257	1	258	2.0e-53	205.7
BCW-201833_01403	gnl|TC-DB|P64534|2.A.113.1.1	51.9	79	38	0	84	162	32	110	4.8e-21	97.4
BCW-201833_01414	gnl|TC-DB|P77228|2.A.1.6.9	44.0	418	222	4	49	463	2	410	9.6e-99	357.1
BCW-201833_01417	gnl|TC-DB|P36035|2.A.1.12.2	30.7	423	248	10	3	386	138	554	1.1e-45	180.6
BCW-201833_01420	gnl|TC-DB|Q1J0W6|9.B.34.1.1	40.4	161	85	4	190	347	193	345	4.4e-22	102.1
BCW-201833_01431	gnl|TC-DB|Q9KN51|3.A.23.1.1	37.0	440	274	3	6	443	6	444	7.3e-80	294.3
BCW-201833_01432	gnl|TC-DB|Q9KN50|3.A.23.1.1	38.2	191	114	3	21	209	37	225	2.8e-33	139.4
BCW-201833_01433	gnl|TC-DB|Q9KN45|3.A.23.1.1	25.8	1227	784	33	17	1201	25	1166	4.7e-89	326.2
BCW-201833_01436	gnl|TC-DB|Q6EE21|3.A.23.2.1	45.2	155	84	1	7	160	5	159	2.2e-32	135.2
BCW-201833_01437	gnl|TC-DB|Q6EE20|3.A.23.2.1	48.9	472	238	2	21	492	22	490	5.8e-134	474.2
BCW-201833_01451	gnl|TC-DB|Q6EE16|3.A.23.2.1	34.2	631	383	14	4	623	3	612	4.2e-89	325.5
BCW-201833_01453	gnl|TC-DB|Q6EE14|3.A.23.2.1	52.9	855	396	3	9	860	8	858	7.5e-246	846.7
BCW-201833_01460	gnl|TC-DB|A8GHT9|2.A.1.36.2	46.5	372	196	2	28	396	25	396	5.4e-74	274.6
BCW-201833_01462	gnl|TC-DB|P31122|2.A.1.2.15	33.0	349	231	1	20	368	11	356	4.9e-43	171.8
BCW-201833_01483	gnl|TC-DB|P76417|2.A.1.10.4	37.7	406	235	6	21	412	6	407	1.3e-67	253.4
BCW-201833_01486	gnl|TC-DB|P76330|9.B.34.1.4	30.5	249	149	6	175	400	304	551	2.2e-17	86.7
BCW-201833_01504	gnl|TC-DB|C5D215|2.A.49.6.2	46.9	578	297	9	12	585	17	588	2.4e-126	449.1
BCW-201833_01505	gnl|TC-DB|P75810|2.A.1.60.2	46.6	367	192	2	7	372	11	374	8.4e-88	320.5
BCW-201833_01507	gnl|TC-DB|M3JA40|1.B.52.2.1	51.2	84	37	1	349	432	283	362	1.5e-13	74.3
BCW-201833_01509	gnl|TC-DB|P76242|2.A.1.17.3	38.4	375	230	1	22	396	19	392	3.1e-66	248.8
BCW-201833_01522	gnl|TC-DB|D9X7X8|2.A.1.3.38	43.0	449	249	4	10	457	27	469	3.3e-83	305.4
BCW-201833_01523	gnl|TC-DB|Q9KWT9|3.A.1.1.10	50.6	358	167	5	1	351	2	356	2.2e-90	328.9
BCW-201833_01525	gnl|TC-DB|Q48397|3.A.1.1.6	31.7	278	179	4	4	278	7	276	3.1e-28	122.1
BCW-201833_01526	gnl|TC-DB|Q72H67|3.A.1.1.25	41.4	290	160	4	1	288	1	282	8.3e-59	223.8
BCW-201833_01529	gnl|TC-DB|P75796|3.A.1.5.11	57.7	601	242	4	9	597	13	613	5.4e-179	624.0
BCW-201833_01532	gnl|TC-DB|P33950|3.A.1.5.27	30.7	463	276	10	72	501	85	535	1.3e-48	190.7
BCW-201833_01533	gnl|TC-DB|P75798|3.A.1.5.11	46.6	305	163	0	1	305	1	305	2.4e-74	275.4
BCW-201833_01534	gnl|TC-DB|W0WMS8|3.A.1.5.39	43.8	267	143	3	29	288	33	299	5.8e-54	207.6
BCW-201833_01543	gnl|TC-DB|P16482|2.A.1.6.1	88.7	434	44	1	3	431	11	444	1.4e-213	738.4
BCW-201833_01546	gnl|TC-DB|O34718|2.A.1.1.26	43.8	463	247	5	26	482	14	469	1.3e-95	346.7
BCW-201833_01559	gnl|TC-DB|Q9CLG8|3.A.1.17.6	45.4	238	107	4	1	223	1	230	6.5e-43	170.6
BCW-201833_01560	gnl|TC-DB|Q57306|3.A.1.17.3	46.2	240	128	1	3	241	4	243	3.9e-51	198.0
BCW-201833_01561	gnl|TC-DB|P44658|3.A.1.17.3	46.2	299	158	3	11	307	14	311	2.4e-74	275.4
BCW-201833_01568	gnl|TC-DB|P09551|3.A.1.3.1	47.7	256	132	2	2	255	3	258	4.2e-64	241.1
BCW-201833_01573	gnl|TC-DB|A9QY47|9.B.50.1.4	77.6	312	70	0	1	312	1	312	9.5e-143	502.7
BCW-201833_01583	gnl|TC-DB|P31679|2.A.1.1.114	39.4	434	256	3	8	440	8	435	4.7e-82	301.6
BCW-201833_01584	gnl|TC-DB|P46136|2.A.7.17.2	59.1	291	119	0	1	291	1	291	2.6e-97	351.7
BCW-201833_01596	gnl|TC-DB|P94369|2.A.39.1.5	34.6	439	279	7	11	446	3	436	1.1e-70	263.8
BCW-201833_01597	gnl|TC-DB|P13036|1.B.14.1.20	32.9	687	416	15	23	688	112	774	3.7e-91	332.4
BCW-201833_01607	gnl|TC-DB|P76249|2.A.76.1.5	48.1	212	110	0	1	212	1	212	9.6e-54	206.5
BCW-201833_01608	gnl|TC-DB|D5CES3|2.A.7.1.10	58.7	104	43	0	1	104	1	104	2.9e-27	117.5
BCW-201833_01612	gnl|TC-DB|P0ABC9|2.A.15.1.4	83.1	667	113	0	8	674	9	675	0.0e+00	1110.1
BCW-201833_01615	gnl|TC-DB|P07021|1.B.6.1.21	57.1	156	66	1	3	157	5	160	1.5e-43	172.2
BCW-201833_01618	gnl|TC-DB|Q9UEF7|8.A.49.1.1	28.7	487	287	17	5	472	60	505	1.9e-41	166.8
BCW-201833_01619	gnl|TC-DB|P24241|4.A.1.2.3	82.0	478	81	3	1	475	1	476	6.9e-209	723.0
BCW-201833_01623	gnl|TC-DB|Q9MUK5|3.A.9.1.1	38.6	171	102	2	68	237	61	229	4.2e-27	119.0
BCW-201833_01625	gnl|TC-DB|P37643|2.A.1.6.10	38.0	442	267	4	1	437	1	440	3.6e-79	292.0
BCW-201833_01626	gnl|TC-DB|Q1J0W6|9.B.34.1.1	34.8	161	92	3	436	593	193	343	1.9e-15	81.3
BCW-201833_01639	gnl|TC-DB|P31679|2.A.1.1.114	40.3	442	257	3	1	441	1	436	2.8e-90	328.9
BCW-201833_01642	gnl|TC-DB|F8G8A9|2.A.118.1.5	26.9	461	317	6	18	462	14	470	1.0e-47	187.6
BCW-201833_01651	gnl|TC-DB|P63183|2.A.72.1.1	57.6	621	263	0	1	621	1	621	1.7e-207	718.8
BCW-201833_01652	gnl|TC-DB|P28635|3.A.1.24.1	51.3	263	128	0	4	266	9	271	4.2e-75	277.7
BCW-201833_01663	gnl|TC-DB|P0AB93|3.A.4.1.1	79.6	427	87	0	1	427	1	427	6.4e-190	659.8
BCW-201833_01684	gnl|TC-DB|O05347|3.A.1.16.2	43.8	201	105	3	16	216	45	237	1.4e-43	172.9
BCW-201833_01690	gnl|TC-DB|P69811|4.A.2.1.1	43.3	134	76	0	1	134	1	134	2.1e-25	111.7
BCW-201833_01692	gnl|TC-DB|O34718|2.A.1.1.26	46.8	459	228	4	13	468	11	456	3.3e-107	385.2
BCW-201833_01694	gnl|TC-DB|D7A5Z9|2.A.113.1.7	29.6	267	153	8	50	294	54	307	5.0e-19	91.7
BCW-201833_01695	gnl|TC-DB|D9X7X8|2.A.1.3.38	38.2	419	249	5	16	430	28	440	5.9e-67	251.5
BCW-201833_01698	gnl|TC-DB|P39115|3.A.1.121.3	27.6	519	317	14	5	518	4	468	4.3e-34	142.5
BCW-201833_01700	gnl|TC-DB|P0AEU0|3.A.1.3.29	28.0	232	151	5	41	259	25	253	3.1e-20	95.5
BCW-201833_01701	gnl|TC-DB|Q8YSA2|3.A.1.3.17	41.1	180	98	3	17	193	276	450	1.4e-25	113.2
BCW-201833_01702	gnl|TC-DB|P10346|3.A.1.3.2	54.6	238	106	1	12	247	2	239	5.7e-66	247.3
BCW-201833_01708	gnl|TC-DB|D4ZZR3|9.B.34.1.3	38.7	181	105	4	314	493	221	396	9.7e-25	111.3
BCW-201833_01709	gnl|TC-DB|C7NLF6|2.A.115.2.6	57.6	205	81	2	16	216	30	232	1.4e-55	212.6
BCW-201833_01714	gnl|TC-DB|P02943|1.B.3.1.1	75.8	446	94	3	1	433	2	446	1.9e-205	711.4
BCW-201833_01715	gnl|TC-DB|P68187|3.A.1.1.1	87.3	371	45	1	1	369	1	371	7.7e-184	639.4
BCW-201833_01716	gnl|TC-DB|P0AEX9|3.A.1.1.1	81.1	396	75	0	1	396	1	396	8.8e-194	672.5
BCW-201833_01717	gnl|TC-DB|P02916|3.A.1.1.1	76.8	500	113	2	14	510	15	514	1.6e-219	758.4
BCW-201833_01718	gnl|TC-DB|P68183|3.A.1.1.1	90.5	296	28	0	1	296	1	296	2.2e-149	524.6
BCW-201833_01731	gnl|TC-DB|G3IME2|9.B.35.1.2	36.5	137	83	3	3	137	7	141	1.3e-19	92.4
BCW-201833_01738	gnl|TC-DB|P0AA76|2.A.1.14.7	35.5	420	260	6	6	418	12	427	7.7e-66	247.7
BCW-201833_01744	gnl|TC-DB|P0AAD2|2.A.42.1.2	49.0	410	203	2	4	408	5	413	6.3e-102	367.5
BCW-201833_01751	gnl|TC-DB|O32182|2.A.1.3.33	24.9	410	302	5	4	409	12	419	3.3e-27	119.4
BCW-201833_01756	gnl|TC-DB|O34718|2.A.1.1.26	52.1	453	207	3	24	473	10	455	8.6e-119	423.7
BCW-201833_01757	gnl|TC-DB|P76350|2.A.1.6.6	35.9	437	274	5	4	435	3	438	1.0e-73	273.9
BCW-201833_01758	gnl|TC-DB|Q8Z537|2.A.7.22.2	39.8	123	72	1	3	123	2	124	1.3e-13	72.4
BCW-201833_01759	gnl|TC-DB|P81891|2.A.7.22.2	50.9	106	51	1	4	108	4	109	7.2e-21	96.3
BCW-201833_01760	gnl|TC-DB|G8LJX5|9.B.142.2.2	57.8	540	227	1	10	549	10	548	4.5e-188	654.1
BCW-201833_01763	gnl|TC-DB|P77757|4.D.2.1.8	73.7	316	83	0	1	316	1	316	6.9e-136	479.9
BCW-201833_01765	gnl|TC-DB|P22610|3.A.15.2.1	45.2	252	118	6	11	244	20	269	4.8e-44	174.5
BCW-201833_01772	gnl|TC-DB|P25527|2.A.3.1.4	64.4	441	157	0	9	449	10	450	7.2e-155	543.5
BCW-201833_01778	gnl|TC-DB|Q8X6C1|1.B.12.1.6	23.2	697	438	27	1300	1929	616	1282	2.6e-15	82.0
BCW-201833_01784	gnl|TC-DB|P17583|2.A.1.17.1	40.9	372	215	2	12	379	3	373	5.4e-47	184.9
BCW-201833_01795	gnl|TC-DB|P0AEM9|3.A.1.3.10	28.3	219	144	4	67	284	52	258	1.1e-13	73.9
BCW-201833_01796	gnl|TC-DB|Q9F3K7|3.A.1.3.24	56.3	252	110	0	13	264	2	253	4.8e-79	290.8
BCW-201833_01797	gnl|TC-DB|Q9F3K6|3.A.1.3.24	38.7	284	167	3	7	290	23	299	8.1e-46	180.6
BCW-201833_01799	gnl|TC-DB|P0AEM9|3.A.1.3.10	27.8	230	152	7	64	291	42	259	1.5e-15	80.1
BCW-201833_01806	gnl|TC-DB|P0AAP1|9.B.34.1.2	32.6	178	113	4	336	513	198	368	1.6e-17	87.4
BCW-201833_01809	gnl|TC-DB|P39115|3.A.1.121.3	29.1	539	322	10	1	506	1	512	5.0e-49	192.2
BCW-201833_01810	gnl|TC-DB|Q84BQ3|3.A.1.122.12	39.6	364	206	5	25	384	4	357	9.0e-50	194.1
BCW-201833_01811	gnl|TC-DB|P75831|3.A.1.122.1	50.1	651	311	7	3	645	4	648	1.4e-164	576.2
BCW-201833_01817	gnl|TC-DB|P16869|1.B.14.1.1	49.9	725	330	10	22	727	19	729	3.2e-202	701.4
BCW-201833_01819	gnl|TC-DB|Q9ZGB6|2.A.1.3.32	37.4	484	301	1	17	498	15	498	8.0e-91	330.9
BCW-201833_01823	gnl|TC-DB|B0T2Y9|5.A.1.5.2	46.0	411	214	2	4	406	326	736	4.7e-89	324.7
BCW-201833_01828	gnl|TC-DB|Q9HT69|3.A.1.24.5	46.0	202	109	0	8	209	17	218	1.6e-43	172.6
BCW-201833_01829	gnl|TC-DB|Q9HT70|3.A.1.24.5	44.6	341	159	5	32	359	10	333	4.3e-70	261.5
BCW-201833_01830	gnl|TC-DB|P28635|3.A.1.24.1	40.7	241	137	5	28	264	33	271	1.7e-39	159.5
BCW-201833_01838	gnl|TC-DB|Q9KLQ5|3.A.1.20.2	48.4	345	172	2	9	351	7	347	3.9e-84	308.1
BCW-201833_01839	gnl|TC-DB|Q9KLQ6|3.A.1.20.2	41.2	713	370	7	8	718	27	692	2.0e-138	489.6
BCW-201833_01840	gnl|TC-DB|A3N294|3.A.1.20.3	48.7	339	165	5	5	337	7	342	6.0e-82	300.8
BCW-201833_01848	gnl|TC-DB|P16869|1.B.14.1.1	56.6	735	305	7	1	728	2	729	2.1e-246	848.2
BCW-201833_01858	gnl|TC-DB|P20099|5.A.3.4.3	37.5	771	460	15	6	760	10	774	1.2e-146	516.9
BCW-201833_01859	gnl|TC-DB|Q9F3K7|3.A.1.3.24	56.1	253	111	0	1	253	1	253	7.1e-80	293.5
BCW-201833_01860	gnl|TC-DB|Q9F3K6|3.A.1.3.24	38.7	297	176	2	11	307	23	313	1.9e-55	212.6
BCW-201833_01861	gnl|TC-DB|Q9F3K5|3.A.1.3.24	29.2	271	167	10	40	293	55	317	4.7e-22	101.7
BCW-201833_01862	gnl|TC-DB|O54507|1.B.14.1.3	64.6	712	244	6	20	726	19	727	4.6e-273	936.8
BCW-201833_01868	gnl|TC-DB|Q01674|1.B.14.1.17	26.8	721	439	27	38	709	28	708	4.5e-47	186.0
BCW-201833_01871	gnl|TC-DB|P0ABJ9|3.D.4.3.2	30.3	492	266	7	3	428	7	487	6.1e-50	194.9
BCW-201833_01873	gnl|TC-DB|P07658|3.D.1.9.2	33.7	707	452	9	261	954	1	703	8.5e-121	431.4
BCW-201833_01879	gnl|TC-DB|P0AGF4|2.A.1.1.3	39.1	488	252	7	4	460	2	475	5.4e-81	298.1
BCW-201833_01881	gnl|TC-DB|O05390|2.A.1.18.3	36.3	413	255	4	1	413	1	405	6.5e-73	271.2
BCW-201833_01890	gnl|TC-DB|P0C0L7|2.A.1.6.4	51.2	455	217	2	12	462	10	463	8.9e-132	466.8
BCW-201833_01891	gnl|TC-DB|P0C0L7|2.A.1.6.4	36.0	431	252	8	12	426	24	446	1.5e-66	250.0
BCW-201833_01897	gnl|TC-DB|A8ALD3|2.A.49.5.5	66.0	468	158	1	4	470	3	470	4.8e-170	594.0
BCW-201833_01904	gnl|TC-DB|Q8RVC7|3.A.1.6.7	27.6	203	143	1	44	242	198	400	2.6e-13	72.4
BCW-201833_01910	gnl|TC-DB|O50455|1.A.35.3.5	35.4	314	189	4	2	302	34	346	6.5e-54	207.6
BCW-201833_01912	gnl|TC-DB|Q1D212|2.A.78.2.3	33.9	236	127	2	8	214	9	244	3.7e-32	134.8
BCW-201833_01915	gnl|TC-DB|Q9F9T4|3.A.1.5.23	31.9	496	286	9	19	463	40	534	4.7e-53	205.3
BCW-201833_01916	gnl|TC-DB|W0WMS8|3.A.1.5.39	33.6	253	160	4	10	255	36	287	1.0e-20	97.1
BCW-201833_01917	gnl|TC-DB|P75798|3.A.1.5.11	37.1	299	183	1	7	305	8	301	1.2e-44	176.8
BCW-201833_01918	gnl|TC-DB|G8V0I4|3.A.1.5.33	22.5	530	385	10	1	506	4	531	7.9e-30	128.3
BCW-201833_01922	gnl|TC-DB|F4MY44|1.B.1.1.16	53.5	374	166	4	1	373	1	367	2.2e-106	382.1
BCW-201833_01931	gnl|TC-DB|Q9X4X4|2.A.1.30.1	35.4	542	346	3	4	543	1	540	4.3e-90	328.6
BCW-201833_01947	gnl|TC-DB|C4X746|4.A.3.2.7	52.0	98	47	0	3	100	16	113	2.0e-22	101.3
BCW-201833_01948	gnl|TC-DB|Q86Z14|8.A.49.1.2	25.8	473	300	14	5	465	81	514	1.5e-38	157.1
BCW-201833_01949	gnl|TC-DB|Q9KSH4|4.A.3.2.6	44.2	434	241	1	4	437	6	438	3.3e-117	418.3
BCW-201833_01950	gnl|TC-DB|Q9KSH5|4.A.3.2.6	49.0	100	51	0	1	100	1	100	3.4e-20	94.0
BCW-201833_01952	gnl|TC-DB|M3JA40|1.B.52.2.1	40.2	117	67	1	442	558	283	396	7.7e-14	75.5
BCW-201833_01957	gnl|TC-DB|P15031|3.A.1.14.1	40.1	242	142	1	1	239	1	242	4.3e-45	177.9
BCW-201833_01958	gnl|TC-DB|O68878|3.A.1.14.21	32.9	337	193	9	23	339	2	325	7.7e-29	124.4
BCW-201833_01962	gnl|TC-DB|P42308|2.A.11.1.2	54.9	437	183	1	1	437	1	423	5.9e-130	460.7
BCW-201833_01968	gnl|TC-DB|P42237|2.A.1.14.1	55.2	446	196	4	6	449	7	450	7.0e-134	473.8
BCW-201833_01974	gnl|TC-DB|P42308|2.A.11.1.2	30.2	430	289	5	3	427	1	424	3.7e-52	202.2
BCW-201833_01976	gnl|TC-DB|P02925|3.A.1.2.1	29.1	302	202	4	1	296	1	296	4.5e-28	121.7
BCW-201833_01979	gnl|TC-DB|E1WAV3|2.A.1.1.120	45.5	444	242	0	18	461	1	444	2.6e-123	438.7
BCW-201833_01980	gnl|TC-DB|Q9KN48|3.A.23.1.1	38.9	262	157	3	341	601	195	454	5.9e-46	182.2
BCW-201833_01986	gnl|TC-DB|P76417|2.A.1.10.4	73.3	415	107	2	1	415	1	411	3.7e-174	607.4
BCW-201833_01987	gnl|TC-DB|P70786|2.A.1.14.3	43.2	417	226	4	17	429	24	433	7.4e-93	337.4
BCW-201833_02002	gnl|TC-DB|O85763|3.A.1.17.2	46.6	281	150	0	354	634	31	311	2.2e-69	260.0
BCW-201833_02006	gnl|TC-DB|O34691|2.A.1.82.4	21.5	442	289	9	37	471	10	400	1.3e-13	74.3
BCW-201833_02008	gnl|TC-DB|O85763|3.A.1.17.2	47.0	304	157	1	8	311	13	312	4.7e-81	297.7
BCW-201833_02009	gnl|TC-DB|E0LV84|2.A.85.1.4	62.9	684	243	3	1	676	1	681	4.7e-243	837.0
BCW-201833_02013	gnl|TC-DB|Q9F3K7|3.A.1.3.24	54.9	244	99	2	11	243	10	253	3.0e-67	251.5
BCW-201833_02014	gnl|TC-DB|A1VZQ3|3.A.1.3.16	35.4	198	128	0	13	210	45	242	8.5e-34	140.2
BCW-201833_02015	gnl|TC-DB|P42200|3.A.1.3.14	41.8	196	113	1	20	214	33	228	4.1e-32	134.8
BCW-201833_02016	gnl|TC-DB|Q8RCC4|3.A.1.3.27	29.3	232	158	4	40	266	28	258	7.2e-25	110.9
BCW-201833_02020	gnl|TC-DB|P94400|9.B.10.1.1	54.5	396	172	4	10	401	1	392	7.8e-113	403.7
BCW-201833_02027	gnl|TC-DB|F2WVP9|2.A.1.60.3	41.2	374	216	2	9	381	5	375	3.7e-64	241.9
BCW-201833_02028	gnl|TC-DB|Q05839|8.A.9.1.1	30.7	518	290	12	4	496	107	580	2.3e-67	253.1
BCW-201833_02029	gnl|TC-DB|P36672|4.A.1.2.4	72.1	473	132	0	1	473	1	473	2.8e-194	674.5
BCW-201833_02032	gnl|TC-DB|P0AAP1|9.B.34.1.2	33.0	342	227	2	5	345	25	365	8.5e-47	184.1
BCW-201833_02039	gnl|TC-DB|Q5G3L7|3.A.7.19.1	44.3	79	44	0	1	79	9	87	1.3e-12	68.6
BCW-201833_02040	gnl|TC-DB|P76330|9.B.34.1.4	32.1	131	85	1	164	290	398	528	6.7e-11	64.7
BCW-201833_02043	gnl|TC-DB|Q9S2Y1|1.A.23.7.1	39.0	269	162	1	79	345	70	338	8.8e-52	200.7
BCW-201833_02071	gnl|TC-DB|P77377|2.A.66.2.7	36.2	207	132	0	1	207	1	207	4.3e-38	154.5
BCW-201833_02081	gnl|TC-DB|P0AGM9|2.A.40.4.2	89.0	462	51	0	1	462	1	462	4.6e-226	780.0
BCW-201833_02085	gnl|TC-DB|P0A8K8|9.B.126.2.1	76.7	287	65	1	3	289	5	289	2.1e-107	385.2
BCW-201833_02089	gnl|TC-DB|Q9HV74|2.A.21.9.1	26.2	359	222	12	11	346	636	974	4.6e-21	98.6
BCW-201833_02090	gnl|TC-DB|Q9KN48|3.A.23.1.1	37.6	335	199	3	140	466	193	525	3.7e-50	195.7
BCW-201833_02095	gnl|TC-DB|P0A4L7|5.A.2.1.2	28.3	219	129	9	8	208	14	222	3.3e-14	75.1
BCW-201833_02111	gnl|TC-DB|W0WMS8|3.A.1.5.39	54.8	73	33	0	2	74	228	300	3.0e-18	87.0
BCW-201833_02126	gnl|TC-DB|P0AEP1|2.A.1.1.1	84.6	456	70	0	7	462	6	461	9.2e-219	755.7
BCW-201833_02133	gnl|TC-DB|P24559|3.A.15.2.1	45.5	330	179	1	1	330	1	329	6.4e-73	270.8
BCW-201833_02135	gnl|TC-DB|P64564|9.A.4.1.2	57.3	192	70	3	1	184	1	188	2.4e-53	204.9
BCW-201833_02146	gnl|TC-DB|A8GDS6|3.A.1.14.16	60.4	255	101	0	4	258	6	260	4.5e-82	300.8
BCW-201833_02147	gnl|TC-DB|A8GDS7|3.A.1.14.16	66.1	319	108	0	12	330	14	332	1.0e-110	396.4
BCW-201833_02148	gnl|TC-DB|A8GDS8|3.A.1.14.16	55.6	268	119	0	2	269	7	274	4.2e-78	287.7
BCW-201833_02150	gnl|TC-DB|P96949|1.B.14.2.3	21.4	827	508	26	37	773	36	810	1.7e-23	107.8
BCW-201833_02157	gnl|TC-DB|P0ABK2|3.D.4.3.2	28.6	377	216	10	1	331	1	370	3.7e-36	148.7
BCW-201833_02163	gnl|TC-DB|Q9X4X4|2.A.1.30.1	34.8	514	315	5	7	509	15	519	1.4e-69	260.4
BCW-201833_02169	gnl|TC-DB|D4E385|1.E.2.1.11	40.0	125	67	2	6	130	115	231	1.4e-18	89.0
BCW-201833_02173	gnl|TC-DB|P76330|9.B.34.1.4	37.4	99	51	2	152	242	391	486	6.7e-11	64.7
BCW-201833_02180	gnl|TC-DB|O53183|2.A.1.2.71	39.6	376	222	3	7	378	14	388	9.8e-60	227.3
BCW-201833_02182	gnl|TC-DB|U5MIE1|4.A.3.2.9	78.4	97	21	0	2	98	3	99	8.9e-34	139.0
BCW-201833_02183	gnl|TC-DB|U5MLJ3|4.A.3.2.9	70.8	96	28	0	10	105	5	100	8.2e-28	119.4
BCW-201833_02185	gnl|TC-DB|P46317|4.A.3.2.2	53.0	432	202	1	6	437	7	437	3.5e-130	461.5
BCW-201833_02196	gnl|TC-DB|M3JA40|1.B.52.2.1	38.6	171	83	3	287	437	249	417	2.8e-15	79.7
BCW-201833_02200	gnl|TC-DB|P76330|9.B.34.1.4	38.7	181	100	4	64	234	380	559	1.2e-25	113.2
BCW-201833_02213	gnl|TC-DB|P0AAP1|9.B.34.1.2	31.2	176	120	1	514	689	194	368	3.6e-20	97.1
BCW-201833_02219	gnl|TC-DB|P76298|1.A.104.1.1	41.1	567	316	5	1	565	139	689	2.4e-112	402.5
BCW-201833_02226	gnl|TC-DB|Q6XBY3|1.B.11.6.1	37.9	804	445	17	30	788	32	826	7.2e-142	501.1
BCW-201833_02228	gnl|TC-DB|P16482|2.A.1.6.1	62.4	412	153	1	11	422	25	434	1.6e-143	505.8
BCW-201833_02230	gnl|TC-DB|P0ABV2|1.A.30.2.1	76.3	139	33	0	1	139	1	139	1.7e-54	208.4
BCW-201833_02231	gnl|TC-DB|P0ABU7|1.A.30.2.1	74.1	247	61	1	51	297	1	244	2.2e-88	322.0
BCW-201833_02233	gnl|TC-DB|P0AA60|9.B.27.2.1	71.2	215	62	0	1	215	1	215	8.0e-88	319.7
BCW-201833_02236	gnl|TC-DB|P36649|1.B.76.1.8	31.3	511	296	8	5	464	3	509	3.1e-60	229.2
BCW-201833_02240	gnl|TC-DB|Q1R4S9|4.A.2.1.9	75.5	155	38	0	1	155	1	155	1.0e-60	229.2
BCW-201833_02241	gnl|TC-DB|Q8FC73|4.A.2.1.9	84.2	101	16	0	1	101	1	101	7.3e-39	156.0
BCW-201833_02242	gnl|TC-DB|Q1R4T1|4.A.2.1.9	85.4	363	53	0	1	363	1	363	4.8e-146	513.8
BCW-201833_02258	gnl|TC-DB|P02930|1.B.17.1.1	77.6	455	100	1	1	453	1	455	1.3e-178	622.5
BCW-201833_02262	gnl|TC-DB|P0A8H3|2.A.5.5.1	77.8	257	55	1	1	255	1	257	2.4e-96	348.2
BCW-201833_02273	gnl|TC-DB|P60782|9.B.31.1.1	84.5	200	31	0	1	200	1	200	1.7e-92	335.1
BCW-201833_02291	gnl|TC-DB|Q9KW03|9.A.33.1.1	43.8	160	85	1	2	156	5	164	2.1e-31	133.3
BCW-201833_02299	gnl|TC-DB|582031876|1.M.1.3.7	55.1	138	62	0	1	138	1	138	1.1e-34	142.5
BCW-201833_02302	gnl|TC-DB|B2VHA2|1.E.25.2.2	64.7	68	24	0	3	70	4	71	2.1e-21	97.4
BCW-201833_02338	gnl|TC-DB|Q9KW03|9.A.33.1.1	45.6	160	82	2	2	156	5	164	1.2e-30	131.0
BCW-201833_02346	gnl|TC-DB|B2VHA2|1.E.25.2.2	45.1	71	39	0	3	73	1	71	1.1e-14	75.1
BCW-201833_02355	gnl|TC-DB|Q9I2M0|3.A.1.109.4	41.6	380	217	2	29	407	18	393	7.5e-79	290.8
BCW-201833_02356	gnl|TC-DB|Q88RG3|3.A.1.109.3	39.8	706	411	5	24	728	19	711	3.1e-134	475.7
BCW-201833_02358	gnl|TC-DB|P76330|9.B.34.1.4	32.7	217	126	4	253	459	351	557	2.0e-19	93.6
BCW-201833_02359	gnl|TC-DB|Q8F8H7|2.A.53.3.8	36.3	498	296	4	4	483	22	516	1.6e-75	280.0
BCW-201833_02360	gnl|TC-DB|Q8F8H7|2.A.53.3.8	40.8	196	105	2	7	201	544	729	4.2e-33	137.9
BCW-201833_02363	gnl|TC-DB|P39344|2.A.8.1.2	80.0	439	88	0	1	439	1	439	5.5e-189	656.8
BCW-201833_02372	gnl|TC-DB|Q9HPN8|2.A.49.6.4	26.9	360	224	8	16	341	184	538	7.0e-19	92.0
BCW-201833_02374	gnl|TC-DB|P42601|2.A.109.1.7	72.4	319	87	1	1	319	1	318	1.3e-123	439.1
BCW-201833_02375	gnl|TC-DB|P0AGE4|2.A.23.4.1	73.9	394	103	0	12	405	13	406	9.9e-156	546.2
BCW-201833_02379	gnl|TC-DB|P0AA63|9.B.27.2.2	76.3	215	51	0	1	215	1	215	4.5e-94	340.5
BCW-201833_02383	gnl|TC-DB|P64585|1.E.34.2.1	72.9	129	34	1	1	128	1	129	2.0e-41	164.9
BCW-201833_02387	gnl|TC-DB|P69210|2.A.7.1.9	73.4	109	29	0	1	109	1	109	3.3e-42	167.2
BCW-201833_02388	gnl|TC-DB|P69213|2.A.7.1.9	76.1	109	26	0	2	110	3	111	4.8e-39	156.8
BCW-201833_02412	gnl|TC-DB|M3JA40|1.B.52.2.1	46.0	87	47	0	324	410	253	339	6.2e-14	75.5
BCW-201833_02417	gnl|TC-DB|P39321|9.B.22.1.2	64.5	1259	444	3	1	1256	1	1259	0.0e+00	1682.9
BCW-201833_02418	gnl|TC-DB|P0ADE4|1.B.33.2.4	69.9	572	170	2	8	579	8	577	6.5e-246	846.3
BCW-201833_02419	gnl|TC-DB|Q0PBV6|9.A.40.2.2	22.0	413	316	4	15	424	36	445	6.1e-34	141.7
BCW-201833_02432	gnl|TC-DB|M3JA40|1.B.52.2.1	41.0	105	57	3	482	582	287	390	9.4e-12	68.6
BCW-201833_02455	gnl|TC-DB|B0SM05|2.A.25.1.6	34.6	260	158	5	12	267	468	719	1.0e-40	163.7
BCW-201833_02456	gnl|TC-DB|P39285|1.A.23.1.3	66.6	1111	367	3	1	1111	1	1107	0.0e+00	1355.5
BCW-201833_02464	gnl|TC-DB|P46481|2.A.85.1.2	63.9	646	230	2	3	647	9	652	1.0e-231	799.3
BCW-201833_02465	gnl|TC-DB|P46482|8.A.1.7.1	74.2	310	79	1	1	309	1	310	2.0e-124	441.8
BCW-201833_02466	gnl|TC-DB|D7XN98|8.A.48.1.2	82.1	67	12	0	1	67	24	90	3.1e-27	116.7
BCW-201833_02473	gnl|TC-DB|P0ABH4|9.B.157.1.3	80.9	162	31	0	1	162	1	162	2.2e-74	274.6
BCW-201833_02474	gnl|TC-DB|P16926|9.B.157.1.3	87.1	309	40	0	1	309	1	309	6.1e-151	530.0
BCW-201833_02475	gnl|TC-DB|P0A9X4|9.B.157.1.3	99.7	347	1	0	1	347	1	347	5.0e-193	669.8
BCW-201833_02478	gnl|TC-DB|Q8XB73|5.B.7.1.1	69.0	200	62	0	1	200	1	200	8.7e-73	269.6
BCW-201833_02483	gnl|TC-DB|P16256|2.A.21.1.1	75.4	472	116	0	1	472	1	472	5.5e-198	686.8
BCW-201833_02488	gnl|TC-DB|P45766|3.A.1.3.26	83.6	341	56	0	1	341	1	341	6.5e-169	589.7
BCW-201833_02489	gnl|TC-DB|P45767|3.A.1.3.26	80.8	390	75	0	3	392	4	393	3.3e-177	617.5
BCW-201833_02490	gnl|TC-DB|P45768|3.A.1.3.26	83.4	362	59	1	5	366	7	367	6.1e-173	603.2
BCW-201833_02491	gnl|TC-DB|P45769|3.A.1.3.26	88.9	253	27	1	1	253	1	252	4.4e-130	460.3
BCW-201833_02507	gnl|TC-DB|P37643|2.A.1.6.10	82.1	441	77	2	1	440	1	440	3.9e-198	687.2
BCW-201833_02508	gnl|TC-DB|P37642|9.B.126.1.1	71.6	313	88	1	14	326	20	331	4.0e-123	437.6
BCW-201833_02517	gnl|TC-DB|P76264|2.A.107.1.1	64.3	185	66	0	1	185	1	185	1.7e-62	235.3
BCW-201833_02519	gnl|TC-DB|P36672|4.A.1.2.4	72.8	463	126	0	1	463	2	464	4.8e-194	673.7
BCW-201833_02524	gnl|TC-DB|P39398|2.A.1.14.33	73.7	426	112	0	21	446	24	449	2.2e-180	628.2
BCW-201833_02527	gnl|TC-DB|P37002|1.A.43.1.1	55.1	118	53	0	1	118	1	118	3.6e-32	134.0
BCW-201833_02531	gnl|TC-DB|Q2G2M9|3.A.1.106.2	30.9	579	388	8	29	602	5	576	2.8e-66	249.6
BCW-201833_02534	gnl|TC-DB|P0AEE5|3.A.1.2.3	30.1	326	202	8	3	302	7	332	1.2e-30	130.2
BCW-201833_02535	gnl|TC-DB|Q8FDB7|2.A.1.14.14	47.5	436	224	3	7	441	9	440	7.3e-107	384.0
BCW-201833_02537	gnl|TC-DB|C0QCR7|8.A.59.4.1	40.6	138	74	3	172	301	401	538	1.7e-24	110.2
BCW-201833_02538	gnl|TC-DB|P03959|3.A.3.7.1	76.3	556	130	1	1	554	1	556	9.4e-234	805.8
BCW-201833_02539	gnl|TC-DB|P03960|3.A.3.7.1	82.6	682	119	0	1	682	1	682	4.3e-314	1073.2
BCW-201833_02540	gnl|TC-DB|P03961|3.A.3.7.1	59.6	188	76	0	1	188	1	188	2.5e-53	204.9
BCW-201833_02544	gnl|TC-DB|P76628|2.A.1.36.3	34.9	384	244	2	11	393	4	382	3.4e-52	202.2
BCW-201833_02560	gnl|TC-DB|P0A8S5|9.B.4.1.1	83.6	110	18	0	1	110	1	110	9.8e-50	192.2
BCW-201833_02561	gnl|TC-DB|P0AFJ7|2.A.20.1.1	78.8	500	104	2	19	517	1	499	8.4e-221	762.7
BCW-201833_02569	gnl|TC-DB|P0C0L7|2.A.1.6.4	85.6	499	72	0	3	501	2	500	1.6e-248	854.7
BCW-201833_02575	gnl|TC-DB|P0AGM0|2.A.86.1.2	52.5	345	163	1	3	346	2	346	1.7e-84	309.3
BCW-201833_02576	gnl|TC-DB|P0AF01|3.A.1.8.1	29.8	215	128	4	56	251	6	216	1.4e-11	67.8
BCW-201833_02577	gnl|TC-DB|Q9KLQ7|3.A.1.20.2	27.2	272	178	6	3	259	18	284	3.1e-21	99.0
BCW-201833_02578	gnl|TC-DB|Q9WYQ2|3.A.1.1.38	48.6	214	106	1	7	220	4	213	7.1e-50	193.7
BCW-201833_02579	gnl|TC-DB|P37621|2.A.1.46.7	66.7	396	132	0	1	396	1	396	4.0e-146	514.2
BCW-201833_02589	gnl|TC-DB|P09391|9.B.104.1.1	62.9	275	102	0	1	275	1	275	2.4e-97	351.7
BCW-201833_02609	gnl|TC-DB|Q0HIQ0|2.A.2.3.7	59.8	443	178	0	2	444	5	447	1.9e-144	508.8
BCW-201833_02617	gnl|TC-DB|Q1R5P6|1.B.22.4.2	49.8	410	203	1	2	411	3	409	1.2e-105	379.8
BCW-201833_02627	gnl|TC-DB|K6JRX1|1.A.16.3.4	80.2	257	51	0	1	257	1	257	1.4e-118	422.2
BCW-201833_02630	gnl|TC-DB|P60778|2.A.1.7.14	75.8	392	85	4	1	387	1	387	7.0e-159	556.6
BCW-201833_02638	gnl|TC-DB|P45537|2.A.85.1.3	71.1	688	196	2	1	685	5	692	1.1e-287	985.3
BCW-201833_02646	gnl|TC-DB|Q47537|3.A.1.17.1	79.4	320	65	1	2	321	1	319	2.0e-143	505.0
BCW-201833_02647	gnl|TC-DB|Q47538|3.A.1.17.1	76.0	254	61	0	1	254	1	254	2.5e-109	391.3
BCW-201833_02648	gnl|TC-DB|Q47539|3.A.1.17.1	82.7	278	43	2	1	276	1	275	1.4e-118	422.2
BCW-201833_02650	gnl|TC-DB|Q83XH1|3.A.1.121.4	30.9	515	346	5	25	530	1	514	1.5e-68	257.3
BCW-201833_02651	gnl|TC-DB|P0A756|2.A.37.1.2	75.3	182	45	0	1	182	2	183	7.6e-84	306.2
BCW-201833_02652	gnl|TC-DB|P45522|2.A.37.1.2	82.6	599	104	0	1	599	1	599	2.4e-275	944.1
BCW-201833_02670	gnl|TC-DB|P77389|2.A.1.2.65	41.4	391	213	8	5	390	7	386	4.8e-67	251.5
BCW-201833_02679	gnl|TC-DB|P94575|2.A.39.3.4	32.0	488	318	5	6	489	2	479	1.7e-74	276.6
BCW-201833_02689	gnl|TC-DB|P35113|3.A.1.3.6	32.2	214	134	3	13	216	10	222	1.2e-19	93.2
BCW-201833_02690	gnl|TC-DB|P0AFT2|3.A.1.3.10	35.3	207	132	2	8	213	10	215	7.1e-28	120.6
BCW-201833_02691	gnl|TC-DB|Q9I488|3.A.1.3.21	56.5	239	104	0	3	241	1	239	3.7e-70	261.2
BCW-201833_02709	gnl|TC-DB|P02932|1.B.1.1.2	65.9	361	112	4	1	360	1	351	2.6e-136	481.5
BCW-201833_02727	gnl|TC-DB|P11551|2.A.1.7.1	41.1	411	214	5	24	408	28	436	9.4e-74	273.9
BCW-201833_02739	gnl|TC-DB|P9WG63|5.A.1.2.9	31.6	433	249	7	4	395	119	545	2.4e-50	196.1
BCW-201833_02744	gnl|TC-DB|P0AAD6|2.A.42.2.1	78.6	430	90	2	1	429	1	429	7.1e-189	656.4
BCW-201833_02745	gnl|TC-DB|M3JA40|1.B.52.2.1	45.9	85	46	0	347	431	278	362	6.9e-13	72.0
BCW-201833_02747	gnl|TC-DB|P38919|3.A.18.1.1	37.0	349	217	3	22	368	57	404	7.6e-64	241.1
BCW-201833_02751	gnl|TC-DB|P17583|2.A.1.17.1	45.4	372	200	2	10	378	2	373	1.6e-75	279.6
BCW-201833_02752	gnl|TC-DB|P33231|2.A.14.1.1	84.9	551	81	1	1	549	1	551	8.6e-264	905.6
BCW-201833_02760	gnl|TC-DB|Q9KSH5|4.A.3.2.6	45.5	101	55	0	1	101	1	101	7.2e-23	102.8
BCW-201833_02761	gnl|TC-DB|Q9KSH4|4.A.3.2.6	49.7	435	216	1	6	437	8	442	3.1e-123	438.3
BCW-201833_02762	gnl|TC-DB|U5MLJ3|4.A.3.2.9	52.5	101	48	0	1	101	1	101	4.3e-23	103.6
BCW-201833_02763	gnl|TC-DB|Q9UEF7|8.A.49.1.1	30.0	493	276	12	7	473	59	508	2.6e-51	199.5
BCW-201833_02766	gnl|TC-DB|P76330|9.B.34.1.4	33.9	168	105	4	417	579	391	557	1.3e-13	75.1
BCW-201833_02770	gnl|TC-DB|P25744|2.A.1.2.20	59.8	391	156	1	7	397	11	400	4.3e-127	451.1
BCW-201833_02791	gnl|TC-DB|G4QI94|1.B.48.1.5	30.6	232	148	5	1	222	1	229	1.8e-26	115.9
BCW-201833_02800	gnl|TC-DB|P0AD99|2.A.26.1.10	76.2	433	103	0	1	433	1	433	6.8e-187	649.8
BCW-201833_02801	gnl|TC-DB|P0AAE2|2.A.3.1.23	84.6	448	69	0	1	448	1	448	3.9e-214	740.3
BCW-201833_02807	gnl|TC-DB|P0ADZ7|3.A.5.1.1	91.8	110	9	0	1	110	1	110	5.1e-51	196.4
BCW-201833_02808	gnl|TC-DB|P0AG90|2.A.6.4.1	84.6	604	93	0	1	604	12	615	1.3e-284	974.9
BCW-201833_02809	gnl|TC-DB|P0AG93|2.A.6.4.1	78.0	323	70	1	1	322	1	323	3.1e-136	481.1
BCW-201833_02818	gnl|TC-DB|P77735|8.A.5.1.6	74.9	319	80	0	6	324	6	324	9.5e-138	486.1
BCW-201833_02826	gnl|TC-DB|Q9KN48|3.A.23.1.1	43.4	228	123	3	304	527	205	430	1.7e-44	177.2
BCW-201833_02829	gnl|TC-DB|P77726|2.A.1.2.60	77.2	451	103	0	1	451	1	451	2.7e-191	664.5
BCW-201833_02831	gnl|TC-DB|P0ABJ6|3.D.4.5.1	54.1	109	50	0	1	109	1	109	2.5e-26	114.4
BCW-201833_02832	gnl|TC-DB|P0ABJ3|3.D.4.5.1	83.4	205	32	2	1	204	1	204	2.4e-94	341.3
BCW-201833_02833	gnl|TC-DB|P0ABI8|3.D.4.5.1	85.6	660	95	0	1	660	1	660	0.0e+00	1184.9
BCW-201833_02834	gnl|TC-DB|P0ABJ1|3.D.4.5.1	80.1	282	56	0	1	282	1	282	2.0e-129	458.4
BCW-201833_02835	gnl|TC-DB|P0AE16|2.A.1.25.2	69.9	488	146	1	1	488	1	487	4.3e-190	660.6
BCW-201833_02844	gnl|TC-DB|A1EMW4|3.A.11.2.3	54.8	73	33	0	35	107	31	103	1.1e-13	72.4
BCW-201833_02851	gnl|TC-DB|A7VN01|3.A.1.106.5	80.0	579	116	0	1	579	1	579	1.7e-265	911.4
BCW-201833_02852	gnl|TC-DB|P0AAG5|3.A.1.106.13	79.4	579	119	0	15	593	7	585	6.5e-257	882.9
BCW-201833_02854	gnl|TC-DB|P69681|1.A.11.1.1	78.0	428	93	1	1	428	1	427	3.8e-182	634.0
BCW-201833_02861	gnl|TC-DB|A1IQK5|3.A.1.15.10	39.4	193	116	1	11	202	22	214	5.2e-31	131.0
BCW-201833_02862	gnl|TC-DB|A1IQK4|3.A.1.15.10	58.7	276	113	1	3	278	7	281	2.9e-82	301.6
BCW-201833_02863	gnl|TC-DB|Q5FA63|3.A.1.15.10	40.9	313	158	6	1	292	1	307	1.5e-52	203.0
BCW-201833_02866	gnl|TC-DB|P31224|2.A.6.2.2	78.5	1049	225	1	1	1048	1	1049	0.0e+00	1593.2
BCW-201833_02867	gnl|TC-DB|P0AE06|8.A.1.6.1	72.6	398	106	2	1	396	1	397	5.6e-156	547.0
BCW-201833_02870	gnl|TC-DB|A6TAG3|1.E.43.1.1	40.7	81	47	1	1	80	1	81	8.5e-11	62.4
BCW-201833_02883	gnl|TC-DB|P39830|2.A.37.1.5	81.9	548	99	0	1	548	1	548	1.7e-246	848.2
BCW-201833_02884	gnl|TC-DB|P52067|2.A.1.35.1	78.4	385	83	0	15	399	21	405	2.6e-169	591.3
BCW-201833_02886	gnl|TC-DB|Q8XG43|2.A.117.1.3	60.0	140	55	1	1	139	15	154	2.3e-43	171.4
BCW-201833_02890	gnl|TC-DB|Q59385|3.A.3.5.5	66.8	838	270	3	1	834	1	834	4.9e-303	1036.6
BCW-201833_02893	gnl|TC-DB|P0AA53|8.A.21.2.2	85.4	302	44	0	1	302	1	302	2.9e-104	374.8
BCW-201833_02897	gnl|TC-DB|P0A9T8|3.A.1.122.15	80.2	227	45	0	1	227	1	227	3.4e-97	350.9
BCW-201833_02898	gnl|TC-DB|P77504|3.A.1.122.15	70.8	802	234	0	1	802	1	802	0.0e+00	1087.0
BCW-201833_02915	gnl|TC-DB|Q1DBZ0|2.A.86.2.2	31.7	331	217	5	12	338	14	339	3.6e-24	109.0
BCW-201833_02920	gnl|TC-DB|P39835|2.A.8.1.4	85.6	438	63	0	1	438	1	438	2.6e-202	701.0
BCW-201833_02928	gnl|TC-DB|P0A843|2.A.64.1.1	64.2	67	24	0	1	67	1	67	1.9e-16	80.9
BCW-201833_02935	gnl|TC-DB|P0ABG7|2.A.103.1.2	88.6	370	42	0	3	372	1	370	4.1e-185	643.7
BCW-201833_02941	gnl|TC-DB|P0ADC1|1.B.42.1.2	59.4	160	64	1	8	167	7	165	8.1e-47	183.3
BCW-201833_02944	gnl|TC-DB|P0AAG3|3.A.1.3.4	78.4	241	52	0	1	241	1	241	2.6e-100	361.3
BCW-201833_02945	gnl|TC-DB|P0AER5|3.A.1.3.4	87.8	222	27	0	1	222	1	222	2.6e-102	367.9
BCW-201833_02946	gnl|TC-DB|P0AER3|3.A.1.3.4	82.1	246	44	0	1	246	1	246	3.0e-115	411.0
BCW-201833_02947	gnl|TC-DB|P37902|3.A.1.3.4	79.7	301	57	1	1	297	1	301	1.0e-138	489.2
BCW-201833_02949	gnl|TC-DB|P0A2L3|9.A.40.1.2	85.3	292	43	0	1	292	1	292	3.2e-140	494.2
BCW-201833_02966	gnl|TC-DB|P09323|4.A.1.1.2	51.7	683	288	10	1	677	1	647	1.7e-176	615.9
BCW-201833_02984	gnl|TC-DB|B1HGV3|9.B.211.1.1	53.6	332	133	3	6	337	7	317	8.8e-86	313.5
BCW-201833_02990	gnl|TC-DB|X5H3P0|3.D.10.1.6	53.0	589	267	5	7	588	12	597	3.9e-174	607.8
BCW-201833_02991	gnl|TC-DB|X5GWN5|3.D.10.1.6	51.3	234	107	5	4	236	27	254	2.2e-67	251.9
BCW-201833_02996	gnl|TC-DB|P0ABJ9|3.D.4.3.2	88.7	522	59	0	1	522	1	522	1.3e-269	924.9
BCW-201833_02997	gnl|TC-DB|P0ABK2|3.D.4.3.2	83.6	379	62	0	1	379	1	379	2.4e-188	654.4
BCW-201833_02998	gnl|TC-DB|P56100|9.B.85.1.1	87.5	32	4	0	1	32	1	32	5.1e-11	62.0
BCW-201833_02999	gnl|TC-DB|P0AAV0|8.A.79.1.1	56.2	96	42	0	1	96	1	96	3.5e-27	117.1
BCW-201833_03001	gnl|TC-DB|P0ABU9|1.A.30.2.2	92.5	227	17	0	1	227	1	227	1.4e-111	398.7
BCW-201833_03002	gnl|TC-DB|P0ABV8|1.A.30.2.2	85.2	142	21	0	1	142	1	142	7.5e-63	236.1
BCW-201833_03003	gnl|TC-DB|P19934|2.C.1.2.1	62.2	127	46	1	300	424	295	421	1.1e-24	110.9
BCW-201833_03004	gnl|TC-DB|P0A855|2.C.1.2.1	92.6	431	31	1	1	431	1	430	7.0e-144	506.9
BCW-201833_03005	gnl|TC-DB|C6EJJ6|2.C.1.2.1	71.1	173	50	0	1	173	1	173	1.2e-62	235.7
BCW-201833_03006	gnl|TC-DB|P45955|2.C.1.2.1	67.2	192	61	1	1	192	1	190	1.6e-45	179.5
BCW-201833_03013	gnl|TC-DB|P24520|4.B.1.1.1	82.8	239	41	0	1	239	1	239	1.3e-112	402.1
BCW-201833_03014	gnl|TC-DB|P75757|2.A.4.1.4	70.8	315	86	2	1	311	1	313	1.2e-121	432.6
BCW-201833_03023	gnl|TC-DB|A7BAX2|3.A.1.26.3	28.8	469	287	15	24	471	260	702	1.7e-21	100.5
BCW-201833_03026	gnl|TC-DB|P37329|3.A.1.8.1	69.9	246	73	1	12	256	12	257	5.0e-89	323.9
BCW-201833_03027	gnl|TC-DB|P0AF01|3.A.1.8.1	81.1	228	43	0	1	228	1	228	2.0e-97	351.7
BCW-201833_03028	gnl|TC-DB|P09833|3.A.1.8.1	68.8	352	110	0	1	352	1	352	1.9e-139	491.9
BCW-201833_03037	gnl|TC-DB|Q9L3S2|3.A.1.4.4	37.1	224	132	4	13	234	3	219	2.7e-33	138.7
BCW-201833_03045	gnl|TC-DB|P0AAC4|1.A.14.2.2	77.9	235	51	1	1	235	1	234	2.1e-94	341.7
BCW-201833_03046	gnl|TC-DB|P75770|4.D.2.4.3	71.1	318	92	0	1	318	1	318	9.3e-125	443.0
BCW-201833_03049	gnl|TC-DB|U3U8B0|9.B.15.1.2	53.2	126	59	0	1	126	1	126	5.0e-29	123.6
BCW-201833_03050	gnl|TC-DB|O00571|1.I.1.1.3	41.9	389	203	8	2	368	181	568	5.4e-70	261.5
BCW-201833_03052	gnl|TC-DB|P37621|2.A.1.46.7	53.9	384	177	0	7	390	10	393	3.2e-111	398.3
BCW-201833_03053	gnl|TC-DB|P0AFJ7|2.A.20.1.1	42.8	491	254	8	78	548	14	497	1.8e-96	349.7
BCW-201833_03058	gnl|TC-DB|E4PCL6|9.B.27.2.7	61.9	181	69	0	4	184	2	182	8.6e-62	233.0
BCW-201833_03061	gnl|TC-DB|P39285|1.A.23.1.3	34.7	213	138	1	537	748	821	1033	1.7e-29	127.9
BCW-201833_03067	gnl|TC-DB|M3JA40|1.B.52.2.1	43.6	101	50	2	431	524	239	339	3.5e-11	66.6
BCW-201833_03069	gnl|TC-DB|Q46909|2.A.1.1.95	26.2	431	290	9	47	477	20	422	1.6e-24	110.5
BCW-201833_03070	gnl|TC-DB|P33362|3.A.1.12.15	78.9	298	63	0	1	298	3	300	1.2e-129	459.1
BCW-201833_03071	gnl|TC-DB|P33361|3.A.1.12.15	58.4	377	155	2	14	388	9	385	7.2e-100	360.5
BCW-201833_03072	gnl|TC-DB|P33360|3.A.1.12.15	68.2	305	97	0	1	305	1	305	1.7e-115	412.1
BCW-201833_03073	gnl|TC-DB|P33359|3.A.1.12.15	66.3	243	82	0	1	243	1	243	2.6e-79	291.6
BCW-201833_03080	gnl|TC-DB|Q9F3K6|3.A.1.3.24	48.3	265	137	0	25	289	24	288	1.3e-64	243.0
BCW-201833_03081	gnl|TC-DB|Q9F3K7|3.A.1.3.24	60.9	253	99	0	1	253	1	253	9.6e-85	309.7
BCW-201833_03082	gnl|TC-DB|Q9F3K5|3.A.1.3.24	33.7	276	161	8	16	273	48	319	6.3e-34	141.0
BCW-201833_03099	gnl|TC-DB|P35120|3.A.1.3.6	40.9	274	159	2	12	283	9	281	5.2e-55	211.1
BCW-201833_03100	gnl|TC-DB|P0A4N5|3.A.1.3.5	53.3	229	107	0	3	231	6	234	1.6e-57	219.2
BCW-201833_03101	gnl|TC-DB|P35114|3.A.1.3.5	55.1	225	101	0	3	227	4	228	1.7e-59	225.7
BCW-201833_03102	gnl|TC-DB|P35116|3.A.1.3.6	61.7	256	97	1	1	256	1	255	1.4e-86	315.8
BCW-201833_03106	gnl|TC-DB|P75783|1.A.23.3.2	65.9	741	240	5	15	753	7	736	2.4e-264	907.9
BCW-201833_03107	gnl|TC-DB|P10346|3.A.1.3.2	87.9	240	29	0	1	240	1	240	2.8e-118	421.0
BCW-201833_03108	gnl|TC-DB|P0AEQ6|3.A.1.3.2	84.9	219	33	0	1	219	1	219	7.0e-100	359.8
BCW-201833_03109	gnl|TC-DB|P0AEQ3|3.A.1.3.2	87.9	248	30	0	1	248	1	248	7.1e-125	443.0
BCW-201833_03111	gnl|TC-DB|P0AA67|2.A.7.3.6	69.0	287	88	1	12	298	9	294	6.9e-106	380.2
BCW-201833_03112	gnl|TC-DB|G0EBV0|1.B.6.2.10	77.3	172	36	2	1	170	1	171	3.8e-69	257.3
BCW-201833_03116	gnl|TC-DB|P75788|2.A.45.2.5	61.0	364	136	2	5	365	6	366	3.4e-115	411.4
BCW-201833_03117	gnl|TC-DB|Q9RQ30|8.A.1.1.2	45.5	123	65	2	253	373	231	353	6.9e-23	104.8
BCW-201833_03118	gnl|TC-DB|P0AEJ0|2.A.1.3.2	35.9	499	307	3	15	512	14	500	7.0e-90	327.8
BCW-201833_03119	gnl|TC-DB|B3PY75|1.B.17.3.8	36.3	487	278	6	15	497	10	468	1.1e-68	257.3
BCW-201833_03120	gnl|TC-DB|O34718|2.A.1.1.26	53.9	449	197	5	24	468	10	452	2.3e-122	435.6
BCW-201833_03122	gnl|TC-DB|Q83XH1|3.A.1.121.4	45.2	526	287	1	1	526	1	525	1.6e-137	486.1
BCW-201833_03123	gnl|TC-DB|Q8ID54|3.A.25.2.1	30.0	240	161	5	7	239	83	322	7.6e-26	114.0
BCW-201833_03126	gnl|TC-DB|P75796|3.A.1.5.11	70.2	614	179	3	1	611	1	613	1.1e-235	812.4
BCW-201833_03127	gnl|TC-DB|P75797|3.A.1.5.11	76.2	508	121	0	4	511	5	512	5.6e-233	803.1
BCW-201833_03128	gnl|TC-DB|P75798|3.A.1.5.11	85.9	306	43	0	1	306	1	306	5.1e-149	523.5
BCW-201833_03129	gnl|TC-DB|P75799|3.A.1.5.11	81.5	298	55	0	3	300	5	302	3.5e-126	447.6
BCW-201833_03136	gnl|TC-DB|P96878|2.A.53.3.12	30.7	179	113	3	26	196	571	746	2.3e-23	105.5
BCW-201833_03140	gnl|TC-DB|P94571|9.B.105.1.3	32.7	159	102	3	4	162	1	154	4.4e-16	81.3
BCW-201833_03142	gnl|TC-DB|A7ZJR5|2.A.81.1.4	86.0	558	78	0	1	558	1	558	1.9e-274	941.0
BCW-201833_03149	gnl|TC-DB|P31133|3.A.1.11.2	73.7	365	95	1	6	369	6	370	2.5e-166	581.3
BCW-201833_03150	gnl|TC-DB|P31134|3.A.1.11.2	89.7	377	39	0	1	377	1	377	1.3e-199	691.8
BCW-201833_03151	gnl|TC-DB|P31135|3.A.1.11.2	80.6	299	58	0	20	318	19	317	1.5e-140	495.4
BCW-201833_03152	gnl|TC-DB|P0AFL1|3.A.1.11.2	73.7	281	74	0	1	281	1	281	2.4e-113	404.8
BCW-201833_03155	gnl|TC-DB|P30860|3.A.1.3.3	68.3	243	77	0	1	243	1	243	3.0e-96	347.8
BCW-201833_03156	gnl|TC-DB|P0AE30|3.A.1.3.3	78.8	222	47	0	1	222	1	222	4.6e-91	330.5
BCW-201833_03157	gnl|TC-DB|P0AE34|3.A.1.3.3	84.7	235	36	0	1	235	1	235	6.8e-109	389.8
BCW-201833_03158	gnl|TC-DB|P30859|3.A.1.3.3	78.2	243	53	0	1	243	1	243	2.8e-110	394.4
BCW-201833_03159	gnl|TC-DB|P0AAF6|3.A.1.3.3	88.8	242	27	0	1	242	1	242	7.4e-119	422.9
BCW-201833_03165	gnl|TC-DB|P75826|2.A.124.1.1	61.2	299	116	0	1	299	1	299	6.6e-93	337.0
BCW-201833_03169	gnl|TC-DB|Q9SXJ7|3.A.9.1.2	38.5	807	395	13	17	738	133	923	9.4e-152	533.9
BCW-201833_03172	gnl|TC-DB|P23886|3.A.1.129.1	58.6	572	236	1	1	572	1	571	1.3e-177	619.4
BCW-201833_03173	gnl|TC-DB|P29018|3.A.1.129.1	63.2	589	215	2	1	588	1	588	1.4e-200	695.7
BCW-201833_03176	gnl|TC-DB|P46889|3.A.12.1.2	60.8	1338	332	16	1	1155	1	1329	0.0e+00	1135.9
BCW-201833_03177	gnl|TC-DB|P61316|1.B.46.1.1	73.9	203	53	0	1	203	1	203	2.4e-86	314.7
BCW-201833_03180	gnl|TC-DB|P21503|2.A.1.26.1	68.4	374	117	1	1	374	9	381	1.9e-142	501.9
BCW-201833_03183	gnl|TC-DB|P0AC23|1.A.16.1.1	79.9	283	57	0	1	283	1	283	7.9e-128	453.0
BCW-201833_03190	gnl|TC-DB|P44408|3.A.11.2.2	33.4	664	389	10	132	750	133	788	1.7e-84	310.5
BCW-201833_03191	gnl|TC-DB|P60752|3.A.1.106.1	85.4	582	85	0	1	582	1	582	7.9e-276	945.7
BCW-201833_03206	gnl|TC-DB|Q56111|1.B.1.1.22	64.3	389	112	7	2	369	1	383	1.4e-132	469.2
BCW-201833_03210	gnl|TC-DB|B1X8N7|3.A.1.17.10	77.5	253	56	1	6	258	1	252	3.0e-105	377.9
BCW-201833_03211	gnl|TC-DB|P75851|3.A.1.17.10	86.2	260	36	0	1	260	1	260	2.3e-113	404.8
BCW-201833_03213	gnl|TC-DB|P75853|3.A.1.17.10	75.3	304	74	1	12	314	8	311	5.2e-128	453.8
BCW-201833_03222	gnl|TC-DB|P43672|3.A.1.120.6	81.1	635	119	1	1	635	1	634	6.0e-277	949.5
BCW-201833_03229	gnl|TC-DB|P0A910|1.B.6.1.1	79.3	357	63	4	1	357	1	346	4.0e-153	537.3
BCW-201833_03232	gnl|TC-DB|P75870|2.A.85.1.1	65.5	704	243	0	5	708	3	706	1.7e-264	908.3
BCW-201833_03233	gnl|TC-DB|P0AB12|9.B.55.1.1	82.3	147	26	0	1	147	1	147	8.9e-67	249.2
BCW-201833_03242	gnl|TC-DB|P0AAC6|1.A.14.2.1	82.6	219	37	1	1	218	1	219	1.1e-92	335.9
BCW-201833_03250	gnl|TC-DB|Q9UYQ7|2.A.7.3.47	30.6	278	170	8	14	283	6	268	6.9e-21	97.8
BCW-201833_03251	gnl|TC-DB|P75892|2.A.40.1.3	76.9	442	101	1	1	441	1	442	1.5e-186	648.7
BCW-201833_03259	gnl|TC-DB|P0AAE0|2.A.3.1.7	75.2	463	114	1	1	462	1	463	1.5e-197	685.3
BCW-201833_03267	gnl|TC-DB|K0WKG7|4.F.1.1.8	58.6	174	70	1	4	175	2	175	1.1e-47	186.0
BCW-201833_03274	gnl|TC-DB|Q1J2S8|2.A.53.3.13	47.8	467	240	3	29	495	23	485	2.0e-110	396.0
BCW-201833_03278	gnl|TC-DB|P27303|8.A.1.1.1	34.1	314	181	8	51	354	50	347	5.1e-31	131.7
BCW-201833_03279	gnl|TC-DB|Q9WWZ8|2.A.6.2.9	33.1	465	298	6	2	454	3	466	8.3e-55	211.1
BCW-201833_03280	gnl|TC-DB|Q05202|1.B.14.1.15	53.7	696	309	6	43	730	68	758	2.2e-219	758.4
BCW-201833_03287	gnl|TC-DB|P62517|4.D.3.1.1	76.4	849	187	4	1	846	1	839	0.0e+00	1328.5
BCW-201833_03302	gnl|TC-DB|P69367|2.A.1.2.21	75.4	394	97	0	1	394	1	394	1.4e-167	585.5
BCW-201833_03306	gnl|TC-DB|P0AF16|2.A.66.4.3	86.3	510	70	0	1	510	1	510	2.2e-245	844.3
BCW-201833_03330	gnl|TC-DB|O80800|3.D.1.6.3	52.0	75	36	0	2	76	48	122	1.8e-13	71.2
BCW-201833_03337	gnl|TC-DB|P69786|4.A.1.1.1	91.0	476	43	0	1	476	1	476	1.8e-246	847.8
BCW-201833_03339	gnl|TC-DB|Q6D188|2.A.2.5.2	81.2	512	96	0	1	512	1	512	8.1e-235	809.3
BCW-201833_03352	gnl|TC-DB|P0ADC3|3.A.1.125.1	78.7	399	85	0	1	399	1	399	9.9e-169	589.3
BCW-201833_03353	gnl|TC-DB|P75957|3.A.1.125.1	78.3	226	49	0	3	228	2	227	3.8e-96	347.4
BCW-201833_03354	gnl|TC-DB|P75958|3.A.1.125.1	80.1	413	82	0	1	413	1	413	6.0e-177	616.7
BCW-201833_03356	gnl|TC-DB|P0AFK9|3.A.1.11.1	82.5	348	60	1	1	347	1	348	1.5e-173	605.1
BCW-201833_03357	gnl|TC-DB|P0AFK6|3.A.1.11.1	86.3	256	35	0	1	256	2	257	4.3e-117	417.2
BCW-201833_03358	gnl|TC-DB|P0AFK4|3.A.1.11.1	80.0	275	55	0	12	286	1	275	3.4e-123	437.6
BCW-201833_03359	gnl|TC-DB|P69874|3.A.1.11.1	77.6	366	82	0	3	368	10	375	1.9e-161	565.1
BCW-201833_03370	gnl|TC-DB|P0AAT4|1.A.23.4.5	33.7	403	251	2	11	403	14	410	1.2e-60	230.3
BCW-201833_03382	gnl|TC-DB|Q92WK4|3.A.1.2.11	68.8	308	95	1	6	313	7	313	6.4e-115	410.2
BCW-201833_03384	gnl|TC-DB|Q92WK2|3.A.1.2.11	51.8	502	241	1	2	503	8	508	1.1e-140	496.5
BCW-201833_03385	gnl|TC-DB|Q92WK1|3.A.1.2.11	57.3	307	130	1	48	354	43	348	1.4e-92	336.3
BCW-201833_03389	gnl|TC-DB|Q58543|1.A.23.4.1	37.0	208	126	2	143	345	144	351	7.4e-33	137.9
BCW-201833_03391	gnl|TC-DB|A6TAG3|1.E.43.1.1	92.7	82	6	0	1	82	1	82	6.3e-38	152.5
BCW-201833_03392	gnl|TC-DB|Q01674|1.B.14.1.17	59.5	714	270	4	1	699	1	710	2.8e-259	891.0
BCW-201833_03404	gnl|TC-DB|P39414|2.A.47.3.3	56.0	470	207	0	30	499	13	482	5.2e-151	530.8
BCW-201833_03411	gnl|TC-DB|P62723|2.A.98.1.3	61.1	352	134	1	1	352	1	349	2.0e-109	392.1
BCW-201833_03435	gnl|TC-DB|P09348|1.A.30.1.1	79.7	295	60	0	1	295	1	295	4.0e-127	450.7
BCW-201833_03436	gnl|TC-DB|P0AF06|1.A.30.1.1	70.0	300	88	1	1	298	1	300	1.1e-115	412.9
BCW-201833_03446	gnl|TC-DB|P39165|1.B.54.1.9	47.4	443	228	3	20	462	14	451	9.8e-107	383.6
BCW-201833_03455	gnl|TC-DB|I7FD23|2.A.1.2.97	37.4	385	239	2	9	391	16	400	3.1e-58	222.2
BCW-201833_03458	gnl|TC-DB|P77529|2.A.23.1.8	82.5	462	81	0	18	479	1	462	1.7e-207	718.4
BCW-201833_03466	gnl|TC-DB|P76206|1.B.75.1.3	66.5	254	82	2	1	253	1	252	3.6e-92	334.3
BCW-201833_03474	gnl|TC-DB|P06609|3.A.1.13.1	70.6	323	93	1	7	327	4	326	1.7e-121	432.2
BCW-201833_03476	gnl|TC-DB|P06611|3.A.1.13.1	52.0	244	115	1	1	244	5	246	2.0e-63	238.8
BCW-201833_03483	gnl|TC-DB|Q9HXN5|4.A.1.1.15	26.4	470	272	14	352	794	392	814	2.3e-28	124.0
BCW-201833_03484	gnl|TC-DB|B1LE48|2.A.86.2.1	70.3	367	109	0	1	367	1	367	3.7e-138	487.6
BCW-201833_03489	gnl|TC-DB|Q9CIP5|3.A.1.135.1	27.2	217	145	5	14	229	438	642	5.4e-16	81.3
BCW-201833_03499	gnl|TC-DB|P37340|2.A.66.1.3	75.7	457	111	0	1	457	1	457	1.9e-192	668.3
BCW-201833_03502	gnl|TC-DB|P37597|2.A.1.2.62	60.6	383	149	1	1	381	1	383	5.9e-121	430.6
BCW-201833_03506	gnl|TC-DB|Q15HU6|3.A.7.14.2	34.9	129	72	6	130	252	205	327	6.0e-13	71.2
BCW-201833_03514	gnl|TC-DB|P76187|8.A.5.1.7	73.5	298	79	0	1	298	1	298	1.3e-128	455.7
BCW-201833_03526	gnl|TC-DB|P77304|2.A.17.1.2	78.3	497	108	0	1	497	1	497	3.0e-223	770.8
BCW-201833_03530	gnl|TC-DB|P77179|3.D.6.1.4	79.6	230	46	1	1	230	1	229	7.2e-95	343.2
BCW-201833_03531	gnl|TC-DB|P77285|3.D.6.1.4	64.4	208	72	2	1	208	1	206	2.2e-71	265.0
BCW-201833_03532	gnl|TC-DB|P76182|3.D.6.1.4	72.6	351	96	0	1	351	1	351	1.8e-150	528.5
BCW-201833_03533	gnl|TC-DB|P77611|3.D.6.1.4	72.9	462	125	0	1	462	1	462	4.8e-189	657.5
BCW-201833_03534	gnl|TC-DB|P77223|3.D.6.1.4	76.6	192	45	0	1	192	1	192	2.3e-70	261.5
BCW-201833_03535	gnl|TC-DB|P0A766|3.D.6.1.4	83.9	192	31	0	1	192	1	192	4.0e-83	303.9
BCW-201833_03538	gnl|TC-DB|P39325|3.A.1.2.25	84.6	318	49	0	1	318	1	318	1.8e-149	525.0
BCW-201833_03539	gnl|TC-DB|Q6BEX0|3.A.1.2.25	75.4	499	123	0	1	499	1	499	7.5e-214	739.6
BCW-201833_03540	gnl|TC-DB|P39328|3.A.1.2.25	74.6	338	86	0	1	338	1	338	4.8e-132	467.2
BCW-201833_03541	gnl|TC-DB|P37772|3.A.1.2.25	82.8	326	56	0	1	326	1	326	6.3e-145	510.0
BCW-201833_03545	gnl|TC-DB|P02924|3.A.1.2.2	92.6	326	24	0	1	326	1	326	2.9e-174	607.4
BCW-201833_03546	gnl|TC-DB|P0AAF3|3.A.1.2.2	77.4	504	114	0	1	504	1	504	4.2e-225	776.9
BCW-201833_03547	gnl|TC-DB|P0AE26|3.A.1.2.2	85.2	324	48	0	3	326	2	325	3.3e-138	487.6
BCW-201833_03552	gnl|TC-DB|P19642|4.A.1.1.3	81.7	520	93	2	6	524	7	525	2.0e-246	847.8
BCW-201833_03560	gnl|TC-DB|C5IZH1|2.A.6.2.47	88.6	1042	119	0	1	1042	1	1042	0.0e+00	1767.7
BCW-201833_03561	gnl|TC-DB|C5IZH0|2.A.6.2.47	71.8	372	101	1	16	383	16	387	6.6e-146	513.5
BCW-201833_03568	gnl|TC-DB|P76103|2.A.46.1.9	56.0	375	165	0	13	387	9	383	3.3e-108	388.3
BCW-201833_03572	gnl|TC-DB|P76115|1.B.14.9.5	66.5	698	221	8	1	692	10	700	2.1e-275	944.5
BCW-201833_03586	gnl|TC-DB|C8TA54|4.A.7.1.4	48.1	414	214	1	4	416	1	414	9.4e-107	383.6
BCW-201833_03592	gnl|TC-DB|O33918|5.A.1.5.1	50.2	673	277	5	1	666	2	623	1.3e-173	606.3
BCW-201833_03605	gnl|TC-DB|P22340|1.B.3.1.2	48.8	461	216	7	24	484	65	505	1.8e-119	426.0
BCW-201833_03611	gnl|TC-DB|P70786|2.A.1.14.3	44.2	432	233	4	7	438	20	443	2.4e-99	359.0
BCW-201833_03625	gnl|TC-DB|E0LV84|2.A.85.1.4	60.9	682	264	2	1	680	1	681	1.7e-237	818.5
BCW-201833_03628	gnl|TC-DB|P11350|5.A.3.1.1	69.6	224	68	0	1	224	1	224	7.2e-92	333.2
BCW-201833_03630	gnl|TC-DB|P19318|5.A.3.1.2	84.4	514	77	1	1	511	1	514	3.0e-271	930.2
BCW-201833_03631	gnl|TC-DB|P19319|5.A.3.1.2	83.4	1244	205	1	1	1243	1	1244	0.0e+00	2249.2
BCW-201833_03632	gnl|TC-DB|P37758|2.A.1.8.10	71.9	455	124	1	3	453	4	458	2.0e-186	648.3
BCW-201833_03633	gnl|TC-DB|P94369|2.A.39.1.5	36.3	438	275	3	20	457	4	437	2.4e-76	282.7
BCW-201833_03635	gnl|TC-DB|Q93N33|2.A.21.9.2	29.5	366	240	8	266	618	784	1144	1.6e-25	114.8
BCW-201833_03646	gnl|TC-DB|657066955|9.B.143.3.6	32.5	243	153	6	7	243	12	249	5.3e-16	81.3
BCW-201833_03649	gnl|TC-DB|W1HZL5|3.A.1.106.16	63.6	280	102	0	15	294	4	283	3.9e-93	337.8
BCW-201833_03659	gnl|TC-DB|P33024|2.A.41.2.9	74.5	415	106	0	2	416	1	415	1.1e-162	569.3
BCW-201833_03661	gnl|TC-DB|Q1M4Q9|3.A.1.2.16	74.3	311	78	2	5	315	7	315	1.9e-127	451.8
BCW-201833_03662	gnl|TC-DB|Q1M4Q8|3.A.1.2.16	81.3	326	61	0	24	349	21	346	7.7e-141	496.5
BCW-201833_03663	gnl|TC-DB|Q1M4Q7|3.A.1.2.16	72.8	503	135	1	12	512	11	513	1.9e-201	698.4
BCW-201833_03679	gnl|TC-DB|P76169|2.A.7.26.1	74.8	107	27	0	2	108	1	107	7.9e-44	172.6
BCW-201833_03682	gnl|TC-DB|O32182|2.A.1.3.33	32.8	408	270	2	12	415	12	419	2.2e-61	233.0
BCW-201833_03683	gnl|TC-DB|Q8ZPK1|3.A.1.12.14	79.7	236	47	1	1	236	1	235	3.0e-96	347.8
BCW-201833_03684	gnl|TC-DB|Q8ZPK2|3.A.1.12.14	72.5	306	75	3	3	308	4	300	2.4e-122	434.9
BCW-201833_03685	gnl|TC-DB|Q8ZPK3|3.A.1.12.14	76.3	215	51	0	1	215	1	215	7.4e-86	313.2
BCW-201833_03686	gnl|TC-DB|Q8ZPK4|3.A.1.12.14	83.6	377	62	0	1	377	1	377	1.2e-184	642.1
BCW-201833_03690	gnl|TC-DB|P43531|2.A.1.36.1	72.7	417	110	2	1	416	1	414	1.6e-166	582.0
BCW-201833_03692	gnl|TC-DB|P31122|2.A.1.2.15	68.8	388	121	0	1	388	1	388	5.6e-140	493.8
BCW-201833_03699	gnl|TC-DB|P27125|2.A.7.6.1	78.1	343	75	0	1	343	1	343	2.7e-154	541.2
BCW-201833_03703	gnl|TC-DB|P16482|2.A.1.6.1	36.9	396	241	5	27	417	36	427	1.5e-69	260.0
BCW-201833_03706	gnl|TC-DB|W0WLZ1|3.A.1.5.39	50.1	523	256	3	11	529	14	535	1.5e-159	559.3
BCW-201833_03708	gnl|TC-DB|P09551|3.A.1.3.1	46.1	245	132	0	6	250	9	253	1.3e-60	229.6
BCW-201833_03715	gnl|TC-DB|Q51955|2.A.1.15.1	46.6	427	227	1	8	433	13	439	3.1e-107	385.2
BCW-201833_03720	gnl|TC-DB|P0AB67|3.D.2.1.1	89.4	462	49	0	1	462	1	462	9.8e-229	788.9
BCW-201833_03721	gnl|TC-DB|P07001|3.D.2.1.1	80.8	511	96	2	1	510	1	510	4.7e-224	773.5
BCW-201833_03723	gnl|TC-DB|P0AAE5|2.A.3.2.8	73.1	461	121	1	1	461	1	458	9.6e-184	639.4
BCW-201833_03738	gnl|TC-DB|P0AFV2|9.B.20.1.4	50.8	195	95	1	1	194	1	195	2.1e-48	188.7
BCW-201833_03741	gnl|TC-DB|Q9EYX5|1.A.35.4.1	67.9	327	105	0	1	327	1	327	1.9e-133	471.9
BCW-201833_03742	gnl|TC-DB|P77348|3.A.1.5.1	71.4	539	152	2	1	539	1	537	6.1e-230	793.1
BCW-201833_03746	gnl|TC-DB|Q9KN48|3.A.23.1.1	39.6	225	136	0	207	431	193	417	2.4e-42	169.9
BCW-201833_03752	gnl|TC-DB|E8XKQ3|9.B.100.1.1	84.9	219	33	0	1	219	1	219	1.1e-89	325.9
BCW-201833_03753	gnl|TC-DB|Q9KN48|3.A.23.1.1	41.9	227	131	1	8	234	193	418	4.5e-42	168.3
BCW-201833_03755	gnl|TC-DB|P36634|3.A.1.5.5	76.5	536	122	1	8	539	10	545	7.9e-246	845.9
BCW-201833_03756	gnl|TC-DB|P0A2J3|3.A.1.5.5	77.9	321	71	0	1	321	1	321	4.5e-140	493.8
BCW-201833_03758	gnl|TC-DB|P0AGH5|3.A.1.5.42	67.2	296	97	0	1	296	1	296	7.2e-108	386.7
BCW-201833_03759	gnl|TC-DB|P36636|3.A.1.5.5	85.7	329	46	1	1	329	1	328	5.8e-167	583.2
BCW-201833_03760	gnl|TC-DB|P36638|3.A.1.5.5	83.5	267	44	0	1	267	2	268	1.8e-126	448.4
BCW-201833_03764	gnl|TC-DB|P19642|4.A.1.1.3	41.5	518	281	5	12	522	19	521	1.1e-103	373.6
BCW-201833_03765	gnl|TC-DB|P07658|3.D.1.9.2	30.9	375	206	9	109	458	61	407	3.8e-44	176.4
BCW-201833_03767	gnl|TC-DB|P15078|2.A.114.1.1	60.2	683	264	4	1	677	1	681	2.3e-229	791.6
BCW-201833_03769	gnl|TC-DB|D4ZZR3|9.B.34.1.3	27.4	179	109	3	229	394	225	395	9.4e-15	78.6
BCW-201833_03771	gnl|TC-DB|P15701|2.A.10.1.1	84.7	327	50	0	1	327	1	327	4.8e-145	510.4
BCW-201833_03782	gnl|TC-DB|Q07711|3.A.7.7.1	23.7	561	360	17	104	622	103	637	3.7e-27	120.2
BCW-201833_03784	gnl|TC-DB|M4VAL8|8.A.21.2.4	28.2	163	114	2	136	295	74	236	1.9e-11	66.6
BCW-201833_03800	gnl|TC-DB|P0A915|1.B.39.1.6	66.7	210	69	1	2	210	3	212	7.7e-80	293.1
BCW-201833_03805	gnl|TC-DB|P02929|2.C.1.1.1	67.5	240	77	1	9	248	1	239	5.4e-32	134.4
BCW-201833_03811	gnl|TC-DB|P08007|3.A.1.5.1	90.1	334	33	0	1	334	1	334	3.6e-180	627.1
BCW-201833_03812	gnl|TC-DB|P76027|3.A.1.5.41	89.2	323	34	1	17	339	16	337	5.8e-162	566.6
BCW-201833_03813	gnl|TC-DB|P0AFH6|3.A.1.5.41	90.7	302	28	0	1	302	1	302	1.3e-133	472.2
BCW-201833_03814	gnl|TC-DB|P0AFH2|3.A.1.5.41	84.0	306	49	0	1	306	1	306	2.0e-137	485.0
BCW-201833_03815	gnl|TC-DB|P06202|3.A.1.5.1	73.1	546	144	2	1	546	1	543	1.1e-239	825.5
BCW-201833_03816	gnl|TC-DB|P06202|3.A.1.5.1	59.7	543	216	1	5	544	1	543	1.1e-191	666.0
BCW-201833_03817	gnl|TC-DB|P25743|2.A.95.1.7	83.3	215	36	0	1	215	1	215	1.1e-92	335.9
BCW-201833_03832	gnl|TC-DB|Q07711|3.A.7.7.1	29.5	623	403	18	3	613	4	602	6.0e-67	251.9
BCW-201833_03842	gnl|TC-DB|P80874|8.A.5.1.4	34.5	261	127	9	15	234	16	273	1.8e-28	122.9
BCW-201833_03843	gnl|TC-DB|P0A908|9.B.99.1.2	48.8	246	125	1	5	249	3	248	5.2e-67	250.8
BCW-201833_03846	gnl|TC-DB|P76007|2.A.36.6.11	77.7	575	127	1	1	574	1	575	1.4e-256	881.7
BCW-201833_03848	gnl|TC-DB|H8E4X1|9.B.18.1.2	33.2	383	234	9	112	482	146	518	1.4e-47	187.2
BCW-201833_03849	gnl|TC-DB|P32482|2.A.1.2.3	29.7	391	264	5	5	392	15	397	3.5e-33	139.0
BCW-201833_03856	gnl|TC-DB|P0A6M2|5.A.2.1.1	73.9	176	46	0	1	176	1	176	9.3e-79	289.3
BCW-201833_03864	gnl|TC-DB|P69451|4.C.1.1.4	76.5	554	130	0	12	565	1	554	9.5e-258	885.6
BCW-201833_03874	gnl|TC-DB|L5DDD7|2.A.109.2.3	49.5	519	248	7	1	510	370	883	2.6e-124	442.2
BCW-201833_03875	gnl|TC-DB|P69797|4.A.6.1.1	83.6	323	50	1	1	320	1	323	3.1e-141	497.7
BCW-201833_03876	gnl|TC-DB|P69801|4.A.6.1.1	88.3	266	31	0	1	266	1	266	1.3e-121	432.2
BCW-201833_03877	gnl|TC-DB|P69805|4.A.6.1.1	86.2	283	37	1	1	281	4	286	9.8e-139	489.2
BCW-201833_03885	gnl|TC-DB|P76269|2.A.1.3.17	76.2	453	108	0	14	466	2	454	2.2e-188	654.8
BCW-201833_03886	gnl|TC-DB|P23894|9.B.1.1.6	89.1	293	32	0	1	293	1	293	4.4e-142	500.4
BCW-201833_03887	gnl|TC-DB|P23865|9.B.174.1.2	83.7	679	110	1	1	678	1	679	0.0e+00	1127.9
BCW-201833_03902	gnl|TC-DB|Q4KDN3|9.B.62.1.5	42.6	115	60	4	11	124	11	120	4.7e-16	80.5
BCW-201833_03913	gnl|TC-DB|P0AEY8|2.A.1.2.19	50.3	390	194	0	13	402	14	403	1.9e-111	399.1
BCW-201833_03915	gnl|TC-DB|B7L5V2|1.A.34.1.3	37.6	210	125	2	201	410	14	217	4.8e-39	158.7
BCW-201833_03916	gnl|TC-DB|P39172|3.A.1.15.5	67.7	322	91	2	1	322	1	309	9.3e-109	389.8
BCW-201833_03917	gnl|TC-DB|P0A9X1|3.A.1.15.5	82.5	251	44	0	1	251	1	251	1.1e-117	419.1
BCW-201833_03918	gnl|TC-DB|P39832|3.A.1.15.5	76.6	261	61	0	1	261	1	261	1.2e-101	365.9
BCW-201833_03928	gnl|TC-DB|G4NXW2|2.A.76.1.8	27.8	212	143	2	1	204	1	210	9.7e-19	90.1
BCW-201833_03930	gnl|TC-DB|P67826|9.B.158.1.2	58.0	243	102	0	1	243	1	243	2.7e-79	291.6
BCW-201833_03936	gnl|TC-DB|P40729|3.A.6.2.1	86.2	695	93	1	1	695	1	692	0.0e+00	1138.3
BCW-201833_03937	gnl|TC-DB|P40727|3.A.6.2.1	67.4	383	125	0	1	383	1	383	5.4e-148	520.4
BCW-201833_03941	gnl|TC-DB|P07658|3.D.1.9.2	26.8	708	472	16	3	689	6	688	2.9e-64	243.4
BCW-201833_03943	gnl|TC-DB|P38045|3.A.1.16.1	56.0	257	111	2	1	256	1	256	9.0e-78	286.6
BCW-201833_03944	gnl|TC-DB|Q7BW13|3.A.1.16.2	45.3	254	135	2	39	289	7	259	1.5e-54	209.5
BCW-201833_03945	gnl|TC-DB|Q44292|3.A.1.16.4	35.4	441	248	11	9	417	4	439	7.0e-72	267.7
BCW-201833_03948	gnl|TC-DB|Q9KN50|3.A.23.1.1	33.8	222	144	3	15	234	35	255	3.3e-31	132.5
BCW-201833_03949	gnl|TC-DB|Q9KN45|3.A.23.1.1	26.3	597	396	13	23	611	31	591	1.5e-55	214.2
BCW-201833_03958	gnl|TC-DB|P31801|2.A.19.1.1	78.9	356	75	0	6	361	9	364	1.1e-147	519.2
BCW-201833_03968	gnl|TC-DB|P61320|1.B.46.1.1	66.3	205	68	1	1	205	1	204	9.3e-78	286.2
BCW-201833_03971	gnl|TC-DB|P76330|9.B.34.1.4	36.3	212	119	7	176	375	351	558	1.4e-21	100.5
BCW-201833_03981	gnl|TC-DB|Q9I3T2|2.A.1.51.4	43.5	379	207	5	17	389	7	384	3.3e-60	228.8
BCW-201833_04012	gnl|TC-DB|Q79ED9|8.B.24.5.1	48.2	83	42	1	1	82	1	83	1.1e-16	82.0
BCW-201833_04015	gnl|TC-DB|P00726|1.M.1.1.1	51.3	150	63	4	9	148	3	152	3.7e-28	120.9
BCW-201833_04018	gnl|TC-DB|H3RDR5|1.E.5.1.4	86.4	103	14	0	1	103	1	103	1.9e-47	184.5
BCW-201833_04068	gnl|TC-DB|P31545|2.A.108.2.3	77.3	422	91	2	4	425	6	422	2.1e-193	671.4
BCW-201833_04069	gnl|TC-DB|P0AB24|2.A.108.2.3	73.6	375	96	1	1	372	1	375	1.1e-150	529.3
BCW-201833_04070	gnl|TC-DB|P75901|2.A.108.2.3	75.4	276	68	0	1	276	1	276	2.9e-111	397.9
BCW-201833_04071	gnl|TC-DB|P07117|2.A.21.2.1	82.8	493	85	0	1	493	1	493	9.8e-235	808.9
BCW-201833_04074	gnl|TC-DB|P37774|3.A.1.3.10	86.0	250	35	0	1	250	1	250	9.4e-117	416.0
BCW-201833_04075	gnl|TC-DB|P0AFT2|3.A.1.3.10	85.1	222	33	0	1	222	1	222	4.4e-102	367.1
BCW-201833_04076	gnl|TC-DB|P0AEM9|3.A.1.3.10	79.3	266	55	0	1	266	1	266	2.0e-117	418.3
BCW-201833_04081	gnl|TC-DB|P0AGC0|2.A.1.4.1	92.0	463	37	0	1	463	1	463	1.0e-241	832.0
BCW-201833_04082	gnl|TC-DB|P09836|2.A.1.4.4	81.5	438	81	0	1	438	1	438	1.3e-214	741.9
BCW-201833_04088	gnl|TC-DB|Q50864|4.D.1.3.4	33.3	453	261	13	404	837	403	833	2.7e-57	220.7
BCW-201833_04096	gnl|TC-DB|Q8L126|3.A.1.1.19	98.4	63	1	0	1	63	380	442	5.2e-32	132.5
BCW-201833_04099	gnl|TC-DB|P0AEX3|2.A.1.6.2	77.9	417	91	1	17	433	17	432	1.5e-178	622.1
BCW-201833_04106	gnl|TC-DB|P0AEJ0|2.A.1.3.2	87.0	509	66	0	3	511	4	512	7.7e-251	862.4
BCW-201833_04107	gnl|TC-DB|P27303|8.A.1.1.1	72.3	390	108	0	1	390	1	390	2.6e-145	511.5
BCW-201833_04109	gnl|TC-DB|P76628|2.A.1.36.3	69.0	394	122	0	1	394	1	394	1.7e-136	482.3
BCW-201833_04110	gnl|TC-DB|P0AFM2|3.A.1.12.1	74.9	331	82	1	1	331	1	330	5.9e-151	530.0
BCW-201833_04111	gnl|TC-DB|P14176|3.A.1.12.1	67.5	388	86	4	1	382	1	354	1.9e-124	442.2
BCW-201833_04112	gnl|TC-DB|P14175|3.A.1.12.1	85.4	396	57	1	1	395	1	396	3.3e-188	654.1
BCW-201833_04119	gnl|TC-DB|Q47689|2.A.3.1.10	82.6	455	79	0	4	458	2	456	1.9e-219	758.1
BCW-201833_04123	gnl|TC-DB|W0WLZ8|3.A.1.5.39	44.3	210	113	2	13	218	22	231	7.2e-44	173.7
BCW-201833_04124	gnl|TC-DB|P45095|3.A.1.5.27	41.8	268	150	3	6	267	3	270	4.9e-50	194.5
BCW-201833_04125	gnl|TC-DB|W0WMS8|3.A.1.5.39	46.6	251	128	1	38	282	48	298	3.4e-54	208.4
BCW-201833_04126	gnl|TC-DB|W0WN20|3.A.1.5.39	42.9	287	162	1	64	350	49	333	9.2e-62	233.8
BCW-201833_04127	gnl|TC-DB|W0WKZ8|3.A.1.5.39	25.7	529	342	19	7	506	10	516	2.3e-24	110.2
BCW-201833_04128	gnl|TC-DB|P36640|3.A.3.4.1	51.7	869	395	7	37	903	55	900	8.6e-237	816.6
BCW-201833_04168	gnl|TC-DB|P0A937|1.B.33.1.3	81.4	113	21	0	1	113	1	113	3.5e-50	193.7
BCW-201833_04174	gnl|TC-DB|O00571|1.I.1.1.3	32.2	366	229	5	3	350	179	543	3.4e-45	179.1
BCW-201833_04176	gnl|TC-DB|F9VN10|3.D.10.1.4	33.8	535	316	13	10	520	7	527	1.3e-65	247.3
BCW-201833_04196	gnl|TC-DB|Q9KN48|3.A.23.1.1	39.0	359	174	5	107	431	176	523	1.0e-57	220.7
BCW-201833_04200	gnl|TC-DB|Q47142|2.A.1.27.1	68.0	378	119	1	1	378	1	376	2.0e-142	501.9
BCW-201833_04203	gnl|TC-DB|D7A5Z9|2.A.113.1.7	33.2	268	158	5	51	309	52	307	4.4e-26	115.2
BCW-201833_04221	gnl|TC-DB|P77774|1.B.33.1.3	70.5	393	115	1	1	393	1	392	4.5e-158	553.9
BCW-201833_04233	gnl|TC-DB|P77549|2.A.1.46.6	48.6	366	188	0	23	388	23	388	6.5e-96	347.4
BCW-201833_04237	gnl|TC-DB|Q45121|1.A.26.1.1	32.4	309	209	0	166	474	1	309	8.5e-42	167.9
BCW-201833_04242	gnl|TC-DB|O51234|3.A.1.7.5	25.8	298	154	5	385	682	62	292	3.3e-18	90.1
BCW-201833_04243	gnl|TC-DB|C3KCB6|3.A.1.7.3	33.9	186	104	3	268	452	64	231	2.4e-21	100.1
BCW-201833_04244	gnl|TC-DB|P0AAH0|3.A.1.7.1	59.1	247	101	0	9	255	11	257	1.8e-78	288.9
BCW-201833_04249	gnl|TC-DB|P0AGM7|2.A.40.1.1	91.0	423	38	0	1	423	1	423	1.4e-208	721.8
BCW-201833_04255	gnl|TC-DB|D4ZZR3|9.B.34.1.3	45.6	158	77	2	368	516	236	393	1.7e-27	120.6
BCW-201833_04259	gnl|TC-DB|P0A903|1.B.33.1.3	64.0	344	123	1	1	343	1	344	1.9e-123	438.7
BCW-201833_04268	gnl|TC-DB|D4E385|1.E.2.1.11	48.8	125	63	1	5	129	114	237	1.8e-31	131.7
BCW-201833_04271	gnl|TC-DB|Q7N7Y9|1.C.107.1.4	31.8	2614	1473	56	15	2423	15	2523	0.0e+00	1155.6
BCW-201833_04274	gnl|TC-DB|E3DBE3|2.A.6.2.48	81.7	1036	190	0	1	1036	1	1036	0.0e+00	1653.6
BCW-201833_04278	gnl|TC-DB|P40812|2.A.3.1.8	88.6	472	54	0	1	472	1	472	1.4e-241	831.6
BCW-201833_04283	gnl|TC-DB|D5CMP8|5.B.5.1.2	59.3	189	76	1	5	192	8	196	1.0e-65	246.1
BCW-201833_04288	gnl|TC-DB|P0AFS1|3.A.1.2.8	24.7	312	217	3	11	316	6	305	1.6e-21	100.1
BCW-201833_04289	gnl|TC-DB|A8H4W6|3.A.1.2.15	36.0	300	174	4	31	321	53	343	4.3e-37	151.8
BCW-201833_04290	gnl|TC-DB|G4FGN3|3.A.1.2.20	41.0	466	269	4	9	473	4	464	8.8e-98	354.0
BCW-201833_04303	gnl|TC-DB|P16700|3.A.1.6.1	76.9	337	78	0	1	337	1	337	3.5e-151	530.8
BCW-201833_04304	gnl|TC-DB|P16701|3.A.1.6.1	86.6	277	37	0	1	277	1	277	4.3e-131	463.8
BCW-201833_04305	gnl|TC-DB|P0AEB0|3.A.1.6.1	79.0	291	60	1	1	290	1	291	1.3e-130	462.2
BCW-201833_04306	gnl|TC-DB|P16676|3.A.1.6.1	80.9	366	65	2	1	362	1	365	1.5e-168	588.6
BCW-201833_04310	gnl|TC-DB|Q8L3C4|4.A.3.2.5	89.3	169	16	1	1	167	1	169	7.5e-78	286.2
BCW-201833_04311	gnl|TC-DB|P08839|8.A.7.1.1	85.6	575	83	0	1	575	1	575	2.9e-278	953.7
BCW-201833_04312	gnl|TC-DB|P0AA04|8.A.8.1.1	95.3	85	4	0	1	85	1	85	2.9e-38	153.7
BCW-201833_04314	gnl|TC-DB|P0A6J3|2.A.121.1.1	74.7	249	58	1	7	250	2	250	3.1e-107	384.4
BCW-201833_04318	gnl|TC-DB|P39836|2.A.28.3.4	69.2	331	100	1	3	333	4	332	6.4e-129	456.8
BCW-201833_04327	gnl|TC-DB|P35839|1.A.16.2.1	36.6	268	152	5	2	251	4	271	1.7e-39	159.5
BCW-201833_04330	gnl|TC-DB|P0AFF2|2.A.41.1.1	83.5	400	60	2	1	394	1	400	3.1e-175	610.9
BCW-201833_04331	gnl|TC-DB|P0A769|2.A.55.3.1	81.3	412	76	1	1	412	1	411	7.5e-180	626.3
BCW-201833_04333	gnl|TC-DB|P77735|8.A.5.1.6	30.7	316	201	7	13	319	1	307	2.4e-35	146.0
BCW-201833_04337	gnl|TC-DB|F4LXP4|8.A.59.2.1	33.0	267	159	7	272	529	211	466	3.2e-27	119.8
BCW-201833_04340	gnl|TC-DB|P27303|8.A.1.1.1	31.0	316	207	2	26	340	42	347	4.8e-31	131.7
BCW-201833_04347	gnl|TC-DB|P37662|2.A.1.11.3	73.9	352	86	2	5	353	2	350	8.8e-141	496.5
BCW-201833_04352	gnl|TC-DB|P37327|1.A.16.4.1	77.6	272	61	0	13	284	14	285	3.1e-117	417.9
BCW-201833_04353	gnl|TC-DB|Q8XE58|3.A.1.107.3	60.5	200	79	0	1	200	3	202	3.6e-66	247.7
BCW-201833_04354	gnl|TC-DB|P0ABM0|3.A.1.107.3	63.8	218	79	0	1	218	2	219	5.0e-66	247.3
BCW-201833_04355	gnl|TC-DB|P0ABM1|9.B.14.2.3	72.4	246	66	2	1	245	1	245	7.6e-103	369.8
BCW-201833_04356	gnl|TC-DB|P0ABM7|3.A.1.107.3	58.0	69	29	0	1	69	1	69	1.9e-15	77.8
BCW-201833_04358	gnl|TC-DB|P33927|9.B.14.1.3	73.8	648	163	2	1	648	1	641	2.4e-281	964.1
BCW-201833_04362	gnl|TC-DB|P76506|3.A.1.27.3	73.7	255	63	1	1	255	1	251	4.4e-114	407.1
BCW-201833_04363	gnl|TC-DB|P10384|1.B.9.1.1	65.6	450	128	2	1	427	1	446	1.3e-171	599.0
BCW-201833_04372	gnl|TC-DB|P0AD30|2.A.102.3.1	74.9	259	65	0	3	261	7	265	7.9e-106	379.8
BCW-201833_04377	gnl|TC-DB|P77549|2.A.1.46.6	63.9	382	138	0	1	382	4	385	1.7e-125	445.7
BCW-201833_04379	gnl|TC-DB|Q9FA44|2.A.80.1.1	83.9	498	79	1	1	497	1	498	7.6e-227	782.7
BCW-201833_04380	gnl|TC-DB|Q9FA45|2.A.80.1.1	71.3	143	41	0	1	143	2	144	6.4e-54	206.5
BCW-201833_04381	gnl|TC-DB|Q9FA46|2.A.80.1.1	75.7	325	79	0	1	325	1	325	8.1e-145	509.6
BCW-201833_04384	gnl|TC-DB|P11922|1.B.54.1.2	34.7	759	440	18	19	757	73	795	6.9e-94	342.0
BCW-201833_04390	gnl|TC-DB|P0ABP6|9.B.27.2.3	84.1	214	34	0	1	214	1	214	5.7e-102	366.7
BCW-201833_04394	gnl|TC-DB|P08550|9.B.160.1.16	87.0	161	21	0	34	194	1	161	3.1e-75	277.7
BCW-201833_04397	gnl|TC-DB|P0AEU0|3.A.1.3.29	71.8	259	73	0	1	259	1	259	3.7e-108	387.5
BCW-201833_04398	gnl|TC-DB|P0A2I9|3.A.1.3.1	84.2	228	36	0	1	228	1	228	4.9e-104	373.6
BCW-201833_04399	gnl|TC-DB|P0AEU3|3.A.1.3.29	88.2	238	28	0	1	238	1	238	1.3e-115	412.1
BCW-201833_04400	gnl|TC-DB|P07109|3.A.1.3.29	88.7	257	29	0	1	257	1	257	1.7e-126	448.4
BCW-201833_04404	gnl|TC-DB|O52717|2.A.1.18.2	63.8	409	148	0	3	411	4	412	7.8e-156	546.6
BCW-201833_04410	gnl|TC-DB|B7LBF5|1.A.12.3.2	59.2	211	86	0	1	211	1	211	1.2e-64	242.7
BCW-201833_04421	gnl|TC-DB|P0AFC3|3.D.1.1.1	82.2	129	23	0	1	129	3	131	9.9e-58	219.2
BCW-201833_04422	gnl|TC-DB|P0AFC7|3.D.1.1.1	89.3	225	19	2	1	225	1	220	2.0e-118	421.4
BCW-201833_04423	gnl|TC-DB|P33599|3.D.1.1.1	89.5	599	60	1	1	599	1	596	0.0e+00	1137.5
BCW-201833_04424	gnl|TC-DB|P0AFD1|3.D.1.1.1	86.0	157	22	0	15	171	10	166	2.2e-77	284.6
BCW-201833_04425	gnl|TC-DB|P31979|3.D.1.1.1	89.5	446	46	1	3	448	1	445	6.1e-244	839.3
BCW-201833_04426	gnl|TC-DB|P33602|3.D.1.1.1	80.9	908	172	1	4	910	1	908	0.0e+00	1512.7
BCW-201833_04427	gnl|TC-DB|P0AFD4|3.D.1.1.1	84.9	325	49	0	1	325	1	325	8.6e-163	569.3
BCW-201833_04428	gnl|TC-DB|P0AFD6|3.D.1.1.1	92.8	180	13	0	1	180	1	180	1.6e-86	315.1
BCW-201833_04429	gnl|TC-DB|P0AFE0|3.D.1.1.1	77.9	181	40	0	1	181	1	181	1.0e-72	269.2
BCW-201833_04430	gnl|TC-DB|P0AFE4|3.D.1.1.1	69.0	100	31	0	1	100	1	100	1.0e-26	115.5
BCW-201833_04431	gnl|TC-DB|P33607|3.D.1.1.1	84.2	612	96	1	1	611	1	612	4.8e-300	1026.2
BCW-201833_04432	gnl|TC-DB|P0AFE8|3.D.1.1.1	87.2	509	62	1	1	506	1	509	2.7e-256	880.6
BCW-201833_04433	gnl|TC-DB|P0AFF0|3.D.1.1.1	83.1	485	82	0	1	485	1	485	8.2e-226	779.2
BCW-201833_04446	gnl|TC-DB|F2WVP9|2.A.1.60.3	47.2	362	188	3	35	395	14	373	9.8e-76	280.4
BCW-201833_04447	gnl|TC-DB|P06996|1.B.1.1.3	70.4	379	92	6	1	371	1	367	2.6e-147	518.1
BCW-201833_04451	gnl|TC-DB|P33941|3.A.1.113.3	71.8	546	154	0	1	546	1	546	1.2e-220	762.3
BCW-201833_04463	gnl|TC-DB|P28246|2.A.1.2.7	69.4	395	121	0	1	395	1	395	7.5e-153	536.6
BCW-201833_04465	gnl|TC-DB|P33916|3.A.1.5.21	73.9	524	132	2	2	520	4	527	5.6e-212	733.4
BCW-201833_04466	gnl|TC-DB|P33915|3.A.1.5.21	75.1	337	84	0	2	338	3	339	4.3e-149	523.9
BCW-201833_04467	gnl|TC-DB|P0AFU1|3.A.1.5.21	79.1	364	74	1	1	362	1	364	2.5e-163	571.2
BCW-201833_04468	gnl|TC-DB|Q8ZNK0|3.A.1.5.24	65.4	601	208	0	2	602	1	601	1.0e-246	849.0
BCW-201833_04470	gnl|TC-DB|E9RJ18|3.A.7.13.2	38.3	107	55	4	83	179	254	359	9.7e-13	70.1
BCW-201833_04475	gnl|TC-DB|P69811|4.A.2.1.1	73.6	375	98	1	1	374	1	375	1.5e-147	518.8
BCW-201833_04477	gnl|TC-DB|P20966|4.A.2.1.1	78.8	566	115	3	1	564	1	563	6.8e-208	719.9
BCW-201833_04479	gnl|TC-DB|657066955|9.B.143.3.6	61.3	75	29	0	4	78	260	334	1.4e-23	105.5
BCW-201833_04481	gnl|TC-DB|P25737|2.A.3.1.2	87.6	484	60	0	1	484	1	484	5.8e-248	852.8
BCW-201833_04482	gnl|TC-DB|A8GDS7|3.A.1.14.16	36.1	341	204	3	20	359	5	332	2.7e-48	189.1
BCW-201833_04483	gnl|TC-DB|Q9S215|3.A.1.14.22	35.6	253	157	4	5	252	23	274	1.3e-36	149.8
BCW-201833_04487	gnl|TC-DB|Q9I3T2|2.A.1.51.4	45.8	373	186	4	7	370	14	379	3.0e-74	275.4
BCW-201833_04489	gnl|TC-DB|P25747|9.B.169.1.2	64.5	377	134	0	1	377	1	377	1.5e-142	502.3
BCW-201833_04492	gnl|TC-DB|P0AEE5|3.A.1.2.3	78.5	331	71	0	1	331	1	331	3.0e-147	517.7
BCW-201833_04493	gnl|TC-DB|P0AAG8|3.A.1.2.3	89.1	506	55	0	1	506	1	506	1.8e-263	904.4
BCW-201833_04494	gnl|TC-DB|P23200|3.A.1.2.3	86.0	336	47	0	1	336	1	336	3.4e-154	540.8
BCW-201833_04495	gnl|TC-DB|P0AFY2|9.B.114.1.1	77.4	239	54	0	1	239	1	239	1.9e-103	371.7
BCW-201833_04498	gnl|TC-DB|C6EAH0|2.A.122.1.1	69.1	230	71	0	1	230	2	231	6.7e-85	310.1
BCW-201833_04499	gnl|TC-DB|F4V3T5|1.E.14.1.4	73.3	116	31	0	1	116	4	119	1.3e-21	99.0
BCW-201833_04501	gnl|TC-DB|A0L4L0|3.A.1.132.3	37.2	349	188	7	13	351	2	329	8.5e-58	220.7
BCW-201833_04513	gnl|TC-DB|D4I357|9.B.97.4.1	25.2	345	223	11	1	336	1	319	1.1e-12	70.9
BCW-201833_04530	gnl|TC-DB|H8YUQ0|1.C.1.1.5	42.9	182	104	0	284	465	257	438	1.6e-37	153.7
BCW-201833_04582	gnl|TC-DB|Q47424|1.E.4.1.1	46.7	107	57	0	1	107	1	107	3.8e-22	100.5
