BCW-200533_00004	gnl|TC-DB|Q6MNW4|8.A.59.2.2	30.0	283	186	3	237	509	292	572	2.1e-33	140.2
BCW-200533_00018	gnl|TC-DB|P36649|1.B.76.1.8	24.3	551	261	16	90	586	68	516	3.9e-28	122.9
BCW-200533_00040	gnl|TC-DB|Q00538|2.A.1.3.10	30.7	391	246	6	13	401	19	386	4.9e-38	155.6
BCW-200533_00076	gnl|TC-DB|Q0SFA1|3.A.1.27.4	72.6	146	40	0	2	147	183	328	7.1e-57	216.5
BCW-200533_00103	gnl|TC-DB|O07536|2.A.37.5.2	32.6	393	245	8	8	386	5	391	3.1e-42	169.1
BCW-200533_00118	gnl|TC-DB|Q2FLJ6|3.A.3.1.8	36.1	219	138	1	1	217	3	221	1.9e-33	139.0
BCW-200533_00119	gnl|TC-DB|P0AGI8|2.A.38.1.1	25.1	215	149	4	1	203	1	215	3.6e-11	65.1
BCW-200533_00120	gnl|TC-DB|A4X503|2.A.3.14.1	65.8	647	220	1	1	647	4	649	2.9e-234	807.7
BCW-200533_00123	gnl|TC-DB|Q9ZGB6|2.A.1.3.32	34.5	513	318	6	23	531	14	512	8.7e-75	277.7
BCW-200533_00127	gnl|TC-DB|Q7BEC4|2.A.1.1.35	52.4	481	217	5	1	479	1	471	2.4e-129	458.8
BCW-200533_00139	gnl|TC-DB|P58362|5.A.3.4.2	39.2	775	441	10	4	757	44	809	3.5e-159	558.5
BCW-200533_00150	gnl|TC-DB|Q86Z14|8.A.49.1.2	30.2	464	270	15	9	456	81	506	6.1e-45	178.3
BCW-200533_00161	gnl|TC-DB|E8V3S2|4.F.1.3.2	28.7	209	138	4	3	205	5	208	3.2e-15	78.6
BCW-200533_00163	gnl|TC-DB|P73948|2.A.38.4.5	27.1	362	232	15	23	363	21	371	1.6e-11	67.0
BCW-200533_00176	gnl|TC-DB|E1VTI0|2.A.116.3.1	34.9	249	130	7	15	239	5	245	2.6e-26	115.5
BCW-200533_00183	gnl|TC-DB|P65025|3.A.5.2.2	48.2	83	43	0	2	84	3	85	6.2e-15	76.6
BCW-200533_00184	gnl|TC-DB|Q50634|3.A.5.2.2	65.9	569	188	3	1	564	1	568	3.7e-161	564.7
BCW-200533_00185	gnl|TC-DB|Q50635|3.A.5.2.2	59.9	419	134	4	18	403	21	438	1.6e-121	432.6
BCW-200533_00211	gnl|TC-DB|P69451|4.C.1.1.4	28.8	521	326	12	13	491	33	550	2.2e-43	173.3
BCW-200533_00284	gnl|TC-DB|P08107|1.A.33.1.3	26.8	355	217	12	19	344	7	347	1.8e-17	87.4
BCW-200533_00285	gnl|TC-DB|P08107|1.A.33.1.3	26.5	385	239	12	6	358	7	379	4.8e-18	89.4
BCW-200533_00287	gnl|TC-DB|D9X7X8|2.A.1.3.38	25.5	471	296	12	18	461	37	479	2.3e-19	93.6
BCW-200533_00329	gnl|TC-DB|Q0S7K1|3.A.1.27.4	32.1	318	212	2	4	320	2	316	2.4e-38	156.0
BCW-200533_00330	gnl|TC-DB|Q0S7K2|3.A.1.27.4	42.6	343	194	1	23	365	14	353	1.2e-73	273.5
BCW-200533_00331	gnl|TC-DB|Q0S7K3|3.A.1.27.4	53.7	259	119	1	33	291	26	283	1.1e-71	266.5
BCW-200533_00332	gnl|TC-DB|Q0S7K4|3.A.1.27.4	61.2	242	94	0	20	261	10	251	2.5e-80	295.0
BCW-200533_00345	gnl|TC-DB|Q42524|4.C.1.1.7	29.6	520	319	10	48	557	66	548	6.4e-52	201.8
BCW-200533_00358	gnl|TC-DB|Q9V0A4|3.B.1.1.5	38.0	516	307	7	12	517	8	520	5.9e-89	324.7
BCW-200533_00361	gnl|TC-DB|P31552|4.C.1.1.6	28.5	502	327	14	49	532	24	511	2.3e-35	146.7
BCW-200533_00367	gnl|TC-DB|P0ABJ3|3.D.4.5.1	26.6	184	120	2	39	215	28	203	5.4e-12	67.8
BCW-200533_00370	gnl|TC-DB|P24012|3.D.4.4.1	26.7	176	126	3	19	192	29	203	3.3e-13	71.6
BCW-200533_00400	gnl|TC-DB|P59950|2.A.20.1.3	64.3	378	130	2	1	377	1	374	3.1e-130	461.5
BCW-200533_00427	gnl|TC-DB|P30329|2.A.45.1.1	24.6	426	306	4	1	411	1	426	5.8e-23	105.1
BCW-200533_00435	gnl|TC-DB|E3GWE8|9.B.125.2.1	31.5	200	127	2	133	330	95	286	2.4e-17	86.3
BCW-200533_00446	gnl|TC-DB|Q9V0A4|3.B.1.1.5	40.4	485	258	8	22	477	40	522	4.0e-92	335.1
BCW-200533_00453	gnl|TC-DB|P65374|2.A.6.5.5	28.6	747	465	16	47	756	1	716	3.5e-53	206.5
BCW-200533_00455	gnl|TC-DB|P96483|3.A.1.1.23	62.3	379	122	4	1	362	1	375	3.3e-123	438.0
BCW-200533_00456	gnl|TC-DB|O30493|3.A.1.1.49	44.2	260	144	1	30	288	17	276	4.5e-62	234.6
BCW-200533_00457	gnl|TC-DB|O30492|3.A.1.1.49	39.4	284	168	2	28	310	13	293	2.4e-53	205.7
BCW-200533_00458	gnl|TC-DB|O30831|3.A.1.1.5	45.3	422	225	3	12	432	8	424	5.4e-107	384.4
BCW-200533_00476	gnl|TC-DB|D8HIS0|9.B.106.2.2	34.5	284	156	8	22	276	216	498	1.5e-31	134.0
BCW-200533_00502	gnl|TC-DB|Q1M606|3.A.3.7.2	60.8	684	250	5	24	694	2	680	9.4e-207	716.5
BCW-200533_00503	gnl|TC-DB|Q1M605|3.A.3.7.2	49.7	561	265	5	9	560	7	559	1.3e-134	476.5
BCW-200533_00509	gnl|TC-DB|P54428|9.A.40.2.1	28.3	431	253	10	5	400	6	415	1.0e-41	167.5
BCW-200533_00513	gnl|TC-DB|Q54806|2.A.1.3.5	37.1	477	282	9	16	480	16	486	1.4e-72	270.4
BCW-200533_00528	gnl|TC-DB|P0A4W2|3.A.1.6.3	75.2	327	81	0	2	328	7	333	4.6e-138	487.3
BCW-200533_00529	gnl|TC-DB|P71746|3.A.1.6.3	67.3	257	82	2	11	266	11	266	5.5e-91	330.5
BCW-200533_00530	gnl|TC-DB|P71745|3.A.1.6.3	60.8	265	102	1	17	279	16	280	3.9e-79	291.2
BCW-200533_00531	gnl|TC-DB|P71744|3.A.1.6.3	63.4	331	119	1	12	342	27	355	3.6e-119	424.5
BCW-200533_00538	gnl|TC-DB|P60844|1.A.8.3.1	46.2	236	110	3	18	248	3	226	6.2e-47	184.1
BCW-200533_00545	gnl|TC-DB|Q5SGW2|3.A.11.1.3	33.2	575	322	24	209	769	148	674	7.7e-32	135.6
BCW-200533_00546	gnl|TC-DB|A8V922|3.A.11.2.1	50.8	61	30	0	233	293	70	130	2.8e-11	65.9
BCW-200533_00556	gnl|TC-DB|P0C0L7|2.A.1.6.4	49.2	455	219	5	18	465	14	463	2.8e-117	418.7
BCW-200533_00578	gnl|TC-DB|Q9RK12|3.A.1.14.13	33.1	323	187	9	27	326	29	345	6.2e-39	157.9
BCW-200533_00579	gnl|TC-DB|P07658|3.D.1.9.2	29.6	392	233	9	146	520	61	426	4.8e-42	169.5
BCW-200533_00586	gnl|TC-DB|Q45082|2.A.1.6.5	34.7	421	264	6	7	421	13	428	1.1e-62	237.3
BCW-200533_00605	gnl|TC-DB|Q07837|8.A.9.1.2	32.1	467	262	13	17	458	117	553	1.4e-66	250.4
BCW-200533_00610	gnl|TC-DB|P43672|3.A.1.120.6	35.5	524	334	3	17	537	15	537	1.2e-92	337.0
BCW-200533_00626	gnl|TC-DB|C0ZLZ7|1.B.58.1.5	93.4	183	12	0	50	232	45	227	1.1e-58	223.0
BCW-200533_00636	gnl|TC-DB|P39886|2.A.1.3.12	38.3	506	294	4	1	497	28	524	1.3e-88	323.6
BCW-200533_00650	gnl|TC-DB|I7HQW2|2.A.1.53.9	25.6	367	259	4	5	365	14	372	7.8e-23	104.8
BCW-200533_00651	gnl|TC-DB|P77735|8.A.5.1.6	36.6	284	153	8	40	310	44	313	2.7e-39	159.1
BCW-200533_00661	gnl|TC-DB|Q9L1B4|2.A.1.3.19	34.9	490	308	8	18	503	20	502	1.2e-57	220.7
BCW-200533_00680	gnl|TC-DB|Q9HT68|3.A.1.24.5	41.3	276	144	6	7	282	2	259	1.6e-48	189.5
BCW-200533_00681	gnl|TC-DB|O32169|3.A.1.24.2	45.3	340	168	3	2	329	1	334	7.7e-74	273.9
BCW-200533_00682	gnl|TC-DB|Q9HT69|3.A.1.24.5	46.7	210	112	0	12	221	16	225	3.2e-44	174.9
BCW-200533_00690	gnl|TC-DB|P69451|4.C.1.1.4	27.3	531	333	11	57	551	36	549	2.4e-48	189.9
BCW-200533_00733	gnl|TC-DB|P94369|2.A.39.1.5	38.1	444	268	6	14	456	4	441	5.6e-86	314.7
BCW-200533_00740	gnl|TC-DB|Q93A34|3.A.1.12.8	37.4	190	112	1	23	212	13	195	4.8e-28	121.3
BCW-200533_00741	gnl|TC-DB|Q93A34|3.A.1.12.8	33.0	191	125	1	9	199	11	198	2.0e-19	92.4
BCW-200533_00742	gnl|TC-DB|Q45460|3.A.1.12.3	43.1	369	196	6	1	358	1	366	2.0e-75	279.3
BCW-200533_00747	gnl|TC-DB|Q58206|3.A.1.122.14	41.5	224	123	3	13	228	4	227	2.2e-40	162.2
BCW-200533_00748	gnl|TC-DB|H2GZC4|3.A.1.122.11	31.3	380	215	9	1	373	1	341	9.0e-31	131.0
BCW-200533_00752	gnl|TC-DB|P69451|4.C.1.1.4	27.5	542	344	11	3	506	25	555	1.8e-50	196.8
BCW-200533_00766	gnl|TC-DB|P96593|2.A.55.3.3	45.6	395	211	4	20	412	31	423	2.8e-81	298.9
BCW-200533_00790	gnl|TC-DB|Q42524|4.C.1.1.7	31.2	520	317	10	48	555	67	557	2.8e-60	229.6
BCW-200533_00797	gnl|TC-DB|P69451|4.C.1.1.4	27.4	543	338	15	6	509	25	550	1.2e-36	151.0
BCW-200533_00806	gnl|TC-DB|P69451|4.C.1.1.4	32.6	537	317	11	6	504	21	550	2.6e-65	246.1
BCW-200533_00811	gnl|TC-DB|F5XJB6|2.A.116.1.4	32.3	217	146	1	5	221	5	220	5.1e-29	124.4
BCW-200533_00828	gnl|TC-DB|Q53902|2.A.6.5.1	40.0	698	373	8	46	741	34	687	3.7e-121	432.2
BCW-200533_00837	gnl|TC-DB|O06967|3.A.1.117.3	30.8	555	374	7	30	580	24	572	9.5e-59	224.6
BCW-200533_00846	gnl|TC-DB|O86513|2.A.7.3.43	64.4	281	98	2	1	280	1	280	2.9e-91	331.6
BCW-200533_00866	gnl|TC-DB|A1ACJ3|1.A.13.5.1	44.5	245	134	2	4	248	9	251	7.1e-56	213.8
BCW-200533_00868	gnl|TC-DB|P77315|3.A.1.2.27	33.4	296	196	1	30	325	27	321	5.6e-35	144.8
BCW-200533_00869	gnl|TC-DB|O50504|3.A.1.2.24	42.0	238	138	0	2	239	3	240	4.7e-47	184.5
BCW-200533_00870	gnl|TC-DB|Q1M4Q9|3.A.1.2.16	27.4	241	170	4	68	304	40	279	1.4e-11	67.0
BCW-200533_00894	gnl|TC-DB|B0S9U4|2.A.21.8.3	24.5	461	288	11	6	454	8	420	5.3e-15	79.0
BCW-200533_00897	gnl|TC-DB|Q9SXJ7|3.A.9.1.2	40.1	142	83	1	94	233	111	252	4.2e-21	98.2
BCW-200533_00903	gnl|TC-DB|P75783|1.A.23.3.2	28.4	275	192	2	7	277	443	716	3.5e-27	118.6
BCW-200533_00904	gnl|TC-DB|P0AA82|2.A.39.1.1	36.4	412	250	7	22	432	4	404	1.4e-59	226.9
BCW-200533_00916	gnl|TC-DB|P39344|2.A.8.1.2	36.7	442	274	3	21	462	3	438	5.3e-73	271.6
BCW-200533_00934	gnl|TC-DB|H6N4M5|1.E.43.1.8	59.1	88	35	1	1	87	1	88	6.6e-23	102.8
BCW-200533_00940	gnl|TC-DB|P37643|2.A.1.6.10	37.0	414	244	5	28	436	23	424	3.2e-67	252.3
BCW-200533_00945	gnl|TC-DB|T1VWX9|9.B.176.1.3	97.8	403	9	0	1	403	1	403	6.6e-205	709.5
BCW-200533_00946	gnl|TC-DB|H1X8H0|2.A.3.14.3	31.5	536	352	5	21	546	21	551	5.5e-62	235.3
BCW-200533_00965	gnl|TC-DB|P0A334|1.A.1.1.1	47.9	94	45	1	129	218	28	121	1.3e-15	80.1
BCW-200533_00974	gnl|TC-DB|P69451|4.C.1.1.4	26.7	566	350	16	3	531	13	550	1.0e-43	174.5
BCW-200533_00982	gnl|TC-DB|P75796|3.A.1.5.11	47.2	248	124	3	17	263	334	575	2.9e-52	201.8
BCW-200533_00983	gnl|TC-DB|Q93IU0|3.A.1.5.36	43.0	279	151	3	317	595	17	287	5.9e-59	225.3
BCW-200533_00984	gnl|TC-DB|P75798|3.A.1.5.11	34.8	302	193	3	29	330	4	301	2.9e-44	175.6
BCW-200533_00990	gnl|TC-DB|O50455|1.A.35.3.5	40.1	377	180	8	30	383	13	366	1.7e-64	243.0
BCW-200533_01000	gnl|TC-DB|O51924|3.A.1.1.7	27.5	280	201	2	22	301	16	293	1.4e-29	126.7
BCW-200533_01001	gnl|TC-DB|P10906|3.A.1.1.3	31.8	267	175	2	34	293	10	276	8.5e-40	160.6
BCW-200533_01003	gnl|TC-DB|P96483|3.A.1.1.23	58.0	379	137	5	1	361	1	375	6.9e-113	403.7
BCW-200533_01008	gnl|TC-DB|Q8G3R0|3.A.1.2.22	24.6	358	199	12	390	732	168	469	2.6e-11	67.4
BCW-200533_01019	gnl|TC-DB|P0C0L7|2.A.1.6.4	32.9	419	269	4	27	435	25	441	6.8e-62	234.6
BCW-200533_01021	gnl|TC-DB|Q53712|3.A.1.120.3	33.0	563	302	16	16	538	42	569	3.2e-53	206.1
BCW-200533_01039	gnl|TC-DB|P69451|4.C.1.1.4	30.8	532	306	14	21	511	43	553	1.6e-59	226.9
BCW-200533_01042	gnl|TC-DB|Q87WH3|3.A.1.12.10	35.9	270	167	6	55	322	26	291	2.6e-42	169.1
BCW-200533_01043	gnl|TC-DB|Q45461|3.A.1.12.3	38.8	196	117	2	77	272	19	211	4.0e-28	121.7
BCW-200533_01044	gnl|TC-DB|Q8ZPK4|3.A.1.12.14	45.2	378	195	6	20	389	2	375	1.5e-84	309.7
BCW-200533_01045	gnl|TC-DB|Q87WH4|3.A.1.12.10	41.7	206	111	2	61	261	14	215	2.9e-28	122.1
BCW-200533_01048	gnl|TC-DB|C1B4G9|9.B.145.1.4	60.1	296	118	0	1	296	1	296	3.5e-84	308.1
BCW-200533_01052	gnl|TC-DB|P42670|2.A.1.3.11	48.5	474	240	3	12	483	13	484	2.3e-114	409.1
BCW-200533_01067	gnl|TC-DB|P69451|4.C.1.1.4	29.8	524	298	13	11	470	32	549	2.5e-46	183.0
BCW-200533_01074	gnl|TC-DB|P94400|9.B.10.1.1	49.9	393	184	5	5	389	3	390	5.0e-99	357.8
BCW-200533_01087	gnl|TC-DB|P77529|2.A.23.1.8	31.9	442	279	9	15	443	22	454	3.9e-44	175.6
BCW-200533_01097	gnl|TC-DB|Q9L100|2.A.3.3.16	53.2	464	216	1	4	467	21	483	5.1e-127	451.1
BCW-200533_01109	gnl|TC-DB|Q7XBS0|2.A.21.6.3	24.2	438	282	13	25	420	59	488	2.2e-17	87.0
BCW-200533_01112	gnl|TC-DB|Q9XIA9|4.C.1.1.14	23.8	593	399	14	46	597	80	660	8.7e-44	174.9
BCW-200533_01121	gnl|TC-DB|Q9HV74|2.A.21.9.1	32.8	183	111	6	294	467	795	974	1.5e-17	87.4
BCW-200533_01132	gnl|TC-DB|A9WDR8|3.A.1.17.13	51.2	256	120	2	18	272	2	253	6.0e-64	240.7
BCW-200533_01133	gnl|TC-DB|A7NH43|3.A.1.17.8	43.8	249	140	0	11	259	20	268	6.4e-55	210.7
BCW-200533_01134	gnl|TC-DB|A7NH44|3.A.1.17.8	35.9	334	192	8	16	339	7	328	6.7e-49	191.0
BCW-200533_01137	gnl|TC-DB|O32859|2.A.1.21.4	54.2	397	179	1	22	415	8	404	1.1e-112	403.3
BCW-200533_01143	gnl|TC-DB|Q72GR8|3.D.2.2.2	51.4	358	170	1	12	365	3	360	7.6e-91	330.5
BCW-200533_01144	gnl|TC-DB|Q72GR9|3.D.2.2.2	51.7	87	38	2	11	96	11	94	2.3e-16	81.3
BCW-200533_01145	gnl|TC-DB|P0C188|3.D.2.2.1	43.6	491	224	7	4	473	5	463	4.4e-91	331.6
BCW-200533_01148	gnl|TC-DB|F2WVP9|2.A.1.60.3	34.9	358	226	2	26	382	18	369	1.7e-43	173.3
BCW-200533_01154	gnl|TC-DB|Q2J7N2|2.A.46.1.6	50.2	295	139	2	110	401	221	510	3.4e-71	265.4
BCW-200533_01156	gnl|TC-DB|C6GYU4|2.A.76.1.9	34.8	141	90	2	7	146	8	147	3.8e-15	78.2
BCW-200533_01168	gnl|TC-DB|P40739|4.A.1.2.11	42.5	127	67	2	3	127	463	585	4.5e-21	97.4
BCW-200533_01169	gnl|TC-DB|Q8GBT8|4.A.1.1.5	64.0	75	27	0	2	76	21	95	2.6e-22	100.5
BCW-200533_01170	gnl|TC-DB|Q8GBT6|4.A.1.1.5	52.9	401	172	5	15	405	2	395	4.4e-109	391.3
BCW-200533_01171	gnl|TC-DB|Q0S1N3|8.A.8.1.2	52.9	87	38	2	1	87	1	84	1.8e-14	74.7
BCW-200533_01172	gnl|TC-DB|Q0S1M9|8.A.7.1.2	47.8	548	281	3	9	553	8	553	4.6e-124	441.4
BCW-200533_01175	gnl|TC-DB|P67826|9.B.158.1.2	38.4	203	120	4	1	202	1	199	3.3e-26	115.2
BCW-200533_01182	gnl|TC-DB|P0A6W3|9.B.146.1.6	38.5	348	196	8	1	348	27	356	4.4e-51	198.4
BCW-200533_01183	gnl|TC-DB|P28246|2.A.1.2.7	32.1	368	248	2	51	417	26	392	9.2e-40	161.0
BCW-200533_01200	gnl|TC-DB|Q04733|2.A.1.3.8	34.9	450	275	8	39	480	23	462	4.0e-50	195.7
BCW-200533_01202	gnl|TC-DB|P37643|2.A.1.6.10	41.4	415	235	5	20	428	22	434	3.9e-81	298.5
BCW-200533_01219	gnl|TC-DB|Q7UQ81|9.B.146.1.1	29.6	368	217	10	25	382	10	345	1.0e-24	110.9
BCW-200533_01225	gnl|TC-DB|F8L1Z3|3.A.2.1.6	56.1	508	215	1	4	511	1	500	4.2e-162	567.8
BCW-200533_01226	gnl|TC-DB|P50005|3.A.2.1.5	33.4	320	189	6	3	320	4	301	2.0e-42	169.5
BCW-200533_01227	gnl|TC-DB|P50002|3.A.2.1.5	63.7	465	164	2	19	482	6	466	2.8e-165	578.2
BCW-200533_01241	gnl|TC-DB|Q0S4G7|2.A.1.3.64	36.8	446	279	1	39	484	47	489	6.9e-71	264.6
BCW-200533_01243	gnl|TC-DB|P46105|2.A.1.3.25	34.4	561	351	7	3	560	25	571	1.1e-67	254.2
BCW-200533_01255	gnl|TC-DB|G3IME2|9.B.35.1.2	45.6	114	56	2	2	109	28	141	5.5e-21	96.7
BCW-200533_01266	gnl|TC-DB|Q46821|2.A.40.3.3	38.7	424	256	3	6	426	21	443	1.0e-76	283.9
BCW-200533_01270	gnl|TC-DB|K0K2U6|2.A.13.1.4	75.7	445	105	2	1	443	1	444	9.9e-162	566.2
BCW-200533_01280	gnl|TC-DB|Q45082|2.A.1.6.5	38.7	421	251	5	16	434	28	443	1.1e-75	280.4
BCW-200533_01286	gnl|TC-DB|P37643|2.A.1.6.10	39.2	411	237	6	20	421	25	431	3.2e-65	245.7
BCW-200533_01309	gnl|TC-DB|X5H3P0|3.D.10.1.6	49.0	582	271	7	3	571	10	578	7.2e-160	560.5
BCW-200533_01310	gnl|TC-DB|X5GWN5|3.D.10.1.6	42.9	203	109	2	32	233	56	252	1.5e-44	176.0
BCW-200533_01316	gnl|TC-DB|O50504|3.A.1.2.24	42.8	243	136	1	18	260	5	244	5.0e-47	184.5
BCW-200533_01317	gnl|TC-DB|A6VKS9|3.A.1.2.13	27.5	313	211	6	34	343	15	314	1.8e-20	96.7
BCW-200533_01326	gnl|TC-DB|P31474|2.A.1.3.51	38.7	406	246	3	6	410	11	414	2.0e-64	243.0
BCW-200533_01340	gnl|TC-DB|E4WKH2|9.B.126.1.4	66.2	337	114	0	6	342	3	339	1.3e-124	442.6
BCW-200533_01345	gnl|TC-DB|P77389|2.A.1.2.65	45.2	372	196	4	1	369	7	373	8.4e-69	257.3
BCW-200533_01358	gnl|TC-DB|Q9HR74|5.A.3.3.3	21.4	729	420	24	51	681	92	765	1.8e-23	108.6
BCW-200533_01374	gnl|TC-DB|P07821|3.A.1.14.3	39.0	228	138	1	39	265	20	247	8.3e-37	150.6
BCW-200533_01375	gnl|TC-DB|Q56992|3.A.1.14.5	38.2	296	176	4	51	340	34	328	2.8e-42	169.1
BCW-200533_01377	gnl|TC-DB|O53657|2.A.6.5.6	37.3	746	421	11	4	705	5	747	6.7e-112	401.4
BCW-200533_01397	gnl|TC-DB|P40812|2.A.3.1.8	61.3	455	172	1	20	474	25	475	1.8e-153	538.9
BCW-200533_01402	gnl|TC-DB|P71997|2.A.53.4.2	40.7	376	220	2	6	379	6	380	3.9e-70	261.9
BCW-200533_01403	gnl|TC-DB|F5XJB6|2.A.116.1.4	28.2	234	154	3	1	234	1	220	3.6e-17	85.1
BCW-200533_01404	gnl|TC-DB|K6W6C5|2.A.116.1.7	59.4	219	85	2	1	219	1	215	1.2e-59	226.1
BCW-200533_01408	gnl|TC-DB|Q9X897|2.A.4.8.1	66.2	222	68	2	8	222	6	227	6.5e-69	256.9
BCW-200533_01414	gnl|TC-DB|Q9F2Y8|3.A.1.105.13	47.1	310	159	1	1	305	1	310	1.6e-73	272.7
BCW-200533_01418	gnl|TC-DB|Q9RK12|3.A.1.14.13	29.5	336	224	5	13	336	12	346	1.8e-33	139.8
BCW-200533_01419	gnl|TC-DB|P69367|2.A.1.2.21	27.8	385	249	10	26	405	15	375	2.4e-27	119.8
BCW-200533_01432	gnl|TC-DB|P63393|3.A.1.21.2	36.0	211	122	2	341	540	348	556	5.9e-23	105.5
BCW-200533_01433	gnl|TC-DB|P63393|3.A.1.21.2	29.7	489	313	11	46	513	60	538	2.3e-32	136.7
BCW-200533_01437	gnl|TC-DB|Q9RK12|3.A.1.14.13	27.4	372	223	15	3	354	2	346	5.5e-17	85.1
BCW-200533_01446	gnl|TC-DB|Q42524|4.C.1.1.7	27.3	479	316	9	89	547	84	550	5.4e-48	188.7
BCW-200533_01465	gnl|TC-DB|P65526|2.A.36.3.3	26.0	578	322	11	4	533	16	535	7.4e-34	141.7
BCW-200533_01466	gnl|TC-DB|X0QAZ8|9.B.143.4.4	54.0	202	92	1	5	206	9	209	1.6e-51	199.1
BCW-200533_01473	gnl|TC-DB|F5XJB6|2.A.116.1.4	31.5	216	144	2	21	234	1	214	1.2e-20	96.7
BCW-200533_01476	gnl|TC-DB|A5H8A5|2.A.1.3.31	29.5	404	277	5	17	418	23	420	5.5e-41	165.2
BCW-200533_01493	gnl|TC-DB|P75892|2.A.40.1.3	43.6	424	208	6	18	434	20	419	3.6e-85	312.0
BCW-200533_01507	gnl|TC-DB|O50453|3.A.1.1.31	44.4	270	144	3	11	277	7	273	3.3e-54	208.4
BCW-200533_01508	gnl|TC-DB|Q9R9Q6|3.A.1.1.17	43.8	313	146	9	86	384	32	328	8.5e-56	214.2
BCW-200533_01509	gnl|TC-DB|O51923|3.A.1.1.7	31.2	384	226	12	65	417	59	435	2.1e-36	149.8
BCW-200533_01510	gnl|TC-DB|P96483|3.A.1.1.23	64.3	375	115	2	1	356	1	375	1.4e-134	475.7
BCW-200533_01519	gnl|TC-DB|P37643|2.A.1.6.10	37.3	434	257	6	13	437	13	440	5.6e-75	278.1
BCW-200533_01522	gnl|TC-DB|Q89SS6|2.A.1.42.2	23.6	428	303	9	28	445	655	1068	1.9e-23	107.1
BCW-200533_01528	gnl|TC-DB|Q9MUK5|3.A.9.1.1	37.2	137	82	2	95	231	74	206	6.0e-17	85.5
BCW-200533_01531	gnl|TC-DB|P94400|9.B.10.1.1	51.7	393	177	6	5	389	3	390	6.7e-101	364.0
BCW-200533_01533	gnl|TC-DB|Q8YSA2|3.A.1.3.17	30.0	500	304	11	86	579	26	485	1.8e-44	177.2
BCW-200533_01534	gnl|TC-DB|Q9CES4|3.A.1.3.25	57.0	235	99	1	16	248	11	245	5.9e-71	263.8
BCW-200533_01539	gnl|TC-DB|Q7AKK5|3.A.1.105.14	36.8	269	141	8	2	262	23	270	6.3e-31	131.0
BCW-200533_01540	gnl|TC-DB|Q7AKK4|3.A.1.105.14	50.0	302	141	2	6	300	9	307	6.9e-77	283.9
BCW-200533_01544	gnl|TC-DB|Q0SFA1|3.A.1.27.4	90.2	205	20	0	1	205	122	326	9.4e-101	362.8
BCW-200533_01545	gnl|TC-DB|O53546|3.A.1.27.5	35.8	246	158	0	41	286	2	247	9.0e-34	140.6
BCW-200533_01546	gnl|TC-DB|Q0S7K3|3.A.1.27.4	39.0	264	161	0	29	292	20	283	1.6e-46	183.0
BCW-200533_01563	gnl|TC-DB|A9WMF7|1.A.22.1.9	41.8	134	70	3	1	127	1	133	3.9e-19	90.9
BCW-200533_01568	gnl|TC-DB|A0M015|1.A.62.2.1	31.8	195	133	0	2	196	8	202	8.6e-28	120.2
BCW-200533_01576	gnl|TC-DB|Q9AK33|2.A.69.3.1	49.8	313	148	4	1	311	1	306	1.8e-64	242.7
BCW-200533_01594	gnl|TC-DB|L0QS10|9.B.102.6.3	35.3	411	253	5	51	453	18	423	2.8e-46	183.0
BCW-200533_01608	gnl|TC-DB|J8ABC0|3.A.1.105.9	40.3	221	131	1	23	243	4	223	4.7e-48	188.0
BCW-200533_01624	gnl|TC-DB|P76628|2.A.1.36.3	42.4	373	213	2	18	389	12	383	1.2e-71	266.9
BCW-200533_01641	gnl|TC-DB|P0AAE0|2.A.3.1.7	70.1	451	135	0	20	470	19	469	1.2e-179	625.9
BCW-200533_01647	gnl|TC-DB|P37643|2.A.1.6.10	40.3	422	244	5	16	431	21	440	1.1e-80	297.0
BCW-200533_01651	gnl|TC-DB|P31552|4.C.1.1.6	24.8	525	350	9	53	568	29	517	5.6e-32	135.6
BCW-200533_01653	gnl|TC-DB|P21628|3.A.1.4.8	31.9	320	185	6	41	334	94	406	5.8e-27	118.2
BCW-200533_01654	gnl|TC-DB|Q0S718|3.A.1.4.9	33.0	291	181	7	10	298	6	284	4.8e-27	118.2
BCW-200533_01655	gnl|TC-DB|Q8DQH7|3.A.1.4.10	46.2	236	124	3	1	234	1	235	1.4e-50	196.1
BCW-200533_01656	gnl|TC-DB|Q8DQH8|3.A.1.4.10	42.5	252	145	0	16	267	3	254	8.3e-55	210.3
BCW-200533_01661	gnl|TC-DB|P69451|4.C.1.1.4	41.9	105	59	2	20	124	379	481	1.9e-17	85.1
BCW-200533_01667	gnl|TC-DB|F0M2Z7|9.B.115.1.2	33.2	217	133	6	54	264	77	287	4.9e-26	114.8
BCW-200533_01672	gnl|TC-DB|Q5EGM5|9.A.25.1.1	28.1	203	102	7	149	330	271	450	9.9e-13	70.9
BCW-200533_01684	gnl|TC-DB|Q53903|2.A.1.3.7	38.1	504	293	5	10	495	18	520	5.3e-74	275.0
BCW-200533_01689	gnl|TC-DB|Q8NS49|2.A.21.7.3	70.1	538	155	3	12	545	16	551	2.9e-195	677.9
BCW-200533_01691	gnl|TC-DB|D5AU53|2.A.21.7.4	29.7	498	259	10	19	498	46	470	7.4e-40	161.8
BCW-200533_01694	gnl|TC-DB|Q81JL2|9.B.33.1.1	28.6	374	236	9	36	394	218	575	1.3e-32	137.1
BCW-200533_01697	gnl|TC-DB|P32703|2.A.36.3.1	28.0	557	360	10	1	531	1	542	3.3e-42	169.5
BCW-200533_01700	gnl|TC-DB|Q9KXM5|3.A.3.23.1	56.4	803	323	9	17	809	14	799	4.4e-235	810.8
BCW-200533_01728	gnl|TC-DB|D8HUV6|9.B.143.4.3	30.7	212	143	2	14	225	13	220	1.3e-13	73.2
BCW-200533_01739	gnl|TC-DB|Q6A1F6|3.B.1.1.6	31.4	598	356	14	519	1095	3	567	2.1e-67	254.2
BCW-200533_01743	gnl|TC-DB|P56579|4.A.4.1.1	49.1	167	81	1	30	196	9	171	1.7e-39	159.1
BCW-200533_01744	gnl|TC-DB|O32333|4.A.4.1.2	55.7	174	77	0	23	196	162	335	1.3e-49	192.6
BCW-200533_01745	gnl|TC-DB|O32333|4.A.4.1.2	43.8	121	67	1	1	120	1	121	2.2e-26	114.8
BCW-200533_01746	gnl|TC-DB|O32334|4.A.4.1.2	36.4	118	75	0	15	132	5	122	1.9e-13	72.0
BCW-200533_01752	gnl|TC-DB|Q0S1M9|8.A.7.1.2	47.4	546	282	3	3	545	6	549	1.4e-125	446.4
BCW-200533_01760	gnl|TC-DB|Q71WA5|4.A.5.1.2	38.5	91	54	1	5	95	5	93	3.1e-12	67.4
BCW-200533_01761	gnl|TC-DB|Q8Y9M3|4.A.5.1.7	36.8	106	65	2	23	127	23	127	4.7e-13	70.9
BCW-200533_01762	gnl|TC-DB|Q71WA6|4.A.5.1.2	45.2	409	208	6	7	411	10	406	2.6e-88	322.4
BCW-200533_01778	gnl|TC-DB|O67997|1.A.11.1.4	44.2	414	210	6	8	419	35	429	2.8e-84	309.3
BCW-200533_01786	gnl|TC-DB|A1VEP3|1.A.28.1.4	36.3	325	200	3	14	337	8	326	4.9e-47	184.9
BCW-200533_01794	gnl|TC-DB|P0C0L7|2.A.1.6.4	34.8	442	271	8	9	441	14	447	4.6e-66	248.4
BCW-200533_01800	gnl|TC-DB|C6GYU4|2.A.76.1.9	30.3	208	139	4	4	206	6	212	2.6e-11	65.5
BCW-200533_01809	gnl|TC-DB|Q9RK12|3.A.1.14.13	35.0	286	167	9	43	318	53	329	2.9e-36	149.1
BCW-200533_01810	gnl|TC-DB|Q9S213|3.A.1.14.22	46.5	318	168	1	30	347	33	348	1.2e-74	276.6
BCW-200533_01811	gnl|TC-DB|Q9S214|3.A.1.14.22	35.4	297	189	3	53	347	78	373	3.9e-44	175.3
BCW-200533_01812	gnl|TC-DB|Q9S215|3.A.1.14.22	59.4	256	104	0	7	262	23	278	2.3e-84	308.5
BCW-200533_01830	gnl|TC-DB|P0ADM0|9.B.51.1.1	40.4	104	62	0	8	111	5	108	3.9e-17	84.0
BCW-200533_01834	gnl|TC-DB|P0AAP1|9.B.34.1.2	30.9	165	102	4	200	359	213	370	2.8e-16	82.8
BCW-200533_01836	gnl|TC-DB|P65374|2.A.6.5.5	27.6	767	496	12	5	763	1	716	3.3e-51	199.9
BCW-200533_01837	gnl|TC-DB|J6RCW6|3.A.1.135.7	39.8	566	339	2	11	575	1	565	1.4e-115	413.3
BCW-200533_01838	gnl|TC-DB|E8MFM3|3.A.1.135.6	43.0	637	330	6	10	642	2	609	6.7e-135	477.6
BCW-200533_01840	gnl|TC-DB|I7FD23|2.A.1.2.97	41.2	388	221	3	10	393	16	400	1.1e-60	230.3
BCW-200533_01851	gnl|TC-DB|O05347|3.A.1.16.2	44.4	239	128	3	48	284	51	286	1.3e-50	196.4
BCW-200533_01852	gnl|TC-DB|Q47539|3.A.1.17.1	35.7	235	139	2	54	276	38	272	4.5e-35	144.8
BCW-200533_01858	gnl|TC-DB|Q4LDG0|4.C.1.1.8	28.3	544	324	14	9	490	112	651	1.1e-44	177.6
BCW-200533_01873	gnl|TC-DB|P16482|2.A.1.6.1	35.4	398	253	3	23	416	29	426	4.4e-66	248.4
BCW-200533_01884	gnl|TC-DB|Q6RH51|2.A.98.1.1	35.7	322	201	3	31	347	17	337	8.1e-34	141.0
BCW-200533_01889	gnl|TC-DB|O51798|2.A.1.15.9	25.4	397	263	10	39	423	26	401	1.4e-14	77.4
BCW-200533_01891	gnl|TC-DB|P69451|4.C.1.1.4	34.3	540	319	15	4	522	25	549	1.6e-70	263.5
BCW-200533_01893	gnl|TC-DB|O67997|1.A.11.1.4	49.3	404	200	5	4	405	38	438	1.1e-101	366.7
BCW-200533_01910	gnl|TC-DB|Q0S4G7|2.A.1.3.64	24.3	473	346	5	18	483	37	504	2.6e-30	129.8
BCW-200533_01926	gnl|TC-DB|P31125|2.A.7.3.2	39.9	286	165	3	1	284	1	281	8.6e-51	197.2
BCW-200533_01945	gnl|TC-DB|Q07711|3.A.7.7.1	24.7	587	361	19	44	599	46	582	6.2e-23	106.3
BCW-200533_01954	gnl|TC-DB|Q9L714|3.A.7.18.1	41.1	321	180	3	50	368	137	450	2.9e-64	242.3
BCW-200533_01958	gnl|TC-DB|P75796|3.A.1.5.11	43.7	561	304	4	14	566	12	568	1.3e-116	416.8
BCW-200533_01959	gnl|TC-DB|Q9F351|3.A.1.5.35	54.6	302	126	1	26	316	4	305	1.6e-89	325.9
BCW-200533_01960	gnl|TC-DB|B1W1M1|3.A.1.5.37	55.1	305	136	1	4	307	4	308	3.1e-85	311.6
BCW-200533_01961	gnl|TC-DB|Q9F353|3.A.1.5.35	43.3	508	272	9	38	536	42	542	6.9e-109	391.0
BCW-200533_01965	gnl|TC-DB|Q53185|1.A.29.1.2	98.1	206	4	0	1	206	1	206	3.5e-109	390.6
BCW-200533_01967	gnl|TC-DB|Q9SXJ7|3.A.9.1.2	34.1	290	186	3	36	325	622	906	1.6e-42	169.9
BCW-200533_01969	gnl|TC-DB|P37643|2.A.1.6.10	56.3	435	175	4	110	543	20	440	4.0e-128	454.9
BCW-200533_01970	gnl|TC-DB|Q9S1X8|2.A.33.1.6	48.2	359	173	4	7	354	5	361	4.1e-77	285.0
BCW-200533_01971	gnl|TC-DB|H5TII5|1.E.34.1.3	49.0	155	79	0	3	157	1	155	1.6e-27	119.0
BCW-200533_01973	gnl|TC-DB|B2GH49|9.B.160.1.10	31.4	334	214	9	69	396	69	393	6.0e-33	138.3
BCW-200533_01978	gnl|TC-DB|D6ZSR9|1.A.1.5.25	44.2	226	123	2	2	224	13	238	7.2e-52	200.3
BCW-200533_01983	gnl|TC-DB|P44699|2.A.1.6.12	40.1	416	233	5	24	426	22	434	4.5e-77	285.0
BCW-200533_01990	gnl|TC-DB|Q8DQH8|3.A.1.4.10	38.0	250	139	3	7	240	2	251	4.4e-42	167.9
BCW-200533_01991	gnl|TC-DB|Q6N8W2|3.A.1.4.11	37.3	233	143	3	2	233	3	233	1.3e-38	156.4
BCW-200533_01992	gnl|TC-DB|P0AEX7|3.A.1.4.1	30.0	303	192	6	4	291	8	305	8.7e-21	97.4
BCW-200533_02028	gnl|TC-DB|Q46M63|2.A.1.15.3	25.9	437	282	6	20	419	24	455	5.2e-19	92.0
BCW-200533_02034	gnl|TC-DB|O85765|3.A.1.17.2	29.2	233	163	2	25	257	23	253	1.4e-17	86.7
BCW-200533_02036	gnl|TC-DB|P38045|3.A.1.16.1	39.4	254	147	4	6	254	5	256	6.3e-47	184.1
BCW-200533_02037	gnl|TC-DB|A9WDR9|3.A.1.17.13	25.4	291	194	11	14	291	8	288	6.1e-12	68.2
BCW-200533_02040	gnl|TC-DB|P31552|4.C.1.1.6	30.2	480	320	6	46	514	42	517	5.7e-55	211.8
BCW-200533_02055	gnl|TC-DB|Q42524|4.C.1.1.7	28.0	507	339	12	40	533	67	560	8.1e-41	164.9
BCW-200533_02065	gnl|TC-DB|Q8WYK0|4.C.3.1.2	32.2	171	100	3	1	155	158	328	8.3e-14	73.6
BCW-200533_02070	gnl|TC-DB|P44699|2.A.1.6.12	40.5	427	240	7	11	426	21	444	4.7e-71	265.0
BCW-200533_02074	gnl|TC-DB|Q9S269|2.A.3.15.5	31.4	490	315	4	12	480	3	492	1.2e-54	210.7
BCW-200533_02082	gnl|TC-DB|Q42524|4.C.1.1.7	29.0	479	317	8	82	542	88	561	3.2e-53	206.1
BCW-200533_02088	gnl|TC-DB|F0N2E7|2.A.109.1.2	46.0	311	147	5	8	305	13	315	1.0e-63	240.4
BCW-200533_02098	gnl|TC-DB|A2RJJ9|2.A.1.3.37	24.7	433	278	13	36	442	23	433	8.3e-16	81.6
BCW-200533_02105	gnl|TC-DB|A8ALD3|2.A.49.5.5	31.5	428	216	12	20	376	35	456	2.6e-33	139.4
BCW-200533_02106	gnl|TC-DB|P64711|2.A.75.1.3	51.9	187	89	1	18	204	2	187	7.1e-46	180.3
BCW-200533_02108	gnl|TC-DB|P69451|4.C.1.1.4	30.8	517	308	7	14	481	35	550	2.8e-64	242.7
BCW-200533_02118	gnl|TC-DB|Q9L1B4|2.A.1.3.19	27.3	516	324	11	14	521	18	490	7.6e-26	115.2
BCW-200533_02119	gnl|TC-DB|P0AAP1|9.B.34.1.2	29.6	196	133	4	308	501	174	366	1.3e-20	98.2
BCW-200533_02121	gnl|TC-DB|P46349|2.A.3.1.5	49.7	455	226	2	16	469	6	458	1.5e-123	439.5
BCW-200533_02154	gnl|TC-DB|Q41364|2.A.47.3.1	44.1	465	256	3	32	493	106	569	1.9e-108	389.4
BCW-200533_02155	gnl|TC-DB|Q8KAA1|3.D.10.1.5	49.8	239	119	1	1	238	1	239	1.3e-70	262.7
BCW-200533_02156	gnl|TC-DB|Q8F4Z1|3.D.10.1.2	55.9	635	278	2	16	649	3	636	8.7e-207	716.5
BCW-200533_02160	gnl|TC-DB|Q9GQQ0|2.A.1.49.1	27.1	410	287	6	28	426	116	524	3.5e-29	125.9
BCW-200533_02171	gnl|TC-DB|P42670|2.A.1.3.11	35.8	453	280	4	15	457	28	479	7.4e-59	224.6
BCW-200533_02181	gnl|TC-DB|Q1J0W6|9.B.34.1.1	31.1	196	113	6	176	363	168	349	1.4e-12	70.5
BCW-200533_02183	gnl|TC-DB|O06151|2.A.1.3.48	49.7	463	226	2	5	461	4	465	4.4e-115	411.4
BCW-200533_02185	gnl|TC-DB|P0AAF6|3.A.1.3.3	29.0	231	141	4	24	248	18	231	5.1e-20	94.7
BCW-200533_02189	gnl|TC-DB|P69451|4.C.1.1.4	37.2	556	326	12	8	548	3	550	4.6e-84	308.5
BCW-200533_02190	gnl|TC-DB|P37643|2.A.1.6.10	38.3	433	253	7	17	443	11	435	7.6e-72	267.7
BCW-200533_02194	gnl|TC-DB|P69451|4.C.1.1.4	31.9	505	295	8	29	489	50	549	7.0e-63	238.0
BCW-200533_02225	gnl|TC-DB|Q47689|2.A.3.1.10	37.5	456	275	4	9	455	5	459	6.2e-77	284.6
BCW-200533_02229	gnl|TC-DB|Q9RK12|3.A.1.14.13	30.6	216	119	7	12	197	13	227	7.4e-13	71.2
BCW-200533_02247	gnl|TC-DB|O05307|4.C.1.1.3	22.4	508	346	13	564	1040	52	542	5.2e-17	87.4
BCW-200533_02248	gnl|TC-DB|P21630|3.A.1.4.8	45.5	233	124	2	21	253	1	230	3.8e-49	191.4
BCW-200533_02250	gnl|TC-DB|P0AEX7|3.A.1.4.1	25.4	291	199	6	10	286	14	300	8.6e-19	90.9
BCW-200533_02251	gnl|TC-DB|Q6N8W1|3.A.1.4.11	31.1	575	379	4	4	574	26	587	7.5e-69	258.1
BCW-200533_02297	gnl|TC-DB|O31199|2.A.3.1.9	63.9	446	159	1	10	453	6	451	1.4e-163	572.4
BCW-200533_02303	gnl|TC-DB|C6KT34|3.A.16.1.3	37.1	515	295	9	207	694	199	711	7.0e-80	295.0
BCW-200533_02321	gnl|TC-DB|P75892|2.A.40.1.3	46.8	404	201	3	20	409	17	420	5.0e-86	314.7
BCW-200533_02322	gnl|TC-DB|Q0S1M9|8.A.7.1.2	72.1	552	152	1	1	552	1	550	2.7e-217	751.1
BCW-200533_02325	gnl|TC-DB|Q0S1N2|4.A.2.1.13	80.7	700	124	2	1	689	1	700	3.3e-273	937.2
BCW-200533_02326	gnl|TC-DB|Q0S1N3|8.A.8.1.2	80.0	85	17	0	1	85	1	85	1.6e-28	121.3
BCW-200533_02337	gnl|TC-DB|P48243|3.A.1.3.9	80.6	242	47	0	19	260	1	242	2.2e-108	388.3
BCW-200533_02338	gnl|TC-DB|P48242|3.A.1.3.9	52.1	263	115	4	11	263	14	275	6.4e-66	247.3
BCW-200533_02339	gnl|TC-DB|P48244|3.A.1.3.9	61.3	222	85	1	6	226	7	228	6.2e-67	250.4
BCW-200533_02340	gnl|TC-DB|P48245|3.A.1.3.9	58.8	233	96	0	42	274	2	234	1.2e-65	246.5
BCW-200533_02349	gnl|TC-DB|Q6GUB0|2.A.88.1.1	47.2	178	89	1	9	181	4	181	2.5e-32	135.2
BCW-200533_02350	gnl|TC-DB|Q6GUB2|3.A.1.25.1	43.3	224	126	1	4	226	3	226	9.9e-49	189.9
BCW-200533_02356	gnl|TC-DB|Q6ADZ6|4.F.1.1.7	52.7	186	78	2	32	210	5	187	2.4e-44	175.3
BCW-200533_02359	gnl|TC-DB|F0N2E7|2.A.109.1.2	37.6	330	175	7	4	321	9	319	1.6e-55	213.0
BCW-200533_02360	gnl|TC-DB|P21458|3.A.12.1.1	50.2	486	223	6	428	907	313	785	6.5e-123	438.3
BCW-200533_02368	gnl|TC-DB|P29919|3.D.1.2.1	39.8	118	69	1	1	118	5	120	7.3e-19	89.7
BCW-200533_02369	gnl|TC-DB|Q56218|3.D.1.3.1	65.1	149	52	0	3	151	11	159	3.6e-57	217.6
BCW-200533_02370	gnl|TC-DB|P33599|3.D.1.1.1	54.7	75	34	0	123	197	96	170	1.3e-21	99.8
BCW-200533_02371	gnl|TC-DB|Q56220|3.D.1.3.1	48.0	404	192	3	40	443	24	409	1.3e-108	389.8
BCW-200533_02373	gnl|TC-DB|Q56222|3.D.1.3.1	52.7	406	179	6	16	416	26	423	1.8e-118	422.5
BCW-200533_02374	gnl|TC-DB|P24918|3.D.1.6.2	31.7	666	394	15	23	678	36	650	2.5e-70	263.5
BCW-200533_02375	gnl|TC-DB|Q746T2|3.D.1.5.1	50.0	328	152	2	28	354	12	328	4.0e-86	315.1
BCW-200533_02376	gnl|TC-DB|Q56224|3.D.1.3.1	59.1	127	52	0	12	138	11	137	4.8e-25	110.9
BCW-200533_02378	gnl|TC-DB|Q56226|3.D.1.3.1	58.5	94	38	1	5	98	2	94	7.2e-20	92.8
BCW-200533_02379	gnl|TC-DB|Q56227|3.D.1.3.1	41.6	627	318	14	15	624	9	604	4.9e-106	381.7
BCW-200533_02380	gnl|TC-DB|P29925|3.D.1.2.1	37.6	508	293	8	19	518	5	496	1.6e-81	300.1
BCW-200533_02381	gnl|TC-DB|P29926|3.D.1.2.1	32.2	422	272	6	70	481	13	430	8.0e-49	191.4
BCW-200533_02387	gnl|TC-DB|O58953|3.A.1.128.6	35.8	229	144	1	3	228	11	239	1.6e-41	166.0
BCW-200533_02391	gnl|TC-DB|Q0E7C5|2.A.1.38.2	36.1	402	255	2	7	407	6	406	1.3e-60	230.3
BCW-200533_02392	gnl|TC-DB|C8U2V6|3.A.1.14.2	27.1	328	220	6	12	336	7	318	2.4e-19	92.8
BCW-200533_02393	gnl|TC-DB|Q89SS6|2.A.1.42.2	24.7	477	324	13	3376	3840	680	1133	1.8e-15	83.6
BCW-200533_02396	gnl|TC-DB|P69451|4.C.1.1.4	27.5	559	356	15	15	540	8	550	2.3e-38	156.8
BCW-200533_02405	gnl|TC-DB|P63399|3.A.1.26.4	45.0	656	351	7	1	650	42	693	1.9e-137	486.1
BCW-200533_02406	gnl|TC-DB|P64997|3.A.1.26.4	42.0	255	129	2	4	239	21	275	2.2e-46	182.2
BCW-200533_02424	gnl|TC-DB|K6W6C5|2.A.116.1.7	57.1	219	90	2	1	219	1	215	1.4e-60	229.2
BCW-200533_02428	gnl|TC-DB|Q50614|3.A.1.203.4	45.4	634	306	7	1	604	10	633	1.2e-144	510.0
BCW-200533_02442	gnl|TC-DB|Q50249|3.D.7.1.1	25.0	631	345	21	17	575	1	575	1.5e-32	137.5
BCW-200533_02443	gnl|TC-DB|O67095|3.D.7.2.1	35.5	211	110	8	149	354	113	302	7.3e-26	114.8
BCW-200533_02466	gnl|TC-DB|Q9L1B4|2.A.1.3.19	35.4	446	276	7	27	469	21	457	1.3e-53	207.2
BCW-200533_02470	gnl|TC-DB|P96668|2.A.7.3.24	43.9	280	155	1	17	296	1	278	1.8e-51	199.5
BCW-200533_02471	gnl|TC-DB|O30513|2.A.1.15.5	32.9	410	261	5	26	424	26	432	1.4e-56	216.9
BCW-200533_02481	gnl|TC-DB|P42670|2.A.1.3.11	36.9	436	260	8	1	428	36	464	3.2e-62	235.7
BCW-200533_02513	gnl|TC-DB|Q9RK12|3.A.1.14.13	32.0	309	186	10	52	349	51	346	5.4e-33	138.3
BCW-200533_02519	gnl|TC-DB|P37367|3.A.3.2.4	36.5	770	460	11	7	759	12	769	1.1e-114	411.0
BCW-200533_02520	gnl|TC-DB|P71997|2.A.53.4.2	40.0	557	330	3	6	561	7	560	3.5e-95	345.5
BCW-200533_02535	gnl|TC-DB|P96062|3.A.1.11.5	51.9	318	138	7	39	349	27	336	5.4e-78	287.7
BCW-200533_02536	gnl|TC-DB|P96063|3.A.1.11.5	45.8	345	173	4	10	351	2	335	1.5e-76	283.1
BCW-200533_02537	gnl|TC-DB|P96064|3.A.1.11.5	48.6	276	141	1	13	287	6	281	1.3e-64	243.0
BCW-200533_02538	gnl|TC-DB|P96065|3.A.1.11.5	44.4	261	145	0	1	261	1	261	4.2e-51	198.0
BCW-200533_02563	gnl|TC-DB|P52067|2.A.1.35.1	27.7	393	263	9	4	386	25	406	1.7e-27	120.2
BCW-200533_02568	gnl|TC-DB|Q0S582|2.A.46.1.2	63.2	418	146	2	4	413	2	419	1.8e-144	508.8
BCW-200533_02570	gnl|TC-DB|Q8NLB7|2.A.1.15.10	33.3	408	243	3	19	423	49	430	1.8e-52	203.4
BCW-200533_02572	gnl|TC-DB|Q66DP5|5.B.1.3.1	27.5	313	214	7	30	337	21	325	1.2e-28	124.4
BCW-200533_02593	gnl|TC-DB|Q50392|2.A.1.3.3	29.5	413	280	5	4	410	17	424	2.4e-33	139.8
BCW-200533_02594	gnl|TC-DB|Q9L074|3.A.1.14.22	34.2	292	179	6	53	333	53	342	3.1e-38	155.6
BCW-200533_02601	gnl|TC-DB|P76242|2.A.1.17.3	41.2	388	221	3	23	410	12	392	8.8e-72	267.3
BCW-200533_02614	gnl|TC-DB|Q04733|2.A.1.3.8	39.5	461	268	8	18	473	20	474	2.6e-70	262.7
BCW-200533_02635	gnl|TC-DB|Q4KCN4|9.B.62.1.5	35.6	320	183	7	81	387	61	370	1.3e-40	164.1
BCW-200533_02637	gnl|TC-DB|P63391|3.A.1.21.2	41.1	591	321	11	5	583	266	841	9.1e-110	394.0
BCW-200533_02638	gnl|TC-DB|Q9Z375|3.A.1.21.1	36.7	570	343	4	15	574	30	591	4.4e-93	338.6
BCW-200533_02643	gnl|TC-DB|Q4KCN4|9.B.62.1.5	31.1	347	198	7	55	386	41	361	3.5e-36	149.4
BCW-200533_02651	gnl|TC-DB|Q9RK11|3.A.1.14.13	37.5	251	153	3	9	256	22	271	3.4e-45	178.3
BCW-200533_02652	gnl|TC-DB|Q9HQ19|3.A.1.14.9	46.0	291	153	3	54	344	82	368	7.2e-59	224.2
BCW-200533_02653	gnl|TC-DB|Q9HQ20|3.A.1.14.9	32.1	315	186	12	12	310	10	312	4.1e-24	108.6
BCW-200533_02655	gnl|TC-DB|Q52900|3.A.1.132.2	37.7	212	125	4	13	219	10	219	1.5e-25	113.2
BCW-200533_02685	gnl|TC-DB|P38919|3.A.18.1.1	28.8	361	245	4	10	368	39	389	2.0e-38	156.8
BCW-200533_02687	gnl|TC-DB|P94400|9.B.10.1.1	26.8	385	216	11	5	332	2	377	9.0e-25	110.9
BCW-200533_02694	gnl|TC-DB|L8FFP2|2.A.1.2.95	54.7	382	172	1	7	388	17	397	6.4e-110	394.0
BCW-200533_02696	gnl|TC-DB|I3YSC9|1.A.43.1.13	39.5	114	63	2	3	110	4	117	4.4e-13	70.5
BCW-200533_02697	gnl|TC-DB|O07591|1.A.43.1.2	41.2	114	56	4	12	115	6	118	5.9e-11	63.5
BCW-200533_02698	gnl|TC-DB|F0M2Z7|9.B.115.1.2	27.4	270	171	6	7	259	26	287	7.1e-22	100.9
BCW-200533_02714	gnl|TC-DB|D7CRI8|2.A.7.36.4	35.0	297	158	6	3	279	10	291	3.7e-29	125.2
BCW-200533_02717	gnl|TC-DB|P0A9R7|3.A.1.140.1	47.1	210	110	1	2	211	5	213	1.2e-46	183.0
BCW-200533_02719	gnl|TC-DB|P42531|1.A.23.3.3	28.9	225	139	5	59	269	14	231	2.3e-21	99.4
BCW-200533_02723	gnl|TC-DB|P36649|1.B.76.1.8	34.4	524	272	10	18	483	7	516	6.2e-75	278.1
BCW-200533_02786	gnl|TC-DB|Q9G047|1.E.18.1.2	47.8	69	36	0	4	72	1	69	2.5e-12	67.4
BCW-200533_02787	gnl|TC-DB|K8XXP6|1.E.57.2.5	53.7	123	50	1	1	123	1	116	6.4e-34	139.8
BCW-200533_02800	gnl|TC-DB|P31552|4.C.1.1.6	27.2	345	234	9	203	536	178	516	7.0e-24	108.6
BCW-200533_02804	gnl|TC-DB|P38045|3.A.1.16.1	39.8	231	126	4	35	255	23	250	4.2e-43	171.4
BCW-200533_02805	gnl|TC-DB|A9WDS0|3.A.1.17.13	31.7	246	153	4	48	289	32	266	4.5e-25	111.7
BCW-200533_02822	gnl|TC-DB|Q9XA52|1.A.1.13.5	47.9	349	180	1	8	354	2	350	6.9e-81	297.4
BCW-200533_02837	gnl|TC-DB|Q166T6|2.A.1.8.11	34.7	464	269	7	3	448	13	460	5.9e-64	241.5
BCW-200533_02846	gnl|TC-DB|O00571|1.I.1.1.3	38.4	320	174	6	7	310	219	531	1.9e-49	193.4
BCW-200533_02870	gnl|TC-DB|P0A5Y8|3.A.5.2.2	73.1	949	247	3	6	947	2	949	0.0e+00	1303.9
BCW-200533_02882	gnl|TC-DB|Q8R706|2.A.3.3.22	40.0	498	260	5	8	493	2	472	5.3e-95	344.7
BCW-200533_02883	gnl|TC-DB|Q6PML9|2.A.4.6.1	32.6	261	172	2	5	262	235	494	3.3e-34	142.1
BCW-200533_02895	gnl|TC-DB|Q50864|4.D.1.3.4	30.0	220	133	11	2	213	573	779	6.9e-13	71.2
BCW-200533_02899	gnl|TC-DB|Q2J9P4|3.A.1.125.3	28.2	726	484	15	112	816	133	842	4.2e-41	166.4
BCW-200533_02900	gnl|TC-DB|Q2J9P5|3.A.1.125.3	60.5	243	96	0	9	251	53	295	1.7e-79	292.4
BCW-200533_02910	gnl|TC-DB|Q9AK72|9.B.36.1.2	40.2	164	95	3	25	186	54	216	3.1e-19	91.7
BCW-200533_02912	gnl|TC-DB|Q57079|3.B.1.1.2	56.0	527	212	3	20	546	3	509	7.9e-161	563.5
BCW-200533_02925	gnl|TC-DB|P46349|2.A.3.1.5	56.7	462	197	3	6	465	5	465	1.6e-141	499.2
BCW-200533_02933	gnl|TC-DB|R4TKC5|9.B.142.11.5	40.5	578	289	13	46	622	43	566	1.3e-101	367.1
BCW-200533_02939	gnl|TC-DB|P69451|4.C.1.1.4	27.8	546	271	23	22	523	24	490	4.1e-28	122.9
BCW-200533_02941	gnl|TC-DB|Q9V0A4|3.B.1.1.5	46.6	521	261	6	7	513	5	522	2.0e-126	449.1
BCW-200533_02949	gnl|TC-DB|Q0SC06|1.B.24.1.6	53.3	210	98	0	1	210	23	232	2.8e-58	221.5
BCW-200533_02962	gnl|TC-DB|P69451|4.C.1.1.4	35.6	348	208	5	172	510	210	550	8.3e-51	198.0
BCW-200533_02964	gnl|TC-DB|B2GH49|9.B.160.1.10	34.6	191	107	8	81	271	217	389	5.1e-15	78.6
BCW-200533_02978	gnl|TC-DB|Q1D3I3|3.A.1.103.4	42.0	207	120	0	40	246	41	247	1.2e-48	189.9
BCW-200533_02991	gnl|TC-DB|C0ZLZ7|1.B.58.1.5	96.0	227	9	0	1	227	1	227	6.4e-80	293.5
BCW-200533_03004	gnl|TC-DB|Q7U2U7|3.A.3.24.1	38.0	1271	635	29	161	1289	343	1602	8.6e-172	601.3
BCW-200533_03006	gnl|TC-DB|P77735|8.A.5.1.6	35.0	317	183	6	4	307	6	312	6.6e-43	171.0
BCW-200533_03013	gnl|TC-DB|Q2J9P4|3.A.1.125.3	40.4	849	483	14	9	842	1	841	4.3e-129	458.8
BCW-200533_03014	gnl|TC-DB|Q2J9P5|3.A.1.125.3	67.2	238	78	0	9	246	58	295	6.5e-89	323.6
BCW-200533_03015	gnl|TC-DB|Q42524|4.C.1.1.7	32.6	359	234	4	156	508	198	554	1.9e-47	186.8
BCW-200533_03018	gnl|TC-DB|Q9KZE5|3.A.1.106.9	72.4	624	172	0	3	626	1	624	2.1e-229	791.6
BCW-200533_03019	gnl|TC-DB|O00571|1.I.1.1.3	38.1	381	212	6	8	365	177	556	2.7e-66	249.6
BCW-200533_03023	gnl|TC-DB|Q9XIA9|4.C.1.1.14	24.7	598	393	14	41	595	75	658	1.1e-38	157.9
BCW-200533_03038	gnl|TC-DB|P39886|2.A.1.3.12	34.8	419	258	6	7	417	24	435	4.3e-65	245.4
BCW-200533_03044	gnl|TC-DB|Q18BL2|3.A.1.124.6	38.3	227	138	1	8	234	6	230	4.1e-43	171.8
BCW-200533_03046	gnl|TC-DB|A4QD95|3.A.1.106.4	49.1	1248	592	11	18	1246	20	1243	5.3e-301	1030.4
BCW-200533_03054	gnl|TC-DB|Q45460|3.A.1.12.3	39.9	383	209	5	1	369	1	376	2.2e-69	259.2
BCW-200533_03055	gnl|TC-DB|Q93A34|3.A.1.12.8	33.8	222	136	3	1	218	1	215	1.4e-18	89.7
BCW-200533_03056	gnl|TC-DB|Q93A34|3.A.1.12.8	36.8	193	122	0	25	217	17	209	9.7e-28	120.2
BCW-200533_03059	gnl|TC-DB|P25743|2.A.95.1.7	31.2	208	133	3	3	202	7	212	4.7e-18	87.8
BCW-200533_03061	gnl|TC-DB|O50455|1.A.35.3.5	58.6	345	139	1	19	359	22	366	5.6e-115	410.6
BCW-200533_03069	gnl|TC-DB|O50454|3.A.1.1.31	69.7	389	118	0	1	389	1	389	3.1e-151	531.2
BCW-200533_03070	gnl|TC-DB|O50453|3.A.1.1.31	78.2	266	58	0	11	276	9	274	6.9e-113	403.3
BCW-200533_03071	gnl|TC-DB|O50452|3.A.1.1.31	75.8	289	70	0	33	321	19	307	1.5e-119	425.6
BCW-200533_03072	gnl|TC-DB|Q7D8J9|3.A.1.1.31	49.2	461	210	6	19	458	11	468	2.9e-116	415.2
BCW-200533_03079	gnl|TC-DB|A0L4L0|3.A.1.132.3	34.5	281	170	4	85	359	57	329	1.5e-38	156.8
BCW-200533_03093	gnl|TC-DB|O05307|4.C.1.1.3	57.1	590	249	3	5	590	8	597	4.2e-192	667.5
BCW-200533_03098	gnl|TC-DB|Q46065|2.A.3.1.12	60.2	442	168	4	14	449	8	447	5.2e-137	484.2
BCW-200533_03107	gnl|TC-DB|Q0SFA1|3.A.1.27.4	81.5	254	32	2	1	251	122	363	6.5e-110	393.3
BCW-200533_03108	gnl|TC-DB|O53546|3.A.1.27.5	52.3	239	114	0	20	258	13	251	3.3e-64	241.5
BCW-200533_03109	gnl|TC-DB|Q0S7K3|3.A.1.27.4	51.6	273	132	0	14	286	11	283	9.2e-68	253.4
BCW-200533_03111	gnl|TC-DB|Q0S7K1|3.A.1.27.4	38.4	331	201	3	4	332	1	330	1.2e-53	206.8
BCW-200533_03129	gnl|TC-DB|P31474|2.A.1.3.51	32.7	422	268	10	11	425	2	414	5.0e-48	188.7
BCW-200533_03134	gnl|TC-DB|P0AA67|2.A.7.3.6	35.5	276	175	3	8	282	12	285	4.3e-33	138.3
BCW-200533_03139	gnl|TC-DB|Q9V0A4|3.B.1.1.5	31.3	514	323	10	22	516	3	505	1.2e-60	230.7
BCW-200533_03173	gnl|TC-DB|Q8RME1|3.A.1.126.1	40.1	289	169	3	5	291	2	288	1.8e-53	206.1
BCW-200533_03174	gnl|TC-DB|F6EHL8|9.B.110.1.1	40.5	536	311	4	19	554	6	533	4.4e-82	302.0
BCW-200533_03197	gnl|TC-DB|Q53148|2.A.3.5.1	99.8	488	1	0	1	488	1	488	5.8e-264	906.0
BCW-200533_03203	gnl|TC-DB|P37643|2.A.1.6.10	45.7	431	220	5	32	457	19	440	7.0e-94	340.9
BCW-200533_03204	gnl|TC-DB|P69451|4.C.1.1.4	30.7	538	339	12	24	538	27	553	2.8e-65	246.1
BCW-200533_03209	gnl|TC-DB|P65374|2.A.6.5.5	29.3	499	321	9	296	778	234	716	1.5e-43	174.5
BCW-200533_03213	gnl|TC-DB|Q1J1H5|2.A.23.1.9	51.4	424	201	3	19	442	2	420	1.1e-113	406.8
BCW-200533_03217	gnl|TC-DB|Q9V0A4|3.B.1.1.5	35.8	514	297	12	24	520	14	511	1.1e-77	287.3
BCW-200533_03236	gnl|TC-DB|Q55282|3.A.1.15.1	50.4	270	134	0	7	276	14	283	1.9e-68	255.8
BCW-200533_03237	gnl|TC-DB|Q92LL4|3.A.1.15.9	51.5	233	112	1	5	236	22	254	9.9e-63	236.5
BCW-200533_03238	gnl|TC-DB|Q55280|3.A.1.15.1	59.6	277	111	1	31	306	49	325	1.2e-92	336.3
BCW-200533_03256	gnl|TC-DB|Q9S269|2.A.3.15.5	31.9	439	289	3	2	430	41	479	3.8e-52	202.2
BCW-200533_03263	gnl|TC-DB|Q0S4G7|2.A.1.3.64	30.8	481	329	2	4	484	23	499	1.7e-61	233.4
BCW-200533_03268	gnl|TC-DB|Q9LA76|2.A.1.71.1	40.9	369	209	3	3	369	27	388	1.8e-58	223.0
BCW-200533_03269	gnl|TC-DB|P39836|2.A.28.3.4	45.6	309	167	1	24	332	7	314	3.4e-69	258.5
BCW-200533_03277	gnl|TC-DB|P0A5C2|2.A.1.21.14	40.3	407	239	3	14	419	22	425	1.6e-63	240.0
BCW-200533_03281	gnl|TC-DB|O05435|2.A.66.4.4	42.8	1270	597	16	94	1339	19	1183	1.5e-240	829.7
BCW-200533_03315	gnl|TC-DB|Q9RCA5|2.A.9.3.5	24.8	274	127	7	3	272	38	236	4.9e-13	72.0
BCW-200533_03337	gnl|TC-DB|F4K2G0|3.D.1.8.1	47.1	157	64	5	17	169	103	244	2.6e-25	111.7
BCW-200533_03338	gnl|TC-DB|F0Z2G1|9.B.104.1.3	34.0	153	93	2	75	222	67	216	5.1e-12	68.2
BCW-200533_03340	gnl|TC-DB|P70786|2.A.1.14.3	51.0	437	206	3	10	446	14	442	2.1e-119	425.6
BCW-200533_03349	gnl|TC-DB|D8HIS0|9.B.106.2.2	36.5	282	150	5	7	262	214	492	1.0e-37	154.8
BCW-200533_03350	gnl|TC-DB|D8HIS0|9.B.106.2.2	35.7	280	153	5	8	260	213	492	1.7e-36	150.2
BCW-200533_03352	gnl|TC-DB|Q83MP3|2.A.103.1.7	37.9	438	253	4	27	459	15	438	5.0e-82	301.6
BCW-200533_03372	gnl|TC-DB|P75797|3.A.1.5.11	24.5	457	315	17	73	513	36	478	5.7e-18	89.0
BCW-200533_03375	gnl|TC-DB|P32703|2.A.36.3.1	28.0	547	362	9	4	528	8	544	5.9e-44	175.3
BCW-200533_03376	gnl|TC-DB|P75797|3.A.1.5.11	25.9	352	244	10	73	414	36	380	7.4e-18	88.6
BCW-200533_03377	gnl|TC-DB|P42062|3.A.1.5.20	34.8	299	193	1	16	312	15	313	3.9e-43	171.8
BCW-200533_03378	gnl|TC-DB|W0WMS8|3.A.1.5.39	32.0	266	165	4	109	366	38	295	3.3e-30	129.0
BCW-200533_03379	gnl|TC-DB|B1W1L9|3.A.1.5.37	47.9	332	171	2	10	340	6	336	9.3e-81	297.0
BCW-200533_03380	gnl|TC-DB|Q5V9R8|3.A.1.5.22	46.9	322	160	4	17	329	9	328	4.3e-77	284.6
BCW-200533_03382	gnl|TC-DB|D4ZZR3|9.B.34.1.3	34.3	172	103	3	296	460	225	393	7.6e-19	91.7
BCW-200533_03384	gnl|TC-DB|O69916|9.B.111.1.2	46.0	506	260	4	88	585	71	571	6.5e-117	418.7
BCW-200533_03388	gnl|TC-DB|Q8NLD6|2.A.1.2.87	24.5	375	274	5	28	396	12	383	4.2e-21	99.0
BCW-200533_03402	gnl|TC-DB|P69451|4.C.1.1.4	36.2	560	322	10	8	546	5	550	2.6e-87	319.3
BCW-200533_03408	gnl|TC-DB|O31444|2.A.1.11.6	33.7	421	264	6	5	423	3	410	5.4e-56	214.9
BCW-200533_03411	gnl|TC-DB|P0AEX3|2.A.1.6.2	36.9	415	256	4	15	425	20	432	1.4e-65	246.9
BCW-200533_03422	gnl|TC-DB|P69451|4.C.1.1.4	31.4	357	227	9	8	353	202	551	7.4e-41	164.5
BCW-200533_03457	gnl|TC-DB|Q9S215|3.A.1.14.22	62.2	259	97	1	8	265	21	279	5.7e-91	330.5
BCW-200533_03458	gnl|TC-DB|Q9RCF4|3.A.1.14.6	41.5	337	196	1	14	349	17	353	1.3e-58	223.4
BCW-200533_03459	gnl|TC-DB|Q9S213|3.A.1.14.22	50.3	338	163	4	11	348	16	348	1.4e-73	273.1
BCW-200533_03460	gnl|TC-DB|C8U2V6|3.A.1.14.2	44.4	295	154	7	46	335	29	318	1.5e-56	216.5
BCW-200533_03468	gnl|TC-DB|Q45082|2.A.1.6.5	30.1	193	129	4	8	197	257	446	1.7e-16	82.8
BCW-200533_03469	gnl|TC-DB|P76350|2.A.1.6.6	54.6	216	97	1	7	221	10	225	1.1e-60	229.6
BCW-200533_03497	gnl|TC-DB|Q9ASS7|2.A.3.3.13	27.1	329	218	6	80	390	96	420	2.7e-13	73.2
BCW-200533_03508	gnl|TC-DB|P31141|2.A.1.2.32	34.3	361	234	1	25	382	1	361	1.1e-45	180.6
BCW-200533_03533	gnl|TC-DB|A7NLS3|3.A.1.17.7	30.6	160	111	0	126	285	115	274	2.0e-17	86.3
BCW-200533_03534	gnl|TC-DB|Q47538|3.A.1.17.1	36.7	237	143	3	15	245	2	237	7.3e-40	160.6
BCW-200533_03543	gnl|TC-DB|P69451|4.C.1.1.4	29.8	553	333	15	28	542	15	550	6.7e-51	198.4
BCW-200533_03560	gnl|TC-DB|Q02028|3.A.9.1.1	60.1	636	237	4	5	624	71	705	9.2e-206	713.0
BCW-200533_03564	gnl|TC-DB|Q9SXJ7|3.A.9.1.2	44.9	874	392	12	7	861	119	921	1.9e-201	699.1
BCW-200533_03605	gnl|TC-DB|C9RH03|2.A.109.3.1	51.7	354	143	6	6	358	10	336	1.4e-87	319.7
BCW-200533_03610	gnl|TC-DB|O07221|9.B.20.1.2	46.2	221	113	3	8	228	11	225	8.4e-43	170.2
BCW-200533_03611	gnl|TC-DB|P36640|3.A.3.4.1	51.6	882	410	8	17	893	30	899	2.9e-237	818.1
BCW-200533_03630	gnl|TC-DB|Q04733|2.A.1.3.8	37.0	457	280	5	6	458	15	467	3.4e-67	252.3
BCW-200533_03632	gnl|TC-DB|Q44591|2.A.1.31.1	51.5	400	192	2	10	407	26	425	3.5e-98	355.1
BCW-200533_03634	gnl|TC-DB|C3JHC4|2.A.7.3.10	98.7	319	4	0	1	319	1	319	3.8e-163	570.5
BCW-200533_03636	gnl|TC-DB|Q0S4G7|2.A.1.3.64	28.1	442	311	6	34	471	57	495	3.5e-38	156.0
BCW-200533_03655	gnl|TC-DB|Q92WM0|2.A.15.1.5	44.4	513	277	4	14	525	56	561	9.7e-115	410.6
BCW-200533_03660	gnl|TC-DB|Q9LA76|2.A.1.71.1	30.2	401	251	10	28	421	23	401	2.1e-28	123.2
BCW-200533_03685	gnl|TC-DB|Q47PP1|9.B.169.1.10	30.2	410	241	10	2	384	39	430	9.6e-26	114.4
BCW-200533_03688	gnl|TC-DB|P76103|2.A.46.1.9	37.6	229	139	2	8	234	3	229	5.1e-33	138.3
BCW-200533_03714	gnl|TC-DB|P75797|3.A.1.5.11	23.7	481	337	15	25	488	9	476	2.2e-22	103.6
BCW-200533_03715	gnl|TC-DB|P33591|3.A.1.5.3	37.5	312	192	2	26	334	2	313	1.5e-56	216.5
BCW-200533_03716	gnl|TC-DB|W0WMS8|3.A.1.5.39	31.8	258	171	2	40	292	36	293	1.9e-29	126.3
BCW-200533_03717	gnl|TC-DB|Q93IU0|3.A.1.5.36	47.7	258	132	3	5	260	20	276	1.1e-60	229.9
BCW-200533_03718	gnl|TC-DB|Q9X272|3.A.1.5.15	50.2	245	122	0	7	251	12	256	1.3e-66	249.6
BCW-200533_03719	gnl|TC-DB|P80874|8.A.5.1.4	36.2	293	161	9	5	285	11	289	1.8e-32	136.3
BCW-200533_03728	gnl|TC-DB|P37489|2.A.1.14.39	38.4	422	252	4	22	440	17	433	2.0e-77	286.2
BCW-200533_03754	gnl|TC-DB|P31552|4.C.1.1.6	23.4	534	374	12	19	535	2	517	1.6e-20	97.4
BCW-200533_03755	gnl|TC-DB|P21630|3.A.1.4.8	40.4	223	130	2	1	220	1	223	2.1e-38	155.6
BCW-200533_03756	gnl|TC-DB|Q6N8W1|3.A.1.4.11	34.1	249	161	2	4	251	342	588	9.9e-37	150.2
BCW-200533_03759	gnl|TC-DB|Q8DQI1|3.A.1.4.10	25.0	324	222	9	7	321	18	329	6.4e-11	65.1
BCW-200533_03761	gnl|TC-DB|Q8NRW1|3.A.1.4.5	67.7	405	126	2	14	414	14	417	1.1e-159	559.3
BCW-200533_03762	gnl|TC-DB|Q8NRW0|3.A.1.4.5	62.6	294	110	0	1	294	1	294	2.9e-93	338.2
BCW-200533_03763	gnl|TC-DB|Q8NRV9|3.A.1.4.5	56.2	354	137	5	1	350	19	358	1.1e-100	363.2
BCW-200533_03764	gnl|TC-DB|Q8NRV8|3.A.1.4.5	60.5	238	94	0	25	262	3	240	3.4e-75	278.1
BCW-200533_03765	gnl|TC-DB|Q8NRV7|3.A.1.4.5	62.0	234	84	3	1	230	1	233	5.3e-74	273.9
BCW-200533_03778	gnl|TC-DB|P42670|2.A.1.3.11	47.2	441	229	3	8	445	6	445	1.1e-103	373.6
BCW-200533_03781	gnl|TC-DB|Q9RK12|3.A.1.14.13	34.0	321	196	8	16	322	28	346	8.5e-41	164.1
BCW-200533_03813	gnl|TC-DB|Q0P9X8|3.A.1.3.16	29.2	212	144	2	85	292	31	240	4.3e-21	98.6
BCW-200533_03823	gnl|TC-DB|Q8FDB7|2.A.1.14.14	25.0	436	284	7	19	418	3	431	1.6e-23	107.1
BCW-200533_03845	gnl|TC-DB|D8HIS0|9.B.106.2.2	35.0	340	180	12	16	326	213	540	2.1e-33	139.8
BCW-200533_03854	gnl|TC-DB|P42670|2.A.1.3.11	34.9	476	287	10	14	468	26	499	3.7e-53	205.7
BCW-200533_03876	gnl|TC-DB|O86498|1.A.1.27.2	37.4	182	110	2	5	183	15	195	3.7e-25	111.3
BCW-200533_03897	gnl|TC-DB|O53689|3.A.24.3.1	35.7	820	434	24	1	783	540	1303	6.2e-122	434.9
BCW-200533_03912	gnl|TC-DB|O53689|3.A.24.3.1	32.5	498	327	7	3	496	24	516	7.8e-65	244.6
BCW-200533_03914	gnl|TC-DB|O69741|3.A.24.1.1	29.4	255	149	6	1	227	258	509	3.0e-13	72.0
BCW-200533_03915	gnl|TC-DB|O53945|3.A.24.4.1	35.6	570	233	11	5	446	15	578	1.4e-73	273.5
BCW-200533_03916	gnl|TC-DB|O53688|3.A.24.3.1	34.9	504	296	10	8	488	38	532	5.6e-73	271.6
BCW-200533_03931	gnl|TC-DB|P0A5Z2|3.A.5.2.2	78.9	441	91	2	1	439	1	441	1.0e-195	679.1
BCW-200533_03959	gnl|TC-DB|Q9F2Y8|3.A.1.105.13	50.6	310	151	1	26	335	6	313	2.8e-79	292.0
BCW-200533_03978	gnl|TC-DB|A4QGR2|9.B.104.3.3	42.0	176	98	1	34	205	54	229	1.8e-39	159.1
BCW-200533_04007	gnl|TC-DB|C5C6P3|2.A.1.24.5	48.1	441	218	5	10	448	5	436	6.0e-106	380.9
BCW-200533_04069	gnl|TC-DB|E3IZF4|9.B.62.3.2	35.6	717	400	11	2	658	31	745	1.5e-103	373.6
BCW-200533_04072	gnl|TC-DB|Q9KZE5|3.A.1.106.9	35.7	586	355	4	26	592	28	610	2.5e-86	316.2
BCW-200533_04123	gnl|TC-DB|Q5G3L7|3.A.7.19.1	28.0	200	128	6	4	197	13	202	2.3e-15	79.0
BCW-200533_04127	gnl|TC-DB|C0ZLZ7|1.B.58.1.5	78.9	223	46	1	10	232	6	227	7.2e-55	210.3
BCW-200533_04170	gnl|TC-DB|P0ADM0|9.B.51.1.1	41.7	96	56	0	7	102	10	105	1.5e-13	72.0
BCW-200533_04179	gnl|TC-DB|Q9F9T4|3.A.1.5.23	47.8	561	261	6	4	534	15	573	3.0e-128	455.3
BCW-200533_04180	gnl|TC-DB|Q93PJ7|3.A.1.5.40	29.5	261	180	2	30	290	7	263	2.6e-25	112.5
BCW-200533_04181	gnl|TC-DB|Q9CIL1|3.A.1.5.25	32.3	310	199	5	1	308	1	301	2.0e-34	142.9
BCW-200533_04182	gnl|TC-DB|G8V0I4|3.A.1.5.33	27.2	460	303	12	92	532	74	520	1.4e-32	137.5
BCW-200533_04185	gnl|TC-DB|P0AEM9|3.A.1.3.10	34.7	248	147	7	57	302	25	259	1.4e-27	120.2
BCW-200533_04186	gnl|TC-DB|Q9F3K7|3.A.1.3.24	62.7	249	93	0	13	261	5	253	7.8e-90	326.6
BCW-200533_04187	gnl|TC-DB|Q9F3K6|3.A.1.3.24	42.8	276	152	2	30	305	30	299	4.1e-56	214.9
BCW-200533_04204	gnl|TC-DB|D4ZZR3|9.B.34.1.3	37.6	173	103	2	288	455	221	393	6.6e-21	98.6
BCW-200533_04209	gnl|TC-DB|J6RCW6|3.A.1.135.7	40.9	552	323	3	25	574	14	564	2.1e-111	399.4
BCW-200533_04210	gnl|TC-DB|E8MFM3|3.A.1.135.6	39.3	623	347	5	61	683	14	605	3.6e-118	422.2
BCW-200533_04222	gnl|TC-DB|Q04733|2.A.1.3.8	30.2	414	280	8	14	421	23	433	1.6e-37	153.7
BCW-200533_04228	gnl|TC-DB|A0QQH3|2.A.4.1.5	62.3	257	97	0	39	295	28	284	2.2e-83	305.4
BCW-200533_04233	gnl|TC-DB|P0ABP6|9.B.27.2.3	44.0	200	107	2	42	240	21	216	3.3e-40	161.8
BCW-200533_04234	gnl|TC-DB|P0ABP6|9.B.27.2.3	32.8	198	123	4	19	211	27	219	3.2e-20	95.1
BCW-200533_04235	gnl|TC-DB|P94400|9.B.10.1.1	50.1	393	165	6	1	365	1	390	2.1e-96	349.0
BCW-200533_04248	gnl|TC-DB|O06473|2.A.1.32.3	57.6	389	164	1	9	396	4	392	2.1e-113	405.6
BCW-200533_04253	gnl|TC-DB|Q9FI56|3.A.9.1.2	43.8	880	370	12	4	837	109	909	4.1e-193	671.4
BCW-200533_04255	gnl|TC-DB|Q66DP5|5.B.1.3.1	25.6	223	142	6	18	237	113	314	7.3e-13	70.9
BCW-200533_04258	gnl|TC-DB|A4QA05|2.A.11.1.6	59.3	494	167	3	1	460	30	523	6.1e-146	513.8
BCW-200533_04262	gnl|TC-DB|P69451|4.C.1.1.4	39.9	353	196	8	180	524	206	550	1.5e-58	223.8
BCW-200533_04293	gnl|TC-DB|Q0S720|3.A.1.4.9	74.8	238	60	0	2	239	7	244	8.4e-99	356.3
BCW-200533_04294	gnl|TC-DB|Q0S719|3.A.1.4.9	71.0	594	170	1	10	601	1	594	1.9e-230	795.0
BCW-200533_04295	gnl|TC-DB|Q0S718|3.A.1.4.9	82.8	285	49	0	1	285	1	285	4.6e-120	427.2
BCW-200533_04296	gnl|TC-DB|Q0S717|3.A.1.4.9	63.0	373	138	0	31	403	33	405	3.7e-131	464.5
BCW-200533_04300	gnl|TC-DB|G4NXA5|1.A.33.1.4	57.0	621	253	7	1	617	1	611	7.5e-184	640.2
BCW-200533_04304	gnl|TC-DB|Q54806|2.A.1.3.5	30.3	423	290	3	15	434	21	441	9.0e-45	177.9
BCW-200533_04308	gnl|TC-DB|B2HP37|1.A.33.2.1	33.3	357	213	7	1	336	1	353	2.4e-30	130.2
BCW-200533_04313	gnl|TC-DB|M2YEQ4|9.B.66.2.2	59.3	226	72	4	1	213	1	219	3.1e-36	148.3
BCW-200533_04314	gnl|TC-DB|P96797|3.D.7.1.1	31.1	341	199	10	400	730	90	404	1.5e-38	158.3
BCW-200533_04320	gnl|TC-DB|Q9X9U1|9.B.141.1.1	37.9	420	238	7	19	420	97	511	3.1e-56	215.7
BCW-200533_04324	gnl|TC-DB|K9YXY1|8.A.3.1.2	34.2	275	170	5	1	265	455	728	1.3e-34	143.3
BCW-200533_04336	gnl|TC-DB|H8E4X1|9.B.18.1.2	45.7	488	257	4	18	501	36	519	7.4e-121	430.6
BCW-200533_04343	gnl|TC-DB|C3JPH6|9.B.142.10.2	99.8	577	1	0	1	577	1	577	0.0e+00	1111.7
BCW-200533_04374	gnl|TC-DB|E4N6G8|9.B.126.1.5	37.3	316	180	4	8	316	12	316	1.9e-40	162.9
BCW-200533_04395	gnl|TC-DB|C7QI22|3.A.1.105.18	29.0	314	204	10	3	301	424	733	1.4e-21	100.1
BCW-200533_04420	gnl|TC-DB|A8GHT9|2.A.1.36.2	38.9	380	230	2	15	393	19	397	1.2e-64	243.8
BCW-200533_04425	gnl|TC-DB|Q9V0A4|3.B.1.1.5	33.5	510	298	12	42	524	23	518	1.8e-64	243.4
BCW-200533_04429	gnl|TC-DB|P36634|3.A.1.5.5	23.5	562	340	13	21	534	3	522	9.7e-18	88.2
BCW-200533_04430	gnl|TC-DB|P0AEM9|3.A.1.3.10	30.4	237	147	8	70	303	38	259	2.7e-23	105.9
BCW-200533_04437	gnl|TC-DB|Q79VD7|3.D.4.4.2	70.6	562	165	0	1	562	1	562	7.2e-253	869.4
BCW-200533_04444	gnl|TC-DB|C5L569|9.B.106.3.3	42.5	113	57	4	307	418	337	442	1.8e-14	77.8
BCW-200533_04450	gnl|TC-DB|P0C0L7|2.A.1.6.4	34.9	430	267	5	15	438	22	444	1.4e-70	263.5
BCW-200533_04453	gnl|TC-DB|P71879|2.A.1.3.49	40.6	392	232	1	30	421	16	406	1.5e-75	280.0
BCW-200533_04472	gnl|TC-DB|P54582|2.A.15.1.10	56.8	511	219	2	31	539	59	569	2.2e-155	545.4
BCW-200533_04473	gnl|TC-DB|I1WBQ5|9.B.142.5.1	32.4	521	296	13	18	501	35	536	1.9e-68	256.5
BCW-200533_04480	gnl|TC-DB|Q9CES4|3.A.1.3.25	61.2	240	93	0	16	255	6	245	8.4e-81	296.6
BCW-200533_04481	gnl|TC-DB|Q9CES5|3.A.1.3.25	47.6	452	226	2	40	480	262	713	2.2e-114	409.1
BCW-200533_04485	gnl|TC-DB|B1MHH7|3.A.3.5.31	53.4	754	296	9	15	753	10	723	2.8e-196	681.8
BCW-200533_04490	gnl|TC-DB|Q70J75|3.A.1.105.3	46.0	322	173	1	32	353	1	321	3.4e-72	268.5
BCW-200533_04491	gnl|TC-DB|Q70J76|3.A.1.105.3	37.3	241	149	2	16	255	4	243	2.8e-39	158.7
BCW-200533_04493	gnl|TC-DB|P43672|3.A.1.120.6	31.4	539	313	8	3	499	2	525	1.2e-69	260.8
BCW-200533_04498	gnl|TC-DB|P31119|4.C.1.1.16	27.3	355	218	13	179	510	364	701	2.7e-20	96.7
BCW-200533_04501	gnl|TC-DB|P69451|4.C.1.1.4	26.9	536	334	14	13	511	38	552	1.1e-45	181.0
BCW-200533_04522	gnl|TC-DB|Q9KD98|2.A.63.1.2	37.8	524	289	7	8	527	1	491	5.4e-88	321.6
BCW-200533_04523	gnl|TC-DB|Q7AJW0|2.A.63.1.2	43.1	102	55	2	7	107	5	104	3.9e-15	78.2
BCW-200533_04524	gnl|TC-DB|Q52978|2.A.63.1.1	36.0	930	538	19	46	945	82	984	3.2e-125	446.0
BCW-200533_04533	gnl|TC-DB|P69451|4.C.1.1.4	31.4	353	233	7	8	355	202	550	5.3e-39	158.3
BCW-200533_04534	gnl|TC-DB|Q51955|2.A.1.15.1	37.9	438	265	3	1	434	12	446	2.7e-74	275.8
BCW-200533_04535	gnl|TC-DB|P31075|5.A.3.5.2	24.8	525	339	13	1	494	40	539	2.5e-29	127.1
BCW-200533_04536	gnl|TC-DB|P18775|5.A.3.3.2	22.5	750	480	27	22	706	67	780	1.4e-19	94.7
BCW-200533_04538	gnl|TC-DB|P69451|4.C.1.1.4	31.6	516	312	12	18	494	38	551	7.6e-57	218.0
BCW-200533_04542	gnl|TC-DB|Q8DQH8|3.A.1.4.10	41.3	252	125	3	2	230	3	254	1.4e-45	179.5
BCW-200533_04543	gnl|TC-DB|Q8DQH7|3.A.1.4.10	43.9	237	125	3	3	233	2	236	7.0e-45	177.2
BCW-200533_04566	gnl|TC-DB|P69451|4.C.1.1.4	30.5	518	315	12	18	493	38	552	4.0e-58	222.2
BCW-200533_04573	gnl|TC-DB|Q3Z8A8|3.A.1.105.6	41.0	249	136	4	3	244	2	246	9.3e-45	176.8
BCW-200533_04574	gnl|TC-DB|Q3Z8A7|3.A.1.105.6	34.7	242	151	1	8	249	6	240	7.2e-24	107.5
BCW-200533_04588	gnl|TC-DB|Q9K0A9|2.A.28.2.4	29.4	282	190	1	21	302	43	315	6.8e-29	124.4
BCW-200533_04614	gnl|TC-DB|Q9F3K7|3.A.1.3.24	74.3	253	65	0	1	253	1	253	7.5e-106	379.8
BCW-200533_04615	gnl|TC-DB|Q9F3K6|3.A.1.3.24	48.6	286	140	3	11	296	20	298	2.5e-66	248.8
BCW-200533_04616	gnl|TC-DB|Q8RCC4|3.A.1.3.27	29.7	236	146	8	74	300	33	257	2.4e-16	82.8
BCW-200533_04619	gnl|TC-DB|A4FP84|2.A.7.3.11	38.8	294	169	4	7	293	8	297	4.1e-45	178.3
BCW-200533_04624	gnl|TC-DB|P74318|3.A.1.4.2	37.0	297	154	6	168	450	9	286	6.8e-41	164.9
BCW-200533_04625	gnl|TC-DB|Q8YY08|3.A.1.4.6	33.6	384	180	10	9	327	2	375	1.1e-43	173.7
BCW-200533_04626	gnl|TC-DB|Q7A2H0|3.A.1.4.6	49.6	252	125	2	23	272	8	259	4.3e-64	241.5
BCW-200533_04627	gnl|TC-DB|Q8YT15|3.A.1.4.6	50.4	236	117	0	29	264	11	246	2.3e-65	245.4
BCW-200533_04657	gnl|TC-DB|Q0S7K1|3.A.1.27.4	51.5	338	163	1	3	339	1	338	3.2e-91	331.6
BCW-200533_04658	gnl|TC-DB|Q0S7K2|3.A.1.27.4	47.6	361	187	2	7	366	9	368	4.4e-81	298.1
BCW-200533_04659	gnl|TC-DB|Q0S7K3|3.A.1.27.4	74.8	282	71	0	9	290	2	283	1.2e-96	349.4
BCW-200533_04660	gnl|TC-DB|O53546|3.A.1.27.5	73.0	244	66	0	2	245	10	253	9.0e-96	346.3
BCW-200533_04678	gnl|TC-DB|Q42524|4.C.1.1.7	22.9	520	327	17	3248	3726	67	553	3.6e-16	85.9
BCW-200533_04695	gnl|TC-DB|Q0S4G7|2.A.1.3.64	28.3	456	318	5	25	475	47	498	4.5e-35	145.6
BCW-200533_04732	gnl|TC-DB|I6PJK1|2.A.114.1.7	49.3	748	344	7	22	740	19	760	3.2e-192	668.3
BCW-200533_04735	gnl|TC-DB|O53656|2.A.86.1.7	29.7	330	228	1	20	349	13	338	3.7e-35	145.6
BCW-200533_04749	gnl|TC-DB|Q54806|2.A.1.3.5	38.3	441	263	5	6	441	18	454	7.8e-73	271.2
BCW-200533_04760	gnl|TC-DB|H2HWQ5|1.C.113.1.6	43.1	209	117	1	12	220	51	257	8.5e-45	176.8
BCW-200533_04781	gnl|TC-DB|P0AAP1|9.B.34.1.2	32.1	159	103	2	348	504	209	364	1.9e-14	77.8
BCW-200533_04784	gnl|TC-DB|M2YEQ4|9.B.66.2.2	47.7	239	98	3	1	228	1	223	5.3e-34	141.0
BCW-200533_04791	gnl|TC-DB|P75901|2.A.108.2.3	33.8	266	172	2	18	280	1	265	4.9e-35	144.8
BCW-200533_04792	gnl|TC-DB|P0AB24|2.A.108.2.3	35.2	378	228	8	2	373	6	372	2.4e-55	212.6
BCW-200533_04806	gnl|TC-DB|H8E4X1|9.B.18.1.2	42.8	472	258	3	23	486	50	517	1.5e-102	369.8
BCW-200533_04821	gnl|TC-DB|D5AQ60|2.A.47.4.6	23.4	582	372	8	9	524	18	591	1.0e-27	121.3
BCW-200533_04828	gnl|TC-DB|Q9F2U9|2.A.3.3.17	51.3	398	182	6	15	407	8	398	1.8e-83	306.2
BCW-200533_04836	gnl|TC-DB|Q8NU75|4.B.1.1.5	66.5	215	67	1	1	210	1	215	2.5e-81	298.1
BCW-200533_04841	gnl|TC-DB|P63393|3.A.1.21.2	34.6	583	370	4	1	577	1	578	7.0e-83	304.7
BCW-200533_04842	gnl|TC-DB|P63391|3.A.1.21.2	40.8	566	326	3	39	600	281	841	1.6e-109	393.3
BCW-200533_04844	gnl|TC-DB|Q7A3S4|2.A.1.3.61	20.4	406	298	7	28	422	22	413	2.6e-11	66.6
BCW-200533_04848	gnl|TC-DB|Q9S215|3.A.1.14.22	64.3	280	96	1	3	282	4	279	1.5e-102	369.0
BCW-200533_04849	gnl|TC-DB|Q9S214|3.A.1.14.22	54.2	330	151	0	18	347	42	371	3.5e-85	311.6
BCW-200533_04850	gnl|TC-DB|P23876|3.A.1.14.2	51.8	330	155	2	45	374	8	333	2.6e-86	315.5
BCW-200533_04852	gnl|TC-DB|Q9RK15|3.A.1.119.5	36.2	508	315	4	49	552	11	513	5.9e-71	265.0
BCW-200533_04853	gnl|TC-DB|O85018|3.A.1.119.3	50.4	472	228	4	112	580	650	1118	1.4e-118	423.3
BCW-200533_04900	gnl|TC-DB|O59180|8.A.21.2.1	48.0	244	127	0	3	246	5	248	3.3e-59	224.9
BCW-200533_04903	gnl|TC-DB|A4QDI5|3.A.1.17.12	32.4	219	130	8	14	225	6	213	1.5e-16	83.6
BCW-200533_04904	gnl|TC-DB|P75851|3.A.1.17.10	44.7	246	136	0	33	278	7	252	2.3e-42	169.1
BCW-200533_04905	gnl|TC-DB|Q8NR42|3.A.1.17.12	56.9	197	81	1	39	231	10	206	5.9e-51	197.6
BCW-200533_04910	gnl|TC-DB|O85763|3.A.1.17.2	30.2	301	186	7	2	298	30	310	4.9e-30	128.3
BCW-200533_04916	gnl|TC-DB|O85765|3.A.1.17.2	30.4	237	155	3	22	252	22	254	5.1e-17	84.7
BCW-200533_04917	gnl|TC-DB|O85765|3.A.1.17.2	27.6	246	174	2	8	251	12	255	1.5e-19	93.2
BCW-200533_04918	gnl|TC-DB|P38046|3.A.1.16.1	38.5	260	154	4	1	256	5	262	2.7e-45	178.7
BCW-200533_04927	gnl|TC-DB|P75892|2.A.40.1.3	43.8	441	215	7	2	435	7	421	3.1e-84	308.9
BCW-200533_04935	gnl|TC-DB|P80874|8.A.5.1.4	35.4	144	79	6	34	165	22	163	1.0e-13	73.9
BCW-200533_04937	gnl|TC-DB|Q53712|3.A.1.120.3	34.9	541	325	12	15	542	43	569	8.4e-62	234.6
BCW-200533_04943	gnl|TC-DB|Q1D0V0|3.A.1.144.3	40.9	220	126	2	7	223	6	224	2.8e-43	172.2
BCW-200533_04947	gnl|TC-DB|O32859|2.A.1.21.4	27.2	405	266	9	29	418	19	409	7.3e-21	98.2
BCW-200533_04955	gnl|TC-DB|Q9LA76|2.A.1.71.1	31.6	412	259	9	1	406	6	400	1.3e-35	147.1
BCW-200533_04965	gnl|TC-DB|P96878|2.A.53.3.12	56.9	727	293	8	36	752	31	747	3.8e-177	618.2
BCW-200533_04966	gnl|TC-DB|Q14722|8.A.5.1.1	33.8	311	189	7	15	315	89	392	1.4e-41	166.8
BCW-200533_04968	gnl|TC-DB|O53781|2.A.1.3.41	62.7	807	287	4	1	805	1	795	9.6e-280	959.1
BCW-200533_04987	gnl|TC-DB|P47862|1.A.8.9.1	43.3	268	141	4	6	268	18	279	5.2e-44	174.5
BCW-200533_04990	gnl|TC-DB|Q9F2Y8|3.A.1.105.13	49.7	306	149	1	7	307	6	311	3.4e-79	291.6
BCW-200533_04991	gnl|TC-DB|Q53717|3.A.1.105.2	32.2	236	153	3	9	238	26	260	1.2e-31	133.3
BCW-200533_04995	gnl|TC-DB|Q9X4X4|2.A.1.30.1	24.4	398	286	6	10	405	25	409	1.2e-15	80.9
BCW-200533_05006	gnl|TC-DB|Q0E7C5|2.A.1.38.2	23.8	383	270	10	7	379	16	386	2.3e-17	86.7
BCW-200533_05008	gnl|TC-DB|O34987|2.A.40.7.2	36.2	472	260	8	8	474	1	436	1.6e-64	243.4
BCW-200533_05010	gnl|TC-DB|Q9RK12|3.A.1.14.13	46.6	296	152	3	51	341	52	346	1.3e-71	266.5
BCW-200533_05015	gnl|TC-DB|Q9KXM8|2.A.1.21.18	41.6	423	230	8	104	522	35	444	1.1e-61	234.2
BCW-200533_05019	gnl|TC-DB|I0RHY9|9.B.55.1.2	54.8	124	56	0	1	124	1	124	1.1e-31	132.5
BCW-200533_05032	gnl|TC-DB|Q7W0Q7|2.A.1.46.1	41.3	390	225	2	8	395	3	390	3.3e-79	292.0
BCW-200533_05035	gnl|TC-DB|Q47539|3.A.1.17.1	34.6	240	152	1	52	286	31	270	1.5e-33	139.8
BCW-200533_05036	gnl|TC-DB|P38045|3.A.1.16.1	49.8	227	110	3	7	230	5	230	1.4e-62	236.1
BCW-200533_05049	gnl|TC-DB|Q9XIA9|4.C.1.1.14	21.8	605	415	16	24	588	74	660	6.5e-23	105.5
BCW-200533_05050	gnl|TC-DB|O30144|3.A.1.6.8	42.2	211	114	2	29	239	29	231	4.9e-34	141.7
BCW-200533_05051	gnl|TC-DB|P0AF01|3.A.1.8.1	44.5	182	100	1	48	228	1	182	1.1e-30	130.2
BCW-200533_05059	gnl|TC-DB|Q8NTP8|2.A.78.1.2	42.1	214	123	1	29	242	39	251	5.9e-39	157.5
BCW-200533_05060	gnl|TC-DB|Q8NTP7|2.A.78.1.2	44.2	104	56	2	3	105	4	106	1.0e-11	65.9
BCW-200533_05061	gnl|TC-DB|O05804|2.A.52.1.7	58.4	334	139	0	30	363	31	364	5.0e-114	407.5
BCW-200533_05072	gnl|TC-DB|P69451|4.C.1.1.4	29.9	541	334	11	7	512	27	557	4.2e-55	212.2
BCW-200533_05077	gnl|TC-DB|Q45082|2.A.1.6.5	33.3	424	276	6	5	422	14	436	1.6e-66	250.0
BCW-200533_05086	gnl|TC-DB|G7H3K9|8.A.58.2.6	64.7	68	24	0	8	75	34	101	2.4e-20	94.4
BCW-200533_05095	gnl|TC-DB|Q9AK99|2.A.7.3.41	37.8	294	171	4	20	308	32	318	1.1e-34	143.7
BCW-200533_05096	gnl|TC-DB|Q7AKK4|3.A.1.105.14	39.9	301	169	6	25	314	10	309	3.7e-49	191.8
BCW-200533_05102	gnl|TC-DB|P75797|3.A.1.5.11	22.6	363	256	9	60	408	30	381	2.9e-14	76.6
BCW-200533_05109	gnl|TC-DB|Q9FI56|3.A.9.1.2	52.8	716	312	8	108	800	188	900	4.0e-209	724.5
BCW-200533_05111	gnl|TC-DB|P77389|2.A.1.2.65	27.9	373	252	6	27	389	7	372	7.9e-17	84.7
BCW-200533_05125	gnl|TC-DB|O86668|2.A.7.35.6	34.6	283	169	4	5	286	1	268	6.3e-27	117.9
BCW-200533_05140	gnl|TC-DB|P94575|2.A.39.3.4	34.7	472	281	10	44	504	12	467	3.4e-76	282.3
BCW-200533_05142	gnl|TC-DB|P77389|2.A.1.2.65	29.9	351	244	2	1	350	1	350	1.6e-30	130.2
BCW-200533_05157	gnl|TC-DB|Q9P6J2|2.A.89.3.8	45.6	226	123	0	11	236	6	231	4.7e-41	164.5
BCW-200533_05160	gnl|TC-DB|X2BJI2|2.A.103.1.4	48.6	370	190	0	2	371	49	418	8.6e-92	334.0
BCW-200533_05162	gnl|TC-DB|D9X7X8|2.A.1.3.38	34.9	295	159	6	1	271	44	329	9.4e-33	137.1
BCW-200533_05165	gnl|TC-DB|P75797|3.A.1.5.11	26.6	433	276	15	115	515	75	497	7.7e-23	105.1
BCW-200533_05171	gnl|TC-DB|P94574|2.A.1.3.57	32.5	440	289	6	25	462	17	450	5.5e-46	181.8
BCW-200533_05183	gnl|TC-DB|P43531|2.A.1.36.1	38.2	387	239	0	14	400	27	413	2.3e-64	242.7
BCW-200533_05196	gnl|TC-DB|P0C560|3.A.1.7.2	92.6	258	19	0	1	258	1	258	2.1e-135	478.0
BCW-200533_05197	gnl|TC-DB|Q7WTY6|3.A.1.7.2	68.6	296	89	2	1	293	5	299	3.9e-109	391.0
BCW-200533_05198	gnl|TC-DB|Q7WTY7|3.A.1.7.2	61.3	354	121	4	9	361	10	348	3.1e-105	378.3
BCW-200533_05199	gnl|TC-DB|Q7WTY8|3.A.1.7.2	61.7	368	131	3	10	372	11	373	7.6e-115	410.2
BCW-200533_05209	gnl|TC-DB|Q8RMB7|3.A.1.106.7	31.7	293	192	5	264	552	891	1179	1.2e-26	117.9
BCW-200533_05210	gnl|TC-DB|P29018|3.A.1.129.1	31.4	544	358	9	23	554	13	553	8.1e-52	201.4
BCW-200533_05211	gnl|TC-DB|P0ABK2|3.D.4.3.2	34.9	370	198	5	3	334	7	371	4.5e-61	231.5
BCW-200533_05212	gnl|TC-DB|P0ABJ9|3.D.4.3.2	34.0	527	264	9	1	470	2	501	6.1e-75	278.1
BCW-200533_05255	gnl|TC-DB|Q2BM69|3.A.1.17.4	40.8	265	134	3	24	265	4	268	6.6e-47	184.1
BCW-200533_05256	gnl|TC-DB|Q47537|3.A.1.17.1	38.5	265	146	6	87	345	53	306	5.2e-39	158.3
BCW-200533_05257	gnl|TC-DB|Q47539|3.A.1.17.1	35.0	260	163	2	26	285	21	274	2.5e-33	139.0
BCW-200533_05283	gnl|TC-DB|O69740|3.A.24.1.1	39.1	274	164	2	88	359	391	663	1.2e-51	200.3
BCW-200533_05285	gnl|TC-DB|I7FD23|2.A.1.2.97	46.5	385	205	1	1	385	18	401	2.0e-81	299.3
BCW-200533_05326	gnl|TC-DB|Q9RK12|3.A.1.14.13	38.3	334	192	6	7	327	13	345	7.0e-59	224.2
BCW-200533_05347	gnl|TC-DB|P66844|3.A.5.2.2	80.2	531	92	2	1	525	1	524	4.3e-204	707.2
BCW-200533_05350	gnl|TC-DB|Q79VF1|1.A.11.1.3	67.4	436	133	4	1	432	1	431	1.2e-154	542.7
BCW-200533_05351	gnl|TC-DB|P66842|3.A.5.2.2	79.7	316	62	1	168	481	107	422	2.3e-135	478.8
BCW-200533_05363	gnl|TC-DB|Q6A1F6|3.B.1.1.6	31.5	600	347	15	522	1095	6	567	3.3e-68	256.9
BCW-200533_05396	gnl|TC-DB|Q8R706|2.A.3.3.22	40.4	498	251	5	6	492	9	471	4.4e-97	351.7
BCW-200533_05428	gnl|TC-DB|F8D413|3.A.1.105.12	33.3	207	126	5	8	213	27	222	6.2e-20	94.4
BCW-200533_05451	gnl|TC-DB|D2PP09|2.A.1.67.1	41.1	399	229	2	9	406	1	394	1.9e-66	249.6
BCW-200533_05455	gnl|TC-DB|Q42524|4.C.1.1.7	39.0	539	305	8	3	526	25	554	6.2e-94	341.3
BCW-200533_05504	gnl|TC-DB|Q939U6|5.A.1.2.7	34.0	253	145	8	32	278	2	238	4.0e-23	105.1
BCW-200533_05506	gnl|TC-DB|B8ZT62|9.B.14.3.4	55.9	320	137	2	4	319	7	326	2.5e-98	355.1
BCW-200533_05507	gnl|TC-DB|O69740|3.A.24.1.1	38.0	271	165	2	275	543	391	660	1.3e-49	194.1
BCW-200533_05516	gnl|TC-DB|E5AN59|1.E.40.3.1	38.9	126	65	3	1	126	1	114	1.8e-12	68.6
BCW-200533_05519	gnl|TC-DB|P32011|3.A.1.105.1	40.0	260	152	2	17	274	23	280	3.9e-47	184.9
BCW-200533_05520	gnl|TC-DB|P32010|3.A.1.105.1	55.4	325	145	0	3	327	2	326	9.7e-93	336.7
BCW-200533_05525	gnl|TC-DB|P59950|2.A.20.1.3	64.0	394	135	3	1	391	1	390	1.0e-128	456.4
BCW-200533_05527	gnl|TC-DB|P74318|3.A.1.4.2	28.4	296	181	10	11	296	10	284	1.4e-19	94.7
BCW-200533_05528	gnl|TC-DB|P21629|3.A.1.4.8	40.0	250	137	2	5	241	4	253	1.3e-46	183.0
BCW-200533_05529	gnl|TC-DB|Q0S720|3.A.1.4.9	38.6	241	142	2	17	251	2	242	6.0e-39	157.5
BCW-200533_05553	gnl|TC-DB|P0A5Z0|3.A.5.2.2	51.5	66	32	0	102	167	96	161	2.4e-12	68.6
BCW-200533_05556	gnl|TC-DB|Q9ZK21|1.C.82.1.1	57.1	212	91	0	14	225	15	226	8.2e-62	233.4
BCW-200533_05573	gnl|TC-DB|Q9HQ19|3.A.1.14.9	39.2	334	187	6	23	345	39	367	2.2e-47	186.0
BCW-200533_05574	gnl|TC-DB|P07821|3.A.1.14.3	39.2	255	150	2	2	252	11	264	3.4e-45	178.3
BCW-200533_05600	gnl|TC-DB|O69740|3.A.24.1.1	38.0	271	167	1	109	378	390	660	2.3e-45	179.5
BCW-200533_05619	gnl|TC-DB|Q1J2S8|2.A.53.3.13	52.4	468	219	3	34	501	22	485	2.7e-118	422.2
BCW-200533_05632	gnl|TC-DB|O05435|2.A.66.4.4	34.9	539	322	13	6	531	6	528	3.2e-61	232.6
BCW-200533_05636	gnl|TC-DB|Q2J9P5|3.A.1.125.3	55.1	236	106	0	31	266	58	293	4.9e-71	264.2
BCW-200533_05637	gnl|TC-DB|Q2J9P4|3.A.1.125.3	26.8	764	518	15	85	824	94	840	8.6e-34	142.1
BCW-200533_05642	gnl|TC-DB|A0JSP2|9.B.74.1.2	43.7	689	342	8	9	670	9	678	2.2e-40	163.7
BCW-200533_05671	gnl|TC-DB|Q9RK11|3.A.1.14.13	37.4	254	156	1	5	255	16	269	2.7e-40	162.2
BCW-200533_05672	gnl|TC-DB|Q9HQ19|3.A.1.14.9	38.7	331	193	4	30	360	47	367	8.2e-45	177.6
BCW-200533_05685	gnl|TC-DB|O53657|2.A.6.5.6	50.7	860	361	10	1	812	1	845	3.7e-209	724.9
BCW-200533_05693	gnl|TC-DB|O53656|2.A.86.1.7	44.4	349	194	0	6	354	4	352	1.5e-68	256.5
BCW-200533_05694	gnl|TC-DB|Q6MNW4|8.A.59.2.2	33.4	302	187	4	191	481	268	566	5.2e-34	142.1
BCW-200533_05695	gnl|TC-DB|O53655|4.D.2.4.1	39.7	353	211	1	5	357	15	365	1.0e-63	240.4
BCW-200533_05699	gnl|TC-DB|E9T748|9.B.185.1.3	61.0	123	48	0	3	125	1	123	1.3e-37	152.1
BCW-200533_05700	gnl|TC-DB|Q5KYD1|2.A.17.1.7	43.5	483	263	5	16	490	16	496	1.5e-102	369.8
BCW-200533_05705	gnl|TC-DB|Q60248|3.A.1.120.4	32.7	548	302	19	4	507	2	526	1.7e-43	173.7
BCW-200533_05708	gnl|TC-DB|O30085|3.A.3.5.10	46.6	638	335	5	41	677	58	690	5.1e-136	481.5
BCW-200533_05712	gnl|TC-DB|K9ZR90|9.B.44.2.3	47.1	85	45	0	7	91	6	90	3.6e-16	80.5
BCW-200533_05727	gnl|TC-DB|Q1J1H5|2.A.23.1.9	48.7	411	208	2	28	436	8	417	7.2e-102	367.5
BCW-200533_05736	gnl|TC-DB|C8U2V6|3.A.1.14.2	46.9	320	160	1	15	334	9	318	8.2e-76	280.4
BCW-200533_05753	gnl|TC-DB|P75797|3.A.1.5.11	25.9	425	289	10	84	498	73	481	2.4e-24	110.2
BCW-200533_05754	gnl|TC-DB|P42062|3.A.1.5.20	30.9	311	211	2	31	340	7	314	1.0e-36	150.6
BCW-200533_05755	gnl|TC-DB|P26904|3.A.1.5.2	28.7	265	186	2	4	265	52	316	5.4e-25	111.3
BCW-200533_05756	gnl|TC-DB|Q9F350|3.A.1.5.35	36.6	292	165	7	5	279	3	291	1.8e-37	152.9
BCW-200533_05757	gnl|TC-DB|P33594|3.A.1.5.3	36.9	214	129	2	5	212	14	227	8.8e-31	130.2
BCW-200533_05759	gnl|TC-DB|K6W5C2|9.B.142.2.5	55.7	711	282	5	7	712	10	692	2.8e-182	635.2
BCW-200533_05760	gnl|TC-DB|F2KQZ0|4.D.2.1.6	39.3	214	127	3	18	230	6	217	1.1e-37	154.1
BCW-200533_05769	gnl|TC-DB|Q8FDB7|2.A.1.14.14	25.4	425	258	10	38	418	22	431	5.4e-24	108.6
BCW-200533_05777	gnl|TC-DB|P69937|2.A.7.1.4	45.5	99	50	1	26	120	1	99	2.3e-18	88.2
BCW-200533_05782	gnl|TC-DB|Q79VD1|2.A.79.1.1	45.3	439	235	4	15	449	10	447	1.4e-89	326.6
BCW-200533_05787	gnl|TC-DB|P65374|2.A.6.5.5	30.2	729	460	12	19	712	1	715	3.5e-68	256.1
BCW-200533_05792	gnl|TC-DB|O85018|3.A.1.119.3	56.0	575	251	1	24	596	544	1118	1.3e-169	592.8
BCW-200533_05793	gnl|TC-DB|Q9RK15|3.A.1.119.5	45.1	548	293	2	37	584	1	540	1.9e-112	402.9
BCW-200533_05801	gnl|TC-DB|Q0S7K1|3.A.1.27.4	26.3	308	221	4	15	318	6	311	4.7e-21	98.6
BCW-200533_05802	gnl|TC-DB|Q0S7K1|3.A.1.27.4	73.3	337	89	1	2	337	1	337	1.4e-134	475.7
BCW-200533_05803	gnl|TC-DB|Q0S7K2|3.A.1.27.4	63.2	394	142	2	1	394	1	391	4.7e-131	464.2
BCW-200533_05804	gnl|TC-DB|Q0S7K3|3.A.1.27.4	90.8	283	26	0	1	283	1	283	1.3e-119	425.6
BCW-200533_05805	gnl|TC-DB|Q0S7K4|3.A.1.27.4	93.3	254	17	0	1	254	1	254	2.3e-123	438.0
BCW-200533_05810	gnl|TC-DB|Q91VE0|4.C.1.1.1	26.3	482	296	15	59	498	131	595	7.4e-26	115.2
BCW-200533_05820	gnl|TC-DB|P33950|3.A.1.5.27	25.3	517	342	16	27	510	10	515	1.3e-22	104.4
BCW-200533_05821	gnl|TC-DB|B1W1M1|3.A.1.5.37	34.0	309	198	1	10	318	7	309	1.6e-41	166.4
BCW-200533_05822	gnl|TC-DB|Q9F350|3.A.1.5.35	46.5	288	144	4	374	651	2	289	6.1e-65	245.4
BCW-200533_05823	gnl|TC-DB|Q9F349|3.A.1.5.35	47.2	265	137	2	1	262	1	265	5.9e-64	240.7
BCW-200533_05853	gnl|TC-DB|O53546|3.A.1.27.5	38.6	223	137	0	36	258	25	247	1.1e-33	140.2
BCW-200533_05854	gnl|TC-DB|Q0S7K3|3.A.1.27.4	39.4	269	158	1	7	275	11	274	8.3e-45	177.2
BCW-200533_05869	gnl|TC-DB|B7GU58|2.A.28.2.6	30.5	266	164	7	14	268	44	299	1.5e-20	96.7
BCW-200533_05879	gnl|TC-DB|Q42524|4.C.1.1.7	30.2	513	329	10	18	509	50	554	1.5e-57	220.3
BCW-200533_05893	gnl|TC-DB|P0C186|3.D.2.2.1	30.9	363	213	7	1	333	1	355	2.9e-34	142.5
BCW-200533_05902	gnl|TC-DB|P0C0L7|2.A.1.6.4	37.9	412	240	6	24	422	24	432	3.2e-67	252.3
BCW-200533_05911	gnl|TC-DB|Q8YRV8|3.A.1.16.4	40.7	253	143	3	26	273	5	255	1.9e-46	182.6
BCW-200533_05923	gnl|TC-DB|P77389|2.A.1.2.65	43.7	373	209	1	5	377	7	378	3.3e-71	265.4
BCW-200533_05957	gnl|TC-DB|Q2J9P5|3.A.1.125.3	44.6	224	115	4	6	224	56	275	2.8e-43	171.8
BCW-200533_05964	gnl|TC-DB|Q9F2Y7|3.A.1.105.13	39.3	257	150	4	7	262	26	277	2.3e-41	165.6
BCW-200533_05965	gnl|TC-DB|Q9F2Y8|3.A.1.105.13	58.7	312	129	0	4	315	6	317	7.3e-98	353.6
BCW-200533_05985	gnl|TC-DB|P96117|3.A.1.15.8	33.2	235	149	6	3	234	10	239	1.7e-29	126.3
BCW-200533_05986	gnl|TC-DB|Q9RNI8|3.A.1.15.6	29.7	256	176	4	21	274	9	262	1.8e-18	89.7
BCW-200533_05994	gnl|TC-DB|Q9RK12|3.A.1.14.13	33.7	341	204	10	2	323	9	346	4.5e-34	141.7
BCW-200533_05995	gnl|TC-DB|Q9RK15|3.A.1.119.5	32.0	518	330	8	38	540	11	521	7.1e-53	204.9
BCW-200533_05996	gnl|TC-DB|Q9RK13|3.A.1.119.4	38.4	591	354	4	7	589	5	593	5.9e-93	338.2
BCW-200533_06008	gnl|TC-DB|O53546|3.A.1.27.5	37.4	238	145	1	34	271	12	245	1.4e-31	133.3
BCW-200533_06009	gnl|TC-DB|Q0S7K3|3.A.1.27.4	42.1	259	147	1	13	271	19	274	4.5e-51	198.0
BCW-200533_06011	gnl|TC-DB|Q0S7K1|3.A.1.27.4	36.0	292	181	3	35	323	33	321	5.1e-41	164.9
BCW-200533_06039	gnl|TC-DB|P69451|4.C.1.1.4	29.6	538	335	15	18	523	29	554	3.9e-48	189.1
BCW-200533_06041	gnl|TC-DB|Q9FI56|3.A.9.1.2	58.4	819	325	6	1	811	94	904	1.8e-268	921.8
BCW-200533_06057	gnl|TC-DB|H5XK63|9.B.148.3.2	46.1	154	74	2	11	161	19	166	3.6e-29	124.4
BCW-200533_06062	gnl|TC-DB|B7G1T3|3.A.25.1.1	41.2	240	140	1	152	390	593	832	3.8e-53	206.5
BCW-200533_06064	gnl|TC-DB|C6B3K0|2.A.101.1.2	47.4	441	229	2	4	442	5	444	3.3e-104	375.2
BCW-200533_06065	gnl|TC-DB|P69451|4.C.1.1.4	27.3	531	308	15	4	467	30	549	4.7e-29	125.6
BCW-200533_06070	gnl|TC-DB|H2GZC4|3.A.1.122.11	38.7	351	201	6	20	365	1	342	4.4e-46	181.8
BCW-200533_06071	gnl|TC-DB|H2GZC3|3.A.1.122.11	48.0	227	101	2	9	235	6	215	5.5e-45	177.6
BCW-200533_06081	gnl|TC-DB|Q9HQ19|3.A.1.14.9	46.5	275	142	3	74	348	93	362	6.9e-57	217.6
BCW-200533_06082	gnl|TC-DB|Q9S215|3.A.1.14.22	35.6	264	165	2	2	261	22	284	8.8e-41	163.7
BCW-200533_06090	gnl|TC-DB|Q11G42|2.A.118.1.2	37.6	510	269	9	16	519	11	477	5.9e-73	271.6
BCW-200533_06093	gnl|TC-DB|P31552|4.C.1.1.6	29.2	513	309	15	64	557	39	516	1.1e-43	174.5
BCW-200533_06105	gnl|TC-DB|P0AAP1|9.B.34.1.2	34.1	173	104	4	339	504	197	366	1.1e-19	95.1
BCW-200533_06126	gnl|TC-DB|P39398|2.A.1.14.33	25.0	388	258	4	3	360	32	416	3.1e-29	125.9
BCW-200533_06128	gnl|TC-DB|Q3ASG5|2.A.106.1.3	51.1	184	88	1	4	187	3	184	5.0e-43	171.0
BCW-200533_06131	gnl|TC-DB|Q8PS47|9.B.36.2.1	28.4	183	120	5	2	182	15	188	9.6e-13	70.1
BCW-200533_06132	gnl|TC-DB|P0AGM0|2.A.86.1.2	29.5	315	219	3	30	343	10	322	1.1e-31	134.0
BCW-200533_06145	gnl|TC-DB|A0QQH3|2.A.4.1.5	45.2	303	155	3	1	303	1	292	4.6e-65	244.6
BCW-200533_06150	gnl|TC-DB|Q2J989|9.B.62.3.1	37.5	293	172	4	17	301	403	692	4.9e-43	171.4
BCW-200533_06159	gnl|TC-DB|B9DIS8|9.B.97.5.1	25.6	356	245	10	35	381	22	366	6.2e-17	85.9
BCW-200533_06177	gnl|TC-DB|P33591|3.A.1.5.3	31.9	307	208	1	3	309	1	306	4.6e-36	148.3
BCW-200533_06178	gnl|TC-DB|P0AFA9|3.A.1.5.3	35.0	254	165	0	28	281	11	264	2.8e-40	162.2
BCW-200533_06179	gnl|TC-DB|Q8G6E9|3.A.1.31.1	28.2	507	310	15	1	474	22	507	2.5e-33	139.8
BCW-200533_06186	gnl|TC-DB|Q53762|3.A.1.120.1	29.6	560	328	17	19	545	20	546	5.8e-42	168.7
BCW-200533_06202	gnl|TC-DB|Q8NLD6|2.A.1.2.87	37.4	372	209	8	6	364	22	382	6.4e-43	171.4
BCW-200533_06209	gnl|TC-DB|Q9ZGB6|2.A.1.3.32	39.4	502	294	3	21	522	14	505	7.7e-97	350.9
BCW-200533_06220	gnl|TC-DB|C1B4G9|9.B.145.1.4	71.3	300	86	0	1	300	1	300	1.3e-110	396.0
BCW-200533_06272	gnl|TC-DB|P66791|3.A.5.2.2	71.1	76	22	0	1	76	1	76	1.2e-22	101.7
BCW-200533_06293	gnl|TC-DB|Q7AKK4|3.A.1.105.14	41.9	284	163	2	24	306	22	304	8.0e-49	190.7
BCW-200533_06298	gnl|TC-DB|Q9F9T4|3.A.1.5.23	31.7	227	141	7	31	253	335	551	1.3e-15	80.1
BCW-200533_06302	gnl|TC-DB|Q89SS6|2.A.1.42.2	25.1	499	310	17	3914	4377	645	1114	1.0e-14	81.3
BCW-200533_06307	gnl|TC-DB|P43672|3.A.1.120.6	31.2	500	303	14	24	509	24	496	4.8e-49	192.2
BCW-200533_06325	gnl|TC-DB|Q27433|1.A.6.2.2	37.0	189	114	3	4	188	121	308	1.4e-24	110.5
BCW-200533_06328	gnl|TC-DB|M3A107|9.B.27.1.3	66.2	213	71	1	4	216	2	213	3.9e-72	267.7
BCW-200533_06333	gnl|TC-DB|Q8NLX4|2.A.102.4.8	54.6	284	127	2	1	283	1	283	7.2e-74	273.9
BCW-200533_06338	gnl|TC-DB|Q0PBV6|9.A.40.2.2	30.8	354	218	8	5	346	21	359	1.6e-40	163.3
BCW-200533_06339	gnl|TC-DB|Q0PBV6|9.A.40.2.2	28.5	438	300	5	2	438	18	443	6.3e-42	168.3
BCW-200533_06342	gnl|TC-DB|O00571|1.I.1.1.3	33.8	367	221	5	16	360	181	547	3.6e-51	199.1
BCW-200533_06344	gnl|TC-DB|O00571|1.I.1.1.3	35.3	363	207	7	34	372	181	539	5.4e-55	212.2
BCW-200533_06347	gnl|TC-DB|O69916|9.B.111.1.2	25.1	303	214	4	535	837	275	564	8.4e-24	109.0
BCW-200533_06348	gnl|TC-DB|Q9RK11|3.A.1.14.13	71.0	272	78	1	1	272	6	276	1.9e-110	395.2
BCW-200533_06349	gnl|TC-DB|Q9RK10|3.A.1.14.13	47.8	345	171	3	20	360	29	368	2.7e-80	295.4
BCW-200533_06350	gnl|TC-DB|Q9RK09|3.A.1.14.13	61.4	334	124	2	159	487	24	357	1.1e-105	380.2
BCW-200533_06367	gnl|TC-DB|P69451|4.C.1.1.4	23.7	557	369	14	5384	5906	15	549	1.0e-23	112.1
BCW-200533_06379	gnl|TC-DB|L7KTB5|2.A.102.3.2	40.8	223	132	0	29	251	26	248	8.0e-39	157.1
BCW-200533_06394	gnl|TC-DB|B8ZT62|9.B.14.3.4	42.1	318	179	2	7	319	10	327	6.9e-64	240.7
BCW-200533_06395	gnl|TC-DB|E4N451|1.B.77.1.6	39.0	172	96	3	2	165	24	194	1.7e-24	109.0
BCW-200533_06408	gnl|TC-DB|Q9RJ69|2.A.64.2.2	39.0	295	171	5	5	296	2	290	2.3e-49	192.6
BCW-200533_06420	gnl|TC-DB|B7G1T3|3.A.25.1.1	37.5	317	162	9	184	487	560	853	6.1e-50	195.3
BCW-200533_06438	gnl|TC-DB|Q53902|2.A.6.5.1	42.7	705	381	7	11	708	12	700	6.5e-131	464.5
BCW-200533_06444	gnl|TC-DB|P63144|8.A.5.1.3	27.4	317	220	6	1	309	71	385	5.9e-20	94.7
BCW-200533_06447	gnl|TC-DB|O68878|3.A.1.14.21	42.3	331	177	5	38	359	1	326	1.4e-57	219.9
BCW-200533_06448	gnl|TC-DB|Q93SS1|3.A.1.14.19	43.6	259	125	3	32	272	2	257	2.4e-52	202.2
BCW-200533_06475	gnl|TC-DB|T1VWX9|9.B.176.1.3	36.3	135	79	3	539	669	233	364	5.0e-12	69.7
BCW-200533_06484	gnl|TC-DB|P45095|3.A.1.5.27	43.2	315	176	3	33	346	3	315	1.8e-65	246.1
BCW-200533_06485	gnl|TC-DB|Q9X0F3|3.A.1.5.12	41.8	337	171	6	7	319	3	338	2.2e-62	235.7
BCW-200533_06486	gnl|TC-DB|P33950|3.A.1.5.27	23.6	533	351	16	32	520	10	530	2.4e-24	110.2
BCW-200533_06487	gnl|TC-DB|P42062|3.A.1.5.20	34.3	303	194	4	44	342	13	314	2.1e-45	179.5
BCW-200533_06488	gnl|TC-DB|W0WMS8|3.A.1.5.39	39.3	257	150	1	31	281	39	295	9.6e-41	163.7
BCW-200533_06506	gnl|TC-DB|P64883|1.B.50.1.1	43.8	315	171	5	1	312	1	312	5.8e-55	211.1
BCW-200533_06510	gnl|TC-DB|I6YB99|1.C.109.1.4	61.0	272	96	4	1	272	7	268	9.7e-83	303.1
BCW-200533_06516	gnl|TC-DB|P31552|4.C.1.1.6	29.3	505	310	16	23	510	42	516	6.8e-37	151.8
BCW-200533_06557	gnl|TC-DB|Q89SS6|2.A.1.42.2	25.9	494	293	21	1526	1978	653	1114	2.6e-14	80.1
BCW-200533_06558	gnl|TC-DB|K9YXY1|8.A.3.1.2	31.6	339	220	6	127	456	393	728	1.2e-39	161.0
BCW-200533_06560	gnl|TC-DB|H8E4X1|9.B.18.1.2	46.3	516	263	7	2	511	18	525	4.4e-121	431.4
BCW-200533_06644	gnl|TC-DB|C0ZLZ7|1.B.58.1.5	76.6	231	50	2	4	234	1	227	2.9e-51	198.4
BCW-200533_06687	gnl|TC-DB|Q6NE50|2.A.4.7.3	24.6	264	198	1	75	337	34	297	4.6e-18	88.6
BCW-200533_06702	gnl|TC-DB|Q9RL01|2.A.1.72.1	34.7	334	200	6	4	322	18	348	3.4e-30	129.0
BCW-200533_06715	gnl|TC-DB|P0AG34|2.A.76.1.1	39.6	207	124	1	1	207	1	206	7.2e-38	153.7
BCW-200533_06724	gnl|TC-DB|Q42524|4.C.1.1.7	24.8	448	286	14	475	883	67	502	1.3e-13	77.8
BCW-200533_06729	gnl|TC-DB|K6W5C2|9.B.142.2.5	46.1	677	308	9	34	663	30	696	2.3e-114	409.5
BCW-200533_06735	gnl|TC-DB|F9VN10|3.D.10.1.4	34.0	535	288	15	15	495	7	530	2.9e-51	199.5
BCW-200533_06741	gnl|TC-DB|C8XBZ9|9.B.148.1.5	40.4	166	90	2	30	190	3	164	7.8e-19	90.5
BCW-200533_06745	gnl|TC-DB|Q1D213|2.A.78.2.3	43.8	96	54	0	10	105	6	101	5.3e-13	70.1
BCW-200533_06746	gnl|TC-DB|Q1D212|2.A.78.2.3	31.1	241	125	4	5	216	20	248	5.9e-22	100.9
BCW-200533_06754	gnl|TC-DB|Q6MMK1|2.A.6.6.11	39.1	402	230	9	33	426	30	424	4.2e-64	241.9
BCW-200533_06758	gnl|TC-DB|P76330|9.B.34.1.4	32.4	216	132	5	262	466	348	560	1.0e-18	91.3
BCW-200533_06768	gnl|TC-DB|P0AA67|2.A.7.3.6	37.0	262	157	5	11	266	16	275	2.0e-28	122.9
BCW-200533_06773	gnl|TC-DB|Q0S4G7|2.A.1.3.64	31.5	391	264	2	2	390	65	453	4.4e-46	182.6
BCW-200533_06778	gnl|TC-DB|Q8NQC8|2.A.59.1.7	62.8	349	127	1	1	349	23	368	2.2e-122	435.3
BCW-200533_06783	gnl|TC-DB|Q9L1B4|2.A.1.3.19	51.3	495	237	1	12	506	9	499	3.3e-124	441.8
BCW-200533_06790	gnl|TC-DB|P27844|2.A.7.7.2	35.3	292	187	1	15	304	5	296	2.8e-41	165.6
BCW-200533_06812	gnl|TC-DB|X2BJI2|2.A.103.1.4	59.6	401	162	0	5	405	42	442	8.2e-133	470.3
BCW-200533_06814	gnl|TC-DB|P0A6W3|9.B.146.1.6	38.4	344	185	9	11	348	33	355	5.2e-52	201.4
BCW-200533_06833	gnl|TC-DB|C5L569|9.B.106.3.3	31.7	227	141	7	9	229	244	462	1.5e-20	97.8
BCW-200533_06840	gnl|TC-DB|Q6KZR9|3.A.4.1.2	22.4	415	280	8	6	408	2	386	8.2e-17	84.7
BCW-200533_06843	gnl|TC-DB|Q9XIA9|4.C.1.1.14	26.1	571	378	13	66	603	100	659	3.0e-44	176.4
BCW-200533_06852	gnl|TC-DB|Q9AEL8|3.D.4.4.2	66.5	182	59	1	1	180	24	205	3.5e-65	244.2
BCW-200533_06855	gnl|TC-DB|P46912|3.D.3.4.1	27.6	192	120	3	46	236	42	215	4.8e-20	95.9
BCW-200533_06858	gnl|TC-DB|Q8NNK3|3.D.4.4.2	41.7	144	77	2	1	138	1	143	3.3e-23	104.4
BCW-200533_06859	gnl|TC-DB|Q8NNK2|3.D.4.4.2	46.1	345	165	6	8	340	11	346	6.4e-79	290.8
BCW-200533_06884	gnl|TC-DB|Q18BL2|3.A.1.124.6	43.7	126	71	0	1	126	80	205	5.0e-23	104.0
