BCW-200596_00013	gnl|TC-DB|P33950|3.A.1.5.27	55.3	517	230	1	19	535	30	545	9.2e-170	593.2
BCW-200596_00014	gnl|TC-DB|W0WN20|3.A.1.5.39	65.5	339	114	1	1	339	1	336	2.8e-124	441.4
BCW-200596_00015	gnl|TC-DB|W0WMS8|3.A.1.5.39	53.7	283	131	0	17	299	18	300	4.8e-83	304.3
BCW-200596_00016	gnl|TC-DB|P45095|3.A.1.5.27	75.7	325	78	1	1	325	1	324	1.9e-138	488.4
BCW-200596_00017	gnl|TC-DB|P45094|3.A.1.5.27	75.8	326	78	1	3	327	2	327	4.8e-140	493.8
BCW-200596_00024	gnl|TC-DB|P0AFZ7|2.A.38.1.1	95.4	483	22	0	1	483	1	483	1.6e-266	914.4
BCW-200596_00033	gnl|TC-DB|P69423|2.A.64.1.1	90.4	239	23	0	1	239	1	239	2.1e-119	424.9
BCW-200596_00034	gnl|TC-DB|P69425|2.A.64.1.1	71.9	178	42	2	1	178	1	170	2.5e-55	211.5
BCW-200596_00035	gnl|TC-DB|P69428|2.A.64.1.1	78.7	89	14	1	1	84	1	89	9.4e-29	122.1
BCW-200596_00042	gnl|TC-DB|P40739|4.A.1.2.11	31.8	597	389	6	1	584	1	592	4.0e-89	325.5
BCW-200596_00043	gnl|TC-DB|Q86Z14|8.A.49.1.2	26.9	490	282	16	7	483	81	507	2.6e-38	156.4
BCW-200596_00047	gnl|TC-DB|P0ADP5|2.A.7.3.61	81.9	299	54	0	1	299	1	299	1.7e-144	508.4
BCW-200596_00050	gnl|TC-DB|P0AG34|2.A.76.1.1	87.9	206	25	0	1	206	1	206	2.1e-98	354.8
BCW-200596_00051	gnl|TC-DB|P0AG38|2.A.76.1.2	88.3	206	24	0	1	206	1	206	2.1e-98	354.8
BCW-200596_00052	gnl|TC-DB|Q5EAK4|2.A.16.2.2	29.6	345	206	11	52	368	1378	1713	3.6e-24	109.8
BCW-200596_00055	gnl|TC-DB|P27844|2.A.7.7.2	89.2	296	32	0	1	296	1	296	9.0e-151	529.3
BCW-200596_00056	gnl|TC-DB|P0A2R8|1.A.35.1.2	97.2	316	9	0	1	316	1	316	2.6e-172	600.9
BCW-200596_00063	gnl|TC-DB|P27838|9.B.21.2.1	89.6	106	11	0	1	106	1	106	5.2e-56	213.0
BCW-200596_00074	gnl|TC-DB|P27837|2.A.3.1.15	92.5	455	34	0	1	455	1	455	8.5e-241	828.9
BCW-200596_00076	gnl|TC-DB|B6I4D1|9.B.128.1.1	87.2	446	56	1	1	445	1	446	4.0e-219	756.9
BCW-200596_00078	gnl|TC-DB|P0AAA7|2.A.66.2.3	84.9	416	63	0	1	416	1	416	3.2e-194	674.1
BCW-200596_00084	gnl|TC-DB|P0AC78|9.B.146.1.7	88.6	367	42	0	7	373	1	367	6.2e-173	603.2
BCW-200596_00085	gnl|TC-DB|P40290|3.A.6.1.1	28.2	252	159	5	157	396	148	389	4.5e-15	79.0
BCW-200596_00087	gnl|TC-DB|O00571|1.I.1.1.3	35.5	375	227	5	9	369	180	553	5.9e-55	211.5
BCW-200596_00104	gnl|TC-DB|P06129|1.B.14.3.1	64.1	624	206	8	1	616	1	614	1.0e-233	805.8
BCW-200596_00122	gnl|TC-DB|Q9ZKE4|3.A.11.3.1	32.4	534	336	10	198	730	108	617	2.5e-69	260.0
BCW-200596_00130	gnl|TC-DB|P0AER0|1.A.8.1.1	88.6	281	32	0	1	281	1	281	3.1e-145	510.8
BCW-200596_00134	gnl|TC-DB|B7MI53|9.B.124.2.2	74.8	139	35	0	1	139	1	139	2.7e-57	217.6
BCW-200596_00139	gnl|TC-DB|P0AG78|3.A.1.6.1	92.7	329	24	0	1	329	1	329	3.5e-180	627.1
BCW-200596_00141	gnl|TC-DB|P69380|2.A.4.7.1	90.4	291	28	0	1	291	1	291	4.2e-148	520.4
BCW-200596_00148	gnl|TC-DB|P27125|2.A.7.6.1	89.8	344	35	0	1	344	1	344	1.2e-175	612.1
BCW-200596_00154	gnl|TC-DB|Q7BSH5|3.A.1.2.9	66.0	329	105	3	3	328	7	331	4.4e-114	407.5
BCW-200596_00155	gnl|TC-DB|Q7BSH4|3.A.1.2.9	56.5	492	212	2	4	494	20	510	7.3e-153	537.0
BCW-200596_00156	gnl|TC-DB|Q7BSH3|3.A.1.2.9	59.2	326	133	0	4	329	3	328	9.6e-101	363.2
BCW-200596_00157	gnl|TC-DB|P0AFS1|3.A.1.2.8	35.7	280	173	2	26	299	7	285	1.2e-34	143.7
BCW-200596_00160	gnl|TC-DB|P96517|2.A.1.5.4	93.7	413	26	0	1	413	1	413	3.1e-213	737.3
BCW-200596_00164	gnl|TC-DB|Q1D212|2.A.78.2.3	36.8	231	117	3	13	214	14	244	6.7e-34	140.6
BCW-200596_00168	gnl|TC-DB|P24183|5.A.3.2.1	81.0	195	37	0	1	195	1	195	2.3e-94	341.3
BCW-200596_00169	gnl|TC-DB|P24183|5.A.3.2.1	77.5	803	180	1	1	803	213	1014	0.0e+00	1349.0
BCW-200596_00170	gnl|TC-DB|P0AAJ3|5.A.3.2.1	77.9	294	64	1	1	293	1	294	1.2e-145	512.3
BCW-200596_00171	gnl|TC-DB|P0AEK7|5.A.3.2.1	48.6	210	106	1	1	208	1	210	9.2e-57	216.5
BCW-200596_00176	gnl|TC-DB|P0A8K8|9.B.126.2.1	91.1	259	23	0	1	259	32	290	1.1e-117	419.1
BCW-200596_00181	gnl|TC-DB|Q9KN48|3.A.23.1.1	39.1	340	188	5	140	467	193	525	1.1e-52	204.1
BCW-200596_00196	gnl|TC-DB|P0AAP1|9.B.34.1.2	28.8	236	153	7	138	368	144	369	7.3e-17	84.7
BCW-200596_00211	gnl|TC-DB|Q47539|3.A.1.17.1	79.6	275	56	0	1	275	1	275	3.0e-116	414.5
BCW-200596_00212	gnl|TC-DB|Q47538|3.A.1.17.1	87.5	255	32	0	1	255	1	255	1.7e-126	448.4
BCW-200596_00213	gnl|TC-DB|Q47537|3.A.1.17.1	89.4	320	34	0	1	320	1	320	3.0e-160	560.8
BCW-200596_00231	gnl|TC-DB|Q07711|3.A.7.7.1	24.0	579	382	17	82	622	79	637	1.5e-28	124.8
BCW-200596_00247	gnl|TC-DB|D4ZZR3|9.B.34.1.3	28.5	179	107	3	229	394	225	395	1.1e-15	81.6
BCW-200596_00253	gnl|TC-DB|P0AAH8|3.A.1.5.42	93.7	268	17	0	1	268	1	268	2.2e-140	494.6
BCW-200596_00254	gnl|TC-DB|P36636|3.A.1.5.5	93.3	330	22	0	1	330	1	330	8.1e-185	642.5
BCW-200596_00255	gnl|TC-DB|P0AGH5|3.A.1.5.42	88.9	296	33	0	1	296	1	296	1.5e-150	528.5
BCW-200596_00256	gnl|TC-DB|P0A2J3|3.A.1.5.5	89.1	321	35	0	1	321	1	321	8.5e-163	569.3
BCW-200596_00257	gnl|TC-DB|P36634|3.A.1.5.5	89.1	549	57	2	1	546	1	549	1.7e-288	987.6
BCW-200596_00258	gnl|TC-DB|Q9KN48|3.A.23.1.1	36.0	322	186	4	8	310	193	513	6.2e-44	174.5
BCW-200596_00259	gnl|TC-DB|E8XKQ3|9.B.100.1.1	89.2	222	24	0	1	222	1	222	7.8e-99	356.3
BCW-200596_00265	gnl|TC-DB|P76042|3.A.1.1.46	73.1	424	114	0	6	429	6	429	1.7e-182	635.2
BCW-200596_00266	gnl|TC-DB|P0AFR7|3.A.1.1.46	87.7	293	36	0	1	293	1	293	8.1e-144	506.1
BCW-200596_00267	gnl|TC-DB|P77716|3.A.1.1.46	92.5	280	21	0	1	280	1	280	5.5e-142	500.0
BCW-200596_00273	gnl|TC-DB|P77481|3.A.1.1.46	81.9	360	65	0	1	360	1	360	5.4e-166	580.1
BCW-200596_00274	gnl|TC-DB|P76045|1.B.21.1.1	67.8	304	95	3	1	304	1	301	1.2e-126	449.1
BCW-200596_00278	gnl|TC-DB|Q9KN48|3.A.23.1.1	42.7	225	122	1	206	423	193	417	5.4e-42	168.7
BCW-200596_00282	gnl|TC-DB|P77348|3.A.1.5.1	86.8	538	70	1	1	538	1	537	3.0e-285	976.9
BCW-200596_00283	gnl|TC-DB|D4ZZR3|9.B.34.1.3	40.1	167	94	3	247	407	227	393	2.1e-28	123.2
BCW-200596_00284	gnl|TC-DB|P76330|9.B.34.1.4	31.8	217	140	4	203	415	344	556	4.4e-18	89.7
BCW-200596_00285	gnl|TC-DB|M3JA40|1.B.52.2.1	28.7	174	110	2	198	357	287	460	3.5e-14	75.9
BCW-200596_00286	gnl|TC-DB|Q9EYX5|1.A.35.4.1	85.9	327	46	0	1	327	1	327	1.9e-165	578.2
BCW-200596_00287	gnl|TC-DB|P38919|3.A.18.1.1	33.3	354	231	4	22	373	57	407	1.3e-55	213.8
BCW-200596_00289	gnl|TC-DB|P76330|9.B.34.1.4	31.0	155	103	2	164	314	398	552	6.1e-12	68.2
BCW-200596_00297	gnl|TC-DB|P0ABK2|3.D.4.3.2	29.4	364	214	10	5	329	7	366	2.8e-31	132.5
BCW-200596_00301	gnl|TC-DB|P76108|3.A.1.11.9	90.6	381	36	0	1	381	1	381	2.8e-213	737.3
BCW-200596_00302	gnl|TC-DB|P77795|3.A.1.11.9	81.3	337	63	0	1	337	1	337	6.6e-158	553.1
BCW-200596_00303	gnl|TC-DB|P77156|3.A.1.11.9	89.5	304	32	0	11	314	10	313	3.9e-152	533.9
BCW-200596_00304	gnl|TC-DB|P0AFR9|3.A.1.11.9	89.3	262	28	0	1	262	1	262	2.2e-132	468.0
BCW-200596_00310	gnl|TC-DB|M3JA40|1.B.52.2.1	38.4	172	92	2	354	511	287	458	4.1e-16	82.8
BCW-200596_00320	gnl|TC-DB|P33950|3.A.1.5.27	48.4	535	261	2	5	525	4	537	6.6e-144	507.3
BCW-200596_00322	gnl|TC-DB|P76111|2.A.7.21.2	84.6	149	23	0	1	149	1	149	1.8e-62	235.0
BCW-200596_00328	gnl|TC-DB|P76115|1.B.14.9.5	76.7	704	160	2	25	728	1	700	0.0e+00	1132.1
BCW-200596_00330	gnl|TC-DB|P40812|2.A.3.1.8	90.3	487	47	0	1	487	1	487	1.5e-254	874.8
BCW-200596_00339	gnl|TC-DB|Q9F3K5|3.A.1.3.24	27.9	244	151	7	78	304	82	317	1.0e-16	84.0
BCW-200596_00341	gnl|TC-DB|Q9F3K6|3.A.1.3.24	40.2	276	158	3	5	280	21	289	5.3e-45	177.9
BCW-200596_00342	gnl|TC-DB|Q9F3K7|3.A.1.3.24	58.2	249	104	0	9	257	5	253	5.0e-81	297.4
BCW-200596_00351	gnl|TC-DB|P77757|4.D.2.1.8	81.9	326	55	1	1	326	1	322	3.6e-153	537.3
BCW-200596_00354	gnl|TC-DB|G8LJX5|9.B.142.2.2	63.1	550	200	3	1	549	1	548	6.7e-208	719.9
BCW-200596_00355	gnl|TC-DB|P81891|2.A.7.22.2	58.3	108	41	1	4	107	4	111	1.1e-26	115.5
BCW-200596_00356	gnl|TC-DB|P76474|2.A.7.22.1	43.2	125	71	0	2	126	1	125	2.1e-19	91.7
BCW-200596_00358	gnl|TC-DB|Q8TZQ3|3.A.1.1.16	52.1	213	100	1	5	215	4	216	2.4e-58	221.9
BCW-200596_00359	gnl|TC-DB|A3N294|3.A.1.20.3	29.4	343	193	14	13	316	6	338	2.3e-22	102.8
BCW-200596_00360	gnl|TC-DB|Q9KLQ6|3.A.1.20.2	25.0	541	392	8	5	539	147	679	4.9e-25	112.5
BCW-200596_00363	gnl|TC-DB|P37594|2.A.1.3.14	77.7	494	110	0	1	494	1	494	3.9e-191	664.1
BCW-200596_00368	gnl|TC-DB|P07238|1.B.1.1.5	69.8	364	103	4	1	359	4	365	1.6e-141	498.8
BCW-200596_00369	gnl|TC-DB|V2FAS1|2.A.7.17.1	72.0	293	82	0	1	293	1	293	3.3e-121	431.0
BCW-200596_00370	gnl|TC-DB|P24183|5.A.3.2.1	94.4	195	11	0	1	195	1	195	1.5e-106	381.7
BCW-200596_00371	gnl|TC-DB|P24183|5.A.3.2.1	90.5	803	76	0	1	803	213	1015	0.0e+00	1538.1
BCW-200596_00372	gnl|TC-DB|P0AAJ3|5.A.3.2.1	89.5	294	31	0	1	294	1	294	1.2e-166	582.0
BCW-200596_00373	gnl|TC-DB|P0AEK7|5.A.3.2.1	86.6	217	29	0	1	217	1	217	1.6e-109	391.7
BCW-200596_00375	gnl|TC-DB|P23910|2.A.1.2.14	72.9	388	103	1	1	388	1	386	1.7e-149	525.4
BCW-200596_00377	gnl|TC-DB|P39115|3.A.1.121.3	29.8	506	293	13	1	479	1	471	2.7e-50	196.4
BCW-200596_00389	gnl|TC-DB|A8GHT9|2.A.1.36.2	46.0	402	212	5	3	401	10	409	8.9e-77	283.9
BCW-200596_00398	gnl|TC-DB|917745143|1.C.75.1.2	33.7	3160	1407	42	1	2531	1	3100	2.4e-311	1065.8
BCW-200596_00399	gnl|TC-DB|Q9JY22|1.B.20.1.5	36.2	556	328	9	28	558	27	580	6.3e-97	351.3
BCW-200596_00410	gnl|TC-DB|P08470|4.A.1.2.1	93.2	456	31	0	1	456	1	456	3.6e-239	823.5
BCW-200596_00411	gnl|TC-DB|P22340|1.B.3.1.2	73.5	505	134	0	1	505	1	505	2.5e-209	724.5
BCW-200596_00417	gnl|TC-DB|B2N0W4|1.A.46.2.6	81.6	304	56	0	1	304	18	321	4.3e-140	493.8
BCW-200596_00421	gnl|TC-DB|Q1J0W6|9.B.34.1.1	29.5	278	157	8	101	348	77	345	5.0e-15	78.6
BCW-200596_00422	gnl|TC-DB|P76330|9.B.34.1.4	35.8	179	105	5	292	464	386	560	4.9e-21	99.0
BCW-200596_00425	gnl|TC-DB|M3JA40|1.B.52.2.1	40.0	115	62	2	398	512	287	394	9.7e-13	71.6
BCW-200596_00431	gnl|TC-DB|P31122|2.A.1.2.15	88.1	394	47	0	1	394	1	394	8.0e-187	649.4
BCW-200596_00432	gnl|TC-DB|P0AEY1|2.A.95.1.1	89.1	221	24	0	1	221	1	221	1.2e-102	369.0
BCW-200596_00436	gnl|TC-DB|P31125|2.A.7.3.2	83.5	297	49	0	1	297	1	297	4.5e-134	473.8
BCW-200596_00437	gnl|TC-DB|P31126|2.A.1.2.55	68.7	390	121	1	1	390	1	389	3.0e-149	524.6
BCW-200596_00438	gnl|TC-DB|O05703|3.A.1.15.3	54.4	182	83	0	32	213	320	501	1.5e-51	199.1
BCW-200596_00439	gnl|TC-DB|Q9L3S2|3.A.1.4.4	49.3	215	107	2	14	227	4	217	1.8e-50	195.7
BCW-200596_00440	gnl|TC-DB|Q8NRV8|3.A.1.4.5	41.7	240	136	3	25	264	3	238	9.5e-43	170.2
BCW-200596_00441	gnl|TC-DB|Q9L3S4|3.A.1.4.4	42.8	311	175	2	45	353	30	339	1.9e-62	236.1
BCW-200596_00442	gnl|TC-DB|Q8NRW0|3.A.1.4.5	42.9	294	162	2	228	521	4	291	4.9e-59	225.3
BCW-200596_00443	gnl|TC-DB|Q8NRW1|3.A.1.4.5	47.5	377	182	7	27	403	49	409	6.5e-94	340.9
BCW-200596_00450	gnl|TC-DB|P76103|2.A.46.1.9	70.4	375	111	0	9	383	9	383	3.3e-145	511.1
BCW-200596_00454	gnl|TC-DB|P33950|3.A.1.5.27	52.1	516	246	1	14	529	30	544	1.3e-160	562.8
BCW-200596_00457	gnl|TC-DB|P25396|2.A.16.1.1	81.8	329	60	0	6	334	2	330	1.7e-153	538.5
BCW-200596_00461	gnl|TC-DB|P09551|3.A.1.3.1	45.3	245	134	0	5	249	9	253	6.3e-60	227.3
BCW-200596_00463	gnl|TC-DB|Q56111|1.B.1.1.22	76.6	384	83	3	1	378	1	383	1.6e-168	588.6
BCW-200596_00474	gnl|TC-DB|P0C0L7|2.A.1.6.4	41.1	428	240	5	23	440	22	447	1.1e-91	333.6
BCW-200596_00482	gnl|TC-DB|P27303|8.A.1.1.1	32.3	316	192	6	47	355	47	347	5.3e-28	121.7
BCW-200596_00483	gnl|TC-DB|Q6V6X7|2.A.6.2.18	33.9	460	294	4	10	459	10	469	3.3e-59	225.7
BCW-200596_00488	gnl|TC-DB|P22610|3.A.15.2.1	40.9	137	77	2	8	144	137	269	3.9e-20	94.4
BCW-200596_00510	gnl|TC-DB|P0AGA2|3.A.5.1.1	98.6	443	6	0	1	443	1	443	3.0e-243	837.0
BCW-200596_00519	gnl|TC-DB|P0A742|1.A.22.1.1	94.9	136	6	1	1	136	1	135	4.6e-65	243.4
BCW-200596_00520	gnl|TC-DB|P0AGI8|2.A.38.1.1	96.9	458	14	0	1	458	1	458	2.6e-250	860.5
BCW-200596_00524	gnl|TC-DB|Q8VRK4|3.A.11.1.3	36.8	280	153	6	87	362	70	329	3.0e-34	142.5
BCW-200596_00531	gnl|TC-DB|P0AG96|3.A.5.1.1	96.1	127	5	0	1	127	1	127	1.7e-58	221.5
BCW-200596_00534	gnl|TC-DB|Q9ZK21|1.C.82.1.1	51.1	223	109	0	3	225	4	226	4.1e-58	221.1
BCW-200596_00539	gnl|TC-DB|U5MLJ3|4.A.3.2.9	86.4	103	14	0	1	103	1	103	2.2e-43	171.0
BCW-200596_00540	gnl|TC-DB|U5MIE1|4.A.3.2.9	62.4	101	38	0	1	101	1	101	5.3e-26	113.2
BCW-200596_00545	gnl|TC-DB|Q8ID54|3.A.25.2.1	36.6	213	125	4	8	213	89	298	2.0e-26	115.9
BCW-200596_00565	gnl|TC-DB|P0AE42|9.B.12.2.1	88.5	52	6	0	1	52	1	52	1.3e-23	104.4
BCW-200596_00568	gnl|TC-DB|A8ANM6|2.A.104.1.1	87.9	149	18	0	1	149	1	149	2.5e-72	267.7
BCW-200596_00575	gnl|TC-DB|P14175|3.A.1.12.1	92.2	400	31	0	1	400	1	400	9.8e-209	722.2
BCW-200596_00576	gnl|TC-DB|P14176|3.A.1.12.1	80.3	355	69	1	1	355	1	354	5.9e-149	523.5
BCW-200596_00577	gnl|TC-DB|P0AFM2|3.A.1.12.1	83.1	331	55	1	1	331	1	330	1.0e-166	582.4
BCW-200596_00578	gnl|TC-DB|P76628|2.A.1.36.3	86.8	394	52	0	1	394	1	394	3.9e-178	620.5
BCW-200596_00580	gnl|TC-DB|P27303|8.A.1.1.1	84.9	390	59	0	1	390	1	390	2.2e-173	604.7
BCW-200596_00581	gnl|TC-DB|P0AEJ0|2.A.1.3.2	91.3	515	42	1	1	515	1	512	2.6e-270	927.2
BCW-200596_00586	gnl|TC-DB|E1P8P0|9.B.27.3.1	88.7	142	16	0	1	142	1	142	1.3e-67	251.9
BCW-200596_00598	gnl|TC-DB|Q5FA63|3.A.1.15.10	40.5	306	157	4	8	292	6	307	2.9e-53	205.3
BCW-200596_00599	gnl|TC-DB|A1IQK4|3.A.1.15.10	53.8	277	125	2	3	278	4	278	1.3e-69	259.6
BCW-200596_00600	gnl|TC-DB|A1IQK5|3.A.1.15.10	41.1	202	118	1	2	202	13	214	1.7e-37	152.5
BCW-200596_00603	gnl|TC-DB|Q9KN48|3.A.23.1.1	42.7	274	148	3	212	481	193	461	6.5e-51	198.4
BCW-200596_00606	gnl|TC-DB|P23516|2.A.52.1.1	51.8	334	159	2	6	337	15	348	2.3e-94	342.0
BCW-200596_00608	gnl|TC-DB|P18776|5.A.3.3.2	35.6	163	65	5	8	152	10	150	7.0e-21	97.1
BCW-200596_00610	gnl|TC-DB|P24241|4.A.1.2.3	89.0	481	52	1	1	480	1	481	2.9e-231	797.3
BCW-200596_00611	gnl|TC-DB|Q86Z14|8.A.49.1.2	24.8	491	289	18	4	474	81	511	2.0e-35	146.7
BCW-200596_00614	gnl|TC-DB|P16433|3.D.1.9.2	92.5	255	19	0	1	255	1	255	4.0e-139	490.3
BCW-200596_00615	gnl|TC-DB|P16432|3.D.1.9.2	92.7	179	13	0	1	179	1	179	2.4e-82	301.2
BCW-200596_00616	gnl|TC-DB|P16431|3.D.1.9.2	93.3	569	38	0	1	569	1	569	0.0e+00	1112.1
BCW-200596_00617	gnl|TC-DB|P16430|3.D.1.9.2	85.0	307	46	0	1	307	1	307	7.9e-142	499.6
BCW-200596_00618	gnl|TC-DB|P16429|3.D.1.9.2	74.3	608	156	0	1	608	1	608	1.6e-258	888.3
BCW-200596_00619	gnl|TC-DB|P0AAK3|3.D.1.9.2	88.5	200	23	0	1	200	1	200	4.3e-96	347.1
BCW-200596_00626	gnl|TC-DB|Q9KN48|3.A.23.1.1	41.4	278	160	2	330	606	143	418	2.1e-49	193.7
BCW-200596_00628	gnl|TC-DB|A8GDS7|3.A.1.14.16	34.6	283	179	3	68	345	50	331	1.7e-36	149.8
BCW-200596_00629	gnl|TC-DB|P07821|3.A.1.14.3	38.9	226	133	2	7	227	16	241	4.7e-39	157.9
BCW-200596_00635	gnl|TC-DB|B7LEG0|1.A.34.1.2	69.8	381	106	3	1	374	1	379	1.1e-132	469.5
BCW-200596_00653	gnl|TC-DB|P20166|4.A.1.1.9	47.3	524	247	11	12	518	4	515	2.7e-118	422.2
BCW-200596_00660	gnl|TC-DB|Q93N33|2.A.21.9.2	28.9	277	174	7	265	526	752	1020	1.0e-19	95.5
BCW-200596_00664	gnl|TC-DB|C4ZZU4|2.A.1.14.40	94.0	450	27	0	1	450	1	450	4.9e-249	856.3
BCW-200596_00671	gnl|TC-DB|P0AAD6|2.A.42.2.1	92.3	429	33	0	1	429	1	429	6.1e-217	749.6
BCW-200596_00687	gnl|TC-DB|Q6MDD6|3.A.7.16.1	28.1	558	318	13	41	590	219	701	6.5e-39	158.7
BCW-200596_00697	gnl|TC-DB|Q9HY55|4.A.2.1.17	37.5	566	338	7	170	733	402	953	2.8e-84	309.7
BCW-200596_00701	gnl|TC-DB|P0A9T4|8.A.5.1.5	91.6	346	29	0	1	346	1	346	3.5e-186	647.1
BCW-200596_00702	gnl|TC-DB|P39196|2.A.1.42.1	85.4	396	58	0	1	396	1	396	5.0e-189	656.8
BCW-200596_00703	gnl|TC-DB|P31119|4.C.1.1.16	85.8	718	102	0	1	718	1	718	0.0e+00	1263.4
BCW-200596_00708	gnl|TC-DB|U5MFA1|4.A.3.2.9	91.9	443	36	0	1	443	1	443	3.6e-228	786.9
BCW-200596_00714	gnl|TC-DB|Q93KC0|3.A.1.1.11	91.9	296	24	0	1	296	1	296	6.2e-152	533.1
BCW-200596_00715	gnl|TC-DB|Q93KB9|3.A.1.1.11	89.7	300	31	0	1	300	1	300	2.7e-155	544.3
BCW-200596_00716	gnl|TC-DB|Q93KB8|3.A.1.1.11	81.1	375	71	0	1	375	1	375	9.9e-179	622.5
BCW-200596_00717	gnl|TC-DB|Q93KB7|3.A.1.1.11	76.9	429	98	1	1	428	1	429	8.3e-198	686.0
BCW-200596_00719	gnl|TC-DB|P0AE24|2.A.1.1.2	92.0	461	37	0	2	462	12	472	3.8e-241	830.1
BCW-200596_00723	gnl|TC-DB|D6DXH3|1.B.35.1.5	87.3	228	28	1	1	228	1	227	5.5e-116	413.3
BCW-200596_00727	gnl|TC-DB|Q8XG43|2.A.117.1.3	81.8	148	26	1	1	147	10	157	6.2e-63	236.5
BCW-200596_00728	gnl|TC-DB|P63340|2.A.42.2.5	78.6	407	87	0	1	407	1	407	5.0e-168	587.0
BCW-200596_00730	gnl|TC-DB|Q9RFR9|9.B.83.1.1	28.0	553	349	12	8	532	7	538	7.2e-56	214.9
BCW-200596_00733	gnl|TC-DB|O51841|1.B.6.1.12	39.4	363	182	8	1	345	1	343	4.5e-53	204.9
BCW-200596_00744	gnl|TC-DB|B7LEG0|1.A.34.1.2	43.1	262	93	3	35	240	116	377	8.9e-51	196.8
BCW-200596_00755	gnl|TC-DB|P67153|1.C.113.1.10	86.6	217	29	0	1	217	2	218	3.8e-106	380.6
BCW-200596_00758	gnl|TC-DB|Q86Z14|8.A.49.1.2	25.8	481	299	15	5	477	80	510	8.2e-37	151.4
BCW-200596_00774	gnl|TC-DB|P11667|2.A.75.1.2	88.2	211	25	0	1	211	1	211	2.8e-106	380.9
BCW-200596_00775	gnl|TC-DB|P0C0S1|1.A.23.2.1	86.9	282	37	0	1	282	1	282	1.5e-118	422.2
BCW-200596_00784	gnl|TC-DB|P0AEP1|2.A.1.1.1	94.2	465	26	1	1	465	1	464	1.1e-248	855.1
BCW-200596_00793	gnl|TC-DB|P24559|3.A.15.2.1	46.8	327	171	1	1	324	1	327	5.2e-75	277.7
BCW-200596_00795	gnl|TC-DB|P64564|9.A.4.1.2	84.0	188	30	0	1	188	1	188	7.9e-84	306.2
BCW-200596_00806	gnl|TC-DB|P0AFF4|2.A.1.10.1	86.1	418	58	0	1	418	1	418	3.5e-209	723.8
BCW-200596_00814	gnl|TC-DB|Q8VS41|2.A.24.2.5	81.9	453	81	1	1	452	1	453	4.1e-211	730.3
BCW-200596_00818	gnl|TC-DB|Q46831|9.B.120.1.1	78.5	237	49	1	1	237	1	235	2.1e-94	341.7
BCW-200596_00821	gnl|TC-DB|E0LV84|2.A.85.1.4	26.3	566	397	7	32	580	7	569	2.2e-51	200.3
BCW-200596_00823	gnl|TC-DB|P46482|8.A.1.7.1	37.5	288	174	3	1	285	1	285	8.1e-48	187.2
BCW-200596_00830	gnl|TC-DB|B0T2Y9|5.A.1.5.2	42.6	411	228	1	4	406	326	736	3.1e-85	312.0
BCW-200596_00836	gnl|TC-DB|E3GUW2|3.A.1.14.11	60.6	335	132	0	13	347	11	345	1.1e-118	422.9
BCW-200596_00837	gnl|TC-DB|P0C0S1|1.A.23.2.1	43.4	267	151	0	15	281	16	282	3.6e-59	224.9
BCW-200596_00838	gnl|TC-DB|B1LE48|2.A.86.2.1	40.8	348	205	1	1	348	1	347	6.6e-71	264.2
BCW-200596_00844	gnl|TC-DB|P0AAP1|9.B.34.1.2	29.8	181	110	6	146	315	197	371	2.0e-18	89.7
BCW-200596_00851	gnl|TC-DB|P63144|8.A.5.1.3	35.0	317	192	7	8	318	66	374	1.6e-45	179.9
BCW-200596_00857	gnl|TC-DB|P0ABV2|1.A.30.2.1	76.6	141	33	0	1	141	1	141	8.0e-57	216.1
BCW-200596_00858	gnl|TC-DB|P0ABU7|1.A.30.2.1	85.7	244	34	1	1	243	1	244	1.0e-104	375.9
BCW-200596_00860	gnl|TC-DB|P0AA60|9.B.27.2.1	86.3	219	30	0	1	219	1	219	2.4e-108	387.9
BCW-200596_00863	gnl|TC-DB|P80874|8.A.5.1.4	27.5	258	134	10	17	223	15	270	4.6e-16	81.6
BCW-200596_00865	gnl|TC-DB|P36649|1.B.76.1.8	31.2	513	289	10	5	459	3	509	1.9e-62	236.5
BCW-200596_00874	gnl|TC-DB|P96517|2.A.1.5.4	35.9	423	265	3	3	419	2	424	6.7e-67	251.1
BCW-200596_00882	gnl|TC-DB|P02930|1.B.17.1.1	84.6	494	75	1	1	494	1	493	3.4e-219	757.3
BCW-200596_00886	gnl|TC-DB|P0A8H3|2.A.5.5.1	90.3	257	25	0	1	257	1	257	2.1e-111	398.3
BCW-200596_00896	gnl|TC-DB|P60782|9.B.31.1.1	92.5	200	15	0	1	200	1	200	6.7e-105	376.3
BCW-200596_00926	gnl|TC-DB|P76142|3.A.1.2.8	83.3	329	55	0	5	333	12	340	8.5e-158	552.7
BCW-200596_00927	gnl|TC-DB|P0AFS1|3.A.1.2.8	69.5	325	99	0	1	325	3	327	1.7e-118	422.2
BCW-200596_00928	gnl|TC-DB|P77672|3.A.1.2.8	64.9	339	119	0	1	339	2	340	6.6e-113	403.7
BCW-200596_00929	gnl|TC-DB|P77257|3.A.1.2.8	61.2	492	188	2	4	492	11	502	2.6e-166	581.6
BCW-200596_00936	gnl|TC-DB|P42601|2.A.109.1.7	88.4	319	37	0	1	319	1	319	1.7e-158	555.1
BCW-200596_00937	gnl|TC-DB|P0AGE4|2.A.23.4.1	84.9	411	62	0	2	412	3	413	6.4e-187	649.8
BCW-200596_00940	gnl|TC-DB|P0AA78|2.A.1.14.2	88.6	431	49	0	1	431	41	471	1.2e-217	751.9
BCW-200596_00942	gnl|TC-DB|P0AA63|9.B.27.2.2	92.2	219	17	0	1	219	1	219	2.3e-111	397.9
BCW-200596_00946	gnl|TC-DB|P64585|1.E.34.2.1	80.8	130	25	0	1	130	1	130	2.1e-51	198.0
BCW-200596_00950	gnl|TC-DB|P64591|9.B.124.1.2	78.8	118	25	0	1	118	1	118	9.0e-57	215.7
BCW-200596_00956	gnl|TC-DB|P0AAD8|2.A.42.2.2	89.4	443	47	0	1	443	1	443	5.9e-223	769.6
BCW-200596_00962	gnl|TC-DB|Q8FDB7|2.A.1.14.14	93.5	444	29	0	1	444	1	444	1.2e-239	825.1
BCW-200596_00979	gnl|TC-DB|P0AAD2|2.A.42.1.2	93.2	414	28	0	1	414	1	414	2.4e-218	754.2
BCW-200596_00980	gnl|TC-DB|P38919|3.A.18.1.1	36.3	386	236	3	3	379	27	411	2.1e-64	243.4
BCW-200596_00993	gnl|TC-DB|P0AG99|3.A.5.1.1	82.6	109	19	0	1	109	1	109	6.9e-40	159.5
BCW-200596_00996	gnl|TC-DB|P25694|3.A.16.1.2	42.9	252	143	1	140	390	472	723	4.3e-57	219.2
BCW-200596_01004	gnl|TC-DB|E1ILD8|2.A.7.3.18	89.7	321	33	0	1	321	1	321	9.4e-162	565.8
BCW-200596_01011	gnl|TC-DB|P64602|3.A.1.27.3	60.8	97	38	0	1	97	1	97	3.2e-28	120.6
BCW-200596_01012	gnl|TC-DB|P0ADV7|3.A.1.27.3	89.1	211	23	0	1	211	1	211	3.4e-104	374.0
BCW-200596_01013	gnl|TC-DB|P64604|3.A.1.27.3	79.1	182	37	1	1	181	1	182	4.9e-78	287.0
BCW-200596_01014	gnl|TC-DB|P64606|3.A.1.27.3	94.6	260	14	0	1	260	1	260	2.8e-132	467.6
BCW-200596_01015	gnl|TC-DB|P63386|3.A.1.27.3	88.7	266	30	0	1	266	1	266	1.1e-131	465.7
BCW-200596_01016	gnl|TC-DB|P45394|2.A.19.5.1	80.2	323	64	0	1	323	1	323	7.8e-140	493.0
BCW-200596_01019	gnl|TC-DB|P0ADW0|1.B.42.1.2	82.2	191	34	0	1	191	1	191	6.3e-89	323.2
BCW-200596_01020	gnl|TC-DB|P0ADV1|1.B.42.1.2	85.9	185	25	1	1	184	1	185	5.3e-85	310.1
BCW-200596_01021	gnl|TC-DB|P0A9V1|1.B.42.1.2	96.7	241	8	0	1	241	1	241	1.1e-130	462.2
BCW-200596_01024	gnl|TC-DB|P71012|4.A.2.1.4	27.5	149	106	2	8	155	1	148	9.1e-12	66.6
BCW-200596_01026	gnl|TC-DB|H1XXZ0|8.A.8.1.5	38.6	88	53	1	3	90	2	88	8.6e-12	65.9
BCW-200596_01030	gnl|TC-DB|P0ADC6|1.B.42.1.2	95.0	360	18	0	1	360	1	360	1.4e-190	661.8
BCW-200596_01031	gnl|TC-DB|P0AF98|1.B.42.1.2	86.1	366	51	0	1	366	1	366	1.5e-171	598.6
BCW-200596_01044	gnl|TC-DB|P41036|2.A.1.12.1	89.2	490	53	0	1	490	1	490	2.2e-258	887.5
BCW-200596_01048	gnl|TC-DB|P0ACA3|1.A.12.3.1	95.7	211	9	0	1	211	1	211	1.4e-116	415.2
BCW-200596_01062	gnl|TC-DB|P46481|2.A.85.1.2	83.1	655	111	0	1	655	1	655	0.0e+00	1091.6
BCW-200596_01063	gnl|TC-DB|P46482|8.A.1.7.1	86.1	310	43	0	1	310	1	310	1.6e-150	528.5
BCW-200596_01064	gnl|TC-DB|D7XN98|8.A.48.1.2	92.5	67	5	0	1	67	24	90	1.4e-30	127.9
BCW-200596_01070	gnl|TC-DB|P0ABH4|9.B.157.1.3	92.6	162	12	0	1	162	1	162	1.1e-81	298.9
BCW-200596_01071	gnl|TC-DB|P16926|9.B.157.1.3	94.1	320	17	1	1	320	1	318	1.5e-165	578.6
BCW-200596_01072	gnl|TC-DB|P0A9X4|9.B.157.1.3	100.0	347	0	0	1	347	1	347	1.7e-193	671.4
BCW-200596_01076	gnl|TC-DB|Q8XB73|5.B.7.1.1	81.5	195	36	0	1	195	1	195	3.6e-87	317.4
BCW-200596_01081	gnl|TC-DB|P16256|2.A.21.1.1	79.5	483	99	0	1	483	1	483	6.5e-215	743.0
BCW-200596_01089	gnl|TC-DB|P0AE06|8.A.1.6.1	67.6	367	111	2	7	369	13	375	4.0e-135	477.6
BCW-200596_01090	gnl|TC-DB|P24181|2.A.6.2.1	83.1	1032	173	1	1	1031	1	1032	0.0e+00	1648.6
BCW-200596_01092	gnl|TC-DB|P45766|3.A.1.3.26	93.3	341	23	0	1	341	1	341	9.9e-186	645.6
BCW-200596_01093	gnl|TC-DB|P45767|3.A.1.3.26	83.0	393	67	0	1	393	1	393	5.7e-185	643.3
BCW-200596_01094	gnl|TC-DB|P45768|3.A.1.3.26	89.9	367	37	0	1	367	1	367	1.5e-192	668.3
BCW-200596_01095	gnl|TC-DB|P45769|3.A.1.3.26	92.1	252	20	0	1	252	1	252	1.3e-134	475.3
BCW-200596_01103	gnl|TC-DB|Q0WCZ9|1.B.6.2.2	39.5	172	75	5	25	187	31	182	1.9e-21	99.0
BCW-200596_01108	gnl|TC-DB|P0ABK2|3.D.4.3.2	27.6	362	219	9	8	330	10	367	1.0e-33	140.6
BCW-200596_01117	gnl|TC-DB|Q9I2M0|3.A.1.109.4	40.2	361	210	4	35	393	37	393	4.1e-66	248.4
BCW-200596_01118	gnl|TC-DB|Q9I2M1|3.A.1.109.4	37.7	681	420	3	40	720	42	718	3.8e-126	448.7
BCW-200596_01132	gnl|TC-DB|P0A937|1.B.33.1.3	95.5	111	5	0	1	111	1	111	2.2e-57	217.6
BCW-200596_01136	gnl|TC-DB|P37908|9.A.40.2.4	88.5	407	47	0	7	413	22	428	7.0e-202	699.5
BCW-200596_01137	gnl|TC-DB|P64432|9.B.14.3.6	87.5	263	33	0	26	288	1	263	1.4e-127	452.2
BCW-200596_01138	gnl|TC-DB|P0AGD7|3.A.5.1.1	93.4	453	30	0	1	453	1	453	1.7e-233	804.7
BCW-200596_01145	gnl|TC-DB|P07021|1.B.6.1.21	75.2	161	39	1	1	161	1	160	1.4e-65	245.4
BCW-200596_01154	gnl|TC-DB|P0AC02|1.B.33.1.3	95.1	245	12	0	1	245	1	245	1.2e-132	468.8
BCW-200596_01157	gnl|TC-DB|Q9FI56|3.A.9.1.2	45.6	873	394	14	4	856	96	907	5.7e-206	714.1
BCW-200596_01159	gnl|TC-DB|P31474|2.A.1.3.51	84.0	475	76	0	1	475	1	475	3.9e-212	733.8
BCW-200596_01162	gnl|TC-DB|P02925|3.A.1.2.1	95.6	296	13	0	1	296	1	296	2.4e-151	531.2
BCW-200596_01163	gnl|TC-DB|P0AGI1|3.A.1.2.1	96.3	321	12	0	1	321	1	321	2.6e-151	531.2
BCW-200596_01164	gnl|TC-DB|P04983|3.A.1.2.1	95.8	501	21	0	1	501	1	501	2.2e-274	940.6
BCW-200596_01166	gnl|TC-DB|P63183|2.A.72.1.1	92.6	622	46	0	1	622	1	622	0.0e+00	1139.4
BCW-200596_01174	gnl|TC-DB|C4X3L3|1.A.77.3.8	90.5	126	12	0	1	126	25	150	1.8e-55	211.5
BCW-200596_01175	gnl|TC-DB|P0AB98|3.A.2.1.1	94.8	271	14	0	1	271	1	271	5.2e-145	510.0
BCW-200596_01176	gnl|TC-DB|P68699|3.A.2.1.1	100.0	79	0	0	1	79	1	79	2.8e-35	143.7
BCW-200596_01177	gnl|TC-DB|P0ABA0|3.A.2.1.1	93.6	156	10	0	1	156	1	156	3.0e-52	201.1
BCW-200596_01178	gnl|TC-DB|P0ABA4|3.A.2.1.1	89.8	177	18	0	1	177	1	177	6.9e-82	299.7
BCW-200596_01179	gnl|TC-DB|P0ABB0|3.A.2.1.1	95.3	513	24	0	1	513	1	513	3.0e-279	956.8
BCW-200596_01180	gnl|TC-DB|P0ABA6|3.A.2.1.1	92.3	287	22	0	1	287	1	287	3.1e-148	520.8
BCW-200596_01181	gnl|TC-DB|P0ABB4|3.A.2.1.1	97.8	460	10	0	1	460	1	460	1.5e-258	887.9
BCW-200596_01182	gnl|TC-DB|P0A6E6|3.A.2.1.1	95.7	139	6	0	1	139	1	139	5.3e-69	256.5
BCW-200596_01186	gnl|TC-DB|P0AG82|3.A.1.7.1	93.9	346	21	0	1	346	1	346	1.7e-188	654.8
BCW-200596_01187	gnl|TC-DB|P0AGH8|3.A.1.7.1	95.3	319	15	0	1	319	1	319	8.2e-166	579.3
BCW-200596_01188	gnl|TC-DB|P07654|3.A.1.7.1	94.6	296	16	0	1	296	1	296	6.2e-152	533.1
BCW-200596_01189	gnl|TC-DB|P0AAH0|3.A.1.7.1	97.7	257	6	0	1	257	1	257	8.9e-147	515.8
BCW-200596_01192	gnl|TC-DB|P31466|2.A.40.7.6	93.9	445	27	0	1	445	1	445	1.8e-227	784.6
BCW-200596_01196	gnl|TC-DB|P31462|2.A.1.2.22	72.5	367	96	2	1	363	21	386	1.2e-139	492.7
BCW-200596_01198	gnl|TC-DB|P25714|2.A.9.3.1	90.9	548	50	0	1	548	1	548	2.6e-281	963.8
BCW-200596_01209	gnl|TC-DB|P0AA76|2.A.1.14.7	92.3	430	33	0	1	430	1	430	1.5e-234	808.1
BCW-200596_01215	gnl|TC-DB|B7L824|2.A.81.1.5	82.5	553	97	0	1	553	1	553	3.0e-256	880.6
BCW-200596_01216	gnl|TC-DB|P0ADM0|9.B.51.1.1	82.6	115	20	0	1	115	1	115	5.0e-49	189.9
BCW-200596_01220	gnl|TC-DB|P31442|2.A.1.2.9	86.0	394	55	0	1	394	1	394	4.2e-188	653.7
BCW-200596_01228	gnl|TC-DB|P09836|2.A.1.4.4	88.3	437	51	0	1	437	1	437	3.1e-232	800.4
BCW-200596_01229	gnl|TC-DB|P0AGC0|2.A.1.4.1	92.9	463	33	0	1	463	1	463	1.7e-244	841.3
BCW-200596_01231	gnl|TC-DB|P0ADL1|2.A.1.2.26	83.9	384	62	0	13	396	11	394	1.3e-173	605.5
BCW-200596_01234	gnl|TC-DB|P31437|2.A.7.3.12	84.6	298	46	0	1	298	1	298	1.7e-136	481.9
BCW-200596_01236	gnl|TC-DB|P69791|4.A.3.2.1	50.5	97	48	0	5	101	17	113	3.0e-21	97.4
BCW-200596_01237	gnl|TC-DB|Q86Z14|8.A.49.1.2	26.6	473	286	14	4	459	80	508	2.2e-42	169.9
BCW-200596_01238	gnl|TC-DB|Q9KSH4|4.A.3.2.6	45.4	438	238	1	4	441	6	442	6.5e-121	430.6
BCW-200596_01239	gnl|TC-DB|Q9KSH5|4.A.3.2.6	52.0	100	48	0	1	100	1	100	3.6e-22	100.5
BCW-200596_01244	gnl|TC-DB|Q9ZGB6|2.A.1.3.32	38.3	499	304	3	1	496	1	498	5.0e-93	338.2
BCW-200596_01247	gnl|TC-DB|P28635|3.A.1.24.1	64.3	258	92	0	9	266	14	271	1.3e-95	345.9
BCW-200596_01248	gnl|TC-DB|Q3YL97|1.B.20.1.3	54.9	561	250	2	8	565	25	585	1.2e-180	629.4
BCW-200596_01249	gnl|TC-DB|852074676|1.C.75.1.3	46.0	339	171	6	1	333	1	333	6.1e-70	264.6
BCW-200596_01253	gnl|TC-DB|G3IME2|9.B.35.1.2	36.6	112	68	2	27	136	31	141	3.5e-17	84.3
BCW-200596_01275	gnl|TC-DB|P31435|2.A.2.3.4	86.9	464	57	1	1	464	1	460	1.1e-235	812.0
BCW-200596_01278	gnl|TC-DB|P0AGM9|2.A.40.4.2	93.3	463	30	1	1	463	1	462	9.8e-237	815.5
BCW-200596_01288	gnl|TC-DB|P30130|1.B.11.3.9	34.0	807	487	13	54	817	74	877	1.2e-125	447.2
BCW-200596_01298	gnl|TC-DB|P0AGM2|1.A.62.2.3	86.8	205	27	0	1	205	1	205	5.7e-96	346.7
BCW-200596_01310	gnl|TC-DB|B8F5K7|4.D.1.3.2	50.0	244	120	2	5	246	4	247	1.9e-64	242.3
BCW-200596_01326	gnl|TC-DB|B7LEG0|1.A.34.1.2	39.5	119	67	3	308	425	262	376	2.9e-17	86.3
BCW-200596_01337	gnl|TC-DB|P33231|2.A.14.1.1	92.0	551	44	0	1	551	1	551	2.2e-288	987.3
BCW-200596_01341	gnl|TC-DB|P00550|4.A.2.1.2	92.7	634	45	1	1	634	1	633	0.0e+00	1126.7
BCW-200596_01342	gnl|TC-DB|P32108|9.B.32.1.1	81.5	108	18	1	1	106	1	108	4.1e-46	180.3
BCW-200596_01343	gnl|TC-DB|P37683|8.A.1.1.4	77.8	378	84	0	1	378	1	378	3.1e-164	574.3
BCW-200596_01350	gnl|TC-DB|P37681|9.B.99.1.1	58.1	246	103	0	1	246	1	246	5.1e-83	303.9
BCW-200596_01351	gnl|TC-DB|P23481|3.D.1.9.1	37.9	177	68	4	1	142	1	170	7.2e-27	116.7
BCW-200596_01358	gnl|TC-DB|P0AGI4|3.A.1.2.4	90.8	393	36	0	1	393	1	393	6.9e-183	636.3
BCW-200596_01359	gnl|TC-DB|P37388|3.A.1.2.4	88.7	513	58	0	1	513	1	513	9.4e-265	908.7
BCW-200596_01360	gnl|TC-DB|P37387|3.A.1.2.4	87.6	330	41	0	1	330	1	330	9.3e-165	575.9
BCW-200596_01365	gnl|TC-DB|P37669|9.B.97.1.1	83.1	331	56	0	1	331	1	331	1.1e-162	568.9
BCW-200596_01373	gnl|TC-DB|Q9RPP3|2.A.1.14.8	27.2	423	288	9	14	423	33	448	1.2e-39	160.6
BCW-200596_01377	gnl|TC-DB|P37665|9.B.186.1.1	91.3	219	19	0	1	219	1	219	5.6e-81	297.0
BCW-200596_01378	gnl|TC-DB|P20099|5.A.3.4.3	83.5	774	128	0	2	775	4	777	0.0e+00	1387.5
BCW-200596_01383	gnl|TC-DB|P37662|2.A.1.11.3	88.6	350	40	0	1	350	1	350	3.1e-170	594.3
BCW-200596_01386	gnl|TC-DB|A8YQR5|3.A.23.2.1	24.0	501	322	16	28	496	23	496	1.1e-22	105.1
BCW-200596_01392	gnl|TC-DB|P76397|8.A.1.6.2	87.3	363	46	0	49	411	53	415	3.6e-174	607.4
BCW-200596_01393	gnl|TC-DB|P76398|2.A.6.2.12	90.3	1040	101	0	1	1040	1	1040	0.0e+00	1759.2
BCW-200596_01394	gnl|TC-DB|P76399|2.A.6.2.12	91.6	1025	86	0	1	1025	1	1025	0.0e+00	1790.4
BCW-200596_01395	gnl|TC-DB|P36554|2.A.1.3.26	81.2	469	88	0	1	469	1	469	1.7e-215	745.0
BCW-200596_01402	gnl|TC-DB|D2PP09|2.A.1.67.1	36.7	390	243	3	5	393	5	391	5.8e-52	201.4
BCW-200596_01403	gnl|TC-DB|Q9S3J9|2.A.1.2.18	30.1	382	265	2	5	385	3	383	3.8e-40	162.2
BCW-200596_01406	gnl|TC-DB|C5IZH1|2.A.6.2.47	96.3	1050	39	0	1	1050	1	1050	0.0e+00	1931.8
BCW-200596_01407	gnl|TC-DB|C5IZH0|2.A.6.2.47	91.3	391	34	0	1	391	1	391	2.6e-198	687.6
BCW-200596_01422	gnl|TC-DB|Q9X0F3|3.A.1.5.12	46.4	263	119	6	1	242	3	264	5.6e-56	214.2
BCW-200596_01423	gnl|TC-DB|P26905|3.A.1.5.2	45.8	260	138	3	13	269	4	263	3.0e-58	221.9
BCW-200596_01424	gnl|TC-DB|W0WMS8|3.A.1.5.39	46.2	264	134	2	44	299	35	298	1.5e-60	229.6
BCW-200596_01425	gnl|TC-DB|W0WN20|3.A.1.5.39	42.4	330	187	2	16	344	6	333	2.0e-64	242.7
BCW-200596_01426	gnl|TC-DB|P76128|3.A.1.5.38	28.4	539	333	13	1	522	1	503	2.1e-44	176.8
BCW-200596_01435	gnl|TC-DB|P38134|8.A.3.3.1	58.2	711	297	0	1	711	1	711	1.3e-240	828.9
BCW-200596_01437	gnl|TC-DB|P0A932|1.B.18.3.8	72.2	356	98	1	1	356	24	378	5.7e-152	533.5
BCW-200596_01438	gnl|TC-DB|P64534|2.A.113.1.1	66.1	112	35	1	1	109	1	112	3.5e-36	147.1
BCW-200596_01440	gnl|TC-DB|A0L4L0|3.A.1.132.3	38.3	342	194	6	12	350	2	329	1.8e-55	213.0
BCW-200596_01444	gnl|TC-DB|Q81JL2|9.B.33.1.1	30.1	581	368	11	5	556	3	574	4.2e-72	268.9
BCW-200596_01447	gnl|TC-DB|P33359|3.A.1.12.15	78.0	241	53	0	1	241	1	241	6.2e-97	350.1
BCW-200596_01448	gnl|TC-DB|P33360|3.A.1.12.15	81.4	306	56	1	1	306	1	305	9.0e-141	496.1
BCW-200596_01449	gnl|TC-DB|P33361|3.A.1.12.15	66.8	380	124	2	8	386	7	385	8.2e-128	453.4
BCW-200596_01450	gnl|TC-DB|P33362|3.A.1.12.15	86.2	305	42	0	1	305	1	305	2.9e-144	507.7
BCW-200596_01455	gnl|TC-DB|J2MRK2|9.B.29.3.1	41.8	182	106	0	7	188	8	189	2.6e-37	151.8
BCW-200596_01456	gnl|TC-DB|E4PCL6|9.B.27.2.7	73.3	187	50	0	1	187	1	187	9.3e-77	282.7
BCW-200596_01458	gnl|TC-DB|P33369|1.B.17.3.10	69.1	463	138	2	41	498	14	476	1.1e-172	602.8
BCW-200596_01460	gnl|TC-DB|P08722|4.A.1.2.2	57.5	621	253	4	6	616	4	623	3.9e-204	707.6
BCW-200596_01464	gnl|TC-DB|F4V3T5|1.E.14.1.4	86.4	132	18	0	1	132	4	135	4.4e-41	163.7
BCW-200596_01465	gnl|TC-DB|C6EAH0|2.A.122.1.1	90.5	231	22	0	1	231	1	231	2.3e-109	391.3
BCW-200596_01467	gnl|TC-DB|P0AFY2|9.B.114.1.1	85.8	239	34	0	1	239	1	239	9.9e-116	412.5
BCW-200596_01468	gnl|TC-DB|P23200|3.A.1.2.3	95.5	336	15	0	1	336	1	336	1.8e-163	571.6
BCW-200596_01469	gnl|TC-DB|P0AAG8|3.A.1.2.3	95.3	506	24	0	1	506	1	506	5.1e-279	956.1
BCW-200596_01470	gnl|TC-DB|P0AEE5|3.A.1.2.3	94.0	332	20	0	1	332	1	332	1.6e-177	618.2
BCW-200596_01472	gnl|TC-DB|P25747|9.B.169.1.2	79.7	385	78	0	1	385	1	385	1.5e-182	635.2
BCW-200596_01474	gnl|TC-DB|Q9I3T2|2.A.1.51.4	45.8	367	195	3	7	370	14	379	3.0e-74	275.4
BCW-200596_01476	gnl|TC-DB|P17315|1.B.14.1.4	81.3	663	117	3	1	656	1	663	0.0e+00	1121.3
BCW-200596_01477	gnl|TC-DB|P25737|2.A.3.1.2	94.3	489	28	0	1	489	1	489	3.0e-268	920.2
BCW-200596_01479	gnl|TC-DB|P62723|2.A.98.1.3	84.2	349	54	1	1	348	1	349	1.1e-158	555.8
BCW-200596_01481	gnl|TC-DB|P20966|4.A.2.1.1	90.1	565	52	3	1	563	1	563	9.4e-250	859.0
BCW-200596_01483	gnl|TC-DB|P69811|4.A.2.1.1	85.9	376	53	0	1	376	1	376	4.0e-180	627.1
BCW-200596_01484	gnl|TC-DB|P33026|2.A.1.20.2	85.5	393	57	0	1	393	1	393	2.1e-192	667.9
BCW-200596_01491	gnl|TC-DB|E9RJ18|3.A.7.13.2	36.1	108	58	4	83	180	254	360	6.2e-12	67.4
BCW-200596_01493	gnl|TC-DB|P33913|3.A.1.5.21	79.3	598	123	1	1	597	1	598	1.9e-296	1014.2
BCW-200596_01494	gnl|TC-DB|P0AFU1|3.A.1.5.21	92.3	364	28	0	1	364	1	364	4.4e-192	666.8
BCW-200596_01495	gnl|TC-DB|P33915|3.A.1.5.21	86.5	341	46	0	1	341	1	341	3.3e-157	550.8
BCW-200596_01496	gnl|TC-DB|P33916|3.A.1.5.21	81.2	528	99	0	1	528	1	528	2.3e-242	834.3
BCW-200596_01498	gnl|TC-DB|P28246|2.A.1.2.7	88.9	395	44	0	1	395	1	395	9.8e-193	669.1
BCW-200596_01509	gnl|TC-DB|Q1J2S8|2.A.53.3.13	48.6	370	187	2	28	397	23	389	2.2e-86	315.8
BCW-200596_01510	gnl|TC-DB|Q5SMG8|1.A.26.1.2	29.8	339	235	2	141	477	110	447	6.1e-40	161.8
BCW-200596_01511	gnl|TC-DB|P33941|3.A.1.113.3	88.7	547	62	0	1	547	1	547	3.9e-277	949.9
BCW-200596_01515	gnl|TC-DB|D6QLX8|1.B.1.1.19	78.4	380	65	4	1	376	1	367	1.1e-169	592.4
BCW-200596_01525	gnl|TC-DB|P08194|2.A.1.4.3	94.3	421	24	0	1	421	1	421	5.4e-240	826.2
BCW-200596_01530	gnl|TC-DB|Q8XE01|1.B.68.1.1	78.9	180	38	0	1	180	8	187	1.5e-84	308.5
BCW-200596_01541	gnl|TC-DB|P0AFF0|3.D.1.1.1	91.5	485	41	0	1	485	1	485	1.9e-243	837.8
BCW-200596_01542	gnl|TC-DB|P0AFE8|3.D.1.1.1	92.5	509	38	0	1	509	1	509	1.7e-274	941.0
BCW-200596_01543	gnl|TC-DB|P33607|3.D.1.1.1	93.0	613	43	0	1	613	1	613	0.0e+00	1124.0
BCW-200596_01544	gnl|TC-DB|P0AFE4|3.D.1.1.1	96.0	100	4	0	1	100	1	100	1.7e-29	124.8
BCW-200596_01545	gnl|TC-DB|P0AFE0|3.D.1.1.1	95.7	184	8	0	1	184	1	184	5.1e-88	320.1
BCW-200596_01546	gnl|TC-DB|P0AFD6|3.D.1.1.1	97.8	180	4	0	1	180	1	180	4.1e-90	327.0
BCW-200596_01547	gnl|TC-DB|P0AFD4|3.D.1.1.1	95.7	325	14	0	1	325	1	325	9.5e-178	619.0
BCW-200596_01548	gnl|TC-DB|P33602|3.D.1.1.1	91.3	907	79	0	1	907	1	907	0.0e+00	1706.4
BCW-200596_01549	gnl|TC-DB|P31979|3.D.1.1.1	96.0	445	18	0	1	445	1	445	3.8e-262	899.8
BCW-200596_01550	gnl|TC-DB|P0AFD1|3.D.1.1.1	94.6	166	9	0	1	166	1	166	2.0e-91	331.3
BCW-200596_01551	gnl|TC-DB|P33599|3.D.1.1.1	93.3	596	39	1	5	599	1	596	0.0e+00	1169.8
BCW-200596_01552	gnl|TC-DB|P0AFC7|3.D.1.1.1	96.0	224	5	1	1	224	1	220	1.3e-125	445.3
BCW-200596_01553	gnl|TC-DB|P0AFC3|3.D.1.1.1	91.2	147	12	1	1	146	1	147	2.9e-70	260.8
BCW-200596_01557	gnl|TC-DB|P0AFU2|2.A.47.4.8	87.4	610	77	0	1	610	1	610	4.1e-299	1023.1
BCW-200596_01565	gnl|TC-DB|B7LDR9|4.A.7.1.2	63.7	410	148	1	12	421	10	418	6.5e-148	520.4
BCW-200596_01566	gnl|TC-DB|B7LDS2|4.A.7.1.2	42.4	85	47	1	1	83	1	85	2.9e-12	67.4
BCW-200596_01567	gnl|TC-DB|B7LDS1|4.A.7.1.2	45.6	147	80	0	1	147	1	147	8.4e-33	136.3
BCW-200596_01571	gnl|TC-DB|B7LBF5|1.A.12.3.2	74.3	214	55	0	13	226	1	214	1.4e-90	328.9
BCW-200596_01576	gnl|TC-DB|P07109|3.A.1.3.29	92.2	257	20	0	1	257	1	257	9.0e-131	462.6
BCW-200596_01577	gnl|TC-DB|P0AEU3|3.A.1.3.29	91.9	236	19	0	1	236	1	236	3.5e-121	430.6
BCW-200596_01578	gnl|TC-DB|P0A2I9|3.A.1.3.1	92.5	228	17	0	1	228	1	228	3.7e-112	400.6
BCW-200596_01579	gnl|TC-DB|P0AEU0|3.A.1.3.29	92.7	260	19	0	1	260	1	260	2.7e-135	477.6
BCW-200596_01580	gnl|TC-DB|P09551|3.A.1.3.1	90.0	260	26	0	1	260	1	260	9.1e-131	462.6
BCW-200596_01583	gnl|TC-DB|P08550|9.B.160.1.16	93.8	161	10	0	1	161	1	161	2.0e-80	294.7
BCW-200596_01587	gnl|TC-DB|P0ABP6|9.B.27.2.3	88.1	219	26	0	1	219	1	219	3.5e-107	384.0
BCW-200596_01596	gnl|TC-DB|P0AD30|2.A.102.3.1	88.5	269	31	0	1	269	1	269	3.2e-131	464.2
BCW-200596_01605	gnl|TC-DB|P10384|1.B.9.1.1	75.1	457	90	6	1	444	1	446	1.2e-196	682.2
BCW-200596_01606	gnl|TC-DB|P76506|3.A.1.27.3	85.7	251	35	1	1	250	1	251	2.3e-131	464.5
BCW-200596_01607	gnl|TC-DB|P37327|1.A.16.4.1	84.0	307	49	0	4	310	1	307	3.9e-144	507.3
BCW-200596_01629	gnl|TC-DB|A8YQR5|3.A.23.2.1	27.5	149	102	2	31	175	23	169	4.0e-12	69.3
BCW-200596_01632	gnl|TC-DB|Q9KN55|3.A.23.1.1	31.4	595	366	15	7	579	5	579	2.5e-75	279.6
BCW-200596_01640	gnl|TC-DB|Q6EE14|3.A.23.2.1	47.5	888	408	11	7	871	8	860	8.8e-210	726.9
BCW-200596_01642	gnl|TC-DB|P37665|9.B.186.1.1	38.1	113	69	1	422	534	107	218	7.4e-13	72.0
BCW-200596_01652	gnl|TC-DB|B3XQE5|9.B.33.1.2	30.6	589	359	13	7	560	3	576	1.3e-68	257.3
BCW-200596_01655	gnl|TC-DB|H5KWQ5|2.A.49.7.1	81.1	408	77	0	1	408	1	408	2.3e-181	631.3
BCW-200596_01657	gnl|TC-DB|P63144|8.A.5.1.3	36.7	327	192	10	13	330	71	391	8.0e-47	184.1
BCW-200596_01659	gnl|TC-DB|P0A769|2.A.55.3.1	91.0	412	37	0	1	412	1	412	2.6e-204	707.6
BCW-200596_01660	gnl|TC-DB|P0AFF2|2.A.41.1.1	95.0	400	15	1	1	395	1	400	3.2e-196	680.6
BCW-200596_01671	gnl|TC-DB|P45562|2.A.1.10.2	77.3	418	95	0	1	418	1	418	2.6e-188	654.4
BCW-200596_01675	gnl|TC-DB|P39836|2.A.28.3.4	89.2	332	35	1	1	331	1	332	5.7e-162	566.6
BCW-200596_01679	gnl|TC-DB|P0A6J3|2.A.121.1.1	88.9	253	28	0	1	253	1	253	7.0e-136	479.6
BCW-200596_01681	gnl|TC-DB|P0AA04|8.A.8.1.1	100.0	85	0	0	1	85	1	85	1.4e-40	161.4
BCW-200596_01682	gnl|TC-DB|P08839|8.A.7.1.1	96.2	575	22	0	1	575	1	575	1.8e-309	1057.4
BCW-200596_01683	gnl|TC-DB|P69783|4.A.1.1.1	98.8	169	2	0	1	169	1	169	2.8e-88	320.9
BCW-200596_01686	gnl|TC-DB|P16676|3.A.1.6.1	92.1	365	28	1	1	364	1	365	2.5e-195	677.6
BCW-200596_01687	gnl|TC-DB|P0AEB0|3.A.1.6.1	93.5	291	19	0	1	291	1	291	5.5e-153	536.6
BCW-200596_01688	gnl|TC-DB|P16701|3.A.1.6.1	97.1	277	8	0	1	277	1	277	9.0e-145	509.2
BCW-200596_01689	gnl|TC-DB|P16700|3.A.1.6.1	92.0	337	26	1	1	336	1	337	4.3e-181	630.2
BCW-200596_01692	gnl|TC-DB|P76538|9.B.127.1.1	78.0	109	24	0	1	109	1	109	4.0e-48	186.8
BCW-200596_01701	gnl|TC-DB|Q5P036|5.A.3.11.1	31.1	161	82	6	5	141	5	160	4.5e-17	86.3
BCW-200596_01703	gnl|TC-DB|P24177|2.A.6.2.7	91.5	1037	88	0	1	1037	1	1037	0.0e+00	1826.2
BCW-200596_01711	gnl|TC-DB|P0A903|1.B.33.1.3	86.3	344	47	0	1	344	1	344	2.0e-170	594.7
BCW-200596_01715	gnl|TC-DB|P0AFI9|2.A.86.1.1	91.8	353	29	0	1	353	1	353	1.5e-165	578.6
BCW-200596_01719	gnl|TC-DB|Q72XQ0|4.A.3.2.8	43.5	430	234	4	4	424	1	430	2.9e-89	325.5
BCW-200596_01723	gnl|TC-DB|P0AGM7|2.A.40.1.1	91.5	425	36	0	1	425	1	425	1.3e-214	741.9
BCW-200596_01725	gnl|TC-DB|Q9UEF7|8.A.49.1.1	29.1	485	289	17	4	473	61	505	5.9e-43	171.8
BCW-200596_01731	gnl|TC-DB|P64545|9.B.209.1.1	67.9	53	17	0	1	53	7	59	9.4e-17	81.6
BCW-200596_01733	gnl|TC-DB|Q9L223|2.A.1.70.1	27.9	369	249	6	1	356	13	377	1.4e-21	100.5
BCW-200596_01735	gnl|TC-DB|P94488|2.A.2.3.2	34.2	468	279	7	15	480	8	448	3.1e-68	255.8
BCW-200596_01743	gnl|TC-DB|P77774|1.B.33.1.3	85.2	392	58	0	1	392	1	392	5.0e-173	603.6
BCW-200596_01752	gnl|TC-DB|Q57071|4.A.1.1.13	38.0	502	290	8	2	500	3	486	9.3e-87	317.4
BCW-200596_01760	gnl|TC-DB|P44669|9.A.41.1.1	67.4	617	199	2	1	616	1	616	6.7e-225	776.5
BCW-200596_01768	gnl|TC-DB|D7A5Z9|2.A.113.1.7	32.3	288	177	5	3	284	5	280	1.6e-28	123.2
BCW-200596_01771	gnl|TC-DB|Q47142|2.A.1.27.1	80.5	375	73	0	1	375	1	375	1.2e-176	615.5
BCW-200596_01776	gnl|TC-DB|Q9KN48|3.A.23.1.1	43.7	261	136	1	109	369	176	425	3.3e-56	215.7
BCW-200596_01783	gnl|TC-DB|P77272|4.A.1.2.7	38.1	472	258	14	2	447	4	467	1.1e-67	253.8
BCW-200596_01799	gnl|TC-DB|F9VN10|3.D.10.1.4	34.9	541	314	15	10	526	7	533	8.3e-70	261.2
BCW-200596_01801	gnl|TC-DB|P38919|3.A.18.1.1	34.0	362	234	3	5	366	39	395	4.0e-54	208.8
BCW-200596_01866	gnl|TC-DB|P39398|2.A.1.14.33	56.1	187	82	0	1	187	262	448	1.3e-54	209.1
BCW-200596_01867	gnl|TC-DB|P39398|2.A.1.14.33	53.7	231	105	1	11	239	30	260	1.3e-67	252.7
BCW-200596_01869	gnl|TC-DB|P76169|2.A.7.26.1	92.6	108	8	0	1	108	1	108	3.2e-53	203.8
BCW-200596_01876	gnl|TC-DB|Q8ZPK1|3.A.1.12.14	85.5	234	34	0	1	234	1	234	3.5e-105	377.5
BCW-200596_01877	gnl|TC-DB|Q8ZPK2|3.A.1.12.14	82.9	292	50	0	7	298	8	299	4.7e-139	490.3
BCW-200596_01878	gnl|TC-DB|Q8ZPK3|3.A.1.12.14	91.2	215	19	0	1	215	1	215	2.3e-103	371.3
BCW-200596_01879	gnl|TC-DB|Q8ZPK4|3.A.1.12.14	91.1	382	34	0	1	382	1	382	7.7e-203	702.6
BCW-200596_01883	gnl|TC-DB|P43531|2.A.1.36.1	82.5	417	72	1	1	417	1	416	1.9e-186	648.3
BCW-200596_01887	gnl|TC-DB|P0AAP1|9.B.34.1.2	30.5	187	117	3	276	455	186	366	2.5e-13	73.9
BCW-200596_01888	gnl|TC-DB|P69210|2.A.7.1.9	90.8	109	10	0	1	109	1	109	3.0e-51	197.2
BCW-200596_01889	gnl|TC-DB|P69213|2.A.7.1.9	82.2	118	21	0	3	120	4	121	3.9e-44	173.7
BCW-200596_01890	gnl|TC-DB|P0AFS5|2.A.86.1.4	85.4	342	50	0	1	342	1	342	6.8e-150	526.6
BCW-200596_01896	gnl|TC-DB|P30130|1.B.11.3.9	49.8	849	406	6	36	879	45	878	4.3e-241	830.9
BCW-200596_01908	gnl|TC-DB|Q7A5M0|2.A.1.3.23	25.4	409	253	13	64	449	63	442	1.1e-12	71.2
BCW-200596_01915	gnl|TC-DB|Q9HXW4|2.A.6.2.17	41.3	1021	591	3	6	1019	3	1022	1.4e-222	769.6
BCW-200596_01916	gnl|TC-DB|Q9I6X5|2.A.6.2.27	29.3	345	233	5	16	356	14	351	8.6e-18	87.8
BCW-200596_01918	gnl|TC-DB|Q9HY88|2.A.6.2.34	33.5	466	291	6	15	476	14	464	9.8e-46	181.0
BCW-200596_01927	gnl|TC-DB|B2JBG5|2.A.1.59.2	49.3	381	193	0	7	387	16	396	8.7e-93	337.0
BCW-200596_01940	gnl|TC-DB|P46133|2.A.68.1.1	88.8	508	57	0	1	508	1	508	3.7e-253	870.2
BCW-200596_01946	gnl|TC-DB|P0AB67|3.D.2.1.1	92.6	462	34	0	1	462	1	462	1.0e-238	822.0
BCW-200596_01947	gnl|TC-DB|P07001|3.D.2.1.1	86.8	509	66	1	1	508	1	509	5.2e-247	849.7
BCW-200596_01949	gnl|TC-DB|P0AAE5|2.A.3.2.8	87.4	460	58	0	1	460	1	460	3.5e-226	780.4
BCW-200596_01951	gnl|TC-DB|P0ACX0|9.B.72.1.2	79.3	111	23	0	1	111	1	111	1.2e-44	175.3
BCW-200596_01961	gnl|TC-DB|P33594|3.A.1.5.3	79.0	267	48	1	1	259	1	267	3.1e-110	394.4
BCW-200596_01962	gnl|TC-DB|P33593|3.A.1.5.3	80.7	254	49	0	1	254	1	254	3.5e-111	397.5
BCW-200596_01963	gnl|TC-DB|P0AFA9|3.A.1.5.3	90.6	277	26	0	1	277	1	277	3.2e-142	500.7
BCW-200596_01964	gnl|TC-DB|P33591|3.A.1.5.3	91.4	314	27	0	1	314	1	314	4.1e-162	567.0
BCW-200596_01965	gnl|TC-DB|P33590|3.A.1.5.3	82.9	516	88	0	6	521	7	522	5.7e-257	882.9
BCW-200596_01972	gnl|TC-DB|P19642|4.A.1.1.3	88.1	530	63	0	1	530	1	530	3.7e-272	933.3
BCW-200596_01978	gnl|TC-DB|P0A766|3.D.6.1.4	94.8	193	10	0	1	193	1	193	1.9e-93	338.2
BCW-200596_01979	gnl|TC-DB|P77223|3.D.6.1.4	81.2	192	36	0	1	192	1	192	1.9e-77	285.0
BCW-200596_01980	gnl|TC-DB|P77611|3.D.6.1.4	81.2	569	107	0	1	569	1	569	6.5e-251	863.2
BCW-200596_01981	gnl|TC-DB|P76182|3.D.6.1.4	86.3	350	48	0	1	350	1	350	1.9e-176	614.8
BCW-200596_01982	gnl|TC-DB|P77285|3.D.6.1.4	75.7	206	50	0	1	206	1	206	1.5e-88	322.0
BCW-200596_01983	gnl|TC-DB|P77179|3.D.6.1.4	76.8	224	52	0	1	224	1	224	5.0e-93	337.0
BCW-200596_01985	gnl|TC-DB|P77304|2.A.17.1.2	85.9	498	67	2	1	496	1	497	6.4e-242	832.8
BCW-200596_01993	gnl|TC-DB|D4ZZR3|9.B.34.1.3	25.7	417	235	13	77	449	8	393	4.6e-16	82.4
BCW-200596_01995	gnl|TC-DB|G4PZW1|8.A.48.1.1	69.2	78	24	0	1	78	1	78	1.6e-27	117.9
BCW-200596_01996	gnl|TC-DB|P46482|8.A.1.7.1	38.2	275	170	0	11	285	14	288	5.6e-49	191.0
BCW-200596_01997	gnl|TC-DB|Q8ZPN4|2.A.85.1.5	78.5	679	144	1	1	677	1	679	0.0e+00	1076.6
BCW-200596_01999	gnl|TC-DB|P76187|8.A.5.1.7	88.9	298	33	0	1	298	1	298	3.8e-157	550.4
BCW-200596_02009	gnl|TC-DB|P77389|2.A.1.2.65	89.4	385	41	0	1	385	1	385	2.7e-187	651.0
BCW-200596_02011	gnl|TC-DB|Q0HIQ8|3.A.1.2.14	27.0	233	151	10	58	277	21	247	1.9e-11	66.6
BCW-200596_02013	gnl|TC-DB|P37597|2.A.1.2.62	81.7	383	67	2	1	381	1	382	3.3e-172	600.9
BCW-200596_02016	gnl|TC-DB|P37340|2.A.66.1.3	91.4	451	39	0	3	453	7	457	1.6e-231	798.1
BCW-200596_02020	gnl|TC-DB|P96878|2.A.53.3.12	29.4	170	113	2	26	189	571	739	6.2e-21	97.4
BCW-200596_02024	gnl|TC-DB|Q8RCC4|3.A.1.3.27	34.6	254	150	7	12	259	15	258	5.8e-27	117.9
BCW-200596_02025	gnl|TC-DB|P37774|3.A.1.3.10	51.8	247	114	1	22	263	2	248	1.5e-64	242.7
BCW-200596_02026	gnl|TC-DB|Q8YPM8|3.A.1.3.18	32.3	223	138	4	17	232	80	296	7.4e-24	107.5
BCW-200596_02027	gnl|TC-DB|Q52814|3.A.1.3.8	31.5	197	129	2	26	216	173	369	2.8e-19	92.0
BCW-200596_02030	gnl|TC-DB|O32167|3.A.1.24.2	49.1	269	129	3	5	269	9	273	1.9e-67	252.3
BCW-200596_02031	gnl|TC-DB|O32168|3.A.1.24.2	61.7	222	85	0	1	222	1	222	3.9e-66	247.7
BCW-200596_02032	gnl|TC-DB|O32169|3.A.1.24.2	57.1	338	144	1	1	337	1	338	6.3e-108	387.1
BCW-200596_02041	gnl|TC-DB|Q5HGY5|3.A.1.11.8	28.9	232	143	8	1	228	4	217	1.5e-13	73.2
BCW-200596_02050	gnl|TC-DB|P07658|3.D.1.9.2	64.9	715	246	4	1	713	1	712	3.4e-289	990.3
BCW-200596_02051	gnl|TC-DB|P0AEK7|5.A.3.2.1	87.9	215	23	1	1	212	1	215	2.3e-108	387.9
BCW-200596_02052	gnl|TC-DB|P0AAJ3|5.A.3.2.1	85.1	295	43	1	1	295	1	294	1.7e-157	551.6
BCW-200596_02053	gnl|TC-DB|P24183|5.A.3.2.1	70.5	1016	299	1	1	1016	1	1015	0.0e+00	1564.7
BCW-200596_02057	gnl|TC-DB|B1LE48|2.A.86.2.1	82.4	370	65	0	1	370	1	370	2.6e-171	597.8
BCW-200596_02058	gnl|TC-DB|P08839|8.A.7.1.1	26.3	471	271	17	335	776	103	526	1.2e-29	128.3
BCW-200596_02062	gnl|TC-DB|P72412|1.B.14.2.14	84.5	621	96	0	41	661	40	660	0.0e+00	1117.1
BCW-200596_02064	gnl|TC-DB|A8GDS8|3.A.1.14.16	59.6	267	108	0	5	271	9	275	3.7e-82	301.2
BCW-200596_02065	gnl|TC-DB|Q56992|3.A.1.14.5	64.9	319	108	2	11	325	10	328	3.3e-101	364.8
BCW-200596_02066	gnl|TC-DB|A8GDS6|3.A.1.14.16	59.4	251	102	0	7	257	9	259	2.3e-81	298.5
BCW-200596_02070	gnl|TC-DB|P06611|3.A.1.13.1	69.1	249	77	0	1	249	1	249	1.8e-96	348.6
BCW-200596_02072	gnl|TC-DB|P06609|3.A.1.13.1	75.8	322	78	0	30	351	5	326	2.0e-133	471.9
BCW-200596_02082	gnl|TC-DB|P76206|1.B.75.1.3	88.1	252	30	0	38	289	1	252	3.8e-130	460.7
BCW-200596_02090	gnl|TC-DB|P77529|2.A.23.1.8	93.5	462	30	0	1	462	1	462	6.6e-233	802.7
BCW-200596_02096	gnl|TC-DB|C4X746|4.A.3.2.7	87.7	114	14	0	1	114	1	114	3.6e-47	183.7
BCW-200596_02097	gnl|TC-DB|P17334|4.A.3.2.1	88.5	452	52	0	1	452	1	452	3.4e-210	727.2
BCW-200596_02098	gnl|TC-DB|P69795|4.A.3.2.1	94.3	106	6	0	1	106	1	106	1.9e-50	194.5
BCW-200596_02111	gnl|TC-DB|B7L6M8|3.A.1.19.4	74.7	388	97	1	4	390	1	388	9.0e-175	609.4
BCW-200596_02112	gnl|TC-DB|B7L6M9|3.A.1.19.4	61.4	495	191	0	17	511	2	496	6.7e-170	593.6
BCW-200596_02113	gnl|TC-DB|B7L6N0|3.A.1.19.4	65.6	209	68	1	1	205	1	209	1.7e-71	265.4
BCW-200596_02120	gnl|TC-DB|Q07711|3.A.7.7.1	29.7	622	398	18	3	613	4	597	1.5e-70	263.8
BCW-200596_02131	gnl|TC-DB|P80874|8.A.5.1.4	34.8	210	120	6	3	198	2	208	8.6e-26	114.0
BCW-200596_02132	gnl|TC-DB|P0A908|9.B.99.1.2	72.2	248	69	0	1	248	1	248	1.4e-109	392.1
BCW-200596_02137	gnl|TC-DB|P31435|2.A.2.3.4	49.0	437	220	3	2	436	3	438	9.8e-117	416.8
BCW-200596_02141	gnl|TC-DB|P76242|2.A.1.17.3	79.6	392	80	0	1	392	1	392	4.0e-170	594.0
BCW-200596_02147	gnl|TC-DB|P76330|9.B.34.1.4	28.7	188	120	4	149	331	374	552	4.5e-13	72.0
BCW-200596_02148	gnl|TC-DB|A6TAG3|1.E.43.1.1	93.9	82	5	0	1	82	1	82	2.2e-38	154.1
BCW-200596_02162	gnl|TC-DB|P69874|3.A.1.11.1	85.5	372	54	0	1	372	7	378	5.6e-182	633.3
BCW-200596_02163	gnl|TC-DB|P0AFK4|3.A.1.11.1	92.7	275	20	0	11	285	1	275	1.5e-139	491.9
BCW-200596_02164	gnl|TC-DB|P0AFK6|3.A.1.11.1	93.3	268	14	1	1	268	1	264	2.1e-130	461.5
BCW-200596_02165	gnl|TC-DB|P0AFK9|3.A.1.11.1	91.4	348	30	0	1	348	1	348	3.5e-194	673.7
BCW-200596_02168	gnl|TC-DB|P75958|3.A.1.125.1	88.9	414	46	0	1	414	1	414	1.4e-197	685.3
BCW-200596_02169	gnl|TC-DB|P75957|3.A.1.125.1	89.7	233	24	0	1	233	1	233	9.6e-116	412.5
BCW-200596_02170	gnl|TC-DB|P0ADC3|3.A.1.125.1	93.3	386	26	0	1	386	14	399	2.2e-189	657.9
BCW-200596_02185	gnl|TC-DB|P16869|1.B.14.1.1	53.0	741	318	7	7	735	7	729	2.9e-235	811.2
BCW-200596_02186	gnl|TC-DB|P69786|4.A.1.1.1	96.4	477	17	0	1	477	1	477	8.2e-263	902.1
BCW-200596_02193	gnl|TC-DB|O80800|3.D.1.6.3	48.0	75	39	0	2	76	48	122	1.5e-12	68.2
BCW-200596_02205	gnl|TC-DB|P76628|2.A.1.36.3	34.9	378	234	3	14	387	13	382	1.5e-36	150.2
BCW-200596_02208	gnl|TC-DB|Q15HU6|3.A.7.14.2	38.4	159	91	3	139	295	31	184	7.6e-23	104.4
BCW-200596_02220	gnl|TC-DB|P37169|2.A.66.4.1	91.6	510	43	0	1	510	14	523	3.7e-261	896.7
BCW-200596_02224	gnl|TC-DB|P69367|2.A.1.2.21	86.8	402	53	0	1	402	1	402	2.1e-203	704.5
BCW-200596_02237	gnl|TC-DB|P62517|4.D.3.1.1	91.8	840	69	0	17	856	1	840	0.0e+00	1593.6
BCW-200596_02247	gnl|TC-DB|P0AE95|1.B.48.1.1	83.7	129	21	0	1	129	1	129	4.2e-60	226.9
BCW-200596_02248	gnl|TC-DB|P0AE98|1.B.48.1.1	85.5	138	20	0	1	138	1	138	5.4e-66	246.5
BCW-200596_02249	gnl|TC-DB|P0AEA2|1.B.48.1.1	92.4	277	21	0	1	277	1	277	1.5e-144	508.4
BCW-200596_02257	gnl|TC-DB|P31545|2.A.108.2.3	81.9	425	73	1	1	425	1	421	3.4e-207	717.2
BCW-200596_02258	gnl|TC-DB|P0AB24|2.A.108.2.3	89.9	375	38	0	1	375	1	375	2.5e-190	661.0
BCW-200596_02259	gnl|TC-DB|P75901|2.A.108.2.3	87.3	276	35	0	1	276	1	276	4.6e-133	470.3
BCW-200596_02260	gnl|TC-DB|P0AFF2|2.A.41.1.1	71.5	400	108	2	1	394	1	400	1.0e-146	516.2
BCW-200596_02262	gnl|TC-DB|P07117|2.A.21.2.1	94.4	500	28	0	1	500	1	500	4.4e-267	916.4
BCW-200596_02268	gnl|TC-DB|P0AAP1|9.B.34.1.2	31.9	182	114	3	204	383	196	369	8.8e-18	88.6
BCW-200596_02270	gnl|TC-DB|G4NXW2|2.A.76.1.8	26.0	192	131	3	7	187	14	205	2.8e-12	68.6
BCW-200596_02277	gnl|TC-DB|P75892|2.A.40.1.3	90.2	441	43	0	1	441	1	441	4.4e-218	753.4
BCW-200596_02278	gnl|TC-DB|K7QW88|2.A.7.3.52	32.7	284	176	8	3	284	1	271	1.1e-18	90.5
BCW-200596_02289	gnl|TC-DB|P45564|1.B.10.3.1	31.3	262	154	9	7	251	2	254	2.0e-26	115.9
BCW-200596_02291	gnl|TC-DB|P43838|1.B.9.1.4	23.2	379	230	12	1	321	1	376	7.8e-17	84.7
BCW-200596_02292	gnl|TC-DB|M4V7W7|1.A.23.1.4	33.8	411	262	4	109	510	122	531	3.6e-57	219.2
BCW-200596_02296	gnl|TC-DB|F8CM01|1.A.13.4.1	26.6	274	168	8	67	312	75	343	1.1e-11	67.4
BCW-200596_02303	gnl|TC-DB|Q1R209|1.B.14.7.1	52.2	757	320	13	12	739	10	753	3.1e-216	748.0
BCW-200596_02304	gnl|TC-DB|Q1R210|2.C.1.1.3	37.9	248	151	2	12	258	13	258	5.8e-29	124.4
BCW-200596_02314	gnl|TC-DB|W9BHF5|2.A.6.2.49	87.1	1029	133	0	1	1029	1	1029	0.0e+00	1686.0
BCW-200596_02318	gnl|TC-DB|O53183|2.A.1.2.71	33.3	390	247	5	4	385	11	395	2.3e-48	189.5
BCW-200596_02329	gnl|TC-DB|P06202|3.A.1.5.1	54.9	536	237	3	12	542	8	543	2.1e-169	592.0
BCW-200596_02330	gnl|TC-DB|P0AAC6|1.A.14.2.1	93.2	219	15	0	27	245	1	219	1.5e-106	382.1
BCW-200596_02339	gnl|TC-DB|P0AB12|9.B.55.1.1	89.2	148	16	0	1	148	1	148	4.6e-71	263.5
BCW-200596_02340	gnl|TC-DB|P75870|2.A.85.1.1	82.4	706	124	0	1	706	1	706	0.0e+00	1177.9
BCW-200596_02343	gnl|TC-DB|P0A910|1.B.6.1.1	84.9	351	48	2	1	351	1	346	1.9e-168	588.2
BCW-200596_02350	gnl|TC-DB|P43672|3.A.1.120.6	82.0	634	114	0	1	634	1	634	2.3e-297	1017.3
BCW-200596_02356	gnl|TC-DB|P75853|3.A.1.17.10	83.0	317	54	0	3	319	2	318	3.7e-150	527.3
BCW-200596_02358	gnl|TC-DB|P75851|3.A.1.17.10	93.1	261	18	0	1	261	1	261	1.2e-127	452.2
BCW-200596_02359	gnl|TC-DB|B1X8N7|3.A.1.17.10	88.3	248	29	0	1	248	1	248	9.9e-122	432.6
BCW-200596_02363	gnl|TC-DB|Q6RW54|1.B.1.1.12	58.4	373	134	5	2	368	1	358	1.6e-120	429.1
BCW-200596_02378	gnl|TC-DB|P60752|3.A.1.106.1	91.9	581	47	0	1	581	1	581	9.9e-295	1008.4
BCW-200596_02379	gnl|TC-DB|P44408|3.A.11.2.2	32.6	671	384	13	129	749	133	785	3.3e-88	322.8
BCW-200596_02387	gnl|TC-DB|P0AC23|1.A.16.1.1	91.6	285	24	0	1	285	1	285	2.1e-149	524.6
BCW-200596_02390	gnl|TC-DB|P21503|2.A.1.26.1	83.5	381	63	0	1	381	1	381	7.4e-182	632.9
BCW-200596_02391	gnl|TC-DB|P18777|5.A.3.3.2	80.8	287	54	1	1	286	1	287	2.0e-131	464.9
BCW-200596_02392	gnl|TC-DB|P18776|5.A.3.3.2	91.7	205	17	0	1	205	1	205	1.5e-120	428.3
BCW-200596_02393	gnl|TC-DB|P18775|5.A.3.3.2	88.7	814	92	0	1	814	1	814	0.0e+00	1524.2
BCW-200596_02396	gnl|TC-DB|P61316|1.B.46.1.1	92.1	202	16	0	1	202	1	202	2.5e-104	374.4
BCW-200596_02397	gnl|TC-DB|P46889|3.A.12.1.2	75.7	1335	224	12	1	1241	1	1329	0.0e+00	1622.8
BCW-200596_02400	gnl|TC-DB|P29018|3.A.1.129.1	81.5	588	109	0	1	588	1	588	1.2e-276	948.3
BCW-200596_02401	gnl|TC-DB|P23886|3.A.1.129.1	80.5	573	112	0	1	573	1	573	1.4e-256	881.7
BCW-200596_02404	gnl|TC-DB|Q9SXJ7|3.A.9.1.2	38.4	800	403	11	17	737	133	921	2.5e-149	525.8
BCW-200596_02407	gnl|TC-DB|P75831|3.A.1.122.1	82.4	648	112	1	1	646	1	648	4.8e-298	1019.6
BCW-200596_02408	gnl|TC-DB|P75830|3.A.1.122.1	82.7	364	63	0	8	371	8	371	3.9e-159	557.4
BCW-200596_02411	gnl|TC-DB|P60844|1.A.8.3.1	90.0	230	23	0	1	230	1	230	3.9e-117	417.2
BCW-200596_02412	gnl|TC-DB|P75826|2.A.124.1.1	85.6	299	43	0	1	299	1	299	4.0e-138	487.3
BCW-200596_02423	gnl|TC-DB|P0AAF6|3.A.1.3.3	96.3	242	9	0	1	242	1	242	1.4e-130	461.8
BCW-200596_02424	gnl|TC-DB|P30859|3.A.1.3.3	89.7	243	25	0	1	243	1	243	3.1e-125	444.1
BCW-200596_02425	gnl|TC-DB|P0AE34|3.A.1.3.3	94.9	237	12	0	1	237	1	237	3.4e-124	440.7
BCW-200596_02426	gnl|TC-DB|P0AE30|3.A.1.3.3	94.1	222	13	0	1	222	1	222	7.6e-102	366.3
BCW-200596_02427	gnl|TC-DB|P30860|3.A.1.3.3	89.7	243	25	0	1	243	1	243	2.4e-125	444.5
BCW-200596_02432	gnl|TC-DB|P0AFL1|3.A.1.11.2	93.2	281	19	0	1	281	1	281	2.5e-142	501.1
BCW-200596_02433	gnl|TC-DB|P31135|3.A.1.11.2	86.8	317	42	0	1	317	1	317	3.6e-158	553.9
BCW-200596_02434	gnl|TC-DB|P31134|3.A.1.11.2	92.8	377	27	0	1	377	1	377	1.5e-203	704.9
BCW-200596_02435	gnl|TC-DB|P31133|3.A.1.11.2	90.3	370	36	0	1	370	1	370	5.1e-204	706.4
BCW-200596_02441	gnl|TC-DB|A7ZJR5|2.A.81.1.4	93.9	561	34	0	1	561	1	561	2.4e-301	1030.4
BCW-200596_02444	gnl|TC-DB|P75810|2.A.1.60.2	85.6	375	54	0	1	375	1	375	7.6e-177	616.3
BCW-200596_02446	gnl|TC-DB|P0AEY8|2.A.1.2.19	87.8	402	49	0	7	408	6	407	1.6e-198	688.3
BCW-200596_02454	gnl|TC-DB|P75799|3.A.1.5.11	87.1	303	39	0	1	303	1	303	8.4e-136	479.6
BCW-200596_02455	gnl|TC-DB|P75798|3.A.1.5.11	89.2	306	33	0	1	306	1	306	1.5e-156	548.5
BCW-200596_02456	gnl|TC-DB|P75797|3.A.1.5.11	86.7	512	68	0	1	512	1	512	2.7e-259	890.6
BCW-200596_02457	gnl|TC-DB|P75796|3.A.1.5.11	79.9	622	125	0	1	622	1	622	1.0e-281	965.3
BCW-200596_02467	gnl|TC-DB|P0AA78|2.A.1.14.2	42.3	416	239	1	16	430	42	457	2.4e-96	349.0
BCW-200596_02469	gnl|TC-DB|Q83XH1|3.A.1.121.4	46.4	526	281	1	1	526	1	525	5.2e-141	497.7
BCW-200596_02472	gnl|TC-DB|U5MFA1|4.A.3.2.9	35.5	425	265	3	14	432	8	429	9.2e-59	224.2
BCW-200596_02473	gnl|TC-DB|Q86Z14|8.A.49.1.2	28.5	471	281	14	4	458	80	510	1.9e-38	156.8
BCW-200596_02474	gnl|TC-DB|P80874|8.A.5.1.4	31.5	327	199	10	1	320	1	309	3.1e-33	139.0
BCW-200596_02475	gnl|TC-DB|P75788|2.A.45.2.5	79.8	366	74	0	1	366	1	366	1.9e-166	581.6
BCW-200596_02479	gnl|TC-DB|G0EBV0|1.B.6.2.10	80.3	173	31	2	1	172	1	171	4.0e-74	273.9
BCW-200596_02480	gnl|TC-DB|P0AA67|2.A.7.3.6	82.7	294	51	0	1	294	1	294	2.0e-134	474.9
BCW-200596_02482	gnl|TC-DB|P0AEQ3|3.A.1.3.2	95.2	248	11	1	1	247	1	248	1.0e-131	465.7
BCW-200596_02483	gnl|TC-DB|P0AEQ6|3.A.1.3.2	94.1	219	13	0	1	219	1	219	3.3e-110	394.0
BCW-200596_02484	gnl|TC-DB|P10346|3.A.1.3.2	96.7	240	8	0	1	240	1	240	2.7e-129	457.6
BCW-200596_02485	gnl|TC-DB|P75783|1.A.23.3.2	81.6	741	132	1	1	737	1	741	0.0e+00	1171.8
BCW-200596_02492	gnl|TC-DB|O00571|1.I.1.1.3	42.4	389	202	7	2	369	181	568	5.8e-72	268.1
BCW-200596_02495	gnl|TC-DB|P75777|3.A.1.105.15	64.7	331	117	0	1	331	2	332	4.2e-88	321.2
BCW-200596_02496	gnl|TC-DB|P0A9U1|3.A.1.105.15	89.8	578	59	0	1	578	1	578	7.3e-306	1045.4
BCW-200596_02497	gnl|TC-DB|C6EIY9|3.A.1.105.15	88.6	377	43	0	1	377	1	377	3.2e-185	644.0
BCW-200596_02498	gnl|TC-DB|P0AFP9|3.A.1.105.15	93.2	367	25	0	1	367	1	367	2.8e-194	674.1
BCW-200596_02499	gnl|TC-DB|P0AAW6|9.B.15.1.1	80.0	135	27	0	1	135	1	135	1.5e-55	211.8
BCW-200596_02502	gnl|TC-DB|P75770|4.D.2.4.3	88.1	318	38	0	1	318	1	318	5.3e-157	550.1
BCW-200596_02503	gnl|TC-DB|P0AAC4|1.A.14.2.2	86.4	235	31	1	1	235	1	234	1.7e-104	375.2
BCW-200596_02511	gnl|TC-DB|Q9L3S2|3.A.1.4.4	34.2	219	134	5	15	230	5	216	1.2e-25	113.2
BCW-200596_02525	gnl|TC-DB|P09833|3.A.1.8.1	87.5	351	44	0	1	351	1	351	3.0e-177	617.5
BCW-200596_02526	gnl|TC-DB|P0AF01|3.A.1.8.1	91.7	229	19	0	1	229	1	229	2.3e-114	407.9
BCW-200596_02527	gnl|TC-DB|P37329|3.A.1.8.1	83.1	255	43	0	1	255	1	255	1.8e-118	421.8
BCW-200596_02528	gnl|TC-DB|A6T6J1|2.A.6.2.49	79.6	49	10	0	1	49	1	49	5.9e-15	75.5
BCW-200596_02530	gnl|TC-DB|A7BAX2|3.A.1.26.3	27.7	495	294	18	10	474	246	706	2.8e-24	109.8
BCW-200596_02538	gnl|TC-DB|P75757|2.A.4.1.4	78.3	313	66	1	1	311	1	313	9.8e-140	492.7
BCW-200596_02539	gnl|TC-DB|P24520|4.B.1.1.1	86.6	239	32	0	1	239	1	239	1.7e-115	411.8
BCW-200596_02546	gnl|TC-DB|P45955|2.C.1.2.1	87.4	190	24	0	1	190	1	190	3.7e-71	264.6
BCW-200596_02547	gnl|TC-DB|C6EJJ6|2.C.1.2.1	96.0	174	5	2	1	173	1	173	1.6e-86	315.1
BCW-200596_02548	gnl|TC-DB|P0A855|2.C.1.2.1	94.7	430	23	0	1	430	1	430	3.8e-150	527.7
BCW-200596_02549	gnl|TC-DB|P19934|2.C.1.2.1	81.9	127	23	0	280	406	295	421	7.0e-45	177.9
BCW-200596_02550	gnl|TC-DB|P0ABV8|1.A.30.2.2	88.8	143	15	1	1	143	1	142	1.8e-64	241.5
BCW-200596_02551	gnl|TC-DB|P0ABU9|1.A.30.2.2	95.7	230	10	0	1	230	1	230	3.9e-117	417.2
BCW-200596_02553	gnl|TC-DB|P0AAV0|8.A.79.1.1	84.4	96	15	0	1	96	1	96	4.1e-44	173.3
BCW-200596_02554	gnl|TC-DB|P56100|9.B.85.1.1	86.1	36	5	0	1	36	1	36	1.6e-12	67.0
BCW-200596_02555	gnl|TC-DB|P0ABK2|3.D.4.3.2	91.0	379	34	0	1	379	1	379	5.4e-201	696.4
BCW-200596_02556	gnl|TC-DB|P0ABJ9|3.D.4.3.2	92.1	522	41	0	1	522	1	522	2.4e-279	957.2
BCW-200596_02561	gnl|TC-DB|X5GWN5|3.D.10.1.6	50.0	234	110	5	4	236	27	254	1.7e-67	252.3
BCW-200596_02562	gnl|TC-DB|X5H3P0|3.D.10.1.6	52.8	589	268	6	7	588	12	597	5.3e-171	597.4
BCW-200596_02568	gnl|TC-DB|B1HGV3|9.B.211.1.1	53.3	330	141	3	1	330	1	317	9.6e-85	310.1
BCW-200596_02576	gnl|TC-DB|P03959|3.A.3.7.1	82.8	557	96	0	1	557	1	557	9.3e-258	885.6
BCW-200596_02577	gnl|TC-DB|P03960|3.A.3.7.1	90.5	682	65	0	1	682	1	682	0.0e+00	1156.7
BCW-200596_02578	gnl|TC-DB|P03961|3.A.3.7.1	65.6	186	64	0	1	186	1	186	2.1e-60	228.4
BCW-200596_02579	gnl|TC-DB|Q93N33|2.A.21.9.2	28.4	313	189	10	583	886	730	1016	2.4e-21	100.9
BCW-200596_02583	gnl|TC-DB|P0AAF1|2.A.3.2.1	92.4	435	33	0	2	436	4	438	8.7e-227	782.3
BCW-200596_02591	gnl|TC-DB|P75733|1.B.25.1.13	88.5	468	51	3	1	465	1	468	1.4e-251	864.8
BCW-200596_02593	gnl|TC-DB|P09323|4.A.1.1.2	55.2	677	267	8	1	671	1	647	2.2e-181	632.1
BCW-200596_02610	gnl|TC-DB|P0A2L3|9.A.40.1.2	92.8	292	21	0	1	292	1	292	6.6e-154	539.7
BCW-200596_02612	gnl|TC-DB|P37902|3.A.1.3.4	90.4	302	28	1	1	301	1	302	1.2e-153	538.9
BCW-200596_02613	gnl|TC-DB|P0AER3|3.A.1.3.4	92.7	246	18	0	1	246	1	246	5.6e-122	433.3
BCW-200596_02614	gnl|TC-DB|P0AER5|3.A.1.3.4	92.8	223	16	0	1	223	1	223	1.2e-107	385.6
BCW-200596_02615	gnl|TC-DB|P0AAG3|3.A.1.3.4	93.8	241	15	0	1	241	1	241	4.0e-125	443.7
BCW-200596_02619	gnl|TC-DB|P0ADC1|1.B.42.1.2	69.4	193	55	1	1	189	1	193	2.6e-71	264.6
BCW-200596_02625	gnl|TC-DB|P0ABG7|2.A.103.1.2	95.4	370	17	0	1	370	1	370	3.0e-196	680.6
BCW-200596_02632	gnl|TC-DB|P0A843|2.A.64.1.1	91.0	67	6	0	1	67	1	67	1.7e-25	110.9
BCW-200596_02634	gnl|TC-DB|P37002|1.A.43.1.1	85.0	127	19	0	1	127	1	127	5.3e-60	226.5
BCW-200596_02637	gnl|TC-DB|P38054|2.A.6.1.4	63.4	1038	377	3	1	1035	1	1038	0.0e+00	1327.4
BCW-200596_02638	gnl|TC-DB|P77239|2.A.6.1.4	38.7	393	235	3	8	396	5	395	3.9e-64	241.9
BCW-200596_02642	gnl|TC-DB|P0ABP3|2.A.61.1.1	92.3	456	35	0	1	456	1	456	3.2e-224	773.9
BCW-200596_02660	gnl|TC-DB|B8H230|3.A.1.2.21	35.2	315	186	4	20	327	22	325	3.7e-36	148.7
BCW-200596_02661	gnl|TC-DB|A6VKS8|3.A.1.2.13	36.6	495	309	4	6	499	7	497	5.9e-86	314.7
BCW-200596_02667	gnl|TC-DB|P15078|2.A.114.1.1	89.0	701	77	0	1	701	1	701	0.0e+00	1228.8
BCW-200596_02672	gnl|TC-DB|Q89SS6|2.A.1.42.2	23.0	483	339	11	50	522	655	1114	3.5e-20	96.3
BCW-200596_02674	gnl|TC-DB|C8U2V6|3.A.1.14.2	81.1	318	60	0	1	318	1	318	4.2e-146	513.8
BCW-200596_02675	gnl|TC-DB|Q8ZR35|2.A.1.38.3	81.8	413	75	0	1	413	1	413	1.0e-184	642.5
BCW-200596_02676	gnl|TC-DB|P23876|3.A.1.14.2	85.3	334	48	1	1	333	1	334	4.0e-147	517.3
BCW-200596_02677	gnl|TC-DB|P23877|3.A.1.14.2	83.3	330	55	0	1	330	1	330	8.8e-147	516.2
BCW-200596_02678	gnl|TC-DB|P23878|3.A.1.14.2	87.5	265	33	0	1	265	1	265	8.4e-132	466.1
BCW-200596_02679	gnl|TC-DB|P31552|4.C.1.1.6	22.6	501	339	13	482	956	39	516	3.1e-14	77.8
BCW-200596_02682	gnl|TC-DB|P05825|1.B.14.1.22	80.2	758	130	7	1	750	1	746	0.0e+00	1245.3
BCW-200596_02684	gnl|TC-DB|Q9XCR9|3.A.1.15.7	70.2	275	82	0	2	276	3	277	8.0e-101	363.2
BCW-200596_02685	gnl|TC-DB|Q9XCS0|3.A.1.15.7	87.6	282	35	0	1	282	1	282	3.3e-134	474.2
BCW-200596_02686	gnl|TC-DB|Q9XCS1|3.A.1.15.7	79.7	266	54	0	1	266	1	266	2.4e-118	421.4
BCW-200596_02687	gnl|TC-DB|Q9XCS2|3.A.1.15.7	77.6	286	64	0	15	300	15	300	6.2e-131	463.4
BCW-200596_02694	gnl|TC-DB|W0WJ85|3.A.1.5.39	24.8	516	335	21	3	486	2	496	1.0e-19	94.7
BCW-200596_02695	gnl|TC-DB|P77308|3.A.1.5.38	43.8	322	180	1	18	339	14	334	6.0e-66	247.7
BCW-200596_02696	gnl|TC-DB|W0WMS8|3.A.1.5.39	41.2	279	158	1	2	274	19	297	9.6e-54	206.8
BCW-200596_02697	gnl|TC-DB|P45095|3.A.1.5.27	42.7	255	142	3	19	269	21	275	1.0e-47	186.8
BCW-200596_02698	gnl|TC-DB|P42065|3.A.1.5.20	43.1	225	116	3	14	233	31	248	1.2e-49	193.0
BCW-200596_02700	gnl|TC-DB|P17315|1.B.14.1.4	28.5	698	430	22	1	664	1	663	3.9e-61	232.6
BCW-200596_02706	gnl|TC-DB|G8WDN2|2.A.7.21.5	73.9	142	37	0	1	142	1	142	4.5e-55	210.3
BCW-200596_02707	gnl|TC-DB|G8WDN3|2.A.7.21.5	71.5	151	43	0	5	155	1	151	6.9e-52	199.9
BCW-200596_02708	gnl|TC-DB|A9QY47|9.B.50.1.4	46.0	324	154	7	1	317	1	310	2.1e-73	272.3
BCW-200596_02709	gnl|TC-DB|O34929|2.A.1.26.2	25.5	372	265	7	10	371	9	378	3.2e-20	95.9
BCW-200596_02712	gnl|TC-DB|O32182|2.A.1.3.33	24.8	403	297	5	12	411	20	419	1.7e-31	133.7
BCW-200596_02715	gnl|TC-DB|Q9I0Y8|2.A.6.2.16	41.3	1039	592	4	4	1024	6	1044	1.3e-212	736.5
BCW-200596_02716	gnl|TC-DB|P76397|8.A.1.6.2	31.7	331	220	4	31	357	62	390	4.0e-44	175.3
BCW-200596_02717	gnl|TC-DB|A8R5V4|3.A.3.2.41	48.3	868	441	3	29	895	25	885	1.5e-220	762.7
BCW-200596_02721	gnl|TC-DB|P06971|1.B.14.1.2	39.8	739	405	16	6	712	15	745	8.0e-137	484.2
BCW-200596_02727	gnl|TC-DB|B5Y048|9.B.8.3.4	73.3	341	91	0	2	342	1	341	2.8e-151	531.2
BCW-200596_02729	gnl|TC-DB|D9X7X8|2.A.1.3.38	42.5	452	251	3	9	460	24	466	2.8e-85	312.4
BCW-200596_02730	gnl|TC-DB|P0AAT4|1.A.23.4.5	83.5	413	67	1	1	412	1	413	4.6e-193	670.2
BCW-200596_02734	gnl|TC-DB|P76417|2.A.1.10.4	37.8	405	234	6	21	411	6	406	3.0e-67	252.3
BCW-200596_02736	gnl|TC-DB|P24207|2.A.3.1.1	90.5	462	40	1	1	462	1	458	2.9e-236	813.9
BCW-200596_02737	gnl|TC-DB|Q05202|1.B.14.1.15	52.9	705	313	7	31	728	66	758	1.2e-215	746.1
BCW-200596_02742	gnl|TC-DB|M3JA40|1.B.52.2.1	38.1	160	67	5	387	545	246	374	2.3e-13	73.9
BCW-200596_02744	gnl|TC-DB|P16869|1.B.14.1.1	48.6	716	346	6	24	722	19	729	1.2e-196	682.9
BCW-200596_02752	gnl|TC-DB|P30130|1.B.11.3.9	48.4	860	412	11	11	854	34	877	1.5e-230	795.8
BCW-200596_02758	gnl|TC-DB|Q57071|4.A.1.1.13	46.8	509	239	6	9	497	4	500	5.1e-122	434.5
BCW-200596_02768	gnl|TC-DB|Q8NSN3|3.A.1.24.4	38.8	206	126	0	11	216	17	222	1.4e-31	132.9
BCW-200596_02769	gnl|TC-DB|O32169|3.A.1.24.2	48.1	341	169	3	1	336	1	338	2.3e-81	298.9
BCW-200596_02770	gnl|TC-DB|Q9HT68|3.A.1.24.5	34.4	250	158	4	10	258	6	250	1.1e-33	140.2
BCW-200596_02771	gnl|TC-DB|B5Y0L3|1.B.1.1.18	84.2	374	59	0	8	381	8	381	1.3e-199	691.8
BCW-200596_02772	gnl|TC-DB|P77504|3.A.1.122.15	86.4	802	109	0	1	802	1	802	0.0e+00	1346.6
BCW-200596_02773	gnl|TC-DB|P0A9T8|3.A.1.122.15	92.1	228	18	0	1	228	1	228	3.6e-115	410.6
BCW-200596_02776	gnl|TC-DB|P0AA53|8.A.21.2.2	94.7	302	16	0	1	302	1	302	2.1e-115	411.8
BCW-200596_02779	gnl|TC-DB|Q59385|3.A.3.5.5	84.4	834	128	2	1	832	1	834	0.0e+00	1339.7
BCW-200596_02783	gnl|TC-DB|P52067|2.A.1.35.1	90.4	405	39	0	1	405	1	405	4.0e-202	700.3
BCW-200596_02784	gnl|TC-DB|P39830|2.A.37.1.5	90.3	558	54	0	1	558	1	558	2.7e-273	937.2
BCW-200596_02796	gnl|TC-DB|P77338|1.A.23.1.1	76.2	1113	265	0	3	1115	6	1118	0.0e+00	1599.7
BCW-200596_02798	gnl|TC-DB|P0AE06|8.A.1.6.1	84.1	397	63	0	1	397	1	397	5.7e-185	643.3
BCW-200596_02799	gnl|TC-DB|P31224|2.A.6.2.2	92.6	1049	78	0	1	1049	1	1049	0.0e+00	1868.6
BCW-200596_02808	gnl|TC-DB|P40739|4.A.1.2.11	36.6	453	272	5	9	458	9	449	4.7e-74	275.0
BCW-200596_02812	gnl|TC-DB|P0AAQ6|3.A.5.1.1	86.3	117	16	0	1	117	1	117	5.6e-56	213.0
BCW-200596_02815	gnl|TC-DB|C7NLF6|2.A.115.2.6	54.6	183	83	0	4	186	38	220	3.0e-49	191.4
BCW-200596_02823	gnl|TC-DB|P69681|1.A.11.1.1	91.1	428	38	0	1	428	1	428	1.3e-195	678.7
BCW-200596_02825	gnl|TC-DB|P0AAG5|3.A.1.106.13	86.0	593	83	0	1	593	1	593	1.9e-285	977.6
BCW-200596_02826	gnl|TC-DB|P77265|3.A.1.106.13	88.8	590	66	0	1	590	1	590	1.3e-302	1034.6
BCW-200596_02833	gnl|TC-DB|A1EMW4|3.A.11.2.3	54.8	62	28	0	68	129	42	103	5.0e-13	70.5
BCW-200596_02842	gnl|TC-DB|P0AE16|2.A.1.25.2	82.3	491	87	0	1	491	1	491	7.7e-232	799.3
BCW-200596_02843	gnl|TC-DB|P0ABJ1|3.D.4.5.1	93.0	315	22	0	1	315	1	315	7.0e-170	592.8
BCW-200596_02844	gnl|TC-DB|P0ABI8|3.D.4.5.1	91.0	663	60	0	1	663	1	663	0.0e+00	1246.5
BCW-200596_02845	gnl|TC-DB|P0ABJ3|3.D.4.5.1	88.7	204	23	0	1	204	1	204	1.8e-102	368.2
BCW-200596_02846	gnl|TC-DB|P0ABJ6|3.D.4.5.1	86.2	109	14	1	1	108	1	109	1.8e-48	188.0
BCW-200596_02848	gnl|TC-DB|P77726|2.A.1.2.60	84.3	452	71	0	1	452	1	452	1.9e-213	738.0
BCW-200596_02856	gnl|TC-DB|P77735|8.A.5.1.6	88.3	324	38	0	1	324	1	324	1.5e-167	585.1
BCW-200596_02863	gnl|TC-DB|P0A927|1.B.10.1.1	87.8	294	34	1	3	294	1	294	1.1e-159	558.9
BCW-200596_02864	gnl|TC-DB|P0AG93|2.A.6.4.1	87.9	323	39	0	1	323	1	323	8.3e-158	552.7
BCW-200596_02865	gnl|TC-DB|P0AG90|2.A.6.4.1	92.4	604	46	0	1	604	12	615	7.9e-311	1062.0
BCW-200596_02866	gnl|TC-DB|P0ADZ7|3.A.5.1.1	94.5	110	6	0	1	110	1	110	7.9e-52	199.1
BCW-200596_02871	gnl|TC-DB|Q07837|8.A.9.1.2	25.1	371	194	16	177	487	140	486	1.8e-17	87.4
BCW-200596_02872	gnl|TC-DB|P37460|2.A.3.1.6	94.3	456	26	0	1	456	1	456	6.0e-247	849.4
BCW-200596_02873	gnl|TC-DB|P0AD99|2.A.26.1.10	88.8	439	49	0	1	439	1	439	2.5e-218	754.2
BCW-200596_02886	gnl|TC-DB|P0AAP1|9.B.34.1.2	68.2	371	118	0	1	371	1	371	6.8e-148	520.0
BCW-200596_02890	gnl|TC-DB|P25744|2.A.1.2.20	60.5	392	154	1	3	394	11	401	1.1e-127	453.0
BCW-200596_02896	gnl|TC-DB|P0AFY6|9.A.18.1.1	88.9	405	45	0	1	405	1	405	5.8e-209	723.0
BCW-200596_02912	gnl|TC-DB|P42064|3.A.1.5.20	49.8	315	155	2	12	323	4	318	4.1e-83	304.7
BCW-200596_02913	gnl|TC-DB|O86575|3.A.1.5.34	53.1	318	145	2	5	318	39	356	2.2e-87	318.9
BCW-200596_02914	gnl|TC-DB|P42061|3.A.1.5.20	25.7	460	304	10	61	491	79	529	7.6e-33	138.3
BCW-200596_02915	gnl|TC-DB|P75798|3.A.1.5.11	46.5	312	159	1	1	312	1	304	4.5e-68	254.6
BCW-200596_02916	gnl|TC-DB|W0WMS8|3.A.1.5.39	39.8	284	165	1	12	289	15	298	1.6e-51	199.5
BCW-200596_02929	gnl|TC-DB|P02932|1.B.1.1.2	88.3	351	40	1	1	350	1	351	2.3e-182	634.4
BCW-200596_02940	gnl|TC-DB|Q5KYD1|2.A.17.1.7	38.1	499	282	12	11	503	16	493	3.6e-78	288.9
BCW-200596_02942	gnl|TC-DB|D4ZZR3|9.B.34.1.3	34.0	212	132	4	407	614	186	393	5.5e-25	112.5
BCW-200596_02943	gnl|TC-DB|Q1DBZ0|2.A.86.2.2	27.8	331	230	5	12	338	14	339	4.9e-21	98.6
BCW-200596_02944	gnl|TC-DB|Q47689|2.A.3.1.10	92.7	468	31	2	1	466	1	467	2.5e-248	854.0
BCW-200596_02949	gnl|TC-DB|Q9KLQ5|3.A.1.20.2	66.0	347	115	1	1	344	1	347	6.7e-129	456.8
BCW-200596_02950	gnl|TC-DB|Q9KLQ6|3.A.1.20.2	72.6	687	188	0	5	691	12	698	1.0e-285	978.8
BCW-200596_02951	gnl|TC-DB|Q9KLQ7|3.A.1.20.2	73.6	341	87	1	2	342	6	343	1.8e-147	518.5
BCW-200596_02952	gnl|TC-DB|P09836|2.A.1.4.4	55.4	413	184	0	8	420	19	431	2.1e-132	468.8
BCW-200596_02961	gnl|TC-DB|P37653|4.D.3.1.6	45.8	675	354	6	5	673	152	820	4.9e-171	597.8
BCW-200596_02962	gnl|TC-DB|P37652|4.D.3.1.6	28.4	733	493	14	40	757	62	777	1.5e-69	260.8
BCW-200596_02963	gnl|TC-DB|P37650|1.B.55.3.1	31.0	284	181	6	1042	1319	861	1135	1.0e-28	125.9
BCW-200596_02971	gnl|TC-DB|P37653|4.D.3.1.6	87.4	872	110	0	1	872	1	872	0.0e+00	1585.9
BCW-200596_02972	gnl|TC-DB|P37652|4.D.3.1.6	76.8	796	154	3	1	796	15	779	0.0e+00	1239.9
BCW-200596_02973	gnl|TC-DB|P37651|4.D.3.1.6	74.2	368	95	0	1	368	1	368	1.1e-169	592.4
BCW-200596_02974	gnl|TC-DB|P37650|1.B.55.3.1	74.0	1163	293	5	1	1160	1	1157	0.0e+00	1601.3
BCW-200596_02976	gnl|TC-DB|P0A830|2.A.23.1.7	93.5	428	28	0	1	428	1	428	1.1e-218	755.4
BCW-200596_02980	gnl|TC-DB|P37645|9.B.121.1.1	88.0	686	82	0	1	686	1	686	0.0e+00	1221.1
BCW-200596_02981	gnl|TC-DB|P37643|2.A.1.6.10	90.7	440	41	0	1	440	1	440	2.7e-220	760.8
BCW-200596_02982	gnl|TC-DB|P37642|9.B.126.1.1	83.5	339	52	1	1	339	1	335	7.9e-159	556.2
BCW-200596_02993	gnl|TC-DB|P0A8S5|9.B.4.1.1	92.8	111	8	0	1	111	1	111	1.1e-56	215.3
BCW-200596_02994	gnl|TC-DB|P0AFJ7|2.A.20.1.1	89.6	500	50	2	1	499	1	499	2.3e-252	867.5
BCW-200596_02996	gnl|TC-DB|Q7B1W8|2.A.109.1.1	82.5	338	59	0	1	338	1	338	1.0e-161	565.8
BCW-200596_02998	gnl|TC-DB|E9RJ18|3.A.7.13.2	37.4	107	56	3	67	163	254	359	3.0e-13	71.6
BCW-200596_03006	gnl|TC-DB|Q7AA53|2.A.6.8.2	82.5	749	130	1	26	773	1	749	0.0e+00	1175.6
BCW-200596_03019	gnl|TC-DB|P0AGM0|2.A.86.1.2	89.7	349	36	0	1	349	1	349	5.2e-166	580.1
BCW-200596_03020	gnl|TC-DB|P37621|2.A.1.46.7	81.7	405	74	0	1	405	1	405	1.1e-183	639.0
BCW-200596_03022	gnl|TC-DB|B3WJF3|2.A.88.8.6	92.3	220	17	0	1	220	1	220	2.1e-112	401.4
BCW-200596_03024	gnl|TC-DB|P43020|2.A.56.1.5	35.0	303	188	6	9	308	9	305	3.8e-41	165.2
BCW-200596_03026	gnl|TC-DB|Q8ZKS0|2.A.56.1.5	42.6	425	240	2	6	427	11	434	6.6e-86	314.3
BCW-200596_03028	gnl|TC-DB|P09391|9.B.104.1.1	80.7	275	53	0	1	275	1	275	1.3e-132	468.8
BCW-200596_03037	gnl|TC-DB|P67143|2.A.95.1.5	94.4	197	11	0	1	197	1	197	7.9e-95	342.8
BCW-200596_03038	gnl|TC-DB|P37617|3.A.3.6.2	77.2	732	163	4	1	728	1	732	2.9e-299	1023.8
BCW-200596_03043	gnl|TC-DB|P10121|3.A.5.1.1	95.8	310	13	0	202	511	188	497	3.8e-165	577.8
BCW-200596_03044	gnl|TC-DB|P0A9R7|3.A.1.140.1	95.9	219	9	0	1	219	1	219	2.0e-118	421.4
BCW-200596_03045	gnl|TC-DB|P0AC31|3.A.1.140.1	90.6	352	32	1	1	351	1	352	3.3e-176	614.0
BCW-200596_03048	gnl|TC-DB|P0AD96|3.A.1.4.1	93.7	365	22	1	1	364	3	367	7.8e-197	682.6
BCW-200596_03050	gnl|TC-DB|P04816|3.A.1.4.1	90.0	369	37	0	1	369	1	369	1.9e-195	677.9
BCW-200596_03051	gnl|TC-DB|P0AEX7|3.A.1.4.1	95.5	308	14	0	1	308	1	308	1.3e-152	535.4
BCW-200596_03052	gnl|TC-DB|P22729|3.A.1.4.1	94.1	425	25	0	1	425	1	425	1.2e-209	725.3
BCW-200596_03053	gnl|TC-DB|P0A9S7|3.A.1.4.1	92.5	255	19	0	1	255	1	255	5.4e-136	479.9
BCW-200596_03054	gnl|TC-DB|P22731|3.A.1.4.1	94.9	237	12	0	1	237	1	237	1.8e-125	444.9
BCW-200596_03055	gnl|TC-DB|P0AG80|3.A.1.1.3	89.0	438	48	0	1	438	1	438	7.9e-236	812.4
BCW-200596_03056	gnl|TC-DB|P10905|3.A.1.1.3	92.5	295	22	0	1	295	1	295	9.6e-153	535.8
BCW-200596_03057	gnl|TC-DB|P10906|3.A.1.1.3	88.3	281	33	0	1	281	1	281	2.9e-135	477.6
BCW-200596_03058	gnl|TC-DB|P10907|3.A.1.1.3	91.0	356	32	0	1	356	1	356	1.4e-187	651.7
BCW-200596_03067	gnl|TC-DB|P0AC96|2.A.8.1.8	95.1	446	22	0	1	446	1	446	5.7e-234	806.2
BCW-200596_03071	gnl|TC-DB|P39835|2.A.8.1.4	94.1	438	26	0	1	438	1	438	2.5e-213	737.6
BCW-200596_03076	gnl|TC-DB|B5XTS6|9.A.8.1.10	79.7	79	15	1	1	78	1	79	1.2e-30	128.3
BCW-200596_03077	gnl|TC-DB|B5XTS7|9.A.8.1.10	88.3	772	90	0	1	772	1	772	0.0e+00	1355.5
BCW-200596_03078	gnl|TC-DB|P0AEL3|9.A.8.1.1	89.2	74	8	0	1	74	1	74	3.3e-33	136.7
BCW-200596_03082	gnl|TC-DB|Q9HV74|2.A.21.9.1	27.6	217	139	7	237	437	760	974	1.1e-11	67.8
BCW-200596_03084	gnl|TC-DB|P45804|9.B.65.1.1	46.5	579	298	7	1	575	1	571	3.8e-137	485.0
BCW-200596_03095	gnl|TC-DB|Q1R5P6|1.B.22.4.2	74.1	386	100	0	11	396	24	409	3.8e-160	560.8
BCW-200596_03105	gnl|TC-DB|K6JRX1|1.A.16.3.4	89.2	269	29	0	1	269	1	269	9.4e-139	489.2
BCW-200596_03109	gnl|TC-DB|P60778|2.A.1.7.14	87.5	392	49	0	1	392	1	392	2.8e-192	667.5
BCW-200596_03114	gnl|TC-DB|P45537|2.A.85.1.3	81.6	692	126	1	1	691	5	696	0.0e+00	1136.7
BCW-200596_03120	gnl|TC-DB|O06924|3.B.1.1.4	57.1	553	224	3	9	551	5	554	7.2e-186	646.7
BCW-200596_03123	gnl|TC-DB|O06926|3.B.1.1.4	39.9	243	136	2	4	236	9	251	1.3e-45	179.9
BCW-200596_03124	gnl|TC-DB|O06927|3.B.1.1.4	38.4	164	98	2	52	212	63	226	8.1e-26	114.0
BCW-200596_03125	gnl|TC-DB|O32715|2.A.69.3.3	86.8	319	42	0	1	319	1	319	4.1e-149	523.9
BCW-200596_03129	gnl|TC-DB|Q83XH1|3.A.1.121.4	30.6	513	347	4	1	505	1	512	2.1e-72	270.0
BCW-200596_03130	gnl|TC-DB|P0A756|2.A.37.1.2	87.4	182	23	0	1	182	2	183	1.1e-95	345.5
BCW-200596_03131	gnl|TC-DB|P45522|2.A.37.1.2	91.5	601	51	0	1	601	1	601	2.2e-305	1043.9
BCW-200596_03149	gnl|TC-DB|Q1J0W6|9.B.34.1.1	34.1	164	96	4	683	845	190	342	1.8e-13	75.1
BCW-200596_03152	gnl|TC-DB|P28249|9.B.22.2.1	66.6	617	204	2	1	615	1	617	8.7e-241	829.3
BCW-200596_03153	gnl|TC-DB|L5DDD7|2.A.109.2.3	86.9	527	69	0	1	527	370	896	2.5e-260	894.0
BCW-200596_03154	gnl|TC-DB|P0A930|1.B.18.3.1	92.3	379	29	0	1	379	1	379	9.6e-206	712.2
BCW-200596_03156	gnl|TC-DB|P76387|8.A.3.3.2	86.2	720	99	0	1	720	1	720	0.0e+00	1209.5
BCW-200596_03170	gnl|TC-DB|G0CIY2|9.B.18.1.1	38.8	464	259	9	19	464	28	484	1.3e-82	303.5
BCW-200596_03171	gnl|TC-DB|P77377|2.A.66.2.7	89.0	492	54	0	1	492	1	492	4.5e-240	826.6
BCW-200596_03204	gnl|TC-DB|P0AA47|2.A.3.1.14	86.7	452	60	0	1	452	1	452	1.1e-227	785.4
BCW-200596_03208	gnl|TC-DB|P33011|2.A.85.7.1	75.0	352	88	0	1	352	1	352	2.0e-157	551.6
BCW-200596_03211	gnl|TC-DB|D5CJ69|2.A.66.1.22	93.7	462	29	0	1	462	1	462	4.4e-248	853.2
BCW-200596_03215	gnl|TC-DB|P76350|2.A.1.6.6	90.4	436	42	0	1	436	1	436	1.3e-227	785.0
BCW-200596_03218	gnl|TC-DB|Q9KRG9|2.A.6.2.38	47.5	1011	529	2	3	1012	22	1031	1.2e-271	932.6
BCW-200596_03219	gnl|TC-DB|Q2FD71|2.A.6.2.40	22.8	378	248	11	7	354	9	372	9.6e-14	74.3
BCW-200596_03222	gnl|TC-DB|D5C355|3.A.3.2.29	48.8	891	445	6	14	897	13	899	2.3e-226	781.9
BCW-200596_03230	gnl|TC-DB|P39414|2.A.47.3.3	50.7	473	233	0	29	501	13	485	6.2e-136	480.7
BCW-200596_03236	gnl|TC-DB|P77747|1.B.1.1.21	78.8	378	72	2	1	371	1	377	3.5e-176	614.0
BCW-200596_03240	gnl|TC-DB|p0aa70|2.A.7.3.22	86.9	298	39	0	1	298	1	298	9.2e-143	502.7
BCW-200596_03243	gnl|TC-DB|P76330|9.B.34.1.4	59.4	559	223	3	1	556	1	558	1.2e-191	666.0
BCW-200596_03248	gnl|TC-DB|P54702|3.A.6.2.1	71.6	264	75	0	1	264	1	264	9.0e-102	366.3
BCW-200596_03249	gnl|TC-DB|P0A1L5|3.A.6.2.1	87.6	89	11	0	1	89	1	89	3.8e-36	146.7
BCW-200596_03250	gnl|TC-DB|P54700|3.A.6.2.1	91.8	245	20	0	1	245	1	245	3.2e-117	417.5
BCW-200596_03251	gnl|TC-DB|P0A1L1|3.A.6.2.1	69.4	124	38	0	1	124	2	125	1.9e-38	154.8
BCW-200596_03252	gnl|TC-DB|P26419|3.A.6.2.1	94.2	137	8	0	1	137	1	137	4.1e-66	246.9
BCW-200596_03257	gnl|TC-DB|P26465|3.A.6.2.1	92.5	456	34	0	1	456	1	456	1.4e-240	828.2
BCW-200596_03258	gnl|TC-DB|P15934|3.A.6.2.1	86.9	236	30	1	1	236	1	235	1.1e-71	266.2
BCW-200596_03260	gnl|TC-DB|P15928|3.A.6.2.1	83.2	561	93	1	1	561	1	560	4.6e-257	883.2
BCW-200596_03264	gnl|TC-DB|D4I357|9.B.97.4.1	27.5	371	200	15	4	355	5	325	4.1e-12	68.9
BCW-200596_03284	gnl|TC-DB|P0AEM9|3.A.1.3.10	92.5	266	20	0	20	285	1	266	1.9e-137	485.0
BCW-200596_03286	gnl|TC-DB|P0AFT2|3.A.1.3.10	92.8	222	16	0	1	222	1	222	2.0e-110	394.8
BCW-200596_03287	gnl|TC-DB|P37774|3.A.1.3.10	90.3	248	24	0	1	248	1	248	1.0e-123	439.1
BCW-200596_03293	gnl|TC-DB|K0WKG7|4.F.1.1.8	60.3	174	67	1	4	175	2	175	1.0e-51	199.5
BCW-200596_03299	gnl|TC-DB|P22731|3.A.1.4.1	58.2	237	99	0	1	237	1	237	3.3e-71	264.6
BCW-200596_03300	gnl|TC-DB|P0A9S7|3.A.1.4.1	51.6	283	107	2	1	283	1	253	5.1e-74	274.2
BCW-200596_03301	gnl|TC-DB|P21628|3.A.1.4.8	52.0	415	183	6	12	418	4	410	4.5e-103	371.3
BCW-200596_03302	gnl|TC-DB|P0AEX7|3.A.1.4.1	56.0	302	132	1	4	304	7	308	4.2e-87	317.8
BCW-200596_03303	gnl|TC-DB|P0AD96|3.A.1.4.1	42.1	363	201	5	13	371	8	365	6.5e-82	300.8
BCW-200596_03305	gnl|TC-DB|P0AAD4|2.A.42.1.1	84.1	403	64	0	1	403	1	403	5.6e-188	653.3
BCW-200596_03311	gnl|TC-DB|P31474|2.A.1.3.51	33.0	469	309	3	5	473	1	464	6.0e-72	268.1
BCW-200596_03313	gnl|TC-DB|P0ABN9|2.A.13.1.2	54.5	446	199	1	1	446	2	443	9.4e-136	479.9
BCW-200596_03316	gnl|TC-DB|P02924|3.A.1.2.2	94.5	329	18	0	1	329	1	329	1.3e-179	625.2
BCW-200596_03317	gnl|TC-DB|P0AAF3|3.A.1.2.2	89.3	504	54	0	1	504	1	504	7.1e-265	909.1
BCW-200596_03318	gnl|TC-DB|P0AE26|3.A.1.2.2	92.4	328	23	1	1	326	1	328	1.7e-147	518.5
BCW-200596_03324	gnl|TC-DB|P09348|1.A.30.1.1	91.5	295	25	0	1	295	1	295	2.3e-146	514.6
BCW-200596_03325	gnl|TC-DB|P0AF06|1.A.30.1.1	81.6	309	56	1	1	309	1	308	4.2e-143	503.8
BCW-200596_03328	gnl|TC-DB|P96603|2.A.23.1.6	35.2	412	245	6	7	410	7	404	7.4e-66	247.7
BCW-200596_03332	gnl|TC-DB|Q6XBY3|1.B.11.6.1	35.1	827	480	16	12	792	13	828	5.6e-139	491.5
BCW-200596_03334	gnl|TC-DB|M3JA40|1.B.52.2.1	49.4	87	44	0	344	430	275	361	1.0e-14	78.2
BCW-200596_03341	gnl|TC-DB|P42915|1.B.11.3.6	47.2	803	411	7	29	828	33	825	9.7e-206	713.4
BCW-200596_03344	gnl|TC-DB|P40727|3.A.6.2.1	84.6	383	58	1	1	382	1	383	1.4e-185	645.2
BCW-200596_03345	gnl|TC-DB|P40729|3.A.6.2.1	94.5	692	38	0	1	692	1	692	0.0e+00	1228.4
BCW-200596_03347	gnl|TC-DB|Q6D188|2.A.2.5.2	82.6	516	87	1	1	513	1	516	1.6e-243	838.2
BCW-200596_03351	gnl|TC-DB|P67826|9.B.158.1.2	72.7	245	67	0	1	245	1	245	6.7e-99	356.7
BCW-200596_03363	gnl|TC-DB|P39832|3.A.1.15.5	85.1	261	39	0	1	261	1	261	2.9e-113	404.4
BCW-200596_03364	gnl|TC-DB|P0A9X1|3.A.1.15.5	90.8	251	23	0	1	251	1	251	1.2e-127	452.2
BCW-200596_03365	gnl|TC-DB|P39172|3.A.1.15.5	84.8	316	40	2	1	314	1	310	1.7e-136	481.9
BCW-200596_03366	gnl|TC-DB|B7L5V2|1.A.34.1.3	41.9	210	116	2	198	407	14	217	1.7e-41	166.8
BCW-200596_03379	gnl|TC-DB|Q4KDN3|9.B.62.1.5	40.2	107	63	1	17	123	15	120	2.7e-16	81.3
BCW-200596_03380	gnl|TC-DB|P76278|9.B.62.1.4	55.9	290	128	0	1	290	1	290	2.1e-88	322.0
BCW-200596_03391	gnl|TC-DB|P23865|9.B.174.1.2	90.9	682	62	0	1	682	1	682	0.0e+00	1227.6
BCW-200596_03392	gnl|TC-DB|P23894|9.B.1.1.6	93.2	293	20	0	1	293	1	293	5.4e-148	520.0
BCW-200596_03393	gnl|TC-DB|P76269|2.A.1.3.17	82.3	457	81	0	1	457	1	457	3.5e-210	727.2
BCW-200596_03401	gnl|TC-DB|P76264|2.A.107.1.1	86.2	188	26	0	13	200	1	188	6.0e-90	326.6
BCW-200596_03403	gnl|TC-DB|P69805|4.A.6.1.1	90.8	283	26	0	1	283	4	286	7.0e-145	509.6
BCW-200596_03404	gnl|TC-DB|P69801|4.A.6.1.1	92.5	266	20	0	1	266	1	266	1.8e-129	458.4
BCW-200596_03405	gnl|TC-DB|P69797|4.A.6.1.1	89.2	323	32	1	1	320	1	323	3.3e-159	557.4
BCW-200596_03406	gnl|TC-DB|L5DDD7|2.A.109.2.3	49.6	520	245	8	1	508	370	884	1.2e-121	433.3
BCW-200596_03416	gnl|TC-DB|P69451|4.C.1.1.4	92.9	561	40	0	12	572	1	561	2.0e-311	1063.9
BCW-200596_03424	gnl|TC-DB|P0A6M2|5.A.2.1.1	75.0	176	44	0	1	176	1	176	3.1e-82	300.8
BCW-200596_03425	gnl|TC-DB|P0AFA7|2.A.34.1.1	76.7	511	118	1	1	510	1	511	7.6e-214	739.6
BCW-200596_03430	gnl|TC-DB|P76007|2.A.36.6.11	91.1	575	51	0	1	575	1	575	6.2e-297	1015.8
BCW-200596_03434	gnl|TC-DB|A6TAG3|1.E.43.1.1	68.3	82	25	1	1	82	1	81	2.2e-25	110.9
BCW-200596_03435	gnl|TC-DB|Q8G8W9|1.B.14.1.26	30.5	686	434	19	45	700	136	808	4.2e-74	275.8
BCW-200596_03438	gnl|TC-DB|P0ADL1|2.A.1.2.26	46.4	379	203	0	15	393	16	394	1.3e-83	306.6
BCW-200596_03445	gnl|TC-DB|P07658|3.D.1.9.2	30.2	308	186	6	114	415	61	345	2.6e-37	153.7
BCW-200596_03485	gnl|TC-DB|P0AFR2|2.A.53.3.11	90.5	559	53	0	1	559	1	559	6.9e-253	869.4
BCW-200596_03488	gnl|TC-DB|P61320|1.B.46.1.1	85.6	201	29	0	3	203	7	207	1.1e-102	369.0
BCW-200596_03495	gnl|TC-DB|P31801|2.A.19.1.1	88.8	366	39	1	1	364	1	366	2.1e-170	594.7
BCW-200596_03502	gnl|TC-DB|Q44292|3.A.1.16.4	38.9	409	208	11	1	376	1	400	3.3e-74	275.4
BCW-200596_03503	gnl|TC-DB|Q7BW13|3.A.1.16.2	50.4	246	118	2	48	290	15	259	2.0e-65	245.7
BCW-200596_03504	gnl|TC-DB|P38045|3.A.1.16.1	55.3	257	113	2	1	256	1	256	4.5e-77	284.3
BCW-200596_03506	gnl|TC-DB|P77374|5.A.3.3.1	23.7	528	305	18	11	459	60	568	1.3e-16	85.1
BCW-200596_03507	gnl|TC-DB|P39165|1.B.54.1.9	63.8	436	158	0	3	438	24	459	6.1e-167	583.6
BCW-200596_03510	gnl|TC-DB|P10903|2.A.1.8.1	86.2	463	64	0	1	463	1	463	3.0e-233	803.9
BCW-200596_03511	gnl|TC-DB|P09152|5.A.3.1.1	93.5	1247	81	0	1	1247	1	1247	0.0e+00	2489.9
BCW-200596_03512	gnl|TC-DB|P11349|5.A.3.1.1	92.6	511	37	1	1	510	1	511	6.7e-295	1008.8
BCW-200596_03514	gnl|TC-DB|P11350|5.A.3.1.1	87.5	224	28	0	1	224	1	224	7.9e-115	409.5
BCW-200596_03525	gnl|TC-DB|P25743|2.A.95.1.7	87.9	215	26	0	1	215	1	215	2.6e-99	357.8
BCW-200596_03526	gnl|TC-DB|P23843|3.A.1.5.41	82.7	544	93	1	1	544	1	543	9.3e-279	955.3
BCW-200596_03527	gnl|TC-DB|P0AFH2|3.A.1.5.41	94.8	306	16	0	1	306	1	306	3.7e-147	517.3
BCW-200596_03528	gnl|TC-DB|P08006|3.A.1.5.1	95.7	302	13	0	1	302	1	302	6.8e-138	486.5
BCW-200596_03529	gnl|TC-DB|P76027|3.A.1.5.41	90.8	337	31	0	1	337	1	337	2.7e-175	610.9
BCW-200596_03530	gnl|TC-DB|P08007|3.A.1.5.1	94.9	334	17	0	1	334	1	334	6.1e-188	652.9
BCW-200596_03531	gnl|TC-DB|Q1D027|1.A.1.24.3	41.5	270	144	6	8	273	13	272	5.5e-41	164.5
BCW-200596_03534	gnl|TC-DB|P76249|2.A.76.1.5	73.3	210	56	0	1	210	1	210	1.6e-80	295.4
BCW-200596_03537	gnl|TC-DB|L0LHM3|2.A.7.31.3	36.4	275	174	1	1	274	1	275	1.4e-41	166.4
BCW-200596_03540	gnl|TC-DB|P02929|2.C.1.1.1	72.4	239	66	0	4	242	1	239	5.4e-53	204.1
BCW-200596_03544	gnl|TC-DB|P0A915|1.B.39.1.6	79.7	212	42	1	1	211	1	212	2.2e-98	354.8
BCW-200596_03550	gnl|TC-DB|P31064|9.B.102.1.1	89.9	396	40	0	1	396	1	396	7.3e-212	732.6
BCW-200596_03578	gnl|TC-DB|P77237|1.E.1.1.2	66.2	71	24	0	1	71	1	71	4.5e-24	106.3
BCW-200596_03580	gnl|TC-DB|P00726|1.M.1.1.1	50.6	154	73	2	1	153	1	152	5.8e-32	133.7
BCW-200596_03621	gnl|TC-DB|P30750|3.A.1.24.1	93.0	343	24	0	1	343	1	343	2.2e-177	617.8
BCW-200596_03622	gnl|TC-DB|P31547|3.A.1.24.1	96.3	217	8	0	1	217	1	217	4.8e-77	283.9
BCW-200596_03623	gnl|TC-DB|P28635|3.A.1.24.1	94.1	271	16	0	1	271	1	271	4.4e-144	506.9
BCW-200596_03643	gnl|TC-DB|P0A943|1.B.33.1.3	88.8	813	80	2	1	805	1	810	0.0e+00	1473.4
BCW-200596_03660	gnl|TC-DB|Q8ZRP7|3.A.1.13.1	78.6	257	55	0	25	281	8	264	4.2e-113	404.1
BCW-200596_03661	gnl|TC-DB|I7MT28|1.A.62.2.2	86.7	203	27	0	1	203	1	203	7.5e-96	346.3
BCW-200596_03663	gnl|TC-DB|A8ALD3|2.A.49.5.5	83.4	463	77	0	1	463	1	463	1.9e-216	748.0
BCW-200596_03665	gnl|TC-DB|P06972|3.A.1.14.3	84.4	660	103	0	1	660	1	660	1.6e-309	1057.7
BCW-200596_03666	gnl|TC-DB|P07822|3.A.1.14.3	76.0	292	70	0	4	295	5	296	5.5e-132	466.8
BCW-200596_03667	gnl|TC-DB|P07821|3.A.1.14.3	90.6	265	25	0	1	265	1	265	1.1e-139	492.3
BCW-200596_03668	gnl|TC-DB|P06971|1.B.14.1.2	83.8	747	116	3	4	749	5	747	0.0e+00	1273.1
BCW-200596_03682	gnl|TC-DB|P0AFN6|3.A.1.105.17	90.2	256	25	0	1	256	1	256	3.2e-128	454.1
BCW-200596_03683	gnl|TC-DB|P36879|3.A.1.105.17	91.9	308	25	0	1	308	1	308	2.7e-158	554.3
BCW-200596_03684	gnl|TC-DB|Q8F8H7|2.A.53.3.8	46.9	192	101	1	3	193	540	731	2.9e-53	204.9
BCW-200596_03687	gnl|TC-DB|P36649|1.B.76.1.8	79.4	524	100	1	1	524	1	516	3.1e-247	850.5
BCW-200596_03688	gnl|TC-DB|P0AA95|8.A.2.1.3	95.7	115	5	0	26	140	1	115	2.2e-59	224.6
BCW-200596_03700	gnl|TC-DB|P15993|2.A.3.1.3	91.4	456	39	0	1	456	2	457	3.7e-236	813.5
BCW-200596_03701	gnl|TC-DB|P31435|2.A.2.3.4	45.6	461	248	3	1	460	1	459	3.2e-118	421.8
BCW-200596_03703	gnl|TC-DB|P0AE14|9.B.125.1.1	80.6	284	55	0	1	284	1	284	6.9e-132	466.5
BCW-200596_03707	gnl|TC-DB|P15645|3.A.15.1.1	42.3	442	226	8	16	445	68	492	1.5e-88	323.2
BCW-200596_03708	gnl|TC-DB|P22609|3.A.15.2.1	27.6	333	240	1	53	384	41	373	3.8e-40	162.2
BCW-200596_03714	gnl|TC-DB|P10408|3.A.5.1.1	90.4	900	86	0	1	900	1	900	0.0e+00	1600.5
BCW-200596_03723	gnl|TC-DB|P0ABG4|2.A.103.1.1	90.6	414	39	0	1	414	1	414	4.4e-212	733.4
BCW-200596_03725	gnl|TC-DB|P0A6W3|9.B.146.1.6	98.1	360	7	0	1	360	1	360	7.2e-203	702.6
BCW-200596_03740	gnl|TC-DB|P31675|2.A.1.20.1	87.0	392	51	0	1	392	1	392	4.5e-190	660.2
BCW-200596_03743	gnl|TC-DB|P31550|3.A.1.19.1	91.4	327	28	0	1	327	1	327	2.2e-174	607.8
BCW-200596_03744	gnl|TC-DB|P31549|3.A.1.19.1	82.5	536	94	0	1	536	1	536	6.6e-253	869.4
BCW-200596_03745	gnl|TC-DB|P31548|3.A.1.19.1	78.3	230	50	0	1	230	1	230	1.4e-98	355.5
BCW-200596_03755	gnl|TC-DB|P31554|1.B.42.1.2	82.0	787	136	3	1	784	1	784	0.0e+00	1361.7
BCW-200596_03762	gnl|TC-DB|P03819|2.A.37.1.1	86.5	620	83	1	1	620	1	619	3.2e-299	1023.5
BCW-200596_03763	gnl|TC-DB|P0A754|2.A.37.1.1	84.1	176	28	0	1	176	1	176	1.0e-93	339.0
BCW-200596_03773	gnl|TC-DB|B8I766|9.B.105.1.5	31.2	144	90	4	13	153	2	139	2.4e-12	68.6
BCW-200596_03779	gnl|TC-DB|P13738|2.A.33.1.1	78.1	388	85	0	1	388	1	388	2.5e-164	574.7
BCW-200596_03781	gnl|TC-DB|P0A6Y8|1.A.33.1.2	94.8	640	31	1	1	640	1	638	0.0e+00	1152.9
BCW-200596_03782	gnl|TC-DB|P0AC98|2.A.96.1.1	87.8	188	23	0	1	188	1	188	4.6e-92	333.6
BCW-200596_03783	gnl|TC-DB|Q9HPN8|2.A.49.6.4	25.5	423	269	13	16	401	182	595	1.6e-12	70.5
BCW-200596_03784	gnl|TC-DB|Q56992|3.A.1.14.5	37.1	307	188	1	48	354	28	329	3.2e-46	182.2
BCW-200596_03785	gnl|TC-DB|Q9X665|3.A.1.14.7	32.6	230	148	4	12	236	12	239	7.1e-27	117.5
BCW-200596_03787	gnl|TC-DB|Q5ZYB5|3.A.7.9.1	30.9	414	276	5	10	418	2	410	3.0e-46	182.6
BCW-200596_03790	gnl|TC-DB|P30143|2.A.25.1.10	73.9	476	124	0	1	476	1	476	5.4e-198	686.8
BCW-200596_03807	gnl|TC-DB|P43672|3.A.1.120.6	34.2	512	326	6	21	527	18	523	8.5e-78	287.7
BCW-200596_03810	gnl|TC-DB|P24518|4.B.1.1.1	93.4	410	27	0	1	410	1	410	6.9e-234	805.8
BCW-200596_03834	gnl|TC-DB|P76330|9.B.34.1.4	37.4	163	94	4	192	348	401	561	4.2e-22	102.1
BCW-200596_03836	gnl|TC-DB|Q9KSH4|4.A.3.2.6	51.1	425	204	1	8	432	7	427	6.6e-121	430.6
BCW-200596_03840	gnl|TC-DB|Q8FA71|2.A.79.2.1	84.4	257	38	1	1	257	22	276	1.3e-124	442.2
BCW-200596_03849	gnl|TC-DB|M3JA40|1.B.52.2.1	30.3	178	110	2	354	517	283	460	3.5e-15	79.7
BCW-200596_03851	gnl|TC-DB|Q8ZJY5|2.A.114.1.10	92.2	717	55	1	1	717	1	716	0.0e+00	1314.3
BCW-200596_03853	gnl|TC-DB|P94400|9.B.10.1.1	27.6	377	193	12	1	308	1	366	9.6e-26	114.0
BCW-200596_03857	gnl|TC-DB|P37683|8.A.1.1.4	28.0	328	226	4	33	354	52	375	4.2e-22	102.1
BCW-200596_03870	gnl|TC-DB|Q01674|1.B.14.1.17	41.9	678	362	8	36	696	48	710	1.0e-157	553.5
BCW-200596_03882	gnl|TC-DB|Q934G3|1.B.35.1.1	62.1	235	85	3	2	233	3	236	5.9e-81	297.0
BCW-200596_03912	gnl|TC-DB|P75683|2.A.2.3.5	91.3	458	40	0	2	459	3	460	4.7e-239	823.2
BCW-200596_03919	gnl|TC-DB|Q11G42|2.A.118.1.2	58.1	465	194	1	3	466	12	476	1.1e-139	493.0
BCW-200596_03930	gnl|TC-DB|P36640|3.A.3.4.1	86.0	902	126	0	1	902	1	902	0.0e+00	1533.9
BCW-200596_03932	gnl|TC-DB|P36672|4.A.1.2.4	88.3	472	55	0	1	472	2	473	4.3e-240	826.6
BCW-200596_03933	gnl|TC-DB|Q05839|8.A.9.1.1	30.7	525	294	12	7	504	109	590	2.2e-70	263.1
BCW-200596_03953	gnl|TC-DB|M3JA40|1.B.52.2.1	51.8	83	37	1	331	410	257	339	2.8e-14	76.6
BCW-200596_03954	gnl|TC-DB|P37772|3.A.1.2.25	96.6	327	11	0	1	327	1	327	1.1e-170	595.5
BCW-200596_03955	gnl|TC-DB|P39328|3.A.1.2.25	86.2	340	47	0	1	340	2	341	4.8e-156	547.0
BCW-200596_03956	gnl|TC-DB|Q6BEX0|3.A.1.2.25	94.0	500	30	0	1	500	1	500	2.6e-267	917.1
BCW-200596_03957	gnl|TC-DB|P39325|3.A.1.2.25	94.7	318	17	0	51	368	1	318	1.2e-168	589.0
BCW-200596_03966	gnl|TC-DB|P07110|1.B.11.2.1	46.0	815	419	10	35	834	24	832	5.0e-207	717.6
BCW-200596_03968	gnl|TC-DB|Q8KRT4|1.C.80.1.1	47.5	183	84	5	1	176	1	178	7.3e-31	130.2
BCW-200596_03970	gnl|TC-DB|P39321|9.B.22.1.2	84.4	1259	195	1	1	1258	1	1259	0.0e+00	2162.9
BCW-200596_03971	gnl|TC-DB|P0ADE4|1.B.33.2.4	86.1	577	80	0	1	577	1	577	1.8e-304	1040.8
BCW-200596_03973	gnl|TC-DB|Q0PBV6|9.A.40.2.2	23.4	427	321	4	5	428	26	449	5.0e-36	148.7
BCW-200596_03988	gnl|TC-DB|P39314|2.A.7.3.19	83.2	321	54	0	1	321	1	321	3.0e-152	534.3
BCW-200596_03989	gnl|TC-DB|M3JA40|1.B.52.2.1	54.7	64	29	0	346	409	275	338	5.2e-11	65.9
BCW-200596_03991	gnl|TC-DB|P0AAE0|2.A.3.1.7	94.5	469	26	0	1	469	1	469	1.6e-247	851.3
BCW-200596_04004	gnl|TC-DB|M3JA40|1.B.52.2.1	48.9	88	42	1	482	569	287	371	8.5e-13	72.0
BCW-200596_04006	gnl|TC-DB|P0C0L7|2.A.1.6.4	35.6	424	251	6	12	420	24	440	1.5e-66	250.0
BCW-200596_04027	gnl|TC-DB|B0SM05|2.A.25.1.6	39.2	260	146	5	12	267	468	719	5.5e-45	177.9
BCW-200596_04028	gnl|TC-DB|P39285|1.A.23.1.3	83.3	1107	181	1	1	1103	1	1107	0.0e+00	1681.8
BCW-200596_04030	gnl|TC-DB|F9VN10|3.D.10.1.4	40.1	586	326	8	1	581	1	566	1.3e-108	390.2
BCW-200596_04031	gnl|TC-DB|P17596|3.D.10.1.3	28.9	218	150	5	7	219	5	222	1.4e-24	109.8
BCW-200596_04036	gnl|TC-DB|D5CES3|2.A.7.1.10	92.4	105	8	0	1	105	1	105	1.1e-45	178.7
BCW-200596_04038	gnl|TC-DB|P0ADB7|9.B.13.1.1	93.6	47	3	0	1	47	1	47	1.4e-16	80.9
BCW-200596_04045	gnl|TC-DB|P39277|2.A.3.13.1	83.4	409	68	0	1	409	1	409	1.3e-192	668.7
BCW-200596_04048	gnl|TC-DB|P0ABN5|2.A.13.1.1	61.8	434	164	2	1	433	1	433	7.7e-143	503.4
BCW-200596_04050	gnl|TC-DB|P36655|5.A.1.1.1	85.0	567	79	3	1	563	1	565	2.6e-276	947.2
BCW-200596_04057	gnl|TC-DB|P0C0L7|2.A.1.6.4	92.2	500	39	0	1	500	1	500	5.0e-263	902.9
BCW-200596_04058	gnl|TC-DB|P0A712|2.A.10.1.2	72.8	312	85	0	1	312	1	312	2.1e-124	441.8
BCW-200596_04063	gnl|TC-DB|P16677|3.A.1.9.1	88.2	262	31	0	1	262	1	262	1.5e-128	455.3
BCW-200596_04064	gnl|TC-DB|P16682|3.A.1.9.1	88.2	338	40	0	1	338	1	338	8.1e-172	599.4
BCW-200596_04065	gnl|TC-DB|P16683|3.A.1.9.1	91.9	259	21	0	1	259	1	259	5.5e-136	479.9
BCW-200596_04071	gnl|TC-DB|Q97VF5|3.A.1.5.9	36.5	255	152	3	4	248	45	299	2.5e-37	152.1
BCW-200596_04072	gnl|TC-DB|P75957|3.A.1.125.1	34.4	221	134	7	1	219	5	216	3.4e-25	111.7
BCW-200596_04079	gnl|TC-DB|Q9HV74|2.A.21.9.1	33.2	250	145	8	383	621	737	975	3.7e-23	106.7
BCW-200596_04080	gnl|TC-DB|G4FGN3|3.A.1.2.20	46.2	493	262	3	5	496	3	493	5.9e-126	447.6
BCW-200596_04081	gnl|TC-DB|A6VKS9|3.A.1.2.13	45.8	306	157	5	24	323	13	315	7.6e-58	220.7
BCW-200596_04082	gnl|TC-DB|Q9F9B2|3.A.1.2.7	31.1	296	177	9	3	276	1	291	1.2e-20	97.1
BCW-200596_04088	gnl|TC-DB|P07658|3.D.1.9.2	95.7	139	6	0	1	139	1	139	2.9e-75	277.3
BCW-200596_04089	gnl|TC-DB|P07658|3.D.1.9.2	94.1	558	33	0	1	558	157	714	0.0e+00	1087.0
BCW-200596_04094	gnl|TC-DB|P21345|2.A.23.1.1	93.6	437	28	0	1	437	1	437	9.3e-221	762.3
BCW-200596_04095	gnl|TC-DB|P31552|4.C.1.1.6	23.4	529	371	15	90	616	21	517	1.4e-26	117.9
BCW-200596_04096	gnl|TC-DB|P0AF54|9.B.136.1.1	79.6	103	21	0	1	103	1	103	1.7e-40	161.4
BCW-200596_04097	gnl|TC-DB|P32705|2.A.21.7.2	92.7	549	40	0	1	549	1	549	3.7e-283	969.9
BCW-200596_04098	gnl|TC-DB|P60643|2.A.122.1.3	27.3	220	159	1	11	229	14	233	6.5e-16	80.9
BCW-200596_04099	gnl|TC-DB|E7UC95|1.E.14.1.9	81.1	132	25	0	1	132	1	132	1.2e-54	208.8
BCW-200596_04101	gnl|TC-DB|P32703|2.A.36.3.1	94.5	546	30	0	1	546	1	546	4.5e-281	963.0
BCW-200596_04102	gnl|TC-DB|P0AF52|2.A.40.7.5	94.4	449	25	0	1	449	1	449	1.6e-223	771.5
BCW-200596_04107	gnl|TC-DB|P76330|9.B.34.1.4	31.2	202	130	5	264	460	360	557	3.8e-18	89.4
BCW-200596_04124	gnl|TC-DB|P28303|2.A.66.1.4	82.0	439	79	0	1	439	19	457	4.1e-200	693.7
BCW-200596_04131	gnl|TC-DB|P02943|1.B.3.1.1	72.6	453	100	6	1	437	2	446	1.8e-195	678.3
BCW-200596_04132	gnl|TC-DB|P68187|3.A.1.1.1	94.9	371	17	1	1	369	1	371	6.9e-201	696.0
BCW-200596_04133	gnl|TC-DB|P0AEX9|3.A.1.1.1	91.7	396	33	0	1	396	1	396	1.1e-217	751.9
BCW-200596_04134	gnl|TC-DB|P02916|3.A.1.1.1	89.1	514	56	0	1	514	1	514	7.5e-270	925.6
BCW-200596_04135	gnl|TC-DB|P68183|3.A.1.1.1	93.2	296	20	0	1	296	1	296	2.4e-156	547.7
BCW-200596_04137	gnl|TC-DB|D8EPC3|1.B.14.16.4	91.1	698	62	0	1	698	1	698	0.0e+00	1345.1
BCW-200596_04143	gnl|TC-DB|Q9K0A9|2.A.28.2.4	44.2	308	168	2	3	308	9	314	2.2e-62	235.7
BCW-200596_04148	gnl|TC-DB|P0AF43|2.A.58.2.1	91.7	543	45	0	1	543	1	543	6.3e-267	916.0
