BCW-200017_00005	gnl|TC-DB|A8YQR5|3.A.23.2.1	53.9	102	46	1	1	101	408	509	8.4e-27	117.1
BCW-200017_00013	gnl|TC-DB|P0AFZ7|2.A.38.1.1	96.7	483	16	0	1	483	1	483	5.9e-269	922.5
BCW-200017_00022	gnl|TC-DB|P69423|2.A.64.1.1	90.8	240	22	0	1	240	1	240	1.1e-120	429.1
BCW-200017_00023	gnl|TC-DB|P69425|2.A.64.1.1	71.5	179	42	2	1	179	1	170	1.6e-54	208.8
BCW-200017_00024	gnl|TC-DB|P69428|2.A.64.1.1	98.0	49	1	0	1	49	1	49	3.2e-19	90.5
BCW-200017_00033	gnl|TC-DB|P0ADP5|2.A.7.3.61	82.3	299	53	0	1	299	1	299	3.1e-143	504.2
BCW-200017_00036	gnl|TC-DB|P0AG34|2.A.76.1.1	88.8	206	23	0	1	206	1	206	1.1e-99	359.0
BCW-200017_00037	gnl|TC-DB|P0AG38|2.A.76.1.2	86.9	206	27	0	1	206	1	206	1.8e-97	351.7
BCW-200017_00038	gnl|TC-DB|Q5EAK4|2.A.16.2.2	26.7	424	258	13	31	426	1378	1776	3.2e-25	113.2
BCW-200017_00041	gnl|TC-DB|P27844|2.A.7.7.2	89.5	296	31	0	1	296	1	296	7.7e-150	526.2
BCW-200017_00042	gnl|TC-DB|P0A2R8|1.A.35.1.2	98.4	316	5	0	1	316	1	316	4.3e-175	610.1
BCW-200017_00048	gnl|TC-DB|P27838|9.B.21.2.1	88.7	106	12	0	1	106	1	106	2.5e-55	210.7
BCW-200017_00058	gnl|TC-DB|P27837|2.A.3.1.15	92.2	461	36	0	1	461	1	461	1.6e-239	824.7
BCW-200017_00060	gnl|TC-DB|B6I4D1|9.B.128.1.1	89.6	441	46	0	1	441	1	441	2.3e-222	767.7
BCW-200017_00062	gnl|TC-DB|P0AAA7|2.A.66.2.3	87.0	416	54	0	1	416	1	416	9.5e-199	689.1
BCW-200017_00068	gnl|TC-DB|P0AC78|9.B.146.1.7	81.2	367	69	0	1	367	1	367	1.9e-166	581.6
BCW-200017_00069	gnl|TC-DB|P40290|3.A.6.1.1	28.6	252	158	5	157	396	148	389	2.0e-15	80.1
BCW-200017_00071	gnl|TC-DB|O00571|1.I.1.1.3	35.7	364	220	4	9	358	180	543	4.5e-55	211.8
BCW-200017_00093	gnl|TC-DB|P06129|1.B.14.3.1	66.0	624	195	7	1	617	1	614	3.8e-244	840.5
BCW-200017_00114	gnl|TC-DB|Q9ZKE4|3.A.11.3.1	31.5	536	338	11	198	730	108	617	5.2e-67	252.3
BCW-200017_00122	gnl|TC-DB|P0AER0|1.A.8.1.1	90.0	281	28	0	1	281	1	281	3.4e-147	517.3
BCW-200017_00126	gnl|TC-DB|B7MI53|9.B.124.2.2	72.7	139	38	0	1	139	1	139	1.0e-56	215.7
BCW-200017_00131	gnl|TC-DB|P0AG78|3.A.1.6.1	92.4	329	25	0	1	329	1	329	2.1e-180	627.9
BCW-200017_00133	gnl|TC-DB|P69380|2.A.4.7.1	90.7	290	27	0	1	290	1	290	1.4e-148	521.9
BCW-200017_00140	gnl|TC-DB|P96517|2.A.1.5.4	98.1	413	8	0	1	413	1	413	5.3e-221	763.1
BCW-200017_00144	gnl|TC-DB|Q1D212|2.A.78.2.3	38.1	231	114	3	13	214	14	244	1.2e-35	146.4
BCW-200017_00145	gnl|TC-DB|Q1D213|2.A.78.2.3	46.5	99	53	0	8	106	3	101	4.9e-14	73.6
BCW-200017_00147	gnl|TC-DB|P45420|1.B.11.5.1	40.1	783	458	9	28	807	18	792	5.4e-166	581.3
BCW-200017_00152	gnl|TC-DB|P24183|5.A.3.2.1	82.1	195	35	0	1	195	1	195	1.8e-94	341.7
BCW-200017_00153	gnl|TC-DB|P24183|5.A.3.2.1	76.8	803	185	1	1	803	213	1014	0.0e+00	1338.9
BCW-200017_00154	gnl|TC-DB|P0AAJ3|5.A.3.2.1	77.6	294	66	0	1	294	1	294	1.2e-145	512.3
BCW-200017_00155	gnl|TC-DB|P0AEK7|5.A.3.2.1	48.6	210	106	1	1	208	1	210	1.6e-56	215.7
BCW-200017_00162	gnl|TC-DB|P0A8K8|9.B.126.2.1	87.7	293	33	1	1	293	1	290	6.6e-130	459.9
BCW-200017_00167	gnl|TC-DB|Q9Z625|1.B.12.1.3	64.0	981	317	2	1	971	1	955	8.5e-299	1022.7
BCW-200017_00170	gnl|TC-DB|Q9HV74|2.A.21.9.1	28.0	357	218	13	11	346	636	974	8.4e-23	104.4
BCW-200017_00171	gnl|TC-DB|Q9KN48|3.A.23.1.1	38.7	341	188	4	140	467	193	525	3.6e-53	205.7
BCW-200017_00177	gnl|TC-DB|P0A4L7|5.A.2.1.2	26.1	222	136	7	3	206	11	222	9.4e-14	73.6
BCW-200017_00184	gnl|TC-DB|D7A5Z9|2.A.113.1.7	26.4	273	183	7	22	284	45	309	1.0e-16	84.0
BCW-200017_00185	gnl|TC-DB|P0C0L7|2.A.1.6.4	92.2	500	39	0	1	500	1	500	3.9e-263	903.3
BCW-200017_00186	gnl|TC-DB|P15701|2.A.10.1.1	67.4	331	104	1	1	327	1	331	2.6e-114	408.3
BCW-200017_00191	gnl|TC-DB|P16677|3.A.1.9.1	85.9	262	37	0	1	262	1	262	3.0e-126	447.6
BCW-200017_00192	gnl|TC-DB|P16682|3.A.1.9.1	87.6	338	42	0	1	338	1	338	2.6e-170	594.3
BCW-200017_00193	gnl|TC-DB|P16683|3.A.1.9.1	93.8	259	16	0	1	259	1	259	1.3e-137	485.3
BCW-200017_00199	gnl|TC-DB|Q97VF5|3.A.1.5.9	37.3	255	150	3	4	248	45	299	9.3e-40	160.2
BCW-200017_00200	gnl|TC-DB|P37774|3.A.1.3.10	33.6	220	133	6	2	218	4	213	2.7e-22	102.1
BCW-200017_00207	gnl|TC-DB|Q9HV74|2.A.21.9.1	32.0	256	152	7	382	626	737	981	1.2e-21	101.7
BCW-200017_00208	gnl|TC-DB|G4FGN3|3.A.1.2.20	46.5	493	261	3	5	496	3	493	2.8e-128	455.3
BCW-200017_00209	gnl|TC-DB|A6VKS9|3.A.1.2.13	46.1	306	156	5	24	323	13	315	5.9e-58	221.1
BCW-200017_00210	gnl|TC-DB|Q9F9B2|3.A.1.2.7	32.8	296	172	11	3	276	1	291	2.9e-22	102.4
BCW-200017_00215	gnl|TC-DB|P07658|3.D.1.9.2	95.0	139	7	0	1	139	1	139	4.9e-75	276.6
BCW-200017_00216	gnl|TC-DB|P07658|3.D.1.9.2	94.4	558	31	0	1	558	157	714	0.0e+00	1093.2
BCW-200017_00219	gnl|TC-DB|P21345|2.A.23.1.1	95.2	437	21	0	1	437	1	437	1.4e-224	775.0
BCW-200017_00220	gnl|TC-DB|P31552|4.C.1.1.6	23.4	529	371	14	90	616	21	517	8.1e-27	118.6
BCW-200017_00221	gnl|TC-DB|P0AF54|9.B.136.1.1	76.9	104	24	0	1	104	1	104	7.0e-42	166.0
BCW-200017_00222	gnl|TC-DB|P32705|2.A.21.7.2	91.6	549	46	0	1	549	1	549	3.2e-279	956.8
BCW-200017_00223	gnl|TC-DB|P60643|2.A.122.1.3	29.7	195	137	0	35	229	39	233	1.2e-17	86.7
BCW-200017_00224	gnl|TC-DB|E7UC95|1.E.14.1.9	82.6	132	23	0	1	132	1	132	8.6e-56	212.6
BCW-200017_00226	gnl|TC-DB|P32703|2.A.36.3.1	94.7	546	29	0	1	546	1	546	4.1e-282	966.5
BCW-200017_00227	gnl|TC-DB|P0AF52|2.A.40.7.5	94.4	449	25	0	1	449	1	449	9.2e-224	772.3
BCW-200017_00232	gnl|TC-DB|P76330|9.B.34.1.4	35.8	176	106	5	293	465	391	562	8.4e-18	88.2
BCW-200017_00250	gnl|TC-DB|P28303|2.A.66.1.4	85.2	438	65	0	1	438	19	456	2.3e-206	714.5
BCW-200017_00254	gnl|TC-DB|P0AC96|2.A.8.1.8	95.7	421	18	0	1	421	26	446	2.7e-225	777.3
BCW-200017_00263	gnl|TC-DB|P10907|3.A.1.1.3	90.7	356	33	0	1	356	1	356	7.2e-187	649.4
BCW-200017_00264	gnl|TC-DB|P10906|3.A.1.1.3	89.0	281	31	0	1	281	1	281	5.0e-135	476.9
BCW-200017_00265	gnl|TC-DB|P10905|3.A.1.1.3	91.9	295	24	0	1	295	1	295	1.1e-153	538.9
BCW-200017_00266	gnl|TC-DB|P0AG80|3.A.1.1.3	89.7	438	45	0	1	438	1	438	4.2e-237	816.6
BCW-200017_00267	gnl|TC-DB|P22731|3.A.1.4.1	94.5	237	13	0	1	237	1	237	3.4e-124	440.7
BCW-200017_00268	gnl|TC-DB|P0A9S7|3.A.1.4.1	94.1	255	15	0	1	255	1	255	1.4e-136	481.9
BCW-200017_00269	gnl|TC-DB|P22729|3.A.1.4.1	93.6	425	27	0	1	425	1	425	5.7e-207	716.5
BCW-200017_00270	gnl|TC-DB|P0AEX7|3.A.1.4.1	96.4	308	11	0	1	308	1	308	2.3e-157	551.2
BCW-200017_00271	gnl|TC-DB|P04816|3.A.1.4.1	92.7	369	27	0	1	369	1	369	1.8e-201	698.0
BCW-200017_00273	gnl|TC-DB|P0AD96|3.A.1.4.1	93.7	365	22	1	1	364	3	367	1.1e-195	678.7
BCW-200017_00276	gnl|TC-DB|P0AC31|3.A.1.140.1	91.2	352	30	1	1	351	1	352	1.7e-177	618.2
BCW-200017_00277	gnl|TC-DB|P0A9R7|3.A.1.140.1	95.9	220	9	0	1	220	1	220	5.2e-119	423.3
BCW-200017_00278	gnl|TC-DB|P10121|3.A.5.1.1	96.5	310	11	0	179	488	188	497	1.6e-165	578.9
BCW-200017_00283	gnl|TC-DB|P37617|3.A.3.6.2	78.4	732	149	7	1	723	1	732	1.5e-300	1028.1
BCW-200017_00287	gnl|TC-DB|P02943|1.B.3.1.1	80.1	452	73	2	1	441	1	446	5.7e-218	753.1
BCW-200017_00288	gnl|TC-DB|P68187|3.A.1.1.1	94.6	371	18	1	1	369	1	371	2.2e-199	691.0
BCW-200017_00289	gnl|TC-DB|P0AEX9|3.A.1.1.1	92.2	396	31	0	1	396	1	396	3.9e-218	753.4
BCW-200017_00290	gnl|TC-DB|P02916|3.A.1.1.1	90.1	514	51	0	1	514	1	514	6.3e-269	922.5
BCW-200017_00291	gnl|TC-DB|P68183|3.A.1.1.1	93.2	296	20	0	1	296	1	296	3.5e-155	543.9
BCW-200017_00293	gnl|TC-DB|D8EPC3|1.B.14.16.4	89.7	698	72	0	1	698	1	698	0.0e+00	1325.5
BCW-200017_00299	gnl|TC-DB|Q9K0A9|2.A.28.2.4	44.7	300	164	1	3	300	9	308	9.8e-63	236.9
BCW-200017_00304	gnl|TC-DB|P0AF43|2.A.58.2.1	87.1	543	70	0	1	543	1	543	1.7e-248	854.7
BCW-200017_00315	gnl|TC-DB|P77389|2.A.1.2.65	42.3	378	211	4	5	381	7	378	1.2e-70	263.5
BCW-200017_00326	gnl|TC-DB|P72121|1.B.14.4.1	46.7	647	304	5	43	648	77	723	1.4e-169	592.8
BCW-200017_00336	gnl|TC-DB|P15754|3.A.15.1.1	45.7	197	105	2	9	204	22	217	4.3e-37	151.4
BCW-200017_00348	gnl|TC-DB|P31474|2.A.1.3.51	81.8	477	85	1	1	477	1	475	5.6e-211	729.9
BCW-200017_00351	gnl|TC-DB|P02925|3.A.1.2.1	98.0	296	6	0	1	296	1	296	2.1e-155	544.7
BCW-200017_00352	gnl|TC-DB|P0AGI1|3.A.1.2.1	94.1	321	19	0	1	321	1	321	1.2e-145	512.3
BCW-200017_00353	gnl|TC-DB|P04983|3.A.1.2.1	96.4	501	18	0	1	501	1	501	9.5e-278	951.8
BCW-200017_00355	gnl|TC-DB|P63183|2.A.72.1.1	92.4	622	47	0	1	622	1	622	0.0e+00	1145.6
BCW-200017_00363	gnl|TC-DB|C4X3L3|1.A.77.3.8	89.7	126	13	0	1	126	25	150	1.8e-55	211.5
BCW-200017_00364	gnl|TC-DB|P0AB98|3.A.2.1.1	93.4	271	18	0	1	271	1	271	5.7e-144	506.5
BCW-200017_00365	gnl|TC-DB|P68699|3.A.2.1.1	100.0	79	0	0	1	79	1	79	2.8e-35	143.7
BCW-200017_00366	gnl|TC-DB|P0ABA0|3.A.2.1.1	93.6	156	10	0	1	156	1	156	3.0e-52	201.1
BCW-200017_00367	gnl|TC-DB|P0ABA4|3.A.2.1.1	89.3	177	19	0	1	177	1	177	5.3e-82	300.1
BCW-200017_00368	gnl|TC-DB|P0ABB0|3.A.2.1.1	95.5	513	23	0	1	513	1	513	9.4e-281	961.8
BCW-200017_00369	gnl|TC-DB|P0ABA6|3.A.2.1.1	92.3	287	22	0	1	287	1	287	2.1e-149	524.6
BCW-200017_00370	gnl|TC-DB|P0ABB4|3.A.2.1.1	98.0	460	9	0	1	460	1	460	4.1e-259	889.8
BCW-200017_00371	gnl|TC-DB|P0A6E6|3.A.2.1.1	95.7	139	6	0	1	139	1	139	4.0e-69	256.9
BCW-200017_00374	gnl|TC-DB|P0AG82|3.A.1.7.1	91.9	346	28	0	1	346	1	346	6.5e-185	642.9
BCW-200017_00375	gnl|TC-DB|P0AGH8|3.A.1.7.1	95.0	319	16	0	1	319	1	319	8.2e-166	579.3
BCW-200017_00376	gnl|TC-DB|P07654|3.A.1.7.1	93.9	296	18	0	1	296	1	296	8.1e-152	532.7
BCW-200017_00377	gnl|TC-DB|P0AAH0|3.A.1.7.1	96.1	257	10	0	1	257	1	257	1.1e-144	508.8
BCW-200017_00380	gnl|TC-DB|P31466|2.A.40.7.6	94.4	445	25	0	2	446	1	445	9.5e-229	788.9
BCW-200017_00384	gnl|TC-DB|P31462|2.A.1.2.22	73.5	392	100	2	1	389	1	391	3.7e-152	534.3
BCW-200017_00386	gnl|TC-DB|P25714|2.A.9.3.1	91.4	548	46	1	1	547	1	548	1.9e-279	957.6
BCW-200017_00399	gnl|TC-DB|P0AA76|2.A.1.14.7	92.3	430	26	1	1	423	1	430	4.3e-231	796.6
BCW-200017_00404	gnl|TC-DB|B7L824|2.A.81.1.5	81.9	552	100	0	1	552	1	552	3.1e-253	870.5
BCW-200017_00406	gnl|TC-DB|Q9AGA7|4.A.1.1.10	90.4	540	52	0	1	540	1	540	1.2e-281	964.9
BCW-200017_00408	gnl|TC-DB|P0ADM0|9.B.51.1.1	86.1	115	16	0	1	115	1	115	4.5e-50	193.4
BCW-200017_00411	gnl|TC-DB|P08555|2.A.8.1.5	90.8	445	41	0	1	445	1	445	7.5e-218	752.7
BCW-200017_00414	gnl|TC-DB|P31442|2.A.1.2.9	86.2	385	53	0	1	385	10	394	3.3e-185	644.0
BCW-200017_00415	gnl|TC-DB|L0LHM3|2.A.7.31.3	49.5	277	139	1	1	276	1	277	4.7e-61	231.1
BCW-200017_00423	gnl|TC-DB|P09836|2.A.1.4.4	88.5	434	50	0	3	436	6	439	4.5e-231	796.6
BCW-200017_00424	gnl|TC-DB|P0AGC0|2.A.1.4.1	93.7	463	29	0	1	463	1	463	2.1e-247	850.9
BCW-200017_00427	gnl|TC-DB|P0ADL1|2.A.1.2.26	84.8	381	58	0	16	396	14	394	1.7e-173	605.1
BCW-200017_00428	gnl|TC-DB|P31437|2.A.7.3.12	83.9	298	48	0	1	298	1	298	3.2e-135	477.6
BCW-200017_00430	gnl|TC-DB|P69791|4.A.3.2.1	50.5	97	48	0	4	100	17	113	2.3e-21	97.8
BCW-200017_00431	gnl|TC-DB|Q86Z14|8.A.49.1.2	26.5	468	291	14	5	457	81	510	5.8e-40	161.8
BCW-200017_00432	gnl|TC-DB|Q9KSH4|4.A.3.2.6	48.2	434	224	1	4	437	6	438	6.5e-121	430.6
BCW-200017_00433	gnl|TC-DB|Q9KSH5|4.A.3.2.6	49.0	100	51	0	1	100	1	100	3.4e-20	94.0
BCW-200017_00437	gnl|TC-DB|P28635|3.A.1.24.1	63.4	262	95	1	5	266	11	271	6.9e-94	340.1
BCW-200017_00442	gnl|TC-DB|P33341|1.B.11.3.11	37.5	840	479	13	3	820	10	825	5.9e-152	534.6
BCW-200017_00454	gnl|TC-DB|A3DCU1|3.A.1.112.9	25.7	704	497	12	10	696	7	701	8.3e-62	235.0
BCW-200017_00461	gnl|TC-DB|G3IME2|9.B.35.1.2	35.7	112	69	2	27	136	31	141	4.6e-17	84.0
BCW-200017_00466	gnl|TC-DB|Q8CVM4|1.B.11.3.5	40.8	830	464	12	13	822	25	847	3.5e-168	588.6
BCW-200017_00484	gnl|TC-DB|P0AGM9|2.A.40.4.2	94.4	462	26	0	1	462	1	462	1.2e-239	825.1
BCW-200017_00485	gnl|TC-DB|P0AER8|2.A.27.1.1	91.5	400	34	0	1	400	1	400	3.2e-199	690.6
BCW-200017_00492	gnl|TC-DB|P0AGM2|1.A.62.2.3	88.8	205	23	0	1	205	1	205	7.2e-99	356.3
BCW-200017_00504	gnl|TC-DB|B8F5K7|4.D.1.3.2	52.5	244	114	2	5	246	4	247	3.1e-67	251.5
BCW-200017_00506	gnl|TC-DB|P75905|4.D.1.1.3	34.7	98	63	1	1	97	71	168	2.4e-11	66.2
BCW-200017_00520	gnl|TC-DB|B7LEG0|1.A.34.1.2	39.5	119	67	3	308	425	262	376	2.9e-17	86.3
BCW-200017_00528	gnl|TC-DB|Q51955|2.A.1.15.1	44.9	434	239	0	7	440	12	445	3.2e-107	385.2
BCW-200017_00531	gnl|TC-DB|P33231|2.A.14.1.1	91.5	551	47	0	1	551	1	551	8.8e-285	975.3
BCW-200017_00534	gnl|TC-DB|P30130|1.B.11.3.9	26.0	828	527	24	35	785	60	878	4.4e-72	269.2
BCW-200017_00547	gnl|TC-DB|P00550|4.A.2.1.2	92.7	633	46	0	1	633	1	633	0.0e+00	1132.9
BCW-200017_00548	gnl|TC-DB|P32108|9.B.32.1.1	71.4	112	30	1	1	110	1	112	4.2e-43	170.2
BCW-200017_00549	gnl|TC-DB|P37683|8.A.1.1.4	77.5	378	85	0	1	378	1	378	6.9e-164	573.2
BCW-200017_00555	gnl|TC-DB|P37681|9.B.99.1.1	55.7	246	109	0	1	246	1	246	1.4e-80	295.8
BCW-200017_00557	gnl|TC-DB|A1S5F2|2.A.2.3.6	39.2	444	266	3	20	463	2	441	3.6e-77	285.4
BCW-200017_00563	gnl|TC-DB|Q9RPV1|2.A.1.14.9	29.6	432	280	8	19	434	35	458	7.8e-42	167.9
BCW-200017_00568	gnl|TC-DB|P0AAK3|3.D.1.9.2	40.8	184	73	3	1	150	1	182	8.6e-33	136.3
BCW-200017_00573	gnl|TC-DB|P0AGI4|3.A.1.2.4	91.6	393	33	0	1	393	1	393	3.3e-185	644.0
BCW-200017_00574	gnl|TC-DB|P37388|3.A.1.2.4	89.3	513	55	0	1	513	1	513	1.7e-266	914.4
BCW-200017_00575	gnl|TC-DB|P37387|3.A.1.2.4	90.6	330	31	0	1	330	1	330	2.4e-168	587.8
BCW-200017_00580	gnl|TC-DB|P37669|9.B.97.1.1	82.2	331	59	0	1	331	1	331	1.5e-159	558.5
BCW-200017_00585	gnl|TC-DB|Q53712|3.A.1.120.3	31.2	529	283	16	40	522	63	556	5.6e-42	168.7
BCW-200017_00590	gnl|TC-DB|Q9RPP3|2.A.1.14.8	28.2	422	285	8	14	423	33	448	1.7e-41	166.8
BCW-200017_00594	gnl|TC-DB|P37665|9.B.186.1.1	91.3	219	19	0	1	219	1	219	2.5e-81	298.1
BCW-200017_00595	gnl|TC-DB|P20099|5.A.3.4.3	81.9	774	140	0	2	775	4	777	0.0e+00	1372.5
BCW-200017_00599	gnl|TC-DB|P37662|2.A.1.11.3	89.4	350	37	0	1	350	1	350	1.5e-169	592.0
BCW-200017_00602	gnl|TC-DB|P33950|3.A.1.5.27	55.3	517	230	1	19	535	30	545	1.4e-170	595.9
BCW-200017_00603	gnl|TC-DB|W0WN20|3.A.1.5.39	65.8	339	113	1	1	339	1	336	4.4e-125	444.1
BCW-200017_00604	gnl|TC-DB|W0WMS8|3.A.1.5.39	53.4	283	132	0	17	299	18	300	5.3e-82	300.8
BCW-200017_00605	gnl|TC-DB|P45095|3.A.1.5.27	76.3	325	76	1	1	325	1	324	6.4e-142	500.0
BCW-200017_00606	gnl|TC-DB|P45094|3.A.1.5.27	76.4	326	76	1	3	327	2	327	1.7e-142	501.9
BCW-200017_00632	gnl|TC-DB|P24518|4.B.1.1.1	93.2	410	28	0	1	410	1	410	1.2e-233	805.1
BCW-200017_00635	gnl|TC-DB|P43672|3.A.1.120.6	34.0	512	327	6	21	527	18	523	5.5e-77	285.0
BCW-200017_00643	gnl|TC-DB|Q9HV74|2.A.21.9.1	30.7	261	150	8	231	471	726	975	2.2e-18	90.1
BCW-200017_00652	gnl|TC-DB|P30143|2.A.25.1.10	69.7	476	144	0	1	476	1	476	8.1e-186	646.4
BCW-200017_00655	gnl|TC-DB|Q5ZYB5|3.A.7.9.1	33.1	411	265	5	10	415	2	407	1.9e-51	199.9
BCW-200017_00656	gnl|TC-DB|P0AC98|2.A.96.1.1	86.7	188	25	0	1	188	1	188	5.1e-91	330.1
BCW-200017_00657	gnl|TC-DB|P0A6Y8|1.A.33.1.2	96.1	638	24	1	1	637	1	638	0.0e+00	1161.7
BCW-200017_00659	gnl|TC-DB|P13738|2.A.33.1.1	76.0	384	92	0	1	384	1	384	2.7e-155	544.7
BCW-200017_00664	gnl|TC-DB|B8I766|9.B.105.1.5	32.7	162	94	5	13	165	2	157	7.6e-14	73.6
BCW-200017_00671	gnl|TC-DB|P0A754|2.A.37.1.1	88.1	176	21	0	1	176	1	176	1.7e-96	348.2
BCW-200017_00672	gnl|TC-DB|P03819|2.A.37.1.1	86.2	621	85	1	1	621	1	620	7.3e-296	1012.3
BCW-200017_00679	gnl|TC-DB|P31554|1.B.42.1.2	81.9	786	139	2	1	785	1	784	0.0e+00	1368.6
BCW-200017_00689	gnl|TC-DB|P31548|3.A.1.19.1	74.8	230	58	0	1	230	1	230	1.9e-95	345.1
BCW-200017_00690	gnl|TC-DB|P31549|3.A.1.19.1	82.5	536	94	0	1	536	1	536	1.7e-253	871.3
BCW-200017_00691	gnl|TC-DB|P31550|3.A.1.19.1	89.6	327	34	0	1	327	1	327	9.2e-173	602.4
BCW-200017_00694	gnl|TC-DB|P31675|2.A.1.20.1	87.0	392	51	0	1	392	1	392	1.1e-188	655.6
BCW-200017_00695	gnl|TC-DB|G2H2C1|1.E.53.1.8	62.0	50	19	0	1	50	20	69	3.6e-12	66.2
BCW-200017_00710	gnl|TC-DB|P0A6W3|9.B.146.1.6	98.1	360	7	0	1	360	1	360	3.6e-202	700.3
BCW-200017_00712	gnl|TC-DB|P0ABG4|2.A.103.1.1	90.3	414	40	0	1	414	1	414	5.7e-212	733.0
BCW-200017_00721	gnl|TC-DB|P10408|3.A.5.1.1	90.8	900	83	0	1	900	1	900	0.0e+00	1589.3
BCW-200017_00727	gnl|TC-DB|P22609|3.A.15.2.1	30.0	333	228	2	29	356	41	373	2.9e-42	169.1
BCW-200017_00728	gnl|TC-DB|P22608|3.A.15.2.1	46.4	377	186	5	88	453	192	563	3.4e-88	322.0
BCW-200017_00732	gnl|TC-DB|P0AE14|9.B.125.1.1	82.0	284	51	0	1	284	1	284	1.7e-130	461.8
BCW-200017_00734	gnl|TC-DB|P31435|2.A.2.3.4	46.3	460	244	3	1	459	1	458	6.2e-122	434.1
BCW-200017_00735	gnl|TC-DB|P15993|2.A.3.1.3	93.4	456	30	0	1	456	2	457	5.3e-243	836.3
BCW-200017_00749	gnl|TC-DB|P0AA95|8.A.2.1.3	95.7	115	5	0	14	128	1	115	5.4e-60	226.5
BCW-200017_00750	gnl|TC-DB|P36649|1.B.76.1.8	82.6	522	85	1	14	535	1	516	1.6e-251	864.8
BCW-200017_00753	gnl|TC-DB|Q8F8H7|2.A.53.3.8	46.8	188	99	1	7	193	544	731	2.4e-52	201.8
BCW-200017_00754	gnl|TC-DB|P36879|3.A.1.105.17	94.2	308	18	0	1	308	1	308	1.3e-160	562.0
BCW-200017_00755	gnl|TC-DB|P0AFN6|3.A.1.105.17	91.8	256	21	0	1	256	1	256	2.6e-130	461.1
BCW-200017_00762	gnl|TC-DB|P33129|1.B.11.3.3	47.1	858	436	7	12	856	12	864	4.8e-229	790.8
BCW-200017_00776	gnl|TC-DB|P06971|1.B.14.1.2	62.2	764	244	12	1	736	1	747	2.2e-262	901.4
BCW-200017_00777	gnl|TC-DB|P07821|3.A.1.14.3	92.1	265	21	0	1	265	1	265	3.7e-140	493.8
BCW-200017_00778	gnl|TC-DB|P07822|3.A.1.14.3	73.9	291	76	0	6	296	6	296	1.3e-128	455.7
BCW-200017_00779	gnl|TC-DB|P06972|3.A.1.14.3	83.8	660	107	0	1	660	1	660	8.3e-306	1045.4
BCW-200017_00781	gnl|TC-DB|A8ALD3|2.A.49.5.5	83.1	462	78	0	1	462	1	462	1.4e-211	731.9
BCW-200017_00783	gnl|TC-DB|I7MT28|1.A.62.2.2	87.7	203	25	0	1	203	1	203	1.5e-96	348.6
BCW-200017_00784	gnl|TC-DB|Q8ZRP7|3.A.1.13.1	77.3	264	60	0	1	264	1	264	9.3e-115	409.5
BCW-200017_00801	gnl|TC-DB|P0A943|1.B.33.1.3	89.3	813	76	4	1	805	1	810	0.0e+00	1480.7
BCW-200017_00821	gnl|TC-DB|P28635|3.A.1.24.1	96.3	271	10	0	1	271	1	271	2.1e-146	514.6
BCW-200017_00822	gnl|TC-DB|P31547|3.A.1.24.1	96.8	217	7	0	1	217	1	217	4.8e-77	283.9
BCW-200017_00823	gnl|TC-DB|P30750|3.A.1.24.1	93.6	343	22	0	1	343	1	343	1.3e-180	628.6
BCW-200017_00829	gnl|TC-DB|P36655|5.A.1.1.1	84.2	565	87	2	1	563	1	565	1.0e-275	945.3
BCW-200017_00831	gnl|TC-DB|P0ABN5|2.A.13.1.1	62.4	434	161	2	1	433	1	433	9.1e-144	506.5
BCW-200017_00834	gnl|TC-DB|P39277|2.A.3.13.1	82.4	409	72	0	1	409	1	409	1.5e-191	665.2
BCW-200017_00840	gnl|TC-DB|P0ADB7|9.B.13.1.1	91.7	48	4	0	1	48	1	48	1.0e-16	81.3
BCW-200017_00842	gnl|TC-DB|D5CES3|2.A.7.1.10	96.2	105	4	0	1	105	1	105	4.3e-47	183.3
BCW-200017_00848	gnl|TC-DB|P17596|3.D.10.1.3	28.9	218	150	5	7	219	5	222	1.4e-24	109.8
BCW-200017_00849	gnl|TC-DB|F9VN10|3.D.10.1.4	40.3	586	325	8	1	581	1	566	4.5e-109	391.7
BCW-200017_00851	gnl|TC-DB|P39285|1.A.23.1.3	88.1	1107	132	0	1	1107	1	1107	0.0e+00	1776.5
BCW-200017_00872	gnl|TC-DB|P0C0L7|2.A.1.6.4	34.9	424	254	5	7	415	24	440	1.5e-66	250.0
BCW-200017_00874	gnl|TC-DB|M3JA40|1.B.52.2.1	37.0	119	74	1	482	600	287	404	2.9e-13	73.6
BCW-200017_00880	gnl|TC-DB|P39301|4.A.7.1.1	95.7	465	20	0	1	465	1	465	1.9e-251	864.4
BCW-200017_00881	gnl|TC-DB|P69822|4.A.7.1.1	99.0	101	1	0	1	101	1	101	1.5e-52	201.4
BCW-200017_00882	gnl|TC-DB|P69820|4.A.7.1.1	87.7	154	19	0	1	154	1	154	3.0e-73	270.8
BCW-200017_00893	gnl|TC-DB|P0AAE0|2.A.3.1.7	94.7	469	25	0	1	469	1	469	2.7e-250	860.5
BCW-200017_00895	gnl|TC-DB|M3JA40|1.B.52.2.1	72.3	47	13	0	364	410	293	339	8.9e-11	65.1
BCW-200017_00896	gnl|TC-DB|P39314|2.A.7.3.19	84.7	313	48	0	1	313	1	313	9.4e-154	539.3
BCW-200017_00904	gnl|TC-DB|Q0PBV6|9.A.40.2.2	23.4	427	321	4	5	428	26	449	2.0e-37	153.3
BCW-200017_00908	gnl|TC-DB|Q6D188|2.A.2.5.2	41.0	502	282	6	7	500	4	499	5.4e-103	371.3
BCW-200017_00915	gnl|TC-DB|P0ADE4|1.B.33.2.4	85.6	577	83	0	1	577	1	577	7.5e-303	1035.4
BCW-200017_00916	gnl|TC-DB|P39321|9.B.22.1.2	85.6	1259	180	1	1	1258	1	1259	0.0e+00	2177.5
BCW-200017_00922	gnl|TC-DB|P39325|3.A.1.2.25	95.3	318	15	0	1	318	1	318	7.1e-170	592.8
BCW-200017_00923	gnl|TC-DB|Q6BEX0|3.A.1.2.25	94.6	500	27	0	1	500	1	500	4.7e-269	922.9
BCW-200017_00924	gnl|TC-DB|P39328|3.A.1.2.25	85.9	340	48	0	1	340	2	341	1.9e-157	551.6
BCW-200017_00925	gnl|TC-DB|P37772|3.A.1.2.25	96.9	327	10	0	1	327	1	327	6.7e-171	596.3
BCW-200017_00926	gnl|TC-DB|M3JA40|1.B.52.2.1	51.8	83	37	1	331	410	257	339	4.8e-14	75.9
BCW-200017_00946	gnl|TC-DB|Q05839|8.A.9.1.1	30.4	540	306	12	7	519	109	605	2.6e-71	266.2
BCW-200017_00947	gnl|TC-DB|P36672|4.A.1.2.4	88.1	472	56	0	1	472	2	473	3.7e-239	823.5
BCW-200017_00949	gnl|TC-DB|P36640|3.A.3.4.1	85.7	902	129	0	1	902	1	902	0.0e+00	1534.6
BCW-200017_00956	gnl|TC-DB|Q11G42|2.A.118.1.2	57.8	465	195	1	3	466	12	476	3.9e-140	494.6
BCW-200017_00963	gnl|TC-DB|P75683|2.A.2.3.5	98.0	460	9	0	1	460	1	460	4.5e-258	886.3
BCW-200017_01001	gnl|TC-DB|P94488|2.A.2.3.2	28.9	426	294	6	26	444	28	451	7.0e-41	164.9
BCW-200017_01003	gnl|TC-DB|Q9X4X4|2.A.1.30.1	37.8	508	310	3	17	520	17	522	2.0e-87	319.7
BCW-200017_01031	gnl|TC-DB|P46482|8.A.1.7.1	25.2	325	188	8	9	326	7	283	1.5e-14	77.0
BCW-200017_01042	gnl|TC-DB|P94400|9.B.10.1.1	28.8	312	172	9	1	271	1	303	9.0e-24	107.5
BCW-200017_01044	gnl|TC-DB|Q8ZJY5|2.A.114.1.10	91.9	717	57	1	1	717	1	716	0.0e+00	1308.5
BCW-200017_01051	gnl|TC-DB|Q9RPV1|2.A.1.14.9	72.2	425	111	2	15	432	25	449	2.0e-173	605.1
BCW-200017_01069	gnl|TC-DB|O07002|2.A.3.11.1	58.9	518	212	1	15	531	3	520	1.3e-184	642.5
BCW-200017_01071	gnl|TC-DB|M3JA40|1.B.52.2.1	57.4	68	29	0	354	421	283	350	6.6e-14	75.5
BCW-200017_01081	gnl|TC-DB|Q8FA71|2.A.79.2.1	88.0	250	30	0	8	257	27	276	6.0e-127	449.9
BCW-200017_01085	gnl|TC-DB|Q9KSH4|4.A.3.2.6	52.5	425	198	1	8	432	7	427	7.0e-123	437.2
BCW-200017_01087	gnl|TC-DB|P76330|9.B.34.1.4	34.8	184	112	3	172	349	381	562	1.9e-22	103.2
BCW-200017_01100	gnl|TC-DB|P37653|4.D.3.1.6	87.2	872	111	1	1	871	1	872	0.0e+00	1575.8
BCW-200017_01101	gnl|TC-DB|P37652|4.D.3.1.6	76.2	793	161	3	1	793	13	777	0.0e+00	1228.8
BCW-200017_01102	gnl|TC-DB|P37651|4.D.3.1.6	74.1	367	95	0	1	367	1	367	2.4e-169	591.3
BCW-200017_01103	gnl|TC-DB|P37650|1.B.55.3.1	75.1	1169	275	6	1	1165	1	1157	0.0e+00	1625.5
BCW-200017_01105	gnl|TC-DB|P0A830|2.A.23.1.7	92.8	428	31	0	1	428	1	428	2.3e-216	747.7
BCW-200017_01109	gnl|TC-DB|P37645|9.B.121.1.1	85.0	686	97	1	1	680	1	686	0.0e+00	1179.5
BCW-200017_01110	gnl|TC-DB|P37643|2.A.1.6.10	90.0	440	44	0	1	440	1	440	2.0e-218	754.6
BCW-200017_01111	gnl|TC-DB|P37642|9.B.126.1.1	83.2	339	53	1	1	339	1	335	1.6e-156	548.5
BCW-200017_01123	gnl|TC-DB|Q88RG3|3.A.1.109.3	38.6	730	426	6	1	728	1	710	6.5e-129	458.0
BCW-200017_01124	gnl|TC-DB|Q9I2M0|3.A.1.109.4	41.1	401	218	4	13	405	3	393	2.4e-77	285.8
BCW-200017_01141	gnl|TC-DB|P0A8S5|9.B.4.1.1	92.8	111	8	0	1	111	1	111	5.9e-55	209.5
BCW-200017_01144	gnl|TC-DB|P0AFJ7|2.A.20.1.1	89.0	500	53	2	1	499	1	499	2.2e-250	860.9
BCW-200017_01148	gnl|TC-DB|P30130|1.B.11.3.9	41.2	868	449	19	7	830	28	878	5.8e-171	597.8
BCW-200017_01151	gnl|TC-DB|Q7B1W8|2.A.109.1.1	81.4	338	63	0	1	338	1	338	6.5e-161	563.1
BCW-200017_01153	gnl|TC-DB|E9RJ18|3.A.7.13.2	34.5	110	62	3	80	180	251	359	5.6e-13	70.9
BCW-200017_01158	gnl|TC-DB|P77757|4.D.2.1.8	84.2	322	51	0	19	340	1	322	1.8e-155	545.0
BCW-200017_01161	gnl|TC-DB|G8LJX5|9.B.142.2.2	91.1	551	49	0	1	551	1	551	1.5e-287	984.6
BCW-200017_01162	gnl|TC-DB|P81891|2.A.7.22.2	66.4	110	37	0	1	110	1	110	1.2e-34	142.1
BCW-200017_01163	gnl|TC-DB|P76474|2.A.7.22.1	52.0	125	60	0	3	127	2	126	2.5e-28	121.3
BCW-200017_01170	gnl|TC-DB|Q7AA53|2.A.6.8.2	80.8	745	142	1	30	773	5	749	0.0e+00	1154.8
BCW-200017_01181	gnl|TC-DB|P0AGM0|2.A.86.1.2	87.4	348	43	1	2	349	3	349	5.1e-161	563.5
BCW-200017_01182	gnl|TC-DB|P37621|2.A.1.46.7	81.2	405	76	0	1	405	1	405	7.9e-182	632.9
BCW-200017_01184	gnl|TC-DB|B3WJF3|2.A.88.8.6	91.8	220	18	0	1	220	1	220	9.5e-113	402.5
BCW-200017_01186	gnl|TC-DB|P67143|2.A.95.1.5	94.4	197	11	0	1	197	1	197	6.1e-95	343.2
BCW-200017_01195	gnl|TC-DB|P09391|9.B.104.1.1	81.5	275	51	0	1	275	1	275	3.5e-133	470.7
BCW-200017_01200	gnl|TC-DB|P39835|2.A.8.1.4	94.7	438	23	0	1	438	1	438	4.5e-215	743.4
BCW-200017_01205	gnl|TC-DB|B5XTS6|9.A.8.1.10	79.7	79	15	1	1	78	1	79	7.1e-31	129.0
BCW-200017_01206	gnl|TC-DB|B5XTS7|9.A.8.1.10	88.7	772	87	0	1	772	1	772	0.0e+00	1360.9
BCW-200017_01207	gnl|TC-DB|B5XTS8|9.A.8.1.10	89.3	75	8	0	1	75	1	75	8.7e-34	138.7
BCW-200017_01211	gnl|TC-DB|Q9HV74|2.A.21.9.1	28.1	217	138	7	237	437	760	974	1.9e-11	67.0
BCW-200017_01222	gnl|TC-DB|Q1R5P6|1.B.22.4.2	75.6	405	99	0	5	409	5	409	7.8e-169	589.7
BCW-200017_01235	gnl|TC-DB|P60778|2.A.1.7.14	88.1	388	46	0	1	388	1	388	5.3e-191	663.3
BCW-200017_01240	gnl|TC-DB|P45537|2.A.85.1.3	82.1	692	123	1	1	691	5	696	0.0e+00	1134.8
BCW-200017_01246	gnl|TC-DB|O06924|3.B.1.1.4	59.4	529	205	2	30	551	29	554	5.0e-187	650.6
BCW-200017_01249	gnl|TC-DB|O06926|3.B.1.1.4	39.9	243	136	2	4	236	9	251	6.2e-45	177.6
BCW-200017_01250	gnl|TC-DB|O06927|3.B.1.1.4	37.8	164	99	2	52	212	63	226	4.0e-25	111.7
BCW-200017_01251	gnl|TC-DB|O32715|2.A.69.3.3	89.0	319	35	0	1	319	1	319	7.4e-151	529.6
BCW-200017_01255	gnl|TC-DB|Q83XH1|3.A.1.121.4	31.0	513	345	4	1	505	1	512	3.8e-74	275.8
BCW-200017_01256	gnl|TC-DB|P0A756|2.A.37.1.2	88.0	183	22	0	1	183	2	184	3.0e-96	347.4
BCW-200017_01257	gnl|TC-DB|P45522|2.A.37.1.2	89.9	601	61	0	1	601	1	601	1.2e-298	1021.5
BCW-200017_01270	gnl|TC-DB|Q9FI56|3.A.9.1.2	45.7	865	387	15	12	856	106	907	1.3e-205	713.0
BCW-200017_01273	gnl|TC-DB|P0AC02|1.B.33.1.3	94.3	245	14	0	1	245	1	245	1.7e-131	464.9
BCW-200017_01282	gnl|TC-DB|P07021|1.B.6.1.21	75.2	161	39	1	1	161	1	160	3.7e-66	247.3
BCW-200017_01289	gnl|TC-DB|P0AGD7|3.A.5.1.1	93.6	453	29	0	1	453	1	453	5.3e-235	809.7
BCW-200017_01290	gnl|TC-DB|P64432|9.B.14.3.6	90.0	260	26	0	26	285	1	260	1.6e-128	455.3
BCW-200017_01291	gnl|TC-DB|P37908|9.A.40.2.4	89.9	407	41	0	7	413	22	428	2.6e-204	707.6
BCW-200017_01296	gnl|TC-DB|P0A937|1.B.33.1.3	90.1	111	11	0	1	111	1	111	1.1e-53	205.3
BCW-200017_01322	gnl|TC-DB|Q9I2M1|3.A.1.109.4	38.6	682	415	3	40	721	42	719	3.7e-129	458.8
BCW-200017_01323	gnl|TC-DB|Q9I2M0|3.A.1.109.4	40.5	368	215	4	29	393	27	393	9.8e-68	253.8
BCW-200017_01341	gnl|TC-DB|A8ANM6|2.A.104.1.1	92.6	149	11	0	1	149	1	149	1.2e-74	275.4
BCW-200017_01348	gnl|TC-DB|P14175|3.A.1.12.1	94.2	399	23	0	1	399	1	399	2.3e-213	737.6
BCW-200017_01349	gnl|TC-DB|P14176|3.A.1.12.1	73.4	354	94	0	1	354	1	354	6.5e-132	466.8
BCW-200017_01350	gnl|TC-DB|P0AFM2|3.A.1.12.1	82.8	331	56	1	1	331	1	330	1.7e-166	581.6
BCW-200017_01351	gnl|TC-DB|P76628|2.A.1.36.3	85.5	392	57	0	1	392	1	392	2.5e-172	601.3
BCW-200017_01353	gnl|TC-DB|P27303|8.A.1.1.1	85.1	390	58	0	1	390	1	390	3.4e-174	607.4
BCW-200017_01354	gnl|TC-DB|P0AEJ0|2.A.1.3.2	93.0	515	33	1	1	515	1	512	2.3e-274	940.6
BCW-200017_01359	gnl|TC-DB|E1P8P0|9.B.27.3.1	88.7	142	16	0	1	142	1	142	1.3e-67	251.9
BCW-200017_01372	gnl|TC-DB|Q5FA63|3.A.1.15.10	39.9	306	159	4	1	285	6	307	8.3e-53	203.8
BCW-200017_01373	gnl|TC-DB|A1IQK4|3.A.1.15.10	54.6	271	122	1	3	273	4	273	2.0e-70	262.3
BCW-200017_01374	gnl|TC-DB|A1IQK5|3.A.1.15.10	41.1	202	118	1	2	202	13	214	2.2e-37	152.1
BCW-200017_01376	gnl|TC-DB|P56579|4.A.4.1.1	96.3	187	7	0	1	187	1	187	2.2e-102	367.9
BCW-200017_01377	gnl|TC-DB|P56580|4.A.4.1.1	91.6	320	25	2	1	319	1	319	4.8e-150	526.9
BCW-200017_01378	gnl|TC-DB|P05706|4.A.4.1.1	78.0	118	26	0	1	118	1	118	1.4e-49	191.8
BCW-200017_01383	gnl|TC-DB|Q9KN48|3.A.23.1.1	41.5	275	153	2	187	461	193	459	1.1e-47	187.6
BCW-200017_01388	gnl|TC-DB|P23516|2.A.52.1.1	53.0	336	154	3	9	340	16	351	2.9e-97	351.7
BCW-200017_01390	gnl|TC-DB|Q5P036|5.A.3.11.1	32.7	171	90	8	5	158	5	167	4.0e-16	81.3
BCW-200017_01392	gnl|TC-DB|P24241|4.A.1.2.3	89.6	473	49	0	1	473	1	473	5.8e-232	799.7
BCW-200017_01393	gnl|TC-DB|Q86Z14|8.A.49.1.2	25.1	491	288	18	4	474	81	511	1.2e-35	147.5
BCW-200017_01396	gnl|TC-DB|P16433|3.D.1.9.2	94.1	255	15	0	1	255	1	255	9.5e-141	495.7
BCW-200017_01397	gnl|TC-DB|P16432|3.D.1.9.2	90.5	179	17	0	1	179	1	179	1.0e-80	295.8
BCW-200017_01398	gnl|TC-DB|P16431|3.D.1.9.2	93.8	569	35	0	1	569	1	569	0.0e+00	1112.8
BCW-200017_01399	gnl|TC-DB|P16430|3.D.1.9.2	85.3	307	45	0	1	307	1	307	1.0e-141	499.2
BCW-200017_01400	gnl|TC-DB|P16429|3.D.1.9.2	78.1	608	129	1	1	604	1	608	1.1e-267	918.7
BCW-200017_01401	gnl|TC-DB|P0AAK3|3.D.1.9.2	87.5	200	25	0	1	200	1	200	6.2e-95	343.2
BCW-200017_01408	gnl|TC-DB|Q9KN48|3.A.23.1.1	42.8	278	156	2	330	606	143	418	5.0e-51	199.1
BCW-200017_01410	gnl|TC-DB|Q7W024|3.A.1.14.20	35.5	313	195	3	31	343	4	309	1.7e-39	159.8
BCW-200017_01411	gnl|TC-DB|Q8GRB0|3.A.1.14.8	38.7	243	146	1	6	245	5	247	6.5e-49	190.7
BCW-200017_01412	gnl|TC-DB|P69367|2.A.1.2.21	28.2	390	254	8	14	397	15	384	6.1e-33	138.3
BCW-200017_01421	gnl|TC-DB|O32182|2.A.1.3.33	21.8	409	260	6	4	353	12	419	6.9e-21	98.2
BCW-200017_01424	gnl|TC-DB|B7LEG0|1.A.34.1.2	76.1	381	82	3	1	374	1	379	3.1e-140	494.6
BCW-200017_01443	gnl|TC-DB|P20166|4.A.1.1.9	46.4	521	253	9	14	519	6	515	1.1e-119	426.8
BCW-200017_01451	gnl|TC-DB|Q93N33|2.A.21.9.2	30.8	273	166	8	265	522	752	1016	7.9e-20	95.9
BCW-200017_01455	gnl|TC-DB|C4ZZU4|2.A.1.14.40	93.5	448	29	0	1	448	1	448	2.3e-246	847.4
BCW-200017_01462	gnl|TC-DB|P0AAD6|2.A.42.2.1	92.3	429	33	0	1	429	1	429	1.2e-217	751.9
BCW-200017_01476	gnl|TC-DB|P31545|2.A.108.2.3	83.5	425	66	1	1	425	1	421	3.8e-211	730.3
BCW-200017_01477	gnl|TC-DB|P0AB24|2.A.108.2.3	87.2	375	47	1	1	374	1	375	5.0e-183	636.7
BCW-200017_01478	gnl|TC-DB|P75901|2.A.108.2.3	90.1	274	27	0	1	274	1	274	8.2e-138	486.1
BCW-200017_01479	gnl|TC-DB|P0AFF2|2.A.41.1.1	71.2	400	109	2	1	394	1	400	2.8e-147	518.1
BCW-200017_01481	gnl|TC-DB|P07117|2.A.21.2.1	94.8	500	26	0	1	500	1	500	4.0e-268	919.8
BCW-200017_01491	gnl|TC-DB|P75892|2.A.40.1.3	89.3	439	47	0	1	439	3	441	2.5e-213	737.6
BCW-200017_01492	gnl|TC-DB|K7QW88|2.A.7.3.52	34.6	269	167	6	17	284	11	271	2.0e-20	96.3
BCW-200017_01501	gnl|TC-DB|Q52398|1.A.26.1.4	55.8	326	142	2	6	330	28	352	9.3e-96	346.7
BCW-200017_01504	gnl|TC-DB|Q9I488|3.A.1.3.21	58.2	239	100	0	3	241	1	239	3.1e-72	268.1
BCW-200017_01505	gnl|TC-DB|P0AFT2|3.A.1.3.10	32.0	206	140	0	15	220	10	215	8.9e-26	113.6
BCW-200017_01506	gnl|TC-DB|P35113|3.A.1.3.6	32.6	218	137	2	5	212	1	218	2.4e-23	105.5
BCW-200017_01516	gnl|TC-DB|P94575|2.A.39.3.4	32.5	462	307	3	20	478	10	469	1.1e-76	283.9
BCW-200017_01518	gnl|TC-DB|G3IME2|9.B.35.1.2	31.6	114	69	3	2	107	29	141	5.4e-13	70.1
BCW-200017_01523	gnl|TC-DB|P0AC78|9.B.146.1.7	44.6	332	174	5	2	328	8	334	5.6e-59	224.6
BCW-200017_01524	gnl|TC-DB|P0A930|1.B.18.3.1	68.7	374	116	1	4	376	6	379	9.7e-150	526.2
BCW-200017_01526	gnl|TC-DB|P76387|8.A.3.3.2	47.7	696	363	1	18	712	18	713	9.6e-183	636.7
BCW-200017_01537	gnl|TC-DB|D8EPC3|1.B.14.16.4	56.7	697	291	6	10	702	7	696	2.9e-232	801.2
BCW-200017_01540	gnl|TC-DB|P16552|2.A.1.5.2	35.0	412	251	3	17	421	18	419	2.4e-64	242.7
BCW-200017_01548	gnl|TC-DB|Q05596|3.A.1.23.6	86.0	272	37	1	1	272	1	271	3.5e-133	470.7
BCW-200017_01549	gnl|TC-DB|Q05598|3.A.1.23.6	77.8	225	50	0	2	226	1	225	8.5e-101	362.8
BCW-200017_01550	gnl|TC-DB|Q05595|3.A.1.23.6	88.9	36	4	0	58	93	58	93	8.8e-12	65.9
BCW-200017_01551	gnl|TC-DB|Q05594|3.A.1.23.6	92.2	245	19	0	1	245	1	245	1.1e-125	445.7
BCW-200017_01562	gnl|TC-DB|Q8PVB2|9.B.125.2.2	34.0	326	184	6	8	318	15	324	1.1e-40	163.7
BCW-200017_01574	gnl|TC-DB|Q01857|2.A.23.1.3	40.1	364	213	3	47	405	54	417	1.2e-66	250.4
BCW-200017_01582	gnl|TC-DB|P39580|2.A.50.2.1	28.5	382	221	15	11	368	35	388	4.7e-32	135.2
BCW-200017_01588	gnl|TC-DB|P06202|3.A.1.5.1	54.7	536	238	3	12	542	8	543	2.7e-169	591.7
BCW-200017_01589	gnl|TC-DB|P0AAC6|1.A.14.2.1	93.6	219	14	0	1	219	1	219	6.5e-106	379.8
BCW-200017_01600	gnl|TC-DB|P0AB12|9.B.55.1.1	87.8	148	18	0	1	148	1	148	3.9e-70	260.4
BCW-200017_01601	gnl|TC-DB|P75870|2.A.85.1.1	82.4	716	126	0	1	716	1	716	0.0e+00	1187.6
BCW-200017_01604	gnl|TC-DB|P0A910|1.B.6.1.1	85.2	351	47	2	1	351	1	346	8.7e-169	589.3
BCW-200017_01611	gnl|TC-DB|P43672|3.A.1.120.6	84.1	634	101	0	1	634	1	634	3.6e-298	1020.0
BCW-200017_01617	gnl|TC-DB|P75853|3.A.1.17.10	84.4	315	49	0	3	317	2	316	1.8e-152	535.0
BCW-200017_01619	gnl|TC-DB|P75851|3.A.1.17.10	92.0	261	21	0	1	261	1	261	2.0e-125	444.9
BCW-200017_01620	gnl|TC-DB|B1X8N7|3.A.1.17.10	87.0	253	33	0	1	253	1	253	1.7e-121	431.8
BCW-200017_01624	gnl|TC-DB|Q6RW54|1.B.1.1.12	66.6	362	116	4	2	362	1	358	3.2e-134	474.6
BCW-200017_01639	gnl|TC-DB|P60752|3.A.1.106.1	95.2	582	28	0	1	582	1	582	4.3e-298	1019.6
BCW-200017_01640	gnl|TC-DB|P44408|3.A.11.2.2	34.4	665	378	13	129	748	133	784	4.1e-91	332.4
BCW-200017_01648	gnl|TC-DB|P0AC23|1.A.16.1.1	94.0	285	17	0	1	285	1	285	5.4e-153	536.6
BCW-200017_01652	gnl|TC-DB|P21503|2.A.1.26.1	84.8	381	58	0	1	381	1	381	1.1e-182	635.6
BCW-200017_01653	gnl|TC-DB|P18777|5.A.3.3.2	84.7	287	44	0	1	287	1	287	5.5e-137	483.4
BCW-200017_01654	gnl|TC-DB|P18776|5.A.3.3.2	94.1	205	12	0	1	205	1	205	5.5e-123	436.4
BCW-200017_01655	gnl|TC-DB|P18775|5.A.3.3.2	88.6	814	93	0	1	814	1	814	0.0e+00	1523.1
BCW-200017_01658	gnl|TC-DB|P61316|1.B.46.1.1	92.1	203	16	0	1	203	1	203	2.1e-106	381.3
BCW-200017_01659	gnl|TC-DB|P46889|3.A.12.1.2	78.0	1329	195	10	1	1232	1	1329	0.0e+00	1634.4
BCW-200017_01662	gnl|TC-DB|P29018|3.A.1.129.1	84.5	588	91	0	1	588	1	588	2.1e-284	974.2
BCW-200017_01663	gnl|TC-DB|P23886|3.A.1.129.1	81.8	573	104	0	1	573	1	573	2.1e-260	894.4
BCW-200017_01666	gnl|TC-DB|Q9SXJ7|3.A.9.1.2	38.5	800	402	11	17	737	133	921	3.7e-148	521.9
BCW-200017_01669	gnl|TC-DB|P75831|3.A.1.122.1	86.4	648	86	1	1	646	1	648	2.0e-312	1067.4
BCW-200017_01670	gnl|TC-DB|P75830|3.A.1.122.1	83.8	364	59	0	8	371	8	371	6.8e-156	546.6
BCW-200017_01673	gnl|TC-DB|P60844|1.A.8.3.1	90.5	231	22	0	1	231	1	231	1.6e-118	421.8
BCW-200017_01674	gnl|TC-DB|P75826|2.A.124.1.1	86.0	299	42	0	1	299	1	299	1.9e-140	495.0
BCW-200017_01685	gnl|TC-DB|P15754|3.A.15.1.1	51.5	200	96	1	23	222	27	225	9.8e-48	186.8
BCW-200017_01689	gnl|TC-DB|Q9XD68|3.A.15.3.1	29.0	200	121	6	7	186	3	201	3.7e-13	71.6
BCW-200017_01692	gnl|TC-DB|P15746|3.A.15.1.1	71.4	140	40	0	8	147	1	140	6.1e-55	209.9
BCW-200017_01693	gnl|TC-DB|P15745|3.A.15.1.1	42.4	401	209	2	1	401	1	379	2.6e-76	282.3
BCW-200017_01694	gnl|TC-DB|P15645|3.A.15.1.1	60.6	452	176	1	36	487	42	491	1.0e-154	543.1
BCW-200017_01695	gnl|TC-DB|P15644|1.B.22.1.1	53.8	626	270	6	23	632	27	649	1.2e-179	626.3
BCW-200017_01703	gnl|TC-DB|P0AAF6|3.A.1.3.3	93.8	242	15	0	1	242	1	242	2.3e-128	454.5
BCW-200017_01704	gnl|TC-DB|P30859|3.A.1.3.3	92.2	243	19	0	1	243	1	243	1.8e-128	454.9
BCW-200017_01705	gnl|TC-DB|P0AE34|3.A.1.3.3	95.4	237	11	0	1	237	1	237	2.9e-123	437.6
BCW-200017_01706	gnl|TC-DB|P0AE30|3.A.1.3.3	92.8	222	16	0	1	222	1	222	2.2e-101	364.8
BCW-200017_01707	gnl|TC-DB|P30860|3.A.1.3.3	88.9	243	27	0	1	243	1	243	2.6e-124	441.0
BCW-200017_01712	gnl|TC-DB|P0AFL1|3.A.1.11.2	92.9	281	20	0	1	281	1	281	8.5e-143	502.7
BCW-200017_01713	gnl|TC-DB|P31135|3.A.1.11.2	89.9	317	32	0	1	317	1	317	4.0e-165	577.0
BCW-200017_01714	gnl|TC-DB|P31134|3.A.1.11.2	92.3	377	29	0	1	377	1	377	1.5e-203	704.9
BCW-200017_01715	gnl|TC-DB|P31133|3.A.1.11.2	90.8	370	34	0	1	370	1	370	1.1e-203	705.3
BCW-200017_01721	gnl|TC-DB|A7ZJR5|2.A.81.1.4	94.1	561	33	0	1	561	1	561	2.4e-301	1030.4
BCW-200017_01722	gnl|TC-DB|Q643C2|9.B.97.3.1	25.2	306	207	9	6	289	75	380	1.0e-12	70.9
BCW-200017_01726	gnl|TC-DB|P75810|2.A.1.60.2	81.5	400	73	1	1	399	1	400	4.2e-175	610.5
BCW-200017_01728	gnl|TC-DB|P0AEY8|2.A.1.2.19	88.5	407	47	0	1	407	1	407	6.3e-203	703.0
BCW-200017_01730	gnl|TC-DB|P94571|9.B.105.1.3	29.6	159	107	2	5	163	1	154	1.1e-14	76.6
BCW-200017_01737	gnl|TC-DB|P75799|3.A.1.5.11	86.8	303	40	0	1	303	1	303	2.7e-134	474.6
BCW-200017_01738	gnl|TC-DB|P75798|3.A.1.5.11	87.6	306	38	0	1	306	1	306	2.0e-153	538.1
BCW-200017_01739	gnl|TC-DB|P75797|3.A.1.5.11	86.7	512	68	0	1	512	1	512	3.7e-261	896.7
BCW-200017_01740	gnl|TC-DB|P75796|3.A.1.5.11	79.3	622	129	0	1	622	1	622	4.8e-279	956.4
BCW-200017_01750	gnl|TC-DB|P0AA78|2.A.1.14.2	43.5	416	234	1	16	430	42	457	1.2e-100	363.2
BCW-200017_01752	gnl|TC-DB|Q83XH1|3.A.1.121.4	46.4	526	281	1	1	526	1	525	1.3e-139	493.0
BCW-200017_01756	gnl|TC-DB|U5MFA1|4.A.3.2.9	34.1	425	271	3	14	432	8	429	1.0e-57	220.7
BCW-200017_01757	gnl|TC-DB|Q86Z14|8.A.49.1.2	28.6	465	278	14	6	455	82	507	3.8e-39	159.1
BCW-200017_01758	gnl|TC-DB|P63144|8.A.5.1.3	33.3	330	198	7	1	320	71	388	6.6e-44	174.5
BCW-200017_01759	gnl|TC-DB|B3PY75|1.B.17.3.8	32.7	504	295	6	1	496	1	468	4.4e-65	245.4
BCW-200017_01760	gnl|TC-DB|P0AEJ0|2.A.1.3.2	36.0	497	306	3	18	513	15	500	2.9e-88	322.4
BCW-200017_01761	gnl|TC-DB|Q9RQ30|8.A.1.1.2	47.3	129	66	2	235	361	225	353	6.1e-24	108.2
BCW-200017_01762	gnl|TC-DB|P75788|2.A.45.2.5	78.6	369	79	0	1	369	1	369	5.2e-164	573.5
BCW-200017_01766	gnl|TC-DB|G0EBV0|1.B.6.2.10	82.1	173	28	2	1	172	1	171	1.4e-74	275.4
BCW-200017_01767	gnl|TC-DB|P0AA67|2.A.7.3.6	81.0	295	56	0	1	295	1	295	1.6e-131	465.3
BCW-200017_01769	gnl|TC-DB|P0AEQ3|3.A.1.3.2	96.0	248	9	1	1	247	1	248	4.6e-132	466.8
BCW-200017_01770	gnl|TC-DB|P0AEQ6|3.A.1.3.2	94.5	219	12	0	1	219	1	219	1.1e-110	395.6
BCW-200017_01771	gnl|TC-DB|P10346|3.A.1.3.2	96.2	240	9	0	1	240	1	240	1.3e-128	455.3
BCW-200017_01772	gnl|TC-DB|P75783|1.A.23.3.2	80.6	741	140	1	1	737	1	741	0.0e+00	1143.6
BCW-200017_01780	gnl|TC-DB|P30130|1.B.11.3.9	41.2	851	443	17	35	846	45	877	9.7e-174	607.1
BCW-200017_01784	gnl|TC-DB|O00571|1.I.1.1.3	42.2	398	207	8	2	377	181	577	2.0e-72	269.6
BCW-200017_01786	gnl|TC-DB|P75777|3.A.1.105.15	63.4	331	121	0	1	331	2	332	6.2e-84	307.4
BCW-200017_01787	gnl|TC-DB|P0A9U1|3.A.1.105.15	89.6	577	60	0	1	577	1	577	1.2e-303	1038.1
BCW-200017_01788	gnl|TC-DB|C6EIY9|3.A.1.105.15	89.4	377	40	0	1	377	1	377	5.8e-187	649.8
BCW-200017_01789	gnl|TC-DB|P0AFP9|3.A.1.105.15	93.2	367	25	0	1	367	1	367	1.3e-194	675.2
BCW-200017_01790	gnl|TC-DB|P0AAW6|9.B.15.1.1	82.2	135	24	0	1	135	1	135	2.9e-56	214.2
BCW-200017_01793	gnl|TC-DB|P75770|4.D.2.4.3	85.5	318	46	0	1	318	1	318	1.4e-154	542.0
BCW-200017_01794	gnl|TC-DB|P0AAC4|1.A.14.2.2	83.8	235	37	1	1	235	1	234	1.0e-101	365.9
BCW-200017_01802	gnl|TC-DB|Q0S720|3.A.1.4.9	34.3	233	144	4	1	230	9	235	7.1e-29	124.0
BCW-200017_01817	gnl|TC-DB|P09833|3.A.1.8.1	88.0	351	42	0	1	351	1	351	2.7e-178	620.9
BCW-200017_01818	gnl|TC-DB|P0AF01|3.A.1.8.1	92.6	229	17	0	1	229	1	229	4.3e-116	413.7
BCW-200017_01819	gnl|TC-DB|P37329|3.A.1.8.1	86.3	255	35	0	1	255	1	255	4.5e-122	433.7
BCW-200017_01820	gnl|TC-DB|A6T6J1|2.A.6.2.49	79.6	49	10	0	1	49	1	49	2.0e-15	77.0
BCW-200017_01822	gnl|TC-DB|A7BAX2|3.A.1.26.3	29.3	495	279	19	10	471	246	702	4.2e-28	122.5
BCW-200017_01830	gnl|TC-DB|P75757|2.A.4.1.4	79.4	310	62	1	1	308	1	310	6.8e-141	496.5
BCW-200017_01831	gnl|TC-DB|P24520|4.B.1.1.1	87.4	238	30	0	1	238	1	238	1.7e-115	411.8
BCW-200017_01848	gnl|TC-DB|P26379|4.A.6.1.2	30.8	107	74	0	1	107	1	107	1.5e-13	72.4
BCW-200017_01849	gnl|TC-DB|Q9KIQ2|4.A.6.1.4	93.8	292	18	0	1	292	1	292	5.2e-151	530.0
BCW-200017_01850	gnl|TC-DB|Q9KIQ3|4.A.6.1.4	87.6	259	32	0	1	259	1	259	1.0e-102	369.4
BCW-200017_01851	gnl|TC-DB|Q9KIQ4|4.A.6.1.4	93.0	157	11	0	1	157	13	169	2.6e-80	294.3
BCW-200017_01859	gnl|TC-DB|P0AAD8|2.A.42.2.2	88.9	443	49	0	1	443	1	443	1.1e-221	765.4
BCW-200017_01865	gnl|TC-DB|P64591|9.B.124.1.2	77.1	118	27	0	1	118	1	118	8.1e-58	219.2
BCW-200017_01869	gnl|TC-DB|P64585|1.E.34.2.1	81.5	130	24	0	1	130	1	130	4.2e-52	200.3
BCW-200017_01873	gnl|TC-DB|P0AA63|9.B.27.2.2	94.1	220	13	0	1	220	1	220	2.9e-114	407.5
BCW-200017_01875	gnl|TC-DB|P0AA78|2.A.1.14.2	89.8	431	44	0	1	431	41	471	1.7e-219	758.1
BCW-200017_01878	gnl|TC-DB|P0AGE4|2.A.23.4.1	83.3	412	69	0	2	413	3	414	9.5e-183	636.0
BCW-200017_01879	gnl|TC-DB|P42601|2.A.109.1.7	87.8	319	39	0	1	319	1	319	1.7e-155	545.0
BCW-200017_01886	gnl|TC-DB|P77257|3.A.1.2.8	60.6	492	191	2	4	492	11	502	4.8e-165	577.4
BCW-200017_01887	gnl|TC-DB|P77672|3.A.1.2.8	64.9	339	119	0	1	339	2	340	4.3e-112	401.0
BCW-200017_01888	gnl|TC-DB|P0AFS1|3.A.1.2.8	71.7	321	91	0	1	321	3	323	2.8e-121	431.4
BCW-200017_01889	gnl|TC-DB|P76142|3.A.1.2.8	83.2	334	52	1	4	333	7	340	2.0e-159	558.1
BCW-200017_01901	gnl|TC-DB|Q3YL97|1.B.20.1.3	63.5	537	194	1	24	558	52	588	1.2e-204	709.1
BCW-200017_01902	gnl|TC-DB|917745143|1.C.75.1.2	31.2	3384	1632	81	5	2942	44	3177	1.6e-91	335.9
BCW-200017_01904	gnl|TC-DB|917745143|1.C.75.1.2	47.5	573	268	6	11	557	2626	3191	4.0e-97	352.4
BCW-200017_01911	gnl|TC-DB|P42915|1.B.11.3.6	33.1	628	399	10	74	698	139	748	2.0e-87	320.1
BCW-200017_01932	gnl|TC-DB|Q9KW03|9.A.33.1.1	43.8	169	89	2	2	165	5	172	4.5e-29	126.3
BCW-200017_01949	gnl|TC-DB|Q98CY5|2.A.99.1.3	35.5	169	100	5	7	166	12	180	3.1e-13	71.6
BCW-200017_01957	gnl|TC-DB|Q46909|2.A.1.1.95	25.2	432	293	11	47	477	20	422	2.2e-21	100.1
BCW-200017_01958	gnl|TC-DB|P60782|9.B.31.1.1	93.2	205	14	0	1	205	1	205	3.8e-108	387.1
BCW-200017_01970	gnl|TC-DB|P75750|1.B.11.2.2	55.5	802	345	8	17	810	17	814	5.7e-264	906.7
BCW-200017_01971	gnl|TC-DB|B7LAC5|1.C.80.1.4	45.7	188	99	3	1	185	1	188	1.3e-33	139.4
BCW-200017_01972	gnl|TC-DB|P0A8H3|2.A.5.5.1	90.7	257	24	0	1	257	1	257	3.4e-114	407.5
BCW-200017_01976	gnl|TC-DB|P02930|1.B.17.1.1	83.8	495	78	1	1	495	1	493	6.0e-216	746.5
BCW-200017_01982	gnl|TC-DB|Q21EL3|1.B.14.1.24	28.7	718	457	19	17	713	16	699	1.5e-58	224.2
BCW-200017_01983	gnl|TC-DB|Q9RCF3|3.A.1.14.6	54.3	254	116	0	43	296	21	274	2.5e-76	282.0
BCW-200017_01984	gnl|TC-DB|Q8GRB2|3.A.1.14.8	41.0	290	164	2	40	325	56	342	5.1e-46	181.4
BCW-200017_01985	gnl|TC-DB|Q8GRB1|3.A.1.14.8	37.9	322	187	6	28	343	7	321	2.3e-41	166.0
BCW-200017_01996	gnl|TC-DB|P36649|1.B.76.1.8	31.8	515	287	10	3	459	1	509	2.3e-63	239.6
BCW-200017_01998	gnl|TC-DB|P80874|8.A.5.1.4	35.3	150	74	7	17	145	15	162	8.7e-15	77.4
BCW-200017_02001	gnl|TC-DB|P0AA60|9.B.27.2.1	84.9	219	33	0	1	219	1	219	7.2e-105	376.3
BCW-200017_02003	gnl|TC-DB|P0ABU7|1.A.30.2.1	84.8	244	36	1	1	243	1	244	2.7e-105	377.9
BCW-200017_02004	gnl|TC-DB|P0ABV2|1.A.30.2.1	78.7	141	30	0	1	141	1	141	2.3e-56	214.5
BCW-200017_02009	gnl|TC-DB|P63144|8.A.5.1.3	34.9	324	196	8	13	329	71	386	2.7e-45	179.1
BCW-200017_02020	gnl|TC-DB|P42061|3.A.1.5.20	29.1	501	327	12	39	518	41	534	3.0e-48	189.5
BCW-200017_02021	gnl|TC-DB|P42062|3.A.1.5.20	40.8	314	185	1	1	313	1	314	4.3e-66	248.1
BCW-200017_02022	gnl|TC-DB|P26904|3.A.1.5.2	39.1	276	166	2	6	279	45	320	1.7e-50	196.1
BCW-200017_02023	gnl|TC-DB|P26905|3.A.1.5.2	56.4	319	137	2	1	317	1	319	9.7e-98	353.2
BCW-200017_02024	gnl|TC-DB|O86575|3.A.1.5.34	54.3	317	141	3	8	320	39	355	2.0e-95	345.5
BCW-200017_02027	gnl|TC-DB|P75905|4.D.1.1.3	65.5	438	150	1	1	438	1	437	3.4e-170	594.3
BCW-200017_02029	gnl|TC-DB|P69434|1.B.55.1.1	42.4	792	439	6	54	840	28	807	4.0e-172	601.7
BCW-200017_02035	gnl|TC-DB|Q46831|9.B.120.1.1	80.3	238	44	1	1	238	1	235	1.7e-96	348.6
BCW-200017_02039	gnl|TC-DB|Q8VS41|2.A.24.2.5	81.2	453	84	1	1	452	1	453	5.0e-209	723.4
BCW-200017_02047	gnl|TC-DB|P0AFF4|2.A.1.10.1	78.9	418	88	0	1	418	1	418	5.8e-188	653.3
BCW-200017_02058	gnl|TC-DB|P64564|9.A.4.1.2	86.2	188	26	0	1	188	1	188	1.9e-85	311.6
BCW-200017_02060	gnl|TC-DB|P24559|3.A.15.2.1	47.1	327	170	1	1	324	1	327	4.7e-76	281.2
BCW-200017_02067	gnl|TC-DB|P0AEP1|2.A.1.1.1	95.3	465	21	1	1	465	1	464	1.9e-251	864.4
BCW-200017_02071	gnl|TC-DB|O24779|1.B.25.1.3	61.8	424	160	2	1	422	2	425	1.1e-149	526.2
BCW-200017_02077	gnl|TC-DB|P0C0S1|1.A.23.2.1	84.8	282	43	0	1	282	1	282	1.2e-115	412.5
BCW-200017_02078	gnl|TC-DB|P11667|2.A.75.1.2	91.0	211	19	0	1	211	1	211	2.7e-109	391.0
BCW-200017_02093	gnl|TC-DB|Q86Z14|8.A.49.1.2	26.0	481	298	15	5	477	80	510	2.2e-37	153.3
BCW-200017_02096	gnl|TC-DB|P67153|1.C.113.1.10	91.3	218	19	0	1	218	1	218	2.2e-109	391.3
BCW-200017_02107	gnl|TC-DB|B7LEG0|1.A.34.1.2	42.7	262	93	3	35	239	116	377	1.0e-51	199.9
BCW-200017_02129	gnl|TC-DB|P30130|1.B.11.3.9	47.5	855	420	13	26	864	37	878	2.3e-223	771.9
BCW-200017_02133	gnl|TC-DB|Q8TZQ3|3.A.1.1.16	47.3	296	145	4	13	299	13	306	8.2e-66	247.3
BCW-200017_02134	gnl|TC-DB|O54371|3.A.1.20.1	24.5	261	188	5	15	274	16	268	1.7e-15	80.9
BCW-200017_02142	gnl|TC-DB|P63340|2.A.42.2.5	80.8	407	78	0	1	407	1	407	9.7e-180	625.9
BCW-200017_02143	gnl|TC-DB|Q8XG43|2.A.117.1.3	81.8	148	27	0	1	148	10	157	9.6e-64	239.2
BCW-200017_02148	gnl|TC-DB|P0AE24|2.A.1.1.2	91.9	472	37	1	1	471	1	472	1.5e-245	844.7
BCW-200017_02152	gnl|TC-DB|P25733|1.B.11.4.1	28.3	873	586	17	21	884	24	865	1.9e-90	330.5
BCW-200017_02157	gnl|TC-DB|P02925|3.A.1.2.1	24.4	275	194	7	60	326	27	295	5.6e-11	65.1
BCW-200017_02158	gnl|TC-DB|U5MFA1|4.A.3.2.9	93.9	440	25	1	1	440	1	438	6.5e-230	792.7
BCW-200017_02163	gnl|TC-DB|P31119|4.C.1.1.16	88.0	718	86	0	1	718	1	718	0.0e+00	1286.2
BCW-200017_02164	gnl|TC-DB|P39196|2.A.1.42.1	88.4	363	42	0	1	363	1	363	1.7e-176	615.1
BCW-200017_02165	gnl|TC-DB|P0A9T4|8.A.5.1.5	91.0	346	31	0	1	346	1	346	1.3e-185	645.2
BCW-200017_02169	gnl|TC-DB|Q9HY55|4.A.2.1.17	36.8	568	339	8	170	733	402	953	1.8e-83	307.0
BCW-200017_02179	gnl|TC-DB|Q6MDD6|3.A.7.16.1	27.5	568	309	16	40	589	219	701	6.1e-37	152.1
BCW-200017_02191	gnl|TC-DB|P07658|3.D.1.9.2	65.2	715	244	4	1	713	1	712	4.3e-292	1000.0
BCW-200017_02198	gnl|TC-DB|Q5HGY5|3.A.1.11.8	28.4	232	144	7	1	228	4	217	1.7e-14	76.3
BCW-200017_02207	gnl|TC-DB|O32169|3.A.1.24.2	57.4	338	143	1	1	337	1	338	1.4e-107	386.0
BCW-200017_02208	gnl|TC-DB|O32168|3.A.1.24.2	61.7	222	85	0	1	222	1	222	2.3e-66	248.4
BCW-200017_02209	gnl|TC-DB|O32167|3.A.1.24.2	49.1	269	129	3	5	269	9	273	1.5e-67	252.7
BCW-200017_02211	gnl|TC-DB|Q8YPM7|3.A.1.3.18	37.9	198	119	2	27	220	177	374	5.0e-24	107.8
BCW-200017_02212	gnl|TC-DB|Q8YPM8|3.A.1.3.18	33.6	223	135	4	17	232	80	296	2.1e-26	115.9
BCW-200017_02213	gnl|TC-DB|P48243|3.A.1.3.9	55.0	240	107	1	24	263	2	240	8.2e-66	246.9
BCW-200017_02214	gnl|TC-DB|Q8RCC4|3.A.1.3.27	35.2	230	139	6	37	260	33	258	2.6e-27	119.0
BCW-200017_02221	gnl|TC-DB|P96878|2.A.53.3.12	29.4	170	113	2	26	189	571	739	4.3e-22	101.3
BCW-200017_02225	gnl|TC-DB|P37340|2.A.66.1.3	85.9	453	64	0	1	453	5	457	8.5e-217	749.2
BCW-200017_02228	gnl|TC-DB|P37597|2.A.1.2.62	77.6	401	87	2	1	399	1	400	1.2e-169	592.4
BCW-200017_02230	gnl|TC-DB|Q0HIQ8|3.A.1.2.14	27.0	233	151	10	58	277	21	247	2.5e-11	66.2
BCW-200017_02232	gnl|TC-DB|P77389|2.A.1.2.65	90.4	387	37	0	1	387	1	387	3.2e-188	654.1
BCW-200017_02242	gnl|TC-DB|P76187|8.A.5.1.7	87.2	298	38	0	1	298	1	298	1.0e-154	542.3
BCW-200017_02244	gnl|TC-DB|Q8ZPN4|2.A.85.1.5	80.7	679	129	1	1	677	1	679	0.0e+00	1093.6
BCW-200017_02245	gnl|TC-DB|P46482|8.A.1.7.1	41.4	273	159	1	11	283	14	285	2.3e-50	195.7
BCW-200017_02246	gnl|TC-DB|G4PZW1|8.A.48.1.1	65.4	78	27	0	1	78	1	78	5.7e-28	119.4
BCW-200017_02248	gnl|TC-DB|P76330|9.B.34.1.4	36.7	188	116	3	264	449	372	558	9.9e-24	107.8
BCW-200017_02256	gnl|TC-DB|P77304|2.A.17.1.2	86.5	498	64	2	1	496	1	497	2.9e-242	833.9
BCW-200017_02258	gnl|TC-DB|P77179|3.D.6.1.4	78.1	224	49	0	1	224	1	224	2.0e-94	341.7
BCW-200017_02259	gnl|TC-DB|P77285|3.D.6.1.4	75.2	206	51	0	1	206	1	206	3.4e-88	320.9
BCW-200017_02260	gnl|TC-DB|P76182|3.D.6.1.4	86.0	350	49	0	1	350	1	350	6.8e-174	606.3
BCW-200017_02261	gnl|TC-DB|P77611|3.D.6.1.4	79.5	556	114	0	1	556	1	556	3.5e-243	837.4
BCW-200017_02262	gnl|TC-DB|P77223|3.D.6.1.4	81.8	192	35	0	1	192	1	192	2.6e-74	274.6
BCW-200017_02263	gnl|TC-DB|P0A766|3.D.6.1.4	94.8	193	10	0	1	193	1	193	1.9e-93	338.2
BCW-200017_02269	gnl|TC-DB|P19642|4.A.1.1.3	87.9	530	64	0	1	530	1	530	4.5e-270	926.4
BCW-200017_02294	gnl|TC-DB|P0A754|2.A.37.1.1	41.3	167	96	1	5	171	4	168	4.9e-32	134.0
BCW-200017_02309	gnl|TC-DB|B1XBH4|1.E.1.1.4	91.9	74	6	0	1	74	1	74	5.0e-34	139.4
BCW-200017_02311	gnl|TC-DB|P00726|1.M.1.1.1	58.2	134	55	1	1	133	19	152	2.0e-36	148.3
BCW-200017_02345	gnl|TC-DB|P0ACX0|9.B.72.1.2	82.9	111	19	0	1	111	1	111	1.0e-46	182.2
BCW-200017_02347	gnl|TC-DB|P0AAE5|2.A.3.2.8	89.3	460	49	0	1	460	1	460	1.2e-231	798.5
BCW-200017_02349	gnl|TC-DB|P07001|3.D.2.1.1	89.6	509	52	1	1	508	1	509	5.2e-255	876.3
BCW-200017_02350	gnl|TC-DB|P0AB67|3.D.2.1.1	92.9	462	33	0	1	462	1	462	3.6e-239	823.5
BCW-200017_02355	gnl|TC-DB|P46133|2.A.68.1.1	88.2	508	60	0	1	508	1	508	5.3e-252	866.3
BCW-200017_02373	gnl|TC-DB|Q9I6X4|2.A.6.2.27	43.9	1000	560	1	9	1007	5	1004	1.7e-225	779.2
BCW-200017_02374	gnl|TC-DB|Q9I6X6|2.A.6.2.27	36.8	337	207	2	41	375	28	360	2.9e-45	179.1
BCW-200017_02381	gnl|TC-DB|P0AFS5|2.A.86.1.4	81.1	344	65	0	1	344	1	344	1.8e-142	501.9
BCW-200017_02382	gnl|TC-DB|P69213|2.A.7.1.9	84.7	118	18	0	3	120	4	121	4.2e-46	180.3
BCW-200017_02383	gnl|TC-DB|P69210|2.A.7.1.9	89.9	109	11	0	1	109	1	109	3.3e-50	193.7
BCW-200017_02384	gnl|TC-DB|P0AAP1|9.B.34.1.2	30.5	187	117	3	276	455	186	366	7.8e-15	79.0
BCW-200017_02389	gnl|TC-DB|P43531|2.A.1.36.1	83.9	417	66	1	1	417	1	416	1.6e-190	661.8
BCW-200017_02393	gnl|TC-DB|A8AGW0|2.A.49.5.4	78.9	417	86	2	13	428	1	416	2.6e-178	621.3
BCW-200017_02394	gnl|TC-DB|Q8ZPK4|3.A.1.12.14	91.1	382	34	0	1	382	1	382	3.4e-203	703.7
BCW-200017_02395	gnl|TC-DB|Q8ZPK3|3.A.1.12.14	92.1	215	17	0	1	215	1	215	1.0e-103	372.5
BCW-200017_02396	gnl|TC-DB|Q8ZPK2|3.A.1.12.14	83.1	290	49	0	10	299	11	300	4.0e-138	487.3
BCW-200017_02397	gnl|TC-DB|Q8ZPK1|3.A.1.12.14	86.8	234	30	1	1	233	1	234	3.2e-106	380.9
BCW-200017_02399	gnl|TC-DB|657066955|9.B.143.3.6	29.1	230	159	3	7	232	12	241	6.8e-19	90.9
BCW-200017_02400	gnl|TC-DB|P0ADL1|2.A.1.2.26	37.0	365	223	3	1	362	25	385	1.3e-61	233.4
BCW-200017_02414	gnl|TC-DB|C5IZH0|2.A.6.2.47	92.6	391	29	0	1	391	1	391	6.2e-200	693.0
BCW-200017_02415	gnl|TC-DB|C5IZH1|2.A.6.2.47	95.8	1050	44	0	1	1050	1	1050	0.0e+00	1915.2
BCW-200017_02430	gnl|TC-DB|P72770|2.A.53.4.1	30.9	521	352	5	5	522	1	516	1.1e-56	217.6
BCW-200017_02433	gnl|TC-DB|P77374|5.A.3.3.1	85.5	812	114	1	1	812	1	808	0.0e+00	1458.0
BCW-200017_02438	gnl|TC-DB|P76169|2.A.7.26.1	87.9	107	13	0	1	107	1	107	1.7e-51	198.0
BCW-200017_02441	gnl|TC-DB|P77228|2.A.1.6.9	84.6	416	63	1	29	443	1	416	3.4e-197	684.1
BCW-200017_02449	gnl|TC-DB|O53183|2.A.1.2.71	34.2	386	249	3	4	385	11	395	4.2e-50	195.3
BCW-200017_02456	gnl|TC-DB|P0AAP1|9.B.34.1.2	29.9	251	155	9	122	365	130	366	3.2e-20	95.9
BCW-200017_02475	gnl|TC-DB|A9QY47|9.B.50.1.4	78.8	312	66	0	1	312	1	312	2.9e-147	517.7
BCW-200017_02477	gnl|TC-DB|P17583|2.A.1.17.1	29.5	373	258	2	12	380	3	374	6.9e-34	141.4
BCW-200017_02485	gnl|TC-DB|Q9HXW4|2.A.6.2.17	42.3	1023	582	3	6	1021	3	1024	2.3e-225	778.9
BCW-200017_02486	gnl|TC-DB|Q9I6X5|2.A.6.2.27	27.3	352	247	4	11	358	7	353	3.0e-18	89.4
BCW-200017_02509	gnl|TC-DB|G8WDN3|2.A.7.21.5	77.0	148	34	0	5	152	1	148	1.9e-56	214.9
BCW-200017_02510	gnl|TC-DB|G8WDN2|2.A.7.21.5	75.4	142	35	0	1	142	1	142	6.5e-54	206.5
BCW-200017_02519	gnl|TC-DB|Q6V6X7|2.A.6.2.18	34.9	467	282	8	6	456	6	466	6.9e-57	218.0
BCW-200017_02520	gnl|TC-DB|P27303|8.A.1.1.1	30.9	311	203	4	47	355	47	347	4.8e-29	125.2
BCW-200017_02529	gnl|TC-DB|Q9I2M1|3.A.1.109.4	41.9	704	401	7	5	706	17	714	1.5e-135	479.9
BCW-200017_02530	gnl|TC-DB|Q9I2M0|3.A.1.109.4	42.1	390	217	5	3	385	6	393	7.9e-78	287.3
BCW-200017_02557	gnl|TC-DB|P0ABK2|3.D.4.3.2	28.3	364	214	10	8	330	10	367	9.2e-35	144.1
BCW-200017_02568	gnl|TC-DB|P09551|3.A.1.3.1	44.9	247	134	1	5	249	7	253	1.0e-57	219.9
BCW-200017_02574	gnl|TC-DB|P33950|3.A.1.5.27	51.8	541	248	2	2	530	6	545	1.4e-162	569.3
BCW-200017_02578	gnl|TC-DB|P76103|2.A.46.1.9	68.1	383	122	0	1	383	1	383	3.8e-141	497.7
BCW-200017_02587	gnl|TC-DB|Q8NRW1|3.A.1.4.5	46.7	377	185	6	27	403	49	409	1.9e-93	339.3
BCW-200017_02588	gnl|TC-DB|Q8NRW0|3.A.1.4.5	43.9	294	159	2	228	521	4	291	1.1e-58	224.2
BCW-200017_02589	gnl|TC-DB|Q9L3S4|3.A.1.4.4	44.1	311	171	2	45	353	30	339	4.7e-61	231.5
BCW-200017_02590	gnl|TC-DB|Q8NRV8|3.A.1.4.5	43.4	242	129	4	25	264	3	238	3.5e-45	178.3
BCW-200017_02591	gnl|TC-DB|Q9L3S2|3.A.1.4.4	47.9	215	110	2	14	227	4	217	2.0e-49	192.2
BCW-200017_02592	gnl|TC-DB|O05703|3.A.1.15.3	52.7	182	86	0	32	213	320	501	2.9e-50	194.9
BCW-200017_02593	gnl|TC-DB|P31126|2.A.1.2.55	69.0	390	120	1	1	390	1	389	1.6e-150	528.9
BCW-200017_02594	gnl|TC-DB|P31125|2.A.7.3.2	84.2	297	47	0	1	297	1	297	4.5e-134	473.8
BCW-200017_02598	gnl|TC-DB|P0AEY1|2.A.95.1.1	89.1	221	24	0	1	221	1	221	3.7e-101	364.0
BCW-200017_02599	gnl|TC-DB|P31122|2.A.1.2.15	85.1	396	59	0	1	396	1	396	8.3e-184	639.4
BCW-200017_02608	gnl|TC-DB|P76330|9.B.34.1.4	34.6	179	107	5	292	464	386	560	1.7e-18	90.5
BCW-200017_02609	gnl|TC-DB|P0AAP1|9.B.34.1.2	31.9	163	111	0	153	315	199	361	2.1e-20	96.3
BCW-200017_02612	gnl|TC-DB|B2N0W4|1.A.46.2.6	80.6	304	59	0	1	304	18	321	4.4e-137	483.8
BCW-200017_02620	gnl|TC-DB|P9WG63|5.A.1.2.9	32.6	439	237	8	4	395	119	545	6.3e-51	198.0
BCW-200017_02627	gnl|TC-DB|Q8XG43|2.A.117.1.3	49.3	138	70	0	7	144	18	155	1.8e-30	128.6
BCW-200017_02649	gnl|TC-DB|Q9KN48|3.A.23.1.1	38.0	355	188	6	196	522	180	530	1.6e-54	210.3
BCW-200017_02654	gnl|TC-DB|Q63CS3|1.C.41.1.3	30.3	347	219	5	13	347	54	389	3.4e-17	85.9
BCW-200017_02656	gnl|TC-DB|P77735|8.A.5.1.6	55.6	324	142	1	1	324	1	322	4.5e-101	364.4
BCW-200017_02658	gnl|TC-DB|M4V7W7|1.A.23.1.4	34.1	413	262	3	134	537	120	531	1.8e-59	226.9
BCW-200017_02660	gnl|TC-DB|Q9ZHC9|2.A.6.1.3	95.8	1045	44	0	1	1045	1	1045	0.0e+00	1951.0
BCW-200017_02661	gnl|TC-DB|P77239|2.A.6.1.4	69.0	410	122	3	6	413	1	407	1.5e-159	558.9
BCW-200017_02663	gnl|TC-DB|Q9ZHD2|1.B.17.3.4	86.6	461	62	0	1	461	1	461	6.8e-222	766.1
BCW-200017_02665	gnl|TC-DB|Q9HV74|2.A.21.9.1	28.6	224	140	6	267	480	761	974	2.7e-19	93.2
BCW-200017_02667	gnl|TC-DB|P76269|2.A.1.3.17	36.1	462	281	5	11	469	7	457	1.7e-71	266.5
BCW-200017_02669	gnl|TC-DB|B1HGV3|9.B.211.1.1	48.1	324	160	1	5	328	3	318	7.8e-79	290.4
BCW-200017_02684	gnl|TC-DB|O33918|5.A.1.5.1	47.5	690	280	13	1	674	1	624	2.3e-162	568.9
BCW-200017_02698	gnl|TC-DB|P08470|4.A.1.2.1	93.9	456	28	0	1	456	1	456	1.1e-240	828.6
BCW-200017_02699	gnl|TC-DB|P22340|1.B.3.1.2	73.9	505	132	0	1	505	1	505	1.6e-208	721.8
BCW-200017_02705	gnl|TC-DB|P76128|3.A.1.5.38	84.9	511	73	1	4	510	6	516	3.6e-256	880.2
BCW-200017_02706	gnl|TC-DB|P77308|3.A.1.5.38	91.5	340	29	0	1	340	1	340	3.6e-180	627.1
BCW-200017_02707	gnl|TC-DB|P77463|3.A.1.5.38	76.8	297	69	0	1	297	1	297	3.6e-123	437.6
BCW-200017_02708	gnl|TC-DB|P77268|3.A.1.5.38	79.9	324	65	0	1	324	1	324	2.1e-148	521.5
BCW-200017_02709	gnl|TC-DB|P77622|3.A.1.5.38	76.8	306	71	0	1	306	1	306	3.0e-133	471.1
BCW-200017_02718	gnl|TC-DB|P39115|3.A.1.121.3	29.3	498	306	9	1	479	1	471	2.0e-50	196.8
BCW-200017_02721	gnl|TC-DB|P77308|3.A.1.5.38	28.7	317	194	3	5	292	7	320	8.6e-27	117.5
BCW-200017_02722	gnl|TC-DB|W0WMS8|3.A.1.5.39	36.6	246	150	1	33	272	40	285	2.1e-40	162.5
BCW-200017_02723	gnl|TC-DB|Q9F9T4|3.A.1.5.23	45.3	561	269	7	3	532	19	572	1.1e-119	426.8
BCW-200017_02726	gnl|TC-DB|P23910|2.A.1.2.14	70.5	383	113	0	1	383	1	383	3.5e-142	501.1
BCW-200017_02732	gnl|TC-DB|P0AEK7|5.A.3.2.1	87.6	217	27	0	1	217	1	217	5.1e-111	396.7
BCW-200017_02733	gnl|TC-DB|P0AAJ3|5.A.3.2.1	90.1	294	29	0	1	294	1	294	6.2e-168	586.3
BCW-200017_02734	gnl|TC-DB|P24183|5.A.3.2.1	90.3	803	78	0	1	803	213	1015	0.0e+00	1538.5
BCW-200017_02735	gnl|TC-DB|P24183|5.A.3.2.1	95.4	195	9	0	1	195	1	195	1.8e-107	384.8
BCW-200017_02736	gnl|TC-DB|V2FAS1|2.A.7.17.1	73.3	292	78	0	1	292	1	292	2.5e-121	431.4
BCW-200017_02737	gnl|TC-DB|P07238|1.B.1.1.5	73.5	358	92	1	6	360	8	365	1.6e-149	525.4
BCW-200017_02740	gnl|TC-DB|P21627|3.A.1.4.8	43.8	306	158	4	10	314	8	300	2.0e-50	196.1
BCW-200017_02741	gnl|TC-DB|P21628|3.A.1.4.8	40.7	378	162	10	6	367	85	416	1.0e-55	213.8
BCW-200017_02742	gnl|TC-DB|Q8DQH8|3.A.1.4.10	45.3	254	138	1	1	253	1	254	1.3e-57	219.5
BCW-200017_02743	gnl|TC-DB|Q8DQH7|3.A.1.4.10	49.8	233	116	1	4	235	3	235	4.5e-60	227.6
BCW-200017_02744	gnl|TC-DB|Q9L3M3|3.A.1.4.3	32.6	368	233	8	4	367	1	357	6.6e-45	177.9
BCW-200017_02747	gnl|TC-DB|P63183|2.A.72.1.1	41.5	629	353	5	6	627	2	622	1.9e-129	459.5
BCW-200017_02748	gnl|TC-DB|P37594|2.A.1.3.14	80.0	495	99	0	1	495	1	495	1.0e-199	692.6
BCW-200017_02750	gnl|TC-DB|P75763|2.A.47.3.5	60.7	438	172	0	1	438	40	477	1.2e-151	532.7
BCW-200017_02760	gnl|TC-DB|P43531|2.A.1.36.1	35.2	398	253	2	2	399	19	411	1.5e-58	223.4
BCW-200017_02775	gnl|TC-DB|O05256|2.A.24.2.3	57.7	414	175	0	24	437	30	443	1.1e-131	466.5
BCW-200017_02781	gnl|TC-DB|P0AEM9|3.A.1.3.10	30.1	236	149	9	45	276	36	259	1.7e-16	83.2
BCW-200017_02782	gnl|TC-DB|Q9F3K7|3.A.1.3.24	57.8	249	105	0	9	257	5	253	6.5e-81	297.0
BCW-200017_02783	gnl|TC-DB|Q9F3K6|3.A.1.3.24	39.4	302	169	4	5	299	21	315	1.2e-44	176.8
BCW-200017_02785	gnl|TC-DB|P0AEM9|3.A.1.3.10	30.3	221	139	8	73	291	52	259	5.2e-16	81.6
BCW-200017_02790	gnl|TC-DB|M3JA40|1.B.52.2.1	31.2	192	115	2	335	509	267	458	4.2e-15	79.3
BCW-200017_02791	gnl|TC-DB|P40812|2.A.3.1.8	91.3	484	42	0	1	484	1	484	8.6e-255	875.5
BCW-200017_02793	gnl|TC-DB|P76115|1.B.14.9.5	77.3	706	152	2	1	704	1	700	0.0e+00	1137.5
BCW-200017_02798	gnl|TC-DB|P76111|2.A.7.21.2	85.9	149	21	0	1	149	1	149	1.4e-64	241.9
BCW-200017_02800	gnl|TC-DB|P33950|3.A.1.5.27	50.5	505	249	1	21	525	34	537	4.4e-148	521.2
BCW-200017_02809	gnl|TC-DB|P0AFR9|3.A.1.11.9	91.2	262	23	0	1	262	1	262	8.2e-135	476.1
BCW-200017_02810	gnl|TC-DB|P77156|3.A.1.11.9	88.5	314	35	1	1	314	1	313	2.4e-154	541.2
BCW-200017_02811	gnl|TC-DB|P77795|3.A.1.11.9	83.4	337	56	0	1	337	1	337	3.2e-160	560.8
BCW-200017_02812	gnl|TC-DB|P76108|3.A.1.11.9	90.3	381	37	0	1	381	1	381	1.1e-212	735.3
BCW-200017_02816	gnl|TC-DB|P0ABK2|3.D.4.3.2	29.7	364	213	11	5	329	7	366	3.6e-31	132.1
BCW-200017_02822	gnl|TC-DB|P77747|1.B.1.1.21	82.5	377	58	1	1	369	1	377	2.9e-183	637.5
BCW-200017_02829	gnl|TC-DB|P38919|3.A.18.1.1	35.1	325	208	3	22	344	57	380	2.0e-56	216.5
BCW-200017_02831	gnl|TC-DB|Q9EYX5|1.A.35.4.1	88.7	327	37	0	1	327	1	327	1.6e-172	601.7
BCW-200017_02832	gnl|TC-DB|M3JA40|1.B.52.2.1	32.2	177	78	4	198	339	287	456	5.4e-15	78.6
BCW-200017_02833	gnl|TC-DB|P0AAP1|9.B.34.1.2	27.2	191	124	5	240	425	190	370	6.3e-17	85.9
BCW-200017_02834	gnl|TC-DB|D4ZZR3|9.B.34.1.3	39.5	167	95	2	247	407	227	393	7.8e-28	121.3
BCW-200017_02842	gnl|TC-DB|Q9KN55|3.A.23.1.1	33.6	580	351	13	7	567	5	569	3.0e-81	299.3
BCW-200017_02848	gnl|TC-DB|Q2SV43|1.C.106.3.1	29.9	348	211	10	2	327	4	340	1.3e-35	148.3
BCW-200017_02853	gnl|TC-DB|Q6EE14|3.A.23.2.1	48.6	872	417	8	6	866	7	858	3.0e-210	728.4
BCW-200017_02855	gnl|TC-DB|P13794|1.B.6.1.2	41.4	116	68	0	430	545	234	349	4.7e-15	79.3
BCW-200017_02857	gnl|TC-DB|A8YQR9|3.A.23.2.1	28.3	481	290	16	1	445	1	462	1.2e-29	127.5
BCW-200017_02858	gnl|TC-DB|Q6EE20|3.A.23.2.1	45.0	424	232	1	85	507	67	490	1.9e-108	389.4
BCW-200017_02861	gnl|TC-DB|P77348|3.A.1.5.1	89.4	538	56	1	1	538	1	537	8.6e-293	1001.9
BCW-200017_02866	gnl|TC-DB|Q9KN48|3.A.23.1.1	35.0	329	180	5	206	500	193	521	1.8e-42	170.2
BCW-200017_02870	gnl|TC-DB|P76045|1.B.21.1.1	72.4	304	81	3	1	304	1	301	8.7e-133	469.5
BCW-200017_02871	gnl|TC-DB|P77481|3.A.1.1.46	83.9	360	58	0	1	360	1	360	7.3e-171	596.3
BCW-200017_02877	gnl|TC-DB|P77716|3.A.1.1.46	92.1	280	22	0	1	280	1	280	2.1e-141	498.0
BCW-200017_02878	gnl|TC-DB|P0AFR7|3.A.1.1.46	92.8	293	21	0	1	293	1	293	1.2e-152	535.4
BCW-200017_02879	gnl|TC-DB|P76042|3.A.1.1.46	75.5	425	104	0	5	429	5	429	2.2e-190	661.4
BCW-200017_02884	gnl|TC-DB|E8XKQ3|9.B.100.1.1	92.3	222	17	0	1	222	1	222	9.9e-102	365.9
BCW-200017_02885	gnl|TC-DB|Q9KN48|3.A.23.1.1	42.3	227	130	1	8	234	193	418	4.7e-44	174.9
BCW-200017_02886	gnl|TC-DB|P36634|3.A.1.5.5	89.1	549	57	2	1	546	1	549	3.1e-290	993.4
BCW-200017_02887	gnl|TC-DB|P0A2J3|3.A.1.5.5	91.6	321	27	0	1	321	1	321	3.7e-166	580.5
BCW-200017_02888	gnl|TC-DB|P0AGH5|3.A.1.5.42	89.9	296	30	0	1	296	1	296	1.3e-152	535.4
BCW-200017_02889	gnl|TC-DB|P36636|3.A.1.5.5	93.6	330	21	0	1	330	1	330	5.1e-187	649.8
BCW-200017_02890	gnl|TC-DB|P0AAH8|3.A.1.5.42	93.3	268	18	0	1	268	1	268	8.4e-140	492.7
BCW-200017_02895	gnl|TC-DB|W9BHF5|2.A.6.2.49	84.4	1024	160	0	1	1024	1	1024	0.0e+00	1629.0
BCW-200017_02899	gnl|TC-DB|D4ZZR3|9.B.34.1.3	26.8	179	110	3	228	393	225	395	2.1e-14	77.4
BCW-200017_02912	gnl|TC-DB|Q07711|3.A.7.7.1	24.8	640	408	22	80	674	77	688	6.1e-30	129.4
BCW-200017_02914	gnl|TC-DB|M4VAL8|8.A.21.2.4	29.5	166	114	2	136	298	74	239	1.3e-12	70.5
BCW-200017_02926	gnl|TC-DB|P31064|9.B.102.1.1	87.1	396	51	0	1	396	1	396	1.7e-208	721.5
BCW-200017_02928	gnl|TC-DB|P0A915|1.B.39.1.6	79.2	212	42	2	1	210	1	212	1.4e-97	352.1
BCW-200017_02933	gnl|TC-DB|P02929|2.C.1.1.1	79.5	239	48	1	6	243	1	239	1.5e-55	212.6
BCW-200017_02936	gnl|TC-DB|P76249|2.A.76.1.5	73.8	210	55	0	1	210	1	210	4.8e-82	300.4
BCW-200017_02939	gnl|TC-DB|Q1D027|1.A.1.24.3	39.6	270	153	5	20	287	14	275	1.4e-39	159.8
BCW-200017_02940	gnl|TC-DB|P77737|3.A.1.5.41	95.2	334	16	0	1	334	1	334	1.8e-187	651.4
BCW-200017_02941	gnl|TC-DB|P76027|3.A.1.5.41	91.4	337	29	0	1	337	1	337	4.1e-176	613.6
BCW-200017_02942	gnl|TC-DB|P08006|3.A.1.5.1	96.0	302	12	0	1	302	1	302	5.6e-140	493.4
BCW-200017_02943	gnl|TC-DB|P0AFH2|3.A.1.5.41	96.1	306	12	0	1	306	1	306	2.3e-149	524.6
BCW-200017_02944	gnl|TC-DB|P06202|3.A.1.5.1	91.0	543	49	0	1	543	1	543	5.6e-300	1025.8
BCW-200017_02945	gnl|TC-DB|P25743|2.A.95.1.7	92.6	215	16	0	1	215	1	215	2.7e-104	374.4
BCW-200017_02957	gnl|TC-DB|P11350|5.A.3.1.1	90.2	224	22	0	1	224	1	224	3.8e-117	417.2
BCW-200017_02959	gnl|TC-DB|P11349|5.A.3.1.1	93.2	511	34	1	1	510	1	511	1.9e-294	1007.3
BCW-200017_02960	gnl|TC-DB|P09152|5.A.3.1.1	94.0	1247	75	0	1	1247	1	1247	0.0e+00	2493.0
BCW-200017_02961	gnl|TC-DB|P10903|2.A.1.8.1	85.5	463	67	0	1	463	1	463	7.8e-234	805.8
BCW-200017_02964	gnl|TC-DB|P39165|1.B.54.1.9	63.0	451	167	0	26	476	13	463	1.8e-169	592.0
BCW-200017_02967	gnl|TC-DB|P38045|3.A.1.16.1	55.3	257	113	2	1	256	1	256	2.2e-76	282.0
BCW-200017_02968	gnl|TC-DB|Q7BW13|3.A.1.16.2	48.7	267	125	4	26	289	2	259	1.5e-65	246.1
BCW-200017_02969	gnl|TC-DB|Q44292|3.A.1.16.4	38.5	444	236	12	1	412	1	439	1.7e-75	279.6
BCW-200017_02976	gnl|TC-DB|P31801|2.A.19.1.1	91.3	366	32	0	1	366	1	366	2.7e-173	604.4
BCW-200017_02982	gnl|TC-DB|P61320|1.B.46.1.1	83.1	201	34	0	3	203	7	207	1.2e-98	355.5
BCW-200017_02985	gnl|TC-DB|P0AFR2|2.A.53.3.11	91.2	559	49	0	1	559	1	559	1.5e-255	878.2
BCW-200017_02996	gnl|TC-DB|D5CJ69|2.A.66.1.22	93.5	461	30	0	13	473	2	462	2.6e-245	844.0
BCW-200017_03000	gnl|TC-DB|P76350|2.A.1.6.6	90.8	435	40	0	1	435	1	435	2.1e-228	787.7
BCW-200017_03005	gnl|TC-DB|P30130|1.B.11.3.9	41.4	870	447	17	16	844	31	878	2.0e-174	609.4
BCW-200017_03013	gnl|TC-DB|B1LE48|2.A.86.2.1	83.7	369	60	0	1	369	1	369	2.6e-171	597.8
BCW-200017_03015	gnl|TC-DB|P75683|2.A.2.3.5	55.9	447	197	0	7	453	4	450	2.6e-144	508.4
BCW-200017_03016	gnl|TC-DB|Q9HXN5|4.A.1.1.15	26.3	414	235	12	391	780	433	800	1.5e-27	121.3
BCW-200017_03019	gnl|TC-DB|P72412|1.B.14.2.14	85.3	621	90	1	41	660	40	660	0.0e+00	1122.8
BCW-200017_03021	gnl|TC-DB|A8GDS8|3.A.1.14.16	55.7	271	120	0	1	271	5	275	2.6e-80	295.0
BCW-200017_03022	gnl|TC-DB|Q56992|3.A.1.14.5	64.1	320	114	1	7	325	9	328	9.5e-101	363.2
BCW-200017_03023	gnl|TC-DB|A8GDS6|3.A.1.14.16	61.0	251	98	0	7	257	9	259	1.1e-83	306.2
BCW-200017_03028	gnl|TC-DB|Q81E21|2.A.8.1.14	53.3	478	207	3	1	462	1	478	3.6e-130	461.5
BCW-200017_03033	gnl|TC-DB|P06611|3.A.1.13.1	69.8	248	75	0	1	248	1	248	1.8e-96	348.6
BCW-200017_03035	gnl|TC-DB|P06609|3.A.1.13.1	74.5	326	83	0	1	326	1	326	7.1e-133	469.9
BCW-200017_03044	gnl|TC-DB|P76206|1.B.75.1.3	86.9	252	33	0	23	274	1	252	4.7e-130	460.3
BCW-200017_03051	gnl|TC-DB|P77529|2.A.23.1.8	89.2	462	50	0	1	462	1	462	1.4e-219	758.4
BCW-200017_03057	gnl|TC-DB|P69791|4.A.3.2.1	86.1	115	16	0	1	115	1	115	2.1e-47	184.5
BCW-200017_03058	gnl|TC-DB|P17334|4.A.3.2.1	89.6	452	47	0	1	452	1	452	1.8e-211	731.5
BCW-200017_03059	gnl|TC-DB|P69795|4.A.3.2.1	96.2	104	4	0	1	104	1	104	1.4e-50	194.9
BCW-200017_03072	gnl|TC-DB|B7L6M8|3.A.1.19.4	73.4	387	101	2	4	388	1	387	1.6e-168	588.6
BCW-200017_03073	gnl|TC-DB|B7L6M9|3.A.1.19.4	58.0	495	206	1	17	509	2	496	9.7e-161	563.1
BCW-200017_03074	gnl|TC-DB|B7L6N0|3.A.1.19.4	62.2	209	75	1	1	205	1	209	2.3e-68	255.0
BCW-200017_03081	gnl|TC-DB|Q07711|3.A.7.7.1	30.1	621	395	17	3	612	4	596	1.6e-72	270.4
BCW-200017_03092	gnl|TC-DB|P0A908|9.B.99.1.2	73.0	248	67	0	1	248	1	248	1.2e-111	399.1
BCW-200017_03099	gnl|TC-DB|P76242|2.A.1.17.3	76.8	392	91	0	1	392	1	392	1.0e-162	569.3
BCW-200017_03104	gnl|TC-DB|P76330|9.B.34.1.4	34.1	132	82	2	176	303	374	504	7.6e-14	74.7
BCW-200017_03105	gnl|TC-DB|A6TAG3|1.E.43.1.1	93.9	82	5	0	1	82	1	82	1.7e-38	154.5
BCW-200017_03106	gnl|TC-DB|D4ZZR3|9.B.34.1.3	32.9	219	134	5	272	484	181	392	1.4e-23	107.5
BCW-200017_03122	gnl|TC-DB|P69874|3.A.1.11.1	89.2	361	39	0	1	361	18	378	9.8e-184	639.0
BCW-200017_03123	gnl|TC-DB|P0AFK4|3.A.1.11.1	94.2	275	16	0	11	285	1	275	6.2e-141	496.5
BCW-200017_03124	gnl|TC-DB|P0AFK6|3.A.1.11.1	96.1	257	10	0	1	257	1	257	1.3e-129	458.8
BCW-200017_03125	gnl|TC-DB|P0AFK9|3.A.1.11.1	91.3	343	30	0	2	344	6	348	6.7e-190	659.4
BCW-200017_03127	gnl|TC-DB|F8CVI0|1.B.52.2.2	27.3	205	119	2	356	530	85	289	7.2e-12	68.9
BCW-200017_03130	gnl|TC-DB|P75958|3.A.1.125.1	90.6	414	39	0	1	414	1	414	1.0e-200	695.7
BCW-200017_03131	gnl|TC-DB|P75957|3.A.1.125.1	92.7	233	17	0	1	233	1	233	1.4e-119	425.2
BCW-200017_03132	gnl|TC-DB|P0ADC3|3.A.1.125.1	92.0	386	31	0	1	386	14	399	1.7e-186	648.3
BCW-200017_03142	gnl|TC-DB|A8YQR5|3.A.23.2.1	23.3	519	321	18	36	522	28	501	4.2e-20	96.7
BCW-200017_03153	gnl|TC-DB|P69786|4.A.1.1.1	96.4	477	17	0	1	477	1	477	9.1e-262	898.7
BCW-200017_03160	gnl|TC-DB|O80800|3.D.1.6.3	48.0	75	39	0	2	76	48	122	1.5e-12	68.2
BCW-200017_03171	gnl|TC-DB|P76628|2.A.1.36.3	33.5	388	248	2	4	388	2	382	5.7e-39	158.3
BCW-200017_03186	gnl|TC-DB|P37169|2.A.66.4.1	92.0	511	41	0	1	511	14	524	4.8e-261	896.3
BCW-200017_03190	gnl|TC-DB|P69367|2.A.1.2.21	85.6	402	58	0	1	402	1	402	1.2e-198	688.7
BCW-200017_03201	gnl|TC-DB|P25744|2.A.1.2.20	86.9	404	51	1	14	415	1	404	6.9e-197	682.9
BCW-200017_03204	gnl|TC-DB|P62517|4.D.3.1.1	92.6	840	62	0	1	840	1	840	0.0e+00	1602.0
BCW-200017_03213	gnl|TC-DB|P0AE95|1.B.48.1.1	77.5	129	29	0	1	129	1	129	1.2e-54	208.8
BCW-200017_03214	gnl|TC-DB|P0AE98|1.B.48.1.1	86.2	138	18	1	1	137	1	138	1.7e-64	241.5
BCW-200017_03215	gnl|TC-DB|P0AEA2|1.B.48.1.1	92.4	277	21	0	1	277	1	277	9.0e-145	509.2
BCW-200017_03221	gnl|TC-DB|A8YQR5|3.A.23.2.1	52.9	102	47	1	1	101	408	509	4.2e-26	114.8
BCW-200017_03229	gnl|TC-DB|P33011|2.A.85.7.1	73.6	352	93	0	1	352	1	352	2.2e-156	548.1
BCW-200017_03233	gnl|TC-DB|P0AA47|2.A.3.1.14	88.1	452	54	0	1	452	1	452	3.3e-229	790.4
BCW-200017_03252	gnl|TC-DB|P0AAA7|2.A.66.2.3	29.8	396	278	0	8	403	7	402	1.2e-44	177.2
BCW-200017_03260	gnl|TC-DB|Q6MMD5|9.B.18.2.1	53.0	579	262	5	3	576	53	626	3.6e-159	558.1
BCW-200017_03262	gnl|TC-DB|G2HLY8|9.B.146.1.2	34.1	317	196	3	6	322	2	305	4.3e-43	171.8
BCW-200017_03268	gnl|TC-DB|P77377|2.A.66.2.7	88.2	492	58	0	1	492	1	492	1.0e-236	815.5
BCW-200017_03269	gnl|TC-DB|G0CIY2|9.B.18.1.1	39.0	464	258	11	19	464	28	484	6.5e-79	291.2
BCW-200017_03282	gnl|TC-DB|P76387|8.A.3.3.2	86.5	720	97	0	1	720	1	720	0.0e+00	1199.9
BCW-200017_03284	gnl|TC-DB|P0A930|1.B.18.3.1	93.4	379	25	0	1	379	1	379	3.0e-207	717.2
BCW-200017_03285	gnl|TC-DB|L5DDD7|2.A.109.2.3	86.3	527	72	0	1	527	370	896	2.6e-254	874.0
BCW-200017_03286	gnl|TC-DB|P28249|9.B.22.2.1	71.5	617	175	1	1	616	1	617	2.1e-255	877.9
BCW-200017_03289	gnl|TC-DB|Q1J0W6|9.B.34.1.1	35.9	167	95	4	683	848	190	345	9.3e-15	79.3
BCW-200017_03292	gnl|TC-DB|P76397|8.A.1.6.2	84.8	400	59	1	1	400	1	398	2.4e-175	611.3
BCW-200017_03293	gnl|TC-DB|P76398|2.A.6.2.12	89.7	1040	107	0	1	1040	1	1040	0.0e+00	1750.7
BCW-200017_03294	gnl|TC-DB|P76399|2.A.6.2.12	91.9	1024	83	0	1	1024	1	1024	0.0e+00	1785.0
BCW-200017_03295	gnl|TC-DB|P36554|2.A.1.3.26	81.9	469	85	0	1	469	1	469	3.7e-215	743.8
BCW-200017_03303	gnl|TC-DB|P76417|2.A.1.10.4	90.8	425	39	0	1	425	1	425	4.3e-223	770.0
BCW-200017_03312	gnl|TC-DB|P30000|2.A.1.5.3	39.7	408	238	6	10	413	12	415	1.8e-77	286.2
BCW-200017_03319	gnl|TC-DB|P31440|2.A.40.7.4	33.3	432	286	2	3	434	4	433	1.9e-67	253.1
BCW-200017_03320	gnl|TC-DB|P38134|8.A.3.3.1	56.9	698	301	0	15	712	14	711	1.7e-222	768.8
BCW-200017_03322	gnl|TC-DB|P0A932|1.B.18.3.8	73.9	379	98	1	7	385	1	378	3.3e-161	564.3
BCW-200017_03323	gnl|TC-DB|P64534|2.A.113.1.1	63.4	112	39	1	1	110	1	112	1.7e-33	138.3
BCW-200017_03325	gnl|TC-DB|A0L4L0|3.A.1.132.3	38.5	348	185	6	12	350	2	329	2.1e-56	216.1
BCW-200017_03329	gnl|TC-DB|Q81JL2|9.B.33.1.1	30.8	581	363	10	5	555	3	574	3.4e-74	275.8
BCW-200017_03332	gnl|TC-DB|P33359|3.A.1.12.15	79.8	243	49	0	1	243	1	243	3.0e-99	357.8
BCW-200017_03333	gnl|TC-DB|P33360|3.A.1.12.15	82.7	306	52	1	1	306	1	305	4.8e-142	500.4
BCW-200017_03334	gnl|TC-DB|P33361|3.A.1.12.15	61.7	379	145	0	7	385	7	385	5.7e-121	430.6
BCW-200017_03335	gnl|TC-DB|P33362|3.A.1.12.15	86.6	305	41	0	1	305	1	305	5.8e-145	510.0
BCW-200017_03340	gnl|TC-DB|J2MRK2|9.B.29.3.1	40.7	182	108	0	7	188	8	189	9.8e-37	149.8
BCW-200017_03341	gnl|TC-DB|E4PCL6|9.B.27.2.7	81.5	189	35	0	1	189	1	189	4.5e-87	317.0
BCW-200017_03343	gnl|TC-DB|P33369|1.B.17.3.10	70.0	463	134	2	12	469	14	476	2.9e-175	611.3
BCW-200017_03345	gnl|TC-DB|P08722|4.A.1.2.2	55.2	620	267	1	6	614	4	623	7.3e-195	676.8
BCW-200017_03351	gnl|TC-DB|F4V3T5|1.E.14.1.4	89.8	128	13	0	1	128	4	131	6.1e-43	169.9
BCW-200017_03352	gnl|TC-DB|C6EAH0|2.A.122.1.1	90.0	231	23	0	1	231	1	231	7.1e-111	396.4
BCW-200017_03354	gnl|TC-DB|P0AFY2|9.B.114.1.1	88.3	239	28	0	1	239	1	239	3.3e-119	424.1
BCW-200017_03356	gnl|TC-DB|P23200|3.A.1.2.3	93.8	336	21	0	1	336	1	336	1.1e-165	578.9
BCW-200017_03357	gnl|TC-DB|P0AAG8|3.A.1.2.3	96.0	506	20	0	1	506	1	506	6.4e-282	965.7
BCW-200017_03358	gnl|TC-DB|P0AEE5|3.A.1.2.3	95.2	332	16	0	1	332	1	332	2.3e-179	624.4
BCW-200017_03360	gnl|TC-DB|P25747|9.B.169.1.2	80.3	385	76	0	1	385	1	385	1.3e-181	632.1
BCW-200017_03362	gnl|TC-DB|Q9I3T2|2.A.1.51.4	46.5	372	195	3	7	375	14	384	8.5e-77	283.9
BCW-200017_03364	gnl|TC-DB|P17315|1.B.14.1.4	34.9	668	370	18	26	661	29	663	4.1e-95	345.5
BCW-200017_03365	gnl|TC-DB|P25737|2.A.3.1.2	92.6	489	36	0	1	489	1	489	2.6e-264	907.1
BCW-200017_03367	gnl|TC-DB|P62723|2.A.98.1.3	87.1	349	44	1	1	348	1	349	5.8e-165	576.6
BCW-200017_03369	gnl|TC-DB|P20966|4.A.2.1.1	90.4	563	52	2	1	561	1	563	1.2e-249	858.6
BCW-200017_03371	gnl|TC-DB|P69811|4.A.2.1.1	89.4	376	40	0	1	376	1	376	1.1e-185	645.6
BCW-200017_03372	gnl|TC-DB|P33026|2.A.1.20.2	84.0	393	63	0	1	393	1	393	1.0e-189	659.1
BCW-200017_03378	gnl|TC-DB|E9RJ18|3.A.7.13.2	36.3	91	53	2	94	180	271	360	6.8e-11	63.9
BCW-200017_03380	gnl|TC-DB|Q8ZNK0|3.A.1.5.24	78.9	601	127	0	1	601	1	601	6.2e-300	1025.8
BCW-200017_03381	gnl|TC-DB|P0AFU1|3.A.1.5.21	94.0	364	22	0	1	364	1	364	2.4e-193	671.0
BCW-200017_03382	gnl|TC-DB|P33915|3.A.1.5.21	83.6	341	56	0	1	341	1	341	1.1e-149	525.8
BCW-200017_03383	gnl|TC-DB|P33916|3.A.1.5.21	80.8	527	101	0	1	527	1	527	2.7e-238	820.8
BCW-200017_03385	gnl|TC-DB|P28246|2.A.1.2.7	88.1	395	47	0	1	395	1	395	1.5e-193	671.8
BCW-200017_03393	gnl|TC-DB|B2JBG5|2.A.1.59.2	50.7	381	188	0	7	387	16	396	7.6e-97	350.5
BCW-200017_03397	gnl|TC-DB|Q1J2S8|2.A.53.3.13	49.3	377	188	2	26	402	23	396	2.3e-88	322.4
BCW-200017_03398	gnl|TC-DB|Q5SMG8|1.A.26.1.2	30.4	339	233	2	141	477	110	447	6.5e-42	168.3
BCW-200017_03399	gnl|TC-DB|P33941|3.A.1.113.3	90.9	547	50	0	1	547	1	547	9.1e-282	965.3
BCW-200017_03403	gnl|TC-DB|D6QLX8|1.B.1.1.19	80.6	377	57	4	1	371	1	367	9.5e-174	605.9
BCW-200017_03413	gnl|TC-DB|P08194|2.A.1.4.3	95.2	421	20	0	1	421	1	421	3.4e-242	833.6
BCW-200017_03418	gnl|TC-DB|Q8XE01|1.B.68.1.1	77.2	180	40	1	1	179	8	187	1.0e-80	295.8
BCW-200017_03429	gnl|TC-DB|P0AFF0|3.D.1.1.1	92.6	485	36	0	1	485	1	485	5.8e-248	852.8
BCW-200017_03430	gnl|TC-DB|P0AFE8|3.D.1.1.1	93.5	509	33	0	1	509	1	509	1.1e-276	948.3
BCW-200017_03431	gnl|TC-DB|P33607|3.D.1.1.1	93.1	613	42	0	1	613	1	613	0.0e+00	1127.5
BCW-200017_03432	gnl|TC-DB|P0AFE4|3.D.1.1.1	97.0	100	3	0	1	100	1	100	4.5e-30	126.7
BCW-200017_03433	gnl|TC-DB|P0AFE0|3.D.1.1.1	96.7	184	6	0	1	184	1	184	3.6e-89	323.9
BCW-200017_03434	gnl|TC-DB|P0AFD6|3.D.1.1.1	98.3	180	3	0	1	180	1	180	4.1e-90	327.0
BCW-200017_03435	gnl|TC-DB|P0AFD4|3.D.1.1.1	95.4	323	15	0	1	323	1	323	3.0e-176	614.0
BCW-200017_03436	gnl|TC-DB|P33602|3.D.1.1.1	90.8	907	82	1	1	906	1	907	0.0e+00	1695.6
BCW-200017_03437	gnl|TC-DB|P31979|3.D.1.1.1	94.6	445	24	0	1	445	1	445	4.7e-260	892.9
BCW-200017_03438	gnl|TC-DB|P0AFD1|3.D.1.1.1	93.4	166	11	0	1	166	1	166	5.0e-90	326.6
BCW-200017_03439	gnl|TC-DB|P33599|3.D.1.1.1	95.6	596	26	0	5	600	1	596	0.0e+00	1198.7
BCW-200017_03440	gnl|TC-DB|P0AFC7|3.D.1.1.1	96.9	224	3	1	1	224	1	220	5.8e-126	446.4
BCW-200017_03441	gnl|TC-DB|P0AFC3|3.D.1.1.1	93.9	147	8	1	1	146	1	147	1.8e-72	268.1
BCW-200017_03445	gnl|TC-DB|P0AFU2|2.A.47.4.8	87.0	610	79	0	1	610	1	610	1.3e-300	1028.1
BCW-200017_03453	gnl|TC-DB|B7LDR9|4.A.7.1.2	62.7	410	152	1	12	421	10	418	4.7e-146	514.2
BCW-200017_03454	gnl|TC-DB|B7LDS2|4.A.7.1.2	43.5	85	46	1	1	83	1	85	1.0e-12	68.9
BCW-200017_03455	gnl|TC-DB|B7LDS1|4.A.7.1.2	44.9	147	81	0	1	147	1	147	2.2e-33	138.3
BCW-200017_03459	gnl|TC-DB|B7LBF5|1.A.12.3.2	74.3	214	55	0	1	214	1	214	9.9e-91	329.3
BCW-200017_03464	gnl|TC-DB|P07109|3.A.1.3.29	92.6	257	19	0	1	257	1	257	1.2e-130	462.2
BCW-200017_03465	gnl|TC-DB|P0AEU3|3.A.1.3.29	92.0	238	19	0	1	238	1	238	1.1e-122	435.6
BCW-200017_03466	gnl|TC-DB|P0A2I9|3.A.1.3.1	92.1	228	18	0	1	228	1	228	2.2e-112	401.4
BCW-200017_03467	gnl|TC-DB|P0AEU0|3.A.1.3.29	93.5	260	17	0	1	260	1	260	9.4e-136	479.2
BCW-200017_03468	gnl|TC-DB|P09551|3.A.1.3.1	88.8	260	29	0	1	260	1	260	1.2e-130	462.2
BCW-200017_03471	gnl|TC-DB|P08550|9.B.160.1.16	94.4	162	9	0	1	162	1	162	1.2e-80	295.4
BCW-200017_03475	gnl|TC-DB|P0ABP6|9.B.27.2.3	88.6	219	25	0	1	219	1	219	1.3e-106	382.1
BCW-200017_03480	gnl|TC-DB|P77549|2.A.1.46.6	85.2	391	58	0	1	391	1	391	4.8e-184	640.2
BCW-200017_03485	gnl|TC-DB|P0AD30|2.A.102.3.1	86.2	269	37	0	1	269	1	269	2.6e-128	454.5
BCW-200017_03494	gnl|TC-DB|P10384|1.B.9.1.1	76.0	450	94	3	1	440	1	446	6.7e-203	703.0
BCW-200017_03495	gnl|TC-DB|P76506|3.A.1.27.3	88.0	251	29	1	1	250	1	251	1.3e-134	475.3
BCW-200017_03496	gnl|TC-DB|P37327|1.A.16.4.1	85.1	302	45	0	7	308	4	305	1.2e-142	502.3
BCW-200017_03502	gnl|TC-DB|B3XQE5|9.B.33.1.2	32.1	580	349	14	6	551	4	572	1.3e-68	257.3
BCW-200017_03505	gnl|TC-DB|H5KWQ5|2.A.49.7.1	80.6	408	79	0	1	408	1	408	1.1e-178	622.5
BCW-200017_03507	gnl|TC-DB|P63144|8.A.5.1.3	36.9	309	179	10	13	312	71	372	6.7e-46	181.0
BCW-200017_03509	gnl|TC-DB|P0A769|2.A.55.3.1	92.5	412	31	0	1	412	1	412	4.5e-209	723.4
BCW-200017_03510	gnl|TC-DB|P0AFF2|2.A.41.1.1	93.5	400	21	1	1	395	1	400	6.1e-195	676.4
BCW-200017_03523	gnl|TC-DB|P39836|2.A.28.3.4	88.0	332	39	1	1	331	1	332	2.2e-158	554.7
BCW-200017_03527	gnl|TC-DB|P0A6J3|2.A.121.1.1	88.5	253	29	0	1	253	1	253	3.1e-136	480.7
BCW-200017_03529	gnl|TC-DB|P0AA04|8.A.8.1.1	100.0	85	0	0	1	85	1	85	1.4e-40	161.4
BCW-200017_03530	gnl|TC-DB|P08839|8.A.7.1.1	97.6	575	14	0	1	575	1	575	6.8e-312	1065.4
BCW-200017_03531	gnl|TC-DB|P69783|4.A.1.1.1	97.6	169	4	0	1	169	1	169	4.7e-88	320.1
BCW-200017_03534	gnl|TC-DB|P16676|3.A.1.6.1	93.7	365	22	1	1	364	1	365	4.6e-197	683.3
BCW-200017_03535	gnl|TC-DB|P0AEB0|3.A.1.6.1	91.8	291	24	0	1	291	1	291	3.4e-150	527.3
BCW-200017_03536	gnl|TC-DB|P16701|3.A.1.6.1	96.8	277	9	0	1	277	1	277	6.9e-145	509.6
BCW-200017_03537	gnl|TC-DB|P16700|3.A.1.6.1	93.5	336	21	1	1	335	1	336	2.9e-182	634.0
BCW-200017_03540	gnl|TC-DB|P76538|9.B.127.1.1	73.6	144	38	0	1	144	1	144	1.8e-59	224.9
BCW-200017_03549	gnl|TC-DB|P23481|3.D.1.9.1	34.9	215	100	4	1	185	1	205	6.7e-29	125.6
BCW-200017_03551	gnl|TC-DB|P24177|2.A.6.2.7	90.6	1037	97	0	1	1037	1	1037	0.0e+00	1813.9
BCW-200017_03560	gnl|TC-DB|P0A903|1.B.33.1.3	86.6	344	46	0	1	344	1	344	1.0e-169	592.4
BCW-200017_03564	gnl|TC-DB|P0AFI9|2.A.86.1.1	86.4	353	48	0	1	353	1	353	4.5e-165	577.0
BCW-200017_03568	gnl|TC-DB|P46317|4.A.3.2.2	38.2	432	250	5	1	419	1	428	4.2e-80	295.0
BCW-200017_03572	gnl|TC-DB|P0AGM7|2.A.40.1.1	92.5	425	32	0	1	425	1	425	1.5e-215	745.0
BCW-200017_03574	gnl|TC-DB|Q9UEF7|8.A.49.1.1	28.7	487	288	18	4	473	61	505	1.4e-41	167.2
BCW-200017_03581	gnl|TC-DB|P64545|9.B.209.1.1	72.9	59	16	0	1	59	1	59	1.5e-20	94.4
BCW-200017_03586	gnl|TC-DB|A8GHT9|2.A.1.36.2	54.7	382	171	2	12	392	20	400	1.2e-102	369.8
BCW-200017_03591	gnl|TC-DB|B8H230|3.A.1.2.21	54.5	323	140	2	17	339	16	331	3.5e-90	328.2
BCW-200017_03592	gnl|TC-DB|B8H229|3.A.1.2.21	54.2	502	225	3	5	506	3	499	3.9e-141	498.0
BCW-200017_03593	gnl|TC-DB|B8H228|3.A.1.2.21	41.7	302	174	2	7	306	23	324	1.8e-64	242.7
BCW-200017_03607	gnl|TC-DB|Q5KYD1|2.A.17.1.7	36.5	499	290	11	11	503	16	493	4.6e-78	288.5
BCW-200017_03609	gnl|TC-DB|P77774|1.B.33.1.3	81.6	392	72	0	1	392	1	392	1.4e-164	575.5
BCW-200017_03618	gnl|TC-DB|Q57071|4.A.1.1.13	37.6	502	292	8	2	500	3	486	7.4e-84	307.8
BCW-200017_03626	gnl|TC-DB|P44669|9.A.41.1.1	68.6	617	192	2	1	616	1	616	2.6e-229	791.2
BCW-200017_03634	gnl|TC-DB|D7A5Z9|2.A.113.1.7	38.6	223	125	4	68	284	64	280	3.9e-30	128.6
BCW-200017_03637	gnl|TC-DB|Q47142|2.A.1.27.1	82.4	375	66	0	1	375	1	375	1.3e-178	622.1
BCW-200017_03643	gnl|TC-DB|Q9KN48|3.A.23.1.1	43.7	261	136	1	109	369	176	425	7.4e-56	214.5
BCW-200017_03650	gnl|TC-DB|P77272|4.A.1.2.7	39.0	469	254	14	4	447	6	467	9.1e-70	260.8
BCW-200017_03665	gnl|TC-DB|F9VN10|3.D.10.1.4	35.2	537	310	15	10	522	7	529	7.5e-71	264.6
BCW-200017_03667	gnl|TC-DB|O00571|1.I.1.1.3	35.2	369	214	8	3	350	179	543	1.3e-49	193.7
BCW-200017_03676	gnl|TC-DB|P0AEX3|2.A.1.6.2	84.5	432	66	1	1	431	1	432	7.5e-207	716.1
BCW-200017_03681	gnl|TC-DB|P45955|2.C.1.2.1	82.1	190	34	0	1	190	1	190	1.2e-66	249.6
BCW-200017_03682	gnl|TC-DB|C6EJJ6|2.C.1.2.1	74.0	173	45	0	1	173	1	173	5.4e-63	236.9
BCW-200017_03683	gnl|TC-DB|P0A855|2.C.1.2.1	94.2	430	25	0	1	430	1	430	1.8e-147	518.8
BCW-200017_03684	gnl|TC-DB|P19934|2.C.1.2.1	67.7	127	40	1	306	432	295	420	1.0e-25	114.4
BCW-200017_03685	gnl|TC-DB|P0ABV8|1.A.30.2.2	88.0	142	17	0	1	142	1	142	2.8e-65	244.2
BCW-200017_03686	gnl|TC-DB|P0ABU9|1.A.30.2.2	97.0	230	7	0	1	230	1	230	5.4e-119	423.3
BCW-200017_03688	gnl|TC-DB|P0AAV0|8.A.79.1.1	87.2	94	12	0	3	96	4	97	3.1e-44	173.7
BCW-200017_03689	gnl|TC-DB|P56100|9.B.85.1.1	88.6	35	4	0	1	35	1	35	3.5e-12	65.9
BCW-200017_03690	gnl|TC-DB|P0ABK2|3.D.4.3.2	91.0	379	34	0	1	379	1	379	5.1e-199	689.9
BCW-200017_03691	gnl|TC-DB|P0ABJ9|3.D.4.3.2	93.5	522	34	0	1	522	1	522	6.0e-283	969.1
BCW-200017_03696	gnl|TC-DB|X5GWN5|3.D.10.1.6	50.9	234	108	5	4	236	27	254	1.2e-68	256.1
BCW-200017_03697	gnl|TC-DB|X5H3P0|3.D.10.1.6	53.1	590	265	8	7	588	12	597	1.1e-171	599.7
BCW-200017_03708	gnl|TC-DB|P03959|3.A.3.7.1	83.7	557	91	0	1	557	1	557	2.5e-263	904.0
BCW-200017_03709	gnl|TC-DB|P03960|3.A.3.7.1	91.6	682	57	0	1	682	1	682	0.0e+00	1176.0
BCW-200017_03710	gnl|TC-DB|P03961|3.A.3.7.1	68.6	188	59	0	1	188	1	188	5.9e-63	236.9
BCW-200017_03714	gnl|TC-DB|P0AAF1|2.A.3.2.1	92.4	435	33	0	2	436	4	438	2.3e-227	784.3
BCW-200017_03722	gnl|TC-DB|P75733|1.B.25.1.13	83.7	478	61	4	1	471	1	468	2.5e-240	827.4
BCW-200017_03724	gnl|TC-DB|P09323|4.A.1.1.2	55.4	662	259	9	2	657	16	647	8.1e-176	613.6
BCW-200017_03741	gnl|TC-DB|P0A2L3|9.A.40.1.2	94.2	292	17	0	16	307	1	292	7.4e-156	546.2
BCW-200017_03743	gnl|TC-DB|P37902|3.A.1.3.4	91.1	302	26	1	1	301	1	302	5.5e-156	546.6
BCW-200017_03744	gnl|TC-DB|P0AER3|3.A.1.3.4	89.0	246	27	0	1	246	1	246	1.5e-122	435.3
BCW-200017_03745	gnl|TC-DB|P0AER5|3.A.1.3.4	93.3	223	15	0	1	223	1	223	4.9e-109	390.2
BCW-200017_03746	gnl|TC-DB|P0AAG3|3.A.1.3.4	92.1	241	19	0	1	241	1	241	1.1e-122	435.6
BCW-200017_03750	gnl|TC-DB|P0ADC1|1.B.42.1.2	73.3	165	44	0	1	165	1	165	7.9e-68	253.1
BCW-200017_03756	gnl|TC-DB|P0ABG7|2.A.103.1.2	96.2	370	14	0	1	370	1	370	1.2e-197	685.3
BCW-200017_03763	gnl|TC-DB|P0A843|2.A.64.1.1	85.1	67	10	0	1	67	1	67	2.1e-23	104.0
BCW-200017_03765	gnl|TC-DB|P37002|1.A.43.1.1	78.5	93	20	0	1	93	35	127	2.0e-40	161.0
BCW-200017_03768	gnl|TC-DB|P0ABP3|2.A.61.1.1	92.3	455	35	0	1	455	1	455	3.6e-223	770.4
BCW-200017_03788	gnl|TC-DB|B8H230|3.A.1.2.21	35.8	321	188	5	14	327	16	325	1.1e-37	153.7
BCW-200017_03789	gnl|TC-DB|A6VKS8|3.A.1.2.13	38.0	495	302	4	6	499	7	497	4.6e-91	331.6
BCW-200017_03794	gnl|TC-DB|P15078|2.A.114.1.1	93.2	701	48	0	1	701	1	701	0.0e+00	1240.7
BCW-200017_03798	gnl|TC-DB|Q89SS6|2.A.1.42.2	23.7	507	352	15	27	522	632	1114	1.0e-19	94.7
BCW-200017_03800	gnl|TC-DB|C8U2V6|3.A.1.14.2	81.1	318	60	0	1	318	1	318	3.6e-145	510.8
BCW-200017_03801	gnl|TC-DB|Q8ZR35|2.A.1.38.3	82.5	406	71	0	1	406	1	406	3.5e-185	644.0
BCW-200017_03802	gnl|TC-DB|P23876|3.A.1.14.2	82.0	334	60	0	1	334	1	334	2.0e-143	505.0
BCW-200017_03803	gnl|TC-DB|P23877|3.A.1.14.2	77.9	330	73	0	1	330	1	330	1.8e-136	481.9
BCW-200017_03804	gnl|TC-DB|P23878|3.A.1.14.2	86.3	263	36	0	1	263	1	263	2.4e-131	464.5
BCW-200017_03805	gnl|TC-DB|P31552|4.C.1.1.6	22.3	511	328	14	477	951	39	516	7.4e-16	83.2
BCW-200017_03808	gnl|TC-DB|P05825|1.B.14.1.22	80.6	757	128	7	1	749	1	746	0.0e+00	1247.3
BCW-200017_03812	gnl|TC-DB|Q93GK4|3.A.1.110.1	58.1	413	173	0	12	424	1	413	4.4e-135	477.6
BCW-200017_03813	gnl|TC-DB|Q93GK5|3.A.1.110.1	68.1	698	223	0	1	698	1	698	1.3e-285	978.4
BCW-200017_03815	gnl|TC-DB|P0ABC9|2.A.15.1.4	95.0	676	34	0	1	676	1	676	0.0e+00	1270.4
BCW-200017_03823	gnl|TC-DB|P77308|3.A.1.5.38	44.4	322	178	1	15	336	14	334	7.0e-67	250.8
BCW-200017_03824	gnl|TC-DB|W0WMS8|3.A.1.5.39	40.7	280	160	1	2	275	19	298	1.2e-51	199.9
BCW-200017_03825	gnl|TC-DB|P45095|3.A.1.5.27	42.4	257	144	3	19	271	21	277	8.7e-47	183.7
BCW-200017_03826	gnl|TC-DB|O86575|3.A.1.5.34	44.7	219	117	2	14	228	61	279	1.7e-48	189.1
BCW-200017_03834	gnl|TC-DB|Q53903|2.A.1.3.7	24.2	533	364	8	7	528	12	515	5.2e-16	82.4
BCW-200017_03853	gnl|TC-DB|P46482|8.A.1.7.1	39.1	289	168	5	1	285	1	285	9.6e-49	190.3
BCW-200017_03855	gnl|TC-DB|E0LV84|2.A.85.1.4	27.5	578	395	9	16	574	8	580	6.2e-51	198.7
BCW-200017_03862	gnl|TC-DB|Q9I0Y8|2.A.6.2.16	41.9	1039	586	4	4	1024	6	1044	3.1e-214	741.9
BCW-200017_03863	gnl|TC-DB|P76397|8.A.1.6.2	31.6	332	215	5	31	353	63	391	4.4e-43	171.8
BCW-200017_03864	gnl|TC-DB|A8R5V4|3.A.3.2.41	48.3	868	440	4	35	900	25	885	2.5e-220	761.9
BCW-200017_03876	gnl|TC-DB|D9X7X8|2.A.1.3.38	41.5	460	254	6	9	462	24	474	2.1e-80	296.2
BCW-200017_03877	gnl|TC-DB|P0AAT4|1.A.23.4.5	83.7	411	66	1	1	410	1	411	6.6e-192	666.4
BCW-200017_03878	gnl|TC-DB|Q92WK4|3.A.1.2.11	26.0	277	169	8	60	313	29	292	5.2e-11	65.1
BCW-200017_03881	gnl|TC-DB|P76417|2.A.1.10.4	37.5	405	235	6	21	411	6	406	3.0e-67	252.3
BCW-200017_03884	gnl|TC-DB|P24207|2.A.3.1.1	90.7	461	39	1	1	461	1	457	4.9e-236	813.1
BCW-200017_03885	gnl|TC-DB|Q05202|1.B.14.1.15	53.9	705	306	7	31	728	66	758	6.5e-219	756.9
BCW-200017_03887	gnl|TC-DB|A1JLH0|3.A.1.10.5	60.2	344	132	2	2	340	4	347	2.3e-113	405.2
BCW-200017_03888	gnl|TC-DB|P21409|3.A.1.10.1	72.9	509	138	0	16	524	19	527	7.0e-207	716.5
BCW-200017_03889	gnl|TC-DB|P21408|3.A.1.10.1	81.7	338	62	0	1	338	1	338	1.3e-156	548.9
BCW-200017_03898	gnl|TC-DB|P30130|1.B.11.3.9	48.2	859	419	9	11	852	28	877	4.6e-232	800.8
BCW-200017_03904	gnl|TC-DB|Q57071|4.A.1.1.13	45.8	509	244	5	9	497	4	500	5.6e-121	431.0
BCW-200017_03914	gnl|TC-DB|B5Y0L3|1.B.1.1.18	88.2	381	45	0	1	381	1	381	4.9e-210	726.5
BCW-200017_03915	gnl|TC-DB|P77504|3.A.1.122.15	84.6	803	124	0	1	803	1	803	0.0e+00	1320.4
BCW-200017_03916	gnl|TC-DB|P0A9T8|3.A.1.122.15	91.2	227	20	0	1	227	1	227	7.5e-113	402.9
BCW-200017_03920	gnl|TC-DB|P77307|3.A.1.139.2	85.3	258	38	0	1	258	1	258	1.1e-115	412.5
BCW-200017_03921	gnl|TC-DB|P77279|3.A.1.139.2	71.8	220	62	0	1	220	1	220	4.6e-91	330.5
BCW-200017_03923	gnl|TC-DB|P0AA53|8.A.21.2.2	93.7	302	19	0	1	302	1	302	1.6e-115	412.1
BCW-200017_03926	gnl|TC-DB|Q59385|3.A.3.5.5	88.0	834	98	2	1	832	1	834	0.0e+00	1372.8
BCW-200017_03930	gnl|TC-DB|P52067|2.A.1.35.1	92.3	405	31	0	1	405	1	405	6.0e-206	713.0
BCW-200017_03931	gnl|TC-DB|P39830|2.A.37.1.5	93.4	558	37	0	1	558	1	558	4.2e-282	966.5
BCW-200017_03943	gnl|TC-DB|P77338|1.A.23.1.1	77.0	1110	255	0	6	1115	9	1118	0.0e+00	1594.7
BCW-200017_03945	gnl|TC-DB|P0AE06|8.A.1.6.1	86.9	397	52	0	1	397	1	397	2.9e-189	657.5
BCW-200017_03946	gnl|TC-DB|P31224|2.A.6.2.2	92.5	1049	78	1	1	1048	1	1049	0.0e+00	1860.9
BCW-200017_03956	gnl|TC-DB|Q8XSC6|2.A.113.1.3	44.4	374	101	3	1	267	1	374	1.1e-75	279.6
BCW-200017_03959	gnl|TC-DB|C7NLF6|2.A.115.2.6	56.8	183	79	0	4	186	38	220	2.7e-53	204.9
BCW-200017_03966	gnl|TC-DB|P69681|1.A.11.1.1	90.4	429	40	1	1	429	1	428	9.5e-194	672.5
BCW-200017_03968	gnl|TC-DB|P0AAG5|3.A.1.106.13	87.4	593	75	0	1	593	1	593	4.6e-287	983.0
BCW-200017_03969	gnl|TC-DB|P77265|3.A.1.106.13	87.8	590	72	0	1	590	1	590	2.3e-299	1023.8
BCW-200017_03978	gnl|TC-DB|A1EMW4|3.A.11.2.3	54.8	62	28	0	65	126	42	103	1.7e-13	72.0
BCW-200017_03987	gnl|TC-DB|P0AE16|2.A.1.25.2	83.9	491	79	0	1	491	1	491	5.3e-233	803.1
BCW-200017_03988	gnl|TC-DB|P0ABJ1|3.D.4.5.1	94.9	315	16	0	1	315	1	315	2.3e-173	604.4
BCW-200017_03989	gnl|TC-DB|P0ABI8|3.D.4.5.1	90.8	663	61	0	1	663	1	663	0.0e+00	1243.8
BCW-200017_03990	gnl|TC-DB|P0ABJ3|3.D.4.5.1	88.7	204	23	0	1	204	1	204	3.7e-103	370.5
BCW-200017_03991	gnl|TC-DB|P0ABJ6|3.D.4.5.1	87.2	109	13	1	1	108	1	109	8.0e-49	189.1
BCW-200017_03993	gnl|TC-DB|P77726|2.A.1.2.60	83.6	452	74	0	1	452	1	452	2.8e-212	734.2
BCW-200017_04001	gnl|TC-DB|P77735|8.A.5.1.6	87.7	324	40	0	1	324	1	324	1.0e-168	589.0
BCW-200017_04008	gnl|TC-DB|P0A927|1.B.10.1.1	92.2	294	23	0	3	296	1	294	3.0e-170	594.0
BCW-200017_04011	gnl|TC-DB|P0AG93|2.A.6.4.1	90.1	323	32	0	1	323	1	323	1.4e-160	562.0
BCW-200017_04012	gnl|TC-DB|P0AG90|2.A.6.4.1	93.9	604	37	0	1	604	12	615	0.0e+00	1075.8
BCW-200017_04013	gnl|TC-DB|P0ADZ7|3.A.5.1.1	96.4	110	4	0	1	110	1	110	7.2e-53	202.6
BCW-200017_04020	gnl|TC-DB|Q05839|8.A.9.1.1	23.0	486	265	17	177	569	132	601	1.4e-20	97.8
BCW-200017_04021	gnl|TC-DB|P37460|2.A.3.1.6	95.0	456	23	0	1	456	1	456	4.2e-248	853.2
BCW-200017_04022	gnl|TC-DB|P0AD99|2.A.26.1.10	90.4	439	42	0	1	439	1	439	2.5e-221	764.2
BCW-200017_04035	gnl|TC-DB|P0AAP1|9.B.34.1.2	61.3	367	142	0	1	367	5	371	2.3e-132	468.4
BCW-200017_04039	gnl|TC-DB|P25744|2.A.1.2.20	61.1	393	152	1	3	395	11	402	1.7e-128	455.7
BCW-200017_04045	gnl|TC-DB|P0AFY6|9.A.18.1.1	77.3	406	92	0	1	406	1	406	1.1e-180	629.0
BCW-200017_04049	gnl|TC-DB|Q8X5H7|1.B.12.2.7	60.4	994	310	18	1	924	1	980	2.0e-305	1044.6
BCW-200017_04053	gnl|TC-DB|Q47539|3.A.1.17.1	80.7	275	53	0	1	275	1	275	6.7e-116	413.3
BCW-200017_04054	gnl|TC-DB|Q47538|3.A.1.17.1	88.6	255	29	0	1	255	1	255	1.6e-127	451.8
BCW-200017_04055	gnl|TC-DB|Q47537|3.A.1.17.1	89.4	320	34	0	1	320	1	320	9.4e-162	565.8
BCW-200017_04057	gnl|TC-DB|Q47689|2.A.3.1.10	92.3	467	35	1	1	466	1	467	1.2e-247	851.7
BCW-200017_04058	gnl|TC-DB|Q1DBZ0|2.A.86.2.2	27.6	341	237	6	12	348	14	348	7.5e-22	101.3
BCW-200017_04059	gnl|TC-DB|D4ZZR3|9.B.34.1.3	36.0	228	132	5	362	585	176	393	1.4e-30	131.0
BCW-200017_04062	gnl|TC-DB|A6XV56|1.B.17.3.6	43.4	465	258	3	35	497	22	483	9.6e-97	350.5
BCW-200017_04063	gnl|TC-DB|O51918|2.A.1.3.24	46.0	339	182	1	39	376	35	373	1.0e-74	276.9
BCW-200017_04064	gnl|TC-DB|O51919|2.A.1.3.24	54.0	506	232	1	7	512	6	510	2.6e-153	538.5
BCW-200017_04068	gnl|TC-DB|P0AAP1|9.B.34.1.2	28.4	215	131	5	172	384	176	369	6.3e-16	82.4
BCW-200017_04074	gnl|TC-DB|P02932|1.B.1.1.2	86.0	351	48	1	1	350	1	351	4.1e-179	623.6
BCW-200017_04080	gnl|TC-DB|D0WX40|3.D.5.1.1	62.5	64	24	0	1	64	1	64	1.3e-17	84.7
BCW-200017_04081	gnl|TC-DB|Q56584|3.D.5.1.1	78.9	407	86	0	1	407	1	407	1.1e-191	665.6
BCW-200017_04082	gnl|TC-DB|Q56589|3.D.5.1.1	83.3	198	33	0	1	198	1	198	7.7e-90	326.2
BCW-200017_04083	gnl|TC-DB|Q57095|3.D.5.1.1	75.9	203	49	0	8	210	5	207	1.3e-79	292.4
BCW-200017_04084	gnl|TC-DB|Q56582|3.D.5.1.1	57.6	257	105	2	6	262	4	256	2.8e-79	291.6
BCW-200017_04085	gnl|TC-DB|Q56587|3.D.5.1.1	75.4	411	100	1	1	410	1	411	3.3e-183	637.5
BCW-200017_04086	gnl|TC-DB|Q56586|3.D.5.1.1	60.4	447	176	1	1	447	1	446	1.6e-159	558.9
BCW-200017_04094	gnl|TC-DB|W0WMS8|3.A.1.5.39	43.8	272	147	2	24	289	27	298	4.4e-57	218.0
BCW-200017_04095	gnl|TC-DB|P75798|3.A.1.5.11	46.2	312	160	1	1	312	1	304	7.7e-68	253.8
BCW-200017_04096	gnl|TC-DB|P42061|3.A.1.5.20	25.6	469	293	13	61	491	79	529	1.3e-32	137.5
BCW-200017_04097	gnl|TC-DB|P42065|3.A.1.5.20	51.9	318	149	3	5	318	9	326	1.2e-88	323.2
BCW-200017_04098	gnl|TC-DB|P42064|3.A.1.5.20	51.1	315	151	2	12	323	4	318	1.5e-85	312.8
BCW-200017_04102	gnl|TC-DB|Q9XD71|3.A.15.3.1	39.1	128	73	2	8	134	1	124	3.8e-19	90.9
BCW-200017_04104	gnl|TC-DB|P22609|3.A.15.2.1	24.6	341	254	3	47	384	29	369	1.7e-27	120.2
BCW-200017_04105	gnl|TC-DB|Q8F3M7|3.A.15.4.1	40.0	492	281	7	54	536	70	556	3.5e-92	335.5
BCW-200017_04110	gnl|TC-DB|P31772|1.B.22.4.1	25.9	313	202	7	268	555	120	427	4.4e-22	102.8
BCW-200017_04125	gnl|TC-DB|Q8VRK4|3.A.11.1.3	37.0	281	151	4	87	362	70	329	4.5e-38	155.2
BCW-200017_04129	gnl|TC-DB|P0AGI8|2.A.38.1.1	97.2	458	13	0	1	458	1	458	2.0e-250	860.9
BCW-200017_04130	gnl|TC-DB|P0A742|1.A.22.1.1	94.8	135	7	0	1	135	1	135	9.1e-66	245.7
BCW-200017_04139	gnl|TC-DB|P0AGA2|3.A.5.1.1	98.6	443	6	0	1	443	1	443	1.4e-243	838.2
BCW-200017_04165	gnl|TC-DB|P0AG96|3.A.5.1.1	96.1	127	5	0	1	127	1	127	1.7e-58	221.5
BCW-200017_04168	gnl|TC-DB|Q9ZK21|1.C.82.1.1	50.7	223	110	0	3	225	4	226	4.9e-59	224.2
BCW-200017_04173	gnl|TC-DB|U5MLJ3|4.A.3.2.9	86.4	103	14	0	1	103	1	103	1.7e-43	171.4
BCW-200017_04174	gnl|TC-DB|U5MIE1|4.A.3.2.9	63.4	101	37	0	1	101	1	101	1.1e-26	115.5
BCW-200017_04175	gnl|TC-DB|P0AAP1|9.B.34.1.2	30.4	158	102	4	356	506	210	366	4.4e-12	69.3
BCW-200017_04179	gnl|TC-DB|Q8ID54|3.A.25.2.1	34.9	215	130	4	8	215	89	300	8.4e-25	110.5
BCW-200017_04199	gnl|TC-DB|P0AAD2|2.A.42.1.2	93.0	414	29	0	1	414	1	414	1.4e-218	755.0
BCW-200017_04200	gnl|TC-DB|P38919|3.A.18.1.1	36.3	386	236	3	3	379	27	411	2.1e-64	243.4
BCW-200017_04213	gnl|TC-DB|P0AG99|3.A.5.1.1	91.8	110	9	0	1	110	1	110	7.7e-47	182.6
BCW-200017_04216	gnl|TC-DB|P25694|3.A.16.1.2	43.3	252	142	1	140	390	472	723	3.3e-57	219.5
BCW-200017_04224	gnl|TC-DB|E1ILD8|2.A.7.3.18	89.7	321	33	0	1	321	1	321	8.0e-161	562.8
BCW-200017_04231	gnl|TC-DB|P64602|3.A.1.27.3	64.9	97	34	0	1	97	1	97	3.4e-30	127.1
BCW-200017_04232	gnl|TC-DB|P0ADV7|3.A.1.27.3	88.6	211	24	0	1	211	1	211	1.1e-105	379.0
BCW-200017_04233	gnl|TC-DB|P64604|3.A.1.27.3	79.1	182	37	1	1	181	1	182	6.2e-78	286.6
BCW-200017_04234	gnl|TC-DB|P64606|3.A.1.27.3	94.6	260	14	0	1	260	1	260	4.8e-132	466.8
BCW-200017_04235	gnl|TC-DB|P63386|3.A.1.27.3	90.6	266	25	0	1	266	1	266	2.6e-133	471.1
BCW-200017_04236	gnl|TC-DB|P45394|2.A.19.5.1	81.4	323	60	0	1	323	1	323	2.1e-140	495.0
BCW-200017_04239	gnl|TC-DB|P0ADW0|1.B.42.1.2	81.7	191	35	0	1	191	1	191	3.3e-90	327.4
BCW-200017_04240	gnl|TC-DB|P0ADV1|1.B.42.1.2	84.3	185	28	1	1	184	1	185	7.0e-85	309.7
BCW-200017_04241	gnl|TC-DB|P0A9V1|1.B.42.1.2	94.6	241	13	0	1	241	1	241	1.3e-128	455.3
BCW-200017_04244	gnl|TC-DB|P71012|4.A.2.1.4	27.5	149	106	2	8	155	1	148	3.5e-11	64.7
BCW-200017_04246	gnl|TC-DB|H1XXZ0|8.A.8.1.5	35.2	88	56	1	3	90	2	88	5.5e-11	63.2
BCW-200017_04250	gnl|TC-DB|P0ADC6|1.B.42.1.2	94.2	360	21	0	1	360	1	360	2.9e-188	654.1
BCW-200017_04251	gnl|TC-DB|P0AF98|1.B.42.1.2	86.9	366	48	0	1	366	1	366	3.4e-176	614.0
BCW-200017_04263	gnl|TC-DB|P0ACA3|1.A.12.3.1	95.7	211	9	0	1	211	1	211	7.9e-117	416.0
BCW-200017_04276	gnl|TC-DB|P46481|2.A.85.1.2	86.0	655	92	0	1	655	1	655	0.0e+00	1117.1
BCW-200017_04277	gnl|TC-DB|P46482|8.A.1.7.1	89.0	310	34	0	1	310	1	310	9.1e-154	539.3
BCW-200017_04278	gnl|TC-DB|D7XN98|8.A.48.1.2	97.0	67	2	0	1	67	24	90	1.2e-31	131.3
BCW-200017_04285	gnl|TC-DB|P0ABH4|9.B.157.1.3	93.2	162	11	0	1	162	1	162	2.2e-82	301.2
BCW-200017_04286	gnl|TC-DB|P16926|9.B.157.1.3	95.6	320	12	1	1	320	1	318	1.0e-166	582.4
BCW-200017_04287	gnl|TC-DB|P0A9X4|9.B.157.1.3	100.0	347	0	0	1	347	1	347	1.7e-193	671.4
BCW-200017_04291	gnl|TC-DB|Q8XB73|5.B.7.1.1	81.5	195	36	0	1	195	1	195	5.6e-88	320.1
BCW-200017_04296	gnl|TC-DB|P16256|2.A.21.1.1	80.3	483	95	0	1	483	1	483	1.2e-216	748.8
BCW-200017_04302	gnl|TC-DB|P76330|9.B.34.1.4	28.0	214	144	4	207	416	349	556	2.7e-12	70.5
BCW-200017_04304	gnl|TC-DB|P0AE06|8.A.1.6.1	70.4	379	100	4	8	378	14	388	9.1e-140	493.0
BCW-200017_04305	gnl|TC-DB|P24181|2.A.6.2.1	83.2	1032	173	0	1	1032	1	1032	0.0e+00	1668.7
BCW-200017_04307	gnl|TC-DB|P45766|3.A.1.3.26	93.3	341	23	0	1	341	1	341	3.1e-187	650.6
BCW-200017_04308	gnl|TC-DB|P45767|3.A.1.3.26	82.7	393	68	0	1	393	1	393	3.7e-184	640.6
BCW-200017_04309	gnl|TC-DB|P45768|3.A.1.3.26	90.5	367	35	0	1	367	1	367	3.7e-194	673.7
BCW-200017_04310	gnl|TC-DB|P45769|3.A.1.3.26	95.2	252	12	0	1	252	1	252	3.3e-138	487.3
BCW-200017_04315	gnl|TC-DB|P76628|2.A.1.36.3	31.3	374	253	2	10	379	8	381	1.1e-37	154.1
BCW-200017_04316	gnl|TC-DB|Q9SUQ7|2.A.37.4.2	28.8	420	284	6	1	412	32	444	4.2e-37	152.1
BCW-200017_04332	gnl|TC-DB|Q7CGN6|1.B.14.9.3	79.2	730	147	2	1	729	1	726	0.0e+00	1201.0
BCW-200017_04344	gnl|TC-DB|P40729|3.A.6.2.1	71.4	697	193	2	1	696	1	692	1.5e-281	964.9
BCW-200017_04345	gnl|TC-DB|P40727|3.A.6.2.1	54.8	378	171	0	1	378	1	378	2.4e-108	388.7
BCW-200017_04351	gnl|TC-DB|P15928|3.A.6.2.1	50.1	563	270	6	1	557	1	558	2.5e-146	515.4
BCW-200017_04354	gnl|TC-DB|P26465|3.A.6.2.1	73.6	458	113	3	1	452	1	456	2.9e-185	644.4
BCW-200017_04359	gnl|TC-DB|P26419|3.A.6.2.1	65.2	138	36	2	1	127	1	137	4.3e-41	163.7
BCW-200017_04360	gnl|TC-DB|P0A1L1|3.A.6.2.1	47.9	117	57	3	3	116	6	121	8.7e-15	76.3
BCW-200017_04361	gnl|TC-DB|P54700|3.A.6.2.1	60.8	245	94	1	1	243	1	245	2.6e-71	265.0
BCW-200017_04362	gnl|TC-DB|P0A1L5|3.A.6.2.1	57.3	89	38	0	1	89	1	89	9.6e-24	105.5
BCW-200017_04363	gnl|TC-DB|P54702|3.A.6.2.1	48.6	243	124	1	17	258	16	258	2.2e-60	228.8
BCW-200017_04386	gnl|TC-DB|Q15HU6|3.A.7.14.2	39.2	148	84	2	141	286	41	184	1.4e-24	110.2
BCW-200017_04389	gnl|TC-DB|M3JA40|1.B.52.2.1	44.9	107	59	0	333	439	268	374	5.3e-16	82.4
BCW-200017_04393	gnl|TC-DB|P09348|1.A.30.1.1	66.7	285	95	0	1	285	1	285	4.1e-103	370.9
BCW-200017_04394	gnl|TC-DB|P0AF06|1.A.30.1.1	49.5	281	140	2	1	279	1	281	1.0e-69	260.0
BCW-200017_04399	gnl|TC-DB|P16482|2.A.1.6.1	89.6	434	40	1	3	431	11	444	7.8e-212	732.6
BCW-200017_04401	gnl|TC-DB|P39414|2.A.47.3.3	50.5	473	234	0	29	501	13	485	5.8e-134	474.2
BCW-200017_04407	gnl|TC-DB|Q56111|1.B.1.1.22	62.4	391	128	5	1	380	1	383	9.5e-137	483.0
BCW-200017_04411	gnl|TC-DB|p0aa70|2.A.7.3.22	88.9	298	33	0	1	298	1	298	1.8e-146	515.0
BCW-200017_04414	gnl|TC-DB|P76330|9.B.34.1.4	60.4	563	221	2	1	562	1	562	2.5e-194	674.9
BCW-200017_04419	gnl|TC-DB|P54702|3.A.6.2.1	79.2	259	54	0	1	259	1	259	7.0e-115	409.8
BCW-200017_04420	gnl|TC-DB|P0A1L5|3.A.6.2.1	89.9	89	9	0	1	89	1	89	7.6e-37	149.1
BCW-200017_04421	gnl|TC-DB|P54700|3.A.6.2.1	91.4	245	21	0	1	245	1	245	1.6e-116	415.2
BCW-200017_04422	gnl|TC-DB|P0A1L1|3.A.6.2.1	70.2	124	37	0	1	124	2	125	1.0e-39	159.1
BCW-200017_04423	gnl|TC-DB|P26419|3.A.6.2.1	95.6	137	6	0	1	137	1	137	1.3e-67	251.9
BCW-200017_04428	gnl|TC-DB|P26465|3.A.6.2.1	94.1	456	27	0	1	456	1	456	6.3e-244	839.3
BCW-200017_04429	gnl|TC-DB|P15934|3.A.6.2.1	86.4	235	32	0	1	235	1	235	9.8e-76	279.6
BCW-200017_04431	gnl|TC-DB|P15928|3.A.6.2.1	81.4	560	102	1	1	558	1	560	3.2e-250	860.5
BCW-200017_04442	gnl|TC-DB|P0AEM9|3.A.1.3.10	91.4	266	23	0	1	266	1	266	3.3e-136	480.7
BCW-200017_04444	gnl|TC-DB|P0AFT2|3.A.1.3.10	92.8	222	16	0	1	222	1	222	1.2e-110	395.6
BCW-200017_04445	gnl|TC-DB|P37774|3.A.1.3.10	92.8	250	18	0	1	250	1	250	1.2e-127	452.2
BCW-200017_04450	gnl|TC-DB|K0WKG7|4.F.1.1.8	60.9	174	66	1	4	175	2	175	1.7e-51	198.7
BCW-200017_04459	gnl|TC-DB|P22731|3.A.1.4.1	57.8	237	100	0	1	237	1	237	9.7e-71	263.1
BCW-200017_04460	gnl|TC-DB|P21629|3.A.1.4.8	51.6	285	104	3	1	283	1	253	1.0e-74	276.6
BCW-200017_04461	gnl|TC-DB|P21628|3.A.1.4.8	53.7	415	176	7	7	413	4	410	1.3e-105	379.8
BCW-200017_04462	gnl|TC-DB|P0AEX7|3.A.1.4.1	55.6	302	133	1	4	304	7	308	1.6e-86	315.8
BCW-200017_04463	gnl|TC-DB|Q9L3M3|3.A.1.4.3	46.3	354	186	3	11	363	8	358	2.7e-88	322.0
BCW-200017_04465	gnl|TC-DB|P0AAD4|2.A.42.1.1	81.6	380	70	0	1	380	24	403	5.7e-174	606.7
BCW-200017_04469	gnl|TC-DB|P0ABN9|2.A.13.1.2	54.7	446	198	1	1	446	2	443	8.0e-135	476.9
BCW-200017_04471	gnl|TC-DB|P02924|3.A.1.2.2	95.7	329	14	0	1	329	1	329	3.8e-182	633.6
BCW-200017_04472	gnl|TC-DB|P0AAF3|3.A.1.2.2	87.9	504	61	0	1	504	1	504	9.6e-262	898.7
BCW-200017_04473	gnl|TC-DB|P0AE26|3.A.1.2.2	93.3	328	22	0	1	328	1	328	2.5e-149	524.6
BCW-200017_04479	gnl|TC-DB|P09348|1.A.30.1.1	92.9	295	21	0	1	295	1	295	6.4e-149	523.1
BCW-200017_04480	gnl|TC-DB|P0AF06|1.A.30.1.1	86.1	309	42	1	1	309	1	308	7.9e-150	526.2
BCW-200017_04483	gnl|TC-DB|P96603|2.A.23.1.6	33.9	419	257	6	7	418	7	412	2.4e-64	242.7
BCW-200017_04487	gnl|TC-DB|Q6XBY3|1.B.11.6.1	35.8	830	476	15	9	792	10	828	4.3e-139	491.9
BCW-200017_04496	gnl|TC-DB|P40727|3.A.6.2.1	86.2	383	52	1	1	382	1	383	4.1e-188	653.7
BCW-200017_04497	gnl|TC-DB|P40729|3.A.6.2.1	95.5	692	31	0	1	692	1	692	0.0e+00	1239.6
BCW-200017_04501	gnl|TC-DB|P67826|9.B.158.1.2	72.7	245	67	0	1	245	1	245	8.4e-102	366.3
BCW-200017_04513	gnl|TC-DB|P39832|3.A.1.15.5	92.0	261	21	0	1	261	1	261	1.4e-110	395.6
BCW-200017_04514	gnl|TC-DB|P0A9X1|3.A.1.15.5	90.4	251	24	0	1	251	1	251	2.6e-127	451.1
BCW-200017_04515	gnl|TC-DB|P39172|3.A.1.15.5	80.9	314	56	1	6	319	1	310	5.0e-139	490.3
BCW-200017_04516	gnl|TC-DB|B7L5V2|1.A.34.1.3	41.0	210	118	2	198	407	14	217	4.3e-40	162.2
BCW-200017_04532	gnl|TC-DB|Q4KDN3|9.B.62.1.5	42.6	108	62	0	15	122	13	120	9.2e-17	82.8
BCW-200017_04533	gnl|TC-DB|P76278|9.B.62.1.4	53.1	290	135	1	1	289	1	290	1.9e-76	282.3
BCW-200017_04543	gnl|TC-DB|P23865|9.B.174.1.2	91.6	682	57	0	1	682	1	682	0.0e+00	1239.2
BCW-200017_04544	gnl|TC-DB|P23894|9.B.1.1.6	93.9	293	18	0	1	293	1	293	1.4e-148	521.9
BCW-200017_04545	gnl|TC-DB|P76269|2.A.1.3.17	82.3	457	81	0	1	457	1	457	1.1e-208	722.2
BCW-200017_04554	gnl|TC-DB|P76264|2.A.107.1.1	88.8	188	21	0	1	188	1	188	5.4e-93	336.7
BCW-200017_04556	gnl|TC-DB|P69805|4.A.6.1.1	91.9	283	23	0	1	283	4	286	2.0e-147	518.1
BCW-200017_04557	gnl|TC-DB|P69801|4.A.6.1.1	94.4	266	15	0	1	266	1	266	4.9e-132	466.8
BCW-200017_04558	gnl|TC-DB|P69797|4.A.6.1.1	93.8	323	18	1	1	321	1	323	4.7e-161	563.5
BCW-200017_04559	gnl|TC-DB|L5DDD7|2.A.109.2.3	50.4	522	239	9	1	509	370	884	6.9e-122	434.1
BCW-200017_04569	gnl|TC-DB|P69451|4.C.1.1.4	93.9	561	34	0	12	572	1	561	7.2e-314	1072.0
BCW-200017_04577	gnl|TC-DB|P0A6M2|5.A.2.1.1	76.7	176	41	0	1	176	1	176	1.6e-83	305.1
BCW-200017_04578	gnl|TC-DB|P0AFA7|2.A.34.1.1	77.3	511	115	1	1	510	1	511	7.6e-214	739.6
BCW-200017_04583	gnl|TC-DB|P76007|2.A.36.6.11	90.6	577	54	0	1	577	1	577	6.2e-297	1015.8
BCW-200017_04587	gnl|TC-DB|A6TAG3|1.E.43.1.1	65.9	82	27	1	1	82	1	81	8.2e-25	109.0
BCW-200017_04588	gnl|TC-DB|P06971|1.B.14.1.2	31.7	731	442	19	17	700	27	747	1.7e-86	317.0
BCW-200017_04590	gnl|TC-DB|P31435|2.A.2.3.4	39.9	446	265	3	4	448	3	446	9.0e-102	367.1
BCW-200017_04591	gnl|TC-DB|P77076|1.B.15.1.1	64.2	380	127	4	82	459	92	464	1.7e-148	522.3
BCW-200017_04593	gnl|TC-DB|P0ADL1|2.A.1.2.26	47.7	386	200	1	8	393	11	394	3.2e-87	318.5
BCW-200017_04601	gnl|TC-DB|P07658|3.D.1.9.2	29.6	365	219	9	114	463	61	402	2.2e-39	160.6
BCW-200017_04604	gnl|TC-DB|Q9KN51|3.A.23.1.1	35.7	445	284	2	1	444	1	444	3.0e-81	298.9
BCW-200017_04605	gnl|TC-DB|Q9KN50|3.A.23.1.1	35.9	223	135	5	20	238	37	255	3.6e-33	139.0
BCW-200017_04606	gnl|TC-DB|Q9KN45|3.A.23.1.1	25.3	1213	792	31	23	1198	31	1166	2.9e-91	333.6
BCW-200017_04609	gnl|TC-DB|Q6EE21|3.A.23.2.1	45.9	159	85	1	4	161	3	161	5.8e-33	137.1
BCW-200017_04610	gnl|TC-DB|Q6EE20|3.A.23.2.1	50.0	466	225	3	32	492	28	490	8.9e-135	476.9
BCW-200017_04621	gnl|TC-DB|Q6EE16|3.A.23.2.1	34.5	632	379	15	4	622	3	612	2.4e-89	326.2
BCW-200017_04623	gnl|TC-DB|Q6EE14|3.A.23.2.1	53.1	857	393	3	9	862	8	858	1.0e-247	852.8
