BCW-200219_00001	gnl|TC-DB|Q3YL97|1.B.20.1.3	62.2	447	167	1	4	448	139	585	2.5e-168	588.2
BCW-200219_00022	gnl|TC-DB|Q8FA71|2.A.79.2.1	87.2	250	32	0	8	257	27	276	3.9e-126	447.2
BCW-200219_00026	gnl|TC-DB|Q9KSH4|4.A.3.2.6	52.5	425	198	1	8	432	7	427	5.4e-123	437.6
BCW-200219_00028	gnl|TC-DB|P76330|9.B.34.1.4	34.8	184	112	3	172	349	381	562	1.1e-22	104.0
BCW-200219_00051	gnl|TC-DB|P24518|4.B.1.1.1	93.2	410	28	0	1	410	1	410	1.2e-233	805.1
BCW-200219_00053	gnl|TC-DB|P31554|1.B.42.1.2	82.5	784	134	2	1	781	1	784	0.0e+00	1373.6
BCW-200219_00060	gnl|TC-DB|P03819|2.A.37.1.1	85.8	621	87	1	1	621	1	620	4.8e-295	1009.6
BCW-200219_00061	gnl|TC-DB|P0A754|2.A.37.1.1	89.2	176	19	0	1	176	1	176	2.6e-97	350.9
BCW-200219_00068	gnl|TC-DB|B8I766|9.B.105.1.5	32.7	162	94	5	13	165	2	157	7.6e-14	73.6
BCW-200219_00073	gnl|TC-DB|P13738|2.A.33.1.1	76.3	384	91	0	1	384	1	384	3.2e-156	547.7
BCW-200219_00075	gnl|TC-DB|P0A6Y8|1.A.33.1.2	93.9	638	38	1	1	637	1	638	0.0e+00	1135.6
BCW-200219_00076	gnl|TC-DB|P0AC98|2.A.96.1.1	86.7	188	25	0	1	188	1	188	5.1e-91	330.1
BCW-200219_00077	gnl|TC-DB|Q5ZYB5|3.A.7.9.1	32.9	416	269	5	10	420	2	412	2.2e-52	203.0
BCW-200219_00080	gnl|TC-DB|P30143|2.A.25.1.10	71.2	476	137	0	1	476	1	476	4.3e-187	650.6
BCW-200219_00089	gnl|TC-DB|Q9HV74|2.A.21.9.1	29.2	257	159	7	231	471	726	975	2.9e-18	89.7
BCW-200219_00097	gnl|TC-DB|P43672|3.A.1.120.6	34.2	512	326	6	21	527	18	523	2.5e-77	286.2
BCW-200219_00106	gnl|TC-DB|Q6RW54|1.B.1.1.12	60.8	365	129	5	2	359	1	358	1.9e-123	438.7
BCW-200219_00121	gnl|TC-DB|P60752|3.A.1.106.1	92.1	582	46	0	1	582	1	582	2.2e-294	1007.3
BCW-200219_00122	gnl|TC-DB|P44408|3.A.11.2.2	33.4	662	389	12	129	748	133	784	2.4e-91	333.2
BCW-200219_00130	gnl|TC-DB|P0AC23|1.A.16.1.1	94.0	285	17	0	1	285	1	285	5.4e-153	536.6
BCW-200219_00142	gnl|TC-DB|Q1R5P6|1.B.22.4.2	76.8	392	91	0	18	409	18	409	4.6e-169	590.5
BCW-200219_00155	gnl|TC-DB|P60778|2.A.1.7.14	88.9	388	43	0	22	409	1	388	3.5e-193	670.6
BCW-200219_00160	gnl|TC-DB|P45537|2.A.85.1.3	82.1	692	123	1	1	691	5	696	0.0e+00	1137.5
BCW-200219_00166	gnl|TC-DB|O06924|3.B.1.1.4	59.0	529	207	2	30	551	29	554	1.9e-186	648.7
BCW-200219_00169	gnl|TC-DB|O06926|3.B.1.1.4	39.1	243	138	2	4	236	9	251	5.3e-44	174.5
BCW-200219_00170	gnl|TC-DB|O06927|3.B.1.1.4	32.6	218	140	5	52	265	63	277	1.3e-23	106.7
BCW-200219_00171	gnl|TC-DB|O32715|2.A.69.3.3	89.0	319	35	0	1	319	1	319	2.5e-151	531.2
BCW-200219_00175	gnl|TC-DB|Q83XH1|3.A.1.121.4	31.0	546	357	6	1	527	1	545	7.7e-75	278.1
BCW-200219_00176	gnl|TC-DB|P0A756|2.A.37.1.2	88.0	183	22	0	1	183	2	184	3.0e-96	347.4
BCW-200219_00177	gnl|TC-DB|P45522|2.A.37.1.2	89.9	601	61	0	1	601	1	601	3.1e-299	1023.5
BCW-200219_00189	gnl|TC-DB|D7A5Z9|2.A.113.1.7	27.1	273	181	7	64	326	45	309	1.4e-17	87.0
BCW-200219_00190	gnl|TC-DB|P0C0L7|2.A.1.6.4	92.4	500	38	0	1	500	1	500	1.3e-263	904.8
BCW-200219_00191	gnl|TC-DB|P0A712|2.A.10.1.2	76.8	259	60	0	1	259	1	259	1.1e-109	392.9
BCW-200219_00196	gnl|TC-DB|P16677|3.A.1.9.1	86.6	262	35	0	1	262	1	262	6.1e-127	449.9
BCW-200219_00197	gnl|TC-DB|P16682|3.A.1.9.1	89.1	338	37	0	1	338	1	338	1.9e-173	604.7
BCW-200219_00198	gnl|TC-DB|P16683|3.A.1.9.1	93.4	259	17	0	1	259	1	259	2.2e-137	484.6
BCW-200219_00204	gnl|TC-DB|Q97VF5|3.A.1.5.9	36.1	255	153	3	4	248	45	299	8.7e-38	153.7
BCW-200219_00205	gnl|TC-DB|P37774|3.A.1.3.10	33.2	220	134	6	2	218	4	213	1.3e-21	99.8
BCW-200219_00212	gnl|TC-DB|Q9HV74|2.A.21.9.1	32.4	256	151	7	383	627	737	981	2.4e-22	104.0
BCW-200219_00213	gnl|TC-DB|G4FGN3|3.A.1.2.20	46.2	493	262	3	5	496	3	493	8.2e-128	453.8
BCW-200219_00214	gnl|TC-DB|A6VKS9|3.A.1.2.13	46.1	306	156	5	24	323	13	315	5.9e-58	221.1
BCW-200219_00215	gnl|TC-DB|Q9F9B2|3.A.1.2.7	32.4	296	173	11	3	276	1	291	1.1e-21	100.5
BCW-200219_00220	gnl|TC-DB|P07658|3.D.1.9.2	95.0	139	7	0	1	139	1	139	8.4e-75	275.8
BCW-200219_00221	gnl|TC-DB|P07658|3.D.1.9.2	94.1	558	33	0	1	558	157	714	0.0e+00	1088.6
BCW-200219_00225	gnl|TC-DB|P21345|2.A.23.1.1	95.2	437	21	0	1	437	1	437	5.3e-224	773.1
BCW-200219_00226	gnl|TC-DB|P31552|4.C.1.1.6	23.4	529	371	14	90	616	21	517	3.6e-27	119.8
BCW-200219_00227	gnl|TC-DB|P0AF54|9.B.136.1.1	78.8	104	22	0	1	104	1	104	4.1e-42	166.8
BCW-200219_00228	gnl|TC-DB|P32705|2.A.21.7.2	91.8	549	45	0	1	549	1	549	2.5e-279	957.2
BCW-200219_00229	gnl|TC-DB|P60643|2.A.122.1.3	28.2	220	157	1	11	229	14	233	2.7e-17	85.5
BCW-200219_00230	gnl|TC-DB|E7UC95|1.E.14.1.9	81.8	132	24	0	1	132	1	132	4.2e-55	210.3
BCW-200219_00232	gnl|TC-DB|P32703|2.A.36.3.1	94.5	546	30	0	1	546	1	546	3.1e-282	966.8
BCW-200219_00233	gnl|TC-DB|P0AF52|2.A.40.7.5	94.0	449	27	0	1	449	1	449	2.7e-223	770.8
BCW-200219_00262	gnl|TC-DB|P28303|2.A.66.1.4	84.2	438	69	0	1	438	19	456	1.4e-203	705.3
BCW-200219_00266	gnl|TC-DB|P0AC96|2.A.8.1.8	95.7	446	19	0	1	446	1	446	2.3e-235	810.8
BCW-200219_00275	gnl|TC-DB|P10907|3.A.1.1.3	91.0	356	32	0	1	356	1	356	1.1e-187	652.1
BCW-200219_00276	gnl|TC-DB|P10906|3.A.1.1.3	89.0	281	31	0	1	281	1	281	3.8e-135	477.2
BCW-200219_00277	gnl|TC-DB|P10905|3.A.1.1.3	91.9	295	24	0	1	295	1	295	1.9e-153	538.1
BCW-200219_00278	gnl|TC-DB|P0AG80|3.A.1.1.3	90.4	438	42	0	1	438	1	438	2.2e-238	820.8
BCW-200219_00279	gnl|TC-DB|P22731|3.A.1.4.1	92.8	237	17	0	1	237	1	237	3.1e-122	434.1
BCW-200219_00280	gnl|TC-DB|P0A9S7|3.A.1.4.1	94.5	255	14	0	1	255	1	255	2.9e-137	484.2
BCW-200219_00281	gnl|TC-DB|P22729|3.A.1.4.1	94.1	425	25	0	1	425	1	425	7.9e-209	722.6
BCW-200219_00282	gnl|TC-DB|P0AEX7|3.A.1.4.1	90.3	308	30	0	1	308	1	308	1.1e-143	505.8
BCW-200219_00283	gnl|TC-DB|P04816|3.A.1.4.1	92.4	369	28	0	1	369	1	369	6.9e-201	696.0
BCW-200219_00285	gnl|TC-DB|P0AD96|3.A.1.4.1	94.5	365	19	1	1	364	3	367	1.7e-196	681.4
BCW-200219_00288	gnl|TC-DB|P0AC31|3.A.1.140.1	90.6	352	32	1	1	351	1	352	1.5e-176	615.1
BCW-200219_00289	gnl|TC-DB|P0A9R7|3.A.1.140.1	95.0	222	11	0	1	222	1	222	3.1e-119	424.1
BCW-200219_00290	gnl|TC-DB|P10121|3.A.5.1.1	96.4	309	11	0	178	486	189	497	4.7e-165	577.4
BCW-200219_00295	gnl|TC-DB|P37617|3.A.3.6.2	78.1	734	148	7	1	723	1	732	6.3e-299	1022.7
BCW-200219_00299	gnl|TC-DB|P02943|1.B.3.1.1	73.0	455	100	6	1	441	1	446	9.5e-197	682.6
BCW-200219_00300	gnl|TC-DB|P68187|3.A.1.1.1	94.1	371	20	1	1	369	1	371	1.4e-198	688.3
BCW-200219_00301	gnl|TC-DB|P0AEX9|3.A.1.1.1	92.2	396	31	0	1	396	1	396	8.7e-218	752.3
BCW-200219_00302	gnl|TC-DB|P02916|3.A.1.1.1	90.3	514	50	0	1	514	1	514	1.5e-270	927.9
BCW-200219_00303	gnl|TC-DB|P68183|3.A.1.1.1	93.2	296	20	0	1	296	1	296	2.7e-155	544.3
BCW-200219_00305	gnl|TC-DB|D8EPC3|1.B.14.16.4	89.7	698	72	0	1	698	1	698	0.0e+00	1327.8
BCW-200219_00311	gnl|TC-DB|Q9K0A9|2.A.28.2.4	44.9	296	161	1	7	300	13	308	7.5e-63	237.3
BCW-200219_00316	gnl|TC-DB|P0AF43|2.A.58.2.1	88.0	543	65	0	1	543	1	543	1.0e-253	872.1
BCW-200219_00327	gnl|TC-DB|Q8ZPK4|3.A.1.12.14	90.6	381	36	0	1	381	1	381	7.1e-201	696.0
BCW-200219_00328	gnl|TC-DB|Q8ZPK3|3.A.1.12.14	91.6	215	18	0	1	215	1	215	3.9e-103	370.5
BCW-200219_00329	gnl|TC-DB|Q8ZPK2|3.A.1.12.14	82.4	290	51	0	10	299	11	300	1.2e-137	485.7
BCW-200219_00330	gnl|TC-DB|Q8ZPK1|3.A.1.12.14	85.9	234	32	1	1	233	1	234	4.5e-105	377.1
BCW-200219_00331	gnl|TC-DB|657066955|9.B.143.3.6	30.3	221	150	3	7	223	12	232	4.8e-17	84.7
BCW-200219_00333	gnl|TC-DB|P0ADL1|2.A.1.2.26	37.8	381	236	1	14	394	16	395	3.6e-70	261.9
BCW-200219_00349	gnl|TC-DB|C5IZH0|2.A.6.2.47	89.0	391	43	0	1	391	1	391	1.9e-193	671.4
BCW-200219_00350	gnl|TC-DB|C5IZH1|2.A.6.2.47	96.4	1051	37	1	1	1051	1	1050	0.0e+00	1926.8
BCW-200219_00359	gnl|TC-DB|P72770|2.A.53.4.1	32.6	466	311	2	11	475	7	470	5.9e-58	221.9
BCW-200219_00361	gnl|TC-DB|P77374|5.A.3.3.1	85.7	812	112	1	1	812	1	808	0.0e+00	1465.7
BCW-200219_00366	gnl|TC-DB|P76169|2.A.7.26.1	86.0	107	15	0	1	107	1	107	1.5e-50	194.9
BCW-200219_00369	gnl|TC-DB|P77228|2.A.1.6.9	85.3	416	58	2	29	442	1	415	1.5e-197	685.3
BCW-200219_00376	gnl|TC-DB|D4ZZR3|9.B.34.1.3	37.3	169	102	2	429	594	225	392	9.3e-23	105.5
BCW-200219_00380	gnl|TC-DB|P22037|9.B.20.1.1	73.9	218	57	0	1	218	7	224	6.5e-85	310.1
BCW-200219_00381	gnl|TC-DB|O53183|2.A.1.2.71	34.0	397	257	3	4	396	11	406	6.4e-51	198.0
BCW-200219_00391	gnl|TC-DB|P0AAP1|9.B.34.1.2	29.0	255	152	10	122	365	130	366	2.0e-19	93.2
BCW-200219_00399	gnl|TC-DB|P45769|3.A.1.3.26	95.2	252	12	0	1	252	1	252	3.3e-138	487.3
BCW-200219_00400	gnl|TC-DB|P45768|3.A.1.3.26	91.6	367	31	0	1	367	1	367	8.7e-196	679.1
BCW-200219_00401	gnl|TC-DB|P45767|3.A.1.3.26	83.5	393	65	0	1	393	1	393	1.1e-185	645.6
BCW-200219_00402	gnl|TC-DB|P45766|3.A.1.3.26	93.3	341	23	0	1	341	1	341	3.1e-187	650.6
BCW-200219_00404	gnl|TC-DB|P24181|2.A.6.2.1	83.6	1032	169	0	1	1032	1	1032	0.0e+00	1673.3
BCW-200219_00405	gnl|TC-DB|P0AE06|8.A.1.6.1	71.3	366	97	2	8	369	14	375	1.1e-140	496.1
BCW-200219_00407	gnl|TC-DB|P76330|9.B.34.1.4	29.0	214	142	4	207	416	349	556	4.9e-14	76.3
BCW-200219_00413	gnl|TC-DB|P16256|2.A.21.1.1	80.3	483	95	0	1	483	1	483	1.2e-216	748.8
BCW-200219_00418	gnl|TC-DB|Q8XB73|5.B.7.1.1	82.6	195	34	0	1	195	1	195	2.3e-89	324.7
BCW-200219_00422	gnl|TC-DB|P0A9X4|9.B.157.1.3	100.0	347	0	0	1	347	1	347	1.7e-193	671.4
BCW-200219_00423	gnl|TC-DB|P16926|9.B.157.1.3	95.6	320	12	1	1	320	1	318	1.0e-166	582.4
BCW-200219_00424	gnl|TC-DB|P0ABH4|9.B.157.1.3	93.2	162	11	0	1	162	1	162	2.2e-82	301.2
BCW-200219_00431	gnl|TC-DB|D7XN98|8.A.48.1.2	97.0	67	2	0	1	67	24	90	1.2e-31	131.3
BCW-200219_00432	gnl|TC-DB|P46482|8.A.1.7.1	89.0	310	34	0	1	310	1	310	9.1e-154	539.3
BCW-200219_00433	gnl|TC-DB|P46481|2.A.85.1.2	85.8	655	93	0	1	655	1	655	0.0e+00	1108.6
BCW-200219_00446	gnl|TC-DB|P0ACA3|1.A.12.3.1	95.3	211	10	0	1	211	1	211	5.1e-116	413.3
BCW-200219_00458	gnl|TC-DB|P0AF98|1.B.42.1.2	87.5	359	45	0	1	359	8	366	2.8e-175	610.9
BCW-200219_00459	gnl|TC-DB|P0ADC6|1.B.42.1.2	92.8	360	26	0	1	360	1	360	1.4e-185	645.2
BCW-200219_00463	gnl|TC-DB|H1XXZ0|8.A.8.1.5	35.2	88	56	1	3	90	2	88	5.5e-11	63.2
BCW-200219_00465	gnl|TC-DB|P71012|4.A.2.1.4	27.5	149	106	2	8	155	1	148	3.5e-11	64.7
BCW-200219_00468	gnl|TC-DB|P0A9V1|1.B.42.1.2	95.0	241	12	0	1	241	1	241	1.0e-128	455.7
BCW-200219_00469	gnl|TC-DB|P0ADV1|1.B.42.1.2	84.9	185	27	1	1	184	1	185	4.1e-85	310.5
BCW-200219_00470	gnl|TC-DB|P0ADW0|1.B.42.1.2	83.2	191	32	0	1	191	1	191	2.3e-91	331.3
BCW-200219_00473	gnl|TC-DB|P45394|2.A.19.5.1	81.4	323	60	0	1	323	1	323	1.2e-140	495.7
BCW-200219_00474	gnl|TC-DB|P63386|3.A.1.27.3	90.6	266	25	0	1	266	1	266	2.6e-133	471.1
BCW-200219_00475	gnl|TC-DB|P64606|3.A.1.27.3	94.6	260	14	0	1	260	1	260	8.2e-132	466.1
BCW-200219_00476	gnl|TC-DB|P64604|3.A.1.27.3	76.9	182	37	1	1	177	1	182	9.0e-77	282.7
BCW-200219_00477	gnl|TC-DB|P0ADV7|3.A.1.27.3	90.0	211	21	0	1	211	1	211	1.1e-107	385.6
BCW-200219_00478	gnl|TC-DB|P64602|3.A.1.27.3	63.9	97	35	0	1	97	1	97	1.2e-30	128.6
BCW-200219_00485	gnl|TC-DB|E1ILD8|2.A.7.3.18	88.8	321	36	0	1	321	1	321	4.4e-159	557.0
BCW-200219_00493	gnl|TC-DB|P25694|3.A.16.1.2	43.3	252	142	1	140	390	472	723	3.3e-57	219.5
BCW-200219_00496	gnl|TC-DB|Q9KN45|3.A.23.1.1	42.8	194	108	1	2	192	988	1181	7.8e-47	183.3
BCW-200219_00499	gnl|TC-DB|B2D7K2|3.A.23.1.1	45.7	512	268	3	7	508	4	515	8.8e-125	444.1
BCW-200219_00506	gnl|TC-DB|P0AG99|3.A.5.1.1	91.8	110	9	0	1	110	1	110	7.7e-47	182.6
BCW-200219_00519	gnl|TC-DB|P38919|3.A.18.1.1	36.3	386	236	3	3	379	27	411	2.1e-64	243.4
BCW-200219_00520	gnl|TC-DB|P0AAD2|2.A.42.1.2	92.7	413	30	0	1	413	1	413	7.0e-218	752.7
BCW-200219_00539	gnl|TC-DB|P19642|4.A.1.1.3	52.6	527	244	3	1	523	1	525	3.9e-149	524.6
BCW-200219_00543	gnl|TC-DB|P26379|4.A.6.1.2	30.6	108	75	0	1	108	1	108	6.6e-14	73.6
BCW-200219_00544	gnl|TC-DB|Q9KIQ2|4.A.6.1.4	93.5	292	19	0	1	292	1	292	8.9e-151	529.3
BCW-200219_00545	gnl|TC-DB|Q9KIQ3|4.A.6.1.4	87.3	259	33	0	1	259	1	259	8.8e-102	366.3
BCW-200219_00546	gnl|TC-DB|Q9KIQ4|4.A.6.1.4	91.1	157	14	0	1	157	13	169	6.4e-79	289.7
BCW-200219_00553	gnl|TC-DB|P0A4L7|5.A.2.1.2	25.2	222	138	7	3	206	11	222	1.4e-12	69.7
BCW-200219_00559	gnl|TC-DB|Q9KN48|3.A.23.1.1	38.7	341	188	4	140	467	193	525	3.6e-53	205.7
BCW-200219_00560	gnl|TC-DB|Q9HV74|2.A.21.9.1	27.7	357	219	13	11	346	636	974	1.9e-22	103.2
BCW-200219_00563	gnl|TC-DB|Q9Z625|1.B.12.1.3	62.2	938	302	2	1	911	44	955	8.0e-283	969.5
BCW-200219_00568	gnl|TC-DB|P0A8K8|9.B.126.2.1	87.4	293	34	1	1	293	1	290	6.6e-130	459.9
BCW-200219_00574	gnl|TC-DB|P75733|1.B.25.1.13	88.7	468	50	3	1	465	1	468	9.8e-253	868.6
BCW-200219_00577	gnl|TC-DB|P09323|4.A.1.1.2	55.3	662	260	9	2	657	16	647	1.8e-175	612.5
BCW-200219_00594	gnl|TC-DB|P0A2L3|9.A.40.1.2	94.5	292	16	0	16	307	1	292	1.9e-156	548.1
BCW-200219_00596	gnl|TC-DB|P37902|3.A.1.3.4	90.7	302	27	1	1	301	1	302	1.6e-155	545.0
BCW-200219_00597	gnl|TC-DB|P0AER3|3.A.1.3.4	89.4	246	26	0	1	246	1	246	5.0e-123	436.8
BCW-200219_00598	gnl|TC-DB|P0AER5|3.A.1.3.4	93.3	223	15	0	1	223	1	223	4.9e-109	390.2
BCW-200219_00599	gnl|TC-DB|P0AAG3|3.A.1.3.4	91.7	241	20	0	1	241	1	241	2.5e-122	434.5
BCW-200219_00603	gnl|TC-DB|P0ADC1|1.B.42.1.2	74.5	165	42	0	1	165	1	165	2.7e-68	254.6
BCW-200219_00609	gnl|TC-DB|P0ABG7|2.A.103.1.2	95.9	370	15	0	1	370	1	370	2.1e-197	684.5
BCW-200219_00616	gnl|TC-DB|P0A843|2.A.64.1.1	85.1	67	10	0	1	67	1	67	2.1e-23	104.0
BCW-200219_00618	gnl|TC-DB|P37002|1.A.43.1.1	82.7	127	22	0	1	127	1	127	3.5e-59	223.8
BCW-200219_00622	gnl|TC-DB|P0ABP3|2.A.61.1.1	92.1	455	36	0	1	455	1	455	3.6e-223	770.4
BCW-200219_00645	gnl|TC-DB|B5YV25|1.B.20.1.7	63.6	173	63	0	19	191	14	186	1.8e-59	226.9
BCW-200219_00647	gnl|TC-DB|P0AEK7|5.A.3.2.1	48.6	210	106	1	1	208	1	210	1.6e-56	215.7
BCW-200219_00648	gnl|TC-DB|P0AAJ3|5.A.3.2.1	77.6	294	66	0	1	294	1	294	1.2e-145	512.3
BCW-200219_00649	gnl|TC-DB|P24183|5.A.3.2.1	77.1	803	183	1	1	803	213	1014	0.0e+00	1342.4
BCW-200219_00650	gnl|TC-DB|P24183|5.A.3.2.1	82.1	195	35	0	1	195	1	195	1.8e-94	341.7
BCW-200219_00653	gnl|TC-DB|Q1D213|2.A.78.2.3	46.5	99	53	0	8	106	3	101	1.1e-13	72.4
BCW-200219_00654	gnl|TC-DB|Q1D212|2.A.78.2.3	37.2	231	116	2	13	214	14	244	5.4e-36	147.5
BCW-200219_00658	gnl|TC-DB|P96517|2.A.1.5.4	97.2	425	12	0	1	425	1	425	5.1e-224	773.1
BCW-200219_00666	gnl|TC-DB|P27125|2.A.7.6.1	90.1	344	34	0	1	344	1	344	3.2e-176	614.0
BCW-200219_00673	gnl|TC-DB|P69380|2.A.4.7.1	90.4	291	28	0	1	291	1	291	8.4e-149	522.7
BCW-200219_00675	gnl|TC-DB|P0AG78|3.A.1.6.1	92.4	329	25	0	1	329	1	329	4.6e-180	626.7
BCW-200219_00680	gnl|TC-DB|B7MI53|9.B.124.2.2	72.7	139	38	0	1	139	1	139	1.0e-56	215.7
BCW-200219_00684	gnl|TC-DB|P0AER0|1.A.8.1.1	90.0	281	28	0	1	281	1	281	3.4e-147	517.3
BCW-200219_00692	gnl|TC-DB|Q9ZKE4|3.A.11.3.1	31.7	536	337	11	198	730	108	617	8.9e-67	251.5
BCW-200219_00694	gnl|TC-DB|Q934G3|1.B.35.1.1	35.4	246	129	10	1	226	1	236	7.3e-28	120.6
BCW-200219_00702	gnl|TC-DB|P32670|4.A.2.1.10	85.2	833	123	0	1	833	1	833	0.0e+00	1420.6
BCW-200219_00703	gnl|TC-DB|P32672|4.A.2.1.10	88.0	359	43	0	1	359	1	359	2.3e-172	601.3
BCW-200219_00704	gnl|TC-DB|P69816|4.A.2.1.10	93.4	106	7	0	1	106	1	106	1.0e-48	188.7
BCW-200219_00707	gnl|TC-DB|P32676|4.A.2.1.10	77.5	111	25	0	8	118	3	113	2.9e-44	174.1
BCW-200219_00719	gnl|TC-DB|P06129|1.B.14.3.1	66.0	624	195	7	1	617	1	614	2.2e-244	841.3
BCW-200219_00735	gnl|TC-DB|P25714|2.A.9.3.1	91.4	548	46	1	1	547	1	548	1.9e-279	957.6
BCW-200219_00737	gnl|TC-DB|B2D7K2|3.A.23.1.1	38.6	502	294	3	7	494	4	505	8.6e-96	347.8
BCW-200219_00746	gnl|TC-DB|P0AAD8|2.A.42.2.2	88.7	443	50	0	1	443	1	443	5.0e-222	766.5
BCW-200219_00750	gnl|TC-DB|P42628|2.A.42.2.4	91.2	443	39	0	1	443	1	443	1.8e-224	774.6
BCW-200219_00754	gnl|TC-DB|P64591|9.B.124.1.2	78.2	119	26	0	1	119	1	119	2.8e-58	220.7
BCW-200219_00758	gnl|TC-DB|P64585|1.E.34.2.1	80.8	130	25	0	1	130	1	130	1.2e-51	198.7
BCW-200219_00762	gnl|TC-DB|P0AA63|9.B.27.2.2	94.1	220	13	0	1	220	1	220	2.2e-114	407.9
BCW-200219_00764	gnl|TC-DB|P0AA78|2.A.1.14.2	89.1	431	47	0	1	431	41	471	1.5e-218	755.0
BCW-200219_00767	gnl|TC-DB|P0AGE4|2.A.23.4.1	83.2	411	69	0	2	412	3	413	1.6e-182	635.2
BCW-200219_00768	gnl|TC-DB|P42601|2.A.109.1.7	87.5	319	40	0	1	319	1	319	8.5e-155	542.7
BCW-200219_00775	gnl|TC-DB|P77257|3.A.1.2.8	61.4	492	187	2	4	492	11	502	1.4e-167	585.9
BCW-200219_00776	gnl|TC-DB|P77672|3.A.1.2.8	64.6	339	120	0	1	339	2	340	1.2e-111	399.4
BCW-200219_00777	gnl|TC-DB|P0AFS1|3.A.1.2.8	72.2	316	88	0	1	316	3	318	1.4e-120	429.1
BCW-200219_00778	gnl|TC-DB|P76142|3.A.1.2.8	82.9	334	53	1	4	333	7	340	5.9e-159	556.6
BCW-200219_00832	gnl|TC-DB|Q46909|2.A.1.1.95	25.5	432	292	11	47	477	20	422	3.4e-22	102.8
BCW-200219_00833	gnl|TC-DB|P60782|9.B.31.1.1	92.7	205	15	0	1	205	1	205	8.5e-108	386.0
BCW-200219_00845	gnl|TC-DB|P75750|1.B.11.2.2	55.5	814	354	6	3	811	4	814	8.5e-268	919.5
BCW-200219_00846	gnl|TC-DB|B7LAC5|1.C.80.1.4	45.2	188	101	2	1	186	1	188	8.2e-33	136.7
BCW-200219_00847	gnl|TC-DB|P0A8H3|2.A.5.5.1	89.9	257	26	0	1	257	1	257	8.4e-113	402.9
BCW-200219_00851	gnl|TC-DB|P02930|1.B.17.1.1	84.4	495	72	2	1	492	1	493	2.0e-216	748.0
BCW-200219_00857	gnl|TC-DB|Q21EL3|1.B.14.1.24	28.0	718	462	18	17	713	16	699	3.7e-57	219.5
BCW-200219_00858	gnl|TC-DB|Q9RCF3|3.A.1.14.6	53.5	254	118	0	39	292	21	274	4.8e-75	277.7
BCW-200219_00859	gnl|TC-DB|Q47085|3.A.1.14.4	39.7	307	184	1	19	324	29	335	1.0e-46	183.7
BCW-200219_00860	gnl|TC-DB|P40411|3.A.1.14.15	31.8	318	200	5	39	343	18	331	3.9e-36	148.7
BCW-200219_00870	gnl|TC-DB|P36649|1.B.76.1.8	31.8	515	287	10	3	459	1	509	1.3e-63	240.4
BCW-200219_00881	gnl|TC-DB|P16869|1.B.14.1.1	55.2	741	294	9	8	729	8	729	6.7e-240	826.6
BCW-200219_00882	gnl|TC-DB|P69786|4.A.1.1.1	96.9	477	15	0	1	477	1	477	1.4e-262	901.4
BCW-200219_00889	gnl|TC-DB|O80800|3.D.1.6.3	48.0	75	39	0	2	76	48	122	1.5e-12	68.2
BCW-200219_00900	gnl|TC-DB|P76628|2.A.1.36.3	33.5	388	248	2	4	388	2	382	2.0e-39	159.8
BCW-200219_00915	gnl|TC-DB|P0AF16|2.A.66.4.3	92.7	510	37	0	1	510	1	510	3.7e-261	896.7
BCW-200219_00919	gnl|TC-DB|P69367|2.A.1.2.21	85.1	402	60	0	1	402	1	402	1.7e-197	684.9
BCW-200219_00929	gnl|TC-DB|P25744|2.A.1.2.20	87.9	404	47	1	1	402	1	404	2.7e-198	687.6
BCW-200219_00932	gnl|TC-DB|P62517|4.D.3.1.1	93.3	840	56	0	1	840	1	840	0.0e+00	1616.3
BCW-200219_00941	gnl|TC-DB|P0AE95|1.B.48.1.1	79.1	129	27	0	1	129	1	129	1.5e-54	208.4
BCW-200219_00942	gnl|TC-DB|P0AE98|1.B.48.1.1	83.3	138	22	1	1	137	1	138	1.8e-61	231.5
BCW-200219_00943	gnl|TC-DB|P0AEA2|1.B.48.1.1	91.7	277	23	0	1	277	1	277	3.4e-144	507.3
BCW-200219_00949	gnl|TC-DB|B7L824|2.A.81.1.5	81.3	552	103	0	1	552	1	552	2.9e-251	864.0
BCW-200219_00951	gnl|TC-DB|Q9AGA7|4.A.1.1.10	90.0	540	54	0	1	540	1	540	1.5e-281	964.5
BCW-200219_00953	gnl|TC-DB|B1X8N7|3.A.1.17.10	88.1	253	30	0	1	253	1	253	3.1e-123	437.6
BCW-200219_00954	gnl|TC-DB|P75851|3.A.1.17.10	92.7	261	19	0	1	261	1	261	1.4e-126	448.7
BCW-200219_00956	gnl|TC-DB|P75853|3.A.1.17.10	83.5	315	52	0	3	317	2	316	1.5e-151	531.9
BCW-200219_00962	gnl|TC-DB|P43672|3.A.1.120.6	83.9	634	102	0	1	634	1	634	8.9e-297	1015.4
BCW-200219_00969	gnl|TC-DB|P0A910|1.B.6.1.1	86.0	351	44	2	1	351	1	346	6.0e-170	593.2
BCW-200219_00972	gnl|TC-DB|P75870|2.A.85.1.1	82.4	716	126	0	1	716	1	716	0.0e+00	1187.9
BCW-200219_00973	gnl|TC-DB|P0AB12|9.B.55.1.1	88.5	148	17	0	1	148	1	148	4.6e-71	263.5
BCW-200219_00982	gnl|TC-DB|P0AAC6|1.A.14.2.1	93.6	219	14	0	1	219	1	219	6.5e-106	379.8
BCW-200219_00983	gnl|TC-DB|P06202|3.A.1.5.1	54.9	536	237	3	12	542	8	543	2.4e-170	595.1
BCW-200219_00991	gnl|TC-DB|P39580|2.A.50.2.1	30.8	315	182	13	78	368	86	388	1.8e-31	133.3
BCW-200219_00999	gnl|TC-DB|Q01857|2.A.23.1.3	40.7	364	211	3	47	405	54	417	2.4e-67	252.7
BCW-200219_01011	gnl|TC-DB|Q8PVB2|9.B.125.2.2	33.1	320	188	5	4	310	11	317	7.7e-39	157.5
BCW-200219_01022	gnl|TC-DB|Q05594|3.A.1.23.6	92.7	245	18	0	1	245	1	245	8.3e-126	446.0
BCW-200219_01023	gnl|TC-DB|Q05595|3.A.1.23.6	91.7	36	3	0	58	93	58	93	6.1e-13	69.7
BCW-200219_01024	gnl|TC-DB|Q05598|3.A.1.23.6	79.1	225	47	0	1	225	1	225	2.0e-102	368.2
BCW-200219_01025	gnl|TC-DB|Q05596|3.A.1.23.6	86.0	272	37	1	1	272	1	271	1.3e-132	468.8
BCW-200219_01033	gnl|TC-DB|P16552|2.A.1.5.2	34.3	429	264	4	1	421	1	419	1.1e-64	243.8
BCW-200219_01040	gnl|TC-DB|O32142|9.B.35.2.1	37.1	116	62	5	1	107	1	114	3.0e-11	64.3
BCW-200219_01042	gnl|TC-DB|P94575|2.A.39.3.4	32.5	462	307	3	20	478	10	469	6.5e-77	284.6
BCW-200219_01052	gnl|TC-DB|P35113|3.A.1.3.6	32.1	218	138	2	5	212	1	218	5.3e-23	104.4
BCW-200219_01053	gnl|TC-DB|P0AFT2|3.A.1.3.10	32.0	206	140	0	15	220	10	215	1.2e-25	113.2
BCW-200219_01054	gnl|TC-DB|Q9I488|3.A.1.3.21	57.7	239	101	0	3	241	1	239	9.0e-72	266.5
BCW-200219_01057	gnl|TC-DB|Q52398|1.A.26.1.4	56.1	326	141	2	6	330	28	352	1.4e-96	349.4
BCW-200219_01067	gnl|TC-DB|K7QW88|2.A.7.3.52	34.6	269	167	6	17	284	11	271	5.3e-21	98.2
BCW-200219_01068	gnl|TC-DB|P75892|2.A.40.1.3	89.3	439	47	0	1	439	3	441	2.9e-214	740.7
BCW-200219_01078	gnl|TC-DB|P07117|2.A.21.2.1	94.8	500	26	0	1	500	1	500	3.1e-268	920.2
BCW-200219_01080	gnl|TC-DB|P0AFF2|2.A.41.1.1	71.0	400	110	2	1	394	1	400	6.1e-147	516.9
BCW-200219_01081	gnl|TC-DB|P75901|2.A.108.2.3	90.1	274	27	0	1	274	1	274	6.2e-138	486.5
BCW-200219_01082	gnl|TC-DB|P0AB24|2.A.108.2.3	88.3	375	44	0	1	375	1	375	3.7e-186	647.1
BCW-200219_01083	gnl|TC-DB|P31545|2.A.108.2.3	83.8	425	65	1	1	425	1	421	2.7e-209	724.2
BCW-200219_01089	gnl|TC-DB|P36655|5.A.1.1.1	84.2	565	87	2	1	563	1	565	9.3e-274	938.7
BCW-200219_01091	gnl|TC-DB|P0ABN5|2.A.13.1.1	62.4	434	161	2	1	433	1	433	9.1e-144	506.5
BCW-200219_01094	gnl|TC-DB|P39277|2.A.3.13.1	83.1	409	69	0	1	409	1	409	5.1e-192	666.8
BCW-200219_01101	gnl|TC-DB|D5CES3|2.A.7.1.10	96.2	105	4	0	1	105	1	105	4.3e-47	183.3
BCW-200219_01107	gnl|TC-DB|P17596|3.D.10.1.3	28.0	218	152	5	7	219	5	222	3.1e-24	108.6
BCW-200219_01108	gnl|TC-DB|F9VN10|3.D.10.1.4	40.4	586	324	8	1	581	1	566	9.1e-110	394.0
BCW-200219_01110	gnl|TC-DB|P39282|2.A.3.7.5	82.9	490	84	0	1	490	1	490	3.9e-231	797.0
BCW-200219_01111	gnl|TC-DB|P39285|1.A.23.1.3	87.7	1107	136	0	1	1107	1	1107	0.0e+00	1767.3
BCW-200219_01121	gnl|TC-DB|P45955|2.C.1.2.1	85.3	190	28	0	1	190	1	190	3.7e-71	264.6
BCW-200219_01122	gnl|TC-DB|C6EJJ6|2.C.1.2.1	74.0	173	45	0	1	173	1	173	5.4e-63	236.9
BCW-200219_01123	gnl|TC-DB|P0A855|2.C.1.2.1	94.7	430	23	0	1	430	1	430	1.6e-148	522.3
BCW-200219_01124	gnl|TC-DB|P19934|2.C.1.2.1	84.3	127	20	0	307	433	295	421	6.3e-44	174.9
BCW-200219_01125	gnl|TC-DB|P0ABV8|1.A.30.2.2	88.0	142	17	0	1	142	1	142	2.8e-65	244.2
BCW-200219_01126	gnl|TC-DB|P0ABU9|1.A.30.2.2	97.0	230	7	0	1	230	1	230	5.4e-119	423.3
BCW-200219_01128	gnl|TC-DB|P0AAV0|8.A.79.1.1	88.3	94	11	0	3	96	4	97	8.2e-45	175.6
BCW-200219_01129	gnl|TC-DB|P56100|9.B.85.1.1	88.6	35	4	0	1	35	1	35	3.5e-12	65.9
BCW-200219_01130	gnl|TC-DB|P0ABK2|3.D.4.3.2	90.8	379	35	0	1	379	1	379	1.8e-199	691.4
BCW-200219_01131	gnl|TC-DB|P0ABJ9|3.D.4.3.2	93.7	522	33	0	1	522	1	522	4.6e-283	969.5
BCW-200219_01136	gnl|TC-DB|X5GWN5|3.D.10.1.6	50.9	234	108	5	4	236	27	254	9.0e-69	256.5
BCW-200219_01137	gnl|TC-DB|X5H3P0|3.D.10.1.6	52.9	590	266	8	7	588	12	597	9.1e-171	596.7
BCW-200219_01148	gnl|TC-DB|P03959|3.A.3.7.1	83.3	557	93	0	1	557	1	557	7.4e-263	902.5
BCW-200219_01149	gnl|TC-DB|P03960|3.A.3.7.1	91.5	682	58	0	1	682	1	682	0.0e+00	1175.6
BCW-200219_01150	gnl|TC-DB|P03961|3.A.3.7.1	69.1	188	58	0	1	188	1	188	3.5e-63	237.7
BCW-200219_01154	gnl|TC-DB|P0AAF1|2.A.3.2.1	92.4	435	33	0	2	436	4	438	1.5e-226	781.6
BCW-200219_01168	gnl|TC-DB|P77735|8.A.5.1.6	87.7	324	40	0	1	324	1	324	1.0e-168	589.0
BCW-200219_01175	gnl|TC-DB|P0A927|1.B.10.1.1	92.5	294	20	1	3	294	1	294	1.8e-167	584.7
BCW-200219_01178	gnl|TC-DB|P0AG93|2.A.6.4.1	90.1	323	32	0	1	323	1	323	1.8e-160	561.6
BCW-200219_01179	gnl|TC-DB|P0AG90|2.A.6.4.1	93.9	604	37	0	1	604	12	615	0.0e+00	1075.8
BCW-200219_01180	gnl|TC-DB|P0ADZ7|3.A.5.1.1	96.4	110	4	0	1	110	1	110	7.2e-53	202.6
BCW-200219_01187	gnl|TC-DB|Q05839|8.A.9.1.1	23.2	479	259	17	177	562	132	594	1.5e-19	94.4
BCW-200219_01188	gnl|TC-DB|P37460|2.A.3.1.6	94.5	456	25	0	1	456	1	456	5.5e-248	852.8
BCW-200219_01189	gnl|TC-DB|P0AD99|2.A.26.1.10	90.7	439	41	0	1	439	1	439	8.5e-222	765.8
BCW-200219_01202	gnl|TC-DB|P0AAP1|9.B.34.1.2	61.6	367	141	0	1	367	5	371	4.0e-132	467.6
BCW-200219_01206	gnl|TC-DB|P25744|2.A.1.2.20	61.3	393	151	1	3	395	11	402	7.7e-129	456.8
BCW-200219_01212	gnl|TC-DB|P0AFY6|9.A.18.1.1	90.1	406	40	0	1	406	1	406	2.1e-211	731.1
BCW-200219_01216	gnl|TC-DB|Q8X5H7|1.B.12.2.7	59.5	996	315	18	1	924	1	980	1.0e-301	1032.3
BCW-200219_01220	gnl|TC-DB|Q47539|3.A.1.17.1	79.6	275	56	0	1	275	1	275	6.2e-114	406.8
BCW-200219_01221	gnl|TC-DB|Q47538|3.A.1.17.1	89.0	255	28	0	1	255	1	255	4.1e-128	453.8
BCW-200219_01222	gnl|TC-DB|Q47537|3.A.1.17.1	89.7	320	33	0	1	320	1	320	5.5e-162	566.6
BCW-200219_01224	gnl|TC-DB|Q47689|2.A.3.1.10	92.7	467	33	1	1	466	1	467	9.5e-248	852.0
BCW-200219_01225	gnl|TC-DB|Q1DBZ0|2.A.86.2.2	27.6	341	237	6	12	348	14	348	1.3e-21	100.5
BCW-200219_01226	gnl|TC-DB|D4ZZR3|9.B.34.1.3	37.3	212	125	4	378	585	186	393	4.2e-30	129.4
BCW-200219_01229	gnl|TC-DB|A6XV56|1.B.17.3.6	42.9	468	256	5	35	497	22	483	6.9e-95	344.4
BCW-200219_01230	gnl|TC-DB|O51918|2.A.1.3.24	46.0	339	182	1	39	376	35	373	7.9e-75	277.3
BCW-200219_01231	gnl|TC-DB|O51919|2.A.1.3.24	54.3	506	230	1	7	512	6	510	3.0e-154	541.6
BCW-200219_01234	gnl|TC-DB|P0AAP1|9.B.34.1.2	29.6	216	127	6	172	384	176	369	2.2e-16	84.0
BCW-200219_01242	gnl|TC-DB|P02932|1.B.1.1.2	86.6	351	46	1	1	350	1	351	9.9e-181	629.0
BCW-200219_01248	gnl|TC-DB|D0WX40|3.D.5.1.1	62.5	64	24	0	1	64	1	64	1.3e-17	84.7
BCW-200219_01249	gnl|TC-DB|Q56584|3.D.5.1.1	78.6	407	87	0	1	407	1	407	5.5e-191	663.3
BCW-200219_01250	gnl|TC-DB|Q56589|3.D.5.1.1	82.8	198	34	0	1	198	1	198	1.7e-89	325.1
BCW-200219_01251	gnl|TC-DB|Q57095|3.D.5.1.1	75.9	203	49	0	8	210	5	207	1.7e-79	292.0
BCW-200219_01252	gnl|TC-DB|Q56582|3.D.5.1.1	56.8	257	107	2	6	262	4	256	5.7e-80	293.9
BCW-200219_01253	gnl|TC-DB|Q56587|3.D.5.1.1	75.9	411	98	1	1	410	1	411	3.8e-184	640.6
BCW-200219_01254	gnl|TC-DB|Q56586|3.D.5.1.1	60.0	447	178	1	1	447	1	446	6.7e-158	553.5
BCW-200219_01262	gnl|TC-DB|W0WMS8|3.A.1.5.39	44.1	272	146	2	24	289	27	298	3.3e-57	218.4
BCW-200219_01263	gnl|TC-DB|P75798|3.A.1.5.11	46.2	312	160	1	1	312	1	304	1.6e-68	256.1
BCW-200219_01264	gnl|TC-DB|P42061|3.A.1.5.20	25.4	469	294	13	61	491	79	529	2.9e-32	136.3
BCW-200219_01265	gnl|TC-DB|P42065|3.A.1.5.20	51.3	318	151	3	5	318	9	326	3.8e-87	318.2
BCW-200219_01266	gnl|TC-DB|P42064|3.A.1.5.20	51.1	315	151	2	12	323	4	318	2.6e-85	312.0
BCW-200219_01276	gnl|TC-DB|P77389|2.A.1.2.65	42.3	378	211	4	5	381	7	378	7.1e-71	264.2
BCW-200219_01280	gnl|TC-DB|917745143|1.C.75.1.2	58.1	86	36	0	1	86	2927	3012	4.6e-21	99.0
BCW-200219_01283	gnl|TC-DB|Q9HV74|2.A.21.9.1	27.6	217	139	7	237	437	760	974	1.9e-11	67.0
BCW-200219_01287	gnl|TC-DB|B5XTS8|9.A.8.1.10	89.3	75	8	0	1	75	1	75	8.7e-34	138.7
BCW-200219_01288	gnl|TC-DB|B5XTS7|9.A.8.1.10	89.9	772	78	0	1	772	1	772	0.0e+00	1368.6
BCW-200219_01289	gnl|TC-DB|B5XTS6|9.A.8.1.10	79.7	79	15	1	1	78	1	79	7.1e-31	129.0
BCW-200219_01294	gnl|TC-DB|P39835|2.A.8.1.4	94.5	438	24	0	1	438	1	438	7.7e-215	742.7
BCW-200219_01299	gnl|TC-DB|P09391|9.B.104.1.1	84.0	275	44	0	1	275	1	275	2.6e-136	481.1
BCW-200219_01308	gnl|TC-DB|P67143|2.A.95.1.5	94.4	197	11	0	1	197	1	197	6.1e-95	343.2
BCW-200219_01310	gnl|TC-DB|B3WJF3|2.A.88.8.6	92.7	220	16	0	1	220	1	220	3.3e-113	404.1
BCW-200219_01312	gnl|TC-DB|P37621|2.A.1.46.7	81.2	405	76	0	1	405	1	405	1.8e-181	631.7
BCW-200219_01313	gnl|TC-DB|P0AGM0|2.A.86.1.2	88.3	343	40	0	7	349	7	349	1.3e-161	565.5
BCW-200219_01326	gnl|TC-DB|Q7AA53|2.A.6.8.2	83.0	745	126	1	30	773	5	749	0.0e+00	1182.5
BCW-200219_01333	gnl|TC-DB|P76474|2.A.7.22.1	51.6	126	61	0	3	128	2	127	1.0e-29	125.9
BCW-200219_01334	gnl|TC-DB|P81891|2.A.7.22.2	67.3	110	36	0	1	110	1	110	8.0e-36	146.0
BCW-200219_01335	gnl|TC-DB|G8LJX5|9.B.142.2.2	90.2	551	54	0	1	551	1	551	4.1e-290	993.0
BCW-200219_01338	gnl|TC-DB|P77757|4.D.2.1.8	85.1	322	48	0	19	340	1	322	6.3e-156	546.6
BCW-200219_01343	gnl|TC-DB|E9RJ18|3.A.7.13.2	37.1	89	53	2	49	134	271	359	5.6e-13	70.5
BCW-200219_01345	gnl|TC-DB|Q7B1W8|2.A.109.1.1	81.1	338	64	0	1	338	1	338	2.5e-160	561.2
BCW-200219_01348	gnl|TC-DB|P0AFJ7|2.A.20.1.1	88.6	500	55	2	1	499	1	499	1.1e-249	858.6
BCW-200219_01349	gnl|TC-DB|P0A8S5|9.B.4.1.1	92.8	111	8	0	1	111	1	111	5.9e-55	209.5
BCW-200219_01362	gnl|TC-DB|P37642|9.B.126.1.1	83.2	339	53	1	1	339	1	335	1.3e-156	548.9
BCW-200219_01363	gnl|TC-DB|P37643|2.A.1.6.10	89.8	440	45	0	1	440	1	440	2.6e-218	754.2
BCW-200219_01364	gnl|TC-DB|P37645|9.B.121.1.1	85.0	686	97	1	1	680	1	686	0.0e+00	1175.6
BCW-200219_01389	gnl|TC-DB|P17583|2.A.1.17.1	34.3	373	240	2	12	380	3	374	7.1e-47	184.5
BCW-200219_01397	gnl|TC-DB|Q9HXW4|2.A.6.2.17	42.5	1023	580	3	6	1021	3	1024	6.6e-225	777.3
BCW-200219_01398	gnl|TC-DB|Q9I6X5|2.A.6.2.27	27.8	349	241	5	13	356	9	351	1.1e-17	87.4
BCW-200219_01423	gnl|TC-DB|G8WDN3|2.A.7.21.5	77.0	148	34	0	5	152	1	148	1.1e-56	215.7
BCW-200219_01424	gnl|TC-DB|G8WDN2|2.A.7.21.5	76.1	142	34	0	1	142	1	142	2.6e-55	211.1
BCW-200219_01433	gnl|TC-DB|Q6V6X7|2.A.6.2.18	34.8	463	280	7	10	456	10	466	4.0e-57	218.8
BCW-200219_01434	gnl|TC-DB|P27303|8.A.1.1.1	32.3	322	194	7	47	359	47	353	6.2e-29	124.8
BCW-200219_01436	gnl|TC-DB|P76350|2.A.1.6.6	37.6	431	266	2	2	429	8	438	1.7e-81	299.7
BCW-200219_01449	gnl|TC-DB|P31435|2.A.2.3.4	86.8	462	57	1	2	463	3	460	9.2e-235	808.9
BCW-200219_01452	gnl|TC-DB|P0AGM9|2.A.40.4.2	94.4	462	26	0	1	462	1	462	1.2e-239	825.1
BCW-200219_01453	gnl|TC-DB|P0AER8|2.A.27.1.1	91.8	400	33	0	1	400	1	400	4.1e-199	690.3
BCW-200219_01460	gnl|TC-DB|P0AGM2|1.A.62.2.3	89.3	205	22	0	1	205	1	205	1.1e-99	359.0
BCW-200219_01472	gnl|TC-DB|B8F5K7|4.D.1.3.2	51.2	244	117	2	5	246	4	247	2.9e-65	245.0
BCW-200219_01474	gnl|TC-DB|P75905|4.D.1.1.3	38.5	91	55	1	6	95	75	165	2.4e-11	66.2
BCW-200219_01489	gnl|TC-DB|B8F5K7|4.D.1.3.2	24.8	254	179	6	4	250	4	252	2.3e-20	95.9
BCW-200219_01491	gnl|TC-DB|B7LEG0|1.A.34.1.2	39.5	119	67	3	308	425	262	376	2.9e-17	86.3
BCW-200219_01499	gnl|TC-DB|Q51955|2.A.1.15.1	44.7	434	240	0	7	440	12	445	3.2e-107	385.2
BCW-200219_01502	gnl|TC-DB|P33231|2.A.14.1.1	91.3	551	48	0	1	551	1	551	3.4e-284	973.4
BCW-200219_01506	gnl|TC-DB|P00550|4.A.2.1.2	92.9	633	45	0	1	633	1	633	0.0e+00	1134.0
BCW-200219_01507	gnl|TC-DB|P32108|9.B.32.1.1	73.6	110	27	1	1	108	1	110	1.9e-43	171.4
BCW-200219_01508	gnl|TC-DB|P37683|8.A.1.1.4	77.0	378	87	0	1	378	1	378	7.7e-163	569.7
BCW-200219_01514	gnl|TC-DB|P37681|9.B.99.1.1	56.5	246	107	0	1	246	1	246	4.8e-81	297.4
BCW-200219_01521	gnl|TC-DB|Q9RPV1|2.A.1.14.9	28.8	445	293	8	6	434	22	458	4.6e-42	168.7
BCW-200219_01526	gnl|TC-DB|P0AAK3|3.D.1.9.2	40.0	185	72	4	1	148	1	183	2.1e-31	131.7
BCW-200219_01533	gnl|TC-DB|P0AGI4|3.A.1.2.4	92.1	393	31	0	1	393	1	393	1.0e-186	649.0
BCW-200219_01534	gnl|TC-DB|P37388|3.A.1.2.4	89.3	300	32	0	1	300	214	513	1.1e-153	538.9
BCW-200219_01535	gnl|TC-DB|P37388|3.A.1.2.4	84.5	148	23	0	1	148	1	148	2.0e-69	258.5
BCW-200219_01536	gnl|TC-DB|P37387|3.A.1.2.4	90.6	330	31	0	1	330	1	330	1.1e-168	589.0
BCW-200219_01541	gnl|TC-DB|P37669|9.B.97.1.1	81.9	331	60	0	1	331	1	331	5.9e-159	556.6
BCW-200219_01545	gnl|TC-DB|Q53712|3.A.1.120.3	31.7	527	283	14	40	522	63	556	4.6e-44	175.6
BCW-200219_01550	gnl|TC-DB|Q9RPP3|2.A.1.14.8	28.4	422	284	8	14	423	33	448	2.9e-41	166.0
BCW-200219_01554	gnl|TC-DB|P37665|9.B.186.1.1	91.3	219	19	0	1	219	1	219	8.6e-82	299.7
BCW-200219_01555	gnl|TC-DB|P20099|5.A.3.4.3	82.2	774	138	0	2	775	4	777	0.0e+00	1374.8
BCW-200219_01559	gnl|TC-DB|P37662|2.A.1.11.3	89.7	350	36	0	1	350	1	350	1.1e-170	595.9
BCW-200219_01560	gnl|TC-DB|Q8KRT4|1.C.80.1.1	32.9	170	102	5	11	173	14	178	6.3e-11	63.9
BCW-200219_01562	gnl|TC-DB|P30130|1.B.11.3.9	44.4	847	415	12	35	842	49	878	1.1e-198	689.9
BCW-200219_01567	gnl|TC-DB|P33950|3.A.1.5.27	55.1	517	231	1	19	535	30	545	1.1e-170	596.3
BCW-200219_01568	gnl|TC-DB|W0WN20|3.A.1.5.39	65.5	339	114	1	1	339	1	336	1.3e-124	442.6
BCW-200219_01569	gnl|TC-DB|W0WMS8|3.A.1.5.39	53.4	283	132	0	17	299	18	300	1.1e-82	303.1
BCW-200219_01570	gnl|TC-DB|P45095|3.A.1.5.27	76.0	325	77	1	1	325	1	324	4.2e-141	497.3
BCW-200219_01571	gnl|TC-DB|P45094|3.A.1.5.27	76.7	326	75	1	3	327	2	327	4.6e-143	503.8
BCW-200219_01582	gnl|TC-DB|M3JA40|1.B.52.2.1	57.4	68	29	0	354	421	283	350	6.6e-14	75.5
BCW-200219_01590	gnl|TC-DB|Q9RPV1|2.A.1.14.9	72.0	425	112	2	15	432	25	449	2.0e-173	605.1
BCW-200219_01595	gnl|TC-DB|Q8ZJY5|2.A.114.1.10	92.1	717	56	1	1	717	1	716	0.0e+00	1309.7
BCW-200219_01597	gnl|TC-DB|P94400|9.B.10.1.1	27.1	377	195	12	1	308	1	366	4.8e-25	111.7
BCW-200219_01609	gnl|TC-DB|P46482|8.A.1.7.1	25.8	325	186	9	9	326	7	283	2.9e-15	79.3
BCW-200219_01623	gnl|TC-DB|P0AFZ7|2.A.38.1.1	96.7	483	16	0	1	483	1	483	5.9e-269	922.5
BCW-200219_01632	gnl|TC-DB|P69423|2.A.64.1.1	90.0	240	24	0	1	240	1	240	1.2e-119	425.6
BCW-200219_01633	gnl|TC-DB|P69425|2.A.64.1.1	70.4	179	44	2	1	179	1	170	2.0e-52	201.8
BCW-200219_01634	gnl|TC-DB|P69428|2.A.64.1.1	98.0	49	1	0	1	49	1	49	2.3e-19	90.9
BCW-200219_01643	gnl|TC-DB|P0ADP5|2.A.7.3.61	82.3	299	53	0	1	299	1	299	7.0e-143	503.1
BCW-200219_01646	gnl|TC-DB|P0AG34|2.A.76.1.1	89.3	206	22	0	1	206	1	206	2.9e-100	360.9
BCW-200219_01647	gnl|TC-DB|P0AG38|2.A.76.1.2	86.4	206	28	0	1	206	1	206	1.2e-96	349.0
BCW-200219_01648	gnl|TC-DB|Q5EAK4|2.A.16.2.2	26.7	424	258	13	31	426	1378	1776	3.2e-25	113.2
BCW-200219_01651	gnl|TC-DB|P27844|2.A.7.7.2	89.5	296	31	0	1	296	1	296	5.9e-150	526.6
BCW-200219_01652	gnl|TC-DB|P0A2R8|1.A.35.1.2	98.7	316	4	0	1	316	1	316	3.3e-175	610.5
BCW-200219_01658	gnl|TC-DB|P27838|9.B.21.2.1	88.7	106	12	0	1	106	1	106	3.3e-55	210.3
BCW-200219_01668	gnl|TC-DB|P27837|2.A.3.1.15	92.4	461	35	0	1	461	1	461	4.2e-240	826.6
BCW-200219_01670	gnl|TC-DB|B6I4D1|9.B.128.1.1	88.8	446	50	0	1	446	1	446	2.7e-223	770.8
BCW-200219_01672	gnl|TC-DB|P0AAA7|2.A.66.2.3	86.3	416	57	0	1	416	1	416	3.6e-198	687.2
BCW-200219_01678	gnl|TC-DB|P0AC78|9.B.146.1.7	86.4	367	50	0	1	367	1	367	1.3e-167	585.5
BCW-200219_01679	gnl|TC-DB|P40290|3.A.6.1.1	28.6	252	158	5	157	396	148	389	2.0e-15	80.1
BCW-200219_01681	gnl|TC-DB|O00571|1.I.1.1.3	35.7	364	220	4	9	358	180	543	4.5e-55	211.8
BCW-200219_01727	gnl|TC-DB|Q7CGN6|1.B.14.9.3	79.7	730	143	2	1	729	1	726	0.0e+00	1204.1
BCW-200219_01737	gnl|TC-DB|P16482|2.A.1.6.1	89.3	431	41	1	3	428	11	441	6.7e-211	729.6
BCW-200219_01741	gnl|TC-DB|P39414|2.A.47.3.3	51.0	473	232	0	29	501	13	485	2.6e-134	475.3
BCW-200219_01747	gnl|TC-DB|Q56111|1.B.1.1.22	63.9	391	122	5	1	380	1	383	5.7e-142	500.4
BCW-200219_01751	gnl|TC-DB|p0aa70|2.A.7.3.22	89.6	298	31	0	1	298	1	298	1.8e-146	515.0
BCW-200219_01754	gnl|TC-DB|P76330|9.B.34.1.4	60.0	562	225	0	1	562	1	562	3.6e-193	671.0
BCW-200219_01759	gnl|TC-DB|P54702|3.A.6.2.1	78.8	259	55	0	1	259	1	259	5.9e-114	406.8
BCW-200219_01760	gnl|TC-DB|P0A1L5|3.A.6.2.1	89.9	89	9	0	1	89	1	89	7.6e-37	149.1
BCW-200219_01761	gnl|TC-DB|P54700|3.A.6.2.1	91.0	245	22	0	1	245	1	245	3.5e-116	414.1
BCW-200219_01762	gnl|TC-DB|P0A1L1|3.A.6.2.1	69.4	124	38	0	1	124	2	125	6.6e-39	156.4
BCW-200219_01763	gnl|TC-DB|P26419|3.A.6.2.1	95.6	137	6	0	1	137	1	137	2.9e-67	250.8
BCW-200219_01768	gnl|TC-DB|P26465|3.A.6.2.1	94.1	456	27	0	1	456	1	456	3.7e-244	840.1
BCW-200219_01769	gnl|TC-DB|P15934|3.A.6.2.1	85.5	235	34	0	1	235	1	235	8.3e-75	276.6
BCW-200219_01771	gnl|TC-DB|P15928|3.A.6.2.1	79.8	560	111	1	1	558	1	560	5.9e-244	839.7
BCW-200219_01783	gnl|TC-DB|P0AEM9|3.A.1.3.10	91.4	266	23	0	1	266	1	266	7.3e-136	479.6
BCW-200219_01785	gnl|TC-DB|P0AFT2|3.A.1.3.10	92.8	222	16	0	1	222	1	222	8.9e-111	396.0
BCW-200219_01786	gnl|TC-DB|P37774|3.A.1.3.10	92.8	250	18	0	1	250	1	250	6.9e-128	453.0
BCW-200219_01791	gnl|TC-DB|K0WKG7|4.F.1.1.8	61.5	174	65	1	4	175	2	175	1.7e-51	198.7
BCW-200219_01796	gnl|TC-DB|P22731|3.A.1.4.1	57.8	237	100	0	1	237	1	237	3.7e-70	261.2
BCW-200219_01797	gnl|TC-DB|P21629|3.A.1.4.8	51.2	285	105	3	1	283	1	253	3.9e-74	274.6
BCW-200219_01798	gnl|TC-DB|P21628|3.A.1.4.8	53.4	421	168	8	8	414	4	410	9.7e-106	380.2
BCW-200219_01799	gnl|TC-DB|P0AEX7|3.A.1.4.1	55.6	302	133	1	4	304	7	308	1.2e-86	316.2
BCW-200219_01800	gnl|TC-DB|P0AD96|3.A.1.4.1	42.9	359	196	5	13	367	8	361	1.5e-81	299.7
BCW-200219_01802	gnl|TC-DB|P0AAD4|2.A.42.1.1	80.8	380	73	0	1	380	24	403	4.1e-172	600.5
BCW-200219_01807	gnl|TC-DB|P0ABN9|2.A.13.1.2	54.9	446	197	1	1	446	2	443	2.7e-135	478.4
BCW-200219_01809	gnl|TC-DB|P31474|2.A.1.3.51	81.8	477	85	1	1	477	1	475	9.5e-211	729.2
BCW-200219_01812	gnl|TC-DB|P02925|3.A.1.2.1	98.0	296	6	0	1	296	1	296	3.5e-155	543.9
BCW-200219_01813	gnl|TC-DB|P0AGI1|3.A.1.2.1	94.4	321	18	0	1	321	1	321	5.5e-146	513.5
BCW-200219_01814	gnl|TC-DB|P04983|3.A.1.2.1	97.0	501	15	0	1	501	1	501	3.9e-279	956.4
BCW-200219_01816	gnl|TC-DB|P63183|2.A.72.1.1	92.3	622	48	0	1	622	1	622	0.0e+00	1142.5
BCW-200219_01824	gnl|TC-DB|C4X3L3|1.A.77.3.8	88.9	126	14	0	1	126	25	150	2.3e-55	211.1
BCW-200219_01825	gnl|TC-DB|P0AB98|3.A.2.1.1	93.4	271	18	0	1	271	1	271	5.7e-144	506.5
BCW-200219_01826	gnl|TC-DB|P68699|3.A.2.1.1	100.0	79	0	0	1	79	1	79	2.8e-35	143.7
BCW-200219_01827	gnl|TC-DB|P0ABA0|3.A.2.1.1	93.6	156	10	0	1	156	1	156	3.0e-52	201.1
BCW-200219_01828	gnl|TC-DB|P0ABA4|3.A.2.1.1	89.8	177	18	0	1	177	1	177	2.4e-82	301.2
BCW-200219_01829	gnl|TC-DB|P0ABB0|3.A.2.1.1	95.3	513	24	0	1	513	1	513	4.7e-280	959.5
BCW-200219_01830	gnl|TC-DB|P0ABA6|3.A.2.1.1	93.7	287	18	0	1	287	1	287	8.7e-151	529.3
BCW-200219_01831	gnl|TC-DB|P0ABB4|3.A.2.1.1	98.0	460	9	0	1	460	1	460	2.4e-259	890.6
BCW-200219_01832	gnl|TC-DB|P0A6E6|3.A.2.1.1	95.7	139	6	0	1	139	1	139	4.0e-69	256.9
BCW-200219_01835	gnl|TC-DB|P0AG82|3.A.1.7.1	92.8	346	25	0	1	346	1	346	7.0e-187	649.4
BCW-200219_01836	gnl|TC-DB|P0AGH8|3.A.1.7.1	95.0	319	16	0	1	319	1	319	1.1e-165	578.9
BCW-200219_01837	gnl|TC-DB|P07654|3.A.1.7.1	92.9	296	21	0	1	296	1	296	3.4e-150	527.3
BCW-200219_01838	gnl|TC-DB|P0AAH0|3.A.1.7.1	95.3	257	12	0	1	257	1	257	2.1e-143	504.6
BCW-200219_01841	gnl|TC-DB|P31466|2.A.40.7.6	94.4	445	25	0	2	446	1	445	4.3e-229	790.0
BCW-200219_01845	gnl|TC-DB|P31462|2.A.1.2.22	72.4	392	104	2	1	389	1	391	5.3e-151	530.4
BCW-200219_01849	gnl|TC-DB|P0AGM7|2.A.40.1.1	92.0	425	34	0	1	425	1	425	9.8e-215	742.3
BCW-200219_01851	gnl|TC-DB|Q9UEF7|8.A.49.1.1	29.0	486	288	19	4	473	61	505	9.3e-41	164.5
BCW-200219_01857	gnl|TC-DB|P64545|9.B.209.1.1	71.7	53	15	0	1	53	7	59	1.7e-18	87.4
BCW-200219_01866	gnl|TC-DB|B8H230|3.A.1.2.21	56.0	323	135	2	17	339	16	331	1.5e-93	339.3
BCW-200219_01867	gnl|TC-DB|B8H229|3.A.1.2.21	54.2	502	225	3	5	506	3	499	1.9e-140	495.7
BCW-200219_01868	gnl|TC-DB|B8H228|3.A.1.2.21	41.7	302	174	2	7	306	23	324	2.3e-64	242.3
BCW-200219_01888	gnl|TC-DB|Q5KYD1|2.A.17.1.7	36.3	499	291	10	11	503	16	493	6.1e-78	288.1
BCW-200219_01890	gnl|TC-DB|P77774|1.B.33.1.3	81.6	392	72	0	1	392	1	392	7.2e-164	573.2
BCW-200219_01899	gnl|TC-DB|Q57071|4.A.1.1.13	37.6	502	292	8	2	500	3	486	1.5e-84	310.1
BCW-200219_01907	gnl|TC-DB|P44669|9.A.41.1.1	68.4	617	193	2	1	616	1	616	4.5e-229	790.4
BCW-200219_01915	gnl|TC-DB|D7A5Z9|2.A.113.1.7	37.9	227	129	4	64	284	60	280	5.1e-30	128.3
BCW-200219_01918	gnl|TC-DB|Q47142|2.A.1.27.1	83.7	375	61	0	1	375	1	375	1.5e-179	625.2
BCW-200219_01923	gnl|TC-DB|Q9KN48|3.A.23.1.1	43.7	261	136	1	109	369	176	425	7.4e-56	214.5
BCW-200219_01930	gnl|TC-DB|P77272|4.A.1.2.7	38.5	468	258	13	4	447	6	467	1.2e-69	260.4
BCW-200219_01945	gnl|TC-DB|F9VN10|3.D.10.1.4	35.2	537	310	15	10	522	7	529	3.7e-70	262.3
BCW-200219_01947	gnl|TC-DB|O00571|1.I.1.1.3	35.2	369	214	8	3	350	179	543	1.3e-49	193.7
BCW-200219_01956	gnl|TC-DB|P0AEX3|2.A.1.6.2	85.0	432	64	1	1	431	1	432	5.2e-208	719.9
BCW-200219_01973	gnl|TC-DB|P0C0L7|2.A.1.6.4	35.5	422	254	6	7	415	24	440	1.2e-68	256.9
BCW-200219_01975	gnl|TC-DB|M3JA40|1.B.52.2.1	31.9	163	100	4	482	635	287	447	5.0e-13	72.8
BCW-200219_01981	gnl|TC-DB|P39301|4.A.7.1.1	95.7	465	20	0	1	465	1	465	1.4e-251	864.8
BCW-200219_01982	gnl|TC-DB|P69822|4.A.7.1.1	97.0	101	3	0	1	101	1	101	1.6e-51	198.0
BCW-200219_01983	gnl|TC-DB|P69820|4.A.7.1.1	89.0	154	17	0	1	154	1	154	1.0e-73	272.3
BCW-200219_01995	gnl|TC-DB|P0AAE0|2.A.3.1.7	94.9	469	24	0	1	469	1	469	1.6e-250	861.3
BCW-200219_01998	gnl|TC-DB|P39314|2.A.7.3.19	82.5	320	56	0	1	320	1	320	6.1e-153	536.6
BCW-200219_02004	gnl|TC-DB|P69451|4.C.1.1.4	26.2	469	263	20	45	472	50	476	5.3e-29	127.9
BCW-200219_02016	gnl|TC-DB|Q0PBV6|9.A.40.2.2	23.2	427	322	4	5	428	26	449	4.5e-37	152.1
BCW-200219_02017	gnl|TC-DB|Q6D188|2.A.2.5.2	41.1	499	286	5	7	500	4	499	4.9e-104	374.8
BCW-200219_02024	gnl|TC-DB|P0ADE4|1.B.33.2.4	85.6	577	83	0	1	577	1	577	7.5e-303	1035.4
BCW-200219_02025	gnl|TC-DB|P39321|9.B.22.1.2	85.6	1259	180	1	1	1258	1	1259	0.0e+00	2176.7
BCW-200219_02028	gnl|TC-DB|P39325|3.A.1.2.25	95.0	318	16	0	1	318	1	318	2.7e-169	590.9
BCW-200219_02029	gnl|TC-DB|Q6BEX0|3.A.1.2.25	93.2	500	34	0	1	500	1	500	1.4e-265	911.4
BCW-200219_02030	gnl|TC-DB|P39328|3.A.1.2.25	86.2	340	47	0	1	340	2	341	5.1e-158	553.5
BCW-200219_02031	gnl|TC-DB|P37772|3.A.1.2.25	96.6	327	11	0	1	327	1	327	2.0e-170	594.7
BCW-200219_02032	gnl|TC-DB|M3JA40|1.B.52.2.1	45.3	106	55	1	331	433	257	362	5.7e-15	79.0
BCW-200219_02053	gnl|TC-DB|Q07837|8.A.9.1.2	29.7	542	311	11	7	521	117	615	7.6e-71	264.6
BCW-200219_02054	gnl|TC-DB|P36672|4.A.1.2.4	89.0	472	52	0	1	472	2	473	1.8e-241	831.2
BCW-200219_02056	gnl|TC-DB|P36640|3.A.3.4.1	83.9	902	145	0	1	902	1	902	0.0e+00	1494.6
BCW-200219_02063	gnl|TC-DB|Q11G42|2.A.118.1.2	57.2	465	198	1	3	466	12	476	2.5e-139	491.9
BCW-200219_02068	gnl|TC-DB|A8AGW0|2.A.49.5.4	79.1	417	85	2	13	428	1	416	1.7e-177	618.6
BCW-200219_02072	gnl|TC-DB|P43531|2.A.1.36.1	83.2	416	69	1	1	416	1	415	3.4e-188	654.1
BCW-200219_02073	gnl|TC-DB|P76037|2.A.3.1.13	89.1	449	49	0	1	449	1	449	4.4e-229	790.0
BCW-200219_02084	gnl|TC-DB|P0AAP1|9.B.34.1.2	33.2	184	116	4	276	455	186	366	1.1e-16	85.1
BCW-200219_02085	gnl|TC-DB|P69210|2.A.7.1.9	87.2	109	14	0	1	109	1	109	2.8e-49	190.7
BCW-200219_02086	gnl|TC-DB|P69213|2.A.7.1.9	84.7	118	18	0	3	120	4	121	2.9e-47	184.1
BCW-200219_02087	gnl|TC-DB|P0AFS5|2.A.86.1.4	80.8	344	66	0	1	344	1	344	1.4e-142	502.3
BCW-200219_02095	gnl|TC-DB|Q9I6X6|2.A.6.2.27	36.5	337	208	2	41	375	28	360	1.0e-45	180.6
BCW-200219_02096	gnl|TC-DB|Q9I6X4|2.A.6.2.27	47.7	1000	522	1	9	1007	5	1004	1.3e-252	869.4
BCW-200219_02113	gnl|TC-DB|P46133|2.A.68.1.1	88.2	508	60	0	1	508	1	508	1.8e-252	867.8
BCW-200219_02118	gnl|TC-DB|P0AB67|3.D.2.1.1	93.2	457	31	0	1	457	6	462	2.0e-237	817.8
BCW-200219_02119	gnl|TC-DB|P07001|3.D.2.1.1	89.8	509	51	1	1	508	1	509	2.1e-256	880.9
BCW-200219_02121	gnl|TC-DB|P0AAE5|2.A.3.2.8	88.9	460	51	0	1	460	1	460	1.6e-231	798.1
BCW-200219_02123	gnl|TC-DB|P0ACX0|9.B.72.1.2	82.9	111	19	0	1	111	1	111	1.0e-46	182.2
BCW-200219_02133	gnl|TC-DB|P19642|4.A.1.1.3	88.3	530	62	0	1	530	1	530	1.6e-270	927.9
BCW-200219_02139	gnl|TC-DB|P0A766|3.D.6.1.4	95.3	193	9	0	1	193	1	193	6.6e-94	339.7
BCW-200219_02140	gnl|TC-DB|P77223|3.D.6.1.4	81.8	192	35	0	1	192	1	192	1.2e-74	275.8
BCW-200219_02141	gnl|TC-DB|P77611|3.D.6.1.4	80.2	556	110	0	1	556	1	556	1.6e-243	838.6
BCW-200219_02142	gnl|TC-DB|P76182|3.D.6.1.4	85.4	350	51	0	1	350	1	350	3.4e-173	604.0
BCW-200219_02143	gnl|TC-DB|P77285|3.D.6.1.4	76.7	206	48	0	1	206	1	206	1.0e-89	325.9
BCW-200219_02144	gnl|TC-DB|P77179|3.D.6.1.4	78.1	224	49	0	1	224	1	224	5.0e-93	337.0
BCW-200219_02146	gnl|TC-DB|P77304|2.A.17.1.2	86.5	498	64	2	1	496	1	497	1.7e-242	834.7
BCW-200219_02154	gnl|TC-DB|P76330|9.B.34.1.4	37.0	211	128	4	241	449	351	558	2.0e-24	110.2
BCW-200219_02156	gnl|TC-DB|G4PZW1|8.A.48.1.1	66.7	78	26	0	1	78	1	78	9.6e-28	118.6
BCW-200219_02157	gnl|TC-DB|P46482|8.A.1.7.1	41.4	273	159	1	11	283	14	285	1.7e-50	196.1
BCW-200219_02158	gnl|TC-DB|Q8ZPN4|2.A.85.1.5	80.9	679	128	1	1	677	1	679	0.0e+00	1093.2
BCW-200219_02160	gnl|TC-DB|P76187|8.A.5.1.7	87.6	298	37	0	1	298	1	298	7.9e-155	542.7
BCW-200219_02170	gnl|TC-DB|P77389|2.A.1.2.65	91.0	387	35	0	1	387	1	387	4.9e-189	656.8
BCW-200219_02172	gnl|TC-DB|Q0HIQ8|3.A.1.2.14	27.0	233	151	10	58	277	21	247	4.2e-11	65.5
BCW-200219_02174	gnl|TC-DB|P37597|2.A.1.2.62	77.3	401	88	2	1	399	1	400	5.8e-169	590.1
BCW-200219_02177	gnl|TC-DB|P37340|2.A.66.1.3	86.3	453	62	0	1	453	5	457	5.9e-218	753.1
BCW-200219_02181	gnl|TC-DB|P96878|2.A.53.3.12	29.4	170	113	2	26	189	571	739	4.3e-22	101.3
BCW-200219_02187	gnl|TC-DB|Q8RCC4|3.A.1.3.27	35.2	230	139	6	38	261	33	258	5.3e-28	121.3
BCW-200219_02188	gnl|TC-DB|Q9I405|3.A.1.3.22	54.1	242	108	2	24	263	2	242	8.2e-66	246.9
BCW-200219_02189	gnl|TC-DB|Q8YPM8|3.A.1.3.18	34.1	223	134	4	17	232	80	296	4.6e-26	114.8
BCW-200219_02190	gnl|TC-DB|Q8YPM7|3.A.1.3.18	37.9	198	119	2	27	220	177	374	1.0e-24	110.2
BCW-200219_02192	gnl|TC-DB|O32167|3.A.1.24.2	48.7	269	130	3	5	269	9	273	4.8e-66	247.7
BCW-200219_02193	gnl|TC-DB|O32168|3.A.1.24.2	61.7	222	85	0	1	222	1	222	7.9e-67	250.0
BCW-200219_02194	gnl|TC-DB|O32169|3.A.1.24.2	57.4	338	143	1	1	337	1	338	2.4e-107	385.2
BCW-200219_02203	gnl|TC-DB|Q5HGY5|3.A.1.11.8	28.4	232	144	7	1	228	4	217	1.7e-14	76.3
BCW-200219_02211	gnl|TC-DB|P07658|3.D.1.9.2	64.8	715	247	4	1	713	1	712	3.4e-289	990.3
BCW-200219_02212	gnl|TC-DB|Q5MQC2|1.B.73.1.1	45.8	454	239	3	22	470	22	473	5.9e-120	427.6
BCW-200219_02217	gnl|TC-DB|Q8CVM4|1.B.11.3.5	41.3	833	428	15	51	843	52	863	2.4e-180	629.0
BCW-200219_02225	gnl|TC-DB|B1LE48|2.A.86.2.1	84.0	369	59	0	1	369	1	369	4.0e-172	600.5
BCW-200219_02227	gnl|TC-DB|P75683|2.A.2.3.5	55.7	447	198	0	7	453	4	450	1.1e-142	503.1
BCW-200219_02228	gnl|TC-DB|Q9HXN5|4.A.1.1.15	26.1	414	236	12	391	780	433	800	5.7e-27	119.4
BCW-200219_02231	gnl|TC-DB|P72412|1.B.14.2.14	84.7	621	94	1	41	660	40	660	0.0e+00	1117.8
BCW-200219_02233	gnl|TC-DB|A8GDS8|3.A.1.14.16	55.0	271	122	0	1	271	5	275	2.9e-79	291.6
BCW-200219_02234	gnl|TC-DB|Q56992|3.A.1.14.5	65.0	320	111	1	7	325	9	328	8.6e-102	366.7
BCW-200219_02235	gnl|TC-DB|A8GDS6|3.A.1.14.16	61.0	251	98	0	7	257	9	259	3.1e-83	304.7
BCW-200219_02240	gnl|TC-DB|Q81E21|2.A.8.1.14	53.6	478	206	3	1	462	1	478	7.3e-131	463.8
BCW-200219_02245	gnl|TC-DB|P06611|3.A.1.13.1	70.6	248	73	0	1	248	1	248	2.8e-97	351.3
BCW-200219_02247	gnl|TC-DB|P06609|3.A.1.13.1	74.2	326	84	0	1	326	1	326	4.6e-132	467.2
BCW-200219_02256	gnl|TC-DB|P76206|1.B.75.1.3	86.5	252	34	0	23	274	1	252	1.1e-129	459.1
BCW-200219_02263	gnl|TC-DB|P77529|2.A.23.1.8	85.5	462	67	0	1	462	1	462	1.1e-208	722.2
BCW-200219_02269	gnl|TC-DB|C4X746|4.A.3.2.7	87.7	114	14	0	1	114	1	114	3.0e-46	180.6
BCW-200219_02270	gnl|TC-DB|P17334|4.A.3.2.1	89.2	452	49	0	1	452	1	452	5.3e-211	729.9
BCW-200219_02271	gnl|TC-DB|P69795|4.A.3.2.1	96.2	104	4	0	1	104	1	104	1.4e-50	194.9
BCW-200219_02284	gnl|TC-DB|B7L6M8|3.A.1.19.4	75.5	387	93	2	4	388	1	387	1.9e-172	601.7
BCW-200219_02285	gnl|TC-DB|B7L6M9|3.A.1.19.4	56.4	495	214	1	17	509	2	496	4.6e-155	544.3
BCW-200219_02286	gnl|TC-DB|B7L6N0|3.A.1.19.4	62.9	194	72	0	12	205	16	209	1.6e-66	248.8
BCW-200219_02293	gnl|TC-DB|Q07711|3.A.7.7.1	30.0	621	396	17	3	612	4	596	1.0e-71	267.7
BCW-200219_02305	gnl|TC-DB|P0A908|9.B.99.1.2	73.4	248	66	0	1	248	1	248	5.3e-112	400.2
BCW-200219_02312	gnl|TC-DB|P76242|2.A.1.17.3	77.3	392	89	0	1	392	1	392	4.2e-164	573.9
BCW-200219_02317	gnl|TC-DB|P76330|9.B.34.1.4	34.5	110	72	0	173	282	383	492	2.3e-12	69.7
BCW-200219_02318	gnl|TC-DB|A6TAG3|1.E.43.1.1	96.3	82	3	0	1	82	1	82	7.5e-39	155.6
BCW-200219_02319	gnl|TC-DB|D4ZZR3|9.B.34.1.3	37.4	174	97	4	316	484	226	392	6.9e-23	105.1
BCW-200219_02335	gnl|TC-DB|P69874|3.A.1.11.1	88.6	361	41	0	1	361	18	378	1.4e-182	635.2
BCW-200219_02336	gnl|TC-DB|P0AFK4|3.A.1.11.1	93.8	275	17	0	11	285	1	275	1.1e-140	495.7
BCW-200219_02337	gnl|TC-DB|P0AFK6|3.A.1.11.1	95.7	257	11	0	1	257	1	257	5.0e-129	456.8
BCW-200219_02338	gnl|TC-DB|P0AFK9|3.A.1.11.1	90.7	343	32	0	2	344	6	348	1.9e-189	657.9
BCW-200219_02340	gnl|TC-DB|F8CVI0|1.B.52.2.2	27.3	205	119	2	356	530	85	289	7.2e-12	68.9
BCW-200219_02343	gnl|TC-DB|P75958|3.A.1.125.1	90.6	414	39	0	1	414	1	414	5.9e-201	696.4
BCW-200219_02344	gnl|TC-DB|P75957|3.A.1.125.1	92.3	233	18	0	1	233	1	233	3.2e-119	424.1
BCW-200219_02345	gnl|TC-DB|P0ADC3|3.A.1.125.1	93.3	386	26	0	1	386	14	399	2.7e-187	651.0
BCW-200219_02353	gnl|TC-DB|Q9FI56|3.A.9.1.2	45.5	865	388	15	12	856	106	907	4.8e-205	711.1
BCW-200219_02356	gnl|TC-DB|P0AC02|1.B.33.1.3	94.7	245	13	0	1	245	1	245	5.9e-132	466.5
BCW-200219_02365	gnl|TC-DB|P07021|1.B.6.1.21	74.5	161	40	1	1	161	1	160	2.4e-65	244.6
BCW-200219_02372	gnl|TC-DB|P0AGD7|3.A.5.1.1	92.9	453	32	0	1	453	1	453	4.5e-234	806.6
BCW-200219_02373	gnl|TC-DB|P64432|9.B.14.3.6	89.6	260	27	0	26	285	1	260	6.1e-128	453.4
BCW-200219_02374	gnl|TC-DB|P37908|9.A.40.2.4	90.2	407	40	0	7	413	22	428	3.4e-204	707.2
BCW-200219_02378	gnl|TC-DB|P0A937|1.B.33.1.3	91.0	111	10	0	1	111	1	111	2.3e-54	207.6
BCW-200219_02399	gnl|TC-DB|582031876|1.M.1.3.7	72.5	138	38	0	1	138	1	138	3.6e-49	190.7
BCW-200219_02401	gnl|TC-DB|B2VHA2|1.E.25.2.2	66.2	71	24	0	1	71	1	71	1.1e-22	101.7
BCW-200219_02439	gnl|TC-DB|Q9I2M1|3.A.1.109.4	35.9	672	427	3	40	711	42	709	2.3e-115	412.9
BCW-200219_02440	gnl|TC-DB|Q9I2M0|3.A.1.109.4	40.8	368	214	4	29	393	27	393	9.8e-68	253.8
BCW-200219_02449	gnl|TC-DB|B5Y0L3|1.B.1.1.18	86.1	381	53	0	1	381	1	381	4.0e-204	706.8
BCW-200219_02450	gnl|TC-DB|P77504|3.A.1.122.15	84.4	803	125	0	1	803	1	803	0.0e+00	1313.9
BCW-200219_02451	gnl|TC-DB|P0A9T8|3.A.1.122.15	91.7	228	19	0	1	228	1	228	1.2e-113	405.6
BCW-200219_02455	gnl|TC-DB|P77307|3.A.1.139.2	84.0	257	41	0	1	257	1	257	2.2e-113	404.8
BCW-200219_02456	gnl|TC-DB|P77279|3.A.1.139.2	71.8	220	62	0	1	220	1	220	4.2e-92	334.0
BCW-200219_02458	gnl|TC-DB|P0AA53|8.A.21.2.2	93.0	302	21	0	1	302	1	302	4.8e-115	410.6
BCW-200219_02461	gnl|TC-DB|Q59385|3.A.3.5.5	88.1	834	97	2	1	832	1	834	0.0e+00	1374.4
BCW-200219_02465	gnl|TC-DB|P52067|2.A.1.35.1	94.0	367	22	0	1	367	39	405	2.5e-190	661.0
BCW-200219_02466	gnl|TC-DB|P39830|2.A.37.1.5	93.0	558	39	0	1	558	1	558	6.0e-281	962.6
BCW-200219_02478	gnl|TC-DB|P77338|1.A.23.1.1	78.2	1110	242	0	6	1115	9	1118	0.0e+00	1630.5
BCW-200219_02480	gnl|TC-DB|P0AE06|8.A.1.6.1	86.9	397	52	0	1	397	1	397	2.9e-189	657.5
BCW-200219_02481	gnl|TC-DB|P31224|2.A.6.2.2	92.6	1049	77	1	1	1048	1	1049	0.0e+00	1861.7
BCW-200219_02491	gnl|TC-DB|Q8XSC6|2.A.113.1.3	48.9	374	86	1	1	269	1	374	5.4e-78	287.3
BCW-200219_02494	gnl|TC-DB|C7NLF6|2.A.115.2.6	56.3	183	80	0	4	186	38	220	9.1e-54	206.5
BCW-200219_02501	gnl|TC-DB|P69681|1.A.11.1.1	90.4	429	40	1	1	429	1	428	1.6e-193	671.8
BCW-200219_02503	gnl|TC-DB|P0AAG5|3.A.1.106.13	87.7	593	73	0	1	593	1	593	3.7e-289	989.9
BCW-200219_02504	gnl|TC-DB|P77265|3.A.1.106.13	88.0	590	71	0	1	590	1	590	6.7e-299	1022.3
BCW-200219_02512	gnl|TC-DB|A1EMW4|3.A.11.2.3	56.5	62	27	0	65	126	42	103	9.8e-14	72.8
BCW-200219_02520	gnl|TC-DB|P0AE16|2.A.1.25.2	84.1	491	78	0	1	491	1	491	2.4e-233	804.3
BCW-200219_02521	gnl|TC-DB|P0ABJ1|3.D.4.5.1	94.3	315	18	0	1	315	1	315	3.4e-172	600.5
BCW-200219_02522	gnl|TC-DB|P0ABI8|3.D.4.5.1	90.8	663	61	0	1	663	1	663	0.0e+00	1243.8
BCW-200219_02523	gnl|TC-DB|P0ABJ3|3.D.4.5.1	88.7	204	23	0	1	204	1	204	3.7e-103	370.5
BCW-200219_02524	gnl|TC-DB|P0ABJ6|3.D.4.5.1	87.2	109	13	1	1	108	1	109	8.0e-49	189.1
BCW-200219_02526	gnl|TC-DB|P77726|2.A.1.2.60	84.5	452	70	0	1	452	1	452	5.1e-214	740.0
BCW-200219_02538	gnl|TC-DB|Q8ID54|3.A.25.2.1	34.9	215	130	4	8	215	89	300	2.5e-24	109.0
BCW-200219_02542	gnl|TC-DB|P0AAP1|9.B.34.1.2	31.0	158	101	4	356	506	210	366	7.5e-12	68.6
BCW-200219_02543	gnl|TC-DB|U5MIE1|4.A.3.2.9	63.4	101	37	0	1	101	1	101	8.2e-27	115.9
BCW-200219_02544	gnl|TC-DB|U5MLJ3|4.A.3.2.9	85.4	103	15	0	1	103	1	103	2.9e-43	170.6
BCW-200219_02549	gnl|TC-DB|Q9ZK21|1.C.82.1.1	50.7	223	110	0	3	225	4	226	4.9e-59	224.2
BCW-200219_02552	gnl|TC-DB|P0AG96|3.A.5.1.1	96.1	127	5	0	1	127	1	127	1.7e-58	221.5
BCW-200219_02555	gnl|TC-DB|P0ADM0|9.B.51.1.1	86.1	115	16	0	1	115	1	115	3.5e-50	193.7
BCW-200219_02558	gnl|TC-DB|P08555|2.A.8.1.5	91.0	445	40	0	1	445	1	445	4.4e-218	753.4
BCW-200219_02561	gnl|TC-DB|P31442|2.A.1.2.9	88.1	385	46	0	1	385	10	394	3.1e-188	654.1
BCW-200219_02562	gnl|TC-DB|L0LHM3|2.A.7.31.3	48.7	277	141	1	1	276	1	277	4.0e-60	228.0
BCW-200219_02569	gnl|TC-DB|P09836|2.A.1.4.4	88.7	433	49	0	3	435	6	438	7.6e-231	795.8
BCW-200219_02570	gnl|TC-DB|P0AGC0|2.A.1.4.1	94.0	463	28	0	1	463	1	463	1.8e-246	847.8
BCW-200219_02572	gnl|TC-DB|P0ADL1|2.A.1.2.26	85.3	381	56	0	16	396	14	394	2.3e-173	604.7
BCW-200219_02573	gnl|TC-DB|P31437|2.A.7.3.12	84.6	298	46	0	1	298	1	298	2.9e-136	481.1
BCW-200219_02575	gnl|TC-DB|P69791|4.A.3.2.1	51.5	97	47	0	5	101	17	113	3.5e-22	100.5
BCW-200219_02576	gnl|TC-DB|Q86Z14|8.A.49.1.2	26.6	466	289	16	5	455	81	508	1.2e-37	154.1
BCW-200219_02577	gnl|TC-DB|Q9KSH4|4.A.3.2.6	45.4	423	231	0	4	426	6	428	1.6e-119	426.0
BCW-200219_02578	gnl|TC-DB|Q9KSH5|4.A.3.2.6	49.0	100	51	0	1	100	1	100	3.4e-20	94.0
BCW-200219_02581	gnl|TC-DB|Q8GC82|2.A.6.2.19	81.4	452	84	0	1	452	1	452	7.4e-205	709.5
BCW-200219_02582	gnl|TC-DB|Q8GC83|2.A.6.2.19	87.5	1028	129	0	1	1028	1	1028	0.0e+00	1682.2
BCW-200219_02583	gnl|TC-DB|Q8GC84|2.A.6.2.19	82.9	374	63	1	1	373	1	374	8.1e-165	576.2
BCW-200219_02587	gnl|TC-DB|Q9ZGB6|2.A.1.3.32	39.3	486	290	3	8	489	14	498	9.9e-94	340.5
BCW-200219_02588	gnl|TC-DB|P28635|3.A.1.24.1	64.7	258	91	0	9	266	14	271	2.6e-96	348.2
BCW-200219_02597	gnl|TC-DB|Q8VRK4|3.A.11.1.3	36.7	283	149	5	87	362	70	329	2.5e-36	149.4
BCW-200219_02601	gnl|TC-DB|P0AGI8|2.A.38.1.1	97.4	458	12	0	1	458	1	458	5.3e-251	862.8
BCW-200219_02602	gnl|TC-DB|P0A742|1.A.22.1.1	94.8	135	7	0	1	135	1	135	9.1e-66	245.7
BCW-200219_02611	gnl|TC-DB|P0AGA2|3.A.5.1.1	98.9	443	5	0	1	443	1	443	1.0e-243	838.6
BCW-200219_02637	gnl|TC-DB|P80874|8.A.5.1.4	34.7	150	75	7	17	145	15	162	1.9e-14	76.3
BCW-200219_02640	gnl|TC-DB|P0AA60|9.B.27.2.1	85.4	219	32	0	1	219	1	219	1.5e-105	378.6
BCW-200219_02642	gnl|TC-DB|P0ABU7|1.A.30.2.1	85.7	244	34	1	1	243	1	244	2.7e-105	377.9
BCW-200219_02643	gnl|TC-DB|P0ABV2|1.A.30.2.1	78.0	141	31	0	1	141	1	141	4.0e-56	213.8
BCW-200219_02645	gnl|TC-DB|F8CVI0|1.B.52.2.2	30.8	240	135	6	147	369	64	289	5.8e-14	75.5
BCW-200219_02650	gnl|TC-DB|P63144|8.A.5.1.3	35.5	324	194	8	13	329	71	386	7.0e-46	181.0
BCW-200219_02663	gnl|TC-DB|P42061|3.A.1.5.20	28.9	501	328	11	39	518	41	534	6.7e-48	188.3
BCW-200219_02664	gnl|TC-DB|P42062|3.A.1.5.20	40.4	314	186	1	1	313	1	314	7.3e-66	247.3
BCW-200219_02665	gnl|TC-DB|P26904|3.A.1.5.2	39.5	276	165	2	6	279	45	320	3.4e-51	198.4
BCW-200219_02666	gnl|TC-DB|P26905|3.A.1.5.2	56.1	319	138	2	1	317	1	319	9.7e-98	353.2
BCW-200219_02667	gnl|TC-DB|P42065|3.A.1.5.20	52.0	323	151	4	5	323	6	328	4.5e-95	344.4
BCW-200219_02670	gnl|TC-DB|P75905|4.D.1.1.3	65.3	438	151	1	1	438	1	437	4.9e-169	590.5
BCW-200219_02672	gnl|TC-DB|P69434|1.B.55.1.1	42.2	792	441	6	26	812	28	807	7.4e-171	597.4
BCW-200219_02675	gnl|TC-DB|P65593|1.B.6.1.3	35.5	124	79	1	466	589	202	324	2.2e-15	80.5
BCW-200219_02679	gnl|TC-DB|Q6EE15|3.A.23.2.1	30.3	310	196	7	11	309	16	316	1.8e-30	129.8
BCW-200219_02680	gnl|TC-DB|Q9KN55|3.A.23.1.1	29.6	621	388	15	8	621	6	584	7.9e-64	241.5
BCW-200219_02681	gnl|TC-DB|Q6EE14|3.A.23.2.1	49.9	856	407	5	10	864	6	840	2.7e-230	795.0
BCW-200219_02684	gnl|TC-DB|Q9HWU4|1.B.11.3.7	36.1	785	464	11	64	825	30	799	1.6e-131	466.8
BCW-200219_02686	gnl|TC-DB|Q6EE21|3.A.23.2.1	42.1	159	91	1	1	158	1	159	1.9e-31	132.1
BCW-200219_02687	gnl|TC-DB|Q6EE20|3.A.23.2.1	51.5	462	220	3	32	493	33	490	2.5e-137	485.3
BCW-200219_02690	gnl|TC-DB|Q9KN51|3.A.23.1.1	32.7	446	293	5	4	448	5	444	3.0e-73	272.3
BCW-200219_02691	gnl|TC-DB|K1GHE1|9.B.186.1.2	39.1	110	62	2	338	446	100	205	1.5e-11	67.4
BCW-200219_02692	gnl|TC-DB|A8YQS1|3.A.23.2.1	26.7	382	241	13	68	443	10	358	1.6e-18	92.0
BCW-200219_02694	gnl|TC-DB|A8YQR5|3.A.23.2.1	35.6	533	307	12	2	528	7	509	9.9e-80	294.7
BCW-200219_02700	gnl|TC-DB|Q8X6C1|1.B.12.1.6	55.3	555	227	8	430	967	799	1349	7.2e-157	551.2
BCW-200219_02740	gnl|TC-DB|Q8KRT4|1.C.80.1.1	38.9	193	94	7	1	184	1	178	3.2e-21	98.2
BCW-200219_02742	gnl|TC-DB|P07110|1.B.11.2.1	51.6	828	388	10	13	832	11	833	3.2e-246	847.8
BCW-200219_02764	gnl|TC-DB|Q46831|9.B.120.1.1	80.7	238	43	1	1	238	1	235	1.3e-96	349.0
BCW-200219_02768	gnl|TC-DB|Q8VS41|2.A.24.2.5	81.0	453	85	1	1	452	1	453	8.5e-209	722.6
BCW-200219_02776	gnl|TC-DB|P0AFF4|2.A.1.10.1	78.2	418	91	0	1	418	1	418	7.1e-186	646.4
BCW-200219_02787	gnl|TC-DB|P64564|9.A.4.1.2	85.6	188	27	0	1	188	1	188	2.4e-85	311.2
BCW-200219_02789	gnl|TC-DB|P24559|3.A.15.2.1	47.1	327	170	1	1	324	1	327	3.6e-76	281.6
BCW-200219_02796	gnl|TC-DB|P0AEP1|2.A.1.1.1	94.8	465	23	1	1	465	1	464	1.2e-250	861.7
BCW-200219_02800	gnl|TC-DB|O24779|1.B.25.1.3	59.9	424	168	2	1	422	2	425	4.9e-142	500.7
BCW-200219_02806	gnl|TC-DB|P0C0S1|1.A.23.2.1	85.1	282	42	0	1	282	1	282	3.1e-116	414.5
BCW-200219_02807	gnl|TC-DB|P11667|2.A.75.1.2	91.0	211	19	0	1	211	1	211	2.7e-109	391.0
BCW-200219_02822	gnl|TC-DB|Q86Z14|8.A.49.1.2	26.0	481	298	15	5	477	80	510	9.7e-38	154.5
BCW-200219_02824	gnl|TC-DB|P67153|1.C.113.1.10	90.4	219	21	0	1	219	1	219	4.8e-109	390.2
BCW-200219_02835	gnl|TC-DB|B7LEG0|1.A.34.1.2	43.1	262	92	4	35	239	116	377	3.6e-52	201.4
BCW-200219_02838	gnl|TC-DB|P80874|8.A.5.1.4	32.7	327	195	9	1	320	1	309	3.0e-36	149.1
BCW-200219_02839	gnl|TC-DB|B3PY75|1.B.17.3.8	32.7	504	295	6	1	496	1	468	5.8e-65	245.0
BCW-200219_02840	gnl|TC-DB|P0AEJ0|2.A.1.3.2	36.4	497	304	3	18	513	15	500	7.8e-89	324.3
BCW-200219_02841	gnl|TC-DB|Q9RQ30|8.A.1.1.2	47.3	129	66	2	235	361	225	353	6.1e-24	108.2
BCW-200219_02842	gnl|TC-DB|P75788|2.A.45.2.5	76.7	369	86	0	1	369	1	369	1.8e-161	565.1
BCW-200219_02846	gnl|TC-DB|G0EBV0|1.B.6.2.10	81.5	173	29	2	1	172	1	171	2.3e-74	274.6
BCW-200219_02847	gnl|TC-DB|P0AA67|2.A.7.3.6	80.0	295	59	0	1	295	1	295	1.3e-128	455.7
BCW-200219_02849	gnl|TC-DB|P0AEQ3|3.A.1.3.2	96.0	248	9	1	1	247	1	248	4.6e-132	466.8
BCW-200219_02850	gnl|TC-DB|P0AEQ6|3.A.1.3.2	94.5	219	12	0	1	219	1	219	1.1e-110	395.6
BCW-200219_02851	gnl|TC-DB|P10346|3.A.1.3.2	95.8	240	10	0	1	240	1	240	1.1e-127	452.2
BCW-200219_02852	gnl|TC-DB|P75783|1.A.23.3.2	80.6	741	140	1	1	737	1	741	0.0e+00	1142.9
BCW-200219_02860	gnl|TC-DB|P30130|1.B.11.3.9	40.0	867	465	16	16	846	30	877	9.7e-174	607.1
BCW-200219_02864	gnl|TC-DB|O00571|1.I.1.1.3	42.2	398	207	8	2	377	181	577	9.0e-73	270.8
BCW-200219_02866	gnl|TC-DB|P75777|3.A.1.105.15	63.7	331	120	0	1	331	2	332	4.3e-85	311.2
BCW-200219_02867	gnl|TC-DB|P0A9U1|3.A.1.105.15	89.6	577	60	0	1	577	1	577	2.8e-305	1043.5
BCW-200219_02868	gnl|TC-DB|C6EIY9|3.A.1.105.15	90.2	377	37	0	1	377	1	377	5.3e-188	653.3
BCW-200219_02869	gnl|TC-DB|P0AFP9|3.A.1.105.15	93.5	367	24	0	1	367	1	367	7.4e-195	676.0
BCW-200219_02870	gnl|TC-DB|P0AAW6|9.B.15.1.1	82.2	135	24	0	1	135	1	135	2.9e-56	214.2
BCW-200219_02873	gnl|TC-DB|P75770|4.D.2.4.3	86.2	318	44	0	1	318	1	318	1.1e-154	542.3
BCW-200219_02874	gnl|TC-DB|P0AAC4|1.A.14.2.2	83.0	235	39	1	1	235	1	234	3.0e-101	364.4
BCW-200219_02882	gnl|TC-DB|Q0S720|3.A.1.4.9	33.9	233	145	4	1	230	9	235	4.6e-28	121.3
BCW-200219_02898	gnl|TC-DB|P09833|3.A.1.8.1	88.6	352	40	0	1	352	1	352	4.9e-180	626.7
BCW-200219_02899	gnl|TC-DB|P0AF01|3.A.1.8.1	91.7	229	19	0	1	229	1	229	6.1e-115	409.8
BCW-200219_02900	gnl|TC-DB|P37329|3.A.1.8.1	85.1	255	38	0	1	255	1	255	7.6e-122	433.0
BCW-200219_02901	gnl|TC-DB|A6T6J1|2.A.6.2.49	77.6	49	11	0	1	49	1	49	5.9e-15	75.5
BCW-200219_02903	gnl|TC-DB|A7BAX2|3.A.1.26.3	27.9	498	282	17	10	471	246	702	3.9e-26	115.9
BCW-200219_02911	gnl|TC-DB|P75757|2.A.4.1.4	81.4	296	55	0	16	311	18	313	5.4e-138	486.9
BCW-200219_02912	gnl|TC-DB|P24520|4.B.1.1.1	87.8	238	29	0	1	238	1	238	5.8e-116	413.3
BCW-200219_02918	gnl|TC-DB|P30750|3.A.1.24.1	93.9	343	21	0	1	343	1	343	4.3e-181	630.2
BCW-200219_02919	gnl|TC-DB|P31547|3.A.1.24.1	96.8	217	7	0	1	217	1	217	4.8e-77	283.9
BCW-200219_02920	gnl|TC-DB|P28635|3.A.1.24.1	95.9	271	11	0	1	271	1	271	3.6e-146	513.8
BCW-200219_02940	gnl|TC-DB|P0A943|1.B.33.1.3	88.6	813	82	2	1	805	1	810	0.0e+00	1473.0
BCW-200219_02957	gnl|TC-DB|Q8ZRP7|3.A.1.13.1	77.7	264	59	0	1	264	1	264	5.5e-115	410.2
BCW-200219_02958	gnl|TC-DB|I7MT28|1.A.62.2.2	88.2	203	24	0	1	203	1	203	1.4e-97	352.1
BCW-200219_02960	gnl|TC-DB|A8ALD3|2.A.49.5.5	84.0	462	74	0	1	462	1	462	7.6e-213	736.1
BCW-200219_02962	gnl|TC-DB|P06972|3.A.1.14.3	85.5	660	96	0	1	660	1	660	1.9e-310	1060.8
BCW-200219_02963	gnl|TC-DB|P07822|3.A.1.14.3	75.5	290	71	0	7	296	7	296	5.1e-130	460.3
BCW-200219_02964	gnl|TC-DB|P07821|3.A.1.14.3	92.5	265	20	0	1	265	1	265	9.9e-141	495.7
BCW-200219_02965	gnl|TC-DB|P06971|1.B.14.1.2	85.2	703	100	2	50	751	48	747	0.0e+00	1228.4
BCW-200219_02967	gnl|TC-DB|P42915|1.B.11.3.6	41.1	807	450	12	31	825	45	838	2.2e-170	595.9
BCW-200219_02984	gnl|TC-DB|P33129|1.B.11.3.3	46.5	858	440	7	19	865	16	865	2.0e-222	768.8
BCW-200219_02991	gnl|TC-DB|P0AFN6|3.A.1.105.17	91.8	256	21	0	1	256	1	256	2.6e-130	461.1
BCW-200219_02992	gnl|TC-DB|P36879|3.A.1.105.17	93.5	308	20	0	1	308	1	308	2.5e-159	557.8
BCW-200219_02993	gnl|TC-DB|Q8F8H7|2.A.53.3.8	47.3	188	98	1	7	193	544	731	8.4e-53	203.4
BCW-200219_02996	gnl|TC-DB|P36649|1.B.76.1.8	82.8	522	84	1	14	535	1	516	5.6e-252	866.3
BCW-200219_02997	gnl|TC-DB|P0AA95|8.A.2.1.3	94.8	115	6	0	14	128	1	115	3.5e-59	223.8
BCW-200219_03008	gnl|TC-DB|P15993|2.A.3.1.3	93.6	456	29	0	1	456	2	457	2.8e-244	840.5
BCW-200219_03009	gnl|TC-DB|P31435|2.A.2.3.4	47.1	450	233	4	1	447	1	448	4.0e-121	431.4
BCW-200219_03011	gnl|TC-DB|P0AE14|9.B.125.1.1	81.3	284	53	0	1	284	1	284	1.7e-130	461.8
BCW-200219_03015	gnl|TC-DB|P22608|3.A.15.2.1	42.9	455	233	8	11	453	124	563	8.1e-90	327.4
BCW-200219_03016	gnl|TC-DB|P22609|3.A.15.2.1	30.0	333	228	1	64	391	41	373	3.1e-42	169.1
BCW-200219_03022	gnl|TC-DB|P10408|3.A.5.1.1	91.0	900	81	0	1	900	1	900	0.0e+00	1599.3
BCW-200219_03031	gnl|TC-DB|P0ABG4|2.A.103.1.1	90.3	414	40	0	1	414	1	414	1.5e-212	734.9
BCW-200219_03033	gnl|TC-DB|P0A6W3|9.B.146.1.6	98.1	360	7	0	1	360	1	360	3.6e-202	700.3
BCW-200219_03048	gnl|TC-DB|Q1LHU8|2.A.4.7.9	56.1	280	123	0	17	296	46	325	2.9e-85	311.6
BCW-200219_03050	gnl|TC-DB|P31675|2.A.1.20.1	87.2	392	50	0	1	392	1	392	1.3e-189	658.7
BCW-200219_03053	gnl|TC-DB|P31550|3.A.1.19.1	89.0	327	36	0	1	327	1	327	1.7e-171	598.2
BCW-200219_03054	gnl|TC-DB|P31549|3.A.1.19.1	82.8	536	92	0	1	536	1	536	8.4e-256	879.0
BCW-200219_03055	gnl|TC-DB|P31548|3.A.1.19.1	75.2	230	57	0	1	230	1	230	5.0e-96	347.1
BCW-200219_03068	gnl|TC-DB|P76387|8.A.3.3.2	86.5	720	97	0	1	720	1	720	0.0e+00	1206.0
BCW-200219_03070	gnl|TC-DB|P0A930|1.B.18.3.1	93.4	379	25	0	1	379	1	379	3.0e-207	717.2
BCW-200219_03071	gnl|TC-DB|L5DDD7|2.A.109.2.3	86.1	527	73	0	1	527	370	896	1.3e-253	871.7
BCW-200219_03072	gnl|TC-DB|P28249|9.B.22.2.1	70.7	617	180	1	1	616	1	617	4.9e-252	866.7
BCW-200219_03075	gnl|TC-DB|Q1J0W6|9.B.34.1.1	35.9	167	95	4	675	840	190	345	1.6e-14	78.6
BCW-200219_03078	gnl|TC-DB|P76397|8.A.1.6.2	84.9	392	59	0	1	392	1	392	2.8e-171	597.8
BCW-200219_03079	gnl|TC-DB|P76398|2.A.6.2.12	89.8	1040	106	0	1	1040	1	1040	0.0e+00	1752.6
BCW-200219_03080	gnl|TC-DB|P76399|2.A.6.2.12	92.1	1025	81	0	1	1025	1	1025	0.0e+00	1791.9
BCW-200219_03081	gnl|TC-DB|P36554|2.A.1.3.26	82.3	469	83	0	1	469	1	469	3.3e-216	747.3
BCW-200219_03088	gnl|TC-DB|P76417|2.A.1.10.4	90.8	425	39	0	1	425	1	425	2.8e-222	767.3
BCW-200219_03097	gnl|TC-DB|P30000|2.A.1.5.3	39.8	412	240	6	6	413	8	415	1.8e-77	286.2
BCW-200219_03102	gnl|TC-DB|P38134|8.A.3.3.1	56.1	710	312	0	3	712	2	711	7.9e-225	776.5
BCW-200219_03104	gnl|TC-DB|P0A932|1.B.18.3.8	76.9	372	85	1	7	378	8	378	2.2e-165	578.2
BCW-200219_03105	gnl|TC-DB|P64534|2.A.113.1.1	64.3	112	38	1	1	110	1	112	1.5e-34	141.7
BCW-200219_03107	gnl|TC-DB|A0L4L0|3.A.1.132.3	38.7	341	194	5	12	350	2	329	4.2e-57	218.4
BCW-200219_03111	gnl|TC-DB|Q81JL2|9.B.33.1.1	30.8	581	363	10	5	555	3	574	4.4e-74	275.4
BCW-200219_03114	gnl|TC-DB|P33359|3.A.1.12.15	80.7	243	47	0	1	243	1	243	8.6e-99	356.3
BCW-200219_03115	gnl|TC-DB|P33360|3.A.1.12.15	82.7	306	52	1	1	306	1	305	6.2e-142	500.0
BCW-200219_03116	gnl|TC-DB|P33361|3.A.1.12.15	67.0	379	125	0	7	385	7	385	5.5e-132	467.2
BCW-200219_03117	gnl|TC-DB|P33362|3.A.1.12.15	85.6	305	44	0	1	305	1	305	1.1e-143	505.8
BCW-200219_03122	gnl|TC-DB|J2MRK2|9.B.29.3.1	40.7	182	108	0	7	188	8	189	7.5e-37	150.2
BCW-200219_03123	gnl|TC-DB|E4PCL6|9.B.27.2.7	78.8	189	40	0	1	189	1	189	8.5e-86	312.8
BCW-200219_03125	gnl|TC-DB|P33369|1.B.17.3.10	71.1	463	129	2	12	469	14	476	2.0e-176	615.1
BCW-200219_03127	gnl|TC-DB|P08722|4.A.1.2.2	56.9	620	256	1	6	614	4	623	9.1e-206	713.0
BCW-200219_03133	gnl|TC-DB|F4V3T5|1.E.14.1.4	88.3	128	15	0	1	128	4	131	1.0e-42	169.1
BCW-200219_03134	gnl|TC-DB|C6EAH0|2.A.122.1.1	89.2	231	25	0	1	231	1	231	1.0e-109	392.5
BCW-200219_03136	gnl|TC-DB|P0AFY2|9.B.114.1.1	88.6	237	27	0	1	237	1	237	4.3e-119	423.7
BCW-200219_03138	gnl|TC-DB|P23200|3.A.1.2.3	93.8	336	21	0	1	336	1	336	1.1e-165	578.9
BCW-200219_03139	gnl|TC-DB|P0AAG8|3.A.1.2.3	95.8	506	21	0	1	506	1	506	2.4e-281	963.8
BCW-200219_03140	gnl|TC-DB|P0AEE5|3.A.1.2.3	95.5	332	15	0	1	332	1	332	6.1e-180	626.3
BCW-200219_03142	gnl|TC-DB|P25747|9.B.169.1.2	80.0	385	77	0	1	385	1	385	1.3e-181	632.1
BCW-200219_03144	gnl|TC-DB|Q9I3T2|2.A.1.51.4	47.4	367	189	3	7	370	14	379	5.0e-77	284.6
BCW-200219_03146	gnl|TC-DB|P17315|1.B.14.1.4	81.3	663	117	4	1	656	1	663	0.0e+00	1122.8
BCW-200219_03147	gnl|TC-DB|P25737|2.A.3.1.2	92.8	489	35	0	1	489	1	489	1.3e-263	904.8
BCW-200219_03149	gnl|TC-DB|P62723|2.A.98.1.3	86.5	349	46	1	1	348	1	349	1.4e-163	572.0
BCW-200219_03151	gnl|TC-DB|P20966|4.A.2.1.1	90.2	564	53	2	1	563	1	563	4.7e-249	856.7
BCW-200219_03153	gnl|TC-DB|P69811|4.A.2.1.1	90.2	376	37	0	1	376	1	376	6.8e-188	652.9
BCW-200219_03154	gnl|TC-DB|P33026|2.A.1.20.2	83.5	393	65	0	1	393	1	393	6.5e-189	656.4
BCW-200219_03161	gnl|TC-DB|E9RJ18|3.A.7.13.2	36.3	91	53	2	94	180	271	360	6.8e-11	63.9
BCW-200219_03163	gnl|TC-DB|Q8ZNK0|3.A.1.5.24	78.7	601	128	0	1	601	1	601	1.2e-298	1021.5
BCW-200219_03164	gnl|TC-DB|P0AFU1|3.A.1.5.21	94.0	364	22	0	1	364	1	364	2.4e-193	671.0
BCW-200219_03165	gnl|TC-DB|P33915|3.A.1.5.21	83.9	341	55	0	1	341	1	341	1.6e-151	531.9
BCW-200219_03166	gnl|TC-DB|P33916|3.A.1.5.21	80.3	527	104	0	1	527	1	527	1.1e-236	815.5
BCW-200219_03168	gnl|TC-DB|P28246|2.A.1.2.7	88.9	395	44	0	1	395	1	395	3.0e-194	674.1
BCW-200219_03181	gnl|TC-DB|B2JBG5|2.A.1.59.2	50.9	381	187	0	7	387	16	396	1.8e-98	355.9
BCW-200219_03185	gnl|TC-DB|Q1J2S8|2.A.53.3.13	49.2	380	190	2	44	423	23	399	2.0e-87	319.3
BCW-200219_03186	gnl|TC-DB|Q5SMG8|1.A.26.1.2	30.4	339	233	2	141	477	110	447	5.0e-42	168.7
BCW-200219_03187	gnl|TC-DB|P33941|3.A.1.113.3	90.3	547	53	0	1	547	1	547	5.9e-281	962.6
BCW-200219_03191	gnl|TC-DB|D6QLX8|1.B.1.1.19	80.9	376	57	3	1	370	1	367	2.9e-175	610.9
BCW-200219_03201	gnl|TC-DB|P08194|2.A.1.4.3	94.8	421	22	0	1	421	1	421	1.3e-241	831.6
BCW-200219_03206	gnl|TC-DB|Q8XE01|1.B.68.1.1	77.8	180	39	1	1	179	8	187	3.5e-81	297.4
BCW-200219_03217	gnl|TC-DB|P0AFF0|3.D.1.1.1	92.6	485	36	0	1	485	1	485	5.8e-248	852.8
BCW-200219_03218	gnl|TC-DB|P0AFE8|3.D.1.1.1	93.5	509	33	0	1	509	1	509	8.2e-277	948.7
BCW-200219_03219	gnl|TC-DB|P33607|3.D.1.1.1	93.1	613	42	0	1	613	1	613	0.0e+00	1127.5
BCW-200219_03220	gnl|TC-DB|P0AFE4|3.D.1.1.1	97.0	100	3	0	1	100	1	100	4.5e-30	126.7
BCW-200219_03221	gnl|TC-DB|P0AFE0|3.D.1.1.1	94.6	184	10	0	1	184	1	184	3.3e-87	317.4
BCW-200219_03222	gnl|TC-DB|P0AFD6|3.D.1.1.1	98.3	180	3	0	1	180	1	180	4.1e-90	327.0
BCW-200219_03223	gnl|TC-DB|P0AFD4|3.D.1.1.1	95.4	323	15	0	1	323	1	323	3.0e-176	614.0
BCW-200219_03224	gnl|TC-DB|P33602|3.D.1.1.1	90.8	907	82	1	1	906	1	907	0.0e+00	1694.5
BCW-200219_03225	gnl|TC-DB|P31979|3.D.1.1.1	94.8	445	23	0	1	445	1	445	9.4e-261	895.2
BCW-200219_03226	gnl|TC-DB|P0AFD1|3.D.1.1.1	93.4	166	11	0	1	166	1	166	5.0e-90	326.6
BCW-200219_03227	gnl|TC-DB|P33599|3.D.1.1.1	95.8	596	25	0	5	600	1	596	0.0e+00	1200.7
BCW-200219_03228	gnl|TC-DB|P0AFC7|3.D.1.1.1	96.9	224	3	1	1	224	1	220	5.8e-126	446.4
BCW-200219_03229	gnl|TC-DB|P0AFC3|3.D.1.1.1	94.6	147	7	1	1	146	1	147	1.1e-72	268.9
BCW-200219_03233	gnl|TC-DB|P0AFU2|2.A.47.4.8	87.0	610	79	0	1	610	1	610	3.7e-300	1026.5
BCW-200219_03241	gnl|TC-DB|B7LDR9|4.A.7.1.2	62.4	410	153	1	12	421	10	418	6.8e-145	510.4
BCW-200219_03242	gnl|TC-DB|B7LDS2|4.A.7.1.2	42.4	85	47	1	1	83	1	85	3.8e-12	67.0
BCW-200219_03243	gnl|TC-DB|B7LDS1|4.A.7.1.2	45.6	147	80	0	1	147	1	147	9.9e-34	139.4
BCW-200219_03247	gnl|TC-DB|B7LBF5|1.A.12.3.2	74.3	214	55	0	1	214	1	214	1.2e-91	332.4
BCW-200219_03252	gnl|TC-DB|P07109|3.A.1.3.29	93.4	257	17	0	1	257	1	257	2.1e-132	468.0
BCW-200219_03253	gnl|TC-DB|P0AEU3|3.A.1.3.29	92.9	238	17	0	1	238	1	238	3.7e-123	437.2
BCW-200219_03254	gnl|TC-DB|P0A2I9|3.A.1.3.1	92.5	228	17	0	1	228	1	228	9.8e-113	402.5
BCW-200219_03255	gnl|TC-DB|P0AEU0|3.A.1.3.29	93.1	260	18	0	1	260	1	260	5.5e-136	479.9
BCW-200219_03256	gnl|TC-DB|P09551|3.A.1.3.1	88.5	260	30	0	1	260	1	260	4.5e-130	460.3
BCW-200219_03259	gnl|TC-DB|P08550|9.B.160.1.16	94.4	162	9	0	1	162	1	162	1.2e-80	295.4
BCW-200219_03263	gnl|TC-DB|P0ABP6|9.B.27.2.3	89.0	219	24	0	1	219	1	219	3.5e-107	384.0
BCW-200219_03268	gnl|TC-DB|P77549|2.A.1.46.6	83.6	391	64	0	1	391	1	391	3.8e-181	630.6
BCW-200219_03273	gnl|TC-DB|P0AD30|2.A.102.3.1	85.9	269	38	0	1	269	1	269	9.7e-128	452.6
BCW-200219_03282	gnl|TC-DB|P10384|1.B.9.1.1	75.8	450	95	3	1	440	1	446	2.0e-202	701.4
BCW-200219_03283	gnl|TC-DB|P76506|3.A.1.27.3	89.2	251	26	1	1	250	1	251	1.2e-135	478.8
BCW-200219_03284	gnl|TC-DB|P37327|1.A.16.4.1	84.8	302	46	0	7	308	4	305	1.6e-142	501.9
BCW-200219_03288	gnl|TC-DB|B3XQE5|9.B.33.1.2	31.9	580	350	14	6	551	4	572	9.7e-69	257.7
BCW-200219_03291	gnl|TC-DB|H5KWQ5|2.A.49.7.1	79.4	408	84	0	1	408	1	408	2.7e-177	617.8
BCW-200219_03293	gnl|TC-DB|P63144|8.A.5.1.3	35.0	306	189	6	13	312	71	372	1.7e-44	176.4
BCW-200219_03295	gnl|TC-DB|P0A769|2.A.55.3.1	93.0	412	29	0	1	412	1	412	7.0e-210	726.1
BCW-200219_03296	gnl|TC-DB|P0AFF2|2.A.41.1.1	93.8	400	20	1	1	395	1	400	4.6e-195	676.8
BCW-200219_03307	gnl|TC-DB|P45562|2.A.1.10.2	76.8	418	97	0	1	418	1	418	1.5e-183	638.6
BCW-200219_03311	gnl|TC-DB|P39836|2.A.28.3.4	89.2	332	35	1	1	331	1	332	3.1e-160	560.8
BCW-200219_03315	gnl|TC-DB|P0A6J3|2.A.121.1.1	88.5	253	29	0	1	253	1	253	1.2e-135	478.8
BCW-200219_03317	gnl|TC-DB|P0AA04|8.A.8.1.1	100.0	85	0	0	1	85	1	85	1.4e-40	161.4
BCW-200219_03318	gnl|TC-DB|P08839|8.A.7.1.1	97.6	575	14	0	1	575	1	575	6.8e-312	1065.4
BCW-200219_03319	gnl|TC-DB|P69783|4.A.1.1.1	97.6	169	4	0	1	169	1	169	4.7e-88	320.1
BCW-200219_03322	gnl|TC-DB|P16676|3.A.1.6.1	94.0	365	21	1	1	364	1	365	2.1e-197	684.5
BCW-200219_03323	gnl|TC-DB|P0AEB0|3.A.1.6.1	91.1	291	26	0	1	291	1	291	2.8e-149	524.2
BCW-200219_03324	gnl|TC-DB|P16701|3.A.1.6.1	96.8	277	9	0	1	277	1	277	5.3e-145	510.0
BCW-200219_03325	gnl|TC-DB|P16700|3.A.1.6.1	93.5	336	21	1	1	335	1	336	1.0e-182	635.6
BCW-200219_03328	gnl|TC-DB|P76538|9.B.127.1.1	74.3	144	37	0	1	144	1	144	1.4e-59	225.3
BCW-200219_03339	gnl|TC-DB|P42590|2.A.3.7.4	90.7	474	44	0	5	478	4	477	4.5e-245	843.2
BCW-200219_03344	gnl|TC-DB|Q5P036|5.A.3.11.1	33.3	150	77	7	10	138	10	157	1.3e-16	84.7
BCW-200219_03346	gnl|TC-DB|P24177|2.A.6.2.7	90.6	1037	97	0	1	1037	1	1037	0.0e+00	1815.8
BCW-200219_03354	gnl|TC-DB|P0A903|1.B.33.1.3	86.3	344	47	0	1	344	1	344	1.7e-169	591.7
BCW-200219_03358	gnl|TC-DB|P0AFI9|2.A.86.1.1	86.4	353	48	0	1	353	1	353	3.4e-165	577.4
BCW-200219_03362	gnl|TC-DB|Q72XQ0|4.A.3.2.8	43.5	430	234	4	4	424	1	430	1.2e-90	330.1
BCW-200219_03366	gnl|TC-DB|A8R5V4|3.A.3.2.41	48.0	886	452	4	7	890	3	881	1.2e-227	786.2
BCW-200219_03369	gnl|TC-DB|Q9RBY9|2.A.6.2.41	29.3	376	219	14	7	353	15	372	1.3e-13	73.9
BCW-200219_03370	gnl|TC-DB|Q9KRG9|2.A.6.2.38	49.1	1011	513	2	3	1012	22	1031	1.1e-275	946.0
BCW-200219_03373	gnl|TC-DB|P76350|2.A.1.6.6	90.4	438	41	1	1	437	1	438	6.0e-228	786.2
BCW-200219_03404	gnl|TC-DB|P94488|2.A.2.3.2	28.9	426	294	6	26	444	28	451	1.6e-40	163.7
BCW-200219_03406	gnl|TC-DB|Q9X4X4|2.A.1.30.1	37.2	508	313	3	17	520	17	522	2.8e-86	315.8
BCW-200219_03427	gnl|TC-DB|P37653|4.D.3.1.6	87.5	872	108	1	1	871	1	872	0.0e+00	1580.5
BCW-200219_03428	gnl|TC-DB|P37652|4.D.3.1.6	76.0	793	162	2	1	793	13	777	0.0e+00	1226.8
BCW-200219_03429	gnl|TC-DB|P37651|4.D.3.1.6	73.3	367	98	0	1	367	1	367	5.9e-168	586.6
BCW-200219_03430	gnl|TC-DB|P37650|1.B.55.3.1	75.8	1163	273	5	1	1160	1	1157	0.0e+00	1635.9
BCW-200219_03432	gnl|TC-DB|P0A830|2.A.23.1.7	93.5	428	28	0	1	428	1	428	1.0e-216	748.8
BCW-200219_03435	gnl|TC-DB|P21503|2.A.1.26.1	84.5	381	59	0	1	381	1	381	1.5e-182	635.2
BCW-200219_03436	gnl|TC-DB|P18777|5.A.3.3.2	85.0	287	43	0	1	287	1	287	3.2e-137	484.2
BCW-200219_03437	gnl|TC-DB|P18776|5.A.3.3.2	94.1	205	12	0	1	205	1	205	5.5e-123	436.4
BCW-200219_03438	gnl|TC-DB|P18775|5.A.3.3.2	88.7	814	92	0	1	814	1	814	0.0e+00	1523.8
BCW-200219_03441	gnl|TC-DB|P61316|1.B.46.1.1	92.6	202	15	0	1	202	1	202	3.6e-106	380.6
BCW-200219_03442	gnl|TC-DB|P46889|3.A.12.1.2	79.4	1331	177	11	1	1236	1	1329	0.0e+00	1663.7
BCW-200219_03445	gnl|TC-DB|P29018|3.A.1.129.1	84.5	588	91	0	1	588	1	588	4.2e-285	976.5
BCW-200219_03446	gnl|TC-DB|P23886|3.A.1.129.1	81.5	573	106	0	1	573	1	573	1.3e-259	891.7
BCW-200219_03450	gnl|TC-DB|Q9SXJ7|3.A.9.1.2	38.5	800	402	11	17	737	133	921	3.7e-148	521.9
BCW-200219_03453	gnl|TC-DB|P75831|3.A.1.122.1	86.3	648	87	1	1	646	1	648	4.5e-312	1066.2
BCW-200219_03454	gnl|TC-DB|P75830|3.A.1.122.1	80.2	369	70	1	6	371	3	371	1.1e-158	555.8
BCW-200219_03457	gnl|TC-DB|P60844|1.A.8.3.1	89.6	231	24	0	1	231	1	231	4.6e-118	420.2
BCW-200219_03458	gnl|TC-DB|P75826|2.A.124.1.1	83.9	299	48	0	1	299	1	299	1.2e-137	485.7
BCW-200219_03469	gnl|TC-DB|P22610|3.A.15.2.1	45.3	265	127	3	11	257	10	274	9.1e-54	206.8
BCW-200219_03472	gnl|TC-DB|P15750|3.A.15.1.1	30.4	332	209	7	6	332	4	318	3.8e-28	122.1
BCW-200219_03473	gnl|TC-DB|Q9XD68|3.A.15.3.1	30.3	201	117	8	6	185	3	201	1.2e-13	73.2
BCW-200219_03475	gnl|TC-DB|P15747|3.A.15.1.1	33.8	148	83	3	3	136	2	148	1.8e-12	68.9
BCW-200219_03476	gnl|TC-DB|P15746|3.A.15.1.1	71.4	140	40	0	8	147	1	140	5.1e-54	206.8
BCW-200219_03477	gnl|TC-DB|P15745|3.A.15.1.1	44.8	402	198	3	1	401	1	379	7.8e-81	297.4
BCW-200219_03478	gnl|TC-DB|P15645|3.A.15.1.1	58.0	486	198	2	6	487	8	491	7.7e-155	543.5
BCW-200219_03479	gnl|TC-DB|P15644|1.B.22.1.1	52.9	628	275	7	23	633	27	650	1.0e-175	613.2
BCW-200219_03487	gnl|TC-DB|P0AAF6|3.A.1.3.3	93.4	242	16	0	1	242	1	242	3.9e-128	453.8
BCW-200219_03488	gnl|TC-DB|P30859|3.A.1.3.3	92.2	243	19	0	1	243	1	243	1.8e-128	454.9
BCW-200219_03489	gnl|TC-DB|P0AE34|3.A.1.3.3	95.4	237	11	0	1	237	1	237	4.9e-123	436.8
BCW-200219_03490	gnl|TC-DB|P0AE30|3.A.1.3.3	93.2	222	15	0	1	222	1	222	4.4e-102	367.1
BCW-200219_03491	gnl|TC-DB|P30860|3.A.1.3.3	88.9	243	27	0	1	243	1	243	2.6e-124	441.0
BCW-200219_03497	gnl|TC-DB|P0AFL1|3.A.1.11.2	93.2	281	19	0	1	281	1	281	6.5e-143	503.1
BCW-200219_03498	gnl|TC-DB|P31135|3.A.1.11.2	90.2	317	31	0	1	317	1	317	2.4e-165	577.8
BCW-200219_03499	gnl|TC-DB|P31134|3.A.1.11.2	92.6	377	28	0	1	377	1	377	6.8e-204	706.1
BCW-200219_03500	gnl|TC-DB|P31133|3.A.1.11.2	91.6	370	31	0	1	370	1	370	3.6e-205	710.3
BCW-200219_03506	gnl|TC-DB|A7ZJR5|2.A.81.1.4	94.1	561	33	0	1	561	1	561	2.4e-301	1030.4
BCW-200219_03508	gnl|TC-DB|P0AB93|3.A.4.1.1	87.9	429	52	0	1	429	1	429	3.0e-208	720.7
BCW-200219_03512	gnl|TC-DB|P75810|2.A.1.60.2	86.1	375	52	0	1	375	1	375	3.8e-176	614.0
BCW-200219_03514	gnl|TC-DB|P0AEY8|2.A.1.2.19	88.2	407	48	0	1	407	1	407	6.3e-203	703.0
BCW-200219_03516	gnl|TC-DB|P94571|9.B.105.1.3	29.6	159	107	3	5	163	1	154	3.2e-14	75.1
BCW-200219_03523	gnl|TC-DB|P75799|3.A.1.5.11	87.5	303	38	0	1	303	1	303	1.1e-135	479.2
BCW-200219_03524	gnl|TC-DB|P75798|3.A.1.5.11	87.6	306	38	0	1	306	1	306	9.0e-154	539.3
BCW-200219_03525	gnl|TC-DB|P75797|3.A.1.5.11	86.5	512	69	0	1	512	1	512	8.3e-261	895.6
BCW-200219_03526	gnl|TC-DB|P75796|3.A.1.5.11	79.3	622	129	0	1	622	1	622	1.4e-278	954.9
BCW-200219_03536	gnl|TC-DB|P0AA78|2.A.1.14.2	43.3	416	235	1	16	430	42	457	1.8e-99	359.4
BCW-200219_03538	gnl|TC-DB|Q83XH1|3.A.1.121.4	46.6	526	280	1	1	526	1	525	6.8e-141	497.3
BCW-200219_03541	gnl|TC-DB|U5MFA1|4.A.3.2.9	34.4	425	270	3	14	432	8	429	3.5e-58	222.2
BCW-200219_03542	gnl|TC-DB|Q86Z14|8.A.49.1.2	28.1	470	284	14	1	455	77	507	5.8e-40	161.8
BCW-200219_03548	gnl|TC-DB|E1P8P0|9.B.27.3.1	89.4	142	15	0	1	142	1	142	6.0e-68	253.1
BCW-200219_03553	gnl|TC-DB|P0AEJ0|2.A.1.3.2	91.5	515	41	1	1	515	1	512	2.8e-272	933.7
BCW-200219_03554	gnl|TC-DB|P27303|8.A.1.1.1	84.9	390	59	0	1	390	1	390	8.4e-173	602.8
BCW-200219_03556	gnl|TC-DB|P76628|2.A.1.36.3	85.5	392	57	0	1	392	1	392	1.1e-172	602.4
BCW-200219_03557	gnl|TC-DB|P0AFM2|3.A.1.12.1	82.5	331	57	1	1	331	1	330	1.9e-165	578.2
BCW-200219_03558	gnl|TC-DB|P14176|3.A.1.12.1	79.4	354	73	0	1	354	1	354	9.5e-147	516.2
BCW-200219_03559	gnl|TC-DB|P14175|3.A.1.12.1	93.7	399	25	0	1	399	1	399	2.5e-212	734.2
BCW-200219_03566	gnl|TC-DB|A8ANM6|2.A.104.1.1	91.3	149	13	0	1	149	1	149	1.3e-73	271.9
BCW-200219_03585	gnl|TC-DB|P02924|3.A.1.2.2	95.4	329	15	0	1	329	1	329	2.9e-182	634.0
BCW-200219_03586	gnl|TC-DB|P0AAF3|3.A.1.2.2	88.3	504	59	0	1	504	1	504	1.9e-262	901.0
BCW-200219_03587	gnl|TC-DB|P0AE26|3.A.1.2.2	93.3	328	22	0	1	328	1	328	2.5e-149	524.6
BCW-200219_03593	gnl|TC-DB|P09348|1.A.30.1.1	92.9	295	21	0	1	295	1	295	6.4e-149	523.1
BCW-200219_03594	gnl|TC-DB|P0AF06|1.A.30.1.1	85.8	309	43	1	1	309	1	308	3.0e-149	524.2
BCW-200219_03597	gnl|TC-DB|P96603|2.A.23.1.6	34.7	406	245	6	7	405	7	399	6.3e-65	244.6
BCW-200219_03601	gnl|TC-DB|Q6XBY3|1.B.11.6.1	35.9	830	475	15	9	792	10	828	1.8e-137	486.5
BCW-200219_03609	gnl|TC-DB|P40727|3.A.6.2.1	86.4	383	51	1	1	382	1	383	4.1e-188	653.7
BCW-200219_03610	gnl|TC-DB|P40729|3.A.6.2.1	95.5	692	31	0	1	692	1	692	0.0e+00	1239.6
BCW-200219_03612	gnl|TC-DB|Q6D188|2.A.2.5.2	84.4	512	80	0	1	512	1	512	5.9e-246	846.3
BCW-200219_03616	gnl|TC-DB|P67826|9.B.158.1.2	72.7	245	67	0	1	245	1	245	5.8e-103	370.2
BCW-200219_03628	gnl|TC-DB|P39832|3.A.1.15.5	89.3	261	28	0	1	261	1	261	2.3e-113	404.8
BCW-200219_03629	gnl|TC-DB|P0A9X1|3.A.1.15.5	92.4	251	19	0	1	251	1	251	5.1e-131	463.4
BCW-200219_03630	gnl|TC-DB|P39172|3.A.1.15.5	80.3	314	58	1	6	319	1	310	2.1e-137	485.0
BCW-200219_03631	gnl|TC-DB|B7L5V2|1.A.34.1.3	41.0	210	118	2	198	407	14	217	4.3e-40	162.2
BCW-200219_03644	gnl|TC-DB|Q4KDN3|9.B.62.1.5	40.7	108	64	0	15	122	13	120	2.1e-16	81.6
BCW-200219_03645	gnl|TC-DB|P76278|9.B.62.1.4	52.1	290	138	1	1	289	1	290	2.1e-75	278.9
BCW-200219_03656	gnl|TC-DB|P23865|9.B.174.1.2	91.1	682	61	0	1	682	1	682	0.0e+00	1233.0
BCW-200219_03657	gnl|TC-DB|P23894|9.B.1.1.6	94.2	293	17	0	1	293	1	293	6.4e-149	523.1
BCW-200219_03658	gnl|TC-DB|P76269|2.A.1.3.17	82.9	457	78	0	1	457	1	457	5.0e-209	723.4
BCW-200219_03666	gnl|TC-DB|P76264|2.A.107.1.1	89.9	188	19	0	1	188	1	188	4.9e-94	340.1
BCW-200219_03668	gnl|TC-DB|P69805|4.A.6.1.1	91.9	283	23	0	1	283	4	286	2.0e-147	518.1
BCW-200219_03669	gnl|TC-DB|P69801|4.A.6.1.1	94.4	266	15	0	1	266	1	266	4.9e-132	466.8
BCW-200219_03670	gnl|TC-DB|P69797|4.A.6.1.1	93.2	323	20	1	1	321	1	323	1.4e-160	562.0
BCW-200219_03671	gnl|TC-DB|L5DDD7|2.A.109.2.3	50.3	521	241	9	1	509	370	884	8.1e-123	437.2
BCW-200219_03681	gnl|TC-DB|P69451|4.C.1.1.4	94.1	561	33	0	1	561	1	561	7.0e-314	1072.0
BCW-200219_03689	gnl|TC-DB|P0A6M2|5.A.2.1.1	76.1	176	42	0	1	176	1	176	4.8e-83	303.5
BCW-200219_03690	gnl|TC-DB|P0AFA7|2.A.34.1.1	77.9	511	112	1	1	510	1	511	1.8e-215	745.0
BCW-200219_03695	gnl|TC-DB|P76007|2.A.36.6.11	90.8	577	53	0	1	577	1	577	3.3e-298	1020.0
BCW-200219_03699	gnl|TC-DB|A6TAG3|1.E.43.1.1	65.9	82	27	1	1	82	1	81	6.3e-25	109.4
BCW-200219_03700	gnl|TC-DB|P06971|1.B.14.1.2	31.3	723	436	19	26	700	38	747	2.6e-84	309.7
BCW-200219_03702	gnl|TC-DB|P31435|2.A.2.3.4	40.1	446	264	3	4	448	3	446	2.1e-103	372.5
BCW-200219_03703	gnl|TC-DB|P77076|1.B.15.1.1	63.1	382	132	4	80	459	90	464	3.2e-147	518.1
BCW-200219_03705	gnl|TC-DB|P0ADL1|2.A.1.2.26	47.9	384	200	0	10	393	11	394	1.2e-86	316.6
BCW-200219_03711	gnl|TC-DB|P07658|3.D.1.9.2	29.3	365	220	9	114	463	61	402	4.8e-39	159.5
BCW-200219_03714	gnl|TC-DB|Q9KN51|3.A.23.1.1	36.0	445	283	2	1	444	1	444	7.8e-82	300.8
BCW-200219_03715	gnl|TC-DB|Q9KN50|3.A.23.1.1	35.1	222	138	4	20	238	37	255	2.1e-33	139.8
BCW-200219_03716	gnl|TC-DB|Q9KN45|3.A.23.1.1	25.3	1213	792	31	23	1198	31	1166	3.9e-91	333.2
BCW-200219_03719	gnl|TC-DB|Q6EE21|3.A.23.2.1	45.9	159	85	1	4	161	3	161	5.8e-33	137.1
BCW-200219_03720	gnl|TC-DB|Q6EE20|3.A.23.2.1	50.0	466	225	3	32	492	28	490	8.9e-135	476.9
BCW-200219_03729	gnl|TC-DB|Q6EE16|3.A.23.2.1	34.7	632	378	15	4	622	3	612	2.9e-90	329.3
BCW-200219_03731	gnl|TC-DB|Q6EE14|3.A.23.2.1	53.7	861	382	5	9	862	8	858	8.5e-250	859.8
BCW-200219_03733	gnl|TC-DB|A8YQR5|3.A.23.2.1	37.6	505	305	8	5	506	12	509	2.4e-85	313.5
BCW-200219_03743	gnl|TC-DB|P0AFR2|2.A.53.3.11	90.7	559	52	0	1	559	1	559	1.9e-255	877.9
BCW-200219_03746	gnl|TC-DB|P61320|1.B.46.1.1	84.6	201	31	0	3	203	7	207	1.3e-100	362.1
BCW-200219_03753	gnl|TC-DB|P31801|2.A.19.1.1	91.8	366	30	0	1	366	1	366	9.3e-174	605.9
BCW-200219_03759	gnl|TC-DB|P39165|1.B.54.1.9	63.8	458	165	1	6	463	7	463	7.7e-173	603.2
BCW-200219_03762	gnl|TC-DB|P10903|2.A.1.8.1	86.0	463	65	0	1	463	1	463	4.6e-234	806.6
BCW-200219_03763	gnl|TC-DB|P09152|5.A.3.1.1	93.9	1247	76	0	1	1247	1	1247	0.0e+00	2489.9
BCW-200219_03764	gnl|TC-DB|P11349|5.A.3.1.1	92.8	511	36	1	1	510	1	511	2.8e-293	1003.4
BCW-200219_03766	gnl|TC-DB|P11350|5.A.3.1.1	89.7	224	23	0	1	224	1	224	4.2e-116	413.7
BCW-200219_03777	gnl|TC-DB|P25743|2.A.95.1.7	92.6	215	16	0	1	215	1	215	2.7e-104	374.4
BCW-200219_03778	gnl|TC-DB|P06202|3.A.1.5.1	90.8	543	50	0	1	543	1	543	5.6e-300	1025.8
BCW-200219_03779	gnl|TC-DB|P0AFH2|3.A.1.5.41	95.8	306	13	0	1	306	1	306	3.0e-149	524.2
BCW-200219_03780	gnl|TC-DB|P08006|3.A.1.5.1	96.7	302	10	0	1	302	1	302	7.3e-140	493.0
BCW-200219_03781	gnl|TC-DB|P76027|3.A.1.5.41	91.4	337	29	0	1	337	1	337	8.3e-177	615.9
BCW-200219_03782	gnl|TC-DB|P77737|3.A.1.5.41	96.4	334	12	0	1	334	1	334	5.0e-190	659.8
BCW-200219_03783	gnl|TC-DB|Q1D027|1.A.1.24.3	40.4	270	151	5	20	287	14	275	2.4e-39	159.1
BCW-200219_03786	gnl|TC-DB|P76249|2.A.76.1.5	74.4	211	52	2	1	210	1	210	3.1e-81	297.7
BCW-200219_03789	gnl|TC-DB|P02929|2.C.1.1.1	67.9	240	76	1	6	245	1	239	2.5e-53	205.3
BCW-200219_03793	gnl|TC-DB|P0A915|1.B.39.1.6	79.2	212	42	2	1	210	1	212	1.1e-97	352.4
BCW-200219_03796	gnl|TC-DB|P31064|9.B.102.1.1	88.1	396	47	0	1	396	1	396	2.3e-210	727.6
BCW-200219_03810	gnl|TC-DB|M4VAL8|8.A.21.2.4	29.5	166	114	2	136	298	74	239	1.3e-12	70.5
BCW-200219_03812	gnl|TC-DB|Q07711|3.A.7.7.1	24.7	640	409	22	80	674	77	688	1.8e-29	127.9
BCW-200219_03826	gnl|TC-DB|D4ZZR3|9.B.34.1.3	26.8	179	110	3	229	394	225	395	3.6e-14	76.6
BCW-200219_03830	gnl|TC-DB|W9BHF5|2.A.6.2.49	83.4	1024	170	0	1	1024	1	1024	0.0e+00	1621.7
BCW-200219_03835	gnl|TC-DB|P36638|3.A.1.5.5	93.3	268	18	0	1	268	1	268	4.5e-141	496.9
BCW-200219_03836	gnl|TC-DB|P36636|3.A.1.5.5	93.9	330	20	0	1	330	1	330	3.9e-187	650.2
BCW-200219_03837	gnl|TC-DB|P0AGH5|3.A.1.5.42	90.5	296	28	0	1	296	1	296	1.9e-153	538.1
BCW-200219_03838	gnl|TC-DB|P0A2J3|3.A.1.5.5	91.3	321	28	0	1	321	1	321	8.2e-166	579.3
BCW-200219_03839	gnl|TC-DB|P36634|3.A.1.5.5	89.1	549	57	2	1	546	1	549	9.0e-290	991.9
BCW-200219_03840	gnl|TC-DB|Q9KN48|3.A.23.1.1	41.9	227	131	1	8	234	193	418	6.2e-44	174.5
BCW-200219_03841	gnl|TC-DB|E8XKQ3|9.B.100.1.1	91.9	222	18	0	1	222	1	222	4.9e-101	363.6
BCW-200219_03846	gnl|TC-DB|P76042|3.A.1.1.46	75.8	425	103	0	5	429	5	429	2.2e-190	661.4
BCW-200219_03847	gnl|TC-DB|P0AFR7|3.A.1.1.46	92.8	293	21	0	1	293	1	293	9.5e-153	535.8
BCW-200219_03848	gnl|TC-DB|P77716|3.A.1.1.46	91.8	280	23	0	1	280	1	280	1.0e-140	495.7
BCW-200219_03854	gnl|TC-DB|P77481|3.A.1.1.46	85.0	360	54	0	1	360	1	360	8.6e-172	599.4
BCW-200219_03855	gnl|TC-DB|P76045|1.B.21.1.1	72.7	304	80	3	1	304	1	301	2.7e-134	474.6
BCW-200219_03859	gnl|TC-DB|Q9KN48|3.A.23.1.1	35.0	329	180	5	206	500	193	521	1.8e-42	170.2
BCW-200219_03864	gnl|TC-DB|P77348|3.A.1.5.1	89.8	538	54	1	1	538	1	537	1.7e-293	1004.2
BCW-200219_03869	gnl|TC-DB|D4ZZR3|9.B.34.1.3	38.9	167	96	2	247	407	227	393	3.3e-26	115.9
BCW-200219_03870	gnl|TC-DB|P76330|9.B.34.1.4	30.4	217	141	6	203	414	345	556	1.5e-15	81.3
BCW-200219_03871	gnl|TC-DB|M3JA40|1.B.52.2.1	31.6	177	79	3	198	339	287	456	3.2e-15	79.3
BCW-200219_03872	gnl|TC-DB|Q9EYX5|1.A.35.4.1	89.0	327	36	0	1	327	1	327	1.6e-172	601.7
BCW-200219_03874	gnl|TC-DB|P38919|3.A.18.1.1	35.5	324	206	3	22	343	57	379	8.9e-57	217.6
BCW-200219_03881	gnl|TC-DB|Q8TDX7|1.I.1.1.3	25.5	212	136	8	58	258	82	282	2.7e-13	72.8
BCW-200219_03892	gnl|TC-DB|P0A754|2.A.37.1.1	41.3	167	96	1	5	171	4	168	4.9e-32	134.0
BCW-200219_03947	gnl|TC-DB|P77747|1.B.1.1.21	82.0	377	60	1	1	369	1	377	5.0e-183	636.7
BCW-200219_03952	gnl|TC-DB|P0ABK2|3.D.4.3.2	29.4	364	214	11	5	329	7	366	3.6e-31	132.1
BCW-200219_03984	gnl|TC-DB|D4E385|1.E.2.1.11	56.8	118	51	0	7	124	114	231	9.4e-33	136.0
BCW-200219_04021	gnl|TC-DB|P76108|3.A.1.11.9	89.8	381	39	0	1	381	1	381	2.0e-211	731.1
BCW-200219_04022	gnl|TC-DB|P77795|3.A.1.11.9	81.9	337	61	0	1	337	1	337	4.3e-157	550.4
BCW-200219_04023	gnl|TC-DB|P77156|3.A.1.11.9	88.9	314	34	1	1	314	1	313	8.3e-155	542.7
BCW-200219_04024	gnl|TC-DB|P0AFR9|3.A.1.11.9	90.1	262	26	0	1	262	1	262	2.0e-133	471.5
BCW-200219_04030	gnl|TC-DB|P33950|3.A.1.5.27	50.9	505	247	1	21	525	34	537	1.2e-148	523.1
BCW-200219_04032	gnl|TC-DB|P76111|2.A.7.21.2	87.9	149	18	0	1	149	1	149	2.9e-65	244.2
BCW-200219_04037	gnl|TC-DB|P76115|1.B.14.9.5	78.5	706	144	2	1	704	1	700	0.0e+00	1159.8
BCW-200219_04039	gnl|TC-DB|P40812|2.A.3.1.8	91.5	484	41	0	1	484	1	484	1.1e-254	875.2
BCW-200219_04042	gnl|TC-DB|M3JA40|1.B.52.2.1	31.2	192	115	2	335	509	267	458	2.5e-15	80.1
BCW-200219_04047	gnl|TC-DB|Q9F3K5|3.A.1.3.24	27.7	242	154	6	78	304	82	317	1.0e-16	84.0
BCW-200219_04049	gnl|TC-DB|Q9F3K6|3.A.1.3.24	41.3	276	155	3	5	280	21	289	1.4e-45	179.9
BCW-200219_04050	gnl|TC-DB|Q9F3K7|3.A.1.3.24	58.2	249	104	0	9	257	5	253	6.5e-81	297.0
BCW-200219_04051	gnl|TC-DB|P0AEM9|3.A.1.3.10	30.1	236	149	9	45	276	36	259	1.7e-16	83.2
BCW-200219_04057	gnl|TC-DB|O05256|2.A.24.2.3	58.0	414	174	0	24	437	30	443	5.7e-133	470.7
BCW-200219_04067	gnl|TC-DB|P43531|2.A.1.36.1	36.8	378	238	1	22	399	35	411	8.6e-59	224.2
BCW-200219_04077	gnl|TC-DB|P75763|2.A.47.3.5	59.5	477	193	0	1	477	1	477	1.0e-159	559.7
BCW-200219_04079	gnl|TC-DB|P37594|2.A.1.3.14	80.3	493	97	0	1	493	1	493	1.0e-199	692.6
BCW-200219_04080	gnl|TC-DB|P63183|2.A.72.1.1	41.2	629	355	5	6	627	2	622	2.2e-130	462.6
BCW-200219_04083	gnl|TC-DB|Q9L3M3|3.A.1.4.3	32.9	368	232	8	4	367	1	357	1.0e-45	180.6
BCW-200219_04084	gnl|TC-DB|Q8DQH7|3.A.1.4.10	49.8	233	116	1	4	235	3	235	4.1e-61	231.1
BCW-200219_04085	gnl|TC-DB|P0A9S7|3.A.1.4.1	46.2	249	133	1	3	250	5	253	5.9e-58	220.7
BCW-200219_04086	gnl|TC-DB|P21628|3.A.1.4.8	41.4	353	154	6	24	362	96	409	1.0e-55	213.8
BCW-200219_04087	gnl|TC-DB|P21627|3.A.1.4.8	43.8	297	153	4	2	297	17	300	4.3e-47	184.9
BCW-200219_04089	gnl|TC-DB|D6QLX8|1.B.1.1.19	73.6	375	85	3	1	369	1	367	4.8e-162	567.0
BCW-200219_04090	gnl|TC-DB|P46136|2.A.7.17.2	74.0	292	76	0	1	292	1	292	7.8e-123	436.4
BCW-200219_04091	gnl|TC-DB|P24183|5.A.3.2.1	95.9	195	8	0	1	195	1	195	6.2e-108	386.3
BCW-200219_04092	gnl|TC-DB|P24183|5.A.3.2.1	91.2	803	71	0	1	803	213	1015	0.0e+00	1557.7
BCW-200219_04093	gnl|TC-DB|P0AAJ3|5.A.3.2.1	90.8	294	27	0	1	294	1	294	2.1e-168	587.8
BCW-200219_04094	gnl|TC-DB|P0AEK7|5.A.3.2.1	88.0	217	26	0	1	217	1	217	6.1e-112	399.8
BCW-200219_04099	gnl|TC-DB|P23910|2.A.1.2.14	70.5	383	113	0	1	383	1	383	1.3e-144	509.2
BCW-200219_04102	gnl|TC-DB|Q9F9T4|3.A.1.5.23	45.0	558	275	6	3	532	19	572	7.4e-119	424.1
BCW-200219_04103	gnl|TC-DB|W0WMS8|3.A.1.5.39	32.8	262	170	1	17	272	24	285	2.2e-37	152.5
BCW-200219_04104	gnl|TC-DB|P77308|3.A.1.5.38	29.0	331	203	3	5	306	7	334	8.4e-30	127.5
BCW-200219_04109	gnl|TC-DB|P39115|3.A.1.121.3	29.1	502	302	10	1	479	1	471	3.5e-50	196.1
BCW-200219_04119	gnl|TC-DB|P77622|3.A.1.5.38	76.9	308	71	0	1	308	1	308	4.2e-135	477.2
BCW-200219_04120	gnl|TC-DB|P77268|3.A.1.5.38	78.7	324	69	0	1	324	1	324	2.5e-146	514.6
BCW-200219_04121	gnl|TC-DB|P77463|3.A.1.5.38	76.1	297	71	0	1	297	1	297	2.2e-120	428.3
BCW-200219_04122	gnl|TC-DB|P77308|3.A.1.5.38	91.8	340	28	0	1	340	1	340	2.5e-181	630.9
BCW-200219_04123	gnl|TC-DB|P76128|3.A.1.5.38	86.4	507	65	1	8	510	10	516	3.8e-258	886.7
BCW-200219_04129	gnl|TC-DB|P22340|1.B.3.1.2	73.5	505	134	0	1	505	1	505	3.0e-207	717.6
BCW-200219_04130	gnl|TC-DB|P08470|4.A.1.2.1	94.7	456	24	0	1	456	1	456	5.9e-242	832.8
BCW-200219_04137	gnl|TC-DB|O33918|5.A.1.5.1	47.0	689	285	11	1	674	1	624	1.8e-162	569.3
BCW-200219_04165	gnl|TC-DB|B1HGV3|9.B.211.1.1	48.5	324	159	1	5	328	3	318	3.2e-80	295.0
BCW-200219_04167	gnl|TC-DB|P76269|2.A.1.3.17	37.4	447	271	4	11	453	7	448	4.2e-70	261.9
BCW-200219_04169	gnl|TC-DB|Q9HV74|2.A.21.9.1	28.6	224	140	6	267	480	761	974	3.8e-21	99.4
BCW-200219_04171	gnl|TC-DB|Q9ZHD2|1.B.17.3.4	86.8	461	61	0	1	461	1	461	2.5e-224	774.2
BCW-200219_04173	gnl|TC-DB|P77239|2.A.6.1.4	68.5	410	124	3	6	413	1	407	7.4e-159	556.6
BCW-200219_04174	gnl|TC-DB|Q9ZHC9|2.A.6.1.3	96.4	1045	38	0	1	1045	1	1045	0.0e+00	1963.0
BCW-200219_04193	gnl|TC-DB|Q8XG43|2.A.117.1.3	50.7	138	68	0	7	144	18	155	2.1e-31	131.7
BCW-200219_04201	gnl|TC-DB|P9WG63|5.A.1.2.9	30.7	433	253	8	4	395	119	545	2.9e-48	189.1
BCW-200219_04208	gnl|TC-DB|B2N0W4|1.A.46.2.6	80.6	304	59	0	1	304	18	321	2.6e-137	484.6
BCW-200219_04211	gnl|TC-DB|P0AAP1|9.B.34.1.2	34.3	169	110	1	153	320	199	367	4.2e-21	98.6
BCW-200219_04212	gnl|TC-DB|P0AAP1|9.B.34.1.2	25.8	267	187	5	202	462	106	367	6.8e-15	78.6
BCW-200219_04230	gnl|TC-DB|P31122|2.A.1.2.15	84.6	396	61	0	1	396	1	396	4.5e-182	633.6
BCW-200219_04231	gnl|TC-DB|P0AEY1|2.A.95.1.1	88.7	221	25	0	1	221	1	221	4.9e-101	363.6
BCW-200219_04235	gnl|TC-DB|P31125|2.A.7.3.2	84.5	297	46	0	1	297	1	297	4.5e-134	473.8
BCW-200219_04236	gnl|TC-DB|P31126|2.A.1.2.55	68.7	390	121	1	1	390	1	389	7.8e-150	526.6
BCW-200219_04237	gnl|TC-DB|O05703|3.A.1.15.3	52.4	185	88	0	30	214	317	501	5.9e-51	197.2
BCW-200219_04238	gnl|TC-DB|Q9L3S2|3.A.1.4.4	48.4	215	109	2	14	227	4	217	3.5e-49	191.4
BCW-200219_04239	gnl|TC-DB|Q8NRV8|3.A.1.4.5	43.0	242	130	4	25	264	3	238	5.0e-44	174.5
BCW-200219_04240	gnl|TC-DB|Q9L3S4|3.A.1.4.4	43.7	311	172	2	45	353	30	339	1.8e-60	229.6
BCW-200219_04241	gnl|TC-DB|Q8NRW0|3.A.1.4.5	43.5	294	160	2	228	521	4	291	1.1e-58	224.2
BCW-200219_04242	gnl|TC-DB|Q8NRW1|3.A.1.4.5	46.2	377	187	6	27	403	49	409	1.2e-92	336.7
BCW-200219_04251	gnl|TC-DB|P76103|2.A.46.1.9	68.7	383	120	0	1	383	1	383	6.5e-141	496.9
BCW-200219_04255	gnl|TC-DB|P33950|3.A.1.5.27	52.4	517	245	1	14	530	30	545	4.1e-162	567.8
BCW-200219_04261	gnl|TC-DB|P09551|3.A.1.3.1	44.9	247	134	1	5	249	7	253	1.0e-57	219.9
BCW-200219_04272	gnl|TC-DB|P0ABK2|3.D.4.3.2	28.3	364	214	10	8	330	10	367	1.1e-35	147.1
BCW-200219_04298	gnl|TC-DB|Q9I2M0|3.A.1.109.4	41.5	390	219	5	3	385	6	393	1.1e-76	283.5
BCW-200219_04299	gnl|TC-DB|Q9I2M1|3.A.1.109.4	42.1	707	402	6	5	710	17	717	1.5e-138	490.0
BCW-200219_04315	gnl|TC-DB|Q5FA63|3.A.1.15.10	39.5	306	160	4	1	285	6	307	2.2e-53	205.7
BCW-200219_04316	gnl|TC-DB|A1IQK4|3.A.1.15.10	55.0	271	121	1	3	273	4	273	4.4e-70	261.2
BCW-200219_04317	gnl|TC-DB|A1IQK5|3.A.1.15.10	42.1	202	116	1	2	202	13	214	5.2e-39	157.5
BCW-200219_04319	gnl|TC-DB|P56579|4.A.4.1.1	96.3	187	7	0	1	187	1	187	2.2e-102	367.9
BCW-200219_04320	gnl|TC-DB|P56580|4.A.4.1.1	91.2	320	26	2	1	319	1	319	3.7e-150	527.3
BCW-200219_04321	gnl|TC-DB|P05706|4.A.4.1.1	78.0	118	26	0	1	118	1	118	5.2e-49	189.9
BCW-200219_04326	gnl|TC-DB|Q9KN48|3.A.23.1.1	41.7	266	150	1	187	452	193	453	4.4e-49	192.2
BCW-200219_04331	gnl|TC-DB|P23516|2.A.52.1.1	53.3	330	150	3	9	334	16	345	1.6e-95	345.9
BCW-200219_04333	gnl|TC-DB|Q5P036|5.A.3.11.1	31.6	171	92	7	5	158	5	167	5.2e-16	80.9
BCW-200219_04335	gnl|TC-DB|P24241|4.A.1.2.3	89.9	473	48	0	1	473	1	473	1.7e-231	798.1
BCW-200219_04336	gnl|TC-DB|Q86Z14|8.A.49.1.2	25.3	491	287	18	4	474	81	511	4.0e-36	149.1
BCW-200219_04339	gnl|TC-DB|P16433|3.D.1.9.2	93.3	255	17	0	1	255	1	255	2.1e-140	494.6
BCW-200219_04340	gnl|TC-DB|P16432|3.D.1.9.2	89.4	179	19	0	1	179	1	179	6.6e-80	293.1
BCW-200219_04341	gnl|TC-DB|P16431|3.D.1.9.2	94.2	569	33	0	1	569	1	569	0.0e+00	1119.0
BCW-200219_04342	gnl|TC-DB|P16430|3.D.1.9.2	86.3	307	42	0	1	307	1	307	3.5e-142	500.7
BCW-200219_04343	gnl|TC-DB|P16429|3.D.1.9.2	76.3	608	140	1	1	604	1	608	8.8e-262	899.0
BCW-200219_04344	gnl|TC-DB|P0AAK3|3.D.1.9.2	87.5	200	25	0	1	200	1	200	6.2e-95	343.2
BCW-200219_04351	gnl|TC-DB|Q9KN48|3.A.23.1.1	42.8	278	156	2	330	606	143	418	6.5e-51	198.7
BCW-200219_04360	gnl|TC-DB|O32182|2.A.1.3.33	21.4	401	255	6	12	353	20	419	1.4e-18	90.5
BCW-200219_04363	gnl|TC-DB|B7LEG0|1.A.34.1.2	76.6	381	80	3	1	374	1	379	2.4e-140	495.0
BCW-200219_04382	gnl|TC-DB|P20166|4.A.1.1.9	46.8	521	251	9	14	519	6	515	4.9e-120	427.9
BCW-200219_04390	gnl|TC-DB|Q93N33|2.A.21.9.2	30.8	273	166	8	265	522	752	1016	7.9e-20	95.9
BCW-200219_04394	gnl|TC-DB|C4ZZU4|2.A.1.14.40	94.6	448	24	0	1	448	1	448	8.3e-249	855.5
BCW-200219_04401	gnl|TC-DB|P0AAD6|2.A.42.2.1	92.3	429	33	0	1	429	1	429	2.1e-217	751.1
BCW-200219_04417	gnl|TC-DB|G0CIY2|9.B.18.1.1	38.8	464	259	11	19	464	28	484	4.9e-79	291.6
BCW-200219_04418	gnl|TC-DB|P77377|2.A.66.2.7	88.2	492	58	0	1	492	1	492	1.6e-237	818.1
BCW-200219_04438	gnl|TC-DB|917745143|1.C.75.1.2	28.8	948	566	24	512	1381	2458	3374	1.1e-42	172.6
BCW-200219_04443	gnl|TC-DB|Q8TZQ3|3.A.1.1.16	48.0	296	143	4	13	299	13	306	6.3e-66	247.7
BCW-200219_04444	gnl|TC-DB|O54371|3.A.1.20.1	24.5	261	188	5	15	274	16	268	1.3e-15	81.3
BCW-200219_04450	gnl|TC-DB|C6GYU4|2.A.76.1.9	29.6	189	125	5	4	185	7	194	8.6e-12	67.0
BCW-200219_04452	gnl|TC-DB|P63340|2.A.42.2.5	83.0	407	69	0	1	407	1	407	2.8e-187	651.0
BCW-200219_04453	gnl|TC-DB|Q8XG43|2.A.117.1.3	81.1	148	28	0	1	148	10	157	1.3e-63	238.8
BCW-200219_04458	gnl|TC-DB|P0AE24|2.A.1.1.2	92.2	472	36	1	1	471	1	472	1.8e-246	847.8
BCW-200219_04463	gnl|TC-DB|A6VKT0|3.A.1.2.13	25.1	263	188	6	61	318	26	284	3.0e-12	69.3
BCW-200219_04464	gnl|TC-DB|U5MFA1|4.A.3.2.9	94.3	440	23	1	1	440	1	438	3.4e-231	797.0
BCW-200219_04469	gnl|TC-DB|P31119|4.C.1.1.16	87.9	718	87	0	1	718	1	718	0.0e+00	1284.2
BCW-200219_04470	gnl|TC-DB|P39196|2.A.1.42.1	83.1	396	67	0	1	396	1	396	8.0e-179	622.9
BCW-200219_04471	gnl|TC-DB|P0A9T4|8.A.5.1.5	91.6	346	29	0	1	346	1	346	5.9e-186	646.4
BCW-200219_04475	gnl|TC-DB|Q9HY55|4.A.2.1.17	37.1	568	337	8	170	733	402	953	4.4e-85	312.4
BCW-200219_04485	gnl|TC-DB|Q6MDD6|3.A.7.16.1	27.8	569	306	18	40	589	219	701	6.1e-37	152.1
BCW-200219_04491	gnl|TC-DB|D5CJ69|2.A.66.1.22	94.1	461	27	0	13	473	2	462	6.9e-246	845.9
BCW-200219_04495	gnl|TC-DB|P33011|2.A.85.7.1	74.4	352	90	0	1	352	1	352	2.0e-157	551.6
BCW-200219_04499	gnl|TC-DB|P0AA47|2.A.3.1.14	88.1	452	54	0	1	452	1	452	1.9e-229	791.2
BCW-200219_04522	gnl|TC-DB|Q8CVM4|1.B.11.3.5	42.7	832	446	14	13	822	25	847	4.6e-176	614.8
BCW-200219_04527	gnl|TC-DB|G3IME2|9.B.35.1.2	34.8	112	70	2	27	136	31	141	4.6e-17	84.0
BCW-200219_04530	gnl|TC-DB|917745143|1.C.75.1.2	45.0	744	357	12	161	860	2455	3190	5.4e-124	442.2
BCW-200219_04534	gnl|TC-DB|Q57071|4.A.1.1.13	46.0	509	243	5	9	497	4	500	8.7e-122	433.7
BCW-200219_04540	gnl|TC-DB|P30130|1.B.11.3.9	47.8	858	424	8	11	852	28	877	1.6e-229	792.3
BCW-200219_04553	gnl|TC-DB|P21408|3.A.1.10.1	82.0	338	61	0	1	338	1	338	2.5e-157	551.2
BCW-200219_04554	gnl|TC-DB|P21409|3.A.1.10.1	72.7	509	139	0	16	524	19	527	1.2e-206	715.7
BCW-200219_04555	gnl|TC-DB|P21410|3.A.1.10.1	61.2	340	131	1	2	340	4	343	1.7e-113	405.6
BCW-200219_04557	gnl|TC-DB|Q05202|1.B.14.1.15	53.3	705	309	8	31	727	66	758	6.7e-216	746.9
BCW-200219_04558	gnl|TC-DB|P24207|2.A.3.1.1	90.3	462	41	1	1	462	1	458	1.4e-235	811.6
BCW-200219_04559	gnl|TC-DB|P0AAT4|1.A.23.4.5	84.2	411	64	1	1	410	1	411	6.0e-193	669.8
BCW-200219_04560	gnl|TC-DB|D9X7X8|2.A.1.3.38	41.1	460	256	6	9	462	24	474	7.9e-80	294.3
BCW-200219_04569	gnl|TC-DB|P06971|1.B.14.1.2	37.9	741	420	15	6	714	15	747	3.3e-130	462.2
BCW-200219_04573	gnl|TC-DB|A8R5V4|3.A.3.2.41	47.8	868	444	4	35	900	25	885	9.5e-220	760.0
BCW-200219_04574	gnl|TC-DB|P76397|8.A.1.6.2	31.0	332	217	5	31	353	63	391	1.1e-43	173.7
BCW-200219_04575	gnl|TC-DB|Q9I0Y8|2.A.6.2.16	41.7	1039	588	3	4	1024	6	1044	2.9e-212	735.3
BCW-200219_04579	gnl|TC-DB|E0LV84|2.A.85.1.4	26.4	564	394	7	21	566	8	568	1.3e-48	191.0
BCW-200219_04581	gnl|TC-DB|P46482|8.A.1.7.1	40.5	289	164	5	1	285	1	285	6.0e-51	197.6
BCW-200219_04595	gnl|TC-DB|O86575|3.A.1.5.34	43.8	224	122	2	9	228	56	279	5.1e-48	187.6
BCW-200219_04596	gnl|TC-DB|P45095|3.A.1.5.27	42.4	257	144	3	19	271	21	277	4.3e-46	181.4
BCW-200219_04597	gnl|TC-DB|W0WMS8|3.A.1.5.39	41.4	280	158	1	2	275	19	298	6.2e-53	204.1
BCW-200219_04598	gnl|TC-DB|P77308|3.A.1.5.38	44.4	322	178	1	15	336	14	334	2.0e-66	249.2
BCW-200219_04610	gnl|TC-DB|P0ABC9|2.A.15.1.4	95.0	676	34	0	1	676	1	676	0.0e+00	1269.2
BCW-200219_04612	gnl|TC-DB|Q93GK5|3.A.1.110.1	68.1	698	223	0	1	698	1	698	1.8e-285	978.0
BCW-200219_04613	gnl|TC-DB|Q93GK4|3.A.1.110.1	59.5	368	149	0	2	369	46	413	1.7e-122	435.6
BCW-200219_04617	gnl|TC-DB|P05825|1.B.14.1.22	80.2	757	131	7	1	749	1	746	0.0e+00	1242.6
BCW-200219_04620	gnl|TC-DB|P31552|4.C.1.1.6	22.8	514	322	15	477	951	39	516	5.3e-14	77.0
BCW-200219_04621	gnl|TC-DB|P23878|3.A.1.14.2	86.8	265	35	0	1	265	1	265	4.2e-131	463.8
BCW-200219_04622	gnl|TC-DB|P23877|3.A.1.14.2	78.2	330	72	0	1	330	1	330	2.8e-137	484.6
BCW-200219_04623	gnl|TC-DB|P23876|3.A.1.14.2	83.2	334	56	0	1	334	1	334	9.8e-146	512.7
BCW-200219_04624	gnl|TC-DB|Q8ZR35|2.A.1.38.3	81.8	412	75	0	1	412	1	412	2.4e-186	647.9
BCW-200219_04625	gnl|TC-DB|C8U2V6|3.A.1.14.2	82.7	318	55	0	1	318	1	318	2.2e-147	518.1
BCW-200219_04627	gnl|TC-DB|Q89SS6|2.A.1.42.2	23.6	501	360	12	27	522	632	1114	4.6e-20	95.9
BCW-200219_04632	gnl|TC-DB|G2S0R1|9.B.156.1.3	98.1	154	3	0	1	154	1	154	4.9e-76	280.0
BCW-200219_04633	gnl|TC-DB|D2YRH2|9.A.5.4.1	68.0	225	72	0	1	225	1	225	5.1e-77	283.9
BCW-200219_04634	gnl|TC-DB|P15078|2.A.114.1.1	93.6	701	45	0	1	701	1	701	0.0e+00	1245.0
BCW-200219_04639	gnl|TC-DB|A6VKS8|3.A.1.2.13	37.6	495	304	4	6	499	7	497	1.4e-90	330.1
BCW-200219_04640	gnl|TC-DB|B8H230|3.A.1.2.21	34.9	321	191	5	14	327	16	325	1.3e-36	150.2
