BCW-200194_00011	gnl|TC-DB|P0AFK9|3.A.1.11.1	91.1	348	31	0	1	348	1	348	5.0e-193	669.8
BCW-200194_00012	gnl|TC-DB|P0AFK6|3.A.1.11.1	95.3	257	12	0	1	257	1	257	1.6e-127	451.8
BCW-200194_00013	gnl|TC-DB|P0AFK4|3.A.1.11.1	93.8	275	17	0	11	285	1	275	3.1e-140	494.2
BCW-200194_00014	gnl|TC-DB|P69874|3.A.1.11.1	88.4	372	43	0	1	372	7	378	1.3e-186	648.7
BCW-200194_00053	gnl|TC-DB|P42670|2.A.1.3.11	31.4	459	282	10	14	446	24	475	2.1e-34	143.3
BCW-200194_00065	gnl|TC-DB|O30494|3.A.1.1.49	48.9	352	168	6	2	343	4	353	4.2e-86	314.7
BCW-200194_00067	gnl|TC-DB|Q8RJU8|3.A.1.1.18	30.5	266	178	4	34	295	45	307	5.4e-31	131.3
BCW-200194_00068	gnl|TC-DB|Q55472|3.A.1.1.32	30.1	279	179	6	9	280	1	270	5.2e-26	114.8
BCW-200194_00069	gnl|TC-DB|Q21EL3|1.B.14.1.24	28.3	693	452	18	51	719	28	699	9.1e-56	214.9
BCW-200194_00070	gnl|TC-DB|Q9RCF3|3.A.1.14.6	49.1	265	135	0	3	267	10	274	6.5e-71	263.8
BCW-200194_00071	gnl|TC-DB|Q9RK09|3.A.1.14.13	39.7	335	190	5	9	338	25	352	3.9e-49	191.8
BCW-200194_00072	gnl|TC-DB|Q8GRB1|3.A.1.14.8	38.3	326	184	7	30	347	5	321	7.8e-45	177.6
BCW-200194_00077	gnl|TC-DB|I7FD23|2.A.1.2.97	37.5	376	227	5	7	376	17	390	3.5e-54	208.8
BCW-200194_00078	gnl|TC-DB|Q8GC82|2.A.6.2.19	78.1	452	99	0	1	452	1	452	4.8e-196	680.2
BCW-200194_00079	gnl|TC-DB|Q8GC83|2.A.6.2.19	84.3	1035	162	0	1	1035	1	1035	0.0e+00	1638.2
BCW-200194_00080	gnl|TC-DB|Q8GC84|2.A.6.2.19	81.6	315	57	1	1	315	61	374	6.0e-137	483.4
BCW-200194_00083	gnl|TC-DB|D4I357|9.B.97.4.1	25.1	347	203	10	2	321	3	319	3.0e-12	69.3
BCW-200194_00128	gnl|TC-DB|P0A937|1.B.33.1.3	90.1	111	11	0	1	111	1	111	6.7e-54	206.1
BCW-200194_00132	gnl|TC-DB|P37908|9.A.40.2.4	87.2	407	52	0	7	413	22	428	8.6e-200	692.6
BCW-200194_00133	gnl|TC-DB|P64432|9.B.14.3.6	86.3	263	35	1	1	262	1	263	2.3e-126	448.0
BCW-200194_00135	gnl|TC-DB|P0AGD7|3.A.5.1.1	91.8	453	37	0	1	453	1	453	2.1e-231	797.7
BCW-200194_00151	gnl|TC-DB|Q9HXW4|2.A.6.2.17	41.3	1019	588	3	6	1016	3	1019	6.4e-220	760.8
BCW-200194_00152	gnl|TC-DB|Q9I6X5|2.A.6.2.27	30.5	357	238	7	4	356	1	351	7.8e-19	91.3
BCW-200194_00154	gnl|TC-DB|Q9HY88|2.A.6.2.34	34.9	464	287	5	16	477	15	465	3.9e-50	195.7
BCW-200194_00167	gnl|TC-DB|D9X7X8|2.A.1.3.38	39.0	459	266	6	16	470	28	476	3.2e-73	272.3
BCW-200194_00180	gnl|TC-DB|B7FYG1|3.A.25.1.1	30.6	147	92	2	28	164	482	628	9.6e-13	70.5
BCW-200194_00186	gnl|TC-DB|P0AG96|3.A.5.1.1	97.6	127	3	0	1	127	1	127	3.5e-59	223.8
BCW-200194_00189	gnl|TC-DB|Q9ZK21|1.C.82.1.1	50.7	223	110	0	3	225	4	226	4.9e-59	224.2
BCW-200194_00196	gnl|TC-DB|U5MLJ3|4.A.3.2.9	88.2	102	12	0	1	102	1	102	2.6e-44	174.1
BCW-200194_00197	gnl|TC-DB|U5MIE1|4.A.3.2.9	63.4	101	37	0	1	101	1	101	8.1e-27	115.9
BCW-200194_00198	gnl|TC-DB|P0AAP1|9.B.34.1.2	33.7	163	90	6	352	502	210	366	1.4e-13	74.3
BCW-200194_00202	gnl|TC-DB|Q8ID54|3.A.25.2.1	31.5	197	121	5	8	195	89	280	8.5e-17	84.0
BCW-200194_00214	gnl|TC-DB|Q1LHU8|2.A.4.7.9	50.0	134	67	0	2	135	33	166	5.0e-33	137.1
BCW-200194_00215	gnl|TC-DB|Q9P6J2|2.A.89.3.8	46.4	220	118	0	4	223	11	230	4.3e-44	174.5
BCW-200194_00222	gnl|TC-DB|P54702|3.A.6.2.1	50.2	241	120	0	16	256	16	256	2.6e-61	231.9
BCW-200194_00223	gnl|TC-DB|P0A1L5|3.A.6.2.1	67.0	88	29	0	1	88	1	88	4.6e-26	113.2
BCW-200194_00224	gnl|TC-DB|P54700|3.A.6.2.1	71.1	242	63	3	16	253	7	245	3.6e-84	307.8
BCW-200194_00226	gnl|TC-DB|P26419|3.A.6.2.1	61.3	137	49	1	1	133	1	137	3.2e-39	157.5
BCW-200194_00231	gnl|TC-DB|P26465|3.A.6.2.1	76.9	454	101	2	1	450	1	454	7.0e-195	676.4
BCW-200194_00232	gnl|TC-DB|P15934|3.A.6.2.1	43.7	126	69	1	106	231	107	230	9.8e-23	103.6
BCW-200194_00234	gnl|TC-DB|P15928|3.A.6.2.1	49.4	453	221	4	1	448	111	560	2.4e-107	385.6
BCW-200194_00245	gnl|TC-DB|B0T2Y9|5.A.1.5.2	44.3	411	218	1	4	403	326	736	6.9e-85	310.8
BCW-200194_00248	gnl|TC-DB|Q8TZQ3|3.A.1.1.16	53.5	230	107	0	13	242	13	242	7.4e-67	250.8
BCW-200194_00255	gnl|TC-DB|P16677|3.A.1.9.1	39.4	249	149	2	25	272	2	249	4.3e-46	181.4
BCW-200194_00256	gnl|TC-DB|P16682|3.A.1.9.1	30.0	270	162	4	1	266	1	247	3.2e-21	99.0
BCW-200194_00257	gnl|TC-DB|P16683|3.A.1.9.1	40.3	186	110	1	98	283	72	256	6.5e-29	124.4
BCW-200194_00258	gnl|TC-DB|A0QQ68|3.A.1.9.2	30.3	198	135	1	85	282	338	532	5.1e-21	98.2
BCW-200194_00260	gnl|TC-DB|C8U8G2|2.A.3.7.3	75.2	496	121	2	10	504	10	504	4.9e-213	736.9
BCW-200194_00274	gnl|TC-DB|Q9KN48|3.A.23.1.1	38.8	335	195	4	140	466	193	525	1.0e-52	204.1
BCW-200194_00275	gnl|TC-DB|Q9HV74|2.A.21.9.1	28.8	364	206	15	11	346	636	974	3.2e-22	102.4
BCW-200194_00279	gnl|TC-DB|P0A8K8|9.B.126.2.1	85.9	290	41	0	1	290	1	290	4.9e-125	443.7
BCW-200194_00285	gnl|TC-DB|P0AEK7|5.A.3.2.1	48.6	210	106	1	1	208	1	210	1.2e-56	216.1
BCW-200194_00286	gnl|TC-DB|P0AAJ3|5.A.3.2.1	77.6	294	66	0	1	294	1	294	8.8e-146	512.7
BCW-200194_00287	gnl|TC-DB|P24183|5.A.3.2.1	75.7	803	194	1	1	803	213	1014	0.0e+00	1323.5
BCW-200194_00288	gnl|TC-DB|P24183|5.A.3.2.1	82.1	195	35	0	1	195	1	195	2.7e-95	344.4
BCW-200194_00295	gnl|TC-DB|P75957|3.A.1.125.1	53.2	220	103	0	53	272	5	224	4.4e-59	224.6
BCW-200194_00296	gnl|TC-DB|P75831|3.A.1.122.1	26.5	378	272	4	39	413	271	645	1.2e-28	124.0
BCW-200194_00300	gnl|TC-DB|Q1D212|2.A.78.2.3	38.1	231	114	2	14	215	14	244	6.0e-35	144.1
BCW-200194_00305	gnl|TC-DB|Q9HWU4|1.B.11.3.7	33.0	845	524	15	22	845	10	833	1.5e-118	423.7
BCW-200194_00310	gnl|TC-DB|P0AFS1|3.A.1.2.8	36.0	300	185	2	26	319	7	305	8.9e-38	154.1
BCW-200194_00311	gnl|TC-DB|Q7BSH3|3.A.1.2.9	59.8	326	131	0	4	329	3	328	1.9e-101	365.5
BCW-200194_00312	gnl|TC-DB|Q7BSH4|3.A.1.2.9	55.9	492	215	2	7	497	20	510	6.9e-151	530.4
BCW-200194_00313	gnl|TC-DB|Q7BSH5|3.A.1.2.9	66.5	334	103	4	1	328	1	331	3.0e-115	411.4
BCW-200194_00319	gnl|TC-DB|P27125|2.A.7.6.1	90.1	344	34	0	1	344	1	344	3.8e-177	617.1
BCW-200194_00321	gnl|TC-DB|P0A712|2.A.10.1.2	89.9	327	33	0	1	327	1	327	4.6e-156	547.0
BCW-200194_00327	gnl|TC-DB|P69380|2.A.4.7.1	86.0	292	41	0	1	292	1	292	3.6e-144	507.3
BCW-200194_00329	gnl|TC-DB|P0AG78|3.A.1.6.1	92.1	329	26	0	1	329	1	329	1.7e-179	624.8
BCW-200194_00334	gnl|TC-DB|B7MI53|9.B.124.2.2	70.5	139	41	0	1	139	1	139	2.1e-57	218.0
BCW-200194_00338	gnl|TC-DB|P0AER0|1.A.8.1.1	86.5	282	37	1	1	282	1	281	4.4e-139	490.3
BCW-200194_00346	gnl|TC-DB|Q9ZKE4|3.A.11.3.1	32.4	534	336	11	197	729	108	617	6.6e-70	261.9
BCW-200194_00370	gnl|TC-DB|P06129|1.B.14.3.1	55.1	621	267	6	1	616	1	614	2.1e-194	675.2
BCW-200194_00396	gnl|TC-DB|P0AGA2|3.A.5.1.1	98.9	443	5	0	1	443	1	443	1.0e-243	838.6
BCW-200194_00406	gnl|TC-DB|P0A742|1.A.22.1.1	89.1	137	14	1	1	137	1	136	2.0e-60	228.0
BCW-200194_00407	gnl|TC-DB|P0AGI8|2.A.38.1.1	97.8	458	10	0	1	458	1	458	2.2e-252	867.5
BCW-200194_00411	gnl|TC-DB|Q8VRK4|3.A.11.1.3	37.3	292	157	5	71	357	59	329	4.5e-38	155.2
BCW-200194_00420	gnl|TC-DB|P31474|2.A.1.3.51	83.6	464	76	0	1	464	1	464	2.5e-211	731.1
BCW-200194_00439	gnl|TC-DB|O00571|1.I.1.1.3	34.3	353	218	3	9	347	180	532	8.0e-52	201.1
BCW-200194_00441	gnl|TC-DB|P40290|3.A.6.1.1	28.6	252	158	5	157	396	148	389	2.0e-15	80.1
BCW-200194_00442	gnl|TC-DB|P0AC78|9.B.146.1.7	86.6	367	49	0	1	367	1	367	2.0e-171	598.2
BCW-200194_00448	gnl|TC-DB|P0AAA7|2.A.66.2.3	82.2	416	74	0	1	416	1	416	6.2e-190	659.8
BCW-200194_00450	gnl|TC-DB|B6I4D1|9.B.128.1.1	87.5	439	55	0	1	439	1	439	1.1e-219	758.8
BCW-200194_00452	gnl|TC-DB|P27837|2.A.3.1.15	90.5	461	44	0	1	461	1	461	3.0e-238	820.5
BCW-200194_00462	gnl|TC-DB|P27838|9.B.21.2.1	95.3	106	5	0	1	106	1	106	2.4e-58	220.7
BCW-200194_00469	gnl|TC-DB|P0A2R8|1.A.35.1.2	93.4	316	21	0	1	316	1	316	2.4e-165	577.8
BCW-200194_00470	gnl|TC-DB|S1GB50|1.E.55.2.4	47.2	123	65	0	8	130	4	126	2.6e-30	127.9
BCW-200194_00472	gnl|TC-DB|P27844|2.A.7.7.2	84.5	296	46	0	1	296	1	296	2.9e-141	497.7
BCW-200194_00475	gnl|TC-DB|Q5EAK4|2.A.16.2.2	26.7	423	259	13	31	426	1378	1776	1.1e-25	114.8
BCW-200194_00476	gnl|TC-DB|P0AG38|2.A.76.1.2	88.3	206	24	0	1	206	1	206	1.1e-99	359.0
BCW-200194_00477	gnl|TC-DB|P0AG34|2.A.76.1.1	89.3	206	22	0	1	206	1	206	1.0e-97	352.4
BCW-200194_00480	gnl|TC-DB|P0ADP5|2.A.7.3.61	81.6	299	55	0	1	299	1	299	1.3e-144	508.8
BCW-200194_00483	gnl|TC-DB|O54369|3.A.1.20.1	25.9	324	209	9	17	322	26	336	1.2e-18	90.5
BCW-200194_00484	gnl|TC-DB|M4VB92|3.A.1.20.4	30.3	512	341	6	23	532	10	507	2.3e-41	166.8
BCW-200194_00485	gnl|TC-DB|Q8TZQ3|3.A.1.1.16	50.6	241	117	1	1	239	1	241	2.8e-63	238.8
BCW-200194_00492	gnl|TC-DB|P69428|2.A.64.1.1	76.9	91	15	3	1	87	1	89	5.9e-26	112.8
BCW-200194_00493	gnl|TC-DB|P69425|2.A.64.1.1	91.9	135	11	0	1	135	1	135	2.1e-59	224.9
BCW-200194_00494	gnl|TC-DB|P69423|2.A.64.1.1	92.9	239	17	0	1	239	1	239	5.4e-120	426.8
BCW-200194_00503	gnl|TC-DB|P0AFZ7|2.A.38.1.1	96.1	483	19	0	1	483	1	483	8.0e-266	912.1
BCW-200194_00506	gnl|TC-DB|Q9UEF7|8.A.49.1.1	28.9	481	287	16	2	460	58	505	6.1e-45	178.3
BCW-200194_00545	gnl|TC-DB|Q2BM70|3.A.1.17.4	39.3	247	150	0	9	255	62	308	5.5e-48	187.6
BCW-200194_00546	gnl|TC-DB|P38046|3.A.1.16.1	43.8	249	137	3	2	247	14	262	3.3e-56	214.9
BCW-200194_00554	gnl|TC-DB|P0C0L7|2.A.1.6.4	34.6	422	258	4	12	420	24	440	4.0e-67	251.9
BCW-200194_00556	gnl|TC-DB|M3JA40|1.B.52.2.1	31.0	171	109	2	482	644	287	456	1.3e-13	74.7
BCW-200194_00560	gnl|TC-DB|B2JBG5|2.A.1.59.2	52.2	381	182	0	7	387	16	396	2.1e-99	359.0
BCW-200194_00569	gnl|TC-DB|P0AAE0|2.A.3.1.7	91.8	466	38	0	1	466	1	466	3.2e-243	837.0
BCW-200194_00572	gnl|TC-DB|P39314|2.A.7.3.19	80.3	319	63	0	1	319	1	319	9.4e-146	512.7
BCW-200194_00576	gnl|TC-DB|P45767|3.A.1.3.26	46.6	380	200	3	28	404	14	393	3.0e-88	322.0
BCW-200194_00577	gnl|TC-DB|P45768|3.A.1.3.26	43.0	349	189	3	8	351	23	366	1.2e-72	270.0
BCW-200194_00578	gnl|TC-DB|P45769|3.A.1.3.26	65.3	242	84	0	9	250	10	251	1.1e-91	332.8
BCW-200194_00582	gnl|TC-DB|F2WVP9|2.A.1.60.3	43.6	367	203	1	13	379	11	373	8.8e-74	273.9
BCW-200194_00589	gnl|TC-DB|P39115|3.A.1.121.3	28.3	509	320	7	1	490	1	483	2.5e-48	189.9
BCW-200194_00594	gnl|TC-DB|P42062|3.A.1.5.20	33.6	318	197	3	1	307	1	315	6.0e-36	147.9
BCW-200194_00595	gnl|TC-DB|W0WMS8|3.A.1.5.39	33.2	262	169	1	17	272	24	285	2.4e-36	149.1
BCW-200194_00596	gnl|TC-DB|Q9F9T4|3.A.1.5.23	44.7	557	278	7	3	532	19	572	8.1e-118	420.6
BCW-200194_00599	gnl|TC-DB|P23910|2.A.1.2.14	70.4	379	112	0	1	379	1	379	3.6e-147	517.7
BCW-200194_00600	gnl|TC-DB|P0AEK7|5.A.3.2.1	88.0	217	26	0	1	217	1	217	9.3e-113	402.5
BCW-200194_00601	gnl|TC-DB|P0AAJ3|5.A.3.2.1	90.8	294	27	0	1	294	1	294	1.4e-167	585.1
BCW-200194_00602	gnl|TC-DB|P24183|5.A.3.2.1	89.0	803	88	0	1	803	213	1015	0.0e+00	1518.4
BCW-200194_00603	gnl|TC-DB|P24183|5.A.3.2.1	91.8	195	16	0	1	195	1	195	1.6e-103	371.7
BCW-200194_00604	gnl|TC-DB|V2FAS1|2.A.7.17.1	71.7	293	83	0	1	293	1	293	2.0e-118	421.8
BCW-200194_00605	gnl|TC-DB|P37594|2.A.1.3.14	75.6	495	121	0	1	495	1	495	2.0e-187	651.7
BCW-200194_00608	gnl|TC-DB|Q9KLQ6|3.A.1.20.2	25.6	540	381	7	10	539	151	679	4.7e-28	122.5
BCW-200194_00609	gnl|TC-DB|A3N294|3.A.1.20.3	29.3	280	177	8	11	272	10	286	1.9e-21	99.8
BCW-200194_00610	gnl|TC-DB|Q8TZQ3|3.A.1.1.16	52.3	220	103	1	7	224	4	223	1.2e-60	229.6
BCW-200194_00611	gnl|TC-DB|D4ZZR3|9.B.34.1.3	39.0	187	104	4	403	585	213	393	1.9e-27	120.6
BCW-200194_00622	gnl|TC-DB|C4ZZU4|2.A.1.14.40	47.7	438	223	2	2	433	9	446	9.9e-122	433.3
BCW-200194_00623	gnl|TC-DB|P0AEM9|3.A.1.3.10	28.0	232	153	8	49	277	39	259	3.9e-13	72.0
BCW-200194_00624	gnl|TC-DB|Q9F3K7|3.A.1.3.24	57.4	249	106	0	9	257	5	253	7.2e-80	293.5
BCW-200194_00625	gnl|TC-DB|Q9F3K6|3.A.1.3.24	40.1	302	161	5	5	306	21	302	2.3e-48	189.1
BCW-200194_00627	gnl|TC-DB|P0AEM9|3.A.1.3.10	31.2	221	137	8	73	291	52	259	1.4e-16	83.6
BCW-200194_00631	gnl|TC-DB|P40812|2.A.3.1.8	89.5	487	50	1	1	486	1	487	2.3e-252	867.5
BCW-200194_00632	gnl|TC-DB|P76115|1.B.14.9.5	78.1	704	150	2	1	704	1	700	0.0e+00	1143.3
BCW-200194_00639	gnl|TC-DB|P76111|2.A.7.21.2	83.2	149	25	0	1	149	1	149	1.1e-59	225.7
BCW-200194_00641	gnl|TC-DB|P33950|3.A.1.5.27	48.8	535	259	2	5	525	4	537	9.8e-148	520.0
BCW-200194_00652	gnl|TC-DB|P0AFR9|3.A.1.11.9	91.6	261	22	0	1	261	1	261	3.4e-133	470.7
BCW-200194_00653	gnl|TC-DB|P77156|3.A.1.11.9	88.6	307	32	1	6	309	7	313	2.1e-150	528.1
BCW-200194_00654	gnl|TC-DB|P77795|3.A.1.11.9	83.8	333	54	0	1	333	1	333	1.2e-162	568.9
BCW-200194_00655	gnl|TC-DB|P76108|3.A.1.11.9	90.3	381	36	1	1	380	1	381	3.3e-214	740.3
BCW-200194_00658	gnl|TC-DB|P0ABK2|3.D.4.3.2	29.1	364	215	10	5	329	7	366	1.9e-32	136.3
BCW-200194_00667	gnl|TC-DB|P76103|2.A.46.1.9	70.5	380	112	0	11	390	5	384	6.6e-149	523.5
BCW-200194_00671	gnl|TC-DB|P33950|3.A.1.5.27	52.3	516	245	1	14	529	30	544	1.5e-159	559.3
BCW-200194_00683	gnl|TC-DB|P09551|3.A.1.3.1	45.3	247	133	1	6	250	7	253	1.6e-58	222.6
BCW-200194_00699	gnl|TC-DB|P0C0L7|2.A.1.6.4	40.9	428	241	5	23	440	22	447	1.0e-94	343.6
BCW-200194_00710	gnl|TC-DB|P0AA78|2.A.1.14.2	41.6	416	242	1	16	430	42	457	3.8e-97	351.7
BCW-200194_00712	gnl|TC-DB|Q83XH1|3.A.1.121.4	46.8	526	279	1	1	526	1	525	8.0e-142	500.4
BCW-200194_00715	gnl|TC-DB|U5MFA1|4.A.3.2.9	34.1	425	271	3	14	432	8	429	5.6e-56	214.9
BCW-200194_00716	gnl|TC-DB|Q86Z14|8.A.49.1.2	28.3	463	286	14	4	455	80	507	5.3e-41	165.2
BCW-200194_00717	gnl|TC-DB|P63144|8.A.5.1.3	32.0	334	199	7	1	322	71	388	1.2e-40	163.7
BCW-200194_00718	gnl|TC-DB|B3PY75|1.B.17.3.8	35.0	497	279	5	1	489	1	461	1.1e-71	267.3
BCW-200194_00719	gnl|TC-DB|P0AEJ0|2.A.1.3.2	34.7	493	310	3	22	513	19	500	2.1e-86	316.2
BCW-200194_00720	gnl|TC-DB|Q9RQ30|8.A.1.1.2	45.2	135	72	2	230	362	219	353	8.5e-26	114.4
BCW-200194_00721	gnl|TC-DB|P75788|2.A.45.2.5	83.1	367	62	0	1	367	1	367	3.0e-172	600.9
BCW-200194_00725	gnl|TC-DB|P0A917|1.B.6.2.1	78.9	171	35	1	1	170	1	171	2.4e-71	264.6
BCW-200194_00726	gnl|TC-DB|P0AA67|2.A.7.3.6	84.4	294	46	0	1	294	1	294	1.5e-137	485.3
BCW-200194_00728	gnl|TC-DB|P0AEQ3|3.A.1.3.2	95.6	248	11	0	1	248	1	248	8.4e-134	472.6
BCW-200194_00729	gnl|TC-DB|P0AEQ6|3.A.1.3.2	84.9	219	33	0	1	219	1	219	8.2e-101	362.8
BCW-200194_00730	gnl|TC-DB|P10346|3.A.1.3.2	95.4	240	11	0	1	240	1	240	5.1e-128	453.4
BCW-200194_00731	gnl|TC-DB|P75783|1.A.23.3.2	81.4	727	134	1	1	726	1	727	0.0e+00	1135.2
BCW-200194_00739	gnl|TC-DB|P40739|4.A.1.2.11	48.2	610	313	3	1	608	1	609	4.4e-152	534.6
BCW-200194_00740	gnl|TC-DB|Q86Z14|8.A.49.1.2	25.9	495	293	14	7	490	81	512	5.8e-38	155.2
BCW-200194_00741	gnl|TC-DB|Q86Z14|8.A.49.1.2	27.8	471	282	15	4	460	81	507	5.0e-39	158.7
BCW-200194_00743	gnl|TC-DB|O00571|1.I.1.1.3	42.4	389	202	7	2	369	181	568	2.2e-72	269.6
BCW-200194_00745	gnl|TC-DB|P75777|3.A.1.105.15	64.5	304	108	0	28	331	29	332	4.9e-73	271.2
BCW-200194_00746	gnl|TC-DB|P0A9U1|3.A.1.105.15	87.5	578	72	0	1	578	1	578	4.4e-295	1009.6
BCW-200194_00747	gnl|TC-DB|C6EIY9|3.A.1.105.15	91.8	377	31	0	1	377	1	377	4.8e-189	656.8
BCW-200194_00748	gnl|TC-DB|P0AFP9|3.A.1.105.15	89.9	368	37	0	1	368	1	368	3.2e-182	634.0
BCW-200194_00749	gnl|TC-DB|P0AAW6|9.B.15.1.1	77.6	125	28	0	1	125	1	125	2.3e-51	198.0
BCW-200194_00752	gnl|TC-DB|P75770|4.D.2.4.3	82.3	317	56	0	3	319	2	318	8.6e-147	516.2
BCW-200194_00754	gnl|TC-DB|P0AAC4|1.A.14.2.2	81.3	235	43	1	1	235	1	234	1.4e-98	355.5
BCW-200194_00766	gnl|TC-DB|P22731|3.A.1.4.1	34.0	244	138	5	1	234	5	235	2.0e-31	132.5
BCW-200194_00776	gnl|TC-DB|P09833|3.A.1.8.1	85.2	352	52	0	1	352	1	352	4.5e-173	603.6
BCW-200194_00777	gnl|TC-DB|P0AF01|3.A.1.8.1	93.9	229	14	0	1	229	1	229	2.5e-116	414.5
BCW-200194_00778	gnl|TC-DB|P37329|3.A.1.8.1	84.7	255	39	0	1	255	1	255	1.2e-119	425.6
BCW-200194_00779	gnl|TC-DB|A6T6J1|2.A.6.2.49	74.5	47	12	0	1	47	1	47	7.2e-13	68.6
BCW-200194_00781	gnl|TC-DB|A7BAX2|3.A.1.26.3	27.6	493	290	18	10	471	246	702	1.2e-22	104.4
BCW-200194_00783	gnl|TC-DB|C5KRH7|9.B.149.1.7	32.8	229	140	4	1	221	6	228	5.4e-26	114.4
BCW-200194_00791	gnl|TC-DB|P75757|2.A.4.1.4	74.7	312	75	1	1	308	1	312	5.9e-129	456.8
BCW-200194_00792	gnl|TC-DB|P24520|4.B.1.1.1	87.4	238	30	0	1	238	1	238	5.8e-116	413.3
BCW-200194_00800	gnl|TC-DB|P17583|2.A.1.17.1	34.7	372	238	3	14	381	4	374	2.4e-47	186.0
BCW-200194_00804	gnl|TC-DB|Q47689|2.A.3.1.10	85.7	467	66	1	1	466	1	467	3.4e-229	790.4
BCW-200194_00807	gnl|TC-DB|Q8RCC4|3.A.1.3.27	29.7	232	157	4	41	267	28	258	4.2e-25	111.7
BCW-200194_00808	gnl|TC-DB|P42200|3.A.1.3.14	40.3	196	116	1	20	214	33	228	3.2e-29	125.2
BCW-200194_00809	gnl|TC-DB|A1VZQ3|3.A.1.3.16	35.4	198	128	0	13	210	45	242	1.9e-33	139.0
BCW-200194_00810	gnl|TC-DB|P48243|3.A.1.3.9	55.6	241	106	1	6	245	2	242	1.0e-67	253.1
BCW-200194_00831	gnl|TC-DB|Q58543|1.A.23.4.1	28.4	331	224	6	27	346	23	351	3.6e-32	135.6
BCW-200194_00832	gnl|TC-DB|P0AB67|3.D.2.1.1	94.2	462	27	0	1	462	1	462	6.6e-241	829.3
BCW-200194_00833	gnl|TC-DB|P07001|3.D.2.1.1	90.0	510	50	1	1	509	1	510	9.4e-257	882.1
BCW-200194_00835	gnl|TC-DB|P0AAE5|2.A.3.2.8	86.5	459	62	0	1	459	1	459	2.6e-221	764.2
BCW-200194_00836	gnl|TC-DB|P0ACX0|9.B.72.1.2	77.5	111	25	0	1	111	1	111	8.0e-44	172.6
BCW-200194_00844	gnl|TC-DB|P19642|4.A.1.1.3	81.7	529	97	0	1	529	1	529	2.2e-256	880.9
BCW-200194_00851	gnl|TC-DB|P0A766|3.D.6.1.4	95.3	193	9	0	1	193	1	193	2.3e-94	341.3
BCW-200194_00852	gnl|TC-DB|P77223|3.D.6.1.4	80.7	192	37	0	1	192	1	192	2.9e-73	271.2
BCW-200194_00853	gnl|TC-DB|P77611|3.D.6.1.4	77.7	573	124	1	1	573	1	569	1.0e-235	812.8
BCW-200194_00854	gnl|TC-DB|P76182|3.D.6.1.4	85.1	350	52	0	1	350	1	350	1.6e-175	611.7
BCW-200194_00855	gnl|TC-DB|P77285|3.D.6.1.4	83.5	206	34	0	1	206	1	206	4.3e-99	357.1
BCW-200194_00856	gnl|TC-DB|P77179|3.D.6.1.4	91.9	222	17	1	1	221	1	222	3.7e-107	384.0
BCW-200194_00859	gnl|TC-DB|P77304|2.A.17.1.2	86.2	501	67	2	1	500	1	500	8.1e-245	842.4
BCW-200194_00868	gnl|TC-DB|G4PZW1|8.A.48.1.1	66.7	78	26	0	1	78	1	78	9.0e-26	112.1
BCW-200194_00869	gnl|TC-DB|P46482|8.A.1.7.1	37.3	276	172	1	11	286	14	288	2.6e-46	182.2
BCW-200194_00870	gnl|TC-DB|Q8ZPN4|2.A.85.1.5	78.0	669	147	0	1	669	1	669	4.3e-302	1033.1
BCW-200194_00872	gnl|TC-DB|P76187|8.A.5.1.7	88.9	298	33	0	1	298	1	298	1.6e-155	545.0
BCW-200194_00881	gnl|TC-DB|P77389|2.A.1.2.65	89.1	387	42	0	1	387	1	387	4.0e-183	637.1
BCW-200194_00883	gnl|TC-DB|Q0HIQ8|3.A.1.2.14	25.9	232	155	8	58	277	21	247	6.5e-12	68.2
BCW-200194_00885	gnl|TC-DB|P37597|2.A.1.2.62	77.8	383	83	1	1	381	1	383	6.0e-166	580.1
BCW-200194_00888	gnl|TC-DB|P37340|2.A.66.1.3	85.1	457	68	0	36	492	1	457	1.2e-216	748.8
BCW-200194_00892	gnl|TC-DB|P39180|1.B.12.8.2	44.3	506	241	13	1515	1996	551	1039	4.7e-102	370.2
BCW-200194_00900	gnl|TC-DB|Q5HGY5|3.A.1.11.8	29.3	232	142	8	1	228	4	217	1.0e-14	77.0
BCW-200194_00910	gnl|TC-DB|B1LE48|2.A.86.2.1	76.8	366	84	1	1	365	1	366	2.0e-155	545.0
BCW-200194_00914	gnl|TC-DB|P75683|2.A.2.3.5	54.6	441	200	0	7	447	4	444	1.3e-140	496.1
BCW-200194_00915	gnl|TC-DB|Q9HY55|4.A.2.1.17	26.3	429	243	10	383	791	552	927	8.3e-26	115.5
BCW-200194_00923	gnl|TC-DB|P06611|3.A.1.13.1	67.9	246	79	0	1	246	1	246	1.7e-94	342.0
BCW-200194_00925	gnl|TC-DB|P06609|3.A.1.13.1	82.2	326	58	0	11	336	1	326	1.3e-150	528.9
BCW-200194_00937	gnl|TC-DB|P76206|1.B.75.1.3	79.8	252	50	1	1	251	1	252	3.2e-117	417.5
BCW-200194_00945	gnl|TC-DB|P77529|2.A.23.1.8	87.2	462	59	0	1	462	1	462	3.5e-218	753.8
BCW-200194_00963	gnl|TC-DB|Q07711|3.A.7.7.1	29.9	636	407	17	3	627	4	611	3.3e-73	272.7
BCW-200194_00974	gnl|TC-DB|P80874|8.A.5.1.4	34.9	212	116	7	17	215	16	218	6.2e-24	107.8
BCW-200194_00975	gnl|TC-DB|P0A908|9.B.99.1.2	69.4	248	76	0	13	260	1	248	6.5e-105	376.7
BCW-200194_00978	gnl|TC-DB|P39580|2.A.50.2.1	30.7	336	197	14	58	369	65	388	9.6e-33	137.5
BCW-200194_00979	gnl|TC-DB|P31552|4.C.1.1.6	27.9	369	219	13	128	470	169	516	3.4e-14	76.3
BCW-200194_00986	gnl|TC-DB|P0AFT2|3.A.1.3.10	31.8	217	131	6	1	214	1	203	9.5e-15	77.0
BCW-200194_00987	gnl|TC-DB|Q8YPM8|3.A.1.3.18	37.1	186	106	3	56	234	116	297	6.5e-25	110.9
BCW-200194_00988	gnl|TC-DB|Q9F3K7|3.A.1.3.24	53.3	244	105	2	29	263	10	253	4.8e-66	247.7
BCW-200194_00989	gnl|TC-DB|Q8RCC4|3.A.1.3.27	33.1	254	155	7	15	257	9	258	1.4e-25	113.2
BCW-200194_00991	gnl|TC-DB|P76242|2.A.1.17.3	76.8	384	89	0	9	392	9	392	3.3e-161	564.3
BCW-200194_01001	gnl|TC-DB|M3JA40|1.B.52.2.1	35.1	171	76	3	347	482	278	448	2.4e-15	80.1
BCW-200194_01005	gnl|TC-DB|P76249|2.A.76.1.5	74.5	212	54	0	1	212	1	212	6.1e-85	310.1
BCW-200194_01008	gnl|TC-DB|P19934|2.C.1.2.1	64.6	82	29	0	60	141	340	421	9.6e-26	112.8
BCW-200194_01022	gnl|TC-DB|P22340|1.B.3.1.2	73.2	418	112	0	88	505	88	505	5.6e-193	670.2
BCW-200194_01023	gnl|TC-DB|P08470|4.A.1.2.1	88.4	456	53	0	1	456	1	456	2.2e-225	777.7
BCW-200194_01028	gnl|TC-DB|Q9F9Z3|1.C.107.1.5	43.6	2424	1147	36	1	2376	123	2374	0.0e+00	1699.5
BCW-200194_01029	gnl|TC-DB|Q9F9Z3|1.C.107.1.5	43.6	202	109	2	13	210	795	995	5.9e-33	137.5
BCW-200194_01035	gnl|TC-DB|O54370|3.A.1.20.1	42.2	308	173	3	4	306	5	312	5.4e-64	241.1
BCW-200194_01041	gnl|TC-DB|P0AAP1|9.B.34.1.2	34.5	177	111	3	287	462	197	369	2.1e-21	100.1
BCW-200194_01046	gnl|TC-DB|P0AF52|2.A.40.7.5	94.7	449	24	0	1	449	1	449	7.8e-223	769.2
BCW-200194_01047	gnl|TC-DB|P32703|2.A.36.3.1	92.5	546	41	0	1	546	1	546	1.5e-276	948.0
BCW-200194_01049	gnl|TC-DB|E7UC95|1.E.14.1.9	78.2	133	29	0	1	133	1	133	4.0e-53	203.8
BCW-200194_01050	gnl|TC-DB|P60643|2.A.122.1.3	27.7	220	158	1	11	229	14	233	4.5e-17	84.7
BCW-200194_01052	gnl|TC-DB|P32705|2.A.21.7.2	90.3	549	53	0	1	549	1	549	7.5e-276	945.7
BCW-200194_01053	gnl|TC-DB|P0AF54|9.B.136.1.1	78.0	100	22	0	4	103	5	104	1.1e-39	158.7
BCW-200194_01054	gnl|TC-DB|P31552|4.C.1.1.6	23.8	529	369	15	90	616	21	517	7.3e-28	122.1
BCW-200194_01055	gnl|TC-DB|P21345|2.A.23.1.1	93.8	437	27	0	1	437	1	437	2.4e-221	764.2
BCW-200194_01060	gnl|TC-DB|O34416|2.A.7.3.29	25.7	292	195	8	9	292	5	282	9.1e-18	87.4
BCW-200194_01063	gnl|TC-DB|P07658|3.D.1.9.2	93.7	558	35	0	1	558	157	714	0.0e+00	1088.9
BCW-200194_01064	gnl|TC-DB|P07658|3.D.1.9.2	95.7	139	6	0	1	139	1	139	5.8e-76	279.6
BCW-200194_01069	gnl|TC-DB|Q9F9B2|3.A.1.2.7	33.4	296	170	11	3	276	1	291	5.8e-23	104.8
BCW-200194_01070	gnl|TC-DB|A6VKS9|3.A.1.2.13	46.7	306	154	6	26	325	13	315	3.5e-58	221.9
BCW-200194_01071	gnl|TC-DB|G4FGN3|3.A.1.2.20	45.6	493	265	3	5	496	3	493	1.5e-124	443.0
BCW-200194_01072	gnl|TC-DB|Q9HV74|2.A.21.9.1	33.8	272	150	10	468	727	726	979	3.4e-25	113.6
BCW-200194_01078	gnl|TC-DB|P37774|3.A.1.3.10	33.0	224	135	7	1	220	1	213	1.9e-23	105.9
BCW-200194_01079	gnl|TC-DB|Q97VF5|3.A.1.5.9	38.0	255	148	3	5	249	45	299	1.2e-39	159.8
BCW-200194_01089	gnl|TC-DB|P15701|2.A.10.1.1	70.7	331	90	2	1	324	1	331	4.7e-116	414.1
BCW-200194_01090	gnl|TC-DB|P0C0L7|2.A.1.6.4	92.8	459	33	0	1	459	1	459	4.3e-246	846.7
BCW-200194_01091	gnl|TC-DB|D7A5Z9|2.A.113.1.7	28.9	273	176	9	56	318	45	309	4.3e-16	82.0
BCW-200194_01103	gnl|TC-DB|P36655|5.A.1.1.1	80.8	568	101	3	1	563	1	565	4.5e-260	893.3
BCW-200194_01105	gnl|TC-DB|P0ABN5|2.A.13.1.1	62.7	434	160	2	1	433	1	433	4.5e-143	504.2
BCW-200194_01108	gnl|TC-DB|P39277|2.A.3.13.1	76.6	411	95	1	1	410	1	411	3.0e-176	614.4
BCW-200194_01113	gnl|TC-DB|M3JA40|1.B.52.2.1	51.2	80	39	0	353	432	287	366	1.1e-13	74.7
BCW-200194_01117	gnl|TC-DB|P0ADB7|9.B.13.1.1	95.8	48	2	0	1	48	1	48	9.5e-18	84.7
BCW-200194_01119	gnl|TC-DB|D5CES3|2.A.7.1.10	84.8	105	16	0	1	105	1	105	8.4e-43	169.1
BCW-200194_01123	gnl|TC-DB|P17596|3.D.10.1.3	30.8	224	138	6	7	219	5	222	3.3e-26	115.2
BCW-200194_01124	gnl|TC-DB|X5H3P0|3.D.10.1.6	40.6	603	311	14	7	581	14	597	1.3e-111	400.2
BCW-200194_01126	gnl|TC-DB|P39285|1.A.23.1.3	81.8	1110	199	2	1	1110	1	1107	0.0e+00	1692.9
BCW-200194_01127	gnl|TC-DB|B0SM05|2.A.25.1.6	37.7	260	150	5	27	282	468	719	1.9e-43	172.9
BCW-200194_01137	gnl|TC-DB|Q9KN48|3.A.23.1.1	35.7	300	172	7	255	542	164	454	2.6e-40	163.3
BCW-200194_01139	gnl|TC-DB|C4ZZU4|2.A.1.14.40	60.5	433	169	1	14	444	13	445	2.6e-157	551.6
BCW-200194_01146	gnl|TC-DB|P39414|2.A.47.3.3	51.2	473	231	0	5	477	13	485	2.7e-136	481.9
BCW-200194_01165	gnl|TC-DB|A8YQR5|3.A.23.2.1	36.6	505	310	7	5	506	12	509	6.1e-85	312.0
BCW-200194_01168	gnl|TC-DB|Q6EE14|3.A.23.2.1	52.3	855	404	2	9	863	8	858	1.3e-242	835.9
BCW-200194_01170	gnl|TC-DB|Q6EE16|3.A.23.2.1	34.3	630	383	12	4	622	3	612	3.8e-90	328.9
BCW-200194_01181	gnl|TC-DB|Q6EE20|3.A.23.2.1	50.6	466	222	3	33	493	28	490	4.0e-135	478.0
BCW-200194_01182	gnl|TC-DB|Q6EE21|3.A.23.2.1	42.4	172	93	2	4	174	3	169	5.8e-33	137.1
BCW-200194_01185	gnl|TC-DB|Q9KN45|3.A.23.1.1	25.9	1215	780	30	20	1193	31	1166	1.6e-92	337.8
BCW-200194_01186	gnl|TC-DB|Q9KN50|3.A.23.1.1	34.5	226	140	5	18	238	33	255	3.1e-32	136.0
BCW-200194_01187	gnl|TC-DB|Q9KN51|3.A.23.1.1	35.5	440	282	2	6	444	6	444	4.3e-80	295.0
BCW-200194_01191	gnl|TC-DB|A6TAG3|1.E.43.1.1	65.9	82	27	1	1	82	1	81	9.7e-26	112.1
BCW-200194_01195	gnl|TC-DB|P76007|2.A.36.6.11	88.7	577	65	0	1	577	1	577	1.1e-288	988.4
BCW-200194_01200	gnl|TC-DB|P0A6M2|5.A.2.1.1	80.7	176	34	0	1	176	1	176	1.3e-85	312.0
BCW-200194_01209	gnl|TC-DB|P69451|4.C.1.1.4	90.9	561	51	0	23	583	1	561	1.3e-305	1044.6
BCW-200194_01219	gnl|TC-DB|L5DDD7|2.A.109.2.3	50.8	522	237	9	1	509	370	884	2.4e-122	435.6
BCW-200194_01220	gnl|TC-DB|P69797|4.A.6.1.1	90.5	325	24	2	1	320	1	323	7.7e-156	546.2
BCW-200194_01221	gnl|TC-DB|P69801|4.A.6.1.1	91.7	266	21	1	1	265	1	266	1.5e-125	445.3
BCW-200194_01222	gnl|TC-DB|P69805|4.A.6.1.1	93.6	283	18	0	1	283	4	286	1.5e-150	528.5
BCW-200194_01224	gnl|TC-DB|P76264|2.A.107.1.1	83.9	186	30	0	1	186	1	186	9.0e-88	319.3
BCW-200194_01231	gnl|TC-DB|P76269|2.A.1.3.17	80.4	455	89	0	1	455	1	455	1.8e-198	688.3
BCW-200194_01232	gnl|TC-DB|P23894|9.B.1.1.6	92.2	293	23	0	1	293	1	293	6.0e-147	516.5
BCW-200194_01233	gnl|TC-DB|P23865|9.B.174.1.2	90.0	682	68	0	1	682	1	682	0.0e+00	1208.7
BCW-200194_01244	gnl|TC-DB|P76278|9.B.62.1.4	51.8	222	106	1	1	221	69	290	1.1e-57	219.5
BCW-200194_01259	gnl|TC-DB|B7L5V2|1.A.34.1.3	39.5	210	121	2	203	412	14	217	2.4e-38	156.4
BCW-200194_01260	gnl|TC-DB|P39172|3.A.1.15.5	80.3	314	58	1	1	314	1	310	5.1e-128	453.8
BCW-200194_01261	gnl|TC-DB|P0A9X1|3.A.1.15.5	86.5	251	34	0	1	251	1	251	7.9e-124	439.5
BCW-200194_01262	gnl|TC-DB|P39832|3.A.1.15.5	92.3	261	20	0	1	261	1	261	1.7e-113	405.2
BCW-200194_01276	gnl|TC-DB|P67826|9.B.158.1.2	68.3	246	78	0	1	246	1	246	7.6e-95	343.2
BCW-200194_01280	gnl|TC-DB|Q6D188|2.A.2.5.2	83.4	513	85	0	1	513	1	513	6.3e-248	852.8
BCW-200194_01282	gnl|TC-DB|P40729|3.A.6.2.1	93.6	692	44	0	1	692	1	692	0.0e+00	1233.8
BCW-200194_01283	gnl|TC-DB|P40727|3.A.6.2.1	77.3	383	87	0	1	383	1	383	1.5e-174	608.6
BCW-200194_01289	gnl|TC-DB|M3JA40|1.B.52.2.1	35.3	139	76	2	362	486	293	431	2.8e-12	70.1
BCW-200194_01292	gnl|TC-DB|P0AF06|1.A.30.1.1	88.4	267	30	1	1	267	1	266	1.8e-133	471.9
BCW-200194_01293	gnl|TC-DB|P09348|1.A.30.1.1	91.2	295	26	0	1	295	1	295	1.7e-146	515.0
BCW-200194_01299	gnl|TC-DB|P0AE26|3.A.1.2.2	91.2	328	27	1	1	326	1	328	1.7e-147	518.5
BCW-200194_01300	gnl|TC-DB|P0AAF3|3.A.1.2.2	89.7	504	52	0	1	504	1	504	6.4e-266	912.5
BCW-200194_01301	gnl|TC-DB|P02924|3.A.1.2.2	91.1	326	29	0	1	326	1	326	1.1e-173	605.5
BCW-200194_01304	gnl|TC-DB|P31474|2.A.1.3.51	33.0	467	308	3	8	474	4	465	3.5e-72	268.9
BCW-200194_01310	gnl|TC-DB|P0AAD4|2.A.42.1.1	83.9	403	65	0	1	403	1	403	3.0e-189	657.5
BCW-200194_01314	gnl|TC-DB|K0WKG7|4.F.1.1.8	58.9	175	68	2	4	175	2	175	5.5e-50	193.7
BCW-200194_01319	gnl|TC-DB|P37774|3.A.1.3.10	92.8	250	18	0	1	250	1	250	7.6e-127	449.5
BCW-200194_01320	gnl|TC-DB|P0AFT2|3.A.1.3.10	92.3	222	17	0	1	222	1	222	1.9e-108	388.3
BCW-200194_01322	gnl|TC-DB|P0AEM9|3.A.1.3.10	90.6	255	24	0	1	255	12	266	1.7e-129	458.4
BCW-200194_01330	gnl|TC-DB|Q50864|4.D.1.3.4	33.3	414	263	7	421	828	392	798	3.9e-51	200.3
BCW-200194_01335	gnl|TC-DB|Q0PBV6|9.A.40.2.2	24.1	423	315	4	5	424	26	445	5.3e-38	155.2
BCW-200194_01337	gnl|TC-DB|P0ADE4|1.B.33.2.4	86.0	577	81	0	1	577	1	577	1.7e-299	1024.2
BCW-200194_01338	gnl|TC-DB|P39321|9.B.22.1.2	84.1	1259	199	1	1	1258	1	1259	0.0e+00	2152.1
BCW-200194_01342	gnl|TC-DB|P39325|3.A.1.2.25	94.3	318	18	0	1	318	1	318	1.3e-166	582.0
BCW-200194_01343	gnl|TC-DB|Q6BEX0|3.A.1.2.25	92.6	500	37	0	7	506	1	500	1.3e-263	904.8
BCW-200194_01344	gnl|TC-DB|P39328|3.A.1.2.25	88.2	340	40	0	1	340	2	341	1.3e-158	555.4
BCW-200194_01345	gnl|TC-DB|P37772|3.A.1.2.25	95.1	327	16	0	1	327	1	327	1.5e-167	585.1
BCW-200194_01346	gnl|TC-DB|M3JA40|1.B.52.2.1	46.5	99	53	0	324	422	253	351	1.6e-14	77.4
BCW-200194_01371	gnl|TC-DB|Q05839|8.A.9.1.1	31.6	525	289	12	7	504	109	590	1.3e-70	263.8
BCW-200194_01372	gnl|TC-DB|P36672|4.A.1.2.4	85.4	472	69	0	1	472	2	473	7.7e-237	815.8
BCW-200194_01374	gnl|TC-DB|P36640|3.A.3.4.1	85.7	902	129	0	1	902	1	902	0.0e+00	1538.5
BCW-200194_01380	gnl|TC-DB|Q11G42|2.A.118.1.2	62.6	465	173	1	3	466	12	476	9.2e-158	553.1
BCW-200194_01393	gnl|TC-DB|P0AF98|1.B.42.1.2	86.1	366	51	0	1	366	1	366	9.3e-174	605.9
BCW-200194_01394	gnl|TC-DB|P0ADC6|1.B.42.1.2	92.2	360	28	0	1	360	1	360	6.6e-188	652.9
BCW-200194_01415	gnl|TC-DB|Q9KW03|9.A.33.1.1	44.4	160	84	1	2	156	5	164	1.2e-31	133.7
BCW-200194_01441	gnl|TC-DB|P0AC02|1.B.33.1.3	91.0	245	22	0	1	245	1	245	1.4e-128	455.3
BCW-200194_01444	gnl|TC-DB|Q9FI56|3.A.9.1.2	45.9	865	385	12	12	856	106	907	1.3e-205	713.0
BCW-200194_01458	gnl|TC-DB|B8F5K7|4.D.1.3.2	48.8	244	123	2	5	246	4	247	2.3e-62	235.3
BCW-200194_01462	gnl|TC-DB|P75905|4.D.1.1.3	37.8	98	60	1	1	97	71	168	2.8e-12	69.3
BCW-200194_01473	gnl|TC-DB|B7LEG0|1.A.34.1.2	39.5	119	67	3	302	419	262	376	6.4e-17	85.1
BCW-200194_01483	gnl|TC-DB|P33231|2.A.14.1.1	91.3	551	48	0	1	551	1	551	8.5e-288	985.3
BCW-200194_01487	gnl|TC-DB|P00550|4.A.2.1.2	90.5	633	60	0	1	633	1	633	0.0e+00	1115.9
BCW-200194_01492	gnl|TC-DB|P0AAK3|3.D.1.9.2	43.4	175	60	4	1	143	1	168	1.5e-32	135.6
BCW-200194_01497	gnl|TC-DB|P0AGI4|3.A.1.2.4	86.7	392	52	0	1	392	1	392	2.7e-179	624.4
BCW-200194_01498	gnl|TC-DB|P37388|3.A.1.2.4	89.9	513	52	0	1	513	1	513	9.1e-268	918.7
BCW-200194_01499	gnl|TC-DB|P37387|3.A.1.2.4	88.5	330	38	0	1	330	1	330	9.3e-165	575.9
BCW-200194_01504	gnl|TC-DB|P37669|9.B.97.1.1	80.4	331	65	0	1	331	1	331	1.7e-153	538.5
BCW-200194_01511	gnl|TC-DB|Q53712|3.A.1.120.3	31.8	516	299	13	39	522	62	556	5.6e-42	168.7
BCW-200194_01515	gnl|TC-DB|Q9RPP3|2.A.1.14.8	26.3	426	292	9	11	422	31	448	7.9e-39	157.9
BCW-200194_01519	gnl|TC-DB|P20099|5.A.3.4.3	83.8	777	125	1	1	776	1	777	0.0e+00	1388.2
BCW-200194_01523	gnl|TC-DB|P37662|2.A.1.11.3	88.0	399	48	0	1	399	1	399	3.2e-167	584.3
BCW-200194_01527	gnl|TC-DB|P33950|3.A.1.5.27	55.1	517	231	1	19	535	30	545	2.4e-170	595.1
BCW-200194_01528	gnl|TC-DB|W0WN20|3.A.1.5.39	66.1	339	112	1	1	339	1	336	2.0e-125	445.3
BCW-200194_01529	gnl|TC-DB|W0WMS8|3.A.1.5.39	55.1	283	127	0	17	299	18	300	1.0e-85	313.2
BCW-200194_01530	gnl|TC-DB|P45095|3.A.1.5.27	75.1	325	80	1	1	325	1	324	2.3e-139	491.5
BCW-200194_01531	gnl|TC-DB|P45094|3.A.1.5.27	76.7	326	75	1	3	327	2	327	5.1e-142	500.4
BCW-200194_01534	gnl|TC-DB|P37653|4.D.3.1.6	45.5	677	348	7	8	673	154	820	4.1e-170	594.7
BCW-200194_01535	gnl|TC-DB|P37652|4.D.3.1.6	28.3	764	502	19	16	757	39	778	2.3e-73	273.5
BCW-200194_01536	gnl|TC-DB|P37650|1.B.55.3.1	31.6	288	182	6	1041	1322	857	1135	1.4e-30	132.1
BCW-200194_01544	gnl|TC-DB|P37653|4.D.3.1.6	86.3	863	118	0	1	863	1	863	0.0e+00	1552.3
BCW-200194_01545	gnl|TC-DB|P37652|4.D.3.1.6	77.6	784	161	2	1	784	11	779	0.0e+00	1241.5
BCW-200194_01546	gnl|TC-DB|P37651|4.D.3.1.6	73.0	367	99	0	1	367	1	367	2.9e-167	584.3
BCW-200194_01547	gnl|TC-DB|P37650|1.B.55.3.1	68.4	1162	362	3	1	1162	1	1157	0.0e+00	1457.2
BCW-200194_01549	gnl|TC-DB|P0A830|2.A.23.1.7	92.1	428	34	0	1	428	1	428	3.8e-211	730.3
BCW-200194_01553	gnl|TC-DB|P37645|9.B.121.1.1	83.4	685	112	1	1	683	1	685	0.0e+00	1155.6
BCW-200194_01554	gnl|TC-DB|P37643|2.A.1.6.10	90.2	440	41	1	1	438	1	440	1.0e-219	758.8
BCW-200194_01555	gnl|TC-DB|P37642|9.B.126.1.1	77.7	341	70	1	1	341	1	335	1.5e-149	525.4
BCW-200194_01572	gnl|TC-DB|P0AAG3|3.A.1.3.4	82.6	241	42	0	1	241	1	241	2.9e-107	384.4
BCW-200194_01573	gnl|TC-DB|P0AER5|3.A.1.3.4	91.9	223	18	0	1	223	1	223	4.2e-108	387.1
BCW-200194_01574	gnl|TC-DB|P0AER3|3.A.1.3.4	88.2	246	29	0	1	246	1	246	4.3e-122	433.7
BCW-200194_01575	gnl|TC-DB|P37902|3.A.1.3.4	86.4	308	36	1	1	308	1	302	1.9e-148	521.5
BCW-200194_01577	gnl|TC-DB|P0A2L3|9.A.40.1.2	94.9	292	15	0	24	315	1	292	4.4e-156	547.0
BCW-200194_01595	gnl|TC-DB|P09323|4.A.1.1.2	57.3	677	253	9	1	671	1	647	2.1e-187	652.1
BCW-200194_01598	gnl|TC-DB|P75733|1.B.25.1.13	87.8	468	54	3	1	465	1	468	3.7e-252	866.7
BCW-200194_01606	gnl|TC-DB|Q9V003|2.A.7.2.2	50.4	141	66	1	1	141	1	137	4.3e-26	114.0
BCW-200194_01609	gnl|TC-DB|P03961|3.A.3.7.1	66.3	190	64	0	1	190	1	190	1.1e-64	242.7
BCW-200194_01610	gnl|TC-DB|P03960|3.A.3.7.1	89.4	682	72	0	1	682	1	682	0.0e+00	1149.0
BCW-200194_01611	gnl|TC-DB|P03959|3.A.3.7.1	82.7	556	96	0	1	556	1	556	2.0e-260	894.4
BCW-200194_01623	gnl|TC-DB|X5H3P0|3.D.10.1.6	53.5	589	264	6	7	588	12	597	3.3e-173	604.7
BCW-200194_01624	gnl|TC-DB|X5GWN5|3.D.10.1.6	51.3	234	107	5	4	236	27	254	2.0e-68	255.4
BCW-200194_01630	gnl|TC-DB|A8GHT9|2.A.1.36.2	56.2	388	170	0	9	396	21	408	9.1e-98	353.6
BCW-200194_01631	gnl|TC-DB|P0ABJ9|3.D.4.3.2	92.1	522	41	0	1	522	1	522	4.3e-281	963.0
BCW-200194_01632	gnl|TC-DB|P0ABK2|3.D.4.3.2	87.3	379	48	0	1	379	1	379	3.2e-193	670.6
BCW-200194_01633	gnl|TC-DB|P56100|9.B.85.1.1	86.1	36	5	0	1	36	1	36	2.7e-12	66.2
BCW-200194_01634	gnl|TC-DB|P0AAV0|8.A.79.1.1	79.2	96	20	0	1	96	1	96	4.2e-41	163.3
BCW-200194_01636	gnl|TC-DB|P0ABU9|1.A.30.2.2	95.6	229	10	0	1	229	1	229	1.5e-116	415.2
BCW-200194_01637	gnl|TC-DB|P0ABV8|1.A.30.2.2	87.3	142	18	0	1	142	1	142	4.7e-65	243.4
BCW-200194_01638	gnl|TC-DB|P19934|2.C.1.2.1	88.1	126	15	0	295	420	296	421	1.3e-46	183.7
BCW-200194_01639	gnl|TC-DB|P0A855|2.C.1.2.1	94.7	430	23	0	1	430	1	430	2.1e-148	521.9
BCW-200194_01640	gnl|TC-DB|C6EJJ6|2.C.1.2.1	91.9	173	11	1	1	170	1	173	1.2e-83	305.4
BCW-200194_01641	gnl|TC-DB|P45955|2.C.1.2.1	82.6	195	29	1	1	195	1	190	9.5e-67	250.0
BCW-200194_01649	gnl|TC-DB|P39836|2.A.28.3.4	87.5	329	41	0	1	329	1	329	1.0e-155	545.8
BCW-200194_01653	gnl|TC-DB|P0A6J3|2.A.121.1.1	84.6	253	39	0	1	253	1	253	4.4e-130	460.3
BCW-200194_01655	gnl|TC-DB|P0AA04|8.A.8.1.1	96.5	85	3	0	1	85	1	85	2.7e-39	157.1
BCW-200194_01656	gnl|TC-DB|P08839|8.A.7.1.1	94.8	575	30	0	1	575	1	575	3.0e-304	1040.0
BCW-200194_01657	gnl|TC-DB|P69783|4.A.1.1.1	97.6	169	4	0	1	169	1	169	8.1e-88	319.3
BCW-200194_01660	gnl|TC-DB|P16676|3.A.1.6.1	93.7	365	22	1	1	364	1	365	8.6e-196	679.1
BCW-200194_01661	gnl|TC-DB|P0AEB0|3.A.1.6.1	90.4	291	28	0	1	291	1	291	7.0e-148	519.6
BCW-200194_01662	gnl|TC-DB|P16701|3.A.1.6.1	95.2	269	13	0	1	269	9	277	2.5e-139	491.1
BCW-200194_01663	gnl|TC-DB|P16700|3.A.1.6.1	92.0	337	27	0	1	337	1	337	7.3e-181	629.4
BCW-200194_01666	gnl|TC-DB|P76538|9.B.127.1.1	73.6	144	38	0	1	144	1	144	5.7e-61	229.9
BCW-200194_01676	gnl|TC-DB|P23481|3.D.1.9.1	35.4	206	98	3	1	176	1	201	5.6e-28	122.5
BCW-200194_01678	gnl|TC-DB|P24177|2.A.6.2.7	90.0	1037	104	0	1	1037	1	1037	0.0e+00	1799.3
BCW-200194_01687	gnl|TC-DB|P0A903|1.B.33.1.3	87.2	344	44	0	1	344	1	344	8.2e-172	599.4
BCW-200194_01691	gnl|TC-DB|P23481|3.D.1.9.1	63.1	206	75	1	1	206	1	205	6.6e-76	280.0
BCW-200194_01692	gnl|TC-DB|P23482|3.D.1.9.1	66.7	673	223	1	1	673	1	672	7.0e-252	866.3
BCW-200194_01693	gnl|TC-DB|P77858|3.D.1.9.1	79.7	306	62	0	10	315	10	315	3.8e-131	464.2
BCW-200194_01694	gnl|TC-DB|P77416|3.D.1.9.1	77.2	478	109	0	1	478	1	478	9.6e-203	702.6
BCW-200194_01695	gnl|TC-DB|P0AEW1|3.D.1.9.1	78.2	216	47	0	1	216	1	216	5.9e-83	303.5
BCW-200194_01696	gnl|TC-DB|P77437|3.D.1.9.1	77.0	526	119	2	1	525	1	525	7.5e-217	749.6
BCW-200194_01697	gnl|TC-DB|P77329|3.D.1.9.1	86.0	570	64	1	6	575	2	555	1.0e-299	1025.0
BCW-200194_01698	gnl|TC-DB|P77423|3.D.1.9.1	73.5	166	44	0	1	166	1	166	6.3e-54	206.8
BCW-200194_01699	gnl|TC-DB|P77668|3.D.1.9.1	74.1	251	62	2	7	257	4	251	1.4e-104	375.6
BCW-200194_01701	gnl|TC-DB|Q9KN48|3.A.23.1.1	32.7	465	291	7	201	643	63	527	2.6e-54	209.9
BCW-200194_01702	gnl|TC-DB|P0AC23|1.A.16.1.1	67.5	286	91	2	1	285	1	285	4.5e-107	384.0
BCW-200194_01704	gnl|TC-DB|P0A754|2.A.37.1.1	31.0	216	97	8	3	216	2	167	2.0e-16	82.8
BCW-200194_01707	gnl|TC-DB|Q01674|1.B.14.1.17	42.9	672	364	6	37	697	48	710	5.7e-164	574.3
BCW-200194_01708	gnl|TC-DB|P77272|4.A.1.2.7	67.4	479	149	5	1	478	1	473	1.6e-173	605.5
BCW-200194_01731	gnl|TC-DB|D2YRH2|9.A.5.4.1	39.8	244	117	5	1	226	1	232	6.4e-40	160.6
BCW-200194_01732	gnl|TC-DB|B2A7R4|9.B.156.1.2	51.4	142	69	0	14	155	16	157	1.5e-35	145.6
BCW-200194_01740	gnl|TC-DB|P94400|9.B.10.1.1	28.5	312	174	9	1	272	1	303	3.4e-23	105.5
BCW-200194_01742	gnl|TC-DB|Q8ZJY5|2.A.114.1.10	92.9	717	50	1	1	717	1	716	0.0e+00	1317.8
BCW-200194_01743	gnl|TC-DB|M3JA40|1.B.52.2.1	29.8	178	111	2	354	517	283	460	3.5e-15	79.7
BCW-200194_01753	gnl|TC-DB|Q8FA71|2.A.79.2.1	83.3	258	41	1	1	258	22	277	6.5e-121	429.9
BCW-200194_01757	gnl|TC-DB|Q9KSH4|4.A.3.2.6	50.6	425	206	1	8	432	7	427	2.5e-120	428.7
BCW-200194_01759	gnl|TC-DB|P0AAP1|9.B.34.1.2	33.5	179	106	4	162	333	198	370	1.4e-22	103.6
BCW-200194_01782	gnl|TC-DB|P24518|4.B.1.1.1	88.2	407	48	0	1	407	1	407	1.7e-216	748.0
BCW-200194_01784	gnl|TC-DB|P43672|3.A.1.120.6	33.8	512	328	6	21	527	18	523	2.7e-76	282.7
BCW-200194_01801	gnl|TC-DB|P30143|2.A.25.1.10	62.6	473	177	0	1	473	1	473	3.4e-168	587.8
BCW-200194_01804	gnl|TC-DB|Q5ZYB5|3.A.7.9.1	33.0	415	268	5	10	419	2	411	7.0e-51	198.0
BCW-200194_01805	gnl|TC-DB|P0AC98|2.A.96.1.1	86.2	188	26	0	1	188	1	188	9.6e-90	325.9
BCW-200194_01806	gnl|TC-DB|P0A6Y8|1.A.33.1.2	95.6	638	27	1	1	637	1	638	0.0e+00	1158.7
BCW-200194_01808	gnl|TC-DB|P13738|2.A.33.1.1	72.4	384	106	0	1	384	1	384	3.4e-150	527.7
BCW-200194_01813	gnl|TC-DB|B8I766|9.B.105.1.5	34.0	144	86	4	13	153	2	139	1.3e-13	72.8
BCW-200194_01822	gnl|TC-DB|P0A754|2.A.37.1.1	86.4	176	24	0	1	176	1	176	3.4e-97	350.5
BCW-200194_01823	gnl|TC-DB|P03819|2.A.37.1.1	84.5	620	96	0	1	620	1	620	9.0e-286	978.8
BCW-200194_01830	gnl|TC-DB|P31554|1.B.42.1.2	80.9	784	146	3	9	788	1	784	0.0e+00	1347.0
BCW-200194_01841	gnl|TC-DB|P31548|3.A.1.19.1	78.4	232	50	0	1	232	1	232	3.7e-99	357.5
BCW-200194_01842	gnl|TC-DB|P31549|3.A.1.19.1	85.6	536	77	0	1	536	1	536	1.3e-256	881.7
BCW-200194_01843	gnl|TC-DB|P31550|3.A.1.19.1	86.5	326	44	0	1	326	1	326	6.8e-168	586.3
BCW-200194_01846	gnl|TC-DB|P31675|2.A.1.20.1	84.7	392	60	0	1	392	1	392	3.4e-182	634.0
BCW-200194_01862	gnl|TC-DB|P0A6W3|9.B.146.1.6	97.8	360	8	0	1	360	1	360	1.8e-201	698.0
BCW-200194_01864	gnl|TC-DB|P0ABG4|2.A.103.1.1	86.4	412	56	0	1	412	1	412	3.4e-204	707.2
BCW-200194_01873	gnl|TC-DB|P10408|3.A.5.1.1	92.3	900	69	0	1	900	1	900	0.0e+00	1598.9
BCW-200194_01879	gnl|TC-DB|Q8VRL3|3.A.11.1.3	31.1	328	224	2	66	392	108	434	7.4e-39	157.9
BCW-200194_01880	gnl|TC-DB|P22608|3.A.15.2.1	47.7	384	195	3	80	457	180	563	7.6e-96	347.4
BCW-200194_01884	gnl|TC-DB|P0AE14|9.B.125.1.1	81.7	284	52	0	1	284	1	284	7.6e-131	463.0
BCW-200194_01886	gnl|TC-DB|P31435|2.A.2.3.4	44.6	455	249	3	5	458	6	458	4.3e-115	411.4
BCW-200194_01887	gnl|TC-DB|P15993|2.A.3.1.3	91.7	456	38	0	1	456	2	457	6.1e-239	822.8
BCW-200194_01898	gnl|TC-DB|P0AA95|8.A.2.1.3	91.3	115	10	0	1	115	1	115	1.1e-56	215.3
BCW-200194_01899	gnl|TC-DB|P36649|1.B.76.1.8	73.9	551	104	2	1	546	1	516	4.3e-231	797.0
BCW-200194_01902	gnl|TC-DB|Q8F8H7|2.A.53.3.8	46.6	193	102	1	2	193	539	731	1.3e-53	206.1
BCW-200194_01903	gnl|TC-DB|P36879|3.A.1.105.17	91.9	308	25	0	1	308	1	308	3.4e-161	563.9
BCW-200194_01904	gnl|TC-DB|P0AFN6|3.A.1.105.17	90.6	256	24	0	1	256	1	256	1.9e-128	454.9
BCW-200194_01917	gnl|TC-DB|P06971|1.B.14.1.2	61.5	753	256	5	1	725	1	747	1.9e-266	914.8
BCW-200194_01918	gnl|TC-DB|P07821|3.A.1.14.3	89.8	265	27	0	1	265	1	265	8.6e-137	482.6
BCW-200194_01919	gnl|TC-DB|P07822|3.A.1.14.3	75.7	296	72	0	1	296	1	296	8.4e-133	469.5
BCW-200194_01920	gnl|TC-DB|P06972|3.A.1.14.3	83.2	660	111	0	1	660	1	660	2.0e-304	1040.8
BCW-200194_01922	gnl|TC-DB|A8ALD3|2.A.49.5.5	81.2	473	84	2	1	468	1	473	1.7e-207	718.4
BCW-200194_01924	gnl|TC-DB|I7MT28|1.A.62.2.2	87.2	203	26	0	1	203	1	203	4.4e-96	347.1
BCW-200194_01925	gnl|TC-DB|Q8ZRP7|3.A.1.13.1	74.0	265	69	0	1	265	1	265	2.5e-112	401.4
BCW-200194_01942	gnl|TC-DB|P0A943|1.B.33.1.3	88.4	813	83	3	1	805	1	810	0.0e+00	1466.4
BCW-200194_01962	gnl|TC-DB|P28635|3.A.1.24.1	94.5	271	15	0	1	271	1	271	1.5e-144	508.4
BCW-200194_01963	gnl|TC-DB|P31547|3.A.1.24.1	69.6	217	66	0	1	217	1	217	2.7e-64	241.5
BCW-200194_01964	gnl|TC-DB|P30750|3.A.1.24.1	92.7	343	25	0	1	343	1	343	3.1e-179	624.0
BCW-200194_01979	gnl|TC-DB|P43531|2.A.1.36.1	83.2	416	70	0	1	416	1	416	4.7e-190	660.2
BCW-200194_01984	gnl|TC-DB|P76330|9.B.34.1.4	33.9	165	103	5	303	462	401	564	1.5e-13	74.7
BCW-200194_01985	gnl|TC-DB|P69210|2.A.7.1.9	79.8	109	22	0	1	109	1	109	1.2e-44	175.3
BCW-200194_01986	gnl|TC-DB|P69213|2.A.7.1.9	75.6	119	27	1	2	118	3	121	5.7e-40	159.8
BCW-200194_01987	gnl|TC-DB|Q1DBZ0|2.A.86.2.2	30.6	317	213	2	25	337	25	338	3.7e-18	89.0
BCW-200194_01989	gnl|TC-DB|Q9I6X4|2.A.6.2.27	46.7	1003	534	1	7	1008	2	1004	6.3e-252	867.1
BCW-200194_01990	gnl|TC-DB|Q9I6X6|2.A.6.2.27	35.7	353	212	4	29	377	19	360	1.5e-41	166.8
BCW-200194_01994	gnl|TC-DB|M3JA40|1.B.52.2.1	31.9	185	112	2	349	519	276	460	2.1e-17	87.0
BCW-200194_02009	gnl|TC-DB|Q8FDB7|2.A.1.14.14	87.4	444	56	0	1	444	1	444	4.4e-226	780.0
BCW-200194_02014	gnl|TC-DB|Q8Y8V8|4.A.6.1.16	31.6	136	93	0	2	137	3	138	5.0e-14	73.9
BCW-200194_02017	gnl|TC-DB|P42909|4.A.6.1.5	82.3	158	28	0	1	158	1	158	8.1e-74	272.7
BCW-200194_02018	gnl|TC-DB|Q9KIP7|4.A.6.1.5	86.5	267	36	0	1	267	1	267	1.4e-126	448.7
BCW-200194_02019	gnl|TC-DB|P42911|4.A.6.1.5	92.4	263	20	0	1	263	1	263	1.0e-134	475.7
BCW-200194_02035	gnl|TC-DB|P0AAD2|2.A.42.1.2	89.1	414	45	0	1	414	1	414	1.2e-209	725.3
BCW-200194_02036	gnl|TC-DB|P38919|3.A.18.1.1	35.5	386	239	3	3	379	27	411	5.2e-63	238.8
BCW-200194_02051	gnl|TC-DB|P0AG99|3.A.5.1.1	89.1	110	12	0	1	110	1	110	1.0e-46	182.2
BCW-200194_02054	gnl|TC-DB|P25694|3.A.16.1.2	43.3	252	142	1	140	390	472	723	3.3e-57	219.5
BCW-200194_02060	gnl|TC-DB|E1ILD8|2.A.7.3.18	85.4	321	47	0	1	321	1	321	1.0e-152	535.8
BCW-200194_02071	gnl|TC-DB|P76628|2.A.1.36.3	32.0	372	243	6	1	367	15	381	7.0e-39	157.9
BCW-200194_02080	gnl|TC-DB|Q9UEF7|8.A.49.1.1	26.8	493	295	17	7	482	62	505	6.2e-40	161.8
BCW-200194_02081	gnl|TC-DB|P40739|4.A.1.2.11	32.2	608	391	8	1	603	1	592	2.5e-86	316.2
BCW-200194_02082	gnl|TC-DB|P26218|1.B.3.1.3	55.2	533	228	6	5	531	11	538	2.2e-168	588.6
BCW-200194_02083	gnl|TC-DB|P40739|4.A.1.2.11	33.8	195	121	6	1	189	1	193	2.6e-21	99.4
BCW-200194_02091	gnl|TC-DB|A8YQR5|3.A.23.2.1	34.8	511	316	8	5	509	10	509	5.5e-80	295.4
BCW-200194_02093	gnl|TC-DB|P42200|3.A.1.3.14	53.8	210	96	1	7	215	19	228	5.2e-53	204.1
BCW-200194_02094	gnl|TC-DB|P39456|3.A.1.3.14	48.8	242	122	1	1	242	1	240	5.2e-62	234.2
BCW-200194_02095	gnl|TC-DB|P42199|3.A.1.3.14	39.8	261	149	3	4	257	9	268	2.0e-50	195.7
BCW-200194_02103	gnl|TC-DB|P31064|9.B.102.1.1	88.8	402	44	1	1	402	1	401	2.3e-213	737.6
BCW-200194_02106	gnl|TC-DB|Q1J0W6|9.B.34.1.1	41.0	156	82	5	131	283	196	344	1.4e-21	100.1
BCW-200194_02109	gnl|TC-DB|P15928|3.A.6.2.1	79.5	565	111	2	1	565	1	560	1.3e-238	822.0
BCW-200194_02111	gnl|TC-DB|P15934|3.A.6.2.1	73.5	238	60	2	1	238	1	235	1.8e-69	258.8
BCW-200194_02112	gnl|TC-DB|P26465|3.A.6.2.1	94.3	456	26	0	1	456	1	456	1.3e-244	841.6
BCW-200194_02117	gnl|TC-DB|P26419|3.A.6.2.1	94.9	138	6	1	1	138	1	137	1.9e-66	248.1
BCW-200194_02118	gnl|TC-DB|P0A1L1|3.A.6.2.1	65.3	124	43	0	1	124	2	125	9.0e-36	146.0
BCW-200194_02119	gnl|TC-DB|P54700|3.A.6.2.1	91.0	245	22	0	1	245	1	245	1.7e-115	411.8
BCW-200194_02120	gnl|TC-DB|P0A1L5|3.A.6.2.1	88.8	89	10	0	1	89	1	89	1.3e-36	148.3
BCW-200194_02121	gnl|TC-DB|P54702|3.A.6.2.1	80.4	265	51	1	1	265	1	264	2.6e-117	417.9
BCW-200194_02126	gnl|TC-DB|P76330|9.B.34.1.4	55.0	551	242	2	14	560	14	562	6.5e-174	607.1
BCW-200194_02129	gnl|TC-DB|p0aa70|2.A.7.3.22	83.2	298	50	0	1	298	1	298	5.2e-138	486.9
BCW-200194_02136	gnl|TC-DB|P39398|2.A.1.14.33	38.7	437	252	4	5	431	17	447	1.3e-81	300.1
BCW-200194_02146	gnl|TC-DB|P76350|2.A.1.6.6	85.5	434	62	1	1	434	1	433	1.8e-211	731.5
BCW-200194_02180	gnl|TC-DB|D5CJ69|2.A.66.1.22	88.7	459	52	0	1	459	1	459	6.7e-233	802.7
BCW-200194_02190	gnl|TC-DB|P26218|1.B.3.1.3	54.3	541	224	9	18	543	6	538	4.2e-162	567.8
BCW-200194_02211	gnl|TC-DB|Q8PVB2|9.B.125.2.2	33.6	321	187	5	4	311	11	318	1.8e-40	162.9
BCW-200194_02215	gnl|TC-DB|P33011|2.A.85.7.1	73.6	352	93	0	1	352	1	352	3.9e-153	537.3
BCW-200194_02219	gnl|TC-DB|Q8FLY1|9.B.102.1.12	58.0	69	29	0	6	74	417	485	1.4e-20	94.7
BCW-200194_02220	gnl|TC-DB|P33015|9.B.102.1.2	86.9	350	46	0	1	350	1	350	8.6e-177	615.9
BCW-200194_02221	gnl|TC-DB|P0AA47|2.A.3.1.14	86.5	451	61	0	1	451	1	451	6.9e-227	782.7
BCW-200194_02235	gnl|TC-DB|Q48476|3.A.1.103.1	38.4	232	139	1	3	234	4	231	2.3e-43	172.2
BCW-200194_02248	gnl|TC-DB|P77377|2.A.66.2.7	86.0	492	69	0	1	492	1	492	2.4e-233	804.3
BCW-200194_02249	gnl|TC-DB|G0CIY2|9.B.18.1.1	38.9	427	245	6	51	464	61	484	1.5e-80	296.6
BCW-200194_02254	gnl|TC-DB|P02925|3.A.1.2.1	94.3	296	17	0	1	296	1	296	4.9e-149	523.5
BCW-200194_02255	gnl|TC-DB|P0AGI1|3.A.1.2.1	87.5	321	40	0	1	321	1	321	1.3e-139	492.3
BCW-200194_02256	gnl|TC-DB|P04983|3.A.1.2.1	95.0	501	25	0	1	501	1	501	2.7e-272	933.7
BCW-200194_02258	gnl|TC-DB|P63183|2.A.72.1.1	91.3	622	54	0	1	622	1	622	0.0e+00	1127.1
BCW-200194_02266	gnl|TC-DB|C4X3L3|1.A.77.3.8	86.5	126	17	0	1	126	25	150	1.5e-54	208.4
BCW-200194_02267	gnl|TC-DB|P0AB98|3.A.2.1.1	94.1	270	16	0	3	272	2	271	2.0e-141	498.0
BCW-200194_02268	gnl|TC-DB|P68699|3.A.2.1.1	98.7	79	1	0	1	79	1	79	4.8e-35	142.9
BCW-200194_02269	gnl|TC-DB|P0ABA0|3.A.2.1.1	95.5	156	7	0	1	156	1	156	2.3e-52	201.4
BCW-200194_02270	gnl|TC-DB|P0ABA4|3.A.2.1.1	88.1	177	21	0	1	177	1	177	6.5e-80	293.1
BCW-200194_02271	gnl|TC-DB|P0ABB0|3.A.2.1.1	94.7	513	27	0	1	513	1	513	2.0e-278	954.1
BCW-200194_02272	gnl|TC-DB|P0ABA6|3.A.2.1.1	94.1	287	17	0	1	287	1	287	9.6e-150	525.8
BCW-200194_02273	gnl|TC-DB|P0ABB4|3.A.2.1.1	97.6	460	11	0	1	460	1	460	1.0e-257	885.2
BCW-200194_02274	gnl|TC-DB|P0A6E6|3.A.2.1.1	94.2	139	8	0	1	139	1	139	4.5e-68	253.4
BCW-200194_02279	gnl|TC-DB|P0AG82|3.A.1.7.1	87.3	346	44	0	1	346	1	346	2.1e-175	611.3
BCW-200194_02280	gnl|TC-DB|P0AGH8|3.A.1.7.1	93.4	319	21	0	1	319	1	319	2.0e-164	574.7
BCW-200194_02281	gnl|TC-DB|P07654|3.A.1.7.1	93.2	296	20	0	1	296	1	296	3.1e-151	530.8
BCW-200194_02282	gnl|TC-DB|P0AAH0|3.A.1.7.1	97.3	257	7	0	1	257	1	257	1.7e-145	511.5
BCW-200194_02287	gnl|TC-DB|P31466|2.A.40.7.6	91.9	445	36	0	1	445	1	445	7.3e-221	762.7
BCW-200194_02291	gnl|TC-DB|P25714|2.A.9.3.1	90.3	548	52	1	1	547	1	548	3.1e-282	966.8
BCW-200194_02303	gnl|TC-DB|Q51330|2.A.1.11.1	31.6	393	257	5	16	407	16	397	8.5e-54	207.6
BCW-200194_02304	gnl|TC-DB|B7L824|2.A.81.1.5	82.8	553	95	0	1	553	1	553	2.1e-254	874.4
BCW-200194_02306	gnl|TC-DB|Q9AGA7|4.A.1.1.10	90.9	540	48	1	1	539	1	540	2.4e-282	967.2
BCW-200194_02308	gnl|TC-DB|P0ADM0|9.B.51.1.1	85.2	115	17	0	1	115	1	115	1.4e-51	198.4
BCW-200194_02313	gnl|TC-DB|P31442|2.A.1.2.9	84.0	388	62	0	1	388	1	388	1.1e-180	629.0
BCW-200194_02314	gnl|TC-DB|L0LHM3|2.A.7.31.3	47.3	277	145	1	1	276	1	277	1.9e-57	219.2
BCW-200194_02317	gnl|TC-DB|Q7BFA4|3.A.6.1.1	35.6	247	130	7	8	234	6	243	3.9e-32	134.8
BCW-200194_02322	gnl|TC-DB|P46482|8.A.1.7.1	37.6	287	175	3	1	285	1	285	4.3e-47	184.9
BCW-200194_02324	gnl|TC-DB|E0LV84|2.A.85.1.4	28.2	570	382	6	45	594	7	569	6.3e-54	208.8
BCW-200194_02335	gnl|TC-DB|P0AFR2|2.A.53.3.11	89.8	559	57	0	10	568	1	559	6.2e-249	856.3
BCW-200194_02338	gnl|TC-DB|P61320|1.B.46.1.1	87.4	207	25	1	1	206	1	207	1.2e-106	382.1
BCW-200194_02345	gnl|TC-DB|P31801|2.A.19.1.1	86.6	366	47	1	1	364	1	366	4.9e-167	583.6
BCW-200194_02352	gnl|TC-DB|P39165|1.B.54.1.9	65.6	439	151	0	1	439	13	451	5.4e-171	597.0
BCW-200194_02355	gnl|TC-DB|P10903|2.A.1.8.1	85.4	460	66	1	1	460	1	459	2.1e-226	781.2
BCW-200194_02356	gnl|TC-DB|P09152|5.A.3.1.1	92.0	1202	96	0	1	1202	46	1247	0.0e+00	2366.7
BCW-200194_02357	gnl|TC-DB|P11349|5.A.3.1.1	91.8	512	41	1	1	511	1	512	1.4e-292	1001.1
BCW-200194_02359	gnl|TC-DB|P11350|5.A.3.1.1	87.1	224	29	0	1	224	1	224	1.9e-113	404.8
BCW-200194_02372	gnl|TC-DB|P25743|2.A.95.1.7	89.0	210	23	0	36	245	6	215	5.1e-99	357.1
BCW-200194_02373	gnl|TC-DB|P06202|3.A.1.5.1	90.1	543	54	0	1	543	1	543	3.4e-297	1016.5
BCW-200194_02374	gnl|TC-DB|P08005|3.A.1.5.1	88.6	306	35	0	1	306	1	306	9.0e-146	512.7
BCW-200194_02375	gnl|TC-DB|P0AFH6|3.A.1.5.41	95.0	302	15	0	1	302	1	302	3.3e-140	494.2
BCW-200194_02376	gnl|TC-DB|P76027|3.A.1.5.41	90.2	337	33	0	1	337	1	337	1.9e-173	604.7
BCW-200194_02377	gnl|TC-DB|P08007|3.A.1.5.1	94.9	334	17	0	1	334	1	334	1.4e-187	651.7
BCW-200194_02381	gnl|TC-DB|P0AG34|2.A.76.1.1	27.4	208	129	4	9	205	8	204	4.2e-14	74.7
BCW-200194_02382	gnl|TC-DB|Q2FD83|2.A.7.1.11	53.3	105	49	0	5	109	2	106	4.8e-28	120.2
BCW-200194_02384	gnl|TC-DB|P02929|2.C.1.1.1	78.2	239	50	1	4	240	1	239	5.2e-56	214.2
BCW-200194_02389	gnl|TC-DB|P0A915|1.B.39.1.6	75.0	212	52	1	1	211	1	212	2.7e-93	337.8
BCW-200194_02390	gnl|TC-DB|Q9HPN8|2.A.49.6.4	27.1	431	263	16	15	405	183	602	1.5e-15	80.5
BCW-200194_02403	gnl|TC-DB|Q07711|3.A.7.7.1	25.0	557	362	17	102	622	101	637	2.1e-30	131.0
BCW-200194_02417	gnl|TC-DB|D4ZZR3|9.B.34.1.3	27.9	179	108	3	229	394	225	395	7.2e-15	79.0
BCW-200194_02421	gnl|TC-DB|P36638|3.A.1.5.5	93.3	268	18	0	1	268	1	268	2.6e-141	497.7
BCW-200194_02422	gnl|TC-DB|P0AAH4|3.A.1.5.42	90.0	330	33	0	1	330	1	330	6.0e-180	626.3
BCW-200194_02423	gnl|TC-DB|P0AGH5|3.A.1.5.42	90.9	296	27	0	1	296	1	296	5.1e-154	540.0
BCW-200194_02424	gnl|TC-DB|P0A2J3|3.A.1.5.5	90.0	321	32	0	1	321	1	321	4.1e-165	577.0
BCW-200194_02425	gnl|TC-DB|P36634|3.A.1.5.5	86.4	544	72	1	18	559	1	544	2.2e-278	954.1
BCW-200194_02426	gnl|TC-DB|Q9KN48|3.A.23.1.1	42.7	227	129	1	8	234	193	418	7.3e-45	177.6
BCW-200194_02427	gnl|TC-DB|E8XKQ3|9.B.100.1.1	92.3	222	17	0	1	222	1	222	8.4e-101	362.8
BCW-200194_02433	gnl|TC-DB|Q9KN48|3.A.23.1.1	41.8	225	124	1	206	423	193	417	3.8e-40	162.5
BCW-200194_02437	gnl|TC-DB|P77348|3.A.1.5.1	81.0	538	101	1	1	538	1	537	2.2e-264	907.5
BCW-200194_02439	gnl|TC-DB|D4ZZR3|9.B.34.1.3	41.9	167	87	4	247	403	227	393	2.9e-27	119.4
BCW-200194_02441	gnl|TC-DB|M3JA40|1.B.52.2.1	28.7	174	110	1	202	361	287	460	1.5e-15	80.5
BCW-200194_02442	gnl|TC-DB|Q9EYX5|1.A.35.4.1	88.4	319	37	0	1	319	9	327	7.4e-167	582.8
BCW-200194_02444	gnl|TC-DB|P38919|3.A.18.1.1	35.4	325	207	3	22	344	57	380	1.3e-55	213.8
BCW-200194_02452	gnl|TC-DB|D4ZZR3|9.B.34.1.3	36.4	176	106	3	348	521	222	393	3.8e-19	92.8
BCW-200194_02462	gnl|TC-DB|Q6V6X7|2.A.6.2.18	32.6	466	301	6	2	455	3	467	3.0e-52	202.6
BCW-200194_02463	gnl|TC-DB|P27303|8.A.1.1.1	29.9	311	206	4	47	355	47	347	3.4e-27	119.0
BCW-200194_02469	gnl|TC-DB|P0ADC1|1.B.42.1.2	72.7	183	50	0	1	183	1	183	2.4e-72	268.1
BCW-200194_02477	gnl|TC-DB|P0ABG7|2.A.103.1.2	92.4	370	28	0	1	370	1	370	1.4e-193	671.8
BCW-200194_02484	gnl|TC-DB|P0A843|2.A.64.1.1	89.6	67	4	2	1	64	1	67	2.9e-22	100.1
BCW-200194_02486	gnl|TC-DB|P37002|1.A.43.1.1	85.0	127	19	0	1	127	1	127	1.3e-58	221.9
BCW-200194_02489	gnl|TC-DB|P38054|2.A.6.1.4	63.9	1044	372	3	1	1039	1	1044	0.0e+00	1332.4
BCW-200194_02490	gnl|TC-DB|P77239|2.A.6.1.4	39.7	403	237	4	6	404	4	404	2.0e-67	253.1
BCW-200194_02494	gnl|TC-DB|P0ABP3|2.A.61.1.1	89.9	455	46	0	2	456	1	455	1.7e-217	751.5
BCW-200194_02513	gnl|TC-DB|P64591|9.B.124.1.2	54.5	121	49	1	1	115	1	121	2.5e-32	134.4
BCW-200194_02517	gnl|TC-DB|P64585|1.E.34.2.1	88.5	130	15	0	1	130	1	130	3.1e-55	210.7
BCW-200194_02521	gnl|TC-DB|P0AA63|9.B.27.2.2	92.3	220	17	0	1	220	1	220	4.2e-113	403.7
BCW-200194_02523	gnl|TC-DB|P0AA78|2.A.1.14.2	90.5	423	40	0	1	423	41	463	8.9e-216	745.7
BCW-200194_02527	gnl|TC-DB|P42601|2.A.109.1.7	89.7	319	33	0	1	319	1	319	1.3e-158	555.4
BCW-200194_02543	gnl|TC-DB|Q9HV74|2.A.21.9.1	27.5	251	131	5	96	344	756	957	3.5e-19	92.4
BCW-200194_02551	gnl|TC-DB|P60782|9.B.31.1.1	90.6	202	19	0	1	202	1	202	3.4e-104	374.0
BCW-200194_02562	gnl|TC-DB|P0A8H3|2.A.5.5.1	85.2	257	38	0	1	257	1	257	3.4e-106	380.9
BCW-200194_02565	gnl|TC-DB|Q930W1|2.A.56.1.7	25.1	247	177	5	59	302	62	303	1.6e-12	70.1
BCW-200194_02567	gnl|TC-DB|Q8ZKS0|2.A.56.1.5	44.4	426	233	2	6	428	11	435	7.0e-88	320.9
BCW-200194_02570	gnl|TC-DB|P02930|1.B.17.1.1	82.5	481	78	2	1	475	1	481	1.1e-203	705.7
BCW-200194_02578	gnl|TC-DB|P96517|2.A.1.5.4	37.6	396	244	2	12	404	14	409	2.3e-67	252.7
BCW-200194_02587	gnl|TC-DB|P36649|1.B.76.1.8	30.9	517	289	10	3	459	1	509	2.2e-58	223.0
BCW-200194_02592	gnl|TC-DB|P0AA60|9.B.27.2.1	82.6	219	38	0	1	219	1	219	7.5e-102	366.3
BCW-200194_02594	gnl|TC-DB|P0ABU7|1.A.30.2.1	85.2	244	35	1	1	243	1	244	1.6e-105	378.6
BCW-200194_02595	gnl|TC-DB|P0ABV2|1.A.30.2.1	92.9	141	10	0	1	141	1	141	9.1e-69	255.8
BCW-200194_02601	gnl|TC-DB|P63144|8.A.5.1.3	34.8	319	194	7	13	325	71	381	8.6e-44	174.1
BCW-200194_02605	gnl|TC-DB|O67095|3.D.7.2.1	45.9	290	156	1	8	297	8	296	3.1e-76	282.0
BCW-200194_02608	gnl|TC-DB|T2K7N8|3.D.7.2.3	45.3	596	281	13	3	566	17	599	7.2e-141	497.3
BCW-200194_02609	gnl|TC-DB|T2K766|3.D.7.2.3	35.6	160	100	3	3	160	6	164	7.5e-22	100.1
BCW-200194_02614	gnl|TC-DB|P76330|9.B.34.1.4	34.5	168	98	5	152	309	391	556	1.2e-15	80.5
BCW-200194_02618	gnl|TC-DB|Q7CGN6|1.B.14.9.3	77.1	730	162	2	1	729	1	726	0.0e+00	1165.6
BCW-200194_02622	gnl|TC-DB|P21408|3.A.1.10.1	80.5	338	65	1	1	337	1	338	2.1e-151	531.6
BCW-200194_02623	gnl|TC-DB|P21409|3.A.1.10.1	68.5	527	163	2	1	524	1	527	5.2e-194	673.7
BCW-200194_02624	gnl|TC-DB|P21410|3.A.1.10.1	61.3	341	131	1	2	342	4	343	8.6e-113	403.3
BCW-200194_02638	gnl|TC-DB|Q6D188|2.A.2.5.2	37.0	503	303	6	4	498	2	498	7.7e-89	324.3
BCW-200194_02639	gnl|TC-DB|P0AG82|3.A.1.7.1	72.6	343	94	0	3	345	4	346	1.0e-145	512.7
BCW-200194_02640	gnl|TC-DB|917745143|1.C.75.1.2	43.7	279	142	4	13	276	44	322	3.9e-49	193.7
BCW-200194_02651	gnl|TC-DB|Q46831|9.B.120.1.1	73.5	238	60	1	1	238	1	235	3.5e-89	324.3
BCW-200194_02655	gnl|TC-DB|Q8VS41|2.A.24.2.5	82.3	453	80	0	1	453	1	453	4.1e-211	730.3
BCW-200194_02663	gnl|TC-DB|P0AFF4|2.A.1.10.1	83.5	412	68	0	1	412	1	412	4.3e-199	690.3
BCW-200194_02673	gnl|TC-DB|P64564|9.A.4.1.2	85.1	188	28	0	1	188	1	188	7.1e-85	309.7
BCW-200194_02675	gnl|TC-DB|P24559|3.A.15.2.1	47.7	331	162	3	1	324	1	327	5.2e-75	277.7
BCW-200194_02684	gnl|TC-DB|P0AEP1|2.A.1.1.1	94.0	464	28	0	1	464	1	464	2.8e-247	850.5
BCW-200194_02693	gnl|TC-DB|P0C0S1|1.A.23.2.1	84.0	281	45	0	1	281	1	281	3.1e-116	414.5
BCW-200194_02694	gnl|TC-DB|P11667|2.A.75.1.2	84.1	201	32	0	2	202	11	211	1.0e-97	352.4
BCW-200194_02710	gnl|TC-DB|Q86Z14|8.A.49.1.2	26.8	485	289	17	5	477	80	510	4.4e-38	155.6
BCW-200194_02712	gnl|TC-DB|P67153|1.C.113.1.10	89.9	218	22	0	1	218	1	218	3.7e-109	390.6
BCW-200194_02723	gnl|TC-DB|B7LEG0|1.A.34.1.2	44.8	261	88	3	32	236	117	377	1.7e-54	209.1
BCW-200194_02755	gnl|TC-DB|D4ZZR3|9.B.34.1.3	43.7	183	92	3	248	429	221	393	2.1e-31	133.3
BCW-200194_02758	gnl|TC-DB|O32169|3.A.1.24.2	57.1	340	145	1	1	339	1	340	2.6e-109	391.7
BCW-200194_02759	gnl|TC-DB|O32168|3.A.1.24.2	61.7	222	85	0	1	222	1	222	1.3e-66	249.2
BCW-200194_02760	gnl|TC-DB|O32167|3.A.1.24.2	48.3	269	131	3	5	269	9	273	1.4e-65	246.1
BCW-200194_02762	gnl|TC-DB|D6DXH3|1.B.35.1.5	77.1	227	51	1	1	226	1	227	2.0e-102	368.2
BCW-200194_02766	gnl|TC-DB|P0AE24|2.A.1.1.2	90.9	472	43	0	1	472	1	472	1.4e-243	838.2
BCW-200194_02768	gnl|TC-DB|Q93KB7|3.A.1.1.11	79.5	429	88	0	1	429	1	429	6.4e-206	713.0
BCW-200194_02769	gnl|TC-DB|Q93KB8|3.A.1.1.11	82.7	375	65	0	1	375	1	375	1.8e-180	628.2
BCW-200194_02770	gnl|TC-DB|Q93KB9|3.A.1.1.11	89.7	300	31	0	1	300	1	300	1.2e-155	545.4
BCW-200194_02771	gnl|TC-DB|Q93KC0|3.A.1.1.11	92.9	296	21	0	1	296	1	296	4.6e-155	543.5
BCW-200194_02776	gnl|TC-DB|A6VKT0|3.A.1.2.13	23.3	262	194	4	61	318	26	284	2.5e-11	66.2
BCW-200194_02777	gnl|TC-DB|U5MFA1|4.A.3.2.9	92.8	442	32	0	1	442	1	442	7.2e-229	789.3
BCW-200194_02779	gnl|TC-DB|P46318|4.A.3.2.2	49.5	97	45	1	4	100	3	95	2.9e-19	90.9
BCW-200194_02783	gnl|TC-DB|P31119|4.C.1.1.16	85.6	715	103	0	1	715	1	715	0.0e+00	1243.4
BCW-200194_02784	gnl|TC-DB|P39196|2.A.1.42.1	85.4	396	58	0	1	396	1	396	3.6e-187	650.6
BCW-200194_02785	gnl|TC-DB|P0A9T4|8.A.5.1.5	90.5	346	33	0	1	346	1	346	1.4e-182	635.2
BCW-200194_02787	gnl|TC-DB|L5DDD7|2.A.109.2.3	50.4	226	110	1	5	228	372	597	2.6e-60	228.4
BCW-200194_02790	gnl|TC-DB|P08839|8.A.7.1.1	34.6	578	361	9	171	738	2	572	1.6e-82	303.9
BCW-200194_02800	gnl|TC-DB|Q6MDD6|3.A.7.16.1	28.8	438	245	8	158	593	329	701	2.1e-32	137.1
BCW-200194_02825	gnl|TC-DB|B7LEG0|1.A.34.1.2	81.1	381	63	4	1	374	1	379	4.8e-141	497.3
BCW-200194_02828	gnl|TC-DB|O32182|2.A.1.3.33	22.7	410	257	5	4	355	12	419	7.4e-23	104.8
BCW-200194_02839	gnl|TC-DB|P26218|1.B.3.1.3	53.4	541	210	9	4	512	8	538	2.6e-158	555.1
BCW-200194_02843	gnl|TC-DB|P69791|4.A.3.2.1	83.5	115	19	0	1	115	1	115	4.7e-47	183.3
BCW-200194_02844	gnl|TC-DB|P17334|4.A.3.2.1	92.0	452	36	0	1	452	1	452	1.0e-217	752.3
BCW-200194_02845	gnl|TC-DB|C4X744|4.A.3.2.7	92.4	105	8	0	1	105	1	105	1.0e-48	188.7
BCW-200194_02859	gnl|TC-DB|Q44292|3.A.1.16.4	37.4	441	239	13	11	419	4	439	7.9e-76	280.8
BCW-200194_02860	gnl|TC-DB|Q7BW13|3.A.1.16.2	48.0	254	128	2	42	292	7	259	7.0e-63	237.3
BCW-200194_02861	gnl|TC-DB|P38045|3.A.1.16.1	53.8	253	115	2	7	258	5	256	1.3e-71	266.2
BCW-200194_02863	gnl|TC-DB|Q9HR74|5.A.3.3.3	22.0	849	459	28	4	717	56	836	1.4e-24	112.1
BCW-200194_02867	gnl|TC-DB|Q9KN48|3.A.23.1.1	38.4	378	214	8	330	690	143	518	8.5e-51	198.4
BCW-200194_02875	gnl|TC-DB|P0AAK3|3.D.1.9.2	80.1	196	39	0	15	210	1	196	1.8e-92	335.1
BCW-200194_02876	gnl|TC-DB|P16429|3.D.1.9.2	73.7	608	156	1	1	604	1	608	9.5e-248	852.4
BCW-200194_02877	gnl|TC-DB|P16430|3.D.1.9.2	86.9	306	40	0	1	306	1	306	8.5e-144	506.1
BCW-200194_02878	gnl|TC-DB|P16431|3.D.1.9.2	94.2	569	33	0	1	569	1	569	0.0e+00	1121.7
BCW-200194_02879	gnl|TC-DB|P16432|3.D.1.9.2	88.3	179	21	0	1	179	1	179	7.5e-76	279.6
BCW-200194_02880	gnl|TC-DB|P16433|3.D.1.9.2	89.4	254	27	0	1	254	1	254	4.3e-133	470.3
BCW-200194_02883	gnl|TC-DB|P76330|9.B.34.1.4	27.6	123	89	0	164	286	398	520	5.2e-11	65.1
BCW-200194_02887	gnl|TC-DB|P40739|4.A.1.2.11	40.0	130	70	2	3	127	420	546	6.7e-17	83.6
BCW-200194_02897	gnl|TC-DB|Q86Z14|8.A.49.1.2	26.1	487	286	18	4	473	81	510	1.7e-34	143.7
BCW-200194_02898	gnl|TC-DB|P24241|4.A.1.2.3	88.8	481	50	1	1	477	1	481	9.9e-232	798.9
BCW-200194_02900	gnl|TC-DB|P23481|3.D.1.9.1	35.1	194	97	5	1	172	1	187	3.2e-26	114.8
BCW-200194_02901	gnl|TC-DB|P07658|3.D.1.9.2	66.9	717	232	4	1	715	1	714	1.1e-298	1021.9
BCW-200194_02905	gnl|TC-DB|Q9KN48|3.A.23.1.1	38.7	336	187	3	187	503	193	528	5.6e-52	201.8
BCW-200194_02910	gnl|TC-DB|P05706|4.A.4.1.1	77.1	118	27	0	1	118	1	118	6.2e-50	193.0
BCW-200194_02911	gnl|TC-DB|P56580|4.A.4.1.1	89.4	321	32	2	1	321	1	319	2.7e-145	511.1
BCW-200194_02912	gnl|TC-DB|P56579|4.A.4.1.1	95.7	186	8	0	1	186	2	187	1.3e-102	368.6
BCW-200194_02916	gnl|TC-DB|A1IQK5|3.A.1.15.10	39.3	224	135	1	2	224	13	236	3.2e-39	158.3
BCW-200194_02917	gnl|TC-DB|A1IQK4|3.A.1.15.10	55.1	276	123	1	3	278	4	278	4.0e-71	264.6
BCW-200194_02918	gnl|TC-DB|Q5FA63|3.A.1.15.10	41.5	306	154	4	8	292	6	307	7.7e-54	207.2
BCW-200194_02927	gnl|TC-DB|P0AFI9|2.A.86.1.1	92.2	347	27	0	1	347	1	347	4.2e-163	570.5
BCW-200194_02931	gnl|TC-DB|P0AGM7|2.A.40.1.1	92.0	423	34	0	1	423	1	423	5.4e-213	736.5
BCW-200194_02938	gnl|TC-DB|P64545|9.B.209.1.1	70.2	57	17	0	1	57	7	63	2.3e-18	87.0
BCW-200194_02943	gnl|TC-DB|M3JA40|1.B.52.2.1	60.0	75	30	0	473	547	287	361	9.0e-15	78.6
BCW-200194_02944	gnl|TC-DB|M3JA40|1.B.52.2.1	33.3	189	96	6	345	511	280	460	6.1e-14	75.5
BCW-200194_02952	gnl|TC-DB|P77774|1.B.33.1.3	85.7	392	56	0	1	392	1	392	1.1e-172	602.4
BCW-200194_02961	gnl|TC-DB|Q57071|4.A.1.1.13	38.8	500	277	10	8	500	9	486	2.5e-84	309.3
BCW-200194_02970	gnl|TC-DB|P44669|9.A.41.1.1	68.2	617	194	2	1	616	1	616	9.4e-227	782.7
BCW-200194_02978	gnl|TC-DB|D7A5Z9|2.A.113.1.7	39.8	231	128	5	56	281	56	280	1.7e-30	129.8
BCW-200194_02981	gnl|TC-DB|Q47142|2.A.1.27.1	81.6	375	69	0	1	375	1	375	5.5e-177	616.7
BCW-200194_02983	gnl|TC-DB|P76425|2.A.113.1.1	64.2	288	87	1	1	288	1	272	2.6e-86	315.1
BCW-200194_02987	gnl|TC-DB|Q9KN48|3.A.23.1.1	43.3	261	137	1	109	369	176	425	2.5e-56	216.1
BCW-200194_02994	gnl|TC-DB|O31137|2.A.1.21.3	27.7	394	276	6	9	395	16	407	1.3e-25	114.0
BCW-200194_03010	gnl|TC-DB|F9VN10|3.D.10.1.4	34.4	540	316	14	6	521	3	528	1.7e-70	263.5
BCW-200194_03012	gnl|TC-DB|O00571|1.I.1.1.3	33.3	366	225	5	3	350	179	543	9.0e-46	181.0
BCW-200194_03021	gnl|TC-DB|P0AEX3|2.A.1.6.2	87.3	434	53	1	1	434	1	432	8.7e-211	729.2
BCW-200194_03045	gnl|TC-DB|P09962|1.E.2.1.2	77.4	106	24	0	2	107	3	108	1.5e-42	168.3
BCW-200194_03055	gnl|TC-DB|Q52812|3.A.1.3.8	47.4	331	170	3	21	348	12	341	9.1e-86	313.5
BCW-200194_03061	gnl|TC-DB|D4ZZR3|9.B.34.1.3	33.8	228	132	7	291	511	177	392	2.6e-20	96.7
BCW-200194_03065	gnl|TC-DB|Q9X4X4|2.A.1.30.1	37.6	516	317	3	13	523	7	522	5.6e-90	328.2
BCW-200194_03078	gnl|TC-DB|P76269|2.A.1.3.17	36.0	455	280	4	11	463	7	452	1.9e-70	263.1
BCW-200194_03105	gnl|TC-DB|P25396|2.A.16.1.1	67.5	314	102	0	3	316	4	317	7.2e-122	433.3
BCW-200194_03109	gnl|TC-DB|P0AEK7|5.A.3.2.1	80.7	212	41	0	1	212	1	212	1.4e-100	362.1
BCW-200194_03110	gnl|TC-DB|P0AAJ3|5.A.3.2.1	85.1	295	43	1	1	295	1	294	4.4e-158	553.5
BCW-200194_03111	gnl|TC-DB|P24183|5.A.3.2.1	70.6	1016	298	1	1	1016	1	1015	0.0e+00	1556.2
BCW-200194_03136	gnl|TC-DB|Q9KN48|3.A.23.1.1	46.8	235	124	1	212	445	193	427	5.3e-53	205.3
BCW-200194_03140	gnl|TC-DB|M3JA40|1.B.52.2.1	33.3	171	94	2	366	519	293	460	4.8e-14	75.9
BCW-200194_03146	gnl|TC-DB|B2N0W4|1.A.46.2.6	76.6	304	71	0	1	304	18	321	3.8e-128	454.1
BCW-200194_03150	gnl|TC-DB|P0AAP1|9.B.34.1.2	32.6	340	228	1	8	347	28	366	6.7e-44	174.5
BCW-200194_03151	gnl|TC-DB|P76330|9.B.34.1.4	33.3	174	102	6	295	461	390	556	3.0e-18	89.7
BCW-200194_03154	gnl|TC-DB|M3JA40|1.B.52.2.1	32.0	172	103	3	370	527	289	460	4.9e-14	75.9
BCW-200194_03160	gnl|TC-DB|P31122|2.A.1.2.15	85.1	395	59	0	1	395	1	395	6.4e-184	639.8
BCW-200194_03162	gnl|TC-DB|P0AEY1|2.A.95.1.1	84.6	221	34	0	1	221	1	221	1.3e-96	349.0
BCW-200194_03166	gnl|TC-DB|P31125|2.A.7.3.2	81.4	296	55	0	1	296	1	296	1.3e-128	455.7
BCW-200194_03167	gnl|TC-DB|P31126|2.A.1.2.55	70.8	391	114	0	21	411	1	391	2.5e-154	541.6
BCW-200194_03179	gnl|TC-DB|P76169|2.A.7.26.1	84.1	107	17	0	1	107	1	107	4.7e-49	189.9
BCW-200194_03186	gnl|TC-DB|P77374|5.A.3.3.1	85.2	812	116	1	1	812	1	808	0.0e+00	1456.4
BCW-200194_03187	gnl|TC-DB|P18776|5.A.3.3.2	91.7	205	17	0	1	205	1	205	1.8e-121	431.4
BCW-200194_03188	gnl|TC-DB|P76173|5.A.3.3.1	67.7	285	91	1	1	285	1	284	3.1e-108	387.9
BCW-200194_03203	gnl|TC-DB|P30130|1.B.11.3.9	45.1	861	451	7	10	858	27	877	8.5e-218	753.4
BCW-200194_03209	gnl|TC-DB|Q53922|4.A.1.1.14	44.7	521	245	5	9	497	7	516	6.6e-122	434.1
BCW-200194_03218	gnl|TC-DB|Q9HT69|3.A.1.24.5	43.8	178	100	0	7	184	16	193	2.1e-32	135.6
BCW-200194_03219	gnl|TC-DB|O32169|3.A.1.24.2	47.5	343	170	3	1	338	1	338	1.2e-82	303.1
BCW-200194_03220	gnl|TC-DB|Q9HT68|3.A.1.24.5	34.8	253	158	5	7	258	4	250	3.8e-34	141.7
BCW-200194_03221	gnl|TC-DB|B5Y0L3|1.B.1.1.18	77.2	382	86	1	1	382	1	381	4.7e-184	640.2
BCW-200194_03222	gnl|TC-DB|P77504|3.A.1.122.15	85.4	803	117	0	1	803	1	803	0.0e+00	1345.1
BCW-200194_03223	gnl|TC-DB|P0A9T8|3.A.1.122.15	87.3	228	29	0	1	228	1	228	3.8e-109	390.6
BCW-200194_03227	gnl|TC-DB|P0AA53|8.A.21.2.2	92.4	302	23	0	1	302	1	302	1.9e-111	398.7
BCW-200194_03233	gnl|TC-DB|Q59385|3.A.3.5.5	84.1	834	131	2	1	832	1	834	0.0e+00	1329.7
BCW-200194_03237	gnl|TC-DB|P52067|2.A.1.35.1	87.1	403	45	1	1	396	1	403	2.4e-191	664.5
BCW-200194_03238	gnl|TC-DB|P39830|2.A.37.1.5	92.1	558	44	0	1	558	1	558	6.9e-277	949.1
BCW-200194_03250	gnl|TC-DB|P77338|1.A.23.1.1	78.3	1117	240	1	2	1116	3	1119	0.0e+00	1619.0
BCW-200194_03252	gnl|TC-DB|P0AE06|8.A.1.6.1	83.6	397	65	0	1	397	1	397	2.7e-182	634.4
BCW-200194_03253	gnl|TC-DB|P31224|2.A.6.2.2	88.9	1047	115	1	1	1046	1	1047	0.0e+00	1800.4
BCW-200194_03263	gnl|TC-DB|Q9HT68|3.A.1.24.5	47.9	259	127	4	8	263	5	258	3.6e-58	221.5
BCW-200194_03264	gnl|TC-DB|Q9HT70|3.A.1.24.5	58.8	233	93	2	1	230	1	233	1.1e-72	269.6
BCW-200194_03265	gnl|TC-DB|Q9HT69|3.A.1.24.5	45.8	212	111	1	5	216	12	219	5.7e-41	164.1
BCW-200194_03266	gnl|TC-DB|P40739|4.A.1.2.11	37.6	447	259	4	9	449	9	441	1.5e-75	280.0
BCW-200194_03271	gnl|TC-DB|P0AAQ6|3.A.5.1.1	80.3	117	23	0	1	117	1	117	2.0e-53	204.5
BCW-200194_03277	gnl|TC-DB|C7NLF6|2.A.115.2.6	52.5	183	87	0	4	186	38	220	1.3e-47	186.0
BCW-200194_03284	gnl|TC-DB|P69681|1.A.11.1.1	91.8	429	34	1	1	429	1	428	6.4e-198	686.4
BCW-200194_03286	gnl|TC-DB|P0AAG5|3.A.1.106.13	86.7	592	79	0	1	592	1	592	2.1e-284	974.2
BCW-200194_03287	gnl|TC-DB|P77265|3.A.1.106.13	85.6	590	82	1	1	587	1	590	7.9e-292	998.8
BCW-200194_03294	gnl|TC-DB|A1EMW4|3.A.11.2.3	53.2	62	29	0	65	126	42	103	2.9e-13	71.2
BCW-200194_03303	gnl|TC-DB|P0AE16|2.A.1.25.2	80.4	490	96	0	1	490	1	490	2.3e-223	771.2
BCW-200194_03304	gnl|TC-DB|P0ABJ1|3.D.4.5.1	91.7	315	26	0	1	315	1	315	1.5e-167	585.1
BCW-200194_03305	gnl|TC-DB|P0ABI8|3.D.4.5.1	91.0	663	60	0	1	663	1	663	0.0e+00	1242.6
BCW-200194_03306	gnl|TC-DB|P0ABJ3|3.D.4.5.1	88.2	204	24	0	1	204	1	204	1.2e-101	365.5
BCW-200194_03307	gnl|TC-DB|P0ABJ6|3.D.4.5.1	83.3	108	17	1	16	122	1	108	1.4e-44	175.3
BCW-200194_03309	gnl|TC-DB|P77726|2.A.1.2.60	82.7	451	78	0	1	451	1	451	1.5e-210	728.4
BCW-200194_03317	gnl|TC-DB|P77735|8.A.5.1.6	89.8	324	33	0	1	324	1	324	1.8e-173	604.7
BCW-200194_03325	gnl|TC-DB|P0A927|1.B.10.1.1	77.6	294	61	2	2	290	1	294	6.1e-136	479.9
BCW-200194_03328	gnl|TC-DB|Q58206|3.A.1.122.14	45.0	220	117	1	4	219	2	221	2.4e-47	185.3
BCW-200194_03336	gnl|TC-DB|P0AG93|2.A.6.4.1	88.9	323	36	0	1	323	1	323	5.7e-159	556.6
BCW-200194_03337	gnl|TC-DB|P0AG90|2.A.6.4.1	90.6	604	57	0	1	604	12	615	1.9e-301	1030.8
BCW-200194_03338	gnl|TC-DB|P0ADZ7|3.A.5.1.1	90.9	110	10	0	1	110	1	110	8.2e-49	189.1
BCW-200194_03345	gnl|TC-DB|Q05839|8.A.9.1.1	22.5	489	264	16	177	569	132	601	1.2e-19	94.7
BCW-200194_03347	gnl|TC-DB|P37460|2.A.3.1.6	94.0	449	27	0	1	449	1	449	4.9e-241	829.7
BCW-200194_03348	gnl|TC-DB|P0AD99|2.A.26.1.10	90.7	439	41	0	1	439	1	439	7.9e-220	759.2
BCW-200194_03366	gnl|TC-DB|P25744|2.A.1.2.20	60.9	381	148	1	3	383	11	390	8.7e-125	443.4
BCW-200194_03372	gnl|TC-DB|P0AFY6|9.A.18.1.1	79.5	404	83	0	1	404	1	404	5.9e-185	643.3
BCW-200194_03379	gnl|TC-DB|Q53148|2.A.3.5.1	35.3	433	257	7	1	426	32	448	4.2e-54	208.8
BCW-200194_03388	gnl|TC-DB|A8GDS6|3.A.1.14.16	59.6	255	100	2	3	256	7	259	1.5e-80	295.8
BCW-200194_03389	gnl|TC-DB|Q56992|3.A.1.14.5	61.3	333	126	3	1	330	1	333	1.6e-100	362.5
BCW-200194_03390	gnl|TC-DB|A8GDS8|3.A.1.14.16	52.8	269	127	0	2	270	7	275	5.5e-78	287.3
BCW-200194_03392	gnl|TC-DB|Q92N43|1.B.14.2.7	27.2	699	428	24	115	791	104	743	1.3e-39	161.4
BCW-200194_03397	gnl|TC-DB|P37002|1.A.43.1.1	53.7	123	57	0	1	123	1	123	7.9e-32	132.9
BCW-200194_03398	gnl|TC-DB|P76264|2.A.107.1.1	67.0	185	61	0	1	185	1	185	7.7e-63	236.5
BCW-200194_03399	gnl|TC-DB|O05703|3.A.1.15.3	54.7	179	80	1	37	214	323	501	2.2e-50	195.3
BCW-200194_03408	gnl|TC-DB|P02932|1.B.1.1.2	73.2	366	83	5	1	366	1	351	7.7e-152	533.1
BCW-200194_03420	gnl|TC-DB|P75799|3.A.1.5.11	46.5	269	143	1	22	289	32	300	5.5e-52	201.1
BCW-200194_03421	gnl|TC-DB|P75798|3.A.1.5.11	45.2	312	163	1	1	312	1	304	2.2e-67	252.3
BCW-200194_03422	gnl|TC-DB|P42061|3.A.1.5.20	27.2	460	297	10	61	491	79	529	4.8e-35	145.6
BCW-200194_03423	gnl|TC-DB|O86575|3.A.1.5.34	55.5	292	127	1	30	318	65	356	3.8e-87	318.2
BCW-200194_03424	gnl|TC-DB|P42064|3.A.1.5.20	50.2	315	154	2	12	323	4	318	1.4e-83	306.2
BCW-200194_03432	gnl|TC-DB|Q9MUK5|3.A.9.1.1	39.9	158	94	1	68	224	61	218	5.3e-25	112.1
BCW-200194_03448	gnl|TC-DB|Q93N33|2.A.21.9.2	29.5	281	175	7	265	530	752	1024	3.6e-20	97.1
BCW-200194_03452	gnl|TC-DB|C4ZZU4|2.A.1.14.40	89.8	450	46	0	1	450	1	450	3.6e-236	813.5
BCW-200194_03459	gnl|TC-DB|P0AAD6|2.A.42.2.1	91.6	429	36	0	1	429	1	429	2.1e-217	751.1
BCW-200194_03465	gnl|TC-DB|P94575|2.A.39.3.4	32.7	462	306	3	13	471	10	469	1.1e-76	283.9
BCW-200194_03476	gnl|TC-DB|Q9RQ30|8.A.1.1.2	37.5	307	182	3	41	346	61	358	1.4e-30	130.2
BCW-200194_03477	gnl|TC-DB|Q9KIH3|2.A.1.3.18	32.6	491	330	1	29	518	29	519	1.1e-74	277.3
BCW-200194_03485	gnl|TC-DB|M3JA40|1.B.52.2.1	32.0	178	107	3	471	634	283	460	1.6e-16	84.3
BCW-200194_03489	gnl|TC-DB|P0AFT2|3.A.1.3.10	35.4	209	135	0	5	213	11	219	5.7e-22	100.9
BCW-200194_03490	gnl|TC-DB|O50183|3.A.1.3.11	33.3	213	133	2	4	207	5	217	1.6e-22	102.8
BCW-200194_03491	gnl|TC-DB|P0A2V2|3.A.1.3.5	55.2	252	110	1	2	250	4	255	3.4e-74	274.6
BCW-200194_03492	gnl|TC-DB|P76330|9.B.34.1.4	39.1	169	94	4	74	233	390	558	2.5e-24	109.0
BCW-200194_03498	gnl|TC-DB|Q05202|1.B.14.1.15	55.1	702	299	7	43	737	66	758	9.5e-226	779.6
BCW-200194_03508	gnl|TC-DB|P24207|2.A.3.1.1	87.4	460	55	1	1	460	1	457	7.1e-227	782.7
BCW-200194_03512	gnl|TC-DB|D9X7X8|2.A.1.3.38	42.7	422	241	1	9	430	24	444	1.1e-76	283.9
BCW-200194_03523	gnl|TC-DB|P0AFF2|2.A.41.1.1	91.0	400	31	1	1	395	1	400	3.8e-189	657.1
BCW-200194_03524	gnl|TC-DB|P0A769|2.A.55.3.1	86.9	412	54	0	1	412	1	412	4.7e-198	686.8
BCW-200194_03526	gnl|TC-DB|P63144|8.A.5.1.3	35.2	330	199	10	8	328	66	389	1.1e-45	180.3
BCW-200194_03528	gnl|TC-DB|H5KWQ5|2.A.49.7.1	75.5	408	100	0	1	408	1	408	8.6e-168	586.3
BCW-200194_03531	gnl|TC-DB|B3XQE5|9.B.33.1.2	31.5	565	340	12	1	529	14	567	3.2e-69	259.2
BCW-200194_03539	gnl|TC-DB|Q8ZPK4|3.A.1.12.14	48.9	280	137	3	1	275	1	279	1.1e-68	256.9
BCW-200194_03540	gnl|TC-DB|O34878|3.A.1.12.4	27.7	188	133	1	20	207	22	206	1.2e-16	83.2
BCW-200194_03541	gnl|TC-DB|Q8ZPK3|3.A.1.12.14	30.7	218	141	3	7	219	2	214	1.3e-19	93.2
BCW-200194_03549	gnl|TC-DB|P37327|1.A.16.4.1	84.5	297	46	0	4	300	1	297	8.9e-141	496.1
BCW-200194_03550	gnl|TC-DB|P76506|3.A.1.27.3	89.6	250	26	0	1	250	1	250	1.6e-137	485.0
BCW-200194_03551	gnl|TC-DB|P10384|1.B.9.1.1	75.1	453	106	2	1	453	1	446	4.1e-203	703.7
BCW-200194_03560	gnl|TC-DB|P0AD30|2.A.102.3.1	85.5	269	39	0	1	269	1	269	1.4e-126	448.7
BCW-200194_03565	gnl|TC-DB|P77549|2.A.1.46.6	82.3	390	69	0	1	390	1	390	1.8e-178	621.7
BCW-200194_03566	gnl|TC-DB|Q86Z14|8.A.49.1.2	25.8	493	283	19	4	476	81	510	1.9e-33	140.2
BCW-200194_03571	gnl|TC-DB|P0ABP6|9.B.27.2.3	90.4	219	21	0	1	219	1	219	9.7e-110	392.5
BCW-200194_03575	gnl|TC-DB|P08550|9.B.160.1.16	94.4	162	9	0	1	162	1	162	4.5e-80	293.5
BCW-200194_03578	gnl|TC-DB|P09551|3.A.1.3.1	88.5	260	30	0	1	260	1	260	5.9e-130	459.9
BCW-200194_03579	gnl|TC-DB|P0AEU0|3.A.1.3.29	89.2	260	28	0	1	260	1	260	1.4e-131	465.3
BCW-200194_03580	gnl|TC-DB|P0A2I9|3.A.1.3.1	91.2	228	20	0	1	228	1	228	2.2e-112	401.4
BCW-200194_03581	gnl|TC-DB|P0AEU3|3.A.1.3.29	92.0	238	19	0	1	238	1	238	9.2e-122	432.6
BCW-200194_03582	gnl|TC-DB|P07109|3.A.1.3.29	95.7	257	11	0	1	257	1	257	9.3e-136	479.2
BCW-200194_03587	gnl|TC-DB|B7LBF5|1.A.12.3.2	75.2	214	53	0	1	214	1	214	6.4e-90	326.6
BCW-200194_03595	gnl|TC-DB|P0AFU2|2.A.47.4.8	85.9	610	86	0	1	610	1	610	6.1e-295	1009.2
BCW-200194_03599	gnl|TC-DB|P0AFC3|3.D.1.1.1	90.5	147	14	0	1	147	1	147	1.3e-70	261.9
BCW-200194_03600	gnl|TC-DB|P0AFC7|3.D.1.1.1	95.5	224	6	1	1	224	1	220	2.2e-125	444.5
BCW-200194_03601	gnl|TC-DB|P33599|3.D.1.1.1	96.5	596	21	0	5	600	1	596	0.0e+00	1204.9
BCW-200194_03602	gnl|TC-DB|P0AFD1|3.D.1.1.1	92.8	166	12	0	1	166	1	166	5.0e-90	326.6
BCW-200194_03603	gnl|TC-DB|P31979|3.D.1.1.1	95.3	445	21	0	1	445	1	445	3.6e-260	893.3
BCW-200194_03604	gnl|TC-DB|P33602|3.D.1.1.1	86.7	907	121	0	1	907	1	907	0.0e+00	1621.3
BCW-200194_03605	gnl|TC-DB|P0AFD4|3.D.1.1.1	95.4	325	15	0	1	325	1	325	3.6e-177	617.1
BCW-200194_03606	gnl|TC-DB|P0AFD6|3.D.1.1.1	97.8	180	4	0	1	180	1	180	9.2e-90	325.9
BCW-200194_03607	gnl|TC-DB|P0AFE0|3.D.1.1.1	85.9	184	26	0	1	184	1	184	9.4e-82	299.3
BCW-200194_03608	gnl|TC-DB|P0AFE4|3.D.1.1.1	99.0	100	1	0	1	100	1	100	7.0e-31	129.4
BCW-200194_03609	gnl|TC-DB|P33607|3.D.1.1.1	91.0	613	55	0	1	613	1	613	0.0e+00	1104.0
BCW-200194_03610	gnl|TC-DB|P0AFE8|3.D.1.1.1	93.1	509	35	0	1	509	1	509	1.5e-275	944.5
BCW-200194_03611	gnl|TC-DB|P0AFF0|3.D.1.1.1	90.9	485	44	0	1	485	1	485	5.1e-244	839.7
BCW-200194_03624	gnl|TC-DB|Q8XE01|1.B.68.1.1	71.1	180	52	0	1	180	8	187	3.1e-77	284.3
BCW-200194_03629	gnl|TC-DB|P08194|2.A.1.4.3	93.8	421	26	0	1	421	1	421	1.0e-238	822.0
BCW-200194_03639	gnl|TC-DB|D6QLX8|1.B.1.1.19	75.8	385	70	4	1	380	1	367	9.7e-166	579.3
BCW-200194_03643	gnl|TC-DB|P33941|3.A.1.113.3	86.8	547	72	0	1	547	1	547	6.3e-275	942.6
BCW-200194_03644	gnl|TC-DB|Q5SMG8|1.A.26.1.2	31.6	339	229	2	141	477	110	447	4.1e-44	175.6
BCW-200194_03645	gnl|TC-DB|Q1J2S8|2.A.53.3.13	45.1	366	198	2	39	404	23	385	6.1e-76	281.2
BCW-200194_03648	gnl|TC-DB|Q84BQ3|3.A.1.122.12	31.1	350	231	4	37	383	11	353	3.6e-35	145.6
BCW-200194_03649	gnl|TC-DB|A0ZUB1|3.A.1.122.12	39.5	648	383	4	4	643	2	648	4.3e-121	431.8
BCW-200194_03650	gnl|TC-DB|P24145|1.B.17.3.1	22.8	473	331	8	1	454	1	458	2.8e-26	116.3
BCW-200194_03656	gnl|TC-DB|Q57403|3.A.1.111.1	25.3	692	477	16	12	680	7	681	1.3e-43	174.5
BCW-200194_03664	gnl|TC-DB|P28246|2.A.1.2.7	84.1	395	63	0	1	395	1	395	6.8e-186	646.4
BCW-200194_03666	gnl|TC-DB|P33916|3.A.1.5.21	79.4	529	109	0	1	529	1	529	1.7e-237	818.1
BCW-200194_03667	gnl|TC-DB|P33915|3.A.1.5.21	78.6	341	73	0	1	341	1	341	3.0e-158	554.3
BCW-200194_03668	gnl|TC-DB|P0AFU1|3.A.1.5.21	85.5	366	51	1	1	366	1	364	4.1e-177	617.1
BCW-200194_03669	gnl|TC-DB|Q8ZNK0|3.A.1.5.24	79.3	598	124	0	5	602	4	601	4.2e-296	1013.1
BCW-200194_03671	gnl|TC-DB|E9RJ18|3.A.7.13.2	37.0	108	57	4	81	178	254	360	3.6e-12	68.2
BCW-200194_03678	gnl|TC-DB|P33026|2.A.1.20.2	83.5	393	65	0	1	393	1	393	1.3e-186	648.7
BCW-200194_03679	gnl|TC-DB|P69811|4.A.2.1.1	84.6	376	58	0	1	376	1	376	1.6e-173	605.1
BCW-200194_03681	gnl|TC-DB|P20966|4.A.2.1.1	86.9	563	74	0	1	563	1	563	4.7e-241	830.1
BCW-200194_03683	gnl|TC-DB|P62723|2.A.98.1.3	78.8	349	74	0	1	349	1	349	1.7e-148	521.9
BCW-200194_03686	gnl|TC-DB|P35113|3.A.1.3.6	32.3	223	140	3	5	217	1	222	3.1e-23	105.1
BCW-200194_03687	gnl|TC-DB|P0AFT2|3.A.1.3.10	31.6	206	141	0	8	213	10	215	2.6e-22	102.1
BCW-200194_03688	gnl|TC-DB|Q9I488|3.A.1.3.21	54.4	239	109	0	3	241	1	239	1.8e-67	252.3
BCW-200194_03689	gnl|TC-DB|P25737|2.A.3.1.2	91.4	489	42	0	1	489	1	489	1.3e-260	894.8
BCW-200194_03694	gnl|TC-DB|E1P8P0|9.B.27.3.1	83.1	142	24	0	1	142	1	142	1.8e-64	241.5
BCW-200194_03699	gnl|TC-DB|P0AEJ0|2.A.1.3.2	92.0	503	40	0	2	504	3	505	8.8e-271	928.7
BCW-200194_03700	gnl|TC-DB|P27303|8.A.1.1.1	81.3	390	73	0	1	390	1	390	1.5e-166	582.0
BCW-200194_03702	gnl|TC-DB|P43667|2.A.78.1.3	72.5	109	30	0	1	109	1	109	1.0e-38	155.6
BCW-200194_03703	gnl|TC-DB|P76630|2.A.78.1.3	78.7	239	51	0	10	248	5	243	1.6e-100	362.1
BCW-200194_03704	gnl|TC-DB|P76628|2.A.1.36.3	84.0	393	63	0	1	393	1	393	3.8e-173	604.0
BCW-200194_03705	gnl|TC-DB|P0AFM2|3.A.1.12.1	82.9	333	54	2	1	333	1	330	1.6e-164	575.1
BCW-200194_03706	gnl|TC-DB|P14176|3.A.1.12.1	81.6	354	65	0	1	354	1	354	3.6e-154	540.8
BCW-200194_03707	gnl|TC-DB|P14175|3.A.1.12.1	93.8	400	25	0	1	400	1	400	1.0e-210	728.8
BCW-200194_03716	gnl|TC-DB|A8ANM6|2.A.104.1.1	87.9	149	18	0	1	149	1	149	9.3e-72	265.8
BCW-200194_03718	gnl|TC-DB|P0AE42|9.B.12.2.1	92.3	52	4	0	1	52	1	52	1.3e-23	104.4
BCW-200194_03729	gnl|TC-DB|Q9I3T2|2.A.1.51.4	45.2	367	197	3	7	370	14	379	8.3e-77	283.9
BCW-200194_03731	gnl|TC-DB|P25747|9.B.169.1.2	76.4	386	90	1	1	386	1	385	7.5e-174	606.3
BCW-200194_03733	gnl|TC-DB|P0AEE5|3.A.1.2.3	95.2	332	16	0	1	332	1	332	1.0e-179	625.5
BCW-200194_03734	gnl|TC-DB|P0AAG8|3.A.1.2.3	93.9	506	31	0	1	506	1	506	5.8e-275	942.6
BCW-200194_03735	gnl|TC-DB|P23200|3.A.1.2.3	94.6	336	18	0	1	336	1	336	8.9e-163	569.3
BCW-200194_03738	gnl|TC-DB|P0AFY2|9.B.114.1.1	85.6	236	34	0	1	236	1	236	1.4e-114	408.7
BCW-200194_03740	gnl|TC-DB|C6EAH0|2.A.122.1.1	88.3	231	27	0	1	231	1	231	8.1e-107	382.9
BCW-200194_03741	gnl|TC-DB|F4V3T5|1.E.14.1.4	84.8	132	20	0	1	132	4	135	3.6e-43	170.6
BCW-200194_03744	gnl|TC-DB|P08722|4.A.1.2.2	55.6	620	266	3	6	616	4	623	1.2e-197	686.0
BCW-200194_03749	gnl|TC-DB|E4PCL6|9.B.27.2.7	76.8	168	39	0	1	168	1	168	3.4e-74	274.2
BCW-200194_03750	gnl|TC-DB|J2MRK2|9.B.29.3.1	43.4	182	103	0	7	188	8	189	1.8e-38	155.6
BCW-200194_03755	gnl|TC-DB|P33362|3.A.1.12.15	87.2	305	39	0	1	305	1	305	1.1e-146	515.8
BCW-200194_03756	gnl|TC-DB|P33361|3.A.1.12.15	69.9	379	111	2	9	384	7	385	2.5e-137	485.0
BCW-200194_03757	gnl|TC-DB|P33360|3.A.1.12.15	79.3	309	63	1	1	309	1	308	3.9e-136	480.7
BCW-200194_03758	gnl|TC-DB|P33359|3.A.1.12.15	74.7	241	61	0	1	241	1	241	1.7e-91	332.0
BCW-200194_03761	gnl|TC-DB|Q81JL2|9.B.33.1.1	30.5	581	366	10	5	556	3	574	1.4e-72	270.4
BCW-200194_03766	gnl|TC-DB|A0L4L0|3.A.1.132.3	39.4	348	182	7	12	350	2	329	9.4e-57	217.2
BCW-200194_03768	gnl|TC-DB|P64534|2.A.113.1.1	63.4	112	40	1	1	111	1	112	1.9e-37	151.4
BCW-200194_03770	gnl|TC-DB|Q01937|3.A.1.1.4	59.3	329	130	3	1	326	1	328	1.8e-103	372.5
BCW-200194_03771	gnl|TC-DB|O07009|3.A.1.1.2	50.5	402	195	3	8	405	15	416	4.1e-109	391.3
BCW-200194_03772	gnl|TC-DB|O32261|3.A.1.1.2	65.1	416	145	0	17	432	2	417	8.5e-166	579.7
BCW-200194_03773	gnl|TC-DB|O07011|3.A.1.1.2	65.6	285	94	2	1	283	1	283	2.8e-101	364.8
BCW-200194_03776	gnl|TC-DB|P69786|4.A.1.1.1	46.8	77	41	0	25	101	397	473	8.2e-14	72.8
BCW-200194_03777	gnl|TC-DB|P02943|1.B.3.1.1	33.3	466	246	16	1	421	1	446	7.2e-53	204.5
BCW-200194_03779	gnl|TC-DB|Q8X6C1|1.B.12.1.6	38.6	1210	552	16	418	1611	315	1349	2.7e-188	656.4
BCW-200194_03801	gnl|TC-DB|P76128|3.A.1.5.38	28.6	539	332	13	1	522	1	503	8.7e-43	171.4
BCW-200194_03802	gnl|TC-DB|P77308|3.A.1.5.38	44.2	326	181	1	17	342	9	333	2.2e-68	255.8
BCW-200194_03803	gnl|TC-DB|W0WMS8|3.A.1.5.39	45.1	264	137	2	44	299	35	298	1.8e-58	222.6
BCW-200194_03804	gnl|TC-DB|B1W1L9|3.A.1.5.37	43.4	267	148	3	8	271	2	268	3.3e-57	218.4
BCW-200194_03805	gnl|TC-DB|Q9X0F3|3.A.1.5.12	44.9	263	123	7	1	242	3	264	2.4e-51	198.7
BCW-200194_03812	gnl|TC-DB|P36554|2.A.1.3.26	80.3	468	92	0	1	468	1	468	5.9e-213	736.5
BCW-200194_03813	gnl|TC-DB|P76399|2.A.6.2.12	91.0	1025	92	0	1	1025	1	1025	0.0e+00	1762.3
BCW-200194_03814	gnl|TC-DB|P76398|2.A.6.2.12	90.1	1040	103	0	1	1040	1	1040	0.0e+00	1759.6
BCW-200194_03815	gnl|TC-DB|P76397|8.A.1.6.2	77.3	415	90	2	1	411	1	415	8.6e-168	586.3
BCW-200194_03818	gnl|TC-DB|Q1J0W6|9.B.34.1.1	34.1	167	98	4	675	840	190	345	4.1e-15	80.5
BCW-200194_03821	gnl|TC-DB|P28249|9.B.22.2.1	67.1	617	202	1	1	616	1	617	1.6e-242	835.1
BCW-200194_03824	gnl|TC-DB|L5DDD7|2.A.109.2.3	86.2	530	70	1	1	530	370	896	4.5e-254	873.2
BCW-200194_03825	gnl|TC-DB|P0A930|1.B.18.3.1	89.4	379	39	1	1	379	1	378	6.3e-197	682.9
BCW-200194_03827	gnl|TC-DB|P76387|8.A.3.3.2	84.2	722	112	1	1	722	1	720	0.0e+00	1176.4
BCW-200194_03842	gnl|TC-DB|P64602|3.A.1.27.3	65.6	96	33	0	1	96	1	96	6.8e-31	129.4
BCW-200194_03843	gnl|TC-DB|P0ADV7|3.A.1.27.3	89.6	211	22	0	1	211	1	211	5.3e-105	376.7
BCW-200194_03844	gnl|TC-DB|P64604|3.A.1.27.3	76.9	182	42	0	1	182	1	182	3.1e-77	284.3
BCW-200194_03845	gnl|TC-DB|P64606|3.A.1.27.3	95.4	260	12	0	1	260	1	260	6.7e-134	473.0
BCW-200194_03846	gnl|TC-DB|P63386|3.A.1.27.3	89.5	266	28	0	1	266	1	266	2.0e-133	471.5
BCW-200194_03847	gnl|TC-DB|P45394|2.A.19.5.1	81.1	323	60	1	1	322	1	323	3.9e-139	490.7
BCW-200194_03850	gnl|TC-DB|P0ADW0|1.B.42.1.2	78.0	191	42	0	1	191	1	191	8.0e-84	306.2
BCW-200194_03851	gnl|TC-DB|P0ADV1|1.B.42.1.2	86.6	186	24	1	1	186	1	185	3.7e-86	313.9
BCW-200194_03852	gnl|TC-DB|P0A9V1|1.B.42.1.2	96.7	241	8	0	1	241	1	241	7.1e-130	459.5
BCW-200194_03855	gnl|TC-DB|Q1LZ59|4.A.2.1.7	26.1	157	114	2	8	163	1	156	3.1e-12	68.2
BCW-200194_03857	gnl|TC-DB|H1XXZ0|8.A.8.1.5	35.2	88	56	1	3	90	2	88	7.2e-11	62.8
BCW-200194_03865	gnl|TC-DB|P0ACA3|1.A.12.3.1	93.4	211	14	0	1	211	1	211	2.6e-112	401.0
BCW-200194_03878	gnl|TC-DB|P46481|2.A.85.1.2	83.1	655	111	0	1	655	1	655	0.0e+00	1077.8
BCW-200194_03879	gnl|TC-DB|P46482|8.A.1.7.1	88.1	310	37	0	1	310	1	310	3.5e-153	537.3
BCW-200194_03880	gnl|TC-DB|D7XN98|8.A.48.1.2	97.0	67	2	0	1	67	24	90	1.6e-31	131.0
BCW-200194_03886	gnl|TC-DB|P0ABH4|9.B.157.1.3	88.9	162	18	0	1	162	1	162	5.9e-80	293.1
BCW-200194_03887	gnl|TC-DB|P16926|9.B.157.1.3	95.3	320	13	1	1	320	1	318	2.6e-167	584.3
BCW-200194_03888	gnl|TC-DB|P0A9X4|9.B.157.1.3	99.7	347	1	0	1	347	1	347	6.5e-193	669.5
BCW-200194_03891	gnl|TC-DB|Q8XB73|5.B.7.1.1	82.6	195	34	0	1	195	1	195	1.5e-88	322.0
BCW-200194_03896	gnl|TC-DB|P16256|2.A.21.1.1	75.4	483	119	0	1	483	1	483	1.8e-201	698.4
BCW-200194_03901	gnl|TC-DB|P0AAP1|9.B.34.1.2	32.9	170	114	0	247	416	196	365	4.5e-20	96.3
BCW-200194_03903	gnl|TC-DB|P45766|3.A.1.3.26	93.3	341	23	0	1	341	1	341	4.8e-188	653.3
BCW-200194_03904	gnl|TC-DB|P45767|3.A.1.3.26	85.5	393	57	0	1	393	1	393	2.6e-190	661.0
BCW-200194_03905	gnl|TC-DB|P45768|3.A.1.3.26	89.6	367	38	0	1	367	1	367	1.7e-191	664.8
BCW-200194_03906	gnl|TC-DB|P45769|3.A.1.3.26	92.9	252	18	0	1	252	1	252	3.4e-135	477.2
BCW-200194_03909	gnl|TC-DB|P08722|4.A.1.2.2	41.1	638	343	7	6	627	4	624	1.2e-131	466.8
BCW-200194_03910	gnl|TC-DB|P26218|1.B.3.1.3	47.3	433	219	3	97	527	111	536	2.1e-118	422.5
BCW-200194_03926	gnl|TC-DB|Q934G3|1.B.35.1.1	57.9	235	95	2	2	233	3	236	2.0e-76	282.0
BCW-200194_03930	gnl|TC-DB|P75798|3.A.1.5.11	38.6	306	183	1	6	311	4	304	6.1e-57	217.6
BCW-200194_03931	gnl|TC-DB|P42063|3.A.1.5.20	43.0	256	144	1	24	277	42	297	5.7e-54	207.6
BCW-200194_03932	gnl|TC-DB|Q9F350|3.A.1.5.35	46.9	318	164	2	3	315	2	319	6.1e-76	280.8
BCW-200194_03933	gnl|TC-DB|Q8CJS2|3.A.1.5.36	50.2	311	151	3	8	315	25	334	5.0e-76	281.2
BCW-200194_03934	gnl|TC-DB|P75797|3.A.1.5.11	28.4	497	342	9	15	500	15	508	1.3e-48	190.7
BCW-200194_03938	gnl|TC-DB|P07821|3.A.1.14.3	35.4	237	149	1	2	234	11	247	2.1e-39	159.1
BCW-200194_03939	gnl|TC-DB|Q7W024|3.A.1.14.20	37.5	309	186	4	36	344	9	310	5.2e-41	164.9
BCW-200194_03956	gnl|TC-DB|F4MY44|1.B.1.1.16	60.0	375	142	3	1	375	1	367	1.2e-123	439.5
BCW-200194_03963	gnl|TC-DB|O86575|3.A.1.5.34	44.6	224	120	2	9	228	56	279	9.2e-50	193.4
BCW-200194_03964	gnl|TC-DB|W0WJ90|3.A.1.5.39	49.3	221	107	3	31	247	33	252	9.6e-46	180.3
BCW-200194_03965	gnl|TC-DB|P77463|3.A.1.5.38	44.4	266	148	0	10	275	27	292	1.2e-53	206.5
BCW-200194_03966	gnl|TC-DB|P77308|3.A.1.5.38	44.4	322	178	1	26	347	14	334	8.0e-66	247.3
BCW-200194_03967	gnl|TC-DB|W0WJ85|3.A.1.5.39	24.6	512	341	17	3	486	2	496	2.4e-21	100.1
BCW-200194_03973	gnl|TC-DB|M3JA40|1.B.52.2.1	30.4	181	112	2	339	505	280	460	1.1e-16	84.7
BCW-200194_03974	gnl|TC-DB|Q92WK1|3.A.1.2.11	57.7	307	129	1	47	353	43	348	2.1e-93	339.0
BCW-200194_03975	gnl|TC-DB|Q92WK2|3.A.1.2.11	52.3	507	241	1	1	507	3	508	1.0e-138	490.0
BCW-200194_03977	gnl|TC-DB|Q92WK4|3.A.1.2.11	69.4	301	91	1	12	312	13	312	4.6e-113	404.1
BCW-200194_03978	gnl|TC-DB|P05825|1.B.14.1.22	75.7	766	157	8	1	757	1	746	0.0e+00	1165.2
BCW-200194_03981	gnl|TC-DB|P31552|4.C.1.1.6	24.3	507	329	14	480	958	37	516	8.5e-20	96.3
BCW-200194_03982	gnl|TC-DB|P23878|3.A.1.14.2	87.5	264	33	0	1	264	1	264	3.8e-132	467.2
BCW-200194_03983	gnl|TC-DB|P23877|3.A.1.14.2	73.6	330	87	0	1	330	1	330	2.9e-126	448.0
BCW-200194_03984	gnl|TC-DB|P23876|3.A.1.14.2	82.6	333	58	0	1	333	1	333	2.3e-142	501.5
BCW-200194_03985	gnl|TC-DB|Q8ZR35|2.A.1.38.3	79.2	413	86	0	1	413	1	413	4.6e-177	617.1
BCW-200194_03986	gnl|TC-DB|C8U2V6|3.A.1.14.2	76.2	311	74	0	8	318	8	318	7.4e-135	476.5
BCW-200194_03992	gnl|TC-DB|P15078|2.A.114.1.1	89.7	701	72	0	1	701	1	701	0.0e+00	1226.5
BCW-200194_04000	gnl|TC-DB|W1HZL5|3.A.1.106.16	71.9	281	79	0	18	298	8	288	1.1e-106	382.9
BCW-200194_04001	gnl|TC-DB|W9BHF5|2.A.6.2.49	79.0	1028	214	1	1	1026	1	1028	0.0e+00	1533.5
BCW-200194_04005	gnl|TC-DB|M3JA40|1.B.52.2.1	52.5	80	38	0	439	518	283	362	2.9e-13	73.6
BCW-200194_04012	gnl|TC-DB|O53183|2.A.1.2.71	34.4	404	260	4	7	407	7	408	5.4e-53	204.9
BCW-200194_04022	gnl|TC-DB|L0LHM3|2.A.7.31.3	35.8	271	173	1	5	274	5	275	7.8e-40	160.6
BCW-200194_04029	gnl|TC-DB|P0AEJ0|2.A.1.3.2	49.0	502	252	2	1	498	1	502	4.8e-136	481.1
BCW-200194_04030	gnl|TC-DB|P27303|8.A.1.1.1	41.8	349	203	0	36	384	41	389	5.6e-76	281.2
BCW-200194_04042	gnl|TC-DB|P0ABJ9|3.D.4.3.2	28.0	497	278	6	9	435	7	493	8.4e-47	184.5
BCW-200194_04044	gnl|TC-DB|P07658|3.D.1.9.2	34.7	691	434	9	261	939	1	686	1.4e-126	450.7
BCW-200194_04052	gnl|TC-DB|P0AGM2|1.A.62.2.3	84.4	205	32	0	1	205	1	205	1.2e-93	339.0
BCW-200194_04059	gnl|TC-DB|P0AGM9|2.A.40.4.2	90.9	462	40	1	1	460	1	462	7.0e-227	782.7
BCW-200194_04062	gnl|TC-DB|P31435|2.A.2.3.4	88.1	453	54	0	1	453	1	453	9.2e-235	808.9
BCW-200194_04088	gnl|TC-DB|P28246|2.A.1.2.7	29.3	389	269	4	1	384	1	388	4.4e-49	191.8
BCW-200194_04092	gnl|TC-DB|P77735|8.A.5.1.6	32.7	321	197	6	1	312	1	311	7.1e-37	151.0
BCW-200194_04096	gnl|TC-DB|O86575|3.A.1.5.34	50.5	319	152	2	6	319	39	356	1.3e-94	342.8
BCW-200194_04097	gnl|TC-DB|Q9F350|3.A.1.5.35	49.2	311	158	0	5	315	2	312	1.2e-82	303.1
BCW-200194_04098	gnl|TC-DB|P42063|3.A.1.5.20	36.0	278	171	1	32	309	30	300	5.8e-47	184.5
BCW-200194_04099	gnl|TC-DB|P42062|3.A.1.5.20	39.4	320	183	4	1	315	1	314	2.4e-61	232.3
BCW-200194_04100	gnl|TC-DB|P33950|3.A.1.5.27	25.4	564	379	18	24	564	3	547	7.7e-42	168.3
BCW-200194_04102	gnl|TC-DB|Q9KSH5|4.A.3.2.6	49.0	100	51	0	1	100	1	100	2.0e-20	94.7
BCW-200194_04103	gnl|TC-DB|Q9KSH4|4.A.3.2.6	44.9	434	236	1	4	434	6	439	8.8e-118	420.2
BCW-200194_04104	gnl|TC-DB|Q86Z14|8.A.49.1.2	24.7	470	299	14	5	460	81	509	1.4e-38	157.1
BCW-200194_04105	gnl|TC-DB|Q9KSH3|4.A.3.2.6	55.7	97	43	0	2	98	1	97	1.5e-23	105.1
BCW-200194_04107	gnl|TC-DB|P31437|2.A.7.3.12	78.2	298	65	0	1	298	1	298	1.5e-124	442.2
BCW-200194_04108	gnl|TC-DB|P0ADL1|2.A.1.2.26	80.5	394	76	1	1	393	1	394	2.2e-168	588.2
BCW-200194_04116	gnl|TC-DB|Q93KT4|3.A.6.1.1	26.8	355	251	4	3	354	4	352	5.7e-27	118.2
BCW-200194_04117	gnl|TC-DB|Q93KT5|3.A.6.1.1	27.4	252	165	6	7	249	4	246	1.4e-17	86.7
BCW-200194_04119	gnl|TC-DB|Q9ZA77|3.A.6.1.1	40.7	214	127	0	3	216	2	215	2.1e-40	162.2
BCW-200194_04122	gnl|TC-DB|P40290|3.A.6.1.1	50.1	393	190	2	26	417	21	408	1.3e-100	363.2
BCW-200194_04124	gnl|TC-DB|P0C2V3|3.A.6.1.1	38.1	699	408	11	11	689	11	704	1.4e-117	420.2
BCW-200194_04128	gnl|TC-DB|Q01723|1.B.22.3.1	26.5	691	425	15	21	642	2	678	2.2e-61	233.4
BCW-200194_04134	gnl|TC-DB|A6VKS8|3.A.1.2.13	37.6	495	304	4	6	499	7	497	4.6e-91	331.6
BCW-200194_04135	gnl|TC-DB|B8H230|3.A.1.2.21	35.4	325	192	4	13	330	15	328	9.4e-40	160.6
BCW-200194_04142	gnl|TC-DB|A8GDS7|3.A.1.14.16	36.7	332	202	4	30	360	8	332	2.5e-46	182.6
BCW-200194_04143	gnl|TC-DB|Q9RCF3|3.A.1.14.6	35.9	237	147	3	6	238	21	256	3.2e-35	145.2
BCW-200194_04147	gnl|TC-DB|Q93AT9|1.B.14.9.2	62.1	483	175	3	223	698	1	482	4.4e-180	627.9
BCW-200194_04148	gnl|TC-DB|Q47084|3.A.1.14.4	52.2	293	131	2	7	292	4	294	2.1e-86	315.5
BCW-200194_04149	gnl|TC-DB|Q47085|3.A.1.14.4	57.5	320	132	2	9	326	22	339	1.6e-84	309.3
BCW-200194_04150	gnl|TC-DB|Q47086|3.A.1.14.4	50.1	337	168	0	6	342	12	348	1.1e-75	280.0
BCW-200194_04151	gnl|TC-DB|Q47087|3.A.1.14.4	65.1	258	89	1	2	259	3	259	4.9e-92	334.0
BCW-200194_04166	gnl|TC-DB|P75958|3.A.1.125.1	90.1	414	41	0	1	414	1	414	6.2e-198	686.4
BCW-200194_04167	gnl|TC-DB|P75957|3.A.1.125.1	90.1	233	23	0	1	233	1	233	1.0e-117	419.1
BCW-200194_04168	gnl|TC-DB|P0ADC3|3.A.1.125.1	88.6	386	44	0	1	386	14	399	1.4e-183	638.6
BCW-200194_04183	gnl|TC-DB|P16869|1.B.14.1.1	52.3	730	320	7	18	737	18	729	1.3e-227	785.8
BCW-200194_04184	gnl|TC-DB|P69786|4.A.1.1.1	96.0	477	19	0	1	477	1	477	2.6e-261	897.1
BCW-200194_04191	gnl|TC-DB|O80800|3.D.1.6.3	49.3	75	38	0	2	76	48	122	3.0e-13	70.5
BCW-200194_04204	gnl|TC-DB|A8GHT9|2.A.1.36.2	35.3	377	236	5	14	387	24	395	1.4e-40	163.7
BCW-200194_04219	gnl|TC-DB|P0AF16|2.A.66.4.3	92.2	510	40	0	1	510	1	510	3.1e-260	893.6
BCW-200194_04223	gnl|TC-DB|P69367|2.A.1.2.21	85.1	402	60	0	1	402	1	402	1.3e-197	685.3
BCW-200194_04235	gnl|TC-DB|P25744|2.A.1.2.20	86.1	395	55	0	4	398	6	400	1.2e-190	662.1
BCW-200194_04239	gnl|TC-DB|P62517|4.D.3.1.1	91.3	830	72	0	2	831	11	840	0.0e+00	1570.4
BCW-200194_04248	gnl|TC-DB|P0AE95|1.B.48.1.1	71.3	129	37	0	1	129	1	129	1.3e-48	188.7
BCW-200194_04249	gnl|TC-DB|P0AE98|1.B.48.1.1	81.9	138	24	1	1	137	1	138	7.5e-60	226.1
BCW-200194_04250	gnl|TC-DB|P0AEA2|1.B.48.1.1	89.2	277	30	0	1	277	1	277	3.5e-141	497.3
BCW-200194_04267	gnl|TC-DB|P0AF43|2.A.58.2.1	90.6	542	51	0	1	542	1	542	8.5e-264	905.6
BCW-200194_04272	gnl|TC-DB|Q9K0A9|2.A.28.2.4	45.6	296	159	1	7	300	13	308	5.7e-63	237.7
BCW-200194_04273	gnl|TC-DB|Q9KN48|3.A.23.1.1	29.1	416	252	10	31	417	12	413	2.5e-34	143.3
BCW-200194_04274	gnl|TC-DB|Q27433|1.A.6.2.2	29.1	199	138	1	165	360	158	356	3.4e-17	85.9
BCW-200194_04282	gnl|TC-DB|D8EPC3|1.B.14.16.4	83.5	698	115	0	1	698	1	698	0.0e+00	1242.6
BCW-200194_04287	gnl|TC-DB|P68183|3.A.1.1.1	91.9	296	24	0	1	296	1	296	4.0e-151	530.4
BCW-200194_04288	gnl|TC-DB|P02916|3.A.1.1.1	83.3	514	86	0	1	514	1	514	1.2e-254	875.2
BCW-200194_04289	gnl|TC-DB|P0AEX9|3.A.1.1.1	91.4	396	34	0	1	396	1	396	8.2e-216	745.7
BCW-200194_04290	gnl|TC-DB|P68187|3.A.1.1.1	93.5	371	22	1	1	369	1	371	2.7e-197	684.1
BCW-200194_04291	gnl|TC-DB|P02943|1.B.3.1.1	83.4	447	72	2	1	447	2	446	4.7e-228	786.6
BCW-200194_04298	gnl|TC-DB|P28303|2.A.66.1.4	82.8	441	76	0	1	441	19	459	1.9e-200	694.9
BCW-200194_04307	gnl|TC-DB|P24520|4.B.1.1.1	25.0	204	127	3	1	178	22	225	5.3e-16	80.9
BCW-200194_04308	gnl|TC-DB|P24518|4.B.1.1.1	29.3	334	201	13	7	318	67	387	9.2e-19	90.9
BCW-200194_04318	gnl|TC-DB|P0A8S5|9.B.4.1.1	91.9	111	9	0	2	112	1	111	9.2e-56	212.2
BCW-200194_04319	gnl|TC-DB|P0AFJ7|2.A.20.1.1	86.8	499	65	1	1	498	1	499	5.2e-244	839.7
BCW-200194_04327	gnl|TC-DB|A8YQR5|3.A.23.2.1	37.1	507	307	8	5	508	12	509	2.6e-86	316.2
BCW-200194_04336	gnl|TC-DB|E0SFK1|2.A.69.3.2	56.7	312	134	1	6	317	4	314	1.6e-92	335.9
BCW-200194_04340	gnl|TC-DB|P33594|3.A.1.5.3	69.2	266	73	1	1	257	1	266	7.3e-96	346.7
BCW-200194_04341	gnl|TC-DB|P33593|3.A.1.5.3	76.3	253	60	0	1	253	1	253	4.6e-103	370.5
BCW-200194_04342	gnl|TC-DB|P0AFA9|3.A.1.5.3	84.5	277	43	0	1	277	1	277	1.5e-131	465.3
BCW-200194_04343	gnl|TC-DB|P33591|3.A.1.5.3	85.0	313	47	0	1	313	1	313	5.0e-152	533.5
BCW-200194_04344	gnl|TC-DB|P33590|3.A.1.5.3	83.1	520	87	1	1	519	2	521	1.6e-256	881.3
BCW-200194_04348	gnl|TC-DB|P77757|4.D.2.1.8	85.7	315	45	0	19	333	1	315	7.0e-155	543.1
BCW-200194_04351	gnl|TC-DB|G8LJX5|9.B.142.2.2	68.7	552	172	1	1	552	1	551	3.3e-223	770.8
BCW-200194_04352	gnl|TC-DB|Q47377|2.A.7.22.1	69.7	109	33	0	4	112	3	111	7.6e-34	139.4
BCW-200194_04353	gnl|TC-DB|P76474|2.A.7.22.1	52.9	121	57	0	3	123	2	122	8.4e-29	122.9
BCW-200194_04354	gnl|TC-DB|P0AGM0|2.A.86.1.2	79.1	349	73	0	1	349	1	349	4.0e-150	527.3
BCW-200194_04355	gnl|TC-DB|P37621|2.A.1.46.7	78.4	394	85	0	1	394	1	394	2.8e-171	597.8
BCW-200194_04357	gnl|TC-DB|B3WJF3|2.A.88.8.6	91.4	221	19	0	1	221	1	221	2.6e-110	394.4
BCW-200194_04359	gnl|TC-DB|P37617|3.A.3.6.2	75.1	738	177	3	1	737	1	732	4.2e-290	993.4
BCW-200194_04364	gnl|TC-DB|P10121|3.A.5.1.1	96.1	310	12	0	147	456	188	497	7.6e-165	576.6
BCW-200194_04365	gnl|TC-DB|P0A9R7|3.A.1.140.1	95.0	222	11	0	1	222	1	222	1.5e-118	421.8
BCW-200194_04366	gnl|TC-DB|P0AC31|3.A.1.140.1	86.4	352	48	0	1	352	1	352	6.0e-170	593.2
BCW-200194_04369	gnl|TC-DB|P0AD96|3.A.1.4.1	92.3	365	28	0	1	365	3	367	3.3e-195	677.2
BCW-200194_04371	gnl|TC-DB|P04816|3.A.1.4.1	91.9	369	30	0	1	369	1	369	1.7e-199	691.4
BCW-200194_04372	gnl|TC-DB|P0AEX7|3.A.1.4.1	91.2	308	27	0	1	308	1	308	2.6e-145	511.1
BCW-200194_04373	gnl|TC-DB|P22729|3.A.1.4.1	92.9	425	30	0	1	425	1	425	5.7e-207	716.5
BCW-200194_04374	gnl|TC-DB|P0A9S7|3.A.1.4.1	94.9	255	13	0	1	255	1	255	1.3e-137	485.3
BCW-200194_04375	gnl|TC-DB|P22731|3.A.1.4.1	94.5	237	13	0	1	237	1	237	5.2e-125	443.4
BCW-200194_04376	gnl|TC-DB|Q19NA9|1.E.53.1.7	62.0	71	27	0	1	71	1	71	2.2e-18	87.4
BCW-200194_04377	gnl|TC-DB|P0AG80|3.A.1.1.3	88.4	438	51	0	1	438	1	438	7.4e-234	805.8
BCW-200194_04378	gnl|TC-DB|P10905|3.A.1.1.3	90.8	295	27	0	1	295	1	295	1.5e-150	528.5
BCW-200194_04379	gnl|TC-DB|P10906|3.A.1.1.3	87.2	281	36	0	1	281	1	281	2.5e-134	474.6
BCW-200194_04380	gnl|TC-DB|P10907|3.A.1.1.3	90.5	357	33	1	63	419	1	356	6.0e-185	643.3
BCW-200194_04389	gnl|TC-DB|P0AC96|2.A.8.1.8	93.5	446	29	0	1	446	1	446	7.8e-231	795.8
BCW-200194_04390	gnl|TC-DB|P67143|2.A.95.1.5	91.4	197	17	0	1	197	1	197	1.8e-91	331.6
BCW-200194_04399	gnl|TC-DB|P09391|9.B.104.1.1	72.0	275	77	0	1	275	1	275	6.1e-117	416.8
BCW-200194_04404	gnl|TC-DB|P39835|2.A.8.1.4	89.7	438	45	0	1	438	1	438	1.2e-207	718.8
BCW-200194_04408	gnl|TC-DB|B5XTS6|9.A.8.1.10	74.7	79	20	0	1	79	1	79	6.1e-30	125.9
BCW-200194_04409	gnl|TC-DB|B5XTS7|9.A.8.1.10	83.5	772	127	0	1	772	1	772	0.0e+00	1284.2
BCW-200194_04410	gnl|TC-DB|P0AEL3|9.A.8.1.1	89.2	74	8	0	1	74	1	74	3.3e-33	136.7
BCW-200194_04414	gnl|TC-DB|Q9HV74|2.A.21.9.1	27.6	217	139	7	237	437	760	974	1.5e-11	67.4
BCW-200194_04426	gnl|TC-DB|Q1R5P6|1.B.22.4.2	67.3	410	133	1	1	409	1	410	5.4e-146	513.8
BCW-200194_04435	gnl|TC-DB|P0AC26|1.A.16.3.1	91.8	257	21	0	1	257	1	257	6.7e-137	483.0
BCW-200194_04444	gnl|TC-DB|P45537|2.A.85.1.3	82.6	691	119	1	1	690	5	695	0.0e+00	1148.7
BCW-200194_04453	gnl|TC-DB|O06924|3.B.1.1.4	57.7	553	221	3	9	551	5	554	2.2e-187	651.7
BCW-200194_04456	gnl|TC-DB|O06926|3.B.1.1.4	39.9	243	136	2	4	236	9	251	4.8e-45	177.9
BCW-200194_04457	gnl|TC-DB|O06927|3.B.1.1.4	36.8	163	100	2	51	210	63	225	5.8e-24	107.8
BCW-200194_04458	gnl|TC-DB|O32715|2.A.69.3.3	90.0	319	32	0	1	319	1	319	6.1e-153	536.6
BCW-200194_04462	gnl|TC-DB|Q83XH1|3.A.1.121.4	30.8	513	346	4	1	505	1	512	2.7e-72	269.6
BCW-200194_04463	gnl|TC-DB|P0A756|2.A.37.1.2	89.1	183	20	0	1	183	2	184	3.5e-97	350.5
BCW-200194_04464	gnl|TC-DB|P45522|2.A.37.1.2	91.0	601	54	0	1	601	1	601	4.8e-300	1026.2
BCW-200194_04476	gnl|TC-DB|P75796|3.A.1.5.11	79.2	130	27	0	1	130	484	613	2.4e-53	204.5
BCW-200194_04477	gnl|TC-DB|P75797|3.A.1.5.11	83.0	511	87	0	1	511	1	511	9.2e-252	865.5
BCW-200194_04478	gnl|TC-DB|P75798|3.A.1.5.11	87.6	306	38	0	1	306	1	306	5.8e-153	536.6
BCW-200194_04479	gnl|TC-DB|P75799|3.A.1.5.11	86.1	303	42	0	1	303	1	303	1.2e-131	465.7
BCW-200194_04492	gnl|TC-DB|Q55107|3.A.1.16.3	38.5	262	138	7	3	258	4	248	9.9e-45	176.8
BCW-200194_04507	gnl|TC-DB|P94571|9.B.105.1.3	29.7	158	106	2	5	162	1	153	1.7e-12	69.3
BCW-200194_04508	gnl|TC-DB|P0AEY8|2.A.1.2.19	87.8	410	50	0	1	410	1	410	2.4e-202	701.0
BCW-200194_04509	gnl|TC-DB|P75810|2.A.1.60.2	81.6	375	69	0	1	375	1	375	9.9e-169	589.3
BCW-200194_04537	gnl|TC-DB|Q0BEL4|1.E.3.1.4	47.3	93	49	0	1	93	1	93	2.3e-18	87.8
BCW-200194_04554	gnl|TC-DB|A7ZJR5|2.A.81.1.4	94.7	561	30	0	24	584	1	561	6.4e-302	1032.3
BCW-200194_04560	gnl|TC-DB|P31133|3.A.1.11.2	88.9	370	41	0	1	370	1	370	6.9e-201	696.0
BCW-200194_04561	gnl|TC-DB|P31134|3.A.1.11.2	93.4	377	25	0	1	377	1	377	6.2e-205	709.5
BCW-200194_04562	gnl|TC-DB|P31135|3.A.1.11.2	87.3	316	40	0	1	316	1	316	1.1e-159	558.9
BCW-200194_04563	gnl|TC-DB|P0AFL1|3.A.1.11.2	92.9	281	20	0	1	281	1	281	2.1e-141	498.0
BCW-200194_04566	gnl|TC-DB|P30860|3.A.1.3.3	89.3	243	26	0	1	243	1	243	3.1e-125	444.1
BCW-200194_04567	gnl|TC-DB|P0AE30|3.A.1.3.3	87.4	222	28	0	1	222	1	222	7.6e-94	339.7
BCW-200194_04568	gnl|TC-DB|P0AE34|3.A.1.3.3	93.2	237	16	0	1	237	1	237	4.7e-118	420.2
BCW-200194_04569	gnl|TC-DB|P30859|3.A.1.3.3	90.1	243	24	0	1	243	1	243	1.2e-124	442.2
BCW-200194_04570	gnl|TC-DB|P0AAF6|3.A.1.3.3	93.4	242	16	0	1	242	1	242	1.9e-127	451.4
BCW-200194_04582	gnl|TC-DB|P75826|2.A.124.1.1	85.6	299	43	0	1	299	1	299	1.6e-134	475.3
BCW-200194_04583	gnl|TC-DB|P60844|1.A.8.3.1	88.3	230	27	0	1	230	1	230	1.2e-115	412.1
BCW-200194_04586	gnl|TC-DB|P75830|3.A.1.122.1	79.4	360	73	1	2	360	12	371	6.2e-154	540.0
BCW-200194_04587	gnl|TC-DB|P75831|3.A.1.122.1	86.6	648	87	0	1	648	1	648	0.0e+00	1076.6
BCW-200194_04590	gnl|TC-DB|Q9SXJ7|3.A.9.1.2	38.2	806	404	13	17	743	133	923	2.8e-148	522.3
BCW-200194_04595	gnl|TC-DB|P23886|3.A.1.129.1	78.9	573	121	0	1	573	1	573	3.9e-251	863.6
BCW-200194_04596	gnl|TC-DB|P29018|3.A.1.129.1	80.4	588	115	0	1	588	1	588	2.2e-273	937.6
BCW-200194_04599	gnl|TC-DB|P46889|3.A.12.1.2	72.5	1379	292	15	1	1342	1	1329	0.0e+00	1545.0
BCW-200194_04600	gnl|TC-DB|P61316|1.B.46.1.1	90.1	203	20	0	1	203	1	203	5.8e-109	389.8
BCW-200194_04603	gnl|TC-DB|P21503|2.A.1.26.1	80.8	381	73	0	1	381	1	381	5.2e-175	610.1
BCW-200194_04606	gnl|TC-DB|P0AC23|1.A.16.1.1	92.3	285	22	0	1	285	1	285	1.7e-151	531.6
BCW-200194_04614	gnl|TC-DB|P44408|3.A.11.2.2	32.5	422	241	7	127	510	131	546	1.2e-46	184.1
BCW-200194_04615	gnl|TC-DB|P44408|3.A.11.2.2	35.3	241	148	3	2	238	549	785	2.0e-39	159.1
BCW-200194_04616	gnl|TC-DB|P60752|3.A.1.106.1	92.6	582	43	0	1	582	1	582	7.4e-290	992.3
BCW-200194_04631	gnl|TC-DB|Q6RW54|1.B.1.1.12	59.3	383	127	7	2	380	1	358	3.6e-120	427.9
BCW-200194_04635	gnl|TC-DB|B1X8N7|3.A.1.17.10	85.5	249	36	0	1	249	1	249	1.5e-114	408.7
BCW-200194_04636	gnl|TC-DB|P75851|3.A.1.17.10	91.8	257	21	0	5	261	6	262	4.9e-124	440.3
BCW-200194_04638	gnl|TC-DB|P75853|3.A.1.17.10	83.6	311	51	0	12	322	7	317	3.7e-150	527.3
BCW-200194_04644	gnl|TC-DB|P43672|3.A.1.120.6	86.4	634	86	0	1	634	1	634	7.3e-299	1022.3
BCW-200194_04652	gnl|TC-DB|P0A910|1.B.6.1.1	85.4	349	48	2	1	349	1	346	1.9e-168	588.2
BCW-200194_04655	gnl|TC-DB|P75870|2.A.85.1.1	77.9	709	156	1	1	709	1	708	0.0e+00	1108.6
BCW-200194_04656	gnl|TC-DB|P0AB12|9.B.55.1.1	81.8	148	27	0	1	148	1	148	2.4e-67	251.1
BCW-200194_04664	gnl|TC-DB|P0AAC6|1.A.14.2.1	89.0	219	24	0	1	219	1	219	6.3e-101	363.2
BCW-200194_04665	gnl|TC-DB|P06202|3.A.1.5.1	54.1	536	241	3	12	542	8	543	1.3e-168	589.3
BCW-200194_04669	gnl|TC-DB|Q8XAN8|1.B.20.1.4	46.3	547	286	2	1	547	1	539	2.0e-151	532.3
BCW-200194_04677	gnl|TC-DB|Q58206|3.A.1.122.14	45.5	220	117	2	11	227	2	221	6.6e-48	187.2
BCW-200194_04685	gnl|TC-DB|D4ZZR3|9.B.34.1.3	39.0	159	95	2	297	453	235	393	3.1e-25	112.8
BCW-200194_04695	gnl|TC-DB|K7QW88|2.A.7.3.52	35.0	283	171	8	3	284	1	271	1.6e-22	103.2
BCW-200194_04700	gnl|TC-DB|Q7BSH4|3.A.1.2.9	37.6	476	293	4	3	477	16	488	2.1e-91	332.8
BCW-200194_04701	gnl|TC-DB|Q1M4Q8|3.A.1.2.16	33.2	325	199	6	2	314	18	336	3.2e-40	162.2
BCW-200194_04702	gnl|TC-DB|P32720|3.A.1.2.6	27.3	293	210	2	20	312	31	320	4.8e-25	111.7
BCW-200194_04706	gnl|TC-DB|P07117|2.A.21.2.1	92.8	500	36	0	1	500	1	500	4.1e-265	909.8
BCW-200194_04708	gnl|TC-DB|P0AFF2|2.A.41.1.1	70.2	400	113	2	1	394	1	400	1.8e-143	505.4
BCW-200194_04709	gnl|TC-DB|P75901|2.A.108.2.3	88.4	276	32	0	1	276	1	276	4.2e-134	473.8
BCW-200194_04710	gnl|TC-DB|P0AB24|2.A.108.2.3	88.5	375	43	0	1	375	1	375	1.1e-188	655.6
BCW-200194_04711	gnl|TC-DB|P31545|2.A.108.2.3	82.6	425	70	1	1	425	1	421	8.0e-209	722.6
BCW-200194_04721	gnl|TC-DB|Q46839|2.A.14.1.2	33.0	539	325	7	9	515	20	554	4.7e-62	235.3
BCW-200194_04723	gnl|TC-DB|C5IZH0|2.A.6.2.47	91.3	391	34	0	1	391	1	391	1.9e-196	681.4
BCW-200194_04724	gnl|TC-DB|C5IZH1|2.A.6.2.47	96.8	1050	34	0	1	1050	1	1050	0.0e+00	1944.5
BCW-200194_04774	gnl|TC-DB|C8TA54|4.A.7.1.4	36.3	433	260	7	1	432	1	418	1.2e-66	250.4
