BCW-200005_00013	gnl|TC-DB|Q9UEF7|8.A.49.1.1	35.0	214	114	7	7	195	61	274	6.8e-28	120.6
BCW-200005_00023	gnl|TC-DB|P04977|1.C.72.1.1	30.5	174	96	6	26	182	37	202	3.4e-13	72.0
BCW-200005_00044	gnl|TC-DB|P42601|2.A.109.1.7	87.5	319	40	0	1	319	1	319	3.8e-155	543.9
BCW-200005_00045	gnl|TC-DB|P0AGE4|2.A.23.4.1	83.0	412	70	0	2	413	3	414	2.8e-182	634.4
BCW-200005_00048	gnl|TC-DB|P0AA78|2.A.1.14.2	89.8	431	44	0	1	431	41	471	1.7e-219	758.1
BCW-200005_00050	gnl|TC-DB|P0AA63|9.B.27.2.2	94.1	220	13	0	1	220	1	220	2.9e-114	407.5
BCW-200005_00054	gnl|TC-DB|P64585|1.E.34.2.1	81.5	130	24	0	1	130	1	130	4.2e-52	200.3
BCW-200005_00058	gnl|TC-DB|P64591|9.B.124.1.2	77.1	118	27	0	1	118	1	118	8.1e-58	219.2
BCW-200005_00064	gnl|TC-DB|P0AAD8|2.A.42.2.2	88.9	443	49	0	1	443	1	443	1.1e-221	765.4
BCW-200005_00083	gnl|TC-DB|P36655|5.A.1.1.1	84.1	565	88	2	1	563	1	565	2.9e-275	943.7
BCW-200005_00085	gnl|TC-DB|P0ABN5|2.A.13.1.1	62.4	434	161	2	1	433	1	433	9.1e-144	506.5
BCW-200005_00088	gnl|TC-DB|P39277|2.A.3.13.1	82.2	409	73	0	1	409	1	409	9.5e-191	662.5
BCW-200005_00094	gnl|TC-DB|P0ADB7|9.B.13.1.1	91.7	48	4	0	1	48	1	48	1.0e-16	81.3
BCW-200005_00096	gnl|TC-DB|D5CES3|2.A.7.1.10	96.2	105	4	0	1	105	1	105	4.3e-47	183.3
BCW-200005_00102	gnl|TC-DB|P17596|3.D.10.1.3	28.9	218	150	5	7	219	5	222	2.4e-24	109.0
BCW-200005_00103	gnl|TC-DB|F9VN10|3.D.10.1.4	40.3	586	325	8	1	581	1	566	4.5e-109	391.7
BCW-200005_00105	gnl|TC-DB|P39285|1.A.23.1.3	88.1	1107	132	0	1	1107	1	1107	0.0e+00	1776.5
BCW-200005_00111	gnl|TC-DB|P11922|1.B.54.1.2	38.0	639	358	11	117	744	91	702	3.6e-101	366.3
BCW-200005_00157	gnl|TC-DB|P60752|3.A.1.106.1	93.0	484	34	0	1	484	98	581	8.0e-237	815.8
BCW-200005_00218	gnl|TC-DB|P11922|1.B.54.1.2	32.6	675	420	11	1	655	120	779	8.2e-77	285.4
BCW-200005_00225	gnl|TC-DB|Q5G3L7|3.A.7.19.1	49.4	89	45	0	1	89	9	97	1.2e-18	89.0
BCW-200005_00228	gnl|TC-DB|P24207|2.A.3.1.1	90.7	461	39	1	1	461	1	457	4.9e-236	813.1
BCW-200005_00229	gnl|TC-DB|Q05202|1.B.14.1.15	54.0	705	305	7	31	728	66	758	5.0e-219	757.3
BCW-200005_00231	gnl|TC-DB|A1JLH0|3.A.1.10.5	59.9	344	133	2	2	340	4	347	1.8e-113	405.6
BCW-200005_00232	gnl|TC-DB|P21409|3.A.1.10.1	72.9	509	138	0	16	524	19	527	7.0e-207	716.5
BCW-200005_00233	gnl|TC-DB|P21408|3.A.1.10.1	81.7	338	62	0	1	338	1	338	2.8e-156	547.7
BCW-200005_00242	gnl|TC-DB|P30130|1.B.11.3.9	48.3	859	418	9	11	852	28	877	1.0e-231	799.7
BCW-200005_00248	gnl|TC-DB|Q57071|4.A.1.1.13	45.8	509	244	5	9	497	4	500	5.6e-121	431.0
BCW-200005_00258	gnl|TC-DB|B5Y0L3|1.B.1.1.18	88.2	381	45	0	1	381	1	381	4.9e-210	726.5
BCW-200005_00259	gnl|TC-DB|P77504|3.A.1.122.15	83.9	803	129	0	1	803	1	803	0.0e+00	1310.0
BCW-200005_00260	gnl|TC-DB|P0A9T8|3.A.1.122.15	91.6	227	19	0	1	227	1	227	3.4e-113	404.1
BCW-200005_00264	gnl|TC-DB|P77307|3.A.1.139.2	85.3	258	38	0	1	258	1	258	1.1e-115	412.5
BCW-200005_00265	gnl|TC-DB|P77279|3.A.1.139.2	72.7	220	60	0	1	220	1	220	4.2e-92	334.0
BCW-200005_00267	gnl|TC-DB|P0AA53|8.A.21.2.2	93.7	302	19	0	1	302	1	302	1.6e-115	412.1
BCW-200005_00270	gnl|TC-DB|Q59385|3.A.3.5.5	87.9	834	99	2	1	832	1	834	0.0e+00	1368.2
BCW-200005_00274	gnl|TC-DB|P52067|2.A.1.35.1	92.3	405	31	0	1	405	1	405	6.0e-206	713.0
BCW-200005_00275	gnl|TC-DB|P39830|2.A.37.1.5	93.2	558	38	0	1	558	1	558	1.2e-281	964.9
BCW-200005_00287	gnl|TC-DB|P77338|1.A.23.1.1	77.0	1110	255	0	6	1115	9	1118	0.0e+00	1594.7
BCW-200005_00289	gnl|TC-DB|P0AE06|8.A.1.6.1	86.6	397	53	0	1	397	1	397	1.5e-188	655.2
BCW-200005_00290	gnl|TC-DB|P31224|2.A.6.2.2	92.3	1049	80	1	1	1048	1	1049	0.0e+00	1857.0
BCW-200005_00300	gnl|TC-DB|Q8XSC6|2.A.113.1.3	44.1	374	102	3	1	267	1	374	5.6e-75	277.3
BCW-200005_00303	gnl|TC-DB|C7NLF6|2.A.115.2.6	57.4	183	78	0	4	186	38	220	1.6e-53	205.7
BCW-200005_00310	gnl|TC-DB|P69681|1.A.11.1.1	90.4	429	40	1	1	429	1	428	9.5e-194	672.5
BCW-200005_00312	gnl|TC-DB|P0AAG5|3.A.1.106.13	87.2	593	76	0	1	593	1	593	5.9e-287	982.6
BCW-200005_00313	gnl|TC-DB|P77265|3.A.1.106.13	88.0	590	71	0	1	590	1	590	6.1e-300	1025.8
BCW-200005_00322	gnl|TC-DB|A1EMW4|3.A.11.2.3	56.5	62	27	0	65	126	42	103	9.8e-14	72.8
BCW-200005_00331	gnl|TC-DB|P0AE16|2.A.1.25.2	84.3	491	77	0	1	491	1	491	1.4e-233	805.1
BCW-200005_00332	gnl|TC-DB|P0ABJ1|3.D.4.5.1	94.9	315	16	0	1	315	1	315	2.3e-173	604.4
BCW-200005_00333	gnl|TC-DB|P0ABI8|3.D.4.5.1	90.8	663	61	0	1	663	1	663	0.0e+00	1243.8
BCW-200005_00334	gnl|TC-DB|P0ABJ3|3.D.4.5.1	88.7	204	23	0	1	204	1	204	3.7e-103	370.5
BCW-200005_00335	gnl|TC-DB|P0ABJ6|3.D.4.5.1	87.2	109	13	1	1	108	1	109	8.0e-49	189.1
BCW-200005_00337	gnl|TC-DB|P77726|2.A.1.2.60	84.1	452	72	0	1	452	1	452	2.5e-213	737.6
BCW-200005_00345	gnl|TC-DB|P77735|8.A.5.1.6	88.3	324	38	0	1	324	1	324	4.2e-170	593.6
BCW-200005_00352	gnl|TC-DB|P0A927|1.B.10.1.1	91.8	294	24	0	3	296	1	294	1.1e-169	592.0
BCW-200005_00355	gnl|TC-DB|P0AG93|2.A.6.4.1	90.1	323	32	0	1	323	1	323	1.4e-160	562.0
BCW-200005_00356	gnl|TC-DB|P0AG90|2.A.6.4.1	93.7	604	38	0	1	604	12	615	1.9e-314	1074.7
BCW-200005_00357	gnl|TC-DB|P0ADZ7|3.A.5.1.1	96.4	110	4	0	1	110	1	110	7.2e-53	202.6
BCW-200005_00364	gnl|TC-DB|Q05839|8.A.9.1.1	23.0	486	265	17	177	569	132	601	4.7e-21	99.4
BCW-200005_00365	gnl|TC-DB|P37460|2.A.3.1.6	95.0	456	23	0	1	456	1	456	4.2e-248	853.2
BCW-200005_00366	gnl|TC-DB|P0AD99|2.A.26.1.10	90.4	439	42	0	1	439	1	439	2.5e-221	764.2
BCW-200005_00385	gnl|TC-DB|P46482|8.A.1.7.1	24.9	325	189	8	9	326	7	283	8.6e-15	77.8
BCW-200005_00410	gnl|TC-DB|Q9X4X4|2.A.1.30.1	37.8	508	310	3	17	520	17	522	1.5e-87	320.1
BCW-200005_00414	gnl|TC-DB|A7ZUZ0|2.A.2.1.1	30.8	428	273	10	16	426	11	432	1.6e-40	163.7
BCW-200005_00431	gnl|TC-DB|P75683|2.A.2.3.5	98.3	460	8	0	1	460	1	460	5.9e-258	885.9
BCW-200005_00438	gnl|TC-DB|Q11G42|2.A.118.1.2	57.8	465	195	1	3	466	12	476	3.9e-140	494.6
BCW-200005_00445	gnl|TC-DB|P36640|3.A.3.4.1	85.7	902	129	0	1	902	1	902	0.0e+00	1534.2
BCW-200005_00447	gnl|TC-DB|P36672|4.A.1.2.4	88.1	472	56	0	1	472	2	473	3.7e-239	823.5
BCW-200005_00448	gnl|TC-DB|Q05839|8.A.9.1.1	30.6	540	305	12	7	519	109	605	1.2e-71	267.3
BCW-200005_00467	gnl|TC-DB|M3JA40|1.B.52.2.1	51.8	83	37	1	331	410	257	339	4.8e-14	75.9
BCW-200005_00468	gnl|TC-DB|P37772|3.A.1.2.25	97.5	326	8	0	1	326	1	326	2.3e-171	597.8
BCW-200005_00469	gnl|TC-DB|P39328|3.A.1.2.25	85.9	340	48	0	1	340	2	341	1.9e-157	551.6
BCW-200005_00470	gnl|TC-DB|Q6BEX0|3.A.1.2.25	94.2	500	29	0	1	500	1	500	3.1e-268	920.2
BCW-200005_00471	gnl|TC-DB|P39325|3.A.1.2.25	95.3	318	15	0	1	318	1	318	7.1e-170	592.8
BCW-200005_00477	gnl|TC-DB|P39321|9.B.22.1.2	85.8	1259	178	1	1	1258	1	1259	0.0e+00	2181.4
BCW-200005_00478	gnl|TC-DB|P0ADE4|1.B.33.2.4	85.6	577	83	0	1	577	1	577	7.5e-303	1035.4
BCW-200005_00485	gnl|TC-DB|Q6D188|2.A.2.5.2	41.2	502	281	6	7	500	4	499	3.2e-103	372.1
BCW-200005_00489	gnl|TC-DB|Q0PBV6|9.A.40.2.2	23.4	427	321	4	5	428	26	449	2.0e-37	153.3
BCW-200005_00497	gnl|TC-DB|P39314|2.A.7.3.19	83.1	320	54	0	1	320	1	320	1.2e-153	538.9
BCW-200005_00498	gnl|TC-DB|M3JA40|1.B.52.2.1	72.3	47	13	0	364	410	293	339	8.9e-11	65.1
BCW-200005_00500	gnl|TC-DB|P0AAE0|2.A.3.1.7	94.5	469	26	0	1	469	1	469	7.8e-250	859.0
BCW-200005_00511	gnl|TC-DB|P69820|4.A.7.1.1	88.3	154	18	0	1	154	1	154	1.8e-73	271.6
BCW-200005_00512	gnl|TC-DB|P69822|4.A.7.1.1	99.0	101	1	0	1	101	1	101	1.5e-52	201.4
BCW-200005_00513	gnl|TC-DB|P39301|4.A.7.1.1	95.7	465	20	0	1	465	1	465	1.9e-251	864.4
BCW-200005_00519	gnl|TC-DB|M3JA40|1.B.52.2.1	31.9	163	100	4	482	635	287	447	6.5e-13	72.4
BCW-200005_00521	gnl|TC-DB|P0C0L7|2.A.1.6.4	34.9	424	254	5	7	415	24	440	1.5e-66	250.0
BCW-200005_00545	gnl|TC-DB|P56579|4.A.4.1.1	96.3	187	7	0	1	187	1	187	2.2e-102	367.9
BCW-200005_00546	gnl|TC-DB|P56580|4.A.4.1.1	91.6	320	25	2	1	319	1	319	2.2e-150	528.1
BCW-200005_00547	gnl|TC-DB|P05706|4.A.4.1.1	78.0	118	26	0	1	118	1	118	1.4e-49	191.8
BCW-200005_00552	gnl|TC-DB|Q9KN48|3.A.23.1.1	42.3	265	145	2	187	451	193	449	6.4e-48	188.3
BCW-200005_00557	gnl|TC-DB|P23516|2.A.52.1.1	53.0	336	154	3	9	340	16	351	2.9e-97	351.7
BCW-200005_00559	gnl|TC-DB|Q5P036|5.A.3.11.1	32.7	171	90	8	5	158	5	167	5.2e-16	80.9
BCW-200005_00561	gnl|TC-DB|P24241|4.A.1.2.3	89.9	473	48	0	1	473	1	473	5.8e-232	799.7
BCW-200005_00562	gnl|TC-DB|Q86Z14|8.A.49.1.2	25.3	491	287	18	4	474	81	511	6.9e-36	148.3
BCW-200005_00579	gnl|TC-DB|Q9HY88|2.A.6.2.34	33.8	465	293	5	14	476	13	464	2.1e-48	189.9
BCW-200005_00581	gnl|TC-DB|Q9I6X5|2.A.6.2.27	35.3	348	216	5	16	360	14	355	6.0e-19	91.7
BCW-200005_00582	gnl|TC-DB|Q9HXW4|2.A.6.2.17	41.5	1020	589	3	6	1018	3	1021	4.9e-220	761.1
BCW-200005_00583	gnl|TC-DB|P31442|2.A.1.2.9	27.5	382	263	6	26	402	9	381	3.6e-25	112.5
BCW-200005_00585	gnl|TC-DB|Q9FWR4|1.A.12.2.1	29.8	188	114	6	14	198	20	192	8.6e-13	70.5
BCW-200005_00588	gnl|TC-DB|Q7CGN6|1.B.14.9.3	79.9	730	142	2	1	729	1	726	0.0e+00	1207.6
BCW-200005_00600	gnl|TC-DB|P40729|3.A.6.2.1	71.6	697	192	2	1	696	1	692	2.3e-282	967.6
BCW-200005_00601	gnl|TC-DB|P40727|3.A.6.2.1	52.8	341	161	0	1	341	38	378	2.9e-92	335.1
BCW-200005_00607	gnl|TC-DB|P15928|3.A.6.2.1	49.9	563	271	6	1	557	1	558	1.3e-145	513.1
BCW-200005_00610	gnl|TC-DB|P26465|3.A.6.2.1	73.6	458	113	3	1	452	1	456	6.5e-185	643.3
BCW-200005_00615	gnl|TC-DB|P26419|3.A.6.2.1	65.2	138	36	2	1	127	1	137	4.3e-41	163.7
BCW-200005_00616	gnl|TC-DB|P0A1L1|3.A.6.2.1	47.9	117	57	3	3	116	6	121	8.7e-15	76.3
BCW-200005_00617	gnl|TC-DB|P54700|3.A.6.2.1	60.4	245	95	1	1	243	1	245	1.3e-70	262.7
BCW-200005_00618	gnl|TC-DB|P0A1L5|3.A.6.2.1	57.3	89	38	0	1	89	1	89	9.6e-24	105.5
BCW-200005_00619	gnl|TC-DB|P54702|3.A.6.2.1	48.6	243	124	1	17	258	16	258	2.9e-60	228.4
BCW-200005_00643	gnl|TC-DB|Q15HU6|3.A.7.14.2	38.7	142	81	2	146	285	47	184	1.8e-24	109.8
BCW-200005_00646	gnl|TC-DB|M3JA40|1.B.52.2.1	44.9	107	59	0	333	439	268	374	5.3e-16	82.4
BCW-200005_00650	gnl|TC-DB|P09348|1.A.30.1.1	66.7	285	95	0	1	285	1	285	4.1e-103	370.9
BCW-200005_00651	gnl|TC-DB|P0AF06|1.A.30.1.1	49.5	281	140	2	1	279	1	281	7.9e-70	260.4
BCW-200005_00656	gnl|TC-DB|P16482|2.A.1.6.1	89.9	434	39	1	3	431	11	444	4.6e-212	733.4
BCW-200005_00658	gnl|TC-DB|P39414|2.A.47.3.3	50.5	473	234	0	29	501	13	485	5.8e-134	474.2
BCW-200005_00664	gnl|TC-DB|Q56111|1.B.1.1.22	65.4	396	116	4	1	388	1	383	1.1e-148	522.7
BCW-200005_00668	gnl|TC-DB|p0aa70|2.A.7.3.22	88.9	298	33	0	1	298	1	298	2.4e-146	514.6
BCW-200005_00671	gnl|TC-DB|P76330|9.B.34.1.4	60.0	563	223	2	1	562	1	562	1.6e-193	672.2
BCW-200005_00676	gnl|TC-DB|P54702|3.A.6.2.1	79.2	259	54	0	1	259	1	259	9.1e-115	409.5
BCW-200005_00677	gnl|TC-DB|P0A1L5|3.A.6.2.1	89.9	89	9	0	1	89	1	89	1.3e-36	148.3
BCW-200005_00678	gnl|TC-DB|P54700|3.A.6.2.1	91.4	245	21	0	1	245	1	245	1.6e-116	415.2
BCW-200005_00679	gnl|TC-DB|P0A1L1|3.A.6.2.1	70.2	124	37	0	1	124	2	125	1.0e-39	159.1
BCW-200005_00680	gnl|TC-DB|P26419|3.A.6.2.1	95.6	137	6	0	1	137	1	137	1.3e-67	251.9
BCW-200005_00685	gnl|TC-DB|P26465|3.A.6.2.1	94.1	456	27	0	1	456	1	456	6.3e-244	839.3
BCW-200005_00686	gnl|TC-DB|P15934|3.A.6.2.1	86.4	235	32	0	1	235	1	235	9.8e-76	279.6
BCW-200005_00688	gnl|TC-DB|P15928|3.A.6.2.1	81.4	560	102	1	1	558	1	560	3.2e-250	860.5
BCW-200005_00699	gnl|TC-DB|P0AEM9|3.A.1.3.10	91.4	266	23	0	1	266	1	266	3.3e-136	480.7
BCW-200005_00701	gnl|TC-DB|P0AFT2|3.A.1.3.10	92.8	222	16	0	1	222	1	222	1.2e-110	395.6
BCW-200005_00702	gnl|TC-DB|P37774|3.A.1.3.10	93.2	250	17	0	1	250	1	250	4.1e-128	453.8
BCW-200005_00707	gnl|TC-DB|K0WKG7|4.F.1.1.8	60.9	174	66	1	4	175	2	175	1.7e-51	198.7
BCW-200005_00711	gnl|TC-DB|P22731|3.A.1.4.1	57.8	237	100	0	1	237	1	237	5.7e-71	263.8
BCW-200005_00712	gnl|TC-DB|P21629|3.A.1.4.8	51.6	285	104	3	1	283	1	253	1.0e-74	276.6
BCW-200005_00713	gnl|TC-DB|P21628|3.A.1.4.8	53.7	421	167	8	7	413	4	410	4.3e-106	381.3
BCW-200005_00714	gnl|TC-DB|P0AEX7|3.A.1.4.1	55.6	302	133	1	4	304	7	308	1.6e-86	315.8
BCW-200005_00715	gnl|TC-DB|Q9L3M3|3.A.1.4.3	46.3	354	186	3	11	363	8	358	2.7e-88	322.0
BCW-200005_00717	gnl|TC-DB|P0AAD4|2.A.42.1.1	81.6	380	70	0	1	380	24	403	5.7e-174	606.7
BCW-200005_00722	gnl|TC-DB|P0ABN9|2.A.13.1.2	54.5	446	199	1	1	446	2	443	1.8e-134	475.7
BCW-200005_00724	gnl|TC-DB|P02924|3.A.1.2.2	95.7	329	14	0	1	329	1	329	3.8e-182	633.6
BCW-200005_00725	gnl|TC-DB|P0AAF3|3.A.1.2.2	87.9	504	61	0	1	504	1	504	9.6e-262	898.7
BCW-200005_00726	gnl|TC-DB|P0AE26|3.A.1.2.2	93.3	328	22	0	1	328	1	328	2.5e-149	524.6
BCW-200005_00732	gnl|TC-DB|P09348|1.A.30.1.1	92.9	295	21	0	1	295	1	295	6.4e-149	523.1
BCW-200005_00733	gnl|TC-DB|P0AF06|1.A.30.1.1	85.8	309	43	1	1	309	1	308	1.8e-149	525.0
BCW-200005_00736	gnl|TC-DB|P96603|2.A.23.1.6	33.9	419	257	6	7	418	7	412	2.4e-64	242.7
BCW-200005_00740	gnl|TC-DB|Q6XBY3|1.B.11.6.1	35.7	830	477	15	9	792	10	828	7.3e-139	491.1
BCW-200005_00749	gnl|TC-DB|P40727|3.A.6.2.1	86.2	383	52	1	1	382	1	383	4.1e-188	653.7
BCW-200005_00750	gnl|TC-DB|P40729|3.A.6.2.1	95.5	692	31	0	1	692	1	692	0.0e+00	1239.6
BCW-200005_00754	gnl|TC-DB|P67826|9.B.158.1.2	72.2	245	68	0	1	245	1	245	1.9e-101	365.2
BCW-200005_00766	gnl|TC-DB|P39832|3.A.1.15.5	92.3	260	20	0	1	260	1	260	2.3e-110	394.8
BCW-200005_00767	gnl|TC-DB|P0A9X1|3.A.1.15.5	90.4	251	24	0	1	251	1	251	2.6e-127	451.1
BCW-200005_00768	gnl|TC-DB|P39172|3.A.1.15.5	80.6	314	57	1	6	319	1	310	1.5e-138	488.8
BCW-200005_00769	gnl|TC-DB|B7L5V2|1.A.34.1.3	41.0	210	118	2	198	407	14	217	4.3e-40	162.2
BCW-200005_00782	gnl|TC-DB|Q4KDN3|9.B.62.1.5	43.8	112	63	0	11	122	9	120	3.8e-18	87.4
BCW-200005_00783	gnl|TC-DB|P76278|9.B.62.1.4	54.1	290	132	1	1	289	1	290	2.6e-78	288.5
BCW-200005_00793	gnl|TC-DB|P23865|9.B.174.1.2	91.5	682	58	0	1	682	1	682	0.0e+00	1237.2
BCW-200005_00794	gnl|TC-DB|P23894|9.B.1.1.6	94.2	293	17	0	1	293	1	293	6.4e-149	523.1
BCW-200005_00795	gnl|TC-DB|P76269|2.A.1.3.17	82.3	457	81	0	1	457	1	457	1.5e-208	721.8
BCW-200005_00804	gnl|TC-DB|P76264|2.A.107.1.1	88.8	188	21	0	1	188	1	188	5.4e-93	336.7
BCW-200005_00806	gnl|TC-DB|P69805|4.A.6.1.1	91.9	283	23	0	1	283	4	286	2.0e-147	518.1
BCW-200005_00807	gnl|TC-DB|P69801|4.A.6.1.1	94.4	266	15	0	1	266	1	266	4.9e-132	466.8
BCW-200005_00808	gnl|TC-DB|P69797|4.A.6.1.1	93.8	323	18	1	1	321	1	323	4.7e-161	563.5
BCW-200005_00809	gnl|TC-DB|L5DDD7|2.A.109.2.3	50.1	521	242	9	1	509	370	884	6.9e-122	434.1
BCW-200005_00819	gnl|TC-DB|P69451|4.C.1.1.4	93.8	561	35	0	12	572	1	561	3.6e-313	1069.7
BCW-200005_00827	gnl|TC-DB|P0A6M2|5.A.2.1.1	76.1	176	42	0	1	176	1	176	6.2e-83	303.1
BCW-200005_00828	gnl|TC-DB|P0AFA7|2.A.34.1.1	77.1	511	116	1	1	510	1	511	1.7e-213	738.4
BCW-200005_00833	gnl|TC-DB|P76007|2.A.36.6.11	90.5	577	55	0	1	577	1	577	2.3e-296	1013.8
BCW-200005_00837	gnl|TC-DB|A6TAG3|1.E.43.1.1	65.9	82	27	1	1	82	1	81	6.3e-25	109.4
BCW-200005_00838	gnl|TC-DB|P06971|1.B.14.1.2	31.5	731	444	19	17	700	27	747	4.1e-85	312.4
BCW-200005_00840	gnl|TC-DB|P31435|2.A.2.3.4	39.9	446	265	3	4	448	3	446	1.1e-102	370.2
BCW-200005_00841	gnl|TC-DB|P77076|1.B.15.1.1	64.2	380	127	4	82	459	92	464	1.7e-148	522.3
BCW-200005_00843	gnl|TC-DB|P0ADL1|2.A.1.2.26	47.4	386	201	1	8	393	11	394	9.4e-87	317.0
BCW-200005_00849	gnl|TC-DB|P07658|3.D.1.9.2	29.9	365	218	9	114	463	61	402	3.3e-40	163.3
BCW-200005_00852	gnl|TC-DB|Q9KN51|3.A.23.1.1	35.7	445	284	2	1	444	1	444	3.0e-81	298.9
BCW-200005_00853	gnl|TC-DB|Q9KN50|3.A.23.1.1	36.3	223	134	5	20	238	37	255	2.8e-33	139.4
BCW-200005_00854	gnl|TC-DB|Q9KN45|3.A.23.1.1	25.3	1213	792	31	23	1198	31	1166	2.3e-91	334.0
BCW-200005_00857	gnl|TC-DB|Q6EE21|3.A.23.2.1	45.9	159	85	1	4	161	3	161	5.8e-33	137.1
BCW-200005_00858	gnl|TC-DB|Q6EE20|3.A.23.2.1	50.0	466	225	3	32	492	28	490	8.9e-135	476.9
BCW-200005_00871	gnl|TC-DB|Q6EE16|3.A.23.2.1	34.7	632	378	15	4	622	3	612	1.4e-89	327.0
BCW-200005_00873	gnl|TC-DB|Q6EE14|3.A.23.2.1	53.1	857	393	3	9	862	8	858	1.8e-247	852.0
BCW-200005_00882	gnl|TC-DB|B8H230|3.A.1.2.21	35.8	321	188	5	14	327	16	325	1.1e-37	153.7
BCW-200005_00883	gnl|TC-DB|A6VKS8|3.A.1.2.13	38.2	495	301	4	6	499	7	497	2.1e-91	332.8
BCW-200005_00888	gnl|TC-DB|P15078|2.A.114.1.1	93.0	701	49	0	1	701	1	701	0.0e+00	1238.8
BCW-200005_00892	gnl|TC-DB|Q89SS6|2.A.1.42.2	23.5	507	353	15	27	522	632	1114	1.7e-19	94.0
BCW-200005_00894	gnl|TC-DB|C8U2V6|3.A.1.14.2	80.8	318	61	0	1	318	1	318	6.7e-144	506.5
BCW-200005_00895	gnl|TC-DB|Q8ZR35|2.A.1.38.3	82.8	406	70	0	1	406	1	406	2.7e-185	644.4
BCW-200005_00896	gnl|TC-DB|P23876|3.A.1.14.2	82.0	334	60	0	1	334	1	334	2.7e-143	504.6
BCW-200005_00897	gnl|TC-DB|P23877|3.A.1.14.2	76.7	330	77	0	1	330	1	330	4.5e-135	477.2
BCW-200005_00898	gnl|TC-DB|P23878|3.A.1.14.2	86.3	263	36	0	1	263	1	263	1.2e-130	462.2
BCW-200005_00899	gnl|TC-DB|P31552|4.C.1.1.6	22.8	509	328	13	477	951	39	516	7.4e-16	83.2
BCW-200005_00902	gnl|TC-DB|P05825|1.B.14.1.22	80.2	757	131	7	1	749	1	746	0.0e+00	1242.3
BCW-200005_00907	gnl|TC-DB|Q93GK4|3.A.1.110.1	58.1	413	173	0	12	424	1	413	4.4e-135	477.6
BCW-200005_00908	gnl|TC-DB|Q93GK5|3.A.1.110.1	68.2	698	222	0	1	698	1	698	4.6e-286	979.9
BCW-200005_00910	gnl|TC-DB|P0ABC9|2.A.15.1.4	95.0	676	34	0	1	676	1	676	0.0e+00	1270.4
BCW-200005_00918	gnl|TC-DB|P77308|3.A.1.5.38	44.1	322	179	1	15	336	14	334	5.4e-67	251.1
BCW-200005_00919	gnl|TC-DB|W0WMS8|3.A.1.5.39	41.4	280	158	1	2	275	19	298	9.6e-54	206.8
BCW-200005_00920	gnl|TC-DB|P45095|3.A.1.5.27	42.8	257	143	3	19	271	21	277	3.0e-47	185.3
BCW-200005_00921	gnl|TC-DB|O86575|3.A.1.5.34	45.2	219	116	2	14	228	61	279	1.3e-48	189.5
BCW-200005_00928	gnl|TC-DB|P31224|2.A.6.2.2	74.3	1038	261	4	1	1034	1	1036	0.0e+00	1461.0
BCW-200005_00929	gnl|TC-DB|P0AE06|8.A.1.6.1	61.5	364	140	0	12	375	14	377	1.6e-118	422.5
BCW-200005_00933	gnl|TC-DB|Q53903|2.A.1.3.7	23.8	533	366	8	7	528	12	515	8.3e-14	75.1
BCW-200005_00954	gnl|TC-DB|P46482|8.A.1.7.1	39.1	289	168	5	1	285	1	285	9.6e-49	190.3
BCW-200005_00956	gnl|TC-DB|E0LV84|2.A.85.1.4	27.3	578	396	9	16	574	8	580	8.1e-51	198.4
BCW-200005_00962	gnl|TC-DB|Q9I0Y8|2.A.6.2.16	41.9	1039	586	4	4	1024	6	1044	9.1e-214	740.3
BCW-200005_00963	gnl|TC-DB|P76397|8.A.1.6.2	31.0	332	217	5	31	353	63	391	7.4e-43	171.0
BCW-200005_00964	gnl|TC-DB|A8R5V4|3.A.3.2.41	48.2	868	441	4	35	900	25	885	4.3e-220	761.1
BCW-200005_00976	gnl|TC-DB|D9X7X8|2.A.1.3.38	41.5	460	254	6	9	462	24	474	3.2e-81	298.9
BCW-200005_00977	gnl|TC-DB|P0AAT4|1.A.23.4.5	83.7	411	66	1	1	410	1	411	5.0e-192	666.8
BCW-200005_00978	gnl|TC-DB|Q92WK4|3.A.1.2.11	26.0	277	169	8	60	313	29	292	8.9e-11	64.3
BCW-200005_00981	gnl|TC-DB|P76417|2.A.1.10.4	37.5	405	235	6	21	411	6	406	1.5e-66	250.0
BCW-200005_00986	gnl|TC-DB|P76350|2.A.1.6.6	90.8	435	40	0	1	435	1	435	2.1e-228	787.7
BCW-200005_00992	gnl|TC-DB|P10121|3.A.5.1.1	96.5	310	11	0	179	488	188	497	1.6e-165	578.9
BCW-200005_00993	gnl|TC-DB|P0A9R7|3.A.1.140.1	95.9	220	9	0	1	220	1	220	5.2e-119	423.3
BCW-200005_00994	gnl|TC-DB|P0AC31|3.A.1.140.1	91.2	352	30	1	1	351	1	352	1.7e-177	618.2
BCW-200005_00997	gnl|TC-DB|P0AD96|3.A.1.4.1	93.7	365	22	1	1	364	3	367	1.1e-195	678.7
BCW-200005_00999	gnl|TC-DB|P04816|3.A.1.4.1	92.7	369	27	0	1	369	1	369	1.8e-201	698.0
BCW-200005_01000	gnl|TC-DB|P0AEX7|3.A.1.4.1	96.4	308	11	0	1	308	1	308	2.3e-157	551.2
BCW-200005_01001	gnl|TC-DB|P22729|3.A.1.4.1	93.4	425	28	0	1	425	1	425	2.2e-206	714.5
BCW-200005_01002	gnl|TC-DB|P0A9S7|3.A.1.4.1	94.1	255	15	0	1	255	1	255	1.1e-136	482.3
BCW-200005_01003	gnl|TC-DB|P22731|3.A.1.4.1	94.1	237	14	0	1	237	1	237	9.8e-124	439.1
BCW-200005_01004	gnl|TC-DB|P0AG80|3.A.1.1.3	90.0	438	44	0	1	438	1	438	1.4e-237	818.1
BCW-200005_01005	gnl|TC-DB|P10905|3.A.1.1.3	92.2	295	23	0	1	295	1	295	1.1e-153	538.9
BCW-200005_01006	gnl|TC-DB|P10906|3.A.1.1.3	88.6	281	32	0	1	281	1	281	1.5e-134	475.3
BCW-200005_01007	gnl|TC-DB|P10907|3.A.1.1.3	90.2	356	35	0	1	356	1	356	7.9e-186	646.0
BCW-200005_01016	gnl|TC-DB|P0AC96|2.A.8.1.8	95.7	446	19	0	1	446	1	446	2.3e-235	810.8
BCW-200005_01020	gnl|TC-DB|P28303|2.A.66.1.4	84.9	438	66	0	1	438	19	456	2.5e-205	711.1
BCW-200005_01038	gnl|TC-DB|P76330|9.B.34.1.4	36.4	176	105	5	293	465	391	562	6.4e-18	88.6
BCW-200005_01043	gnl|TC-DB|P0AF52|2.A.40.7.5	94.4	449	25	0	1	449	1	449	9.2e-224	772.3
BCW-200005_01044	gnl|TC-DB|P32703|2.A.36.3.1	94.7	546	29	0	1	546	1	546	4.1e-282	966.5
BCW-200005_01046	gnl|TC-DB|E7UC95|1.E.14.1.9	82.6	132	23	0	1	132	1	132	8.6e-56	212.6
BCW-200005_01047	gnl|TC-DB|P60643|2.A.122.1.3	29.7	195	137	0	35	229	39	233	1.2e-17	86.7
BCW-200005_01048	gnl|TC-DB|P32705|2.A.21.7.2	91.6	549	46	0	1	549	1	549	3.2e-279	956.8
BCW-200005_01049	gnl|TC-DB|P0AF54|9.B.136.1.1	76.9	104	24	0	1	104	1	104	7.0e-42	166.0
BCW-200005_01050	gnl|TC-DB|P31552|4.C.1.1.6	23.4	529	371	14	90	616	21	517	1.4e-26	117.9
BCW-200005_01051	gnl|TC-DB|P21345|2.A.23.1.1	95.2	437	21	0	1	437	1	437	1.4e-224	775.0
BCW-200005_01054	gnl|TC-DB|P07658|3.D.1.9.2	94.4	558	31	0	1	558	157	714	0.0e+00	1093.2
BCW-200005_01055	gnl|TC-DB|P07658|3.D.1.9.2	95.0	139	7	0	1	139	1	139	4.9e-75	276.6
BCW-200005_01060	gnl|TC-DB|Q9F9B2|3.A.1.2.7	32.8	296	172	11	3	276	1	291	3.7e-22	102.1
BCW-200005_01061	gnl|TC-DB|A6VKS9|3.A.1.2.13	46.1	306	156	5	24	323	13	315	5.9e-58	221.1
BCW-200005_01062	gnl|TC-DB|G4FGN3|3.A.1.2.20	46.7	493	260	3	5	496	3	493	1.7e-128	456.1
BCW-200005_01063	gnl|TC-DB|Q9HV74|2.A.21.9.1	32.0	256	152	7	382	626	737	981	1.2e-21	101.7
BCW-200005_01070	gnl|TC-DB|P37774|3.A.1.3.10	33.6	220	133	6	2	218	4	213	1.6e-22	102.8
BCW-200005_01071	gnl|TC-DB|Q97VF5|3.A.1.5.9	37.3	255	150	3	4	248	45	299	9.3e-40	160.2
BCW-200005_01077	gnl|TC-DB|P16683|3.A.1.9.1	93.8	259	16	0	1	259	1	259	1.3e-137	485.3
BCW-200005_01078	gnl|TC-DB|P16682|3.A.1.9.1	87.6	338	42	0	1	338	1	338	2.0e-170	594.7
BCW-200005_01079	gnl|TC-DB|P16677|3.A.1.9.1	85.9	262	37	0	1	262	1	262	6.8e-126	446.4
BCW-200005_01084	gnl|TC-DB|P15701|2.A.10.1.1	67.7	331	103	1	1	327	1	331	1.2e-114	409.5
BCW-200005_01085	gnl|TC-DB|P0C0L7|2.A.1.6.4	92.2	500	39	0	1	500	1	500	3.9e-263	903.3
BCW-200005_01086	gnl|TC-DB|D7A5Z9|2.A.113.1.7	26.7	273	182	7	22	284	45	309	3.5e-17	85.5
BCW-200005_01094	gnl|TC-DB|Q9I2M0|3.A.1.109.4	41.1	401	218	4	13	405	3	393	1.4e-77	286.6
BCW-200005_01095	gnl|TC-DB|Q88RG3|3.A.1.109.3	38.5	730	427	6	1	728	1	710	1.4e-128	456.8
BCW-200005_01107	gnl|TC-DB|P37642|9.B.126.1.1	83.2	339	53	1	1	339	1	335	7.4e-157	549.7
BCW-200005_01108	gnl|TC-DB|P37643|2.A.1.6.10	90.2	440	43	0	1	440	1	440	1.5e-218	755.0
BCW-200005_01109	gnl|TC-DB|P37645|9.B.121.1.1	85.0	686	97	1	1	680	1	686	0.0e+00	1178.3
BCW-200005_01113	gnl|TC-DB|P0A830|2.A.23.1.7	93.0	428	30	0	1	428	1	428	2.3e-216	747.7
BCW-200005_01115	gnl|TC-DB|P37650|1.B.55.3.1	75.2	1169	274	6	1	1165	1	1157	0.0e+00	1629.0
BCW-200005_01116	gnl|TC-DB|P37651|4.D.3.1.6	74.1	367	95	0	1	367	1	367	1.8e-169	591.7
BCW-200005_01117	gnl|TC-DB|P37652|4.D.3.1.6	76.2	793	161	3	1	793	13	777	0.0e+00	1228.8
BCW-200005_01118	gnl|TC-DB|P37653|4.D.3.1.6	87.2	872	111	1	1	871	1	872	0.0e+00	1575.8
BCW-200005_01131	gnl|TC-DB|P31462|2.A.1.2.22	73.5	392	100	2	1	389	1	391	2.8e-152	534.6
BCW-200005_01133	gnl|TC-DB|P25714|2.A.9.3.1	91.4	548	46	1	1	547	1	548	1.9e-279	957.6
BCW-200005_01148	gnl|TC-DB|P0AA76|2.A.1.14.7	94.0	430	26	0	1	430	1	430	1.4e-237	818.1
BCW-200005_01153	gnl|TC-DB|B7L824|2.A.81.1.5	81.7	552	101	0	1	552	1	552	5.2e-253	869.8
BCW-200005_01155	gnl|TC-DB|Q9AGA7|4.A.1.1.10	90.2	540	53	0	1	540	1	540	2.6e-281	963.8
BCW-200005_01157	gnl|TC-DB|P0ADM0|9.B.51.1.1	86.1	115	16	0	1	115	1	115	4.5e-50	193.4
BCW-200005_01160	gnl|TC-DB|P08555|2.A.8.1.5	90.8	445	41	0	1	445	1	445	7.5e-218	752.7
BCW-200005_01163	gnl|TC-DB|P31442|2.A.1.2.9	86.5	385	52	0	1	385	10	394	2.5e-185	644.4
BCW-200005_01164	gnl|TC-DB|L0LHM3|2.A.7.31.3	49.1	277	140	1	1	276	1	277	6.2e-61	230.7
BCW-200005_01172	gnl|TC-DB|P09836|2.A.1.4.4	88.5	434	50	0	3	436	6	439	3.4e-231	797.0
BCW-200005_01173	gnl|TC-DB|P0AGC0|2.A.1.4.1	94.2	463	27	0	1	463	1	463	1.6e-247	851.3
BCW-200005_01178	gnl|TC-DB|P0ADL1|2.A.1.2.26	85.0	381	57	0	16	396	14	394	2.9e-173	604.4
BCW-200005_01179	gnl|TC-DB|P31437|2.A.7.3.12	84.2	298	47	0	1	298	1	298	6.4e-136	479.9
BCW-200005_01181	gnl|TC-DB|P69791|4.A.3.2.1	50.5	97	48	0	4	100	17	113	2.3e-21	97.8
BCW-200005_01182	gnl|TC-DB|Q86Z14|8.A.49.1.2	26.5	468	291	14	5	457	81	510	4.5e-40	162.2
BCW-200005_01183	gnl|TC-DB|Q9KSH4|4.A.3.2.6	48.4	434	223	1	4	437	6	438	1.9e-120	429.1
BCW-200005_01184	gnl|TC-DB|Q9KSH5|4.A.3.2.6	49.0	100	51	0	1	100	1	100	3.4e-20	94.0
BCW-200005_01188	gnl|TC-DB|P28635|3.A.1.24.1	63.4	262	95	1	5	266	11	271	6.9e-94	340.1
BCW-200005_01193	gnl|TC-DB|P33341|1.B.11.3.11	37.5	840	479	13	3	820	10	825	2.0e-152	536.2
BCW-200005_01205	gnl|TC-DB|A3DCU1|3.A.1.112.9	25.7	704	497	12	10	696	7	701	6.3e-62	235.3
BCW-200005_01214	gnl|TC-DB|G3IME2|9.B.35.1.2	35.7	112	69	2	27	136	31	141	2.7e-17	84.7
BCW-200005_01219	gnl|TC-DB|Q8CVM4|1.B.11.3.5	40.8	830	464	12	13	822	25	847	2.7e-168	589.0
BCW-200005_01263	gnl|TC-DB|Q9I6X5|2.A.6.2.27	32.4	346	232	1	32	377	9	352	1.0e-34	144.1
BCW-200005_01273	gnl|TC-DB|P31435|2.A.2.3.4	86.4	462	59	1	2	463	3	460	2.3e-233	804.3
BCW-200005_01276	gnl|TC-DB|P0AGM9|2.A.40.4.2	94.4	462	26	0	1	462	1	462	1.2e-239	825.1
BCW-200005_01277	gnl|TC-DB|P0AER8|2.A.27.1.1	91.5	400	34	0	1	400	1	400	3.2e-199	690.6
BCW-200005_01284	gnl|TC-DB|P0AGM2|1.A.62.2.3	88.8	205	23	0	1	205	1	205	7.2e-99	356.3
BCW-200005_01296	gnl|TC-DB|B8F5K7|4.D.1.3.2	52.5	244	114	2	5	246	4	247	3.1e-67	251.5
BCW-200005_01298	gnl|TC-DB|P75905|4.D.1.1.3	34.7	98	63	1	1	97	71	168	2.4e-11	66.2
BCW-200005_01312	gnl|TC-DB|B7LEG0|1.A.34.1.2	39.5	119	67	3	308	425	262	376	2.9e-17	86.3
BCW-200005_01320	gnl|TC-DB|Q51955|2.A.1.15.1	44.9	434	239	0	7	440	12	445	3.2e-107	385.2
BCW-200005_01323	gnl|TC-DB|P33231|2.A.14.1.1	91.5	551	47	0	1	551	1	551	8.8e-285	975.3
BCW-200005_01326	gnl|TC-DB|P30130|1.B.11.3.9	25.8	828	528	24	35	785	60	878	2.9e-71	266.5
BCW-200005_01339	gnl|TC-DB|P00550|4.A.2.1.2	92.7	633	46	0	1	633	1	633	0.0e+00	1132.9
BCW-200005_01340	gnl|TC-DB|P32108|9.B.32.1.1	71.4	112	30	1	1	110	1	112	4.2e-43	170.2
BCW-200005_01341	gnl|TC-DB|P37683|8.A.1.1.4	77.5	378	85	0	1	378	1	378	6.9e-164	573.2
BCW-200005_01347	gnl|TC-DB|P37681|9.B.99.1.1	55.7	246	109	0	1	246	1	246	1.4e-80	295.8
BCW-200005_01353	gnl|TC-DB|Q9RPV1|2.A.1.14.9	29.6	432	280	8	19	434	35	458	7.8e-42	167.9
BCW-200005_01358	gnl|TC-DB|P0AAK3|3.D.1.9.2	40.8	184	73	3	1	150	1	182	8.6e-33	136.3
BCW-200005_01363	gnl|TC-DB|P0AGI4|3.A.1.2.4	91.6	393	33	0	1	393	1	393	3.3e-185	644.0
BCW-200005_01364	gnl|TC-DB|P37388|3.A.1.2.4	89.1	513	56	0	1	513	1	513	8.5e-266	912.1
BCW-200005_01365	gnl|TC-DB|P37387|3.A.1.2.4	90.6	330	31	0	1	330	1	330	2.4e-168	587.8
BCW-200005_01370	gnl|TC-DB|P37669|9.B.97.1.1	82.2	331	59	0	1	331	1	331	1.2e-159	558.9
BCW-200005_01375	gnl|TC-DB|Q53712|3.A.1.120.3	31.0	529	284	15	40	522	63	556	5.6e-42	168.7
BCW-200005_01380	gnl|TC-DB|Q9RPP3|2.A.1.14.8	28.2	422	285	8	14	423	33	448	1.7e-41	166.8
BCW-200005_01384	gnl|TC-DB|P37665|9.B.186.1.1	91.8	219	18	0	1	219	1	219	1.5e-81	298.9
BCW-200005_01385	gnl|TC-DB|P20099|5.A.3.4.3	82.0	774	139	0	2	775	4	777	0.0e+00	1372.5
BCW-200005_01389	gnl|TC-DB|P37662|2.A.1.11.3	89.4	350	37	0	1	350	1	350	1.5e-169	592.0
BCW-200005_01392	gnl|TC-DB|P33950|3.A.1.5.27	55.3	517	230	1	19	535	30	545	1.4e-170	595.9
BCW-200005_01393	gnl|TC-DB|W0WN20|3.A.1.5.39	65.8	339	113	1	1	339	1	336	4.4e-125	444.1
BCW-200005_01394	gnl|TC-DB|W0WMS8|3.A.1.5.39	53.4	283	132	0	17	299	18	300	5.3e-82	300.8
BCW-200005_01395	gnl|TC-DB|P45095|3.A.1.5.27	76.3	325	76	1	1	325	1	324	6.4e-142	500.0
BCW-200005_01396	gnl|TC-DB|P45094|3.A.1.5.27	76.7	326	75	1	3	327	2	327	6.0e-143	503.4
BCW-200005_01424	gnl|TC-DB|P02932|1.B.1.1.2	86.0	351	48	1	1	350	1	351	4.1e-179	623.6
BCW-200005_01430	gnl|TC-DB|D0WX40|3.D.5.1.1	62.5	64	24	0	1	64	1	64	1.3e-17	84.7
BCW-200005_01431	gnl|TC-DB|Q56584|3.D.5.1.1	78.9	407	86	0	1	407	1	407	1.1e-191	665.6
BCW-200005_01432	gnl|TC-DB|Q56589|3.D.5.1.1	83.3	198	33	0	1	198	1	198	7.7e-90	326.2
BCW-200005_01433	gnl|TC-DB|Q57095|3.D.5.1.1	75.9	203	49	0	8	210	5	207	1.3e-79	292.4
BCW-200005_01434	gnl|TC-DB|Q56582|3.D.5.1.1	57.6	257	105	2	6	262	4	256	2.8e-79	291.6
BCW-200005_01435	gnl|TC-DB|Q56587|3.D.5.1.1	75.4	411	100	1	1	410	1	411	7.2e-183	636.3
BCW-200005_01436	gnl|TC-DB|Q56586|3.D.5.1.1	60.4	447	176	1	1	447	1	446	3.6e-159	557.8
BCW-200005_01444	gnl|TC-DB|W0WMS8|3.A.1.5.39	43.8	272	147	2	20	285	27	298	5.6e-57	217.6
BCW-200005_01445	gnl|TC-DB|P75798|3.A.1.5.11	45.8	312	161	1	1	312	1	304	1.0e-67	253.4
BCW-200005_01446	gnl|TC-DB|P42061|3.A.1.5.20	25.5	463	301	11	61	491	79	529	4.5e-33	139.0
BCW-200005_01447	gnl|TC-DB|P42065|3.A.1.5.20	51.9	318	149	3	5	318	9	326	5.3e-89	324.3
BCW-200005_01448	gnl|TC-DB|P42064|3.A.1.5.20	51.4	315	150	2	12	323	4	318	4.0e-86	314.7
BCW-200005_01452	gnl|TC-DB|Q9XD71|3.A.15.3.1	39.1	128	73	2	8	134	1	124	3.8e-19	90.9
BCW-200005_01454	gnl|TC-DB|P22609|3.A.15.2.1	24.6	341	254	3	47	384	29	369	7.4e-28	121.3
BCW-200005_01455	gnl|TC-DB|Q8F3M7|3.A.15.4.1	40.0	492	281	7	54	536	70	556	3.5e-92	335.5
BCW-200005_01460	gnl|TC-DB|P31772|1.B.22.4.1	25.9	313	202	7	268	555	120	427	4.4e-22	102.8
BCW-200005_01468	gnl|TC-DB|P11922|1.B.54.1.2	29.2	346	220	10	30	369	82	408	5.1e-32	136.7
BCW-200005_01474	gnl|TC-DB|P15754|3.A.15.1.1	45.7	197	105	2	9	204	22	217	5.6e-37	151.0
BCW-200005_01484	gnl|TC-DB|P72121|1.B.14.4.1	46.8	647	303	5	43	648	77	723	2.2e-170	595.5
BCW-200005_01495	gnl|TC-DB|P77389|2.A.1.2.65	42.3	378	211	4	5	381	7	378	1.2e-70	263.5
BCW-200005_01502	gnl|TC-DB|P45955|2.C.1.2.1	90.5	190	18	0	1	190	1	190	1.1e-75	279.6
BCW-200005_01503	gnl|TC-DB|C6EJJ6|2.C.1.2.1	74.0	173	45	0	1	173	1	173	5.4e-63	236.9
BCW-200005_01504	gnl|TC-DB|P0A855|2.C.1.2.1	94.2	430	25	0	1	430	1	430	1.8e-147	518.8
BCW-200005_01505	gnl|TC-DB|P19934|2.C.1.2.1	84.3	127	20	0	307	433	295	421	8.2e-44	174.5
BCW-200005_01506	gnl|TC-DB|P0ABV8|1.A.30.2.2	88.0	142	17	0	1	142	1	142	2.8e-65	244.2
BCW-200005_01507	gnl|TC-DB|P0ABU9|1.A.30.2.2	97.0	230	7	0	1	230	1	230	5.4e-119	423.3
BCW-200005_01509	gnl|TC-DB|P0AAV0|8.A.79.1.1	88.3	94	11	0	3	96	4	97	8.2e-45	175.6
BCW-200005_01510	gnl|TC-DB|P56100|9.B.85.1.1	88.6	35	4	0	1	35	1	35	3.5e-12	65.9
BCW-200005_01511	gnl|TC-DB|P0ABK2|3.D.4.3.2	91.0	379	34	0	1	379	1	379	5.1e-199	689.9
BCW-200005_01512	gnl|TC-DB|P0ABJ9|3.D.4.3.2	93.5	522	34	0	1	522	1	522	6.0e-283	969.1
BCW-200005_01517	gnl|TC-DB|X5GWN5|3.D.10.1.6	50.9	234	108	5	4	236	27	254	1.2e-68	256.1
BCW-200005_01518	gnl|TC-DB|X5H3P0|3.D.10.1.6	53.1	590	265	8	7	588	12	597	1.1e-171	599.7
BCW-200005_01529	gnl|TC-DB|P03959|3.A.3.7.1	83.7	557	91	0	1	557	1	557	2.5e-263	904.0
BCW-200005_01530	gnl|TC-DB|P03960|3.A.3.7.1	91.5	682	58	0	1	682	1	682	0.0e+00	1173.3
BCW-200005_01531	gnl|TC-DB|P03961|3.A.3.7.1	68.6	188	59	0	1	188	1	188	5.9e-63	236.9
BCW-200005_01535	gnl|TC-DB|P0AAF1|2.A.3.2.1	92.4	435	33	0	2	436	4	438	3.0e-227	783.9
BCW-200005_01543	gnl|TC-DB|P75733|1.B.25.1.13	83.7	478	61	4	1	471	1	468	2.5e-240	827.4
BCW-200005_01545	gnl|TC-DB|P09323|4.A.1.1.2	54.1	662	268	9	2	657	16	647	1.9e-169	592.4
BCW-200005_01562	gnl|TC-DB|P0A2L3|9.A.40.1.2	93.8	292	18	0	16	307	1	292	1.3e-155	545.4
BCW-200005_01564	gnl|TC-DB|P37902|3.A.1.3.4	91.1	302	26	1	1	301	1	302	5.5e-156	546.6
BCW-200005_01565	gnl|TC-DB|P0AER3|3.A.1.3.4	89.0	246	27	0	1	246	1	246	1.5e-122	435.3
BCW-200005_01566	gnl|TC-DB|P0AER5|3.A.1.3.4	93.3	223	15	0	1	223	1	223	4.9e-109	390.2
BCW-200005_01567	gnl|TC-DB|P0AAG3|3.A.1.3.4	91.7	241	20	0	1	241	1	241	4.2e-122	433.7
BCW-200005_01571	gnl|TC-DB|P0ADC1|1.B.42.1.2	73.3	165	44	0	1	165	1	165	7.9e-68	253.1
BCW-200005_01577	gnl|TC-DB|P0ABG7|2.A.103.1.2	96.2	370	14	0	1	370	1	370	1.2e-197	685.3
BCW-200005_01584	gnl|TC-DB|P0A843|2.A.64.1.1	85.1	67	10	0	1	67	1	67	2.1e-23	104.0
BCW-200005_01586	gnl|TC-DB|P37002|1.A.43.1.1	78.5	93	20	0	1	93	35	127	2.0e-40	161.0
BCW-200005_01589	gnl|TC-DB|P0ABP3|2.A.61.1.1	92.3	455	35	0	1	455	1	455	3.6e-223	770.4
BCW-200005_01605	gnl|TC-DB|D5CJ69|2.A.66.1.22	93.5	461	30	0	13	473	2	462	2.6e-245	844.0
BCW-200005_01611	gnl|TC-DB|P76628|2.A.1.36.3	31.3	374	253	2	10	379	8	381	3.1e-37	152.5
BCW-200005_01612	gnl|TC-DB|P40309|2.A.37.4.1	27.4	423	288	5	1	411	25	440	2.9e-38	156.0
BCW-200005_01645	gnl|TC-DB|Q91UW6|3.A.7.3.1	41.1	314	172	6	25	328	36	346	6.7e-65	244.2
BCW-200005_01646	gnl|TC-DB|O50337|3.A.7.2.1	39.8	196	113	3	230	425	199	389	8.3e-36	147.9
BCW-200005_01648	gnl|TC-DB|Q91UR4|3.A.7.3.1	31.0	213	141	3	13	224	29	236	6.1e-22	100.9
BCW-200005_01653	gnl|TC-DB|Q7VSX9|3.A.7.3.1	33.7	820	506	14	106	910	16	812	1.3e-126	450.7
BCW-200005_01665	gnl|TC-DB|P37327|1.A.16.4.1	85.1	302	45	0	7	308	4	305	9.4e-143	502.7
BCW-200005_01666	gnl|TC-DB|P76506|3.A.1.27.3	88.0	251	29	1	1	250	1	251	1.3e-134	475.3
BCW-200005_01667	gnl|TC-DB|P10384|1.B.9.1.1	76.0	450	94	3	1	440	1	446	6.7e-203	703.0
BCW-200005_01676	gnl|TC-DB|P0AD30|2.A.102.3.1	86.2	269	37	0	1	269	1	269	2.6e-128	454.5
BCW-200005_01681	gnl|TC-DB|P77549|2.A.1.46.6	85.4	391	57	0	1	391	1	391	1.6e-184	641.7
BCW-200005_01686	gnl|TC-DB|P0ABP6|9.B.27.2.3	89.0	219	24	0	1	219	1	219	3.5e-107	384.0
BCW-200005_01690	gnl|TC-DB|P08550|9.B.160.1.16	94.4	162	9	0	1	162	1	162	1.2e-80	295.4
BCW-200005_01693	gnl|TC-DB|P09551|3.A.1.3.1	88.8	260	29	0	1	260	1	260	1.2e-130	462.2
BCW-200005_01694	gnl|TC-DB|P0AEU0|3.A.1.3.29	93.5	260	17	0	1	260	1	260	9.4e-136	479.2
BCW-200005_01695	gnl|TC-DB|P0A2I9|3.A.1.3.1	92.1	228	18	0	1	228	1	228	2.2e-112	401.4
BCW-200005_01696	gnl|TC-DB|P0AEU3|3.A.1.3.29	92.4	238	18	0	1	238	1	238	6.4e-123	436.4
BCW-200005_01697	gnl|TC-DB|P07109|3.A.1.3.29	93.0	257	18	0	1	257	1	257	1.1e-131	465.7
BCW-200005_01702	gnl|TC-DB|B7LBF5|1.A.12.3.2	73.8	214	56	0	1	214	1	214	2.9e-90	327.8
BCW-200005_01706	gnl|TC-DB|B7LDS1|4.A.7.1.2	44.9	147	81	0	1	147	1	147	2.2e-33	138.3
BCW-200005_01707	gnl|TC-DB|B7LDS2|4.A.7.1.2	43.5	85	46	1	1	83	1	85	1.0e-12	68.9
BCW-200005_01708	gnl|TC-DB|B7LDR9|4.A.7.1.2	62.7	410	152	1	12	421	10	418	4.7e-146	514.2
BCW-200005_01716	gnl|TC-DB|P0AFU2|2.A.47.4.8	87.4	610	77	0	1	610	1	610	3.3e-301	1030.0
BCW-200005_01720	gnl|TC-DB|P0AFC3|3.D.1.1.1	93.9	147	8	1	1	146	1	147	1.8e-72	268.1
BCW-200005_01721	gnl|TC-DB|P0AFC7|3.D.1.1.1	96.9	224	3	1	1	224	1	220	5.8e-126	446.4
BCW-200005_01722	gnl|TC-DB|P33599|3.D.1.1.1	95.6	596	26	0	5	600	1	596	0.0e+00	1198.7
BCW-200005_01723	gnl|TC-DB|P0AFD1|3.D.1.1.1	93.4	166	11	0	1	166	1	166	5.0e-90	326.6
BCW-200005_01724	gnl|TC-DB|P31979|3.D.1.1.1	94.6	445	24	0	1	445	1	445	4.7e-260	892.9
BCW-200005_01725	gnl|TC-DB|P33602|3.D.1.1.1	90.6	907	84	1	1	906	1	907	0.0e+00	1691.4
BCW-200005_01726	gnl|TC-DB|P0AFD4|3.D.1.1.1	95.4	323	15	0	1	323	1	323	3.0e-176	614.0
BCW-200005_01727	gnl|TC-DB|P0AFD6|3.D.1.1.1	98.3	180	3	0	1	180	1	180	4.1e-90	327.0
BCW-200005_01728	gnl|TC-DB|P0AFE0|3.D.1.1.1	96.7	184	6	0	1	184	1	184	3.6e-89	323.9
BCW-200005_01729	gnl|TC-DB|P0AFE4|3.D.1.1.1	96.0	100	4	0	1	100	1	100	7.7e-30	125.9
BCW-200005_01730	gnl|TC-DB|P33607|3.D.1.1.1	93.1	613	42	0	1	613	1	613	0.0e+00	1127.5
BCW-200005_01731	gnl|TC-DB|P0AFE8|3.D.1.1.1	93.5	509	33	0	1	509	1	509	1.1e-276	948.3
BCW-200005_01732	gnl|TC-DB|P0AFF0|3.D.1.1.1	92.6	485	36	0	1	485	1	485	5.8e-248	852.8
BCW-200005_01743	gnl|TC-DB|Q8XE01|1.B.68.1.1	77.2	180	40	1	1	179	8	187	1.0e-80	295.8
BCW-200005_01748	gnl|TC-DB|P08194|2.A.1.4.3	95.2	421	20	0	1	421	1	421	3.4e-242	833.6
BCW-200005_01758	gnl|TC-DB|D6QLX8|1.B.1.1.19	81.4	377	54	5	1	371	1	367	1.9e-174	608.2
BCW-200005_01762	gnl|TC-DB|P33941|3.A.1.113.3	90.5	547	52	0	1	547	1	547	7.7e-281	962.2
BCW-200005_01763	gnl|TC-DB|Q5SMG8|1.A.26.1.2	30.4	339	233	2	141	477	110	447	6.5e-42	168.3
BCW-200005_01764	gnl|TC-DB|Q1J2S8|2.A.53.3.13	50.0	370	182	2	26	395	23	389	4.0e-88	321.6
BCW-200005_01768	gnl|TC-DB|B2JBG5|2.A.1.59.2	50.7	381	188	0	7	387	16	396	7.6e-97	350.5
BCW-200005_01776	gnl|TC-DB|P28246|2.A.1.2.7	88.6	395	45	0	1	395	1	395	1.2e-193	672.2
BCW-200005_01778	gnl|TC-DB|P33916|3.A.1.5.21	80.8	527	101	0	1	527	1	527	2.4e-239	824.3
BCW-200005_01779	gnl|TC-DB|P33915|3.A.1.5.21	83.6	341	56	0	1	341	1	341	2.0e-149	525.0
BCW-200005_01780	gnl|TC-DB|P0AFU1|3.A.1.5.21	94.0	364	22	0	1	364	1	364	2.4e-193	671.0
BCW-200005_01781	gnl|TC-DB|Q8ZNK0|3.A.1.5.24	78.9	601	127	0	1	601	1	601	6.2e-300	1025.8
BCW-200005_01783	gnl|TC-DB|E9RJ18|3.A.7.13.2	36.3	91	53	2	94	180	271	360	6.8e-11	63.9
BCW-200005_01789	gnl|TC-DB|P33026|2.A.1.20.2	83.7	393	64	0	1	393	1	393	1.0e-189	659.1
BCW-200005_01790	gnl|TC-DB|P69811|4.A.2.1.1	89.4	376	40	0	1	376	1	376	1.1e-185	645.6
BCW-200005_01792	gnl|TC-DB|P20966|4.A.2.1.1	90.4	563	52	2	1	561	1	563	2.1e-249	857.8
BCW-200005_01794	gnl|TC-DB|P62723|2.A.98.1.3	87.1	349	44	1	1	348	1	349	9.8e-165	575.9
BCW-200005_01796	gnl|TC-DB|P25737|2.A.3.1.2	92.6	489	36	0	1	489	1	489	2.6e-264	907.1
BCW-200005_01797	gnl|TC-DB|P17315|1.B.14.1.4	34.7	668	371	18	26	661	29	663	2.7e-94	342.8
BCW-200005_01799	gnl|TC-DB|Q9I3T2|2.A.1.51.4	46.8	372	194	3	7	375	14	384	2.9e-77	285.4
BCW-200005_01801	gnl|TC-DB|P25747|9.B.169.1.2	80.0	385	77	0	1	385	1	385	2.9e-181	630.9
BCW-200005_01803	gnl|TC-DB|P0AEE5|3.A.1.2.3	95.2	332	16	0	1	332	1	332	2.3e-179	624.4
BCW-200005_01804	gnl|TC-DB|P0AAG8|3.A.1.2.3	96.0	506	20	0	1	506	1	506	6.4e-282	965.7
BCW-200005_01805	gnl|TC-DB|P23200|3.A.1.2.3	93.8	336	21	0	1	336	1	336	1.1e-165	578.9
BCW-200005_01807	gnl|TC-DB|P0AFY2|9.B.114.1.1	88.3	239	28	0	1	239	1	239	3.3e-119	424.1
BCW-200005_01809	gnl|TC-DB|C6EAH0|2.A.122.1.1	90.0	231	23	0	1	231	1	231	7.1e-111	396.4
BCW-200005_01810	gnl|TC-DB|F4V3T5|1.E.14.1.4	89.8	128	13	0	1	128	4	131	6.1e-43	169.9
BCW-200005_01815	gnl|TC-DB|P08722|4.A.1.2.2	55.8	620	263	1	6	614	4	623	5.4e-198	687.2
BCW-200005_01817	gnl|TC-DB|P33369|1.B.17.3.10	69.3	463	137	2	12	469	14	476	2.1e-173	605.1
BCW-200005_01819	gnl|TC-DB|E4PCL6|9.B.27.2.7	81.5	189	35	0	1	189	1	189	4.5e-87	317.0
BCW-200005_01820	gnl|TC-DB|J2MRK2|9.B.29.3.1	40.7	182	108	0	7	188	8	189	9.8e-37	149.8
BCW-200005_01825	gnl|TC-DB|P33362|3.A.1.12.15	86.2	305	42	0	1	305	1	305	1.3e-144	508.8
BCW-200005_01826	gnl|TC-DB|P33361|3.A.1.12.15	61.7	379	145	0	7	385	7	385	4.3e-121	431.0
BCW-200005_01827	gnl|TC-DB|P33360|3.A.1.12.15	82.4	306	53	1	1	306	1	305	1.4e-141	498.8
BCW-200005_01828	gnl|TC-DB|P33359|3.A.1.12.15	79.8	243	49	0	1	243	1	243	3.0e-99	357.8
BCW-200005_01831	gnl|TC-DB|Q81JL2|9.B.33.1.1	30.8	581	363	10	5	555	3	574	3.4e-74	275.8
BCW-200005_01835	gnl|TC-DB|A0L4L0|3.A.1.132.3	38.5	348	185	6	12	350	2	329	2.1e-56	216.1
BCW-200005_01837	gnl|TC-DB|P64534|2.A.113.1.1	63.4	112	39	1	1	110	1	112	1.7e-33	138.3
BCW-200005_01838	gnl|TC-DB|P0A932|1.B.18.3.8	73.9	379	98	1	7	385	1	378	3.3e-161	564.3
BCW-200005_01840	gnl|TC-DB|P38134|8.A.3.3.1	57.3	698	298	0	15	712	14	711	5.7e-223	770.4
BCW-200005_01841	gnl|TC-DB|P31440|2.A.40.7.4	33.6	432	285	2	3	434	4	433	1.1e-67	253.8
BCW-200005_01848	gnl|TC-DB|P30000|2.A.1.5.3	39.5	408	239	6	10	413	12	415	3.2e-77	285.4
BCW-200005_01857	gnl|TC-DB|P76417|2.A.1.10.4	90.6	425	40	0	1	425	1	425	1.3e-222	768.5
BCW-200005_01865	gnl|TC-DB|P36554|2.A.1.3.26	81.7	469	86	0	1	469	1	469	4.8e-215	743.4
BCW-200005_01866	gnl|TC-DB|P76399|2.A.6.2.12	91.8	1024	84	0	1	1024	1	1024	0.0e+00	1784.2
BCW-200005_01867	gnl|TC-DB|P76398|2.A.6.2.12	89.8	1040	106	0	1	1040	1	1040	0.0e+00	1750.3
BCW-200005_01868	gnl|TC-DB|P76397|8.A.1.6.2	85.0	400	58	1	1	400	1	398	8.3e-176	612.8
BCW-200005_01871	gnl|TC-DB|Q1J0W6|9.B.34.1.1	35.9	167	95	4	683	848	190	345	9.3e-15	79.3
BCW-200005_01874	gnl|TC-DB|P28249|9.B.22.2.1	71.2	617	177	1	1	616	1	617	2.4e-254	874.4
BCW-200005_01875	gnl|TC-DB|L5DDD7|2.A.109.2.3	86.1	527	73	0	1	527	370	896	2.2e-253	870.9
BCW-200005_01876	gnl|TC-DB|P0A930|1.B.18.3.1	93.4	379	25	0	1	379	1	379	3.0e-207	717.2
BCW-200005_01878	gnl|TC-DB|P76387|8.A.3.3.2	86.5	720	97	0	1	720	1	720	0.0e+00	1199.5
BCW-200005_01891	gnl|TC-DB|G0CIY2|9.B.18.1.1	39.0	464	258	11	19	464	28	484	6.5e-79	291.2
BCW-200005_01892	gnl|TC-DB|P77377|2.A.66.2.7	88.4	492	57	0	1	492	1	492	1.6e-237	818.1
BCW-200005_01898	gnl|TC-DB|G2HLY8|9.B.146.1.2	34.1	317	196	3	6	322	2	305	4.3e-43	171.8
BCW-200005_01900	gnl|TC-DB|Q6MMD5|9.B.18.2.1	53.0	579	262	5	3	576	53	626	6.1e-159	557.4
BCW-200005_01908	gnl|TC-DB|P0AAA7|2.A.66.2.3	29.8	396	278	0	8	403	7	402	2.1e-44	176.4
BCW-200005_01927	gnl|TC-DB|P0AA47|2.A.3.1.14	88.5	452	52	0	1	452	1	452	1.1e-229	792.0
BCW-200005_01931	gnl|TC-DB|P33011|2.A.85.7.1	74.1	352	91	0	1	352	1	352	5.8e-157	550.1
BCW-200005_01935	gnl|TC-DB|P94400|9.B.10.1.1	27.6	377	193	12	1	308	1	366	6.3e-25	111.3
BCW-200005_01937	gnl|TC-DB|Q8ZJY5|2.A.114.1.10	91.9	717	57	1	1	717	1	716	0.0e+00	1308.5
BCW-200005_01944	gnl|TC-DB|Q9RPV1|2.A.1.14.9	72.2	425	111	2	15	432	25	449	2.0e-173	605.1
BCW-200005_01959	gnl|TC-DB|O07002|2.A.3.11.1	58.7	518	213	1	15	531	3	520	1.7e-184	642.1
BCW-200005_01961	gnl|TC-DB|M3JA40|1.B.52.2.1	57.4	68	29	0	354	421	283	350	6.6e-14	75.5
BCW-200005_01971	gnl|TC-DB|Q8FA71|2.A.79.2.1	88.0	250	30	0	8	257	27	276	6.0e-127	449.9
BCW-200005_01975	gnl|TC-DB|Q9KSH4|4.A.3.2.6	52.5	425	198	1	8	432	7	427	7.0e-123	437.2
BCW-200005_01977	gnl|TC-DB|P76330|9.B.34.1.4	34.8	184	112	3	172	349	381	562	8.5e-23	104.4
BCW-200005_02000	gnl|TC-DB|P24518|4.B.1.1.1	93.2	410	28	0	1	410	1	410	1.2e-233	805.1
BCW-200005_02003	gnl|TC-DB|P43672|3.A.1.120.6	34.0	512	327	6	21	527	18	523	4.2e-77	285.4
BCW-200005_02011	gnl|TC-DB|Q9HV74|2.A.21.9.1	30.7	257	155	7	231	471	726	975	1.7e-18	90.5
BCW-200005_02020	gnl|TC-DB|P30143|2.A.25.1.10	69.7	476	144	0	1	476	1	476	8.1e-186	646.4
BCW-200005_02023	gnl|TC-DB|Q5ZYB5|3.A.7.9.1	33.1	411	265	5	10	415	2	407	1.9e-51	199.9
BCW-200005_02024	gnl|TC-DB|P0AC98|2.A.96.1.1	86.7	188	25	0	1	188	1	188	5.1e-91	330.1
BCW-200005_02025	gnl|TC-DB|P0A6Y8|1.A.33.1.2	96.1	638	24	1	1	637	1	638	0.0e+00	1161.7
BCW-200005_02027	gnl|TC-DB|P13738|2.A.33.1.1	75.8	384	93	0	1	384	1	384	3.6e-155	544.3
BCW-200005_02032	gnl|TC-DB|B8I766|9.B.105.1.5	32.7	162	94	5	13	165	2	157	7.6e-14	73.6
BCW-200005_02039	gnl|TC-DB|P0A754|2.A.37.1.1	88.6	176	20	0	1	176	1	176	3.4e-97	350.5
BCW-200005_02040	gnl|TC-DB|P03819|2.A.37.1.1	86.0	621	86	1	1	621	1	620	2.1e-295	1010.7
BCW-200005_02047	gnl|TC-DB|P31554|1.B.42.1.2	81.9	786	139	2	1	785	1	784	0.0e+00	1368.6
BCW-200005_02057	gnl|TC-DB|P31548|3.A.1.19.1	74.8	230	58	0	1	230	1	230	1.9e-95	345.1
BCW-200005_02058	gnl|TC-DB|P31549|3.A.1.19.1	82.5	536	94	0	1	536	1	536	3.0e-253	870.5
BCW-200005_02059	gnl|TC-DB|P31550|3.A.1.19.1	89.6	327	34	0	1	327	1	327	9.2e-173	602.4
BCW-200005_02062	gnl|TC-DB|P31675|2.A.1.20.1	86.7	392	52	0	1	392	1	392	3.2e-188	654.1
BCW-200005_02063	gnl|TC-DB|G2H2C1|1.E.53.1.8	62.0	50	19	0	1	50	20	69	3.6e-12	66.2
BCW-200005_02078	gnl|TC-DB|P0A6W3|9.B.146.1.6	98.1	360	7	0	1	360	1	360	3.6e-202	700.3
BCW-200005_02080	gnl|TC-DB|P0ABG4|2.A.103.1.1	90.3	414	40	0	1	414	1	414	5.7e-212	733.0
BCW-200005_02089	gnl|TC-DB|P10408|3.A.5.1.1	90.8	900	83	0	1	900	1	900	0.0e+00	1589.3
BCW-200005_02095	gnl|TC-DB|P22609|3.A.15.2.1	30.0	333	228	2	64	391	41	373	3.1e-42	169.1
BCW-200005_02096	gnl|TC-DB|P22608|3.A.15.2.1	42.1	454	238	7	11	453	124	563	1.2e-88	323.6
BCW-200005_02109	gnl|TC-DB|P0AE14|9.B.125.1.1	82.0	284	51	0	1	284	1	284	1.7e-130	461.8
BCW-200005_02111	gnl|TC-DB|P31435|2.A.2.3.4	46.3	460	244	3	1	459	1	458	6.2e-122	434.1
BCW-200005_02112	gnl|TC-DB|P15993|2.A.3.1.3	93.4	456	30	0	1	456	2	457	5.3e-243	836.3
BCW-200005_02126	gnl|TC-DB|P0AA95|8.A.2.1.3	95.7	115	5	0	14	128	1	115	5.4e-60	226.5
BCW-200005_02127	gnl|TC-DB|P36649|1.B.76.1.8	82.6	522	85	1	14	535	1	516	1.6e-251	864.8
BCW-200005_02130	gnl|TC-DB|Q8F8H7|2.A.53.3.8	46.8	188	99	1	7	193	544	731	2.4e-52	201.8
BCW-200005_02131	gnl|TC-DB|P36879|3.A.1.105.17	93.8	308	19	0	1	308	1	308	2.9e-160	560.8
BCW-200005_02132	gnl|TC-DB|P0AFN6|3.A.1.105.17	91.8	256	21	0	1	256	1	256	2.6e-130	461.1
BCW-200005_02139	gnl|TC-DB|P33129|1.B.11.3.3	46.4	858	439	7	12	853	12	864	1.4e-225	779.2
BCW-200005_02153	gnl|TC-DB|P06971|1.B.14.1.2	89.6	749	76	2	1	749	1	747	0.0e+00	1363.2
BCW-200005_02154	gnl|TC-DB|P07821|3.A.1.14.3	92.1	265	21	0	1	265	1	265	3.7e-140	493.8
BCW-200005_02155	gnl|TC-DB|P07822|3.A.1.14.3	74.6	291	74	0	6	296	6	296	6.7e-130	459.9
BCW-200005_02156	gnl|TC-DB|P06972|3.A.1.14.3	83.9	660	106	0	1	660	1	660	9.8e-307	1048.5
BCW-200005_02158	gnl|TC-DB|A8ALD3|2.A.49.5.5	83.1	462	78	0	1	462	1	462	1.4e-211	731.9
BCW-200005_02160	gnl|TC-DB|I7MT28|1.A.62.2.2	88.2	203	24	0	1	203	1	203	1.1e-97	352.4
BCW-200005_02161	gnl|TC-DB|Q8ZRP7|3.A.1.13.1	76.9	264	61	0	1	264	1	264	1.6e-114	408.7
BCW-200005_02178	gnl|TC-DB|P0A943|1.B.33.1.3	89.2	813	77	4	1	805	1	810	0.0e+00	1480.3
BCW-200005_02198	gnl|TC-DB|P28635|3.A.1.24.1	96.3	271	10	0	1	271	1	271	2.1e-146	514.6
BCW-200005_02199	gnl|TC-DB|P31547|3.A.1.24.1	96.8	217	7	0	1	217	1	217	4.8e-77	283.9
BCW-200005_02200	gnl|TC-DB|P30750|3.A.1.24.1	93.6	343	22	0	1	343	1	343	4.8e-180	626.7
BCW-200005_02208	gnl|TC-DB|Q98CY5|2.A.99.1.3	36.1	169	99	5	7	166	12	180	4.8e-14	74.3
BCW-200005_02214	gnl|TC-DB|Q46909|2.A.1.1.95	25.2	432	293	11	47	477	20	422	2.9e-21	99.8
BCW-200005_02215	gnl|TC-DB|P60782|9.B.31.1.1	92.7	205	15	0	1	205	1	205	6.5e-108	386.3
BCW-200005_02227	gnl|TC-DB|P75750|1.B.11.2.2	56.5	662	279	5	14	669	14	672	4.6e-223	770.8
BCW-200005_02228	gnl|TC-DB|B7LAC5|1.C.80.1.4	45.7	188	99	3	1	185	1	188	1.3e-33	139.4
BCW-200005_02229	gnl|TC-DB|P0A8H3|2.A.5.5.1	90.7	257	24	0	1	257	1	257	3.4e-114	407.5
BCW-200005_02233	gnl|TC-DB|P02930|1.B.17.1.1	83.8	495	78	1	1	495	1	493	6.0e-216	746.5
BCW-200005_02239	gnl|TC-DB|Q21EL3|1.B.14.1.24	28.4	718	459	19	17	713	16	699	1.3e-57	221.1
BCW-200005_02240	gnl|TC-DB|Q9RCF3|3.A.1.14.6	54.3	254	116	0	43	296	21	274	3.3e-76	281.6
BCW-200005_02241	gnl|TC-DB|Q8GRB2|3.A.1.14.8	42.2	294	155	4	40	325	56	342	2.1e-47	186.0
BCW-200005_02242	gnl|TC-DB|Q8GRB1|3.A.1.14.8	38.4	331	190	6	17	343	1	321	9.5e-43	170.6
BCW-200005_02253	gnl|TC-DB|P36649|1.B.76.1.8	31.8	515	287	10	3	459	1	509	2.3e-63	239.6
BCW-200005_02255	gnl|TC-DB|P80874|8.A.5.1.4	34.7	150	75	7	17	145	15	162	4.3e-14	75.1
BCW-200005_02258	gnl|TC-DB|P0AA60|9.B.27.2.1	84.9	219	33	0	1	219	1	219	7.2e-105	376.3
BCW-200005_02260	gnl|TC-DB|P0ABU7|1.A.30.2.1	84.8	244	36	1	1	243	1	244	2.7e-105	377.9
BCW-200005_02261	gnl|TC-DB|P0ABV2|1.A.30.2.1	78.7	141	30	0	1	141	1	141	2.3e-56	214.5
BCW-200005_02266	gnl|TC-DB|P63144|8.A.5.1.3	34.9	324	196	8	13	329	71	386	3.5e-45	178.7
BCW-200005_02277	gnl|TC-DB|P42061|3.A.1.5.20	29.1	501	327	12	39	518	41	534	5.1e-48	188.7
BCW-200005_02278	gnl|TC-DB|P42062|3.A.1.5.20	40.8	314	185	1	1	313	1	314	4.3e-66	248.1
BCW-200005_02279	gnl|TC-DB|P26904|3.A.1.5.2	39.1	276	166	2	6	279	45	320	1.7e-50	196.1
BCW-200005_02280	gnl|TC-DB|P26905|3.A.1.5.2	56.4	319	137	2	1	317	1	319	1.3e-97	352.8
BCW-200005_02281	gnl|TC-DB|O86575|3.A.1.5.34	53.9	317	142	3	8	320	39	355	5.9e-95	344.0
BCW-200005_02284	gnl|TC-DB|P75905|4.D.1.1.3	65.3	438	151	1	1	438	1	437	5.8e-170	593.6
BCW-200005_02286	gnl|TC-DB|P69434|1.B.55.1.1	42.3	792	440	6	54	840	28	807	6.9e-172	600.9
BCW-200005_02292	gnl|TC-DB|Q46831|9.B.120.1.1	80.3	238	44	1	1	238	1	235	1.7e-96	348.6
BCW-200005_02296	gnl|TC-DB|Q8VS41|2.A.24.2.5	81.2	453	84	1	1	452	1	453	2.2e-209	724.5
BCW-200005_02304	gnl|TC-DB|P0AFF4|2.A.1.10.1	78.9	418	88	0	1	418	1	418	5.8e-188	653.3
BCW-200005_02314	gnl|TC-DB|P64564|9.A.4.1.2	86.2	188	26	0	1	188	1	188	1.9e-85	311.6
BCW-200005_02316	gnl|TC-DB|P24559|3.A.15.2.1	47.1	327	170	1	1	324	1	327	6.1e-76	280.8
BCW-200005_02323	gnl|TC-DB|P0AEP1|2.A.1.1.1	95.1	465	22	1	1	465	1	464	2.4e-251	864.0
BCW-200005_02327	gnl|TC-DB|O24779|1.B.25.1.3	61.8	424	160	2	1	422	2	425	1.1e-149	526.2
BCW-200005_02333	gnl|TC-DB|P0C0S1|1.A.23.2.1	84.8	282	43	0	1	282	1	282	1.2e-115	412.5
BCW-200005_02334	gnl|TC-DB|P11667|2.A.75.1.2	90.5	211	20	0	1	211	1	211	7.9e-109	389.4
BCW-200005_02349	gnl|TC-DB|Q86Z14|8.A.49.1.2	26.0	481	298	15	5	477	80	510	2.2e-37	153.3
BCW-200005_02352	gnl|TC-DB|P67153|1.C.113.1.10	91.3	218	19	0	1	218	1	218	2.2e-109	391.3
BCW-200005_02363	gnl|TC-DB|B7LEG0|1.A.34.1.2	42.0	262	95	3	35	239	116	377	1.2e-50	196.4
BCW-200005_02367	gnl|TC-DB|Q8TZQ3|3.A.1.1.16	51.2	242	116	1	13	252	13	254	2.8e-66	248.8
BCW-200005_02368	gnl|TC-DB|O54371|3.A.1.20.1	24.5	261	188	5	15	274	16	268	1.7e-15	80.9
BCW-200005_02376	gnl|TC-DB|P63340|2.A.42.2.5	80.8	407	78	0	1	407	1	407	9.7e-180	625.9
BCW-200005_02377	gnl|TC-DB|Q8XG43|2.A.117.1.3	81.1	148	28	0	1	148	10	157	1.4e-62	235.3
BCW-200005_02382	gnl|TC-DB|P0AE24|2.A.1.1.2	92.2	472	36	1	1	471	1	472	9.0e-246	845.5
BCW-200005_02386	gnl|TC-DB|P25733|1.B.11.4.1	28.3	873	586	17	21	884	24	865	2.4e-90	330.1
BCW-200005_02391	gnl|TC-DB|A6VKT0|3.A.1.2.13	24.0	262	192	4	61	318	26	284	4.3e-11	65.5
BCW-200005_02392	gnl|TC-DB|U5MFA1|4.A.3.2.9	93.9	440	25	1	1	440	1	438	6.5e-230	792.7
BCW-200005_02397	gnl|TC-DB|P31119|4.C.1.1.16	88.0	718	86	0	1	718	1	718	0.0e+00	1286.2
BCW-200005_02398	gnl|TC-DB|P39196|2.A.1.42.1	88.2	363	43	0	1	363	1	363	3.7e-176	614.0
BCW-200005_02399	gnl|TC-DB|P0A9T4|8.A.5.1.5	91.0	346	31	0	1	346	1	346	1.3e-185	645.2
BCW-200005_02403	gnl|TC-DB|Q9HY55|4.A.2.1.17	36.8	568	339	8	170	733	402	953	1.8e-83	307.0
BCW-200005_02413	gnl|TC-DB|Q6MDD6|3.A.7.16.1	27.9	569	305	15	40	589	219	701	4.7e-37	152.5
BCW-200005_02443	gnl|TC-DB|P0AGA2|3.A.5.1.1	98.6	443	6	0	1	443	1	443	1.4e-243	838.2
BCW-200005_02452	gnl|TC-DB|P0A742|1.A.22.1.1	94.8	135	7	0	1	135	1	135	9.1e-66	245.7
BCW-200005_02453	gnl|TC-DB|P0AGI8|2.A.38.1.1	97.2	458	13	0	1	458	1	458	2.0e-250	860.9
BCW-200005_02457	gnl|TC-DB|Q8VRK4|3.A.11.1.3	36.7	281	152	4	87	362	70	329	1.3e-37	153.7
BCW-200005_02465	gnl|TC-DB|P0AEX3|2.A.1.6.2	84.7	432	65	1	1	431	1	432	5.2e-208	719.9
BCW-200005_02474	gnl|TC-DB|O00571|1.I.1.1.3	35.2	369	214	8	3	350	179	543	1.3e-49	193.7
BCW-200005_02476	gnl|TC-DB|F9VN10|3.D.10.1.4	35.0	537	311	15	10	522	7	529	8.3e-70	261.2
BCW-200005_02491	gnl|TC-DB|P77272|4.A.1.2.7	38.8	469	255	14	4	447	6	467	2.7e-69	259.2
BCW-200005_02498	gnl|TC-DB|Q9KN48|3.A.23.1.1	43.7	261	136	1	109	369	176	425	7.4e-56	214.5
BCW-200005_02503	gnl|TC-DB|Q47142|2.A.1.27.1	82.9	375	64	0	1	375	1	375	3.4e-179	624.0
BCW-200005_02506	gnl|TC-DB|D7A5Z9|2.A.113.1.7	38.6	223	125	4	68	284	64	280	3.9e-30	128.6
BCW-200005_02514	gnl|TC-DB|P44669|9.A.41.1.1	68.4	617	193	2	1	616	1	616	5.9e-229	790.0
BCW-200005_02522	gnl|TC-DB|Q57071|4.A.1.1.13	37.6	502	292	8	2	500	3	486	2.1e-83	306.2
BCW-200005_02531	gnl|TC-DB|P77774|1.B.33.1.3	81.9	392	71	0	1	392	1	392	1.1e-164	575.9
BCW-200005_02533	gnl|TC-DB|Q5KYD1|2.A.17.1.7	36.5	499	290	11	11	503	16	493	4.6e-78	288.5
BCW-200005_02548	gnl|TC-DB|B8H228|3.A.1.2.21	41.7	302	174	2	7	306	23	324	2.3e-64	242.3
BCW-200005_02549	gnl|TC-DB|B8H229|3.A.1.2.21	54.2	502	225	3	5	506	3	499	3.9e-141	498.0
BCW-200005_02550	gnl|TC-DB|B8H230|3.A.1.2.21	54.5	323	140	2	17	339	16	331	3.5e-90	328.2
BCW-200005_02555	gnl|TC-DB|A8GHT9|2.A.1.36.2	54.9	381	172	0	12	392	20	400	1.9e-103	372.5
BCW-200005_02560	gnl|TC-DB|P64545|9.B.209.1.1	72.9	59	16	0	1	59	1	59	1.5e-20	94.4
BCW-200005_02567	gnl|TC-DB|Q9UEF7|8.A.49.1.1	29.1	488	285	20	4	473	61	505	5.5e-41	165.2
BCW-200005_02569	gnl|TC-DB|P0AGM7|2.A.40.1.1	92.5	425	32	0	1	425	1	425	1.5e-215	745.0
BCW-200005_02573	gnl|TC-DB|P46317|4.A.3.2.2	38.2	432	250	5	1	419	1	428	4.2e-80	295.0
BCW-200005_02577	gnl|TC-DB|P0AFI9|2.A.86.1.1	86.4	353	48	0	1	353	1	353	4.5e-165	577.0
BCW-200005_02581	gnl|TC-DB|P0A903|1.B.33.1.3	85.8	344	49	0	1	344	1	344	8.5e-169	589.3
BCW-200005_02590	gnl|TC-DB|P24177|2.A.6.2.7	90.6	1037	97	0	1	1037	1	1037	0.0e+00	1813.5
BCW-200005_02592	gnl|TC-DB|P23481|3.D.1.9.1	34.9	215	100	4	1	185	1	205	3.9e-29	126.3
BCW-200005_02601	gnl|TC-DB|P76538|9.B.127.1.1	73.6	144	38	0	1	144	1	144	1.8e-59	224.9
BCW-200005_02604	gnl|TC-DB|P16700|3.A.1.6.1	93.5	336	21	1	1	335	1	336	2.9e-182	634.0
BCW-200005_02605	gnl|TC-DB|P16701|3.A.1.6.1	96.8	277	9	0	1	277	1	277	6.9e-145	509.6
BCW-200005_02606	gnl|TC-DB|P0AEB0|3.A.1.6.1	91.8	291	24	0	1	291	1	291	3.4e-150	527.3
BCW-200005_02607	gnl|TC-DB|P16676|3.A.1.6.1	93.7	365	22	1	1	364	1	365	4.6e-197	683.3
BCW-200005_02610	gnl|TC-DB|P69783|4.A.1.1.1	97.6	169	4	0	1	169	1	169	4.7e-88	320.1
BCW-200005_02611	gnl|TC-DB|P08839|8.A.7.1.1	97.6	575	14	0	1	575	1	575	6.8e-312	1065.4
BCW-200005_02612	gnl|TC-DB|P0AA04|8.A.8.1.1	100.0	85	0	0	1	85	1	85	1.4e-40	161.4
BCW-200005_02614	gnl|TC-DB|P0A6J3|2.A.121.1.1	88.5	253	29	0	1	253	1	253	3.1e-136	480.7
BCW-200005_02618	gnl|TC-DB|P39836|2.A.28.3.4	88.0	332	39	1	1	331	1	332	2.2e-158	554.7
BCW-200005_02631	gnl|TC-DB|P0AFF2|2.A.41.1.1	93.5	400	21	1	1	395	1	400	6.1e-195	676.4
BCW-200005_02632	gnl|TC-DB|P0A769|2.A.55.3.1	92.5	412	31	0	1	412	1	412	2.0e-209	724.5
BCW-200005_02634	gnl|TC-DB|P63144|8.A.5.1.3	36.2	309	181	10	13	312	71	372	9.7e-45	177.2
BCW-200005_02636	gnl|TC-DB|H5KWQ5|2.A.49.7.1	80.9	408	78	0	1	408	1	408	3.7e-179	624.0
BCW-200005_02639	gnl|TC-DB|B3XQE5|9.B.33.1.2	32.1	580	349	14	6	551	4	572	1.3e-68	257.3
BCW-200005_02675	gnl|TC-DB|P0AAP1|9.B.34.1.2	29.2	216	128	6	172	384	176	369	8.2e-16	82.0
BCW-200005_02680	gnl|TC-DB|O51919|2.A.1.3.24	53.8	506	233	1	7	512	6	510	4.4e-153	537.7
BCW-200005_02681	gnl|TC-DB|O51918|2.A.1.3.24	46.0	339	182	1	39	376	35	373	1.0e-74	276.9
BCW-200005_02682	gnl|TC-DB|A6XV56|1.B.17.3.6	43.6	468	253	5	35	497	22	483	3.7e-96	348.6
BCW-200005_02685	gnl|TC-DB|D4ZZR3|9.B.34.1.3	36.0	228	132	5	362	585	176	393	1.4e-30	131.0
BCW-200005_02686	gnl|TC-DB|Q1DBZ0|2.A.86.2.2	27.6	341	237	6	12	348	14	348	7.5e-22	101.3
BCW-200005_02687	gnl|TC-DB|Q47689|2.A.3.1.10	92.5	467	34	1	1	466	1	467	3.6e-247	850.1
BCW-200005_02689	gnl|TC-DB|Q47537|3.A.1.17.1	89.4	320	34	0	1	320	1	320	1.6e-161	565.1
BCW-200005_02690	gnl|TC-DB|Q47538|3.A.1.17.1	88.2	255	30	0	1	255	1	255	4.6e-127	450.3
BCW-200005_02691	gnl|TC-DB|Q47539|3.A.1.17.1	80.7	275	53	0	1	275	1	275	6.7e-116	413.3
BCW-200005_02695	gnl|TC-DB|Q8X5H7|1.B.12.2.7	60.4	993	311	17	1	924	1	980	4.4e-305	1043.5
BCW-200005_02699	gnl|TC-DB|P0AFY6|9.A.18.1.1	90.1	406	40	0	1	406	1	406	1.3e-211	731.9
BCW-200005_02705	gnl|TC-DB|P25744|2.A.1.2.20	61.1	393	152	1	3	395	11	402	1.7e-128	455.7
BCW-200005_02709	gnl|TC-DB|P0AAP1|9.B.34.1.2	61.3	367	142	0	1	367	5	371	2.3e-132	468.4
BCW-200005_02722	gnl|TC-DB|P0AF43|2.A.58.2.1	87.1	543	70	0	1	543	1	543	1.7e-248	854.7
BCW-200005_02727	gnl|TC-DB|Q9K0A9|2.A.28.2.4	44.7	300	164	1	3	300	9	308	9.8e-63	236.9
BCW-200005_02733	gnl|TC-DB|D8EPC3|1.B.14.16.4	89.7	698	72	0	1	698	1	698	0.0e+00	1325.5
BCW-200005_02735	gnl|TC-DB|P68183|3.A.1.1.1	92.9	296	21	0	1	296	1	296	7.9e-155	542.7
BCW-200005_02736	gnl|TC-DB|P02916|3.A.1.1.1	90.1	514	51	0	1	514	1	514	6.3e-269	922.5
BCW-200005_02737	gnl|TC-DB|P0AEX9|3.A.1.1.1	92.2	396	31	0	1	396	1	396	3.9e-218	753.4
BCW-200005_02738	gnl|TC-DB|P68187|3.A.1.1.1	94.6	371	18	1	1	369	1	371	2.2e-199	691.0
BCW-200005_02739	gnl|TC-DB|P02943|1.B.3.1.1	80.1	452	73	2	1	441	1	446	5.7e-218	753.1
BCW-200005_02743	gnl|TC-DB|P37617|3.A.3.6.2	78.4	732	149	7	1	723	1	732	4.4e-300	1026.5
BCW-200005_02746	gnl|TC-DB|Q9FI56|3.A.9.1.2	45.7	865	387	15	12	856	106	907	1.3e-205	713.0
BCW-200005_02749	gnl|TC-DB|P0AC02|1.B.33.1.3	94.3	245	14	0	1	245	1	245	1.7e-131	464.9
BCW-200005_02758	gnl|TC-DB|P07021|1.B.6.1.21	75.2	161	39	1	1	161	1	160	3.7e-66	247.3
BCW-200005_02765	gnl|TC-DB|P0AGD7|3.A.5.1.1	93.6	453	29	0	1	453	1	453	5.3e-235	809.7
BCW-200005_02766	gnl|TC-DB|P64432|9.B.14.3.6	90.0	260	26	0	26	285	1	260	1.6e-128	455.3
BCW-200005_02767	gnl|TC-DB|P37908|9.A.40.2.4	89.9	407	41	0	7	413	22	428	2.6e-204	707.6
BCW-200005_02772	gnl|TC-DB|P0A937|1.B.33.1.3	90.1	111	11	0	1	111	1	111	1.1e-53	205.3
BCW-200005_02810	gnl|TC-DB|P0AB93|3.A.4.1.1	87.4	429	54	0	1	429	1	429	9.5e-210	725.7
BCW-200005_02828	gnl|TC-DB|Q9I2M1|3.A.1.109.4	36.2	668	422	3	40	707	42	705	5.2e-115	411.8
BCW-200005_02829	gnl|TC-DB|Q9I2M0|3.A.1.109.4	40.5	368	215	4	29	393	27	393	9.8e-68	253.8
BCW-200005_02847	gnl|TC-DB|A8ANM6|2.A.104.1.1	93.3	149	10	0	1	149	1	149	5.3e-75	276.6
BCW-200005_02854	gnl|TC-DB|P14175|3.A.1.12.1	94.2	399	23	0	1	399	1	399	2.3e-213	737.6
BCW-200005_02855	gnl|TC-DB|P14176|3.A.1.12.1	73.4	354	94	0	1	354	1	354	6.5e-132	466.8
BCW-200005_02856	gnl|TC-DB|P0AFM2|3.A.1.12.1	82.5	331	57	1	1	331	1	330	8.5e-166	579.3
BCW-200005_02857	gnl|TC-DB|P76628|2.A.1.36.3	85.5	392	57	0	1	392	1	392	2.5e-172	601.3
BCW-200005_02859	gnl|TC-DB|P27303|8.A.1.1.1	85.1	390	58	0	1	390	1	390	3.4e-174	607.4
BCW-200005_02860	gnl|TC-DB|P0AEJ0|2.A.1.3.2	93.0	515	33	1	1	515	1	512	2.3e-274	940.6
BCW-200005_02865	gnl|TC-DB|E1P8P0|9.B.27.3.1	88.7	142	16	0	1	142	1	142	1.3e-67	251.9
BCW-200005_02876	gnl|TC-DB|Q5FA63|3.A.1.15.10	40.2	306	158	4	1	285	6	307	6.4e-53	204.1
BCW-200005_02877	gnl|TC-DB|A1IQK4|3.A.1.15.10	54.2	271	123	1	3	273	4	273	7.5e-70	260.4
BCW-200005_02878	gnl|TC-DB|A1IQK5|3.A.1.15.10	41.6	202	117	1	2	202	13	214	5.8e-38	154.1
BCW-200005_02884	gnl|TC-DB|P77257|3.A.1.2.8	60.2	492	193	2	4	492	11	502	2.6e-163	571.6
BCW-200005_02885	gnl|TC-DB|P77672|3.A.1.2.8	65.5	339	117	0	1	339	2	340	2.5e-112	401.7
BCW-200005_02886	gnl|TC-DB|P0AFS1|3.A.1.2.8	72.5	316	87	0	1	316	3	318	1.1e-120	429.5
BCW-200005_02887	gnl|TC-DB|P76142|3.A.1.2.8	83.2	334	52	1	4	333	7	340	2.0e-159	558.1
BCW-200005_02899	gnl|TC-DB|Q3YL97|1.B.20.1.3	63.5	537	194	1	24	558	52	588	4.5e-204	707.2
BCW-200005_02900	gnl|TC-DB|917745143|1.C.75.1.2	32.6	3639	1698	83	5	3114	44	3456	3.1e-124	444.5
BCW-200005_02907	gnl|TC-DB|P42915|1.B.11.3.6	33.0	628	400	10	74	698	139	748	4.4e-87	318.9
BCW-200005_02925	gnl|TC-DB|Q9KW03|9.A.33.1.1	43.8	169	89	2	2	165	5	172	4.5e-29	126.3
BCW-200005_02948	gnl|TC-DB|P45522|2.A.37.1.2	90.0	601	60	0	1	601	1	601	5.3e-299	1022.7
BCW-200005_02949	gnl|TC-DB|P0A756|2.A.37.1.2	88.0	183	22	0	1	183	2	184	3.0e-96	347.4
BCW-200005_02950	gnl|TC-DB|Q83XH1|3.A.1.121.4	31.0	513	345	4	1	505	1	512	3.8e-74	275.8
BCW-200005_02954	gnl|TC-DB|O32715|2.A.69.3.3	89.0	319	35	0	1	319	1	319	7.4e-151	529.6
BCW-200005_02955	gnl|TC-DB|O06927|3.B.1.1.4	37.8	164	99	2	52	212	63	226	5.3e-25	111.3
BCW-200005_02956	gnl|TC-DB|O06926|3.B.1.1.4	39.9	243	136	2	4	236	9	251	6.2e-45	177.6
BCW-200005_02959	gnl|TC-DB|O06924|3.B.1.1.4	59.2	529	206	2	30	551	29	554	6.5e-187	650.2
BCW-200005_02965	gnl|TC-DB|P45537|2.A.85.1.3	82.2	692	122	1	1	691	5	696	0.0e+00	1138.3
BCW-200005_02970	gnl|TC-DB|P60778|2.A.1.7.14	88.1	388	46	0	1	388	1	388	5.3e-191	663.3
BCW-200005_02983	gnl|TC-DB|Q1R5P6|1.B.22.4.2	75.1	405	101	0	5	409	5	409	4.3e-167	583.9
BCW-200005_02994	gnl|TC-DB|Q9HV74|2.A.21.9.1	28.1	217	138	7	237	437	760	974	1.9e-11	67.0
BCW-200005_02998	gnl|TC-DB|B5XTS8|9.A.8.1.10	89.3	75	8	0	1	75	1	75	8.7e-34	138.7
BCW-200005_02999	gnl|TC-DB|B5XTS7|9.A.8.1.10	88.7	772	87	0	1	772	1	772	0.0e+00	1360.1
BCW-200005_03000	gnl|TC-DB|B5XTS6|9.A.8.1.10	79.7	79	15	1	1	78	1	79	7.1e-31	129.0
BCW-200005_03005	gnl|TC-DB|P39835|2.A.8.1.4	94.5	438	24	0	1	438	1	438	1.0e-214	742.3
BCW-200005_03010	gnl|TC-DB|P09391|9.B.104.1.1	81.8	275	50	0	1	275	1	275	1.2e-133	472.2
BCW-200005_03019	gnl|TC-DB|P67143|2.A.95.1.5	94.4	197	11	0	1	197	1	197	6.1e-95	343.2
BCW-200005_03021	gnl|TC-DB|B3WJF3|2.A.88.8.6	91.8	220	18	0	1	220	1	220	9.5e-113	402.5
BCW-200005_03023	gnl|TC-DB|P37621|2.A.1.46.7	81.0	405	77	0	1	405	1	405	1.9e-180	628.2
BCW-200005_03024	gnl|TC-DB|P0AGM0|2.A.86.1.2	87.1	348	44	1	2	349	3	349	2.5e-160	561.2
BCW-200005_03035	gnl|TC-DB|Q7AA53|2.A.6.8.2	80.3	745	146	1	30	773	5	749	0.0e+00	1150.2
BCW-200005_03042	gnl|TC-DB|P76474|2.A.7.22.1	52.0	125	60	0	3	127	2	126	2.5e-28	121.3
BCW-200005_03043	gnl|TC-DB|P81891|2.A.7.22.2	66.4	110	37	0	1	110	1	110	1.2e-34	142.1
BCW-200005_03044	gnl|TC-DB|G8LJX5|9.B.142.2.2	91.3	551	48	0	1	551	1	551	2.9e-288	986.9
BCW-200005_03047	gnl|TC-DB|P77757|4.D.2.1.8	84.5	322	50	0	19	340	1	322	1.1e-155	545.8
BCW-200005_03052	gnl|TC-DB|E9RJ18|3.A.7.13.2	34.5	110	62	3	80	180	251	359	1.3e-12	69.7
BCW-200005_03054	gnl|TC-DB|Q7B1W8|2.A.109.1.1	81.1	338	64	0	1	338	1	338	3.2e-160	560.8
BCW-200005_03057	gnl|TC-DB|P30130|1.B.11.3.9	41.2	868	449	19	7	830	28	878	1.2e-171	600.1
BCW-200005_03061	gnl|TC-DB|P0AFJ7|2.A.20.1.1	89.0	500	53	2	1	499	1	499	2.2e-250	860.9
BCW-200005_03064	gnl|TC-DB|P0A8S5|9.B.4.1.1	92.8	111	8	0	1	111	1	111	5.9e-55	209.5
BCW-200005_03080	gnl|TC-DB|P06129|1.B.14.3.1	66.2	624	194	7	1	617	1	614	5.0e-244	840.1
BCW-200005_03090	gnl|TC-DB|P11922|1.B.54.1.2	35.7	154	87	5	61	213	651	793	8.4e-12	67.4
BCW-200005_03100	gnl|TC-DB|Q9F9Z3|1.C.107.1.5	46.4	2544	1147	38	1	2501	6	2376	0.0e+00	2003.4
BCW-200005_03134	gnl|TC-DB|P31474|2.A.1.3.51	81.8	477	85	1	1	477	1	475	5.6e-211	729.9
BCW-200005_03137	gnl|TC-DB|P02925|3.A.1.2.1	98.0	296	6	0	1	296	1	296	2.1e-155	544.7
BCW-200005_03138	gnl|TC-DB|P0AGI1|3.A.1.2.1	94.7	321	17	0	1	321	1	321	5.0e-147	516.9
BCW-200005_03139	gnl|TC-DB|P04983|3.A.1.2.1	96.2	501	19	0	1	501	1	501	3.6e-277	949.9
BCW-200005_03141	gnl|TC-DB|P63183|2.A.72.1.1	92.4	622	47	0	1	622	1	622	0.0e+00	1145.6
BCW-200005_03149	gnl|TC-DB|C4X3L3|1.A.77.3.8	89.7	126	13	0	1	126	25	150	1.8e-55	211.5
BCW-200005_03150	gnl|TC-DB|P0AB98|3.A.2.1.1	93.4	271	18	0	1	271	1	271	5.7e-144	506.5
BCW-200005_03151	gnl|TC-DB|P68699|3.A.2.1.1	100.0	79	0	0	1	79	1	79	2.8e-35	143.7
BCW-200005_03152	gnl|TC-DB|P0ABA0|3.A.2.1.1	93.6	156	10	0	1	156	1	156	3.0e-52	201.1
BCW-200005_03153	gnl|TC-DB|P0ABA4|3.A.2.1.1	89.3	177	19	0	1	177	1	177	5.3e-82	300.1
BCW-200005_03154	gnl|TC-DB|P0ABB0|3.A.2.1.1	95.5	513	23	0	1	513	1	513	9.4e-281	961.8
BCW-200005_03155	gnl|TC-DB|P0ABA6|3.A.2.1.1	92.3	287	22	0	1	287	1	287	2.1e-149	524.6
BCW-200005_03156	gnl|TC-DB|P0ABB4|3.A.2.1.1	98.0	460	9	0	1	460	1	460	4.1e-259	889.8
BCW-200005_03157	gnl|TC-DB|P0A6E6|3.A.2.1.1	95.7	139	6	0	1	139	1	139	4.0e-69	256.9
BCW-200005_03160	gnl|TC-DB|P0AG82|3.A.1.7.1	92.2	346	27	0	1	346	1	346	4.5e-186	646.7
BCW-200005_03161	gnl|TC-DB|P0AGH8|3.A.1.7.1	95.0	319	16	0	1	319	1	319	8.2e-166	579.3
BCW-200005_03162	gnl|TC-DB|P07654|3.A.1.7.1	93.9	296	18	0	1	296	1	296	8.1e-152	532.7
BCW-200005_03163	gnl|TC-DB|P0AAH0|3.A.1.7.1	96.1	257	10	0	1	257	1	257	1.1e-144	508.8
BCW-200005_03166	gnl|TC-DB|P31466|2.A.40.7.6	94.4	444	25	0	2	445	1	444	1.0e-227	785.4
BCW-200005_03178	gnl|TC-DB|Q8ID54|3.A.25.2.1	34.9	215	130	4	8	215	89	300	8.4e-25	110.5
BCW-200005_03182	gnl|TC-DB|P0AAP1|9.B.34.1.2	29.7	158	103	4	356	506	210	366	1.3e-11	67.8
BCW-200005_03183	gnl|TC-DB|U5MIE1|4.A.3.2.9	63.4	101	37	0	1	101	1	101	1.1e-26	115.5
BCW-200005_03184	gnl|TC-DB|U5MLJ3|4.A.3.2.9	86.4	103	14	0	1	103	1	103	1.7e-43	171.4
BCW-200005_03189	gnl|TC-DB|Q9ZK21|1.C.82.1.1	50.7	223	110	0	3	225	4	226	4.9e-59	224.2
BCW-200005_03192	gnl|TC-DB|P0AG96|3.A.5.1.1	96.1	127	5	0	1	127	1	127	1.7e-58	221.5
BCW-200005_03195	gnl|TC-DB|P16433|3.D.1.9.2	94.1	255	15	0	1	255	1	255	9.5e-141	495.7
BCW-200005_03196	gnl|TC-DB|P16432|3.D.1.9.2	90.5	179	17	0	1	179	1	179	1.0e-80	295.8
BCW-200005_03197	gnl|TC-DB|P16431|3.D.1.9.2	94.2	569	33	0	1	569	1	569	0.0e+00	1117.8
BCW-200005_03198	gnl|TC-DB|P16430|3.D.1.9.2	85.0	307	46	0	1	307	1	307	1.8e-141	498.4
BCW-200005_03199	gnl|TC-DB|P16429|3.D.1.9.2	77.8	608	131	1	1	604	1	608	4.1e-267	916.8
BCW-200005_03200	gnl|TC-DB|P0AAK3|3.D.1.9.2	87.5	200	25	0	1	200	1	200	6.2e-95	343.2
BCW-200005_03207	gnl|TC-DB|Q9KN48|3.A.23.1.1	42.8	278	156	2	330	606	143	418	6.5e-51	198.7
BCW-200005_03209	gnl|TC-DB|Q7W024|3.A.1.14.20	35.5	313	195	3	31	343	4	309	1.7e-39	159.8
BCW-200005_03210	gnl|TC-DB|Q8GRB0|3.A.1.14.8	38.7	243	146	1	6	245	5	247	6.5e-49	190.7
BCW-200005_03211	gnl|TC-DB|P69367|2.A.1.2.21	28.2	390	254	8	14	397	15	384	1.0e-32	137.5
BCW-200005_03220	gnl|TC-DB|O32182|2.A.1.3.33	21.2	401	256	5	12	353	20	419	4.5e-20	95.5
BCW-200005_03223	gnl|TC-DB|B7LEG0|1.A.34.1.2	75.6	381	84	3	1	374	1	379	2.0e-139	491.9
BCW-200005_03242	gnl|TC-DB|P20166|4.A.1.1.9	46.4	521	253	9	14	519	6	515	8.4e-120	427.2
BCW-200005_03250	gnl|TC-DB|Q93N33|2.A.21.9.2	30.8	273	166	8	265	522	752	1016	7.9e-20	95.9
BCW-200005_03254	gnl|TC-DB|C4ZZU4|2.A.1.14.40	93.3	448	30	0	1	448	1	448	3.0e-246	847.0
BCW-200005_03262	gnl|TC-DB|P0AAD6|2.A.42.2.1	92.3	429	33	0	1	429	1	429	1.2e-217	751.9
BCW-200005_03277	gnl|TC-DB|Q9KIQ4|4.A.6.1.4	92.4	157	12	0	1	157	13	169	7.5e-80	292.7
BCW-200005_03278	gnl|TC-DB|Q9KIQ3|4.A.6.1.4	87.6	259	32	0	1	259	1	259	1.0e-102	369.4
BCW-200005_03279	gnl|TC-DB|Q9KIQ2|4.A.6.1.4	94.2	292	17	0	1	292	1	292	2.3e-151	531.2
BCW-200005_03280	gnl|TC-DB|P26379|4.A.6.1.2	30.8	107	74	0	1	107	1	107	1.5e-13	72.4
BCW-200005_03301	gnl|TC-DB|P0AAD2|2.A.42.1.2	93.2	414	28	0	1	414	1	414	4.8e-219	756.5
BCW-200005_03302	gnl|TC-DB|P38919|3.A.18.1.1	36.3	386	236	3	3	379	27	411	2.1e-64	243.4
BCW-200005_03315	gnl|TC-DB|P0AG99|3.A.5.1.1	91.8	110	9	0	1	110	1	110	7.7e-47	182.6
BCW-200005_03318	gnl|TC-DB|P25694|3.A.16.1.2	43.3	252	142	1	140	390	472	723	3.3e-57	219.5
BCW-200005_03326	gnl|TC-DB|E1ILD8|2.A.7.3.18	89.4	321	34	0	1	321	1	321	2.3e-160	561.2
BCW-200005_03333	gnl|TC-DB|P64602|3.A.1.27.3	64.9	97	34	0	1	97	1	97	3.4e-30	127.1
BCW-200005_03334	gnl|TC-DB|P0ADV7|3.A.1.27.3	89.1	211	23	0	1	211	1	211	3.7e-106	380.6
BCW-200005_03335	gnl|TC-DB|P64604|3.A.1.27.3	79.1	182	37	1	1	181	1	182	6.2e-78	286.6
BCW-200005_03336	gnl|TC-DB|P64606|3.A.1.27.3	94.6	260	14	0	1	260	1	260	4.8e-132	466.8
BCW-200005_03337	gnl|TC-DB|P63386|3.A.1.27.3	90.6	266	25	0	1	266	1	266	2.6e-133	471.1
BCW-200005_03338	gnl|TC-DB|P45394|2.A.19.5.1	81.4	323	60	0	1	323	1	323	2.1e-140	495.0
BCW-200005_03341	gnl|TC-DB|P0ADW0|1.B.42.1.2	81.7	191	35	0	1	191	1	191	3.3e-90	327.4
BCW-200005_03342	gnl|TC-DB|P0ADV1|1.B.42.1.2	84.3	185	28	1	1	184	1	185	7.0e-85	309.7
BCW-200005_03343	gnl|TC-DB|P0A9V1|1.B.42.1.2	94.6	241	13	0	1	241	1	241	1.3e-128	455.3
BCW-200005_03346	gnl|TC-DB|P71012|4.A.2.1.4	27.5	149	106	2	8	155	1	148	3.5e-11	64.7
BCW-200005_03348	gnl|TC-DB|H1XXZ0|8.A.8.1.5	35.2	88	56	1	3	90	2	88	5.5e-11	63.2
BCW-200005_03352	gnl|TC-DB|P0ADC6|1.B.42.1.2	94.2	360	21	0	1	360	1	360	2.9e-188	654.1
BCW-200005_03353	gnl|TC-DB|P0AF98|1.B.42.1.2	86.9	359	47	0	1	359	8	366	3.1e-174	607.4
BCW-200005_03365	gnl|TC-DB|P0ACA3|1.A.12.3.1	95.7	211	9	0	1	211	1	211	7.9e-117	416.0
BCW-200005_03378	gnl|TC-DB|P46481|2.A.85.1.2	86.0	655	92	0	1	655	1	655	0.0e+00	1117.1
BCW-200005_03379	gnl|TC-DB|P46482|8.A.1.7.1	89.0	310	34	0	1	310	1	310	9.1e-154	539.3
BCW-200005_03380	gnl|TC-DB|D7XN98|8.A.48.1.2	97.0	67	2	0	1	67	24	90	1.2e-31	131.3
BCW-200005_03387	gnl|TC-DB|P0ABH4|9.B.157.1.3	93.2	162	11	0	1	162	1	162	2.2e-82	301.2
BCW-200005_03388	gnl|TC-DB|P16926|9.B.157.1.3	95.3	320	13	1	1	320	1	318	3.9e-166	580.5
BCW-200005_03389	gnl|TC-DB|P0A9X4|9.B.157.1.3	100.0	347	0	0	1	347	1	347	1.7e-193	671.4
BCW-200005_03393	gnl|TC-DB|Q8XB73|5.B.7.1.1	82.1	195	35	0	1	195	1	195	1.5e-88	322.0
BCW-200005_03398	gnl|TC-DB|P16256|2.A.21.1.1	80.1	483	96	0	1	483	1	483	1.5e-216	748.4
BCW-200005_03404	gnl|TC-DB|P76330|9.B.34.1.4	28.0	214	144	4	207	416	349	556	2.7e-12	70.5
BCW-200005_03406	gnl|TC-DB|P0AE06|8.A.1.6.1	70.4	379	100	4	8	378	14	388	1.6e-139	492.3
BCW-200005_03407	gnl|TC-DB|P24181|2.A.6.2.1	83.3	1032	172	0	1	1032	1	1032	0.0e+00	1672.1
BCW-200005_03409	gnl|TC-DB|P45766|3.A.1.3.26	93.3	341	23	0	1	341	1	341	3.1e-187	650.6
BCW-200005_03410	gnl|TC-DB|P45767|3.A.1.3.26	82.7	393	68	0	1	393	1	393	3.7e-184	640.6
BCW-200005_03411	gnl|TC-DB|P45768|3.A.1.3.26	90.5	367	35	0	1	367	1	367	1.3e-194	675.2
BCW-200005_03412	gnl|TC-DB|P45769|3.A.1.3.26	95.2	252	12	0	1	252	1	252	3.3e-138	487.3
BCW-200005_03428	gnl|TC-DB|Q9ZKE4|3.A.11.3.1	31.5	536	338	11	198	730	108	617	8.9e-67	251.5
BCW-200005_03436	gnl|TC-DB|P0AER0|1.A.8.1.1	90.0	281	28	0	1	281	1	281	5.7e-147	516.5
BCW-200005_03440	gnl|TC-DB|B7MI53|9.B.124.2.2	72.7	139	38	0	1	139	1	139	1.0e-56	215.7
BCW-200005_03445	gnl|TC-DB|P0AG78|3.A.1.6.1	92.4	329	25	0	1	329	1	329	2.1e-180	627.9
BCW-200005_03447	gnl|TC-DB|P69380|2.A.4.7.1	90.7	290	27	0	1	290	1	290	1.4e-148	521.9
BCW-200005_03454	gnl|TC-DB|P96517|2.A.1.5.4	98.1	413	8	0	1	413	1	413	5.3e-221	763.1
BCW-200005_03458	gnl|TC-DB|Q1D212|2.A.78.2.3	38.1	231	114	3	13	214	14	244	1.2e-35	146.4
BCW-200005_03459	gnl|TC-DB|Q1D213|2.A.78.2.3	46.5	99	53	0	8	106	3	101	4.9e-14	73.6
BCW-200005_03461	gnl|TC-DB|P45420|1.B.11.5.1	40.1	783	458	9	28	807	18	792	7.1e-166	580.9
BCW-200005_03466	gnl|TC-DB|P24183|5.A.3.2.1	82.1	195	35	0	1	195	1	195	1.8e-94	341.7
BCW-200005_03467	gnl|TC-DB|P24183|5.A.3.2.1	76.8	803	185	1	1	803	213	1014	0.0e+00	1338.9
BCW-200005_03468	gnl|TC-DB|P0AAJ3|5.A.3.2.1	77.6	294	66	0	1	294	1	294	1.2e-145	512.3
BCW-200005_03469	gnl|TC-DB|P0AEK7|5.A.3.2.1	48.6	210	106	1	1	208	1	210	1.6e-56	215.7
BCW-200005_03476	gnl|TC-DB|P0A8K8|9.B.126.2.1	87.4	293	34	1	1	293	1	290	8.7e-130	459.5
BCW-200005_03481	gnl|TC-DB|Q9Z625|1.B.12.1.3	63.6	981	318	2	1	968	1	955	8.5e-299	1022.7
BCW-200005_03484	gnl|TC-DB|Q9HV74|2.A.21.9.1	28.0	357	218	13	11	346	636	974	8.4e-23	104.4
BCW-200005_03485	gnl|TC-DB|Q9KN48|3.A.23.1.1	38.7	341	188	4	140	467	193	525	3.6e-53	205.7
BCW-200005_03491	gnl|TC-DB|P0A4L7|5.A.2.1.2	26.1	222	136	7	3	206	11	222	9.4e-14	73.6
BCW-200005_03500	gnl|TC-DB|P0AFZ7|2.A.38.1.1	96.7	483	16	0	1	483	1	483	5.9e-269	922.5
BCW-200005_03509	gnl|TC-DB|P69423|2.A.64.1.1	90.8	240	22	0	1	240	1	240	1.1e-120	429.1
BCW-200005_03510	gnl|TC-DB|P69425|2.A.64.1.1	71.5	179	42	2	1	179	1	170	1.6e-54	208.8
BCW-200005_03511	gnl|TC-DB|P69428|2.A.64.1.1	98.0	49	1	0	1	49	1	49	3.2e-19	90.5
BCW-200005_03520	gnl|TC-DB|P0ADP5|2.A.7.3.61	82.3	299	53	0	1	299	1	299	3.1e-143	504.2
BCW-200005_03523	gnl|TC-DB|P0AG34|2.A.76.1.1	88.8	206	23	0	1	206	1	206	1.1e-99	359.0
BCW-200005_03524	gnl|TC-DB|P0AG38|2.A.76.1.2	86.9	206	27	0	1	206	1	206	1.8e-97	351.7
BCW-200005_03525	gnl|TC-DB|Q5EAK4|2.A.16.2.2	26.7	424	258	13	31	426	1378	1776	3.2e-25	113.2
BCW-200005_03528	gnl|TC-DB|P27844|2.A.7.7.2	89.5	296	31	0	1	296	1	296	7.7e-150	526.2
BCW-200005_03529	gnl|TC-DB|P0A2R8|1.A.35.1.2	98.4	316	5	0	1	316	1	316	4.3e-175	610.1
BCW-200005_03535	gnl|TC-DB|P27838|9.B.21.2.1	88.7	106	12	0	1	106	1	106	2.5e-55	210.7
BCW-200005_03545	gnl|TC-DB|P27837|2.A.3.1.15	92.4	461	35	0	1	461	1	461	7.2e-240	825.9
BCW-200005_03547	gnl|TC-DB|B6I4D1|9.B.128.1.1	89.3	441	47	0	1	441	1	441	2.3e-222	767.7
BCW-200005_03549	gnl|TC-DB|P0AAA7|2.A.66.2.3	86.5	416	56	0	1	416	1	416	1.6e-198	688.3
BCW-200005_03555	gnl|TC-DB|P0AC78|9.B.146.1.7	81.2	367	69	0	1	367	1	367	1.9e-166	581.6
BCW-200005_03556	gnl|TC-DB|P40290|3.A.6.1.1	28.6	252	158	5	157	396	148	389	2.0e-15	80.1
BCW-200005_03558	gnl|TC-DB|O00571|1.I.1.1.3	35.7	364	220	4	9	358	180	543	5.9e-55	211.5
BCW-200005_03578	gnl|TC-DB|P24520|4.B.1.1.1	87.4	238	30	0	1	238	1	238	1.7e-115	411.8
BCW-200005_03579	gnl|TC-DB|P75757|2.A.4.1.4	79.0	310	63	1	1	308	1	310	6.8e-141	496.5
BCW-200005_03587	gnl|TC-DB|A7BAX2|3.A.1.26.3	29.2	493	282	19	10	471	246	702	1.2e-27	120.9
BCW-200005_03589	gnl|TC-DB|A6T6J1|2.A.6.2.49	79.6	49	10	0	1	49	1	49	2.0e-15	77.0
BCW-200005_03590	gnl|TC-DB|P37329|3.A.1.8.1	86.3	255	35	0	1	255	1	255	4.5e-122	433.7
BCW-200005_03591	gnl|TC-DB|P0AF01|3.A.1.8.1	93.0	229	16	0	1	229	1	229	8.6e-117	416.0
BCW-200005_03592	gnl|TC-DB|P09833|3.A.1.8.1	88.3	351	41	0	1	351	1	351	1.2e-178	622.1
BCW-200005_03607	gnl|TC-DB|Q0S720|3.A.1.4.9	34.3	233	144	4	1	230	9	235	7.1e-29	124.0
BCW-200005_03615	gnl|TC-DB|P0AAC4|1.A.14.2.2	83.8	235	37	1	1	235	1	234	1.0e-101	365.9
BCW-200005_03616	gnl|TC-DB|P75770|4.D.2.4.3	85.5	318	46	0	1	318	1	318	1.1e-154	542.3
BCW-200005_03619	gnl|TC-DB|P0AAW6|9.B.15.1.1	82.2	135	24	0	1	135	1	135	2.9e-56	214.2
BCW-200005_03620	gnl|TC-DB|P0AFP9|3.A.1.105.15	93.2	367	25	0	1	367	1	367	1.3e-194	675.2
BCW-200005_03621	gnl|TC-DB|C6EIY9|3.A.1.105.15	89.7	377	39	0	1	377	1	377	9.0e-188	652.5
BCW-200005_03622	gnl|TC-DB|P0A9U1|3.A.1.105.15	90.1	577	57	0	1	577	1	577	1.2e-305	1044.6
BCW-200005_03623	gnl|TC-DB|P75777|3.A.1.105.15	62.8	331	123	0	1	331	2	332	4.3e-85	311.2
BCW-200005_03625	gnl|TC-DB|O00571|1.I.1.1.3	42.2	398	207	8	2	377	181	577	2.0e-72	269.6
BCW-200005_03629	gnl|TC-DB|P30130|1.B.11.3.9	41.0	851	445	17	35	846	45	877	1.8e-172	602.8
BCW-200005_03637	gnl|TC-DB|P75783|1.A.23.3.2	80.7	741	143	0	1	741	1	741	0.0e+00	1149.8
BCW-200005_03638	gnl|TC-DB|P10346|3.A.1.3.2	96.2	240	9	0	1	240	1	240	1.3e-128	455.3
BCW-200005_03639	gnl|TC-DB|P0AEQ6|3.A.1.3.2	94.5	219	12	0	1	219	1	219	1.1e-110	395.6
BCW-200005_03640	gnl|TC-DB|P0AEQ3|3.A.1.3.2	96.0	248	9	1	1	247	1	248	4.6e-132	466.8
BCW-200005_03642	gnl|TC-DB|P0AA67|2.A.7.3.6	81.0	295	56	0	1	295	1	295	1.0e-130	462.6
BCW-200005_03643	gnl|TC-DB|G0EBV0|1.B.6.2.10	82.1	173	28	2	1	172	1	171	1.4e-74	275.4
BCW-200005_03647	gnl|TC-DB|P75788|2.A.45.2.5	78.9	369	78	0	1	369	1	369	2.3e-164	574.7
BCW-200005_03648	gnl|TC-DB|Q9RQ30|8.A.1.1.2	47.3	129	66	2	235	361	225	353	6.1e-24	108.2
BCW-200005_03649	gnl|TC-DB|P0AEJ0|2.A.1.3.2	35.8	497	307	3	18	513	15	500	2.9e-88	322.4
BCW-200005_03650	gnl|TC-DB|B3PY75|1.B.17.3.8	32.7	504	295	6	1	496	1	468	9.9e-65	244.2
BCW-200005_03651	gnl|TC-DB|P63144|8.A.5.1.3	33.3	330	198	7	1	320	71	388	1.1e-43	173.7
BCW-200005_03652	gnl|TC-DB|Q86Z14|8.A.49.1.2	28.6	465	278	14	6	455	82	507	2.9e-39	159.5
BCW-200005_03653	gnl|TC-DB|U5MFA1|4.A.3.2.9	34.4	425	270	3	14	432	8	429	4.6e-58	221.9
BCW-200005_03657	gnl|TC-DB|Q83XH1|3.A.1.121.4	46.4	526	281	1	1	526	1	525	9.8e-140	493.4
BCW-200005_03659	gnl|TC-DB|P0AA78|2.A.1.14.2	43.5	416	234	1	16	430	42	457	1.2e-100	363.2
BCW-200005_03669	gnl|TC-DB|P75796|3.A.1.5.11	79.1	622	130	0	1	622	1	622	1.8e-278	954.5
BCW-200005_03670	gnl|TC-DB|P75797|3.A.1.5.11	86.7	512	68	0	1	512	1	512	4.8e-261	896.3
BCW-200005_03671	gnl|TC-DB|P75798|3.A.1.5.11	87.9	306	37	0	1	306	1	306	6.9e-154	539.7
BCW-200005_03672	gnl|TC-DB|P75799|3.A.1.5.11	86.8	303	40	0	1	303	1	303	2.7e-134	474.6
BCW-200005_03679	gnl|TC-DB|P94571|9.B.105.1.3	29.6	159	107	2	5	163	1	154	1.1e-14	76.6
BCW-200005_03681	gnl|TC-DB|P0AEY8|2.A.1.2.19	88.5	407	47	0	1	407	1	407	6.3e-203	703.0
BCW-200005_03683	gnl|TC-DB|P75810|2.A.1.60.2	81.5	400	73	1	1	399	1	400	3.2e-175	610.9
BCW-200005_03687	gnl|TC-DB|Q643C2|9.B.97.3.1	24.4	307	208	10	6	289	75	380	4.6e-13	72.0
BCW-200005_03688	gnl|TC-DB|A7ZJR5|2.A.81.1.4	94.1	561	33	0	1	561	1	561	2.4e-301	1030.4
BCW-200005_03694	gnl|TC-DB|P31133|3.A.1.11.2	90.8	370	34	0	1	370	1	370	1.1e-203	705.3
BCW-200005_03695	gnl|TC-DB|P31134|3.A.1.11.2	92.3	377	29	0	1	377	1	377	1.5e-203	704.9
BCW-200005_03696	gnl|TC-DB|P31135|3.A.1.11.2	89.9	317	32	0	1	317	1	317	5.3e-165	576.6
BCW-200005_03697	gnl|TC-DB|P0AFL1|3.A.1.11.2	92.9	281	20	0	1	281	1	281	8.5e-143	502.7
BCW-200005_03702	gnl|TC-DB|P30860|3.A.1.3.3	88.9	243	27	0	1	243	1	243	2.6e-124	441.0
BCW-200005_03703	gnl|TC-DB|P0AE30|3.A.1.3.3	93.2	222	15	0	1	222	1	222	1.3e-101	365.5
BCW-200005_03704	gnl|TC-DB|P0AE34|3.A.1.3.3	95.4	237	11	0	1	237	1	237	2.9e-123	437.6
BCW-200005_03705	gnl|TC-DB|P30859|3.A.1.3.3	92.2	243	19	0	1	243	1	243	1.8e-128	454.9
BCW-200005_03706	gnl|TC-DB|P0AAF6|3.A.1.3.3	93.8	242	15	0	1	242	1	242	2.3e-128	454.5
BCW-200005_03712	gnl|TC-DB|P45756|9.B.42.1.3	30.6	317	209	4	202	515	179	487	1.6e-38	157.1
BCW-200005_03714	gnl|TC-DB|P15644|1.B.22.1.1	53.7	626	271	6	23	632	27	649	2.6e-179	625.2
BCW-200005_03715	gnl|TC-DB|P15645|3.A.15.1.1	60.8	452	175	1	36	487	42	491	7.7e-155	543.5
BCW-200005_03716	gnl|TC-DB|P15745|3.A.15.1.1	42.4	401	209	2	1	401	1	379	1.5e-76	283.1
BCW-200005_03717	gnl|TC-DB|P15746|3.A.15.1.1	71.4	140	40	0	8	147	1	140	6.1e-55	209.9
BCW-200005_03720	gnl|TC-DB|Q9XD68|3.A.15.3.1	29.3	198	119	6	7	184	3	199	2.2e-13	72.4
BCW-200005_03724	gnl|TC-DB|P15754|3.A.15.1.1	52.0	200	95	1	23	222	27	225	1.2e-48	189.9
BCW-200005_03735	gnl|TC-DB|P75826|2.A.124.1.1	85.3	299	44	0	1	299	1	299	9.4e-140	492.7
BCW-200005_03736	gnl|TC-DB|P60844|1.A.8.3.1	90.5	231	22	0	1	231	1	231	1.6e-118	421.8
BCW-200005_03739	gnl|TC-DB|P75830|3.A.1.122.1	82.9	369	60	1	6	371	3	371	2.0e-155	545.0
BCW-200005_03740	gnl|TC-DB|P75831|3.A.1.122.1	86.6	648	85	1	1	646	1	648	4.0e-313	1069.7
BCW-200005_03743	gnl|TC-DB|Q9SXJ7|3.A.9.1.2	38.5	800	402	11	17	737	133	921	3.7e-148	521.9
BCW-200005_03746	gnl|TC-DB|P23886|3.A.1.129.1	82.0	573	103	0	1	573	1	573	3.2e-261	897.1
BCW-200005_03747	gnl|TC-DB|P29018|3.A.1.129.1	84.7	588	90	0	1	588	1	588	4.2e-285	976.5
BCW-200005_03750	gnl|TC-DB|P46889|3.A.12.1.2	78.0	1329	195	10	1	1232	1	1329	0.0e+00	1633.6
BCW-200005_03751	gnl|TC-DB|P61316|1.B.46.1.1	92.1	203	16	0	1	203	1	203	2.1e-106	381.3
BCW-200005_03754	gnl|TC-DB|P18775|5.A.3.3.2	88.7	814	92	0	1	814	1	814	0.0e+00	1522.7
BCW-200005_03755	gnl|TC-DB|P18776|5.A.3.3.2	94.1	205	12	0	1	205	1	205	5.5e-123	436.4
BCW-200005_03756	gnl|TC-DB|P18777|5.A.3.3.2	84.7	287	44	0	1	287	1	287	5.5e-137	483.4
BCW-200005_03757	gnl|TC-DB|P21503|2.A.1.26.1	85.0	381	57	0	1	381	1	381	3.9e-183	637.1
BCW-200005_03761	gnl|TC-DB|P0AC23|1.A.16.1.1	94.0	285	17	0	1	285	1	285	5.4e-153	536.6
BCW-200005_03769	gnl|TC-DB|P44408|3.A.11.2.2	34.4	665	378	13	129	748	133	784	7.0e-91	331.6
BCW-200005_03770	gnl|TC-DB|P60752|3.A.1.106.1	95.2	582	28	0	1	582	1	582	4.3e-298	1019.6
BCW-200005_03785	gnl|TC-DB|Q6RW54|1.B.1.1.12	66.6	362	116	4	2	362	1	358	3.2e-134	474.6
BCW-200005_03789	gnl|TC-DB|B1X8N7|3.A.1.17.10	87.0	253	33	0	1	253	1	253	9.9e-122	432.6
BCW-200005_03790	gnl|TC-DB|P75851|3.A.1.17.10	92.0	261	21	0	1	261	1	261	2.6e-125	444.5
BCW-200005_03792	gnl|TC-DB|P75853|3.A.1.17.10	84.4	315	49	0	3	317	2	316	1.8e-152	535.0
BCW-200005_03798	gnl|TC-DB|P43672|3.A.1.120.6	84.1	634	101	0	1	634	1	634	3.6e-298	1020.0
BCW-200005_03805	gnl|TC-DB|P0A910|1.B.6.1.1	85.2	351	47	2	1	351	1	346	8.7e-169	589.3
BCW-200005_03808	gnl|TC-DB|P75870|2.A.85.1.1	82.4	716	126	0	1	716	1	716	0.0e+00	1187.6
BCW-200005_03809	gnl|TC-DB|P0AB12|9.B.55.1.1	87.8	148	18	0	1	148	1	148	3.9e-70	260.4
BCW-200005_03820	gnl|TC-DB|P0AAC6|1.A.14.2.1	93.6	219	14	0	1	219	1	219	6.5e-106	379.8
BCW-200005_03821	gnl|TC-DB|P06202|3.A.1.5.1	54.7	536	238	3	12	542	8	543	3.5e-169	591.3
BCW-200005_03827	gnl|TC-DB|P39580|2.A.50.2.1	28.5	382	221	15	11	368	35	388	6.2e-32	134.8
BCW-200005_03835	gnl|TC-DB|Q01857|2.A.23.1.3	40.1	364	213	3	47	405	54	417	9.0e-67	250.8
BCW-200005_03847	gnl|TC-DB|Q8PVB2|9.B.125.2.2	33.6	324	188	6	8	318	15	324	6.9e-40	161.0
BCW-200005_03858	gnl|TC-DB|Q05594|3.A.1.23.6	91.8	245	20	0	1	245	1	245	3.1e-125	444.1
BCW-200005_03859	gnl|TC-DB|Q05595|3.A.1.23.6	91.7	36	3	0	58	93	58	93	6.1e-13	69.7
BCW-200005_03860	gnl|TC-DB|Q05598|3.A.1.23.6	78.2	225	49	0	1	225	1	225	5.0e-101	363.6
BCW-200005_03861	gnl|TC-DB|Q05596|3.A.1.23.6	85.3	272	39	1	1	272	1	271	1.3e-132	468.8
BCW-200005_03869	gnl|TC-DB|P16552|2.A.1.5.2	35.0	412	251	3	17	421	18	419	2.4e-64	242.7
BCW-200005_03872	gnl|TC-DB|D8EPC3|1.B.14.16.4	56.7	697	291	6	10	702	7	696	5.9e-233	803.5
BCW-200005_03885	gnl|TC-DB|P76387|8.A.3.3.2	48.0	696	361	1	18	712	18	713	1.0e-184	643.3
BCW-200005_03887	gnl|TC-DB|P0A930|1.B.18.3.1	69.0	374	115	1	4	376	6	379	4.3e-150	527.3
BCW-200005_03888	gnl|TC-DB|P0AC78|9.B.146.1.7	44.1	331	177	4	2	328	8	334	4.3e-59	224.9
BCW-200005_03893	gnl|TC-DB|G3IME2|9.B.35.1.2	31.6	114	69	3	2	107	29	141	5.4e-13	70.1
BCW-200005_03895	gnl|TC-DB|P94575|2.A.39.3.4	32.5	462	307	3	20	478	10	469	6.5e-77	284.6
BCW-200005_03905	gnl|TC-DB|P35113|3.A.1.3.6	32.6	218	137	2	5	212	1	218	2.4e-23	105.5
BCW-200005_03906	gnl|TC-DB|P0AFT2|3.A.1.3.10	32.0	206	140	0	15	220	10	215	8.9e-26	113.6
BCW-200005_03907	gnl|TC-DB|Q9I488|3.A.1.3.21	58.2	239	100	0	3	241	1	239	3.1e-72	268.1
BCW-200005_03910	gnl|TC-DB|Q52398|1.A.26.1.4	55.8	326	142	2	6	330	28	352	1.6e-95	345.9
BCW-200005_03919	gnl|TC-DB|K7QW88|2.A.7.3.52	34.2	269	168	6	17	284	11	271	3.4e-20	95.5
BCW-200005_03920	gnl|TC-DB|P75892|2.A.40.1.3	89.3	439	47	0	1	439	3	441	2.5e-213	737.6
BCW-200005_03930	gnl|TC-DB|P07117|2.A.21.2.1	94.8	500	26	0	1	500	1	500	4.0e-268	919.8
BCW-200005_03932	gnl|TC-DB|P0AFF2|2.A.41.1.1	71.2	400	109	2	1	394	1	400	3.6e-147	517.7
BCW-200005_03933	gnl|TC-DB|P75901|2.A.108.2.3	89.4	274	29	0	1	274	1	274	3.1e-137	484.2
BCW-200005_03934	gnl|TC-DB|P0AB24|2.A.108.2.3	86.9	375	49	0	1	375	1	375	6.0e-184	639.8
BCW-200005_03935	gnl|TC-DB|P31545|2.A.108.2.3	83.5	425	66	1	1	425	1	421	3.8e-211	730.3
BCW-200005_03946	gnl|TC-DB|P0AEA2|1.B.48.1.1	92.4	277	21	0	1	277	1	277	9.0e-145	509.2
BCW-200005_03947	gnl|TC-DB|P0AE98|1.B.48.1.1	86.2	138	18	1	1	137	1	138	1.7e-64	241.5
BCW-200005_03948	gnl|TC-DB|P0AE95|1.B.48.1.1	76.7	129	30	0	1	129	1	129	3.4e-54	207.2
BCW-200005_03957	gnl|TC-DB|P62517|4.D.3.1.1	92.6	840	62	0	1	840	1	840	0.0e+00	1601.3
BCW-200005_03960	gnl|TC-DB|P25744|2.A.1.2.20	86.6	404	52	1	14	415	1	404	2.0e-196	681.4
BCW-200005_03972	gnl|TC-DB|P69367|2.A.1.2.21	85.1	402	60	0	1	402	1	402	1.7e-197	684.9
BCW-200005_03976	gnl|TC-DB|P37169|2.A.66.4.1	92.0	511	41	0	1	511	14	524	4.8e-261	896.3
BCW-200005_03991	gnl|TC-DB|P76628|2.A.1.36.3	33.8	388	247	2	4	388	2	382	3.3e-39	159.1
BCW-200005_04002	gnl|TC-DB|O80800|3.D.1.6.3	48.0	75	39	0	2	76	48	122	1.5e-12	68.2
BCW-200005_04009	gnl|TC-DB|P69786|4.A.1.1.1	96.4	477	17	0	1	477	1	477	9.1e-262	898.7
BCW-200005_04023	gnl|TC-DB|P0ADC3|3.A.1.125.1	92.0	386	31	0	1	386	14	399	1.3e-186	648.7
BCW-200005_04024	gnl|TC-DB|P75957|3.A.1.125.1	92.3	233	18	0	1	233	1	233	4.2e-119	423.7
BCW-200005_04025	gnl|TC-DB|P75958|3.A.1.125.1	90.6	414	39	0	1	414	1	414	1.0e-200	695.7
BCW-200005_04028	gnl|TC-DB|F8CVI0|1.B.52.2.2	27.3	205	119	2	356	530	85	289	7.2e-12	68.9
BCW-200005_04030	gnl|TC-DB|P0AFK9|3.A.1.11.1	91.5	343	29	0	2	344	6	348	4.6e-191	663.3
BCW-200005_04031	gnl|TC-DB|P0AFK6|3.A.1.11.1	95.7	257	11	0	1	257	1	257	1.1e-128	455.7
BCW-200005_04032	gnl|TC-DB|P0AFK4|3.A.1.11.1	94.2	275	16	0	11	285	1	275	6.2e-141	496.5
BCW-200005_04033	gnl|TC-DB|P69874|3.A.1.11.1	89.5	361	38	0	1	361	18	378	3.4e-184	640.6
BCW-200005_04052	gnl|TC-DB|P04480|1.C.1.3.1	61.5	195	75	0	176	370	398	592	4.0e-63	238.4
BCW-200005_04102	gnl|TC-DB|D4ZZR3|9.B.34.1.3	32.9	219	134	5	276	488	181	392	1.4e-23	107.5
BCW-200005_04103	gnl|TC-DB|A6TAG3|1.E.43.1.1	93.9	82	5	0	1	82	1	82	1.7e-38	154.5
BCW-200005_04104	gnl|TC-DB|P76330|9.B.34.1.4	34.1	132	82	2	176	303	374	504	2.0e-14	76.6
BCW-200005_04109	gnl|TC-DB|P76242|2.A.1.17.3	76.5	392	92	0	1	392	1	392	2.3e-162	568.2
BCW-200005_04116	gnl|TC-DB|P0A908|9.B.99.1.2	73.0	248	67	0	1	248	1	248	1.2e-111	399.1
BCW-200005_04127	gnl|TC-DB|Q07711|3.A.7.7.1	30.1	621	395	17	3	612	4	596	2.1e-72	270.0
BCW-200005_04134	gnl|TC-DB|B7L6N0|3.A.1.19.4	62.2	209	75	1	1	205	1	209	5.1e-68	253.8
BCW-200005_04135	gnl|TC-DB|B7L6M9|3.A.1.19.4	57.6	495	208	1	17	509	2	496	8.2e-160	560.1
BCW-200005_04136	gnl|TC-DB|B7L6M8|3.A.1.19.4	73.6	387	100	2	4	388	1	387	6.7e-170	593.2
BCW-200005_04149	gnl|TC-DB|P69795|4.A.3.2.1	96.2	104	4	0	1	104	1	104	1.4e-50	194.9
BCW-200005_04150	gnl|TC-DB|P17334|4.A.3.2.1	89.6	452	47	0	1	452	1	452	1.8e-211	731.5
BCW-200005_04151	gnl|TC-DB|P69791|4.A.3.2.1	86.1	115	16	0	1	115	1	115	2.1e-47	184.5
BCW-200005_04157	gnl|TC-DB|P77529|2.A.23.1.8	89.2	462	50	0	1	462	1	462	1.4e-219	758.4
BCW-200005_04164	gnl|TC-DB|P76206|1.B.75.1.3	86.9	252	33	0	23	274	1	252	4.7e-130	460.3
BCW-200005_04173	gnl|TC-DB|P06609|3.A.1.13.1	74.5	326	83	0	1	326	1	326	1.2e-132	469.2
BCW-200005_04175	gnl|TC-DB|P06611|3.A.1.13.1	69.8	248	75	0	1	248	1	248	1.8e-96	348.6
BCW-200005_04180	gnl|TC-DB|Q81E21|2.A.8.1.14	53.6	478	206	3	1	462	1	478	5.6e-131	464.2
BCW-200005_04185	gnl|TC-DB|A8GDS6|3.A.1.14.16	60.6	251	99	0	7	257	9	259	8.3e-84	306.6
BCW-200005_04186	gnl|TC-DB|Q56992|3.A.1.14.5	65.3	320	110	1	7	325	9	328	4.6e-103	370.9
BCW-200005_04187	gnl|TC-DB|A8GDS8|3.A.1.14.16	55.0	271	122	0	1	271	5	275	1.7e-79	292.4
BCW-200005_04189	gnl|TC-DB|P72412|1.B.14.2.14	84.5	621	96	0	41	661	40	660	0.0e+00	1122.8
BCW-200005_04192	gnl|TC-DB|Q9HXN5|4.A.1.1.15	26.3	414	235	12	391	780	433	800	1.5e-27	121.3
BCW-200005_04193	gnl|TC-DB|P75683|2.A.2.3.5	55.9	447	197	0	7	453	4	450	7.5e-144	506.9
BCW-200005_04195	gnl|TC-DB|B1LE48|2.A.86.2.1	84.0	369	59	0	1	369	1	369	2.3e-172	601.3
BCW-200005_04203	gnl|TC-DB|P30130|1.B.11.3.9	41.3	870	448	17	16	844	31	878	2.0e-174	609.4
BCW-200005_04208	gnl|TC-DB|P07658|3.D.1.9.2	65.2	715	244	4	1	713	1	712	3.3e-292	1000.3
BCW-200005_04215	gnl|TC-DB|Q5HGY5|3.A.1.11.8	28.4	232	144	7	1	228	4	217	1.7e-14	76.3
BCW-200005_04224	gnl|TC-DB|O32169|3.A.1.24.2	57.1	338	144	1	1	337	1	338	7.0e-107	383.6
BCW-200005_04225	gnl|TC-DB|O32168|3.A.1.24.2	61.7	222	85	0	1	222	1	222	2.3e-66	248.4
BCW-200005_04226	gnl|TC-DB|O32167|3.A.1.24.2	49.1	269	129	3	5	269	9	273	1.5e-67	252.7
BCW-200005_04228	gnl|TC-DB|Q8YPM7|3.A.1.3.18	37.9	198	119	2	27	220	177	374	2.2e-24	109.0
BCW-200005_04229	gnl|TC-DB|Q8YPM8|3.A.1.3.18	33.6	223	135	4	17	232	80	296	2.1e-26	115.9
BCW-200005_04230	gnl|TC-DB|P48243|3.A.1.3.9	55.0	240	107	1	24	263	2	240	1.4e-65	246.1
BCW-200005_04231	gnl|TC-DB|Q8RCC4|3.A.1.3.27	35.2	230	139	6	38	261	33	258	3.4e-27	118.6
BCW-200005_04238	gnl|TC-DB|P96878|2.A.53.3.12	29.4	170	113	2	26	189	571	739	4.3e-22	101.3
BCW-200005_04242	gnl|TC-DB|P37340|2.A.66.1.3	86.3	453	62	0	1	453	5	457	7.6e-218	752.7
BCW-200005_04245	gnl|TC-DB|P37597|2.A.1.2.62	77.3	401	88	2	1	399	1	400	1.5e-169	592.0
BCW-200005_04247	gnl|TC-DB|Q0HIQ8|3.A.1.2.14	27.0	233	151	10	58	277	21	247	2.5e-11	66.2
BCW-200005_04249	gnl|TC-DB|P77389|2.A.1.2.65	90.4	387	37	0	1	387	1	387	3.2e-188	654.1
BCW-200005_04259	gnl|TC-DB|P76187|8.A.5.1.7	87.2	298	38	0	1	298	1	298	1.0e-154	542.3
BCW-200005_04261	gnl|TC-DB|Q8ZPN4|2.A.85.1.5	80.7	679	129	1	1	677	1	679	0.0e+00	1094.0
BCW-200005_04262	gnl|TC-DB|P46482|8.A.1.7.1	41.4	273	159	1	11	283	14	285	2.3e-50	195.7
BCW-200005_04263	gnl|TC-DB|G4PZW1|8.A.48.1.1	65.4	78	27	0	1	78	1	78	5.7e-28	119.4
BCW-200005_04265	gnl|TC-DB|P76330|9.B.34.1.4	36.7	188	116	3	264	449	372	558	7.6e-24	108.2
BCW-200005_04273	gnl|TC-DB|P77304|2.A.17.1.2	86.7	498	63	2	1	496	1	497	5.8e-243	836.3
BCW-200005_04275	gnl|TC-DB|P77179|3.D.6.1.4	78.1	224	49	0	1	224	1	224	2.0e-94	341.7
BCW-200005_04276	gnl|TC-DB|P77285|3.D.6.1.4	75.2	206	51	0	1	206	1	206	3.4e-88	320.9
BCW-200005_04277	gnl|TC-DB|P76182|3.D.6.1.4	85.7	350	50	0	1	350	1	350	4.4e-173	603.6
BCW-200005_04278	gnl|TC-DB|P77611|3.D.6.1.4	79.3	556	115	0	1	556	1	556	6.0e-243	836.6
BCW-200005_04279	gnl|TC-DB|P77223|3.D.6.1.4	81.8	192	35	0	1	192	1	192	2.6e-74	274.6
BCW-200005_04280	gnl|TC-DB|P0A766|3.D.6.1.4	95.3	193	9	0	1	193	1	193	6.6e-94	339.7
BCW-200005_04286	gnl|TC-DB|P19642|4.A.1.1.3	87.9	530	64	0	1	530	1	530	4.5e-270	926.4
BCW-200005_04299	gnl|TC-DB|P0ACX0|9.B.72.1.2	82.9	111	19	0	1	111	1	111	1.0e-46	182.2
BCW-200005_04301	gnl|TC-DB|P0AAE5|2.A.3.2.8	89.1	460	50	0	1	460	1	460	1.6e-231	798.1
BCW-200005_04303	gnl|TC-DB|P07001|3.D.2.1.1	89.6	509	52	1	1	508	1	509	5.2e-255	876.3
BCW-200005_04304	gnl|TC-DB|P0AB67|3.D.2.1.1	92.9	462	33	0	1	462	1	462	3.6e-239	823.5
BCW-200005_04309	gnl|TC-DB|P46133|2.A.68.1.1	88.2	508	60	0	1	508	1	508	5.3e-252	866.3
BCW-200005_04326	gnl|TC-DB|Q9I6X4|2.A.6.2.27	43.9	1000	560	1	9	1007	5	1004	2.3e-225	778.9
BCW-200005_04328	gnl|TC-DB|Q9I6X6|2.A.6.2.27	36.0	239	147	2	41	277	28	262	5.8e-27	117.9
BCW-200005_04335	gnl|TC-DB|P0AFS5|2.A.86.1.4	81.1	344	65	0	1	344	1	344	1.8e-142	501.9
BCW-200005_04336	gnl|TC-DB|P69213|2.A.7.1.9	84.7	118	18	0	3	120	4	121	4.2e-46	180.3
BCW-200005_04337	gnl|TC-DB|P69210|2.A.7.1.9	89.9	109	11	0	1	109	1	109	3.3e-50	193.7
BCW-200005_04338	gnl|TC-DB|P0AAP1|9.B.34.1.2	31.0	187	116	3	276	455	186	366	2.7e-15	80.5
BCW-200005_04343	gnl|TC-DB|P43531|2.A.1.36.1	84.2	417	65	1	1	417	1	416	3.3e-191	664.1
BCW-200005_04347	gnl|TC-DB|A8AGW0|2.A.49.5.4	79.1	417	85	2	13	428	1	416	5.7e-178	620.2
BCW-200005_04348	gnl|TC-DB|Q8ZPK4|3.A.1.12.14	91.1	382	34	0	1	382	1	382	3.4e-203	703.7
BCW-200005_04349	gnl|TC-DB|Q8ZPK3|3.A.1.12.14	92.1	215	17	0	1	215	1	215	1.0e-103	372.5
BCW-200005_04350	gnl|TC-DB|Q8ZPK2|3.A.1.12.14	82.8	290	50	0	10	299	11	300	6.7e-138	486.5
BCW-200005_04351	gnl|TC-DB|Q8ZPK1|3.A.1.12.14	86.8	234	30	1	1	233	1	234	4.1e-106	380.6
BCW-200005_04353	gnl|TC-DB|657066955|9.B.143.3.6	29.1	230	159	3	7	232	12	241	6.8e-19	90.9
BCW-200005_04354	gnl|TC-DB|P0ADL1|2.A.1.2.26	37.2	368	223	4	1	364	25	388	4.4e-62	235.0
BCW-200005_04368	gnl|TC-DB|C5IZH0|2.A.6.2.47	92.6	391	29	0	1	391	1	391	6.2e-200	693.0
BCW-200005_04369	gnl|TC-DB|C5IZH1|2.A.6.2.47	96.4	1050	38	0	1	1050	1	1050	0.0e+00	1927.5
BCW-200005_04385	gnl|TC-DB|P72770|2.A.53.4.1	30.7	521	353	5	5	522	1	516	1.5e-56	217.2
BCW-200005_04388	gnl|TC-DB|P77374|5.A.3.3.1	85.5	812	114	1	1	812	1	808	0.0e+00	1458.4
BCW-200005_04393	gnl|TC-DB|P76169|2.A.7.26.1	86.9	107	14	0	1	107	1	107	1.2e-50	195.3
BCW-200005_04396	gnl|TC-DB|P77228|2.A.1.6.9	84.9	416	62	1	29	443	1	416	6.8e-198	686.4
BCW-200005_04404	gnl|TC-DB|O53183|2.A.1.2.71	33.8	397	258	3	4	396	11	406	8.4e-51	197.6
BCW-200005_04413	gnl|TC-DB|P0AAP1|9.B.34.1.2	29.9	251	155	9	122	365	130	366	1.2e-19	94.0
BCW-200005_04433	gnl|TC-DB|A9QY47|9.B.50.1.4	82.6	298	52	0	5	302	15	312	4.7e-147	516.9
BCW-200005_04435	gnl|TC-DB|P17583|2.A.1.17.1	30.3	373	255	2	12	380	3	374	2.8e-35	146.0
BCW-200005_04443	gnl|TC-DB|Q9HXW4|2.A.6.2.17	41.5	590	337	3	1	583	436	1024	1.1e-120	430.3
BCW-200005_04444	gnl|TC-DB|Q9HXW4|2.A.6.2.17	43.2	426	242	0	6	431	3	428	1.3e-94	343.2
BCW-200005_04445	gnl|TC-DB|Q9I6X5|2.A.6.2.27	27.3	352	247	4	11	358	7	353	3.0e-18	89.4
BCW-200005_04468	gnl|TC-DB|G8WDN3|2.A.7.21.5	77.0	148	34	0	5	152	1	148	1.9e-56	214.9
BCW-200005_04469	gnl|TC-DB|G8WDN2|2.A.7.21.5	75.2	141	35	0	1	141	1	141	2.5e-53	204.5
BCW-200005_04478	gnl|TC-DB|Q6V6X7|2.A.6.2.18	34.9	467	282	8	6	456	6	466	6.9e-57	218.0
BCW-200005_04479	gnl|TC-DB|P27303|8.A.1.1.1	30.5	311	204	4	47	355	47	347	4.8e-29	125.2
BCW-200005_04488	gnl|TC-DB|Q9I2M1|3.A.1.109.4	42.0	704	400	7	5	706	17	714	2.4e-136	482.6
BCW-200005_04489	gnl|TC-DB|Q9I2M0|3.A.1.109.4	41.8	390	218	5	3	385	6	393	2.3e-77	285.8
BCW-200005_04515	gnl|TC-DB|P0ABK2|3.D.4.3.2	28.3	364	214	10	8	330	10	367	9.2e-35	144.1
BCW-200005_04526	gnl|TC-DB|P09551|3.A.1.3.1	44.9	247	134	1	5	249	7	253	1.0e-57	219.9
BCW-200005_04532	gnl|TC-DB|P33950|3.A.1.5.27	51.8	541	248	2	2	530	6	545	1.4e-162	569.3
BCW-200005_04536	gnl|TC-DB|P76103|2.A.46.1.9	68.1	383	122	0	1	383	1	383	3.8e-141	497.7
BCW-200005_04545	gnl|TC-DB|Q8NRW1|3.A.1.4.5	46.7	377	185	6	27	403	49	409	1.9e-93	339.3
BCW-200005_04546	gnl|TC-DB|Q8NRW0|3.A.1.4.5	43.9	294	159	2	228	521	4	291	1.1e-58	224.2
BCW-200005_04547	gnl|TC-DB|Q9L3S4|3.A.1.4.4	44.1	311	171	2	45	353	30	339	4.7e-61	231.5
BCW-200005_04548	gnl|TC-DB|Q8NRV8|3.A.1.4.5	42.6	242	131	4	25	264	3	238	5.0e-44	174.5
BCW-200005_04549	gnl|TC-DB|Q9L3S2|3.A.1.4.4	47.4	215	111	2	14	227	4	217	1.3e-48	189.5
BCW-200005_04550	gnl|TC-DB|O05703|3.A.1.15.3	52.5	183	87	0	31	213	319	501	6.4e-50	193.7
BCW-200005_04551	gnl|TC-DB|P31126|2.A.1.2.55	68.5	390	122	1	1	390	1	389	1.3e-149	525.8
BCW-200005_04552	gnl|TC-DB|P31125|2.A.7.3.2	84.5	297	46	0	1	297	1	297	2.0e-134	474.9
BCW-200005_04556	gnl|TC-DB|P0AEY1|2.A.95.1.1	88.7	221	25	0	1	221	1	221	1.1e-100	362.5
BCW-200005_04557	gnl|TC-DB|P31122|2.A.1.2.15	85.4	396	58	0	1	396	1	396	7.5e-185	642.9
BCW-200005_04575	gnl|TC-DB|P0AAP1|9.B.34.1.2	26.2	267	186	5	202	462	106	367	6.8e-15	78.6
BCW-200005_04576	gnl|TC-DB|P0AAP1|9.B.34.1.2	31.9	163	111	0	153	315	199	361	2.1e-20	96.3
BCW-200005_04579	gnl|TC-DB|B2N0W4|1.A.46.2.6	80.6	304	59	0	1	304	18	321	4.4e-137	483.8
BCW-200005_04588	gnl|TC-DB|P9WG63|5.A.1.2.9	32.5	437	240	7	4	395	119	545	4.1e-50	195.3
BCW-200005_04595	gnl|TC-DB|Q8XG43|2.A.117.1.3	49.3	138	70	0	7	144	18	155	6.7e-30	126.7
BCW-200005_04616	gnl|TC-DB|Q9KN48|3.A.23.1.1	37.3	354	192	3	196	522	180	530	7.3e-55	211.5
BCW-200005_04621	gnl|TC-DB|Q63CS3|1.C.41.1.3	30.3	347	219	5	13	347	54	389	3.4e-17	85.9
BCW-200005_04623	gnl|TC-DB|P77735|8.A.5.1.6	55.6	324	142	1	1	324	1	322	2.0e-101	365.5
BCW-200005_04626	gnl|TC-DB|Q93GK5|3.A.1.110.1	38.4	693	412	1	10	702	19	696	6.7e-139	491.1
BCW-200005_04627	gnl|TC-DB|Q93GK4|3.A.1.110.1	25.8	418	271	10	18	414	5	404	9.1e-16	81.3
BCW-200005_04632	gnl|TC-DB|Q9ZHC9|2.A.6.1.3	95.9	1045	43	0	1	1045	1	1045	0.0e+00	1954.1
BCW-200005_04633	gnl|TC-DB|P77239|2.A.6.1.4	69.0	410	122	3	6	413	1	407	1.5e-159	558.9
BCW-200005_04635	gnl|TC-DB|Q9ZHD2|1.B.17.3.4	86.3	461	63	0	1	461	1	461	2.6e-221	764.2
BCW-200005_04637	gnl|TC-DB|Q9HV74|2.A.21.9.1	28.6	224	140	6	267	480	761	974	2.7e-19	93.2
BCW-200005_04639	gnl|TC-DB|P76269|2.A.1.3.17	35.9	462	282	5	11	469	7	457	1.3e-71	266.9
BCW-200005_04643	gnl|TC-DB|B1HGV3|9.B.211.1.1	48.1	324	160	1	5	328	3	318	7.8e-79	290.4
BCW-200005_04658	gnl|TC-DB|O33918|5.A.1.5.1	47.1	690	283	13	1	674	1	624	6.8e-162	567.4
BCW-200005_04670	gnl|TC-DB|P08470|4.A.1.2.1	93.6	456	29	0	1	456	1	456	2.5e-240	827.4
BCW-200005_04671	gnl|TC-DB|P22340|1.B.3.1.2	73.9	505	132	0	1	505	1	505	2.1e-208	721.5
BCW-200005_04677	gnl|TC-DB|P76128|3.A.1.5.38	84.9	511	73	1	4	510	6	516	3.6e-256	880.2
BCW-200005_04678	gnl|TC-DB|P77308|3.A.1.5.38	91.2	340	30	0	1	340	1	340	4.7e-180	626.7
BCW-200005_04679	gnl|TC-DB|P77463|3.A.1.5.38	76.8	297	69	0	1	297	1	297	3.6e-123	437.6
BCW-200005_04680	gnl|TC-DB|P77268|3.A.1.5.38	79.9	324	65	0	1	324	1	324	2.1e-148	521.5
BCW-200005_04681	gnl|TC-DB|P77622|3.A.1.5.38	72.4	275	76	0	1	275	1	275	5.3e-107	384.0
BCW-200005_04690	gnl|TC-DB|P39115|3.A.1.121.3	29.3	498	306	9	1	479	1	471	2.7e-50	196.4
BCW-200005_04693	gnl|TC-DB|P77308|3.A.1.5.38	26.8	317	200	3	5	292	7	320	4.4e-23	105.1
BCW-200005_04694	gnl|TC-DB|W0WMS8|3.A.1.5.39	36.6	246	150	1	33	272	40	285	2.1e-40	162.5
BCW-200005_04695	gnl|TC-DB|Q9F9T4|3.A.1.5.23	45.3	558	273	6	3	532	19	572	2.5e-119	425.6
BCW-200005_04698	gnl|TC-DB|P23910|2.A.1.2.14	69.7	383	116	0	1	383	1	383	5.0e-141	497.3
BCW-200005_04704	gnl|TC-DB|P0AEK7|5.A.3.2.1	87.1	217	28	0	1	217	1	217	1.5e-110	395.2
BCW-200005_04705	gnl|TC-DB|P0AAJ3|5.A.3.2.1	89.5	294	31	0	1	294	1	294	1.4e-167	585.1
BCW-200005_04706	gnl|TC-DB|P24183|5.A.3.2.1	91.3	803	70	0	1	803	213	1015	0.0e+00	1555.8
BCW-200005_04707	gnl|TC-DB|P24183|5.A.3.2.1	95.4	195	9	0	1	195	1	195	1.8e-107	384.8
BCW-200005_04708	gnl|TC-DB|V2FAS1|2.A.7.17.1	73.3	292	78	0	1	292	1	292	2.5e-121	431.4
BCW-200005_04709	gnl|TC-DB|P07238|1.B.1.1.5	71.8	362	95	2	6	364	8	365	3.7e-146	514.2
BCW-200005_04712	gnl|TC-DB|P21627|3.A.1.4.8	43.8	306	158	4	10	314	8	300	2.0e-50	196.1
BCW-200005_04713	gnl|TC-DB|P21628|3.A.1.4.8	40.5	378	163	10	6	367	85	416	3.9e-55	211.8
BCW-200005_04714	gnl|TC-DB|Q8DQH8|3.A.1.4.10	45.7	254	137	1	1	253	1	254	1.0e-57	219.9
BCW-200005_04715	gnl|TC-DB|Q8DQH7|3.A.1.4.10	48.9	233	118	1	4	235	3	235	8.5e-59	223.4
BCW-200005_04716	gnl|TC-DB|Q9L3M3|3.A.1.4.3	32.5	360	230	7	14	367	5	357	1.7e-45	179.9
BCW-200005_04719	gnl|TC-DB|P63183|2.A.72.1.1	41.2	629	355	5	6	627	2	622	1.6e-128	456.4
BCW-200005_04720	gnl|TC-DB|P37594|2.A.1.3.14	79.8	495	100	0	1	495	1	495	1.0e-199	692.6
BCW-200005_04722	gnl|TC-DB|P75763|2.A.47.3.5	61.0	438	171	0	1	438	40	477	4.2e-152	534.3
BCW-200005_04732	gnl|TC-DB|P43531|2.A.1.36.1	35.2	398	253	2	2	399	19	411	1.5e-58	223.4
BCW-200005_04747	gnl|TC-DB|O05256|2.A.24.2.3	57.5	414	176	0	24	437	30	443	1.8e-131	465.7
BCW-200005_04753	gnl|TC-DB|P0AEM9|3.A.1.3.10	30.1	236	149	9	45	276	36	259	1.7e-16	83.2
BCW-200005_04754	gnl|TC-DB|Q9F3K7|3.A.1.3.24	57.8	249	105	0	9	257	5	253	6.5e-81	297.0
BCW-200005_04755	gnl|TC-DB|Q9F3K6|3.A.1.3.24	39.4	302	169	4	5	299	21	315	1.2e-44	176.8
BCW-200005_04757	gnl|TC-DB|P0AEM9|3.A.1.3.10	30.3	221	139	8	73	291	52	259	5.2e-16	81.6
BCW-200005_04762	gnl|TC-DB|M3JA40|1.B.52.2.1	31.8	192	114	2	335	509	267	458	6.6e-16	82.0
BCW-200005_04763	gnl|TC-DB|P40812|2.A.3.1.8	91.3	484	42	0	1	484	1	484	8.6e-255	875.5
BCW-200005_04765	gnl|TC-DB|P76115|1.B.14.9.5	77.3	706	152	2	1	704	1	700	0.0e+00	1137.5
BCW-200005_04770	gnl|TC-DB|P76111|2.A.7.21.2	85.9	149	21	0	1	149	1	149	1.9e-64	241.5
BCW-200005_04772	gnl|TC-DB|P33950|3.A.1.5.27	50.7	505	248	1	21	525	34	537	1.5e-148	522.7
BCW-200005_04781	gnl|TC-DB|P0AFR9|3.A.1.11.9	91.2	262	23	0	1	262	1	262	8.2e-135	476.1
BCW-200005_04782	gnl|TC-DB|P77156|3.A.1.11.9	88.5	314	35	1	1	314	1	313	1.4e-154	542.0
BCW-200005_04783	gnl|TC-DB|P77795|3.A.1.11.9	83.4	337	56	0	1	337	1	337	3.2e-160	560.8
BCW-200005_04784	gnl|TC-DB|P76108|3.A.1.11.9	90.3	381	37	0	1	381	1	381	1.1e-212	735.3
BCW-200005_04788	gnl|TC-DB|P0ABK2|3.D.4.3.2	29.7	364	213	11	5	329	7	366	3.6e-31	132.1
BCW-200005_04793	gnl|TC-DB|P77747|1.B.1.1.21	82.8	377	57	1	1	369	1	377	2.2e-183	637.9
BCW-200005_04800	gnl|TC-DB|P38919|3.A.18.1.1	35.4	325	207	3	22	344	57	380	8.9e-57	217.6
BCW-200005_04802	gnl|TC-DB|Q9EYX5|1.A.35.4.1	88.7	327	37	0	1	327	1	327	1.6e-172	601.7
BCW-200005_04803	gnl|TC-DB|M3JA40|1.B.52.2.1	32.2	177	78	4	198	339	287	456	5.4e-15	78.6
BCW-200005_04804	gnl|TC-DB|P0AAP1|9.B.34.1.2	27.2	191	124	5	240	425	190	370	6.3e-17	85.9
BCW-200005_04805	gnl|TC-DB|D4ZZR3|9.B.34.1.3	40.1	167	94	2	247	407	227	393	3.2e-29	125.9
BCW-200005_04813	gnl|TC-DB|Q9KN55|3.A.23.1.1	33.6	580	351	13	7	567	5	569	3.0e-81	299.3
BCW-200005_04820	gnl|TC-DB|Q2SV43|1.C.106.3.1	29.9	335	208	9	2	314	4	333	3.9e-35	145.2
BCW-200005_04825	gnl|TC-DB|Q6EE14|3.A.23.2.1	48.6	872	417	8	6	866	7	858	6.7e-210	727.2
BCW-200005_04827	gnl|TC-DB|P13794|1.B.6.1.2	41.4	116	68	0	430	545	234	349	4.7e-15	79.3
BCW-200005_04829	gnl|TC-DB|A8YQR9|3.A.23.2.1	28.3	481	290	16	1	445	1	462	1.2e-29	127.5
BCW-200005_04830	gnl|TC-DB|Q6EE20|3.A.23.2.1	45.5	424	230	1	85	507	67	490	7.8e-110	394.0
BCW-200005_04833	gnl|TC-DB|P77348|3.A.1.5.1	89.2	538	57	1	1	538	1	537	1.2e-291	998.0
BCW-200005_04838	gnl|TC-DB|Q9KN48|3.A.23.1.1	35.0	329	180	5	206	500	193	521	1.8e-42	170.2
BCW-200005_04842	gnl|TC-DB|P76045|1.B.21.1.1	72.0	304	82	3	1	304	1	301	8.7e-133	469.5
BCW-200005_04843	gnl|TC-DB|P77481|3.A.1.1.46	83.9	360	58	0	1	360	1	360	7.3e-171	596.3
BCW-200005_04849	gnl|TC-DB|P77716|3.A.1.1.46	92.1	280	22	0	1	280	1	280	3.6e-141	497.3
BCW-200005_04850	gnl|TC-DB|P0AFR7|3.A.1.1.46	92.8	293	21	0	1	293	1	293	1.1e-151	532.3
BCW-200005_04851	gnl|TC-DB|P76042|3.A.1.1.46	75.5	425	104	0	5	429	5	429	2.2e-190	661.4
BCW-200005_04856	gnl|TC-DB|E8XKQ3|9.B.100.1.1	91.9	222	18	0	1	222	1	222	3.7e-101	364.0
BCW-200005_04857	gnl|TC-DB|Q9KN48|3.A.23.1.1	42.3	227	130	1	8	234	193	418	4.7e-44	174.9
BCW-200005_04859	gnl|TC-DB|O87950|3.A.1.110.6	43.4	442	245	3	12	452	17	454	3.2e-99	358.6
BCW-200005_04860	gnl|TC-DB|Q54457|3.A.1.110.6	43.7	421	237	0	17	437	23	443	2.5e-93	339.0
BCW-200005_04861	gnl|TC-DB|Q54456|3.A.1.110.6	58.0	521	219	0	1	521	35	555	2.3e-168	588.6
BCW-200005_04862	gnl|TC-DB|P36634|3.A.1.5.5	88.9	549	58	2	1	546	1	549	9.0e-290	991.9
BCW-200005_04863	gnl|TC-DB|P0A2J3|3.A.1.5.5	91.6	321	27	0	1	321	1	321	3.7e-166	580.5
BCW-200005_04864	gnl|TC-DB|P0AGH5|3.A.1.5.42	89.9	296	30	0	1	296	1	296	1.3e-152	535.4
BCW-200005_04865	gnl|TC-DB|P36636|3.A.1.5.5	93.6	330	21	0	1	330	1	330	5.1e-187	649.8
BCW-200005_04866	gnl|TC-DB|P0AAH8|3.A.1.5.42	93.7	268	17	0	1	268	1	268	4.5e-141	496.9
BCW-200005_04871	gnl|TC-DB|W9BHF5|2.A.6.2.49	84.2	1024	162	0	1	1024	1	1024	0.0e+00	1625.1
BCW-200005_04875	gnl|TC-DB|D4ZZR3|9.B.34.1.3	26.8	179	110	3	228	393	225	395	2.1e-14	77.4
BCW-200005_04889	gnl|TC-DB|Q07711|3.A.7.7.1	24.8	640	408	22	80	674	77	688	6.1e-30	129.4
BCW-200005_04891	gnl|TC-DB|M4VAL8|8.A.21.2.4	29.5	166	114	2	136	298	74	239	1.3e-12	70.5
BCW-200005_04904	gnl|TC-DB|P31064|9.B.102.1.1	86.9	396	52	0	1	396	1	396	1.4e-207	718.4
BCW-200005_04906	gnl|TC-DB|P0A915|1.B.39.1.6	78.8	212	43	2	1	210	1	212	2.4e-97	351.3
BCW-200005_04911	gnl|TC-DB|P02929|2.C.1.1.1	71.2	240	68	1	6	245	1	239	2.5e-53	205.3
BCW-200005_04914	gnl|TC-DB|P76249|2.A.76.1.5	73.8	210	55	0	1	210	1	210	4.8e-82	300.4
BCW-200005_04917	gnl|TC-DB|Q1D027|1.A.1.24.3	39.6	270	153	5	9	276	14	275	2.3e-39	159.1
BCW-200005_04918	gnl|TC-DB|P77737|3.A.1.5.41	95.2	334	16	0	1	334	1	334	1.8e-187	651.4
BCW-200005_04919	gnl|TC-DB|P76027|3.A.1.5.41	91.4	337	29	0	1	337	1	337	4.1e-176	613.6
BCW-200005_04920	gnl|TC-DB|P08006|3.A.1.5.1	96.0	302	12	0	1	302	1	302	5.6e-140	493.4
BCW-200005_04921	gnl|TC-DB|P0AFH2|3.A.1.5.41	96.1	306	12	0	1	306	1	306	2.3e-149	524.6
BCW-200005_04922	gnl|TC-DB|P06202|3.A.1.5.1	91.0	543	49	0	1	543	1	543	5.6e-300	1025.8
BCW-200005_04923	gnl|TC-DB|P25743|2.A.95.1.7	92.6	215	16	0	1	215	1	215	2.7e-104	374.4
BCW-200005_04935	gnl|TC-DB|P11350|5.A.3.1.1	90.2	224	22	0	1	224	1	224	3.8e-117	417.2
BCW-200005_04937	gnl|TC-DB|P11349|5.A.3.1.1	93.0	511	35	1	1	510	1	511	4.3e-294	1006.1
BCW-200005_04938	gnl|TC-DB|P09152|5.A.3.1.1	93.9	1247	76	0	1	1247	1	1247	0.0e+00	2490.7
BCW-200005_04939	gnl|TC-DB|P10903|2.A.1.8.1	85.7	463	66	0	1	463	1	463	7.8e-234	805.8
BCW-200005_04942	gnl|TC-DB|P39165|1.B.54.1.9	63.2	451	166	0	26	476	13	463	1.1e-169	592.8
BCW-200005_04945	gnl|TC-DB|P38045|3.A.1.16.1	55.3	257	113	2	1	256	1	256	2.2e-76	282.0
BCW-200005_04946	gnl|TC-DB|Q7BW13|3.A.1.16.2	48.7	267	125	4	26	289	2	259	2.0e-65	245.7
BCW-200005_04947	gnl|TC-DB|Q44292|3.A.1.16.4	38.3	444	237	12	1	412	1	439	6.6e-75	277.7
BCW-200005_04954	gnl|TC-DB|P31801|2.A.19.1.1	91.3	366	32	0	1	366	1	366	2.7e-173	604.4
BCW-200005_04960	gnl|TC-DB|P61320|1.B.46.1.1	82.6	201	35	0	3	203	7	207	7.9e-98	352.8
BCW-200005_04963	gnl|TC-DB|P0AFR2|2.A.53.3.11	91.2	559	49	0	1	559	1	559	3.9e-256	880.2
BCW-200005_05014	gnl|TC-DB|P30130|1.B.11.3.9	51.9	727	338	8	2	719	155	878	3.9e-208	721.1
