BCW-200095_00006	gnl|TC-DB|A8YQR5|3.A.23.2.1	38.0	505	303	8	5	506	12	509	2.0e-86	316.6
BCW-200095_00018	gnl|TC-DB|Q8VRK4|3.A.11.1.3	37.0	281	151	4	87	362	70	329	5.9e-38	154.8
BCW-200095_00022	gnl|TC-DB|P0AGI8|2.A.38.1.1	97.2	458	13	0	1	458	1	458	2.0e-250	860.9
BCW-200095_00023	gnl|TC-DB|P0A742|1.A.22.1.1	94.8	135	7	0	1	135	1	135	9.1e-66	245.7
BCW-200095_00032	gnl|TC-DB|P0AGA2|3.A.5.1.1	98.6	443	6	0	1	443	1	443	1.4e-243	838.2
BCW-200095_00069	gnl|TC-DB|Q8ID54|3.A.25.2.1	34.9	215	130	4	8	215	89	300	8.4e-25	110.5
BCW-200095_00073	gnl|TC-DB|P0AAP1|9.B.34.1.2	29.7	158	103	4	356	506	210	366	1.3e-11	67.8
BCW-200095_00074	gnl|TC-DB|U5MIE1|4.A.3.2.9	63.4	101	37	0	1	101	1	101	1.1e-26	115.5
BCW-200095_00075	gnl|TC-DB|U5MLJ3|4.A.3.2.9	86.4	103	14	0	1	103	1	103	1.7e-43	171.4
BCW-200095_00080	gnl|TC-DB|Q9ZK21|1.C.82.1.1	50.7	223	110	0	3	225	4	226	4.9e-59	224.2
BCW-200095_00083	gnl|TC-DB|P0AG96|3.A.5.1.1	96.1	127	5	0	1	127	1	127	1.7e-58	221.5
BCW-200095_00086	gnl|TC-DB|P0AFZ7|2.A.38.1.1	96.7	483	16	0	1	483	1	483	5.9e-269	922.5
BCW-200095_00095	gnl|TC-DB|P69423|2.A.64.1.1	90.8	240	22	0	1	240	1	240	1.1e-120	429.1
BCW-200095_00096	gnl|TC-DB|P69425|2.A.64.1.1	71.5	179	42	2	1	179	1	170	1.6e-54	208.8
BCW-200095_00097	gnl|TC-DB|P69428|2.A.64.1.1	98.0	50	1	0	1	50	1	50	8.0e-20	92.4
BCW-200095_00106	gnl|TC-DB|P0ADP5|2.A.7.3.61	82.3	299	53	0	1	299	1	299	3.1e-143	504.2
BCW-200095_00109	gnl|TC-DB|P0AG34|2.A.76.1.1	88.8	206	23	0	1	206	1	206	1.1e-99	359.0
BCW-200095_00110	gnl|TC-DB|P0AG38|2.A.76.1.2	86.9	206	27	0	1	206	1	206	1.8e-97	351.7
BCW-200095_00111	gnl|TC-DB|Q5EAK4|2.A.16.2.2	26.7	424	258	13	31	426	1378	1776	3.2e-25	113.2
BCW-200095_00114	gnl|TC-DB|P27844|2.A.7.7.2	89.5	296	31	0	1	296	1	296	1.3e-149	525.4
BCW-200095_00115	gnl|TC-DB|P0A2R8|1.A.35.1.2	98.4	316	5	0	1	316	1	316	4.3e-175	610.1
BCW-200095_00121	gnl|TC-DB|P27838|9.B.21.2.1	88.7	106	12	0	1	106	1	106	2.5e-55	210.7
BCW-200095_00131	gnl|TC-DB|P27837|2.A.3.1.15	92.2	461	36	0	1	461	1	461	1.6e-239	824.7
BCW-200095_00133	gnl|TC-DB|B6I4D1|9.B.128.1.1	89.3	441	47	0	1	441	1	441	3.0e-222	767.3
BCW-200095_00135	gnl|TC-DB|P0AAA7|2.A.66.2.3	86.8	416	55	0	1	416	1	416	7.3e-199	689.5
BCW-200095_00141	gnl|TC-DB|P0AC78|9.B.146.1.7	86.1	367	51	0	1	367	1	367	6.5e-167	583.2
BCW-200095_00142	gnl|TC-DB|P40290|3.A.6.1.1	28.6	252	158	5	157	396	148	389	2.0e-15	80.1
BCW-200095_00144	gnl|TC-DB|O00571|1.I.1.1.3	35.7	364	220	4	9	358	180	543	1.0e-54	210.7
BCW-200095_00167	gnl|TC-DB|P0A4L7|5.A.2.1.2	26.1	222	136	7	3	206	11	222	9.4e-14	73.6
BCW-200095_00173	gnl|TC-DB|Q9KN48|3.A.23.1.1	38.7	341	188	4	140	467	193	525	3.6e-53	205.7
BCW-200095_00174	gnl|TC-DB|Q9HV74|2.A.21.9.1	28.0	357	218	13	11	346	636	974	8.4e-23	104.4
BCW-200095_00177	gnl|TC-DB|Q9Z625|1.B.12.1.3	63.7	981	317	2	1	968	1	955	2.9e-299	1024.2
BCW-200095_00182	gnl|TC-DB|P0A8K8|9.B.126.2.1	87.7	293	33	1	1	293	1	290	6.6e-130	459.9
BCW-200095_00189	gnl|TC-DB|P0AEK7|5.A.3.2.1	48.6	210	106	1	1	208	1	210	1.6e-56	215.7
BCW-200095_00190	gnl|TC-DB|P0AAJ3|5.A.3.2.1	77.6	294	66	0	1	294	1	294	1.2e-145	512.3
BCW-200095_00191	gnl|TC-DB|P24183|5.A.3.2.1	76.8	803	185	1	1	803	213	1014	0.0e+00	1338.9
BCW-200095_00192	gnl|TC-DB|P24183|5.A.3.2.1	82.6	195	34	0	1	195	1	195	1.3e-94	342.0
BCW-200095_00197	gnl|TC-DB|P45420|1.B.11.5.1	40.1	783	458	9	28	807	18	792	5.4e-166	581.3
BCW-200095_00199	gnl|TC-DB|Q1D213|2.A.78.2.3	46.5	99	53	0	8	106	3	101	4.9e-14	73.6
BCW-200095_00200	gnl|TC-DB|Q1D212|2.A.78.2.3	38.1	231	114	3	13	214	14	244	1.2e-35	146.4
BCW-200095_00204	gnl|TC-DB|P96517|2.A.1.5.4	98.1	413	8	0	1	413	1	413	5.3e-221	763.1
BCW-200095_00211	gnl|TC-DB|P69380|2.A.4.7.1	90.7	290	27	0	1	290	1	290	1.4e-148	521.9
BCW-200095_00213	gnl|TC-DB|P0AG78|3.A.1.6.1	92.4	329	25	0	1	329	1	329	2.1e-180	627.9
BCW-200095_00218	gnl|TC-DB|B7MI53|9.B.124.2.2	72.7	139	38	0	1	139	1	139	1.0e-56	215.7
BCW-200095_00222	gnl|TC-DB|P0AER0|1.A.8.1.1	90.0	281	28	0	1	281	1	281	5.7e-147	516.5
BCW-200095_00230	gnl|TC-DB|Q9ZKE4|3.A.11.3.1	31.5	536	338	11	198	730	108	617	5.2e-67	252.3
BCW-200095_00250	gnl|TC-DB|P06129|1.B.14.3.1	66.2	624	194	7	1	617	1	614	8.5e-244	839.3
BCW-200095_00255	gnl|TC-DB|P77389|2.A.1.2.65	42.3	378	211	4	5	381	7	378	1.2e-70	263.5
BCW-200095_00266	gnl|TC-DB|P72121|1.B.14.4.1	46.8	647	303	5	43	648	77	723	4.5e-171	597.8
BCW-200095_00276	gnl|TC-DB|P15754|3.A.15.1.1	45.7	197	105	2	9	204	22	217	4.3e-37	151.4
BCW-200095_00293	gnl|TC-DB|Q5FA63|3.A.1.15.10	40.5	306	157	4	1	285	6	307	5.8e-54	207.6
BCW-200095_00294	gnl|TC-DB|A1IQK4|3.A.1.15.10	54.2	271	123	1	3	273	4	273	7.5e-70	260.4
BCW-200095_00295	gnl|TC-DB|A1IQK5|3.A.1.15.10	42.1	202	116	1	2	202	13	214	8.9e-39	156.8
BCW-200095_00297	gnl|TC-DB|P56579|4.A.4.1.1	96.3	187	7	0	1	187	1	187	2.2e-102	367.9
BCW-200095_00298	gnl|TC-DB|P56580|4.A.4.1.1	91.6	320	25	2	1	319	1	319	4.8e-150	526.9
BCW-200095_00299	gnl|TC-DB|P05706|4.A.4.1.1	78.0	118	26	0	1	118	1	118	1.4e-49	191.8
BCW-200095_00304	gnl|TC-DB|Q9KN48|3.A.23.1.1	41.5	275	153	2	187	461	193	459	1.1e-47	187.6
BCW-200095_00309	gnl|TC-DB|P23516|2.A.52.1.1	53.0	336	154	3	9	340	16	351	7.8e-98	353.6
BCW-200095_00311	gnl|TC-DB|Q5P036|5.A.3.11.1	32.7	171	90	8	5	158	5	167	4.0e-16	81.3
BCW-200095_00313	gnl|TC-DB|P24241|4.A.1.2.3	89.9	473	48	0	1	473	1	473	4.5e-232	800.0
BCW-200095_00314	gnl|TC-DB|Q86Z14|8.A.49.1.2	25.1	491	288	18	4	474	81	511	2.0e-35	146.7
BCW-200095_00317	gnl|TC-DB|P16433|3.D.1.9.2	94.1	255	15	0	1	255	1	255	9.5e-141	495.7
BCW-200095_00318	gnl|TC-DB|P16432|3.D.1.9.2	90.5	179	17	0	1	179	1	179	1.0e-80	295.8
BCW-200095_00319	gnl|TC-DB|P16431|3.D.1.9.2	93.8	569	35	0	1	569	1	569	0.0e+00	1112.8
BCW-200095_00320	gnl|TC-DB|P16430|3.D.1.9.2	85.3	307	45	0	1	307	1	307	1.0e-141	499.2
BCW-200095_00321	gnl|TC-DB|P16429|3.D.1.9.2	78.1	608	129	1	1	604	1	608	6.3e-268	919.5
BCW-200095_00322	gnl|TC-DB|P0AAK3|3.D.1.9.2	87.5	200	25	0	1	200	1	200	6.2e-95	343.2
BCW-200095_00329	gnl|TC-DB|Q9KN48|3.A.23.1.1	42.8	278	156	2	330	606	143	418	5.0e-51	199.1
BCW-200095_00331	gnl|TC-DB|Q7W024|3.A.1.14.20	35.5	313	195	3	31	343	4	309	1.7e-39	159.8
BCW-200095_00332	gnl|TC-DB|Q8GRB0|3.A.1.14.8	38.7	243	146	1	6	245	5	247	6.5e-49	190.7
BCW-200095_00333	gnl|TC-DB|P69367|2.A.1.2.21	28.2	390	254	8	14	397	15	384	1.8e-32	136.7
BCW-200095_00342	gnl|TC-DB|O32182|2.A.1.3.33	21.7	401	254	6	12	353	20	419	5.9e-20	95.1
BCW-200095_00345	gnl|TC-DB|B7LEG0|1.A.34.1.2	76.1	381	82	3	1	374	1	379	3.1e-140	494.6
BCW-200095_00364	gnl|TC-DB|P20166|4.A.1.1.9	46.4	521	253	9	14	519	6	515	1.1e-119	426.8
BCW-200095_00372	gnl|TC-DB|Q93N33|2.A.21.9.2	30.8	273	166	8	265	522	752	1016	7.9e-20	95.9
BCW-200095_00376	gnl|TC-DB|C4ZZU4|2.A.1.14.40	94.4	448	25	0	1	448	1	448	4.1e-248	853.2
BCW-200095_00383	gnl|TC-DB|P0AAD6|2.A.42.2.1	92.5	429	32	0	1	429	1	429	9.5e-218	752.3
BCW-200095_00402	gnl|TC-DB|P0AF43|2.A.58.2.1	87.5	543	68	0	1	543	1	543	1.5e-249	858.2
BCW-200095_00407	gnl|TC-DB|Q9K0A9|2.A.28.2.4	44.7	300	164	1	3	300	9	308	9.8e-63	236.9
BCW-200095_00413	gnl|TC-DB|D8EPC3|1.B.14.16.4	89.5	698	73	0	1	698	1	698	0.0e+00	1325.1
BCW-200095_00415	gnl|TC-DB|P68183|3.A.1.1.1	93.2	296	20	0	1	296	1	296	3.5e-155	543.9
BCW-200095_00416	gnl|TC-DB|P02916|3.A.1.1.1	90.1	514	51	0	1	514	1	514	6.3e-269	922.5
BCW-200095_00417	gnl|TC-DB|P0AEX9|3.A.1.1.1	92.2	396	31	0	1	396	1	396	3.9e-218	753.4
BCW-200095_00418	gnl|TC-DB|P68187|3.A.1.1.1	94.6	371	18	1	1	369	1	371	2.2e-199	691.0
BCW-200095_00419	gnl|TC-DB|P02943|1.B.3.1.1	80.1	452	73	2	1	441	1	446	4.4e-218	753.4
BCW-200095_00423	gnl|TC-DB|P37617|3.A.3.6.2	78.4	732	149	7	1	723	1	732	2.6e-300	1027.3
BCW-200095_00428	gnl|TC-DB|P10121|3.A.5.1.1	96.5	310	11	0	179	488	188	497	1.6e-165	578.9
BCW-200095_00429	gnl|TC-DB|P0A9R7|3.A.1.140.1	95.9	220	9	0	1	220	1	220	5.2e-119	423.3
BCW-200095_00430	gnl|TC-DB|P0AC31|3.A.1.140.1	91.2	352	30	1	1	351	1	352	1.7e-177	618.2
BCW-200095_00433	gnl|TC-DB|P0AD96|3.A.1.4.1	93.7	365	22	1	1	364	3	367	1.1e-195	678.7
BCW-200095_00435	gnl|TC-DB|P04816|3.A.1.4.1	92.7	369	27	0	1	369	1	369	1.8e-201	698.0
BCW-200095_00436	gnl|TC-DB|P0AEX7|3.A.1.4.1	96.4	308	11	0	1	308	1	308	2.3e-157	551.2
BCW-200095_00437	gnl|TC-DB|P22729|3.A.1.4.1	93.4	425	28	0	1	425	1	425	2.2e-206	714.5
BCW-200095_00438	gnl|TC-DB|P0A9S7|3.A.1.4.1	94.1	255	15	0	1	255	1	255	1.4e-136	481.9
BCW-200095_00439	gnl|TC-DB|P22731|3.A.1.4.1	94.1	237	14	0	1	237	1	237	7.5e-124	439.5
BCW-200095_00440	gnl|TC-DB|P0AG80|3.A.1.1.3	89.7	438	45	0	1	438	1	438	9.3e-237	815.5
BCW-200095_00441	gnl|TC-DB|P10905|3.A.1.1.3	91.9	295	24	0	1	295	1	295	8.7e-154	539.3
BCW-200095_00442	gnl|TC-DB|P10906|3.A.1.1.3	89.0	281	31	0	1	281	1	281	3.8e-135	477.2
BCW-200095_00443	gnl|TC-DB|P10907|3.A.1.1.3	90.4	356	34	0	1	356	1	356	9.4e-187	649.0
BCW-200095_00452	gnl|TC-DB|P0AC96|2.A.8.1.8	95.5	446	20	0	1	446	1	446	8.9e-235	808.9
BCW-200095_00456	gnl|TC-DB|P28303|2.A.66.1.4	84.9	438	66	0	1	438	19	456	6.6e-206	713.0
BCW-200095_00474	gnl|TC-DB|P76330|9.B.34.1.4	36.4	176	105	5	293	465	391	562	4.9e-18	89.0
BCW-200095_00479	gnl|TC-DB|P0AF52|2.A.40.7.5	94.4	449	25	0	1	449	1	449	9.2e-224	772.3
BCW-200095_00480	gnl|TC-DB|P32703|2.A.36.3.1	94.7	546	29	0	1	546	1	546	4.1e-282	966.5
BCW-200095_00482	gnl|TC-DB|E7UC95|1.E.14.1.9	82.6	132	23	0	1	132	1	132	8.6e-56	212.6
BCW-200095_00483	gnl|TC-DB|P60643|2.A.122.1.3	29.7	195	137	0	35	229	39	233	1.2e-17	86.7
BCW-200095_00484	gnl|TC-DB|P32705|2.A.21.7.2	91.6	549	46	0	1	549	1	549	3.2e-279	956.8
BCW-200095_00485	gnl|TC-DB|P0AF54|9.B.136.1.1	76.9	104	24	0	1	104	1	104	7.0e-42	166.0
BCW-200095_00486	gnl|TC-DB|P31552|4.C.1.1.6	23.4	529	371	14	90	616	21	517	5.2e-26	115.9
BCW-200095_00487	gnl|TC-DB|P21345|2.A.23.1.1	95.2	437	21	0	1	437	1	437	1.4e-224	775.0
BCW-200095_00490	gnl|TC-DB|P07658|3.D.1.9.2	94.3	558	32	0	1	558	157	714	0.0e+00	1090.9
BCW-200095_00491	gnl|TC-DB|P07658|3.D.1.9.2	95.0	139	7	0	1	139	1	139	4.9e-75	276.6
BCW-200095_00496	gnl|TC-DB|Q9F9B2|3.A.1.2.7	32.8	296	172	11	3	276	1	291	3.7e-22	102.1
BCW-200095_00497	gnl|TC-DB|A6VKS9|3.A.1.2.13	46.1	306	156	5	24	323	13	315	5.9e-58	221.1
BCW-200095_00498	gnl|TC-DB|G4FGN3|3.A.1.2.20	46.7	493	260	3	5	496	3	493	1.7e-128	456.1
BCW-200095_00499	gnl|TC-DB|Q9HV74|2.A.21.9.1	32.0	256	152	7	382	626	737	981	9.1e-22	102.1
BCW-200095_00506	gnl|TC-DB|P37774|3.A.1.3.10	34.5	220	131	6	2	218	4	213	1.9e-23	105.9
BCW-200095_00507	gnl|TC-DB|Q97VF5|3.A.1.5.9	37.3	255	150	3	4	248	45	299	9.3e-40	160.2
BCW-200095_00513	gnl|TC-DB|P16683|3.A.1.9.1	93.1	259	18	0	1	259	1	259	1.4e-136	481.9
BCW-200095_00514	gnl|TC-DB|P16682|3.A.1.9.1	87.9	338	41	0	1	338	1	338	5.2e-171	596.7
BCW-200095_00515	gnl|TC-DB|P16677|3.A.1.9.1	85.9	262	37	0	1	262	1	262	6.8e-126	446.4
BCW-200095_00520	gnl|TC-DB|P15701|2.A.10.1.1	67.4	331	104	1	1	327	1	331	2.6e-114	408.3
BCW-200095_00521	gnl|TC-DB|P0C0L7|2.A.1.6.4	92.2	500	39	0	1	500	1	500	3.9e-263	903.3
BCW-200095_00522	gnl|TC-DB|D7A5Z9|2.A.113.1.7	26.7	273	182	7	22	284	45	309	2.0e-17	86.3
BCW-200095_00528	gnl|TC-DB|P36655|5.A.1.1.1	84.4	565	86	2	1	563	1	565	1.7e-275	944.5
BCW-200095_00530	gnl|TC-DB|P0ABN5|2.A.13.1.1	62.4	434	161	2	1	433	1	433	9.1e-144	506.5
BCW-200095_00533	gnl|TC-DB|P39277|2.A.3.13.1	82.2	409	73	0	1	409	1	409	3.3e-191	664.1
BCW-200095_00539	gnl|TC-DB|P0ADB7|9.B.13.1.1	91.7	48	4	0	1	48	1	48	1.0e-16	81.3
BCW-200095_00541	gnl|TC-DB|D5CES3|2.A.7.1.10	96.2	105	4	0	1	105	1	105	4.3e-47	183.3
BCW-200095_00547	gnl|TC-DB|P17596|3.D.10.1.3	28.9	218	150	5	7	219	5	222	1.4e-24	109.8
BCW-200095_00548	gnl|TC-DB|F9VN10|3.D.10.1.4	40.4	586	324	8	1	581	1	566	7.0e-110	394.4
BCW-200095_00550	gnl|TC-DB|P39285|1.A.23.1.3	88.0	1107	133	0	1	1107	1	1107	0.0e+00	1776.1
BCW-200095_00570	gnl|TC-DB|P0C0L7|2.A.1.6.4	34.9	424	254	5	7	415	24	440	1.5e-66	250.0
BCW-200095_00572	gnl|TC-DB|M3JA40|1.B.52.2.1	37.0	119	74	1	482	600	287	404	2.9e-13	73.6
BCW-200095_00578	gnl|TC-DB|P39301|4.A.7.1.1	95.7	465	20	0	1	465	1	465	1.9e-251	864.4
BCW-200095_00579	gnl|TC-DB|P69822|4.A.7.1.1	99.0	101	1	0	1	101	1	101	1.5e-52	201.4
BCW-200095_00580	gnl|TC-DB|P69820|4.A.7.1.1	88.3	154	18	0	1	154	1	154	3.0e-73	270.8
BCW-200095_00591	gnl|TC-DB|P0AAE0|2.A.3.1.7	94.5	469	26	0	1	469	1	469	4.6e-250	859.8
BCW-200095_00593	gnl|TC-DB|M3JA40|1.B.52.2.1	72.3	47	13	0	364	410	293	339	8.9e-11	65.1
BCW-200095_00594	gnl|TC-DB|P39314|2.A.7.3.19	83.4	320	53	0	1	320	1	320	2.5e-154	541.2
BCW-200095_00602	gnl|TC-DB|Q0PBV6|9.A.40.2.2	23.4	427	321	4	5	428	26	449	2.0e-37	153.3
BCW-200095_00603	gnl|TC-DB|Q6D188|2.A.2.5.2	41.0	502	282	6	7	500	4	499	7.1e-103	370.9
BCW-200095_00610	gnl|TC-DB|P0ADE4|1.B.33.2.4	85.4	577	84	0	1	577	1	577	2.2e-302	1033.9
BCW-200095_00611	gnl|TC-DB|P39321|9.B.22.1.2	85.7	1259	179	1	1	1258	1	1259	0.0e+00	2178.7
BCW-200095_00617	gnl|TC-DB|P39325|3.A.1.2.25	95.3	318	15	0	1	318	1	318	7.1e-170	592.8
BCW-200095_00618	gnl|TC-DB|Q6BEX0|3.A.1.2.25	94.2	500	29	0	1	500	1	500	3.1e-268	920.2
BCW-200095_00619	gnl|TC-DB|P39328|3.A.1.2.25	85.9	340	48	0	1	340	2	341	1.9e-157	551.6
BCW-200095_00620	gnl|TC-DB|P37772|3.A.1.2.25	97.5	326	8	0	1	326	1	326	2.3e-171	597.8
BCW-200095_00621	gnl|TC-DB|M3JA40|1.B.52.2.1	51.8	83	37	1	331	410	257	339	4.8e-14	75.9
BCW-200095_00641	gnl|TC-DB|Q05839|8.A.9.1.1	30.6	540	305	12	7	519	109	605	1.4e-72	270.4
BCW-200095_00642	gnl|TC-DB|P36672|4.A.1.2.4	88.1	472	56	0	1	472	2	473	3.7e-239	823.5
BCW-200095_00644	gnl|TC-DB|P36640|3.A.3.4.1	85.5	902	131	0	1	902	1	902	0.0e+00	1531.2
BCW-200095_00651	gnl|TC-DB|Q11G42|2.A.118.1.2	57.8	465	195	1	3	466	12	476	3.9e-140	494.6
BCW-200095_00658	gnl|TC-DB|P75683|2.A.2.3.5	98.9	460	5	0	1	460	1	460	5.3e-259	889.4
BCW-200095_00687	gnl|TC-DB|A7ZUZ0|2.A.2.1.1	30.8	428	273	10	16	426	11	432	1.6e-40	163.7
BCW-200095_00689	gnl|TC-DB|Q9X4X4|2.A.1.30.1	37.8	508	310	3	17	520	17	522	2.0e-87	319.7
BCW-200095_00716	gnl|TC-DB|D5CJ69|2.A.66.1.22	93.5	461	30	0	13	473	2	462	2.6e-245	844.0
BCW-200095_00719	gnl|TC-DB|P31474|2.A.1.3.51	81.8	477	85	1	1	477	1	475	5.6e-211	729.9
BCW-200095_00722	gnl|TC-DB|P02925|3.A.1.2.1	98.0	296	6	0	1	296	1	296	2.1e-155	544.7
BCW-200095_00723	gnl|TC-DB|P0AGI1|3.A.1.2.1	94.1	321	19	0	1	321	1	321	1.2e-145	512.3
BCW-200095_00724	gnl|TC-DB|P04983|3.A.1.2.1	96.4	501	18	0	1	501	1	501	9.5e-278	951.8
BCW-200095_00726	gnl|TC-DB|P63183|2.A.72.1.1	92.4	622	47	0	1	622	1	622	0.0e+00	1145.6
BCW-200095_00734	gnl|TC-DB|C4X3L3|1.A.77.3.8	89.7	126	13	0	1	126	25	150	1.8e-55	211.5
BCW-200095_00735	gnl|TC-DB|P0AB98|3.A.2.1.1	93.4	271	18	0	1	271	1	271	5.7e-144	506.5
BCW-200095_00736	gnl|TC-DB|P68699|3.A.2.1.1	100.0	79	0	0	1	79	1	79	2.8e-35	143.7
BCW-200095_00737	gnl|TC-DB|P0ABA0|3.A.2.1.1	93.6	156	10	0	1	156	1	156	3.0e-52	201.1
BCW-200095_00738	gnl|TC-DB|P0ABA4|3.A.2.1.1	89.3	177	19	0	1	177	1	177	5.3e-82	300.1
BCW-200095_00739	gnl|TC-DB|P0ABB0|3.A.2.1.1	95.5	513	23	0	1	513	1	513	9.4e-281	961.8
BCW-200095_00740	gnl|TC-DB|P0ABA6|3.A.2.1.1	92.3	287	22	0	1	287	1	287	2.1e-149	524.6
BCW-200095_00741	gnl|TC-DB|P0ABB4|3.A.2.1.1	98.0	460	9	0	1	460	1	460	4.1e-259	889.8
BCW-200095_00742	gnl|TC-DB|P0A6E6|3.A.2.1.1	95.7	139	6	0	1	139	1	139	4.0e-69	256.9
BCW-200095_00745	gnl|TC-DB|P0AG82|3.A.1.7.1	92.2	346	27	0	1	346	1	346	4.5e-186	646.7
BCW-200095_00746	gnl|TC-DB|P0AGH8|3.A.1.7.1	95.0	319	16	0	1	319	1	319	8.2e-166	579.3
BCW-200095_00747	gnl|TC-DB|P07654|3.A.1.7.1	93.9	296	18	0	1	296	1	296	8.1e-152	532.7
BCW-200095_00748	gnl|TC-DB|P0AAH0|3.A.1.7.1	96.1	257	10	0	1	257	1	257	1.1e-144	508.8
BCW-200095_00751	gnl|TC-DB|P31466|2.A.40.7.6	94.2	445	26	0	2	446	1	445	1.2e-228	788.5
BCW-200095_00755	gnl|TC-DB|P31462|2.A.1.2.22	73.7	392	99	2	1	389	1	391	1.3e-152	535.8
BCW-200095_00757	gnl|TC-DB|P25714|2.A.9.3.1	91.4	548	46	1	1	547	1	548	1.9e-279	957.6
BCW-200095_00770	gnl|TC-DB|P0AA76|2.A.1.14.7	94.0	430	26	0	1	430	1	430	1.4e-237	818.1
BCW-200095_00775	gnl|TC-DB|B7L824|2.A.81.1.5	81.7	552	101	0	1	552	1	552	5.2e-253	869.8
BCW-200095_00777	gnl|TC-DB|Q9AGA7|4.A.1.1.10	90.2	540	53	0	1	540	1	540	5.8e-281	962.6
BCW-200095_00779	gnl|TC-DB|P0ADM0|9.B.51.1.1	86.1	115	16	0	1	115	1	115	4.5e-50	193.4
BCW-200095_00782	gnl|TC-DB|P08555|2.A.8.1.5	90.8	445	41	0	1	445	1	445	7.5e-218	752.7
BCW-200095_00785	gnl|TC-DB|P31442|2.A.1.2.9	86.8	394	52	0	1	394	1	394	1.5e-190	661.8
BCW-200095_00786	gnl|TC-DB|L0LHM3|2.A.7.31.3	49.5	277	139	1	1	276	1	277	4.7e-61	231.1
BCW-200095_00794	gnl|TC-DB|P09836|2.A.1.4.4	88.2	434	51	0	3	436	6	439	2.2e-230	794.3
BCW-200095_00795	gnl|TC-DB|P0AGC0|2.A.1.4.1	93.7	463	29	0	1	463	1	463	7.2e-248	852.4
BCW-200095_00798	gnl|TC-DB|P0ADL1|2.A.1.2.26	85.0	381	57	0	16	396	14	394	2.9e-173	604.4
BCW-200095_00799	gnl|TC-DB|P31437|2.A.7.3.12	84.2	298	47	0	1	298	1	298	1.4e-135	478.8
BCW-200095_00801	gnl|TC-DB|P69791|4.A.3.2.1	50.5	97	48	0	4	100	17	113	2.3e-21	97.8
BCW-200095_00802	gnl|TC-DB|Q86Z14|8.A.49.1.2	26.5	468	291	14	5	457	81	510	1.7e-39	160.2
BCW-200095_00803	gnl|TC-DB|Q9KSH4|4.A.3.2.6	48.2	434	224	1	4	437	6	438	1.1e-120	429.9
BCW-200095_00804	gnl|TC-DB|Q9KSH5|4.A.3.2.6	49.0	100	51	0	1	100	1	100	3.4e-20	94.0
BCW-200095_00808	gnl|TC-DB|P28635|3.A.1.24.1	63.4	262	95	1	5	266	11	271	6.9e-94	340.1
BCW-200095_00813	gnl|TC-DB|P33341|1.B.11.3.11	37.1	840	482	13	3	820	10	825	2.9e-151	532.3
BCW-200095_00825	gnl|TC-DB|A3DCU1|3.A.1.112.9	25.7	704	497	12	10	696	7	701	6.3e-62	235.3
BCW-200095_00834	gnl|TC-DB|G3IME2|9.B.35.1.2	33.8	139	86	4	3	136	4	141	3.0e-16	81.3
BCW-200095_00839	gnl|TC-DB|Q8CVM4|1.B.11.3.5	40.8	830	464	12	13	822	25	847	2.7e-168	589.0
BCW-200095_00858	gnl|TC-DB|P0AGM9|2.A.40.4.2	94.4	462	26	0	1	462	1	462	1.2e-239	825.1
BCW-200095_00859	gnl|TC-DB|P0AER8|2.A.27.1.1	91.5	400	34	0	1	400	1	400	3.2e-199	690.6
BCW-200095_00866	gnl|TC-DB|P0AGM2|1.A.62.2.3	88.8	205	23	0	1	205	1	205	7.2e-99	356.3
BCW-200095_00878	gnl|TC-DB|B8F5K7|4.D.1.3.2	52.5	244	114	2	5	246	4	247	3.1e-67	251.5
BCW-200095_00880	gnl|TC-DB|P75905|4.D.1.1.3	34.7	98	63	1	1	97	71	168	2.4e-11	66.2
BCW-200095_00890	gnl|TC-DB|P27243|9.B.67.5.1	30.4	392	261	10	8	395	16	399	1.4e-35	147.1
BCW-200095_00894	gnl|TC-DB|B7LEG0|1.A.34.1.2	39.5	119	67	3	308	425	262	376	2.9e-17	86.3
BCW-200095_00902	gnl|TC-DB|Q51955|2.A.1.15.1	45.4	434	237	0	7	440	12	445	4.1e-107	384.8
BCW-200095_00905	gnl|TC-DB|P33231|2.A.14.1.1	91.7	551	46	0	1	551	1	551	5.2e-285	976.1
BCW-200095_00908	gnl|TC-DB|P33129|1.B.11.3.3	25.9	800	509	20	15	742	25	812	7.9e-61	231.9
BCW-200095_00921	gnl|TC-DB|P00550|4.A.2.1.2	92.7	633	46	0	1	633	1	633	0.0e+00	1132.9
BCW-200095_00922	gnl|TC-DB|P32108|9.B.32.1.1	71.4	112	30	1	1	110	1	112	4.2e-43	170.2
BCW-200095_00923	gnl|TC-DB|P37683|8.A.1.1.4	77.5	378	85	0	1	378	1	378	6.9e-164	573.2
BCW-200095_00929	gnl|TC-DB|P37681|9.B.99.1.1	55.7	246	109	0	1	246	1	246	1.4e-80	295.8
BCW-200095_00936	gnl|TC-DB|Q9RPV1|2.A.1.14.9	29.6	432	280	8	19	434	35	458	7.8e-42	167.9
BCW-200095_00941	gnl|TC-DB|P0AAK3|3.D.1.9.2	41.6	185	70	4	1	150	1	182	5.1e-33	137.1
BCW-200095_00946	gnl|TC-DB|P0AGI4|3.A.1.2.4	91.6	393	33	0	1	393	1	393	3.3e-185	644.0
BCW-200095_00947	gnl|TC-DB|P37388|3.A.1.2.4	89.1	513	56	0	1	513	1	513	4.2e-265	909.8
BCW-200095_00948	gnl|TC-DB|P37387|3.A.1.2.4	90.6	330	31	0	1	330	1	330	2.4e-168	587.8
BCW-200095_00953	gnl|TC-DB|P37669|9.B.97.1.1	82.2	331	59	0	1	331	1	331	1.5e-159	558.5
BCW-200095_00958	gnl|TC-DB|Q53712|3.A.1.120.3	30.8	529	285	15	40	522	63	556	7.3e-42	168.3
BCW-200095_00963	gnl|TC-DB|Q9RPP3|2.A.1.14.8	28.2	422	285	8	14	423	33	448	1.7e-41	166.8
BCW-200095_00967	gnl|TC-DB|P37665|9.B.186.1.1	91.8	219	18	0	1	219	1	219	1.5e-81	298.9
BCW-200095_00968	gnl|TC-DB|P20099|5.A.3.4.3	82.0	774	139	0	2	775	4	777	0.0e+00	1374.0
BCW-200095_00972	gnl|TC-DB|P37662|2.A.1.11.3	89.4	350	37	0	1	350	1	350	1.5e-169	592.0
BCW-200095_00975	gnl|TC-DB|P33950|3.A.1.5.27	55.3	517	230	1	19	535	30	545	1.4e-170	595.9
BCW-200095_00976	gnl|TC-DB|W0WN20|3.A.1.5.39	65.8	339	113	1	1	339	1	336	4.4e-125	444.1
BCW-200095_00977	gnl|TC-DB|W0WMS8|3.A.1.5.39	53.4	283	132	0	17	299	18	300	5.3e-82	300.8
BCW-200095_00978	gnl|TC-DB|P45095|3.A.1.5.27	76.3	325	76	1	1	325	1	324	6.4e-142	500.0
BCW-200095_00979	gnl|TC-DB|P45094|3.A.1.5.27	76.4	326	76	1	3	327	2	327	1.7e-142	501.9
BCW-200095_00986	gnl|TC-DB|P31545|2.A.108.2.3	83.8	425	65	1	1	425	1	421	2.9e-211	730.7
BCW-200095_00987	gnl|TC-DB|P0AB24|2.A.108.2.3	87.2	375	48	0	1	375	1	375	2.7e-184	641.0
BCW-200095_00988	gnl|TC-DB|P75901|2.A.108.2.3	89.1	274	30	0	1	274	1	274	5.3e-137	483.4
BCW-200095_00989	gnl|TC-DB|P0AFF2|2.A.41.1.1	71.2	400	109	2	1	394	1	400	3.6e-147	517.7
BCW-200095_00991	gnl|TC-DB|P07117|2.A.21.2.1	94.8	500	26	0	1	500	1	500	4.0e-268	919.8
BCW-200095_01001	gnl|TC-DB|P75892|2.A.40.1.3	89.3	439	47	0	1	439	3	441	2.5e-213	737.6
BCW-200095_01002	gnl|TC-DB|K7QW88|2.A.7.3.52	34.6	269	167	6	17	284	11	271	2.0e-20	96.3
BCW-200095_01011	gnl|TC-DB|Q52398|1.A.26.1.4	55.8	326	142	2	6	330	28	352	1.2e-95	346.3
BCW-200095_01014	gnl|TC-DB|Q9I488|3.A.1.3.21	57.7	239	101	0	3	241	1	239	6.9e-72	266.9
BCW-200095_01015	gnl|TC-DB|P0AFT2|3.A.1.3.10	32.0	206	140	0	15	220	10	215	1.2e-25	113.2
BCW-200095_01016	gnl|TC-DB|P35113|3.A.1.3.6	32.6	218	137	2	5	212	1	218	2.4e-23	105.5
BCW-200095_01026	gnl|TC-DB|P94575|2.A.39.3.4	32.5	462	307	3	20	478	10	469	6.5e-77	284.6
BCW-200095_01028	gnl|TC-DB|G3IME2|9.B.35.1.2	31.6	114	69	3	2	107	29	141	1.2e-12	68.9
BCW-200095_01033	gnl|TC-DB|P0AC78|9.B.146.1.7	44.6	332	174	5	2	328	8	334	3.3e-59	225.3
BCW-200095_01034	gnl|TC-DB|P0A930|1.B.18.3.1	68.2	374	118	1	4	376	6	379	3.3e-150	527.7
BCW-200095_01036	gnl|TC-DB|P38134|8.A.3.3.1	46.3	708	373	2	5	705	4	711	4.3e-175	611.3
BCW-200095_01048	gnl|TC-DB|D8EPC3|1.B.14.16.4	56.8	697	290	6	10	702	7	696	1.2e-233	805.8
BCW-200095_01051	gnl|TC-DB|P16552|2.A.1.5.2	35.0	412	251	3	17	421	18	419	2.4e-64	242.7
BCW-200095_01059	gnl|TC-DB|Q05596|3.A.1.23.6	85.7	272	38	1	1	272	1	271	4.6e-133	470.3
BCW-200095_01060	gnl|TC-DB|Q05598|3.A.1.23.6	78.2	225	49	0	1	225	1	225	3.8e-101	364.0
BCW-200095_01061	gnl|TC-DB|Q05595|3.A.1.23.6	91.7	36	3	0	58	93	58	93	6.1e-13	69.7
BCW-200095_01062	gnl|TC-DB|Q05594|3.A.1.23.6	92.2	245	19	0	1	245	1	245	1.1e-125	445.7
BCW-200095_01073	gnl|TC-DB|Q8PVB2|9.B.125.2.2	33.6	324	188	6	8	318	15	324	9.0e-40	160.6
BCW-200095_01085	gnl|TC-DB|Q01857|2.A.23.1.3	40.1	364	213	3	47	405	54	417	9.0e-67	250.8
BCW-200095_01093	gnl|TC-DB|P39580|2.A.50.2.1	28.5	382	221	15	11	368	35	388	4.7e-32	135.2
BCW-200095_01099	gnl|TC-DB|P06202|3.A.1.5.1	54.7	536	238	3	12	542	8	543	2.1e-169	592.0
BCW-200095_01100	gnl|TC-DB|P0AAC6|1.A.14.2.1	93.6	219	14	0	1	219	1	219	6.5e-106	379.8
BCW-200095_01111	gnl|TC-DB|P0AB12|9.B.55.1.1	87.8	148	18	0	1	148	1	148	3.9e-70	260.4
BCW-200095_01112	gnl|TC-DB|P75870|2.A.85.1.1	82.4	716	126	0	1	716	1	716	0.0e+00	1187.6
BCW-200095_01115	gnl|TC-DB|P0A910|1.B.6.1.1	85.2	351	47	2	1	351	1	346	3.6e-167	583.9
BCW-200095_01122	gnl|TC-DB|P43672|3.A.1.120.6	84.1	634	101	0	1	634	1	634	3.6e-298	1020.0
BCW-200095_01128	gnl|TC-DB|P75853|3.A.1.17.10	84.4	315	49	0	3	317	2	316	1.8e-152	535.0
BCW-200095_01130	gnl|TC-DB|P75851|3.A.1.17.10	92.0	261	21	0	1	261	1	261	2.0e-125	444.9
BCW-200095_01131	gnl|TC-DB|B1X8N7|3.A.1.17.10	87.0	253	33	0	1	253	1	253	9.9e-122	432.6
BCW-200095_01135	gnl|TC-DB|Q6RW54|1.B.1.1.12	66.6	362	116	4	2	362	1	358	3.2e-134	474.6
BCW-200095_01150	gnl|TC-DB|P60752|3.A.1.106.1	95.2	582	28	0	1	582	1	582	4.3e-298	1019.6
BCW-200095_01151	gnl|TC-DB|P44408|3.A.11.2.2	34.3	665	379	13	129	748	133	784	2.0e-90	330.1
BCW-200095_01159	gnl|TC-DB|P0AC23|1.A.16.1.1	94.0	285	17	0	1	285	1	285	5.4e-153	536.6
BCW-200095_01163	gnl|TC-DB|P21503|2.A.1.26.1	84.8	381	58	0	1	381	1	381	1.1e-182	635.6
BCW-200095_01164	gnl|TC-DB|P18777|5.A.3.3.2	84.3	287	45	0	1	287	1	287	1.6e-136	481.9
BCW-200095_01165	gnl|TC-DB|P18776|5.A.3.3.2	94.1	205	12	0	1	205	1	205	5.5e-123	436.4
BCW-200095_01166	gnl|TC-DB|P18775|5.A.3.3.2	88.6	814	93	0	1	814	1	814	0.0e+00	1522.3
BCW-200095_01169	gnl|TC-DB|P61316|1.B.46.1.1	92.1	203	16	0	1	203	1	203	2.1e-106	381.3
BCW-200095_01170	gnl|TC-DB|P46889|3.A.12.1.2	78.0	1329	195	10	1	1232	1	1329	0.0e+00	1633.6
BCW-200095_01173	gnl|TC-DB|P29018|3.A.1.129.1	84.4	588	92	0	1	588	1	588	9.4e-285	975.3
BCW-200095_01174	gnl|TC-DB|P23886|3.A.1.129.1	82.0	573	103	0	1	573	1	573	5.4e-261	896.3
BCW-200095_01177	gnl|TC-DB|Q9SXJ7|3.A.9.1.2	38.5	800	402	11	17	737	133	921	1.3e-148	523.5
BCW-200095_01180	gnl|TC-DB|P75831|3.A.1.122.1	86.3	648	87	1	1	646	1	648	1.5e-312	1067.8
BCW-200095_01181	gnl|TC-DB|P75830|3.A.1.122.1	83.2	369	59	1	6	371	3	371	8.9e-156	546.2
BCW-200095_01184	gnl|TC-DB|P60844|1.A.8.3.1	90.5	231	22	0	1	231	1	231	1.6e-118	421.8
BCW-200095_01185	gnl|TC-DB|P75826|2.A.124.1.1	86.0	299	42	0	1	299	1	299	1.9e-140	495.0
BCW-200095_01196	gnl|TC-DB|P15754|3.A.15.1.1	52.0	200	95	1	23	222	27	225	3.4e-48	188.3
BCW-200095_01200	gnl|TC-DB|Q9XD68|3.A.15.3.1	27.7	202	121	6	7	186	3	201	6.3e-13	70.9
BCW-200095_01203	gnl|TC-DB|P15746|3.A.15.1.1	71.4	140	40	0	8	147	1	140	6.1e-55	209.9
BCW-200095_01204	gnl|TC-DB|P15745|3.A.15.1.1	42.4	401	209	2	1	401	1	379	1.5e-76	283.1
BCW-200095_01205	gnl|TC-DB|P15645|3.A.15.1.1	60.6	452	176	1	36	487	42	491	8.5e-154	540.0
BCW-200095_01206	gnl|TC-DB|P15644|1.B.22.1.1	53.7	626	271	6	23	632	27	649	2.6e-179	625.2
BCW-200095_01214	gnl|TC-DB|P0AAF6|3.A.1.3.3	93.8	242	15	0	1	242	1	242	2.3e-128	454.5
BCW-200095_01215	gnl|TC-DB|P30859|3.A.1.3.3	92.2	243	19	0	1	243	1	243	1.8e-128	454.9
BCW-200095_01216	gnl|TC-DB|P0AE34|3.A.1.3.3	95.4	237	11	0	1	237	1	237	2.9e-123	437.6
BCW-200095_01217	gnl|TC-DB|P0AE30|3.A.1.3.3	93.2	222	15	0	1	222	1	222	1.3e-101	365.5
BCW-200095_01218	gnl|TC-DB|P30860|3.A.1.3.3	88.9	243	27	0	1	243	1	243	2.6e-124	441.0
BCW-200095_01223	gnl|TC-DB|P0AFL1|3.A.1.11.2	92.9	281	20	0	1	281	1	281	8.5e-143	502.7
BCW-200095_01224	gnl|TC-DB|P31135|3.A.1.11.2	89.9	317	32	0	1	317	1	317	4.0e-165	577.0
BCW-200095_01225	gnl|TC-DB|P31134|3.A.1.11.2	92.3	377	29	0	1	377	1	377	1.5e-203	704.9
BCW-200095_01226	gnl|TC-DB|P31133|3.A.1.11.2	90.8	370	34	0	1	370	1	370	1.1e-203	705.3
BCW-200095_01232	gnl|TC-DB|A7ZJR5|2.A.81.1.4	93.9	561	34	0	1	561	1	561	8.9e-301	1028.5
BCW-200095_01234	gnl|TC-DB|P0AB93|3.A.4.1.1	88.1	429	51	0	1	429	1	429	3.0e-208	720.7
BCW-200095_01238	gnl|TC-DB|P75810|2.A.1.60.2	81.2	400	74	1	1	399	1	400	1.2e-174	609.0
BCW-200095_01240	gnl|TC-DB|P0AEY8|2.A.1.2.19	88.2	407	48	0	1	407	1	407	8.2e-203	702.6
BCW-200095_01242	gnl|TC-DB|P94571|9.B.105.1.3	29.6	159	107	2	5	163	1	154	1.1e-14	76.6
BCW-200095_01249	gnl|TC-DB|P75799|3.A.1.5.11	86.8	303	40	0	1	303	1	303	2.7e-134	474.6
BCW-200095_01250	gnl|TC-DB|P75798|3.A.1.5.11	87.9	306	37	0	1	306	1	306	6.9e-154	539.7
BCW-200095_01251	gnl|TC-DB|P75797|3.A.1.5.11	86.9	512	67	0	1	512	1	512	1.7e-261	897.9
BCW-200095_01252	gnl|TC-DB|P75796|3.A.1.5.11	79.3	622	129	0	1	622	1	622	6.3e-279	956.1
BCW-200095_01262	gnl|TC-DB|P0AA78|2.A.1.14.2	43.3	416	235	1	16	430	42	457	2.1e-100	362.5
BCW-200095_01264	gnl|TC-DB|Q83XH1|3.A.1.121.4	46.4	526	281	1	1	526	1	525	1.3e-139	493.0
BCW-200095_01268	gnl|TC-DB|U5MFA1|4.A.3.2.9	34.1	425	271	3	14	432	8	429	1.0e-57	220.7
BCW-200095_01269	gnl|TC-DB|Q86Z14|8.A.49.1.2	28.6	465	278	14	6	455	82	507	1.3e-39	160.6
BCW-200095_01270	gnl|TC-DB|P63144|8.A.5.1.3	33.3	330	198	7	1	320	71	388	6.6e-44	174.5
BCW-200095_01271	gnl|TC-DB|B3PY75|1.B.17.3.8	32.5	504	296	6	1	496	1	468	2.2e-64	243.0
BCW-200095_01272	gnl|TC-DB|P0AEJ0|2.A.1.3.2	36.0	497	306	3	18	513	15	500	2.9e-88	322.4
BCW-200095_01273	gnl|TC-DB|Q9RQ30|8.A.1.1.2	47.3	129	66	2	235	361	225	353	6.1e-24	108.2
BCW-200095_01274	gnl|TC-DB|P75788|2.A.45.2.5	78.0	369	81	0	1	369	1	369	6.3e-162	566.6
BCW-200095_01278	gnl|TC-DB|G0EBV0|1.B.6.2.10	82.1	173	28	2	1	172	1	171	1.4e-74	275.4
BCW-200095_01279	gnl|TC-DB|P0AA67|2.A.7.3.6	81.0	295	56	0	1	295	1	295	1.0e-130	462.6
BCW-200095_01281	gnl|TC-DB|P0AEQ3|3.A.1.3.2	96.0	248	9	1	1	247	1	248	4.6e-132	466.8
BCW-200095_01282	gnl|TC-DB|P0AEQ6|3.A.1.3.2	94.5	219	12	0	1	219	1	219	1.1e-110	395.6
BCW-200095_01283	gnl|TC-DB|P10346|3.A.1.3.2	96.2	240	9	0	1	240	1	240	1.3e-128	455.3
BCW-200095_01284	gnl|TC-DB|P75783|1.A.23.3.2	80.6	741	140	1	1	737	1	741	0.0e+00	1141.7
BCW-200095_01292	gnl|TC-DB|P30130|1.B.11.3.9	41.1	851	444	17	35	846	45	877	2.2e-173	605.9
BCW-200095_01296	gnl|TC-DB|O00571|1.I.1.1.3	42.2	398	207	8	2	377	181	577	2.0e-72	269.6
BCW-200095_01298	gnl|TC-DB|P75777|3.A.1.105.15	62.8	331	123	0	1	331	2	332	4.3e-85	311.2
BCW-200095_01299	gnl|TC-DB|P0A9U1|3.A.1.105.15	89.6	577	60	0	1	577	1	577	3.4e-303	1036.6
BCW-200095_01300	gnl|TC-DB|C6EIY9|3.A.1.105.15	90.2	377	37	0	1	377	1	377	6.2e-189	656.4
BCW-200095_01301	gnl|TC-DB|P0AFP9|3.A.1.105.15	93.2	367	25	0	1	367	1	367	1.3e-194	675.2
BCW-200095_01302	gnl|TC-DB|P0AAW6|9.B.15.1.1	82.2	135	24	0	1	135	1	135	2.9e-56	214.2
BCW-200095_01305	gnl|TC-DB|P75770|4.D.2.4.3	85.2	318	47	0	1	318	1	318	7.2e-154	539.7
BCW-200095_01306	gnl|TC-DB|P0AAC4|1.A.14.2.2	83.4	235	38	1	1	235	1	234	2.3e-101	364.8
BCW-200095_01314	gnl|TC-DB|Q9L3S2|3.A.1.4.4	35.8	218	132	4	15	230	5	216	6.0e-28	120.9
BCW-200095_01330	gnl|TC-DB|P09833|3.A.1.8.1	88.0	351	42	0	1	351	1	351	2.7e-178	620.9
BCW-200095_01331	gnl|TC-DB|P0AF01|3.A.1.8.1	92.1	229	18	0	1	229	1	229	3.6e-115	410.6
BCW-200095_01332	gnl|TC-DB|P37329|3.A.1.8.1	86.3	255	35	0	1	255	1	255	7.6e-122	433.0
BCW-200095_01333	gnl|TC-DB|A6T6J1|2.A.6.2.49	79.6	49	10	0	1	49	1	49	2.0e-15	77.0
BCW-200095_01335	gnl|TC-DB|A7BAX2|3.A.1.26.3	29.5	495	278	19	10	471	246	702	1.9e-28	123.6
BCW-200095_01343	gnl|TC-DB|P75757|2.A.4.1.4	79.7	310	61	1	1	308	1	310	2.3e-141	498.0
BCW-200095_01344	gnl|TC-DB|P24520|4.B.1.1.1	87.0	238	31	0	1	238	1	238	3.2e-114	407.5
BCW-200095_01351	gnl|TC-DB|P33011|2.A.85.7.1	73.9	352	92	0	1	352	1	352	6.5e-156	546.6
BCW-200095_01355	gnl|TC-DB|P0AA47|2.A.3.1.14	88.1	452	54	0	1	452	1	452	3.3e-229	790.4
BCW-200095_01387	gnl|TC-DB|P77377|2.A.66.2.7	88.0	492	59	0	1	492	1	492	2.3e-236	814.3
BCW-200095_01388	gnl|TC-DB|G0CIY2|9.B.18.1.1	39.0	464	258	11	19	464	28	484	6.5e-79	291.2
BCW-200095_01401	gnl|TC-DB|P76387|8.A.3.3.2	86.5	720	97	0	1	720	1	720	0.0e+00	1199.9
BCW-200095_01403	gnl|TC-DB|P0A930|1.B.18.3.1	93.1	379	26	0	1	379	1	379	1.1e-206	715.3
BCW-200095_01404	gnl|TC-DB|L5DDD7|2.A.109.2.3	86.3	527	72	0	1	527	370	896	7.7e-254	872.5
BCW-200095_01405	gnl|TC-DB|P28249|9.B.22.2.1	71.5	617	175	1	1	616	1	617	2.1e-255	877.9
BCW-200095_01409	gnl|TC-DB|Q1J0W6|9.B.34.1.1	35.9	167	95	4	675	840	190	345	9.2e-15	79.3
BCW-200095_01412	gnl|TC-DB|P76397|8.A.1.6.2	84.2	400	61	1	1	400	1	398	3.0e-173	604.4
BCW-200095_01413	gnl|TC-DB|P76398|2.A.6.2.12	89.9	1040	105	0	1	1040	1	1040	0.0e+00	1753.4
BCW-200095_01414	gnl|TC-DB|P76399|2.A.6.2.12	92.0	1025	82	0	1	1025	1	1025	0.0e+00	1788.1
BCW-200095_01415	gnl|TC-DB|P36554|2.A.1.3.26	81.9	469	85	0	1	469	1	469	2.2e-215	744.6
BCW-200095_01423	gnl|TC-DB|P76417|2.A.1.10.4	90.8	425	39	0	1	425	1	425	4.3e-223	770.0
BCW-200095_01433	gnl|TC-DB|P30000|2.A.1.5.3	39.5	408	239	6	10	413	12	415	1.2e-76	283.5
BCW-200095_01441	gnl|TC-DB|P31440|2.A.40.7.4	33.6	432	285	2	3	434	4	433	2.5e-67	252.7
BCW-200095_01442	gnl|TC-DB|P38134|8.A.3.3.1	56.9	698	301	0	15	712	14	711	8.3e-222	766.5
BCW-200095_01444	gnl|TC-DB|P0A932|1.B.18.3.8	73.9	379	98	1	7	385	1	378	3.3e-161	564.3
BCW-200095_01445	gnl|TC-DB|P64534|2.A.113.1.1	63.4	112	39	1	1	110	1	112	1.7e-33	138.3
BCW-200095_01447	gnl|TC-DB|A0L4L0|3.A.1.132.3	38.5	348	185	6	12	350	2	329	2.1e-56	216.1
BCW-200095_01451	gnl|TC-DB|Q81JL2|9.B.33.1.1	30.8	581	363	10	5	555	3	574	3.4e-74	275.8
BCW-200095_01454	gnl|TC-DB|P33359|3.A.1.12.15	79.8	243	49	0	1	243	1	243	3.0e-99	357.8
BCW-200095_01455	gnl|TC-DB|P33360|3.A.1.12.15	82.7	306	52	1	1	306	1	305	6.2e-142	500.0
BCW-200095_01456	gnl|TC-DB|P33361|3.A.1.12.15	61.5	379	146	0	7	385	7	385	1.6e-120	429.1
BCW-200095_01457	gnl|TC-DB|P33362|3.A.1.12.15	86.2	305	42	0	1	305	1	305	1.3e-144	508.8
BCW-200095_01462	gnl|TC-DB|J2MRK2|9.B.29.3.1	40.7	182	108	0	7	188	8	189	9.8e-37	149.8
BCW-200095_01463	gnl|TC-DB|E4PCL6|9.B.27.2.7	81.5	189	35	0	1	189	1	189	4.5e-87	317.0
BCW-200095_01465	gnl|TC-DB|P33369|1.B.17.3.10	69.8	463	135	2	12	469	14	476	3.7e-175	610.9
BCW-200095_01467	gnl|TC-DB|P08722|4.A.1.2.2	57.1	620	255	1	6	614	4	623	5.5e-203	703.7
BCW-200095_01472	gnl|TC-DB|F4V3T5|1.E.14.1.4	89.8	128	13	0	1	128	4	131	6.1e-43	169.9
BCW-200095_01473	gnl|TC-DB|C6EAH0|2.A.122.1.1	90.0	231	23	0	1	231	1	231	7.1e-111	396.4
BCW-200095_01475	gnl|TC-DB|P0AFY2|9.B.114.1.1	88.3	239	28	0	1	239	1	239	3.3e-119	424.1
BCW-200095_01477	gnl|TC-DB|P23200|3.A.1.2.3	93.8	336	21	0	1	336	1	336	1.1e-165	578.9
BCW-200095_01478	gnl|TC-DB|P0AAG8|3.A.1.2.3	95.8	506	21	0	1	506	1	506	1.1e-281	964.9
BCW-200095_01479	gnl|TC-DB|P0AEE5|3.A.1.2.3	95.2	332	16	0	1	332	1	332	2.3e-179	624.4
BCW-200095_01481	gnl|TC-DB|P25747|9.B.169.1.2	80.3	385	76	0	1	385	1	385	5.7e-182	633.3
BCW-200095_01483	gnl|TC-DB|Q9I3T2|2.A.1.51.4	46.5	372	195	3	7	375	14	384	8.5e-77	283.9
BCW-200095_01485	gnl|TC-DB|P17315|1.B.14.1.4	34.9	668	370	18	26	661	29	663	4.1e-95	345.5
BCW-200095_01486	gnl|TC-DB|P25737|2.A.3.1.2	92.8	488	35	0	1	488	1	488	3.4e-264	906.7
BCW-200095_01488	gnl|TC-DB|P62723|2.A.98.1.3	87.1	349	44	1	1	348	1	349	5.8e-165	576.6
BCW-200095_01490	gnl|TC-DB|P20966|4.A.2.1.1	90.4	563	52	2	1	561	1	563	1.2e-249	858.6
BCW-200095_01492	gnl|TC-DB|P69811|4.A.2.1.1	89.4	376	40	0	1	376	1	376	1.1e-185	645.6
BCW-200095_01493	gnl|TC-DB|P33026|2.A.1.20.2	84.0	393	63	0	1	393	1	393	1.0e-189	659.1
BCW-200095_01499	gnl|TC-DB|E9RJ18|3.A.7.13.2	36.3	91	53	2	94	180	271	360	6.8e-11	63.9
BCW-200095_01501	gnl|TC-DB|Q8ZNK0|3.A.1.5.24	78.7	601	128	0	1	601	1	601	5.3e-299	1022.7
BCW-200095_01502	gnl|TC-DB|P0AFU1|3.A.1.5.21	93.7	364	23	0	1	364	1	364	5.2e-193	669.8
BCW-200095_01503	gnl|TC-DB|Q8ZNJ9|3.A.1.5.24	85.3	341	50	0	1	341	1	341	1.1e-149	525.8
BCW-200095_01504	gnl|TC-DB|P33916|3.A.1.5.21	80.5	527	103	0	1	527	1	527	1.1e-236	815.5
BCW-200095_01506	gnl|TC-DB|P28246|2.A.1.2.7	88.4	395	46	0	1	395	1	395	1.5e-193	671.8
BCW-200095_01519	gnl|TC-DB|Q9KN55|3.A.23.1.1	35.4	582	338	16	7	567	5	569	1.1e-80	297.4
BCW-200095_01531	gnl|TC-DB|Q6EE14|3.A.23.2.1	47.2	884	416	10	46	909	8	860	7.5e-204	707.2
BCW-200095_01533	gnl|TC-DB|P13794|1.B.6.1.2	42.2	116	67	0	433	548	234	349	3.6e-15	79.7
BCW-200095_01535	gnl|TC-DB|A8YQR9|3.A.23.2.1	26.5	475	306	12	1	445	1	462	3.6e-26	115.9
BCW-200095_01538	gnl|TC-DB|B2JBG5|2.A.1.59.2	50.7	381	188	0	7	387	16	396	1.0e-96	350.1
BCW-200095_01542	gnl|TC-DB|Q1J2S8|2.A.53.3.13	49.3	377	188	2	26	402	23	396	2.3e-88	322.4
BCW-200095_01543	gnl|TC-DB|Q5SMG8|1.A.26.1.2	30.4	339	233	2	141	477	110	447	6.5e-42	168.3
BCW-200095_01544	gnl|TC-DB|P33941|3.A.1.113.3	91.0	547	49	0	1	547	1	547	1.4e-282	968.0
BCW-200095_01548	gnl|TC-DB|D6QLX8|1.B.1.1.19	80.6	377	57	4	1	371	1	367	9.5e-174	605.9
BCW-200095_01558	gnl|TC-DB|P08194|2.A.1.4.3	95.2	421	20	0	1	421	1	421	3.4e-242	833.6
BCW-200095_01563	gnl|TC-DB|Q8XE01|1.B.68.1.1	77.2	180	40	1	1	179	8	187	1.0e-80	295.8
BCW-200095_01574	gnl|TC-DB|P0AFF0|3.D.1.1.1	92.6	485	36	0	1	485	1	485	5.8e-248	852.8
BCW-200095_01575	gnl|TC-DB|P0AFE8|3.D.1.1.1	93.3	509	34	0	1	509	1	509	5.3e-276	946.0
BCW-200095_01576	gnl|TC-DB|P33607|3.D.1.1.1	93.0	613	43	0	1	613	1	613	0.0e+00	1127.1
BCW-200095_01577	gnl|TC-DB|P0AFE4|3.D.1.1.1	97.0	100	3	0	1	100	1	100	4.5e-30	126.7
BCW-200095_01578	gnl|TC-DB|P0AFE0|3.D.1.1.1	96.7	184	6	0	1	184	1	184	3.6e-89	323.9
BCW-200095_01579	gnl|TC-DB|P0AFD6|3.D.1.1.1	98.3	180	3	0	1	180	1	180	4.1e-90	327.0
BCW-200095_01580	gnl|TC-DB|P0AFD4|3.D.1.1.1	95.4	323	15	0	1	323	1	323	3.0e-176	614.0
BCW-200095_01581	gnl|TC-DB|P33602|3.D.1.1.1	90.8	907	82	1	1	906	1	907	0.0e+00	1695.6
BCW-200095_01582	gnl|TC-DB|P31979|3.D.1.1.1	94.6	445	24	0	1	445	1	445	4.7e-260	892.9
BCW-200095_01583	gnl|TC-DB|P0AFD1|3.D.1.1.1	93.4	166	11	0	1	166	1	166	5.0e-90	326.6
BCW-200095_01584	gnl|TC-DB|P33599|3.D.1.1.1	95.6	596	26	0	5	600	1	596	0.0e+00	1198.7
BCW-200095_01585	gnl|TC-DB|P0AFC7|3.D.1.1.1	96.9	224	3	1	1	224	1	220	5.8e-126	446.4
BCW-200095_01586	gnl|TC-DB|P0AFC3|3.D.1.1.1	93.9	147	8	1	1	146	1	147	1.8e-72	268.1
BCW-200095_01590	gnl|TC-DB|P0AFU2|2.A.47.4.8	87.4	610	77	0	1	610	1	610	3.3e-301	1030.0
BCW-200095_01598	gnl|TC-DB|B7LDR9|4.A.7.1.2	62.7	410	152	1	12	421	10	418	4.7e-146	514.2
BCW-200095_01599	gnl|TC-DB|B7LDS2|4.A.7.1.2	43.5	85	46	1	1	83	1	85	1.0e-12	68.9
BCW-200095_01600	gnl|TC-DB|B7LDS1|4.A.7.1.2	44.9	147	81	0	1	147	1	147	2.2e-33	138.3
BCW-200095_01604	gnl|TC-DB|B7LBF5|1.A.12.3.2	73.8	214	56	0	1	214	1	214	2.9e-90	327.8
BCW-200095_01609	gnl|TC-DB|P07109|3.A.1.3.29	93.0	257	18	0	1	257	1	257	1.1e-131	465.7
BCW-200095_01610	gnl|TC-DB|P0AEU3|3.A.1.3.29	92.0	238	19	0	1	238	1	238	1.1e-122	435.6
BCW-200095_01611	gnl|TC-DB|P0A2I9|3.A.1.3.1	92.1	228	18	0	1	228	1	228	2.2e-112	401.4
BCW-200095_01612	gnl|TC-DB|P0AEU0|3.A.1.3.29	93.5	260	17	0	1	260	1	260	9.4e-136	479.2
BCW-200095_01613	gnl|TC-DB|P09551|3.A.1.3.1	88.1	260	31	0	1	260	1	260	1.0e-129	459.1
BCW-200095_01616	gnl|TC-DB|P08550|9.B.160.1.16	94.4	162	9	0	1	162	1	162	1.2e-80	295.4
BCW-200095_01620	gnl|TC-DB|P0ABP6|9.B.27.2.3	88.6	219	25	0	1	219	1	219	1.3e-106	382.1
BCW-200095_01625	gnl|TC-DB|P77549|2.A.1.46.6	85.2	391	58	0	1	391	1	391	4.8e-184	640.2
BCW-200095_01630	gnl|TC-DB|P0AD30|2.A.102.3.1	86.2	269	37	0	1	269	1	269	2.6e-128	454.5
BCW-200095_01639	gnl|TC-DB|P10384|1.B.9.1.1	76.0	450	94	3	1	440	1	446	6.7e-203	703.0
BCW-200095_01640	gnl|TC-DB|P76506|3.A.1.27.3	88.0	251	29	1	1	250	1	251	1.3e-134	475.3
BCW-200095_01641	gnl|TC-DB|P37327|1.A.16.4.1	85.1	302	45	0	7	308	4	305	1.2e-142	502.3
BCW-200095_01647	gnl|TC-DB|B3XQE5|9.B.33.1.2	31.7	581	350	13	6	551	4	572	7.4e-69	258.1
BCW-200095_01650	gnl|TC-DB|H5KWQ5|2.A.49.7.1	80.4	408	80	0	1	408	1	408	2.4e-178	621.3
BCW-200095_01652	gnl|TC-DB|P63144|8.A.5.1.3	36.9	309	179	10	13	312	71	372	1.5e-45	179.9
BCW-200095_01654	gnl|TC-DB|P0A769|2.A.55.3.1	92.5	412	31	0	1	412	1	412	2.0e-209	724.5
BCW-200095_01655	gnl|TC-DB|P0AFF2|2.A.41.1.1	93.5	400	21	1	1	395	1	400	6.1e-195	676.4
BCW-200095_01667	gnl|TC-DB|P39836|2.A.28.3.4	88.3	332	38	1	1	331	1	332	1.3e-158	555.4
BCW-200095_01671	gnl|TC-DB|P0A6J3|2.A.121.1.1	88.5	253	29	0	1	253	1	253	3.1e-136	480.7
BCW-200095_01673	gnl|TC-DB|P0AA04|8.A.8.1.1	100.0	85	0	0	1	85	1	85	1.4e-40	161.4
BCW-200095_01674	gnl|TC-DB|P08839|8.A.7.1.1	97.6	575	14	0	1	575	1	575	6.8e-312	1065.4
BCW-200095_01675	gnl|TC-DB|P69783|4.A.1.1.1	97.6	169	4	0	1	169	1	169	4.7e-88	320.1
BCW-200095_01678	gnl|TC-DB|P16676|3.A.1.6.1	93.4	365	23	1	1	364	1	365	1.7e-196	681.4
BCW-200095_01679	gnl|TC-DB|P0AEB0|3.A.1.6.1	91.8	291	24	0	1	291	1	291	3.4e-150	527.3
BCW-200095_01680	gnl|TC-DB|P16701|3.A.1.6.1	96.4	277	10	0	1	277	1	277	2.0e-144	508.1
BCW-200095_01681	gnl|TC-DB|P16700|3.A.1.6.1	93.5	336	21	1	1	335	1	336	2.9e-182	634.0
BCW-200095_01684	gnl|TC-DB|P76538|9.B.127.1.1	73.6	144	38	0	1	144	1	144	1.8e-59	224.9
BCW-200095_01693	gnl|TC-DB|P23481|3.D.1.9.1	35.3	215	99	4	1	185	1	205	3.9e-29	126.3
BCW-200095_01695	gnl|TC-DB|P24177|2.A.6.2.7	90.7	1037	96	0	1	1037	1	1037	0.0e+00	1812.0
BCW-200095_01704	gnl|TC-DB|P0A903|1.B.33.1.3	86.6	344	46	0	1	344	1	344	1.0e-169	592.4
BCW-200095_01708	gnl|TC-DB|P0AFI9|2.A.86.1.1	86.4	353	48	0	1	353	1	353	4.5e-165	577.0
BCW-200095_01712	gnl|TC-DB|P46317|4.A.3.2.2	38.2	432	250	5	1	419	1	428	4.2e-80	295.0
BCW-200095_01716	gnl|TC-DB|P0AGM7|2.A.40.1.1	92.5	425	32	0	1	425	1	425	1.5e-215	745.0
BCW-200095_01718	gnl|TC-DB|Q9UEF7|8.A.49.1.1	28.7	487	288	18	4	473	61	505	1.9e-41	166.8
BCW-200095_01725	gnl|TC-DB|P64545|9.B.209.1.1	73.6	53	14	0	1	53	7	59	7.7e-19	88.6
BCW-200095_01730	gnl|TC-DB|A8GHT9|2.A.1.36.2	55.0	382	170	2	12	392	20	400	5.6e-103	370.9
BCW-200095_01735	gnl|TC-DB|B8H230|3.A.1.2.21	54.5	323	140	2	17	339	16	331	3.5e-90	328.2
BCW-200095_01736	gnl|TC-DB|B8H229|3.A.1.2.21	54.2	502	225	3	5	506	3	499	3.9e-141	498.0
BCW-200095_01737	gnl|TC-DB|B8H228|3.A.1.2.21	41.7	302	174	2	7	306	23	324	1.8e-64	242.7
BCW-200095_01751	gnl|TC-DB|Q5KYD1|2.A.17.1.7	36.5	499	290	11	11	503	16	493	4.6e-78	288.5
BCW-200095_01753	gnl|TC-DB|P77774|1.B.33.1.3	81.9	392	71	0	1	392	1	392	1.1e-164	575.9
BCW-200095_01762	gnl|TC-DB|Q57071|4.A.1.1.13	38.0	502	290	8	2	500	3	486	8.7e-85	310.8
BCW-200095_01770	gnl|TC-DB|P44669|9.A.41.1.1	68.4	617	193	2	1	616	1	616	5.9e-229	790.0
BCW-200095_01778	gnl|TC-DB|D7A5Z9|2.A.113.1.7	37.5	251	140	6	68	307	64	308	1.5e-29	126.7
BCW-200095_01781	gnl|TC-DB|Q47142|2.A.1.27.1	82.9	375	64	0	1	375	1	375	3.4e-179	624.0
BCW-200095_01786	gnl|TC-DB|Q9KN48|3.A.23.1.1	43.7	261	136	1	109	369	176	425	7.4e-56	214.5
BCW-200095_01793	gnl|TC-DB|P77272|4.A.1.2.7	39.0	469	254	14	4	447	6	467	7.0e-70	261.2
BCW-200095_01808	gnl|TC-DB|F9VN10|3.D.10.1.4	35.0	537	311	15	10	522	7	529	8.3e-70	261.2
BCW-200095_01810	gnl|TC-DB|O00571|1.I.1.1.3	35.2	369	214	8	3	350	179	543	1.3e-49	193.7
BCW-200095_01819	gnl|TC-DB|P0AEX3|2.A.1.6.2	84.7	432	65	1	1	431	1	432	5.2e-208	719.9
BCW-200095_01825	gnl|TC-DB|P45955|2.C.1.2.1	90.5	190	18	0	1	190	1	190	1.1e-75	279.6
BCW-200095_01826	gnl|TC-DB|C6EJJ6|2.C.1.2.1	74.0	173	45	0	1	173	1	173	5.4e-63	236.9
BCW-200095_01827	gnl|TC-DB|P0A855|2.C.1.2.1	94.2	430	25	0	1	430	1	430	1.8e-147	518.8
BCW-200095_01828	gnl|TC-DB|P19934|2.C.1.2.1	84.3	127	20	0	291	417	295	421	7.9e-44	174.5
BCW-200095_01829	gnl|TC-DB|P0ABV8|1.A.30.2.2	88.0	142	17	0	1	142	1	142	2.8e-65	244.2
BCW-200095_01830	gnl|TC-DB|P0ABU9|1.A.30.2.2	97.0	230	7	0	1	230	1	230	5.4e-119	423.3
BCW-200095_01832	gnl|TC-DB|P0AAV0|8.A.79.1.1	88.3	94	11	0	3	96	4	97	8.2e-45	175.6
BCW-200095_01833	gnl|TC-DB|P56100|9.B.85.1.1	88.6	35	4	0	1	35	1	35	3.5e-12	65.9
BCW-200095_01834	gnl|TC-DB|P0ABK2|3.D.4.3.2	91.0	379	34	0	1	379	1	379	5.1e-199	689.9
BCW-200095_01835	gnl|TC-DB|P0ABJ9|3.D.4.3.2	93.5	522	34	0	1	522	1	522	6.0e-283	969.1
BCW-200095_01840	gnl|TC-DB|X5GWN5|3.D.10.1.6	50.9	234	108	5	4	236	27	254	1.2e-68	256.1
BCW-200095_01841	gnl|TC-DB|X5H3P0|3.D.10.1.6	52.9	590	266	8	7	588	12	597	5.3e-171	597.4
BCW-200095_01852	gnl|TC-DB|P03959|3.A.3.7.1	83.8	557	90	0	1	557	1	557	1.5e-263	904.8
BCW-200095_01853	gnl|TC-DB|P03960|3.A.3.7.1	91.6	682	57	0	1	682	1	682	0.0e+00	1176.0
BCW-200095_01854	gnl|TC-DB|P03961|3.A.3.7.1	68.6	188	59	0	1	188	1	188	4.6e-63	237.3
BCW-200095_01858	gnl|TC-DB|P0AAF1|2.A.3.2.1	92.4	435	33	0	2	436	4	438	3.0e-227	783.9
BCW-200095_01866	gnl|TC-DB|P75733|1.B.25.1.13	88.5	468	51	3	1	465	1	468	1.1e-251	865.1
BCW-200095_01868	gnl|TC-DB|P09323|4.A.1.1.2	55.4	662	259	9	2	657	16	647	4.7e-176	614.4
BCW-200095_01885	gnl|TC-DB|P0A2L3|9.A.40.1.2	94.2	292	17	0	16	307	1	292	7.4e-156	546.2
BCW-200095_01887	gnl|TC-DB|P37902|3.A.1.3.4	91.1	302	26	1	1	301	1	302	5.5e-156	546.6
BCW-200095_01888	gnl|TC-DB|P0AER3|3.A.1.3.4	89.0	246	27	0	1	246	1	246	1.5e-122	435.3
BCW-200095_01889	gnl|TC-DB|P0AER5|3.A.1.3.4	93.3	223	15	0	1	223	1	223	4.9e-109	390.2
BCW-200095_01890	gnl|TC-DB|P0AAG3|3.A.1.3.4	91.7	241	20	0	1	241	1	241	4.2e-122	433.7
BCW-200095_01894	gnl|TC-DB|P0ADC1|1.B.42.1.2	66.5	194	59	2	1	189	1	193	2.7e-68	254.6
BCW-200095_01900	gnl|TC-DB|P0ABG7|2.A.103.1.2	96.2	370	14	0	1	370	1	370	1.2e-197	685.3
BCW-200095_01907	gnl|TC-DB|P0A843|2.A.64.1.1	85.1	67	10	0	1	67	1	67	2.1e-23	104.0
BCW-200095_01909	gnl|TC-DB|P37002|1.A.43.1.1	83.5	127	21	0	1	127	1	127	4.1e-60	226.9
BCW-200095_01912	gnl|TC-DB|P0ABP3|2.A.61.1.1	92.3	455	35	0	1	455	1	455	3.6e-223	770.4
BCW-200095_01932	gnl|TC-DB|B8H230|3.A.1.2.21	35.8	321	188	5	14	327	16	325	1.1e-37	153.7
BCW-200095_01933	gnl|TC-DB|A6VKS8|3.A.1.2.13	38.0	495	302	4	6	499	7	497	6.1e-91	331.3
BCW-200095_01938	gnl|TC-DB|P15078|2.A.114.1.1	93.0	701	49	0	1	701	1	701	0.0e+00	1239.9
BCW-200095_01942	gnl|TC-DB|Q89SS6|2.A.1.42.2	23.5	507	353	15	27	522	632	1114	1.1e-18	91.3
BCW-200095_01944	gnl|TC-DB|C8U2V6|3.A.1.14.2	80.8	318	61	0	1	318	1	318	6.7e-144	506.5
BCW-200095_01945	gnl|TC-DB|Q8ZR35|2.A.1.38.3	82.3	406	72	0	1	406	1	406	1.1e-183	639.0
BCW-200095_01946	gnl|TC-DB|P23876|3.A.1.14.2	82.6	334	58	0	1	334	1	334	8.3e-145	509.6
BCW-200095_01947	gnl|TC-DB|P23877|3.A.1.14.2	77.9	330	73	0	1	330	1	330	1.8e-136	481.9
BCW-200095_01948	gnl|TC-DB|P23878|3.A.1.14.2	86.7	263	35	0	1	263	1	263	5.4e-131	463.4
BCW-200095_01949	gnl|TC-DB|P31552|4.C.1.1.6	22.3	511	328	14	477	951	39	516	5.7e-16	83.6
BCW-200095_01952	gnl|TC-DB|P05825|1.B.14.1.22	80.4	757	129	7	1	749	1	746	0.0e+00	1244.2
BCW-200095_01957	gnl|TC-DB|Q93GK4|3.A.1.110.1	58.1	413	173	0	12	424	1	413	4.4e-135	477.6
BCW-200095_01958	gnl|TC-DB|Q93GK5|3.A.1.110.1	68.2	698	222	0	1	698	1	698	4.6e-286	979.9
BCW-200095_01960	gnl|TC-DB|P0ABC9|2.A.15.1.4	95.0	676	34	0	1	676	1	676	0.0e+00	1270.4
BCW-200095_01968	gnl|TC-DB|P77308|3.A.1.5.38	44.1	322	179	1	15	336	14	334	9.2e-67	250.4
BCW-200095_01969	gnl|TC-DB|W0WMS8|3.A.1.5.39	41.1	280	159	1	2	275	19	298	2.1e-53	205.7
BCW-200095_01970	gnl|TC-DB|P45095|3.A.1.5.27	42.4	257	144	3	19	271	21	277	1.1e-46	183.3
BCW-200095_01971	gnl|TC-DB|O86575|3.A.1.5.34	45.6	215	113	2	18	228	65	279	3.0e-48	188.3
BCW-200095_01979	gnl|TC-DB|Q53903|2.A.1.3.7	24.2	533	364	8	7	528	12	515	2.3e-16	83.6
BCW-200095_01986	gnl|TC-DB|P0AEQ3|3.A.1.3.2	53.7	246	109	4	8	250	5	248	1.1e-72	269.6
BCW-200095_01987	gnl|TC-DB|P0AEQ6|3.A.1.3.2	69.9	219	65	1	2	219	1	219	7.5e-78	286.6
BCW-200095_01988	gnl|TC-DB|P10346|3.A.1.3.2	76.7	240	56	0	3	242	1	240	1.1e-98	355.9
BCW-200095_02005	gnl|TC-DB|P46482|8.A.1.7.1	39.1	289	168	5	1	285	1	285	3.6e-48	188.3
BCW-200095_02007	gnl|TC-DB|E0LV84|2.A.85.1.4	27.0	618	422	11	16	609	8	620	1.8e-50	197.2
BCW-200095_02011	gnl|TC-DB|Q9I0Y8|2.A.6.2.16	41.6	1039	589	4	4	1024	6	1044	8.5e-212	733.8
BCW-200095_02012	gnl|TC-DB|P76397|8.A.1.6.2	32.5	335	218	6	23	353	61	391	1.5e-43	173.3
BCW-200095_02013	gnl|TC-DB|A8R5V4|3.A.3.2.41	48.3	868	440	4	35	900	25	885	3.3e-220	761.5
BCW-200095_02021	gnl|TC-DB|B5Y048|9.B.8.3.4	75.0	340	85	0	1	340	1	340	1.3e-153	538.9
BCW-200095_02026	gnl|TC-DB|P30130|1.B.11.3.9	48.2	849	420	6	35	878	45	878	3.3e-233	804.7
BCW-200095_02034	gnl|TC-DB|D9X7X8|2.A.1.3.38	41.3	460	255	6	9	462	24	474	2.1e-80	296.2
BCW-200095_02035	gnl|TC-DB|P0AAT4|1.A.23.4.5	83.5	411	67	1	1	410	1	411	3.9e-192	667.2
BCW-200095_02036	gnl|TC-DB|Q92WK4|3.A.1.2.11	26.0	277	169	8	60	313	29	292	5.2e-11	65.1
BCW-200095_02039	gnl|TC-DB|P76417|2.A.1.10.4	37.3	405	236	6	21	411	6	406	6.6e-67	251.1
BCW-200095_02042	gnl|TC-DB|P24207|2.A.3.1.1	90.7	462	39	1	1	462	1	458	1.7e-236	814.7
BCW-200095_02043	gnl|TC-DB|Q05202|1.B.14.1.15	54.2	705	304	7	31	728	66	758	8.5e-219	756.5
BCW-200095_02045	gnl|TC-DB|A1JLH0|3.A.1.10.5	60.2	344	132	2	2	340	4	347	1.3e-113	406.0
BCW-200095_02046	gnl|TC-DB|P21409|3.A.1.10.1	72.9	509	138	0	16	524	19	527	7.0e-207	716.5
BCW-200095_02047	gnl|TC-DB|P21408|3.A.1.10.1	81.7	338	62	0	1	338	1	338	1.3e-156	548.9
BCW-200095_02056	gnl|TC-DB|P30130|1.B.11.3.9	48.3	859	418	9	11	852	28	877	6.0e-232	800.4
BCW-200095_02062	gnl|TC-DB|Q57071|4.A.1.1.13	45.8	509	244	5	9	497	4	500	5.6e-121	431.0
BCW-200095_02072	gnl|TC-DB|B5Y0L3|1.B.1.1.18	88.2	381	45	0	1	381	1	381	4.9e-210	726.5
BCW-200095_02073	gnl|TC-DB|P77504|3.A.1.122.15	84.1	803	128	0	1	803	1	803	0.0e+00	1308.1
BCW-200095_02074	gnl|TC-DB|P0A9T8|3.A.1.122.15	91.7	228	19	0	1	228	1	228	1.5e-113	405.2
BCW-200095_02078	gnl|TC-DB|P77307|3.A.1.139.2	84.9	258	39	0	1	258	1	258	3.1e-115	411.0
BCW-200095_02079	gnl|TC-DB|P77279|3.A.1.139.2	71.8	220	62	0	1	220	1	220	4.6e-91	330.5
BCW-200095_02081	gnl|TC-DB|P0AA53|8.A.21.2.2	93.7	302	19	0	1	302	1	302	1.6e-115	412.1
BCW-200095_02084	gnl|TC-DB|Q59385|3.A.3.5.5	88.4	834	95	2	1	832	1	834	0.0e+00	1378.6
BCW-200095_02088	gnl|TC-DB|P52067|2.A.1.35.1	92.1	405	32	0	1	405	1	405	7.9e-206	712.6
BCW-200095_02089	gnl|TC-DB|P39830|2.A.37.1.5	93.2	558	38	0	1	558	1	558	1.2e-281	964.9
BCW-200095_02101	gnl|TC-DB|P77338|1.A.23.1.1	77.0	1110	255	0	6	1115	9	1118	0.0e+00	1594.7
BCW-200095_02103	gnl|TC-DB|P0AE06|8.A.1.6.1	86.6	397	53	0	1	397	1	397	1.1e-188	655.6
BCW-200095_02104	gnl|TC-DB|P31224|2.A.6.2.2	92.6	1049	77	1	1	1048	1	1049	0.0e+00	1862.4
BCW-200095_02114	gnl|TC-DB|Q8XSC6|2.A.113.1.3	44.1	374	102	3	1	267	1	374	3.3e-75	278.1
BCW-200095_02117	gnl|TC-DB|C7NLF6|2.A.115.2.6	57.4	183	78	0	4	186	38	220	9.1e-54	206.5
BCW-200095_02124	gnl|TC-DB|P69681|1.A.11.1.1	90.4	429	40	1	1	429	1	428	9.5e-194	672.5
BCW-200095_02126	gnl|TC-DB|P0AAG5|3.A.1.106.13	87.4	593	75	0	1	593	1	593	2.7e-287	983.8
BCW-200095_02127	gnl|TC-DB|P77265|3.A.1.106.13	88.0	590	71	0	1	590	1	590	6.1e-300	1025.8
BCW-200095_02136	gnl|TC-DB|A1EMW4|3.A.11.2.3	56.5	62	27	0	65	126	42	103	9.8e-14	72.8
BCW-200095_02145	gnl|TC-DB|P0AE16|2.A.1.25.2	83.3	491	82	0	1	491	1	491	5.9e-232	799.7
BCW-200095_02146	gnl|TC-DB|P0ABJ1|3.D.4.5.1	94.9	315	16	0	1	315	1	315	2.3e-173	604.4
BCW-200095_02147	gnl|TC-DB|P0ABI8|3.D.4.5.1	90.8	663	61	0	1	663	1	663	0.0e+00	1243.8
BCW-200095_02148	gnl|TC-DB|P0ABJ3|3.D.4.5.1	88.7	204	23	0	1	204	1	204	3.7e-103	370.5
BCW-200095_02149	gnl|TC-DB|P0ABJ6|3.D.4.5.1	87.2	109	13	1	1	108	1	109	8.0e-49	189.1
BCW-200095_02151	gnl|TC-DB|P77726|2.A.1.2.60	84.1	452	72	0	1	452	1	452	2.5e-213	737.6
BCW-200095_02159	gnl|TC-DB|P77735|8.A.5.1.6	87.7	324	40	0	1	324	1	324	2.3e-168	587.8
BCW-200095_02166	gnl|TC-DB|P0A927|1.B.10.1.1	91.8	294	24	0	3	296	1	294	1.9e-169	591.3
BCW-200095_02169	gnl|TC-DB|P0AG93|2.A.6.4.1	90.1	323	32	0	1	323	1	323	1.4e-160	562.0
BCW-200095_02170	gnl|TC-DB|P0AG90|2.A.6.4.1	93.9	604	37	0	1	604	12	615	0.0e+00	1075.8
BCW-200095_02171	gnl|TC-DB|P0ADZ7|3.A.5.1.1	96.4	110	4	0	1	110	1	110	7.2e-53	202.6
BCW-200095_02178	gnl|TC-DB|Q05839|8.A.9.1.1	23.3	486	264	17	177	569	132	601	1.6e-21	100.9
BCW-200095_02179	gnl|TC-DB|P37460|2.A.3.1.6	94.7	456	24	0	1	456	1	456	9.3e-248	852.0
BCW-200095_02180	gnl|TC-DB|P0AD99|2.A.26.1.10	90.4	439	42	0	1	439	1	439	2.5e-221	764.2
BCW-200095_02193	gnl|TC-DB|P0AAP1|9.B.34.1.2	61.3	367	142	0	1	367	5	371	1.0e-132	469.5
BCW-200095_02197	gnl|TC-DB|P25744|2.A.1.2.20	61.1	393	152	1	3	395	11	402	1.7e-128	455.7
BCW-200095_02203	gnl|TC-DB|P0AFY6|9.A.18.1.1	90.1	406	40	0	1	406	1	406	1.3e-211	731.9
BCW-200095_02207	gnl|TC-DB|Q8X5H7|1.B.12.2.7	60.4	994	310	18	1	924	1	980	3.4e-305	1043.9
BCW-200095_02211	gnl|TC-DB|Q47539|3.A.1.17.1	80.7	275	53	0	1	275	1	275	8.7e-116	412.9
BCW-200095_02212	gnl|TC-DB|Q47538|3.A.1.17.1	88.6	255	29	0	1	255	1	255	1.6e-127	451.8
BCW-200095_02213	gnl|TC-DB|Q47537|3.A.1.17.1	89.4	320	34	0	1	320	1	320	1.6e-161	565.1
BCW-200095_02215	gnl|TC-DB|Q47689|2.A.3.1.10	92.3	467	35	1	1	466	1	467	2.8e-247	850.5
BCW-200095_02216	gnl|TC-DB|Q1DBZ0|2.A.86.2.2	27.6	341	237	6	12	348	14	348	9.8e-22	100.9
BCW-200095_02217	gnl|TC-DB|D4ZZR3|9.B.34.1.3	36.0	228	132	5	362	585	176	393	1.4e-30	131.0
BCW-200095_02221	gnl|TC-DB|P0AAP1|9.B.34.1.2	28.4	215	131	5	172	384	176	369	6.3e-16	82.4
BCW-200095_02225	gnl|TC-DB|P76249|2.A.76.1.5	30.8	208	137	3	4	210	7	208	1.9e-25	112.5
BCW-200095_02230	gnl|TC-DB|P02932|1.B.1.1.2	86.0	351	48	1	1	350	1	351	4.1e-179	623.6
BCW-200095_02236	gnl|TC-DB|D0WX40|3.D.5.1.1	62.5	64	24	0	1	64	1	64	1.3e-17	84.7
BCW-200095_02237	gnl|TC-DB|Q56584|3.D.5.1.1	78.6	407	87	0	1	407	1	407	3.2e-191	664.1
BCW-200095_02238	gnl|TC-DB|Q56589|3.D.5.1.1	83.3	198	33	0	1	198	1	198	7.7e-90	326.2
BCW-200095_02239	gnl|TC-DB|Q57095|3.D.5.1.1	75.4	203	50	0	8	210	5	207	1.1e-78	289.3
BCW-200095_02240	gnl|TC-DB|Q56582|3.D.5.1.1	57.6	257	105	2	6	262	4	256	2.8e-79	291.6
BCW-200095_02241	gnl|TC-DB|Q56587|3.D.5.1.1	75.7	411	99	1	1	410	1	411	1.9e-183	638.3
BCW-200095_02242	gnl|TC-DB|Q56586|3.D.5.1.1	60.2	447	177	1	1	447	1	446	3.0e-158	554.7
BCW-200095_02250	gnl|TC-DB|W0WMS8|3.A.1.5.39	43.8	272	147	2	24	289	27	298	4.4e-57	218.0
BCW-200095_02251	gnl|TC-DB|P75798|3.A.1.5.11	45.8	312	161	1	1	312	1	304	1.0e-67	253.4
BCW-200095_02252	gnl|TC-DB|P42061|3.A.1.5.20	25.3	466	298	12	61	491	79	529	5.8e-33	138.7
BCW-200095_02253	gnl|TC-DB|P42065|3.A.1.5.20	52.2	318	148	3	5	318	9	326	1.1e-89	326.6
BCW-200095_02254	gnl|TC-DB|P42064|3.A.1.5.20	51.1	315	151	2	12	323	4	318	1.2e-85	313.2
BCW-200095_02258	gnl|TC-DB|Q9XD71|3.A.15.3.1	39.1	128	73	2	8	134	1	124	3.8e-19	90.9
BCW-200095_02260	gnl|TC-DB|P22609|3.A.15.2.1	24.8	343	251	4	47	384	29	369	2.2e-27	119.8
BCW-200095_02261	gnl|TC-DB|Q8F3M7|3.A.15.4.1	40.0	492	281	7	54	536	70	556	3.5e-92	335.5
BCW-200095_02266	gnl|TC-DB|P31772|1.B.22.4.1	25.9	313	202	7	268	555	120	427	4.4e-22	102.8
BCW-200095_02284	gnl|TC-DB|P37653|4.D.3.1.6	87.2	872	111	1	1	871	1	872	0.0e+00	1575.8
BCW-200095_02285	gnl|TC-DB|P37652|4.D.3.1.6	76.2	793	161	3	1	793	13	777	0.0e+00	1228.8
BCW-200095_02286	gnl|TC-DB|P37651|4.D.3.1.6	74.1	367	95	0	1	367	1	367	1.8e-169	591.7
BCW-200095_02287	gnl|TC-DB|P37650|1.B.55.3.1	75.1	1169	275	6	1	1165	1	1157	0.0e+00	1629.0
BCW-200095_02289	gnl|TC-DB|P0A830|2.A.23.1.7	93.0	428	30	0	1	428	1	428	2.3e-216	747.7
BCW-200095_02293	gnl|TC-DB|P37645|9.B.121.1.1	84.8	686	98	1	1	680	1	686	0.0e+00	1178.3
BCW-200095_02294	gnl|TC-DB|P37643|2.A.1.6.10	90.2	440	43	0	1	440	1	440	1.5e-218	755.0
BCW-200095_02295	gnl|TC-DB|P37642|9.B.126.1.1	83.2	339	53	1	1	339	1	335	7.4e-157	549.7
BCW-200095_02307	gnl|TC-DB|Q88RG3|3.A.1.109.3	38.6	730	426	6	1	728	1	710	4.9e-129	458.4
BCW-200095_02308	gnl|TC-DB|Q9I2M0|3.A.1.109.4	41.1	401	218	4	13	405	3	393	1.4e-77	286.6
BCW-200095_02321	gnl|TC-DB|P0A8S5|9.B.4.1.1	92.8	111	8	0	1	111	1	111	5.9e-55	209.5
BCW-200095_02324	gnl|TC-DB|P0AFJ7|2.A.20.1.1	89.0	500	53	2	1	499	1	499	2.2e-250	860.9
BCW-200095_02328	gnl|TC-DB|P30130|1.B.11.3.9	41.0	868	451	19	7	830	28	878	2.9e-170	595.5
BCW-200095_02331	gnl|TC-DB|Q7B1W8|2.A.109.1.1	81.4	338	63	0	1	338	1	338	6.5e-161	563.1
BCW-200095_02333	gnl|TC-DB|E9RJ18|3.A.7.13.2	34.5	110	62	3	80	180	251	359	9.6e-13	70.1
BCW-200095_02338	gnl|TC-DB|P77757|4.D.2.1.8	84.5	322	50	0	19	340	1	322	1.1e-155	545.8
BCW-200095_02341	gnl|TC-DB|G8LJX5|9.B.142.2.2	90.6	551	52	0	1	551	1	551	2.2e-288	987.3
BCW-200095_02342	gnl|TC-DB|P81891|2.A.7.22.2	66.4	110	37	0	1	110	1	110	1.2e-34	142.1
BCW-200095_02343	gnl|TC-DB|P76474|2.A.7.22.1	52.0	125	60	0	3	127	2	126	2.5e-28	121.3
BCW-200095_02350	gnl|TC-DB|Q7AA53|2.A.6.8.2	80.5	745	144	1	30	773	5	749	0.0e+00	1152.1
BCW-200095_02361	gnl|TC-DB|P0AGM0|2.A.86.1.2	87.1	348	44	1	2	349	3	349	2.5e-160	561.2
BCW-200095_02362	gnl|TC-DB|P37621|2.A.1.46.7	81.2	405	76	0	1	405	1	405	6.0e-182	633.3
BCW-200095_02364	gnl|TC-DB|B3WJF3|2.A.88.8.6	91.8	220	18	0	1	220	1	220	9.5e-113	402.5
BCW-200095_02366	gnl|TC-DB|P67143|2.A.95.1.5	94.4	197	11	0	1	197	1	197	6.1e-95	343.2
BCW-200095_02375	gnl|TC-DB|P09391|9.B.104.1.1	81.5	275	51	0	1	275	1	275	3.5e-133	470.7
BCW-200095_02380	gnl|TC-DB|P39835|2.A.8.1.4	94.5	438	24	0	1	438	1	438	1.3e-214	741.9
BCW-200095_02385	gnl|TC-DB|B5XTS6|9.A.8.1.10	79.7	79	15	1	1	78	1	79	7.1e-31	129.0
BCW-200095_02386	gnl|TC-DB|B5XTS7|9.A.8.1.10	88.7	772	87	0	1	772	1	772	0.0e+00	1361.7
BCW-200095_02387	gnl|TC-DB|B5XTS8|9.A.8.1.10	89.3	75	8	0	1	75	1	75	8.7e-34	138.7
BCW-200095_02391	gnl|TC-DB|Q9HV74|2.A.21.9.1	28.1	217	138	7	237	437	760	974	1.9e-11	67.0
BCW-200095_02402	gnl|TC-DB|Q1R5P6|1.B.22.4.2	75.1	405	101	0	5	409	5	409	4.3e-167	583.9
BCW-200095_02415	gnl|TC-DB|P60778|2.A.1.7.14	88.4	388	45	0	1	388	1	388	3.7e-192	667.2
BCW-200095_02420	gnl|TC-DB|P45537|2.A.85.1.3	82.2	692	122	1	1	691	5	696	0.0e+00	1138.3
BCW-200095_02426	gnl|TC-DB|O06924|3.B.1.1.4	59.2	529	206	2	30	551	29	554	6.5e-187	650.2
BCW-200095_02429	gnl|TC-DB|O06926|3.B.1.1.4	39.5	243	137	2	4	236	9	251	1.8e-44	176.0
BCW-200095_02430	gnl|TC-DB|O06927|3.B.1.1.4	37.8	164	99	2	52	212	63	226	4.0e-25	111.7
BCW-200095_02431	gnl|TC-DB|O32715|2.A.69.3.3	89.0	319	35	0	1	319	1	319	7.4e-151	529.6
BCW-200095_02435	gnl|TC-DB|Q83XH1|3.A.1.121.4	31.0	513	345	4	1	505	1	512	3.8e-74	275.8
BCW-200095_02436	gnl|TC-DB|P0A756|2.A.37.1.2	88.0	183	22	0	1	183	2	184	3.0e-96	347.4
BCW-200095_02437	gnl|TC-DB|P45522|2.A.37.1.2	89.7	601	62	0	1	601	1	601	3.4e-298	1020.0
BCW-200095_02453	gnl|TC-DB|Q6EE14|3.A.23.2.1	53.2	857	392	3	9	862	8	858	3.6e-248	854.4
BCW-200095_02455	gnl|TC-DB|Q6EE16|3.A.23.2.1	34.7	632	378	15	4	622	3	612	3.8e-90	328.9
BCW-200095_02466	gnl|TC-DB|Q6EE20|3.A.23.2.1	50.0	466	225	3	32	492	28	490	8.9e-135	476.9
BCW-200095_02467	gnl|TC-DB|Q6EE21|3.A.23.2.1	45.9	159	85	1	4	161	3	161	5.8e-33	137.1
BCW-200095_02470	gnl|TC-DB|Q9KN45|3.A.23.1.1	25.3	1213	792	31	23	1198	31	1166	6.6e-91	332.4
BCW-200095_02471	gnl|TC-DB|Q9KN50|3.A.23.1.1	35.9	223	135	5	20	238	37	255	3.6e-33	139.0
BCW-200095_02472	gnl|TC-DB|Q9KN51|3.A.23.1.1	35.7	445	284	2	1	444	1	444	3.0e-81	298.9
BCW-200095_02475	gnl|TC-DB|P07658|3.D.1.9.2	29.6	365	219	9	114	463	61	402	2.2e-39	160.6
BCW-200095_02481	gnl|TC-DB|P0ADL1|2.A.1.2.26	47.9	386	199	1	8	393	11	394	2.5e-87	318.9
BCW-200095_02483	gnl|TC-DB|P77076|1.B.15.1.1	64.2	380	127	4	82	459	92	464	2.9e-148	521.5
BCW-200095_02484	gnl|TC-DB|P31435|2.A.2.3.4	39.9	446	265	3	4	448	3	446	9.0e-102	367.1
BCW-200095_02486	gnl|TC-DB|P06971|1.B.14.1.2	31.7	731	442	19	17	700	27	747	2.8e-86	316.2
BCW-200095_02487	gnl|TC-DB|A6TAG3|1.E.43.1.1	65.9	82	27	1	1	82	1	81	8.2e-25	109.0
BCW-200095_02491	gnl|TC-DB|P76007|2.A.36.6.11	90.6	577	54	0	1	577	1	577	6.2e-297	1015.8
BCW-200095_02496	gnl|TC-DB|P0AFA7|2.A.34.1.1	77.3	511	115	1	1	510	1	511	7.6e-214	739.6
BCW-200095_02497	gnl|TC-DB|P0A6M2|5.A.2.1.1	76.7	176	41	0	1	176	1	176	1.6e-83	305.1
BCW-200095_02505	gnl|TC-DB|P69451|4.C.1.1.4	93.9	561	34	0	12	572	1	561	7.2e-314	1072.0
BCW-200095_02515	gnl|TC-DB|L5DDD7|2.A.109.2.3	50.1	521	242	9	1	509	370	884	6.9e-122	434.1
BCW-200095_02516	gnl|TC-DB|P69797|4.A.6.1.1	93.8	323	18	1	1	321	1	323	4.7e-161	563.5
BCW-200095_02517	gnl|TC-DB|P69801|4.A.6.1.1	94.4	266	15	0	1	266	1	266	4.9e-132	466.8
BCW-200095_02518	gnl|TC-DB|P69805|4.A.6.1.1	91.9	283	23	0	1	283	4	286	2.0e-147	518.1
BCW-200095_02520	gnl|TC-DB|P76264|2.A.107.1.1	88.8	188	21	0	1	188	1	188	5.4e-93	336.7
BCW-200095_02529	gnl|TC-DB|P76269|2.A.1.3.17	82.3	457	81	0	1	457	1	457	1.1e-208	722.2
BCW-200095_02530	gnl|TC-DB|P23894|9.B.1.1.6	94.2	293	17	0	1	293	1	293	6.4e-149	523.1
BCW-200095_02531	gnl|TC-DB|P23865|9.B.174.1.2	91.6	682	57	0	1	682	1	682	0.0e+00	1239.2
BCW-200095_02541	gnl|TC-DB|P76278|9.B.62.1.4	52.8	290	136	1	1	289	1	290	4.2e-76	281.2
BCW-200095_02542	gnl|TC-DB|Q4KDN3|9.B.62.1.5	42.6	108	62	0	15	122	13	120	4.1e-17	84.0
BCW-200095_02557	gnl|TC-DB|B7L5V2|1.A.34.1.3	41.0	210	118	2	198	407	14	217	4.3e-40	162.2
BCW-200095_02558	gnl|TC-DB|P39172|3.A.1.15.5	80.9	314	56	1	6	319	1	310	5.0e-139	490.3
BCW-200095_02559	gnl|TC-DB|P0A9X1|3.A.1.15.5	90.4	251	24	0	1	251	1	251	2.6e-127	451.1
BCW-200095_02560	gnl|TC-DB|P39832|3.A.1.15.5	92.0	261	21	0	1	261	1	261	1.0e-110	396.0
BCW-200095_02572	gnl|TC-DB|P67826|9.B.158.1.2	72.7	245	67	0	1	245	1	245	1.1e-101	365.9
BCW-200095_02576	gnl|TC-DB|P40729|3.A.6.2.1	95.5	692	31	0	1	692	1	692	0.0e+00	1239.6
BCW-200095_02577	gnl|TC-DB|P40727|3.A.6.2.1	86.2	383	52	1	1	382	1	383	4.1e-188	653.7
BCW-200095_02586	gnl|TC-DB|Q6XBY3|1.B.11.6.1	35.8	830	476	15	9	792	10	828	9.5e-139	490.7
BCW-200095_02590	gnl|TC-DB|P96603|2.A.23.1.6	33.9	419	257	6	7	418	7	412	2.4e-64	242.7
BCW-200095_02593	gnl|TC-DB|P0AF06|1.A.30.1.1	86.1	309	42	1	1	309	1	308	7.9e-150	526.2
BCW-200095_02594	gnl|TC-DB|P09348|1.A.30.1.1	92.9	295	21	0	1	295	1	295	6.4e-149	523.1
BCW-200095_02600	gnl|TC-DB|P0AE26|3.A.1.2.2	93.3	328	22	0	1	328	1	328	2.5e-149	524.6
BCW-200095_02601	gnl|TC-DB|P0AAF3|3.A.1.2.2	87.9	504	61	0	1	504	1	504	9.6e-262	898.7
BCW-200095_02602	gnl|TC-DB|P02924|3.A.1.2.2	95.7	329	14	0	1	329	1	329	3.8e-182	633.6
BCW-200095_02604	gnl|TC-DB|P0ABN9|2.A.13.1.2	54.5	446	199	1	1	446	2	443	1.0e-134	476.5
BCW-200095_02608	gnl|TC-DB|P0AAD4|2.A.42.1.1	81.6	380	70	0	1	380	24	403	5.7e-174	606.7
BCW-200095_02610	gnl|TC-DB|P0AD96|3.A.1.4.1	42.9	359	196	5	13	367	8	361	1.5e-81	299.7
BCW-200095_02611	gnl|TC-DB|P0AEX7|3.A.1.4.1	55.6	302	133	1	4	304	7	308	1.6e-86	315.8
BCW-200095_02612	gnl|TC-DB|P21628|3.A.1.4.8	53.7	415	176	7	7	413	4	410	9.7e-106	380.2
BCW-200095_02613	gnl|TC-DB|P21629|3.A.1.4.8	51.6	285	104	3	1	283	1	253	1.0e-74	276.6
BCW-200095_02614	gnl|TC-DB|P22731|3.A.1.4.1	57.8	237	100	0	1	237	1	237	5.7e-71	263.8
BCW-200095_02625	gnl|TC-DB|K0WKG7|4.F.1.1.8	60.9	174	66	1	4	175	2	175	1.7e-51	198.7
BCW-200095_02630	gnl|TC-DB|P37774|3.A.1.3.10	93.2	250	17	0	1	250	1	250	4.1e-128	453.8
BCW-200095_02631	gnl|TC-DB|P0AFT2|3.A.1.3.10	92.8	222	16	0	1	222	1	222	1.2e-110	395.6
BCW-200095_02633	gnl|TC-DB|P0AEM9|3.A.1.3.10	91.4	266	23	0	1	266	1	266	3.3e-136	480.7
BCW-200095_02644	gnl|TC-DB|P15928|3.A.6.2.1	81.4	560	102	1	1	558	1	560	3.2e-250	860.5
BCW-200095_02646	gnl|TC-DB|P15934|3.A.6.2.1	86.4	235	32	0	1	235	1	235	9.8e-76	279.6
BCW-200095_02647	gnl|TC-DB|P26465|3.A.6.2.1	94.1	456	27	0	1	456	1	456	6.3e-244	839.3
BCW-200095_02652	gnl|TC-DB|P26419|3.A.6.2.1	95.6	137	6	0	1	137	1	137	1.3e-67	251.9
BCW-200095_02653	gnl|TC-DB|P0A1L1|3.A.6.2.1	69.4	124	38	0	1	124	2	125	2.3e-39	157.9
BCW-200095_02654	gnl|TC-DB|P54700|3.A.6.2.1	91.4	245	21	0	1	245	1	245	1.6e-116	415.2
BCW-200095_02655	gnl|TC-DB|P0A1L5|3.A.6.2.1	89.9	89	9	0	1	89	1	89	7.6e-37	149.1
BCW-200095_02656	gnl|TC-DB|P54702|3.A.6.2.1	79.2	259	54	0	1	259	1	259	9.1e-115	409.5
BCW-200095_02661	gnl|TC-DB|P76330|9.B.34.1.4	60.2	563	222	2	1	562	1	562	2.8e-193	671.4
BCW-200095_02664	gnl|TC-DB|p0aa70|2.A.7.3.22	88.9	298	33	0	1	298	1	298	1.8e-146	515.0
BCW-200095_02668	gnl|TC-DB|Q56111|1.B.1.1.22	65.4	396	116	4	1	388	1	383	1.9e-148	521.9
BCW-200095_02674	gnl|TC-DB|P39414|2.A.47.3.3	50.5	473	234	0	29	501	13	485	5.8e-134	474.2
BCW-200095_02676	gnl|TC-DB|P16482|2.A.1.6.1	89.9	434	39	1	3	431	11	444	4.6e-212	733.4
BCW-200095_02681	gnl|TC-DB|P0AF06|1.A.30.1.1	49.5	281	140	2	1	279	1	281	7.9e-70	260.4
BCW-200095_02682	gnl|TC-DB|P09348|1.A.30.1.1	66.7	285	95	0	1	285	1	285	4.1e-103	370.9
BCW-200095_02686	gnl|TC-DB|M3JA40|1.B.52.2.1	44.9	107	59	0	333	439	268	374	5.3e-16	82.4
BCW-200095_02689	gnl|TC-DB|Q15HU6|3.A.7.14.2	39.4	142	80	2	147	286	47	184	1.4e-24	110.2
BCW-200095_02712	gnl|TC-DB|P54702|3.A.6.2.1	48.6	243	124	1	17	258	16	258	2.2e-60	228.8
BCW-200095_02713	gnl|TC-DB|P0A1L5|3.A.6.2.1	57.3	89	38	0	1	89	1	89	9.6e-24	105.5
BCW-200095_02714	gnl|TC-DB|P54700|3.A.6.2.1	61.7	240	87	2	6	243	9	245	2.9e-70	261.5
BCW-200095_02715	gnl|TC-DB|P0A1L1|3.A.6.2.1	47.9	117	57	3	3	116	6	121	8.7e-15	76.3
BCW-200095_02716	gnl|TC-DB|P26419|3.A.6.2.1	65.2	138	36	2	1	127	1	137	4.3e-41	163.7
BCW-200095_02721	gnl|TC-DB|P26465|3.A.6.2.1	73.6	458	113	3	1	452	1	456	2.9e-185	644.4
BCW-200095_02724	gnl|TC-DB|P15928|3.A.6.2.1	49.9	563	271	6	1	557	1	558	1.3e-145	513.1
BCW-200095_02730	gnl|TC-DB|P40727|3.A.6.2.1	52.8	341	161	0	1	341	38	378	2.9e-92	335.1
BCW-200095_02731	gnl|TC-DB|P40729|3.A.6.2.1	71.4	697	193	2	1	696	1	692	4.0e-282	966.8
BCW-200095_02733	gnl|TC-DB|Q9XD84|1.B.12.8.3	30.1	511	291	4	267	711	479	989	4.0e-64	242.7
BCW-200095_02744	gnl|TC-DB|Q7CGN6|1.B.14.9.3	79.9	730	142	2	1	729	1	726	0.0e+00	1207.6
BCW-200095_02771	gnl|TC-DB|Q9SUQ7|2.A.37.4.2	28.8	420	284	6	1	412	32	444	3.2e-37	152.5
BCW-200095_02772	gnl|TC-DB|P76628|2.A.1.36.3	31.3	374	253	2	10	379	8	381	4.7e-38	155.2
BCW-200095_02778	gnl|TC-DB|P76350|2.A.1.6.6	90.8	435	40	0	1	435	1	435	2.1e-228	787.7
BCW-200095_02784	gnl|TC-DB|Q6MDD6|3.A.7.16.1	27.9	569	305	15	40	589	219	701	4.7e-37	152.5
BCW-200095_02794	gnl|TC-DB|Q9HY55|4.A.2.1.17	36.8	568	339	8	170	733	402	953	1.8e-83	307.0
BCW-200095_02798	gnl|TC-DB|P0A9T4|8.A.5.1.5	91.0	346	31	0	1	346	1	346	3.8e-185	643.7
BCW-200095_02799	gnl|TC-DB|P39196|2.A.1.42.1	83.3	396	66	0	1	396	1	396	6.6e-181	629.8
BCW-200095_02800	gnl|TC-DB|P31119|4.C.1.1.16	88.0	718	86	0	1	718	1	718	0.0e+00	1286.2
BCW-200095_02805	gnl|TC-DB|U5MFA1|4.A.3.2.9	93.9	440	25	1	1	440	1	438	6.5e-230	792.7
BCW-200095_02806	gnl|TC-DB|A6VKT0|3.A.1.2.13	24.0	262	192	4	61	318	26	284	4.3e-11	65.5
BCW-200095_02811	gnl|TC-DB|P25733|1.B.11.4.1	28.3	873	586	17	21	884	24	865	2.4e-90	330.1
BCW-200095_02815	gnl|TC-DB|P0AE24|2.A.1.1.2	92.2	472	36	1	1	471	1	472	9.0e-246	845.5
BCW-200095_02820	gnl|TC-DB|Q8XG43|2.A.117.1.3	81.1	148	28	0	1	148	10	157	6.2e-63	236.5
BCW-200095_02821	gnl|TC-DB|P63340|2.A.42.2.5	80.8	407	78	0	1	407	1	407	9.7e-180	625.9
BCW-200095_02830	gnl|TC-DB|O54371|3.A.1.20.1	24.5	261	188	5	15	274	16	268	1.7e-15	80.9
BCW-200095_02831	gnl|TC-DB|Q8TZQ3|3.A.1.1.16	47.3	296	145	4	13	299	13	306	8.2e-66	247.3
BCW-200095_02841	gnl|TC-DB|B7LEG0|1.A.34.1.2	42.7	262	93	3	35	239	116	377	1.0e-51	199.9
BCW-200095_02852	gnl|TC-DB|P67153|1.C.113.1.10	91.3	218	19	0	1	218	1	218	2.2e-109	391.3
BCW-200095_02855	gnl|TC-DB|Q86Z14|8.A.49.1.2	25.9	482	297	16	5	477	80	510	4.8e-37	152.1
BCW-200095_02870	gnl|TC-DB|P11667|2.A.75.1.2	91.0	211	19	0	1	211	1	211	2.7e-109	391.0
BCW-200095_02871	gnl|TC-DB|P0C0S1|1.A.23.2.1	84.8	282	43	0	1	282	1	282	1.2e-115	412.5
BCW-200095_02877	gnl|TC-DB|O24779|1.B.25.1.3	61.3	424	162	2	1	422	2	425	2.7e-148	521.5
BCW-200095_02881	gnl|TC-DB|P0AEP1|2.A.1.1.1	95.3	465	21	1	1	465	1	464	1.9e-251	864.4
BCW-200095_02888	gnl|TC-DB|P24559|3.A.15.2.1	47.1	327	170	1	1	324	1	327	8.0e-76	280.4
BCW-200095_02890	gnl|TC-DB|P64564|9.A.4.1.2	85.6	188	27	0	1	188	1	188	6.0e-84	306.6
BCW-200095_02900	gnl|TC-DB|P0AFF4|2.A.1.10.1	78.9	418	88	0	1	418	1	418	5.8e-188	653.3
BCW-200095_02908	gnl|TC-DB|Q8VS41|2.A.24.2.5	81.2	453	84	1	1	452	1	453	5.0e-209	723.4
BCW-200095_02912	gnl|TC-DB|Q46831|9.B.120.1.1	80.3	238	44	1	1	238	1	235	1.7e-96	348.6
BCW-200095_02916	gnl|TC-DB|P69434|1.B.55.1.1	42.2	792	441	6	54	840	28	807	1.2e-171	600.1
BCW-200095_02918	gnl|TC-DB|P75905|4.D.1.1.3	65.3	438	151	1	1	438	1	437	3.8e-169	590.9
BCW-200095_02921	gnl|TC-DB|O86575|3.A.1.5.34	53.9	317	142	3	8	320	39	355	1.0e-94	343.2
BCW-200095_02922	gnl|TC-DB|P26905|3.A.1.5.2	56.2	322	133	3	1	317	1	319	7.4e-98	353.6
BCW-200095_02923	gnl|TC-DB|P26904|3.A.1.5.2	39.1	276	166	2	6	279	45	320	1.7e-50	196.1
BCW-200095_02924	gnl|TC-DB|P42062|3.A.1.5.20	40.8	314	185	1	1	313	1	314	4.3e-66	248.1
BCW-200095_02925	gnl|TC-DB|P42061|3.A.1.5.20	29.1	501	327	12	39	518	41	534	1.0e-48	191.0
BCW-200095_02936	gnl|TC-DB|P63144|8.A.5.1.3	34.9	324	196	8	13	329	71	386	3.5e-45	178.7
BCW-200095_02941	gnl|TC-DB|P0ABV2|1.A.30.2.1	78.7	141	30	0	1	141	1	141	2.3e-56	214.5
BCW-200095_02942	gnl|TC-DB|P0ABU7|1.A.30.2.1	84.8	244	36	1	1	243	1	244	2.7e-105	377.9
BCW-200095_02944	gnl|TC-DB|P0AA60|9.B.27.2.1	84.9	219	33	0	1	219	1	219	7.2e-105	376.3
BCW-200095_02947	gnl|TC-DB|P80874|8.A.5.1.4	35.3	150	74	7	17	145	15	162	8.7e-15	77.4
BCW-200095_02949	gnl|TC-DB|P36649|1.B.76.1.8	31.8	515	287	10	3	459	1	509	2.3e-63	239.6
BCW-200095_02960	gnl|TC-DB|Q8GRB1|3.A.1.14.8	38.5	322	185	6	28	343	7	321	5.6e-43	171.4
BCW-200095_02961	gnl|TC-DB|Q8GRB2|3.A.1.14.8	42.2	294	155	4	40	325	56	342	9.3e-48	187.2
BCW-200095_02962	gnl|TC-DB|Q9RCF3|3.A.1.14.6	54.3	254	116	0	43	296	21	274	3.3e-76	281.6
BCW-200095_02963	gnl|TC-DB|Q21EL3|1.B.14.1.24	28.6	718	458	19	17	713	16	699	4.3e-58	222.6
BCW-200095_02969	gnl|TC-DB|P02930|1.B.17.1.1	83.8	495	78	1	1	495	1	493	6.0e-216	746.5
BCW-200095_02973	gnl|TC-DB|P0A8H3|2.A.5.5.1	90.3	257	25	0	1	257	1	257	4.5e-114	407.1
BCW-200095_02974	gnl|TC-DB|B7LAC5|1.C.80.1.4	45.7	188	99	3	1	185	1	188	1.6e-33	139.0
BCW-200095_02975	gnl|TC-DB|P75750|1.B.11.2.2	54.9	805	351	8	14	810	14	814	4.8e-263	903.7
BCW-200095_02987	gnl|TC-DB|P60782|9.B.31.1.1	92.7	205	15	0	1	205	1	205	6.5e-108	386.3
BCW-200095_02988	gnl|TC-DB|Q46909|2.A.1.1.95	25.2	432	293	11	47	477	20	422	2.9e-21	99.8
BCW-200095_02994	gnl|TC-DB|Q98CY5|2.A.99.1.3	36.1	169	99	5	7	166	12	180	6.2e-14	73.9
BCW-200095_03020	gnl|TC-DB|Q9KW03|9.A.33.1.1	43.8	169	89	2	2	165	5	172	4.5e-29	126.3
BCW-200095_03041	gnl|TC-DB|P30130|1.B.11.3.9	31.8	717	436	16	27	698	82	790	1.7e-86	317.0
BCW-200095_03048	gnl|TC-DB|917745143|1.C.75.1.2	47.4	572	268	6	11	556	2626	3190	6.9e-97	351.7
BCW-200095_03050	gnl|TC-DB|917745143|1.C.75.1.2	30.7	3342	1707	82	5	2944	44	3177	9.1e-95	346.7
BCW-200095_03051	gnl|TC-DB|Q3YL97|1.B.20.1.3	65.4	537	184	1	24	558	52	588	5.0e-211	730.3
BCW-200095_03063	gnl|TC-DB|P76142|3.A.1.2.8	83.2	334	52	1	4	333	7	340	2.0e-159	558.1
BCW-200095_03064	gnl|TC-DB|P0AFS1|3.A.1.2.8	75.5	106	26	0	7	112	213	318	1.0e-39	159.1
BCW-200095_03065	gnl|TC-DB|P0AFS1|3.A.1.2.8	73.3	202	54	0	1	202	3	204	3.6e-74	274.2
BCW-200095_03066	gnl|TC-DB|P77672|3.A.1.2.8	65.5	339	117	0	1	339	2	340	2.5e-112	401.7
BCW-200095_03067	gnl|TC-DB|P77257|3.A.1.2.8	61.6	492	186	2	4	492	11	502	2.3e-167	585.1
BCW-200095_03074	gnl|TC-DB|P42601|2.A.109.1.7	87.8	319	39	0	1	319	1	319	1.7e-155	545.0
BCW-200095_03075	gnl|TC-DB|P0AGE4|2.A.23.4.1	83.0	412	70	0	2	413	3	414	6.2e-182	633.3
BCW-200095_03078	gnl|TC-DB|P0AA78|2.A.1.14.2	89.8	431	44	0	1	431	41	471	1.7e-219	758.1
BCW-200095_03080	gnl|TC-DB|P0AA63|9.B.27.2.2	94.1	220	13	0	1	220	1	220	2.9e-114	407.5
BCW-200095_03084	gnl|TC-DB|P64585|1.E.34.2.1	81.5	130	24	0	1	130	1	130	4.2e-52	200.3
BCW-200095_03088	gnl|TC-DB|P64591|9.B.124.1.2	77.1	118	27	0	1	118	1	118	8.1e-58	219.2
BCW-200095_03094	gnl|TC-DB|P0AAD8|2.A.42.2.2	88.9	443	49	0	1	443	1	443	8.5e-222	765.8
BCW-200095_03102	gnl|TC-DB|Q9KIQ4|4.A.6.1.4	92.4	157	12	0	1	157	13	169	5.7e-80	293.1
BCW-200095_03103	gnl|TC-DB|Q9KIQ3|4.A.6.1.4	87.6	259	32	0	1	259	1	259	1.0e-102	369.4
BCW-200095_03104	gnl|TC-DB|Q9KIQ2|4.A.6.1.4	93.8	292	18	0	1	292	1	292	5.2e-151	530.0
BCW-200095_03105	gnl|TC-DB|P26379|4.A.6.1.2	31.8	107	73	0	1	107	1	107	1.1e-13	72.8
BCW-200095_03125	gnl|TC-DB|P0AAD2|2.A.42.1.2	92.8	414	30	0	1	414	1	414	2.0e-217	751.1
BCW-200095_03126	gnl|TC-DB|P38919|3.A.18.1.1	36.3	386	236	3	3	379	27	411	2.1e-64	243.4
BCW-200095_03139	gnl|TC-DB|P0AG99|3.A.5.1.1	91.8	110	9	0	1	110	1	110	7.7e-47	182.6
BCW-200095_03142	gnl|TC-DB|P25694|3.A.16.1.2	43.3	252	142	1	140	390	472	723	3.3e-57	219.5
BCW-200095_03150	gnl|TC-DB|E1ILD8|2.A.7.3.18	89.7	321	33	0	1	321	1	321	8.0e-161	562.8
BCW-200095_03157	gnl|TC-DB|P64602|3.A.1.27.3	66.0	97	33	0	1	97	1	97	1.5e-30	128.3
BCW-200095_03158	gnl|TC-DB|P0ADV7|3.A.1.27.3	88.6	211	24	0	1	211	1	211	1.4e-105	378.6
BCW-200095_03159	gnl|TC-DB|P64604|3.A.1.27.3	79.1	182	37	1	1	181	1	182	6.2e-78	286.6
BCW-200095_03160	gnl|TC-DB|P64606|3.A.1.27.3	94.6	260	14	0	1	260	1	260	4.8e-132	466.8
BCW-200095_03161	gnl|TC-DB|P63386|3.A.1.27.3	90.6	266	25	0	1	266	1	266	2.6e-133	471.1
BCW-200095_03162	gnl|TC-DB|P45394|2.A.19.5.1	81.4	323	60	0	1	323	1	323	2.1e-140	495.0
BCW-200095_03165	gnl|TC-DB|P0ADW0|1.B.42.1.2	81.7	191	35	0	1	191	1	191	3.3e-90	327.4
BCW-200095_03166	gnl|TC-DB|P0ADV1|1.B.42.1.2	84.3	185	28	1	1	184	1	185	7.0e-85	309.7
BCW-200095_03167	gnl|TC-DB|P0A9V1|1.B.42.1.2	94.6	241	13	0	1	241	1	241	1.3e-128	455.3
BCW-200095_03170	gnl|TC-DB|P71012|4.A.2.1.4	27.5	149	106	2	8	155	1	148	3.5e-11	64.7
BCW-200095_03172	gnl|TC-DB|H1XXZ0|8.A.8.1.5	35.2	88	56	1	3	90	2	88	5.5e-11	63.2
BCW-200095_03176	gnl|TC-DB|P0ADC6|1.B.42.1.2	94.2	360	21	0	1	360	1	360	2.9e-188	654.1
BCW-200095_03177	gnl|TC-DB|P0AF98|1.B.42.1.2	86.4	359	49	0	1	359	8	366	4.5e-173	603.6
BCW-200095_03189	gnl|TC-DB|P0ACA3|1.A.12.3.1	95.7	211	9	0	1	211	1	211	7.9e-117	416.0
BCW-200095_03202	gnl|TC-DB|P46481|2.A.85.1.2	86.0	655	92	0	1	655	1	655	0.0e+00	1117.1
BCW-200095_03203	gnl|TC-DB|P46482|8.A.1.7.1	89.0	310	34	0	1	310	1	310	9.1e-154	539.3
BCW-200095_03204	gnl|TC-DB|D7XN98|8.A.48.1.2	97.0	67	2	0	1	67	24	90	1.2e-31	131.3
BCW-200095_03211	gnl|TC-DB|P0ABH4|9.B.157.1.3	93.8	162	10	0	1	162	1	162	5.7e-83	303.1
BCW-200095_03212	gnl|TC-DB|P16926|9.B.157.1.3	95.6	320	12	1	1	320	1	318	1.0e-166	582.4
BCW-200095_03213	gnl|TC-DB|P0A9X4|9.B.157.1.3	100.0	347	0	0	1	347	1	347	1.7e-193	671.4
BCW-200095_03217	gnl|TC-DB|Q8XB73|5.B.7.1.1	82.6	195	34	0	1	195	1	195	5.0e-89	323.6
BCW-200095_03222	gnl|TC-DB|P16256|2.A.21.1.1	80.3	483	95	0	1	483	1	483	1.2e-216	748.8
BCW-200095_03228	gnl|TC-DB|P76330|9.B.34.1.4	28.0	214	144	4	207	416	349	556	2.7e-12	70.5
BCW-200095_03230	gnl|TC-DB|P0AE06|8.A.1.6.1	70.2	379	101	4	8	378	14	388	5.9e-139	490.3
BCW-200095_03231	gnl|TC-DB|P24181|2.A.6.2.1	83.3	1032	172	0	1	1032	1	1032	0.0e+00	1671.8
BCW-200095_03233	gnl|TC-DB|P45766|3.A.1.3.26	93.3	341	23	0	1	341	1	341	3.1e-187	650.6
BCW-200095_03234	gnl|TC-DB|P45767|3.A.1.3.26	82.7	393	68	0	1	393	1	393	3.7e-184	640.6
BCW-200095_03235	gnl|TC-DB|P45768|3.A.1.3.26	90.2	367	36	0	1	367	1	367	2.1e-194	674.5
BCW-200095_03236	gnl|TC-DB|P45769|3.A.1.3.26	95.2	252	12	0	1	252	1	252	3.3e-138	487.3
BCW-200095_03242	gnl|TC-DB|E1P8P0|9.B.27.3.1	88.7	142	16	0	1	142	1	142	1.3e-67	251.9
BCW-200095_03247	gnl|TC-DB|P0AEJ0|2.A.1.3.2	93.8	515	29	1	1	515	1	512	1.3e-274	941.4
BCW-200095_03248	gnl|TC-DB|P27303|8.A.1.1.1	85.1	390	58	0	1	390	1	390	3.4e-174	607.4
BCW-200095_03250	gnl|TC-DB|P76628|2.A.1.36.3	85.5	392	57	0	1	392	1	392	2.5e-172	601.3
BCW-200095_03251	gnl|TC-DB|P0AFM2|3.A.1.12.1	82.8	331	56	1	1	331	1	330	3.8e-166	580.5
BCW-200095_03252	gnl|TC-DB|P14176|3.A.1.12.1	73.4	354	94	0	1	354	1	354	6.5e-132	466.8
BCW-200095_03253	gnl|TC-DB|P14175|3.A.1.12.1	94.0	399	24	0	1	399	1	399	8.6e-213	735.7
BCW-200095_03260	gnl|TC-DB|A8ANM6|2.A.104.1.1	93.3	149	10	0	1	149	1	149	5.3e-75	276.6
BCW-200095_03279	gnl|TC-DB|Q9I2M0|3.A.1.109.4	40.5	368	215	4	29	393	27	393	9.8e-68	253.8
BCW-200095_03280	gnl|TC-DB|Q9I2M1|3.A.1.109.4	36.1	682	432	3	40	721	42	719	8.0e-116	414.5
BCW-200095_03306	gnl|TC-DB|P0A937|1.B.33.1.3	90.1	111	11	0	1	111	1	111	1.1e-53	205.3
BCW-200095_03311	gnl|TC-DB|P37908|9.A.40.2.4	89.9	407	41	0	7	413	22	428	2.6e-204	707.6
BCW-200095_03312	gnl|TC-DB|P64432|9.B.14.3.6	90.0	260	26	0	26	285	1	260	1.6e-128	455.3
BCW-200095_03313	gnl|TC-DB|P0AGD7|3.A.5.1.1	93.6	453	29	0	1	453	1	453	5.3e-235	809.7
BCW-200095_03320	gnl|TC-DB|P07021|1.B.6.1.21	75.2	161	39	1	1	161	1	160	3.7e-66	247.3
BCW-200095_03329	gnl|TC-DB|P0AC02|1.B.33.1.3	93.9	245	15	0	1	245	1	245	5.0e-131	463.4
BCW-200095_03332	gnl|TC-DB|Q9FI56|3.A.9.1.2	45.7	865	387	15	12	856	106	907	1.3e-205	713.0
BCW-200095_03334	gnl|TC-DB|P30750|3.A.1.24.1	93.9	343	21	0	1	343	1	343	7.4e-181	629.4
BCW-200095_03335	gnl|TC-DB|P31547|3.A.1.24.1	96.8	217	7	0	1	217	1	217	4.8e-77	283.9
BCW-200095_03336	gnl|TC-DB|P28635|3.A.1.24.1	95.9	271	11	0	1	271	1	271	4.7e-146	513.5
BCW-200095_03356	gnl|TC-DB|P0A943|1.B.33.1.3	88.8	813	80	2	1	805	1	810	0.0e+00	1475.3
BCW-200095_03373	gnl|TC-DB|Q8ZRP7|3.A.1.13.1	76.9	264	61	0	1	264	1	264	1.6e-114	408.7
BCW-200095_03374	gnl|TC-DB|I7MT28|1.A.62.2.2	88.2	203	24	0	1	203	1	203	1.1e-97	352.4
BCW-200095_03376	gnl|TC-DB|A8ALD3|2.A.49.5.5	82.9	462	79	0	1	462	1	462	4.2e-211	730.3
BCW-200095_03378	gnl|TC-DB|P06972|3.A.1.14.3	84.1	660	105	0	1	660	1	660	5.8e-307	1049.3
BCW-200095_03379	gnl|TC-DB|P07822|3.A.1.14.3	73.9	291	76	0	6	296	6	296	4.3e-129	457.2
BCW-200095_03380	gnl|TC-DB|P07821|3.A.1.14.3	92.1	265	21	0	1	265	1	265	3.7e-140	493.8
BCW-200095_03381	gnl|TC-DB|P06971|1.B.14.1.2	62.2	764	244	12	1	736	1	747	2.2e-262	901.4
BCW-200095_03395	gnl|TC-DB|P33129|1.B.11.3.3	47.1	858	436	7	12	856	12	864	3.7e-229	791.2
BCW-200095_03402	gnl|TC-DB|P0AFN6|3.A.1.105.17	91.8	256	21	0	1	256	1	256	2.6e-130	461.1
BCW-200095_03403	gnl|TC-DB|P36879|3.A.1.105.17	94.2	308	18	0	1	308	1	308	1.3e-160	562.0
BCW-200095_03404	gnl|TC-DB|Q8F8H7|2.A.53.3.8	46.8	188	99	1	7	193	544	731	2.4e-52	201.8
BCW-200095_03407	gnl|TC-DB|P36649|1.B.76.1.8	82.6	522	85	1	14	535	1	516	1.6e-251	864.8
BCW-200095_03408	gnl|TC-DB|P0AA95|8.A.2.1.3	95.7	115	5	0	14	128	1	115	5.4e-60	226.5
BCW-200095_03421	gnl|TC-DB|P15993|2.A.3.1.3	93.4	456	30	0	1	456	2	457	5.3e-243	836.3
BCW-200095_03422	gnl|TC-DB|P31435|2.A.2.3.4	46.3	460	244	3	1	459	1	458	6.2e-122	434.1
BCW-200095_03424	gnl|TC-DB|P0AE14|9.B.125.1.1	82.0	284	51	0	1	284	1	284	1.7e-130	461.8
BCW-200095_03428	gnl|TC-DB|P22608|3.A.15.2.1	42.1	454	238	7	11	453	124	563	1.2e-88	323.6
BCW-200095_03429	gnl|TC-DB|P22609|3.A.15.2.1	30.0	333	228	2	64	391	41	373	3.1e-42	169.1
BCW-200095_03435	gnl|TC-DB|P10408|3.A.5.1.1	90.8	900	83	0	1	900	1	900	0.0e+00	1589.3
BCW-200095_03444	gnl|TC-DB|P0ABG4|2.A.103.1.1	90.3	414	40	0	1	414	1	414	5.7e-212	733.0
BCW-200095_03446	gnl|TC-DB|P0A6W3|9.B.146.1.6	98.1	360	7	0	1	360	1	360	3.6e-202	700.3
BCW-200095_03461	gnl|TC-DB|G2H2C1|1.E.53.1.8	62.0	50	19	0	1	50	20	69	3.6e-12	66.2
BCW-200095_03462	gnl|TC-DB|P31675|2.A.1.20.1	87.0	392	51	0	1	392	1	392	1.1e-188	655.6
BCW-200095_03465	gnl|TC-DB|P31550|3.A.1.19.1	89.6	327	34	0	1	327	1	327	9.2e-173	602.4
BCW-200095_03466	gnl|TC-DB|P31549|3.A.1.19.1	82.3	536	95	0	1	536	1	536	5.1e-253	869.8
BCW-200095_03467	gnl|TC-DB|P31548|3.A.1.19.1	74.8	230	58	0	1	230	1	230	1.9e-95	345.1
BCW-200095_03477	gnl|TC-DB|P31554|1.B.42.1.2	82.1	786	138	2	1	785	1	784	0.0e+00	1369.4
BCW-200095_03484	gnl|TC-DB|P03819|2.A.37.1.1	86.2	621	85	1	1	621	1	620	7.3e-296	1012.3
BCW-200095_03485	gnl|TC-DB|P0A754|2.A.37.1.1	88.6	176	20	0	1	176	1	176	7.6e-97	349.4
BCW-200095_03492	gnl|TC-DB|B8I766|9.B.105.1.5	32.7	162	94	5	13	165	2	157	7.6e-14	73.6
BCW-200095_03497	gnl|TC-DB|P13738|2.A.33.1.1	76.0	384	92	0	1	384	1	384	2.7e-155	544.7
BCW-200095_03499	gnl|TC-DB|P0A6Y8|1.A.33.1.2	96.1	638	24	1	1	637	1	638	0.0e+00	1161.7
BCW-200095_03500	gnl|TC-DB|P0AC98|2.A.96.1.1	86.7	188	25	0	1	188	1	188	5.1e-91	330.1
BCW-200095_03501	gnl|TC-DB|Q5ZYB5|3.A.7.9.1	33.3	411	264	5	10	415	2	407	1.1e-51	200.7
BCW-200095_03504	gnl|TC-DB|P30143|2.A.25.1.10	69.7	476	144	0	1	476	1	476	1.4e-185	645.6
BCW-200095_03513	gnl|TC-DB|Q9HV74|2.A.21.9.1	31.0	261	149	8	231	471	726	975	1.3e-18	90.9
BCW-200095_03521	gnl|TC-DB|P43672|3.A.1.120.6	34.0	512	327	6	21	527	18	523	1.9e-77	286.6
BCW-200095_03524	gnl|TC-DB|P24518|4.B.1.1.1	93.2	410	28	0	1	410	1	410	2.0e-233	804.3
BCW-200095_03548	gnl|TC-DB|P76330|9.B.34.1.4	34.8	184	112	3	172	349	381	562	1.9e-22	103.2
BCW-200095_03550	gnl|TC-DB|Q9KSH4|4.A.3.2.6	52.5	425	198	1	8	432	7	427	7.0e-123	437.2
BCW-200095_03554	gnl|TC-DB|Q8FA71|2.A.79.2.1	87.2	250	32	0	8	257	27	276	8.7e-126	446.0
BCW-200095_03564	gnl|TC-DB|M3JA40|1.B.52.2.1	57.4	68	29	0	354	421	283	350	6.6e-14	75.5
BCW-200095_03566	gnl|TC-DB|O07002|2.A.3.11.1	58.7	518	213	1	15	531	3	520	8.5e-184	639.8
BCW-200095_03581	gnl|TC-DB|Q9RPV1|2.A.1.14.9	72.0	425	112	2	15	432	25	449	4.4e-173	604.0
BCW-200095_03586	gnl|TC-DB|Q8ZJY5|2.A.114.1.10	91.9	717	57	1	1	717	1	716	0.0e+00	1308.5
BCW-200095_03588	gnl|TC-DB|P94400|9.B.10.1.1	28.8	312	172	9	1	271	1	303	9.0e-24	107.5
BCW-200095_03589	gnl|TC-DB|A8YQR5|3.A.23.2.1	50.6	77	37	1	1	76	433	509	1.0e-15	80.1
BCW-200095_03604	gnl|TC-DB|P0AFR2|2.A.53.3.11	91.2	559	49	0	1	559	1	559	5.1e-256	879.8
BCW-200095_03607	gnl|TC-DB|P61320|1.B.46.1.1	83.6	201	33	0	3	203	7	207	3.2e-99	357.5
BCW-200095_03613	gnl|TC-DB|P31801|2.A.19.1.1	91.3	366	32	0	1	366	1	366	2.7e-173	604.4
BCW-200095_03620	gnl|TC-DB|Q44292|3.A.1.16.4	38.3	444	237	12	1	412	1	439	1.1e-74	276.9
BCW-200095_03621	gnl|TC-DB|Q7BW13|3.A.1.16.2	48.7	267	125	4	26	289	2	259	2.0e-65	245.7
BCW-200095_03622	gnl|TC-DB|P38045|3.A.1.16.1	55.3	257	113	2	1	256	1	256	8.4e-76	280.0
BCW-200095_03625	gnl|TC-DB|P39165|1.B.54.1.9	63.0	451	167	0	26	476	13	463	8.2e-170	593.2
BCW-200095_03628	gnl|TC-DB|P10903|2.A.1.8.1	85.5	463	67	0	1	463	1	463	1.0e-233	805.4
BCW-200095_03629	gnl|TC-DB|P09152|5.A.3.1.1	94.0	1247	75	0	1	1247	1	1247	0.0e+00	2493.0
BCW-200095_03630	gnl|TC-DB|P11349|5.A.3.1.1	93.0	511	35	1	1	510	1	511	4.3e-294	1006.1
BCW-200095_03632	gnl|TC-DB|P11350|5.A.3.1.1	89.7	224	23	0	1	224	1	224	6.5e-117	416.4
BCW-200095_03644	gnl|TC-DB|P25743|2.A.95.1.7	92.6	215	16	0	1	215	1	215	2.7e-104	374.4
BCW-200095_03645	gnl|TC-DB|P06202|3.A.1.5.1	91.0	543	49	0	1	543	1	543	5.6e-300	1025.8
BCW-200095_03646	gnl|TC-DB|P0AFH2|3.A.1.5.41	96.1	306	12	0	1	306	1	306	2.3e-149	524.6
BCW-200095_03647	gnl|TC-DB|P08006|3.A.1.5.1	96.0	302	12	0	1	302	1	302	5.6e-140	493.4
BCW-200095_03648	gnl|TC-DB|P76027|3.A.1.5.41	91.4	337	29	0	1	337	1	337	4.1e-176	613.6
BCW-200095_03649	gnl|TC-DB|P77737|3.A.1.5.41	95.2	334	16	0	1	334	1	334	1.8e-187	651.4
BCW-200095_03650	gnl|TC-DB|Q1D027|1.A.1.24.3	39.6	270	153	5	20	287	14	275	8.2e-40	160.6
BCW-200095_03653	gnl|TC-DB|P76249|2.A.76.1.5	73.8	210	55	0	1	210	1	210	4.8e-82	300.4
BCW-200095_03683	gnl|TC-DB|Q9KW03|9.A.33.1.1	44.4	169	88	2	2	165	5	172	3.4e-31	133.3
BCW-200095_03695	gnl|TC-DB|P02929|2.C.1.1.1	71.7	240	67	1	6	245	1	239	1.7e-54	209.1
BCW-200095_03699	gnl|TC-DB|P0A915|1.B.39.1.6	79.2	212	42	2	1	210	1	212	1.4e-97	352.1
BCW-200095_03701	gnl|TC-DB|P31064|9.B.102.1.1	87.4	396	50	0	1	396	1	396	5.8e-209	723.0
BCW-200095_03713	gnl|TC-DB|M4VAL8|8.A.21.2.4	29.5	166	114	2	136	298	74	239	1.3e-12	70.5
BCW-200095_03715	gnl|TC-DB|Q07711|3.A.7.7.1	24.8	640	408	22	80	674	77	688	4.6e-30	129.8
BCW-200095_03729	gnl|TC-DB|D4ZZR3|9.B.34.1.3	26.8	179	110	3	228	393	225	395	2.1e-14	77.4
BCW-200095_03733	gnl|TC-DB|W9BHF5|2.A.6.2.49	84.0	1024	164	0	1	1024	1	1024	0.0e+00	1625.5
BCW-200095_03738	gnl|TC-DB|P0AAH8|3.A.1.5.42	93.3	268	18	0	1	268	1	268	8.4e-140	492.7
BCW-200095_03739	gnl|TC-DB|P36636|3.A.1.5.5	93.6	330	21	0	1	330	1	330	5.1e-187	649.8
BCW-200095_03740	gnl|TC-DB|P0AGH5|3.A.1.5.42	89.9	296	30	0	1	296	1	296	1.3e-152	535.4
BCW-200095_03741	gnl|TC-DB|P0A2J3|3.A.1.5.5	91.6	321	27	0	1	321	1	321	3.7e-166	580.5
BCW-200095_03742	gnl|TC-DB|P36634|3.A.1.5.5	89.1	549	57	2	1	546	1	549	3.1e-290	993.4
BCW-200095_03743	gnl|TC-DB|Q54456|3.A.1.110.6	57.6	521	221	0	1	521	35	555	2.5e-167	585.1
BCW-200095_03744	gnl|TC-DB|Q54457|3.A.1.110.6	43.2	421	239	0	17	437	23	443	2.8e-92	335.5
BCW-200095_03745	gnl|TC-DB|O87950|3.A.1.110.6	44.8	451	236	3	1	450	16	454	6.0e-106	380.9
BCW-200095_03747	gnl|TC-DB|Q9KN48|3.A.23.1.1	35.3	323	187	5	8	310	193	513	4.0e-43	171.8
BCW-200095_03748	gnl|TC-DB|E8XKQ3|9.B.100.1.1	91.9	222	18	0	1	222	1	222	2.9e-101	364.4
BCW-200095_03753	gnl|TC-DB|P76042|3.A.1.1.46	75.3	425	105	0	5	429	5	429	4.9e-190	660.2
BCW-200095_03754	gnl|TC-DB|P0AFR7|3.A.1.1.46	93.2	293	20	0	1	293	1	293	5.6e-153	536.6
BCW-200095_03755	gnl|TC-DB|P77716|3.A.1.1.46	92.1	280	22	0	1	280	1	280	3.6e-141	497.3
BCW-200095_03761	gnl|TC-DB|P77481|3.A.1.1.46	83.6	360	59	0	1	360	1	360	2.8e-170	594.3
BCW-200095_03762	gnl|TC-DB|P76045|1.B.21.1.1	72.0	304	82	3	1	304	1	301	8.7e-133	469.5
BCW-200095_03766	gnl|TC-DB|Q9KN48|3.A.23.1.1	35.0	329	180	5	206	500	193	521	1.8e-42	170.2
BCW-200095_03771	gnl|TC-DB|P77348|3.A.1.5.1	89.6	538	55	1	1	538	1	537	3.0e-293	1003.4
BCW-200095_03774	gnl|TC-DB|D4ZZR3|9.B.34.1.3	39.5	167	95	2	247	407	227	393	3.5e-28	122.5
BCW-200095_03775	gnl|TC-DB|P0AAP1|9.B.34.1.2	27.2	191	124	5	240	425	190	370	6.3e-17	85.9
BCW-200095_03776	gnl|TC-DB|M3JA40|1.B.52.2.1	31.6	177	79	4	198	339	287	456	3.5e-14	75.9
BCW-200095_03777	gnl|TC-DB|Q9EYX5|1.A.35.4.1	88.4	327	38	0	1	327	1	327	6.0e-172	599.7
BCW-200095_03779	gnl|TC-DB|P38919|3.A.18.1.1	35.1	325	208	3	22	344	57	380	2.0e-56	216.5
BCW-200095_03786	gnl|TC-DB|P77747|1.B.1.1.21	82.8	377	57	1	1	369	1	377	2.2e-183	637.9
BCW-200095_03791	gnl|TC-DB|P0ABK2|3.D.4.3.2	29.4	364	214	11	5	329	7	366	6.2e-31	131.3
BCW-200095_03795	gnl|TC-DB|P76108|3.A.1.11.9	89.8	381	39	0	1	381	1	381	1.7e-210	728.0
BCW-200095_03796	gnl|TC-DB|P77795|3.A.1.11.9	83.4	337	56	0	1	337	1	337	3.2e-160	560.8
BCW-200095_03797	gnl|TC-DB|P77156|3.A.1.11.9	88.5	314	35	1	1	314	1	313	1.4e-154	542.0
BCW-200095_03798	gnl|TC-DB|P0AFR9|3.A.1.11.9	91.6	262	22	0	1	262	1	262	2.8e-135	477.6
BCW-200095_03807	gnl|TC-DB|P33950|3.A.1.5.27	50.9	505	247	1	21	525	34	537	1.5e-148	522.7
BCW-200095_03809	gnl|TC-DB|P76111|2.A.7.21.2	85.9	149	21	0	1	149	1	149	1.9e-64	241.5
BCW-200095_03814	gnl|TC-DB|P76115|1.B.14.9.5	78.8	706	142	2	1	704	1	700	0.0e+00	1164.8
BCW-200095_03816	gnl|TC-DB|P40812|2.A.3.1.8	91.3	484	42	0	1	484	1	484	8.6e-255	875.5
BCW-200095_03817	gnl|TC-DB|M3JA40|1.B.52.2.1	31.8	192	114	2	335	509	267	458	1.1e-15	81.3
BCW-200095_03822	gnl|TC-DB|P0AEM9|3.A.1.3.10	30.8	221	138	8	73	291	52	259	1.8e-16	83.2
BCW-200095_03824	gnl|TC-DB|Q9F3K6|3.A.1.3.24	39.4	302	169	4	5	299	21	315	1.2e-44	176.8
BCW-200095_03825	gnl|TC-DB|Q9F3K7|3.A.1.3.24	57.8	249	105	0	9	257	5	253	1.1e-80	296.2
BCW-200095_03826	gnl|TC-DB|P0AEM9|3.A.1.3.10	29.7	236	150	9	45	276	36	259	1.1e-15	80.5
BCW-200095_03832	gnl|TC-DB|O05256|2.A.24.2.3	57.5	414	176	0	24	437	30	443	1.8e-131	465.7
BCW-200095_03847	gnl|TC-DB|P43531|2.A.1.36.1	35.4	398	252	2	2	399	19	411	3.0e-59	225.7
BCW-200095_03857	gnl|TC-DB|P75763|2.A.47.3.5	60.7	438	172	0	1	438	40	477	1.2e-151	532.7
BCW-200095_03859	gnl|TC-DB|P37594|2.A.1.3.14	79.6	495	101	0	1	495	1	495	8.7e-199	689.5
BCW-200095_03860	gnl|TC-DB|P63183|2.A.72.1.1	41.5	629	353	5	6	627	2	622	1.9e-129	459.5
BCW-200095_03863	gnl|TC-DB|Q9L3M3|3.A.1.4.3	32.6	368	233	8	4	367	1	357	8.6e-45	177.6
BCW-200095_03864	gnl|TC-DB|Q8DQH7|3.A.1.4.10	49.4	233	117	1	4	235	3	235	2.9e-59	224.9
BCW-200095_03865	gnl|TC-DB|Q8DQH8|3.A.1.4.10	45.3	254	138	1	1	253	1	254	1.3e-57	219.5
BCW-200095_03866	gnl|TC-DB|P21628|3.A.1.4.8	40.5	378	163	10	6	367	85	416	5.2e-55	211.5
BCW-200095_03867	gnl|TC-DB|P21627|3.A.1.4.8	43.8	297	153	4	2	297	17	300	5.0e-48	188.0
BCW-200095_03870	gnl|TC-DB|P07238|1.B.1.1.5	73.7	358	91	1	6	360	8	365	2.4e-150	528.1
BCW-200095_03871	gnl|TC-DB|V2FAS1|2.A.7.17.1	73.3	292	78	0	1	292	1	292	3.3e-121	431.0
BCW-200095_03872	gnl|TC-DB|P24183|5.A.3.2.1	95.4	195	9	0	1	195	1	195	1.8e-107	384.8
BCW-200095_03873	gnl|TC-DB|P24183|5.A.3.2.1	90.4	803	77	0	1	803	213	1015	0.0e+00	1541.2
BCW-200095_03874	gnl|TC-DB|P0AAJ3|5.A.3.2.1	89.8	294	30	0	1	294	1	294	8.0e-168	585.9
BCW-200095_03875	gnl|TC-DB|P0AEK7|5.A.3.2.1	87.1	217	28	0	1	217	1	217	1.9e-110	394.8
BCW-200095_03879	gnl|TC-DB|P23910|2.A.1.2.14	70.5	383	113	0	1	383	1	383	2.7e-142	501.5
BCW-200095_03882	gnl|TC-DB|Q9F9T4|3.A.1.5.23	45.3	558	273	6	3	532	19	572	1.9e-119	426.0
BCW-200095_03883	gnl|TC-DB|W0WMS8|3.A.1.5.39	37.4	257	149	3	23	272	34	285	4.7e-40	161.4
BCW-200095_03884	gnl|TC-DB|P77308|3.A.1.5.38	28.4	317	195	3	5	292	7	320	1.5e-26	116.7
BCW-200095_03887	gnl|TC-DB|P39115|3.A.1.121.3	29.1	498	307	9	1	479	1	471	2.9e-49	193.0
BCW-200095_03896	gnl|TC-DB|P77622|3.A.1.5.38	76.8	306	71	0	1	306	1	306	4.0e-133	470.7
BCW-200095_03897	gnl|TC-DB|P77268|3.A.1.5.38	79.9	324	65	0	1	324	1	324	2.1e-148	521.5
BCW-200095_03898	gnl|TC-DB|P77463|3.A.1.5.38	77.1	297	68	0	1	297	1	297	1.6e-123	438.7
BCW-200095_03899	gnl|TC-DB|P77308|3.A.1.5.38	91.5	340	29	0	1	340	1	340	3.6e-180	627.1
BCW-200095_03900	gnl|TC-DB|P76128|3.A.1.5.38	84.5	511	75	1	4	510	6	516	6.7e-255	875.9
BCW-200095_03906	gnl|TC-DB|P22340|1.B.3.1.2	73.9	505	132	0	1	505	1	505	2.1e-208	721.5
BCW-200095_03907	gnl|TC-DB|P08470|4.A.1.2.1	93.9	456	28	0	1	456	1	456	1.1e-240	828.6
BCW-200095_03917	gnl|TC-DB|O33918|5.A.1.5.1	46.7	690	286	12	1	674	1	624	2.2e-160	562.4
BCW-200095_03922	gnl|TC-DB|Q02028|3.A.9.1.1	37.6	524	279	8	5	490	69	582	2.8e-92	335.9
BCW-200095_03934	gnl|TC-DB|B1HGV3|9.B.211.1.1	48.1	324	160	1	5	328	3	318	7.8e-79	290.4
BCW-200095_03938	gnl|TC-DB|P76269|2.A.1.3.17	36.4	462	280	5	11	469	7	457	2.7e-72	269.2
BCW-200095_03940	gnl|TC-DB|Q9HV74|2.A.21.9.1	28.6	224	140	6	267	480	761	974	2.7e-19	93.2
BCW-200095_03942	gnl|TC-DB|Q9ZHD2|1.B.17.3.4	86.8	461	61	0	1	461	1	461	4.7e-223	770.0
BCW-200095_03944	gnl|TC-DB|P77239|2.A.6.1.4	69.3	410	121	3	6	413	1	407	6.7e-160	560.1
BCW-200095_03945	gnl|TC-DB|Q9ZHC9|2.A.6.1.3	95.9	1045	43	0	1	1045	1	1045	0.0e+00	1954.5
BCW-200095_03947	gnl|TC-DB|M4V7W7|1.A.23.1.4	34.4	413	261	3	134	537	120	531	6.3e-60	228.4
BCW-200095_03949	gnl|TC-DB|P77735|8.A.5.1.6	55.6	324	142	1	1	324	1	322	2.0e-101	365.5
BCW-200095_03951	gnl|TC-DB|Q63CS3|1.C.41.1.3	30.3	347	219	5	13	347	54	389	3.4e-17	85.9
BCW-200095_03956	gnl|TC-DB|Q9KN48|3.A.23.1.1	38.0	355	188	6	196	522	180	530	1.6e-54	210.3
BCW-200095_03977	gnl|TC-DB|Q8XG43|2.A.117.1.3	49.3	138	70	0	7	144	18	155	7.9e-31	129.8
BCW-200095_03984	gnl|TC-DB|P9WG63|5.A.1.2.9	33.2	437	237	7	4	395	119	545	1.3e-51	200.3
BCW-200095_03992	gnl|TC-DB|B2N0W4|1.A.46.2.6	80.6	304	59	0	1	304	18	321	2.6e-137	484.6
BCW-200095_03995	gnl|TC-DB|P0AAP1|9.B.34.1.2	32.4	170	114	1	153	321	199	368	2.8e-20	95.9
BCW-200095_03996	gnl|TC-DB|P0AAP1|9.B.34.1.2	26.2	267	186	5	202	462	106	367	6.8e-15	78.6
BCW-200095_04014	gnl|TC-DB|P31122|2.A.1.2.15	85.4	396	58	0	1	396	1	396	6.3e-184	639.8
BCW-200095_04015	gnl|TC-DB|P0AEY1|2.A.95.1.1	89.1	221	24	0	1	221	1	221	3.7e-101	364.0
BCW-200095_04019	gnl|TC-DB|P31125|2.A.7.3.2	83.8	297	48	0	1	297	1	297	7.7e-134	473.0
BCW-200095_04020	gnl|TC-DB|P31126|2.A.1.2.55	69.0	390	120	1	1	390	1	389	9.2e-151	529.6
BCW-200095_04021	gnl|TC-DB|O05703|3.A.1.15.3	52.5	183	87	0	31	213	319	501	2.2e-50	195.3
BCW-200095_04022	gnl|TC-DB|Q9L3S2|3.A.1.4.4	47.4	215	111	2	14	227	4	217	1.3e-48	189.5
BCW-200095_04023	gnl|TC-DB|Q8NRV8|3.A.1.4.5	43.4	242	129	4	25	264	3	238	3.5e-45	178.3
BCW-200095_04024	gnl|TC-DB|Q9L3S4|3.A.1.4.4	43.7	311	172	2	45	353	30	339	3.6e-61	231.9
BCW-200095_04025	gnl|TC-DB|Q8NRW0|3.A.1.4.5	43.9	294	159	2	228	521	4	291	1.1e-58	224.2
BCW-200095_04026	gnl|TC-DB|Q8NRW1|3.A.1.4.5	46.4	377	186	6	27	403	49	409	5.5e-93	337.8
BCW-200095_04035	gnl|TC-DB|P76103|2.A.46.1.9	68.1	383	122	0	1	383	1	383	2.9e-141	498.0
BCW-200095_04039	gnl|TC-DB|P33950|3.A.1.5.27	51.6	541	249	2	2	530	6	545	4.1e-162	567.8
BCW-200095_04045	gnl|TC-DB|P09551|3.A.1.3.1	44.6	249	136	1	3	249	5	253	1.7e-57	219.2
BCW-200095_04056	gnl|TC-DB|P0ABK2|3.D.4.3.2	28.3	364	214	10	8	330	10	367	9.2e-35	144.1
BCW-200095_04084	gnl|TC-DB|Q9I2M0|3.A.1.109.4	41.8	390	218	5	3	385	6	393	2.3e-77	285.8
BCW-200095_04085	gnl|TC-DB|Q9I2M1|3.A.1.109.4	41.9	704	401	7	5	706	17	714	2.0e-135	479.6
BCW-200095_04094	gnl|TC-DB|P27303|8.A.1.1.1	30.5	311	204	4	47	355	47	347	4.8e-29	125.2
BCW-200095_04095	gnl|TC-DB|Q6V6X7|2.A.6.2.18	35.2	463	278	8	10	456	10	466	6.9e-57	218.0
BCW-200095_04104	gnl|TC-DB|G8WDN2|2.A.7.21.5	75.4	142	35	0	1	142	1	142	6.5e-54	206.5
BCW-200095_04105	gnl|TC-DB|G8WDN3|2.A.7.21.5	77.0	148	34	0	5	152	1	148	8.6e-57	216.1
BCW-200095_04128	gnl|TC-DB|Q9I6X5|2.A.6.2.27	27.3	352	247	4	11	358	7	353	3.0e-18	89.4
BCW-200095_04129	gnl|TC-DB|Q9HXW4|2.A.6.2.17	42.2	1023	583	3	6	1021	3	1024	1.5e-224	776.2
BCW-200095_04137	gnl|TC-DB|P17583|2.A.1.17.1	30.3	373	255	2	12	380	3	374	7.3e-36	147.9
BCW-200095_04139	gnl|TC-DB|A9QY47|9.B.50.1.4	79.5	312	64	0	1	312	1	312	2.6e-148	521.2
BCW-200095_04158	gnl|TC-DB|P0AAP1|9.B.34.1.2	29.9	251	155	9	122	365	130	366	3.2e-20	95.9
BCW-200095_04166	gnl|TC-DB|O53183|2.A.1.2.71	33.9	386	250	3	4	385	11	395	7.1e-50	194.5
BCW-200095_04174	gnl|TC-DB|P77228|2.A.1.6.9	84.9	416	62	1	29	443	1	416	8.8e-198	686.0
BCW-200095_04177	gnl|TC-DB|P76169|2.A.7.26.1	86.9	107	14	0	1	107	1	107	1.9e-50	194.5
BCW-200095_04182	gnl|TC-DB|P77374|5.A.3.3.1	85.5	812	114	1	1	812	1	808	0.0e+00	1460.7
BCW-200095_04185	gnl|TC-DB|P72770|2.A.53.4.1	30.9	521	352	5	5	522	1	516	1.1e-56	217.6
BCW-200095_04201	gnl|TC-DB|C5IZH1|2.A.6.2.47	92.1	1050	83	0	1	1050	1	1050	0.0e+00	1826.2
BCW-200095_04202	gnl|TC-DB|C5IZH0|2.A.6.2.47	92.6	391	29	0	1	391	1	391	6.2e-200	693.0
BCW-200095_04215	gnl|TC-DB|P0ADL1|2.A.1.2.26	37.8	368	221	4	1	364	25	388	9.0e-63	237.3
BCW-200095_04216	gnl|TC-DB|657066955|9.B.143.3.6	29.1	230	159	3	7	232	12	241	6.8e-19	90.9
BCW-200095_04218	gnl|TC-DB|Q8ZPK1|3.A.1.12.14	86.8	234	30	1	1	233	1	234	4.1e-106	380.6
BCW-200095_04219	gnl|TC-DB|Q8ZPK2|3.A.1.12.14	82.4	290	51	0	10	299	11	300	2.6e-137	484.6
BCW-200095_04220	gnl|TC-DB|Q8ZPK3|3.A.1.12.14	92.1	215	17	0	1	215	1	215	1.0e-103	372.5
BCW-200095_04221	gnl|TC-DB|Q8ZPK4|3.A.1.12.14	91.4	382	33	0	1	382	1	382	1.5e-203	704.9
BCW-200095_04222	gnl|TC-DB|A8AGW0|2.A.49.5.4	79.4	417	84	2	13	428	1	416	2.3e-179	624.8
BCW-200095_04226	gnl|TC-DB|P43531|2.A.1.36.1	84.2	417	65	1	1	417	1	416	3.3e-191	664.1
BCW-200095_04231	gnl|TC-DB|P0AAP1|9.B.34.1.2	31.0	187	116	3	276	455	186	366	2.7e-15	80.5
BCW-200095_04232	gnl|TC-DB|P69210|2.A.7.1.9	89.9	109	11	0	1	109	1	109	3.3e-50	193.7
BCW-200095_04233	gnl|TC-DB|P69213|2.A.7.1.9	84.7	118	18	0	3	120	4	121	1.2e-45	178.7
BCW-200095_04234	gnl|TC-DB|P0AFS5|2.A.86.1.4	81.1	344	65	0	1	344	1	344	1.8e-142	501.9
BCW-200095_04241	gnl|TC-DB|Q9I6X6|2.A.6.2.27	36.2	337	209	2	41	375	28	360	2.5e-44	176.0
BCW-200095_04242	gnl|TC-DB|Q9I6X4|2.A.6.2.27	43.8	1000	561	1	9	1007	5	1004	2.9e-225	778.5
BCW-200095_04259	gnl|TC-DB|P46133|2.A.68.1.1	88.2	508	60	0	1	508	1	508	5.3e-252	866.3
BCW-200095_04264	gnl|TC-DB|P0AB67|3.D.2.1.1	92.9	462	33	0	1	462	1	462	3.6e-239	823.5
BCW-200095_04265	gnl|TC-DB|P07001|3.D.2.1.1	89.6	509	52	1	1	508	1	509	5.2e-255	876.3
BCW-200095_04267	gnl|TC-DB|P0AAE5|2.A.3.2.8	89.3	460	49	0	1	460	1	460	1.2e-231	798.5
BCW-200095_04269	gnl|TC-DB|P0ACX0|9.B.72.1.2	90.7	86	8	0	1	86	1	86	3.4e-37	150.2
BCW-200095_04305	gnl|TC-DB|P00726|1.M.1.1.1	58.6	152	62	1	1	151	1	152	9.3e-43	169.5
BCW-200095_04307	gnl|TC-DB|B1XBH4|1.E.1.1.4	91.9	74	6	0	1	74	1	74	2.2e-34	140.6
BCW-200095_04323	gnl|TC-DB|P0A754|2.A.37.1.1	41.3	167	96	1	5	171	4	168	4.9e-32	134.0
BCW-200095_04347	gnl|TC-DB|P19642|4.A.1.1.3	88.1	530	63	0	1	530	1	530	1.2e-270	928.3
BCW-200095_04353	gnl|TC-DB|P0A766|3.D.6.1.4	95.3	193	9	0	1	193	1	193	6.6e-94	339.7
BCW-200095_04354	gnl|TC-DB|P77223|3.D.6.1.4	82.3	192	34	0	1	192	1	192	2.3e-75	278.1
BCW-200095_04355	gnl|TC-DB|P77611|3.D.6.1.4	79.5	556	114	0	1	556	1	556	3.5e-243	837.4
BCW-200095_04356	gnl|TC-DB|P76182|3.D.6.1.4	85.7	350	50	0	1	350	1	350	8.9e-174	605.9
BCW-200095_04357	gnl|TC-DB|P77285|3.D.6.1.4	75.2	206	51	0	1	206	1	206	3.4e-88	320.9
BCW-200095_04358	gnl|TC-DB|P77179|3.D.6.1.4	78.1	224	49	0	1	224	1	224	2.0e-94	341.7
BCW-200095_04360	gnl|TC-DB|P77304|2.A.17.1.2	86.7	498	63	2	1	496	1	497	7.6e-243	835.9
BCW-200095_04368	gnl|TC-DB|P76330|9.B.34.1.4	36.7	188	116	3	264	449	372	558	7.6e-24	108.2
BCW-200095_04370	gnl|TC-DB|G4PZW1|8.A.48.1.1	65.4	78	27	0	1	78	1	78	5.7e-28	119.4
BCW-200095_04371	gnl|TC-DB|P46482|8.A.1.7.1	41.8	273	158	1	11	283	14	285	6.0e-51	197.6
BCW-200095_04372	gnl|TC-DB|Q8ZPN4|2.A.85.1.5	80.6	679	130	1	1	677	1	679	0.0e+00	1092.4
BCW-200095_04374	gnl|TC-DB|P76187|8.A.5.1.7	86.9	298	39	0	1	298	1	298	6.7e-154	539.7
BCW-200095_04384	gnl|TC-DB|P77389|2.A.1.2.65	90.7	387	36	0	1	387	1	387	1.1e-188	655.6
BCW-200095_04386	gnl|TC-DB|Q0HIQ8|3.A.1.2.14	27.0	233	151	10	58	277	21	247	2.5e-11	66.2
BCW-200095_04388	gnl|TC-DB|P37597|2.A.1.2.62	77.3	401	88	2	1	399	1	400	9.9e-169	589.3
BCW-200095_04391	gnl|TC-DB|P37340|2.A.66.1.3	86.1	453	63	0	1	453	5	457	1.7e-217	751.5
BCW-200095_04395	gnl|TC-DB|P96878|2.A.53.3.12	29.4	170	113	2	26	189	571	739	4.3e-22	101.3
BCW-200095_04402	gnl|TC-DB|Q8RCC4|3.A.1.3.27	35.2	230	139	6	38	261	33	258	2.6e-27	119.0
BCW-200095_04403	gnl|TC-DB|P48243|3.A.1.3.9	55.0	240	107	1	24	263	2	240	8.2e-66	246.9
BCW-200095_04404	gnl|TC-DB|Q8YPM8|3.A.1.3.18	33.6	223	135	4	17	232	80	296	2.1e-26	115.9
BCW-200095_04405	gnl|TC-DB|Q8YPM7|3.A.1.3.18	37.9	198	119	2	27	220	177	374	2.2e-24	109.0
BCW-200095_04407	gnl|TC-DB|O32167|3.A.1.24.2	49.1	269	129	3	5	269	9	273	1.5e-67	252.7
BCW-200095_04408	gnl|TC-DB|O32168|3.A.1.24.2	61.7	222	85	0	1	222	1	222	2.3e-66	248.4
BCW-200095_04409	gnl|TC-DB|O32169|3.A.1.24.2	57.4	338	143	1	1	337	1	338	1.4e-107	386.0
BCW-200095_04418	gnl|TC-DB|Q5HGY5|3.A.1.11.8	28.4	232	144	7	1	228	4	217	1.7e-14	76.3
BCW-200095_04425	gnl|TC-DB|P07658|3.D.1.9.2	65.3	715	243	4	1	713	1	712	2.5e-292	1000.7
BCW-200095_04430	gnl|TC-DB|P30130|1.B.11.3.9	41.1	870	449	17	16	844	31	878	7.4e-174	607.4
BCW-200095_04438	gnl|TC-DB|B1LE48|2.A.86.2.1	84.0	369	59	0	1	369	1	369	2.3e-172	601.3
BCW-200095_04440	gnl|TC-DB|P75683|2.A.2.3.5	56.2	447	196	0	7	453	4	450	2.6e-144	508.4
BCW-200095_04441	gnl|TC-DB|Q9HXN5|4.A.1.1.15	26.3	414	235	12	391	780	433	800	1.5e-27	121.3
BCW-200095_04444	gnl|TC-DB|P72412|1.B.14.2.14	85.5	621	89	1	41	660	40	660	0.0e+00	1124.0
BCW-200095_04446	gnl|TC-DB|A8GDS8|3.A.1.14.16	55.4	271	121	0	1	271	5	275	3.4e-80	294.7
BCW-200095_04447	gnl|TC-DB|Q56992|3.A.1.14.5	65.6	320	109	1	7	325	9	328	4.1e-104	374.4
BCW-200095_04448	gnl|TC-DB|A8GDS6|3.A.1.14.16	60.6	251	99	0	7	257	9	259	6.3e-84	307.0
BCW-200095_04453	gnl|TC-DB|Q81E21|2.A.8.1.14	53.6	478	206	3	1	462	1	478	5.6e-131	464.2
BCW-200095_04458	gnl|TC-DB|P06611|3.A.1.13.1	70.2	248	74	0	1	248	1	248	2.8e-97	351.3
BCW-200095_04460	gnl|TC-DB|P06609|3.A.1.13.1	78.9	298	63	0	29	326	29	326	6.7e-131	463.4
BCW-200095_04469	gnl|TC-DB|P76206|1.B.75.1.3	86.9	252	33	0	23	274	1	252	4.7e-130	460.3
BCW-200095_04476	gnl|TC-DB|P77529|2.A.23.1.8	89.2	462	50	0	1	462	1	462	1.4e-219	758.4
BCW-200095_04482	gnl|TC-DB|P69791|4.A.3.2.1	86.1	115	16	0	1	115	1	115	2.1e-47	184.5
BCW-200095_04483	gnl|TC-DB|P17334|4.A.3.2.1	89.6	452	47	0	1	452	1	452	1.8e-211	731.5
BCW-200095_04484	gnl|TC-DB|P69795|4.A.3.2.1	96.2	104	4	0	1	104	1	104	1.4e-50	194.9
BCW-200095_04497	gnl|TC-DB|B7L6M8|3.A.1.19.4	73.4	387	101	2	4	388	1	387	7.4e-169	589.7
BCW-200095_04498	gnl|TC-DB|B7L6M9|3.A.1.19.4	58.0	495	206	1	17	509	2	496	1.1e-159	559.7
BCW-200095_04499	gnl|TC-DB|B7L6N0|3.A.1.19.4	63.2	209	73	1	1	205	1	209	7.8e-69	256.5
BCW-200095_04506	gnl|TC-DB|Q07711|3.A.7.7.1	30.3	621	394	17	3	612	4	596	7.3e-73	271.6
BCW-200095_04517	gnl|TC-DB|P0A908|9.B.99.1.2	73.0	248	67	0	1	248	1	248	1.2e-111	399.1
BCW-200095_04524	gnl|TC-DB|P76242|2.A.1.17.3	76.8	392	91	0	1	392	1	392	1.0e-162	569.3
BCW-200095_04529	gnl|TC-DB|P76330|9.B.34.1.4	33.0	185	116	5	176	358	374	552	5.8e-14	75.1
BCW-200095_04530	gnl|TC-DB|A6TAG3|1.E.43.1.1	93.9	82	5	0	1	82	1	82	1.7e-38	154.5
BCW-200095_04531	gnl|TC-DB|D4ZZR3|9.B.34.1.3	32.9	219	134	5	272	484	181	392	1.4e-23	107.5
BCW-200095_04547	gnl|TC-DB|P69874|3.A.1.11.1	89.5	361	38	0	1	361	18	378	3.4e-184	640.6
BCW-200095_04548	gnl|TC-DB|P0AFK4|3.A.1.11.1	94.2	275	16	0	11	285	1	275	6.2e-141	496.5
BCW-200095_04549	gnl|TC-DB|P0AFK6|3.A.1.11.1	96.1	257	10	0	1	257	1	257	1.3e-129	458.8
BCW-200095_04550	gnl|TC-DB|P0AFK9|3.A.1.11.1	91.5	343	29	0	2	344	6	348	7.9e-191	662.5
BCW-200095_04552	gnl|TC-DB|F8CVI0|1.B.52.2.2	27.3	205	119	2	356	530	85	289	5.5e-12	69.3
BCW-200095_04555	gnl|TC-DB|P75958|3.A.1.125.1	90.3	414	40	0	1	414	1	414	3.9e-200	693.7
BCW-200095_04556	gnl|TC-DB|P75957|3.A.1.125.1	92.3	233	18	0	1	233	1	233	5.5e-119	423.3
BCW-200095_04557	gnl|TC-DB|P0ADC3|3.A.1.125.1	92.2	386	30	0	1	386	14	399	7.8e-187	649.4
BCW-200095_04571	gnl|TC-DB|P69786|4.A.1.1.1	96.4	477	17	0	1	477	1	477	9.1e-262	898.7
BCW-200095_04578	gnl|TC-DB|O80800|3.D.1.6.3	48.0	75	39	0	2	76	48	122	1.5e-12	68.2
BCW-200095_04589	gnl|TC-DB|P76628|2.A.1.36.3	33.5	388	248	2	4	388	2	382	5.7e-39	158.3
BCW-200095_04604	gnl|TC-DB|P37169|2.A.66.4.1	92.2	511	40	0	1	511	14	524	2.2e-261	897.5
BCW-200095_04608	gnl|TC-DB|P69367|2.A.1.2.21	85.6	402	58	0	1	402	1	402	1.2e-198	688.7
BCW-200095_04619	gnl|TC-DB|P25744|2.A.1.2.20	86.9	404	51	1	14	415	1	404	1.5e-196	681.8
BCW-200095_04622	gnl|TC-DB|P62517|4.D.3.1.1	92.6	840	62	0	1	840	1	840	0.0e+00	1602.0
BCW-200095_04631	gnl|TC-DB|P0AE95|1.B.48.1.1	77.5	129	29	0	1	129	1	129	1.2e-54	208.8
BCW-200095_04632	gnl|TC-DB|P0AE98|1.B.48.1.1	86.2	138	18	1	1	137	1	138	1.7e-64	241.5
BCW-200095_04633	gnl|TC-DB|P0AEA2|1.B.48.1.1	92.4	277	21	0	1	277	1	277	9.0e-145	509.2
BCW-200095_04640	gnl|TC-DB|P46482|8.A.1.7.1	25.2	325	188	8	9	326	7	283	1.1e-14	77.4
