BCW-200044_00026	gnl|TC-DB|P04739|3.A.15.2.1	39.2	153	77	4	1	143	1	147	2.1e-12	68.6
BCW-200044_00044	gnl|TC-DB|O31068|9.A.21.1.1	41.4	1216	514	42	302	1436	111	1208	1.0e-215	747.3
BCW-200044_00046	gnl|TC-DB|Q60148|3.A.15.2.1	37.5	144	83	6	1	141	1	140	2.8e-12	68.2
BCW-200044_00054	gnl|TC-DB|L7KTB5|2.A.102.3.2	36.0	228	139	2	29	252	26	250	1.1e-32	136.7
BCW-200044_00056	gnl|TC-DB|P0AA67|2.A.7.3.6	36.0	283	177	3	6	288	11	289	3.1e-42	168.7
BCW-200044_00057	gnl|TC-DB|P0AA67|2.A.7.3.6	47.8	272	141	1	14	285	14	284	2.6e-57	218.8
BCW-200044_00065	gnl|TC-DB|A3M9E9|2.A.1.2.51	79.6	407	83	0	1	407	1	407	1.6e-174	608.6
BCW-200044_00066	gnl|TC-DB|P75870|2.A.85.1.1	41.8	706	401	4	11	712	9	708	1.1e-149	526.9
BCW-200044_00068	gnl|TC-DB|B1LE48|2.A.86.2.1	27.7	346	241	6	17	359	20	359	1.4e-28	123.6
BCW-200044_00074	gnl|TC-DB|P80874|8.A.5.1.4	27.3	205	128	5	26	211	6	208	1.4e-15	80.1
BCW-200044_00096	gnl|TC-DB|P76350|2.A.1.6.6	67.7	433	136	1	1	429	1	433	5.6e-165	577.0
BCW-200044_00099	gnl|TC-DB|P36554|2.A.1.3.26	47.6	450	220	5	20	460	14	456	3.1e-113	405.2
BCW-200044_00101	gnl|TC-DB|L5DDD7|2.A.109.2.3	48.0	523	258	7	4	521	371	884	1.0e-120	430.3
BCW-200044_00103	gnl|TC-DB|P0AGM2|1.A.62.2.3	55.2	203	91	0	1	203	1	203	2.0e-59	225.3
BCW-200044_00104	gnl|TC-DB|O34691|2.A.1.82.4	46.5	417	195	2	19	435	12	400	3.8e-97	351.7
BCW-200044_00106	gnl|TC-DB|P69451|4.C.1.1.4	51.3	557	263	5	1	556	1	550	9.9e-167	583.2
BCW-200044_00110	gnl|TC-DB|O24779|1.B.25.1.3	40.5	437	236	7	1	429	1	421	3.9e-78	288.5
BCW-200044_00115	gnl|TC-DB|O67997|1.A.11.1.4	62.2	400	148	3	68	465	39	437	3.5e-133	471.5
BCW-200044_00125	gnl|TC-DB|P0ADC6|1.B.42.1.2	30.0	353	243	3	6	354	6	358	8.3e-42	167.5
BCW-200044_00127	gnl|TC-DB|P23865|9.B.174.1.2	24.6	338	220	8	58	365	195	527	2.3e-21	99.8
BCW-200044_00128	gnl|TC-DB|Q9KN48|3.A.23.1.1	39.4	368	204	5	118	468	164	529	1.9e-65	246.5
BCW-200044_00137	gnl|TC-DB|Q5XPH7|9.A.8.1.4	37.1	688	340	11	7	611	6	683	2.0e-112	402.9
BCW-200044_00140	gnl|TC-DB|P0ABG4|2.A.103.1.1	42.8	355	203	0	33	387	48	402	7.2e-79	290.8
BCW-200044_00146	gnl|TC-DB|Q9HUJ1|2.A.6.2.27	28.9	440	280	5	23	448	31	451	5.4e-38	155.2
BCW-200044_00160	gnl|TC-DB|P35818|1.B.22.1.2	36.7	670	349	8	31	697	53	650	2.7e-114	409.5
BCW-200044_00176	gnl|TC-DB|D6I8Y6|4.F.1.3.3	40.8	211	111	3	3	213	2	198	7.2e-33	137.1
BCW-200044_00181	gnl|TC-DB|E7UC95|1.E.14.1.9	32.5	114	77	0	10	123	16	129	9.0e-16	79.7
BCW-200044_00183	gnl|TC-DB|E7BBJ1|9.B.102.5.2	55.5	128	56	1	11	137	11	138	8.6e-30	126.3
BCW-200044_00184	gnl|TC-DB|E7BBJ2|9.B.102.5.5	49.2	132	67	0	1	132	1	132	4.3e-31	130.6
BCW-200044_00195	gnl|TC-DB|Q2FD80|2.A.6.2.44	29.4	483	309	8	3	460	4	479	6.5e-39	158.3
BCW-200044_00196	gnl|TC-DB|P75831|3.A.1.122.1	53.6	658	292	4	7	664	4	648	9.3e-188	653.3
BCW-200044_00197	gnl|TC-DB|Q84BQ3|3.A.1.122.12	47.7	396	155	2	32	427	11	354	9.8e-40	161.0
BCW-200044_00205	gnl|TC-DB|P0AAP1|9.B.34.1.2	26.3	167	123	0	251	417	199	365	1.4e-13	74.7
BCW-200044_00215	gnl|TC-DB|P76628|2.A.1.36.3	32.8	366	245	1	13	377	12	377	3.3e-47	185.7
BCW-200044_00218	gnl|TC-DB|P42243|2.A.7.23.1	29.5	281	192	4	11	289	15	291	2.6e-20	95.9
BCW-200044_00219	gnl|TC-DB|P0C186|3.D.2.2.1	47.2	381	185	7	1	371	1	375	1.3e-82	303.1
BCW-200044_00220	gnl|TC-DB|P0C187|3.D.2.2.1	58.6	99	29	2	5	103	53	139	4.7e-22	100.1
BCW-200044_00221	gnl|TC-DB|P0C188|3.D.2.2.1	52.4	471	206	4	12	480	10	464	4.3e-126	448.0
BCW-200044_00234	gnl|TC-DB|A8V922|3.A.11.2.1	57.4	61	26	0	68	128	70	130	4.9e-13	70.5
BCW-200044_00242	gnl|TC-DB|P69451|4.C.1.1.4	26.8	571	357	22	8	539	6	554	3.7e-41	166.0
BCW-200044_00247	gnl|TC-DB|B1J6T5|9.B.27.3.3	60.6	142	56	0	1	142	1	142	7.3e-42	166.4
BCW-200044_00259	gnl|TC-DB|O84676|3.A.6.3.1	28.6	241	149	6	160	387	153	383	2.4e-11	66.6
BCW-200044_00270	gnl|TC-DB|Q9AGM7|3.A.15.3.1	56.3	490	212	2	5	493	6	494	8.8e-151	530.0
BCW-200044_00287	gnl|TC-DB|Q6MLK6|1.A.46.2.5	37.0	300	176	4	1	293	7	300	2.0e-49	192.6
BCW-200044_00288	gnl|TC-DB|P77735|8.A.5.1.6	34.5	316	195	5	1	312	1	308	8.9e-49	190.7
BCW-200044_00318	gnl|TC-DB|O00571|1.I.1.1.3	38.6	352	204	5	3	343	180	530	1.8e-55	213.8
BCW-200044_00319	gnl|TC-DB|P63386|3.A.1.27.3	60.6	254	100	0	12	265	8	261	1.1e-86	316.2
BCW-200044_00320	gnl|TC-DB|P64606|3.A.1.27.3	57.7	260	103	2	1	256	3	259	1.2e-74	276.2
BCW-200044_00333	gnl|TC-DB|B0W0K4|2.A.23.2.11	36.4	434	243	8	5	408	21	451	1.9e-58	223.0
BCW-200044_00364	gnl|TC-DB|P0AGA2|3.A.5.1.1	58.0	419	167	2	23	437	18	431	3.9e-137	484.6
BCW-200044_00389	gnl|TC-DB|P42308|2.A.11.1.2	32.5	419	270	3	1	419	1	406	1.5e-61	233.4
BCW-200044_00392	gnl|TC-DB|Q9KN48|3.A.23.1.1	41.6	231	133	2	24	253	190	419	8.3e-45	177.6
BCW-200044_00393	gnl|TC-DB|A5W3Z9|9.B.153.4.3	34.2	272	175	4	20	288	18	288	5.7e-41	164.5
BCW-200044_00394	gnl|TC-DB|Q8DQH7|3.A.1.4.10	48.3	242	117	4	3	244	2	235	4.7e-52	201.1
BCW-200044_00396	gnl|TC-DB|Q8DQH9|3.A.1.4.10	24.5	249	157	5	107	351	93	314	2.7e-16	82.8
BCW-200044_00397	gnl|TC-DB|Q0S718|3.A.1.4.9	27.8	284	197	4	5	286	1	278	9.6e-20	94.0
BCW-200044_00398	gnl|TC-DB|Q8DQH8|3.A.1.4.10	40.6	249	148	0	10	258	3	251	7.8e-53	203.8
BCW-200044_00411	gnl|TC-DB|C9RH03|2.A.109.3.1	49.0	355	159	4	1	355	7	339	1.2e-85	313.2
BCW-200044_00426	gnl|TC-DB|C4PAW9|2.A.1.3.43	61.8	492	188	0	1	492	1	492	4.7e-168	587.4
BCW-200044_00432	gnl|TC-DB|A3M6E6|2.A.117.1.1	72.9	133	36	0	1	133	36	168	3.0e-51	197.6
BCW-200044_00435	gnl|TC-DB|P76249|2.A.76.1.5	41.5	212	117	3	2	213	5	209	1.5e-38	156.0
BCW-200044_00436	gnl|TC-DB|P76103|2.A.46.1.9	40.4	374	223	0	11	384	9	382	1.1e-74	276.9
BCW-200044_00437	gnl|TC-DB|P22037|9.B.20.1.1	42.4	217	123	2	18	233	11	226	2.9e-35	145.2
BCW-200044_00438	gnl|TC-DB|P36640|3.A.3.4.1	60.2	904	336	3	25	920	15	902	3.9e-301	1030.4
BCW-200044_00440	gnl|TC-DB|Q7BGE1|1.E.43.3.7	42.1	140	71	2	7	145	21	151	1.1e-24	109.4
BCW-200044_00442	gnl|TC-DB|P25185|2.A.26.1.2	61.7	428	164	0	1	428	1	428	2.2e-142	501.9
BCW-200044_00444	gnl|TC-DB|Q9HY55|4.A.2.1.17	51.3	954	459	5	1	950	1	952	7.4e-255	876.7
BCW-200044_00446	gnl|TC-DB|Q9HY57|4.A.2.1.17	68.1	454	141	2	110	563	116	565	1.1e-141	500.0
BCW-200044_00498	gnl|TC-DB|Q8G8W9|1.B.14.1.26	29.8	668	429	17	53	696	131	782	5.3e-72	268.9
BCW-200044_00503	gnl|TC-DB|Q9I405|3.A.1.3.22	76.8	241	56	0	3	243	1	241	3.0e-107	384.4
BCW-200044_00504	gnl|TC-DB|Q88NY4|3.A.1.3.19	49.5	212	103	2	14	223	14	223	2.3e-45	178.7
BCW-200044_00505	gnl|TC-DB|Q88NY3|3.A.1.3.19	42.4	238	125	3	46	280	20	248	5.9e-43	171.0
BCW-200044_00506	gnl|TC-DB|Q9I402|3.A.1.3.22	45.0	269	146	1	29	295	29	297	1.1e-63	240.0
BCW-200044_00511	gnl|TC-DB|P28635|3.A.1.24.1	39.2	240	140	4	38	276	37	271	5.4e-41	164.5
BCW-200044_00512	gnl|TC-DB|Q9HT70|3.A.1.24.5	47.3	317	165	2	15	330	2	317	1.8e-73	272.7
BCW-200044_00513	gnl|TC-DB|Q9HT69|3.A.1.24.5	42.9	198	113	0	13	210	21	218	1.1e-39	159.8
BCW-200044_00523	gnl|TC-DB|Q05202|1.B.14.1.15	35.8	723	411	15	36	738	69	758	3.1e-115	412.5
BCW-200044_00538	gnl|TC-DB|P43531|2.A.1.36.1	37.0	408	247	3	12	414	5	407	5.8e-66	248.1
BCW-200044_00540	gnl|TC-DB|P0A8K8|9.B.126.2.1	27.6	214	151	1	69	282	70	279	3.9e-19	92.4
BCW-200044_00547	gnl|TC-DB|P16869|1.B.14.1.1	39.4	720	402	10	16	716	25	729	3.4e-143	505.4
BCW-200044_00562	gnl|TC-DB|A6V120|9.B.14.3.5	38.0	266	158	3	5	267	3	264	7.9e-37	150.6
BCW-200044_00563	gnl|TC-DB|P0AGD7|3.A.5.1.1	67.7	421	134	1	1	421	1	419	7.1e-158	553.5
BCW-200044_00594	gnl|TC-DB|P0A754|2.A.37.1.1	47.4	114	59	1	1	114	1	113	5.5e-26	114.0
BCW-200044_00598	gnl|TC-DB|B9DIS8|9.B.97.5.1	26.8	380	217	15	6	360	22	365	8.4e-13	71.2
BCW-200044_00611	gnl|TC-DB|K1GHE1|9.B.186.1.2	53.5	144	66	1	74	217	70	212	3.6e-32	134.8
BCW-200044_00622	gnl|TC-DB|Q51532|3.A.15.2.1	65.5	357	122	1	1	357	1	356	1.5e-134	475.7
BCW-200044_00623	gnl|TC-DB|P24559|3.A.15.2.1	81.8	318	58	0	1	318	27	344	1.5e-148	521.9
BCW-200044_00636	gnl|TC-DB|O51918|2.A.1.3.24	48.9	325	166	0	50	374	49	373	6.9e-63	237.7
BCW-200044_00637	gnl|TC-DB|A3M347|2.A.1.3.62	84.3	498	78	0	10	507	3	500	2.1e-235	811.2
BCW-200044_00650	gnl|TC-DB|A5W3Z9|9.B.153.4.3	34.1	290	187	3	17	305	2	288	3.5e-49	191.8
BCW-200044_00659	gnl|TC-DB|H0KI06|9.B.124.1.3	36.8	114	70	2	68	181	1	112	9.7e-15	76.6
BCW-200044_00663	gnl|TC-DB|Q8RCC4|3.A.1.3.27	30.1	229	142	6	49	271	41	257	3.9e-18	88.6
BCW-200044_00672	gnl|TC-DB|P31552|4.C.1.1.6	23.7	535	360	12	89	614	22	517	4.6e-30	129.4
BCW-200044_00680	gnl|TC-DB|Q93N33|2.A.21.9.2	39.5	1191	641	22	4	1159	5	1151	3.5e-206	715.3
BCW-200044_00681	gnl|TC-DB|P0AF54|9.B.136.1.1	41.2	102	59	1	1	101	1	102	5.9e-15	76.6
BCW-200044_00682	gnl|TC-DB|P32705|2.A.21.7.2	64.1	565	185	5	7	571	3	549	1.3e-190	662.5
BCW-200044_00684	gnl|TC-DB|K6KRX2|1.A.1.28.6	67.6	219	70	1	6	223	6	224	6.8e-76	280.4
BCW-200044_00685	gnl|TC-DB|Q6F754|2.A.15.1.9	100.0	660	0	0	1	660	1	660	0.0e+00	1286.6
BCW-200044_00686	gnl|TC-DB|Q5K1Z4|1.B.1.2.4	70.7	300	81	2	1	300	1	293	2.6e-97	351.7
BCW-200044_00687	gnl|TC-DB|D4ZZR3|9.B.34.1.3	38.5	169	89	4	422	578	228	393	5.9e-21	99.0
BCW-200044_00691	gnl|TC-DB|P0ACX0|9.B.72.1.2	51.9	106	51	0	3	108	2	107	2.7e-23	104.4
BCW-200044_00693	gnl|TC-DB|C9RH03|2.A.109.3.1	49.7	354	153	3	1	354	7	335	4.4e-83	304.7
BCW-200044_00694	gnl|TC-DB|P77726|2.A.1.2.60	40.9	433	252	4	6	435	10	441	6.5e-84	307.8
BCW-200044_00696	gnl|TC-DB|P25527|2.A.3.1.4	50.9	446	214	3	7	451	1	442	1.1e-116	416.8
BCW-200044_00704	gnl|TC-DB|P45522|2.A.37.1.2	42.0	553	308	4	10	556	7	552	3.8e-111	398.7
BCW-200044_00705	gnl|TC-DB|H0KI06|9.B.124.1.3	36.8	114	70	2	68	181	1	112	3.7e-14	74.7
BCW-200044_00715	gnl|TC-DB|P0A9X4|9.B.157.1.3	68.5	343	106	1	2	342	1	343	1.6e-127	452.2
BCW-200044_00728	gnl|TC-DB|Q08120|9.A.18.1.2	55.4	397	176	1	1	396	1	397	1.0e-117	419.9
BCW-200044_00732	gnl|TC-DB|Q45068|2.A.25.1.5	46.3	477	223	8	22	491	3	453	1.1e-105	380.2
BCW-200044_00733	gnl|TC-DB|P0AER8|2.A.27.1.1	50.9	405	187	3	3	407	2	394	4.8e-102	367.9
BCW-200044_00735	gnl|TC-DB|I7FD23|2.A.1.2.97	33.9	389	247	3	13	396	17	400	1.1e-47	187.2
BCW-200044_00736	gnl|TC-DB|P75870|2.A.85.1.1	50.9	690	335	4	1	689	21	707	1.2e-196	682.9
BCW-200044_00759	gnl|TC-DB|E8PBU7|2.A.6.3.3	78.3	1012	219	1	22	1033	1	1011	0.0e+00	1494.2
BCW-200044_00767	gnl|TC-DB|V9RYY0|2.A.76.2.3	40.9	193	114	0	2	194	4	196	6.4e-36	147.1
BCW-200044_00770	gnl|TC-DB|A0L4L0|3.A.1.132.3	42.0	245	130	3	148	388	89	325	1.6e-52	203.4
BCW-200044_00772	gnl|TC-DB|P0A927|1.B.10.1.1	43.7	254	133	4	35	281	44	294	5.9e-59	224.2
BCW-200044_00779	gnl|TC-DB|Q46821|2.A.40.3.3	39.2	454	268	5	14	460	6	458	1.1e-81	300.4
BCW-200044_00786	gnl|TC-DB|Q9RQ30|8.A.1.1.2	31.2	308	197	6	85	388	61	357	1.4e-26	117.1
BCW-200044_00796	gnl|TC-DB|Q05202|1.B.14.1.15	29.0	707	458	17	27	713	76	758	3.5e-76	282.7
BCW-200044_00798	gnl|TC-DB|P0AFF0|3.D.1.1.1	47.5	480	245	4	4	480	2	477	3.3e-113	405.2
BCW-200044_00799	gnl|TC-DB|P0AFE8|3.D.1.1.1	61.2	508	188	3	5	508	1	503	4.2e-175	610.9
BCW-200044_00800	gnl|TC-DB|P33607|3.D.1.1.1	56.1	627	261	3	1	627	1	613	1.1e-182	636.3
BCW-200044_00801	gnl|TC-DB|P0AFE4|3.D.1.1.1	50.5	99	49	0	4	102	2	100	7.4e-20	92.8
BCW-200044_00802	gnl|TC-DB|P0AFE0|3.D.1.1.1	55.8	165	70	1	1	165	1	162	3.2e-39	157.9
BCW-200044_00803	gnl|TC-DB|P0AFD6|3.D.1.1.1	78.7	178	36	1	3	180	5	180	1.8e-69	258.5
BCW-200044_00804	gnl|TC-DB|P0AFD4|3.D.1.1.1	65.8	292	94	1	43	334	36	321	3.8e-113	404.4
BCW-200044_00805	gnl|TC-DB|P33602|3.D.1.1.1	59.3	890	350	5	1	879	1	889	1.2e-312	1068.5
BCW-200044_00806	gnl|TC-DB|P31979|3.D.1.1.1	66.9	426	136	4	14	437	8	430	6.4e-169	590.1
BCW-200044_00807	gnl|TC-DB|P0AFD1|3.D.1.1.1	57.2	152	65	0	18	169	14	165	2.3e-50	194.9
BCW-200044_00808	gnl|TC-DB|P33599|3.D.1.1.1	67.0	576	188	2	22	595	21	596	6.7e-246	846.3
BCW-200044_00809	gnl|TC-DB|P0AFC7|3.D.1.1.1	72.6	226	54	3	1	224	1	220	8.5e-93	336.3
BCW-200044_00810	gnl|TC-DB|P0AFC3|3.D.1.1.1	50.8	124	61	0	4	127	9	132	2.4e-29	125.2
BCW-200044_00824	gnl|TC-DB|Q5K698|3.A.7.11.1	39.7	237	139	2	1	234	1	236	4.3e-47	184.5
BCW-200044_00828	gnl|TC-DB|P76115|1.B.14.9.5	46.1	685	351	8	39	718	28	699	3.0e-176	615.1
BCW-200044_00832	gnl|TC-DB|P0A742|1.A.22.1.1	51.0	143	59	3	1	143	1	132	1.1e-29	125.9
BCW-200044_00834	gnl|TC-DB|P0AGM9|2.A.40.4.2	53.7	451	208	1	8	457	13	463	2.8e-127	451.8
BCW-200044_00836	gnl|TC-DB|P25737|2.A.3.1.2	63.8	478	172	1	2	479	5	481	1.7e-178	622.1
BCW-200044_00838	gnl|TC-DB|Q8KWW6|1.B.6.1.4	88.7	346	34	3	1	346	1	341	1.4e-171	598.6
BCW-200044_00843	gnl|TC-DB|D5CES3|2.A.7.1.10	55.2	105	47	0	1	105	1	105	4.2e-26	113.6
BCW-200044_00845	gnl|TC-DB|D8JG11|1.B.76.1.2	55.2	223	96	2	58	276	29	251	8.3e-66	246.9
BCW-200044_00846	gnl|TC-DB|Q4KCN4|9.B.62.1.5	42.5	555	296	11	8	557	35	571	1.0e-121	433.7
BCW-200044_00877	gnl|TC-DB|Q51955|2.A.1.15.1	64.8	440	153	1	12	451	11	448	7.0e-163	570.1
BCW-200044_00883	gnl|TC-DB|Q51485|1.B.19.1.1	45.7	442	221	5	10	439	20	454	1.4e-112	402.9
BCW-200044_00890	gnl|TC-DB|P08956|3.A.17.1.1	28.2	646	331	25	216	758	228	843	5.2e-45	179.9
BCW-200044_00906	gnl|TC-DB|Q6FDI3|1.B.25.1.6	42.4	425	233	6	2	415	4	427	7.3e-90	327.4
BCW-200044_00911	gnl|TC-DB|P77589|2.A.1.15.2	43.7	394	217	3	3	396	5	393	1.1e-82	303.5
BCW-200044_00923	gnl|TC-DB|P94400|9.B.10.1.1	54.2	395	173	4	11	401	3	393	3.8e-112	401.4
BCW-200044_00932	gnl|TC-DB|P0ABK2|3.D.4.3.2	29.2	363	211	11	1	320	1	360	3.4e-29	125.6
BCW-200044_00935	gnl|TC-DB|O06924|3.B.1.1.4	54.6	555	246	3	8	559	3	554	2.3e-179	625.2
BCW-200044_00938	gnl|TC-DB|O06926|3.B.1.1.4	38.6	251	144	1	8	248	7	257	3.8e-42	168.3
BCW-200044_00939	gnl|TC-DB|O06927|3.B.1.1.4	30.3	231	147	4	36	262	41	261	1.2e-24	110.2
BCW-200044_00942	gnl|TC-DB|Q9Z446|2.A.70.1.2	67.2	125	41	0	1	125	24	148	1.1e-34	142.5
BCW-200044_00943	gnl|TC-DB|Q9Z445|2.A.70.1.2	80.5	246	48	0	9	254	9	254	3.4e-106	380.9
BCW-200044_00946	gnl|TC-DB|P06971|1.B.14.1.2	21.3	746	537	23	13	720	14	747	3.1e-27	120.2
BCW-200044_00947	gnl|TC-DB|Q9L3S6|3.A.1.4.4	45.6	421	198	11	14	426	15	412	1.9e-93	339.3
BCW-200044_00948	gnl|TC-DB|Q8NRW0|3.A.1.4.5	47.6	288	145	2	258	545	10	291	2.3e-59	226.5
BCW-200044_00949	gnl|TC-DB|Q9L3S4|3.A.1.4.4	39.9	311	178	2	41	346	30	336	3.2e-54	208.8
BCW-200044_00950	gnl|TC-DB|Q8NRV8|3.A.1.4.5	40.6	244	137	4	33	274	1	238	2.0e-43	172.6
BCW-200044_00951	gnl|TC-DB|Q9L3S2|3.A.1.4.4	47.4	215	111	2	14	227	4	217	4.5e-49	191.0
BCW-200044_00955	gnl|TC-DB|F2WVP9|2.A.1.60.3	38.1	370	219	1	18	387	9	368	1.6e-62	236.5
BCW-200044_00961	gnl|TC-DB|P25184|1.B.14.1.14	21.8	841	515	28	51	823	54	819	8.1e-24	109.0
BCW-200044_00986	gnl|TC-DB|P37643|2.A.1.6.10	57.7	440	178	3	1	432	1	440	1.9e-133	472.2
BCW-200044_00987	gnl|TC-DB|P67153|1.C.113.1.10	44.0	216	117	2	1	212	1	216	3.4e-43	171.4
BCW-200044_00999	gnl|TC-DB|Q51485|1.B.19.1.1	47.6	443	195	6	9	416	14	454	3.1e-117	418.3
BCW-200044_01003	gnl|TC-DB|C6GYU4|2.A.76.1.9	29.1	196	132	4	1	191	2	195	2.8e-13	72.0
BCW-200044_01005	gnl|TC-DB|P03959|3.A.3.7.1	40.6	576	313	7	1	566	1	557	1.4e-96	350.1
BCW-200044_01006	gnl|TC-DB|Q1M606|3.A.3.7.2	54.5	682	291	6	4	668	2	681	6.5e-189	657.1
BCW-200044_01007	gnl|TC-DB|Q1M607|3.A.3.7.2	43.5	186	101	2	23	206	6	189	2.4e-33	138.7
BCW-200044_01012	gnl|TC-DB|P15993|2.A.3.1.3	62.4	444	162	3	7	449	10	449	1.6e-154	542.3
BCW-200044_01014	gnl|TC-DB|P0AA53|8.A.21.2.2	42.5	186	106	1	5	189	1	186	1.2e-38	156.8
BCW-200044_01018	gnl|TC-DB|Q1D1G6|2.A.1.57.4	34.4	387	234	7	10	395	9	376	7.1e-45	177.9
BCW-200044_01022	gnl|TC-DB|O28528|1.A.11.2.7	37.7	409	225	8	4	384	37	443	3.8e-56	215.3
BCW-200044_01032	gnl|TC-DB|Q24LT6|2.A.6.2.29	88.0	484	57	1	1	483	1	484	7.6e-240	825.9
BCW-200044_01033	gnl|TC-DB|Q24LT7|2.A.6.2.29	86.8	1059	139	1	1	1059	1	1058	0.0e+00	1763.0
BCW-200044_01034	gnl|TC-DB|Q2FD95|2.A.6.2.29	80.8	385	74	0	1	385	1	385	2.1e-169	591.7
BCW-200044_01040	gnl|TC-DB|P61316|1.B.46.1.1	29.1	220	134	4	11	230	4	201	2.0e-17	85.9
BCW-200044_01047	gnl|TC-DB|P0AA47|2.A.3.1.14	52.5	448	203	2	12	459	13	450	4.1e-126	448.0
BCW-200044_01073	gnl|TC-DB|P0AC02|1.B.33.1.3	35.2	250	153	3	1	250	1	241	7.6e-40	161.0
BCW-200044_01089	gnl|TC-DB|X5H3P0|3.D.10.1.6	48.6	622	276	8	18	632	13	597	6.6e-167	583.9
BCW-200044_01090	gnl|TC-DB|X5GWN5|3.D.10.1.6	54.3	232	104	2	4	234	24	254	1.6e-70	262.3
BCW-200044_01100	gnl|TC-DB|G3XD29|2.A.36.6.8	34.8	434	262	11	6	430	1	422	2.8e-48	189.5
BCW-200044_01104	gnl|TC-DB|A5W3Z9|9.B.153.4.3	35.7	272	171	4	20	288	18	288	3.7e-40	161.8
BCW-200044_01126	gnl|TC-DB|B9DIS8|9.B.97.5.1	34.2	371	202	16	1	342	16	373	4.6e-29	125.9
BCW-200044_01128	gnl|TC-DB|P37327|1.A.16.4.1	37.2	285	175	3	1	282	1	284	2.4e-44	175.6
BCW-200044_01141	gnl|TC-DB|A5W3Z9|9.B.153.4.3	30.5	272	181	5	23	289	20	288	2.2e-32	136.0
BCW-200044_01142	gnl|TC-DB|Q6FBB3|2.A.1.15.7	98.7	450	6	0	1	450	1	450	3.8e-233	803.5
BCW-200044_01145	gnl|TC-DB|Q9XIA9|4.C.1.1.14	22.5	510	317	16	42	492	82	572	1.9e-13	73.9
BCW-200044_01176	gnl|TC-DB|P15746|3.A.15.1.1	45.9	135	64	3	10	140	6	135	2.7e-28	121.3
BCW-200044_01177	gnl|TC-DB|P22609|3.A.15.2.1	22.5	374	281	5	26	393	1	371	1.1e-23	107.5
BCW-200044_01178	gnl|TC-DB|Q8F3M7|3.A.15.4.1	42.4	413	231	3	89	500	151	557	1.5e-89	326.6
BCW-200044_01183	gnl|TC-DB|C6ALC5|1.B.22.4.3	23.1	428	273	12	173	557	27	441	1.2e-21	101.7
BCW-200044_01191	gnl|TC-DB|P0AGE4|2.A.23.4.1	55.8	396	173	2	1	396	9	402	1.5e-105	379.4
BCW-200044_01192	gnl|TC-DB|T2KLL7|9.B.143.3.4	29.0	210	133	6	16	212	20	226	1.3e-13	73.2
BCW-200044_01194	gnl|TC-DB|P0AAT4|1.A.23.4.5	42.1	392	224	3	28	417	22	412	5.9e-79	291.2
BCW-200044_01196	gnl|TC-DB|Q2G2M9|3.A.1.106.2	35.2	506	298	7	107	601	90	576	9.5e-70	261.2
BCW-200044_01218	gnl|TC-DB|P96668|2.A.7.3.24	55.7	289	125	2	3	291	1	286	3.9e-82	301.2
BCW-200044_01220	gnl|TC-DB|P09833|3.A.1.8.1	42.4	184	102	1	26	209	26	205	2.4e-36	148.7
BCW-200044_01221	gnl|TC-DB|P0AF01|3.A.1.8.1	51.6	225	108	1	1	224	2	226	2.6e-57	218.4
BCW-200044_01222	gnl|TC-DB|P37329|3.A.1.8.1	40.9	235	134	5	18	250	24	255	1.9e-40	162.5
BCW-200044_01229	gnl|TC-DB|P18775|5.A.3.3.2	24.4	483	299	17	31	464	63	528	3.6e-20	97.1
BCW-200044_01232	gnl|TC-DB|Q9SWR8|2.A.1.8.4	40.4	408	234	4	11	413	31	434	1.7e-76	283.1
BCW-200044_01234	gnl|TC-DB|Q55107|3.A.1.16.3	31.4	328	211	7	4	325	276	595	1.6e-37	153.3
BCW-200044_01235	gnl|TC-DB|P07658|3.D.1.9.2	26.2	370	231	8	121	476	61	402	6.8e-36	149.1
BCW-200044_01252	gnl|TC-DB|P46889|3.A.12.1.2	60.0	490	190	3	528	1017	840	1323	8.7e-161	564.3
BCW-200044_01258	gnl|TC-DB|Q9ZK21|1.C.82.1.1	52.9	227	107	0	3	229	4	230	1.1e-60	229.6
BCW-200044_01266	gnl|TC-DB|O32105|2.A.8.1.12	48.2	438	184	5	42	473	42	442	2.0e-104	375.9
BCW-200044_01267	gnl|TC-DB|Q9HWW1|1.B.39.1.3	29.0	207	127	9	19	208	29	232	1.0e-15	80.1
BCW-200044_01272	gnl|TC-DB|P21345|2.A.23.1.1	36.6	404	243	4	10	405	12	410	5.7e-61	231.5
BCW-200044_01287	gnl|TC-DB|K0WKG7|4.F.1.1.8	53.2	190	76	3	7	193	1	180	2.2e-44	175.3
BCW-200044_01291	gnl|TC-DB|E0LV84|2.A.85.1.4	26.0	524	376	5	16	533	9	526	6.8e-48	188.7
BCW-200044_01293	gnl|TC-DB|P46482|8.A.1.7.1	29.4	323	184	3	6	328	5	283	1.4e-35	146.7
BCW-200044_01302	gnl|TC-DB|R8YEH7|1.A.54.5.3	70.3	286	85	0	1	286	1	286	6.9e-116	413.3
BCW-200044_01303	gnl|TC-DB|P22609|3.A.15.2.1	61.2	374	143	1	35	408	2	373	2.8e-126	448.4
BCW-200044_01304	gnl|TC-DB|P22608|3.A.15.2.1	56.7	563	241	3	9	570	6	566	3.3e-178	621.3
BCW-200044_01306	gnl|TC-DB|P0AG99|3.A.5.1.1	48.6	105	50	1	1	105	1	101	1.8e-16	81.6
BCW-200044_01314	gnl|TC-DB|Q9KDA1|2.A.63.1.2	34.9	106	68	1	5	109	4	109	1.2e-12	69.3
BCW-200044_01316	gnl|TC-DB|Q9KD99|2.A.63.1.2	27.8	151	106	2	16	164	7	156	2.6e-12	68.6
BCW-200044_01317	gnl|TC-DB|Q52981|2.A.63.1.1	36.3	559	302	7	5	530	1	538	1.2e-82	303.9
BCW-200044_01318	gnl|TC-DB|Q52980|2.A.63.1.1	54.1	111	46	1	4	109	1	111	1.1e-25	112.5
BCW-200044_01319	gnl|TC-DB|Q52978|2.A.63.1.1	44.6	974	483	17	1	937	31	984	3.6e-201	698.4
BCW-200044_01329	gnl|TC-DB|P30130|1.B.11.3.9	35.2	843	511	15	4	827	29	855	1.4e-127	453.8
BCW-200044_01334	gnl|TC-DB|P0A2G3|2.A.1.6.7	59.6	418	166	1	2	416	3	420	6.4e-137	483.8
BCW-200044_01338	gnl|TC-DB|Q6MDD6|3.A.7.16.1	26.5	453	253	12	118	562	317	697	2.4e-25	113.6
BCW-200044_01343	gnl|TC-DB|P37002|1.A.43.1.1	40.9	127	74	1	1	126	1	127	4.4e-22	100.5
BCW-200044_01347	gnl|TC-DB|P45522|2.A.37.1.2	38.8	590	356	5	4	591	7	593	1.2e-104	377.1
BCW-200044_01348	gnl|TC-DB|Q9ZKE4|3.A.11.3.1	33.1	499	315	9	222	716	119	602	1.1e-67	254.6
BCW-200044_01349	gnl|TC-DB|P15745|3.A.15.1.1	43.9	362	179	3	1	361	1	339	1.7e-67	253.1
BCW-200044_01350	gnl|TC-DB|P15746|3.A.15.1.1	48.5	134	61	5	24	154	2	130	5.5e-25	110.5
BCW-200044_01353	gnl|TC-DB|P0A2L3|9.A.40.1.2	44.8	252	129	4	22	271	31	274	2.5e-54	208.8
BCW-200044_01365	gnl|TC-DB|Q5FAM9|2.A.66.1.21	79.2	447	93	0	1	447	1	447	4.5e-194	673.7
BCW-200044_01366	gnl|TC-DB|G8WDN3|2.A.7.21.5	28.9	142	98	2	11	152	1	139	1.6e-13	72.4
BCW-200044_01374	gnl|TC-DB|O05307|4.C.1.1.3	40.0	592	326	7	15	601	17	584	1.9e-123	439.5
BCW-200044_01382	gnl|TC-DB|Q6PML9|2.A.4.6.1	28.5	323	218	6	9	319	239	560	1.9e-29	126.3
BCW-200044_01386	gnl|TC-DB|P08839|8.A.7.1.1	32.2	553	367	5	184	731	4	553	2.5e-80	296.6
BCW-200044_01406	gnl|TC-DB|P21345|2.A.23.1.1	71.7	424	120	0	1	424	1	424	3.6e-164	574.3
BCW-200044_01410	gnl|TC-DB|G8WDN4|2.A.76.1.10	65.7	210	72	0	1	210	1	210	2.6e-72	268.1
BCW-200044_01411	gnl|TC-DB|P43672|3.A.1.120.6	46.9	636	333	5	1	633	1	634	1.3e-151	533.1
BCW-200044_01415	gnl|TC-DB|Q07711|3.A.7.7.1	23.5	622	391	21	124	693	100	688	3.6e-30	130.2
BCW-200044_01422	gnl|TC-DB|P39830|2.A.37.1.5	48.6	555	272	4	1	554	1	543	2.5e-125	445.7
BCW-200044_01429	gnl|TC-DB|P0ABU9|1.A.30.2.2	34.2	190	93	3	1	158	4	193	5.3e-17	84.3
BCW-200044_01441	gnl|TC-DB|P69423|2.A.64.1.1	43.9	230	129	0	17	246	5	234	8.2e-52	200.3
BCW-200044_01451	gnl|TC-DB|P81549|1.B.14.1.16	36.1	740	445	10	11	731	13	743	7.7e-127	451.1
BCW-200044_01463	gnl|TC-DB|P12012|2.A.8.1.1	42.6	451	250	4	8	452	1	448	8.5e-92	334.0
BCW-200044_01470	gnl|TC-DB|P23865|9.B.174.1.2	33.0	743	405	18	1	725	3	670	4.4e-90	328.9
BCW-200044_01494	gnl|TC-DB|Q7AA53|2.A.6.8.2	27.0	741	506	19	38	758	14	739	6.4e-55	212.2
BCW-200044_01504	gnl|TC-DB|P0AG93|2.A.6.4.1	40.3	295	174	2	19	311	15	309	2.2e-49	192.6
BCW-200044_01505	gnl|TC-DB|P0AG90|2.A.6.4.1	46.5	635	314	12	2	633	4	615	1.2e-141	500.0
BCW-200044_01506	gnl|TC-DB|P0ADZ7|3.A.5.1.1	50.0	110	54	1	1	109	1	110	1.1e-21	99.0
BCW-200044_01546	gnl|TC-DB|D4ZZR3|9.B.34.1.3	36.6	153	89	4	248	394	236	386	2.6e-15	79.7
BCW-200044_01547	gnl|TC-DB|Q8EBH3|1.B.6.1.22	28.7	136	82	2	23	157	234	355	3.4e-11	64.7
BCW-200044_01555	gnl|TC-DB|P10408|3.A.5.1.1	58.9	908	362	5	1	905	1	900	1.3e-306	1048.5
BCW-200044_01568	gnl|TC-DB|P06129|1.B.14.3.1	27.2	632	388	17	22	614	12	610	8.8e-39	158.3
BCW-200044_01587	gnl|TC-DB|Q9JZN9|1.B.14.2.9	37.0	755	390	13	10	685	11	758	3.7e-131	465.3
BCW-200044_01588	gnl|TC-DB|Q9JZN9|1.B.14.2.9	38.1	721	350	11	52	694	56	758	7.5e-140	494.2
BCW-200044_01595	gnl|TC-DB|P13510|2.A.6.1.2	35.0	346	217	3	65	408	181	520	1.5e-50	196.8
BCW-200044_01596	gnl|TC-DB|P13511|2.A.6.1.2	59.0	1042	417	6	15	1047	1	1041	0.0e+00	1181.0
BCW-200044_01597	gnl|TC-DB|P13512|2.A.4.1.1	59.7	295	112	2	1	293	1	290	8.0e-86	313.5
BCW-200044_01603	gnl|TC-DB|P0AG78|3.A.1.6.1	63.8	326	113	2	5	328	4	326	3.2e-120	427.9
BCW-200044_01609	gnl|TC-DB|P0A6W3|9.B.146.1.6	54.0	372	159	2	1	372	1	360	1.5e-110	396.0
BCW-200044_01612	gnl|TC-DB|Q8VRL8|3.A.11.1.3	26.5	374	238	8	7	352	10	374	1.7e-23	106.7
BCW-200044_01616	gnl|TC-DB|P34750|1.B.22.2.1	40.3	707	357	12	35	706	34	710	5.7e-135	478.0
BCW-200044_01638	gnl|TC-DB|P0AAP1|9.B.34.1.2	32.6	178	115	3	222	399	198	370	4.2e-21	99.0
BCW-200044_01642	gnl|TC-DB|Q51330|2.A.1.11.1	23.3	412	251	9	27	437	15	362	4.8e-20	95.9
BCW-200044_01656	gnl|TC-DB|Q7CGN6|1.B.14.9.3	32.2	732	421	19	43	732	25	723	1.4e-91	334.0
BCW-200044_01662	gnl|TC-DB|A3M582|2.A.1.3.63	53.0	460	214	1	20	477	16	475	1.1e-126	449.9
BCW-200044_01710	gnl|TC-DB|P63183|2.A.72.1.1	46.9	629	321	6	3	626	2	622	3.9e-164	574.7
BCW-200044_01720	gnl|TC-DB|Q9X2W0|3.A.1.118.1	20.2	564	387	12	27	557	20	553	2.9e-12	70.1
BCW-200044_01721	gnl|TC-DB|P31552|4.C.1.1.6	23.5	540	340	15	18	508	2	517	3.1e-25	114.4
BCW-200044_01731	gnl|TC-DB|F8KY83|1.B.9.3.2	35.8	179	105	1	16	184	252	430	3.1e-32	134.8
BCW-200044_01737	gnl|TC-DB|Q8F8H7|2.A.53.3.8	32.3	728	448	15	14	724	27	726	4.4e-82	302.4
BCW-200044_01741	gnl|TC-DB|P43672|3.A.1.120.6	37.1	502	301	7	21	515	18	511	1.8e-80	296.6
BCW-200044_01763	gnl|TC-DB|P15078|2.A.114.1.1	57.3	672	279	4	14	679	8	677	4.3e-220	760.8
BCW-200044_01769	gnl|TC-DB|P39836|2.A.28.3.4	49.8	319	152	3	7	322	7	320	3.4e-74	275.0
BCW-200044_01771	gnl|TC-DB|G3XCT7|2.A.1.25.5	27.4	752	305	14	17	711	6	573	3.7e-65	246.1
BCW-200044_01783	gnl|TC-DB|Q848I3|2.A.23.1.10	72.4	427	104	1	3	429	4	416	2.0e-170	595.1
BCW-200044_01794	gnl|TC-DB|Q8F3M7|3.A.15.4.1	40.0	480	280	4	104	581	83	556	7.8e-98	354.4
BCW-200044_01799	gnl|TC-DB|Q7WZL2|1.B.1.4.3	27.7	173	119	2	73	239	23	195	5.3e-13	72.0
BCW-200044_01800	gnl|TC-DB|P94575|2.A.39.3.4	33.6	461	298	4	16	473	12	467	6.1e-80	294.7
BCW-200044_01835	gnl|TC-DB|Q57389|2.A.7.7.3	36.9	295	181	3	1	294	1	291	2.9e-51	198.7
BCW-200044_01843	gnl|TC-DB|P42308|2.A.11.1.2	59.9	426	149	5	1	423	1	407	4.8e-137	484.2
BCW-200044_01858	gnl|TC-DB|P77504|3.A.1.122.15	29.8	803	526	13	11	800	8	785	1.3e-77	287.7
BCW-200044_01859	gnl|TC-DB|P0A9T8|3.A.1.122.15	49.3	223	112	1	5	227	6	227	9.5e-55	209.9
BCW-200044_01863	gnl|TC-DB|A3ZKG8|1.B.14.1.13	31.5	682	412	9	35	700	19	661	4.6e-87	318.9
BCW-200044_01864	gnl|TC-DB|O54507|1.B.14.1.3	50.2	731	335	12	8	725	13	727	9.4e-202	699.9
BCW-200044_01869	gnl|TC-DB|P43676|2.A.20.1.2	40.8	503	265	6	61	541	8	499	1.4e-101	366.7
BCW-200044_01872	gnl|TC-DB|P52067|2.A.1.35.1	53.8	379	173	2	28	405	26	403	2.5e-111	398.7
BCW-200044_01878	gnl|TC-DB|Q5ZYB5|3.A.7.9.1	29.6	406	272	7	12	411	6	403	4.3e-45	178.7
BCW-200044_01884	gnl|TC-DB|P75905|4.D.1.1.3	50.1	417	200	4	7	418	25	438	3.6e-121	431.4
BCW-200044_01888	gnl|TC-DB|P0A830|2.A.23.1.7	44.0	420	233	2	1	420	1	418	3.3e-98	355.1
BCW-200044_01889	gnl|TC-DB|P94400|9.B.10.1.1	23.5	226	142	5	9	205	4	227	3.1e-14	75.9
BCW-200044_01901	gnl|TC-DB|P0ABC9|2.A.15.1.4	69.0	675	207	2	10	683	3	676	6.0e-275	943.0
BCW-200044_01902	gnl|TC-DB|Q4ZLW8|2.A.15.1.3	50.9	513	249	3	14	525	12	522	1.6e-142	502.7
BCW-200044_01909	gnl|TC-DB|V5FN92|9.B.169.1.12	50.3	380	181	6	5	380	16	391	3.8e-93	338.2
BCW-200044_01910	gnl|TC-DB|Q21EL3|1.B.14.1.24	32.4	723	443	14	4	712	9	699	1.5e-95	347.1
BCW-200044_01920	gnl|TC-DB|Q07YH1|2.A.1.14.25	21.7	360	261	8	14	361	13	363	4.6e-12	68.9
BCW-200044_01929	gnl|TC-DB|Q6FDI3|1.B.25.1.6	99.3	427	3	0	1	427	1	427	1.1e-253	871.7
BCW-200044_01930	gnl|TC-DB|O24842|2.A.1.15.6	99.3	448	3	0	1	448	1	448	4.1e-240	826.6
BCW-200044_01938	gnl|TC-DB|Q21EL3|1.B.14.1.24	32.3	699	445	10	15	703	19	699	4.2e-98	355.5
BCW-200044_01940	gnl|TC-DB|Q93SS2|3.A.1.14.19	34.6	353	200	5	1	330	1	345	6.0e-42	167.9
BCW-200044_01941	gnl|TC-DB|Q9RCF3|3.A.1.14.6	34.1	229	147	3	3	227	20	248	1.6e-31	132.9
BCW-200044_01944	gnl|TC-DB|B5U2Z3|2.A.75.1.4	50.3	191	94	1	7	196	9	199	3.1e-46	181.4
BCW-200044_01959	gnl|TC-DB|917745143|1.C.75.1.2	37.3	2517	1316	44	1	2426	1	2345	8.5e-97	353.6
BCW-200044_01960	gnl|TC-DB|Q9JY22|1.B.20.1.5	37.7	530	299	9	91	599	61	580	4.5e-101	365.2
BCW-200044_02015	gnl|TC-DB|P94369|2.A.39.1.5	36.7	455	271	10	29	475	2	447	1.5e-70	263.5
BCW-200044_02021	gnl|TC-DB|Q46909|2.A.1.1.95	28.1	417	271	10	47	463	31	418	1.6e-27	120.6
BCW-200044_02022	gnl|TC-DB|O67997|1.A.11.1.4	45.7	414	213	4	21	432	32	435	2.4e-99	359.0
BCW-200044_02024	gnl|TC-DB|P31122|2.A.1.2.15	27.7	346	246	2	6	350	12	354	1.4e-39	160.2
BCW-200044_02033	gnl|TC-DB|P42964|2.A.55.3.2	49.1	387	190	4	14	400	18	397	5.8e-92	334.3
BCW-200044_02039	gnl|TC-DB|P76460|2.A.73.1.1	31.6	459	291	9	7	462	1	439	1.5e-54	210.3
BCW-200044_02043	gnl|TC-DB|Q81E21|2.A.8.1.14	65.4	477	157	3	3	471	2	478	1.8e-161	565.5
BCW-200044_02064	gnl|TC-DB|P77549|2.A.1.46.6	48.8	379	192	1	7	385	5	381	1.4e-90	329.7
BCW-200044_02065	gnl|TC-DB|P0ABP6|9.B.27.2.3	46.9	179	92	3	5	181	9	186	1.6e-36	149.1
BCW-200044_02082	gnl|TC-DB|Q9HT69|3.A.1.24.5	43.8	194	109	0	32	225	23	216	6.3e-35	144.1
BCW-200044_02083	gnl|TC-DB|P30750|3.A.1.24.1	45.7	341	182	1	1	338	1	341	1.6e-82	302.8
BCW-200044_02084	gnl|TC-DB|Q9HT68|3.A.1.24.5	38.4	276	150	6	1	275	1	257	8.7e-42	167.2
BCW-200044_02103	gnl|TC-DB|P0ABJ6|3.D.4.5.1	56.5	108	47	0	1	108	1	108	5.1e-27	116.7
BCW-200044_02104	gnl|TC-DB|P0ABJ3|3.D.4.5.1	62.6	182	65	2	25	206	26	204	1.6e-58	222.2
BCW-200044_02105	gnl|TC-DB|P0ABI8|3.D.4.5.1	66.2	656	221	1	3	657	1	656	5.3e-260	893.3
BCW-200044_02106	gnl|TC-DB|P0ABJ1|3.D.4.5.1	44.2	351	141	6	6	346	10	315	4.9e-71	264.6
BCW-200044_02108	gnl|TC-DB|Q9HY55|4.A.2.1.17	28.2	422	222	11	380	777	552	916	4.0e-28	123.2
BCW-200044_02116	gnl|TC-DB|D1F3T8|2.A.1.3.42	33.3	848	552	8	14	856	34	872	3.0e-130	462.6
BCW-200044_02117	gnl|TC-DB|G4NXA5|1.A.33.1.4	35.2	583	343	13	7	565	4	575	1.6e-84	310.1
BCW-200044_02119	gnl|TC-DB|B7FYG1|3.A.25.1.1	30.4	148	93	3	34	171	482	629	6.5e-15	77.8
BCW-200044_02125	gnl|TC-DB|Q89SS6|2.A.1.42.2	35.1	390	246	4	8	397	5	387	1.9e-59	226.5
BCW-200044_02126	gnl|TC-DB|P0ADE4|1.B.33.2.4	35.6	362	192	11	546	897	247	577	2.2e-51	200.7
BCW-200044_02127	gnl|TC-DB|F0Q2H8|9.B.22.1.3	25.5	451	282	13	1093	1499	1030	1470	5.2e-21	100.5
BCW-200044_02129	gnl|TC-DB|Q7A3E6|3.A.3.5.19	46.2	795	403	8	13	791	9	794	1.6e-181	632.9
BCW-200044_02137	gnl|TC-DB|Q02006|1.A.1.24.1	36.1	191	120	1	65	253	67	257	5.3e-27	118.2
BCW-200044_02138	gnl|TC-DB|P33024|2.A.41.2.9	58.3	412	171	1	5	415	5	416	1.8e-125	445.7
BCW-200044_02141	gnl|TC-DB|P77389|2.A.1.2.65	38.2	382	230	2	15	396	5	380	1.4e-61	233.4
BCW-200044_02153	gnl|TC-DB|Q215S1|1.B.42.1.4	22.6	645	395	23	197	759	170	792	1.0e-18	92.0
BCW-200044_02159	gnl|TC-DB|P60752|3.A.1.106.1	37.7	571	353	3	5	572	10	580	6.7e-110	394.4
BCW-200044_02180	gnl|TC-DB|Q1D212|2.A.78.2.3	31.6	234	131	2	9	213	13	246	1.3e-26	116.3
BCW-200044_02183	gnl|TC-DB|E4RK11|2.A.124.1.3	28.9	298	193	8	6	289	13	305	8.0e-19	90.9
BCW-200044_02190	gnl|TC-DB|L5DDD7|2.A.109.2.3	45.0	518	269	7	1	505	370	884	6.6e-109	391.0
BCW-200044_02192	gnl|TC-DB|Q89V93|2.A.102.4.6	24.0	275	187	8	11	269	96	364	6.2e-11	64.7
BCW-200044_02195	gnl|TC-DB|P16869|1.B.14.1.1	31.4	727	458	19	2	698	14	729	2.7e-97	352.8
BCW-200044_02200	gnl|TC-DB|Q3MK85|1.B.1.9.1	31.9	301	159	12	1	281	1	275	3.3e-17	85.9
BCW-200044_02220	gnl|TC-DB|P10121|3.A.5.1.1	63.9	302	107	2	68	369	194	493	7.7e-107	383.6
BCW-200044_02226	gnl|TC-DB|P0ABK2|3.D.4.3.2	54.1	381	173	2	1	381	1	379	3.3e-113	404.8
BCW-200044_02227	gnl|TC-DB|P0ABJ9|3.D.4.3.2	70.6	513	151	0	6	518	4	516	5.8e-217	750.0
BCW-200044_02235	gnl|TC-DB|P0C0L7|2.A.1.6.4	70.1	462	133	1	1	457	2	463	7.1e-185	643.3
BCW-200044_02236	gnl|TC-DB|P0AAP1|9.B.34.1.2	30.6	330	228	1	17	345	36	365	2.4e-38	156.0
BCW-200044_02249	gnl|TC-DB|P0ABG7|2.A.103.1.2	55.4	354	157	1	27	380	11	363	3.9e-106	381.3
BCW-200044_02252	gnl|TC-DB|P0AFN6|3.A.1.105.17	59.7	248	100	0	9	256	8	255	2.4e-83	305.1
BCW-200044_02253	gnl|TC-DB|P36879|3.A.1.105.17	61.1	311	115	2	1	311	1	305	7.2e-98	353.6
BCW-200044_02265	gnl|TC-DB|Q8NRL8|2.A.22.4.3	48.8	484	246	2	3	486	32	513	3.2e-129	458.4
BCW-200044_02267	gnl|TC-DB|B2UL32|2.A.5.5.5	42.2	263	144	2	9	263	8	270	9.0e-41	163.7
BCW-200044_02275	gnl|TC-DB|P75892|2.A.40.1.3	65.8	424	144	1	5	428	6	428	6.3e-153	537.0
BCW-200044_02278	gnl|TC-DB|Q9I6X6|2.A.6.2.27	36.5	340	214	2	13	351	22	360	5.7e-38	154.8
BCW-200044_02279	gnl|TC-DB|Q9HXW4|2.A.6.2.17	66.7	1037	328	2	1	1037	1	1020	0.0e+00	1351.3
BCW-200044_02284	gnl|TC-DB|P77389|2.A.1.2.65	66.9	378	125	0	1	378	1	378	5.7e-137	483.8
BCW-200044_02304	gnl|TC-DB|P0AAP1|9.B.34.1.2	28.7	202	134	4	213	414	174	365	2.9e-19	93.6
BCW-200044_02305	gnl|TC-DB|P37327|1.A.16.4.1	33.3	285	179	6	3	283	7	284	3.2e-36	148.7
BCW-200044_02306	gnl|TC-DB|Q9I488|3.A.1.3.21	54.2	236	108	0	3	238	1	236	7.6e-63	236.9
BCW-200044_02307	gnl|TC-DB|P35113|3.A.1.3.6	31.7	208	130	4	15	211	13	219	2.6e-17	85.5
BCW-200044_02308	gnl|TC-DB|P73544|3.A.1.3.12	39.7	189	104	2	26	204	315	503	2.0e-30	129.0
BCW-200044_02314	gnl|TC-DB|Q9K0A9|2.A.28.2.4	56.0	309	136	0	1	309	1	309	3.4e-95	344.7
BCW-200044_02340	gnl|TC-DB|O34474|2.A.66.1.25	43.9	460	252	2	2	455	3	462	2.6e-104	375.6
BCW-200044_02355	gnl|TC-DB|G3IME2|9.B.35.1.2	33.3	111	69	2	2	107	31	141	5.4e-13	70.1
BCW-200044_02361	gnl|TC-DB|P36655|5.A.1.1.1	32.1	561	324	11	39	587	34	549	7.9e-69	258.1
BCW-200044_02362	gnl|TC-DB|D4ZZR3|9.B.34.1.3	29.3	334	193	12	75	382	77	393	6.6e-24	108.2
BCW-200044_02385	gnl|TC-DB|B9MIH1|2.A.106.1.4	57.8	185	76	1	1	185	1	183	2.6e-58	221.5
BCW-200044_02391	gnl|TC-DB|B2I1H5|1.B.1.2.1	66.3	258	83	3	1	257	1	255	2.6e-93	338.2
BCW-200044_02399	gnl|TC-DB|Q9F3K7|3.A.1.3.24	51.2	248	116	2	263	505	5	252	1.0e-61	234.2
BCW-200044_02404	gnl|TC-DB|Q58AJ7|9.B.105.1.1	41.0	144	83	1	20	163	204	345	1.3e-22	102.8
BCW-200044_02407	gnl|TC-DB|A3R044|2.A.16.4.2	33.2	352	226	3	8	353	26	374	1.3e-50	196.8
BCW-200044_02414	gnl|TC-DB|P75892|2.A.40.1.3	65.8	404	138	0	26	429	24	427	1.6e-151	532.3
BCW-200044_02416	gnl|TC-DB|Q8KZQ6|3.A.1.17.2	55.1	245	106	2	22	265	7	248	1.0e-68	256.5
BCW-200044_02417	gnl|TC-DB|O85765|3.A.1.17.2	64.3	258	91	1	9	265	1	258	2.7e-90	328.2
BCW-200044_02419	gnl|TC-DB|P75853|3.A.1.17.10	44.9	296	161	2	31	326	16	309	2.7e-71	265.4
BCW-200044_02420	gnl|TC-DB|O85763|3.A.1.17.2	53.7	281	130	0	54	334	30	310	2.3e-86	315.5
BCW-200044_02442	gnl|TC-DB|P37169|2.A.66.4.1	42.5	511	281	3	1	507	14	515	2.4e-114	409.1
BCW-200044_02445	gnl|TC-DB|P76387|8.A.3.3.2	30.8	710	458	8	11	714	16	698	9.3e-88	321.2
BCW-200044_02447	gnl|TC-DB|Q45407|1.B.18.3.2	31.6	354	221	9	19	359	24	369	4.1e-44	175.3
BCW-200044_02467	gnl|TC-DB|H8E4X1|9.B.18.1.2	41.1	190	98	1	2	177	329	518	1.9e-35	145.6
BCW-200044_02470	gnl|TC-DB|Q6MMD5|9.B.18.2.1	45.3	612	328	6	9	616	16	624	1.5e-134	476.5
BCW-200044_02472	gnl|TC-DB|G0CIY2|9.B.18.1.1	37.5	419	230	6	58	454	76	484	4.0e-65	245.4
BCW-200044_02480	gnl|TC-DB|P33231|2.A.14.1.1	72.8	552	147	2	2	551	1	551	5.6e-231	796.6
BCW-200044_02484	gnl|TC-DB|Q5MQC2|1.B.73.1.1	47.0	474	236	3	12	480	14	477	1.3e-119	426.4
BCW-200044_02491	gnl|TC-DB|P0AAE0|2.A.3.1.7	59.3	460	181	1	12	471	15	468	5.3e-153	537.3
BCW-200044_02494	gnl|TC-DB|Q9HWU4|1.B.11.3.7	32.3	831	540	16	41	861	14	831	4.7e-115	412.1
BCW-200044_02498	gnl|TC-DB|Q7V7U0|2.A.7.28.11	29.9	278	172	5	19	282	22	290	8.4e-24	107.5
BCW-200044_02500	gnl|TC-DB|C4ZZU4|2.A.1.14.40	61.1	453	170	3	1	453	1	447	6.6e-161	563.5
BCW-200044_02508	gnl|TC-DB|Q46821|2.A.40.3.3	29.0	428	298	5	18	440	29	455	3.9e-49	192.2
BCW-200044_02521	gnl|TC-DB|P69451|4.C.1.1.4	26.0	530	339	13	18	508	42	557	5.4e-42	168.7
BCW-200044_02524	gnl|TC-DB|Q42524|4.C.1.1.7	27.2	518	353	10	23	528	51	556	4.5e-44	175.6
BCW-200044_02534	gnl|TC-DB|Q9HR74|5.A.3.3.3	20.6	768	455	22	5	675	56	765	1.3e-22	105.9
BCW-200044_02535	gnl|TC-DB|P37329|3.A.1.8.1	47.7	239	113	4	24	253	21	256	8.1e-55	210.3
BCW-200044_02536	gnl|TC-DB|P0AF01|3.A.1.8.1	48.6	222	113	1	9	229	7	228	3.3e-52	201.4
BCW-200044_02537	gnl|TC-DB|P09833|3.A.1.8.1	47.2	178	90	1	25	202	26	199	1.1e-43	172.9
BCW-200044_02568	gnl|TC-DB|P0ABP6|9.B.27.2.3	57.7	208	86	2	3	208	7	214	8.7e-63	236.5
BCW-200044_02580	gnl|TC-DB|O30646|2.A.7.3.25	26.7	292	187	8	4	283	8	284	3.4e-12	68.9
BCW-200044_02586	gnl|TC-DB|B2D7K2|3.A.23.1.1	23.5	537	323	12	48	576	41	497	1.3e-25	115.2
BCW-200044_02592	gnl|TC-DB|P0AG34|2.A.76.1.1	39.9	198	118	1	1	198	10	206	2.5e-32	135.2
BCW-200044_02593	gnl|TC-DB|P39832|3.A.1.15.5	32.5	228	153	1	5	231	2	229	2.8e-26	115.5
BCW-200044_02594	gnl|TC-DB|P0A9X1|3.A.1.15.5	45.9	233	117	3	13	238	4	234	1.0e-52	203.4
BCW-200044_02598	gnl|TC-DB|P0AB98|3.A.2.1.1	57.9	292	101	7	1	291	1	271	2.1e-80	295.4
BCW-200044_02599	gnl|TC-DB|P68699|3.A.2.1.1	51.4	74	36	0	3	76	4	77	3.9e-16	80.1
BCW-200044_02600	gnl|TC-DB|P0ABA0|3.A.2.1.1	67.4	43	14	0	1	43	1	43	1.0e-12	69.7
BCW-200044_02601	gnl|TC-DB|P0ABA4|3.A.2.1.1	33.7	172	113	1	1	172	1	171	4.3e-23	104.4
BCW-200044_02602	gnl|TC-DB|P0ABB0|3.A.2.1.1	74.6	512	130	0	3	514	2	513	8.7e-218	752.7
BCW-200044_02603	gnl|TC-DB|P0ABA6|3.A.2.1.1	61.2	289	110	2	1	289	1	287	3.9e-98	354.4
BCW-200044_02604	gnl|TC-DB|P0ABB4|3.A.2.1.1	79.4	466	88	3	1	464	1	460	7.1e-211	729.6
BCW-200044_02605	gnl|TC-DB|P0A6E6|3.A.2.1.1	48.9	133	68	0	3	135	4	136	1.2e-28	122.5
BCW-200044_02612	gnl|TC-DB|P31122|2.A.1.2.15	30.7	361	243	3	18	375	11	367	5.5e-42	168.3
BCW-200044_02622	gnl|TC-DB|A2RKA7|3.A.1.2.17	40.1	496	291	3	12	502	7	501	1.0e-101	367.1
BCW-200044_02623	gnl|TC-DB|O83342|3.A.1.2.10	27.6	369	238	10	3	352	38	396	3.7e-29	125.6
BCW-200044_02624	gnl|TC-DB|Q9WXW0|3.A.1.2.18	30.9	288	188	5	11	288	20	306	9.3e-26	114.0
BCW-200044_02626	gnl|TC-DB|Q8VRK4|3.A.11.1.3	39.1	207	119	3	92	297	67	267	4.1e-31	132.1
BCW-200044_02630	gnl|TC-DB|Q00620|1.B.14.4.2	45.8	646	315	9	37	673	64	683	8.5e-165	577.0
BCW-200044_02640	gnl|TC-DB|P07775|2.A.46.1.1	100.0	394	0	0	1	394	1	394	1.4e-215	745.0
BCW-200044_02646	gnl|TC-DB|O30513|2.A.1.15.5	99.8	466	1	0	1	466	1	466	2.0e-258	887.5
BCW-200044_02647	gnl|TC-DB|Q6FCB4|1.B.25.2.1	99.5	415	2	0	1	415	1	415	5.7e-244	839.3
BCW-200044_02648	gnl|TC-DB|Q9KN48|3.A.23.1.1	37.9	314	159	7	322	600	212	524	4.0e-49	192.6
BCW-200044_02652	gnl|TC-DB|Q9RBI5|1.B.9.3.1	94.6	386	21	0	1	386	1	386	1.6e-219	758.1
BCW-200044_02662	gnl|TC-DB|P0AAE5|2.A.3.2.8	55.3	427	188	1	5	431	4	427	6.1e-127	450.7
BCW-200044_02679	gnl|TC-DB|P44669|9.A.41.1.1	51.5	619	291	4	1	614	1	615	1.9e-171	599.0
BCW-200044_02700	gnl|TC-DB|P0A943|1.B.33.1.3	35.0	842	484	13	10	825	6	810	6.6e-143	504.6
BCW-200044_02709	gnl|TC-DB|Q9KN48|3.A.23.1.1	36.9	360	220	3	122	479	173	527	2.5e-57	219.5
BCW-200044_02713	gnl|TC-DB|P76169|2.A.7.26.1	62.4	101	37	1	16	116	7	106	1.7e-28	121.7
BCW-200044_02714	gnl|TC-DB|Q9FI56|3.A.9.1.2	39.3	810	398	15	10	738	106	902	7.9e-151	530.8
BCW-200044_02721	gnl|TC-DB|G8V089|2.A.38.4.6	39.2	212	128	1	3	213	4	215	4.1e-39	157.9
BCW-200044_02722	gnl|TC-DB|O32081|2.A.38.4.3	40.4	445	263	2	1	445	3	445	2.4e-91	332.4
BCW-200044_02733	gnl|TC-DB|E0DTC9|2.A.115.1.4	47.9	192	100	0	19	210	76	267	1.2e-45	179.5
BCW-200044_02735	gnl|TC-DB|P15993|2.A.3.1.3	63.9	451	163	0	4	454	6	456	1.6e-162	568.9
BCW-200044_02739	gnl|TC-DB|P21345|2.A.23.1.1	37.8	410	242	5	10	411	12	416	1.0e-62	237.3
BCW-200044_02764	gnl|TC-DB|O00571|1.I.1.1.3	37.9	354	205	5	18	357	195	547	2.0e-62	236.1
BCW-200044_02778	gnl|TC-DB|P39456|3.A.1.3.14	51.5	229	106	2	262	488	2	227	2.5e-60	229.6
BCW-200044_02779	gnl|TC-DB|P30860|3.A.1.3.3	31.2	224	135	6	40	257	26	236	2.5e-19	92.4
BCW-200044_02797	gnl|TC-DB|Q9L100|2.A.3.3.16	48.1	482	237	3	16	494	24	495	7.4e-113	404.1
BCW-200044_02806	gnl|TC-DB|Q9FI56|3.A.9.1.2	44.9	865	398	12	3	847	95	900	3.7e-205	711.4
BCW-200044_02810	gnl|TC-DB|P0A9T4|8.A.5.1.5	49.6	349	172	2	1	348	1	346	7.9e-98	353.6
BCW-200044_02823	gnl|TC-DB|P31466|2.A.40.7.6	51.0	433	211	1	2	433	6	438	2.2e-113	405.6
BCW-200044_02825	gnl|TC-DB|O07488|2.A.53.3.1	62.7	477	175	1	7	483	8	481	2.6e-163	571.6
BCW-200044_02826	gnl|TC-DB|Q01674|1.B.14.1.17	23.6	700	457	20	71	732	51	710	5.1e-38	156.0
BCW-200044_02832	gnl|TC-DB|P94131|2.A.1.15.4	99.8	413	1	0	1	413	1	413	1.5e-233	804.7
BCW-200044_02835	gnl|TC-DB|P76628|2.A.1.36.3	36.7	373	236	0	11	383	13	385	1.5e-63	240.0
BCW-200044_02843	gnl|TC-DB|P94131|2.A.1.15.4	60.9	404	153	1	31	434	15	413	1.4e-144	509.2
BCW-200044_02847	gnl|TC-DB|P76628|2.A.1.36.3	34.3	376	247	0	13	388	7	382	6.8e-61	231.1
BCW-200044_02870	gnl|TC-DB|F9VN10|3.D.10.1.4	34.6	546	318	14	10	528	6	539	4.0e-72	268.9
BCW-200044_02874	gnl|TC-DB|P0AG78|3.A.1.6.1	65.5	322	106	4	11	328	8	328	8.3e-121	429.9
BCW-200044_02876	gnl|TC-DB|P16701|3.A.1.6.1	50.8	266	131	0	6	271	8	273	1.2e-69	259.6
BCW-200044_02877	gnl|TC-DB|P0AEB0|3.A.1.6.1	49.5	281	141	1	10	289	1	281	7.5e-73	270.4
BCW-200044_02878	gnl|TC-DB|P16676|3.A.1.6.1	61.5	283	108	1	1	283	1	282	1.2e-96	349.7
BCW-200044_02880	gnl|TC-DB|C0L0K3|1.B.63.1.1	69.5	249	70	4	1	246	1	246	5.3e-96	347.1
BCW-200044_02891	gnl|TC-DB|Q5P737|2.A.1.51.1	26.6	384	263	7	7	381	2	375	5.4e-26	115.2
BCW-200044_02899	gnl|TC-DB|P0ABU9|1.A.30.2.2	45.9	220	117	2	7	224	2	221	1.3e-43	172.9
BCW-200044_02900	gnl|TC-DB|Q1D0D2|1.A.30.2.7	39.7	131	67	4	18	146	14	134	4.5e-18	87.4
BCW-200044_02902	gnl|TC-DB|P0A855|2.C.1.2.1	51.1	427	195	7	12	426	4	428	3.0e-30	129.4
BCW-200044_02903	gnl|TC-DB|C6EJJ6|2.C.1.2.1	38.1	168	101	2	17	181	6	173	6.0e-23	104.0
BCW-200044_02913	gnl|TC-DB|C9VRY8|2.A.86.1.5	29.4	350	232	3	10	353	48	388	1.7e-35	146.7
BCW-200044_02919	gnl|TC-DB|P51973|3.A.11.2.1	27.7	683	409	24	133	798	65	679	6.2e-45	179.1
BCW-200044_02920	gnl|TC-DB|P75957|3.A.1.125.1	52.3	222	105	1	1	222	1	221	4.3e-60	227.6
BCW-200044_02921	gnl|TC-DB|P75958|3.A.1.125.1	38.6	412	248	3	1	408	1	411	7.0e-69	257.7
BCW-200044_02940	gnl|TC-DB|P0AAE0|2.A.3.1.7	60.5	458	176	1	8	465	12	464	3.4e-152	534.6
BCW-200044_02949	gnl|TC-DB|Q66DP5|5.B.1.3.1	29.2	318	210	6	25	338	22	328	1.3e-39	160.2
BCW-200044_02951	gnl|TC-DB|F0QEP2|9.B.153.4.2	81.0	315	60	0	1	315	1	315	5.6e-159	556.6
BCW-200044_02959	gnl|TC-DB|D5ERW9|9.B.186.1.3	43.6	101	56	1	151	250	107	207	6.8e-14	74.3
BCW-200044_02961	gnl|TC-DB|Q5ZYB4|3.A.7.9.1	21.5	447	304	16	122	558	25	434	5.2e-14	77.0
BCW-200044_02964	gnl|TC-DB|Q9KN55|3.A.23.1.1	26.1	620	397	18	8	602	6	589	2.1e-45	180.3
BCW-200044_02967	gnl|TC-DB|Q6EE20|3.A.23.2.1	61.6	471	180	1	19	489	21	490	1.9e-177	618.6
BCW-200044_02968	gnl|TC-DB|Q6EE21|3.A.23.2.1	52.8	123	58	0	5	127	4	126	2.5e-33	138.3
BCW-200044_02970	gnl|TC-DB|Q6EE14|3.A.23.2.1	52.3	852	391	6	2	848	3	844	1.1e-233	806.2
BCW-200044_02971	gnl|TC-DB|A8YQR7|3.A.23.2.1	28.4	363	239	4	3	359	4	351	9.1e-36	147.5
BCW-200044_02972	gnl|TC-DB|Q9KN51|3.A.23.1.1	25.8	457	319	8	1	452	1	442	2.1e-42	169.9
BCW-200044_03009	gnl|TC-DB|P0AG38|2.A.76.1.2	26.2	210	139	5	9	211	5	205	1.4e-15	79.7
BCW-200044_03022	gnl|TC-DB|A3M7T5|2.A.66.1.30	82.1	435	78	0	1	435	1	435	1.7e-193	671.8
BCW-200044_03025	gnl|TC-DB|P11461|1.B.14.1.11	36.8	704	418	12	32	717	32	726	9.9e-119	424.1
BCW-200044_03031	gnl|TC-DB|P69451|4.C.1.1.4	24.9	535	357	15	36	538	28	549	5.4e-37	152.1
BCW-200044_03043	gnl|TC-DB|P42308|2.A.11.1.2	55.4	442	175	4	1	439	1	423	5.3e-131	464.2
BCW-200044_03049	gnl|TC-DB|P0A754|2.A.37.1.1	38.7	163	98	1	5	167	4	164	3.6e-27	117.9
BCW-200044_03050	gnl|TC-DB|P80874|8.A.5.1.4	32.6	319	198	8	1	311	1	310	3.4e-34	142.1
BCW-200044_03059	gnl|TC-DB|488190045|1.C.75.1.4	28.4	1819	1041	49	1	1778	1	1599	6.5e-150	529.3
BCW-200044_03060	gnl|TC-DB|Q9JY22|1.B.20.1.5	34.3	577	330	16	30	582	29	580	7.1e-75	278.1
BCW-200044_03071	gnl|TC-DB|P64592|9.B.124.1.1	43.2	118	59	3	129	242	1	114	1.1e-18	90.1
BCW-200044_03081	gnl|TC-DB|P42308|2.A.11.1.2	51.1	427	202	2	1	423	1	424	1.4e-117	419.5
BCW-200044_03085	gnl|TC-DB|P70786|2.A.1.14.3	46.0	409	220	1	21	428	25	433	5.7e-101	364.4
BCW-200044_03086	gnl|TC-DB|Q12GH4|1.B.70.1.8	26.1	452	272	12	36	432	30	474	3.2e-32	136.0
BCW-200044_03092	gnl|TC-DB|P23894|9.B.1.1.6	49.3	300	135	6	1	296	1	287	4.3e-68	254.6
BCW-200044_03094	gnl|TC-DB|Q5SMG8|1.A.26.1.2	42.2	346	198	1	100	445	104	447	2.5e-67	252.7
BCW-200044_03095	gnl|TC-DB|Q8GKU1|2.A.6.2.4	57.2	1028	430	3	1	1022	1	1024	0.0e+00	1092.8
BCW-200044_03100	gnl|TC-DB|P46349|2.A.3.1.5	50.0	452	218	3	4	453	2	447	9.2e-121	430.3
BCW-200044_03101	gnl|TC-DB|P31125|2.A.7.3.2	40.8	292	164	3	1	285	1	290	4.8e-51	198.0
BCW-200044_03114	gnl|TC-DB|H0KI06|9.B.124.1.3	50.0	108	53	1	86	193	2	108	3.5e-26	114.8
BCW-200044_03126	gnl|TC-DB|P25694|3.A.16.1.2	37.0	311	175	4	134	440	461	754	7.5e-54	208.4
BCW-200044_03172	gnl|TC-DB|D4E385|1.E.2.1.11	42.9	70	36	2	12	78	163	231	6.4e-11	62.8
BCW-200044_03198	gnl|TC-DB|Q53148|2.A.3.5.1	64.0	456	155	4	15	466	28	478	1.9e-150	528.9
BCW-200044_03201	gnl|TC-DB|Q6MLK6|1.A.46.2.5	35.8	299	180	3	1	292	7	300	3.5e-49	191.8
BCW-200044_03203	gnl|TC-DB|A7NLS2|3.A.1.17.7	25.0	296	195	9	46	322	61	348	8.2e-12	67.8
BCW-200044_03204	gnl|TC-DB|Q55107|3.A.1.16.3	40.8	223	126	2	25	241	1	223	4.7e-40	161.4
BCW-200044_03205	gnl|TC-DB|A7NLS3|3.A.1.17.7	33.7	246	152	4	17	255	30	271	6.4e-23	104.4
BCW-200044_03221	gnl|TC-DB|P0ADV1|1.B.42.1.2	32.6	144	95	2	30	172	25	167	2.3e-16	82.0
BCW-200044_03222	gnl|TC-DB|P0A9V1|1.B.42.1.2	65.8	237	81	0	10	246	3	239	9.1e-88	319.7
BCW-200044_03223	gnl|TC-DB|Q9I2M2|3.A.1.109.4	22.8	377	275	5	91	464	35	398	1.9e-15	80.5
BCW-200044_03224	gnl|TC-DB|Q9I2M1|3.A.1.109.4	39.3	690	415	3	10	699	21	706	4.7e-137	485.0
BCW-200044_03225	gnl|TC-DB|Q9I2M0|3.A.1.109.4	41.0	366	213	3	27	390	29	393	1.7e-72	269.6
BCW-200044_03239	gnl|TC-DB|P42061|3.A.1.5.20	26.9	301	201	8	85	371	75	370	4.1e-21	99.4
BCW-200044_03240	gnl|TC-DB|P75798|3.A.1.5.11	33.7	312	198	2	27	338	2	304	8.0e-43	171.0
BCW-200044_03241	gnl|TC-DB|Q92NE9|3.A.1.5.17	36.0	247	158	0	24	270	13	259	3.4e-38	155.2
BCW-200044_03242	gnl|TC-DB|Q97UG5|3.A.1.5.8	33.7	617	376	10	7	597	6	615	2.2e-95	346.3
BCW-200044_03245	gnl|TC-DB|Q9WYC3|3.A.1.135.5	30.8	522	344	6	88	606	57	564	3.4e-59	226.1
BCW-200044_03246	gnl|TC-DB|Q9WYC4|3.A.1.135.5	32.2	580	369	9	33	603	25	589	2.5e-78	289.7
BCW-200044_03247	gnl|TC-DB|G0LBU8|1.B.14.6.11	29.6	829	506	22	36	830	192	976	2.6e-70	263.5
BCW-200044_03250	gnl|TC-DB|Q9KN48|3.A.23.1.1	43.0	230	131	0	26	255	190	419	4.5e-48	188.3
BCW-200044_03251	gnl|TC-DB|P69423|2.A.64.1.1	47.4	228	120	0	18	245	12	239	8.9e-51	196.8
BCW-200044_03254	gnl|TC-DB|Q55107|3.A.1.16.3	50.0	230	111	3	6	231	5	234	7.1e-56	213.8
BCW-200044_03255	gnl|TC-DB|O85765|3.A.1.17.2	34.2	237	155	1	24	260	18	253	8.0e-34	140.6
BCW-200044_03256	gnl|TC-DB|P38044|3.A.1.16.1	26.4	246	165	5	40	272	34	276	4.8e-13	71.6
BCW-200044_03257	gnl|TC-DB|O85763|3.A.1.17.2	25.1	271	185	6	15	282	9	264	8.1e-13	71.2
BCW-200044_03260	gnl|TC-DB|Q1D0D3|1.A.30.2.7	34.0	215	137	2	6	215	22	236	2.1e-28	122.5
BCW-200044_03261	gnl|TC-DB|Q1D0D2|1.A.30.2.7	41.9	124	68	2	12	133	13	134	1.3e-19	92.4
BCW-200044_03262	gnl|TC-DB|P33950|3.A.1.5.27	24.7	446	282	15	87	487	71	507	2.0e-23	107.1
BCW-200044_03264	gnl|TC-DB|Q8EDM8|1.B.14.8.4	26.7	810	477	26	3	776	4	732	5.4e-54	209.1
BCW-200044_03270	gnl|TC-DB|P0A2G3|2.A.1.6.7	63.7	410	149	0	7	416	10	419	3.9e-150	527.7
BCW-200044_03286	gnl|TC-DB|Q9S269|2.A.3.15.5	28.5	473	326	4	7	468	27	498	1.5e-46	183.7
BCW-200044_03292	gnl|TC-DB|Q6FCB4|1.B.25.2.1	65.4	153	53	0	34	186	37	189	3.9e-54	207.6
BCW-200044_03293	gnl|TC-DB|P37643|2.A.1.6.10	37.4	423	257	5	12	428	19	439	3.2e-75	278.9
BCW-200044_03310	gnl|TC-DB|Q82VI7|1.B.14.1.10	21.9	798	534	25	28	785	51	799	8.7e-31	132.1
BCW-200044_03317	gnl|TC-DB|O85765|3.A.1.17.2	33.6	238	157	1	42	278	16	253	1.1e-32	137.9
BCW-200044_03318	gnl|TC-DB|Q55107|3.A.1.16.3	45.5	255	129	5	24	269	5	258	1.7e-55	212.6
BCW-200044_03320	gnl|TC-DB|Q1D0D3|1.A.30.2.7	34.4	215	136	2	6	215	22	236	4.2e-29	124.8
BCW-200044_03321	gnl|TC-DB|Q1D0D2|1.A.30.2.7	44.4	126	66	2	12	135	13	136	3.0e-21	97.8
BCW-200044_03325	gnl|TC-DB|Q9LAE4|1.B.14.8.1	27.8	723	439	23	52	740	27	700	1.2e-50	198.0
BCW-200044_03327	gnl|TC-DB|P63144|8.A.5.1.3	34.0	332	206	7	5	329	64	389	3.3e-45	178.7
BCW-200044_03328	gnl|TC-DB|Q9LAE4|1.B.14.8.1	25.2	778	447	21	86	825	46	726	1.2e-46	184.9
BCW-200044_03344	gnl|TC-DB|P94400|9.B.10.1.1	42.1	382	214	5	16	393	3	381	7.8e-81	297.4
BCW-200044_03348	gnl|TC-DB|A5W3Z9|9.B.153.4.3	55.8	285	124	1	8	292	6	288	5.6e-97	350.5
BCW-200044_03351	gnl|TC-DB|Q9KN48|3.A.23.1.1	48.9	231	113	2	14	241	196	424	5.3e-56	214.5
BCW-200044_03352	gnl|TC-DB|E7BBJ3|2.A.102.4.2	37.2	258	155	1	1	251	1	258	1.2e-34	143.3
BCW-200044_03358	gnl|TC-DB|M2X3K0|9.B.115.1.1	34.7	199	114	7	66	258	41	229	1.1e-11	67.0
BCW-200044_03367	gnl|TC-DB|P0A910|1.B.6.1.1	38.9	131	76	2	151	280	211	338	9.2e-20	94.0
BCW-200044_03375	gnl|TC-DB|Q9I5F5|2.A.21.2.3	71.6	496	140	1	1	496	1	495	4.9e-202	700.3
BCW-200044_03378	gnl|TC-DB|Q52000|2.A.1.6.3	55.5	431	188	4	1	430	1	428	2.2e-126	448.7
BCW-200044_03395	gnl|TC-DB|Q83XH1|3.A.1.121.4	29.7	518	349	9	1	507	1	514	9.3e-60	228.0
BCW-200044_03404	gnl|TC-DB|P25714|2.A.9.3.1	47.3	503	241	8	85	578	59	546	2.3e-121	432.6
BCW-200044_03406	gnl|TC-DB|P27303|8.A.1.1.1	31.2	295	191	4	40	332	41	325	5.6e-30	128.3
BCW-200044_03407	gnl|TC-DB|Q9KIH3|2.A.1.3.18	30.7	489	335	1	18	502	21	509	1.5e-68	256.9
BCW-200044_03417	gnl|TC-DB|P42601|2.A.109.1.7	54.1	320	142	2	1	316	1	319	1.0e-91	333.2
BCW-200044_03418	gnl|TC-DB|P94571|9.B.105.1.3	29.2	178	124	2	7	184	2	177	6.0e-18	87.4
BCW-200044_03420	gnl|TC-DB|C1D6W6|2.A.7.34.1	52.6	114	53	1	1	114	1	113	1.7e-28	121.7
BCW-200044_03426	gnl|TC-DB|P0A6Y8|1.A.33.1.2	69.7	650	181	3	1	646	1	638	3.5e-248	854.0
BCW-200044_03438	gnl|TC-DB|B7LEG0|1.A.34.1.2	34.5	255	133	5	55	275	123	377	1.5e-30	129.8
BCW-200044_03450	gnl|TC-DB|P0C560|3.A.1.7.2	59.4	256	96	3	54	302	4	258	1.5e-81	299.3
BCW-200044_03451	gnl|TC-DB|C3KCB6|3.A.1.7.3	28.0	225	157	2	227	448	62	284	8.9e-20	94.7
BCW-200044_03452	gnl|TC-DB|O51234|3.A.1.7.5	31.3	294	182	7	158	443	6	287	3.7e-26	115.9
BCW-200044_03472	gnl|TC-DB|B2UHN5|2.A.49.9.2	45.7	403	217	1	2	404	3	403	1.1e-103	373.2
BCW-200044_03474	gnl|TC-DB|P77529|2.A.23.1.8	72.7	462	125	1	1	461	1	462	1.0e-177	619.4
BCW-200044_03477	gnl|TC-DB|G3IME2|9.B.35.1.2	33.3	117	75	2	18	132	26	141	4.5e-17	84.0
BCW-200044_03490	gnl|TC-DB|Q9P6J2|2.A.89.3.8	46.5	226	121	0	8	233	11	236	3.1e-45	178.3
BCW-200044_03494	gnl|TC-DB|O31199|2.A.3.1.9	68.3	451	143	0	1	451	1	451	1.3e-183	639.0
BCW-200044_03499	gnl|TC-DB|P11461|1.B.14.1.11	23.5	698	450	24	158	808	66	726	9.9e-43	171.8
BCW-200044_03502	gnl|TC-DB|Q9I0V8|2.A.6.2.39	34.0	374	227	3	10	369	7	374	2.4e-52	203.0
BCW-200044_03503	gnl|TC-DB|P76399|2.A.6.2.12	46.1	1026	541	8	1	1023	1	1017	6.4e-236	813.9
BCW-200044_03504	gnl|TC-DB|Q9I0V6|2.A.6.2.39	58.1	1017	418	3	1	1010	1	1016	0.0e+00	1100.9
BCW-200044_03505	gnl|TC-DB|P76397|8.A.1.6.2	43.4	332	188	0	57	388	61	392	7.1e-74	274.2
BCW-200044_03527	gnl|TC-DB|D5APM1|2.A.21.7.5	75.8	558	133	2	19	575	22	578	7.4e-226	779.6
BCW-200044_03528	gnl|TC-DB|P0AF54|9.B.136.1.1	45.0	100	54	1	1	99	1	100	3.8e-16	80.5
BCW-200044_03541	gnl|TC-DB|P76242|2.A.1.17.3	51.1	380	185	1	13	391	13	392	5.1e-101	364.4
BCW-200044_03548	gnl|TC-DB|O34416|2.A.7.3.29	34.9	292	188	2	3	294	2	291	6.6e-48	187.6
BCW-200044_03555	gnl|TC-DB|Q47689|2.A.3.1.10	52.5	457	212	1	15	471	8	459	1.1e-137	486.5
BCW-200044_03561	gnl|TC-DB|Q8ZNJ8|3.A.1.5.24	49.8	526	255	5	12	528	4	529	3.6e-134	474.9
BCW-200044_03562	gnl|TC-DB|P33915|3.A.1.5.21	53.3	336	157	0	1	336	4	339	1.3e-100	362.8
BCW-200044_03563	gnl|TC-DB|Q7CQ74|3.A.1.5.24	54.4	364	154	2	1	352	1	364	4.4e-112	401.0
BCW-200044_03564	gnl|TC-DB|P33913|3.A.1.5.21	34.7	602	381	9	10	608	4	596	8.2e-98	354.4
BCW-200044_03614	gnl|TC-DB|M4VAL8|8.A.21.2.4	29.9	167	114	2	110	273	68	234	2.1e-11	66.2
BCW-200044_03654	gnl|TC-DB|Q55487|4.D.2.1.9	43.1	304	171	2	3	304	1	304	2.8e-73	271.9
BCW-200044_03656	gnl|TC-DB|V5BTU4|9.B.142.2.8	27.4	336	220	5	11	331	18	344	3.9e-30	129.4
BCW-200044_03663	gnl|TC-DB|P77223|3.D.6.1.4	47.4	114	44	4	9	116	36	139	4.9e-23	104.8
BCW-200044_03685	gnl|TC-DB|P37908|9.A.40.2.4	23.0	417	289	11	19	425	22	416	1.1e-27	120.9
