BCW-201878_00048	gnl|TC-DB|P22610|3.A.15.2.1	38.3	149	85	4	8	154	137	280	5.7e-19	90.5
BCW-201878_00070	gnl|TC-DB|P0AGA2|3.A.5.1.1	98.9	443	5	0	1	443	1	443	1.0e-243	838.6
BCW-201878_00079	gnl|TC-DB|P0A742|1.A.22.1.1	94.8	135	7	0	1	135	1	135	9.1e-66	245.7
BCW-201878_00080	gnl|TC-DB|P0AGI8|2.A.38.1.1	97.4	458	12	0	1	458	1	458	5.3e-251	862.8
BCW-201878_00084	gnl|TC-DB|Q8VRK4|3.A.11.1.3	36.7	283	149	5	87	362	70	329	1.1e-36	150.6
BCW-201878_00096	gnl|TC-DB|Q56725|2.A.33.1.2	51.5	379	182	2	16	393	5	382	1.2e-102	369.8
BCW-201878_00097	gnl|TC-DB|Q19NA9|1.E.53.1.7	63.5	52	19	0	1	52	20	71	7.6e-13	68.6
BCW-201878_00100	gnl|TC-DB|Q92N44|2.A.4.7.7	42.9	282	161	0	9	290	7	288	7.1e-58	220.7
BCW-201878_00103	gnl|TC-DB|L5DDD7|2.A.109.2.3	78.9	346	73	0	1	346	1	346	8.3e-167	582.8
BCW-201878_00133	gnl|TC-DB|Q46831|9.B.120.1.1	79.7	237	46	1	1	237	1	235	2.3e-96	348.2
BCW-201878_00137	gnl|TC-DB|Q8VS41|2.A.24.2.5	81.7	453	82	1	1	452	1	453	5.9e-210	726.5
BCW-201878_00145	gnl|TC-DB|P0AFF4|2.A.1.10.1	78.5	418	90	0	1	418	1	418	9.3e-186	646.0
BCW-201878_00155	gnl|TC-DB|P64564|9.A.4.1.2	85.1	188	28	0	1	188	1	188	5.4e-85	310.1
BCW-201878_00157	gnl|TC-DB|P24559|3.A.15.2.1	47.7	327	168	1	1	324	1	327	1.9e-77	285.8
BCW-201878_00164	gnl|TC-DB|P0AEP1|2.A.1.1.1	95.1	465	22	1	1	465	1	464	3.2e-251	863.6
BCW-201878_00168	gnl|TC-DB|O24779|1.B.25.1.3	60.1	424	167	2	1	422	2	425	5.2e-144	507.3
BCW-201878_00174	gnl|TC-DB|P0C0S1|1.A.23.2.1	84.8	282	43	0	1	282	1	282	4.0e-116	414.1
BCW-201878_00175	gnl|TC-DB|P11667|2.A.75.1.2	90.5	211	20	0	1	211	1	211	6.1e-109	389.8
BCW-201878_00190	gnl|TC-DB|Q86Z14|8.A.49.1.2	25.8	481	299	15	5	477	80	510	1.4e-36	150.6
BCW-201878_00202	gnl|TC-DB|P0A6W3|9.B.146.1.6	98.1	360	7	0	1	360	1	360	3.6e-202	700.3
BCW-201878_00204	gnl|TC-DB|P0ABG4|2.A.103.1.1	90.3	414	40	0	1	414	1	414	1.5e-212	734.9
BCW-201878_00213	gnl|TC-DB|P10408|3.A.5.1.1	91.1	900	80	0	1	900	1	900	0.0e+00	1600.5
BCW-201878_00219	gnl|TC-DB|P22609|3.A.15.2.1	29.6	334	228	2	64	391	41	373	2.4e-42	169.5
BCW-201878_00220	gnl|TC-DB|P22608|3.A.15.2.1	47.7	386	182	8	81	453	185	563	3.1e-89	325.5
BCW-201878_00224	gnl|TC-DB|P0AE14|9.B.125.1.1	81.0	284	54	0	1	284	1	284	1.9e-129	458.4
BCW-201878_00226	gnl|TC-DB|P31435|2.A.2.3.4	45.6	461	248	3	1	460	1	459	1.5e-120	429.5
BCW-201878_00227	gnl|TC-DB|P15993|2.A.3.1.3	94.1	456	27	0	1	456	2	457	1.3e-244	841.6
BCW-201878_00239	gnl|TC-DB|P0AA95|8.A.2.1.3	96.1	102	4	0	1	102	14	115	8.7e-53	202.2
BCW-201878_00240	gnl|TC-DB|P36649|1.B.76.1.8	82.4	522	86	1	14	535	1	516	5.2e-250	859.8
BCW-201878_00243	gnl|TC-DB|Q8F8H7|2.A.53.3.8	47.3	188	98	1	7	193	544	731	8.4e-53	203.4
BCW-201878_00244	gnl|TC-DB|P36879|3.A.1.105.17	93.8	308	19	0	1	308	1	308	2.2e-160	561.2
BCW-201878_00245	gnl|TC-DB|P0AFN6|3.A.1.105.17	92.2	256	20	0	1	256	1	256	4.0e-131	463.8
BCW-201878_00259	gnl|TC-DB|P06971|1.B.14.1.2	89.1	749	80	2	1	749	1	747	0.0e+00	1355.9
BCW-201878_00260	gnl|TC-DB|P07821|3.A.1.14.3	92.1	265	21	0	1	265	1	265	1.7e-140	495.0
BCW-201878_00261	gnl|TC-DB|P07822|3.A.1.14.3	74.8	290	73	0	7	296	7	296	1.6e-128	455.3
BCW-201878_00262	gnl|TC-DB|P06972|3.A.1.14.3	84.7	660	101	0	1	660	1	660	5.2e-308	1052.7
BCW-201878_00264	gnl|TC-DB|A8ALD3|2.A.49.5.5	83.5	462	76	0	1	462	1	462	3.8e-212	733.8
BCW-201878_00266	gnl|TC-DB|I7MT28|1.A.62.2.2	88.2	203	24	0	1	203	1	203	1.1e-97	352.4
BCW-201878_00267	gnl|TC-DB|Q8ZRP7|3.A.1.13.1	77.3	264	60	0	1	264	1	264	2.7e-114	407.9
BCW-201878_00284	gnl|TC-DB|P0A943|1.B.33.1.3	88.9	813	79	3	1	805	1	810	0.0e+00	1475.3
BCW-201878_00304	gnl|TC-DB|P28635|3.A.1.24.1	96.7	271	9	0	1	271	1	271	3.2e-147	517.3
BCW-201878_00305	gnl|TC-DB|P31547|3.A.1.24.1	97.2	217	6	0	1	217	1	217	1.7e-77	285.4
BCW-201878_00306	gnl|TC-DB|P30750|3.A.1.24.1	93.9	343	21	0	1	343	1	343	5.7e-181	629.8
BCW-201878_00311	gnl|TC-DB|P76269|2.A.1.3.17	36.8	456	281	5	11	464	7	457	1.4e-70	263.5
BCW-201878_00313	gnl|TC-DB|Q9HV74|2.A.21.9.1	28.6	224	140	6	267	480	761	974	2.4e-20	96.7
BCW-201878_00315	gnl|TC-DB|Q9ZHD2|1.B.17.3.4	82.5	342	60	0	1	342	1	342	1.6e-154	542.0
BCW-201878_00317	gnl|TC-DB|P77239|2.A.6.1.4	68.3	410	125	3	6	413	1	407	9.6e-159	556.2
BCW-201878_00318	gnl|TC-DB|Q9ZHC9|2.A.6.1.3	95.8	1045	44	0	1	1045	1	1045	0.0e+00	1949.1
BCW-201878_00324	gnl|TC-DB|Q8XG43|2.A.117.1.3	50.7	138	68	0	7	144	18	155	3.2e-32	134.4
BCW-201878_00333	gnl|TC-DB|P9WG63|5.A.1.2.9	31.3	434	249	8	4	395	119	545	2.3e-48	189.5
BCW-201878_00342	gnl|TC-DB|B2N0W4|1.A.46.2.6	80.3	304	60	0	1	304	18	321	1.3e-136	482.3
BCW-201878_00345	gnl|TC-DB|P0AAP1|9.B.34.1.2	33.1	163	109	0	153	315	199	361	1.1e-21	100.5
BCW-201878_00346	gnl|TC-DB|P76330|9.B.34.1.4	34.4	180	106	5	292	464	386	560	1.2e-19	94.4
BCW-201878_00364	gnl|TC-DB|P31122|2.A.1.2.15	84.8	396	60	0	1	396	1	396	5.9e-182	633.3
BCW-201878_00365	gnl|TC-DB|P0AEY1|2.A.95.1.1	89.1	221	24	0	1	221	1	221	3.7e-101	364.0
BCW-201878_00369	gnl|TC-DB|P31125|2.A.7.3.2	84.8	297	45	0	1	297	1	297	7.0e-135	476.5
BCW-201878_00370	gnl|TC-DB|P31126|2.A.1.2.55	68.7	390	121	1	1	390	1	389	1.3e-149	525.8
BCW-201878_00371	gnl|TC-DB|O05703|3.A.1.15.3	53.0	185	87	0	30	214	317	501	2.0e-51	198.7
BCW-201878_00372	gnl|TC-DB|Q9L3S2|3.A.1.4.4	47.4	215	111	2	14	227	4	217	1.0e-48	189.9
BCW-201878_00373	gnl|TC-DB|Q8NRV8|3.A.1.4.5	42.6	242	131	4	25	264	3	238	3.3e-43	171.8
BCW-201878_00374	gnl|TC-DB|Q9L3S4|3.A.1.4.4	42.8	311	175	2	45	353	30	339	6.1e-61	231.1
BCW-201878_00375	gnl|TC-DB|Q8NRW0|3.A.1.4.5	43.9	294	159	2	228	521	4	291	8.4e-59	224.6
BCW-201878_00376	gnl|TC-DB|Q8NRW1|3.A.1.4.5	45.9	377	188	6	27	403	49	409	3.6e-92	335.1
BCW-201878_00385	gnl|TC-DB|P76103|2.A.46.1.9	68.4	383	121	0	1	383	1	383	8.5e-141	496.5
BCW-201878_00389	gnl|TC-DB|P33950|3.A.1.5.27	51.7	538	247	2	5	530	9	545	5.3e-162	567.4
BCW-201878_00395	gnl|TC-DB|P09551|3.A.1.3.1	44.5	247	135	1	5	249	7	253	3.8e-57	218.0
BCW-201878_00406	gnl|TC-DB|P0ABK2|3.D.4.3.2	28.7	363	214	11	8	330	10	367	9.2e-35	144.1
BCW-201878_00421	gnl|TC-DB|P77549|2.A.1.46.6	47.8	366	191	0	29	394	23	388	4.2e-95	344.7
BCW-201878_00434	gnl|TC-DB|Q9I2M0|3.A.1.109.4	41.5	390	219	5	3	385	6	393	1.1e-76	283.5
BCW-201878_00435	gnl|TC-DB|Q9I2M1|3.A.1.109.4	42.1	707	402	6	5	710	17	717	1.1e-138	490.3
BCW-201878_00444	gnl|TC-DB|P0AG96|3.A.5.1.1	96.1	127	5	0	1	127	1	127	1.7e-58	221.5
BCW-201878_00447	gnl|TC-DB|Q9ZK21|1.C.82.1.1	50.7	223	110	0	3	225	4	226	6.4e-59	223.8
BCW-201878_00452	gnl|TC-DB|U5MLJ3|4.A.3.2.9	86.4	103	14	0	1	103	1	103	5.8e-44	172.9
BCW-201878_00453	gnl|TC-DB|U5MIE1|4.A.3.2.9	63.4	101	37	0	1	101	1	101	1.1e-26	115.5
BCW-201878_00454	gnl|TC-DB|P0AAP1|9.B.34.1.2	30.4	158	102	4	356	506	210	366	2.2e-11	67.0
BCW-201878_00458	gnl|TC-DB|Q8ID54|3.A.25.2.1	35.3	215	129	4	8	215	89	300	2.2e-25	112.5
BCW-201878_00472	gnl|TC-DB|P09551|3.A.1.3.1	51.9	260	124	1	3	261	1	260	1.4e-75	279.3
BCW-201878_00495	gnl|TC-DB|P75683|2.A.2.3.5	98.5	460	7	0	1	460	1	460	2.0e-258	887.5
BCW-201878_00502	gnl|TC-DB|Q11G42|2.A.118.1.2	57.4	458	194	1	3	459	12	469	2.7e-138	488.4
BCW-201878_00508	gnl|TC-DB|P36640|3.A.3.4.1	84.0	902	144	0	1	902	1	902	0.0e+00	1496.9
BCW-201878_00510	gnl|TC-DB|P36672|4.A.1.2.4	88.3	472	55	0	1	472	2	473	1.9e-240	827.8
BCW-201878_00511	gnl|TC-DB|Q07837|8.A.9.1.2	30.3	515	291	10	7	496	117	588	1.0e-70	264.2
BCW-201878_00532	gnl|TC-DB|M3JA40|1.B.52.2.1	51.8	83	37	1	331	410	257	339	4.8e-14	75.9
BCW-201878_00533	gnl|TC-DB|P37772|3.A.1.2.25	96.9	327	10	0	1	327	1	327	1.8e-171	598.2
BCW-201878_00534	gnl|TC-DB|P39328|3.A.1.2.25	86.2	340	47	0	1	340	2	341	5.1e-158	553.5
BCW-201878_00535	gnl|TC-DB|Q6BEX0|3.A.1.2.25	93.8	500	31	0	1	500	1	500	3.4e-267	916.8
BCW-201878_00536	gnl|TC-DB|P39325|3.A.1.2.25	95.0	318	16	0	1	318	1	318	2.7e-169	590.9
BCW-201878_00542	gnl|TC-DB|P39321|9.B.22.1.2	85.5	1259	182	1	1	1258	1	1259	0.0e+00	2178.7
BCW-201878_00543	gnl|TC-DB|P0ADE4|1.B.33.2.4	85.4	577	84	0	1	577	1	577	2.2e-302	1033.9
BCW-201878_00545	gnl|TC-DB|Q0PBV6|9.A.40.2.2	23.0	427	323	4	5	428	26	449	1.7e-36	150.2
BCW-201878_00555	gnl|TC-DB|P39314|2.A.7.3.19	82.8	320	55	0	1	320	1	320	3.6e-153	537.3
BCW-201878_00558	gnl|TC-DB|P0AAE0|2.A.3.1.7	94.5	469	26	0	1	469	1	469	5.1e-249	856.3
BCW-201878_00569	gnl|TC-DB|M3JA40|1.B.52.2.1	31.9	163	100	4	482	635	287	447	6.5e-13	72.4
BCW-201878_00571	gnl|TC-DB|P0C0L7|2.A.1.6.4	35.3	422	255	6	7	415	24	440	3.6e-68	255.4
BCW-201878_00592	gnl|TC-DB|P39285|1.A.23.1.3	87.7	1107	136	0	1	1107	1	1107	0.0e+00	1763.0
BCW-201878_00594	gnl|TC-DB|F9VN10|3.D.10.1.4	40.3	586	325	8	1	581	1	566	5.9e-109	391.3
BCW-201878_00595	gnl|TC-DB|P17596|3.D.10.1.3	28.0	218	152	5	7	219	5	222	2.4e-24	109.0
BCW-201878_00601	gnl|TC-DB|D5CES3|2.A.7.1.10	96.2	105	4	0	1	105	1	105	4.3e-47	183.3
BCW-201878_00603	gnl|TC-DB|P0ADB7|9.B.13.1.1	91.7	48	4	0	1	48	1	48	1.0e-16	81.3
BCW-201878_00610	gnl|TC-DB|P39277|2.A.3.13.1	83.1	409	69	0	1	409	1	409	4.3e-191	663.7
BCW-201878_00613	gnl|TC-DB|P0ABN5|2.A.13.1.1	62.4	434	161	2	1	433	1	433	9.1e-144	506.5
BCW-201878_00615	gnl|TC-DB|P36655|5.A.1.1.1	84.4	565	86	2	1	563	1	565	5.5e-274	939.5
BCW-201878_00628	gnl|TC-DB|P02920|2.A.1.5.1	99.3	417	3	0	1	417	1	417	4.0e-221	763.5
BCW-201878_00638	gnl|TC-DB|P0AGM2|1.A.62.2.3	89.3	205	22	0	1	205	1	205	8.5e-100	359.4
BCW-201878_00645	gnl|TC-DB|P0AER8|2.A.27.1.1	91.2	400	35	0	1	400	1	400	2.0e-198	688.0
BCW-201878_00646	gnl|TC-DB|P0AGM9|2.A.40.4.2	94.4	462	26	0	1	462	1	462	7.3e-240	825.9
BCW-201878_00649	gnl|TC-DB|P31435|2.A.2.3.4	86.4	462	59	1	2	463	3	460	6.0e-234	806.2
BCW-201878_00676	gnl|TC-DB|P94488|2.A.2.3.2	28.4	426	296	6	26	444	28	451	2.2e-39	159.8
BCW-201878_00679	gnl|TC-DB|Q9X4X4|2.A.1.30.1	37.4	508	312	3	17	520	17	522	7.5e-87	317.8
BCW-201878_00701	gnl|TC-DB|P46482|8.A.1.7.1	25.8	325	186	9	9	326	7	283	2.3e-15	79.7
BCW-201878_00711	gnl|TC-DB|P75905|4.D.1.1.3	66.7	441	146	1	1	441	1	440	6.4e-177	616.7
BCW-201878_00713	gnl|TC-DB|P69434|1.B.55.1.1	44.7	807	423	10	20	820	18	807	9.3e-198	686.8
BCW-201878_00720	gnl|TC-DB|P45094|3.A.1.5.27	76.7	326	75	1	3	327	2	327	6.0e-143	503.4
BCW-201878_00721	gnl|TC-DB|P45095|3.A.1.5.27	76.0	325	77	1	1	325	1	324	4.2e-141	497.3
BCW-201878_00722	gnl|TC-DB|W0WMS8|3.A.1.5.39	53.4	283	132	0	17	299	18	300	1.4e-82	302.8
BCW-201878_00723	gnl|TC-DB|W0WN20|3.A.1.5.39	65.8	339	113	1	1	339	1	336	2.6e-125	444.9
BCW-201878_00724	gnl|TC-DB|P33950|3.A.1.5.27	55.3	517	230	1	19	535	30	545	4.9e-171	597.4
BCW-201878_00727	gnl|TC-DB|P37662|2.A.1.11.3	90.3	350	34	0	1	350	1	350	1.6e-171	598.6
BCW-201878_00731	gnl|TC-DB|P20099|5.A.3.4.3	82.3	774	137	0	2	775	4	777	0.0e+00	1375.5
BCW-201878_00732	gnl|TC-DB|P37665|9.B.186.1.1	92.2	219	17	0	1	219	1	219	1.7e-82	302.0
BCW-201878_00736	gnl|TC-DB|Q9RPP3|2.A.1.14.8	28.0	422	286	8	14	423	33	448	3.8e-41	165.6
BCW-201878_00741	gnl|TC-DB|Q53712|3.A.1.120.3	30.9	528	286	14	40	522	63	556	1.1e-42	171.0
BCW-201878_00745	gnl|TC-DB|P37669|9.B.97.1.1	81.3	331	62	0	1	331	1	331	1.4e-157	552.0
BCW-201878_00750	gnl|TC-DB|P37387|3.A.1.2.4	90.0	330	33	0	1	330	1	330	1.2e-167	585.5
BCW-201878_00751	gnl|TC-DB|P37388|3.A.1.2.4	88.9	513	57	0	1	513	1	513	1.9e-265	911.0
BCW-201878_00752	gnl|TC-DB|P0AGI4|3.A.1.2.4	91.6	393	33	0	1	393	1	393	2.5e-185	644.4
BCW-201878_00757	gnl|TC-DB|P0AAK3|3.D.1.9.2	40.6	170	67	3	1	138	1	168	1.2e-31	132.5
BCW-201878_00758	gnl|TC-DB|P37681|9.B.99.1.1	56.1	246	108	0	1	246	1	246	2.8e-81	298.1
BCW-201878_00765	gnl|TC-DB|P37683|8.A.1.1.4	78.6	378	81	0	1	378	1	378	6.3e-165	576.6
BCW-201878_00766	gnl|TC-DB|P32108|9.B.32.1.1	73.6	110	27	1	1	108	1	110	1.9e-43	171.4
BCW-201878_00767	gnl|TC-DB|P00550|4.A.2.1.2	92.9	633	45	0	1	633	1	633	0.0e+00	1132.9
BCW-201878_00779	gnl|TC-DB|P33129|1.B.11.3.3	26.5	800	510	21	12	742	22	812	5.4e-62	235.7
BCW-201878_00782	gnl|TC-DB|P33231|2.A.14.1.1	91.5	551	47	0	1	551	1	551	8.8e-285	975.3
BCW-201878_00785	gnl|TC-DB|Q51955|2.A.1.15.1	44.7	434	240	0	7	440	12	445	4.1e-107	384.8
BCW-201878_00793	gnl|TC-DB|B7LEG0|1.A.34.1.2	39.5	119	67	3	308	425	262	376	2.2e-17	86.7
BCW-201878_00795	gnl|TC-DB|B8F5K7|4.D.1.3.2	25.2	254	178	6	4	250	4	252	1.7e-20	96.3
BCW-201878_00810	gnl|TC-DB|P75905|4.D.1.1.3	37.4	91	56	1	6	95	75	165	3.1e-11	65.9
BCW-201878_00812	gnl|TC-DB|B8F5K7|4.D.1.3.2	51.2	244	117	2	5	246	4	247	3.8e-65	244.6
BCW-201878_00841	gnl|TC-DB|O00571|1.I.1.1.3	35.7	364	220	4	9	358	180	543	3.5e-55	212.2
BCW-201878_00843	gnl|TC-DB|P40290|3.A.6.1.1	28.6	252	158	5	157	396	148	389	2.0e-15	80.1
BCW-201878_00844	gnl|TC-DB|P0AC78|9.B.146.1.7	81.7	367	67	0	1	367	1	367	2.5e-166	581.3
BCW-201878_00850	gnl|TC-DB|P0AAA7|2.A.66.2.3	86.8	416	55	0	1	416	1	416	2.8e-198	687.6
BCW-201878_00852	gnl|TC-DB|B6I4D1|9.B.128.1.1	89.2	446	48	0	1	446	1	446	1.9e-224	774.6
BCW-201878_00854	gnl|TC-DB|P27837|2.A.3.1.15	92.4	461	35	0	1	461	1	461	4.2e-240	826.6
BCW-201878_00865	gnl|TC-DB|P27838|9.B.21.2.1	87.7	106	13	0	1	106	1	106	1.3e-54	208.4
BCW-201878_00872	gnl|TC-DB|P0A2R8|1.A.35.1.2	98.7	316	4	0	1	316	1	316	3.3e-175	610.5
BCW-201878_00873	gnl|TC-DB|P27844|2.A.7.7.2	90.2	296	29	0	1	296	1	296	1.2e-150	528.9
BCW-201878_00876	gnl|TC-DB|Q5EAK4|2.A.16.2.2	26.4	424	259	13	52	447	1378	1776	5.6e-25	112.5
BCW-201878_00877	gnl|TC-DB|P0AG38|2.A.76.1.2	85.9	206	29	0	1	206	1	206	4.4e-96	347.1
BCW-201878_00878	gnl|TC-DB|P0AG34|2.A.76.1.1	89.3	206	22	0	1	206	1	206	5.0e-100	360.1
BCW-201878_00881	gnl|TC-DB|P0ADP5|2.A.7.3.61	81.9	299	54	0	1	299	1	299	3.5e-142	500.7
BCW-201878_00890	gnl|TC-DB|P69428|2.A.64.1.1	96.0	50	2	0	1	50	1	50	1.8e-19	91.3
BCW-201878_00891	gnl|TC-DB|P69425|2.A.64.1.1	85.2	135	20	0	1	135	1	135	3.0e-56	214.5
BCW-201878_00892	gnl|TC-DB|P69423|2.A.64.1.1	90.4	240	23	0	1	240	1	240	3.2e-120	427.6
BCW-201878_00901	gnl|TC-DB|P0AFZ7|2.A.38.1.1	96.7	483	16	0	1	483	1	483	5.9e-269	922.5
BCW-201878_00914	gnl|TC-DB|Q9KN48|3.A.23.1.1	38.7	341	188	4	140	467	193	525	3.6e-53	205.7
BCW-201878_00915	gnl|TC-DB|Q9HV74|2.A.21.9.1	28.0	357	218	13	11	346	636	974	8.4e-23	104.4
BCW-201878_00918	gnl|TC-DB|Q93GK5|3.A.1.110.1	58.7	690	285	0	10	699	9	698	7.7e-241	829.7
BCW-201878_00919	gnl|TC-DB|Q93GK4|3.A.1.110.1	39.8	407	245	0	13	419	2	408	5.7e-82	301.2
BCW-201878_00923	gnl|TC-DB|P0A8K8|9.B.126.2.1	87.4	293	34	1	1	293	1	290	1.9e-129	458.4
BCW-201878_00930	gnl|TC-DB|P0AEK7|5.A.3.2.1	48.6	210	106	1	1	208	1	210	1.2e-56	216.1
BCW-201878_00931	gnl|TC-DB|P0AAJ3|5.A.3.2.1	77.2	294	67	0	1	294	1	294	2.0e-145	511.5
BCW-201878_00932	gnl|TC-DB|P24183|5.A.3.2.1	77.0	803	184	1	1	803	213	1014	0.0e+00	1341.3
BCW-201878_00933	gnl|TC-DB|P24183|5.A.3.2.1	82.1	195	35	0	1	195	1	195	1.8e-94	341.7
BCW-201878_00936	gnl|TC-DB|Q1D213|2.A.78.2.3	46.5	99	53	0	8	106	3	101	8.3e-14	72.8
BCW-201878_00937	gnl|TC-DB|Q1D212|2.A.78.2.3	38.1	231	114	3	13	214	14	244	9.3e-36	146.7
BCW-201878_00941	gnl|TC-DB|P96517|2.A.1.5.4	98.6	425	6	0	1	425	1	425	1.1e-226	781.9
BCW-201878_00949	gnl|TC-DB|P27125|2.A.7.6.1	90.4	344	33	0	1	344	1	344	3.2e-176	614.0
BCW-201878_00955	gnl|TC-DB|P69380|2.A.4.7.1	91.1	291	26	0	1	291	1	291	1.3e-149	525.4
BCW-201878_00957	gnl|TC-DB|P0AG78|3.A.1.6.1	92.4	329	25	0	1	329	1	329	6.6e-179	622.9
BCW-201878_00962	gnl|TC-DB|B7MI53|9.B.124.2.2	72.7	139	38	0	1	139	1	139	1.0e-56	215.7
BCW-201878_00966	gnl|TC-DB|P0AER0|1.A.8.1.1	90.0	281	28	0	1	281	1	281	3.4e-147	517.3
BCW-201878_00974	gnl|TC-DB|Q9ZKE4|3.A.11.3.1	31.9	536	336	11	198	730	108	617	1.4e-67	254.2
BCW-201878_00987	gnl|TC-DB|P32670|4.A.2.1.10	85.2	833	123	0	1	833	1	833	0.0e+00	1419.1
BCW-201878_00988	gnl|TC-DB|P32672|4.A.2.1.10	87.7	359	44	0	1	359	1	359	2.5e-171	597.8
BCW-201878_00989	gnl|TC-DB|P69816|4.A.2.1.10	93.4	106	7	0	1	106	1	106	1.0e-48	188.7
BCW-201878_00992	gnl|TC-DB|P32676|4.A.2.1.10	79.3	111	23	0	8	118	3	113	3.5e-45	177.2
BCW-201878_01000	gnl|TC-DB|P06129|1.B.14.3.1	77.8	616	134	2	1	615	1	614	3.2e-291	996.9
BCW-201878_01025	gnl|TC-DB|C6KT34|3.A.16.1.3	33.0	203	131	3	259	459	234	433	4.1e-24	109.8
BCW-201878_01028	gnl|TC-DB|Q9L3S4|3.A.1.4.4	42.6	317	170	2	27	341	30	336	5.0e-66	248.1
BCW-201878_01029	gnl|TC-DB|Q8NRV8|3.A.1.4.5	45.0	242	124	5	10	248	3	238	9.8e-50	193.4
BCW-201878_01030	gnl|TC-DB|Q92TN4|3.A.1.4.7	37.7	228	137	2	2	229	6	228	1.2e-41	166.4
BCW-201878_01043	gnl|TC-DB|D4ZZR3|9.B.34.1.3	37.9	174	96	4	316	484	226	392	1.4e-23	107.5
BCW-201878_01044	gnl|TC-DB|A6TAG3|1.E.43.1.1	96.3	82	3	0	1	82	1	82	7.5e-39	155.6
BCW-201878_01045	gnl|TC-DB|P76330|9.B.34.1.4	34.5	110	72	0	173	282	383	492	2.3e-12	69.7
BCW-201878_01050	gnl|TC-DB|P76242|2.A.1.17.3	78.1	392	86	0	1	392	1	392	6.5e-165	576.6
BCW-201878_01078	gnl|TC-DB|B6IAY2|1.E.43.1.3	42.6	129	72	2	1	128	15	142	3.6e-19	90.9
BCW-201878_01079	gnl|TC-DB|K7PKN9|1.E.56.1.3	93.5	93	6	0	1	93	1	93	2.3e-44	174.1
BCW-201878_01114	gnl|TC-DB|P0A908|9.B.99.1.2	73.0	248	67	0	1	248	1	248	6.9e-112	399.8
BCW-201878_01124	gnl|TC-DB|Q07711|3.A.7.7.1	30.4	621	393	17	3	612	4	596	1.6e-72	270.4
BCW-201878_01131	gnl|TC-DB|B7L6N0|3.A.1.19.4	61.2	209	77	1	1	205	1	209	2.5e-67	251.5
BCW-201878_01133	gnl|TC-DB|B7L6M9|3.A.1.19.4	58.9	209	86	0	17	225	2	210	1.0e-66	249.6
BCW-201878_01134	gnl|TC-DB|B7L6M8|3.A.1.19.4	75.2	387	94	2	4	388	1	387	1.4e-172	602.1
BCW-201878_01156	gnl|TC-DB|P0A937|1.B.33.1.3	90.1	111	11	0	1	111	1	111	1.1e-53	205.3
BCW-201878_01161	gnl|TC-DB|P37908|9.A.40.2.4	89.9	407	41	0	7	413	22	428	2.8e-203	704.1
BCW-201878_01162	gnl|TC-DB|P64432|9.B.14.3.6	89.6	260	27	0	26	285	1	260	6.1e-128	453.4
BCW-201878_01163	gnl|TC-DB|P0AGD7|3.A.5.1.1	92.9	453	32	0	1	453	1	453	4.5e-234	806.6
BCW-201878_01173	gnl|TC-DB|P77389|2.A.1.2.65	42.6	378	210	4	5	381	7	378	7.1e-71	264.2
BCW-201878_01183	gnl|TC-DB|P42064|3.A.1.5.20	50.5	315	153	2	12	323	4	318	1.4e-83	306.2
BCW-201878_01184	gnl|TC-DB|P42065|3.A.1.5.20	51.3	318	151	3	5	318	9	326	1.7e-87	319.3
BCW-201878_01185	gnl|TC-DB|P42061|3.A.1.5.20	26.1	471	288	14	61	491	79	529	1.4e-34	144.1
BCW-201878_01186	gnl|TC-DB|P75798|3.A.1.5.11	46.5	312	159	1	1	312	1	304	1.6e-68	256.1
BCW-201878_01187	gnl|TC-DB|P75799|3.A.1.5.11	45.0	269	147	1	22	289	32	300	2.8e-56	215.3
BCW-201878_01194	gnl|TC-DB|Q56586|3.D.5.1.1	60.4	447	176	1	1	447	1	446	4.2e-160	560.8
BCW-201878_01195	gnl|TC-DB|Q56587|3.D.5.1.1	75.4	411	100	1	1	410	1	411	1.2e-182	635.6
BCW-201878_01196	gnl|TC-DB|Q56582|3.D.5.1.1	56.8	257	107	2	6	262	4	256	2.8e-79	291.6
BCW-201878_01197	gnl|TC-DB|Q57095|3.D.5.1.1	76.4	203	48	0	8	210	5	207	5.9e-80	293.5
BCW-201878_01198	gnl|TC-DB|Q56589|3.D.5.1.1	82.3	198	35	0	1	198	1	198	2.2e-89	324.7
BCW-201878_01199	gnl|TC-DB|Q56584|3.D.5.1.1	78.6	407	87	0	1	407	1	407	4.2e-191	663.7
BCW-201878_01200	gnl|TC-DB|D0WX40|3.D.5.1.1	62.5	64	24	0	1	64	1	64	1.3e-17	84.7
BCW-201878_01206	gnl|TC-DB|P02932|1.B.1.1.2	86.3	351	47	1	1	350	1	351	2.2e-180	627.9
BCW-201878_01233	gnl|TC-DB|Q1LHU8|2.A.4.7.9	55.9	279	123	0	18	296	47	325	1.7e-85	312.4
BCW-201878_01235	gnl|TC-DB|P31675|2.A.1.20.1	86.7	392	52	0	1	392	1	392	3.2e-188	654.1
BCW-201878_01238	gnl|TC-DB|P31550|3.A.1.19.1	89.6	327	34	0	1	327	1	327	1.6e-172	601.7
BCW-201878_01239	gnl|TC-DB|P31549|3.A.1.19.1	82.6	536	93	0	1	536	1	536	6.6e-253	869.4
BCW-201878_01240	gnl|TC-DB|P31548|3.A.1.19.1	75.2	230	57	0	1	230	1	230	2.9e-96	347.8
BCW-201878_01250	gnl|TC-DB|P31554|1.B.42.1.2	82.8	784	134	1	1	783	1	784	0.0e+00	1378.2
BCW-201878_01257	gnl|TC-DB|P03819|2.A.37.1.1	86.2	621	85	1	1	621	1	620	3.3e-296	1013.4
BCW-201878_01258	gnl|TC-DB|P0A754|2.A.37.1.1	88.6	176	20	0	1	176	1	176	3.4e-97	350.5
BCW-201878_01265	gnl|TC-DB|B8I766|9.B.105.1.5	33.3	162	93	5	13	165	2	157	5.8e-14	73.9
BCW-201878_01270	gnl|TC-DB|P13738|2.A.33.1.1	76.0	384	92	0	1	384	1	384	1.6e-155	545.4
BCW-201878_01272	gnl|TC-DB|P0A6Y8|1.A.33.1.2	93.9	638	38	1	1	637	1	638	0.0e+00	1135.9
BCW-201878_01273	gnl|TC-DB|P0AC98|2.A.96.1.1	86.7	188	25	0	1	188	1	188	5.1e-91	330.1
BCW-201878_01274	gnl|TC-DB|Q5ZYB5|3.A.7.9.1	32.9	416	269	5	10	420	2	412	2.2e-52	203.0
BCW-201878_01277	gnl|TC-DB|P30143|2.A.25.1.10	70.0	476	143	0	1	476	1	476	4.3e-187	650.6
BCW-201878_01291	gnl|TC-DB|P43672|3.A.1.120.6	34.0	512	327	6	21	527	18	523	2.5e-77	286.2
BCW-201878_01294	gnl|TC-DB|P24518|4.B.1.1.1	93.7	410	26	0	1	410	1	410	3.1e-234	807.0
BCW-201878_01318	gnl|TC-DB|P76330|9.B.34.1.4	34.8	184	112	3	172	349	381	562	1.1e-22	104.0
BCW-201878_01320	gnl|TC-DB|Q9KSH4|4.A.3.2.6	52.5	425	198	1	8	432	7	427	3.2e-123	438.3
BCW-201878_01324	gnl|TC-DB|Q8FA71|2.A.79.2.1	87.2	250	32	0	8	257	27	276	8.7e-126	446.0
BCW-201878_01342	gnl|TC-DB|M3JA40|1.B.52.2.1	57.4	68	29	0	354	421	283	350	6.6e-14	75.5
BCW-201878_01350	gnl|TC-DB|Q9RPV1|2.A.1.14.9	71.8	425	113	2	15	432	25	449	3.3e-173	604.4
BCW-201878_01355	gnl|TC-DB|Q8ZJY5|2.A.114.1.10	92.1	717	56	1	1	717	1	716	0.0e+00	1309.7
BCW-201878_01357	gnl|TC-DB|P94400|9.B.10.1.1	27.6	377	193	13	1	308	1	366	1.1e-24	110.5
BCW-201878_01361	gnl|TC-DB|Q6MB85|3.A.7.16.1	26.2	806	510	16	2	779	10	758	2.6e-20	97.8
BCW-201878_01362	gnl|TC-DB|Q93NF2|3.A.7.11.1	38.6	145	87	1	18	160	30	174	1.2e-26	117.5
BCW-201878_01371	gnl|TC-DB|Q6MB91|3.A.7.16.1	40.3	300	168	7	35	329	1	294	3.8e-65	245.0
BCW-201878_01378	gnl|TC-DB|Q6MB93|3.A.7.16.1	34.8	201	119	4	10	206	9	201	1.5e-27	119.4
BCW-201878_01380	gnl|TC-DB|Q5EPB6|3.A.7.11.1	25.0	883	603	20	1	853	1	854	2.6e-57	220.3
BCW-201878_01388	gnl|TC-DB|Q5EPB9|3.A.7.11.1	26.2	423	258	12	40	409	14	435	4.9e-26	115.5
BCW-201878_01410	gnl|TC-DB|Q6MB84|3.A.7.16.1	30.8	572	362	11	6	568	5	551	1.7e-69	260.8
BCW-201878_01432	gnl|TC-DB|P11350|5.A.3.1.1	89.7	224	23	0	1	224	1	224	4.2e-116	413.7
BCW-201878_01434	gnl|TC-DB|P11349|5.A.3.1.1	92.8	511	36	1	1	510	1	511	2.1e-293	1003.8
BCW-201878_01435	gnl|TC-DB|P09152|5.A.3.1.1	93.6	1247	80	0	1	1247	1	1247	0.0e+00	2481.4
BCW-201878_01436	gnl|TC-DB|P10903|2.A.1.8.1	86.4	463	63	0	1	463	1	463	1.6e-234	808.1
BCW-201878_01439	gnl|TC-DB|P39165|1.B.54.1.9	63.8	453	164	0	11	463	11	463	9.1e-174	606.3
BCW-201878_01442	gnl|TC-DB|P38045|3.A.1.16.1	55.3	257	113	2	1	256	1	256	4.5e-77	284.3
BCW-201878_01443	gnl|TC-DB|Q7BW13|3.A.1.16.2	48.7	267	125	4	26	289	2	259	9.7e-65	243.4
BCW-201878_01444	gnl|TC-DB|Q44292|3.A.1.16.4	37.9	448	233	13	1	412	1	439	5.1e-75	278.1
BCW-201878_01451	gnl|TC-DB|P31801|2.A.19.1.1	91.5	366	31	0	1	366	1	366	1.2e-173	605.5
BCW-201878_01458	gnl|TC-DB|P61320|1.B.46.1.1	84.1	201	32	0	3	203	7	207	3.8e-100	360.5
BCW-201878_01461	gnl|TC-DB|P0AFR2|2.A.53.3.11	90.7	559	52	0	1	559	1	559	1.6e-254	874.8
BCW-201878_01478	gnl|TC-DB|P13036|1.B.14.1.20	98.3	774	13	0	1	774	1	774	0.0e+00	1556.2
BCW-201878_01479	gnl|TC-DB|P15028|3.A.1.14.1	95.3	300	14	0	1	300	1	300	7.0e-159	556.2
BCW-201878_01480	gnl|TC-DB|P15030|3.A.1.14.1	96.7	332	11	0	1	332	1	332	2.1e-172	601.3
BCW-201878_01481	gnl|TC-DB|P15029|3.A.1.14.1	91.5	318	27	0	1	318	1	318	9.6e-159	555.8
BCW-201878_01482	gnl|TC-DB|P15031|3.A.1.14.1	79.2	255	53	0	1	255	1	255	5.8e-114	406.8
BCW-201878_01489	gnl|TC-DB|P0AC02|1.B.33.1.3	94.3	245	14	0	1	245	1	245	1.7e-131	464.9
BCW-201878_01492	gnl|TC-DB|Q9FI56|3.A.9.1.2	45.5	865	388	15	12	856	106	907	4.8e-205	711.1
BCW-201878_01496	gnl|TC-DB|Q47455|9.B.62.1.1	100.0	309	0	0	1	309	1	309	4.3e-164	573.5
BCW-201878_01497	gnl|TC-DB|Q4KDN3|9.B.62.1.5	41.7	120	59	3	7	125	11	120	6.1e-16	80.1
BCW-201878_01498	gnl|TC-DB|Q47453|1.B.76.1.5	100.0	296	0	0	3	298	1	296	2.5e-164	574.3
BCW-201878_01499	gnl|TC-DB|Q4KCN4|9.B.62.1.5	63.2	600	184	1	6	605	11	573	4.7e-223	770.4
BCW-201878_01501	gnl|TC-DB|B7L5V2|1.A.34.1.3	98.8	245	3	0	1	245	1	245	2.2e-134	474.6
BCW-201878_01503	gnl|TC-DB|Q9ZHC7|3.A.3.5.4	94.6	816	41	2	1	815	11	824	0.0e+00	1443.3
BCW-201878_01505	gnl|TC-DB|Q9ZHC9|2.A.6.1.3	99.4	1048	6	0	1	1048	1	1048	0.0e+00	2011.9
BCW-201878_01506	gnl|TC-DB|P77239|2.A.6.1.4	67.3	407	130	2	6	412	1	404	3.2e-157	551.2
BCW-201878_01507	gnl|TC-DB|P77214|2.A.6.1.4	47.9	117	53	4	1	116	1	110	1.5e-21	98.6
BCW-201878_01508	gnl|TC-DB|Q9ZHD2|1.B.17.3.4	99.3	461	3	0	1	461	1	461	4.0e-254	873.2
BCW-201878_01510	gnl|TC-DB|Q9HV74|2.A.21.9.1	29.8	225	138	6	267	481	761	975	6.5e-21	98.6
BCW-201878_01523	gnl|TC-DB|P0ADL1|2.A.1.2.26	35.5	372	239	1	1	372	25	395	3.4e-62	235.3
BCW-201878_01525	gnl|TC-DB|657066955|9.B.143.3.6	31.2	221	148	3	25	241	12	232	1.6e-18	89.7
BCW-201878_01526	gnl|TC-DB|Q8ZPK1|3.A.1.12.14	86.3	234	31	1	1	233	1	234	1.2e-105	379.0
BCW-201878_01527	gnl|TC-DB|Q8ZPK2|3.A.1.12.14	82.8	290	50	0	10	299	11	300	4.0e-138	487.3
BCW-201878_01528	gnl|TC-DB|Q8ZPK3|3.A.1.12.14	91.6	215	18	0	1	215	1	215	3.9e-103	370.5
BCW-201878_01529	gnl|TC-DB|Q8ZPK4|3.A.1.12.14	90.3	382	37	0	1	382	1	382	1.2e-200	695.3
BCW-201878_01530	gnl|TC-DB|A8AGW0|2.A.49.5.4	78.9	417	86	2	13	428	1	416	4.4e-178	620.5
BCW-201878_01534	gnl|TC-DB|P43531|2.A.1.36.1	83.0	417	70	1	1	417	1	416	3.1e-189	657.5
BCW-201878_01539	gnl|TC-DB|P69210|2.A.7.1.9	87.2	109	14	0	1	109	1	109	2.8e-49	190.7
BCW-201878_01540	gnl|TC-DB|P69213|2.A.7.1.9	83.9	118	19	0	3	120	4	121	2.4e-46	181.0
BCW-201878_01541	gnl|TC-DB|P0AFS5|2.A.86.1.4	82.2	342	61	0	1	342	1	342	7.2e-144	506.5
BCW-201878_01548	gnl|TC-DB|Q9I6X6|2.A.6.2.27	37.7	337	204	2	41	375	28	360	2.8e-43	172.6
BCW-201878_01549	gnl|TC-DB|Q9I6X4|2.A.6.2.27	45.6	1000	543	1	9	1007	5	1004	1.0e-238	823.2
BCW-201878_01558	gnl|TC-DB|D7A5Z9|2.A.113.1.7	27.1	273	181	7	64	326	45	309	1.0e-17	87.4
BCW-201878_01559	gnl|TC-DB|P0C0L7|2.A.1.6.4	92.8	500	36	0	1	500	1	500	3.5e-264	906.7
BCW-201878_01560	gnl|TC-DB|P0A712|2.A.10.1.2	77.7	260	58	0	1	260	1	260	3.5e-111	397.9
BCW-201878_01565	gnl|TC-DB|P16677|3.A.1.9.1	87.0	262	34	0	1	262	1	262	1.2e-127	452.2
BCW-201878_01566	gnl|TC-DB|P16682|3.A.1.9.1	87.9	338	41	0	1	338	1	338	4.0e-171	597.0
BCW-201878_01567	gnl|TC-DB|P16683|3.A.1.9.1	93.1	259	18	0	1	259	1	259	2.2e-137	484.6
BCW-201878_01573	gnl|TC-DB|Q97VF5|3.A.1.5.9	36.9	255	151	3	4	248	45	299	1.8e-38	156.0
BCW-201878_01574	gnl|TC-DB|P37774|3.A.1.3.10	33.2	220	134	6	2	218	4	213	6.0e-22	100.9
BCW-201878_01580	gnl|TC-DB|Q9HV74|2.A.21.9.1	32.4	256	151	7	383	627	737	981	7.0e-22	102.4
BCW-201878_01581	gnl|TC-DB|G4FGN3|3.A.1.2.20	46.7	493	260	3	5	496	3	493	1.7e-128	456.1
BCW-201878_01582	gnl|TC-DB|A6VKS9|3.A.1.2.13	46.4	306	155	5	24	323	13	315	5.9e-58	221.1
BCW-201878_01583	gnl|TC-DB|Q9F9B2|3.A.1.2.7	32.8	296	172	11	3	276	1	291	3.7e-22	102.1
BCW-201878_01589	gnl|TC-DB|P07658|3.D.1.9.2	95.0	139	7	0	1	139	1	139	8.4e-75	275.8
BCW-201878_01590	gnl|TC-DB|P07658|3.D.1.9.2	94.1	558	33	0	1	558	157	714	0.0e+00	1084.7
BCW-201878_01594	gnl|TC-DB|P21345|2.A.23.1.1	95.2	437	21	0	1	437	1	437	8.1e-225	775.8
BCW-201878_01595	gnl|TC-DB|P31552|4.C.1.1.6	23.4	529	371	14	90	616	21	517	8.1e-27	118.6
BCW-201878_01596	gnl|TC-DB|P0AF54|9.B.136.1.1	76.9	104	24	0	1	104	1	104	2.0e-41	164.5
BCW-201878_01597	gnl|TC-DB|P32705|2.A.21.7.2	92.0	549	44	0	1	549	1	549	7.7e-281	962.2
BCW-201878_01598	gnl|TC-DB|P60643|2.A.122.1.3	29.7	195	137	0	35	229	39	233	1.2e-17	86.7
BCW-201878_01599	gnl|TC-DB|E7UC95|1.E.14.1.9	81.8	132	24	0	1	132	1	132	4.2e-55	210.3
BCW-201878_01601	gnl|TC-DB|P32703|2.A.36.3.1	94.3	546	31	0	1	546	1	546	5.3e-282	966.1
BCW-201878_01602	gnl|TC-DB|P0AF52|2.A.40.7.5	94.2	449	26	0	1	449	1	449	2.1e-223	771.2
BCW-201878_01632	gnl|TC-DB|P28303|2.A.66.1.4	84.2	438	69	0	1	438	19	456	8.1e-204	706.1
BCW-201878_01636	gnl|TC-DB|P0AC96|2.A.8.1.8	96.0	446	18	0	1	446	1	446	1.8e-235	811.2
BCW-201878_01645	gnl|TC-DB|P10907|3.A.1.1.3	91.0	356	32	0	1	356	1	356	9.4e-187	649.0
BCW-201878_01646	gnl|TC-DB|P10906|3.A.1.1.3	88.3	281	33	0	1	281	1	281	1.9e-134	474.9
BCW-201878_01647	gnl|TC-DB|P10905|3.A.1.1.3	91.9	295	24	0	1	295	1	295	1.9e-153	538.1
BCW-201878_01648	gnl|TC-DB|P0AG80|3.A.1.1.3	89.7	438	45	0	1	438	1	438	3.2e-237	817.0
BCW-201878_01649	gnl|TC-DB|P22731|3.A.1.4.1	93.2	237	16	0	1	237	1	237	4.9e-123	436.8
BCW-201878_01650	gnl|TC-DB|P0A9S7|3.A.1.4.1	94.5	255	14	0	1	255	1	255	2.9e-137	484.2
BCW-201878_01651	gnl|TC-DB|P22729|3.A.1.4.1	93.9	425	26	0	1	425	1	425	6.7e-208	719.5
BCW-201878_01652	gnl|TC-DB|P0AEX7|3.A.1.4.1	91.6	308	26	0	1	308	1	308	5.3e-146	513.5
BCW-201878_01653	gnl|TC-DB|P04816|3.A.1.4.1	92.7	369	27	0	1	369	1	369	5.3e-201	696.4
BCW-201878_01655	gnl|TC-DB|P0AD96|3.A.1.4.1	94.5	365	19	1	1	364	3	367	1.0e-196	682.2
BCW-201878_01658	gnl|TC-DB|P0AC31|3.A.1.140.1	90.6	352	32	1	1	351	1	352	6.6e-177	616.3
BCW-201878_01659	gnl|TC-DB|P0A9R7|3.A.1.140.1	95.0	222	11	0	1	222	1	222	3.1e-119	424.1
BCW-201878_01660	gnl|TC-DB|P10121|3.A.5.1.1	96.4	309	11	0	178	486	189	497	1.8e-164	575.5
BCW-201878_01665	gnl|TC-DB|P37617|3.A.3.6.2	78.4	732	149	6	1	723	1	732	2.4e-298	1020.8
BCW-201878_01669	gnl|TC-DB|P02943|1.B.3.1.1	76.7	450	87	5	1	436	1	446	5.8e-207	716.5
BCW-201878_01670	gnl|TC-DB|P68187|3.A.1.1.1	94.3	371	19	1	1	369	1	371	1.4e-198	688.3
BCW-201878_01671	gnl|TC-DB|P0AEX9|3.A.1.1.1	92.4	396	30	0	1	396	1	396	8.7e-218	752.3
BCW-201878_01672	gnl|TC-DB|P02916|3.A.1.1.1	89.9	514	52	0	1	514	1	514	8.3e-269	922.2
BCW-201878_01673	gnl|TC-DB|P68183|3.A.1.1.1	92.9	296	21	0	1	296	1	296	3.0e-154	540.8
BCW-201878_01676	gnl|TC-DB|D8EPC3|1.B.14.16.4	90.1	698	69	0	1	698	1	698	0.0e+00	1331.2
BCW-201878_01682	gnl|TC-DB|Q9K0A9|2.A.28.2.4	44.7	300	164	1	3	300	9	308	3.4e-63	238.4
BCW-201878_01686	gnl|TC-DB|P0AF43|2.A.58.2.1	87.7	543	67	0	1	543	1	543	4.1e-250	860.1
BCW-201878_01708	gnl|TC-DB|P23849|2.A.38.1.6	70.3	485	144	0	7	491	1	485	5.4e-201	696.8
BCW-201878_01709	gnl|TC-DB|P36649|1.B.76.1.8	31.3	515	290	9	3	459	1	509	2.3e-63	239.6
BCW-201878_01720	gnl|TC-DB|Q8GRB1|3.A.1.14.8	35.7	325	194	7	26	343	5	321	1.3e-36	150.2
BCW-201878_01721	gnl|TC-DB|Q9S213|3.A.1.14.22	39.1	317	188	4	9	324	30	342	2.3e-46	182.6
BCW-201878_01722	gnl|TC-DB|Q9RCF3|3.A.1.14.6	53.5	254	118	0	10	263	21	274	3.3e-75	278.1
BCW-201878_01723	gnl|TC-DB|Q21EL3|1.B.14.1.24	28.1	718	461	18	17	713	16	699	1.1e-58	224.6
BCW-201878_01729	gnl|TC-DB|P02930|1.B.17.1.1	84.8	495	70	2	1	492	1	493	5.4e-217	750.0
BCW-201878_01733	gnl|TC-DB|P0A8H3|2.A.5.5.1	89.9	257	26	0	1	257	1	257	6.5e-113	403.3
BCW-201878_01743	gnl|TC-DB|P60782|9.B.31.1.1	92.7	205	15	0	1	205	1	205	6.5e-108	386.3
BCW-201878_01744	gnl|TC-DB|Q46909|2.A.1.1.95	26.2	432	289	12	47	477	20	422	7.6e-22	101.7
BCW-201878_01752	gnl|TC-DB|Q98CY5|2.A.99.1.3	35.5	169	100	5	7	166	12	180	1.2e-12	69.7
BCW-201878_01770	gnl|TC-DB|P0AFC3|3.D.1.1.1	94.6	147	7	1	1	146	1	147	1.1e-72	268.9
BCW-201878_01771	gnl|TC-DB|P0AFC7|3.D.1.1.1	96.9	224	3	1	1	224	1	220	5.8e-126	446.4
BCW-201878_01772	gnl|TC-DB|P33599|3.D.1.1.1	95.8	596	25	0	5	600	1	596	0.0e+00	1200.7
BCW-201878_01773	gnl|TC-DB|P0AFD1|3.D.1.1.1	93.4	166	11	0	1	166	1	166	5.0e-90	326.6
BCW-201878_01774	gnl|TC-DB|P31979|3.D.1.1.1	94.8	445	23	0	1	445	1	445	9.4e-261	895.2
BCW-201878_01775	gnl|TC-DB|P33602|3.D.1.1.1	90.8	907	82	1	1	906	1	907	0.0e+00	1695.2
BCW-201878_01776	gnl|TC-DB|P0AFD4|3.D.1.1.1	95.0	323	16	0	1	323	1	323	5.2e-176	613.2
BCW-201878_01777	gnl|TC-DB|P0AFD6|3.D.1.1.1	98.3	180	3	0	1	180	1	180	4.1e-90	327.0
BCW-201878_01778	gnl|TC-DB|P0AFE0|3.D.1.1.1	95.7	184	8	0	1	184	1	184	1.8e-88	321.6
BCW-201878_01779	gnl|TC-DB|P0AFE4|3.D.1.1.1	97.0	100	3	0	1	100	1	100	4.5e-30	126.7
BCW-201878_01780	gnl|TC-DB|P33607|3.D.1.1.1	93.3	613	41	0	1	613	1	613	0.0e+00	1127.9
BCW-201878_01781	gnl|TC-DB|P0AFE8|3.D.1.1.1	93.3	509	34	0	1	509	1	509	6.9e-276	945.7
BCW-201878_01782	gnl|TC-DB|P0AFF0|3.D.1.1.1	92.4	485	37	0	1	485	1	485	9.9e-248	852.0
BCW-201878_01793	gnl|TC-DB|Q8XE01|1.B.68.1.1	76.7	180	41	1	1	179	8	187	2.9e-80	294.3
BCW-201878_01798	gnl|TC-DB|P08194|2.A.1.4.3	93.9	277	17	0	1	277	145	421	3.0e-157	550.8
BCW-201878_01808	gnl|TC-DB|D6QLX8|1.B.1.1.19	81.2	377	55	5	1	371	1	367	5.5e-174	606.7
BCW-201878_01812	gnl|TC-DB|P33941|3.A.1.113.3	90.5	547	52	0	20	566	1	547	2.1e-281	964.1
BCW-201878_01813	gnl|TC-DB|Q5SMG8|1.A.26.1.2	30.1	339	234	2	141	477	110	447	1.4e-41	167.2
BCW-201878_01814	gnl|TC-DB|Q1J2S8|2.A.53.3.13	50.5	370	180	2	44	413	23	389	3.2e-88	322.0
BCW-201878_01818	gnl|TC-DB|B2JBG5|2.A.1.59.2	52.3	377	180	0	11	387	20	396	1.8e-98	355.9
BCW-201878_01871	gnl|TC-DB|E6WEN0|1.E.2.1.7	63.9	108	39	0	1	108	1	108	3.2e-40	160.6
BCW-201878_01913	gnl|TC-DB|P76350|2.A.1.6.6	38.3	418	255	2	2	416	8	425	1.5e-80	296.6
BCW-201878_01915	gnl|TC-DB|P27303|8.A.1.1.1	32.0	322	195	7	47	359	47	353	4.8e-29	125.2
BCW-201878_01916	gnl|TC-DB|Q6V6X7|2.A.6.2.18	34.6	460	285	6	10	456	10	466	1.3e-55	213.8
BCW-201878_01928	gnl|TC-DB|G8WDN2|2.A.7.21.5	76.1	142	34	0	1	142	1	142	4.5e-55	210.3
BCW-201878_01929	gnl|TC-DB|G8WDN3|2.A.7.21.5	80.9	141	27	0	5	145	1	141	2.8e-55	211.1
BCW-201878_01954	gnl|TC-DB|Q9I6X5|2.A.6.2.27	27.6	351	243	5	13	358	9	353	1.1e-17	87.4
BCW-201878_01955	gnl|TC-DB|Q9HXW4|2.A.6.2.17	42.4	1023	581	3	6	1021	3	1024	1.1e-224	776.5
BCW-201878_01963	gnl|TC-DB|P17583|2.A.1.17.1	34.0	373	241	2	11	379	3	374	5.4e-47	184.9
BCW-201878_01965	gnl|TC-DB|A9QY47|9.B.50.1.4	79.2	312	65	0	1	312	1	312	9.8e-148	519.2
BCW-201878_01985	gnl|TC-DB|P0AAP1|9.B.34.1.2	29.0	255	152	10	122	365	130	366	2.0e-19	93.2
BCW-201878_01993	gnl|TC-DB|O53183|2.A.1.2.71	33.8	397	258	3	4	396	11	406	6.4e-51	198.0
BCW-201878_01994	gnl|TC-DB|P22037|9.B.20.1.1	73.4	218	58	0	1	218	7	224	2.5e-84	308.1
BCW-201878_01996	gnl|TC-DB|D4ZZR3|9.B.34.1.3	37.5	168	103	1	429	594	225	392	1.9e-23	107.8
BCW-201878_02003	gnl|TC-DB|P77228|2.A.1.6.9	84.6	415	63	1	29	442	1	415	1.7e-196	681.8
BCW-201878_02006	gnl|TC-DB|P76169|2.A.7.26.1	84.1	107	17	0	1	107	1	107	6.2e-49	189.5
BCW-201878_02011	gnl|TC-DB|P77374|5.A.3.3.1	86.1	812	109	1	1	812	1	808	0.0e+00	1468.0
BCW-201878_02013	gnl|TC-DB|P72770|2.A.53.4.1	31.6	513	347	3	11	522	7	516	7.7e-58	221.5
BCW-201878_02020	gnl|TC-DB|C5IZH1|2.A.6.2.47	96.3	1051	38	1	1	1051	1	1050	0.0e+00	1926.0
BCW-201878_02021	gnl|TC-DB|C5IZH0|2.A.6.2.47	90.0	391	39	0	1	391	1	391	6.0e-195	676.4
BCW-201878_02025	gnl|TC-DB|P25743|2.A.95.1.7	92.6	215	16	0	1	215	1	215	2.7e-104	374.4
BCW-201878_02026	gnl|TC-DB|P06202|3.A.1.5.1	91.0	543	49	0	1	543	1	543	3.3e-300	1026.5
BCW-201878_02027	gnl|TC-DB|P0AFH2|3.A.1.5.41	95.8	306	13	0	1	306	1	306	3.0e-149	524.2
BCW-201878_02028	gnl|TC-DB|P08006|3.A.1.5.1	96.7	302	10	0	1	302	1	302	7.3e-140	493.0
BCW-201878_02029	gnl|TC-DB|P76027|3.A.1.5.41	92.0	337	27	0	1	337	1	337	2.2e-177	617.8
BCW-201878_02030	gnl|TC-DB|P08007|3.A.1.5.1	95.8	334	14	0	1	334	1	334	3.2e-189	657.1
BCW-201878_02031	gnl|TC-DB|Q1D027|1.A.1.24.3	40.7	270	150	5	9	276	14	275	6.0e-40	161.0
BCW-201878_02034	gnl|TC-DB|P76249|2.A.76.1.5	74.4	211	52	2	1	210	1	210	3.1e-81	297.7
BCW-201878_02037	gnl|TC-DB|P02929|2.C.1.1.1	68.2	239	75	1	6	243	1	239	3.2e-53	204.9
BCW-201878_02042	gnl|TC-DB|P0A915|1.B.39.1.6	79.2	212	42	2	1	210	1	212	1.1e-97	352.4
BCW-201878_02045	gnl|TC-DB|P31064|9.B.102.1.1	87.4	396	50	0	1	396	1	396	1.5e-209	724.9
BCW-201878_02057	gnl|TC-DB|M4VAL8|8.A.21.2.4	29.5	166	114	2	136	298	74	239	1.3e-12	70.5
BCW-201878_02059	gnl|TC-DB|Q07711|3.A.7.7.1	24.8	640	408	22	80	674	77	688	3.6e-30	130.2
BCW-201878_02073	gnl|TC-DB|D4ZZR3|9.B.34.1.3	26.8	179	110	3	229	394	225	395	3.6e-14	76.6
BCW-201878_02077	gnl|TC-DB|W9BHF5|2.A.6.2.49	83.3	1024	171	0	1	1024	1	1024	0.0e+00	1616.3
BCW-201878_02078	gnl|TC-DB|W1HZL5|3.A.1.106.16	74.4	289	74	0	14	302	4	292	1.4e-114	409.1
BCW-201878_02083	gnl|TC-DB|P36638|3.A.1.5.5	93.3	268	18	0	1	268	1	268	4.5e-141	496.9
BCW-201878_02084	gnl|TC-DB|P36636|3.A.1.5.5	93.9	330	20	0	1	330	1	330	1.7e-187	651.4
BCW-201878_02085	gnl|TC-DB|P0AGH5|3.A.1.5.42	90.2	296	29	0	1	296	1	296	5.6e-153	536.6
BCW-201878_02086	gnl|TC-DB|P0A2J3|3.A.1.5.5	91.0	321	29	0	1	321	1	321	2.4e-165	577.8
BCW-201878_02087	gnl|TC-DB|P36634|3.A.1.5.5	89.1	549	57	2	1	546	1	549	1.2e-289	991.5
BCW-201878_02088	gnl|TC-DB|Q9KN48|3.A.23.1.1	41.9	227	131	1	8	234	193	418	8.1e-44	174.1
BCW-201878_02089	gnl|TC-DB|E8XKQ3|9.B.100.1.1	91.9	222	18	0	1	222	1	222	6.4e-101	363.2
BCW-201878_02094	gnl|TC-DB|P76042|3.A.1.1.46	75.8	425	103	0	5	429	5	429	5.8e-191	663.3
BCW-201878_02095	gnl|TC-DB|P0AFR7|3.A.1.1.46	93.2	293	20	0	1	293	1	293	9.5e-153	535.8
BCW-201878_02096	gnl|TC-DB|P77716|3.A.1.1.46	91.8	280	23	0	1	280	1	280	1.0e-140	495.7
BCW-201878_02102	gnl|TC-DB|P77481|3.A.1.1.46	84.4	360	56	0	1	360	1	360	8.6e-172	599.4
BCW-201878_02103	gnl|TC-DB|P76045|1.B.21.1.1	71.1	304	85	3	1	304	1	301	8.1e-131	463.0
BCW-201878_02107	gnl|TC-DB|Q9KN48|3.A.23.1.1	35.0	329	180	5	206	500	193	521	1.8e-42	170.2
BCW-201878_02112	gnl|TC-DB|P77348|3.A.1.5.1	90.0	538	53	1	1	538	1	537	1.6e-294	1007.7
BCW-201878_02115	gnl|TC-DB|D4ZZR3|9.B.34.1.3	38.3	167	97	2	247	407	227	393	1.9e-26	116.7
BCW-201878_02116	gnl|TC-DB|P76330|9.B.34.1.4	30.9	217	140	6	204	415	345	556	4.1e-16	83.2
BCW-201878_02117	gnl|TC-DB|M3JA40|1.B.52.2.1	31.6	177	79	3	198	339	287	456	7.0e-15	78.2
BCW-201878_02118	gnl|TC-DB|Q9EYX5|1.A.35.4.1	89.0	327	36	0	1	327	1	327	9.2e-173	602.4
BCW-201878_02119	gnl|TC-DB|P38919|3.A.18.1.1	34.6	332	214	3	15	344	50	380	1.5e-56	216.9
BCW-201878_02131	gnl|TC-DB|P77747|1.B.1.1.21	82.5	377	58	1	1	369	1	377	1.7e-183	638.3
BCW-201878_02136	gnl|TC-DB|P0ABK2|3.D.4.3.2	29.5	363	215	11	5	329	7	366	1.8e-30	129.8
BCW-201878_02140	gnl|TC-DB|P76108|3.A.1.11.9	89.8	381	39	0	1	381	1	381	2.0e-211	731.1
BCW-201878_02141	gnl|TC-DB|P77795|3.A.1.11.9	82.8	337	58	0	1	337	1	337	4.6e-159	557.0
BCW-201878_02142	gnl|TC-DB|P77156|3.A.1.11.9	88.9	314	34	1	1	314	1	313	7.5e-156	546.2
BCW-201878_02143	gnl|TC-DB|P0AFR9|3.A.1.11.9	90.1	262	26	0	1	262	1	262	1.5e-133	471.9
BCW-201878_02149	gnl|TC-DB|P33950|3.A.1.5.27	50.9	505	247	1	21	525	34	537	2.0e-148	522.3
BCW-201878_02151	gnl|TC-DB|P76111|2.A.7.21.2	85.9	149	21	0	1	149	1	149	5.5e-64	240.0
BCW-201878_02156	gnl|TC-DB|P76115|1.B.14.9.5	78.5	706	144	2	1	704	1	700	0.0e+00	1159.8
BCW-201878_02158	gnl|TC-DB|P40812|2.A.3.1.8	91.3	484	42	0	1	484	1	484	1.5e-254	874.8
BCW-201878_02161	gnl|TC-DB|M3JA40|1.B.52.2.1	31.2	189	113	2	338	509	270	458	4.2e-15	79.3
BCW-201878_02166	gnl|TC-DB|Q9F3K5|3.A.1.3.24	27.7	242	154	6	78	304	82	317	1.0e-16	84.0
BCW-201878_02168	gnl|TC-DB|Q9F3K6|3.A.1.3.24	40.9	276	156	3	5	280	21	289	1.4e-45	179.9
BCW-201878_02169	gnl|TC-DB|Q9F3K7|3.A.1.3.24	57.8	249	105	0	9	257	5	253	1.1e-80	296.2
BCW-201878_02170	gnl|TC-DB|P0AEM9|3.A.1.3.10	30.1	236	149	9	45	276	36	259	1.7e-16	83.2
BCW-201878_02176	gnl|TC-DB|O05256|2.A.24.2.3	58.2	414	173	0	24	437	30	443	5.7e-133	470.7
BCW-201878_02185	gnl|TC-DB|P37594|2.A.1.3.14	76.1	493	118	0	1	493	1	493	1.8e-183	638.6
BCW-201878_02186	gnl|TC-DB|P63183|2.A.72.1.1	41.3	629	354	5	6	627	2	622	1.7e-130	463.0
BCW-201878_02189	gnl|TC-DB|Q9L3M3|3.A.1.4.3	33.2	368	231	8	4	367	1	357	6.0e-46	181.4
BCW-201878_02190	gnl|TC-DB|Q8DQH7|3.A.1.4.10	50.2	233	115	1	4	235	3	235	1.1e-61	233.0
BCW-201878_02191	gnl|TC-DB|P0A9S7|3.A.1.4.1	46.2	249	133	1	3	250	5	253	7.7e-58	220.3
BCW-201878_02192	gnl|TC-DB|P21628|3.A.1.4.8	41.4	353	154	6	24	362	96	409	3.9e-55	211.8
BCW-201878_02193	gnl|TC-DB|P21627|3.A.1.4.8	43.8	306	158	4	5	309	8	300	1.2e-49	193.4
BCW-201878_02196	gnl|TC-DB|P07238|1.B.1.1.5	74.0	358	90	1	6	360	8	365	1.2e-149	525.8
BCW-201878_02197	gnl|TC-DB|P46136|2.A.7.17.2	74.3	292	75	0	17	308	1	292	1.7e-123	438.7
BCW-201878_02198	gnl|TC-DB|P24183|5.A.3.2.1	95.9	195	8	0	1	195	1	195	6.2e-108	386.3
BCW-201878_02199	gnl|TC-DB|P24183|5.A.3.2.1	90.7	803	75	0	1	803	213	1015	0.0e+00	1549.3
BCW-201878_02200	gnl|TC-DB|P0AAJ3|5.A.3.2.1	91.2	294	26	0	1	294	1	294	3.3e-169	590.5
BCW-201878_02201	gnl|TC-DB|P0AEK7|5.A.3.2.1	88.0	217	26	0	1	217	1	217	1.0e-111	399.1
BCW-201878_02207	gnl|TC-DB|P23910|2.A.1.2.14	71.8	383	108	0	1	383	1	383	1.1e-148	522.7
BCW-201878_02210	gnl|TC-DB|Q9F9T4|3.A.1.5.23	45.5	556	275	6	3	532	19	572	1.3e-120	429.9
BCW-201878_02211	gnl|TC-DB|W0WMS8|3.A.1.5.39	34.7	262	165	1	17	272	24	285	3.6e-40	161.8
BCW-201878_02212	gnl|TC-DB|O30543|3.A.1.5.4	30.8	308	207	2	5	312	5	306	7.6e-31	131.0
BCW-201878_02215	gnl|TC-DB|P39115|3.A.1.121.3	29.9	498	303	9	1	479	1	471	1.4e-51	200.7
BCW-201878_02225	gnl|TC-DB|P77622|3.A.1.5.38	76.9	308	71	0	1	308	1	308	1.2e-134	475.7
BCW-201878_02226	gnl|TC-DB|P77268|3.A.1.5.38	79.6	324	66	0	1	324	1	324	7.9e-148	519.6
BCW-201878_02227	gnl|TC-DB|P77463|3.A.1.5.38	76.4	297	70	0	1	297	1	297	2.6e-121	431.4
BCW-201878_02228	gnl|TC-DB|P77308|3.A.1.5.38	92.4	340	26	0	1	340	1	340	8.7e-182	632.5
BCW-201878_02229	gnl|TC-DB|P76128|3.A.1.5.38	86.0	507	67	1	8	510	10	516	8.5e-258	885.6
BCW-201878_02235	gnl|TC-DB|P22340|1.B.3.1.2	73.1	505	136	0	1	505	1	505	4.9e-205	710.3
BCW-201878_02236	gnl|TC-DB|P08470|4.A.1.2.1	94.5	456	25	0	1	456	1	456	3.4e-242	833.6
BCW-201878_02245	gnl|TC-DB|O33918|5.A.1.5.1	46.3	689	290	11	1	674	1	624	4.9e-160	561.2
BCW-201878_02273	gnl|TC-DB|B1HGV3|9.B.211.1.1	48.5	324	159	1	5	328	3	318	2.0e-79	292.4
BCW-201878_02276	gnl|TC-DB|Q8NRW0|3.A.1.4.5	44.1	295	159	2	13	307	3	291	9.3e-58	220.3
BCW-201878_02277	gnl|TC-DB|Q8NRW1|3.A.1.4.5	43.3	404	224	4	21	423	10	409	5.5e-93	337.8
BCW-201878_02305	gnl|TC-DB|P30130|1.B.11.3.9	47.8	858	424	8	11	852	28	877	5.6e-230	793.9
BCW-201878_02311	gnl|TC-DB|Q57071|4.A.1.1.13	45.6	509	245	5	9	497	4	500	1.3e-120	429.9
BCW-201878_02322	gnl|TC-DB|B5Y0L3|1.B.1.1.18	85.8	381	54	0	1	381	1	381	6.9e-204	706.1
BCW-201878_02323	gnl|TC-DB|P77504|3.A.1.122.15	84.5	802	124	0	1	802	1	802	0.0e+00	1309.7
BCW-201878_02327	gnl|TC-DB|P77307|3.A.1.139.2	84.1	258	41	0	1	258	1	258	5.9e-114	406.8
BCW-201878_02328	gnl|TC-DB|P77279|3.A.1.139.2	73.6	220	58	0	1	220	1	220	8.4e-93	336.3
BCW-201878_02330	gnl|TC-DB|P0AA53|8.A.21.2.2	93.4	302	20	0	1	302	1	302	2.1e-115	411.8
BCW-201878_02333	gnl|TC-DB|Q59385|3.A.3.5.5	88.4	834	95	2	1	832	1	834	0.0e+00	1379.0
BCW-201878_02337	gnl|TC-DB|P52067|2.A.1.35.1	91.9	405	29	1	1	401	1	405	1.6e-203	704.9
BCW-201878_02338	gnl|TC-DB|P39830|2.A.37.1.5	92.7	558	41	0	1	558	1	558	4.3e-279	956.4
BCW-201878_02350	gnl|TC-DB|P77338|1.A.23.1.1	77.3	1109	252	0	6	1114	9	1117	0.0e+00	1602.4
BCW-201878_02352	gnl|TC-DB|P0AE06|8.A.1.6.1	86.9	397	52	0	1	397	1	397	2.9e-189	657.5
BCW-201878_02353	gnl|TC-DB|P31224|2.A.6.2.2	92.3	1049	80	1	1	1048	1	1049	0.0e+00	1859.3
BCW-201878_02363	gnl|TC-DB|Q8XSC6|2.A.113.1.3	46.5	374	102	2	1	276	1	374	1.1e-81	299.7
BCW-201878_02366	gnl|TC-DB|C7NLF6|2.A.115.2.6	55.2	183	82	0	4	186	38	220	4.5e-53	204.1
BCW-201878_02373	gnl|TC-DB|P69681|1.A.11.1.1	90.2	429	41	1	1	429	1	428	6.2e-193	669.8
BCW-201878_02375	gnl|TC-DB|P0AAG5|3.A.1.106.13	88.5	593	68	0	1	593	1	593	4.0e-291	996.5
BCW-201878_02376	gnl|TC-DB|P77265|3.A.1.106.13	87.6	590	73	0	1	590	1	590	2.0e-298	1020.8
BCW-201878_02385	gnl|TC-DB|A1EMW4|3.A.11.2.3	37.3	126	54	1	1	126	3	103	5.4e-12	67.0
BCW-201878_02394	gnl|TC-DB|P0AE16|2.A.1.25.2	84.3	491	77	0	1	491	1	491	2.4e-233	804.3
BCW-201878_02395	gnl|TC-DB|P0ABJ1|3.D.4.5.1	95.6	315	14	0	1	315	1	315	1.8e-173	604.7
BCW-201878_02396	gnl|TC-DB|P0ABI8|3.D.4.5.1	89.6	663	69	0	1	663	1	663	0.0e+00	1225.7
BCW-201878_02397	gnl|TC-DB|P0ABJ3|3.D.4.5.1	88.7	204	23	0	1	204	1	204	6.3e-103	369.8
BCW-201878_02398	gnl|TC-DB|P0ABJ6|3.D.4.5.1	87.2	109	13	1	1	108	1	109	8.0e-49	189.1
BCW-201878_02400	gnl|TC-DB|P77726|2.A.1.2.60	84.1	452	72	0	1	452	1	452	7.4e-213	736.1
BCW-201878_02408	gnl|TC-DB|P77735|8.A.5.1.6	88.0	324	39	0	1	324	1	324	6.8e-168	586.3
BCW-201878_02415	gnl|TC-DB|P0A927|1.B.10.1.1	92.2	294	23	0	3	296	1	294	3.0e-170	594.0
BCW-201878_02418	gnl|TC-DB|P0AG93|2.A.6.4.1	89.2	323	35	0	1	323	1	323	2.2e-158	554.7
BCW-201878_02419	gnl|TC-DB|P0AG90|2.A.6.4.1	93.4	604	40	0	1	604	12	615	2.3e-313	1070.5
BCW-201878_02420	gnl|TC-DB|P0ADZ7|3.A.5.1.1	98.2	110	2	0	1	110	1	110	1.1e-53	205.3
BCW-201878_02427	gnl|TC-DB|Q05839|8.A.9.1.1	23.2	479	259	17	177	562	132	594	3.4e-19	93.2
BCW-201878_02428	gnl|TC-DB|P37460|2.A.3.1.6	94.7	456	24	0	1	456	1	456	5.5e-248	852.8
BCW-201878_02429	gnl|TC-DB|P0AD99|2.A.26.1.10	90.4	439	42	0	1	439	1	439	2.5e-221	764.2
BCW-201878_02442	gnl|TC-DB|P0AAP1|9.B.34.1.2	61.0	367	143	0	1	367	5	371	9.8e-131	463.0
BCW-201878_02446	gnl|TC-DB|P25744|2.A.1.2.20	61.3	393	151	1	3	395	11	402	1.0e-128	456.4
BCW-201878_02452	gnl|TC-DB|P0AFY6|9.A.18.1.1	89.9	406	41	0	1	406	1	406	2.1e-211	731.1
BCW-201878_02456	gnl|TC-DB|Q8X5H7|1.B.12.2.7	59.9	996	311	18	1	924	1	980	3.9e-301	1030.4
BCW-201878_02460	gnl|TC-DB|Q47539|3.A.1.17.1	77.5	275	62	0	1	275	1	275	2.2e-111	398.3
BCW-201878_02461	gnl|TC-DB|Q47538|3.A.1.17.1	89.4	255	27	0	1	255	1	255	4.9e-129	456.8
BCW-201878_02462	gnl|TC-DB|Q47537|3.A.1.17.1	90.0	320	32	0	1	320	1	320	1.1e-162	568.9
BCW-201878_02464	gnl|TC-DB|Q47689|2.A.3.1.10	93.1	467	31	1	1	466	1	467	8.6e-249	855.5
BCW-201878_02465	gnl|TC-DB|Q1DBZ0|2.A.86.2.2	27.6	341	237	6	12	348	14	348	2.2e-21	99.8
BCW-201878_02466	gnl|TC-DB|D4ZZR3|9.B.34.1.3	37.7	212	124	4	378	585	186	393	2.2e-31	133.7
BCW-201878_02469	gnl|TC-DB|A6XV56|1.B.17.3.6	41.9	465	265	3	5	467	22	483	1.6e-93	339.7
BCW-201878_02470	gnl|TC-DB|O51918|2.A.1.3.24	46.4	334	179	0	43	376	40	373	7.9e-75	277.3
BCW-201878_02471	gnl|TC-DB|O51919|2.A.1.3.24	53.6	506	234	1	7	512	6	510	1.3e-152	536.2
BCW-201878_02475	gnl|TC-DB|P0AAP1|9.B.34.1.2	30.8	182	116	3	205	384	196	369	3.3e-17	86.7
BCW-201878_02483	gnl|TC-DB|P07110|1.B.11.2.1	46.5	853	419	13	2	836	1	834	4.3e-222	767.7
BCW-201878_02509	gnl|TC-DB|P37653|4.D.3.1.6	87.3	872	110	1	1	871	1	872	0.0e+00	1577.8
BCW-201878_02510	gnl|TC-DB|P37652|4.D.3.1.6	76.2	793	161	2	1	793	13	777	0.0e+00	1224.9
BCW-201878_02511	gnl|TC-DB|P37651|4.D.3.1.6	73.8	367	96	0	1	367	1	367	1.1e-169	592.4
BCW-201878_02512	gnl|TC-DB|P37650|1.B.55.3.1	75.3	1163	278	5	1	1160	1	1157	0.0e+00	1624.0
BCW-201878_02514	gnl|TC-DB|P0A830|2.A.23.1.7	93.0	428	30	0	1	428	1	428	3.0e-216	747.3
BCW-201878_02518	gnl|TC-DB|P37645|9.B.121.1.1	86.0	686	90	1	1	680	1	686	0.0e+00	1187.2
BCW-201878_02519	gnl|TC-DB|P37643|2.A.1.6.10	90.0	440	44	0	1	440	1	440	1.7e-217	751.5
BCW-201878_02520	gnl|TC-DB|P37642|9.B.126.1.1	82.6	339	55	1	1	339	1	335	4.1e-155	543.9
BCW-201878_02531	gnl|TC-DB|P0A8S5|9.B.4.1.1	92.8	111	8	0	1	111	1	111	5.9e-55	209.5
BCW-201878_02532	gnl|TC-DB|P0AFJ7|2.A.20.1.1	89.0	500	53	2	1	499	1	499	2.6e-251	864.0
BCW-201878_02537	gnl|TC-DB|P70786|2.A.1.14.3	44.0	430	239	2	6	435	13	440	6.1e-103	370.9
BCW-201878_02539	gnl|TC-DB|Q7B1W8|2.A.109.1.1	80.9	341	65	0	1	341	1	341	6.5e-161	563.1
BCW-201878_02546	gnl|TC-DB|P77757|4.D.2.1.8	84.8	322	49	0	1	322	1	322	1.7e-155	545.0
BCW-201878_02549	gnl|TC-DB|G8LJX5|9.B.142.2.2	90.2	551	54	0	1	551	1	551	2.0e-289	990.7
BCW-201878_02550	gnl|TC-DB|P81891|2.A.7.22.2	66.4	110	37	0	1	110	1	110	2.0e-34	141.4
BCW-201878_02551	gnl|TC-DB|P76474|2.A.7.22.1	50.8	126	62	0	3	128	2	127	1.1e-28	122.5
BCW-201878_02558	gnl|TC-DB|Q7AA53|2.A.6.8.2	82.4	745	130	1	30	773	5	749	0.0e+00	1180.2
BCW-201878_02571	gnl|TC-DB|P0AGM0|2.A.86.1.2	87.2	343	44	0	7	349	7	349	1.9e-160	561.6
BCW-201878_02572	gnl|TC-DB|P37621|2.A.1.46.7	81.2	405	76	0	1	405	1	405	4.6e-182	633.6
BCW-201878_02574	gnl|TC-DB|B3WJF3|2.A.88.8.6	92.3	220	17	0	1	220	1	220	4.3e-113	403.7
BCW-201878_02576	gnl|TC-DB|P67143|2.A.95.1.5	94.4	197	11	0	1	197	1	197	6.1e-95	343.2
BCW-201878_02585	gnl|TC-DB|P09391|9.B.104.1.1	83.6	275	45	0	1	275	1	275	1.3e-135	478.8
BCW-201878_02590	gnl|TC-DB|P39835|2.A.8.1.4	95.0	438	22	0	1	438	1	438	1.2e-215	745.3
BCW-201878_02595	gnl|TC-DB|B5XTS6|9.A.8.1.10	77.2	79	17	1	1	78	1	79	5.1e-29	122.9
BCW-201878_02596	gnl|TC-DB|B5XTS7|9.A.8.1.10	89.2	772	83	0	1	772	1	772	0.0e+00	1364.0
BCW-201878_02597	gnl|TC-DB|B5XTS8|9.A.8.1.10	89.3	75	8	0	1	75	1	75	8.7e-34	138.7
BCW-201878_02601	gnl|TC-DB|Q9HV74|2.A.21.9.1	27.6	217	139	7	237	437	760	974	1.9e-11	67.0
BCW-201878_02612	gnl|TC-DB|Q1R5P6|1.B.22.4.2	77.3	392	89	0	18	409	18	409	1.6e-169	592.0
BCW-201878_02625	gnl|TC-DB|P60778|2.A.1.7.14	89.2	388	42	0	1	388	1	388	3.3e-193	670.6
BCW-201878_02630	gnl|TC-DB|P45537|2.A.85.1.3	82.4	692	121	1	1	691	5	696	0.0e+00	1139.4
BCW-201878_02636	gnl|TC-DB|Q83XH1|3.A.1.121.4	31.1	546	356	7	1	527	1	545	2.9e-74	276.2
BCW-201878_02637	gnl|TC-DB|P0A756|2.A.37.1.2	88.0	183	22	0	1	183	2	184	3.0e-96	347.4
BCW-201878_02638	gnl|TC-DB|P45522|2.A.37.1.2	76.1	46	11	0	1	46	1	46	3.1e-11	63.5
BCW-201878_02639	gnl|TC-DB|P45522|2.A.37.1.2	89.8	549	56	0	1	549	53	601	3.1e-274	940.3
BCW-201878_02656	gnl|TC-DB|P45769|3.A.1.3.26	94.4	252	14	0	1	252	1	252	4.8e-137	483.4
BCW-201878_02657	gnl|TC-DB|P45768|3.A.1.3.26	91.0	367	33	0	1	367	1	367	9.6e-195	675.6
BCW-201878_02658	gnl|TC-DB|P45767|3.A.1.3.26	84.2	393	62	0	1	393	1	393	2.7e-187	651.0
BCW-201878_02659	gnl|TC-DB|P45766|3.A.1.3.26	92.7	341	25	0	1	341	1	341	4.4e-186	646.7
BCW-201878_02661	gnl|TC-DB|P24181|2.A.6.2.1	83.4	1032	171	0	1	1032	1	1032	0.0e+00	1666.4
BCW-201878_02662	gnl|TC-DB|P0AE06|8.A.1.6.1	72.0	357	96	1	17	369	19	375	1.6e-139	492.3
BCW-201878_02664	gnl|TC-DB|P76330|9.B.34.1.4	29.0	214	142	4	207	416	349	556	3.7e-14	76.6
BCW-201878_02670	gnl|TC-DB|P16256|2.A.21.1.1	89.9	483	49	0	1	483	1	483	3.9e-228	786.9
BCW-201878_02675	gnl|TC-DB|Q8XB73|5.B.7.1.1	82.6	195	34	0	1	195	1	195	2.3e-89	324.7
BCW-201878_02679	gnl|TC-DB|P0A9X4|9.B.157.1.3	100.0	347	0	0	1	347	1	347	1.7e-193	671.4
BCW-201878_02680	gnl|TC-DB|P16926|9.B.157.1.3	95.6	320	12	1	1	320	1	318	1.0e-166	582.4
BCW-201878_02681	gnl|TC-DB|P0ABH4|9.B.157.1.3	93.2	162	11	0	1	162	1	162	2.2e-82	301.2
BCW-201878_02687	gnl|TC-DB|D7XN98|8.A.48.1.2	97.0	67	2	0	1	67	24	90	1.2e-31	131.3
BCW-201878_02688	gnl|TC-DB|P46482|8.A.1.7.1	89.4	310	33	0	1	310	1	310	3.1e-154	540.8
BCW-201878_02689	gnl|TC-DB|P46481|2.A.85.1.2	85.8	655	93	0	1	655	1	655	0.0e+00	1110.9
BCW-201878_02702	gnl|TC-DB|P0ACA3|1.A.12.3.1	95.3	211	10	0	1	211	1	211	2.0e-115	411.4
BCW-201878_02706	gnl|TC-DB|P41036|2.A.1.12.1	87.0	492	64	0	1	492	1	492	1.4e-252	868.2
BCW-201878_02719	gnl|TC-DB|P0AF98|1.B.42.1.2	88.0	366	44	0	1	366	1	366	2.1e-178	621.3
BCW-201878_02720	gnl|TC-DB|P0ADC6|1.B.42.1.2	93.6	360	23	0	1	360	1	360	1.7e-188	654.8
BCW-201878_02724	gnl|TC-DB|H1XXZ0|8.A.8.1.5	35.2	88	56	1	3	90	2	88	5.5e-11	63.2
BCW-201878_02726	gnl|TC-DB|P71012|4.A.2.1.4	27.5	149	106	2	8	155	1	148	3.5e-11	64.7
BCW-201878_02729	gnl|TC-DB|P0A9V1|1.B.42.1.2	95.0	241	12	0	1	241	1	241	1.0e-128	455.7
BCW-201878_02730	gnl|TC-DB|P0ADV1|1.B.42.1.2	84.9	185	27	1	1	184	1	185	4.1e-85	310.5
BCW-201878_02731	gnl|TC-DB|P0ADW0|1.B.42.1.2	83.2	191	32	0	1	191	1	191	2.3e-91	331.3
BCW-201878_02734	gnl|TC-DB|P45394|2.A.19.5.1	81.4	323	60	0	1	323	1	323	7.1e-141	496.5
BCW-201878_02735	gnl|TC-DB|P63386|3.A.1.27.3	90.6	266	25	0	1	266	1	266	1.0e-132	469.2
BCW-201878_02736	gnl|TC-DB|P64606|3.A.1.27.3	95.0	260	13	0	1	260	1	260	1.3e-132	468.8
BCW-201878_02737	gnl|TC-DB|P64604|3.A.1.27.3	77.5	182	36	1	1	177	1	182	4.0e-77	283.9
BCW-201878_02738	gnl|TC-DB|P0ADV7|3.A.1.27.3	90.5	211	20	0	1	211	1	211	5.1e-108	386.7
BCW-201878_02739	gnl|TC-DB|P64602|3.A.1.27.3	64.9	97	34	0	1	97	1	97	5.2e-31	129.8
BCW-201878_02746	gnl|TC-DB|E1ILD8|2.A.7.3.18	89.4	321	34	0	1	321	1	321	1.0e-160	562.4
BCW-201878_02754	gnl|TC-DB|P25694|3.A.16.1.2	43.3	252	142	1	140	390	472	723	3.3e-57	219.5
BCW-201878_02757	gnl|TC-DB|P0AG99|3.A.5.1.1	92.7	110	8	0	1	110	1	110	5.9e-47	183.0
BCW-201878_02770	gnl|TC-DB|P38919|3.A.18.1.1	36.0	386	237	3	3	379	27	411	8.0e-64	241.5
BCW-201878_02771	gnl|TC-DB|P0AAD2|2.A.42.1.2	93.2	414	28	0	1	414	1	414	2.2e-219	757.7
BCW-201878_02791	gnl|TC-DB|P26379|4.A.6.1.2	31.5	108	74	0	1	108	1	108	2.9e-14	74.7
BCW-201878_02792	gnl|TC-DB|Q9KIQ2|4.A.6.1.4	93.2	292	20	0	1	292	1	292	2.6e-150	527.7
BCW-201878_02793	gnl|TC-DB|Q9KIQ3|4.A.6.1.4	87.3	259	33	0	1	259	1	259	8.8e-102	366.3
BCW-201878_02794	gnl|TC-DB|Q9KIQ4|4.A.6.1.4	91.1	157	14	0	1	157	13	169	1.1e-78	288.9
BCW-201878_02803	gnl|TC-DB|P0AAD8|2.A.42.2.2	88.9	443	49	0	1	443	1	443	2.9e-222	767.3
BCW-201878_02809	gnl|TC-DB|P64591|9.B.124.1.2	76.7	120	28	0	1	120	1	120	2.1e-58	221.1
BCW-201878_02813	gnl|TC-DB|P64585|1.E.34.2.1	81.5	130	24	0	1	130	1	130	4.3e-52	200.3
BCW-201878_02817	gnl|TC-DB|P0AA63|9.B.27.2.2	94.1	220	13	0	1	220	1	220	2.2e-114	407.9
BCW-201878_02819	gnl|TC-DB|P0AA78|2.A.1.14.2	89.1	431	47	0	1	431	41	471	7.3e-218	752.7
BCW-201878_02822	gnl|TC-DB|P0AGE4|2.A.23.4.1	91.5	410	35	0	4	413	5	414	7.7e-201	696.0
BCW-201878_02823	gnl|TC-DB|P42601|2.A.109.1.7	87.8	319	39	0	1	319	1	319	1.7e-155	545.0
BCW-201878_02830	gnl|TC-DB|P77257|3.A.1.2.8	62.0	492	184	2	4	492	11	502	9.4e-169	589.7
BCW-201878_02831	gnl|TC-DB|P77672|3.A.1.2.8	63.7	339	123	0	1	339	2	340	2.1e-111	398.7
BCW-201878_02832	gnl|TC-DB|P0AFS1|3.A.1.2.8	72.5	316	87	0	1	316	3	318	1.1e-120	429.5
BCW-201878_02833	gnl|TC-DB|P76142|3.A.1.2.8	83.2	334	52	1	4	333	7	340	3.5e-159	557.4
BCW-201878_02862	gnl|TC-DB|Q9KW03|9.A.33.1.1	41.4	169	93	2	2	165	5	172	1.3e-28	124.0
BCW-201878_02887	gnl|TC-DB|P0AEA2|1.B.48.1.1	91.7	277	23	0	1	277	1	277	7.6e-144	506.1
BCW-201878_02888	gnl|TC-DB|P0AE98|1.B.48.1.1	85.5	138	19	1	1	137	1	138	9.5e-63	235.7
BCW-201878_02889	gnl|TC-DB|P0AE95|1.B.48.1.1	78.3	129	28	0	1	129	1	129	3.4e-54	207.2
BCW-201878_02898	gnl|TC-DB|P62517|4.D.3.1.1	93.5	840	55	0	1	840	1	840	0.0e+00	1618.6
BCW-201878_02901	gnl|TC-DB|P25744|2.A.1.2.20	86.9	404	51	1	1	402	1	404	7.4e-196	679.5
BCW-201878_02911	gnl|TC-DB|P69367|2.A.1.2.21	85.8	402	57	0	1	402	1	402	5.4e-199	689.9
BCW-201878_02915	gnl|TC-DB|P0AF16|2.A.66.4.3	92.7	510	37	0	1	510	1	510	2.2e-261	897.5
BCW-201878_02930	gnl|TC-DB|P76628|2.A.1.36.3	34.0	388	246	2	4	388	2	382	8.8e-40	161.0
BCW-201878_02941	gnl|TC-DB|O80800|3.D.1.6.3	48.0	75	39	0	2	76	48	122	1.5e-12	68.2
BCW-201878_02948	gnl|TC-DB|P69786|4.A.1.1.1	97.1	477	14	0	1	477	1	477	4.8e-263	902.9
BCW-201878_02962	gnl|TC-DB|P0ADC3|3.A.1.125.1	92.7	386	28	0	1	386	14	399	3.0e-186	647.5
BCW-201878_02963	gnl|TC-DB|P75957|3.A.1.125.1	92.3	233	18	0	1	233	1	233	3.2e-119	424.1
BCW-201878_02964	gnl|TC-DB|P75958|3.A.1.125.1	90.3	414	40	0	1	414	1	414	8.6e-200	692.6
BCW-201878_02967	gnl|TC-DB|F8CVI0|1.B.52.2.2	26.8	205	120	2	356	530	85	289	1.2e-11	68.2
BCW-201878_02969	gnl|TC-DB|P0AFK9|3.A.1.11.1	91.3	343	30	0	2	344	6	348	8.7e-190	659.1
BCW-201878_02970	gnl|TC-DB|P0AFK6|3.A.1.11.1	84.0	257	41	0	1	257	1	257	7.6e-109	389.8
BCW-201878_02971	gnl|TC-DB|P0AFK4|3.A.1.11.1	93.5	275	18	0	11	285	1	275	2.4e-140	494.6
BCW-201878_02972	gnl|TC-DB|P69874|3.A.1.11.1	88.4	361	42	0	1	361	18	378	3.2e-182	634.0
BCW-201878_02989	gnl|TC-DB|P07021|1.B.6.1.21	73.9	161	41	1	1	161	1	160	1.1e-65	245.7
BCW-201878_03007	gnl|TC-DB|P30145|2.A.25.1.2	53.2	436	202	2	43	477	1	435	5.6e-121	431.0
BCW-201878_03009	gnl|TC-DB|P31545|2.A.108.2.3	83.5	425	66	1	1	425	1	421	9.4e-210	725.7
BCW-201878_03010	gnl|TC-DB|P0AB24|2.A.108.2.3	88.3	375	44	0	1	375	1	375	6.4e-186	646.4
BCW-201878_03011	gnl|TC-DB|P75901|2.A.108.2.3	89.5	276	29	0	1	276	1	276	1.4e-137	485.3
BCW-201878_03012	gnl|TC-DB|P0AFF2|2.A.41.1.1	71.5	400	108	2	1	394	1	400	9.5e-148	519.6
BCW-201878_03014	gnl|TC-DB|P07117|2.A.21.2.1	94.0	500	30	0	1	500	1	500	2.6e-267	917.1
BCW-201878_03024	gnl|TC-DB|P75892|2.A.40.1.3	89.3	439	47	0	1	439	3	441	2.9e-214	740.7
BCW-201878_03027	gnl|TC-DB|K7QW88|2.A.7.3.52	34.2	269	168	6	17	284	11	271	9.0e-21	97.4
BCW-201878_03037	gnl|TC-DB|Q52398|1.A.26.1.4	56.1	326	141	2	6	330	28	352	1.1e-96	349.7
BCW-201878_03040	gnl|TC-DB|Q9I488|3.A.1.3.21	57.7	239	101	0	3	241	1	239	1.2e-71	266.2
BCW-201878_03041	gnl|TC-DB|P0AFT2|3.A.1.3.10	32.5	206	139	0	9	214	10	215	1.8e-26	115.9
BCW-201878_03042	gnl|TC-DB|P35113|3.A.1.3.6	33.5	209	129	2	14	212	10	218	9.1e-23	103.6
BCW-201878_03052	gnl|TC-DB|P94575|2.A.39.3.4	32.5	462	307	3	20	478	10	469	3.8e-77	285.4
BCW-201878_03054	gnl|TC-DB|O32142|9.B.35.2.1	37.1	116	62	5	1	107	1	114	1.0e-11	65.9
BCW-201878_03062	gnl|TC-DB|P39580|2.A.50.2.1	26.7	408	235	14	2	368	4	388	2.9e-29	125.9
BCW-201878_03069	gnl|TC-DB|P06202|3.A.1.5.1	54.9	536	237	3	12	542	8	543	2.7e-169	591.7
BCW-201878_03070	gnl|TC-DB|P0AAC6|1.A.14.2.1	93.2	219	15	0	1	219	1	219	1.5e-105	378.6
BCW-201878_03081	gnl|TC-DB|P0AB12|9.B.55.1.1	88.5	148	17	0	1	148	1	148	4.6e-71	263.5
BCW-201878_03082	gnl|TC-DB|P75870|2.A.85.1.1	82.3	716	127	0	1	716	1	716	0.0e+00	1187.6
BCW-201878_03085	gnl|TC-DB|P0A910|1.B.6.1.1	85.8	351	45	2	1	351	1	346	1.3e-169	592.0
BCW-201878_03092	gnl|TC-DB|P43672|3.A.1.120.6	83.3	634	106	0	1	634	1	634	1.6e-301	1031.2
BCW-201878_03098	gnl|TC-DB|P75853|3.A.1.17.10	83.5	315	52	0	3	317	2	316	2.6e-151	531.2
BCW-201878_03100	gnl|TC-DB|P75851|3.A.1.17.10	92.3	261	20	0	1	261	1	261	4.0e-126	447.2
BCW-201878_03101	gnl|TC-DB|B1X8N7|3.A.1.17.10	86.6	253	34	0	1	253	1	253	7.6e-122	433.0
BCW-201878_03105	gnl|TC-DB|Q6RW54|1.B.1.1.12	63.3	368	124	7	2	368	1	358	4.7e-125	444.1
BCW-201878_03120	gnl|TC-DB|P60752|3.A.1.106.1	94.7	582	31	0	1	582	1	582	1.2e-295	1011.5
BCW-201878_03121	gnl|TC-DB|P44408|3.A.11.2.2	32.8	662	393	9	129	748	133	784	7.0e-91	331.6
BCW-201878_03129	gnl|TC-DB|P0AC23|1.A.16.1.1	94.0	285	17	0	1	285	1	285	5.4e-153	536.6
BCW-201878_03133	gnl|TC-DB|P21503|2.A.1.26.1	84.8	381	58	0	1	381	1	381	8.8e-183	636.0
BCW-201878_03134	gnl|TC-DB|P18777|5.A.3.3.2	84.7	287	44	0	1	287	1	287	1.6e-136	481.9
BCW-201878_03135	gnl|TC-DB|P18776|5.A.3.3.2	93.7	205	13	0	1	205	1	205	9.4e-123	435.6
BCW-201878_03136	gnl|TC-DB|P18775|5.A.3.3.2	88.7	814	92	0	1	814	1	814	0.0e+00	1525.8
BCW-201878_03139	gnl|TC-DB|P61316|1.B.46.1.1	92.6	202	15	0	1	202	1	202	3.6e-106	380.6
BCW-201878_03140	gnl|TC-DB|P46889|3.A.12.1.2	76.9	1331	202	12	1	1228	1	1329	0.0e+00	1637.5
BCW-201878_03143	gnl|TC-DB|P29018|3.A.1.129.1	84.9	588	89	0	1	588	1	588	1.5e-285	978.0
BCW-201878_03144	gnl|TC-DB|P23886|3.A.1.129.1	81.5	573	106	0	1	573	1	573	1.0e-259	892.1
BCW-201878_03148	gnl|TC-DB|Q9SXJ7|3.A.9.1.2	38.5	800	402	11	17	737	133	921	2.8e-148	522.3
BCW-201878_03151	gnl|TC-DB|P75831|3.A.1.122.1	86.3	648	87	1	1	646	1	648	1.3e-311	1064.7
BCW-201878_03152	gnl|TC-DB|P75830|3.A.1.122.1	80.5	369	69	1	6	371	3	371	5.0e-159	557.0
BCW-201878_03155	gnl|TC-DB|P60844|1.A.8.3.1	89.6	231	24	0	1	231	1	231	4.6e-118	420.2
BCW-201878_03156	gnl|TC-DB|P75826|2.A.124.1.1	84.6	299	46	0	1	299	1	299	5.2e-138	486.9
BCW-201878_03169	gnl|TC-DB|P0AAF6|3.A.1.3.3	93.8	242	15	0	1	242	1	242	1.8e-128	454.9
BCW-201878_03170	gnl|TC-DB|P30859|3.A.1.3.3	92.2	243	19	0	1	243	1	243	1.8e-128	454.9
BCW-201878_03171	gnl|TC-DB|P0AE34|3.A.1.3.3	95.8	237	10	0	1	237	1	237	2.9e-123	437.6
BCW-201878_03172	gnl|TC-DB|P0AE30|3.A.1.3.3	93.7	222	14	0	1	222	1	222	1.5e-102	368.6
BCW-201878_03173	gnl|TC-DB|P30860|3.A.1.3.3	88.9	243	27	0	1	243	1	243	5.9e-124	439.9
BCW-201878_03178	gnl|TC-DB|P0AFL1|3.A.1.11.2	93.2	281	19	0	1	281	1	281	5.0e-143	503.4
BCW-201878_03179	gnl|TC-DB|P31135|3.A.1.11.2	89.9	317	32	0	1	317	1	317	1.1e-165	578.9
BCW-201878_03180	gnl|TC-DB|P31134|3.A.1.11.2	92.3	377	29	0	1	377	1	377	1.3e-202	701.8
BCW-201878_03181	gnl|TC-DB|P31133|3.A.1.11.2	91.1	370	33	0	1	370	1	370	3.0e-204	707.2
BCW-201878_03187	gnl|TC-DB|A7ZJR5|2.A.81.1.4	94.1	561	33	0	1	561	1	561	1.2e-300	1028.1
BCW-201878_03189	gnl|TC-DB|P0AB93|3.A.4.1.1	87.4	429	54	0	1	429	1	429	1.5e-207	718.4
BCW-201878_03192	gnl|TC-DB|P75810|2.A.1.60.2	86.1	375	52	0	1	375	1	375	1.0e-176	615.9
BCW-201878_03194	gnl|TC-DB|P0AEY8|2.A.1.2.19	88.7	407	46	0	1	407	1	407	8.8e-205	709.1
BCW-201878_03196	gnl|TC-DB|P94571|9.B.105.1.3	28.3	159	109	2	5	163	1	154	4.6e-13	71.2
BCW-201878_03203	gnl|TC-DB|P75799|3.A.1.5.11	87.5	303	38	0	1	303	1	303	3.2e-135	477.6
BCW-201878_03204	gnl|TC-DB|P75798|3.A.1.5.11	87.9	306	37	0	1	306	1	306	6.9e-154	539.7
BCW-201878_03205	gnl|TC-DB|P75797|3.A.1.5.11	86.3	512	70	0	1	512	1	512	3.1e-260	893.6
BCW-201878_03206	gnl|TC-DB|P75796|3.A.1.5.11	79.3	622	129	0	1	622	1	622	1.4e-278	954.9
BCW-201878_03216	gnl|TC-DB|P0AA78|2.A.1.14.2	43.3	416	235	1	16	430	42	457	3.1e-99	358.6
BCW-201878_03218	gnl|TC-DB|Q83XH1|3.A.1.121.4	46.6	526	280	1	1	526	1	525	6.8e-141	497.3
BCW-201878_03221	gnl|TC-DB|U5MFA1|4.A.3.2.9	34.4	425	270	3	14	432	8	429	2.7e-58	222.6
BCW-201878_03222	gnl|TC-DB|Q86Z14|8.A.49.1.2	30.1	465	271	16	6	455	82	507	1.2e-40	164.1
BCW-201878_03223	gnl|TC-DB|P63144|8.A.5.1.3	33.6	330	197	8	1	320	71	388	3.3e-43	172.2
BCW-201878_03224	gnl|TC-DB|B3PY75|1.B.17.3.8	32.9	504	294	6	1	496	1	468	8.9e-66	247.7
BCW-201878_03225	gnl|TC-DB|P0AEJ0|2.A.1.3.2	36.6	497	303	3	18	513	15	500	3.8e-88	322.0
BCW-201878_03226	gnl|TC-DB|Q9RQ30|8.A.1.1.2	47.7	130	66	2	234	361	224	353	9.4e-25	110.9
BCW-201878_03227	gnl|TC-DB|P75788|2.A.45.2.5	77.2	369	84	0	1	369	1	369	3.7e-162	567.4
BCW-201878_03231	gnl|TC-DB|G0EBV0|1.B.6.2.10	81.5	173	29	2	1	172	1	171	2.3e-74	274.6
BCW-201878_03232	gnl|TC-DB|P0AA67|2.A.7.3.6	79.7	295	60	0	1	295	1	295	9.6e-129	456.1
BCW-201878_03234	gnl|TC-DB|P0AEQ3|3.A.1.3.2	96.0	248	9	1	1	247	1	248	4.6e-132	466.8
BCW-201878_03235	gnl|TC-DB|P0AEQ6|3.A.1.3.2	93.6	219	14	0	1	219	1	219	1.7e-109	391.7
BCW-201878_03236	gnl|TC-DB|P10346|3.A.1.3.2	95.4	240	11	0	1	240	1	240	4.3e-127	450.3
BCW-201878_03237	gnl|TC-DB|P75783|1.A.23.3.2	81.0	741	137	1	1	737	1	741	0.0e+00	1150.2
BCW-201878_03245	gnl|TC-DB|P30130|1.B.11.3.9	40.0	882	472	18	5	846	13	877	6.7e-175	610.9
BCW-201878_03249	gnl|TC-DB|O00571|1.I.1.1.3	42.0	398	208	8	2	377	181	577	2.6e-72	269.2
BCW-201878_03252	gnl|TC-DB|P75777|3.A.1.105.15	63.7	331	120	0	1	331	2	332	4.3e-85	311.2
BCW-201878_03253	gnl|TC-DB|P0A9U1|3.A.1.105.15	89.8	577	59	0	1	577	1	577	8.1e-305	1042.0
BCW-201878_03254	gnl|TC-DB|C6EIY9|3.A.1.105.15	89.7	377	39	0	1	377	1	377	4.4e-187	650.2
BCW-201878_03255	gnl|TC-DB|P0AFP9|3.A.1.105.15	93.2	367	25	0	1	367	1	367	2.1e-194	674.5
BCW-201878_03256	gnl|TC-DB|P0AAW6|9.B.15.1.1	82.2	135	24	0	1	135	1	135	2.9e-56	214.2
BCW-201878_03259	gnl|TC-DB|P75770|4.D.2.4.3	86.5	318	43	0	1	318	1	318	3.8e-155	543.9
BCW-201878_03260	gnl|TC-DB|P0AAC4|1.A.14.2.2	83.4	235	38	1	1	235	1	234	1.8e-101	365.2
BCW-201878_03268	gnl|TC-DB|Q0S720|3.A.1.4.9	33.9	233	145	4	1	230	9	235	1.7e-27	119.4
BCW-201878_03284	gnl|TC-DB|O07488|2.A.53.3.1	99.8	492	1	0	1	492	1	492	7.2e-270	925.6
BCW-201878_03287	gnl|TC-DB|P0AB93|3.A.4.1.1	86.5	429	58	0	1	429	1	429	4.9e-206	713.4
BCW-201878_03292	gnl|TC-DB|Q50864|4.D.1.3.4	32.9	435	272	11	451	878	410	831	2.7e-52	204.1
BCW-201878_03301	gnl|TC-DB|P15928|3.A.6.2.1	77.7	560	124	1	1	559	1	560	3.8e-235	810.4
BCW-201878_03303	gnl|TC-DB|P15934|3.A.6.2.1	86.0	235	33	0	1	235	1	235	7.5e-76	280.0
BCW-201878_03304	gnl|TC-DB|P26465|3.A.6.2.1	94.3	456	26	0	1	456	1	456	4.3e-245	843.2
BCW-201878_03309	gnl|TC-DB|P26419|3.A.6.2.1	95.6	137	6	0	1	137	1	137	2.9e-67	250.8
BCW-201878_03310	gnl|TC-DB|P0A1L1|3.A.6.2.1	68.5	124	39	0	1	124	2	125	1.9e-38	154.8
BCW-201878_03311	gnl|TC-DB|P54700|3.A.6.2.1	91.8	245	20	0	1	245	1	245	7.0e-117	416.4
BCW-201878_03312	gnl|TC-DB|P0A1L5|3.A.6.2.1	89.9	89	9	0	1	89	1	89	7.6e-37	149.1
BCW-201878_03313	gnl|TC-DB|P54702|3.A.6.2.1	79.2	259	54	0	1	259	1	259	9.1e-115	409.5
BCW-201878_03318	gnl|TC-DB|P76330|9.B.34.1.4	60.3	562	223	0	1	562	1	562	1.3e-195	679.1
BCW-201878_03321	gnl|TC-DB|p0aa70|2.A.7.3.22	88.9	298	33	0	1	298	1	298	1.8e-146	515.0
BCW-201878_03325	gnl|TC-DB|Q56111|1.B.1.1.22	64.1	396	121	4	1	388	1	383	1.6e-144	508.8
BCW-201878_03331	gnl|TC-DB|P39414|2.A.47.3.3	50.5	473	234	0	29	501	13	485	2.2e-133	472.2
BCW-201878_03333	gnl|TC-DB|P16482|2.A.1.6.1	88.9	431	43	1	3	428	11	441	3.7e-209	723.8
BCW-201878_03343	gnl|TC-DB|Q7CGN6|1.B.14.9.3	80.0	730	141	2	1	729	1	726	0.0e+00	1208.0
BCW-201878_03355	gnl|TC-DB|A8R5V4|3.A.3.2.41	48.0	886	452	4	7	890	3	881	2.5e-228	788.5
BCW-201878_03358	gnl|TC-DB|Q9RBY9|2.A.6.2.41	30.1	376	216	14	7	353	15	372	1.8e-15	80.1
BCW-201878_03359	gnl|TC-DB|Q9KRG9|2.A.6.2.38	49.2	1011	512	2	3	1012	22	1031	1.1e-275	946.0
BCW-201878_03362	gnl|TC-DB|P76350|2.A.1.6.6	90.8	435	40	0	1	435	1	435	2.7e-228	787.3
BCW-201878_03366	gnl|TC-DB|D5CJ69|2.A.66.1.22	94.1	461	27	0	13	473	2	462	6.9e-246	845.9
BCW-201878_03374	gnl|TC-DB|P43531|2.A.1.36.1	30.4	385	266	2	9	393	30	412	7.9e-44	174.5
BCW-201878_03382	gnl|TC-DB|Q48252|3.A.7.12.1	25.8	831	551	19	117	907	167	971	9.1e-69	258.5
BCW-201878_03387	gnl|TC-DB|Q91UR4|3.A.7.3.1	31.2	215	142	3	13	226	29	238	2.1e-22	102.4
BCW-201878_03389	gnl|TC-DB|O50337|3.A.7.2.1	39.3	196	114	3	231	426	199	389	4.1e-35	145.6
BCW-201878_03390	gnl|TC-DB|Q91UW6|3.A.7.3.1	40.2	311	179	5	25	328	36	346	1.4e-62	236.5
BCW-201878_03407	gnl|TC-DB|P33011|2.A.85.7.1	74.1	352	91	0	1	352	1	352	5.8e-157	550.1
BCW-201878_03411	gnl|TC-DB|P0AA47|2.A.3.1.14	94.7	452	24	0	1	452	1	452	3.1e-243	837.0
BCW-201878_03437	gnl|TC-DB|Q6MMD5|9.B.18.2.1	54.1	534	236	4	2	530	97	626	6.7e-152	533.9
BCW-201878_03439	gnl|TC-DB|G2HLY8|9.B.146.1.2	34.0	306	189	3	6	311	2	294	3.1e-41	165.6
BCW-201878_03445	gnl|TC-DB|P77377|2.A.66.2.7	88.2	492	58	0	1	492	1	492	3.6e-237	817.0
BCW-201878_03446	gnl|TC-DB|G0CIY2|9.B.18.1.1	38.8	464	259	11	19	464	28	484	8.4e-79	290.8
BCW-201878_03459	gnl|TC-DB|P76387|8.A.3.3.2	86.4	720	98	0	1	720	1	720	0.0e+00	1204.9
BCW-201878_03461	gnl|TC-DB|P0A930|1.B.18.3.1	93.1	379	26	0	1	379	1	379	8.7e-207	715.7
BCW-201878_03462	gnl|TC-DB|L5DDD7|2.A.109.2.3	86.5	527	71	0	1	527	370	896	2.0e-254	874.4
BCW-201878_03463	gnl|TC-DB|P28249|9.B.22.2.1	70.7	617	180	1	1	616	1	617	1.4e-251	865.1
BCW-201878_03466	gnl|TC-DB|Q1J0W6|9.B.34.1.1	34.7	167	97	4	675	840	190	345	6.0e-14	76.6
BCW-201878_03469	gnl|TC-DB|P76397|8.A.1.6.2	84.7	392	60	0	1	392	1	392	1.2e-171	599.0
BCW-201878_03470	gnl|TC-DB|P76398|2.A.6.2.12	90.0	1040	104	0	1	1040	1	1040	0.0e+00	1755.3
BCW-201878_03471	gnl|TC-DB|P76399|2.A.6.2.12	90.8	1025	94	0	1	1025	1	1025	0.0e+00	1766.5
BCW-201878_03472	gnl|TC-DB|P36554|2.A.1.3.26	82.5	469	82	0	1	469	1	469	8.0e-218	752.7
BCW-201878_03479	gnl|TC-DB|P76417|2.A.1.10.4	90.6	425	40	0	1	425	1	425	4.8e-222	766.5
BCW-201878_03497	gnl|TC-DB|Q8CVM4|1.B.11.3.5	42.9	832	444	14	13	822	25	847	3.4e-179	625.2
BCW-201878_03502	gnl|TC-DB|G3IME2|9.B.35.1.2	34.8	112	70	2	27	136	31	141	3.5e-17	84.3
BCW-201878_03509	gnl|TC-DB|P28635|3.A.1.24.1	63.7	262	94	1	5	266	11	271	2.4e-94	341.7
BCW-201878_03512	gnl|TC-DB|Q8GC84|2.A.6.2.19	84.0	374	59	1	1	373	1	374	6.0e-168	586.6
BCW-201878_03513	gnl|TC-DB|Q8GC83|2.A.6.2.19	87.5	1028	128	0	1	1028	1	1028	0.0e+00	1685.2
BCW-201878_03514	gnl|TC-DB|Q8GC82|2.A.6.2.19	80.5	452	88	0	1	452	1	452	7.0e-203	703.0
BCW-201878_03517	gnl|TC-DB|Q9KSH5|4.A.3.2.6	49.0	100	51	0	1	100	1	100	4.4e-20	93.6
BCW-201878_03518	gnl|TC-DB|Q9KSH4|4.A.3.2.6	48.4	434	223	1	4	437	6	438	6.5e-121	430.6
BCW-201878_03519	gnl|TC-DB|Q86Z14|8.A.49.1.2	26.8	466	288	14	5	455	81	508	2.9e-39	159.5
BCW-201878_03520	gnl|TC-DB|P69791|4.A.3.2.1	51.5	97	47	0	5	101	17	113	3.5e-22	100.5
BCW-201878_03522	gnl|TC-DB|P31437|2.A.7.3.12	84.6	298	46	0	1	298	1	298	2.4e-135	478.0
BCW-201878_03523	gnl|TC-DB|P0ADL1|2.A.1.2.26	85.0	381	57	0	16	396	14	394	1.1e-172	602.4
BCW-201878_03525	gnl|TC-DB|P0AGC0|2.A.1.4.1	80.0	55	11	0	1	55	409	463	1.7e-18	87.4
BCW-201878_03526	gnl|TC-DB|P0AGC0|2.A.1.4.1	95.6	390	17	0	1	390	1	390	9.2e-212	732.3
BCW-201878_03527	gnl|TC-DB|P09836|2.A.1.4.4	88.5	433	50	0	3	435	6	438	3.8e-230	793.5
BCW-201878_03534	gnl|TC-DB|L0LHM3|2.A.7.31.3	48.0	277	143	1	1	276	1	277	3.4e-59	224.9
BCW-201878_03535	gnl|TC-DB|P31442|2.A.1.2.9	88.3	385	45	0	1	385	10	394	1.4e-188	655.2
BCW-201878_03538	gnl|TC-DB|P08555|2.A.8.1.5	90.6	445	42	0	1	445	1	445	3.7e-217	750.4
BCW-201878_03541	gnl|TC-DB|P0ADM0|9.B.51.1.1	86.1	115	16	0	1	115	1	115	3.5e-50	193.7
BCW-201878_03543	gnl|TC-DB|Q9AGA7|4.A.1.1.10	90.0	540	54	0	1	540	1	540	3.4e-281	963.4
BCW-201878_03545	gnl|TC-DB|B7L824|2.A.81.1.5	81.5	552	102	0	1	552	1	552	1.5e-252	868.2
BCW-201878_03550	gnl|TC-DB|P0AA76|2.A.1.14.7	93.5	430	28	0	1	430	1	430	2.7e-236	813.9
BCW-201878_03563	gnl|TC-DB|P25714|2.A.9.3.1	92.2	548	42	1	1	547	1	548	1.0e-280	961.8
BCW-201878_03565	gnl|TC-DB|P31462|2.A.1.2.22	72.4	392	104	2	1	389	1	391	6.5e-149	523.5
BCW-201878_03569	gnl|TC-DB|P31466|2.A.40.7.6	94.1	444	26	0	1	444	1	444	8.9e-227	782.3
BCW-201878_03572	gnl|TC-DB|P0AAH0|3.A.1.7.1	95.3	257	12	0	1	257	1	257	2.1e-143	504.6
BCW-201878_03573	gnl|TC-DB|P07654|3.A.1.7.1	92.9	296	21	0	1	296	1	296	3.4e-150	527.3
BCW-201878_03574	gnl|TC-DB|P0AGH8|3.A.1.7.1	95.3	319	15	0	1	319	1	319	4.8e-166	580.1
BCW-201878_03575	gnl|TC-DB|P0AG82|3.A.1.7.1	92.2	346	27	0	1	346	1	346	4.5e-186	646.7
BCW-201878_03578	gnl|TC-DB|P0A6E6|3.A.2.1.1	95.7	139	6	0	1	139	1	139	4.0e-69	256.9
BCW-201878_03579	gnl|TC-DB|P0ABB4|3.A.2.1.1	98.3	460	8	0	1	460	1	460	1.8e-259	891.0
BCW-201878_03580	gnl|TC-DB|P0ABA6|3.A.2.1.1	93.7	287	18	0	1	287	1	287	8.7e-151	529.3
BCW-201878_03581	gnl|TC-DB|P0ABB0|3.A.2.1.1	95.3	513	24	0	1	513	1	513	4.7e-280	959.5
BCW-201878_03582	gnl|TC-DB|P0ABA4|3.A.2.1.1	89.8	177	18	0	1	177	1	177	2.4e-82	301.2
BCW-201878_03583	gnl|TC-DB|P0ABA0|3.A.2.1.1	93.6	156	10	0	1	156	1	156	3.0e-52	201.1
BCW-201878_03584	gnl|TC-DB|P68699|3.A.2.1.1	100.0	79	0	0	1	79	1	79	2.8e-35	143.7
BCW-201878_03585	gnl|TC-DB|P0AB98|3.A.2.1.1	93.4	271	18	0	1	271	1	271	5.7e-144	506.5
BCW-201878_03586	gnl|TC-DB|C4X3L3|1.A.77.3.8	88.9	126	14	0	1	126	25	150	3.0e-55	210.7
BCW-201878_03594	gnl|TC-DB|P63183|2.A.72.1.1	92.6	622	46	0	1	622	1	622	0.0e+00	1146.0
BCW-201878_03596	gnl|TC-DB|P04983|3.A.1.2.1	96.6	501	17	0	1	501	1	501	5.6e-278	952.6
BCW-201878_03597	gnl|TC-DB|P0AGI1|3.A.1.2.1	94.1	321	19	0	1	321	1	321	2.1e-145	511.5
BCW-201878_03598	gnl|TC-DB|P02925|3.A.1.2.1	98.0	296	6	0	1	296	1	296	3.5e-155	543.9
BCW-201878_03601	gnl|TC-DB|P31474|2.A.1.3.51	82.0	477	84	1	1	477	1	475	4.3e-211	730.3
BCW-201878_03614	gnl|TC-DB|P0AFU2|2.A.47.4.8	86.9	610	80	0	1	610	1	610	4.8e-300	1026.2
BCW-201878_03622	gnl|TC-DB|B7LDR9|4.A.7.1.2	62.7	410	152	1	12	421	10	418	1.4e-145	512.7
BCW-201878_03623	gnl|TC-DB|B7LDS2|4.A.7.1.2	42.4	85	47	1	1	83	1	85	3.8e-12	67.0
BCW-201878_03624	gnl|TC-DB|B7LDS1|4.A.7.1.2	44.2	147	82	0	1	147	1	147	1.9e-32	135.2
BCW-201878_03628	gnl|TC-DB|B7LBF5|1.A.12.3.2	73.8	214	56	0	1	214	1	214	3.4e-91	330.9
BCW-201878_03633	gnl|TC-DB|P07109|3.A.1.3.29	93.8	257	16	0	1	257	1	257	7.3e-133	469.5
BCW-201878_03634	gnl|TC-DB|P0AEU3|3.A.1.3.29	92.4	238	18	0	1	238	1	238	6.4e-123	436.4
BCW-201878_03635	gnl|TC-DB|P0A2I9|3.A.1.3.1	92.5	228	17	0	1	228	1	228	9.8e-113	402.5
BCW-201878_03636	gnl|TC-DB|P0AEU0|3.A.1.3.29	93.5	260	17	0	1	260	1	260	9.4e-136	479.2
BCW-201878_03637	gnl|TC-DB|P09551|3.A.1.3.1	88.5	260	30	0	1	260	1	260	4.5e-130	460.3
BCW-201878_03640	gnl|TC-DB|P08550|9.B.160.1.16	94.4	162	9	0	1	162	1	162	1.2e-80	295.4
BCW-201878_03644	gnl|TC-DB|P0ABP6|9.B.27.2.3	88.1	219	26	0	1	219	1	219	7.7e-107	382.9
BCW-201878_03649	gnl|TC-DB|P77549|2.A.1.46.6	85.2	391	58	0	1	391	1	391	1.4e-183	638.6
BCW-201878_03654	gnl|TC-DB|P0AD30|2.A.102.3.1	87.4	269	34	0	1	269	1	269	1.3e-127	452.2
BCW-201878_03663	gnl|TC-DB|P10384|1.B.9.1.1	75.8	450	95	3	1	440	1	446	1.2e-202	702.2
BCW-201878_03664	gnl|TC-DB|P76506|3.A.1.27.3	88.8	251	27	1	1	250	1	251	1.7e-134	474.9
BCW-201878_03665	gnl|TC-DB|P37327|1.A.16.4.1	85.1	302	45	0	7	308	4	305	1.2e-142	502.3
BCW-201878_03672	gnl|TC-DB|Q9KN55|3.A.23.1.1	30.2	592	372	13	7	574	5	579	2.7e-74	276.2
BCW-201878_03682	gnl|TC-DB|A8YQR5|3.A.23.2.1	26.1	498	331	15	32	516	28	501	3.0e-28	123.6
BCW-201878_03683	gnl|TC-DB|Q6EE14|3.A.23.2.1	48.4	882	404	9	7	868	8	858	1.7e-213	739.2
BCW-201878_03685	gnl|TC-DB|P37665|9.B.186.1.1	38.1	113	69	1	430	542	107	218	2.6e-13	73.6
BCW-201878_03688	gnl|TC-DB|Q6EE20|3.A.23.2.1	44.8	424	233	1	86	508	67	490	1.1e-108	390.2
BCW-201878_03689	gnl|TC-DB|Q6EE21|3.A.23.2.1	37.3	153	88	3	7	152	11	162	7.8e-19	90.1
BCW-201878_03692	gnl|TC-DB|B3XQE5|9.B.33.1.2	31.6	592	360	14	6	563	4	584	2.5e-69	259.6
BCW-201878_03695	gnl|TC-DB|H5KWQ5|2.A.49.7.1	80.1	408	81	0	1	408	1	408	2.8e-179	624.4
BCW-201878_03697	gnl|TC-DB|P63144|8.A.5.1.3	35.1	325	200	7	13	330	71	391	5.7e-45	177.9
BCW-201878_03699	gnl|TC-DB|P0A769|2.A.55.3.1	92.7	412	30	0	1	412	1	412	2.6e-209	724.2
BCW-201878_03700	gnl|TC-DB|P0AFF2|2.A.41.1.1	93.8	400	20	1	1	395	1	400	4.6e-195	676.8
BCW-201878_03713	gnl|TC-DB|P39836|2.A.28.3.4	88.3	332	38	1	1	331	1	332	3.8e-158	553.9
BCW-201878_03717	gnl|TC-DB|P0A6J3|2.A.121.1.1	88.9	253	28	0	1	253	1	253	2.4e-136	481.1
BCW-201878_03719	gnl|TC-DB|P0AA04|8.A.8.1.1	100.0	85	0	0	1	85	1	85	1.4e-40	161.4
BCW-201878_03720	gnl|TC-DB|P08839|8.A.7.1.1	97.4	575	15	0	1	575	1	575	3.4e-311	1063.1
BCW-201878_03721	gnl|TC-DB|P69783|4.A.1.1.1	97.6	169	4	0	1	169	1	169	4.7e-88	320.1
BCW-201878_03724	gnl|TC-DB|P16676|3.A.1.6.1	93.2	365	24	1	1	364	1	365	5.1e-196	679.9
BCW-201878_03725	gnl|TC-DB|P0AEB0|3.A.1.6.1	91.1	291	26	0	1	291	1	291	2.8e-149	524.2
BCW-201878_03726	gnl|TC-DB|P16701|3.A.1.6.1	96.8	277	9	0	1	277	1	277	5.3e-145	510.0
BCW-201878_03727	gnl|TC-DB|P16700|3.A.1.6.1	93.8	336	20	1	1	335	1	336	5.9e-183	636.3
BCW-201878_03730	gnl|TC-DB|P76538|9.B.127.1.1	72.9	144	39	0	1	144	1	144	4.5e-58	220.3
BCW-201878_03739	gnl|TC-DB|P23481|3.D.1.9.1	34.4	215	101	4	1	185	1	205	1.0e-29	128.3
BCW-201878_03741	gnl|TC-DB|P24177|2.A.6.2.7	90.9	1037	94	0	1	1037	1	1037	0.0e+00	1821.6
BCW-201878_03749	gnl|TC-DB|P0A903|1.B.33.1.3	86.6	344	46	0	1	344	1	344	2.2e-169	591.3
BCW-201878_03753	gnl|TC-DB|P0AFI9|2.A.86.1.1	87.0	322	42	0	1	322	1	322	5.9e-148	520.0
BCW-201878_03757	gnl|TC-DB|Q72XQ0|4.A.3.2.8	43.5	430	234	4	4	424	1	430	2.6e-90	328.9
BCW-201878_03762	gnl|TC-DB|P0AGM7|2.A.40.1.1	92.2	425	33	0	1	425	1	425	2.6e-215	744.2
BCW-201878_03764	gnl|TC-DB|Q9UEF7|8.A.49.1.1	29.0	486	288	19	4	473	61	505	2.5e-41	166.4
BCW-201878_03770	gnl|TC-DB|P64545|9.B.209.1.1	71.7	53	15	0	1	53	7	59	1.7e-18	87.4
BCW-201878_03776	gnl|TC-DB|A8GHT9|2.A.1.36.2	55.5	382	168	2	12	392	20	400	4.3e-103	371.3
BCW-201878_03781	gnl|TC-DB|B8H230|3.A.1.2.21	54.5	323	140	2	17	339	16	331	3.5e-90	328.2
BCW-201878_03782	gnl|TC-DB|B8H229|3.A.1.2.21	53.6	502	228	3	5	506	3	499	4.3e-140	494.6
BCW-201878_03783	gnl|TC-DB|B8H228|3.A.1.2.21	42.1	302	173	2	7	306	23	324	1.8e-64	242.7
BCW-201878_03794	gnl|TC-DB|Q5KYD1|2.A.17.1.7	36.3	499	291	10	11	503	16	493	7.9e-78	287.7
BCW-201878_03796	gnl|TC-DB|P77774|1.B.33.1.3	81.6	392	72	0	1	392	1	392	4.2e-164	573.9
BCW-201878_03805	gnl|TC-DB|Q57071|4.A.1.1.13	38.0	502	290	8	2	500	3	486	2.3e-85	312.8
BCW-201878_03813	gnl|TC-DB|P44669|9.A.41.1.1	68.7	617	191	2	1	616	1	616	1.8e-230	795.0
BCW-201878_03821	gnl|TC-DB|D7A5Z9|2.A.113.1.7	38.8	227	127	4	64	284	60	280	2.3e-30	129.4
BCW-201878_03824	gnl|TC-DB|Q47142|2.A.1.27.1	83.5	375	62	0	1	375	1	375	2.6e-179	624.4
BCW-201878_03830	gnl|TC-DB|Q9KN48|3.A.23.1.1	43.7	261	136	1	109	369	176	425	7.4e-56	214.5
BCW-201878_03837	gnl|TC-DB|P77272|4.A.1.2.7	38.2	468	259	13	4	447	6	467	4.5e-69	258.5
BCW-201878_03852	gnl|TC-DB|F9VN10|3.D.10.1.4	35.2	537	310	15	10	522	7	529	8.3e-70	261.2
BCW-201878_03854	gnl|TC-DB|O00571|1.I.1.1.3	35.5	369	213	8	3	350	179	543	6.0e-50	194.9
BCW-201878_03863	gnl|TC-DB|P0AEX3|2.A.1.6.2	85.2	432	63	1	1	431	1	432	4.0e-208	720.3
BCW-201878_03869	gnl|TC-DB|P09833|3.A.1.8.1	88.1	352	42	0	1	352	1	352	3.2e-179	624.0
BCW-201878_03870	gnl|TC-DB|P0AF01|3.A.1.8.1	92.1	229	18	0	1	229	1	229	1.6e-115	411.8
BCW-201878_03871	gnl|TC-DB|P37329|3.A.1.8.1	85.9	255	36	0	1	255	1	255	2.0e-122	434.9
BCW-201878_03872	gnl|TC-DB|A6T6J1|2.A.6.2.49	79.6	49	10	0	11	59	1	49	1.9e-15	77.4
BCW-201878_03874	gnl|TC-DB|A7BAX2|3.A.1.26.3	28.3	495	284	19	10	471	246	702	6.7e-26	115.2
BCW-201878_03882	gnl|TC-DB|P75757|2.A.4.1.4	81.1	296	56	0	13	308	15	310	5.4e-138	486.9
BCW-201878_03883	gnl|TC-DB|P24520|4.B.1.1.1	87.0	238	31	0	1	238	1	238	4.9e-115	410.2
BCW-201878_03890	gnl|TC-DB|P45955|2.C.1.2.1	84.7	190	29	0	1	190	1	190	2.2e-71	265.4
BCW-201878_03891	gnl|TC-DB|C6EJJ6|2.C.1.2.1	74.0	173	45	0	1	173	1	173	5.4e-63	236.9
BCW-201878_03892	gnl|TC-DB|P0A855|2.C.1.2.1	94.4	430	24	0	1	430	1	430	1.0e-147	519.6
BCW-201878_03893	gnl|TC-DB|P19934|2.C.1.2.1	85.0	127	19	0	286	412	295	421	4.6e-44	175.3
BCW-201878_03894	gnl|TC-DB|P0ABV8|1.A.30.2.2	88.0	142	17	0	1	142	1	142	2.8e-65	244.2
BCW-201878_03895	gnl|TC-DB|P0ABU9|1.A.30.2.2	97.0	230	7	0	1	230	1	230	5.4e-119	423.3
BCW-201878_03897	gnl|TC-DB|P0AAV0|8.A.79.1.1	88.3	94	11	0	3	96	4	97	8.2e-45	175.6
BCW-201878_03898	gnl|TC-DB|P56100|9.B.85.1.1	88.6	35	4	0	1	35	1	35	3.5e-12	65.9
BCW-201878_03899	gnl|TC-DB|P0ABK2|3.D.4.3.2	89.7	379	39	0	1	379	1	379	3.3e-198	687.2
BCW-201878_03900	gnl|TC-DB|P0ABJ9|3.D.4.3.2	93.5	522	34	0	1	522	1	522	6.0e-283	969.1
BCW-201878_03905	gnl|TC-DB|X5GWN5|3.D.10.1.6	50.9	234	108	5	4	236	27	254	9.0e-69	256.5
BCW-201878_03906	gnl|TC-DB|X5H3P0|3.D.10.1.6	52.7	590	267	8	7	588	12	597	9.1e-171	596.7
BCW-201878_03917	gnl|TC-DB|P03959|3.A.3.7.1	82.4	557	98	0	1	557	1	557	3.4e-260	893.6
BCW-201878_03918	gnl|TC-DB|P03960|3.A.3.7.1	91.3	682	59	0	1	682	1	682	0.0e+00	1172.9
BCW-201878_03919	gnl|TC-DB|P03961|3.A.3.7.1	69.1	188	58	0	1	188	1	188	4.6e-63	237.3
BCW-201878_03923	gnl|TC-DB|P0AAF1|2.A.3.2.1	93.1	435	30	0	2	436	4	438	3.5e-228	786.9
BCW-201878_03931	gnl|TC-DB|P75733|1.B.25.1.13	88.5	468	51	3	1	465	1	468	1.3e-252	868.2
BCW-201878_03934	gnl|TC-DB|P09323|4.A.1.1.2	55.4	662	259	9	2	657	16	647	4.7e-176	614.4
BCW-201878_03951	gnl|TC-DB|P0A2L3|9.A.40.1.2	94.5	292	16	0	16	307	1	292	1.9e-156	548.1
BCW-201878_03953	gnl|TC-DB|P37902|3.A.1.3.4	91.1	302	26	1	1	301	1	302	5.5e-156	546.6
BCW-201878_03954	gnl|TC-DB|P0AER3|3.A.1.3.4	89.4	246	26	0	1	246	1	246	5.0e-123	436.8
BCW-201878_03955	gnl|TC-DB|P0AER5|3.A.1.3.4	93.3	223	15	0	1	223	1	223	3.8e-109	390.6
BCW-201878_03956	gnl|TC-DB|P0AAG3|3.A.1.3.4	91.3	241	21	0	1	241	1	241	7.1e-122	433.0
BCW-201878_03960	gnl|TC-DB|P0ADC1|1.B.42.1.2	73.9	165	43	0	1	165	1	165	2.1e-68	255.0
BCW-201878_03966	gnl|TC-DB|P0ABG7|2.A.103.1.2	95.9	370	15	0	1	370	1	370	2.1e-197	684.5
BCW-201878_03973	gnl|TC-DB|P0A843|2.A.64.1.1	85.1	67	10	0	1	67	1	67	2.1e-23	104.0
BCW-201878_03975	gnl|TC-DB|P37002|1.A.43.1.1	82.7	127	22	0	1	127	1	127	3.5e-59	223.8
BCW-201878_03979	gnl|TC-DB|P0ABP3|2.A.61.1.1	91.6	455	38	0	1	455	1	455	2.3e-222	767.7
BCW-201878_04000	gnl|TC-DB|B8H230|3.A.1.2.21	35.2	321	190	5	14	327	16	325	5.7e-37	151.4
BCW-201878_04001	gnl|TC-DB|A6VKS8|3.A.1.2.13	37.8	495	303	4	6	499	7	497	1.4e-90	330.1
BCW-201878_04006	gnl|TC-DB|P15078|2.A.114.1.1	94.0	701	42	0	1	701	1	701	0.0e+00	1247.6
BCW-201878_04010	gnl|TC-DB|Q89SS6|2.A.1.42.2	23.6	501	360	12	27	522	632	1114	4.6e-20	95.9
BCW-201878_04012	gnl|TC-DB|C8U2V6|3.A.1.14.2	82.4	318	56	0	1	318	1	318	5.0e-147	516.9
BCW-201878_04013	gnl|TC-DB|Q8ZR35|2.A.1.38.3	81.3	412	77	0	1	412	1	412	3.9e-184	640.6
BCW-201878_04014	gnl|TC-DB|P23876|3.A.1.14.2	82.6	334	58	0	1	334	1	334	2.2e-145	511.5
BCW-201878_04015	gnl|TC-DB|P23877|3.A.1.14.2	77.9	330	73	0	1	330	1	330	6.3e-137	483.4
BCW-201878_04016	gnl|TC-DB|P23878|3.A.1.14.2	87.2	265	34	0	1	265	1	265	2.9e-132	467.6
BCW-201878_04017	gnl|TC-DB|P31552|4.C.1.1.6	22.1	511	329	14	477	951	39	516	1.8e-14	78.6
BCW-201878_04020	gnl|TC-DB|P05825|1.B.14.1.22	80.1	757	132	7	1	749	1	746	0.0e+00	1240.7
BCW-201878_04022	gnl|TC-DB|P0ABC9|2.A.15.1.4	94.5	676	37	0	1	676	1	676	0.0e+00	1267.3
BCW-201878_04030	gnl|TC-DB|P77308|3.A.1.5.38	44.4	322	178	1	15	336	14	334	9.2e-67	250.4
BCW-201878_04031	gnl|TC-DB|W0WMS8|3.A.1.5.39	41.1	280	159	1	2	275	19	298	1.4e-52	203.0
BCW-201878_04032	gnl|TC-DB|P45095|3.A.1.5.27	43.9	239	130	3	19	253	21	259	1.5e-46	183.0
BCW-201878_04033	gnl|TC-DB|O86575|3.A.1.5.34	43.3	224	123	2	9	228	56	279	1.5e-47	186.0
BCW-201878_04043	gnl|TC-DB|P46482|8.A.1.7.1	40.1	289	165	5	1	285	1	285	3.0e-50	195.3
BCW-201878_04049	gnl|TC-DB|Q9I0Y8|2.A.6.2.16	41.9	1039	586	3	4	1024	6	1044	2.0e-213	739.2
BCW-201878_04050	gnl|TC-DB|P76397|8.A.1.6.2	31.0	332	217	5	31	353	63	391	2.3e-44	176.0
BCW-201878_04051	gnl|TC-DB|A8R5V4|3.A.3.2.41	47.9	864	441	4	35	896	25	881	3.3e-220	761.5
BCW-201878_04061	gnl|TC-DB|D9X7X8|2.A.1.3.38	41.1	460	256	7	9	462	24	474	2.1e-80	296.2
BCW-201878_04062	gnl|TC-DB|P0AAT4|1.A.23.4.5	83.9	409	65	1	1	408	1	409	4.3e-191	663.7
BCW-201878_04063	gnl|TC-DB|P24207|2.A.3.1.1	90.0	462	42	1	1	462	1	458	2.4e-235	810.8
BCW-201878_04064	gnl|TC-DB|Q05202|1.B.14.1.15	53.3	705	309	8	31	727	66	758	1.4e-216	749.2
BCW-201878_04066	gnl|TC-DB|P21410|3.A.1.10.1	61.5	340	130	1	2	340	4	343	9.2e-115	409.8
BCW-201878_04067	gnl|TC-DB|P21409|3.A.1.10.1	72.5	509	140	0	16	524	19	527	1.2e-206	715.7
BCW-201878_04068	gnl|TC-DB|Q56925|3.A.1.10.5	82.2	338	60	0	1	338	1	338	2.8e-156	547.7
BCW-201878_04106	gnl|TC-DB|Q9LAU5|9.B.40.1.1	39.8	83	50	0	62	144	68	150	5.2e-14	76.3
BCW-201878_04152	gnl|TC-DB|P00726|1.M.1.1.1	56.2	137	59	1	1	136	16	152	5.3e-37	150.2
BCW-201878_04161	gnl|TC-DB|P80874|8.A.5.1.4	35.3	150	74	7	17	145	15	162	8.7e-15	77.4
BCW-201878_04164	gnl|TC-DB|P0AA60|9.B.27.2.1	86.3	219	30	0	1	219	1	219	2.0e-107	384.8
BCW-201878_04166	gnl|TC-DB|P0ABU7|1.A.30.2.1	85.2	244	35	1	1	243	1	244	4.7e-105	377.1
BCW-201878_04167	gnl|TC-DB|P0ABV2|1.A.30.2.1	78.0	141	31	0	1	141	1	141	4.0e-56	213.8
BCW-201878_04172	gnl|TC-DB|P63144|8.A.5.1.3	35.2	324	195	8	13	329	71	386	5.9e-45	177.9
BCW-201878_04179	gnl|TC-DB|P42061|3.A.1.5.20	28.9	501	328	11	39	518	41	534	5.1e-48	188.7
BCW-201878_04180	gnl|TC-DB|P42062|3.A.1.5.20	40.8	314	185	1	1	313	1	314	3.3e-66	248.4
BCW-201878_04181	gnl|TC-DB|P26904|3.A.1.5.2	39.1	276	166	2	6	279	45	320	1.7e-50	196.1
BCW-201878_04182	gnl|TC-DB|P26905|3.A.1.5.2	56.1	319	138	2	1	317	1	319	2.8e-97	351.7
BCW-201878_04183	gnl|TC-DB|P42065|3.A.1.5.20	52.5	324	150	4	5	324	6	329	5.3e-96	347.4
BCW-201878_04186	gnl|TC-DB|P75905|4.D.1.1.3	64.8	438	153	1	1	438	1	437	4.2e-168	587.4
BCW-201878_04188	gnl|TC-DB|P69434|1.B.55.1.1	42.2	792	441	6	40	826	28	807	1.2e-171	600.1
BCW-201878_04190	gnl|TC-DB|A8IBA8|1.B.12.5.2	31.3	518	294	9	498	1005	3301	3766	1.8e-57	221.1
BCW-201878_04193	gnl|TC-DB|P69795|4.A.3.2.1	96.2	104	4	0	1	104	1	104	1.4e-50	194.9
BCW-201878_04194	gnl|TC-DB|P17334|4.A.3.2.1	89.4	452	48	0	1	452	1	452	1.8e-211	731.5
BCW-201878_04195	gnl|TC-DB|P69791|4.A.3.2.1	85.1	114	17	0	1	114	1	114	5.2e-46	179.9
BCW-201878_04202	gnl|TC-DB|P77529|2.A.23.1.8	85.7	462	66	0	1	462	1	462	1.1e-208	722.2
BCW-201878_04209	gnl|TC-DB|P76206|1.B.75.1.3	86.5	252	34	0	23	274	1	252	1.1e-129	459.1
BCW-201878_04219	gnl|TC-DB|P06609|3.A.1.13.1	75.8	326	79	0	1	326	1	326	3.1e-136	481.1
BCW-201878_04221	gnl|TC-DB|P06611|3.A.1.13.1	69.8	248	75	0	1	248	1	248	2.2e-97	351.7
BCW-201878_04226	gnl|TC-DB|Q81E21|2.A.8.1.14	53.3	478	207	3	1	462	1	478	1.6e-130	462.6
BCW-201878_04231	gnl|TC-DB|A8GDS6|3.A.1.14.16	59.8	251	101	0	7	257	9	259	4.5e-82	300.8
BCW-201878_04232	gnl|TC-DB|Q56992|3.A.1.14.5	62.2	320	120	1	7	325	9	328	8.3e-97	350.1
BCW-201878_04233	gnl|TC-DB|A8GDS8|3.A.1.14.16	55.0	271	122	0	1	271	5	275	2.9e-79	291.6
BCW-201878_04235	gnl|TC-DB|P72412|1.B.14.2.14	84.7	621	94	1	41	660	40	660	0.0e+00	1117.4
BCW-201878_04238	gnl|TC-DB|Q9HXN5|4.A.1.1.15	26.3	414	235	12	391	780	433	800	1.5e-27	121.3
BCW-201878_04239	gnl|TC-DB|P75683|2.A.2.3.5	55.9	447	197	0	7	453	4	450	7.5e-144	506.9
BCW-201878_04241	gnl|TC-DB|B1LE48|2.A.86.2.1	84.0	369	59	0	1	369	1	369	2.3e-172	601.3
BCW-201878_04245	gnl|TC-DB|P07658|3.D.1.9.2	64.8	715	247	4	1	713	1	712	4.1e-290	993.4
BCW-201878_04253	gnl|TC-DB|Q5HGY5|3.A.1.11.8	28.4	232	144	7	1	228	4	217	1.7e-14	76.3
BCW-201878_04263	gnl|TC-DB|O32169|3.A.1.24.2	57.1	338	144	1	1	337	1	338	1.2e-106	382.9
BCW-201878_04264	gnl|TC-DB|O32168|3.A.1.24.2	61.7	222	85	0	1	222	1	222	1.8e-66	248.8
BCW-201878_04265	gnl|TC-DB|O32167|3.A.1.24.2	49.1	269	129	3	5	269	9	273	5.6e-67	250.8
BCW-201878_04267	gnl|TC-DB|Q8YPM7|3.A.1.3.18	38.4	198	118	2	27	220	177	374	4.5e-25	111.3
BCW-201878_04268	gnl|TC-DB|Q8YPM8|3.A.1.3.18	33.6	223	135	4	17	232	80	296	1.3e-25	113.2
BCW-201878_04269	gnl|TC-DB|P48243|3.A.1.3.9	54.2	240	109	1	24	263	2	240	1.8e-65	245.7
BCW-201878_04270	gnl|TC-DB|Q8RCC4|3.A.1.3.27	35.2	230	139	6	38	261	33	258	6.9e-28	120.9
BCW-201878_04274	gnl|TC-DB|P96878|2.A.53.3.12	29.4	170	113	2	26	189	571	739	5.6e-22	100.9
BCW-201878_04278	gnl|TC-DB|P37340|2.A.66.1.3	86.4	457	62	0	1	457	1	457	9.7e-221	762.3
BCW-201878_04281	gnl|TC-DB|P37597|2.A.1.2.62	77.6	401	87	2	1	399	1	400	1.3e-168	589.0
BCW-201878_04283	gnl|TC-DB|Q0HIQ8|3.A.1.2.14	27.0	233	151	10	58	277	21	247	4.2e-11	65.5
BCW-201878_04285	gnl|TC-DB|P77389|2.A.1.2.65	91.5	387	33	0	1	387	1	387	3.7e-189	657.1
BCW-201878_04295	gnl|TC-DB|P76187|8.A.5.1.7	87.9	298	36	0	1	298	1	298	4.6e-155	543.5
BCW-201878_04297	gnl|TC-DB|Q8ZPN4|2.A.85.1.5	80.6	679	130	1	1	677	1	679	0.0e+00	1090.5
BCW-201878_04298	gnl|TC-DB|P46482|8.A.1.7.1	41.8	273	158	1	23	295	14	285	9.6e-52	200.3
BCW-201878_04299	gnl|TC-DB|G4PZW1|8.A.48.1.1	66.7	78	26	0	1	78	1	78	4.3e-28	119.8
BCW-201878_04301	gnl|TC-DB|P76330|9.B.34.1.4	36.4	209	128	4	243	449	353	558	1.7e-23	107.1
BCW-201878_04309	gnl|TC-DB|P77304|2.A.17.1.2	86.9	498	62	2	1	496	1	497	1.5e-243	838.2
BCW-201878_04311	gnl|TC-DB|P77179|3.D.6.1.4	78.1	224	49	0	1	224	1	224	3.0e-93	337.8
BCW-201878_04312	gnl|TC-DB|P77285|3.D.6.1.4	75.7	206	50	0	1	206	1	206	1.4e-89	325.5
BCW-201878_04313	gnl|TC-DB|P76182|3.D.6.1.4	85.4	350	51	0	1	350	1	350	2.6e-173	604.4
BCW-201878_04314	gnl|TC-DB|P77611|3.D.6.1.4	80.4	556	109	0	1	556	1	556	1.0e-245	845.9
BCW-201878_04315	gnl|TC-DB|P77223|3.D.6.1.4	82.3	192	34	0	1	192	1	192	1.4e-75	278.9
BCW-201878_04316	gnl|TC-DB|P0A766|3.D.6.1.4	95.3	193	9	0	1	193	1	193	5.0e-94	340.1
BCW-201878_04322	gnl|TC-DB|P19642|4.A.1.1.3	86.7	218	29	0	9	226	313	530	2.0e-102	368.2
BCW-201878_04323	gnl|TC-DB|P19642|4.A.1.1.3	89.1	313	34	0	1	313	1	313	7.1e-162	566.2
BCW-201878_04336	gnl|TC-DB|P0ACX0|9.B.72.1.2	81.1	111	21	0	1	111	1	111	2.9e-46	180.6
BCW-201878_04338	gnl|TC-DB|P0AAE5|2.A.3.2.8	88.7	460	52	0	1	460	1	460	1.6e-231	798.1
BCW-201878_04340	gnl|TC-DB|P07001|3.D.2.1.1	90.0	509	50	1	1	508	1	509	2.3e-255	877.5
BCW-201878_04341	gnl|TC-DB|P0AB67|3.D.2.1.1	93.2	457	31	0	1	457	6	462	2.0e-237	817.8
BCW-201878_04346	gnl|TC-DB|P46133|2.A.68.1.1	88.6	508	58	0	1	508	1	508	3.7e-253	870.2
BCW-201878_04377	gnl|TC-DB|P0AEM9|3.A.1.3.10	91.4	266	23	0	1	266	1	266	7.3e-136	479.6
BCW-201878_04379	gnl|TC-DB|P0AFT2|3.A.1.3.10	92.3	222	17	0	1	222	1	222	1.3e-109	392.1
BCW-201878_04380	gnl|TC-DB|P37774|3.A.1.3.10	92.8	250	18	0	1	250	1	250	1.2e-127	452.2
BCW-201878_04385	gnl|TC-DB|K0WKG7|4.F.1.1.8	61.5	174	65	1	4	175	2	175	1.7e-51	198.7
BCW-201878_04392	gnl|TC-DB|P22731|3.A.1.4.1	58.6	237	98	0	1	237	1	237	3.3e-71	264.6
BCW-201878_04393	gnl|TC-DB|P0A9S7|3.A.1.4.1	51.2	283	108	2	1	283	1	253	3.0e-74	275.0
BCW-201878_04394	gnl|TC-DB|P21628|3.A.1.4.8	52.6	420	175	7	9	414	1	410	3.3e-106	381.7
BCW-201878_04395	gnl|TC-DB|P0AEX7|3.A.1.4.1	55.6	302	133	1	4	304	7	308	9.4e-87	316.6
BCW-201878_04396	gnl|TC-DB|P0AD96|3.A.1.4.1	42.9	359	196	5	13	367	8	361	1.5e-81	299.7
BCW-201878_04398	gnl|TC-DB|A8YQR5|3.A.23.2.1	23.4	525	340	18	22	522	15	501	1.7e-21	101.3
BCW-201878_04406	gnl|TC-DB|P0AAD4|2.A.42.1.1	81.4	403	75	0	1	403	1	403	2.2e-184	641.3
BCW-201878_04411	gnl|TC-DB|P0ABN9|2.A.13.1.2	54.7	446	198	1	1	446	2	443	8.0e-135	476.9
BCW-201878_04413	gnl|TC-DB|P02924|3.A.1.2.2	96.0	329	13	0	1	329	1	329	9.9e-183	635.6
BCW-201878_04414	gnl|TC-DB|P0AAF3|3.A.1.2.2	88.7	504	57	0	1	504	1	504	1.0e-263	905.2
BCW-201878_04415	gnl|TC-DB|P0AE26|3.A.1.2.2	93.0	328	23	0	1	328	1	328	1.9e-149	525.0
BCW-201878_04421	gnl|TC-DB|P09348|1.A.30.1.1	92.9	295	21	0	1	295	1	295	6.4e-149	523.1
BCW-201878_04422	gnl|TC-DB|P0AF06|1.A.30.1.1	85.8	309	43	1	1	309	1	308	5.1e-149	523.5
BCW-201878_04425	gnl|TC-DB|P96603|2.A.23.1.6	34.7	406	245	6	7	405	7	399	8.2e-65	244.2
BCW-201878_04429	gnl|TC-DB|Q6XBY3|1.B.11.6.1	35.7	830	477	15	9	792	10	828	1.4e-137	486.9
BCW-201878_04438	gnl|TC-DB|P42915|1.B.11.3.6	47.8	799	406	6	8	804	40	829	3.5e-213	738.0
BCW-201878_04441	gnl|TC-DB|P40727|3.A.6.2.1	86.4	383	51	1	1	382	1	383	2.4e-188	654.4
BCW-201878_04442	gnl|TC-DB|P40729|3.A.6.2.1	94.9	692	35	0	1	692	1	692	0.0e+00	1231.9
BCW-201878_04444	gnl|TC-DB|Q6D188|2.A.2.5.2	82.6	512	89	0	1	512	1	512	6.3e-240	826.2
BCW-201878_04448	gnl|TC-DB|P67826|9.B.158.1.2	72.7	245	67	0	1	245	1	245	9.9e-103	369.4
BCW-201878_04460	gnl|TC-DB|P39832|3.A.1.15.5	89.7	261	27	0	1	261	1	261	8.3e-108	386.3
BCW-201878_04461	gnl|TC-DB|P0A9X1|3.A.1.15.5	92.0	251	20	0	1	251	1	251	8.8e-131	462.6
BCW-201878_04462	gnl|TC-DB|P39172|3.A.1.15.5	85.0	314	43	1	6	319	1	310	5.0e-139	490.3
BCW-201878_04463	gnl|TC-DB|B7L5V2|1.A.34.1.3	41.0	210	118	2	198	407	14	217	4.3e-40	162.2
BCW-201878_04476	gnl|TC-DB|Q4KDN3|9.B.62.1.5	40.7	108	64	0	15	122	13	120	2.7e-16	81.3
BCW-201878_04477	gnl|TC-DB|P76278|9.B.62.1.4	53.4	290	134	1	1	289	1	290	5.3e-79	290.8
BCW-201878_04487	gnl|TC-DB|P23865|9.B.174.1.2	91.2	682	60	0	1	682	1	682	0.0e+00	1233.0
BCW-201878_04488	gnl|TC-DB|P23894|9.B.1.1.6	94.2	293	17	0	1	293	1	293	6.4e-149	523.1
BCW-201878_04489	gnl|TC-DB|P76269|2.A.1.3.17	82.7	457	79	0	1	457	1	457	8.5e-209	722.6
BCW-201878_04498	gnl|TC-DB|P76264|2.A.107.1.1	89.4	188	20	0	13	200	1	188	2.0e-93	338.2
BCW-201878_04500	gnl|TC-DB|P69805|4.A.6.1.1	91.9	283	23	0	1	283	4	286	2.0e-147	518.1
BCW-201878_04501	gnl|TC-DB|P69801|4.A.6.1.1	94.4	266	15	0	1	266	1	266	4.9e-132	466.8
BCW-201878_04502	gnl|TC-DB|P69797|4.A.6.1.1	93.2	323	20	1	1	321	1	323	6.1e-161	563.1
BCW-201878_04503	gnl|TC-DB|L5DDD7|2.A.109.2.3	50.3	521	241	9	1	509	370	884	6.2e-123	437.6
BCW-201878_04513	gnl|TC-DB|P69451|4.C.1.1.4	94.1	561	33	0	1	561	1	561	0.0e+00	1075.5
BCW-201878_04521	gnl|TC-DB|P0A6M2|5.A.2.1.1	75.6	176	43	0	1	176	1	176	5.3e-82	300.1
BCW-201878_04522	gnl|TC-DB|P0AFA7|2.A.34.1.1	77.7	511	113	1	1	510	1	511	1.8e-215	745.0
BCW-201878_04527	gnl|TC-DB|P76007|2.A.36.6.11	89.9	577	58	0	1	577	1	577	2.9e-294	1006.9
BCW-201878_04531	gnl|TC-DB|A6TAG3|1.E.43.1.1	65.9	82	27	1	1	82	1	81	6.3e-25	109.4
BCW-201878_04532	gnl|TC-DB|P06971|1.B.14.1.2	31.4	720	439	18	26	700	38	747	5.9e-84	308.5
BCW-201878_04535	gnl|TC-DB|P0ADL1|2.A.1.2.26	47.9	384	200	0	10	393	11	394	5.5e-87	317.8
BCW-201878_04541	gnl|TC-DB|P07658|3.D.1.9.2	29.3	365	220	9	114	463	61	402	1.1e-38	158.3
BCW-201878_04544	gnl|TC-DB|Q9KN51|3.A.23.1.1	35.7	445	284	2	1	444	1	444	3.0e-81	298.9
BCW-201878_04545	gnl|TC-DB|Q9KN50|3.A.23.1.1	35.9	223	135	5	20	238	37	255	3.6e-33	139.0
BCW-201878_04546	gnl|TC-DB|Q9KN45|3.A.23.1.1	25.3	1213	792	30	23	1198	31	1166	7.0e-93	339.0
BCW-201878_04549	gnl|TC-DB|Q6EE21|3.A.23.2.1	45.9	159	85	1	4	161	3	161	5.8e-33	137.1
BCW-201878_04550	gnl|TC-DB|Q6EE20|3.A.23.2.1	50.0	466	225	3	32	492	28	490	8.9e-135	476.9
BCW-201878_04560	gnl|TC-DB|Q6EE16|3.A.23.2.1	34.5	634	376	16	4	622	3	612	1.6e-88	323.6
BCW-201878_04562	gnl|TC-DB|Q6EE14|3.A.23.2.1	52.7	855	399	2	9	862	8	858	2.0e-246	848.6
BCW-201878_04564	gnl|TC-DB|A8YQR5|3.A.23.2.1	37.6	505	305	8	5	506	12	509	6.6e-85	312.0
BCW-201878_04584	gnl|TC-DB|P30000|2.A.1.5.3	39.5	408	239	6	10	413	12	415	1.2e-76	283.5
BCW-201878_04589	gnl|TC-DB|P38134|8.A.3.3.1	54.9	710	320	0	3	712	2	711	2.9e-219	758.1
BCW-201878_04591	gnl|TC-DB|P0A932|1.B.18.3.8	75.9	377	90	1	2	378	3	378	3.7e-165	577.4
BCW-201878_04592	gnl|TC-DB|P64534|2.A.113.1.1	63.4	112	39	1	1	110	1	112	5.7e-34	139.8
BCW-201878_04594	gnl|TC-DB|A0L4L0|3.A.1.132.3	38.7	341	194	5	12	350	2	329	7.2e-57	217.6
BCW-201878_04598	gnl|TC-DB|Q81JL2|9.B.33.1.1	30.8	581	363	10	5	555	3	574	5.8e-74	275.0
BCW-201878_04601	gnl|TC-DB|P33359|3.A.1.12.15	79.4	243	50	0	1	243	1	243	2.8e-97	351.3
BCW-201878_04602	gnl|TC-DB|P33360|3.A.1.12.15	82.4	306	53	1	1	306	1	305	1.8e-141	498.4
BCW-201878_04603	gnl|TC-DB|P33361|3.A.1.12.15	67.0	379	125	0	7	385	7	385	7.1e-132	466.8
BCW-201878_04604	gnl|TC-DB|P33362|3.A.1.12.15	86.2	305	42	0	1	305	1	305	3.8e-144	507.3
BCW-201878_04609	gnl|TC-DB|J2MRK2|9.B.29.3.1	40.7	182	108	0	7	188	8	189	9.8e-37	149.8
BCW-201878_04610	gnl|TC-DB|E4PCL6|9.B.27.2.7	78.8	189	40	0	1	189	1	189	3.8e-86	313.9
BCW-201878_04612	gnl|TC-DB|P33369|1.B.17.3.10	69.8	463	135	2	12	469	14	476	1.2e-173	605.9
BCW-201878_04614	gnl|TC-DB|P08722|4.A.1.2.2	56.8	620	257	1	6	614	4	623	5.5e-203	703.7
BCW-201878_04618	gnl|TC-DB|F4V3T5|1.E.14.1.4	88.3	128	15	0	1	128	4	131	1.0e-42	169.1
BCW-201878_04619	gnl|TC-DB|C6EAH0|2.A.122.1.1	89.6	231	24	0	1	231	1	231	1.6e-110	395.2
BCW-201878_04621	gnl|TC-DB|P0AFY2|9.B.114.1.1	88.6	237	27	0	1	237	1	237	4.3e-119	423.7
BCW-201878_04623	gnl|TC-DB|P23200|3.A.1.2.3	93.8	336	21	0	1	336	1	336	1.1e-165	578.9
BCW-201878_04624	gnl|TC-DB|P0AAG8|3.A.1.2.3	96.0	506	20	0	1	506	1	506	1.1e-281	964.9
BCW-201878_04625	gnl|TC-DB|P0AEE5|3.A.1.2.3	95.8	332	14	0	1	332	1	332	2.1e-180	627.9
BCW-201878_04627	gnl|TC-DB|P25747|9.B.169.1.2	80.0	385	77	0	1	385	1	385	6.4e-181	629.8
BCW-201878_04629	gnl|TC-DB|Q9I3T2|2.A.1.51.4	47.0	372	193	3	7	375	14	384	2.9e-77	285.4
BCW-201878_04631	gnl|TC-DB|P17315|1.B.14.1.4	81.3	663	117	4	1	656	1	663	0.0e+00	1122.8
BCW-201878_04632	gnl|TC-DB|P25737|2.A.3.1.2	92.6	489	36	0	1	489	1	489	2.9e-263	903.7
BCW-201878_04634	gnl|TC-DB|P62723|2.A.98.1.3	86.5	349	46	1	1	348	1	349	4.9e-164	573.5
BCW-201878_04636	gnl|TC-DB|P20966|4.A.2.1.1	90.4	563	52	2	1	561	1	563	2.1e-249	857.8
BCW-201878_04638	gnl|TC-DB|P69811|4.A.2.1.1	90.4	376	36	0	1	376	1	376	1.1e-188	655.6
BCW-201878_04639	gnl|TC-DB|P33026|2.A.1.20.2	84.0	393	63	0	1	393	1	393	6.5e-189	656.4
BCW-201878_04646	gnl|TC-DB|E9RJ18|3.A.7.13.2	36.3	91	53	2	94	180	271	360	6.8e-11	63.9
BCW-201878_04648	gnl|TC-DB|Q8ZNK0|3.A.1.5.24	78.7	601	128	0	1	601	1	601	2.6e-298	1020.4
BCW-201878_04649	gnl|TC-DB|P0AFU1|3.A.1.5.21	92.9	364	26	0	1	364	1	364	7.6e-192	666.0
BCW-201878_04650	gnl|TC-DB|P33915|3.A.1.5.21	84.5	341	53	0	1	341	1	341	2.5e-152	534.6
BCW-201878_04651	gnl|TC-DB|P33916|3.A.1.5.21	79.9	527	106	0	1	527	1	527	3.3e-236	813.9
BCW-201878_04653	gnl|TC-DB|P28246|2.A.1.2.7	88.6	395	45	0	1	395	1	395	5.2e-194	673.3
BCW-201878_04666	gnl|TC-DB|P67153|1.C.113.1.10	90.8	218	20	0	1	218	1	218	3.7e-109	390.6
BCW-201878_04677	gnl|TC-DB|B7LEG0|1.A.34.1.2	43.1	262	92	3	35	239	116	377	2.7e-52	201.8
BCW-201878_04680	gnl|TC-DB|Q8TZQ3|3.A.1.1.16	48.0	296	143	4	13	299	13	306	2.2e-66	249.2
BCW-201878_04681	gnl|TC-DB|O54371|3.A.1.20.1	24.5	261	188	5	15	274	16	268	1.3e-15	81.3
BCW-201878_04688	gnl|TC-DB|C6GYU4|2.A.76.1.9	28.0	189	128	4	4	185	7	194	5.6e-11	64.3
BCW-201878_04690	gnl|TC-DB|P63340|2.A.42.2.5	83.0	407	69	0	1	407	1	407	2.2e-187	651.4
BCW-201878_04691	gnl|TC-DB|Q8XG43|2.A.117.1.3	81.1	148	28	0	1	148	10	157	2.1e-63	238.0
BCW-201878_04696	gnl|TC-DB|P0AE24|2.A.1.1.2	92.2	472	36	1	1	471	1	472	6.9e-246	845.9
BCW-201878_04701	gnl|TC-DB|A6VKT0|3.A.1.2.13	24.8	262	190	4	61	318	26	284	3.9e-12	68.9
BCW-201878_04704	gnl|TC-DB|P31119|4.C.1.1.16	88.4	718	83	0	1	718	1	718	0.0e+00	1290.4
BCW-201878_04705	gnl|TC-DB|P39196|2.A.1.42.1	83.3	396	66	0	1	396	1	396	7.2e-180	626.3
BCW-201878_04706	gnl|TC-DB|P0A9T4|8.A.5.1.5	91.0	346	31	0	1	346	1	346	1.5e-184	641.7
BCW-201878_04710	gnl|TC-DB|Q9HY55|4.A.2.1.17	37.1	568	337	8	170	733	402	953	4.4e-85	312.4
BCW-201878_04720	gnl|TC-DB|Q6MDD6|3.A.7.16.1	27.7	567	309	16	40	589	219	701	4.7e-37	152.5
BCW-201878_04735	gnl|TC-DB|P0AAD6|2.A.42.2.1	93.0	429	30	0	1	429	1	429	3.9e-219	756.9
BCW-201878_04742	gnl|TC-DB|C4ZZU4|2.A.1.14.40	94.6	448	24	0	1	448	1	448	8.3e-249	855.5
BCW-201878_04746	gnl|TC-DB|Q93N33|2.A.21.9.2	30.8	273	166	8	265	522	752	1016	7.9e-20	95.9
BCW-201878_04754	gnl|TC-DB|P20166|4.A.1.1.9	46.3	521	254	9	14	519	6	515	9.3e-119	423.7
BCW-201878_04757	gnl|TC-DB|D1GUL7|2.A.1.3.59	54.2	415	189	1	11	425	4	417	3.9e-124	441.4
BCW-201878_04776	gnl|TC-DB|B7LEG0|1.A.34.1.2	76.6	381	80	3	1	374	1	379	2.4e-140	495.0
BCW-201878_04779	gnl|TC-DB|O32182|2.A.1.3.33	21.9	356	218	5	12	308	20	374	5.9e-20	95.1
BCW-201878_04788	gnl|TC-DB|P69367|2.A.1.2.21	28.7	390	252	9	14	397	15	384	6.1e-33	138.3
BCW-201878_04789	gnl|TC-DB|P15031|3.A.1.14.1	39.4	249	148	1	1	246	1	249	1.0e-49	193.4
BCW-201878_04790	gnl|TC-DB|Q7W024|3.A.1.14.20	35.5	313	195	3	31	343	4	309	1.1e-38	157.1
BCW-201878_04792	gnl|TC-DB|Q9KN48|3.A.23.1.1	42.8	278	156	2	330	606	143	418	6.5e-51	198.7
BCW-201878_04799	gnl|TC-DB|P0AAK3|3.D.1.9.2	86.5	200	27	0	1	200	1	200	4.3e-96	347.1
BCW-201878_04800	gnl|TC-DB|P16429|3.D.1.9.2	75.0	608	148	1	1	604	1	608	3.8e-257	883.6
BCW-201878_04801	gnl|TC-DB|P16430|3.D.1.9.2	86.0	307	43	0	1	307	1	307	2.3e-141	498.0
BCW-201878_04802	gnl|TC-DB|P16431|3.D.1.9.2	94.0	569	34	0	1	569	1	569	0.0e+00	1114.8
BCW-201878_04803	gnl|TC-DB|P16432|3.D.1.9.2	90.5	179	17	0	1	179	1	179	1.3e-80	295.4
BCW-201878_04804	gnl|TC-DB|P16433|3.D.1.9.2	92.5	255	19	0	1	255	1	255	1.0e-139	492.3
BCW-201878_04807	gnl|TC-DB|Q86Z14|8.A.49.1.2	25.1	491	288	18	4	474	81	511	1.1e-36	151.0
BCW-201878_04808	gnl|TC-DB|P24241|4.A.1.2.3	89.4	482	49	1	1	482	1	480	5.3e-233	803.1
BCW-201878_04810	gnl|TC-DB|Q5P036|5.A.3.11.1	33.3	171	89	8	5	158	5	167	1.8e-16	82.4
BCW-201878_04812	gnl|TC-DB|P23516|2.A.52.1.1	53.0	336	154	3	9	340	16	351	5.6e-96	347.4
BCW-201878_04815	gnl|TC-DB|Q9KN48|3.A.23.1.1	42.2	263	147	1	187	449	193	450	2.6e-49	193.0
BCW-201878_04820	gnl|TC-DB|P05706|4.A.4.1.1	78.0	118	26	0	1	118	1	118	1.4e-49	191.8
BCW-201878_04821	gnl|TC-DB|P56580|4.A.4.1.1	91.6	320	25	2	1	319	1	319	3.7e-150	527.3
BCW-201878_04822	gnl|TC-DB|P56579|4.A.4.1.1	95.7	187	8	0	1	187	1	187	4.9e-102	366.7
BCW-201878_04824	gnl|TC-DB|A1IQK5|3.A.1.15.10	42.1	202	116	1	2	202	13	214	5.2e-39	157.5
BCW-201878_04825	gnl|TC-DB|A1IQK4|3.A.1.15.10	55.0	271	121	1	3	273	4	273	3.4e-70	261.5
BCW-201878_04826	gnl|TC-DB|Q5FA63|3.A.1.15.10	39.9	306	159	4	1	285	6	307	9.8e-54	206.8
BCW-201878_04840	gnl|TC-DB|E1P8P0|9.B.27.3.1	89.4	142	15	0	1	142	1	142	6.0e-68	253.1
BCW-201878_04845	gnl|TC-DB|P0AEJ0|2.A.1.3.2	91.3	515	42	1	1	515	1	512	4.7e-272	932.9
BCW-201878_04846	gnl|TC-DB|P27303|8.A.1.1.1	85.1	390	58	0	1	390	1	390	3.4e-174	607.4
BCW-201878_04848	gnl|TC-DB|P76628|2.A.1.36.3	85.3	394	58	0	1	394	1	394	5.0e-173	603.6
BCW-201878_04849	gnl|TC-DB|P0AFM2|3.A.1.12.1	82.5	331	57	1	1	331	1	330	1.9e-165	578.2
BCW-201878_04850	gnl|TC-DB|P14176|3.A.1.12.1	78.5	354	76	0	1	354	1	354	5.2e-145	510.4
BCW-201878_04851	gnl|TC-DB|P14175|3.A.1.12.1	94.2	399	23	0	1	399	1	399	1.3e-213	738.4
BCW-201878_04858	gnl|TC-DB|A8ANM6|2.A.104.1.1	92.6	149	11	0	1	149	1	149	6.9e-75	276.2
BCW-201878_04863	gnl|TC-DB|P0AE42|9.B.12.2.1	88.2	51	6	0	1	51	1	51	3.1e-22	99.8
BCW-201878_04878	gnl|TC-DB|Q9I2M0|3.A.1.109.4	41.0	368	213	4	29	393	27	393	1.3e-67	253.4
BCW-201878_04879	gnl|TC-DB|Q9I2M1|3.A.1.109.4	36.0	672	426	3	40	711	42	709	9.4e-117	417.5
BCW-201878_04900	gnl|TC-DB|D5CKG5|2.A.113.1.2	94.7	379	16	1	1	379	1	375	1.7e-181	631.7
BCW-201878_04902	gnl|TC-DB|Q44591|2.A.1.31.1	60.9	447	158	3	16	446	26	471	6.6e-137	483.8
BCW-201878_04922	gnl|TC-DB|D4ZZR3|9.B.34.1.3	39.4	165	90	2	104	258	229	393	5.6e-27	117.9
BCW-201878_04931	gnl|TC-DB|Q52001|3.A.7.14.1	26.7	221	123	7	8	196	1	214	1.4e-16	84.0
