BCW-200599_00004	gnl|TC-DB|Q8G8W9|1.B.14.1.26	64.6	796	274	5	29	820	17	808	8.7e-313	1068.9
BCW-200599_00005	gnl|TC-DB|Q51340|3.A.1.113.2	71.8	549	154	1	1	549	1	548	5.1e-224	773.5
BCW-200599_00006	gnl|TC-DB|Q5EGM5|9.A.25.1.1	31.4	188	108	6	134	301	266	452	2.5e-15	79.3
BCW-200599_00010	gnl|TC-DB|Q8ZRH0|2.A.6.2.25	29.7	472	309	9	6	461	31	495	1.5e-38	157.1
BCW-200599_00011	gnl|TC-DB|P75831|3.A.1.122.1	46.6	663	330	7	3	657	2	648	7.8e-147	517.3
BCW-200599_00012	gnl|TC-DB|Q84BQ3|3.A.1.122.12	42.7	354	194	3	30	383	9	353	9.0e-42	167.5
BCW-200599_00015	gnl|TC-DB|P36640|3.A.3.4.1	63.3	871	315	1	34	899	32	902	1.5e-310	1061.6
BCW-200599_00016	gnl|TC-DB|P22037|9.B.20.1.1	49.7	155	76	2	16	170	11	163	2.2e-30	129.0
BCW-200599_00022	gnl|TC-DB|Q6MLE8|1.A.23.4.12	26.9	212	151	1	106	313	126	337	4.7e-16	82.4
BCW-200599_00024	gnl|TC-DB|Q9KIH3|2.A.1.3.18	34.3	501	326	2	31	530	29	527	2.5e-79	292.7
BCW-200599_00025	gnl|TC-DB|Q9RQ30|8.A.1.1.2	38.9	306	177	4	58	362	61	357	6.0e-35	144.8
BCW-200599_00026	gnl|TC-DB|P15321|1.B.20.1.1	36.9	491	293	10	65	552	57	533	3.6e-71	265.8
BCW-200599_00027	gnl|TC-DB|P15320|1.C.75.1.1	31.3	1479	926	33	8	1424	6	1456	2.1e-131	467.2
BCW-200599_00029	gnl|TC-DB|Q56725|2.A.33.1.2	54.2	367	166	2	27	392	8	373	5.4e-106	380.9
BCW-200599_00033	gnl|TC-DB|Q9HXB2|1.B.14.1.12	43.6	785	396	13	31	807	39	784	3.3e-179	625.2
BCW-200599_00035	gnl|TC-DB|F2WVP9|2.A.1.60.3	50.8	370	182	0	14	383	8	377	5.0e-93	337.8
BCW-200599_00038	gnl|TC-DB|P0AA82|2.A.39.1.1	39.1	412	243	5	8	418	5	409	1.4e-72	270.0
BCW-200599_00047	gnl|TC-DB|O32105|2.A.8.1.12	50.7	404	188	5	43	439	43	442	1.9e-104	375.9
BCW-200599_00053	gnl|TC-DB|Q21EL3|1.B.14.1.24	31.2	677	433	15	49	706	35	697	3.1e-88	322.8
BCW-200599_00070	gnl|TC-DB|P16682|3.A.1.9.1	24.1	261	188	5	5	258	8	265	1.6e-11	66.6
BCW-200599_00071	gnl|TC-DB|A0QQ70|3.A.1.9.2	37.0	238	146	3	18	254	25	259	2.3e-28	122.5
BCW-200599_00072	gnl|TC-DB|P16683|3.A.1.9.1	34.1	255	148	3	17	271	21	255	9.9e-27	117.1
BCW-200599_00073	gnl|TC-DB|P16683|3.A.1.9.1	43.4	159	90	0	95	253	101	259	1.8e-30	129.4
BCW-200599_00075	gnl|TC-DB|O07002|2.A.3.11.1	59.1	516	210	1	1	515	1	516	2.4e-186	648.3
BCW-200599_00091	gnl|TC-DB|B2D7K2|3.A.23.1.1	37.3	518	296	8	10	509	6	512	6.9e-91	332.0
BCW-200599_00122	gnl|TC-DB|A0L4L0|3.A.1.132.3	39.1	338	192	5	6	342	4	328	1.6e-61	233.0
BCW-200599_00124	gnl|TC-DB|C4N8U4|3.D.6.1.2	36.3	190	114	3	4	186	3	192	1.9e-21	99.0
BCW-200599_00125	gnl|TC-DB|P77223|3.D.6.1.4	54.8	104	44	2	3	103	36	139	1.3e-27	120.6
BCW-200599_00126	gnl|TC-DB|P76182|3.D.6.1.4	40.1	339	183	4	2	321	8	345	1.1e-67	253.4
BCW-200599_00141	gnl|TC-DB|P07658|3.D.1.9.2	25.0	649	419	14	44	653	37	656	1.6e-36	151.0
BCW-200599_00144	gnl|TC-DB|Q82VN5|3.A.1.10.4	51.4	352	164	2	6	350	4	355	5.3e-100	360.9
BCW-200599_00147	gnl|TC-DB|P0AER0|1.A.8.1.1	73.9	257	67	0	6	262	3	259	1.6e-109	392.1
BCW-200599_00151	gnl|TC-DB|Q88NY2|3.A.1.3.19	74.9	307	74	3	1	307	2	305	2.9e-128	454.5
BCW-200599_00152	gnl|TC-DB|Q88NY3|3.A.1.3.19	93.5	248	16	0	1	248	1	248	6.9e-128	453.0
BCW-200599_00153	gnl|TC-DB|Q88NY4|3.A.1.3.19	90.6	223	21	0	1	223	1	223	2.3e-106	381.3
BCW-200599_00154	gnl|TC-DB|Q9I405|3.A.1.3.22	92.2	244	19	0	1	244	1	244	1.8e-128	454.9
BCW-200599_00156	gnl|TC-DB|Q9KN48|3.A.23.1.1	37.4	369	188	5	112	437	156	524	3.6e-55	212.2
BCW-200599_00157	gnl|TC-DB|P52112|9.B.72.1.1	77.1	109	25	0	4	112	1	109	7.6e-42	166.0
BCW-200599_00162	gnl|TC-DB|G8WDN4|2.A.76.1.10	55.2	210	94	0	1	210	1	210	1.9e-57	218.8
BCW-200599_00165	gnl|TC-DB|P0AAP1|9.B.34.1.2	34.3	178	104	4	302	472	195	366	1.4e-19	94.7
BCW-200599_00166	gnl|TC-DB|D4ZZR3|9.B.34.1.3	31.2	192	124	3	163	349	205	393	9.4e-17	85.1
BCW-200599_00167	gnl|TC-DB|Q74FY6|5.B.3.1.1	40.0	295	160	4	29	311	34	323	1.3e-51	199.9
BCW-200599_00169	gnl|TC-DB|Q9HV74|2.A.21.9.1	29.0	352	190	9	122	467	684	981	2.2e-26	116.7
BCW-200599_00170	gnl|TC-DB|P76037|2.A.3.1.13	44.3	433	238	3	3	432	17	449	2.5e-96	349.0
BCW-200599_00175	gnl|TC-DB|P37460|2.A.3.1.6	56.5	441	190	2	18	457	7	446	9.3e-142	500.0
BCW-200599_00188	gnl|TC-DB|Q51485|1.B.19.1.1	68.6	433	134	1	23	453	22	454	2.2e-185	644.8
BCW-200599_00196	gnl|TC-DB|A0ZUB1|3.A.1.122.12	99.2	652	4	1	1	652	1	651	0.0e+00	1226.1
BCW-200599_00197	gnl|TC-DB|Q84BQ3|3.A.1.122.12	99.4	362	2	0	21	382	1	362	5.2e-151	530.4
BCW-200599_00198	gnl|TC-DB|Q89SS6|2.A.1.42.2	23.7	497	305	16	3760	4218	654	1114	4.5e-15	82.8
BCW-200599_00199	gnl|TC-DB|Q42524|4.C.1.1.7	23.1	503	341	11	574	1046	67	553	1.4e-21	104.0
BCW-200599_00200	gnl|TC-DB|Q42524|4.C.1.1.7	22.4	442	284	11	498	895	63	489	3.0e-14	78.6
BCW-200599_00202	gnl|TC-DB|Q6V6X7|2.A.6.2.18	68.6	472	139	5	5	468	4	474	8.9e-169	589.7
BCW-200599_00213	gnl|TC-DB|P09391|9.B.104.1.1	34.3	175	107	4	115	286	106	275	8.2e-24	107.5
BCW-200599_00217	gnl|TC-DB|P0AB93|3.A.4.1.1	72.3	426	118	0	1	426	1	426	8.9e-168	586.3
BCW-200599_00228	gnl|TC-DB|P33913|3.A.1.5.21	39.6	601	342	9	5	602	5	587	3.5e-125	445.3
BCW-200599_00229	gnl|TC-DB|Q8ZNK0|3.A.1.5.24	42.0	559	316	6	35	590	34	587	1.2e-125	446.8
BCW-200599_00230	gnl|TC-DB|Q7CQ74|3.A.1.5.24	63.5	364	124	2	1	355	1	364	9.2e-126	446.4
BCW-200599_00231	gnl|TC-DB|P33915|3.A.1.5.21	59.1	337	137	1	3	339	4	339	1.2e-114	409.5
BCW-200599_00232	gnl|TC-DB|P33916|3.A.1.5.21	58.6	522	214	2	6	525	5	526	1.7e-168	589.0
BCW-200599_00243	gnl|TC-DB|P38101|2.A.76.1.4	29.5	190	129	4	2	189	4	190	8.3e-12	67.0
BCW-200599_00245	gnl|TC-DB|Q93N33|2.A.21.9.2	27.6	250	169	5	499	741	766	1010	8.7e-17	85.5
BCW-200599_00247	gnl|TC-DB|P0AG34|2.A.76.1.1	27.8	198	143	0	9	206	9	206	6.3e-18	87.4
BCW-200599_00252	gnl|TC-DB|P31133|3.A.1.11.2	41.3	361	210	2	6	364	9	369	2.8e-77	285.4
BCW-200599_00256	gnl|TC-DB|Q93N33|2.A.21.9.2	29.8	272	180	7	160	423	741	1009	3.4e-18	89.4
BCW-200599_00262	gnl|TC-DB|P71997|2.A.53.4.2	30.2	516	356	3	9	520	19	534	1.4e-53	207.2
BCW-200599_00263	gnl|TC-DB|P0AAD6|2.A.42.2.1	67.0	412	128	3	21	424	16	427	1.9e-149	525.4
BCW-200599_00281	gnl|TC-DB|P94400|9.B.10.1.1	32.0	387	193	13	13	344	3	374	1.5e-35	146.7
BCW-200599_00282	gnl|TC-DB|Q46821|2.A.40.3.3	41.6	435	253	1	2	435	10	444	7.9e-98	354.0
BCW-200599_00286	gnl|TC-DB|A8J166|2.A.39.3.14	38.5	496	264	10	25	492	17	499	4.7e-88	321.6
BCW-200599_00291	gnl|TC-DB|Q4KDN3|9.B.62.1.5	73.0	122	31	2	1	120	1	122	1.8e-41	164.9
BCW-200599_00292	gnl|TC-DB|Q4KDN4|9.B.62.1.5	70.1	288	80	2	1	282	1	288	1.3e-101	365.9
BCW-200599_00293	gnl|TC-DB|P27303|8.A.1.1.1	47.1	138	71	2	243	378	216	353	5.5e-28	121.7
BCW-200599_00296	gnl|TC-DB|Q9I6P8|1.B.25.1.14	71.1	412	110	5	28	431	11	421	7.4e-170	593.2
BCW-200599_00299	gnl|TC-DB|P43020|2.A.56.1.5	35.5	304	190	4	3	304	6	305	2.8e-49	192.2
BCW-200599_00301	gnl|TC-DB|Q8ZKS0|2.A.56.1.5	39.4	424	251	3	6	425	11	432	2.4e-72	269.2
BCW-200599_00302	gnl|TC-DB|E7BBJ3|2.A.102.4.2	39.3	267	158	2	1	266	1	264	2.8e-42	168.7
BCW-200599_00313	gnl|TC-DB|P0AG34|2.A.76.1.1	34.4	195	127	1	7	200	9	203	3.0e-20	95.1
BCW-200599_00322	gnl|TC-DB|P16482|2.A.1.6.1	78.5	419	90	0	8	426	23	441	5.8e-183	636.7
BCW-200599_00325	gnl|TC-DB|P45522|2.A.37.1.2	44.8	594	318	8	6	597	5	590	2.1e-122	436.0
BCW-200599_00340	gnl|TC-DB|P31133|3.A.1.11.2	51.1	362	174	2	11	371	11	370	8.7e-111	396.7
BCW-200599_00342	gnl|TC-DB|P0A754|2.A.37.1.1	50.0	56	28	0	67	122	45	100	4.1e-11	64.7
BCW-200599_00348	gnl|TC-DB|O34474|2.A.66.1.25	42.2	453	259	2	3	452	10	462	7.7e-93	337.4
BCW-200599_00351	gnl|TC-DB|D4ZZR3|9.B.34.1.3	42.9	175	90	3	379	546	222	393	9.4e-29	124.8
BCW-200599_00354	gnl|TC-DB|P96668|2.A.7.3.24	71.7	283	80	0	15	297	5	287	1.5e-108	389.0
BCW-200599_00355	gnl|TC-DB|Q1J2S8|2.A.53.3.13	44.2	473	255	3	7	478	22	486	1.4e-97	353.2
BCW-200599_00363	gnl|TC-DB|P0A754|2.A.37.1.1	35.3	116	61	3	80	195	45	146	6.9e-14	74.3
BCW-200599_00375	gnl|TC-DB|P31134|3.A.1.11.2	62.3	358	133	2	22	378	19	375	6.8e-119	423.7
BCW-200599_00376	gnl|TC-DB|P31135|3.A.1.11.2	60.0	290	116	0	15	304	28	317	2.3e-101	365.2
BCW-200599_00377	gnl|TC-DB|P0AFL1|3.A.1.11.2	64.0	264	95	0	10	273	15	278	4.0e-87	317.8
BCW-200599_00378	gnl|TC-DB|P31133|3.A.1.11.2	56.0	359	157	1	8	365	12	370	4.0e-116	414.5
BCW-200599_00384	gnl|TC-DB|Q46839|2.A.14.1.2	45.3	581	295	4	1	581	2	559	3.7e-132	468.4
BCW-200599_00415	gnl|TC-DB|Q89K67|2.A.55.2.6	49.0	418	213	0	39	456	27	444	2.3e-105	379.0
BCW-200599_00417	gnl|TC-DB|C6W3S2|9.B.72.2.2	28.3	240	171	1	9	247	1	240	3.8e-20	95.1
BCW-200599_00421	gnl|TC-DB|O50181|3.A.1.3.11	73.3	258	68	1	1	258	1	257	5.9e-106	380.2
BCW-200599_00430	gnl|TC-DB|P76037|2.A.3.1.13	34.7	432	271	7	9	434	15	441	2.3e-65	246.1
BCW-200599_00435	gnl|TC-DB|P0AAP1|9.B.34.1.2	37.5	333	208	0	8	340	34	366	1.4e-60	229.9
BCW-200599_00443	gnl|TC-DB|B2D7K2|3.A.23.1.1	47.6	655	310	10	10	643	6	648	1.4e-101	367.1
BCW-200599_00456	gnl|TC-DB|Q7D911|3.A.1.125.2	24.0	809	561	17	43	809	49	845	5.9e-43	172.6
BCW-200599_00457	gnl|TC-DB|B1ZMU0|3.A.1.125.5	46.4	220	108	2	1	217	28	240	1.5e-41	166.0
BCW-200599_00461	gnl|TC-DB|H8E4X1|9.B.18.1.2	45.7	184	98	2	55	237	331	513	6.6e-38	154.1
BCW-200599_00479	gnl|TC-DB|Q6MLE8|1.A.23.4.12	27.4	208	143	4	105	306	126	331	3.1e-12	69.7
BCW-200599_00494	gnl|TC-DB|Q5P737|2.A.1.51.1	26.1	375	260	11	12	378	13	378	9.0e-13	71.2
BCW-200599_00497	gnl|TC-DB|P33116|3.A.1.111.2	31.1	591	386	8	22	606	15	590	1.5e-75	280.4
BCW-200599_00503	gnl|TC-DB|Q9KN48|3.A.23.1.1	33.9	313	176	9	195	495	197	490	1.2e-31	134.4
BCW-200599_00510	gnl|TC-DB|515542128|1.M.1.4.1	50.6	166	82	0	2	167	11	176	2.4e-34	141.7
BCW-200599_00536	gnl|TC-DB|A6VKT0|3.A.1.2.13	27.4	277	170	10	34	301	1	255	1.9e-11	66.6
BCW-200599_00537	gnl|TC-DB|Q1M4Q8|3.A.1.2.16	37.5	336	193	3	2	320	10	345	3.1e-43	172.2
BCW-200599_00538	gnl|TC-DB|Q9X051|3.A.1.2.19	41.9	501	276	7	9	497	12	509	2.6e-97	352.4
BCW-200599_00539	gnl|TC-DB|P02925|3.A.1.2.1	33.0	294	182	5	10	303	6	284	4.8e-33	138.3
BCW-200599_00561	gnl|TC-DB|Q6LNU9|9.B.160.1.8	44.5	155	84	2	6	159	5	158	2.7e-28	121.7
BCW-200599_00575	gnl|TC-DB|P0AAP1|9.B.34.1.2	33.3	177	112	2	650	826	199	369	1.0e-21	102.4
BCW-200599_00586	gnl|TC-DB|C5W790|2.A.1.3.36	26.9	342	234	6	6	343	13	342	3.9e-28	122.1
BCW-200599_00587	gnl|TC-DB|Q9KIH3|2.A.1.3.18	43.8	507	276	1	16	513	19	525	2.9e-120	428.7
BCW-200599_00593	gnl|TC-DB|Q46821|2.A.40.3.3	41.0	432	248	5	10	436	16	445	2.0e-81	299.7
BCW-200599_00600	gnl|TC-DB|D4ZZR3|9.B.34.1.3	41.6	178	101	3	331	507	220	395	1.3e-30	131.0
BCW-200599_00604	gnl|TC-DB|Q4KCN4|9.B.62.1.5	75.0	563	141	0	6	568	11	573	4.4e-255	876.7
BCW-200599_00605	gnl|TC-DB|Q4KCN5|1.B.76.1.6	69.7	234	70	1	55	288	100	332	2.6e-102	368.2
BCW-200599_00606	gnl|TC-DB|Q4KDN3|9.B.62.1.5	40.3	124	67	2	1	123	3	120	2.3e-15	78.2
BCW-200599_00607	gnl|TC-DB|P12377|9.B.62.1.2	47.2	305	143	4	1	287	1	305	9.9e-62	233.4
BCW-200599_00613	gnl|TC-DB|P0AAE0|2.A.3.1.7	53.8	442	204	0	11	452	16	457	8.4e-127	450.3
BCW-200599_00615	gnl|TC-DB|M3JA40|1.B.52.2.1	52.8	106	50	0	471	576	287	392	4.0e-18	89.7
BCW-200599_00623	gnl|TC-DB|G0CIY2|9.B.18.1.1	36.5	425	256	5	48	461	59	480	3.3e-67	252.3
BCW-200599_00637	gnl|TC-DB|P0A927|1.B.10.1.1	50.0	284	133	3	43	319	13	294	7.3e-82	300.4
BCW-200599_00638	gnl|TC-DB|982167516|1.B.12.5.11	41.8	452	232	7	3072	3497	1903	2349	8.6e-83	307.0
BCW-200599_00646	gnl|TC-DB|Q05202|1.B.14.1.15	42.6	686	383	5	51	734	82	758	1.8e-168	589.3
BCW-200599_00651	gnl|TC-DB|P33916|3.A.1.5.21	57.5	529	218	4	1	522	1	529	1.0e-160	563.1
BCW-200599_00652	gnl|TC-DB|P33915|3.A.1.5.21	55.0	338	151	1	1	338	1	337	2.7e-106	381.7
BCW-200599_00653	gnl|TC-DB|P0AFU1|3.A.1.5.21	62.4	362	122	4	4	352	4	364	7.5e-120	426.8
BCW-200599_00654	gnl|TC-DB|Q8ZNK0|3.A.1.5.24	34.8	595	372	11	10	601	6	587	2.5e-94	342.8
BCW-200599_00655	gnl|TC-DB|G0LBU8|1.B.14.6.11	25.1	870	537	34	59	903	197	976	4.2e-34	143.3
BCW-200599_00656	gnl|TC-DB|Q1D0D2|1.A.30.2.7	44.2	120	67	0	12	131	13	132	1.6e-19	92.0
BCW-200599_00657	gnl|TC-DB|Q1D0D3|1.A.30.2.7	35.8	215	134	2	6	216	21	235	2.2e-27	119.0
BCW-200599_00663	gnl|TC-DB|P80874|8.A.5.1.4	36.3	201	111	6	8	192	10	209	1.5e-27	119.8
BCW-200599_00667	gnl|TC-DB|Q89V93|2.A.102.4.6	28.5	277	173	7	5	260	88	360	1.7e-15	79.7
BCW-200599_00673	gnl|TC-DB|P70786|2.A.1.14.3	41.0	420	241	5	17	433	24	439	9.6e-88	320.5
BCW-200599_00676	gnl|TC-DB|O29973|2.A.7.3.28	27.6	272	189	5	11	281	5	269	3.2e-23	105.5
BCW-200599_00680	gnl|TC-DB|Q1DBZ0|2.A.86.2.2	26.2	332	236	3	12	338	12	339	1.0e-20	97.4
BCW-200599_00688	gnl|TC-DB|P0AGE4|2.A.23.4.1	68.7	409	128	0	2	410	3	411	1.4e-146	515.8
BCW-200599_00689	gnl|TC-DB|Q9S3J9|2.A.1.2.18	31.5	371	253	1	3	373	13	382	9.9e-41	164.1
BCW-200599_00692	gnl|TC-DB|L5DDD7|2.A.109.2.3	45.9	233	124	1	5	237	370	600	1.9e-53	205.7
BCW-200599_00710	gnl|TC-DB|Q8NLD6|2.A.1.2.87	25.5	380	276	4	19	392	10	388	1.0e-16	84.3
BCW-200599_00725	gnl|TC-DB|A8YQR5|3.A.23.2.1	29.8	467	279	15	16	449	17	467	2.2e-39	159.8
BCW-200599_00734	gnl|TC-DB|Q6XBY3|1.B.11.6.1	38.3	817	456	15	13	784	13	826	5.9e-157	551.2
BCW-200599_00740	gnl|TC-DB|A8GHT9|2.A.1.36.2	50.3	384	190	1	6	388	20	403	9.8e-92	333.6
BCW-200599_00746	gnl|TC-DB|Q9V0A4|3.B.1.1.5	34.8	531	310	12	22	531	3	518	3.3e-71	265.8
BCW-200599_00748	gnl|TC-DB|P69451|4.C.1.1.4	32.0	540	335	16	30	554	29	551	6.9e-67	251.5
BCW-200599_00756	gnl|TC-DB|P0ADE4|1.B.33.2.4	35.0	571	357	7	2	563	12	577	4.9e-97	351.7
BCW-200599_00757	gnl|TC-DB|P39321|9.B.22.1.2	26.4	1316	810	39	6	1224	5	1259	2.3e-107	387.1
BCW-200599_00760	gnl|TC-DB|P24126|1.B.17.3.2	34.3	373	228	5	9	371	11	376	2.0e-54	209.9
BCW-200599_00761	gnl|TC-DB|P27303|8.A.1.1.1	46.1	349	188	0	43	391	41	389	1.7e-80	296.2
BCW-200599_00762	gnl|TC-DB|P0AEJ0|2.A.1.3.2	51.3	493	236	2	12	500	12	504	2.1e-139	492.3
BCW-200599_00767	gnl|TC-DB|Q9KN48|3.A.23.1.1	31.7	496	257	17	165	612	63	524	2.8e-45	179.9
BCW-200599_00768	gnl|TC-DB|G3LHY8|3.A.1.1.35	45.8	356	193	0	3	358	2	357	2.8e-85	312.0
BCW-200599_00769	gnl|TC-DB|G3LHY9|3.A.1.1.35	56.0	359	149	4	1	359	1	350	1.9e-113	405.6
BCW-200599_00770	gnl|TC-DB|G3LHZ0|3.A.1.1.35	68.3	287	91	0	1	287	1	287	3.6e-112	401.0
BCW-200599_00771	gnl|TC-DB|G3LHZ1|3.A.1.1.35	80.5	261	50	1	6	266	14	273	6.7e-121	429.9
BCW-200599_00773	gnl|TC-DB|G3LHZ3|3.A.1.1.35	67.5	563	172	5	20	575	8	566	5.2e-227	783.5
BCW-200599_00774	gnl|TC-DB|Q9HV74|2.A.21.9.1	27.7	282	166	9	178	449	704	957	3.5e-11	66.2
BCW-200599_00776	gnl|TC-DB|Q88RT4|2.A.6.1.5	57.6	394	163	1	18	411	27	416	6.6e-99	357.5
BCW-200599_00777	gnl|TC-DB|Q88RT5|2.A.6.1.5	67.3	339	111	0	59	397	78	416	1.4e-122	436.0
BCW-200599_00778	gnl|TC-DB|Q88RT6|2.A.6.1.5	83.2	1045	175	1	1	1044	1	1045	0.0e+00	1671.4
BCW-200599_00782	gnl|TC-DB|B7V849|1.B.25.1.32	62.8	419	154	2	25	441	30	448	5.1e-158	553.9
BCW-200599_00786	gnl|TC-DB|P0AFF0|3.D.1.1.1	57.9	485	198	2	1	483	1	481	1.1e-150	529.6
BCW-200599_00787	gnl|TC-DB|P0AFE8|3.D.1.1.1	70.8	507	143	3	1	504	1	505	6.2e-200	693.3
BCW-200599_00788	gnl|TC-DB|P33607|3.D.1.1.1	67.5	615	197	2	1	615	1	612	3.0e-233	804.3
BCW-200599_00789	gnl|TC-DB|P0AFE4|3.D.1.1.1	52.5	99	47	0	4	102	2	100	3.0e-21	97.4
BCW-200599_00790	gnl|TC-DB|P0AFE0|3.D.1.1.1	64.4	163	57	1	1	163	1	162	5.9e-51	196.8
BCW-200599_00791	gnl|TC-DB|P0AFD6|3.D.1.1.1	83.5	176	29	0	7	182	5	180	4.6e-73	270.4
BCW-200599_00792	gnl|TC-DB|P0AFD4|3.D.1.1.1	72.8	327	84	3	1	327	1	322	3.8e-137	484.2
BCW-200599_00793	gnl|TC-DB|P33602|3.D.1.1.1	65.2	908	312	2	1	904	1	908	0.0e+00	1210.3
BCW-200599_00794	gnl|TC-DB|P31979|3.D.1.1.1	77.5	422	93	1	12	433	4	423	1.9e-200	694.9
BCW-200599_00795	gnl|TC-DB|P0AFD1|3.D.1.1.1	69.0	158	49	0	7	164	8	165	3.6e-64	240.7
BCW-200599_00796	gnl|TC-DB|P33599|3.D.1.1.1	75.0	580	143	2	16	594	18	596	2.4e-280	960.7
BCW-200599_00797	gnl|TC-DB|P0AFC7|3.D.1.1.1	77.2	224	47	1	1	224	1	220	1.3e-106	382.1
BCW-200599_00798	gnl|TC-DB|P0AFC3|3.D.1.1.1	65.2	132	45	1	1	132	3	133	1.1e-42	169.1
BCW-200599_00811	gnl|TC-DB|Q9SXJ7|3.A.9.1.2	40.1	805	387	14	12	736	128	917	1.1e-155	547.0
BCW-200599_00819	gnl|TC-DB|Q4KCN4|9.B.62.1.5	30.7	264	134	6	38	255	48	308	4.6e-29	125.6
BCW-200599_00827	gnl|TC-DB|B7L5V2|1.A.34.1.3	30.4	125	84	2	149	271	99	222	3.4e-11	65.5
BCW-200599_00843	gnl|TC-DB|P44669|9.A.41.1.1	62.6	620	230	2	1	620	1	618	6.2e-210	726.9
BCW-200599_00853	gnl|TC-DB|P0AG93|2.A.6.4.1	45.3	307	161	3	3	304	15	319	4.0e-69	258.1
BCW-200599_00854	gnl|TC-DB|P0AG90|2.A.6.4.1	47.9	633	301	9	1	622	1	615	8.5e-151	530.4
BCW-200599_00855	gnl|TC-DB|P0ADZ7|3.A.5.1.1	50.4	113	52	2	1	112	1	110	3.2e-24	107.5
BCW-200599_00871	gnl|TC-DB|P9WG63|5.A.1.2.9	29.6	624	359	14	3	591	117	695	2.5e-67	253.1
BCW-200599_00878	gnl|TC-DB|P0ABJ6|3.D.4.5.1	47.2	106	56	0	4	109	2	107	6.4e-17	83.2
BCW-200599_00879	gnl|TC-DB|P0ABJ3|3.D.4.5.1	69.9	183	55	0	25	207	22	204	5.3e-73	270.4
BCW-200599_00880	gnl|TC-DB|P0ABI8|3.D.4.5.1	68.0	660	209	1	1	660	1	658	2.0e-275	944.5
BCW-200599_00881	gnl|TC-DB|P0ABJ1|3.D.4.5.1	54.8	301	131	4	1	298	1	299	1.1e-87	319.7
BCW-200599_00885	gnl|TC-DB|Q9KN48|3.A.23.1.1	37.3	373	219	3	160	517	156	528	7.0e-58	221.5
BCW-200599_00890	gnl|TC-DB|M3JA40|1.B.52.2.1	43.0	128	66	1	314	434	244	371	2.1e-17	87.0
BCW-200599_00893	gnl|TC-DB|Q9I3R2|2.A.6.2.35	46.8	372	189	5	12	381	16	380	1.7e-80	296.2
BCW-200599_00894	gnl|TC-DB|Q4LDT8|2.A.6.2.35	70.4	1020	302	0	1	1020	1	1020	0.0e+00	1376.3
BCW-200599_00898	gnl|TC-DB|Q9I6X0|1.B.25.1.12	64.6	446	148	4	1	438	1	444	2.8e-169	591.3
BCW-200599_00899	gnl|TC-DB|D4ZZR3|9.B.34.1.3	41.9	172	93	4	331	498	225	393	2.8e-27	119.8
BCW-200599_00907	gnl|TC-DB|P0ABG4|2.A.103.1.1	44.9	350	191	1	33	382	55	402	4.8e-78	288.1
BCW-200599_00909	gnl|TC-DB|P0A6W3|9.B.146.1.6	64.7	360	127	0	1	360	1	360	2.1e-130	461.8
BCW-200599_00922	gnl|TC-DB|P0ACA3|1.A.12.3.1	59.0	200	79	2	7	205	11	208	3.7e-63	237.7
BCW-200599_00924	gnl|TC-DB|Q02761|3.E.2.1.1	42.5	414	212	7	7	401	18	424	3.8e-83	305.1
BCW-200599_00925	gnl|TC-DB|P13272|3.D.3.2.1	41.4	181	83	8	13	191	115	274	6.4e-28	120.6
BCW-200599_00928	gnl|TC-DB|P0A9T4|8.A.5.1.5	53.8	346	160	0	1	346	1	346	3.7e-103	371.3
BCW-200599_00935	gnl|TC-DB|K1GHE1|9.B.186.1.2	49.7	147	72	1	82	228	68	212	1.3e-33	139.8
BCW-200599_00937	gnl|TC-DB|Q887X9|9.B.159.6.7	73.8	912	233	4	1	909	1	909	0.0e+00	1309.7
BCW-200599_00940	gnl|TC-DB|Q4KI39|9.B.164.1.1	57.1	599	198	11	44	629	44	596	1.7e-191	665.6
BCW-200599_00941	gnl|TC-DB|Q9XIA9|4.C.1.1.14	20.9	488	313	11	45	474	81	553	3.0e-14	76.6
BCW-200599_00944	gnl|TC-DB|P0AG38|2.A.76.1.2	29.8	198	139	0	6	203	5	202	3.5e-24	108.2
BCW-200599_00951	gnl|TC-DB|P94575|2.A.39.3.4	35.0	497	296	5	27	512	3	483	3.8e-80	295.4
BCW-200599_00964	gnl|TC-DB|Q9HY55|4.A.2.1.17	27.5	426	220	10	380	777	552	916	2.3e-28	124.0
BCW-200599_00967	gnl|TC-DB|Q9EYX5|1.A.35.4.1	28.0	321	222	4	12	331	15	327	6.1e-39	157.9
BCW-200599_00971	gnl|TC-DB|P13794|1.B.6.1.2	56.6	355	143	3	1	349	1	350	3.7e-103	371.3
BCW-200599_00973	gnl|TC-DB|P07658|3.D.1.9.2	29.5	704	467	11	8	703	6	688	1.7e-91	334.0
BCW-200599_00976	gnl|TC-DB|M5BEH1|9.B.106.3.1	32.8	131	87	1	332	461	84	214	5.5e-16	82.4
BCW-200599_00977	gnl|TC-DB|P42432|2.A.1.8.2	47.8	393	203	2	8	400	9	399	1.7e-99	359.4
BCW-200599_00979	gnl|TC-DB|Q44292|3.A.1.16.4	35.8	402	236	11	5	390	42	437	3.7e-62	235.3
BCW-200599_00983	gnl|TC-DB|D4ZZR3|9.B.34.1.3	38.1	181	102	3	619	791	215	393	2.4e-25	114.0
BCW-200599_00986	gnl|TC-DB|P76103|2.A.46.1.9	45.2	376	206	0	17	392	8	383	1.9e-87	319.3
BCW-200599_01010	gnl|TC-DB|Q9I3G8|3.A.3.27.5	80.1	809	161	0	1	809	1	809	0.0e+00	1273.8
BCW-200599_01016	gnl|TC-DB|Q8YX86|1.C.12.3.1	36.8	310	166	10	21	306	35	338	1.8e-45	179.9
BCW-200599_01017	gnl|TC-DB|D9IA45|3.D.4.3.3	62.0	316	106	1	1	316	1	302	2.2e-118	421.8
BCW-200599_01019	gnl|TC-DB|F8H841|3.D.4.3.3	83.0	200	34	0	3	202	4	203	1.9e-99	358.2
BCW-200599_01020	gnl|TC-DB|H7F0T0|3.D.4.3.3	82.1	475	84	1	1	475	1	474	4.0e-241	830.1
BCW-200599_01021	gnl|TC-DB|D9IA45|3.D.4.3.3	67.9	302	97	0	1	302	1	302	6.1e-129	456.8
BCW-200599_01023	gnl|TC-DB|F8H841|3.D.4.3.3	80.5	200	39	0	3	202	4	203	1.5e-96	348.6
BCW-200599_01024	gnl|TC-DB|H7F0T0|3.D.4.3.3	89.5	474	50	0	1	474	1	474	7.6e-261	895.6
BCW-200599_01027	gnl|TC-DB|M3JA40|1.B.52.2.1	69.2	65	20	0	357	421	296	360	9.6e-15	78.2
BCW-200599_01035	gnl|TC-DB|D2PP09|2.A.1.67.1	38.5	384	223	4	1	377	1	378	9.6e-60	227.3
BCW-200599_01039	gnl|TC-DB|O05307|4.C.1.1.3	22.3	537	356	17	1566	2073	45	549	7.8e-13	75.1
BCW-200599_01044	gnl|TC-DB|O53183|2.A.1.2.71	57.3	389	166	0	12	400	15	403	1.6e-113	406.0
BCW-200599_01047	gnl|TC-DB|P0C0L7|2.A.1.6.4	79.1	497	104	0	4	500	3	499	5.6e-230	793.1
BCW-200599_01062	gnl|TC-DB|P23865|9.B.174.1.2	44.0	700	334	10	8	687	8	669	3.4e-140	495.4
BCW-200599_01065	gnl|TC-DB|P69874|3.A.1.11.1	49.5	279	139	1	4	282	18	294	1.4e-72	269.6
BCW-200599_01073	gnl|TC-DB|P75783|1.A.23.3.2	24.3	753	496	21	12	717	7	732	3.5e-31	133.3
BCW-200599_01083	gnl|TC-DB|B7V282|1.B.10.2.2	62.9	278	86	2	1	261	1	278	2.5e-104	374.8
BCW-200599_01084	gnl|TC-DB|B7V282|1.B.10.2.2	59.0	278	97	2	1	261	1	278	6.6e-97	350.1
BCW-200599_01085	gnl|TC-DB|Q46821|2.A.40.3.3	51.3	415	200	2	22	434	29	443	7.1e-107	384.0
BCW-200599_01086	gnl|TC-DB|A9CI11|9.B.43.1.1	38.7	429	227	5	7	432	9	404	4.0e-86	315.1
BCW-200599_01091	gnl|TC-DB|O32142|9.B.35.2.1	43.6	117	63	1	1	117	1	114	3.2e-27	117.5
BCW-200599_01093	gnl|TC-DB|P31466|2.A.40.7.6	48.6	430	221	0	20	449	13	442	2.8e-119	425.2
BCW-200599_01106	gnl|TC-DB|Q45632|2.A.1.65.9	25.9	328	231	7	12	333	19	340	2.3e-18	89.7
BCW-200599_01111	gnl|TC-DB|O05307|4.C.1.1.3	39.3	593	341	3	17	609	20	593	9.0e-121	430.6
BCW-200599_01126	gnl|TC-DB|O50455|1.A.35.3.5	35.6	298	183	3	34	323	70	366	2.6e-50	195.7
BCW-200599_01150	gnl|TC-DB|Q50864|4.D.1.3.4	32.5	440	282	9	409	842	403	833	2.6e-47	187.6
BCW-200599_01153	gnl|TC-DB|Q15HU6|3.A.7.14.2	34.8	164	102	2	246	408	24	183	2.6e-18	89.7
BCW-200599_01158	gnl|TC-DB|Q9KN48|3.A.23.1.1	42.6	216	122	2	231	445	217	431	6.4e-43	171.8
BCW-200599_01164	gnl|TC-DB|P37621|2.A.1.46.7	50.1	397	193	1	5	396	1	397	3.8e-96	348.2
BCW-200599_01171	gnl|TC-DB|P15993|2.A.3.1.3	66.4	467	145	3	1	466	2	457	5.2e-169	590.5
BCW-200599_01187	gnl|TC-DB|Q6T3V6|2.A.38.1.2	48.5	474	240	4	12	483	20	491	1.8e-119	426.0
BCW-200599_01198	gnl|TC-DB|Q5EAK4|2.A.16.2.2	28.4	331	196	11	36	336	1391	1710	1.6e-20	97.8
BCW-200599_01202	gnl|TC-DB|Q9XD84|1.B.12.8.3	29.7	508	283	9	319	763	490	986	1.5e-48	191.0
BCW-200599_01224	gnl|TC-DB|F8SVK1|2.A.1.6.11	60.0	540	202	2	12	537	9	548	2.6e-188	654.8
BCW-200599_01227	gnl|TC-DB|Q07711|3.A.7.7.1	29.0	611	400	11	3	601	4	592	3.8e-69	259.2
BCW-200599_01233	gnl|TC-DB|P96878|2.A.53.3.12	28.8	170	114	3	26	189	571	739	1.4e-12	69.7
BCW-200599_01238	gnl|TC-DB|D9X7X8|2.A.1.3.38	32.4	429	266	8	2	410	16	440	7.2e-30	128.3
BCW-200599_01245	gnl|TC-DB|P0ABK2|3.D.4.3.2	25.0	360	234	5	8	331	7	366	7.6e-29	124.4
BCW-200599_01247	gnl|TC-DB|P07658|3.D.1.9.2	30.2	315	183	6	110	417	61	345	9.2e-38	155.2
BCW-200599_01250	gnl|TC-DB|Q6MLK6|1.A.46.2.5	36.6	295	179	3	1	288	7	300	1.3e-53	206.5
BCW-200599_01259	gnl|TC-DB|A0L3E7|2.A.51.1.4	73.0	437	117	1	11	446	16	452	7.6e-186	646.4
BCW-200599_01267	gnl|TC-DB|P32705|2.A.21.7.2	79.5	546	110	2	8	552	5	549	2.0e-236	814.7
BCW-200599_01268	gnl|TC-DB|P0AF54|9.B.136.1.1	59.8	102	41	0	1	102	1	102	6.7e-29	122.9
BCW-200599_01269	gnl|TC-DB|Q9HZ04|3.A.1.12.12	64.8	284	95	4	3	283	4	285	1.8e-100	362.1
BCW-200599_01270	gnl|TC-DB|Q9I4H4|4.D.3.1.11	35.2	386	230	10	20	398	12	384	1.9e-55	213.4
BCW-200599_01284	gnl|TC-DB|Q1D027|1.A.1.24.3	54.2	262	120	0	8	269	14	275	3.2e-62	235.0
BCW-200599_01285	gnl|TC-DB|P0AG78|3.A.1.6.1	54.4	316	142	2	14	328	12	326	3.6e-100	361.3
BCW-200599_01287	gnl|TC-DB|P76628|2.A.1.36.3	34.3	382	249	2	1	381	1	381	2.6e-52	202.6
BCW-200599_01295	gnl|TC-DB|Q9I3N2|9.B.14.1.7	83.4	656	109	0	7	662	2	657	0.0e+00	1115.5
BCW-200599_01298	gnl|TC-DB|Q9I3N5|9.B.14.2.4	82.5	251	44	0	10	260	2	252	3.8e-121	430.6
BCW-200599_01299	gnl|TC-DB|K6BIH6|3.A.1.107.4	85.5	221	32	0	2	222	3	223	5.8e-94	340.1
BCW-200599_01300	gnl|TC-DB|K6BJ24|3.A.1.107.4	67.5	206	67	0	3	208	5	210	1.5e-78	288.9
BCW-200599_01308	gnl|TC-DB|Q8E9J1|1.A.30.1.5	31.2	256	150	7	12	244	11	263	6.5e-24	107.8
BCW-200599_01309	gnl|TC-DB|Q8E9J0|1.A.30.1.5	45.3	243	133	0	4	246	1	243	1.6e-52	202.6
BCW-200599_01316	gnl|TC-DB|P10121|3.A.5.1.1	33.2	199	113	7	221	402	284	479	8.3e-15	78.2
BCW-200599_01317	gnl|TC-DB|P40729|3.A.6.2.1	53.3	685	298	3	2	683	25	690	1.3e-189	659.4
BCW-200599_01322	gnl|TC-DB|P40727|3.A.6.2.1	41.3	375	218	2	1	375	1	373	1.2e-67	253.4
BCW-200599_01323	gnl|TC-DB|P54702|3.A.6.2.1	35.7	255	162	2	4	257	1	254	2.9e-36	148.7
BCW-200599_01324	gnl|TC-DB|P0A1L5|3.A.6.2.1	40.4	89	53	0	1	89	1	89	1.4e-14	75.1
BCW-200599_01325	gnl|TC-DB|P54700|3.A.6.2.1	55.6	243	103	2	6	247	5	243	6.6e-62	233.8
BCW-200599_01327	gnl|TC-DB|P26419|3.A.6.2.1	42.2	154	67	3	1	151	1	135	9.6e-24	106.3
BCW-200599_01337	gnl|TC-DB|P26465|3.A.6.2.1	61.6	425	156	1	29	446	29	453	5.6e-144	507.3
BCW-200599_01340	gnl|TC-DB|P15928|3.A.6.2.1	35.1	576	334	11	28	594	14	558	6.3e-79	291.6
BCW-200599_01342	gnl|TC-DB|Q9KN48|3.A.23.1.1	35.8	355	211	5	108	445	171	525	1.8e-49	193.4
BCW-200599_01343	gnl|TC-DB|Q9HV74|2.A.21.9.1	27.0	385	241	11	39	393	600	974	3.9e-24	109.0
BCW-200599_01344	gnl|TC-DB|Q9KN48|3.A.23.1.1	37.0	433	229	9	74	477	107	524	6.6e-58	221.5
BCW-200599_01358	gnl|TC-DB|Q6MMD5|9.B.18.2.1	34.8	276	156	7	5	259	292	564	5.0e-33	138.3
BCW-200599_01359	gnl|TC-DB|Q50864|4.D.1.3.4	32.6	445	265	12	533	951	398	833	7.2e-48	189.1
BCW-200599_01379	gnl|TC-DB|P21503|2.A.1.26.1	28.8	364	241	7	16	370	16	370	6.9e-33	138.3
BCW-200599_01390	gnl|TC-DB|Q84BQ3|3.A.1.122.12	48.6	348	171	3	35	381	14	354	4.6e-54	208.4
BCW-200599_01391	gnl|TC-DB|A0ZUB1|3.A.1.122.12	54.0	650	295	2	24	672	5	651	1.9e-188	655.6
BCW-200599_01392	gnl|TC-DB|Q9WWZ8|2.A.6.2.9	27.9	456	313	6	17	459	14	466	5.9e-40	161.8
BCW-200599_01395	gnl|TC-DB|Q93N33|2.A.21.9.2	29.4	272	173	9	267	528	747	1009	9.9e-15	78.2
BCW-200599_01402	gnl|TC-DB|Q848I3|2.A.23.1.10	90.3	444	43	0	1	444	1	444	3.6e-220	760.4
BCW-200599_01416	gnl|TC-DB|Q93N33|2.A.21.9.2	25.4	343	226	6	274	604	752	1076	9.6e-21	99.0
BCW-200599_01429	gnl|TC-DB|Q1CZJ4|1.B.14.10.3	41.8	158	90	1	36	191	38	195	1.5e-26	117.9
BCW-200599_01433	gnl|TC-DB|Q9XIA9|4.C.1.1.14	26.9	603	350	18	8	526	47	642	8.6e-46	181.4
BCW-200599_01438	gnl|TC-DB|B1LE48|2.A.86.2.1	35.9	340	209	5	6	339	8	344	2.1e-50	196.1
BCW-200599_01452	gnl|TC-DB|Q9HW27|2.A.6.2.33	83.0	1006	171	0	1	1006	1	1006	0.0e+00	1595.1
BCW-200599_01453	gnl|TC-DB|A0Q8A4|2.A.6.2.28	31.3	383	246	6	2	368	62	443	2.0e-49	193.0
BCW-200599_01460	gnl|TC-DB|B5U2Z3|2.A.75.1.4	41.8	196	109	2	5	197	6	199	6.7e-33	137.1
BCW-200599_01466	gnl|TC-DB|O32182|2.A.1.3.33	36.3	432	265	6	11	435	8	436	1.6e-70	263.5
BCW-200599_01477	gnl|TC-DB|O70110|3.A.1.11.4	30.9	269	172	6	25	287	6	266	6.4e-27	117.9
BCW-200599_01478	gnl|TC-DB|Q44381|3.A.1.11.3	33.1	245	154	2	25	268	25	260	7.0e-20	94.4
BCW-200599_01479	gnl|TC-DB|Q1M7Q1|3.A.1.11.6	44.3	327	176	3	4	325	6	331	1.3e-71	266.5
BCW-200599_01486	gnl|TC-DB|P0AEX3|2.A.1.6.2	56.7	416	180	0	21	436	17	432	2.2e-129	458.8
BCW-200599_01487	gnl|TC-DB|Q9KN48|3.A.23.1.1	42.2	303	158	6	77	369	123	418	2.9e-52	202.6
BCW-200599_01488	gnl|TC-DB|Q9HV74|2.A.21.9.1	37.6	250	137	9	340	579	734	974	4.5e-29	125.9
BCW-200599_01490	gnl|TC-DB|D4ZZR3|9.B.34.1.3	43.4	166	89	3	198	358	227	392	7.8e-27	117.9
BCW-200599_01514	gnl|TC-DB|P10408|3.A.5.1.1	62.3	912	332	2	1	911	1	901	0.0e+00	1113.6
BCW-200599_01519	gnl|TC-DB|Q9HV74|2.A.21.9.1	28.2	394	226	12	281	662	626	974	4.6e-33	139.4
BCW-200599_01522	gnl|TC-DB|P0C0S1|1.A.23.2.1	32.2	276	172	5	2	268	3	272	1.5e-35	146.4
BCW-200599_01523	gnl|TC-DB|O24779|1.B.25.1.3	46.5	460	199	6	3	451	1	424	1.1e-102	370.2
BCW-200599_01537	gnl|TC-DB|P0ABU9|1.A.30.2.2	56.9	218	94	0	14	231	9	226	1.0e-61	233.0
BCW-200599_01538	gnl|TC-DB|Q1D0D2|1.A.30.2.7	37.6	141	71	3	11	151	10	133	1.0e-17	86.3
BCW-200599_01540	gnl|TC-DB|P0A855|2.C.1.2.1	52.1	413	191	4	4	413	22	430	4.5e-39	158.7
BCW-200599_01541	gnl|TC-DB|C6EJJ6|2.C.1.2.1	40.9	171	93	4	1	163	1	171	2.3e-23	105.1
BCW-200599_01553	gnl|TC-DB|Q9KN48|3.A.23.1.1	45.4	240	129	2	193	431	193	431	4.9e-48	188.7
BCW-200599_01558	gnl|TC-DB|P18275|2.A.3.2.3	85.0	479	66	1	3	475	4	482	5.7e-224	773.1
BCW-200599_01559	gnl|TC-DB|P18275|2.A.3.2.3	75.6	479	111	1	3	475	4	482	3.2e-206	714.1
BCW-200599_01564	gnl|TC-DB|P31499|1.B.14.2.2	27.2	732	388	27	127	821	44	667	3.4e-41	166.8
BCW-200599_01573	gnl|TC-DB|Q88P38|3.A.1.1.30	86.1	433	55	1	1	433	1	428	2.1e-217	751.1
BCW-200599_01574	gnl|TC-DB|Q88P37|3.A.1.1.30	91.0	301	27	0	1	301	1	301	2.9e-157	550.8
BCW-200599_01575	gnl|TC-DB|Q88P36|3.A.1.1.30	90.4	281	27	0	1	281	1	281	6.8e-140	493.0
BCW-200599_01576	gnl|TC-DB|Q88P35|3.A.1.1.30	85.0	386	56	1	1	386	1	384	2.5e-185	644.4
BCW-200599_01577	gnl|TC-DB|Q51485|1.B.19.1.1	66.2	450	150	1	2	449	5	454	1.4e-182	635.6
BCW-200599_01589	gnl|TC-DB|P69451|4.C.1.1.4	52.1	557	259	2	6	562	5	553	6.0e-172	600.5
BCW-200599_01590	gnl|TC-DB|P69451|4.C.1.1.4	54.9	559	249	3	6	563	5	561	1.8e-179	625.5
BCW-200599_01600	gnl|TC-DB|Q9KKE3|3.A.1.12.6	45.7	328	176	1	12	337	18	345	7.2e-88	320.5
BCW-200599_01603	gnl|TC-DB|M3JA40|1.B.52.2.1	45.9	109	45	1	301	395	238	346	3.4e-16	82.8
BCW-200599_01605	gnl|TC-DB|P31679|2.A.1.1.114	26.0	388	263	7	87	468	60	429	1.0e-26	117.9
BCW-200599_01606	gnl|TC-DB|Q02NR0|2.A.117.1.4	70.5	146	43	0	1	146	1	146	9.2e-56	212.6
BCW-200599_01610	gnl|TC-DB|P12012|2.A.8.1.1	43.6	447	245	3	11	451	3	448	5.3e-102	367.9
BCW-200599_01622	gnl|TC-DB|Q02P42|2.A.117.1.2	52.2	138	66	0	4	141	24	161	5.0e-38	153.7
BCW-200599_01625	gnl|TC-DB|P0AFJ7|2.A.20.1.1	45.2	493	239	9	66	536	14	497	4.4e-103	371.7
BCW-200599_01637	gnl|TC-DB|P0AAP1|9.B.34.1.2	39.4	343	207	1	9	351	29	370	1.3e-66	250.0
BCW-200599_01655	gnl|TC-DB|P31552|4.C.1.1.6	20.6	535	379	14	90	616	21	517	3.6e-19	93.2
BCW-200599_01656	gnl|TC-DB|O50181|3.A.1.3.11	70.4	257	75	1	1	256	1	257	5.1e-102	367.1
BCW-200599_01657	gnl|TC-DB|O50182|3.A.1.3.11	82.1	229	41	0	1	229	1	229	5.4e-103	370.2
BCW-200599_01658	gnl|TC-DB|O50183|3.A.1.3.11	85.3	231	34	0	1	231	1	231	8.2e-107	382.9
BCW-200599_01660	gnl|TC-DB|O30506|3.A.1.3.11	89.8	254	26	0	1	254	1	254	1.9e-125	444.9
BCW-200599_01680	gnl|TC-DB|Q5SMG8|1.A.26.1.2	31.6	342	213	5	149	479	116	447	8.5e-42	167.9
BCW-200599_01692	gnl|TC-DB|Q9I3Y3|2.A.66.1.12	71.9	455	127	1	10	463	5	459	8.9e-177	616.3
BCW-200599_01695	gnl|TC-DB|Q0WML0|3.A.1.201.8	37.6	534	330	2	58	590	110	641	1.8e-94	343.2
BCW-200599_01697	gnl|TC-DB|P43672|3.A.1.120.6	47.6	643	321	4	1	640	1	630	3.8e-154	541.6
BCW-200599_01703	gnl|TC-DB|Q07711|3.A.7.7.1	24.0	580	381	19	89	628	79	638	2.8e-27	120.6
BCW-200599_01716	gnl|TC-DB|P0A2G3|2.A.1.6.7	62.2	413	156	0	2	414	8	420	1.4e-147	519.2
BCW-200599_01721	gnl|TC-DB|P75958|3.A.1.125.1	37.0	414	257	4	1	413	1	411	3.6e-65	245.4
BCW-200599_01722	gnl|TC-DB|P75957|3.A.1.125.1	58.9	224	92	0	8	231	2	225	1.8e-69	258.8
BCW-200599_01723	gnl|TC-DB|P75958|3.A.1.125.1	32.3	412	277	2	1	411	1	411	1.5e-58	223.4
BCW-200599_01735	gnl|TC-DB|D8EPC3|1.B.14.16.4	42.8	669	365	12	23	678	30	693	2.7e-145	512.3
BCW-200599_01738	gnl|TC-DB|P0A930|1.B.18.3.1	39.7	355	201	5	4	345	25	379	3.3e-67	251.9
BCW-200599_01749	gnl|TC-DB|P76387|8.A.3.3.2	43.1	727	389	6	15	740	16	718	6.5e-158	554.3
BCW-200599_01761	gnl|TC-DB|Q9HT68|3.A.1.24.5	43.2	264	142	4	2	263	1	258	2.5e-51	198.7
BCW-200599_01762	gnl|TC-DB|P30750|3.A.1.24.1	58.1	236	97	1	1	234	1	236	7.0e-70	260.4
BCW-200599_01763	gnl|TC-DB|Q9HT69|3.A.1.24.5	48.1	212	106	1	5	216	12	219	2.7e-43	171.8
BCW-200599_01764	gnl|TC-DB|Q6BEX0|3.A.1.2.25	37.2	503	295	7	7	497	6	499	3.4e-81	298.9
BCW-200599_01765	gnl|TC-DB|B8H230|3.A.1.2.21	34.3	332	199	4	14	340	15	332	9.4e-35	144.1
BCW-200599_01768	gnl|TC-DB|G0LBU8|1.B.14.6.11	33.8	817	447	21	36	795	197	976	1.3e-100	364.0
BCW-200599_01769	gnl|TC-DB|Q9WVR6|2.A.3.8.6	25.4	437	299	10	8	431	38	460	3.5e-21	99.4
BCW-200599_01777	gnl|TC-DB|Q55107|3.A.1.16.3	43.9	253	135	4	9	255	8	259	1.8e-52	202.6
BCW-200599_01778	gnl|TC-DB|Q44292|3.A.1.16.4	24.6	281	179	5	22	279	40	310	2.9e-19	92.8
BCW-200599_01779	gnl|TC-DB|Q7BW13|3.A.1.16.2	33.3	192	127	1	63	254	70	260	1.2e-29	126.7
BCW-200599_01780	gnl|TC-DB|P39285|1.A.23.1.3	33.3	252	152	5	499	740	783	1028	1.4e-28	124.8
BCW-200599_01806	gnl|TC-DB|Q01674|1.B.14.1.17	44.7	696	339	12	153	833	46	710	1.7e-167	586.3
BCW-200599_01820	gnl|TC-DB|Q88RG3|3.A.1.109.3	85.9	701	99	0	2	702	18	718	0.0e+00	1156.4
BCW-200599_01821	gnl|TC-DB|Q9I2M0|3.A.1.109.4	42.0	412	193	7	40	448	25	393	7.7e-77	284.3
BCW-200599_01824	gnl|TC-DB|O05347|3.A.1.16.2	50.0	212	103	3	28	238	37	246	3.3e-49	191.8
BCW-200599_01825	gnl|TC-DB|Q7BW13|3.A.1.16.2	27.7	242	159	4	38	269	12	247	6.1e-19	91.3
BCW-200599_01827	gnl|TC-DB|Q9RQ29|2.A.1.3.20	24.1	510	340	14	21	501	4	495	2.6e-20	96.7
BCW-200599_01828	gnl|TC-DB|Q9RQ30|8.A.1.1.2	34.2	304	190	3	41	343	61	355	2.9e-26	115.9
BCW-200599_01829	gnl|TC-DB|Q4VWC6|3.A.1.105.4	35.1	481	287	6	43	501	3	480	1.7e-72	270.0
BCW-200599_01831	gnl|TC-DB|O59180|8.A.21.2.1	50.4	240	119	0	10	249	13	252	6.2e-60	227.3
BCW-200599_01839	gnl|TC-DB|P46482|8.A.1.7.1	38.2	296	181	2	1	295	1	295	2.5e-52	202.2
BCW-200599_01840	gnl|TC-DB|B2FLY6|2.A.6.2.14	33.3	474	299	8	1	469	1	462	1.0e-55	214.2
BCW-200599_01843	gnl|TC-DB|P69434|1.B.55.1.1	37.3	805	472	11	29	827	30	807	4.6e-136	481.9
BCW-200599_01845	gnl|TC-DB|P75905|4.D.1.1.3	60.8	439	171	1	1	439	1	438	9.5e-160	559.7
BCW-200599_01849	gnl|TC-DB|P76481|1.A.13.2.3	49.9	467	226	2	87	545	104	570	1.8e-128	456.1
BCW-200599_01857	gnl|TC-DB|Q1J0W6|9.B.34.1.1	39.3	168	91	4	164	329	190	348	1.1e-19	94.0
BCW-200599_01859	gnl|TC-DB|D4ZZR3|9.B.34.1.3	36.4	165	101	2	207	368	228	391	3.6e-19	93.2
BCW-200599_01861	gnl|TC-DB|P0AG78|3.A.1.6.1	63.6	316	112	3	18	333	14	326	6.1e-111	397.1
BCW-200599_01862	gnl|TC-DB|P16701|3.A.1.6.1	49.8	261	131	0	8	268	9	269	3.3e-67	251.5
BCW-200599_01863	gnl|TC-DB|P0AEB0|3.A.1.6.1	52.1	265	127	0	26	290	22	286	3.9e-74	274.6
BCW-200599_01864	gnl|TC-DB|P16676|3.A.1.6.1	67.5	243	79	0	1	243	1	243	1.2e-90	329.7
BCW-200599_01867	gnl|TC-DB|G3IME2|9.B.35.1.2	37.7	114	68	2	25	136	29	141	7.1e-18	86.7
BCW-200599_01874	gnl|TC-DB|Q55107|3.A.1.16.3	44.0	250	132	4	6	247	5	254	1.7e-55	212.6
BCW-200599_01875	gnl|TC-DB|Q47539|3.A.1.17.1	26.7	262	174	2	25	268	9	270	1.2e-20	97.8
BCW-200599_01876	gnl|TC-DB|O85763|3.A.1.17.2	25.5	294	198	7	50	335	39	319	1.0e-17	87.4
BCW-200599_01881	gnl|TC-DB|Q9LAE4|1.B.14.8.1	24.1	751	465	18	71	786	46	726	9.4e-38	155.2
BCW-200599_01887	gnl|TC-DB|Q1D0D3|1.A.30.2.7	36.2	213	131	2	11	218	24	236	6.0e-28	120.9
BCW-200599_01888	gnl|TC-DB|Q1D0D2|1.A.30.2.7	47.1	121	62	2	12	131	13	132	2.2e-19	91.7
BCW-200599_01890	gnl|TC-DB|Q9KN48|3.A.23.1.1	38.5	239	146	1	16	253	181	419	3.8e-43	171.8
BCW-200599_01891	gnl|TC-DB|Q9HT68|3.A.1.24.5	67.9	265	80	1	1	265	1	260	1.5e-96	349.0
BCW-200599_01893	gnl|TC-DB|A1VZQ3|3.A.1.3.16	30.0	207	145	0	9	215	38	244	1.1e-20	96.7
BCW-200599_01894	gnl|TC-DB|P0AEQ6|3.A.1.3.2	36.5	208	131	1	9	215	8	215	3.5e-27	118.2
BCW-200599_01895	gnl|TC-DB|P54537|3.A.1.3.15	52.5	238	113	0	4	241	1	238	8.9e-70	260.0
BCW-200599_01896	gnl|TC-DB|Q8RCC4|3.A.1.3.27	33.2	235	148	4	44	273	30	260	1.3e-24	110.2
BCW-200599_01898	gnl|TC-DB|Q9I6X6|2.A.6.2.27	55.5	339	150	1	17	355	27	364	9.3e-89	323.6
BCW-200599_01899	gnl|TC-DB|Q9I6X5|2.A.6.2.27	48.3	350	180	1	5	354	8	356	9.3e-78	287.0
BCW-200599_01900	gnl|TC-DB|Q9I6X4|2.A.6.2.27	76.9	1013	233	1	1	1012	1	1013	0.0e+00	1515.7
BCW-200599_01902	gnl|TC-DB|Q9HT69|3.A.1.24.5	41.7	206	119	1	2	207	14	218	9.4e-41	163.3
BCW-200599_01903	gnl|TC-DB|O32169|3.A.1.24.2	48.4	312	159	1	36	347	7	316	4.0e-79	291.6
BCW-200599_01904	gnl|TC-DB|P28635|3.A.1.24.1	42.3	220	119	4	52	267	56	271	2.1e-37	152.5
BCW-200599_01909	gnl|TC-DB|P37774|3.A.1.3.10	76.7	245	57	0	2	246	4	248	2.2e-102	368.2
BCW-200599_01910	gnl|TC-DB|P0AFT2|3.A.1.3.10	75.0	220	55	0	1	220	1	220	3.7e-85	310.8
BCW-200599_01911	gnl|TC-DB|P0AEM9|3.A.1.3.10	63.8	268	93	3	1	266	1	266	9.4e-91	329.7
BCW-200599_01914	gnl|TC-DB|Q4ZLW8|2.A.15.1.3	89.6	666	67	1	1	666	1	664	0.0e+00	1213.4
BCW-200599_01920	gnl|TC-DB|Q84HG2|1.B.14.8.6	24.4	712	457	18	26	728	21	660	1.2e-39	161.4
BCW-200599_01922	gnl|TC-DB|P77735|8.A.5.1.6	34.7	323	188	11	15	327	3	312	3.7e-39	158.7
BCW-200599_01924	gnl|TC-DB|Q47539|3.A.1.17.1	64.1	262	86	2	22	275	12	273	5.6e-86	313.9
BCW-200599_01925	gnl|TC-DB|Q47538|3.A.1.17.1	63.1	255	92	1	3	257	1	253	1.1e-86	316.2
BCW-200599_01926	gnl|TC-DB|Q47537|3.A.1.17.1	55.1	312	138	1	12	323	10	319	2.5e-98	355.1
BCW-200599_01943	gnl|TC-DB|O00571|1.I.1.1.3	24.5	367	233	9	11	342	200	557	4.5e-14	76.3
BCW-200599_01947	gnl|TC-DB|P07658|3.D.1.9.2	27.7	394	243	8	118	497	61	426	1.4e-41	167.9
BCW-200599_01954	gnl|TC-DB|Q9KN48|3.A.23.1.1	36.0	361	197	2	119	445	164	524	2.0e-48	189.9
BCW-200599_01961	gnl|TC-DB|Q8G8W9|1.B.14.1.26	26.4	705	436	27	46	697	134	808	2.8e-41	166.8
BCW-200599_01963	gnl|TC-DB|O24779|1.B.25.1.3	72.7	428	114	2	1	428	1	425	8.6e-179	622.9
BCW-200599_01977	gnl|TC-DB|Q9HU29|3.A.1.3.23	72.7	227	62	0	3	229	4	230	5.2e-90	327.0
BCW-200599_01978	gnl|TC-DB|Q9HU30|3.A.1.3.23	66.8	229	76	0	1	229	1	229	6.0e-86	313.5
BCW-200599_01979	gnl|TC-DB|Q9HU31|3.A.1.3.23	76.8	250	57	1	1	249	1	250	5.3e-112	400.2
BCW-200599_01980	gnl|TC-DB|Q9HU32|3.A.1.3.23	92.2	257	20	0	1	257	1	257	4.8e-132	466.8
BCW-200599_01981	gnl|TC-DB|P25527|2.A.3.1.4	66.5	454	152	0	1	454	1	454	2.1e-162	568.5
BCW-200599_01993	gnl|TC-DB|Q51330|2.A.1.11.1	24.9	413	243	11	30	440	15	362	9.0e-19	91.7
BCW-200599_02003	gnl|TC-DB|O35002|9.B.174.1.1	35.9	412	223	10	40	439	35	417	4.3e-56	215.3
BCW-200599_02011	gnl|TC-DB|Q9KN48|3.A.23.1.1	39.9	343	194	5	134	466	188	528	1.3e-55	213.8
BCW-200599_02033	gnl|TC-DB|P94369|2.A.39.1.5	39.9	444	261	5	14	456	3	441	1.3e-82	303.5
BCW-200599_02034	gnl|TC-DB|Q9KKE3|3.A.1.12.6	48.4	343	153	4	3	322	4	345	5.8e-95	344.0
BCW-200599_02035	gnl|TC-DB|Q9KKE2|3.A.1.12.6	63.6	280	102	0	1	280	1	280	4.1e-92	334.3
BCW-200599_02036	gnl|TC-DB|Q9KKE1|3.A.1.12.6	67.4	267	87	0	6	272	1	267	8.5e-103	369.8
BCW-200599_02044	gnl|TC-DB|P62517|4.D.3.1.1	63.2	837	298	6	12	841	5	838	1.6e-309	1058.1
BCW-200599_02045	gnl|TC-DB|P30860|3.A.1.3.3	28.9	228	146	4	35	255	23	241	4.4e-24	108.2
BCW-200599_02046	gnl|TC-DB|Q8YSA2|3.A.1.3.17	45.8	203	103	1	117	312	283	485	2.9e-38	155.6
BCW-200599_02047	gnl|TC-DB|P54537|3.A.1.3.15	58.6	244	97	1	1	244	1	240	1.1e-74	276.2
BCW-200599_02048	gnl|TC-DB|M3JA40|1.B.52.2.1	50.4	115	49	2	444	550	259	373	1.1e-17	88.2
BCW-200599_02050	gnl|TC-DB|P69423|2.A.64.1.1	64.9	225	79	0	12	236	8	232	2.0e-77	285.4
BCW-200599_02070	gnl|TC-DB|Q9ZKE4|3.A.11.3.1	31.8	544	346	10	196	739	101	619	2.4e-67	253.4
BCW-200599_02075	gnl|TC-DB|Q8VRL8|3.A.11.1.3	29.8	382	222	11	4	354	8	374	4.7e-29	125.2
BCW-200599_02079	gnl|TC-DB|P34750|1.B.22.2.1	72.5	717	169	5	1	692	1	714	1.8e-274	941.4
BCW-200599_02082	gnl|TC-DB|A3YI93|9.B.42.1.2	23.8	554	328	15	19	525	24	530	1.5e-23	107.5
BCW-200599_02087	gnl|TC-DB|P43531|2.A.1.36.1	58.1	401	168	0	13	413	11	411	2.7e-124	441.8
BCW-200599_02100	gnl|TC-DB|Q7AA53|2.A.6.8.2	29.0	661	444	12	115	765	95	740	3.4e-56	216.5
BCW-200599_02115	gnl|TC-DB|P77338|1.A.23.1.1	40.2	1065	626	9	28	1085	42	1102	2.9e-194	675.6
BCW-200599_02116	gnl|TC-DB|P76007|2.A.36.6.11	66.7	573	188	2	1	570	1	573	1.9e-213	738.4
BCW-200599_02123	gnl|TC-DB|Q9I5F5|2.A.21.2.3	83.3	492	80	2	1	490	1	492	1.8e-228	788.1
BCW-200599_02124	gnl|TC-DB|A8YQR5|3.A.23.2.1	35.4	497	302	8	21	507	21	508	1.3e-72	270.8
BCW-200599_02129	gnl|TC-DB|D4ZZR3|9.B.34.1.3	31.1	177	117	2	453	624	217	393	8.0e-17	85.9
BCW-200599_02150	gnl|TC-DB|P60752|3.A.1.106.1	40.7	583	331	3	11	590	8	578	5.0e-116	414.8
BCW-200599_02157	gnl|TC-DB|Q2FD83|2.A.7.1.11	47.1	104	55	0	3	106	2	105	7.7e-23	102.8
BCW-200599_02160	gnl|TC-DB|Q9HUJ1|2.A.6.2.27	72.7	479	128	3	1	477	1	478	2.6e-192	667.9
BCW-200599_02162	gnl|TC-DB|B1JAG2|2.A.39.1.2	74.6	413	105	0	15	427	4	416	2.1e-159	558.5
BCW-200599_02180	gnl|TC-DB|P09348|1.A.30.1.1	41.5	284	160	3	1	281	1	281	7.2e-57	217.2
BCW-200599_02181	gnl|TC-DB|P0AF06|1.A.30.1.1	41.2	279	143	4	7	278	9	273	8.0e-53	204.1
BCW-200599_02187	gnl|TC-DB|P0AGM2|1.A.62.2.3	57.5	200	85	0	1	200	2	201	8.5e-60	226.5
BCW-200599_02202	gnl|TC-DB|P71338|3.A.1.10.3	42.9	499	280	3	19	513	3	500	1.0e-96	350.5
BCW-200599_02203	gnl|TC-DB|P35755|3.A.1.10.3	46.6	324	166	3	16	335	11	331	1.7e-76	282.7
BCW-200599_02230	gnl|TC-DB|A3M9E9|2.A.1.2.51	25.1	362	256	4	4	361	10	360	1.5e-18	90.5
BCW-200599_02248	gnl|TC-DB|O07591|1.A.43.1.2	40.7	113	62	3	7	119	6	113	6.3e-13	70.1
BCW-200599_02251	gnl|TC-DB|P46889|3.A.12.1.2	62.6	494	178	3	280	772	840	1327	3.6e-167	585.1
BCW-200599_02257	gnl|TC-DB|P75770|4.D.2.4.3	46.8	312	165	1	12	322	4	315	1.2e-76	283.1
BCW-200599_02261	gnl|TC-DB|P77389|2.A.1.2.65	43.6	349	191	3	5	353	7	349	5.8e-68	254.6
BCW-200599_02262	gnl|TC-DB|P75783|1.A.23.3.2	24.9	670	451	18	32	671	73	720	1.3e-30	131.3
BCW-200599_02266	gnl|TC-DB|Q3K638|1.B.39.1.4	98.3	232	4	0	1	232	1	232	3.4e-129	457.2
BCW-200599_02268	gnl|TC-DB|Q6MNW8|3.A.1.136.2	48.3	422	215	3	1	421	2	421	1.2e-103	373.2
BCW-200599_02269	gnl|TC-DB|O53899|3.A.1.125.2	38.2	225	127	4	3	224	4	219	3.0e-32	135.2
BCW-200599_02286	gnl|TC-DB|Q8ZRP7|3.A.1.13.1	30.5	262	171	4	6	263	9	263	1.1e-25	113.6
BCW-200599_02287	gnl|TC-DB|P06129|1.B.14.3.1	29.8	615	382	19	33	624	26	613	3.2e-57	219.5
BCW-200599_02303	gnl|TC-DB|P0ABP6|9.B.27.2.3	59.3	204	81	1	6	207	8	211	3.8e-66	247.7
BCW-200599_02307	gnl|TC-DB|Q53148|2.A.3.5.1	34.4	445	270	7	5	442	36	465	1.2e-56	217.2
BCW-200599_02309	gnl|TC-DB|Q9KN48|3.A.23.1.1	41.3	286	150	8	328	598	188	470	6.8e-47	185.3
BCW-200599_02317	gnl|TC-DB|P42102|2.A.122.1.7	33.8	213	141	0	22	234	13	225	9.5e-26	113.6
BCW-200599_02326	gnl|TC-DB|P0ABG7|2.A.103.1.2	53.0	366	165	3	17	379	7	368	3.5e-107	384.8
BCW-200599_02342	gnl|TC-DB|P0A2L3|9.A.40.1.2	52.4	275	124	3	1	269	1	274	2.6e-75	278.5
BCW-200599_02358	gnl|TC-DB|P69380|2.A.4.7.1	45.3	289	158	0	7	295	5	293	2.2e-67	252.3
BCW-200599_02367	gnl|TC-DB|p0aa70|2.A.7.3.22	56.9	290	125	0	9	298	7	296	5.3e-85	310.8
BCW-200599_02368	gnl|TC-DB|O00571|1.I.1.1.3	40.3	372	204	4	2	355	181	552	1.1e-67	253.8
BCW-200599_02390	gnl|TC-DB|P31466|2.A.40.7.6	51.0	431	211	0	1	431	14	444	1.6e-119	426.0
BCW-200599_02396	gnl|TC-DB|P0ABJ9|3.D.4.3.2	30.9	123	85	0	317	439	381	503	4.6e-11	65.9
BCW-200599_02397	gnl|TC-DB|P0ABK2|3.D.4.3.2	30.2	367	214	9	5	332	7	370	5.8e-37	151.4
BCW-200599_02402	gnl|TC-DB|P0A742|1.A.22.1.1	65.4	136	46	1	1	136	1	135	8.9e-45	176.0
BCW-200599_02407	gnl|TC-DB|Q8ZJY5|2.A.114.1.10	67.1	708	208	5	3	687	2	707	2.4e-271	931.0
BCW-200599_02409	gnl|TC-DB|P94400|9.B.10.1.1	32.8	299	154	9	5	265	4	293	7.3e-29	124.4
BCW-200599_02412	gnl|TC-DB|P0A830|2.A.23.1.7	48.5	412	211	1	7	418	7	417	1.9e-104	375.9
BCW-200599_02415	gnl|TC-DB|P43672|3.A.1.120.6	32.6	518	344	3	21	536	18	532	2.2e-73	273.1
BCW-200599_02436	gnl|TC-DB|P37169|2.A.66.4.1	73.9	509	133	0	1	509	14	522	1.3e-213	738.8
BCW-200599_02439	gnl|TC-DB|B8I766|9.B.105.1.5	35.5	155	88	6	13	163	3	149	4.1e-15	77.8
BCW-200599_02448	gnl|TC-DB|Q60148|3.A.15.2.1	35.5	141	80	4	1	131	1	140	1.0e-13	72.8
BCW-200599_02450	gnl|TC-DB|Q9KN48|3.A.23.1.1	36.4	357	202	3	114	445	169	525	8.8e-57	217.6
BCW-200599_02451	gnl|TC-DB|Q9HV74|2.A.21.9.1	27.5	375	229	12	178	523	612	972	7.8e-20	95.1
BCW-200599_02452	gnl|TC-DB|P0AC02|1.B.33.1.3	40.7	243	141	3	2	242	3	244	5.3e-46	181.4
BCW-200599_02455	gnl|TC-DB|Q9FI56|3.A.9.1.2	45.3	866	379	12	4	841	96	894	6.7e-199	690.6
BCW-200599_02469	gnl|TC-DB|P22610|3.A.15.2.1	70.3	290	86	0	1	290	1	290	8.0e-120	426.4
BCW-200599_02470	gnl|TC-DB|P22609|3.A.15.2.1	73.9	372	97	0	34	405	2	373	1.0e-152	536.2
BCW-200599_02471	gnl|TC-DB|P22608|3.A.15.2.1	78.1	567	122	2	1	566	1	566	4.9e-254	873.2
BCW-200599_02472	gnl|TC-DB|P04739|3.A.15.2.1	39.9	153	74	3	1	141	1	147	5.4e-16	80.5
BCW-200599_02478	gnl|TC-DB|P31552|4.C.1.1.6	22.1	534	370	15	89	613	21	517	3.0e-26	116.7
BCW-200599_02485	gnl|TC-DB|Q9KN48|3.A.23.1.1	36.8	326	201	3	148	470	193	516	2.1e-48	189.9
BCW-200599_02486	gnl|TC-DB|Q9HV74|2.A.21.9.1	80.6	981	190	0	1	981	1	981	0.0e+00	1579.7
BCW-200599_02493	gnl|TC-DB|Q9HV90|3.A.1.14.21	64.1	276	95	2	14	287	15	288	4.9e-93	337.4
BCW-200599_02494	gnl|TC-DB|O68878|3.A.1.14.21	83.2	327	54	1	19	345	1	326	1.3e-140	495.7
BCW-200599_02495	gnl|TC-DB|O68877|3.A.1.14.21	76.9	255	59	0	1	255	1	255	1.1e-107	386.0
BCW-200599_02510	gnl|TC-DB|Q8XB73|5.B.7.1.1	40.0	190	110	3	14	201	18	205	2.6e-24	108.6
BCW-200599_02512	gnl|TC-DB|G8WDN2|2.A.7.21.5	65.5	142	49	0	42	183	1	142	3.2e-45	177.9
BCW-200599_02513	gnl|TC-DB|G8WDN3|2.A.7.21.5	64.3	143	49	1	4	146	1	141	3.3e-40	161.0
BCW-200599_02532	gnl|TC-DB|O33407|1.B.12.5.9	63.2	646	228	2	1	636	1	646	2.2e-239	824.7
BCW-200599_02537	gnl|TC-DB|Q1M7Q2|3.A.1.11.6	40.4	230	137	0	13	242	11	240	1.8e-44	176.0
BCW-200599_02538	gnl|TC-DB|Q44382|3.A.1.11.3	43.5	223	123	1	192	411	72	294	4.2e-45	178.7
BCW-200599_02539	gnl|TC-DB|Q1M7Q4|3.A.1.11.6	33.2	343	216	7	7	347	5	336	1.6e-45	179.9
BCW-200599_02540	gnl|TC-DB|Q1M7Q1|3.A.1.11.6	48.9	348	172	5	15	359	6	350	1.8e-87	319.3
BCW-200599_02547	gnl|TC-DB|P31554|1.B.42.1.2	28.6	825	503	20	120	925	24	781	2.6e-87	320.1
BCW-200599_02560	gnl|TC-DB|P60782|9.B.31.1.1	41.9	179	104	0	8	186	11	189	1.9e-29	125.6
BCW-200599_02565	gnl|TC-DB|Q1J0W6|9.B.34.1.1	34.0	203	119	8	767	966	155	345	1.7e-17	88.6
BCW-200599_02577	gnl|TC-DB|P0AE42|9.B.12.2.1	64.6	48	17	0	1	48	1	48	4.2e-11	62.8
BCW-200599_02593	gnl|TC-DB|P27844|2.A.7.7.2	46.8	295	157	0	56	350	1	295	2.3e-73	272.3
BCW-200599_02601	gnl|TC-DB|Q82VI7|1.B.14.1.10	40.3	787	442	12	41	812	51	824	8.5e-159	557.4
BCW-200599_02631	gnl|TC-DB|P96797|3.D.7.1.1	30.2	424	239	18	232	628	11	404	5.2e-34	142.5
BCW-200599_02638	gnl|TC-DB|Q9HTH6|3.A.1.12.12	57.4	296	126	0	19	314	17	312	1.7e-99	359.0
BCW-200599_02646	gnl|TC-DB|Q9HTI6|3.A.1.12.12	66.0	315	104	2	1	315	1	312	1.5e-116	415.6
BCW-200599_02647	gnl|TC-DB|Q9HTI7|3.A.1.12.12	82.5	275	48	0	2	276	3	277	1.5e-123	438.7
BCW-200599_02648	gnl|TC-DB|Q9HTI8|3.A.1.12.12	77.0	392	90	0	1	392	1	392	1.4e-175	612.1
BCW-200599_02649	gnl|TC-DB|Q4ZLW8|2.A.15.1.3	50.4	668	315	6	1	660	1	660	2.3e-186	648.7
BCW-200599_02655	gnl|TC-DB|P31474|2.A.1.3.51	48.4	467	230	4	15	475	12	473	3.5e-112	401.7
BCW-200599_02656	gnl|TC-DB|P38919|3.A.18.1.1	33.2	374	238	5	4	368	36	406	1.6e-58	223.4
BCW-200599_02658	gnl|TC-DB|P75870|2.A.85.1.1	40.9	716	393	9	21	726	17	712	5.5e-141	498.0
BCW-200599_02663	gnl|TC-DB|P0AAP1|9.B.34.1.2	30.7	163	113	0	270	432	204	366	1.8e-19	94.4
BCW-200599_02681	gnl|TC-DB|L0LHM3|2.A.7.31.3	34.7	274	171	3	6	276	8	276	2.4e-33	139.0
BCW-200599_02682	gnl|TC-DB|G3XD29|2.A.36.6.8	72.4	424	113	1	1	420	1	424	6.5e-163	570.1
BCW-200599_02685	gnl|TC-DB|P21345|2.A.23.1.1	51.7	408	188	2	8	408	7	412	2.4e-112	402.1
BCW-200599_02686	gnl|TC-DB|P37327|1.A.16.4.1	58.3	254	106	0	21	274	30	283	1.1e-76	283.1
BCW-200599_02691	gnl|TC-DB|O00571|1.I.1.1.3	41.8	349	190	5	2	337	181	529	4.0e-68	255.8
BCW-200599_02697	gnl|TC-DB|Q9I402|3.A.1.3.22	64.0	275	99	0	26	300	26	300	3.1e-98	354.8
BCW-200599_02700	gnl|TC-DB|A4VGV1|1.C.113.1.3	76.1	205	49	0	1	205	1	205	1.0e-89	325.9
BCW-200599_02702	gnl|TC-DB|Q9Z445|2.A.70.1.2	86.6	254	34	0	1	254	1	254	4.6e-119	423.7
BCW-200599_02703	gnl|TC-DB|Q9Z446|2.A.70.1.2	79.3	140	27	1	1	138	24	163	4.3e-55	210.3
BCW-200599_02706	gnl|TC-DB|O06927|3.B.1.1.4	34.1	211	129	4	47	254	63	266	9.7e-24	107.1
BCW-200599_02707	gnl|TC-DB|O06926|3.B.1.1.4	34.7	271	160	3	8	268	7	270	2.8e-40	162.2
BCW-200599_02710	gnl|TC-DB|O06924|3.B.1.1.4	56.6	551	231	3	11	556	7	554	1.1e-181	632.9
BCW-200599_02727	gnl|TC-DB|P24559|3.A.15.2.1	88.1	344	41	0	1	344	1	344	7.4e-173	602.8
BCW-200599_02730	gnl|TC-DB|P52059|9.A.4.1.1	38.2	170	103	2	10	178	6	174	1.5e-24	109.4
BCW-200599_02744	gnl|TC-DB|P0AC31|3.A.1.140.1	35.8	299	190	1	45	341	54	352	7.2e-43	171.0
BCW-200599_02745	gnl|TC-DB|P0A9R7|3.A.1.140.1	54.8	217	98	0	1	217	1	217	2.5e-65	245.0
BCW-200599_02746	gnl|TC-DB|P10121|3.A.5.1.1	67.3	309	99	2	194	502	191	497	1.4e-111	399.8
BCW-200599_02766	gnl|TC-DB|A3M9E9|2.A.1.2.51	25.9	359	249	8	5	352	2	354	1.2e-15	80.9
BCW-200599_02769	gnl|TC-DB|P77529|2.A.23.1.8	80.3	461	91	0	1	461	1	461	1.9e-200	694.9
BCW-200599_02775	gnl|TC-DB|A3N294|3.A.1.20.3	31.5	333	216	8	5	327	8	338	1.5e-37	153.3
BCW-200599_02776	gnl|TC-DB|Q9KLQ6|3.A.1.20.2	27.1	547	375	10	22	552	142	680	8.1e-39	158.3
BCW-200599_02777	gnl|TC-DB|P74127|3.A.1.10.2	46.5	299	146	4	31	319	36	330	1.6e-64	243.0
BCW-200599_02779	gnl|TC-DB|Q88CP1|3.A.3.6.12	74.7	739	166	2	35	771	31	750	8.0e-300	1025.8
BCW-200599_02785	gnl|TC-DB|P08839|8.A.7.1.1	38.4	552	328	9	180	724	4	550	1.6e-98	357.1
BCW-200599_02806	gnl|TC-DB|P0AFL1|3.A.1.11.2	64.2	265	95	0	9	273	14	278	3.1e-87	318.2
BCW-200599_02807	gnl|TC-DB|P31135|3.A.1.11.2	59.7	298	119	1	6	302	16	313	1.5e-100	362.5
BCW-200599_02808	gnl|TC-DB|P31134|3.A.1.11.2	63.7	358	128	2	22	378	19	375	4.0e-119	424.5
BCW-200599_02809	gnl|TC-DB|P31133|3.A.1.11.2	56.8	359	151	3	11	365	12	370	4.5e-120	427.6
BCW-200599_02810	gnl|TC-DB|P31133|3.A.1.11.2	57.5	372	153	4	1	369	1	370	1.7e-119	425.6
BCW-200599_02816	gnl|TC-DB|Q8KZQ6|3.A.1.17.2	86.0	264	37	0	4	267	6	269	3.0e-129	457.6
BCW-200599_02817	gnl|TC-DB|O85765|3.A.1.17.2	94.4	249	14	0	8	256	13	261	2.0e-130	461.5
BCW-200599_02819	gnl|TC-DB|O85763|3.A.1.17.2	88.8	320	36	0	1	320	1	320	2.3e-160	561.2
BCW-200599_02822	gnl|TC-DB|Q51510|1.B.25.1.2	60.8	467	153	8	1	449	6	460	2.0e-154	542.0
BCW-200599_02823	gnl|TC-DB|Q47537|3.A.1.17.1	53.4	322	146	2	6	327	2	319	2.7e-95	345.1
BCW-200599_02829	gnl|TC-DB|Q8F3M7|3.A.15.4.1	40.5	481	280	3	109	588	82	557	1.2e-98	357.1
BCW-200599_02835	gnl|TC-DB|Q82VN6|3.A.1.10.4	51.3	517	250	2	19	533	1	517	1.4e-130	463.0
BCW-200599_02836	gnl|TC-DB|Q82VN7|3.A.1.10.4	51.4	323	157	0	11	333	20	342	1.5e-98	355.9
BCW-200599_02844	gnl|TC-DB|S6URY0|1.E.11.3.2	86.7	45	6	0	1	45	1	45	2.5e-16	80.1
BCW-200599_02846	gnl|TC-DB|P37626|3.A.1.105.16	47.0	336	144	5	18	320	15	349	3.2e-45	178.7
BCW-200599_02847	gnl|TC-DB|C8TJS4|3.A.1.105.16	55.1	903	397	3	7	907	14	910	1.8e-274	941.8
BCW-200599_02848	gnl|TC-DB|P0AGH1|3.A.1.105.16	50.8	372	183	0	1	372	1	372	7.4e-94	340.5
BCW-200599_02853	gnl|TC-DB|P08194|2.A.1.4.3	74.1	421	109	0	1	421	1	421	4.9e-193	670.2
BCW-200599_02856	gnl|TC-DB|Q66DP5|5.B.1.3.1	30.7	326	213	7	1	316	3	325	1.7e-38	156.4
BCW-200599_02858	gnl|TC-DB|B9DIS8|9.B.97.5.1	32.5	351	218	12	25	359	18	365	1.0e-40	164.9
BCW-200599_02859	gnl|TC-DB|P40290|3.A.6.1.1	30.0	247	149	6	160	393	151	386	1.1e-13	74.3
BCW-200599_02862	gnl|TC-DB|P54535|3.A.1.3.15	24.8	254	180	5	4	252	3	250	2.0e-13	72.8
BCW-200599_02863	gnl|TC-DB|P42200|3.A.1.3.14	35.1	208	131	2	16	219	27	234	6.3e-24	107.5
BCW-200599_02864	gnl|TC-DB|P0AFT2|3.A.1.3.10	35.4	206	133	0	8	213	10	215	2.9e-29	125.2
BCW-200599_02865	gnl|TC-DB|Q9I488|3.A.1.3.21	56.5	239	104	0	3	241	1	239	4.5e-71	264.2
BCW-200599_02869	gnl|TC-DB|E4PCL6|9.B.27.2.7	37.2	183	111	2	2	180	3	185	3.3e-25	111.7
BCW-200599_02873	gnl|TC-DB|E3HXW9|2.A.108.2.7	38.4	606	347	9	29	615	29	627	2.1e-96	349.7
BCW-200599_02878	gnl|TC-DB|Q87R31|1.B.48.5.1	45.6	193	89	4	6	191	4	187	6.3e-36	147.1
BCW-200599_02880	gnl|TC-DB|P0AG34|2.A.76.1.1	34.0	209	134	2	1	208	1	206	2.6e-27	118.6
BCW-200599_02882	gnl|TC-DB|Q83XH1|3.A.1.121.4	33.2	512	335	3	1	505	1	512	5.9e-75	278.5
BCW-200599_02908	gnl|TC-DB|O67997|1.A.11.1.4	63.8	437	140	7	9	440	12	435	2.3e-142	501.9
BCW-200599_02919	gnl|TC-DB|Q03708|8.B.24.5.5	53.0	83	39	0	1	83	3	85	2.3e-22	100.9
BCW-200599_02928	gnl|TC-DB|Q9F5N7|2.A.66.1.9	38.9	437	263	2	14	449	25	458	3.8e-71	265.4
BCW-200599_02944	gnl|TC-DB|P45420|1.B.11.5.1	26.8	796	557	14	14	804	19	793	1.3e-87	320.9
BCW-200599_02953	gnl|TC-DB|W0WQF0|3.A.1.5.39	73.1	528	139	1	1	528	1	525	7.5e-225	776.2
BCW-200599_02970	gnl|TC-DB|P0ABU7|1.A.30.2.1	63.7	234	81	2	85	316	6	237	1.6e-68	256.1
BCW-200599_02971	gnl|TC-DB|P0ABV2|1.A.30.2.1	68.3	142	44	1	1	142	1	141	1.5e-47	185.3
BCW-200599_02972	gnl|TC-DB|Q79AD1|2.C.1.1.2	35.2	108	70	0	138	245	151	258	1.1e-16	83.6
BCW-200599_02985	gnl|TC-DB|B2D7K2|3.A.23.1.1	39.8	523	287	9	10	517	6	515	3.2e-103	372.5
BCW-200599_02988	gnl|TC-DB|Q9KN45|3.A.23.1.1	25.2	1232	808	27	1	1175	1	1176	1.1e-103	374.8
BCW-200599_02989	gnl|TC-DB|Q9KN50|3.A.23.1.1	33.6	214	142	0	61	274	37	250	4.1e-31	131.7
BCW-200599_02990	gnl|TC-DB|Q9KN51|3.A.23.1.1	37.3	442	273	4	4	443	5	444	5.8e-85	311.2
BCW-200599_02994	gnl|TC-DB|Q9KN48|3.A.23.1.1	37.3	434	224	6	112	499	96	527	1.8e-66	250.0
BCW-200599_02995	gnl|TC-DB|Q9KN49|3.A.23.1.1	48.1	885	414	8	1	870	1	855	4.2e-212	734.6
BCW-200599_02997	gnl|TC-DB|Q9KN55|3.A.23.1.1	40.1	609	331	9	1	595	1	589	3.4e-125	445.3
BCW-200599_03003	gnl|TC-DB|Q6EE20|3.A.23.2.1	42.8	488	270	4	3	488	9	489	2.4e-108	389.0
BCW-200599_03015	gnl|TC-DB|Q0PBV6|9.A.40.2.2	35.0	452	277	9	1	443	1	444	1.6e-58	223.4
BCW-200599_03016	gnl|TC-DB|B7L5V2|1.A.34.1.3	32.0	194	88	7	102	266	27	205	4.4e-12	68.6
BCW-200599_03019	gnl|TC-DB|P0AAH0|3.A.1.7.1	64.0	247	89	0	31	277	11	257	1.4e-89	325.9
BCW-200599_03020	gnl|TC-DB|C3KCB6|3.A.1.7.3	30.5	249	139	5	295	538	68	287	1.6e-23	107.5
BCW-200599_03021	gnl|TC-DB|O51234|3.A.1.7.5	32.6	242	146	4	519	757	75	302	5.7e-24	109.4
BCW-200599_03023	gnl|TC-DB|Q5ZYB5|3.A.7.9.1	32.2	400	262	4	18	413	1	395	6.1e-55	211.5
BCW-200599_03032	gnl|TC-DB|Q45068|2.A.25.1.5	43.8	466	254	6	1	466	8	465	6.2e-101	364.4
BCW-200599_03037	gnl|TC-DB|P31133|3.A.1.11.2	54.9	364	159	4	4	365	9	369	9.8e-115	409.8
BCW-200599_03046	gnl|TC-DB|B8F896|3.A.1.3.28	29.3	273	166	7	6	272	7	258	1.7e-23	106.3
BCW-200599_03047	gnl|TC-DB|P54536|3.A.1.3.15	38.9	198	120	1	72	268	16	213	1.5e-30	129.8
BCW-200599_03051	gnl|TC-DB|Q03030|3.B.1.1.1	49.7	608	274	4	5	600	3	590	1.4e-158	556.2
BCW-200599_03056	gnl|TC-DB|P0AAP1|9.B.34.1.2	30.0	170	111	4	529	695	201	365	3.7e-12	70.5
BCW-200599_03058	gnl|TC-DB|P29939|2.A.7.2.1	61.3	137	53	0	8	144	4	140	9.9e-42	166.0
BCW-200599_03061	gnl|TC-DB|P39830|2.A.37.1.5	31.2	385	251	6	2	376	3	383	4.8e-39	159.1
BCW-200599_03068	gnl|TC-DB|P94400|9.B.10.1.1	52.4	393	178	4	5	393	4	391	1.3e-107	386.3
BCW-200599_03072	gnl|TC-DB|G0LRW9|3.A.1.15.15	32.3	198	125	3	27	216	28	224	2.8e-24	108.6
BCW-200599_03073	gnl|TC-DB|A1IQK4|3.A.1.15.10	54.1	270	124	0	10	279	10	279	3.8e-69	258.1
BCW-200599_03074	gnl|TC-DB|Q5FA63|3.A.1.15.10	39.2	306	163	4	5	290	6	308	7.4e-57	217.2
BCW-200599_03080	gnl|TC-DB|Q9I147|3.A.3.6.15	77.0	609	139	1	21	628	37	645	4.8e-226	780.4
BCW-200599_03086	gnl|TC-DB|P0AG34|2.A.76.1.1	30.7	199	131	4	1	197	1	194	1.4e-17	86.3
BCW-200599_03090	gnl|TC-DB|B9DIS8|9.B.97.5.1	27.2	383	212	14	9	362	22	366	3.1e-18	89.4
BCW-200599_03096	gnl|TC-DB|Q9HTB8|3.A.1.103.6	76.6	265	62	0	1	265	1	265	7.1e-115	409.8
BCW-200599_03097	gnl|TC-DB|Q9I3V8|3.A.1.103.6	37.1	391	238	6	3	387	7	395	5.5e-61	231.5
BCW-200599_03110	gnl|TC-DB|P0A6E6|3.A.2.1.1	49.6	137	69	0	1	137	1	137	4.1e-29	124.0
BCW-200599_03111	gnl|TC-DB|P0ABB4|3.A.2.1.1	84.1	460	72	1	1	459	1	460	3.6e-223	770.4
BCW-200599_03112	gnl|TC-DB|P0ABA6|3.A.2.1.1	68.6	287	89	1	1	286	1	287	3.5e-107	384.4
BCW-200599_03113	gnl|TC-DB|P0ABB0|3.A.2.1.1	77.5	512	115	0	3	514	2	513	1.4e-228	788.5
BCW-200599_03114	gnl|TC-DB|P0ABA4|3.A.2.1.1	43.3	178	100	1	1	178	1	177	4.1e-34	141.0
BCW-200599_03115	gnl|TC-DB|P0ABA0|3.A.2.1.1	40.4	156	93	0	1	156	1	156	2.3e-20	95.1
BCW-200599_03116	gnl|TC-DB|P68699|3.A.2.1.1	57.1	70	30	0	7	76	8	77	5.4e-16	79.7
BCW-200599_03117	gnl|TC-DB|P0AB98|3.A.2.1.1	54.9	286	106	7	5	288	7	271	9.0e-71	263.5
BCW-200599_03118	gnl|TC-DB|B1JFU8|1.A.77.3.9	82.2	135	24	0	1	135	1	135	2.0e-57	218.0
BCW-200599_03125	gnl|TC-DB|Q82VI7|1.B.14.1.10	35.8	804	463	15	37	811	45	824	9.4e-134	474.2
BCW-200599_03127	gnl|TC-DB|P25714|2.A.9.3.1	48.0	485	244	6	75	552	53	536	9.7e-122	433.7
BCW-200599_03144	gnl|TC-DB|P0AGI8|2.A.38.1.1	63.6	451	164	0	1	451	1	451	1.3e-164	575.9
BCW-200599_03149	gnl|TC-DB|Q8VRK4|3.A.11.1.3	43.8	240	121	5	119	353	93	323	1.3e-37	153.7
BCW-200599_03155	gnl|TC-DB|B9LBX9|2.A.53.3.4	33.5	498	304	6	14	489	21	513	1.1e-63	240.7
BCW-200599_03156	gnl|TC-DB|Q9HTI6|3.A.1.12.12	47.0	302	157	1	5	303	6	307	1.3e-80	296.2
BCW-200599_03162	gnl|TC-DB|P42308|2.A.11.1.2	62.5	427	155	1	1	427	1	422	7.2e-149	523.5
BCW-200599_03163	gnl|TC-DB|L5DDD7|2.A.109.2.3	47.2	229	120	1	1	229	370	597	8.8e-54	206.8
BCW-200599_03164	gnl|TC-DB|P0AF43|2.A.58.2.1	62.3	536	201	1	1	536	1	535	8.8e-176	613.2
BCW-200599_03167	gnl|TC-DB|A4PCH7|3.A.1.27.1	40.9	318	181	3	69	382	1	315	2.2e-53	206.1
BCW-200599_03168	gnl|TC-DB|A4PCH8|3.A.1.27.1	60.6	249	97	1	13	260	25	273	2.8e-79	291.6
BCW-200599_03171	gnl|TC-DB|I6ZUE8|9.B.156.3.1	40.8	373	214	3	41	409	153	522	2.0e-68	256.1
BCW-200599_03172	gnl|TC-DB|P21345|2.A.23.1.1	74.9	423	105	1	1	422	1	423	7.1e-168	586.6
BCW-200599_03176	gnl|TC-DB|Q9KN48|3.A.23.1.1	42.0	226	131	0	147	372	193	418	5.3e-46	181.8
BCW-200599_03180	gnl|TC-DB|D4ZZR3|9.B.34.1.3	44.0	166	90	2	534	696	231	396	3.5e-28	123.2
BCW-200599_03189	gnl|TC-DB|P39172|3.A.1.15.5	40.6	303	173	3	7	304	8	308	2.7e-49	192.2
BCW-200599_03191	gnl|TC-DB|P0A9X1|3.A.1.15.5	59.4	244	98	1	5	247	4	247	1.6e-79	292.4
BCW-200599_03192	gnl|TC-DB|P39832|3.A.1.15.5	47.3	256	135	0	1	256	1	256	1.3e-47	186.4
BCW-200599_03195	gnl|TC-DB|Q9HT70|3.A.1.24.5	82.1	335	60	0	1	335	1	335	1.5e-157	552.0
BCW-200599_03196	gnl|TC-DB|Q9HT69|3.A.1.24.5	78.3	217	47	0	8	224	9	225	7.9e-83	303.1
BCW-200599_03197	gnl|TC-DB|Q9HT68|3.A.1.24.5	76.5	260	57	1	1	256	1	260	1.1e-104	375.9
BCW-200599_03204	gnl|TC-DB|Q3J5F6|3.D.4.6.2	39.0	295	143	8	2	294	4	263	2.6e-49	192.2
BCW-200599_03205	gnl|TC-DB|P19516|3.D.4.8.1	33.3	162	98	3	17	168	92	253	2.4e-21	98.6
BCW-200599_03206	gnl|TC-DB|P98002|3.D.4.6.1	51.2	543	240	5	8	526	7	548	3.1e-154	541.6
BCW-200599_03207	gnl|TC-DB|P08306|3.D.4.6.1	37.9	235	144	2	26	259	47	280	7.1e-44	174.5
BCW-200599_03209	gnl|TC-DB|P96878|2.A.53.3.12	34.2	494	305	7	2	485	23	506	1.7e-56	216.9
BCW-200599_03210	gnl|TC-DB|P96878|2.A.53.3.12	32.2	202	131	3	19	215	539	739	7.4e-26	114.0
BCW-200599_03240	gnl|TC-DB|P0C188|3.D.2.2.1	55.6	477	197	4	1	476	1	463	7.7e-136	480.3
BCW-200599_03241	gnl|TC-DB|P0C187|3.D.2.2.1	56.5	85	37	0	12	96	53	137	5.3e-21	96.7
BCW-200599_03242	gnl|TC-DB|P0C186|3.D.2.2.1	50.5	378	175	5	1	369	1	375	1.4e-87	319.7
BCW-200599_03249	gnl|TC-DB|P0AGM9|2.A.40.4.2	46.2	444	234	3	8	446	19	462	1.1e-110	396.7
BCW-200599_03252	gnl|TC-DB|A2RKA7|3.A.1.2.17	38.5	499	299	4	10	504	7	501	1.0e-93	340.5
BCW-200599_03253	gnl|TC-DB|Q8DU38|3.A.1.2.12	28.5	344	235	4	20	352	11	354	7.2e-33	137.9
BCW-200599_03254	gnl|TC-DB|A2RKA5|3.A.1.2.17	32.9	304	185	6	3	290	4	304	2.8e-30	129.0
BCW-200599_03257	gnl|TC-DB|P31801|2.A.19.1.1	30.1	355	239	4	7	357	13	362	4.2e-41	165.2
BCW-200599_03261	gnl|TC-DB|O34691|2.A.1.82.4	31.6	431	254	4	22	451	10	400	7.3e-67	251.1
BCW-200599_03267	gnl|TC-DB|I7FD23|2.A.1.2.97	37.1	380	234	4	6	382	19	396	1.9e-55	213.0
BCW-200599_03270	gnl|TC-DB|Q9HX93|3.A.3.5.34	72.1	785	215	3	8	790	10	792	3.1e-307	1050.4
BCW-200599_03285	gnl|TC-DB|Q9L714|3.A.7.18.1	46.0	396	206	2	4	393	60	453	1.2e-95	346.7
BCW-200599_03287	gnl|TC-DB|Q9L717|3.A.7.18.1	29.0	328	190	10	91	382	188	508	3.0e-30	129.4
BCW-200599_03294	gnl|TC-DB|Q9HV74|2.A.21.9.1	30.4	375	204	12	553	904	634	974	3.5e-28	123.6
BCW-200599_03301	gnl|TC-DB|P28303|2.A.66.1.4	45.2	436	229	5	15	445	27	457	4.5e-85	311.6
BCW-200599_03309	gnl|TC-DB|P0AAP1|9.B.34.1.2	36.2	177	111	2	361	536	195	370	4.9e-25	112.5
BCW-200599_03310	gnl|TC-DB|M3JA40|1.B.52.2.1	55.6	90	40	0	463	552	275	364	2.4e-15	80.5
BCW-200599_03324	gnl|TC-DB|B6VNR0|1.C.57.1.6	27.1	1648	1029	49	778	2304	1393	2988	3.5e-109	394.0
BCW-200599_03325	gnl|TC-DB|B6VNR0|1.C.57.1.6	28.5	1670	1039	43	738	2297	1320	2944	6.1e-133	473.0
BCW-200599_03339	gnl|TC-DB|P72121|1.B.14.4.1	72.3	708	177	8	15	706	19	723	4.7e-307	1049.7
BCW-200599_03341	gnl|TC-DB|A4LBD1|1.B.14.1.7	27.7	734	431	37	25	707	69	753	5.5e-37	152.5
BCW-200599_03342	gnl|TC-DB|Q9X665|3.A.1.14.7	38.9	229	136	1	30	254	24	252	3.6e-42	168.3
BCW-200599_03344	gnl|TC-DB|A8GDS7|3.A.1.14.16	35.9	329	199	5	11	336	9	328	3.3e-48	188.7
BCW-200599_03345	gnl|TC-DB|Q8NRW1|3.A.1.4.5	46.2	377	187	7	27	403	49	409	2.7e-92	335.5
BCW-200599_03346	gnl|TC-DB|Q8NRW0|3.A.1.4.5	44.9	294	156	2	204	497	4	291	5.9e-62	235.0
BCW-200599_03347	gnl|TC-DB|Q9L3S4|3.A.1.4.4	43.8	317	167	3	46	356	30	341	5.9e-64	241.1
BCW-200599_03348	gnl|TC-DB|Q9L3S3|3.A.1.4.4	44.8	259	125	2	48	289	5	262	4.2e-52	201.4
BCW-200599_03349	gnl|TC-DB|Q9L3S2|3.A.1.4.4	47.4	215	111	2	14	227	4	217	2.9e-48	188.3
BCW-200599_03359	gnl|TC-DB|P44669|9.A.41.1.1	28.2	241	132	7	9	227	21	242	4.2e-16	82.4
BCW-200599_03363	gnl|TC-DB|O29740|2.A.7.3.36	26.0	281	193	6	8	281	11	283	1.7e-16	83.2
BCW-200599_03369	gnl|TC-DB|P37645|9.B.121.1.1	53.7	661	292	3	29	679	29	685	1.2e-209	726.1
BCW-200599_03375	gnl|TC-DB|Q1M8G8|2.A.99.1.2	48.2	195	94	2	3	190	5	199	9.5e-37	149.8
BCW-200599_03379	gnl|TC-DB|P22731|3.A.1.4.1	59.5	237	96	0	1	237	1	237	2.8e-70	261.5
BCW-200599_03380	gnl|TC-DB|P21629|3.A.1.4.8	52.7	283	104	2	1	283	1	253	3.8e-77	284.6
BCW-200599_03381	gnl|TC-DB|P21628|3.A.1.4.8	53.4	412	184	5	11	416	1	410	5.2e-107	384.4
BCW-200599_03382	gnl|TC-DB|P0AEX7|3.A.1.4.1	54.8	301	135	1	5	304	8	308	9.7e-84	306.6
BCW-200599_03383	gnl|TC-DB|Q9L3M3|3.A.1.4.3	48.3	362	182	4	7	366	2	360	1.5e-89	326.2
BCW-200599_03400	gnl|TC-DB|P0AAC6|1.A.14.2.1	55.8	206	90	1	17	222	15	219	3.8e-53	204.5
BCW-200599_03405	gnl|TC-DB|B9DIS8|9.B.97.5.1	28.7	352	225	14	1	329	16	364	1.9e-28	124.0
BCW-200599_03406	gnl|TC-DB|F5SU14|2.A.85.7.2	35.7	168	104	1	1	164	29	196	9.8e-26	114.0
BCW-200599_03412	gnl|TC-DB|Q9I5N4|1.B.20.3.6	72.8	511	135	1	26	532	34	544	9.9e-225	775.8
BCW-200599_03413	gnl|TC-DB|P0ABU9|1.A.30.2.2	30.8	221	144	4	370	590	19	230	1.0e-15	81.6
BCW-200599_03414	gnl|TC-DB|Q1D0D2|1.A.30.2.7	31.7	126	86	0	16	141	13	138	2.2e-14	75.1
BCW-200599_03416	gnl|TC-DB|J2F862|1.B.62.1.5	80.8	567	105	2	1	567	3	565	3.3e-279	956.8
BCW-200599_03425	gnl|TC-DB|H7F0T0|3.D.4.3.3	77.5	475	106	1	1	475	1	474	1.5e-224	775.0
BCW-200599_03447	gnl|TC-DB|Q9I0V5|2.A.6.2.39	46.7	430	216	5	7	435	7	424	3.0e-94	342.0
BCW-200599_03448	gnl|TC-DB|Q9I0V6|2.A.6.2.39	70.6	1021	299	1	1	1021	1	1020	0.0e+00	1344.7
BCW-200599_03449	gnl|TC-DB|Q9I0V7|2.A.6.2.39	59.1	1039	418	4	1	1035	1	1036	0.0e+00	1113.2
BCW-200599_03450	gnl|TC-DB|Q9I0V8|2.A.6.2.39	53.7	471	210	2	17	480	7	476	1.5e-110	396.4
BCW-200599_03451	gnl|TC-DB|D4ZZR3|9.B.34.1.3	37.6	170	103	1	252	418	222	391	4.4e-23	106.3
BCW-200599_03456	gnl|TC-DB|Q55026|9.B.20.2.1	43.3	141	71	2	28	159	14	154	1.2e-22	102.8
BCW-200599_03473	gnl|TC-DB|Q9ZK21|1.C.82.1.1	50.2	227	113	0	3	229	4	230	6.3e-59	223.8
BCW-200599_03476	gnl|TC-DB|P0AG96|3.A.5.1.1	41.1	124	71	1	1	122	1	124	2.2e-18	88.2
BCW-200599_03501	gnl|TC-DB|P0AGA2|3.A.5.1.1	63.8	442	155	2	1	437	1	442	1.5e-157	552.4
BCW-200599_03510	gnl|TC-DB|P77726|2.A.1.2.60	53.8	448	206	1	8	455	5	451	5.6e-123	437.6
BCW-200599_03518	gnl|TC-DB|B7FYG1|3.A.25.1.1	33.3	156	91	4	122	267	482	634	4.1e-15	79.0
BCW-200599_03532	gnl|TC-DB|D4ZZR3|9.B.34.1.3	37.7	175	100	4	427	595	223	394	8.6e-24	109.0
BCW-200599_03536	gnl|TC-DB|P09551|3.A.1.3.1	27.2	265	166	9	6	260	5	252	2.9e-15	79.0
BCW-200599_03537	gnl|TC-DB|Q9F3K6|3.A.1.3.24	42.8	243	126	4	4	240	57	292	1.8e-38	156.0
BCW-200599_03538	gnl|TC-DB|Q9F3K7|3.A.1.3.24	63.7	251	90	1	9	259	4	253	9.5e-88	319.7
BCW-200599_03540	gnl|TC-DB|Q2G506|3.A.1.210.11	36.1	496	301	6	109	602	116	597	6.6e-71	265.0
BCW-200599_03542	gnl|TC-DB|P25527|2.A.3.1.4	60.2	442	172	2	7	445	1	441	7.8e-141	496.9
BCW-200599_03560	gnl|TC-DB|Q6MLK6|1.A.46.2.5	31.8	264	177	2	23	286	34	294	2.1e-38	156.0
BCW-200599_03561	gnl|TC-DB|B0KPQ1|1.B.19.1.3	84.8	415	59	1	13	427	11	421	3.7e-214	740.3
BCW-200599_03563	gnl|TC-DB|Q3J192|9.A.24.1.2	44.8	143	79	0	4	146	9	151	3.9e-30	127.5
BCW-200599_03564	gnl|TC-DB|Q9HV74|2.A.21.9.1	30.9	262	147	9	337	586	739	978	6.0e-23	105.9
BCW-200599_03572	gnl|TC-DB|P96878|2.A.53.3.12	34.5	165	101	2	26	184	571	734	6.9e-23	104.0
BCW-200599_03575	gnl|TC-DB|Q9HY88|2.A.6.2.34	34.0	476	285	9	10	476	9	464	1.9e-49	193.4
BCW-200599_03577	gnl|TC-DB|Q9HXW4|2.A.6.2.17	41.2	1019	591	3	6	1017	3	1020	3.8e-217	751.5
BCW-200599_03579	gnl|TC-DB|Q89Q56|9.B.137.1.1	66.5	164	55	0	1	164	1	164	2.3e-55	211.5
BCW-200599_03585	gnl|TC-DB|A5W3Z9|9.B.153.4.3	78.8	288	61	0	1	288	1	288	2.8e-125	444.5
BCW-200599_03590	gnl|TC-DB|P21345|2.A.23.1.1	48.3	408	204	1	3	403	5	412	9.7e-106	380.2
BCW-200599_03596	gnl|TC-DB|Q05202|1.B.14.1.15	36.6	683	417	8	130	800	80	758	3.5e-125	445.7
BCW-200599_03601	gnl|TC-DB|P31133|3.A.1.11.2	55.2	355	157	2	10	362	16	370	8.2e-114	406.8
BCW-200599_03607	gnl|TC-DB|G8LJX5|9.B.142.2.2	38.7	524	314	4	32	550	10	531	3.1e-107	385.6
BCW-200599_03609	gnl|TC-DB|P21408|3.A.1.10.1	73.7	327	85	1	12	337	12	338	1.7e-137	485.3
BCW-200599_03610	gnl|TC-DB|P21409|3.A.1.10.1	73.8	504	132	0	27	530	23	526	2.1e-203	704.9
BCW-200599_03611	gnl|TC-DB|P21410|3.A.1.10.1	58.3	350	138	3	1	349	1	343	1.1e-102	369.8
BCW-200599_03614	gnl|TC-DB|P77757|4.D.2.1.8	65.9	311	106	0	4	314	5	315	9.2e-115	409.8
BCW-200599_03617	gnl|TC-DB|G8LJX5|9.B.142.2.2	40.8	551	314	8	4	546	5	551	1.9e-114	409.5
BCW-200599_03618	gnl|TC-DB|Q47377|2.A.7.22.1	49.5	111	53	1	1	111	1	108	6.3e-20	93.2
BCW-200599_03623	gnl|TC-DB|P31126|2.A.1.2.55	30.7	378	256	5	11	386	12	385	1.8e-45	179.9
BCW-200599_03633	gnl|TC-DB|P75901|2.A.108.2.3	57.7	272	115	0	1	272	1	272	2.1e-80	295.4
BCW-200599_03634	gnl|TC-DB|P0AB24|2.A.108.2.3	41.6	344	198	2	53	396	34	374	3.5e-73	271.9
BCW-200599_03635	gnl|TC-DB|P31545|2.A.108.2.3	58.6	415	163	4	11	423	14	421	2.8e-137	485.0
BCW-200599_03636	gnl|TC-DB|P0AB24|2.A.108.2.3	57.2	276	106	2	10	274	101	375	8.2e-82	300.1
BCW-200599_03641	gnl|TC-DB|P0AD30|2.A.102.3.1	37.4	257	148	4	12	258	15	268	2.4e-38	155.6
BCW-200599_03651	gnl|TC-DB|Q8Y3G9|2.A.6.2.45	51.2	367	177	2	6	371	10	375	8.5e-93	337.0
BCW-200599_03652	gnl|TC-DB|Q8Y3H0|2.A.6.2.45	66.1	1028	345	3	1	1024	1	1028	0.0e+00	1276.2
BCW-200599_03657	gnl|TC-DB|Q9RPP3|2.A.1.14.8	26.9	417	276	8	14	412	33	438	3.2e-40	162.5
BCW-200599_03664	gnl|TC-DB|Q9RPP3|2.A.1.14.8	42.1	437	248	3	1	436	11	443	2.5e-96	349.0
BCW-200599_03666	gnl|TC-DB|P77735|8.A.5.1.6	34.6	324	195	6	1	314	1	317	9.9e-45	177.2
BCW-200599_03667	gnl|TC-DB|Q57389|2.A.7.7.3	39.4	292	173	3	1	290	1	290	7.0e-55	210.7
BCW-200599_03669	gnl|TC-DB|Q31PG5|2.A.7.3.58	42.3	286	159	3	15	300	19	298	5.0e-43	171.4
BCW-200599_03680	gnl|TC-DB|P48632|1.B.14.1.6	39.0	729	394	12	35	746	119	813	7.1e-136	481.1
BCW-200599_03686	gnl|TC-DB|P31133|3.A.1.11.2	45.6	360	194	2	4	361	9	368	2.0e-88	322.4
BCW-200599_03688	gnl|TC-DB|P0AGM9|2.A.40.4.2	45.5	444	237	3	9	447	18	461	1.1e-108	390.2
BCW-200599_03702	gnl|TC-DB|P0AEY8|2.A.1.2.19	36.1	399	238	6	12	405	14	400	1.0e-54	210.7
BCW-200599_03708	gnl|TC-DB|F8CVI0|1.B.52.2.2	29.7	195	111	3	361	535	101	289	8.8e-13	72.0
BCW-200599_03710	gnl|TC-DB|B1J6T5|9.B.27.3.3	65.9	135	46	0	8	142	7	141	8.5e-46	179.5
BCW-200599_03737	gnl|TC-DB|P36879|3.A.1.105.17	67.9	305	93	2	1	303	1	302	2.8e-110	394.8
BCW-200599_03738	gnl|TC-DB|P0AFN6|3.A.1.105.17	60.8	250	98	0	10	259	7	256	1.6e-82	302.4
BCW-200599_03740	gnl|TC-DB|P51973|3.A.11.2.1	33.7	683	411	16	53	721	15	669	1.1e-75	281.2
BCW-200599_03741	gnl|TC-DB|Q6MQP0|1.A.30.3.3	29.5	193	131	3	7	194	36	228	2.5e-14	75.5
BCW-200599_03762	gnl|TC-DB|O80800|3.D.1.6.3	49.3	75	38	0	2	76	48	122	2.5e-12	67.4
BCW-200599_03777	gnl|TC-DB|P02924|3.A.1.2.2	58.8	325	130	3	9	332	5	326	5.1e-102	367.5
BCW-200599_03778	gnl|TC-DB|P0AAF3|3.A.1.2.2	59.1	491	201	0	16	506	8	498	9.4e-164	573.2
BCW-200599_03779	gnl|TC-DB|P0AE26|3.A.1.2.2	60.1	323	129	0	1	323	1	323	4.2e-93	337.8
BCW-200599_03782	gnl|TC-DB|Q9ZBQ0|2.A.39.1.6	42.4	490	266	6	4	488	2	480	8.0e-96	347.4
BCW-200599_03795	gnl|TC-DB|P0AA76|2.A.1.14.7	56.5	421	179	2	15	432	10	429	3.5e-135	478.0
BCW-200599_03822	gnl|TC-DB|E1ILD8|2.A.7.3.18	40.6	303	175	3	11	310	8	308	2.1e-52	202.6
BCW-200599_03828	gnl|TC-DB|O06967|3.A.1.117.3	31.3	585	364	8	19	595	16	570	1.0e-63	241.1
BCW-200599_03830	gnl|TC-DB|Q1J0W6|9.B.34.1.1	42.9	168	87	4	366	532	186	345	7.7e-27	119.0
BCW-200599_03832	gnl|TC-DB|D4ZZR3|9.B.34.1.3	42.2	161	88	3	150	306	236	395	3.9e-24	108.6
BCW-200599_03860	gnl|TC-DB|Q643C2|9.B.97.3.1	25.6	387	221	14	7	361	76	427	9.0e-11	65.1
BCW-200599_03863	gnl|TC-DB|Q9I3V8|3.A.1.103.6	37.3	418	228	8	12	427	12	397	7.1e-67	251.1
BCW-200599_03864	gnl|TC-DB|P42953|3.A.1.104.1	26.9	271	190	3	1	265	7	275	1.9e-14	76.3
BCW-200599_03867	gnl|TC-DB|G2HLY8|9.B.146.1.2	36.1	288	176	3	9	296	5	284	7.2e-43	171.0
BCW-200599_03868	gnl|TC-DB|Q6MMD5|9.B.18.2.1	48.4	642	298	7	9	649	16	625	1.3e-160	563.1
BCW-200599_03869	gnl|TC-DB|Q57134|3.A.11.2.2	40.8	98	57	1	12	108	13	110	1.6e-12	68.6
BCW-200599_03874	gnl|TC-DB|Q53148|2.A.3.5.1	39.0	372	205	8	3	367	36	392	6.0e-53	204.9
BCW-200599_03876	gnl|TC-DB|Q1M605|3.A.3.7.2	56.0	557	243	2	7	562	6	561	4.6e-172	600.9
BCW-200599_03877	gnl|TC-DB|Q1M606|3.A.3.7.2	64.4	683	230	6	16	686	4	685	8.9e-226	779.6
BCW-200599_03878	gnl|TC-DB|Q1M607|3.A.3.7.2	44.0	182	93	5	5	179	5	184	1.8e-29	125.6
BCW-200599_03911	gnl|TC-DB|Q9ASS7|2.A.3.3.13	28.8	389	250	11	8	375	38	420	2.2e-20	96.7
BCW-200599_03926	gnl|TC-DB|Q8N1S5|2.A.5.5.2	32.5	332	143	4	59	309	11	342	4.2e-18	88.6
BCW-200599_03936	gnl|TC-DB|Q3KCP1|9.B.140.1.2	88.3	264	31	0	1	264	1	264	1.1e-131	465.7
BCW-200599_03962	gnl|TC-DB|P77504|3.A.1.122.15	32.8	809	501	10	15	811	4	781	7.5e-102	368.2
BCW-200599_03963	gnl|TC-DB|P0A9T8|3.A.1.122.15	60.5	220	85	1	4	221	5	224	4.0e-66	247.7
BCW-200599_03984	gnl|TC-DB|M2X4H1|2.A.102.4.9	30.3	241	157	6	14	245	68	306	2.2e-12	69.3
BCW-200599_03991	gnl|TC-DB|P38919|3.A.18.1.1	33.0	373	248	2	8	379	40	411	4.6e-55	212.2
BCW-200599_03994	gnl|TC-DB|P23894|9.B.1.1.6	47.3	298	140	4	1	292	1	287	1.5e-65	246.1
BCW-200599_03999	gnl|TC-DB|Q93N33|2.A.21.9.2	31.0	297	178	9	234	520	740	1019	2.3e-20	97.4
BCW-200599_04002	gnl|TC-DB|A3QE50|8.A.59.4.2	41.0	117	63	4	835	947	275	389	1.7e-12	71.6
BCW-200599_04010	gnl|TC-DB|Q0IDE4|1.A.11.2.5	34.6	413	235	9	15	398	75	481	1.3e-54	210.3
BCW-200599_04011	gnl|TC-DB|Q0ZAH7|2.A.37.1.3	40.6	566	333	1	5	567	10	575	1.9e-104	376.3
BCW-200599_04032	gnl|TC-DB|Q9V0A4|3.B.1.1.5	30.2	530	339	14	22	534	3	518	4.7e-65	245.4
BCW-200599_04039	gnl|TC-DB|P69451|4.C.1.1.4	30.4	365	224	12	3866	4220	205	549	1.5e-23	110.5
BCW-200599_04043	gnl|TC-DB|Q9JTL9|5.A.1.1.2	35.4	584	333	12	28	574	25	601	6.1e-79	291.6
BCW-200599_04050	gnl|TC-DB|B2IWT1|3.A.1.15.13	33.0	270	170	6	14	281	15	275	1.4e-21	100.1
BCW-200599_04051	gnl|TC-DB|O34946|3.A.1.15.11	33.3	198	125	5	63	253	16	213	1.5e-22	103.2
BCW-200599_04052	gnl|TC-DB|G0LRW7|3.A.1.15.15	23.6	301	219	5	9	300	6	304	6.5e-19	91.3
BCW-200599_04064	gnl|TC-DB|Q9KN48|3.A.23.1.1	43.4	235	132	1	11	245	184	417	3.9e-47	185.3
BCW-200599_04076	gnl|TC-DB|P0AA67|2.A.7.3.6	56.4	287	123	1	5	289	2	288	1.3e-80	296.2
BCW-200599_04084	gnl|TC-DB|M3JA40|1.B.52.2.1	66.7	66	22	0	181	246	280	345	6.4e-14	75.5
BCW-200599_04089	gnl|TC-DB|Q9KKE3|3.A.1.12.6	46.8	310	163	1	31	338	37	346	5.7e-85	310.8
BCW-200599_04090	gnl|TC-DB|Q01674|1.B.14.1.17	23.8	753	482	30	1	710	7	710	9.1e-32	135.2
BCW-200599_04093	gnl|TC-DB|Q9Z3Q3|2.A.63.1.1	39.8	98	59	0	4	101	6	103	1.2e-13	72.4
BCW-200599_04094	gnl|TC-DB|Q52983|2.A.63.1.1	56.5	85	37	0	8	92	8	92	1.6e-18	88.2
BCW-200599_04096	gnl|TC-DB|Q52981|2.A.63.1.1	50.6	539	252	4	4	540	5	531	2.2e-129	459.1
BCW-200599_04097	gnl|TC-DB|Q52980|2.A.63.1.1	68.1	113	36	0	1	113	1	113	1.3e-36	148.7
BCW-200599_04098	gnl|TC-DB|Q52978|2.A.63.1.1	60.3	960	365	5	3	955	32	982	0.0e+00	1094.3
BCW-200599_04099	gnl|TC-DB|Q9UYQ7|2.A.7.3.47	30.6	278	170	7	18	287	6	268	5.4e-21	98.2
BCW-200599_04110	gnl|TC-DB|O85765|3.A.1.17.2	41.6	250	145	1	26	274	8	257	4.5e-51	198.0
BCW-200599_04112	gnl|TC-DB|P75853|3.A.1.17.10	32.7	300	195	4	3	296	1	299	3.6e-33	138.7
BCW-200599_04125	gnl|TC-DB|V5FN92|9.B.169.1.12	51.7	377	176	5	15	389	20	392	6.6e-93	337.4
BCW-200599_04127	gnl|TC-DB|P76269|2.A.1.3.17	27.0	418	285	6	36	441	37	446	2.1e-30	130.2
BCW-200599_04132	gnl|TC-DB|P94369|2.A.39.1.5	37.2	443	269	6	12	451	3	439	1.0e-76	283.9
BCW-200599_04143	gnl|TC-DB|D4ZZR3|9.B.34.1.3	32.6	181	107	5	207	376	217	393	4.5e-17	85.5
BCW-200599_04155	gnl|TC-DB|P0ADL1|2.A.1.2.26	38.6	386	229	1	1	378	1	386	1.0e-64	243.8
BCW-200599_04165	gnl|TC-DB|P76249|2.A.76.1.5	31.3	198	129	4	5	198	13	207	1.2e-13	73.2
BCW-200599_04178	gnl|TC-DB|Q3YL97|1.B.20.1.3	32.4	553	360	5	15	564	43	584	2.7e-79	292.7
BCW-200599_04179	gnl|TC-DB|852074676|1.C.75.1.3	41.6	922	418	15	2011	2920	1672	2485	7.5e-136	483.4
BCW-200599_04184	gnl|TC-DB|P94369|2.A.39.1.5	36.7	442	273	7	11	450	3	439	2.3e-79	292.7
BCW-200599_04185	gnl|TC-DB|P31133|3.A.1.11.2	52.6	365	170	2	5	366	6	370	5.4e-113	404.1
BCW-200599_04186	gnl|TC-DB|P42601|2.A.109.1.7	54.4	305	139	0	8	312	4	308	3.1e-96	348.2
BCW-200599_04190	gnl|TC-DB|P39836|2.A.28.3.4	61.0	315	122	1	9	323	8	321	1.5e-98	355.9
BCW-200599_04193	gnl|TC-DB|Q93N33|2.A.21.9.2	30.1	386	253	6	160	530	768	1151	1.1e-42	171.0
BCW-200599_04203	gnl|TC-DB|Q1M7Q1|3.A.1.11.6	50.7	335	151	4	14	342	3	329	1.3e-85	313.2
BCW-200599_04204	gnl|TC-DB|Q1M7Q2|3.A.1.11.6	59.4	229	93	0	13	241	12	240	2.9e-71	265.0
BCW-200599_04205	gnl|TC-DB|Q1M7Q3|3.A.1.11.6	57.4	249	106	0	33	281	22	270	9.4e-79	290.0
BCW-200599_04206	gnl|TC-DB|Q1M7Q4|3.A.1.11.6	60.8	316	123	1	26	341	22	336	2.1e-111	398.7
BCW-200599_04220	gnl|TC-DB|P70786|2.A.1.14.3	44.9	414	227	1	4	417	23	435	7.2e-104	374.0
BCW-200599_04234	gnl|TC-DB|F8CM01|1.A.13.4.1	28.5	298	186	7	9	288	22	310	3.5e-16	82.4
BCW-200599_04241	gnl|TC-DB|H8YUQ0|1.C.1.1.5	30.7	166	111	2	154	319	275	436	7.7e-18	87.8
BCW-200599_04263	gnl|TC-DB|Q9XD71|3.A.15.3.1	58.6	133	54	1	19	150	4	136	2.7e-42	167.9
BCW-200599_04264	gnl|TC-DB|Q9XD67|3.A.15.3.1	25.2	326	205	10	3	313	12	313	1.8e-11	66.6
BCW-200599_04267	gnl|TC-DB|P35818|1.B.22.1.2	31.1	687	389	12	81	762	37	644	1.4e-81	300.8
BCW-200599_04269	gnl|TC-DB|P15645|3.A.15.1.1	53.1	480	206	5	4	465	11	489	1.2e-138	489.6
BCW-200599_04270	gnl|TC-DB|P15745|3.A.15.1.1	39.5	405	216	5	1	402	1	379	1.4e-61	233.4
BCW-200599_04271	gnl|TC-DB|D0VWY2|3.A.1.7.3	44.4	378	173	11	22	369	1	371	2.9e-66	248.8
BCW-200599_04281	gnl|TC-DB|Q47537|3.A.1.17.1	29.4	218	135	7	60	270	47	252	1.2e-13	74.3
BCW-200599_04282	gnl|TC-DB|O85765|3.A.1.17.2	37.7	239	145	1	2	240	20	254	3.6e-36	148.3
BCW-200599_04283	gnl|TC-DB|P38046|3.A.1.16.1	44.6	242	126	4	27	260	33	274	8.0e-56	213.8
BCW-200599_04294	gnl|TC-DB|G4QI94|1.B.48.1.5	30.8	211	135	3	25	227	22	229	3.7e-27	118.2
BCW-200599_04298	gnl|TC-DB|Q9HV74|2.A.21.9.1	29.5	295	168	10	291	570	713	982	2.4e-21	100.5
BCW-200599_04300	gnl|TC-DB|Q9HV74|2.A.21.9.1	28.2	308	173	11	235	512	691	980	1.9e-20	97.4
BCW-200599_04301	gnl|TC-DB|Q93N33|2.A.21.9.2	31.1	238	157	3	49	282	779	1013	1.2e-27	120.2
BCW-200599_04316	gnl|TC-DB|G0LBU8|1.B.14.6.11	38.0	163	86	5	130	282	197	354	2.8e-15	80.9
BCW-200599_04319	gnl|TC-DB|G0LBU8|1.B.14.6.11	23.9	888	544	32	25	880	189	976	2.3e-29	127.5
BCW-200599_04320	gnl|TC-DB|P33913|3.A.1.5.21	37.1	598	359	11	1	592	1	587	3.1e-113	405.6
BCW-200599_04321	gnl|TC-DB|Q7CQ74|3.A.1.5.24	62.2	365	124	4	1	352	1	364	1.3e-119	426.0
BCW-200599_04322	gnl|TC-DB|P33915|3.A.1.5.21	58.3	338	140	1	1	338	1	337	2.9e-113	404.8
BCW-200599_04323	gnl|TC-DB|P33916|3.A.1.5.21	58.0	529	214	5	1	521	1	529	4.6e-158	554.3
BCW-200599_04326	gnl|TC-DB|M4VAL8|8.A.21.2.4	28.0	193	135	3	130	319	74	265	3.9e-12	68.9
BCW-200599_04340	gnl|TC-DB|A5W2Y3|9.B.69.1.1	70.8	226	66	0	1	226	1	226	5.5e-87	317.0
BCW-200599_04341	gnl|TC-DB|A5W2Y4|9.B.69.1.1	67.8	59	19	0	7	65	4	62	3.2e-16	80.1
BCW-200599_04342	gnl|TC-DB|P94400|9.B.10.1.1	32.8	232	139	8	4	227	1	223	1.0e-28	124.0
BCW-200599_04347	gnl|TC-DB|L5DDD7|2.A.109.2.3	52.1	518	242	3	1	515	370	884	4.2e-135	478.0
BCW-200599_04351	gnl|TC-DB|Q0P9X8|3.A.1.3.16	27.6	268	174	7	4	265	4	257	8.0e-24	107.5
BCW-200599_04352	gnl|TC-DB|P0AEQ6|3.A.1.3.2	38.2	217	132	1	4	218	2	218	3.9e-34	141.4
BCW-200599_04353	gnl|TC-DB|A1VZQ3|3.A.1.3.16	32.5	203	137	0	15	217	41	243	2.9e-29	125.2
BCW-200599_04354	gnl|TC-DB|Q9F3K7|3.A.1.3.24	55.2	241	108	0	20	260	9	249	4.1e-70	261.2
BCW-200599_04360	gnl|TC-DB|Q9HV74|2.A.21.9.1	29.5	281	160	10	436	701	718	975	4.6e-22	103.2
BCW-200599_04361	gnl|TC-DB|Q51532|3.A.15.2.1	55.2	346	154	1	23	367	1	346	2.3e-106	382.1
BCW-200599_04364	gnl|TC-DB|Q81E21|2.A.8.1.14	55.2	478	198	3	1	462	1	478	1.3e-135	479.6
BCW-200599_04365	gnl|TC-DB|Q9KN48|3.A.23.1.1	38.6	365	192	6	129	467	169	527	6.8e-52	201.4
BCW-200599_04366	gnl|TC-DB|P33916|3.A.1.5.21	57.5	527	216	5	1	519	1	527	7.1e-159	557.0
BCW-200599_04367	gnl|TC-DB|P33915|3.A.1.5.21	56.5	338	146	1	1	338	1	337	5.2e-110	394.0
BCW-200599_04368	gnl|TC-DB|P0AFU1|3.A.1.5.21	62.1	364	125	3	1	351	1	364	8.8e-121	429.9
BCW-200599_04369	gnl|TC-DB|P33913|3.A.1.5.21	38.1	593	351	11	8	596	7	587	8.3e-114	407.5
BCW-200599_04378	gnl|TC-DB|K0WKG7|4.F.1.1.8	100.0	186	0	0	1	186	1	186	2.9e-99	357.5
BCW-200599_04393	gnl|TC-DB|J2YPD8|1.E.20.1.4	80.7	109	21	0	1	109	1	109	3.4e-47	183.7
BCW-200599_04398	gnl|TC-DB|P30130|1.B.11.3.9	31.7	839	510	15	3	792	38	862	3.2e-121	432.6
BCW-200599_04406	gnl|TC-DB|M3JA40|1.B.52.2.1	36.6	205	124	2	341	542	259	460	1.4e-19	94.4
BCW-200599_04426	gnl|TC-DB|Q53712|3.A.1.120.3	32.1	505	304	14	41	520	63	553	1.3e-38	157.5
BCW-200599_04428	gnl|TC-DB|P09833|3.A.1.8.1	40.6	360	205	4	1	359	1	352	7.5e-67	250.8
BCW-200599_04429	gnl|TC-DB|Q8TJ86|3.A.1.8.2	33.5	203	133	2	13	214	14	215	5.8e-25	110.9
BCW-200599_04450	gnl|TC-DB|Q9I2S5|2.A.34.1.3	74.2	500	129	0	1	500	1	500	4.7e-192	667.2
BCW-200599_04453	gnl|TC-DB|Q9KN48|3.A.23.1.1	47.1	240	126	1	138	376	193	432	6.0e-58	221.5
BCW-200599_04454	gnl|TC-DB|G0K0M9|9.B.153.3.16	40.4	317	182	3	126	438	117	430	1.7e-65	246.5
BCW-200599_04462	gnl|TC-DB|M3JA40|1.B.52.2.1	36.7	210	124	3	343	544	252	460	2.3e-19	93.6
BCW-200599_04469	gnl|TC-DB|P37621|2.A.1.46.7	48.8	385	197	0	7	391	8	392	1.5e-89	326.2
BCW-200599_04470	gnl|TC-DB|Q83XH1|3.A.1.121.4	46.6	517	274	1	1	515	9	525	3.6e-139	491.5
BCW-200599_04494	gnl|TC-DB|B2D7K2|3.A.23.1.1	39.2	510	282	9	20	513	18	515	1.7e-96	350.1
BCW-200599_04495	gnl|TC-DB|Q9I5H4|1.B.25.1.10	58.1	413	162	4	20	432	25	426	4.0e-139	491.1
BCW-200599_04500	gnl|TC-DB|O30494|3.A.1.1.49	86.4	367	50	0	1	367	1	367	9.3e-182	632.5
BCW-200599_04501	gnl|TC-DB|O30493|3.A.1.1.49	96.0	276	11	0	1	276	1	276	1.3e-146	515.4
BCW-200599_04502	gnl|TC-DB|O30492|3.A.1.1.49	94.1	290	17	0	18	307	6	295	1.3e-149	525.4
BCW-200599_04503	gnl|TC-DB|O30491|3.A.1.1.49	89.2	436	47	0	1	436	1	436	7.1e-229	789.3
BCW-200599_04508	gnl|TC-DB|Q93N33|2.A.21.9.2	28.5	396	237	10	494	881	788	1145	5.9e-28	123.2
BCW-200599_04513	gnl|TC-DB|Q9HV74|2.A.21.9.1	30.0	310	175	11	129	422	699	982	1.1e-21	101.3
BCW-200599_04518	gnl|TC-DB|P46482|8.A.1.7.1	36.8	321	167	6	1	316	1	290	2.4e-43	172.6
BCW-200599_04519	gnl|TC-DB|B2FLY6|2.A.6.2.14	48.1	464	230	4	13	471	12	469	4.7e-109	391.3
BCW-200599_04520	gnl|TC-DB|Q9I0Y8|2.A.6.2.16	88.1	1052	123	1	1	1050	1	1052	0.0e+00	1784.6
BCW-200599_04521	gnl|TC-DB|C5IZH0|2.A.6.2.47	46.8	380	195	3	7	379	11	390	6.4e-86	314.3
BCW-200599_04524	gnl|TC-DB|P31122|2.A.1.2.15	59.7	387	156	0	1	387	1	387	4.3e-116	414.5
BCW-200599_04529	gnl|TC-DB|P70786|2.A.1.14.3	47.7	411	211	4	13	422	22	429	4.3e-101	364.8
BCW-200599_04532	gnl|TC-DB|G4NW86|2.A.76.1.7	31.0	200	138	0	8	207	7	206	4.7e-21	97.8
BCW-200599_04548	gnl|TC-DB|P31133|3.A.1.11.2	55.2	357	156	2	8	360	13	369	2.5e-118	421.8
BCW-200599_04551	gnl|TC-DB|Q9ZG94|3.A.1.110.12	81.6	554	102	0	14	567	22	575	4.1e-256	880.2
BCW-200599_04552	gnl|TC-DB|Q9ZG93|3.A.1.110.12	85.9	426	60	0	24	449	8	433	6.7e-206	713.0
BCW-200599_04553	gnl|TC-DB|Q9ZG92|3.A.1.110.12	83.9	428	68	1	18	444	14	441	1.4e-200	695.3
BCW-200599_04554	gnl|TC-DB|C6G4G4|1.B.12.5.6	41.0	1051	509	18	37	983	199	1242	2.2e-201	699.1
BCW-200599_04555	gnl|TC-DB|P09489|1.B.12.5.1	40.1	1067	517	19	36	1028	27	1045	2.4e-203	705.7
BCW-200599_04567	gnl|TC-DB|J2MRK2|9.B.29.3.1	76.8	203	47	0	1	203	1	203	4.8e-87	317.0
BCW-200599_04570	gnl|TC-DB|P24183|5.A.3.2.1	66.8	196	64	1	1	196	1	195	1.5e-74	275.4
BCW-200599_04571	gnl|TC-DB|P24183|5.A.3.2.1	60.4	808	313	5	1	807	213	1014	2.5e-304	1040.8
BCW-200599_04572	gnl|TC-DB|P0AAJ3|5.A.3.2.1	65.5	287	95	4	1	284	3	288	3.5e-113	404.4
BCW-200599_04573	gnl|TC-DB|P0AEK7|5.A.3.2.1	44.8	212	117	0	3	214	4	215	5.1e-50	194.1
BCW-200599_04579	gnl|TC-DB|Q9I0E2|1.B.25.1.11	60.0	413	160	3	16	428	24	431	1.8e-144	508.8
BCW-200599_04593	gnl|TC-DB|Q6MDD6|3.A.7.16.1	39.9	163	74	4	203	364	329	468	9.6e-18	88.6
BCW-200599_04596	gnl|TC-DB|K1GHE1|9.B.186.1.2	36.8	125	77	1	37	159	82	206	1.0e-15	79.7
BCW-200599_04603	gnl|TC-DB|P03724|3.A.17.1.1	33.8	198	122	4	1	192	1	195	1.1e-13	73.2
BCW-200599_04629	gnl|TC-DB|Q4KI39|9.B.164.1.1	28.7	659	376	21	4	642	2	586	1.3e-64	244.2
BCW-200599_04633	gnl|TC-DB|M3JA40|1.B.52.2.1	49.1	108	54	1	445	551	266	373	2.2e-16	84.0
BCW-200599_04639	gnl|TC-DB|927580526|2.A.7.3.63	59.5	259	94	4	23	273	9	264	4.0e-68	255.0
BCW-200599_04648	gnl|TC-DB|Q46839|2.A.14.1.2	71.3	565	154	2	1	563	1	559	1.5e-218	755.4
BCW-200599_04651	gnl|TC-DB|Q9KDT3|2.A.22.5.3	39.0	464	260	4	1	461	1	444	1.1e-75	280.4
BCW-200599_04658	gnl|TC-DB|P0A6Y8|1.A.33.1.2	75.5	638	156	0	1	638	1	638	1.8e-273	937.9
BCW-200599_04667	gnl|TC-DB|P55072|3.A.16.1.1	42.5	228	130	1	153	379	473	700	4.9e-53	205.7
BCW-200599_04690	gnl|TC-DB|Q9HY55|4.A.2.1.17	71.5	955	267	3	1	952	1	953	0.0e+00	1263.8
BCW-200599_04692	gnl|TC-DB|Q9HY57|4.A.2.1.17	74.4	574	144	2	1	572	1	573	1.4e-195	679.1
BCW-200599_04695	gnl|TC-DB|P81549|1.B.14.1.16	36.2	770	436	13	13	768	10	738	6.9e-126	448.0
BCW-200599_04701	gnl|TC-DB|Q87WH5|3.A.1.12.10	95.0	383	19	0	1	383	1	383	7.7e-211	729.2
BCW-200599_04702	gnl|TC-DB|Q87WH4|3.A.1.12.10	94.0	217	13	0	1	217	1	217	2.5e-105	377.9
BCW-200599_04703	gnl|TC-DB|Q87WH3|3.A.1.12.10	79.8	297	60	0	1	297	1	297	1.9e-137	485.0
BCW-200599_04704	gnl|TC-DB|Q8ZPK1|3.A.1.12.14	59.9	232	87	2	7	237	7	233	7.4e-63	236.9
BCW-200599_04708	gnl|TC-DB|W0WLZ8|3.A.1.5.39	87.9	322	39	0	1	322	1	322	8.1e-161	562.8
BCW-200599_04709	gnl|TC-DB|W0WJ90|3.A.1.5.39	79.9	318	64	0	1	318	1	318	1.5e-143	505.4
BCW-200599_04710	gnl|TC-DB|W0WMS8|3.A.1.5.39	88.3	298	35	0	11	308	6	303	1.9e-143	505.0
BCW-200599_04711	gnl|TC-DB|W0WN20|3.A.1.5.39	86.6	336	45	0	1	336	1	336	8.0e-164	572.8
BCW-200599_04712	gnl|TC-DB|W0WL02|3.A.1.5.39	62.9	526	194	1	6	531	6	530	3.0e-197	684.5
BCW-200599_04713	gnl|TC-DB|Q9HVS0|1.B.25.1.9	47.4	458	218	6	22	471	42	484	5.1e-116	414.5
BCW-200599_04714	gnl|TC-DB|W0WLZ1|3.A.1.5.39	72.5	527	142	2	6	531	11	535	4.2e-231	797.0
BCW-200599_04715	gnl|TC-DB|W0WLZ1|3.A.1.5.39	76.1	539	120	2	1	539	6	535	7.7e-249	855.9
BCW-200599_04716	gnl|TC-DB|W0WLZ1|3.A.1.5.39	69.1	531	163	1	3	533	8	537	4.5e-225	776.9
BCW-200599_04722	gnl|TC-DB|Q6NLC1|3.A.1.203.8	34.6	621	319	9	19	565	65	672	2.8e-92	335.9
BCW-200599_04729	gnl|TC-DB|P42237|2.A.1.14.1	68.7	434	136	0	3	436	11	444	1.5e-181	632.1
BCW-200599_04733	gnl|TC-DB|Q0ZAI3|2.A.19.5.2	38.7	310	178	4	2	302	6	312	2.1e-45	179.5
BCW-200599_04738	gnl|TC-DB|P0A9X4|9.B.157.1.3	80.7	347	65	1	1	345	1	347	1.6e-154	542.0
BCW-200599_04739	gnl|TC-DB|P16926|9.B.157.1.3	36.1	296	171	1	3	298	13	290	9.8e-51	197.2
BCW-200599_04740	gnl|TC-DB|P0ABH4|9.B.157.1.3	30.1	156	109	0	7	162	6	161	2.2e-21	98.6
BCW-200599_04755	gnl|TC-DB|D4GYE4|4.A.2.1.15	33.8	130	86	0	18	147	20	149	5.4e-14	73.9
BCW-200599_04758	gnl|TC-DB|P0A9V1|1.B.42.1.2	67.2	241	79	0	1	241	1	241	1.9e-90	328.6
BCW-200599_04763	gnl|TC-DB|P63386|3.A.1.27.3	58.3	266	111	0	1	266	1	266	1.9e-91	332.0
BCW-200599_04764	gnl|TC-DB|P64606|3.A.1.27.3	61.4	259	100	0	6	264	2	260	1.2e-82	302.8
BCW-200599_04765	gnl|TC-DB|P64604|3.A.1.27.3	46.2	160	81	1	1	155	1	160	2.3e-33	138.3
BCW-200599_04774	gnl|TC-DB|Q21EL3|1.B.14.1.24	33.6	670	416	13	46	696	35	694	2.3e-96	349.7
BCW-200599_04787	gnl|TC-DB|P0A6J3|2.A.121.1.1	41.6	233	134	2	7	238	11	242	2.1e-44	175.6
BCW-200599_04800	gnl|TC-DB|E7UC95|1.E.14.1.9	37.8	111	69	0	11	121	17	127	1.0e-13	72.8
BCW-200599_04801	gnl|TC-DB|P39590|2.A.122.1.5	36.2	218	139	0	11	228	8	225	3.8e-32	134.8
BCW-200599_04810	gnl|TC-DB|Q51955|2.A.1.15.1	34.8	422	271	3	12	431	18	437	4.6e-69	258.5
BCW-200599_04821	gnl|TC-DB|P0AAD6|2.A.42.2.1	70.1	431	112	4	14	431	1	427	9.7e-162	566.2
BCW-200599_04825	gnl|TC-DB|Q9HXB2|1.B.14.1.12	66.1	785	256	5	1	776	1	784	1.5e-306	1048.1
BCW-200599_04833	gnl|TC-DB|Q8G8W9|1.B.14.1.26	28.4	835	506	30	24	806	11	805	2.9e-66	250.0
BCW-200599_04840	gnl|TC-DB|P24126|1.B.17.3.2	45.6	487	257	2	7	489	7	489	8.4e-109	390.6
BCW-200599_04841	gnl|TC-DB|E0LV84|2.A.85.1.4	22.7	546	378	8	32	559	10	529	9.3e-24	108.6
BCW-200599_04842	gnl|TC-DB|Q887R7|8.A.48.1.6	77.3	66	15	0	1	66	1	66	7.6e-26	112.1
BCW-200599_04843	gnl|TC-DB|P46482|8.A.1.7.1	40.4	282	166	2	1	281	5	285	6.0e-51	197.6
BCW-200599_04845	gnl|TC-DB|O32182|2.A.1.3.33	22.8	425	310	7	28	446	36	448	5.8e-16	82.0
BCW-200599_04853	gnl|TC-DB|P39580|2.A.50.2.1	30.6	216	129	8	124	323	119	329	3.7e-22	102.8
BCW-200599_04857	gnl|TC-DB|P18895|1.B.13.1.1	56.8	498	185	5	6	493	13	490	6.3e-165	577.0
BCW-200599_04860	gnl|TC-DB|Q52463|4.D.1.1.9	83.0	494	84	0	3	496	1	494	1.4e-241	831.6
BCW-200599_04868	gnl|TC-DB|O50181|3.A.1.3.11	60.9	258	99	2	1	257	1	257	2.3e-86	315.1
BCW-200599_04872	gnl|TC-DB|O00571|1.I.1.1.3	39.2	367	208	5	100	452	182	547	1.7e-66	250.0
BCW-200599_04874	gnl|TC-DB|P45766|3.A.1.3.26	69.0	342	103	2	2	343	3	341	3.8e-137	484.2
BCW-200599_04875	gnl|TC-DB|P45767|3.A.1.3.26	63.7	386	138	2	9	393	9	393	1.7e-133	472.2
BCW-200599_04876	gnl|TC-DB|P45768|3.A.1.3.26	66.5	355	119	0	8	362	9	363	8.8e-140	493.0
BCW-200599_04877	gnl|TC-DB|P45769|3.A.1.3.26	78.0	254	54	1	1	254	1	252	3.5e-119	424.1
BCW-200599_04879	gnl|TC-DB|P76242|2.A.1.17.3	37.7	377	230	4	44	417	14	388	9.9e-58	220.7
BCW-200599_04891	gnl|TC-DB|P0AF98|1.B.42.1.2	32.9	371	241	3	1	368	1	366	4.0e-47	185.3
BCW-200599_04892	gnl|TC-DB|P0ADC6|1.B.42.1.2	38.9	352	211	3	4	351	7	358	1.2e-61	233.4
BCW-200599_04903	gnl|TC-DB|Q9HXN4|4.A.1.1.15	70.0	570	165	2	1	564	1	570	7.9e-220	759.6
BCW-200599_04904	gnl|TC-DB|Q9HXN5|4.A.1.1.15	64.6	842	287	3	4	836	2	841	2.7e-293	1004.2
BCW-200599_04915	gnl|TC-DB|P37643|2.A.1.6.10	53.5	437	198	2	3	434	4	440	6.0e-119	424.1
BCW-200599_04916	gnl|TC-DB|P37908|9.A.40.2.4	35.5	392	241	8	20	401	28	417	7.0e-61	231.1
BCW-200599_04917	gnl|TC-DB|A6V120|9.B.14.3.5	75.2	270	63	1	54	323	1	266	2.1e-105	378.6
BCW-200599_04918	gnl|TC-DB|P0AGD7|3.A.5.1.1	64.7	453	156	2	1	453	1	449	5.5e-155	543.9
BCW-200599_04944	gnl|TC-DB|P0AFR9|3.A.1.11.9	78.2	262	57	0	1	262	1	262	3.8e-116	414.1
BCW-200599_04945	gnl|TC-DB|P77156|3.A.1.11.9	78.5	302	65	0	5	306	12	313	1.9e-132	468.4
BCW-200599_04946	gnl|TC-DB|P77795|3.A.1.11.9	66.8	337	108	1	1	337	1	333	5.4e-123	437.2
BCW-200599_04947	gnl|TC-DB|P76108|3.A.1.11.9	75.5	379	93	0	5	383	3	381	6.8e-175	609.8
BCW-200599_04951	gnl|TC-DB|M3JA40|1.B.52.2.1	39.8	118	60	2	341	458	265	371	4.5e-15	79.3
BCW-200599_04957	gnl|TC-DB|P0AAP1|9.B.34.1.2	37.3	169	101	4	164	332	206	369	2.8e-23	105.9
BCW-200599_04965	gnl|TC-DB|Q8EBH3|1.B.6.1.22	33.0	115	75	2	142	254	250	364	5.9e-13	71.2
BCW-200599_04978	gnl|TC-DB|Q1CZ64|2.A.6.3.7	23.9	309	225	5	50	350	65	371	2.0e-11	66.6
BCW-200599_04979	gnl|TC-DB|Q9HXW4|2.A.6.2.17	82.3	1021	181	0	1	1021	1	1021	0.0e+00	1642.5
BCW-200599_04990	gnl|TC-DB|Q9I4H4|4.D.3.1.11	75.7	856	205	1	1	853	1	856	0.0e+00	1345.1
BCW-200599_04996	gnl|TC-DB|P32703|2.A.36.3.1	45.7	552	279	10	1	539	1	544	3.1e-109	392.1
BCW-200599_05010	gnl|TC-DB|P0A943|1.B.33.1.3	38.6	821	465	13	1	795	3	810	3.5e-157	552.0
BCW-200599_05032	gnl|TC-DB|B7LEG0|1.A.34.1.2	43.3	275	134	1	41	293	105	379	1.3e-37	153.3
BCW-200599_05038	gnl|TC-DB|J2YPD8|1.E.20.1.4	89.4	113	11	1	1	113	1	112	1.5e-53	204.9
BCW-200599_05044	gnl|TC-DB|Q9KW03|9.A.33.1.1	28.0	325	193	6	4	293	8	326	2.1e-21	100.9
BCW-200599_05074	gnl|TC-DB|918432279|1.M.1.4.4	63.2	117	41	1	42	158	14	128	1.2e-36	149.4
BCW-200599_05075	gnl|TC-DB|515542128|1.M.1.4.1	54.7	159	71	1	7	165	17	174	4.7e-35	144.1
BCW-200599_05092	gnl|TC-DB|P63183|2.A.72.1.1	53.1	614	286	1	20	633	11	622	6.6e-175	610.5
BCW-200599_05094	gnl|TC-DB|D1F3T8|2.A.1.3.42	37.6	866	489	15	37	879	35	872	9.5e-132	467.6
BCW-200599_05100	gnl|TC-DB|G3XCT7|2.A.1.25.5	57.6	576	165	3	1	497	1	576	9.8e-169	589.7
BCW-200599_05108	gnl|TC-DB|P07109|3.A.1.3.29	69.6	253	76	1	3	254	5	257	1.5e-98	355.5
BCW-200599_05110	gnl|TC-DB|P0A2I7|3.A.1.3.1	61.1	229	89	0	1	229	1	229	1.3e-80	295.8
BCW-200599_05111	gnl|TC-DB|P0A2I9|3.A.1.3.1	60.4	225	89	0	16	240	2	226	1.6e-68	255.8
BCW-200599_05112	gnl|TC-DB|P09551|3.A.1.3.1	45.6	259	138	2	1	257	1	258	1.1e-56	216.5
BCW-200599_05121	gnl|TC-DB|P13794|1.B.6.1.2	46.5	157	71	2	73	229	202	345	5.8e-28	120.9
BCW-200599_05122	gnl|TC-DB|P13794|1.B.6.1.2	45.0	160	71	3	80	238	202	345	1.5e-26	116.3
BCW-200599_05129	gnl|TC-DB|P37665|9.B.186.1.1	35.7	140	89	1	141	280	80	218	3.0e-18	89.4
BCW-200599_05146	gnl|TC-DB|P21630|3.A.1.4.8	86.7	233	31	0	1	233	1	233	4.6e-110	393.7
BCW-200599_05147	gnl|TC-DB|P21629|3.A.1.4.8	88.2	255	30	0	1	255	1	255	2.1e-127	451.4
BCW-200599_05148	gnl|TC-DB|P21628|3.A.1.4.8	74.6	417	105	1	1	417	1	416	1.1e-165	579.3
BCW-200599_05149	gnl|TC-DB|P21627|3.A.1.4.8	81.8	307	56	0	1	307	1	307	7.7e-137	483.0
BCW-200599_05150	gnl|TC-DB|P21175|3.A.1.4.8	70.7	372	109	0	1	372	1	372	5.5e-153	537.0
BCW-200599_05154	gnl|TC-DB|P0AAP1|9.B.34.1.2	30.2	169	117	1	273	441	198	365	2.1e-18	90.9
BCW-200599_05156	gnl|TC-DB|P39398|2.A.1.14.33	25.2	404	254	12	14	387	44	429	6.6e-20	95.1
BCW-200599_05161	gnl|TC-DB|P0AFJ7|2.A.20.1.1	54.5	499	217	4	1	489	1	499	1.7e-146	515.8
BCW-200599_05164	gnl|TC-DB|Q51955|2.A.1.15.1	89.1	448	49	0	1	448	1	448	3.1e-227	783.9
BCW-200599_05170	gnl|TC-DB|Q52000|2.A.1.6.3	84.5	427	66	0	4	430	2	428	1.1e-205	712.2
BCW-200599_05177	gnl|TC-DB|Q9I6P8|1.B.25.1.14	67.8	425	127	5	1	419	1	421	1.7e-166	582.0
BCW-200599_05178	gnl|TC-DB|Q6V6X7|2.A.6.2.18	92.0	486	39	0	1	486	1	486	4.3e-243	836.6
BCW-200599_05179	gnl|TC-DB|Q6V6X8|2.A.6.2.18	92.9	1048	74	0	1	1048	1	1048	0.0e+00	1835.1
BCW-200599_05180	gnl|TC-DB|Q6V6X9|2.A.6.2.18	93.8	385	23	1	1	384	1	385	4.1e-196	680.2
BCW-200599_05185	gnl|TC-DB|P77389|2.A.1.2.65	47.3	357	188	0	5	361	7	363	9.2e-79	290.4
BCW-200599_05200	gnl|TC-DB|P96668|2.A.7.3.24	41.2	279	161	1	3	281	2	277	3.7e-51	198.4
BCW-200599_05209	gnl|TC-DB|Q4VSJ2|2.A.7.21.1	45.7	138	75	0	13	150	16	153	4.8e-29	124.0
BCW-200599_05231	gnl|TC-DB|Q9FA44|2.A.80.1.1	65.5	496	170	1	1	495	1	496	9.5e-177	616.3
BCW-200599_05232	gnl|TC-DB|Q9FA45|2.A.80.1.1	37.2	145	86	1	1	145	1	140	2.7e-18	88.2
BCW-200599_05233	gnl|TC-DB|Q9FA46|2.A.80.1.1	60.8	316	121	2	10	323	9	323	9.6e-114	406.4
BCW-200599_05234	gnl|TC-DB|Q9I5H4|1.B.25.1.10	62.8	427	150	7	7	430	7	427	4.8e-153	537.3
BCW-200599_05241	gnl|TC-DB|F9VN10|3.D.10.1.4	33.8	542	319	12	3	520	2	527	1.8e-69	260.0
BCW-200599_05246	gnl|TC-DB|B2GH49|9.B.160.1.10	31.1	167	100	6	100	259	217	375	1.8e-12	70.5
BCW-200599_05249	gnl|TC-DB|P0AFI9|2.A.86.1.1	47.1	346	183	0	1	346	1	346	4.5e-64	241.5
BCW-200599_05260	gnl|TC-DB|Q55487|4.D.2.1.9	55.0	302	135	1	12	313	3	303	1.6e-97	352.4
BCW-200599_05268	gnl|TC-DB|P17583|2.A.1.17.1	39.3	377	220	4	14	385	1	373	2.6e-65	245.7
BCW-200599_05286	gnl|TC-DB|O51798|2.A.1.15.9	43.1	404	227	2	19	422	2	402	1.0e-94	343.6
BCW-200599_05299	gnl|TC-DB|A2P528|2.A.7.3.9	35.0	297	185	2	1	297	1	289	1.0e-37	153.7
BCW-200599_05300	gnl|TC-DB|M3JA40|1.B.52.2.1	38.9	185	111	2	356	539	275	458	3.9e-19	92.8
BCW-200599_05306	gnl|TC-DB|C3K139|1.B.62.1.3	81.7	449	71	3	1	440	1	447	4.7e-212	733.4
BCW-200599_05308	gnl|TC-DB|P60844|1.A.8.3.1	71.7	226	62	2	3	226	1	226	8.7e-85	309.7
BCW-200599_05309	gnl|TC-DB|P73239|3.A.1.106.14	32.6	534	332	8	82	604	71	587	1.4e-68	257.3
BCW-200599_05315	gnl|TC-DB|P0ADP5|2.A.7.3.61	47.7	279	143	2	1	278	1	277	1.4e-68	256.1
BCW-200599_05316	gnl|TC-DB|P0AAT4|1.A.23.4.5	42.9	382	217	1	31	412	28	408	2.4e-88	322.4
BCW-200599_05317	gnl|TC-DB|O00571|1.I.1.1.3	36.2	376	220	5	2	358	182	556	4.6e-58	221.9
BCW-200599_05321	gnl|TC-DB|852074676|1.C.75.1.3	35.1	955	475	15	1853	2784	1658	2490	3.1e-111	401.7
BCW-200599_05330	gnl|TC-DB|O34416|2.A.7.3.29	26.4	296	208	7	13	303	2	292	3.8e-19	92.0
BCW-200599_05331	gnl|TC-DB|Q9I3T2|2.A.1.51.4	63.7	391	133	3	2	386	8	395	4.7e-131	464.2
BCW-200599_05336	gnl|TC-DB|Q7A4Q7|2.A.21.2.2	23.4	441	305	13	7	420	21	455	2.4e-17	86.7
BCW-200599_05337	gnl|TC-DB|O86506|2.A.39.1.7	37.6	479	277	10	13	485	3	465	4.2e-76	282.0
BCW-200599_05342	gnl|TC-DB|Q9I2M0|3.A.1.109.4	36.8	410	212	5	41	446	27	393	1.2e-64	243.8
BCW-200599_05343	gnl|TC-DB|Q88RG3|3.A.1.109.3	59.2	706	288	0	13	718	13	718	2.8e-230	794.7
BCW-200599_05344	gnl|TC-DB|Q9I2M2|3.A.1.109.4	23.2	414	296	7	12	424	21	413	1.1e-19	94.4
BCW-200599_05363	gnl|TC-DB|Q9K0A9|2.A.28.2.4	52.4	315	146	3	1	312	1	314	1.8e-80	295.8
BCW-200599_05364	gnl|TC-DB|D5CES3|2.A.7.1.10	65.4	104	36	0	1	104	1	104	1.5e-31	131.7
BCW-200599_05365	gnl|TC-DB|Q89SS6|2.A.1.42.2	32.2	599	375	12	9	596	5	583	8.4e-74	274.6
BCW-200599_05366	gnl|TC-DB|Q2TJJ2|2.A.16.4.3	35.5	383	224	3	21	382	22	402	2.7e-62	235.7
BCW-200599_05370	gnl|TC-DB|Q93N33|2.A.21.9.2	51.1	1161	535	12	7	1151	6	1149	4.4e-302	1033.9
BCW-200599_05378	gnl|TC-DB|Q9I458|2.A.1.11.2	83.4	398	66	0	4	401	1	398	1.8e-165	578.6
BCW-200599_05386	gnl|TC-DB|E3GWE8|9.B.125.2.1	31.9	301	183	9	1	294	1	286	8.6e-24	107.5
BCW-200599_05395	gnl|TC-DB|C9VRY8|2.A.86.1.5	30.6	350	234	2	8	353	48	392	4.9e-34	141.7
BCW-200599_05411	gnl|TC-DB|P25185|2.A.26.1.2	77.8	437	97	0	1	437	1	437	1.3e-182	635.6
BCW-200599_05417	gnl|TC-DB|X5GWN5|3.D.10.1.6	54.6	229	100	4	3	230	27	252	5.2e-69	257.3
BCW-200599_05418	gnl|TC-DB|X5H3P0|3.D.10.1.6	50.1	589	283	6	9	590	13	597	9.5e-168	586.6
BCW-200599_05431	gnl|TC-DB|Q8F8H7|2.A.53.3.8	50.5	194	96	0	3	196	540	733	7.9e-56	213.4
BCW-200599_05436	gnl|TC-DB|G4NXA5|1.A.33.1.4	40.2	497	275	8	2	489	4	487	1.6e-95	346.7
BCW-200599_05437	gnl|TC-DB|P76460|2.A.73.1.1	32.0	463	281	10	9	464	4	439	3.6e-53	205.7
BCW-200599_05438	gnl|TC-DB|Q5ZYB5|3.A.7.9.1	31.4	376	251	4	26	399	15	385	4.2e-48	188.7
BCW-200599_05439	gnl|TC-DB|P39344|2.A.8.1.2	33.6	428	278	3	23	449	10	432	1.5e-64	243.4
BCW-200599_05453	gnl|TC-DB|Q8Y2D9|1.B.46.1.3	29.3	164	102	3	13	172	19	172	8.5e-15	77.0
BCW-200599_05458	gnl|TC-DB|Q8ID54|3.A.25.2.1	31.6	234	152	5	4	231	83	314	5.7e-29	124.4
BCW-200599_05475	gnl|TC-DB|P39766|2.A.40.1.4	42.7	398	220	3	18	409	25	420	1.1e-82	303.5
BCW-200599_05489	gnl|TC-DB|M3JA40|1.B.52.2.1	29.5	210	141	1	511	713	251	460	1.6e-15	81.3
BCW-200599_05491	gnl|TC-DB|B9MIH1|2.A.106.1.4	57.6	184	78	0	2	185	1	184	1.8e-54	208.8
