BCW-201236_00008	gnl|TC-DB|Q9FI56|3.A.9.1.2	45.9	868	389	13	4	851	96	902	1.3e-205	713.0
BCW-201236_00011	gnl|TC-DB|P0AC02|1.B.33.1.3	85.2	243	36	0	1	243	1	243	4.6e-116	413.7
BCW-201236_00018	gnl|TC-DB|P0ABN9|2.A.13.1.2	56.1	446	192	1	1	446	2	443	1.6e-138	489.2
BCW-201236_00019	gnl|TC-DB|P76206|1.B.75.1.3	55.2	248	110	1	8	254	5	252	8.4e-73	270.0
BCW-201236_00024	gnl|TC-DB|P0AGD7|3.A.5.1.1	81.7	453	83	0	1	453	1	453	4.8e-204	706.8
BCW-201236_00025	gnl|TC-DB|P64432|9.B.14.3.6	70.2	262	77	1	1	261	1	262	2.8e-103	371.3
BCW-201236_00026	gnl|TC-DB|P37908|9.A.40.2.4	74.9	419	105	0	1	419	1	419	9.4e-173	602.8
BCW-201236_00029	gnl|TC-DB|E1P8P0|9.B.27.3.1	62.4	141	53	0	1	141	1	141	1.2e-44	175.6
BCW-201236_00047	gnl|TC-DB|P07658|3.D.1.9.2	67.7	711	225	4	21	729	3	710	2.6e-300	1027.3
BCW-201236_00048	gnl|TC-DB|Q5P036|5.A.3.11.1	30.2	169	83	6	5	151	5	160	1.4e-16	82.8
BCW-201236_00055	gnl|TC-DB|B2D7K2|3.A.23.1.1	39.2	505	289	4	7	493	4	508	3.1e-93	339.3
BCW-201236_00056	gnl|TC-DB|Q9KN55|3.A.23.1.1	27.3	596	398	13	7	579	6	589	4.8e-47	185.7
BCW-201236_00057	gnl|TC-DB|P07658|3.D.1.9.2	72.2	558	152	2	1	556	157	713	1.0e-248	855.5
BCW-201236_00058	gnl|TC-DB|P07658|3.D.1.9.2	82.0	139	25	0	1	139	1	139	1.0e-67	252.3
BCW-201236_00061	gnl|TC-DB|P16433|3.D.1.9.2	71.1	256	69	1	13	268	2	252	8.1e-106	379.8
BCW-201236_00062	gnl|TC-DB|P16432|3.D.1.9.2	55.8	181	77	1	1	181	1	178	3.6e-41	164.5
BCW-201236_00063	gnl|TC-DB|P16431|3.D.1.9.2	84.9	569	84	1	1	567	1	569	9.0e-301	1028.5
BCW-201236_00064	gnl|TC-DB|P16430|3.D.1.9.2	68.8	301	94	0	11	311	7	307	8.9e-109	389.8
BCW-201236_00065	gnl|TC-DB|P16429|3.D.1.9.2	44.4	638	315	10	1	633	1	603	1.2e-131	466.8
BCW-201236_00066	gnl|TC-DB|P0AAK3|3.D.1.9.2	61.5	200	77	0	1	200	1	200	3.7e-71	264.2
BCW-201236_00067	gnl|TC-DB|P02925|3.A.1.2.1	26.0	300	182	10	49	326	15	296	3.4e-13	72.4
BCW-201236_00070	gnl|TC-DB|P06129|1.B.14.3.1	52.6	633	275	6	3	630	2	614	3.8e-183	637.9
BCW-201236_00088	gnl|TC-DB|Q9ZKE4|3.A.11.3.1	32.8	536	331	10	198	730	108	617	3.1e-67	253.1
BCW-201236_00096	gnl|TC-DB|P0AER0|1.A.8.1.1	82.2	281	48	1	1	281	1	279	1.6e-133	471.9
BCW-201236_00099	gnl|TC-DB|P31442|2.A.1.2.9	73.7	391	103	0	1	391	1	391	5.2e-162	567.0
BCW-201236_00102	gnl|TC-DB|B7MI53|9.B.124.2.2	64.0	139	50	0	1	139	1	139	7.9e-52	199.5
BCW-201236_00105	gnl|TC-DB|P0AG78|3.A.1.6.1	83.9	329	53	0	1	329	1	329	4.2e-165	577.0
BCW-201236_00107	gnl|TC-DB|P69380|2.A.4.7.1	80.4	291	57	0	1	291	1	291	5.4e-135	476.9
BCW-201236_00147	gnl|TC-DB|G8WDN3|2.A.7.21.5	60.7	145	57	0	7	151	1	145	1.0e-41	166.0
BCW-201236_00148	gnl|TC-DB|G8WDN2|2.A.7.21.5	65.4	136	46	1	22	157	8	142	4.8e-42	167.2
BCW-201236_00151	gnl|TC-DB|P0AGM2|1.A.62.2.3	74.1	205	53	0	1	205	1	205	5.7e-80	293.5
BCW-201236_00158	gnl|TC-DB|P0AER8|2.A.27.1.1	83.5	399	66	0	1	399	1	399	3.9e-181	630.6
BCW-201236_00159	gnl|TC-DB|P0AGM9|2.A.40.4.2	87.3	458	56	2	11	468	6	461	5.5e-219	756.5
BCW-201236_00164	gnl|TC-DB|P22610|3.A.15.2.1	43.8	137	76	1	97	232	137	273	5.2e-27	117.9
BCW-201236_00186	gnl|TC-DB|P0AGA2|3.A.5.1.1	98.4	443	7	0	1	443	1	443	8.8e-243	835.5
BCW-201236_00196	gnl|TC-DB|P0A742|1.A.22.1.1	77.4	133	29	1	1	133	1	132	1.3e-51	198.7
BCW-201236_00197	gnl|TC-DB|P0AGI8|2.A.38.1.1	88.4	458	53	0	1	458	1	458	7.2e-232	799.3
BCW-201236_00201	gnl|TC-DB|Q8VRK4|3.A.11.1.3	39.4	274	152	5	79	352	70	329	4.7e-40	161.8
BCW-201236_00213	gnl|TC-DB|P76330|9.B.34.1.4	35.7	549	350	2	26	572	15	562	2.0e-98	356.3
BCW-201236_00214	gnl|TC-DB|K3LPY5|1.B.6.2.13	33.1	242	130	4	1	210	1	242	1.7e-31	132.5
BCW-201236_00228	gnl|TC-DB|P28303|2.A.66.1.4	72.8	441	120	0	1	441	19	459	2.0e-178	621.7
BCW-201236_00238	gnl|TC-DB|P0AE74|2.A.47.3.2	92.4	487	37	0	1	487	1	487	1.3e-258	888.3
BCW-201236_00244	gnl|TC-DB|P02943|1.B.3.1.1	73.4	444	104	3	1	430	3	446	2.7e-196	681.0
BCW-201236_00245	gnl|TC-DB|P68187|3.A.1.1.1	85.4	371	52	1	1	369	1	371	4.7e-181	630.2
BCW-201236_00246	gnl|TC-DB|P0AEX9|3.A.1.1.1	84.1	396	63	0	1	396	1	396	4.8e-200	693.3
BCW-201236_00247	gnl|TC-DB|P02916|3.A.1.1.1	73.3	514	135	2	10	523	3	514	2.4e-223	771.2
BCW-201236_00248	gnl|TC-DB|P68183|3.A.1.1.1	86.5	296	40	0	1	296	1	296	8.1e-144	506.1
BCW-201236_00250	gnl|TC-DB|P24943|2.A.23.1.2	25.0	412	283	7	4	400	1	401	4.1e-24	109.0
BCW-201236_00255	gnl|TC-DB|Q9K0A9|2.A.28.2.4	44.3	296	163	1	7	300	13	308	1.7e-62	236.1
BCW-201236_00258	gnl|TC-DB|P77374|5.A.3.3.1	80.4	802	156	1	12	813	8	808	0.0e+00	1350.9
BCW-201236_00259	gnl|TC-DB|P36649|1.B.76.1.8	30.8	506	296	8	3	456	1	504	6.8e-60	228.0
BCW-201236_00264	gnl|TC-DB|P42909|4.A.6.1.5	65.4	156	54	0	1	156	1	156	1.2e-56	215.7
BCW-201236_00265	gnl|TC-DB|Q9KIP7|4.A.6.1.5	68.2	267	79	1	1	261	1	267	2.3e-97	351.7
BCW-201236_00266	gnl|TC-DB|P42911|4.A.6.1.5	69.1	259	80	0	27	285	5	263	3.2e-97	351.3
BCW-201236_00268	gnl|TC-DB|Q88P38|3.A.1.1.30	43.9	401	217	5	21	414	29	428	1.2e-95	346.7
BCW-201236_00276	gnl|TC-DB|P02930|1.B.17.1.1	70.9	501	134	4	1	497	1	493	1.6e-176	615.5
BCW-201236_00278	gnl|TC-DB|P21345|2.A.23.1.1	81.3	433	81	0	1	433	1	433	3.5e-188	654.1
BCW-201236_00279	gnl|TC-DB|P31552|4.C.1.1.6	22.9	529	374	15	90	616	21	517	2.9e-24	110.2
BCW-201236_00280	gnl|TC-DB|P0AF54|9.B.136.1.1	69.6	102	31	0	1	102	1	102	8.8e-37	149.1
BCW-201236_00281	gnl|TC-DB|P32705|2.A.21.7.2	82.5	549	94	2	4	552	3	549	1.3e-248	855.1
BCW-201236_00287	gnl|TC-DB|P0AEX3|2.A.1.6.2	75.3	433	106	1	1	433	1	432	8.2e-185	642.9
BCW-201236_00294	gnl|TC-DB|P80874|8.A.5.1.4	38.0	150	70	7	17	145	15	162	8.7e-15	77.4
BCW-201236_00298	gnl|TC-DB|P33024|2.A.41.2.9	72.4	416	114	1	1	416	1	415	3.9e-147	517.7
BCW-201236_00305	gnl|TC-DB|Q9KN48|3.A.23.1.1	50.4	242	119	1	272	513	193	433	3.5e-61	232.6
BCW-201236_00318	gnl|TC-DB|P67444|2.A.40.4.3	76.3	439	104	0	22	460	9	447	1.7e-186	648.7
BCW-201236_00320	gnl|TC-DB|Q46817|2.A.40.7.7	85.9	455	64	0	1	455	1	455	1.4e-203	705.3
BCW-201236_00321	gnl|TC-DB|P32703|2.A.36.3.1	73.4	548	146	0	1	548	1	548	8.7e-224	772.7
BCW-201236_00323	gnl|TC-DB|E7UC95|1.E.14.1.9	65.4	130	45	0	36	165	1	130	6.7e-40	160.2
BCW-201236_00324	gnl|TC-DB|I6TRN5|2.A.122.1.4	28.9	218	155	0	11	228	12	229	3.0e-21	98.6
BCW-201236_00328	gnl|TC-DB|P08722|4.A.1.2.2	38.1	504	266	6	9	504	5	470	3.7e-80	295.4
BCW-201236_00329	gnl|TC-DB|Q9UEF7|8.A.49.1.1	28.0	490	294	16	3	475	58	505	9.4e-41	164.5
BCW-201236_00334	gnl|TC-DB|P70786|2.A.1.14.3	46.4	420	213	5	17	434	24	433	5.8e-101	364.4
BCW-201236_00335	gnl|TC-DB|P0AEP1|2.A.1.1.1	67.6	448	145	0	17	464	15	462	4.0e-169	590.9
BCW-201236_00348	gnl|TC-DB|P16256|2.A.21.1.1	78.3	484	102	1	2	485	1	481	6.8e-196	679.9
BCW-201236_00353	gnl|TC-DB|Q8XB73|5.B.7.1.1	68.6	194	60	1	3	195	2	195	4.4e-69	257.3
BCW-201236_00357	gnl|TC-DB|P0A9X4|9.B.157.1.3	98.8	347	4	0	1	347	1	347	3.6e-191	663.7
BCW-201236_00358	gnl|TC-DB|P16926|9.B.157.1.3	83.6	318	52	0	1	318	1	318	2.9e-151	531.2
BCW-201236_00359	gnl|TC-DB|P0ABH4|9.B.157.1.3	74.1	162	42	0	1	162	1	162	9.5e-70	259.2
BCW-201236_00366	gnl|TC-DB|D7XN98|8.A.48.1.2	80.6	67	13	0	1	67	24	90	4.3e-24	106.3
BCW-201236_00367	gnl|TC-DB|P46482|8.A.1.7.1	70.7	311	90	1	1	311	1	310	5.1e-120	427.2
BCW-201236_00368	gnl|TC-DB|P46481|2.A.85.1.2	65.4	644	223	0	10	653	11	654	9.3e-241	829.3
BCW-201236_00373	gnl|TC-DB|P31069|1.A.1.13.1	43.5	340	183	5	55	387	57	394	1.0e-64	243.8
BCW-201236_00380	gnl|TC-DB|P08194|2.A.1.4.3	94.5	418	23	0	1	418	1	418	2.7e-239	823.9
BCW-201236_00384	gnl|TC-DB|P36672|4.A.1.2.4	78.1	471	103	0	23	493	2	472	9.5e-214	739.2
BCW-201236_00385	gnl|TC-DB|Q05839|8.A.9.1.1	29.4	494	282	9	7	475	109	560	2.8e-65	246.1
BCW-201236_00391	gnl|TC-DB|Q1D0C6|2.A.1.49.7	27.3	311	206	5	34	340	34	328	5.6e-26	115.2
BCW-201236_00397	gnl|TC-DB|F2HL33|2.A.3.7.7	22.6	438	311	12	31	459	30	448	8.7e-23	104.8
BCW-201236_00399	gnl|TC-DB|P39137|2.A.3.1.11	40.6	431	249	3	9	434	4	432	6.5e-87	317.8
BCW-201236_00405	gnl|TC-DB|P0AF98|1.B.42.1.2	70.9	364	106	0	1	364	1	364	1.4e-145	512.3
BCW-201236_00406	gnl|TC-DB|P0ADC6|1.B.42.1.2	77.5	356	78	1	3	356	5	360	7.2e-155	543.1
BCW-201236_00407	gnl|TC-DB|M3JA40|1.B.52.2.1	35.2	182	104	4	353	520	279	460	2.8e-17	86.7
BCW-201236_00427	gnl|TC-DB|660511454|1.B.14.4.3	72.0	635	177	1	5	638	22	656	7.6e-280	959.1
BCW-201236_00430	gnl|TC-DB|Q57399|3.A.1.14.11	38.4	229	126	3	18	245	20	234	3.2e-40	161.8
BCW-201236_00431	gnl|TC-DB|Q32AY2|3.A.1.14.18	40.6	283	161	4	53	329	35	316	3.1e-51	198.7
BCW-201236_00435	gnl|TC-DB|P31679|2.A.1.1.114	73.2	437	117	0	1	437	1	437	2.6e-191	664.5
BCW-201236_00440	gnl|TC-DB|B4EY22|2.A.15.2.2	76.4	499	117	1	8	506	6	503	1.4e-236	815.1
BCW-201236_00443	gnl|TC-DB|P31552|4.C.1.1.6	68.0	518	164	1	1	518	1	516	2.8e-211	731.1
BCW-201236_00453	gnl|TC-DB|P37626|3.A.1.105.16	72.9	354	95	1	4	357	3	355	9.3e-102	366.7
BCW-201236_00454	gnl|TC-DB|C8TJS4|3.A.1.105.16	79.4	906	182	2	14	919	11	911	0.0e+00	1379.8
BCW-201236_00455	gnl|TC-DB|P0AGH1|3.A.1.105.16	82.1	374	67	0	1	374	1	374	9.2e-169	589.3
BCW-201236_00457	gnl|TC-DB|P22037|9.B.20.1.1	49.4	160	75	3	30	189	14	167	4.2e-32	134.8
BCW-201236_00458	gnl|TC-DB|P44018|2.A.61.1.3	41.4	278	152	2	152	418	1	278	1.3e-49	193.7
BCW-201236_00469	gnl|TC-DB|Q9RPV1|2.A.1.14.9	28.8	423	282	7	24	430	35	454	5.7e-40	161.8
BCW-201236_00474	gnl|TC-DB|E9RJ18|3.A.7.13.2	33.0	106	61	3	88	183	254	359	2.1e-12	68.9
BCW-201236_00475	gnl|TC-DB|Q9UEF7|8.A.49.1.1	31.5	489	263	16	4	464	61	505	3.8e-63	238.8
BCW-201236_00477	gnl|TC-DB|P38919|3.A.18.1.1	37.7	361	222	3	1	359	36	395	3.6e-66	248.8
BCW-201236_00478	gnl|TC-DB|P28635|3.A.1.24.1	63.1	260	95	1	12	271	13	271	1.9e-91	332.0
BCW-201236_00479	gnl|TC-DB|O06924|3.B.1.1.4	57.1	553	226	3	9	553	5	554	5.0e-187	650.6
BCW-201236_00482	gnl|TC-DB|O06926|3.B.1.1.4	40.1	247	138	2	4	240	9	255	1.7e-45	179.5
BCW-201236_00483	gnl|TC-DB|O06927|3.B.1.1.4	35.7	171	107	2	55	222	63	233	1.6e-24	109.8
BCW-201236_00484	gnl|TC-DB|O32715|2.A.69.3.3	82.8	319	55	0	1	319	1	319	1.1e-143	505.8
BCW-201236_00488	gnl|TC-DB|J2MRK2|9.B.29.3.1	36.0	189	121	0	1	189	1	189	1.9e-35	145.6
BCW-201236_00492	gnl|TC-DB|P33362|3.A.1.12.15	73.0	296	80	0	14	309	10	305	2.7e-121	431.4
BCW-201236_00493	gnl|TC-DB|P33361|3.A.1.12.15	52.8	381	169	4	16	391	9	383	3.3e-84	308.5
BCW-201236_00494	gnl|TC-DB|P33360|3.A.1.12.15	66.0	309	104	1	1	309	1	308	9.2e-114	406.4
BCW-201236_00495	gnl|TC-DB|P33359|3.A.1.12.15	63.8	235	85	0	15	249	6	240	1.6e-74	275.8
BCW-201236_00502	gnl|TC-DB|P76538|9.B.127.1.1	45.6	136	73	1	6	141	6	140	7.8e-29	123.2
BCW-201236_00505	gnl|TC-DB|P16700|3.A.1.6.1	74.7	336	81	2	1	332	1	336	2.2e-145	511.5
BCW-201236_00506	gnl|TC-DB|P16701|3.A.1.6.1	86.7	271	36	0	9	279	7	277	7.0e-129	456.4
BCW-201236_00507	gnl|TC-DB|P0AEB0|3.A.1.6.1	81.3	273	51	0	18	290	15	287	1.1e-124	442.6
BCW-201236_00508	gnl|TC-DB|P16676|3.A.1.6.1	74.5	368	87	2	1	364	1	365	6.0e-157	550.1
BCW-201236_00510	gnl|TC-DB|Q8L3C4|4.A.3.2.5	94.7	169	9	0	1	169	1	169	1.6e-83	305.1
BCW-201236_00511	gnl|TC-DB|P08839|8.A.7.1.1	84.5	575	89	0	1	575	1	575	1.7e-275	944.5
BCW-201236_00512	gnl|TC-DB|P0AA04|8.A.8.1.1	97.6	85	2	0	1	85	1	85	7.0e-40	159.1
BCW-201236_00514	gnl|TC-DB|P0A6J3|2.A.121.1.1	77.1	240	55	0	18	257	11	250	1.4e-110	395.6
BCW-201236_00519	gnl|TC-DB|P75905|4.D.1.1.3	47.8	414	211	3	12	421	29	441	1.3e-110	396.4
BCW-201236_00535	gnl|TC-DB|P0AFF2|2.A.41.1.1	80.8	401	75	2	1	400	1	400	4.2e-167	583.9
BCW-201236_00536	gnl|TC-DB|P0A769|2.A.55.3.1	80.0	406	80	1	1	406	1	405	1.4e-173	605.5
BCW-201236_00539	gnl|TC-DB|P77735|8.A.5.1.6	35.2	227	131	6	13	230	1	220	1.4e-30	130.2
BCW-201236_00542	gnl|TC-DB|Q8XG43|2.A.117.1.3	72.0	143	40	0	1	143	15	157	5.7e-53	203.4
BCW-201236_00547	gnl|TC-DB|F4LXP4|8.A.59.2.1	29.4	269	166	6	267	523	212	468	3.5e-26	116.3
BCW-201236_00551	gnl|TC-DB|P62517|4.D.3.1.1	72.4	847	219	4	1	846	1	833	0.0e+00	1250.3
BCW-201236_00559	gnl|TC-DB|Q9I3T2|2.A.1.51.4	47.3	376	180	6	7	372	14	381	2.8e-80	295.4
BCW-201236_00561	gnl|TC-DB|P25747|9.B.169.1.2	61.3	367	142	0	25	391	6	372	2.6e-129	458.4
BCW-201236_00563	gnl|TC-DB|P0AEE5|3.A.1.2.3	85.2	332	49	0	1	332	1	332	1.5e-162	568.5
BCW-201236_00564	gnl|TC-DB|P0AAG8|3.A.1.2.3	88.1	504	60	0	27	530	3	506	3.0e-258	887.1
BCW-201236_00565	gnl|TC-DB|P23200|3.A.1.2.3	88.1	336	40	0	1	336	1	336	2.5e-157	551.2
BCW-201236_00567	gnl|TC-DB|P0AFY2|9.B.114.1.1	72.3	235	65	0	1	235	1	235	1.2e-95	345.9
BCW-201236_00570	gnl|TC-DB|C6EAH0|2.A.122.1.1	79.6	226	46	0	1	226	2	227	4.2e-95	344.0
BCW-201236_00571	gnl|TC-DB|F4V3T5|1.E.14.1.4	52.2	134	61	2	1	133	4	135	1.4e-29	125.6
BCW-201236_00572	gnl|TC-DB|P31126|2.A.1.2.55	36.5	384	232	4	13	394	12	385	7.2e-66	247.7
BCW-201236_00581	gnl|TC-DB|P76037|2.A.3.1.13	82.7	452	75	1	1	452	1	449	4.3e-216	746.9
BCW-201236_00584	gnl|TC-DB|P27844|2.A.7.7.2	35.7	280	180	0	4	283	7	286	4.8e-46	181.4
BCW-201236_00586	gnl|TC-DB|P33011|2.A.85.7.1	53.1	352	165	0	1	352	1	352	2.6e-104	375.2
BCW-201236_00587	gnl|TC-DB|P0AFM2|3.A.1.12.1	73.7	323	83	2	23	345	8	328	3.8e-140	494.2
BCW-201236_00588	gnl|TC-DB|P14176|3.A.1.12.1	72.5	360	89	1	6	365	5	354	8.8e-140	493.0
BCW-201236_00589	gnl|TC-DB|P14175|3.A.1.12.1	77.8	396	88	0	1	396	1	396	2.0e-177	618.2
BCW-201236_00593	gnl|TC-DB|P0AAE0|2.A.3.1.7	86.5	467	63	0	1	467	1	467	1.6e-231	798.1
BCW-201236_00594	gnl|TC-DB|E9RJ18|3.A.7.13.2	37.4	107	56	4	85	181	254	359	9.8e-13	70.1
BCW-201236_00603	gnl|TC-DB|P0AAD2|2.A.42.1.2	58.5	412	170	1	6	416	3	414	1.4e-128	456.1
BCW-201236_00605	gnl|TC-DB|Q9KN48|3.A.23.1.1	37.3	220	121	8	147	358	213	423	5.6e-21	99.8
BCW-201236_00606	gnl|TC-DB|D0ZLR7|4.A.6.1.17	72.7	139	38	0	4	142	2	140	3.8e-54	207.2
BCW-201236_00607	gnl|TC-DB|D0ZLR6|4.A.6.1.17	85.7	161	23	0	1	161	1	161	1.1e-78	288.9
BCW-201236_00608	gnl|TC-DB|D0ZLR5|4.A.6.1.17	90.0	249	25	0	1	249	1	249	1.2e-124	442.2
BCW-201236_00609	gnl|TC-DB|D0ZLR4|4.A.6.1.17	88.7	282	32	0	7	288	4	285	1.5e-139	491.9
BCW-201236_00612	gnl|TC-DB|Q9S3K0|2.A.1.20.4	67.9	383	123	0	9	391	10	392	1.0e-146	516.2
BCW-201236_00614	gnl|TC-DB|P58362|5.A.3.4.2	53.4	802	350	8	47	835	15	805	3.3e-243	837.8
BCW-201236_00615	gnl|TC-DB|P52005|5.A.3.4.2	42.6	350	186	6	37	383	29	366	2.4e-79	292.4
BCW-201236_00634	gnl|TC-DB|P75693|2.A.76.1.3	71.4	206	59	0	1	206	14	219	2.7e-80	294.7
BCW-201236_00641	gnl|TC-DB|P0AAD6|2.A.42.2.1	86.5	429	56	2	1	428	1	428	1.2e-201	698.7
BCW-201236_00643	gnl|TC-DB|P94571|9.B.105.1.3	28.9	159	107	2	5	163	2	154	5.4e-14	74.3
BCW-201236_00644	gnl|TC-DB|P69367|2.A.1.2.21	22.9	393	279	6	32	419	15	388	3.9e-22	102.4
BCW-201236_00645	gnl|TC-DB|A7ZJR5|2.A.81.1.4	88.8	561	63	0	1	561	1	561	8.1e-286	978.8
BCW-201236_00653	gnl|TC-DB|P31133|3.A.1.11.2	81.7	366	65	1	5	368	5	370	2.0e-179	624.8
BCW-201236_00654	gnl|TC-DB|P31134|3.A.1.11.2	82.0	377	68	0	1	377	1	377	2.1e-184	641.3
BCW-201236_00655	gnl|TC-DB|P31135|3.A.1.11.2	81.2	320	56	1	1	320	1	316	2.1e-145	511.5
BCW-201236_00656	gnl|TC-DB|P0AFL1|3.A.1.11.2	81.5	281	52	0	1	281	1	281	6.2e-125	443.4
BCW-201236_00660	gnl|TC-DB|P30860|3.A.1.3.3	74.9	243	61	0	1	243	1	243	1.7e-107	385.2
BCW-201236_00661	gnl|TC-DB|P0AE30|3.A.1.3.3	78.4	222	48	0	1	222	1	222	2.9e-85	311.2
BCW-201236_00662	gnl|TC-DB|P0AE34|3.A.1.3.3	83.4	235	39	0	1	235	1	235	1.9e-106	381.7
BCW-201236_00663	gnl|TC-DB|P30859|3.A.1.3.3	70.8	243	71	0	1	243	1	243	7.5e-103	369.8
BCW-201236_00664	gnl|TC-DB|P0AAF6|3.A.1.3.3	85.5	242	35	0	1	242	1	242	1.7e-115	411.8
BCW-201236_00678	gnl|TC-DB|P75826|2.A.124.1.1	68.6	299	94	0	1	299	1	299	3.6e-107	384.4
BCW-201236_00683	gnl|TC-DB|Q9SXJ7|3.A.9.1.2	38.4	804	399	11	17	737	133	923	8.4e-153	537.3
BCW-201236_00686	gnl|TC-DB|P23886|3.A.1.129.1	64.4	573	204	0	1	573	1	573	5.2e-203	703.7
BCW-201236_00687	gnl|TC-DB|P29018|3.A.1.129.1	66.4	590	196	1	1	590	1	588	3.7e-220	760.8
BCW-201236_00690	gnl|TC-DB|P46889|3.A.12.1.2	56.1	1402	395	18	1	1254	1	1329	0.0e+00	1082.4
BCW-201236_00691	gnl|TC-DB|P61316|1.B.46.1.1	67.0	203	67	0	1	203	1	203	4.8e-79	290.4
BCW-201236_00694	gnl|TC-DB|P18775|5.A.3.3.2	84.4	813	127	0	1	813	1	813	0.0e+00	1442.2
BCW-201236_00695	gnl|TC-DB|P18776|5.A.3.3.2	88.8	206	22	1	1	206	1	205	1.1e-115	412.1
BCW-201236_00696	gnl|TC-DB|P18777|5.A.3.3.2	66.8	286	94	1	1	285	1	286	1.1e-100	362.8
BCW-201236_00699	gnl|TC-DB|P21503|2.A.1.26.1	64.2	374	132	1	1	372	1	374	1.0e-130	463.0
BCW-201236_00704	gnl|TC-DB|P0AC23|1.A.16.1.1	87.4	285	36	0	1	285	1	285	1.3e-141	498.8
BCW-201236_00713	gnl|TC-DB|P44408|3.A.11.2.2	32.8	704	405	13	94	746	93	779	1.5e-93	340.5
BCW-201236_00714	gnl|TC-DB|P60752|3.A.1.106.1	81.6	582	107	0	1	582	1	582	1.4e-264	908.3
BCW-201236_00725	gnl|TC-DB|Q46821|2.A.40.3.3	71.7	456	126	2	1	454	1	455	1.7e-183	638.6
BCW-201236_00726	gnl|TC-DB|P42086|2.A.40.3.1	41.0	432	251	3	34	465	6	433	5.1e-90	328.2
BCW-201236_00738	gnl|TC-DB|Q56111|1.B.1.1.22	66.9	393	104	6	2	378	1	383	2.6e-142	501.5
BCW-201236_00741	gnl|TC-DB|P0AAP1|9.B.34.1.2	34.3	172	106	3	391	557	197	366	4.5e-21	99.4
BCW-201236_00749	gnl|TC-DB|P43672|3.A.1.120.6	71.6	633	180	0	1	633	1	633	2.5e-259	891.0
BCW-201236_00758	gnl|TC-DB|P0A910|1.B.6.1.1	75.1	353	79	4	1	351	1	346	1.1e-142	502.7
BCW-201236_00761	gnl|TC-DB|P75870|2.A.85.1.1	68.1	705	223	2	5	708	3	706	1.5e-273	938.3
BCW-201236_00762	gnl|TC-DB|P0AB12|9.B.55.1.1	80.4	148	29	0	1	148	1	148	1.1e-64	242.3
BCW-201236_00771	gnl|TC-DB|P0AAC6|1.A.14.2.1	70.5	217	63	1	1	217	1	216	9.8e-78	286.2
BCW-201236_00774	gnl|TC-DB|Q01857|2.A.23.1.3	39.3	369	213	3	45	405	52	417	5.0e-65	245.0
BCW-201236_00791	gnl|TC-DB|Q6EE20|3.A.23.2.1	45.3	424	231	1	89	511	67	490	1.2e-113	406.8
BCW-201236_00792	gnl|TC-DB|A8YQR9|3.A.23.2.1	25.7	467	323	11	1	448	1	462	2.4e-22	103.2
BCW-201236_00794	gnl|TC-DB|K1GHE1|9.B.186.1.2	32.0	153	95	3	403	555	67	210	7.5e-13	72.0
BCW-201236_00796	gnl|TC-DB|Q6EE14|3.A.23.2.1	48.3	865	401	7	1	852	1	832	4.1e-210	728.0
BCW-201236_00797	gnl|TC-DB|A8YQR5|3.A.23.2.1	25.4	516	332	13	26	523	21	501	1.7e-29	127.9
BCW-201236_00799	gnl|TC-DB|D5CMP8|5.B.5.1.2	58.2	189	78	1	13	200	1	189	1.1e-67	252.7
BCW-201236_00811	gnl|TC-DB|P42915|1.B.11.3.6	47.9	839	413	10	14	849	20	837	2.5e-217	751.9
BCW-201236_00813	gnl|TC-DB|P24177|2.A.6.2.7	77.4	1033	233	0	1	1033	1	1033	0.0e+00	1560.8
BCW-201236_00819	gnl|TC-DB|Q8X5H7|1.B.12.2.7	56.1	1003	352	19	1	938	1	980	9.1e-282	966.1
BCW-201236_00823	gnl|TC-DB|P0A903|1.B.33.1.3	60.3	345	136	1	1	345	1	344	2.5e-115	411.8
BCW-201236_00827	gnl|TC-DB|P0AFI9|2.A.86.1.1	71.0	352	102	0	1	352	1	352	2.5e-131	464.9
BCW-201236_00836	gnl|TC-DB|P0AGM7|2.A.40.1.1	87.1	427	55	0	1	427	1	427	1.5e-202	701.8
BCW-201236_00841	gnl|TC-DB|O51236|3.A.1.7.5	55.7	253	112	0	18	270	8	260	1.4e-81	299.3
BCW-201236_00842	gnl|TC-DB|Q7WTY6|3.A.1.7.2	39.4	180	91	3	307	485	82	244	2.6e-21	100.1
BCW-201236_00843	gnl|TC-DB|O51234|3.A.1.7.5	32.7	223	138	4	487	708	75	286	9.0e-19	92.0
BCW-201236_00853	gnl|TC-DB|P69808|4.A.2.1.11	85.2	108	15	1	1	108	1	107	9.2e-45	175.6
BCW-201236_00854	gnl|TC-DB|P77579|4.A.2.1.11	78.8	416	84	2	1	415	1	413	2.3e-184	641.3
BCW-201236_00857	gnl|TC-DB|P77439|4.A.2.1.11	65.0	831	291	0	1	831	1	831	1.2e-309	1058.5
BCW-201236_00860	gnl|TC-DB|P0A2G3|2.A.1.6.7	59.2	414	166	1	8	418	6	419	1.3e-140	496.1
BCW-201236_00864	gnl|TC-DB|P80874|8.A.5.1.4	32.4	309	187	7	9	311	14	306	8.4e-30	127.5
BCW-201236_00865	gnl|TC-DB|P76397|8.A.1.6.2	69.5	347	106	0	62	408	57	403	1.2e-130	463.0
BCW-201236_00866	gnl|TC-DB|P76398|2.A.6.2.12	82.1	1019	182	0	17	1035	8	1026	0.0e+00	1571.2
BCW-201236_00867	gnl|TC-DB|P76399|2.A.6.2.12	82.1	1015	182	0	9	1023	3	1017	0.0e+00	1593.2
BCW-201236_00868	gnl|TC-DB|P36554|2.A.1.3.26	71.4	468	134	0	1	468	1	468	2.1e-186	648.3
BCW-201236_00876	gnl|TC-DB|P42237|2.A.1.14.1	30.4	424	281	6	27	439	16	436	1.3e-47	187.2
BCW-201236_00881	gnl|TC-DB|P11350|5.A.3.1.1	80.0	225	45	0	1	225	1	225	4.3e-105	377.1
BCW-201236_00883	gnl|TC-DB|P11349|5.A.3.1.1	86.0	508	70	1	1	507	1	508	6.2e-272	932.6
BCW-201236_00884	gnl|TC-DB|P09152|5.A.3.1.1	85.7	1249	175	2	1	1249	1	1245	0.0e+00	2289.2
BCW-201236_00886	gnl|TC-DB|P10903|2.A.1.8.1	78.0	463	101	1	38	500	1	462	2.4e-212	734.6
BCW-201236_00894	gnl|TC-DB|P11922|1.B.54.1.2	37.1	439	234	7	100	529	141	546	2.2e-73	273.5
BCW-201236_00905	gnl|TC-DB|Q47142|2.A.1.27.1	63.3	376	136	1	1	376	2	375	6.8e-135	476.9
BCW-201236_00913	gnl|TC-DB|P0AA53|8.A.21.2.2	85.6	298	43	0	1	298	1	298	4.2e-103	370.9
BCW-201236_00916	gnl|TC-DB|Q59385|3.A.3.5.5	70.7	844	232	2	72	915	5	833	0.0e+00	1137.9
BCW-201236_00925	gnl|TC-DB|P69681|1.A.11.1.1	70.1	428	127	1	2	429	1	427	1.6e-161	565.5
BCW-201236_00927	gnl|TC-DB|A7VN02|3.A.1.106.5	78.9	589	124	0	1	589	1	589	6.6e-262	899.4
BCW-201236_00928	gnl|TC-DB|A7VN01|3.A.1.106.5	75.8	586	142	0	1	586	1	586	5.6e-253	869.8
BCW-201236_00935	gnl|TC-DB|A1EMW4|3.A.11.2.3	52.2	92	39	2	35	126	17	103	8.0e-16	79.7
BCW-201236_00944	gnl|TC-DB|P0AE16|2.A.1.25.2	72.1	487	135	1	1	487	1	486	1.4e-196	682.2
BCW-201236_00945	gnl|TC-DB|P0ABJ1|3.D.4.5.1	71.6	310	80	3	1	308	1	304	1.7e-123	438.7
BCW-201236_00946	gnl|TC-DB|P0ABI8|3.D.4.5.1	85.8	663	94	0	1	663	1	663	0.0e+00	1191.0
BCW-201236_00947	gnl|TC-DB|P0ABJ3|3.D.4.5.1	77.3	207	43	2	1	206	1	204	1.4e-89	325.5
BCW-201236_00948	gnl|TC-DB|P0ABJ6|3.D.4.5.1	71.0	107	31	0	10	116	3	109	5.8e-37	149.8
BCW-201236_00950	gnl|TC-DB|P77726|2.A.1.2.60	72.3	448	124	0	1	448	1	448	1.3e-177	619.0
BCW-201236_00965	gnl|TC-DB|B2D7K2|3.A.23.1.1	44.6	505	269	3	7	500	4	508	1.0e-120	430.6
BCW-201236_00968	gnl|TC-DB|Q9KN45|3.A.23.1.1	34.7	1196	734	14	45	1230	23	1181	2.5e-207	719.2
BCW-201236_00969	gnl|TC-DB|Q9KN46|3.A.23.1.1	26.7	460	321	4	14	457	6	465	8.1e-53	204.5
BCW-201236_00971	gnl|TC-DB|Q9KN48|3.A.23.1.1	24.2	471	308	7	68	498	64	525	1.9e-28	123.6
BCW-201236_00972	gnl|TC-DB|Q9KN49|3.A.23.1.1	57.4	873	358	5	15	878	1	868	4.1e-276	947.2
BCW-201236_00973	gnl|TC-DB|Q9KN50|3.A.23.1.1	37.1	229	135	2	39	266	37	257	1.5e-40	162.9
BCW-201236_00974	gnl|TC-DB|Q9KN51|3.A.23.1.1	50.8	445	217	1	1	445	1	443	8.5e-129	456.8
BCW-201236_00976	gnl|TC-DB|Q9KN53|3.A.23.1.1	36.8	296	164	7	150	425	202	494	8.4e-41	164.5
BCW-201236_00977	gnl|TC-DB|Q9KN54|3.A.23.1.1	44.8	315	169	3	7	320	28	338	4.0e-72	268.1
BCW-201236_00978	gnl|TC-DB|Q9KN55|3.A.23.1.1	47.9	591	306	2	1	591	1	589	4.1e-171	597.8
BCW-201236_00980	gnl|TC-DB|Q6EE20|3.A.23.2.1	40.0	493	290	3	1	491	1	489	8.9e-103	370.5
BCW-201236_00981	gnl|TC-DB|Q6EE21|3.A.23.2.1	35.3	156	96	3	14	167	17	169	1.5e-14	75.9
BCW-201236_00989	gnl|TC-DB|P0AG93|2.A.6.4.1	85.4	323	47	0	1	323	1	323	1.1e-149	525.8
BCW-201236_00990	gnl|TC-DB|P0AG90|2.A.6.4.1	83.2	607	99	2	1	607	12	615	4.2e-280	959.9
BCW-201236_00991	gnl|TC-DB|P0ADZ7|3.A.5.1.1	89.1	110	12	0	1	110	1	110	9.7e-50	192.2
BCW-201236_00997	gnl|TC-DB|P0AAT4|1.A.23.4.5	68.3	398	125	1	13	410	13	409	2.3e-152	535.0
BCW-201236_00999	gnl|TC-DB|P37460|2.A.3.1.6	83.8	451	73	0	6	456	5	455	2.4e-214	741.1
BCW-201236_01000	gnl|TC-DB|P0AD99|2.A.26.1.10	76.8	431	100	0	1	431	1	431	9.8e-186	646.0
BCW-201236_01003	gnl|TC-DB|Q5SMG8|1.A.26.1.2	30.4	345	225	3	141	477	110	447	1.5e-38	157.1
BCW-201236_01004	gnl|TC-DB|Q1J0W6|9.B.34.1.1	34.7	167	97	5	560	725	190	345	2.0e-16	84.7
BCW-201236_01010	gnl|TC-DB|P0AA47|2.A.3.1.14	75.5	449	109	1	1	448	1	449	1.6e-191	665.2
BCW-201236_01016	gnl|TC-DB|Q56589|3.D.5.1.1	65.2	198	69	0	3	200	1	198	2.1e-74	275.0
BCW-201236_01021	gnl|TC-DB|B4TU87|9.B.2.5.3	50.3	199	98	1	5	202	3	201	1.3e-53	206.1
BCW-201236_01031	gnl|TC-DB|Q9RPV1|2.A.1.14.9	83.6	458	75	0	1	458	1	458	7.2e-224	772.7
BCW-201236_01035	gnl|TC-DB|V2FAS1|2.A.7.17.1	46.0	287	155	0	8	294	5	291	2.3e-69	258.8
BCW-201236_01036	gnl|TC-DB|P0ABU7|1.A.30.2.1	65.0	220	77	0	63	282	9	228	1.2e-72	269.6
BCW-201236_01037	gnl|TC-DB|P0ABV2|1.A.30.2.1	61.0	141	51	1	1	141	1	137	1.7e-41	165.2
BCW-201236_01039	gnl|TC-DB|Q1R210|2.C.1.1.3	55.6	257	113	1	1	256	2	258	1.9e-67	252.3
BCW-201236_01041	gnl|TC-DB|Q1R209|1.B.14.7.1	78.0	753	165	1	3	754	1	753	0.0e+00	1186.8
BCW-201236_01042	gnl|TC-DB|P76169|2.A.7.26.1	59.8	102	41	0	3	104	1	102	2.9e-30	127.5
BCW-201236_01043	gnl|TC-DB|P54715|4.A.1.1.8	35.6	525	318	10	9	517	2	522	4.9e-75	278.5
BCW-201236_01046	gnl|TC-DB|A1S297|2.A.1.7.11	33.2	377	243	5	10	382	3	374	4.1e-42	168.7
BCW-201236_01049	gnl|TC-DB|P0AB93|3.A.4.1.1	92.8	428	31	0	1	428	1	428	1.4e-216	748.4
BCW-201236_01061	gnl|TC-DB|D0WX40|3.D.5.1.1	60.3	73	26	1	5	74	4	76	6.0e-19	89.4
BCW-201236_01063	gnl|TC-DB|Q56584|3.D.5.1.1	80.3	406	80	0	3	408	2	407	8.8e-197	682.6
BCW-201236_01064	gnl|TC-DB|Q56589|3.D.5.1.1	75.3	198	49	0	1	198	1	198	3.3e-80	294.3
BCW-201236_01065	gnl|TC-DB|Q57095|3.D.5.1.1	78.7	207	44	0	1	207	1	207	3.8e-87	317.4
BCW-201236_01066	gnl|TC-DB|Q56582|3.D.5.1.1	57.2	257	105	2	14	270	5	256	1.3e-82	302.8
BCW-201236_01067	gnl|TC-DB|Q56587|3.D.5.1.1	75.2	411	102	0	1	411	1	411	1.4e-189	658.7
BCW-201236_01068	gnl|TC-DB|Q56586|3.D.5.1.1	63.3	447	163	1	1	447	1	446	1.1e-163	572.8
BCW-201236_01076	gnl|TC-DB|Q9KN48|3.A.23.1.1	44.3	262	134	1	109	370	176	425	1.9e-56	216.5
BCW-201236_01097	gnl|TC-DB|P75742|2.A.17.1.4	66.9	492	161	2	2	492	3	493	1.6e-189	658.7
BCW-201236_01099	gnl|TC-DB|P0AAE8|2.A.3.2.2	84.8	440	67	0	1	440	1	440	1.8e-211	731.5
BCW-201236_01110	gnl|TC-DB|P0A943|1.B.33.1.3	80.0	819	138	4	1	802	1	810	0.0e+00	1347.0
BCW-201236_01145	gnl|TC-DB|Q6MDD6|3.A.7.16.1	26.7	572	333	13	41	608	219	708	8.4e-34	141.7
BCW-201236_01162	gnl|TC-DB|P06972|3.A.1.14.3	62.4	652	243	2	16	667	11	660	1.1e-225	779.2
BCW-201236_01163	gnl|TC-DB|P07822|3.A.1.14.3	49.0	298	145	3	11	308	5	295	2.2e-75	278.9
BCW-201236_01164	gnl|TC-DB|P07821|3.A.1.14.3	80.9	256	49	0	10	265	10	265	4.0e-118	420.6
BCW-201236_01165	gnl|TC-DB|P06971|1.B.14.1.2	56.6	746	289	8	7	725	10	747	1.8e-240	828.6
BCW-201236_01166	gnl|TC-DB|Q56111|1.B.1.1.22	64.8	389	124	6	1	382	1	383	1.1e-137	486.1
BCW-201236_01182	gnl|TC-DB|C8X384|4.A.6.2.2	32.3	124	82	2	1	124	1	122	9.7e-13	69.7
BCW-201236_01183	gnl|TC-DB|Q9KIQ2|4.A.6.1.4	54.6	271	123	0	27	297	22	292	1.7e-77	285.8
BCW-201236_01184	gnl|TC-DB|Q9KIQ3|4.A.6.1.4	46.3	259	132	1	5	263	8	259	1.1e-59	226.5
BCW-201236_01185	gnl|TC-DB|Q9KIQ4|4.A.6.1.4	64.1	156	56	0	4	159	14	169	5.5e-54	206.8
BCW-201236_01191	gnl|TC-DB|P0AFN6|3.A.1.105.17	84.8	256	39	0	1	256	1	256	1.9e-120	428.3
BCW-201236_01192	gnl|TC-DB|P36879|3.A.1.105.17	87.1	302	39	0	1	302	1	302	4.4e-148	520.4
BCW-201236_01193	gnl|TC-DB|Q8F8H7|2.A.53.3.8	48.7	193	98	1	2	193	539	731	1.1e-54	209.5
BCW-201236_01198	gnl|TC-DB|P36649|1.B.76.1.8	63.3	539	175	3	1	539	1	516	3.6e-198	687.6
BCW-201236_01199	gnl|TC-DB|P0AA95|8.A.2.1.3	62.8	113	42	0	1	113	1	113	7.0e-35	142.9
BCW-201236_01208	gnl|TC-DB|P15993|2.A.3.1.3	76.1	448	107	0	9	456	5	452	2.9e-196	681.0
BCW-201236_01209	gnl|TC-DB|P31435|2.A.2.3.4	43.7	453	252	3	1	452	1	451	1.8e-113	406.0
BCW-201236_01211	gnl|TC-DB|P0AE14|9.B.125.1.1	62.0	284	108	0	1	284	1	284	1.9e-97	352.1
BCW-201236_01215	gnl|TC-DB|P22608|3.A.15.2.1	45.9	386	200	4	79	457	180	563	9.0e-89	323.9
BCW-201236_01216	gnl|TC-DB|P22609|3.A.15.2.1	32.4	370	245	3	32	397	5	373	1.3e-51	200.3
BCW-201236_01222	gnl|TC-DB|P10408|3.A.5.1.1	88.7	901	102	0	1	901	1	901	0.0e+00	1561.6
BCW-201236_01231	gnl|TC-DB|P0ABG4|2.A.103.1.1	79.1	416	81	2	1	412	1	414	7.3e-183	636.3
BCW-201236_01233	gnl|TC-DB|P0A6W3|9.B.146.1.6	91.7	360	30	0	1	360	1	360	2.4e-190	661.0
BCW-201236_01240	gnl|TC-DB|A8ANM6|2.A.104.1.1	66.0	144	49	0	1	144	1	144	1.7e-47	185.3
BCW-201236_01244	gnl|TC-DB|Q9XIA9|4.C.1.1.14	27.3	590	395	11	36	599	78	659	9.6e-59	224.6
BCW-201236_01250	gnl|TC-DB|Q41364|2.A.47.3.1	44.2	480	252	4	11	490	106	569	6.8e-111	397.5
BCW-201236_01251	gnl|TC-DB|P31675|2.A.1.20.1	70.6	391	115	0	1	391	1	391	5.3e-151	530.4
BCW-201236_01253	gnl|TC-DB|P31550|3.A.1.19.1	75.8	331	76	1	1	331	1	327	1.4e-147	518.8
BCW-201236_01254	gnl|TC-DB|P31549|3.A.1.19.1	72.4	532	147	0	1	532	1	532	3.8e-216	747.3
BCW-201236_01255	gnl|TC-DB|P31548|3.A.1.19.1	65.7	230	78	1	1	230	1	229	9.0e-82	299.7
BCW-201236_01266	gnl|TC-DB|P31554|1.B.42.1.2	64.7	791	263	8	9	793	1	781	2.5e-314	1073.5
BCW-201236_01274	gnl|TC-DB|Q8FA71|2.A.79.2.1	75.0	256	64	0	3	258	22	277	8.5e-113	402.9
BCW-201236_01275	gnl|TC-DB|P76249|2.A.76.1.5	31.8	195	118	6	16	202	21	208	1.3e-15	79.7
BCW-201236_01276	gnl|TC-DB|P03819|2.A.37.1.1	72.3	606	167	1	1	606	1	605	6.6e-236	813.1
BCW-201236_01277	gnl|TC-DB|P0A754|2.A.37.1.1	66.1	174	59	0	1	174	1	174	9.1e-72	266.2
BCW-201236_01287	gnl|TC-DB|B8I766|9.B.105.1.5	31.2	144	90	4	17	157	2	139	1.9e-12	68.9
BCW-201236_01292	gnl|TC-DB|P13738|2.A.33.1.1	66.6	377	125	1	8	383	4	380	1.7e-136	482.3
BCW-201236_01294	gnl|TC-DB|P0A6Y8|1.A.33.1.2	90.9	638	56	1	1	636	1	638	0.0e+00	1101.3
BCW-201236_01295	gnl|TC-DB|P0AC98|2.A.96.1.1	76.3	186	44	0	1	186	1	186	8.9e-78	286.2
BCW-201236_01296	gnl|TC-DB|P41036|2.A.1.12.1	83.4	482	80	0	1	482	1	482	1.2e-240	828.6
BCW-201236_01299	gnl|TC-DB|Q5ZYB5|3.A.7.9.1	31.7	420	279	4	11	427	2	416	4.2e-51	198.7
BCW-201236_01303	gnl|TC-DB|P25527|2.A.3.1.4	83.7	466	76	0	1	466	1	466	3.2e-219	757.3
BCW-201236_01309	gnl|TC-DB|P30143|2.A.25.1.10	54.2	478	216	2	1	477	1	476	4.4e-139	491.1
BCW-201236_01323	gnl|TC-DB|Q9CES4|3.A.1.3.25	61.9	239	91	0	2	240	7	245	1.9e-82	302.0
BCW-201236_01324	gnl|TC-DB|Q8YSA2|3.A.1.3.17	34.9	238	128	4	8	245	275	485	1.9e-32	136.0
BCW-201236_01325	gnl|TC-DB|P0AEM9|3.A.1.3.10	30.5	256	161	5	6	249	14	264	1.7e-28	122.9
BCW-201236_01345	gnl|TC-DB|P76330|9.B.34.1.4	30.0	200	126	4	131	318	360	557	8.0e-20	94.4
BCW-201236_01348	gnl|TC-DB|Q93N33|2.A.21.9.2	27.9	326	208	6	260	566	752	1069	3.9e-19	93.6
BCW-201236_01360	gnl|TC-DB|F9VN10|3.D.10.1.4	34.9	536	311	13	22	533	7	528	1.4e-72	270.4
BCW-201236_01362	gnl|TC-DB|P38919|3.A.18.1.1	34.7	366	234	3	6	371	40	400	1.1e-56	217.2
BCW-201236_01368	gnl|TC-DB|P0A937|1.B.33.1.3	75.5	110	27	0	1	110	1	110	1.3e-44	175.3
BCW-201236_01388	gnl|TC-DB|P0AAP1|9.B.34.1.2	31.4	137	91	1	326	462	186	319	7.4e-12	68.6
BCW-201236_01389	gnl|TC-DB|P75810|2.A.1.60.2	59.7	370	145	1	6	375	10	375	1.7e-120	429.1
BCW-201236_01402	gnl|TC-DB|P07110|1.B.11.2.1	53.2	829	376	6	4	823	7	832	3.7e-258	887.5
BCW-201236_01408	gnl|TC-DB|Q05596|3.A.1.23.6	68.7	259	80	1	6	264	2	259	1.4e-97	352.4
BCW-201236_01409	gnl|TC-DB|Q05598|3.A.1.23.6	48.0	225	117	0	1	225	1	225	3.2e-55	211.5
BCW-201236_01410	gnl|TC-DB|O68104|3.A.1.23.8	45.2	84	44	1	2	85	4	85	2.2e-15	77.8
BCW-201236_01411	gnl|TC-DB|Q05594|3.A.1.23.6	76.6	239	56	0	2	240	5	243	2.6e-100	361.3
BCW-201236_01422	gnl|TC-DB|Q8PVB2|9.B.125.2.2	33.4	323	192	5	8	318	14	325	2.6e-39	159.1
BCW-201236_01428	gnl|TC-DB|P39314|2.A.7.3.19	65.8	310	106	0	1	310	1	310	7.6e-119	423.3
BCW-201236_01430	gnl|TC-DB|P76630|2.A.78.1.3	71.2	198	57	0	12	209	7	204	1.1e-77	286.2
BCW-201236_01431	gnl|TC-DB|P43667|2.A.78.1.3	52.3	109	51	1	12	120	1	108	4.6e-24	107.1
BCW-201236_01434	gnl|TC-DB|P27303|8.A.1.1.1	69.6	385	117	0	6	390	5	389	3.2e-140	494.6
BCW-201236_01435	gnl|TC-DB|P0AEJ0|2.A.1.3.2	82.4	510	90	0	2	511	3	512	6.8e-247	849.4
BCW-201236_01439	gnl|TC-DB|Q8ZRP7|3.A.1.13.1	50.2	261	128	1	9	269	7	265	1.2e-69	259.6
BCW-201236_01440	gnl|TC-DB|I7MT28|1.A.62.2.2	88.2	203	24	0	1	203	1	203	4.4e-96	347.1
BCW-201236_01442	gnl|TC-DB|B7LDR9|4.A.7.1.2	40.0	403	242	0	7	409	11	413	1.9e-77	286.2
BCW-201236_01445	gnl|TC-DB|A8ALD3|2.A.49.5.5	80.1	438	87	0	15	452	15	452	6.5e-199	689.9
BCW-201236_01447	gnl|TC-DB|P0AE42|9.B.12.2.1	82.7	52	9	0	22	73	1	52	1.1e-20	95.1
BCW-201236_01451	gnl|TC-DB|P19642|4.A.1.1.3	52.4	506	233	4	1	501	23	525	5.2e-143	504.2
BCW-201236_01455	gnl|TC-DB|Q57986|9.A.8.1.9	38.9	90	52	3	5	93	6	93	8.0e-11	65.1
BCW-201236_01456	gnl|TC-DB|P77774|1.B.33.1.3	67.1	392	129	0	1	392	1	392	1.1e-151	532.7
BCW-201236_01470	gnl|TC-DB|P44669|9.A.41.1.1	67.4	617	199	2	1	616	1	616	1.5e-224	775.4
BCW-201236_01478	gnl|TC-DB|D7A5Z9|2.A.113.1.7	31.0	271	164	3	58	323	55	307	2.3e-25	112.8
BCW-201236_01484	gnl|TC-DB|P0AGF4|2.A.1.1.3	39.5	499	257	8	3	470	2	486	4.3e-86	315.1
BCW-201236_01490	gnl|TC-DB|P0AFR9|3.A.1.11.9	77.8	257	57	0	8	264	6	262	8.9e-113	402.9
BCW-201236_01491	gnl|TC-DB|P77156|3.A.1.11.9	75.4	313	76	1	3	314	1	313	6.2e-134	473.4
BCW-201236_01492	gnl|TC-DB|P77795|3.A.1.11.9	65.4	341	114	1	1	341	1	337	1.7e-121	432.2
BCW-201236_01493	gnl|TC-DB|P76108|3.A.1.11.9	76.1	380	87	2	8	387	6	381	1.3e-178	622.1
BCW-201236_01515	gnl|TC-DB|Q9KN55|3.A.23.1.1	30.6	594	350	15	7	567	5	569	3.7e-71	265.8
BCW-201236_01520	gnl|TC-DB|P77338|1.A.23.1.1	30.1	266	178	4	489	747	794	1058	2.8e-29	127.1
BCW-201236_01521	gnl|TC-DB|P33369|1.B.17.3.10	50.0	464	230	2	26	488	15	477	9.5e-129	456.8
BCW-201236_01524	gnl|TC-DB|Q6XBY3|1.B.11.6.1	36.3	805	459	15	18	778	32	826	5.9e-141	498.0
BCW-201236_01533	gnl|TC-DB|P0ACX0|9.B.72.1.2	64.9	111	39	0	1	111	1	111	1.3e-33	138.7
BCW-201236_01537	gnl|TC-DB|K0WKG7|4.F.1.1.8	59.4	175	69	1	3	175	1	175	1.2e-49	192.6
BCW-201236_01549	gnl|TC-DB|P0ADL1|2.A.1.2.26	35.2	383	246	2	13	394	15	396	9.5e-63	237.3
BCW-201236_01556	gnl|TC-DB|P76425|2.A.113.1.1	72.9	277	72	1	1	277	1	274	6.8e-92	333.6
BCW-201236_01561	gnl|TC-DB|P25185|2.A.26.1.2	50.7	402	194	2	1	398	15	416	5.2e-104	374.4
BCW-201236_01562	gnl|TC-DB|P25744|2.A.1.2.20	59.7	392	158	0	3	394	11	402	8.9e-130	459.9
BCW-201236_01575	gnl|TC-DB|P09348|1.A.30.1.1	76.3	295	69	1	1	295	1	294	4.8e-120	427.2
BCW-201236_01576	gnl|TC-DB|P0AF06|1.A.30.1.1	64.6	311	102	4	1	307	1	307	1.6e-103	372.5
BCW-201236_01581	gnl|TC-DB|P0AFZ7|2.A.38.1.1	89.6	482	50	0	1	482	1	482	2.4e-249	857.4
BCW-201236_01592	gnl|TC-DB|P69423|2.A.64.1.1	79.5	239	49	0	1	239	1	239	1.6e-106	382.1
BCW-201236_01593	gnl|TC-DB|P69425|2.A.64.1.1	61.9	126	48	0	1	126	1	126	5.2e-32	134.0
BCW-201236_01594	gnl|TC-DB|P69428|2.A.64.1.1	59.6	94	28	3	1	89	1	89	1.9e-16	81.3
BCW-201236_01600	gnl|TC-DB|Q0P9Y2|2.A.114.1.5	44.1	564	284	8	4	540	34	593	6.5e-124	441.0
BCW-201236_01607	gnl|TC-DB|P32670|4.A.2.1.10	76.1	833	199	0	1	833	1	833	0.0e+00	1271.9
BCW-201236_01609	gnl|TC-DB|P32672|4.A.2.1.10	85.3	360	52	1	1	360	1	359	4.9e-167	583.6
BCW-201236_01610	gnl|TC-DB|P69816|4.A.2.1.10	92.5	106	8	0	1	106	1	106	2.3e-48	187.6
BCW-201236_01613	gnl|TC-DB|P32676|4.A.2.1.10	67.3	107	35	0	5	111	4	110	3.3e-37	150.6
BCW-201236_01618	gnl|TC-DB|P0ADP5|2.A.7.3.61	65.7	283	97	0	1	283	1	283	3.1e-103	371.3
BCW-201236_01624	gnl|TC-DB|P37617|3.A.3.6.2	64.1	701	247	2	82	782	36	731	4.4e-237	817.4
BCW-201236_01626	gnl|TC-DB|Q86Z14|8.A.49.1.2	26.6	467	294	15	4	459	80	508	5.1e-44	175.3
BCW-201236_01629	gnl|TC-DB|P0AC96|2.A.8.1.8	78.4	445	96	0	1	445	1	445	1.2e-196	682.2
BCW-201236_01630	gnl|TC-DB|P0AG38|2.A.76.1.2	68.0	206	65	1	1	206	2	206	9.3e-78	286.2
BCW-201236_01638	gnl|TC-DB|Q5EAK4|2.A.16.2.2	29.8	339	213	8	31	347	1378	1713	1.2e-24	111.3
BCW-201236_01641	gnl|TC-DB|P27844|2.A.7.7.2	77.1	293	67	0	1	293	1	293	8.4e-133	469.5
BCW-201236_01642	gnl|TC-DB|P0A2R8|1.A.35.1.2	89.9	316	32	0	1	316	1	316	3.5e-161	563.9
BCW-201236_01649	gnl|TC-DB|P27838|9.B.21.2.1	70.3	101	30	0	1	101	1	101	1.5e-39	158.3
BCW-201236_01661	gnl|TC-DB|B6I4D1|9.B.128.1.1	76.9	441	102	0	1	441	1	441	2.1e-194	674.9
BCW-201236_01663	gnl|TC-DB|P0AAA7|2.A.66.2.3	76.2	416	99	0	1	416	1	416	1.1e-178	622.5
BCW-201236_01671	gnl|TC-DB|P0AC78|9.B.146.1.7	71.9	356	100	0	1	356	1	356	4.1e-145	510.8
BCW-201236_01672	gnl|TC-DB|P40290|3.A.6.1.1	29.0	252	157	6	180	419	148	389	4.8e-15	79.0
BCW-201236_01674	gnl|TC-DB|O00571|1.I.1.1.3	34.8	353	216	3	9	347	180	532	8.7e-54	207.6
BCW-201236_01691	gnl|TC-DB|P94131|2.A.1.15.4	25.6	391	274	5	15	393	22	407	1.6e-28	123.6
BCW-201236_01701	gnl|TC-DB|B3WJF3|2.A.88.8.6	78.3	207	45	0	4	210	4	210	5.1e-90	327.0
BCW-201236_01704	gnl|TC-DB|P37665|9.B.186.1.1	83.1	219	37	0	1	219	1	219	8.9e-79	289.7
BCW-201236_01712	gnl|TC-DB|P00550|4.A.2.1.2	75.5	657	141	6	2	658	1	637	8.4e-274	939.1
BCW-201236_01722	gnl|TC-DB|P0AA76|2.A.1.14.7	80.2	420	83	0	10	429	10	429	1.2e-199	692.2
BCW-201236_01735	gnl|TC-DB|P25714|2.A.9.3.1	76.8	548	123	1	16	559	1	548	9.7e-247	849.0
BCW-201236_01737	gnl|TC-DB|P76219|9.B.27.1.1	45.6	195	106	0	4	198	17	211	3.8e-39	157.9
BCW-201236_01740	gnl|TC-DB|P31466|2.A.40.7.6	84.9	445	67	0	1	445	1	445	1.6e-207	718.4
BCW-201236_01743	gnl|TC-DB|Q8YPM7|3.A.1.3.18	35.6	160	99	2	70	225	222	381	3.2e-21	98.6
BCW-201236_01744	gnl|TC-DB|Q8YPM8|3.A.1.3.18	34.4	250	138	7	9	240	45	286	3.8e-28	121.7
BCW-201236_01745	gnl|TC-DB|P30859|3.A.1.3.3	29.9	254	162	3	3	254	2	241	2.4e-28	122.5
BCW-201236_01747	gnl|TC-DB|P0AAH0|3.A.1.7.1	91.1	258	22	1	1	258	1	257	4.6e-135	476.9
BCW-201236_01748	gnl|TC-DB|P07654|3.A.1.7.1	88.1	294	35	0	1	294	1	294	7.6e-142	499.6
BCW-201236_01749	gnl|TC-DB|P0AGH8|3.A.1.7.1	87.0	308	40	0	20	327	10	317	1.8e-144	508.4
BCW-201236_01750	gnl|TC-DB|P0AG82|3.A.1.7.1	82.0	344	62	0	14	357	3	346	7.7e-165	576.2
BCW-201236_01753	gnl|TC-DB|P0A6E6|3.A.2.1.1	90.6	139	13	0	1	139	1	139	8.4e-67	249.2
BCW-201236_01754	gnl|TC-DB|P0ABB4|3.A.2.1.1	94.1	460	27	0	1	460	1	460	1.8e-251	864.4
BCW-201236_01755	gnl|TC-DB|P0ABA6|3.A.2.1.1	90.6	287	27	0	1	287	1	287	5.1e-143	503.4
BCW-201236_01756	gnl|TC-DB|P0ABB0|3.A.2.1.1	94.5	513	28	0	1	513	1	513	1.8e-276	947.6
BCW-201236_01757	gnl|TC-DB|P0ABA4|3.A.2.1.1	78.5	177	38	0	1	177	1	177	1.0e-72	269.2
BCW-201236_01758	gnl|TC-DB|P0ABA0|3.A.2.1.1	87.2	156	20	0	1	156	1	156	1.1e-49	192.6
BCW-201236_01759	gnl|TC-DB|P68699|3.A.2.1.1	98.7	79	1	0	1	79	1	79	1.4e-34	141.4
BCW-201236_01760	gnl|TC-DB|P0AB98|3.A.2.1.1	82.6	270	34	1	3	259	2	271	2.0e-122	434.9
BCW-201236_01761	gnl|TC-DB|C4X3L3|1.A.77.3.8	54.9	122	55	0	1	122	25	146	6.3e-29	123.2
BCW-201236_01770	gnl|TC-DB|P63183|2.A.72.1.1	82.2	622	111	0	9	630	1	622	1.6e-298	1021.1
BCW-201236_01772	gnl|TC-DB|P04983|3.A.1.2.1	86.2	501	69	0	1	501	1	501	3.6e-245	843.6
BCW-201236_01773	gnl|TC-DB|P0AGI1|3.A.1.2.1	80.5	323	59	1	1	323	1	319	1.3e-131	465.7
BCW-201236_01774	gnl|TC-DB|P02925|3.A.1.2.1	83.1	295	50	0	1	295	1	295	1.0e-130	462.6
BCW-201236_01777	gnl|TC-DB|P31474|2.A.1.3.51	72.6	446	122	0	1	446	18	463	9.3e-179	622.9
BCW-201236_01783	gnl|TC-DB|P77239|2.A.6.1.4	38.6	373	217	6	35	402	30	395	1.6e-62	236.9
BCW-201236_01784	gnl|TC-DB|P38054|2.A.6.1.4	64.5	1038	366	2	1	1035	1	1038	0.0e+00	1342.0
BCW-201236_01789	gnl|TC-DB|Q93GK6|9.B.2.1.9	34.3	201	114	5	15	204	20	213	1.8e-23	105.9
BCW-201236_01790	gnl|TC-DB|P75757|2.A.4.1.4	70.0	300	86	1	3	298	2	301	2.8e-121	431.4
BCW-201236_01797	gnl|TC-DB|P45955|2.C.1.2.1	74.6	193	45	1	1	193	1	189	1.1e-54	209.9
BCW-201236_01798	gnl|TC-DB|C6EJJ6|2.C.1.2.1	80.9	173	31	1	1	171	1	173	3.6e-75	277.3
BCW-201236_01799	gnl|TC-DB|P0A855|2.C.1.2.1	89.1	430	47	0	1	430	1	430	2.0e-135	478.8
BCW-201236_01800	gnl|TC-DB|P19934|2.C.1.2.1	61.2	129	48	1	281	409	295	421	4.1e-29	125.6
BCW-201236_01801	gnl|TC-DB|P0ABV8|1.A.30.2.2	84.9	139	21	0	2	140	4	142	2.2e-59	224.6
BCW-201236_01802	gnl|TC-DB|P0ABU9|1.A.30.2.2	88.7	222	25	0	1	222	1	222	2.6e-105	377.9
BCW-201236_01804	gnl|TC-DB|P0AAV0|8.A.79.1.1	67.7	96	31	0	1	96	1	96	7.8e-35	142.5
BCW-201236_01806	gnl|TC-DB|P0ABK2|3.D.4.3.2	77.6	379	85	0	1	379	1	379	3.7e-173	604.0
BCW-201236_01807	gnl|TC-DB|P0ABJ9|3.D.4.3.2	86.8	515	68	0	1	515	1	515	9.9e-262	898.7
BCW-201236_01812	gnl|TC-DB|X5GWN5|3.D.10.1.6	50.9	234	108	5	4	236	27	254	2.9e-67	251.5
BCW-201236_01813	gnl|TC-DB|X5H3P0|3.D.10.1.6	53.3	589	265	6	12	593	12	597	1.2e-173	606.3
BCW-201236_01832	gnl|TC-DB|P03959|3.A.3.7.1	73.6	556	147	0	1	556	1	556	2.4e-229	791.2
BCW-201236_01833	gnl|TC-DB|P03960|3.A.3.7.1	82.8	687	112	1	1	687	1	681	8.1e-312	1065.4
BCW-201236_01834	gnl|TC-DB|P03961|3.A.3.7.1	52.7	188	89	0	1	188	1	188	3.2e-43	171.4
BCW-201236_01850	gnl|TC-DB|P52067|2.A.1.35.1	75.8	405	97	1	1	405	3	406	8.5e-168	586.3
BCW-201236_01851	gnl|TC-DB|P39830|2.A.37.1.5	80.7	550	104	2	1	550	1	548	1.1e-245	845.5
BCW-201236_01856	gnl|TC-DB|Q6D188|2.A.2.5.2	87.0	515	64	1	7	518	2	516	1.1e-249	858.6
BCW-201236_01864	gnl|TC-DB|A6TAG3|1.E.43.1.1	46.3	82	44	0	1	82	1	82	1.4e-13	71.6
BCW-201236_01867	gnl|TC-DB|P77338|1.A.23.1.1	52.4	1110	518	5	12	1113	5	1112	1.1e-310	1062.4
BCW-201236_01870	gnl|TC-DB|P0AE06|8.A.1.6.1	74.2	396	101	1	1	396	1	395	8.3e-160	559.7
BCW-201236_01871	gnl|TC-DB|P31224|2.A.6.2.2	82.3	1048	184	1	1	1047	1	1048	0.0e+00	1663.7
BCW-201236_01880	gnl|TC-DB|P75733|1.B.25.1.13	81.2	468	81	3	1	461	1	468	2.3e-233	804.3
BCW-201236_01882	gnl|TC-DB|P09323|4.A.1.1.2	55.4	680	264	9	2	676	1	646	1.9e-180	629.0
BCW-201236_01899	gnl|TC-DB|P0A2L3|9.A.40.1.2	85.6	291	42	0	1	291	1	291	8.9e-143	502.7
BCW-201236_01902	gnl|TC-DB|P37902|3.A.1.3.4	76.9	307	63	1	1	307	1	299	3.4e-132	467.6
BCW-201236_01903	gnl|TC-DB|P0AER3|3.A.1.3.4	85.0	246	37	0	1	246	1	246	4.1e-117	417.2
BCW-201236_01904	gnl|TC-DB|P0AER5|3.A.1.3.4	86.5	223	30	0	1	223	1	223	2.8e-104	374.4
BCW-201236_01905	gnl|TC-DB|P0AAG3|3.A.1.3.4	89.2	241	26	0	1	241	1	241	6.7e-120	426.4
BCW-201236_01910	gnl|TC-DB|P0ADC1|1.B.42.1.2	43.3	208	86	3	7	214	6	181	3.7e-41	164.9
BCW-201236_01916	gnl|TC-DB|P0ABG7|2.A.103.1.2	86.5	370	50	0	1	370	1	370	1.7e-178	621.7
BCW-201236_01922	gnl|TC-DB|P0A843|2.A.64.1.1	70.1	67	18	1	1	65	1	67	3.7e-17	83.2
BCW-201236_01924	gnl|TC-DB|P27125|2.A.7.6.1	79.3	343	71	0	1	343	1	343	5.7e-157	550.1
BCW-201236_01934	gnl|TC-DB|Q9KWV3|2.A.6.2.10	29.3	334	213	7	1	317	1	328	8.6e-23	104.8
BCW-201236_01935	gnl|TC-DB|A0ZUB1|3.A.1.122.12	46.5	648	342	3	10	653	5	651	4.6e-155	544.7
BCW-201236_01936	gnl|TC-DB|P75830|3.A.1.122.1	35.1	376	226	3	5	379	4	362	1.3e-53	206.8
BCW-201236_01937	gnl|TC-DB|Q93GK5|3.A.1.110.1	27.2	690	462	15	10	682	23	689	1.2e-52	204.5
BCW-201236_01946	gnl|TC-DB|P07110|1.B.11.2.1	42.1	829	441	16	18	823	20	832	1.4e-180	629.8
BCW-201236_01949	gnl|TC-DB|P76187|8.A.5.1.7	34.7	300	166	5	17	305	18	298	1.5e-39	159.8
BCW-201236_01958	gnl|TC-DB|P37772|3.A.1.2.25	89.3	328	35	0	1	328	1	328	1.2e-159	558.9
BCW-201236_01959	gnl|TC-DB|P39328|3.A.1.2.25	82.3	333	58	1	1	333	2	333	3.3e-141	497.7
BCW-201236_01960	gnl|TC-DB|Q6BEX0|3.A.1.2.25	84.8	495	75	0	7	501	6	500	3.5e-240	827.0
BCW-201236_01961	gnl|TC-DB|P39325|3.A.1.2.25	87.1	318	41	0	1	318	1	318	1.0e-155	545.8
BCW-201236_01962	gnl|TC-DB|P24181|2.A.6.2.1	83.3	1032	172	0	1	1032	1	1032	0.0e+00	1651.7
BCW-201236_01963	gnl|TC-DB|P0AE06|8.A.1.6.1	59.8	391	153	2	1	387	1	391	7.2e-124	440.3
BCW-201236_01965	gnl|TC-DB|G3IME2|9.B.35.1.2	42.1	114	63	2	26	137	29	141	5.3e-21	97.1
BCW-201236_01968	gnl|TC-DB|P33231|2.A.14.1.1	86.2	551	76	0	1	551	1	551	3.0e-269	923.7
BCW-201236_01971	gnl|TC-DB|D5CJ69|2.A.66.1.22	82.3	457	81	0	14	470	3	459	2.2e-215	744.6
BCW-201236_01979	gnl|TC-DB|P37660|2.A.42.2.3	62.0	413	157	0	15	427	11	423	2.0e-143	505.4
BCW-201236_01980	gnl|TC-DB|Q9KN48|3.A.23.1.1	47.1	208	108	2	211	417	211	417	3.9e-45	179.1
BCW-201236_01992	gnl|TC-DB|P0AAP1|9.B.34.1.2	34.1	170	91	4	289	447	210	369	2.6e-19	93.2
BCW-201236_01995	gnl|TC-DB|P76330|9.B.34.1.4	37.1	159	97	3	292	448	401	558	4.6e-24	109.0
BCW-201236_01996	gnl|TC-DB|P77504|3.A.1.122.15	65.2	800	272	1	1	800	1	794	7.5e-293	1002.7
BCW-201236_01997	gnl|TC-DB|P0A9T8|3.A.1.122.15	77.6	228	51	0	1	228	1	228	2.7e-94	341.3
BCW-201236_02007	gnl|TC-DB|O31199|2.A.3.1.9	74.6	449	112	1	18	464	7	455	1.6e-186	648.7
BCW-201236_02013	gnl|TC-DB|P0A4L7|5.A.2.1.2	28.9	190	115	5	8	179	14	201	3.8e-15	78.2
BCW-201236_02020	gnl|TC-DB|P94774|2.A.1.14.41	24.6	317	225	3	12	319	9	320	2.1e-15	80.1
BCW-201236_02023	gnl|TC-DB|B7L824|2.A.81.1.5	74.5	552	141	0	1	552	1	552	1.2e-233	805.4
BCW-201236_02027	gnl|TC-DB|Q9KN48|3.A.23.1.1	37.5	352	209	3	127	470	177	525	3.1e-52	202.6
BCW-201236_02031	gnl|TC-DB|M3JA40|1.B.52.2.1	43.6	94	46	1	322	408	242	335	4.0e-11	66.2
BCW-201236_02033	gnl|TC-DB|P0A8K8|9.B.126.2.1	71.7	269	74	1	17	285	21	287	3.9e-93	337.8
BCW-201236_02037	gnl|TC-DB|P0AG96|3.A.5.1.1	86.6	127	17	0	1	127	1	127	5.7e-54	206.5
BCW-201236_02040	gnl|TC-DB|Q9ZK21|1.C.82.1.1	49.8	227	114	0	3	229	4	230	2.1e-57	218.8
BCW-201236_02063	gnl|TC-DB|P32715|2.A.85.6.1	31.2	583	363	9	19	579	27	593	6.3e-64	241.9
BCW-201236_02064	gnl|TC-DB|B1LPP9|8.A.1.1.3	53.8	329	151	1	4	331	10	338	8.3e-92	333.6
BCW-201236_02066	gnl|TC-DB|P60061|2.A.3.2.5	83.6	439	72	0	1	439	1	439	1.9e-213	738.0
BCW-201236_02070	gnl|TC-DB|C8U8G2|2.A.3.7.3	77.6	500	110	2	12	510	12	510	6.9e-223	769.6
BCW-201236_02095	gnl|TC-DB|Q3K0G6|4.A.2.1.20	32.2	143	95	2	7	148	1	142	1.2e-13	72.8
BCW-201236_02098	gnl|TC-DB|P0A9V1|1.B.42.1.2	89.6	241	25	0	1	241	1	241	3.0e-120	427.6
BCW-201236_02099	gnl|TC-DB|P0ADV1|1.B.42.1.2	75.9	170	41	0	1	170	1	170	7.7e-72	266.5
BCW-201236_02100	gnl|TC-DB|P0ADW0|1.B.42.1.2	62.0	192	72	1	1	192	1	191	3.7e-65	244.2
BCW-201236_02103	gnl|TC-DB|P45394|2.A.19.5.1	55.2	326	140	3	1	324	1	322	5.9e-87	317.4
BCW-201236_02104	gnl|TC-DB|P63386|3.A.1.27.3	75.9	266	64	0	1	266	1	266	1.5e-115	412.1
BCW-201236_02105	gnl|TC-DB|P64606|3.A.1.27.3	80.4	260	51	0	1	260	1	260	1.1e-112	402.5
BCW-201236_02106	gnl|TC-DB|P64604|3.A.1.27.3	76.1	176	36	3	1	176	1	170	7.3e-71	263.1
BCW-201236_02107	gnl|TC-DB|P0ADV7|3.A.1.27.3	77.5	213	45	1	1	213	1	210	6.8e-92	333.2
BCW-201236_02108	gnl|TC-DB|P64602|3.A.1.27.3	38.4	86	53	0	6	91	5	90	5.2e-13	70.1
BCW-201236_02117	gnl|TC-DB|P0ACA3|1.A.12.3.1	85.6	209	30	0	1	209	1	209	5.7e-99	356.7
BCW-201236_02137	gnl|TC-DB|P24518|4.B.1.1.1	83.9	410	66	0	1	410	1	410	2.8e-211	730.7
BCW-201236_02141	gnl|TC-DB|P43672|3.A.1.120.6	33.1	511	333	5	21	527	18	523	8.5e-78	287.7
BCW-201236_02152	gnl|TC-DB|P28635|3.A.1.24.1	92.3	271	21	0	1	271	1	271	5.3e-142	500.0
BCW-201236_02153	gnl|TC-DB|P31547|3.A.1.24.1	90.8	217	20	0	1	217	1	217	4.0e-71	264.2
BCW-201236_02154	gnl|TC-DB|P30750|3.A.1.24.1	78.7	343	73	0	1	343	1	343	3.6e-151	530.8
BCW-201236_02167	gnl|TC-DB|P45522|2.A.37.1.2	77.6	599	133	1	3	601	2	599	7.7e-258	885.9
BCW-201236_02168	gnl|TC-DB|P0A756|2.A.37.1.2	76.9	182	42	0	1	182	2	183	8.5e-83	302.8
BCW-201236_02169	gnl|TC-DB|Q83XH1|3.A.1.121.4	31.0	513	345	4	1	505	1	512	7.3e-73	271.6
BCW-201236_02172	gnl|TC-DB|Q47539|3.A.1.17.1	72.3	249	68	1	31	278	24	272	3.4e-91	331.3
BCW-201236_02173	gnl|TC-DB|Q47538|3.A.1.17.1	71.3	251	72	0	1	251	1	251	1.3e-100	362.5
BCW-201236_02174	gnl|TC-DB|Q47537|3.A.1.17.1	72.4	308	85	0	17	324	13	320	2.5e-125	444.9
BCW-201236_02175	gnl|TC-DB|P38101|2.A.76.1.4	30.3	198	128	3	8	201	4	195	1.5e-16	82.8
BCW-201236_02178	gnl|TC-DB|P45804|9.B.65.1.1	31.8	592	371	11	26	614	10	571	1.7e-71	266.9
BCW-201236_02181	gnl|TC-DB|O24842|2.A.1.15.6	23.1	412	265	12	23	394	35	434	4.1e-13	72.4
BCW-201236_02185	gnl|TC-DB|P45537|2.A.85.1.3	62.8	693	257	1	1	692	5	697	4.5e-262	900.2
BCW-201236_02192	gnl|TC-DB|P60778|2.A.1.7.14	75.8	393	93	2	1	393	1	391	5.2e-162	567.0
BCW-201236_02194	gnl|TC-DB|P0AA82|2.A.39.1.1	92.7	423	27	1	1	423	1	419	9.3e-218	752.3
BCW-201236_02197	gnl|TC-DB|P0AC26|1.A.16.3.1	82.0	267	48	0	1	267	1	267	9.6e-128	452.6
BCW-201236_02207	gnl|TC-DB|Q1R5P6|1.B.22.4.2	46.3	417	212	4	15	427	4	412	2.1e-95	345.9
BCW-201236_02223	gnl|TC-DB|B5XTS8|9.A.8.1.10	67.6	74	24	0	3	76	2	75	5.6e-22	99.8
BCW-201236_02224	gnl|TC-DB|B5XTS7|9.A.8.1.10	75.1	775	187	3	1	772	1	772	0.0e+00	1135.2
BCW-201236_02225	gnl|TC-DB|B5XTS6|9.A.8.1.10	45.8	72	39	0	1	72	1	72	1.1e-13	72.0
BCW-201236_02231	gnl|TC-DB|P39301|4.A.7.1.1	88.4	465	53	1	1	464	1	465	1.4e-235	811.6
BCW-201236_02232	gnl|TC-DB|P69822|4.A.7.1.1	89.1	101	11	0	1	101	1	101	4.1e-47	183.3
BCW-201236_02233	gnl|TC-DB|P69820|4.A.7.1.1	91.5	153	13	0	1	153	1	153	1.2e-77	285.4
BCW-201236_02250	gnl|TC-DB|P09391|9.B.104.1.1	57.5	275	116	1	1	275	1	274	1.2e-88	322.8
BCW-201236_02254	gnl|TC-DB|P10907|3.A.1.1.3	69.7	356	108	0	1	356	1	356	1.3e-140	495.7
BCW-201236_02255	gnl|TC-DB|P10906|3.A.1.1.3	74.4	281	72	0	1	281	1	281	7.5e-115	409.8
BCW-201236_02256	gnl|TC-DB|P10905|3.A.1.1.3	76.3	295	70	0	1	295	1	295	6.9e-127	449.9
BCW-201236_02257	gnl|TC-DB|P0AG80|3.A.1.1.3	77.8	437	96	1	4	440	2	437	7.5e-202	699.5
BCW-201236_02258	gnl|TC-DB|P22731|3.A.1.4.1	87.1	233	30	0	1	233	5	237	5.5e-111	396.7
BCW-201236_02259	gnl|TC-DB|P0A9S7|3.A.1.4.1	79.9	254	51	0	3	256	2	255	6.2e-116	413.3
BCW-201236_02260	gnl|TC-DB|P22729|3.A.1.4.1	75.1	425	104	1	1	423	1	425	1.0e-171	599.4
BCW-201236_02261	gnl|TC-DB|P0AEX7|3.A.1.4.1	84.7	308	47	0	1	308	1	308	3.4e-137	484.2
BCW-201236_02262	gnl|TC-DB|P04816|3.A.1.4.1	73.9	364	95	0	7	370	6	369	9.5e-166	579.3
BCW-201236_02264	gnl|TC-DB|B2D7K2|3.A.23.1.1	39.2	505	293	3	6	496	4	508	6.7e-93	338.2
BCW-201236_02273	gnl|TC-DB|P0AC31|3.A.1.140.1	70.5	322	92	1	4	325	34	352	7.1e-125	443.4
BCW-201236_02274	gnl|TC-DB|P0A9R7|3.A.1.140.1	88.2	221	26	0	1	221	1	221	7.5e-110	392.9
BCW-201236_02275	gnl|TC-DB|P10121|3.A.5.1.1	90.3	310	30	0	317	626	188	497	4.8e-154	541.2
BCW-201236_02282	gnl|TC-DB|P08555|2.A.8.1.5	84.7	445	68	0	1	445	1	445	1.8e-203	704.9
BCW-201236_02288	gnl|TC-DB|L8A802|2.A.8.1.10	66.8	434	134	2	2	433	3	428	3.6e-148	521.2
BCW-201236_02290	gnl|TC-DB|P24183|5.A.3.2.1	83.1	195	33	0	1	195	1	195	4.9e-97	350.1
BCW-201236_02291	gnl|TC-DB|P24183|5.A.3.2.1	77.5	803	180	1	1	803	213	1014	0.0e+00	1344.3
BCW-201236_02292	gnl|TC-DB|P0AAJ3|5.A.3.2.1	78.7	291	62	0	1	291	1	291	8.3e-147	516.2
BCW-201236_02293	gnl|TC-DB|P0AEK7|5.A.3.2.1	43.4	212	118	1	1	210	1	212	2.1e-53	205.3
BCW-201236_02298	gnl|TC-DB|Q81JL2|9.B.33.1.1	29.3	587	377	8	6	563	2	579	2.1e-68	256.5
BCW-201236_02304	gnl|TC-DB|Q9HWU4|1.B.11.3.7	33.5	825	511	17	33	847	22	818	2.2e-112	403.3
BCW-201236_02307	gnl|TC-DB|P36640|3.A.3.4.1	53.2	859	374	7	43	899	68	900	6.8e-258	886.7
BCW-201236_02312	gnl|TC-DB|P0AFJ7|2.A.20.1.1	74.1	499	126	2	1	496	1	499	3.5e-208	720.7
BCW-201236_02313	gnl|TC-DB|Q9KDT3|2.A.22.5.3	36.5	436	272	5	3	433	10	445	5.0e-73	271.6
BCW-201236_02314	gnl|TC-DB|P0A8S5|9.B.4.1.1	82.0	111	20	0	1	111	1	111	6.3e-49	189.5
BCW-201236_02339	gnl|TC-DB|Q9Z625|1.B.12.1.3	42.4	1134	405	12	46	1156	47	955	1.2e-171	600.5
BCW-201236_02342	gnl|TC-DB|B7LEG0|1.A.34.1.2	58.8	376	107	6	2	329	4	379	3.9e-94	341.3
BCW-201236_02349	gnl|TC-DB|P08839|8.A.7.1.1	35.2	580	355	10	175	742	2	572	2.2e-84	310.1
BCW-201236_02353	gnl|TC-DB|L5DDD7|2.A.109.2.3	52.0	229	108	1	3	229	371	599	4.1e-61	231.1
BCW-201236_02356	gnl|TC-DB|P0A9T4|8.A.5.1.5	78.6	346	74	0	1	346	1	346	1.6e-162	568.5
BCW-201236_02357	gnl|TC-DB|P39196|2.A.1.42.1	70.5	393	116	0	1	393	1	393	6.1e-150	526.9
BCW-201236_02358	gnl|TC-DB|P31119|4.C.1.1.16	69.9	715	215	0	1	715	1	715	6.1e-302	1032.7
BCW-201236_02359	gnl|TC-DB|P0AEY8|2.A.1.2.19	79.3	405	84	0	1	405	1	405	4.7e-182	633.6
BCW-201236_02360	gnl|TC-DB|P37669|9.B.97.1.1	52.3	331	158	0	1	331	1	331	4.9e-97	350.9
BCW-201236_02364	gnl|TC-DB|P0AGF4|2.A.1.1.3	80.1	487	97	0	1	487	1	487	2.4e-225	777.7
BCW-201236_02367	gnl|TC-DB|P76298|1.A.104.1.1	44.9	679	358	6	21	697	25	689	1.7e-152	536.2
BCW-201236_02368	gnl|TC-DB|P40727|3.A.6.2.1	35.0	354	220	3	4	351	5	354	2.5e-49	192.6
BCW-201236_02371	gnl|TC-DB|P54700|3.A.6.2.1	48.1	241	120	3	10	247	4	242	1.0e-46	183.3
BCW-201236_02372	gnl|TC-DB|P26419|3.A.6.2.1	37.3	126	70	2	2	127	8	124	1.3e-11	65.9
BCW-201236_02374	gnl|TC-DB|Q9KN48|3.A.23.1.1	40.2	311	175	6	33	332	211	521	1.2e-53	206.8
BCW-201236_02379	gnl|TC-DB|P26465|3.A.6.2.1	52.1	426	189	5	23	435	29	452	1.8e-115	412.5
BCW-201236_02411	gnl|TC-DB|P09348|1.A.30.1.1	33.9	277	183	0	4	280	4	280	3.8e-45	178.3
BCW-201236_02412	gnl|TC-DB|P0AF06|1.A.30.1.1	34.1	305	156	8	5	297	2	273	8.8e-35	144.1
BCW-201236_02418	gnl|TC-DB|P17583|2.A.1.17.1	71.9	385	107	1	10	394	1	384	2.5e-156	548.1
BCW-201236_02420	gnl|TC-DB|P31435|2.A.2.3.4	78.4	454	97	1	1	454	1	453	1.3e-199	692.2
BCW-201236_02425	gnl|TC-DB|P69795|4.A.3.2.1	87.7	106	13	0	1	106	1	106	2.4e-45	177.6
BCW-201236_02426	gnl|TC-DB|C4X745|4.A.3.2.7	90.0	452	45	0	1	452	1	452	1.3e-217	751.9
BCW-201236_02427	gnl|TC-DB|P69791|4.A.3.2.1	79.1	115	24	0	1	115	1	115	7.5e-45	176.0
BCW-201236_02440	gnl|TC-DB|P0AAD8|2.A.42.2.2	81.6	440	80	1	2	440	3	442	1.4e-200	695.3
BCW-201236_02447	gnl|TC-DB|P60061|2.A.3.2.5	92.9	439	31	0	1	439	1	439	8.7e-230	792.3
BCW-201236_02453	gnl|TC-DB|M3JA40|1.B.52.2.1	58.2	67	25	1	344	410	276	339	4.1e-13	72.8
BCW-201236_02455	gnl|TC-DB|W0WLZ1|3.A.1.5.39	53.7	521	239	2	22	541	16	535	7.6e-172	600.1
BCW-201236_02456	gnl|TC-DB|W0WN20|3.A.1.5.39	67.0	339	109	1	1	339	1	336	2.6e-125	444.9
BCW-201236_02457	gnl|TC-DB|W0WMS8|3.A.1.5.39	51.7	300	142	1	1	300	4	300	1.6e-83	305.8
BCW-201236_02458	gnl|TC-DB|P45095|3.A.1.5.27	76.9	324	75	0	1	324	1	324	1.4e-144	508.8
BCW-201236_02459	gnl|TC-DB|P45094|3.A.1.5.27	76.8	323	74	1	6	327	5	327	3.0e-142	501.1
BCW-201236_02465	gnl|TC-DB|P37653|4.D.3.1.6	70.4	862	241	6	2	857	6	859	0.0e+00	1298.9
BCW-201236_02466	gnl|TC-DB|P37652|4.D.3.1.6	64.5	777	264	3	13	777	1	777	5.8e-298	1019.6
BCW-201236_02467	gnl|TC-DB|P37651|4.D.3.1.6	62.4	370	131	3	21	390	6	367	5.2e-138	487.3
BCW-201236_02468	gnl|TC-DB|P37650|1.B.55.3.1	57.3	1174	480	5	5	1175	2	1157	0.0e+00	1236.1
BCW-201236_02470	gnl|TC-DB|P0A830|2.A.23.1.7	87.8	417	51	0	1	417	1	417	1.7e-198	688.3
BCW-201236_02475	gnl|TC-DB|P37645|9.B.121.1.1	60.0	690	265	4	1	683	1	686	1.4e-247	852.0
BCW-201236_02477	gnl|TC-DB|A6TAG3|1.E.43.1.1	89.0	82	9	0	1	82	1	82	2.0e-36	147.5
BCW-201236_02480	gnl|TC-DB|P77389|2.A.1.2.65	42.9	371	201	5	5	372	7	369	6.0e-70	261.2
BCW-201236_02482	gnl|TC-DB|P37642|9.B.126.1.1	67.8	323	100	1	5	323	12	334	6.5e-118	420.2
BCW-201236_02489	gnl|TC-DB|P36837|2.A.17.1.3	80.8	489	93	1	1	489	1	488	1.6e-232	801.6
BCW-201236_02490	gnl|TC-DB|A8GDS6|3.A.1.14.16	71.8	262	69	1	12	273	5	261	2.1e-106	381.7
BCW-201236_02491	gnl|TC-DB|A8GDS7|3.A.1.14.16	75.5	327	80	0	3	329	4	330	4.4e-138	487.3
BCW-201236_02492	gnl|TC-DB|A8GDS8|3.A.1.14.16	64.1	276	94	2	2	276	4	275	1.5e-91	332.4
BCW-201236_02494	gnl|TC-DB|P31499|1.B.14.2.2	68.6	701	201	3	8	705	3	687	1.9e-287	984.6
BCW-201236_02502	gnl|TC-DB|P24520|4.B.1.1.1	71.4	238	68	0	1	238	1	238	5.3e-93	337.0
BCW-201236_02506	gnl|TC-DB|B2D7K2|3.A.23.1.1	37.2	514	307	4	7	506	4	515	3.3e-93	339.3
BCW-201236_02509	gnl|TC-DB|Q9HY55|4.A.2.1.17	28.8	424	217	14	384	781	552	916	8.8e-28	122.1
BCW-201236_02510	gnl|TC-DB|B1LE48|2.A.86.2.1	67.3	358	116	1	9	366	9	365	1.4e-132	469.2
BCW-201236_02514	gnl|TC-DB|Q9EYX5|1.A.35.4.1	51.9	324	156	0	7	330	4	327	9.9e-90	326.6
BCW-201236_02527	gnl|TC-DB|P77747|1.B.1.1.21	71.3	383	103	5	1	382	1	377	4.0e-151	530.8
BCW-201236_02528	gnl|TC-DB|P0AAK3|3.D.1.9.2	40.8	196	85	7	1	172	1	189	5.6e-31	132.5
BCW-201236_02530	gnl|TC-DB|P0AFV2|9.B.20.1.4	49.8	217	106	2	1	217	1	214	1.1e-52	203.0
BCW-201236_02544	gnl|TC-DB|Q93N33|2.A.21.9.2	29.7	259	154	6	178	423	758	1001	1.3e-17	87.4
BCW-201236_02548	gnl|TC-DB|P0AAE5|2.A.3.2.8	76.5	463	106	1	1	463	1	460	1.8e-193	671.8
BCW-201236_02550	gnl|TC-DB|P07001|3.D.2.1.1	82.0	510	91	1	1	509	1	510	4.2e-233	803.5
BCW-201236_02551	gnl|TC-DB|P0AB67|3.D.2.1.1	87.3	463	58	1	1	463	1	462	4.7e-223	770.0
BCW-201236_02557	gnl|TC-DB|Q9HT69|3.A.1.24.5	46.0	202	109	0	8	209	17	218	1.6e-43	172.6
BCW-201236_02558	gnl|TC-DB|O32169|3.A.1.24.2	47.3	313	160	2	51	360	2	312	7.6e-73	270.8
BCW-201236_02559	gnl|TC-DB|Q9HT68|3.A.1.24.5	36.4	231	146	1	11	241	5	234	3.7e-34	141.7
BCW-201236_02568	gnl|TC-DB|P31122|2.A.1.2.15	72.4	391	108	0	18	408	1	391	2.6e-148	521.5
BCW-201236_02569	gnl|TC-DB|M3JA40|1.B.52.2.1	57.6	66	28	0	438	503	289	354	8.7e-12	68.6
BCW-201236_02570	gnl|TC-DB|O85763|3.A.1.17.2	41.5	294	169	1	346	636	18	311	1.5e-65	247.3
BCW-201236_02574	gnl|TC-DB|Q6SJ76|2.A.7.3.67	39.6	270	160	3	2	268	7	276	4.1e-44	174.9
BCW-201236_02585	gnl|TC-DB|P96712|2.A.1.3.50	31.9	480	306	3	15	474	14	492	1.5e-65	246.9
BCW-201236_02586	gnl|TC-DB|Q74FY6|5.B.3.1.1	43.0	291	156	3	173	454	34	323	9.3e-62	234.2
BCW-201236_02587	gnl|TC-DB|Q8FHC1|2.A.49.5.3	65.2	411	142	1	18	428	1	410	7.7e-135	476.9
BCW-201236_02591	gnl|TC-DB|P43531|2.A.1.36.1	74.2	388	100	0	37	424	26	413	2.8e-153	538.1
BCW-201236_02597	gnl|TC-DB|P19642|4.A.1.1.3	80.3	522	102	1	1	522	1	521	4.0e-242	833.6
BCW-201236_02602	gnl|TC-DB|P39836|2.A.28.3.4	67.8	320	102	1	9	328	7	325	7.8e-111	396.7
BCW-201236_02605	gnl|TC-DB|P0AE26|3.A.1.2.2	85.8	330	45	1	1	330	1	328	3.4e-138	487.6
BCW-201236_02606	gnl|TC-DB|P0AAF3|3.A.1.2.2	76.6	500	117	0	1	500	1	500	4.2e-225	776.9
BCW-201236_02607	gnl|TC-DB|P02924|3.A.1.2.2	88.3	326	38	0	1	326	1	326	1.7e-166	581.6
BCW-201236_02611	gnl|TC-DB|p0aa70|2.A.7.3.22	77.2	290	66	0	4	293	2	291	7.9e-123	436.4
BCW-201236_02614	gnl|TC-DB|P0A766|3.D.6.1.4	87.5	192	24	0	1	192	1	192	2.5e-85	311.2
BCW-201236_02615	gnl|TC-DB|P77223|3.D.6.1.4	73.0	196	48	1	1	196	1	191	2.5e-64	241.5
BCW-201236_02616	gnl|TC-DB|P77611|3.D.6.1.4	60.8	571	220	3	1	569	1	569	8.3e-171	597.0
BCW-201236_02617	gnl|TC-DB|P76182|3.D.6.1.4	69.2	351	106	2	1	350	1	350	3.0e-137	484.6
BCW-201236_02618	gnl|TC-DB|P77285|3.D.6.1.4	61.5	205	78	1	1	205	1	204	8.1e-69	256.5
BCW-201236_02619	gnl|TC-DB|P77179|3.D.6.1.4	75.7	230	54	1	1	228	1	230	3.3e-92	334.3
BCW-201236_02621	gnl|TC-DB|P77304|2.A.17.1.2	77.3	503	111	1	1	503	1	500	6.9e-220	759.6
BCW-201236_02624	gnl|TC-DB|P96878|2.A.53.3.12	34.7	170	104	2	26	189	571	739	7.4e-25	110.5
BCW-201236_02633	gnl|TC-DB|G4PZW1|8.A.48.1.1	57.7	78	33	0	1	78	1	78	1.8e-21	97.8
BCW-201236_02634	gnl|TC-DB|P46482|8.A.1.7.1	39.1	253	153	1	2	254	34	285	3.4e-45	178.3
BCW-201236_02635	gnl|TC-DB|Q8ZPN4|2.A.85.1.5	59.6	663	268	0	1	663	1	663	2.5e-233	804.7
BCW-201236_02647	gnl|TC-DB|B7L6M9|3.A.1.19.4	32.9	523	294	13	17	534	10	480	1.2e-52	204.1
BCW-201236_02648	gnl|TC-DB|B7L6N0|3.A.1.19.4	44.6	204	113	0	3	206	1	204	1.5e-43	172.6
BCW-201236_02650	gnl|TC-DB|P37597|2.A.1.2.62	62.8	384	139	2	1	382	1	382	7.1e-130	460.3
BCW-201236_02652	gnl|TC-DB|P23894|9.B.1.1.6	86.3	293	40	0	1	293	1	293	3.9e-138	487.3
BCW-201236_02653	gnl|TC-DB|P23865|9.B.174.1.2	78.2	670	143	3	1	669	1	668	3.3e-302	1033.5
BCW-201236_02658	gnl|TC-DB|B5Y0L3|1.B.1.1.18	64.1	387	128	5	6	387	1	381	8.2e-144	506.5
BCW-201236_02661	gnl|TC-DB|P77549|2.A.1.46.6	68.8	378	118	0	12	389	13	390	1.9e-140	495.4
BCW-201236_02671	gnl|TC-DB|Q4KDN4|9.B.62.1.5	33.0	303	165	12	8	292	6	288	4.9e-24	108.2
BCW-201236_02674	gnl|TC-DB|F4MY44|1.B.1.1.16	78.9	370	75	2	1	370	1	367	2.3e-172	601.3
BCW-201236_02678	gnl|TC-DB|G9YAK2|8.B.24.3.2	87.4	119	15	0	1	119	1	119	1.3e-55	211.8
BCW-201236_02690	gnl|TC-DB|Q72XQ0|4.A.3.2.8	45.2	431	227	3	4	425	1	431	5.9e-95	344.4
BCW-201236_02693	gnl|TC-DB|Q9KSH5|4.A.3.2.6	55.0	100	45	0	1	100	1	100	1.3e-24	108.6
BCW-201236_02694	gnl|TC-DB|Q9KSH3|4.A.3.2.6	52.9	102	47	1	1	102	1	101	2.1e-22	101.3
BCW-201236_02696	gnl|TC-DB|L5DDD7|2.A.109.2.3	48.4	531	257	8	1	519	370	895	1.6e-118	422.9
BCW-201236_02697	gnl|TC-DB|P69797|4.A.6.1.1	82.6	322	53	1	1	319	1	322	4.7e-137	483.8
BCW-201236_02698	gnl|TC-DB|P69801|4.A.6.1.1	86.1	266	36	1	1	265	1	266	3.2e-115	411.0
BCW-201236_02699	gnl|TC-DB|P69805|4.A.6.1.1	86.1	287	36	1	1	287	4	286	1.4e-137	485.3
BCW-201236_02701	gnl|TC-DB|P76264|2.A.107.1.1	75.1	185	46	0	1	185	1	185	3.8e-78	287.3
BCW-201236_02707	gnl|TC-DB|Q07711|3.A.7.7.1	25.2	555	363	16	102	622	101	637	1.6e-30	131.3
BCW-201236_02725	gnl|TC-DB|P75788|2.A.45.2.5	57.5	355	151	0	15	369	12	366	3.8e-98	354.8
BCW-201236_02726	gnl|TC-DB|B8F896|3.A.1.3.28	45.3	256	138	2	2	255	3	258	1.3e-57	219.5
BCW-201236_02727	gnl|TC-DB|P42200|3.A.1.3.14	55.4	213	94	1	19	230	19	231	5.0e-56	214.2
BCW-201236_02729	gnl|TC-DB|P31435|2.A.2.3.4	38.7	444	267	4	16	458	3	442	2.6e-80	295.8
BCW-201236_02741	gnl|TC-DB|P0A915|1.B.39.1.6	61.0	213	81	2	1	212	1	212	3.4e-75	277.7
BCW-201236_02744	gnl|TC-DB|P71997|2.A.53.4.2	38.7	522	318	2	8	528	9	529	2.2e-95	346.3
BCW-201236_02747	gnl|TC-DB|P02929|2.C.1.1.1	53.6	84	39	0	140	223	156	239	1.7e-21	99.4
BCW-201236_02752	gnl|TC-DB|Q1D027|1.A.1.24.3	41.3	264	149	2	10	273	14	271	7.8e-43	170.6
BCW-201236_02758	gnl|TC-DB|Q57399|3.A.1.14.11	47.1	223	114	3	1	221	1	221	2.0e-50	195.7
BCW-201236_02759	gnl|TC-DB|Q57130|3.A.1.14.11	54.1	331	149	1	7	334	7	337	6.5e-89	323.9
BCW-201236_02760	gnl|TC-DB|E3GUW2|3.A.1.14.11	63.0	341	125	1	12	352	7	346	6.0e-125	443.7
BCW-201236_02767	gnl|TC-DB|P0AEY1|2.A.95.1.1	83.7	221	36	0	1	221	1	221	2.5e-97	351.3
BCW-201236_02768	gnl|TC-DB|P37327|1.A.16.4.1	70.5	278	82	0	13	290	7	284	1.6e-110	395.6
BCW-201236_02771	gnl|TC-DB|P0C0L7|2.A.1.6.4	78.9	498	105	0	3	500	2	499	6.0e-232	799.7
BCW-201236_02772	gnl|TC-DB|P07021|1.B.6.1.21	53.1	147	67	2	17	161	14	160	3.3e-38	154.5
BCW-201236_02773	gnl|TC-DB|P76330|9.B.34.1.4	30.2	162	105	4	248	402	394	554	2.4e-13	73.2
BCW-201236_02778	gnl|TC-DB|Q2FD83|2.A.7.1.11	52.9	104	49	0	6	109	1	104	8.0e-23	102.8
BCW-201236_02780	gnl|TC-DB|M3JA40|1.B.52.2.1	28.7	181	115	3	332	498	280	460	8.6e-13	71.6
BCW-201236_02810	gnl|TC-DB|C5W790|2.A.1.3.36	30.9	343	220	7	5	343	12	341	6.5e-36	147.9
BCW-201236_02811	gnl|TC-DB|Q9KIH3|2.A.1.3.18	34.1	490	322	1	6	494	19	508	6.6e-77	284.6
BCW-201236_02812	gnl|TC-DB|P23910|2.A.1.2.14	25.3	383	282	3	1	381	1	381	1.7e-24	110.2
BCW-201236_02821	gnl|TC-DB|P23481|3.D.1.9.1	55.8	197	81	2	1	197	1	191	1.6e-61	232.3
BCW-201236_02822	gnl|TC-DB|P23482|3.D.1.9.1	61.1	673	259	2	1	671	1	672	1.1e-223	772.7
BCW-201236_02823	gnl|TC-DB|P77858|3.D.1.9.1	73.4	304	81	0	13	316	12	315	1.1e-119	426.0
BCW-201236_02824	gnl|TC-DB|P77416|3.D.1.9.1	73.6	478	126	0	2	479	1	478	7.6e-200	693.0
BCW-201236_02825	gnl|TC-DB|P0AEW1|3.D.1.9.1	69.0	216	67	0	1	216	1	216	3.3e-70	261.2
BCW-201236_02826	gnl|TC-DB|P77437|3.D.1.9.1	75.5	493	120	1	5	496	4	496	3.9e-197	684.1
BCW-201236_02827	gnl|TC-DB|P77329|3.D.1.9.1	78.1	576	105	3	4	579	1	555	3.7e-273	936.8
BCW-201236_02828	gnl|TC-DB|P77423|3.D.1.9.1	59.0	166	68	0	1	166	1	166	3.0e-40	161.4
BCW-201236_02829	gnl|TC-DB|P77668|3.D.1.9.1	70.5	241	68	1	13	253	10	247	3.6e-95	344.4
BCW-201236_02831	gnl|TC-DB|Q9KN48|3.A.23.1.1	47.2	235	124	0	350	584	193	427	3.6e-54	209.5
BCW-201236_02832	gnl|TC-DB|P0AC23|1.A.16.1.1	69.6	280	84	1	1	279	1	280	1.1e-108	389.4
BCW-201236_02838	gnl|TC-DB|P0AAP1|9.B.34.1.2	30.5	167	110	2	189	351	205	369	6.7e-20	94.7
BCW-201236_02846	gnl|TC-DB|P76417|2.A.1.10.4	65.7	408	138	2	10	416	6	412	4.4e-151	530.8
BCW-201236_02861	gnl|TC-DB|P75958|3.A.1.125.1	76.0	412	99	0	3	414	2	413	4.8e-174	607.1
BCW-201236_02862	gnl|TC-DB|P75957|3.A.1.125.1	74.9	231	58	0	9	239	3	233	2.8e-94	341.3
BCW-201236_02863	gnl|TC-DB|P0ADC3|3.A.1.125.1	73.0	400	106	2	1	399	1	399	4.0e-154	540.8
BCW-201236_02867	gnl|TC-DB|P15078|2.A.114.1.1	60.7	675	259	3	8	677	8	681	3.7e-232	800.8
BCW-201236_02869	gnl|TC-DB|P15701|2.A.10.1.1	91.4	314	27	0	1	314	1	314	5.3e-152	533.5
BCW-201236_02877	gnl|TC-DB|P25396|2.A.16.1.1	69.1	307	93	1	1	307	16	320	4.5e-116	414.1
BCW-201236_02882	gnl|TC-DB|P0C0L7|2.A.1.6.4	50.8	463	222	3	31	489	3	463	1.0e-130	463.4
BCW-201236_02884	gnl|TC-DB|P0AFS5|2.A.86.1.4	54.4	340	155	0	1	340	1	340	4.6e-98	354.4
BCW-201236_02892	gnl|TC-DB|Q5KYD1|2.A.17.1.7	38.8	513	287	9	1	504	1	495	2.8e-83	305.8
BCW-201236_02893	gnl|TC-DB|P0AA60|9.B.27.2.1	68.8	215	67	0	1	215	1	215	6.0e-83	303.5
BCW-201236_02895	gnl|TC-DB|P77389|2.A.1.2.65	41.1	375	220	1	21	394	8	382	1.0e-67	253.8
BCW-201236_02896	gnl|TC-DB|P0AC96|2.A.8.1.8	73.9	444	116	0	1	444	1	444	1.5e-181	632.1
BCW-201236_02906	gnl|TC-DB|P69786|4.A.1.1.1	92.0	477	38	0	1	477	1	477	1.0e-249	858.6
BCW-201236_02913	gnl|TC-DB|O80800|3.D.1.6.3	48.6	74	38	0	2	75	48	121	1.7e-11	64.7
BCW-201236_02926	gnl|TC-DB|P77279|3.A.1.139.2	51.1	221	106	1	1	219	1	221	1.7e-58	222.2
BCW-201236_02927	gnl|TC-DB|P77307|3.A.1.139.2	76.6	252	59	0	1	252	1	252	3.7e-97	350.9
BCW-201236_02931	gnl|TC-DB|P60844|1.A.8.3.1	84.4	231	36	0	1	231	1	231	6.6e-109	389.8
BCW-201236_02932	gnl|TC-DB|P0AEA2|1.B.48.1.1	79.2	274	57	0	1	274	1	274	4.6e-125	443.7
BCW-201236_02933	gnl|TC-DB|P0AE98|1.B.48.1.1	61.3	137	52	1	1	136	1	137	2.9e-43	171.0
BCW-201236_02934	gnl|TC-DB|P0AE95|1.B.48.1.1	58.9	129	53	0	1	129	1	129	1.6e-40	161.8
BCW-201236_02939	gnl|TC-DB|P07117|2.A.21.2.1	83.4	489	81	0	2	490	3	491	2.9e-231	797.3
BCW-201236_02941	gnl|TC-DB|P37774|3.A.1.3.10	79.4	248	51	0	1	248	1	248	3.7e-108	387.5
BCW-201236_02955	gnl|TC-DB|P15928|3.A.6.2.1	62.2	550	200	1	24	573	17	558	6.3e-185	643.7
BCW-201236_02957	gnl|TC-DB|P15934|3.A.6.2.1	62.2	127	48	0	123	249	106	232	1.1e-40	163.3
BCW-201236_02958	gnl|TC-DB|P26465|3.A.6.2.1	83.1	455	73	2	1	452	1	454	2.3e-214	741.1
BCW-201236_02963	gnl|TC-DB|P26419|3.A.6.2.1	74.5	141	32	2	1	141	1	137	6.2e-49	189.9
BCW-201236_02964	gnl|TC-DB|P0A1L1|3.A.6.2.1	45.5	123	59	3	5	124	4	121	1.5e-17	85.5
BCW-201236_02965	gnl|TC-DB|P54700|3.A.6.2.1	82.4	244	43	0	5	248	2	245	2.0e-103	371.7
BCW-201236_02966	gnl|TC-DB|P0A1L5|3.A.6.2.1	75.3	89	22	0	1	89	1	89	3.1e-30	127.1
BCW-201236_02967	gnl|TC-DB|P54702|3.A.6.2.1	64.0	258	93	0	1	258	1	258	1.7e-89	325.5
BCW-201236_02970	gnl|TC-DB|Q15HU6|3.A.7.14.2	39.1	156	88	3	138	290	33	184	2.0e-23	106.3
BCW-201236_02983	gnl|TC-DB|P76298|1.A.104.1.1	83.5	690	113	1	1	689	1	690	0.0e+00	1104.0
BCW-201236_02984	gnl|TC-DB|P40727|3.A.6.2.1	60.5	382	151	0	1	382	1	382	7.8e-131	463.4
BCW-201236_02988	gnl|TC-DB|P31545|2.A.108.2.3	72.8	416	105	3	2	414	12	422	1.9e-178	621.7
BCW-201236_02989	gnl|TC-DB|P0AB24|2.A.108.2.3	74.7	371	92	2	6	374	5	375	5.8e-155	543.5
BCW-201236_02990	gnl|TC-DB|P75901|2.A.108.2.3	76.1	272	65	0	1	272	1	272	4.9e-114	407.1
BCW-201236_02995	gnl|TC-DB|Q8Z3V7|3.A.1.28.1	54.2	216	97	2	1	214	1	216	3.0e-63	238.0
BCW-201236_02996	gnl|TC-DB|Q8Z3V8|3.A.1.28.1	45.6	193	103	1	33	223	33	225	5.5e-38	154.5
BCW-201236_02997	gnl|TC-DB|Q8Z3V9|3.A.1.28.1	45.9	194	103	2	41	233	31	223	7.8e-36	147.1
BCW-201236_02998	gnl|TC-DB|Q8XGV9|3.A.1.28.1	62.6	190	71	0	4	193	3	192	2.4e-43	171.8
BCW-201236_03005	gnl|TC-DB|P08956|3.A.17.1.1	43.2	1191	625	17	8	1171	3	1168	5.2e-226	781.2
BCW-201236_03010	gnl|TC-DB|P69451|4.C.1.1.4	24.1	478	288	17	45	487	49	486	2.1e-23	107.1
BCW-201236_03018	gnl|TC-DB|L8CW92|2.A.66.12.6	76.4	444	104	1	1	444	6	448	1.4e-187	652.1
BCW-201236_03022	gnl|TC-DB|P0AFJ7|2.A.20.1.1	81.1	498	94	0	1	498	1	498	2.8e-229	790.8
BCW-201236_03023	gnl|TC-DB|P02925|3.A.1.2.1	27.4	234	137	5	69	286	29	245	1.4e-14	77.0
BCW-201236_03025	gnl|TC-DB|P45428|2.A.61.1.2	30.5	456	307	5	38	490	2	450	2.2e-56	216.5
BCW-201236_03039	gnl|TC-DB|P75905|4.D.1.1.3	38.1	97	60	0	2	98	73	169	4.7e-12	68.6
BCW-201236_03040	gnl|TC-DB|P37746|2.A.66.2.1	33.7	404	267	1	4	406	8	411	1.1e-58	223.8
BCW-201236_03041	gnl|TC-DB|L5DDD7|2.A.109.2.3	70.6	528	153	2	1	527	370	896	8.1e-211	729.6
BCW-201236_03042	gnl|TC-DB|P0ABP3|2.A.61.1.1	86.6	448	60	0	2	449	5	452	3.2e-208	720.7
BCW-201236_03043	gnl|TC-DB|P28249|9.B.22.2.1	42.8	624	346	5	1	620	1	617	1.0e-143	506.9
BCW-201236_03046	gnl|TC-DB|A0L4L0|3.A.1.132.3	44.4	250	133	3	103	351	85	329	3.1e-52	202.2
BCW-201236_03048	gnl|TC-DB|P17315|1.B.14.1.4	70.3	664	180	7	5	654	3	663	4.6e-280	959.9
BCW-201236_03049	gnl|TC-DB|Q9RCF3|3.A.1.14.6	37.6	237	143	3	5	237	21	256	3.1e-38	155.2
BCW-201236_03050	gnl|TC-DB|A8GDS7|3.A.1.14.16	34.3	332	210	3	30	360	8	332	9.5e-46	180.6
BCW-201236_03052	gnl|TC-DB|P25737|2.A.3.1.2	88.1	480	57	0	9	488	5	484	1.1e-246	848.6
BCW-201236_03056	gnl|TC-DB|P62723|2.A.98.1.3	64.4	340	113	3	19	358	13	344	1.2e-109	392.9
BCW-201236_03058	gnl|TC-DB|P20966|4.A.2.1.1	76.8	557	127	2	1	555	1	557	2.9e-206	714.5
BCW-201236_03060	gnl|TC-DB|P69811|4.A.2.1.1	69.2	377	115	1	1	377	1	376	6.5e-138	486.9
BCW-201236_03062	gnl|TC-DB|P0AEQ3|3.A.1.3.2	87.1	248	31	1	1	247	1	248	8.6e-123	436.0
BCW-201236_03063	gnl|TC-DB|P0AEQ6|3.A.1.3.2	84.2	222	32	1	1	222	1	219	1.9e-100	361.7
BCW-201236_03064	gnl|TC-DB|P10346|3.A.1.3.2	85.8	240	34	0	1	240	1	240	1.9e-114	408.3
BCW-201236_03065	gnl|TC-DB|P75783|1.A.23.3.2	48.1	697	358	3	41	735	46	740	1.5e-178	622.9
BCW-201236_03069	gnl|TC-DB|P33913|3.A.1.5.21	66.6	589	196	1	16	604	10	597	1.6e-247	851.7
BCW-201236_03070	gnl|TC-DB|P0AFU1|3.A.1.5.21	80.8	364	70	0	1	364	1	364	4.2e-166	580.5
BCW-201236_03071	gnl|TC-DB|P33915|3.A.1.5.21	71.5	337	96	0	2	338	3	339	3.7e-140	494.2
BCW-201236_03072	gnl|TC-DB|P33916|3.A.1.5.21	72.4	525	144	1	9	532	5	529	4.3e-212	733.8
BCW-201236_03076	gnl|TC-DB|P28246|2.A.1.2.7	68.4	395	125	0	1	395	1	395	1.2e-153	539.3
BCW-201236_03087	gnl|TC-DB|P45420|1.B.11.5.1	32.2	828	508	20	13	823	2	793	1.2e-107	387.5
BCW-201236_03093	gnl|TC-DB|P30130|1.B.11.3.9	46.6	874	434	9	8	874	31	878	1.7e-226	782.3
BCW-201236_03098	gnl|TC-DB|D4ZZR3|9.B.34.1.3	28.9	329	212	7	68	376	65	391	9.8e-25	110.9
BCW-201236_03099	gnl|TC-DB|O00571|1.I.1.1.3	42.3	388	204	6	43	410	181	568	1.1e-71	267.3
BCW-201236_03100	gnl|TC-DB|Q9I2M0|3.A.1.109.4	41.5	369	213	3	17	383	26	393	6.8e-74	274.2
BCW-201236_03101	gnl|TC-DB|Q9I2M1|3.A.1.109.4	37.3	649	396	6	58	704	70	709	2.7e-116	416.0
BCW-201236_03106	gnl|TC-DB|P75777|3.A.1.105.15	50.2	299	149	0	29	327	29	327	5.1e-70	261.2
BCW-201236_03107	gnl|TC-DB|P0A9U1|3.A.1.105.15	74.1	571	148	0	8	578	6	576	2.9e-246	847.4
BCW-201236_03108	gnl|TC-DB|C6EIY9|3.A.1.105.15	80.1	371	74	0	11	381	7	377	2.2e-162	568.2
BCW-201236_03109	gnl|TC-DB|P0AFP9|3.A.1.105.15	82.0	373	61	1	1	373	1	367	5.2e-172	600.1
BCW-201236_03119	gnl|TC-DB|P77308|3.A.1.5.38	44.4	322	178	1	25	346	14	334	2.3e-65	245.7
BCW-201236_03120	gnl|TC-DB|W0WMS8|3.A.1.5.39	43.7	261	141	1	16	270	36	296	1.1e-54	209.9
BCW-201236_03121	gnl|TC-DB|P45095|3.A.1.5.27	44.0	257	136	4	9	257	2	258	6.6e-50	194.1
BCW-201236_03122	gnl|TC-DB|P42065|3.A.1.5.20	44.4	207	106	3	23	222	36	240	1.6e-44	176.0
BCW-201236_03123	gnl|TC-DB|P0AAC4|1.A.14.2.2	74.6	236	58	1	1	236	1	234	2.4e-90	328.2
BCW-201236_03133	gnl|TC-DB|P0AAD4|2.A.42.1.1	78.1	383	84	0	1	383	21	403	1.2e-168	589.0
BCW-201236_03135	gnl|TC-DB|Q8XE01|1.B.68.1.1	60.8	181	70	1	1	181	8	187	3.1e-61	231.1
BCW-201236_03148	gnl|TC-DB|T2K766|3.D.7.2.3	36.7	139	86	2	4	140	7	145	1.5e-22	102.4
BCW-201236_03149	gnl|TC-DB|T2K7N8|3.D.7.2.3	44.2	595	289	11	3	566	17	599	5.0e-142	501.1
BCW-201236_03151	gnl|TC-DB|P0AAJ3|5.A.3.2.1	27.8	306	163	11	39	327	30	294	4.8e-28	121.7
BCW-201236_03152	gnl|TC-DB|P31884|3.D.7.2.2	48.2	303	153	2	7	307	2	302	2.2e-77	285.8
BCW-201236_03154	gnl|TC-DB|P0AA78|2.A.1.14.2	43.7	407	228	1	16	421	42	448	9.0e-99	357.1
BCW-201236_03159	gnl|TC-DB|Q46863|3.A.1.5.41	70.9	529	154	0	7	535	7	535	1.1e-228	788.9
BCW-201236_03160	gnl|TC-DB|Q93HR7|2.A.66.1.7	39.1	435	264	1	2	436	1	434	9.3e-83	303.9
BCW-201236_03165	gnl|TC-DB|P0AFF0|3.D.1.1.1	79.0	490	98	1	1	490	1	485	8.6e-215	742.7
BCW-201236_03166	gnl|TC-DB|P0AFE8|3.D.1.1.1	86.7	510	64	2	1	507	1	509	4.6e-256	879.8
BCW-201236_03167	gnl|TC-DB|P33607|3.D.1.1.1	80.2	616	118	2	1	615	1	613	1.8e-278	954.5
BCW-201236_03168	gnl|TC-DB|P0AFE4|3.D.1.1.1	71.0	100	29	0	1	100	1	100	1.6e-27	118.2
BCW-201236_03169	gnl|TC-DB|P0AFE0|3.D.1.1.1	73.4	192	43	1	1	192	1	184	4.4e-66	247.3
BCW-201236_03170	gnl|TC-DB|P0AFD6|3.D.1.1.1	96.1	180	7	0	1	180	1	180	5.9e-89	323.2
BCW-201236_03171	gnl|TC-DB|P0AFD4|3.D.1.1.1	89.2	325	35	0	1	325	1	325	1.0e-168	589.0
BCW-201236_03172	gnl|TC-DB|P33602|3.D.1.1.1	76.0	912	212	2	1	910	1	907	0.0e+00	1434.5
BCW-201236_03173	gnl|TC-DB|P31979|3.D.1.1.1	87.4	443	53	2	11	453	6	445	1.5e-237	818.1
BCW-201236_03174	gnl|TC-DB|P0AFD1|3.D.1.1.1	84.3	166	26	0	1	166	1	166	4.2e-81	297.0
BCW-201236_03175	gnl|TC-DB|P33599|3.D.1.1.1	89.3	599	60	2	1	598	1	596	0.0e+00	1128.2
BCW-201236_03176	gnl|TC-DB|P0AFC7|3.D.1.1.1	91.5	224	15	1	1	224	1	220	2.8e-120	427.6
BCW-201236_03177	gnl|TC-DB|P0AFC3|3.D.1.1.1	78.2	147	30	1	6	152	2	146	1.2e-58	222.2
BCW-201236_03179	gnl|TC-DB|P76221|9.B.27.1.2	48.0	221	113	1	9	227	14	234	6.9e-50	193.7
BCW-201236_03186	gnl|TC-DB|P0AFU2|2.A.47.4.8	71.1	610	176	0	1	610	1	610	4.7e-247	850.1
BCW-201236_03194	gnl|TC-DB|B7LDR9|4.A.7.1.2	62.0	410	155	1	12	421	10	418	1.2e-146	516.2
BCW-201236_03195	gnl|TC-DB|B7LDS2|4.A.7.1.2	40.7	91	52	1	1	89	1	91	5.9e-13	69.7
BCW-201236_03196	gnl|TC-DB|B7LDS1|4.A.7.1.2	45.6	147	80	0	1	147	1	147	1.2e-34	142.5
BCW-201236_03200	gnl|TC-DB|B7LBF5|1.A.12.3.2	60.0	210	84	0	1	210	1	210	6.9e-68	253.4
BCW-201236_03204	gnl|TC-DB|P02915|3.A.1.3.1	85.6	257	37	0	1	257	2	258	5.3e-123	436.8
BCW-201236_03205	gnl|TC-DB|P0AEU3|3.A.1.3.29	84.9	238	36	0	1	238	1	238	2.4e-114	407.9
BCW-201236_03206	gnl|TC-DB|P0A2I9|3.A.1.3.1	77.6	228	51	0	1	228	1	228	4.1e-95	344.0
BCW-201236_03207	gnl|TC-DB|P0AEU0|3.A.1.3.29	76.2	260	62	0	1	260	1	260	3.8e-113	404.1
BCW-201236_03210	gnl|TC-DB|P08550|9.B.160.1.16	80.6	160	31	0	1	160	1	160	7.2e-68	253.1
BCW-201236_03214	gnl|TC-DB|P0ABP6|9.B.27.2.3	86.2	218	30	0	1	218	1	218	1.6e-104	375.2
BCW-201236_03222	gnl|TC-DB|O33918|5.A.1.5.1	49.6	684	273	7	1	674	2	623	9.1e-183	636.7
BCW-201236_03233	gnl|TC-DB|P0AD30|2.A.102.3.1	72.9	258	70	0	9	266	10	267	1.8e-105	378.6
BCW-201236_03237	gnl|TC-DB|C8UN36|9.B.156.1.1	88.9	153	17	0	1	153	1	153	6.2e-71	263.1
BCW-201236_03238	gnl|TC-DB|P39379|9.A.5.4.2	82.4	205	35	1	16	220	16	219	1.3e-88	322.4
BCW-201236_03247	gnl|TC-DB|P10384|1.B.9.1.1	71.2	448	119	2	1	440	1	446	5.7e-186	646.7
BCW-201236_03248	gnl|TC-DB|P76506|3.A.1.27.3	72.6	252	67	1	1	252	1	250	5.8e-106	380.2
BCW-201236_03252	gnl|TC-DB|P33927|9.B.14.1.3	73.5	641	163	1	1	641	1	634	3.0e-279	957.2
BCW-201236_03254	gnl|TC-DB|P0ABM7|3.A.1.107.3	56.5	69	30	0	1	69	1	69	7.3e-15	75.9
BCW-201236_03255	gnl|TC-DB|P0ABM1|9.B.14.2.3	78.9	242	51	0	1	242	1	242	1.1e-114	409.1
BCW-201236_03256	gnl|TC-DB|P0ABM0|3.A.1.107.3	77.6	219	49	0	1	219	2	220	1.7e-66	248.8
BCW-201236_03257	gnl|TC-DB|Q8XE58|3.A.1.107.3	57.1	198	82	2	1	198	3	197	1.6e-58	222.2
BCW-201236_03263	gnl|TC-DB|P11922|1.B.54.1.2	32.7	679	409	14	144	805	130	777	1.9e-91	335.5
BCW-201236_03269	gnl|TC-DB|P77272|4.A.1.2.7	61.1	483	177	4	1	482	1	473	1.5e-158	555.8
BCW-201236_03271	gnl|TC-DB|P76249|2.A.76.1.5	61.6	211	77	2	1	209	1	209	3.0e-68	254.6
BCW-201236_03274	gnl|TC-DB|Q83XH1|3.A.1.121.4	47.7	526	274	1	1	526	1	525	2.8e-142	501.9
BCW-201236_03281	gnl|TC-DB|M3JA40|1.B.52.2.1	43.9	114	59	2	318	430	253	362	1.5e-13	74.3
BCW-201236_03285	gnl|TC-DB|P31125|2.A.7.3.2	58.6	290	118	1	1	290	1	288	5.7e-92	334.0
BCW-201236_03290	gnl|TC-DB|P0A756|2.A.37.1.2	42.7	150	86	0	3	152	7	156	2.0e-28	122.1
BCW-201236_03303	gnl|TC-DB|P09833|3.A.1.8.1	70.1	351	105	0	1	351	1	351	1.6e-138	488.8
BCW-201236_03304	gnl|TC-DB|P0AF01|3.A.1.8.1	74.1	228	59	0	1	228	1	228	7.3e-92	333.2
BCW-201236_03305	gnl|TC-DB|P37329|3.A.1.8.1	69.4	255	77	1	4	257	1	255	1.4e-91	332.4
BCW-201236_03306	gnl|TC-DB|A6T6J1|2.A.6.2.49	81.6	49	9	0	1	49	1	49	4.5e-15	75.9
BCW-201236_03308	gnl|TC-DB|Q73JF3|3.A.1.31.2	24.4	471	307	14	23	473	28	469	8.4e-21	98.2
BCW-201236_03318	gnl|TC-DB|P0AAF1|2.A.3.2.1	86.3	439	59	1	1	439	1	438	2.5e-213	737.6
BCW-201236_03335	gnl|TC-DB|P11551|2.A.1.7.1	83.1	433	71	1	1	431	1	433	2.9e-206	714.1
BCW-201236_03338	gnl|TC-DB|P0AET5|9.B.36.1.1	45.0	189	104	0	1	189	1	189	3.4e-42	167.9
BCW-201236_03339	gnl|TC-DB|P37662|2.A.1.11.3	76.2	349	80	1	8	356	5	350	8.0e-150	526.6
BCW-201236_03341	gnl|TC-DB|W9BH30|1.A.46.2.8	57.8	301	127	0	1	301	1	301	8.2e-99	356.7
BCW-201236_03344	gnl|TC-DB|P0ABK2|3.D.4.3.2	28.0	364	226	7	5	332	7	370	2.0e-34	142.9
BCW-201236_03354	gnl|TC-DB|P36655|5.A.1.1.1	67.8	565	179	2	1	564	1	563	5.8e-215	743.4
BCW-201236_03356	gnl|TC-DB|P0ABN5|2.A.13.1.1	89.4	433	46	0	1	433	1	433	4.4e-207	716.8
BCW-201236_03368	gnl|TC-DB|G2H2C1|1.E.53.1.8	73.5	49	13	0	1	49	20	68	9.6e-16	78.2
BCW-201236_03370	gnl|TC-DB|P0AAE8|2.A.3.2.2	83.1	431	73	0	1	431	1	431	4.1e-208	720.3
BCW-201236_03379	gnl|TC-DB|P24559|3.A.15.2.1	46.8	331	176	0	1	331	1	331	5.4e-83	304.3
BCW-201236_03381	gnl|TC-DB|P64564|9.A.4.1.2	56.8	192	71	2	1	184	1	188	2.0e-52	201.8
BCW-201236_03389	gnl|TC-DB|P69937|2.A.7.1.4	78.8	104	22	0	1	104	1	104	9.6e-39	155.6
BCW-201236_03393	gnl|TC-DB|P17596|3.D.10.1.3	28.8	222	149	6	5	219	3	222	3.0e-27	118.6
BCW-201236_03394	gnl|TC-DB|F9VN10|3.D.10.1.4	40.7	589	319	9	1	582	1	566	1.3e-111	400.2
BCW-201236_03396	gnl|TC-DB|P39285|1.A.23.1.3	67.7	1045	333	4	62	1104	58	1099	0.0e+00	1296.6
BCW-201236_03436	gnl|TC-DB|Q0PBV6|9.A.40.2.2	23.4	423	318	4	5	424	26	445	8.2e-39	157.9
BCW-201236_03438	gnl|TC-DB|P0ADE4|1.B.33.2.4	71.5	569	161	1	10	578	10	577	7.7e-247	849.4
BCW-201236_03439	gnl|TC-DB|P39321|9.B.22.1.2	57.3	1311	494	6	6	1307	6	1259	0.0e+00	1488.4
BCW-201236_03452	gnl|TC-DB|E1ILD8|2.A.7.3.18	77.8	302	67	0	5	306	3	304	4.3e-127	450.7
BCW-201236_03460	gnl|TC-DB|P25694|3.A.16.1.2	39.0	300	165	3	140	438	472	754	1.7e-56	217.2
BCW-201236_03463	gnl|TC-DB|P0AG99|3.A.5.1.1	75.7	111	26	1	1	111	1	110	1.2e-39	158.7
BCW-201236_03474	gnl|TC-DB|P38919|3.A.18.1.1	35.2	386	240	3	3	379	27	411	5.8e-62	235.3
BCW-201236_03475	gnl|TC-DB|P31064|9.B.102.1.1	81.9	403	71	1	1	403	1	401	2.6e-201	697.6
BCW-201236_03478	gnl|TC-DB|P42628|2.A.42.2.4	89.0	444	45	2	1	441	1	443	8.2e-217	749.2
BCW-201236_03494	gnl|TC-DB|P37774|3.A.1.3.10	32.6	227	138	7	7	229	4	219	9.7e-20	93.6
BCW-201236_03495	gnl|TC-DB|Q9F9T4|3.A.1.5.23	36.1	266	152	5	12	265	305	564	1.8e-36	149.4
BCW-201236_03501	gnl|TC-DB|P16683|3.A.1.9.1	88.8	250	28	0	15	264	10	259	1.2e-125	445.7
BCW-201236_03502	gnl|TC-DB|P16682|3.A.1.9.1	81.7	338	62	0	1	338	1	338	7.8e-159	556.2
BCW-201236_03503	gnl|TC-DB|P16677|3.A.1.9.1	78.3	253	55	0	2	254	3	255	1.8e-110	395.2
BCW-201236_03510	gnl|TC-DB|Q7URM2|2.A.7.30.1	29.0	290	181	9	10	282	14	295	8.9e-15	77.4
BCW-201236_03511	gnl|TC-DB|P42601|2.A.109.1.7	81.7	317	58	0	2	318	1	317	5.8e-143	503.4
BCW-201236_03513	gnl|TC-DB|P0ABT9|2.A.7.3.26	78.3	299	65	0	1	299	1	299	1.2e-129	459.1
BCW-201236_03531	gnl|TC-DB|P60782|9.B.31.1.1	82.6	201	35	0	1	201	1	201	1.1e-92	335.9
BCW-201236_03536	gnl|TC-DB|Q38954|2.A.20.2.4	40.2	423	236	4	10	415	156	578	1.1e-77	287.0
BCW-201236_03544	gnl|TC-DB|P39277|2.A.3.13.1	78.0	409	90	0	1	409	1	409	4.8e-182	633.6
BCW-201236_03547	gnl|TC-DB|P0A8H3|2.A.5.5.1	75.9	257	62	0	1	257	1	257	1.7e-92	335.5
BCW-201236_03549	gnl|TC-DB|P0AEY8|2.A.1.2.19	58.6	396	164	0	6	401	7	402	2.9e-128	454.9
BCW-201236_03553	gnl|TC-DB|P06971|1.B.14.1.2	34.5	754	440	17	8	724	11	747	1.1e-114	410.6
BCW-201236_03554	gnl|TC-DB|H0KI06|9.B.124.1.3	52.2	115	52	1	1	115	1	112	8.1e-29	122.9
BCW-201236_03556	gnl|TC-DB|D4ZZR3|9.B.34.1.3	31.4	322	184	12	43	350	97	395	1.5e-22	103.6
BCW-201236_03573	gnl|TC-DB|Q9KPL5|2.A.41.2.11	69.6	424	122	2	1	424	1	417	1.2e-153	539.3
BCW-201236_03578	gnl|TC-DB|P0AA78|2.A.1.14.2	84.1	429	68	0	1	429	41	469	1.4e-208	721.8
BCW-201236_03580	gnl|TC-DB|Q9PHZ4|1.A.43.1.11	47.9	119	59	2	6	123	4	120	3.3e-20	94.4
BCW-201236_03582	gnl|TC-DB|P0AA63|9.B.27.2.2	78.2	216	47	0	1	216	1	216	3.7e-96	347.4
BCW-201236_03586	gnl|TC-DB|P64585|1.E.34.2.1	64.1	131	47	0	3	133	2	132	3.3e-36	147.5
BCW-201236_03596	gnl|TC-DB|P0AEP1|2.A.1.1.1	83.6	457	75	0	11	467	6	462	9.0e-214	739.2
BCW-201236_03603	gnl|TC-DB|P24183|5.A.3.2.1	85.6	195	28	0	1	195	1	195	4.5e-98	353.6
BCW-201236_03604	gnl|TC-DB|P24183|5.A.3.2.1	87.0	802	104	0	1	802	213	1014	0.0e+00	1489.9
BCW-201236_03605	gnl|TC-DB|P0AAJ3|5.A.3.2.1	86.3	300	35	1	1	300	1	294	6.1e-163	569.7
BCW-201236_03606	gnl|TC-DB|P0AEK7|5.A.3.2.1	85.6	215	31	0	1	215	1	215	2.4e-108	387.9
BCW-201236_03613	gnl|TC-DB|P0C0S1|1.A.23.2.1	64.6	285	101	0	1	285	1	285	4.6e-83	304.3
BCW-201236_03614	gnl|TC-DB|P11667|2.A.75.1.2	72.9	203	55	0	1	203	1	203	1.4e-81	298.9
BCW-201236_03631	gnl|TC-DB|Q6LX42|2.A.25.1.3	43.9	460	233	8	1	455	1	440	7.6e-88	320.9
BCW-201236_03632	gnl|TC-DB|P67153|1.C.113.1.10	76.9	216	50	0	1	216	1	216	4.9e-90	327.0
BCW-201236_03633	gnl|TC-DB|P0A927|1.B.10.1.1	83.7	295	46	2	9	302	1	294	4.9e-152	533.5
BCW-201236_03650	gnl|TC-DB|Q5G3L7|3.A.7.19.1	30.5	187	112	5	1	172	9	192	5.0e-14	74.3
BCW-201236_03656	gnl|TC-DB|Q1J0W6|9.B.34.1.1	36.1	158	96	2	180	333	190	346	7.4e-24	107.8
BCW-201236_03661	gnl|TC-DB|P37653|4.D.3.1.6	47.5	653	336	4	3	652	148	796	2.0e-172	602.4
BCW-201236_03663	gnl|TC-DB|P37650|1.B.55.3.1	33.0	285	174	6	1043	1320	861	1135	2.1e-34	144.8
BCW-201236_03670	gnl|TC-DB|Q9KN48|3.A.23.1.1	38.5	366	202	7	351	700	169	527	6.0e-52	202.2
BCW-201236_03672	gnl|TC-DB|M3JA40|1.B.52.2.1	60.0	60	24	0	354	413	283	342	9.6e-13	71.6
BCW-201236_03673	gnl|TC-DB|M3JA40|1.B.52.2.1	55.1	69	31	0	374	442	283	351	7.5e-13	72.0
BCW-201236_03681	gnl|TC-DB|L0LHM3|2.A.7.31.3	38.2	283	167	4	1	280	1	278	9.1e-44	173.7
BCW-201236_03684	gnl|TC-DB|P31801|2.A.19.1.1	81.1	359	67	1	10	368	8	365	5.6e-150	526.9
BCW-201236_03685	gnl|TC-DB|E4PCL6|9.B.27.2.7	42.5	186	106	1	3	188	2	186	1.0e-38	156.4
BCW-201236_03686	gnl|TC-DB|Q32AY2|3.A.1.14.18	74.6	319	77	1	13	331	2	316	1.2e-130	462.6
BCW-201236_03688	gnl|TC-DB|Q32AX9|3.A.1.14.18	59.6	275	107	2	3	276	58	329	7.3e-86	313.5
BCW-201236_03689	gnl|TC-DB|P17315|1.B.14.1.4	26.0	603	318	25	36	594	28	546	1.5e-26	117.9
BCW-201236_03692	gnl|TC-DB|C4PAW9|2.A.1.3.43	40.6	480	280	3	7	483	4	481	1.6e-91	333.2
BCW-201236_03694	gnl|TC-DB|Q52398|1.A.26.1.4	55.2	335	144	3	5	334	19	352	1.2e-95	346.3
BCW-201236_03697	gnl|TC-DB|P80874|8.A.5.1.4	35.0	160	83	6	3	142	4	162	6.2e-16	81.3
BCW-201236_03702	gnl|TC-DB|Q8GD02|3.A.7.15.1	40.1	137	80	2	1	136	1	136	3.5e-15	77.8
BCW-201236_03704	gnl|TC-DB|Q8GD00|9.A.47.1.1	38.7	452	252	5	32	469	20	460	3.0e-92	335.5
BCW-201236_03706	gnl|TC-DB|Q8GCZ9|3.A.7.15.1	34.7	337	212	6	1	335	1	331	2.2e-53	206.1
BCW-201236_03707	gnl|TC-DB|Q9XC06|3.A.7.15.1	64.5	414	147	0	11	424	10	423	2.6e-151	531.6
BCW-201236_03708	gnl|TC-DB|Q9XC05|3.A.7.15.1	36.1	288	183	1	3	289	7	294	1.3e-48	189.9
BCW-201236_03709	gnl|TC-DB|Q9S4A8|9.A.47.1.1	32.9	280	179	4	1	272	5	283	1.4e-36	149.8
BCW-201236_03710	gnl|TC-DB|Q9S4A7|9.A.47.1.1	38.5	239	139	2	4	234	3	241	2.2e-41	165.6
BCW-201236_03726	gnl|TC-DB|P76555|9.B.75.2.1	63.1	249	74	3	1	249	1	231	2.0e-82	302.0
BCW-201236_03734	gnl|TC-DB|P41796|9.A.28.1.1	86.3	408	51	1	1	408	1	403	7.3e-191	662.9
BCW-201236_03740	gnl|TC-DB|Q52716|3.D.6.1.1	35.1	279	159	5	13	282	135	400	4.0e-33	139.0
BCW-201236_03745	gnl|TC-DB|Q2FD83|2.A.7.1.11	50.9	108	52	1	4	111	2	108	1.2e-23	105.5
BCW-201236_03750	gnl|TC-DB|C5W790|2.A.1.3.36	49.5	384	191	1	3	383	1	384	7.6e-102	367.1
BCW-201236_03751	gnl|TC-DB|C5W789|2.A.1.3.36	69.1	502	153	2	2	502	9	509	8.6e-194	672.9
BCW-201236_03752	gnl|TC-DB|P0AA50|2.A.69.3.5	64.6	311	110	0	1	311	1	311	3.3e-106	381.3
BCW-201236_03756	gnl|TC-DB|O05703|3.A.1.15.3	52.3	174	83	0	43	216	328	501	4.7e-48	187.6
BCW-201236_03757	gnl|TC-DB|Q9Z6M8|2.A.3.2.7	49.5	489	241	3	15	503	3	485	1.4e-132	469.5
BCW-201236_03759	gnl|TC-DB|Q9Z6M8|2.A.3.2.7	46.5	477	255	0	11	487	8	484	4.5e-123	438.0
BCW-201236_03761	gnl|TC-DB|P16552|2.A.1.5.2	41.6	373	213	4	31	398	33	405	4.3e-74	275.0
BCW-201236_03791	gnl|TC-DB|P61320|1.B.46.1.1	64.2	201	72	0	5	205	7	207	5.1e-76	280.4
BCW-201236_03799	gnl|TC-DB|P11922|1.B.54.1.2	36.2	497	281	13	32	514	58	532	3.7e-75	278.9
BCW-201236_03800	gnl|TC-DB|A1JRS3|2.A.53.3.9	80.4	562	110	0	1	562	1	562	1.9e-226	781.6
BCW-201236_03807	gnl|TC-DB|Q5P8C0|3.A.3.32.1	38.6	679	414	3	11	687	12	689	2.8e-126	449.1
BCW-201236_03811	gnl|TC-DB|B7L6M8|3.A.1.19.4	52.2	364	171	2	32	392	23	386	2.1e-110	395.6
BCW-201236_03812	gnl|TC-DB|P36837|2.A.17.1.3	27.4	492	344	7	1	487	1	484	3.1e-47	186.0
BCW-201236_03817	gnl|TC-DB|P69367|2.A.1.2.21	75.6	398	97	0	1	398	1	398	2.3e-173	604.7
BCW-201236_03821	gnl|TC-DB|P0AF16|2.A.66.4.3	83.4	499	83	0	1	499	13	511	3.8e-234	807.0
BCW-201236_03825	gnl|TC-DB|P67826|9.B.158.1.2	56.8	236	102	0	3	238	4	239	6.0e-79	290.4
BCW-201236_03828	gnl|TC-DB|P15993|2.A.3.1.3	70.9	447	130	0	5	451	6	452	1.2e-181	632.5
BCW-201236_03838	gnl|TC-DB|P39832|3.A.1.15.5	78.5	260	56	0	1	260	1	260	5.8e-101	363.6
BCW-201236_03839	gnl|TC-DB|P0A9X1|3.A.1.15.5	80.7	243	47	0	12	254	3	245	1.2e-111	399.1
BCW-201236_03840	gnl|TC-DB|P39172|3.A.1.15.5	56.5	336	120	2	1	336	1	310	9.1e-99	356.7
BCW-201236_03841	gnl|TC-DB|B7L5V2|1.A.34.1.3	38.1	210	124	2	200	409	14	217	5.3e-38	155.2
BCW-201236_03850	gnl|TC-DB|P69213|2.A.7.1.9	74.5	110	28	0	2	111	3	112	4.2e-37	150.6
BCW-201236_03851	gnl|TC-DB|P69210|2.A.7.1.9	81.7	109	20	0	1	109	1	109	1.6e-44	174.9
BCW-201236_03858	gnl|TC-DB|P69451|4.C.1.1.4	79.9	552	111	0	17	568	1	552	4.0e-264	906.7
BCW-201236_03867	gnl|TC-DB|P0A6M2|5.A.2.1.1	71.0	176	51	0	1	176	1	176	6.2e-75	276.6
BCW-201236_03868	gnl|TC-DB|P0AFA7|2.A.34.1.1	68.2	513	161	2	1	513	1	511	3.5e-190	661.0
BCW-201236_03875	gnl|TC-DB|P31442|2.A.1.2.9	30.4	378	251	5	3	378	8	375	1.9e-34	143.3
BCW-201236_03880	gnl|TC-DB|P02932|1.B.1.1.2	66.0	368	107	5	1	367	1	351	2.4e-137	485.0
BCW-201236_03881	gnl|TC-DB|Q50614|3.A.1.203.4	34.3	583	347	8	5	559	41	615	1.1e-83	307.4
BCW-201236_03884	gnl|TC-DB|P0A908|9.B.99.1.2	53.6	248	114	1	1	247	1	248	4.3e-74	274.2
BCW-201236_03895	gnl|TC-DB|Q07711|3.A.7.7.1	29.0	621	402	17	3	610	4	598	6.8e-71	265.0
BCW-201236_03909	gnl|TC-DB|P25743|2.A.95.1.7	80.8	214	41	0	1	214	1	214	1.7e-87	318.5
BCW-201236_03910	gnl|TC-DB|P06202|3.A.1.5.1	75.4	545	132	1	1	545	1	543	1.7e-251	864.8
BCW-201236_03911	gnl|TC-DB|P08005|3.A.1.5.1	91.2	306	27	0	1	306	1	306	1.3e-141	498.8
BCW-201236_03912	gnl|TC-DB|P0AFH6|3.A.1.5.41	89.7	302	31	0	1	302	1	302	1.3e-136	482.3
BCW-201236_03913	gnl|TC-DB|P76027|3.A.1.5.41	88.5	323	37	0	5	327	14	336	2.8e-161	564.3
BCW-201236_03914	gnl|TC-DB|P08007|3.A.1.5.1	90.6	329	31	0	4	332	6	334	2.8e-177	617.5
BCW-201236_03921	gnl|TC-DB|P0AFK9|3.A.1.11.1	83.4	355	51	2	1	354	1	348	3.5e-178	620.5
BCW-201236_03922	gnl|TC-DB|P0AAE8|2.A.3.2.2	71.0	431	125	0	9	439	1	431	1.2e-181	632.5
BCW-201236_03925	gnl|TC-DB|P13036|1.B.14.1.20	71.7	771	213	2	16	786	9	774	0.0e+00	1156.4
BCW-201236_03926	gnl|TC-DB|P0AFK6|3.A.1.11.1	91.0	256	23	0	1	256	1	256	5.9e-122	433.3
BCW-201236_03927	gnl|TC-DB|P0AFK4|3.A.1.11.1	81.1	275	52	0	12	286	1	275	2.8e-125	444.5
BCW-201236_03928	gnl|TC-DB|P69874|3.A.1.11.1	82.6	367	62	1	11	377	12	376	5.7e-174	606.7
BCW-201236_03932	gnl|TC-DB|P80874|8.A.5.1.4	29.3	208	124	6	1	189	6	209	2.5e-14	75.9
BCW-201236_03936	gnl|TC-DB|P0AAH8|3.A.1.5.42	78.2	266	58	0	1	266	2	267	1.7e-116	415.2
BCW-201236_03937	gnl|TC-DB|P0AAH4|3.A.1.5.42	83.0	329	56	0	1	329	1	329	5.0e-166	580.1
BCW-201236_03938	gnl|TC-DB|P0AGH5|3.A.1.5.42	68.6	296	93	0	1	296	1	296	1.5e-108	389.0
BCW-201236_03939	gnl|TC-DB|P0A2J3|3.A.1.5.5	78.5	321	69	0	1	321	1	321	1.5e-138	488.8
BCW-201236_03940	gnl|TC-DB|Q47622|3.A.1.5.42	77.2	544	119	1	26	569	5	543	6.9e-251	862.8
BCW-201236_03941	gnl|TC-DB|Q9KN48|3.A.23.1.1	35.8	341	200	5	8	334	193	528	8.9e-46	180.6
BCW-201236_03942	gnl|TC-DB|E8XKQ3|9.B.100.1.1	66.7	219	73	0	1	219	1	219	1.9e-68	255.4
BCW-201236_03950	gnl|TC-DB|Q9KN48|3.A.23.1.1	44.0	225	126	0	207	431	193	417	1.1e-45	181.0
BCW-201236_03954	gnl|TC-DB|P77348|3.A.1.5.1	72.9	528	142	1	11	538	11	537	1.9e-231	798.1
BCW-201236_03962	gnl|TC-DB|P37340|2.A.66.1.3	75.5	457	111	1	1	456	1	457	7.8e-194	672.9
BCW-201236_03967	gnl|TC-DB|P76269|2.A.1.3.17	70.1	451	135	0	7	457	7	457	3.1e-174	607.8
BCW-201236_03969	gnl|TC-DB|P77529|2.A.23.1.8	84.2	462	73	0	1	462	1	462	2.8e-207	717.6
BCW-201236_03976	gnl|TC-DB|P0AAD6|2.A.42.2.1	51.6	415	199	2	14	426	13	427	1.4e-117	419.5
BCW-201236_03978	gnl|TC-DB|P33594|3.A.1.5.3	29.9	197	119	3	18	195	29	225	6.2e-15	77.4
BCW-201236_03979	gnl|TC-DB|F0TFT0|3.A.1.5.32	32.8	232	140	7	21	240	23	250	5.9e-24	107.8
BCW-201236_03980	gnl|TC-DB|P26904|3.A.1.5.2	31.2	218	149	1	46	262	94	311	6.9e-25	110.9
BCW-201236_03981	gnl|TC-DB|W0WN20|3.A.1.5.39	32.9	295	180	4	40	318	23	315	4.6e-34	141.7
BCW-201236_03982	gnl|TC-DB|P33590|3.A.1.5.3	25.0	356	232	8	60	394	54	395	1.2e-23	107.8
BCW-201236_03983	gnl|TC-DB|P64591|9.B.124.1.2	56.8	118	51	0	1	118	1	118	4.8e-40	160.2
BCW-201236_03989	gnl|TC-DB|F4MY44|1.B.1.1.16	57.6	382	147	5	1	382	1	367	4.2e-124	441.0
BCW-201236_03998	gnl|TC-DB|P06609|3.A.1.13.1	67.1	325	101	3	16	338	3	323	4.4e-117	417.5
BCW-201236_03999	gnl|TC-DB|P06611|3.A.1.13.1	48.2	249	125	1	14	262	5	249	4.8e-63	237.7
BCW-201236_04001	gnl|TC-DB|P77757|4.D.2.1.8	77.3	308	70	0	14	321	7	314	3.4e-138	487.6
BCW-201236_04004	gnl|TC-DB|G8LJX5|9.B.142.2.2	55.0	540	236	4	11	547	13	548	3.7e-166	581.3
BCW-201236_04005	gnl|TC-DB|Q47377|2.A.7.22.1	50.0	110	52	2	1	110	1	107	8.3e-20	92.8
BCW-201236_04006	gnl|TC-DB|P76474|2.A.7.22.1	37.0	119	74	1	4	122	2	119	1.4e-13	72.4
