BCW-200154_00001	gnl|TC-DB|O00571|1.I.1.1.3	44.2	380	197	4	2	366	181	560	8.0e-77	284.3
BCW-200154_00014	gnl|TC-DB|P23865|9.B.174.1.2	39.2	717	369	12	8	705	4	672	8.7e-123	437.6
BCW-200154_00029	gnl|TC-DB|Q9AAZ6|1.B.14.12.2	32.1	924	546	21	4	885	5	889	2.4e-106	383.3
BCW-200154_00031	gnl|TC-DB|A1S4V0|2.A.1.7.9	44.9	425	206	7	17	421	17	433	2.6e-82	302.4
BCW-200154_00037	gnl|TC-DB|Q8ZJY5|2.A.114.1.10	67.0	704	205	5	2	683	5	703	1.5e-268	921.8
BCW-200154_00040	gnl|TC-DB|P60844|1.A.8.3.1	67.1	231	69	2	3	233	1	224	2.4e-77	285.0
BCW-200154_00045	gnl|TC-DB|B2GH49|9.B.160.1.10	34.2	161	95	5	125	281	217	370	3.6e-14	76.3
BCW-200154_00071	gnl|TC-DB|Q7W0C9|1.B.12.9.2	30.9	833	467	32	60	842	50	823	3.6e-60	229.9
BCW-200154_00093	gnl|TC-DB|D1F3T8|2.A.1.3.42	35.9	835	528	5	23	851	33	866	1.7e-133	473.4
BCW-200154_00100	gnl|TC-DB|G3XCT7|2.A.1.25.5	30.6	585	241	7	11	433	4	585	8.2e-60	227.6
BCW-200154_00105	gnl|TC-DB|P03959|3.A.3.7.1	36.8	570	331	9	4	565	9	557	4.8e-92	335.1
BCW-200154_00106	gnl|TC-DB|P03960|3.A.3.7.1	59.9	676	256	5	18	682	7	678	2.1e-203	705.3
BCW-200154_00107	gnl|TC-DB|Q1M607|3.A.3.7.2	45.6	182	94	3	29	208	6	184	1.7e-29	125.9
BCW-200154_00110	gnl|TC-DB|P52067|2.A.1.35.1	61.4	391	151	0	5	395	13	403	2.4e-130	461.8
BCW-200154_00113	gnl|TC-DB|P0A6Y8|1.A.33.1.2	73.0	640	170	3	1	639	1	638	5.7e-259	889.8
BCW-200154_00114	gnl|TC-DB|P38523|3.A.8.1.1	31.5	124	78	1	50	166	97	220	1.1e-12	69.7
BCW-200154_00138	gnl|TC-DB|B2FLY6|2.A.6.2.14	97.2	472	13	0	2	473	1	472	3.2e-251	863.6
BCW-200154_00140	gnl|TC-DB|B2FLY4|2.A.6.2.14	95.0	1056	53	0	1	1056	1	1056	0.0e+00	1924.8
BCW-200154_00141	gnl|TC-DB|B2FLY3|2.A.6.2.14	93.5	356	23	0	52	407	36	391	7.8e-137	483.4
BCW-200154_00145	gnl|TC-DB|K1GHE1|9.B.186.1.2	50.4	139	69	0	90	228	72	210	8.6e-32	133.7
BCW-200154_00162	gnl|TC-DB|P10121|3.A.5.1.1	54.8	303	129	3	136	432	192	492	5.3e-83	304.7
BCW-200154_00166	gnl|TC-DB|P75957|3.A.1.125.1	56.3	231	95	1	1	231	1	225	6.9e-69	256.9
BCW-200154_00167	gnl|TC-DB|P0ADC3|3.A.1.125.1	35.2	420	244	10	1	413	1	399	1.5e-55	213.4
BCW-200154_00170	gnl|TC-DB|X5GWN5|3.D.10.1.6	63.8	260	87	5	1	259	1	254	1.6e-95	345.5
BCW-200154_00171	gnl|TC-DB|X5H3P0|3.D.10.1.6	65.3	597	204	3	1	596	3	597	4.1e-235	810.4
BCW-200154_00176	gnl|TC-DB|P77481|3.A.1.1.46	52.5	356	168	1	1	356	1	355	6.7e-100	360.5
BCW-200154_00195	gnl|TC-DB|P15729|2.A.1.1.32	48.3	464	236	4	10	472	8	468	4.8e-114	407.9
BCW-200154_00196	gnl|TC-DB|Q8EXV0|3.D.1.9.3	47.7	88	46	0	1	88	1	88	3.5e-20	94.0
BCW-200154_00203	gnl|TC-DB|913616792|9.B.143.3.2	38.6	145	80	4	16	152	21	164	7.7e-14	73.9
BCW-200154_00205	gnl|TC-DB|P76103|2.A.46.1.9	51.9	374	180	0	16	389	9	382	1.8e-98	355.9
BCW-200154_00219	gnl|TC-DB|P46482|8.A.1.7.1	38.8	291	175	3	1	290	1	289	4.1e-50	194.9
BCW-200154_00220	gnl|TC-DB|Q9HY88|2.A.6.2.34	34.9	476	283	9	13	478	11	469	2.8e-48	189.5
BCW-200154_00221	gnl|TC-DB|E0LV84|2.A.85.1.4	27.4	679	467	9	7	665	6	678	1.3e-59	227.6
BCW-200154_00223	gnl|TC-DB|Q6MDD6|3.A.7.16.1	26.3	445	250	8	156	592	329	703	9.5e-25	111.7
BCW-200154_00226	gnl|TC-DB|P63386|3.A.1.27.3	49.6	254	127	1	1	253	1	254	3.7e-63	238.0
BCW-200154_00227	gnl|TC-DB|P64606|3.A.1.27.3	46.1	245	132	0	4	248	14	258	1.7e-54	209.1
BCW-200154_00228	gnl|TC-DB|P64604|3.A.1.27.3	36.7	169	97	4	9	172	7	170	2.8e-19	91.7
BCW-200154_00238	gnl|TC-DB|P76249|2.A.76.1.5	39.1	202	122	1	5	205	6	207	7.0e-33	137.1
BCW-200154_00240	gnl|TC-DB|P77735|8.A.5.1.6	37.3	338	180	8	6	333	3	318	5.4e-49	191.4
BCW-200154_00242	gnl|TC-DB|Q8R706|2.A.3.3.22	42.4	476	257	5	3	475	9	470	7.0e-89	324.3
BCW-200154_00245	gnl|TC-DB|P42601|2.A.109.1.7	57.1	308	132	0	1	308	1	308	8.3e-94	340.1
BCW-200154_00250	gnl|TC-DB|P25714|2.A.9.3.1	40.3	481	274	8	74	547	54	528	1.0e-94	344.0
BCW-200154_00260	gnl|TC-DB|Q1DE42|1.A.30.2.6	32.1	159	101	2	91	242	59	217	9.1e-11	63.9
BCW-200154_00261	gnl|TC-DB|Q1D0D2|1.A.30.2.7	39.4	132	73	3	6	134	4	131	2.4e-16	81.6
BCW-200154_00262	gnl|TC-DB|Q1D0D2|1.A.30.2.7	36.2	130	78	2	6	135	7	131	6.9e-13	70.1
BCW-200154_00270	gnl|TC-DB|P76115|1.B.14.9.5	42.2	715	378	16	4	704	5	698	1.5e-148	523.1
BCW-200154_00278	gnl|TC-DB|Q9KN48|3.A.23.1.1	38.3	308	147	6	339	607	215	518	1.4e-41	167.5
BCW-200154_00281	gnl|TC-DB|Q9AAZ6|1.B.14.12.2	26.1	921	562	32	48	920	40	889	1.9e-66	250.8
BCW-200154_00289	gnl|TC-DB|Q8ZKS0|2.A.56.1.5	39.2	424	252	4	6	425	11	432	9.5e-77	283.9
BCW-200154_00301	gnl|TC-DB|Q84HG2|1.B.14.8.6	25.1	598	361	24	35	608	29	563	2.5e-19	94.0
BCW-200154_00305	gnl|TC-DB|O68106|3.A.1.23.8	39.6	235	128	4	12	244	16	238	1.2e-29	126.7
BCW-200154_00310	gnl|TC-DB|D8HIS0|9.B.106.2.2	30.7	329	155	11	63	353	205	498	4.0e-23	106.7
BCW-200154_00318	gnl|TC-DB|P77223|3.D.6.1.4	53.3	105	48	1	6	109	35	139	1.7e-27	118.6
BCW-200154_00325	gnl|TC-DB|B2FPS5|2.A.88.8.5	93.9	261	16	0	1	261	1	261	1.2e-135	478.8
BCW-200154_00326	gnl|TC-DB|A2BTW4|9.B.150.1.3	31.6	209	125	4	14	214	20	218	4.8e-19	91.3
BCW-200154_00330	gnl|TC-DB|D4ZZR3|9.B.34.1.3	38.6	158	93	3	378	533	236	391	5.2e-19	92.4
BCW-200154_00342	gnl|TC-DB|P18275|2.A.3.2.3	58.8	478	189	2	14	483	5	482	8.6e-151	530.0
BCW-200154_00343	gnl|TC-DB|G0LBU8|1.B.14.6.11	38.8	188	95	6	33	206	182	363	8.0e-20	95.9
BCW-200154_00358	gnl|TC-DB|O59010|2.A.23.1.5	34.4	395	225	8	44	424	49	423	3.2e-51	199.1
BCW-200154_00364	gnl|TC-DB|G0K0M9|9.B.153.3.16	85.4	432	60	1	1	429	1	432	1.0e-171	599.4
BCW-200154_00365	gnl|TC-DB|Q9KN48|3.A.23.1.1	46.1	241	129	1	148	387	193	433	2.1e-53	206.5
BCW-200154_00366	gnl|TC-DB|Q15HU6|3.A.7.14.2	37.9	132	73	6	137	261	196	325	8.5e-15	77.4
BCW-200154_00367	gnl|TC-DB|Q15HU6|3.A.7.14.2	33.6	131	74	5	58	176	201	330	1.5e-12	69.3
BCW-200154_00369	gnl|TC-DB|P42107|9.B.169.1.1	36.7	420	218	12	7	401	3	399	1.0e-51	200.7
BCW-200154_00371	gnl|TC-DB|P0ABG7|2.A.103.1.2	45.7	348	184	2	12	354	16	363	1.2e-80	296.6
BCW-200154_00373	gnl|TC-DB|P0ABG7|2.A.103.1.2	46.7	347	182	2	19	362	16	362	3.2e-81	298.5
BCW-200154_00376	gnl|TC-DB|P16926|9.B.157.1.3	36.1	316	186	4	8	309	3	316	3.6e-43	172.2
BCW-200154_00377	gnl|TC-DB|P0A9X4|9.B.157.1.3	76.7	348	80	1	1	348	1	347	2.1e-151	531.6
BCW-200154_00390	gnl|TC-DB|Q9F239|2.A.6.2.42	92.8	461	33	0	1	461	6	466	1.2e-231	798.5
BCW-200154_00391	gnl|TC-DB|Q9F240|2.A.6.2.42	94.8	1040	54	0	1	1040	1	1040	0.0e+00	1892.5
BCW-200154_00392	gnl|TC-DB|Q9F241|2.A.6.2.42	89.5	391	41	0	1	391	1	391	7.2e-172	599.7
BCW-200154_00406	gnl|TC-DB|Q9HT69|3.A.1.24.5	59.0	212	87	0	18	229	14	225	1.4e-58	222.6
BCW-200154_00407	gnl|TC-DB|Q9HT70|3.A.1.24.5	74.0	335	86	1	1	334	1	335	2.4e-136	481.5
BCW-200154_00408	gnl|TC-DB|O25832|2.A.7.28.9	26.7	285	187	7	11	280	9	286	2.2e-11	66.2
BCW-200154_00425	gnl|TC-DB|O31711|3.A.1.122.2	48.6	218	112	0	3	220	1	218	6.1e-57	217.2
BCW-200154_00427	gnl|TC-DB|O31712|3.A.1.122.2	22.9	414	282	10	2	402	6	395	2.9e-11	66.2
BCW-200154_00429	gnl|TC-DB|Q9KN48|3.A.23.1.1	41.6	243	130	4	172	402	211	453	1.1e-40	164.1
BCW-200154_00436	gnl|TC-DB|P0A6E6|3.A.2.1.1	46.3	136	73	0	3	138	4	139	9.5e-26	112.8
BCW-200154_00437	gnl|TC-DB|P0ABB4|3.A.2.1.1	80.5	466	83	2	1	464	1	460	3.4e-213	737.3
BCW-200154_00438	gnl|TC-DB|P0ABA6|3.A.2.1.1	58.7	288	117	2	1	287	1	287	6.3e-93	337.0
BCW-200154_00439	gnl|TC-DB|P0ABB0|3.A.2.1.1	74.2	511	132	0	5	515	3	513	1.2e-214	742.3
BCW-200154_00440	gnl|TC-DB|P0ABA4|3.A.2.1.1	39.8	176	102	2	1	173	1	175	5.0e-24	107.5
BCW-200154_00442	gnl|TC-DB|P68699|3.A.2.1.1	53.7	67	31	0	18	84	11	77	1.5e-12	68.6
BCW-200154_00443	gnl|TC-DB|P0AB98|3.A.2.1.1	45.7	276	131	5	1	262	1	271	4.0e-62	234.6
BCW-200154_00452	gnl|TC-DB|Q9HT68|3.A.1.24.5	63.6	264	92	1	1	264	1	260	7.4e-88	320.1
BCW-200154_00464	gnl|TC-DB|Q9KN48|3.A.23.1.1	36.4	401	222	8	101	493	153	528	1.0e-53	207.6
BCW-200154_00469	gnl|TC-DB|P15928|3.A.6.2.1	35.4	577	323	16	3	548	1	558	2.3e-75	279.6
BCW-200154_00472	gnl|TC-DB|P26465|3.A.6.2.1	57.0	446	182	2	19	454	4	449	2.7e-133	471.9
BCW-200154_00477	gnl|TC-DB|P26419|3.A.6.2.1	52.5	99	47	0	12	110	37	135	3.7e-25	110.5
BCW-200154_00479	gnl|TC-DB|P54700|3.A.6.2.1	54.1	246	106	2	12	256	4	243	1.9e-56	215.7
BCW-200154_00481	gnl|TC-DB|P54702|3.A.6.2.1	36.1	233	147	2	23	255	18	248	2.9e-28	122.1
BCW-200154_00483	gnl|TC-DB|P40727|3.A.6.2.1	39.1	361	218	1	5	363	4	364	2.1e-67	252.7
BCW-200154_00484	gnl|TC-DB|P40729|3.A.6.2.1	52.6	682	310	3	19	699	20	689	1.2e-188	656.4
BCW-200154_00491	gnl|TC-DB|P28611|1.A.30.1.3	40.5	252	137	2	1	245	1	246	4.7e-44	174.5
BCW-200154_00492	gnl|TC-DB|P28612|1.A.30.1.3	25.7	272	175	4	3	273	6	251	2.1e-23	106.3
BCW-200154_00500	gnl|TC-DB|Q8R706|2.A.3.3.22	42.7	459	252	4	17	475	23	470	1.0e-95	347.1
BCW-200154_00501	gnl|TC-DB|Q8R706|2.A.3.3.22	48.1	462	215	8	33	489	29	470	4.4e-110	394.8
BCW-200154_00510	gnl|TC-DB|Q2FD71|2.A.6.2.40	42.9	385	208	3	10	382	12	396	2.2e-72	269.2
BCW-200154_00511	gnl|TC-DB|W9BHF5|2.A.6.2.49	60.9	1022	398	2	1	1021	1	1021	0.0e+00	1166.8
BCW-200154_00517	gnl|TC-DB|D4ZZR3|9.B.34.1.3	31.5	168	109	3	422	584	225	391	3.8e-16	83.6
BCW-200154_00522	gnl|TC-DB|Q7MV19|9.A.8.1.6	33.8	727	348	13	10	615	127	841	6.6e-103	371.3
BCW-200154_00544	gnl|TC-DB|A3QE50|8.A.59.4.2	38.5	221	123	2	157	364	176	396	8.0e-35	144.4
BCW-200154_00547	gnl|TC-DB|P69451|4.C.1.1.4	59.9	553	219	3	3	554	1	551	7.0e-189	656.8
BCW-200154_00551	gnl|TC-DB|Q4ZLW8|2.A.15.1.3	51.9	507	237	3	1	506	1	501	2.9e-144	508.4
BCW-200154_00565	gnl|TC-DB|M3JA40|1.B.52.2.1	54.2	72	33	0	573	644	280	351	1.1e-12	72.0
BCW-200154_00611	gnl|TC-DB|P69937|2.A.7.1.4	59.6	104	42	0	1	104	1	104	5.3e-29	123.2
BCW-200154_00632	gnl|TC-DB|O80800|3.D.1.6.3	48.7	78	40	0	2	79	48	125	1.5e-12	68.2
BCW-200154_00644	gnl|TC-DB|Q01674|1.B.14.1.17	22.8	734	506	20	10	712	7	710	1.7e-38	157.5
BCW-200154_00646	gnl|TC-DB|F2WVP9|2.A.1.60.3	84.0	376	60	0	1	376	1	376	8.4e-170	592.8
BCW-200154_00652	gnl|TC-DB|P96668|2.A.7.3.24	61.3	287	111	0	16	302	1	287	1.3e-93	339.3
BCW-200154_00655	gnl|TC-DB|Q93N33|2.A.21.9.2	27.8	255	165	7	209	453	763	1008	2.7e-13	73.2
BCW-200154_00657	gnl|TC-DB|Q67GM1|2.A.6.2.4	46.2	366	191	2	19	384	13	372	2.3e-85	312.4
BCW-200154_00658	gnl|TC-DB|Q8GKU1|2.A.6.2.4	68.2	1027	325	2	1	1026	1	1026	0.0e+00	1311.2
BCW-200154_00669	gnl|TC-DB|P24559|3.A.15.2.1	79.1	339	71	0	1	339	1	339	3.8e-153	537.3
BCW-200154_00670	gnl|TC-DB|Q51532|3.A.15.2.1	66.9	369	122	0	15	383	1	369	5.5e-148	520.4
BCW-200154_00672	gnl|TC-DB|P63144|8.A.5.1.3	30.7	326	202	10	1	310	71	388	8.1e-28	120.9
BCW-200154_00675	gnl|TC-DB|Q2KCS0|2.A.115.1.3	47.0	200	106	0	76	275	11	210	7.8e-48	187.2
BCW-200154_00677	gnl|TC-DB|P45804|9.B.65.1.1	29.4	589	376	14	7	584	6	565	3.3e-51	199.5
BCW-200154_00684	gnl|TC-DB|O34442|1.A.26.1.3	29.0	321	228	0	128	448	125	445	2.5e-43	172.9
BCW-200154_00685	gnl|TC-DB|P08839|8.A.7.1.1	35.0	554	358	2	18	570	1	553	1.6e-87	320.1
BCW-200154_00686	gnl|TC-DB|H1XXZ0|8.A.8.1.5	43.2	88	50	0	1	88	1	88	7.4e-16	79.3
BCW-200154_00693	gnl|TC-DB|P0A9V1|1.B.42.1.2	59.2	238	97	0	2	239	4	241	1.2e-81	299.3
BCW-200154_00709	gnl|TC-DB|C9VRY8|2.A.86.1.5	35.6	354	215	4	13	360	42	388	2.5e-39	159.5
BCW-200154_00711	gnl|TC-DB|Q9EV03|1.A.23.1.2	30.7	293	196	2	499	786	790	1080	1.5e-30	131.3
BCW-200154_00748	gnl|TC-DB|P0ABJ6|3.D.4.5.1	48.2	110	56	1	1	110	1	109	4.5e-23	103.6
BCW-200154_00749	gnl|TC-DB|P0ABJ3|3.D.4.5.1	65.2	201	69	1	11	210	3	203	7.0e-73	270.0
BCW-200154_00750	gnl|TC-DB|P0ABI8|3.D.4.5.1	66.5	647	216	1	1	646	1	647	8.1e-261	896.0
BCW-200154_00751	gnl|TC-DB|P0ABJ1|3.D.4.5.1	54.0	276	125	2	18	291	20	295	4.8e-83	304.3
BCW-200154_00757	gnl|TC-DB|G0LBU8|1.B.14.6.11	31.2	832	453	24	40	801	194	976	3.6e-85	312.8
BCW-200154_00767	gnl|TC-DB|Q89SS6|2.A.1.42.2	24.7	421	285	10	123	529	663	1065	2.8e-18	90.1
BCW-200154_00768	gnl|TC-DB|P76460|2.A.73.1.1	33.6	447	276	8	22	466	12	439	3.2e-57	219.2
BCW-200154_00779	gnl|TC-DB|G0LBU8|1.B.14.6.11	37.8	193	96	8	38	220	192	370	1.2e-18	92.0
BCW-200154_00786	gnl|TC-DB|P46333|2.A.1.1.106	25.9	576	280	8	22	596	10	439	1.4e-36	151.0
BCW-200154_00805	gnl|TC-DB|L7WG79|1.E.43.4.1	31.2	144	94	2	14	152	8	151	1.5e-12	69.7
BCW-200154_00806	gnl|TC-DB|Q2JF02|9.B.98.1.3	28.4	334	214	8	1	327	1	316	2.6e-26	115.9
BCW-200154_00822	gnl|TC-DB|B2N0W4|1.A.46.2.6	41.5	299	173	2	1	299	18	314	4.1e-58	221.5
BCW-200154_00827	gnl|TC-DB|P42658|8.A.51.1.1	24.4	676	447	22	112	740	190	848	5.9e-50	195.7
BCW-200154_00833	gnl|TC-DB|Q7UQ82|3.A.1.115.2	26.6	398	251	14	5	381	6	383	9.5e-15	77.8
BCW-200154_00834	gnl|TC-DB|P46903|3.A.1.115.1	42.9	238	135	1	1	237	1	238	5.0e-54	207.6
BCW-200154_00836	gnl|TC-DB|P76330|9.B.34.1.4	37.9	161	96	3	235	392	401	560	1.5e-23	107.1
BCW-200154_00840	gnl|TC-DB|P36879|3.A.1.105.17	57.1	303	128	1	17	319	4	304	1.4e-88	322.8
BCW-200154_00841	gnl|TC-DB|P0AFN6|3.A.1.105.17	57.6	250	106	0	17	266	7	256	1.5e-80	295.8
BCW-200154_00849	gnl|TC-DB|P77735|8.A.5.1.6	33.5	316	191	6	7	312	6	312	2.2e-38	156.0
BCW-200154_00852	gnl|TC-DB|M3JA40|1.B.52.2.1	66.1	56	19	0	529	584	283	338	5.5e-13	72.8
BCW-200154_00854	gnl|TC-DB|P77389|2.A.1.2.65	44.2	378	204	4	9	385	7	378	4.2e-74	275.0
BCW-200154_00859	gnl|TC-DB|Q5SMG8|1.A.26.1.2	40.8	338	186	4	115	451	123	447	2.4e-62	236.1
BCW-200154_00860	gnl|TC-DB|P45522|2.A.37.1.2	43.5	582	326	3	10	590	11	590	2.6e-125	445.7
BCW-200154_00870	gnl|TC-DB|Q7AA53|2.A.6.8.2	33.2	759	456	19	39	773	11	742	8.0e-82	301.6
BCW-200154_00882	gnl|TC-DB|O54596|3.D.4.3.1	31.3	339	207	8	3	336	12	329	1.2e-21	100.5
BCW-200154_00883	gnl|TC-DB|P0ABJ9|3.D.4.3.2	29.0	521	301	4	1	454	2	520	1.1e-59	227.3
BCW-200154_00901	gnl|TC-DB|Q9KN48|3.A.23.1.1	38.1	226	131	3	189	414	197	413	5.2e-32	135.6
BCW-200154_00916	gnl|TC-DB|P37974|1.B.17.2.1	34.3	315	203	3	16	327	15	328	3.9e-27	119.0
BCW-200154_00917	gnl|TC-DB|B8H144|2.A.6.1.15	31.6	399	261	6	10	399	16	411	1.9e-31	133.3
BCW-200154_00918	gnl|TC-DB|B8H146|2.A.6.1.15	55.4	1075	455	5	1	1064	1	1062	0.0e+00	1076.2
BCW-200154_00920	gnl|TC-DB|G0JXK9|2.A.123.4.3	96.5	115	4	0	2	116	1	115	7.3e-64	239.2
BCW-200154_00921	gnl|TC-DB|Q55487|4.D.2.1.9	23.6	208	154	3	5	210	4	208	3.8e-14	75.1
BCW-200154_00932	gnl|TC-DB|F8SVK1|2.A.1.6.11	64.8	542	185	3	10	549	11	548	3.1e-197	684.5
BCW-200154_00933	gnl|TC-DB|D0SAV4|1.B.70.1.1	26.9	376	233	14	102	473	89	426	7.4e-22	101.7
BCW-200154_00934	gnl|TC-DB|P31552|4.C.1.1.6	24.1	548	345	18	88	615	21	517	1.1e-28	124.8
BCW-200154_00937	gnl|TC-DB|P76264|2.A.107.1.1	52.4	189	89	1	1	189	1	188	1.3e-49	192.6
BCW-200154_00938	gnl|TC-DB|Q93N33|2.A.21.9.2	42.6	1179	613	16	1	1143	1	1151	1.1e-241	833.2
BCW-200154_00941	gnl|TC-DB|P39321|9.B.22.1.2	25.0	892	607	28	403	1263	375	1235	8.7e-57	219.2
BCW-200154_00942	gnl|TC-DB|P0ADE4|1.B.33.2.4	28.3	590	400	12	12	594	4	577	4.4e-64	242.3
BCW-200154_00945	gnl|TC-DB|Q8F3M7|3.A.15.4.1	41.8	483	271	5	118	598	82	556	1.0e-100	364.0
BCW-200154_00948	gnl|TC-DB|P69423|2.A.64.1.1	50.7	229	113	0	11	239	9	237	1.4e-59	226.1
BCW-200154_00954	gnl|TC-DB|M3JA40|1.B.52.2.1	58.3	60	25	0	523	582	278	337	6.0e-12	69.3
BCW-200154_00957	gnl|TC-DB|P75905|4.D.1.1.3	56.7	372	153	5	49	416	71	438	2.6e-119	425.2
BCW-200154_00964	gnl|TC-DB|P0ABK2|3.D.4.3.2	47.1	378	198	1	6	383	2	377	7.9e-99	357.1
BCW-200154_00965	gnl|TC-DB|P0ABJ9|3.D.4.3.2	60.3	501	199	0	6	506	4	504	4.8e-179	624.0
BCW-200154_00966	gnl|TC-DB|P29018|3.A.1.129.1	38.3	569	317	8	25	574	10	563	3.7e-84	308.9
BCW-200154_00967	gnl|TC-DB|Q7NL26|3.A.1.106.12	29.8	537	347	10	18	534	5	531	6.4e-41	165.2
BCW-200154_00973	gnl|TC-DB|Q9I3N2|9.B.14.1.7	59.1	645	250	5	1	637	1	639	2.8e-205	711.4
BCW-200154_00976	gnl|TC-DB|Q9I3N5|9.B.14.2.4	43.2	241	137	0	7	247	6	246	6.6e-57	217.2
BCW-200154_00977	gnl|TC-DB|K6BIH6|3.A.1.107.4	52.8	214	101	0	17	230	8	221	1.3e-48	189.5
BCW-200154_00978	gnl|TC-DB|Q8XE58|3.A.1.107.3	40.6	202	115	2	6	205	3	201	6.6e-39	157.1
BCW-200154_00983	gnl|TC-DB|Q9KMQ3|2.A.1.2.42	40.0	360	215	1	6	365	7	365	1.7e-53	206.5
BCW-200154_00993	gnl|TC-DB|G4FGN8|3.A.1.1.41	28.4	405	231	17	20	394	1	376	1.1e-25	114.4
BCW-200154_00994	gnl|TC-DB|Q7WWQ9|3.A.1.1.20	36.4	275	171	2	8	282	11	281	6.3e-48	187.6
BCW-200154_00995	gnl|TC-DB|Q9X9R5|3.A.1.1.23	37.9	261	160	2	19	278	17	276	5.8e-43	171.0
BCW-200154_01001	gnl|TC-DB|B2UL32|2.A.5.5.5	42.2	270	150	2	2	265	1	270	2.6e-40	162.2
BCW-200154_01010	gnl|TC-DB|Q8EKT7|2.A.17.4.7	66.3	508	170	1	14	521	9	515	2.0e-193	671.8
BCW-200154_01019	gnl|TC-DB|P33116|3.A.1.111.2	26.0	605	422	6	17	616	9	592	2.1e-64	243.4
BCW-200154_01037	gnl|TC-DB|Q1R209|1.B.14.7.1	28.1	783	486	16	85	824	5	753	1.4e-71	267.7
BCW-200154_01043	gnl|TC-DB|P60061|2.A.3.2.5	46.7	422	223	2	2	423	5	424	5.3e-102	367.9
BCW-200154_01044	gnl|TC-DB|B2FIM5|1.B.70.1.6	83.5	484	69	2	1	480	1	477	2.4e-217	751.1
BCW-200154_01059	gnl|TC-DB|P21647|1.B.11.3.2	38.4	791	470	10	16	800	37	816	2.3e-164	575.9
BCW-200154_01061	gnl|TC-DB|P31466|2.A.40.7.6	52.1	432	200	1	3	434	14	438	4.5e-114	407.9
BCW-200154_01062	gnl|TC-DB|P43672|3.A.1.120.6	33.3	513	333	4	22	530	18	525	1.2e-76	283.9
BCW-200154_01081	gnl|TC-DB|Q9HWU4|1.B.11.3.7	36.8	820	475	18	20	799	2	818	8.2e-133	471.1
BCW-200154_01102	gnl|TC-DB|P0A6W3|9.B.146.1.6	60.9	361	140	1	1	361	1	360	2.2e-119	425.2
BCW-200154_01103	gnl|TC-DB|P0ABG4|2.A.103.1.1	43.2	373	205	3	18	386	44	413	1.0e-78	290.4
BCW-200154_01112	gnl|TC-DB|P10408|3.A.5.1.1	61.8	909	333	5	1	904	1	900	0.0e+00	1079.3
BCW-200154_01117	gnl|TC-DB|B3XQE5|9.B.33.1.2	38.0	163	92	5	170	324	364	525	3.2e-17	85.9
BCW-200154_01138	gnl|TC-DB|Q9S3J9|2.A.1.2.18	33.2	377	251	1	13	389	7	382	3.3e-39	159.1
BCW-200154_01140	gnl|TC-DB|Q9KPL5|2.A.41.2.11	45.0	427	213	5	12	431	7	418	2.5e-93	339.0
BCW-200154_01141	gnl|TC-DB|P63144|8.A.5.1.3	40.3	310	182	1	1	310	71	377	4.5e-71	264.6
BCW-200154_01143	gnl|TC-DB|Q92N43|1.B.14.2.7	29.3	689	446	14	56	724	72	739	2.3e-67	253.4
BCW-200154_01146	gnl|TC-DB|P77504|3.A.1.122.15	34.1	817	503	13	13	825	8	793	1.2e-96	350.9
BCW-200154_01147	gnl|TC-DB|P0A9T8|3.A.1.122.15	57.8	206	84	1	5	207	20	225	3.8e-58	221.1
BCW-200154_01153	gnl|TC-DB|L5DDD7|2.A.109.2.3	43.7	231	129	1	3	233	370	599	3.4e-50	194.9
BCW-200154_01154	gnl|TC-DB|P77389|2.A.1.2.65	62.4	375	141	0	7	381	7	381	3.9e-122	434.5
BCW-200154_01168	gnl|TC-DB|P31554|1.B.42.1.2	27.6	791	490	18	79	831	35	780	1.2e-81	301.2
BCW-200154_01189	gnl|TC-DB|P42670|2.A.1.3.11	37.0	368	223	7	9	371	26	389	7.3e-46	181.4
BCW-200154_01196	gnl|TC-DB|Q72GR8|3.D.2.2.2	51.3	345	167	1	9	352	8	352	2.5e-86	315.5
BCW-200154_01200	gnl|TC-DB|Q72GR9|3.D.2.2.2	72.5	91	22	1	7	97	8	95	9.7e-31	129.0
BCW-200154_01201	gnl|TC-DB|Q72GS0|3.D.2.2.2	54.9	472	188	4	12	482	3	450	7.9e-128	453.8
BCW-200154_01209	gnl|TC-DB|P0A8K8|9.B.126.2.1	32.7	278	172	3	12	282	7	276	1.1e-37	154.1
BCW-200154_01216	gnl|TC-DB|G7US21|1.B.46.1.5	50.0	216	93	6	7	218	7	211	7.6e-46	180.3
BCW-200154_01223	gnl|TC-DB|G0LBU8|1.B.14.6.11	35.7	171	99	5	15	178	179	345	1.5e-15	81.6
BCW-200154_01237	gnl|TC-DB|M3JA40|1.B.52.2.1	31.5	178	108	3	430	593	283	460	2.3e-15	80.5
BCW-200154_01242	gnl|TC-DB|P0AAP1|9.B.34.1.2	35.6	174	110	2	540	712	197	369	8.8e-22	102.1
BCW-200154_01255	gnl|TC-DB|P08839|8.A.7.1.1	27.0	426	262	15	348	755	114	508	2.3e-28	124.0
BCW-200154_01256	gnl|TC-DB|D7FD61|1.A.23.2.2	32.4	250	166	2	27	275	18	265	2.9e-32	135.6
BCW-200154_01270	gnl|TC-DB|O50330|3.A.7.2.1	40.1	798	445	10	1	773	9	798	5.5e-166	581.3
BCW-200154_01274	gnl|TC-DB|Q91UW6|3.A.7.3.1	46.9	318	161	4	28	339	30	345	2.0e-77	285.8
BCW-200154_01275	gnl|TC-DB|Q9RLR4|3.A.7.5.1	30.1	206	130	6	218	417	162	359	3.6e-20	95.9
BCW-200154_01276	gnl|TC-DB|O50336|3.A.7.2.1	28.2	255	150	8	11	253	4	237	1.1e-14	77.0
BCW-200154_01279	gnl|TC-DB|P13464|3.A.7.1.1	30.3	499	303	13	69	542	56	534	2.2e-57	219.9
BCW-200154_01282	gnl|TC-DB|P77389|2.A.1.2.65	35.5	366	235	1	20	384	7	372	1.4e-50	196.8
BCW-200154_01293	gnl|TC-DB|Q84BQ3|3.A.1.122.12	45.7	361	189	2	31	391	9	362	1.3e-51	200.3
BCW-200154_01294	gnl|TC-DB|A0ZUB1|3.A.1.122.12	53.4	650	303	0	5	654	1	650	4.7e-184	641.0
BCW-200154_01330	gnl|TC-DB|O07488|2.A.53.3.1	63.1	471	174	0	8	478	7	477	3.4e-155	544.7
BCW-200154_01358	gnl|TC-DB|Q52000|2.A.1.6.3	43.6	399	217	3	28	425	22	413	4.4e-85	311.6
BCW-200154_01359	gnl|TC-DB|p0aa70|2.A.7.3.22	44.8	279	150	3	20	297	12	287	4.4e-60	228.0
BCW-200154_01360	gnl|TC-DB|P27844|2.A.7.7.2	40.7	297	175	1	3	299	1	296	3.4e-57	218.4
BCW-200154_01361	gnl|TC-DB|Q1DCQ0|1.B.14.10.2	34.3	134	77	1	38	171	66	188	3.3e-13	73.9
BCW-200154_01364	gnl|TC-DB|O31711|3.A.1.122.2	48.6	222	113	1	4	225	1	221	4.5e-57	217.6
BCW-200154_01366	gnl|TC-DB|Q7AKK4|3.A.1.105.14	38.1	286	166	4	23	298	25	309	1.5e-41	166.4
BCW-200154_01375	gnl|TC-DB|F8FLY5|2.A.86.1.11	23.9	309	228	4	47	354	41	343	6.4e-13	71.6
BCW-200154_01382	gnl|TC-DB|P0AAQ6|3.A.5.1.1	58.6	116	48	0	1	116	1	116	5.0e-36	146.7
BCW-200154_01383	gnl|TC-DB|B2SKA7|1.B.1.12.1	52.1	194	85	2	5	190	1	194	3.6e-52	201.1
BCW-200154_01386	gnl|TC-DB|Q0C3J5|1.B.71.1.4	41.4	116	66	2	9	123	6	120	2.1e-14	75.9
BCW-200154_01387	gnl|TC-DB|P76628|2.A.1.36.3	56.2	377	161	1	13	389	13	385	1.3e-107	386.3
BCW-200154_01400	gnl|TC-DB|P43531|2.A.1.36.1	45.9	377	204	0	24	400	27	403	1.1e-85	313.5
BCW-200154_01417	gnl|TC-DB|P25694|3.A.16.1.2	38.5	179	106	3	262	437	244	421	1.5e-25	114.0
BCW-200154_01432	gnl|TC-DB|P69681|1.A.11.1.1	59.3	413	160	4	67	476	21	428	3.3e-102	368.6
BCW-200154_01442	gnl|TC-DB|Q9KN48|3.A.23.1.1	39.4	335	186	3	149	472	193	521	5.2e-47	185.3
BCW-200154_01462	gnl|TC-DB|B2SKA7|1.B.1.12.1	59.8	194	70	2	6	191	1	194	1.1e-64	242.7
BCW-200154_01477	gnl|TC-DB|Q93N33|2.A.21.9.2	25.7	311	209	6	687	990	780	1075	1.7e-14	78.6
BCW-200154_01507	gnl|TC-DB|Q1D027|1.A.1.24.3	52.6	266	121	1	16	281	12	272	5.9e-62	234.2
BCW-200154_01521	gnl|TC-DB|O68460|3.A.10.2.1	56.2	692	276	5	11	675	9	700	3.4e-177	618.2
BCW-200154_01523	gnl|TC-DB|P0ABV2|1.A.30.2.1	51.1	137	66	1	1	137	1	136	1.2e-28	122.5
BCW-200154_01524	gnl|TC-DB|P0ABU7|1.A.30.2.1	55.4	222	97	1	14	233	10	231	6.0e-52	200.7
BCW-200154_01528	gnl|TC-DB|P72412|1.B.14.2.14	28.5	309	168	9	153	461	43	298	3.4e-21	100.5
BCW-200154_01535	gnl|TC-DB|Q1DCQ0|1.B.14.10.2	32.7	162	91	2	20	174	38	188	5.7e-13	73.2
BCW-200154_01538	gnl|TC-DB|K6KRX2|1.A.1.28.6	43.0	207	116	2	17	221	15	221	2.1e-35	145.6
BCW-200154_01540	gnl|TC-DB|Q9X4A5|2.A.15.1.11	41.4	503	284	3	2	496	7	506	4.5e-105	378.3
BCW-200154_01555	gnl|TC-DB|Q9HXW4|2.A.6.2.17	69.3	1050	295	3	4	1053	3	1025	0.0e+00	1414.4
BCW-200154_01556	gnl|TC-DB|Q9I6X5|2.A.6.2.27	33.3	354	229	4	1	352	1	349	5.9e-22	101.7
BCW-200154_01559	gnl|TC-DB|Q9HUJ1|2.A.6.2.27	34.2	462	277	7	1	443	1	454	1.1e-54	210.7
BCW-200154_01570	gnl|TC-DB|Q01857|2.A.23.1.3	71.5	417	119	0	15	431	17	433	1.5e-160	562.4
BCW-200154_01572	gnl|TC-DB|Q93N33|2.A.21.9.2	42.9	529	280	6	366	879	632	1153	5.3e-114	408.7
BCW-200154_01578	gnl|TC-DB|P42308|2.A.11.1.2	60.5	440	160	2	2	441	1	426	1.8e-147	518.8
BCW-200154_01596	gnl|TC-DB|Q8ZRH0|2.A.6.2.25	31.1	469	309	6	9	469	32	494	8.1e-45	177.9
BCW-200154_01597	gnl|TC-DB|C5W790|2.A.1.3.36	24.6	309	222	3	34	341	44	342	5.6e-22	101.7
BCW-200154_01598	gnl|TC-DB|Q9RQ29|2.A.1.3.20	23.7	486	339	11	3	466	20	495	5.3e-20	95.5
BCW-200154_01602	gnl|TC-DB|P0AAP1|9.B.34.1.2	37.6	237	128	5	243	461	132	366	8.9e-31	131.3
BCW-200154_01613	gnl|TC-DB|Q9P6J2|2.A.89.3.8	50.9	230	113	0	5	234	7	236	7.1e-50	193.7
BCW-200154_01621	gnl|TC-DB|P0AA67|2.A.7.3.6	48.5	274	140	1	2	274	12	285	6.5e-66	247.3
BCW-200154_01624	gnl|TC-DB|P16869|1.B.14.1.1	44.1	723	373	6	10	711	17	729	1.6e-177	619.4
BCW-200154_01626	gnl|TC-DB|Q1D0D2|1.A.30.2.7	33.3	123	78	2	12	134	13	131	2.2e-11	65.1
BCW-200154_01635	gnl|TC-DB|Q7VYJ2|1.B.12.5.7	33.1	637	341	11	416	1044	307	866	1.2e-77	288.1
BCW-200154_01639	gnl|TC-DB|P29919|3.D.1.2.1	52.1	117	56	0	17	133	4	120	1.0e-29	125.9
BCW-200154_01640	gnl|TC-DB|Q6V9B0|3.D.1.6.4	83.4	145	24	0	37	181	13	157	6.5e-75	276.6
BCW-200154_01641	gnl|TC-DB|P23710|3.D.1.6.2	58.3	103	41	2	114	216	138	238	2.7e-31	132.1
BCW-200154_01642	gnl|TC-DB|P17694|3.D.1.6.1	57.7	414	148	2	22	435	77	463	1.4e-144	509.2
BCW-200154_01643	gnl|TC-DB|P0AFD1|3.D.1.1.1	36.4	154	94	3	19	172	14	163	1.7e-19	92.4
BCW-200154_01644	gnl|TC-DB|P29913|3.D.1.2.1	53.1	375	171	4	56	426	41	414	4.5e-114	407.9
BCW-200154_01645	gnl|TC-DB|P24918|3.D.1.6.2	38.2	641	367	14	16	641	33	659	1.2e-103	374.0
BCW-200154_01646	gnl|TC-DB|P29920|3.D.1.2.1	41.0	339	185	3	23	360	10	334	1.0e-71	266.9
BCW-200154_01647	gnl|TC-DB|P29921|3.D.1.2.1	65.0	160	53	1	3	162	7	163	1.6e-29	125.6
BCW-200154_01648	gnl|TC-DB|P29922|3.D.1.2.1	44.3	183	95	2	4	183	2	180	2.1e-27	119.0
BCW-200154_01649	gnl|TC-DB|P29923|3.D.1.2.1	67.3	101	33	0	1	101	1	101	1.9e-28	121.3
BCW-200154_01650	gnl|TC-DB|P29924|3.D.1.2.1	41.8	754	320	17	13	711	5	694	3.6e-137	485.3
BCW-200154_01651	gnl|TC-DB|P29925|3.D.1.2.1	49.8	514	223	8	6	500	4	501	3.9e-130	461.5
BCW-200154_01652	gnl|TC-DB|P29926|3.D.1.2.1	38.6	458	279	2	9	465	1	457	8.5e-82	300.8
BCW-200154_01686	gnl|TC-DB|P76249|2.A.76.1.5	27.2	206	142	5	3	206	8	207	4.6e-16	81.3
BCW-200154_01688	gnl|TC-DB|P23895|2.A.7.1.3	62.7	110	41	0	1	110	1	110	7.0e-32	132.9
BCW-200154_01712	gnl|TC-DB|Q8EDM8|1.B.14.8.4	24.0	818	487	30	7	776	2	732	2.3e-36	150.6
BCW-200154_01715	gnl|TC-DB|Q5EGM5|9.A.25.1.1	29.8	205	112	6	440	625	260	451	4.0e-15	79.7
BCW-200154_01721	gnl|TC-DB|Q5FAM9|2.A.66.1.21	33.0	452	298	3	1	451	1	448	4.0e-65	245.4
BCW-200154_01724	gnl|TC-DB|Q9ZKE4|3.A.11.3.1	33.2	536	331	12	199	729	106	619	1.3e-65	247.7
BCW-200154_01733	gnl|TC-DB|P0AGM2|1.A.62.2.3	53.7	205	95	0	1	205	1	205	2.3e-57	218.4
BCW-200154_01734	gnl|TC-DB|P76397|8.A.1.6.2	46.0	350	188	1	37	385	48	397	2.8e-83	305.4
BCW-200154_01735	gnl|TC-DB|Q9I0V6|2.A.6.2.39	62.4	1023	376	3	1	1015	1	1022	0.0e+00	1145.2
BCW-200154_01736	gnl|TC-DB|Q9I0V7|2.A.6.2.39	52.0	1016	481	5	7	1016	3	1017	3.0e-262	901.4
BCW-200154_01749	gnl|TC-DB|B0T2Y9|5.A.1.5.2	34.3	475	275	6	339	796	283	737	3.1e-57	219.9
BCW-200154_01751	gnl|TC-DB|P0AG93|2.A.6.4.1	41.9	284	153	5	16	296	18	292	2.3e-51	199.1
BCW-200154_01752	gnl|TC-DB|P0AG90|2.A.6.4.1	43.0	623	328	10	4	613	5	613	1.3e-127	453.4
BCW-200154_01753	gnl|TC-DB|P0ADZ7|3.A.5.1.1	38.0	108	65	2	4	110	1	107	2.9e-17	84.3
BCW-200154_01758	gnl|TC-DB|D4ZZR3|9.B.34.1.3	35.8	176	104	4	518	688	221	392	9.6e-21	99.0
BCW-200154_01762	gnl|TC-DB|Q9NRK6|3.A.1.201.17	37.9	601	347	7	11	589	137	733	5.9e-93	338.2
BCW-200154_01786	gnl|TC-DB|P23894|9.B.1.1.6	56.3	286	118	3	4	283	3	287	9.2e-84	306.6
BCW-200154_01790	gnl|TC-DB|P0AAP1|9.B.34.1.2	32.9	173	109	4	266	437	199	365	7.4e-18	89.0
BCW-200154_01817	gnl|TC-DB|P0AGD7|3.A.5.1.1	60.6	426	167	1	1	426	1	425	5.9e-133	470.7
BCW-200154_01818	gnl|TC-DB|A6V120|9.B.14.3.5	39.4	259	150	4	5	259	8	263	3.3e-35	145.2
BCW-200154_01823	gnl|TC-DB|P76330|9.B.34.1.4	37.7	159	96	2	263	418	398	556	5.9e-20	95.9
BCW-200154_01824	gnl|TC-DB|P0ABJ6|3.D.4.5.1	50.9	108	51	1	5	112	2	107	8.5e-25	109.4
BCW-200154_01825	gnl|TC-DB|P0ABJ3|3.D.4.5.1	61.3	212	74	2	1	212	1	204	2.4e-73	271.6
BCW-200154_01826	gnl|TC-DB|P0ABI8|3.D.4.5.1	70.4	659	194	1	1	658	1	659	7.1e-289	989.2
BCW-200154_01827	gnl|TC-DB|P0ABJ1|3.D.4.5.1	50.0	290	136	6	5	292	8	290	1.1e-75	280.0
BCW-200154_01841	gnl|TC-DB|Q1CZJ4|1.B.14.10.3	36.8	193	86	8	147	324	40	211	2.5e-13	74.3
BCW-200154_01850	gnl|TC-DB|D0WY71|2.A.66.4.5	42.6	540	274	7	1	532	5	516	4.0e-109	391.7
BCW-200154_01884	gnl|TC-DB|O58099|2.A.67.4.2	45.7	589	280	11	61	644	67	620	3.3e-121	432.2
BCW-200154_01885	gnl|TC-DB|V5FN92|9.B.169.1.12	48.2	380	187	6	7	382	19	392	3.8e-85	311.6
BCW-200154_01886	gnl|TC-DB|Q5KYD1|2.A.17.1.7	31.9	590	291	14	3	584	10	496	1.0e-65	247.7
BCW-200154_01888	gnl|TC-DB|B5U2Z3|2.A.75.1.4	35.6	191	122	1	16	205	8	198	4.0e-28	121.3
BCW-200154_01893	gnl|TC-DB|P48632|1.B.14.1.6	37.0	690	393	12	58	732	153	815	1.6e-119	426.8
BCW-200154_01894	gnl|TC-DB|O06924|3.B.1.1.4	62.0	548	203	2	5	547	7	554	3.2e-202	701.0
BCW-200154_01896	gnl|TC-DB|O06926|3.B.1.1.4	40.3	308	168	4	2	294	5	311	5.0e-56	214.5
BCW-200154_01901	gnl|TC-DB|C6B3K0|2.A.101.1.2	57.1	448	175	4	11	453	11	446	4.3e-128	454.5
BCW-200154_01905	gnl|TC-DB|Q45082|2.A.1.6.5	32.2	422	267	8	3	412	28	442	1.1e-40	164.1
BCW-200154_01907	gnl|TC-DB|L5DDD7|2.A.109.2.3	50.7	515	244	6	1	506	370	883	9.2e-127	450.3
BCW-200154_01917	gnl|TC-DB|D4ZZR3|9.B.34.1.3	41.4	169	91	3	408	570	227	393	1.8e-25	114.0
BCW-200154_01922	gnl|TC-DB|Q8EJD3|2.A.59.1.3	55.3	338	151	0	7	344	1	338	5.1e-97	350.9
BCW-200154_01926	gnl|TC-DB|P76417|2.A.1.10.4	40.1	401	225	5	6	394	5	402	1.3e-78	290.0
BCW-200154_01938	gnl|TC-DB|Q9HV74|2.A.21.9.1	32.0	225	135	7	308	529	748	957	5.5e-18	89.4
BCW-200154_01941	gnl|TC-DB|D6TT54|3.A.1.148.3	44.2	285	153	2	2	286	3	281	1.3e-61	233.0
BCW-200154_01942	gnl|TC-DB|K1L960|3.A.1.145.3	37.8	1198	728	10	5	1194	4	1192	3.5e-230	795.0
BCW-200154_01947	gnl|TC-DB|Q8EEC4|2.A.2.6.3	60.2	500	177	6	6	488	26	520	6.5e-162	567.0
BCW-200154_01950	gnl|TC-DB|Q9A608|1.B.14.12.1	36.8	912	512	17	40	919	42	921	3.5e-153	538.9
BCW-200154_01951	gnl|TC-DB|Q05839|8.A.9.1.1	32.9	508	293	15	6	491	109	590	2.9e-75	279.3
BCW-200154_01969	gnl|TC-DB|Q9HU32|3.A.1.3.23	25.8	248	157	6	2	235	8	242	1.1e-16	83.6
BCW-200154_01977	gnl|TC-DB|P81549|1.B.14.1.16	38.0	763	420	16	20	760	12	743	2.2e-137	486.1
BCW-200154_01981	gnl|TC-DB|P17315|1.B.14.1.4	29.6	769	401	17	42	806	31	663	9.2e-81	298.1
BCW-200154_02013	gnl|TC-DB|F4K2G0|3.D.1.8.1	55.1	127	49	5	12	130	103	229	2.4e-28	121.7
BCW-200154_02016	gnl|TC-DB|Q9MUK5|3.A.9.1.1	42.6	115	61	1	148	262	97	206	1.1e-13	74.7
BCW-200154_02017	gnl|TC-DB|Q9S2Y1|1.A.23.7.1	40.4	312	175	6	71	376	72	378	8.5e-53	204.1
BCW-200154_02026	gnl|TC-DB|P0AGA2|3.A.5.1.1	58.8	439	172	3	11	449	14	443	3.5e-138	488.0
BCW-200154_02056	gnl|TC-DB|Q9ZK21|1.C.82.1.1	49.3	225	113	1	5	229	7	230	3.6e-54	208.0
BCW-200154_02059	gnl|TC-DB|P0AG96|3.A.5.1.1	45.6	79	43	0	55	133	43	121	4.5e-12	67.4
BCW-200154_02065	gnl|TC-DB|A3M582|2.A.1.3.63	26.7	405	281	7	29	422	41	440	1.4e-22	104.0
BCW-200154_02071	gnl|TC-DB|P33231|2.A.14.1.1	76.8	552	127	1	1	552	1	551	1.7e-240	828.2
BCW-200154_02080	gnl|TC-DB|G0LBU8|1.B.14.6.11	38.9	175	93	6	23	188	185	354	6.2e-17	86.3
BCW-200154_02088	gnl|TC-DB|O35002|9.B.174.1.1	33.1	360	217	8	22	374	34	376	1.2e-46	184.1
BCW-200154_02089	gnl|TC-DB|E1PBX5|9.B.104.1.4	46.2	91	45	3	62	149	56	145	3.4e-12	68.6
BCW-200154_02090	gnl|TC-DB|P43838|1.B.9.1.4	27.5	437	275	11	15	439	9	415	5.7e-30	128.6
BCW-200154_02091	gnl|TC-DB|P24520|4.B.1.1.1	27.8	212	127	3	10	195	25	236	1.9e-19	92.4
BCW-200154_02092	gnl|TC-DB|P24518|4.B.1.1.1	27.0	352	226	14	10	345	67	403	3.5e-16	82.4
BCW-200154_02095	gnl|TC-DB|P08306|3.D.4.6.1	41.4	215	119	3	61	274	68	276	4.6e-44	174.9
BCW-200154_02096	gnl|TC-DB|P98002|3.D.4.6.1	52.3	556	239	6	1	530	1	556	8.6e-160	560.1
BCW-200154_02099	gnl|TC-DB|Q3J5F6|3.D.4.6.2	41.0	288	129	6	11	290	9	263	3.3e-49	191.8
BCW-200154_02105	gnl|TC-DB|P39836|2.A.28.3.4	55.4	314	133	3	11	321	8	317	2.2e-86	315.5
BCW-200154_02108	gnl|TC-DB|B8HSD7|9.B.126.2.6	34.2	272	168	3	26	286	2	273	1.2e-36	150.2
BCW-200154_02114	gnl|TC-DB|P0AAT4|1.A.23.4.5	47.4	310	156	3	110	415	105	411	5.0e-78	288.1
BCW-200154_02118	gnl|TC-DB|D0J5W3|9.B.44.1.2	62.3	138	50	1	7	142	24	161	5.4e-43	170.2
BCW-200154_02120	gnl|TC-DB|O60170|2.A.3.10.28	23.7	384	243	10	9	354	58	429	1.8e-11	67.0
BCW-200154_02126	gnl|TC-DB|B2FKT9|1.B.14.6.4	43.9	1027	528	21	1	999	1	1007	3.7e-225	778.1
BCW-200154_02135	gnl|TC-DB|P0C105|2.A.1.7.2	50.9	428	190	3	5	429	2	412	4.2e-112	401.4
BCW-200154_02140	gnl|TC-DB|Q8F2A9|9.B.104.1.5	34.2	199	100	10	12	190	59	246	2.3e-13	72.4
BCW-200154_02144	gnl|TC-DB|B2FKT9|1.B.14.6.4	28.5	1047	659	24	9	1009	5	1007	2.1e-98	357.1
BCW-200154_02149	gnl|TC-DB|G0LBU8|1.B.14.6.11	33.1	166	102	4	33	191	194	357	2.1e-12	71.2
BCW-200154_02150	gnl|TC-DB|P17315|1.B.14.1.4	34.8	138	76	4	41	176	33	158	4.7e-12	70.1
BCW-200154_02151	gnl|TC-DB|G0LBU8|1.B.14.6.11	32.3	167	104	4	30	189	192	356	4.2e-13	73.6
BCW-200154_02152	gnl|TC-DB|A0L4L0|3.A.1.132.3	42.8	257	144	1	11	267	77	330	5.7e-54	207.6
BCW-200154_02202	gnl|TC-DB|P0A742|1.A.22.1.1	52.2	136	58	2	1	134	1	131	1.8e-26	115.2
BCW-200154_02204	gnl|TC-DB|P30145|2.A.25.1.2	47.6	437	222	2	45	481	1	430	2.5e-110	395.6
BCW-200154_02207	gnl|TC-DB|P30145|2.A.25.1.2	52.4	452	193	5	43	494	1	430	2.8e-120	428.7
BCW-200154_02209	gnl|TC-DB|Q9HW27|2.A.6.2.33	38.3	1019	608	8	1	1014	1	1003	2.1e-178	622.9
BCW-200154_02210	gnl|TC-DB|Q8GC84|2.A.6.2.19	27.3	359	233	9	11	343	8	364	1.6e-19	93.6
BCW-200154_02211	gnl|TC-DB|P72121|1.B.14.4.1	58.0	691	277	8	8	687	35	723	1.7e-224	775.4
BCW-200154_02221	gnl|TC-DB|O34474|2.A.66.1.25	39.7	443	263	3	13	453	18	458	2.3e-79	292.7
BCW-200154_02230	gnl|TC-DB|M3JA40|1.B.52.2.1	61.4	57	22	0	527	583	280	336	2.4e-11	67.4
BCW-200154_02238	gnl|TC-DB|B5U2Z3|2.A.75.1.4	50.5	192	94	1	9	200	9	199	2.6e-40	161.8
BCW-200154_02247	gnl|TC-DB|A9BQS6|2.A.7.37.1	63.4	123	45	0	1	123	1	123	3.4e-41	164.1
BCW-200154_02254	gnl|TC-DB|A8GHT9|2.A.1.36.2	40.9	381	219	3	6	383	20	397	5.3e-58	221.5
BCW-200154_02255	gnl|TC-DB|P76330|9.B.34.1.4	41.9	167	95	1	295	459	398	564	3.6e-29	125.9
BCW-200154_02256	gnl|TC-DB|Q05098|1.B.14.1.5	50.5	769	337	15	1	748	1	746	4.8e-201	697.6
BCW-200154_02257	gnl|TC-DB|P13512|2.A.4.1.1	52.9	293	134	2	2	293	4	293	9.1e-80	293.5
BCW-200154_02263	gnl|TC-DB|A3QE50|8.A.59.4.2	37.0	184	103	3	20	190	205	388	9.4e-27	116.7
BCW-200154_02276	gnl|TC-DB|Q9RQ30|8.A.1.1.2	33.0	321	172	5	80	382	61	356	5.8e-25	111.7
BCW-200154_02279	gnl|TC-DB|Q9JZN9|1.B.14.2.9	26.4	735	440	17	64	732	59	758	1.7e-62	237.3
BCW-200154_02290	gnl|TC-DB|O00571|1.I.1.1.3	40.1	352	183	7	11	337	182	530	8.4e-61	231.5
BCW-200154_02291	gnl|TC-DB|P76330|9.B.34.1.4	35.7	185	115	3	344	525	375	558	1.2e-19	95.1
BCW-200154_02296	gnl|TC-DB|Q51532|3.A.15.2.1	51.3	359	174	1	1	358	1	359	2.6e-102	368.6
BCW-200154_02304	gnl|TC-DB|Q9HTB8|3.A.1.103.6	41.3	264	155	0	1	264	2	265	9.1e-54	206.8
BCW-200154_02305	gnl|TC-DB|Q9I3V8|3.A.1.103.6	37.4	390	234	8	9	392	12	397	6.5e-62	234.6
BCW-200154_02328	gnl|TC-DB|A4PCH9|3.A.1.27.1	27.2	312	212	3	1	298	1	311	1.9e-26	116.3
BCW-200154_02329	gnl|TC-DB|A4PCH8|3.A.1.27.1	64.4	261	92	1	8	267	10	270	8.2e-90	326.6
BCW-200154_02330	gnl|TC-DB|A4PCH7|3.A.1.27.1	40.4	319	183	3	55	370	1	315	1.1e-57	220.3
BCW-200154_02331	gnl|TC-DB|Q1DBY8|2.A.79.1.2	33.9	401	259	3	19	419	21	415	3.9e-43	172.2
BCW-200154_02338	gnl|TC-DB|L0LHM3|2.A.7.31.3	50.0	278	132	4	1	272	1	277	8.0e-61	230.3
BCW-200154_02352	gnl|TC-DB|Q8F3M7|3.A.15.4.1	42.4	557	312	6	18	570	6	557	4.3e-117	418.3
BCW-200154_02353	gnl|TC-DB|Q8VRL3|3.A.11.1.3	34.5	406	262	3	1	405	36	438	3.8e-51	198.7
BCW-200154_02362	gnl|TC-DB|Q9AGM8|3.A.15.3.1	25.6	653	444	12	76	719	59	678	2.7e-23	107.1
BCW-200154_02433	gnl|TC-DB|Q8F8H7|2.A.53.3.8	49.2	195	99	0	2	196	539	733	2.8e-56	214.9
BCW-200154_02444	gnl|TC-DB|Q8Y3G9|2.A.6.2.45	47.1	344	181	1	33	375	39	382	3.6e-76	282.0
BCW-200154_02445	gnl|TC-DB|Q0VQY6|2.A.6.2.46	52.5	1047	481	7	1	1040	1	1038	5.1e-297	1016.9
BCW-200154_02458	gnl|TC-DB|Q99ZC8|3.A.1.132.6	32.4	213	139	3	22	233	12	220	2.7e-30	129.0
BCW-200154_02548	gnl|TC-DB|P0A754|2.A.37.1.1	36.5	126	66	3	80	205	45	156	7.6e-16	80.9
BCW-200154_02552	gnl|TC-DB|P0AEM9|3.A.1.3.10	27.9	226	142	7	85	304	49	259	7.3e-13	71.2
BCW-200154_02553	gnl|TC-DB|Q9F3K7|3.A.1.3.24	61.4	251	97	0	330	580	3	253	6.4e-84	308.1
BCW-200154_02561	gnl|TC-DB|G0LBU8|1.B.14.6.11	26.9	884	476	20	44	858	194	976	1.1e-63	241.5
BCW-200154_02597	gnl|TC-DB|P45522|2.A.37.1.2	43.8	550	302	3	10	556	7	552	1.6e-114	409.8
BCW-200154_02598	gnl|TC-DB|Q8ID54|3.A.25.2.1	30.3	231	156	3	147	375	83	310	3.8e-30	129.0
BCW-200154_02612	gnl|TC-DB|Q6MMD5|9.B.18.2.1	38.0	558	334	6	64	613	72	625	2.2e-101	366.3
BCW-200154_02613	gnl|TC-DB|G2HLY8|9.B.146.1.2	32.7	272	163	5	32	289	26	291	5.4e-24	108.2
BCW-200154_02626	gnl|TC-DB|Q8CX78|2.A.6.3.6	25.8	1028	717	17	1	1005	1	1005	9.6e-91	331.6
BCW-200154_02627	gnl|TC-DB|Q8CX78|2.A.6.3.6	30.5	1129	664	11	25	1150	3	1013	3.9e-141	499.2
BCW-200154_02628	gnl|TC-DB|Q9HWH5|2.A.6.2.32	28.8	371	249	6	19	380	5	369	3.3e-28	122.5
BCW-200154_02631	gnl|TC-DB|P43672|3.A.1.120.6	53.9	525	237	1	1	520	1	525	9.7e-163	570.1
BCW-200154_02633	gnl|TC-DB|P62723|2.A.98.1.3	54.3	337	149	3	22	358	17	348	1.3e-87	319.7
BCW-200154_02636	gnl|TC-DB|O00571|1.I.1.1.3	37.1	372	208	7	4	351	182	551	3.8e-55	212.2
BCW-200154_02659	gnl|TC-DB|G8WDN4|2.A.76.1.10	71.1	211	60	1	1	211	1	210	4.5e-80	293.9
BCW-200154_02674	gnl|TC-DB|P76330|9.B.34.1.4	31.8	245	137	8	98	335	335	556	6.2e-18	88.2
BCW-200154_02679	gnl|TC-DB|M3JA40|1.B.52.2.1	29.2	178	112	2	672	835	283	460	8.0e-11	65.9
BCW-200154_02709	gnl|TC-DB|D6I8Y6|4.F.1.3.3	42.7	206	106	4	1	201	1	199	5.9e-32	134.0
BCW-200154_02716	gnl|TC-DB|P0AC31|3.A.1.140.1	34.8	282	179	3	36	312	70	351	8.7e-35	144.1
BCW-200154_02717	gnl|TC-DB|P0A9R7|3.A.1.140.1	50.7	215	106	0	3	217	1	215	2.0e-57	218.8
BCW-200154_02718	gnl|TC-DB|O00571|1.I.1.1.3	37.5	389	225	5	10	381	181	568	8.6e-65	244.6
BCW-200154_02720	gnl|TC-DB|P40290|3.A.6.1.1	28.2	266	162	9	332	583	151	401	9.2e-14	75.1
BCW-200154_02721	gnl|TC-DB|P0AAP1|9.B.34.1.2	38.8	160	92	2	366	519	210	369	2.4e-21	100.1
BCW-200154_02734	gnl|TC-DB|Q42524|4.C.1.1.7	23.3	529	351	13	85	598	67	555	1.4e-23	107.8
BCW-200154_02740	gnl|TC-DB|C7NLF6|2.A.115.2.6	46.6	204	103	1	5	202	35	238	4.4e-43	171.0
BCW-200154_02742	gnl|TC-DB|P13794|1.B.6.1.2	34.2	278	151	9	91	361	94	346	7.4e-30	127.9
BCW-200154_02747	gnl|TC-DB|Q0C3J5|1.B.71.1.4	29.3	229	149	6	1	227	1	218	1.3e-19	93.2
BCW-200154_02761	gnl|TC-DB|G0LBU8|1.B.14.6.11	36.3	168	82	8	40	190	198	357	9.6e-16	82.4
BCW-200154_02766	gnl|TC-DB|Q9FI56|3.A.9.1.2	45.4	864	398	11	4	852	96	900	1.2e-203	706.4
BCW-200154_02767	gnl|TC-DB|B3E680|9.B.99.1.6	27.6	254	160	7	13	249	19	265	4.6e-13	71.6
BCW-200154_02771	gnl|TC-DB|P39830|2.A.37.1.5	59.3	562	210	6	1	554	1	551	1.4e-173	605.9
BCW-200154_02774	gnl|TC-DB|G0LBU8|1.B.14.6.11	32.4	825	456	18	31	795	194	976	6.7e-100	361.7
BCW-200154_02775	gnl|TC-DB|Q83XH1|3.A.1.121.4	30.6	546	369	5	1	538	1	544	4.0e-68	255.8
BCW-200154_02788	gnl|TC-DB|P63183|2.A.72.1.1	48.5	615	314	2	25	639	11	622	2.8e-165	578.6
BCW-200154_02791	gnl|TC-DB|P0ABU9|1.A.30.2.2	48.0	221	110	2	37	255	4	221	8.7e-49	190.3
BCW-200154_02792	gnl|TC-DB|Q1D0D2|1.A.30.2.7	40.0	130	72	2	11	140	10	133	1.0e-14	76.3
BCW-200154_02795	gnl|TC-DB|P0A855|2.C.1.2.1	55.3	434	187	5	4	435	1	429	1.4e-43	173.7
BCW-200154_02796	gnl|TC-DB|C6EJJ6|2.C.1.2.1	35.7	171	108	1	1	169	3	173	4.4e-25	110.9
BCW-200154_02806	gnl|TC-DB|G0K054|1.E.6.3.2	89.2	65	7	0	1	65	1	65	5.4e-24	105.9
BCW-200154_02814	gnl|TC-DB|F4ZBX4|1.B.76.1.1	57.9	228	92	2	97	321	196	422	2.5e-74	275.4
BCW-200154_02815	gnl|TC-DB|Q4KCN4|9.B.62.1.5	59.4	598	217	5	7	604	2	573	5.6e-200	693.7
BCW-200154_02817	gnl|TC-DB|Q5EAK4|2.A.16.2.2	29.5	325	192	10	37	333	1391	1706	1.1e-19	94.7
BCW-200154_02833	gnl|TC-DB|M3JA40|1.B.52.2.1	44.4	108	59	1	513	619	297	404	8.1e-14	75.5
BCW-200154_02842	gnl|TC-DB|P76169|2.A.7.26.1	66.0	103	35	0	1	103	2	104	1.1e-34	142.1
BCW-200154_02845	gnl|TC-DB|Q07YH1|2.A.1.14.25	59.1	416	165	4	10	420	1	416	1.1e-141	499.6
BCW-200154_02850	gnl|TC-DB|P0AA53|8.A.21.2.2	66.8	304	100	1	5	308	2	304	5.1e-75	277.7
BCW-200154_02858	gnl|TC-DB|Q6MDZ0|2.A.12.1.18	34.9	424	239	6	22	432	16	415	1.7e-60	229.9
BCW-200154_02864	gnl|TC-DB|G0LBU8|1.B.14.6.11	25.5	591	344	20	29	589	193	717	2.5e-26	117.5
BCW-200154_02868	gnl|TC-DB|Q55487|4.D.2.1.9	49.0	304	153	2	6	308	5	307	3.6e-79	291.6
BCW-200154_02870	gnl|TC-DB|P37645|9.B.121.1.1	31.0	662	415	8	3	622	16	677	1.9e-86	316.6
BCW-200154_02871	gnl|TC-DB|P54176|1.C.113.1.1	48.0	204	106	0	9	212	12	215	8.1e-53	203.4
BCW-200154_02885	gnl|TC-DB|Q9ZE70|2.A.7.3.7	27.8	277	200	0	11	287	7	283	1.7e-19	93.2
BCW-200154_02897	gnl|TC-DB|G0CIY2|9.B.18.1.1	41.2	469	259	5	18	473	20	484	7.0e-89	324.3
BCW-200154_02899	gnl|TC-DB|P76387|8.A.3.3.2	40.4	732	408	8	7	737	9	713	2.8e-148	522.3
BCW-200154_02900	gnl|TC-DB|P75882|9.B.14.1.27	41.5	702	374	12	13	693	8	693	1.6e-142	503.1
BCW-200154_02903	gnl|TC-DB|P0A930|1.B.18.3.1	37.9	380	217	7	1	366	2	376	8.5e-66	247.3
BCW-200154_02935	gnl|TC-DB|Q9HV74|2.A.21.9.1	27.5	353	192	12	24	355	648	957	4.8e-16	82.0
BCW-200154_02942	gnl|TC-DB|E7BBJ1|9.B.102.5.2	50.7	134	60	3	4	137	10	137	2.3e-22	101.7
BCW-200154_02943	gnl|TC-DB|E7BBJ2|9.B.102.5.5	40.3	124	74	0	11	134	9	132	1.3e-22	102.4
BCW-200154_02946	gnl|TC-DB|F0BFS6|2.A.7.3.15	56.6	302	128	2	6	305	5	305	4.7e-89	324.3
BCW-200154_02966	gnl|TC-DB|Q9NTM9|9.B.158.1.1	47.4	213	112	0	7	219	28	240	2.8e-49	191.8
BCW-200154_02968	gnl|TC-DB|Q8ZRG7|3.A.3.5.20	84.9	748	113	0	82	829	10	757	0.0e+00	1186.8
BCW-200154_02971	gnl|TC-DB|Q9AAZ6|1.B.14.12.2	29.0	998	546	32	48	1023	33	889	2.6e-80	297.0
BCW-200154_02975	gnl|TC-DB|Q7VW14|2.A.1.2.27	38.1	391	241	1	3	393	4	393	1.7e-59	226.5
BCW-200154_02978	gnl|TC-DB|Q46065|2.A.3.1.12	42.5	428	240	2	14	436	8	434	1.9e-83	306.2
BCW-200154_03005	gnl|TC-DB|Q9KN48|3.A.23.1.1	40.2	363	172	10	193	518	164	518	3.3e-47	186.0
BCW-200154_03013	gnl|TC-DB|P36554|2.A.1.3.26	49.0	447	220	4	15	456	12	455	1.9e-110	396.0
BCW-200154_03015	gnl|TC-DB|P72958|2.A.47.4.1	29.2	617	398	10	13	615	15	606	1.2e-61	234.2
BCW-200154_03030	gnl|TC-DB|P22610|3.A.15.2.1	51.7	290	130	4	3	287	6	290	1.9e-76	282.3
BCW-200154_03031	gnl|TC-DB|P22609|3.A.15.2.1	57.6	375	156	3	46	419	2	374	1.4e-112	402.9
BCW-200154_03036	gnl|TC-DB|P22608|3.A.15.2.1	53.6	569	254	5	10	575	5	566	7.1e-168	587.0
BCW-200154_03037	gnl|TC-DB|Q9KN48|3.A.23.1.1	38.0	353	198	5	120	454	176	525	1.2e-53	207.2
BCW-200154_03043	gnl|TC-DB|P0AC02|1.B.33.1.3	34.9	232	148	2	21	252	13	241	1.7e-37	152.9
BCW-200154_03050	gnl|TC-DB|G0LBU8|1.B.14.6.11	33.2	831	463	21	26	810	192	976	2.3e-103	373.2
BCW-200154_03087	gnl|TC-DB|Q1LRZ2|2.A.4.3.9	63.8	337	105	3	1	321	28	363	5.3e-88	320.9
BCW-200154_03090	gnl|TC-DB|P94400|9.B.10.1.1	45.0	420	188	6	9	424	2	382	7.5e-93	337.4
BCW-200154_03091	gnl|TC-DB|Q53712|3.A.1.120.3	30.4	550	319	17	3	514	30	553	4.3e-34	142.5
BCW-200154_03094	gnl|TC-DB|Q8NLD6|2.A.1.2.87	28.3	382	264	5	17	390	10	389	7.8e-25	111.3
BCW-200154_03096	gnl|TC-DB|P0AAE0|2.A.3.1.7	69.7	449	135	1	3	451	11	458	6.4e-180	626.7
BCW-200154_03104	gnl|TC-DB|P0AAQ6|3.A.5.1.1	43.6	117	65	1	1	117	1	116	1.5e-24	108.6
BCW-200154_03116	gnl|TC-DB|Q9S3J9|2.A.1.2.18	30.7	332	225	2	5	336	50	376	1.7e-31	133.3
BCW-200154_03123	gnl|TC-DB|P32703|2.A.36.3.1	41.3	547	312	6	1	543	1	542	7.8e-100	360.9
BCW-200154_03128	gnl|TC-DB|P0AF06|1.A.30.1.1	44.4	288	139	5	3	286	4	274	2.4e-56	215.7
BCW-200154_03129	gnl|TC-DB|P09348|1.A.30.1.1	46.8	284	151	0	1	284	1	284	7.5e-70	260.4
BCW-200154_03148	gnl|TC-DB|P48632|1.B.14.1.6	52.9	700	312	9	47	731	119	815	1.5e-210	729.2
BCW-200154_03153	gnl|TC-DB|F2WVP9|2.A.1.60.3	63.6	343	125	0	7	349	8	350	3.4e-110	394.8
BCW-200154_03179	gnl|TC-DB|P55072|3.A.16.1.1	45.0	238	129	2	160	395	473	710	1.1e-57	221.1
BCW-200154_03183	gnl|TC-DB|B7LEG0|1.A.34.1.2	36.2	268	118	5	47	261	112	379	2.3e-33	139.0
BCW-200154_03201	gnl|TC-DB|P59950|2.A.20.1.3	41.3	356	168	5	2	357	5	319	6.2e-64	241.1
BCW-200154_03203	gnl|TC-DB|P37908|9.A.40.2.4	27.9	405	265	7	19	416	22	406	1.3e-36	150.6
BCW-200154_03225	gnl|TC-DB|O07591|1.A.43.1.2	42.6	122	60	5	7	124	4	119	2.0e-14	75.1
BCW-200154_03239	gnl|TC-DB|P75831|3.A.1.122.1	39.8	221	132	1	8	228	2	221	1.0e-43	173.3
BCW-200154_03241	gnl|TC-DB|Q24LT6|2.A.6.2.29	26.9	450	304	10	34	466	21	462	5.9e-27	118.6
BCW-200154_03246	gnl|TC-DB|K0WKG7|4.F.1.1.8	55.5	191	76	2	3	193	1	182	4.1e-49	191.0
BCW-200154_03252	gnl|TC-DB|P60752|3.A.1.106.1	39.4	571	344	1	9	577	10	580	5.2e-110	394.8
BCW-200154_03254	gnl|TC-DB|Q8F192|1.A.30.2.9	33.3	198	119	2	3	193	67	258	4.1e-23	104.8
BCW-200154_03255	gnl|TC-DB|P39695|3.A.11.1.1	22.9	695	455	19	116	757	85	751	1.2e-24	111.7
BCW-200154_03258	gnl|TC-DB|P37681|9.B.99.1.1	27.5	222	159	1	21	242	14	233	1.2e-23	106.7
BCW-200154_03271	gnl|TC-DB|Q60148|3.A.15.2.1	38.2	144	72	5	12	142	1	140	1.2e-15	79.3
BCW-200154_03272	gnl|TC-DB|Q9HVM8|9.A.21.1.2	26.4	1214	668	49	179	1287	66	1158	4.4e-69	260.0
BCW-200154_03278	gnl|TC-DB|P38370|1.B.14.6.3	27.7	321	202	10	3	308	2	307	1.2e-16	85.5
BCW-200154_03289	gnl|TC-DB|P0ACA3|1.A.12.3.1	47.6	208	108	1	1	207	1	208	6.2e-53	203.8
BCW-200154_03291	gnl|TC-DB|P05418|3.D.3.1.1	43.5	425	208	8	10	415	13	424	4.9e-94	341.3
BCW-200154_03292	gnl|TC-DB|P05417|3.D.3.1.1	35.8	187	108	6	14	199	15	190	5.3e-25	110.9
BCW-200154_03297	gnl|TC-DB|C6EIY9|3.A.1.105.15	33.2	377	240	6	1	370	6	377	4.7e-40	161.8
BCW-200154_03298	gnl|TC-DB|Q4VWC9|3.A.1.105.4	50.0	220	110	0	1	220	342	561	1.3e-59	226.5
BCW-200154_03303	gnl|TC-DB|P0A2L3|9.A.40.1.2	47.0	285	146	3	1	284	1	281	1.7e-64	242.7
BCW-200154_03305	gnl|TC-DB|O50455|1.A.35.3.5	37.5	304	181	2	49	344	64	366	1.9e-59	226.1
BCW-200154_03307	gnl|TC-DB|P0AFL1|3.A.1.11.2	59.9	252	100	1	27	277	29	280	6.9e-76	280.4
BCW-200154_03308	gnl|TC-DB|P31135|3.A.1.11.2	53.3	304	130	2	5	303	15	311	1.7e-88	322.4
BCW-200154_03309	gnl|TC-DB|P31134|3.A.1.11.2	59.9	357	143	0	21	377	20	376	7.8e-115	410.2
BCW-200154_03310	gnl|TC-DB|P31133|3.A.1.11.2	51.4	362	173	3	9	369	11	370	1.8e-108	389.0
BCW-200154_03316	gnl|TC-DB|D4ZZR3|9.B.34.1.3	42.2	166	92	2	268	430	229	393	3.7e-23	105.9
BCW-200154_03318	gnl|TC-DB|P37643|2.A.1.6.10	59.8	415	162	2	10	419	16	430	2.2e-134	475.3
BCW-200154_03324	gnl|TC-DB|P48632|1.B.14.1.6	37.4	729	411	15	25	740	117	813	2.6e-122	436.0
BCW-200154_03331	gnl|TC-DB|A0LFK9|9.B.102.4.1	30.0	253	154	10	57	298	405	645	4.7e-14	75.1
BCW-200154_03339	gnl|TC-DB|P0AG82|3.A.1.7.1	52.7	330	152	2	9	338	13	338	2.8e-92	335.1
BCW-200154_03341	gnl|TC-DB|P0AG82|3.A.1.7.1	52.5	314	147	1	49	362	27	338	1.0e-92	336.7
BCW-200154_03342	gnl|TC-DB|P0AGH8|3.A.1.7.1	50.7	304	148	2	20	321	14	317	2.1e-81	298.9
BCW-200154_03343	gnl|TC-DB|P07654|3.A.1.7.1	51.4	284	136	2	1	283	12	294	8.3e-77	283.5
BCW-200154_03344	gnl|TC-DB|P0AAH0|3.A.1.7.1	66.5	251	84	0	26	276	7	257	4.8e-98	354.0
BCW-200154_03351	gnl|TC-DB|D4ZZR3|9.B.34.1.3	41.8	170	91	3	817	981	230	396	3.9e-25	113.6
BCW-200154_03354	gnl|TC-DB|Q84BQ3|3.A.1.122.12	47.9	357	179	3	30	385	4	354	2.3e-56	216.1
BCW-200154_03355	gnl|TC-DB|A0ZUB1|3.A.1.122.12	55.4	650	289	1	4	652	2	651	5.0e-194	674.1
BCW-200154_03356	gnl|TC-DB|Q24LT6|2.A.6.2.29	31.1	479	288	11	14	476	10	462	1.6e-43	173.7
BCW-200154_03365	gnl|TC-DB|P0AEJ0|2.A.1.3.2	49.3	495	246	3	29	519	12	505	1.6e-137	486.1
BCW-200154_03366	gnl|TC-DB|P27303|8.A.1.1.1	44.3	348	194	0	37	384	41	388	3.0e-77	285.4
BCW-200154_03367	gnl|TC-DB|P24126|1.B.17.3.2	37.5	368	223	4	15	377	11	376	2.6e-57	219.5
BCW-200154_03373	gnl|TC-DB|Q9M353|2.A.37.4.8	36.9	409	237	7	65	455	28	433	5.5e-54	208.4
BCW-200154_03383	gnl|TC-DB|Q6XBY3|1.B.11.6.1	28.8	726	473	18	49	746	89	798	8.6e-68	255.0
BCW-200154_03389	gnl|TC-DB|D4ZZR3|9.B.34.1.3	41.4	169	96	2	323	490	227	393	1.9e-23	107.1
BCW-200154_03396	gnl|TC-DB|P0A943|1.B.33.1.3	36.0	824	454	12	12	784	6	807	2.6e-144	509.2
BCW-200154_03412	gnl|TC-DB|A2P528|2.A.7.3.9	35.5	273	164	6	16	281	7	274	2.2e-32	136.0
BCW-200154_03419	gnl|TC-DB|Q2G506|3.A.1.210.11	35.1	461	285	2	150	601	141	596	4.4e-67	252.3
BCW-200154_03425	gnl|TC-DB|D4ZZR3|9.B.34.1.3	38.0	179	102	3	182	352	216	393	3.3e-22	102.4
BCW-200154_03427	gnl|TC-DB|P76330|9.B.34.1.4	31.8	192	125	3	356	543	370	559	1.4e-19	94.4
BCW-200154_03429	gnl|TC-DB|F4LXP4|8.A.59.2.1	35.3	139	88	2	155	292	288	425	4.4e-16	82.0
BCW-200154_03431	gnl|TC-DB|P62517|4.D.3.1.1	39.6	606	329	11	50	625	131	729	6.1e-104	374.8
BCW-200154_03432	gnl|TC-DB|P17315|1.B.14.1.4	35.0	674	362	20	42	678	29	663	7.7e-97	351.3
BCW-200154_03434	gnl|TC-DB|T0QME2|1.E.55.2.3	40.6	133	71	1	4	128	1	133	1.3e-24	109.0
BCW-200154_03435	gnl|TC-DB|M3JA40|1.B.52.2.1	54.8	73	33	0	678	750	293	365	5.6e-12	69.7
BCW-200154_03441	gnl|TC-DB|P32482|2.A.1.2.3	48.0	379	195	2	9	385	8	386	9.7e-84	307.0
BCW-200154_03443	gnl|TC-DB|Q54806|2.A.1.3.5	32.7	501	303	9	14	499	11	492	2.7e-51	199.5
BCW-200154_03456	gnl|TC-DB|D4I357|9.B.97.4.1	27.2	335	222	8	9	340	7	322	1.9e-17	86.7
BCW-200154_03466	gnl|TC-DB|B8F5K7|4.D.1.3.2	35.9	248	153	5	11	254	2	247	4.0e-33	138.3
BCW-200154_03467	gnl|TC-DB|G0CA41|9.B.67.7.3	55.3	389	166	2	1	385	9	393	1.8e-114	409.1
BCW-200154_03468	gnl|TC-DB|V5BTU4|9.B.142.2.8	26.6	361	231	11	12	357	17	358	7.8e-18	88.6
BCW-200154_03473	gnl|TC-DB|Q8VRK4|3.A.11.1.3	44.0	266	136	5	78	342	62	315	2.5e-36	149.4
BCW-200154_03476	gnl|TC-DB|B4AEM5|1.E.43.3.1	48.3	87	45	0	175	261	93	179	1.0e-16	84.0
BCW-200154_03477	gnl|TC-DB|Q07711|3.A.7.7.1	24.1	565	353	18	54	583	80	603	2.4e-28	124.0
BCW-200154_03502	gnl|TC-DB|P25733|1.B.11.4.1	27.0	896	597	21	10	888	8	863	7.6e-84	308.5
BCW-200154_03509	gnl|TC-DB|Q8VRL8|3.A.11.1.3	29.3	365	228	7	12	352	16	374	2.3e-28	122.9
BCW-200154_03513	gnl|TC-DB|P34750|1.B.22.2.1	35.0	594	329	8	64	654	166	705	5.9e-94	341.7
BCW-200154_03520	gnl|TC-DB|P21345|2.A.23.1.1	31.7	419	274	4	10	427	5	412	1.1e-54	210.7
BCW-200154_03530	gnl|TC-DB|P0A915|1.B.39.1.6	34.3	210	130	5	7	209	4	212	4.4e-27	117.9
BCW-200154_03543	gnl|TC-DB|G0LBU8|1.B.14.6.11	37.0	184	104	6	39	213	202	382	2.3e-16	84.3
BCW-200154_03551	gnl|TC-DB|P9WG63|5.A.1.2.9	33.1	628	332	17	1	587	115	695	9.7e-72	267.7
BCW-200154_03558	gnl|TC-DB|P06129|1.B.14.3.1	33.4	605	361	15	123	703	26	612	1.7e-75	280.4
BCW-200154_03566	gnl|TC-DB|P76397|8.A.1.6.2	41.5	371	205	8	27	392	38	401	1.7e-62	236.5
BCW-200154_03567	gnl|TC-DB|I0KTJ0|2.A.6.2.43	96.2	1077	41	0	1	1077	1	1077	0.0e+00	1916.7
BCW-200154_03568	gnl|TC-DB|I0KTJ1|2.A.6.2.43	96.8	1040	33	0	1	1040	1	1040	0.0e+00	1867.4
BCW-200154_03570	gnl|TC-DB|P75870|2.A.85.1.1	38.5	699	410	8	19	713	17	699	4.3e-122	435.3
BCW-200154_03593	gnl|TC-DB|P69937|2.A.7.1.4	53.9	102	47	0	1	102	1	102	1.3e-27	118.6
BCW-200154_03596	gnl|TC-DB|Q8NLX4|2.A.102.4.8	41.9	248	123	5	12	243	9	251	5.7e-37	151.0
BCW-200154_03612	gnl|TC-DB|Q52978|2.A.63.1.1	50.4	946	433	8	5	914	32	977	4.3e-239	824.3
BCW-200154_03613	gnl|TC-DB|Q52980|2.A.63.1.1	53.0	115	54	0	1	115	1	115	1.2e-24	109.0
BCW-200154_03614	gnl|TC-DB|Q52981|2.A.63.1.1	40.0	530	271	10	1	494	5	523	3.5e-86	315.5
BCW-200154_03616	gnl|TC-DB|Q52983|2.A.63.1.1	43.5	85	48	0	10	94	8	92	3.3e-14	73.9
BCW-200154_03628	gnl|TC-DB|Q5KYD1|2.A.17.1.7	36.7	493	281	13	22	499	20	496	2.7e-67	252.7
BCW-200154_03646	gnl|TC-DB|Q15HU6|3.A.7.14.2	34.8	141	86	3	222	360	47	183	1.8e-13	73.6
BCW-200154_03659	gnl|TC-DB|Q9HV74|2.A.21.9.1	30.6	396	199	11	22	400	638	974	1.0e-27	120.9
BCW-200154_03666	gnl|TC-DB|F8CVI0|1.B.52.2.2	32.9	140	88	3	91	224	150	289	4.9e-11	65.5
BCW-200154_03673	gnl|TC-DB|Q9SXJ7|3.A.9.1.2	39.0	810	402	12	15	745	131	927	4.6e-151	531.6
BCW-200154_03681	gnl|TC-DB|P46889|3.A.12.1.2	62.9	498	175	2	288	785	840	1327	2.5e-171	599.0
BCW-200154_03683	gnl|TC-DB|Q8XWY0|1.B.46.1.3	35.0	214	129	5	3	210	4	213	4.0e-28	121.3
BCW-200154_03689	gnl|TC-DB|A8GDS8|3.A.1.14.16	31.8	255	163	5	90	341	26	272	8.7e-20	94.4
BCW-200154_03690	gnl|TC-DB|O68878|3.A.1.14.21	46.9	320	163	4	16	329	7	325	7.5e-61	230.7
BCW-200154_03691	gnl|TC-DB|O68877|3.A.1.14.21	47.2	252	128	1	5	251	2	253	5.3e-51	197.6
BCW-200154_03698	gnl|TC-DB|P09489|1.B.12.5.1	27.8	1158	566	28	90	1125	36	1045	1.2e-102	371.3
BCW-200154_03706	gnl|TC-DB|G2JTB4|3.A.11.1.4	36.0	150	77	5	6	149	9	145	3.8e-17	84.7
BCW-200154_03712	gnl|TC-DB|A7NLS3|3.A.1.17.7	31.9	235	160	0	14	248	39	273	5.8e-29	124.4
BCW-200154_03713	gnl|TC-DB|O05347|3.A.1.16.2	42.2	225	128	1	35	257	45	269	9.9e-51	196.8
BCW-200154_03717	gnl|TC-DB|P74477|2.A.49.6.1	31.4	382	229	10	57	422	74	438	1.4e-30	130.6
BCW-200154_03720	gnl|TC-DB|A1S5F2|2.A.2.3.6	34.0	483	279	3	14	496	2	444	6.5e-74	275.4
BCW-200154_03727	gnl|TC-DB|P15729|2.A.1.1.32	48.8	459	231	4	10	467	13	468	2.3e-116	415.6
BCW-200154_03733	gnl|TC-DB|Q9A608|1.B.14.12.1	24.3	798	509	25	7	787	4	723	1.7e-42	171.4
BCW-200154_03751	gnl|TC-DB|Q9HXW4|2.A.6.2.17	41.7	1021	587	3	4	1017	3	1022	2.7e-218	755.4
BCW-200154_03754	gnl|TC-DB|P43838|1.B.9.1.4	29.9	428	254	10	4	403	6	415	1.2e-37	154.1
BCW-200154_03756	gnl|TC-DB|P0ADL1|2.A.1.2.26	38.3	371	229	0	10	380	16	386	1.4e-66	250.0
BCW-200154_03763	gnl|TC-DB|Q8G8W9|1.B.14.1.26	26.1	686	413	27	70	701	139	784	2.6e-42	170.2
BCW-200154_03768	gnl|TC-DB|P0ADL1|2.A.1.2.26	40.4	389	225	1	13	401	12	393	1.8e-72	269.6
BCW-200154_03785	gnl|TC-DB|A0ZUB1|3.A.1.122.12	48.5	652	330	4	1	647	1	651	4.1e-156	548.1
BCW-200154_03786	gnl|TC-DB|Q84BQ3|3.A.1.122.12	33.9	342	220	3	69	410	18	353	8.1e-36	147.9
BCW-200154_03789	gnl|TC-DB|W1HZL5|3.A.1.106.16	48.8	285	146	0	20	304	6	290	1.7e-67	252.7
BCW-200154_03801	gnl|TC-DB|Q81E21|2.A.8.1.14	55.9	479	195	5	1	465	1	477	1.1e-134	476.5
BCW-200154_03802	gnl|TC-DB|Q84HG2|1.B.14.8.6	22.7	696	470	17	40	731	37	668	7.9e-39	158.7
BCW-200154_03805	gnl|TC-DB|Q93N33|2.A.21.9.2	38.8	1150	644	16	12	1106	12	1156	3.7e-189	658.7
BCW-200154_03808	gnl|TC-DB|P31552|4.C.1.1.6	25.8	512	335	11	44	541	37	517	3.6e-39	159.5
BCW-200154_03834	gnl|TC-DB|A3UHU5|9.A.24.2.2	34.0	156	100	1	5	157	10	165	2.6e-11	65.1
BCW-200154_03845	gnl|TC-DB|M2X3K0|9.B.115.1.1	30.6	196	123	6	66	254	40	229	1.4e-11	66.6
BCW-200154_03855	gnl|TC-DB|Q6PML9|2.A.4.6.1	31.2	301	194	5	6	303	235	525	9.1e-32	134.0
BCW-200154_03864	gnl|TC-DB|P36640|3.A.3.4.1	59.9	881	335	2	40	919	39	902	4.6e-286	980.3
BCW-200154_03865	gnl|TC-DB|P22037|9.B.20.1.1	41.9	198	106	3	19	213	11	202	3.7e-33	138.3
BCW-200154_03882	gnl|TC-DB|Q9L1B4|2.A.1.3.19	40.9	501	284	6	5	498	6	501	2.1e-83	306.2
BCW-200154_03886	gnl|TC-DB|Q6MNW8|3.A.1.136.2	43.6	413	232	1	3	414	6	418	2.6e-87	318.9
BCW-200154_03887	gnl|TC-DB|O53899|3.A.1.125.2	37.3	228	126	4	1	220	1	219	5.4e-26	114.4
BCW-200154_03890	gnl|TC-DB|Q8EDM8|1.B.14.8.4	23.9	786	478	26	6	733	9	732	6.1e-31	132.5
BCW-200154_03896	gnl|TC-DB|Q8X6C1|1.B.12.1.6	32.1	577	341	15	247	778	779	1349	4.0e-57	219.5
BCW-200154_03900	gnl|TC-DB|P0C0L7|2.A.1.6.4	52.4	460	212	2	15	468	5	463	1.9e-137	485.7
BCW-200154_03909	gnl|TC-DB|P17315|1.B.14.1.4	34.5	652	371	16	33	647	31	663	6.4e-93	338.2
BCW-200154_03919	gnl|TC-DB|F7STR2|1.B.62.1.7	54.1	538	236	4	44	579	38	566	2.7e-159	558.5
BCW-200154_03921	gnl|TC-DB|Q1D0D2|1.A.30.2.7	35.0	117	76	0	16	132	16	132	3.1e-13	71.2
BCW-200154_03922	gnl|TC-DB|P0ABU9|1.A.30.2.2	31.3	217	139	6	364	580	11	217	3.2e-14	76.6
BCW-200154_03923	gnl|TC-DB|Q9I5N4|1.B.20.3.6	52.1	518	233	3	28	538	35	544	3.8e-147	518.1
BCW-200154_03930	gnl|TC-DB|Q93GK4|3.A.1.110.1	31.2	176	110	3	178	342	234	409	8.0e-18	87.8
BCW-200154_03933	gnl|TC-DB|P22520|3.A.1.110.2	40.4	673	400	1	4	675	24	696	2.4e-141	499.2
BCW-200154_03936	gnl|TC-DB|D0VWY2|3.A.1.7.3	44.3	397	166	13	27	396	3	371	5.9e-73	271.2
BCW-200154_03937	gnl|TC-DB|P15745|3.A.15.1.1	39.8	399	219	2	1	398	1	379	2.5e-63	239.2
BCW-200154_03938	gnl|TC-DB|P15645|3.A.15.1.1	52.6	483	214	6	8	477	9	489	4.6e-136	481.1
BCW-200154_03939	gnl|TC-DB|P35818|1.B.22.1.2	32.8	704	399	12	3	697	13	651	9.3e-86	314.7
BCW-200154_03943	gnl|TC-DB|Q9XD71|3.A.15.3.1	57.8	135	54	2	11	143	3	136	2.9e-38	154.5
BCW-200154_03955	gnl|TC-DB|O30144|3.A.1.6.8	42.3	220	113	3	1	220	1	206	8.8e-42	166.8
BCW-200154_03956	gnl|TC-DB|P0AF01|3.A.1.8.1	51.5	200	95	1	2	199	5	204	4.2e-47	184.5
BCW-200154_03960	gnl|TC-DB|Q93PW1|2.A.1.8.11	60.1	429	170	1	12	439	11	439	4.5e-138	487.6
BCW-200154_03962	gnl|TC-DB|P11350|5.A.3.1.1	54.1	222	102	0	4	225	3	224	4.6e-65	244.2
BCW-200154_03964	gnl|TC-DB|P19318|5.A.3.1.2	72.5	498	135	2	1	496	1	498	4.0e-231	797.0
BCW-200154_03965	gnl|TC-DB|P09152|5.A.3.1.1	69.8	1240	368	6	1	1237	1	1237	0.0e+00	1889.4
BCW-200154_03966	gnl|TC-DB|Q166T6|2.A.1.8.11	53.2	464	211	3	11	472	7	466	3.1e-137	485.0
BCW-200154_03984	gnl|TC-DB|E0LV84|2.A.85.1.4	26.5	569	370	10	27	547	6	574	2.1e-43	173.7
BCW-200154_03986	gnl|TC-DB|P46482|8.A.1.7.1	41.1	287	167	2	1	286	1	286	4.4e-49	191.4
BCW-200154_03987	gnl|TC-DB|B3PY75|1.B.17.3.8	27.4	471	334	2	7	476	5	468	2.8e-29	126.3
BCW-200154_03997	gnl|TC-DB|Q89SS6|2.A.1.42.2	23.8	478	317	12	476	923	654	1114	1.0e-17	89.4
BCW-200154_04000	gnl|TC-DB|P69451|4.C.1.1.4	25.9	548	357	15	31	541	21	556	7.8e-31	131.7
BCW-200154_04016	gnl|TC-DB|Q89K67|2.A.55.2.6	69.8	431	130	0	12	442	20	450	8.4e-161	563.1
BCW-200154_04022	gnl|TC-DB|G0LBU8|1.B.14.6.11	34.8	187	110	5	35	211	198	382	1.3e-16	85.1
BCW-200154_04023	gnl|TC-DB|Q4ZLW8|2.A.15.1.3	68.3	656	198	4	11	659	12	664	6.9e-260	892.9
BCW-200154_04029	gnl|TC-DB|P69213|2.A.7.1.9	42.3	104	60	0	11	114	2	105	1.5e-16	82.0
BCW-200154_04032	gnl|TC-DB|Q9HXB2|1.B.14.1.12	41.0	676	386	8	27	693	113	784	1.2e-140	496.9
BCW-200154_04034	gnl|TC-DB|P22037|9.B.20.1.1	39.9	223	131	3	16	237	11	231	9.4e-34	140.2
BCW-200154_04038	gnl|TC-DB|P0A910|1.B.6.1.1	43.6	101	54	2	160	257	217	317	2.2e-13	72.8
BCW-200154_04039	gnl|TC-DB|E1WDB9|1.B.40.2.5	41.9	167	93	1	1357	1523	1299	1461	2.0e-28	125.2
BCW-200154_04045	gnl|TC-DB|Q8GD00|9.A.47.1.1	29.3	413	219	13	36	413	41	415	1.7e-31	133.7
BCW-200154_04047	gnl|TC-DB|Q9XC06|3.A.7.15.1	48.7	345	175	1	89	431	59	403	9.3e-91	330.5
BCW-200154_04056	gnl|TC-DB|Q9X4X4|2.A.1.30.1	33.4	536	349	5	12	545	18	547	3.3e-74	275.8
BCW-200154_04065	gnl|TC-DB|A8GHT9|2.A.1.36.2	35.7	406	238	11	1	394	1	395	3.2e-34	142.5
