BCW-201450_00007	gnl|TC-DB|P75830|3.A.1.122.1	49.6	359	180	1	4	361	5	363	5.7e-86	314.3
BCW-201450_00046	gnl|TC-DB|P33129|1.B.11.3.3	34.0	842	514	15	20	824	17	853	3.9e-127	452.2
BCW-201450_00112	gnl|TC-DB|P34210|9.B.50.1.2	79.7	315	64	0	1	315	1	315	2.8e-150	527.7
BCW-201450_00114	gnl|TC-DB|I7MT28|1.A.62.2.2	78.9	57	12	0	1	57	1	57	9.3e-19	88.6
BCW-201450_00115	gnl|TC-DB|I7MT28|1.A.62.2.2	68.9	132	41	0	1	132	69	200	1.4e-45	178.7
BCW-201450_00131	gnl|TC-DB|Q91UW6|3.A.7.3.1	39.9	311	180	5	25	328	36	346	3.7e-63	238.4
BCW-201450_00132	gnl|TC-DB|O50337|3.A.7.2.1	41.1	190	108	2	202	391	204	389	4.4e-36	148.7
BCW-201450_00139	gnl|TC-DB|Q7VSX9|3.A.7.3.1	33.5	818	504	14	88	889	16	809	1.2e-121	434.1
BCW-201450_00201	gnl|TC-DB|Q53903|2.A.1.3.7	25.2	433	292	9	13	436	20	429	7.5e-23	105.1
BCW-201450_00202	gnl|TC-DB|P39886|2.A.1.3.12	24.6	431	301	6	21	447	25	435	3.9e-30	129.4
BCW-201450_00208	gnl|TC-DB|P0AEM9|3.A.1.3.10	30.5	256	161	5	6	249	14	264	1.7e-28	122.9
BCW-201450_00209	gnl|TC-DB|Q8YSA2|3.A.1.3.17	34.5	238	129	4	8	245	275	485	4.2e-32	134.8
BCW-201450_00210	gnl|TC-DB|Q9CES4|3.A.1.3.25	62.3	239	90	0	2	240	7	245	2.5e-82	301.6
BCW-201450_00211	gnl|TC-DB|O31199|2.A.3.1.9	74.6	449	112	1	18	464	7	455	1.6e-186	648.7
BCW-201450_00220	gnl|TC-DB|P0A9T8|3.A.1.122.15	78.1	228	50	0	1	228	1	228	9.2e-95	342.8
BCW-201450_00221	gnl|TC-DB|P77504|3.A.1.122.15	66.0	800	266	1	1	800	1	794	4.7e-295	1010.0
BCW-201450_00222	gnl|TC-DB|P76330|9.B.34.1.4	38.4	159	95	3	229	385	401	558	6.2e-25	111.7
BCW-201450_00225	gnl|TC-DB|D4ZZR3|9.B.34.1.3	27.1	332	219	9	126	445	73	393	1.7e-18	90.5
BCW-201450_00250	gnl|TC-DB|P32705|2.A.21.7.2	82.9	549	92	2	4	552	3	549	9.2e-250	859.0
BCW-201450_00251	gnl|TC-DB|P0AF54|9.B.136.1.1	68.6	102	32	0	1	102	1	102	6.7e-37	149.4
BCW-201450_00252	gnl|TC-DB|P31552|4.C.1.1.6	22.9	529	374	15	90	616	21	517	3.7e-24	109.8
BCW-201450_00254	gnl|TC-DB|P21345|2.A.23.1.1	81.3	433	81	0	1	433	1	433	2.1e-188	654.8
BCW-201450_00255	gnl|TC-DB|Q9KN48|3.A.23.1.1	32.0	222	147	2	344	561	197	418	1.1e-26	118.2
BCW-201450_00256	gnl|TC-DB|P02930|1.B.17.1.1	70.9	501	134	4	1	497	1	493	1.6e-176	615.5
BCW-201450_00264	gnl|TC-DB|Q88P38|3.A.1.1.30	44.4	401	215	5	21	414	29	428	1.4e-96	349.7
BCW-201450_00265	gnl|TC-DB|Q8DR78|4.A.6.1.14	38.4	73	42	1	2	74	1	70	2.4e-11	65.1
BCW-201450_00266	gnl|TC-DB|P42911|4.A.6.1.5	69.5	259	79	0	27	285	5	263	1.1e-97	352.8
BCW-201450_00267	gnl|TC-DB|Q9KIP7|4.A.6.1.5	67.8	267	80	1	1	261	1	267	8.6e-97	349.7
BCW-201450_00268	gnl|TC-DB|P42909|4.A.6.1.5	65.4	156	54	0	1	156	1	156	1.2e-56	215.7
BCW-201450_00273	gnl|TC-DB|P36649|1.B.76.1.8	31.0	506	295	8	3	456	1	504	1.2e-61	233.8
BCW-201450_00274	gnl|TC-DB|P77374|5.A.3.3.1	80.2	802	158	1	12	813	8	808	0.0e+00	1348.2
BCW-201450_00277	gnl|TC-DB|Q9K0A9|2.A.28.2.4	44.3	296	163	1	7	300	13	308	1.3e-62	236.5
BCW-201450_00283	gnl|TC-DB|P24943|2.A.23.1.2	24.8	412	284	7	4	400	1	401	6.9e-24	108.2
BCW-201450_00285	gnl|TC-DB|P68183|3.A.1.1.1	86.8	296	39	0	1	296	1	296	7.4e-145	509.6
BCW-201450_00286	gnl|TC-DB|P02916|3.A.1.1.1	73.5	514	134	2	10	523	3	514	4.8e-224	773.5
BCW-201450_00287	gnl|TC-DB|P0AEX9|3.A.1.1.1	83.8	396	64	0	1	396	1	396	1.4e-199	691.8
BCW-201450_00288	gnl|TC-DB|P68187|3.A.1.1.1	85.4	371	52	1	1	369	1	371	6.1e-181	629.8
BCW-201450_00289	gnl|TC-DB|P02943|1.B.3.1.1	73.2	444	105	3	1	430	3	446	7.8e-196	679.5
BCW-201450_00295	gnl|TC-DB|P0AE74|2.A.47.3.2	92.6	487	36	0	1	487	1	487	2.5e-259	890.6
BCW-201450_00305	gnl|TC-DB|P28303|2.A.66.1.4	73.5	438	116	0	1	438	19	456	3.4e-178	620.9
BCW-201450_00319	gnl|TC-DB|K3LPY5|1.B.6.2.13	33.1	242	130	4	1	210	1	242	1.3e-31	132.9
BCW-201450_00320	gnl|TC-DB|P76330|9.B.34.1.4	36.1	549	344	3	28	572	17	562	8.2e-100	360.9
BCW-201450_00334	gnl|TC-DB|M8KG08|1.E.1.1.7	44.9	550	245	10	488	1012	47	563	5.4e-118	422.2
BCW-201450_00363	gnl|TC-DB|P0AC96|2.A.8.1.8	78.7	445	95	0	1	445	1	445	7.3e-197	682.9
BCW-201450_00364	gnl|TC-DB|P0AG38|2.A.76.1.2	68.0	206	65	1	1	206	2	206	9.3e-78	286.2
BCW-201450_00371	gnl|TC-DB|Q5EAK4|2.A.16.2.2	29.8	339	213	8	31	347	1378	1713	1.2e-24	111.3
BCW-201450_00374	gnl|TC-DB|P27844|2.A.7.7.2	76.5	293	69	0	1	293	1	293	1.4e-132	468.8
BCW-201450_00375	gnl|TC-DB|P0A2R8|1.A.35.1.2	89.9	316	32	0	1	316	1	316	3.5e-161	563.9
BCW-201450_00382	gnl|TC-DB|P27838|9.B.21.2.1	69.3	101	31	0	1	101	1	101	5.8e-39	156.4
BCW-201450_00394	gnl|TC-DB|B6I4D1|9.B.128.1.1	76.5	447	103	1	1	447	1	445	3.2e-195	677.6
BCW-201450_00396	gnl|TC-DB|P0AAA7|2.A.66.2.3	76.2	416	99	0	1	416	1	416	4.9e-179	623.6
BCW-201450_00403	gnl|TC-DB|P0AC78|9.B.146.1.7	71.6	356	101	0	1	356	1	356	1.2e-144	509.2
BCW-201450_00404	gnl|TC-DB|P40290|3.A.6.1.1	29.0	252	157	6	180	419	148	389	4.8e-15	79.0
BCW-201450_00406	gnl|TC-DB|O00571|1.I.1.1.3	34.8	353	216	3	9	347	180	532	8.7e-54	207.6
BCW-201450_00423	gnl|TC-DB|P94131|2.A.1.15.4	25.8	391	273	5	15	393	22	407	2.1e-28	123.2
BCW-201450_00461	gnl|TC-DB|Q56102|3.A.7.10.1	36.9	602	371	4	37	634	34	630	3.6e-108	389.0
BCW-201450_00462	gnl|TC-DB|Q56101|3.A.7.10.1	36.5	203	118	5	125	320	148	346	5.4e-27	118.2
BCW-201450_00463	gnl|TC-DB|Q56100|3.A.7.10.1	42.1	342	190	2	38	377	39	374	4.9e-68	255.0
BCW-201450_00466	gnl|TC-DB|Q9WW95|9.B.40.1.2	46.0	726	369	11	4	715	28	744	3.9e-168	588.2
BCW-201450_00502	gnl|TC-DB|P19934|2.C.1.2.1	56.6	83	36	0	44	126	339	421	1.3e-21	99.0
BCW-201450_00524	gnl|TC-DB|M3JA40|1.B.52.2.1	44.7	85	47	0	356	440	280	364	5.3e-13	72.4
BCW-201450_00526	gnl|TC-DB|Q2FD83|2.A.7.1.11	53.8	104	48	0	6	109	1	104	2.7e-23	104.4
BCW-201450_00531	gnl|TC-DB|P76330|9.B.34.1.4	30.2	162	105	4	248	402	394	554	2.4e-13	73.2
BCW-201450_00532	gnl|TC-DB|P07021|1.B.6.1.21	53.1	147	67	2	17	161	14	160	3.3e-38	154.5
BCW-201450_00533	gnl|TC-DB|P0C0L7|2.A.1.6.4	78.9	498	105	0	3	500	2	499	2.7e-232	800.8
BCW-201450_00536	gnl|TC-DB|P37327|1.A.16.4.1	71.2	278	80	0	13	290	7	284	4.1e-111	397.5
BCW-201450_00537	gnl|TC-DB|P0AEY1|2.A.95.1.1	83.3	221	37	0	1	221	1	221	4.3e-97	350.5
BCW-201450_00545	gnl|TC-DB|E3GUW2|3.A.1.14.11	63.0	346	127	1	7	352	2	346	1.2e-125	446.0
BCW-201450_00546	gnl|TC-DB|Q57130|3.A.1.14.11	53.5	331	151	1	7	334	7	337	1.1e-88	323.2
BCW-201450_00547	gnl|TC-DB|Q57399|3.A.1.14.11	47.0	219	113	2	5	221	4	221	1.2e-50	196.4
BCW-201450_00553	gnl|TC-DB|Q1D027|1.A.1.24.3	41.7	264	148	2	10	273	14	271	4.5e-43	171.4
BCW-201450_00558	gnl|TC-DB|P02929|2.C.1.1.1	53.6	84	39	0	142	225	156	239	1.7e-21	99.4
BCW-201450_00561	gnl|TC-DB|P71997|2.A.53.4.2	38.5	522	319	2	8	528	9	529	4.8e-95	345.1
BCW-201450_00564	gnl|TC-DB|P0A915|1.B.39.1.6	61.0	213	81	2	1	212	1	212	3.4e-75	277.7
BCW-201450_00579	gnl|TC-DB|P42200|3.A.1.3.14	55.4	213	94	1	19	230	19	231	5.0e-56	214.2
BCW-201450_00580	gnl|TC-DB|B8F896|3.A.1.3.28	45.3	256	138	2	2	255	3	258	1.3e-57	219.5
BCW-201450_00581	gnl|TC-DB|P75788|2.A.45.2.5	57.5	355	151	0	15	369	12	366	2.9e-98	355.1
BCW-201450_00606	gnl|TC-DB|F4SWK5|1.E.5.2.5	37.8	82	51	0	14	95	16	97	4.0e-13	70.5
BCW-201450_00645	gnl|TC-DB|P26465|3.A.6.2.1	53.4	410	176	5	23	419	29	436	4.0e-115	411.4
BCW-201450_00648	gnl|TC-DB|P15928|3.A.6.2.1	29.4	574	341	16	2	543	17	558	8.3e-49	191.4
BCW-201450_00650	gnl|TC-DB|Q9KN48|3.A.23.1.1	40.2	311	175	6	33	332	211	521	1.2e-53	206.8
BCW-201450_00652	gnl|TC-DB|P26419|3.A.6.2.1	37.3	126	70	2	2	127	8	124	2.9e-11	64.7
BCW-201450_00653	gnl|TC-DB|P54700|3.A.6.2.1	48.1	241	120	3	10	247	4	242	1.0e-46	183.3
BCW-201450_00656	gnl|TC-DB|P40727|3.A.6.2.1	34.7	354	221	3	4	351	5	354	7.4e-49	191.0
BCW-201450_00657	gnl|TC-DB|P76298|1.A.104.1.1	45.1	679	357	6	21	697	25	689	1.3e-152	536.6
BCW-201450_00660	gnl|TC-DB|P0AGF4|2.A.1.1.3	80.1	487	97	0	1	487	1	487	1.8e-225	778.1
BCW-201450_00664	gnl|TC-DB|P37669|9.B.97.1.1	52.9	331	156	0	1	331	1	331	1.7e-97	352.4
BCW-201450_00665	gnl|TC-DB|P0AEY8|2.A.1.2.19	79.5	405	83	0	1	405	1	405	9.4e-183	636.0
BCW-201450_00668	gnl|TC-DB|P0A8K8|9.B.126.2.1	71.7	269	74	1	17	285	21	287	3.0e-93	338.2
BCW-201450_00670	gnl|TC-DB|M3JA40|1.B.52.2.1	58.3	60	25	0	349	408	276	335	2.3e-11	67.0
BCW-201450_00674	gnl|TC-DB|Q9KN48|3.A.23.1.1	37.5	352	209	3	127	470	177	525	3.1e-52	202.6
BCW-201450_00678	gnl|TC-DB|B7L824|2.A.81.1.5	74.3	552	142	0	1	552	1	552	7.9e-233	802.7
BCW-201450_00681	gnl|TC-DB|P94774|2.A.1.14.41	24.6	317	225	3	12	319	9	320	2.1e-15	80.1
BCW-201450_00688	gnl|TC-DB|P0A4L7|5.A.2.1.2	28.4	190	116	5	8	179	14	201	5.0e-15	77.8
BCW-201450_00702	gnl|TC-DB|P0AFZ7|2.A.38.1.1	89.6	482	50	0	1	482	1	482	2.4e-249	857.4
BCW-201450_00713	gnl|TC-DB|P69423|2.A.64.1.1	79.9	239	48	0	1	239	1	239	7.0e-107	383.3
BCW-201450_00714	gnl|TC-DB|P69425|2.A.64.1.1	73.0	126	34	0	1	126	1	126	8.1e-41	163.3
BCW-201450_00715	gnl|TC-DB|P69428|2.A.64.1.1	59.6	94	28	3	1	89	1	89	1.9e-16	81.3
BCW-201450_00721	gnl|TC-DB|Q0P9Y2|2.A.114.1.5	44.1	564	284	8	4	540	34	593	6.5e-124	441.0
BCW-201450_00726	gnl|TC-DB|P32670|4.A.2.1.10	76.2	833	198	0	1	833	1	833	0.0e+00	1274.2
BCW-201450_00728	gnl|TC-DB|P32672|4.A.2.1.10	85.6	360	51	1	1	360	1	359	4.9e-167	583.6
BCW-201450_00729	gnl|TC-DB|P69816|4.A.2.1.10	91.5	106	9	0	1	106	1	106	1.1e-47	185.3
BCW-201450_00732	gnl|TC-DB|P32676|4.A.2.1.10	66.4	107	36	0	5	111	4	110	2.2e-36	147.9
BCW-201450_00737	gnl|TC-DB|P0ADP5|2.A.7.3.61	65.7	283	97	0	1	283	1	283	4.0e-103	370.9
BCW-201450_00743	gnl|TC-DB|P37617|3.A.3.6.2	63.6	701	250	2	82	782	36	731	3.5e-234	807.7
BCW-201450_00745	gnl|TC-DB|B2D7K2|3.A.23.1.1	38.0	505	296	3	5	492	4	508	1.6e-89	327.0
BCW-201450_00749	gnl|TC-DB|P38919|3.A.18.1.1	37.7	361	222	3	1	359	36	395	3.6e-66	248.8
BCW-201450_00751	gnl|TC-DB|Q9UEF7|8.A.49.1.1	31.3	489	264	16	4	464	61	505	8.5e-63	237.7
BCW-201450_00752	gnl|TC-DB|Q9KSH4|4.A.3.2.6	47.8	425	222	0	2	426	4	428	2.9e-113	405.2
BCW-201450_00753	gnl|TC-DB|E9RJ18|3.A.7.13.2	33.0	106	61	3	71	166	254	359	1.1e-12	69.7
BCW-201450_00758	gnl|TC-DB|Q9RPV1|2.A.1.14.9	28.8	423	282	7	24	430	35	454	5.7e-40	161.8
BCW-201450_00768	gnl|TC-DB|P44018|2.A.61.1.3	41.4	278	152	2	152	418	1	278	1.3e-49	193.7
BCW-201450_00769	gnl|TC-DB|O07221|9.B.20.1.2	40.5	210	123	2	4	212	3	211	3.0e-32	135.2
BCW-201450_00771	gnl|TC-DB|P0AGH1|3.A.1.105.16	81.8	374	68	0	1	374	1	374	2.7e-168	587.8
BCW-201450_00772	gnl|TC-DB|C8TJS4|3.A.1.105.16	80.0	906	176	2	14	919	11	911	0.0e+00	1397.1
BCW-201450_00773	gnl|TC-DB|P37626|3.A.1.105.16	72.6	354	96	1	4	357	3	355	7.1e-102	367.1
BCW-201450_00782	gnl|TC-DB|P31552|4.C.1.1.6	68.3	518	162	1	1	518	1	516	1.1e-212	735.7
BCW-201450_00785	gnl|TC-DB|B4EY22|2.A.15.2.2	76.6	499	116	1	8	506	6	503	6.3e-237	816.2
BCW-201450_00790	gnl|TC-DB|P31679|2.A.1.1.114	73.5	437	116	0	1	437	1	437	3.8e-190	660.6
BCW-201450_00794	gnl|TC-DB|Q32AY2|3.A.1.14.18	40.6	283	161	4	53	329	35	316	6.9e-51	197.6
BCW-201450_00795	gnl|TC-DB|Q57399|3.A.1.14.11	38.4	229	126	3	18	245	20	234	1.9e-40	162.5
BCW-201450_00798	gnl|TC-DB|660511454|1.B.14.4.3	69.8	660	194	2	1	659	1	656	1.6e-280	961.4
BCW-201450_00802	gnl|TC-DB|P0A754|2.A.37.1.1	33.1	118	65	3	80	197	45	148	1.0e-12	70.5
BCW-201450_00808	gnl|TC-DB|P33226|5.A.3.4.1	49.9	363	180	1	9	371	18	378	1.1e-100	363.2
BCW-201450_00809	gnl|TC-DB|P33225|5.A.3.4.1	55.6	820	351	6	1	809	1	818	8.4e-287	982.6
BCW-201450_00846	gnl|TC-DB|M3JA40|1.B.52.2.1	35.2	182	104	4	353	520	279	460	2.2e-17	87.0
BCW-201450_00847	gnl|TC-DB|P0ADC6|1.B.42.1.2	77.5	356	78	1	3	356	5	360	4.2e-155	543.9
BCW-201450_00848	gnl|TC-DB|P0AF98|1.B.42.1.2	70.9	364	106	0	1	364	1	364	1.4e-145	512.3
BCW-201450_00854	gnl|TC-DB|P39137|2.A.3.1.11	41.2	430	248	2	9	434	4	432	4.1e-89	325.1
BCW-201450_00856	gnl|TC-DB|F2HL33|2.A.3.7.7	22.6	438	311	12	31	459	30	448	1.9e-22	103.6
BCW-201450_00862	gnl|TC-DB|Q1D0C6|2.A.1.49.7	27.3	311	206	5	34	340	34	328	8.6e-27	117.9
BCW-201450_00868	gnl|TC-DB|Q05839|8.A.9.1.1	29.0	531	309	10	7	512	109	596	1.1e-66	250.8
BCW-201450_00869	gnl|TC-DB|P36672|4.A.1.2.4	78.1	471	103	0	1	471	2	472	3.1e-214	740.7
BCW-201450_00871	gnl|TC-DB|P0AEX3|2.A.1.6.2	75.1	433	107	1	1	433	1	432	1.1e-184	642.5
BCW-201450_00878	gnl|TC-DB|P80874|8.A.5.1.4	36.7	150	72	7	17	145	15	162	7.4e-14	74.3
BCW-201450_00882	gnl|TC-DB|P33024|2.A.41.2.9	72.4	416	114	1	1	416	1	415	8.6e-147	516.5
BCW-201450_00889	gnl|TC-DB|Q9KN48|3.A.23.1.1	50.4	242	119	1	272	513	193	433	2.7e-61	233.0
BCW-201450_00902	gnl|TC-DB|P67444|2.A.40.4.3	76.3	439	104	0	22	460	9	447	1.7e-186	648.7
BCW-201450_00904	gnl|TC-DB|Q46817|2.A.40.7.7	86.2	455	63	0	1	455	1	455	4.8e-204	706.8
BCW-201450_00905	gnl|TC-DB|P32703|2.A.36.3.1	73.4	548	146	0	1	548	1	548	8.7e-224	772.7
BCW-201450_00907	gnl|TC-DB|E7UC95|1.E.14.1.9	65.4	130	45	0	1	130	1	130	9.2e-40	159.5
BCW-201450_00908	gnl|TC-DB|I6TRN5|2.A.122.1.4	28.9	218	155	0	11	228	12	229	5.2e-21	97.8
BCW-201450_00912	gnl|TC-DB|P08722|4.A.1.2.2	38.3	488	258	5	9	488	5	457	4.9e-80	295.0
BCW-201450_00913	gnl|TC-DB|Q9UEF7|8.A.49.1.1	28.4	490	292	16	3	475	58	505	2.9e-42	169.5
BCW-201450_00918	gnl|TC-DB|P70786|2.A.1.14.3	46.7	420	212	5	17	434	24	433	2.0e-101	365.9
BCW-201450_00919	gnl|TC-DB|P0AEP1|2.A.1.1.1	67.6	448	145	0	17	464	15	462	1.2e-168	589.3
BCW-201450_00940	gnl|TC-DB|P16256|2.A.21.1.1	80.2	470	93	0	2	471	1	470	6.1e-197	683.3
BCW-201450_00945	gnl|TC-DB|Q8XB73|5.B.7.1.1	68.0	194	61	1	3	195	2	195	4.4e-69	257.3
BCW-201450_00949	gnl|TC-DB|P0A9X4|9.B.157.1.3	98.8	347	4	0	1	347	1	347	3.6e-191	663.7
BCW-201450_00950	gnl|TC-DB|P16926|9.B.157.1.3	83.6	318	52	0	1	318	1	318	1.3e-151	532.3
BCW-201450_00951	gnl|TC-DB|P0ABH4|9.B.157.1.3	74.1	162	42	0	1	162	1	162	9.5e-70	259.2
BCW-201450_00958	gnl|TC-DB|D7XN98|8.A.48.1.2	80.6	67	13	0	1	67	24	90	4.3e-24	106.3
BCW-201450_00959	gnl|TC-DB|P46482|8.A.1.7.1	70.7	311	90	1	1	311	1	310	5.1e-120	427.2
BCW-201450_00960	gnl|TC-DB|P46481|2.A.85.1.2	65.2	644	224	0	10	653	11	654	2.1e-240	828.2
BCW-201450_00965	gnl|TC-DB|P31069|1.A.1.13.1	43.5	340	183	5	55	387	57	394	1.0e-64	243.8
BCW-201450_00972	gnl|TC-DB|P08194|2.A.1.4.3	94.5	418	23	0	1	418	1	418	2.7e-239	823.9
BCW-201450_00997	gnl|TC-DB|M8KG08|1.E.1.1.7	44.7	555	241	11	307	829	47	567	4.0e-119	425.6
BCW-201450_01026	gnl|TC-DB|D4E385|1.E.2.1.11	40.0	100	59	1	5	104	6	104	6.2e-17	83.2
BCW-201450_01059	gnl|TC-DB|P61320|1.B.46.1.1	64.2	201	72	0	5	205	7	207	5.1e-76	280.4
BCW-201450_01066	gnl|TC-DB|A1JRS3|2.A.53.3.9	80.6	562	109	0	1	562	1	562	3.9e-227	783.9
BCW-201450_01073	gnl|TC-DB|Q5P8C0|3.A.3.32.1	38.6	679	414	3	11	687	12	689	2.8e-126	449.1
BCW-201450_01077	gnl|TC-DB|B7L6M8|3.A.1.19.4	53.0	364	168	2	32	392	23	386	2.2e-112	402.1
BCW-201450_01078	gnl|TC-DB|P36837|2.A.17.1.3	27.4	492	344	7	1	487	1	484	2.4e-47	186.4
BCW-201450_01083	gnl|TC-DB|P69367|2.A.1.2.21	75.6	398	97	0	1	398	1	398	2.3e-173	604.7
BCW-201450_01087	gnl|TC-DB|P37169|2.A.66.4.1	83.1	496	84	0	1	496	26	521	5.4e-233	803.1
BCW-201450_01091	gnl|TC-DB|P67826|9.B.158.1.2	56.8	236	102	0	3	238	4	239	6.0e-79	290.4
BCW-201450_01094	gnl|TC-DB|P24207|2.A.3.1.1	71.8	444	125	0	6	449	15	458	1.8e-182	635.2
BCW-201450_01104	gnl|TC-DB|P39832|3.A.1.15.5	78.8	260	55	0	1	260	1	260	3.4e-101	364.4
BCW-201450_01105	gnl|TC-DB|P0A9X1|3.A.1.15.5	80.7	243	47	0	12	254	3	245	1.2e-111	399.1
BCW-201450_01106	gnl|TC-DB|P39172|3.A.1.15.5	56.5	336	120	2	1	336	1	310	6.9e-99	357.1
BCW-201450_01107	gnl|TC-DB|B7L5V2|1.A.34.1.3	38.1	210	124	2	200	409	14	217	5.3e-38	155.2
BCW-201450_01115	gnl|TC-DB|P69213|2.A.7.1.9	75.5	110	27	0	2	111	3	112	2.4e-37	151.4
BCW-201450_01116	gnl|TC-DB|P69210|2.A.7.1.9	81.7	109	20	0	1	109	1	109	1.6e-44	174.9
BCW-201450_01123	gnl|TC-DB|P69451|4.C.1.1.4	79.9	552	111	0	17	568	1	552	4.0e-264	906.7
BCW-201450_01135	gnl|TC-DB|P0A6M2|5.A.2.1.1	70.5	176	52	0	1	176	1	176	6.2e-75	276.6
BCW-201450_01136	gnl|TC-DB|P0AFA7|2.A.34.1.1	69.2	513	156	2	1	513	1	511	2.4e-191	664.8
BCW-201450_01143	gnl|TC-DB|P31442|2.A.1.2.9	29.1	378	256	4	3	378	8	375	1.2e-33	140.6
BCW-201450_01148	gnl|TC-DB|P02932|1.B.1.1.2	66.0	368	107	5	1	367	1	351	2.4e-137	485.0
BCW-201450_01149	gnl|TC-DB|Q50614|3.A.1.203.4	34.3	583	347	8	5	559	41	615	5.0e-84	308.5
BCW-201450_01152	gnl|TC-DB|P0A908|9.B.99.1.2	53.2	248	115	1	1	247	1	248	9.7e-74	273.1
BCW-201450_01163	gnl|TC-DB|Q07711|3.A.7.7.1	29.0	621	402	17	3	610	4	598	2.6e-70	263.1
BCW-201450_01177	gnl|TC-DB|P25743|2.A.95.1.7	80.8	214	41	0	1	214	1	214	1.7e-87	318.5
BCW-201450_01178	gnl|TC-DB|P06202|3.A.1.5.1	75.8	545	130	1	1	545	1	543	5.7e-252	866.3
BCW-201450_01179	gnl|TC-DB|P08005|3.A.1.5.1	91.5	306	26	0	1	306	1	306	4.6e-142	500.4
BCW-201450_01180	gnl|TC-DB|P0AFH6|3.A.1.5.41	89.4	302	32	0	1	302	1	302	8.3e-136	479.6
BCW-201450_01181	gnl|TC-DB|P76027|3.A.1.5.41	88.2	323	38	0	5	327	14	336	1.4e-160	562.0
BCW-201450_01182	gnl|TC-DB|P08007|3.A.1.5.1	90.9	329	30	0	4	332	6	334	1.3e-177	618.6
BCW-201450_01189	gnl|TC-DB|P0AFK9|3.A.1.11.1	83.1	355	52	2	1	354	1	348	3.9e-177	617.1
BCW-201450_01190	gnl|TC-DB|P0AAE8|2.A.3.2.2	70.8	431	126	0	9	439	1	431	1.7e-180	628.6
BCW-201450_01193	gnl|TC-DB|P13036|1.B.14.1.20	71.5	771	215	2	16	786	9	774	0.0e+00	1157.9
BCW-201450_01194	gnl|TC-DB|P0AFK6|3.A.1.11.1	91.0	256	23	0	1	256	1	256	5.9e-122	433.3
BCW-201450_01195	gnl|TC-DB|P0AFK4|3.A.1.11.1	80.7	275	53	0	12	286	1	275	3.7e-125	444.1
BCW-201450_01196	gnl|TC-DB|P69874|3.A.1.11.1	82.8	367	61	1	11	377	12	376	1.1e-174	609.0
BCW-201450_01200	gnl|TC-DB|P80874|8.A.5.1.4	29.3	208	124	6	1	189	6	209	2.5e-14	75.9
BCW-201450_01204	gnl|TC-DB|P0AAH8|3.A.1.5.42	78.2	266	58	0	1	266	2	267	1.3e-116	415.6
BCW-201450_01205	gnl|TC-DB|P0AAH4|3.A.1.5.42	83.0	329	56	0	1	329	1	329	5.0e-166	580.1
BCW-201450_01206	gnl|TC-DB|P0AGH5|3.A.1.5.42	68.9	296	92	0	1	296	1	296	1.1e-108	389.4
BCW-201450_01207	gnl|TC-DB|P0A2J3|3.A.1.5.5	78.5	321	69	0	1	321	1	321	2.3e-139	491.5
BCW-201450_01208	gnl|TC-DB|Q47622|3.A.1.5.42	76.8	544	121	1	26	569	5	543	2.9e-249	857.4
BCW-201450_01209	gnl|TC-DB|Q9KN48|3.A.23.1.1	35.8	341	200	5	8	334	193	528	1.5e-45	179.9
BCW-201450_01210	gnl|TC-DB|E8XKQ3|9.B.100.1.1	66.7	219	73	0	1	219	1	219	1.9e-68	255.4
BCW-201450_01218	gnl|TC-DB|Q9KN48|3.A.23.1.1	44.0	225	126	0	207	431	193	417	1.1e-45	181.0
BCW-201450_01222	gnl|TC-DB|P77348|3.A.1.5.1	72.3	528	145	1	11	538	11	537	4.6e-230	793.5
BCW-201450_01230	gnl|TC-DB|P37340|2.A.66.1.3	75.5	457	111	1	1	456	1	457	7.8e-194	672.9
BCW-201450_01235	gnl|TC-DB|P76269|2.A.1.3.17	69.2	454	140	0	1	454	1	454	1.5e-173	605.5
BCW-201450_01237	gnl|TC-DB|P77529|2.A.23.1.8	84.2	462	73	0	1	462	1	462	1.1e-206	715.7
BCW-201450_01245	gnl|TC-DB|P0AAD6|2.A.42.2.1	51.7	416	199	2	50	463	13	428	5.4e-118	421.0
BCW-201450_01247	gnl|TC-DB|P33594|3.A.1.5.3	29.9	197	119	3	18	195	29	225	6.2e-15	77.4
BCW-201450_01248	gnl|TC-DB|O31309|3.A.1.5.18	32.1	249	148	9	1	235	6	247	7.7e-24	107.5
BCW-201450_01249	gnl|TC-DB|P26904|3.A.1.5.2	31.2	218	149	1	46	262	94	311	9.1e-25	110.5
BCW-201450_01250	gnl|TC-DB|P75798|3.A.1.5.11	32.8	308	191	2	26	333	9	300	9.9e-37	150.6
BCW-201450_01251	gnl|TC-DB|P33590|3.A.1.5.3	24.4	356	234	8	62	396	54	395	1.3e-22	104.4
BCW-201450_01252	gnl|TC-DB|P64591|9.B.124.1.2	56.8	118	51	0	1	118	1	118	4.8e-40	160.2
BCW-201450_01255	gnl|TC-DB|M3JA40|1.B.52.2.1	30.5	164	90	4	87	226	236	399	9.7e-11	64.3
BCW-201450_01258	gnl|TC-DB|F4MY44|1.B.1.1.16	57.6	382	147	5	1	382	1	367	4.2e-124	441.0
BCW-201450_01269	gnl|TC-DB|P36655|5.A.1.1.1	67.3	565	182	2	1	564	1	563	3.2e-213	737.6
BCW-201450_01271	gnl|TC-DB|P0ABN5|2.A.13.1.1	89.4	433	46	0	1	433	1	433	4.4e-207	716.8
BCW-201450_01283	gnl|TC-DB|G2H2C1|1.E.53.1.8	73.5	49	13	0	1	49	20	68	9.6e-16	78.2
BCW-201450_01285	gnl|TC-DB|P0AAE8|2.A.3.2.2	83.1	431	73	0	1	431	1	431	4.1e-208	720.3
BCW-201450_01293	gnl|TC-DB|P24559|3.A.15.2.1	46.2	331	178	0	1	331	1	331	1.4e-83	306.2
BCW-201450_01295	gnl|TC-DB|P64564|9.A.4.1.2	56.8	192	71	2	1	184	1	188	2.0e-52	201.8
BCW-201450_01303	gnl|TC-DB|P69937|2.A.7.1.4	78.8	104	22	0	1	104	1	104	9.6e-39	155.6
BCW-201450_01307	gnl|TC-DB|P17596|3.D.10.1.3	28.8	222	149	6	5	219	3	222	3.0e-27	118.6
BCW-201450_01308	gnl|TC-DB|F9VN10|3.D.10.1.4	40.7	589	319	9	1	582	1	566	1.3e-111	400.2
BCW-201450_01310	gnl|TC-DB|P39285|1.A.23.1.3	67.8	1045	332	4	62	1104	58	1099	0.0e+00	1299.6
BCW-201450_01351	gnl|TC-DB|Q0PBV6|9.A.40.2.2	23.6	423	317	4	5	424	26	445	3.7e-39	159.1
BCW-201450_01353	gnl|TC-DB|P0ADE4|1.B.33.2.4	71.2	569	163	1	10	578	10	577	8.5e-246	845.9
BCW-201450_01354	gnl|TC-DB|P39321|9.B.22.1.2	57.1	1311	496	6	6	1307	6	1259	0.0e+00	1484.5
BCW-201450_01367	gnl|TC-DB|E1ILD8|2.A.7.3.18	77.5	302	68	0	5	306	3	304	9.6e-127	449.5
BCW-201450_01387	gnl|TC-DB|P25694|3.A.16.1.2	39.0	300	165	3	140	438	472	754	1.7e-56	217.2
BCW-201450_01390	gnl|TC-DB|P0AG99|3.A.5.1.1	75.7	111	26	1	1	111	1	110	1.2e-39	158.7
BCW-201450_01401	gnl|TC-DB|P38919|3.A.18.1.1	35.2	386	240	3	3	379	27	411	5.8e-62	235.3
BCW-201450_01402	gnl|TC-DB|P31064|9.B.102.1.1	81.9	403	71	1	1	403	1	401	2.6e-201	697.6
BCW-201450_01405	gnl|TC-DB|P42628|2.A.42.2.4	88.7	444	46	2	1	441	1	443	8.2e-217	749.2
BCW-201450_01421	gnl|TC-DB|P37774|3.A.1.3.10	32.6	227	138	7	7	229	4	219	1.3e-19	93.2
BCW-201450_01422	gnl|TC-DB|Q9F9T4|3.A.1.5.23	36.1	266	152	5	12	265	305	564	2.3e-36	149.1
BCW-201450_01428	gnl|TC-DB|P16683|3.A.1.9.1	88.8	250	28	0	15	264	10	259	1.2e-125	445.7
BCW-201450_01429	gnl|TC-DB|P16682|3.A.1.9.1	81.4	338	63	0	1	338	1	338	2.3e-158	554.7
BCW-201450_01430	gnl|TC-DB|P16677|3.A.1.9.1	78.3	253	55	0	2	254	3	255	5.3e-110	393.7
BCW-201450_01437	gnl|TC-DB|Q7URM2|2.A.7.30.1	27.9	290	184	8	10	282	14	295	1.5e-14	76.6
BCW-201450_01438	gnl|TC-DB|P42601|2.A.109.1.7	81.4	317	59	0	2	318	1	317	9.9e-143	502.7
BCW-201450_01441	gnl|TC-DB|P0ABT9|2.A.7.3.26	78.5	289	62	0	1	289	1	289	2.9e-128	454.5
BCW-201450_01458	gnl|TC-DB|P60782|9.B.31.1.1	82.1	201	36	0	1	201	1	201	2.4e-92	334.7
BCW-201450_01463	gnl|TC-DB|Q38954|2.A.20.2.4	40.4	436	217	5	10	415	156	578	2.9e-78	288.9
BCW-201450_01471	gnl|TC-DB|P39277|2.A.3.13.1	76.8	418	96	1	1	417	1	418	2.8e-182	634.4
BCW-201450_01474	gnl|TC-DB|P0A8H3|2.A.5.5.1	75.9	257	62	0	1	257	1	257	2.2e-92	335.1
BCW-201450_01476	gnl|TC-DB|P0AEY8|2.A.1.2.19	58.8	396	163	0	6	401	7	402	2.3e-128	455.3
BCW-201450_01480	gnl|TC-DB|P06971|1.B.14.1.2	34.5	754	440	17	8	724	11	747	1.1e-114	410.6
BCW-201450_01481	gnl|TC-DB|H0KI06|9.B.124.1.3	54.3	116	48	3	1	115	1	112	3.4e-27	117.5
BCW-201450_01483	gnl|TC-DB|D4ZZR3|9.B.34.1.3	31.4	322	184	12	43	350	97	395	1.9e-22	103.2
BCW-201450_01499	gnl|TC-DB|Q9KPL5|2.A.41.2.11	69.3	424	123	2	1	424	1	417	3.6e-153	537.7
BCW-201450_01504	gnl|TC-DB|P0AA78|2.A.1.14.2	86.0	420	59	0	1	420	41	460	4.7e-209	723.4
BCW-201450_01506	gnl|TC-DB|Q9PHZ4|1.A.43.1.11	47.9	119	59	2	6	123	4	120	3.3e-20	94.4
BCW-201450_01508	gnl|TC-DB|P0AA63|9.B.27.2.2	78.2	216	47	0	1	216	1	216	3.7e-96	347.4
BCW-201450_01512	gnl|TC-DB|P64585|1.E.34.2.1	64.9	131	46	0	3	133	2	132	1.8e-37	151.8
BCW-201450_01522	gnl|TC-DB|P0AEP1|2.A.1.1.1	83.6	457	75	0	11	467	6	462	9.0e-214	739.2
BCW-201450_01531	gnl|TC-DB|P24183|5.A.3.2.1	85.6	195	28	0	1	195	1	195	4.5e-98	353.6
BCW-201450_01532	gnl|TC-DB|P24183|5.A.3.2.1	87.3	802	102	0	1	802	213	1014	0.0e+00	1493.0
BCW-201450_01533	gnl|TC-DB|P0AAJ3|5.A.3.2.1	86.3	300	35	1	1	300	1	294	6.1e-163	569.7
BCW-201450_01534	gnl|TC-DB|P0AEK7|5.A.3.2.1	85.6	215	31	0	1	215	1	215	2.4e-108	387.9
BCW-201450_01542	gnl|TC-DB|P0C0S1|1.A.23.2.1	64.9	285	100	0	1	285	1	285	5.4e-84	307.4
BCW-201450_01543	gnl|TC-DB|P11667|2.A.75.1.2	72.9	203	55	0	1	203	1	203	1.4e-81	298.9
BCW-201450_01560	gnl|TC-DB|Q6LX42|2.A.25.1.3	43.7	460	234	8	1	455	1	440	1.7e-87	319.7
BCW-201450_01561	gnl|TC-DB|P67153|1.C.113.1.10	76.9	216	50	0	1	216	1	216	2.9e-90	327.8
BCW-201450_01562	gnl|TC-DB|P0A927|1.B.10.1.1	83.7	295	46	2	9	302	1	294	2.8e-152	534.3
BCW-201450_01581	gnl|TC-DB|D6I8Y6|4.F.1.3.3	57.4	195	83	0	1	195	1	195	1.8e-54	208.8
BCW-201450_01583	gnl|TC-DB|Q1J0W6|9.B.34.1.1	36.1	158	96	2	180	333	190	346	7.4e-24	107.8
BCW-201450_01588	gnl|TC-DB|P37653|4.D.3.1.6	47.6	653	335	4	3	652	148	796	6.9e-173	604.0
BCW-201450_01590	gnl|TC-DB|P37650|1.B.55.3.1	33.0	285	174	6	1043	1320	861	1135	1.6e-34	145.2
BCW-201450_01598	gnl|TC-DB|Q9KN48|3.A.23.1.1	44.8	250	138	0	351	600	169	418	4.1e-53	206.1
BCW-201450_01606	gnl|TC-DB|P07658|3.D.1.9.2	67.7	711	225	4	21	729	3	710	7.7e-300	1025.8
BCW-201450_01607	gnl|TC-DB|Q5P036|5.A.3.11.1	30.2	169	83	6	5	151	5	160	1.4e-16	82.8
BCW-201450_01608	gnl|TC-DB|P07658|3.D.1.9.2	72.6	558	150	2	1	556	157	713	5.5e-250	859.8
BCW-201450_01609	gnl|TC-DB|P07658|3.D.1.9.2	82.0	139	25	0	1	139	1	139	1.0e-67	252.3
BCW-201450_01612	gnl|TC-DB|P16433|3.D.1.9.2	71.1	256	69	1	13	268	2	252	8.1e-106	379.8
BCW-201450_01613	gnl|TC-DB|P16432|3.D.1.9.2	55.8	181	77	1	1	181	1	178	4.7e-41	164.1
BCW-201450_01614	gnl|TC-DB|P16431|3.D.1.9.2	84.9	569	84	1	1	567	1	569	9.0e-301	1028.5
BCW-201450_01615	gnl|TC-DB|P16430|3.D.1.9.2	68.8	301	94	0	11	311	7	307	8.9e-109	389.8
BCW-201450_01616	gnl|TC-DB|P16429|3.D.1.9.2	44.5	638	314	10	1	633	1	603	1.1e-132	470.3
BCW-201450_01617	gnl|TC-DB|P0AAK3|3.D.1.9.2	61.0	200	78	0	1	200	1	200	8.3e-71	263.1
BCW-201450_01618	gnl|TC-DB|P02925|3.A.1.2.1	26.3	293	190	8	49	326	15	296	1.4e-14	77.0
BCW-201450_01620	gnl|TC-DB|P31119|4.C.1.1.16	69.7	715	217	0	1	715	1	715	3.3e-300	1026.9
BCW-201450_01621	gnl|TC-DB|P39196|2.A.1.42.1	70.2	393	117	0	1	393	1	393	1.0e-149	526.2
BCW-201450_01622	gnl|TC-DB|P0A9T4|8.A.5.1.5	78.9	346	73	0	1	346	1	346	3.1e-163	570.9
BCW-201450_01625	gnl|TC-DB|L5DDD7|2.A.109.2.3	52.0	229	108	1	3	229	371	599	4.1e-61	231.1
BCW-201450_01629	gnl|TC-DB|P08839|8.A.7.1.1	35.7	575	359	10	175	742	2	572	1.7e-84	310.5
BCW-201450_01636	gnl|TC-DB|B7LEG0|1.A.34.1.2	58.5	376	108	6	2	329	4	379	1.1e-93	339.7
BCW-201450_01639	gnl|TC-DB|Q9Z625|1.B.12.1.3	42.2	1130	409	12	46	1152	47	955	1.1e-172	604.0
BCW-201450_01654	gnl|TC-DB|E1P8P0|9.B.27.3.1	61.7	141	54	0	1	141	1	141	1.3e-43	172.2
BCW-201450_01657	gnl|TC-DB|P37908|9.A.40.2.4	74.9	419	105	0	1	419	1	419	9.4e-173	602.8
BCW-201450_01658	gnl|TC-DB|P64432|9.B.14.3.6	70.2	262	77	1	1	261	1	262	1.6e-103	372.1
BCW-201450_01659	gnl|TC-DB|P0AGD7|3.A.5.1.1	81.7	453	83	0	1	453	1	453	4.8e-204	706.8
BCW-201450_01664	gnl|TC-DB|P76206|1.B.75.1.3	55.2	248	110	1	8	254	5	252	8.4e-73	270.0
BCW-201450_01665	gnl|TC-DB|P0ABN9|2.A.13.1.2	56.1	446	192	1	1	446	2	443	2.0e-138	488.8
BCW-201450_01672	gnl|TC-DB|P0AC02|1.B.33.1.3	85.2	243	36	0	1	243	1	243	2.0e-116	414.8
BCW-201450_01675	gnl|TC-DB|Q9FI56|3.A.9.1.2	45.9	868	389	13	4	851	96	902	7.4e-206	713.8
BCW-201450_01676	gnl|TC-DB|F4SWK5|1.E.5.2.5	37.8	82	51	0	14	95	16	97	8.9e-13	69.3
BCW-201450_01687	gnl|TC-DB|P30750|3.A.1.24.1	78.7	343	73	0	1	343	1	343	3.6e-151	530.8
BCW-201450_01688	gnl|TC-DB|P31547|3.A.1.24.1	90.8	217	20	0	1	217	1	217	4.0e-71	264.2
BCW-201450_01689	gnl|TC-DB|P28635|3.A.1.24.1	92.3	271	21	0	1	271	1	271	5.3e-142	500.0
BCW-201450_01700	gnl|TC-DB|P43672|3.A.1.120.6	33.1	511	333	5	21	527	18	523	8.5e-78	287.7
BCW-201450_01704	gnl|TC-DB|P24518|4.B.1.1.1	83.9	410	66	0	1	410	1	410	9.7e-212	732.3
BCW-201450_01724	gnl|TC-DB|P0ACA3|1.A.12.3.1	85.6	209	30	0	1	209	1	209	5.7e-99	356.7
BCW-201450_01733	gnl|TC-DB|P64602|3.A.1.27.3	38.4	86	53	0	6	91	5	90	1.2e-12	68.9
BCW-201450_01734	gnl|TC-DB|P0ADV7|3.A.1.27.3	77.5	213	45	1	1	213	1	210	6.8e-92	333.2
BCW-201450_01735	gnl|TC-DB|P64604|3.A.1.27.3	75.6	176	37	3	1	176	1	170	2.8e-70	261.2
BCW-201450_01736	gnl|TC-DB|P64606|3.A.1.27.3	80.4	260	51	0	1	260	1	260	1.1e-112	402.5
BCW-201450_01737	gnl|TC-DB|P63386|3.A.1.27.3	75.9	266	64	0	1	266	1	266	1.5e-115	412.1
BCW-201450_01738	gnl|TC-DB|P45394|2.A.19.5.1	54.9	326	141	3	1	324	1	322	2.9e-86	315.1
BCW-201450_01741	gnl|TC-DB|P0ADW0|1.B.42.1.2	62.0	192	72	1	1	192	1	191	2.9e-65	244.6
BCW-201450_01742	gnl|TC-DB|P0ADV1|1.B.42.1.2	75.9	170	41	0	1	170	1	170	7.7e-72	266.5
BCW-201450_01743	gnl|TC-DB|P0A9V1|1.B.42.1.2	89.6	241	25	0	1	241	1	241	3.0e-120	427.6
BCW-201450_01746	gnl|TC-DB|Q3K0G6|4.A.2.1.20	32.2	143	95	2	7	148	1	142	1.2e-13	72.8
BCW-201450_01749	gnl|TC-DB|Q7BS42|1.B.12.4.5	40.6	525	274	13	19	525	53	557	4.6e-91	333.2
BCW-201450_01771	gnl|TC-DB|C8U8G2|2.A.3.7.3	76.1	511	120	2	1	510	1	510	1.2e-222	768.8
BCW-201450_01775	gnl|TC-DB|P60061|2.A.3.2.5	83.6	439	72	0	1	439	1	439	1.9e-213	738.0
BCW-201450_01777	gnl|TC-DB|B1LPP9|8.A.1.1.3	55.6	329	145	1	4	331	10	338	1.6e-95	345.9
BCW-201450_01778	gnl|TC-DB|P32715|2.A.85.6.1	30.6	193	130	1	19	207	27	219	1.9e-19	93.2
BCW-201450_01782	gnl|TC-DB|P11922|1.B.54.1.2	41.3	329	181	3	1	320	212	537	1.1e-69	261.2
BCW-201450_01797	gnl|TC-DB|P25185|2.A.26.1.2	50.7	402	194	2	1	398	15	416	1.2e-103	373.2
BCW-201450_01798	gnl|TC-DB|P25744|2.A.1.2.20	59.7	392	158	0	3	394	11	402	8.9e-130	459.9
BCW-201450_01811	gnl|TC-DB|P09348|1.A.30.1.1	76.6	295	68	1	1	295	1	294	9.7e-121	429.5
BCW-201450_01812	gnl|TC-DB|P0AF06|1.A.30.1.1	64.6	311	102	4	1	307	1	307	1.6e-103	372.5
BCW-201450_01815	gnl|TC-DB|M3JA40|1.B.52.2.1	60.0	60	24	0	354	413	283	342	9.6e-13	71.6
BCW-201450_01816	gnl|TC-DB|M3JA40|1.B.52.2.1	55.1	69	31	0	374	442	283	351	7.5e-13	72.0
BCW-201450_01824	gnl|TC-DB|L0LHM3|2.A.7.31.3	38.2	283	167	4	1	280	1	278	9.1e-44	173.7
BCW-201450_01825	gnl|TC-DB|P31801|2.A.19.1.1	80.8	359	68	1	10	368	8	365	2.1e-149	525.0
BCW-201450_01826	gnl|TC-DB|E4PCL6|9.B.27.2.7	43.0	186	105	1	3	188	2	186	7.8e-39	156.8
BCW-201450_01827	gnl|TC-DB|Q32AY2|3.A.1.14.18	74.6	319	77	1	13	331	2	316	1.2e-130	462.6
BCW-201450_01829	gnl|TC-DB|Q32AX9|3.A.1.14.18	60.7	275	104	2	3	276	58	329	1.9e-86	315.5
BCW-201450_01830	gnl|TC-DB|P17315|1.B.14.1.4	26.2	603	317	26	36	594	28	546	2.6e-26	117.1
BCW-201450_01833	gnl|TC-DB|C4PAW9|2.A.1.3.43	40.4	480	281	3	7	483	4	481	2.7e-91	332.4
BCW-201450_01835	gnl|TC-DB|Q52398|1.A.26.1.4	55.2	335	144	3	5	334	19	352	1.2e-95	346.3
BCW-201450_01838	gnl|TC-DB|P80874|8.A.5.1.4	34.4	160	84	6	3	142	4	162	3.1e-15	79.0
BCW-201450_01843	gnl|TC-DB|Q8GD02|3.A.7.15.1	37.5	136	85	0	1	136	1	136	8.6e-14	73.2
BCW-201450_01845	gnl|TC-DB|Q8GD00|9.A.47.1.1	38.5	452	253	5	32	469	20	460	6.7e-92	334.3
BCW-201450_01847	gnl|TC-DB|Q8GCZ9|3.A.7.15.1	34.7	337	212	6	1	335	1	331	3.8e-53	205.3
BCW-201450_01848	gnl|TC-DB|Q9XC06|3.A.7.15.1	64.3	414	148	0	11	424	10	423	7.6e-151	530.0
BCW-201450_01849	gnl|TC-DB|Q9XC05|3.A.7.15.1	35.8	288	184	1	3	289	7	294	2.2e-48	189.1
BCW-201450_01850	gnl|TC-DB|Q9S4A8|9.A.47.1.1	32.5	280	181	3	1	273	5	283	2.2e-37	152.5
BCW-201450_01851	gnl|TC-DB|Q9S4A7|9.A.47.1.1	37.7	239	141	2	4	234	3	241	6.9e-40	160.6
BCW-201450_01868	gnl|TC-DB|P76555|9.B.75.2.1	63.3	248	74	3	1	248	1	231	5.2e-83	303.9
BCW-201450_01876	gnl|TC-DB|P41796|9.A.28.1.1	86.0	408	52	1	1	408	1	403	1.6e-190	661.8
BCW-201450_01882	gnl|TC-DB|Q52716|3.D.6.1.1	35.5	279	158	5	13	282	135	400	8.0e-34	141.4
BCW-201450_01890	gnl|TC-DB|Q2FD83|2.A.7.1.11	50.9	108	52	1	4	111	2	108	1.2e-23	105.5
BCW-201450_01895	gnl|TC-DB|C5W790|2.A.1.3.36	49.7	384	190	1	3	383	1	384	2.6e-102	368.6
BCW-201450_01896	gnl|TC-DB|C5W789|2.A.1.3.36	66.0	509	173	0	1	509	1	509	1.3e-189	659.1
BCW-201450_01897	gnl|TC-DB|P0AA50|2.A.69.3.5	64.3	311	111	0	1	311	1	311	2.8e-105	378.3
BCW-201450_01901	gnl|TC-DB|O05703|3.A.1.15.3	51.7	174	84	0	43	216	328	501	8.0e-48	186.8
BCW-201450_01902	gnl|TC-DB|Q9Z6M8|2.A.3.2.7	49.5	489	241	3	15	503	3	485	1.1e-132	469.9
BCW-201450_01904	gnl|TC-DB|Q9Z6M8|2.A.3.2.7	48.0	477	248	0	11	487	8	484	1.8e-127	452.6
BCW-201450_01906	gnl|TC-DB|P16552|2.A.1.5.2	41.0	385	218	5	31	410	33	413	5.6e-74	274.6
BCW-201450_01908	gnl|TC-DB|P77076|1.B.15.1.1	56.7	406	165	5	50	451	66	464	2.8e-135	478.4
BCW-201450_01921	gnl|TC-DB|P77272|4.A.1.2.7	61.4	485	174	4	1	484	1	473	3.9e-159	557.8
BCW-201450_01923	gnl|TC-DB|P76249|2.A.76.1.5	61.6	211	77	2	1	209	1	209	3.0e-68	254.6
BCW-201450_01926	gnl|TC-DB|Q83XH1|3.A.1.121.4	47.7	526	274	1	1	526	1	525	2.1e-142	502.3
BCW-201450_01933	gnl|TC-DB|M3JA40|1.B.52.2.1	49.4	83	42	0	348	430	280	362	1.5e-13	74.3
BCW-201450_01937	gnl|TC-DB|P31125|2.A.7.3.2	56.9	290	123	1	1	290	1	288	9.1e-90	326.6
BCW-201450_01942	gnl|TC-DB|P0A756|2.A.37.1.2	43.3	150	85	0	3	152	7	156	1.1e-29	126.3
BCW-201450_01955	gnl|TC-DB|P09833|3.A.1.8.1	70.7	351	103	0	16	366	1	351	1.2e-139	492.7
BCW-201450_01956	gnl|TC-DB|P0AF01|3.A.1.8.1	74.1	228	59	0	1	228	1	228	7.3e-92	333.2
BCW-201450_01957	gnl|TC-DB|P37329|3.A.1.8.1	69.4	255	77	1	4	257	1	255	1.4e-91	332.4
BCW-201450_01958	gnl|TC-DB|A6T6J1|2.A.6.2.49	83.7	49	8	0	1	49	1	49	5.3e-16	79.0
BCW-201450_01960	gnl|TC-DB|A7BAX2|3.A.1.26.3	26.8	485	282	19	24	473	260	706	1.8e-18	90.5
BCW-201450_01966	gnl|TC-DB|D5CMP8|5.B.5.1.2	59.7	186	74	1	16	200	4	189	6.7e-68	253.4
BCW-201450_01978	gnl|TC-DB|P42915|1.B.11.3.6	46.8	839	422	11	14	849	20	837	2.6e-211	731.9
BCW-201450_01980	gnl|TC-DB|P24177|2.A.6.2.7	77.3	1033	235	0	1	1033	1	1033	0.0e+00	1559.3
BCW-201450_01986	gnl|TC-DB|Q8X5H7|1.B.12.2.7	54.5	999	354	20	1	917	1	980	2.2e-264	908.3
BCW-201450_01990	gnl|TC-DB|P0A903|1.B.33.1.3	60.6	345	135	1	1	345	1	344	8.5e-116	413.3
BCW-201450_02005	gnl|TC-DB|Q0BEL4|1.E.3.1.4	48.2	85	44	0	1	85	1	85	1.3e-16	82.0
BCW-201450_02028	gnl|TC-DB|P0AFI9|2.A.86.1.1	71.0	352	102	0	1	352	1	352	2.5e-131	464.9
BCW-201450_02037	gnl|TC-DB|P0AGM7|2.A.40.1.1	87.1	427	55	0	1	427	1	427	1.5e-202	701.8
BCW-201450_02042	gnl|TC-DB|O51236|3.A.1.7.5	55.7	253	112	0	18	270	8	260	2.4e-81	298.5
BCW-201450_02043	gnl|TC-DB|Q7WTY6|3.A.1.7.2	39.4	180	91	3	307	485	82	244	2.6e-21	100.1
BCW-201450_02044	gnl|TC-DB|O51234|3.A.1.7.5	32.9	225	139	4	487	710	75	288	5.3e-19	92.8
BCW-201450_02056	gnl|TC-DB|P30130|1.B.11.3.9	43.6	877	416	18	42	883	45	877	2.9e-197	685.3
BCW-201450_02058	gnl|TC-DB|Q8KRT4|1.C.80.1.1	29.9	184	112	6	1	173	1	178	2.2e-11	65.5
BCW-201450_02061	gnl|TC-DB|P0ABK2|3.D.4.3.2	27.7	364	227	7	5	332	7	370	2.7e-34	142.5
BCW-201450_02064	gnl|TC-DB|W9BH30|1.A.46.2.8	57.8	301	127	0	1	301	1	301	1.4e-98	355.9
BCW-201450_02066	gnl|TC-DB|P37662|2.A.1.11.3	75.6	349	82	1	8	356	5	350	1.2e-148	522.7
BCW-201450_02067	gnl|TC-DB|P0AET5|9.B.36.1.1	46.0	189	102	0	1	189	1	189	8.9e-43	169.9
BCW-201450_02070	gnl|TC-DB|P11551|2.A.1.7.1	83.6	433	69	1	1	431	1	433	1.0e-206	715.7
BCW-201450_02088	gnl|TC-DB|P0AAF1|2.A.3.2.1	86.1	439	60	1	1	439	1	438	7.2e-213	736.1
BCW-201450_02104	gnl|TC-DB|Q9AGM7|3.A.15.3.1	32.6	374	210	12	81	447	119	457	1.9e-36	150.2
BCW-201450_02111	gnl|TC-DB|Q7DJM4|3.A.7.10.1	38.8	152	79	4	1	143	1	147	5.7e-21	97.1
BCW-201450_02112	gnl|TC-DB|Q9R2H4|3.A.7.10.1	49.1	267	134	1	6	270	1	267	8.8e-68	253.4
BCW-201450_02113	gnl|TC-DB|Q7DJM3|3.A.7.10.1	38.8	369	223	2	7	375	10	375	7.6e-73	270.8
BCW-201450_02117	gnl|TC-DB|Q9R2H2|3.A.7.10.1	35.8	204	128	1	19	222	26	226	3.1e-34	141.7
BCW-201450_02118	gnl|TC-DB|Q9R2H1|3.A.7.10.1	49.3	268	130	4	79	343	61	325	3.9e-65	245.0
BCW-201450_02122	gnl|TC-DB|P09962|1.E.2.1.2	38.5	104	62	2	1	104	1	102	1.7e-14	75.1
BCW-201450_02184	gnl|TC-DB|D4E385|1.E.2.1.11	39.0	100	60	1	5	104	6	104	4.3e-18	87.0
BCW-201450_02194	gnl|TC-DB|P0AAP1|9.B.34.1.2	34.3	175	102	4	391	557	197	366	5.8e-21	99.0
BCW-201450_02197	gnl|TC-DB|Q56111|1.B.1.1.22	66.9	393	104	6	2	378	1	383	2.6e-142	501.5
BCW-201450_02209	gnl|TC-DB|P42086|2.A.40.3.1	41.0	432	251	3	34	465	6	433	5.1e-90	328.2
BCW-201450_02210	gnl|TC-DB|Q46821|2.A.40.3.3	71.5	456	129	1	1	456	1	455	2.8e-183	637.9
BCW-201450_02220	gnl|TC-DB|P60752|3.A.1.106.1	82.0	582	105	0	1	582	1	582	2.2e-265	911.0
BCW-201450_02221	gnl|TC-DB|P44408|3.A.11.2.2	32.7	706	403	14	94	746	93	779	4.4e-93	339.0
BCW-201450_02231	gnl|TC-DB|M8KG08|1.E.1.1.7	44.8	527	243	7	488	1000	47	539	9.9e-120	427.9
BCW-201450_02253	gnl|TC-DB|P00726|1.M.1.1.1	50.4	123	58	2	37	159	34	153	6.7e-23	103.6
BCW-201450_02254	gnl|TC-DB|918432279|1.M.1.4.4	60.3	63	23	1	102	162	48	110	1.1e-14	76.6
BCW-201450_02255	gnl|TC-DB|D4E385|1.E.2.1.11	40.0	100	59	1	5	104	6	104	1.9e-18	88.2
BCW-201450_02286	gnl|TC-DB|P0AC23|1.A.16.1.1	87.4	285	36	0	1	285	1	285	1.3e-141	498.8
BCW-201450_02290	gnl|TC-DB|P21503|2.A.1.26.1	64.2	374	132	1	1	372	1	374	5.9e-131	463.8
BCW-201450_02293	gnl|TC-DB|P18777|5.A.3.3.2	67.1	286	93	1	1	285	1	286	3.7e-101	364.4
BCW-201450_02294	gnl|TC-DB|P18776|5.A.3.3.2	88.8	206	22	1	1	206	1	205	1.1e-115	412.1
BCW-201450_02295	gnl|TC-DB|P18775|5.A.3.3.2	84.4	813	127	0	1	813	1	813	0.0e+00	1441.0
BCW-201450_02298	gnl|TC-DB|P61316|1.B.46.1.1	67.0	203	67	0	1	203	1	203	4.8e-79	290.4
BCW-201450_02299	gnl|TC-DB|P46889|3.A.12.1.2	56.1	1403	395	18	1	1256	1	1329	0.0e+00	1085.5
BCW-201450_02304	gnl|TC-DB|P29018|3.A.1.129.1	66.3	590	197	1	1	590	1	588	4.3e-221	763.8
BCW-201450_02305	gnl|TC-DB|P23886|3.A.1.129.1	64.7	573	202	0	1	573	1	573	1.8e-203	705.3
BCW-201450_02308	gnl|TC-DB|Q9SXJ7|3.A.9.1.2	38.4	804	399	11	17	737	133	923	8.4e-153	537.3
BCW-201450_02313	gnl|TC-DB|P75826|2.A.124.1.1	68.6	299	94	0	1	299	1	299	2.8e-107	384.8
BCW-201450_02326	gnl|TC-DB|P0AAF6|3.A.1.3.3	86.0	242	34	0	1	242	1	242	3.4e-116	414.1
BCW-201450_02327	gnl|TC-DB|P30859|3.A.1.3.3	70.8	243	71	0	1	243	1	243	7.5e-103	369.8
BCW-201450_02328	gnl|TC-DB|P0AE34|3.A.1.3.3	83.4	235	39	0	1	235	1	235	1.4e-106	382.1
BCW-201450_02329	gnl|TC-DB|P0AE30|3.A.1.3.3	77.9	222	49	0	1	222	1	222	2.9e-85	311.2
BCW-201450_02330	gnl|TC-DB|P30860|3.A.1.3.3	75.3	243	60	0	1	243	1	243	5.9e-108	386.7
BCW-201450_02334	gnl|TC-DB|P0AFL1|3.A.1.11.2	81.5	281	52	0	1	281	1	281	2.1e-125	444.9
BCW-201450_02335	gnl|TC-DB|P31135|3.A.1.11.2	81.2	320	56	1	1	320	1	316	2.1e-145	511.5
BCW-201450_02336	gnl|TC-DB|P31134|3.A.1.11.2	82.2	377	67	0	1	377	1	377	1.2e-184	642.1
BCW-201450_02337	gnl|TC-DB|P31133|3.A.1.11.2	82.0	366	64	1	5	368	5	370	5.1e-180	626.7
BCW-201450_02345	gnl|TC-DB|A7ZJR5|2.A.81.1.4	88.6	561	64	0	1	561	1	561	1.8e-285	977.6
BCW-201450_02346	gnl|TC-DB|P69367|2.A.1.2.21	23.4	393	277	6	32	419	15	388	3.0e-22	102.8
BCW-201450_02347	gnl|TC-DB|P94571|9.B.105.1.3	28.9	159	107	2	5	163	2	154	9.2e-14	73.6
BCW-201450_02349	gnl|TC-DB|P0AAD6|2.A.42.2.1	86.7	429	55	2	1	428	1	428	1.5e-202	701.8
BCW-201450_02358	gnl|TC-DB|Q46909|2.A.1.1.95	62.4	439	164	1	9	447	6	443	5.8e-157	550.4
BCW-201450_02361	gnl|TC-DB|F4TJX1|2.A.1.52.2	79.8	415	82	1	1	413	1	415	1.2e-188	655.6
BCW-201450_02368	gnl|TC-DB|P75693|2.A.76.1.3	71.4	206	59	0	1	206	14	219	1.0e-79	292.7
BCW-201450_02385	gnl|TC-DB|P52005|5.A.3.4.2	42.9	350	185	6	37	383	29	366	3.2e-79	292.0
BCW-201450_02386	gnl|TC-DB|P58362|5.A.3.4.2	53.2	802	351	8	47	835	15	805	2.2e-242	835.1
BCW-201450_02388	gnl|TC-DB|Q9S3K0|2.A.1.20.4	65.5	383	132	0	9	391	10	392	1.3e-141	499.2
BCW-201450_02391	gnl|TC-DB|D0ZLR4|4.A.6.1.17	88.7	282	32	0	7	288	4	285	1.5e-139	491.9
BCW-201450_02392	gnl|TC-DB|D0ZLR5|4.A.6.1.17	89.6	249	26	0	1	249	1	249	2.7e-124	441.0
BCW-201450_02393	gnl|TC-DB|D0ZLR6|4.A.6.1.17	85.7	161	23	0	1	161	1	161	3.2e-78	287.3
BCW-201450_02394	gnl|TC-DB|D0ZLR7|4.A.6.1.17	71.2	139	40	0	4	142	2	140	7.1e-53	203.0
BCW-201450_02395	gnl|TC-DB|Q9KN48|3.A.23.1.1	36.8	220	122	8	147	358	213	423	1.2e-20	98.6
BCW-201450_02397	gnl|TC-DB|P0AAD2|2.A.42.1.2	58.7	412	169	1	6	416	3	414	1.0e-128	456.4
BCW-201450_02406	gnl|TC-DB|E9RJ18|3.A.7.13.2	37.4	107	56	4	85	181	254	359	9.8e-13	70.1
BCW-201450_02407	gnl|TC-DB|P0AAE0|2.A.3.1.7	86.5	467	63	0	1	467	1	467	4.8e-231	796.6
BCW-201450_02411	gnl|TC-DB|P14175|3.A.1.12.1	77.9	398	88	0	1	398	1	398	2.3e-178	621.3
BCW-201450_02412	gnl|TC-DB|P14176|3.A.1.12.1	73.1	360	87	1	6	365	5	354	2.3e-140	495.0
BCW-201450_02413	gnl|TC-DB|P0AFM2|3.A.1.12.1	73.7	323	83	2	23	345	8	328	3.8e-140	494.2
BCW-201450_02414	gnl|TC-DB|P33011|2.A.85.7.1	53.4	352	164	0	1	352	1	352	2.0e-104	375.6
BCW-201450_02416	gnl|TC-DB|P27844|2.A.7.7.2	35.7	280	180	0	4	283	7	286	4.8e-46	181.4
BCW-201450_02419	gnl|TC-DB|P76037|2.A.3.1.13	83.0	452	74	1	1	452	1	449	1.1e-216	748.8
BCW-201450_02428	gnl|TC-DB|P31126|2.A.1.2.55	37.6	367	218	3	13	377	12	369	5.9e-68	254.6
BCW-201450_02429	gnl|TC-DB|F4V3T5|1.E.14.1.4	52.2	134	61	2	1	133	4	135	1.4e-29	125.6
BCW-201450_02430	gnl|TC-DB|C6EAH0|2.A.122.1.1	79.6	226	46	0	1	226	2	227	3.2e-95	344.4
BCW-201450_02433	gnl|TC-DB|P0AFY2|9.B.114.1.1	72.3	235	65	0	1	235	1	235	1.2e-95	345.9
BCW-201450_02435	gnl|TC-DB|P23200|3.A.1.2.3	88.1	336	40	0	1	336	1	336	2.5e-157	551.2
BCW-201450_02436	gnl|TC-DB|P0AAG8|3.A.1.2.3	89.1	495	54	0	36	530	12	506	4.4e-257	883.2
BCW-201450_02437	gnl|TC-DB|P0AEE5|3.A.1.2.3	84.3	332	52	0	1	332	1	332	6.3e-161	563.1
BCW-201450_02439	gnl|TC-DB|P25747|9.B.169.1.2	60.8	367	144	0	25	391	6	372	1.4e-127	452.6
BCW-201450_02441	gnl|TC-DB|Q9I3T2|2.A.1.51.4	47.6	376	179	6	7	372	14	381	1.7e-80	296.2
BCW-201450_02449	gnl|TC-DB|P62517|4.D.3.1.1	72.3	847	220	4	11	856	1	833	0.0e+00	1250.0
BCW-201450_02453	gnl|TC-DB|F4LXP4|8.A.59.2.1	29.2	271	168	6	267	525	212	470	2.0e-26	117.1
BCW-201450_02458	gnl|TC-DB|Q8XG43|2.A.117.1.3	72.0	143	40	0	1	143	15	157	7.5e-53	203.0
BCW-201450_02461	gnl|TC-DB|P77735|8.A.5.1.6	29.5	308	200	7	13	311	1	300	1.0e-30	130.6
BCW-201450_02464	gnl|TC-DB|P0A769|2.A.55.3.1	79.9	407	81	1	1	407	1	406	8.9e-173	602.8
BCW-201450_02465	gnl|TC-DB|P0AFF2|2.A.41.1.1	80.8	401	75	2	1	400	1	400	4.2e-167	583.9
BCW-201450_02485	gnl|TC-DB|P11922|1.B.54.1.2	32.7	679	409	14	153	814	130	777	1.9e-91	335.5
BCW-201450_02496	gnl|TC-DB|Q8XE58|3.A.1.107.3	57.1	198	82	2	1	198	3	197	9.6e-59	223.0
BCW-201450_02497	gnl|TC-DB|P0ABM0|3.A.1.107.3	77.6	219	49	0	1	219	2	220	1.7e-66	248.8
BCW-201450_02498	gnl|TC-DB|P0ABM1|9.B.14.2.3	78.9	242	51	0	1	242	1	242	1.1e-114	409.1
BCW-201450_02499	gnl|TC-DB|P0ABM7|3.A.1.107.3	56.5	69	30	0	1	69	1	69	1.2e-14	75.1
BCW-201450_02501	gnl|TC-DB|P33927|9.B.14.1.3	73.5	641	163	1	1	641	1	634	3.0e-279	957.2
BCW-201450_02505	gnl|TC-DB|P76506|3.A.1.27.3	72.6	252	67	1	1	252	1	250	7.5e-106	379.8
BCW-201450_02506	gnl|TC-DB|P10384|1.B.9.1.1	71.0	448	120	2	1	440	1	446	1.3e-185	645.6
BCW-201450_02515	gnl|TC-DB|P39379|9.A.5.4.2	82.4	205	35	1	16	220	16	219	1.7e-88	322.0
BCW-201450_02516	gnl|TC-DB|C8UN36|9.B.156.1.1	88.9	153	17	0	1	153	1	153	6.2e-71	263.1
BCW-201450_02520	gnl|TC-DB|P0AD30|2.A.102.3.1	72.9	258	70	0	9	266	10	267	1.8e-105	378.6
BCW-201450_02531	gnl|TC-DB|O33918|5.A.1.5.1	49.7	684	272	7	1	674	2	623	1.4e-183	639.4
BCW-201450_02539	gnl|TC-DB|P0ABP6|9.B.27.2.3	86.2	218	30	0	1	218	1	218	1.6e-104	375.2
BCW-201450_02543	gnl|TC-DB|P08550|9.B.160.1.16	80.6	160	31	0	1	160	1	160	7.2e-68	253.1
BCW-201450_02548	gnl|TC-DB|P0AEU0|3.A.1.3.29	75.8	260	63	0	1	260	1	260	1.5e-112	402.1
BCW-201450_02549	gnl|TC-DB|P0A2I9|3.A.1.3.1	77.6	228	51	0	1	228	1	228	4.1e-95	344.0
BCW-201450_02550	gnl|TC-DB|P0AEU3|3.A.1.3.29	84.0	238	38	0	1	238	1	238	5.4e-114	406.8
BCW-201450_02551	gnl|TC-DB|P07109|3.A.1.3.29	85.6	257	37	0	1	257	1	257	4.0e-123	437.2
BCW-201450_02555	gnl|TC-DB|B7LBF5|1.A.12.3.2	60.5	210	83	0	1	210	1	210	1.1e-68	256.1
BCW-201450_02559	gnl|TC-DB|B7LDS1|4.A.7.1.2	45.6	147	80	0	1	147	1	147	1.5e-34	142.1
BCW-201450_02560	gnl|TC-DB|B7LDS2|4.A.7.1.2	40.7	91	52	1	1	89	1	91	5.9e-13	69.7
BCW-201450_02561	gnl|TC-DB|B7LDR9|4.A.7.1.2	62.0	410	155	1	12	421	10	418	1.2e-146	516.2
BCW-201450_02569	gnl|TC-DB|P0AFU2|2.A.47.4.8	71.1	610	176	0	1	610	1	610	2.8e-247	850.9
BCW-201450_02575	gnl|TC-DB|P76221|9.B.27.1.2	53.6	181	84	0	37	217	44	224	1.1e-47	186.4
BCW-201450_02577	gnl|TC-DB|P0AFC3|3.D.1.1.1	78.2	147	30	1	6	152	2	146	1.2e-58	222.2
BCW-201450_02578	gnl|TC-DB|P0AFC7|3.D.1.1.1	91.5	224	15	1	1	224	1	220	2.8e-120	427.6
BCW-201450_02579	gnl|TC-DB|P33599|3.D.1.1.1	89.3	599	60	2	1	598	1	596	0.0e+00	1128.2
BCW-201450_02580	gnl|TC-DB|P0AFD1|3.D.1.1.1	84.3	166	26	0	1	166	1	166	4.2e-81	297.0
BCW-201450_02581	gnl|TC-DB|P31979|3.D.1.1.1	87.4	443	53	2	11	453	6	445	1.5e-237	818.1
BCW-201450_02582	gnl|TC-DB|P33602|3.D.1.1.1	76.1	912	211	2	1	910	1	907	0.0e+00	1436.8
BCW-201450_02583	gnl|TC-DB|P0AFD4|3.D.1.1.1	89.2	325	35	0	1	325	1	325	1.0e-168	589.0
BCW-201450_02584	gnl|TC-DB|P0AFD6|3.D.1.1.1	95.6	180	8	0	1	180	1	180	1.7e-88	321.6
BCW-201450_02585	gnl|TC-DB|P0AFE0|3.D.1.1.1	73.4	192	43	1	1	192	1	184	4.4e-66	247.3
BCW-201450_02586	gnl|TC-DB|P0AFE4|3.D.1.1.1	71.0	100	29	0	1	100	1	100	1.6e-27	118.2
BCW-201450_02587	gnl|TC-DB|P33607|3.D.1.1.1	80.2	616	118	2	1	615	1	613	8.1e-279	955.7
BCW-201450_02588	gnl|TC-DB|P0AFE8|3.D.1.1.1	86.7	510	64	2	1	507	1	509	4.6e-256	879.8
BCW-201450_02589	gnl|TC-DB|P0AFF0|3.D.1.1.1	79.0	490	98	1	1	490	1	485	8.6e-215	742.7
BCW-201450_02594	gnl|TC-DB|Q93HR7|2.A.66.1.7	38.9	435	265	1	2	436	1	434	6.0e-82	301.2
BCW-201450_02595	gnl|TC-DB|Q46863|3.A.1.5.41	69.9	529	159	0	7	535	7	535	1.9e-228	788.1
BCW-201450_02600	gnl|TC-DB|P0AA78|2.A.1.14.2	43.7	407	228	1	16	421	42	448	1.2e-98	356.7
BCW-201450_02602	gnl|TC-DB|P31884|3.D.7.2.2	48.2	303	153	2	7	307	2	302	1.3e-77	286.6
BCW-201450_02603	gnl|TC-DB|P0AAJ3|5.A.3.2.1	27.5	306	164	11	39	327	30	294	2.4e-27	119.4
BCW-201450_02605	gnl|TC-DB|T2K7N8|3.D.7.2.3	44.2	595	289	11	3	566	17	599	6.6e-142	500.7
BCW-201450_02606	gnl|TC-DB|T2K766|3.D.7.2.3	36.7	139	86	2	4	140	7	145	1.5e-22	102.4
BCW-201450_02621	gnl|TC-DB|P42915|1.B.11.3.6	31.7	786	496	20	64	840	73	826	1.4e-95	347.4
BCW-201450_02625	gnl|TC-DB|Q8XE01|1.B.68.1.1	60.8	181	70	1	1	181	8	187	3.1e-61	231.1
BCW-201450_02627	gnl|TC-DB|P0AAD4|2.A.42.1.1	78.3	383	83	0	1	383	21	403	5.5e-169	590.1
BCW-201450_02645	gnl|TC-DB|P0AAC4|1.A.14.2.2	74.6	236	58	1	1	236	1	234	2.4e-90	328.2
BCW-201450_02646	gnl|TC-DB|P77622|3.A.1.5.38	42.2	230	111	3	3	222	5	222	4.1e-45	177.9
BCW-201450_02647	gnl|TC-DB|P45095|3.A.1.5.27	44.0	257	136	4	9	257	2	258	2.9e-50	195.3
BCW-201450_02648	gnl|TC-DB|W0WMS8|3.A.1.5.39	44.1	261	137	2	16	267	36	296	9.4e-54	206.8
BCW-201450_02649	gnl|TC-DB|P77308|3.A.1.5.38	44.1	322	179	1	25	346	14	334	8.8e-65	243.8
BCW-201450_02659	gnl|TC-DB|P0AFP9|3.A.1.105.15	81.8	373	62	1	1	373	1	367	1.2e-171	599.0
BCW-201450_02660	gnl|TC-DB|C6EIY9|3.A.1.105.15	80.3	371	73	0	11	381	7	377	3.5e-163	570.9
BCW-201450_02661	gnl|TC-DB|P0A9U1|3.A.1.105.15	74.1	571	148	0	8	578	6	576	8.5e-246	845.9
BCW-201450_02662	gnl|TC-DB|P75777|3.A.1.105.15	49.8	299	150	0	29	327	29	327	6.7e-70	260.8
BCW-201450_02676	gnl|TC-DB|P75831|3.A.1.122.1	56.9	188	81	0	1	188	459	646	8.9e-51	196.4
BCW-201450_02679	gnl|TC-DB|P07110|1.B.11.2.1	45.2	832	419	15	14	823	16	832	5.1e-204	707.6
BCW-201450_02689	gnl|TC-DB|Q6EE20|3.A.23.2.1	46.8	472	248	2	29	500	22	490	7.0e-127	450.7
BCW-201450_02694	gnl|TC-DB|Q6EE14|3.A.23.2.1	43.1	861	463	7	7	851	8	857	8.9e-183	637.1
BCW-201450_02695	gnl|TC-DB|A8YQR5|3.A.23.2.1	34.5	484	314	2	24	507	29	509	2.0e-82	303.5
BCW-201450_02701	gnl|TC-DB|Q9KN51|3.A.23.1.1	30.4	450	303	7	1	447	1	443	2.6e-56	216.1
BCW-201450_02710	gnl|TC-DB|P43672|3.A.1.120.6	73.5	633	168	0	1	633	1	633	1.7e-260	894.8
BCW-201450_02718	gnl|TC-DB|P0A910|1.B.6.1.1	75.1	353	79	4	1	351	1	346	1.1e-142	502.7
BCW-201450_02721	gnl|TC-DB|P75870|2.A.85.1.1	68.4	705	221	2	5	708	3	706	5.3e-274	939.9
BCW-201450_02722	gnl|TC-DB|P0AB12|9.B.55.1.1	80.4	148	29	0	1	148	1	148	1.1e-64	242.3
BCW-201450_02731	gnl|TC-DB|P0AAC6|1.A.14.2.1	70.5	217	63	1	1	217	1	216	9.8e-78	286.2
BCW-201450_02734	gnl|TC-DB|A1A7W8|1.B.12.4.7	30.8	520	303	15	6	505	38	520	4.8e-45	181.0
BCW-201450_02736	gnl|TC-DB|Q01857|2.A.23.1.3	39.3	369	213	3	45	405	52	417	5.0e-65	245.0
BCW-201450_02754	gnl|TC-DB|Q6EE20|3.A.23.2.1	45.3	424	231	1	89	511	67	490	1.2e-113	406.8
BCW-201450_02755	gnl|TC-DB|A8YQR9|3.A.23.2.1	25.7	467	323	11	1	448	1	462	1.2e-21	100.9
BCW-201450_02757	gnl|TC-DB|K1GHE1|9.B.186.1.2	32.0	153	95	3	403	555	67	210	7.5e-13	72.0
BCW-201450_02759	gnl|TC-DB|Q6EE14|3.A.23.2.1	47.1	896	428	7	19	901	1	863	7.5e-212	733.8
BCW-201450_02760	gnl|TC-DB|A8YQR5|3.A.23.2.1	25.2	516	333	13	26	523	21	501	6.5e-29	125.9
BCW-201450_02770	gnl|TC-DB|Q9KN55|3.A.23.1.1	30.9	595	347	16	7	567	5	569	3.7e-71	265.8
BCW-201450_02775	gnl|TC-DB|P77338|1.A.23.1.1	30.5	266	177	4	489	747	794	1058	2.1e-29	127.5
BCW-201450_02776	gnl|TC-DB|P33369|1.B.17.3.10	49.8	464	231	2	26	488	15	477	1.8e-127	452.6
BCW-201450_02779	gnl|TC-DB|Q6XBY3|1.B.11.6.1	36.4	805	457	15	18	777	32	826	7.7e-141	497.7
BCW-201450_02789	gnl|TC-DB|P0ACX0|9.B.72.1.2	64.0	111	40	0	1	111	1	111	2.9e-33	137.5
BCW-201450_02793	gnl|TC-DB|K0WKG7|4.F.1.1.8	59.4	175	69	1	3	175	1	175	1.2e-49	192.6
BCW-201450_02803	gnl|TC-DB|Q19NA9|1.E.53.1.7	49.3	69	33	1	1	67	1	69	2.9e-12	67.0
BCW-201450_02818	gnl|TC-DB|Q9KN48|3.A.23.1.1	47.1	208	108	2	211	417	211	417	1.5e-44	177.2
BCW-201450_02819	gnl|TC-DB|P37660|2.A.42.2.3	62.0	413	157	0	15	427	11	423	2.6e-143	505.0
BCW-201450_02827	gnl|TC-DB|D5CJ69|2.A.66.1.22	82.3	457	81	0	14	470	3	459	3.8e-215	743.8
BCW-201450_02830	gnl|TC-DB|P33231|2.A.14.1.1	86.4	551	75	0	1	551	1	551	4.7e-270	926.4
BCW-201450_02833	gnl|TC-DB|G3IME2|9.B.35.1.2	42.1	114	63	2	26	137	29	141	5.3e-21	97.1
BCW-201450_02835	gnl|TC-DB|P0AE06|8.A.1.6.1	59.6	391	154	2	1	387	1	391	1.2e-123	439.5
BCW-201450_02836	gnl|TC-DB|P24181|2.A.6.2.1	83.0	1032	175	0	1	1032	1	1032	0.0e+00	1650.6
BCW-201450_02837	gnl|TC-DB|P39325|3.A.1.2.25	87.1	318	41	0	1	318	1	318	1.3e-155	545.4
BCW-201450_02838	gnl|TC-DB|Q6BEX0|3.A.1.2.25	84.8	495	75	0	7	501	6	500	1.0e-239	825.5
BCW-201450_02839	gnl|TC-DB|P39328|3.A.1.2.25	82.3	333	58	1	1	333	2	333	3.3e-141	497.7
BCW-201450_02840	gnl|TC-DB|P37772|3.A.1.2.25	89.3	328	35	0	1	328	1	328	2.7e-159	557.8
BCW-201450_02849	gnl|TC-DB|P76187|8.A.5.1.7	34.7	300	166	5	17	305	18	298	1.5e-39	159.8
BCW-201450_02852	gnl|TC-DB|P07110|1.B.11.2.1	42.1	829	441	16	18	823	20	832	1.2e-181	633.3
BCW-201450_02861	gnl|TC-DB|P73239|3.A.1.106.14	26.1	463	317	10	244	694	111	560	2.0e-26	117.5
BCW-201450_02862	gnl|TC-DB|P75830|3.A.1.122.1	34.0	376	230	3	5	379	4	362	1.1e-52	203.8
BCW-201450_02863	gnl|TC-DB|P75831|3.A.1.122.1	45.9	654	341	4	7	653	1	648	3.5e-155	545.0
BCW-201450_02864	gnl|TC-DB|Q9KWV3|2.A.6.2.10	26.3	486	329	9	1	463	1	480	3.0e-28	122.9
BCW-201450_02874	gnl|TC-DB|P27125|2.A.7.6.1	79.0	343	72	0	1	343	1	343	1.3e-156	548.9
BCW-201450_02878	gnl|TC-DB|P0A843|2.A.64.1.1	70.1	67	18	1	1	65	1	67	3.7e-17	83.2
BCW-201450_02884	gnl|TC-DB|P0ABG7|2.A.103.1.2	86.2	370	51	0	1	370	1	370	2.8e-178	620.9
BCW-201450_02890	gnl|TC-DB|P0ADC1|1.B.42.1.2	43.3	208	86	3	7	214	6	181	2.8e-41	165.2
BCW-201450_02895	gnl|TC-DB|P0AAG3|3.A.1.3.4	89.2	241	26	0	1	241	1	241	6.7e-120	426.4
BCW-201450_02896	gnl|TC-DB|P0AER5|3.A.1.3.4	86.5	223	30	0	1	223	1	223	2.8e-104	374.4
BCW-201450_02897	gnl|TC-DB|P0AER3|3.A.1.3.4	85.0	246	37	0	1	246	1	246	4.1e-117	417.2
BCW-201450_02898	gnl|TC-DB|P37902|3.A.1.3.4	76.9	307	63	1	1	307	1	299	7.5e-132	466.5
BCW-201450_02902	gnl|TC-DB|P0A2L3|9.A.40.1.2	85.6	291	42	0	1	291	1	291	8.9e-143	502.7
BCW-201450_02919	gnl|TC-DB|P09323|4.A.1.1.2	54.9	679	269	8	2	676	1	646	8.3e-184	640.2
BCW-201450_02921	gnl|TC-DB|P75733|1.B.25.1.13	81.4	468	80	3	1	461	1	468	1.3e-233	805.1
BCW-201450_02930	gnl|TC-DB|P31224|2.A.6.2.2	82.3	1048	184	1	1	1047	1	1048	0.0e+00	1664.4
BCW-201450_02931	gnl|TC-DB|P0AE06|8.A.1.6.1	75.3	396	97	1	1	396	1	395	2.5e-164	574.7
BCW-201450_02934	gnl|TC-DB|P77338|1.A.23.1.1	52.3	1110	519	5	12	1113	5	1112	1.5e-310	1062.0
BCW-201450_02937	gnl|TC-DB|A6TAG3|1.E.43.1.1	46.3	82	44	0	1	82	1	82	1.4e-13	71.6
BCW-201450_02946	gnl|TC-DB|Q6D188|2.A.2.5.2	87.2	515	63	1	7	518	2	516	8.8e-250	859.0
BCW-201450_02951	gnl|TC-DB|P39830|2.A.37.1.5	80.7	550	104	2	1	550	1	548	1.1e-245	845.5
BCW-201450_02952	gnl|TC-DB|P52067|2.A.1.35.1	75.3	405	99	1	1	405	3	406	1.3e-168	589.0
BCW-201450_02961	gnl|TC-DB|P03961|3.A.3.7.1	53.2	188	88	0	1	188	1	188	2.4e-43	171.8
BCW-201450_02962	gnl|TC-DB|P03960|3.A.3.7.1	83.1	687	110	1	1	687	1	681	3.2e-313	1070.1
BCW-201450_02963	gnl|TC-DB|P03959|3.A.3.7.1	73.6	556	147	0	1	556	1	556	4.1e-229	790.4
BCW-201450_02982	gnl|TC-DB|X5H3P0|3.D.10.1.6	53.3	589	265	6	12	593	12	597	1.2e-173	606.3
BCW-201450_02983	gnl|TC-DB|X5GWN5|3.D.10.1.6	50.9	234	108	5	4	236	27	254	2.9e-67	251.5
BCW-201450_02988	gnl|TC-DB|P0ABJ9|3.D.4.3.2	86.8	515	68	0	1	515	1	515	9.9e-262	898.7
BCW-201450_02989	gnl|TC-DB|P0ABK2|3.D.4.3.2	77.6	379	85	0	1	379	1	379	3.7e-173	604.0
BCW-201450_02991	gnl|TC-DB|P0AAV0|8.A.79.1.1	67.7	96	31	0	1	96	1	96	7.8e-35	142.5
BCW-201450_02993	gnl|TC-DB|P0ABU9|1.A.30.2.2	88.7	222	25	0	1	222	1	222	2.6e-105	377.9
BCW-201450_02994	gnl|TC-DB|P0ABV8|1.A.30.2.2	84.9	139	21	0	2	140	4	142	2.2e-59	224.6
BCW-201450_02995	gnl|TC-DB|P19934|2.C.1.2.1	71.8	131	33	1	281	411	295	421	8.1e-33	137.9
BCW-201450_02996	gnl|TC-DB|P0A855|2.C.1.2.1	89.1	430	47	0	1	430	1	430	4.1e-136	481.1
BCW-201450_02997	gnl|TC-DB|C6EJJ6|2.C.1.2.1	80.9	173	31	1	1	171	1	173	3.6e-75	277.3
BCW-201450_02998	gnl|TC-DB|P45955|2.C.1.2.1	74.6	193	45	1	1	193	1	189	1.4e-54	209.5
BCW-201450_03006	gnl|TC-DB|P75757|2.A.4.1.4	70.0	300	86	1	3	298	2	301	4.7e-121	430.6
BCW-201450_03007	gnl|TC-DB|Q93GK6|9.B.2.1.9	35.3	201	114	6	15	206	20	213	3.8e-21	98.2
BCW-201450_03012	gnl|TC-DB|P38054|2.A.6.1.4	64.5	1038	365	2	1	1035	1	1038	0.0e+00	1345.5
BCW-201450_03013	gnl|TC-DB|P77239|2.A.6.1.4	39.4	381	218	7	36	410	31	404	1.4e-63	240.4
BCW-201450_03019	gnl|TC-DB|P28635|3.A.1.24.1	63.5	260	94	1	12	271	13	271	2.3e-92	335.1
BCW-201450_03020	gnl|TC-DB|O06924|3.B.1.1.4	57.1	553	226	3	9	553	5	554	5.0e-187	650.6
BCW-201450_03023	gnl|TC-DB|O06926|3.B.1.1.4	40.1	247	138	2	4	240	9	255	1.3e-45	179.9
BCW-201450_03024	gnl|TC-DB|O06927|3.B.1.1.4	35.1	171	108	2	55	222	63	233	2.7e-24	109.0
BCW-201450_03025	gnl|TC-DB|O32715|2.A.69.3.3	82.4	319	56	0	1	319	1	319	3.3e-143	504.2
BCW-201450_03029	gnl|TC-DB|J2MRK2|9.B.29.3.1	36.0	189	121	0	1	189	1	189	1.9e-35	145.6
BCW-201450_03033	gnl|TC-DB|P33362|3.A.1.12.15	73.0	296	80	0	14	309	10	305	2.0e-121	431.8
BCW-201450_03034	gnl|TC-DB|P33361|3.A.1.12.15	52.8	381	169	4	16	391	9	383	5.1e-85	311.2
BCW-201450_03035	gnl|TC-DB|P33360|3.A.1.12.15	66.3	306	102	1	1	306	1	305	2.7e-113	404.8
BCW-201450_03036	gnl|TC-DB|P33359|3.A.1.12.15	64.3	235	84	0	15	249	6	240	9.2e-75	276.6
BCW-201450_03043	gnl|TC-DB|P76538|9.B.127.1.1	45.6	136	73	1	6	141	6	140	6.0e-29	123.6
BCW-201450_03046	gnl|TC-DB|P16700|3.A.1.6.1	75.0	336	80	2	1	332	1	336	9.8e-146	512.7
BCW-201450_03047	gnl|TC-DB|P16701|3.A.1.6.1	86.7	271	36	0	9	279	7	277	7.0e-129	456.4
BCW-201450_03048	gnl|TC-DB|P0AEB0|3.A.1.6.1	81.7	273	50	0	18	290	15	287	1.1e-124	442.6
BCW-201450_03049	gnl|TC-DB|P16676|3.A.1.6.1	74.5	368	87	2	1	364	1	365	1.3e-156	548.9
BCW-201450_03051	gnl|TC-DB|Q8L3C4|4.A.3.2.5	94.7	169	9	0	1	169	1	169	1.6e-83	305.1
BCW-201450_03052	gnl|TC-DB|P08839|8.A.7.1.1	84.5	575	89	0	1	575	1	575	1.7e-275	944.5
BCW-201450_03053	gnl|TC-DB|P0AA04|8.A.8.1.1	97.6	85	2	0	1	85	1	85	7.0e-40	159.1
BCW-201450_03055	gnl|TC-DB|P0A6J3|2.A.121.1.1	77.5	240	54	0	18	257	11	250	8.0e-111	396.4
BCW-201450_03060	gnl|TC-DB|P75905|4.D.1.1.3	47.3	414	213	3	12	421	29	441	2.3e-110	395.6
BCW-201450_03083	gnl|TC-DB|P76330|9.B.34.1.4	30.0	200	126	4	151	338	360	557	8.5e-20	94.4
BCW-201450_03086	gnl|TC-DB|Q93N33|2.A.21.9.2	27.9	326	208	6	260	566	752	1069	3.9e-19	93.6
BCW-201450_03098	gnl|TC-DB|F9VN10|3.D.10.1.4	34.7	536	312	13	22	533	7	528	1.2e-71	267.3
BCW-201450_03100	gnl|TC-DB|P38919|3.A.18.1.1	34.7	366	234	3	6	371	40	400	1.5e-56	216.9
BCW-201450_03106	gnl|TC-DB|P0A937|1.B.33.1.3	75.5	110	27	0	1	110	1	110	1.3e-44	175.3
BCW-201450_03126	gnl|TC-DB|Q0BEL4|1.E.3.1.4	47.9	94	49	0	1	94	1	94	1.3e-18	88.6
BCW-201450_03177	gnl|TC-DB|P0AAP1|9.B.34.1.2	31.4	137	91	1	326	462	186	319	3.3e-12	69.7
BCW-201450_03178	gnl|TC-DB|P75810|2.A.1.60.2	60.0	370	144	1	6	375	10	375	9.9e-121	429.9
BCW-201450_03191	gnl|TC-DB|P07110|1.B.11.2.1	53.1	829	377	6	4	823	7	832	5.4e-257	883.6
BCW-201450_03197	gnl|TC-DB|Q05596|3.A.1.23.6	68.7	259	80	1	6	264	2	259	2.4e-97	351.7
BCW-201450_03198	gnl|TC-DB|Q05598|3.A.1.23.6	48.0	225	117	0	1	225	1	225	3.2e-55	211.5
BCW-201450_03199	gnl|TC-DB|O68104|3.A.1.23.8	45.2	84	44	1	2	85	4	85	2.2e-15	77.8
BCW-201450_03200	gnl|TC-DB|Q05594|3.A.1.23.6	76.6	239	56	0	2	240	5	243	2.6e-100	361.3
BCW-201450_03211	gnl|TC-DB|Q8PVB2|9.B.125.2.2	33.1	323	193	5	8	318	14	325	1.9e-37	152.9
BCW-201450_03217	gnl|TC-DB|P39314|2.A.7.3.19	65.8	310	106	0	1	310	1	310	9.9e-119	422.9
BCW-201450_03223	gnl|TC-DB|P76630|2.A.78.1.3	71.2	198	57	0	12	209	7	204	1.5e-77	285.8
BCW-201450_03224	gnl|TC-DB|P43667|2.A.78.1.3	52.3	109	51	1	12	120	1	108	6.0e-24	106.7
BCW-201450_03226	gnl|TC-DB|Q1LCD9|2.A.6.1.6	24.9	490	328	8	12	477	9	482	3.4e-22	102.8
BCW-201450_03227	gnl|TC-DB|P27303|8.A.1.1.1	69.4	385	118	0	6	390	5	389	6.5e-141	496.9
BCW-201450_03228	gnl|TC-DB|P0AEJ0|2.A.1.3.2	82.4	510	90	0	2	511	3	512	1.5e-246	848.2
BCW-201450_03232	gnl|TC-DB|Q8ZRP7|3.A.1.13.1	51.2	258	124	1	9	266	7	262	1.2e-69	259.6
BCW-201450_03233	gnl|TC-DB|I7MT28|1.A.62.2.2	88.2	203	24	0	1	203	1	203	4.4e-96	347.1
BCW-201450_03235	gnl|TC-DB|B7LDR9|4.A.7.1.2	40.0	403	242	0	7	409	11	413	1.4e-77	286.6
BCW-201450_03238	gnl|TC-DB|A8ALD3|2.A.49.5.5	80.2	439	87	0	15	453	15	453	2.9e-199	691.0
BCW-201450_03240	gnl|TC-DB|P0AE42|9.B.12.2.1	82.7	52	9	0	22	73	1	52	1.1e-20	95.1
BCW-201450_03245	gnl|TC-DB|P19642|4.A.1.1.3	52.5	505	234	3	1	501	23	525	1.2e-144	509.6
BCW-201450_03249	gnl|TC-DB|Q57986|9.A.8.1.9	38.9	90	52	3	5	93	6	93	8.0e-11	65.1
BCW-201450_03250	gnl|TC-DB|P77774|1.B.33.1.3	66.8	392	130	0	1	392	1	392	9.1e-151	529.6
BCW-201450_03264	gnl|TC-DB|P44669|9.A.41.1.1	67.4	617	199	2	1	616	1	616	1.5e-224	775.4
BCW-201450_03272	gnl|TC-DB|D7A5Z9|2.A.113.1.7	31.4	271	163	3	58	323	55	307	7.9e-26	114.4
BCW-201450_03278	gnl|TC-DB|P0AGF4|2.A.1.1.3	39.5	499	257	8	3	470	2	486	1.6e-85	313.2
BCW-201450_03284	gnl|TC-DB|P0AFR9|3.A.1.11.9	78.2	257	56	0	8	264	6	262	8.0e-114	406.4
BCW-201450_03285	gnl|TC-DB|P77156|3.A.1.11.9	75.4	313	76	1	3	314	1	313	8.1e-134	473.0
BCW-201450_03286	gnl|TC-DB|P77795|3.A.1.11.9	65.4	341	114	1	1	341	1	337	2.2e-121	431.8
BCW-201450_03287	gnl|TC-DB|P76108|3.A.1.11.9	75.8	380	88	2	8	387	6	381	1.5e-177	618.6
BCW-201450_03308	gnl|TC-DB|P31474|2.A.1.3.51	72.4	446	123	0	1	446	18	463	1.2e-178	622.5
BCW-201450_03311	gnl|TC-DB|P02925|3.A.1.2.1	83.1	295	50	0	1	295	1	295	1.0e-130	462.6
BCW-201450_03312	gnl|TC-DB|P0AGI1|3.A.1.2.1	80.2	323	60	1	1	323	1	319	3.9e-131	464.2
BCW-201450_03313	gnl|TC-DB|P04983|3.A.1.2.1	86.2	501	69	0	1	501	1	501	3.6e-245	843.6
BCW-201450_03315	gnl|TC-DB|P63183|2.A.72.1.1	82.0	622	112	0	9	630	1	622	1.2e-298	1021.5
BCW-201450_03323	gnl|TC-DB|C4X3L3|1.A.77.3.8	54.9	122	55	0	1	122	25	146	6.3e-29	123.2
BCW-201450_03324	gnl|TC-DB|P0AB98|3.A.2.1.1	82.2	270	35	1	3	259	2	271	2.6e-122	434.5
BCW-201450_03325	gnl|TC-DB|P68699|3.A.2.1.1	98.7	79	1	0	1	79	1	79	1.4e-34	141.4
BCW-201450_03326	gnl|TC-DB|P0ABA0|3.A.2.1.1	87.2	156	20	0	1	156	1	156	1.1e-49	192.6
BCW-201450_03327	gnl|TC-DB|P0ABA4|3.A.2.1.1	78.5	177	38	0	1	177	1	177	1.0e-72	269.2
BCW-201450_03328	gnl|TC-DB|P0ABB0|3.A.2.1.1	94.5	513	28	0	1	513	1	513	1.8e-276	947.6
BCW-201450_03329	gnl|TC-DB|P0ABA6|3.A.2.1.1	90.6	287	27	0	1	287	1	287	5.1e-143	503.4
BCW-201450_03330	gnl|TC-DB|P0ABB4|3.A.2.1.1	94.1	460	27	0	1	460	1	460	1.8e-251	864.4
BCW-201450_03331	gnl|TC-DB|P0A6E6|3.A.2.1.1	90.6	139	13	0	1	139	1	139	8.4e-67	249.2
BCW-201450_03334	gnl|TC-DB|P0AG82|3.A.1.7.1	82.3	344	61	0	14	357	3	346	2.7e-165	577.8
BCW-201450_03335	gnl|TC-DB|P0AGH8|3.A.1.7.1	87.0	308	40	0	20	327	10	317	3.7e-145	510.8
BCW-201450_03336	gnl|TC-DB|P07654|3.A.1.7.1	88.4	294	34	0	1	294	1	294	2.0e-142	501.5
BCW-201450_03337	gnl|TC-DB|P0AAH0|3.A.1.7.1	91.1	258	22	1	1	258	1	257	4.6e-135	476.9
BCW-201450_03339	gnl|TC-DB|P30859|3.A.1.3.3	29.9	254	162	3	3	254	2	241	2.4e-28	122.5
BCW-201450_03340	gnl|TC-DB|Q8YPM8|3.A.1.3.18	36.6	216	118	5	20	224	79	286	3.6e-28	121.7
BCW-201450_03341	gnl|TC-DB|Q8YPM7|3.A.1.3.18	35.0	160	100	2	70	225	222	381	7.2e-21	97.4
BCW-201450_03344	gnl|TC-DB|P31466|2.A.40.7.6	84.7	445	68	0	1	445	1	445	2.1e-207	718.0
BCW-201450_03347	gnl|TC-DB|P76219|9.B.27.1.1	45.6	195	106	0	4	198	17	211	5.0e-39	157.5
BCW-201450_03349	gnl|TC-DB|P25714|2.A.9.3.1	76.6	548	124	1	16	559	1	548	2.2e-246	847.8
BCW-201450_03361	gnl|TC-DB|P0AA76|2.A.1.14.7	78.8	420	89	0	10	429	10	429	1.3e-195	678.7
BCW-201450_03371	gnl|TC-DB|P00550|4.A.2.1.2	75.8	657	139	6	2	658	1	637	2.6e-275	944.1
BCW-201450_03379	gnl|TC-DB|P37665|9.B.186.1.1	83.1	219	37	0	1	219	1	219	6.8e-79	290.0
BCW-201450_03382	gnl|TC-DB|B3WJF3|2.A.88.8.6	78.3	207	45	0	4	210	4	210	5.1e-90	327.0
BCW-201450_03386	gnl|TC-DB|P0AGM9|2.A.40.4.2	87.3	458	56	2	11	468	6	461	5.5e-219	756.5
BCW-201450_03387	gnl|TC-DB|P0AER8|2.A.27.1.1	83.7	399	65	0	1	399	1	399	3.0e-181	630.9
BCW-201450_03394	gnl|TC-DB|P0AGM2|1.A.62.2.3	74.1	205	53	0	1	205	1	205	5.7e-80	293.5
BCW-201450_03397	gnl|TC-DB|G8WDN2|2.A.7.21.5	65.4	136	46	1	22	157	8	142	8.3e-42	166.4
BCW-201450_03398	gnl|TC-DB|G8WDN3|2.A.7.21.5	61.5	143	55	0	7	149	1	143	1.0e-41	166.0
BCW-201450_03439	gnl|TC-DB|P69380|2.A.4.7.1	80.8	291	56	0	1	291	1	291	8.3e-136	479.6
BCW-201450_03441	gnl|TC-DB|P0AG78|3.A.1.6.1	83.9	329	53	0	1	329	1	329	7.1e-165	576.2
BCW-201450_03444	gnl|TC-DB|B7MI53|9.B.124.2.2	64.0	139	50	0	1	139	1	139	7.9e-52	199.5
BCW-201450_03447	gnl|TC-DB|P31442|2.A.1.2.9	73.7	391	103	0	1	391	1	391	5.2e-162	567.0
BCW-201450_03450	gnl|TC-DB|P0AER0|1.A.8.1.1	81.5	281	50	1	1	281	1	279	6.1e-133	469.9
BCW-201450_03458	gnl|TC-DB|Q9ZKE4|3.A.11.3.1	33.2	536	329	10	198	730	108	617	2.1e-68	256.9
BCW-201450_03474	gnl|TC-DB|P06129|1.B.14.3.1	52.3	633	277	6	3	630	2	614	5.0e-183	637.5
BCW-201450_03506	gnl|TC-DB|P45522|2.A.37.1.2	77.8	599	132	1	3	601	2	599	5.9e-258	886.3
BCW-201450_03507	gnl|TC-DB|P0A756|2.A.37.1.2	76.9	182	42	0	1	182	2	183	8.5e-83	302.8
BCW-201450_03508	gnl|TC-DB|Q83XH1|3.A.1.121.4	30.8	513	346	4	1	505	1	512	4.7e-72	268.9
BCW-201450_03510	gnl|TC-DB|Q47539|3.A.1.17.1	72.3	249	68	1	31	278	24	272	2.0e-91	332.0
BCW-201450_03511	gnl|TC-DB|Q47538|3.A.1.17.1	71.3	251	72	0	1	251	1	251	1.5e-101	365.5
BCW-201450_03512	gnl|TC-DB|Q47537|3.A.1.17.1	72.4	308	85	0	17	324	13	320	8.6e-126	446.4
BCW-201450_03513	gnl|TC-DB|P38101|2.A.76.1.4	29.8	198	129	3	8	201	4	195	2.6e-16	82.0
BCW-201450_03516	gnl|TC-DB|P45804|9.B.65.1.1	32.6	599	367	13	21	614	5	571	4.9e-74	275.4
BCW-201450_03519	gnl|TC-DB|O24842|2.A.1.15.6	23.1	412	265	12	23	394	35	434	2.8e-14	76.3
BCW-201450_03523	gnl|TC-DB|P45537|2.A.85.1.3	62.8	693	257	1	1	692	5	697	4.5e-262	900.2
BCW-201450_03530	gnl|TC-DB|P60778|2.A.1.7.14	75.8	393	93	2	1	393	1	391	5.2e-162	567.0
BCW-201450_03532	gnl|TC-DB|P0AA82|2.A.39.1.1	92.7	423	27	1	1	423	1	419	1.2e-217	751.9
BCW-201450_03535	gnl|TC-DB|P0AC26|1.A.16.3.1	82.4	267	47	0	1	267	1	267	1.9e-128	454.9
BCW-201450_03545	gnl|TC-DB|Q1R5P6|1.B.22.4.2	46.5	419	208	5	15	427	4	412	1.9e-96	349.4
BCW-201450_03561	gnl|TC-DB|B5XTS8|9.A.8.1.10	67.6	74	24	0	3	76	2	75	3.3e-22	100.5
BCW-201450_03562	gnl|TC-DB|B5XTS7|9.A.8.1.10	75.2	775	186	3	1	772	1	772	0.0e+00	1136.7
BCW-201450_03563	gnl|TC-DB|B5XTS6|9.A.8.1.10	45.8	72	39	0	1	72	1	72	8.3e-14	72.4
BCW-201450_03569	gnl|TC-DB|P39301|4.A.7.1.1	88.4	465	53	1	1	464	1	465	1.4e-235	811.6
BCW-201450_03570	gnl|TC-DB|P69822|4.A.7.1.1	88.1	101	12	0	1	101	1	101	2.1e-46	181.0
BCW-201450_03571	gnl|TC-DB|P69820|4.A.7.1.1	91.5	153	13	0	1	153	1	153	1.2e-77	285.4
BCW-201450_03588	gnl|TC-DB|P09391|9.B.104.1.1	57.5	275	116	1	1	275	1	274	1.6e-88	322.4
BCW-201450_03592	gnl|TC-DB|P10907|3.A.1.1.3	69.7	356	108	0	1	356	1	356	1.9e-139	491.9
BCW-201450_03593	gnl|TC-DB|P10906|3.A.1.1.3	74.7	281	71	0	1	281	1	281	5.8e-115	410.2
BCW-201450_03594	gnl|TC-DB|P10905|3.A.1.1.3	76.9	295	68	0	1	295	1	295	2.1e-128	454.9
BCW-201450_03595	gnl|TC-DB|P0AG80|3.A.1.1.3	78.3	437	94	1	4	440	2	437	5.2e-203	703.4
BCW-201450_03596	gnl|TC-DB|P22731|3.A.1.4.1	86.7	233	31	0	1	233	5	237	2.1e-110	394.8
BCW-201450_03597	gnl|TC-DB|P0A9S7|3.A.1.4.1	79.9	254	51	0	3	256	2	255	6.2e-116	413.3
BCW-201450_03598	gnl|TC-DB|P22729|3.A.1.4.1	75.3	425	103	1	1	423	1	425	5.9e-172	600.1
BCW-201450_03599	gnl|TC-DB|P0AEX7|3.A.1.4.1	84.7	308	47	0	1	308	1	308	3.4e-137	484.2
BCW-201450_03600	gnl|TC-DB|P04816|3.A.1.4.1	73.9	364	95	0	7	370	6	369	9.5e-166	579.3
BCW-201450_03603	gnl|TC-DB|P0AC31|3.A.1.140.1	70.2	322	93	1	4	325	34	352	3.5e-124	441.0
BCW-201450_03604	gnl|TC-DB|P0A9R7|3.A.1.140.1	88.2	221	26	0	1	221	1	221	7.5e-110	392.9
BCW-201450_03605	gnl|TC-DB|P10121|3.A.5.1.1	90.3	310	30	0	312	621	188	497	2.8e-154	542.0
BCW-201450_03612	gnl|TC-DB|P08555|2.A.8.1.5	84.5	445	69	0	1	445	1	445	6.8e-203	703.0
BCW-201450_03618	gnl|TC-DB|L8A802|2.A.8.1.10	67.1	432	136	1	2	433	3	428	1.1e-149	526.2
BCW-201450_03622	gnl|TC-DB|P24183|5.A.3.2.1	83.1	195	33	0	1	195	1	195	4.9e-97	350.1
BCW-201450_03623	gnl|TC-DB|P24183|5.A.3.2.1	77.5	803	180	1	1	803	213	1014	0.0e+00	1344.3
BCW-201450_03624	gnl|TC-DB|P0AAJ3|5.A.3.2.1	78.7	291	62	0	1	291	1	291	8.3e-147	516.2
BCW-201450_03625	gnl|TC-DB|P0AEK7|5.A.3.2.1	43.4	212	118	1	1	210	1	212	2.1e-53	205.3
BCW-201450_03631	gnl|TC-DB|Q81JL2|9.B.33.1.1	29.3	587	377	8	6	563	2	579	2.1e-68	256.5
BCW-201450_03637	gnl|TC-DB|Q9HWU4|1.B.11.3.7	33.5	825	511	17	33	847	22	818	2.2e-112	403.3
BCW-201450_03641	gnl|TC-DB|P36640|3.A.3.4.1	53.2	859	374	7	43	899	68	900	2.0e-257	885.2
BCW-201450_03646	gnl|TC-DB|P0AFJ7|2.A.20.1.1	73.7	499	128	2	1	496	1	499	3.9e-207	717.2
BCW-201450_03651	gnl|TC-DB|P30130|1.B.11.3.9	48.6	865	420	9	12	869	32	878	3.5e-235	811.2
BCW-201450_03657	gnl|TC-DB|Q9KDT3|2.A.22.5.3	36.5	436	272	5	3	433	10	445	3.8e-73	271.9
BCW-201450_03658	gnl|TC-DB|P0A8S5|9.B.4.1.1	82.9	111	19	0	1	111	1	111	1.7e-49	191.4
BCW-201450_03660	gnl|TC-DB|P36837|2.A.17.1.3	80.8	489	93	1	1	489	1	488	1.6e-232	801.6
BCW-201450_03668	gnl|TC-DB|P37642|9.B.126.1.1	68.3	322	96	1	2	323	19	334	1.4e-117	419.1
BCW-201450_03670	gnl|TC-DB|P77389|2.A.1.2.65	42.9	371	201	5	5	372	7	369	7.8e-70	260.8
BCW-201450_03673	gnl|TC-DB|A6TAG3|1.E.43.1.1	90.2	82	8	0	1	82	1	82	7.0e-37	149.1
BCW-201450_03675	gnl|TC-DB|P37645|9.B.121.1.1	59.7	690	267	4	1	683	1	686	2.6e-246	847.8
BCW-201450_03680	gnl|TC-DB|P0A830|2.A.23.1.7	88.0	417	50	0	1	417	1	417	9.8e-199	689.1
BCW-201450_03682	gnl|TC-DB|P37650|1.B.55.3.1	58.0	1171	469	7	5	1167	2	1157	0.0e+00	1245.7
BCW-201450_03683	gnl|TC-DB|P37651|4.D.3.1.6	62.7	370	130	3	21	390	6	367	3.1e-138	488.0
BCW-201450_03684	gnl|TC-DB|P37652|4.D.3.1.6	64.2	777	266	3	13	777	1	777	2.2e-297	1017.7
BCW-201450_03685	gnl|TC-DB|P37653|4.D.3.1.6	70.3	863	246	5	1	857	1	859	0.0e+00	1298.1
BCW-201450_03691	gnl|TC-DB|P45094|3.A.1.5.27	77.1	323	73	1	6	327	5	327	6.0e-143	503.4
BCW-201450_03692	gnl|TC-DB|P45095|3.A.1.5.27	77.2	324	74	0	1	324	1	324	3.1e-144	507.7
BCW-201450_03693	gnl|TC-DB|W0WMS8|3.A.1.5.39	52.3	300	140	1	1	300	4	300	5.1e-85	310.8
BCW-201450_03694	gnl|TC-DB|W0WN20|3.A.1.5.39	66.7	339	110	1	1	339	1	336	7.4e-125	443.4
BCW-201450_03695	gnl|TC-DB|W0WLZ1|3.A.1.5.39	53.7	521	239	2	22	541	16	535	7.6e-172	600.1
BCW-201450_03698	gnl|TC-DB|M3JA40|1.B.52.2.1	58.2	67	25	1	422	488	276	339	4.7e-13	72.8
BCW-201450_03704	gnl|TC-DB|P60061|2.A.3.2.5	92.9	439	31	0	1	439	1	439	8.7e-230	792.3
BCW-201450_03712	gnl|TC-DB|P0AAD8|2.A.42.2.2	81.6	440	80	1	2	440	3	442	1.4e-200	695.3
BCW-201450_03725	gnl|TC-DB|P69791|4.A.3.2.1	79.1	115	24	0	1	115	1	115	7.5e-45	176.0
BCW-201450_03726	gnl|TC-DB|C4X745|4.A.3.2.7	90.0	452	45	0	1	452	1	452	1.3e-217	751.9
BCW-201450_03727	gnl|TC-DB|P69795|4.A.3.2.1	87.7	106	13	0	1	106	1	106	2.4e-45	177.6
BCW-201450_03748	gnl|TC-DB|Q3YL97|1.B.20.1.3	54.5	545	243	3	15	555	45	588	8.6e-171	596.7
BCW-201450_03749	gnl|TC-DB|917745143|1.C.75.1.2	41.6	754	373	10	3047	3743	2446	3189	1.0e-103	376.7
BCW-201450_03749	gnl|TC-DB|917745143|1.C.75.1.2	44.0	293	155	6	10	296	45	334	6.1e-56	218.0
BCW-201450_03763	gnl|TC-DB|P31435|2.A.2.3.4	78.0	454	99	1	1	454	1	453	1.3e-199	692.2
BCW-201450_03765	gnl|TC-DB|P17583|2.A.1.17.1	71.9	385	107	1	10	394	1	384	1.5e-156	548.9
BCW-201450_03771	gnl|TC-DB|P0AF06|1.A.30.1.1	34.1	305	156	8	5	297	2	273	8.8e-35	144.1
BCW-201450_03772	gnl|TC-DB|P09348|1.A.30.1.1	33.9	277	183	0	4	280	4	280	3.8e-45	178.3
BCW-201450_03799	gnl|TC-DB|Q6WRW9|8.B.24.2.2	66.4	110	37	0	2	111	1	110	2.5e-37	151.0
BCW-201450_03800	gnl|TC-DB|Q6WRX0|1.C.1.1.3	66.9	236	77	1	72	306	173	408	1.2e-76	283.1
BCW-201450_03818	gnl|TC-DB|P23481|3.D.1.9.1	54.9	193	86	1	1	193	1	192	1.2e-61	232.6
BCW-201450_03819	gnl|TC-DB|P23482|3.D.1.9.1	62.3	673	251	2	1	671	1	672	4.6e-227	783.9
BCW-201450_03820	gnl|TC-DB|P77858|3.D.1.9.1	73.0	304	82	0	13	316	12	315	3.3e-119	424.5
BCW-201450_03821	gnl|TC-DB|P77416|3.D.1.9.1	73.6	478	126	0	2	479	1	478	1.3e-199	692.2
BCW-201450_03822	gnl|TC-DB|P0AEW1|3.D.1.9.1	69.4	216	66	0	1	216	1	216	4.3e-70	260.8
BCW-201450_03823	gnl|TC-DB|P77437|3.D.1.9.1	75.7	493	119	1	5	496	4	496	1.6e-198	688.7
BCW-201450_03824	gnl|TC-DB|P77329|3.D.1.9.1	78.1	576	105	3	4	579	1	555	2.8e-273	937.2
BCW-201450_03825	gnl|TC-DB|P77423|3.D.1.9.1	58.4	166	69	0	1	166	1	166	2.6e-39	158.3
BCW-201450_03826	gnl|TC-DB|P77668|3.D.1.9.1	70.5	241	68	1	13	253	10	247	1.6e-95	345.5
BCW-201450_03828	gnl|TC-DB|Q9KN48|3.A.23.1.1	47.2	235	124	0	350	584	193	427	3.6e-54	209.5
BCW-201450_03829	gnl|TC-DB|P0AC23|1.A.16.1.1	69.3	280	85	1	1	279	1	280	9.1e-108	386.3
BCW-201450_03835	gnl|TC-DB|P0AAP1|9.B.34.1.2	31.1	167	109	2	189	351	205	369	2.3e-20	96.3
BCW-201450_03843	gnl|TC-DB|P76417|2.A.1.10.4	65.7	408	138	2	10	416	6	412	2.6e-151	531.6
BCW-201450_03858	gnl|TC-DB|P75958|3.A.1.125.1	76.0	412	99	0	3	414	2	413	4.8e-174	607.1
BCW-201450_03859	gnl|TC-DB|P75957|3.A.1.125.1	74.9	231	58	0	9	239	3	233	2.8e-94	341.3
BCW-201450_03860	gnl|TC-DB|P0ADC3|3.A.1.125.1	73.2	400	105	2	1	399	1	399	6.2e-155	543.5
BCW-201450_03866	gnl|TC-DB|P15078|2.A.114.1.1	60.7	675	259	3	8	677	8	681	6.3e-232	800.0
BCW-201450_03868	gnl|TC-DB|P15701|2.A.10.1.1	92.0	314	25	0	1	314	1	314	2.4e-152	534.6
BCW-201450_03876	gnl|TC-DB|P25396|2.A.16.1.1	68.4	307	95	1	1	307	16	320	2.0e-116	415.2
BCW-201450_03881	gnl|TC-DB|P0C0L7|2.A.1.6.4	50.8	463	222	3	31	489	3	463	1.0e-130	463.4
BCW-201450_03883	gnl|TC-DB|P0AFS5|2.A.86.1.4	54.7	340	154	0	1	340	1	340	1.6e-98	355.9
BCW-201450_03891	gnl|TC-DB|Q5KYD1|2.A.17.1.7	38.8	513	287	9	1	504	1	495	2.1e-83	306.2
BCW-201450_03892	gnl|TC-DB|P0AA60|9.B.27.2.1	68.8	215	67	0	1	215	1	215	6.0e-83	303.5
BCW-201450_03894	gnl|TC-DB|P77389|2.A.1.2.65	40.8	375	221	1	21	394	8	382	1.7e-67	253.1
BCW-201450_03896	gnl|TC-DB|P0AC96|2.A.8.1.8	73.9	444	116	0	1	444	1	444	1.5e-181	632.1
BCW-201450_03906	gnl|TC-DB|P69786|4.A.1.1.1	92.0	477	38	0	1	477	1	477	1.0e-249	858.6
BCW-201450_03913	gnl|TC-DB|O80800|3.D.1.6.3	48.6	74	38	0	2	75	48	121	1.7e-11	64.7
BCW-201450_03926	gnl|TC-DB|P77279|3.A.1.139.2	51.6	221	105	1	1	219	1	221	6.0e-59	223.8
BCW-201450_03927	gnl|TC-DB|P77307|3.A.1.139.2	76.6	252	59	0	1	252	1	252	2.9e-97	351.3
BCW-201450_03931	gnl|TC-DB|P60844|1.A.8.3.1	84.0	231	37	0	1	231	1	231	2.5e-108	387.9
BCW-201450_03932	gnl|TC-DB|P0AEA2|1.B.48.1.1	79.6	274	56	0	1	274	1	274	3.6e-125	444.1
BCW-201450_03933	gnl|TC-DB|P0AE98|1.B.48.1.1	60.6	137	53	1	1	136	1	137	8.3e-43	169.5
BCW-201450_03934	gnl|TC-DB|P0AE95|1.B.48.1.1	58.9	129	53	0	1	129	1	129	1.6e-40	161.8
BCW-201450_03939	gnl|TC-DB|P07117|2.A.21.2.1	83.4	489	81	0	2	490	3	491	2.9e-231	797.3
BCW-201450_03942	gnl|TC-DB|P37774|3.A.1.3.10	79.0	248	52	0	1	248	1	248	1.4e-107	385.6
BCW-201450_03957	gnl|TC-DB|P15928|3.A.6.2.1	64.2	547	191	1	24	570	17	558	2.0e-183	638.6
BCW-201450_03959	gnl|TC-DB|P15934|3.A.6.2.1	62.2	127	48	0	123	249	106	232	5.0e-41	164.5
BCW-201450_03960	gnl|TC-DB|P26465|3.A.6.2.1	83.1	455	73	2	1	452	1	454	3.9e-214	740.3
BCW-201450_03965	gnl|TC-DB|P26419|3.A.6.2.1	74.5	141	32	2	1	141	1	137	6.2e-49	189.9
BCW-201450_03966	gnl|TC-DB|P0A1L1|3.A.6.2.1	45.5	123	59	3	5	124	4	121	1.5e-17	85.5
BCW-201450_03967	gnl|TC-DB|P54700|3.A.6.2.1	82.0	244	44	0	5	248	2	245	2.6e-103	371.3
BCW-201450_03968	gnl|TC-DB|P0A1L5|3.A.6.2.1	75.3	89	22	0	1	89	1	89	3.1e-30	127.1
BCW-201450_03969	gnl|TC-DB|P54702|3.A.6.2.1	64.0	258	93	0	1	258	1	258	1.7e-89	325.5
BCW-201450_03972	gnl|TC-DB|Q15HU6|3.A.7.14.2	40.1	142	79	2	151	290	47	184	2.0e-23	106.3
BCW-201450_03985	gnl|TC-DB|P76298|1.A.104.1.1	83.8	690	111	1	1	689	1	690	0.0e+00	1107.8
BCW-201450_03986	gnl|TC-DB|P40727|3.A.6.2.1	60.7	382	150	0	1	382	1	382	1.2e-131	466.1
BCW-201450_03990	gnl|TC-DB|P31545|2.A.108.2.3	73.1	416	104	3	2	414	12	422	1.1e-178	622.5
BCW-201450_03991	gnl|TC-DB|P0AB24|2.A.108.2.3	74.9	371	91	2	6	374	5	375	5.3e-156	547.0
BCW-201450_03992	gnl|TC-DB|P75901|2.A.108.2.3	76.1	272	65	0	1	272	1	272	4.9e-114	407.1
BCW-201450_03998	gnl|TC-DB|Q8Z3V7|3.A.1.28.1	56.0	216	93	2	1	214	1	216	4.7e-64	240.7
BCW-201450_03999	gnl|TC-DB|Q8Z3V8|3.A.1.28.1	46.1	193	102	1	33	223	33	225	2.0e-40	162.5
BCW-201450_04000	gnl|TC-DB|Q8Z3V9|3.A.1.28.1	44.0	207	114	2	28	233	18	223	7.8e-36	147.1
BCW-201450_04001	gnl|TC-DB|Q8XGV9|3.A.1.28.1	62.6	190	71	0	4	193	3	192	2.4e-43	171.8
BCW-201450_04009	gnl|TC-DB|P69451|4.C.1.1.4	24.1	478	288	17	45	487	49	486	2.8e-23	106.7
BCW-201450_04017	gnl|TC-DB|L8CW92|2.A.66.12.6	76.7	438	102	0	1	438	6	443	4.4e-186	647.1
BCW-201450_04021	gnl|TC-DB|P0AFJ7|2.A.20.1.1	80.3	498	98	0	1	498	1	498	5.8e-227	783.1
BCW-201450_04022	gnl|TC-DB|P02925|3.A.1.2.1	28.8	229	140	7	69	286	29	245	4.1e-14	75.5
BCW-201450_04024	gnl|TC-DB|P45428|2.A.61.1.2	30.5	456	307	5	38	490	2	450	4.3e-57	218.8
BCW-201450_04037	gnl|TC-DB|P0AAA7|2.A.66.2.3	28.3	407	287	4	1	405	1	404	5.3e-40	161.8
BCW-201450_04043	gnl|TC-DB|L5DDD7|2.A.109.2.3	70.6	528	153	2	1	527	370	896	8.1e-211	729.6
BCW-201450_04044	gnl|TC-DB|P0ABP3|2.A.61.1.1	86.6	448	60	0	2	449	5	452	3.2e-208	720.7
BCW-201450_04045	gnl|TC-DB|P28249|9.B.22.2.1	42.8	624	346	6	1	620	1	617	4.5e-144	508.1
BCW-201450_04048	gnl|TC-DB|A0L4L0|3.A.1.132.3	44.4	250	133	3	103	351	85	329	3.1e-52	202.2
BCW-201450_04050	gnl|TC-DB|P17315|1.B.14.1.4	70.3	664	180	7	5	654	3	663	5.9e-280	959.5
BCW-201450_04051	gnl|TC-DB|Q9RCF3|3.A.1.14.6	37.6	237	143	3	5	237	21	256	2.4e-38	155.6
BCW-201450_04052	gnl|TC-DB|A8GDS7|3.A.1.14.16	34.3	332	210	3	30	360	8	332	9.5e-46	180.6
BCW-201450_04054	gnl|TC-DB|P25737|2.A.3.1.2	88.1	480	57	0	9	488	5	484	4.2e-246	846.7
BCW-201450_04058	gnl|TC-DB|P62723|2.A.98.1.3	64.4	340	113	3	19	358	13	344	1.2e-109	392.9
BCW-201450_04060	gnl|TC-DB|P20966|4.A.2.1.1	76.8	557	127	2	1	555	1	557	4.9e-206	713.8
BCW-201450_04062	gnl|TC-DB|P69811|4.A.2.1.1	69.5	377	114	1	1	377	1	376	1.7e-138	488.8
BCW-201450_04064	gnl|TC-DB|P0AEQ3|3.A.1.3.2	87.5	248	30	1	1	247	1	248	6.6e-123	436.4
BCW-201450_04065	gnl|TC-DB|P0AEQ6|3.A.1.3.2	84.2	222	32	1	1	222	1	219	1.4e-100	362.1
BCW-201450_04066	gnl|TC-DB|P10346|3.A.1.3.2	85.8	240	34	0	1	240	1	240	1.9e-114	408.3
BCW-201450_04067	gnl|TC-DB|P75783|1.A.23.3.2	47.6	697	361	3	41	735	46	740	1.7e-177	619.4
BCW-201450_04072	gnl|TC-DB|P33913|3.A.1.5.21	66.4	589	197	1	16	604	10	597	2.8e-247	850.9
BCW-201450_04073	gnl|TC-DB|P0AFU1|3.A.1.5.21	80.2	364	72	0	1	364	1	364	1.0e-164	575.9
BCW-201450_04074	gnl|TC-DB|P33915|3.A.1.5.21	72.1	337	94	0	2	338	3	339	3.3e-141	497.7
BCW-201450_04075	gnl|TC-DB|P33916|3.A.1.5.21	72.6	525	143	1	9	532	5	529	5.7e-212	733.4
BCW-201450_04078	gnl|TC-DB|P28246|2.A.1.2.7	67.8	395	127	0	1	395	1	395	2.9e-152	534.6
BCW-201450_04088	gnl|TC-DB|D4ZZR3|9.B.34.1.3	28.7	334	216	7	63	376	60	391	3.4e-25	112.5
BCW-201450_04089	gnl|TC-DB|O00571|1.I.1.1.3	42.3	388	204	6	43	410	181	568	1.1e-71	267.3
BCW-201450_04090	gnl|TC-DB|Q9I2M0|3.A.1.109.4	41.7	369	212	3	17	383	26	393	6.2e-75	277.7
BCW-201450_04091	gnl|TC-DB|Q9I2M1|3.A.1.109.4	37.3	649	396	6	58	704	70	709	3.5e-116	415.6
BCW-201450_04120	gnl|TC-DB|P0AGA2|3.A.5.1.1	98.4	443	7	0	1	443	1	443	8.8e-243	835.5
BCW-201450_04131	gnl|TC-DB|P0A742|1.A.22.1.1	78.2	133	28	1	1	133	1	132	7.4e-52	199.5
BCW-201450_04132	gnl|TC-DB|P0AGI8|2.A.38.1.1	88.4	458	53	0	1	458	1	458	7.2e-232	799.3
BCW-201450_04136	gnl|TC-DB|Q8VRK4|3.A.11.1.3	39.4	274	152	5	79	352	70	329	4.7e-40	161.8
BCW-201450_04155	gnl|TC-DB|Q07711|3.A.7.7.1	25.2	555	363	16	102	622	101	637	1.6e-30	131.3
BCW-201450_04161	gnl|TC-DB|P76264|2.A.107.1.1	75.1	185	46	0	1	185	1	185	8.5e-78	286.2
BCW-201450_04163	gnl|TC-DB|P69805|4.A.6.1.1	86.1	287	36	1	1	287	4	286	1.4e-137	485.3
BCW-201450_04164	gnl|TC-DB|P69801|4.A.6.1.1	86.1	266	36	1	1	265	1	266	3.2e-115	411.0
BCW-201450_04165	gnl|TC-DB|P69797|4.A.6.1.1	82.0	322	55	1	1	319	1	322	2.6e-135	478.0
BCW-201450_04166	gnl|TC-DB|L5DDD7|2.A.109.2.3	48.4	531	257	8	1	519	370	895	1.2e-118	423.3
BCW-201450_04168	gnl|TC-DB|Q9KSH3|4.A.3.2.6	52.9	102	47	1	1	102	1	101	2.7e-22	100.9
BCW-201450_04169	gnl|TC-DB|Q9KSH5|4.A.3.2.6	55.0	100	45	0	1	100	1	100	1.3e-24	108.6
BCW-201450_04172	gnl|TC-DB|Q72XQ0|4.A.3.2.8	45.5	431	226	3	4	425	1	431	2.0e-95	345.9
BCW-201450_04184	gnl|TC-DB|G9YAK2|8.B.24.3.2	86.6	119	16	0	1	119	1	119	4.9e-55	209.9
BCW-201450_04188	gnl|TC-DB|P33024|2.A.41.2.9	80.8	416	80	0	1	416	1	416	1.9e-178	621.7
BCW-201450_04191	gnl|TC-DB|F4MY44|1.B.1.1.16	78.1	370	78	2	1	370	1	367	7.5e-171	596.3
BCW-201450_04194	gnl|TC-DB|P76278|9.B.62.1.4	37.1	286	177	3	7	291	6	289	1.3e-45	179.9
BCW-201450_04204	gnl|TC-DB|P77549|2.A.1.46.6	69.0	378	117	0	12	389	13	390	1.5e-140	495.7
BCW-201450_04207	gnl|TC-DB|B5Y0L3|1.B.1.1.18	64.1	387	128	5	6	387	1	381	3.1e-143	504.6
BCW-201450_04213	gnl|TC-DB|P23865|9.B.174.1.2	78.1	670	144	3	1	669	1	668	1.3e-301	1031.6
BCW-201450_04214	gnl|TC-DB|P23894|9.B.1.1.6	86.3	293	40	0	1	293	1	293	5.1e-138	486.9
BCW-201450_04216	gnl|TC-DB|P37597|2.A.1.2.62	62.5	384	140	2	1	382	1	382	4.1e-130	461.1
BCW-201450_04218	gnl|TC-DB|B7L6N0|3.A.1.19.4	43.6	204	115	0	3	206	1	204	1.7e-42	169.1
BCW-201450_04219	gnl|TC-DB|B7L6M9|3.A.1.19.4	31.8	522	298	13	22	534	8	480	7.9e-52	201.4
BCW-201450_04231	gnl|TC-DB|Q8ZPN4|2.A.85.1.5	59.7	663	267	0	1	663	1	663	6.6e-234	806.6
BCW-201450_04232	gnl|TC-DB|P46482|8.A.1.7.1	39.1	253	153	1	2	254	34	285	7.5e-45	177.2
BCW-201450_04233	gnl|TC-DB|G4PZW1|8.A.48.1.1	56.4	78	34	0	1	78	1	78	3.9e-21	96.7
BCW-201450_04242	gnl|TC-DB|P96878|2.A.53.3.12	34.7	170	104	2	26	189	571	739	7.4e-25	110.5
BCW-201450_04245	gnl|TC-DB|P77304|2.A.17.1.2	77.5	503	110	1	1	503	1	500	1.2e-219	758.8
BCW-201450_04247	gnl|TC-DB|P77179|3.D.6.1.4	76.1	230	53	1	1	228	1	230	1.1e-92	335.9
BCW-201450_04248	gnl|TC-DB|P77285|3.D.6.1.4	61.5	205	78	1	1	205	1	204	8.1e-69	256.5
BCW-201450_04249	gnl|TC-DB|P76182|3.D.6.1.4	68.6	350	110	0	1	350	1	350	5.1e-137	483.8
BCW-201450_04250	gnl|TC-DB|P77611|3.D.6.1.4	65.6	453	155	1	1	453	1	452	3.5e-161	565.1
BCW-201450_04251	gnl|TC-DB|P77223|3.D.6.1.4	74.0	196	46	1	1	196	1	191	1.3e-65	245.7
BCW-201450_04252	gnl|TC-DB|P0A766|3.D.6.1.4	87.5	192	24	0	1	192	1	192	2.5e-85	311.2
BCW-201450_04255	gnl|TC-DB|p0aa70|2.A.7.3.22	77.6	290	65	0	4	293	2	291	4.6e-123	437.2
BCW-201450_04259	gnl|TC-DB|P02924|3.A.1.2.2	88.3	326	38	0	1	326	1	326	1.7e-166	581.6
BCW-201450_04260	gnl|TC-DB|P0AAF3|3.A.1.2.2	76.4	500	118	0	1	500	1	500	1.6e-224	775.0
BCW-201450_04261	gnl|TC-DB|P0AE26|3.A.1.2.2	85.8	330	45	1	1	330	1	328	3.4e-138	487.6
BCW-201450_04264	gnl|TC-DB|P39836|2.A.28.3.4	68.1	320	101	1	9	328	7	325	2.7e-111	398.3
BCW-201450_04269	gnl|TC-DB|P19642|4.A.1.1.3	80.3	522	102	1	1	522	1	521	4.0e-242	833.6
BCW-201450_04275	gnl|TC-DB|P43531|2.A.1.36.1	71.1	388	112	0	37	424	26	413	6.9e-152	533.5
BCW-201450_04279	gnl|TC-DB|Q8FHC1|2.A.49.5.3	65.2	411	142	1	53	463	1	410	8.3e-135	476.9
BCW-201450_04280	gnl|TC-DB|Q74FY6|5.B.3.1.1	43.0	291	156	3	173	454	34	323	1.2e-61	233.8
BCW-201450_04281	gnl|TC-DB|P96712|2.A.1.3.50	31.5	480	308	3	15	474	14	492	1.7e-64	243.4
BCW-201450_04288	gnl|TC-DB|Q8EII1|2.A.25.1.4	40.2	455	248	6	7	459	6	438	9.3e-86	313.9
BCW-201450_04303	gnl|TC-DB|F4MY44|1.B.1.1.16	60.7	354	133	3	20	371	18	367	3.2e-121	431.4
BCW-201450_04311	gnl|TC-DB|Q6SJ76|2.A.7.3.67	39.3	270	161	3	2	268	7	276	9.0e-44	173.7
BCW-201450_04315	gnl|TC-DB|O85763|3.A.1.17.2	41.5	294	169	1	346	636	18	311	2.1e-64	243.4
BCW-201450_04316	gnl|TC-DB|M3JA40|1.B.52.2.1	57.6	66	28	0	438	503	289	354	8.7e-12	68.6
BCW-201450_04317	gnl|TC-DB|P31122|2.A.1.2.15	73.4	387	103	0	18	404	1	387	1.2e-148	522.7
BCW-201450_04326	gnl|TC-DB|Q9HT68|3.A.1.24.5	36.4	231	146	1	11	241	5	234	3.7e-34	141.7
BCW-201450_04327	gnl|TC-DB|O32169|3.A.1.24.2	47.3	313	160	2	51	360	2	312	9.9e-73	270.4
BCW-201450_04328	gnl|TC-DB|Q9HT69|3.A.1.24.5	46.0	202	109	0	8	209	17	218	1.6e-43	172.6
BCW-201450_04332	gnl|TC-DB|P0AB67|3.D.2.1.1	87.0	463	59	1	1	463	1	462	8.1e-223	769.2
BCW-201450_04333	gnl|TC-DB|P07001|3.D.2.1.1	81.8	510	92	1	1	509	1	510	1.6e-232	801.6
BCW-201450_04335	gnl|TC-DB|P0AAE5|2.A.3.2.8	76.5	463	106	1	1	463	1	460	1.8e-193	671.8
BCW-201450_04341	gnl|TC-DB|Q93N33|2.A.21.9.2	29.7	259	154	6	178	423	758	1001	1.3e-17	87.4
BCW-201450_04355	gnl|TC-DB|P0AFV2|9.B.20.1.4	49.3	217	107	2	1	217	1	214	2.4e-52	201.8
BCW-201450_04357	gnl|TC-DB|P0AAK3|3.D.1.9.2	39.8	196	87	6	1	172	1	189	1.3e-30	131.3
BCW-201450_04358	gnl|TC-DB|P77747|1.B.1.1.21	72.1	380	103	3	1	380	1	377	2.4e-156	548.1
BCW-201450_04372	gnl|TC-DB|Q9EYX5|1.A.35.4.1	52.5	324	154	0	7	330	4	327	3.4e-90	328.2
BCW-201450_04376	gnl|TC-DB|B1LE48|2.A.86.2.1	67.3	358	116	1	9	366	9	365	1.4e-132	469.2
BCW-201450_04377	gnl|TC-DB|Q9HY55|4.A.2.1.17	28.8	424	217	14	384	781	552	916	8.8e-28	122.1
BCW-201450_04380	gnl|TC-DB|P24520|4.B.1.1.1	71.4	238	68	0	1	238	1	238	9.0e-93	336.3
BCW-201450_04388	gnl|TC-DB|P31499|1.B.14.2.2	68.3	701	203	3	8	705	3	687	4.6e-286	979.9
BCW-201450_04390	gnl|TC-DB|Q56991|3.A.1.14.5	64.3	277	95	2	3	278	6	279	1.2e-91	332.8
BCW-201450_04391	gnl|TC-DB|A8GDS7|3.A.1.14.16	75.8	327	79	0	3	329	4	330	6.8e-139	490.0
BCW-201450_04392	gnl|TC-DB|A8GDS6|3.A.1.14.16	71.8	262	69	1	12	273	5	261	6.2e-106	380.2
BCW-201450_04397	gnl|TC-DB|P76474|2.A.7.22.1	37.0	119	74	1	4	122	2	119	1.4e-13	72.4
BCW-201450_04398	gnl|TC-DB|Q47377|2.A.7.22.1	50.0	110	52	2	1	110	1	107	8.3e-20	92.8
BCW-201450_04399	gnl|TC-DB|G8LJX5|9.B.142.2.2	54.6	540	238	4	11	547	13	548	5.4e-165	577.4
BCW-201450_04402	gnl|TC-DB|P77757|4.D.2.1.8	77.3	308	70	0	14	321	7	314	3.4e-138	487.6
BCW-201450_04404	gnl|TC-DB|P06611|3.A.1.13.1	48.8	246	122	1	14	259	5	246	4.8e-63	237.7
BCW-201450_04405	gnl|TC-DB|P06609|3.A.1.13.1	68.4	310	95	2	31	338	15	323	6.0e-114	407.1
BCW-201450_04418	gnl|TC-DB|P0AG96|3.A.5.1.1	86.6	127	17	0	1	127	1	127	5.7e-54	206.5
BCW-201450_04421	gnl|TC-DB|Q9ZK21|1.C.82.1.1	49.8	227	114	0	3	229	4	230	2.1e-57	218.8
BCW-201450_04455	gnl|TC-DB|P30143|2.A.25.1.10	54.2	478	216	2	1	477	1	476	2.6e-139	491.9
BCW-201450_04461	gnl|TC-DB|P25527|2.A.3.1.4	83.5	466	77	0	1	466	1	466	1.9e-219	758.1
BCW-201450_04465	gnl|TC-DB|Q5ZYB5|3.A.7.9.1	31.8	424	273	6	11	427	2	416	1.9e-51	199.9
BCW-201450_04468	gnl|TC-DB|P41036|2.A.1.12.1	83.6	482	79	0	1	482	1	482	9.2e-241	828.9
BCW-201450_04469	gnl|TC-DB|P0AC98|2.A.96.1.1	76.3	186	44	0	1	186	1	186	1.2e-77	285.8
BCW-201450_04470	gnl|TC-DB|P0A6Y8|1.A.33.1.2	91.1	638	55	1	1	636	1	638	0.0e+00	1102.8
BCW-201450_04472	gnl|TC-DB|P13738|2.A.33.1.1	66.0	377	127	1	8	383	4	380	2.2e-136	481.9
BCW-201450_04477	gnl|TC-DB|B8I766|9.B.105.1.5	31.2	144	90	4	17	157	2	139	1.9e-12	68.9
BCW-201450_04486	gnl|TC-DB|P0A754|2.A.37.1.1	66.1	174	59	0	1	174	1	174	9.1e-72	266.2
BCW-201450_04487	gnl|TC-DB|P03819|2.A.37.1.1	72.3	606	167	1	1	606	1	605	5.1e-236	813.5
BCW-201450_04488	gnl|TC-DB|P76249|2.A.76.1.5	31.8	195	118	6	16	202	21	208	1.3e-15	79.7
BCW-201450_04489	gnl|TC-DB|Q8FA71|2.A.79.2.1	75.8	256	62	0	3	258	22	277	6.5e-113	403.3
BCW-201450_04497	gnl|TC-DB|P31554|1.B.42.1.2	64.9	791	262	8	9	793	1	781	0.0e+00	1075.1
BCW-201450_04507	gnl|TC-DB|P31548|3.A.1.19.1	65.7	230	78	1	1	230	1	229	1.8e-82	302.0
BCW-201450_04508	gnl|TC-DB|P31549|3.A.1.19.1	73.5	532	141	0	1	532	1	532	8.2e-219	756.1
BCW-201450_04509	gnl|TC-DB|P31550|3.A.1.19.1	76.1	331	75	1	1	331	1	327	2.1e-148	521.5
BCW-201450_04512	gnl|TC-DB|P31675|2.A.1.20.1	70.8	391	114	0	1	391	1	391	3.1e-151	531.2
BCW-201450_04513	gnl|TC-DB|Q41364|2.A.47.3.1	44.0	480	253	4	11	490	106	569	5.7e-110	394.4
BCW-201450_04519	gnl|TC-DB|Q9XIA9|4.C.1.1.14	27.5	590	394	11	36	599	78	659	2.5e-59	226.5
BCW-201450_04523	gnl|TC-DB|A8ANM6|2.A.104.1.1	66.0	144	49	0	1	144	1	144	9.8e-48	186.0
BCW-201450_04530	gnl|TC-DB|P0A6W3|9.B.146.1.6	91.7	360	30	0	1	360	1	360	2.4e-190	661.0
BCW-201450_04532	gnl|TC-DB|P0ABG4|2.A.103.1.1	79.1	416	81	2	1	412	1	414	4.3e-183	637.1
BCW-201450_04541	gnl|TC-DB|P10408|3.A.5.1.1	88.8	901	101	0	1	901	1	901	0.0e+00	1561.2
BCW-201450_04547	gnl|TC-DB|P22609|3.A.15.2.1	32.7	367	244	1	34	397	7	373	3.4e-52	202.2
BCW-201450_04548	gnl|TC-DB|P22608|3.A.15.2.1	45.9	386	200	4	79	457	180	563	4.1e-89	325.1
BCW-201450_04552	gnl|TC-DB|P0AE14|9.B.125.1.1	61.6	284	109	0	1	284	1	284	7.2e-97	350.1
BCW-201450_04554	gnl|TC-DB|P31435|2.A.2.3.4	43.7	453	252	3	1	452	1	451	1.1e-113	406.8
BCW-201450_04555	gnl|TC-DB|P15993|2.A.3.1.3	76.9	445	103	0	9	453	5	449	5.0e-196	680.2
BCW-201450_04564	gnl|TC-DB|P0AA95|8.A.2.1.3	62.8	113	42	0	1	113	1	113	7.0e-35	142.9
BCW-201450_04565	gnl|TC-DB|P36649|1.B.76.1.8	63.1	539	176	3	1	539	1	516	9.5e-199	689.5
BCW-201450_04570	gnl|TC-DB|Q8F8H7|2.A.53.3.8	48.7	193	98	1	2	193	539	731	1.1e-54	209.5
BCW-201450_04571	gnl|TC-DB|P36879|3.A.1.105.17	87.1	302	39	0	1	302	1	302	4.4e-148	520.4
BCW-201450_04572	gnl|TC-DB|P0AFN6|3.A.1.105.17	84.8	256	39	0	1	256	1	256	1.4e-120	428.7
BCW-201450_04578	gnl|TC-DB|Q9KIQ4|4.A.6.1.4	64.1	156	56	0	4	159	14	169	5.5e-54	206.8
BCW-201450_04579	gnl|TC-DB|Q9KIQ3|4.A.6.1.4	46.3	259	132	1	5	263	8	259	1.1e-59	226.5
BCW-201450_04580	gnl|TC-DB|Q9KIQ2|4.A.6.1.4	54.6	271	123	0	27	297	22	292	1.7e-77	285.8
BCW-201450_04581	gnl|TC-DB|C8X384|4.A.6.2.2	32.3	124	82	2	1	124	1	122	9.7e-13	69.7
BCW-201450_04595	gnl|TC-DB|Q56111|1.B.1.1.22	67.1	389	111	7	1	378	1	383	3.0e-143	504.6
BCW-201450_04596	gnl|TC-DB|P06971|1.B.14.1.2	66.3	745	236	5	7	743	10	747	2.1e-289	991.1
BCW-201450_04597	gnl|TC-DB|P07821|3.A.1.14.3	80.9	256	49	0	10	265	10	265	4.0e-118	420.6
BCW-201450_04598	gnl|TC-DB|P07822|3.A.1.14.3	48.5	299	147	3	11	309	5	296	9.9e-76	280.0
BCW-201450_04599	gnl|TC-DB|P06972|3.A.1.14.3	62.6	652	242	2	16	667	11	660	4.9e-229	790.4
BCW-201450_04616	gnl|TC-DB|Q6MDD6|3.A.7.16.1	26.6	572	334	13	41	608	219	708	4.9e-34	142.5
BCW-201450_04650	gnl|TC-DB|P0A943|1.B.33.1.3	79.9	819	139	4	1	802	1	810	0.0e+00	1345.5
BCW-201450_04661	gnl|TC-DB|P0AAE8|2.A.3.2.2	84.8	440	67	0	1	440	1	440	1.8e-211	731.5
BCW-201450_04663	gnl|TC-DB|P75742|2.A.17.1.4	66.9	492	161	2	2	492	3	493	1.6e-189	658.7
BCW-201450_04682	gnl|TC-DB|Q9KN48|3.A.23.1.1	44.3	262	134	1	109	370	176	425	1.9e-56	216.5
BCW-201450_04691	gnl|TC-DB|Q56586|3.D.5.1.1	61.5	447	171	1	1	447	1	446	3.9e-158	554.3
BCW-201450_04692	gnl|TC-DB|Q56587|3.D.5.1.1	75.7	411	100	0	1	411	1	411	1.2e-190	662.1
BCW-201450_04693	gnl|TC-DB|Q56582|3.D.5.1.1	57.2	257	105	2	14	270	5	256	1.3e-82	302.8
BCW-201450_04694	gnl|TC-DB|Q57095|3.D.5.1.1	78.7	207	44	0	1	207	1	207	3.8e-87	317.4
BCW-201450_04695	gnl|TC-DB|Q56589|3.D.5.1.1	75.8	198	48	0	1	198	1	198	2.5e-80	294.7
BCW-201450_04696	gnl|TC-DB|Q56584|3.D.5.1.1	80.5	406	79	0	3	408	2	407	8.8e-197	682.6
BCW-201450_04698	gnl|TC-DB|D0WX40|3.D.5.1.1	61.6	73	25	1	5	74	4	76	6.0e-19	89.4
BCW-201450_04710	gnl|TC-DB|P0AB93|3.A.4.1.1	92.1	428	34	0	1	428	1	428	8.0e-217	749.2
BCW-201450_04713	gnl|TC-DB|A1S297|2.A.1.7.11	35.0	391	238	9	12	395	5	386	3.0e-45	179.1
BCW-201450_04716	gnl|TC-DB|P54715|4.A.1.1.8	35.6	525	318	10	9	517	2	522	3.7e-75	278.9
BCW-201450_04717	gnl|TC-DB|P76169|2.A.7.26.1	61.8	102	39	0	3	104	1	102	4.4e-31	130.2
BCW-201450_04718	gnl|TC-DB|Q1R209|1.B.14.7.1	78.2	753	163	1	3	754	1	753	0.0e+00	1187.9
BCW-201450_04720	gnl|TC-DB|Q1R210|2.C.1.1.3	56.0	257	112	1	1	256	2	258	1.9e-67	252.3
BCW-201450_04722	gnl|TC-DB|P0ABV2|1.A.30.2.1	61.0	141	51	1	1	141	1	137	1.7e-41	165.2
BCW-201450_04723	gnl|TC-DB|P0ABU7|1.A.30.2.1	65.0	220	77	0	63	282	9	228	1.2e-72	269.6
BCW-201450_04725	gnl|TC-DB|V2FAS1|2.A.7.17.1	46.0	287	155	0	8	294	5	291	1.8e-69	259.2
BCW-201450_04729	gnl|TC-DB|Q9RPV1|2.A.1.14.9	84.1	458	73	0	1	458	1	458	1.9e-224	774.6
BCW-201450_04739	gnl|TC-DB|B4TU87|9.B.2.5.3	50.8	199	97	1	5	202	3	201	5.7e-54	207.2
BCW-201450_04744	gnl|TC-DB|Q56589|3.D.5.1.1	65.7	198	68	0	3	200	1	198	2.4e-75	278.1
BCW-201450_04750	gnl|TC-DB|P0AA47|2.A.3.1.14	75.5	449	109	1	1	448	1	449	1.6e-191	665.2
BCW-201450_04756	gnl|TC-DB|Q1J0W6|9.B.34.1.1	34.7	167	97	4	560	725	190	345	5.7e-16	83.2
BCW-201450_04757	gnl|TC-DB|Q5SMG8|1.A.26.1.2	30.7	345	224	3	141	477	110	447	2.3e-39	159.8
BCW-201450_04760	gnl|TC-DB|P0AD99|2.A.26.1.10	76.8	431	100	0	1	431	1	431	9.8e-186	646.0
BCW-201450_04761	gnl|TC-DB|P37460|2.A.3.1.6	85.1	444	66	0	6	449	5	448	6.2e-215	743.0
BCW-201450_04763	gnl|TC-DB|P0AAT4|1.A.23.4.5	68.1	398	126	1	13	410	13	409	3.0e-152	534.6
BCW-201450_04769	gnl|TC-DB|P0ADZ7|3.A.5.1.1	88.2	110	13	0	1	110	1	110	9.7e-50	192.2
BCW-201450_04770	gnl|TC-DB|P0AG90|2.A.6.4.1	83.4	607	98	2	1	607	12	615	2.2e-281	964.1
BCW-201450_04771	gnl|TC-DB|P0AG93|2.A.6.4.1	85.8	323	46	0	1	323	1	323	3.7e-150	527.3
BCW-201450_04779	gnl|TC-DB|Q6EE21|3.A.23.2.1	34.8	158	96	3	14	169	17	169	1.2e-14	76.3
BCW-201450_04780	gnl|TC-DB|Q6EE20|3.A.23.2.1	40.0	493	290	3	1	491	1	489	1.5e-102	369.8
BCW-201450_04782	gnl|TC-DB|Q9KN55|3.A.23.1.1	48.2	591	304	2	1	591	1	589	4.1e-171	597.8
BCW-201450_04783	gnl|TC-DB|Q9KN54|3.A.23.1.1	45.0	320	161	4	7	320	28	338	1.2e-71	266.5
BCW-201450_04784	gnl|TC-DB|Q9KN53|3.A.23.1.1	37.1	291	160	7	155	425	207	494	2.4e-40	162.9
BCW-201450_04786	gnl|TC-DB|Q9KN51|3.A.23.1.1	50.8	445	217	1	1	445	1	443	8.5e-129	456.8
BCW-201450_04787	gnl|TC-DB|Q9KN50|3.A.23.1.1	37.1	229	135	2	39	266	37	257	3.4e-40	161.8
BCW-201450_04788	gnl|TC-DB|Q9KN49|3.A.23.1.1	57.8	873	354	6	15	878	1	868	3.7e-277	950.7
BCW-201450_04789	gnl|TC-DB|Q9KN48|3.A.23.1.1	24.8	468	309	10	68	498	64	525	1.2e-25	114.4
BCW-201450_04791	gnl|TC-DB|Q9KN46|3.A.23.1.1	27.3	462	321	4	14	462	6	465	1.1e-54	210.7
BCW-201450_04792	gnl|TC-DB|Q9KN45|3.A.23.1.1	34.9	1196	732	14	45	1230	23	1181	3.0e-208	722.2
BCW-201450_04795	gnl|TC-DB|B2D7K2|3.A.23.1.1	44.4	505	270	3	7	500	4	508	5.9e-121	431.4
BCW-201450_04810	gnl|TC-DB|P77726|2.A.1.2.60	72.3	448	124	0	1	448	1	448	1.1e-176	615.9
BCW-201450_04812	gnl|TC-DB|P0ABJ6|3.D.4.5.1	71.0	107	31	0	10	116	3	109	7.6e-37	149.4
BCW-201450_04813	gnl|TC-DB|P0ABJ3|3.D.4.5.1	77.3	207	43	2	1	206	1	204	1.4e-89	325.5
BCW-201450_04814	gnl|TC-DB|P0ABI8|3.D.4.5.1	85.8	663	94	0	1	663	1	663	0.0e+00	1191.0
BCW-201450_04815	gnl|TC-DB|P0ABJ1|3.D.4.5.1	71.6	310	80	3	1	308	1	304	1.7e-123	438.7
BCW-201450_04816	gnl|TC-DB|P0AE16|2.A.1.25.2	72.1	487	135	1	1	487	1	486	6.2e-197	683.3
BCW-201450_04825	gnl|TC-DB|A1EMW4|3.A.11.2.3	51.1	92	40	2	35	126	17	103	1.0e-15	79.3
BCW-201450_04832	gnl|TC-DB|A7VN01|3.A.1.106.5	75.9	586	141	0	1	586	1	586	1.9e-253	871.3
BCW-201450_04833	gnl|TC-DB|A7VN02|3.A.1.106.5	78.9	589	124	0	1	589	1	589	8.6e-262	899.0
BCW-201450_04835	gnl|TC-DB|P69681|1.A.11.1.1	70.3	428	126	1	2	429	1	427	4.8e-161	563.9
BCW-201450_04844	gnl|TC-DB|Q59385|3.A.3.5.5	70.6	844	233	2	72	915	5	833	0.0e+00	1131.7
BCW-201450_04847	gnl|TC-DB|P0AA53|8.A.21.2.2	85.6	298	43	0	1	298	1	298	4.2e-103	370.9
BCW-201450_04855	gnl|TC-DB|Q47142|2.A.1.27.1	63.3	376	136	1	1	376	2	375	1.2e-134	476.1
BCW-201450_04866	gnl|TC-DB|P11922|1.B.54.1.2	35.8	469	256	8	16	475	137	569	6.9e-74	275.0
BCW-201450_04874	gnl|TC-DB|P10903|2.A.1.8.1	78.2	463	100	1	38	500	1	462	2.9e-213	737.6
BCW-201450_04876	gnl|TC-DB|P09152|5.A.3.1.1	85.7	1249	175	2	1	1249	1	1245	0.0e+00	2289.6
BCW-201450_04877	gnl|TC-DB|P11349|5.A.3.1.1	86.0	508	70	1	1	507	1	508	8.1e-272	932.2
BCW-201450_04879	gnl|TC-DB|P11350|5.A.3.1.1	80.4	225	44	0	1	225	1	225	8.7e-106	379.4
BCW-201450_04884	gnl|TC-DB|P42237|2.A.1.14.1	30.4	424	281	6	27	439	16	436	7.5e-48	188.0
BCW-201450_04894	gnl|TC-DB|P36554|2.A.1.3.26	71.6	468	133	0	1	468	1	468	2.8e-186	647.9
BCW-201450_04895	gnl|TC-DB|P76399|2.A.6.2.12	81.8	1015	185	0	9	1023	3	1017	0.0e+00	1590.1
BCW-201450_04896	gnl|TC-DB|P76398|2.A.6.2.12	82.0	1019	183	0	17	1035	8	1026	0.0e+00	1570.4
BCW-201450_04897	gnl|TC-DB|P76397|8.A.1.6.2	66.8	376	121	2	33	408	32	403	1.0e-131	466.5
BCW-201450_04898	gnl|TC-DB|P0A9T4|8.A.5.1.5	37.1	132	77	1	1	126	1	132	1.2e-18	89.4
BCW-201450_04903	gnl|TC-DB|P16482|2.A.1.6.1	61.3	408	158	0	11	418	25	432	1.3e-140	496.1
BCW-201450_04906	gnl|TC-DB|P77439|4.A.2.1.11	65.1	831	290	0	1	831	1	831	7.0e-310	1059.3
BCW-201450_04909	gnl|TC-DB|P77579|4.A.2.1.11	78.8	416	84	2	1	415	1	413	6.7e-184	639.8
BCW-201450_04910	gnl|TC-DB|P69808|4.A.2.1.11	85.2	108	15	1	1	108	1	107	9.2e-45	175.6
