BCW-201864_00009	gnl|TC-DB|Q83XH1|3.A.1.121.4	31.5	515	343	5	1	506	1	514	1.5e-70	263.8
BCW-201864_00010	gnl|TC-DB|P0A756|2.A.37.1.2	76.4	182	43	0	1	182	2	183	3.4e-84	307.4
BCW-201864_00011	gnl|TC-DB|P45522|2.A.37.1.2	83.6	599	98	0	1	599	1	599	2.5e-277	950.7
BCW-201864_00034	gnl|TC-DB|C8U2V6|3.A.1.14.2	63.5	301	109	1	19	318	18	318	7.6e-103	370.2
BCW-201864_00035	gnl|TC-DB|Q8ZR35|2.A.1.38.3	62.0	410	156	0	7	416	1	410	3.9e-139	491.1
BCW-201864_00036	gnl|TC-DB|P23876|3.A.1.14.2	67.2	326	104	2	5	328	9	333	7.2e-109	390.2
BCW-201864_00037	gnl|TC-DB|P23877|3.A.1.14.2	64.2	316	113	0	12	327	15	330	2.3e-107	385.2
BCW-201864_00038	gnl|TC-DB|P23878|3.A.1.14.2	68.4	263	83	0	1	263	1	263	1.2e-101	365.9
BCW-201864_00039	gnl|TC-DB|P31552|4.C.1.1.6	21.8	510	338	13	484	961	36	516	9.4e-11	66.2
BCW-201864_00041	gnl|TC-DB|P05825|1.B.14.1.22	72.4	714	188	4	52	758	35	746	1.7e-313	1071.2
BCW-201864_00048	gnl|TC-DB|P55072|3.A.16.1.1	43.9	228	127	1	151	377	473	700	1.6e-56	217.2
BCW-201864_00051	gnl|TC-DB|P0AG99|3.A.5.1.1	80.9	110	20	1	1	110	1	109	3.1e-40	160.6
BCW-201864_00062	gnl|TC-DB|P38919|3.A.18.1.1	36.4	379	236	3	3	378	35	411	2.1e-64	243.4
BCW-201864_00084	gnl|TC-DB|P40729|3.A.6.2.1	44.5	686	353	6	21	699	25	689	2.5e-151	532.3
BCW-201864_00085	gnl|TC-DB|P40727|3.A.6.2.1	35.2	364	228	3	6	364	8	368	1.4e-52	203.4
BCW-201864_00093	gnl|TC-DB|P36655|5.A.1.1.1	67.4	567	175	5	1	562	1	562	4.6e-212	733.8
BCW-201864_00094	gnl|TC-DB|P0ABN5|2.A.13.1.1	62.4	434	161	2	1	433	1	433	1.5e-141	499.2
BCW-201864_00104	gnl|TC-DB|B2GH49|9.B.160.1.10	28.4	222	140	7	26	242	169	376	3.5e-16	82.4
BCW-201864_00110	gnl|TC-DB|P0ACA3|1.A.12.3.1	85.2	209	31	0	1	209	1	209	6.8e-100	359.8
BCW-201864_00118	gnl|TC-DB|Q1LZ59|4.A.2.1.7	25.5	153	112	2	47	198	1	152	9.4e-11	63.5
BCW-201864_00121	gnl|TC-DB|P0A9V1|1.B.42.1.2	91.7	241	20	0	1	241	1	241	7.6e-124	439.5
BCW-201864_00122	gnl|TC-DB|P0ADV1|1.B.42.1.2	71.5	186	50	2	1	184	1	185	6.3e-70	260.0
BCW-201864_00123	gnl|TC-DB|P0ADW0|1.B.42.1.2	64.0	189	67	1	1	189	1	188	6.8e-67	250.0
BCW-201864_00126	gnl|TC-DB|P45394|2.A.19.5.1	67.4	325	104	2	1	324	1	324	4.1e-112	401.0
BCW-201864_00127	gnl|TC-DB|P63386|3.A.1.27.3	79.6	265	54	0	1	265	1	265	8.3e-119	422.9
BCW-201864_00128	gnl|TC-DB|P64606|3.A.1.27.3	86.5	260	35	0	1	260	1	260	2.1e-119	424.9
BCW-201864_00129	gnl|TC-DB|P64604|3.A.1.27.3	70.6	163	45	2	1	161	1	162	5.2e-61	230.3
BCW-201864_00130	gnl|TC-DB|P0ADV7|3.A.1.27.3	77.8	212	46	1	1	212	1	211	5.2e-92	333.6
BCW-201864_00131	gnl|TC-DB|P64602|3.A.1.27.3	53.3	90	42	0	1	90	1	90	7.8e-22	99.4
BCW-201864_00143	gnl|TC-DB|Q47539|3.A.1.17.1	80.8	276	52	1	1	276	1	275	1.3e-116	415.6
BCW-201864_00144	gnl|TC-DB|Q47538|3.A.1.17.1	78.3	254	55	0	1	254	1	254	3.5e-111	397.5
BCW-201864_00145	gnl|TC-DB|Q47537|3.A.1.17.1	84.3	313	49	0	9	321	7	319	2.4e-149	524.6
BCW-201864_00153	gnl|TC-DB|P45537|2.A.85.1.3	71.1	688	196	2	1	685	5	692	7.7e-286	979.2
BCW-201864_00159	gnl|TC-DB|P60778|2.A.1.7.14	75.5	392	86	4	1	387	1	387	2.1e-155	545.0
BCW-201864_00163	gnl|TC-DB|K6JRX1|1.A.16.3.4	79.6	255	52	0	1	255	1	255	1.2e-117	419.1
BCW-201864_00173	gnl|TC-DB|Q1R5P6|1.B.22.4.2	48.3	412	209	2	1	411	1	409	1.9e-98	355.9
BCW-201864_00197	gnl|TC-DB|P09391|9.B.104.1.1	64.0	275	99	0	1	275	1	275	1.7e-98	355.5
BCW-201864_00210	gnl|TC-DB|P37621|2.A.1.46.7	69.7	393	119	0	1	393	1	393	3.0e-149	524.6
BCW-201864_00211	gnl|TC-DB|P0AGM0|2.A.86.1.2	54.6	346	156	1	3	347	2	347	6.5e-87	317.4
BCW-201864_00216	gnl|TC-DB|P0C0L7|2.A.1.6.4	86.4	499	68	0	3	501	2	500	9.3e-249	855.5
BCW-201864_00218	gnl|TC-DB|P76330|9.B.34.1.4	34.8	158	101	1	165	320	398	555	2.9e-17	85.9
BCW-201864_00222	gnl|TC-DB|Q47692|1.B.12.4.2	35.4	246	148	6	8	248	40	279	5.4e-32	134.4
BCW-201864_00230	gnl|TC-DB|P0AFJ7|2.A.20.1.1	79.0	500	103	2	1	499	1	499	3.7e-221	763.8
BCW-201864_00231	gnl|TC-DB|P0A8S5|9.B.4.1.1	85.6	111	16	0	1	111	1	111	3.0e-51	197.2
BCW-201864_00248	gnl|TC-DB|W9BH30|1.A.46.2.8	62.6	305	114	0	1	305	1	305	2.3e-109	391.7
BCW-201864_00252	gnl|TC-DB|P76628|2.A.1.36.3	34.9	392	249	2	11	401	4	390	8.1e-54	207.6
BCW-201864_00256	gnl|TC-DB|P03961|3.A.3.7.1	60.6	188	74	0	1	188	1	188	1.2e-55	212.6
BCW-201864_00257	gnl|TC-DB|P03960|3.A.3.7.1	83.0	682	116	0	1	682	1	682	0.0e+00	1078.2
BCW-201864_00258	gnl|TC-DB|P03959|3.A.3.7.1	76.8	556	127	1	1	554	1	556	5.7e-239	823.2
BCW-201864_00259	gnl|TC-DB|A3QE50|8.A.59.4.2	34.4	209	119	6	111	301	181	389	5.3e-26	115.2
BCW-201864_00260	gnl|TC-DB|P42237|2.A.1.14.1	50.1	433	211	3	9	441	13	440	7.8e-117	417.2
BCW-201864_00261	gnl|TC-DB|P0AEE5|3.A.1.2.3	29.4	326	204	8	3	302	7	332	6.8e-29	124.4
BCW-201864_00262	gnl|TC-DB|A8YQR5|3.A.23.2.1	40.0	428	237	7	14	431	92	509	2.8e-80	296.2
BCW-201864_00266	gnl|TC-DB|P04419|1.C.1.4.1	45.8	120	64	1	1222	1340	458	577	2.8e-26	117.9
BCW-201864_00274	gnl|TC-DB|P24518|4.B.1.1.1	87.2	407	52	0	1	407	1	407	1.2e-217	751.9
BCW-201864_00275	gnl|TC-DB|P43672|3.A.1.120.6	34.6	512	324	5	21	527	18	523	8.2e-81	297.7
BCW-201864_00277	gnl|TC-DB|Q9L3S2|3.A.1.4.4	49.3	215	107	2	14	227	4	217	2.2e-51	198.7
BCW-201864_00278	gnl|TC-DB|Q9L3S3|3.A.1.4.4	45.0	260	123	3	22	263	5	262	1.1e-51	199.9
BCW-201864_00279	gnl|TC-DB|Q9L3S4|3.A.1.4.4	45.0	311	168	2	45	353	30	339	1.5e-62	236.5
BCW-201864_00280	gnl|TC-DB|Q9L3S5|3.A.1.4.4	41.4	382	138	3	225	521	5	385	1.5e-68	256.9
BCW-201864_00281	gnl|TC-DB|Q8NRW1|3.A.1.4.5	44.6	395	203	6	10	404	31	409	3.6e-92	335.1
BCW-201864_00284	gnl|TC-DB|Q9MUK5|3.A.9.1.1	40.7	150	86	2	69	215	60	209	3.3e-19	93.2
BCW-201864_00299	gnl|TC-DB|Q5ZYB5|3.A.7.9.1	32.3	405	264	5	11	410	2	401	1.5e-48	190.3
BCW-201864_00300	gnl|TC-DB|P0AC98|2.A.96.1.1	78.0	186	41	0	1	186	1	186	3.7e-78	287.3
BCW-201864_00301	gnl|TC-DB|P0A6Y8|1.A.33.1.2	87.8	638	76	1	1	636	1	638	3.7e-311	1063.1
BCW-201864_00306	gnl|TC-DB|P96949|1.B.14.2.3	22.4	849	534	28	16	788	11	810	7.5e-27	119.0
BCW-201864_00308	gnl|TC-DB|A8GDS8|3.A.1.14.16	54.9	268	121	0	2	269	7	274	5.2e-76	280.8
BCW-201864_00309	gnl|TC-DB|A8GDS7|3.A.1.14.16	66.0	329	111	1	1	328	1	329	3.3e-109	391.3
BCW-201864_00310	gnl|TC-DB|A8GDS6|3.A.1.14.16	61.4	254	98	0	5	258	7	260	3.8e-81	297.7
BCW-201864_00322	gnl|TC-DB|P64564|9.A.4.1.2	56.8	192	71	3	1	184	1	188	5.4e-53	203.8
BCW-201864_00324	gnl|TC-DB|P24559|3.A.15.2.1	44.2	330	183	1	1	330	1	329	2.7e-71	265.4
BCW-201864_00331	gnl|TC-DB|P0AEP1|2.A.1.1.1	84.9	456	69	0	7	462	6	461	1.6e-218	755.0
BCW-201864_00336	gnl|TC-DB|Q9I2M2|3.A.1.109.4	24.9	369	260	7	43	408	33	387	7.6e-16	81.6
BCW-201864_00337	gnl|TC-DB|Q9I2M1|3.A.1.109.4	38.6	666	395	7	68	725	63	722	2.2e-118	422.9
BCW-201864_00338	gnl|TC-DB|Q9I2M0|3.A.1.109.4	39.8	359	211	4	47	402	37	393	3.2e-66	248.8
BCW-201864_00345	gnl|TC-DB|P0C0S1|1.A.23.2.1	76.3	283	67	0	1	283	1	283	3.6e-104	374.4
BCW-201864_00346	gnl|TC-DB|P11667|2.A.75.1.2	74.6	205	51	1	1	205	1	204	1.3e-84	308.9
BCW-201864_00349	gnl|TC-DB|P0AA76|2.A.1.14.7	47.4	426	216	3	12	432	7	429	3.3e-117	418.3
BCW-201864_00364	gnl|TC-DB|Q9UEF7|8.A.49.1.1	28.3	488	287	16	8	476	62	505	1.0e-42	171.0
BCW-201864_00366	gnl|TC-DB|P67153|1.C.113.1.10	84.3	216	34	0	1	216	1	216	2.0e-99	358.2
BCW-201864_00372	gnl|TC-DB|Q5K698|3.A.7.11.1	26.2	240	164	5	1	232	1	235	1.0e-16	83.6
BCW-201864_00374	gnl|TC-DB|Q8GKS5|1.B.12.9.1	25.6	801	468	22	112	823	231	992	2.8e-33	140.6
BCW-201864_00378	gnl|TC-DB|P0AEX3|2.A.1.6.2	79.1	417	86	1	17	433	17	432	4.2e-181	630.6
BCW-201864_00385	gnl|TC-DB|P0AEJ0|2.A.1.3.2	88.6	509	58	0	3	511	4	512	2.5e-257	884.0
BCW-201864_00386	gnl|TC-DB|P27303|8.A.1.1.1	72.8	389	106	0	1	389	1	389	4.7e-147	517.3
BCW-201864_00388	gnl|TC-DB|P0AFM2|3.A.1.12.1	76.4	331	77	1	1	331	1	330	5.7e-154	540.0
BCW-201864_00389	gnl|TC-DB|P14176|3.A.1.12.1	75.3	316	78	0	79	394	39	354	6.2e-123	437.2
BCW-201864_00390	gnl|TC-DB|P14175|3.A.1.12.1	85.9	396	55	1	1	395	1	396	7.7e-190	659.4
BCW-201864_00397	gnl|TC-DB|Q47689|2.A.3.1.10	81.1	466	82	2	1	466	1	460	2.3e-217	751.1
BCW-201864_00401	gnl|TC-DB|W0WLZ8|3.A.1.5.39	43.3	210	115	2	13	218	22	231	1.0e-42	169.9
BCW-201864_00402	gnl|TC-DB|Q9F350|3.A.1.5.35	39.0	267	156	4	5	264	1	267	5.4e-49	191.0
BCW-201864_00403	gnl|TC-DB|W0WMS8|3.A.1.5.39	46.2	249	128	1	40	282	50	298	3.7e-53	204.9
BCW-201864_00404	gnl|TC-DB|W0WN20|3.A.1.5.39	43.6	287	160	1	64	350	49	333	1.1e-62	236.9
BCW-201864_00405	gnl|TC-DB|P33590|3.A.1.5.3	24.1	493	324	15	7	475	8	474	5.5e-18	89.0
BCW-201864_00406	gnl|TC-DB|P36640|3.A.3.4.1	53.0	876	387	6	31	904	48	900	4.9e-248	854.0
BCW-201864_00431	gnl|TC-DB|P0A937|1.B.33.1.3	82.1	112	20	0	1	112	1	112	3.5e-50	193.7
BCW-201864_00437	gnl|TC-DB|O00571|1.I.1.1.3	33.1	366	226	5	3	350	179	543	4.0e-46	182.2
BCW-201864_00439	gnl|TC-DB|F9VN10|3.D.10.1.4	34.5	537	314	14	8	520	5	527	3.5e-68	255.8
BCW-201864_00453	gnl|TC-DB|Q55487|4.D.2.1.9	45.5	301	162	1	1	299	3	303	9.7e-76	280.0
BCW-201864_00462	gnl|TC-DB|Q9KN48|3.A.23.1.1	38.4	359	176	5	107	431	176	523	1.7e-57	219.9
BCW-201864_00466	gnl|TC-DB|Q47142|2.A.1.27.1	67.8	376	119	1	1	376	1	374	9.1e-140	493.0
BCW-201864_00469	gnl|TC-DB|D7A5Z9|2.A.113.1.7	33.6	265	162	3	51	310	52	307	3.2e-24	109.0
BCW-201864_00487	gnl|TC-DB|P77774|1.B.33.1.3	70.0	393	117	1	1	393	1	392	3.8e-157	550.8
BCW-201864_00502	gnl|TC-DB|P77549|2.A.1.46.6	47.9	388	202	0	1	388	1	388	1.9e-95	345.9
BCW-201864_00506	gnl|TC-DB|Q5SMG8|1.A.26.1.2	31.9	339	228	2	138	474	110	447	2.9e-42	169.5
BCW-201864_00511	gnl|TC-DB|O51234|3.A.1.7.5	24.8	298	157	4	385	682	62	292	2.8e-17	87.0
BCW-201864_00512	gnl|TC-DB|C3KCB6|3.A.1.7.3	30.8	253	151	4	266	518	63	291	2.2e-22	103.6
BCW-201864_00513	gnl|TC-DB|P0AAH0|3.A.1.7.1	58.7	247	102	0	9	255	11	257	4.6e-79	290.8
BCW-201864_00517	gnl|TC-DB|P0AGM7|2.A.40.1.1	91.0	423	38	0	2	424	1	423	1.4e-208	721.8
BCW-201864_00524	gnl|TC-DB|Q9Z4R9|3.A.1.20.1	23.6	258	188	6	52	305	51	303	1.0e-12	70.9
BCW-201864_00525	gnl|TC-DB|Q6QJE2|3.A.1.6.7	30.0	213	137	3	67	271	147	355	3.9e-18	88.6
BCW-201864_00527	gnl|TC-DB|C1CWI3|3.A.1.19.5	55.2	230	102	1	14	243	18	246	1.3e-62	236.5
BCW-201864_00529	gnl|TC-DB|D4ZZR3|9.B.34.1.3	43.0	158	81	2	368	516	236	393	5.6e-26	115.5
BCW-201864_00533	gnl|TC-DB|P0A903|1.B.33.1.3	63.4	344	125	1	1	343	1	344	1.3e-121	432.6
BCW-201864_00541	gnl|TC-DB|E3DBE3|2.A.6.2.48	81.9	1036	188	0	1	1036	1	1036	0.0e+00	1640.9
BCW-201864_00545	gnl|TC-DB|P40812|2.A.3.1.8	88.3	472	55	0	1	472	1	472	9.3e-241	828.9
BCW-201864_00550	gnl|TC-DB|D5CMP8|5.B.5.1.2	61.4	189	72	1	5	192	8	196	2.4e-67	251.5
BCW-201864_00555	gnl|TC-DB|P0AFS1|3.A.1.2.8	24.7	312	217	3	11	316	6	305	1.9e-22	103.2
BCW-201864_00556	gnl|TC-DB|A8H4W6|3.A.1.2.15	35.7	300	175	4	31	321	53	343	1.3e-36	150.2
BCW-201864_00557	gnl|TC-DB|B8H229|3.A.1.2.21	39.2	497	289	4	8	495	2	494	9.7e-97	350.5
BCW-201864_00570	gnl|TC-DB|P16700|3.A.1.6.1	79.2	337	70	0	1	337	1	337	8.1e-156	546.2
BCW-201864_00571	gnl|TC-DB|P16701|3.A.1.6.1	87.4	277	35	0	1	277	1	277	9.7e-131	462.6
BCW-201864_00572	gnl|TC-DB|P0AEB0|3.A.1.6.1	79.4	291	59	1	1	290	1	291	4.5e-131	463.8
BCW-201864_00573	gnl|TC-DB|P16676|3.A.1.6.1	81.4	366	63	2	1	362	1	365	2.8e-170	594.3
BCW-201864_00577	gnl|TC-DB|Q8L3C4|4.A.3.2.5	88.2	169	18	1	1	167	1	169	3.7e-77	283.9
BCW-201864_00578	gnl|TC-DB|P08839|8.A.7.1.1	85.4	575	84	0	1	575	1	575	3.7e-278	953.4
BCW-201864_00579	gnl|TC-DB|P0AA04|8.A.8.1.1	95.3	85	4	0	1	85	1	85	2.9e-38	153.7
BCW-201864_00582	gnl|TC-DB|P0A6J3|2.A.121.1.1	78.3	240	52	0	11	250	11	250	9.5e-109	389.4
BCW-201864_00586	gnl|TC-DB|P39836|2.A.28.3.4	69.5	331	99	1	3	333	4	332	1.6e-127	452.2
BCW-201864_00592	gnl|TC-DB|P33950|3.A.1.5.27	55.8	516	227	1	19	534	30	544	4.7e-174	607.4
BCW-201864_00593	gnl|TC-DB|W0WN20|3.A.1.5.39	65.5	339	114	1	1	339	1	336	8.2e-124	439.9
BCW-201864_00594	gnl|TC-DB|W0WMS8|3.A.1.5.39	54.1	294	134	1	6	299	8	300	8.7e-85	310.1
BCW-201864_00595	gnl|TC-DB|P45095|3.A.1.5.27	75.6	324	79	0	1	324	1	324	1.2e-140	495.7
BCW-201864_00596	gnl|TC-DB|P45094|3.A.1.5.27	77.3	317	71	1	11	326	11	327	3.4e-138	487.6
BCW-201864_00599	gnl|TC-DB|P37653|4.D.3.1.6	46.8	677	338	8	9	673	154	820	1.1e-178	623.2
BCW-201864_00600	gnl|TC-DB|P37652|4.D.3.1.6	29.1	729	471	19	121	827	75	779	4.0e-71	266.2
BCW-201864_00601	gnl|TC-DB|P37650|1.B.55.3.1	23.5	688	496	13	579	1262	474	1135	4.1e-27	120.6
BCW-201864_00606	gnl|TC-DB|P37650|1.B.55.3.1	46.1	1151	577	7	14	1125	11	1157	3.0e-271	931.4
BCW-201864_00607	gnl|TC-DB|P37652|4.D.3.1.6	57.6	710	299	2	51	760	67	774	5.8e-250	860.1
BCW-201864_00608	gnl|TC-DB|P37653|4.D.3.1.6	64.9	854	292	3	5	856	6	853	0.0e+00	1173.7
BCW-201864_00615	gnl|TC-DB|P0A830|2.A.23.1.7	86.7	412	55	0	3	414	5	416	5.0e-195	676.8
BCW-201864_00620	gnl|TC-DB|P37645|9.B.121.1.1	65.7	685	233	1	1	683	1	685	7.1e-276	946.0
BCW-201864_00624	gnl|TC-DB|O00571|1.I.1.1.3	35.7	364	220	3	9	358	180	543	3.0e-54	209.1
BCW-201864_00626	gnl|TC-DB|P40290|3.A.6.1.1	29.0	252	157	5	157	396	148	389	9.2e-16	81.3
BCW-201864_00627	gnl|TC-DB|P0AC78|9.B.146.1.7	74.9	354	89	0	9	362	1	354	1.7e-146	515.4
BCW-201864_00635	gnl|TC-DB|P0AAA7|2.A.66.2.3	71.4	416	118	1	1	416	1	415	7.4e-159	556.6
BCW-201864_00637	gnl|TC-DB|B6I4D1|9.B.128.1.1	73.4	444	117	1	1	443	1	444	4.8e-180	627.1
BCW-201864_00654	gnl|TC-DB|P0A2R8|1.A.35.1.2	89.9	317	31	1	1	317	1	316	9.6e-159	555.8
BCW-201864_00656	gnl|TC-DB|P27844|2.A.7.7.2	69.4	294	90	0	1	294	1	294	5.0e-117	417.2
BCW-201864_00659	gnl|TC-DB|Q5EAK4|2.A.16.2.2	28.7	348	205	11	31	347	1378	1713	6.6e-23	105.5
BCW-201864_00660	gnl|TC-DB|P0AG38|2.A.76.1.2	74.4	207	52	1	1	207	1	206	4.6e-85	310.5
BCW-201864_00661	gnl|TC-DB|P0AG34|2.A.76.1.1	80.4	204	40	0	1	204	1	204	9.9e-88	319.3
BCW-201864_00664	gnl|TC-DB|P08194|2.A.1.4.3	92.4	421	32	0	1	421	1	421	5.7e-234	806.2
BCW-201864_00665	gnl|TC-DB|P0ADP5|2.A.7.3.61	74.0	288	75	0	1	288	1	288	4.6e-123	437.2
BCW-201864_00678	gnl|TC-DB|P69428|2.A.64.1.1	75.4	69	15	2	1	68	1	68	4.9e-19	89.7
BCW-201864_00679	gnl|TC-DB|P69425|2.A.64.1.1	74.8	115	28	1	1	115	1	114	7.9e-38	153.3
BCW-201864_00680	gnl|TC-DB|P69423|2.A.64.1.1	82.5	240	42	0	1	240	1	240	7.0e-112	399.8
BCW-201864_00685	gnl|TC-DB|Q7WTJ2|5.B.1.3.2	29.6	199	136	3	8	202	109	307	6.2e-22	100.9
BCW-201864_00690	gnl|TC-DB|P0AFZ7|2.A.38.1.1	91.3	483	42	0	1	483	1	483	2.1e-253	870.9
BCW-201864_00695	gnl|TC-DB|P31466|2.A.40.7.6	82.3	434	77	0	4	437	12	445	2.1e-196	681.4
BCW-201864_00697	gnl|TC-DB|O51798|2.A.1.15.9	32.6	399	249	9	15	403	14	402	1.1e-45	180.6
BCW-201864_00699	gnl|TC-DB|P0AAH0|3.A.1.7.1	93.4	257	17	0	1	257	1	257	1.8e-139	491.5
BCW-201864_00700	gnl|TC-DB|P07654|3.A.1.7.1	84.4	295	46	0	1	295	1	295	1.7e-133	471.9
BCW-201864_00701	gnl|TC-DB|P0AGH8|3.A.1.7.1	89.0	319	35	0	1	319	1	319	1.0e-155	545.8
BCW-201864_00702	gnl|TC-DB|P0AG82|3.A.1.7.1	76.6	346	81	0	1	346	1	346	2.7e-154	541.2
BCW-201864_00708	gnl|TC-DB|P0A6E6|3.A.2.1.1	90.5	137	13	0	1	137	3	139	9.2e-66	245.7
BCW-201864_00709	gnl|TC-DB|P0ABB4|3.A.2.1.1	91.4	465	35	1	1	465	1	460	5.4e-243	836.3
BCW-201864_00710	gnl|TC-DB|P0ABA6|3.A.2.1.1	88.5	288	32	1	1	288	1	287	1.4e-140	495.4
BCW-201864_00711	gnl|TC-DB|P0ABB0|3.A.2.1.1	91.6	513	43	0	1	513	1	513	9.1e-268	918.7
BCW-201864_00712	gnl|TC-DB|P0ABA4|3.A.2.1.1	84.2	177	28	0	1	177	1	177	2.5e-76	281.2
BCW-201864_00713	gnl|TC-DB|P0ABA0|3.A.2.1.1	87.8	156	19	0	1	156	1	156	2.9e-47	184.5
BCW-201864_00714	gnl|TC-DB|P68699|3.A.2.1.1	98.7	79	1	0	1	79	1	79	3.7e-35	143.3
BCW-201864_00715	gnl|TC-DB|P0AB98|3.A.2.1.1	85.9	270	38	0	3	272	2	271	1.6e-130	461.8
BCW-201864_00716	gnl|TC-DB|S0WRQ6|1.A.77.3.11	60.3	126	50	0	1	126	1	126	6.5e-34	139.8
BCW-201864_00724	gnl|TC-DB|P63183|2.A.72.1.1	86.7	622	83	0	1	622	1	622	0.0e+00	1076.2
BCW-201864_00729	gnl|TC-DB|P04983|3.A.1.2.1	87.4	494	62	0	1	494	1	494	1.0e-247	852.0
BCW-201864_00730	gnl|TC-DB|P0AGI1|3.A.1.2.1	82.2	320	56	1	1	320	1	319	6.2e-137	483.4
BCW-201864_00731	gnl|TC-DB|P02925|3.A.1.2.1	85.7	293	40	1	1	291	3	295	9.8e-134	472.6
BCW-201864_00734	gnl|TC-DB|P31474|2.A.1.3.51	75.4	463	113	1	3	464	4	466	2.0e-189	658.3
BCW-201864_00744	gnl|TC-DB|Q55108|3.A.1.16.3	40.1	242	130	5	2	239	19	249	1.3e-41	166.4
BCW-201864_00748	gnl|TC-DB|P00550|4.A.2.1.2	84.7	639	94	1	1	639	1	635	1.2e-301	1031.6
BCW-201864_00753	gnl|TC-DB|P0AER0|1.A.8.1.1	76.6	282	63	2	1	282	1	279	4.4e-123	437.2
BCW-201864_00756	gnl|TC-DB|P31442|2.A.1.2.9	68.8	384	120	0	3	386	1	384	5.4e-143	503.8
BCW-201864_00761	gnl|TC-DB|P0AG78|3.A.1.6.1	82.6	328	57	0	1	328	1	328	5.3e-160	560.1
BCW-201864_00763	gnl|TC-DB|P69380|2.A.4.7.1	79.1	292	61	0	1	292	1	292	6.8e-130	459.9
BCW-201864_00773	gnl|TC-DB|B7LEG0|1.A.34.1.2	40.3	119	66	3	314	431	262	376	7.7e-18	88.2
BCW-201864_00785	gnl|TC-DB|P75905|4.D.1.1.3	39.6	96	57	1	9	103	74	169	6.4e-12	68.2
BCW-201864_00789	gnl|TC-DB|B8F5K7|4.D.1.3.2	47.1	244	126	3	7	247	4	247	3.7e-60	228.0
BCW-201864_00810	gnl|TC-DB|P07110|1.B.11.2.1	48.8	818	394	10	39	839	24	833	6.9e-220	760.4
BCW-201864_00812	gnl|TC-DB|Q8KRT4|1.C.80.1.1	42.8	180	94	5	1	173	1	178	1.8e-29	125.6
BCW-201864_00818	gnl|TC-DB|P77377|2.A.66.2.7	37.2	207	130	0	1	207	1	207	6.1e-40	160.6
BCW-201864_00820	gnl|TC-DB|P0AGM2|1.A.62.2.3	77.6	205	46	0	1	205	1	205	7.3e-83	303.1
BCW-201864_00829	gnl|TC-DB|P0AGM9|2.A.40.4.2	88.1	462	55	0	1	462	1	462	4.3e-224	773.5
BCW-201864_00833	gnl|TC-DB|P0A8K8|9.B.126.2.1	76.6	282	64	1	6	287	10	289	2.9e-106	381.3
BCW-201864_00837	gnl|TC-DB|Q9HV74|2.A.21.9.1	26.3	361	219	13	11	346	636	974	1.8e-20	96.7
BCW-201864_00838	gnl|TC-DB|Q9KN48|3.A.23.1.1	37.6	335	199	3	140	466	193	525	3.7e-50	195.7
BCW-201864_00852	gnl|TC-DB|Q01674|1.B.14.1.17	25.9	726	453	26	33	710	22	710	1.0e-43	174.9
BCW-201864_00856	gnl|TC-DB|D9X7X8|2.A.1.3.38	39.4	457	267	6	16	470	28	476	2.6e-70	262.7
BCW-201864_00857	gnl|TC-DB|O54507|1.B.14.1.3	65.4	713	237	7	20	726	19	727	2.1e-278	954.5
BCW-201864_00858	gnl|TC-DB|Q9F3K5|3.A.1.3.24	29.0	272	170	10	38	293	53	317	3.6e-22	102.1
BCW-201864_00859	gnl|TC-DB|Q9F3K6|3.A.1.3.24	41.5	272	153	2	11	282	23	288	8.7e-56	213.8
BCW-201864_00860	gnl|TC-DB|Q9F3K7|3.A.1.3.24	56.1	253	111	0	1	253	1	253	2.4e-80	295.0
BCW-201864_00861	gnl|TC-DB|P20099|5.A.3.4.3	38.3	773	451	17	6	760	10	774	2.2e-148	522.7
BCW-201864_00867	gnl|TC-DB|P0ABC9|2.A.15.1.4	84.9	667	101	0	8	674	9	675	0.0e+00	1132.5
BCW-201864_00869	gnl|TC-DB|P07021|1.B.6.1.21	56.6	152	65	1	7	157	9	160	9.6e-43	169.5
BCW-201864_00872	gnl|TC-DB|Q9UEF7|8.A.49.1.1	28.4	483	294	16	5	472	60	505	3.2e-41	166.0
BCW-201864_00873	gnl|TC-DB|P24241|4.A.1.2.3	81.9	480	84	3	1	478	1	479	3.6e-210	727.2
BCW-201864_00877	gnl|TC-DB|Q9MUK5|3.A.9.1.1	27.0	404	261	8	67	444	60	455	8.5e-28	121.3
BCW-201864_00879	gnl|TC-DB|P76350|2.A.1.6.6	40.9	408	235	5	23	426	22	427	1.9e-80	296.2
BCW-201864_00880	gnl|TC-DB|Q1J0W6|9.B.34.1.1	34.0	162	94	4	434	592	193	344	2.7e-14	77.4
BCW-201864_00885	gnl|TC-DB|P70786|2.A.1.14.3	45.5	424	229	2	13	436	21	442	6.2e-103	370.9
BCW-201864_00886	gnl|TC-DB|P70786|2.A.1.14.3	47.4	397	208	1	42	438	33	428	2.1e-98	355.9
BCW-201864_00894	gnl|TC-DB|P69874|3.A.1.11.1	48.9	309	129	3	13	306	7	301	2.5e-76	282.3
BCW-201864_00901	gnl|TC-DB|P0AFK4|3.A.1.11.1	29.6	233	163	1	47	279	38	269	1.2e-22	103.6
BCW-201864_00902	gnl|TC-DB|Q44381|3.A.1.11.3	30.7	238	165	0	22	259	29	266	4.1e-25	111.7
BCW-201864_00910	gnl|TC-DB|P63183|2.A.72.1.1	57.5	621	264	0	1	621	1	621	9.2e-206	713.0
BCW-201864_00911	gnl|TC-DB|P28635|3.A.1.24.1	53.3	259	121	0	8	266	13	271	3.5e-77	284.6
BCW-201864_00920	gnl|TC-DB|Q8X6C1|1.B.12.1.6	37.5	718	395	16	408	1101	662	1349	5.8e-110	395.6
BCW-201864_00921	gnl|TC-DB|Q8X6C1|1.B.12.1.6	34.5	728	420	16	446	1148	654	1349	1.6e-99	360.9
BCW-201864_00926	gnl|TC-DB|P0AB93|3.A.4.1.1	78.2	426	93	0	1	426	1	426	1.6e-185	645.2
BCW-201864_00928	gnl|TC-DB|P16482|2.A.1.6.1	91.7	420	35	0	12	431	25	444	7.8e-212	732.6
BCW-201864_00933	gnl|TC-DB|Q9X050|3.A.1.2.19	45.7	293	146	4	36	317	30	320	8.0e-55	210.7
BCW-201864_00934	gnl|TC-DB|O50504|3.A.1.2.24	44.2	249	131	3	1	249	1	241	1.6e-50	196.1
BCW-201864_00940	gnl|TC-DB|O50504|3.A.1.2.24	48.3	242	119	2	9	249	10	246	5.2e-54	207.6
BCW-201864_00941	gnl|TC-DB|P76142|3.A.1.2.8	26.6	316	218	4	21	323	26	340	2.1e-36	149.4
BCW-201864_00942	gnl|TC-DB|Q1M4Q8|3.A.1.2.16	32.3	313	179	6	19	305	40	345	6.0e-28	121.3
BCW-201864_00943	gnl|TC-DB|Q9WXW7|3.A.1.2.18	33.0	291	189	4	25	314	27	312	9.5e-34	140.6
BCW-201864_00949	gnl|TC-DB|P22340|1.B.3.1.2	69.1	508	151	2	2	508	3	505	2.6e-190	661.4
BCW-201864_00950	gnl|TC-DB|P08470|4.A.1.2.1	88.6	456	52	0	1	456	1	456	6.7e-230	792.7
BCW-201864_00953	gnl|TC-DB|P22037|9.B.20.1.1	46.2	223	116	3	6	228	10	228	2.0e-44	175.6
BCW-201864_00958	gnl|TC-DB|P35120|3.A.1.3.6	28.7	254	150	4	44	267	31	283	1.6e-21	99.8
BCW-201864_00959	gnl|TC-DB|Q8YSA2|3.A.1.3.17	43.3	180	94	3	17	193	276	450	1.3e-28	123.2
BCW-201864_00960	gnl|TC-DB|P10346|3.A.1.3.2	55.0	238	105	1	12	247	2	239	2.0e-66	248.8
BCW-201864_00964	gnl|TC-DB|M3JA40|1.B.52.2.1	33.6	125	82	1	329	453	263	386	3.6e-12	69.7
BCW-201864_00975	gnl|TC-DB|P02943|1.B.3.1.1	76.3	448	88	3	1	433	2	446	5.2e-208	719.9
BCW-201864_00976	gnl|TC-DB|P68187|3.A.1.1.1	87.9	371	43	1	1	369	1	371	3.4e-184	640.6
BCW-201864_00977	gnl|TC-DB|P0AEX9|3.A.1.1.1	80.3	396	78	0	1	396	1	396	1.4e-191	665.2
BCW-201864_00978	gnl|TC-DB|P02916|3.A.1.1.1	76.3	510	115	3	7	510	5	514	7.0e-220	759.6
BCW-201864_00979	gnl|TC-DB|P68183|3.A.1.1.1	90.9	296	27	0	1	296	1	296	5.8e-150	526.6
BCW-201864_00988	gnl|TC-DB|P0AAP1|9.B.34.1.2	31.6	177	111	4	337	510	199	368	3.4e-20	96.3
BCW-201864_00999	gnl|TC-DB|G3IME2|9.B.35.1.2	38.0	121	71	3	19	137	23	141	4.5e-20	94.0
BCW-201864_01002	gnl|TC-DB|P0AAD2|2.A.42.1.2	47.6	414	211	2	1	409	1	413	2.4e-101	365.5
BCW-201864_01005	gnl|TC-DB|O34718|2.A.1.1.26	52.3	461	209	4	24	481	10	462	1.1e-118	423.3
BCW-201864_01006	gnl|TC-DB|Q45082|2.A.1.6.5	38.6	430	260	3	5	432	15	442	2.7e-74	275.8
BCW-201864_01007	gnl|TC-DB|Q8Z537|2.A.7.22.2	41.5	123	67	2	3	120	2	124	1.2e-13	72.4
BCW-201864_01008	gnl|TC-DB|P81891|2.A.7.22.2	51.9	106	46	2	4	104	4	109	9.1e-21	95.9
BCW-201864_01009	gnl|TC-DB|G8LJX5|9.B.142.2.2	58.5	540	221	2	14	551	10	548	3.8e-187	651.0
BCW-201864_01012	gnl|TC-DB|P77757|4.D.2.1.8	71.2	316	91	0	1	316	1	316	3.9e-131	464.2
BCW-201864_01015	gnl|TC-DB|P22610|3.A.15.2.1	44.8	261	123	6	3	245	12	269	4.8e-44	174.5
BCW-201864_01024	gnl|TC-DB|P25527|2.A.3.1.4	64.6	441	156	0	9	449	10	450	2.3e-153	538.5
BCW-201864_01031	gnl|TC-DB|917745143|1.C.75.1.2	48.1	154	68	3	6	148	2943	3095	7.1e-27	116.7
BCW-201864_01035	gnl|TC-DB|Q72H67|3.A.1.1.25	36.0	283	177	2	17	299	5	283	7.1e-42	167.5
BCW-201864_01036	gnl|TC-DB|G4FGN6|3.A.1.1.41	35.7	266	169	1	11	274	13	278	4.3e-46	181.4
BCW-201864_01037	gnl|TC-DB|Q9AI63|3.A.1.1.12	55.0	360	153	4	1	352	1	359	2.5e-99	358.6
BCW-201864_01044	gnl|TC-DB|P17583|2.A.1.17.1	35.3	374	237	3	13	382	3	375	2.0e-46	183.0
BCW-201864_01053	gnl|TC-DB|P0AEM9|3.A.1.3.10	27.8	227	151	4	67	292	52	266	1.8e-13	73.2
BCW-201864_01054	gnl|TC-DB|Q9F3K7|3.A.1.3.24	56.0	252	111	0	13	264	2	253	7.4e-80	293.5
BCW-201864_01055	gnl|TC-DB|Q9F3K6|3.A.1.3.24	38.1	286	170	3	5	290	21	299	1.4e-45	179.9
BCW-201864_01057	gnl|TC-DB|P0AEM9|3.A.1.3.10	29.4	221	141	8	73	291	52	259	1.4e-16	83.6
BCW-201864_01061	gnl|TC-DB|P77348|3.A.1.5.1	21.1	540	359	16	14	521	13	517	1.0e-14	78.2
BCW-201864_01062	gnl|TC-DB|B1W1M1|3.A.1.5.37	31.7	309	207	3	1	307	1	307	7.6e-31	131.0
BCW-201864_01063	gnl|TC-DB|W0WMS8|3.A.1.5.39	36.0	247	151	2	34	274	40	285	2.2e-37	152.5
BCW-201864_01064	gnl|TC-DB|Q9F9T4|3.A.1.5.23	43.6	553	284	6	4	530	19	569	4.5e-116	414.8
BCW-201864_01069	gnl|TC-DB|P77307|3.A.1.139.2	73.3	251	67	0	1	251	1	251	1.2e-90	329.3
BCW-201864_01070	gnl|TC-DB|P77279|3.A.1.139.2	53.8	221	101	1	1	221	1	220	4.6e-59	224.2
BCW-201864_01071	gnl|TC-DB|D7A5Z9|2.A.113.1.7	30.1	266	167	6	44	293	45	307	7.0e-21	97.8
BCW-201864_01072	gnl|TC-DB|P16869|1.B.14.1.1	60.5	674	257	5	66	734	60	729	4.8e-246	847.0
BCW-201864_01084	gnl|TC-DB|F2WVP9|2.A.1.60.3	41.1	370	212	3	10	378	10	374	1.8e-63	239.6
BCW-201864_01087	gnl|TC-DB|P0AA82|2.A.39.1.1	28.1	423	287	7	10	431	4	410	4.7e-31	132.1
BCW-201864_01089	gnl|TC-DB|P76249|2.A.76.1.5	49.1	212	108	0	1	212	1	212	3.0e-55	211.5
BCW-201864_01093	gnl|TC-DB|V2FAS1|2.A.7.17.1	60.5	291	115	0	1	291	1	291	4.8e-99	357.5
BCW-201864_01097	gnl|TC-DB|Q9S2Y1|1.A.23.7.1	39.1	261	157	1	87	345	78	338	1.4e-49	193.4
BCW-201864_01104	gnl|TC-DB|Q9I6X5|2.A.6.2.27	31.6	342	229	2	36	377	13	349	7.9e-30	127.9
BCW-201864_01105	gnl|TC-DB|Q9I6X4|2.A.6.2.27	45.9	1002	541	1	1	1001	1	1002	1.6e-239	825.9
BCW-201864_01110	gnl|TC-DB|P63144|8.A.5.1.3	34.3	329	193	8	11	326	68	386	2.5e-43	172.6
BCW-201864_01124	gnl|TC-DB|P39115|3.A.1.121.3	27.4	497	315	7	1	477	1	471	2.4e-43	173.3
BCW-201864_01125	gnl|TC-DB|Q84BQ3|3.A.1.122.12	53.6	366	160	5	20	384	1	357	7.2e-55	211.1
BCW-201864_01126	gnl|TC-DB|P75831|3.A.1.122.1	48.8	647	325	4	3	645	4	648	7.9e-160	560.5
BCW-201864_01132	gnl|TC-DB|Q9ZGB6|2.A.1.3.32	36.8	492	303	3	12	498	10	498	1.2e-91	333.6
BCW-201864_01136	gnl|TC-DB|B0T2Y9|5.A.1.5.2	44.5	411	219	1	4	405	326	736	5.1e-88	321.2
BCW-201864_01141	gnl|TC-DB|Q9HT69|3.A.1.24.5	42.6	202	116	0	8	209	17	218	1.5e-38	156.0
BCW-201864_01142	gnl|TC-DB|Q9HT70|3.A.1.24.5	45.1	337	159	5	33	358	12	333	1.9e-70	262.7
BCW-201864_01143	gnl|TC-DB|P28635|3.A.1.24.1	39.8	269	155	5	2	264	4	271	7.5e-40	160.6
BCW-201864_01153	gnl|TC-DB|Q9KLQ5|3.A.1.20.2	47.5	345	175	2	9	351	7	347	1.4e-81	299.7
BCW-201864_01154	gnl|TC-DB|Q9KLQ6|3.A.1.20.2	45.4	595	304	3	126	718	117	692	3.0e-139	492.3
BCW-201864_01155	gnl|TC-DB|A3N294|3.A.1.20.3	49.3	339	163	5	5	337	7	342	1.2e-82	303.1
BCW-201864_01168	gnl|TC-DB|P09551|3.A.1.3.1	47.2	252	131	2	6	255	7	258	6.7e-62	233.8
BCW-201864_01178	gnl|TC-DB|P44658|3.A.1.17.3	42.3	312	176	4	1	309	1	311	2.6e-68	255.4
BCW-201864_01179	gnl|TC-DB|Q9CLG9|3.A.1.17.6	36.9	217	136	1	1	216	7	223	1.3e-30	129.8
BCW-201864_01180	gnl|TC-DB|P44656|3.A.1.17.3	42.6	237	124	4	5	231	2	236	1.6e-41	166.0
BCW-201864_01193	gnl|TC-DB|P77389|2.A.1.2.65	38.5	377	231	1	26	401	7	383	3.8e-67	251.9
BCW-201864_01195	gnl|TC-DB|P75799|3.A.1.5.11	48.0	248	128	1	42	288	54	301	4.6e-51	198.0
BCW-201864_01196	gnl|TC-DB|P75798|3.A.1.5.11	48.5	305	157	0	1	305	1	305	1.2e-78	289.7
BCW-201864_01197	gnl|TC-DB|P33950|3.A.1.5.27	31.7	463	271	11	72	501	85	535	5.3e-50	195.3
BCW-201864_01200	gnl|TC-DB|P75796|3.A.1.5.11	58.2	600	240	5	8	596	12	611	7.1e-179	623.6
BCW-201864_01203	gnl|TC-DB|Q72H67|3.A.1.1.25	41.4	290	160	4	1	288	1	282	7.5e-60	227.3
BCW-201864_01204	gnl|TC-DB|Q48397|3.A.1.1.6	30.6	278	182	4	4	278	7	276	2.2e-26	115.9
BCW-201864_01206	gnl|TC-DB|Q9KWT9|3.A.1.1.10	49.0	361	172	4	1	353	2	358	1.8e-89	325.9
BCW-201864_01207	gnl|TC-DB|D9X7X8|2.A.1.3.38	43.3	436	246	1	10	445	27	461	3.9e-84	308.5
BCW-201864_01223	gnl|TC-DB|P76242|2.A.1.17.3	40.6	374	219	3	24	396	21	392	3.7e-67	251.9
BCW-201864_01226	gnl|TC-DB|O53183|2.A.1.2.71	35.6	399	249	5	1	395	1	395	3.1e-53	205.7
BCW-201864_01227	gnl|TC-DB|A8ALD3|2.A.49.5.5	69.1	457	141	0	9	465	9	465	1.8e-174	608.6
BCW-201864_01233	gnl|TC-DB|Q58586|3.A.1.6.9	27.3	289	174	8	19	282	34	311	2.1e-17	86.3
BCW-201864_01234	gnl|TC-DB|Q8RVC7|3.A.1.6.7	31.5	213	136	4	45	249	201	411	2.6e-13	72.4
BCW-201864_01236	gnl|TC-DB|P35116|3.A.1.3.6	62.5	253	94	1	3	254	5	257	4.8e-84	307.4
BCW-201864_01237	gnl|TC-DB|P35114|3.A.1.3.5	54.5	222	99	1	2	221	4	225	7.6e-57	216.9
BCW-201864_01238	gnl|TC-DB|P0A4N5|3.A.1.3.5	47.6	231	121	0	10	240	5	235	4.2e-53	204.5
BCW-201864_01239	gnl|TC-DB|P0A4F8|3.A.1.3.5	38.0	271	162	4	11	279	9	275	2.6e-43	172.2
BCW-201864_01247	gnl|TC-DB|O50455|1.A.35.3.5	34.1	334	206	4	2	322	34	366	1.3e-54	209.9
BCW-201864_01248	gnl|TC-DB|Q1D213|2.A.78.2.3	48.5	101	52	0	5	105	1	101	8.8e-16	79.3
BCW-201864_01249	gnl|TC-DB|Q1D212|2.A.78.2.3	33.9	236	127	2	8	214	9	244	2.9e-32	135.2
BCW-201864_01254	gnl|TC-DB|P33916|3.A.1.5.21	34.9	495	286	12	4	463	6	499	1.4e-57	220.3
BCW-201864_01255	gnl|TC-DB|Q93PJ7|3.A.1.5.40	30.0	250	172	1	6	255	13	259	2.8e-23	105.5
BCW-201864_01256	gnl|TC-DB|P75798|3.A.1.5.11	35.9	306	191	1	1	306	1	301	7.7e-44	174.1
BCW-201864_01257	gnl|TC-DB|W0WQF0|3.A.1.5.39	27.3	488	299	16	46	497	49	516	3.8e-24	109.4
BCW-201864_01259	gnl|TC-DB|P15031|3.A.1.14.1	37.6	237	145	1	7	240	6	242	7.9e-39	157.1
BCW-201864_01260	gnl|TC-DB|Q9HQ19|3.A.1.14.9	35.8	335	206	7	10	341	37	365	1.7e-39	159.8
BCW-201864_01266	gnl|TC-DB|P31125|2.A.7.3.2	38.7	287	170	2	7	287	7	293	2.8e-51	198.7
BCW-201864_01267	gnl|TC-DB|A8GHT9|2.A.1.36.2	39.2	398	229	3	3	397	10	397	1.3e-62	236.9
BCW-201864_01277	gnl|TC-DB|P10346|3.A.1.3.2	75.8	240	58	0	3	242	1	240	9.4e-98	352.8
BCW-201864_01278	gnl|TC-DB|P0AEQ6|3.A.1.3.2	70.3	219	64	1	1	218	1	219	8.8e-79	289.7
BCW-201864_01279	gnl|TC-DB|P0AEQ3|3.A.1.3.2	54.9	246	106	4	8	250	5	248	1.1e-72	269.6
BCW-201864_01292	gnl|TC-DB|P76417|2.A.1.10.4	73.5	415	106	2	1	415	1	411	2.2e-174	608.2
BCW-201864_01293	gnl|TC-DB|P70786|2.A.1.14.3	43.6	413	230	3	17	429	24	433	2.5e-93	339.0
BCW-201864_01307	gnl|TC-DB|O85763|3.A.1.17.2	43.8	288	162	0	353	640	31	318	2.9e-69	259.6
BCW-201864_01311	gnl|TC-DB|Q9HT70|3.A.1.24.5	41.4	314	171	4	1	303	1	312	1.0e-57	220.3
BCW-201864_01312	gnl|TC-DB|Q9HT69|3.A.1.24.5	41.1	197	116	0	25	221	23	219	3.7e-35	144.8
BCW-201864_01313	gnl|TC-DB|O32167|3.A.1.24.2	35.8	134	85	1	67	199	50	183	4.9e-16	81.6
BCW-201864_01314	gnl|TC-DB|P94131|2.A.1.15.4	24.1	453	283	15	27	465	5	410	1.4e-15	80.9
BCW-201864_01320	gnl|TC-DB|P76242|2.A.1.17.3	50.8	382	187	1	11	391	11	392	6.2e-99	357.5
BCW-201864_01323	gnl|TC-DB|P25744|2.A.1.2.20	38.8	389	237	1	9	396	12	400	3.4e-68	255.4
BCW-201864_01334	gnl|TC-DB|P96668|2.A.7.3.24	66.9	281	93	0	15	295	6	286	2.1e-99	358.6
BCW-201864_01337	gnl|TC-DB|Q9X051|3.A.1.2.19	40.6	498	285	8	12	500	10	505	5.5e-100	361.3
BCW-201864_01338	gnl|TC-DB|Q1M4Q8|3.A.1.2.16	33.0	324	199	6	3	314	19	336	3.2e-40	162.2
BCW-201864_01339	gnl|TC-DB|A8H4W6|3.A.1.2.15	27.7	311	214	2	13	312	27	337	3.5e-28	122.1
BCW-201864_01347	gnl|TC-DB|Q7W024|3.A.1.14.20	37.3	308	182	5	36	341	9	307	5.7e-40	161.4
BCW-201864_01348	gnl|TC-DB|P15031|3.A.1.14.1	39.4	249	148	1	1	246	1	249	2.5e-48	188.7
BCW-201864_01356	gnl|TC-DB|O85763|3.A.1.17.2	49.2	305	151	1	7	311	12	312	4.8e-86	314.3
BCW-201864_01357	gnl|TC-DB|E0LV84|2.A.85.1.4	63.6	681	243	2	1	676	1	681	6.9e-247	849.7
BCW-201864_01361	gnl|TC-DB|Q9F3K7|3.A.1.3.24	55.7	244	97	3	11	243	10	253	1.3e-67	252.7
BCW-201864_01362	gnl|TC-DB|A1VZQ3|3.A.1.3.16	35.9	198	127	0	13	210	45	242	1.1e-33	139.8
BCW-201864_01363	gnl|TC-DB|P42200|3.A.1.3.14	41.3	196	114	1	20	214	33	228	2.2e-30	129.0
BCW-201864_01364	gnl|TC-DB|Q8RCC4|3.A.1.3.27	29.3	232	158	4	40	266	28	258	7.2e-25	110.9
BCW-201864_01368	gnl|TC-DB|P94400|9.B.10.1.1	54.9	395	170	4	11	401	2	392	2.0e-113	405.6
BCW-201864_01378	gnl|TC-DB|P0AAP1|9.B.34.1.2	33.3	339	225	1	8	345	27	365	4.5e-48	188.3
BCW-201864_01382	gnl|TC-DB|P06202|3.A.1.5.1	27.0	514	327	16	18	494	8	510	8.0e-33	138.3
BCW-201864_01383	gnl|TC-DB|P75798|3.A.1.5.11	35.4	311	193	1	4	314	3	305	1.4e-45	179.9
BCW-201864_01384	gnl|TC-DB|P77463|3.A.1.5.38	44.4	239	133	0	34	272	53	291	8.9e-52	200.3
BCW-201864_01385	gnl|TC-DB|P75796|3.A.1.5.11	41.7	573	280	8	8	539	12	571	1.4e-109	393.3
BCW-201864_01398	gnl|TC-DB|P70786|2.A.1.14.3	41.6	440	252	4	5	443	14	449	5.4e-91	331.3
BCW-201864_01402	gnl|TC-DB|Q44292|3.A.1.16.4	37.6	439	237	13	8	414	4	437	1.8e-75	279.6
BCW-201864_01403	gnl|TC-DB|Q7BW13|3.A.1.16.2	50.4	254	122	2	38	288	7	259	2.3e-66	248.8
BCW-201864_01404	gnl|TC-DB|P38045|3.A.1.16.1	55.6	257	112	2	1	256	1	256	2.4e-75	278.5
BCW-201864_01406	gnl|TC-DB|P24183|5.A.3.2.1	24.4	438	247	10	1	356	46	481	6.3e-27	119.4
BCW-201864_01421	gnl|TC-DB|657066955|9.B.143.3.6	36.8	228	138	4	5	227	10	236	7.4e-26	114.0
BCW-201864_01423	gnl|TC-DB|P75810|2.A.1.60.2	47.8	368	186	3	8	373	12	375	6.1e-86	314.3
BCW-201864_01424	gnl|TC-DB|M3JA40|1.B.52.2.1	41.1	112	52	2	349	446	283	394	1.1e-13	74.7
BCW-201864_01430	gnl|TC-DB|P0C0L7|2.A.1.6.4	35.3	431	255	6	12	426	24	446	2.2e-65	246.1
BCW-201864_01431	gnl|TC-DB|P0C0L7|2.A.1.6.4	51.2	455	217	2	7	457	10	463	1.1e-131	466.5
BCW-201864_01434	gnl|TC-DB|P70786|2.A.1.14.3	41.1	416	244	1	7	422	21	435	1.7e-92	336.3
BCW-201864_01443	gnl|TC-DB|L0LHM3|2.A.7.31.3	35.3	275	169	2	5	274	5	275	2.5e-38	155.6
BCW-201864_01449	gnl|TC-DB|O05390|2.A.1.18.3	35.9	409	255	3	1	409	1	402	3.0e-70	262.3
BCW-201864_01451	gnl|TC-DB|P0AGF4|2.A.1.1.3	38.6	484	252	6	8	460	6	475	3.9e-79	292.0
BCW-201864_01457	gnl|TC-DB|P07658|3.D.1.9.2	35.0	694	434	9	261	942	1	689	4.1e-123	439.1
BCW-201864_01460	gnl|TC-DB|O54596|3.D.4.3.1	29.2	308	198	5	10	308	24	320	9.3e-13	70.9
BCW-201864_01473	gnl|TC-DB|P77504|3.A.1.122.15	69.6	802	244	0	1	802	1	802	0.0e+00	1082.4
BCW-201864_01474	gnl|TC-DB|P0A9T8|3.A.1.122.15	78.2	188	41	0	1	188	41	228	8.4e-78	286.2
BCW-201864_01478	gnl|TC-DB|P0AA53|8.A.21.2.2	85.4	302	44	0	1	302	1	302	1.0e-104	376.3
BCW-201864_01481	gnl|TC-DB|Q59385|3.A.3.5.5	67.4	838	265	3	1	834	1	834	6.2e-306	1046.2
BCW-201864_01485	gnl|TC-DB|Q8XG43|2.A.117.1.3	58.0	143	59	1	1	142	15	157	7.4e-42	166.4
BCW-201864_01487	gnl|TC-DB|P52067|2.A.1.35.1	77.7	385	86	0	15	399	21	405	8.3e-168	586.3
BCW-201864_01488	gnl|TC-DB|P39830|2.A.37.1.5	81.6	548	101	0	1	548	1	548	3.1e-245	844.0
BCW-201864_01504	gnl|TC-DB|P0AE06|8.A.1.6.1	72.6	398	106	2	1	396	1	397	6.2e-155	543.5
BCW-201864_01505	gnl|TC-DB|P31224|2.A.6.2.2	78.8	1048	221	1	1	1047	1	1048	0.0e+00	1598.9
BCW-201864_01508	gnl|TC-DB|Q5FA63|3.A.1.15.10	39.9	313	161	5	1	292	1	307	1.8e-50	196.1
BCW-201864_01509	gnl|TC-DB|A1IQK4|3.A.1.15.10	58.3	276	114	1	3	278	7	281	9.2e-81	296.6
BCW-201864_01510	gnl|TC-DB|P42360|3.A.1.15.2	33.5	209	135	1	1	205	13	221	2.4e-28	122.1
BCW-201864_01517	gnl|TC-DB|P69681|1.A.11.1.1	78.0	422	92	1	7	428	7	427	1.4e-181	632.1
BCW-201864_01519	gnl|TC-DB|P0AAG5|3.A.1.106.13	78.5	585	126	0	1	585	1	585	4.6e-255	876.7
BCW-201864_01520	gnl|TC-DB|A7VN01|3.A.1.106.5	79.3	579	120	0	1	579	1	579	5.9e-263	902.9
BCW-201864_01527	gnl|TC-DB|A1EMW4|3.A.11.2.3	48.5	97	49	1	11	107	8	103	1.2e-12	68.9
BCW-201864_01536	gnl|TC-DB|P0AE16|2.A.1.25.2	71.2	489	140	1	1	489	1	488	4.0e-196	680.6
BCW-201864_01537	gnl|TC-DB|P0ABJ1|3.D.4.5.1	80.5	282	55	0	1	282	1	282	1.5e-129	458.8
BCW-201864_01538	gnl|TC-DB|P0ABI8|3.D.4.5.1	85.3	660	97	0	1	660	1	660	0.0e+00	1180.2
BCW-201864_01539	gnl|TC-DB|P0ABJ3|3.D.4.5.1	82.9	205	33	2	1	204	1	204	9.1e-94	339.3
BCW-201864_01540	gnl|TC-DB|P0ABJ6|3.D.4.5.1	43.1	109	62	0	1	109	1	109	2.8e-17	84.3
BCW-201864_01542	gnl|TC-DB|P77726|2.A.1.2.60	77.7	448	100	0	1	448	1	448	6.8e-190	659.8
BCW-201864_01545	gnl|TC-DB|Q9KN48|3.A.23.1.1	35.3	340	172	5	286	578	180	518	9.1e-46	181.4
BCW-201864_01553	gnl|TC-DB|P77735|8.A.5.1.6	73.4	319	85	0	6	324	6	324	3.1e-136	481.1
BCW-201864_01562	gnl|TC-DB|P0AG93|2.A.6.4.1	78.9	323	67	1	1	322	1	323	2.1e-137	485.0
BCW-201864_01563	gnl|TC-DB|P0AG90|2.A.6.4.1	85.1	604	90	0	1	604	12	615	2.5e-285	977.2
BCW-201864_01564	gnl|TC-DB|P0ADZ7|3.A.5.1.1	91.8	110	9	0	1	110	1	110	5.1e-51	196.4
BCW-201864_01570	gnl|TC-DB|B9DIS8|9.B.97.5.1	29.8	382	240	13	4	363	13	388	2.9e-29	126.7
BCW-201864_01571	gnl|TC-DB|P37460|2.A.3.1.6	84.9	449	68	0	1	449	1	449	7.9e-215	742.7
BCW-201864_01572	gnl|TC-DB|P0AD99|2.A.26.1.10	78.1	433	95	0	1	433	1	433	8.5e-190	659.4
BCW-201864_01581	gnl|TC-DB|G4QI94|1.B.48.1.5	31.8	217	138	4	13	222	16	229	1.6e-27	119.4
BCW-201864_01585	gnl|TC-DB|Q53148|2.A.3.5.1	37.3	437	252	6	6	435	39	460	3.3e-59	225.7
BCW-201864_01586	gnl|TC-DB|P77735|8.A.5.1.6	31.8	286	176	6	31	308	37	311	1.5e-32	136.7
BCW-201864_01605	gnl|TC-DB|P25744|2.A.1.2.20	59.1	391	159	1	7	397	11	400	6.6e-126	447.2
BCW-201864_01613	gnl|TC-DB|Q86Z14|8.A.49.1.2	28.3	495	277	19	9	479	81	521	2.6e-46	183.0
BCW-201864_01614	gnl|TC-DB|U5MLJ3|4.A.3.2.9	51.5	101	49	0	1	101	1	101	7.3e-23	102.8
BCW-201864_01615	gnl|TC-DB|Q9KSH4|4.A.3.2.6	49.2	435	218	1	6	437	8	442	5.3e-123	437.6
BCW-201864_01616	gnl|TC-DB|Q9KSH5|4.A.3.2.6	46.5	101	54	0	1	101	1	101	9.3e-23	102.4
BCW-201864_01624	gnl|TC-DB|P33231|2.A.14.1.1	83.5	551	89	1	1	549	1	551	1.8e-258	887.9
BCW-201864_01625	gnl|TC-DB|P17583|2.A.1.17.1	44.9	372	202	2	10	378	2	373	1.8e-74	276.2
BCW-201864_01629	gnl|TC-DB|P38919|3.A.18.1.1	36.7	349	218	3	22	368	57	404	1.9e-62	236.5
BCW-201864_01631	gnl|TC-DB|M3JA40|1.B.52.2.1	48.2	83	43	0	348	430	279	361	9.0e-13	71.6
BCW-201864_01632	gnl|TC-DB|P0AAD6|2.A.42.2.1	78.6	430	90	2	1	429	1	429	1.2e-188	655.6
BCW-201864_01633	gnl|TC-DB|Q54066|4.D.1.1.2	40.9	93	54	1	8	99	50	142	5.2e-14	75.1
BCW-201864_01649	gnl|TC-DB|P02932|1.B.1.1.2	65.4	361	114	4	1	360	1	351	4.0e-137	484.2
BCW-201864_01662	gnl|TC-DB|G3IME2|9.B.35.1.2	37.2	113	68	2	2	111	29	141	2.9e-17	84.3
BCW-201864_01666	gnl|TC-DB|Q9I488|3.A.1.3.21	56.9	239	103	0	3	241	1	239	1.2e-71	266.2
BCW-201864_01667	gnl|TC-DB|P0AFT2|3.A.1.3.10	33.5	209	133	2	8	213	10	215	3.3e-25	111.7
BCW-201864_01668	gnl|TC-DB|P35113|3.A.1.3.6	32.9	207	129	2	14	210	10	216	3.2e-20	95.1
BCW-201864_01678	gnl|TC-DB|P94575|2.A.39.3.4	32.6	463	305	4	20	478	10	469	1.1e-73	273.9
BCW-201864_01686	gnl|TC-DB|P77389|2.A.1.2.65	41.6	389	215	7	5	390	7	386	5.1e-69	258.1
BCW-201864_01693	gnl|TC-DB|Q8Z5G2|9.B.22.2.2	43.9	604	328	6	1	594	1	603	3.9e-137	485.0
BCW-201864_01694	gnl|TC-DB|L5DDD7|2.A.109.2.3	71.9	516	143	1	3	516	371	886	1.0e-202	702.6
BCW-201864_01695	gnl|TC-DB|H8E4X1|9.B.18.1.2	36.3	347	184	9	143	471	191	518	6.5e-50	194.9
BCW-201864_01696	gnl|TC-DB|P0A930|1.B.18.3.1	71.5	375	105	1	2	374	5	379	1.3e-159	558.9
BCW-201864_01698	gnl|TC-DB|P76387|8.A.3.3.2	54.1	706	320	2	1	705	1	703	5.0e-211	730.7
BCW-201864_01705	gnl|TC-DB|D4HW93|2.A.66.2.8	80.0	446	89	0	1	446	1	446	4.9e-201	696.8
BCW-201864_01711	gnl|TC-DB|Q9HTB8|3.A.1.103.6	49.2	258	131	0	7	264	8	265	1.1e-67	253.1
BCW-201864_01712	gnl|TC-DB|Q9I3V8|3.A.1.103.6	37.9	338	193	4	8	344	12	333	4.9e-57	218.4
BCW-201864_01724	gnl|TC-DB|P0AEU0|3.A.1.3.29	48.2	255	130	2	9	261	3	257	3.0e-65	245.0
BCW-201864_01739	gnl|TC-DB|Q1J0W6|9.B.34.1.1	35.3	156	92	3	691	845	197	344	3.2e-15	80.5
BCW-201864_01755	gnl|TC-DB|P25744|2.A.1.2.20	40.5	390	231	1	14	402	11	400	5.8e-76	281.2
BCW-201864_01760	gnl|TC-DB|P0A927|1.B.10.1.1	76.9	295	60	3	1	288	1	294	6.1e-136	479.9
BCW-201864_01765	gnl|TC-DB|P46133|2.A.68.1.1	70.3	505	150	0	1	505	3	507	8.3e-205	709.5
BCW-201864_01766	gnl|TC-DB|P31679|2.A.1.1.114	26.4	447	287	14	32	466	13	429	9.6e-22	101.3
BCW-201864_01772	gnl|TC-DB|P0AFY6|9.A.18.1.1	68.8	407	118	2	1	402	1	403	3.9e-152	534.3
BCW-201864_01776	gnl|TC-DB|P0ADL1|2.A.1.2.26	49.1	381	192	2	13	392	13	392	5.7e-92	334.3
BCW-201864_01781	gnl|TC-DB|P77272|4.A.1.2.7	65.5	475	158	3	4	478	5	473	4.6e-173	604.0
BCW-201864_01784	gnl|TC-DB|P21345|2.A.23.1.1	80.1	427	85	0	1	427	1	427	8.7e-187	649.4
BCW-201864_01785	gnl|TC-DB|P31552|4.C.1.1.6	23.6	533	365	16	90	616	21	517	4.4e-25	112.8
BCW-201864_01786	gnl|TC-DB|P0AF54|9.B.136.1.1	67.7	99	32	0	11	109	5	103	1.0e-35	145.6
BCW-201864_01787	gnl|TC-DB|P32705|2.A.21.7.2	84.2	550	86	1	1	550	1	549	9.5e-255	875.5
BCW-201864_01791	gnl|TC-DB|E7UC95|1.E.14.1.9	60.7	135	53	0	1	135	1	135	8.3e-38	152.9
BCW-201864_01793	gnl|TC-DB|P32703|2.A.36.3.1	78.0	549	121	0	1	549	1	549	2.2e-235	811.2
BCW-201864_01794	gnl|TC-DB|P0AF52|2.A.40.7.5	82.6	449	78	0	1	449	1	449	7.6e-194	672.9
BCW-201864_01802	gnl|TC-DB|P39314|2.A.7.3.19	60.9	312	122	0	1	312	1	312	5.5e-114	407.1
BCW-201864_01812	gnl|TC-DB|E0DTC9|2.A.115.1.4	50.8	191	94	0	12	202	76	266	4.3e-51	197.6
BCW-201864_01821	gnl|TC-DB|P28303|2.A.66.1.4	71.1	439	127	0	1	439	19	457	3.9e-174	607.4
BCW-201864_01833	gnl|TC-DB|P69874|3.A.1.11.1	53.4	249	116	0	9	257	23	271	7.1e-72	267.3
BCW-201864_01834	gnl|TC-DB|P0AF43|2.A.58.2.1	76.7	541	126	0	1	541	1	541	3.5e-225	777.3
BCW-201864_01835	gnl|TC-DB|P0AC96|2.A.8.1.8	80.3	446	88	0	1	446	1	446	4.2e-200	693.7
BCW-201864_01842	gnl|TC-DB|P10907|3.A.1.1.3	75.6	356	87	0	1	356	1	356	1.0e-153	539.3
BCW-201864_01843	gnl|TC-DB|P10906|3.A.1.1.3	78.6	281	59	1	1	280	1	281	1.9e-118	421.8
BCW-201864_01844	gnl|TC-DB|P10905|3.A.1.1.3	78.6	294	63	0	3	296	2	295	1.1e-129	459.1
BCW-201864_01845	gnl|TC-DB|P0AG80|3.A.1.1.3	78.5	428	91	1	12	438	10	437	5.1e-203	703.4
BCW-201864_01846	gnl|TC-DB|P22731|3.A.1.4.1	85.2	236	35	0	1	236	1	236	3.6e-110	394.0
BCW-201864_01847	gnl|TC-DB|P0A9S7|3.A.1.4.1	88.6	255	29	0	1	255	1	255	2.4e-128	454.5
BCW-201864_01848	gnl|TC-DB|P22729|3.A.1.4.1	75.5	425	102	2	1	423	1	425	4.1e-165	577.4
BCW-201864_01849	gnl|TC-DB|P0AEX7|3.A.1.4.1	82.8	308	53	0	1	308	1	308	4.7e-134	473.8
BCW-201864_01850	gnl|TC-DB|P04816|3.A.1.4.1	72.4	369	97	2	7	375	6	369	6.7e-159	556.6
BCW-201864_01853	gnl|TC-DB|P0AC31|3.A.1.140.1	71.5	319	90	1	11	328	34	352	2.7e-124	441.4
BCW-201864_01854	gnl|TC-DB|P0A9R7|3.A.1.140.1	89.0	218	24	0	1	218	1	218	3.1e-111	397.5
BCW-201864_01855	gnl|TC-DB|P10121|3.A.5.1.1	90.3	310	30	0	187	496	188	497	8.5e-154	540.0
BCW-201864_01860	gnl|TC-DB|P37617|3.A.3.6.2	62.5	686	254	2	71	755	49	732	3.4e-218	754.6
BCW-201864_01862	gnl|TC-DB|B3WJF3|2.A.88.8.6	78.6	210	45	0	4	213	4	213	3.5e-91	330.9
BCW-201864_01870	gnl|TC-DB|P67143|2.A.95.1.5	80.1	196	39	0	1	196	1	196	1.6e-79	292.0
BCW-201864_01873	gnl|TC-DB|Q9K0A9|2.A.28.2.4	47.4	302	157	1	7	306	13	314	6.2e-70	260.8
BCW-201864_01879	gnl|TC-DB|D8EPC3|1.B.14.16.4	73.5	699	179	3	1	695	1	697	0.0e+00	1089.3
BCW-201864_01911	gnl|TC-DB|P0AGA2|3.A.5.1.1	97.5	443	11	0	1	443	1	443	5.7e-242	832.8
BCW-201864_01920	gnl|TC-DB|P0A742|1.A.22.1.1	79.3	135	28	0	1	135	1	135	3.0e-53	204.1
BCW-201864_01921	gnl|TC-DB|P0AGI8|2.A.38.1.1	90.6	458	43	0	1	458	1	458	1.3e-236	815.1
BCW-201864_01925	gnl|TC-DB|Q8VRK4|3.A.11.1.3	36.5	288	159	5	74	357	62	329	3.4e-38	155.6
BCW-201864_01933	gnl|TC-DB|P06129|1.B.14.3.1	67.7	619	188	4	8	626	8	614	7.8e-245	842.8
BCW-201864_01951	gnl|TC-DB|Q9ZKE4|3.A.11.3.1	31.0	533	345	10	199	731	108	617	1.4e-64	244.2
BCW-201864_01961	gnl|TC-DB|B7LDS1|4.A.7.1.2	47.9	144	75	0	1	144	1	144	5.2e-35	143.7
BCW-201864_01962	gnl|TC-DB|B7LDS2|4.A.7.1.2	43.5	85	46	1	3	85	2	86	8.1e-15	75.9
BCW-201864_01963	gnl|TC-DB|C8TA54|4.A.7.1.4	84.8	420	64	0	1	420	1	420	3.4e-196	680.6
BCW-201864_01969	gnl|TC-DB|P24183|5.A.3.2.1	83.6	195	32	0	1	195	1	195	1.4e-96	348.6
BCW-201864_01970	gnl|TC-DB|P24183|5.A.3.2.1	76.1	802	192	0	1	802	213	1014	0.0e+00	1335.1
BCW-201864_01971	gnl|TC-DB|P0AAJ3|5.A.3.2.1	77.9	294	65	0	1	294	1	294	1.4e-146	515.4
BCW-201864_01972	gnl|TC-DB|P0AEK7|5.A.3.2.1	45.3	212	114	1	1	210	1	212	8.7e-55	209.9
BCW-201864_01979	gnl|TC-DB|P37669|9.B.97.1.1	59.8	331	133	0	1	331	1	331	7.8e-111	396.7
BCW-201864_01983	gnl|TC-DB|P37387|3.A.1.2.4	82.4	330	58	0	2	331	1	330	2.5e-149	524.6
BCW-201864_01984	gnl|TC-DB|P37388|3.A.1.2.4	77.8	504	112	0	2	505	4	507	3.3e-230	793.9
BCW-201864_01985	gnl|TC-DB|P0AGI4|3.A.1.2.4	78.3	392	85	0	1	392	1	392	1.6e-150	528.9
BCW-201864_02005	gnl|TC-DB|G0GRM4|9.B.2.4.1	47.3	186	98	0	10	195	5	190	1.9e-39	159.1
BCW-201864_02008	gnl|TC-DB|P37665|9.B.186.1.1	84.0	219	35	0	1	219	1	219	1.5e-73	272.3
BCW-201864_02013	gnl|TC-DB|Q9RPP3|2.A.1.14.8	26.1	399	274	8	14	398	33	424	1.1e-37	154.1
BCW-201864_02022	gnl|TC-DB|P31125|2.A.7.3.2	60.8	291	110	2	1	290	1	288	1.0e-85	313.2
BCW-201864_02026	gnl|TC-DB|P0AA76|2.A.1.14.7	87.2	430	55	0	1	430	1	430	6.1e-217	749.6
BCW-201864_02038	gnl|TC-DB|P25714|2.A.9.3.1	78.6	548	117	0	1	548	1	548	1.0e-240	828.9
BCW-201864_02041	gnl|TC-DB|Q6EE14|3.A.23.2.1	52.3	855	401	3	9	860	8	858	3.1e-244	841.3
BCW-201864_02042	gnl|TC-DB|Q6EE15|3.A.23.2.1	35.3	323	193	5	16	331	7	320	1.2e-42	170.2
BCW-201864_02043	gnl|TC-DB|Q6EE16|3.A.23.2.1	33.7	630	388	12	4	623	3	612	1.6e-88	323.6
BCW-201864_02054	gnl|TC-DB|Q6EE20|3.A.23.2.1	49.2	472	237	2	20	491	22	490	2.6e-134	475.3
BCW-201864_02058	gnl|TC-DB|Q9KN45|3.A.23.1.1	25.6	1227	786	32	17	1201	25	1166	5.6e-90	329.3
BCW-201864_02059	gnl|TC-DB|Q9KN50|3.A.23.1.1	39.0	195	113	4	21	213	37	227	1.1e-34	144.1
BCW-201864_02060	gnl|TC-DB|Q9KN51|3.A.23.1.1	36.4	440	277	3	6	443	6	444	4.8e-79	291.6
BCW-201864_02071	gnl|TC-DB|D4ZZR3|9.B.34.1.3	34.0	209	128	4	144	347	190	393	3.6e-24	109.0
BCW-201864_02074	gnl|TC-DB|P36035|2.A.1.12.2	29.8	439	265	8	3	404	138	570	2.0e-47	186.4
BCW-201864_02077	gnl|TC-DB|P77228|2.A.1.6.9	44.0	418	222	3	47	461	2	410	3.1e-97	352.1
BCW-201864_02089	gnl|TC-DB|Q9HT68|3.A.1.24.5	46.2	260	135	4	1	257	1	258	1.3e-52	203.0
BCW-201864_02096	gnl|TC-DB|P77549|2.A.1.46.6	44.7	367	203	0	2	368	10	376	5.8e-81	297.7
BCW-201864_02119	gnl|TC-DB|P0AEY1|2.A.95.1.1	75.1	225	52	2	1	225	1	221	1.6e-83	305.4
BCW-201864_02123	gnl|TC-DB|Q5V9S2|3.A.1.5.22	20.5	482	338	14	36	493	50	510	3.9e-16	82.8
BCW-201864_02126	gnl|TC-DB|P0ADC6|1.B.42.1.2	81.7	356	65	0	2	357	4	359	1.3e-164	575.5
BCW-201864_02127	gnl|TC-DB|P0AF98|1.B.42.1.2	75.7	366	89	0	31	396	1	366	1.4e-154	542.3
BCW-201864_02138	gnl|TC-DB|Q6XBY3|1.B.11.6.1	37.2	803	452	15	29	787	32	826	1.6e-141	500.0
BCW-201864_02152	gnl|TC-DB|P37643|2.A.1.6.10	82.5	441	75	2	1	440	1	440	1.3e-198	688.7
BCW-201864_02153	gnl|TC-DB|P37642|9.B.126.1.1	66.5	319	106	1	14	332	20	337	9.9e-114	406.4
BCW-201864_02162	gnl|TC-DB|P76264|2.A.107.1.1	64.9	185	65	0	1	185	1	185	1.7e-62	235.3
BCW-201864_02164	gnl|TC-DB|P36672|4.A.1.2.4	73.2	463	124	0	1	463	2	464	6.7e-196	679.9
BCW-201864_02165	gnl|TC-DB|Q05839|8.A.9.1.1	31.1	498	269	14	9	478	109	560	3.6e-68	255.8
BCW-201864_02170	gnl|TC-DB|P39398|2.A.1.14.33	72.4	434	120	0	15	448	16	449	1.4e-179	625.5
BCW-201864_02174	gnl|TC-DB|P37002|1.A.43.1.1	58.5	118	49	0	1	118	1	118	1.7e-34	141.7
BCW-201864_02180	gnl|TC-DB|Q9NP58|3.A.1.210.6	39.1	379	226	2	226	604	454	827	2.6e-67	253.1
BCW-201864_02183	gnl|TC-DB|P54702|3.A.6.2.1	31.5	235	158	2	18	251	19	251	4.9e-28	121.3
BCW-201864_02184	gnl|TC-DB|P0A1L5|3.A.6.2.1	38.5	78	48	0	13	90	12	89	6.6e-12	66.2
BCW-201864_02185	gnl|TC-DB|P54700|3.A.6.2.1	50.6	239	113	2	12	248	7	242	2.8e-52	201.8
BCW-201864_02186	gnl|TC-DB|P26419|3.A.6.2.1	38.7	124	62	3	1	110	1	124	2.7e-13	71.2
BCW-201864_02188	gnl|TC-DB|Q9KN48|3.A.23.1.1	40.9	313	160	8	33	322	211	521	8.1e-55	210.7
BCW-201864_02193	gnl|TC-DB|P26465|3.A.6.2.1	48.8	453	206	6	1	431	1	449	8.7e-110	393.7
BCW-201864_02222	gnl|TC-DB|P09348|1.A.30.1.1	36.9	274	173	0	4	277	4	277	4.8e-48	188.0
BCW-201864_02223	gnl|TC-DB|P0AF06|1.A.30.1.1	34.2	292	169	6	1	288	1	273	3.9e-32	135.2
BCW-201864_02231	gnl|TC-DB|P0AAP1|9.B.34.1.2	29.5	176	123	1	514	689	194	368	6.9e-19	92.8
BCW-201864_02233	gnl|TC-DB|P39379|9.A.5.4.2	45.8	216	110	3	1	211	1	214	1.2e-43	172.9
BCW-201864_02234	gnl|TC-DB|G2S0R1|9.B.156.1.3	51.0	143	70	0	15	157	12	154	3.3e-35	144.4
BCW-201864_02247	gnl|TC-DB|P76330|9.B.34.1.4	40.4	166	88	4	79	234	395	559	2.7e-25	112.1
BCW-201864_02251	gnl|TC-DB|M3JA40|1.B.52.2.1	46.5	101	47	1	284	377	246	346	6.9e-14	75.1
BCW-201864_02260	gnl|TC-DB|P46317|4.A.3.2.2	53.2	432	201	1	6	437	7	437	9.2e-131	463.4
BCW-201864_02262	gnl|TC-DB|U5MLJ3|4.A.3.2.9	66.7	96	32	0	11	106	5	100	2.7e-26	114.4
BCW-201864_02263	gnl|TC-DB|U5MIE1|4.A.3.2.9	76.3	97	23	0	2	98	3	99	1.3e-32	135.2
BCW-201864_02266	gnl|TC-DB|P70786|2.A.1.14.3	73.7	434	112	1	1	434	18	449	7.2e-181	629.8
BCW-201864_02269	gnl|TC-DB|C5W790|2.A.1.3.36	34.8	339	186	6	19	344	26	342	6.4e-39	157.9
BCW-201864_02270	gnl|TC-DB|Q9KIH3|2.A.1.3.18	33.1	519	345	2	1	517	1	519	2.2e-75	279.6
BCW-201864_02274	gnl|TC-DB|P76330|9.B.34.1.4	29.7	172	99	4	152	308	391	555	9.5e-13	70.9
BCW-201864_02277	gnl|TC-DB|Q9X4X4|2.A.1.30.1	35.4	506	323	4	6	508	15	519	9.0e-69	257.7
BCW-201864_02284	gnl|TC-DB|P0ABK2|3.D.4.3.2	28.6	377	216	10	1	331	1	370	2.2e-36	149.4
BCW-201864_02287	gnl|TC-DB|P13738|2.A.33.1.1	68.3	382	121	0	11	392	4	385	3.8e-141	497.7
BCW-201864_02292	gnl|TC-DB|B8I766|9.B.105.1.5	35.0	143	86	2	11	152	3	139	2.5e-17	85.1
BCW-201864_02299	gnl|TC-DB|B5Y0L3|1.B.1.1.18	75.3	380	91	3	2	380	4	381	2.3e-175	611.3
BCW-201864_02306	gnl|TC-DB|P31554|1.B.42.1.2	70.6	802	204	10	13	803	1	781	0.0e+00	1155.2
BCW-201864_02312	gnl|TC-DB|P31548|3.A.1.19.1	65.4	231	80	0	1	231	1	231	2.4e-82	301.6
BCW-201864_02313	gnl|TC-DB|P31549|3.A.1.19.1	71.2	528	152	0	1	528	9	536	1.7e-208	721.8
BCW-201864_02314	gnl|TC-DB|P31550|3.A.1.19.1	81.1	328	61	1	1	328	1	327	8.7e-155	542.7
BCW-201864_02316	gnl|TC-DB|P31675|2.A.1.20.1	68.8	388	121	0	4	391	4	391	1.7e-149	525.4
BCW-201864_02330	gnl|TC-DB|P0A6W3|9.B.146.1.6	93.9	360	22	0	1	360	1	360	1.2e-194	675.2
BCW-201864_02332	gnl|TC-DB|P0ABG4|2.A.103.1.1	81.9	403	73	0	2	404	12	414	8.7e-189	656.0
BCW-201864_02341	gnl|TC-DB|P10408|3.A.5.1.1	89.2	900	97	0	1	900	1	900	0.0e+00	1540.8
BCW-201864_02348	gnl|TC-DB|P22609|3.A.15.2.1	31.2	333	229	0	66	398	41	373	1.7e-43	173.3
BCW-201864_02349	gnl|TC-DB|P22608|3.A.15.2.1	47.1	393	196	5	75	456	172	563	2.4e-94	342.4
BCW-201864_02353	gnl|TC-DB|P0AE14|9.B.125.1.1	66.5	284	95	0	1	284	1	284	1.3e-106	382.5
BCW-201864_02355	gnl|TC-DB|P31435|2.A.2.3.4	44.7	445	243	3	1	444	1	443	2.9e-119	425.2
BCW-201864_02356	gnl|TC-DB|P15993|2.A.3.1.3	86.4	449	61	0	3	451	5	453	2.1e-223	771.2
BCW-201864_02364	gnl|TC-DB|P37489|2.A.1.14.39	30.0	426	283	6	6	423	15	433	2.5e-56	216.1
BCW-201864_02373	gnl|TC-DB|P0AA95|8.A.2.1.3	68.7	115	36	0	39	153	1	115	2.5e-40	161.4
BCW-201864_02374	gnl|TC-DB|P36649|1.B.76.1.8	64.4	536	171	3	1	536	1	516	2.2e-195	678.3
BCW-201864_02377	gnl|TC-DB|P36879|3.A.1.105.17	87.5	305	38	0	1	305	1	305	1.1e-148	522.3
BCW-201864_02378	gnl|TC-DB|P0AFN6|3.A.1.105.17	83.2	256	43	0	1	256	1	256	3.0e-118	421.0
BCW-201864_02391	gnl|TC-DB|P06971|1.B.14.1.2	55.4	753	284	11	18	737	14	747	5.2e-232	800.4
BCW-201864_02392	gnl|TC-DB|P07821|3.A.1.14.3	77.9	263	58	0	2	264	3	265	3.1e-118	421.0
BCW-201864_02393	gnl|TC-DB|P07822|3.A.1.14.3	54.0	287	130	2	4	289	7	292	1.8e-87	318.9
BCW-201864_02394	gnl|TC-DB|P06972|3.A.1.14.3	66.9	656	215	2	2	657	4	657	2.5e-241	831.2
BCW-201864_02398	gnl|TC-DB|Q8ZRP7|3.A.1.13.1	54.7	258	112	1	1	258	10	262	1.7e-76	282.3
BCW-201864_02415	gnl|TC-DB|P0A943|1.B.33.1.3	81.9	816	129	4	1	803	1	810	0.0e+00	1362.1
BCW-201864_02433	gnl|TC-DB|P28635|3.A.1.24.1	89.7	271	28	0	1	271	1	271	2.7e-138	487.6
BCW-201864_02434	gnl|TC-DB|P31547|3.A.1.24.1	92.2	217	17	0	1	217	1	217	1.8e-71	265.4
BCW-201864_02435	gnl|TC-DB|P30750|3.A.1.24.1	84.3	343	54	0	1	343	1	343	7.0e-163	569.7
BCW-201864_02449	gnl|TC-DB|P25743|2.A.95.1.7	82.8	215	37	0	1	215	1	215	1.4e-92	335.5
BCW-201864_02450	gnl|TC-DB|P06202|3.A.1.5.1	61.0	536	206	1	9	544	11	543	1.7e-192	668.7
BCW-201864_02451	gnl|TC-DB|P06202|3.A.1.5.1	72.0	546	150	2	1	546	1	543	5.7e-236	813.1
BCW-201864_02452	gnl|TC-DB|P0AFH2|3.A.1.5.41	84.0	306	49	0	1	306	1	306	5.8e-137	483.4
BCW-201864_02453	gnl|TC-DB|P0AFH6|3.A.1.5.41	90.4	302	29	0	1	302	1	302	2.7e-134	474.6
BCW-201864_02454	gnl|TC-DB|P76027|3.A.1.5.41	89.8	322	33	0	18	339	16	337	6.2e-164	573.2
BCW-201864_02455	gnl|TC-DB|P08007|3.A.1.5.1	89.5	334	35	0	1	334	1	334	5.7e-178	619.8
BCW-201864_02461	gnl|TC-DB|P02929|2.C.1.1.1	69.2	240	73	1	9	248	1	239	4.1e-32	134.8
BCW-201864_02466	gnl|TC-DB|P0A915|1.B.39.1.6	66.2	210	70	1	2	210	3	212	1.7e-79	292.0
BCW-201864_02480	gnl|TC-DB|M4VAL8|8.A.21.2.4	29.2	171	117	3	136	302	74	244	8.7e-12	67.8
BCW-201864_02482	gnl|TC-DB|Q07711|3.A.7.7.1	23.8	550	373	16	104	622	103	637	1.4e-26	118.2
BCW-201864_02494	gnl|TC-DB|D4ZZR3|9.B.34.1.3	27.4	179	109	3	229	394	225	395	7.2e-15	79.0
BCW-201864_02496	gnl|TC-DB|P15078|2.A.114.1.1	59.7	683	267	4	1	677	1	681	6.6e-229	790.0
BCW-201864_02499	gnl|TC-DB|P19642|4.A.1.1.3	41.9	518	279	4	12	522	19	521	5.1e-104	374.8
BCW-201864_02503	gnl|TC-DB|P36638|3.A.1.5.5	83.1	267	45	0	1	267	2	268	4.1e-126	447.2
BCW-201864_02504	gnl|TC-DB|P36636|3.A.1.5.5	84.9	331	49	1	1	331	1	330	4.5e-167	583.6
BCW-201864_02505	gnl|TC-DB|P0AGH5|3.A.1.5.42	67.9	296	95	0	1	296	1	296	2.5e-108	388.3
BCW-201864_02508	gnl|TC-DB|P0AGH3|3.A.1.5.42	78.2	321	70	0	1	321	1	321	5.9e-140	493.4
BCW-201864_02509	gnl|TC-DB|P36634|3.A.1.5.5	75.6	545	127	1	1	539	1	545	3.8e-248	853.6
BCW-201864_02510	gnl|TC-DB|Q8NR41|3.A.1.17.12	37.3	279	171	3	12	290	30	304	3.8e-43	171.8
BCW-201864_02518	gnl|TC-DB|O33918|5.A.1.5.1	49.9	651	263	6	1	641	1	598	7.7e-166	580.5
BCW-201864_02529	gnl|TC-DB|Q8FDB7|2.A.1.14.14	28.7	429	280	10	2	415	11	428	1.3e-33	140.6
BCW-201864_02533	gnl|TC-DB|P22340|1.B.3.1.2	48.9	462	216	8	29	490	64	505	2.9e-122	435.3
BCW-201864_02537	gnl|TC-DB|P70786|2.A.1.14.3	43.4	422	231	4	9	430	22	435	3.4e-93	338.6
BCW-201864_02543	gnl|TC-DB|P10907|3.A.1.1.3	44.4	358	188	6	1	350	1	355	4.8e-77	284.6
BCW-201864_02544	gnl|TC-DB|P0AG80|3.A.1.1.3	29.7	407	258	9	39	425	35	433	3.7e-41	165.6
BCW-201864_02545	gnl|TC-DB|P29823|3.A.1.1.4	32.0	278	181	5	20	293	15	288	3.1e-29	125.6
BCW-201864_02546	gnl|TC-DB|O51925|3.A.1.1.7	29.2	267	176	7	14	270	10	273	4.9e-18	88.2
BCW-201864_02552	gnl|TC-DB|G4FGN3|3.A.1.2.20	37.1	491	306	2	8	498	5	492	5.6e-92	334.7
BCW-201864_02553	gnl|TC-DB|Q1M4Q8|3.A.1.2.16	27.7	328	200	8	22	325	27	341	1.6e-18	90.1
BCW-201864_02554	gnl|TC-DB|Q9WXW7|3.A.1.2.18	32.2	304	198	3	20	321	16	313	3.3e-29	125.6
BCW-201864_02561	gnl|TC-DB|V4NQP3|9.B.72.1.6	41.4	116	67	1	1	115	1	116	1.9e-16	81.6
BCW-201864_02566	gnl|TC-DB|E0LV84|2.A.85.1.4	61.7	681	258	2	1	679	1	680	4.4e-241	830.5
BCW-201864_02568	gnl|TC-DB|P94369|2.A.39.1.5	36.6	437	273	3	20	456	4	436	2.8e-77	285.8
BCW-201864_02571	gnl|TC-DB|657066864|9.B.143.3.3	32.9	240	138	6	9	235	14	243	1.5e-15	79.7
BCW-201864_02581	gnl|TC-DB|P33021|2.A.41.2.10	74.9	415	104	0	2	416	1	415	1.3e-166	582.4
BCW-201864_02583	gnl|TC-DB|Q1M4Q9|3.A.1.2.16	73.5	317	80	3	1	315	1	315	1.5e-127	452.2
BCW-201864_02584	gnl|TC-DB|Q1M4Q8|3.A.1.2.16	80.2	329	65	0	21	349	18	346	6.5e-140	493.4
BCW-201864_02585	gnl|TC-DB|Q1M4Q7|3.A.1.2.16	73.4	503	132	1	12	512	11	513	5.4e-204	706.8
BCW-201864_02606	gnl|TC-DB|P76169|2.A.7.26.1	77.6	107	24	0	2	108	1	107	7.9e-44	172.6
BCW-201864_02609	gnl|TC-DB|O32182|2.A.1.3.33	32.0	406	272	2	1	402	1	406	3.9e-58	222.2
BCW-201864_02610	gnl|TC-DB|Q8ZPK1|3.A.1.12.14	78.0	236	51	1	1	236	1	235	1.4e-93	339.0
BCW-201864_02611	gnl|TC-DB|Q8ZPK2|3.A.1.12.14	74.6	291	73	1	18	308	11	300	1.5e-124	442.2
BCW-201864_02612	gnl|TC-DB|Q8ZPK3|3.A.1.12.14	76.3	215	51	0	1	215	1	215	1.9e-86	315.1
BCW-201864_02613	gnl|TC-DB|Q8ZPK4|3.A.1.12.14	83.6	377	62	0	1	377	1	377	3.5e-184	640.6
BCW-201864_02614	gnl|TC-DB|P0AGM9|2.A.40.4.2	42.4	443	248	4	10	446	22	463	4.9e-95	344.7
BCW-201864_02618	gnl|TC-DB|P43531|2.A.1.36.1	71.7	413	116	1	5	416	2	414	5.5e-162	567.0
BCW-201864_02620	gnl|TC-DB|P31122|2.A.1.2.15	68.0	388	124	0	1	388	1	388	1.1e-138	489.6
BCW-201864_02627	gnl|TC-DB|P27125|2.A.7.6.1	79.3	343	71	0	1	343	1	343	5.7e-157	550.1
BCW-201864_02631	gnl|TC-DB|P16482|2.A.1.6.1	36.8	383	238	2	27	405	36	418	4.2e-69	258.5
BCW-201864_02634	gnl|TC-DB|W0WLZ1|3.A.1.5.39	49.7	523	258	3	11	529	14	535	9.4e-159	556.6
BCW-201864_02636	gnl|TC-DB|P0AEU0|3.A.1.3.29	44.7	253	137	1	1	250	1	253	1.3e-60	229.6
BCW-201864_02643	gnl|TC-DB|Q51955|2.A.1.15.1	45.1	430	235	1	5	433	10	439	6.6e-105	377.5
BCW-201864_02648	gnl|TC-DB|P0AB67|3.D.2.1.1	89.2	462	50	0	1	462	1	462	2.0e-226	781.2
BCW-201864_02649	gnl|TC-DB|P07001|3.D.2.1.1	81.0	511	95	2	1	510	1	510	6.6e-226	779.6
BCW-201864_02651	gnl|TC-DB|P0AAE5|2.A.3.2.8	75.1	461	112	1	1	461	1	458	4.2e-187	650.6
BCW-201864_02654	gnl|TC-DB|Q93N33|2.A.21.9.2	29.2	260	166	5	186	432	765	1019	9.2e-19	91.3
BCW-201864_02665	gnl|TC-DB|P0AFV2|9.B.20.1.4	47.2	218	109	2	1	218	1	212	7.3e-49	190.3
BCW-201864_02670	gnl|TC-DB|Q9EYX5|1.A.35.4.1	68.8	327	102	0	1	327	1	327	1.6e-132	468.8
BCW-201864_02671	gnl|TC-DB|P77348|3.A.1.5.1	74.0	539	138	2	1	539	1	537	2.7e-238	820.8
BCW-201864_02675	gnl|TC-DB|Q9KN48|3.A.23.1.1	40.0	225	135	0	207	431	193	417	8.4e-43	171.4
BCW-201864_02681	gnl|TC-DB|E8XKQ3|9.B.100.1.1	84.9	219	33	0	1	219	1	219	1.7e-90	328.6
BCW-201864_02682	gnl|TC-DB|Q9KN48|3.A.23.1.1	36.0	322	190	4	8	314	193	513	5.9e-42	167.9
BCW-201864_02686	gnl|TC-DB|P76115|1.B.14.9.5	66.3	695	230	3	1	695	10	700	3.4e-281	963.8
BCW-201864_02691	gnl|TC-DB|P76103|2.A.46.1.9	56.3	375	164	0	13	387	9	383	6.6e-109	390.6
BCW-201864_02698	gnl|TC-DB|C5IZH0|2.A.6.2.47	68.8	372	112	1	16	383	16	387	8.7e-138	486.5
BCW-201864_02699	gnl|TC-DB|C5IZH1|2.A.6.2.47	89.5	1042	109	0	1	1042	1	1042	0.0e+00	1791.5
BCW-201864_02714	gnl|TC-DB|P19642|4.A.1.1.3	81.5	519	96	0	6	524	7	525	7.0e-247	849.4
BCW-201864_02719	gnl|TC-DB|P0AE26|3.A.1.2.2	84.9	324	49	0	3	326	2	325	5.7e-138	486.9
BCW-201864_02720	gnl|TC-DB|P0AAF3|3.A.1.2.2	77.8	504	112	0	1	504	1	504	2.9e-226	780.8
BCW-201864_02721	gnl|TC-DB|P02924|3.A.1.2.2	92.0	326	26	0	1	326	1	326	6.0e-172	599.7
BCW-201864_02724	gnl|TC-DB|P37772|3.A.1.2.25	83.1	326	55	0	1	326	1	326	1.4e-144	508.8
BCW-201864_02725	gnl|TC-DB|P39328|3.A.1.2.25	75.0	336	84	0	1	336	1	336	4.8e-132	467.2
BCW-201864_02726	gnl|TC-DB|Q6BEX0|3.A.1.2.25	75.6	499	122	0	1	499	1	499	2.6e-214	741.1
BCW-201864_02727	gnl|TC-DB|P39325|3.A.1.2.25	84.0	318	51	0	1	318	1	318	2.0e-148	521.5
BCW-201864_02730	gnl|TC-DB|P0A766|3.D.6.1.4	83.9	192	31	0	1	192	1	192	8.9e-83	302.8
BCW-201864_02731	gnl|TC-DB|P77223|3.D.6.1.4	76.6	192	45	0	1	192	1	192	6.4e-73	270.0
BCW-201864_02732	gnl|TC-DB|P77611|3.D.6.1.4	74.9	466	117	0	1	466	1	466	7.2e-194	673.7
BCW-201864_02733	gnl|TC-DB|P76182|3.D.6.1.4	72.6	351	96	0	1	351	1	351	1.2e-149	525.8
BCW-201864_02734	gnl|TC-DB|P77285|3.D.6.1.4	63.5	208	74	2	2	209	1	206	3.8e-71	264.2
BCW-201864_02735	gnl|TC-DB|P77179|3.D.6.1.4	78.3	230	49	1	1	230	1	229	6.1e-94	340.1
BCW-201864_02738	gnl|TC-DB|P77304|2.A.17.1.2	78.1	498	109	0	1	498	1	498	3.5e-224	773.9
BCW-201864_02748	gnl|TC-DB|G4PZW1|8.A.48.1.1	67.1	73	23	1	4	75	3	75	1.3e-21	98.2
BCW-201864_02749	gnl|TC-DB|P46482|8.A.1.7.1	37.7	273	169	1	11	283	14	285	2.6e-46	182.2
BCW-201864_02750	gnl|TC-DB|Q8ZPN4|2.A.85.1.5	63.0	663	245	0	1	663	1	663	8.6e-234	806.2
BCW-201864_02753	gnl|TC-DB|P76187|8.A.5.1.7	72.5	298	82	0	1	298	1	298	3.1e-127	451.1
BCW-201864_02761	gnl|TC-DB|Q15HU6|3.A.7.14.2	34.1	129	73	6	130	252	205	327	1.0e-12	70.5
BCW-201864_02765	gnl|TC-DB|P37597|2.A.1.2.62	61.1	383	147	1	1	381	1	383	1.8e-122	435.6
BCW-201864_02768	gnl|TC-DB|P37340|2.A.66.1.3	76.1	457	109	0	1	457	1	457	8.6e-193	669.5
BCW-201864_02778	gnl|TC-DB|Q9R9Q4|3.A.1.1.17	29.7	236	135	9	2	228	4	217	1.3e-14	76.6
BCW-201864_02783	gnl|TC-DB|B1LE48|2.A.86.2.1	70.8	367	107	0	1	367	1	367	2.6e-139	491.5
BCW-201864_02784	gnl|TC-DB|Q9HXN5|4.A.1.1.15	26.6	470	271	14	352	794	392	814	4.7e-29	126.3
BCW-201864_02790	gnl|TC-DB|P06611|3.A.1.13.1	50.8	238	115	1	1	238	3	238	3.0e-59	224.9
BCW-201864_02792	gnl|TC-DB|P06609|3.A.1.13.1	71.2	323	91	1	7	327	4	326	2.5e-122	434.9
BCW-201864_02800	gnl|TC-DB|P76206|1.B.75.1.3	66.5	254	82	2	1	253	1	252	2.8e-92	334.7
BCW-201864_02806	gnl|TC-DB|P77529|2.A.23.1.8	83.1	462	78	0	1	462	1	462	1.9e-208	721.5
BCW-201864_02809	gnl|TC-DB|I7FD23|2.A.1.2.97	36.9	385	241	2	9	391	16	400	3.4e-60	228.8
BCW-201864_02818	gnl|TC-DB|P02931|1.B.1.1.1	54.7	371	150	4	1	362	1	362	7.5e-107	383.6
BCW-201864_02819	gnl|TC-DB|P39165|1.B.54.1.9	44.9	470	252	2	6	475	1	463	4.0e-108	388.3
BCW-201864_02829	gnl|TC-DB|P0AF06|1.A.30.1.1	69.8	298	88	1	1	296	1	298	9.2e-115	409.8
BCW-201864_02830	gnl|TC-DB|P09348|1.A.30.1.1	81.1	291	55	0	1	291	1	291	2.4e-127	451.4
BCW-201864_02852	gnl|TC-DB|D4I357|9.B.97.4.1	41.4	331	176	8	4	328	7	325	1.0e-52	203.8
BCW-201864_02853	gnl|TC-DB|G0CIY2|9.B.18.1.1	38.6	433	244	5	48	465	59	484	3.5e-77	285.4
BCW-201864_02860	gnl|TC-DB|P38134|8.A.3.3.1	53.3	703	319	4	2	699	3	701	2.3e-208	721.8
BCW-201864_02862	gnl|TC-DB|P0A932|1.B.18.3.8	70.1	378	112	1	1	378	1	377	9.4e-153	536.2
BCW-201864_02891	gnl|TC-DB|P39414|2.A.47.3.3	56.6	470	204	0	5	474	13	482	5.0e-151	530.8
BCW-201864_02903	gnl|TC-DB|Q01674|1.B.14.1.17	60.5	714	262	6	1	698	1	710	3.6e-259	890.6
BCW-201864_02904	gnl|TC-DB|A6TAG3|1.E.43.1.1	91.5	82	7	0	1	82	1	82	6.3e-38	152.5
BCW-201864_02906	gnl|TC-DB|Q58543|1.A.23.4.1	28.5	330	222	4	30	345	22	351	2.4e-31	132.9
BCW-201864_02921	gnl|TC-DB|P0AAT4|1.A.23.4.5	34.3	405	248	4	11	405	16	412	9.4e-61	230.7
BCW-201864_02934	gnl|TC-DB|P69874|3.A.1.11.1	78.7	366	78	0	3	368	10	375	1.0e-164	575.9
BCW-201864_02935	gnl|TC-DB|P0AFK4|3.A.1.11.1	80.4	275	54	0	12	286	1	275	1.1e-121	432.6
BCW-201864_02936	gnl|TC-DB|P0AFK6|3.A.1.11.1	86.4	257	35	0	1	257	1	257	4.8e-116	413.7
BCW-201864_02937	gnl|TC-DB|P0AFK9|3.A.1.11.1	84.8	348	52	1	1	347	1	348	1.3e-177	618.6
BCW-201864_02939	gnl|TC-DB|P75958|3.A.1.125.1	80.2	414	82	0	1	414	1	414	4.1e-178	620.5
BCW-201864_02940	gnl|TC-DB|P75957|3.A.1.125.1	78.9	228	48	0	3	230	2	229	1.5e-97	352.1
BCW-201864_02941	gnl|TC-DB|P0ADC3|3.A.1.125.1	78.9	399	84	0	1	399	1	399	7.6e-169	589.7
BCW-201864_02952	gnl|TC-DB|P69786|4.A.1.1.1	92.0	477	36	2	1	476	1	476	8.3e-247	849.0
BCW-201864_02959	gnl|TC-DB|O80800|3.D.1.6.3	49.3	75	38	0	2	76	48	122	1.1e-12	68.6
BCW-201864_02983	gnl|TC-DB|P0AF16|2.A.66.4.3	87.3	510	65	0	1	510	1	510	4.0e-247	850.1
BCW-201864_02987	gnl|TC-DB|P69367|2.A.1.2.21	75.1	394	98	0	1	394	1	394	9.3e-167	582.8
BCW-201864_03002	gnl|TC-DB|P62517|4.D.3.1.1	75.4	849	196	4	1	846	1	839	0.0e+00	1298.5
BCW-201864_03009	gnl|TC-DB|Q05202|1.B.14.1.15	55.2	697	299	7	45	733	67	758	1.2e-225	779.2
BCW-201864_03015	gnl|TC-DB|Q7AA53|2.A.6.8.2	57.9	750	313	3	26	773	1	749	6.2e-236	813.5
BCW-201864_03027	gnl|TC-DB|Q9WWZ8|2.A.6.2.9	32.1	467	303	7	1	454	1	466	2.3e-52	203.0
BCW-201864_03028	gnl|TC-DB|P27303|8.A.1.1.1	34.1	317	188	8	51	361	50	351	6.0e-32	134.8
BCW-201864_03032	gnl|TC-DB|Q1J2S8|2.A.53.3.13	48.2	467	238	3	29	495	23	485	6.9e-111	397.5
BCW-201864_03043	gnl|TC-DB|K0WKG7|4.F.1.1.8	59.2	174	69	1	4	175	2	175	1.1e-47	186.0
BCW-201864_03051	gnl|TC-DB|P0AAE0|2.A.3.1.7	75.6	463	112	1	1	462	1	463	4.8e-199	690.3
BCW-201864_03059	gnl|TC-DB|P75892|2.A.40.1.3	81.5	428	79	0	1	428	1	428	1.8e-192	668.3
BCW-201864_03060	gnl|TC-DB|Q9UYQ7|2.A.7.3.47	29.8	275	176	7	14	283	6	268	3.2e-18	89.0
BCW-201864_03068	gnl|TC-DB|P0AAC6|1.A.14.2.1	83.1	219	36	1	1	218	1	219	3.7e-93	337.4
BCW-201864_03077	gnl|TC-DB|P0AB12|9.B.55.1.1	85.7	147	21	0	1	147	1	147	3.6e-68	253.8
BCW-201864_03078	gnl|TC-DB|P75870|2.A.85.1.1	65.1	703	245	0	6	708	4	706	5.5e-263	903.3
BCW-201864_03081	gnl|TC-DB|P0A910|1.B.6.1.1	79.8	357	61	4	1	357	1	346	1.6e-154	542.0
BCW-201864_03088	gnl|TC-DB|P43672|3.A.1.120.6	82.2	634	113	0	1	634	1	634	7.3e-283	969.1
BCW-201864_03097	gnl|TC-DB|P75853|3.A.1.17.10	78.0	295	65	0	20	314	17	311	3.2e-130	461.1
BCW-201864_03099	gnl|TC-DB|P75851|3.A.1.17.10	85.4	260	38	0	1	260	1	260	1.9e-112	401.7
BCW-201864_03100	gnl|TC-DB|B1X8N7|3.A.1.17.10	78.7	253	53	1	6	258	1	252	2.4e-107	384.8
BCW-201864_03104	gnl|TC-DB|Q56111|1.B.1.1.22	63.6	393	112	7	2	373	1	383	2.4e-132	468.4
BCW-201864_03119	gnl|TC-DB|P60752|3.A.1.106.1	86.1	582	81	0	1	582	1	582	6.5e-278	952.6
BCW-201864_03120	gnl|TC-DB|P44408|3.A.11.2.2	33.9	664	386	12	137	755	133	788	3.3e-80	296.2
BCW-201864_03127	gnl|TC-DB|P0AC23|1.A.16.1.1	81.3	283	53	0	1	283	1	283	1.4e-129	458.8
BCW-201864_03130	gnl|TC-DB|P21503|2.A.1.26.1	68.3	382	120	1	1	382	1	381	4.3e-145	510.8
BCW-201864_03133	gnl|TC-DB|P61316|1.B.46.1.1	74.4	203	52	0	1	203	1	203	1.8e-86	315.1
BCW-201864_03134	gnl|TC-DB|P46889|3.A.12.1.2	57.1	1340	365	14	1	1141	1	1329	0.0e+00	1136.7
BCW-201864_03137	gnl|TC-DB|P29018|3.A.1.129.1	64.3	589	209	1	1	589	1	588	1.2e-202	702.6
BCW-201864_03138	gnl|TC-DB|P23886|3.A.1.129.1	62.9	572	211	1	1	572	1	571	5.4e-192	667.2
BCW-201864_03141	gnl|TC-DB|Q9SXJ7|3.A.9.1.2	38.5	807	395	13	17	738	133	923	4.6e-151	531.6
BCW-201864_03145	gnl|TC-DB|P75826|2.A.124.1.1	62.2	299	113	0	1	299	1	299	2.9e-96	348.2
BCW-201864_03151	gnl|TC-DB|P0AAF6|3.A.1.3.3	88.0	242	29	0	1	242	1	242	4.3e-119	423.7
BCW-201864_03152	gnl|TC-DB|P30859|3.A.1.3.3	78.1	242	53	0	3	244	2	243	3.1e-109	391.0
BCW-201864_03153	gnl|TC-DB|P0AE34|3.A.1.3.3	84.3	235	37	0	1	235	1	235	5.2e-109	390.2
BCW-201864_03154	gnl|TC-DB|P0AE30|3.A.1.3.3	80.6	222	43	0	1	222	1	222	1.0e-90	329.3
BCW-201864_03155	gnl|TC-DB|P30860|3.A.1.3.3	70.0	243	73	0	1	243	1	243	1.9e-98	355.1
BCW-201864_03158	gnl|TC-DB|P0AFL1|3.A.1.11.2	74.0	281	73	0	1	281	1	281	5.4e-113	403.7
BCW-201864_03159	gnl|TC-DB|P31135|3.A.1.11.2	78.3	313	65	1	9	318	5	317	1.2e-140	495.7
BCW-201864_03160	gnl|TC-DB|P31134|3.A.1.11.2	88.9	377	42	0	1	377	1	377	1.5e-198	688.3
BCW-201864_03161	gnl|TC-DB|P31133|3.A.1.11.2	74.3	366	93	1	5	369	5	370	1.1e-166	582.4
BCW-201864_03168	gnl|TC-DB|A7ZJR5|2.A.81.1.4	86.4	558	76	0	1	558	1	558	6.5e-275	942.6
BCW-201864_03170	gnl|TC-DB|P94571|9.B.105.1.3	31.4	159	104	2	4	162	1	154	1.3e-15	79.7
BCW-201864_03174	gnl|TC-DB|P96878|2.A.53.3.12	30.7	179	113	3	26	196	571	746	1.0e-23	106.7
BCW-201864_03179	gnl|TC-DB|P75799|3.A.1.5.11	82.6	298	52	0	3	300	5	302	1.3e-125	445.7
BCW-201864_03180	gnl|TC-DB|P75798|3.A.1.5.11	85.9	306	43	0	1	306	1	306	2.3e-149	524.6
BCW-201864_03181	gnl|TC-DB|P75797|3.A.1.5.11	76.8	508	118	0	4	511	5	512	2.3e-234	807.7
BCW-201864_03182	gnl|TC-DB|P75796|3.A.1.5.11	71.5	603	168	3	13	612	12	613	1.4e-233	805.4
BCW-201864_03187	gnl|TC-DB|Q8ID54|3.A.25.2.1	30.4	240	160	5	7	239	83	322	6.3e-28	120.9
BCW-201864_03188	gnl|TC-DB|Q83XH1|3.A.1.121.4	45.4	526	286	1	1	526	1	525	3.1e-138	488.4
BCW-201864_03190	gnl|TC-DB|O34718|2.A.1.1.26	52.3	449	204	5	24	468	10	452	1.5e-118	422.9
BCW-201864_03191	gnl|TC-DB|B3PY75|1.B.17.3.8	37.0	487	275	7	15	497	10	468	1.6e-70	263.5
BCW-201864_03192	gnl|TC-DB|P0AEJ0|2.A.1.3.2	36.3	499	305	3	15	512	14	500	5.4e-90	328.2
BCW-201864_03193	gnl|TC-DB|Q9RQ30|8.A.1.1.2	46.3	123	64	2	252	372	231	353	8.2e-24	107.8
BCW-201864_03194	gnl|TC-DB|P75788|2.A.45.2.5	60.6	368	137	4	5	368	6	369	2.6e-115	411.8
BCW-201864_03198	gnl|TC-DB|G0EBV0|1.B.6.2.10	75.6	172	39	2	1	170	1	171	1.6e-67	251.9
BCW-201864_03199	gnl|TC-DB|P0AA67|2.A.7.3.6	69.8	288	86	1	12	299	9	295	2.8e-107	384.8
BCW-201864_03201	gnl|TC-DB|P0AEQ3|3.A.1.3.2	87.1	248	32	0	1	248	1	248	6.0e-124	439.9
BCW-201864_03202	gnl|TC-DB|P0AEQ6|3.A.1.3.2	83.1	219	37	0	1	219	1	219	3.2e-97	350.9
BCW-201864_03203	gnl|TC-DB|P10346|3.A.1.3.2	87.5	240	30	0	1	240	1	240	4.0e-117	417.2
BCW-201864_03207	gnl|TC-DB|P35116|3.A.1.3.6	61.3	256	98	1	1	256	1	255	2.0e-85	312.0
BCW-201864_03208	gnl|TC-DB|P35114|3.A.1.3.5	54.2	225	103	0	3	227	4	228	5.1e-59	224.2
BCW-201864_03209	gnl|TC-DB|P0A4N5|3.A.1.3.5	52.4	229	109	0	3	231	6	234	6.1e-57	217.2
BCW-201864_03210	gnl|TC-DB|P35120|3.A.1.3.6	42.3	279	158	2	7	283	4	281	1.1e-57	219.9
BCW-201864_03226	gnl|TC-DB|Q9F3K5|3.A.1.3.24	33.7	276	161	8	16	273	48	319	9.2e-33	137.1
BCW-201864_03227	gnl|TC-DB|Q9F3K7|3.A.1.3.24	60.5	253	100	0	1	253	1	253	4.3e-85	310.8
BCW-201864_03228	gnl|TC-DB|Q9F3K6|3.A.1.3.24	48.3	265	137	0	26	290	24	288	1.7e-64	242.7
BCW-201864_03235	gnl|TC-DB|P33359|3.A.1.12.15	65.4	243	84	0	1	243	1	243	4.0e-80	294.3
BCW-201864_03236	gnl|TC-DB|P33360|3.A.1.12.15	68.5	305	96	0	1	305	1	305	3.7e-115	411.0
BCW-201864_03237	gnl|TC-DB|P33361|3.A.1.12.15	58.9	372	152	1	2	372	9	380	5.6e-97	350.9
BCW-201864_03238	gnl|TC-DB|P33362|3.A.1.12.15	81.6	294	52	2	5	298	9	300	1.8e-130	461.8
BCW-201864_03239	gnl|TC-DB|Q46909|2.A.1.1.95	27.0	430	282	11	47	475	20	418	2.8e-24	109.8
BCW-201864_03241	gnl|TC-DB|M3JA40|1.B.52.2.1	66.1	56	19	0	472	527	287	342	3.2e-12	70.1
BCW-201864_03249	gnl|TC-DB|Q9EV03|1.A.23.1.2	30.0	310	209	4	485	792	777	1080	2.6e-30	130.6
BCW-201864_03251	gnl|TC-DB|J2MRK2|9.B.29.3.1	40.7	182	108	0	7	188	8	189	1.8e-38	155.6
BCW-201864_03252	gnl|TC-DB|E4PCL6|9.B.27.2.7	58.3	187	78	0	3	189	1	187	4.3e-61	230.7
BCW-201864_03257	gnl|TC-DB|P0AFJ7|2.A.20.1.1	41.6	486	261	8	99	566	14	494	5.1e-94	341.7
BCW-201864_03258	gnl|TC-DB|P37621|2.A.1.46.7	52.7	389	184	0	7	395	10	398	2.0e-108	389.0
BCW-201864_03260	gnl|TC-DB|O00571|1.I.1.1.3	41.6	389	205	8	2	369	181	568	7.2e-70	261.2
BCW-201864_03261	gnl|TC-DB|U3U8B0|9.B.15.1.2	57.1	119	51	0	1	119	1	119	7.0e-31	129.8
BCW-201864_03264	gnl|TC-DB|P75770|4.D.2.4.3	72.6	318	87	0	1	318	1	318	6.4e-126	446.8
BCW-201864_03265	gnl|TC-DB|P0AAC4|1.A.14.2.2	77.0	235	53	1	1	235	1	234	3.0e-93	337.8
BCW-201864_03274	gnl|TC-DB|Q9L3S2|3.A.1.4.4	38.8	224	128	4	13	234	3	219	5.9e-36	147.5
BCW-201864_03283	gnl|TC-DB|P09833|3.A.1.8.1	67.6	352	114	0	1	352	1	352	5.0e-140	493.8
BCW-201864_03284	gnl|TC-DB|P0AF01|3.A.1.8.1	81.6	228	42	0	1	228	1	228	4.7e-99	357.1
BCW-201864_03285	gnl|TC-DB|P37329|3.A.1.8.1	69.4	248	75	1	10	256	10	257	8.5e-89	323.2
BCW-201864_03288	gnl|TC-DB|A7BAX2|3.A.1.26.3	27.3	484	275	14	31	478	260	702	4.7e-19	92.4
BCW-201864_03297	gnl|TC-DB|P75757|2.A.4.1.4	70.5	322	82	2	1	318	1	313	5.0e-123	437.2
BCW-201864_03298	gnl|TC-DB|P24520|4.B.1.1.1	82.4	238	42	0	1	238	1	238	6.2e-110	393.3
BCW-201864_03305	gnl|TC-DB|P45955|2.C.1.2.1	75.1	189	47	0	1	189	1	189	2.6e-56	215.3
BCW-201864_03306	gnl|TC-DB|C6EJJ6|2.C.1.2.1	65.9	173	58	1	1	172	1	173	3.1e-55	211.1
BCW-201864_03307	gnl|TC-DB|P0A855|2.C.1.2.1	93.0	431	29	1	1	431	1	430	1.4e-144	509.2
BCW-201864_03308	gnl|TC-DB|P19934|2.C.1.2.1	72.4	127	33	1	294	418	295	421	1.8e-35	146.7
BCW-201864_03309	gnl|TC-DB|P0ABV8|1.A.30.2.2	85.2	142	21	0	1	142	1	142	7.5e-63	236.1
BCW-201864_03310	gnl|TC-DB|P0ABU9|1.A.30.2.2	93.0	227	16	0	1	227	1	227	1.1e-111	399.1
BCW-201864_03312	gnl|TC-DB|P0AAV0|8.A.79.1.1	64.6	96	34	0	1	96	1	96	4.3e-33	136.7
BCW-201864_03313	gnl|TC-DB|P56100|9.B.85.1.1	73.0	37	10	0	1	37	1	37	6.6e-11	61.6
BCW-201864_03314	gnl|TC-DB|P0ABK2|3.D.4.3.2	82.1	379	68	0	1	379	1	379	2.1e-184	641.3
BCW-201864_03315	gnl|TC-DB|P0ABJ9|3.D.4.3.2	89.3	522	56	0	1	522	1	522	4.0e-271	929.9
BCW-201864_03320	gnl|TC-DB|X5GWN5|3.D.10.1.6	50.9	234	108	5	4	236	27	254	5.0e-67	250.8
BCW-201864_03321	gnl|TC-DB|X5H3P0|3.D.10.1.6	53.4	577	257	7	1	569	25	597	2.8e-169	591.7
BCW-201864_03327	gnl|TC-DB|B1HGV3|9.B.211.1.1	54.8	332	129	3	6	337	7	317	3.6e-87	318.2
BCW-201864_03345	gnl|TC-DB|P09323|4.A.1.1.2	53.0	685	277	11	1	678	1	647	8.0e-179	623.6
BCW-201864_03362	gnl|TC-DB|P0A2L3|9.A.40.1.2	83.9	292	47	0	1	292	1	292	1.3e-138	488.8
BCW-201864_03364	gnl|TC-DB|P37902|3.A.1.3.4	80.7	301	54	1	1	297	1	301	4.6e-139	490.3
BCW-201864_03365	gnl|TC-DB|P0AER3|3.A.1.3.4	83.7	246	40	0	1	246	1	246	1.2e-116	415.6
BCW-201864_03366	gnl|TC-DB|P0AER5|3.A.1.3.4	87.8	222	27	0	1	222	1	222	1.4e-103	372.1
BCW-201864_03367	gnl|TC-DB|P0AAG3|3.A.1.3.4	78.0	241	53	0	1	241	1	241	7.7e-100	359.8
BCW-201864_03370	gnl|TC-DB|P0ADC1|1.B.42.1.2	55.0	191	80	2	8	198	7	191	5.1e-49	190.7
BCW-201864_03376	gnl|TC-DB|P0ABG7|2.A.103.1.2	88.9	370	41	0	3	372	1	370	1.8e-185	644.8
BCW-201864_03383	gnl|TC-DB|P0A843|2.A.64.1.1	62.7	67	25	0	1	67	1	67	4.3e-16	79.7
BCW-201864_03384	gnl|TC-DB|Q9F3K7|3.A.1.3.24	61.6	250	96	0	7	256	4	253	3.7e-84	307.8
BCW-201864_03385	gnl|TC-DB|Q9F3K6|3.A.1.3.24	46.8	278	138	4	30	304	31	301	1.0e-59	226.9
BCW-201864_03397	gnl|TC-DB|P39835|2.A.8.1.4	86.1	438	61	0	1	438	1	438	5.1e-203	703.4
BCW-201864_03402	gnl|TC-DB|Q1DBZ0|2.A.86.2.2	31.5	330	219	4	12	338	14	339	3.6e-24	109.0
BCW-201864_03412	gnl|TC-DB|O34718|2.A.1.1.26	43.5	460	251	6	30	484	14	469	2.2e-93	339.3
BCW-201864_03420	gnl|TC-DB|P77389|2.A.1.2.65	47.2	381	198	1	5	385	7	384	6.4e-80	294.3
BCW-201864_03425	gnl|TC-DB|P20099|5.A.3.4.3	40.1	756	432	12	9	751	14	761	1.6e-156	549.7
BCW-201864_03427	gnl|TC-DB|P76397|8.A.1.6.2	39.6	374	212	4	38	404	33	399	2.1e-65	246.1
BCW-201864_03428	gnl|TC-DB|Q9I0V6|2.A.6.2.39	59.9	1040	404	1	1	1040	1	1027	0.0e+00	1150.2
BCW-201864_03429	gnl|TC-DB|P76399|2.A.6.2.12	55.7	1019	441	4	1	1017	1	1011	4.2e-296	1013.8
BCW-201864_03430	gnl|TC-DB|Q9I0V8|2.A.6.2.39	47.5	366	177	2	8	360	11	374	5.3e-81	298.1
BCW-201864_03431	gnl|TC-DB|P31119|4.C.1.1.16	72.9	713	193	0	1	713	1	713	0.0e+00	1076.6
BCW-201864_03432	gnl|TC-DB|P39196|2.A.1.42.1	78.3	396	85	1	1	395	1	396	4.9e-168	587.0
BCW-201864_03433	gnl|TC-DB|P0A9T4|8.A.5.1.5	78.6	346	74	0	1	346	1	346	5.2e-158	553.5
BCW-201864_03435	gnl|TC-DB|L5DDD7|2.A.109.2.3	49.3	227	113	1	3	227	371	597	4.9e-59	224.2
BCW-201864_03439	gnl|TC-DB|P08839|8.A.7.1.1	33.4	574	373	7	171	738	2	572	2.7e-87	319.7
BCW-201864_03449	gnl|TC-DB|Q6MDD6|3.A.7.16.1	30.0	446	233	10	158	596	329	702	4.6e-32	136.0
BCW-201864_03471	gnl|TC-DB|C4ZZU4|2.A.1.14.40	81.6	446	82	0	1	446	1	446	1.5e-218	755.0
BCW-201864_03477	gnl|TC-DB|Q93N33|2.A.21.9.2	29.0	345	218	8	265	590	752	1088	2.1e-20	97.8
BCW-201864_03500	gnl|TC-DB|P08722|4.A.1.2.2	36.0	450	273	4	7	441	3	452	1.2e-72	270.4
BCW-201864_03501	gnl|TC-DB|P75733|1.B.25.1.13	50.6	472	215	7	1	458	1	468	1.7e-135	479.2
BCW-201864_03504	gnl|TC-DB|B7LEG0|1.A.34.1.2	77.6	272	54	4	51	317	110	379	3.5e-100	361.3
BCW-201864_03521	gnl|TC-DB|E1P8P0|9.B.27.3.1	57.7	142	60	0	1	142	1	142	1.3e-43	172.2
BCW-201864_03524	gnl|TC-DB|P37908|9.A.40.2.4	78.6	426	91	0	1	426	1	426	8.6e-187	649.4
BCW-201864_03525	gnl|TC-DB|P64432|9.B.14.3.6	78.7	263	55	1	1	262	1	263	1.7e-116	415.2
BCW-201864_03526	gnl|TC-DB|P0AGD7|3.A.5.1.1	87.9	453	55	0	1	453	1	453	5.7e-221	763.1
BCW-201864_03536	gnl|TC-DB|P0AC02|1.B.33.1.3	82.9	246	40	1	1	246	1	244	6.6e-115	409.8
BCW-201864_03539	gnl|TC-DB|Q9FI56|3.A.9.1.2	46.4	860	384	13	12	854	106	905	4.8e-205	711.1
BCW-201864_03540	gnl|TC-DB|Q51485|1.B.19.1.1	49.2	431	209	3	23	444	25	454	3.5e-122	434.9
BCW-201864_03541	gnl|TC-DB|P77735|8.A.5.1.6	35.0	320	192	3	9	320	6	317	1.8e-43	172.9
BCW-201864_03542	gnl|TC-DB|P76397|8.A.1.6.2	71.4	346	99	0	55	400	58	403	1.1e-133	473.0
BCW-201864_03543	gnl|TC-DB|P76398|2.A.6.2.12	80.6	1040	202	0	1	1040	1	1040	0.0e+00	1565.8
BCW-201864_03544	gnl|TC-DB|P76399|2.A.6.2.12	80.3	1025	200	1	1	1023	1	1025	0.0e+00	1564.3
BCW-201864_03545	gnl|TC-DB|P36554|2.A.1.3.26	74.7	462	116	1	7	467	7	468	2.0e-189	658.3
BCW-201864_03557	gnl|TC-DB|Q8FDB7|2.A.1.14.14	31.0	422	276	4	6	415	16	434	7.8e-47	184.5
BCW-201864_03567	gnl|TC-DB|A0L4L0|3.A.1.132.3	36.7	341	201	6	13	351	2	329	3.2e-57	218.8
BCW-201864_03570	gnl|TC-DB|F4V3T5|1.E.14.1.4	48.3	116	60	0	1	116	4	119	4.9e-21	97.1
BCW-201864_03571	gnl|TC-DB|C6EAH0|2.A.122.1.1	69.1	230	71	0	1	230	2	231	3.5e-86	314.3
BCW-201864_03574	gnl|TC-DB|P0AFY2|9.B.114.1.1	78.7	239	51	0	3	241	1	239	9.4e-106	379.4
BCW-201864_03576	gnl|TC-DB|P23200|3.A.1.2.3	86.3	336	46	0	1	336	1	336	1.5e-154	542.0
BCW-201864_03577	gnl|TC-DB|P0AAG8|3.A.1.2.3	89.1	506	55	0	1	506	1	506	7.9e-264	905.6
BCW-201864_03578	gnl|TC-DB|P0AEE5|3.A.1.2.3	81.6	331	61	0	1	331	1	331	4.1e-152	533.9
BCW-201864_03580	gnl|TC-DB|P25747|9.B.169.1.2	62.5	379	142	0	1	379	1	379	6.4e-141	496.9
BCW-201864_03582	gnl|TC-DB|Q9I3T2|2.A.1.51.4	48.0	369	188	3	7	372	14	381	1.2e-78	290.0
BCW-201864_03586	gnl|TC-DB|P23878|3.A.1.14.2	33.5	263	169	4	5	262	8	269	1.1e-35	146.7
BCW-201864_03587	gnl|TC-DB|Q56992|3.A.1.14.5	36.1	330	204	2	28	356	6	329	6.6e-47	184.5
BCW-201864_03588	gnl|TC-DB|P25737|2.A.3.1.2	87.6	484	60	0	1	484	1	484	6.5e-247	849.4
BCW-201864_03590	gnl|TC-DB|657066955|9.B.143.3.6	57.3	75	32	0	4	78	260	334	5.1e-23	103.6
BCW-201864_03591	gnl|TC-DB|P62723|2.A.98.1.3	59.6	349	140	1	1	348	1	349	1.5e-104	375.9
BCW-201864_03593	gnl|TC-DB|P20966|4.A.2.1.1	77.5	569	121	2	1	568	1	563	1.1e-205	712.6
BCW-201864_03595	gnl|TC-DB|P69811|4.A.2.1.1	73.4	376	99	1	1	375	1	376	1.4e-148	522.3
BCW-201864_03600	gnl|TC-DB|E9RJ18|3.A.7.13.2	38.3	107	55	4	83	179	254	359	1.3e-12	69.7
BCW-201864_03602	gnl|TC-DB|Q8ZNK0|3.A.1.5.24	66.5	594	199	0	9	602	8	601	2.0e-245	844.7
BCW-201864_03603	gnl|TC-DB|P0AFU1|3.A.1.5.21	80.5	364	70	1	1	363	1	364	2.7e-165	577.8
BCW-201864_03604	gnl|TC-DB|P33915|3.A.1.5.21	75.7	337	82	0	2	338	3	339	2.8e-148	521.2
BCW-201864_03605	gnl|TC-DB|P33916|3.A.1.5.21	73.1	524	136	2	2	520	4	527	1.3e-208	722.2
BCW-201864_03607	gnl|TC-DB|P28246|2.A.1.2.7	70.1	394	118	0	1	394	1	394	1.3e-152	535.8
BCW-201864_03619	gnl|TC-DB|P33941|3.A.1.113.3	70.7	546	160	0	1	546	1	546	3.0e-216	747.7
BCW-201864_03626	gnl|TC-DB|F4MY44|1.B.1.1.16	70.9	371	102	4	1	369	1	367	3.1e-148	521.2
BCW-201864_03627	gnl|TC-DB|F2WVP9|2.A.1.60.3	47.8	362	186	3	35	395	14	373	6.8e-77	284.3
BCW-201864_03640	gnl|TC-DB|P0AFF0|3.D.1.1.1	81.6	485	89	0	1	485	1	485	1.6e-221	765.0
BCW-201864_03641	gnl|TC-DB|P0AFE8|3.D.1.1.1	86.2	509	67	1	4	509	1	509	7.4e-254	872.5
BCW-201864_03642	gnl|TC-DB|P33607|3.D.1.1.1	84.5	612	94	1	1	611	1	612	9.7e-301	1028.5
BCW-201864_03643	gnl|TC-DB|P0AFE4|3.D.1.1.1	69.0	100	31	0	1	100	1	100	1.0e-26	115.5
BCW-201864_03644	gnl|TC-DB|P0AFE0|3.D.1.1.1	79.3	184	37	1	1	183	1	184	8.5e-75	276.2
BCW-201864_03645	gnl|TC-DB|P0AFD6|3.D.1.1.1	93.3	180	12	0	1	180	1	180	5.6e-87	316.6
BCW-201864_03646	gnl|TC-DB|P0AFD4|3.D.1.1.1	84.6	325	50	0	1	325	1	325	1.1e-162	568.9
BCW-201864_03647	gnl|TC-DB|P33602|3.D.1.1.1	80.5	908	176	1	4	910	1	908	0.0e+00	1500.7
BCW-201864_03648	gnl|TC-DB|P31979|3.D.1.1.1	89.9	446	44	1	3	448	1	445	6.8e-243	835.9
BCW-201864_03649	gnl|TC-DB|P0AFD1|3.D.1.1.1	85.4	158	23	0	14	171	9	166	5.0e-77	283.5
BCW-201864_03650	gnl|TC-DB|P33599|3.D.1.1.1	89.5	599	60	1	1	599	1	596	0.0e+00	1137.1
BCW-201864_03651	gnl|TC-DB|P0AFC7|3.D.1.1.1	89.8	225	18	2	1	225	1	220	9.0e-119	422.5
BCW-201864_03652	gnl|TC-DB|P0AFC3|3.D.1.1.1	82.2	129	23	0	1	129	3	131	2.2e-57	218.0
BCW-201864_03664	gnl|TC-DB|B7LBF5|1.A.12.3.2	59.7	211	85	0	1	211	1	211	1.5e-67	252.3
BCW-201864_03672	gnl|TC-DB|O52717|2.A.1.18.2	63.0	414	153	0	3	416	4	417	6.6e-155	543.5
BCW-201864_03676	gnl|TC-DB|P07109|3.A.1.3.29	88.7	257	29	0	1	257	1	257	1.0e-126	449.1
BCW-201864_03677	gnl|TC-DB|P0AEU3|3.A.1.3.29	88.2	238	28	0	1	238	1	238	9.9e-116	412.5
BCW-201864_03678	gnl|TC-DB|P0A2I9|3.A.1.3.1	86.0	228	32	0	1	228	1	228	1.2e-105	379.0
BCW-201864_03679	gnl|TC-DB|P0AEU0|3.A.1.3.29	72.2	259	72	0	1	259	1	259	4.4e-109	390.6
BCW-201864_03682	gnl|TC-DB|P08550|9.B.160.1.16	87.0	161	21	0	1	161	1	161	4.4e-75	276.9
BCW-201864_03685	gnl|TC-DB|Q9V0A4|3.B.1.1.5	27.3	256	155	8	56	298	34	271	3.4e-12	68.9
BCW-201864_03686	gnl|TC-DB|P0ABP6|9.B.27.2.3	83.6	214	35	0	1	214	1	214	4.4e-102	367.1
BCW-201864_03691	gnl|TC-DB|Q4FKW8|2.A.7.3.37	28.0	282	196	4	8	283	14	294	2.2e-27	119.4
BCW-201864_03694	gnl|TC-DB|Q9FA46|2.A.80.1.1	75.1	325	81	0	1	325	1	325	3.6e-145	510.8
BCW-201864_03695	gnl|TC-DB|Q9FA45|2.A.80.1.1	64.3	143	51	0	1	143	2	144	1.4e-48	188.7
BCW-201864_03696	gnl|TC-DB|Q9FA44|2.A.80.1.1	83.9	498	79	1	1	497	1	498	4.5e-227	783.5
BCW-201864_03704	gnl|TC-DB|P0AD30|2.A.102.3.1	72.6	259	71	0	3	261	7	265	7.4e-104	373.2
BCW-201864_03713	gnl|TC-DB|P10384|1.B.9.1.1	65.1	450	130	2	1	427	1	446	1.9e-170	595.1
BCW-201864_03714	gnl|TC-DB|P76506|3.A.1.27.3	74.9	255	60	1	1	255	1	251	2.2e-113	404.8
BCW-201864_03718	gnl|TC-DB|P33927|9.B.14.1.3	73.0	648	168	1	1	648	1	641	5.9e-280	959.5
BCW-201864_03720	gnl|TC-DB|P0ABM7|3.A.1.107.3	59.4	69	28	0	1	69	1	69	2.2e-16	80.9
BCW-201864_03721	gnl|TC-DB|P0ABM1|9.B.14.2.3	76.8	246	55	2	1	245	1	245	4.0e-112	400.6
BCW-201864_03722	gnl|TC-DB|P0ABM0|3.A.1.107.3	64.2	218	78	0	1	218	2	219	2.3e-66	248.4
BCW-201864_03723	gnl|TC-DB|Q8XE58|3.A.1.107.3	59.5	200	81	0	26	225	3	202	4.5e-65	244.2
BCW-201864_03724	gnl|TC-DB|P37327|1.A.16.4.1	76.8	272	63	0	13	284	14	285	7.5e-116	413.3
BCW-201864_03732	gnl|TC-DB|Q9KN55|3.A.23.1.1	30.2	592	372	13	7	574	5	579	3.3e-72	269.2
BCW-201864_03747	gnl|TC-DB|A8YQR5|3.A.23.2.1	27.4	511	322	14	25	516	21	501	1.4e-33	141.4
BCW-201864_03748	gnl|TC-DB|Q6EE14|3.A.23.2.1	49.4	881	411	9	1	869	1	858	6.5e-213	737.3
BCW-201864_03750	gnl|TC-DB|P37665|9.B.186.1.1	38.1	113	69	1	430	542	107	218	8.9e-14	75.1
BCW-201864_03758	gnl|TC-DB|P37662|2.A.1.11.3	73.7	350	91	1	5	353	1	350	1.8e-141	498.8
BCW-201864_03765	gnl|TC-DB|Q9RQ30|8.A.1.1.2	34.8	305	187	4	39	341	61	355	4.0e-25	112.1
BCW-201864_03768	gnl|TC-DB|F4LXP4|8.A.59.2.1	31.8	267	162	7	272	529	211	466	1.2e-26	117.9
BCW-201864_03772	gnl|TC-DB|P77735|8.A.5.1.6	33.1	320	191	9	13	319	1	310	3.3e-37	152.1
BCW-201864_03774	gnl|TC-DB|P0A769|2.A.55.3.1	81.3	412	76	1	1	412	1	411	3.4e-180	627.5
BCW-201864_03775	gnl|TC-DB|P0AFF2|2.A.41.1.1	83.5	400	60	2	1	394	1	400	6.3e-176	613.2
BCW-201864_03782	gnl|TC-DB|P35839|1.A.16.2.1	37.3	268	150	5	2	251	4	271	7.4e-40	160.6
BCW-201864_03791	gnl|TC-DB|P0AA47|2.A.3.1.14	78.7	450	96	0	1	450	1	450	2.2e-201	698.0
BCW-201864_03794	gnl|TC-DB|P33011|2.A.85.7.1	56.0	352	154	1	2	352	1	352	1.6e-109	392.5
BCW-201864_03808	gnl|TC-DB|P28635|3.A.1.24.1	44.3	271	144	5	9	275	4	271	6.2e-53	204.1
BCW-201864_03809	gnl|TC-DB|P30750|3.A.1.24.1	46.5	346	173	5	34	370	1	343	2.0e-75	279.3
BCW-201864_03810	gnl|TC-DB|Q9HT69|3.A.1.24.5	45.8	203	110	0	15	217	23	225	9.5e-41	163.3
BCW-201864_03813	gnl|TC-DB|A7NLS3|3.A.1.17.7	34.0	247	156	4	13	257	32	273	2.8e-18	89.0
BCW-201864_03814	gnl|TC-DB|Q55107|3.A.1.16.3	44.5	229	118	4	24	246	5	230	1.5e-46	183.0
BCW-201864_03824	gnl|TC-DB|A6VKT0|3.A.1.2.13	28.7	286	198	4	11	295	12	292	3.7e-30	128.6
BCW-201864_03825	gnl|TC-DB|P0AAG8|3.A.1.2.3	50.6	492	241	1	4	493	12	503	1.7e-141	499.2
BCW-201864_03826	gnl|TC-DB|A8H4W6|3.A.1.2.15	43.4	297	160	2	51	342	52	345	2.1e-58	222.6
BCW-201864_03832	gnl|TC-DB|P0AAP1|9.B.34.1.2	33.3	174	115	1	287	460	194	366	1.0e-22	105.1
BCW-201864_03838	gnl|TC-DB|Q9F9T4|3.A.1.5.23	39.0	231	139	2	21	251	336	564	1.4e-38	156.4
BCW-201864_03839	gnl|TC-DB|A9CI32|3.A.1.12.13	34.0	203	130	3	29	229	46	246	5.5e-18	87.8
BCW-201864_03843	gnl|TC-DB|P16677|3.A.1.9.1	40.3	248	143	3	23	267	4	249	3.3e-46	181.8
BCW-201864_03844	gnl|TC-DB|P16682|3.A.1.9.1	32.7	248	136	5	6	247	25	247	3.2e-23	105.5
BCW-201864_03845	gnl|TC-DB|P16683|3.A.1.9.1	40.2	189	112	1	94	282	72	259	2.6e-30	129.0
BCW-201864_03846	gnl|TC-DB|A0QQ68|3.A.1.9.2	32.7	199	129	2	83	280	338	532	2.4e-23	105.9
BCW-201864_03847	gnl|TC-DB|Q9HV74|2.A.21.9.1	29.5	339	200	12	394	707	653	977	4.2e-23	106.7
BCW-201864_03848	gnl|TC-DB|G4FGN3|3.A.1.2.20	46.6	494	261	3	5	497	3	494	1.3e-128	456.4
BCW-201864_03849	gnl|TC-DB|A6VKS9|3.A.1.2.13	46.6	307	153	4	21	320	13	315	2.0e-58	222.6
BCW-201864_03850	gnl|TC-DB|Q9F9B2|3.A.1.2.7	32.8	290	163	9	9	275	11	291	9.8e-23	104.0
BCW-201864_03856	gnl|TC-DB|P31466|2.A.40.7.6	52.7	431	204	0	2	432	14	444	3.6e-124	441.4
BCW-201864_03859	gnl|TC-DB|Q9L3M3|3.A.1.4.3	49.0	353	175	3	12	362	9	358	1.2e-91	333.2
BCW-201864_03860	gnl|TC-DB|P0AEX7|3.A.1.4.1	54.3	302	137	1	4	304	7	308	1.1e-82	303.1
BCW-201864_03861	gnl|TC-DB|P21628|3.A.1.4.8	50.2	418	196	5	12	421	3	416	1.3e-94	343.2
BCW-201864_03862	gnl|TC-DB|P21629|3.A.1.4.8	53.0	285	100	3	1	283	1	253	4.2e-76	281.2
BCW-201864_03863	gnl|TC-DB|P22731|3.A.1.4.1	57.8	237	100	0	1	237	1	237	5.2e-67	250.8
BCW-201864_03864	gnl|TC-DB|D5CJ69|2.A.66.1.22	73.4	455	121	0	7	461	3	457	4.6e-189	657.1
BCW-201864_03877	gnl|TC-DB|P9WG63|5.A.1.2.9	31.6	433	249	7	4	395	119	545	1.6e-49	193.4
BCW-201864_03879	gnl|TC-DB|P75780|1.B.14.1.9	78.3	761	164	1	1	761	1	760	0.0e+00	1230.3
BCW-201864_03889	gnl|TC-DB|A8YQR5|3.A.23.2.1	47.3	222	115	2	9	229	289	509	4.1e-52	201.8
BCW-201864_03892	gnl|TC-DB|P0AG96|3.A.5.1.1	94.5	127	7	0	1	127	1	127	1.3e-58	221.9
BCW-201864_03895	gnl|TC-DB|Q9ZK21|1.C.82.1.1	50.7	223	110	0	3	225	4	226	1.1e-58	223.0
BCW-201864_03912	gnl|TC-DB|P16482|2.A.1.6.1	60.5	423	165	1	2	422	12	434	3.5e-143	504.6
BCW-201864_03917	gnl|TC-DB|P0ABV2|1.A.30.2.1	76.3	139	33	0	1	139	1	139	1.3e-54	208.8
BCW-201864_03918	gnl|TC-DB|P0ABU7|1.A.30.2.1	73.3	247	63	1	2	248	1	244	5.9e-87	317.0
BCW-201864_03920	gnl|TC-DB|P0AA60|9.B.27.2.1	72.1	215	60	0	1	215	1	215	3.6e-88	320.9
BCW-201864_03923	gnl|TC-DB|P36649|1.B.76.1.8	31.3	511	296	8	5	464	3	509	6.2e-61	231.5
BCW-201864_03927	gnl|TC-DB|Q1R4S9|4.A.2.1.9	74.8	155	39	0	1	155	1	155	8.6e-60	226.1
BCW-201864_03928	gnl|TC-DB|Q8FC73|4.A.2.1.9	83.2	101	17	0	1	101	1	101	1.6e-38	154.8
BCW-201864_03929	gnl|TC-DB|Q1R4T1|4.A.2.1.9	85.1	363	54	0	1	363	1	363	1.1e-145	512.7
BCW-201864_03944	gnl|TC-DB|P02930|1.B.17.1.1	73.8	493	126	2	1	490	1	493	5.8e-179	623.6
BCW-201864_03948	gnl|TC-DB|P0A8H3|2.A.5.5.1	78.2	257	54	1	1	255	1	257	1.1e-96	349.4
BCW-201864_03959	gnl|TC-DB|P60782|9.B.31.1.1	83.9	199	32	0	1	199	1	199	1.8e-91	331.6
BCW-201864_03975	gnl|TC-DB|Q9I2M0|3.A.1.109.4	41.8	380	216	2	29	407	18	393	3.4e-79	292.0
BCW-201864_03976	gnl|TC-DB|Q88RG3|3.A.1.109.3	39.7	706	412	5	23	727	19	711	2.0e-133	473.0
BCW-201864_03979	gnl|TC-DB|P76330|9.B.34.1.4	31.3	217	129	4	253	459	351	557	1.5e-19	94.0
BCW-201864_03980	gnl|TC-DB|Q8F8H7|2.A.53.3.8	37.1	498	288	8	6	483	24	516	1.6e-72	270.0
BCW-201864_03981	gnl|TC-DB|Q8F8H7|2.A.53.3.8	39.5	195	109	1	7	201	544	729	2.4e-33	138.7
BCW-201864_03984	gnl|TC-DB|P39344|2.A.8.1.2	81.3	439	82	0	1	439	1	439	8.2e-193	669.5
BCW-201864_03988	gnl|TC-DB|Q93N33|2.A.21.9.2	31.2	320	194	10	686	991	763	1070	5.8e-26	116.7
BCW-201864_03993	gnl|TC-DB|Q9HPN8|2.A.49.6.4	27.9	377	230	9	16	358	184	552	3.1e-19	93.2
BCW-201864_03995	gnl|TC-DB|P42601|2.A.109.1.7	71.2	319	91	1	1	319	1	318	2.5e-122	434.9
BCW-201864_03996	gnl|TC-DB|P0AGE4|2.A.23.4.1	73.2	399	107	0	12	410	13	411	2.9e-155	544.7
BCW-201864_04000	gnl|TC-DB|P0AA63|9.B.27.2.2	76.7	219	51	0	1	219	1	219	9.0e-95	342.8
BCW-201864_04004	gnl|TC-DB|P64585|1.E.34.2.1	72.0	125	35	0	4	128	5	129	2.2e-40	161.4
BCW-201864_04008	gnl|TC-DB|P69210|2.A.7.1.9	74.3	109	28	0	1	109	1	109	6.9e-40	159.5
BCW-201864_04009	gnl|TC-DB|P69213|2.A.7.1.9	76.9	104	24	0	2	105	3	106	2.4e-38	154.5
BCW-201864_04033	gnl|TC-DB|M3JA40|1.B.52.2.1	46.0	87	47	0	324	410	253	339	8.1e-14	75.1
BCW-201864_04038	gnl|TC-DB|P39321|9.B.22.1.2	64.7	1259	441	3	1	1256	1	1259	0.0e+00	1698.7
BCW-201864_04039	gnl|TC-DB|P0ADE4|1.B.33.2.4	70.8	572	165	2	8	579	8	577	1.5e-247	851.7
BCW-201864_04040	gnl|TC-DB|Q0PBV6|9.A.40.2.2	23.0	413	312	4	15	424	36	445	5.3e-38	155.2
BCW-201864_04053	gnl|TC-DB|M3JA40|1.B.52.2.1	57.8	64	27	0	482	545	287	350	5.5e-12	69.3
BCW-201864_04076	gnl|TC-DB|B0SM05|2.A.25.1.6	35.4	260	156	6	12	267	468	719	6.5e-40	161.0
BCW-201864_04077	gnl|TC-DB|P39285|1.A.23.1.3	67.9	1110	345	4	1	1110	1	1099	0.0e+00	1360.9
BCW-201864_04085	gnl|TC-DB|P46481|2.A.85.1.2	62.1	646	242	2	3	647	9	652	2.2e-226	781.6
BCW-201864_04086	gnl|TC-DB|P46482|8.A.1.7.1	74.5	310	78	1	1	309	1	310	1.2e-124	442.6
BCW-201864_04087	gnl|TC-DB|D7XN98|8.A.48.1.2	82.1	67	12	0	1	67	24	90	3.1e-27	116.7
BCW-201864_04093	gnl|TC-DB|P0ABH4|9.B.157.1.3	80.9	162	31	0	1	162	1	162	4.4e-75	276.9
BCW-201864_04094	gnl|TC-DB|P16926|9.B.157.1.3	85.8	309	44	0	1	309	1	309	3.0e-150	527.7
BCW-201864_04095	gnl|TC-DB|P0A9X4|9.B.157.1.3	99.7	347	1	0	1	347	1	347	5.0e-193	669.8
BCW-201864_04098	gnl|TC-DB|Q8XB73|5.B.7.1.1	70.5	200	59	0	1	200	1	200	3.9e-73	270.8
BCW-201864_04103	gnl|TC-DB|P16256|2.A.21.1.1	75.8	476	114	1	1	475	1	476	6.5e-199	689.9
BCW-201864_04108	gnl|TC-DB|P45766|3.A.1.3.26	83.6	341	56	0	1	341	1	341	4.9e-169	590.1
BCW-201864_04109	gnl|TC-DB|P45767|3.A.1.3.26	76.7	390	91	0	3	392	4	393	1.7e-168	588.6
BCW-201864_04110	gnl|TC-DB|P45768|3.A.1.3.26	83.4	362	59	1	5	366	7	367	5.5e-174	606.7
BCW-201864_04111	gnl|TC-DB|P45769|3.A.1.3.26	89.7	253	25	1	1	253	1	252	6.8e-131	463.0
BCW-201864_04126	gnl|TC-DB|P76330|9.B.34.1.4	37.2	546	338	3	8	549	17	561	1.4e-96	350.1
BCW-201864_04130	gnl|TC-DB|P0AE42|9.B.12.2.1	64.7	51	18	0	1	51	1	51	8.4e-12	65.1
BCW-201864_04134	gnl|TC-DB|P54702|3.A.6.2.1	64.7	258	91	0	1	258	1	258	1.3e-92	335.9
BCW-201864_04135	gnl|TC-DB|P0A1L5|3.A.6.2.1	78.7	89	19	0	1	89	1	89	3.3e-32	133.7
BCW-201864_04136	gnl|TC-DB|P54700|3.A.6.2.1	87.8	245	29	1	2	245	1	245	1.4e-109	392.1
BCW-201864_04138	gnl|TC-DB|P26419|3.A.6.2.1	77.5	138	28	2	1	136	1	137	1.6e-49	191.8
BCW-201864_04143	gnl|TC-DB|P26465|3.A.6.2.1	86.8	453	57	2	1	450	1	453	6.9e-219	756.1
BCW-201864_04144	gnl|TC-DB|P15934|3.A.6.2.1	80.2	131	26	0	102	232	103	233	1.1e-55	213.0
BCW-201864_04146	gnl|TC-DB|P15928|3.A.6.2.1	63.6	569	195	3	4	572	2	558	1.4e-187	652.5
BCW-201864_04162	gnl|TC-DB|O30831|3.A.1.1.5	48.0	423	218	2	3	424	6	427	1.6e-119	426.0
BCW-201864_04174	gnl|TC-DB|P0AEM9|3.A.1.3.10	78.2	266	58	0	1	266	1	266	3.8e-116	414.1
BCW-201864_04175	gnl|TC-DB|P0AFT2|3.A.1.3.10	85.6	222	32	0	1	222	1	222	2.0e-102	368.2
BCW-201864_04176	gnl|TC-DB|P37774|3.A.1.3.10	84.4	250	39	0	1	250	1	250	9.7e-114	406.0
BCW-201864_04179	gnl|TC-DB|P07117|2.A.21.2.1	83.4	493	82	0	1	493	1	493	3.7e-234	807.0
BCW-201864_04180	gnl|TC-DB|P75901|2.A.108.2.3	77.8	275	61	0	1	275	1	275	2.2e-114	408.3
BCW-201864_04181	gnl|TC-DB|P0AB24|2.A.108.2.3	77.3	375	82	1	1	372	1	375	2.7e-160	561.2
BCW-201864_04182	gnl|TC-DB|P31545|2.A.108.2.3	77.0	421	92	2	4	424	6	421	4.2e-194	673.7
BCW-201864_04189	gnl|TC-DB|Q9I3T2|2.A.1.51.4	42.9	382	206	6	17	391	7	383	1.3e-59	226.9
BCW-201864_04195	gnl|TC-DB|P0AA78|2.A.1.14.2	42.8	407	232	1	16	421	42	448	6.0e-95	344.4
BCW-201864_04203	gnl|TC-DB|P76330|9.B.34.1.4	41.7	163	82	5	222	375	400	558	6.5e-24	108.2
BCW-201864_04206	gnl|TC-DB|P61320|1.B.46.1.1	65.4	205	70	1	1	205	1	204	1.0e-76	282.7
BCW-201864_04213	gnl|TC-DB|P31801|2.A.19.1.1	79.8	356	72	0	6	361	9	364	1.9e-147	518.5
BCW-201864_04221	gnl|TC-DB|Q9KN45|3.A.23.1.1	26.1	597	397	11	23	611	31	591	1.4e-56	217.6
BCW-201864_04222	gnl|TC-DB|Q9KN50|3.A.23.1.1	33.3	222	145	2	15	234	35	255	1.5e-31	133.7
BCW-201864_04224	gnl|TC-DB|P40727|3.A.6.2.1	66.8	383	127	0	1	383	1	383	5.1e-146	513.8
BCW-201864_04225	gnl|TC-DB|P40729|3.A.6.2.1	86.9	695	88	1	1	695	1	692	0.0e+00	1144.4
BCW-201864_04232	gnl|TC-DB|P67826|9.B.158.1.2	58.0	243	102	0	1	243	1	243	4.5e-79	290.8
BCW-201864_04234	gnl|TC-DB|P76249|2.A.76.1.5	28.6	199	138	3	6	202	12	208	1.0e-15	80.1
BCW-201864_04244	gnl|TC-DB|P39832|3.A.1.15.5	75.5	261	64	0	1	261	1	261	1.7e-100	362.1
BCW-201864_04245	gnl|TC-DB|P0A9X1|3.A.1.15.5	81.7	251	46	0	1	251	1	251	1.3e-118	422.2
BCW-201864_04246	gnl|TC-DB|P39172|3.A.1.15.5	68.6	322	88	2	1	322	1	309	6.4e-110	393.7
BCW-201864_04247	gnl|TC-DB|B7L5V2|1.A.34.1.3	37.6	210	125	2	201	410	14	217	8.1e-39	157.9
BCW-201864_04249	gnl|TC-DB|P0AEY8|2.A.1.2.19	49.9	395	198	0	8	402	9	403	8.7e-112	400.2
BCW-201864_04260	gnl|TC-DB|Q4KDN3|9.B.62.1.5	44.4	99	52	3	26	123	24	120	6.7e-15	76.6
BCW-201864_04261	gnl|TC-DB|P76278|9.B.62.1.4	40.7	290	170	2	3	292	2	289	1.5e-49	193.0
BCW-201864_04280	gnl|TC-DB|P23865|9.B.174.1.2	84.2	682	105	2	1	679	1	682	0.0e+00	1130.9
BCW-201864_04281	gnl|TC-DB|P23894|9.B.1.1.6	89.1	293	32	0	1	293	1	293	9.9e-142	499.2
BCW-201864_04282	gnl|TC-DB|P76269|2.A.1.3.17	75.9	456	110	0	3	458	2	457	1.4e-190	662.1
BCW-201864_04290	gnl|TC-DB|P69805|4.A.6.1.1	86.9	283	35	1	1	281	4	286	1.5e-139	491.9
BCW-201864_04291	gnl|TC-DB|P69801|4.A.6.1.1	89.5	266	28	0	1	266	1	266	9.3e-123	436.0
BCW-201864_04292	gnl|TC-DB|P69797|4.A.6.1.1	82.6	322	53	1	1	319	1	322	4.2e-138	487.3
BCW-201864_04293	gnl|TC-DB|L5DDD7|2.A.109.2.3	51.4	518	238	7	1	508	370	883	6.9e-130	460.7
BCW-201864_04303	gnl|TC-DB|P69451|4.C.1.1.4	77.3	554	126	0	12	565	1	554	7.8e-260	892.5
BCW-201864_04311	gnl|TC-DB|P0A6M2|5.A.2.1.1	73.9	176	46	0	1	176	1	176	3.5e-78	287.3
BCW-201864_04316	gnl|TC-DB|P32482|2.A.1.2.3	29.9	394	259	9	5	392	15	397	3.9e-32	135.6
BCW-201864_04317	gnl|TC-DB|H8E4X1|9.B.18.1.2	35.1	345	196	7	151	482	189	518	9.6e-49	191.0
BCW-201864_04319	gnl|TC-DB|P76007|2.A.36.6.11	78.3	575	124	1	1	574	1	575	9.6e-258	885.6
BCW-201864_04322	gnl|TC-DB|P0A908|9.B.99.1.2	49.6	246	123	1	5	249	3	248	4.7e-68	254.2
BCW-201864_04323	gnl|TC-DB|P80874|8.A.5.1.4	31.8	267	138	10	9	232	8	273	4.2e-25	111.7
BCW-201864_04333	gnl|TC-DB|Q07711|3.A.7.7.1	28.0	621	415	15	3	613	4	602	5.1e-66	248.8
