BCW-200057_00002	gnl|TC-DB|Q9S213|3.A.1.14.22	47.9	307	158	1	1	307	44	348	3.1e-69	258.5
BCW-200057_00026	gnl|TC-DB|Q72H66|3.A.1.1.25	42.2	282	156	3	3	280	1	279	4.5e-51	198.0
BCW-200057_00027	gnl|TC-DB|Q9KZ07|3.A.1.1.44	36.5	296	155	7	33	303	36	323	9.7e-39	157.1
BCW-200057_00041	gnl|TC-DB|Q56725|2.A.33.1.2	33.6	378	221	10	5	366	10	373	7.0e-39	157.9
BCW-200057_00046	gnl|TC-DB|P77735|8.A.5.1.6	25.8	326	204	6	6	318	13	313	2.3e-19	92.8
BCW-200057_00053	gnl|TC-DB|G0LRW8|3.A.1.15.15	27.1	251	181	2	22	271	12	261	1.4e-20	96.7
BCW-200057_00054	gnl|TC-DB|P63395|3.A.1.5.26	34.7	144	81	3	5	145	110	243	5.1e-16	80.9
BCW-200057_00069	gnl|TC-DB|Q9X0T1|3.A.1.1.22	32.2	354	225	6	40	385	25	371	3.1e-53	205.7
BCW-200057_00072	gnl|TC-DB|B9DIS8|9.B.97.5.1	30.8	603	388	11	15	606	21	605	4.6e-59	225.7
BCW-200057_00084	gnl|TC-DB|P69937|2.A.7.1.4	43.7	103	58	0	1	103	1	103	4.7e-17	83.6
BCW-200057_00089	gnl|TC-DB|Q9AEL8|3.D.4.4.2	50.0	204	88	4	12	213	14	205	5.5e-49	190.7
BCW-200057_00092	gnl|TC-DB|P46912|3.D.3.4.1	28.8	226	134	3	38	253	7	215	6.4e-26	115.5
BCW-200057_00104	gnl|TC-DB|P0A9R7|3.A.1.140.1	49.6	226	108	2	1	226	1	220	1.5e-53	206.5
BCW-200057_00106	gnl|TC-DB|Q7W0Q7|2.A.1.46.1	34.8	396	236	4	19	414	18	391	6.8e-59	224.6
BCW-200057_00107	gnl|TC-DB|P0A630|3.A.1.7.4	37.0	243	146	2	5	246	88	324	1.9e-37	152.5
BCW-200057_00108	gnl|TC-DB|Q7WTY6|3.A.1.7.2	37.8	278	166	3	103	375	24	299	2.0e-42	169.9
BCW-200057_00109	gnl|TC-DB|Q7WTY8|3.A.1.7.2	34.7	357	205	7	19	368	37	372	6.2e-40	161.8
BCW-200057_00114	gnl|TC-DB|Q9AK99|2.A.7.3.41	40.6	298	162	8	37	325	32	323	1.7e-38	156.4
BCW-200057_00134	gnl|TC-DB|Q0S1M9|8.A.7.1.2	45.5	505	269	2	3	507	52	550	1.4e-103	373.2
BCW-200057_00135	gnl|TC-DB|P42956|4.A.2.1.5	46.5	538	217	7	9	544	6	474	1.8e-115	412.9
BCW-200057_00136	gnl|TC-DB|P69811|4.A.2.1.1	40.3	139	82	1	1	138	1	139	4.1e-24	107.5
BCW-200057_00143	gnl|TC-DB|P04035|2.A.6.6.5	40.8	343	186	8	5	338	533	867	9.5e-59	223.8
BCW-200057_00148	gnl|TC-DB|P16677|3.A.1.9.1	46.1	76	41	0	1	76	174	249	2.0e-13	71.2
BCW-200057_00149	gnl|TC-DB|A0QQ68|3.A.1.9.2	41.9	191	109	2	77	266	343	532	8.1e-34	140.6
BCW-200057_00150	gnl|TC-DB|A0QQ68|3.A.1.9.2	34.7	190	123	1	83	271	343	532	7.6e-27	117.5
BCW-200057_00155	gnl|TC-DB|Q93J93|3.A.1.1.36	39.8	284	160	7	38	318	41	316	2.1e-41	166.0
BCW-200057_00156	gnl|TC-DB|Q93J92|3.A.1.1.36	36.5	296	171	5	2	283	4	296	6.6e-42	167.5
BCW-200057_00168	gnl|TC-DB|I1WBQ5|9.B.142.5.1	34.9	544	310	11	1	509	3	537	1.2e-75	280.4
BCW-200057_00172	gnl|TC-DB|Q8TDX7|1.I.1.1.3	27.5	258	173	8	12	261	31	282	1.7e-16	83.6
BCW-200057_00177	gnl|TC-DB|P31552|4.C.1.1.6	23.0	548	358	16	93	627	21	517	4.6e-22	102.8
BCW-200057_00179	gnl|TC-DB|Q7UHP7|9.A.47.2.1	42.0	319	165	5	26	336	105	411	7.0e-54	207.6
BCW-200057_00183	gnl|TC-DB|O34362|3.A.1.30.1	43.1	239	131	2	3	240	299	533	1.2e-47	186.4
BCW-200057_00184	gnl|TC-DB|O34572|3.A.1.30.1	32.8	250	159	4	20	265	5	249	6.5e-23	104.4
BCW-200057_00214	gnl|TC-DB|P0A5Y8|3.A.5.2.2	61.3	919	315	6	5	883	2	919	0.0e+00	1075.8
BCW-200057_00220	gnl|TC-DB|P0C560|3.A.1.7.2	58.6	256	104	2	129	383	4	258	1.5e-81	299.7
BCW-200057_00233	gnl|TC-DB|Q9S218|1.C.109.1.2	39.4	160	90	4	1	158	114	268	2.2e-21	98.6
BCW-200057_00250	gnl|TC-DB|J6RCW6|3.A.1.135.7	42.3	562	318	4	13	571	3	561	1.5e-114	409.8
BCW-200057_00251	gnl|TC-DB|E8MFM3|3.A.1.135.6	39.9	629	340	6	35	659	14	608	2.2e-115	412.9
BCW-200057_00255	gnl|TC-DB|Q9X9R7|3.A.1.1.23	36.0	397	223	13	45	422	57	441	2.3e-54	209.5
BCW-200057_00266	gnl|TC-DB|P39649|2.A.7.3.4	36.2	293	169	4	7	296	10	287	3.6e-38	155.2
BCW-200057_00272	gnl|TC-DB|Q9XCR9|3.A.1.15.7	34.9	126	79	2	2	126	5	128	1.6e-11	66.6
BCW-200057_00274	gnl|TC-DB|Q5FA63|3.A.1.15.10	26.4	307	195	7	14	299	6	302	3.5e-25	112.1
BCW-200057_00293	gnl|TC-DB|Q9P6J2|2.A.89.3.8	43.2	229	127	1	7	235	5	230	1.2e-36	149.8
BCW-200057_00299	gnl|TC-DB|Q9NUT2|3.A.1.201.22	31.7	622	376	5	20	630	129	712	3.2e-65	246.1
BCW-200057_00300	gnl|TC-DB|P37643|2.A.1.6.10	54.3	455	174	5	9	463	16	436	5.2e-116	414.5
BCW-200057_00306	gnl|TC-DB|Q9FI56|3.A.9.1.2	47.6	725	309	6	16	726	257	924	1.9e-181	632.5
BCW-200057_00325	gnl|TC-DB|O52557|2.A.1.3.15	31.4	440	282	7	13	446	17	442	8.2e-42	167.9
BCW-200057_00326	gnl|TC-DB|B1MHH7|3.A.3.5.31	50.6	749	313	11	13	742	13	723	8.8e-171	597.0
BCW-200057_00332	gnl|TC-DB|Q8L126|3.A.1.1.19	27.4	398	261	15	57	432	50	441	2.6e-13	73.2
BCW-200057_00333	gnl|TC-DB|Q93J93|3.A.1.1.36	39.4	322	180	9	1	316	1	313	4.3e-42	168.3
BCW-200057_00334	gnl|TC-DB|D6ZW62|3.A.1.1.48	33.9	283	178	3	1	274	33	315	4.4e-35	144.8
BCW-200057_00354	gnl|TC-DB|D5CES3|2.A.7.1.10	42.7	103	59	0	3	105	1	103	1.3e-20	95.5
BCW-200057_00374	gnl|TC-DB|Q8G3Q9|3.A.1.2.22	53.0	398	177	4	11	399	7	403	1.3e-83	306.6
BCW-200057_00375	gnl|TC-DB|Q8G3R0|3.A.1.2.22	61.0	510	194	4	3	508	5	513	1.9e-169	592.0
BCW-200057_00378	gnl|TC-DB|O05177|3.A.1.2.5	42.1	380	219	1	33	411	18	397	2.3e-75	279.3
BCW-200057_00379	gnl|TC-DB|Q8G3R0|3.A.1.2.22	62.5	514	185	5	1	507	1	513	5.1e-178	620.5
BCW-200057_00380	gnl|TC-DB|P25548|3.A.1.2.5	61.6	333	117	4	42	373	31	353	4.7e-112	401.0
BCW-200057_00411	gnl|TC-DB|P75797|3.A.1.5.11	25.4	484	336	14	43	511	26	499	4.7e-25	112.5
BCW-200057_00412	gnl|TC-DB|P77308|3.A.1.5.38	35.2	321	183	5	19	314	14	334	3.4e-39	158.7
BCW-200057_00413	gnl|TC-DB|O86571|3.A.1.5.34	36.5	288	162	7	48	314	48	335	9.6e-18	87.4
BCW-200057_00414	gnl|TC-DB|O86574|3.A.1.5.34	45.3	316	159	2	4	305	14	329	1.1e-68	256.9
BCW-200057_00415	gnl|TC-DB|B1W1L8|3.A.1.5.37	51.2	250	119	2	29	276	53	301	3.7e-70	261.5
BCW-200057_00420	gnl|TC-DB|Q93J93|3.A.1.1.36	37.6	306	185	5	4	305	6	309	5.8e-47	184.5
BCW-200057_00421	gnl|TC-DB|Q93J92|3.A.1.1.36	37.5	269	165	2	4	270	29	296	1.9e-46	182.6
BCW-200057_00431	gnl|TC-DB|O50481|2.A.78.2.2	50.8	179	81	4	3	179	16	189	1.7e-32	136.0
BCW-200057_00435	gnl|TC-DB|Q9F9T4|3.A.1.5.23	45.1	565	287	9	1	546	5	565	6.3e-121	431.0
BCW-200057_00436	gnl|TC-DB|Q9F351|3.A.1.5.35	47.5	284	147	2	30	313	24	305	1.9e-69	259.2
BCW-200057_00437	gnl|TC-DB|B1W1M1|3.A.1.5.37	42.3	305	175	1	4	307	4	308	1.7e-59	226.1
BCW-200057_00438	gnl|TC-DB|B1W1M2|3.A.1.5.37	40.5	524	292	8	13	525	10	524	1.4e-104	376.7
BCW-200057_00448	gnl|TC-DB|O53656|2.A.86.1.7	26.2	324	237	1	43	364	23	346	7.7e-25	111.3
BCW-200057_00475	gnl|TC-DB|E1VTI0|2.A.116.3.1	35.2	264	146	7	1	244	1	259	1.4e-19	93.2
BCW-200057_00483	gnl|TC-DB|Q0PBV6|9.A.40.2.2	31.6	342	224	4	7	343	23	359	1.7e-44	176.4
BCW-200057_00484	gnl|TC-DB|P0A2L3|9.A.40.1.2	29.8	258	175	3	179	434	32	285	4.1e-30	129.0
BCW-200057_00495	gnl|TC-DB|Q9RJ23|2.A.20.1.6	56.9	371	153	4	1	371	1	364	8.7e-104	373.6
BCW-200057_00501	gnl|TC-DB|Q93J93|3.A.1.1.36	31.3	268	179	3	1	267	53	316	2.9e-26	115.5
BCW-200057_00502	gnl|TC-DB|O50453|3.A.1.1.31	35.1	276	173	4	25	297	2	274	4.3e-36	148.3
BCW-200057_00510	gnl|TC-DB|Q5SI73|1.C.113.1.4	41.4	203	115	3	25	226	2	201	1.9e-34	142.5
BCW-200057_00541	gnl|TC-DB|Q9S215|3.A.1.14.22	61.7	256	98	0	7	262	23	278	3.4e-88	321.2
BCW-200057_00542	gnl|TC-DB|Q9RK10|3.A.1.14.13	44.6	83	46	0	3	85	285	367	1.3e-12	68.6
BCW-200057_00566	gnl|TC-DB|O52557|2.A.1.3.15	32.0	522	314	6	7	525	14	497	5.5e-58	221.9
BCW-200057_00590	gnl|TC-DB|Q5G3L7|3.A.7.19.1	37.0	138	82	2	19	151	13	150	7.9e-18	87.0
BCW-200057_00592	gnl|TC-DB|Q47PP1|9.B.169.1.10	33.3	339	169	7	13	296	49	385	1.7e-26	116.7
BCW-200057_00606	gnl|TC-DB|P38045|3.A.1.16.1	42.1	233	130	3	30	259	24	254	2.2e-47	185.7
BCW-200057_00619	gnl|TC-DB|P77735|8.A.5.1.6	32.0	316	195	9	30	335	7	312	3.4e-32	135.6
BCW-200057_00623	gnl|TC-DB|P0AA67|2.A.7.3.6	36.4	280	175	2	11	288	14	292	2.5e-36	149.1
BCW-200057_00633	gnl|TC-DB|A9WDR8|3.A.1.17.13	42.0	262	135	4	4	265	1	245	3.3e-46	181.8
BCW-200057_00634	gnl|TC-DB|A9WDS0|3.A.1.17.13	36.8	258	157	3	24	277	13	268	2.6e-30	129.0
BCW-200057_00647	gnl|TC-DB|P31125|2.A.7.3.2	37.2	156	96	1	1	156	146	299	5.2e-18	87.4
BCW-200057_00652	gnl|TC-DB|P31545|2.A.108.2.3	28.1	416	242	18	10	385	13	411	1.3e-16	84.0
BCW-200057_00668	gnl|TC-DB|Q6GUB2|3.A.1.25.1	36.6	224	132	4	4	222	3	221	7.9e-30	127.1
BCW-200057_00670	gnl|TC-DB|P48245|3.A.1.3.9	41.3	230	128	3	43	268	6	232	1.9e-31	132.9
BCW-200057_00671	gnl|TC-DB|P48244|3.A.1.3.9	41.4	210	111	4	18	215	19	228	6.3e-29	124.0
BCW-200057_00672	gnl|TC-DB|P48242|3.A.1.3.9	42.5	240	121	6	3	228	47	283	4.8e-46	181.0
BCW-200057_00684	gnl|TC-DB|G3LHZ0|3.A.1.1.35	28.8	278	190	5	19	293	5	277	3.7e-22	102.1
BCW-200057_00685	gnl|TC-DB|Q72H66|3.A.1.1.25	34.1	267	167	5	21	280	15	279	3.7e-29	125.2
BCW-200057_00695	gnl|TC-DB|D6ZW63|3.A.1.1.48	41.9	315	151	10	6	298	12	316	8.1e-54	207.2
BCW-200057_00696	gnl|TC-DB|D6ZW62|3.A.1.1.48	40.4	287	159	3	13	291	33	315	6.5e-53	204.1
BCW-200057_00701	gnl|TC-DB|916553301|2.A.1.71.3	38.7	341	204	3	28	368	1	336	2.5e-47	186.0
BCW-200057_00717	gnl|TC-DB|Q53712|3.A.1.120.3	36.8	546	311	12	15	545	43	569	1.9e-66	250.0
BCW-200057_00738	gnl|TC-DB|P65374|2.A.6.5.5	29.1	770	486	14	8	755	4	735	4.7e-57	219.5
BCW-200057_00759	gnl|TC-DB|P32011|3.A.1.105.1	44.1	261	146	0	13	273	20	280	3.8e-55	211.5
BCW-200057_00760	gnl|TC-DB|P32010|3.A.1.105.1	54.7	329	149	0	1	329	1	329	2.3e-94	342.0
BCW-200057_00770	gnl|TC-DB|Q9HU31|3.A.1.3.23	28.2	234	159	6	34	265	10	236	3.8e-13	72.0
BCW-200057_00787	gnl|TC-DB|P63391|3.A.1.21.2	29.7	209	137	5	62	269	42	241	3.5e-16	82.0
BCW-200057_00788	gnl|TC-DB|P23878|3.A.1.14.2	62.6	107	39	1	1	106	156	262	3.6e-33	137.1
BCW-200057_00795	gnl|TC-DB|Q9F9T4|3.A.1.5.23	43.8	550	284	5	3	528	17	565	5.6e-119	424.5
BCW-200057_00796	gnl|TC-DB|W0WMS8|3.A.1.5.39	36.4	236	138	3	29	255	53	285	1.8e-33	139.4
BCW-200057_00797	gnl|TC-DB|P75798|3.A.1.5.11	33.2	307	199	2	21	327	4	304	3.3e-40	162.2
BCW-200057_00798	gnl|TC-DB|O86572|3.A.1.5.34	23.8	488	290	20	74	502	97	561	3.8e-14	76.3
BCW-200057_00807	gnl|TC-DB|A2RKA7|3.A.1.2.17	50.2	496	244	3	3	496	7	501	6.5e-133	470.7
BCW-200057_00808	gnl|TC-DB|O83342|3.A.1.2.10	37.0	284	170	4	133	412	111	389	1.1e-35	147.5
BCW-200057_00809	gnl|TC-DB|Q9WXW0|3.A.1.2.18	39.8	299	173	4	140	433	21	317	1.1e-48	190.7
BCW-200057_00817	gnl|TC-DB|Q2J989|9.B.62.3.1	33.7	686	399	12	3	637	11	691	7.5e-78	288.1
BCW-200057_00820	gnl|TC-DB|P39694|3.A.11.1.1	40.1	137	77	1	54	185	68	204	1.3e-22	102.8
BCW-200057_00821	gnl|TC-DB|Q5SGW2|3.A.11.1.3	34.1	575	308	19	192	747	149	671	6.0e-40	162.5
BCW-200057_00835	gnl|TC-DB|P0A2L3|9.A.40.1.2	33.5	230	149	2	165	393	35	261	6.1e-39	158.3
BCW-200057_00848	gnl|TC-DB|O27840|2.A.107.1.2	41.7	187	104	1	1	187	1	182	7.0e-32	133.7
BCW-200057_00855	gnl|TC-DB|E8XKQ3|9.B.100.1.1	25.6	227	155	2	6	232	3	215	2.1e-13	72.8
BCW-200057_00863	gnl|TC-DB|P75797|3.A.1.5.11	28.6	364	240	10	37	385	26	384	4.0e-26	115.9
BCW-200057_00864	gnl|TC-DB|W0WN20|3.A.1.5.39	34.4	337	193	6	1	313	1	333	1.5e-42	169.9
BCW-200057_00865	gnl|TC-DB|P75799|3.A.1.5.11	34.1	226	149	0	54	279	77	302	2.8e-27	119.0
BCW-200057_00866	gnl|TC-DB|O86574|3.A.1.5.34	48.0	256	123	3	3	248	25	280	2.0e-56	215.7
BCW-200057_00867	gnl|TC-DB|Q9F349|3.A.1.5.35	45.6	261	133	4	4	258	8	265	3.3e-56	214.9
BCW-200057_00887	gnl|TC-DB|A2RKA5|3.A.1.2.17	32.8	290	184	5	9	288	10	298	4.6e-33	138.3
BCW-200057_00890	gnl|TC-DB|Q8DU37|3.A.1.2.12	34.1	481	296	8	1	468	28	500	9.6e-62	234.2
BCW-200057_00930	gnl|TC-DB|P55072|3.A.16.1.1	45.7	243	126	3	161	402	201	438	7.9e-54	208.4
BCW-200057_00939	gnl|TC-DB|B8ZT62|9.B.14.3.4	40.2	256	149	2	21	272	71	326	2.8e-42	168.7
BCW-200057_00949	gnl|TC-DB|P75851|3.A.1.17.10	44.6	242	129	3	31	271	15	252	9.1e-41	163.7
BCW-200057_00950	gnl|TC-DB|Q8NR41|3.A.1.17.12	32.9	277	162	5	14	274	3	271	2.8e-23	105.9
BCW-200057_00951	gnl|TC-DB|P38046|3.A.1.16.1	42.5	259	134	5	21	268	17	271	2.4e-49	192.2
BCW-200057_00970	gnl|TC-DB|Q07837|8.A.9.1.2	30.6	483	277	11	17	484	116	555	2.0e-63	240.0
BCW-200057_00974	gnl|TC-DB|A4X503|2.A.3.14.1	46.0	646	334	4	18	659	10	644	6.6e-152	534.3
BCW-200057_00980	gnl|TC-DB|A1B619|3.A.2.1.7	29.1	261	165	8	17	274	5	248	7.6e-11	64.3
BCW-200057_00984	gnl|TC-DB|P29706|3.A.2.1.2	56.2	509	214	3	4	512	1	500	9.1e-157	550.1
BCW-200057_00985	gnl|TC-DB|P0ABA6|3.A.2.1.1	34.4	291	178	5	9	297	8	287	6.1e-38	154.5
BCW-200057_00986	gnl|TC-DB|P50002|3.A.2.1.5	61.8	466	173	2	15	480	5	465	7.0e-161	563.5
BCW-200057_00994	gnl|TC-DB|Q79VD1|2.A.79.1.1	28.4	440	296	10	17	449	18	445	2.0e-27	120.2
BCW-200057_00997	gnl|TC-DB|P46468|3.A.25.2.1	41.6	243	139	3	117	357	923	1164	4.2e-50	195.3
BCW-200057_01002	gnl|TC-DB|Q8G847|3.A.1.2.23	62.8	503	187	0	2	504	1	503	1.3e-181	632.5
BCW-200057_01003	gnl|TC-DB|Q8G846|3.A.1.2.23	49.7	344	163	3	3	342	11	348	1.7e-76	282.7
BCW-200057_01004	gnl|TC-DB|Q8G845|3.A.1.2.23	50.0	340	163	4	5	343	1	334	1.4e-78	289.7
BCW-200057_01011	gnl|TC-DB|O31712|3.A.1.122.2	27.0	408	252	11	12	393	8	395	9.5e-23	104.4
BCW-200057_01012	gnl|TC-DB|O31711|3.A.1.122.2	46.8	216	114	1	10	224	1	216	1.1e-50	196.4
BCW-200057_01013	gnl|TC-DB|Q9RCF6|3.A.1.14.6	49.8	283	142	0	49	331	33	315	3.3e-77	285.0
BCW-200057_01015	gnl|TC-DB|I7FD23|2.A.1.2.97	41.2	413	222	5	1	405	1	400	1.8e-64	243.0
BCW-200057_01030	gnl|TC-DB|H8I7G5|3.A.1.147.9	39.6	240	140	1	19	253	7	246	3.6e-50	194.9
BCW-200057_01043	gnl|TC-DB|Q9X4X4|2.A.1.30.1	32.5	375	230	9	2	365	168	530	3.8e-37	152.1
BCW-200057_01050	gnl|TC-DB|Q0SE66|2.A.1.1.81	52.3	453	211	2	22	470	24	475	1.4e-121	433.0
BCW-200057_01055	gnl|TC-DB|P80874|8.A.5.1.4	30.2	324	204	9	27	341	1	311	5.7e-35	144.8
BCW-200057_01059	gnl|TC-DB|Q45460|3.A.1.12.3	50.6	241	118	1	1	241	1	240	4.4e-67	251.1
BCW-200057_01060	gnl|TC-DB|Q93A34|3.A.1.12.8	34.3	169	108	1	16	184	20	185	1.2e-17	86.7
BCW-200057_01061	gnl|TC-DB|Q93A34|3.A.1.12.8	36.3	179	112	1	27	205	19	195	4.0e-24	108.2
BCW-200057_01064	gnl|TC-DB|A0L4L0|3.A.1.132.3	36.1	255	145	6	67	318	87	326	1.0e-33	140.6
BCW-200057_01147	gnl|TC-DB|A2RKA7|3.A.1.2.17	43.7	483	271	1	25	507	25	506	2.0e-108	389.4
BCW-200057_01148	gnl|TC-DB|D2BKA1|3.A.1.2.17	30.3	366	208	12	5	344	3	347	1.9e-22	103.2
BCW-200057_01149	gnl|TC-DB|Q9WXW0|3.A.1.2.18	29.9	294	197	5	7	292	11	303	1.9e-26	116.3
BCW-200057_01150	gnl|TC-DB|Q8DU38|3.A.1.2.12	27.9	358	232	7	6	346	1	349	4.0e-26	115.5
BCW-200057_01160	gnl|TC-DB|D7V8E7|1.A.8.2.6	49.6	238	111	2	6	242	6	235	1.7e-57	219.2
BCW-200057_01166	gnl|TC-DB|Q9L027|3.A.1.1.21	28.4	388	254	14	51	424	53	430	4.8e-28	122.1
BCW-200057_01167	gnl|TC-DB|Q54806|2.A.1.3.5	33.6	330	206	8	81	403	81	404	1.4e-29	127.5
BCW-200057_01173	gnl|TC-DB|P71746|3.A.1.6.3	36.9	225	135	1	9	226	4	228	2.3e-28	122.5
BCW-200057_01188	gnl|TC-DB|Q7WTY8|3.A.1.7.2	40.5	326	184	6	49	370	54	373	2.3e-50	196.1
BCW-200057_01189	gnl|TC-DB|P0A630|3.A.1.7.4	48.9	313	144	8	3	304	10	317	1.7e-62	236.1
BCW-200057_01190	gnl|TC-DB|Q7WTY6|3.A.1.7.2	47.0	283	145	4	82	360	25	306	1.5e-59	226.5
BCW-200057_01191	gnl|TC-DB|P0C560|3.A.1.7.2	76.1	259	61	1	1	259	1	258	7.2e-112	399.8
BCW-200057_01206	gnl|TC-DB|D3LPG3|2.A.86.1.6	43.9	221	120	4	4	221	14	233	2.0e-44	176.0
BCW-200057_01225	gnl|TC-DB|Q93N33|2.A.21.9.2	30.5	269	177	4	254	517	747	1010	6.3e-20	95.5
BCW-200057_01228	gnl|TC-DB|A9WMF7|1.A.22.1.9	38.0	142	72	4	1	135	1	133	2.9e-11	64.7
BCW-200057_01241	gnl|TC-DB|Q79VC7|2.A.1.21.2	49.6	454	211	1	16	451	1	454	1.3e-119	426.4
BCW-200057_01248	gnl|TC-DB|916527519|9.B.143.4.5	36.5	208	108	3	15	208	5	202	2.7e-16	82.0
BCW-200057_01256	gnl|TC-DB|P13794|1.B.6.1.2	41.4	111	58	3	281	389	242	347	2.7e-14	76.3
BCW-200057_01257	gnl|TC-DB|Q2J9P5|3.A.1.125.3	41.4	239	131	3	2	236	51	284	6.3e-38	154.1
BCW-200057_01288	gnl|TC-DB|Q3C2E8|9.B.76.1.1	64.0	444	157	2	4	444	2	445	1.6e-155	545.8
BCW-200057_01290	gnl|TC-DB|P75797|3.A.1.5.11	28.8	520	307	18	10	512	7	480	6.3e-33	138.7
BCW-200057_01291	gnl|TC-DB|P33591|3.A.1.5.3	30.8	315	210	5	3	315	1	309	2.7e-23	105.9
BCW-200057_01292	gnl|TC-DB|W0WMS8|3.A.1.5.39	35.8	271	156	5	15	274	25	288	2.3e-34	142.5
BCW-200057_01293	gnl|TC-DB|Q9F9T4|3.A.1.5.23	37.1	529	275	10	18	491	38	563	3.4e-70	262.3
BCW-200057_01295	gnl|TC-DB|P66842|3.A.5.2.2	51.5	293	137	3	1	289	130	421	5.1e-74	274.2
BCW-200057_01300	gnl|TC-DB|O53656|2.A.86.1.7	37.2	333	209	0	28	360	9	341	3.6e-54	208.8
BCW-200057_01301	gnl|TC-DB|Q9I488|3.A.1.3.21	32.2	208	136	2	19	221	1	208	3.0e-21	98.6
BCW-200057_01309	gnl|TC-DB|P63395|3.A.1.5.26	51.3	263	123	2	2	259	346	608	2.6e-67	251.9
BCW-200057_01310	gnl|TC-DB|Q93IU0|3.A.1.5.36	46.0	265	137	2	3	267	15	273	6.1e-64	240.7
BCW-200057_01337	gnl|TC-DB|Q1M605|3.A.3.7.2	51.5	561	258	4	9	560	5	560	1.6e-145	512.7
BCW-200057_01352	gnl|TC-DB|Q1J1H5|2.A.23.1.9	50.2	410	193	3	31	431	8	415	1.8e-100	362.8
BCW-200057_01358	gnl|TC-DB|P76387|8.A.3.3.2	33.5	203	134	1	230	431	496	698	4.1e-28	122.5
BCW-200057_01363	gnl|TC-DB|D6ZW62|3.A.1.1.48	42.0	276	150	2	47	317	45	315	6.4e-54	207.6
BCW-200057_01364	gnl|TC-DB|D6ZW63|3.A.1.1.48	34.5	307	187	4	5	299	16	320	1.3e-43	173.3
BCW-200057_01367	gnl|TC-DB|O69070|2.A.1.3.29	40.2	564	286	6	13	575	20	533	4.5e-107	385.2
BCW-200057_01371	gnl|TC-DB|P77389|2.A.1.2.65	37.5	360	216	1	2	361	5	355	2.3e-56	216.1
BCW-200057_01376	gnl|TC-DB|P75892|2.A.40.1.3	40.3	422	229	5	2	407	7	421	9.1e-75	277.3
BCW-200057_01379	gnl|TC-DB|Q9X2F5|3.A.1.1.22	44.7	215	118	1	75	289	620	833	4.5e-46	181.4
BCW-200057_01380	gnl|TC-DB|Q9X0T0|3.A.1.1.22	33.2	573	311	15	30	532	4	574	2.2e-62	236.5
BCW-200057_01385	gnl|TC-DB|Q5SMG8|1.A.26.1.2	34.6	133	82	1	272	404	128	255	7.2e-13	71.6
BCW-200057_01434	gnl|TC-DB|Q9WZS2|2.A.66.1.28	22.8	378	278	6	5	372	18	391	3.4e-13	72.8
BCW-200057_01441	gnl|TC-DB|P96593|2.A.55.3.3	47.2	392	200	6	27	416	34	420	2.2e-81	299.3
BCW-200057_01442	gnl|TC-DB|O84072|3.A.1.15.12	45.3	86	46	1	48	133	358	442	3.2e-12	68.6
BCW-200057_01469	gnl|TC-DB|Q72H67|3.A.1.1.25	34.0	253	146	5	50	297	47	283	3.6e-30	128.6
BCW-200057_01470	gnl|TC-DB|Q93KB9|3.A.1.1.11	26.2	260	184	5	2	253	41	300	1.8e-22	102.8
BCW-200057_01480	gnl|TC-DB|P08995|1.A.8.12.1	34.1	217	136	4	38	252	37	248	5.6e-22	101.3
BCW-200057_01482	gnl|TC-DB|P75831|3.A.1.122.1	38.6	210	123	3	6	212	5	211	5.6e-33	137.5
BCW-200057_01485	gnl|TC-DB|D6ZW62|3.A.1.1.48	32.9	286	176	4	3	282	40	315	6.6e-34	141.0
BCW-200057_01486	gnl|TC-DB|P10905|3.A.1.1.3	28.1	274	183	6	1	266	16	283	3.3e-14	75.5
BCW-200057_01501	gnl|TC-DB|Q9RJ69|2.A.64.2.2	37.6	218	124	1	1	206	16	233	9.9e-34	140.2
BCW-200057_01506	gnl|TC-DB|S5Y5N9|2.A.80.1.4	74.7	499	125	1	1	498	1	499	2.4e-199	691.4
BCW-200057_01507	gnl|TC-DB|S5XH28|2.A.80.1.4	44.5	164	77	4	32	195	37	186	1.0e-25	113.2
BCW-200057_01508	gnl|TC-DB|S5XTE7|2.A.80.1.4	56.7	314	135	1	26	339	22	334	4.1e-99	357.8
BCW-200057_01512	gnl|TC-DB|P33950|3.A.1.5.27	24.3	518	323	17	28	491	11	513	5.1e-24	109.0
BCW-200057_01513	gnl|TC-DB|P75798|3.A.1.5.11	33.0	312	200	3	1	311	1	304	7.0e-37	151.0
BCW-200057_01515	gnl|TC-DB|Q9V0A4|3.B.1.1.5	57.4	524	209	5	13	529	6	522	2.6e-164	575.1
BCW-200057_01550	gnl|TC-DB|Q9F3K7|3.A.1.3.24	50.6	243	110	2	8	240	9	251	5.5e-61	230.7
BCW-200057_01551	gnl|TC-DB|Q8YSA2|3.A.1.3.17	32.9	228	141	4	35	253	273	497	2.7e-26	115.5
BCW-200057_01553	gnl|TC-DB|B9DIS8|9.B.97.5.1	30.9	372	234	9	21	382	5	363	1.2e-31	134.8
BCW-200057_01560	gnl|TC-DB|Q186B7|1.A.16.3.3	36.2	254	159	3	4	255	1	253	2.0e-32	136.0
BCW-200057_01590	gnl|TC-DB|P0AB24|2.A.108.2.3	35.0	394	220	8	12	403	9	368	1.9e-42	169.9
BCW-200057_01591	gnl|TC-DB|P75901|2.A.108.2.3	36.2	279	151	5	1	276	1	255	4.6e-33	138.3
BCW-200057_01594	gnl|TC-DB|P29018|3.A.1.129.1	25.5	552	366	15	34	567	37	561	5.8e-21	99.0
BCW-200057_01606	gnl|TC-DB|Q50392|2.A.1.3.3	57.9	485	204	0	17	501	13	497	4.9e-144	507.7
BCW-200057_01622	gnl|TC-DB|A8ILY4|9.B.115.1.4	44.5	283	108	11	10	271	57	311	3.5e-43	171.8
BCW-200057_01633	gnl|TC-DB|Q9ZK21|1.C.82.1.1	52.5	217	103	0	14	230	15	231	1.5e-57	219.2
BCW-200057_01652	gnl|TC-DB|Q8NRV9|3.A.1.4.5	27.8	302	195	7	30	310	46	345	8.7e-20	94.4
BCW-200057_01653	gnl|TC-DB|Q8YXD0|3.A.1.4.6	30.8	289	182	7	5	285	6	284	7.8e-22	100.9
BCW-200057_01654	gnl|TC-DB|Q8DQH7|3.A.1.4.10	44.3	237	130	2	1	236	1	236	2.5e-50	195.3
BCW-200057_01655	gnl|TC-DB|Q8DQH8|3.A.1.4.10	40.3	253	151	0	3	255	2	254	1.4e-51	199.5
BCW-200057_01670	gnl|TC-DB|T5KJT2|9.B.126.1.3	60.7	359	138	3	36	393	13	369	1.5e-108	389.4
BCW-200057_01671	gnl|TC-DB|X5GWN5|3.D.10.1.6	44.5	229	121	5	32	258	29	253	1.3e-49	193.0
BCW-200057_01672	gnl|TC-DB|X5H3P0|3.D.10.1.6	47.4	597	299	5	18	609	11	597	7.0e-158	553.9
BCW-200057_01676	gnl|TC-DB|D2BKA1|3.A.1.2.17	32.7	376	203	13	10	368	8	350	2.1e-27	119.8
BCW-200057_01678	gnl|TC-DB|Q8NSN3|3.A.1.24.4	51.6	217	105	0	3	219	4	220	2.1e-51	198.7
BCW-200057_01679	gnl|TC-DB|Q9HT70|3.A.1.24.5	50.3	338	160	5	5	340	2	333	4.2e-83	304.7
BCW-200057_01682	gnl|TC-DB|Q1J2S8|2.A.53.3.13	56.2	470	198	4	31	500	23	484	2.2e-125	445.7
BCW-200057_01705	gnl|TC-DB|Q8NS49|2.A.21.7.3	60.3	551	206	3	1	538	1	551	5.6e-167	583.9
BCW-200057_01715	gnl|TC-DB|Q9WXN7|3.A.1.5.16	42.1	328	182	4	3	324	9	334	1.1e-69	260.0
BCW-200057_01716	gnl|TC-DB|Q9X0U8|3.A.1.5.14	40.2	271	160	2	40	308	11	281	6.2e-39	157.9
BCW-200057_01717	gnl|TC-DB|Q9F350|3.A.1.5.35	49.0	257	128	2	5	258	2	258	5.7e-68	254.2
BCW-200057_01718	gnl|TC-DB|O86575|3.A.1.5.34	44.8	306	153	8	7	300	39	340	4.5e-61	231.5
BCW-200057_01724	gnl|TC-DB|Q47Q85|2.A.115.2.7	52.7	182	85	1	4	185	34	214	9.8e-43	169.9
BCW-200057_01770	gnl|TC-DB|Q93J92|3.A.1.1.36	33.0	276	173	4	5	274	29	298	8.9e-28	120.6
BCW-200057_01771	gnl|TC-DB|Q7WWQ9|3.A.1.1.20	30.4	276	185	4	2	274	17	288	2.1e-29	125.9
BCW-200057_01781	gnl|TC-DB|Q53712|3.A.1.120.3	35.0	515	298	13	12	498	43	548	1.5e-63	240.4
BCW-200057_01786	gnl|TC-DB|Q45404|3.A.1.124.2	52.9	85	40	0	1	85	143	227	6.4e-19	91.3
BCW-200057_01810	gnl|TC-DB|O51924|3.A.1.1.7	35.0	266	168	4	16	281	14	274	1.3e-40	163.3
BCW-200057_01811	gnl|TC-DB|Q72H66|3.A.1.1.25	39.8	254	146	5	51	297	27	280	4.0e-42	168.3
BCW-200057_01819	gnl|TC-DB|P07658|3.D.1.9.2	31.9	307	182	6	133	434	61	345	1.9e-41	167.5
BCW-200057_01830	gnl|TC-DB|F5XJB6|2.A.116.1.4	29.3	205	144	1	9	213	8	211	9.0e-18	87.0
BCW-200057_01836	gnl|TC-DB|F8IKT4|2.A.39.1.4	24.7	453	314	14	29	467	40	479	2.4e-23	106.7
BCW-200057_01845	gnl|TC-DB|Q9FI56|3.A.9.1.2	49.2	730	353	9	114	829	174	899	1.3e-189	659.8
BCW-200057_01846	gnl|TC-DB|Q9RDP2|2.A.121.1.2	45.7	162	82	3	80	235	80	241	2.8e-25	112.1
BCW-200057_01852	gnl|TC-DB|Q0S4G7|2.A.1.3.64	23.9	461	319	9	13	460	42	483	1.3e-13	74.3
BCW-200057_01857	gnl|TC-DB|Q8NNK2|3.D.4.4.2	27.0	337	193	9	4	293	10	340	1.1e-28	123.6
BCW-200057_01858	gnl|TC-DB|Q79VD7|3.D.4.4.2	63.9	549	192	2	15	558	2	549	3.1e-211	731.1
BCW-200057_01870	gnl|TC-DB|Q55487|4.D.2.1.9	30.1	299	208	1	5	303	6	303	4.5e-36	148.3
BCW-200057_01878	gnl|TC-DB|Q1D3I3|3.A.1.103.4	37.1	394	215	8	20	383	10	400	2.7e-65	245.7
BCW-200057_01879	gnl|TC-DB|P72880|3.A.1.103.5	28.3	247	167	5	5	248	33	272	4.3e-16	81.6
BCW-200057_01893	gnl|TC-DB|Q48475|3.A.1.103.1	34.3	242	150	3	19	256	16	252	4.7e-34	141.4
BCW-200057_01894	gnl|TC-DB|P72884|3.A.1.103.5	44.6	204	112	1	41	243	56	259	3.5e-47	184.9
BCW-200057_01912	gnl|TC-DB|P13738|2.A.33.1.1	35.1	422	235	6	13	430	2	388	2.0e-59	226.9
BCW-200057_01914	gnl|TC-DB|Q53902|2.A.6.5.1	39.7	717	388	6	21	733	17	693	1.7e-113	406.8
BCW-200057_01920	gnl|TC-DB|Q07711|3.A.7.7.1	24.7	620	383	17	14	591	3	580	3.5e-28	123.6
BCW-200057_01935	gnl|TC-DB|G4NXA5|1.A.33.1.4	57.8	625	248	8	1	623	1	611	3.9e-188	654.4
BCW-200057_01936	gnl|TC-DB|C5C6P3|2.A.1.24.5	47.8	433	222	2	24	454	8	438	1.4e-97	353.2
BCW-200057_01939	gnl|TC-DB|Q92WM0|2.A.15.1.5	44.4	489	265	5	36	522	57	540	7.8e-111	397.5
BCW-200057_01959	gnl|TC-DB|O31712|3.A.1.122.2	28.2	277	195	2	40	312	119	395	6.4e-22	101.3
BCW-200057_01985	gnl|TC-DB|Q8U4S3|3.A.1.12.9	33.6	244	154	5	48	289	55	292	2.5e-36	149.1
BCW-200057_01986	gnl|TC-DB|Q9KKE2|3.A.1.12.6	45.0	280	153	1	3	281	4	283	2.7e-60	228.8
BCW-200057_01989	gnl|TC-DB|P76242|2.A.1.17.3	27.2	382	244	8	1	379	36	386	1.2e-22	104.0
BCW-200057_02004	gnl|TC-DB|Q8YT15|3.A.1.4.6	53.2	233	109	0	7	239	10	242	2.3e-69	258.8
BCW-200057_02005	gnl|TC-DB|Q7A2H0|3.A.1.4.6	45.7	265	129	4	28	290	8	259	1.8e-54	209.5
BCW-200057_02006	gnl|TC-DB|Q8YY08|3.A.1.4.6	31.7	372	181	8	18	324	11	374	5.1e-38	154.8
BCW-200057_02007	gnl|TC-DB|P0AEX7|3.A.1.4.1	31.0	297	190	6	169	452	10	304	7.3e-27	118.2
BCW-200057_02012	gnl|TC-DB|Q9ZGB6|2.A.1.3.32	34.4	497	310	3	18	514	18	498	1.3e-76	283.9
BCW-200057_02016	gnl|TC-DB|P64711|2.A.75.1.3	49.5	192	91	2	13	204	2	187	3.8e-39	157.9
BCW-200057_02029	gnl|TC-DB|Q9X9R6|3.A.1.1.23	41.2	301	174	2	17	314	6	306	1.9e-67	252.7
BCW-200057_02030	gnl|TC-DB|Q9X9R5|3.A.1.1.23	47.8	270	137	3	35	303	10	276	1.4e-61	233.0
BCW-200057_02031	gnl|TC-DB|Q9UEF7|8.A.49.1.1	29.8	513	272	16	8	489	61	516	8.7e-50	194.5
BCW-200057_02033	gnl|TC-DB|E0DTC9|2.A.115.1.4	43.1	211	116	1	27	237	62	268	1.2e-41	166.4
BCW-200057_02039	gnl|TC-DB|Q2PGB8|3.A.1.120.5	33.4	407	196	19	4	394	130	477	1.2e-23	107.5
BCW-200057_02052	gnl|TC-DB|P43672|3.A.1.120.6	34.8	514	328	5	5	515	3	512	1.2e-82	303.9
BCW-200057_02075	gnl|TC-DB|D2PP09|2.A.1.67.1	31.8	381	247	6	4	373	5	383	2.3e-32	136.3
BCW-200057_02106	gnl|TC-DB|P96483|3.A.1.1.23	68.2	377	104	2	1	361	1	377	4.1e-145	510.8
BCW-200057_02111	gnl|TC-DB|Q8G3M7|9.B.36.1.3	29.6	169	118	1	17	184	155	323	5.5e-13	70.9
BCW-200057_02112	gnl|TC-DB|Q9AK33|2.A.69.3.1	44.3	307	167	3	1	304	1	306	5.6e-55	211.1
BCW-200057_02142	gnl|TC-DB|H8E4X1|9.B.18.1.2	73.4	538	130	2	6	543	1	525	7.2e-223	769.6
BCW-200057_02164	gnl|TC-DB|I6L8P4|2.A.66.1.33	33.1	420	273	4	14	429	18	433	7.9e-51	198.0
BCW-200057_02195	gnl|TC-DB|P0A5Z2|3.A.5.2.2	58.2	445	178	3	1	441	1	441	1.5e-138	489.2
BCW-200057_02211	gnl|TC-DB|Q1M607|3.A.3.7.2	47.9	194	90	4	7	199	2	185	1.7e-36	149.1
BCW-200057_02212	gnl|TC-DB|Q1M606|3.A.3.7.2	65.4	526	171	5	1	521	164	683	6.2e-171	597.0
BCW-200057_02222	gnl|TC-DB|E1IBA4|3.A.1.144.4	33.8	305	192	3	6	302	2	304	3.8e-38	155.2
BCW-200057_02227	gnl|TC-DB|Q8KN17|3.A.1.1.33	43.8	276	153	2	6	280	3	277	1.6e-56	216.1
BCW-200057_02228	gnl|TC-DB|P0AFR7|3.A.1.1.46	31.2	269	176	3	37	305	20	279	6.9e-32	134.4
BCW-200057_02241	gnl|TC-DB|P07821|3.A.1.14.3	29.0	241	168	2	3	243	14	251	4.5e-21	98.2
BCW-200057_02246	gnl|TC-DB|P77735|8.A.5.1.6	48.5	324	155	4	6	323	6	323	8.7e-83	303.5
BCW-200057_02294	gnl|TC-DB|P75798|3.A.1.5.11	33.9	313	198	1	1	313	1	304	2.1e-44	176.0
BCW-200057_02295	gnl|TC-DB|P42063|3.A.1.5.20	38.1	260	158	2	28	284	40	299	1.6e-38	156.4
BCW-200057_02296	gnl|TC-DB|W0WJ90|3.A.1.5.39	47.2	254	127	5	1	248	1	253	2.3e-52	202.2
BCW-200057_02299	gnl|TC-DB|Q72H67|3.A.1.1.25	38.0	271	161	4	29	294	8	276	1.4e-40	163.3
BCW-200057_02300	gnl|TC-DB|Q9WYR1|3.A.1.1.39	33.6	229	147	3	88	314	45	270	4.1e-29	125.2
BCW-200057_02317	gnl|TC-DB|P77737|3.A.1.5.41	34.9	215	133	3	23	235	38	247	7.8e-26	114.0
BCW-200057_02323	gnl|TC-DB|A9BJX0|3.A.3.2.21	33.1	906	560	11	16	898	1	883	1.2e-121	434.1
BCW-200057_02325	gnl|TC-DB|P38045|3.A.1.16.1	40.0	255	145	5	6	255	5	256	1.5e-51	199.5
BCW-200057_02326	gnl|TC-DB|Q55106|3.A.1.16.3	28.5	158	110	3	108	263	120	276	2.4e-12	69.3
BCW-200057_02327	gnl|TC-DB|O85765|3.A.1.17.2	30.0	237	162	2	36	270	20	254	4.4e-22	101.7
BCW-200057_02346	gnl|TC-DB|Q2J9P5|3.A.1.125.3	46.7	240	124	2	11	249	61	297	6.2e-52	200.7
BCW-200057_02354	gnl|TC-DB|H5X1B8|2.A.1.21.21	29.3	372	245	8	21	385	10	370	5.3e-19	92.0
BCW-200057_02357	gnl|TC-DB|P37019|2.A.49.5.1	37.2	355	215	5	24	372	99	451	2.8e-48	189.1
BCW-200057_02382	gnl|TC-DB|Q9KD98|2.A.63.1.2	37.5	509	289	6	1	506	1	483	9.8e-84	307.4
BCW-200057_02383	gnl|TC-DB|Q7AJW0|2.A.63.1.2	42.5	120	60	3	3	121	1	112	3.7e-14	74.7
BCW-200057_02384	gnl|TC-DB|Q52978|2.A.63.1.1	32.5	972	603	14	4	948	31	976	6.0e-111	398.7
BCW-200057_02401	gnl|TC-DB|P65374|2.A.6.5.5	29.7	474	309	7	345	803	252	716	1.8e-39	161.0
BCW-200057_02405	gnl|TC-DB|Q07837|8.A.9.1.2	31.2	493	279	13	16	493	112	559	3.5e-63	239.2
BCW-200057_02406	gnl|TC-DB|Q8RJU8|3.A.1.1.18	31.5	267	174	5	39	300	45	307	2.8e-27	119.0
BCW-200057_02407	gnl|TC-DB|Q00750|3.A.1.1.28	31.8	274	185	2	26	297	13	286	7.0e-34	141.0
BCW-200057_02427	gnl|TC-DB|O06473|2.A.1.32.3	47.9	382	199	0	6	387	11	392	1.6e-81	299.7
BCW-200057_02433	gnl|TC-DB|O34987|2.A.40.7.2	32.5	458	280	6	114	566	4	437	2.1e-47	186.8
BCW-200057_02438	gnl|TC-DB|P38046|3.A.1.16.1	42.3	272	146	6	34	298	7	274	4.1e-50	194.9
BCW-200057_02446	gnl|TC-DB|P07001|3.D.2.1.1	32.7	300	177	4	1	278	1	297	3.5e-32	135.6
BCW-200057_02459	gnl|TC-DB|Q45404|3.A.1.124.2	40.8	211	123	1	4	214	14	222	4.1e-40	161.4
BCW-200057_02468	gnl|TC-DB|F0N2E7|2.A.109.1.2	33.1	329	188	5	4	318	9	319	7.4e-48	187.6
BCW-200057_02485	gnl|TC-DB|Q9HPN8|2.A.49.6.4	25.9	448	290	13	15	423	179	623	5.6e-13	72.0
BCW-200057_02486	gnl|TC-DB|Q7WWQ9|3.A.1.1.20	31.2	285	186	5	35	317	12	288	4.7e-36	148.3
BCW-200057_02487	gnl|TC-DB|Q72H66|3.A.1.1.25	30.1	269	183	2	36	302	14	279	4.4e-28	121.7
BCW-200057_02488	gnl|TC-DB|A4QD95|3.A.1.106.4	36.6	588	358	9	13	594	664	1242	2.8e-90	329.3
BCW-200057_02489	gnl|TC-DB|O53645|3.A.1.106.6	35.9	521	322	6	71	591	59	567	6.7e-68	255.0
BCW-200057_02506	gnl|TC-DB|P76350|2.A.1.6.6	39.1	407	242	4	20	420	20	426	3.6e-71	265.4
BCW-200057_02513	gnl|TC-DB|P65526|2.A.36.3.3	27.4	580	341	14	4	563	16	535	4.0e-38	156.0
BCW-200057_02550	gnl|TC-DB|D1BTK6|9.B.124.1.6	44.1	136	53	3	20	151	6	122	9.2e-22	99.8
BCW-200057_02569	gnl|TC-DB|Q7A3S4|2.A.1.3.61	35.7	484	279	4	28	494	9	477	2.4e-71	266.2
BCW-200057_02570	gnl|TC-DB|Q9KZE5|3.A.1.106.9	44.1	598	308	6	35	617	28	614	1.9e-86	316.6
BCW-200057_02573	gnl|TC-DB|Q9RCF5|3.A.1.14.6	48.0	321	167	0	26	346	30	350	7.0e-70	260.8
BCW-200057_02576	gnl|TC-DB|O68878|3.A.1.14.21	43.2	322	175	3	17	332	6	325	2.3e-57	219.2
BCW-200057_02577	gnl|TC-DB|A8GDS6|3.A.1.14.16	43.8	249	130	4	15	256	16	261	8.4e-44	173.7
BCW-200057_02587	gnl|TC-DB|B2GH49|9.B.160.1.10	42.8	299	163	5	98	393	99	392	1.8e-50	196.4
BCW-200057_02592	gnl|TC-DB|Q45404|3.A.1.124.2	43.9	205	113	1	1	205	14	216	1.2e-44	176.8
BCW-200057_02608	gnl|TC-DB|O53656|2.A.86.1.7	28.4	313	215	3	23	334	34	338	1.7e-15	80.1
BCW-200057_02614	gnl|TC-DB|Q8VRK4|3.A.11.1.3	34.6	257	151	7	96	343	56	304	1.1e-20	97.4
BCW-200057_02621	gnl|TC-DB|P75810|2.A.1.60.2	40.6	261	144	3	2	260	124	375	1.8e-47	186.0
BCW-200057_02626	gnl|TC-DB|O68106|3.A.1.23.8	37.1	229	130	7	35	258	36	255	5.0e-20	94.7
BCW-200057_02628	gnl|TC-DB|Q9XIA9|4.C.1.1.14	25.2	599	379	14	48	598	80	657	7.5e-43	171.8
BCW-200057_02632	gnl|TC-DB|Q8TD19|1.I.1.1.3	25.8	221	158	4	65	281	97	315	1.6e-19	94.4
BCW-200057_02639	gnl|TC-DB|O50455|1.A.35.3.5	41.4	343	179	7	3	333	34	366	4.7e-63	238.0
BCW-200057_02643	gnl|TC-DB|P77735|8.A.5.1.6	34.9	318	182	7	4	307	6	312	4.4e-39	158.3
BCW-200057_02650	gnl|TC-DB|P0A6W3|9.B.146.1.6	36.4	368	190	13	3	363	29	359	1.2e-48	190.3
BCW-200057_02652	gnl|TC-DB|X2BJI2|2.A.103.1.4	36.3	364	229	2	38	400	55	416	8.9e-56	214.2
BCW-200057_02653	gnl|TC-DB|P66791|3.A.5.2.2	46.1	76	41	0	4	79	1	76	1.9e-13	71.2
BCW-200057_02664	gnl|TC-DB|P39760|2.A.38.4.4	33.3	207	137	1	13	218	7	213	4.5e-30	127.9
BCW-200057_02666	gnl|TC-DB|O87953|2.A.38.4.2	31.1	447	283	9	21	462	12	438	1.7e-45	180.3
BCW-200057_02673	gnl|TC-DB|Q9S2Y1|1.A.23.7.1	31.8	355	226	6	15	355	9	361	1.2e-36	150.6
BCW-200057_02674	gnl|TC-DB|Q1M7Q1|3.A.1.11.6	45.2	347	174	5	29	359	6	352	1.8e-71	266.2
BCW-200057_02683	gnl|TC-DB|Q939U6|5.A.1.2.7	34.9	238	135	6	17	241	9	239	2.2e-25	112.5
BCW-200057_02687	gnl|TC-DB|G3IME2|9.B.35.1.2	43.4	113	60	3	2	110	29	141	5.7e-18	86.7
BCW-200057_02708	gnl|TC-DB|P23876|3.A.1.14.2	47.2	326	169	3	21	345	10	333	4.2e-67	251.5
BCW-200057_02709	gnl|TC-DB|Q8GRB3|3.A.1.14.8	31.5	219	139	6	41	252	33	247	1.0e-16	84.0
BCW-200057_02715	gnl|TC-DB|O30541|3.A.1.5.4	46.7	75	40	0	1	75	185	259	4.6e-14	73.2
BCW-200057_02719	gnl|TC-DB|Q9HT68|3.A.1.24.5	28.6	241	166	2	62	302	23	257	5.8e-26	114.8
BCW-200057_02730	gnl|TC-DB|Q47PP1|9.B.169.1.10	36.6	224	118	5	32	233	48	269	5.4e-21	98.2
BCW-200057_02737	gnl|TC-DB|Q83MP3|2.A.103.1.7	48.6	438	217	4	20	455	10	441	1.5e-112	402.9
BCW-200057_02739	gnl|TC-DB|D8HIS0|9.B.106.2.2	35.2	290	156	9	3	260	208	497	2.5e-32	136.7
BCW-200057_02740	gnl|TC-DB|D8HIS0|9.B.106.2.2	36.3	306	163	9	7	288	213	510	3.4e-37	152.9
BCW-200057_02746	gnl|TC-DB|F4K2G0|3.D.1.8.1	44.9	167	63	7	15	177	103	244	1.6e-25	112.5
BCW-200057_02765	gnl|TC-DB|P25714|2.A.9.3.1	27.8	259	133	9	33	291	343	547	1.3e-13	73.9
BCW-200057_02773	gnl|TC-DB|O05435|2.A.66.4.4	29.3	532	355	11	15	533	34	557	1.3e-38	157.5
BCW-200057_02780	gnl|TC-DB|P73329|3.A.1.141.1	34.1	217	134	5	12	220	28	243	1.4e-26	116.7
BCW-200057_02796	gnl|TC-DB|Q6ADZ6|4.F.1.1.7	61.5	182	70	0	7	188	6	187	1.7e-57	218.8
BCW-200057_02806	gnl|TC-DB|O31711|3.A.1.122.2	49.5	218	109	1	21	237	1	218	8.9e-56	213.4
BCW-200057_02830	gnl|TC-DB|P80874|8.A.5.1.4	39.6	144	80	3	31	174	32	168	2.3e-21	99.4
BCW-200057_02835	gnl|TC-DB|P0AFU2|2.A.47.4.8	35.9	184	118	0	252	435	427	610	3.2e-27	119.4
BCW-200057_02838	gnl|TC-DB|O34738|3.A.1.30.1	33.9	189	117	2	19	204	4	187	5.9e-19	90.9
BCW-200057_02843	gnl|TC-DB|P27844|2.A.7.7.2	34.9	295	190	1	8	302	4	296	1.9e-42	169.5
BCW-200057_02861	gnl|TC-DB|O53689|3.A.24.3.1	34.6	1370	766	37	6	1316	11	1309	4.6e-178	622.1
BCW-200057_02872	gnl|TC-DB|P75797|3.A.1.5.11	26.0	377	238	9	48	405	30	384	8.5e-19	91.7
BCW-200057_02882	gnl|TC-DB|P54428|9.A.40.2.1	26.7	431	299	8	7	423	4	431	9.4e-40	161.0
BCW-200057_02914	gnl|TC-DB|P77610|2.A.3.1.24	56.9	494	202	3	4	497	5	487	6.4e-149	523.9
BCW-200057_02918	gnl|TC-DB|K6W5C2|9.B.142.2.5	35.6	680	369	17	14	634	24	693	5.1e-50	195.7
BCW-200057_02922	gnl|TC-DB|Q8NLV8|2.A.1.81.3	47.6	143	75	0	3	145	219	361	3.5e-28	121.3
BCW-200057_02933	gnl|TC-DB|Q50635|3.A.5.2.2	35.8	327	188	7	11	322	51	370	8.7e-46	180.6
BCW-200057_02934	gnl|TC-DB|Q50634|3.A.5.2.2	34.5	580	292	9	24	538	16	572	8.1e-71	264.6
BCW-200057_02950	gnl|TC-DB|B8GAD2|2.A.59.2.2	42.8	276	151	3	3	275	37	308	7.4e-25	110.9
BCW-200057_02962	gnl|TC-DB|Q2JF02|9.B.98.1.3	35.2	324	205	3	1	319	1	324	1.8e-43	172.9
BCW-200057_02973	gnl|TC-DB|D3LPG3|2.A.86.1.6	37.1	224	136	3	3	225	11	230	1.1e-34	143.7
BCW-200057_02994	gnl|TC-DB|O32182|2.A.1.3.33	29.3	423	289	6	10	427	14	431	3.3e-46	182.6
BCW-200057_03003	gnl|TC-DB|P0ABJ9|3.D.4.3.2	33.3	510	281	7	4	461	2	504	3.4e-75	278.9
BCW-200057_03004	gnl|TC-DB|P0ABK2|3.D.4.3.2	38.7	367	193	4	3	337	7	373	4.3e-64	241.5
BCW-200057_03009	gnl|TC-DB|D6ZUW6|3.A.1.122.16	41.9	217	119	2	2	213	17	231	2.3e-34	142.1
BCW-200057_03026	gnl|TC-DB|P23877|3.A.1.14.2	58.7	92	37	1	6	96	239	330	1.9e-17	84.7
BCW-200057_03068	gnl|TC-DB|P07001|3.D.2.1.1	47.9	307	157	3	1	305	204	509	8.1e-62	233.8
BCW-200057_03069	gnl|TC-DB|P0AB67|3.D.2.1.1	63.6	464	154	4	9	466	8	462	8.0e-154	540.0
BCW-200057_03073	gnl|TC-DB|F0N2E7|2.A.109.1.2	35.4	333	187	3	2	324	6	320	3.0e-46	182.2
BCW-200057_03077	gnl|TC-DB|Q8R706|2.A.3.3.22	44.4	484	235	2	3	478	9	466	4.5e-110	394.8
BCW-200057_03081	gnl|TC-DB|Q9S215|3.A.1.14.22	56.4	264	115	0	6	269	21	284	1.3e-82	302.8
BCW-200057_03088	gnl|TC-DB|D3Q871|2.A.1.21.11	30.5	410	274	3	6	412	15	416	5.2e-35	145.2
BCW-200057_03108	gnl|TC-DB|Q03030|3.B.1.1.1	31.8	584	343	10	22	584	41	590	1.7e-63	240.4
BCW-200057_03109	gnl|TC-DB|O69740|3.A.24.1.1	38.6	267	160	3	211	475	390	654	2.8e-40	162.9
BCW-200057_03121	gnl|TC-DB|Q79VF1|1.A.11.1.3	44.5	429	201	7	3	402	10	430	4.6e-89	324.7
BCW-200057_03123	gnl|TC-DB|A0LFK9|9.B.102.4.1	32.5	280	166	9	21	290	379	645	2.0e-28	122.9
BCW-200057_03134	gnl|TC-DB|A8H4W6|3.A.1.2.15	36.6	290	175	2	50	330	56	345	4.3e-37	151.8
BCW-200057_03135	gnl|TC-DB|P04983|3.A.1.2.1	42.6	188	97	3	2	184	313	494	2.1e-36	148.7
BCW-200057_03139	gnl|TC-DB|Q0S1N2|4.A.2.1.13	61.3	475	169	4	1	475	223	682	5.2e-119	424.5
BCW-200057_03141	gnl|TC-DB|Q9UEF7|8.A.49.1.1	27.5	483	290	14	7	467	61	505	2.7e-40	162.9
BCW-200057_03143	gnl|TC-DB|O30085|3.A.3.5.10	44.8	630	340	6	3	630	67	690	8.1e-128	454.1
BCW-200057_03165	gnl|TC-DB|B0SUU5|2.A.19.8.1	48.0	369	173	5	3	365	9	364	1.0e-83	307.0
BCW-200057_03178	gnl|TC-DB|Q9FBS7|3.A.1.1.42	30.7	283	186	3	2	275	21	302	5.2e-28	121.3
BCW-200057_03179	gnl|TC-DB|Q8RJU9|3.A.1.1.18	31.7	284	176	7	44	310	20	302	2.1e-33	139.4
BCW-200057_03195	gnl|TC-DB|Q55471|3.A.1.1.32	33.7	418	256	8	30	441	17	419	1.2e-61	233.8
BCW-200057_03196	gnl|TC-DB|Q55472|3.A.1.1.32	47.1	280	145	2	167	444	1	279	1.7e-68	256.5
BCW-200057_03197	gnl|TC-DB|Q55473|3.A.1.1.32	51.1	280	112	4	50	323	37	297	9.7e-74	273.5
BCW-200057_03198	gnl|TC-DB|Q9KXM5|3.A.3.23.1	44.5	771	394	10	11	767	17	767	1.6e-160	563.1
BCW-200057_03202	gnl|TC-DB|I7FD23|2.A.1.2.97	33.1	402	254	4	44	440	9	400	2.8e-47	186.0
BCW-200057_03222	gnl|TC-DB|P39886|2.A.1.3.12	29.0	411	273	9	21	426	17	413	5.8e-33	138.7
BCW-200057_03228	gnl|TC-DB|Q8G848|3.A.1.2.23	53.7	287	122	6	48	329	38	318	3.3e-72	268.5
BCW-200057_03237	gnl|TC-DB|M5B8T3|2.A.102.6.1	41.2	228	132	1	10	235	6	233	9.4e-43	170.2
BCW-200057_03251	gnl|TC-DB|Q9UEF7|8.A.49.1.1	32.1	495	262	15	15	479	61	511	1.5e-59	226.9
BCW-200057_03255	gnl|TC-DB|Q7UHP7|9.A.47.2.1	36.1	374	230	5	90	455	31	403	2.3e-55	213.0
BCW-200057_03259	gnl|TC-DB|P0ABP6|9.B.27.2.3	38.6	189	106	2	15	203	21	199	1.5e-31	132.9
BCW-200057_03262	gnl|TC-DB|P13512|2.A.4.1.1	43.1	304	159	4	2	303	7	298	5.0e-56	214.5
BCW-200057_03270	gnl|TC-DB|C1A6K8|3.A.1.147.1	40.5	237	137	1	158	390	2	238	1.4e-48	190.3
BCW-200057_03277	gnl|TC-DB|O31711|3.A.1.122.2	44.9	216	119	0	16	231	3	218	3.0e-48	188.3
BCW-200057_03287	gnl|TC-DB|Q6SJ76|2.A.7.3.67	42.6	270	155	0	9	278	8	277	2.6e-52	202.2
BCW-200057_03312	gnl|TC-DB|P58300|3.A.1.1.16	20.3	389	258	12	51	418	58	415	9.9e-13	71.2
BCW-200057_03313	gnl|TC-DB|Q93J93|3.A.1.1.36	37.7	289	169	8	6	290	32	313	1.9e-39	159.5
BCW-200057_03314	gnl|TC-DB|Q93J92|3.A.1.1.36	36.0	261	166	1	14	274	37	296	3.3e-38	155.2
BCW-200057_03319	gnl|TC-DB|P25548|3.A.1.2.5	50.6	362	159	4	5	365	7	349	1.1e-92	336.7
BCW-200057_03322	gnl|TC-DB|O52557|2.A.1.3.15	33.3	418	267	9	17	425	10	424	5.5e-38	155.2
BCW-200057_03344	gnl|TC-DB|P48243|3.A.1.3.9	76.0	242	58	0	21	262	1	242	3.1e-102	367.9
BCW-200057_03349	gnl|TC-DB|Q5KYD1|2.A.17.1.7	44.2	480	260	5	13	485	18	496	1.2e-104	376.7
BCW-200057_03357	gnl|TC-DB|A0JSP2|9.B.74.1.2	41.3	235	131	2	3	234	446	676	8.2e-38	153.7
BCW-200057_03364	gnl|TC-DB|Q2J9P5|3.A.1.125.3	55.5	247	105	2	11	255	58	301	3.1e-67	251.5
BCW-200057_03371	gnl|TC-DB|A7NH43|3.A.1.17.8	30.7	192	119	4	91	280	81	260	9.7e-12	67.4
BCW-200057_03372	gnl|TC-DB|O05347|3.A.1.16.2	46.5	243	124	4	24	263	46	285	5.9e-45	177.6
BCW-200057_03374	gnl|TC-DB|A7NH44|3.A.1.17.8	26.7	363	225	13	5	361	1	328	4.8e-19	92.0
BCW-200057_03391	gnl|TC-DB|P69451|4.C.1.1.4	36.8	571	326	10	16	570	5	556	3.0e-94	342.4
BCW-200057_03395	gnl|TC-DB|C6GYU4|2.A.76.1.9	47.4	211	107	1	7	213	1	211	7.7e-43	170.2
BCW-200057_03398	gnl|TC-DB|A4FP84|2.A.7.3.11	39.0	287	163	5	25	306	15	294	1.3e-38	156.8
BCW-200057_03399	gnl|TC-DB|P24077|2.A.1.38.1	26.0	411	280	7	7	414	7	396	2.2e-12	70.1
BCW-200057_03413	gnl|TC-DB|P75797|3.A.1.5.11	27.3	488	299	15	31	480	27	496	9.5e-36	147.9
BCW-200057_03414	gnl|TC-DB|P69451|4.C.1.1.4	30.5	512	321	11	25	504	43	551	3.0e-53	206.1
BCW-200057_03421	gnl|TC-DB|P76242|2.A.1.17.3	35.6	390	236	6	19	403	13	392	1.4e-53	206.8
