BCW-200051_00011	gnl|TC-DB|Q9CDF7|2.A.7.5.3	99.7	295	1	0	1	295	1	295	1.2e-160	562.0
BCW-200051_00019	gnl|TC-DB|Q7A3X3|3.A.1.122.4	47.1	221	113	2	3	220	2	221	4.0e-50	194.5
BCW-200051_00045	gnl|TC-DB|Q42524|4.C.1.1.7	28.5	431	257	15	66	450	129	554	2.5e-35	146.4
BCW-200051_00054	gnl|TC-DB|Q8PUP5|9.B.143.2.3	27.2	180	129	2	7	186	21	198	1.0e-13	73.6
BCW-200051_00056	gnl|TC-DB|Q03RZ6|3.A.1.122.13	44.6	673	358	7	1	664	1	667	2.6e-137	485.7
BCW-200051_00065	gnl|TC-DB|Q9AET6|3.A.5.10.1	41.6	802	440	10	2	789	6	793	3.9e-161	565.1
BCW-200051_00066	gnl|TC-DB|P0AGA2|3.A.5.1.1	24.5	375	252	8	6	353	18	388	1.2e-20	97.4
BCW-200051_00068	gnl|TC-DB|Q9AET8|3.A.5.10.1	31.8	490	308	11	31	512	37	508	5.1e-64	241.9
BCW-200051_00084	gnl|TC-DB|A9BJX0|3.A.3.2.21	38.7	905	508	13	5	888	4	882	1.7e-160	563.1
BCW-200051_00097	gnl|TC-DB|C2UR80|2.A.1.46.5	29.6	405	267	6	1	405	14	400	1.3e-35	147.1
BCW-200051_00112	gnl|TC-DB|M2X4H1|2.A.102.4.9	28.0	271	164	4	11	275	72	317	1.9e-12	69.7
BCW-200051_00138	gnl|TC-DB|K7VV21|2.A.3.1.18	98.4	488	8	0	1	488	1	488	1.3e-258	888.3
BCW-200051_00141	gnl|TC-DB|Q5G3M3|3.A.7.19.1	56.6	166	56	3	1	166	1	150	6.6e-42	166.8
BCW-200051_00148	gnl|TC-DB|P12012|2.A.8.1.1	50.8	421	186	2	50	470	49	448	2.8e-106	382.1
BCW-200051_00158	gnl|TC-DB|P43672|3.A.1.120.6	34.4	518	327	8	12	520	12	525	2.3e-79	293.1
BCW-200051_00177	gnl|TC-DB|Q6MMK1|2.A.6.6.11	36.9	406	236	9	1	394	15	412	1.3e-62	236.9
BCW-200051_00182	gnl|TC-DB|Q4QLL1|4.B.1.1.2	29.5	210	136	4	32	239	19	218	6.0e-15	77.8
BCW-200051_00187	gnl|TC-DB|Q9CJ32|4.A.3.2.4	27.6	489	284	9	12	438	12	492	5.5e-43	171.8
BCW-200051_00189	gnl|TC-DB|A2BS89|2.A.123.2.2	46.1	76	41	0	3	78	5	80	3.5e-12	67.0
BCW-200051_00193	gnl|TC-DB|P46317|4.A.3.2.2	36.2	439	262	7	1	425	1	435	5.6e-69	258.1
BCW-200051_00199	gnl|TC-DB|O32182|2.A.1.3.33	30.2	401	277	3	1	399	20	419	6.6e-47	184.9
BCW-200051_00223	gnl|TC-DB|Q8KUK6|2.A.66.2.16	38.3	459	283	0	1	459	1	459	1.2e-83	307.0
BCW-200051_00230	gnl|TC-DB|P75905|4.D.1.1.3	29.3	150	101	3	6	151	75	223	5.7e-13	71.6
BCW-200051_00238	gnl|TC-DB|P72884|3.A.1.103.5	35.1	336	180	7	1	305	1	329	2.2e-51	199.5
BCW-200051_00254	gnl|TC-DB|Q7MV19|9.A.8.1.6	36.0	739	381	19	4	674	129	843	4.1e-117	418.7
BCW-200051_00264	gnl|TC-DB|Q9UEF7|8.A.49.1.1	30.8	494	264	15	9	474	61	504	1.8e-55	213.4
BCW-200051_00267	gnl|TC-DB|Q9CJ32|4.A.3.2.4	99.8	494	1	0	1	494	1	494	2.6e-275	943.7
BCW-200051_00274	gnl|TC-DB|Q58119|2.A.66.1.26	25.2	385	264	8	13	384	15	388	4.0e-17	85.9
BCW-200051_00299	gnl|TC-DB|K8ZBV5|1.A.78.2.8	27.9	179	111	2	1	161	1	179	6.0e-12	67.4
BCW-200051_00303	gnl|TC-DB|P76187|8.A.5.1.7	32.0	300	173	5	10	298	13	292	2.0e-36	149.4
BCW-200051_00306	gnl|TC-DB|Q01625|2.A.9.3.2	31.7	243	161	3	1	238	3	245	2.2e-31	132.5
BCW-200051_00309	gnl|TC-DB|P25744|2.A.1.2.20	46.3	382	205	0	4	385	11	392	9.1e-90	327.0
BCW-200051_00313	gnl|TC-DB|P39843|2.A.1.2.8	46.7	390	201	3	1	383	5	394	1.2e-89	326.6
BCW-200051_00314	gnl|TC-DB|P69937|2.A.7.1.4	46.2	104	56	0	1	104	1	104	3.7e-22	100.5
BCW-200051_00319	gnl|TC-DB|P08839|8.A.7.1.1	48.3	572	290	5	4	573	1	568	3.4e-146	515.0
BCW-200051_00322	gnl|TC-DB|Q6MR29|3.A.5.1.3	46.5	821	388	9	14	804	16	815	2.8e-208	721.8
BCW-200051_00326	gnl|TC-DB|s6ex81|2.A.3.3.23	100.0	469	0	0	1	469	1	469	1.7e-260	894.4
BCW-200051_00330	gnl|TC-DB|Q55487|4.D.2.1.9	42.9	303	171	2	3	304	4	305	1.7e-62	236.1
BCW-200051_00337	gnl|TC-DB|Q83XH1|3.A.1.121.4	29.8	503	343	5	3	500	1	498	1.3e-59	227.3
BCW-200051_00342	gnl|TC-DB|Q830Z1|3.A.3.25.3	51.3	598	285	3	1	592	1	598	4.6e-162	567.8
BCW-200051_00358	gnl|TC-DB|Q83XH1|3.A.1.121.4	57.6	538	221	3	1	538	1	531	7.6e-180	626.7
BCW-200051_00361	gnl|TC-DB|Q1DDV1|2.A.3.3.18	25.4	335	230	8	7	330	1	326	1.1e-11	67.8
BCW-200051_00371	gnl|TC-DB|Q5TLL2|3.A.1.111.4	42.0	162	87	3	349	504	496	656	2.3e-24	110.2
BCW-200051_00378	gnl|TC-DB|A1JRS3|2.A.53.3.9	29.3	570	357	12	2	538	9	565	8.1e-49	191.4
BCW-200051_00382	gnl|TC-DB|Q9KKQ7|4.A.2.1.12	39.0	136	82	1	2	137	505	639	1.3e-25	112.5
BCW-200051_00384	gnl|TC-DB|P42956|4.A.2.1.5	51.5	485	212	5	7	487	11	476	9.8e-128	453.8
BCW-200051_00393	gnl|TC-DB|P25694|3.A.16.1.2	42.4	250	136	4	181	429	202	444	5.5e-50	195.7
BCW-200051_00403	gnl|TC-DB|P75831|3.A.1.122.1	38.0	213	128	1	1	209	4	216	1.6e-37	152.5
BCW-200051_00424	gnl|TC-DB|Q15HU6|3.A.7.14.2	33.1	175	101	4	29	193	48	216	4.5e-19	92.0
BCW-200051_00426	gnl|TC-DB|Q64K09|3.A.1.5.25	46.4	554	285	3	1	547	1	549	1.1e-138	490.0
BCW-200051_00427	gnl|TC-DB|Q15HU6|3.A.7.14.2	42.5	146	71	4	147	292	201	333	2.1e-19	92.8
BCW-200051_00432	gnl|TC-DB|Q7AKK4|3.A.1.105.14	29.9	231	152	4	1	224	10	237	5.9e-24	107.8
BCW-200051_00441	gnl|TC-DB|P54176|1.C.113.1.1	46.1	217	113	2	1	216	1	214	3.7e-45	177.9
BCW-200051_00463	gnl|TC-DB|P05306|4.A.1.2.9	29.5	499	290	11	3	493	2	446	8.6e-48	188.0
BCW-200051_00464	gnl|TC-DB|Q8DS05|4.A.1.1.11	46.6	133	69	1	22	152	589	721	2.9e-26	114.8
BCW-200051_00470	gnl|TC-DB|Q8DT25|3.A.1.1.27	73.7	376	99	0	1	376	1	376	4.8e-165	577.0
BCW-200051_00475	gnl|TC-DB|Q9UEF7|8.A.49.1.1	28.3	491	290	17	2	475	60	505	1.6e-40	163.7
BCW-200051_00476	gnl|TC-DB|P46317|4.A.3.2.2	35.2	443	273	5	1	438	4	437	2.7e-66	249.2
BCW-200051_00478	gnl|TC-DB|Q9CIE9|4.A.3.2.4	100.0	116	0	0	1	116	1	116	4.9e-60	226.5
BCW-200051_00479	gnl|TC-DB|Q9CIF0|4.A.3.2.4	100.0	108	0	0	1	108	1	108	2.2e-54	207.6
BCW-200051_00482	gnl|TC-DB|P38919|3.A.18.1.1	33.4	341	220	4	21	358	58	394	1.8e-54	209.9
BCW-200051_00483	gnl|TC-DB|I6PJK1|2.A.114.1.7	48.5	776	374	8	10	779	3	758	5.6e-200	694.1
BCW-200051_00496	gnl|TC-DB|Q9HV74|2.A.21.9.1	28.1	270	150	9	209	458	729	974	2.0e-19	93.6
BCW-200051_00500	gnl|TC-DB|Q5G3M3|3.A.7.19.1	46.7	105	56	0	1	105	2	106	3.1e-23	104.4
BCW-200051_00509	gnl|TC-DB|P32703|2.A.36.3.1	33.1	423	256	12	2	403	1	417	4.9e-43	172.6
BCW-200051_00512	gnl|TC-DB|P76269|2.A.1.3.17	30.4	424	283	5	1	422	11	424	1.2e-45	180.6
BCW-200051_00522	gnl|TC-DB|K7WL41|2.A.3.1.19	98.5	477	7	0	1	477	1	477	2.2e-268	920.6
BCW-200051_00532	gnl|TC-DB|F2HQ25|2.A.3.1.21	99.6	459	2	0	1	459	1	459	4.8e-260	892.9
BCW-200051_00533	gnl|TC-DB|F2HQ24|2.A.3.1.20	100.0	457	0	0	1	457	1	457	5.7e-253	869.4
BCW-200051_00538	gnl|TC-DB|P38919|3.A.18.1.1	40.3	325	193	1	3	326	40	364	5.5e-69	258.5
BCW-200051_00540	gnl|TC-DB|Q9CIK8|3.A.1.5.25	100.0	313	0	0	1	313	1	313	3.5e-177	617.1
BCW-200051_00541	gnl|TC-DB|Q9CIK9|3.A.1.5.25	100.0	349	0	0	1	349	1	349	7.0e-203	702.6
BCW-200051_00542	gnl|TC-DB|Q9CIL0|3.A.1.5.25	100.0	343	0	0	1	343	1	343	3.1e-171	597.4
BCW-200051_00543	gnl|TC-DB|Q9CIL1|3.A.1.5.25	100.0	303	0	0	1	303	1	303	2.2e-160	561.2
BCW-200051_00544	gnl|TC-DB|Q9CIL2|3.A.1.5.25	99.6	545	2	0	1	545	1	545	2.1e-307	1050.4
BCW-200051_00545	gnl|TC-DB|Q64K09|3.A.1.5.25	96.2	550	21	0	1	550	1	550	1.1e-306	1048.1
BCW-200051_00555	gnl|TC-DB|P80874|8.A.5.1.4	29.8	319	157	14	7	266	11	321	4.0e-20	95.1
BCW-200051_00556	gnl|TC-DB|P77389|2.A.1.2.65	37.3	381	231	4	10	389	7	380	9.4e-55	210.7
BCW-200051_00558	gnl|TC-DB|Q93PN3|3.A.1.14.7	26.8	257	168	10	42	290	38	282	3.6e-17	85.5
BCW-200051_00559	gnl|TC-DB|Q9L179|3.A.1.14.12	31.6	272	181	2	38	309	423	689	9.8e-31	130.6
BCW-200051_00560	gnl|TC-DB|P06972|3.A.1.14.3	31.4	271	185	1	47	316	390	660	5.8e-31	131.3
BCW-200051_00561	gnl|TC-DB|Q9X665|3.A.1.14.7	45.7	247	131	3	1	245	11	256	5.6e-53	204.1
BCW-200051_00563	gnl|TC-DB|Q74I61|3.A.1.29.1	53.2	158	70	1	3	156	2	159	2.0e-40	162.5
BCW-200051_00564	gnl|TC-DB|Q74I62|3.A.1.29.1	49.5	566	275	6	2	559	3	565	2.7e-148	521.9
BCW-200051_00565	gnl|TC-DB|Q74I63|3.A.1.29.1	50.8	181	89	0	2	182	5	185	7.4e-47	183.3
BCW-200051_00566	gnl|TC-DB|Q8K8K7|3.A.1.24.3	46.3	231	123	1	1	231	1	230	2.2e-51	198.7
BCW-200051_00567	gnl|TC-DB|Q04MS6|3.A.1.24.6	52.9	361	158	2	4	364	5	353	1.7e-103	372.5
BCW-200051_00568	gnl|TC-DB|Q04MS8|3.A.1.24.6	45.2	279	141	5	13	282	9	284	1.1e-57	219.9
BCW-200051_00569	gnl|TC-DB|Q8K8K9|3.A.1.24.3	38.9	283	150	7	10	282	12	281	2.6e-46	182.2
BCW-200051_00570	gnl|TC-DB|Q8K8K9|3.A.1.24.3	53.7	242	101	3	39	270	31	271	2.1e-64	242.3
BCW-200051_00571	gnl|TC-DB|Q8K8K9|3.A.1.24.3	50.6	249	112	3	32	270	24	271	1.2e-59	226.5
BCW-200051_00572	gnl|TC-DB|A2RI47|2.A.88.3.2	87.9	182	22	0	1	182	1	182	5.1e-80	293.5
BCW-200051_00574	gnl|TC-DB|A2SPQ3|3.A.1.25.3	35.4	158	96	4	13	169	15	167	1.7e-11	65.9
BCW-200051_00576	gnl|TC-DB|P33116|3.A.1.111.2	30.8	490	318	8	97	570	108	592	1.8e-59	226.9
BCW-200051_00581	gnl|TC-DB|Q9CIP5|3.A.1.135.1	100.0	664	0	0	1	664	1	664	0.0e+00	1230.7
BCW-200051_00582	gnl|TC-DB|Q9CIP6|3.A.1.135.1	98.8	573	7	0	7	579	1	573	2.3e-304	1040.4
BCW-200051_00584	gnl|TC-DB|Q97PQ1|2.A.4.7.6	49.2	417	185	3	5	421	4	393	1.2e-103	373.2
BCW-200051_00586	gnl|TC-DB|B2YGG2|2.A.1.2.41	36.8	383	238	3	12	391	20	401	2.7e-57	219.2
BCW-200051_00591	gnl|TC-DB|A0QQ68|3.A.1.9.2	38.5	192	117	1	76	266	80	271	8.7e-28	120.6
BCW-200051_00593	gnl|TC-DB|A0QQ70|3.A.1.9.2	41.3	230	135	0	15	244	23	252	3.6e-44	174.9
BCW-200051_00616	gnl|TC-DB|A2RI03|3.A.1.25.4	98.9	266	3	0	1	266	1	266	2.4e-139	491.1
BCW-200051_00617	gnl|TC-DB|Q5M244|3.A.1.25.6	65.9	276	93	1	2	277	3	277	1.3e-101	365.9
BCW-200051_00618	gnl|TC-DB|A2RI01|3.A.1.25.4	97.5	276	7	0	1	276	1	276	3.9e-148	520.4
BCW-200051_00624	gnl|TC-DB|Q15HU6|3.A.7.14.2	36.4	173	95	6	49	214	29	193	1.3e-15	80.9
BCW-200051_00628	gnl|TC-DB|P80874|8.A.5.1.4	27.4	314	167	10	6	266	4	309	1.8e-20	96.3
BCW-200051_00634	gnl|TC-DB|Q9WYC4|3.A.1.135.5	40.0	598	326	4	29	623	24	591	5.0e-119	424.9
BCW-200051_00635	gnl|TC-DB|Q9WYC3|3.A.1.135.5	36.6	587	348	4	7	590	6	571	7.4e-99	357.8
BCW-200051_00643	gnl|TC-DB|Q3Z8A8|3.A.1.105.6	40.1	232	135	3	5	233	6	236	6.1e-44	174.1
BCW-200051_00646	gnl|TC-DB|D7V8E7|1.A.8.2.6	51.9	231	111	0	1	231	6	236	1.0e-67	253.1
BCW-200051_00671	gnl|TC-DB|Q9UEF7|8.A.49.1.1	27.3	490	296	14	2	475	60	505	1.1e-41	167.5
BCW-200051_00672	gnl|TC-DB|Q9KJ80|4.A.1.2.6	45.4	645	322	9	4	624	5	643	6.7e-143	504.2
BCW-200051_00685	gnl|TC-DB|Q9P6J2|2.A.89.3.8	26.5	215	158	0	11	225	17	231	2.5e-12	68.9
BCW-200051_00686	gnl|TC-DB|E1H0W3|2.A.89.3.2	40.0	220	132	0	5	224	9	228	5.0e-32	134.4
BCW-200051_00688	gnl|TC-DB|P31437|2.A.7.3.12	33.8	293	190	2	5	295	6	296	2.5e-36	149.1
BCW-200051_00693	gnl|TC-DB|A3CLT2|1.A.35.3.4	24.1	286	206	6	9	289	13	292	4.7e-14	75.1
BCW-200051_00694	gnl|TC-DB|Q2G140|2.A.66.1.13	38.0	440	270	2	3	442	2	438	7.1e-78	287.7
BCW-200051_00695	gnl|TC-DB|Q6D188|2.A.2.5.2	25.2	551	348	9	25	574	6	493	4.5e-45	179.1
BCW-200051_00700	gnl|TC-DB|E0SUV5|9.B.28.1.11	29.7	202	140	1	2	201	1	202	1.2e-18	89.7
BCW-200051_00702	gnl|TC-DB|Q07837|8.A.9.1.2	29.9	531	283	13	3	487	116	603	2.7e-65	246.1
BCW-200051_00705	gnl|TC-DB|Q09LY6|3.A.1.1.9	34.7	291	175	6	21	306	16	296	1.3e-35	146.7
BCW-200051_00706	gnl|TC-DB|Q9KWT8|3.A.1.1.10	31.0	303	201	3	1	303	24	318	9.7e-39	157.1
BCW-200051_00712	gnl|TC-DB|O52733|2.A.1.1.41	64.7	448	151	4	1	447	1	442	4.5e-157	550.8
BCW-200051_00715	gnl|TC-DB|P94488|2.A.2.3.2	35.7	471	272	10	15	482	8	450	7.8e-67	251.1
BCW-200051_00724	gnl|TC-DB|O35018|2.A.1.3.30	26.9	461	327	4	11	461	14	474	3.5e-48	189.1
BCW-200051_00730	gnl|TC-DB|Q9WYC4|3.A.1.135.5	23.5	532	376	11	1	510	28	550	5.2e-24	109.0
BCW-200051_00733	gnl|TC-DB|Q9FI56|3.A.9.1.2	42.5	870	410	10	4	851	96	897	9.3e-188	653.7
BCW-200051_00747	gnl|TC-DB|Q7A3S4|2.A.1.3.61	30.0	410	277	2	22	424	10	416	2.3e-44	176.4
BCW-200051_00751	gnl|TC-DB|Q93A34|3.A.1.12.8	56.9	503	214	3	1	500	1	503	2.5e-153	538.5
BCW-200051_00752	gnl|TC-DB|Q93A35|3.A.1.12.8	58.6	237	96	1	1	235	1	237	9.8e-76	280.0
BCW-200051_00771	gnl|TC-DB|I6TRN5|2.A.122.1.4	60.4	230	91	0	1	230	1	230	6.5e-72	266.9
BCW-200051_00772	gnl|TC-DB|I6T8M5|1.E.14.1.15	50.0	118	59	0	1	118	1	118	2.4e-26	114.8
BCW-200051_00794	gnl|TC-DB|B9LBX9|2.A.53.3.4	40.2	82	48	1	10	90	610	691	1.2e-11	65.5
BCW-200051_00805	gnl|TC-DB|A2RM05|2.A.88.9.1	98.2	169	3	0	1	169	1	169	5.2e-87	316.6
BCW-200051_00816	gnl|TC-DB|C7TAQ3|9.B.141.1.3	32.9	347	221	4	9	354	6	341	3.4e-38	155.6
BCW-200051_00817	gnl|TC-DB|H3P2R4|9.B.141.1.2	34.0	215	142	0	21	235	21	235	8.0e-31	130.6
BCW-200051_00818	gnl|TC-DB|F2HN33|2.A.3.1.22	46.2	448	230	5	1	438	1	447	2.2e-100	362.5
BCW-200051_00821	gnl|TC-DB|P10121|3.A.5.1.1	44.8	299	162	2	157	455	198	493	2.7e-69	259.2
BCW-200051_00826	gnl|TC-DB|P46317|4.A.3.2.2	30.0	477	292	7	1	472	4	443	1.2e-53	207.2
BCW-200051_00827	gnl|TC-DB|Q86Z14|8.A.49.1.2	27.4	467	275	13	6	449	82	507	5.2e-41	165.2
BCW-200051_00836	gnl|TC-DB|P32113|3.A.3.5.1	45.3	741	361	8	2	717	6	727	1.2e-159	560.1
BCW-200051_00838	gnl|TC-DB|A4VYG6|9.B.144.1.5	41.0	870	486	10	2	868	3	848	4.9e-176	614.8
BCW-200051_00843	gnl|TC-DB|Q4QLL1|4.B.1.1.2	27.5	204	136	4	1	193	1	203	2.1e-17	85.9
BCW-200051_00853	gnl|TC-DB|O32095|2.A.86.1.8	35.7	345	216	4	5	348	4	343	3.0e-50	195.7
BCW-200051_00854	gnl|TC-DB|P54428|9.A.40.2.1	31.4	392	258	5	13	393	4	395	9.3e-51	197.6
BCW-200051_00859	gnl|TC-DB|P39282|2.A.3.7.5	45.1	510	244	10	4	502	3	487	8.8e-114	407.1
BCW-200051_00860	gnl|TC-DB|Q5EAK4|2.A.16.2.2	28.7	362	212	11	3	336	1367	1710	7.3e-27	118.6
BCW-200051_00864	gnl|TC-DB|Q00758|2.A.66.2.14	28.9	211	140	5	21	230	2	203	5.3e-11	65.9
BCW-200051_00872	gnl|TC-DB|P73544|3.A.1.3.12	43.4	212	114	3	2	212	299	505	2.4e-34	142.1
BCW-200051_00873	gnl|TC-DB|Q9CES4|3.A.1.3.25	64.4	239	85	0	6	244	7	245	2.7e-84	308.1
BCW-200051_00875	gnl|TC-DB|R6S968|9.B.146.1.4	24.8	330	215	9	27	341	20	331	3.2e-11	66.2
BCW-200051_00876	gnl|TC-DB|B1W1L9|3.A.1.5.37	28.0	243	146	8	4	227	8	240	1.5e-16	83.2
BCW-200051_00886	gnl|TC-DB|Q932J9|3.A.7.17.1	30.7	1493	937	28	62	1528	55	1476	4.3e-204	708.8
BCW-200051_00899	gnl|TC-DB|A2RMJ9|3.A.1.25.4	92.6	189	14	0	1	189	1	189	3.8e-94	340.5
BCW-200051_00902	gnl|TC-DB|K4IPL7|2.A.45.2.6	26.7	389	252	7	24	387	12	392	1.5e-23	107.1
BCW-200051_00905	gnl|TC-DB|C9XJX0|3.A.1.147.6	30.9	230	156	1	3	229	23	252	1.8e-32	136.3
BCW-200051_00907	gnl|TC-DB|G2JTB5|3.A.11.1.4	37.3	212	115	3	4	212	12	208	1.5e-30	129.4
BCW-200051_00908	gnl|TC-DB|Q8DQ40|3.A.11.1.2	42.9	743	404	8	8	736	10	746	1.1e-152	537.0
BCW-200051_00911	gnl|TC-DB|P21903|3.A.2.1.2	29.0	231	147	6	10	233	61	281	9.4e-18	87.0
BCW-200051_00914	gnl|TC-DB|P29706|3.A.2.1.2	61.2	497	190	2	1	495	1	496	5.5e-169	590.5
BCW-200051_00915	gnl|TC-DB|P0ABA6|3.A.2.1.1	36.2	287	182	1	3	289	2	287	1.3e-45	179.9
BCW-200051_00916	gnl|TC-DB|P50002|3.A.2.1.5	70.3	464	133	3	4	467	6	464	1.7e-183	638.6
BCW-200051_00920	gnl|TC-DB|Q9CES4|3.A.1.3.25	100.0	247	0	0	1	247	1	247	7.3e-138	486.1
BCW-200051_00921	gnl|TC-DB|Q9CES5|3.A.1.3.25	99.7	714	2	0	1	714	1	714	0.0e+00	1338.6
BCW-200051_00922	gnl|TC-DB|P0ABP6|9.B.27.2.3	39.9	193	115	1	26	218	27	218	3.6e-40	161.4
BCW-200051_00925	gnl|TC-DB|Q3SAW5|2.A.7.21.4	98.0	307	6	0	1	307	1	307	6.0e-166	579.7
BCW-200051_00931	gnl|TC-DB|F2HM70|3.A.1.134.10	99.6	259	1	0	1	259	1	259	5.8e-138	486.5
BCW-200051_00932	gnl|TC-DB|F2HM69|3.A.1.134.10	99.7	667	2	0	1	667	1	667	0.0e+00	1184.1
BCW-200051_00941	gnl|TC-DB|Q6MDD6|3.A.7.16.1	33.1	741	439	16	9	729	6	709	1.2e-96	350.9
BCW-200051_00945	gnl|TC-DB|A3CPR5|1.A.14.2.6	48.2	224	115	1	7	230	2	224	1.0e-48	189.9
BCW-200051_00950	gnl|TC-DB|P31466|2.A.40.7.6	36.2	470	258	6	1	470	15	442	1.1e-70	263.8
BCW-200051_00962	gnl|TC-DB|O51234|3.A.1.7.5	37.5	275	161	5	27	295	18	287	1.0e-40	163.7
BCW-200051_00963	gnl|TC-DB|P0A627|3.A.1.7.4	31.4	258	160	5	20	277	43	283	8.2e-27	117.5
BCW-200051_00964	gnl|TC-DB|O51236|3.A.1.7.5	56.5	253	109	1	17	269	9	260	1.9e-78	288.9
BCW-200051_00965	gnl|TC-DB|O51236|3.A.1.7.5	59.9	252	101	0	2	253	9	260	7.8e-87	316.6
BCW-200051_00973	gnl|TC-DB|D2BKY9|4.A.6.1.11	99.7	307	1	0	1	307	1	307	9.3e-175	609.0
BCW-200051_00974	gnl|TC-DB|D2BKY8|4.A.6.1.11	99.6	270	1	0	1	270	1	270	2.9e-140	494.2
BCW-200051_00975	gnl|TC-DB|D2BKY7|4.A.6.1.11	100.0	329	0	0	1	329	1	329	2.1e-180	627.9
BCW-200051_00981	gnl|TC-DB|F2HL33|2.A.3.7.7	99.3	449	3	0	1	449	1	449	6.4e-249	855.9
BCW-200051_00984	gnl|TC-DB|R7QS55|3.A.1.17.9	28.4	612	372	12	23	583	135	731	4.5e-61	232.3
BCW-200051_00985	gnl|TC-DB|P38045|3.A.1.16.1	41.7	230	128	4	28	254	25	251	6.3e-47	184.1
BCW-200051_00998	gnl|TC-DB|Q8DT26|3.A.1.1.27	52.8	284	126	4	5	287	2	278	7.3e-73	270.4
BCW-200051_00999	gnl|TC-DB|Q8DT27|3.A.1.1.27	51.4	451	210	4	15	460	4	450	4.0e-121	431.4
BCW-200051_01000	gnl|TC-DB|Q8DT28|3.A.1.1.27	38.6	420	237	9	1	407	1	412	3.2e-74	275.4
BCW-200051_01002	gnl|TC-DB|Q05839|8.A.9.1.1	29.2	524	296	14	4	490	108	593	6.1e-65	245.0
BCW-200051_01004	gnl|TC-DB|Q07837|8.A.9.1.2	36.6	186	91	4	66	232	141	318	2.6e-28	123.2
BCW-200051_01005	gnl|TC-DB|Q07837|8.A.9.1.2	30.7	524	272	17	4	482	124	601	5.9e-68	255.0
BCW-200051_01012	gnl|TC-DB|Q9UEF7|8.A.49.1.1	27.6	485	295	14	3	471	61	505	4.6e-40	162.2
BCW-200051_01013	gnl|TC-DB|P49022|9.B.74.1.1	94.7	901	48	0	1	901	1	901	0.0e+00	1227.2
BCW-200051_01019	gnl|TC-DB|A8ALD3|2.A.49.5.5	33.3	436	262	12	14	429	33	459	5.9e-49	191.8
BCW-200051_01028	gnl|TC-DB|P21458|3.A.12.1.1	44.0	769	357	12	42	756	32	780	4.4e-149	525.0
BCW-200051_01047	gnl|TC-DB|Q9X051|3.A.1.2.19	47.1	497	252	3	3	488	13	509	1.7e-122	436.0
BCW-200051_01048	gnl|TC-DB|A6VKS9|3.A.1.2.13	50.8	303	147	1	13	313	18	320	3.5e-76	281.6
BCW-200051_01049	gnl|TC-DB|A6VKT0|3.A.1.2.13	43.9	253	142	0	51	303	27	279	1.7e-54	209.5
BCW-200051_01098	gnl|TC-DB|Q9G090|1.E.24.1.3	94.6	74	4	0	1	74	1	74	2.7e-35	143.7
BCW-200051_01109	gnl|TC-DB|A2RJJ9|2.A.1.3.37	97.3	476	13	0	1	476	1	476	4.1e-238	820.1
BCW-200051_01113	gnl|TC-DB|Q6D188|2.A.2.5.2	27.3	490	342	6	22	502	12	496	2.4e-58	223.0
BCW-200051_01118	gnl|TC-DB|B7LDS1|4.A.7.1.2	35.4	144	93	0	496	639	1	144	1.2e-22	104.8
BCW-200051_01120	gnl|TC-DB|C8TA54|4.A.7.1.4	49.5	420	206	5	4	422	1	415	9.5e-107	383.6
BCW-200051_01123	gnl|TC-DB|P22094|1.A.8.2.2	51.6	289	136	3	1	286	1	288	1.2e-83	306.2
BCW-200051_01127	gnl|TC-DB|P0AFV2|9.B.20.1.4	42.2	199	104	2	10	197	4	202	9.5e-36	146.7
BCW-200051_01130	gnl|TC-DB|P0AGD7|3.A.5.1.1	49.2	427	216	1	3	428	2	428	1.2e-110	396.7
BCW-200051_01139	gnl|TC-DB|Q8DNK3|2.A.4.1.7	45.1	275	151	0	25	299	10	284	3.1e-66	248.4
BCW-200051_01143	gnl|TC-DB|Q9CF78|2.A.40.1.2	100.0	430	0	0	1	430	1	430	1.2e-231	798.5
BCW-200051_01154	gnl|TC-DB|O66515|1.A.11.1.5	45.6	408	208	7	1	405	25	421	1.1e-90	330.1
BCW-200051_01181	gnl|TC-DB|Q2J9P5|3.A.1.125.3	42.0	219	126	1	18	235	69	287	3.2e-45	178.3
BCW-200051_01196	gnl|TC-DB|Q9CIP5|3.A.1.135.1	25.1	502	345	9	84	566	168	657	4.9e-36	149.1
BCW-200051_01197	gnl|TC-DB|P29018|3.A.1.129.1	30.1	558	364	8	13	552	21	570	5.4e-57	218.8
BCW-200051_01198	gnl|TC-DB|P0ABK2|3.D.4.3.2	31.5	362	214	7	4	331	7	368	1.2e-34	143.7
BCW-200051_01199	gnl|TC-DB|P0ABJ9|3.D.4.3.2	34.9	516	267	9	1	457	1	506	2.1e-80	296.2
BCW-200051_01200	gnl|TC-DB|P0C2U2|2.A.17.1.1	100.0	497	0	0	1	497	1	497	6.1e-261	896.0
BCW-200051_01217	gnl|TC-DB|F2HK99|2.A.26.1.9	98.9	456	5	0	1	456	1	456	2.8e-244	840.5
BCW-200051_01222	gnl|TC-DB|Q54066|4.D.1.1.2	34.6	410	247	8	10	405	6	408	2.5e-63	239.2
BCW-200051_01224	gnl|TC-DB|A9BJX0|3.A.3.2.21	37.1	931	515	14	3	913	2	881	2.1e-161	566.2
BCW-200051_01233	gnl|TC-DB|Q6A1F6|3.B.1.1.6	32.4	595	359	8	523	1106	6	568	9.0e-82	302.0
BCW-200051_01234	gnl|TC-DB|P07373|2.A.103.1.3	30.5	383	233	6	13	395	12	361	1.6e-36	150.2
BCW-200051_01236	gnl|TC-DB|P0A4K4|2.A.1.2.34	51.2	373	181	1	1	373	28	399	2.9e-106	381.7
BCW-200051_01243	gnl|TC-DB|Q7A3X3|3.A.1.122.4	46.2	221	112	3	5	221	3	220	5.3e-47	184.1
BCW-200051_01246	gnl|TC-DB|Q9SXJ7|3.A.9.1.2	43.8	815	427	9	7	803	117	918	7.4e-187	650.6
BCW-200051_01263	gnl|TC-DB|Q9CHU5|2.A.72.1.3	72.9	665	175	2	8	667	6	670	1.0e-279	958.7
BCW-200051_01264	gnl|TC-DB|Q9CHU5|2.A.72.1.3	100.0	670	0	0	1	670	1	670	0.0e+00	1300.0
BCW-200051_01276	gnl|TC-DB|O35018|2.A.1.3.30	24.2	327	246	2	23	349	22	346	2.5e-28	123.2
BCW-200051_01297	gnl|TC-DB|Q8L1D1|3.A.7.14.1	38.1	126	62	5	225	344	253	368	6.9e-17	84.7
BCW-200051_01334	gnl|TC-DB|Q92EV6|8.A.43.1.5	34.8	451	230	9	97	499	23	457	5.5e-56	215.3
BCW-200051_01343	gnl|TC-DB|Q8NMD6|4.A.1.2.12	48.5	635	308	6	1	624	1	627	1.9e-161	565.8
BCW-200051_01346	gnl|TC-DB|P37653|4.D.3.1.6	32.8	603	393	8	33	630	200	795	9.8e-81	297.7
BCW-200051_01363	gnl|TC-DB|M2X3K0|9.B.115.1.1	36.5	233	126	8	29	250	4	225	9.6e-24	107.1
BCW-200051_01366	gnl|TC-DB|Q02YV9|9.A.24.1.7	83.8	160	25	1	1	160	1	159	1.7e-66	248.4
BCW-200051_01370	gnl|TC-DB|Q835V4|3.A.3.23.2	50.5	772	374	3	4	772	30	796	1.1e-208	723.0
BCW-200051_01374	gnl|TC-DB|F9LXW4|2.A.87.2.3	46.8	186	94	1	4	189	2	182	7.5e-37	150.2
BCW-200051_01378	gnl|TC-DB|Q9HM05|3.A.1.128.7	26.5	211	138	5	3	197	6	215	2.0e-11	65.9
BCW-200051_01383	gnl|TC-DB|Q8RCC4|3.A.1.3.27	39.2	265	151	6	1	264	1	256	4.8e-42	167.9
BCW-200051_01389	gnl|TC-DB|Q9FI56|3.A.9.1.2	52.9	666	285	9	107	744	257	921	2.3e-187	652.1
BCW-200051_01391	gnl|TC-DB|P12681|2.A.1.4.2	31.3	451	296	6	1	447	1	441	1.5e-56	216.9
BCW-200051_01418	gnl|TC-DB|Q48658|2.A.1.2.5	90.7	408	38	0	1	408	1	408	5.1e-189	656.8
BCW-200051_01419	gnl|TC-DB|Q48658|2.A.1.2.5	37.5	403	252	0	1	403	1	403	7.6e-76	280.8
BCW-200051_01440	gnl|TC-DB|Q9RQ06|3.A.1.12.5	96.8	406	11	1	1	406	1	404	2.2e-216	747.7
BCW-200051_01441	gnl|TC-DB|Q9RQ05|3.A.1.12.5	94.8	573	30	0	1	573	1	573	2.4e-309	1057.0
BCW-200051_01455	gnl|TC-DB|D2BKA1|3.A.1.2.17	100.0	350	0	0	1	350	1	350	3.0e-193	670.6
BCW-200051_01474	gnl|TC-DB|A9BJX0|3.A.3.2.21	42.2	899	479	11	4	878	3	884	1.6e-187	652.9
BCW-200051_01475	gnl|TC-DB|Q15HU6|3.A.7.14.2	37.9	198	109	5	15	209	12	198	9.2e-25	110.2
BCW-200051_01488	gnl|TC-DB|Q7A3S4|2.A.1.3.61	28.5	449	296	4	21	444	18	466	1.6e-42	170.2
BCW-200051_01506	gnl|TC-DB|A2RKA5|3.A.1.2.17	99.1	317	3	0	1	317	1	317	3.8e-171	597.0
BCW-200051_01507	gnl|TC-DB|A2RKA6|3.A.1.2.17	96.4	364	13	0	1	364	1	364	2.8e-186	647.5
BCW-200051_01508	gnl|TC-DB|A2RKA7|3.A.1.2.17	98.8	506	6	0	1	506	1	506	4.2e-281	963.0
BCW-200051_01535	gnl|TC-DB|P25953|3.A.14.1.1	36.9	271	158	6	1	261	7	274	6.0e-41	164.5
BCW-200051_01536	gnl|TC-DB|P25954|3.A.14.1.1	24.4	270	192	3	78	335	51	320	3.7e-15	79.0
BCW-200051_01543	gnl|TC-DB|O05703|3.A.1.15.3	43.5	306	145	6	1	278	1	306	2.0e-59	225.7
BCW-200051_01544	gnl|TC-DB|P0A2U6|3.A.1.15.3	71.9	231	65	0	1	231	1	231	1.2e-100	362.5
BCW-200051_01545	gnl|TC-DB|O33704|3.A.1.15.3	64.6	268	95	0	1	268	1	268	1.9e-86	315.5
BCW-200051_01551	gnl|TC-DB|B9DIS8|9.B.97.5.1	34.1	618	336	13	4	590	18	595	6.2e-82	301.6
BCW-200051_01555	gnl|TC-DB|Q97NG5|2.A.66.1.34	44.0	414	224	3	17	428	3	410	1.5e-85	313.2
BCW-200051_01556	gnl|TC-DB|B1MZU9|1.A.22.1.8	54.8	126	50	4	1	122	1	123	1.7e-23	105.1
BCW-200051_01579	gnl|TC-DB|P16336|3.A.5.2.1	47.3	438	217	5	3	434	2	431	1.3e-105	379.8
BCW-200051_01600	gnl|TC-DB|O34406|3.A.1.3.13	30.9	217	138	5	54	267	50	257	2.2e-21	99.4
BCW-200051_01603	gnl|TC-DB|P22094|1.A.8.2.2	98.6	289	4	0	1	289	1	289	3.8e-162	567.0
BCW-200051_01616	gnl|TC-DB|F2HL56|2.A.3.2.11	99.8	526	1	0	1	526	1	526	8.7e-290	991.9
BCW-200051_01620	gnl|TC-DB|F2HL52|2.A.3.2.10	99.6	497	2	0	1	497	1	497	2.4e-273	937.2
BCW-200051_01631	gnl|TC-DB|Q8VUH2|3.A.1.134.2	37.3	193	114	4	5	193	14	203	1.5e-27	119.4
BCW-200051_01647	gnl|TC-DB|Q8RME1|3.A.1.126.1	28.4	204	142	2	26	228	25	225	1.2e-19	93.6
BCW-200051_01650	gnl|TC-DB|Q9ZK21|1.C.82.1.1	55.5	227	100	1	1	226	1	227	9.3e-63	236.5
BCW-200051_01655	gnl|TC-DB|P55339|3.A.1.143.1	60.3	239	95	0	1	239	3	241	1.8e-83	305.4
BCW-200051_01657	gnl|TC-DB|F2MU33|9.B.158.1.3	54.5	209	91	2	2	206	1	209	1.1e-57	219.5
BCW-200051_01698	gnl|TC-DB|P24518|4.B.1.1.1	29.4	367	227	11	14	371	64	407	2.3e-34	142.9
BCW-200051_01699	gnl|TC-DB|P77735|8.A.5.1.6	32.0	331	194	11	13	331	1	312	2.7e-34	142.5
BCW-200051_01701	gnl|TC-DB|Q9X761|2.A.2.2.3	96.8	462	15	0	1	462	1	462	1.8e-243	837.8
BCW-200051_01715	gnl|TC-DB|K0WKG7|4.F.1.1.8	38.0	184	89	6	5	178	3	171	6.2e-20	94.0
BCW-200051_01722	gnl|TC-DB|P39803|2.A.115.1.1	37.9	272	167	2	33	304	8	277	1.0e-48	190.3
BCW-200051_01723	gnl|TC-DB|C8X4B7|2.A.115.1.5	29.6	274	187	4	12	283	18	287	9.1e-31	130.6
BCW-200051_01724	gnl|TC-DB|P94357|2.A.115.1.2	34.1	273	177	1	6	278	2	271	7.1e-39	157.5
BCW-200051_01735	gnl|TC-DB|O05469|2.A.77.1.1	42.2	204	117	1	4	206	5	208	7.1e-38	153.7
BCW-200051_01756	gnl|TC-DB|P26235|2.A.37.2.1	45.0	373	202	1	7	376	7	379	8.2e-72	267.3
BCW-200051_01759	gnl|TC-DB|P96593|2.A.55.3.3	31.9	411	253	11	16	415	31	425	1.2e-36	150.6
BCW-200051_01762	gnl|TC-DB|A0M015|1.A.62.2.1	33.6	211	124	3	6	215	7	202	9.9e-30	126.7
BCW-200051_01767	gnl|TC-DB|P05425|3.A.3.5.2	48.7	634	305	12	75	691	115	745	8.3e-147	517.3
BCW-200051_01774	gnl|TC-DB|J8IXD8|1.C.109.1.5	60.7	270	101	2	2	268	5	272	7.8e-85	310.1
BCW-200051_01777	gnl|TC-DB|K8ZBV5|1.A.78.2.8	34.2	190	123	2	1	188	1	190	1.0e-19	93.2
BCW-200051_01783	gnl|TC-DB|P0A6W3|9.B.146.1.6	35.4	347	186	9	1	323	22	354	4.8e-44	174.9
BCW-200051_01786	gnl|TC-DB|Q8RKC1|3.A.1.122.3	36.3	215	131	3	3	212	2	215	1.5e-30	129.4
BCW-200051_01791	gnl|TC-DB|P75905|4.D.1.1.3	28.7	422	279	10	18	431	29	436	1.2e-45	180.6
BCW-200051_01792	gnl|TC-DB|Q8G3M7|9.B.36.1.3	32.0	172	115	1	7	178	154	323	2.7e-17	85.1
BCW-200051_01798	gnl|TC-DB|P32399|9.B.74.1.3	41.9	172	99	1	2	172	4	175	8.1e-37	152.1
BCW-200051_01800	gnl|TC-DB|P07373|2.A.103.1.3	32.9	389	225	8	6	388	3	361	1.6e-41	166.8
BCW-200051_01807	gnl|TC-DB|F4K2G0|3.D.1.8.1	40.6	170	69	5	23	188	103	244	7.3e-24	107.1
BCW-200051_01810	gnl|TC-DB|P07373|2.A.103.1.3	27.9	377	239	11	16	384	9	360	7.1e-29	124.8
BCW-200051_01815	gnl|TC-DB|O54396|3.A.1.121.2	26.5	529	318	11	1	512	1	475	3.5e-41	166.0
BCW-200051_01817	gnl|TC-DB|O07032|2.A.24.2.2	99.8	425	1	0	1	425	1	425	2.6e-228	787.3
BCW-200051_01826	gnl|TC-DB|Q7A3S4|2.A.1.3.61	32.1	477	309	5	20	494	6	469	3.0e-69	259.2
BCW-200051_01829	gnl|TC-DB|P42954|3.A.1.104.1	49.6	252	125	1	14	265	2	251	7.5e-70	261.2
BCW-200051_01830	gnl|TC-DB|P42953|3.A.1.104.1	33.1	275	178	2	1	269	1	275	3.8e-39	158.3
BCW-200051_01850	gnl|TC-DB|O34406|3.A.1.3.13	28.4	275	178	7	2	273	4	262	2.1e-24	109.4
BCW-200051_01851	gnl|TC-DB|O34315|3.A.1.3.13	34.8	227	142	1	44	270	3	223	5.4e-31	131.3
BCW-200051_01852	gnl|TC-DB|P39456|3.A.1.3.14	53.3	242	112	1	1	241	1	242	2.1e-68	255.4
BCW-200051_01868	gnl|TC-DB|G4NXA5|1.A.33.1.4	73.9	605	156	1	1	605	1	603	9.8e-245	842.4
BCW-200051_01873	gnl|TC-DB|Q3K0G6|4.A.2.1.20	67.9	654	190	4	1	634	1	654	1.0e-236	815.8
BCW-200051_01879	gnl|TC-DB|Q8RME1|3.A.1.126.1	37.0	289	180	2	4	291	1	288	4.2e-52	201.4
BCW-200051_01882	gnl|TC-DB|P35839|1.A.16.2.1	30.7	267	168	3	3	252	7	273	1.0e-28	123.6
BCW-200051_01886	gnl|TC-DB|P0A9R7|3.A.1.140.1	42.8	215	123	0	3	217	1	215	4.1e-50	194.5
BCW-200051_01892	gnl|TC-DB|Q45064|9.B.31.1.2	45.5	200	99	2	2	201	1	190	3.1e-36	148.3
BCW-200051_01898	gnl|TC-DB|A3CLT2|1.A.35.3.4	41.1	299	175	1	3	300	4	302	3.9e-61	231.5
BCW-200051_01903	gnl|TC-DB|B8I766|9.B.105.1.5	36.8	144	86	4	4	144	1	142	8.1e-15	76.6
BCW-200051_01907	gnl|TC-DB|Q55487|4.D.2.1.9	39.8	314	179	5	1	313	1	305	3.2e-53	205.3
BCW-200051_01916	gnl|TC-DB|Q83XH1|3.A.1.121.4	31.2	528	357	2	7	533	5	527	1.2e-75	280.8
BCW-200051_01937	gnl|TC-DB|Q89K67|2.A.55.2.6	44.9	450	224	6	18	467	23	448	4.1e-87	318.5
BCW-200051_01943	gnl|TC-DB|G2JSZ8|3.A.11.1.4	39.4	221	126	5	1	216	1	218	7.0e-36	147.1
BCW-200051_01944	gnl|TC-DB|Q8CWM9|3.A.11.1.2	52.0	396	176	3	56	438	37	431	1.0e-113	406.8
BCW-200051_01947	gnl|TC-DB|C9RH03|2.A.109.3.1	49.4	338	159	5	4	339	10	337	2.8e-79	292.0
BCW-200051_01952	gnl|TC-DB|A2RL86|2.A.49.9.4	97.0	403	12	0	1	403	1	403	3.2e-215	743.8
BCW-200051_01958	gnl|TC-DB|Q58206|3.A.1.122.14	48.2	224	107	2	4	218	2	225	4.1e-50	194.5
BCW-200051_01965	gnl|TC-DB|F2HJG8|2.A.3.7.6	97.9	483	10	0	1	483	1	483	2.9e-271	930.2
BCW-200051_01974	gnl|TC-DB|O69916|9.B.111.1.2	37.0	527	300	11	76	595	67	568	1.3e-75	281.2
BCW-200051_01988	gnl|TC-DB|P40739|4.A.1.2.11	33.9	649	376	12	8	648	5	608	3.7e-88	322.4
BCW-200051_01997	gnl|TC-DB|G2JTB4|3.A.11.1.4	38.2	136	81	3	11	146	7	139	1.6e-23	105.5
BCW-200051_02003	gnl|TC-DB|P42086|2.A.40.3.1	49.1	422	211	2	15	432	7	428	2.4e-104	375.6
BCW-200051_02018	gnl|TC-DB|A2RKV5|2.A.88.5.2	91.5	199	17	0	1	199	24	222	2.6e-93	337.8
BCW-200051_02020	gnl|TC-DB|Q97Q42|3.A.1.11.7	79.2	375	77	1	1	374	1	375	5.4e-173	603.6
BCW-200051_02021	gnl|TC-DB|Q97Q43|3.A.1.11.7	64.6	263	91	1	2	262	12	274	2.9e-92	334.7
BCW-200051_02022	gnl|TC-DB|Q97Q44|3.A.1.11.7	66.5	248	83	0	10	257	7	254	4.5e-85	310.8
BCW-200051_02023	gnl|TC-DB|Q97Q45|3.A.1.11.7	51.1	354	171	2	1	353	1	353	5.4e-110	394.0
BCW-200051_02027	gnl|TC-DB|P14319|2.A.7.1.1	45.7	105	57	0	5	109	3	107	5.0e-22	100.1
BCW-200051_02034	gnl|TC-DB|Q835V4|3.A.3.23.2	34.0	783	472	10	8	774	30	783	2.2e-109	393.3
BCW-200051_02040	gnl|TC-DB|O32095|2.A.86.1.8	31.2	327	223	2	42	368	25	349	1.2e-38	157.1
BCW-200051_02054	gnl|TC-DB|Q1M605|3.A.3.7.2	43.0	577	304	5	2	575	7	561	2.1e-119	426.0
BCW-200051_02055	gnl|TC-DB|Q1M606|3.A.3.7.2	57.6	688	276	6	3	682	4	683	1.0e-205	713.0
BCW-200051_02056	gnl|TC-DB|Q1M607|3.A.3.7.2	41.8	194	99	2	4	197	1	180	1.4e-33	139.4
BCW-200051_02076	gnl|TC-DB|Q8RD07|3.A.1.23.5	29.5	241	154	7	3	236	4	235	8.7e-17	84.0
BCW-200051_02084	gnl|TC-DB|Q8VRK4|3.A.11.1.3	42.9	203	110	3	75	276	65	262	1.4e-36	149.8
BCW-200051_02096	gnl|TC-DB|D7V8E7|1.A.8.2.6	61.9	236	84	2	6	239	8	239	4.3e-82	300.8
BCW-200051_02101	gnl|TC-DB|O32212|2.A.36.3.2	33.4	368	220	6	20	374	20	375	3.6e-43	172.9
BCW-200051_02109	gnl|TC-DB|P36640|3.A.3.4.1	50.2	879	400	7	35	907	54	900	2.4e-234	808.5
BCW-200051_02112	gnl|TC-DB|P39580|2.A.50.2.1	48.6	397	194	6	1	392	1	392	4.9e-99	357.8
BCW-200051_02113	gnl|TC-DB|Q42524|4.C.1.1.7	26.4	394	250	14	122	494	182	556	8.9e-18	88.2
BCW-200051_02124	gnl|TC-DB|O07549|3.A.1.106.8	38.0	558	311	8	64	606	132	669	4.8e-98	355.1
BCW-200051_02125	gnl|TC-DB|P77265|3.A.1.106.13	41.5	588	338	4	1	587	1	583	4.1e-126	448.4
BCW-200051_02126	gnl|TC-DB|Q1RN04|2.A.87.1.1	97.1	206	6	0	1	206	1	206	1.7e-103	371.7
BCW-200051_02141	gnl|TC-DB|O34897|1.A.23.3.1	36.3	204	119	3	12	210	17	214	1.7e-25	112.8
BCW-200051_02143	gnl|TC-DB|O30417|2.A.3.7.1	94.4	503	28	0	1	503	1	503	1.9e-265	911.0
BCW-200051_02153	gnl|TC-DB|O05703|3.A.1.15.3	57.6	505	206	3	12	515	4	501	5.5e-164	573.9
BCW-200051_02157	gnl|TC-DB|P75905|4.D.1.1.3	25.5	243	167	7	55	297	75	303	2.9e-15	79.7
BCW-200051_02159	gnl|TC-DB|D4ZZR3|9.B.34.1.3	35.3	170	96	7	213	374	228	391	3.5e-17	85.9
BCW-200051_02169	gnl|TC-DB|Q93J92|3.A.1.1.36	32.9	277	177	5	11	285	29	298	1.2e-30	130.2
BCW-200051_02170	gnl|TC-DB|P29823|3.A.1.1.4	32.7	294	185	6	18	307	13	297	5.1e-35	144.8
BCW-200051_02171	gnl|TC-DB|Q7AKP1|3.A.1.1.44	24.3	321	208	9	47	353	36	335	7.1e-11	65.1
BCW-200051_02173	gnl|TC-DB|K4IPL7|2.A.45.2.6	34.2	339	186	7	56	364	60	391	3.0e-39	159.1
BCW-200051_02194	gnl|TC-DB|P42364|3.A.1.15.2	72.2	302	83	1	13	313	9	310	4.4e-124	440.7
BCW-200051_02195	gnl|TC-DB|P42361|3.A.1.15.2	79.9	278	56	0	1	278	1	278	3.4e-115	411.0
BCW-200051_02196	gnl|TC-DB|Q97PG9|3.A.1.15.14	59.0	234	96	0	1	234	1	234	1.4e-77	285.8
BCW-200051_02209	gnl|TC-DB|F2HN33|2.A.3.1.22	99.8	449	1	0	1	449	1	449	1.4e-240	828.2
BCW-200051_02230	gnl|TC-DB|P54428|9.A.40.2.1	42.2	434	238	6	3	429	4	431	1.2e-84	310.1
BCW-200051_02233	gnl|TC-DB|Q9CEK0|3.A.1.5.10	90.8	565	52	0	38	602	36	600	6.4e-297	1015.8
BCW-200051_02234	gnl|TC-DB|P0A4N9|3.A.1.5.10	98.6	294	4	0	1	294	1	294	2.1e-155	544.7
BCW-200051_02235	gnl|TC-DB|P0A4N7|3.A.1.5.10	96.6	319	11	0	1	319	1	319	1.8e-176	614.8
BCW-200051_02236	gnl|TC-DB|P0A2V4|3.A.1.5.10	98.4	319	5	0	1	319	1	319	2.4e-178	620.9
BCW-200051_02237	gnl|TC-DB|Q07733|3.A.1.5.10	98.2	338	6	0	1	338	1	338	1.3e-185	645.2
BCW-200051_02244	gnl|TC-DB|D8RWR9|1.C.39.4.5	36.3	157	80	2	65	221	478	614	4.2e-17	86.3
BCW-200051_02273	gnl|TC-DB|P42670|2.A.1.3.11	30.1	409	261	9	11	400	28	430	6.9e-38	154.8
BCW-200051_02284	gnl|TC-DB|C5L569|9.B.106.3.3	34.0	209	114	6	16	212	245	441	1.1e-20	98.2
BCW-200051_02295	gnl|TC-DB|Q9ZKE4|3.A.11.3.1	34.8	575	330	13	178	741	46	586	1.4e-73	274.2
BCW-200051_02306	gnl|TC-DB|Q8L1D1|3.A.7.14.1	42.8	173	90	4	320	488	202	369	7.6e-30	128.3
