BCW-200211_00001	gnl|TC-DB|D4ZZR3|9.B.34.1.3	34.1	164	104	2	204	364	228	390	4.3e-17	86.3
BCW-200211_00003	gnl|TC-DB|P0AAP1|9.B.34.1.2	32.2	171	115	1	159	329	197	366	2.4e-19	92.8
BCW-200211_00004	gnl|TC-DB|Q9KKE3|3.A.1.12.6	48.4	308	157	1	33	338	39	346	5.9e-90	327.4
BCW-200211_00009	gnl|TC-DB|M3JA40|1.B.52.2.1	30.8	227	138	5	135	350	237	455	8.3e-14	75.1
BCW-200211_00011	gnl|TC-DB|A8H4W6|3.A.1.2.15	38.3	345	200	4	3	337	4	345	1.8e-54	209.5
BCW-200211_00012	gnl|TC-DB|P04983|3.A.1.2.1	49.9	491	244	2	23	512	4	493	7.8e-134	473.8
BCW-200211_00017	gnl|TC-DB|P09489|1.B.12.5.1	39.0	1086	533	20	24	1031	11	1045	9.0e-190	660.6
BCW-200211_00018	gnl|TC-DB|C6G4G4|1.B.12.5.6	37.4	1097	566	21	1	985	155	1242	9.9e-178	620.5
BCW-200211_00019	gnl|TC-DB|Q9ZG92|3.A.1.110.12	92.3	441	34	0	1	441	1	441	3.8e-230	793.5
BCW-200211_00020	gnl|TC-DB|Q9ZG93|3.A.1.110.12	88.1	437	48	1	1	437	1	433	7.4e-210	726.1
BCW-200211_00021	gnl|TC-DB|Q9ZG94|3.A.1.110.12	92.9	533	38	0	12	544	22	554	2.9e-278	953.7
BCW-200211_00050	gnl|TC-DB|P0AAD6|2.A.42.2.1	65.2	414	136	3	20	425	16	429	1.2e-148	522.7
BCW-200211_00051	gnl|TC-DB|P71997|2.A.53.4.2	32.6	506	337	3	34	535	28	533	3.2e-56	216.1
BCW-200211_00055	gnl|TC-DB|P18895|1.B.13.1.1	56.7	499	186	5	6	495	13	490	4.5e-163	570.9
BCW-200211_00064	gnl|TC-DB|P31126|2.A.1.2.55	32.4	376	250	4	24	397	12	385	7.4e-47	184.5
BCW-200211_00073	gnl|TC-DB|P0AAP1|9.B.34.1.2	37.1	337	212	0	8	344	34	370	1.3e-63	240.0
BCW-200211_00084	gnl|TC-DB|P0AFJ7|2.A.20.1.1	44.9	497	235	8	66	536	14	497	3.6e-105	378.6
BCW-200211_00094	gnl|TC-DB|Q02P42|2.A.117.1.2	51.1	133	65	0	5	137	25	157	2.6e-34	141.4
BCW-200211_00103	gnl|TC-DB|P12012|2.A.8.1.1	43.0	447	247	4	11	450	3	448	1.3e-100	363.2
BCW-200211_00108	gnl|TC-DB|P76230|2.A.1.1.115	27.9	452	297	10	10	450	1	434	3.0e-31	132.9
BCW-200211_00115	gnl|TC-DB|P75853|3.A.1.17.10	49.8	307	153	1	1	306	4	310	6.8e-85	310.5
BCW-200211_00116	gnl|TC-DB|Q9KKE3|3.A.1.12.6	44.5	337	185	1	3	337	9	345	9.8e-85	310.1
BCW-200211_00117	gnl|TC-DB|G0LBU8|1.B.14.6.11	31.1	807	480	18	123	878	195	976	3.3e-84	309.7
BCW-200211_00129	gnl|TC-DB|P24559|3.A.15.2.1	71.6	341	96	1	1	340	1	341	2.1e-135	478.4
BCW-200211_00132	gnl|TC-DB|P52059|9.A.4.1.1	45.1	164	87	2	10	171	6	168	1.4e-30	129.4
BCW-200211_00145	gnl|TC-DB|P0AC31|3.A.1.140.1	34.8	299	193	1	45	341	54	352	1.0e-41	167.2
BCW-200211_00146	gnl|TC-DB|P0A9R7|3.A.1.140.1	54.8	217	98	0	1	217	1	217	7.4e-65	243.4
BCW-200211_00147	gnl|TC-DB|P10121|3.A.5.1.1	67.9	308	98	1	158	465	191	497	4.5e-112	401.4
BCW-200211_00166	gnl|TC-DB|P77529|2.A.23.1.8	79.6	461	94	0	1	461	1	461	3.4e-197	684.1
BCW-200211_00176	gnl|TC-DB|B2D7K2|3.A.23.1.1	35.6	520	308	8	10	512	6	515	7.9e-86	314.7
BCW-200211_00177	gnl|TC-DB|Q9I5F5|2.A.21.2.3	83.5	492	79	2	1	490	1	492	2.6e-227	784.3
BCW-200211_00184	gnl|TC-DB|Q51955|2.A.1.15.1	36.4	426	259	3	12	431	18	437	1.2e-74	276.9
BCW-200211_00191	gnl|TC-DB|Q21EL3|1.B.14.1.24	29.8	681	413	20	154	804	54	699	3.5e-64	243.0
BCW-200211_00203	gnl|TC-DB|P45420|1.B.11.5.1	33.1	774	496	13	46	809	31	792	9.5e-118	421.0
BCW-200211_00206	gnl|TC-DB|P76242|2.A.1.17.3	39.2	378	223	6	37	410	14	388	3.0e-59	225.7
BCW-200211_00208	gnl|TC-DB|P45769|3.A.1.3.26	78.0	254	54	1	1	254	1	252	3.5e-119	424.1
BCW-200211_00209	gnl|TC-DB|P45768|3.A.1.3.26	65.4	355	123	0	8	362	9	363	5.9e-136	480.3
BCW-200211_00210	gnl|TC-DB|P45767|3.A.1.3.26	62.2	394	147	2	1	393	1	393	4.3e-132	467.6
BCW-200211_00211	gnl|TC-DB|P45766|3.A.1.3.26	69.6	342	101	2	2	343	3	341	1.3e-137	485.7
BCW-200211_00213	gnl|TC-DB|O00571|1.I.1.1.3	38.1	367	212	5	100	452	182	547	1.2e-62	237.3
BCW-200211_00220	gnl|TC-DB|D4ZZR3|9.B.34.1.3	36.5	170	105	2	252	418	222	391	2.1e-22	104.0
BCW-200211_00221	gnl|TC-DB|Q9I0V8|2.A.6.2.39	55.7	463	198	1	27	482	14	476	6.5e-114	407.5
BCW-200211_00222	gnl|TC-DB|Q9I0V7|2.A.6.2.39	58.8	1039	421	5	1	1035	1	1036	0.0e+00	1099.7
BCW-200211_00223	gnl|TC-DB|Q9I0V6|2.A.6.2.39	68.4	1021	322	1	1	1021	1	1020	0.0e+00	1294.3
BCW-200211_00224	gnl|TC-DB|P76397|8.A.1.6.2	49.1	389	190	4	36	421	28	411	1.6e-95	346.3
BCW-200211_00229	gnl|TC-DB|O30491|3.A.1.1.49	96.6	440	11	1	1	440	1	436	1.8e-248	854.4
BCW-200211_00230	gnl|TC-DB|O30492|3.A.1.1.49	97.6	296	7	0	1	296	1	296	3.4e-158	553.9
BCW-200211_00231	gnl|TC-DB|O30493|3.A.1.1.49	97.8	276	6	0	1	276	1	276	5.1e-148	520.0
BCW-200211_00232	gnl|TC-DB|O30494|3.A.1.1.49	95.1	367	18	0	1	367	1	367	6.4e-199	689.5
BCW-200211_00238	gnl|TC-DB|Q52000|2.A.1.6.3	85.0	427	64	0	4	430	2	428	1.2e-207	718.8
BCW-200211_00244	gnl|TC-DB|Q51955|2.A.1.15.1	90.8	444	41	0	3	446	5	448	8.0e-228	785.8
BCW-200211_00247	gnl|TC-DB|P0AFJ7|2.A.20.1.1	54.9	499	215	4	1	489	1	499	3.4e-147	518.1
BCW-200211_00255	gnl|TC-DB|P39398|2.A.1.14.33	29.2	315	196	8	14	304	44	355	1.8e-22	103.6
BCW-200211_00257	gnl|TC-DB|P0AAP1|9.B.34.1.2	25.9	251	163	4	195	441	134	365	8.7e-17	85.5
BCW-200211_00260	gnl|TC-DB|P21175|3.A.1.4.8	69.1	372	115	0	1	372	1	372	3.7e-149	524.2
BCW-200211_00261	gnl|TC-DB|P21627|3.A.1.4.8	82.7	307	53	0	1	307	1	307	7.7e-137	483.0
BCW-200211_00262	gnl|TC-DB|P21628|3.A.1.4.8	72.9	417	111	2	1	416	1	416	2.1e-161	565.1
BCW-200211_00263	gnl|TC-DB|P21629|3.A.1.4.8	86.7	255	34	0	1	255	1	255	1.5e-125	445.3
BCW-200211_00264	gnl|TC-DB|P21630|3.A.1.4.8	86.7	233	31	0	1	233	1	233	3.6e-110	394.0
BCW-200211_00274	gnl|TC-DB|Q56725|2.A.33.1.2	56.5	382	158	1	10	391	8	381	9.2e-111	396.7
BCW-200211_00287	gnl|TC-DB|E1ILD8|2.A.7.3.18	42.5	301	172	1	11	310	8	308	1.9e-53	206.1
BCW-200211_00293	gnl|TC-DB|A4QD95|3.A.1.106.4	30.4	572	380	7	29	598	688	1243	6.1e-61	231.9
BCW-200211_00296	gnl|TC-DB|D4ZZR3|9.B.34.1.3	40.4	161	91	3	150	306	236	395	1.3e-22	103.6
BCW-200211_00324	gnl|TC-DB|Q1LRZ2|2.A.4.3.9	45.6	331	145	5	3	299	33	362	1.1e-47	186.8
BCW-200211_00329	gnl|TC-DB|O06151|2.A.1.3.48	36.7	474	263	11	7	463	10	463	1.8e-68	256.5
BCW-200211_00331	gnl|TC-DB|P96878|2.A.53.3.12	31.4	194	123	4	26	213	571	760	5.7e-22	100.9
BCW-200211_00337	gnl|TC-DB|P70786|2.A.1.14.3	42.3	421	236	5	18	435	24	440	1.4e-91	333.2
BCW-200211_00342	gnl|TC-DB|M3JA40|1.B.52.2.1	61.1	72	28	0	513	584	289	360	2.0e-15	80.9
BCW-200211_00345	gnl|TC-DB|A0L3E7|2.A.51.1.4	71.7	452	127	1	1	451	1	452	3.7e-188	654.1
BCW-200211_00347	gnl|TC-DB|Q3J192|9.A.24.1.2	42.7	143	82	0	3	145	9	151	1.4e-27	119.0
BCW-200211_00349	gnl|TC-DB|P15031|3.A.1.14.1	40.0	240	140	2	17	252	16	255	3.1e-43	171.8
BCW-200211_00350	gnl|TC-DB|Q9HQ19|3.A.1.14.9	39.2	278	163	3	53	330	93	364	1.3e-44	176.8
BCW-200211_00370	gnl|TC-DB|P0AAP1|9.B.34.1.2	34.8	178	108	3	650	826	199	369	1.7e-21	101.7
BCW-200211_00377	gnl|TC-DB|P33913|3.A.1.5.21	35.6	593	370	10	7	596	4	587	7.7e-104	374.4
BCW-200211_00378	gnl|TC-DB|P0AFU1|3.A.1.5.21	60.4	364	131	2	1	351	1	364	2.0e-117	418.7
BCW-200211_00379	gnl|TC-DB|P33915|3.A.1.5.21	55.6	338	149	1	1	338	1	337	9.1e-107	383.3
BCW-200211_00380	gnl|TC-DB|P33916|3.A.1.5.21	57.4	523	215	5	3	517	5	527	1.5e-156	549.3
BCW-200211_00381	gnl|TC-DB|Q9KN48|3.A.23.1.1	47.3	226	113	2	157	377	194	418	5.4e-49	191.8
BCW-200211_00382	gnl|TC-DB|Q81E21|2.A.8.1.14	56.1	478	194	4	1	462	1	478	3.4e-136	481.5
BCW-200211_00385	gnl|TC-DB|Q9HV74|2.A.21.9.1	27.9	305	184	8	416	708	702	982	3.8e-21	100.1
BCW-200211_00393	gnl|TC-DB|Q6MDD6|3.A.7.16.1	39.9	163	74	4	196	357	329	468	1.4e-18	91.3
BCW-200211_00396	gnl|TC-DB|P37665|9.B.186.1.1	32.7	113	76	0	48	160	104	216	9.1e-12	66.6
BCW-200211_00422	gnl|TC-DB|O06924|3.B.1.1.4	55.7	551	236	3	11	556	7	554	1.0e-179	626.3
BCW-200211_00425	gnl|TC-DB|O06926|3.B.1.1.4	37.6	245	143	1	5	239	7	251	2.9e-42	168.7
BCW-200211_00426	gnl|TC-DB|O06927|3.B.1.1.4	32.8	235	137	5	26	249	42	266	2.0e-21	99.4
BCW-200211_00429	gnl|TC-DB|Q9Z446|2.A.70.1.2	80.7	140	21	1	1	134	24	163	4.9e-56	213.4
BCW-200211_00430	gnl|TC-DB|Q9Z445|2.A.70.1.2	87.8	254	31	0	1	254	1	254	2.4e-120	427.9
BCW-200211_00432	gnl|TC-DB|A4VGV1|1.C.113.1.3	77.1	205	47	0	1	205	1	205	2.2e-92	334.7
BCW-200211_00436	gnl|TC-DB|Q9I402|3.A.1.3.22	62.8	269	100	0	26	294	26	294	2.1e-94	342.0
BCW-200211_00441	gnl|TC-DB|O00571|1.I.1.1.3	41.3	349	192	5	2	337	181	529	2.6e-67	253.1
BCW-200211_00445	gnl|TC-DB|Q42524|4.C.1.1.7	22.5	506	344	12	575	1049	67	555	4.4e-20	98.6
BCW-200211_00446	gnl|TC-DB|Q89SS6|2.A.1.42.2	27.0	359	230	11	1534	1882	778	1114	8.5e-19	93.6
BCW-200211_00452	gnl|TC-DB|Q9I4H4|4.D.3.1.11	39.0	300	171	6	25	321	22	312	5.9e-57	218.4
BCW-200211_00453	gnl|TC-DB|Q9HZ04|3.A.1.12.12	66.4	280	92	2	3	280	4	283	7.4e-102	366.7
BCW-200211_00454	gnl|TC-DB|P0AF54|9.B.136.1.1	59.0	100	41	0	1	100	1	100	3.3e-28	120.6
BCW-200211_00455	gnl|TC-DB|P32705|2.A.21.7.2	78.4	551	117	2	2	552	1	549	7.6e-236	812.8
BCW-200211_00461	gnl|TC-DB|P21503|2.A.1.26.1	26.4	356	249	5	16	366	16	363	3.4e-32	136.0
BCW-200211_00475	gnl|TC-DB|Q93N33|2.A.21.9.2	28.9	270	177	6	267	528	747	1009	2.6e-15	80.1
BCW-200211_00481	gnl|TC-DB|Q848I3|2.A.23.1.10	96.4	440	16	0	1	440	1	440	1.9e-229	791.2
BCW-200211_00486	gnl|TC-DB|Q1CZ65|2.A.6.3.7	32.9	1058	666	7	2	1054	1	1019	6.3e-154	541.6
BCW-200211_00487	gnl|TC-DB|P0AE06|8.A.1.6.1	25.4	350	236	5	50	381	37	379	6.3e-19	91.7
BCW-200211_00488	gnl|TC-DB|Q2FD80|2.A.6.2.44	37.4	471	285	5	8	468	11	481	7.8e-72	267.7
BCW-200211_00492	gnl|TC-DB|P09551|3.A.1.3.1	46.3	259	135	3	1	256	1	258	6.6e-57	217.2
BCW-200211_00493	gnl|TC-DB|P0A2I9|3.A.1.3.1	62.2	225	85	0	16	240	2	226	1.1e-69	259.6
BCW-200211_00494	gnl|TC-DB|P0AEU3|3.A.1.3.29	58.7	235	97	0	1	235	1	235	1.3e-80	295.8
BCW-200211_00496	gnl|TC-DB|O30506|3.A.1.3.11	69.0	255	77	2	1	254	1	254	6.4e-97	350.1
BCW-200211_00502	gnl|TC-DB|P0AAP1|9.B.34.1.2	37.3	177	109	2	361	536	195	370	3.8e-25	112.8
BCW-200211_00503	gnl|TC-DB|M3JA40|1.B.52.2.1	37.2	188	104	3	473	653	280	460	1.4e-18	91.3
BCW-200211_00521	gnl|TC-DB|G3XD29|2.A.36.6.8	74.8	416	101	1	1	412	1	416	5.9e-164	573.5
BCW-200211_00522	gnl|TC-DB|P37327|1.A.16.4.1	54.6	269	119	2	19	286	27	293	5.5e-76	280.8
BCW-200211_00534	gnl|TC-DB|B1JXG0|2.A.66.4.7	25.0	480	303	10	12	462	14	465	6.2e-13	72.0
BCW-200211_00544	gnl|TC-DB|G0CIY2|9.B.18.1.1	35.9	390	244	3	93	479	98	484	4.5e-67	251.9
BCW-200211_00545	gnl|TC-DB|G8WDN4|2.A.76.1.10	34.3	210	134	2	1	207	1	209	1.3e-23	106.3
BCW-200211_00572	gnl|TC-DB|P0AG38|2.A.76.1.2	23.1	195	150	0	3	197	7	201	1.2e-11	66.6
BCW-200211_00576	gnl|TC-DB|P76481|1.A.13.2.3	49.0	508	246	5	46	544	67	570	3.6e-129	458.4
BCW-200211_00583	gnl|TC-DB|852074676|1.C.75.1.3	45.6	2493	896	22	31	2074	11	2491	3.7e-161	567.4
BCW-200211_00584	gnl|TC-DB|Q3YL97|1.B.20.1.3	33.2	567	363	7	5	569	32	584	2.3e-78	289.7
BCW-200211_00586	gnl|TC-DB|P75905|4.D.1.1.3	61.3	439	169	1	1	439	1	438	3.2e-160	561.2
BCW-200211_00588	gnl|TC-DB|P69434|1.B.55.1.1	38.4	822	468	11	13	826	16	807	7.1e-145	511.1
BCW-200211_00591	gnl|TC-DB|B2FLY6|2.A.6.2.14	29.6	473	318	7	1	469	1	462	1.3e-42	170.6
BCW-200211_00592	gnl|TC-DB|P46482|8.A.1.7.1	37.4	294	180	3	1	292	1	292	1.1e-47	186.8
BCW-200211_00609	gnl|TC-DB|P69451|4.C.1.1.4	55.7	558	244	3	6	562	5	560	5.4e-181	630.6
BCW-200211_00610	gnl|TC-DB|P69451|4.C.1.1.4	52.1	557	259	2	6	562	5	553	1.6e-172	602.4
BCW-200211_00621	gnl|TC-DB|Q4KI39|9.B.164.1.1	60.5	617	197	8	15	619	15	596	6.8e-209	723.4
BCW-200211_00622	gnl|TC-DB|Q9XIA9|4.C.1.1.14	21.5	480	320	12	45	474	81	553	2.1e-15	80.5
BCW-200211_00623	gnl|TC-DB|P0AG38|2.A.76.1.2	31.2	199	136	1	6	204	5	202	3.9e-23	104.8
BCW-200211_00626	gnl|TC-DB|B9MIH1|2.A.106.1.4	57.1	184	79	0	46	229	1	184	8.2e-54	206.8
BCW-200211_00628	gnl|TC-DB|M3JA40|1.B.52.2.1	50.0	92	39	1	510	594	251	342	3.5e-15	80.1
BCW-200211_00643	gnl|TC-DB|582031876|1.M.1.3.7	38.5	130	79	1	11	139	5	134	1.1e-11	66.2
BCW-200211_00662	gnl|TC-DB|O50181|3.A.1.3.11	58.9	258	104	2	1	257	1	257	9.1e-83	303.1
BCW-200211_00669	gnl|TC-DB|P0AE26|3.A.1.2.2	63.1	301	111	0	22	322	23	323	8.7e-91	330.1
BCW-200211_00670	gnl|TC-DB|P0AAF3|3.A.1.2.2	60.1	491	196	0	6	496	8	498	1.5e-166	582.4
BCW-200211_00671	gnl|TC-DB|P02924|3.A.1.2.2	58.3	321	129	3	16	332	7	326	9.6e-101	363.2
BCW-200211_00675	gnl|TC-DB|P70786|2.A.1.14.3	43.2	414	234	1	4	417	23	435	1.0e-102	370.2
BCW-200211_00679	gnl|TC-DB|P75780|1.B.14.1.9	30.6	814	440	29	10	776	25	760	7.5e-88	321.6
BCW-200211_00681	gnl|TC-DB|Q93N33|2.A.21.9.2	29.2	240	141	7	234	445	760	998	2.5e-14	76.6
BCW-200211_00686	gnl|TC-DB|P13794|1.B.6.1.2	48.4	157	68	3	73	229	202	345	1.4e-29	126.3
BCW-200211_00691	gnl|TC-DB|Q9ZBQ0|2.A.39.1.6	43.4	482	256	6	4	484	2	467	3.8e-98	355.1
BCW-200211_00701	gnl|TC-DB|P0AEM9|3.A.1.3.10	38.0	92	56	1	22	112	33	124	1.0e-13	73.2
BCW-200211_00708	gnl|TC-DB|A9BQS6|2.A.7.37.1	65.1	129	45	0	1	129	1	129	1.1e-42	169.1
BCW-200211_00716	gnl|TC-DB|P0AFL1|3.A.1.11.2	63.6	264	96	0	10	273	15	278	4.8e-88	320.9
BCW-200211_00717	gnl|TC-DB|P31135|3.A.1.11.2	51.7	286	138	0	17	302	28	313	1.1e-79	293.1
BCW-200211_00718	gnl|TC-DB|P31134|3.A.1.11.2	64.0	358	127	2	22	378	19	375	1.8e-119	425.6
BCW-200211_00719	gnl|TC-DB|P31133|3.A.1.11.2	56.3	359	153	3	10	364	12	370	3.0e-116	414.8
BCW-200211_00720	gnl|TC-DB|P31133|3.A.1.11.2	58.5	359	147	2	13	369	12	370	1.4e-121	432.6
BCW-200211_00727	gnl|TC-DB|Q8KZQ6|3.A.1.17.2	84.8	264	40	0	4	267	6	269	1.7e-127	451.8
BCW-200211_00728	gnl|TC-DB|O85765|3.A.1.17.2	92.9	253	18	0	6	258	9	261	1.3e-132	468.8
BCW-200211_00730	gnl|TC-DB|O85763|3.A.1.17.2	88.8	322	35	1	1	322	1	321	4.4e-159	557.0
BCW-200211_00733	gnl|TC-DB|Q51510|1.B.25.1.2	61.9	467	151	9	1	452	6	460	1.2e-151	532.7
BCW-200211_00739	gnl|TC-DB|Q8F3M7|3.A.15.4.1	40.7	496	261	7	72	549	77	557	1.1e-96	350.5
BCW-200211_00740	gnl|TC-DB|P0AA53|8.A.21.2.2	73.5	298	77	1	1	298	1	296	5.4e-82	300.8
BCW-200211_00746	gnl|TC-DB|Q82VN6|3.A.1.10.4	51.6	517	248	2	19	533	1	517	4.2e-130	461.5
BCW-200211_00747	gnl|TC-DB|Q82VN7|3.A.1.10.4	53.5	310	144	0	24	333	33	342	3.1e-99	358.2
BCW-200211_00755	gnl|TC-DB|S6URY0|1.E.11.3.2	83.7	43	7	0	1	43	1	43	2.3e-16	80.1
BCW-200211_00758	gnl|TC-DB|P37626|3.A.1.105.16	53.5	142	60	3	44	180	209	349	1.4e-34	142.5
BCW-200211_00759	gnl|TC-DB|C8TJS4|3.A.1.105.16	54.2	903	397	3	10	904	17	910	1.3e-272	935.6
BCW-200211_00760	gnl|TC-DB|P0AGH1|3.A.1.105.16	51.3	372	181	0	1	372	1	372	1.9e-97	352.4
BCW-200211_00763	gnl|TC-DB|P08194|2.A.1.4.3	74.6	421	107	0	1	421	1	421	1.4e-195	678.7
BCW-200211_00765	gnl|TC-DB|G0LBU8|1.B.14.6.11	32.6	826	453	19	31	794	193	976	2.0e-96	350.1
BCW-200211_00769	gnl|TC-DB|B9DIS8|9.B.97.5.1	31.8	352	219	11	6	340	18	365	3.0e-37	153.3
BCW-200211_00770	gnl|TC-DB|P40290|3.A.6.1.1	29.6	247	150	6	160	393	151	386	2.5e-13	73.2
BCW-200211_00773	gnl|TC-DB|P54535|3.A.1.3.15	24.1	257	180	6	3	252	2	250	5.0e-12	68.2
BCW-200211_00774	gnl|TC-DB|P42200|3.A.1.3.14	34.3	213	133	2	4	215	21	227	1.3e-24	109.8
BCW-200211_00775	gnl|TC-DB|P0AFT2|3.A.1.3.10	35.8	201	129	0	13	213	15	215	1.1e-28	123.2
BCW-200211_00776	gnl|TC-DB|Q9I488|3.A.1.3.21	57.3	239	102	0	3	241	1	239	6.2e-73	270.4
BCW-200211_00778	gnl|TC-DB|P45420|1.B.11.5.1	31.6	791	509	10	41	828	31	792	7.4e-118	421.4
BCW-200211_00784	gnl|TC-DB|P75870|2.A.85.1.1	41.7	690	384	6	21	706	17	692	3.8e-142	501.9
BCW-200211_00785	gnl|TC-DB|P33913|3.A.1.5.21	39.2	613	346	9	3	609	4	595	1.1e-123	440.3
BCW-200211_00786	gnl|TC-DB|Q8ZNK0|3.A.1.5.24	42.1	596	335	7	2	592	1	591	6.9e-129	457.6
BCW-200211_00787	gnl|TC-DB|P0AFU1|3.A.1.5.21	62.9	364	126	2	1	355	1	364	6.4e-127	450.3
BCW-200211_00788	gnl|TC-DB|P33915|3.A.1.5.21	59.3	337	136	1	3	339	4	339	1.6e-114	409.1
BCW-200211_00789	gnl|TC-DB|P33916|3.A.1.5.21	60.2	522	206	2	6	525	5	526	2.7e-169	591.7
BCW-200211_00791	gnl|TC-DB|P38101|2.A.76.1.4	29.3	188	126	4	2	186	4	187	1.3e-12	69.7
BCW-200211_00801	gnl|TC-DB|P0AAP1|9.B.34.1.2	34.2	187	108	4	129	310	194	370	2.4e-21	99.4
BCW-200211_00808	gnl|TC-DB|Q01674|1.B.14.1.17	24.4	688	434	27	57	704	65	706	5.0e-30	129.4
BCW-200211_00819	gnl|TC-DB|Q15HU6|3.A.7.14.2	36.4	165	99	3	237	399	23	183	1.2e-18	90.9
BCW-200211_00824	gnl|TC-DB|Q9KN48|3.A.23.1.1	43.3	217	121	2	232	447	217	432	7.6e-44	174.9
BCW-200211_00850	gnl|TC-DB|P72121|1.B.14.4.1	74.0	688	160	6	16	686	38	723	1.0e-306	1048.5
BCW-200211_00865	gnl|TC-DB|Q2G506|3.A.1.210.11	37.3	504	284	10	109	602	116	597	6.4e-74	275.0
BCW-200211_00866	gnl|TC-DB|Q8DUC7|2.A.11.1.3	41.1	467	253	7	1	451	2	462	3.1e-86	315.5
BCW-200211_00869	gnl|TC-DB|Q9KN48|3.A.23.1.1	35.0	297	187	3	298	589	164	459	3.0e-42	169.9
BCW-200211_00880	gnl|TC-DB|A5W3Z9|9.B.153.4.3	70.8	288	84	0	1	288	1	288	2.7e-120	427.9
BCW-200211_00885	gnl|TC-DB|P94400|9.B.10.1.1	43.8	379	208	4	8	383	3	379	1.4e-85	313.2
BCW-200211_00890	gnl|TC-DB|P22731|3.A.1.4.1	59.5	237	96	0	1	237	1	237	7.4e-71	263.5
BCW-200211_00891	gnl|TC-DB|P21629|3.A.1.4.8	53.4	279	100	2	6	284	5	253	1.5e-78	289.3
BCW-200211_00892	gnl|TC-DB|P21628|3.A.1.4.8	52.9	416	180	6	9	414	1	410	1.5e-106	382.9
BCW-200211_00893	gnl|TC-DB|P0AEX7|3.A.1.4.1	51.8	301	144	1	5	304	8	308	1.4e-77	286.2
BCW-200211_00894	gnl|TC-DB|Q9L3M3|3.A.1.4.3	48.8	363	180	5	7	367	2	360	3.6e-88	321.6
BCW-200211_00896	gnl|TC-DB|Q9RQ29|2.A.1.3.20	23.2	509	346	10	20	500	4	495	2.9e-16	83.2
BCW-200211_00897	gnl|TC-DB|Q9RQ30|8.A.1.1.2	37.7	313	179	4	38	346	61	361	2.3e-36	149.4
BCW-200211_00898	gnl|TC-DB|Q4VWC6|3.A.1.105.4	33.8	480	300	4	7	468	1	480	1.7e-66	250.0
BCW-200211_00901	gnl|TC-DB|Q8G8W9|1.B.14.1.26	56.5	809	340	6	13	816	7	808	1.1e-272	935.6
BCW-200211_00909	gnl|TC-DB|Q3AQR0|9.B.149.1.5	26.0	565	401	11	21	576	35	591	2.1e-41	167.2
BCW-200211_00929	gnl|TC-DB|Q3YL97|1.B.20.1.3	32.4	540	351	5	33	569	56	584	8.0e-79	291.2
BCW-200211_00936	gnl|TC-DB|P02924|3.A.1.2.2	56.8	322	137	2	4	324	6	326	2.6e-98	355.1
BCW-200211_00944	gnl|TC-DB|Q07711|3.A.7.7.1	24.5	556	362	18	111	628	103	638	1.2e-25	115.2
BCW-200211_00952	gnl|TC-DB|Q8Y3H0|2.A.6.2.45	65.9	1030	347	3	1	1026	1	1030	0.0e+00	1280.4
BCW-200211_00953	gnl|TC-DB|Q8Y3G9|2.A.6.2.45	51.8	359	169	3	16	371	18	375	5.9e-94	340.9
BCW-200211_00957	gnl|TC-DB|Q89V93|2.A.102.4.6	28.8	281	167	9	5	260	88	360	1.8e-14	76.3
BCW-200211_00963	gnl|TC-DB|P0AF98|1.B.42.1.2	34.8	359	229	2	1	359	1	354	8.6e-50	194.1
BCW-200211_00964	gnl|TC-DB|P0ADC6|1.B.42.1.2	37.5	357	215	3	4	357	7	358	1.8e-60	229.6
BCW-200211_00969	gnl|TC-DB|A0ZUB1|3.A.1.122.12	82.7	652	112	1	1	652	1	651	3.5e-304	1040.0
BCW-200211_00970	gnl|TC-DB|Q84BQ3|3.A.1.122.12	78.2	363	78	1	21	383	1	362	7.6e-126	446.8
BCW-200211_00971	gnl|TC-DB|O05307|4.C.1.1.3	25.0	507	315	20	1598	2056	44	533	2.0e-13	76.6
BCW-200211_00972	gnl|TC-DB|Q42524|4.C.1.1.7	23.3	502	335	12	573	1037	67	555	2.2e-19	96.7
BCW-200211_00990	gnl|TC-DB|Q6MLE8|1.A.23.4.12	27.7	206	145	2	105	306	126	331	1.8e-12	70.5
BCW-200211_00994	gnl|TC-DB|A8J166|2.A.39.3.14	39.3	481	253	9	25	477	17	486	3.1e-87	318.9
BCW-200211_00998	gnl|TC-DB|Q00538|2.A.1.3.10	26.5	412	297	5	11	417	15	425	7.9e-22	101.7
BCW-200211_01007	gnl|TC-DB|P23865|9.B.174.1.2	42.1	708	353	11	1	688	1	671	3.2e-130	462.2
BCW-200211_01009	gnl|TC-DB|P69874|3.A.1.11.1	52.0	254	122	0	4	257	18	271	5.4e-72	267.7
BCW-200211_01019	gnl|TC-DB|Q9L717|3.A.7.18.1	38.0	192	110	2	192	374	327	518	1.4e-32	137.1
BCW-200211_01021	gnl|TC-DB|Q9L714|3.A.7.18.1	51.3	341	166	0	56	396	116	456	5.3e-96	347.8
BCW-200211_01029	gnl|TC-DB|Q9HV74|2.A.21.9.1	35.2	253	142	8	658	902	737	975	1.1e-26	118.6
BCW-200211_01038	gnl|TC-DB|P21410|3.A.1.10.1	57.3	347	141	3	1	345	1	342	9.2e-102	366.7
BCW-200211_01039	gnl|TC-DB|P21409|3.A.1.10.1	73.6	504	133	0	26	529	23	526	1.2e-201	699.1
BCW-200211_01040	gnl|TC-DB|P21408|3.A.1.10.1	73.7	338	89	0	1	338	1	338	9.3e-144	506.1
BCW-200211_01044	gnl|TC-DB|Q9WWZ8|2.A.6.2.9	29.5	475	310	7	1	450	1	475	2.3e-44	176.4
BCW-200211_01045	gnl|TC-DB|Q9I0V5|2.A.6.2.39	45.3	384	193	3	15	382	18	400	2.3e-61	232.6
BCW-200211_01046	gnl|TC-DB|Q9I0V6|2.A.6.2.39	50.5	1012	497	2	8	1015	8	1019	1.0e-265	912.9
BCW-200211_01051	gnl|TC-DB|P11461|1.B.14.1.11	36.8	673	410	8	125	787	59	726	6.3e-119	424.9
BCW-200211_01060	gnl|TC-DB|Q8TJ86|3.A.1.8.2	34.0	203	132	2	13	214	14	215	4.0e-26	114.8
BCW-200211_01061	gnl|TC-DB|P09833|3.A.1.8.1	42.5	360	198	5	1	359	1	352	3.8e-71	265.0
BCW-200211_01063	gnl|TC-DB|Q53712|3.A.1.120.3	28.2	528	335	8	23	524	44	553	7.2e-37	151.8
BCW-200211_01069	gnl|TC-DB|P0AB93|3.A.4.1.1	70.4	426	126	0	1	426	1	426	4.9e-166	580.5
BCW-200211_01072	gnl|TC-DB|P36640|3.A.3.4.1	54.0	835	358	5	68	900	89	899	3.4e-257	884.4
BCW-200211_01082	gnl|TC-DB|Q9HV74|2.A.21.9.1	24.8	363	218	14	42	386	649	974	7.0e-13	72.0
BCW-200211_01093	gnl|TC-DB|O07002|2.A.3.11.1	59.0	512	209	1	1	511	1	512	1.5e-183	639.0
BCW-200211_01099	gnl|TC-DB|P38101|2.A.76.1.4	32.8	192	122	5	3	192	1	187	1.6e-18	89.4
BCW-200211_01101	gnl|TC-DB|C5W790|2.A.1.3.36	46.2	132	68	2	231	360	211	341	3.0e-26	115.9
BCW-200211_01102	gnl|TC-DB|Q9KIH3|2.A.1.3.18	36.8	519	324	3	1	517	1	517	3.8e-96	348.6
BCW-200211_01103	gnl|TC-DB|P24145|1.B.17.3.1	27.1	469	311	6	14	474	14	459	3.2e-33	139.4
BCW-200211_01105	gnl|TC-DB|D4I357|9.B.97.4.1	29.7	337	213	9	8	333	7	330	1.4e-22	103.6
BCW-200211_01107	gnl|TC-DB|P77389|2.A.1.2.65	59.2	377	154	0	1	377	1	377	2.0e-110	395.6
BCW-200211_01113	gnl|TC-DB|P31552|4.C.1.1.6	29.5	491	292	12	40	498	49	517	1.6e-46	183.7
BCW-200211_01114	gnl|TC-DB|P0C0L7|2.A.1.6.4	33.7	424	260	6	11	419	22	439	4.5e-66	248.4
BCW-200211_01121	gnl|TC-DB|P45522|2.A.37.1.2	44.6	594	319	7	6	597	5	590	1.2e-125	446.8
BCW-200211_01123	gnl|TC-DB|Q89K67|2.A.55.2.6	49.8	422	212	0	17	438	27	448	3.3e-109	391.7
BCW-200211_01125	gnl|TC-DB|G8WDN2|2.A.7.21.5	65.5	142	49	0	19	160	1	142	1.1e-44	176.0
BCW-200211_01126	gnl|TC-DB|G8WDN3|2.A.7.21.5	62.4	141	53	0	6	146	1	141	3.3e-40	161.0
BCW-200211_01132	gnl|TC-DB|P0A927|1.B.10.1.1	51.1	276	126	3	52	320	21	294	8.1e-81	297.0
BCW-200211_01135	gnl|TC-DB|O30491|3.A.1.1.49	72.6	431	118	0	6	436	6	436	4.7e-188	653.7
BCW-200211_01145	gnl|TC-DB|Q1M7Q2|3.A.1.11.6	30.0	220	154	0	14	233	21	240	1.2e-26	116.7
BCW-200211_01146	gnl|TC-DB|P0AFK4|3.A.1.11.1	32.7	226	148	3	45	267	38	262	3.6e-32	135.2
BCW-200211_01147	gnl|TC-DB|P54933|3.A.1.1.5	42.1	340	183	4	1	338	1	328	1.4e-70	263.1
BCW-200211_01151	gnl|TC-DB|Q8NRW1|3.A.1.4.5	44.9	365	194	6	40	401	53	413	1.0e-88	323.6
BCW-200211_01152	gnl|TC-DB|Q8NRW0|3.A.1.4.5	45.6	287	150	2	18	304	11	291	1.3e-59	226.5
BCW-200211_01153	gnl|TC-DB|Q9L3S4|3.A.1.4.4	44.5	317	164	2	32	346	30	336	2.0e-65	246.1
BCW-200211_01154	gnl|TC-DB|Q8NRV8|3.A.1.4.5	46.4	239	125	2	13	251	3	238	2.3e-54	208.8
BCW-200211_01155	gnl|TC-DB|Q8NRV7|3.A.1.4.5	43.5	214	114	3	1	210	1	211	9.4e-47	183.3
BCW-200211_01161	gnl|TC-DB|O34474|2.A.66.1.25	41.3	445	259	1	9	451	18	462	5.5e-91	331.3
BCW-200211_01162	gnl|TC-DB|D2PP09|2.A.1.67.1	38.9	378	230	1	1	377	1	378	2.4e-63	239.2
BCW-200211_01164	gnl|TC-DB|P31552|4.C.1.1.6	22.0	491	329	12	3064	3513	39	516	2.2e-17	90.1
BCW-200211_01190	gnl|TC-DB|O67997|1.A.11.1.4	65.0	437	136	6	9	441	12	435	6.5e-145	510.4
BCW-200211_01196	gnl|TC-DB|Q9F5N7|2.A.66.1.9	38.2	437	266	2	14	449	25	458	5.5e-70	261.5
BCW-200211_01217	gnl|TC-DB|W0WQF0|3.A.1.5.39	74.1	529	133	2	1	529	1	525	1.5e-228	788.5
BCW-200211_01225	gnl|TC-DB|Q8NRW1|3.A.1.4.5	46.4	377	186	7	27	403	49	409	3.5e-92	335.1
BCW-200211_01239	gnl|TC-DB|Q93N33|2.A.21.9.2	28.4	341	211	8	234	560	746	1067	1.3e-22	105.1
BCW-200211_01243	gnl|TC-DB|P51973|3.A.11.2.1	33.1	689	403	22	55	721	17	669	3.6e-71	266.2
BCW-200211_01244	gnl|TC-DB|Q8F192|1.A.30.2.9	39.4	193	115	2	3	194	67	258	9.0e-28	120.2
BCW-200211_01251	gnl|TC-DB|P0AAC6|1.A.14.2.1	56.3	206	89	1	17	222	15	219	1.3e-53	206.1
BCW-200211_01265	gnl|TC-DB|P15644|1.B.22.1.1	24.0	641	397	16	101	720	33	604	6.5e-33	139.0
BCW-200211_01270	gnl|TC-DB|Q9XD71|3.A.15.3.1	38.5	135	75	4	12	140	5	137	1.1e-18	89.4
BCW-200211_01271	gnl|TC-DB|Q8F3M8|3.A.15.4.1	27.0	371	253	4	1	361	1	363	1.6e-33	140.2
BCW-200211_01272	gnl|TC-DB|Q8F3M7|3.A.15.4.1	41.0	551	321	4	17	564	8	557	2.8e-116	415.6
BCW-200211_01288	gnl|TC-DB|Q9KN48|3.A.23.1.1	40.9	230	128	3	318	542	200	426	6.3e-42	168.7
BCW-200211_01289	gnl|TC-DB|G3LHY8|3.A.1.1.35	46.3	356	191	0	3	358	2	357	4.3e-86	314.7
BCW-200211_01290	gnl|TC-DB|G3LHY9|3.A.1.1.35	55.2	359	152	3	1	359	1	350	1.2e-112	402.9
BCW-200211_01291	gnl|TC-DB|G3LHZ0|3.A.1.1.35	69.0	287	89	0	1	287	1	287	7.2e-113	403.3
BCW-200211_01292	gnl|TC-DB|G3LHZ1|3.A.1.1.35	81.2	256	48	0	11	266	18	273	1.8e-121	431.8
BCW-200211_01294	gnl|TC-DB|G3LHZ3|3.A.1.1.35	68.1	561	170	4	23	576	9	567	2.3e-227	784.6
BCW-200211_01298	gnl|TC-DB|P39836|2.A.28.3.4	58.4	315	130	1	9	323	8	321	4.4e-98	354.4
BCW-200211_01300	gnl|TC-DB|P31122|2.A.1.2.15	58.7	387	160	0	1	387	1	387	5.2e-114	407.5
BCW-200211_01315	gnl|TC-DB|P25527|2.A.3.1.4	60.0	442	173	2	1	439	1	441	2.5e-139	491.9
BCW-200211_01323	gnl|TC-DB|D9X7X8|2.A.1.3.38	39.7	459	263	6	16	470	28	476	9.7e-70	260.8
BCW-200211_01325	gnl|TC-DB|E4PCL6|9.B.27.2.7	43.2	183	103	1	5	187	1	182	1.8e-35	145.6
BCW-200211_01332	gnl|TC-DB|P31133|3.A.1.11.2	54.8	354	156	2	10	359	17	370	7.9e-117	416.8
BCW-200211_01335	gnl|TC-DB|Q9L1J2|2.A.3.8.26	33.0	439	282	6	4	441	22	449	2.1e-50	196.4
BCW-200211_01340	gnl|TC-DB|Q4KCN4|9.B.62.1.5	40.9	176	93	5	17	184	19	191	4.8e-26	115.5
BCW-200211_01349	gnl|TC-DB|Q70J75|3.A.1.105.3	38.3	209	128	1	14	221	16	224	1.2e-28	123.2
BCW-200211_01373	gnl|TC-DB|Q21EL3|1.B.14.1.24	32.4	675	428	13	39	693	28	694	4.8e-86	315.5
BCW-200211_01378	gnl|TC-DB|Q8RCC4|3.A.1.3.27	32.2	273	160	6	2	264	3	260	1.2e-24	110.2
BCW-200211_01379	gnl|TC-DB|P54537|3.A.1.3.15	53.4	238	111	0	4	241	1	238	1.8e-70	262.3
BCW-200211_01380	gnl|TC-DB|P0AEQ6|3.A.1.3.2	37.5	208	129	1	9	215	8	215	3.8e-29	124.8
BCW-200211_01381	gnl|TC-DB|P0AFT2|3.A.1.3.10	30.4	207	144	0	8	214	8	214	2.1e-19	92.4
BCW-200211_01382	gnl|TC-DB|Q9HT68|3.A.1.24.5	69.6	260	79	0	1	260	1	260	8.6e-97	349.7
BCW-200211_01383	gnl|TC-DB|Q9KN48|3.A.23.1.1	37.7	239	148	1	16	253	181	419	6.0e-41	164.5
BCW-200211_01385	gnl|TC-DB|Q1D0D2|1.A.30.2.7	48.8	121	60	2	12	131	13	132	2.5e-20	94.7
BCW-200211_01386	gnl|TC-DB|Q1D0D3|1.A.30.2.7	36.2	213	131	2	10	217	24	236	3.2e-29	125.2
BCW-200211_01389	gnl|TC-DB|P17583|2.A.1.17.1	44.4	374	205	2	12	383	4	376	3.7e-83	305.1
BCW-200211_01390	gnl|TC-DB|Q9LAE4|1.B.14.8.1	25.4	773	460	20	40	771	30	726	7.8e-45	178.7
BCW-200211_01403	gnl|TC-DB|P44669|9.A.41.1.1	62.7	619	229	2	1	619	1	617	5.2e-209	723.8
BCW-200211_01419	gnl|TC-DB|O80800|3.D.1.6.3	48.0	75	39	0	2	76	48	122	7.4e-12	65.9
BCW-200211_01430	gnl|TC-DB|M3JA40|1.B.52.2.1	33.5	227	147	4	320	544	236	460	2.8e-17	86.7
BCW-200211_01440	gnl|TC-DB|P37621|2.A.1.46.7	46.0	389	210	0	1	389	5	393	3.2e-87	318.5
BCW-200211_01444	gnl|TC-DB|P73239|3.A.1.106.14	33.5	498	304	7	118	604	106	587	2.8e-66	249.6
BCW-200211_01445	gnl|TC-DB|P60844|1.A.8.3.1	70.4	226	66	1	4	228	1	226	4.7e-86	313.9
BCW-200211_01465	gnl|TC-DB|Q93N33|2.A.21.9.2	30.3	390	247	6	160	530	768	1151	1.3e-43	174.1
BCW-200211_01474	gnl|TC-DB|P94369|2.A.39.1.5	37.6	441	270	5	12	451	3	439	1.9e-78	289.7
BCW-200211_01480	gnl|TC-DB|Q1D3D8|1.A.30.2.4	28.5	193	126	5	6	188	12	202	3.5e-11	65.1
BCW-200211_01507	gnl|TC-DB|P0A9T8|3.A.1.122.15	60.6	218	84	1	4	219	5	222	2.3e-66	248.4
BCW-200211_01508	gnl|TC-DB|P77504|3.A.1.122.15	31.9	811	507	11	15	813	4	781	1.5e-97	354.0
BCW-200211_01511	gnl|TC-DB|Q2SDB1|3.A.1.132.4	37.2	148	93	0	1	148	76	223	8.1e-22	100.5
BCW-200211_01541	gnl|TC-DB|P94575|2.A.39.3.4	35.4	483	299	5	31	509	10	483	4.6e-78	288.5
BCW-200211_01549	gnl|TC-DB|Q9K0A9|2.A.28.2.4	52.7	311	145	1	1	309	1	311	6.9e-80	293.9
BCW-200211_01550	gnl|TC-DB|P69937|2.A.7.1.4	64.4	104	37	0	1	104	1	104	5.6e-31	129.8
BCW-200211_01551	gnl|TC-DB|O32182|2.A.1.3.33	23.9	414	253	9	24	377	32	443	1.7e-19	93.6
BCW-200211_01553	gnl|TC-DB|B2FLY6|2.A.6.2.14	29.7	455	295	9	1	438	12	458	2.8e-31	132.9
BCW-200211_01555	gnl|TC-DB|P0A9T8|3.A.1.122.15	44.0	218	122	0	12	229	7	224	4.3e-45	177.9
BCW-200211_01557	gnl|TC-DB|P46482|8.A.1.7.1	39.4	282	169	2	1	281	5	285	2.5e-49	192.2
BCW-200211_01558	gnl|TC-DB|Q887R7|8.A.48.1.6	80.3	66	13	0	1	66	1	66	6.9e-27	115.5
BCW-200211_01559	gnl|TC-DB|E0LV84|2.A.85.1.4	22.9	536	389	8	32	559	10	529	1.2e-23	108.2
BCW-200211_01560	gnl|TC-DB|P24126|1.B.17.3.2	45.9	477	250	2	12	484	12	484	1.4e-106	383.3
BCW-200211_01568	gnl|TC-DB|Q9I3R2|2.A.6.2.35	49.2	376	180	6	9	380	11	379	5.2e-82	301.2
BCW-200211_01569	gnl|TC-DB|Q4LDT8|2.A.6.2.35	71.3	1013	291	0	8	1020	8	1020	0.0e+00	1383.6
BCW-200211_01572	gnl|TC-DB|Q9I6X0|1.B.25.1.12	64.1	446	152	2	1	440	1	444	1.3e-166	582.4
BCW-200211_01573	gnl|TC-DB|D4ZZR3|9.B.34.1.3	43.7	174	91	4	324	493	225	395	7.7e-30	128.3
BCW-200211_01581	gnl|TC-DB|P0ABG4|2.A.103.1.1	44.3	350	193	1	35	384	55	402	1.9e-79	292.7
BCW-200211_01583	gnl|TC-DB|P0A6W3|9.B.146.1.6	64.4	360	128	0	1	360	1	360	3.7e-130	461.1
BCW-200211_01595	gnl|TC-DB|P37643|2.A.1.6.10	54.4	436	194	2	2	432	5	440	5.4e-120	427.6
BCW-200211_01596	gnl|TC-DB|P37908|9.A.40.2.4	35.4	381	232	8	36	403	38	417	1.9e-58	223.0
BCW-200211_01597	gnl|TC-DB|A6V120|9.B.14.3.5	74.9	263	66	0	8	270	4	266	8.9e-105	376.3
BCW-200211_01598	gnl|TC-DB|P0AGD7|3.A.5.1.1	66.0	453	150	2	1	453	1	449	8.4e-156	546.6
BCW-200211_01615	gnl|TC-DB|D1F3T8|2.A.1.3.42	37.0	887	523	17	10	880	6	872	1.0e-133	474.2
BCW-200211_01621	gnl|TC-DB|G3XCT7|2.A.1.25.5	55.8	586	180	5	1	507	1	586	9.0e-167	583.2
BCW-200211_01644	gnl|TC-DB|Q7VSQ4|1.B.14.2.8	30.2	840	516	23	48	850	37	843	7.4e-81	298.5
BCW-200211_01657	gnl|TC-DB|P0AEX3|2.A.1.6.2	54.2	432	194	1	9	436	1	432	2.7e-127	451.8
BCW-200211_01662	gnl|TC-DB|P39766|2.A.40.1.4	43.0	398	219	3	18	409	25	420	1.1e-82	303.5
BCW-200211_01670	gnl|TC-DB|P64604|3.A.1.27.3	46.2	160	81	1	1	155	1	160	8.0e-34	139.8
BCW-200211_01671	gnl|TC-DB|P64606|3.A.1.27.3	60.6	259	102	0	6	264	2	260	2.7e-82	301.6
BCW-200211_01672	gnl|TC-DB|P63386|3.A.1.27.3	57.1	266	114	0	1	266	1	266	1.0e-89	326.2
BCW-200211_01676	gnl|TC-DB|P0ADV1|1.B.42.1.2	34.8	158	95	5	6	160	9	161	3.9e-16	81.3
BCW-200211_01677	gnl|TC-DB|P0A9V1|1.B.42.1.2	68.0	241	77	0	1	241	1	241	2.9e-91	331.3
BCW-200211_01680	gnl|TC-DB|D4GYE4|4.A.2.1.15	33.3	132	88	0	18	149	20	151	6.4e-15	77.0
BCW-200211_01696	gnl|TC-DB|P16926|9.B.157.1.3	37.0	300	186	1	3	302	13	309	1.1e-51	200.3
BCW-200211_01697	gnl|TC-DB|P0A9X4|9.B.157.1.3	80.7	347	65	1	1	345	1	347	1.6e-154	542.0
BCW-200211_01702	gnl|TC-DB|Q0ZAI3|2.A.19.5.2	39.1	304	174	5	20	314	11	312	1.2e-43	173.7
BCW-200211_01714	gnl|TC-DB|P0AG38|2.A.76.1.2	26.9	201	146	1	13	212	6	206	1.5e-19	92.8
BCW-200211_01719	gnl|TC-DB|L0LHM3|2.A.7.31.3	51.4	278	134	1	1	277	1	278	7.3e-70	260.4
BCW-200211_01725	gnl|TC-DB|927580526|2.A.7.3.63	59.0	256	96	3	8	256	9	262	2.0e-72	269.2
BCW-200211_01743	gnl|TC-DB|P00726|1.M.1.1.1	36.3	146	87	4	5	145	8	152	7.4e-13	70.1
BCW-200211_01771	gnl|TC-DB|O50455|1.A.35.3.5	35.3	300	181	4	34	323	70	366	2.7e-47	185.7
BCW-200211_01786	gnl|TC-DB|P37665|9.B.186.1.1	40.0	120	72	0	141	260	98	217	5.7e-19	91.3
BCW-200211_01796	gnl|TC-DB|P07775|2.A.46.1.1	53.1	390	183	0	1	390	5	394	3.7e-115	411.4
BCW-200211_01801	gnl|TC-DB|P0AE26|3.A.1.2.2	61.3	323	123	1	1	321	1	323	6.0e-92	334.0
BCW-200211_01802	gnl|TC-DB|P0AAF3|3.A.1.2.2	62.7	166	62	0	1	166	333	498	1.1e-55	212.6
BCW-200211_01812	gnl|TC-DB|P42670|2.A.1.3.11	33.4	461	287	6	13	457	23	479	2.1e-53	206.5
BCW-200211_01817	gnl|TC-DB|O85763|3.A.1.17.2	24.1	332	222	8	8	331	10	319	4.6e-18	88.6
BCW-200211_01818	gnl|TC-DB|Q47539|3.A.1.17.1	32.3	254	166	1	25	272	17	270	9.9e-31	131.3
BCW-200211_01819	gnl|TC-DB|P38045|3.A.1.16.1	45.7	254	128	5	3	247	2	254	1.1e-54	209.9
BCW-200211_01823	gnl|TC-DB|G3IME2|9.B.35.1.2	38.8	116	68	2	23	136	27	141	5.8e-20	93.6
BCW-200211_01824	gnl|TC-DB|D6ZSR9|1.A.1.5.25	29.8	188	123	4	27	207	33	218	2.7e-14	75.5
BCW-200211_01829	gnl|TC-DB|Q9KN48|3.A.23.1.1	35.4	333	156	6	21	302	203	527	2.0e-36	149.4
BCW-200211_01832	gnl|TC-DB|Q7BFA4|3.A.6.1.1	36.2	240	141	5	12	246	12	244	3.4e-29	125.2
BCW-200211_01837	gnl|TC-DB|Q01723|1.B.22.3.1	46.4	700	346	11	26	702	3	696	1.4e-165	579.7
BCW-200211_01840	gnl|TC-DB|P40727|3.A.6.2.1	32.2	339	220	6	6	339	8	341	7.0e-28	121.3
BCW-200211_01842	gnl|TC-DB|Q7BFA7|3.A.6.1.1	59.4	69	28	0	9	77	12	80	4.8e-12	66.6
BCW-200211_01843	gnl|TC-DB|Q9ZA77|3.A.6.1.1	42.9	210	120	0	7	216	6	215	1.1e-44	176.4
BCW-200211_01847	gnl|TC-DB|P40290|3.A.6.1.1	50.9	434	201	3	18	447	13	438	3.3e-112	401.7
BCW-200211_01849	gnl|TC-DB|P0C2V3|3.A.6.1.1	39.3	699	392	8	11	683	9	701	1.3e-136	483.4
BCW-200211_01854	gnl|TC-DB|Q9KN48|3.A.23.1.1	37.8	325	170	4	138	430	193	517	1.2e-55	213.8
BCW-200211_01920	gnl|TC-DB|P69451|4.C.1.1.4	30.4	539	331	11	2	508	24	550	8.3e-59	224.6
BCW-200211_01925	gnl|TC-DB|Q4KI39|9.B.164.1.1	26.9	609	310	23	2	522	29	590	4.1e-45	179.1
BCW-200211_01932	gnl|TC-DB|Q0VQY7|2.A.6.2.46	44.1	460	253	3	9	466	10	467	3.2e-102	368.6
BCW-200211_01933	gnl|TC-DB|Q9HVI9|2.A.6.2.15	85.0	1043	156	0	1	1043	1	1043	0.0e+00	1699.1
BCW-200211_01934	gnl|TC-DB|P0AE06|8.A.1.6.1	44.8	359	195	2	13	369	16	373	2.9e-77	285.4
BCW-200211_01938	gnl|TC-DB|M3JA40|1.B.52.2.1	34.8	198	122	1	300	490	255	452	6.6e-21	98.6
BCW-200211_01940	gnl|TC-DB|P0AAP1|9.B.34.1.2	34.3	172	110	2	339	507	199	370	1.8e-21	100.5
BCW-200211_01944	gnl|TC-DB|P70786|2.A.1.14.3	47.3	419	217	4	9	426	20	435	3.5e-106	381.7
BCW-200211_01947	gnl|TC-DB|P70786|2.A.1.14.3	43.9	426	236	2	19	443	25	448	1.3e-97	353.2
BCW-200211_01948	gnl|TC-DB|P74477|2.A.49.6.1	30.9	388	231	14	52	421	64	432	1.0e-25	114.4
BCW-200211_01950	gnl|TC-DB|Q9F3K7|3.A.1.3.24	64.5	251	88	1	9	259	4	253	3.8e-89	324.3
BCW-200211_01951	gnl|TC-DB|P73544|3.A.1.3.12	44.7	206	108	3	22	227	313	512	2.2e-36	149.1
BCW-200211_01952	gnl|TC-DB|P09551|3.A.1.3.1	27.7	267	167	8	4	260	2	252	1.3e-15	80.1
BCW-200211_01954	gnl|TC-DB|Q21EL3|1.B.14.1.24	29.6	696	454	16	32	709	20	697	1.6e-84	310.5
BCW-200211_01959	gnl|TC-DB|Q8NR41|3.A.1.17.12	36.7	286	169	5	24	305	40	317	1.1e-40	163.7
BCW-200211_01960	gnl|TC-DB|Q1LCD9|2.A.6.1.6	49.4	470	236	1	18	485	12	481	5.6e-119	424.5
BCW-200211_01961	gnl|TC-DB|Q4VSJ3|2.A.6.2.20	34.5	345	220	3	37	378	13	354	8.0e-46	181.0
BCW-200211_01962	gnl|TC-DB|Q9HW27|2.A.6.2.33	46.7	1008	534	3	1	1006	1	1007	2.1e-247	852.0
BCW-200211_01964	gnl|TC-DB|P32722|1.B.25.1.1	60.6	442	170	4	2	440	3	443	6.0e-151	530.4
BCW-200211_01967	gnl|TC-DB|P43672|3.A.1.120.6	48.0	642	319	4	1	639	1	630	1.7e-154	542.7
BCW-200211_01969	gnl|TC-DB|Q0WML0|3.A.1.201.8	38.3	528	321	4	71	596	110	634	7.8e-93	337.8
BCW-200211_01972	gnl|TC-DB|Q9I3Y3|2.A.66.1.12	68.2	462	146	1	1	461	1	462	6.3e-175	610.1
BCW-200211_02000	gnl|TC-DB|Q887F7|2.A.1.21.20	66.5	391	128	1	1	388	1	391	1.0e-136	483.0
BCW-200211_02014	gnl|TC-DB|P37735|2.A.56.1.1	51.2	322	154	3	7	325	9	330	4.5e-79	291.2
BCW-200211_02016	gnl|TC-DB|O07838|2.A.56.1.1	53.3	409	177	1	32	426	32	440	2.2e-113	405.6
BCW-200211_02023	gnl|TC-DB|P96668|2.A.7.3.24	68.3	287	91	0	10	296	1	287	2.2e-104	375.2
BCW-200211_02031	gnl|TC-DB|Q1J0W6|9.B.34.1.1	28.4	257	166	7	123	376	104	345	1.2e-14	77.4
BCW-200211_02032	gnl|TC-DB|P52067|2.A.1.35.1	58.8	396	160	1	6	401	11	403	9.4e-127	449.9
BCW-200211_02035	gnl|TC-DB|P0C0L7|2.A.1.6.4	80.3	498	98	0	3	500	2	499	6.4e-234	806.2
BCW-200211_02036	gnl|TC-DB|Q07YH1|2.A.1.14.25	32.9	410	250	4	10	418	2	387	1.5e-59	226.9
BCW-200211_02055	gnl|TC-DB|Q7VYJ2|1.B.12.5.7	34.1	533	328	5	332	863	353	863	5.4e-79	292.4
BCW-200211_02069	gnl|TC-DB|B1J6T5|9.B.27.3.3	68.1	135	43	0	8	142	7	141	4.9e-49	190.3
BCW-200211_02072	gnl|TC-DB|F8CVI0|1.B.52.2.2	63.0	54	20	0	483	536	236	289	2.8e-11	67.0
BCW-200211_02073	gnl|TC-DB|P77735|8.A.5.1.6	31.0	335	205	9	1	320	1	324	1.2e-34	143.7
BCW-200211_02078	gnl|TC-DB|Q55107|3.A.1.16.3	44.5	236	125	3	21	251	25	259	8.1e-50	193.7
BCW-200211_02079	gnl|TC-DB|O07334|3.A.1.16.2	25.4	355	218	10	9	342	38	366	4.5e-28	122.1
BCW-200211_02080	gnl|TC-DB|Q7BW13|3.A.1.16.2	33.3	192	127	1	61	252	70	260	1.1e-32	136.7
BCW-200211_02093	gnl|TC-DB|Q9XD71|3.A.15.3.1	30.7	137	88	4	11	144	1	133	2.2e-12	68.6
BCW-200211_02105	gnl|TC-DB|P0C188|3.D.2.2.1	55.8	477	197	3	1	477	1	463	1.4e-137	486.1
BCW-200211_02106	gnl|TC-DB|P0C187|3.D.2.2.1	56.5	85	37	0	12	96	53	137	7.0e-21	96.3
BCW-200211_02107	gnl|TC-DB|P0C186|3.D.2.2.1	51.3	378	172	6	1	369	1	375	2.7e-88	322.0
BCW-200211_02112	gnl|TC-DB|P42308|2.A.11.1.2	63.1	428	153	1	1	428	1	423	5.0e-150	527.3
BCW-200211_02113	gnl|TC-DB|L5DDD7|2.A.109.2.3	47.2	229	120	1	1	229	370	597	4.4e-53	204.5
BCW-200211_02114	gnl|TC-DB|P0AF43|2.A.58.2.1	62.1	536	202	1	1	536	1	535	2.0e-175	612.1
BCW-200211_02117	gnl|TC-DB|A4PCH7|3.A.1.27.1	41.2	318	180	3	69	382	1	315	1.2e-57	220.3
BCW-200211_02118	gnl|TC-DB|A4PCH8|3.A.1.27.1	61.0	249	96	1	13	260	25	273	1.4e-78	289.3
BCW-200211_02121	gnl|TC-DB|I6ZUE8|9.B.156.3.1	40.8	373	214	3	41	409	153	522	7.7e-68	254.2
BCW-200211_02122	gnl|TC-DB|P21345|2.A.23.1.1	72.6	435	118	1	1	434	1	435	1.2e-167	585.9
BCW-200211_02126	gnl|TC-DB|Q9KN48|3.A.23.1.1	41.6	226	132	0	147	372	193	418	1.5e-45	180.3
BCW-200211_02129	gnl|TC-DB|D4ZZR3|9.B.34.1.3	44.0	175	92	3	511	679	219	393	3.7e-30	129.8
BCW-200211_02138	gnl|TC-DB|P39172|3.A.1.15.5	39.0	282	167	3	1	278	28	308	1.2e-48	189.9
BCW-200211_02140	gnl|TC-DB|P0A9X1|3.A.1.15.5	59.3	241	97	1	4	243	3	243	1.1e-78	289.7
BCW-200211_02141	gnl|TC-DB|P39832|3.A.1.15.5	47.7	256	134	0	1	256	1	256	2.0e-48	189.1
BCW-200211_02143	gnl|TC-DB|P75958|3.A.1.125.1	32.3	412	277	2	1	411	1	411	1.3e-59	226.9
BCW-200211_02144	gnl|TC-DB|P75957|3.A.1.125.1	59.2	223	91	0	9	231	3	225	6.7e-69	256.9
BCW-200211_02145	gnl|TC-DB|P75958|3.A.1.125.1	40.8	414	241	4	1	413	1	411	9.3e-69	257.3
BCW-200211_02149	gnl|TC-DB|P0A2G3|2.A.1.6.7	62.7	413	154	0	2	414	8	420	9.4e-149	523.1
BCW-200211_02154	gnl|TC-DB|Q8NRW0|3.A.1.4.5	44.9	294	156	2	204	497	4	291	2.0e-62	236.5
BCW-200211_02155	gnl|TC-DB|Q9L3S4|3.A.1.4.4	43.8	315	166	3	46	354	30	339	8.5e-63	237.3
BCW-200211_02156	gnl|TC-DB|Q9L3S3|3.A.1.4.4	44.8	259	125	2	32	273	5	262	1.5e-51	199.5
BCW-200211_02168	gnl|TC-DB|P0ABU7|1.A.30.2.1	62.6	235	83	2	93	325	6	237	3.3e-69	258.5
BCW-200211_02169	gnl|TC-DB|P0ABV2|1.A.30.2.1	67.4	141	46	0	1	141	1	141	9.8e-47	182.6
BCW-200211_02170	gnl|TC-DB|Q1R210|2.C.1.1.3	35.5	110	71	0	137	246	149	258	8.4e-17	84.0
BCW-200211_02178	gnl|TC-DB|P75831|3.A.1.122.1	37.1	210	122	5	1	206	4	207	3.0e-24	108.6
BCW-200211_02179	gnl|TC-DB|D8HIS0|9.B.106.2.2	30.4	299	164	9	8	266	218	512	9.0e-30	129.0
BCW-200211_02182	gnl|TC-DB|Q9KN45|3.A.23.1.1	26.8	1199	780	28	19	1166	29	1180	6.3e-107	385.6
BCW-200211_02183	gnl|TC-DB|O06874|1.A.30.1.2	37.0	127	79	1	299	424	175	301	1.1e-16	84.3
BCW-200211_02184	gnl|TC-DB|Q9KN51|3.A.23.1.1	43.9	440	245	2	5	443	5	443	1.8e-102	369.4
BCW-200211_02188	gnl|TC-DB|A8YQR7|3.A.23.2.1	23.9	339	241	7	1	325	4	339	3.7e-15	79.0
BCW-200211_02189	gnl|TC-DB|Q6EE21|3.A.23.2.1	41.5	159	92	1	1	158	1	159	1.2e-30	129.4
BCW-200211_02190	gnl|TC-DB|Q6EE20|3.A.23.2.1	53.0	474	213	5	27	494	21	490	1.6e-139	492.7
BCW-200211_02193	gnl|TC-DB|Q9KN55|3.A.23.1.1	28.7	631	382	18	9	619	7	589	1.5e-59	227.3
BCW-200211_02195	gnl|TC-DB|Q6EE14|3.A.23.2.1	52.8	866	392	2	8	873	7	855	2.8e-256	881.3
BCW-200211_02196	gnl|TC-DB|A8YQR5|3.A.23.2.1	41.0	503	288	4	7	506	7	503	2.5e-113	406.0
BCW-200211_02209	gnl|TC-DB|Q93N33|2.A.21.9.2	44.4	403	212	6	63	455	752	1152	1.8e-81	299.7
BCW-200211_02210	gnl|TC-DB|P39414|2.A.47.3.3	26.2	496	336	14	4	486	3	481	2.2e-21	100.1
BCW-200211_02212	gnl|TC-DB|P27303|8.A.1.1.1	47.4	135	69	2	243	375	216	350	1.4e-26	117.1
BCW-200211_02215	gnl|TC-DB|Q4KDN4|9.B.62.1.5	71.5	288	75	2	1	281	1	288	2.2e-98	355.1
BCW-200211_02216	gnl|TC-DB|Q4KDN3|9.B.62.1.5	68.0	122	38	1	1	121	1	122	1.6e-37	151.8
BCW-200211_02221	gnl|TC-DB|P16676|3.A.1.6.1	54.4	340	129	4	1	317	1	337	8.0e-92	333.6
BCW-200211_02222	gnl|TC-DB|P0AEB0|3.A.1.6.1	52.9	261	123	0	30	290	26	286	4.3e-73	271.2
BCW-200211_02223	gnl|TC-DB|P16701|3.A.1.6.1	48.9	264	135	0	8	271	9	272	8.7e-68	253.4
BCW-200211_02240	gnl|TC-DB|P10408|3.A.5.1.1	62.3	912	332	2	1	911	1	901	0.0e+00	1118.2
BCW-200211_02244	gnl|TC-DB|Q9HV74|2.A.21.9.1	27.5	396	226	11	281	662	626	974	1.2e-33	141.4
BCW-200211_02247	gnl|TC-DB|P0C0S1|1.A.23.2.1	31.8	289	179	6	2	278	3	285	2.6e-35	145.6
BCW-200211_02248	gnl|TC-DB|P32722|1.B.25.1.1	47.7	457	201	9	1	433	1	443	1.7e-102	369.4
BCW-200211_02261	gnl|TC-DB|P0ABU9|1.A.30.2.2	56.4	218	95	0	14	231	9	226	3.9e-61	231.1
BCW-200211_02262	gnl|TC-DB|Q1D0D2|1.A.30.2.7	36.9	141	72	2	11	151	10	133	6.7e-17	83.6
BCW-200211_02264	gnl|TC-DB|P0A855|2.C.1.2.1	53.0	413	187	4	9	418	22	430	3.7e-41	165.6
BCW-200211_02265	gnl|TC-DB|C6EJJ6|2.C.1.2.1	39.8	171	96	3	1	164	1	171	3.6e-24	107.8
BCW-200211_02269	gnl|TC-DB|P0AAH0|3.A.1.7.1	67.7	254	82	0	6	259	4	257	5.9e-98	353.6
BCW-200211_02270	gnl|TC-DB|P07654|3.A.1.7.1	55.7	287	119	3	3	288	15	294	9.3e-84	306.6
BCW-200211_02271	gnl|TC-DB|P0AGH8|3.A.1.7.1	56.7	305	131	1	27	330	13	317	7.3e-93	337.0
BCW-200211_02272	gnl|TC-DB|P0AG82|3.A.1.7.1	54.2	310	140	1	26	335	29	336	1.4e-94	342.8
BCW-200211_02273	gnl|TC-DB|P15320|1.C.75.1.1	31.6	1666	977	33	8	1604	6	1577	2.0e-170	597.0
BCW-200211_02274	gnl|TC-DB|P15321|1.B.20.1.1	38.8	482	277	12	72	547	64	533	2.5e-72	269.6
BCW-200211_02282	gnl|TC-DB|Q9KN48|3.A.23.1.1	45.0	240	130	2	193	431	193	431	3.2e-47	186.0
BCW-200211_02283	gnl|TC-DB|Q9RPP3|2.A.1.14.8	41.8	426	244	2	1	426	11	432	6.7e-94	340.9
BCW-200211_02293	gnl|TC-DB|Q93N33|2.A.21.9.2	30.1	405	234	13	486	880	780	1145	9.0e-29	125.9
BCW-200211_02299	gnl|TC-DB|Q9HV74|2.A.21.9.1	30.7	300	178	10	129	418	699	978	1.7e-25	114.0
BCW-200211_02302	gnl|TC-DB|B2N0W4|1.A.46.2.6	37.0	297	181	2	1	291	18	314	2.1e-51	199.1
BCW-200211_02314	gnl|TC-DB|P81891|2.A.7.22.2	50.9	112	51	2	1	112	1	108	3.7e-20	94.0
BCW-200211_02315	gnl|TC-DB|G8LJX5|9.B.142.2.2	41.8	555	305	10	4	548	5	551	1.1e-112	403.7
BCW-200211_02318	gnl|TC-DB|P77757|4.D.2.1.8	66.6	311	104	0	4	314	5	315	1.2e-117	419.5
BCW-200211_02322	gnl|TC-DB|I7FD23|2.A.1.2.97	34.4	389	253	2	8	394	18	406	1.9e-47	186.4
BCW-200211_02324	gnl|TC-DB|P31133|3.A.1.11.2	45.0	358	191	6	4	356	12	368	2.1e-85	312.4
BCW-200211_02332	gnl|TC-DB|Q6MLK6|1.A.46.2.5	32.6	264	175	2	23	286	34	294	9.1e-39	157.1
BCW-200211_02334	gnl|TC-DB|B0KPQ1|1.B.19.1.3	81.5	421	70	3	4	421	7	422	1.2e-204	708.8
BCW-200211_02337	gnl|TC-DB|P37387|3.A.1.2.4	59.6	327	131	1	5	330	4	330	5.8e-106	380.6
BCW-200211_02338	gnl|TC-DB|P37388|3.A.1.2.4	53.5	510	234	3	7	515	3	510	5.8e-153	537.3
BCW-200211_02339	gnl|TC-DB|P0AGI4|3.A.1.2.4	51.5	363	176	0	12	374	28	390	1.7e-93	339.3
BCW-200211_02355	gnl|TC-DB|P11461|1.B.14.1.11	37.5	677	409	8	53	720	55	726	3.7e-134	475.3
BCW-200211_02365	gnl|TC-DB|P31126|2.A.1.2.55	35.5	380	241	3	10	388	7	383	1.0e-56	217.2
BCW-200211_02375	gnl|TC-DB|P22037|9.B.20.1.1	42.1	221	121	4	16	233	11	227	1.0e-32	136.7
BCW-200211_02379	gnl|TC-DB|P80874|8.A.5.1.4	29.9	197	115	7	12	189	17	209	3.0e-15	79.0
BCW-200211_02385	gnl|TC-DB|K0WKG7|4.F.1.1.8	93.5	186	12	0	1	186	1	186	6.3e-94	339.7
BCW-200211_02393	gnl|TC-DB|Q6V6X7|2.A.6.2.18	69.4	471	142	2	1	470	1	470	8.5e-175	609.8
BCW-200211_02395	gnl|TC-DB|P33951|3.A.1.113.1	70.0	566	169	1	1	565	1	566	3.0e-235	810.8
BCW-200211_02404	gnl|TC-DB|Q9KN48|3.A.23.1.1	40.8	368	174	4	122	459	175	528	1.3e-66	250.4
BCW-200211_02417	gnl|TC-DB|D4ZZR3|9.B.34.1.3	31.6	190	122	3	163	347	205	391	3.5e-19	93.2
BCW-200211_02418	gnl|TC-DB|Q74FY6|5.B.3.1.1	42.5	292	157	4	31	313	34	323	1.8e-59	226.1
BCW-200211_02420	gnl|TC-DB|Q9HV74|2.A.21.9.1	29.2	366	200	10	97	453	659	974	2.2e-26	116.7
BCW-200211_02424	gnl|TC-DB|P37460|2.A.3.1.6	56.7	441	190	1	18	458	7	446	1.9e-142	502.3
BCW-200211_02458	gnl|TC-DB|Q9S3J9|2.A.1.2.18	30.2	388	265	6	15	399	4	388	1.8e-37	153.3
BCW-200211_02463	gnl|TC-DB|P16482|2.A.1.6.1	75.2	424	103	1	2	423	13	436	5.5e-181	630.2
BCW-200211_02478	gnl|TC-DB|Q9ZGB6|2.A.1.3.32	32.8	485	316	5	8	489	14	491	3.6e-67	252.3
BCW-200211_02489	gnl|TC-DB|P77735|8.A.5.1.6	34.0	324	197	6	1	314	1	317	1.2e-42	170.2
BCW-200211_02490	gnl|TC-DB|Q57389|2.A.7.7.3	39.2	291	175	2	1	290	1	290	2.0e-54	209.1
BCW-200211_02493	gnl|TC-DB|Q31PG5|2.A.7.3.58	39.0	282	162	5	8	286	22	296	7.7e-33	137.5
BCW-200211_02508	gnl|TC-DB|B9XJ69|1.B.13.3.1	22.4	433	262	16	56	429	32	449	1.2e-16	84.3
BCW-200211_02510	gnl|TC-DB|P0AAD6|2.A.42.2.1	70.5	417	108	3	20	426	16	427	9.0e-160	559.7
BCW-200211_02514	gnl|TC-DB|Q54806|2.A.1.3.5	34.4	483	298	8	20	496	21	490	1.7e-56	216.9
BCW-200211_02516	gnl|TC-DB|Q9HXB2|1.B.14.1.12	66.2	778	257	4	6	778	8	784	1.3e-305	1045.0
BCW-200211_02526	gnl|TC-DB|O85765|3.A.1.17.2	39.8	251	150	1	19	268	7	257	1.7e-47	186.0
BCW-200211_02527	gnl|TC-DB|P38045|3.A.1.16.1	45.8	216	102	4	20	220	23	238	3.5e-44	174.9
BCW-200211_02530	gnl|TC-DB|P32135|2.A.1.52.1	28.4	408	279	7	30	430	12	413	1.0e-38	157.5
BCW-200211_02537	gnl|TC-DB|P33590|3.A.1.5.3	27.5	313	188	12	103	391	57	354	3.0e-19	93.2
BCW-200211_02538	gnl|TC-DB|P26903|3.A.1.5.2	30.3	314	212	4	1	313	1	308	6.7e-27	117.9
BCW-200211_02539	gnl|TC-DB|P51000|3.A.1.5.27	40.2	259	153	2	12	268	27	285	1.8e-44	176.0
BCW-200211_02540	gnl|TC-DB|P75796|3.A.1.5.11	42.8	580	277	10	6	540	12	581	3.0e-112	402.1
BCW-200211_02541	gnl|TC-DB|K6YXR7|1.B.3.1.5	26.8	381	233	12	27	389	98	450	2.0e-25	113.2
BCW-200211_02543	gnl|TC-DB|Q46909|2.A.1.1.95	57.0	433	185	1	1	433	1	432	5.8e-133	470.7
BCW-200211_02545	gnl|TC-DB|P77735|8.A.5.1.6	45.7	324	166	5	1	317	1	321	2.2e-71	265.8
BCW-200211_02552	gnl|TC-DB|Q0HIQ8|3.A.1.2.14	25.4	287	195	7	12	294	12	283	7.7e-16	81.3
BCW-200211_02556	gnl|TC-DB|M3JA40|1.B.52.2.1	59.2	71	29	0	282	352	300	370	1.5e-13	73.9
BCW-200211_02577	gnl|TC-DB|Q9KN48|3.A.23.1.1	40.7	302	164	5	77	369	123	418	1.9e-51	199.9
BCW-200211_02581	gnl|TC-DB|X5H3P0|3.D.10.1.6	50.3	588	283	5	9	590	13	597	6.5e-169	590.5
BCW-200211_02582	gnl|TC-DB|X5GWN5|3.D.10.1.6	55.1	227	98	4	6	231	30	253	4.0e-69	257.7
BCW-200211_02588	gnl|TC-DB|P25185|2.A.26.1.2	77.3	437	99	0	1	437	1	437	1.4e-179	625.5
BCW-200211_02601	gnl|TC-DB|Q1CZJ4|1.B.14.10.3	37.9	206	115	3	35	229	38	241	4.8e-25	112.8
BCW-200211_02605	gnl|TC-DB|Q9XIA9|4.C.1.1.14	25.8	620	361	18	1	531	40	649	2.7e-44	176.4
BCW-200211_02610	gnl|TC-DB|B1LE48|2.A.86.2.1	37.8	341	201	5	6	339	8	344	1.6e-53	206.5
BCW-200211_02628	gnl|TC-DB|Q1D027|1.A.1.24.3	53.8	262	121	0	7	268	14	275	1.1e-62	236.5
BCW-200211_02629	gnl|TC-DB|P0AG78|3.A.1.6.1	53.8	318	144	3	14	330	11	326	1.3e-97	352.8
BCW-200211_02631	gnl|TC-DB|P76628|2.A.1.36.3	37.0	370	229	3	1	368	14	381	1.6e-51	199.9
BCW-200211_02635	gnl|TC-DB|Q9I6P8|1.B.25.1.14	67.0	418	130	5	5	416	6	421	9.3e-162	566.2
BCW-200211_02636	gnl|TC-DB|Q6V6X7|2.A.6.2.18	87.0	486	62	1	1	485	1	486	2.6e-232	800.8
BCW-200211_02637	gnl|TC-DB|O52248|2.A.6.2.9	80.0	1057	200	4	1	1053	1	1050	0.0e+00	1627.5
BCW-200211_02638	gnl|TC-DB|Q6V6X9|2.A.6.2.18	79.7	385	75	1	1	382	1	385	6.3e-165	576.6
BCW-200211_02641	gnl|TC-DB|P77389|2.A.1.2.65	46.6	373	199	0	5	377	7	379	2.6e-81	298.9
BCW-200211_02648	gnl|TC-DB|Q9MUK5|3.A.9.1.1	26.6	398	252	14	78	455	67	444	3.9e-18	89.4
BCW-200211_02652	gnl|TC-DB|W0WLZ1|3.A.1.5.39	27.3	520	347	8	13	501	14	533	2.1e-43	173.3
BCW-200211_02653	gnl|TC-DB|P08007|3.A.1.5.1	49.1	324	161	3	3	322	11	334	3.4e-74	275.0
BCW-200211_02654	gnl|TC-DB|P04285|3.A.1.5.1	49.2	317	154	3	3	314	17	331	9.9e-79	290.0
BCW-200211_02655	gnl|TC-DB|P42063|3.A.1.5.20	38.8	263	159	1	25	285	39	301	8.1e-48	187.2
BCW-200211_02656	gnl|TC-DB|P42062|3.A.1.5.20	34.9	312	197	2	8	313	4	315	8.9e-48	187.2
BCW-200211_02660	gnl|TC-DB|Q46821|2.A.40.3.3	39.8	440	257	6	3	436	8	445	2.9e-77	285.8
BCW-200211_02661	gnl|TC-DB|B7V2E7|1.B.10.2.3	77.3	277	63	0	1	277	1	277	1.5e-131	465.3
BCW-200211_02662	gnl|TC-DB|P37597|2.A.1.2.62	60.2	379	147	2	7	383	7	383	2.4e-119	425.2
BCW-200211_02677	gnl|TC-DB|P77389|2.A.1.2.65	40.3	367	216	2	22	387	9	373	1.0e-64	243.8
BCW-200211_02690	gnl|TC-DB|P0A830|2.A.23.1.7	49.0	412	209	1	7	418	7	417	1.2e-106	383.3
BCW-200211_02693	gnl|TC-DB|Q6T3V6|2.A.38.1.2	48.7	474	239	4	12	483	20	491	1.3e-119	426.4
BCW-200211_02698	gnl|TC-DB|P37621|2.A.1.46.7	52.3	384	183	0	8	391	13	396	1.7e-96	349.4
BCW-200211_02701	gnl|TC-DB|P15993|2.A.3.1.3	69.3	449	129	1	10	458	10	449	3.5e-173	604.4
BCW-200211_02717	gnl|TC-DB|P18275|2.A.3.2.3	73.3	479	122	1	3	475	4	482	1.5e-195	678.7
BCW-200211_02718	gnl|TC-DB|P18275|2.A.3.2.3	84.6	479	68	1	3	475	4	482	1.2e-224	775.4
BCW-200211_02746	gnl|TC-DB|P0AGM2|1.A.62.2.3	52.0	204	98	0	1	204	2	205	7.0e-54	206.8
BCW-200211_02750	gnl|TC-DB|P0AF06|1.A.30.1.1	40.3	308	168	4	7	307	9	307	6.9e-54	207.6
BCW-200211_02751	gnl|TC-DB|P09348|1.A.30.1.1	42.3	284	158	3	1	281	1	281	1.5e-57	219.5
BCW-200211_02766	gnl|TC-DB|B1JAG2|2.A.39.1.2	74.0	404	104	1	1	403	13	416	3.0e-152	534.6
BCW-200211_02768	gnl|TC-DB|Q9HUJ1|2.A.6.2.27	74.1	479	121	3	1	477	1	478	6.2e-194	673.3
BCW-200211_02771	gnl|TC-DB|Q2FD83|2.A.7.1.11	47.6	105	55	0	3	107	1	105	3.5e-23	104.0
BCW-200211_02773	gnl|TC-DB|P80874|8.A.5.1.4	31.3	214	130	7	13	219	6	209	6.5e-15	77.8
BCW-200211_02777	gnl|TC-DB|P60752|3.A.1.106.1	40.0	583	335	3	45	624	8	578	6.1e-112	401.4
BCW-200211_02787	gnl|TC-DB|P76115|1.B.14.9.5	38.2	714	405	16	1	693	1	699	1.1e-125	447.2
BCW-200211_02795	gnl|TC-DB|Q6NLC1|3.A.1.203.8	35.1	619	315	9	19	563	65	670	6.3e-92	334.7
BCW-200211_02799	gnl|TC-DB|Q8KTM3|1.C.57.3.2	20.8	365	225	8	269	633	44	344	1.6e-14	78.6
BCW-200211_02800	gnl|TC-DB|W0WLZ1|3.A.1.5.39	71.0	531	153	1	3	533	8	537	1.9e-228	788.1
BCW-200211_02801	gnl|TC-DB|W0WLZ1|3.A.1.5.39	75.7	539	122	2	1	539	6	535	1.2e-246	848.6
BCW-200211_02802	gnl|TC-DB|W0WLZ1|3.A.1.5.39	72.5	535	144	2	1	532	1	535	5.8e-233	803.1
BCW-200211_02803	gnl|TC-DB|Q9HVS0|1.B.25.1.9	47.2	447	229	5	22	465	42	484	6.2e-114	407.5
BCW-200211_02804	gnl|TC-DB|W0WL02|3.A.1.5.39	60.2	532	205	3	1	532	6	530	9.7e-188	652.9
BCW-200211_02805	gnl|TC-DB|W0WN20|3.A.1.5.39	86.3	336	46	0	1	336	1	336	2.0e-162	568.2
BCW-200211_02806	gnl|TC-DB|W0WMS8|3.A.1.5.39	89.5	295	31	0	9	303	9	303	1.6e-142	501.9
BCW-200211_02807	gnl|TC-DB|W0WJ90|3.A.1.5.39	80.2	318	63	0	1	318	1	318	4.0e-144	507.3
BCW-200211_02808	gnl|TC-DB|W0WLZ8|3.A.1.5.39	87.0	322	42	0	1	322	1	322	1.3e-158	555.4
BCW-200211_02812	gnl|TC-DB|Q8ZPK1|3.A.1.12.14	62.5	216	81	0	13	228	14	229	2.2e-62	235.3
BCW-200211_02813	gnl|TC-DB|Q87WH3|3.A.1.12.10	77.4	297	67	0	1	297	1	297	5.9e-134	473.4
BCW-200211_02814	gnl|TC-DB|Q87WH4|3.A.1.12.10	94.5	217	12	0	1	217	1	217	2.5e-105	377.9
BCW-200211_02815	gnl|TC-DB|Q87WH5|3.A.1.12.10	92.4	381	29	0	1	381	1	381	1.4e-204	708.4
BCW-200211_02823	gnl|TC-DB|Q6LNU9|9.B.160.1.8	42.9	156	87	2	5	159	4	158	1.8e-27	119.0
BCW-200211_02834	gnl|TC-DB|B1HGV3|9.B.211.1.1	63.3	316	116	0	1	316	1	316	5.3e-109	390.6
BCW-200211_02848	gnl|TC-DB|P02925|3.A.1.2.1	32.0	303	190	5	15	317	6	292	1.8e-35	146.4
BCW-200211_02849	gnl|TC-DB|P32721|3.A.1.2.6	41.0	505	277	10	10	497	6	506	2.6e-97	352.4
BCW-200211_02850	gnl|TC-DB|A8H4W6|3.A.1.2.15	36.8	291	175	2	38	319	53	343	1.1e-40	163.7
BCW-200211_02939	gnl|TC-DB|918432279|1.M.1.4.4	53.9	115	49	2	42	152	14	128	5.8e-28	120.6
BCW-200211_02940	gnl|TC-DB|515542128|1.M.1.4.1	46.9	160	84	1	12	171	18	176	8.1e-27	116.7
BCW-200211_02949	gnl|TC-DB|Q84HG2|1.B.14.8.6	25.1	714	451	19	14	717	21	660	5.3e-43	172.6
BCW-200211_02951	gnl|TC-DB|G0LBU8|1.B.14.6.11	29.8	828	502	23	12	797	186	976	5.7e-83	305.4
BCW-200211_02952	gnl|TC-DB|Q9F3K6|3.A.1.3.24	41.8	304	169	5	9	312	4	299	4.3e-58	221.5
BCW-200211_02953	gnl|TC-DB|Q9F3K7|3.A.1.3.24	59.8	249	100	0	9	257	5	253	7.4e-85	310.1
BCW-200211_02954	gnl|TC-DB|P0AEM9|3.A.1.3.10	27.4	248	157	9	53	294	36	266	9.7e-15	77.4
BCW-200211_02959	gnl|TC-DB|V6ACX2|1.B.25.1.34	45.3	433	207	10	1	417	3	421	9.5e-98	353.6
BCW-200211_02960	gnl|TC-DB|O05407|2.A.11.1.5	68.0	437	135	1	1	432	1	437	1.4e-160	562.4
BCW-200211_02961	gnl|TC-DB|P0A830|2.A.23.1.7	55.7	409	181	0	5	413	7	415	3.3e-125	444.9
BCW-200211_02964	gnl|TC-DB|P15028|3.A.1.14.1	48.6	294	147	2	3	296	1	290	3.5e-73	271.6
BCW-200211_02965	gnl|TC-DB|Q8GRB2|3.A.1.14.8	50.0	172	86	0	1	172	171	342	1.9e-36	148.7
BCW-200211_02966	gnl|TC-DB|Q8GRB1|3.A.1.14.8	42.9	319	181	1	5	322	4	322	1.5e-63	239.6
BCW-200211_02967	gnl|TC-DB|Q8GRB0|3.A.1.14.8	52.4	252	120	0	3	254	1	252	4.5e-77	284.3
BCW-200211_02968	gnl|TC-DB|P30130|1.B.11.3.9	33.1	850	508	17	21	822	30	866	8.8e-127	451.1
BCW-200211_02972	gnl|TC-DB|Q93N33|2.A.21.9.2	28.6	367	199	13	372	695	666	1012	5.1e-23	106.7
BCW-200211_02974	gnl|TC-DB|Q93N33|2.A.21.9.2	27.6	315	187	8	415	699	716	1019	8.1e-20	95.9
BCW-200211_02978	gnl|TC-DB|P63144|8.A.5.1.3	29.9	338	206	10	1	322	71	393	4.3e-38	155.2
BCW-200211_02979	gnl|TC-DB|Q5Z8H2|3.A.1.139.1	38.6	223	129	3	5	225	57	273	7.1e-31	130.6
BCW-200211_02980	gnl|TC-DB|P77307|3.A.1.139.2	31.3	268	170	4	1	263	1	259	4.1e-30	128.3
BCW-200211_02990	gnl|TC-DB|Q9I6R8|2.A.3.3.19	31.6	468	289	7	13	473	13	456	3.0e-50	196.1
BCW-200211_03001	gnl|TC-DB|P70786|2.A.1.14.3	44.1	410	224	4	17	424	25	431	6.2e-92	334.3
BCW-200211_03011	gnl|TC-DB|O30506|3.A.1.3.11	66.8	253	81	3	26	276	3	254	4.1e-89	324.3
BCW-200211_03012	gnl|TC-DB|P0A2I7|3.A.1.3.1	58.5	234	97	0	1	234	1	234	2.9e-75	278.1
BCW-200211_03013	gnl|TC-DB|P52094|3.A.1.3.29	58.3	223	93	0	7	229	2	224	3.7e-67	251.1
BCW-200211_03014	gnl|TC-DB|P0AEU0|3.A.1.3.29	44.0	259	139	4	4	257	1	258	9.5e-56	213.4
BCW-200211_03026	gnl|TC-DB|C0QCR7|8.A.59.4.1	32.3	229	136	4	93	314	322	538	1.6e-25	113.6
BCW-200211_03030	gnl|TC-DB|E7BBJ3|2.A.102.4.2	39.0	269	156	3	1	266	1	264	3.8e-39	158.3
BCW-200211_03032	gnl|TC-DB|Q93N33|2.A.21.9.2	30.9	614	373	15	61	646	564	1154	6.9e-63	238.4
BCW-200211_03035	gnl|TC-DB|Q83XH1|3.A.1.121.4	47.2	517	271	1	1	515	9	525	1.5e-140	496.1
BCW-200211_03036	gnl|TC-DB|O53183|2.A.1.2.71	56.7	393	170	0	22	414	11	403	1.4e-117	419.5
BCW-200211_03049	gnl|TC-DB|P0AB24|2.A.108.2.3	63.0	254	93	1	19	272	123	375	5.1e-84	307.4
BCW-200211_03050	gnl|TC-DB|P31545|2.A.108.2.3	57.8	417	163	6	11	423	14	421	1.3e-134	476.1
BCW-200211_03051	gnl|TC-DB|P0AB24|2.A.108.2.3	40.6	347	203	2	50	396	31	374	3.1e-69	258.8
BCW-200211_03052	gnl|TC-DB|P75901|2.A.108.2.3	56.9	269	116	0	1	269	8	276	5.0e-79	290.8
BCW-200211_03056	gnl|TC-DB|B2FLY6|2.A.6.2.14	49.0	451	228	2	13	462	12	461	1.0e-108	390.2
BCW-200211_03057	gnl|TC-DB|Q9I0Y8|2.A.6.2.16	87.9	1052	125	1	1	1050	1	1052	0.0e+00	1775.8
BCW-200211_03058	gnl|TC-DB|C5IZH0|2.A.6.2.47	46.8	380	194	4	7	378	11	390	4.1e-85	311.6
BCW-200211_03064	gnl|TC-DB|Q9F9T4|3.A.1.5.23	46.6	549	270	5	4	531	19	565	6.9e-125	444.1
BCW-200211_03065	gnl|TC-DB|W0WMS8|3.A.1.5.39	40.9	254	141	2	41	288	35	285	1.8e-42	169.5
BCW-200211_03066	gnl|TC-DB|P75798|3.A.1.5.11	34.7	311	197	2	1	311	1	305	1.2e-44	176.8
BCW-200211_03067	gnl|TC-DB|P33590|3.A.1.5.3	25.9	441	300	13	78	508	66	489	3.8e-22	102.8
BCW-200211_03068	gnl|TC-DB|G0LBU8|1.B.14.6.11	28.8	831	484	24	32	804	196	976	1.8e-76	283.9
BCW-200211_03074	gnl|TC-DB|Q47689|2.A.3.1.10	57.2	453	191	2	12	461	8	460	4.6e-149	524.2
BCW-200211_03076	gnl|TC-DB|Q9KN48|3.A.23.1.1	35.0	391	226	6	212	585	151	530	1.7e-55	213.8
BCW-200211_03079	gnl|TC-DB|F0QEP2|9.B.153.4.2	48.7	306	154	3	11	315	12	315	9.4e-82	300.1
BCW-200211_03083	gnl|TC-DB|D4ZZR3|9.B.34.1.3	39.2	181	104	2	615	789	215	395	3.4e-27	120.2
BCW-200211_03093	gnl|TC-DB|Q9F3K7|3.A.1.3.24	51.4	249	121	0	10	258	4	252	2.2e-68	255.4
BCW-200211_03094	gnl|TC-DB|A1VZQ3|3.A.1.3.16	33.0	203	136	0	15	217	41	243	1.4e-28	122.9
BCW-200211_03095	gnl|TC-DB|P42200|3.A.1.3.14	37.3	204	127	1	14	216	25	228	1.0e-29	126.7
BCW-200211_03096	gnl|TC-DB|Q8YSA2|3.A.1.3.17	24.8	234	160	7	41	271	33	253	1.3e-13	73.6
BCW-200211_03099	gnl|TC-DB|L5DDD7|2.A.109.2.3	50.8	520	250	5	1	517	370	886	1.4e-130	463.0
BCW-200211_03103	gnl|TC-DB|A8H4W7|3.A.1.2.15	48.1	491	252	3	6	495	6	494	4.1e-124	441.4
BCW-200211_03104	gnl|TC-DB|A8H4W6|3.A.1.2.15	48.5	340	150	3	4	323	9	343	1.6e-79	292.7
BCW-200211_03105	gnl|TC-DB|A8H4W5|3.A.1.2.15	41.2	325	188	2	6	327	4	328	1.0e-70	263.5
BCW-200211_03111	gnl|TC-DB|Q53903|2.A.1.3.7	29.7	491	331	6	20	505	33	514	6.7e-45	178.3
BCW-200211_03112	gnl|TC-DB|M4VAL8|8.A.21.2.4	28.5	193	134	3	128	317	74	265	1.3e-12	70.5
BCW-200211_03116	gnl|TC-DB|Q51510|1.B.25.1.2	39.2	485	235	14	4	465	9	456	2.6e-75	279.3
BCW-200211_03125	gnl|TC-DB|Q9HV74|2.A.21.9.1	28.5	235	134	5	188	411	746	957	3.5e-18	89.7
BCW-200211_03129	gnl|TC-DB|P0AG78|3.A.1.6.1	66.1	316	103	4	18	332	14	326	2.0e-114	408.7
BCW-200211_03133	gnl|TC-DB|Q8GRB0|3.A.1.14.8	36.1	244	148	5	5	245	2	240	1.1e-35	146.7
BCW-200211_03134	gnl|TC-DB|A8GDS7|3.A.1.14.16	36.2	312	199	0	37	348	17	328	3.0e-44	175.6
BCW-200211_03138	gnl|TC-DB|Q9ZKE4|3.A.11.3.1	33.1	517	322	9	223	739	127	619	5.7e-69	258.8
BCW-200211_03145	gnl|TC-DB|P0AAP1|9.B.34.1.2	31.3	163	112	0	269	431	204	366	9.3e-21	98.6
BCW-200211_03159	gnl|TC-DB|P67444|2.A.40.4.3	48.7	439	221	2	13	447	9	447	2.9e-111	398.7
BCW-200211_03162	gnl|TC-DB|Q9RPP3|2.A.1.14.8	27.7	411	280	7	14	412	33	438	1.3e-41	167.2
BCW-200211_03168	gnl|TC-DB|Q9XD84|1.B.12.8.3	33.1	493	261	11	326	751	496	986	8.4e-60	228.4
BCW-200211_03169	gnl|TC-DB|P15993|2.A.3.1.3	67.0	451	140	1	11	461	11	452	4.7e-170	594.0
BCW-200211_03180	gnl|TC-DB|P46349|2.A.3.1.5	37.1	455	279	4	17	468	7	457	1.2e-77	287.0
BCW-200211_03185	gnl|TC-DB|Q1J2S8|2.A.53.3.13	43.7	478	258	4	12	486	22	491	7.9e-96	347.4
BCW-200211_03187	gnl|TC-DB|P12012|2.A.8.1.1	41.6	447	253	3	28	467	3	448	6.7e-92	334.3
BCW-200211_03190	gnl|TC-DB|M3JA40|1.B.52.2.1	65.7	70	24	0	460	529	281	350	2.2e-16	84.0
BCW-200211_03205	gnl|TC-DB|P0A6J3|2.A.121.1.1	40.4	235	134	3	7	238	11	242	7.2e-40	160.6
BCW-200211_03220	gnl|TC-DB|Q55108|3.A.1.16.3	37.4	230	138	3	17	243	23	249	2.2e-44	176.4
BCW-200211_03221	gnl|TC-DB|R7QS55|3.A.1.17.9	33.9	637	354	8	4	580	104	733	3.7e-92	335.5
BCW-200211_03225	gnl|TC-DB|Q8ID54|3.A.25.2.1	34.5	249	153	5	247	487	85	331	3.3e-38	156.4
BCW-200211_03226	gnl|TC-DB|O30646|2.A.7.3.25	38.4	279	172	0	26	304	7	285	2.4e-48	189.1
BCW-200211_03229	gnl|TC-DB|Q9HY55|4.A.2.1.17	27.8	418	229	9	380	777	552	916	3.0e-28	123.6
BCW-200211_03232	gnl|TC-DB|Q9EYX5|1.A.35.4.1	29.3	321	218	4	12	331	15	327	1.3e-41	166.8
BCW-200211_03236	gnl|TC-DB|P13794|1.B.6.1.2	47.9	355	149	6	1	325	1	349	5.6e-77	284.3
BCW-200211_03238	gnl|TC-DB|P07658|3.D.1.9.2	28.8	704	472	11	8	703	6	688	1.0e-88	324.7
BCW-200211_03241	gnl|TC-DB|M5BEH1|9.B.106.3.1	31.8	154	99	3	332	484	84	232	1.7e-17	87.4
BCW-200211_03242	gnl|TC-DB|P42432|2.A.1.8.2	48.0	394	201	3	8	400	9	399	2.9e-99	358.6
BCW-200211_03244	gnl|TC-DB|Q44292|3.A.1.16.4	35.1	402	239	10	3	388	42	437	4.7e-62	235.0
BCW-200211_03245	gnl|TC-DB|P35672|1.B.22.3.2	32.6	316	166	3	9	277	2	317	5.5e-42	167.9
BCW-200211_03250	gnl|TC-DB|Q5EAK4|2.A.16.2.2	27.7	412	238	14	36	413	1391	1776	4.2e-21	99.8
BCW-200211_03253	gnl|TC-DB|Q93N33|2.A.21.9.2	51.8	1163	523	11	7	1151	6	1149	4.2e-305	1043.9
BCW-200211_03262	gnl|TC-DB|Q9I458|2.A.1.11.2	79.2	399	83	0	4	402	1	399	2.8e-163	571.2
BCW-200211_03270	gnl|TC-DB|E3GWE8|9.B.125.2.1	30.4	303	189	8	1	296	1	288	1.6e-22	103.2
BCW-200211_03277	gnl|TC-DB|C9VRY8|2.A.86.1.5	33.0	345	222	2	9	349	49	388	3.3e-38	155.6
BCW-200211_03284	gnl|TC-DB|Q5WX21|2.A.1.2.37	31.3	387	246	7	4	379	2	379	6.1e-33	138.3
BCW-200211_03285	gnl|TC-DB|Q7CGN6|1.B.14.9.3	32.2	746	434	19	3	701	4	724	8.8e-96	347.8
BCW-200211_03296	gnl|TC-DB|P28303|2.A.66.1.4	45.2	425	218	5	1	418	36	452	3.3e-82	302.0
BCW-200211_03302	gnl|TC-DB|B2GH49|9.B.160.1.10	32.1	168	97	7	101	260	217	375	3.2e-12	69.7
BCW-200211_03306	gnl|TC-DB|F9VN10|3.D.10.1.4	34.1	543	318	14	3	521	2	528	2.4e-69	259.6
BCW-200211_03311	gnl|TC-DB|Q93N33|2.A.21.9.2	28.7	251	153	9	217	451	763	1003	1.5e-11	67.4
BCW-200211_03313	gnl|TC-DB|Q9I5H4|1.B.25.1.10	62.6	433	152	8	1	429	1	427	3.1e-152	534.6
BCW-200211_03314	gnl|TC-DB|Q9FA46|2.A.80.1.1	62.7	316	116	2	10	324	9	323	8.7e-115	409.8
BCW-200211_03315	gnl|TC-DB|Q9FA45|2.A.80.1.1	35.9	145	88	1	1	145	1	140	4.6e-18	87.4
BCW-200211_03316	gnl|TC-DB|Q9FA44|2.A.80.1.1	64.5	496	175	1	1	495	1	496	8.1e-176	613.2
BCW-200211_03330	gnl|TC-DB|Q9HY55|4.A.2.1.17	71.0	953	274	2	1	951	1	953	0.0e+00	1260.0
BCW-200211_03332	gnl|TC-DB|Q52463|4.D.1.1.9	81.9	493	89	0	1	493	2	494	9.5e-238	818.9
BCW-200211_03337	gnl|TC-DB|C6G4G4|1.B.12.5.6	87.9	1243	145	2	1	1239	1	1242	0.0e+00	2140.5
BCW-200211_03338	gnl|TC-DB|P31133|3.A.1.11.2	55.7	352	154	2	12	362	19	369	4.4e-115	411.0
BCW-200211_03343	gnl|TC-DB|Q45068|2.A.25.1.5	43.9	453	246	6	1	453	8	452	7.4e-102	367.5
BCW-200211_03352	gnl|TC-DB|Q5ZYB5|3.A.7.9.1	31.0	400	267	5	15	410	1	395	1.4e-48	190.3
BCW-200211_03354	gnl|TC-DB|O51234|3.A.1.7.5	30.5	298	182	7	470	757	20	302	3.1e-22	103.6
BCW-200211_03355	gnl|TC-DB|C3KCB6|3.A.1.7.3	31.7	249	136	4	295	538	68	287	2.4e-24	110.2
BCW-200211_03356	gnl|TC-DB|P0AAH0|3.A.1.7.1	64.0	247	89	0	31	277	11	257	1.4e-89	325.9
BCW-200211_03359	gnl|TC-DB|Q0PBV6|9.A.40.2.2	34.3	452	280	9	1	443	1	444	2.7e-58	222.6
BCW-200211_03366	gnl|TC-DB|Q8RCC4|3.A.1.3.27	31.2	263	146	8	14	266	20	257	6.6e-23	104.4
BCW-200211_03367	gnl|TC-DB|P54536|3.A.1.3.15	37.4	222	128	2	38	258	2	213	5.8e-32	134.4
BCW-200211_03369	gnl|TC-DB|Q6A1F6|3.B.1.1.6	50.9	578	261	5	3	571	6	569	1.2e-157	553.1
BCW-200211_03375	gnl|TC-DB|P69451|4.C.1.1.4	53.3	559	250	6	10	567	2	550	1.0e-166	583.2
BCW-200211_03388	gnl|TC-DB|U5MFA1|4.A.3.2.9	25.3	411	269	8	23	399	24	430	1.0e-24	111.7
BCW-200211_03390	gnl|TC-DB|D8HIS0|9.B.106.2.2	31.0	252	135	9	1	223	201	442	5.4e-20	94.7
BCW-200211_03392	gnl|TC-DB|A8YQS1|3.A.23.2.1	27.7	470	284	13	12	447	11	458	1.3e-27	122.1
BCW-200211_03393	gnl|TC-DB|Q9KN50|3.A.23.1.1	34.6	217	141	1	59	274	37	253	6.2e-32	134.4
BCW-200211_03394	gnl|TC-DB|Q9KN51|3.A.23.1.1	36.2	442	277	5	4	442	5	444	1.9e-75	279.6
BCW-200211_03398	gnl|TC-DB|Q9KN48|3.A.23.1.1	40.2	348	173	2	187	501	182	527	1.4e-58	223.8
BCW-200211_03399	gnl|TC-DB|Q6EE14|3.A.23.2.1	47.3	860	392	10	2	800	1	860	7.5e-192	667.2
BCW-200211_03401	gnl|TC-DB|Q9KN55|3.A.23.1.1	40.5	608	330	7	15	609	1	589	3.5e-125	445.3
BCW-200211_03403	gnl|TC-DB|Q6EE20|3.A.23.2.1	43.1	487	271	3	5	489	7	489	3.4e-110	395.2
BCW-200211_03411	gnl|TC-DB|V6ACX2|1.B.25.1.34	43.7	405	213	7	39	438	27	421	2.9e-89	325.5
BCW-200211_03419	gnl|TC-DB|O00571|1.I.1.1.3	39.8	372	206	4	2	355	181	552	1.9e-67	253.1
BCW-200211_03420	gnl|TC-DB|p0aa70|2.A.7.3.22	54.5	290	131	1	9	297	7	296	2.0e-81	298.9
BCW-200211_03430	gnl|TC-DB|P69380|2.A.4.7.1	46.9	286	152	0	7	292	5	290	9.2e-71	263.5
BCW-200211_03446	gnl|TC-DB|P0A2L3|9.A.40.1.2	52.4	275	124	3	1	269	1	274	2.9e-74	275.0
BCW-200211_03462	gnl|TC-DB|P0ABG7|2.A.103.1.2	53.3	366	164	3	18	380	7	368	7.1e-108	387.1
BCW-200211_03471	gnl|TC-DB|P42102|2.A.122.1.7	37.9	219	124	3	22	234	13	225	8.6e-27	117.1
BCW-200211_03480	gnl|TC-DB|Q9KN48|3.A.23.1.1	45.3	225	116	4	335	553	194	417	2.9e-45	179.9
BCW-200211_03482	gnl|TC-DB|Q53148|2.A.3.5.1	62.3	470	168	4	11	476	23	487	3.7e-154	541.2
BCW-200211_03486	gnl|TC-DB|P0ABP6|9.B.27.2.3	58.3	204	83	1	6	207	8	211	1.0e-63	239.6
BCW-200211_03491	gnl|TC-DB|P96704|2.A.3.1.16	43.8	432	241	2	2	433	26	455	6.8e-102	367.5
BCW-200211_03499	gnl|TC-DB|Q7V865|9.B.104.3.1	34.8	138	85	3	46	180	43	178	4.2e-13	71.2
BCW-200211_03510	gnl|TC-DB|P06129|1.B.14.3.1	28.6	650	386	19	10	624	7	613	8.2e-53	204.9
BCW-200211_03511	gnl|TC-DB|Q8ZRP7|3.A.1.13.1	32.5	268	160	5	6	264	9	264	8.6e-28	120.6
BCW-200211_03529	gnl|TC-DB|O53899|3.A.1.125.2	37.3	225	129	3	3	224	4	219	2.3e-32	135.6
BCW-200211_03530	gnl|TC-DB|Q6MNW8|3.A.1.136.2	47.9	422	217	3	1	421	2	421	2.6e-103	372.1
BCW-200211_03532	gnl|TC-DB|Q3K638|1.B.39.1.4	83.6	232	38	0	1	232	1	232	1.1e-111	399.1
BCW-200211_03537	gnl|TC-DB|Q9SXJ7|3.A.9.1.2	40.1	805	387	14	12	736	128	917	5.6e-157	551.2
BCW-200211_03550	gnl|TC-DB|P0AFC3|3.D.1.1.1	65.2	132	45	1	1	132	3	133	1.1e-42	169.1
BCW-200211_03551	gnl|TC-DB|P0AFC7|3.D.1.1.1	76.8	224	48	1	1	224	1	220	8.7e-106	379.4
BCW-200211_03552	gnl|TC-DB|P33599|3.D.1.1.1	75.5	580	140	2	16	594	18	596	2.6e-282	967.2
BCW-200211_03553	gnl|TC-DB|P0AFD1|3.D.1.1.1	69.6	158	48	0	7	164	8	165	7.2e-65	243.0
BCW-200211_03554	gnl|TC-DB|P31979|3.D.1.1.1	78.0	422	91	1	12	433	4	423	2.0e-202	701.4
BCW-200211_03555	gnl|TC-DB|P33602|3.D.1.1.1	64.6	908	317	2	1	904	1	908	0.0e+00	1209.1
BCW-200211_03556	gnl|TC-DB|P0AFD4|3.D.1.1.1	70.6	326	91	3	1	326	1	321	1.4e-131	465.7
BCW-200211_03557	gnl|TC-DB|P0AFD6|3.D.1.1.1	82.4	176	31	0	7	182	5	180	6.7e-72	266.5
BCW-200211_03558	gnl|TC-DB|P0AFE0|3.D.1.1.1	64.4	163	57	1	1	163	1	162	1.7e-50	195.3
BCW-200211_03559	gnl|TC-DB|P0AFE4|3.D.1.1.1	53.5	99	46	0	4	102	2	100	5.1e-21	96.7
BCW-200211_03560	gnl|TC-DB|P33607|3.D.1.1.1	68.1	615	193	2	1	615	1	612	4.2e-235	810.4
BCW-200211_03561	gnl|TC-DB|P0AFE8|3.D.1.1.1	71.5	502	138	3	1	499	1	500	4.6e-203	703.7
BCW-200211_03562	gnl|TC-DB|P0AFF0|3.D.1.1.1	54.5	486	215	2	1	484	1	482	4.5e-139	491.1
BCW-200211_03568	gnl|TC-DB|P0AEQ3|3.A.1.3.2	71.0	248	71	1	1	247	1	248	2.7e-100	361.3
BCW-200211_03569	gnl|TC-DB|P0AEQ6|3.A.1.3.2	79.0	219	45	1	1	218	1	219	2.0e-91	331.6
BCW-200211_03570	gnl|TC-DB|P10346|3.A.1.3.2	84.6	240	37	0	1	240	1	240	6.7e-112	399.8
BCW-200211_03576	gnl|TC-DB|P76269|2.A.1.3.17	48.8	447	223	2	5	447	6	450	1.7e-103	372.9
BCW-200211_03586	gnl|TC-DB|F5SU14|2.A.85.7.2	36.7	196	112	2	9	196	8	199	3.4e-32	135.6
BCW-200211_03589	gnl|TC-DB|O31711|3.A.1.122.2	50.2	219	108	1	11	229	1	218	8.7e-56	213.4
BCW-200211_03590	gnl|TC-DB|O31712|3.A.1.122.2	25.4	401	285	6	8	399	2	397	5.3e-29	125.2
BCW-200211_03594	gnl|TC-DB|Q8DQH7|3.A.1.4.10	46.3	242	122	4	12	253	2	235	1.6e-50	196.1
BCW-200211_03597	gnl|TC-DB|Q8DQI0|3.A.1.4.10	27.8	299	203	4	1	293	1	292	2.2e-24	109.4
BCW-200211_03598	gnl|TC-DB|Q8DQH8|3.A.1.4.10	35.6	250	161	0	4	253	2	251	1.7e-41	166.0
BCW-200211_03605	gnl|TC-DB|Q9UYQ7|2.A.7.3.47	29.9	278	172	8	15	284	6	268	1.9e-18	89.7
BCW-200211_03606	gnl|TC-DB|Q52978|2.A.63.1.1	59.1	977	382	6	3	972	32	997	0.0e+00	1095.1
BCW-200211_03607	gnl|TC-DB|Q52980|2.A.63.1.1	68.1	113	36	0	1	113	1	113	2.2e-36	147.9
BCW-200211_03608	gnl|TC-DB|Q52981|2.A.63.1.1	50.0	534	250	5	3	533	4	523	8.5e-126	447.2
BCW-200211_03610	gnl|TC-DB|Q52983|2.A.63.1.1	56.5	85	37	0	8	92	8	92	6.3e-18	86.3
BCW-200211_03611	gnl|TC-DB|Q9Z3Q3|2.A.63.1.1	42.3	97	56	0	2	98	7	103	4.6e-15	77.0
BCW-200211_03619	gnl|TC-DB|P0AEJ0|2.A.1.3.2	50.7	493	239	2	12	500	12	504	1.3e-136	483.0
BCW-200211_03620	gnl|TC-DB|P27303|8.A.1.1.1	46.4	343	184	0	48	390	47	389	9.1e-82	300.4
BCW-200211_03621	gnl|TC-DB|P24126|1.B.17.3.2	36.0	375	223	5	3	367	9	376	2.2e-58	223.0
BCW-200211_03623	gnl|TC-DB|P39321|9.B.22.1.2	26.7	1293	836	42	5	1223	5	1259	1.2e-103	374.8
BCW-200211_03624	gnl|TC-DB|P0ADE4|1.B.33.2.4	33.7	573	366	8	39	602	10	577	4.9e-87	318.5
BCW-200211_03630	gnl|TC-DB|Q89SS6|2.A.1.42.2	25.6	508	328	17	763	1239	626	1114	3.0e-18	92.0
BCW-200211_03638	gnl|TC-DB|B7LEG0|1.A.34.1.2	44.6	280	117	3	37	279	101	379	1.3e-42	169.9
BCW-200211_03643	gnl|TC-DB|P0AD30|2.A.102.3.1	37.0	257	149	4	12	258	15	268	1.5e-37	152.9
BCW-200211_03646	gnl|TC-DB|P37019|2.A.49.5.1	27.1	373	246	12	67	421	79	443	1.9e-13	73.6
BCW-200211_03655	gnl|TC-DB|Q50392|2.A.1.3.3	30.2	431	230	8	8	368	21	450	8.9e-29	124.4
BCW-200211_03658	gnl|TC-DB|Q45082|2.A.1.6.5	34.5	415	266	2	16	430	26	434	6.2e-63	238.0
BCW-200211_03660	gnl|TC-DB|Q9HV74|2.A.21.9.1	31.2	288	163	9	319	594	718	982	5.6e-21	99.4
BCW-200211_03661	gnl|TC-DB|P76330|9.B.34.1.4	42.6	162	88	2	219	375	401	562	3.8e-29	125.6
BCW-200211_03666	gnl|TC-DB|Q55026|9.B.20.2.1	42.6	141	73	4	28	160	14	154	2.8e-21	98.2
BCW-200211_03669	gnl|TC-DB|Q9HTI8|3.A.1.12.12	75.8	392	95	0	1	392	1	392	2.5e-172	601.3
BCW-200211_03670	gnl|TC-DB|Q9HTI7|3.A.1.12.12	81.8	275	50	0	2	276	3	277	6.8e-124	439.9
BCW-200211_03671	gnl|TC-DB|Q9HTI6|3.A.1.12.12	67.0	315	101	2	1	315	1	312	3.0e-120	427.9
BCW-200211_03698	gnl|TC-DB|P0AFI9|2.A.86.1.1	46.2	346	186	0	1	346	1	346	3.8e-71	265.0
BCW-200211_03708	gnl|TC-DB|P34750|1.B.22.2.1	70.1	442	103	3	43	460	278	714	3.1e-166	581.3
BCW-200211_03711	gnl|TC-DB|Q8VRL8|3.A.11.1.3	32.6	172	110	4	6	175	9	176	1.1e-15	80.1
BCW-200211_03719	gnl|TC-DB|Q9F9B2|3.A.1.2.7	29.7	286	175	8	7	271	10	290	5.9e-20	94.7
BCW-200211_03720	gnl|TC-DB|Q9X050|3.A.1.2.19	44.0	302	157	3	27	317	24	324	2.3e-51	199.1
BCW-200211_03721	gnl|TC-DB|G4FGN3|3.A.1.2.20	47.5	501	253	7	3	502	1	492	1.5e-121	433.0
BCW-200211_03746	gnl|TC-DB|G8LJX5|9.B.142.2.2	36.7	542	334	5	14	550	14	551	1.9e-106	382.9
BCW-200211_03748	gnl|TC-DB|Q2J9P5|3.A.1.125.3	43.5	214	120	1	9	221	66	279	2.1e-43	172.2
BCW-200211_03756	gnl|TC-DB|Q0VQY7|2.A.6.2.46	29.7	472	307	11	4	463	5	463	3.0e-39	159.5
BCW-200211_03757	gnl|TC-DB|P75831|3.A.1.122.1	46.5	667	324	8	3	656	2	648	1.7e-146	516.2
BCW-200211_03758	gnl|TC-DB|P75830|3.A.1.122.1	30.9	385	246	3	1	385	1	365	8.5e-40	161.0
BCW-200211_03763	gnl|TC-DB|O00571|1.I.1.1.3	35.7	364	209	7	7	346	181	543	1.2e-53	207.2
BCW-200211_03764	gnl|TC-DB|P31474|2.A.1.3.51	48.9	456	228	2	15	470	12	462	5.4e-113	404.4
BCW-200211_03771	gnl|TC-DB|Q4ZLW8|2.A.15.1.3	49.8	667	319	6	1	658	1	660	3.0e-186	648.3
BCW-200211_03772	gnl|TC-DB|Q4KI39|9.B.164.1.1	84.2	596	94	0	1	596	1	596	5.4e-304	1039.3
BCW-200211_03774	gnl|TC-DB|Q887X9|9.B.159.6.7	32.7	791	461	16	95	830	135	909	1.8e-76	283.9
BCW-200211_03789	gnl|TC-DB|Q07711|3.A.7.7.1	28.6	601	391	12	5	591	4	580	6.5e-69	258.5
BCW-200211_03790	gnl|TC-DB|F8SVK1|2.A.1.6.11	57.8	543	215	2	9	537	6	548	3.5e-185	644.4
BCW-200211_03795	gnl|TC-DB|Q7BW13|3.A.1.16.2	29.4	238	150	4	38	263	16	247	4.6e-19	91.7
BCW-200211_03796	gnl|TC-DB|O05347|3.A.1.16.2	49.5	212	104	3	27	237	37	246	9.5e-49	190.3
BCW-200211_03800	gnl|TC-DB|L0LHM3|2.A.7.31.3	35.6	275	176	1	1	274	1	275	2.7e-40	162.2
BCW-200211_03805	gnl|TC-DB|Q9HY88|2.A.6.2.34	34.4	477	284	10	10	477	9	465	1.2e-51	200.7
BCW-200211_03807	gnl|TC-DB|Q9HXW4|2.A.6.2.17	41.6	1020	588	3	6	1018	3	1021	1.1e-222	770.0
BCW-200211_03824	gnl|TC-DB|Q7AA53|2.A.6.8.2	28.6	744	502	14	32	763	14	740	1.9e-59	227.3
BCW-200211_03841	gnl|TC-DB|P77338|1.A.23.1.1	40.6	1073	625	10	27	1092	42	1109	6.5e-194	674.5
BCW-200211_03842	gnl|TC-DB|P76007|2.A.36.6.11	66.3	573	190	2	1	570	1	573	4.3e-213	737.3
BCW-200211_03847	gnl|TC-DB|A3N294|3.A.1.20.3	33.4	332	210	7	5	326	8	338	2.1e-42	169.5
BCW-200211_03848	gnl|TC-DB|Q9KLQ6|3.A.1.20.2	25.9	586	402	14	1	567	128	700	8.3e-36	148.3
BCW-200211_03849	gnl|TC-DB|P74127|3.A.1.10.2	45.3	316	157	7	12	315	19	330	2.6e-64	242.3
BCW-200211_03851	gnl|TC-DB|Q88CP1|3.A.3.6.12	77.4	720	160	1	46	762	31	750	4.9e-310	1059.7
BCW-200211_03856	gnl|TC-DB|P08839|8.A.7.1.1	37.8	572	326	11	180	730	4	566	1.6e-98	357.1
BCW-200211_03876	gnl|TC-DB|O05307|4.C.1.1.3	40.0	592	334	4	17	605	20	593	3.3e-123	438.7
BCW-200211_03884	gnl|TC-DB|Q9HTH6|3.A.1.12.12	56.4	307	130	1	8	314	10	312	6.5e-99	357.1
BCW-200211_03892	gnl|TC-DB|P96797|3.D.7.1.1	30.1	422	242	16	232	628	11	404	2.3e-34	143.7
BCW-200211_03897	gnl|TC-DB|A0ZUB1|3.A.1.122.12	75.0	656	155	2	1	652	1	651	5.9e-272	932.9
BCW-200211_03898	gnl|TC-DB|Q84BQ3|3.A.1.122.12	66.6	362	120	1	21	382	1	361	7.9e-123	436.8
BCW-200211_03903	gnl|TC-DB|Q7URM2|2.A.7.30.1	29.1	289	182	8	3	278	8	286	1.2e-14	77.0
BCW-200211_03908	gnl|TC-DB|P46889|3.A.12.1.2	61.7	493	179	3	296	785	840	1325	5.5e-163	571.2
BCW-200211_03915	gnl|TC-DB|P09391|9.B.104.1.1	34.3	204	113	7	84	286	92	275	4.4e-25	111.7
BCW-200211_03922	gnl|TC-DB|P0AGM9|2.A.40.4.2	46.2	450	237	3	2	446	13	462	3.2e-110	395.2
BCW-200211_03927	gnl|TC-DB|P31801|2.A.19.1.1	29.4	350	239	3	10	357	19	362	6.2e-37	151.4
BCW-200211_03929	gnl|TC-DB|O34691|2.A.1.82.4	33.0	437	250	5	16	451	6	400	2.8e-66	249.2
BCW-200211_03935	gnl|TC-DB|I7FD23|2.A.1.2.97	37.5	387	237	4	3	386	16	400	8.3e-59	224.2
BCW-200211_03938	gnl|TC-DB|Q9HX93|3.A.3.5.34	75.2	714	174	2	13	725	81	792	3.6e-294	1006.9
BCW-200211_03951	gnl|TC-DB|B7V282|1.B.10.2.2	64.7	278	81	2	1	261	1	278	7.3e-104	373.2
BCW-200211_03952	gnl|TC-DB|Q46821|2.A.40.3.3	49.2	443	215	3	1	433	1	443	6.0e-106	380.9
BCW-200211_03953	gnl|TC-DB|A9CI11|9.B.43.1.1	39.4	421	227	5	7	424	9	404	1.0e-86	317.0
BCW-200211_03958	gnl|TC-DB|G3IME2|9.B.35.1.2	43.1	116	59	3	4	117	31	141	4.2e-19	90.5
BCW-200211_03961	gnl|TC-DB|P31466|2.A.40.7.6	50.9	432	212	0	17	448	11	442	9.2e-123	436.8
BCW-200211_03966	gnl|TC-DB|P42308|2.A.11.1.2	43.8	434	230	6	1	430	1	424	1.2e-92	336.7
BCW-200211_03974	gnl|TC-DB|Q9F3K5|3.A.1.3.24	33.0	267	158	7	23	273	59	320	7.5e-35	144.1
BCW-200211_03975	gnl|TC-DB|Q9F3K7|3.A.1.3.24	63.5	252	92	0	1	252	1	252	3.8e-89	324.3
BCW-200211_03976	gnl|TC-DB|Q9F3K6|3.A.1.3.24	46.4	263	141	0	28	290	26	288	2.6e-62	235.3
BCW-200211_03993	gnl|TC-DB|P94369|2.A.39.1.5	41.4	444	254	5	14	456	3	441	1.7e-85	313.2
BCW-200211_03994	gnl|TC-DB|Q9KKE3|3.A.1.12.6	48.0	346	154	5	1	321	1	345	7.6e-95	343.6
BCW-200211_03995	gnl|TC-DB|Q9KKE2|3.A.1.12.6	62.9	283	105	0	1	283	1	283	6.3e-93	337.0
BCW-200211_03996	gnl|TC-DB|Q9KKE1|3.A.1.12.6	66.7	267	89	0	4	270	1	267	1.9e-102	368.6
BCW-200211_04003	gnl|TC-DB|P0A9T4|8.A.5.1.5	54.0	346	159	0	1	346	1	346	4.9e-100	360.9
BCW-200211_04006	gnl|TC-DB|P05417|3.D.3.1.1	41.0	188	97	5	8	191	13	190	5.3e-30	127.5
BCW-200211_04007	gnl|TC-DB|Q02761|3.E.2.1.1	42.8	414	211	7	7	401	18	424	1.4e-85	313.2
BCW-200211_04009	gnl|TC-DB|P0ACA3|1.A.12.3.1	59.0	200	79	2	7	205	11	208	1.4e-62	235.7
BCW-200211_04015	gnl|TC-DB|P42237|2.A.1.14.1	68.3	436	136	2	3	438	11	444	9.2e-179	622.9
BCW-200211_04017	gnl|TC-DB|P37665|9.B.186.1.1	48.9	141	72	0	87	227	79	219	3.3e-32	135.2
BCW-200211_04022	gnl|TC-DB|Q887X9|9.B.159.6.7	74.7	912	226	3	12	920	1	910	0.0e+00	1322.0
BCW-200211_04048	gnl|TC-DB|Q9I3G8|3.A.3.27.5	79.0	801	168	0	15	815	1	801	0.0e+00	1239.2
BCW-200211_04055	gnl|TC-DB|P43531|2.A.1.36.1	57.4	401	171	0	13	413	11	411	7.4e-122	433.7
BCW-200211_04058	gnl|TC-DB|P38919|3.A.18.1.1	34.3	376	245	2	5	379	37	411	2.0e-58	223.4
BCW-200211_04061	gnl|TC-DB|P23894|9.B.1.1.6	47.3	298	140	4	1	292	1	287	1.3e-64	243.0
BCW-200211_04073	gnl|TC-DB|D5X5E3|1.E.34.2.4	38.6	114	70	0	9	122	10	123	1.1e-12	69.3
BCW-200211_04075	gnl|TC-DB|Q0IDE4|1.A.11.2.5	35.1	413	233	9	15	398	75	481	3.9e-56	215.3
BCW-200211_04076	gnl|TC-DB|Q0ZAH7|2.A.37.1.3	40.6	557	328	2	5	558	10	566	1.2e-98	357.1
BCW-200211_04088	gnl|TC-DB|Q51485|1.B.19.1.1	63.6	450	161	2	2	448	5	454	6.7e-174	606.7
BCW-200211_04089	gnl|TC-DB|Q88P35|3.A.1.1.30	83.4	386	62	1	1	386	1	384	2.2e-181	631.3
BCW-200211_04090	gnl|TC-DB|Q88P36|3.A.1.1.30	90.0	281	28	0	1	281	1	281	4.0e-140	493.8
BCW-200211_04091	gnl|TC-DB|Q88P37|3.A.1.1.30	90.7	301	28	0	1	301	1	301	2.3e-157	551.2
BCW-200211_04092	gnl|TC-DB|Q88P38|3.A.1.1.30	86.9	428	56	0	1	428	1	428	3.2e-218	753.8
BCW-200211_04098	gnl|TC-DB|B5U2Z3|2.A.75.1.4	43.3	194	109	1	5	197	6	199	7.9e-34	140.2
BCW-200211_04106	gnl|TC-DB|Q53148|2.A.3.5.1	37.7	440	249	8	3	432	36	460	7.0e-62	234.6
BCW-200211_04108	gnl|TC-DB|Q1M605|3.A.3.7.2	54.6	557	251	2	7	562	6	561	4.2e-165	577.8
BCW-200211_04109	gnl|TC-DB|Q1M606|3.A.3.7.2	65.1	670	221	6	27	684	17	685	1.5e-225	778.9
BCW-200211_04110	gnl|TC-DB|Q1M607|3.A.3.7.2	43.5	186	96	5	1	179	1	184	2.8e-30	128.3
BCW-200211_04111	gnl|TC-DB|P0AEM9|3.A.1.3.10	60.9	266	102	2	1	264	1	266	4.8e-87	317.4
BCW-200211_04112	gnl|TC-DB|P0AFT2|3.A.1.3.10	71.4	220	63	0	1	220	1	220	3.0e-82	301.2
BCW-200211_04113	gnl|TC-DB|P37774|3.A.1.3.10	76.3	245	58	0	2	246	4	248	4.9e-102	367.1
BCW-200211_04118	gnl|TC-DB|P28635|3.A.1.24.1	41.3	208	113	3	52	254	56	259	3.0e-36	148.7
BCW-200211_04119	gnl|TC-DB|O32169|3.A.1.24.2	47.9	307	158	1	39	345	12	316	3.7e-77	285.0
BCW-200211_04120	gnl|TC-DB|O32168|3.A.1.24.2	44.6	177	98	0	38	214	46	222	4.6e-40	161.0
BCW-200211_04123	gnl|TC-DB|Q9I6X4|2.A.6.2.27	77.5	1014	225	2	1	1012	1	1013	0.0e+00	1529.6
BCW-200211_04124	gnl|TC-DB|Q9I6X5|2.A.6.2.27	56.1	351	153	1	4	354	6	355	3.9e-76	281.6
BCW-200211_04125	gnl|TC-DB|Q9I6X6|2.A.6.2.27	59.6	339	136	1	17	355	27	364	3.1e-97	351.7
BCW-200211_04129	gnl|TC-DB|Q4ZLW8|2.A.15.1.3	89.3	666	69	1	1	666	1	664	0.0e+00	1204.5
BCW-200211_04130	gnl|TC-DB|Q51510|1.B.25.1.2	40.6	443	234	8	22	448	30	459	2.7e-90	328.9
BCW-200211_04131	gnl|TC-DB|P77735|8.A.5.1.6	34.1	323	190	10	15	327	3	312	6.3e-39	157.9
BCW-200211_04133	gnl|TC-DB|Q47539|3.A.1.17.1	65.3	262	83	2	24	277	12	273	1.9e-86	315.5
BCW-200211_04134	gnl|TC-DB|Q47538|3.A.1.17.1	61.4	254	96	1	3	256	1	252	2.2e-84	308.5
BCW-200211_04135	gnl|TC-DB|Q47537|3.A.1.17.1	54.9	315	138	2	9	323	9	319	3.1e-96	348.2
BCW-200211_04149	gnl|TC-DB|O00571|1.I.1.1.3	26.3	217	152	5	131	342	344	557	7.7e-14	75.5
BCW-200211_04152	gnl|TC-DB|P07658|3.D.1.9.2	26.9	394	246	8	118	497	61	426	2.2e-39	160.6
BCW-200211_04158	gnl|TC-DB|Q9KN48|3.A.23.1.1	37.0	362	192	3	119	445	164	524	4.3e-51	198.7
BCW-200211_04167	gnl|TC-DB|O24779|1.B.25.1.3	68.5	428	132	2	1	428	1	425	2.6e-167	584.7
BCW-200211_04188	gnl|TC-DB|Q9HU29|3.A.1.3.23	72.2	227	63	0	17	243	4	230	3.6e-89	324.3
BCW-200211_04189	gnl|TC-DB|Q9HU30|3.A.1.3.23	66.4	229	77	0	1	229	1	229	2.5e-84	308.1
BCW-200211_04190	gnl|TC-DB|Q9HU31|3.A.1.3.23	74.9	251	59	4	1	249	1	249	1.6e-103	372.1
BCW-200211_04191	gnl|TC-DB|Q9HU32|3.A.1.3.23	92.6	257	19	0	1	257	1	257	1.6e-132	468.4
BCW-200211_04192	gnl|TC-DB|P25527|2.A.3.1.4	67.3	453	148	0	1	453	1	453	1.1e-163	572.8
BCW-200211_04195	gnl|TC-DB|A3T1V5|2.A.59.2.1	37.8	320	198	1	1	320	1	319	7.0e-48	187.6
BCW-200211_04202	gnl|TC-DB|Q51330|2.A.1.11.1	29.4	286	163	8	155	439	115	362	1.1e-19	94.7
BCW-200211_04211	gnl|TC-DB|O35002|9.B.174.1.1	36.3	361	218	6	19	374	24	377	6.8e-54	208.0
BCW-200211_04216	gnl|TC-DB|Q5SMG8|1.A.26.1.2	33.3	348	209	6	144	479	111	447	4.1e-44	175.6
BCW-200211_04234	gnl|TC-DB|O30506|3.A.1.3.11	90.9	254	23	0	1	254	1	254	9.2e-128	452.6
BCW-200211_04236	gnl|TC-DB|O50183|3.A.1.3.11	85.7	231	33	0	1	231	1	231	9.0e-106	379.4
BCW-200211_04237	gnl|TC-DB|O50182|3.A.1.3.11	82.5	229	40	0	1	229	1	229	3.2e-103	370.9
BCW-200211_04238	gnl|TC-DB|O50181|3.A.1.3.11	70.3	259	77	0	1	259	1	259	3.6e-103	370.9
BCW-200211_04239	gnl|TC-DB|P31552|4.C.1.1.6	21.1	531	381	14	90	616	21	517	2.3e-21	100.5
BCW-200211_04245	gnl|TC-DB|Q9HXW4|2.A.6.2.17	83.2	1021	170	1	1	1019	1	1021	0.0e+00	1649.0
BCW-200211_04246	gnl|TC-DB|Q1CZ64|2.A.6.3.7	25.2	309	221	5	50	350	65	371	2.0e-14	76.6
BCW-200211_04258	gnl|TC-DB|K1LZ89|1.B.6.1.14	36.0	111	71	0	136	246	527	637	1.1e-19	93.6
BCW-200211_04266	gnl|TC-DB|P0AAP1|9.B.34.1.2	36.1	169	103	3	164	332	206	369	2.8e-23	105.9
BCW-200211_04272	gnl|TC-DB|M3JA40|1.B.52.2.1	41.4	111	54	2	341	451	265	364	1.7e-14	77.4
BCW-200211_04277	gnl|TC-DB|P63183|2.A.72.1.1	52.4	611	289	1	23	633	14	622	3.5e-176	614.8
BCW-200211_04293	gnl|TC-DB|515542128|1.M.1.4.1	47.6	145	76	0	21	165	32	176	1.7e-26	115.5
BCW-200211_04294	gnl|TC-DB|918432279|1.M.1.4.4	65.0	117	39	1	44	160	14	128	1.4e-37	152.5
BCW-200211_04313	gnl|TC-DB|J2YPD8|1.E.20.1.4	82.1	112	20	0	1	112	1	112	3.7e-49	190.3
BCW-200211_04318	gnl|TC-DB|A0L4L0|3.A.1.132.3	38.0	337	197	5	6	342	4	328	6.9e-60	227.6
BCW-200211_04320	gnl|TC-DB|P77223|3.D.6.1.4	57.7	104	41	3	5	105	36	139	1.6e-27	120.2
BCW-200211_04332	gnl|TC-DB|P07658|3.D.1.9.2	27.0	504	323	12	10	489	8	490	1.9e-37	154.1
BCW-200211_04335	gnl|TC-DB|Q82VN5|3.A.1.10.4	51.1	354	166	2	4	350	2	355	5.3e-100	360.9
BCW-200211_04337	gnl|TC-DB|P0AER0|1.A.8.1.1	73.6	261	69	0	1	261	12	272	2.8e-106	381.3
BCW-200211_04341	gnl|TC-DB|Q88NY2|3.A.1.3.19	77.5	307	66	3	1	307	2	305	2.2e-131	464.9
BCW-200211_04342	gnl|TC-DB|Q88NY3|3.A.1.3.19	91.9	248	20	0	1	248	1	248	2.2e-126	448.0
BCW-200211_04343	gnl|TC-DB|Q88NY4|3.A.1.3.19	90.6	223	21	0	1	223	1	223	2.1e-107	384.8
BCW-200211_04344	gnl|TC-DB|Q9I405|3.A.1.3.22	91.8	244	20	0	1	244	1	244	3.0e-128	454.1
BCW-200211_04346	gnl|TC-DB|Q9KN48|3.A.23.1.1	35.8	397	210	6	93	444	128	524	8.2e-55	211.1
BCW-200211_04357	gnl|TC-DB|P39794|4.A.1.2.8	52.2	460	215	3	9	467	8	463	1.3e-130	463.0
BCW-200211_04358	gnl|TC-DB|Q05839|8.A.9.1.1	30.7	535	302	12	4	510	110	603	1.8e-64	243.4
BCW-200211_04359	gnl|TC-DB|P02943|1.B.3.1.1	32.4	457	245	15	1	405	2	446	1.4e-50	196.8
BCW-200211_04360	gnl|TC-DB|Q9HXN5|4.A.1.1.15	46.1	838	423	8	7	824	6	834	2.6e-179	625.5
BCW-200211_04366	gnl|TC-DB|Q9HXN4|4.A.1.1.15	69.1	564	163	2	6	559	6	568	9.0e-216	746.1
BCW-200211_04367	gnl|TC-DB|Q9HXN5|4.A.1.1.15	63.5	842	297	5	4	836	2	842	5.4e-286	979.9
BCW-200211_04381	gnl|TC-DB|P39580|2.A.50.2.1	29.2	216	132	6	124	323	119	329	1.0e-21	101.3
BCW-200211_04388	gnl|TC-DB|Q9KN48|3.A.23.1.1	36.5	433	231	9	74	477	107	524	1.1e-57	220.7
BCW-200211_04389	gnl|TC-DB|Q9HV74|2.A.21.9.1	26.5	392	248	12	41	402	600	981	9.4e-26	114.4
BCW-200211_04390	gnl|TC-DB|Q9KN48|3.A.23.1.1	38.5	330	179	6	136	444	199	525	5.8e-48	188.3
BCW-200211_04392	gnl|TC-DB|P15928|3.A.6.2.1	35.1	572	339	10	25	591	14	558	1.5e-75	280.4
BCW-200211_04395	gnl|TC-DB|P26465|3.A.6.2.1	62.1	425	154	1	29	446	29	453	1.6e-143	505.8
BCW-200211_04403	gnl|TC-DB|P26419|3.A.6.2.1	45.6	149	58	3	6	154	10	135	3.4e-24	107.8
BCW-200211_04405	gnl|TC-DB|P54700|3.A.6.2.1	55.0	240	105	1	8	244	4	243	1.3e-62	236.1
BCW-200211_04406	gnl|TC-DB|P0A1L5|3.A.6.2.1	39.3	89	54	0	1	89	1	89	1.4e-14	75.1
BCW-200211_04407	gnl|TC-DB|P54702|3.A.6.2.1	37.3	255	158	2	4	257	1	254	4.2e-35	144.8
BCW-200211_04408	gnl|TC-DB|P40727|3.A.6.2.1	41.2	374	219	1	1	374	1	373	1.6e-67	253.1
BCW-200211_04411	gnl|TC-DB|P40729|3.A.6.2.1	51.9	688	309	5	17	701	22	690	2.8e-182	635.2
BCW-200211_04412	gnl|TC-DB|P10121|3.A.5.1.1	33.2	199	113	7	213	394	284	479	6.2e-15	78.6
BCW-200211_04419	gnl|TC-DB|Q8E9J0|1.A.30.1.5	44.9	243	134	0	4	246	1	243	1.6e-52	202.6
BCW-200211_04420	gnl|TC-DB|Q8E9J1|1.A.30.1.5	30.2	268	159	8	1	245	1	263	8.4e-24	107.5
BCW-200211_04436	gnl|TC-DB|Q9V0A4|3.B.1.1.5	28.8	528	349	11	22	534	3	518	6.2e-65	245.0
BCW-200211_04443	gnl|TC-DB|P69451|4.C.1.1.4	25.2	599	312	22	9	546	23	546	2.3e-29	129.8
BCW-200211_04447	gnl|TC-DB|Q9JTL9|5.A.1.1.2	34.2	605	352	13	8	573	4	601	6.3e-76	281.6
BCW-200211_04453	gnl|TC-DB|P75783|1.A.23.3.2	27.4	474	309	9	259	711	266	725	4.4e-34	142.9
BCW-200211_04455	gnl|TC-DB|Q57134|3.A.11.2.2	44.7	94	52	0	15	108	18	111	5.0e-14	73.6
BCW-200211_04456	gnl|TC-DB|Q6MMD5|9.B.18.2.1	48.8	642	296	7	13	653	16	625	1.3e-160	563.1
BCW-200211_04457	gnl|TC-DB|G2HLY8|9.B.146.1.2	30.6	284	189	3	12	295	8	283	1.9e-27	119.8
BCW-200211_04460	gnl|TC-DB|Q6MMD5|9.B.18.2.1	36.3	284	163	5	4	270	291	573	1.9e-35	146.4
BCW-200211_04465	gnl|TC-DB|P0AAA7|2.A.66.2.3	33.8	370	242	2	18	385	7	375	2.6e-42	169.5
BCW-200211_04485	gnl|TC-DB|P48632|1.B.14.1.6	68.1	815	258	2	1	813	1	815	0.0e+00	1150.6
BCW-200211_04486	gnl|TC-DB|Q51340|3.A.1.113.2	74.9	550	136	2	1	550	1	548	5.1e-232	800.0
BCW-200211_04491	gnl|TC-DB|B7V849|1.B.25.1.32	63.7	441	155	3	4	439	8	448	2.0e-162	568.5
BCW-200211_04493	gnl|TC-DB|Q9HV74|2.A.21.9.1	30.4	224	144	5	242	459	757	974	1.2e-13	74.3
BCW-200211_04494	gnl|TC-DB|Q88RT6|2.A.6.1.5	82.7	1044	181	0	1	1044	1	1044	0.0e+00	1667.9
BCW-200211_04495	gnl|TC-DB|Q88RT5|2.A.6.1.5	66.7	339	113	0	30	368	78	416	4.9e-122	434.1
BCW-200211_04496	gnl|TC-DB|Q88RT4|2.A.6.1.5	56.9	397	171	0	7	403	20	416	1.5e-111	399.4
BCW-200211_04497	gnl|TC-DB|P13512|2.A.4.1.1	63.8	287	103	1	1	287	1	286	2.8e-99	358.2
BCW-200211_04498	gnl|TC-DB|P39835|2.A.8.1.4	35.9	435	273	3	19	451	4	434	3.1e-65	245.7
BCW-200211_04499	gnl|TC-DB|Q5ZYB5|3.A.7.9.1	33.0	376	245	3	26	399	15	385	4.0e-51	198.7
BCW-200211_04500	gnl|TC-DB|P76460|2.A.73.1.1	34.7	444	265	10	9	447	4	427	1.4e-57	220.3
BCW-200211_04504	gnl|TC-DB|Q8F8H7|2.A.53.3.8	50.0	194	97	0	3	196	540	733	2.5e-54	208.4
BCW-200211_04512	gnl|TC-DB|D4ZZR3|9.B.34.1.3	31.6	177	116	2	453	624	217	393	1.4e-16	85.1
BCW-200211_04523	gnl|TC-DB|Q9KN48|3.A.23.1.1	39.8	342	194	5	135	466	189	528	1.3e-55	213.8
BCW-200211_04540	gnl|TC-DB|Q8NR41|3.A.1.17.12	36.0	308	175	8	7	298	3	304	4.6e-39	158.3
BCW-200211_04545	gnl|TC-DB|Q9RPP3|2.A.1.14.8	37.6	447	260	4	1	435	1	440	1.7e-84	309.7
BCW-200211_04557	gnl|TC-DB|P31499|1.B.14.2.2	25.0	695	415	25	118	795	44	649	4.0e-34	143.3
BCW-200211_04558	gnl|TC-DB|P96668|2.A.7.3.24	41.9	279	159	1	3	281	2	277	1.7e-51	199.5
BCW-200211_04571	gnl|TC-DB|P76103|2.A.46.1.9	45.3	373	204	0	20	392	11	383	9.4e-87	317.0
BCW-200211_04579	gnl|TC-DB|Q92NE8|3.A.1.5.17	51.4	541	247	4	1	536	1	530	1.1e-147	520.0
BCW-200211_04580	gnl|TC-DB|Q92NE9|3.A.1.5.17	39.5	266	157	2	25	290	10	271	1.6e-46	183.0
BCW-200211_04581	gnl|TC-DB|Q92NF0|3.A.1.5.17	43.2	310	176	0	8	317	58	367	1.6e-57	219.5
BCW-200211_04582	gnl|TC-DB|Q92NF1|3.A.1.5.17	37.7	530	302	11	27	545	17	529	8.9e-88	320.9
BCW-200211_04604	gnl|TC-DB|P69874|3.A.1.11.1	44.3	332	167	5	6	321	18	347	2.6e-69	258.8
BCW-200211_04606	gnl|TC-DB|Q51510|1.B.25.1.2	52.5	455	186	8	8	439	13	460	6.2e-124	440.7
BCW-200211_04610	gnl|TC-DB|B7LBF5|1.A.12.3.2	54.2	203	90	2	4	203	6	208	8.8e-52	199.9
BCW-200211_04620	gnl|TC-DB|P32482|2.A.1.2.3	29.4	378	259	4	12	385	16	389	1.4e-29	127.1
BCW-200211_04627	gnl|TC-DB|Q9L3S2|3.A.1.4.4	47.4	215	111	2	14	227	4	217	1.7e-48	189.1
BCW-200211_04637	gnl|TC-DB|P44669|9.A.41.1.1	28.6	241	131	6	9	227	21	242	4.9e-17	85.5
BCW-200211_04641	gnl|TC-DB|O29740|2.A.7.3.36	26.5	283	189	5	8	281	11	283	3.7e-16	82.0
BCW-200211_04644	gnl|TC-DB|P37645|9.B.121.1.1	53.1	693	305	4	1	680	1	686	5.6e-212	733.8
BCW-200211_04651	gnl|TC-DB|Q1M8G8|2.A.99.1.2	46.9	196	97	2	2	190	4	199	3.1e-35	144.8
BCW-200211_04652	gnl|TC-DB|G0K0M9|9.B.153.3.16	41.5	316	179	4	120	431	117	430	4.1e-67	251.9
BCW-200211_04668	gnl|TC-DB|Q9I3N2|9.B.14.1.7	81.4	657	118	1	7	663	2	654	0.0e+00	1082.4
BCW-200211_04671	gnl|TC-DB|Q9I3N5|9.B.14.2.4	85.3	245	36	0	1	245	2	246	2.1e-124	441.4
BCW-200211_04672	gnl|TC-DB|K6BIH6|3.A.1.107.4	90.5	221	21	0	2	222	3	223	1.3e-98	355.5
BCW-200211_04673	gnl|TC-DB|K6BJ24|3.A.1.107.4	67.8	205	66	0	3	207	5	209	1.1e-78	289.3
BCW-200211_04693	gnl|TC-DB|O33407|1.B.12.5.9	62.3	650	230	6	1	639	1	646	1.8e-225	778.5
BCW-200211_04698	gnl|TC-DB|Q44381|3.A.1.11.3	39.0	259	155	1	10	268	17	272	6.8e-44	174.1
BCW-200211_04699	gnl|TC-DB|Q1M7Q3|3.A.1.11.6	45.0	218	120	0	186	403	66	283	1.7e-46	183.3
BCW-200211_04700	gnl|TC-DB|Q1M7Q4|3.A.1.11.6	32.9	343	216	8	7	346	5	336	2.0e-45	179.5
BCW-200211_04701	gnl|TC-DB|Q1M7Q1|3.A.1.11.6	46.7	347	181	4	11	355	6	350	6.9e-84	307.4
BCW-200211_04708	gnl|TC-DB|P31554|1.B.42.1.2	27.1	798	501	17	150	930	48	781	1.1e-80	298.1
BCW-200211_04721	gnl|TC-DB|P60782|9.B.31.1.1	41.2	182	107	0	5	186	8	189	4.0e-27	117.9
BCW-200211_04726	gnl|TC-DB|Q1J0W6|9.B.34.1.1	34.7	202	119	6	765	964	155	345	3.1e-19	94.4
BCW-200211_04736	gnl|TC-DB|P0AE42|9.B.12.2.1	64.6	48	17	0	1	48	1	48	4.2e-11	62.8
BCW-200211_04754	gnl|TC-DB|P27844|2.A.7.7.2	46.1	293	158	0	1	293	1	293	8.3e-72	266.9
BCW-200211_04763	gnl|TC-DB|Q82VI7|1.B.14.1.10	38.6	822	460	14	13	809	23	824	1.6e-149	526.6
BCW-200211_04768	gnl|TC-DB|Q9HV74|2.A.21.9.1	26.5	204	130	6	263	458	764	955	5.9e-11	65.5
BCW-200211_04775	gnl|TC-DB|Q9KN48|3.A.23.1.1	37.2	352	207	3	178	515	177	528	1.0e-53	207.6
BCW-200211_04778	gnl|TC-DB|P0ABJ1|3.D.4.5.1	52.4	296	137	3	1	294	1	294	8.5e-83	303.5
BCW-200211_04779	gnl|TC-DB|P0ABI8|3.D.4.5.1	70.4	651	192	1	1	651	1	650	6.1e-280	959.5
BCW-200211_04780	gnl|TC-DB|P0ABJ3|3.D.4.5.1	71.6	197	56	0	12	208	8	204	1.5e-80	295.4
BCW-200211_04781	gnl|TC-DB|P0ABJ6|3.D.4.5.1	50.9	106	52	0	4	109	2	107	6.8e-19	89.7
BCW-200211_04798	gnl|TC-DB|P0A943|1.B.33.1.3	38.4	821	467	14	1	795	3	810	3.3e-155	545.4
BCW-200211_04810	gnl|TC-DB|P32703|2.A.36.3.1	45.8	553	281	10	1	543	1	544	1.4e-109	393.3
BCW-200211_04816	gnl|TC-DB|Q9I4H4|4.D.3.1.11	74.7	855	213	1	1	852	1	855	0.0e+00	1333.2
BCW-200211_04820	gnl|TC-DB|Q89SS6|2.A.1.42.2	31.4	611	391	10	9	610	5	596	1.5e-70	263.8
BCW-200211_04821	gnl|TC-DB|Q2TJJ2|2.A.16.4.3	34.4	404	237	5	1	379	1	401	5.9e-62	234.6
BCW-200211_04824	gnl|TC-DB|P0AFN6|3.A.1.105.17	60.4	250	99	0	10	259	7	256	1.8e-83	305.4
BCW-200211_04825	gnl|TC-DB|P36879|3.A.1.105.17	68.0	303	96	1	1	303	1	302	3.6e-110	394.4
BCW-200211_04841	gnl|TC-DB|O50471|2.A.21.7.1	43.7	471	233	4	51	516	8	451	8.9e-87	317.8
BCW-200211_04858	gnl|TC-DB|L5DDD7|2.A.109.2.3	43.7	245	136	1	5	249	370	612	1.9e-53	205.7
BCW-200211_04861	gnl|TC-DB|P77389|2.A.1.2.65	31.0	377	258	2	3	379	5	379	8.4e-40	161.0
BCW-200211_04862	gnl|TC-DB|P0AGE4|2.A.23.4.1	70.5	403	119	0	4	406	6	408	1.8e-149	525.4
BCW-200211_04870	gnl|TC-DB|Q1DBZ0|2.A.86.2.2	27.2	331	236	3	10	338	12	339	2.8e-21	99.4
BCW-200211_04871	gnl|TC-DB|P9WG63|5.A.1.2.9	55.4	148	63	1	44	188	398	545	8.3e-49	189.9
BCW-200211_04874	gnl|TC-DB|O32105|2.A.8.1.12	52.9	382	169	5	66	440	65	442	1.4e-104	376.3
BCW-200211_04882	gnl|TC-DB|P0AA82|2.A.39.1.1	39.2	411	244	4	8	418	5	409	1.3e-70	263.5
BCW-200211_04887	gnl|TC-DB|A8YQR5|3.A.23.2.1	37.3	507	276	12	22	506	22	508	1.1e-76	284.3
BCW-200211_04889	gnl|TC-DB|F2WVP9|2.A.1.60.3	51.4	370	180	0	14	383	8	377	1.4e-92	336.3
BCW-200211_04897	gnl|TC-DB|P69451|4.C.1.1.4	32.3	539	319	16	26	534	29	551	2.3e-67	253.1
BCW-200211_04913	gnl|TC-DB|Q6XBY3|1.B.11.6.1	36.5	803	457	18	40	795	30	826	9.8e-144	507.3
BCW-200211_04953	gnl|TC-DB|P0AAP1|9.B.34.1.2	38.8	338	205	2	8	344	34	370	1.9e-62	236.1
BCW-200211_04958	gnl|TC-DB|Q9HXW4|2.A.6.2.17	43.1	1010	565	3	5	1006	4	1011	1.1e-219	760.0
BCW-200211_04959	gnl|TC-DB|Q9I6X6|2.A.6.2.27	30.4	352	236	6	20	367	16	362	4.4e-33	138.7
BCW-200211_04960	gnl|TC-DB|P28246|2.A.1.2.7	27.5	389	275	5	8	393	8	392	4.2e-26	115.5
BCW-200211_04962	gnl|TC-DB|Q6MLE8|1.A.23.4.12	28.4	208	145	1	106	309	126	333	5.0e-18	89.0
BCW-200211_04964	gnl|TC-DB|B6R297|1.B.14.1.21	21.1	724	492	25	1	664	1	705	1.2e-15	81.6
BCW-200211_04965	gnl|TC-DB|Q9KN48|3.A.23.1.1	46.8	218	109	4	335	548	208	422	1.1e-46	184.5
BCW-200211_04971	gnl|TC-DB|P31133|3.A.1.11.2	57.2	355	149	3	11	362	16	370	5.2e-116	414.1
BCW-200211_05003	gnl|TC-DB|P0AA76|2.A.1.14.7	56.1	421	181	2	15	432	10	429	1.3e-134	476.1
BCW-200211_05010	gnl|TC-DB|Q9HTI6|3.A.1.12.12	47.5	299	154	1	6	301	9	307	8.5e-80	293.5
BCW-200211_05011	gnl|TC-DB|B9LBX9|2.A.53.3.4	31.9	504	321	4	27	508	30	533	1.4e-61	233.8
BCW-200211_05016	gnl|TC-DB|Q8VRK4|3.A.11.1.3	38.6	337	185	8	18	351	4	321	2.2e-42	169.5
BCW-200211_05021	gnl|TC-DB|P0AGI8|2.A.38.1.1	64.3	451	160	1	1	450	1	451	7.8e-162	566.6
BCW-200211_05038	gnl|TC-DB|P25714|2.A.9.3.1	48.7	478	237	6	82	552	60	536	1.4e-125	446.4
BCW-200211_05040	gnl|TC-DB|Q82VI7|1.B.14.1.10	36.0	822	472	15	5	796	27	824	5.8e-136	481.5
BCW-200211_05047	gnl|TC-DB|B1JFU8|1.A.77.3.9	85.2	135	20	0	1	135	1	135	5.3e-58	219.9
BCW-200211_05048	gnl|TC-DB|P0AB98|3.A.2.1.1	54.9	286	106	7	5	288	7	271	4.0e-71	264.6
BCW-200211_05049	gnl|TC-DB|P68699|3.A.2.1.1	57.1	70	30	0	7	76	8	77	5.4e-16	79.7
BCW-200211_05050	gnl|TC-DB|P0ABA0|3.A.2.1.1	48.7	156	80	0	1	156	1	156	3.0e-20	94.7
BCW-200211_05051	gnl|TC-DB|P0ABA4|3.A.2.1.1	43.8	178	99	1	1	178	1	177	7.1e-34	140.2
BCW-200211_05052	gnl|TC-DB|P0ABB0|3.A.2.1.1	77.5	512	115	0	3	514	2	513	8.4e-229	789.3
BCW-200211_05053	gnl|TC-DB|P0ABA6|3.A.2.1.1	69.0	287	88	1	1	286	1	287	7.0e-108	386.7
BCW-200211_05054	gnl|TC-DB|P0ABB4|3.A.2.1.1	84.3	460	70	1	1	458	1	460	7.2e-224	772.7
BCW-200211_05055	gnl|TC-DB|P0A6E6|3.A.2.1.1	53.3	137	64	0	1	137	1	137	3.5e-33	137.5
BCW-200211_05068	gnl|TC-DB|D6I8Y6|4.F.1.3.3	44.9	196	107	1	2	197	1	195	1.8e-36	149.1
BCW-200211_05072	gnl|TC-DB|Q9I147|3.A.3.6.15	76.4	609	143	1	16	623	37	645	4.7e-226	780.4
BCW-200211_05081	gnl|TC-DB|Q5FA63|3.A.1.15.10	37.9	298	163	3	14	291	13	308	2.4e-55	212.2
BCW-200211_05082	gnl|TC-DB|A1IQK4|3.A.1.15.10	52.6	272	129	0	10	281	10	281	3.5e-67	251.5
BCW-200211_05083	gnl|TC-DB|G0LRW9|3.A.1.15.15	32.1	193	124	3	26	211	27	219	6.8e-26	114.0
BCW-200211_05088	gnl|TC-DB|P94400|9.B.10.1.1	51.3	394	183	4	4	393	3	391	1.9e-103	372.5
BCW-200211_05094	gnl|TC-DB|P39830|2.A.37.1.5	31.2	385	251	6	2	376	3	383	2.4e-38	156.8
BCW-200211_05098	gnl|TC-DB|P0AAP1|9.B.34.1.2	30.8	169	110	3	519	684	201	365	3.3e-13	73.9
BCW-200211_05105	gnl|TC-DB|P0ADP5|2.A.7.3.61	48.7	279	140	2	1	278	1	277	6.4e-69	257.3
BCW-200211_05106	gnl|TC-DB|P0AAT4|1.A.23.4.5	54.1	181	82	1	1	181	229	408	7.4e-56	213.4
BCW-200211_05108	gnl|TC-DB|P37597|2.A.1.2.62	27.5	382	256	9	25	395	6	377	2.9e-22	102.8
BCW-200211_05110	gnl|TC-DB|Q9HXW4|2.A.6.2.17	41.7	1018	586	3	6	1016	3	1019	8.3e-220	760.4
BCW-200211_05111	gnl|TC-DB|Q9I6X5|2.A.6.2.27	36.6	194	113	5	83	271	167	355	1.1e-17	87.0
BCW-200211_05113	gnl|TC-DB|Q0VQY7|2.A.6.2.46	29.5	474	305	9	10	474	10	463	2.0e-38	156.8
BCW-200211_05135	gnl|TC-DB|P0AAT4|1.A.23.4.5	35.1	205	133	0	31	235	28	232	2.4e-29	125.6
BCW-200211_05136	gnl|TC-DB|O00571|1.I.1.1.3	36.4	376	219	4	2	358	182	556	7.2e-59	224.6
BCW-200211_05139	gnl|TC-DB|Q4KCN4|9.B.62.1.5	73.5	563	149	0	6	568	11	573	6.8e-256	879.4
BCW-200211_05140	gnl|TC-DB|Q4KCN5|1.B.76.1.6	68.4	234	73	1	44	277	100	332	1.3e-98	355.9
BCW-200211_05141	gnl|TC-DB|Q4KDN3|9.B.62.1.5	34.7	124	74	2	4	126	3	120	3.5e-11	64.3
BCW-200211_05142	gnl|TC-DB|P12377|9.B.62.1.2	44.4	304	148	3	1	283	1	304	1.4e-60	229.6
BCW-200211_05148	gnl|TC-DB|P94575|2.A.39.3.4	32.0	462	308	3	10	467	10	469	5.0e-74	275.0
BCW-200211_05149	gnl|TC-DB|Q9I3T2|2.A.1.51.4	60.5	372	144	1	2	370	8	379	1.4e-119	426.0
BCW-200211_05152	gnl|TC-DB|Q7A4Q7|2.A.21.2.2	23.1	481	336	12	7	456	21	498	1.8e-17	87.0
BCW-200211_05153	gnl|TC-DB|O86506|2.A.39.1.7	37.4	479	281	9	13	485	3	468	8.9e-74	274.2
BCW-200211_05158	gnl|TC-DB|P04739|3.A.15.2.1	38.9	144	74	1	3	132	4	147	1.9e-15	78.6
BCW-200211_05159	gnl|TC-DB|P22609|3.A.15.2.1	52.8	369	174	0	32	400	3	371	2.3e-101	365.5
BCW-200211_05160	gnl|TC-DB|P22610|3.A.15.2.1	66.9	284	94	0	5	288	7	290	8.0e-112	399.8
BCW-200211_05187	gnl|TC-DB|F8CM01|1.A.13.4.1	28.7	321	187	10	38	323	35	348	1.9e-17	86.7
BCW-200211_05194	gnl|TC-DB|Q8Y2D9|1.B.46.1.3	30.1	166	102	3	13	174	19	174	7.6e-16	80.5
BCW-200211_05199	gnl|TC-DB|Q8ID54|3.A.25.2.1	31.0	232	156	3	4	231	83	314	3.1e-27	118.6
BCW-200211_05205	gnl|TC-DB|P0AA67|2.A.7.3.6	59.1	276	113	0	14	289	13	288	3.2e-84	308.1
BCW-200211_05211	gnl|TC-DB|Q9KN48|3.A.23.1.1	44.7	235	129	1	11	245	184	417	1.9e-49	193.0
BCW-200211_05216	gnl|TC-DB|Q01857|2.A.23.1.3	61.1	404	156	1	10	413	22	424	6.6e-134	473.8
BCW-200211_05224	gnl|TC-DB|G0LRW7|3.A.1.15.15	22.7	299	220	5	7	297	9	304	1.1e-15	80.5
BCW-200211_05225	gnl|TC-DB|P0A9X1|3.A.1.15.5	37.0	235	131	6	16	248	5	224	3.6e-28	121.7
BCW-200211_05226	gnl|TC-DB|B2IWT1|3.A.1.15.13	32.6	270	171	6	14	281	15	275	1.5e-20	96.7
BCW-200211_05248	gnl|TC-DB|Q46839|2.A.14.1.2	76.1	565	127	2	1	563	1	559	2.4e-237	817.8
BCW-200211_05257	gnl|TC-DB|P0A6Y8|1.A.33.1.2	75.2	641	153	2	1	638	1	638	5.8e-272	932.9
BCW-200211_05266	gnl|TC-DB|P55072|3.A.16.1.1	42.5	228	130	1	153	379	473	700	4.9e-53	205.7
BCW-200211_05283	gnl|TC-DB|P31552|4.C.1.1.6	21.6	547	377	16	83	613	7	517	5.2e-26	115.9
BCW-200211_05289	gnl|TC-DB|Q9KN48|3.A.23.1.1	45.7	230	117	2	150	375	193	418	5.0e-50	195.3
BCW-200211_05290	gnl|TC-DB|Q9HV74|2.A.21.9.1	80.7	981	189	0	1	981	1	981	0.0e+00	1582.4
BCW-200211_05297	gnl|TC-DB|Q9HV90|3.A.1.14.21	62.9	291	106	2	1	290	1	290	5.1e-98	354.0
BCW-200211_05298	gnl|TC-DB|O68878|3.A.1.14.21	83.6	323	52	1	23	345	5	326	2.4e-139	491.5
BCW-200211_05299	gnl|TC-DB|O68877|3.A.1.14.21	75.3	255	63	0	1	255	1	255	2.2e-105	378.3
BCW-200211_05311	gnl|TC-DB|D7C9K8|5.B.7.4.1	38.6	153	88	3	42	194	71	217	3.9e-20	94.7
BCW-200211_05318	gnl|TC-DB|A5W2Y3|9.B.69.1.1	70.2	228	64	2	1	227	1	225	5.4e-82	300.4
BCW-200211_05319	gnl|TC-DB|A5W2Y4|9.B.69.1.1	69.4	62	19	0	1	62	1	62	9.4e-18	85.1
BCW-200211_05320	gnl|TC-DB|P94400|9.B.10.1.1	31.6	244	151	7	4	240	1	235	3.2e-30	129.0
BCW-200211_05325	gnl|TC-DB|C3K139|1.B.62.1.3	83.3	449	64	3	1	440	1	447	1.1e-213	738.8
BCW-200211_05331	gnl|TC-DB|M3JA40|1.B.52.2.1	56.1	107	47	0	340	446	259	365	2.1e-20	97.1
BCW-200211_05332	gnl|TC-DB|A2P528|2.A.7.3.9	35.1	288	179	2	1	288	1	280	1.9e-39	159.5
BCW-200211_05335	gnl|TC-DB|M3JA40|1.B.52.2.1	57.7	71	30	0	364	434	303	373	4.5e-12	69.3
BCW-200211_05337	gnl|TC-DB|H7F0T0|3.D.4.3.3	87.6	474	59	0	1	474	1	474	8.2e-255	875.5
BCW-200211_05338	gnl|TC-DB|F8H841|3.D.4.3.3	80.5	200	39	0	3	202	4	203	2.1e-95	344.7
BCW-200211_05340	gnl|TC-DB|D9IA45|3.D.4.3.3	68.6	306	96	0	1	306	1	306	3.2e-130	461.1
BCW-200211_05350	gnl|TC-DB|P96878|2.A.53.3.12	31.2	202	133	2	19	215	539	739	4.8e-25	111.3
BCW-200211_05351	gnl|TC-DB|P96878|2.A.53.3.12	33.4	500	305	8	2	489	23	506	1.0e-53	207.6
BCW-200211_05353	gnl|TC-DB|P08306|3.D.4.6.1	37.2	234	145	2	27	259	48	280	1.8e-42	169.9
BCW-200211_05354	gnl|TC-DB|P98002|3.D.4.6.1	51.0	549	244	5	1	525	1	548	3.3e-156	548.1
BCW-200211_05356	gnl|TC-DB|Q3J5F6|3.D.4.6.2	40.0	295	137	9	3	294	6	263	3.6e-51	198.4
BCW-200211_05363	gnl|TC-DB|Q9HT68|3.A.1.24.5	76.5	260	58	1	1	257	1	260	1.2e-106	382.5
BCW-200211_05364	gnl|TC-DB|Q9HT69|3.A.1.24.5	82.5	217	38	0	8	224	9	225	1.0e-85	312.8
BCW-200211_05365	gnl|TC-DB|Q9HT70|3.A.1.24.5	83.0	335	57	0	1	335	1	335	4.1e-160	560.5
BCW-200211_05374	gnl|TC-DB|P0AG96|3.A.5.1.1	46.0	124	65	1	1	122	1	124	8.0e-21	96.3
BCW-200211_05377	gnl|TC-DB|Q9ZK21|1.C.82.1.1	50.7	227	112	0	3	229	4	230	8.2e-59	223.4
BCW-200211_05407	gnl|TC-DB|P0AGA2|3.A.5.1.1	64.0	442	154	2	1	437	1	442	8.7e-158	553.1
BCW-200211_05416	gnl|TC-DB|P77726|2.A.1.2.60	54.8	451	197	3	8	455	5	451	2.7e-125	445.3
BCW-200211_05443	gnl|TC-DB|P75770|4.D.2.4.3	46.0	311	167	1	9	318	7	317	2.8e-73	271.9
BCW-200211_05447	gnl|TC-DB|P77389|2.A.1.2.65	43.3	349	192	3	5	353	7	349	8.3e-67	250.8
BCW-200211_05448	gnl|TC-DB|P75783|1.A.23.3.2	26.6	609	408	14	103	688	141	733	3.8e-30	129.8
BCW-200211_05451	gnl|TC-DB|Q9I2M0|3.A.1.109.4	40.8	412	198	7	39	447	25	393	8.5e-76	280.8
BCW-200211_05452	gnl|TC-DB|Q88RG3|3.A.1.109.3	85.1	718	107	0	1	718	1	718	0.0e+00	1193.3
BCW-200211_05453	gnl|TC-DB|Q9I2M2|3.A.1.109.4	23.9	410	285	5	17	424	29	413	8.3e-23	104.8
BCW-200211_05478	gnl|TC-DB|P45766|3.A.1.3.26	70.9	337	94	1	10	342	5	341	1.4e-142	502.3
BCW-200211_05479	gnl|TC-DB|D4ZZR3|9.B.34.1.3	33.7	184	109	4	158	335	217	393	1.9e-16	83.2
BCW-200211_05482	gnl|TC-DB|Q93N33|2.A.21.9.2	27.3	267	165	8	488	738	757	1010	1.1e-16	85.1
BCW-200211_05496	gnl|TC-DB|G8WDN4|2.A.76.1.10	68.7	211	65	1	1	211	1	210	1.5e-78	288.9
BCW-200211_05500	gnl|TC-DB|P46482|8.A.1.7.1	39.9	288	171	2	3	289	5	291	1.4e-50	196.4
BCW-200211_05505	gnl|TC-DB|P0ADZ7|3.A.5.1.1	48.7	113	54	2	1	112	1	110	4.6e-23	103.6
BCW-200211_05506	gnl|TC-DB|P0AG90|2.A.6.4.1	48.3	632	300	10	1	622	1	615	4.2e-150	528.1
BCW-200211_05507	gnl|TC-DB|P0AG93|2.A.6.4.1	45.0	307	162	3	3	304	15	319	7.5e-68	253.8
BCW-200211_05510	gnl|TC-DB|Q9HY57|4.A.2.1.17	72.6	577	150	2	1	569	1	577	6.1e-196	680.2
BCW-200211_05527	gnl|TC-DB|Q9HWU4|1.B.11.3.7	42.3	803	446	11	43	829	17	818	8.0e-176	614.0
BCW-200211_05542	gnl|TC-DB|P69423|2.A.64.1.1	64.9	225	79	0	13	237	8	232	6.9e-78	287.0
BCW-200211_05544	gnl|TC-DB|M3JA40|1.B.52.2.1	40.9	159	66	3	461	591	283	441	5.7e-17	85.9
BCW-200211_05545	gnl|TC-DB|M3JA40|1.B.52.2.1	53.3	92	42	1	446	537	272	362	1.8e-15	80.9
BCW-200211_05546	gnl|TC-DB|Q9CES4|3.A.1.3.25	60.5	243	92	2	2	244	7	245	5.1e-75	277.3
BCW-200211_05547	gnl|TC-DB|Q8YSA2|3.A.1.3.17	51.1	174	78	1	172	338	312	485	2.9e-36	149.1
BCW-200211_05548	gnl|TC-DB|Q8RCC4|3.A.1.3.27	29.2	264	175	6	1	257	1	259	4.6e-29	124.8
BCW-200211_05549	gnl|TC-DB|P0AEU0|3.A.1.3.29	24.0	229	163	4	36	256	28	253	1.1e-14	77.0
BCW-200211_05550	gnl|TC-DB|P62517|4.D.3.1.1	64.1	838	289	7	12	841	5	838	5.4e-314	1073.2
BCW-200211_05555	gnl|TC-DB|Q9HTH6|3.A.1.12.12	60.9	299	117	0	12	310	14	312	9.9e-108	386.3
BCW-200211_05558	gnl|TC-DB|O31199|2.A.3.1.9	86.1	467	64	1	3	469	2	467	1.8e-225	778.1
BCW-200211_05584	gnl|TC-DB|Q83XH1|3.A.1.121.4	33.1	522	342	3	1	515	1	522	2.7e-75	279.6
BCW-200211_05586	gnl|TC-DB|P0AG34|2.A.76.1.1	42.8	208	117	1	1	208	1	206	8.6e-39	156.8
BCW-200211_05587	gnl|TC-DB|E3HXW9|2.A.108.2.7	37.2	611	350	9	25	612	25	624	1.9e-94	343.2
BCW-200211_05590	gnl|TC-DB|E4PCL6|9.B.27.2.7	36.6	183	112	2	2	180	3	185	4.6e-24	107.8
BCW-200211_05594	gnl|TC-DB|Q5EP68|3.A.7.11.1	35.1	268	165	5	3	264	6	270	3.8e-37	151.8
BCW-200211_05620	gnl|TC-DB|Q8F3M7|3.A.15.4.1	33.4	344	201	9	120	454	184	508	5.4e-42	168.7
BCW-200211_05647	gnl|TC-DB|Q5EPC8|3.A.7.11.1	47.3	666	305	7	40	703	37	658	2.8e-169	592.0
BCW-200211_05649	gnl|TC-DB|P0AAP1|9.B.34.1.2	35.8	341	210	5	5	339	32	369	4.5e-53	204.9
BCW-200211_05670	gnl|TC-DB|P70786|2.A.1.14.3	48.1	412	212	1	20	429	22	433	3.0e-110	395.2
BCW-200211_05671	gnl|TC-DB|Q51510|1.B.25.1.2	58.1	453	175	7	9	447	9	460	1.0e-145	513.1
BCW-200211_05680	gnl|TC-DB|Q9HZ04|3.A.1.12.12	35.4	237	145	4	14	248	14	244	1.8e-42	169.5
BCW-200211_05686	gnl|TC-DB|Q9I2M1|3.A.1.109.4	29.6	550	364	8	73	608	171	711	1.9e-54	210.3
BCW-200211_05689	gnl|TC-DB|Q9I2M0|3.A.1.109.4	33.2	434	233	10	20	443	3	389	3.0e-44	176.0
BCW-200211_05696	gnl|TC-DB|I3XAB3|2.A.109.1.5	37.7	215	121	5	2	208	1	210	1.1e-23	106.7
BCW-200211_05700	gnl|TC-DB|P42308|2.A.11.1.2	57.3	417	170	1	1	417	14	422	3.7e-129	458.0
BCW-200211_05702	gnl|TC-DB|P37489|2.A.1.14.39	43.1	65	37	0	1	65	32	96	3.2e-11	63.5
BCW-200211_05712	gnl|TC-DB|Q9F3K7|3.A.1.3.24	55.6	252	112	0	4	255	1	252	1.4e-78	289.3
BCW-200211_05713	gnl|TC-DB|P0AFT2|3.A.1.3.10	39.5	210	123	1	12	221	10	215	4.9e-32	134.4
BCW-200211_05714	gnl|TC-DB|P0AFT2|3.A.1.3.10	43.2	190	108	0	14	203	15	204	3.0e-31	131.7
BCW-200211_05729	gnl|TC-DB|Q9FI56|3.A.9.1.2	44.6	878	379	11	4	847	96	900	4.4e-198	688.0
BCW-200211_05732	gnl|TC-DB|P0AC02|1.B.33.1.3	40.0	240	142	2	2	240	3	241	3.7e-47	185.3
BCW-200211_05739	gnl|TC-DB|Q59652|3.A.15.2.1	31.8	170	98	5	5	168	9	166	4.8e-11	64.3
BCW-200211_05742	gnl|TC-DB|B8I766|9.B.105.1.5	36.8	155	86	6	12	162	3	149	3.1e-15	78.2
BCW-200211_05745	gnl|TC-DB|P37169|2.A.66.4.1	72.9	510	138	0	1	510	14	523	3.2e-212	734.2
BCW-200211_05750	gnl|TC-DB|H7F0T0|3.D.4.3.3	84.0	475	75	1	1	475	1	474	3.9e-244	840.1
BCW-200211_05751	gnl|TC-DB|F8H841|3.D.4.3.3	83.0	200	34	0	3	202	4	203	4.6e-98	353.6
BCW-200211_05753	gnl|TC-DB|D9IA45|3.D.4.3.3	60.0	325	116	1	1	325	1	311	3.2e-117	417.9
BCW-200211_05755	gnl|TC-DB|P31466|2.A.40.7.6	50.6	431	213	0	1	431	14	444	1.9e-117	419.1
BCW-200211_05761	gnl|TC-DB|P0ABJ9|3.D.4.3.2	33.1	121	81	0	317	437	381	501	1.6e-11	67.4
BCW-200211_05762	gnl|TC-DB|P0ABK2|3.D.4.3.2	29.7	367	216	9	5	332	7	370	2.6e-37	152.5
BCW-200211_05767	gnl|TC-DB|P0A742|1.A.22.1.1	64.7	136	47	1	1	136	1	135	2.9e-43	171.0
BCW-200211_05773	gnl|TC-DB|Q8ZJY5|2.A.114.1.10	67.5	708	205	5	3	687	2	707	2.3e-274	941.0
BCW-200211_05775	gnl|TC-DB|P94400|9.B.10.1.1	34.1	299	146	11	5	261	4	293	9.4e-29	124.0
BCW-200211_05778	gnl|TC-DB|P43672|3.A.1.120.6	32.4	518	345	3	21	536	18	532	1.8e-72	270.0
