BCW-200270_00008	gnl|TC-DB|P0AFZ7|2.A.38.1.1	95.4	483	22	0	1	483	1	483	1.6e-266	914.4
BCW-200270_00017	gnl|TC-DB|P69423|2.A.64.1.1	90.4	239	23	0	1	239	1	239	2.1e-119	424.9
BCW-200270_00018	gnl|TC-DB|P69425|2.A.64.1.1	71.9	178	42	2	1	178	1	170	2.5e-55	211.5
BCW-200270_00019	gnl|TC-DB|P69428|2.A.64.1.1	78.7	89	14	1	1	84	1	89	9.4e-29	122.1
BCW-200270_00026	gnl|TC-DB|P40739|4.A.1.2.11	31.9	598	387	7	1	584	1	592	9.0e-89	324.3
BCW-200270_00027	gnl|TC-DB|Q86Z14|8.A.49.1.2	26.7	490	283	16	7	483	81	507	9.9e-38	154.5
BCW-200270_00031	gnl|TC-DB|P0ADP5|2.A.7.3.61	81.9	299	54	0	1	299	1	299	1.7e-144	508.4
BCW-200270_00034	gnl|TC-DB|P0AG34|2.A.76.1.1	87.4	206	26	0	1	206	1	206	4.7e-98	353.6
BCW-200270_00035	gnl|TC-DB|P0AG38|2.A.76.1.2	88.3	206	24	0	1	206	1	206	2.1e-98	354.8
BCW-200270_00036	gnl|TC-DB|Q5EAK4|2.A.16.2.2	29.6	345	206	11	52	368	1378	1713	3.6e-24	109.8
BCW-200270_00039	gnl|TC-DB|P27844|2.A.7.7.2	89.2	296	32	0	1	296	1	296	9.0e-151	529.3
BCW-200270_00040	gnl|TC-DB|P0A2R8|1.A.35.1.2	97.2	316	9	0	1	316	1	316	2.6e-172	600.9
BCW-200270_00047	gnl|TC-DB|P27838|9.B.21.2.1	90.6	106	10	0	1	106	1	106	2.3e-56	214.2
BCW-200270_00058	gnl|TC-DB|P27837|2.A.3.1.15	92.5	455	34	0	1	455	1	455	8.5e-241	828.9
BCW-200270_00060	gnl|TC-DB|B6I4D1|9.B.128.1.1	87.2	446	56	1	1	445	1	446	4.0e-219	756.9
BCW-200270_00062	gnl|TC-DB|P0AAA7|2.A.66.2.3	84.9	416	63	0	1	416	1	416	6.4e-195	676.4
BCW-200270_00068	gnl|TC-DB|P0AC78|9.B.146.1.7	88.6	367	42	0	7	373	1	367	6.2e-173	603.2
BCW-200270_00069	gnl|TC-DB|P40290|3.A.6.1.1	28.2	252	159	5	157	396	148	389	4.5e-15	79.0
BCW-200270_00071	gnl|TC-DB|O00571|1.I.1.1.3	35.5	375	227	5	9	369	180	553	5.9e-55	211.5
BCW-200270_00099	gnl|TC-DB|Q9KN48|3.A.23.1.1	39.1	340	188	5	140	467	193	525	8.0e-53	204.5
BCW-200270_00104	gnl|TC-DB|P0A8K8|9.B.126.2.1	89.3	290	31	0	1	290	1	290	1.8e-132	468.4
BCW-200270_00109	gnl|TC-DB|P0AEK7|5.A.3.2.1	48.6	210	106	1	1	208	1	210	9.2e-57	216.5
BCW-200270_00110	gnl|TC-DB|P0AAJ3|5.A.3.2.1	77.9	294	64	1	1	293	1	294	1.2e-145	512.3
BCW-200270_00111	gnl|TC-DB|P24183|5.A.3.2.1	77.5	803	180	1	1	803	213	1014	0.0e+00	1349.0
BCW-200270_00112	gnl|TC-DB|P24183|5.A.3.2.1	81.0	195	37	0	1	195	1	195	2.3e-94	341.3
BCW-200270_00116	gnl|TC-DB|Q1D212|2.A.78.2.3	37.2	231	116	3	13	214	14	244	3.0e-34	141.7
BCW-200270_00120	gnl|TC-DB|P96517|2.A.1.5.4	93.7	413	26	0	1	413	1	413	3.1e-213	737.3
BCW-200270_00123	gnl|TC-DB|P0AFS1|3.A.1.2.8	35.4	280	174	2	26	299	7	285	2.7e-34	142.5
BCW-200270_00124	gnl|TC-DB|Q7BSH3|3.A.1.2.9	59.2	326	133	0	4	329	3	328	9.6e-101	363.2
BCW-200270_00125	gnl|TC-DB|Q7BSH4|3.A.1.2.9	56.5	492	212	2	4	494	20	510	2.8e-152	535.0
BCW-200270_00126	gnl|TC-DB|Q7BSH5|3.A.1.2.9	66.0	329	105	3	3	328	7	331	4.4e-114	407.5
BCW-200270_00132	gnl|TC-DB|P27125|2.A.7.6.1	89.8	344	35	0	1	344	1	344	1.2e-175	612.1
BCW-200270_00139	gnl|TC-DB|P69380|2.A.4.7.1	90.4	291	28	0	1	291	1	291	4.2e-148	520.4
BCW-200270_00141	gnl|TC-DB|P0AG78|3.A.1.6.1	92.7	329	24	0	1	329	1	329	3.5e-180	627.1
BCW-200270_00146	gnl|TC-DB|B7MI53|9.B.124.2.2	74.8	139	35	0	1	139	1	139	2.7e-57	217.6
BCW-200270_00150	gnl|TC-DB|P0AER0|1.A.8.1.1	88.6	281	32	0	1	281	1	281	3.1e-145	510.8
BCW-200270_00158	gnl|TC-DB|Q9ZKE4|3.A.11.3.1	32.2	534	337	10	198	730	108	617	4.3e-69	259.2
BCW-200270_00176	gnl|TC-DB|P06129|1.B.14.3.1	64.3	624	205	8	1	616	1	614	6.1e-234	806.6
BCW-200270_00184	gnl|TC-DB|Q8VRK4|3.A.11.1.3	36.8	280	153	6	87	362	70	329	3.0e-34	142.5
BCW-200270_00188	gnl|TC-DB|P0AGI8|2.A.38.1.1	96.9	458	14	0	1	458	1	458	2.6e-250	860.5
BCW-200270_00189	gnl|TC-DB|P0A742|1.A.22.1.1	94.9	136	6	1	1	136	1	135	4.6e-65	243.4
BCW-200270_00198	gnl|TC-DB|P0AGA2|3.A.5.1.1	98.6	443	6	0	1	443	1	443	3.0e-243	837.0
BCW-200270_00220	gnl|TC-DB|P22610|3.A.15.2.1	40.9	137	77	2	8	144	137	269	5.1e-20	94.0
BCW-200270_00234	gnl|TC-DB|Q8ID54|3.A.25.2.1	35.8	215	124	5	8	213	89	298	2.6e-26	115.5
BCW-200270_00239	gnl|TC-DB|U5MIE1|4.A.3.2.9	62.4	101	38	0	1	101	1	101	5.3e-26	113.2
BCW-200270_00240	gnl|TC-DB|U5MLJ3|4.A.3.2.9	86.4	103	14	0	1	103	1	103	2.2e-43	171.0
BCW-200270_00245	gnl|TC-DB|Q9ZK21|1.C.82.1.1	51.1	223	109	0	3	225	4	226	4.1e-58	221.1
BCW-200270_00248	gnl|TC-DB|P0AG96|3.A.5.1.1	96.1	127	5	0	1	127	1	127	1.7e-58	221.5
BCW-200270_00257	gnl|TC-DB|P76330|9.B.34.1.4	35.9	195	105	4	116	294	373	563	4.5e-17	85.1
BCW-200270_00260	gnl|TC-DB|Q5EPB9|3.A.7.11.1	28.9	419	237	12	45	406	21	435	2.7e-32	136.3
BCW-200270_00263	gnl|TC-DB|Q5EPB6|3.A.7.11.1	25.9	831	565	19	40	843	40	846	7.6e-57	218.8
BCW-200270_00265	gnl|TC-DB|Q6MB93|3.A.7.16.1	33.7	199	128	2	10	208	9	203	6.9e-28	120.6
BCW-200270_00272	gnl|TC-DB|Q6MB91|3.A.7.16.1	39.1	299	173	6	37	331	1	294	3.2e-64	241.9
BCW-200270_00275	gnl|TC-DB|Q5EPA7|3.A.7.11.1	26.8	224	154	4	34	251	34	253	1.9e-19	92.8
BCW-200270_00281	gnl|TC-DB|Q93NF2|3.A.7.11.1	26.4	349	215	9	14	347	26	347	1.2e-24	110.9
BCW-200270_00287	gnl|TC-DB|Q6MB84|3.A.7.16.1	29.4	574	366	12	6	567	5	551	3.0e-66	250.0
BCW-200270_00296	gnl|TC-DB|D5AKT2|2.A.1.81.1	33.2	391	255	1	6	390	14	404	4.7e-46	181.8
BCW-200270_00301	gnl|TC-DB|P76242|2.A.1.17.3	54.2	380	173	1	11	389	13	392	4.0e-106	381.3
BCW-200270_00349	gnl|TC-DB|P45094|3.A.1.5.27	75.8	326	78	1	3	327	2	327	4.8e-140	493.8
BCW-200270_00350	gnl|TC-DB|P45095|3.A.1.5.27	75.7	325	78	1	1	325	1	324	1.9e-138	488.4
BCW-200270_00351	gnl|TC-DB|W0WMS8|3.A.1.5.39	53.7	283	131	0	17	299	18	300	4.8e-83	304.3
BCW-200270_00352	gnl|TC-DB|W0WN20|3.A.1.5.39	65.5	339	114	1	1	339	1	336	2.8e-124	441.4
BCW-200270_00353	gnl|TC-DB|P33950|3.A.1.5.27	55.3	517	230	1	19	535	30	545	9.2e-170	593.2
BCW-200270_00359	gnl|TC-DB|P36640|3.A.3.4.1	85.9	902	127	0	1	902	1	902	0.0e+00	1533.5
BCW-200270_00362	gnl|TC-DB|P36672|4.A.1.2.4	88.8	472	53	0	1	472	2	473	6.7e-241	829.3
BCW-200270_00363	gnl|TC-DB|Q05839|8.A.9.1.1	30.8	494	275	10	7	475	109	560	2.5e-69	259.6
BCW-200270_00383	gnl|TC-DB|M3JA40|1.B.52.2.1	51.8	83	37	1	331	410	257	339	2.8e-14	76.6
BCW-200270_00384	gnl|TC-DB|P37772|3.A.1.2.25	96.6	327	11	0	1	327	1	327	1.1e-170	595.5
BCW-200270_00385	gnl|TC-DB|P39328|3.A.1.2.25	86.2	340	47	0	1	340	2	341	4.8e-156	547.0
BCW-200270_00386	gnl|TC-DB|Q6BEX0|3.A.1.2.25	94.0	500	30	0	1	500	1	500	2.6e-267	917.1
BCW-200270_00387	gnl|TC-DB|P39325|3.A.1.2.25	94.7	318	17	0	51	368	1	318	1.2e-168	589.0
BCW-200270_00396	gnl|TC-DB|P07110|1.B.11.2.1	46.0	815	419	10	35	834	24	832	5.0e-207	717.6
BCW-200270_00398	gnl|TC-DB|Q8KRT4|1.C.80.1.1	47.5	183	84	5	1	176	1	178	7.3e-31	130.2
BCW-200270_00400	gnl|TC-DB|P39321|9.B.22.1.2	84.3	1259	197	1	1	1258	1	1259	0.0e+00	2159.4
BCW-200270_00401	gnl|TC-DB|P0ADE4|1.B.33.2.4	86.5	577	78	0	1	577	1	577	3.6e-305	1043.1
BCW-200270_00403	gnl|TC-DB|Q0PBV6|9.A.40.2.2	23.4	427	321	4	5	428	26	449	5.0e-36	148.7
BCW-200270_00418	gnl|TC-DB|P39314|2.A.7.3.19	82.9	321	55	0	1	321	1	321	4.0e-152	533.9
BCW-200270_00419	gnl|TC-DB|M3JA40|1.B.52.2.1	54.7	64	29	0	346	409	275	338	5.2e-11	65.9
BCW-200270_00421	gnl|TC-DB|P0AAE0|2.A.3.1.7	94.5	469	26	0	1	469	1	469	1.6e-247	851.3
BCW-200270_00434	gnl|TC-DB|M3JA40|1.B.52.2.1	48.7	76	39	0	482	557	287	362	1.5e-12	71.2
BCW-200270_00436	gnl|TC-DB|P0C0L7|2.A.1.6.4	35.4	424	252	6	12	420	24	440	2.0e-66	249.6
BCW-200270_00457	gnl|TC-DB|B0SM05|2.A.25.1.6	39.6	260	145	5	12	267	468	719	1.9e-45	179.5
BCW-200270_00458	gnl|TC-DB|P39285|1.A.23.1.3	83.5	1107	179	1	1	1103	1	1107	0.0e+00	1681.0
BCW-200270_00460	gnl|TC-DB|F9VN10|3.D.10.1.4	40.3	586	325	8	1	581	1	566	1.0e-108	390.6
BCW-200270_00461	gnl|TC-DB|P17596|3.D.10.1.3	28.9	218	150	5	7	219	5	222	1.4e-24	109.8
BCW-200270_00466	gnl|TC-DB|D5CES3|2.A.7.1.10	92.4	105	8	0	1	105	1	105	1.1e-45	178.7
BCW-200270_00468	gnl|TC-DB|P0ADB7|9.B.13.1.1	91.5	47	4	0	1	47	1	47	2.3e-16	80.1
BCW-200270_00475	gnl|TC-DB|P39277|2.A.3.13.1	83.4	409	68	0	1	409	1	409	6.6e-192	666.4
BCW-200270_00478	gnl|TC-DB|P0ABN5|2.A.13.1.1	61.8	434	164	2	1	433	1	433	7.7e-143	503.4
BCW-200270_00480	gnl|TC-DB|P36655|5.A.1.1.1	84.8	567	80	3	1	563	1	565	1.0e-275	945.3
BCW-200270_00487	gnl|TC-DB|P0C0L7|2.A.1.6.4	92.2	500	39	0	1	500	1	500	5.0e-263	902.9
BCW-200270_00488	gnl|TC-DB|P0A712|2.A.10.1.2	72.4	312	86	0	1	312	1	312	1.0e-123	439.5
BCW-200270_00493	gnl|TC-DB|P16677|3.A.1.9.1	88.2	262	31	0	1	262	1	262	1.5e-128	455.3
BCW-200270_00494	gnl|TC-DB|P16682|3.A.1.9.1	88.2	338	40	0	1	338	1	338	1.1e-171	599.0
BCW-200270_00495	gnl|TC-DB|P16683|3.A.1.9.1	92.3	259	20	0	1	259	1	259	4.9e-137	483.4
BCW-200270_00501	gnl|TC-DB|Q97VF5|3.A.1.5.9	36.5	255	152	3	4	248	45	299	2.5e-37	152.1
BCW-200270_00502	gnl|TC-DB|P75957|3.A.1.125.1	33.9	221	135	7	1	219	5	216	9.9e-25	110.2
BCW-200270_00511	gnl|TC-DB|Q9HV74|2.A.21.9.1	33.2	250	145	8	223	461	737	975	2.9e-23	106.7
BCW-200270_00513	gnl|TC-DB|G4FGN3|3.A.1.2.20	46.5	493	261	3	5	496	3	493	9.1e-127	450.3
BCW-200270_00514	gnl|TC-DB|A6VKS9|3.A.1.2.13	45.8	306	157	5	24	323	13	315	7.6e-58	220.7
BCW-200270_00515	gnl|TC-DB|Q9F9B2|3.A.1.2.7	31.1	296	177	9	3	276	1	291	1.2e-20	97.1
BCW-200270_00520	gnl|TC-DB|P07658|3.D.1.9.2	95.7	139	6	0	1	139	1	139	2.9e-75	277.3
BCW-200270_00521	gnl|TC-DB|P07658|3.D.1.9.2	94.1	558	33	0	1	558	157	714	0.0e+00	1087.0
BCW-200270_00526	gnl|TC-DB|P21345|2.A.23.1.1	93.6	437	28	0	1	437	1	437	9.3e-221	762.3
BCW-200270_00527	gnl|TC-DB|P31552|4.C.1.1.6	23.4	529	371	14	90	616	21	517	5.2e-26	115.9
BCW-200270_00528	gnl|TC-DB|P0AF54|9.B.136.1.1	79.6	103	21	0	1	103	1	103	1.0e-40	162.2
BCW-200270_00529	gnl|TC-DB|P32705|2.A.21.7.2	92.7	549	40	0	1	549	1	549	3.7e-283	969.9
BCW-200270_00530	gnl|TC-DB|P60643|2.A.122.1.3	27.3	220	159	1	11	229	14	233	6.5e-16	80.9
BCW-200270_00531	gnl|TC-DB|E7UC95|1.E.14.1.9	81.1	132	25	0	1	132	1	132	9.5e-55	209.1
BCW-200270_00533	gnl|TC-DB|P32703|2.A.36.3.1	94.5	546	30	0	1	546	1	546	4.5e-281	963.0
BCW-200270_00534	gnl|TC-DB|P0AF52|2.A.40.7.5	94.4	449	25	0	1	449	1	449	1.6e-223	771.5
BCW-200270_00539	gnl|TC-DB|P76330|9.B.34.1.4	31.2	202	130	5	264	460	360	557	3.8e-18	89.4
BCW-200270_00556	gnl|TC-DB|P28303|2.A.66.1.4	81.8	439	80	0	1	439	19	457	1.0e-198	689.1
BCW-200270_00563	gnl|TC-DB|P02943|1.B.3.1.1	72.6	453	100	6	1	437	2	446	1.8e-195	678.3
BCW-200270_00564	gnl|TC-DB|P68187|3.A.1.1.1	94.9	371	17	1	1	369	1	371	6.9e-201	696.0
BCW-200270_00565	gnl|TC-DB|P0AEX9|3.A.1.1.1	91.7	396	33	0	1	396	1	396	1.1e-217	751.9
BCW-200270_00566	gnl|TC-DB|P02916|3.A.1.1.1	89.1	514	56	0	1	514	1	514	7.5e-270	925.6
BCW-200270_00567	gnl|TC-DB|P68183|3.A.1.1.1	93.2	296	20	0	1	296	1	296	2.4e-156	547.7
BCW-200270_00569	gnl|TC-DB|D8EPC3|1.B.14.16.4	91.1	698	62	0	1	698	1	698	0.0e+00	1345.1
BCW-200270_00575	gnl|TC-DB|Q9K0A9|2.A.28.2.4	44.5	308	167	2	3	308	9	314	1.7e-62	236.1
BCW-200270_00580	gnl|TC-DB|P0AF43|2.A.58.2.1	91.7	543	45	0	1	543	1	543	6.3e-267	916.0
BCW-200270_00616	gnl|TC-DB|Q934G3|1.B.35.1.1	61.7	235	86	3	2	233	3	236	1.3e-80	295.8
BCW-200270_00628	gnl|TC-DB|Q01674|1.B.14.1.17	41.7	678	363	8	36	696	48	710	1.8e-157	552.7
BCW-200270_00641	gnl|TC-DB|P37683|8.A.1.1.4	28.0	328	226	4	33	354	52	375	4.2e-22	102.1
BCW-200270_00645	gnl|TC-DB|P94400|9.B.10.1.1	27.1	377	195	11	1	308	1	366	1.3e-25	113.6
BCW-200270_00647	gnl|TC-DB|Q8ZJY5|2.A.114.1.10	92.2	717	55	1	1	717	1	716	0.0e+00	1314.3
BCW-200270_00649	gnl|TC-DB|M3JA40|1.B.52.2.1	30.3	178	110	2	354	517	283	460	3.5e-15	79.7
BCW-200270_00658	gnl|TC-DB|Q8FA71|2.A.79.2.1	84.4	257	38	1	1	257	22	276	7.4e-125	443.0
BCW-200270_00662	gnl|TC-DB|Q9KSH4|4.A.3.2.6	51.1	425	204	1	8	432	7	427	6.6e-121	430.6
BCW-200270_00664	gnl|TC-DB|P76330|9.B.34.1.4	37.4	163	94	4	192	348	401	561	4.2e-22	102.1
BCW-200270_00688	gnl|TC-DB|P24518|4.B.1.1.1	93.2	410	28	0	1	410	1	410	3.4e-233	803.5
BCW-200270_00691	gnl|TC-DB|P43672|3.A.1.120.6	34.2	512	326	6	21	527	18	523	6.5e-78	288.1
BCW-200270_00708	gnl|TC-DB|P30143|2.A.25.1.10	74.2	476	123	0	1	476	1	476	6.4e-199	689.9
BCW-200270_00711	gnl|TC-DB|Q5ZYB5|3.A.7.9.1	31.2	414	275	5	10	418	2	410	6.1e-47	184.9
BCW-200270_00713	gnl|TC-DB|Q9X665|3.A.1.14.7	32.6	230	148	4	12	236	12	239	9.2e-27	117.1
BCW-200270_00714	gnl|TC-DB|Q56992|3.A.1.14.5	36.9	325	200	1	30	354	10	329	3.8e-47	185.3
BCW-200270_00715	gnl|TC-DB|Q9HPN8|2.A.49.6.4	25.6	426	265	15	16	401	182	595	7.2e-13	71.6
BCW-200270_00716	gnl|TC-DB|P0AC98|2.A.96.1.1	87.2	188	24	0	1	188	1	188	2.3e-91	331.3
BCW-200270_00717	gnl|TC-DB|P0A6Y8|1.A.33.1.2	95.0	640	30	1	1	640	1	638	0.0e+00	1154.8
BCW-200270_00719	gnl|TC-DB|P13738|2.A.33.1.1	78.1	388	85	0	1	388	1	388	1.9e-164	575.1
BCW-200270_00725	gnl|TC-DB|B8I766|9.B.105.1.5	31.2	144	90	4	13	153	2	139	2.4e-12	68.6
BCW-200270_00735	gnl|TC-DB|P0A754|2.A.37.1.1	84.1	176	28	0	1	176	1	176	1.0e-93	339.0
BCW-200270_00736	gnl|TC-DB|P03819|2.A.37.1.1	86.6	620	82	1	1	620	1	619	3.8e-300	1026.5
BCW-200270_00743	gnl|TC-DB|P31554|1.B.42.1.2	82.1	787	135	3	1	784	1	784	0.0e+00	1363.2
BCW-200270_00753	gnl|TC-DB|P31548|3.A.1.19.1	78.3	230	50	0	1	230	1	230	1.4e-98	355.5
BCW-200270_00754	gnl|TC-DB|P31549|3.A.1.19.1	82.3	536	95	0	1	536	1	536	1.1e-252	868.6
BCW-200270_00755	gnl|TC-DB|P31550|3.A.1.19.1	91.4	327	28	0	1	327	1	327	2.2e-174	607.8
BCW-200270_00758	gnl|TC-DB|P31675|2.A.1.20.1	86.5	392	53	0	1	392	1	392	1.7e-189	658.3
BCW-200270_00773	gnl|TC-DB|P0A6W3|9.B.146.1.6	98.1	360	7	0	1	360	1	360	7.2e-203	702.6
BCW-200270_00775	gnl|TC-DB|P0ABG4|2.A.103.1.1	90.6	414	39	0	1	414	1	414	4.4e-212	733.4
BCW-200270_00784	gnl|TC-DB|P10408|3.A.5.1.1	90.3	900	87	0	1	900	1	900	0.0e+00	1598.9
BCW-200270_00790	gnl|TC-DB|P22609|3.A.15.2.1	25.2	333	248	1	53	384	41	373	5.3e-34	141.7
BCW-200270_00791	gnl|TC-DB|P15645|3.A.15.1.1	44.9	396	195	6	75	458	108	492	3.4e-88	322.0
BCW-200270_00795	gnl|TC-DB|P0AE14|9.B.125.1.1	80.6	284	55	0	1	284	1	284	6.9e-132	466.5
BCW-200270_00797	gnl|TC-DB|P31435|2.A.2.3.4	45.6	461	248	3	1	460	1	459	3.2e-118	421.8
BCW-200270_00798	gnl|TC-DB|P15993|2.A.3.1.3	91.4	456	39	0	1	456	2	457	3.7e-236	813.5
BCW-200270_00810	gnl|TC-DB|P0AA95|8.A.2.1.3	95.7	115	5	0	26	140	1	115	2.2e-59	224.6
BCW-200270_00811	gnl|TC-DB|P36649|1.B.76.1.8	79.6	524	99	1	1	524	1	516	3.7e-248	853.6
BCW-200270_00814	gnl|TC-DB|Q8F8H7|2.A.53.3.8	46.9	192	101	1	3	193	540	731	2.9e-53	204.9
BCW-200270_00815	gnl|TC-DB|P36879|3.A.1.105.17	91.9	308	25	0	1	308	1	308	2.7e-158	554.3
BCW-200270_00816	gnl|TC-DB|P0AFN6|3.A.1.105.17	90.2	256	25	0	1	256	1	256	3.2e-128	454.1
BCW-200270_00830	gnl|TC-DB|P06971|1.B.14.1.2	84.6	747	110	3	4	749	5	747	0.0e+00	1285.4
BCW-200270_00831	gnl|TC-DB|P07821|3.A.1.14.3	90.2	265	26	0	1	265	1	265	9.2e-139	489.2
BCW-200270_00832	gnl|TC-DB|P07822|3.A.1.14.3	76.4	292	69	0	4	295	5	296	1.1e-132	469.2
BCW-200270_00833	gnl|TC-DB|P06972|3.A.1.14.3	84.1	660	105	0	1	660	1	660	3.6e-309	1056.6
BCW-200270_00835	gnl|TC-DB|A8ALD3|2.A.49.5.5	83.2	463	78	0	1	463	1	463	9.6e-216	745.7
BCW-200270_00837	gnl|TC-DB|I7MT28|1.A.62.2.2	86.7	203	27	0	1	203	1	203	7.5e-96	346.3
BCW-200270_00838	gnl|TC-DB|Q8ZRP7|3.A.1.13.1	78.6	257	55	0	25	281	8	264	4.2e-113	404.1
BCW-200270_00855	gnl|TC-DB|P0A943|1.B.33.1.3	88.8	813	80	2	1	805	1	810	0.0e+00	1473.4
BCW-200270_00875	gnl|TC-DB|P28635|3.A.1.24.1	94.1	271	16	0	1	271	1	271	4.4e-144	506.9
BCW-200270_00876	gnl|TC-DB|P31547|3.A.1.24.1	96.8	217	7	0	1	217	1	217	2.2e-77	285.0
BCW-200270_00877	gnl|TC-DB|P30750|3.A.1.24.1	93.0	343	24	0	1	343	1	343	2.2e-177	617.8
BCW-200270_00880	gnl|TC-DB|Q47539|3.A.1.17.1	78.2	275	60	0	1	275	1	275	4.0e-113	404.1
BCW-200270_00881	gnl|TC-DB|Q47538|3.A.1.17.1	87.5	255	32	0	1	255	1	255	1.7e-126	448.4
BCW-200270_00882	gnl|TC-DB|Q47537|3.A.1.17.1	89.4	320	34	0	1	320	1	320	3.0e-160	560.8
BCW-200270_00885	gnl|TC-DB|P09836|2.A.1.4.4	55.4	413	184	0	8	420	19	431	2.1e-132	468.8
BCW-200270_00886	gnl|TC-DB|Q9KLQ7|3.A.1.20.2	73.6	341	87	1	2	342	6	343	1.8e-147	518.5
BCW-200270_00887	gnl|TC-DB|Q9KLQ6|3.A.1.20.2	72.6	687	188	0	5	691	12	698	1.0e-285	978.8
BCW-200270_00888	gnl|TC-DB|Q9KLQ5|3.A.1.20.2	66.0	347	115	1	1	344	1	347	5.1e-129	457.2
BCW-200270_00890	gnl|TC-DB|Q47689|2.A.3.1.10	92.7	468	31	2	1	466	1	467	2.5e-248	854.0
BCW-200270_00891	gnl|TC-DB|Q1DBZ0|2.A.86.2.2	27.8	335	233	5	12	342	14	343	3.7e-21	99.0
BCW-200270_00892	gnl|TC-DB|D4ZZR3|9.B.34.1.3	34.0	212	132	4	378	585	186	393	1.5e-24	110.9
BCW-200270_00894	gnl|TC-DB|Q5KYD1|2.A.17.1.7	38.3	499	281	12	11	503	16	493	7.2e-79	291.2
BCW-200270_00905	gnl|TC-DB|P02932|1.B.1.1.2	88.3	351	40	1	1	350	1	351	1.1e-182	635.6
BCW-200270_00918	gnl|TC-DB|W0WMS8|3.A.1.5.39	39.8	284	165	1	12	289	15	298	1.6e-51	199.5
BCW-200270_00919	gnl|TC-DB|P75798|3.A.1.5.11	46.5	312	159	1	1	312	1	304	4.5e-68	254.6
BCW-200270_00920	gnl|TC-DB|P42061|3.A.1.5.20	25.7	460	304	10	61	491	79	529	7.6e-33	138.3
BCW-200270_00921	gnl|TC-DB|O86575|3.A.1.5.34	53.1	318	145	2	5	318	39	356	2.2e-87	318.9
BCW-200270_00922	gnl|TC-DB|P26905|3.A.1.5.2	52.1	315	148	2	12	323	4	318	4.1e-83	304.7
BCW-200270_00949	gnl|TC-DB|Q5FA63|3.A.1.15.10	40.5	306	157	4	8	292	6	307	5.0e-53	204.5
BCW-200270_00950	gnl|TC-DB|A1IQK4|3.A.1.15.10	53.8	277	125	2	3	278	4	278	9.9e-70	260.0
BCW-200270_00951	gnl|TC-DB|A1IQK5|3.A.1.15.10	40.6	202	119	1	2	202	13	214	1.7e-37	152.5
BCW-200270_00954	gnl|TC-DB|Q9KN48|3.A.23.1.1	42.7	274	148	3	187	456	193	461	1.1e-50	197.6
BCW-200270_00957	gnl|TC-DB|P23516|2.A.52.1.1	51.0	335	160	2	6	337	15	348	1.5e-93	339.3
BCW-200270_00959	gnl|TC-DB|P18776|5.A.3.3.2	35.6	163	65	5	8	152	10	150	7.0e-21	97.1
BCW-200270_00961	gnl|TC-DB|P24241|4.A.1.2.3	89.0	481	52	1	1	480	1	481	6.4e-231	796.2
BCW-200270_00962	gnl|TC-DB|Q86Z14|8.A.49.1.2	24.8	491	289	18	4	474	81	511	2.6e-35	146.4
BCW-200270_00965	gnl|TC-DB|P16433|3.D.1.9.2	92.5	255	19	0	1	255	1	255	4.0e-139	490.3
BCW-200270_00966	gnl|TC-DB|P16432|3.D.1.9.2	92.7	179	13	0	1	179	1	179	2.4e-82	301.2
BCW-200270_00967	gnl|TC-DB|P16431|3.D.1.9.2	93.3	569	38	0	1	569	1	569	0.0e+00	1112.1
BCW-200270_00968	gnl|TC-DB|P16430|3.D.1.9.2	85.0	307	46	0	1	307	1	307	5.1e-141	496.9
BCW-200270_00969	gnl|TC-DB|P16429|3.D.1.9.2	74.2	608	157	0	1	608	1	608	2.0e-258	887.9
BCW-200270_00970	gnl|TC-DB|P0AAK3|3.D.1.9.2	88.0	200	24	0	1	200	1	200	1.9e-96	348.2
BCW-200270_00977	gnl|TC-DB|Q9KN48|3.A.23.1.1	41.4	278	160	2	330	606	143	418	2.1e-49	193.7
BCW-200270_00979	gnl|TC-DB|A8GDS7|3.A.1.14.16	34.6	283	179	3	68	345	50	331	1.7e-36	149.8
BCW-200270_00980	gnl|TC-DB|P07821|3.A.1.14.3	38.9	221	131	1	7	223	16	236	1.6e-39	159.5
BCW-200270_00986	gnl|TC-DB|B7LEG0|1.A.34.1.2	69.8	381	106	3	1	374	1	379	1.1e-132	469.5
BCW-200270_01005	gnl|TC-DB|P20166|4.A.1.1.9	47.3	524	247	11	12	518	4	515	6.0e-118	421.0
BCW-200270_01012	gnl|TC-DB|Q93N33|2.A.21.9.2	28.9	277	174	7	265	526	752	1020	1.0e-19	95.5
BCW-200270_01016	gnl|TC-DB|C4ZZU4|2.A.1.14.40	94.0	450	27	0	1	450	1	450	4.9e-249	856.3
BCW-200270_01023	gnl|TC-DB|P0AAD6|2.A.42.2.1	92.3	429	33	0	1	429	1	429	1.2e-217	751.9
BCW-200270_01039	gnl|TC-DB|Q6MDD6|3.A.7.16.1	26.9	565	316	14	41	590	219	701	2.5e-38	156.8
BCW-200270_01049	gnl|TC-DB|Q9HY55|4.A.2.1.17	37.5	566	338	7	170	733	402	953	3.7e-84	309.3
BCW-200270_01053	gnl|TC-DB|P0A9T4|8.A.5.1.5	91.6	346	29	0	1	346	1	346	7.7e-186	646.0
BCW-200270_01054	gnl|TC-DB|P39196|2.A.1.42.1	85.4	396	58	0	1	396	1	396	2.9e-189	657.5
BCW-200270_01055	gnl|TC-DB|P31119|4.C.1.1.16	86.1	718	100	0	1	718	1	718	0.0e+00	1266.9
BCW-200270_01060	gnl|TC-DB|U5MFA1|4.A.3.2.9	91.9	443	36	0	1	443	1	443	3.6e-228	786.9
BCW-200270_01066	gnl|TC-DB|Q93KC0|3.A.1.1.11	91.9	296	24	0	1	296	1	296	6.2e-152	533.1
BCW-200270_01067	gnl|TC-DB|Q93KB9|3.A.1.1.11	89.7	300	31	0	1	300	1	300	2.7e-155	544.3
BCW-200270_01068	gnl|TC-DB|Q93KB8|3.A.1.1.11	81.1	375	71	0	1	375	1	375	9.9e-179	622.5
BCW-200270_01069	gnl|TC-DB|Q93KB7|3.A.1.1.11	76.9	429	98	1	1	428	1	429	8.3e-198	686.0
BCW-200270_01071	gnl|TC-DB|P0AE24|2.A.1.1.2	92.0	461	37	0	2	462	12	472	3.8e-241	830.1
BCW-200270_01075	gnl|TC-DB|D6DXH3|1.B.35.1.5	87.3	228	28	1	1	228	1	227	5.5e-116	413.3
BCW-200270_01079	gnl|TC-DB|Q8XG43|2.A.117.1.3	81.8	148	26	1	1	147	10	157	6.2e-63	236.5
BCW-200270_01080	gnl|TC-DB|P63340|2.A.42.2.5	78.6	407	87	0	1	407	1	407	3.8e-168	587.4
BCW-200270_01082	gnl|TC-DB|Q9RFR9|9.B.83.1.1	28.0	553	349	12	8	532	7	538	7.2e-56	214.9
BCW-200270_01085	gnl|TC-DB|O51841|1.B.6.1.12	39.1	368	176	9	1	345	1	343	9.2e-54	207.2
BCW-200270_01105	gnl|TC-DB|B7LEG0|1.A.34.1.2	42.7	262	94	3	35	240	116	377	2.6e-50	195.3
BCW-200270_01116	gnl|TC-DB|P67153|1.C.113.1.10	87.6	217	27	0	1	217	2	218	1.3e-106	382.1
BCW-200270_01119	gnl|TC-DB|Q86Z14|8.A.49.1.2	25.8	481	299	15	5	477	80	510	1.1e-36	151.0
BCW-200270_01135	gnl|TC-DB|P11667|2.A.75.1.2	88.2	211	25	0	1	211	1	211	2.8e-106	380.9
BCW-200270_01136	gnl|TC-DB|P0C0S1|1.A.23.2.1	86.9	282	37	0	1	282	1	282	1.5e-118	422.2
BCW-200270_01145	gnl|TC-DB|P0AEP1|2.A.1.1.1	94.0	465	27	1	1	465	1	464	3.3e-248	853.6
BCW-200270_01154	gnl|TC-DB|P24559|3.A.15.2.1	46.5	327	172	1	1	324	1	327	1.2e-74	276.6
BCW-200270_01156	gnl|TC-DB|P64564|9.A.4.1.2	84.0	188	30	0	1	188	1	188	7.9e-84	306.2
BCW-200270_01168	gnl|TC-DB|P0AFF4|2.A.1.10.1	86.1	418	58	0	1	418	1	418	3.5e-209	723.8
BCW-200270_01176	gnl|TC-DB|Q8VS41|2.A.24.2.5	81.9	453	81	1	1	452	1	453	4.1e-211	730.3
BCW-200270_01180	gnl|TC-DB|Q46831|9.B.120.1.1	78.5	237	49	1	1	237	1	235	2.1e-94	341.7
BCW-200270_01183	gnl|TC-DB|E0LV84|2.A.85.1.4	26.1	568	396	6	32	580	7	569	6.4e-51	198.7
BCW-200270_01185	gnl|TC-DB|P46482|8.A.1.7.1	37.5	288	174	3	1	285	1	285	8.1e-48	187.2
BCW-200270_01192	gnl|TC-DB|B0T2Y9|5.A.1.5.2	42.6	411	228	1	4	406	326	736	1.1e-85	313.5
BCW-200270_01198	gnl|TC-DB|E3GUW2|3.A.1.14.11	60.3	335	133	0	13	347	11	345	2.4e-118	421.8
BCW-200270_01199	gnl|TC-DB|P0C0S1|1.A.23.2.1	43.4	267	151	0	15	281	16	282	3.6e-59	224.9
BCW-200270_01200	gnl|TC-DB|B1LE48|2.A.86.2.1	41.1	348	204	1	1	348	1	347	8.6e-71	263.8
BCW-200270_01206	gnl|TC-DB|P0AAP1|9.B.34.1.2	29.8	181	110	6	146	315	197	371	2.0e-18	89.7
BCW-200270_01213	gnl|TC-DB|P63144|8.A.5.1.3	35.0	317	192	7	8	318	66	374	1.6e-45	179.9
BCW-200270_01219	gnl|TC-DB|P0ABV2|1.A.30.2.1	76.6	141	33	0	1	141	1	141	8.0e-57	216.1
BCW-200270_01220	gnl|TC-DB|P0ABU7|1.A.30.2.1	85.7	244	34	1	1	243	1	244	3.0e-104	374.4
BCW-200270_01222	gnl|TC-DB|P0AA60|9.B.27.2.1	86.3	219	30	0	1	219	1	219	2.4e-108	387.9
BCW-200270_01225	gnl|TC-DB|P80874|8.A.5.1.4	27.5	258	134	10	17	223	15	270	4.6e-16	81.6
BCW-200270_01227	gnl|TC-DB|P36649|1.B.76.1.8	31.2	513	289	10	5	459	3	509	1.9e-62	236.5
BCW-200270_01236	gnl|TC-DB|P96517|2.A.1.5.4	36.2	423	264	3	3	419	2	424	2.3e-67	252.7
BCW-200270_01244	gnl|TC-DB|P02930|1.B.17.1.1	84.6	494	75	1	1	494	1	493	3.4e-219	757.3
BCW-200270_01248	gnl|TC-DB|P0A8H3|2.A.5.5.1	90.3	257	25	0	1	257	1	257	2.1e-111	398.3
BCW-200270_01258	gnl|TC-DB|P60782|9.B.31.1.1	91.5	200	17	0	1	200	1	200	5.7e-104	373.2
BCW-200270_01289	gnl|TC-DB|P76142|3.A.1.2.8	83.6	329	54	0	5	333	12	340	1.3e-158	555.4
BCW-200270_01290	gnl|TC-DB|P0AFS1|3.A.1.2.8	69.5	325	99	0	1	325	3	327	1.7e-118	422.2
BCW-200270_01291	gnl|TC-DB|P77672|3.A.1.2.8	64.9	339	119	0	1	339	2	340	6.6e-113	403.7
BCW-200270_01292	gnl|TC-DB|P77257|3.A.1.2.8	61.2	492	188	2	4	492	11	502	2.6e-166	581.6
BCW-200270_01299	gnl|TC-DB|P42601|2.A.109.1.7	88.4	319	37	0	1	319	1	319	1.7e-158	555.1
BCW-200270_01300	gnl|TC-DB|P0AGE4|2.A.23.4.1	84.9	411	62	0	2	412	3	413	6.4e-187	649.8
BCW-200270_01303	gnl|TC-DB|P0AA78|2.A.1.14.2	88.6	431	49	0	1	431	41	471	1.2e-217	751.9
BCW-200270_01305	gnl|TC-DB|P0AA63|9.B.27.2.2	92.7	219	16	0	1	219	1	219	1.0e-111	399.1
BCW-200270_01309	gnl|TC-DB|P64585|1.E.34.2.1	80.8	130	25	0	1	130	1	130	2.1e-51	198.0
BCW-200270_01313	gnl|TC-DB|P64591|9.B.124.1.2	78.0	118	26	0	1	118	1	118	1.5e-56	214.9
BCW-200270_01319	gnl|TC-DB|P0AAD8|2.A.42.2.2	89.4	443	47	0	1	443	1	443	5.9e-223	769.6
BCW-200270_01325	gnl|TC-DB|Q8FDB7|2.A.1.14.14	93.5	444	29	0	1	444	1	444	1.2e-239	825.1
BCW-200270_01342	gnl|TC-DB|P0AAD2|2.A.42.1.2	93.2	414	28	0	1	414	1	414	2.4e-218	754.2
BCW-200270_01343	gnl|TC-DB|P38919|3.A.18.1.1	36.3	386	236	3	3	379	27	411	2.2e-64	243.4
BCW-200270_01356	gnl|TC-DB|P0AG99|3.A.5.1.1	82.6	109	19	0	1	109	1	109	6.9e-40	159.5
BCW-200270_01359	gnl|TC-DB|P25694|3.A.16.1.2	42.9	252	143	1	140	390	472	723	4.3e-57	219.2
BCW-200270_01367	gnl|TC-DB|E1ILD8|2.A.7.3.18	89.7	321	33	0	1	321	1	321	9.4e-162	565.8
BCW-200270_01374	gnl|TC-DB|P64602|3.A.1.27.3	61.9	97	37	0	1	97	1	97	6.4e-29	122.9
BCW-200270_01375	gnl|TC-DB|P0ADV7|3.A.1.27.3	89.6	211	22	0	1	211	1	211	6.9e-105	376.3
BCW-200270_01376	gnl|TC-DB|P64604|3.A.1.27.3	78.6	182	38	1	1	181	1	182	1.9e-77	285.0
BCW-200270_01377	gnl|TC-DB|P64606|3.A.1.27.3	94.6	260	14	0	1	260	1	260	2.8e-132	467.6
BCW-200270_01378	gnl|TC-DB|P63386|3.A.1.27.3	88.7	266	30	0	1	266	1	266	1.1e-131	465.7
BCW-200270_01379	gnl|TC-DB|P45394|2.A.19.5.1	80.2	323	64	0	1	323	1	323	7.8e-140	493.0
BCW-200270_01382	gnl|TC-DB|P0ADW0|1.B.42.1.2	82.2	191	34	0	1	191	1	191	6.3e-89	323.2
BCW-200270_01383	gnl|TC-DB|P0ADV1|1.B.42.1.2	85.9	185	25	1	1	184	1	185	5.3e-85	310.1
BCW-200270_01384	gnl|TC-DB|P0A9V1|1.B.42.1.2	96.7	241	8	0	1	241	1	241	1.1e-130	462.2
BCW-200270_01387	gnl|TC-DB|P71012|4.A.2.1.4	27.5	149	106	2	8	155	1	148	9.1e-12	66.6
BCW-200270_01389	gnl|TC-DB|H1XXZ0|8.A.8.1.5	38.6	88	53	1	3	90	2	88	8.6e-12	65.9
BCW-200270_01393	gnl|TC-DB|P0ADC6|1.B.42.1.2	94.7	360	19	0	1	360	1	360	4.1e-190	660.2
BCW-200270_01394	gnl|TC-DB|P0AF98|1.B.42.1.2	86.1	366	51	0	1	366	1	366	1.5e-171	598.6
BCW-200270_01407	gnl|TC-DB|P41036|2.A.1.12.1	89.2	490	53	0	1	490	1	490	1.7e-258	887.9
BCW-200270_01411	gnl|TC-DB|P0ACA3|1.A.12.3.1	95.7	211	9	0	1	211	1	211	1.4e-116	415.2
BCW-200270_01424	gnl|TC-DB|P46481|2.A.85.1.2	83.1	655	111	0	1	655	1	655	0.0e+00	1091.6
BCW-200270_01425	gnl|TC-DB|P46482|8.A.1.7.1	85.8	310	44	0	1	310	1	310	8.0e-150	526.2
BCW-200270_01426	gnl|TC-DB|D7XN98|8.A.48.1.2	92.5	67	5	0	1	67	24	90	1.4e-30	127.9
BCW-200270_01432	gnl|TC-DB|P0ABH4|9.B.157.1.3	92.6	162	12	0	1	162	1	162	1.1e-81	298.9
BCW-200270_01433	gnl|TC-DB|P16926|9.B.157.1.3	94.1	320	17	1	1	320	1	318	1.5e-165	578.6
BCW-200270_01434	gnl|TC-DB|P0A9X4|9.B.157.1.3	100.0	347	0	0	1	347	1	347	1.7e-193	671.4
BCW-200270_01438	gnl|TC-DB|Q8XB73|5.B.7.1.1	81.0	195	37	0	1	195	1	195	1.4e-86	315.5
BCW-200270_01443	gnl|TC-DB|P16256|2.A.21.1.1	79.5	483	99	0	1	483	1	483	6.5e-215	743.0
BCW-200270_01451	gnl|TC-DB|P0AE06|8.A.1.6.1	67.3	367	112	2	7	369	13	375	3.4e-134	474.6
BCW-200270_01452	gnl|TC-DB|P24181|2.A.6.2.1	83.2	1032	172	1	1	1031	1	1032	0.0e+00	1651.0
BCW-200270_01454	gnl|TC-DB|P45766|3.A.1.3.26	93.3	341	23	0	1	341	1	341	9.9e-186	645.6
BCW-200270_01455	gnl|TC-DB|P45767|3.A.1.3.26	83.0	393	67	0	1	393	1	393	7.4e-185	642.9
BCW-200270_01456	gnl|TC-DB|P45768|3.A.1.3.26	89.4	367	39	0	1	367	1	367	2.2e-191	664.5
BCW-200270_01457	gnl|TC-DB|P45769|3.A.1.3.26	92.5	252	19	0	1	252	1	252	5.9e-135	476.5
BCW-200270_01465	gnl|TC-DB|P0AAP1|9.B.34.1.2	28.8	236	153	7	138	368	144	369	7.3e-17	84.7
BCW-200270_01476	gnl|TC-DB|P39398|2.A.1.14.33	55.4	419	185	1	11	427	30	448	8.7e-131	463.4
BCW-200270_01478	gnl|TC-DB|P76169|2.A.7.26.1	92.6	108	8	0	1	108	1	108	3.2e-53	203.8
BCW-200270_01485	gnl|TC-DB|Q8ZPK1|3.A.1.12.14	85.5	234	34	0	1	234	1	234	7.8e-105	376.3
BCW-200270_01486	gnl|TC-DB|Q8ZPK2|3.A.1.12.14	82.5	292	51	0	7	298	8	299	1.8e-138	488.4
BCW-200270_01487	gnl|TC-DB|Q8ZPK3|3.A.1.12.14	91.2	215	19	0	1	215	1	215	2.3e-103	371.3
BCW-200270_01488	gnl|TC-DB|Q8ZPK4|3.A.1.12.14	91.1	382	34	0	1	382	1	382	4.5e-203	703.4
BCW-200270_01492	gnl|TC-DB|P43531|2.A.1.36.1	82.5	417	72	1	1	417	1	416	1.9e-186	648.3
BCW-200270_01496	gnl|TC-DB|P0AAP1|9.B.34.1.2	30.5	187	117	3	276	455	186	366	2.5e-13	73.9
BCW-200270_01497	gnl|TC-DB|P69210|2.A.7.1.9	89.9	109	11	0	1	109	1	109	1.1e-50	195.3
BCW-200270_01498	gnl|TC-DB|P69213|2.A.7.1.9	82.2	118	21	0	3	120	4	121	3.9e-44	173.7
BCW-200270_01499	gnl|TC-DB|P0AFS5|2.A.86.1.4	83.9	342	55	0	1	342	1	342	2.4e-147	518.1
BCW-200270_01505	gnl|TC-DB|P30130|1.B.11.3.9	49.7	849	407	6	36	879	45	878	1.2e-240	829.3
BCW-200270_01525	gnl|TC-DB|Q9HXW4|2.A.6.2.17	41.2	1021	592	3	6	1019	3	1022	2.3e-222	768.8
BCW-200270_01526	gnl|TC-DB|Q9I6X5|2.A.6.2.27	29.0	345	234	5	16	356	14	351	3.3e-17	85.9
BCW-200270_01528	gnl|TC-DB|Q9HY88|2.A.6.2.34	33.5	466	291	6	15	476	14	464	2.2e-45	179.9
BCW-200270_01537	gnl|TC-DB|B2JBG5|2.A.1.59.2	48.8	381	195	0	7	387	16	396	4.3e-92	334.7
BCW-200270_01550	gnl|TC-DB|P46133|2.A.68.1.1	89.0	508	56	0	1	508	1	508	2.2e-253	870.9
BCW-200270_01556	gnl|TC-DB|P0AB67|3.D.2.1.1	92.4	462	35	0	1	462	1	462	3.0e-238	820.5
BCW-200270_01557	gnl|TC-DB|P07001|3.D.2.1.1	89.4	509	53	1	1	508	1	509	1.2e-256	881.7
BCW-200270_01559	gnl|TC-DB|P0AAE5|2.A.3.2.8	87.6	460	57	0	1	460	1	460	5.4e-227	783.1
BCW-200270_01561	gnl|TC-DB|P0ACX0|9.B.72.1.2	79.3	111	23	0	1	111	1	111	1.2e-44	175.3
BCW-200270_01571	gnl|TC-DB|P33594|3.A.1.5.3	78.7	267	49	1	1	259	1	267	4.1e-110	394.0
BCW-200270_01572	gnl|TC-DB|P33593|3.A.1.5.3	79.5	254	52	0	1	254	1	254	3.9e-110	394.0
BCW-200270_01573	gnl|TC-DB|P0AFA9|3.A.1.5.3	89.9	277	28	0	1	277	1	277	2.1e-141	498.0
BCW-200270_01574	gnl|TC-DB|P33591|3.A.1.5.3	90.8	314	29	0	1	314	1	314	2.7e-161	564.3
BCW-200270_01575	gnl|TC-DB|P33590|3.A.1.5.3	83.9	516	83	0	6	521	7	522	7.1e-260	892.5
BCW-200270_01582	gnl|TC-DB|P19642|4.A.1.1.3	88.3	530	62	0	1	530	1	530	2.2e-272	934.1
BCW-200270_01588	gnl|TC-DB|P0A766|3.D.6.1.4	94.8	193	10	0	1	193	1	193	1.9e-93	338.2
BCW-200270_01589	gnl|TC-DB|P77223|3.D.6.1.4	81.2	192	36	0	1	192	1	192	1.9e-77	285.0
BCW-200270_01590	gnl|TC-DB|P77611|3.D.6.1.4	81.2	569	107	0	1	569	1	569	4.8e-251	863.6
BCW-200270_01591	gnl|TC-DB|P76182|3.D.6.1.4	86.3	350	48	0	1	350	1	350	1.9e-176	614.8
BCW-200270_01592	gnl|TC-DB|P77285|3.D.6.1.4	76.2	206	49	0	1	206	1	206	5.2e-89	323.6
BCW-200270_01593	gnl|TC-DB|P77179|3.D.6.1.4	76.3	224	53	0	1	224	1	224	7.3e-92	333.2
BCW-200270_01595	gnl|TC-DB|P77304|2.A.17.1.2	85.9	498	67	2	1	496	1	497	6.4e-242	832.8
BCW-200270_01603	gnl|TC-DB|D4ZZR3|9.B.34.1.3	25.7	417	235	13	77	449	8	393	4.6e-16	82.4
BCW-200270_01605	gnl|TC-DB|G4PZW1|8.A.48.1.1	67.9	78	25	0	1	78	1	78	3.7e-27	116.7
BCW-200270_01606	gnl|TC-DB|P46482|8.A.1.7.1	38.2	275	170	0	11	285	14	288	9.6e-49	190.3
BCW-200270_01607	gnl|TC-DB|Q8ZPN4|2.A.85.1.5	78.5	679	144	1	1	677	1	679	0.0e+00	1076.6
BCW-200270_01609	gnl|TC-DB|P76187|8.A.5.1.7	88.9	298	33	0	1	298	1	298	3.8e-157	550.4
BCW-200270_01619	gnl|TC-DB|P77389|2.A.1.2.65	89.1	385	42	0	1	385	1	385	7.8e-187	649.4
BCW-200270_01621	gnl|TC-DB|Q0HIQ8|3.A.1.2.14	27.0	233	151	10	58	277	21	247	1.9e-11	66.6
BCW-200270_01623	gnl|TC-DB|P37597|2.A.1.2.62	81.5	383	68	2	1	381	1	382	7.3e-172	599.7
BCW-200270_01626	gnl|TC-DB|P37340|2.A.66.1.3	91.4	451	39	0	3	453	7	457	1.6e-231	798.1
BCW-200270_01630	gnl|TC-DB|P96878|2.A.53.3.12	29.4	170	113	2	26	189	571	739	6.2e-21	97.4
BCW-200270_01634	gnl|TC-DB|Q8RCC4|3.A.1.3.27	35.0	254	149	7	12	259	15	258	2.6e-27	119.0
BCW-200270_01635	gnl|TC-DB|P37774|3.A.1.3.10	51.8	247	114	1	22	263	2	248	2.6e-64	241.9
BCW-200270_01636	gnl|TC-DB|Q8YPM8|3.A.1.3.18	32.3	223	138	4	17	232	80	296	5.6e-24	107.8
BCW-200270_01637	gnl|TC-DB|Q52814|3.A.1.3.8	32.0	197	128	2	26	216	173	369	1.7e-19	92.8
BCW-200270_01640	gnl|TC-DB|O32167|3.A.1.24.2	49.1	269	129	3	5	269	9	273	1.9e-67	252.3
BCW-200270_01641	gnl|TC-DB|O32168|3.A.1.24.2	61.7	222	85	0	1	222	1	222	3.9e-66	247.7
BCW-200270_01642	gnl|TC-DB|O32169|3.A.1.24.2	57.1	338	144	1	1	337	1	338	1.1e-107	386.3
BCW-200270_01651	gnl|TC-DB|Q9CIP5|3.A.1.135.1	26.3	224	138	7	14	229	438	642	3.9e-14	75.1
BCW-200270_01660	gnl|TC-DB|P07658|3.D.1.9.2	64.9	715	246	4	1	713	1	712	1.0e-288	988.8
BCW-200270_01661	gnl|TC-DB|P0AEK7|5.A.3.2.1	87.9	215	23	1	1	212	1	215	2.3e-108	387.9
BCW-200270_01662	gnl|TC-DB|P0AAJ3|5.A.3.2.1	85.4	295	42	1	1	295	1	294	7.6e-158	552.7
BCW-200270_01663	gnl|TC-DB|P24183|5.A.3.2.1	70.7	1016	297	1	1	1016	1	1015	0.0e+00	1568.9
BCW-200270_01667	gnl|TC-DB|B1LE48|2.A.86.2.1	82.4	370	65	0	1	370	1	370	2.6e-171	597.8
BCW-200270_01668	gnl|TC-DB|P08839|8.A.7.1.1	26.1	471	272	17	335	776	103	526	8.0e-29	125.6
BCW-200270_01672	gnl|TC-DB|P72412|1.B.14.2.14	84.1	621	99	0	41	661	40	660	0.0e+00	1109.0
BCW-200270_01674	gnl|TC-DB|A8GDS8|3.A.1.14.16	59.6	267	108	0	5	271	9	275	1.6e-82	302.4
BCW-200270_01675	gnl|TC-DB|Q56992|3.A.1.14.5	64.9	319	108	2	11	325	10	328	4.3e-101	364.4
BCW-200270_01676	gnl|TC-DB|A8GDS6|3.A.1.14.16	59.4	251	102	0	7	257	9	259	1.9e-80	295.4
BCW-200270_01680	gnl|TC-DB|P06611|3.A.1.13.1	68.7	249	78	0	1	249	1	249	3.5e-95	344.4
BCW-200270_01682	gnl|TC-DB|P06609|3.A.1.13.1	76.7	322	75	0	30	351	5	326	3.7e-135	477.6
BCW-200270_01692	gnl|TC-DB|P76206|1.B.75.1.3	88.1	252	30	0	38	289	1	252	3.8e-130	460.7
BCW-200270_01700	gnl|TC-DB|P77529|2.A.23.1.8	93.7	462	29	0	1	462	1	462	5.0e-233	803.1
BCW-200270_01706	gnl|TC-DB|C4X746|4.A.3.2.7	87.7	114	14	0	1	114	1	114	3.6e-47	183.7
BCW-200270_01707	gnl|TC-DB|P17334|4.A.3.2.1	88.5	452	52	0	1	452	1	452	3.4e-210	727.2
BCW-200270_01708	gnl|TC-DB|P69795|4.A.3.2.1	94.3	106	6	0	1	106	1	106	1.9e-50	194.5
BCW-200270_01721	gnl|TC-DB|B7L6M8|3.A.1.19.4	74.4	387	98	1	4	389	1	387	1.9e-172	601.7
BCW-200270_01722	gnl|TC-DB|B7L6M9|3.A.1.19.4	61.6	495	190	0	17	511	2	496	3.0e-170	594.7
BCW-200270_01723	gnl|TC-DB|B7L6N0|3.A.1.19.4	65.1	209	69	1	1	205	1	209	4.9e-71	263.8
BCW-200270_01730	gnl|TC-DB|Q07711|3.A.7.7.1	29.7	622	398	18	3	613	4	597	7.5e-70	261.5
BCW-200270_01741	gnl|TC-DB|P80874|8.A.5.1.4	34.7	202	115	6	11	198	10	208	1.6e-24	109.8
BCW-200270_01742	gnl|TC-DB|P0A908|9.B.99.1.2	72.2	248	69	0	1	248	1	248	1.4e-109	392.1
BCW-200270_01747	gnl|TC-DB|P31435|2.A.2.3.4	49.0	437	220	3	2	436	3	438	7.5e-117	417.2
BCW-200270_01751	gnl|TC-DB|P76242|2.A.1.17.3	79.6	392	80	0	1	392	1	392	8.8e-170	592.8
BCW-200270_01757	gnl|TC-DB|P76330|9.B.34.1.4	29.3	188	119	4	149	331	374	552	7.0e-14	74.7
BCW-200270_01758	gnl|TC-DB|A6TAG3|1.E.43.1.1	93.9	82	5	0	1	82	1	82	2.2e-38	154.1
BCW-200270_01772	gnl|TC-DB|P69874|3.A.1.11.1	85.5	372	54	0	1	372	7	378	5.6e-182	633.3
BCW-200270_01773	gnl|TC-DB|P0AFK4|3.A.1.11.1	92.4	275	21	0	11	285	1	275	2.6e-139	491.1
BCW-200270_01774	gnl|TC-DB|P0AFK6|3.A.1.11.1	93.3	268	14	1	1	268	1	264	2.1e-130	461.5
BCW-200270_01775	gnl|TC-DB|P0AFK9|3.A.1.11.1	91.7	348	29	0	1	348	1	348	9.1e-195	675.6
BCW-200270_01778	gnl|TC-DB|P75958|3.A.1.125.1	88.9	414	46	0	1	414	1	414	1.4e-197	685.3
BCW-200270_01779	gnl|TC-DB|P75957|3.A.1.125.1	89.7	233	24	0	1	233	1	233	9.6e-116	412.5
BCW-200270_01780	gnl|TC-DB|P0ADC3|3.A.1.125.1	93.5	386	25	0	1	386	14	399	1.7e-189	658.3
BCW-200270_01795	gnl|TC-DB|P16869|1.B.14.1.1	80.1	723	143	1	7	728	7	729	0.0e+00	1220.7
BCW-200270_01796	gnl|TC-DB|P69786|4.A.1.1.1	96.4	477	17	0	1	477	1	477	8.2e-263	902.1
BCW-200270_01803	gnl|TC-DB|O80800|3.D.1.6.3	48.0	75	39	0	2	76	48	122	1.5e-12	68.2
BCW-200270_01815	gnl|TC-DB|P76628|2.A.1.36.3	34.7	378	235	3	14	387	13	382	1.5e-36	150.2
BCW-200270_01818	gnl|TC-DB|Q15HU6|3.A.7.14.2	38.4	159	91	3	139	295	31	184	7.6e-23	104.4
BCW-200270_01830	gnl|TC-DB|P37169|2.A.66.4.1	91.8	511	42	0	1	511	14	524	5.7e-262	899.4
BCW-200270_01834	gnl|TC-DB|P69367|2.A.1.2.21	86.6	402	54	0	1	402	1	402	3.1e-202	700.7
BCW-200270_01847	gnl|TC-DB|P62517|4.D.3.1.1	91.7	840	70	0	17	856	1	840	0.0e+00	1591.6
BCW-200270_01857	gnl|TC-DB|P0AE95|1.B.48.1.1	83.7	129	21	0	1	129	1	129	4.2e-60	226.9
BCW-200270_01858	gnl|TC-DB|P0AE98|1.B.48.1.1	85.5	138	20	0	1	138	1	138	5.4e-66	246.5
BCW-200270_01859	gnl|TC-DB|P0AEA2|1.B.48.1.1	92.4	277	21	0	1	277	1	277	1.5e-144	508.4
BCW-200270_01867	gnl|TC-DB|P31545|2.A.108.2.3	82.4	425	71	1	1	425	1	421	6.8e-208	719.5
BCW-200270_01868	gnl|TC-DB|P0AB24|2.A.108.2.3	89.9	375	38	0	1	375	1	375	2.5e-190	661.0
BCW-200270_01869	gnl|TC-DB|P75901|2.A.108.2.3	87.3	276	35	0	1	276	1	276	4.6e-133	470.3
BCW-200270_01870	gnl|TC-DB|P0AFF2|2.A.41.1.1	71.5	400	108	2	1	394	1	400	1.0e-146	516.2
BCW-200270_01872	gnl|TC-DB|P07117|2.A.21.2.1	94.4	500	28	0	1	500	1	500	4.4e-267	916.4
BCW-200270_01878	gnl|TC-DB|P0AAP1|9.B.34.1.2	31.3	182	115	3	204	383	196	369	2.0e-17	87.4
BCW-200270_01880	gnl|TC-DB|G4NXW2|2.A.76.1.8	25.8	198	136	3	1	187	8	205	7.4e-13	70.5
BCW-200270_01887	gnl|TC-DB|P75892|2.A.40.1.3	90.5	441	42	0	1	441	1	441	1.5e-218	755.0
BCW-200270_01888	gnl|TC-DB|K7QW88|2.A.7.3.52	32.7	284	176	8	3	284	1	271	1.9e-18	89.7
BCW-200270_01899	gnl|TC-DB|P45564|1.B.10.3.1	31.3	262	154	9	7	251	2	254	2.0e-26	115.9
BCW-200270_01901	gnl|TC-DB|P43838|1.B.9.1.4	23.4	389	237	12	1	331	1	386	2.4e-18	89.7
BCW-200270_01902	gnl|TC-DB|M4V7W7|1.A.23.1.4	34.3	411	260	4	109	510	122	531	5.0e-59	225.3
BCW-200270_01906	gnl|TC-DB|F8CM01|1.A.13.4.1	27.0	274	167	7	67	312	75	343	3.1e-11	65.9
BCW-200270_01913	gnl|TC-DB|Q1R209|1.B.14.7.1	52.3	757	319	13	12	739	10	753	4.0e-216	747.7
BCW-200270_01914	gnl|TC-DB|Q1R210|2.C.1.1.3	37.7	260	157	3	1	258	2	258	2.2e-28	122.5
BCW-200270_01924	gnl|TC-DB|W9BHF5|2.A.6.2.49	86.6	1029	138	0	1	1029	1	1029	0.0e+00	1669.1
BCW-200270_01928	gnl|TC-DB|O53183|2.A.1.2.71	32.6	390	250	5	4	385	11	395	7.4e-47	184.5
BCW-200270_01939	gnl|TC-DB|P06202|3.A.1.5.1	54.9	536	237	3	12	542	8	543	2.1e-169	592.0
BCW-200270_01940	gnl|TC-DB|P0AAC6|1.A.14.2.1	92.7	219	16	0	27	245	1	219	1.2e-105	379.0
BCW-200270_01949	gnl|TC-DB|P0AB12|9.B.55.1.1	89.2	148	16	0	1	148	1	148	4.6e-71	263.5
BCW-200270_01950	gnl|TC-DB|P75870|2.A.85.1.1	82.6	706	123	0	1	706	1	706	0.0e+00	1179.1
BCW-200270_01953	gnl|TC-DB|P0A910|1.B.6.1.1	84.9	351	48	2	1	351	1	346	1.9e-168	588.2
BCW-200270_01960	gnl|TC-DB|P43672|3.A.1.120.6	82.0	634	114	0	1	634	1	634	2.3e-297	1017.3
BCW-200270_01966	gnl|TC-DB|P75853|3.A.1.17.10	83.3	317	53	0	3	319	2	318	5.7e-151	530.0
BCW-200270_01968	gnl|TC-DB|P75851|3.A.1.17.10	93.5	261	17	0	1	261	1	261	1.9e-128	454.9
BCW-200270_01969	gnl|TC-DB|B1X8N7|3.A.1.17.10	88.3	248	29	0	1	248	1	248	9.9e-122	432.6
BCW-200270_01973	gnl|TC-DB|Q6RW54|1.B.1.1.12	58.4	373	134	5	2	368	1	358	1.2e-120	429.5
BCW-200270_01988	gnl|TC-DB|P60752|3.A.1.106.1	91.9	581	47	0	1	581	1	581	9.9e-295	1008.4
BCW-200270_01989	gnl|TC-DB|P44408|3.A.11.2.2	32.6	671	384	13	129	749	133	785	3.3e-88	322.8
BCW-200270_01997	gnl|TC-DB|P0AC23|1.A.16.1.1	91.6	285	24	0	1	285	1	285	2.1e-149	524.6
BCW-200270_02000	gnl|TC-DB|P21503|2.A.1.26.1	83.5	381	63	0	1	381	1	381	7.4e-182	632.9
BCW-200270_02001	gnl|TC-DB|P18777|5.A.3.3.2	81.2	287	54	0	1	287	1	287	6.3e-133	469.9
BCW-200270_02002	gnl|TC-DB|P18776|5.A.3.3.2	92.2	205	16	0	1	205	1	205	5.1e-121	429.9
BCW-200270_02003	gnl|TC-DB|P18775|5.A.3.3.2	88.8	814	91	0	1	814	1	814	0.0e+00	1525.4
BCW-200270_02006	gnl|TC-DB|P61316|1.B.46.1.1	91.6	202	17	0	1	202	1	202	4.3e-104	373.6
BCW-200270_02007	gnl|TC-DB|P46889|3.A.12.1.2	74.7	1335	246	12	1	1249	1	1329	0.0e+00	1597.4
BCW-200270_02010	gnl|TC-DB|P29018|3.A.1.129.1	81.5	588	109	0	1	588	1	588	9.4e-277	948.7
BCW-200270_02011	gnl|TC-DB|P23886|3.A.1.129.1	80.3	573	113	0	1	573	1	573	3.1e-256	880.6
BCW-200270_02014	gnl|TC-DB|Q9SXJ7|3.A.9.1.2	38.4	800	403	11	17	737	133	921	2.5e-149	525.8
BCW-200270_02017	gnl|TC-DB|P75831|3.A.1.122.1	82.4	648	112	1	1	646	1	648	4.8e-298	1019.6
BCW-200270_02018	gnl|TC-DB|P75830|3.A.1.122.1	79.1	364	76	0	8	371	8	371	2.6e-155	544.7
BCW-200270_02021	gnl|TC-DB|P60844|1.A.8.3.1	90.4	230	22	0	1	230	1	230	1.3e-117	418.7
BCW-200270_02022	gnl|TC-DB|P75826|2.A.124.1.1	85.6	299	43	0	1	299	1	299	4.0e-138	487.3
BCW-200270_02033	gnl|TC-DB|P0AAF6|3.A.1.3.3	96.3	242	9	0	1	242	1	242	1.4e-130	461.8
BCW-200270_02034	gnl|TC-DB|P30859|3.A.1.3.3	90.1	243	24	0	1	243	1	243	2.4e-125	444.5
BCW-200270_02035	gnl|TC-DB|P0AE34|3.A.1.3.3	94.9	237	12	0	1	237	1	237	2.2e-123	438.0
BCW-200270_02036	gnl|TC-DB|P0AE30|3.A.1.3.3	93.7	222	14	0	1	222	1	222	2.2e-101	364.8
BCW-200270_02037	gnl|TC-DB|P30860|3.A.1.3.3	89.3	243	26	0	1	243	1	243	4.1e-125	443.7
BCW-200270_02042	gnl|TC-DB|P0AFL1|3.A.1.11.2	92.9	281	20	0	1	281	1	281	1.6e-141	498.4
BCW-200270_02043	gnl|TC-DB|P31135|3.A.1.11.2	86.8	317	42	0	1	317	1	317	3.6e-158	553.9
BCW-200270_02044	gnl|TC-DB|P31134|3.A.1.11.2	92.8	377	27	0	1	377	1	377	1.5e-203	704.9
BCW-200270_02045	gnl|TC-DB|P31133|3.A.1.11.2	90.3	370	36	0	1	370	1	370	5.1e-204	706.4
BCW-200270_02051	gnl|TC-DB|A7ZJR5|2.A.81.1.4	93.9	561	34	0	1	561	1	561	2.4e-301	1030.4
BCW-200270_02060	gnl|TC-DB|P75810|2.A.1.60.2	85.9	375	53	0	1	375	1	375	3.4e-177	617.5
BCW-200270_02062	gnl|TC-DB|P0AEY8|2.A.1.2.19	87.6	402	50	0	7	408	6	407	1.0e-197	685.6
BCW-200270_02070	gnl|TC-DB|P75799|3.A.1.5.11	87.1	303	39	0	1	303	1	303	8.4e-136	479.6
BCW-200270_02071	gnl|TC-DB|P75798|3.A.1.5.11	88.9	306	34	0	1	306	1	306	1.9e-156	548.1
BCW-200270_02072	gnl|TC-DB|P75797|3.A.1.5.11	86.9	512	67	0	1	512	1	512	5.4e-260	892.9
BCW-200270_02073	gnl|TC-DB|P75796|3.A.1.5.11	79.9	622	125	0	1	622	1	622	6.1e-282	966.1
BCW-200270_02081	gnl|TC-DB|E9RJ18|3.A.7.13.2	37.4	107	56	3	67	163	254	359	3.0e-13	71.6
BCW-200270_02089	gnl|TC-DB|Q7AA53|2.A.6.8.2	82.2	749	132	1	26	773	1	749	0.0e+00	1172.5
BCW-200270_02102	gnl|TC-DB|P0AGM0|2.A.86.1.2	89.7	349	36	0	1	349	1	349	5.2e-166	580.1
BCW-200270_02103	gnl|TC-DB|P37621|2.A.1.46.7	81.5	405	75	0	1	405	1	405	3.2e-183	637.5
BCW-200270_02105	gnl|TC-DB|B3WJF3|2.A.88.8.6	92.3	220	17	0	1	220	1	220	2.1e-112	401.4
BCW-200270_02107	gnl|TC-DB|P43020|2.A.56.1.5	35.0	303	188	6	9	308	9	305	3.8e-41	165.2
BCW-200270_02109	gnl|TC-DB|Q8ZKS0|2.A.56.1.5	42.6	425	240	2	6	427	11	434	6.6e-86	314.3
BCW-200270_02111	gnl|TC-DB|P09391|9.B.104.1.1	80.7	275	53	0	1	275	1	275	1.3e-132	468.8
BCW-200270_02120	gnl|TC-DB|P67143|2.A.95.1.5	94.4	197	11	0	1	197	1	197	7.9e-95	342.8
BCW-200270_02121	gnl|TC-DB|P37617|3.A.3.6.2	76.9	732	165	4	1	728	1	732	1.9e-298	1021.1
BCW-200270_02126	gnl|TC-DB|P10121|3.A.5.1.1	95.8	310	13	0	202	511	188	497	3.8e-165	577.8
BCW-200270_02127	gnl|TC-DB|P0A9R7|3.A.1.140.1	95.9	219	9	0	1	219	1	219	2.0e-118	421.4
BCW-200270_02128	gnl|TC-DB|P0AC31|3.A.1.140.1	90.6	352	32	1	1	351	1	352	3.3e-176	614.0
BCW-200270_02131	gnl|TC-DB|P0AD96|3.A.1.4.1	93.7	365	22	1	1	364	3	367	7.8e-197	682.6
BCW-200270_02133	gnl|TC-DB|P04816|3.A.1.4.1	90.0	369	37	0	1	369	1	369	1.9e-195	677.9
BCW-200270_02134	gnl|TC-DB|P0AEX7|3.A.1.4.1	95.5	308	14	0	1	308	1	308	1.3e-152	535.4
BCW-200270_02135	gnl|TC-DB|P22729|3.A.1.4.1	94.1	425	25	0	1	425	1	425	1.2e-209	725.3
BCW-200270_02136	gnl|TC-DB|P0A9S7|3.A.1.4.1	92.5	255	19	0	1	255	1	255	5.4e-136	479.9
BCW-200270_02137	gnl|TC-DB|P22731|3.A.1.4.1	94.9	237	12	0	1	237	1	237	1.8e-125	444.9
BCW-200270_02138	gnl|TC-DB|P0AG80|3.A.1.1.3	89.0	438	48	0	1	438	1	438	7.9e-236	812.4
BCW-200270_02139	gnl|TC-DB|P10905|3.A.1.1.3	92.5	295	22	0	1	295	1	295	9.6e-153	535.8
BCW-200270_02140	gnl|TC-DB|P10906|3.A.1.1.3	88.3	281	33	0	1	281	1	281	3.8e-135	477.2
BCW-200270_02141	gnl|TC-DB|P10907|3.A.1.1.3	91.0	356	32	0	1	356	1	356	1.4e-187	651.7
BCW-200270_02150	gnl|TC-DB|P0AC96|2.A.8.1.8	95.3	446	21	0	1	446	1	446	3.4e-234	807.0
BCW-200270_02154	gnl|TC-DB|P39835|2.A.8.1.4	94.3	438	25	0	1	438	1	438	1.1e-213	738.8
BCW-200270_02159	gnl|TC-DB|B5XTS6|9.A.8.1.10	79.7	79	15	1	1	78	1	79	1.2e-30	128.3
BCW-200270_02160	gnl|TC-DB|B5XTS7|9.A.8.1.10	88.2	772	91	0	1	772	1	772	0.0e+00	1354.0
BCW-200270_02161	gnl|TC-DB|P0AEL3|9.A.8.1.1	89.2	74	8	0	1	74	1	74	9.6e-33	135.2
BCW-200270_02165	gnl|TC-DB|Q9HV74|2.A.21.9.1	27.6	217	139	7	237	437	760	974	1.1e-11	67.8
BCW-200270_02167	gnl|TC-DB|P45804|9.B.65.1.1	46.6	579	297	7	1	575	1	571	5.5e-136	481.1
BCW-200270_02178	gnl|TC-DB|Q1R5P6|1.B.22.4.2	74.1	386	100	0	11	396	24	409	5.4e-159	557.0
BCW-200270_02188	gnl|TC-DB|K6JRX1|1.A.16.3.4	89.2	269	29	0	1	269	1	269	9.4e-139	489.2
BCW-200270_02192	gnl|TC-DB|P60778|2.A.1.7.14	87.9	390	47	0	1	390	1	390	3.7e-192	667.2
BCW-200270_02197	gnl|TC-DB|P45537|2.A.85.1.3	81.5	692	127	1	1	691	5	696	0.0e+00	1134.4
BCW-200270_02203	gnl|TC-DB|O06924|3.B.1.1.4	57.0	553	225	3	9	551	5	554	2.1e-185	645.2
BCW-200270_02206	gnl|TC-DB|O06926|3.B.1.1.4	39.9	243	136	2	4	236	9	251	1.3e-45	179.9
BCW-200270_02207	gnl|TC-DB|O06927|3.B.1.1.4	38.4	164	98	2	52	212	63	226	8.1e-26	114.0
BCW-200270_02208	gnl|TC-DB|O32715|2.A.69.3.3	86.8	319	42	0	1	319	1	319	4.1e-149	523.9
BCW-200270_02212	gnl|TC-DB|Q83XH1|3.A.1.121.4	30.6	513	347	4	1	505	1	512	2.1e-72	270.0
BCW-200270_02213	gnl|TC-DB|P0A756|2.A.37.1.2	87.4	182	23	0	1	182	2	183	1.1e-95	345.5
BCW-200270_02214	gnl|TC-DB|P45522|2.A.37.1.2	91.7	601	50	0	1	601	1	601	5.8e-306	1045.8
BCW-200270_02240	gnl|TC-DB|P76628|2.A.1.36.3	86.8	394	52	0	1	394	1	394	3.9e-178	620.5
BCW-200270_02242	gnl|TC-DB|P27303|8.A.1.1.1	84.9	390	59	0	1	390	1	390	2.2e-173	604.7
BCW-200270_02243	gnl|TC-DB|P0AEJ0|2.A.1.3.2	91.3	515	42	1	1	515	1	512	2.6e-270	927.2
BCW-200270_02248	gnl|TC-DB|E1P8P0|9.B.27.3.1	88.0	142	17	0	1	142	1	142	3.9e-67	250.4
BCW-200270_02254	gnl|TC-DB|P52067|2.A.1.35.1	90.9	405	37	0	1	405	1	405	8.1e-203	702.6
BCW-200270_02255	gnl|TC-DB|P39830|2.A.37.1.5	90.5	558	53	0	1	558	1	558	1.6e-273	937.9
BCW-200270_02267	gnl|TC-DB|P77338|1.A.23.1.1	76.2	1113	265	0	3	1115	6	1118	0.0e+00	1600.1
BCW-200270_02269	gnl|TC-DB|P0AE06|8.A.1.6.1	84.1	397	63	0	1	397	1	397	5.7e-185	643.3
BCW-200270_02270	gnl|TC-DB|P31224|2.A.6.2.2	92.5	1049	79	0	1	1049	1	1049	0.0e+00	1867.4
BCW-200270_02279	gnl|TC-DB|P40739|4.A.1.2.11	36.6	453	272	5	9	458	9	449	4.7e-74	275.0
BCW-200270_02283	gnl|TC-DB|P0AAQ6|3.A.5.1.1	86.3	117	16	0	1	117	1	117	5.6e-56	213.0
BCW-200270_02286	gnl|TC-DB|C7NLF6|2.A.115.2.6	54.6	183	83	0	4	186	38	220	3.0e-49	191.4
BCW-200270_02294	gnl|TC-DB|P69681|1.A.11.1.1	91.1	428	38	0	1	428	1	428	1.3e-195	678.7
BCW-200270_02296	gnl|TC-DB|P0AAG5|3.A.1.106.13	86.0	593	83	0	1	593	1	593	1.9e-285	977.6
BCW-200270_02297	gnl|TC-DB|P77265|3.A.1.106.13	88.8	590	66	0	1	590	1	590	1.3e-302	1034.6
BCW-200270_02304	gnl|TC-DB|A1EMW4|3.A.11.2.3	54.8	62	28	0	68	129	42	103	5.0e-13	70.5
BCW-200270_02313	gnl|TC-DB|P0AE16|2.A.1.25.2	82.5	491	86	0	1	491	1	491	4.5e-232	800.0
BCW-200270_02314	gnl|TC-DB|P0ABJ1|3.D.4.5.1	92.7	315	23	0	1	315	1	315	2.7e-169	590.9
BCW-200270_02315	gnl|TC-DB|P0ABI8|3.D.4.5.1	91.0	663	60	0	1	663	1	663	0.0e+00	1246.5
BCW-200270_02316	gnl|TC-DB|P0ABJ3|3.D.4.5.1	88.7	204	23	0	1	204	1	204	1.8e-102	368.2
BCW-200270_02317	gnl|TC-DB|P0ABJ6|3.D.4.5.1	86.2	109	14	1	1	108	1	109	1.8e-48	188.0
BCW-200270_02319	gnl|TC-DB|P77726|2.A.1.2.60	84.5	452	70	0	1	452	1	452	3.0e-214	740.7
BCW-200270_02327	gnl|TC-DB|P77735|8.A.5.1.6	88.6	324	37	0	1	324	1	324	2.3e-168	587.8
BCW-200270_02334	gnl|TC-DB|P0A927|1.B.10.1.1	87.8	294	34	1	3	294	1	294	1.1e-159	558.9
BCW-200270_02335	gnl|TC-DB|P0AG93|2.A.6.4.1	88.2	323	38	0	1	323	1	323	4.9e-158	553.5
BCW-200270_02336	gnl|TC-DB|P0AG90|2.A.6.4.1	92.4	604	46	0	1	604	12	615	7.9e-311	1062.0
BCW-200270_02337	gnl|TC-DB|P0ADZ7|3.A.5.1.1	94.5	110	6	0	1	110	1	110	7.9e-52	199.1
BCW-200270_02342	gnl|TC-DB|Q07837|8.A.9.1.2	25.3	372	194	16	177	488	140	487	3.7e-18	89.7
BCW-200270_02343	gnl|TC-DB|P37460|2.A.3.1.6	94.3	456	26	0	1	456	1	456	2.1e-247	850.9
BCW-200270_02344	gnl|TC-DB|P0AD99|2.A.26.1.10	88.8	439	49	0	1	439	1	439	2.5e-218	754.2
BCW-200270_02357	gnl|TC-DB|P0AAP1|9.B.34.1.2	68.5	371	117	0	1	371	1	371	8.9e-148	519.6
BCW-200270_02361	gnl|TC-DB|P25744|2.A.1.2.20	60.5	392	154	1	3	394	11	401	1.1e-127	453.0
BCW-200270_02367	gnl|TC-DB|P0AFY6|9.A.18.1.1	88.9	405	45	0	1	405	1	405	5.8e-209	723.0
BCW-200270_02381	gnl|TC-DB|P0AE42|9.B.12.2.1	88.5	52	6	0	1	52	1	52	1.3e-23	104.4
BCW-200270_02384	gnl|TC-DB|A8ANM6|2.A.104.1.1	87.9	149	18	0	1	149	1	149	2.5e-72	267.7
BCW-200270_02391	gnl|TC-DB|P14175|3.A.1.12.1	92.5	400	30	0	1	400	1	400	2.6e-209	724.2
BCW-200270_02392	gnl|TC-DB|P14176|3.A.1.12.1	79.2	355	73	1	1	355	1	354	7.2e-147	516.5
BCW-200270_02393	gnl|TC-DB|P0AFM2|3.A.1.12.1	83.1	331	55	1	1	331	1	330	7.7e-167	582.8
BCW-200270_02406	gnl|TC-DB|P75683|2.A.2.3.5	91.3	458	40	0	2	459	3	460	2.7e-239	823.9
BCW-200270_02413	gnl|TC-DB|Q11G42|2.A.118.1.2	58.3	465	193	1	3	466	12	476	6.6e-140	493.8
BCW-200270_02420	gnl|TC-DB|A8YQR5|3.A.23.2.1	24.4	501	320	17	28	496	23	496	2.2e-23	107.5
BCW-200270_02423	gnl|TC-DB|P37662|2.A.1.11.3	88.6	350	40	0	1	350	1	350	3.1e-170	594.3
BCW-200270_02428	gnl|TC-DB|P20099|5.A.3.4.3	83.3	774	129	0	2	775	4	777	0.0e+00	1385.2
BCW-200270_02429	gnl|TC-DB|P37665|9.B.186.1.1	91.3	219	19	0	1	219	1	219	5.6e-81	297.0
BCW-200270_02433	gnl|TC-DB|Q9RPP3|2.A.1.14.8	27.2	423	288	9	14	423	33	448	3.5e-39	159.1
BCW-200270_02441	gnl|TC-DB|P37669|9.B.97.1.1	82.8	331	57	0	1	331	1	331	5.7e-162	566.6
BCW-200270_02446	gnl|TC-DB|P37387|3.A.1.2.4	87.6	330	41	0	1	330	1	330	1.6e-164	575.1
BCW-200270_02447	gnl|TC-DB|P37388|3.A.1.2.4	88.3	513	60	0	1	513	1	513	1.8e-263	904.4
BCW-200270_02448	gnl|TC-DB|P0AGI4|3.A.1.2.4	90.8	393	36	0	1	393	1	393	6.9e-183	636.3
BCW-200270_02455	gnl|TC-DB|P23481|3.D.1.9.1	37.3	177	69	4	1	142	1	170	3.6e-26	114.4
BCW-200270_02456	gnl|TC-DB|P37681|9.B.99.1.1	58.1	246	103	0	1	246	1	246	5.1e-83	303.9
BCW-200270_02463	gnl|TC-DB|P37683|8.A.1.1.4	78.3	378	82	0	1	378	1	378	8.2e-165	576.2
BCW-200270_02464	gnl|TC-DB|P32108|9.B.32.1.1	81.5	108	18	1	1	106	1	108	4.1e-46	180.3
BCW-200270_02465	gnl|TC-DB|P00550|4.A.2.1.2	92.7	634	45	1	1	634	1	633	0.0e+00	1126.7
BCW-200270_02469	gnl|TC-DB|P33231|2.A.14.1.1	92.0	551	44	0	1	551	1	551	2.2e-288	987.3
BCW-200270_02480	gnl|TC-DB|B7LEG0|1.A.34.1.2	39.5	119	67	3	308	425	262	376	2.9e-17	86.3
BCW-200270_02496	gnl|TC-DB|B8F5K7|4.D.1.3.2	50.0	244	120	2	5	246	4	247	2.5e-64	241.9
BCW-200270_02508	gnl|TC-DB|P0AGM2|1.A.62.2.3	86.8	205	27	0	1	205	1	205	5.7e-96	346.7
BCW-200270_02518	gnl|TC-DB|P30130|1.B.11.3.9	34.0	807	487	13	54	817	74	877	6.2e-125	444.9
BCW-200270_02528	gnl|TC-DB|P0AGM9|2.A.40.4.2	93.3	463	30	1	1	463	1	462	1.7e-236	814.7
BCW-200270_02531	gnl|TC-DB|P31435|2.A.2.3.4	86.9	464	57	1	1	464	1	460	4.9e-236	813.1
BCW-200270_02551	gnl|TC-DB|G3IME2|9.B.35.1.2	36.6	112	68	2	27	136	31	141	4.6e-17	84.0
BCW-200270_02554	gnl|TC-DB|917745143|1.C.75.1.2	44.9	752	353	12	3101	3802	2446	3186	3.3e-118	424.9
BCW-200270_02554	gnl|TC-DB|917745143|1.C.75.1.2	43.2	285	155	6	17	297	55	336	2.4e-52	206.1
BCW-200270_02555	gnl|TC-DB|Q3YL97|1.B.20.1.3	54.9	561	250	2	8	565	25	585	1.2e-180	629.4
BCW-200270_02556	gnl|TC-DB|P28635|3.A.1.24.1	64.3	258	92	0	9	266	14	271	8.2e-95	343.2
BCW-200270_02559	gnl|TC-DB|Q9ZGB6|2.A.1.3.32	38.5	499	303	3	1	496	1	498	1.7e-93	339.7
BCW-200270_02564	gnl|TC-DB|Q9KSH5|4.A.3.2.6	52.0	100	48	0	1	100	1	100	3.6e-22	100.5
BCW-200270_02565	gnl|TC-DB|Q9KSH4|4.A.3.2.6	45.4	438	238	1	4	441	6	442	6.5e-121	430.6
BCW-200270_02566	gnl|TC-DB|Q86Z14|8.A.49.1.2	27.1	473	284	17	4	459	80	508	7.4e-43	171.4
BCW-200270_02567	gnl|TC-DB|P69791|4.A.3.2.1	50.5	97	48	0	5	101	17	113	3.0e-21	97.4
BCW-200270_02569	gnl|TC-DB|P31437|2.A.7.3.12	84.6	298	46	0	1	298	1	298	1.7e-136	481.9
BCW-200270_02572	gnl|TC-DB|P0ADL1|2.A.1.2.26	83.9	384	62	0	13	396	11	394	2.3e-173	604.7
BCW-200270_02574	gnl|TC-DB|P0AGC0|2.A.1.4.1	93.3	463	31	0	1	463	1	463	6.8e-246	845.9
BCW-200270_02575	gnl|TC-DB|P09836|2.A.1.4.4	88.3	437	51	0	1	437	1	437	5.3e-232	799.7
BCW-200270_02583	gnl|TC-DB|P31442|2.A.1.2.9	86.5	394	53	0	1	394	1	394	5.0e-189	656.8
BCW-200270_02587	gnl|TC-DB|P0ADM0|9.B.51.1.1	82.6	115	20	0	1	115	1	115	5.0e-49	189.9
BCW-200270_02588	gnl|TC-DB|B7L824|2.A.81.1.5	82.6	553	96	0	1	553	1	553	1.0e-256	882.1
BCW-200270_02594	gnl|TC-DB|P0AA76|2.A.1.14.7	92.1	430	34	0	1	430	1	430	5.5e-234	806.2
BCW-200270_02605	gnl|TC-DB|P25714|2.A.9.3.1	90.9	548	50	0	1	548	1	548	2.6e-281	963.8
BCW-200270_02607	gnl|TC-DB|P31462|2.A.1.2.22	72.8	367	95	2	1	363	21	386	8.9e-140	493.0
BCW-200270_02611	gnl|TC-DB|P31466|2.A.40.7.6	94.1	444	26	0	1	444	1	444	8.9e-227	782.3
BCW-200270_02614	gnl|TC-DB|P0AAH0|3.A.1.7.1	97.7	257	6	0	1	257	1	257	8.9e-147	515.8
BCW-200270_02615	gnl|TC-DB|P07654|3.A.1.7.1	94.6	296	16	0	1	296	1	296	6.2e-152	533.1
BCW-200270_02616	gnl|TC-DB|P0AGH8|3.A.1.7.1	95.3	319	15	0	1	319	1	319	8.2e-166	579.3
BCW-200270_02617	gnl|TC-DB|P0AG82|3.A.1.7.1	93.9	346	21	0	1	346	1	346	1.7e-188	654.8
BCW-200270_02621	gnl|TC-DB|P0A6E6|3.A.2.1.1	95.7	139	6	0	1	139	1	139	5.3e-69	256.5
BCW-200270_02622	gnl|TC-DB|P0ABB4|3.A.2.1.1	97.8	460	10	0	1	460	1	460	1.5e-258	887.9
BCW-200270_02623	gnl|TC-DB|P0ABA6|3.A.2.1.1	92.3	287	22	0	1	287	1	287	3.1e-148	520.8
BCW-200270_02624	gnl|TC-DB|P0ABB0|3.A.2.1.1	95.3	513	24	0	1	513	1	513	3.0e-279	956.8
BCW-200270_02625	gnl|TC-DB|P0ABA4|3.A.2.1.1	89.8	177	18	0	1	177	1	177	6.9e-82	299.7
BCW-200270_02626	gnl|TC-DB|P0ABA0|3.A.2.1.1	93.6	156	10	0	1	156	1	156	3.0e-52	201.1
BCW-200270_02627	gnl|TC-DB|P68699|3.A.2.1.1	100.0	79	0	0	1	79	1	79	2.8e-35	143.7
BCW-200270_02628	gnl|TC-DB|P0AB98|3.A.2.1.1	94.8	271	14	0	1	271	1	271	5.2e-145	510.0
BCW-200270_02629	gnl|TC-DB|C4X3L3|1.A.77.3.8	91.3	126	11	0	1	126	25	150	6.1e-56	213.0
BCW-200270_02637	gnl|TC-DB|P63183|2.A.72.1.1	92.6	622	46	0	1	622	1	622	0.0e+00	1139.4
BCW-200270_02639	gnl|TC-DB|P04983|3.A.1.2.1	95.8	501	21	0	1	501	1	501	2.2e-274	940.6
BCW-200270_02640	gnl|TC-DB|P0AGI1|3.A.1.2.1	97.5	321	8	0	1	321	1	321	2.3e-152	534.6
BCW-200270_02641	gnl|TC-DB|P02925|3.A.1.2.1	95.6	296	13	0	1	296	1	296	2.4e-151	531.2
BCW-200270_02644	gnl|TC-DB|P31474|2.A.1.3.51	84.0	475	76	0	1	475	1	475	6.6e-212	733.0
BCW-200270_02680	gnl|TC-DB|Q9X0F3|3.A.1.5.12	46.8	263	118	6	1	242	3	264	8.6e-57	216.9
BCW-200270_02681	gnl|TC-DB|P26905|3.A.1.5.2	45.8	260	138	3	13	269	4	263	3.0e-58	221.9
BCW-200270_02682	gnl|TC-DB|W0WMS8|3.A.1.5.39	46.2	264	134	2	44	299	35	298	1.5e-60	229.6
BCW-200270_02683	gnl|TC-DB|W0WN20|3.A.1.5.39	42.4	330	187	2	16	344	6	333	2.0e-64	242.7
BCW-200270_02684	gnl|TC-DB|P76128|3.A.1.5.38	28.2	539	334	13	1	522	1	503	1.3e-43	174.1
BCW-200270_02693	gnl|TC-DB|P38134|8.A.3.3.1	58.2	711	297	0	1	711	1	711	1.8e-240	828.6
BCW-200270_02695	gnl|TC-DB|P0A932|1.B.18.3.8	72.2	356	98	1	1	356	24	378	5.7e-152	533.5
BCW-200270_02696	gnl|TC-DB|P64534|2.A.113.1.1	66.1	112	35	1	1	109	1	112	3.5e-36	147.1
BCW-200270_02698	gnl|TC-DB|A0L4L0|3.A.1.132.3	38.3	342	194	6	12	350	2	329	1.8e-55	213.0
BCW-200270_02702	gnl|TC-DB|Q81JL2|9.B.33.1.1	30.1	581	368	11	5	556	3	574	4.2e-72	268.9
BCW-200270_02705	gnl|TC-DB|P33359|3.A.1.12.15	78.0	241	53	0	1	241	1	241	6.2e-97	350.1
BCW-200270_02706	gnl|TC-DB|P33360|3.A.1.12.15	81.4	306	56	1	1	306	1	305	9.0e-141	496.1
BCW-200270_02707	gnl|TC-DB|P33361|3.A.1.12.15	67.1	380	123	2	8	386	7	385	4.8e-128	454.1
BCW-200270_02708	gnl|TC-DB|P33362|3.A.1.12.15	86.2	305	42	0	1	305	1	305	2.9e-144	507.7
BCW-200270_02713	gnl|TC-DB|J2MRK2|9.B.29.3.1	41.8	182	106	0	7	188	8	189	2.6e-37	151.8
BCW-200270_02714	gnl|TC-DB|E4PCL6|9.B.27.2.7	73.3	187	50	0	1	187	1	187	9.3e-77	282.7
BCW-200270_02716	gnl|TC-DB|P33369|1.B.17.3.10	69.1	463	138	2	41	498	14	476	1.1e-172	602.8
BCW-200270_02718	gnl|TC-DB|P08722|4.A.1.2.2	56.0	621	262	4	6	616	4	623	8.3e-199	689.9
BCW-200270_02722	gnl|TC-DB|F4V3T5|1.E.14.1.4	86.4	132	18	0	1	132	4	135	4.4e-41	163.7
BCW-200270_02723	gnl|TC-DB|C6EAH0|2.A.122.1.1	91.3	231	20	0	1	231	1	231	6.0e-110	393.3
BCW-200270_02725	gnl|TC-DB|P0AFY2|9.B.114.1.1	85.8	239	34	0	1	239	1	239	9.9e-116	412.5
BCW-200270_02726	gnl|TC-DB|P23200|3.A.1.2.3	95.5	336	15	0	1	336	1	336	1.8e-163	571.6
BCW-200270_02727	gnl|TC-DB|P0AAG8|3.A.1.2.3	95.3	506	24	0	1	506	1	506	5.1e-279	956.1
BCW-200270_02728	gnl|TC-DB|P0AEE5|3.A.1.2.3	94.0	332	20	0	1	332	1	332	1.6e-177	618.2
BCW-200270_02730	gnl|TC-DB|P25747|9.B.169.1.2	79.7	385	78	0	1	385	1	385	1.5e-182	635.2
BCW-200270_02732	gnl|TC-DB|Q9I3T2|2.A.1.51.4	45.8	367	195	3	7	370	14	379	3.0e-74	275.4
BCW-200270_02734	gnl|TC-DB|P17315|1.B.14.1.4	81.3	663	117	3	1	656	1	663	0.0e+00	1117.8
BCW-200270_02735	gnl|TC-DB|P25737|2.A.3.1.2	94.3	489	28	0	1	489	1	489	3.0e-268	920.2
BCW-200270_02737	gnl|TC-DB|P62723|2.A.98.1.3	84.2	349	54	1	1	348	1	349	1.1e-158	555.8
BCW-200270_02739	gnl|TC-DB|P20966|4.A.2.1.1	90.3	565	51	3	1	563	1	563	3.2e-250	860.5
BCW-200270_02741	gnl|TC-DB|P69811|4.A.2.1.1	85.9	376	53	0	1	376	1	376	3.1e-180	627.5
BCW-200270_02742	gnl|TC-DB|P33026|2.A.1.20.2	85.8	393	56	0	1	393	1	393	1.1e-191	665.6
BCW-200270_02749	gnl|TC-DB|E9RJ18|3.A.7.13.2	36.1	108	58	4	83	180	254	360	6.2e-12	67.4
BCW-200270_02751	gnl|TC-DB|P33913|3.A.1.5.21	79.4	598	122	1	1	597	1	598	2.9e-297	1016.9
BCW-200270_02752	gnl|TC-DB|P0AFU1|3.A.1.5.21	92.3	364	28	0	1	364	1	364	4.4e-192	666.8
BCW-200270_02753	gnl|TC-DB|P33915|3.A.1.5.21	86.5	341	46	0	1	341	1	341	3.3e-157	550.8
BCW-200270_02754	gnl|TC-DB|P33916|3.A.1.5.21	81.2	528	99	0	1	528	1	528	2.3e-242	834.3
BCW-200270_02756	gnl|TC-DB|P28246|2.A.1.2.7	88.9	395	44	0	1	395	1	395	9.8e-193	669.1
BCW-200270_02767	gnl|TC-DB|Q1J2S8|2.A.53.3.13	48.6	370	187	2	28	397	23	389	3.7e-86	315.1
BCW-200270_02768	gnl|TC-DB|Q5SMG8|1.A.26.1.2	29.8	339	235	2	141	477	110	447	6.1e-40	161.8
BCW-200270_02769	gnl|TC-DB|P33941|3.A.1.113.3	88.7	547	62	0	1	547	1	547	1.1e-276	948.3
BCW-200270_02773	gnl|TC-DB|D6QLX8|1.B.1.1.19	78.4	380	65	4	1	376	1	367	1.1e-169	592.4
BCW-200270_02782	gnl|TC-DB|P08194|2.A.1.4.3	94.3	421	24	0	1	421	1	421	5.4e-240	826.2
BCW-200270_02787	gnl|TC-DB|Q8XE01|1.B.68.1.1	78.9	180	38	0	1	180	8	187	1.5e-84	308.5
BCW-200270_02798	gnl|TC-DB|P0AFF0|3.D.1.1.1	91.5	485	41	0	1	485	1	485	1.9e-243	837.8
BCW-200270_02799	gnl|TC-DB|P0AFE8|3.D.1.1.1	92.3	509	39	0	1	509	1	509	1.4e-273	937.9
BCW-200270_02800	gnl|TC-DB|P33607|3.D.1.1.1	92.8	613	44	0	1	613	1	613	0.0e+00	1121.7
BCW-200270_02801	gnl|TC-DB|P0AFE4|3.D.1.1.1	95.0	100	5	0	1	100	1	100	8.6e-29	122.5
BCW-200270_02802	gnl|TC-DB|P0AFE0|3.D.1.1.1	95.7	184	8	0	1	184	1	184	5.1e-88	320.1
BCW-200270_02803	gnl|TC-DB|P0AFD6|3.D.1.1.1	97.8	180	4	0	1	180	1	180	4.1e-90	327.0
BCW-200270_02804	gnl|TC-DB|P0AFD4|3.D.1.1.1	95.7	325	14	0	1	325	1	325	9.5e-178	619.0
BCW-200270_02805	gnl|TC-DB|P33602|3.D.1.1.1	91.0	907	82	0	1	907	1	907	0.0e+00	1701.8
BCW-200270_02806	gnl|TC-DB|P31979|3.D.1.1.1	96.0	445	18	0	1	445	1	445	3.8e-262	899.8
BCW-200270_02807	gnl|TC-DB|P0AFD1|3.D.1.1.1	94.6	166	9	0	1	166	1	166	2.0e-91	331.3
BCW-200270_02808	gnl|TC-DB|P33599|3.D.1.1.1	93.1	596	40	1	5	599	1	596	0.0e+00	1168.7
BCW-200270_02809	gnl|TC-DB|P0AFC7|3.D.1.1.1	96.0	224	5	1	1	224	1	220	1.3e-125	445.3
BCW-200270_02810	gnl|TC-DB|P0AFC3|3.D.1.1.1	91.2	147	12	1	1	146	1	147	2.9e-70	260.8
BCW-200270_02814	gnl|TC-DB|P0AFU2|2.A.47.4.8	87.4	610	77	0	1	610	1	610	4.1e-299	1023.1
BCW-200270_02822	gnl|TC-DB|B7LDR9|4.A.7.1.2	63.7	410	148	1	12	421	10	418	6.5e-148	520.4
BCW-200270_02823	gnl|TC-DB|B7LDS2|4.A.7.1.2	42.4	85	47	1	1	83	1	85	5.0e-12	66.6
BCW-200270_02824	gnl|TC-DB|B7LDS1|4.A.7.1.2	46.3	147	79	0	1	147	1	147	9.9e-34	139.4
BCW-200270_02828	gnl|TC-DB|B7LBF5|1.A.12.3.2	74.3	214	55	0	13	226	1	214	1.4e-90	328.9
BCW-200270_02833	gnl|TC-DB|P07109|3.A.1.3.29	92.2	257	20	0	1	257	1	257	9.0e-131	462.6
BCW-200270_02834	gnl|TC-DB|P0AEU3|3.A.1.3.29	91.9	236	19	0	1	236	1	236	3.5e-121	430.6
BCW-200270_02835	gnl|TC-DB|P0A2I9|3.A.1.3.1	92.5	228	17	0	1	228	1	228	3.7e-112	400.6
BCW-200270_02836	gnl|TC-DB|P0AEU0|3.A.1.3.29	92.7	260	19	0	1	260	1	260	2.7e-135	477.6
BCW-200270_02837	gnl|TC-DB|P09551|3.A.1.3.1	90.0	260	26	0	1	260	1	260	9.1e-131	462.6
BCW-200270_02840	gnl|TC-DB|P08550|9.B.160.1.16	93.8	161	10	0	1	161	1	161	2.0e-80	294.7
BCW-200270_02844	gnl|TC-DB|P0ABP6|9.B.27.2.3	88.1	219	26	0	1	219	1	219	3.5e-107	384.0
BCW-200270_02853	gnl|TC-DB|P0AD30|2.A.102.3.1	88.5	269	31	0	1	269	1	269	3.2e-131	464.2
BCW-200270_02862	gnl|TC-DB|P10384|1.B.9.1.1	75.1	457	90	6	1	444	1	446	1.2e-196	682.2
BCW-200270_02863	gnl|TC-DB|P76506|3.A.1.27.3	85.3	251	36	1	1	250	1	251	8.7e-131	462.6
BCW-200270_02864	gnl|TC-DB|P37327|1.A.16.4.1	84.4	307	48	0	4	310	1	307	7.8e-145	509.6
BCW-200270_02878	gnl|TC-DB|Q6EE14|3.A.23.2.1	43.3	448	235	5	455	886	416	860	3.8e-91	332.8
BCW-200270_02885	gnl|TC-DB|B3XQE5|9.B.33.1.2	30.6	589	359	13	7	560	3	576	1.3e-68	257.3
BCW-200270_02888	gnl|TC-DB|H5KWQ5|2.A.49.7.1	80.9	408	78	0	1	408	1	408	5.2e-181	630.2
BCW-200270_02890	gnl|TC-DB|P63144|8.A.5.1.3	36.4	327	193	10	13	330	71	391	1.4e-46	183.3
BCW-200270_02892	gnl|TC-DB|P0A769|2.A.55.3.1	91.0	412	37	0	1	412	1	412	2.6e-204	707.6
BCW-200270_02893	gnl|TC-DB|P0AFF2|2.A.41.1.1	95.0	400	15	1	1	395	1	400	3.2e-196	680.6
BCW-200270_02904	gnl|TC-DB|P45562|2.A.1.10.2	77.5	418	94	0	1	418	1	418	3.8e-187	650.6
BCW-200270_02908	gnl|TC-DB|P39836|2.A.28.3.4	89.2	332	35	1	1	331	1	332	5.7e-162	566.6
BCW-200270_02912	gnl|TC-DB|P0A6J3|2.A.121.1.1	89.3	253	27	0	1	253	1	253	3.1e-136	480.7
BCW-200270_02914	gnl|TC-DB|P0AA04|8.A.8.1.1	100.0	85	0	0	1	85	1	85	1.4e-40	161.4
BCW-200270_02915	gnl|TC-DB|P08839|8.A.7.1.1	96.2	575	22	0	1	575	1	575	1.8e-309	1057.4
BCW-200270_02916	gnl|TC-DB|P69783|4.A.1.1.1	98.8	169	2	0	1	169	1	169	2.8e-88	320.9
BCW-200270_02919	gnl|TC-DB|P16676|3.A.1.6.1	91.5	365	30	1	1	364	1	365	4.7e-194	673.3
BCW-200270_02920	gnl|TC-DB|P0AEB0|3.A.1.6.1	93.5	291	19	0	1	291	1	291	3.2e-153	537.3
BCW-200270_02921	gnl|TC-DB|P16701|3.A.1.6.1	97.1	277	8	0	1	277	1	277	9.0e-145	509.2
BCW-200270_02922	gnl|TC-DB|P16700|3.A.1.6.1	92.0	337	26	1	1	336	1	337	4.3e-181	630.2
BCW-200270_02925	gnl|TC-DB|P76538|9.B.127.1.1	77.1	144	33	0	1	144	1	144	2.1e-63	238.0
BCW-200270_02934	gnl|TC-DB|Q5P036|5.A.3.11.1	31.1	161	82	6	5	141	5	160	4.5e-17	86.3
BCW-200270_02936	gnl|TC-DB|P24177|2.A.6.2.7	91.6	1037	87	0	1	1037	1	1037	0.0e+00	1827.8
BCW-200270_02944	gnl|TC-DB|P0A903|1.B.33.1.3	86.3	344	47	0	1	344	1	344	1.5e-170	595.1
BCW-200270_02948	gnl|TC-DB|P0AFI9|2.A.86.1.1	91.8	353	29	0	1	353	1	353	1.5e-165	578.6
BCW-200270_02952	gnl|TC-DB|Q72XQ0|4.A.3.2.8	43.5	430	234	4	4	424	1	430	2.9e-89	325.5
BCW-200270_02957	gnl|TC-DB|P0AGM7|2.A.40.1.1	91.5	425	36	0	1	425	1	425	9.8e-215	742.3
BCW-200270_02959	gnl|TC-DB|Q9UEF7|8.A.49.1.1	29.1	485	289	17	4	473	61	505	5.9e-43	171.8
BCW-200270_02965	gnl|TC-DB|P64545|9.B.209.1.1	67.9	53	17	0	1	53	7	59	9.4e-17	81.6
BCW-200270_02967	gnl|TC-DB|Q9L223|2.A.1.70.1	27.9	369	249	6	1	356	13	377	1.4e-21	100.5
BCW-200270_02969	gnl|TC-DB|P94488|2.A.2.3.2	34.4	468	278	8	15	480	8	448	5.3e-68	255.0
BCW-200270_02970	gnl|TC-DB|Q8VRK4|3.A.11.1.3	30.0	233	153	5	91	321	56	280	3.8e-15	79.3
BCW-200270_02976	gnl|TC-DB|P71187|3.A.7.4.1	47.4	228	119	1	13	240	18	244	5.0e-55	211.8
BCW-200270_02978	gnl|TC-DB|P71185|3.A.7.4.1	60.0	250	99	1	15	264	6	254	1.1e-56	216.5
BCW-200270_02992	gnl|TC-DB|P77774|1.B.33.1.3	85.2	392	58	0	1	392	1	392	8.5e-173	602.8
BCW-200270_03001	gnl|TC-DB|Q57071|4.A.1.1.13	38.0	502	290	8	2	500	3	486	9.3e-87	317.4
BCW-200270_03009	gnl|TC-DB|P44669|9.A.41.1.1	67.4	617	199	2	1	616	1	616	5.1e-225	776.9
BCW-200270_03017	gnl|TC-DB|D7A5Z9|2.A.113.1.7	32.3	288	177	5	3	284	5	280	1.6e-28	123.2
BCW-200270_03020	gnl|TC-DB|Q47142|2.A.1.27.1	80.8	375	72	0	1	375	1	375	1.1e-177	619.0
BCW-200270_03025	gnl|TC-DB|Q9KN48|3.A.23.1.1	43.7	261	136	1	109	369	176	425	3.3e-56	215.7
BCW-200270_03032	gnl|TC-DB|P77272|4.A.1.2.7	37.9	472	259	14	2	447	4	467	4.2e-67	251.9
BCW-200270_03048	gnl|TC-DB|F9VN10|3.D.10.1.4	35.1	541	313	15	10	526	7	533	7.5e-71	264.6
BCW-200270_03050	gnl|TC-DB|P38919|3.A.18.1.1	34.0	362	234	3	5	366	39	395	4.0e-54	208.8
BCW-200270_03069	gnl|TC-DB|P25743|2.A.95.1.7	87.9	215	26	0	1	215	1	215	2.6e-99	357.8
BCW-200270_03070	gnl|TC-DB|P23843|3.A.1.5.41	82.9	544	92	1	1	544	1	543	1.1e-279	958.4
BCW-200270_03071	gnl|TC-DB|P0AFH2|3.A.1.5.41	94.8	306	16	0	1	306	1	306	3.7e-147	517.3
BCW-200270_03072	gnl|TC-DB|P08006|3.A.1.5.1	95.7	302	13	0	1	302	1	302	6.8e-138	486.5
BCW-200270_03073	gnl|TC-DB|P76027|3.A.1.5.41	90.5	337	32	0	1	337	1	337	1.0e-174	609.0
BCW-200270_03074	gnl|TC-DB|P08007|3.A.1.5.1	95.2	334	16	0	1	334	1	334	2.1e-188	654.4
BCW-200270_03075	gnl|TC-DB|Q1D027|1.A.1.24.3	41.5	270	144	6	8	273	13	272	4.2e-41	164.9
BCW-200270_03078	gnl|TC-DB|P76249|2.A.76.1.5	73.3	210	56	0	1	210	1	210	2.0e-80	295.0
BCW-200270_03081	gnl|TC-DB|L0LHM3|2.A.7.31.3	35.3	275	177	1	1	274	1	275	4.6e-40	161.4
BCW-200270_03084	gnl|TC-DB|P02929|2.C.1.1.1	70.3	239	71	0	4	242	1	239	9.2e-53	203.4
BCW-200270_03094	gnl|TC-DB|F4SWK5|1.E.5.2.5	78.6	103	22	0	1	103	1	103	8.4e-43	169.1
BCW-200270_03096	gnl|TC-DB|P00726|1.M.1.1.1	52.8	142	66	1	14	154	11	152	1.9e-30	128.6
BCW-200270_03103	gnl|TC-DB|B9DIS8|9.B.97.5.1	30.8	360	217	14	1	331	16	372	2.3e-31	133.7
BCW-200270_03109	gnl|TC-DB|P0A915|1.B.39.1.6	80.2	212	41	1	1	211	1	212	9.7e-99	355.9
BCW-200270_03117	gnl|TC-DB|P31064|9.B.102.1.1	89.9	396	40	0	1	396	1	396	1.5e-212	734.9
BCW-200270_03130	gnl|TC-DB|Q07711|3.A.7.7.1	23.8	579	383	17	82	622	79	637	2.5e-28	124.0
BCW-200270_03145	gnl|TC-DB|D4ZZR3|9.B.34.1.3	28.5	179	107	3	229	394	225	395	1.1e-15	81.6
BCW-200270_03151	gnl|TC-DB|P0AAH8|3.A.1.5.42	93.7	268	17	0	1	268	1	268	2.2e-140	494.6
BCW-200270_03152	gnl|TC-DB|P36636|3.A.1.5.5	93.3	330	22	0	1	330	1	330	8.1e-185	642.5
BCW-200270_03153	gnl|TC-DB|P0AGH5|3.A.1.5.42	88.9	296	33	0	1	296	1	296	1.5e-150	528.5
BCW-200270_03154	gnl|TC-DB|P0A2J3|3.A.1.5.5	89.1	321	35	0	1	321	1	321	8.5e-163	569.3
BCW-200270_03155	gnl|TC-DB|P36634|3.A.1.5.5	88.9	549	58	2	1	546	1	549	3.8e-288	986.5
BCW-200270_03156	gnl|TC-DB|Q9KN48|3.A.23.1.1	42.3	227	130	1	8	234	193	418	1.4e-43	173.3
BCW-200270_03157	gnl|TC-DB|E8XKQ3|9.B.100.1.1	89.2	222	24	0	1	222	1	222	7.8e-99	356.3
BCW-200270_03162	gnl|TC-DB|P76042|3.A.1.1.46	72.6	424	116	0	6	429	6	429	3.2e-181	630.9
BCW-200270_03163	gnl|TC-DB|P0AFR7|3.A.1.1.46	87.4	293	37	0	1	293	1	293	5.2e-143	503.4
BCW-200270_03164	gnl|TC-DB|P77716|3.A.1.1.46	92.5	280	21	0	1	280	1	280	5.5e-142	500.0
BCW-200270_03170	gnl|TC-DB|P77481|3.A.1.1.46	82.2	360	64	0	1	360	1	360	1.9e-166	581.6
BCW-200270_03171	gnl|TC-DB|P76045|1.B.21.1.1	67.8	304	95	3	1	304	1	301	7.1e-127	449.9
BCW-200270_03175	gnl|TC-DB|Q9KN48|3.A.23.1.1	42.2	225	123	1	206	423	193	417	9.1e-42	167.9
BCW-200270_03179	gnl|TC-DB|P77348|3.A.1.5.1	87.0	538	69	1	1	538	1	537	1.0e-285	978.4
BCW-200270_03180	gnl|TC-DB|D4ZZR3|9.B.34.1.3	40.7	167	93	3	247	407	227	393	1.2e-28	124.0
BCW-200270_03181	gnl|TC-DB|P76330|9.B.34.1.4	31.8	217	140	4	203	415	344	556	2.6e-18	90.5
BCW-200270_03182	gnl|TC-DB|M3JA40|1.B.52.2.1	28.7	174	110	2	198	357	287	460	3.5e-14	75.9
BCW-200270_03183	gnl|TC-DB|Q9EYX5|1.A.35.4.1	86.2	327	45	0	1	327	1	327	6.4e-166	579.7
BCW-200270_03184	gnl|TC-DB|P38919|3.A.18.1.1	33.3	354	231	4	22	373	57	407	1.7e-55	213.4
BCW-200270_03186	gnl|TC-DB|P76330|9.B.34.1.4	31.0	155	103	2	164	314	398	552	6.1e-12	68.2
BCW-200270_03194	gnl|TC-DB|P0ABK2|3.D.4.3.2	29.4	364	214	10	5	329	7	366	1.1e-30	130.6
BCW-200270_03198	gnl|TC-DB|P76108|3.A.1.11.9	90.8	381	35	0	1	381	1	381	4.3e-214	740.0
BCW-200270_03199	gnl|TC-DB|P77795|3.A.1.11.9	82.2	337	60	0	1	337	1	337	2.1e-159	558.1
BCW-200270_03200	gnl|TC-DB|P77156|3.A.1.11.9	89.1	304	33	0	11	314	10	313	1.1e-151	532.3
BCW-200270_03201	gnl|TC-DB|P0AFR9|3.A.1.11.9	89.3	262	28	0	1	262	1	262	2.2e-132	468.0
BCW-200270_03207	gnl|TC-DB|M3JA40|1.B.52.2.1	38.4	172	92	2	354	511	287	458	4.1e-16	82.8
BCW-200270_03217	gnl|TC-DB|P33950|3.A.1.5.27	49.0	535	258	3	5	525	4	537	1.9e-143	505.8
BCW-200270_03219	gnl|TC-DB|P76111|2.A.7.21.2	83.9	149	24	0	1	149	1	149	5.1e-62	233.4
BCW-200270_03225	gnl|TC-DB|P76115|1.B.14.9.5	77.3	704	156	2	25	728	1	700	0.0e+00	1136.3
BCW-200270_03227	gnl|TC-DB|P40812|2.A.3.1.8	90.3	487	47	0	1	487	1	487	1.5e-254	874.8
BCW-200270_03236	gnl|TC-DB|Q9F3K5|3.A.1.3.24	27.9	244	151	7	78	304	82	317	1.0e-16	84.0
BCW-200270_03238	gnl|TC-DB|Q9F3K6|3.A.1.3.24	40.2	276	158	3	5	280	21	289	5.3e-45	177.9
BCW-200270_03239	gnl|TC-DB|Q9F3K7|3.A.1.3.24	58.2	249	104	0	9	257	5	253	5.0e-81	297.4
BCW-200270_03248	gnl|TC-DB|P77757|4.D.2.1.8	81.9	326	55	1	1	326	1	322	5.6e-154	540.0
BCW-200270_03251	gnl|TC-DB|G8LJX5|9.B.142.2.2	62.7	550	202	3	1	549	1	548	4.3e-207	717.2
BCW-200270_03252	gnl|TC-DB|P81891|2.A.7.22.2	58.3	108	41	1	4	107	4	111	1.9e-26	114.8
BCW-200270_03253	gnl|TC-DB|P76474|2.A.7.22.1	45.6	125	68	0	2	126	1	125	2.4e-20	94.7
BCW-200270_03255	gnl|TC-DB|Q8TZQ3|3.A.1.1.16	52.1	213	100	1	5	215	4	216	2.4e-58	221.9
BCW-200270_03256	gnl|TC-DB|A3N294|3.A.1.20.3	28.6	339	201	13	13	316	6	338	2.3e-22	102.8
BCW-200270_03257	gnl|TC-DB|Q9KLQ6|3.A.1.20.2	25.1	541	391	8	5	539	147	679	1.7e-25	114.0
BCW-200270_03260	gnl|TC-DB|P37594|2.A.1.3.14	78.0	491	108	0	1	491	1	491	1.9e-190	661.8
BCW-200270_03264	gnl|TC-DB|P07238|1.B.1.1.5	69.8	364	103	4	1	359	4	365	1.6e-141	498.8
BCW-200270_03265	gnl|TC-DB|V2FAS1|2.A.7.17.1	72.0	293	82	0	1	293	1	293	3.3e-121	431.0
BCW-200270_03266	gnl|TC-DB|P24183|5.A.3.2.1	94.4	195	11	0	1	195	1	195	1.5e-106	381.7
BCW-200270_03267	gnl|TC-DB|P24183|5.A.3.2.1	90.3	803	78	0	1	803	213	1015	0.0e+00	1534.6
BCW-200270_03268	gnl|TC-DB|P0AAJ3|5.A.3.2.1	89.1	294	32	0	1	294	1	294	4.4e-166	580.1
BCW-200270_03269	gnl|TC-DB|P0AEK7|5.A.3.2.1	87.1	217	28	0	1	217	1	217	1.9e-110	394.8
BCW-200270_03271	gnl|TC-DB|P23910|2.A.1.2.14	71.1	388	110	1	1	388	1	386	9.7e-145	509.6
BCW-200270_03273	gnl|TC-DB|P39115|3.A.1.121.3	29.8	506	293	13	1	479	1	471	3.5e-50	196.1
BCW-200270_03285	gnl|TC-DB|P76628|2.A.1.36.3	38.6	378	229	3	13	389	8	383	1.6e-57	219.9
BCW-200270_03294	gnl|TC-DB|917745143|1.C.75.1.2	33.8	3160	1404	42	1	2531	1	3100	1.0e-312	1070.5
BCW-200270_03295	gnl|TC-DB|Q9JY22|1.B.20.1.5	36.2	556	328	9	28	558	27	580	6.3e-97	351.3
BCW-200270_03306	gnl|TC-DB|P08470|4.A.1.2.1	93.2	456	31	0	1	456	1	456	3.6e-239	823.5
BCW-200270_03307	gnl|TC-DB|P22340|1.B.3.1.2	73.7	505	133	0	1	505	1	505	8.5e-210	726.1
BCW-200270_03313	gnl|TC-DB|B2N0W4|1.A.46.2.6	81.6	304	56	0	1	304	18	321	4.3e-140	493.8
BCW-200270_03317	gnl|TC-DB|Q1J0W6|9.B.34.1.1	29.5	278	157	8	101	348	77	345	5.0e-15	78.6
BCW-200270_03318	gnl|TC-DB|P76330|9.B.34.1.4	35.8	179	105	5	292	464	386	560	8.3e-21	98.2
BCW-200270_03321	gnl|TC-DB|M3JA40|1.B.52.2.1	40.0	115	62	2	423	537	287	394	1.0e-12	71.6
BCW-200270_03327	gnl|TC-DB|P31122|2.A.1.2.15	88.1	394	47	0	1	394	1	394	8.0e-187	649.4
BCW-200270_03328	gnl|TC-DB|P0AEY1|2.A.95.1.1	89.1	221	24	0	1	221	1	221	1.2e-102	369.0
BCW-200270_03332	gnl|TC-DB|P31125|2.A.7.3.2	83.5	297	49	0	1	297	1	297	3.5e-134	474.2
BCW-200270_03333	gnl|TC-DB|P31126|2.A.1.2.55	68.7	390	121	1	1	390	1	389	3.0e-149	524.6
BCW-200270_03334	gnl|TC-DB|O05703|3.A.1.15.3	53.8	182	84	0	32	213	320	501	4.5e-51	197.6
BCW-200270_03335	gnl|TC-DB|Q9L3S2|3.A.1.4.4	49.3	215	107	2	14	227	4	217	1.8e-50	195.7
BCW-200270_03336	gnl|TC-DB|Q8NRV8|3.A.1.4.5	41.7	240	136	3	25	264	3	238	9.5e-43	170.2
BCW-200270_03337	gnl|TC-DB|Q9L3S4|3.A.1.4.4	42.8	311	175	2	45	353	30	339	1.9e-62	236.1
BCW-200270_03338	gnl|TC-DB|Q8NRW0|3.A.1.4.5	42.2	294	164	2	228	521	4	291	3.2e-58	222.6
BCW-200270_03339	gnl|TC-DB|Q8NRW1|3.A.1.4.5	46.7	377	185	7	27	403	49	409	6.1e-92	334.3
BCW-200270_03346	gnl|TC-DB|P76103|2.A.46.1.9	70.7	375	110	0	9	383	9	383	3.0e-146	514.6
BCW-200270_03350	gnl|TC-DB|P33950|3.A.1.5.27	52.1	516	246	1	14	529	30	544	1.7e-160	562.4
BCW-200270_03353	gnl|TC-DB|P25396|2.A.16.1.1	81.5	329	61	0	6	334	2	330	1.3e-153	538.9
BCW-200270_03357	gnl|TC-DB|P09551|3.A.1.3.1	45.3	245	134	0	5	249	9	253	6.3e-60	227.3
BCW-200270_03359	gnl|TC-DB|Q56111|1.B.1.1.22	76.8	384	82	3	1	378	1	383	5.5e-169	590.1
BCW-200270_03370	gnl|TC-DB|P0C0L7|2.A.1.6.4	41.1	428	240	5	23	440	22	447	1.1e-91	333.6
BCW-200270_03378	gnl|TC-DB|P27303|8.A.1.1.1	32.3	316	192	6	47	355	47	347	5.3e-28	121.7
BCW-200270_03379	gnl|TC-DB|Q6V6X7|2.A.6.2.18	34.6	462	286	6	10	458	10	468	3.3e-59	225.7
BCW-200270_03400	gnl|TC-DB|C5IZH0|2.A.6.2.47	91.6	391	33	0	1	391	1	391	9.0e-199	689.1
BCW-200270_03401	gnl|TC-DB|C5IZH1|2.A.6.2.47	96.3	1050	39	0	1	1050	1	1050	0.0e+00	1931.8
BCW-200270_03404	gnl|TC-DB|Q9S3J9|2.A.1.2.18	29.8	382	266	2	5	385	3	383	6.5e-40	161.4
BCW-200270_03411	gnl|TC-DB|P36554|2.A.1.3.26	81.4	469	87	0	1	469	1	469	1.1e-216	748.8
BCW-200270_03412	gnl|TC-DB|P76399|2.A.6.2.12	91.7	1025	85	0	1	1025	1	1025	0.0e+00	1793.5
BCW-200270_03413	gnl|TC-DB|P76398|2.A.6.2.12	90.3	1040	101	0	1	1040	1	1040	0.0e+00	1759.2
BCW-200270_03414	gnl|TC-DB|P76397|8.A.1.6.2	85.9	377	53	0	35	411	39	415	1.0e-176	615.9
BCW-200270_03417	gnl|TC-DB|Q1J0W6|9.B.34.1.1	34.1	164	96	4	683	845	190	342	1.8e-13	75.1
BCW-200270_03420	gnl|TC-DB|P28249|9.B.22.2.1	66.6	617	204	2	1	615	1	617	1.5e-240	828.6
BCW-200270_03421	gnl|TC-DB|L5DDD7|2.A.109.2.3	86.9	527	69	0	1	527	370	896	4.2e-260	893.3
BCW-200270_03422	gnl|TC-DB|P0A930|1.B.18.3.1	92.3	379	29	0	1	379	1	379	9.6e-206	712.2
BCW-200270_03424	gnl|TC-DB|P76387|8.A.3.3.2	86.2	720	99	0	1	720	1	720	0.0e+00	1209.5
BCW-200270_03438	gnl|TC-DB|G0CIY2|9.B.18.1.1	38.8	464	259	9	19	464	28	484	1.3e-82	303.5
BCW-200270_03439	gnl|TC-DB|P77377|2.A.66.2.7	89.2	492	53	0	1	492	1	492	2.7e-240	827.4
BCW-200270_03472	gnl|TC-DB|P0AA47|2.A.3.1.14	86.7	452	60	0	1	452	1	452	1.1e-227	785.4
BCW-200270_03476	gnl|TC-DB|P33011|2.A.85.7.1	75.0	352	88	0	1	352	1	352	7.6e-157	549.7
BCW-200270_03479	gnl|TC-DB|D5CJ69|2.A.66.1.22	93.9	462	28	0	1	462	1	462	1.2e-248	855.1
BCW-200270_03483	gnl|TC-DB|P76350|2.A.1.6.6	89.9	436	44	0	1	436	1	436	6.7e-227	782.7
BCW-200270_03486	gnl|TC-DB|Q9KRG9|2.A.6.2.38	47.5	1011	529	2	3	1012	22	1031	1.6e-271	932.2
BCW-200270_03487	gnl|TC-DB|Q2FD71|2.A.6.2.40	22.5	378	249	11	7	354	9	372	1.1e-12	70.9
BCW-200270_03490	gnl|TC-DB|D5C355|3.A.3.2.29	48.9	891	444	6	14	897	13	899	1.8e-226	782.3
BCW-200270_03498	gnl|TC-DB|P39414|2.A.47.3.3	51.0	473	232	0	29	501	13	485	4.3e-137	484.6
BCW-200270_03504	gnl|TC-DB|P77747|1.B.1.1.21	78.8	378	72	2	1	371	1	377	3.5e-176	614.0
BCW-200270_03508	gnl|TC-DB|p0aa70|2.A.7.3.22	86.6	298	40	0	1	298	1	298	3.5e-142	500.7
BCW-200270_03511	gnl|TC-DB|P76330|9.B.34.1.4	59.2	559	224	3	1	556	1	558	7.6e-191	663.3
BCW-200270_03516	gnl|TC-DB|P54702|3.A.6.2.1	71.6	264	75	0	1	264	1	264	9.0e-102	366.3
BCW-200270_03517	gnl|TC-DB|P0A1L5|3.A.6.2.1	87.6	89	11	0	1	89	1	89	3.8e-36	146.7
BCW-200270_03518	gnl|TC-DB|P54700|3.A.6.2.1	91.8	245	20	0	1	245	1	245	3.2e-117	417.5
BCW-200270_03519	gnl|TC-DB|P0A1L1|3.A.6.2.1	70.2	124	37	0	1	124	2	125	1.0e-39	159.1
BCW-200270_03520	gnl|TC-DB|P26419|3.A.6.2.1	94.2	137	8	0	1	137	1	137	4.1e-66	246.9
BCW-200270_03525	gnl|TC-DB|P26465|3.A.6.2.1	92.5	456	34	0	1	456	1	456	1.4e-240	828.2
BCW-200270_03526	gnl|TC-DB|P15934|3.A.6.2.1	86.9	236	30	1	1	236	1	235	1.1e-71	266.2
BCW-200270_03528	gnl|TC-DB|P15928|3.A.6.2.1	83.2	561	93	1	1	561	1	560	4.6e-257	883.2
BCW-200270_03544	gnl|TC-DB|P0AEM9|3.A.1.3.10	92.5	266	20	0	20	285	1	266	1.9e-137	485.0
BCW-200270_03546	gnl|TC-DB|P0AFT2|3.A.1.3.10	92.8	222	16	0	1	222	1	222	2.0e-110	394.8
BCW-200270_03547	gnl|TC-DB|P37774|3.A.1.3.10	90.3	248	24	0	1	248	1	248	1.0e-123	439.1
BCW-200270_03553	gnl|TC-DB|K0WKG7|4.F.1.1.8	60.3	174	67	1	4	175	2	175	1.0e-51	199.5
BCW-200270_03560	gnl|TC-DB|P22731|3.A.1.4.1	58.2	237	99	0	1	237	1	237	3.3e-71	264.6
BCW-200270_03561	gnl|TC-DB|P0A9S7|3.A.1.4.1	51.6	283	107	2	1	283	1	253	5.1e-74	274.2
BCW-200270_03562	gnl|TC-DB|P21628|3.A.1.4.8	52.3	415	182	6	12	418	4	410	1.6e-103	372.9
BCW-200270_03563	gnl|TC-DB|P0AEX7|3.A.1.4.1	56.0	302	132	1	4	304	7	308	2.7e-86	315.1
BCW-200270_03564	gnl|TC-DB|P0AD96|3.A.1.4.1	41.9	363	202	5	13	371	8	365	7.2e-81	297.4
BCW-200270_03566	gnl|TC-DB|P0AAD4|2.A.42.1.1	84.6	403	62	0	1	403	1	403	1.0e-189	659.1
BCW-200270_03574	gnl|TC-DB|P31474|2.A.1.3.51	33.0	469	309	3	5	473	1	464	2.1e-72	269.6
BCW-200270_03576	gnl|TC-DB|P0ABN9|2.A.13.1.2	54.5	446	199	1	1	446	2	443	9.4e-136	479.9
BCW-200270_03579	gnl|TC-DB|P02924|3.A.1.2.2	94.5	329	18	0	1	329	1	329	1.3e-179	625.2
BCW-200270_03580	gnl|TC-DB|P0AAF3|3.A.1.2.2	89.3	504	54	0	1	504	1	504	4.2e-265	909.8
BCW-200270_03581	gnl|TC-DB|P0AE26|3.A.1.2.2	92.4	328	23	1	1	326	1	328	1.7e-147	518.5
BCW-200270_03587	gnl|TC-DB|P09348|1.A.30.1.1	91.5	295	25	0	1	295	1	295	2.3e-146	514.6
BCW-200270_03588	gnl|TC-DB|P0AF06|1.A.30.1.1	81.6	309	56	1	1	309	1	308	4.2e-143	503.8
BCW-200270_03591	gnl|TC-DB|P96603|2.A.23.1.6	35.2	412	245	6	7	410	7	404	7.4e-66	247.7
BCW-200270_03595	gnl|TC-DB|Q6XBY3|1.B.11.6.1	35.2	830	481	16	9	792	10	828	2.5e-139	492.7
BCW-200270_03597	gnl|TC-DB|M3JA40|1.B.52.2.1	49.4	87	44	0	344	430	275	361	1.0e-14	78.2
BCW-200270_03604	gnl|TC-DB|P42915|1.B.11.3.6	47.6	794	401	7	29	818	33	815	2.8e-205	711.8
BCW-200270_03607	gnl|TC-DB|P40727|3.A.6.2.1	84.6	383	58	1	1	382	1	383	1.4e-185	645.2
BCW-200270_03608	gnl|TC-DB|P40729|3.A.6.2.1	94.5	692	38	0	1	692	1	692	0.0e+00	1228.8
BCW-200270_03610	gnl|TC-DB|Q6D188|2.A.2.5.2	82.9	516	85	1	1	513	1	516	2.5e-244	840.9
BCW-200270_03614	gnl|TC-DB|P67826|9.B.158.1.2	72.7	245	67	0	1	245	1	245	4.3e-98	354.0
BCW-200270_03626	gnl|TC-DB|P39832|3.A.1.15.5	85.1	261	39	0	1	261	1	261	2.9e-113	404.4
BCW-200270_03627	gnl|TC-DB|P0A9X1|3.A.1.15.5	90.8	251	23	0	1	251	1	251	1.2e-127	452.2
BCW-200270_03628	gnl|TC-DB|P39172|3.A.1.15.5	84.7	314	44	1	1	314	1	310	7.1e-138	486.5
BCW-200270_03629	gnl|TC-DB|B7L5V2|1.A.34.1.3	41.9	210	116	2	198	407	14	217	1.7e-41	166.8
BCW-200270_03642	gnl|TC-DB|Q4KDN3|9.B.62.1.5	40.2	107	63	1	17	123	15	120	2.7e-16	81.3
BCW-200270_03643	gnl|TC-DB|P76278|9.B.62.1.4	55.5	290	129	0	1	290	1	290	3.1e-87	318.2
BCW-200270_03654	gnl|TC-DB|P23865|9.B.174.1.2	90.9	682	62	0	1	682	1	682	0.0e+00	1225.7
BCW-200270_03655	gnl|TC-DB|P23894|9.B.1.1.6	93.2	293	20	0	1	293	1	293	5.4e-148	520.0
BCW-200270_03656	gnl|TC-DB|P76269|2.A.1.3.17	82.3	457	81	0	1	457	1	457	3.5e-210	727.2
BCW-200270_03663	gnl|TC-DB|P76264|2.A.107.1.1	86.2	188	26	0	13	200	1	188	2.3e-89	324.7
BCW-200270_03665	gnl|TC-DB|P69805|4.A.6.1.1	90.8	283	26	0	1	283	4	286	7.0e-145	509.6
BCW-200270_03666	gnl|TC-DB|P69801|4.A.6.1.1	92.5	266	20	0	1	266	1	266	1.8e-129	458.4
BCW-200270_03667	gnl|TC-DB|P69797|4.A.6.1.1	89.2	323	32	1	1	320	1	323	3.3e-159	557.4
BCW-200270_03668	gnl|TC-DB|L5DDD7|2.A.109.2.3	49.6	520	245	8	1	508	370	884	1.2e-121	433.3
BCW-200270_03678	gnl|TC-DB|P69451|4.C.1.1.4	93.0	561	39	0	1	561	1	561	8.6e-312	1065.1
BCW-200270_03686	gnl|TC-DB|P0A6M2|5.A.2.1.1	75.0	176	44	0	1	176	1	176	3.1e-82	300.8
BCW-200270_03687	gnl|TC-DB|P0AFA7|2.A.34.1.1	76.5	511	119	1	1	510	1	511	8.4e-213	736.1
BCW-200270_03692	gnl|TC-DB|P76007|2.A.36.6.11	91.1	575	51	0	1	575	1	575	6.2e-297	1015.8
BCW-200270_03696	gnl|TC-DB|A6TAG3|1.E.43.1.1	68.3	82	25	1	1	82	1	81	2.2e-25	110.9
BCW-200270_03697	gnl|TC-DB|Q8G8W9|1.B.14.1.26	30.5	686	434	19	45	700	136	808	5.5e-74	275.4
BCW-200270_03700	gnl|TC-DB|P0ADL1|2.A.1.2.26	45.9	394	212	1	1	393	1	394	2.2e-83	305.8
BCW-200270_03707	gnl|TC-DB|P07658|3.D.1.9.2	30.5	308	185	7	114	415	61	345	3.5e-37	153.3
BCW-200270_03712	gnl|TC-DB|P0AFR2|2.A.53.3.11	90.5	559	53	0	1	559	1	559	1.2e-252	868.6
BCW-200270_03715	gnl|TC-DB|P61320|1.B.46.1.1	86.1	201	28	0	3	203	7	207	3.7e-103	370.5
BCW-200270_03722	gnl|TC-DB|P31801|2.A.19.1.1	88.8	366	39	1	1	364	1	366	2.1e-170	594.7
BCW-200270_03729	gnl|TC-DB|Q44292|3.A.1.16.4	38.6	409	209	11	1	376	1	400	1.2e-73	273.5
BCW-200270_03730	gnl|TC-DB|Q7BW13|3.A.1.16.2	50.4	246	118	2	48	290	15	259	8.8e-66	246.9
BCW-200270_03731	gnl|TC-DB|Q55107|3.A.1.16.3	52.5	259	121	2	3	260	1	258	3.4e-77	284.6
BCW-200270_03733	gnl|TC-DB|P77374|5.A.3.3.1	23.9	528	304	18	11	459	60	568	3.3e-17	87.0
BCW-200270_03735	gnl|TC-DB|P39165|1.B.54.1.9	63.5	436	159	0	3	438	24	459	1.4e-166	582.4
BCW-200270_03738	gnl|TC-DB|P10903|2.A.1.8.1	86.0	463	65	0	1	463	1	463	6.6e-233	802.7
BCW-200270_03739	gnl|TC-DB|P09152|5.A.3.1.1	93.5	1247	81	0	1	1247	1	1247	0.0e+00	2493.0
BCW-200270_03740	gnl|TC-DB|P11349|5.A.3.1.1	92.8	511	36	1	1	510	1	511	3.0e-295	1010.0
BCW-200270_03742	gnl|TC-DB|P11350|5.A.3.1.1	87.5	224	28	0	1	224	1	224	7.9e-115	409.5
BCW-200270_03743	gnl|TC-DB|Q7B1W8|2.A.109.1.1	82.5	338	59	0	1	338	1	338	1.0e-161	565.8
BCW-200270_03745	gnl|TC-DB|P0AFJ7|2.A.20.1.1	89.6	500	50	2	1	499	1	499	2.3e-252	867.5
BCW-200270_03746	gnl|TC-DB|P0A8S5|9.B.4.1.1	92.8	111	8	0	1	111	1	111	1.1e-56	215.3
BCW-200270_03757	gnl|TC-DB|P37642|9.B.126.1.1	83.5	339	52	1	1	339	1	335	7.9e-159	556.2
BCW-200270_03758	gnl|TC-DB|P37643|2.A.1.6.10	90.7	440	41	0	1	440	1	440	2.7e-220	760.8
BCW-200270_03759	gnl|TC-DB|P37645|9.B.121.1.1	88.0	686	82	0	1	686	1	686	0.0e+00	1221.1
BCW-200270_03763	gnl|TC-DB|P0A830|2.A.23.1.7	93.5	428	28	0	1	428	1	428	1.1e-218	755.4
BCW-200270_03765	gnl|TC-DB|P37650|1.B.55.3.1	74.1	1163	292	5	1	1160	1	1157	0.0e+00	1602.4
BCW-200270_03766	gnl|TC-DB|P37651|4.D.3.1.6	73.6	368	97	0	1	368	1	368	2.6e-168	587.8
BCW-200270_03767	gnl|TC-DB|P37652|4.D.3.1.6	76.8	796	154	3	1	796	15	779	0.0e+00	1239.9
BCW-200270_03768	gnl|TC-DB|P37653|4.D.3.1.6	87.4	872	110	0	1	872	1	872	0.0e+00	1586.2
BCW-200270_03776	gnl|TC-DB|P37650|1.B.55.3.1	31.0	284	181	6	1042	1319	861	1135	1.0e-28	125.9
BCW-200270_03777	gnl|TC-DB|P37652|4.D.3.1.6	28.3	734	494	14	39	757	61	777	2.0e-69	260.4
BCW-200270_03778	gnl|TC-DB|P37653|4.D.3.1.6	45.8	675	354	6	5	673	152	820	4.9e-171	597.8
BCW-200270_03784	gnl|TC-DB|Q9FI56|3.A.9.1.2	45.6	873	394	14	4	856	96	907	5.7e-206	714.1
BCW-200270_03787	gnl|TC-DB|P0AC02|1.B.33.1.3	95.1	245	12	0	1	245	1	245	1.2e-132	468.8
BCW-200270_03796	gnl|TC-DB|P07021|1.B.6.1.21	75.2	161	39	1	1	161	1	160	1.4e-65	245.4
BCW-200270_03803	gnl|TC-DB|P0AGD7|3.A.5.1.1	93.4	453	30	0	1	453	1	453	1.7e-233	804.7
BCW-200270_03804	gnl|TC-DB|P64432|9.B.14.3.6	87.5	263	33	0	26	288	1	263	1.4e-127	452.2
BCW-200270_03805	gnl|TC-DB|P37908|9.A.40.2.4	88.2	407	48	0	7	413	22	428	9.1e-202	699.1
BCW-200270_03809	gnl|TC-DB|P0A937|1.B.33.1.3	95.5	111	5	0	1	111	1	111	2.2e-57	217.6
BCW-200270_03823	gnl|TC-DB|Q9I2M1|3.A.1.109.4	37.7	681	420	3	40	720	42	718	2.9e-126	449.1
BCW-200270_03824	gnl|TC-DB|Q9I2M0|3.A.1.109.4	40.2	361	210	4	35	393	37	393	3.2e-66	248.8
BCW-200270_03833	gnl|TC-DB|P0ABK2|3.D.4.3.2	27.6	362	219	9	8	330	10	367	1.0e-33	140.6
BCW-200270_03838	gnl|TC-DB|Q0WCZ9|1.B.6.2.2	39.5	172	75	5	25	187	31	182	1.5e-21	99.4
BCW-200270_03845	gnl|TC-DB|P0AA78|2.A.1.14.2	42.3	416	239	1	16	430	42	457	2.4e-96	349.0
BCW-200270_03847	gnl|TC-DB|Q83XH1|3.A.1.121.4	46.2	526	282	1	1	526	1	525	8.9e-141	496.9
BCW-200270_03850	gnl|TC-DB|U5MFA1|4.A.3.2.9	35.5	425	265	3	14	432	8	429	9.2e-59	224.2
BCW-200270_03851	gnl|TC-DB|Q86Z14|8.A.49.1.2	28.5	471	281	14	4	458	80	510	1.9e-38	156.8
BCW-200270_03852	gnl|TC-DB|P80874|8.A.5.1.4	32.7	306	181	10	1	299	1	288	2.0e-32	136.3
BCW-200270_03853	gnl|TC-DB|P75788|2.A.45.2.5	79.8	366	74	0	1	366	1	366	1.9e-166	581.6
BCW-200270_03857	gnl|TC-DB|G0EBV0|1.B.6.2.10	80.3	173	31	2	1	172	1	171	4.0e-74	273.9
BCW-200270_03858	gnl|TC-DB|P0AA67|2.A.7.3.6	82.7	294	51	0	1	294	1	294	2.0e-134	474.9
BCW-200270_03860	gnl|TC-DB|P0AEQ3|3.A.1.3.2	95.2	248	11	1	1	247	1	248	1.0e-131	465.7
BCW-200270_03861	gnl|TC-DB|P0AEQ6|3.A.1.3.2	94.1	219	13	0	1	219	1	219	3.3e-110	394.0
BCW-200270_03862	gnl|TC-DB|P10346|3.A.1.3.2	96.2	240	9	0	1	240	1	240	7.8e-129	456.1
BCW-200270_03863	gnl|TC-DB|P75783|1.A.23.3.2	81.8	741	131	1	1	737	1	741	0.0e+00	1171.4
BCW-200270_03870	gnl|TC-DB|O00571|1.I.1.1.3	42.4	389	202	7	2	369	181	568	5.8e-72	268.1
BCW-200270_03873	gnl|TC-DB|P75777|3.A.1.105.15	62.8	331	123	0	1	331	2	332	4.9e-89	324.3
BCW-200270_03874	gnl|TC-DB|P0A9U1|3.A.1.105.15	89.8	578	59	0	1	578	1	578	1.2e-305	1044.6
BCW-200270_03875	gnl|TC-DB|C6EIY9|3.A.1.105.15	88.6	377	43	0	1	377	1	377	3.2e-185	644.0
BCW-200270_03876	gnl|TC-DB|P0AFP9|3.A.1.105.15	93.2	367	25	0	1	367	1	367	2.8e-194	674.1
BCW-200270_03877	gnl|TC-DB|P0AAW6|9.B.15.1.1	80.0	135	27	0	1	135	1	135	1.5e-55	211.8
BCW-200270_03880	gnl|TC-DB|P75770|4.D.2.4.3	88.1	318	38	0	1	318	1	318	5.3e-157	550.1
BCW-200270_03881	gnl|TC-DB|P0AAC4|1.A.14.2.2	86.4	235	31	1	1	235	1	234	1.7e-104	375.2
BCW-200270_03889	gnl|TC-DB|Q9L3S2|3.A.1.4.4	34.2	219	134	5	15	230	5	216	1.2e-25	113.2
BCW-200270_03903	gnl|TC-DB|P09833|3.A.1.8.1	87.5	351	44	0	1	351	1	351	3.0e-177	617.5
BCW-200270_03904	gnl|TC-DB|P0AF01|3.A.1.8.1	91.7	229	19	0	1	229	1	229	2.3e-114	407.9
BCW-200270_03905	gnl|TC-DB|P37329|3.A.1.8.1	82.7	255	44	0	1	255	1	255	1.8e-118	421.8
BCW-200270_03906	gnl|TC-DB|A6T6J1|2.A.6.2.49	79.6	49	10	0	1	49	1	49	5.9e-15	75.5
BCW-200270_03908	gnl|TC-DB|A7BAX2|3.A.1.26.3	27.5	495	295	18	10	474	246	706	1.8e-23	107.1
BCW-200270_03916	gnl|TC-DB|P75757|2.A.4.1.4	78.3	313	66	1	1	311	1	313	9.8e-140	492.7
BCW-200270_03917	gnl|TC-DB|P24520|4.B.1.1.1	86.6	239	32	0	1	239	1	239	1.7e-115	411.8
BCW-200270_03924	gnl|TC-DB|P45955|2.C.1.2.1	87.4	190	24	0	1	190	1	190	3.7e-71	264.6
BCW-200270_03925	gnl|TC-DB|C6EJJ6|2.C.1.2.1	96.0	174	5	2	1	173	1	173	1.6e-86	315.1
BCW-200270_03926	gnl|TC-DB|P0A855|2.C.1.2.1	94.7	430	23	0	1	430	1	430	3.8e-150	527.7
BCW-200270_03927	gnl|TC-DB|P19934|2.C.1.2.1	87.4	127	16	0	280	406	295	421	1.8e-45	179.9
BCW-200270_03928	gnl|TC-DB|P0ABV8|1.A.30.2.2	88.8	143	15	1	1	143	1	142	1.8e-64	241.5
BCW-200270_03929	gnl|TC-DB|P0ABU9|1.A.30.2.2	95.7	230	10	0	1	230	1	230	3.9e-117	417.2
BCW-200270_03931	gnl|TC-DB|P0AAV0|8.A.79.1.1	84.4	96	15	0	1	96	1	96	3.1e-44	173.7
BCW-200270_03932	gnl|TC-DB|P56100|9.B.85.1.1	86.1	36	5	0	1	36	1	36	1.6e-12	67.0
BCW-200270_03933	gnl|TC-DB|P0ABK2|3.D.4.3.2	90.8	379	35	0	1	379	1	379	1.2e-200	695.3
BCW-200270_03934	gnl|TC-DB|P0ABJ9|3.D.4.3.2	92.0	522	42	0	1	522	1	522	5.2e-279	956.1
BCW-200270_03939	gnl|TC-DB|X5GWN5|3.D.10.1.6	50.0	234	110	5	4	236	27	254	1.7e-67	252.3
BCW-200270_03940	gnl|TC-DB|X5H3P0|3.D.10.1.6	52.8	589	268	6	7	588	12	597	5.3e-171	597.4
BCW-200270_03946	gnl|TC-DB|B1HGV3|9.B.211.1.1	53.3	330	141	3	1	330	1	317	9.6e-85	310.1
BCW-200270_03954	gnl|TC-DB|P03959|3.A.3.7.1	82.8	557	96	0	1	557	1	557	9.3e-258	885.6
BCW-200270_03955	gnl|TC-DB|P03960|3.A.3.7.1	90.5	682	65	0	1	682	1	682	0.0e+00	1156.7
BCW-200270_03956	gnl|TC-DB|P03961|3.A.3.7.1	66.1	186	63	0	1	186	1	186	1.5e-61	232.3
BCW-200270_03957	gnl|TC-DB|Q93N33|2.A.21.9.2	28.4	313	189	9	583	886	730	1016	2.8e-22	104.0
BCW-200270_03961	gnl|TC-DB|P0AAF1|2.A.3.2.1	92.4	435	33	0	2	436	4	438	8.7e-227	782.3
BCW-200270_03969	gnl|TC-DB|P75733|1.B.25.1.13	88.5	468	51	3	1	465	1	468	1.4e-251	864.8
BCW-200270_03971	gnl|TC-DB|P09323|4.A.1.1.2	54.8	677	270	8	1	671	1	647	3.6e-179	624.8
BCW-200270_03988	gnl|TC-DB|P0A2L3|9.A.40.1.2	92.8	292	21	0	1	292	1	292	6.6e-154	539.7
BCW-200270_03990	gnl|TC-DB|P37902|3.A.1.3.4	90.4	302	28	1	1	301	1	302	1.2e-153	538.9
BCW-200270_03991	gnl|TC-DB|P0AER3|3.A.1.3.4	92.7	246	18	0	1	246	1	246	5.6e-122	433.3
BCW-200270_03992	gnl|TC-DB|P0AER5|3.A.1.3.4	92.8	223	16	0	1	223	1	223	1.2e-107	385.6
BCW-200270_03993	gnl|TC-DB|P0AAG3|3.A.1.3.4	93.8	241	15	0	1	241	1	241	4.0e-125	443.7
BCW-200270_03997	gnl|TC-DB|P0ADC1|1.B.42.1.2	69.4	193	55	1	1	189	1	193	2.6e-71	264.6
BCW-200270_04003	gnl|TC-DB|P0ABG7|2.A.103.1.2	95.4	370	17	0	1	370	1	370	3.0e-196	680.6
BCW-200270_04010	gnl|TC-DB|P0A843|2.A.64.1.1	91.0	67	6	0	1	67	1	67	1.3e-25	111.3
BCW-200270_04012	gnl|TC-DB|P37002|1.A.43.1.1	85.0	127	19	0	1	127	1	127	5.3e-60	226.5
BCW-200270_04015	gnl|TC-DB|P38054|2.A.6.1.4	63.4	1038	377	3	1	1035	1	1038	0.0e+00	1326.2
BCW-200270_04016	gnl|TC-DB|P77239|2.A.6.1.4	38.6	389	233	3	9	396	12	395	5.6e-63	238.0
BCW-200270_04020	gnl|TC-DB|P0ABP3|2.A.61.1.1	92.3	456	35	0	1	456	1	456	3.2e-224	773.9
BCW-200270_04038	gnl|TC-DB|B8H230|3.A.1.2.21	35.6	315	185	4	20	327	22	325	2.8e-36	149.1
BCW-200270_04039	gnl|TC-DB|A6VKS8|3.A.1.2.13	36.6	495	309	4	6	499	7	497	4.5e-86	315.1
BCW-200270_04045	gnl|TC-DB|P15078|2.A.114.1.1	89.2	701	76	0	1	701	1	701	0.0e+00	1228.8
BCW-200270_04050	gnl|TC-DB|Q89SS6|2.A.1.42.2	23.0	483	339	11	50	522	655	1114	2.3e-19	93.6
BCW-200270_04052	gnl|TC-DB|C8U2V6|3.A.1.14.2	81.1	318	60	0	1	318	1	318	4.2e-146	513.8
BCW-200270_04053	gnl|TC-DB|Q8ZR35|2.A.1.38.3	81.8	413	75	0	1	413	1	413	1.9e-186	648.3
BCW-200270_04054	gnl|TC-DB|P23876|3.A.1.14.2	85.0	334	49	1	1	333	1	334	1.5e-146	515.4
BCW-200270_04055	gnl|TC-DB|P23877|3.A.1.14.2	83.6	330	54	0	1	330	1	330	3.9e-147	517.3
BCW-200270_04056	gnl|TC-DB|P23878|3.A.1.14.2	87.2	265	34	0	1	265	1	265	1.1e-131	465.7
BCW-200270_04057	gnl|TC-DB|P31552|4.C.1.1.6	22.4	501	340	13	482	956	39	516	4.1e-14	77.4
BCW-200270_04060	gnl|TC-DB|P05825|1.B.14.1.22	80.1	758	131	7	1	750	1	746	0.0e+00	1244.2
BCW-200270_04062	gnl|TC-DB|Q9XCR9|3.A.1.15.7	70.2	275	82	0	2	276	3	277	2.3e-100	361.7
BCW-200270_04063	gnl|TC-DB|Q9XCS0|3.A.1.15.7	87.9	282	34	0	1	282	1	282	1.5e-134	475.3
BCW-200270_04064	gnl|TC-DB|Q9XCS1|3.A.1.15.7	79.7	266	54	0	1	266	1	266	1.1e-118	422.5
BCW-200270_04065	gnl|TC-DB|Q9XCS2|3.A.1.15.7	77.4	288	65	0	15	302	15	302	9.6e-132	466.1
BCW-200270_04072	gnl|TC-DB|W0WJ85|3.A.1.5.39	24.8	516	335	21	3	486	2	496	1.0e-19	94.7
BCW-200270_04073	gnl|TC-DB|P77308|3.A.1.5.38	43.8	322	180	1	18	339	14	334	6.0e-66	247.7
BCW-200270_04074	gnl|TC-DB|W0WMS8|3.A.1.5.39	41.2	279	158	1	2	274	19	297	7.3e-54	207.2
BCW-200270_04075	gnl|TC-DB|P45095|3.A.1.5.27	43.1	255	141	3	19	269	21	275	2.1e-48	189.1
BCW-200270_04076	gnl|TC-DB|P42065|3.A.1.5.20	42.7	225	117	3	14	233	31	248	7.8e-49	190.3
BCW-200270_04078	gnl|TC-DB|P17315|1.B.14.1.4	28.4	698	431	22	1	664	1	663	1.5e-60	230.7
BCW-200270_04084	gnl|TC-DB|G8WDN2|2.A.7.21.5	73.2	142	38	0	1	142	1	142	5.9e-55	209.9
BCW-200270_04085	gnl|TC-DB|G8WDN3|2.A.7.21.5	71.5	151	43	0	5	155	1	151	6.9e-52	199.9
BCW-200270_04086	gnl|TC-DB|A9QY47|9.B.50.1.4	46.0	324	154	7	1	317	1	310	4.8e-73	271.2
BCW-200270_04087	gnl|TC-DB|O34929|2.A.1.26.2	25.7	276	196	4	10	277	9	283	9.4e-20	94.4
BCW-200270_04090	gnl|TC-DB|O32182|2.A.1.3.33	25.3	403	295	5	12	411	20	419	3.1e-33	139.4
BCW-200270_04093	gnl|TC-DB|Q9I0Y8|2.A.6.2.16	41.0	1039	595	3	4	1024	6	1044	6.4e-212	734.2
BCW-200270_04094	gnl|TC-DB|P76397|8.A.1.6.2	32.0	331	219	4	31	357	62	390	2.3e-44	176.0
BCW-200270_04095	gnl|TC-DB|A8R5V4|3.A.3.2.41	48.3	868	441	3	29	895	25	885	1.5e-220	762.7
BCW-200270_04099	gnl|TC-DB|P06971|1.B.14.1.2	39.8	739	405	16	6	712	15	745	8.0e-137	484.2
BCW-200270_04105	gnl|TC-DB|B5Y048|9.B.8.3.4	74.2	341	88	0	2	342	1	341	2.5e-152	534.6
BCW-200270_04107	gnl|TC-DB|D9X7X8|2.A.1.3.38	42.5	452	251	3	9	460	24	466	2.8e-85	312.4
BCW-200270_04108	gnl|TC-DB|P0AAT4|1.A.23.4.5	83.5	413	67	1	1	412	1	413	4.6e-193	670.2
BCW-200270_04112	gnl|TC-DB|P76417|2.A.1.10.4	37.5	405	235	6	21	411	6	406	1.1e-66	250.4
BCW-200270_04113	gnl|TC-DB|P24207|2.A.3.1.1	90.5	462	40	1	1	462	1	458	2.9e-236	813.9
BCW-200270_04114	gnl|TC-DB|Q05202|1.B.14.1.15	52.9	705	313	7	31	728	66	758	2.0e-215	745.3
BCW-200270_04119	gnl|TC-DB|M3JA40|1.B.52.2.1	42.1	107	52	1	439	545	278	374	2.0e-14	77.4
BCW-200270_04121	gnl|TC-DB|P16869|1.B.14.1.1	48.7	716	345	6	24	722	19	729	1.2e-196	682.9
BCW-200270_04129	gnl|TC-DB|P30130|1.B.11.3.9	48.4	860	412	11	11	854	34	877	7.4e-230	793.5
BCW-200270_04135	gnl|TC-DB|Q57071|4.A.1.1.13	46.8	509	239	6	9	497	4	500	5.1e-122	434.5
BCW-200270_04145	gnl|TC-DB|Q8NSN3|3.A.1.24.4	38.8	206	126	0	11	216	17	222	1.4e-31	132.9
BCW-200270_04146	gnl|TC-DB|O32169|3.A.1.24.2	47.8	341	170	3	1	336	1	338	2.9e-81	298.5
BCW-200270_04147	gnl|TC-DB|Q9HT68|3.A.1.24.5	34.8	250	157	4	10	258	6	250	2.2e-34	142.5
BCW-200270_04148	gnl|TC-DB|B5Y0L3|1.B.1.1.18	84.5	375	58	0	7	381	7	381	1.2e-200	695.3
BCW-200270_04149	gnl|TC-DB|P77504|3.A.1.122.15	87.7	802	99	0	1	802	1	802	0.0e+00	1364.0
BCW-200270_04150	gnl|TC-DB|P0A9T8|3.A.1.122.15	92.1	228	18	0	1	228	1	228	3.6e-115	410.6
BCW-200270_04156	gnl|TC-DB|P0AA53|8.A.21.2.2	94.7	302	16	0	1	302	1	302	2.1e-115	411.8
BCW-200270_04159	gnl|TC-DB|Q59385|3.A.3.5.5	84.4	834	128	2	1	832	1	834	0.0e+00	1338.6
