BCW-200071_00002	gnl|TC-DB|K0WKG7|4.F.1.1.8	60.3	174	67	1	4	175	2	175	1.0e-51	199.5
BCW-200071_00013	gnl|TC-DB|Q47537|3.A.1.17.1	89.4	320	34	0	1	320	1	320	3.9e-160	560.5
BCW-200071_00014	gnl|TC-DB|Q47538|3.A.1.17.1	87.1	255	33	0	1	255	1	255	8.6e-126	446.0
BCW-200071_00015	gnl|TC-DB|Q47539|3.A.1.17.1	79.6	275	56	0	1	275	1	275	3.0e-116	414.5
BCW-200071_00019	gnl|TC-DB|Q9SXJ7|3.A.9.1.2	38.4	800	403	11	17	737	133	921	2.5e-149	525.8
BCW-200071_00022	gnl|TC-DB|P75831|3.A.1.122.1	81.9	648	115	1	1	646	1	648	6.9e-297	1015.8
BCW-200071_00023	gnl|TC-DB|P75830|3.A.1.122.1	73.4	364	97	0	8	371	8	371	1.5e-142	502.3
BCW-200071_00026	gnl|TC-DB|P60844|1.A.8.3.1	90.0	230	23	0	1	230	1	230	3.9e-117	417.2
BCW-200071_00027	gnl|TC-DB|P75826|2.A.124.1.1	85.6	299	43	0	1	299	1	299	4.0e-138	487.3
BCW-200071_00032	gnl|TC-DB|P0AA78|2.A.1.14.2	42.5	416	238	1	16	430	42	457	1.4e-96	349.7
BCW-200071_00034	gnl|TC-DB|Q83XH1|3.A.1.121.4	46.4	526	281	1	1	526	1	525	5.2e-141	497.7
BCW-200071_00037	gnl|TC-DB|U5MFA1|4.A.3.2.9	35.3	425	266	3	14	432	8	429	1.6e-58	223.4
BCW-200071_00050	gnl|TC-DB|Q8ID54|3.A.25.2.1	35.3	215	125	5	8	213	89	298	6.5e-25	110.9
BCW-200071_00055	gnl|TC-DB|U5MIE1|4.A.3.2.9	62.4	101	38	0	1	101	1	101	5.3e-26	113.2
BCW-200071_00056	gnl|TC-DB|U5MLJ3|4.A.3.2.9	86.4	103	14	0	1	103	1	103	2.2e-43	171.0
BCW-200071_00061	gnl|TC-DB|Q9ZK21|1.C.82.1.1	51.1	223	109	0	3	225	4	226	4.1e-58	221.1
BCW-200071_00064	gnl|TC-DB|P0AG96|3.A.5.1.1	96.1	127	5	0	1	127	1	127	1.7e-58	221.5
BCW-200071_00065	gnl|TC-DB|P39165|1.B.54.1.9	63.5	436	159	0	3	438	24	459	6.1e-167	583.6
BCW-200071_00071	gnl|TC-DB|P76206|1.B.75.1.3	87.7	252	31	0	38	289	1	252	1.5e-129	458.8
BCW-200071_00079	gnl|TC-DB|P77529|2.A.23.1.8	93.5	462	30	0	1	462	1	462	6.6e-233	802.7
BCW-200071_00085	gnl|TC-DB|C4X746|4.A.3.2.7	87.7	114	14	0	1	114	1	114	3.6e-47	183.7
BCW-200071_00086	gnl|TC-DB|P17334|4.A.3.2.1	88.5	452	52	0	1	452	1	452	3.4e-210	727.2
BCW-200071_00087	gnl|TC-DB|P69795|4.A.3.2.1	93.4	106	7	0	1	106	1	106	1.9e-50	194.5
BCW-200071_00100	gnl|TC-DB|B7L6M8|3.A.1.19.4	74.9	387	96	1	4	389	1	387	5.8e-174	606.7
BCW-200071_00101	gnl|TC-DB|B7L6M9|3.A.1.19.4	61.8	495	189	0	17	511	2	496	5.5e-172	600.5
BCW-200071_00102	gnl|TC-DB|B7L6N0|3.A.1.19.4	65.6	209	68	1	1	205	1	209	8.9e-73	269.6
BCW-200071_00118	gnl|TC-DB|Q9KN48|3.A.23.1.1	38.1	341	190	4	140	467	193	525	6.2e-53	204.9
BCW-200071_00123	gnl|TC-DB|P0A8K8|9.B.126.2.1	91.5	259	22	0	1	259	32	290	8.8e-118	419.5
BCW-200071_00128	gnl|TC-DB|P0AEK7|5.A.3.2.1	48.6	210	106	1	1	208	1	210	9.2e-57	216.5
BCW-200071_00129	gnl|TC-DB|P0AAJ3|5.A.3.2.1	77.9	294	64	1	1	293	1	294	1.2e-145	512.3
BCW-200071_00130	gnl|TC-DB|P24183|5.A.3.2.1	77.1	803	183	1	1	803	213	1014	0.0e+00	1343.9
BCW-200071_00131	gnl|TC-DB|P24183|5.A.3.2.1	81.0	195	37	0	1	195	1	195	2.3e-94	341.3
BCW-200071_00135	gnl|TC-DB|Q1D212|2.A.78.2.3	36.8	231	117	3	13	214	14	244	7.4e-33	137.1
BCW-200071_00139	gnl|TC-DB|P96517|2.A.1.5.4	93.7	413	26	0	1	413	1	413	3.1e-213	737.3
BCW-200071_00142	gnl|TC-DB|P0AFS1|3.A.1.2.8	35.2	284	177	2	26	303	7	289	4.1e-35	145.2
BCW-200071_00143	gnl|TC-DB|Q7BSH3|3.A.1.2.9	58.9	326	134	0	4	329	3	328	3.7e-100	361.3
BCW-200071_00144	gnl|TC-DB|Q7BSH4|3.A.1.2.9	55.9	492	215	2	4	494	20	510	4.0e-151	531.2
BCW-200071_00145	gnl|TC-DB|Q7BSH5|3.A.1.2.9	65.7	329	106	3	3	328	7	331	9.7e-114	406.4
BCW-200071_00162	gnl|TC-DB|O00571|1.I.1.1.3	35.5	375	227	5	9	369	180	553	5.9e-55	211.5
BCW-200071_00164	gnl|TC-DB|P40290|3.A.6.1.1	28.2	252	159	5	157	396	148	389	4.5e-15	79.0
BCW-200071_00165	gnl|TC-DB|P0AC78|9.B.146.1.7	88.6	367	42	0	7	373	1	367	6.2e-173	603.2
BCW-200071_00171	gnl|TC-DB|P0AAA7|2.A.66.2.3	85.3	416	61	0	1	416	1	416	2.9e-195	677.6
BCW-200071_00173	gnl|TC-DB|B6I4D1|9.B.128.1.1	87.0	445	57	1	1	444	1	445	1.3e-217	751.9
BCW-200071_00175	gnl|TC-DB|P27837|2.A.3.1.15	92.5	455	34	0	1	455	1	455	8.5e-241	828.9
BCW-200071_00186	gnl|TC-DB|P27838|9.B.21.2.1	90.6	106	10	0	1	106	1	106	2.3e-56	214.2
BCW-200071_00193	gnl|TC-DB|P0A2R8|1.A.35.1.2	97.2	316	9	0	1	316	1	316	2.6e-172	600.9
BCW-200071_00194	gnl|TC-DB|P27844|2.A.7.7.2	89.2	296	32	0	1	296	1	296	1.2e-150	528.9
BCW-200071_00197	gnl|TC-DB|Q5EAK4|2.A.16.2.2	29.6	345	206	11	52	368	1378	1713	3.6e-24	109.8
BCW-200071_00198	gnl|TC-DB|P0AG38|2.A.76.1.2	88.3	206	24	0	1	206	1	206	2.1e-98	354.8
BCW-200071_00199	gnl|TC-DB|P0AG34|2.A.76.1.1	87.9	206	25	0	1	206	1	206	2.1e-98	354.8
BCW-200071_00202	gnl|TC-DB|P0ADP5|2.A.7.3.61	81.9	299	54	0	1	299	1	299	2.2e-144	508.1
BCW-200071_00206	gnl|TC-DB|Q86Z14|8.A.49.1.2	26.7	490	283	16	7	483	81	507	7.6e-38	154.8
BCW-200071_00207	gnl|TC-DB|P40739|4.A.1.2.11	32.4	598	383	8	1	583	1	592	8.9e-89	324.3
BCW-200071_00214	gnl|TC-DB|P69428|2.A.64.1.1	78.7	89	14	1	1	84	1	89	9.4e-29	122.1
BCW-200071_00215	gnl|TC-DB|P69425|2.A.64.1.1	71.9	178	42	2	1	178	1	170	2.5e-55	211.5
BCW-200071_00216	gnl|TC-DB|P69423|2.A.64.1.1	90.4	239	23	0	1	239	1	239	2.1e-119	424.9
BCW-200071_00225	gnl|TC-DB|P0AFZ7|2.A.38.1.1	95.4	483	22	0	1	483	1	483	1.6e-266	914.4
BCW-200071_00248	gnl|TC-DB|P77237|1.E.1.1.2	87.3	71	9	0	1	71	1	71	7.7e-32	132.1
BCW-200071_00250	gnl|TC-DB|P00726|1.M.1.1.1	58.8	153	60	2	1	151	1	152	2.1e-42	168.3
BCW-200071_00281	gnl|TC-DB|Q6WRW9|8.B.24.2.2	33.6	110	72	1	1	110	1	109	8.6e-14	72.8
BCW-200071_00282	gnl|TC-DB|H8YUQ0|1.C.1.1.5	47.2	176	93	0	188	363	257	432	4.0e-39	158.7
BCW-200071_00288	gnl|TC-DB|P22731|3.A.1.4.1	58.2	237	99	0	1	237	1	237	2.5e-71	265.0
BCW-200071_00289	gnl|TC-DB|P0A9S7|3.A.1.4.1	51.2	283	108	2	1	283	1	253	2.5e-73	271.9
BCW-200071_00290	gnl|TC-DB|P21628|3.A.1.4.8	67.6	142	45	1	2	143	270	410	7.0e-46	179.9
BCW-200071_00292	gnl|TC-DB|P07822|3.A.1.14.3	76.4	292	69	0	4	295	5	296	6.4e-133	469.9
BCW-200071_00293	gnl|TC-DB|P07821|3.A.1.14.3	90.6	265	25	0	1	265	1	265	1.1e-139	492.3
BCW-200071_00294	gnl|TC-DB|P06971|1.B.14.1.2	84.7	747	109	3	4	749	5	747	0.0e+00	1287.7
BCW-200071_00308	gnl|TC-DB|P0AFN6|3.A.1.105.17	90.2	256	25	0	1	256	1	256	3.2e-128	454.1
BCW-200071_00309	gnl|TC-DB|P36879|3.A.1.105.17	91.9	308	25	0	1	308	1	308	2.7e-158	554.3
BCW-200071_00310	gnl|TC-DB|Q8F8H7|2.A.53.3.8	46.9	192	101	1	3	193	540	731	2.9e-53	204.9
BCW-200071_00313	gnl|TC-DB|P36649|1.B.76.1.8	79.6	524	99	1	1	524	1	516	1.4e-247	851.7
BCW-200071_00314	gnl|TC-DB|P0AA95|8.A.2.1.3	95.7	115	5	0	26	140	1	115	2.2e-59	224.6
BCW-200071_00327	gnl|TC-DB|P15993|2.A.3.1.3	91.4	456	39	0	1	456	2	457	6.3e-236	812.8
BCW-200071_00328	gnl|TC-DB|P31435|2.A.2.3.4	45.6	461	248	3	1	460	1	459	3.2e-118	421.8
BCW-200071_00330	gnl|TC-DB|P0AE14|9.B.125.1.1	80.6	284	55	0	1	284	1	284	6.9e-132	466.5
BCW-200071_00334	gnl|TC-DB|P22608|3.A.15.2.1	45.2	394	198	7	76	454	173	563	2.3e-89	325.9
BCW-200071_00335	gnl|TC-DB|P22609|3.A.15.2.1	27.6	333	240	1	53	384	41	373	1.5e-41	166.8
BCW-200071_00341	gnl|TC-DB|P10408|3.A.5.1.1	90.3	900	87	0	1	900	1	900	0.0e+00	1599.7
BCW-200071_00350	gnl|TC-DB|P0ABG4|2.A.103.1.1	90.6	414	39	0	1	414	1	414	4.4e-212	733.4
BCW-200071_00352	gnl|TC-DB|P0A6W3|9.B.146.1.6	98.1	360	7	0	1	360	1	360	7.2e-203	702.6
BCW-200071_00367	gnl|TC-DB|P31675|2.A.1.20.1	87.0	392	51	0	1	392	1	392	4.5e-190	660.2
BCW-200071_00370	gnl|TC-DB|P31550|3.A.1.19.1	91.4	327	28	0	1	327	1	327	7.5e-175	609.4
BCW-200071_00371	gnl|TC-DB|P31549|3.A.1.19.1	82.3	536	95	0	1	536	1	536	1.9e-252	867.8
BCW-200071_00372	gnl|TC-DB|P31548|3.A.1.19.1	78.7	230	49	0	1	230	1	230	2.1e-99	358.2
BCW-200071_00382	gnl|TC-DB|O53183|2.A.1.2.71	32.8	390	249	5	4	385	11	395	4.0e-48	188.7
BCW-200071_00386	gnl|TC-DB|W9BHF5|2.A.6.2.49	87.3	1029	131	0	1	1029	1	1029	0.0e+00	1689.9
BCW-200071_00396	gnl|TC-DB|Q1R210|2.C.1.1.3	37.7	260	157	3	1	258	2	258	7.6e-29	124.0
BCW-200071_00402	gnl|TC-DB|P80874|8.A.5.1.4	34.8	210	120	6	3	198	2	208	8.6e-26	114.0
BCW-200071_00403	gnl|TC-DB|P0A908|9.B.99.1.2	72.2	248	69	0	1	248	1	248	1.4e-109	392.1
BCW-200071_00408	gnl|TC-DB|P31435|2.A.2.3.4	49.2	437	219	3	2	436	3	438	7.5e-117	417.2
BCW-200071_00412	gnl|TC-DB|P76242|2.A.1.17.3	79.8	392	79	0	1	392	1	392	3.0e-170	594.3
BCW-200071_00418	gnl|TC-DB|P76330|9.B.34.1.4	28.7	188	120	4	149	331	374	552	3.5e-13	72.4
BCW-200071_00419	gnl|TC-DB|A6TAG3|1.E.43.1.1	93.9	82	5	0	1	82	1	82	2.2e-38	154.1
BCW-200071_00433	gnl|TC-DB|P69874|3.A.1.11.1	85.5	372	54	0	1	372	7	378	5.6e-182	633.3
BCW-200071_00434	gnl|TC-DB|P0AFK4|3.A.1.11.1	92.4	275	21	0	11	285	1	275	2.6e-139	491.1
BCW-200071_00435	gnl|TC-DB|P0AFK6|3.A.1.11.1	93.3	268	14	1	1	268	1	264	2.1e-130	461.5
BCW-200071_00436	gnl|TC-DB|P0AFK9|3.A.1.11.1	91.4	348	30	0	1	348	1	348	2.7e-194	674.1
BCW-200071_00439	gnl|TC-DB|P75958|3.A.1.125.1	89.9	414	42	0	1	414	1	414	1.0e-197	685.6
BCW-200071_00440	gnl|TC-DB|P75957|3.A.1.125.1	89.7	233	24	0	1	233	1	233	9.6e-116	412.5
BCW-200071_00441	gnl|TC-DB|P0ADC3|3.A.1.125.1	93.3	386	26	0	1	386	14	399	4.9e-189	656.8
BCW-200071_00448	gnl|TC-DB|P0AEY8|2.A.1.2.19	87.8	402	49	0	7	408	6	407	5.5e-199	689.9
BCW-200071_00450	gnl|TC-DB|P75810|2.A.1.60.2	85.9	375	53	0	1	375	1	375	2.6e-177	617.8
BCW-200071_00452	gnl|TC-DB|A7ZJR5|2.A.81.1.4	93.8	561	35	0	1	561	1	561	1.2e-300	1028.1
BCW-200071_00458	gnl|TC-DB|P31133|3.A.1.11.2	90.3	370	36	0	1	370	1	370	5.1e-204	706.4
BCW-200071_00459	gnl|TC-DB|P31134|3.A.1.11.2	92.6	377	28	0	27	403	1	377	3.6e-203	703.7
BCW-200071_00460	gnl|TC-DB|P31135|3.A.1.11.2	86.8	317	42	0	1	317	1	317	3.6e-158	553.9
BCW-200071_00461	gnl|TC-DB|P0AFL1|3.A.1.11.2	92.9	281	20	0	1	281	1	281	1.6e-141	498.4
BCW-200071_00466	gnl|TC-DB|P30860|3.A.1.3.3	89.3	243	26	0	1	243	1	243	4.1e-125	443.7
BCW-200071_00467	gnl|TC-DB|P0AE30|3.A.1.3.3	93.7	222	14	0	1	222	1	222	2.2e-101	364.8
BCW-200071_00468	gnl|TC-DB|P0AE34|3.A.1.3.3	94.9	237	12	0	1	237	1	237	1.7e-123	438.3
BCW-200071_00469	gnl|TC-DB|P30859|3.A.1.3.3	89.7	243	25	0	1	243	1	243	3.1e-125	444.1
BCW-200071_00470	gnl|TC-DB|P0AAF6|3.A.1.3.3	96.3	242	9	0	1	242	1	242	1.4e-130	461.8
BCW-200071_00480	gnl|TC-DB|P24520|4.B.1.1.1	87.0	239	31	0	1	239	1	239	1.3e-115	412.1
BCW-200071_00481	gnl|TC-DB|P75757|2.A.4.1.4	77.6	313	68	1	1	311	1	313	1.1e-138	489.2
BCW-200071_00488	gnl|TC-DB|Q9HXW4|2.A.6.2.17	41.2	1021	592	3	6	1019	3	1022	2.3e-222	768.8
BCW-200071_00495	gnl|TC-DB|Q7A5M0|2.A.1.3.23	25.7	408	253	13	64	449	63	442	2.4e-15	80.1
BCW-200071_00507	gnl|TC-DB|P30130|1.B.11.3.9	49.1	849	412	6	36	879	45	878	1.2e-235	812.8
BCW-200071_00513	gnl|TC-DB|P0AFS5|2.A.86.1.4	84.2	342	54	0	1	342	1	342	4.9e-148	520.4
BCW-200071_00514	gnl|TC-DB|P69213|2.A.7.1.9	81.4	118	22	0	3	120	4	121	8.7e-44	172.6
BCW-200071_00515	gnl|TC-DB|P69210|2.A.7.1.9	90.8	109	10	0	1	109	1	109	3.0e-51	197.2
BCW-200071_00516	gnl|TC-DB|P0AAP1|9.B.34.1.2	30.5	187	117	3	276	455	186	366	2.5e-13	73.9
BCW-200071_00520	gnl|TC-DB|P43531|2.A.1.36.1	82.3	417	73	1	1	417	1	416	1.6e-185	645.2
BCW-200071_00524	gnl|TC-DB|Q8ZPK4|3.A.1.12.14	91.1	382	34	0	1	382	1	382	7.7e-203	702.6
BCW-200071_00525	gnl|TC-DB|Q8ZPK3|3.A.1.12.14	91.2	215	19	0	1	215	1	215	2.3e-103	371.3
BCW-200071_00526	gnl|TC-DB|Q8ZPK2|3.A.1.12.14	82.9	292	50	0	7	298	8	299	4.7e-139	490.3
BCW-200071_00527	gnl|TC-DB|Q8ZPK1|3.A.1.12.14	85.9	234	33	0	1	234	1	234	3.5e-105	377.5
BCW-200071_00534	gnl|TC-DB|P76169|2.A.7.26.1	92.6	108	8	0	1	108	1	108	3.2e-53	203.8
BCW-200071_00537	gnl|TC-DB|P77228|2.A.1.6.9	84.6	415	61	1	29	443	1	412	2.9e-196	681.0
BCW-200071_00566	gnl|TC-DB|P00726|1.M.1.1.1	50.6	154	73	2	1	153	1	152	1.0e-33	139.4
BCW-200071_00603	gnl|TC-DB|P76242|2.A.1.17.3	54.5	380	172	1	11	389	13	392	1.8e-106	382.5
BCW-200071_00612	gnl|TC-DB|P06202|3.A.1.5.1	54.9	536	237	3	12	542	8	543	1.2e-169	592.8
BCW-200071_00613	gnl|TC-DB|P0AAC6|1.A.14.2.1	93.2	219	15	0	27	245	1	219	1.9e-106	381.7
BCW-200071_00622	gnl|TC-DB|P0AB12|9.B.55.1.1	88.5	148	17	0	1	148	1	148	3.9e-70	260.4
BCW-200071_00623	gnl|TC-DB|P75870|2.A.85.1.1	82.6	706	123	0	1	706	1	706	0.0e+00	1179.5
BCW-200071_00626	gnl|TC-DB|P0A910|1.B.6.1.1	84.9	351	48	2	1	351	1	346	1.9e-168	588.2
BCW-200071_00633	gnl|TC-DB|P43672|3.A.1.120.6	82.0	634	114	0	1	634	1	634	2.3e-297	1017.3
BCW-200071_00639	gnl|TC-DB|P75853|3.A.1.17.10	82.6	317	55	0	3	319	2	318	3.7e-150	527.3
BCW-200071_00641	gnl|TC-DB|P75851|3.A.1.17.10	93.5	261	17	0	1	261	1	261	1.9e-128	454.9
BCW-200071_00642	gnl|TC-DB|B1X8N7|3.A.1.17.10	87.9	248	30	0	1	248	1	248	1.3e-121	432.2
BCW-200071_00646	gnl|TC-DB|Q6RW54|1.B.1.1.12	69.1	359	110	1	2	360	1	358	2.2e-143	505.0
BCW-200071_00661	gnl|TC-DB|P60752|3.A.1.106.1	91.7	581	48	0	1	581	1	581	1.7e-294	1007.7
BCW-200071_00662	gnl|TC-DB|P44408|3.A.11.2.2	32.3	671	386	12	129	749	133	785	1.2e-87	320.9
BCW-200071_00670	gnl|TC-DB|P0AC23|1.A.16.1.1	91.2	285	25	0	1	285	1	285	3.6e-149	523.9
BCW-200071_00673	gnl|TC-DB|P21503|2.A.1.26.1	83.5	381	63	0	1	381	1	381	1.7e-181	631.7
BCW-200071_00674	gnl|TC-DB|P18777|5.A.3.3.2	82.2	287	51	0	1	287	1	287	3.9e-135	477.2
BCW-200071_00675	gnl|TC-DB|P18776|5.A.3.3.2	92.7	205	15	0	1	205	1	205	1.8e-121	431.4
BCW-200071_00676	gnl|TC-DB|P18775|5.A.3.3.2	89.1	814	89	0	1	814	1	814	0.0e+00	1530.8
BCW-200071_00679	gnl|TC-DB|P61316|1.B.46.1.1	92.1	202	16	0	1	202	1	202	2.5e-104	374.4
BCW-200071_00680	gnl|TC-DB|P46889|3.A.12.1.2	75.3	1337	228	12	1	1243	1	1329	0.0e+00	1589.3
BCW-200071_00683	gnl|TC-DB|P29018|3.A.1.129.1	81.6	588	108	0	1	588	1	588	1.6e-276	948.0
BCW-200071_00684	gnl|TC-DB|P23886|3.A.1.129.1	80.6	573	111	0	1	573	1	573	2.4e-256	880.9
BCW-200071_00695	gnl|TC-DB|P31545|2.A.108.2.3	82.1	425	72	1	1	425	1	421	5.7e-207	716.5
BCW-200071_00696	gnl|TC-DB|P0AB24|2.A.108.2.3	90.4	375	36	0	1	375	1	375	5.1e-191	663.3
BCW-200071_00697	gnl|TC-DB|P75901|2.A.108.2.3	87.3	276	35	0	1	276	1	276	4.6e-133	470.3
BCW-200071_00698	gnl|TC-DB|P0AFF2|2.A.41.1.1	71.5	400	108	2	1	394	1	400	1.0e-146	516.2
BCW-200071_00700	gnl|TC-DB|P07117|2.A.21.2.1	94.4	500	28	0	1	500	1	500	4.4e-267	916.4
BCW-200071_00706	gnl|TC-DB|P0AAP1|9.B.34.1.2	31.9	182	114	3	204	383	196	369	8.8e-18	88.6
BCW-200071_00708	gnl|TC-DB|G4NXW2|2.A.76.1.8	25.1	203	141	3	35	226	3	205	1.2e-12	70.1
BCW-200071_00712	gnl|TC-DB|C9LS91|1.B.12.2.4	35.6	312	182	8	462	763	2127	2429	7.7e-45	178.7
BCW-200071_00719	gnl|TC-DB|P75892|2.A.40.1.3	90.0	441	44	0	1	441	1	441	1.3e-217	751.9
BCW-200071_00720	gnl|TC-DB|K7QW88|2.A.7.3.52	32.7	284	176	8	3	284	1	271	1.9e-18	89.7
BCW-200071_00731	gnl|TC-DB|P45564|1.B.10.3.1	30.9	262	155	9	7	251	2	254	7.6e-26	114.0
BCW-200071_00733	gnl|TC-DB|P43838|1.B.9.1.4	21.9	389	243	12	1	331	1	386	8.1e-14	74.7
BCW-200071_00734	gnl|TC-DB|M4V7W7|1.A.23.1.4	34.1	411	261	4	109	510	122	531	2.5e-58	223.0
BCW-200071_00736	gnl|TC-DB|P0AAP1|9.B.34.1.2	27.5	236	156	7	155	385	144	369	7.6e-17	84.7
BCW-200071_00745	gnl|TC-DB|Q07711|3.A.7.7.1	24.2	579	381	18	82	622	79	637	1.5e-28	124.8
BCW-200071_00752	gnl|TC-DB|A8GHT9|2.A.1.36.2	45.8	402	213	5	3	401	10	409	5.8e-76	281.2
BCW-200071_00771	gnl|TC-DB|P08470|4.A.1.2.1	93.2	456	31	0	1	456	1	456	3.6e-239	823.5
BCW-200071_00772	gnl|TC-DB|P22340|1.B.3.1.2	72.5	505	139	0	1	505	1	505	5.7e-206	713.4
BCW-200071_00778	gnl|TC-DB|B2N0W4|1.A.46.2.6	81.2	304	57	0	1	304	18	321	1.2e-139	492.3
BCW-200071_00782	gnl|TC-DB|Q1J0W6|9.B.34.1.1	29.5	278	157	8	101	348	77	345	5.0e-15	78.6
BCW-200071_00783	gnl|TC-DB|P76330|9.B.34.1.4	35.8	179	105	5	292	464	386	560	8.3e-21	98.2
BCW-200071_00786	gnl|TC-DB|M3JA40|1.B.52.2.1	40.0	115	62	2	398	512	287	394	7.4e-13	72.0
BCW-200071_00792	gnl|TC-DB|P31122|2.A.1.2.15	88.3	394	46	0	1	394	1	394	8.0e-187	649.4
BCW-200071_00793	gnl|TC-DB|P0AEY1|2.A.95.1.1	89.1	221	24	0	1	221	1	221	1.2e-102	369.0
BCW-200071_00797	gnl|TC-DB|P31125|2.A.7.3.2	82.8	297	51	0	1	297	1	297	7.7e-134	473.0
BCW-200071_00798	gnl|TC-DB|P31126|2.A.1.2.55	68.7	390	121	1	1	390	1	389	3.0e-149	524.6
BCW-200071_00799	gnl|TC-DB|O05703|3.A.1.15.3	54.4	182	83	0	23	204	320	501	6.6e-52	200.3
BCW-200071_00800	gnl|TC-DB|Q9L3S2|3.A.1.4.4	49.3	215	107	2	14	227	4	217	2.4e-50	195.3
BCW-200071_00801	gnl|TC-DB|Q8NRV8|3.A.1.4.5	41.7	240	136	3	25	264	3	238	9.5e-43	170.2
BCW-200071_00802	gnl|TC-DB|Q9L3S4|3.A.1.4.4	46.2	65	35	0	6	70	275	339	7.8e-11	62.4
BCW-200071_00805	gnl|TC-DB|A7BAX2|3.A.1.26.3	27.3	495	296	18	10	474	246	706	5.3e-23	105.5
BCW-200071_00807	gnl|TC-DB|A6T6J1|2.A.6.2.49	79.6	49	10	0	1	49	1	49	5.9e-15	75.5
BCW-200071_00808	gnl|TC-DB|P37329|3.A.1.8.1	83.1	255	43	0	1	255	1	255	1.1e-117	419.1
BCW-200071_00809	gnl|TC-DB|P0AF01|3.A.1.8.1	91.3	229	20	0	1	229	1	229	5.2e-114	406.8
BCW-200071_00810	gnl|TC-DB|P09833|3.A.1.8.1	87.5	351	44	0	1	351	1	351	6.6e-177	616.3
BCW-200071_00824	gnl|TC-DB|Q9L3S2|3.A.1.4.4	34.2	219	134	5	15	230	5	216	1.2e-25	113.2
BCW-200071_00832	gnl|TC-DB|P0AAC4|1.A.14.2.2	86.4	235	31	1	1	235	1	234	1.7e-104	375.2
BCW-200071_00833	gnl|TC-DB|P75770|4.D.2.4.3	88.1	318	38	0	1	318	1	318	5.3e-157	550.1
BCW-200071_00836	gnl|TC-DB|P0AAW6|9.B.15.1.1	80.0	135	27	0	1	135	1	135	1.5e-55	211.8
BCW-200071_00837	gnl|TC-DB|P0AFP9|3.A.1.105.15	93.2	367	25	0	1	367	1	367	2.1e-194	674.5
BCW-200071_00838	gnl|TC-DB|C6EIY9|3.A.1.105.15	88.3	377	44	0	1	377	1	377	5.4e-185	643.3
BCW-200071_00839	gnl|TC-DB|P0A9U1|3.A.1.105.15	89.8	578	59	0	1	578	1	578	1.2e-305	1044.6
BCW-200071_00840	gnl|TC-DB|P75777|3.A.1.105.15	64.7	331	117	0	1	331	2	332	4.2e-88	321.2
BCW-200071_00842	gnl|TC-DB|O00571|1.I.1.1.3	42.4	389	202	7	2	369	181	568	5.8e-72	268.1
BCW-200071_00849	gnl|TC-DB|P75783|1.A.23.3.2	82.1	741	129	1	1	737	1	741	0.0e+00	1175.6
BCW-200071_00850	gnl|TC-DB|P10346|3.A.1.3.2	95.8	240	10	0	1	240	1	240	1.3e-128	455.3
BCW-200071_00851	gnl|TC-DB|P0AEQ6|3.A.1.3.2	94.1	219	13	0	1	219	1	219	3.3e-110	394.0
BCW-200071_00852	gnl|TC-DB|P0AEQ3|3.A.1.3.2	95.2	248	11	1	1	247	1	248	1.0e-131	465.7
BCW-200071_00854	gnl|TC-DB|P0AA67|2.A.7.3.6	83.0	294	50	0	1	294	1	294	5.3e-135	476.9
BCW-200071_00855	gnl|TC-DB|G0EBV0|1.B.6.2.10	80.3	173	31	2	1	172	1	171	4.0e-74	273.9
BCW-200071_00859	gnl|TC-DB|P75788|2.A.45.2.5	80.3	366	72	0	1	366	1	366	2.2e-167	584.7
BCW-200071_00860	gnl|TC-DB|P80874|8.A.5.1.4	31.8	327	198	10	1	320	1	309	2.8e-34	142.5
BCW-200071_00869	gnl|TC-DB|P38919|3.A.18.1.1	34.0	362	234	3	5	366	39	395	4.0e-54	208.8
BCW-200071_00871	gnl|TC-DB|F9VN10|3.D.10.1.4	35.1	541	313	15	10	526	7	533	7.5e-71	264.6
BCW-200071_00887	gnl|TC-DB|P77272|4.A.1.2.7	38.3	472	257	14	2	447	4	467	3.8e-68	255.4
BCW-200071_00894	gnl|TC-DB|Q9KN48|3.A.23.1.1	43.7	261	136	1	109	369	176	425	3.3e-56	215.7
BCW-200071_00899	gnl|TC-DB|Q47142|2.A.1.27.1	80.8	375	72	0	1	375	1	375	1.1e-177	619.0
BCW-200071_00902	gnl|TC-DB|D7A5Z9|2.A.113.1.7	32.9	277	168	5	14	284	16	280	1.8e-27	119.8
BCW-200071_00910	gnl|TC-DB|P44669|9.A.41.1.1	67.4	617	199	2	1	616	1	616	6.7e-225	776.5
BCW-200071_00918	gnl|TC-DB|Q57071|4.A.1.1.13	38.0	502	290	8	2	500	3	486	9.3e-87	317.4
BCW-200071_00927	gnl|TC-DB|P77774|1.B.33.1.3	85.5	392	57	0	1	392	1	392	1.3e-173	605.5
BCW-200071_00936	gnl|TC-DB|P94488|2.A.2.3.2	34.2	468	279	8	15	480	8	448	5.9e-67	251.5
BCW-200071_00938	gnl|TC-DB|Q9L223|2.A.1.70.1	27.9	369	249	6	1	356	13	377	1.4e-21	100.5
BCW-200071_00940	gnl|TC-DB|P64545|9.B.209.1.1	67.9	53	17	0	1	53	7	59	9.4e-17	81.6
BCW-200071_00946	gnl|TC-DB|F8CM01|1.A.13.4.1	27.0	274	167	8	67	312	75	343	8.1e-12	67.8
BCW-200071_00953	gnl|TC-DB|Q1R209|1.B.14.7.1	49.6	113	53	3	2	112	643	753	4.6e-23	103.6
BCW-200071_00955	gnl|TC-DB|P45769|3.A.1.3.26	92.1	252	20	0	1	252	1	252	7.7e-135	476.1
BCW-200071_00956	gnl|TC-DB|P45768|3.A.1.3.26	89.1	367	40	0	1	367	1	367	4.9e-191	663.3
BCW-200071_00957	gnl|TC-DB|P45767|3.A.1.3.26	81.2	393	74	0	1	393	1	393	7.2e-180	626.3
BCW-200071_00958	gnl|TC-DB|P45766|3.A.1.3.26	93.3	341	23	0	1	341	1	341	9.9e-186	645.6
BCW-200071_00960	gnl|TC-DB|P24181|2.A.6.2.1	83.4	1032	170	1	1	1031	1	1032	0.0e+00	1653.3
BCW-200071_00961	gnl|TC-DB|P0AE06|8.A.1.6.1	68.4	367	108	2	7	369	13	375	4.7e-136	480.7
BCW-200071_00969	gnl|TC-DB|P16256|2.A.21.1.1	79.5	483	99	0	1	483	1	483	6.5e-215	743.0
BCW-200071_00974	gnl|TC-DB|Q8XB73|5.B.7.1.1	82.1	195	35	0	1	195	1	195	5.6e-88	320.1
BCW-200071_00978	gnl|TC-DB|P0A9X4|9.B.157.1.3	100.0	347	0	0	1	347	1	347	1.7e-193	671.4
BCW-200071_00979	gnl|TC-DB|P16926|9.B.157.1.3	94.1	320	17	1	1	320	1	318	1.5e-165	578.6
BCW-200071_00980	gnl|TC-DB|P0ABH4|9.B.157.1.3	92.6	162	12	0	1	162	1	162	1.1e-81	298.9
BCW-200071_00986	gnl|TC-DB|D7XN98|8.A.48.1.2	92.5	67	5	0	1	67	24	90	1.4e-30	127.9
BCW-200071_00987	gnl|TC-DB|P46482|8.A.1.7.1	86.1	310	43	0	1	310	1	310	9.4e-151	529.3
BCW-200071_00988	gnl|TC-DB|P46481|2.A.85.1.2	83.1	655	111	0	1	655	1	655	0.0e+00	1092.0
BCW-200071_01001	gnl|TC-DB|P0ACA3|1.A.12.3.1	95.7	211	9	0	1	211	1	211	1.4e-116	415.2
BCW-200071_01005	gnl|TC-DB|P41036|2.A.1.12.1	89.4	490	52	0	1	490	1	490	1.3e-258	888.3
BCW-200071_01029	gnl|TC-DB|P60782|9.B.31.1.1	92.5	200	15	0	1	200	1	200	6.7e-105	376.3
BCW-200071_01039	gnl|TC-DB|P0A8H3|2.A.5.5.1	90.3	257	25	0	1	257	1	257	2.1e-111	398.3
BCW-200071_01043	gnl|TC-DB|P02930|1.B.17.1.1	84.6	494	75	1	1	494	1	493	5.8e-219	756.5
BCW-200071_01051	gnl|TC-DB|P96517|2.A.1.5.4	36.2	423	264	3	3	419	2	424	2.3e-67	252.7
BCW-200071_01060	gnl|TC-DB|P36649|1.B.76.1.8	31.2	513	289	10	5	459	3	509	1.9e-62	236.5
BCW-200071_01064	gnl|TC-DB|P09836|2.A.1.4.4	55.4	413	184	0	8	420	19	431	2.8e-132	468.4
BCW-200071_01065	gnl|TC-DB|Q9KLQ7|3.A.1.20.2	73.6	341	87	1	2	342	6	343	1.8e-147	518.5
BCW-200071_01066	gnl|TC-DB|Q9KLQ6|3.A.1.20.2	72.6	687	188	0	5	691	12	698	2.9e-285	977.2
BCW-200071_01067	gnl|TC-DB|Q9KLQ5|3.A.1.20.2	66.0	347	115	1	1	344	1	347	3.0e-129	458.0
BCW-200071_01072	gnl|TC-DB|Q47689|2.A.3.1.10	92.7	468	31	2	1	466	1	467	2.5e-248	854.0
BCW-200071_01073	gnl|TC-DB|Q1DBZ0|2.A.86.2.2	27.8	335	233	5	12	342	14	343	3.7e-21	99.0
BCW-200071_01074	gnl|TC-DB|D4ZZR3|9.B.34.1.3	34.0	212	132	4	378	585	186	393	5.3e-25	112.5
BCW-200071_01076	gnl|TC-DB|Q5KYD1|2.A.17.1.7	38.3	499	281	12	11	503	16	493	3.2e-79	292.4
BCW-200071_01100	gnl|TC-DB|P02932|1.B.1.1.2	88.0	351	41	1	1	350	1	351	8.1e-183	636.0
BCW-200071_01114	gnl|TC-DB|W0WMS8|3.A.1.5.39	39.8	284	165	1	12	289	15	298	1.6e-51	199.5
BCW-200071_01115	gnl|TC-DB|P75798|3.A.1.5.11	46.5	312	159	1	1	312	1	304	4.5e-68	254.6
BCW-200071_01116	gnl|TC-DB|P42061|3.A.1.5.20	25.7	460	304	10	61	491	79	529	7.6e-33	138.3
BCW-200071_01117	gnl|TC-DB|O86575|3.A.1.5.34	53.1	318	145	2	5	318	39	356	2.2e-87	318.9
BCW-200071_01118	gnl|TC-DB|P26905|3.A.1.5.2	52.1	315	148	2	12	323	4	318	2.4e-83	305.4
BCW-200071_01140	gnl|TC-DB|Q5FA63|3.A.1.15.10	39.9	306	159	4	8	292	6	307	9.4e-52	200.3
BCW-200071_01141	gnl|TC-DB|A1IQK4|3.A.1.15.10	53.8	277	125	2	3	278	4	278	9.9e-70	260.0
BCW-200071_01142	gnl|TC-DB|A1IQK5|3.A.1.15.10	40.1	202	120	1	2	202	13	214	2.4e-36	148.7
BCW-200071_01145	gnl|TC-DB|Q9KN48|3.A.23.1.1	43.0	263	145	1	187	449	193	450	1.1e-50	197.6
BCW-200071_01148	gnl|TC-DB|P23516|2.A.52.1.1	52.4	334	157	2	6	337	15	348	4.3e-96	347.8
BCW-200071_01150	gnl|TC-DB|P18776|5.A.3.3.2	35.6	163	65	5	8	152	10	150	7.0e-21	97.1
BCW-200071_01152	gnl|TC-DB|P24241|4.A.1.2.3	89.0	481	52	1	1	480	1	481	2.2e-231	797.7
BCW-200071_01153	gnl|TC-DB|Q86Z14|8.A.49.1.2	24.8	491	289	18	4	474	81	511	2.6e-35	146.4
BCW-200071_01156	gnl|TC-DB|P16433|3.D.1.9.2	92.5	255	19	0	1	255	1	255	4.0e-139	490.3
BCW-200071_01157	gnl|TC-DB|P16432|3.D.1.9.2	92.2	179	14	0	1	179	1	179	4.1e-82	300.4
BCW-200071_01158	gnl|TC-DB|P16431|3.D.1.9.2	93.3	569	38	0	1	569	1	569	0.0e+00	1112.1
BCW-200071_01159	gnl|TC-DB|P16430|3.D.1.9.2	85.3	307	45	0	1	307	1	307	7.9e-142	499.6
BCW-200071_01160	gnl|TC-DB|P16429|3.D.1.9.2	73.8	608	159	0	1	608	1	608	2.0e-258	887.9
BCW-200071_01161	gnl|TC-DB|P0AAK3|3.D.1.9.2	88.5	200	23	0	1	200	1	200	8.7e-97	349.4
BCW-200071_01168	gnl|TC-DB|Q9KN48|3.A.23.1.1	41.4	278	160	2	330	606	143	418	2.1e-49	193.7
BCW-200071_01170	gnl|TC-DB|A8GDS7|3.A.1.14.16	34.3	283	180	3	68	345	50	331	2.9e-36	149.1
BCW-200071_01171	gnl|TC-DB|P07821|3.A.1.14.3	39.4	226	132	2	7	227	16	241	1.2e-39	159.8
BCW-200071_01177	gnl|TC-DB|B7LEG0|1.A.34.1.2	70.3	381	104	3	1	374	1	379	1.5e-134	475.7
BCW-200071_01195	gnl|TC-DB|P20166|4.A.1.1.9	47.1	524	248	11	12	518	4	515	3.5e-118	421.8
BCW-200071_01202	gnl|TC-DB|Q93N33|2.A.21.9.2	28.9	277	174	7	265	526	752	1020	1.0e-19	95.5
BCW-200071_01206	gnl|TC-DB|C4ZZU4|2.A.1.14.40	94.0	450	27	0	1	450	1	450	4.9e-249	856.3
BCW-200071_01213	gnl|TC-DB|P0AAD6|2.A.42.2.1	92.3	429	33	0	1	429	1	429	1.2e-217	751.9
BCW-200071_01231	gnl|TC-DB|P0C0L7|2.A.1.6.4	41.1	428	240	5	23	440	22	447	1.1e-91	333.6
BCW-200071_01239	gnl|TC-DB|P27303|8.A.1.1.1	32.3	316	192	6	47	355	47	347	6.9e-28	121.3
BCW-200071_01240	gnl|TC-DB|Q6V6X7|2.A.6.2.18	34.4	459	291	4	10	458	10	468	1.5e-59	226.9
BCW-200071_01246	gnl|TC-DB|P0AEA2|1.B.48.1.1	92.4	277	21	0	1	277	1	277	1.5e-144	508.4
BCW-200071_01247	gnl|TC-DB|P0AE98|1.B.48.1.1	85.5	138	20	0	1	138	1	138	5.4e-66	246.5
BCW-200071_01248	gnl|TC-DB|P0AE95|1.B.48.1.1	83.7	129	21	0	1	129	1	129	4.2e-60	226.9
BCW-200071_01258	gnl|TC-DB|P62517|4.D.3.1.1	91.7	840	70	0	17	856	1	840	0.0e+00	1592.0
BCW-200071_01272	gnl|TC-DB|P69367|2.A.1.2.21	86.8	402	53	0	1	402	1	402	1.6e-203	704.9
BCW-200071_01276	gnl|TC-DB|P37169|2.A.66.4.1	91.4	510	44	0	1	510	14	523	8.2e-261	895.6
BCW-200071_01288	gnl|TC-DB|Q15HU6|3.A.7.14.2	38.4	159	91	3	139	295	31	184	7.6e-23	104.4
BCW-200071_01291	gnl|TC-DB|P76628|2.A.1.36.3	34.9	378	234	3	14	387	13	382	3.4e-36	149.1
BCW-200071_01303	gnl|TC-DB|O80800|3.D.1.6.3	48.0	75	39	0	2	76	48	122	1.5e-12	68.2
BCW-200071_01311	gnl|TC-DB|P69786|4.A.1.1.1	96.4	477	17	0	1	477	1	477	8.2e-263	902.1
BCW-200071_01312	gnl|TC-DB|P16869|1.B.14.1.1	80.2	723	142	1	7	728	7	729	0.0e+00	1223.0
BCW-200071_01328	gnl|TC-DB|P76399|2.A.6.2.12	91.5	1025	87	0	1	1025	1	1025	0.0e+00	1787.7
BCW-200071_01329	gnl|TC-DB|P76398|2.A.6.2.12	90.3	1040	101	0	1	1040	1	1040	0.0e+00	1756.9
BCW-200071_01330	gnl|TC-DB|P76397|8.A.1.6.2	85.7	377	54	0	35	411	39	415	1.0e-176	615.9
BCW-200071_01333	gnl|TC-DB|Q1J0W6|9.B.34.1.1	34.1	164	96	4	683	845	190	342	1.8e-13	75.1
BCW-200071_01336	gnl|TC-DB|P28249|9.B.22.2.1	66.9	617	202	2	1	615	1	617	5.1e-241	830.1
BCW-200071_01337	gnl|TC-DB|L5DDD7|2.A.109.2.3	86.9	527	69	0	1	527	370	896	2.5e-260	894.0
BCW-200071_01338	gnl|TC-DB|P0A930|1.B.18.3.1	92.3	379	29	0	1	379	1	379	9.6e-206	712.2
BCW-200071_01340	gnl|TC-DB|P76387|8.A.3.3.2	86.2	720	99	0	1	720	1	720	0.0e+00	1209.5
BCW-200071_01354	gnl|TC-DB|P06609|3.A.1.13.1	77.0	322	74	0	30	351	5	326	2.5e-136	481.5
BCW-200071_01356	gnl|TC-DB|P06611|3.A.1.13.1	69.1	249	77	0	1	249	1	249	1.1e-96	349.4
BCW-200071_01360	gnl|TC-DB|A8GDS6|3.A.1.14.16	59.4	251	102	0	7	257	9	259	1.3e-81	299.3
BCW-200071_01361	gnl|TC-DB|Q56992|3.A.1.14.5	65.2	319	107	2	11	325	10	328	2.3e-102	368.6
BCW-200071_01362	gnl|TC-DB|A8GDS8|3.A.1.14.16	60.3	267	106	0	5	271	9	275	1.1e-83	306.2
BCW-200071_01364	gnl|TC-DB|P72412|1.B.14.2.14	84.2	621	98	0	41	661	40	660	0.0e+00	1109.7
BCW-200071_01368	gnl|TC-DB|P08839|8.A.7.1.1	26.3	471	271	17	335	776	103	526	1.2e-29	128.3
BCW-200071_01369	gnl|TC-DB|B1LE48|2.A.86.2.1	82.4	370	65	0	1	370	1	370	2.6e-171	597.8
BCW-200071_01378	gnl|TC-DB|P0AD30|2.A.102.3.1	88.5	269	31	0	1	269	1	269	3.2e-131	464.2
BCW-200071_01387	gnl|TC-DB|P10384|1.B.9.1.1	76.7	450	91	3	1	440	1	446	2.5e-205	711.1
BCW-200071_01388	gnl|TC-DB|P76506|3.A.1.27.3	85.7	251	35	1	1	250	1	251	3.0e-131	464.2
BCW-200071_01389	gnl|TC-DB|P37327|1.A.16.4.1	85.0	307	46	0	4	310	1	307	2.0e-145	511.5
BCW-200071_01398	gnl|TC-DB|B2D7K2|3.A.23.1.1	23.9	503	331	15	31	500	20	503	2.2e-24	110.9
BCW-200071_01401	gnl|TC-DB|Q9KN55|3.A.23.1.1	32.4	596	359	16	7	579	5	579	1.3e-76	283.9
BCW-200071_01409	gnl|TC-DB|Q6EE14|3.A.23.2.1	48.0	884	410	10	7	871	8	860	7.4e-209	723.8
BCW-200071_01411	gnl|TC-DB|K1LZ89|1.B.6.1.14	42.7	103	58	1	431	533	537	638	9.4e-16	81.6
BCW-200071_01421	gnl|TC-DB|B3XQE5|9.B.33.1.2	30.6	589	359	13	7	560	3	576	1.3e-68	257.3
BCW-200071_01424	gnl|TC-DB|H5KWQ5|2.A.49.7.1	81.1	408	77	0	1	408	1	408	5.2e-181	630.2
BCW-200071_01426	gnl|TC-DB|P63144|8.A.5.1.3	36.4	327	193	10	13	330	71	391	1.4e-46	183.3
BCW-200071_01428	gnl|TC-DB|P0A769|2.A.55.3.1	91.0	412	37	0	1	412	1	412	2.6e-204	707.6
BCW-200071_01429	gnl|TC-DB|P0AFF2|2.A.41.1.1	95.0	400	15	1	1	395	1	400	3.2e-196	680.6
BCW-200071_01440	gnl|TC-DB|P45562|2.A.1.10.2	78.0	418	92	0	1	418	1	418	2.4e-189	657.9
BCW-200071_01452	gnl|TC-DB|P38134|8.A.3.3.1	58.5	711	295	0	1	711	1	711	7.9e-241	829.7
BCW-200071_01454	gnl|TC-DB|P0A932|1.B.18.3.8	71.1	356	102	1	1	356	24	378	1.4e-150	528.9
BCW-200071_01455	gnl|TC-DB|P64534|2.A.113.1.1	66.1	112	35	1	1	109	1	112	2.7e-36	147.5
BCW-200071_01457	gnl|TC-DB|A0L4L0|3.A.1.132.3	38.0	342	195	6	12	350	2	329	5.2e-55	211.5
BCW-200071_01461	gnl|TC-DB|Q81JL2|9.B.33.1.1	30.1	581	368	11	5	556	3	574	2.4e-72	269.6
BCW-200071_01464	gnl|TC-DB|P33359|3.A.1.12.15	77.6	241	54	0	1	241	1	241	8.1e-97	349.7
BCW-200071_01465	gnl|TC-DB|P33360|3.A.1.12.15	81.4	307	56	1	1	307	1	306	1.8e-141	498.4
BCW-200071_01466	gnl|TC-DB|P33361|3.A.1.12.15	67.1	380	123	2	8	386	7	385	2.2e-128	455.3
BCW-200071_01467	gnl|TC-DB|P33362|3.A.1.12.15	86.2	305	42	0	1	305	1	305	2.9e-144	507.7
BCW-200071_01472	gnl|TC-DB|J2MRK2|9.B.29.3.1	41.8	182	106	0	7	188	8	189	2.6e-37	151.8
BCW-200071_01473	gnl|TC-DB|E4PCL6|9.B.27.2.7	73.3	187	50	0	1	187	1	187	9.3e-77	282.7
BCW-200071_01475	gnl|TC-DB|P33369|1.B.17.3.10	68.9	463	139	2	41	498	14	476	4.1e-172	600.9
BCW-200071_01477	gnl|TC-DB|P08722|4.A.1.2.2	53.8	621	276	2	6	616	4	623	2.4e-190	661.8
BCW-200071_01481	gnl|TC-DB|F4V3T5|1.E.14.1.4	86.4	132	18	0	1	132	4	135	4.4e-41	163.7
BCW-200071_01482	gnl|TC-DB|C6EAH0|2.A.122.1.1	91.3	231	20	0	1	231	1	231	6.0e-110	393.3
BCW-200071_01484	gnl|TC-DB|P0AFY2|9.B.114.1.1	85.8	239	34	0	1	239	1	239	9.9e-116	412.5
BCW-200071_01485	gnl|TC-DB|P23200|3.A.1.2.3	95.5	336	15	0	1	336	1	336	1.8e-163	571.6
BCW-200071_01486	gnl|TC-DB|P0AAG8|3.A.1.2.3	95.3	506	24	0	1	506	1	506	5.1e-279	956.1
BCW-200071_01487	gnl|TC-DB|P0AEE5|3.A.1.2.3	94.0	332	20	0	1	332	1	332	1.6e-177	618.2
BCW-200071_01489	gnl|TC-DB|P25747|9.B.169.1.2	79.7	385	78	0	1	385	1	385	1.5e-182	635.2
BCW-200071_01491	gnl|TC-DB|Q9I3T2|2.A.1.51.4	45.8	367	195	3	7	370	14	379	5.1e-74	274.6
BCW-200071_01493	gnl|TC-DB|P17315|1.B.14.1.4	81.0	663	119	3	1	656	1	663	0.0e+00	1117.8
BCW-200071_01494	gnl|TC-DB|P25737|2.A.3.1.2	94.3	489	28	0	1	489	1	489	3.0e-268	920.2
BCW-200071_01496	gnl|TC-DB|P62723|2.A.98.1.3	84.2	349	54	1	1	348	1	349	1.1e-158	555.8
BCW-200071_01498	gnl|TC-DB|P20966|4.A.2.1.1	90.1	565	52	3	1	563	1	563	2.5e-250	860.9
BCW-200071_01500	gnl|TC-DB|P69811|4.A.2.1.1	85.1	376	56	0	1	376	1	376	7.6e-179	622.9
BCW-200071_01501	gnl|TC-DB|P33026|2.A.1.20.2	86.0	393	55	0	1	393	1	393	2.8e-192	667.5
BCW-200071_01508	gnl|TC-DB|E9RJ18|3.A.7.13.2	36.1	108	58	4	83	180	254	360	6.2e-12	67.4
BCW-200071_01510	gnl|TC-DB|P33913|3.A.1.5.21	79.1	598	124	1	1	597	1	598	5.4e-296	1012.7
BCW-200071_01511	gnl|TC-DB|P0AFU1|3.A.1.5.21	92.3	364	28	0	1	364	1	364	4.4e-192	666.8
BCW-200071_01512	gnl|TC-DB|P33915|3.A.1.5.21	86.8	341	45	0	1	341	1	341	6.7e-158	553.1
BCW-200071_01513	gnl|TC-DB|P33916|3.A.1.5.21	81.8	528	96	0	1	528	1	528	9.5e-244	839.0
BCW-200071_01515	gnl|TC-DB|P28246|2.A.1.2.7	88.9	395	44	0	1	395	1	395	9.8e-193	669.1
BCW-200071_01526	gnl|TC-DB|Q1J2S8|2.A.53.3.13	48.6	370	187	2	28	397	23	389	4.9e-86	314.7
BCW-200071_01527	gnl|TC-DB|Q5SMG8|1.A.26.1.2	29.8	339	235	2	141	477	110	447	6.1e-40	161.8
BCW-200071_01528	gnl|TC-DB|P33941|3.A.1.113.3	89.0	547	60	0	1	547	1	547	6.1e-278	952.6
BCW-200071_01532	gnl|TC-DB|D6QLX8|1.B.1.1.19	78.4	380	65	4	1	376	1	367	1.1e-169	592.4
BCW-200071_01541	gnl|TC-DB|P08194|2.A.1.4.3	94.3	421	24	0	1	421	1	421	5.4e-240	826.2
BCW-200071_01546	gnl|TC-DB|Q8XE01|1.B.68.1.1	79.4	180	37	0	1	180	8	187	1.2e-84	308.9
BCW-200071_01557	gnl|TC-DB|P0AFF0|3.D.1.1.1	91.3	485	42	0	1	485	1	485	4.8e-242	833.2
BCW-200071_01558	gnl|TC-DB|P0AFE8|3.D.1.1.1	92.3	509	39	0	1	509	1	509	6.5e-274	939.1
BCW-200071_01559	gnl|TC-DB|P33607|3.D.1.1.1	93.0	613	43	0	1	613	1	613	0.0e+00	1124.0
BCW-200071_01560	gnl|TC-DB|P0AFE4|3.D.1.1.1	96.0	100	4	0	1	100	1	100	1.7e-29	124.8
BCW-200071_01561	gnl|TC-DB|P0AFE0|3.D.1.1.1	95.7	184	8	0	1	184	1	184	5.1e-88	320.1
BCW-200071_01562	gnl|TC-DB|P0AFD6|3.D.1.1.1	97.8	180	4	0	1	180	1	180	4.1e-90	327.0
BCW-200071_01563	gnl|TC-DB|P0AFD4|3.D.1.1.1	95.7	325	14	0	1	325	1	325	9.5e-178	619.0
BCW-200071_01564	gnl|TC-DB|P33602|3.D.1.1.1	91.4	907	78	0	1	907	1	907	0.0e+00	1709.9
BCW-200071_01565	gnl|TC-DB|P31979|3.D.1.1.1	96.0	445	18	0	1	445	1	445	3.8e-262	899.8
BCW-200071_01566	gnl|TC-DB|P0AFD1|3.D.1.1.1	94.6	166	9	0	1	166	1	166	2.0e-91	331.3
BCW-200071_01567	gnl|TC-DB|P33599|3.D.1.1.1	93.1	596	40	1	5	599	1	596	0.0e+00	1168.7
BCW-200071_01568	gnl|TC-DB|P0AFC7|3.D.1.1.1	96.0	224	5	1	1	224	1	220	1.3e-125	445.3
BCW-200071_01569	gnl|TC-DB|P0AFC3|3.D.1.1.1	91.2	147	12	1	1	146	1	147	2.9e-70	260.8
BCW-200071_01573	gnl|TC-DB|P0AFU2|2.A.47.4.8	87.5	610	76	0	1	610	1	610	1.4e-299	1024.6
BCW-200071_01581	gnl|TC-DB|B7LDR9|4.A.7.1.2	63.4	410	149	1	12	421	10	418	3.2e-147	518.1
BCW-200071_01582	gnl|TC-DB|B7LDS2|4.A.7.1.2	41.2	85	48	1	1	83	1	85	8.6e-12	65.9
BCW-200071_01583	gnl|TC-DB|B7LDS1|4.A.7.1.2	45.6	147	80	0	1	147	1	147	4.9e-33	137.1
BCW-200071_01587	gnl|TC-DB|B7LBF5|1.A.12.3.2	74.3	214	55	0	13	226	1	214	1.8e-90	328.6
BCW-200071_01592	gnl|TC-DB|P07109|3.A.1.3.29	92.2	257	20	0	1	257	1	257	9.0e-131	462.6
BCW-200071_01593	gnl|TC-DB|P0AEU3|3.A.1.3.29	91.9	236	19	0	1	236	1	236	3.5e-121	430.6
BCW-200071_01594	gnl|TC-DB|P0A2I9|3.A.1.3.1	92.5	228	17	0	1	228	1	228	3.7e-112	400.6
BCW-200071_01595	gnl|TC-DB|P0AEU0|3.A.1.3.29	92.7	260	19	0	1	260	1	260	2.7e-135	477.6
BCW-200071_01596	gnl|TC-DB|P09551|3.A.1.3.1	90.0	260	26	0	1	260	1	260	9.1e-131	462.6
BCW-200071_01599	gnl|TC-DB|P08550|9.B.160.1.16	93.8	161	10	0	1	161	1	161	2.0e-80	294.7
BCW-200071_01603	gnl|TC-DB|P0ABP6|9.B.27.2.3	88.1	219	26	0	1	219	1	219	3.5e-107	384.0
BCW-200071_01611	gnl|TC-DB|Q9UEF7|8.A.49.1.1	28.9	485	290	17	4	473	61	505	6.5e-42	168.3
BCW-200071_01613	gnl|TC-DB|P0AGM7|2.A.40.1.1	91.5	425	36	0	1	425	1	425	1.3e-214	741.9
BCW-200071_01618	gnl|TC-DB|Q72XQ0|4.A.3.2.8	43.5	430	234	4	4	424	1	430	2.9e-89	325.5
BCW-200071_01622	gnl|TC-DB|P0AFI9|2.A.86.1.1	91.8	353	29	0	1	353	1	353	1.5e-165	578.6
BCW-200071_01626	gnl|TC-DB|P0A903|1.B.33.1.3	86.3	344	47	0	1	344	1	344	2.0e-170	594.7
BCW-200071_01634	gnl|TC-DB|P24177|2.A.6.2.7	91.4	1037	89	0	1	1037	1	1037	0.0e+00	1825.8
BCW-200071_01636	gnl|TC-DB|Q5P036|5.A.3.11.1	31.1	161	82	6	5	141	5	160	5.8e-17	85.9
BCW-200071_01645	gnl|TC-DB|P76538|9.B.127.1.1	77.8	144	32	0	1	144	1	144	7.2e-64	239.6
BCW-200071_01648	gnl|TC-DB|P16700|3.A.1.6.1	91.7	337	27	1	1	336	1	337	9.5e-181	629.0
BCW-200071_01649	gnl|TC-DB|P16701|3.A.1.6.1	97.5	277	7	0	1	277	1	277	5.3e-145	510.0
BCW-200071_01650	gnl|TC-DB|P0AEB0|3.A.1.6.1	93.8	291	18	0	1	291	1	291	1.9e-153	538.1
BCW-200071_01651	gnl|TC-DB|P16676|3.A.1.6.1	91.8	365	29	1	1	364	1	365	7.3e-195	676.0
BCW-200071_01654	gnl|TC-DB|P69783|4.A.1.1.1	98.8	169	2	0	1	169	1	169	2.8e-88	320.9
BCW-200071_01655	gnl|TC-DB|P08839|8.A.7.1.1	96.2	575	22	0	1	575	1	575	1.8e-309	1057.4
BCW-200071_01656	gnl|TC-DB|P0AA04|8.A.8.1.1	100.0	85	0	0	1	85	1	85	1.4e-40	161.4
BCW-200071_01658	gnl|TC-DB|P0A6J3|2.A.121.1.1	89.3	253	27	0	1	253	1	253	4.1e-136	480.3
BCW-200071_01662	gnl|TC-DB|P39836|2.A.28.3.4	88.9	332	36	1	1	331	1	332	9.7e-162	565.8
BCW-200071_01667	gnl|TC-DB|Q6MDD6|3.A.7.16.1	28.5	558	316	13	41	590	219	701	2.2e-39	160.2
BCW-200071_01677	gnl|TC-DB|Q9HY55|4.A.2.1.17	37.5	566	338	7	170	733	402	953	2.8e-84	309.7
BCW-200071_01681	gnl|TC-DB|P0A9T4|8.A.5.1.5	91.9	346	28	0	1	346	1	346	9.1e-187	649.0
BCW-200071_01682	gnl|TC-DB|P39196|2.A.1.42.1	85.6	396	57	0	1	396	1	396	7.7e-190	659.4
BCW-200071_01683	gnl|TC-DB|P31119|4.C.1.1.16	86.1	718	100	0	1	718	1	718	0.0e+00	1263.8
BCW-200071_01688	gnl|TC-DB|U5MFA1|4.A.3.2.9	91.9	443	36	0	1	443	1	443	6.1e-228	786.2
BCW-200071_01694	gnl|TC-DB|Q93KC0|3.A.1.1.11	91.9	296	24	0	1	296	1	296	6.2e-152	533.1
BCW-200071_01695	gnl|TC-DB|Q93KB9|3.A.1.1.11	89.3	300	32	0	1	300	1	300	2.3e-154	541.2
BCW-200071_01696	gnl|TC-DB|Q93KB8|3.A.1.1.11	81.1	375	71	0	1	375	1	375	1.3e-178	622.1
BCW-200071_01697	gnl|TC-DB|Q93KB7|3.A.1.1.11	76.9	429	98	1	1	428	1	429	8.3e-198	686.0
BCW-200071_01699	gnl|TC-DB|P0AE24|2.A.1.1.2	90.7	471	44	0	1	471	2	472	6.0e-242	832.8
BCW-200071_01703	gnl|TC-DB|D6DXH3|1.B.35.1.5	87.3	228	28	1	1	228	1	227	5.5e-116	413.3
BCW-200071_01706	gnl|TC-DB|Q8XG43|2.A.117.1.3	81.8	148	26	1	1	147	10	157	6.2e-63	236.5
BCW-200071_01707	gnl|TC-DB|P63340|2.A.42.2.5	78.6	407	87	0	1	407	1	407	6.6e-168	586.6
BCW-200071_01709	gnl|TC-DB|Q9RFR9|9.B.83.1.1	28.0	553	349	12	8	532	7	538	5.5e-56	215.3
BCW-200071_01712	gnl|TC-DB|O51841|1.B.6.1.12	39.4	368	175	9	1	345	1	343	5.4e-54	208.0
BCW-200071_01718	gnl|TC-DB|B7LEG0|1.A.34.1.2	43.9	262	91	3	35	240	116	377	1.5e-50	196.1
BCW-200071_01729	gnl|TC-DB|P67153|1.C.113.1.10	87.6	217	27	0	1	217	2	218	1.0e-106	382.5
BCW-200071_01732	gnl|TC-DB|Q86Z14|8.A.49.1.2	25.8	481	299	15	5	477	80	510	1.1e-36	151.0
BCW-200071_01748	gnl|TC-DB|P11667|2.A.75.1.2	88.2	211	25	0	1	211	1	211	3.3e-107	384.0
BCW-200071_01749	gnl|TC-DB|P0C0S1|1.A.23.2.1	86.9	282	37	0	1	282	1	282	9.6e-118	419.5
BCW-200071_01758	gnl|TC-DB|P0AEP1|2.A.1.1.1	94.2	465	26	1	1	465	1	464	1.1e-248	855.1
BCW-200071_01767	gnl|TC-DB|P24559|3.A.15.2.1	46.8	327	171	1	1	324	1	327	2.6e-74	275.4
BCW-200071_01769	gnl|TC-DB|P64564|9.A.4.1.2	84.0	188	30	0	1	188	1	188	3.5e-84	307.4
BCW-200071_01780	gnl|TC-DB|P0AFF4|2.A.1.10.1	86.1	418	58	0	1	418	1	418	3.5e-209	723.8
BCW-200071_01788	gnl|TC-DB|Q8VS41|2.A.24.2.5	81.9	453	81	1	1	452	1	453	4.1e-211	730.3
BCW-200071_01792	gnl|TC-DB|Q46831|9.B.120.1.1	78.9	237	48	1	1	237	1	235	1.6e-94	342.0
BCW-200071_01795	gnl|TC-DB|E0LV84|2.A.85.1.4	26.4	568	394	7	32	580	7	569	1.2e-52	204.5
BCW-200071_01797	gnl|TC-DB|P46482|8.A.1.7.1	38.2	288	172	3	1	285	1	285	7.3e-49	190.7
BCW-200071_01804	gnl|TC-DB|B0T2Y9|5.A.1.5.2	42.6	411	228	1	4	406	326	736	6.3e-86	314.3
BCW-200071_01810	gnl|TC-DB|E3GUW2|3.A.1.14.11	60.3	335	133	0	13	347	11	345	1.8e-118	422.2
BCW-200071_01811	gnl|TC-DB|P0C0S1|1.A.23.2.1	43.4	267	151	0	15	281	16	282	3.6e-59	224.9
BCW-200071_01812	gnl|TC-DB|B1LE48|2.A.86.2.1	41.1	348	204	1	1	348	1	347	6.6e-71	264.2
BCW-200071_01818	gnl|TC-DB|P0AAP1|9.B.34.1.2	29.8	181	110	6	146	315	197	371	2.0e-18	89.7
BCW-200071_01827	gnl|TC-DB|P63144|8.A.5.1.3	34.7	317	193	7	8	318	66	374	5.9e-45	177.9
BCW-200071_01833	gnl|TC-DB|P0ABV2|1.A.30.2.1	76.6	141	33	0	1	141	1	141	8.0e-57	216.1
BCW-200071_01834	gnl|TC-DB|P0ABU7|1.A.30.2.1	85.7	244	34	1	1	243	1	244	1.0e-104	375.9
BCW-200071_01836	gnl|TC-DB|P0AA60|9.B.27.2.1	86.3	219	30	0	1	219	1	219	2.4e-108	387.9
BCW-200071_01839	gnl|TC-DB|P80874|8.A.5.1.4	27.5	258	134	10	17	223	15	270	4.6e-16	81.6
BCW-200071_01844	gnl|TC-DB|B0SM05|2.A.25.1.6	39.2	260	146	5	12	267	468	719	5.5e-45	177.9
BCW-200071_01845	gnl|TC-DB|P39285|1.A.23.1.3	83.3	1107	181	1	1	1103	1	1107	0.0e+00	1681.8
BCW-200071_01847	gnl|TC-DB|F9VN10|3.D.10.1.4	40.3	586	325	8	1	581	1	566	1.0e-108	390.6
BCW-200071_01848	gnl|TC-DB|P17596|3.D.10.1.3	28.9	218	150	5	7	219	5	222	1.4e-24	109.8
BCW-200071_01853	gnl|TC-DB|D5CES3|2.A.7.1.10	92.4	105	8	0	1	105	1	105	1.1e-45	178.7
BCW-200071_01855	gnl|TC-DB|P0ADB7|9.B.13.1.1	93.6	47	3	0	1	47	1	47	1.4e-16	80.9
BCW-200071_01862	gnl|TC-DB|P39277|2.A.3.13.1	83.6	409	67	0	1	409	1	409	1.1e-191	665.6
BCW-200071_01865	gnl|TC-DB|P0ABN5|2.A.13.1.1	62.0	434	163	2	1	433	1	433	3.5e-143	504.6
BCW-200071_01867	gnl|TC-DB|P36655|5.A.1.1.1	84.8	567	80	3	1	563	1	565	3.4e-276	946.8
BCW-200071_01872	gnl|TC-DB|Q8X6C1|1.B.12.1.6	33.9	926	475	30	97	958	497	1349	9.6e-77	285.0
BCW-200071_01874	gnl|TC-DB|D7A5Z9|2.A.113.1.7	28.8	271	172	7	39	294	45	309	1.5e-18	90.1
BCW-200071_01875	gnl|TC-DB|P0C0L7|2.A.1.6.4	92.2	500	39	0	1	500	1	500	5.0e-263	902.9
BCW-200071_01876	gnl|TC-DB|P0A712|2.A.10.1.2	72.8	312	85	0	1	312	1	312	8.0e-124	439.9
BCW-200071_01881	gnl|TC-DB|P16677|3.A.1.9.1	87.8	262	32	0	1	262	1	262	7.2e-128	453.0
BCW-200071_01882	gnl|TC-DB|P16682|3.A.1.9.1	88.2	338	40	0	1	338	1	338	4.7e-172	600.1
BCW-200071_01883	gnl|TC-DB|P16683|3.A.1.9.1	93.4	259	17	0	1	259	1	259	1.7e-137	485.0
BCW-200071_01889	gnl|TC-DB|Q97VF5|3.A.1.5.9	36.5	255	152	3	4	248	45	299	1.9e-37	152.5
BCW-200071_01890	gnl|TC-DB|P75957|3.A.1.125.1	34.4	221	134	7	1	219	5	216	9.9e-25	110.2
BCW-200071_01897	gnl|TC-DB|Q9HV74|2.A.21.9.1	33.6	250	144	8	383	621	737	975	1.7e-23	107.8
BCW-200071_01898	gnl|TC-DB|G4FGN3|3.A.1.2.20	46.5	493	261	3	5	496	3	493	4.1e-127	451.4
BCW-200071_01899	gnl|TC-DB|A6VKS9|3.A.1.2.13	45.8	306	157	5	24	323	13	315	7.6e-58	220.7
BCW-200071_01900	gnl|TC-DB|Q9F9B2|3.A.1.2.7	31.1	296	177	9	3	276	1	291	1.2e-20	97.1
BCW-200071_01934	gnl|TC-DB|P76142|3.A.1.2.8	83.6	329	54	0	5	333	12	340	1.3e-158	555.4
BCW-200071_01935	gnl|TC-DB|P0AFS1|3.A.1.2.8	69.8	325	98	0	1	325	3	327	1.5e-119	425.6
BCW-200071_01936	gnl|TC-DB|P77672|3.A.1.2.8	64.6	339	120	0	1	339	2	340	1.5e-112	402.5
BCW-200071_01937	gnl|TC-DB|P77257|3.A.1.2.8	61.8	492	185	2	4	492	11	502	4.6e-168	587.4
BCW-200071_01944	gnl|TC-DB|P42601|2.A.109.1.7	88.4	319	37	0	1	319	1	319	1.7e-158	555.1
BCW-200071_01945	gnl|TC-DB|P0AGE4|2.A.23.4.1	84.9	411	62	0	2	412	3	413	6.4e-187	649.8
BCW-200071_01948	gnl|TC-DB|P0AA78|2.A.1.14.2	88.4	431	50	0	1	431	41	471	4.7e-217	750.0
BCW-200071_01950	gnl|TC-DB|P0AA63|9.B.27.2.2	92.7	219	16	0	1	219	1	219	1.0e-111	399.1
BCW-200071_01954	gnl|TC-DB|P64585|1.E.34.2.1	80.8	130	25	0	1	130	1	130	2.1e-51	198.0
BCW-200071_01958	gnl|TC-DB|P64591|9.B.124.1.2	78.8	118	25	0	1	118	1	118	9.0e-57	215.7
BCW-200071_01964	gnl|TC-DB|P0AAD8|2.A.42.2.2	89.2	443	48	0	1	443	1	443	1.7e-222	768.1
BCW-200071_01970	gnl|TC-DB|Q8FDB7|2.A.1.14.14	93.2	444	30	0	1	444	1	444	2.0e-239	824.3
BCW-200071_01987	gnl|TC-DB|P0AAD2|2.A.42.1.2	93.5	414	27	0	1	414	1	414	1.1e-218	755.4
BCW-200071_01988	gnl|TC-DB|P38919|3.A.18.1.1	36.5	386	235	3	3	379	27	411	5.7e-65	245.4
BCW-200071_02001	gnl|TC-DB|P0AG99|3.A.5.1.1	82.6	109	19	0	1	109	1	109	6.9e-40	159.5
BCW-200071_02004	gnl|TC-DB|P25694|3.A.16.1.2	42.9	252	143	1	140	390	472	723	4.3e-57	219.2
BCW-200071_02012	gnl|TC-DB|E1ILD8|2.A.7.3.18	90.0	321	32	0	1	321	1	321	9.4e-162	565.8
BCW-200071_02019	gnl|TC-DB|P64602|3.A.1.27.3	62.9	97	36	0	1	97	1	97	2.9e-29	124.0
BCW-200071_02020	gnl|TC-DB|P0ADV7|3.A.1.27.3	89.6	211	22	0	1	211	1	211	6.9e-105	376.3
BCW-200071_02021	gnl|TC-DB|P64604|3.A.1.27.3	79.1	182	37	1	1	181	1	182	4.9e-78	287.0
BCW-200071_02022	gnl|TC-DB|P64606|3.A.1.27.3	94.6	260	14	0	1	260	1	260	2.8e-132	467.6
BCW-200071_02023	gnl|TC-DB|P63386|3.A.1.27.3	88.7	266	30	0	1	266	1	266	1.1e-131	465.7
BCW-200071_02024	gnl|TC-DB|P45394|2.A.19.5.1	80.2	323	64	0	1	323	1	323	7.8e-140	493.0
BCW-200071_02027	gnl|TC-DB|P0ADW0|1.B.42.1.2	82.2	191	34	0	1	191	1	191	6.3e-89	323.2
BCW-200071_02028	gnl|TC-DB|P0ADV1|1.B.42.1.2	85.4	185	26	1	1	184	1	185	1.5e-84	308.5
BCW-200071_02029	gnl|TC-DB|P0A9V1|1.B.42.1.2	96.7	241	8	0	1	241	1	241	1.1e-130	462.2
BCW-200071_02032	gnl|TC-DB|P71012|4.A.2.1.4	27.5	149	106	2	8	155	1	148	9.1e-12	66.6
BCW-200071_02034	gnl|TC-DB|H1XXZ0|8.A.8.1.5	38.6	88	53	1	3	90	2	88	8.6e-12	65.9
BCW-200071_02038	gnl|TC-DB|P0ADC6|1.B.42.1.2	95.0	360	18	0	1	360	1	360	1.4e-190	661.8
BCW-200071_02039	gnl|TC-DB|P0AF98|1.B.42.1.2	86.1	366	51	0	1	366	1	366	1.5e-171	598.6
BCW-200071_02052	gnl|TC-DB|D4ZZR3|9.B.34.1.3	28.5	179	107	3	229	394	225	395	1.4e-15	81.3
BCW-200071_02058	gnl|TC-DB|P0AAH8|3.A.1.5.42	92.9	268	19	0	1	268	1	268	2.5e-139	491.1
BCW-200071_02059	gnl|TC-DB|P36636|3.A.1.5.5	93.3	330	22	0	1	330	1	330	8.1e-185	642.5
BCW-200071_02060	gnl|TC-DB|P0AGH5|3.A.1.5.42	88.9	296	33	0	1	296	1	296	1.5e-150	528.5
BCW-200071_02061	gnl|TC-DB|P0A2J3|3.A.1.5.5	89.1	321	35	0	1	321	1	321	8.5e-163	569.3
BCW-200071_02062	gnl|TC-DB|P36634|3.A.1.5.5	88.9	549	58	2	1	546	1	549	7.6e-289	988.8
BCW-200071_02063	gnl|TC-DB|Q9KN48|3.A.23.1.1	42.7	227	129	1	8	234	193	418	6.2e-44	174.5
BCW-200071_02064	gnl|TC-DB|E8XKQ3|9.B.100.1.1	88.7	222	25	0	1	222	1	222	1.7e-98	355.1
BCW-200071_02070	gnl|TC-DB|P76042|3.A.1.1.46	73.1	424	114	0	6	429	6	429	4.9e-182	633.6
BCW-200071_02071	gnl|TC-DB|P0AFR7|3.A.1.1.46	87.4	293	37	0	1	293	1	293	3.1e-143	504.2
BCW-200071_02072	gnl|TC-DB|P77716|3.A.1.1.46	91.8	280	23	0	1	280	1	280	1.2e-141	498.8
BCW-200071_02078	gnl|TC-DB|P77481|3.A.1.1.46	81.7	360	66	0	1	360	1	360	2.7e-165	577.8
BCW-200071_02079	gnl|TC-DB|P76045|1.B.21.1.1	68.4	304	93	3	1	304	1	301	8.4e-128	453.0
BCW-200071_02083	gnl|TC-DB|Q9KN48|3.A.23.1.1	41.8	225	124	1	206	423	193	417	9.1e-42	167.9
BCW-200071_02087	gnl|TC-DB|P77348|3.A.1.5.1	86.6	538	71	1	1	538	1	537	2.5e-284	973.8
BCW-200071_02088	gnl|TC-DB|D4ZZR3|9.B.34.1.3	40.1	167	94	3	247	407	227	393	2.1e-28	123.2
BCW-200071_02089	gnl|TC-DB|P76330|9.B.34.1.4	31.8	217	140	4	203	415	344	556	2.6e-18	90.5
BCW-200071_02090	gnl|TC-DB|M3JA40|1.B.52.2.1	28.7	174	110	2	198	357	287	460	3.5e-14	75.9
BCW-200071_02091	gnl|TC-DB|Q9EYX5|1.A.35.4.1	86.2	327	45	0	1	327	1	327	8.4e-166	579.3
BCW-200071_02092	gnl|TC-DB|P38919|3.A.18.1.1	33.3	354	231	4	22	373	57	407	1.3e-55	213.8
BCW-200071_02094	gnl|TC-DB|P76330|9.B.34.1.4	31.0	155	103	2	164	314	398	552	6.1e-12	68.2
BCW-200071_02101	gnl|TC-DB|P0ABK2|3.D.4.3.2	29.4	364	214	10	5	329	7	366	1.1e-30	130.6
BCW-200071_02105	gnl|TC-DB|P76108|3.A.1.11.9	90.3	381	37	0	1	381	1	381	2.8e-213	737.3
BCW-200071_02106	gnl|TC-DB|P77795|3.A.1.11.9	81.6	337	62	0	1	337	1	337	1.3e-158	555.4
BCW-200071_02107	gnl|TC-DB|P77156|3.A.1.11.9	89.8	304	31	0	11	314	10	313	1.0e-152	535.8
BCW-200071_02108	gnl|TC-DB|P0AFR9|3.A.1.11.9	89.3	262	28	0	1	262	1	262	2.2e-132	468.0
BCW-200071_02114	gnl|TC-DB|M3JA40|1.B.52.2.1	38.4	172	92	2	354	511	287	458	3.2e-16	83.2
BCW-200071_02125	gnl|TC-DB|P33950|3.A.1.5.27	48.4	535	261	2	5	525	4	537	5.0e-144	507.7
BCW-200071_02127	gnl|TC-DB|P76111|2.A.7.21.2	83.9	149	24	0	1	149	1	149	2.3e-62	234.6
BCW-200071_02133	gnl|TC-DB|P76115|1.B.14.9.5	77.4	704	155	2	25	728	1	700	0.0e+00	1141.3
BCW-200071_02135	gnl|TC-DB|P40812|2.A.3.1.8	89.9	487	49	0	1	487	1	487	2.5e-254	874.0
BCW-200071_02144	gnl|TC-DB|Q9F3K5|3.A.1.3.24	27.9	244	151	7	78	304	82	317	1.0e-16	84.0
BCW-200071_02146	gnl|TC-DB|Q9F3K6|3.A.1.3.24	40.2	276	158	3	5	280	21	289	3.1e-45	178.7
BCW-200071_02147	gnl|TC-DB|Q9F3K7|3.A.1.3.24	58.2	249	104	0	9	257	5	253	5.0e-81	297.4
BCW-200071_02156	gnl|TC-DB|P77757|4.D.2.1.8	82.2	326	54	1	1	326	1	322	2.5e-154	541.2
BCW-200071_02159	gnl|TC-DB|G8LJX5|9.B.142.2.2	62.2	550	205	3	1	549	1	548	1.3e-203	705.7
BCW-200071_02160	gnl|TC-DB|P81891|2.A.7.22.2	58.6	111	42	1	1	107	1	111	2.9e-27	117.5
BCW-200071_02161	gnl|TC-DB|P76474|2.A.7.22.1	44.0	125	70	0	2	126	1	125	5.4e-20	93.6
BCW-200071_02163	gnl|TC-DB|Q8TZQ3|3.A.1.1.16	52.6	213	99	1	5	215	4	216	8.2e-59	223.4
BCW-200071_02164	gnl|TC-DB|A3N294|3.A.1.20.3	30.0	283	171	9	13	271	6	285	5.0e-22	101.7
BCW-200071_02165	gnl|TC-DB|Q9KLQ6|3.A.1.20.2	25.0	541	392	8	5	539	147	679	2.2e-25	113.6
BCW-200071_02168	gnl|TC-DB|P37594|2.A.1.3.14	77.5	494	111	0	1	494	1	494	4.3e-190	660.6
BCW-200071_02171	gnl|TC-DB|P07238|1.B.1.1.5	69.8	364	103	4	1	359	4	365	1.2e-141	499.2
BCW-200071_02172	gnl|TC-DB|V2FAS1|2.A.7.17.1	71.3	293	84	0	1	293	1	293	2.5e-121	431.4
BCW-200071_02173	gnl|TC-DB|P24183|5.A.3.2.1	94.4	195	11	0	1	195	1	195	1.5e-106	381.7
BCW-200071_02174	gnl|TC-DB|P24183|5.A.3.2.1	90.3	803	78	0	1	803	213	1015	0.0e+00	1536.9
BCW-200071_02175	gnl|TC-DB|P0AAJ3|5.A.3.2.1	89.5	294	31	0	1	294	1	294	2.0e-166	581.3
BCW-200071_02176	gnl|TC-DB|P0AEK7|5.A.3.2.1	87.6	217	27	0	1	217	1	217	6.7e-111	396.4
BCW-200071_02178	gnl|TC-DB|P23910|2.A.1.2.14	71.3	387	109	1	1	387	1	385	5.7e-145	510.4
BCW-200071_02180	gnl|TC-DB|P39115|3.A.1.121.3	29.8	506	293	13	1	479	1	471	1.6e-50	197.2
BCW-200071_02191	gnl|TC-DB|Q07711|3.A.7.7.1	29.9	622	397	18	3	613	4	597	2.6e-70	263.1
BCW-200071_02201	gnl|TC-DB|G0CIY2|9.B.18.1.1	39.0	464	258	9	19	464	28	484	5.6e-83	304.7
BCW-200071_02202	gnl|TC-DB|P77377|2.A.66.2.7	89.0	492	54	0	1	492	1	492	4.5e-240	826.6
BCW-200071_02209	gnl|TC-DB|O26447|2.A.66.2.10	23.8	324	232	7	4	316	12	331	3.4e-15	79.3
BCW-200071_02231	gnl|TC-DB|P0AA47|2.A.3.1.14	86.5	452	61	0	1	452	1	452	2.6e-226	780.8
BCW-200071_02235	gnl|TC-DB|P33011|2.A.85.7.1	75.3	352	87	0	1	352	1	352	5.3e-158	553.5
BCW-200071_02238	gnl|TC-DB|D5CJ69|2.A.66.1.22	93.9	462	28	0	1	462	1	462	1.2e-248	855.1
BCW-200071_02242	gnl|TC-DB|P76350|2.A.1.6.6	90.3	435	42	0	1	435	1	435	8.7e-227	782.3
BCW-200071_02245	gnl|TC-DB|Q9KRG9|2.A.6.2.38	47.6	1011	528	2	3	1012	22	1031	4.2e-272	934.1
BCW-200071_02246	gnl|TC-DB|Q2FD71|2.A.6.2.40	22.5	378	249	10	7	354	9	372	4.8e-13	72.0
BCW-200071_02249	gnl|TC-DB|A8R5V4|3.A.3.2.41	47.6	890	449	6	7	890	3	881	1.8e-226	782.3
BCW-200071_02257	gnl|TC-DB|P39414|2.A.47.3.3	51.0	473	232	0	29	501	13	485	4.3e-137	484.6
BCW-200071_02263	gnl|TC-DB|P77747|1.B.1.1.21	77.8	378	76	2	1	371	1	377	7.2e-174	606.3
BCW-200071_02267	gnl|TC-DB|p0aa70|2.A.7.3.22	86.9	298	39	0	1	298	1	298	7.1e-143	503.1
BCW-200071_02270	gnl|TC-DB|P76330|9.B.34.1.4	59.4	559	223	3	1	556	1	558	1.5e-191	665.6
BCW-200071_02275	gnl|TC-DB|P54702|3.A.6.2.1	71.6	264	75	0	1	264	1	264	9.0e-102	366.3
BCW-200071_02276	gnl|TC-DB|P0A1L5|3.A.6.2.1	87.6	89	11	0	1	89	1	89	3.8e-36	146.7
BCW-200071_02277	gnl|TC-DB|P54700|3.A.6.2.1	91.8	245	20	0	1	245	1	245	3.2e-117	417.5
BCW-200071_02278	gnl|TC-DB|P0A1L1|3.A.6.2.1	70.2	124	37	0	1	124	2	125	1.0e-39	159.1
BCW-200071_02279	gnl|TC-DB|P26419|3.A.6.2.1	94.2	137	8	0	1	137	1	137	4.1e-66	246.9
BCW-200071_02284	gnl|TC-DB|P26465|3.A.6.2.1	92.5	456	34	0	1	456	1	456	1.4e-240	828.2
BCW-200071_02285	gnl|TC-DB|P15934|3.A.6.2.1	86.9	236	30	1	1	236	1	235	1.1e-71	266.2
BCW-200071_02287	gnl|TC-DB|P15928|3.A.6.2.1	83.2	561	93	1	1	561	1	560	4.6e-257	883.2
BCW-200071_02302	gnl|TC-DB|P0AEM9|3.A.1.3.10	92.5	266	20	0	20	285	1	266	2.4e-137	484.6
BCW-200071_02304	gnl|TC-DB|P0AFT2|3.A.1.3.10	92.8	222	16	0	1	222	1	222	2.0e-110	394.8
BCW-200071_02305	gnl|TC-DB|P37774|3.A.1.3.10	90.3	248	24	0	1	248	1	248	1.0e-123	439.1
BCW-200071_02313	gnl|TC-DB|E1P8P0|9.B.27.3.1	88.7	142	16	0	1	142	1	142	1.3e-67	251.9
BCW-200071_02318	gnl|TC-DB|P0AEJ0|2.A.1.3.2	91.1	515	43	1	1	515	1	512	9.8e-270	925.2
BCW-200071_02319	gnl|TC-DB|P27303|8.A.1.1.1	85.1	390	58	0	1	390	1	390	1.7e-173	605.1
BCW-200071_02321	gnl|TC-DB|P76628|2.A.1.36.3	86.8	394	52	0	1	394	1	394	3.9e-178	620.5
BCW-200071_02322	gnl|TC-DB|P0AFM2|3.A.1.12.1	82.8	331	56	1	1	331	1	330	2.9e-166	580.9
BCW-200071_02323	gnl|TC-DB|P14176|3.A.1.12.1	79.7	355	71	1	1	355	1	354	1.9e-147	518.5
BCW-200071_02324	gnl|TC-DB|P14175|3.A.1.12.1	92.2	400	31	0	1	400	1	400	9.8e-209	722.2
BCW-200071_02331	gnl|TC-DB|A8ANM6|2.A.104.1.1	87.9	149	18	0	1	149	1	149	3.2e-72	267.3
BCW-200071_02334	gnl|TC-DB|P0AE42|9.B.12.2.1	88.5	52	6	0	1	52	1	52	1.3e-23	104.4
BCW-200071_02346	gnl|TC-DB|Q0WCZ9|1.B.6.2.2	39.5	172	75	5	25	187	31	182	1.5e-21	99.4
BCW-200071_02351	gnl|TC-DB|P0ABK2|3.D.4.3.2	27.6	362	219	9	8	330	10	367	1.0e-33	140.6
BCW-200071_02362	gnl|TC-DB|Q9I2M0|3.A.1.109.4	40.2	361	210	4	35	393	37	393	3.2e-66	248.8
BCW-200071_02363	gnl|TC-DB|Q9I2M1|3.A.1.109.4	37.7	681	420	3	40	720	42	718	1.7e-126	449.9
BCW-200071_02389	gnl|TC-DB|P0A937|1.B.33.1.3	95.5	111	5	0	1	111	1	111	2.2e-57	217.6
BCW-200071_02393	gnl|TC-DB|P37908|9.A.40.2.4	88.5	407	47	0	7	413	22	428	7.0e-202	699.5
BCW-200071_02394	gnl|TC-DB|P64432|9.B.14.3.6	87.5	263	33	0	26	288	1	263	1.4e-127	452.2
BCW-200071_02395	gnl|TC-DB|P0AGD7|3.A.5.1.1	93.2	453	31	0	1	453	1	453	2.9e-233	803.9
BCW-200071_02402	gnl|TC-DB|P07021|1.B.6.1.21	75.8	161	38	1	1	161	1	160	4.8e-66	246.9
BCW-200071_02411	gnl|TC-DB|P0AC02|1.B.33.1.3	95.1	245	12	0	1	245	1	245	1.2e-132	468.8
BCW-200071_02414	gnl|TC-DB|Q9FI56|3.A.9.1.2	45.6	873	394	14	4	856	96	907	2.6e-206	715.3
BCW-200071_02418	gnl|TC-DB|P06972|3.A.1.14.3	83.9	304	49	0	1	304	357	660	2.7e-142	501.1
BCW-200071_02420	gnl|TC-DB|A8ALD3|2.A.49.5.5	83.4	463	77	0	1	463	1	463	1.9e-216	748.0
BCW-200071_02422	gnl|TC-DB|I7MT28|1.A.62.2.2	86.7	203	27	0	1	203	1	203	7.5e-96	346.3
BCW-200071_02423	gnl|TC-DB|Q8ZRP7|3.A.1.13.1	78.2	257	56	0	7	263	8	264	2.5e-112	401.4
BCW-200071_02440	gnl|TC-DB|P0A943|1.B.33.1.3	88.8	813	80	2	1	805	1	810	0.0e+00	1473.4
BCW-200071_02460	gnl|TC-DB|P28635|3.A.1.24.1	94.1	271	16	0	1	271	1	271	4.4e-144	506.9
BCW-200071_02461	gnl|TC-DB|P31547|3.A.1.24.1	96.8	217	7	0	1	217	1	217	2.2e-77	285.0
BCW-200071_02462	gnl|TC-DB|P30750|3.A.1.24.1	93.0	343	24	0	1	343	1	343	2.2e-177	617.8
BCW-200071_02465	gnl|TC-DB|Q9HY88|2.A.6.2.34	33.0	466	293	6	15	476	14	464	1.1e-44	177.6
BCW-200071_02485	gnl|TC-DB|Q8RCC4|3.A.1.3.27	35.0	254	149	7	12	259	15	258	3.4e-27	118.6
BCW-200071_02489	gnl|TC-DB|P96878|2.A.53.3.12	29.4	170	113	2	26	189	571	739	6.2e-21	97.4
BCW-200071_02493	gnl|TC-DB|P37340|2.A.66.1.3	90.9	451	41	0	3	453	7	457	3.9e-230	793.5
BCW-200071_02496	gnl|TC-DB|P37597|2.A.1.2.62	81.5	383	68	2	1	381	1	382	7.3e-172	599.7
BCW-200071_02498	gnl|TC-DB|Q0HIQ8|3.A.1.2.14	27.0	233	151	10	58	277	21	247	2.5e-11	66.2
BCW-200071_02500	gnl|TC-DB|P77389|2.A.1.2.65	89.6	385	40	0	1	385	1	385	1.6e-187	651.7
BCW-200071_02510	gnl|TC-DB|P76187|8.A.5.1.7	88.6	298	34	0	1	298	1	298	5.5e-156	546.6
BCW-200071_02512	gnl|TC-DB|Q8ZPN4|2.A.85.1.5	78.5	679	144	1	1	677	1	679	0.0e+00	1078.5
BCW-200071_02513	gnl|TC-DB|P46482|8.A.1.7.1	38.5	273	167	1	11	283	14	285	2.1e-48	189.1
BCW-200071_02514	gnl|TC-DB|G4PZW1|8.A.48.1.1	69.2	78	24	0	1	78	1	78	1.3e-27	118.2
BCW-200071_02516	gnl|TC-DB|D4ZZR3|9.B.34.1.3	25.9	417	234	13	77	449	8	393	6.1e-16	82.0
BCW-200071_02524	gnl|TC-DB|P77304|2.A.17.1.2	85.9	498	67	2	1	496	1	497	6.4e-242	832.8
BCW-200071_02526	gnl|TC-DB|P77179|3.D.6.1.4	76.8	224	52	0	1	224	1	224	5.0e-93	337.0
BCW-200071_02527	gnl|TC-DB|P77285|3.D.6.1.4	76.2	206	49	0	1	206	1	206	5.2e-89	323.6
BCW-200071_02528	gnl|TC-DB|P76182|3.D.6.1.4	86.3	350	48	0	1	350	1	350	1.5e-176	615.1
BCW-200071_02529	gnl|TC-DB|P77611|3.D.6.1.4	80.5	569	111	0	1	569	1	569	5.1e-250	860.1
BCW-200071_02530	gnl|TC-DB|P77223|3.D.6.1.4	81.2	192	36	0	1	192	1	192	1.9e-77	285.0
BCW-200071_02531	gnl|TC-DB|P0A766|3.D.6.1.4	94.8	193	10	0	1	193	1	193	1.9e-93	338.2
BCW-200071_02537	gnl|TC-DB|P19642|4.A.1.1.3	88.3	530	62	0	1	530	1	530	2.2e-272	934.1
BCW-200071_02544	gnl|TC-DB|P33590|3.A.1.5.3	83.4	517	86	0	6	522	7	523	6.0e-259	889.4
BCW-200071_02545	gnl|TC-DB|P33591|3.A.1.5.3	90.8	314	29	0	1	314	1	314	3.5e-161	563.9
BCW-200071_02546	gnl|TC-DB|P0AFA9|3.A.1.5.3	90.6	277	26	0	1	277	1	277	5.5e-142	500.0
BCW-200071_02547	gnl|TC-DB|P33593|3.A.1.5.3	79.5	254	52	0	1	254	1	254	1.1e-109	392.5
BCW-200071_02548	gnl|TC-DB|P33594|3.A.1.5.3	79.4	267	47	1	1	259	1	267	2.8e-111	397.9
BCW-200071_02558	gnl|TC-DB|P0ACX0|9.B.72.1.2	78.4	111	24	0	1	111	1	111	4.7e-44	173.3
BCW-200071_02560	gnl|TC-DB|P0AAE5|2.A.3.2.8	87.8	460	56	0	1	460	1	460	3.1e-227	783.9
BCW-200071_02562	gnl|TC-DB|P07001|3.D.2.1.1	88.2	509	59	1	1	508	1	509	9.1e-252	865.5
BCW-200071_02563	gnl|TC-DB|P0AB67|3.D.2.1.1	92.6	462	34	0	1	462	1	462	1.0e-238	822.0
BCW-200071_02569	gnl|TC-DB|P46133|2.A.68.1.1	88.6	508	58	0	1	508	1	508	8.2e-253	869.0
BCW-200071_02577	gnl|TC-DB|P76103|2.A.46.1.9	65.7	230	79	0	1	230	154	383	9.3e-82	299.7
BCW-200071_02581	gnl|TC-DB|P33950|3.A.1.5.27	52.1	516	246	1	14	529	30	544	1.7e-160	562.4
BCW-200071_02584	gnl|TC-DB|P25396|2.A.16.1.1	81.8	329	60	0	6	334	2	330	5.7e-154	540.0
BCW-200071_02588	gnl|TC-DB|P09551|3.A.1.3.1	45.3	245	134	0	5	249	9	253	4.9e-60	227.6
BCW-200071_02590	gnl|TC-DB|Q56111|1.B.1.1.22	77.1	384	81	3	1	378	1	383	1.4e-169	592.0
BCW-200071_02598	gnl|TC-DB|P0AEX7|3.A.1.4.1	55.6	302	133	1	4	304	7	308	3.6e-86	314.7
BCW-200071_02599	gnl|TC-DB|P0AD96|3.A.1.4.1	42.1	363	201	5	13	371	8	365	2.3e-82	302.4
BCW-200071_02601	gnl|TC-DB|P0AAD4|2.A.42.1.1	84.6	403	62	0	1	403	1	403	3.5e-190	660.6
BCW-200071_02608	gnl|TC-DB|P31474|2.A.1.3.51	33.0	469	309	3	5	473	1	464	1.6e-72	270.0
BCW-200071_02610	gnl|TC-DB|P0ABN9|2.A.13.1.2	54.7	446	198	1	1	446	2	443	4.2e-136	481.1
BCW-200071_02613	gnl|TC-DB|P02924|3.A.1.2.2	94.5	329	18	0	1	329	1	329	1.3e-179	625.2
BCW-200071_02614	gnl|TC-DB|P0AAF3|3.A.1.2.2	89.3	504	54	0	1	504	1	504	4.2e-265	909.8
BCW-200071_02615	gnl|TC-DB|P0AE26|3.A.1.2.2	92.4	328	23	1	1	326	1	328	1.3e-147	518.8
BCW-200071_02621	gnl|TC-DB|P09348|1.A.30.1.1	91.5	295	25	0	1	295	1	295	2.3e-146	514.6
BCW-200071_02622	gnl|TC-DB|P0AF06|1.A.30.1.1	81.6	309	56	1	1	309	1	308	4.2e-143	503.8
BCW-200071_02625	gnl|TC-DB|P96603|2.A.23.1.6	35.4	412	244	6	7	410	7	404	3.3e-66	248.8
BCW-200071_02629	gnl|TC-DB|Q6XBY3|1.B.11.6.1	35.3	830	480	16	9	792	10	828	3.9e-140	495.4
BCW-200071_02631	gnl|TC-DB|M3JA40|1.B.52.2.1	49.4	87	44	0	344	430	275	361	1.0e-14	78.2
BCW-200071_02638	gnl|TC-DB|P42915|1.B.11.3.6	46.8	802	416	6	29	828	33	825	1.2e-203	706.4
BCW-200071_02641	gnl|TC-DB|P40727|3.A.6.2.1	84.3	383	59	1	1	382	1	383	4.2e-185	643.7
BCW-200071_02642	gnl|TC-DB|P40729|3.A.6.2.1	94.5	692	38	0	1	692	1	692	0.0e+00	1228.0
BCW-200071_02644	gnl|TC-DB|Q6D188|2.A.2.5.2	82.6	516	87	1	1	513	1	516	9.4e-244	839.0
BCW-200071_02648	gnl|TC-DB|P67826|9.B.158.1.2	73.5	245	65	0	1	245	1	245	4.6e-100	360.5
BCW-200071_02660	gnl|TC-DB|P39832|3.A.1.15.5	85.1	261	39	0	1	261	1	261	5.0e-113	403.7
BCW-200071_02661	gnl|TC-DB|P0A9X1|3.A.1.15.5	90.8	251	23	0	1	251	1	251	1.2e-127	452.2
BCW-200071_02662	gnl|TC-DB|P39172|3.A.1.15.5	84.8	316	40	2	1	314	1	310	1.7e-136	481.9
BCW-200071_02663	gnl|TC-DB|B7L5V2|1.A.34.1.3	41.9	210	116	2	198	407	14	217	1.7e-41	166.8
BCW-200071_02676	gnl|TC-DB|Q4KDN3|9.B.62.1.5	39.3	107	64	1	17	123	15	120	4.6e-16	80.5
BCW-200071_02677	gnl|TC-DB|P76278|9.B.62.1.4	55.5	290	129	0	1	290	1	290	5.6e-89	323.9
BCW-200071_02688	gnl|TC-DB|P23865|9.B.174.1.2	90.8	682	63	0	1	682	1	682	0.0e+00	1223.0
BCW-200071_02689	gnl|TC-DB|P23894|9.B.1.1.6	93.2	293	20	0	1	293	1	293	5.4e-148	520.0
BCW-200071_02690	gnl|TC-DB|P76269|2.A.1.3.17	81.8	457	83	0	1	457	1	457	2.9e-209	724.2
BCW-200071_02697	gnl|TC-DB|P76264|2.A.107.1.1	86.2	188	26	0	13	200	1	188	1.6e-90	328.6
BCW-200071_02699	gnl|TC-DB|P69805|4.A.6.1.1	90.8	283	26	0	1	283	4	286	4.1e-145	510.4
BCW-200071_02700	gnl|TC-DB|P69801|4.A.6.1.1	92.9	266	19	0	1	266	1	266	4.6e-130	460.3
BCW-200071_02701	gnl|TC-DB|P69797|4.A.6.1.1	89.2	323	32	1	1	320	1	323	3.3e-159	557.4
BCW-200071_02702	gnl|TC-DB|L5DDD7|2.A.109.2.3	49.6	520	245	8	1	508	370	884	1.2e-121	433.3
BCW-200071_02712	gnl|TC-DB|P69451|4.C.1.1.4	93.0	561	39	0	1	561	1	561	8.6e-312	1065.1
BCW-200071_02720	gnl|TC-DB|P0A6M2|5.A.2.1.1	75.0	176	44	0	1	176	1	176	3.1e-82	300.8
BCW-200071_02721	gnl|TC-DB|P0AFA7|2.A.34.1.1	76.7	511	118	1	1	510	1	511	2.2e-213	738.0
BCW-200071_02726	gnl|TC-DB|P76007|2.A.36.6.11	91.3	575	50	0	1	575	1	575	4.7e-297	1016.1
BCW-200071_02730	gnl|TC-DB|A6TAG3|1.E.43.1.1	67.1	82	26	1	1	82	1	81	2.8e-25	110.5
BCW-200071_02731	gnl|TC-DB|Q8G8W9|1.B.14.1.26	30.5	686	434	19	45	700	136	808	1.9e-74	276.9
BCW-200071_02734	gnl|TC-DB|P0ADL1|2.A.1.2.26	46.2	394	211	1	1	393	1	394	4.4e-84	308.1
BCW-200071_02750	gnl|TC-DB|P31554|1.B.42.1.2	81.8	787	137	3	1	784	1	784	0.0e+00	1361.7
BCW-200071_02757	gnl|TC-DB|P03819|2.A.37.1.1	86.6	620	82	1	1	620	1	619	1.1e-299	1025.0
BCW-200071_02758	gnl|TC-DB|P0A754|2.A.37.1.1	84.1	176	28	0	1	176	1	176	1.3e-93	338.6
BCW-200071_02768	gnl|TC-DB|P0AEP1|2.A.1.1.1	68.7	447	140	0	17	463	18	464	3.9e-172	600.9
BCW-200071_02769	gnl|TC-DB|P70786|2.A.1.14.3	45.1	439	229	5	7	445	23	449	1.6e-103	372.9
BCW-200071_02775	gnl|TC-DB|B8I766|9.B.105.1.5	31.2	144	90	4	13	153	2	139	2.4e-12	68.6
BCW-200071_02781	gnl|TC-DB|P13738|2.A.33.1.1	77.6	388	87	0	1	388	1	388	3.9e-162	567.4
BCW-200071_02783	gnl|TC-DB|P0A6Y8|1.A.33.1.2	94.8	640	31	1	1	640	1	638	0.0e+00	1152.9
BCW-200071_02789	gnl|TC-DB|P0AC98|2.A.96.1.1	87.2	188	24	0	18	205	1	188	1.5e-91	332.0
BCW-200071_02790	gnl|TC-DB|Q9HPN8|2.A.49.6.4	25.4	437	281	12	16	415	182	610	6.5e-14	75.1
BCW-200071_02791	gnl|TC-DB|Q56992|3.A.1.14.5	37.5	307	187	1	48	354	28	329	1.9e-46	183.0
BCW-200071_02792	gnl|TC-DB|Q9X665|3.A.1.14.7	32.6	230	148	4	12	236	12	239	2.4e-27	119.0
BCW-200071_02794	gnl|TC-DB|Q5ZYB5|3.A.7.9.1	30.9	414	276	5	10	418	2	410	3.0e-46	182.6
BCW-200071_02797	gnl|TC-DB|P30143|2.A.25.1.10	74.2	476	123	0	1	476	1	476	3.2e-198	687.6
BCW-200071_02814	gnl|TC-DB|P43672|3.A.1.120.6	34.2	512	326	6	21	527	18	523	8.5e-78	287.7
BCW-200071_02818	gnl|TC-DB|P24518|4.B.1.1.1	92.9	410	29	0	1	410	1	410	7.6e-233	802.4
BCW-200071_02842	gnl|TC-DB|P76330|9.B.34.1.4	37.4	163	94	4	192	348	401	561	4.2e-22	102.1
BCW-200071_02844	gnl|TC-DB|Q9KSH4|4.A.3.2.6	51.1	425	204	1	8	432	7	427	6.6e-121	430.6
BCW-200071_02848	gnl|TC-DB|Q8FA71|2.A.79.2.1	85.2	257	36	1	1	257	22	276	3.3e-125	444.1
BCW-200071_02857	gnl|TC-DB|M3JA40|1.B.52.2.1	30.3	178	110	2	354	517	283	460	3.5e-15	79.7
BCW-200071_02859	gnl|TC-DB|Q8ZJY5|2.A.114.1.10	92.2	717	55	1	1	717	1	716	0.0e+00	1314.3
BCW-200071_02861	gnl|TC-DB|P94400|9.B.10.1.1	27.1	377	195	11	1	308	1	366	1.3e-25	113.6
BCW-200071_02865	gnl|TC-DB|P37683|8.A.1.1.4	27.7	328	227	4	33	354	52	375	6.1e-21	98.2
BCW-200071_02878	gnl|TC-DB|Q01674|1.B.14.1.17	41.9	678	362	8	36	696	48	710	6.1e-158	554.3
BCW-200071_02890	gnl|TC-DB|Q934G3|1.B.35.1.1	62.1	235	85	3	2	233	3	236	1.7e-80	295.4
BCW-200071_02934	gnl|TC-DB|P75683|2.A.2.3.5	91.0	458	41	0	2	459	3	460	6.1e-239	822.8
BCW-200071_02941	gnl|TC-DB|Q11G42|2.A.118.1.2	58.1	465	194	1	3	466	12	476	1.5e-139	492.7
BCW-200071_02953	gnl|TC-DB|P36640|3.A.3.4.1	85.8	902	128	0	1	902	1	902	0.0e+00	1527.7
BCW-200071_02957	gnl|TC-DB|P36672|4.A.1.2.4	88.6	472	54	0	1	472	2	473	1.1e-240	828.6
BCW-200071_02958	gnl|TC-DB|Q05839|8.A.9.1.1	30.3	525	296	12	7	504	109	590	5.5e-69	258.5
BCW-200071_02964	gnl|TC-DB|P75799|3.A.1.5.11	85.5	303	44	0	1	303	1	303	3.4e-137	484.2
BCW-200071_02965	gnl|TC-DB|P75798|3.A.1.5.11	88.6	306	35	0	1	306	1	306	1.3e-155	545.4
BCW-200071_02966	gnl|TC-DB|P75797|3.A.1.5.11	86.9	512	67	0	1	512	1	512	5.4e-260	892.9
BCW-200071_02967	gnl|TC-DB|P75796|3.A.1.5.11	80.2	622	123	0	1	622	1	622	1.9e-283	971.1
BCW-200071_02975	gnl|TC-DB|Q8NRW0|3.A.1.4.5	42.2	294	164	2	228	521	4	291	4.2e-58	222.2
BCW-200071_02976	gnl|TC-DB|Q8NRW1|3.A.1.4.5	47.2	377	183	7	27	403	49	409	2.5e-93	339.0
BCW-200071_02985	gnl|TC-DB|P31474|2.A.1.3.51	84.2	475	75	0	1	475	1	475	3.0e-212	734.2
BCW-200071_02988	gnl|TC-DB|P02925|3.A.1.2.1	95.6	296	13	0	1	296	1	296	2.4e-151	531.2
BCW-200071_02989	gnl|TC-DB|P0AGI1|3.A.1.2.1	97.5	321	8	0	1	321	1	321	2.3e-152	534.6
BCW-200071_02990	gnl|TC-DB|P04983|3.A.1.2.1	95.6	501	22	0	1	501	1	501	1.9e-273	937.6
BCW-200071_02992	gnl|TC-DB|P63183|2.A.72.1.1	92.6	622	46	0	1	622	1	622	0.0e+00	1139.4
BCW-200071_03000	gnl|TC-DB|C4X3L3|1.A.77.3.8	89.7	126	13	0	1	126	25	150	8.8e-55	209.1
BCW-200071_03001	gnl|TC-DB|P0AB98|3.A.2.1.1	94.8	271	14	0	1	271	1	271	5.2e-145	510.0
BCW-200071_03002	gnl|TC-DB|P68699|3.A.2.1.1	100.0	79	0	0	1	79	1	79	2.8e-35	143.7
BCW-200071_03003	gnl|TC-DB|P0ABA0|3.A.2.1.1	94.9	156	8	0	1	156	1	156	2.3e-52	201.4
BCW-200071_03004	gnl|TC-DB|P0ABA4|3.A.2.1.1	89.8	177	18	0	1	177	1	177	6.9e-82	299.7
BCW-200071_03005	gnl|TC-DB|P0ABB0|3.A.2.1.1	95.3	513	24	0	1	513	1	513	3.0e-279	956.8
BCW-200071_03006	gnl|TC-DB|P0ABA6|3.A.2.1.1	92.3	287	22	0	1	287	1	287	3.1e-148	520.8
BCW-200071_03007	gnl|TC-DB|P0ABB4|3.A.2.1.1	97.8	460	10	0	1	460	1	460	1.5e-258	887.9
BCW-200071_03008	gnl|TC-DB|P0A6E6|3.A.2.1.1	95.7	139	6	0	1	139	1	139	5.3e-69	256.5
BCW-200071_03012	gnl|TC-DB|P0AG82|3.A.1.7.1	93.6	346	22	0	1	346	1	346	4.8e-188	653.3
BCW-200071_03013	gnl|TC-DB|P0AGH8|3.A.1.7.1	95.3	319	15	0	1	319	1	319	1.1e-165	578.9
BCW-200071_03014	gnl|TC-DB|P07654|3.A.1.7.1	94.6	296	16	0	1	296	1	296	6.2e-152	533.1
BCW-200071_03015	gnl|TC-DB|P0AAH0|3.A.1.7.1	97.7	257	6	0	1	257	1	257	8.9e-147	515.8
BCW-200071_03018	gnl|TC-DB|P31466|2.A.40.7.6	94.1	444	26	0	1	444	1	444	8.9e-227	782.3
BCW-200071_03022	gnl|TC-DB|P31462|2.A.1.2.22	73.6	367	92	2	1	363	21	386	2.8e-141	498.0
BCW-200071_03024	gnl|TC-DB|P25714|2.A.9.3.1	90.9	548	50	0	1	548	1	548	2.6e-281	963.8
BCW-200071_03035	gnl|TC-DB|P0AA76|2.A.1.14.7	92.1	430	34	0	1	430	1	430	5.5e-234	806.2
BCW-200071_03041	gnl|TC-DB|B7L824|2.A.81.1.5	82.5	553	97	0	1	553	1	553	3.0e-256	880.6
BCW-200071_03043	gnl|TC-DB|Q9AGA7|4.A.1.1.10	88.3	540	61	1	1	538	1	540	3.4e-273	936.8
BCW-200071_03045	gnl|TC-DB|P0ADM0|9.B.51.1.1	82.6	115	20	0	1	115	1	115	5.0e-49	189.9
BCW-200071_03049	gnl|TC-DB|P31442|2.A.1.2.9	86.0	394	55	0	1	394	1	394	4.2e-188	653.7
BCW-200071_03057	gnl|TC-DB|P09836|2.A.1.4.4	88.1	438	52	0	1	438	1	438	1.4e-232	801.6
BCW-200071_03058	gnl|TC-DB|P0AGC0|2.A.1.4.1	93.3	463	31	0	1	463	1	463	6.8e-246	845.9
BCW-200071_03060	gnl|TC-DB|P0ADL1|2.A.1.2.26	84.1	384	61	0	13	396	11	394	1.0e-173	605.9
BCW-200071_03061	gnl|TC-DB|P31437|2.A.7.3.12	84.6	298	46	0	1	298	1	298	2.9e-136	481.1
BCW-200071_03063	gnl|TC-DB|P69791|4.A.3.2.1	50.5	97	48	0	5	101	17	113	3.0e-21	97.4
BCW-200071_03064	gnl|TC-DB|Q86Z14|8.A.49.1.2	27.1	473	284	17	4	459	80	508	4.4e-43	172.2
BCW-200071_03065	gnl|TC-DB|Q9KSH4|4.A.3.2.6	45.2	438	239	1	4	441	6	442	1.9e-120	429.1
BCW-200071_03066	gnl|TC-DB|Q9KSH5|4.A.3.2.6	52.0	100	48	0	1	100	1	100	3.6e-22	100.5
BCW-200071_03071	gnl|TC-DB|Q9ZGB6|2.A.1.3.32	38.5	499	303	3	1	496	1	498	1.7e-93	339.7
BCW-200071_03074	gnl|TC-DB|P28635|3.A.1.24.1	64.3	258	92	0	9	266	14	271	3.7e-95	344.4
BCW-200071_03076	gnl|TC-DB|Q3YL97|1.B.20.1.3	54.7	561	251	2	8	565	25	585	2.7e-180	628.2
BCW-200071_03077	gnl|TC-DB|917745143|1.C.75.1.2	44.0	750	363	11	3058	3757	2446	3188	8.9e-116	416.8
BCW-200071_03077	gnl|TC-DB|917745143|1.C.75.1.2	43.5	285	154	6	17	297	55	336	8.2e-53	207.6
BCW-200071_03089	gnl|TC-DB|G3IME2|9.B.35.1.2	36.6	112	68	2	27	136	31	141	4.6e-17	84.0
BCW-200071_03098	gnl|TC-DB|P31435|2.A.2.3.4	86.4	464	59	1	1	464	1	460	3.2e-235	810.4
BCW-200071_03101	gnl|TC-DB|P0AGM9|2.A.40.4.2	92.9	463	32	1	1	463	1	462	1.9e-235	811.2
BCW-200071_03111	gnl|TC-DB|P30130|1.B.11.3.9	34.4	808	482	14	54	817	74	877	5.6e-126	448.4
BCW-200071_03121	gnl|TC-DB|P0AGM2|1.A.62.2.3	86.8	205	27	0	1	205	1	205	5.7e-96	346.7
BCW-200071_03133	gnl|TC-DB|B8F5K7|4.D.1.3.2	49.6	244	121	2	5	246	4	247	7.3e-64	240.4
BCW-200071_03149	gnl|TC-DB|B7LEG0|1.A.34.1.2	39.5	119	67	3	308	425	262	376	5.0e-17	85.5
BCW-200071_03159	gnl|TC-DB|P33231|2.A.14.1.1	92.2	551	43	0	1	551	1	551	2.9e-288	986.9
BCW-200071_03163	gnl|TC-DB|P00550|4.A.2.1.2	92.7	634	45	1	1	634	1	633	0.0e+00	1126.7
BCW-200071_03164	gnl|TC-DB|P32108|9.B.32.1.1	81.5	108	18	1	1	106	1	108	4.1e-46	180.3
BCW-200071_03165	gnl|TC-DB|P37683|8.A.1.1.4	78.0	378	83	0	1	378	1	378	1.8e-164	575.1
BCW-200071_03172	gnl|TC-DB|P37681|9.B.99.1.1	58.1	246	103	0	1	246	1	246	5.1e-83	303.9
BCW-200071_03174	gnl|TC-DB|P23481|3.D.1.9.1	36.7	177	70	4	1	142	1	170	2.7e-26	114.8
BCW-200071_03181	gnl|TC-DB|P0AGI4|3.A.1.2.4	90.6	393	37	0	1	393	1	393	6.9e-183	636.3
BCW-200071_03182	gnl|TC-DB|P37388|3.A.1.2.4	88.5	513	59	0	1	513	1	513	8.0e-264	905.6
BCW-200071_03183	gnl|TC-DB|P37387|3.A.1.2.4	87.6	330	41	0	1	330	1	330	2.1e-164	574.7
BCW-200071_03188	gnl|TC-DB|P37669|9.B.97.1.1	82.8	331	57	0	1	331	1	331	1.5e-162	568.5
BCW-200071_03196	gnl|TC-DB|Q9RPP3|2.A.1.14.8	27.2	423	288	9	14	423	33	448	1.2e-39	160.6
BCW-200071_03200	gnl|TC-DB|P37665|9.B.186.1.1	91.3	219	19	0	1	219	1	219	5.6e-81	297.0
BCW-200071_03201	gnl|TC-DB|P20099|5.A.3.4.3	83.2	774	130	0	2	775	4	777	0.0e+00	1384.8
BCW-200071_03206	gnl|TC-DB|P37662|2.A.1.11.3	88.6	350	40	0	1	350	1	350	3.1e-170	594.3
BCW-200071_03209	gnl|TC-DB|P33950|3.A.1.5.27	55.3	517	230	1	19	535	30	545	9.2e-170	593.2
BCW-200071_03210	gnl|TC-DB|W0WN20|3.A.1.5.39	65.5	339	114	1	1	339	1	336	2.8e-124	441.4
BCW-200071_03211	gnl|TC-DB|W0WMS8|3.A.1.5.39	53.7	283	131	0	17	299	18	300	4.8e-83	304.3
BCW-200071_03212	gnl|TC-DB|P45095|3.A.1.5.27	75.4	325	79	1	1	325	1	324	7.4e-138	486.5
BCW-200071_03213	gnl|TC-DB|P45094|3.A.1.5.27	76.1	326	77	1	3	327	2	327	1.3e-140	495.7
BCW-200071_03219	gnl|TC-DB|P77374|5.A.3.3.1	23.9	528	304	19	11	459	60	568	1.4e-15	81.6
BCW-200071_03221	gnl|TC-DB|Q55107|3.A.1.16.3	52.5	259	121	2	3	260	1	258	3.4e-77	284.6
BCW-200071_03222	gnl|TC-DB|Q7BW13|3.A.1.16.2	50.4	246	118	2	48	290	15	259	8.8e-66	246.9
BCW-200071_03223	gnl|TC-DB|Q44292|3.A.1.16.4	38.6	409	209	11	1	376	1	400	7.3e-74	274.2
BCW-200071_03230	gnl|TC-DB|P31801|2.A.19.1.1	88.8	366	39	1	1	364	1	366	2.1e-170	594.7
BCW-200071_03238	gnl|TC-DB|P27125|2.A.7.6.1	89.0	344	38	0	1	344	1	344	1.4e-174	608.6
BCW-200071_03245	gnl|TC-DB|P69380|2.A.4.7.1	90.4	291	28	0	1	291	1	291	4.2e-148	520.4
BCW-200071_03247	gnl|TC-DB|P0AG78|3.A.1.6.1	92.7	329	24	0	1	329	1	329	3.5e-180	627.1
BCW-200071_03252	gnl|TC-DB|B7MI53|9.B.124.2.2	74.8	139	35	0	1	139	1	139	2.7e-57	217.6
BCW-200071_03256	gnl|TC-DB|P0AER0|1.A.8.1.1	88.6	281	32	0	1	281	1	281	4.1e-145	510.4
BCW-200071_03264	gnl|TC-DB|Q9ZKE4|3.A.11.3.1	32.4	534	336	10	198	730	108	617	2.5e-69	260.0
BCW-200071_03282	gnl|TC-DB|P06129|1.B.14.3.1	64.4	620	207	8	1	612	1	614	3.5e-234	807.4
BCW-200071_03288	gnl|TC-DB|P24183|5.A.3.2.1	70.5	1016	299	1	1	1016	1	1015	0.0e+00	1565.1
BCW-200071_03289	gnl|TC-DB|P0AAJ3|5.A.3.2.1	85.4	295	42	1	1	295	1	294	7.6e-158	552.7
BCW-200071_03290	gnl|TC-DB|P0AEK7|5.A.3.2.1	87.9	215	23	1	1	212	1	215	2.3e-108	387.9
BCW-200071_03291	gnl|TC-DB|P07658|3.D.1.9.2	64.9	715	246	4	1	713	1	712	2.6e-289	990.7
BCW-200071_03300	gnl|TC-DB|Q9CIP5|3.A.1.135.1	26.3	224	138	7	14	229	438	642	3.9e-14	75.1
BCW-200071_03317	gnl|TC-DB|C7NLF6|2.A.115.2.6	54.6	183	83	0	4	186	38	220	4.0e-49	191.0
BCW-200071_03320	gnl|TC-DB|P0AAQ6|3.A.5.1.1	86.3	117	16	0	1	117	1	117	1.5e-56	214.9
BCW-200071_03324	gnl|TC-DB|P40739|4.A.1.2.11	36.6	453	272	5	9	458	9	449	8.1e-74	274.2
BCW-200071_03333	gnl|TC-DB|P31224|2.A.6.2.2	92.6	1049	78	0	1	1049	1	1049	0.0e+00	1868.6
BCW-200071_03334	gnl|TC-DB|P0AE06|8.A.1.6.1	84.1	397	63	0	1	397	1	397	5.7e-185	643.3
BCW-200071_03336	gnl|TC-DB|P77338|1.A.23.1.1	76.2	1113	265	0	3	1115	6	1118	0.0e+00	1600.5
BCW-200071_03348	gnl|TC-DB|P39830|2.A.37.1.5	90.5	558	53	0	1	558	1	558	1.6e-273	937.9
BCW-200071_03349	gnl|TC-DB|P52067|2.A.1.35.1	90.9	405	37	0	1	405	1	405	6.2e-203	703.0
BCW-200071_03360	gnl|TC-DB|P31064|9.B.102.1.1	89.9	396	40	0	1	396	1	396	7.3e-212	732.6
BCW-200071_03367	gnl|TC-DB|P0A915|1.B.39.1.6	79.7	212	42	1	1	211	1	212	2.2e-98	354.8
BCW-200071_03371	gnl|TC-DB|P02929|2.C.1.1.1	66.1	239	81	0	4	242	1	239	1.3e-51	199.5
BCW-200071_03374	gnl|TC-DB|L0LHM3|2.A.7.31.3	35.6	275	176	1	1	274	1	275	4.1e-41	164.9
BCW-200071_03377	gnl|TC-DB|P76249|2.A.76.1.5	73.3	210	56	0	1	210	1	210	1.6e-80	295.4
BCW-200071_03380	gnl|TC-DB|Q1D027|1.A.1.24.3	41.1	270	145	6	8	273	13	272	1.6e-40	162.9
BCW-200071_03381	gnl|TC-DB|P08007|3.A.1.5.1	95.2	334	16	0	1	334	1	334	2.1e-188	654.4
BCW-200071_03382	gnl|TC-DB|P76027|3.A.1.5.41	91.1	337	30	0	1	337	1	337	3.2e-176	614.0
BCW-200071_03383	gnl|TC-DB|P08006|3.A.1.5.1	95.7	302	13	0	1	302	1	302	6.8e-138	486.5
BCW-200071_03384	gnl|TC-DB|P0AFH2|3.A.1.5.41	94.8	306	16	0	1	306	1	306	3.7e-147	517.3
BCW-200071_03385	gnl|TC-DB|P23843|3.A.1.5.41	82.9	544	92	1	1	544	1	543	1.1e-279	958.4
BCW-200071_03386	gnl|TC-DB|P25743|2.A.95.1.7	87.9	215	26	0	1	215	1	215	2.6e-99	357.8
BCW-200071_03396	gnl|TC-DB|P11350|5.A.3.1.1	87.5	224	28	0	1	224	1	224	7.9e-115	409.5
BCW-200071_03398	gnl|TC-DB|P11349|5.A.3.1.1	92.6	511	37	1	1	510	1	511	6.7e-295	1008.8
BCW-200071_03399	gnl|TC-DB|P09152|5.A.3.1.1	93.6	1247	80	0	1	1247	1	1247	0.0e+00	2493.4
BCW-200071_03400	gnl|TC-DB|P10903|2.A.1.8.1	86.0	463	65	0	1	463	1	463	1.1e-232	802.0
BCW-200071_03404	gnl|TC-DB|P39456|3.A.1.3.14	60.0	55	22	0	1	55	193	247	2.5e-15	77.0
BCW-200071_03405	gnl|TC-DB|Q8YPM8|3.A.1.3.18	32.3	223	138	4	17	232	80	296	1.3e-23	106.7
BCW-200071_03406	gnl|TC-DB|Q52814|3.A.1.3.8	31.5	197	129	2	26	216	173	369	2.8e-19	92.0
BCW-200071_03409	gnl|TC-DB|O32167|3.A.1.24.2	49.1	269	129	3	5	269	9	273	1.9e-67	252.3
BCW-200071_03410	gnl|TC-DB|O32168|3.A.1.24.2	62.2	222	84	0	1	222	1	222	1.0e-66	249.6
BCW-200071_03411	gnl|TC-DB|O32169|3.A.1.24.2	56.8	338	145	1	1	337	1	338	3.1e-107	384.8
BCW-200071_03413	gnl|TC-DB|P32703|2.A.36.3.1	94.5	546	30	0	1	546	1	546	4.5e-281	963.0
BCW-200071_03414	gnl|TC-DB|P0AF52|2.A.40.7.5	94.4	449	25	0	1	449	1	449	1.6e-223	771.5
BCW-200071_03419	gnl|TC-DB|P76330|9.B.34.1.4	31.2	202	130	5	264	460	360	557	3.8e-18	89.4
BCW-200071_03436	gnl|TC-DB|P28303|2.A.66.1.4	81.8	439	80	0	1	439	19	457	1.0e-198	689.1
BCW-200071_03443	gnl|TC-DB|P02943|1.B.3.1.1	84.1	446	68	3	1	444	2	446	2.7e-228	787.3
BCW-200071_03444	gnl|TC-DB|P68187|3.A.1.1.1	94.9	371	17	1	1	369	1	371	6.9e-201	696.0
BCW-200071_03445	gnl|TC-DB|P0AEX9|3.A.1.1.1	91.9	396	32	0	1	396	1	396	3.0e-218	753.8
BCW-200071_03446	gnl|TC-DB|P02916|3.A.1.1.1	88.9	514	57	0	1	514	1	514	2.2e-269	924.1
BCW-200071_03447	gnl|TC-DB|P68183|3.A.1.1.1	93.2	296	20	0	1	296	1	296	2.4e-156	547.7
BCW-200071_03449	gnl|TC-DB|D8EPC3|1.B.14.16.4	91.1	698	62	0	1	698	1	698	0.0e+00	1345.1
BCW-200071_03455	gnl|TC-DB|Q9K0A9|2.A.28.2.4	44.7	300	164	1	3	300	9	308	2.2e-62	235.7
BCW-200071_03460	gnl|TC-DB|P0AF43|2.A.58.2.1	91.5	543	46	0	1	543	1	543	1.1e-266	915.2
BCW-200071_03471	gnl|TC-DB|P0AFY6|9.A.18.1.1	88.6	405	46	0	1	405	1	405	7.6e-209	722.6
BCW-200071_03477	gnl|TC-DB|P25744|2.A.1.2.20	60.8	393	153	1	3	395	11	402	1.3e-128	456.1
BCW-200071_03481	gnl|TC-DB|P0AAP1|9.B.34.1.2	68.2	371	118	0	1	371	1	371	4.4e-147	517.3
BCW-200071_03494	gnl|TC-DB|P0AD99|2.A.26.1.10	88.8	439	49	0	1	439	1	439	2.5e-218	754.2
BCW-200071_03495	gnl|TC-DB|P37460|2.A.3.1.6	94.3	456	26	0	1	456	1	456	2.1e-247	850.9
BCW-200071_03496	gnl|TC-DB|Q07837|8.A.9.1.2	25.3	371	193	16	177	487	140	486	2.2e-18	90.5
BCW-200071_03501	gnl|TC-DB|P0ADZ7|3.A.5.1.1	94.5	110	6	0	1	110	1	110	7.9e-52	199.1
BCW-200071_03502	gnl|TC-DB|P0AG90|2.A.6.4.1	92.2	604	47	0	1	604	12	615	1.0e-310	1061.6
BCW-200071_03503	gnl|TC-DB|P0AG93|2.A.6.4.1	88.2	323	38	0	1	323	1	323	4.9e-158	553.5
BCW-200071_03504	gnl|TC-DB|P0A927|1.B.10.1.1	88.1	294	33	1	3	294	1	294	4.7e-160	560.1
BCW-200071_03511	gnl|TC-DB|P77735|8.A.5.1.6	88.3	324	38	0	1	324	1	324	1.5e-167	585.1
BCW-200071_03519	gnl|TC-DB|P77726|2.A.1.2.60	84.5	452	70	0	1	452	1	452	3.9e-214	740.3
BCW-200071_03521	gnl|TC-DB|P0ABJ6|3.D.4.5.1	86.2	109	14	1	1	108	1	109	1.8e-48	188.0
BCW-200071_03522	gnl|TC-DB|P0ABJ3|3.D.4.5.1	88.7	204	23	0	1	204	1	204	1.8e-102	368.2
BCW-200071_03523	gnl|TC-DB|P0ABI8|3.D.4.5.1	91.0	663	60	0	1	663	1	663	0.0e+00	1246.5
BCW-200071_03524	gnl|TC-DB|P0ABJ1|3.D.4.5.1	93.0	315	22	0	1	315	1	315	7.0e-170	592.8
BCW-200071_03525	gnl|TC-DB|P0AE16|2.A.1.25.2	82.3	491	87	0	1	491	1	491	1.7e-231	798.1
BCW-200071_03534	gnl|TC-DB|A1EMW4|3.A.11.2.3	54.8	62	28	0	68	129	42	103	5.0e-13	70.5
BCW-200071_03541	gnl|TC-DB|P77265|3.A.1.106.13	89.0	590	65	0	1	590	1	590	3.5e-303	1036.6
BCW-200071_03542	gnl|TC-DB|P0AAG5|3.A.1.106.13	86.0	593	83	0	1	593	1	593	8.6e-286	978.8
BCW-200071_03544	gnl|TC-DB|P69681|1.A.11.1.1	90.9	428	39	0	1	428	1	428	1.7e-195	678.3
BCW-200071_03545	gnl|TC-DB|P76128|3.A.1.5.38	26.6	369	232	9	11	365	160	503	5.8e-25	111.7
BCW-200071_03546	gnl|TC-DB|W0WN20|3.A.1.5.39	42.1	330	188	2	16	344	6	333	2.0e-64	242.7
BCW-200071_03547	gnl|TC-DB|W0WMS8|3.A.1.5.39	46.2	264	134	2	44	299	35	298	1.5e-60	229.6
BCW-200071_03548	gnl|TC-DB|P26905|3.A.1.5.2	45.8	260	138	3	13	269	4	263	3.9e-58	221.5
BCW-200071_03549	gnl|TC-DB|Q9X0F3|3.A.1.5.12	46.4	263	119	6	1	242	3	264	5.6e-56	214.2
BCW-200071_03564	gnl|TC-DB|C5IZH0|2.A.6.2.47	91.3	391	34	0	1	391	1	391	2.0e-198	688.0
BCW-200071_03565	gnl|TC-DB|C5IZH1|2.A.6.2.47	96.4	1050	38	0	1	1050	1	1050	0.0e+00	1932.1
BCW-200071_03568	gnl|TC-DB|Q9S3J9|2.A.1.2.18	30.1	382	265	2	5	385	3	383	8.5e-40	161.0
BCW-200071_03575	gnl|TC-DB|P36554|2.A.1.3.26	81.1	201	38	0	3	203	269	469	2.0e-85	311.6
BCW-200071_03577	gnl|TC-DB|E7UC95|1.E.14.1.9	81.8	132	24	0	1	132	1	132	4.2e-55	210.3
BCW-200071_03578	gnl|TC-DB|P60643|2.A.122.1.3	27.3	220	159	1	11	229	14	233	6.5e-16	80.9
BCW-200071_03579	gnl|TC-DB|P32705|2.A.21.7.2	92.9	549	39	0	1	549	1	549	1.7e-283	971.1
BCW-200071_03580	gnl|TC-DB|P0AF54|9.B.136.1.1	80.6	103	20	0	1	103	1	103	5.9e-41	162.9
BCW-200071_03581	gnl|TC-DB|P31552|4.C.1.1.6	23.4	529	371	15	90	616	21	517	8.1e-27	118.6
BCW-200071_03582	gnl|TC-DB|P21345|2.A.23.1.1	93.6	437	28	0	1	437	1	437	9.3e-221	762.3
BCW-200071_03587	gnl|TC-DB|P07658|3.D.1.9.2	93.9	558	34	0	1	558	157	714	0.0e+00	1084.7
BCW-200071_03588	gnl|TC-DB|P07658|3.D.1.9.2	95.7	139	6	0	1	139	1	139	2.9e-75	277.3
BCW-200071_03595	gnl|TC-DB|P61320|1.B.46.1.1	86.1	201	28	0	3	203	7	207	3.7e-103	370.5
BCW-200071_03598	gnl|TC-DB|P0AFR2|2.A.53.3.11	90.3	559	54	0	1	559	1	559	2.6e-252	867.5
BCW-200071_03605	gnl|TC-DB|P23877|3.A.1.14.2	83.3	330	55	0	1	330	1	330	5.1e-147	516.9
BCW-200071_03606	gnl|TC-DB|P23876|3.A.1.14.2	85.0	334	49	1	1	333	1	334	1.2e-146	515.8
BCW-200071_03607	gnl|TC-DB|Q8ZR35|2.A.1.38.3	81.4	413	77	0	1	413	1	413	7.8e-185	642.9
BCW-200071_03608	gnl|TC-DB|C8U2V6|3.A.1.14.2	81.1	318	60	0	1	318	1	318	7.2e-146	513.1
BCW-200071_03610	gnl|TC-DB|Q89SS6|2.A.1.42.2	23.0	483	339	11	50	522	655	1114	3.9e-19	92.8
BCW-200071_03614	gnl|TC-DB|P15078|2.A.114.1.1	89.2	701	76	0	1	701	1	701	0.0e+00	1228.8
BCW-200071_03620	gnl|TC-DB|A6VKS8|3.A.1.2.13	36.6	495	309	4	6	499	7	497	1.7e-85	313.2
BCW-200071_03621	gnl|TC-DB|B8H230|3.A.1.2.21	34.9	315	187	4	20	327	22	325	3.7e-36	148.7
BCW-200071_03639	gnl|TC-DB|P0ABP3|2.A.61.1.1	92.3	456	35	0	1	456	1	456	3.2e-224	773.9
BCW-200071_03643	gnl|TC-DB|P77239|2.A.6.1.4	38.6	389	233	3	9	396	12	395	4.3e-63	238.4
BCW-200071_03644	gnl|TC-DB|P38054|2.A.6.1.4	63.5	1038	376	3	1	1035	1	1038	0.0e+00	1323.9
BCW-200071_03647	gnl|TC-DB|P37002|1.A.43.1.1	86.6	127	17	0	1	127	1	127	1.1e-60	228.8
BCW-200071_03649	gnl|TC-DB|P0A843|2.A.64.1.1	91.0	67	6	0	1	67	1	67	1.7e-25	110.9
BCW-200071_03656	gnl|TC-DB|P0ABG7|2.A.103.1.2	95.1	370	18	0	1	370	1	370	3.9e-196	680.2
BCW-200071_03662	gnl|TC-DB|P0ADC1|1.B.42.1.2	69.4	193	55	1	1	189	1	193	2.6e-71	264.6
BCW-200071_03666	gnl|TC-DB|P0AAG3|3.A.1.3.4	93.8	241	15	0	1	241	1	241	4.0e-125	443.7
BCW-200071_03667	gnl|TC-DB|P0AER5|3.A.1.3.4	93.3	223	15	0	1	223	1	223	9.3e-108	386.0
BCW-200071_03668	gnl|TC-DB|P0AER3|3.A.1.3.4	92.7	246	18	0	1	246	1	246	5.6e-122	433.3
BCW-200071_03669	gnl|TC-DB|P37902|3.A.1.3.4	90.1	302	29	1	1	301	1	302	4.4e-153	537.0
BCW-200071_03671	gnl|TC-DB|P0A2L3|9.A.40.1.2	92.8	292	21	0	1	292	1	292	6.6e-154	539.7
BCW-200071_03688	gnl|TC-DB|P09323|4.A.1.1.2	55.1	677	268	8	1	671	1	647	8.5e-181	630.2
BCW-200071_03690	gnl|TC-DB|P75733|1.B.25.1.13	88.7	468	50	3	1	465	1	468	1.1e-251	865.1
BCW-200071_03698	gnl|TC-DB|P0AAF1|2.A.3.2.1	92.2	435	34	0	2	436	4	438	1.5e-226	781.6
BCW-200071_03702	gnl|TC-DB|Q93N33|2.A.21.9.2	28.4	313	189	9	583	886	730	1016	4.8e-22	103.2
BCW-200071_03703	gnl|TC-DB|P03961|3.A.3.7.1	66.1	186	63	0	1	186	1	186	9.5e-61	229.6
BCW-200071_03704	gnl|TC-DB|P03960|3.A.3.7.1	90.5	682	65	0	1	682	1	682	0.0e+00	1156.7
BCW-200071_03705	gnl|TC-DB|P03959|3.A.3.7.1	82.8	557	96	0	1	557	1	557	2.7e-257	884.0
BCW-200071_03713	gnl|TC-DB|B1HGV3|9.B.211.1.1	53.9	330	139	3	1	330	1	317	3.9e-86	314.7
BCW-200071_03719	gnl|TC-DB|X5H3P0|3.D.10.1.6	52.8	589	268	6	7	588	12	597	5.3e-171	597.4
BCW-200071_03720	gnl|TC-DB|X5GWN5|3.D.10.1.6	50.0	234	110	5	4	236	27	254	1.7e-67	252.3
BCW-200071_03725	gnl|TC-DB|P0ABJ9|3.D.4.3.2	92.1	522	41	0	1	522	1	522	2.4e-279	957.2
BCW-200071_03726	gnl|TC-DB|P0ABK2|3.D.4.3.2	90.8	379	35	0	1	379	1	379	1.2e-200	695.3
BCW-200071_03727	gnl|TC-DB|P56100|9.B.85.1.1	86.1	36	5	0	1	36	1	36	1.6e-12	67.0
BCW-200071_03728	gnl|TC-DB|P0AAV0|8.A.79.1.1	84.4	96	15	0	1	96	1	96	5.4e-44	172.9
BCW-200071_03730	gnl|TC-DB|P0ABU9|1.A.30.2.2	95.7	230	10	0	1	230	1	230	3.9e-117	417.2
BCW-200071_03731	gnl|TC-DB|P0ABV8|1.A.30.2.2	88.8	143	15	1	1	143	1	142	1.8e-64	241.5
BCW-200071_03732	gnl|TC-DB|P19934|2.C.1.2.1	87.4	127	16	0	280	406	295	421	1.8e-45	179.9
BCW-200071_03733	gnl|TC-DB|P0A855|2.C.1.2.1	94.7	430	23	0	1	430	1	430	3.8e-150	527.7
BCW-200071_03734	gnl|TC-DB|C6EJJ6|2.C.1.2.1	96.0	174	5	2	1	173	1	173	1.6e-86	315.1
BCW-200071_03735	gnl|TC-DB|P45955|2.C.1.2.1	87.4	190	24	0	1	190	1	190	3.7e-71	264.6
BCW-200071_03741	gnl|TC-DB|Q59385|3.A.3.5.5	84.3	834	129	2	1	832	1	834	0.0e+00	1339.7
BCW-200071_03744	gnl|TC-DB|P0AA53|8.A.21.2.2	94.4	302	17	0	1	302	1	302	6.2e-115	410.2
BCW-200071_03748	gnl|TC-DB|P0A9T8|3.A.1.122.15	92.1	228	18	0	1	228	1	228	3.6e-115	410.6
BCW-200071_03749	gnl|TC-DB|P77504|3.A.1.122.15	87.8	802	98	0	1	802	1	802	0.0e+00	1367.4
BCW-200071_03750	gnl|TC-DB|B5Y0L3|1.B.1.1.18	84.5	375	58	0	7	381	7	381	1.2e-200	695.3
BCW-200071_03751	gnl|TC-DB|Q9HT68|3.A.1.24.5	34.4	250	158	4	10	258	6	250	8.4e-34	140.6
BCW-200071_03752	gnl|TC-DB|O32169|3.A.1.24.2	47.8	341	170	3	1	336	1	338	5.0e-81	297.7
BCW-200071_03753	gnl|TC-DB|Q8NSN3|3.A.1.24.4	39.3	206	125	0	11	216	17	222	4.8e-32	134.4
BCW-200071_03763	gnl|TC-DB|Q57071|4.A.1.1.13	46.8	509	239	6	9	497	4	500	5.1e-122	434.5
BCW-200071_03769	gnl|TC-DB|P30130|1.B.11.3.9	48.8	860	408	11	11	854	34	877	7.1e-233	803.5
BCW-200071_03777	gnl|TC-DB|P16869|1.B.14.1.1	48.9	716	344	6	24	722	19	729	6.3e-198	687.2
BCW-200071_03779	gnl|TC-DB|M3JA40|1.B.52.2.1	42.1	107	52	1	439	545	278	374	2.0e-14	77.4
BCW-200071_03784	gnl|TC-DB|Q05202|1.B.14.1.15	52.8	705	314	7	31	728	66	758	1.7e-214	742.3
BCW-200071_03785	gnl|TC-DB|P24207|2.A.3.1.1	90.6	342	28	1	1	342	1	338	4.6e-175	610.1
BCW-200071_03786	gnl|TC-DB|P24207|2.A.3.1.1	86.3	117	16	0	1	117	342	458	1.3e-49	191.8
BCW-200071_03787	gnl|TC-DB|P76417|2.A.1.10.4	37.8	405	234	6	21	411	6	406	3.0e-67	252.3
BCW-200071_03791	gnl|TC-DB|P0AAT4|1.A.23.4.5	83.5	413	67	1	1	412	1	413	4.6e-193	670.2
BCW-200071_03792	gnl|TC-DB|D9X7X8|2.A.1.3.38	42.7	452	250	3	9	460	24	466	9.5e-86	313.9
BCW-200071_03794	gnl|TC-DB|B5Y048|9.B.8.3.4	73.9	341	89	0	2	342	1	341	9.6e-152	532.7
BCW-200071_03800	gnl|TC-DB|P06971|1.B.14.1.2	39.8	739	405	16	6	712	15	745	1.6e-137	486.5
BCW-200071_03804	gnl|TC-DB|A8R5V4|3.A.3.2.41	48.4	868	440	3	29	895	25	885	1.5e-220	762.7
BCW-200071_03805	gnl|TC-DB|P76397|8.A.1.6.2	31.7	331	220	4	31	357	62	390	5.2e-44	174.9
BCW-200071_03806	gnl|TC-DB|Q9I0Y8|2.A.6.2.16	41.1	1039	594	4	4	1024	6	1044	7.1e-211	730.7
BCW-200071_03809	gnl|TC-DB|O32182|2.A.1.3.33	25.1	403	296	5	12	411	20	419	2.0e-32	136.7
BCW-200071_03812	gnl|TC-DB|O34929|2.A.1.26.2	25.7	276	196	4	10	277	9	283	5.5e-20	95.1
BCW-200071_03813	gnl|TC-DB|G8WDN3|2.A.7.21.5	71.5	151	43	0	5	155	1	151	6.9e-52	199.9
BCW-200071_03814	gnl|TC-DB|G8WDN2|2.A.7.21.5	73.2	142	38	0	1	142	1	142	5.9e-55	209.9
BCW-200071_03820	gnl|TC-DB|P17315|1.B.14.1.4	28.5	698	430	22	1	664	1	663	3.9e-61	232.6
BCW-200071_03822	gnl|TC-DB|P42065|3.A.1.5.20	42.7	225	117	3	14	233	31	248	1.3e-48	189.5
BCW-200071_03823	gnl|TC-DB|P45095|3.A.1.5.27	42.7	255	142	3	19	269	21	275	6.0e-48	187.6
BCW-200071_03824	gnl|TC-DB|W0WMS8|3.A.1.5.39	41.2	279	158	1	2	274	19	297	1.6e-53	206.1
BCW-200071_03825	gnl|TC-DB|P77308|3.A.1.5.38	43.8	322	180	1	18	339	14	334	6.0e-66	247.7
BCW-200071_03826	gnl|TC-DB|W0WJ85|3.A.1.5.39	24.6	516	336	21	3	486	2	496	3.8e-19	92.8
BCW-200071_03834	gnl|TC-DB|Q9XCS2|3.A.1.15.7	77.1	288	66	0	15	302	15	302	2.1e-131	464.9
BCW-200071_03835	gnl|TC-DB|Q9XCS1|3.A.1.15.7	79.7	266	54	0	1	266	1	266	2.4e-118	421.4
BCW-200071_03836	gnl|TC-DB|Q9XCS0|3.A.1.15.7	87.9	282	34	0	1	282	1	282	2.5e-134	474.6
BCW-200071_03837	gnl|TC-DB|Q9XCR9|3.A.1.15.7	72.4	257	71	0	2	258	3	259	2.9e-98	354.8
BCW-200071_03839	gnl|TC-DB|P05825|1.B.14.1.22	80.1	758	131	7	1	750	1	746	0.0e+00	1244.2
BCW-200071_03842	gnl|TC-DB|P31552|4.C.1.1.6	23.0	501	337	12	482	956	39	516	1.7e-15	82.0
BCW-200071_03863	gnl|TC-DB|M3JA40|1.B.52.2.1	51.8	83	37	1	331	410	257	339	2.8e-14	76.6
BCW-200071_03864	gnl|TC-DB|P37772|3.A.1.2.25	95.7	327	14	0	1	327	1	327	7.4e-170	592.8
BCW-200071_03865	gnl|TC-DB|P39328|3.A.1.2.25	86.2	340	47	0	1	340	2	341	4.8e-156	547.0
BCW-200071_03866	gnl|TC-DB|Q6BEX0|3.A.1.2.25	94.2	500	29	0	1	500	1	500	1.2e-267	918.3
BCW-200071_03867	gnl|TC-DB|P39325|3.A.1.2.25	94.7	318	17	0	1	318	1	318	2.3e-168	587.8
BCW-200071_03876	gnl|TC-DB|P07110|1.B.11.2.1	45.9	815	420	9	35	834	24	832	1.3e-207	719.5
BCW-200071_03878	gnl|TC-DB|Q8KRT4|1.C.80.1.1	47.5	183	84	5	1	176	1	178	7.3e-31	130.2
BCW-200071_03881	gnl|TC-DB|P39321|9.B.22.1.2	84.5	1259	194	1	1	1258	1	1259	0.0e+00	2164.4
BCW-200071_03882	gnl|TC-DB|P0ADE4|1.B.33.2.4	86.1	577	80	0	1	577	1	577	1.8e-304	1040.8
BCW-200071_03884	gnl|TC-DB|Q0PBV6|9.A.40.2.2	23.2	427	322	4	5	428	26	449	1.4e-35	147.1
BCW-200071_03899	gnl|TC-DB|P39314|2.A.7.3.19	82.9	321	55	0	1	321	1	321	8.8e-152	532.7
BCW-200071_03900	gnl|TC-DB|M3JA40|1.B.52.2.1	54.7	64	29	0	346	409	275	338	5.2e-11	65.9
BCW-200071_03902	gnl|TC-DB|P0AAE0|2.A.3.1.7	94.5	469	26	0	1	469	1	469	1.6e-247	851.3
BCW-200071_03914	gnl|TC-DB|M3JA40|1.B.52.2.1	48.9	88	42	1	482	569	287	371	8.5e-13	72.0
BCW-200071_03916	gnl|TC-DB|P0C0L7|2.A.1.6.4	35.8	424	250	5	12	420	24	440	5.2e-67	251.5
BCW-200071_03942	gnl|TC-DB|P37653|4.D.3.1.6	45.8	675	354	6	5	673	152	820	4.9e-171	597.8
BCW-200071_03943	gnl|TC-DB|P37652|4.D.3.1.6	28.3	734	494	14	39	757	61	777	2.9e-68	256.5
BCW-200071_03944	gnl|TC-DB|P37650|1.B.55.3.1	31.2	285	179	6	1059	1336	861	1135	1.3e-31	135.6
BCW-200071_03952	gnl|TC-DB|P37653|4.D.3.1.6	87.3	872	111	0	1	872	1	872	0.0e+00	1580.1
BCW-200071_03953	gnl|TC-DB|P37652|4.D.3.1.6	76.6	796	155	3	1	796	15	779	0.0e+00	1239.6
BCW-200071_03954	gnl|TC-DB|P37651|4.D.3.1.6	74.2	368	95	0	1	368	1	368	1.1e-169	592.4
BCW-200071_03955	gnl|TC-DB|P37650|1.B.55.3.1	73.9	1163	294	5	1	1160	1	1157	0.0e+00	1600.5
BCW-200071_03957	gnl|TC-DB|P0A830|2.A.23.1.7	93.5	428	28	0	1	428	1	428	1.1e-218	755.4
BCW-200071_03961	gnl|TC-DB|P37645|9.B.121.1.1	87.9	686	83	0	1	686	1	686	0.0e+00	1220.3
BCW-200071_03962	gnl|TC-DB|P37643|2.A.1.6.10	90.2	440	43	0	1	440	1	440	8.8e-219	755.7
BCW-200071_03963	gnl|TC-DB|P37642|9.B.126.1.1	83.2	339	53	1	1	339	1	335	2.3e-158	554.7
BCW-200071_03974	gnl|TC-DB|P0A8S5|9.B.4.1.1	92.8	111	8	0	1	111	1	111	1.1e-56	215.3
BCW-200071_03975	gnl|TC-DB|P0AFJ7|2.A.20.1.1	89.6	500	50	2	1	499	1	499	2.3e-252	867.5
BCW-200071_03977	gnl|TC-DB|Q7B1W8|2.A.109.1.1	82.2	338	60	0	1	338	1	338	3.2e-160	560.8
BCW-200071_03979	gnl|TC-DB|E9RJ18|3.A.7.13.2	37.4	107	56	3	67	163	254	359	3.0e-13	71.6
BCW-200071_03982	gnl|TC-DB|P0AGM0|2.A.86.1.2	89.4	349	37	0	1	349	1	349	2.0e-165	578.2
BCW-200071_03983	gnl|TC-DB|P37621|2.A.1.46.7	81.5	405	75	0	1	405	1	405	7.2e-183	636.3
BCW-200071_03985	gnl|TC-DB|B3WJF3|2.A.88.8.6	91.8	220	18	0	1	220	1	220	4.0e-111	397.1
BCW-200071_03987	gnl|TC-DB|P43020|2.A.56.1.5	35.0	303	188	6	9	308	9	305	3.8e-41	165.2
BCW-200071_03989	gnl|TC-DB|Q8ZKS0|2.A.56.1.5	42.6	425	240	2	6	427	11	434	6.6e-86	314.3
BCW-200071_03991	gnl|TC-DB|P09391|9.B.104.1.1	80.7	275	53	0	1	275	1	275	1.3e-132	468.8
BCW-200071_04000	gnl|TC-DB|P67143|2.A.95.1.5	94.4	197	11	0	1	197	1	197	7.9e-95	342.8
BCW-200071_04001	gnl|TC-DB|P37617|3.A.3.6.2	77.2	732	163	4	1	728	1	732	1.4e-298	1021.5
BCW-200071_04006	gnl|TC-DB|P10121|3.A.5.1.1	95.8	310	13	0	202	511	188	497	3.8e-165	577.8
BCW-200071_04007	gnl|TC-DB|P0A9R7|3.A.1.140.1	95.9	219	9	0	1	219	1	219	2.0e-118	421.4
BCW-200071_04008	gnl|TC-DB|P0AC31|3.A.1.140.1	90.6	352	32	1	1	351	1	352	3.3e-176	614.0
BCW-200071_04011	gnl|TC-DB|P0AD96|3.A.1.4.1	93.7	365	22	1	1	364	3	367	7.8e-197	682.6
BCW-200071_04013	gnl|TC-DB|P04816|3.A.1.4.1	90.0	369	37	0	1	369	1	369	1.9e-195	677.9
BCW-200071_04014	gnl|TC-DB|P0AEX7|3.A.1.4.1	95.1	308	15	0	1	308	1	308	2.2e-152	534.6
BCW-200071_04015	gnl|TC-DB|P22729|3.A.1.4.1	94.1	425	25	0	1	425	1	425	1.2e-209	725.3
BCW-200071_04016	gnl|TC-DB|P0A9S7|3.A.1.4.1	92.9	255	18	0	1	255	1	255	3.2e-136	480.7
BCW-200071_04017	gnl|TC-DB|P22731|3.A.1.4.1	94.9	237	12	0	1	237	1	237	5.2e-125	443.4
BCW-200071_04018	gnl|TC-DB|P0AG80|3.A.1.1.3	89.0	438	48	0	1	438	1	438	7.9e-236	812.4
BCW-200071_04019	gnl|TC-DB|P10905|3.A.1.1.3	92.5	295	22	0	1	295	1	295	9.6e-153	535.8
BCW-200071_04020	gnl|TC-DB|P10906|3.A.1.1.3	88.3	281	33	0	1	281	1	281	2.9e-135	477.6
BCW-200071_04021	gnl|TC-DB|P10907|3.A.1.1.3	91.0	356	32	0	1	356	1	356	1.4e-187	651.7
BCW-200071_04030	gnl|TC-DB|P0AC96|2.A.8.1.8	95.1	446	22	0	1	446	1	446	1.3e-233	805.1
BCW-200071_04034	gnl|TC-DB|P39835|2.A.8.1.4	94.3	438	25	0	1	438	1	438	1.1e-213	738.8
BCW-200071_04039	gnl|TC-DB|B5XTS6|9.A.8.1.10	79.7	79	15	1	1	78	1	79	1.2e-30	128.3
BCW-200071_04040	gnl|TC-DB|B5XTS7|9.A.8.1.10	88.2	772	91	0	1	772	1	772	0.0e+00	1354.0
BCW-200071_04041	gnl|TC-DB|P0AEL3|9.A.8.1.1	89.2	74	8	0	1	74	1	74	9.6e-33	135.2
BCW-200071_04045	gnl|TC-DB|Q9HV74|2.A.21.9.1	27.6	217	139	7	237	437	760	974	1.1e-11	67.8
BCW-200071_04047	gnl|TC-DB|P45804|9.B.65.1.1	46.1	579	300	7	1	575	1	571	2.5e-136	482.3
BCW-200071_04057	gnl|TC-DB|Q1R5P6|1.B.22.4.2	72.1	405	113	0	22	426	5	409	4.3e-162	567.4
BCW-200071_04067	gnl|TC-DB|K6JRX1|1.A.16.3.4	89.2	269	29	0	1	269	1	269	9.4e-139	489.2
BCW-200071_04071	gnl|TC-DB|P60778|2.A.1.7.14	87.2	392	50	0	1	392	1	392	6.3e-192	666.4
BCW-200071_04076	gnl|TC-DB|P45537|2.A.85.1.3	81.5	692	127	1	1	691	5	696	0.0e+00	1137.5
BCW-200071_04082	gnl|TC-DB|O06924|3.B.1.1.4	57.1	553	224	3	9	551	5	554	9.4e-186	646.4
BCW-200071_04085	gnl|TC-DB|O06926|3.B.1.1.4	39.9	243	136	2	4	236	9	251	1.3e-45	179.9
BCW-200071_04086	gnl|TC-DB|O06927|3.B.1.1.4	38.4	164	98	2	52	212	63	226	8.1e-26	114.0
BCW-200071_04087	gnl|TC-DB|O32715|2.A.69.3.3	86.8	319	42	0	1	319	1	319	4.1e-149	523.9
BCW-200071_04091	gnl|TC-DB|Q83XH1|3.A.1.121.4	30.5	547	360	6	1	528	1	546	1.2e-72	270.8
BCW-200071_04092	gnl|TC-DB|P0A756|2.A.37.1.2	87.4	182	23	0	1	182	2	183	8.8e-96	345.9
BCW-200071_04093	gnl|TC-DB|P45522|2.A.37.1.2	91.8	601	49	0	1	601	1	601	1.5e-306	1047.7
BCW-200071_04108	gnl|TC-DB|P22610|3.A.15.2.1	40.9	137	77	2	8	144	137	269	1.6e-18	89.0
BCW-200071_04130	gnl|TC-DB|P0AGA2|3.A.5.1.1	98.6	443	6	0	1	443	1	443	3.0e-243	837.0
BCW-200071_04139	gnl|TC-DB|P0A742|1.A.22.1.1	94.9	136	6	1	1	136	1	135	4.6e-65	243.4
BCW-200071_04140	gnl|TC-DB|P0AGI8|2.A.38.1.1	96.9	458	14	0	1	458	1	458	2.6e-250	860.5
BCW-200071_04144	gnl|TC-DB|Q8VRK4|3.A.11.1.3	36.8	280	153	6	87	362	70	329	8.0e-35	144.4
