BCW-200054_00006	gnl|TC-DB|P76350|2.A.1.6.6	91.0	435	38	1	1	434	1	435	6.0e-228	786.2
BCW-200054_00009	gnl|TC-DB|Q9KRG9|2.A.6.2.38	49.1	1011	513	2	3	1012	22	1031	6.9e-275	943.3
BCW-200054_00010	gnl|TC-DB|Q9RBY9|2.A.6.2.41	29.3	376	219	14	7	353	15	372	7.4e-14	74.7
BCW-200054_00013	gnl|TC-DB|A8R5V4|3.A.3.2.41	48.2	886	450	4	7	890	3	881	1.9e-228	788.9
BCW-200054_00016	gnl|TC-DB|P0AFZ7|2.A.38.1.1	96.7	483	16	0	1	483	1	483	5.9e-269	922.5
BCW-200054_00025	gnl|TC-DB|P69423|2.A.64.1.1	90.4	240	23	0	1	240	1	240	3.2e-120	427.6
BCW-200054_00026	gnl|TC-DB|P69425|2.A.64.1.1	69.8	179	45	1	1	179	1	170	5.3e-53	203.8
BCW-200054_00027	gnl|TC-DB|P69428|2.A.64.1.1	98.0	50	1	0	1	50	1	50	8.0e-20	92.4
BCW-200054_00036	gnl|TC-DB|P0ADP5|2.A.7.3.61	81.6	299	55	0	1	299	1	299	1.3e-141	498.8
BCW-200054_00039	gnl|TC-DB|P0AG34|2.A.76.1.1	89.3	206	22	0	1	206	1	206	2.9e-100	360.9
BCW-200054_00040	gnl|TC-DB|P0AG38|2.A.76.1.2	86.4	206	28	0	1	206	1	206	1.2e-96	349.0
BCW-200054_00041	gnl|TC-DB|Q5EAK4|2.A.16.2.2	26.7	424	258	13	31	426	1378	1776	3.2e-25	113.2
BCW-200054_00044	gnl|TC-DB|P27844|2.A.7.7.2	90.2	296	29	0	1	296	1	296	1.2e-150	528.9
BCW-200054_00045	gnl|TC-DB|P0A2R8|1.A.35.1.2	99.1	316	3	0	1	316	1	316	1.1e-175	612.1
BCW-200054_00052	gnl|TC-DB|P27838|9.B.21.2.1	87.7	106	13	0	1	106	1	106	1.3e-54	208.4
BCW-200054_00063	gnl|TC-DB|P27837|2.A.3.1.15	92.2	461	36	0	1	461	1	461	7.2e-240	825.9
BCW-200054_00065	gnl|TC-DB|B6I4D1|9.B.128.1.1	89.2	446	48	0	1	446	1	446	2.4e-224	774.2
BCW-200054_00067	gnl|TC-DB|P0AAA7|2.A.66.2.3	86.8	416	55	0	1	416	1	416	7.3e-199	689.5
BCW-200054_00073	gnl|TC-DB|P0AC78|9.B.146.1.7	86.6	367	49	0	1	367	1	367	5.9e-168	586.6
BCW-200054_00074	gnl|TC-DB|P40290|3.A.6.1.1	28.6	252	158	5	157	396	148	389	2.0e-15	80.1
BCW-200054_00076	gnl|TC-DB|O00571|1.I.1.1.3	35.7	364	220	4	9	358	180	543	3.5e-55	212.2
BCW-200054_00104	gnl|TC-DB|Q03155|1.B.12.1.1	47.0	453	231	4	416	868	843	1286	2.0e-110	396.7
BCW-200054_00114	gnl|TC-DB|P26949|1.B.11.3.8	37.4	807	487	9	24	813	24	829	5.0e-151	531.6
BCW-200054_00138	gnl|TC-DB|E0SFK1|2.A.69.3.2	59.4	308	125	0	9	316	7	314	7.9e-100	360.1
BCW-200054_00148	gnl|TC-DB|Q8VS41|2.A.24.2.5	46.9	424	221	2	26	445	26	449	8.7e-105	377.1
BCW-200054_00152	gnl|TC-DB|Q6MB84|3.A.7.16.1	30.8	572	362	11	6	568	5	551	5.1e-69	259.2
BCW-200054_00156	gnl|TC-DB|Q6MB85|3.A.7.16.1	24.7	931	586	19	2	878	10	879	7.9e-19	92.8
BCW-200054_00157	gnl|TC-DB|Q93NF2|3.A.7.11.1	39.3	145	86	1	18	160	30	174	7.3e-27	118.2
BCW-200054_00166	gnl|TC-DB|Q6MB91|3.A.7.16.1	40.3	300	168	7	35	329	1	294	6.5e-65	244.2
BCW-200054_00172	gnl|TC-DB|Q6MB93|3.A.7.16.1	32.8	201	123	4	10	206	9	201	1.1e-25	113.2
BCW-200054_00174	gnl|TC-DB|Q5EPB6|3.A.7.11.1	25.1	883	602	21	1	853	1	854	5.3e-58	222.6
BCW-200054_00182	gnl|TC-DB|Q5EPB9|3.A.7.11.1	29.8	393	220	12	69	409	47	435	3.9e-31	132.5
BCW-200054_00200	gnl|TC-DB|P0ABK2|3.D.4.3.2	28.7	363	214	11	8	330	10	367	1.2e-34	143.7
BCW-200054_00212	gnl|TC-DB|P09551|3.A.1.3.1	44.9	247	134	1	5	249	7	253	1.0e-57	219.9
BCW-200054_00218	gnl|TC-DB|P33950|3.A.1.5.27	52.4	515	244	1	16	530	32	545	8.2e-163	570.1
BCW-200054_00222	gnl|TC-DB|P76103|2.A.46.1.9	68.7	383	120	0	1	383	1	383	1.1e-140	496.1
BCW-200054_00239	gnl|TC-DB|P0AAD6|2.A.42.2.1	92.5	429	32	0	1	429	1	429	7.3e-218	752.7
BCW-200054_00246	gnl|TC-DB|C4ZZU4|2.A.1.14.40	94.6	448	24	0	1	448	1	448	8.3e-249	855.5
BCW-200054_00250	gnl|TC-DB|Q93N33|2.A.21.9.2	30.8	273	166	8	265	522	752	1016	7.9e-20	95.9
BCW-200054_00258	gnl|TC-DB|P20166|4.A.1.1.9	46.4	521	253	9	14	519	6	515	3.2e-119	425.2
BCW-200054_00277	gnl|TC-DB|B7LEG0|1.A.34.1.2	76.1	381	82	3	1	374	1	379	1.2e-139	492.7
BCW-200054_00280	gnl|TC-DB|O32182|2.A.1.3.33	21.2	401	256	6	12	353	20	419	6.5e-19	91.7
BCW-200054_00290	gnl|TC-DB|P15031|3.A.1.14.1	39.0	249	149	1	1	246	1	249	5.0e-49	191.0
BCW-200054_00291	gnl|TC-DB|Q7W024|3.A.1.14.20	37.1	280	173	2	64	343	33	309	1.0e-36	150.6
BCW-200054_00293	gnl|TC-DB|Q9KN48|3.A.23.1.1	42.8	278	156	2	330	606	143	418	6.5e-51	198.7
BCW-200054_00300	gnl|TC-DB|P0AAK3|3.D.1.9.2	88.0	200	24	0	1	200	1	200	2.1e-95	344.7
BCW-200054_00301	gnl|TC-DB|P16429|3.D.1.9.2	76.0	608	142	1	1	604	1	608	4.4e-261	896.7
BCW-200054_00302	gnl|TC-DB|P16430|3.D.1.9.2	85.0	307	46	0	1	307	1	307	3.3e-140	494.2
BCW-200054_00303	gnl|TC-DB|P16431|3.D.1.9.2	94.2	569	33	0	1	569	1	569	0.0e+00	1116.3
BCW-200054_00304	gnl|TC-DB|P16432|3.D.1.9.2	89.4	179	19	0	1	179	1	179	2.5e-79	291.2
BCW-200054_00305	gnl|TC-DB|P16433|3.D.1.9.2	92.5	255	19	0	1	255	1	255	1.0e-139	492.3
BCW-200054_00308	gnl|TC-DB|Q86Z14|8.A.49.1.2	25.1	491	288	18	4	474	81	511	5.3e-36	148.7
BCW-200054_00309	gnl|TC-DB|P24241|4.A.1.2.3	89.2	482	50	1	1	482	1	480	1.5e-232	801.6
BCW-200054_00311	gnl|TC-DB|Q5P036|5.A.3.11.1	33.5	164	84	8	5	151	5	160	3.0e-16	81.6
BCW-200054_00313	gnl|TC-DB|P23516|2.A.52.1.1	53.0	336	154	3	9	340	16	351	5.6e-96	347.4
BCW-200054_00316	gnl|TC-DB|Q9KN48|3.A.23.1.1	42.1	266	149	1	187	452	193	453	2.0e-49	193.4
BCW-200054_00321	gnl|TC-DB|P05706|4.A.4.1.1	78.0	118	26	0	1	118	1	118	1.4e-49	191.8
BCW-200054_00322	gnl|TC-DB|P56580|4.A.4.1.1	91.6	320	25	2	1	319	1	319	3.7e-150	527.3
BCW-200054_00323	gnl|TC-DB|P56579|4.A.4.1.1	96.3	187	7	0	1	187	1	187	2.2e-102	367.9
BCW-200054_00325	gnl|TC-DB|A1IQK5|3.A.1.15.10	41.6	202	117	1	2	202	13	214	3.4e-38	154.8
BCW-200054_00326	gnl|TC-DB|A1IQK4|3.A.1.15.10	55.0	271	121	1	3	273	4	273	1.3e-69	259.6
BCW-200054_00327	gnl|TC-DB|Q5FA63|3.A.1.15.10	39.5	306	160	4	1	285	6	307	3.7e-53	204.9
BCW-200054_00348	gnl|TC-DB|Q11G42|2.A.118.1.2	57.0	465	199	1	3	466	12	476	5.6e-139	490.7
BCW-200054_00354	gnl|TC-DB|P36640|3.A.3.4.1	84.1	902	143	0	1	902	1	902	0.0e+00	1498.4
BCW-200054_00356	gnl|TC-DB|P36672|4.A.1.2.4	88.8	472	53	0	1	472	2	473	2.3e-241	830.9
BCW-200054_00357	gnl|TC-DB|Q05839|8.A.9.1.1	31.1	515	287	12	7	496	109	580	7.6e-71	264.6
BCW-200054_00376	gnl|TC-DB|M3JA40|1.B.52.2.1	50.6	83	38	1	331	410	257	339	9.1e-13	71.6
BCW-200054_00377	gnl|TC-DB|P37772|3.A.1.2.25	96.6	327	11	0	1	327	1	327	2.3e-171	597.8
BCW-200054_00378	gnl|TC-DB|P39328|3.A.1.2.25	85.3	340	50	0	1	340	2	341	4.3e-157	550.4
BCW-200054_00379	gnl|TC-DB|Q6BEX0|3.A.1.2.25	94.0	500	30	0	1	500	1	500	8.9e-268	918.7
BCW-200054_00380	gnl|TC-DB|P39325|3.A.1.2.25	95.0	318	16	0	1	318	1	318	2.7e-169	590.9
BCW-200054_00386	gnl|TC-DB|P39321|9.B.22.1.2	85.5	1259	181	1	1	1258	1	1259	0.0e+00	2179.4
BCW-200054_00387	gnl|TC-DB|P0ADE4|1.B.33.2.4	85.4	577	84	0	1	577	1	577	2.9e-302	1033.5
BCW-200054_00389	gnl|TC-DB|Q0PBV6|9.A.40.2.2	23.0	427	323	4	5	428	26	449	1.0e-36	151.0
BCW-200054_00399	gnl|TC-DB|P39314|2.A.7.3.19	82.8	320	55	0	1	320	1	320	6.1e-153	536.6
BCW-200054_00402	gnl|TC-DB|P0AAE0|2.A.3.1.7	95.1	469	23	0	1	469	1	469	1.6e-250	861.3
BCW-200054_00413	gnl|TC-DB|M3JA40|1.B.52.2.1	31.9	163	100	4	482	635	287	447	5.0e-13	72.8
BCW-200054_00415	gnl|TC-DB|P0C0L7|2.A.1.6.4	35.8	424	250	6	7	415	24	440	2.7e-68	255.8
BCW-200054_00433	gnl|TC-DB|G0CIY2|9.B.18.1.1	38.8	464	259	11	19	464	28	484	6.5e-79	291.2
BCW-200054_00434	gnl|TC-DB|P77377|2.A.66.2.7	88.6	492	56	0	1	492	1	492	2.1e-237	817.8
BCW-200054_00455	gnl|TC-DB|P30750|3.A.1.24.1	93.9	343	21	0	1	343	1	343	5.7e-181	629.8
BCW-200054_00456	gnl|TC-DB|P31547|3.A.1.24.1	96.8	217	7	0	1	217	1	217	4.8e-77	283.9
BCW-200054_00457	gnl|TC-DB|P28635|3.A.1.24.1	96.7	271	9	0	1	271	1	271	3.2e-147	517.3
BCW-200054_00477	gnl|TC-DB|P0A943|1.B.33.1.3	88.4	813	83	2	1	805	1	810	0.0e+00	1470.7
BCW-200054_00494	gnl|TC-DB|Q8ZRP7|3.A.1.13.1	77.3	264	60	0	1	264	1	264	2.1e-114	408.3
BCW-200054_00495	gnl|TC-DB|I7MT28|1.A.62.2.2	88.2	203	24	0	1	203	1	203	1.1e-97	352.4
BCW-200054_00497	gnl|TC-DB|A8ALD3|2.A.49.5.5	83.8	462	75	0	1	462	1	462	3.4e-213	737.3
BCW-200054_00499	gnl|TC-DB|P06972|3.A.1.14.3	85.0	660	99	0	1	660	1	660	7.3e-310	1058.9
BCW-200054_00500	gnl|TC-DB|P07822|3.A.1.14.3	75.2	290	72	0	7	296	7	296	2.5e-129	458.0
BCW-200054_00501	gnl|TC-DB|P07821|3.A.1.14.3	92.5	265	20	0	1	265	1	265	9.9e-141	495.7
BCW-200054_00502	gnl|TC-DB|P06971|1.B.14.1.2	89.1	749	80	2	1	749	1	747	0.0e+00	1355.9
BCW-200054_00516	gnl|TC-DB|P0AFN6|3.A.1.105.17	92.2	256	20	0	1	256	1	256	4.0e-131	463.8
BCW-200054_00517	gnl|TC-DB|P36879|3.A.1.105.17	93.5	308	20	0	1	308	1	308	1.9e-159	558.1
BCW-200054_00518	gnl|TC-DB|Q8F8H7|2.A.53.3.8	47.3	188	98	1	7	193	544	731	8.4e-53	203.4
BCW-200054_00521	gnl|TC-DB|P36649|1.B.76.1.8	82.4	522	86	1	14	535	1	516	4.0e-250	860.1
BCW-200054_00522	gnl|TC-DB|P0AA95|8.A.2.1.3	96.1	102	4	0	1	102	14	115	8.7e-53	202.2
BCW-200054_00533	gnl|TC-DB|P15993|2.A.3.1.3	93.4	456	30	0	1	456	2	457	4.8e-244	839.7
BCW-200054_00534	gnl|TC-DB|P31435|2.A.2.3.4	45.8	461	247	3	1	460	1	459	8.9e-121	430.3
BCW-200054_00536	gnl|TC-DB|P0AE14|9.B.125.1.1	81.0	284	54	0	1	284	1	284	1.9e-129	458.4
BCW-200054_00540	gnl|TC-DB|P22608|3.A.15.2.1	47.7	386	182	8	81	453	185	563	8.1e-90	327.4
BCW-200054_00541	gnl|TC-DB|P22609|3.A.15.2.1	30.0	333	228	1	64	391	41	373	4.8e-43	171.8
BCW-200054_00547	gnl|TC-DB|P10408|3.A.5.1.1	91.0	900	81	0	1	900	1	900	0.0e+00	1598.6
BCW-200054_00556	gnl|TC-DB|P0ABG4|2.A.103.1.1	90.3	414	40	0	1	414	1	414	1.5e-212	734.9
BCW-200054_00558	gnl|TC-DB|P0A6W3|9.B.146.1.6	98.1	360	7	0	1	360	1	360	3.6e-202	700.3
BCW-200054_00573	gnl|TC-DB|Q1LHU8|2.A.4.7.9	56.3	277	121	0	18	294	47	323	5.0e-85	310.8
BCW-200054_00575	gnl|TC-DB|P31675|2.A.1.20.1	86.5	392	53	0	1	392	1	392	8.4e-189	656.0
BCW-200054_00578	gnl|TC-DB|P31550|3.A.1.19.1	89.0	327	36	0	1	327	1	327	1.3e-171	598.6
BCW-200054_00579	gnl|TC-DB|P31549|3.A.1.19.1	82.8	536	92	0	1	536	1	536	1.2e-254	875.2
BCW-200054_00580	gnl|TC-DB|P31548|3.A.1.19.1	74.8	230	58	0	1	230	1	230	3.8e-96	347.4
BCW-200054_00590	gnl|TC-DB|P31554|1.B.42.1.2	82.3	784	138	1	1	783	1	784	0.0e+00	1374.4
BCW-200054_00597	gnl|TC-DB|P03819|2.A.37.1.1	85.8	621	87	1	1	621	1	620	1.3e-295	1011.5
BCW-200054_00598	gnl|TC-DB|P0A754|2.A.37.1.1	88.6	176	20	0	1	176	1	176	3.4e-97	350.5
BCW-200054_00605	gnl|TC-DB|B8I766|9.B.105.1.5	32.7	162	94	5	13	165	2	157	5.8e-14	73.9
BCW-200054_00610	gnl|TC-DB|P13738|2.A.33.1.1	75.8	384	93	0	1	384	1	384	9.4e-156	546.2
BCW-200054_00612	gnl|TC-DB|P0A6Y8|1.A.33.1.2	93.9	638	38	1	1	637	1	638	0.0e+00	1135.9
BCW-200054_00613	gnl|TC-DB|P0AC98|2.A.96.1.1	87.2	188	24	0	1	188	1	188	3.9e-91	330.5
BCW-200054_00614	gnl|TC-DB|Q5ZYB5|3.A.7.9.1	33.3	411	264	5	10	415	2	407	4.9e-52	201.8
BCW-200054_00617	gnl|TC-DB|P30143|2.A.25.1.10	70.8	476	139	0	1	476	1	476	2.1e-186	648.3
BCW-200054_00626	gnl|TC-DB|Q9HV74|2.A.21.9.1	29.3	239	152	6	243	471	744	975	2.9e-18	89.7
BCW-200054_00634	gnl|TC-DB|P43672|3.A.1.120.6	34.0	512	327	6	21	527	18	523	1.9e-77	286.6
BCW-200054_00637	gnl|TC-DB|P24518|4.B.1.1.1	93.7	410	26	0	1	410	1	410	3.1e-234	807.0
BCW-200054_00660	gnl|TC-DB|P76330|9.B.34.1.4	34.8	184	112	3	27	204	381	562	6.6e-23	104.0
BCW-200054_00662	gnl|TC-DB|Q9KSH4|4.A.3.2.6	52.5	425	198	1	8	432	7	427	3.2e-123	438.3
BCW-200054_00666	gnl|TC-DB|Q8FA71|2.A.79.2.1	87.2	250	32	0	8	257	27	276	8.7e-126	446.0
BCW-200054_00676	gnl|TC-DB|M3JA40|1.B.52.2.1	57.4	68	29	0	354	421	283	350	6.6e-14	75.5
BCW-200054_00684	gnl|TC-DB|Q9RPV1|2.A.1.14.9	72.0	425	112	2	15	432	25	449	2.0e-173	605.1
BCW-200054_00689	gnl|TC-DB|Q8ZJY5|2.A.114.1.10	92.1	717	56	1	1	717	1	716	0.0e+00	1309.7
BCW-200054_00691	gnl|TC-DB|P94400|9.B.10.1.1	28.8	312	172	10	1	271	1	303	4.5e-23	105.1
BCW-200054_00707	gnl|TC-DB|P46482|8.A.1.7.1	25.8	325	186	9	9	326	7	283	6.6e-15	78.2
BCW-200054_00726	gnl|TC-DB|O53899|3.A.1.125.2	37.0	192	112	5	15	202	26	212	1.5e-25	112.8
BCW-200054_00745	gnl|TC-DB|Q9X4X4|2.A.1.30.1	37.4	508	312	3	17	520	17	522	1.3e-86	317.0
BCW-200054_00761	gnl|TC-DB|P0A4L7|5.A.2.1.2	24.8	222	139	7	3	206	11	222	5.2e-12	67.8
BCW-200054_00767	gnl|TC-DB|Q9KN48|3.A.23.1.1	38.7	341	188	4	140	467	193	525	3.6e-53	205.7
BCW-200054_00768	gnl|TC-DB|Q9HV74|2.A.21.9.1	28.3	357	217	13	11	346	636	974	4.9e-23	105.1
BCW-200054_00771	gnl|TC-DB|Q9Z625|1.B.12.1.3	61.0	938	306	2	1	904	44	955	2.6e-281	964.5
BCW-200054_00776	gnl|TC-DB|P0A8K8|9.B.126.2.1	87.7	293	33	1	1	293	1	290	5.1e-130	460.3
BCW-200054_00783	gnl|TC-DB|P0AEK7|5.A.3.2.1	48.6	210	106	1	1	208	1	210	7.0e-57	216.9
BCW-200054_00784	gnl|TC-DB|P0AAJ3|5.A.3.2.1	77.6	294	66	0	1	294	1	294	1.2e-145	512.3
BCW-200054_00785	gnl|TC-DB|P24183|5.A.3.2.1	77.0	803	184	1	1	803	213	1014	0.0e+00	1341.3
BCW-200054_00786	gnl|TC-DB|P24183|5.A.3.2.1	82.1	195	35	0	1	195	1	195	1.8e-94	341.7
BCW-200054_00789	gnl|TC-DB|Q1D213|2.A.78.2.3	46.5	99	53	0	8	106	3	101	8.3e-14	72.8
BCW-200054_00790	gnl|TC-DB|Q1D212|2.A.78.2.3	38.1	231	114	3	13	214	14	244	9.3e-36	146.7
BCW-200054_00794	gnl|TC-DB|P96517|2.A.1.5.4	97.6	425	9	1	1	424	1	425	8.7e-224	772.3
BCW-200054_00802	gnl|TC-DB|P27125|2.A.7.6.1	89.5	344	36	0	1	344	1	344	6.1e-175	609.8
BCW-200054_00808	gnl|TC-DB|P69380|2.A.4.7.1	91.1	291	26	0	1	291	1	291	1.3e-149	525.4
BCW-200054_00810	gnl|TC-DB|P0AG78|3.A.1.6.1	92.4	329	25	0	1	329	1	329	6.6e-179	622.9
BCW-200054_00815	gnl|TC-DB|B7MI53|9.B.124.2.2	72.7	139	38	0	1	139	1	139	1.0e-56	215.7
BCW-200054_00819	gnl|TC-DB|P0AER0|1.A.8.1.1	90.0	281	28	0	1	281	1	281	3.4e-147	517.3
BCW-200054_00827	gnl|TC-DB|Q9ZKE4|3.A.11.3.1	31.9	536	336	11	198	730	108	617	1.8e-67	253.8
BCW-200054_00847	gnl|TC-DB|P06129|1.B.14.3.1	77.8	616	134	2	1	615	1	614	1.4e-291	998.0
BCW-200054_00859	gnl|TC-DB|Q9KN55|3.A.23.1.1	30.4	592	371	13	7	574	5	579	2.7e-74	276.2
BCW-200054_00866	gnl|TC-DB|P37327|1.A.16.4.1	85.1	302	45	0	7	308	4	305	1.2e-142	502.3
BCW-200054_00867	gnl|TC-DB|P76506|3.A.1.27.3	88.8	251	27	1	1	250	1	251	1.7e-134	474.9
BCW-200054_00868	gnl|TC-DB|P10384|1.B.9.1.1	73.2	451	92	3	1	427	1	446	2.0e-191	664.8
BCW-200054_00877	gnl|TC-DB|P0AD30|2.A.102.3.1	87.7	269	33	0	1	269	1	269	3.3e-128	454.1
BCW-200054_00882	gnl|TC-DB|P77549|2.A.1.46.6	84.9	391	59	0	1	391	1	391	1.1e-183	639.0
BCW-200054_00887	gnl|TC-DB|P0ABP6|9.B.27.2.3	89.0	219	24	0	1	219	1	219	2.6e-107	384.4
BCW-200054_00891	gnl|TC-DB|P08550|9.B.160.1.16	94.4	162	9	0	1	162	1	162	1.2e-80	295.4
BCW-200054_00894	gnl|TC-DB|P09551|3.A.1.3.1	88.5	260	30	0	1	260	1	260	4.5e-130	460.3
BCW-200054_00895	gnl|TC-DB|P0AEU0|3.A.1.3.29	93.5	260	17	0	1	260	1	260	9.4e-136	479.2
BCW-200054_00896	gnl|TC-DB|P0A2I9|3.A.1.3.1	92.5	228	17	0	1	228	1	228	9.8e-113	402.5
BCW-200054_00897	gnl|TC-DB|P0AEU3|3.A.1.3.29	92.0	238	19	0	1	238	1	238	1.4e-122	435.3
BCW-200054_00898	gnl|TC-DB|P07109|3.A.1.3.29	93.8	257	16	0	1	257	1	257	7.3e-133	469.5
BCW-200054_00903	gnl|TC-DB|B7LBF5|1.A.12.3.2	74.3	214	55	0	1	214	1	214	5.2e-92	333.6
BCW-200054_00907	gnl|TC-DB|B7LDS1|4.A.7.1.2	45.6	147	80	0	1	147	1	147	1.3e-33	139.0
BCW-200054_00908	gnl|TC-DB|B7LDS2|4.A.7.1.2	42.4	85	47	1	1	83	1	85	3.8e-12	67.0
BCW-200054_00909	gnl|TC-DB|B7LDR9|4.A.7.1.2	62.7	410	152	1	12	421	10	418	1.4e-145	512.7
BCW-200054_00917	gnl|TC-DB|P0AFU2|2.A.47.4.8	86.7	610	81	0	1	610	1	610	3.1e-299	1023.5
BCW-200054_00921	gnl|TC-DB|P0AFC3|3.D.1.1.1	94.6	147	7	1	1	146	1	147	1.1e-72	268.9
BCW-200054_00922	gnl|TC-DB|P0AFC7|3.D.1.1.1	96.9	224	3	1	1	224	1	220	5.8e-126	446.4
BCW-200054_00923	gnl|TC-DB|P33599|3.D.1.1.1	95.8	596	25	0	5	600	1	596	0.0e+00	1200.7
BCW-200054_00924	gnl|TC-DB|P0AFD1|3.D.1.1.1	93.4	166	11	0	1	166	1	166	5.0e-90	326.6
BCW-200054_00925	gnl|TC-DB|P31979|3.D.1.1.1	94.8	445	23	0	1	445	1	445	9.4e-261	895.2
BCW-200054_00926	gnl|TC-DB|P33602|3.D.1.1.1	90.7	907	83	1	1	906	1	907	0.0e+00	1693.3
BCW-200054_00927	gnl|TC-DB|P0AFD4|3.D.1.1.1	95.0	323	16	0	1	323	1	323	5.2e-176	613.2
BCW-200054_00928	gnl|TC-DB|P0AFD6|3.D.1.1.1	98.3	180	3	0	1	180	1	180	4.1e-90	327.0
BCW-200054_00929	gnl|TC-DB|P0AFE0|3.D.1.1.1	95.7	184	8	0	1	184	1	184	1.8e-88	321.6
BCW-200054_00930	gnl|TC-DB|P0AFE4|3.D.1.1.1	97.0	100	3	0	1	100	1	100	4.5e-30	126.7
BCW-200054_00931	gnl|TC-DB|P33607|3.D.1.1.1	93.3	613	41	0	1	613	1	613	0.0e+00	1127.9
BCW-200054_00932	gnl|TC-DB|P0AFE8|3.D.1.1.1	93.5	509	33	0	1	509	1	509	8.2e-277	948.7
BCW-200054_00933	gnl|TC-DB|P0AFF0|3.D.1.1.1	92.6	485	36	0	1	485	1	485	5.8e-248	852.8
BCW-200054_00944	gnl|TC-DB|Q8XE01|1.B.68.1.1	76.7	180	41	1	1	179	8	187	2.9e-80	294.3
BCW-200054_00949	gnl|TC-DB|P08194|2.A.1.4.3	94.8	421	22	0	1	421	1	421	3.7e-241	830.1
BCW-200054_00959	gnl|TC-DB|D6QLX8|1.B.1.1.19	80.9	376	57	3	1	370	1	367	2.2e-175	611.3
BCW-200054_00963	gnl|TC-DB|P33941|3.A.1.113.3	90.1	547	54	0	20	566	1	547	7.9e-281	962.2
BCW-200054_00964	gnl|TC-DB|Q5SMG8|1.A.26.1.2	30.4	339	233	2	141	477	110	447	5.0e-42	168.7
BCW-200054_00965	gnl|TC-DB|Q1J2S8|2.A.53.3.13	50.5	370	180	2	44	413	23	389	1.4e-88	323.2
BCW-200054_00969	gnl|TC-DB|B2JBG5|2.A.1.59.2	52.3	377	180	0	11	387	20	396	1.1e-98	356.7
BCW-200054_00977	gnl|TC-DB|P28246|2.A.1.2.7	88.9	395	44	0	1	395	1	395	3.0e-194	674.1
BCW-200054_00979	gnl|TC-DB|P33916|3.A.1.5.21	80.1	527	105	0	1	527	1	527	8.6e-237	815.8
BCW-200054_00980	gnl|TC-DB|P33915|3.A.1.5.21	84.2	341	54	0	1	341	1	341	9.4e-152	532.7
BCW-200054_00981	gnl|TC-DB|P0AFU1|3.A.1.5.21	93.7	364	23	0	1	364	1	364	4.0e-193	670.2
BCW-200054_00982	gnl|TC-DB|Q8ZNK0|3.A.1.5.24	78.2	601	131	0	1	601	1	601	2.9e-297	1016.9
BCW-200054_00984	gnl|TC-DB|E9RJ18|3.A.7.13.2	36.3	91	53	2	94	180	271	360	6.8e-11	63.9
BCW-200054_00990	gnl|TC-DB|P33026|2.A.1.20.2	84.5	393	61	0	1	393	1	393	5.3e-191	663.3
BCW-200054_00991	gnl|TC-DB|P69811|4.A.2.1.1	89.4	376	40	0	1	376	1	376	4.9e-186	646.7
BCW-200054_00993	gnl|TC-DB|P20966|4.A.2.1.1	90.2	563	53	2	1	561	1	563	4.7e-249	856.7
BCW-200054_00995	gnl|TC-DB|P62723|2.A.98.1.3	86.2	349	47	1	1	348	1	349	1.9e-163	571.6
BCW-200054_00997	gnl|TC-DB|P25737|2.A.3.1.2	92.6	489	36	0	1	489	1	489	8.4e-263	902.1
BCW-200054_00998	gnl|TC-DB|P17315|1.B.14.1.4	81.7	663	114	4	1	656	1	663	0.0e+00	1128.6
BCW-200054_01000	gnl|TC-DB|Q9I3T2|2.A.1.51.4	47.0	372	193	3	7	375	14	384	1.3e-77	286.6
BCW-200054_01002	gnl|TC-DB|P25747|9.B.169.1.2	80.8	385	74	0	1	385	1	385	1.5e-182	635.2
BCW-200054_01004	gnl|TC-DB|P0AEE5|3.A.1.2.3	95.5	332	15	0	1	332	1	332	7.9e-180	625.9
BCW-200054_01005	gnl|TC-DB|P0AAG8|3.A.1.2.3	95.8	506	21	0	1	506	1	506	9.3e-281	961.8
BCW-200054_01006	gnl|TC-DB|P23200|3.A.1.2.3	93.8	336	21	0	1	336	1	336	1.1e-165	578.9
BCW-200054_01008	gnl|TC-DB|P0AFY2|9.B.114.1.1	88.6	237	27	0	1	237	1	237	4.3e-119	423.7
BCW-200054_01010	gnl|TC-DB|C6EAH0|2.A.122.1.1	89.6	231	24	0	1	231	1	231	1.6e-110	395.2
BCW-200054_01011	gnl|TC-DB|F4V3T5|1.E.14.1.4	88.3	128	15	0	1	128	4	131	4.0e-42	167.2
BCW-200054_01017	gnl|TC-DB|P08722|4.A.1.2.2	56.5	620	259	1	6	614	4	623	9.5e-203	703.0
BCW-200054_01019	gnl|TC-DB|P33369|1.B.17.3.10	70.2	463	133	2	12	469	14	476	8.3e-175	609.8
BCW-200054_01021	gnl|TC-DB|E4PCL6|9.B.27.2.7	78.8	189	40	0	1	189	1	189	3.8e-86	313.9
BCW-200054_01022	gnl|TC-DB|J2MRK2|9.B.29.3.1	40.7	182	108	0	7	188	8	189	9.8e-37	149.8
BCW-200054_01027	gnl|TC-DB|P33362|3.A.1.12.15	85.2	305	45	0	1	305	1	305	3.2e-143	504.2
BCW-200054_01028	gnl|TC-DB|P33361|3.A.1.12.15	66.2	379	128	0	7	385	7	385	9.6e-129	456.4
BCW-200054_01029	gnl|TC-DB|P33360|3.A.1.12.15	82.4	306	53	1	1	306	1	305	3.1e-141	497.7
BCW-200054_01030	gnl|TC-DB|P33359|3.A.1.12.15	80.2	243	48	0	1	243	1	243	6.6e-99	356.7
BCW-200054_01033	gnl|TC-DB|Q81JL2|9.B.33.1.1	30.8	581	363	10	5	555	3	574	5.8e-74	275.0
BCW-200054_01037	gnl|TC-DB|A0L4L0|3.A.1.132.3	38.7	341	194	5	12	350	2	329	7.2e-57	217.6
BCW-200054_01039	gnl|TC-DB|P64534|2.A.113.1.1	63.4	112	39	1	1	110	1	112	5.7e-34	139.8
BCW-200054_01040	gnl|TC-DB|P0A932|1.B.18.3.8	76.1	377	89	1	2	378	3	378	8.2e-165	576.2
BCW-200054_01042	gnl|TC-DB|P38134|8.A.3.3.1	55.1	710	319	0	3	712	2	711	1.4e-218	755.7
BCW-200054_01053	gnl|TC-DB|P76417|2.A.1.10.4	90.6	425	40	0	1	425	1	425	2.8e-222	767.3
BCW-200054_01061	gnl|TC-DB|P36554|2.A.1.3.26	82.3	469	83	0	1	469	1	469	5.2e-217	750.0
BCW-200054_01062	gnl|TC-DB|P76399|2.A.6.2.12	92.0	1025	82	0	1	1025	1	1025	0.0e+00	1791.2
BCW-200054_01063	gnl|TC-DB|P76398|2.A.6.2.12	90.0	1040	104	0	1	1040	1	1040	0.0e+00	1755.0
BCW-200054_01064	gnl|TC-DB|P76397|8.A.1.6.2	85.5	392	57	0	1	392	1	392	3.0e-173	604.4
BCW-200054_01067	gnl|TC-DB|Q1J0W6|9.B.34.1.1	35.3	167	96	4	675	840	190	345	2.7e-14	77.8
BCW-200054_01070	gnl|TC-DB|P28249|9.B.22.2.1	71.3	617	176	1	1	616	1	617	2.6e-253	870.9
BCW-200054_01071	gnl|TC-DB|L5DDD7|2.A.109.2.3	86.3	527	72	0	1	527	370	896	5.9e-254	872.8
BCW-200054_01072	gnl|TC-DB|P0A930|1.B.18.3.1	93.1	379	26	0	1	379	1	379	8.7e-207	715.7
BCW-200054_01074	gnl|TC-DB|P76387|8.A.3.3.2	86.5	720	97	0	1	720	1	720	0.0e+00	1204.9
BCW-200054_01098	gnl|TC-DB|Q7CGN6|1.B.14.9.3	79.9	730	142	2	1	729	1	726	0.0e+00	1205.3
BCW-200054_01108	gnl|TC-DB|P16482|2.A.1.6.1	88.9	431	43	1	3	428	11	441	9.7e-210	725.7
BCW-200054_01110	gnl|TC-DB|P39414|2.A.47.3.3	50.5	473	234	0	29	501	13	485	1.3e-133	473.0
BCW-200054_01116	gnl|TC-DB|Q56111|1.B.1.1.22	63.6	396	123	4	1	388	1	383	4.8e-144	507.3
BCW-200054_01120	gnl|TC-DB|p0aa70|2.A.7.3.22	89.9	298	30	0	1	298	1	298	8.1e-147	516.2
BCW-200054_01123	gnl|TC-DB|P76330|9.B.34.1.4	59.6	562	227	0	1	562	1	562	4.7e-193	670.6
BCW-200054_01129	gnl|TC-DB|P54702|3.A.6.2.1	79.2	259	54	0	1	259	1	259	9.1e-115	409.5
BCW-200054_01130	gnl|TC-DB|P0A1L5|3.A.6.2.1	89.9	89	9	0	1	89	1	89	7.6e-37	149.1
BCW-200054_01131	gnl|TC-DB|P54700|3.A.6.2.1	91.4	245	21	0	1	245	1	245	1.2e-116	415.6
BCW-200054_01132	gnl|TC-DB|P0A1L1|3.A.6.2.1	69.4	124	38	0	1	124	2	125	8.7e-39	156.0
BCW-200054_01133	gnl|TC-DB|P26419|3.A.6.2.1	95.6	137	6	0	1	137	1	137	2.9e-67	250.8
BCW-200054_01138	gnl|TC-DB|P26465|3.A.6.2.1	94.1	456	27	0	1	456	1	456	2.8e-244	840.5
BCW-200054_01139	gnl|TC-DB|P15934|3.A.6.2.1	86.0	235	33	0	1	235	1	235	4.4e-76	280.8
BCW-200054_01141	gnl|TC-DB|P15928|3.A.6.2.1	80.7	560	107	1	1	559	1	560	9.7e-247	849.0
BCW-200054_01181	gnl|TC-DB|E6WEN0|1.E.2.1.7	64.8	108	38	0	1	108	1	108	1.9e-40	161.4
BCW-200054_01221	gnl|TC-DB|P0AEM9|3.A.1.3.10	90.6	266	25	0	1	266	1	266	3.1e-134	474.2
BCW-200054_01223	gnl|TC-DB|P0AFT2|3.A.1.3.10	92.8	222	16	0	1	222	1	222	1.2e-110	395.6
BCW-200054_01224	gnl|TC-DB|P37774|3.A.1.3.10	91.6	250	21	0	1	250	1	250	3.8e-126	447.2
BCW-200054_01229	gnl|TC-DB|K0WKG7|4.F.1.1.8	61.5	174	65	1	4	175	2	175	1.0e-51	199.5
BCW-200054_01234	gnl|TC-DB|P22731|3.A.1.4.1	58.6	237	98	0	1	237	1	237	1.9e-71	265.4
BCW-200054_01235	gnl|TC-DB|P0A9S7|3.A.1.4.1	51.6	283	107	2	1	283	1	253	1.3e-74	276.2
BCW-200054_01236	gnl|TC-DB|P21628|3.A.1.4.8	53.4	421	168	8	8	414	4	410	1.3e-105	379.8
BCW-200054_01237	gnl|TC-DB|P0AEX7|3.A.1.4.1	56.0	302	132	1	4	304	7	308	9.4e-87	316.6
BCW-200054_01238	gnl|TC-DB|P0AD96|3.A.1.4.1	42.9	359	196	5	13	367	8	361	1.5e-81	299.7
BCW-200054_01240	gnl|TC-DB|P0AAD4|2.A.42.1.1	81.3	380	71	0	1	380	24	403	1.7e-173	605.1
BCW-200054_01245	gnl|TC-DB|P0ABN9|2.A.13.1.2	54.7	446	198	1	1	446	2	443	8.0e-135	476.9
BCW-200054_01247	gnl|TC-DB|P02924|3.A.1.2.2	96.0	329	13	0	1	329	1	329	9.9e-183	635.6
BCW-200054_01248	gnl|TC-DB|P0AAF3|3.A.1.2.2	88.7	504	57	0	1	504	1	504	1.3e-263	904.8
BCW-200054_01249	gnl|TC-DB|P0AE26|3.A.1.2.2	93.0	328	23	0	1	328	1	328	3.2e-149	524.2
BCW-200054_01255	gnl|TC-DB|P09348|1.A.30.1.1	92.9	295	21	0	1	295	1	295	6.4e-149	523.1
BCW-200054_01256	gnl|TC-DB|P0AF06|1.A.30.1.1	86.1	309	42	1	1	309	1	308	1.4e-149	525.4
BCW-200054_01259	gnl|TC-DB|P96603|2.A.23.1.6	34.1	419	256	6	7	418	7	412	1.8e-64	243.0
BCW-200054_01263	gnl|TC-DB|Q6XBY3|1.B.11.6.1	35.8	830	476	15	9	792	10	828	2.1e-138	489.6
BCW-200054_01272	gnl|TC-DB|P42915|1.B.11.3.6	47.3	819	414	8	14	825	22	829	6.8e-212	733.8
BCW-200054_01275	gnl|TC-DB|P40727|3.A.6.2.1	86.2	383	52	1	1	382	1	383	1.5e-187	651.7
BCW-200054_01276	gnl|TC-DB|P40729|3.A.6.2.1	95.2	692	33	0	1	692	1	692	0.0e+00	1234.6
BCW-200054_01278	gnl|TC-DB|Q6D188|2.A.2.5.2	83.0	512	87	0	1	512	1	512	5.2e-242	833.2
BCW-200054_01282	gnl|TC-DB|P67826|9.B.158.1.2	71.8	245	69	0	1	245	1	245	1.1e-101	365.9
BCW-200054_01294	gnl|TC-DB|P39832|3.A.1.15.5	89.7	261	27	0	1	261	1	261	8.3e-108	386.3
BCW-200054_01295	gnl|TC-DB|P0A9X1|3.A.1.15.5	92.0	251	20	0	1	251	1	251	8.8e-131	462.6
BCW-200054_01297	gnl|TC-DB|P39172|3.A.1.15.5	78.3	226	45	1	1	226	89	310	8.5e-93	336.3
BCW-200054_01298	gnl|TC-DB|B7L5V2|1.A.34.1.3	41.4	210	117	2	198	407	14	217	2.5e-40	162.9
BCW-200054_01311	gnl|TC-DB|Q4KDN3|9.B.62.1.5	41.7	108	63	0	15	122	13	120	5.4e-17	83.6
BCW-200054_01312	gnl|TC-DB|P76278|9.B.62.1.4	54.1	290	132	1	1	289	1	290	3.6e-80	294.7
BCW-200054_01323	gnl|TC-DB|P23865|9.B.174.1.2	91.3	682	59	0	1	682	1	682	0.0e+00	1235.3
BCW-200054_01324	gnl|TC-DB|P23894|9.B.1.1.6	94.2	293	17	0	1	293	1	293	6.4e-149	523.1
BCW-200054_01325	gnl|TC-DB|P76269|2.A.1.3.17	82.1	457	82	0	1	457	1	457	3.6e-207	717.2
BCW-200054_01334	gnl|TC-DB|P76264|2.A.107.1.1	89.4	188	20	0	1	188	1	188	3.2e-93	337.4
BCW-200054_01336	gnl|TC-DB|P69805|4.A.6.1.1	91.9	283	23	0	1	283	4	286	2.0e-147	518.1
BCW-200054_01337	gnl|TC-DB|P69801|4.A.6.1.1	94.4	266	15	0	1	266	1	266	4.9e-132	466.8
BCW-200054_01338	gnl|TC-DB|P69797|4.A.6.1.1	93.8	323	18	1	1	321	1	323	4.7e-161	563.5
BCW-200054_01339	gnl|TC-DB|L5DDD7|2.A.109.2.3	50.1	521	242	9	1	509	370	884	3.1e-122	435.3
BCW-200054_01349	gnl|TC-DB|P69451|4.C.1.1.4	94.1	561	33	0	1	561	1	561	1.8e-314	1074.7
BCW-200054_01357	gnl|TC-DB|P0A6M2|5.A.2.1.1	75.6	176	43	0	1	176	1	176	5.3e-82	300.1
BCW-200054_01358	gnl|TC-DB|P0AFA7|2.A.34.1.1	77.3	511	115	1	1	510	1	511	4.4e-214	740.3
BCW-200054_01363	gnl|TC-DB|P76007|2.A.36.6.11	89.6	577	60	0	1	577	1	577	1.1e-293	1005.0
BCW-200054_01367	gnl|TC-DB|A6TAG3|1.E.43.1.1	65.9	82	27	1	1	82	1	81	6.3e-25	109.4
BCW-200054_01368	gnl|TC-DB|P06971|1.B.14.1.2	31.1	720	441	17	26	700	38	747	1.6e-84	310.5
BCW-200054_01371	gnl|TC-DB|P0ADL1|2.A.1.2.26	47.7	384	201	0	10	393	11	394	2.7e-86	315.5
BCW-200054_01380	gnl|TC-DB|P07658|3.D.1.9.2	29.0	365	221	9	114	463	61	402	4.8e-39	159.5
BCW-200054_01384	gnl|TC-DB|Q9KN51|3.A.23.1.1	36.0	445	283	2	1	444	1	444	7.8e-82	300.8
BCW-200054_01385	gnl|TC-DB|Q9KN50|3.A.23.1.1	35.9	223	135	5	20	238	37	255	3.6e-33	139.0
BCW-200054_01386	gnl|TC-DB|Q9KN45|3.A.23.1.1	25.5	1213	790	31	23	1198	31	1166	1.6e-92	337.8
BCW-200054_01389	gnl|TC-DB|Q6EE21|3.A.23.2.1	45.9	159	85	1	4	161	3	161	5.8e-33	137.1
BCW-200054_01390	gnl|TC-DB|Q6EE20|3.A.23.2.1	50.0	466	225	3	32	492	28	490	8.9e-135	476.9
BCW-200054_01399	gnl|TC-DB|Q6EE16|3.A.23.2.1	34.3	632	380	15	4	622	3	612	1.4e-89	327.0
BCW-200054_01401	gnl|TC-DB|Q6EE14|3.A.23.2.1	53.2	857	392	3	9	862	8	858	1.2e-248	855.9
BCW-200054_01403	gnl|TC-DB|A8YQR5|3.A.23.2.1	37.4	505	306	7	5	506	12	509	1.5e-84	310.8
BCW-200054_01414	gnl|TC-DB|P0AFR2|2.A.53.3.11	91.1	559	50	0	1	559	1	559	1.8e-256	881.3
BCW-200054_01417	gnl|TC-DB|P61320|1.B.46.1.1	84.6	201	31	0	3	203	7	207	2.9e-100	360.9
BCW-200054_01424	gnl|TC-DB|P31801|2.A.19.1.1	91.5	366	31	0	1	366	1	366	1.2e-173	605.5
BCW-200054_01431	gnl|TC-DB|P38043|3.A.1.16.1	40.6	387	214	9	32	404	48	432	7.3e-74	274.2
BCW-200054_01432	gnl|TC-DB|Q7BW13|3.A.1.16.2	48.7	267	125	4	26	289	2	259	4.4e-65	244.6
BCW-200054_01433	gnl|TC-DB|P38045|3.A.1.16.1	55.3	257	113	2	1	256	1	256	4.5e-77	284.3
BCW-200054_01436	gnl|TC-DB|P39165|1.B.54.1.9	63.6	453	165	0	11	463	11	463	2.0e-173	605.1
BCW-200054_01439	gnl|TC-DB|P10903|2.A.1.8.1	85.7	463	66	0	1	463	1	463	6.0e-234	806.2
BCW-200054_01440	gnl|TC-DB|P09152|5.A.3.1.1	93.7	1247	79	0	1	1247	1	1247	0.0e+00	2483.8
BCW-200054_01441	gnl|TC-DB|P11349|5.A.3.1.1	93.0	511	35	1	1	510	1	511	1.9e-294	1007.3
BCW-200054_01443	gnl|TC-DB|P11350|5.A.3.1.1	89.7	224	23	0	1	224	1	224	3.2e-116	414.1
BCW-200054_01455	gnl|TC-DB|P25743|2.A.95.1.7	92.6	215	16	0	1	215	1	215	2.7e-104	374.4
BCW-200054_01456	gnl|TC-DB|P06202|3.A.1.5.1	91.0	543	49	0	1	543	1	543	4.3e-300	1026.2
BCW-200054_01457	gnl|TC-DB|P0AFH2|3.A.1.5.41	95.8	306	13	0	1	306	1	306	3.0e-149	524.2
BCW-200054_01458	gnl|TC-DB|P08006|3.A.1.5.1	96.7	302	10	0	1	302	1	302	7.3e-140	493.0
BCW-200054_01459	gnl|TC-DB|P76027|3.A.1.5.41	92.0	337	27	0	1	337	1	337	2.2e-177	617.8
BCW-200054_01460	gnl|TC-DB|P77737|3.A.1.5.41	96.1	334	13	0	1	334	1	334	2.5e-189	657.5
BCW-200054_01461	gnl|TC-DB|Q1D027|1.A.1.24.3	40.4	270	151	5	20	287	14	275	1.8e-39	159.5
BCW-200054_01464	gnl|TC-DB|P76249|2.A.76.1.5	74.4	211	52	2	1	210	1	210	3.1e-81	297.7
BCW-200054_01467	gnl|TC-DB|P02929|2.C.1.1.1	67.9	240	76	1	6	245	1	239	2.5e-53	205.3
BCW-200054_01471	gnl|TC-DB|P0A915|1.B.39.1.6	79.2	212	42	2	1	210	1	212	1.1e-97	352.4
BCW-200054_01474	gnl|TC-DB|P31064|9.B.102.1.1	88.4	396	46	0	1	396	1	396	6.2e-211	729.6
BCW-200054_01485	gnl|TC-DB|M4VAL8|8.A.21.2.4	29.5	166	114	2	136	298	74	239	1.3e-12	70.5
BCW-200054_01487	gnl|TC-DB|Q07711|3.A.7.7.1	24.8	640	408	22	80	674	77	688	3.6e-30	130.2
BCW-200054_01500	gnl|TC-DB|D4ZZR3|9.B.34.1.3	26.8	179	110	3	229	394	225	395	3.6e-14	76.6
BCW-200054_01504	gnl|TC-DB|W9BHF5|2.A.6.2.49	83.3	1026	166	2	1	1023	1	1024	0.0e+00	1615.5
BCW-200054_01505	gnl|TC-DB|W1HZL5|3.A.1.106.16	74.7	289	73	0	14	302	4	292	1.1e-114	409.5
BCW-200054_01510	gnl|TC-DB|P36638|3.A.1.5.5	93.3	268	18	0	1	268	1	268	4.5e-141	496.9
BCW-200054_01511	gnl|TC-DB|P36636|3.A.1.5.5	93.6	330	21	0	1	330	1	330	8.7e-187	649.0
BCW-200054_01512	gnl|TC-DB|P0AGH5|3.A.1.5.42	90.2	296	29	0	1	296	1	296	5.6e-153	536.6
BCW-200054_01513	gnl|TC-DB|P0A2J3|3.A.1.5.5	91.0	321	29	0	1	321	1	321	1.8e-165	578.2
BCW-200054_01514	gnl|TC-DB|P36634|3.A.1.5.5	88.9	549	58	2	1	546	1	549	6.9e-290	992.3
BCW-200054_01515	gnl|TC-DB|Q9KN48|3.A.23.1.1	41.9	227	131	1	8	234	193	418	6.2e-44	174.5
BCW-200054_01516	gnl|TC-DB|E8XKQ3|9.B.100.1.1	91.9	222	18	0	1	222	1	222	4.9e-101	363.6
BCW-200054_01521	gnl|TC-DB|P76042|3.A.1.1.46	75.5	425	104	0	5	429	5	429	4.9e-190	660.2
BCW-200054_01522	gnl|TC-DB|P0AFR7|3.A.1.1.46	93.2	293	20	0	1	293	1	293	9.5e-153	535.8
BCW-200054_01523	gnl|TC-DB|P77716|3.A.1.1.46	91.4	280	24	0	1	280	1	280	2.3e-140	494.6
BCW-200054_01529	gnl|TC-DB|P77481|3.A.1.1.46	85.0	360	54	0	1	360	1	360	2.3e-172	601.3
BCW-200054_01530	gnl|TC-DB|P76045|1.B.21.1.1	71.7	304	83	3	1	304	1	301	8.7e-133	469.5
BCW-200054_01534	gnl|TC-DB|Q9KN48|3.A.23.1.1	35.0	329	180	5	206	500	193	521	1.8e-42	170.2
BCW-200054_01539	gnl|TC-DB|P77348|3.A.1.5.1	89.8	538	54	1	1	538	1	537	3.5e-294	1006.5
BCW-200054_01542	gnl|TC-DB|D4ZZR3|9.B.34.1.3	38.3	167	97	2	247	407	227	393	1.5e-26	117.1
BCW-200054_01543	gnl|TC-DB|P76330|9.B.34.1.4	30.7	218	141	6	203	415	344	556	3.1e-16	83.6
BCW-200054_01544	gnl|TC-DB|M3JA40|1.B.52.2.1	31.6	177	79	3	198	339	287	456	5.4e-15	78.6
BCW-200054_01545	gnl|TC-DB|Q9EYX5|1.A.35.4.1	89.3	327	35	0	1	327	1	327	1.1e-173	605.5
BCW-200054_01546	gnl|TC-DB|P38919|3.A.18.1.1	35.1	325	208	3	22	344	57	380	1.5e-56	216.9
BCW-200054_01554	gnl|TC-DB|Q8TDX7|1.I.1.1.3	25.5	212	136	8	58	258	82	282	2.7e-13	72.8
BCW-200054_01565	gnl|TC-DB|P0A754|2.A.37.1.1	41.3	167	96	1	5	171	4	168	4.9e-32	134.0
BCW-200054_01592	gnl|TC-DB|917745143|1.C.75.1.2	29.5	762	449	19	636	1329	2449	3190	3.0e-40	164.5
BCW-200054_01594	gnl|TC-DB|Q8TZQ3|3.A.1.1.16	52.1	242	114	1	13	252	13	254	7.4e-67	250.8
BCW-200054_01595	gnl|TC-DB|O54371|3.A.1.20.1	24.5	261	188	5	15	274	16	268	1.3e-15	81.3
BCW-200054_01601	gnl|TC-DB|C6GYU4|2.A.76.1.9	29.6	189	125	5	6	187	7	194	1.1e-11	66.6
BCW-200054_01603	gnl|TC-DB|P63340|2.A.42.2.5	83.5	407	67	0	1	407	1	407	1.5e-188	655.2
BCW-200054_01604	gnl|TC-DB|Q8XG43|2.A.117.1.3	81.1	148	28	0	1	148	10	157	2.1e-63	238.0
BCW-200054_01609	gnl|TC-DB|P0AE24|2.A.1.1.2	92.4	472	35	1	1	471	1	472	4.0e-246	846.7
BCW-200054_01614	gnl|TC-DB|P02925|3.A.1.2.1	25.1	275	192	7	60	326	27	295	5.1e-12	68.6
BCW-200054_01617	gnl|TC-DB|P31119|4.C.1.1.16	88.3	718	84	0	1	718	1	718	0.0e+00	1288.9
BCW-200054_01618	gnl|TC-DB|P39196|2.A.1.42.1	83.1	396	67	0	1	396	1	396	4.7e-179	623.6
BCW-200054_01619	gnl|TC-DB|P0A9T4|8.A.5.1.5	91.6	346	29	0	1	346	1	346	5.9e-186	646.4
BCW-200054_01623	gnl|TC-DB|Q9HY55|4.A.2.1.17	37.1	568	337	8	170	733	402	953	7.4e-85	311.6
BCW-200054_01633	gnl|TC-DB|Q6MDD6|3.A.7.16.1	28.0	560	316	16	40	589	219	701	1.8e-36	150.6
BCW-200054_01639	gnl|TC-DB|P45769|3.A.1.3.26	94.8	252	13	0	1	252	1	252	7.4e-138	486.1
BCW-200054_01640	gnl|TC-DB|P45768|3.A.1.3.26	90.7	367	34	0	1	367	1	367	3.3e-195	677.2
BCW-200054_01641	gnl|TC-DB|P45767|3.A.1.3.26	84.0	393	63	0	1	393	1	393	4.6e-187	650.2
BCW-200054_01642	gnl|TC-DB|P45766|3.A.1.3.26	93.3	341	23	0	1	341	1	341	3.1e-187	650.6
BCW-200054_01644	gnl|TC-DB|P24181|2.A.6.2.1	83.5	1032	170	0	1	1032	1	1032	0.0e+00	1665.6
BCW-200054_01645	gnl|TC-DB|P0AE06|8.A.1.6.1	71.7	364	95	2	8	367	14	373	2.0e-139	491.9
BCW-200054_01647	gnl|TC-DB|P76330|9.B.34.1.4	29.0	214	142	4	207	416	349	556	3.7e-14	76.6
BCW-200054_01653	gnl|TC-DB|P16256|2.A.21.1.1	92.8	483	35	0	1	483	1	483	9.3e-238	818.9
BCW-200054_01658	gnl|TC-DB|Q8XB73|5.B.7.1.1	82.6	195	34	0	1	195	1	195	2.3e-89	324.7
BCW-200054_01662	gnl|TC-DB|P0A9X4|9.B.157.1.3	100.0	347	0	0	1	347	1	347	1.7e-193	671.4
BCW-200054_01663	gnl|TC-DB|P16926|9.B.157.1.3	95.3	320	13	1	1	320	1	318	2.3e-166	581.3
BCW-200054_01664	gnl|TC-DB|P0ABH4|9.B.157.1.3	93.2	162	11	0	1	162	1	162	2.8e-82	300.8
BCW-200054_01670	gnl|TC-DB|D7XN98|8.A.48.1.2	97.0	67	2	0	1	67	24	90	1.2e-31	131.3
BCW-200054_01671	gnl|TC-DB|P46482|8.A.1.7.1	89.4	310	33	0	1	310	1	310	3.1e-154	540.8
BCW-200054_01672	gnl|TC-DB|P46481|2.A.85.1.2	85.8	655	93	0	1	655	1	655	0.0e+00	1108.6
BCW-200054_01685	gnl|TC-DB|P0ACA3|1.A.12.3.1	95.3	211	10	0	1	211	1	211	2.0e-115	411.4
BCW-200054_01697	gnl|TC-DB|P0AF98|1.B.42.1.2	88.0	366	44	0	1	366	1	366	2.1e-178	621.3
BCW-200054_01698	gnl|TC-DB|P0ADC6|1.B.42.1.2	93.6	360	23	0	1	360	1	360	1.1e-187	652.1
BCW-200054_01702	gnl|TC-DB|H1XXZ0|8.A.8.1.5	35.2	88	56	1	3	90	2	88	5.5e-11	63.2
BCW-200054_01704	gnl|TC-DB|P71012|4.A.2.1.4	27.5	149	106	2	8	155	1	148	3.5e-11	64.7
BCW-200054_01707	gnl|TC-DB|P0A9V1|1.B.42.1.2	94.6	241	13	0	1	241	1	241	2.3e-128	454.5
BCW-200054_01708	gnl|TC-DB|P0ADV1|1.B.42.1.2	84.3	185	28	1	1	184	1	185	2.0e-84	308.1
BCW-200054_01709	gnl|TC-DB|P0ADW0|1.B.42.1.2	82.7	191	33	0	1	191	1	191	6.7e-91	329.7
BCW-200054_01712	gnl|TC-DB|P45394|2.A.19.5.1	81.1	323	61	0	1	323	1	323	9.3e-141	496.1
BCW-200054_01713	gnl|TC-DB|P63386|3.A.1.27.3	91.0	266	24	0	1	266	1	266	1.6e-133	471.9
BCW-200054_01714	gnl|TC-DB|P64606|3.A.1.27.3	95.0	260	13	0	1	260	1	260	1.3e-132	468.8
BCW-200054_01715	gnl|TC-DB|P64604|3.A.1.27.3	77.5	182	36	1	1	177	1	182	4.0e-77	283.9
BCW-200054_01716	gnl|TC-DB|P0ADV7|3.A.1.27.3	90.5	211	20	0	1	211	1	211	3.9e-108	387.1
BCW-200054_01717	gnl|TC-DB|P64602|3.A.1.27.3	62.9	97	36	0	1	97	1	97	2.6e-30	127.5
BCW-200054_01724	gnl|TC-DB|E1ILD8|2.A.7.3.18	89.4	321	34	0	1	321	1	321	1.0e-160	562.4
BCW-200054_01732	gnl|TC-DB|P25694|3.A.16.1.2	43.3	252	142	1	140	390	472	723	3.3e-57	219.5
BCW-200054_01735	gnl|TC-DB|P0AG99|3.A.5.1.1	90.9	110	10	0	1	110	1	110	2.2e-46	181.0
BCW-200054_01748	gnl|TC-DB|P38919|3.A.18.1.1	36.3	386	236	3	3	379	27	411	2.1e-64	243.4
BCW-200054_01749	gnl|TC-DB|P0AAD2|2.A.42.1.2	93.0	414	29	0	1	414	1	414	3.7e-219	756.9
BCW-200054_01771	gnl|TC-DB|P0AAD8|2.A.42.2.2	89.2	443	48	0	1	443	1	443	5.0e-222	766.5
BCW-200054_01777	gnl|TC-DB|P64591|9.B.124.1.2	78.2	119	26	0	1	119	1	119	2.8e-58	220.7
BCW-200054_01781	gnl|TC-DB|P64585|1.E.34.2.1	81.5	130	24	0	1	130	1	130	4.2e-52	200.3
BCW-200054_01785	gnl|TC-DB|P0AA63|9.B.27.2.2	93.6	220	14	0	1	220	1	220	8.5e-114	406.0
BCW-200054_01787	gnl|TC-DB|P0AA78|2.A.1.14.2	89.6	431	45	0	1	431	41	471	5.0e-219	756.5
BCW-200054_01790	gnl|TC-DB|P0AGE4|2.A.23.4.1	90.8	414	37	1	1	413	1	414	2.3e-200	694.5
BCW-200054_01791	gnl|TC-DB|P42601|2.A.109.1.7	87.1	319	41	0	1	319	1	319	1.1e-154	542.3
BCW-200054_01798	gnl|TC-DB|P77257|3.A.1.2.8	61.7	493	186	2	3	492	10	502	7.2e-169	590.1
BCW-200054_01799	gnl|TC-DB|P77672|3.A.1.2.8	64.3	339	121	0	1	339	2	340	2.8e-111	398.3
BCW-200054_01800	gnl|TC-DB|P0AFS1|3.A.1.2.8	73.1	316	85	0	1	316	3	318	8.1e-121	429.9
BCW-200054_01801	gnl|TC-DB|P76142|3.A.1.2.8	82.9	334	53	1	4	333	7	340	4.5e-159	557.0
BCW-200054_01857	gnl|TC-DB|Q98CY5|2.A.99.1.3	35.5	169	100	5	7	166	12	180	3.1e-13	71.6
BCW-200054_01865	gnl|TC-DB|Q46909|2.A.1.1.95	26.2	432	289	12	47	477	20	422	1.3e-21	100.9
BCW-200054_01866	gnl|TC-DB|P60782|9.B.31.1.1	92.7	205	15	0	1	205	1	205	6.5e-108	386.3
BCW-200054_01876	gnl|TC-DB|P0A8H3|2.A.5.5.1	90.3	257	25	0	1	257	1	257	2.9e-113	404.4
BCW-200054_01880	gnl|TC-DB|P02930|1.B.17.1.1	85.1	495	69	2	1	492	1	493	2.4e-217	751.1
BCW-200054_01886	gnl|TC-DB|Q21EL3|1.B.14.1.24	27.9	718	463	18	17	713	16	699	9.7e-58	221.5
BCW-200054_01887	gnl|TC-DB|Q9RCF3|3.A.1.14.6	53.9	254	117	0	10	263	21	274	8.7e-76	280.0
BCW-200054_01888	gnl|TC-DB|Q47085|3.A.1.14.4	40.1	312	185	2	14	324	25	335	1.3e-46	183.3
BCW-200054_01889	gnl|TC-DB|P40411|3.A.1.14.15	32.1	318	199	5	39	343	18	331	4.3e-35	145.2
BCW-200054_01899	gnl|TC-DB|P36649|1.B.76.1.8	31.8	515	287	10	3	459	1	509	2.3e-63	239.6
BCW-200054_01900	gnl|TC-DB|P23849|2.A.38.1.6	70.5	485	143	0	7	491	1	485	1.9e-201	698.4
BCW-200054_01902	gnl|TC-DB|P80874|8.A.5.1.4	35.3	150	74	7	17	145	15	162	8.7e-15	77.4
BCW-200054_01905	gnl|TC-DB|P0AA60|9.B.27.2.1	86.3	219	30	0	1	219	1	219	2.0e-107	384.8
BCW-200054_01907	gnl|TC-DB|P0ABU7|1.A.30.2.1	85.2	244	35	1	1	243	1	244	2.7e-105	377.9
BCW-200054_01908	gnl|TC-DB|P0ABV2|1.A.30.2.1	78.0	141	31	0	1	141	1	141	4.0e-56	213.8
BCW-200054_01919	gnl|TC-DB|P42061|3.A.1.5.20	28.9	501	328	12	39	518	41	534	3.9e-48	189.1
BCW-200054_01920	gnl|TC-DB|P42062|3.A.1.5.20	40.1	314	187	1	1	313	1	314	2.1e-65	245.7
BCW-200054_01921	gnl|TC-DB|P26904|3.A.1.5.2	39.1	276	166	2	6	279	45	320	1.7e-50	196.1
BCW-200054_01922	gnl|TC-DB|P26905|3.A.1.5.2	56.7	319	136	2	1	317	1	319	1.1e-98	356.3
BCW-200054_01923	gnl|TC-DB|P42065|3.A.1.5.20	52.3	321	149	4	8	324	9	329	3.1e-96	348.2
BCW-200054_01926	gnl|TC-DB|P75905|4.D.1.1.3	65.1	438	152	1	1	438	1	437	1.4e-168	589.0
BCW-200054_01928	gnl|TC-DB|P69434|1.B.55.1.1	41.5	792	446	6	40	826	28	807	6.3e-170	594.3
BCW-200054_01933	gnl|TC-DB|Q46831|9.B.120.1.1	80.3	238	44	1	1	238	1	235	1.7e-96	348.6
BCW-200054_01937	gnl|TC-DB|Q8VS41|2.A.24.2.5	81.7	453	82	1	1	452	1	453	5.9e-210	726.5
BCW-200054_01945	gnl|TC-DB|P0AFF4|2.A.1.10.1	78.0	418	92	0	1	418	1	418	2.3e-184	641.3
BCW-200054_01956	gnl|TC-DB|P64564|9.A.4.1.2	85.1	188	28	0	1	188	1	188	7.1e-85	309.7
BCW-200054_01958	gnl|TC-DB|P24559|3.A.15.2.1	48.0	327	167	1	1	324	1	327	5.0e-78	287.7
BCW-200054_01965	gnl|TC-DB|P0AEP1|2.A.1.1.1	95.1	465	22	1	1	465	1	464	3.2e-251	863.6
BCW-200054_01969	gnl|TC-DB|O24779|1.B.25.1.3	60.1	424	167	2	1	422	2	425	2.0e-143	505.4
BCW-200054_01975	gnl|TC-DB|P0C0S1|1.A.23.2.1	84.8	282	43	0	1	282	1	282	6.9e-116	413.3
BCW-200054_01976	gnl|TC-DB|P11667|2.A.75.1.2	91.0	211	19	0	1	211	1	211	2.7e-109	391.0
BCW-200054_01991	gnl|TC-DB|Q86Z14|8.A.49.1.2	25.8	481	299	15	5	477	80	510	1.4e-36	150.6
BCW-200054_01994	gnl|TC-DB|P67153|1.C.113.1.10	90.4	218	21	0	1	218	1	218	4.8e-109	390.2
BCW-200054_02005	gnl|TC-DB|B7LEG0|1.A.34.1.2	42.7	262	93	3	35	239	116	377	8.0e-52	200.3
BCW-200054_02007	gnl|TC-DB|Q3YL97|1.B.20.1.3	56.3	554	237	3	1	551	34	585	4.4e-183	637.5
BCW-200054_02014	gnl|TC-DB|D7A5Z9|2.A.113.1.7	27.5	273	180	7	39	301	45	309	3.3e-18	89.0
BCW-200054_02015	gnl|TC-DB|P0C0L7|2.A.1.6.4	92.4	500	38	0	1	500	1	500	2.3e-263	904.0
BCW-200054_02016	gnl|TC-DB|P0A712|2.A.10.1.2	77.7	260	58	0	1	260	1	260	2.0e-111	398.7
BCW-200054_02021	gnl|TC-DB|P16677|3.A.1.9.1	87.0	262	34	0	1	262	1	262	2.8e-127	451.1
BCW-200054_02022	gnl|TC-DB|P16682|3.A.1.9.1	88.2	338	40	0	1	338	1	338	1.4e-171	598.6
BCW-200054_02023	gnl|TC-DB|P16683|3.A.1.9.1	93.8	259	16	0	1	259	1	259	1.7e-137	485.0
BCW-200054_02029	gnl|TC-DB|Q97VF5|3.A.1.5.9	36.5	255	152	3	4	248	45	299	5.1e-38	154.5
BCW-200054_02030	gnl|TC-DB|P37774|3.A.1.3.10	33.2	220	134	6	2	218	4	213	1.8e-21	99.4
BCW-200054_02036	gnl|TC-DB|Q9HV74|2.A.21.9.1	32.4	256	151	7	383	627	737	981	5.3e-22	102.8
BCW-200054_02037	gnl|TC-DB|G4FGN3|3.A.1.2.20	46.7	493	260	3	5	496	3	493	1.3e-128	456.4
BCW-200054_02038	gnl|TC-DB|A6VKS9|3.A.1.2.13	46.1	306	156	5	24	323	13	315	7.6e-58	220.7
BCW-200054_02039	gnl|TC-DB|Q9F9B2|3.A.1.2.7	32.8	296	172	11	3	276	1	291	3.7e-22	102.1
BCW-200054_02044	gnl|TC-DB|P07658|3.D.1.9.2	95.0	139	7	0	1	139	1	139	8.4e-75	275.8
BCW-200054_02045	gnl|TC-DB|P07658|3.D.1.9.2	94.4	558	31	0	1	558	157	714	0.0e+00	1093.2
BCW-200054_02048	gnl|TC-DB|P21345|2.A.23.1.1	95.4	437	20	0	1	437	1	437	8.1e-225	775.8
BCW-200054_02049	gnl|TC-DB|P31552|4.C.1.1.6	23.6	529	370	14	90	616	21	517	1.6e-27	120.9
BCW-200054_02050	gnl|TC-DB|P0AF54|9.B.136.1.1	76.9	104	24	0	1	104	1	104	2.0e-41	164.5
BCW-200054_02051	gnl|TC-DB|P32705|2.A.21.7.2	91.8	549	45	0	1	549	1	549	1.1e-279	958.4
BCW-200054_02052	gnl|TC-DB|P60643|2.A.122.1.3	29.7	195	137	0	35	229	39	233	1.2e-17	86.7
BCW-200054_02053	gnl|TC-DB|E7UC95|1.E.14.1.9	81.8	132	24	0	1	132	1	132	4.2e-55	210.3
BCW-200054_02056	gnl|TC-DB|P0AG96|3.A.5.1.1	96.1	127	5	0	1	127	1	127	1.7e-58	221.5
BCW-200054_02059	gnl|TC-DB|Q9ZK21|1.C.82.1.1	50.7	223	110	0	3	225	4	226	6.4e-59	223.8
BCW-200054_02064	gnl|TC-DB|U5MLJ3|4.A.3.2.9	85.4	103	15	0	1	103	1	103	3.8e-43	170.2
BCW-200054_02065	gnl|TC-DB|U5MIE1|4.A.3.2.9	63.4	101	37	0	1	101	1	101	8.2e-27	115.9
BCW-200054_02066	gnl|TC-DB|P0AAP1|9.B.34.1.2	31.6	158	100	4	356	506	210	366	4.4e-12	69.3
BCW-200054_02070	gnl|TC-DB|Q8ID54|3.A.25.2.1	35.8	215	128	4	8	215	89	300	5.9e-26	114.4
BCW-200054_02087	gnl|TC-DB|P0AEX3|2.A.1.6.2	85.2	432	63	1	1	431	1	432	4.0e-208	720.3
BCW-200054_02096	gnl|TC-DB|O00571|1.I.1.1.3	35.2	369	214	8	3	350	179	543	1.3e-49	193.7
BCW-200054_02098	gnl|TC-DB|F9VN10|3.D.10.1.4	35.3	535	308	15	10	520	7	527	4.9e-70	261.9
BCW-200054_02113	gnl|TC-DB|P77272|4.A.1.2.7	38.2	468	260	12	4	448	6	467	2.0e-69	259.6
BCW-200054_02120	gnl|TC-DB|Q9KN48|3.A.23.1.1	43.7	261	136	1	109	369	176	425	7.4e-56	214.5
BCW-200054_02125	gnl|TC-DB|Q47142|2.A.1.27.1	83.2	375	63	0	1	375	1	375	5.9e-179	623.2
BCW-200054_02128	gnl|TC-DB|D7A5Z9|2.A.113.1.7	38.8	227	127	4	64	284	60	280	5.1e-30	128.3
BCW-200054_02136	gnl|TC-DB|P44669|9.A.41.1.1	68.7	617	191	2	1	616	1	616	4.1e-230	793.9
BCW-200054_02144	gnl|TC-DB|Q57071|4.A.1.1.13	38.2	502	289	8	2	500	3	486	3.5e-86	315.5
BCW-200054_02153	gnl|TC-DB|P77774|1.B.33.1.3	81.6	392	72	0	1	392	1	392	4.2e-164	573.9
BCW-200054_02155	gnl|TC-DB|Q5KYD1|2.A.17.1.7	36.3	499	291	10	11	503	16	493	7.9e-78	287.7
BCW-200054_02168	gnl|TC-DB|B8H228|3.A.1.2.21	41.7	302	174	2	7	306	23	324	1.8e-64	242.7
BCW-200054_02169	gnl|TC-DB|B8H229|3.A.1.2.21	54.0	502	226	3	5	506	3	499	2.5e-140	495.4
BCW-200054_02170	gnl|TC-DB|B8H230|3.A.1.2.21	54.5	323	140	2	17	339	16	331	2.7e-90	328.6
BCW-200054_02175	gnl|TC-DB|A8GHT9|2.A.1.36.2	56.8	382	163	2	12	392	20	400	3.2e-106	381.7
BCW-200054_02181	gnl|TC-DB|P64545|9.B.209.1.1	71.7	53	15	0	1	53	7	59	1.7e-18	87.4
BCW-200054_02187	gnl|TC-DB|Q9UEF7|8.A.49.1.1	28.8	486	289	19	4	473	61	505	9.3e-41	164.5
BCW-200054_02189	gnl|TC-DB|P0AGM7|2.A.40.1.1	92.2	425	33	0	1	425	1	425	2.6e-215	744.2
BCW-200054_02193	gnl|TC-DB|Q72XQ0|4.A.3.2.8	43.5	430	234	4	4	424	1	430	2.6e-90	328.9
BCW-200054_02197	gnl|TC-DB|P0AFI9|2.A.86.1.1	86.1	353	49	0	1	353	1	353	3.8e-164	573.9
BCW-200054_02201	gnl|TC-DB|P0A903|1.B.33.1.3	86.6	344	46	0	1	344	1	344	1.0e-169	592.4
BCW-200054_02209	gnl|TC-DB|P24177|2.A.6.2.7	90.7	1037	96	0	1	1037	1	1037	0.0e+00	1816.2
BCW-200054_02211	gnl|TC-DB|Q5P036|5.A.3.11.1	32.7	153	74	7	10	138	10	157	1.0e-16	85.1
BCW-200054_02220	gnl|TC-DB|P76538|9.B.127.1.1	75.7	144	35	0	1	144	1	144	2.2e-60	228.0
BCW-200054_02223	gnl|TC-DB|P16700|3.A.1.6.1	93.8	336	20	1	1	335	1	336	5.9e-183	636.3
BCW-200054_02224	gnl|TC-DB|P16701|3.A.1.6.1	96.8	277	9	0	1	277	1	277	5.3e-145	510.0
BCW-200054_02225	gnl|TC-DB|P0AEB0|3.A.1.6.1	91.1	291	26	0	1	291	1	291	2.8e-149	524.2
BCW-200054_02226	gnl|TC-DB|P16676|3.A.1.6.1	93.4	365	23	1	1	364	1	365	1.7e-196	681.4
BCW-200054_02229	gnl|TC-DB|P69783|4.A.1.1.1	97.6	169	4	0	1	169	1	169	4.7e-88	320.1
BCW-200054_02230	gnl|TC-DB|P08839|8.A.7.1.1	97.6	575	14	0	1	575	1	575	6.8e-312	1065.4
BCW-200054_02231	gnl|TC-DB|P0AA04|8.A.8.1.1	100.0	85	0	0	1	85	1	85	1.4e-40	161.4
BCW-200054_02233	gnl|TC-DB|P0A6J3|2.A.121.1.1	88.1	253	30	0	1	253	1	253	1.2e-135	478.8
BCW-200054_02237	gnl|TC-DB|P39836|2.A.28.3.4	88.0	332	39	1	1	331	1	332	3.8e-158	553.9
BCW-200054_02250	gnl|TC-DB|P0AFF2|2.A.41.1.1	93.8	400	20	1	1	395	1	400	4.6e-195	676.8
BCW-200054_02251	gnl|TC-DB|P0A769|2.A.55.3.1	92.5	412	31	0	1	412	1	412	7.7e-209	722.6
BCW-200054_02253	gnl|TC-DB|P63144|8.A.5.1.3	35.4	325	199	7	13	330	71	391	2.0e-45	179.5
BCW-200054_02255	gnl|TC-DB|H5KWQ5|2.A.49.7.1	80.1	408	81	0	1	408	1	408	1.8e-178	621.7
BCW-200054_02258	gnl|TC-DB|F4LXP4|8.A.59.2.1	33.6	253	141	9	325	551	243	494	2.7e-26	116.7
BCW-200054_02261	gnl|TC-DB|Q6EE21|3.A.23.2.1	37.3	153	88	3	7	152	11	162	1.3e-18	89.4
BCW-200054_02262	gnl|TC-DB|Q6EE20|3.A.23.2.1	44.6	424	234	1	86	508	67	490	1.1e-108	390.2
BCW-200054_02265	gnl|TC-DB|P37665|9.B.186.1.1	38.9	113	68	1	430	542	107	218	1.2e-13	74.7
BCW-200054_02267	gnl|TC-DB|Q6EE14|3.A.23.2.1	48.0	883	406	10	7	868	8	858	3.7e-208	721.5
BCW-200054_02269	gnl|TC-DB|917745143|1.C.75.1.2	43.6	736	365	7	717	1409	2455	3183	2.7e-114	410.6
BCW-200054_02273	gnl|TC-DB|G3IME2|9.B.35.1.2	34.8	112	70	2	27	136	31	141	2.7e-17	84.7
BCW-200054_02278	gnl|TC-DB|P30130|1.B.11.3.9	48.7	158	81	0	2	159	704	861	6.0e-41	163.7
BCW-200054_02279	gnl|TC-DB|Q8CVM4|1.B.11.3.5	40.7	643	354	12	13	637	25	658	1.6e-125	446.4
BCW-200054_02291	gnl|TC-DB|P31435|2.A.2.3.4	86.6	462	58	1	2	463	3	460	2.0e-234	807.7
BCW-200054_02294	gnl|TC-DB|P0AGM9|2.A.40.4.2	94.4	462	26	0	1	462	1	462	7.3e-240	825.9
BCW-200054_02295	gnl|TC-DB|P0AER8|2.A.27.1.1	91.2	400	35	0	1	400	1	400	2.0e-198	688.0
BCW-200054_02302	gnl|TC-DB|P0AGM2|1.A.62.2.3	89.3	205	22	0	1	205	1	205	1.1e-99	359.0
BCW-200054_02314	gnl|TC-DB|B8F5K7|4.D.1.3.2	51.6	244	116	2	5	246	4	247	1.3e-65	246.1
BCW-200054_02316	gnl|TC-DB|P75905|4.D.1.1.3	38.5	91	55	1	6	95	75	165	2.4e-11	66.2
BCW-200054_02331	gnl|TC-DB|B8F5K7|4.D.1.3.2	24.8	254	179	6	4	250	4	252	1.1e-19	93.6
BCW-200054_02333	gnl|TC-DB|B7LEG0|1.A.34.1.2	39.5	119	67	3	308	425	262	376	2.9e-17	86.3
BCW-200054_02341	gnl|TC-DB|Q51955|2.A.1.15.1	44.7	434	240	0	7	440	12	445	3.5e-106	381.7
BCW-200054_02344	gnl|TC-DB|P33231|2.A.14.1.1	91.5	551	47	0	1	551	1	551	6.8e-285	975.7
BCW-200054_02348	gnl|TC-DB|P00550|4.A.2.1.2	92.9	633	45	0	1	633	1	633	0.0e+00	1132.9
BCW-200054_02349	gnl|TC-DB|P32108|9.B.32.1.1	74.1	108	26	1	1	106	1	108	3.2e-43	170.6
BCW-200054_02350	gnl|TC-DB|P37683|8.A.1.1.4	78.0	378	83	0	1	378	1	378	3.3e-166	580.9
BCW-200054_02356	gnl|TC-DB|P37681|9.B.99.1.1	55.3	246	110	0	1	246	1	246	1.8e-80	295.4
BCW-200054_02360	gnl|TC-DB|P0AAK3|3.D.1.9.2	40.6	170	67	2	1	138	1	168	2.8e-31	131.3
BCW-200054_02367	gnl|TC-DB|P0AGI4|3.A.1.2.4	91.3	393	34	0	1	393	1	393	4.3e-185	643.7
BCW-200054_02368	gnl|TC-DB|P37388|3.A.1.2.4	88.7	513	58	0	1	513	1	513	1.9e-265	911.0
BCW-200054_02369	gnl|TC-DB|P37387|3.A.1.2.4	90.0	330	33	0	1	330	1	330	1.5e-167	585.1
BCW-200054_02374	gnl|TC-DB|P37669|9.B.97.1.1	81.6	331	61	0	1	331	1	331	5.9e-159	556.6
BCW-200054_02379	gnl|TC-DB|Q53712|3.A.1.120.3	30.7	515	304	13	40	522	63	556	1.4e-40	164.1
BCW-200054_02384	gnl|TC-DB|Q9RPP3|2.A.1.14.8	28.0	422	286	8	14	423	33	448	2.2e-41	166.4
BCW-200054_02388	gnl|TC-DB|P37665|9.B.186.1.1	91.3	219	19	0	1	219	1	219	8.6e-82	299.7
BCW-200054_02389	gnl|TC-DB|P20099|5.A.3.4.3	82.4	774	136	0	2	775	4	777	0.0e+00	1376.3
BCW-200054_02393	gnl|TC-DB|P37662|2.A.1.11.3	89.7	350	36	0	1	350	1	350	3.1e-170	594.3
BCW-200054_02396	gnl|TC-DB|P33950|3.A.1.5.27	55.1	517	231	1	19	535	30	545	1.1e-170	596.3
BCW-200054_02397	gnl|TC-DB|W0WN20|3.A.1.5.39	65.8	339	113	1	1	339	1	336	3.3e-125	444.5
BCW-200054_02398	gnl|TC-DB|W0WMS8|3.A.1.5.39	53.4	283	132	0	17	299	18	300	1.4e-82	302.8
BCW-200054_02399	gnl|TC-DB|P45095|3.A.1.5.27	76.0	325	77	1	1	325	1	324	4.2e-141	497.3
BCW-200054_02400	gnl|TC-DB|P45094|3.A.1.5.27	76.7	326	75	1	3	327	2	327	6.0e-143	503.4
BCW-200054_02411	gnl|TC-DB|P39285|1.A.23.1.3	88.0	1107	133	0	1	1107	1	1107	0.0e+00	1768.8
BCW-200054_02413	gnl|TC-DB|F9VN10|3.D.10.1.4	40.3	586	325	8	1	581	1	566	5.9e-109	391.3
BCW-200054_02414	gnl|TC-DB|P17596|3.D.10.1.3	28.0	218	152	5	7	219	5	222	3.1e-24	108.6
BCW-200054_02420	gnl|TC-DB|D5CES3|2.A.7.1.10	96.2	105	4	0	1	105	1	105	4.3e-47	183.3
BCW-200054_02428	gnl|TC-DB|P39277|2.A.3.13.1	82.9	409	70	0	1	409	1	409	2.8e-190	661.0
BCW-200054_02431	gnl|TC-DB|P0ABN5|2.A.13.1.1	62.4	434	161	2	1	433	1	433	9.1e-144	506.5
BCW-200054_02433	gnl|TC-DB|P36655|5.A.1.1.1	84.6	565	85	2	1	563	1	565	9.3e-274	938.7
BCW-200054_02442	gnl|TC-DB|P28635|3.A.1.24.1	64.1	262	93	1	5	266	11	271	5.7e-96	347.1
BCW-200054_02445	gnl|TC-DB|Q8GC84|2.A.6.2.19	83.4	374	61	1	1	373	1	374	2.3e-167	584.7
BCW-200054_02446	gnl|TC-DB|Q8GC83|2.A.6.2.19	87.7	1028	126	0	1	1028	1	1028	0.0e+00	1688.7
BCW-200054_02447	gnl|TC-DB|Q8GC82|2.A.6.2.19	81.0	452	86	0	1	452	1	452	1.8e-203	704.9
BCW-200054_02450	gnl|TC-DB|Q9KSH5|4.A.3.2.6	49.0	100	51	0	1	100	1	100	3.4e-20	94.0
BCW-200054_02451	gnl|TC-DB|Q9KSH4|4.A.3.2.6	48.6	434	222	1	4	437	6	438	8.5e-121	430.3
BCW-200054_02452	gnl|TC-DB|Q86Z14|8.A.49.1.2	27.5	466	285	16	5	455	81	508	1.9e-38	156.8
BCW-200054_02453	gnl|TC-DB|P69791|4.A.3.2.1	51.5	97	47	0	5	101	17	113	3.5e-22	100.5
BCW-200054_02455	gnl|TC-DB|P31437|2.A.7.3.12	84.9	298	45	0	1	298	1	298	4.9e-136	480.3
BCW-200054_02456	gnl|TC-DB|P0ADL1|2.A.1.2.26	85.3	381	56	0	16	396	14	394	5.0e-173	603.6
BCW-200054_02458	gnl|TC-DB|P0AGC0|2.A.1.4.1	94.1	459	27	0	1	459	1	459	6.8e-246	845.9
BCW-200054_02459	gnl|TC-DB|P09836|2.A.1.4.4	88.7	433	49	0	3	435	6	438	3.4e-231	797.0
BCW-200054_02469	gnl|TC-DB|L0LHM3|2.A.7.31.3	49.1	277	140	1	1	276	1	277	1.8e-60	229.2
BCW-200054_02470	gnl|TC-DB|P31442|2.A.1.2.9	88.1	385	46	0	1	385	10	394	1.4e-188	655.2
BCW-200054_02473	gnl|TC-DB|P08555|2.A.8.1.5	90.6	445	42	0	1	445	1	445	3.7e-217	750.4
BCW-200054_02476	gnl|TC-DB|P0ADM0|9.B.51.1.1	86.1	115	16	0	1	115	1	115	3.5e-50	193.7
BCW-200054_02478	gnl|TC-DB|Q9AGA7|4.A.1.1.10	90.4	540	52	0	1	540	1	540	2.4e-282	967.2
BCW-200054_02480	gnl|TC-DB|B7L824|2.A.81.1.5	81.3	552	103	0	1	552	1	552	4.4e-252	866.7
BCW-200054_02493	gnl|TC-DB|P25714|2.A.9.3.1	92.0	548	43	1	1	547	1	548	1.3e-280	961.4
BCW-200054_02495	gnl|TC-DB|P31462|2.A.1.2.22	72.4	392	104	2	1	389	1	391	1.7e-149	525.4
BCW-200054_02499	gnl|TC-DB|P31466|2.A.40.7.6	94.4	445	25	0	1	445	1	445	4.2e-229	790.0
BCW-200054_02502	gnl|TC-DB|P0AAH0|3.A.1.7.1	95.3	257	12	0	1	257	1	257	2.1e-143	504.6
BCW-200054_02503	gnl|TC-DB|P07654|3.A.1.7.1	92.9	296	21	0	1	296	1	296	3.4e-150	527.3
BCW-200054_02504	gnl|TC-DB|P0AGH8|3.A.1.7.1	95.3	319	15	0	1	319	1	319	4.8e-166	580.1
BCW-200054_02505	gnl|TC-DB|P0AG82|3.A.1.7.1	92.2	346	27	0	1	346	1	346	4.5e-186	646.7
BCW-200054_02508	gnl|TC-DB|P0A6E6|3.A.2.1.1	95.7	139	6	0	1	139	1	139	4.0e-69	256.9
BCW-200054_02509	gnl|TC-DB|P0ABB4|3.A.2.1.1	98.0	460	9	0	1	460	1	460	2.4e-259	890.6
BCW-200054_02510	gnl|TC-DB|P0ABA6|3.A.2.1.1	93.7	287	18	0	1	287	1	287	8.7e-151	529.3
BCW-200054_02511	gnl|TC-DB|P0ABB0|3.A.2.1.1	95.3	513	24	0	1	513	1	513	4.7e-280	959.5
BCW-200054_02512	gnl|TC-DB|P0ABA4|3.A.2.1.1	89.8	177	18	0	1	177	1	177	2.4e-82	301.2
BCW-200054_02513	gnl|TC-DB|P0ABA0|3.A.2.1.1	93.6	156	10	0	1	156	1	156	3.0e-52	201.1
BCW-200054_02514	gnl|TC-DB|P68699|3.A.2.1.1	100.0	79	0	0	1	79	1	79	2.8e-35	143.7
BCW-200054_02515	gnl|TC-DB|P0AB98|3.A.2.1.1	93.4	271	18	0	1	271	1	271	5.7e-144	506.5
BCW-200054_02516	gnl|TC-DB|C4X3L3|1.A.77.3.8	89.7	126	13	0	1	126	25	150	1.8e-55	211.5
BCW-200054_02524	gnl|TC-DB|P63183|2.A.72.1.1	92.4	622	47	0	1	622	1	622	0.0e+00	1142.5
BCW-200054_02526	gnl|TC-DB|P04983|3.A.1.2.1	96.4	501	18	0	1	501	1	501	1.6e-277	951.0
BCW-200054_02527	gnl|TC-DB|P0AGI1|3.A.1.2.1	94.4	321	18	0	1	321	1	321	5.5e-146	513.5
BCW-200054_02528	gnl|TC-DB|P02925|3.A.1.2.1	98.3	296	5	0	1	296	1	296	9.3e-156	545.8
BCW-200054_02531	gnl|TC-DB|P31474|2.A.1.3.51	81.8	477	85	1	1	477	1	475	2.1e-210	728.0
BCW-200054_02564	gnl|TC-DB|P77237|1.E.1.1.2	66.2	71	24	0	1	71	1	71	7.7e-24	105.5
BCW-200054_02592	gnl|TC-DB|Q9L3S6|3.A.1.4.4	46.5	411	190	11	6	407	23	412	2.5e-93	339.0
BCW-200054_02593	gnl|TC-DB|Q8NRW0|3.A.1.4.5	44.9	294	156	3	228	521	4	291	3.8e-59	225.7
BCW-200054_02594	gnl|TC-DB|Q9L3S4|3.A.1.4.4	43.1	311	174	2	45	353	30	339	1.8e-60	229.6
BCW-200054_02595	gnl|TC-DB|Q8NRV8|3.A.1.4.5	42.6	242	131	4	25	264	3	238	3.3e-43	171.8
BCW-200054_02596	gnl|TC-DB|Q9L3S2|3.A.1.4.4	47.9	215	110	2	14	227	4	217	2.7e-49	191.8
BCW-200054_02597	gnl|TC-DB|O05703|3.A.1.15.3	53.0	185	87	0	30	214	317	501	1.2e-51	199.5
BCW-200054_02598	gnl|TC-DB|P31126|2.A.1.2.55	68.7	390	121	1	1	390	1	389	1.3e-149	525.8
BCW-200054_02599	gnl|TC-DB|P31125|2.A.7.3.2	84.5	297	46	0	1	297	1	297	5.9e-134	473.4
BCW-200054_02603	gnl|TC-DB|P0AEY1|2.A.95.1.1	89.1	221	24	0	1	221	1	221	2.2e-101	364.8
BCW-200054_02604	gnl|TC-DB|P31122|2.A.1.2.15	84.6	396	61	0	1	396	1	396	2.0e-182	634.8
BCW-200054_02613	gnl|TC-DB|P76330|9.B.34.1.4	33.9	180	107	5	292	464	386	560	7.7e-19	91.7
BCW-200054_02614	gnl|TC-DB|P0AAP1|9.B.34.1.2	33.1	163	109	0	153	315	199	361	4.2e-21	98.6
BCW-200054_02617	gnl|TC-DB|B2N0W4|1.A.46.2.6	80.3	304	60	0	1	304	18	321	1.7e-136	481.9
BCW-200054_02625	gnl|TC-DB|P9WG63|5.A.1.2.9	30.9	433	252	7	4	395	119	545	5.0e-48	188.3
BCW-200054_02634	gnl|TC-DB|Q8XG43|2.A.117.1.3	50.0	138	69	0	7	144	18	155	4.6e-31	130.6
BCW-200054_02640	gnl|TC-DB|Q9ZHC9|2.A.6.1.3	95.9	1046	43	0	1	1046	1	1046	0.0e+00	1950.3
BCW-200054_02641	gnl|TC-DB|P77239|2.A.6.1.4	68.0	412	123	4	6	413	1	407	5.3e-157	550.4
BCW-200054_02643	gnl|TC-DB|Q9ZHD2|1.B.17.3.4	87.2	461	59	0	1	461	1	461	8.6e-225	775.8
BCW-200054_02645	gnl|TC-DB|Q9HV74|2.A.21.9.1	28.1	224	141	6	267	480	761	974	9.2e-20	94.7
BCW-200054_02647	gnl|TC-DB|P76269|2.A.1.3.17	36.6	445	276	5	11	452	7	448	1.0e-68	257.3
BCW-200054_02649	gnl|TC-DB|B1HGV3|9.B.211.1.1	48.8	324	158	1	5	328	3	318	5.4e-80	294.3
BCW-200054_02677	gnl|TC-DB|O33918|5.A.1.5.1	46.7	689	287	11	1	674	1	624	8.9e-162	567.0
BCW-200054_02685	gnl|TC-DB|P08470|4.A.1.2.1	94.5	456	25	0	1	456	1	456	3.4e-242	833.6
BCW-200054_02686	gnl|TC-DB|P22340|1.B.3.1.2	73.1	505	136	0	1	505	1	505	2.6e-206	714.5
BCW-200054_02692	gnl|TC-DB|P76128|3.A.1.5.38	85.9	511	68	1	4	510	6	516	5.0e-258	886.3
BCW-200054_02693	gnl|TC-DB|P77308|3.A.1.5.38	91.8	340	28	0	1	340	1	340	2.8e-180	627.5
BCW-200054_02694	gnl|TC-DB|P77463|3.A.1.5.38	76.4	297	70	0	1	297	1	297	4.4e-121	430.6
BCW-200054_02695	gnl|TC-DB|P77268|3.A.1.5.38	79.6	324	66	0	1	324	1	324	4.6e-148	520.4
BCW-200054_02696	gnl|TC-DB|P77622|3.A.1.5.38	76.9	308	71	0	1	308	1	308	4.2e-135	477.2
BCW-200054_02706	gnl|TC-DB|P39115|3.A.1.121.3	29.3	498	306	9	1	479	1	471	7.7e-50	194.9
BCW-200054_02709	gnl|TC-DB|P77308|3.A.1.5.38	28.7	331	204	3	5	306	7	334	9.2e-29	124.0
BCW-200054_02710	gnl|TC-DB|W0WMS8|3.A.1.5.39	33.2	262	169	1	17	272	24	285	7.5e-38	154.1
BCW-200054_02711	gnl|TC-DB|Q9F9T4|3.A.1.5.23	45.2	558	274	6	3	532	19	572	1.1e-119	426.8
BCW-200054_02715	gnl|TC-DB|P23910|2.A.1.2.14	71.0	383	111	0	1	383	1	383	6.7e-146	513.5
BCW-200054_02721	gnl|TC-DB|P0AEK7|5.A.3.2.1	87.6	217	27	0	1	217	1	217	1.1e-110	395.6
BCW-200054_02722	gnl|TC-DB|P0AAJ3|5.A.3.2.1	90.8	294	27	0	1	294	1	294	5.6e-169	589.7
BCW-200054_02723	gnl|TC-DB|P24183|5.A.3.2.1	90.9	803	73	0	1	803	213	1015	0.0e+00	1549.6
BCW-200054_02724	gnl|TC-DB|P24183|5.A.3.2.1	95.9	195	8	0	1	195	1	195	6.2e-108	386.3
BCW-200054_02726	gnl|TC-DB|P46136|2.A.7.17.2	74.3	292	75	0	1	292	1	292	4.1e-124	440.7
BCW-200054_02727	gnl|TC-DB|D6QLX8|1.B.1.1.19	73.6	375	85	3	1	369	1	367	4.8e-162	567.0
BCW-200054_02729	gnl|TC-DB|P21627|3.A.1.4.8	43.4	297	154	4	2	297	17	300	7.3e-47	184.1
BCW-200054_02730	gnl|TC-DB|P21628|3.A.1.4.8	40.8	353	156	6	24	362	96	409	6.7e-55	211.1
BCW-200054_02731	gnl|TC-DB|P0A9S7|3.A.1.4.1	46.2	249	133	1	3	250	5	253	7.7e-58	220.3
BCW-200054_02732	gnl|TC-DB|Q8DQH7|3.A.1.4.10	49.8	233	116	1	4	235	3	235	1.8e-61	232.3
BCW-200054_02733	gnl|TC-DB|Q9L3M3|3.A.1.4.3	32.9	368	232	8	4	367	1	357	1.3e-45	180.3
BCW-200054_02736	gnl|TC-DB|P63183|2.A.72.1.1	41.2	629	355	5	6	627	2	622	2.9e-130	462.2
BCW-200054_02737	gnl|TC-DB|P37594|2.A.1.3.14	75.7	493	120	0	1	493	1	493	2.3e-183	638.3
BCW-200054_02746	gnl|TC-DB|O05256|2.A.24.2.3	58.0	414	174	0	24	437	30	443	1.3e-132	469.5
BCW-200054_02752	gnl|TC-DB|P0AEM9|3.A.1.3.10	30.1	236	149	9	45	276	36	259	1.7e-16	83.2
BCW-200054_02753	gnl|TC-DB|Q9F3K7|3.A.1.3.24	57.8	249	105	0	9	257	5	253	1.5e-80	295.8
BCW-200054_02754	gnl|TC-DB|Q9F3K6|3.A.1.3.24	40.9	276	156	3	5	280	21	289	6.9e-45	177.6
BCW-200054_02756	gnl|TC-DB|Q9F3K5|3.A.1.3.24	27.7	242	154	6	78	304	82	317	1.0e-16	84.0
BCW-200054_02761	gnl|TC-DB|M3JA40|1.B.52.2.1	31.2	189	113	2	338	509	270	458	4.2e-15	79.3
BCW-200054_02764	gnl|TC-DB|P40812|2.A.3.1.8	91.3	484	42	0	1	484	1	484	1.5e-254	874.8
BCW-200054_02766	gnl|TC-DB|P76115|1.B.14.9.5	78.0	706	147	2	1	704	1	700	0.0e+00	1157.9
BCW-200054_02771	gnl|TC-DB|P76111|2.A.7.21.2	86.6	149	20	0	1	149	1	149	1.1e-64	242.3
BCW-200054_02773	gnl|TC-DB|P33950|3.A.1.5.27	50.7	505	248	1	21	525	34	537	4.4e-148	521.2
BCW-200054_02779	gnl|TC-DB|P0AFR9|3.A.1.11.9	90.8	262	24	0	1	262	1	262	3.1e-134	474.2
BCW-200054_02780	gnl|TC-DB|P77156|3.A.1.11.9	88.2	314	36	1	1	314	1	313	1.9e-154	541.6
BCW-200054_02781	gnl|TC-DB|P77795|3.A.1.11.9	82.5	337	59	0	1	337	1	337	1.0e-158	555.8
BCW-200054_02782	gnl|TC-DB|P76108|3.A.1.11.9	90.0	381	38	0	1	381	1	381	5.3e-212	733.0
BCW-200054_02786	gnl|TC-DB|P0ABK2|3.D.4.3.2	29.5	363	215	11	5	329	7	366	1.4e-30	130.2
BCW-200054_02791	gnl|TC-DB|P77747|1.B.1.1.21	81.4	377	62	1	1	369	1	377	2.7e-181	630.9
BCW-200054_02829	gnl|TC-DB|P37653|4.D.3.1.6	87.4	872	109	1	1	871	1	872	0.0e+00	1580.5
BCW-200054_02830	gnl|TC-DB|P37652|4.D.3.1.6	81.1	729	138	0	18	746	49	777	0.0e+00	1225.3
BCW-200054_02831	gnl|TC-DB|P37651|4.D.3.1.6	73.8	367	96	0	1	367	1	367	1.1e-169	592.4
BCW-200054_02832	gnl|TC-DB|P37650|1.B.55.3.1	75.2	1163	279	5	1	1160	1	1157	0.0e+00	1626.3
BCW-200054_02834	gnl|TC-DB|P0A830|2.A.23.1.7	93.0	428	30	0	1	428	1	428	3.0e-216	747.3
BCW-200054_02838	gnl|TC-DB|P37645|9.B.121.1.1	86.0	686	90	1	1	680	1	686	0.0e+00	1188.7
BCW-200054_02839	gnl|TC-DB|P37643|2.A.1.6.10	90.2	440	43	0	1	440	1	440	1.3e-217	751.9
BCW-200054_02840	gnl|TC-DB|P37642|9.B.126.1.1	83.5	339	52	1	1	339	1	335	3.7e-156	547.4
BCW-200054_02851	gnl|TC-DB|P0A8S5|9.B.4.1.1	92.8	111	8	0	1	111	1	111	5.9e-55	209.5
BCW-200054_02854	gnl|TC-DB|P0AFJ7|2.A.20.1.1	89.0	500	53	2	1	499	1	499	2.6e-251	864.0
BCW-200054_02859	gnl|TC-DB|P70786|2.A.1.14.3	44.0	430	239	2	6	435	13	440	6.1e-103	370.9
BCW-200054_02861	gnl|TC-DB|Q7B1W8|2.A.109.1.1	80.6	341	66	0	1	341	1	341	5.0e-161	563.5
BCW-200054_02863	gnl|TC-DB|E9RJ18|3.A.7.13.2	37.1	89	53	2	49	134	271	359	9.5e-13	69.7
BCW-200054_02868	gnl|TC-DB|P77757|4.D.2.1.8	85.1	322	48	0	1	322	1	322	6.0e-156	546.6
BCW-200054_02871	gnl|TC-DB|G8LJX5|9.B.142.2.2	90.2	551	54	0	1	551	1	551	2.7e-289	990.3
BCW-200054_02872	gnl|TC-DB|P81891|2.A.7.22.2	66.4	110	37	0	1	110	1	110	2.0e-34	141.4
BCW-200054_02873	gnl|TC-DB|P76474|2.A.7.22.1	50.4	125	62	0	3	127	2	126	5.5e-28	120.2
BCW-200054_02880	gnl|TC-DB|Q7AA53|2.A.6.8.2	82.6	745	129	1	30	773	5	749	0.0e+00	1184.1
BCW-200054_02893	gnl|TC-DB|P0AGM0|2.A.86.1.2	86.9	343	45	0	7	349	7	349	2.5e-160	561.2
BCW-200054_02894	gnl|TC-DB|P37621|2.A.1.46.7	81.5	405	75	0	1	405	1	405	2.1e-182	634.8
BCW-200054_02896	gnl|TC-DB|B3WJF3|2.A.88.8.6	92.3	220	17	0	1	220	1	220	4.3e-113	403.7
BCW-200054_02898	gnl|TC-DB|P67143|2.A.95.1.5	94.4	197	11	0	1	197	1	197	6.1e-95	343.2
BCW-200054_02907	gnl|TC-DB|P09391|9.B.104.1.1	83.3	275	46	0	1	275	1	275	1.1e-134	475.7
BCW-200054_02912	gnl|TC-DB|P39835|2.A.8.1.4	95.0	438	22	0	1	438	1	438	1.2e-215	745.3
BCW-200054_02917	gnl|TC-DB|B5XTS6|9.A.8.1.10	78.5	79	16	1	1	78	1	79	2.1e-30	127.5
BCW-200054_02918	gnl|TC-DB|B5XTS7|9.A.8.1.10	89.6	772	80	0	1	772	1	772	0.0e+00	1365.1
BCW-200054_02919	gnl|TC-DB|B5XTS8|9.A.8.1.10	89.3	75	8	0	1	75	1	75	8.7e-34	138.7
BCW-200054_02923	gnl|TC-DB|Q9HV74|2.A.21.9.1	27.6	217	139	7	237	437	760	974	1.9e-11	67.0
BCW-200054_02934	gnl|TC-DB|Q1R5P6|1.B.22.4.2	76.8	392	91	0	18	409	18	409	1.0e-168	589.3
BCW-200054_02947	gnl|TC-DB|P60778|2.A.1.7.14	88.4	388	45	0	1	388	1	388	4.8e-192	666.8
BCW-200054_02952	gnl|TC-DB|P45537|2.A.85.1.3	82.1	692	123	1	1	691	5	696	0.0e+00	1135.9
BCW-200054_02958	gnl|TC-DB|Q83XH1|3.A.1.121.4	31.1	547	357	7	1	528	1	546	5.0e-74	275.4
BCW-200054_02959	gnl|TC-DB|P0A756|2.A.37.1.2	88.0	183	22	0	1	183	2	184	3.0e-96	347.4
BCW-200054_02960	gnl|TC-DB|P45522|2.A.37.1.2	89.7	601	62	0	1	601	1	601	1.4e-299	1024.6
BCW-200054_02972	gnl|TC-DB|Q19NA9|1.E.53.1.7	66.7	57	19	0	5	61	15	71	6.6e-16	79.0
BCW-200054_02984	gnl|TC-DB|D4ZZR3|9.B.34.1.3	37.9	174	96	4	316	484	226	392	4.8e-24	109.0
BCW-200054_02985	gnl|TC-DB|A6TAG3|1.E.43.1.1	96.3	82	3	0	1	82	1	82	7.5e-39	155.6
BCW-200054_02986	gnl|TC-DB|P76330|9.B.34.1.4	34.5	110	72	0	173	282	383	492	2.3e-12	69.7
BCW-200054_02991	gnl|TC-DB|P76242|2.A.1.17.3	78.3	392	85	0	1	392	1	392	1.3e-165	578.9
BCW-200054_02998	gnl|TC-DB|P0A908|9.B.99.1.2	73.4	248	66	0	1	248	1	248	3.1e-112	401.0
BCW-200054_03008	gnl|TC-DB|Q07711|3.A.7.7.1	30.1	621	395	17	3	612	4	596	3.6e-72	269.2
BCW-200054_03015	gnl|TC-DB|B7L6N0|3.A.1.19.4	60.8	209	78	1	1	205	1	209	7.3e-67	250.0
BCW-200054_03016	gnl|TC-DB|B7L6M9|3.A.1.19.4	56.8	495	212	1	17	509	2	496	4.2e-156	547.7
BCW-200054_03017	gnl|TC-DB|B7L6M8|3.A.1.19.4	75.2	387	94	2	4	388	1	387	1.9e-172	601.7
BCW-200054_03030	gnl|TC-DB|P69795|4.A.3.2.1	96.2	104	4	0	1	104	1	104	1.4e-50	194.9
BCW-200054_03031	gnl|TC-DB|P17334|4.A.3.2.1	89.4	452	48	0	1	452	1	452	1.8e-211	731.5
BCW-200054_03032	gnl|TC-DB|P69791|4.A.3.2.1	85.1	114	17	0	1	114	1	114	5.2e-46	179.9
BCW-200054_03038	gnl|TC-DB|P77529|2.A.23.1.8	85.7	462	66	0	1	462	1	462	1.1e-208	722.2
BCW-200054_03045	gnl|TC-DB|P76206|1.B.75.1.3	86.9	252	33	0	23	274	1	252	2.8e-130	461.1
BCW-200054_03054	gnl|TC-DB|P06609|3.A.1.13.1	73.9	326	85	0	1	326	1	326	4.6e-132	467.2
BCW-200054_03056	gnl|TC-DB|P06611|3.A.1.13.1	70.6	248	73	0	1	248	1	248	7.5e-98	353.2
BCW-200054_03061	gnl|TC-DB|Q81E21|2.A.8.1.14	53.3	478	207	3	1	462	1	478	2.1e-130	462.2
BCW-200054_03066	gnl|TC-DB|A8GDS6|3.A.1.14.16	60.2	251	100	0	7	257	9	259	5.4e-83	303.9
BCW-200054_03067	gnl|TC-DB|Q56992|3.A.1.14.5	65.3	320	110	1	7	325	9	328	1.3e-102	369.4
BCW-200054_03068	gnl|TC-DB|A8GDS8|3.A.1.14.16	54.8	270	122	0	1	270	5	274	8.5e-79	290.0
BCW-200054_03070	gnl|TC-DB|P72412|1.B.14.2.14	84.5	621	95	1	41	660	40	660	0.0e+00	1114.0
BCW-200054_03074	gnl|TC-DB|Q9HXN5|4.A.1.1.15	26.3	414	235	12	391	780	433	800	1.5e-27	121.3
BCW-200054_03075	gnl|TC-DB|P75683|2.A.2.3.5	55.7	447	198	0	7	453	4	450	8.3e-143	503.4
BCW-200054_03077	gnl|TC-DB|B1LE48|2.A.86.2.1	84.0	369	59	0	1	369	1	369	2.3e-172	601.3
BCW-200054_03081	gnl|TC-DB|P07658|3.D.1.9.2	64.6	715	248	4	1	713	1	712	4.5e-289	989.9
BCW-200054_03088	gnl|TC-DB|Q5HGY5|3.A.1.11.8	28.4	232	144	7	1	228	4	217	2.3e-14	75.9
BCW-200054_03097	gnl|TC-DB|O32169|3.A.1.24.2	57.1	338	144	1	1	337	1	338	7.0e-107	383.6
BCW-200054_03098	gnl|TC-DB|O32168|3.A.1.24.2	61.7	222	85	0	1	222	1	222	1.8e-66	248.8
BCW-200054_03099	gnl|TC-DB|O32167|3.A.1.24.2	49.1	269	129	3	5	269	9	273	5.6e-67	250.8
BCW-200054_03101	gnl|TC-DB|Q8YPM7|3.A.1.3.18	38.4	198	118	2	27	220	177	374	3.4e-25	111.7
BCW-200054_03102	gnl|TC-DB|Q8YPM8|3.A.1.3.18	34.1	223	134	4	17	232	80	296	1.0e-25	113.6
BCW-200054_03103	gnl|TC-DB|Q9I405|3.A.1.3.22	54.1	242	108	2	24	263	2	242	6.2e-66	247.3
BCW-200054_03104	gnl|TC-DB|Q8RCC4|3.A.1.3.27	34.2	260	157	8	12	261	3	258	2.6e-27	119.0
BCW-200054_03108	gnl|TC-DB|P96878|2.A.53.3.12	29.4	170	113	2	26	189	571	739	4.3e-22	101.3
BCW-200054_03112	gnl|TC-DB|P37340|2.A.66.1.3	86.3	453	62	0	1	453	5	457	3.4e-218	753.8
BCW-200054_03115	gnl|TC-DB|P37597|2.A.1.2.62	73.3	401	104	2	1	399	1	400	2.2e-160	561.6
BCW-200054_03117	gnl|TC-DB|Q0HIQ8|3.A.1.2.14	27.0	233	151	10	58	277	21	247	4.2e-11	65.5
BCW-200054_03119	gnl|TC-DB|P77389|2.A.1.2.65	91.5	387	33	0	1	387	1	387	6.4e-189	656.4
BCW-200054_03129	gnl|TC-DB|P76187|8.A.5.1.7	87.6	298	37	0	1	298	1	298	2.3e-154	541.2
BCW-200054_03131	gnl|TC-DB|Q8ZPN4|2.A.85.1.5	80.6	679	130	1	1	677	1	679	0.0e+00	1090.5
BCW-200054_03132	gnl|TC-DB|P46482|8.A.1.7.1	42.1	273	157	1	23	295	14	285	2.1e-51	199.1
BCW-200054_03133	gnl|TC-DB|G4PZW1|8.A.48.1.1	66.7	78	26	0	1	78	1	78	2.5e-28	120.6
BCW-200054_03135	gnl|TC-DB|P76330|9.B.34.1.4	36.7	188	116	3	264	449	372	558	1.3e-23	107.5
BCW-200054_03143	gnl|TC-DB|P77304|2.A.17.1.2	86.9	498	62	2	1	496	1	497	1.5e-243	838.2
BCW-200054_03145	gnl|TC-DB|P77179|3.D.6.1.4	78.1	224	49	0	1	224	1	224	5.0e-93	337.0
BCW-200054_03146	gnl|TC-DB|P77285|3.D.6.1.4	75.7	206	50	0	1	206	1	206	1.5e-88	322.0
BCW-200054_03147	gnl|TC-DB|P76182|3.D.6.1.4	84.6	350	54	0	1	350	1	350	1.9e-171	598.2
BCW-200054_03148	gnl|TC-DB|P77611|3.D.6.1.4	80.6	556	108	0	1	556	1	556	3.4e-246	847.4
BCW-200054_03149	gnl|TC-DB|P77223|3.D.6.1.4	82.3	192	34	0	1	192	1	192	6.2e-76	280.0
BCW-200054_03150	gnl|TC-DB|P0A766|3.D.6.1.4	94.8	193	10	0	1	193	1	193	1.9e-93	338.2
BCW-200054_03156	gnl|TC-DB|P19642|4.A.1.1.3	88.1	530	63	0	1	530	1	530	9.1e-271	928.7
BCW-200054_03169	gnl|TC-DB|P0ACX0|9.B.72.1.2	82.0	111	20	0	1	111	1	111	1.3e-46	181.8
BCW-200054_03171	gnl|TC-DB|P0AAE5|2.A.3.2.8	88.9	460	51	0	1	460	1	460	7.2e-232	799.3
BCW-200054_03173	gnl|TC-DB|P07001|3.D.2.1.1	90.0	509	50	1	1	508	1	509	2.3e-255	877.5
BCW-200054_03174	gnl|TC-DB|P0AB67|3.D.2.1.1	93.2	457	31	0	1	457	6	462	2.0e-237	817.8
BCW-200054_03179	gnl|TC-DB|P46133|2.A.68.1.1	88.6	508	58	0	1	508	1	508	3.7e-253	870.2
BCW-200054_03196	gnl|TC-DB|Q9I6X4|2.A.6.2.27	47.5	1000	524	1	9	1007	5	1004	5.9e-250	860.5
BCW-200054_03197	gnl|TC-DB|Q9I6X6|2.A.6.2.27	38.3	345	206	3	41	382	28	368	3.3e-44	175.6
BCW-200054_03205	gnl|TC-DB|P0AFS5|2.A.86.1.4	81.6	342	63	0	1	342	1	342	4.7e-143	503.8
BCW-200054_03206	gnl|TC-DB|P69213|2.A.7.1.9	83.9	118	19	0	13	130	4	121	2.0e-46	181.4
BCW-200054_03207	gnl|TC-DB|P69210|2.A.7.1.9	87.2	109	14	0	1	109	1	109	2.8e-49	190.7
BCW-200054_03208	gnl|TC-DB|P0AAP1|9.B.34.1.2	32.6	184	117	4	276	455	186	366	4.1e-16	83.2
BCW-200054_03213	gnl|TC-DB|P43531|2.A.1.36.1	83.0	417	70	1	1	417	1	416	3.6e-190	660.6
BCW-200054_03217	gnl|TC-DB|A8AGW0|2.A.49.5.4	79.4	417	84	2	13	428	1	416	2.6e-178	621.3
BCW-200054_03218	gnl|TC-DB|Q8ZPK4|3.A.1.12.14	90.3	382	37	0	1	382	1	382	9.4e-201	695.7
BCW-200054_03219	gnl|TC-DB|Q8ZPK3|3.A.1.12.14	91.2	215	19	0	1	215	1	215	2.5e-102	367.9
BCW-200054_03220	gnl|TC-DB|Q8ZPK2|3.A.1.12.14	83.1	290	49	0	10	299	11	300	1.0e-138	489.2
BCW-200054_03221	gnl|TC-DB|Q8ZPK1|3.A.1.12.14	85.9	234	32	1	1	233	1	234	4.5e-105	377.1
BCW-200054_03222	gnl|TC-DB|657066955|9.B.143.3.6	31.7	221	147	4	25	241	12	232	6.8e-17	84.3
BCW-200054_03228	gnl|TC-DB|Q8X5H7|1.B.12.2.7	30.6	402	240	12	328	725	614	980	4.6e-39	159.5
BCW-200054_03232	gnl|TC-DB|C5IZH0|2.A.6.2.47	89.8	391	40	0	1	391	1	391	2.3e-194	674.5
BCW-200054_03233	gnl|TC-DB|C5IZH1|2.A.6.2.47	96.5	1051	36	1	1	1051	1	1050	0.0e+00	1929.1
BCW-200054_03240	gnl|TC-DB|P72770|2.A.53.4.1	31.2	513	349	3	11	522	7	516	3.8e-57	219.2
BCW-200054_03242	gnl|TC-DB|P77374|5.A.3.3.1	85.8	812	111	1	1	812	1	808	0.0e+00	1463.4
BCW-200054_03247	gnl|TC-DB|P76169|2.A.7.26.1	86.0	107	15	0	1	107	1	107	1.1e-50	195.3
BCW-200054_03250	gnl|TC-DB|P77228|2.A.1.6.9	84.8	415	62	1	29	442	1	415	5.7e-197	683.3
BCW-200054_03257	gnl|TC-DB|D4ZZR3|9.B.34.1.3	37.5	168	103	1	429	594	225	392	1.4e-23	108.2
BCW-200054_03259	gnl|TC-DB|P22037|9.B.20.1.1	73.4	218	58	0	1	218	7	224	2.5e-84	308.1
BCW-200054_03260	gnl|TC-DB|O53183|2.A.1.2.71	33.5	397	259	3	4	396	11	406	4.2e-50	195.3
BCW-200054_03267	gnl|TC-DB|P0AAP1|9.B.34.1.2	29.0	255	152	10	122	365	130	366	2.0e-19	93.2
BCW-200054_03288	gnl|TC-DB|P17583|2.A.1.17.1	34.3	373	240	2	12	380	3	374	9.2e-47	184.1
BCW-200054_03296	gnl|TC-DB|Q9HXW4|2.A.6.2.17	42.6	1023	579	3	6	1021	3	1024	1.7e-225	779.2
BCW-200054_03297	gnl|TC-DB|Q9I6X5|2.A.6.2.27	27.6	348	243	4	13	356	9	351	1.9e-17	86.7
BCW-200054_03322	gnl|TC-DB|G8WDN3|2.A.7.21.5	77.7	148	33	0	5	152	1	148	6.6e-57	216.5
BCW-200054_03323	gnl|TC-DB|G8WDN2|2.A.7.21.5	76.1	142	34	0	1	142	1	142	4.5e-55	210.3
BCW-200054_03334	gnl|TC-DB|Q6V6X7|2.A.6.2.18	34.6	460	285	6	10	456	10	466	7.6e-56	214.5
BCW-200054_03335	gnl|TC-DB|P27303|8.A.1.1.1	32.6	322	193	7	47	359	47	353	9.6e-30	127.5
BCW-200054_03344	gnl|TC-DB|Q9I2M1|3.A.1.109.4	42.1	707	402	6	5	710	17	717	1.1e-138	490.3
BCW-200054_03345	gnl|TC-DB|Q9I2M0|3.A.1.109.4	41.5	390	219	5	3	385	6	393	8.7e-77	283.9
BCW-200054_03356	gnl|TC-DB|P77549|2.A.1.46.6	48.6	366	188	0	29	394	23	388	9.1e-98	353.6
BCW-200054_03365	gnl|TC-DB|P22610|3.A.15.2.1	36.9	149	87	4	8	154	137	280	3.7e-18	87.8
BCW-200054_03387	gnl|TC-DB|P0AGA2|3.A.5.1.1	98.9	443	5	0	1	443	1	443	1.0e-243	838.6
BCW-200054_03396	gnl|TC-DB|P0A742|1.A.22.1.1	94.8	135	7	0	1	135	1	135	9.1e-66	245.7
BCW-200054_03397	gnl|TC-DB|P0AGI8|2.A.38.1.1	97.4	458	12	0	1	458	1	458	5.3e-251	862.8
BCW-200054_03401	gnl|TC-DB|Q8VRK4|3.A.11.1.3	37.1	283	148	5	87	362	70	329	5.0e-37	151.8
BCW-200054_03409	gnl|TC-DB|Q9FI56|3.A.9.1.2	45.5	865	388	15	12	856	106	907	4.8e-205	711.1
BCW-200054_03412	gnl|TC-DB|P0AC02|1.B.33.1.3	94.3	245	14	0	1	245	1	245	1.7e-131	464.9
BCW-200054_03421	gnl|TC-DB|P07021|1.B.6.1.21	73.9	161	41	1	1	161	1	160	1.1e-65	245.7
BCW-200054_03428	gnl|TC-DB|P0AGD7|3.A.5.1.1	92.9	453	32	0	1	453	1	453	4.5e-234	806.6
BCW-200054_03429	gnl|TC-DB|P64432|9.B.14.3.6	89.6	260	27	0	26	285	1	260	6.1e-128	453.4
BCW-200054_03430	gnl|TC-DB|P37908|9.A.40.2.4	90.2	407	40	0	7	413	22	428	2.0e-204	708.0
BCW-200054_03434	gnl|TC-DB|P0A937|1.B.33.1.3	91.0	111	10	0	1	111	1	111	2.3e-54	207.6
BCW-200054_03448	gnl|TC-DB|Q9I2M1|3.A.1.109.4	36.0	672	426	3	40	711	42	709	9.4e-117	417.5
BCW-200054_03449	gnl|TC-DB|Q9I2M0|3.A.1.109.4	40.8	368	214	4	29	393	27	393	1.7e-67	253.1
BCW-200054_03466	gnl|TC-DB|P0AE42|9.B.12.2.1	88.2	51	6	0	1	51	1	51	3.1e-22	99.8
BCW-200054_03471	gnl|TC-DB|A8ANM6|2.A.104.1.1	91.3	149	13	0	1	149	1	149	2.9e-73	270.8
BCW-200054_03478	gnl|TC-DB|P14175|3.A.1.12.1	94.2	399	23	0	1	399	1	399	1.3e-213	738.4
BCW-200054_03479	gnl|TC-DB|P14176|3.A.1.12.1	78.5	354	76	0	1	354	1	354	4.0e-145	510.8
BCW-200054_03480	gnl|TC-DB|P0AFM2|3.A.1.12.1	82.5	331	57	1	1	331	1	330	1.1e-165	578.9
BCW-200054_03481	gnl|TC-DB|P76628|2.A.1.36.3	85.5	394	57	0	1	394	1	394	1.3e-173	605.5
BCW-200054_03483	gnl|TC-DB|P27303|8.A.1.1.1	85.1	390	58	0	1	390	1	390	3.4e-174	607.4
BCW-200054_03484	gnl|TC-DB|P0AEJ0|2.A.1.3.2	91.5	515	41	1	1	515	1	512	2.1e-272	934.1
BCW-200054_03489	gnl|TC-DB|E1P8P0|9.B.27.3.1	89.4	142	15	0	1	142	1	142	6.0e-68	253.1
BCW-200054_03505	gnl|TC-DB|P69874|3.A.1.11.1	88.9	361	40	0	1	361	18	378	6.4e-183	636.3
BCW-200054_03506	gnl|TC-DB|P0AFK4|3.A.1.11.1	94.2	275	16	0	11	285	1	275	3.6e-141	497.3
BCW-200054_03507	gnl|TC-DB|P0AFK6|3.A.1.11.1	95.7	257	11	0	1	257	1	257	1.0e-129	459.1
BCW-200054_03508	gnl|TC-DB|P0AFK9|3.A.1.11.1	91.3	343	30	0	2	344	6	348	3.3e-189	657.1
BCW-200054_03510	gnl|TC-DB|F8CVI0|1.B.52.2.2	26.9	242	142	4	319	530	53	289	8.0e-11	65.5
BCW-200054_03513	gnl|TC-DB|P75958|3.A.1.125.1	90.6	414	39	0	1	414	1	414	6.6e-200	693.0
BCW-200054_03514	gnl|TC-DB|P75957|3.A.1.125.1	91.8	233	19	0	1	233	1	233	7.1e-119	422.9
BCW-200054_03515	gnl|TC-DB|P0ADC3|3.A.1.125.1	93.0	386	27	0	1	386	14	399	7.8e-187	649.4
BCW-200054_03529	gnl|TC-DB|P69786|4.A.1.1.1	97.1	477	14	0	1	477	1	477	4.8e-263	902.9
BCW-200054_03536	gnl|TC-DB|O80800|3.D.1.6.3	48.0	75	39	0	2	76	48	122	1.5e-12	68.2
BCW-200054_03547	gnl|TC-DB|P76628|2.A.1.36.3	34.0	388	246	2	4	388	2	382	3.3e-39	159.1
BCW-200054_03562	gnl|TC-DB|P0AF16|2.A.66.4.3	92.7	510	37	0	1	510	1	510	2.8e-261	897.1
BCW-200054_03566	gnl|TC-DB|P69367|2.A.1.2.21	85.1	402	60	0	1	402	1	402	1.0e-197	685.6
BCW-200054_03576	gnl|TC-DB|P25744|2.A.1.2.20	87.9	404	47	1	1	402	1	404	3.5e-198	687.2
BCW-200054_03579	gnl|TC-DB|P62517|4.D.3.1.1	93.2	840	57	0	1	840	1	840	0.0e+00	1615.1
BCW-200054_03588	gnl|TC-DB|P0AE95|1.B.48.1.1	77.5	129	29	0	1	129	1	129	1.3e-53	205.3
BCW-200054_03589	gnl|TC-DB|P0AE98|1.B.48.1.1	84.8	138	20	1	1	137	1	138	1.2e-62	235.3
BCW-200054_03590	gnl|TC-DB|P0AEA2|1.B.48.1.1	92.1	277	22	0	1	277	1	277	9.0e-145	509.2
BCW-200054_03601	gnl|TC-DB|P31545|2.A.108.2.3	83.3	425	67	1	1	425	1	421	2.5e-210	727.6
BCW-200054_03602	gnl|TC-DB|P0AB24|2.A.108.2.3	88.3	375	44	0	1	375	1	375	6.4e-186	646.4
BCW-200054_03603	gnl|TC-DB|P75901|2.A.108.2.3	89.8	274	28	0	1	274	1	274	1.8e-137	485.0
BCW-200054_03604	gnl|TC-DB|P0AFF2|2.A.41.1.1	71.5	400	108	2	1	394	1	400	5.6e-148	520.4
BCW-200054_03606	gnl|TC-DB|P07117|2.A.21.2.1	94.8	500	26	0	1	500	1	500	1.4e-268	921.4
BCW-200054_03616	gnl|TC-DB|P75892|2.A.40.1.3	89.5	439	46	0	1	439	3	441	1.7e-214	741.5
BCW-200054_03619	gnl|TC-DB|K7QW88|2.A.7.3.52	34.2	269	168	6	17	284	11	271	5.3e-21	98.2
BCW-200054_03629	gnl|TC-DB|Q52398|1.A.26.1.4	56.1	326	141	2	6	330	28	352	1.4e-96	349.4
BCW-200054_03632	gnl|TC-DB|Q9I488|3.A.1.3.21	57.7	239	101	0	3	241	1	239	9.0e-72	266.5
BCW-200054_03633	gnl|TC-DB|P0AFT2|3.A.1.3.10	32.5	206	139	0	9	214	10	215	6.7e-26	114.0
BCW-200054_03634	gnl|TC-DB|O50183|3.A.1.3.11	31.6	225	145	1	6	221	4	228	3.3e-25	111.7
BCW-200054_03644	gnl|TC-DB|P94575|2.A.39.3.4	32.5	462	307	3	20	478	10	469	6.5e-77	284.6
BCW-200054_03646	gnl|TC-DB|G3IME2|9.B.35.1.2	29.8	114	71	3	2	107	29	141	7.8e-12	66.2
BCW-200054_03654	gnl|TC-DB|P39580|2.A.50.2.1	27.1	410	231	16	2	368	4	388	6.4e-29	124.8
BCW-200054_03664	gnl|TC-DB|P06202|3.A.1.5.1	55.0	536	236	3	12	542	8	543	6.4e-171	597.0
BCW-200054_03665	gnl|TC-DB|P0AAC6|1.A.14.2.1	93.6	219	14	0	1	219	1	219	6.5e-106	379.8
BCW-200054_03684	gnl|TC-DB|P0AB12|9.B.55.1.1	88.5	148	17	0	1	148	1	148	6.0e-71	263.1
BCW-200054_03685	gnl|TC-DB|P75870|2.A.85.1.1	82.5	716	125	0	1	716	1	716	0.0e+00	1189.1
BCW-200054_03688	gnl|TC-DB|P0A910|1.B.6.1.1	85.8	351	45	2	1	351	1	346	1.3e-169	592.0
BCW-200054_03695	gnl|TC-DB|P43672|3.A.1.120.6	85.0	634	95	0	1	634	1	634	3.5e-301	1030.0
BCW-200054_03701	gnl|TC-DB|P75853|3.A.1.17.10	83.5	315	52	0	3	317	2	316	5.7e-151	530.0
BCW-200054_03703	gnl|TC-DB|P75851|3.A.1.17.10	92.3	261	20	0	1	261	1	261	3.1e-126	447.6
BCW-200054_03704	gnl|TC-DB|B1X8N7|3.A.1.17.10	87.0	253	33	0	1	253	1	253	2.0e-122	434.9
BCW-200054_03708	gnl|TC-DB|Q6RW54|1.B.1.1.12	59.0	373	131	6	2	367	1	358	2.4e-121	431.8
BCW-200054_03723	gnl|TC-DB|P60752|3.A.1.106.1	94.5	582	32	0	1	582	1	582	3.4e-295	1010.0
BCW-200054_03724	gnl|TC-DB|P44408|3.A.11.2.2	33.2	662	390	12	129	748	133	784	7.0e-91	331.6
BCW-200054_03732	gnl|TC-DB|P0AC23|1.A.16.1.1	94.0	285	17	0	1	285	1	285	5.4e-153	536.6
BCW-200054_03736	gnl|TC-DB|P21503|2.A.1.26.1	84.5	381	59	0	1	381	1	381	1.1e-182	635.6
BCW-200054_03737	gnl|TC-DB|P18777|5.A.3.3.2	84.3	287	45	0	1	287	1	287	9.4e-137	482.6
BCW-200054_03738	gnl|TC-DB|P18776|5.A.3.3.2	94.1	205	12	0	1	205	1	205	5.5e-123	436.4
BCW-200054_03739	gnl|TC-DB|P18775|5.A.3.3.2	88.5	814	94	0	1	814	1	814	0.0e+00	1522.3
BCW-200054_03742	gnl|TC-DB|P61316|1.B.46.1.1	92.6	202	15	0	1	202	1	202	3.6e-106	380.6
BCW-200054_03743	gnl|TC-DB|P46889|3.A.12.1.2	78.6	1331	188	11	1	1236	1	1329	0.0e+00	1644.8
BCW-200054_03746	gnl|TC-DB|P29018|3.A.1.129.1	84.7	588	90	0	1	588	1	588	4.2e-285	976.5
BCW-200054_03747	gnl|TC-DB|P23886|3.A.1.129.1	81.5	573	106	0	1	573	1	573	6.0e-260	892.9
BCW-200054_03754	gnl|TC-DB|Q9SXJ7|3.A.9.1.2	38.5	800	402	11	17	737	133	921	2.8e-148	522.3
BCW-200054_03757	gnl|TC-DB|P75831|3.A.1.122.1	86.4	648	86	1	1	646	1	648	1.2e-312	1068.1
BCW-200054_03758	gnl|TC-DB|P75830|3.A.1.122.1	80.2	369	70	1	6	371	3	371	3.3e-158	554.3
BCW-200054_03761	gnl|TC-DB|P60844|1.A.8.3.1	89.2	231	25	0	1	231	1	231	6.0e-118	419.9
BCW-200054_03762	gnl|TC-DB|P75826|2.A.124.1.1	84.6	299	46	0	1	299	1	299	3.0e-138	487.6
BCW-200054_03773	gnl|TC-DB|P0AAF6|3.A.1.3.3	93.8	242	15	0	1	242	1	242	1.8e-128	454.9
BCW-200054_03774	gnl|TC-DB|P30859|3.A.1.3.3	91.8	243	20	0	1	243	1	243	5.1e-128	453.4
BCW-200054_03775	gnl|TC-DB|P0AE34|3.A.1.3.3	95.8	237	10	0	1	237	1	237	2.9e-123	437.6
BCW-200054_03776	gnl|TC-DB|P0AE30|3.A.1.3.3	93.2	222	15	0	1	222	1	222	7.6e-102	366.3
BCW-200054_03777	gnl|TC-DB|P30860|3.A.1.3.3	88.9	243	27	0	1	243	1	243	2.6e-124	441.0
BCW-200054_03782	gnl|TC-DB|P0AFL1|3.A.1.11.2	92.9	281	20	0	1	281	1	281	8.5e-143	502.7
BCW-200054_03783	gnl|TC-DB|P31135|3.A.1.11.2	90.2	317	31	0	1	317	1	317	1.6e-166	581.6
BCW-200054_03784	gnl|TC-DB|P31134|3.A.1.11.2	92.6	377	28	0	1	377	1	377	6.8e-204	706.1
BCW-200054_03785	gnl|TC-DB|P31133|3.A.1.11.2	91.4	370	32	0	1	370	1	370	1.0e-204	708.8
BCW-200054_03791	gnl|TC-DB|A7ZJR5|2.A.81.1.4	94.3	561	32	0	1	561	1	561	1.8e-301	1030.8
BCW-200054_03811	gnl|TC-DB|582031876|1.M.1.3.7	71.1	142	40	1	1	141	1	142	4.0e-48	187.2
BCW-200054_03813	gnl|TC-DB|B2VHA2|1.E.25.2.2	78.9	71	15	0	1	71	1	71	3.3e-27	116.7
BCW-200054_03835	gnl|TC-DB|P0AB93|3.A.4.1.1	87.6	429	53	0	1	429	1	429	3.4e-207	717.2
BCW-200054_03839	gnl|TC-DB|P75810|2.A.1.60.2	86.1	375	52	0	1	375	1	375	1.7e-176	615.1
BCW-200054_03841	gnl|TC-DB|P0AEY8|2.A.1.2.19	88.7	407	46	0	1	407	1	407	3.3e-204	707.2
BCW-200054_03843	gnl|TC-DB|P94571|9.B.105.1.3	27.0	159	111	2	5	163	1	154	3.9e-12	68.2
BCW-200054_03850	gnl|TC-DB|P75799|3.A.1.5.11	87.5	303	38	0	1	303	1	303	1.4e-135	478.8
BCW-200054_03851	gnl|TC-DB|P75798|3.A.1.5.11	87.9	306	37	0	1	306	1	306	6.9e-154	539.7
BCW-200054_03852	gnl|TC-DB|P75797|3.A.1.5.11	86.5	512	69	0	1	512	1	512	1.1e-260	895.2
BCW-200054_03853	gnl|TC-DB|P75796|3.A.1.5.11	79.4	622	128	0	1	622	1	622	6.3e-279	956.1
BCW-200054_03863	gnl|TC-DB|P0AA78|2.A.1.14.2	43.0	416	236	1	16	430	42	457	6.8e-99	357.5
BCW-200054_03865	gnl|TC-DB|Q83XH1|3.A.1.121.4	46.4	526	281	1	1	526	1	525	3.4e-140	495.0
BCW-200054_03868	gnl|TC-DB|U5MFA1|4.A.3.2.9	34.4	425	270	3	14	432	8	429	6.0e-58	221.5
BCW-200054_03869	gnl|TC-DB|Q86Z14|8.A.49.1.2	29.3	468	277	16	3	455	79	507	9.9e-40	161.0
BCW-200054_03870	gnl|TC-DB|P63144|8.A.5.1.3	33.9	330	196	8	1	320	71	388	1.9e-43	172.9
BCW-200054_03871	gnl|TC-DB|B3PY75|1.B.17.3.8	32.7	504	295	6	1	496	1	468	4.4e-65	245.4
BCW-200054_03872	gnl|TC-DB|P0AEJ0|2.A.1.3.2	36.4	497	304	3	18	513	15	500	1.9e-87	319.7
BCW-200054_03873	gnl|TC-DB|Q9RQ30|8.A.1.1.2	47.3	129	66	2	235	361	225	353	6.1e-24	108.2
BCW-200054_03874	gnl|TC-DB|P75788|2.A.45.2.5	76.7	369	86	0	1	369	1	369	9.1e-161	562.8
BCW-200054_03878	gnl|TC-DB|G0EBV0|1.B.6.2.10	81.5	173	29	2	1	172	1	171	2.3e-74	274.6
BCW-200054_03879	gnl|TC-DB|P0AA67|2.A.7.3.6	80.3	295	58	0	1	295	1	295	6.7e-130	459.9
BCW-200054_03881	gnl|TC-DB|P0AEQ3|3.A.1.3.2	95.6	248	10	1	1	247	1	248	1.3e-131	465.3
BCW-200054_03882	gnl|TC-DB|P0AEQ6|3.A.1.3.2	94.1	219	13	0	1	219	1	219	9.7e-110	392.5
BCW-200054_03883	gnl|TC-DB|P10346|3.A.1.3.2	95.4	240	11	0	1	240	1	240	3.3e-127	450.7
BCW-200054_03884	gnl|TC-DB|P75783|1.A.23.3.2	80.8	741	138	1	1	737	1	741	0.0e+00	1153.3
BCW-200054_03891	gnl|TC-DB|O00571|1.I.1.1.3	42.2	398	207	8	2	377	181	577	1.5e-72	270.0
BCW-200054_03893	gnl|TC-DB|P75777|3.A.1.105.15	63.7	331	120	0	1	331	2	332	3.3e-85	311.6
BCW-200054_03894	gnl|TC-DB|P0A9U1|3.A.1.105.15	89.6	577	60	0	1	577	1	577	8.1e-305	1042.0
BCW-200054_03895	gnl|TC-DB|C6EIY9|3.A.1.105.15	89.4	377	40	0	1	377	1	377	5.8e-187	649.8
BCW-200054_03896	gnl|TC-DB|P0AFP9|3.A.1.105.15	93.2	367	25	0	1	367	1	367	1.3e-194	675.2
BCW-200054_03897	gnl|TC-DB|P0AAW6|9.B.15.1.1	82.2	135	24	0	1	135	1	135	2.9e-56	214.2
BCW-200054_03900	gnl|TC-DB|P75770|4.D.2.4.3	85.8	318	45	0	1	318	1	318	1.0e-152	535.8
BCW-200054_03901	gnl|TC-DB|P0AAC4|1.A.14.2.2	75.7	235	56	1	1	235	1	234	2.9e-91	331.3
BCW-200054_03909	gnl|TC-DB|Q0S720|3.A.1.4.9	33.9	233	145	4	1	230	9	235	6.0e-28	120.9
BCW-200054_03924	gnl|TC-DB|P09833|3.A.1.8.1	88.4	352	41	0	1	352	1	352	6.4e-180	626.3
BCW-200054_03925	gnl|TC-DB|P0AF01|3.A.1.8.1	92.1	229	18	0	1	229	1	229	5.6e-116	413.3
BCW-200054_03926	gnl|TC-DB|P37329|3.A.1.8.1	85.1	255	38	0	1	255	1	255	9.9e-122	432.6
BCW-200054_03927	gnl|TC-DB|A6T6J1|2.A.6.2.49	79.6	49	10	0	11	59	1	49	1.4e-15	77.8
BCW-200054_03929	gnl|TC-DB|A7BAX2|3.A.1.26.3	28.3	502	275	20	10	471	246	702	6.7e-26	115.2
BCW-200054_03937	gnl|TC-DB|P75757|2.A.4.1.4	81.4	295	55	0	17	311	19	313	1.2e-137	485.7
BCW-200054_03938	gnl|TC-DB|P24520|4.B.1.1.1	85.7	238	34	0	1	238	1	238	7.1e-114	406.4
BCW-200054_03945	gnl|TC-DB|P45955|2.C.1.2.1	86.3	190	26	0	1	190	1	190	3.0e-73	271.6
BCW-200054_03946	gnl|TC-DB|C6EJJ6|2.C.1.2.1	74.0	173	45	0	1	173	1	173	5.4e-63	236.9
BCW-200054_03947	gnl|TC-DB|P0A855|2.C.1.2.1	94.4	430	24	0	1	430	1	430	1.0e-147	519.6
BCW-200054_03948	gnl|TC-DB|P19934|2.C.1.2.1	85.0	127	19	0	291	417	295	421	4.6e-44	175.3
BCW-200054_03949	gnl|TC-DB|P0ABV8|1.A.30.2.2	88.0	142	17	0	1	142	1	142	2.8e-65	244.2
BCW-200054_03950	gnl|TC-DB|P0ABU9|1.A.30.2.2	97.0	230	7	0	1	230	1	230	5.4e-119	423.3
BCW-200054_03952	gnl|TC-DB|P0AAV0|8.A.79.1.1	87.2	94	12	0	3	96	4	97	1.1e-44	175.3
BCW-200054_03953	gnl|TC-DB|P56100|9.B.85.1.1	88.6	35	4	0	1	35	1	35	3.5e-12	65.9
BCW-200054_03954	gnl|TC-DB|P0ABK2|3.D.4.3.2	91.3	379	33	0	1	379	1	379	4.6e-200	693.3
BCW-200054_03955	gnl|TC-DB|P0ABJ9|3.D.4.3.2	93.5	522	34	0	1	522	1	522	6.0e-283	969.1
BCW-200054_03960	gnl|TC-DB|X5GWN5|3.D.10.1.6	50.9	234	108	5	4	236	27	254	9.0e-69	256.5
BCW-200054_03961	gnl|TC-DB|X5H3P0|3.D.10.1.6	52.7	590	267	8	7	588	12	597	9.1e-171	596.7
BCW-200054_03972	gnl|TC-DB|P03959|3.A.3.7.1	82.6	557	97	0	1	557	1	557	2.0e-260	894.4
BCW-200054_03973	gnl|TC-DB|P03960|3.A.3.7.1	91.3	682	59	0	1	682	1	682	0.0e+00	1171.8
BCW-200054_03974	gnl|TC-DB|P03961|3.A.3.7.1	69.1	188	58	0	1	188	1	188	3.5e-63	237.7
BCW-200054_03978	gnl|TC-DB|P0AAF1|2.A.3.2.1	92.6	435	32	0	2	436	4	438	1.8e-227	784.6
BCW-200054_03986	gnl|TC-DB|P75733|1.B.25.1.13	88.2	468	52	3	1	465	1	468	2.9e-252	867.1
BCW-200054_03989	gnl|TC-DB|P09323|4.A.1.1.2	55.4	662	259	9	2	657	16	647	8.1e-176	613.6
BCW-200054_04006	gnl|TC-DB|P0A2L3|9.A.40.1.2	94.2	292	17	0	16	307	1	292	9.6e-156	545.8
BCW-200054_04008	gnl|TC-DB|P37902|3.A.1.3.4	91.1	302	26	1	1	301	1	302	5.5e-156	546.6
BCW-200054_04009	gnl|TC-DB|P0AER3|3.A.1.3.4	89.4	246	26	0	1	246	1	246	5.0e-123	436.8
BCW-200054_04010	gnl|TC-DB|P0AER5|3.A.1.3.4	93.3	223	15	0	1	223	1	223	3.8e-109	390.6
BCW-200054_04011	gnl|TC-DB|P0AAG3|3.A.1.3.4	91.3	241	21	0	1	241	1	241	7.1e-122	433.0
BCW-200054_04015	gnl|TC-DB|P0ADC1|1.B.42.1.2	74.5	165	42	0	1	165	1	165	4.7e-68	253.8
BCW-200054_04021	gnl|TC-DB|P0ABG7|2.A.103.1.2	95.9	370	15	0	1	370	1	370	2.1e-197	684.5
BCW-200054_04028	gnl|TC-DB|P0A843|2.A.64.1.1	85.1	67	10	0	1	67	1	67	2.1e-23	104.0
BCW-200054_04030	gnl|TC-DB|P37002|1.A.43.1.1	84.3	127	20	0	1	127	1	127	3.1e-60	227.3
BCW-200054_04034	gnl|TC-DB|P0ABP3|2.A.61.1.1	91.6	455	38	0	1	455	1	455	3.9e-222	766.9
BCW-200054_04055	gnl|TC-DB|B8H230|3.A.1.2.21	34.9	321	191	5	14	327	16	325	1.7e-36	149.8
BCW-200054_04056	gnl|TC-DB|A6VKS8|3.A.1.2.13	38.0	495	302	4	6	499	7	497	1.8e-90	329.7
BCW-200054_04061	gnl|TC-DB|P15078|2.A.114.1.1	93.6	701	45	0	1	701	1	701	0.0e+00	1245.0
BCW-200054_04065	gnl|TC-DB|Q89SS6|2.A.1.42.2	23.6	501	360	12	27	522	632	1114	7.8e-20	95.1
BCW-200054_04067	gnl|TC-DB|C8U2V6|3.A.1.14.2	82.1	318	57	0	1	318	1	318	2.9e-147	517.7
BCW-200054_04068	gnl|TC-DB|Q8ZR35|2.A.1.38.3	82.8	406	70	0	1	406	1	406	1.5e-183	638.6
BCW-200054_04069	gnl|TC-DB|P23876|3.A.1.14.2	87.9	306	37	0	29	334	29	334	7.0e-144	506.5
BCW-200054_04070	gnl|TC-DB|P23877|3.A.1.14.2	79.7	330	67	0	1	330	1	330	3.6e-140	494.2
BCW-200054_04071	gnl|TC-DB|P23878|3.A.1.14.2	87.2	265	34	0	1	265	1	265	2.2e-132	468.0
BCW-200054_04072	gnl|TC-DB|P31552|4.C.1.1.6	22.3	511	328	15	477	951	39	516	2.8e-15	81.3
BCW-200054_04075	gnl|TC-DB|P05825|1.B.14.1.22	80.6	754	130	7	1	746	1	746	0.0e+00	1247.3
BCW-200054_04077	gnl|TC-DB|P0ABC9|2.A.15.1.4	94.7	676	36	0	1	676	1	676	0.0e+00	1267.7
BCW-200054_04090	gnl|TC-DB|P77308|3.A.1.5.38	44.7	322	177	1	15	336	14	334	7.0e-67	250.8
BCW-200054_04091	gnl|TC-DB|W0WMS8|3.A.1.5.39	41.4	280	158	1	2	275	19	298	3.6e-53	204.9
BCW-200054_04092	gnl|TC-DB|P45095|3.A.1.5.27	42.4	257	144	3	19	271	21	277	6.7e-47	184.1
BCW-200054_04093	gnl|TC-DB|O86575|3.A.1.5.34	43.8	224	122	2	9	228	56	279	1.3e-48	189.5
BCW-200054_04106	gnl|TC-DB|P46482|8.A.1.7.1	39.8	289	166	5	1	285	1	285	8.7e-50	193.7
BCW-200054_04108	gnl|TC-DB|E0LV84|2.A.85.1.4	27.4	565	389	7	21	567	8	569	1.8e-50	197.2
BCW-200054_04112	gnl|TC-DB|Q9I0Y8|2.A.6.2.16	41.5	1039	590	4	4	1024	6	1044	1.9e-211	732.6
BCW-200054_04113	gnl|TC-DB|P76397|8.A.1.6.2	31.3	332	216	5	31	353	63	391	7.9e-45	177.6
BCW-200054_04114	gnl|TC-DB|D5C355|3.A.3.2.29	47.1	892	462	6	18	902	10	898	2.8e-219	758.4
BCW-200054_04122	gnl|TC-DB|917745143|1.C.75.1.2	41.8	306	167	7	3	299	29	332	2.6e-49	193.7
BCW-200054_04123	gnl|TC-DB|Q9JY22|1.B.20.1.5	32.6	582	343	12	30	572	9	580	2.7e-79	292.7
BCW-200054_04128	gnl|TC-DB|P30130|1.B.11.3.9	49.9	847	405	6	35	876	45	877	1.3e-237	819.3
BCW-200054_04136	gnl|TC-DB|D9X7X8|2.A.1.3.38	40.9	460	257	7	9	462	24	474	9.3e-81	297.4
BCW-200054_04137	gnl|TC-DB|P0AAT4|1.A.23.4.5	83.9	411	65	1	1	410	1	411	2.3e-192	667.9
BCW-200054_04138	gnl|TC-DB|P24207|2.A.3.1.1	90.5	462	40	1	1	462	1	458	4.9e-236	813.1
BCW-200054_04139	gnl|TC-DB|Q05202|1.B.14.1.15	53.8	705	306	8	31	727	66	758	4.2e-218	754.2
BCW-200054_04141	gnl|TC-DB|P21410|3.A.1.10.1	60.9	340	132	1	2	340	4	343	3.9e-113	404.4
BCW-200054_04142	gnl|TC-DB|P21409|3.A.1.10.1	72.9	509	138	0	16	524	19	527	9.2e-207	716.1
BCW-200054_04143	gnl|TC-DB|Q56925|3.A.1.10.5	82.5	338	59	0	1	338	1	338	5.6e-157	550.1
BCW-200054_04151	gnl|TC-DB|P30130|1.B.11.3.9	47.8	858	424	8	11	852	28	877	3.7e-229	791.2
BCW-200054_04157	gnl|TC-DB|Q57071|4.A.1.1.13	46.0	509	243	5	9	497	4	500	1.5e-121	433.0
BCW-200054_04168	gnl|TC-DB|B5Y0L3|1.B.1.1.18	84.5	381	59	0	1	381	1	381	3.8e-202	700.3
BCW-200054_04169	gnl|TC-DB|P77504|3.A.1.122.15	84.6	803	124	0	1	803	1	803	0.0e+00	1317.4
BCW-200054_04173	gnl|TC-DB|P77307|3.A.1.139.2	84.1	258	41	0	1	258	1	258	5.9e-114	406.8
BCW-200054_04174	gnl|TC-DB|P77279|3.A.1.139.2	72.7	220	60	0	1	220	1	220	5.5e-92	333.6
BCW-200054_04176	gnl|TC-DB|P0AA53|8.A.21.2.2	94.0	302	18	0	1	302	1	302	9.6e-116	412.9
BCW-200054_04179	gnl|TC-DB|Q59385|3.A.3.5.5	88.6	834	93	2	1	832	1	834	0.0e+00	1379.8
BCW-200054_04183	gnl|TC-DB|P52067|2.A.1.35.1	91.9	405	29	1	1	401	1	405	3.6e-203	703.7
BCW-200054_04184	gnl|TC-DB|P39830|2.A.37.1.5	92.7	558	41	0	1	558	1	558	2.5e-279	957.2
BCW-200054_04196	gnl|TC-DB|P77338|1.A.23.1.1	77.2	1110	253	0	6	1115	9	1118	0.0e+00	1600.1
BCW-200054_04198	gnl|TC-DB|P0AE06|8.A.1.6.1	86.6	397	53	0	1	397	1	397	1.1e-188	655.6
BCW-200054_04199	gnl|TC-DB|P31224|2.A.6.2.2	92.6	1049	77	1	1	1048	1	1049	0.0e+00	1861.7
BCW-200054_04209	gnl|TC-DB|Q8XSC6|2.A.113.1.3	50.8	374	80	2	1	270	1	374	1.6e-82	302.4
BCW-200054_04212	gnl|TC-DB|C7NLF6|2.A.115.2.6	55.2	183	82	0	4	186	38	220	4.5e-53	204.1
BCW-200054_04219	gnl|TC-DB|P69681|1.A.11.1.1	90.2	429	41	1	1	429	1	428	6.2e-193	669.8
BCW-200054_04221	gnl|TC-DB|P0AAG5|3.A.1.106.13	88.5	593	68	0	1	593	1	593	4.0e-291	996.5
BCW-200054_04222	gnl|TC-DB|P77265|3.A.1.106.13	87.6	590	73	0	1	590	1	590	4.0e-299	1023.1
BCW-200054_04229	gnl|TC-DB|A1EMW4|3.A.11.2.3	38.3	128	50	2	1	126	3	103	6.4e-13	70.1
BCW-200054_04238	gnl|TC-DB|P0AE16|2.A.1.25.2	84.5	491	76	0	1	491	1	491	1.4e-233	805.1
BCW-200054_04239	gnl|TC-DB|P0ABJ1|3.D.4.5.1	95.6	315	14	0	1	315	1	315	1.8e-173	604.7
BCW-200054_04240	gnl|TC-DB|P0ABI8|3.D.4.5.1	89.6	663	69	0	1	663	1	663	0.0e+00	1225.7
BCW-200054_04241	gnl|TC-DB|P0ABJ3|3.D.4.5.1	88.7	204	23	0	1	204	1	204	3.7e-103	370.5
BCW-200054_04242	gnl|TC-DB|P0ABJ6|3.D.4.5.1	87.2	109	13	1	1	108	1	109	8.0e-49	189.1
BCW-200054_04244	gnl|TC-DB|P77726|2.A.1.2.60	84.5	452	70	0	1	452	1	452	6.7e-214	739.6
BCW-200054_04252	gnl|TC-DB|P77735|8.A.5.1.6	88.3	324	38	0	1	324	1	324	2.8e-169	590.9
BCW-200054_04259	gnl|TC-DB|P0A927|1.B.10.1.1	91.5	294	23	1	3	294	1	294	1.5e-166	581.6
BCW-200054_04262	gnl|TC-DB|P0AG93|2.A.6.4.1	88.9	323	36	0	1	323	1	323	4.1e-157	550.4
BCW-200054_04263	gnl|TC-DB|P0AG90|2.A.6.4.1	93.4	604	40	0	1	604	12	615	2.3e-313	1070.5
BCW-200054_04264	gnl|TC-DB|P0ADZ7|3.A.5.1.1	98.2	110	2	0	1	110	1	110	1.1e-53	205.3
BCW-200054_04271	gnl|TC-DB|Q05839|8.A.9.1.1	23.2	479	259	17	177	562	132	594	7.5e-19	92.0
BCW-200054_04272	gnl|TC-DB|P37460|2.A.3.1.6	95.0	456	23	0	1	456	1	456	4.2e-248	853.2
BCW-200054_04273	gnl|TC-DB|P0AD99|2.A.26.1.10	90.4	439	42	0	1	439	1	439	2.5e-221	764.2
BCW-200054_04286	gnl|TC-DB|P0AAP1|9.B.34.1.2	60.5	367	145	0	1	367	5	371	2.9e-130	461.5
BCW-200054_04290	gnl|TC-DB|P25744|2.A.1.2.20	61.1	393	152	1	3	395	11	402	1.7e-128	455.7
BCW-200054_04296	gnl|TC-DB|P0AFY6|9.A.18.1.1	90.6	406	38	0	1	406	1	406	1.9e-212	734.6
BCW-200054_04300	gnl|TC-DB|Q8X5H7|1.B.12.2.7	59.9	997	310	19	1	924	1	980	1.2e-302	1035.4
BCW-200054_04304	gnl|TC-DB|Q47539|3.A.1.17.1	79.6	275	56	0	1	275	1	275	8.2e-114	406.4
BCW-200054_04305	gnl|TC-DB|Q47538|3.A.1.17.1	89.4	255	27	0	1	255	1	255	1.1e-128	455.7
BCW-200054_04306	gnl|TC-DB|Q47537|3.A.1.17.1	90.0	320	32	0	1	320	1	320	1.9e-162	568.2
BCW-200054_04308	gnl|TC-DB|Q47689|2.A.3.1.10	92.9	467	32	1	1	466	1	467	7.3e-248	852.4
BCW-200054_04309	gnl|TC-DB|Q1DBZ0|2.A.86.2.2	27.3	341	238	6	12	348	14	348	2.2e-21	99.8
BCW-200054_04310	gnl|TC-DB|D4ZZR3|9.B.34.1.3	38.2	212	123	4	378	585	186	393	1.7e-31	134.0
BCW-200054_04314	gnl|TC-DB|P0AAP1|9.B.34.1.2	31.7	183	113	5	205	384	196	369	2.0e-17	87.4
BCW-200054_04338	gnl|TC-DB|P0AA47|2.A.3.1.14	94.7	452	24	0	1	452	1	452	3.1e-243	837.0
BCW-200054_04342	gnl|TC-DB|P33011|2.A.85.7.1	74.7	352	89	0	1	352	1	352	9.0e-158	552.7
BCW-200054_04346	gnl|TC-DB|D5CJ69|2.A.66.1.22	94.4	461	26	0	13	473	2	462	3.1e-246	847.0
BCW-200054_04354	gnl|TC-DB|P02932|1.B.1.1.2	86.6	351	46	1	1	350	1	351	9.9e-181	629.0
BCW-200054_04360	gnl|TC-DB|D0WX40|3.D.5.1.1	62.5	64	24	0	1	64	1	64	1.3e-17	84.7
BCW-200054_04361	gnl|TC-DB|Q56584|3.D.5.1.1	78.6	407	87	0	1	407	1	407	4.2e-191	663.7
BCW-200054_04362	gnl|TC-DB|Q56589|3.D.5.1.1	82.3	198	35	0	1	198	1	198	2.2e-89	324.7
BCW-200054_04363	gnl|TC-DB|Q57095|3.D.5.1.1	76.4	203	48	0	8	210	5	207	1.0e-79	292.7
BCW-200054_04364	gnl|TC-DB|Q56582|3.D.5.1.1	56.8	257	107	2	6	262	4	256	3.7e-79	291.2
BCW-200054_04365	gnl|TC-DB|Q56587|3.D.5.1.1	75.7	411	99	1	1	410	1	411	5.5e-183	636.7
BCW-200054_04366	gnl|TC-DB|Q56586|3.D.5.1.1	60.4	447	176	1	1	447	1	446	4.2e-160	560.8
BCW-200054_04373	gnl|TC-DB|W0WMS8|3.A.1.5.39	44.1	272	146	2	24	289	27	298	3.3e-57	218.4
BCW-200054_04374	gnl|TC-DB|P75798|3.A.1.5.11	46.5	312	159	1	1	312	1	304	2.0e-68	255.8
BCW-200054_04375	gnl|TC-DB|P42061|3.A.1.5.20	25.6	469	293	13	61	491	79	529	2.6e-33	139.8
BCW-200054_04376	gnl|TC-DB|O86575|3.A.1.5.34	53.1	318	145	2	5	318	39	356	5.9e-88	320.9
BCW-200054_04377	gnl|TC-DB|P04285|3.A.1.5.1	51.2	320	151	4	12	329	17	333	8.3e-84	307.0
BCW-200054_04387	gnl|TC-DB|P77389|2.A.1.2.65	41.8	378	213	4	5	381	7	378	3.5e-70	261.9
BCW-200054_04391	gnl|TC-DB|P32703|2.A.36.3.1	94.3	546	31	0	1	546	1	546	4.1e-282	966.5
BCW-200054_04392	gnl|TC-DB|P0AF52|2.A.40.7.5	94.2	449	26	0	1	449	1	449	2.1e-223	771.2
BCW-200054_04421	gnl|TC-DB|P28303|2.A.66.1.4	84.0	438	70	0	1	438	19	456	2.3e-203	704.5
BCW-200054_04425	gnl|TC-DB|P0AC96|2.A.8.1.8	95.7	446	19	0	1	446	1	446	2.3e-235	810.8
BCW-200054_04434	gnl|TC-DB|P10907|3.A.1.1.3	90.2	356	35	0	1	356	1	356	1.6e-186	648.3
BCW-200054_04435	gnl|TC-DB|P10906|3.A.1.1.3	88.3	281	33	0	1	281	1	281	3.3e-134	474.2
BCW-200054_04436	gnl|TC-DB|P10905|3.A.1.1.3	92.2	295	23	0	11	305	1	295	6.8e-154	539.7
BCW-200054_04437	gnl|TC-DB|P0AG80|3.A.1.1.3	89.7	438	45	0	1	438	1	438	3.2e-237	817.0
BCW-200054_04438	gnl|TC-DB|P22731|3.A.1.4.1	93.2	237	16	0	1	237	1	237	4.9e-123	436.8
BCW-200054_04439	gnl|TC-DB|P0A9S7|3.A.1.4.1	94.5	255	14	0	1	255	1	255	2.9e-137	484.2
BCW-200054_04440	gnl|TC-DB|P22729|3.A.1.4.1	93.9	425	26	0	1	425	1	425	3.0e-208	720.7
BCW-200054_04441	gnl|TC-DB|P0AEX7|3.A.1.4.1	91.6	308	26	0	1	308	1	308	5.3e-146	513.5
BCW-200054_04442	gnl|TC-DB|P04816|3.A.1.4.1	92.7	369	27	0	1	369	1	369	4.1e-201	696.8
BCW-200054_04444	gnl|TC-DB|P0AD96|3.A.1.4.1	94.5	365	19	1	1	364	3	367	1.0e-196	682.2
BCW-200054_04447	gnl|TC-DB|P0AC31|3.A.1.140.1	90.9	352	31	1	1	351	1	352	3.9e-177	617.1
BCW-200054_04448	gnl|TC-DB|P0A9R7|3.A.1.140.1	95.9	220	9	0	1	220	1	220	5.2e-119	423.3
BCW-200054_04449	gnl|TC-DB|P10121|3.A.5.1.1	87.5	497	51	2	1	486	1	497	1.4e-169	592.4
BCW-200054_04454	gnl|TC-DB|P37617|3.A.3.6.2	77.9	732	153	6	1	723	1	732	2.4e-298	1020.8
BCW-200054_04458	gnl|TC-DB|P02943|1.B.3.1.1	85.7	446	63	1	1	445	1	446	1.7e-233	804.7
BCW-200054_04459	gnl|TC-DB|P68187|3.A.1.1.1	94.3	371	19	1	1	369	1	371	1.4e-198	688.3
BCW-200054_04460	gnl|TC-DB|P0AEX9|3.A.1.1.1	92.7	396	29	0	1	396	1	396	1.8e-218	754.6
BCW-200054_04461	gnl|TC-DB|P02916|3.A.1.1.1	90.1	514	51	0	1	514	1	514	4.8e-269	922.9
BCW-200054_04462	gnl|TC-DB|P68183|3.A.1.1.1	93.2	296	20	0	1	296	1	296	2.7e-155	544.3
BCW-200054_04464	gnl|TC-DB|D8EPC3|1.B.14.16.4	90.0	698	70	0	1	698	1	698	0.0e+00	1331.6
BCW-200054_04470	gnl|TC-DB|Q9K0A9|2.A.28.2.4	44.7	300	164	1	3	300	9	308	3.4e-63	238.4
BCW-200054_04475	gnl|TC-DB|P0AF43|2.A.58.2.1	87.7	543	67	0	1	543	1	543	8.8e-253	869.0
