BCW-200174_00033	gnl|TC-DB|Q7A3X3|3.A.1.122.4	46.2	221	115	2	3	220	2	221	6.7e-50	193.7
BCW-200174_00043	gnl|TC-DB|Q9CDF7|2.A.7.5.3	98.3	295	5	0	1	295	1	295	3.1e-159	557.4
BCW-200174_00050	gnl|TC-DB|Q9AET8|3.A.5.10.1	38.4	521	298	9	1	510	1	509	1.1e-95	347.1
BCW-200174_00051	gnl|TC-DB|Q9AET9|3.A.5.10.1	29.5	533	326	9	1	508	1	508	6.7e-56	214.9
BCW-200174_00052	gnl|TC-DB|Q9AEU0|3.A.5.10.1	29.6	395	253	7	6	388	5	386	6.0e-44	174.9
BCW-200174_00057	gnl|TC-DB|Q9AET6|3.A.5.10.1	42.8	789	435	5	3	777	7	793	1.9e-168	589.3
BCW-200174_00068	gnl|TC-DB|Q8DNK3|2.A.4.1.7	45.8	275	149	0	26	300	10	284	5.7e-68	254.2
BCW-200174_00072	gnl|TC-DB|Q9CF78|2.A.40.1.2	98.4	430	7	0	1	430	1	430	7.7e-228	785.8
BCW-200174_00085	gnl|TC-DB|Q00564|3.A.1.112.3	93.7	713	45	0	1	713	1	713	0.0e+00	1230.7
BCW-200174_00086	gnl|TC-DB|P0A3G5|3.A.1.112.3	97.3	473	13	0	1	473	1	473	6.9e-137	483.8
BCW-200174_00092	gnl|TC-DB|A9BJX0|3.A.3.2.21	38.6	907	506	12	5	888	4	882	9.3e-159	557.4
BCW-200174_00101	gnl|TC-DB|Q88YZ7|2.A.1.47.1	24.8	400	291	6	7	399	7	403	5.7e-31	131.7
BCW-200174_00109	gnl|TC-DB|C2UR80|2.A.1.46.5	29.7	401	264	6	1	401	14	396	2.2e-35	146.4
BCW-200174_00124	gnl|TC-DB|M2X4H1|2.A.102.4.9	28.0	271	164	4	11	275	72	317	1.9e-12	69.7
BCW-200174_00144	gnl|TC-DB|K7VV21|2.A.3.1.18	99.4	488	3	0	1	488	1	488	1.2e-261	898.3
BCW-200174_00147	gnl|TC-DB|Q5G3M3|3.A.7.19.1	57.2	166	55	3	1	166	1	150	2.9e-42	167.9
BCW-200174_00154	gnl|TC-DB|P12012|2.A.8.1.1	50.8	419	185	2	50	468	49	446	2.0e-107	386.0
BCW-200174_00159	gnl|TC-DB|F2HN33|2.A.3.1.22	95.8	449	19	0	1	449	1	449	4.0e-235	810.1
BCW-200174_00171	gnl|TC-DB|Q9CEK0|3.A.1.5.10	83.7	600	98	0	1	600	1	600	1.7e-297	1017.7
BCW-200174_00172	gnl|TC-DB|P0A4N9|3.A.1.5.10	91.8	294	24	0	1	294	1	294	8.6e-146	512.7
BCW-200174_00173	gnl|TC-DB|P0A4N7|3.A.1.5.10	92.2	319	25	0	1	319	1	319	1.9e-170	594.7
BCW-200174_00174	gnl|TC-DB|P0A2V4|3.A.1.5.10	90.3	319	31	0	1	319	1	319	1.1e-162	568.9
BCW-200174_00175	gnl|TC-DB|Q07733|3.A.1.5.10	87.9	338	41	0	1	338	1	338	1.4e-168	588.6
BCW-200174_00182	gnl|TC-DB|D8RWR9|1.C.39.4.5	36.9	157	79	2	65	221	478	614	2.5e-17	87.0
BCW-200174_00211	gnl|TC-DB|P42670|2.A.1.3.11	30.7	378	239	8	1	360	58	430	1.9e-34	143.3
BCW-200174_00223	gnl|TC-DB|C5L569|9.B.106.3.3	40.2	127	73	2	88	212	316	441	1.6e-19	94.4
BCW-200174_00235	gnl|TC-DB|Q9ZKE4|3.A.11.3.1	35.5	575	326	13	180	743	46	586	2.1e-74	276.9
BCW-200174_00246	gnl|TC-DB|Q8L1D1|3.A.7.14.1	41.6	173	92	4	404	572	202	369	6.9e-30	128.6
BCW-200174_00257	gnl|TC-DB|A2RKA7|3.A.1.2.17	99.8	506	1	0	1	506	1	506	7.6e-283	968.8
BCW-200174_00258	gnl|TC-DB|A2RKA6|3.A.1.2.17	98.9	364	4	0	1	364	1	364	4.1e-190	660.2
BCW-200174_00259	gnl|TC-DB|A2RKA5|3.A.1.2.17	100.0	317	0	0	1	317	1	317	2.0e-172	601.3
BCW-200174_00276	gnl|TC-DB|Q7A3S4|2.A.1.3.61	29.3	396	273	2	21	409	18	413	9.9e-40	161.0
BCW-200174_00278	gnl|TC-DB|Q86Z14|8.A.49.1.2	33.3	207	132	3	6	209	81	284	1.1e-28	124.4
BCW-200174_00281	gnl|TC-DB|Q8DT26|3.A.1.1.27	31.4	264	174	5	17	275	13	274	3.9e-23	105.1
BCW-200174_00282	gnl|TC-DB|Q9X9R6|3.A.1.1.23	29.1	285	180	8	32	306	28	300	1.4e-24	110.2
BCW-200174_00292	gnl|TC-DB|D7V8E7|1.A.8.2.6	63.0	230	85	0	6	235	8	237	1.8e-85	312.0
BCW-200174_00301	gnl|TC-DB|Q15HU6|3.A.7.14.2	40.6	197	105	5	15	209	12	198	4.1e-25	111.3
BCW-200174_00302	gnl|TC-DB|A9BJX0|3.A.3.2.21	42.8	890	472	10	4	869	3	879	1.1e-188	656.8
BCW-200174_00305	gnl|TC-DB|V6HIG4|1.A.78.2.2	29.4	180	116	5	1	173	1	176	1.7e-11	65.9
BCW-200174_00323	gnl|TC-DB|D2BKA1|3.A.1.2.17	95.2	351	16	1	1	351	1	350	1.2e-183	638.6
BCW-200174_00337	gnl|TC-DB|Q9RQ05|3.A.1.12.5	99.5	573	3	0	1	573	1	573	0.0e+00	1104.4
BCW-200174_00338	gnl|TC-DB|Q9RQ06|3.A.1.12.5	100.0	407	0	0	1	407	1	407	1.7e-224	774.6
BCW-200174_00341	gnl|TC-DB|Q9KJ80|4.A.1.2.6	45.6	645	321	9	4	624	5	643	6.0e-144	507.7
BCW-200174_00360	gnl|TC-DB|Q9P6J2|2.A.89.3.8	25.6	215	160	0	11	225	17	231	1.9e-12	69.3
BCW-200174_00361	gnl|TC-DB|E1H0W3|2.A.89.3.2	41.8	220	128	0	5	224	9	228	4.1e-34	141.4
BCW-200174_00363	gnl|TC-DB|P31437|2.A.7.3.12	34.5	293	188	2	5	295	6	296	8.7e-37	150.6
BCW-200174_00368	gnl|TC-DB|A3CLT2|1.A.35.3.4	25.4	284	205	7	9	289	13	292	1.4e-13	73.6
BCW-200174_00369	gnl|TC-DB|Q2G140|2.A.66.1.13	38.6	440	267	2	3	442	2	438	4.1e-78	288.5
BCW-200174_00373	gnl|TC-DB|A9QDR8|3.A.1.1.29	39.3	295	168	3	4	287	12	306	1.4e-52	203.0
BCW-200174_00374	gnl|TC-DB|Q9KWT8|3.A.1.1.10	42.9	296	168	1	2	296	29	324	2.0e-70	262.3
BCW-200174_00378	gnl|TC-DB|Q86Z14|8.A.49.1.2	31.1	193	130	2	5	196	81	271	2.7e-27	119.8
BCW-200174_00379	gnl|TC-DB|E0SUV5|9.B.28.1.11	30.2	202	139	1	2	201	1	202	3.3e-19	91.7
BCW-200174_00381	gnl|TC-DB|Q07837|8.A.9.1.2	28.9	530	288	13	3	486	116	602	2.8e-62	236.1
BCW-200174_00384	gnl|TC-DB|Q09LY6|3.A.1.1.9	34.4	291	176	6	21	306	16	296	1.7e-35	146.4
BCW-200174_00385	gnl|TC-DB|Q9KWT8|3.A.1.1.10	30.7	303	202	3	1	303	24	318	3.7e-38	155.2
BCW-200174_00391	gnl|TC-DB|O52733|2.A.1.1.41	64.5	448	152	4	1	447	1	442	2.6e-157	551.6
BCW-200174_00395	gnl|TC-DB|P80874|8.A.5.1.4	31.1	164	92	6	12	155	1	163	2.5e-12	69.3
BCW-200174_00397	gnl|TC-DB|P94488|2.A.2.3.2	32.5	477	287	8	12	483	4	450	6.6e-66	248.1
BCW-200174_00408	gnl|TC-DB|Q7A3S4|2.A.1.3.61	27.9	473	320	5	10	464	4	473	5.9e-48	188.3
BCW-200174_00414	gnl|TC-DB|Q9WYC4|3.A.1.135.5	23.7	549	386	12	1	527	28	565	2.0e-23	107.1
BCW-200174_00425	gnl|TC-DB|Q9FI56|3.A.9.1.2	42.8	870	408	10	4	851	96	897	1.4e-188	656.4
BCW-200174_00439	gnl|TC-DB|Q7A3S4|2.A.1.3.61	30.0	407	281	2	22	424	10	416	8.7e-44	174.5
BCW-200174_00449	gnl|TC-DB|Q93J92|3.A.1.1.36	30.8	279	186	4	7	284	26	298	1.4e-28	123.2
BCW-200174_00450	gnl|TC-DB|P29823|3.A.1.1.4	33.7	303	190	6	8	308	4	297	9.4e-37	150.6
BCW-200174_00459	gnl|TC-DB|Q04DP6|2.A.1.68.1	26.1	348	247	2	4	341	13	360	9.2e-31	131.0
BCW-200174_00467	gnl|TC-DB|Q3JZE4|4.A.2.1.22	47.3	366	190	2	2	366	3	366	6.3e-69	257.7
BCW-200174_00468	gnl|TC-DB|Q3JZE2|4.A.2.1.22	61.0	100	39	0	1	100	1	100	7.3e-31	129.4
BCW-200174_00470	gnl|TC-DB|Q1R4S9|4.A.2.1.9	45.5	134	73	0	4	137	1	134	1.6e-26	115.5
BCW-200174_00486	gnl|TC-DB|P42364|3.A.1.15.2	71.6	310	87	1	6	315	2	310	9.6e-127	449.5
BCW-200174_00487	gnl|TC-DB|P42361|3.A.1.15.2	76.3	278	66	0	1	278	1	278	2.1e-109	391.7
BCW-200174_00488	gnl|TC-DB|Q97PG9|3.A.1.15.14	60.7	234	92	0	1	234	1	234	3.3e-79	291.2
BCW-200174_00496	gnl|TC-DB|A0M015|1.A.62.2.1	35.1	211	121	4	6	215	7	202	4.0e-31	131.3
BCW-200174_00499	gnl|TC-DB|Q89K67|2.A.55.2.6	29.0	410	272	8	21	418	45	447	4.7e-36	148.7
BCW-200174_00502	gnl|TC-DB|P26235|2.A.37.2.1	45.3	373	201	1	7	376	7	379	2.8e-72	268.9
BCW-200174_00524	gnl|TC-DB|O05469|2.A.77.1.1	42.8	201	114	1	1	200	5	205	1.4e-38	156.0
BCW-200174_00534	gnl|TC-DB|P94357|2.A.115.1.2	34.1	273	177	1	6	278	2	271	5.4e-39	157.9
BCW-200174_00535	gnl|TC-DB|C8X4B7|2.A.115.1.5	30.7	274	184	4	12	283	18	287	4.1e-31	131.7
BCW-200174_00536	gnl|TC-DB|P39803|2.A.115.1.1	38.6	272	165	2	33	304	8	277	9.3e-50	193.7
BCW-200174_00541	gnl|TC-DB|K0WKG7|4.F.1.1.8	38.0	184	89	6	5	178	3	171	3.6e-20	94.7
BCW-200174_00554	gnl|TC-DB|Q9X761|2.A.2.2.3	99.8	462	1	0	1	462	1	462	2.4e-251	864.0
BCW-200174_00556	gnl|TC-DB|P77735|8.A.5.1.6	31.1	331	197	11	13	331	1	312	4.3e-32	135.2
BCW-200174_00557	gnl|TC-DB|P24518|4.B.1.1.1	28.9	367	229	11	14	371	64	407	1.2e-33	140.6
BCW-200174_00563	gnl|TC-DB|F2MU33|9.B.158.1.3	51.7	209	97	2	2	206	1	209	1.3e-55	212.6
BCW-200174_00565	gnl|TC-DB|P55339|3.A.1.143.1	61.5	239	92	0	1	239	3	241	2.2e-84	308.5
BCW-200174_00570	gnl|TC-DB|Q9ZK21|1.C.82.1.1	55.5	227	100	1	1	226	1	227	3.5e-62	234.6
BCW-200174_00573	gnl|TC-DB|E6SIR7|3.A.1.147.7	29.1	189	129	3	26	210	44	231	4.3e-20	95.1
BCW-200174_00597	gnl|TC-DB|F2HL52|2.A.3.2.10	92.2	497	39	0	1	497	1	497	1.0e-255	878.6
BCW-200174_00601	gnl|TC-DB|F2HL56|2.A.3.2.11	99.6	526	2	0	1	526	1	526	3.3e-289	989.9
BCW-200174_00617	gnl|TC-DB|P22094|1.A.8.2.2	100.0	289	0	0	1	289	1	289	3.4e-163	570.5
BCW-200174_00620	gnl|TC-DB|O34406|3.A.1.3.13	30.9	217	138	5	54	267	50	257	1.7e-21	99.8
BCW-200174_00640	gnl|TC-DB|F2NVG7|2.A.66.1.40	28.6	475	331	6	2	472	15	485	2.6e-49	193.0
BCW-200174_00652	gnl|TC-DB|P16336|3.A.5.2.1	47.3	438	217	5	3	434	2	431	4.5e-106	381.3
BCW-200174_00675	gnl|TC-DB|B1MZU9|1.A.22.1.8	54.0	124	50	4	1	120	1	121	1.4e-22	102.1
BCW-200174_00676	gnl|TC-DB|Q97NG5|2.A.66.1.34	45.7	407	217	2	17	423	3	405	9.2e-88	320.5
BCW-200174_00681	gnl|TC-DB|B9DIS8|9.B.97.5.1	33.0	616	346	10	4	590	18	595	8.1e-82	301.2
BCW-200174_00687	gnl|TC-DB|O33704|3.A.1.15.3	64.2	268	96	0	1	268	1	268	2.4e-86	315.1
BCW-200174_00688	gnl|TC-DB|P0A2U6|3.A.1.15.3	71.9	231	65	0	1	231	1	231	5.4e-101	363.6
BCW-200174_00689	gnl|TC-DB|O05703|3.A.1.15.3	42.5	306	148	6	1	278	1	306	4.5e-59	224.6
BCW-200174_00696	gnl|TC-DB|P25954|3.A.14.1.1	27.2	287	197	3	36	310	34	320	5.6e-18	88.2
BCW-200174_00697	gnl|TC-DB|P25953|3.A.14.1.1	35.6	278	158	6	2	265	4	274	6.4e-41	164.5
BCW-200174_00733	gnl|TC-DB|Q48658|2.A.1.2.5	37.0	403	254	0	1	403	1	403	9.9e-76	280.4
BCW-200174_00734	gnl|TC-DB|Q48658|2.A.1.2.5	99.5	408	2	0	1	408	1	408	9.1e-194	672.5
BCW-200174_00755	gnl|TC-DB|Q38134|1.E.18.1.1	58.9	73	30	0	1	73	1	73	3.4e-16	80.5
BCW-200174_00760	gnl|TC-DB|O32095|2.A.86.1.8	35.3	346	218	5	4	348	3	343	4.7e-48	188.3
BCW-200174_00761	gnl|TC-DB|Q54318|9.A.40.1.1	35.5	242	145	3	195	435	25	256	5.9e-37	151.8
BCW-200174_00766	gnl|TC-DB|P39282|2.A.3.7.5	45.5	510	242	10	4	502	3	487	1.8e-114	409.5
BCW-200174_00767	gnl|TC-DB|Q5EAK4|2.A.16.2.2	28.9	329	195	9	36	336	1393	1710	1.2e-24	111.3
BCW-200174_00779	gnl|TC-DB|P73544|3.A.1.3.12	43.4	212	114	3	2	212	299	505	3.1e-34	141.7
BCW-200174_00780	gnl|TC-DB|Q9CES4|3.A.1.3.25	63.2	239	88	0	6	244	7	245	1.0e-83	306.2
BCW-200174_00782	gnl|TC-DB|R6S968|9.B.146.1.4	24.8	330	215	10	27	341	20	331	5.5e-11	65.5
BCW-200174_00783	gnl|TC-DB|Q97UG5|3.A.1.5.8	26.9	212	152	2	22	231	31	241	9.9e-13	70.5
BCW-200174_00793	gnl|TC-DB|Q932J9|3.A.7.17.1	30.7	1498	931	26	62	1528	55	1476	2.8e-203	706.1
BCW-200174_00809	gnl|TC-DB|A2RMJ9|3.A.1.25.4	100.0	189	0	0	1	189	1	189	4.2e-101	363.6
BCW-200174_00813	gnl|TC-DB|K4IPL7|2.A.45.2.6	24.7	393	255	7	24	387	12	392	5.5e-23	105.1
BCW-200174_00816	gnl|TC-DB|C9XJX0|3.A.1.147.6	30.4	230	157	1	3	229	23	252	1.8e-32	136.3
BCW-200174_00818	gnl|TC-DB|G2JTB5|3.A.11.1.4	37.4	203	113	3	2	204	23	211	1.7e-28	122.5
BCW-200174_00819	gnl|TC-DB|Q8DQ40|3.A.11.1.2	44.1	740	396	7	10	736	12	746	2.0e-154	542.7
BCW-200174_00822	gnl|TC-DB|P21903|3.A.2.1.2	29.0	231	147	6	10	233	61	281	9.4e-18	87.0
BCW-200174_00825	gnl|TC-DB|P29706|3.A.2.1.2	61.0	497	191	2	1	495	1	496	1.2e-168	589.3
BCW-200174_00826	gnl|TC-DB|P0ABA6|3.A.2.1.1	36.6	287	181	1	3	289	2	287	1.1e-47	186.8
BCW-200174_00827	gnl|TC-DB|P50002|3.A.2.1.5	70.3	464	133	3	21	484	6	464	2.3e-183	638.3
BCW-200174_00831	gnl|TC-DB|Q9CES4|3.A.1.3.25	96.8	247	8	0	1	247	1	247	4.4e-135	476.9
BCW-200174_00832	gnl|TC-DB|Q9CES5|3.A.1.3.25	96.5	714	25	0	1	714	1	714	0.0e+00	1310.0
BCW-200174_00833	gnl|TC-DB|P0ABP6|9.B.27.2.3	41.3	184	107	1	26	209	27	209	8.1e-40	160.2
BCW-200174_00836	gnl|TC-DB|Q3SAW5|2.A.7.21.4	89.9	307	31	0	1	307	1	307	2.1e-155	544.7
BCW-200174_00842	gnl|TC-DB|F2HM70|3.A.1.134.10	97.3	259	7	0	1	259	1	259	1.6e-135	478.4
BCW-200174_00843	gnl|TC-DB|F2HM69|3.A.1.134.10	83.3	670	108	2	1	669	1	667	3.7e-301	1030.0
BCW-200174_00853	gnl|TC-DB|Q6MDD6|3.A.7.16.1	33.0	743	441	16	7	729	4	709	1.9e-97	353.6
BCW-200174_00857	gnl|TC-DB|A3CPR5|1.A.14.2.6	46.4	224	119	1	7	230	2	224	3.6e-49	191.4
BCW-200174_00862	gnl|TC-DB|P31466|2.A.40.7.6	36.2	470	258	6	1	470	15	442	8.6e-71	264.2
BCW-200174_00877	gnl|TC-DB|O51234|3.A.1.7.5	37.5	275	161	5	27	295	18	287	1.3e-40	163.3
BCW-200174_00878	gnl|TC-DB|P0A627|3.A.1.7.4	31.2	266	166	5	20	285	43	291	6.3e-27	117.9
BCW-200174_00879	gnl|TC-DB|O51236|3.A.1.7.5	56.9	253	108	1	17	269	9	260	1.4e-78	289.3
BCW-200174_00880	gnl|TC-DB|O51236|3.A.1.7.5	59.9	252	101	0	2	253	9	260	7.8e-87	316.6
BCW-200174_00887	gnl|TC-DB|B0K2P2|3.A.1.128.2	33.8	225	145	2	1	225	1	221	6.2e-32	134.4
BCW-200174_00893	gnl|TC-DB|D2BKY9|4.A.6.1.11	97.7	307	7	0	1	307	1	307	4.8e-171	596.7
BCW-200174_00894	gnl|TC-DB|D2BKY8|4.A.6.1.11	98.5	270	4	0	1	270	1	270	1.2e-138	488.8
BCW-200174_00895	gnl|TC-DB|D2BKY7|4.A.6.1.11	99.1	329	3	0	1	329	1	329	1.1e-178	622.1
BCW-200174_00902	gnl|TC-DB|F2HL33|2.A.3.7.7	97.1	449	13	0	1	449	1	449	3.6e-244	840.1
BCW-200174_00910	gnl|TC-DB|Q8DT26|3.A.1.1.27	52.8	284	126	4	5	287	2	278	1.6e-72	269.2
BCW-200174_00911	gnl|TC-DB|Q8DT27|3.A.1.1.27	50.8	451	213	4	15	460	4	450	4.4e-120	427.9
BCW-200174_00912	gnl|TC-DB|Q8DT28|3.A.1.1.27	38.7	421	236	9	1	408	1	412	4.2e-74	275.0
BCW-200174_00916	gnl|TC-DB|Q07837|8.A.9.1.2	28.5	453	237	16	49	435	124	555	5.3e-37	152.1
BCW-200174_00917	gnl|TC-DB|Q07837|8.A.9.1.2	30.1	518	283	14	15	493	124	601	1.6e-65	246.9
BCW-200174_00924	gnl|TC-DB|Q9UEF7|8.A.49.1.1	27.8	485	294	14	3	471	61	505	9.4e-41	164.5
BCW-200174_00925	gnl|TC-DB|P49022|9.B.74.1.1	92.3	901	69	0	1	901	1	901	0.0e+00	1154.0
BCW-200174_00931	gnl|TC-DB|A8ALD3|2.A.49.5.5	31.7	432	274	10	14	429	33	459	3.1e-50	196.1
BCW-200174_00940	gnl|TC-DB|P21458|3.A.12.1.1	47.3	773	334	12	7	722	24	780	3.8e-150	528.5
BCW-200174_00959	gnl|TC-DB|G4FGN3|3.A.1.2.20	47.9	489	253	2	3	490	5	492	1.0e-122	436.8
BCW-200174_00960	gnl|TC-DB|A6VKS9|3.A.1.2.13	50.5	303	148	1	15	315	18	320	7.7e-76	280.4
BCW-200174_00961	gnl|TC-DB|A6VKT0|3.A.1.2.13	44.0	257	144	0	51	307	27	283	7.7e-55	210.7
BCW-200174_00965	gnl|TC-DB|A2RJJ9|2.A.1.3.37	99.6	476	2	0	1	476	1	476	5.5e-243	836.3
BCW-200174_00969	gnl|TC-DB|Q6D188|2.A.2.5.2	27.9	498	345	6	14	502	4	496	2.3e-61	233.0
BCW-200174_00974	gnl|TC-DB|B7LDS1|4.A.7.1.2	36.4	140	89	0	496	635	1	140	5.9e-22	102.4
BCW-200174_00976	gnl|TC-DB|C8TA54|4.A.7.1.4	49.3	418	206	5	4	420	1	413	8.0e-106	380.6
BCW-200174_00979	gnl|TC-DB|P22094|1.A.8.2.2	52.6	289	133	3	1	286	1	288	1.3e-85	312.8
BCW-200174_00983	gnl|TC-DB|P0AFV2|9.B.20.1.4	43.3	215	113	6	10	221	4	212	6.5e-37	150.6
BCW-200174_00987	gnl|TC-DB|P0AGD7|3.A.5.1.1	48.9	427	217	1	3	428	2	428	1.2e-110	396.7
BCW-200174_01008	gnl|TC-DB|Q835V4|3.A.3.23.2	34.8	784	465	11	8	775	30	783	1.7e-114	410.2
BCW-200174_01014	gnl|TC-DB|O32095|2.A.86.1.8	34.1	343	216	5	30	368	13	349	3.0e-45	179.1
BCW-200174_01040	gnl|TC-DB|P42332|3.A.1.131.1	38.5	301	183	2	1	300	1	300	9.6e-55	210.3
BCW-200174_01046	gnl|TC-DB|P96712|2.A.1.3.50	25.5	392	286	4	9	396	16	405	9.5e-27	117.9
BCW-200174_01055	gnl|TC-DB|Q97Q45|3.A.1.11.7	51.7	354	169	2	1	353	1	353	1.9e-110	395.6
BCW-200174_01056	gnl|TC-DB|Q97Q44|3.A.1.11.7	62.1	248	94	0	10	257	7	254	1.7e-76	282.3
BCW-200174_01057	gnl|TC-DB|Q97Q43|3.A.1.11.7	64.6	263	91	1	2	262	12	274	4.9e-92	334.0
BCW-200174_01058	gnl|TC-DB|Q97Q42|3.A.1.11.7	78.7	375	79	1	1	374	1	375	2.3e-171	598.2
BCW-200174_01060	gnl|TC-DB|A2RKV5|2.A.88.5.2	99.5	199	1	0	1	199	24	222	2.0e-101	364.8
BCW-200174_01075	gnl|TC-DB|P42086|2.A.40.3.1	49.9	427	207	3	15	434	7	433	8.4e-105	377.1
BCW-200174_01084	gnl|TC-DB|G2JTB4|3.A.11.1.4	38.2	136	81	3	11	146	7	139	1.2e-23	105.9
BCW-200174_01093	gnl|TC-DB|P40739|4.A.1.2.11	34.5	629	359	11	8	628	5	588	1.6e-88	323.6
BCW-200174_01111	gnl|TC-DB|O69916|9.B.111.1.2	36.5	526	304	10	72	591	67	568	4.1e-77	286.2
BCW-200174_01115	gnl|TC-DB|F2HJG8|2.A.3.7.6	97.9	485	10	0	1	485	1	485	9.0e-273	935.3
BCW-200174_01126	gnl|TC-DB|Q58206|3.A.1.122.14	48.2	226	108	2	4	220	2	227	1.9e-50	195.7
BCW-200174_01132	gnl|TC-DB|A2RL86|2.A.49.9.4	99.0	403	4	0	1	403	1	403	1.2e-219	758.4
BCW-200174_01137	gnl|TC-DB|C9RH03|2.A.109.3.1	51.8	338	151	6	4	339	10	337	1.7e-81	299.3
BCW-200174_01140	gnl|TC-DB|Q8CWM9|3.A.11.1.2	49.8	434	195	4	9	429	8	431	4.7e-116	414.5
BCW-200174_01147	gnl|TC-DB|Q89K67|2.A.55.2.6	44.8	444	219	6	18	460	23	441	7.8e-86	314.3
BCW-200174_01169	gnl|TC-DB|Q93A35|3.A.1.12.8	49.8	293	136	3	1	282	1	293	4.4e-76	281.2
BCW-200174_01170	gnl|TC-DB|Q93A34|3.A.1.12.8	57.5	503	211	3	1	500	1	503	3.9e-154	541.2
BCW-200174_01176	gnl|TC-DB|P05425|3.A.3.5.2	48.5	651	315	11	43	676	98	745	4.4e-153	538.1
BCW-200174_01181	gnl|TC-DB|L8A802|2.A.8.1.10	71.3	425	121	1	6	430	5	428	6.9e-152	533.5
BCW-200174_01186	gnl|TC-DB|J8IXD8|1.C.109.1.5	59.6	270	104	2	2	268	5	272	2.5e-83	305.1
BCW-200174_01189	gnl|TC-DB|K8ZBV5|1.A.78.2.8	35.3	190	121	2	1	188	1	190	1.4e-19	92.8
BCW-200174_01195	gnl|TC-DB|P0A6W3|9.B.146.1.6	34.3	350	186	9	1	323	22	354	9.0e-43	170.6
BCW-200174_01198	gnl|TC-DB|Q8RKC1|3.A.1.122.3	35.8	215	132	3	3	212	2	215	2.9e-29	125.2
BCW-200174_01207	gnl|TC-DB|P75905|4.D.1.1.3	29.6	426	278	10	18	435	29	440	2.8e-47	186.0
BCW-200174_01208	gnl|TC-DB|Q8G3M7|9.B.36.1.3	33.7	172	112	1	7	178	154	323	4.2e-18	87.8
BCW-200174_01215	gnl|TC-DB|P32399|9.B.74.1.3	40.7	172	101	1	2	172	4	175	1.2e-35	148.3
BCW-200174_01221	gnl|TC-DB|F4K2G0|3.D.1.8.1	41.2	170	68	5	23	188	103	244	1.6e-23	105.9
BCW-200174_01224	gnl|TC-DB|P07373|2.A.103.1.3	28.6	378	235	11	16	384	9	360	4.2e-29	125.6
BCW-200174_01228	gnl|TC-DB|O54396|3.A.1.121.2	25.6	531	323	11	1	515	1	475	3.6e-38	156.0
BCW-200174_01230	gnl|TC-DB|O07032|2.A.24.2.2	99.8	425	1	0	1	425	1	425	2.6e-228	787.3
BCW-200174_01232	gnl|TC-DB|B8ZKM9|3.A.1.147.8	58.9	241	99	0	1	241	1	241	1.4e-80	295.8
BCW-200174_01233	gnl|TC-DB|B8ZKM8|3.A.1.147.8	23.7	536	375	10	1	511	1	527	4.4e-23	105.9
BCW-200174_01241	gnl|TC-DB|Q7A3S4|2.A.1.3.61	32.1	477	309	5	20	494	6	469	2.7e-70	262.7
BCW-200174_01252	gnl|TC-DB|O34406|3.A.1.3.13	28.6	276	177	8	2	274	4	262	2.1e-24	109.4
BCW-200174_01253	gnl|TC-DB|O34315|3.A.1.3.13	39.7	184	105	1	87	270	46	223	4.2e-31	131.7
BCW-200174_01254	gnl|TC-DB|O34900|3.A.1.3.13	54.8	241	109	0	1	241	1	241	1.8e-67	252.3
BCW-200174_01270	gnl|TC-DB|G4NXA5|1.A.33.1.4	74.0	605	155	1	1	605	1	603	5.8e-245	843.2
BCW-200174_01276	gnl|TC-DB|Q3K0G6|4.A.2.1.20	69.1	654	182	5	1	634	1	654	2.4e-238	821.2
BCW-200174_01283	gnl|TC-DB|Q8TJZ4|3.A.3.6.16	36.9	499	298	8	10	499	156	646	1.8e-87	319.7
BCW-200174_01292	gnl|TC-DB|Q8RME1|3.A.1.126.1	37.9	290	176	3	4	291	1	288	1.9e-52	202.6
BCW-200174_01294	gnl|TC-DB|P35839|1.A.16.2.1	32.2	267	164	4	3	252	7	273	8.7e-28	120.6
BCW-200174_01298	gnl|TC-DB|P0A9R7|3.A.1.140.1	42.8	215	123	0	3	217	1	215	1.5e-49	192.6
BCW-200174_01304	gnl|TC-DB|Q45064|9.B.31.1.2	39.0	210	98	4	2	201	1	190	6.3e-29	124.0
BCW-200174_01310	gnl|TC-DB|A3CLT2|1.A.35.3.4	43.8	299	167	1	3	300	4	302	7.9e-62	233.8
BCW-200174_01317	gnl|TC-DB|B8I766|9.B.105.1.5	36.8	144	86	4	4	144	1	142	2.1e-15	78.6
BCW-200174_01321	gnl|TC-DB|Q55487|4.D.2.1.9	37.2	317	183	5	1	313	1	305	1.5e-50	196.4
BCW-200174_01333	gnl|TC-DB|Q83XH1|3.A.1.121.4	29.9	541	368	3	7	541	5	540	1.5e-73	273.9
BCW-200174_01340	gnl|TC-DB|Q07727|3.A.7.7.1	37.2	121	73	1	186	303	238	358	2.2e-19	92.8
BCW-200174_01346	gnl|TC-DB|O66515|1.A.11.1.5	47.1	408	202	7	1	405	25	421	3.7e-94	341.7
BCW-200174_01367	gnl|TC-DB|Q6MMK1|2.A.6.6.11	36.7	420	238	10	1	402	15	424	1.5e-63	240.0
BCW-200174_01383	gnl|TC-DB|P43672|3.A.1.120.6	34.2	523	321	8	12	520	12	525	1.5e-78	290.4
BCW-200174_01408	gnl|TC-DB|P25694|3.A.16.1.2	42.4	250	136	4	181	429	202	444	3.2e-50	196.4
BCW-200174_01417	gnl|TC-DB|P42956|4.A.2.1.5	52.2	485	209	5	7	487	11	476	4.7e-130	461.5
BCW-200174_01419	gnl|TC-DB|Q9KKQ7|4.A.2.1.12	43.4	136	76	1	2	137	505	639	1.5e-26	115.5
BCW-200174_01426	gnl|TC-DB|A1JRS3|2.A.53.3.9	28.8	570	360	10	2	538	9	565	3.6e-49	192.6
BCW-200174_01432	gnl|TC-DB|B2IRN2|2.A.1.47.3	26.3	414	284	10	1	400	1	407	2.1e-20	96.7
BCW-200174_01449	gnl|TC-DB|Q83XH1|3.A.1.121.4	57.4	538	222	3	1	538	1	531	4.5e-180	627.5
BCW-200174_01450	gnl|TC-DB|A2RHF6|9.B.44.2.4	100.0	84	0	0	1	84	1	84	3.1e-40	160.2
BCW-200174_01465	gnl|TC-DB|Q830Z1|3.A.3.25.3	50.7	598	289	3	1	592	1	598	7.0e-163	570.5
BCW-200174_01471	gnl|TC-DB|Q83XH1|3.A.1.121.4	29.6	503	344	5	3	500	1	498	2.4e-58	223.0
BCW-200174_01479	gnl|TC-DB|Q55487|4.D.2.1.9	42.9	303	171	2	3	304	4	305	3.0e-64	241.9
BCW-200174_01483	gnl|TC-DB|s6ex81|2.A.3.3.23	98.9	465	5	0	1	465	1	465	9.5e-256	878.6
BCW-200174_01487	gnl|TC-DB|Q6MR29|3.A.5.1.3	44.7	862	414	10	14	845	16	844	3.4e-206	714.9
BCW-200174_01490	gnl|TC-DB|P08839|8.A.7.1.1	48.4	572	289	5	4	573	1	568	3.4e-146	515.0
BCW-200174_01497	gnl|TC-DB|P69937|2.A.7.1.4	43.3	104	59	0	1	104	1	104	1.8e-21	98.2
BCW-200174_01498	gnl|TC-DB|P39843|2.A.1.2.8	46.7	390	201	3	1	383	5	394	2.3e-90	328.9
BCW-200174_01499	gnl|TC-DB|Q55487|4.D.2.1.9	42.6	303	174	0	1	303	3	305	2.2e-70	262.3
BCW-200174_01506	gnl|TC-DB|P25744|2.A.1.2.20	45.8	382	207	0	4	385	11	392	3.5e-89	325.1
BCW-200174_01509	gnl|TC-DB|Q01625|2.A.9.3.2	30.9	243	163	3	1	238	3	245	5.0e-31	131.3
BCW-200174_01512	gnl|TC-DB|P76187|8.A.5.1.7	31.7	300	174	5	10	298	13	292	5.8e-36	147.9
BCW-200174_01518	gnl|TC-DB|K8ZBV5|1.A.78.2.8	31.3	163	106	2	1	157	1	163	1.2e-12	69.7
BCW-200174_01560	gnl|TC-DB|Q58119|2.A.66.1.26	25.5	385	263	8	13	384	15	388	6.1e-18	88.6
BCW-200174_01568	gnl|TC-DB|Q9CJ32|4.A.3.2.4	99.2	494	4	0	1	494	1	494	1.3e-274	941.4
BCW-200174_01571	gnl|TC-DB|Q9UEF7|8.A.49.1.1	30.8	496	265	15	8	475	60	505	1.6e-56	216.9
BCW-200174_01580	gnl|TC-DB|Q7MV19|9.A.8.1.6	35.7	729	379	19	4	656	129	843	1.7e-115	413.3
BCW-200174_01595	gnl|TC-DB|P72884|3.A.1.103.5	39.8	259	140	3	1	243	1	259	2.2e-51	199.5
BCW-200174_01609	gnl|TC-DB|Q8KUK6|2.A.66.2.16	46.1	471	254	0	1	471	1	471	5.3e-113	404.4
BCW-200174_01633	gnl|TC-DB|O32182|2.A.1.3.33	29.0	500	322	9	1	469	20	517	3.0e-47	186.0
BCW-200174_01644	gnl|TC-DB|D7V8E7|1.A.8.2.6	52.4	231	110	0	1	231	6	236	1.2e-68	256.1
BCW-200174_01648	gnl|TC-DB|Q3Z8A8|3.A.1.105.6	38.8	237	141	4	5	238	6	241	2.4e-40	162.2
BCW-200174_01656	gnl|TC-DB|Q9WYC3|3.A.1.135.5	38.1	569	346	4	7	572	6	571	4.5e-101	365.2
BCW-200174_01657	gnl|TC-DB|Q9WYC4|3.A.1.135.5	40.9	602	322	3	29	630	24	591	7.9e-120	427.6
BCW-200174_01663	gnl|TC-DB|P77735|8.A.5.1.6	25.1	287	154	10	29	265	38	313	1.8e-12	69.7
BCW-200174_01667	gnl|TC-DB|Q15HU6|3.A.7.14.2	35.3	153	90	4	65	214	47	193	3.6e-15	79.3
BCW-200174_01675	gnl|TC-DB|A2RI01|3.A.1.25.4	100.0	277	0	0	1	277	1	277	8.1e-154	539.3
BCW-200174_01676	gnl|TC-DB|Q5M244|3.A.1.25.6	65.2	276	95	1	2	277	3	277	1.1e-100	362.8
BCW-200174_01677	gnl|TC-DB|A2RI03|3.A.1.25.4	99.6	266	1	0	1	266	1	266	1.3e-140	495.4
BCW-200174_01728	gnl|TC-DB|A0QQ70|3.A.1.9.2	41.7	230	134	0	15	244	23	252	1.0e-43	173.3
BCW-200174_01730	gnl|TC-DB|A0QQ68|3.A.1.9.2	39.1	192	116	1	80	270	80	271	1.8e-28	122.9
BCW-200174_01735	gnl|TC-DB|B2YGG2|2.A.1.2.41	37.5	384	236	3	12	392	20	402	6.3e-59	224.6
BCW-200174_01737	gnl|TC-DB|Q97PQ1|2.A.4.7.6	49.2	417	185	3	5	421	4	393	1.4e-104	376.3
BCW-200174_01739	gnl|TC-DB|Q9CIP6|3.A.1.135.1	95.6	573	25	0	7	579	1	573	1.1e-298	1021.5
BCW-200174_01740	gnl|TC-DB|Q9CIP5|3.A.1.135.1	99.2	664	5	0	1	664	1	664	0.0e+00	1222.6
BCW-200174_01749	gnl|TC-DB|A2RI47|2.A.88.3.2	100.0	182	0	0	1	182	1	182	9.0e-85	309.3
BCW-200174_01750	gnl|TC-DB|Q8K8K9|3.A.1.24.3	51.7	242	106	3	39	270	31	271	3.5e-59	224.9
BCW-200174_01751	gnl|TC-DB|Q8K8K9|3.A.1.24.3	52.9	242	103	3	39	270	31	271	5.2e-63	237.7
BCW-200174_01752	gnl|TC-DB|Q8K8K9|3.A.1.24.3	40.6	256	139	6	38	283	29	281	2.6e-46	182.2
BCW-200174_01754	gnl|TC-DB|Q04MS8|3.A.1.24.6	45.2	279	139	6	15	282	9	284	3.9e-58	221.5
BCW-200174_01755	gnl|TC-DB|Q04MS6|3.A.1.24.6	51.5	361	163	2	4	364	5	353	1.2e-99	359.8
BCW-200174_01756	gnl|TC-DB|Q8K8K7|3.A.1.24.3	46.3	231	123	1	1	231	1	230	2.2e-51	198.7
BCW-200174_01757	gnl|TC-DB|Q74I63|3.A.1.29.1	50.8	181	89	0	2	182	5	185	2.6e-47	184.9
BCW-200174_01758	gnl|TC-DB|Q74I62|3.A.1.29.1	51.5	569	259	7	2	559	3	565	8.8e-155	543.5
BCW-200174_01759	gnl|TC-DB|Q74I61|3.A.1.29.1	55.1	274	119	1	3	272	2	275	1.0e-76	283.1
BCW-200174_01761	gnl|TC-DB|Q9X665|3.A.1.14.7	46.2	247	130	3	1	245	11	256	1.7e-54	209.1
BCW-200174_01762	gnl|TC-DB|P06972|3.A.1.14.3	29.3	317	221	2	3	316	344	660	1.4e-29	126.7
BCW-200174_01763	gnl|TC-DB|Q9L179|3.A.1.14.12	30.9	272	183	2	38	309	423	689	1.4e-29	126.7
BCW-200174_01764	gnl|TC-DB|Q93PN3|3.A.1.14.7	26.8	257	168	10	42	290	38	282	8.1e-17	84.3
BCW-200174_01766	gnl|TC-DB|P77389|2.A.1.2.65	35.8	383	238	4	10	391	7	382	5.7e-52	201.4
BCW-200174_01767	gnl|TC-DB|P80874|8.A.5.1.4	24.8	306	172	8	7	259	11	311	8.3e-18	87.4
BCW-200174_01777	gnl|TC-DB|Q64K09|3.A.1.5.25	98.4	550	9	0	1	550	1	550	7.2e-311	1062.0
BCW-200174_01778	gnl|TC-DB|Q9CIL2|3.A.1.5.25	93.6	545	35	0	1	545	1	545	3.4e-289	989.9
BCW-200174_01779	gnl|TC-DB|Q9CIL1|3.A.1.5.25	96.7	303	10	0	1	303	1	303	1.1e-156	548.9
BCW-200174_01780	gnl|TC-DB|Q9CIL0|3.A.1.5.25	96.8	343	11	0	1	343	1	343	4.7e-167	583.6
BCW-200174_01781	gnl|TC-DB|Q9CIK9|3.A.1.5.25	99.1	349	3	0	1	349	1	349	3.8e-201	696.8
BCW-200174_01782	gnl|TC-DB|Q9CIK8|3.A.1.5.25	98.4	313	5	0	1	313	1	313	1.1e-175	612.1
BCW-200174_01784	gnl|TC-DB|P38919|3.A.18.1.1	39.7	325	195	1	3	326	40	364	1.4e-67	253.8
BCW-200174_01789	gnl|TC-DB|F2HQ24|2.A.3.1.20	95.7	460	17	1	1	460	1	457	2.8e-244	840.5
BCW-200174_01790	gnl|TC-DB|F2HQ25|2.A.3.1.21	94.3	459	26	0	1	459	1	459	2.1e-247	850.9
BCW-200174_01800	gnl|TC-DB|K7WL41|2.A.3.1.19	99.8	477	1	0	1	477	1	477	4.1e-270	926.4
BCW-200174_01810	gnl|TC-DB|P76269|2.A.1.3.17	30.8	425	280	7	1	422	11	424	6.2e-45	178.3
BCW-200174_01813	gnl|TC-DB|P32703|2.A.36.3.1	34.0	427	247	13	2	403	1	417	4.4e-44	176.0
BCW-200174_01822	gnl|TC-DB|Q5G3M3|3.A.7.19.1	42.9	105	60	0	1	105	2	106	2.9e-21	97.8
BCW-200174_01826	gnl|TC-DB|Q9HV74|2.A.21.9.1	29.2	267	151	8	209	458	729	974	3.7e-21	99.4
BCW-200174_01834	gnl|TC-DB|P32011|3.A.1.105.1	33.8	266	172	1	4	269	20	281	1.2e-37	153.3
BCW-200174_01835	gnl|TC-DB|P32010|3.A.1.105.1	47.9	305	159	0	4	308	8	312	9.6e-79	290.0
BCW-200174_01842	gnl|TC-DB|I6PJK1|2.A.114.1.7	48.1	776	377	8	10	779	3	758	2.8e-199	691.8
BCW-200174_01845	gnl|TC-DB|P38919|3.A.18.1.1	33.1	341	221	4	21	358	58	394	2.1e-55	213.0
BCW-200174_01848	gnl|TC-DB|Q9CIF0|4.A.3.2.4	99.1	108	1	0	1	108	1	108	6.4e-54	206.1
BCW-200174_01849	gnl|TC-DB|Q9CIE9|4.A.3.2.4	97.4	116	3	0	1	116	1	116	7.0e-59	222.6
BCW-200174_01851	gnl|TC-DB|P46317|4.A.3.2.2	35.2	443	273	5	1	438	4	437	2.1e-66	249.6
BCW-200174_01852	gnl|TC-DB|Q9UEF7|8.A.49.1.1	27.9	494	288	18	2	475	60	505	2.1e-40	163.3
BCW-200174_01857	gnl|TC-DB|Q8DT25|3.A.1.1.27	74.2	376	97	0	1	376	1	376	3.7e-165	577.4
BCW-200174_01863	gnl|TC-DB|Q8DS05|4.A.1.1.11	47.6	126	64	1	14	137	581	706	3.8e-26	114.4
BCW-200174_01864	gnl|TC-DB|P05306|4.A.1.2.9	29.9	499	288	11	3	493	2	446	1.7e-48	190.3
BCW-200174_01900	gnl|TC-DB|Q7WWR0|3.A.1.1.20	26.6	335	217	10	1	316	1	325	9.5e-21	97.8
BCW-200174_01901	gnl|TC-DB|P29823|3.A.1.1.4	36.3	262	165	1	7	268	20	279	1.1e-39	160.2
BCW-200174_01902	gnl|TC-DB|Q93J92|3.A.1.1.36	35.1	271	171	2	9	279	30	295	5.5e-41	164.5
BCW-200174_01903	gnl|TC-DB|P54176|1.C.113.1.1	46.5	217	112	2	1	216	1	214	2.9e-45	178.3
BCW-200174_01913	gnl|TC-DB|Q8DNB9|3.A.1.142.1	31.2	208	135	4	1	202	4	209	2.3e-20	95.9
BCW-200174_01918	gnl|TC-DB|Q15HU6|3.A.7.14.2	41.1	146	73	4	147	292	201	333	5.2e-18	88.2
BCW-200174_01919	gnl|TC-DB|Q64K09|3.A.1.5.25	46.8	554	283	3	1	547	1	549	8.6e-139	490.3
BCW-200174_01921	gnl|TC-DB|Q15HU6|3.A.7.14.2	33.1	175	101	4	29	193	48	216	4.9e-18	88.6
BCW-200174_01940	gnl|TC-DB|Q02YV9|9.A.24.1.7	98.7	159	2	0	1	159	1	159	4.5e-80	293.5
BCW-200174_01943	gnl|TC-DB|M2X3K0|9.B.115.1.1	35.1	231	132	7	29	250	4	225	6.6e-25	110.9
BCW-200174_01961	gnl|TC-DB|Q8RD07|3.A.1.23.5	30.0	240	154	6	3	236	4	235	3.8e-20	95.1
BCW-200174_01969	gnl|TC-DB|Q8VRK4|3.A.11.1.3	42.9	198	107	3	80	276	70	262	6.3e-37	151.0
BCW-200174_01974	gnl|TC-DB|O32212|2.A.36.3.2	33.1	363	228	4	20	374	20	375	8.5e-45	178.3
BCW-200174_01981	gnl|TC-DB|C9RH03|2.A.109.3.1	47.3	353	162	6	4	354	10	340	6.0e-77	284.3
BCW-200174_01988	gnl|TC-DB|P36640|3.A.3.4.1	49.4	909	422	7	5	907	24	900	4.0e-234	807.7
BCW-200174_01991	gnl|TC-DB|P39580|2.A.50.2.1	48.9	397	193	6	1	392	1	392	4.2e-98	354.8
BCW-200174_01992	gnl|TC-DB|Q42524|4.C.1.1.7	27.0	378	238	9	138	494	196	556	7.3e-20	95.1
BCW-200174_02000	gnl|TC-DB|Q7A3S4|2.A.1.3.61	36.7	482	279	9	23	497	9	471	7.7e-73	271.2
BCW-200174_02007	gnl|TC-DB|O07549|3.A.1.106.8	38.4	544	314	8	64	592	132	669	1.6e-98	356.7
BCW-200174_02008	gnl|TC-DB|O07550|3.A.1.106.8	41.0	573	337	1	3	575	4	575	2.9e-127	452.2
BCW-200174_02009	gnl|TC-DB|Q1RN04|2.A.87.1.1	99.0	206	2	0	1	206	1	206	1.5e-104	375.2
BCW-200174_02024	gnl|TC-DB|O34897|1.A.23.3.1	34.8	204	122	3	12	210	17	214	1.2e-23	106.7
BCW-200174_02026	gnl|TC-DB|O30417|2.A.3.7.1	95.6	503	22	0	1	503	1	503	8.9e-268	918.7
BCW-200174_02044	gnl|TC-DB|P12681|2.A.1.4.2	31.2	269	180	3	3	267	151	418	1.2e-33	140.2
BCW-200174_02048	gnl|TC-DB|Q9FI56|3.A.9.1.2	53.5	666	281	9	107	744	257	921	2.1e-188	655.6
BCW-200174_02054	gnl|TC-DB|Q8RCC4|3.A.1.3.27	38.3	264	155	5	1	264	1	256	5.4e-41	164.5
BCW-200174_02060	gnl|TC-DB|F9LXW4|2.A.87.2.3	45.7	186	96	1	4	189	2	182	1.8e-38	155.6
BCW-200174_02064	gnl|TC-DB|Q835V4|3.A.3.23.2	50.6	775	369	4	4	772	30	796	9.4e-208	719.9
BCW-200174_02086	gnl|TC-DB|O35018|2.A.1.3.30	25.1	327	243	2	20	346	22	346	2.7e-30	129.8
BCW-200174_02097	gnl|TC-DB|Q9CHU5|2.A.72.1.3	95.2	670	32	0	1	670	1	670	0.0e+00	1240.3
BCW-200174_02098	gnl|TC-DB|Q9CHU5|2.A.72.1.3	73.1	666	172	3	8	667	6	670	1.8e-279	958.0
BCW-200174_02116	gnl|TC-DB|Q9FI56|3.A.9.1.2	43.9	815	425	10	7	803	97	897	3.3e-187	651.7
BCW-200174_02119	gnl|TC-DB|Q7A3X3|3.A.1.122.4	47.1	221	110	3	5	221	3	220	1.7e-48	189.1
BCW-200174_02126	gnl|TC-DB|P0A4K4|2.A.1.2.34	51.2	373	181	1	1	373	28	399	1.7e-106	382.5
BCW-200174_02128	gnl|TC-DB|P07373|2.A.103.1.3	31.9	383	228	6	13	395	12	361	3.6e-36	149.1
BCW-200174_02129	gnl|TC-DB|Q6A1F6|3.B.1.1.6	32.3	595	360	8	523	1106	6	568	2.6e-81	300.4
BCW-200174_02138	gnl|TC-DB|A8R5V4|3.A.3.2.41	36.1	909	520	13	13	905	16	879	1.3e-139	493.8
BCW-200174_02140	gnl|TC-DB|Q54066|4.D.1.1.2	35.4	410	242	8	10	403	6	408	8.7e-64	240.7
BCW-200174_02143	gnl|TC-DB|F2HK99|2.A.26.1.9	90.4	439	42	0	1	439	1	439	4.9e-217	750.0
BCW-200174_02163	gnl|TC-DB|P0C2U2|2.A.17.1.1	93.2	497	34	0	1	497	1	497	7.0e-257	882.5
BCW-200174_02164	gnl|TC-DB|P0ABJ9|3.D.4.3.2	35.1	516	266	9	1	457	1	506	1.5e-81	300.1
BCW-200174_02165	gnl|TC-DB|P0ABK2|3.D.4.3.2	31.2	362	215	6	4	331	7	368	8.2e-36	147.5
BCW-200174_02166	gnl|TC-DB|P29018|3.A.1.129.1	29.6	557	376	7	7	550	29	582	3.5e-58	222.6
BCW-200174_02167	gnl|TC-DB|Q9CIP5|3.A.1.135.1	24.0	499	354	8	84	566	168	657	3.2e-35	146.4
BCW-200174_02171	gnl|TC-DB|P97046|3.A.1.117.1	98.8	584	7	0	1	584	7	590	0.0e+00	1083.6
BCW-200174_02174	gnl|TC-DB|Q03RZ6|3.A.1.122.13	41.4	677	374	8	1	664	1	667	1.2e-118	423.7
BCW-200174_02176	gnl|TC-DB|Q8PUP5|9.B.143.2.3	27.2	180	129	2	7	186	21	198	1.0e-13	73.6
BCW-200174_02190	gnl|TC-DB|P46317|4.A.3.2.2	36.2	439	262	7	1	425	1	435	5.6e-69	258.1
BCW-200174_02194	gnl|TC-DB|A2BS89|2.A.123.2.2	47.4	76	40	0	3	78	5	80	2.1e-12	67.8
BCW-200174_02196	gnl|TC-DB|Q9KWT8|3.A.1.1.10	41.0	324	183	2	1	316	1	324	3.0e-67	251.9
BCW-200174_02197	gnl|TC-DB|Q09LY6|3.A.1.1.9	32.7	294	190	5	11	300	7	296	1.8e-37	152.9
BCW-200174_02198	gnl|TC-DB|Q9KWT6|3.A.1.1.10	30.6	448	270	17	87	513	85	512	1.9e-34	143.7
BCW-200174_02204	gnl|TC-DB|Q42524|4.C.1.1.7	29.9	368	224	10	116	450	188	554	2.9e-36	149.4
BCW-200174_02237	gnl|TC-DB|I6TRN5|2.A.122.1.4	60.0	230	92	0	1	230	1	230	3.2e-71	264.6
BCW-200174_02238	gnl|TC-DB|I6T8M5|1.E.14.1.15	50.0	118	59	0	1	118	1	118	3.1e-26	114.4
BCW-200174_02271	gnl|TC-DB|A2RM05|2.A.88.9.1	89.3	169	18	0	1	169	1	169	3.1e-79	290.8
BCW-200174_02283	gnl|TC-DB|C7TAQ3|9.B.141.1.3	31.7	347	225	4	9	354	6	341	2.2e-37	152.9
BCW-200174_02284	gnl|TC-DB|H3P2R4|9.B.141.1.2	32.5	231	156	0	21	251	21	251	4.7e-31	131.3
BCW-200174_02285	gnl|TC-DB|F2HN33|2.A.3.1.22	45.4	447	235	4	1	438	1	447	6.4e-100	360.9
BCW-200174_02288	gnl|TC-DB|P10121|3.A.5.1.1	44.5	299	163	2	162	460	198	493	9.3e-70	260.8
BCW-200174_02293	gnl|TC-DB|P46317|4.A.3.2.2	30.0	467	285	6	1	462	4	433	4.7e-53	205.3
BCW-200174_02294	gnl|TC-DB|Q86Z14|8.A.49.1.2	28.1	470	284	15	3	454	79	512	6.2e-42	168.3
BCW-200174_02303	gnl|TC-DB|P32113|3.A.3.5.1	46.2	741	355	8	2	717	6	727	1.8e-160	562.8
BCW-200174_02305	gnl|TC-DB|A4VYG6|9.B.144.1.5	41.2	880	483	11	10	880	3	857	8.3e-176	614.0
BCW-200174_02315	gnl|TC-DB|Q4QLL1|4.B.1.1.2	27.9	204	135	3	1	193	1	203	2.3e-16	82.4
