BCW-201870_00010	gnl|TC-DB|E6YFT5|2.A.121.4.3	46.1	232	123	2	1	231	1	231	3.9e-51	198.0
BCW-201870_00022	gnl|TC-DB|Q44360|3.A.7.1.1	71.5	632	180	0	1	632	3	634	1.5e-262	901.7
BCW-201870_00025	gnl|TC-DB|Q52001|3.A.7.14.1	24.9	417	261	14	8	390	1	399	1.7e-21	101.7
BCW-201870_00034	gnl|TC-DB|E3HE19|3.A.7.4.2	40.6	217	118	2	212	425	151	359	4.4e-45	178.7
BCW-201870_00036	gnl|TC-DB|P71182|3.A.7.4.1	40.9	259	137	4	26	268	46	304	1.5e-51	199.5
BCW-201870_00041	gnl|TC-DB|P71180|3.A.7.4.1	49.8	816	394	6	4	808	33	843	2.1e-229	792.0
BCW-201870_00042	gnl|TC-DB|P71179|3.A.7.4.1	50.6	85	42	0	13	97	8	92	4.1e-15	77.0
BCW-201870_00043	gnl|TC-DB|P71178|3.A.7.4.1	46.9	96	51	0	11	106	22	117	2.1e-16	81.6
BCW-201870_00044	gnl|TC-DB|Q56469|3.A.7.4.1	47.4	302	157	1	9	308	14	315	1.7e-73	272.7
BCW-201870_00065	gnl|TC-DB|Q8TZQ3|3.A.1.1.16	50.4	363	156	6	1	339	1	363	1.5e-93	339.3
BCW-201870_00066	gnl|TC-DB|O30833|3.A.1.1.5	35.3	266	167	4	17	279	13	276	1.5e-33	139.8
BCW-201870_00067	gnl|TC-DB|Q9WYB4|3.A.1.1.37	36.0	283	168	6	33	307	3	280	7.3e-42	167.5
BCW-201870_00076	gnl|TC-DB|M3JA40|1.B.52.2.1	34.4	180	102	3	660	824	280	458	3.1e-15	80.5
BCW-201870_00108	gnl|TC-DB|Q9FI56|3.A.9.1.2	46.8	866	376	12	4	848	96	897	1.1e-209	726.5
BCW-201870_00112	gnl|TC-DB|H1XXY9|8.A.7.1.5	31.2	557	366	8	177	723	9	558	9.8e-77	284.6
BCW-201870_00114	gnl|TC-DB|P38919|3.A.18.1.1	33.2	346	218	4	3	344	41	377	3.6e-53	206.1
BCW-201870_00128	gnl|TC-DB|Q8KZQ6|3.A.1.17.2	57.9	228	85	2	44	265	24	246	4.2e-70	261.2
BCW-201870_00129	gnl|TC-DB|O85765|3.A.1.17.2	62.6	243	91	0	15	257	16	258	1.7e-81	298.9
BCW-201870_00130	gnl|TC-DB|O85763|3.A.1.17.2	43.2	308	173	2	6	313	7	312	1.8e-64	242.7
BCW-201870_00146	gnl|TC-DB|Q4WGH5|9.B.20.1.3	36.4	118	72	2	30	146	25	140	1.7e-15	79.0
BCW-201870_00154	gnl|TC-DB|Q92TN2|3.A.1.4.7	31.8	330	210	8	13	330	4	330	1.4e-27	120.2
BCW-201870_00155	gnl|TC-DB|Q92TN1|3.A.1.4.7	31.1	293	194	1	1	293	1	285	1.1e-34	143.7
BCW-201870_00156	gnl|TC-DB|Q92TN4|3.A.1.4.7	42.9	233	131	2	2	233	3	234	4.0e-45	177.9
BCW-201870_00157	gnl|TC-DB|Q55164|3.A.1.4.2	39.6	250	141	4	16	257	18	265	1.8e-41	166.0
BCW-201870_00164	gnl|TC-DB|W0WLZ8|3.A.1.5.39	56.5	269	117	0	1	269	1	269	2.0e-83	305.4
BCW-201870_00165	gnl|TC-DB|W0WJ90|3.A.1.5.39	58.9	270	109	2	1	269	1	269	5.2e-84	307.4
BCW-201870_00166	gnl|TC-DB|W0WMS8|3.A.1.5.39	66.4	283	95	0	22	304	20	302	2.5e-100	361.7
BCW-201870_00167	gnl|TC-DB|W0WN20|3.A.1.5.39	62.4	335	126	0	1	335	1	335	5.6e-117	417.2
BCW-201870_00168	gnl|TC-DB|W0WLZ1|3.A.1.5.39	52.1	534	247	7	6	534	8	537	3.0e-157	551.6
BCW-201870_00184	gnl|TC-DB|F9VN10|3.D.10.1.4	34.8	534	277	19	13	488	9	529	9.0e-53	204.5
BCW-201870_00190	gnl|TC-DB|P0ABK2|3.D.4.3.2	49.7	380	190	1	6	385	1	379	5.7e-105	377.5
BCW-201870_00191	gnl|TC-DB|P0ABJ9|3.D.4.3.2	58.5	504	205	1	3	506	2	501	3.1e-170	594.7
BCW-201870_00192	gnl|TC-DB|P23886|3.A.1.129.1	34.0	567	328	16	8	545	4	553	9.0e-51	198.0
BCW-201870_00193	gnl|TC-DB|P29018|3.A.1.129.1	32.2	518	343	5	64	577	29	542	6.0e-61	231.9
BCW-201870_00225	gnl|TC-DB|Q5EAK4|2.A.16.2.2	25.4	417	246	14	34	416	1389	1774	8.8e-20	95.1
BCW-201870_00227	gnl|TC-DB|Q9F9B2|3.A.1.2.7	85.8	339	48	0	2	340	3	341	3.9e-166	580.5
BCW-201870_00228	gnl|TC-DB|Q9F9B1|3.A.1.2.7	83.3	359	60	0	1	359	1	359	7.0e-166	579.7
BCW-201870_00229	gnl|TC-DB|Q9F9B0|3.A.1.2.7	91.2	260	23	0	1	260	1	260	6.9e-131	463.0
BCW-201870_00242	gnl|TC-DB|Q98L58|2.A.69.3.6	37.2	309	192	1	1	309	1	307	1.8e-56	216.1
BCW-201870_00252	gnl|TC-DB|Q9X4X4|2.A.1.30.1	32.7	498	328	2	6	499	21	515	5.2e-72	268.5
BCW-201870_00254	gnl|TC-DB|I3XAB3|2.A.109.1.5	67.1	207	63	2	1	207	1	202	3.1e-65	244.6
BCW-201870_00277	gnl|TC-DB|Q6LXR9|2.A.7.34.4	61.0	105	41	0	12	116	6	110	2.5e-32	134.4
BCW-201870_00287	gnl|TC-DB|P76330|9.B.34.1.4	38.5	182	103	3	396	571	383	561	1.0e-25	114.8
BCW-201870_00289	gnl|TC-DB|Q8TZQ3|3.A.1.1.16	49.0	251	126	1	16	264	14	264	4.0e-62	235.0
BCW-201870_00290	gnl|TC-DB|M4VB92|3.A.1.20.4	33.0	497	319	5	59	548	45	534	1.9e-48	190.3
BCW-201870_00311	gnl|TC-DB|P80874|8.A.5.1.4	38.2	204	109	6	12	201	9	209	1.2e-27	120.2
BCW-201870_00321	gnl|TC-DB|B2GH49|9.B.160.1.10	30.8	169	101	6	103	264	217	376	1.3e-11	67.8
BCW-201870_00333	gnl|TC-DB|Q9HW27|2.A.6.2.33	35.9	1020	620	15	13	1014	1	1004	7.3e-147	518.1
BCW-201870_00355	gnl|TC-DB|A4FP84|2.A.7.3.11	35.2	287	164	7	15	289	10	286	2.5e-31	132.5
BCW-201870_00360	gnl|TC-DB|Q9A6U9|1.B.33.1.4	38.8	255	152	1	8	262	11	261	7.2e-49	190.7
BCW-201870_00366	gnl|TC-DB|P37643|2.A.1.6.10	54.7	417	183	2	21	431	18	434	1.2e-124	443.0
BCW-201870_00367	gnl|TC-DB|D4ZZR3|9.B.34.1.3	32.8	244	146	8	33	258	152	395	8.8e-20	94.0
BCW-201870_00371	gnl|TC-DB|P0ABG4|2.A.103.1.1	29.0	365	245	5	18	370	45	407	3.2e-39	159.1
BCW-201870_00373	gnl|TC-DB|P0A6W3|9.B.146.1.6	50.4	367	174	4	1	366	1	360	3.6e-93	338.2
BCW-201870_00396	gnl|TC-DB|P43672|3.A.1.120.6	35.5	524	325	5	9	523	6	525	4.3e-90	328.6
BCW-201870_00405	gnl|TC-DB|P76628|2.A.1.36.3	31.7	378	254	1	16	393	8	381	1.9e-39	159.8
BCW-201870_00415	gnl|TC-DB|Q92R60|1.B.70.1.11	50.9	385	134	8	1	370	1	345	4.1e-100	361.3
BCW-201870_00433	gnl|TC-DB|Q7VSX9|3.A.7.3.1	32.7	805	500	14	1	775	20	812	3.6e-114	409.1
BCW-201870_00440	gnl|TC-DB|P05357|3.A.7.1.1	29.0	155	106	3	82	234	76	228	1.5e-12	69.7
BCW-201870_00442	gnl|TC-DB|Q91UR6|3.A.7.3.1	34.8	253	152	3	143	395	138	377	1.9e-34	143.3
BCW-201870_00443	gnl|TC-DB|Q9RLR3|3.A.7.5.1	36.4	327	195	6	19	338	13	333	6.9e-54	207.6
BCW-201870_00467	gnl|TC-DB|O30831|3.A.1.1.5	57.5	424	178	2	15	437	14	436	4.1e-144	507.7
BCW-201870_00474	gnl|TC-DB|P37676|2.A.56.1.2	36.8	299	182	4	4	300	5	298	3.4e-50	195.3
BCW-201870_00476	gnl|TC-DB|B9TSM9|2.A.56.1.6	34.5	412	270	0	6	417	5	416	4.6e-63	238.4
BCW-201870_00478	gnl|TC-DB|P52067|2.A.1.35.1	54.7	393	176	1	4	396	10	400	7.2e-119	423.7
BCW-201870_00481	gnl|TC-DB|Q9WZR7|3.A.1.1.40	21.8	418	290	15	12	411	10	408	2.3e-14	76.6
BCW-201870_00482	gnl|TC-DB|P29823|3.A.1.1.4	39.7	282	165	4	9	286	18	298	3.2e-52	201.8
BCW-201870_00483	gnl|TC-DB|P29824|3.A.1.1.4	32.7	266	175	3	13	278	12	273	3.2e-33	138.7
BCW-201870_00484	gnl|TC-DB|Q01937|3.A.1.1.4	65.6	363	123	2	1	361	1	363	1.0e-132	469.5
BCW-201870_00485	gnl|TC-DB|P80874|8.A.5.1.4	27.6	268	161	8	395	647	39	288	7.5e-12	68.9
BCW-201870_00495	gnl|TC-DB|P43020|2.A.56.1.5	35.6	289	184	2	39	325	38	326	3.6e-52	201.8
BCW-201870_00497	gnl|TC-DB|Q8ZKS0|2.A.56.1.5	41.5	424	240	4	6	424	11	431	7.5e-82	300.8
BCW-201870_00499	gnl|TC-DB|Q93KC0|3.A.1.1.11	62.2	291	110	0	1	291	1	291	2.9e-101	364.8
BCW-201870_00500	gnl|TC-DB|Q93KB9|3.A.1.1.11	56.0	284	125	0	11	294	17	300	9.4e-92	333.2
BCW-201870_00501	gnl|TC-DB|Q93KB8|3.A.1.1.11	53.6	375	165	4	1	366	1	375	6.3e-109	390.6
BCW-201870_00502	gnl|TC-DB|Q93KB7|3.A.1.1.11	40.3	392	227	3	24	408	23	414	9.4e-77	283.9
BCW-201870_00509	gnl|TC-DB|Q84BQ3|3.A.1.122.12	45.5	358	182	2	30	387	10	354	4.8e-54	208.4
BCW-201870_00510	gnl|TC-DB|A0ZUB1|3.A.1.122.12	50.8	650	319	1	1	650	1	649	2.2e-173	605.5
BCW-201870_00511	gnl|TC-DB|Q6UKY4|3.D.1.6.4	43.2	74	42	0	3	76	51	124	4.8e-11	63.2
BCW-201870_00525	gnl|TC-DB|Q93KB7|3.A.1.1.11	26.8	355	249	7	10	357	4	354	3.0e-30	129.4
BCW-201870_00526	gnl|TC-DB|Q93KC0|3.A.1.1.11	49.3	280	139	2	36	315	11	287	2.5e-74	275.4
BCW-201870_00527	gnl|TC-DB|Q93KB9|3.A.1.1.11	37.2	288	180	1	4	290	12	299	9.1e-63	236.9
BCW-201870_00528	gnl|TC-DB|O30494|3.A.1.1.49	54.4	355	160	2	3	355	2	356	8.2e-106	380.2
BCW-201870_00536	gnl|TC-DB|Q01937|3.A.1.1.4	55.3	360	156	4	3	357	4	363	9.0e-105	376.7
BCW-201870_00537	gnl|TC-DB|Q93J94|3.A.1.1.36	27.3	440	291	7	2	424	12	439	2.3e-43	172.9
BCW-201870_00538	gnl|TC-DB|Q93J93|3.A.1.1.36	40.4	277	161	3	15	289	39	313	1.3e-45	179.9
BCW-201870_00539	gnl|TC-DB|Q93J92|3.A.1.1.36	39.8	249	149	1	20	267	43	291	4.4e-51	198.0
BCW-201870_00541	gnl|TC-DB|Q9KWT9|3.A.1.1.10	52.5	354	161	3	1	347	2	355	4.5e-99	357.8
BCW-201870_00542	gnl|TC-DB|P10906|3.A.1.1.3	43.3	300	145	2	1	294	1	281	8.0e-67	250.4
BCW-201870_00543	gnl|TC-DB|P10905|3.A.1.1.3	38.2	293	179	1	4	296	5	295	1.2e-51	199.9
BCW-201870_00551	gnl|TC-DB|P69874|3.A.1.11.1	43.6	319	176	3	2	316	13	331	1.0e-63	240.4
BCW-201870_00553	gnl|TC-DB|P0AFK4|3.A.1.11.1	31.6	228	153	3	39	266	9	233	8.4e-19	90.9
BCW-201870_00564	gnl|TC-DB|P75892|2.A.40.1.3	59.8	428	160	2	8	431	6	425	1.9e-136	482.3
BCW-201870_00573	gnl|TC-DB|P07658|3.D.1.9.2	27.4	394	244	8	112	491	61	426	1.4e-41	167.9
BCW-201870_00584	gnl|TC-DB|P9WG63|5.A.1.2.9	32.5	621	339	19	1	581	115	695	3.9e-65	245.7
BCW-201870_00594	gnl|TC-DB|P33699|2.A.66.2.2	69.1	488	151	0	1	488	1	488	1.5e-182	635.6
BCW-201870_00602	gnl|TC-DB|P33698|8.A.3.1.1	54.8	759	338	4	15	771	20	775	5.0e-225	777.3
BCW-201870_00604	gnl|TC-DB|Q9HV74|2.A.21.9.1	32.3	279	161	8	429	698	716	975	2.8e-23	107.5
BCW-201870_00606	gnl|TC-DB|Q9KKE2|3.A.1.12.6	46.8	267	142	0	17	283	9	275	5.4e-63	237.7
BCW-201870_00607	gnl|TC-DB|Q9RQ06|3.A.1.12.5	49.5	325	159	2	6	330	5	324	1.1e-81	300.1
BCW-201870_00618	gnl|TC-DB|B8H229|3.A.1.2.21	34.1	498	289	12	20	485	13	503	3.2e-60	229.2
BCW-201870_00625	gnl|TC-DB|P07821|3.A.1.14.3	60.6	251	99	0	16	266	12	262	3.2e-86	314.7
BCW-201870_00626	gnl|TC-DB|P06972|3.A.1.14.3	40.5	644	374	4	12	650	15	654	4.3e-121	431.8
BCW-201870_00628	gnl|TC-DB|Q82VI7|1.B.14.1.10	40.1	715	391	17	34	720	119	824	5.8e-135	478.0
BCW-201870_00633	gnl|TC-DB|Q9HV74|2.A.21.9.1	26.6	222	141	6	233	441	762	974	4.2e-11	65.9
BCW-201870_00634	gnl|TC-DB|P0AEX3|2.A.1.6.2	54.7	419	185	2	3	421	6	419	3.1e-123	438.3
BCW-201870_00639	gnl|TC-DB|Q9ZE70|2.A.7.3.7	26.1	276	201	2	7	282	11	283	3.8e-24	108.6
BCW-201870_00654	gnl|TC-DB|Q1D6U5|1.B.17.2.4	30.9	459	302	6	11	469	2	445	3.0e-42	169.5
BCW-201870_00662	gnl|TC-DB|Q54806|2.A.1.3.5	27.6	475	324	7	15	486	21	478	7.1e-39	158.3
BCW-201870_00670	gnl|TC-DB|Q9X4X4|2.A.1.30.1	34.6	503	327	1	8	508	20	522	1.4e-69	260.4
BCW-201870_00679	gnl|TC-DB|P0ADL1|2.A.1.2.26	43.0	370	211	0	13	382	16	385	5.5e-71	264.6
BCW-201870_00689	gnl|TC-DB|Q9L223|2.A.1.70.1	26.4	401	278	8	2	393	8	400	1.7e-11	67.0
BCW-201870_00707	gnl|TC-DB|P45403|9.B.14.1.2	63.0	656	239	1	1	656	1	652	2.0e-230	795.0
BCW-201870_00714	gnl|TC-DB|B3E680|9.B.99.1.6	32.1	252	150	6	91	324	34	282	4.0e-27	118.6
BCW-201870_00719	gnl|TC-DB|O25832|2.A.7.28.9	24.7	295	190	7	11	289	8	286	3.9e-11	65.5
BCW-201870_00723	gnl|TC-DB|D4ZZR3|9.B.34.1.3	34.1	173	109	4	148	315	220	392	2.3e-19	92.8
BCW-201870_00732	gnl|TC-DB|Q5SMG8|1.A.26.1.2	40.7	349	196	3	105	453	110	447	6.6e-60	228.0
BCW-201870_00733	gnl|TC-DB|P77389|2.A.1.2.65	37.9	364	223	2	48	410	19	380	1.5e-63	240.0
BCW-201870_00753	gnl|TC-DB|Q92R60|1.B.70.1.11	51.4	370	139	7	1	354	1	345	2.3e-100	362.1
BCW-201870_00754	gnl|TC-DB|Q92R60|1.B.70.1.11	53.8	364	133	8	1	348	1	345	4.8e-103	370.9
BCW-201870_00771	gnl|TC-DB|Q9I458|2.A.1.11.2	45.2	392	211	1	13	404	8	395	2.7e-89	325.5
BCW-201870_00775	gnl|TC-DB|F7X0P7|9.B.110.2.1	57.7	806	327	9	114	911	156	955	2.6e-241	831.6
BCW-201870_00778	gnl|TC-DB|Q47538|3.A.1.17.1	40.3	231	124	3	4	232	1	219	3.4e-45	178.3
BCW-201870_00779	gnl|TC-DB|A7NLS3|3.A.1.17.7	31.6	237	160	1	30	264	37	273	5.7e-27	117.9
BCW-201870_00780	gnl|TC-DB|O05703|3.A.1.15.3	50.3	179	87	2	52	228	323	501	1.5e-49	192.6
BCW-201870_00781	gnl|TC-DB|P0C0S1|1.A.23.2.1	37.9	256	158	1	7	262	8	262	2.3e-23	105.9
BCW-201870_00791	gnl|TC-DB|D4ZZR3|9.B.34.1.3	36.5	222	123	9	204	413	178	393	2.8e-20	96.3
BCW-201870_00795	gnl|TC-DB|Q9ZDW0|3.A.1.210.3	50.3	590	284	2	12	601	13	593	1.0e-164	576.6
BCW-201870_00798	gnl|TC-DB|O68827|2.A.7.7.1	30.7	293	194	4	58	345	4	292	2.2e-31	132.9
BCW-201870_00809	gnl|TC-DB|P08550|9.B.160.1.16	32.6	132	82	2	7	135	5	132	3.7e-12	68.2
BCW-201870_00815	gnl|TC-DB|O50481|2.A.78.2.2	31.5	216	145	3	11	225	22	235	3.8e-11	65.1
BCW-201870_00819	gnl|TC-DB|Q9KIH3|2.A.1.3.18	25.7	525	368	10	42	557	3	514	2.7e-26	116.7
BCW-201870_00820	gnl|TC-DB|Q9RQ30|8.A.1.1.2	37.1	313	174	8	42	346	61	358	2.4e-25	112.8
BCW-201870_00828	gnl|TC-DB|P0A9T4|8.A.5.1.5	46.7	349	172	4	1	343	1	341	5.9e-85	310.8
BCW-201870_00831	gnl|TC-DB|Q6UKY4|3.D.1.6.4	57.1	70	30	0	4	73	52	121	2.1e-14	74.3
BCW-201870_00842	gnl|TC-DB|Q215S1|1.B.42.1.4	38.8	775	425	7	40	777	69	831	5.4e-134	474.9
BCW-201870_00847	gnl|TC-DB|Q1J0W6|9.B.34.1.1	36.4	165	98	3	204	368	190	347	4.2e-20	95.5
BCW-201870_00851	gnl|TC-DB|Q83XH1|3.A.1.121.4	30.3	512	345	6	1	502	1	510	1.9e-65	246.9
BCW-201870_00860	gnl|TC-DB|Q6ADZ6|4.F.1.1.7	34.6	185	100	6	6	183	4	174	4.6e-18	87.8
BCW-201870_00866	gnl|TC-DB|D1F3T8|2.A.1.3.42	28.9	304	208	4	2	301	25	324	3.2e-29	125.6
BCW-201870_00868	gnl|TC-DB|P18775|5.A.3.3.2	25.3	802	468	27	30	733	45	813	3.2e-48	189.9
BCW-201870_00875	gnl|TC-DB|C9VRY8|2.A.86.1.5	62.4	370	139	0	6	375	38	407	3.2e-124	441.4
BCW-201870_00876	gnl|TC-DB|C9VRY8|2.A.86.1.5	54.0	224	97	2	16	233	434	657	2.7e-60	228.4
BCW-201870_00886	gnl|TC-DB|O34929|2.A.1.26.2	23.6	351	247	8	34	371	33	375	5.6e-13	72.0
BCW-201870_00889	gnl|TC-DB|O07488|2.A.53.3.1	63.7	479	172	1	8	486	7	483	6.1e-160	560.5
BCW-201870_00906	gnl|TC-DB|D5AKT2|2.A.1.81.1	41.7	405	221	5	2	400	4	399	5.5e-66	248.1
BCW-201870_00907	gnl|TC-DB|O68460|3.A.10.2.1	58.2	706	284	4	7	712	8	702	8.7e-192	666.8
BCW-201870_00908	gnl|TC-DB|Q9A8I8|1.B.33.1.4	32.9	155	96	5	20	172	7	155	7.3e-15	77.0
BCW-201870_00918	gnl|TC-DB|Q8ZRG7|3.A.3.5.20	67.9	751	237	2	76	825	10	757	4.3e-275	943.7
BCW-201870_00919	gnl|TC-DB|Q7WTJ2|5.B.1.3.2	32.3	334	217	6	8	334	5	336	2.2e-44	176.0
BCW-201870_00921	gnl|TC-DB|P75798|3.A.1.5.11	37.0	305	187	1	5	309	5	304	1.3e-46	183.3
BCW-201870_00922	gnl|TC-DB|P42063|3.A.1.5.20	42.5	252	143	1	42	291	42	293	3.1e-50	195.3
BCW-201870_00923	gnl|TC-DB|Q9X271|3.A.1.5.15	44.3	318	172	1	20	337	4	316	1.6e-69	259.6
BCW-201870_00924	gnl|TC-DB|O86575|3.A.1.5.34	47.1	312	158	3	26	330	45	356	1.4e-78	289.7
BCW-201870_00925	gnl|TC-DB|P75797|3.A.1.5.11	26.4	493	332	13	4	479	18	496	1.1e-28	124.4
BCW-201870_00927	gnl|TC-DB|Q6T3V6|2.A.38.1.2	41.8	479	272	7	9	484	17	491	7.2e-89	324.3
BCW-201870_00930	gnl|TC-DB|D4ZZR3|9.B.34.1.3	34.2	184	110	2	240	412	210	393	6.6e-22	101.7
BCW-201870_00957	gnl|TC-DB|A8GDS7|3.A.1.14.16	34.4	279	179	2	73	348	54	331	3.8e-39	158.7
BCW-201870_00958	gnl|TC-DB|P15031|3.A.1.14.1	37.4	246	138	5	5	244	6	241	4.0e-36	148.3
BCW-201870_00969	gnl|TC-DB|G0CIY2|9.B.18.1.1	33.7	472	281	9	61	517	30	484	2.7e-65	246.1
BCW-201870_00981	gnl|TC-DB|L0LHM3|2.A.7.31.3	69.4	278	85	0	1	278	1	278	8.9e-100	359.8
BCW-201870_00987	gnl|TC-DB|P76330|9.B.34.1.4	33.7	196	122	3	193	380	369	564	1.9e-21	100.1
BCW-201870_00997	gnl|TC-DB|P29919|3.D.1.2.1	64.5	121	43	0	1	121	1	121	3.8e-39	157.1
BCW-201870_00998	gnl|TC-DB|P29918|3.D.1.2.1	81.3	155	28	1	31	185	12	165	4.9e-73	270.4
BCW-201870_00999	gnl|TC-DB|P29917|3.D.1.2.1	62.0	205	72	2	1	200	1	204	8.4e-68	253.1
BCW-201870_01001	gnl|TC-DB|P29916|3.D.1.2.1	70.7	396	110	2	3	396	21	412	1.4e-175	612.1
BCW-201870_01003	gnl|TC-DB|P29914|3.D.1.2.1	54.0	200	88	2	3	202	2	197	1.8e-55	213.0
BCW-201870_01004	gnl|TC-DB|P29913|3.D.1.2.1	77.0	417	95	1	1	416	1	417	2.3e-203	704.5
BCW-201870_01005	gnl|TC-DB|P29915|3.D.1.2.1	56.3	684	273	12	1	684	4	661	2.4e-215	745.0
BCW-201870_01006	gnl|TC-DB|P29920|3.D.1.2.1	58.1	346	125	3	1	342	1	330	6.7e-105	377.1
BCW-201870_01007	gnl|TC-DB|P29921|3.D.1.2.1	74.2	159	40	1	5	163	6	163	5.1e-47	183.7
BCW-201870_01008	gnl|TC-DB|P29922|3.D.1.2.1	56.9	197	83	1	8	204	6	200	1.7e-47	185.7
BCW-201870_01009	gnl|TC-DB|P29923|3.D.1.2.1	80.0	100	20	0	3	102	2	101	1.6e-35	144.8
BCW-201870_01010	gnl|TC-DB|P29924|3.D.1.2.1	56.9	722	228	9	4	664	3	702	3.1e-215	744.6
BCW-201870_01011	gnl|TC-DB|P29925|3.D.1.2.1	63.4	503	169	4	6	495	4	504	3.7e-173	604.4
BCW-201870_01012	gnl|TC-DB|P29926|3.D.1.2.1	50.6	472	219	6	15	478	11	476	2.2e-114	409.1
BCW-201870_01017	gnl|TC-DB|P75958|3.A.1.125.1	30.0	410	276	6	28	432	8	411	4.8e-44	175.3
BCW-201870_01018	gnl|TC-DB|P75957|3.A.1.125.1	47.1	221	117	0	4	224	3	223	2.1e-54	208.8
BCW-201870_01024	gnl|TC-DB|D4ZZR3|9.B.34.1.3	42.9	163	93	0	289	451	231	393	7.1e-30	128.3
BCW-201870_01026	gnl|TC-DB|O34929|2.A.1.26.2	25.5	341	238	3	24	354	13	347	1.1e-26	117.5
BCW-201870_01033	gnl|TC-DB|Q45064|9.B.31.1.2	38.1	189	117	0	13	201	2	190	4.8e-26	114.4
BCW-201870_01091	gnl|TC-DB|Q9HV74|2.A.21.9.1	35.5	276	139	9	443	703	725	976	2.9e-32	137.1
BCW-201870_01093	gnl|TC-DB|Q9SXJ7|3.A.9.1.2	38.0	832	407	13	4	752	115	920	1.8e-148	523.1
BCW-201870_01117	gnl|TC-DB|Q8RCC4|3.A.1.3.27	27.2	261	180	5	2	254	1	259	9.4e-19	90.5
BCW-201870_01118	gnl|TC-DB|A1VZQ3|3.A.1.3.16	29.3	191	135	0	11	201	38	228	2.1e-19	92.4
BCW-201870_01119	gnl|TC-DB|P0AFT2|3.A.1.3.10	38.1	210	130	0	8	217	10	219	3.4e-30	128.3
BCW-201870_01120	gnl|TC-DB|Q9I488|3.A.1.3.21	57.6	236	100	0	3	238	1	236	3.5e-68	254.6
BCW-201870_01125	gnl|TC-DB|P37675|2.A.56.1.2	31.7	417	282	2	4	418	3	418	2.4e-56	216.1
BCW-201870_01127	gnl|TC-DB|R4JTF7|2.A.56.1.9	32.9	301	200	2	36	334	34	334	1.3e-41	166.8
BCW-201870_01148	gnl|TC-DB|O30833|3.A.1.1.5	72.1	276	75	2	1	274	1	276	1.1e-107	386.0
BCW-201870_01149	gnl|TC-DB|O30832|3.A.1.1.5	74.7	99	25	0	1	99	191	289	1.7e-37	151.4
BCW-201870_01156	gnl|TC-DB|O30831|3.A.1.1.5	69.4	431	130	2	7	437	8	436	3.0e-179	624.4
BCW-201870_01158	gnl|TC-DB|P75796|3.A.1.5.11	58.2	581	234	4	18	591	12	590	2.0e-184	642.1
BCW-201870_01160	gnl|TC-DB|P06202|3.A.1.5.1	24.6	520	311	17	40	536	49	510	8.9e-22	101.7
BCW-201870_01161	gnl|TC-DB|P42062|3.A.1.5.20	36.3	339	189	6	1	335	1	316	4.9e-52	201.4
BCW-201870_01162	gnl|TC-DB|P42063|3.A.1.5.20	35.4	285	170	3	24	305	30	303	2.3e-48	189.1
BCW-201870_01166	gnl|TC-DB|P75799|3.A.1.5.11	33.5	269	178	1	3	270	32	300	9.2e-33	137.1
BCW-201870_01167	gnl|TC-DB|P75798|3.A.1.5.11	41.0	312	176	1	1	312	1	304	2.9e-54	208.8
BCW-201870_01168	gnl|TC-DB|P33950|3.A.1.5.27	28.3	399	247	8	34	398	32	425	7.0e-34	141.7
BCW-201870_01170	gnl|TC-DB|Q8CJS2|3.A.1.5.36	42.8	229	125	3	19	242	53	280	1.6e-47	186.0
BCW-201870_01171	gnl|TC-DB|P45095|3.A.1.5.27	48.3	269	137	2	5	271	3	271	1.1e-62	236.5
BCW-201870_01172	gnl|TC-DB|W0WMS8|3.A.1.5.39	46.0	276	143	2	36	306	24	298	1.8e-61	232.6
BCW-201870_01173	gnl|TC-DB|P77308|3.A.1.5.38	43.0	321	182	1	31	351	14	333	8.4e-71	263.8
BCW-201870_01174	gnl|TC-DB|P75797|3.A.1.5.11	24.3	538	367	13	10	541	3	506	8.5e-30	128.3
BCW-201870_01182	gnl|TC-DB|P69874|3.A.1.11.1	54.9	237	107	0	7	243	18	254	5.4e-67	251.1
BCW-201870_01184	gnl|TC-DB|Q1M7Q3|3.A.1.11.6	31.0	255	173	2	5	258	19	271	1.3e-26	116.7
BCW-201870_01189	gnl|TC-DB|A5F661|1.B.14.8.3	29.3	697	447	15	17	697	21	687	2.9e-75	279.6
BCW-201870_01192	gnl|TC-DB|Q8GRB0|3.A.1.14.8	39.5	253	150	2	1	251	1	252	6.1e-50	194.1
BCW-201870_01193	gnl|TC-DB|Q8GRB2|3.A.1.14.8	36.8	277	172	2	51	326	68	342	2.4e-38	156.0
BCW-201870_01194	gnl|TC-DB|P15029|3.A.1.14.1	32.4	278	185	2	71	348	40	314	7.8e-32	134.4
BCW-201870_01200	gnl|TC-DB|P31552|4.C.1.1.6	24.9	498	329	14	926	1395	37	517	1.7e-19	95.5
BCW-201870_01207	gnl|TC-DB|D5CMP8|5.B.5.1.2	55.9	179	78	1	14	192	12	189	1.6e-57	219.2
BCW-201870_01209	gnl|TC-DB|P18775|5.A.3.3.2	21.6	880	568	33	1	833	10	814	5.0e-21	99.8
BCW-201870_01214	gnl|TC-DB|Q8NR42|3.A.1.17.12	42.6	190	105	3	19	208	23	208	8.1e-36	147.1
BCW-201870_01228	gnl|TC-DB|Q51662|3.D.4.10.1	66.0	150	51	0	1	150	1	150	2.9e-57	217.6
BCW-201870_01229	gnl|TC-DB|Q51663|3.D.4.10.1	63.9	443	152	1	1	435	1	443	1.4e-166	582.4
BCW-201870_01234	gnl|TC-DB|B2U729|9.B.8.7.1	34.4	413	236	11	7	405	7	398	4.1e-45	178.7
BCW-201870_01245	gnl|TC-DB|A8H4W6|3.A.1.2.15	31.2	295	188	4	37	321	56	345	2.3e-27	119.4
BCW-201870_01246	gnl|TC-DB|P77315|3.A.1.2.27	35.5	301	188	3	16	314	30	326	1.7e-19	93.2
BCW-201870_01247	gnl|TC-DB|P04983|3.A.1.2.1	36.7	498	306	4	1	494	1	493	1.7e-85	313.2
BCW-201870_01254	gnl|TC-DB|Q7AKP1|3.A.1.1.44	29.1	398	250	14	29	408	35	418	5.1e-35	145.2
BCW-201870_01255	gnl|TC-DB|Q93J93|3.A.1.1.36	32.1	280	186	3	19	297	39	315	2.4e-34	142.5
BCW-201870_01256	gnl|TC-DB|P77716|3.A.1.1.46	26.7	262	183	4	19	275	22	279	3.0e-23	105.5
BCW-201870_01257	gnl|TC-DB|Q01937|3.A.1.1.4	50.7	355	169	4	4	352	3	357	8.8e-92	333.6
BCW-201870_01270	gnl|TC-DB|A8YQR5|3.A.23.2.1	29.6	510	342	8	14	519	7	503	1.1e-65	248.1
BCW-201870_01274	gnl|TC-DB|Q6EE14|3.A.23.2.1	45.2	856	455	4	5	846	4	859	1.7e-192	669.5
BCW-201870_01276	gnl|TC-DB|Q6EE21|3.A.23.2.1	46.2	158	85	0	3	160	5	162	2.8e-32	134.8
BCW-201870_01277	gnl|TC-DB|Q6EE20|3.A.23.2.1	53.6	494	221	3	1	490	1	490	3.4e-155	544.7
BCW-201870_01281	gnl|TC-DB|Q6EE16|3.A.23.2.1	37.3	612	345	15	6	587	5	607	1.3e-95	347.1
BCW-201870_01284	gnl|TC-DB|Q9KN51|3.A.23.1.1	38.5	434	263	3	1	433	13	443	6.0e-87	317.8
BCW-201870_01285	gnl|TC-DB|Q9KN50|3.A.23.1.1	29.9	224	150	4	65	284	29	249	2.5e-20	96.7
BCW-201870_01286	gnl|TC-DB|Q9KN45|3.A.23.1.1	24.6	1173	791	27	32	1145	29	1166	5.9e-81	299.3
BCW-201870_01289	gnl|TC-DB|P22236|1.B.18.2.4	32.5	379	230	10	1	361	6	376	4.1e-39	158.7
BCW-201870_01294	gnl|TC-DB|A6VKS9|3.A.1.2.13	47.4	293	146	3	33	318	19	310	5.7e-66	247.7
BCW-201870_01295	gnl|TC-DB|G4FGN3|3.A.1.2.20	44.7	488	266	4	1	488	4	487	4.5e-110	394.8
BCW-201870_01304	gnl|TC-DB|P48632|1.B.14.1.6	22.7	836	533	33	32	806	32	815	8.7e-23	105.5
BCW-201870_01305	gnl|TC-DB|P07822|3.A.1.14.3	34.2	292	186	2	7	294	7	296	1.8e-42	169.5
BCW-201870_01306	gnl|TC-DB|P06972|3.A.1.14.3	44.3	653	362	2	2	652	3	655	1.9e-137	486.1
BCW-201870_01316	gnl|TC-DB|Q3J5F6|3.D.4.6.2	33.0	203	106	7	46	241	85	264	3.4e-15	78.6
BCW-201870_01318	gnl|TC-DB|P33517|3.D.4.6.2	39.8	558	280	9	26	549	14	549	1.3e-103	373.6
BCW-201870_01324	gnl|TC-DB|Q1M7Q2|3.A.1.11.6	38.5	226	139	0	10	235	15	240	5.9e-37	151.0
BCW-201870_01325	gnl|TC-DB|Q44382|3.A.1.11.3	32.2	258	168	3	27	283	31	282	1.7e-32	136.3
BCW-201870_01326	gnl|TC-DB|Q9KLQ5|3.A.1.20.2	48.2	284	142	1	5	283	6	289	2.6e-72	268.9
BCW-201870_01335	gnl|TC-DB|O54372|3.A.1.20.1	44.3	255	142	0	305	559	2	256	3.5e-55	212.6
BCW-201870_01336	gnl|TC-DB|O54370|3.A.1.20.1	48.3	290	145	2	3	287	4	293	2.0e-75	279.3
BCW-201870_01337	gnl|TC-DB|Q9Z4R9|3.A.1.20.1	32.5	332	210	8	7	329	6	332	2.1e-39	159.5
BCW-201870_01344	gnl|TC-DB|D5ATK0|2.A.56.3.4	54.4	171	78	0	1	171	1	171	1.0e-51	199.5
BCW-201870_01345	gnl|TC-DB|D5ATK1|2.A.56.3.4	59.3	536	150	3	1	470	3	536	6.8e-159	557.0
BCW-201870_01346	gnl|TC-DB|D5ALT6|2.A.56.3.4	56.6	364	156	1	7	370	3	364	7.6e-123	436.8
BCW-201870_01357	gnl|TC-DB|Q93KC0|3.A.1.1.11	35.0	257	157	6	92	347	23	270	3.3e-30	129.0
BCW-201870_01358	gnl|TC-DB|Q93J92|3.A.1.1.36	25.1	275	190	5	20	293	39	298	2.6e-25	112.5
BCW-201870_01364	gnl|TC-DB|O50454|3.A.1.1.31	53.0	387	155	7	1	360	1	387	2.1e-101	365.5
BCW-201870_01365	gnl|TC-DB|Q9KZ08|3.A.1.1.44	32.7	275	183	2	2	276	30	302	1.3e-39	159.8
BCW-201870_01366	gnl|TC-DB|O51924|3.A.1.1.7	38.7	287	159	6	20	300	17	292	2.0e-44	176.0
BCW-201870_01374	gnl|TC-DB|A5F661|1.B.14.8.3	24.1	696	451	20	118	792	48	687	4.5e-48	189.5
BCW-201870_01376	gnl|TC-DB|Q47085|3.A.1.14.4	40.0	310	184	2	34	341	25	334	6.6e-52	201.1
BCW-201870_01377	gnl|TC-DB|Q47086|3.A.1.14.4	37.4	321	198	2	5	323	30	349	2.7e-47	185.7
BCW-201870_01378	gnl|TC-DB|Q9RCF3|3.A.1.14.6	52.3	258	123	0	2	259	16	273	6.9e-78	287.0
BCW-201870_01416	gnl|TC-DB|P0A9R7|3.A.1.140.1	43.7	215	121	0	1	215	1	215	5.2e-47	184.1
BCW-201870_01436	gnl|TC-DB|Q57079|3.B.1.1.2	56.7	506	215	1	5	510	8	509	3.7e-168	587.8
BCW-201870_01446	gnl|TC-DB|P37387|3.A.1.2.4	42.9	326	179	4	7	330	7	327	1.2e-61	233.4
BCW-201870_01447	gnl|TC-DB|A6LW12|3.A.1.2.26	36.6	426	226	8	4	429	1	382	2.7e-55	212.6
BCW-201870_01448	gnl|TC-DB|O50504|3.A.1.2.24	43.9	237	132	1	6	242	4	239	1.1e-54	209.9
BCW-201870_01471	gnl|TC-DB|P33698|8.A.3.1.1	38.4	753	443	9	22	757	27	775	5.4e-123	438.3
BCW-201870_01477	gnl|TC-DB|P33699|2.A.66.2.2	25.1	358	266	2	13	369	12	368	1.0e-26	117.9
BCW-201870_01497	gnl|TC-DB|D4E385|1.E.2.1.11	50.0	128	59	1	6	133	116	238	4.6e-32	134.4
BCW-201870_01554	gnl|TC-DB|A9CFB8|2.A.7.3.8	88.9	297	33	0	1	297	1	297	2.9e-141	497.7
BCW-201870_01555	gnl|TC-DB|P10408|3.A.5.1.1	51.7	907	406	9	10	900	8	898	7.8e-254	873.2
BCW-201870_01571	gnl|TC-DB|P16700|3.A.1.6.1	53.5	318	138	4	14	324	18	332	2.9e-89	325.1
BCW-201870_01572	gnl|TC-DB|P16701|3.A.1.6.1	58.7	269	111	0	9	277	7	275	5.8e-83	303.9
BCW-201870_01573	gnl|TC-DB|P0AEB0|3.A.1.6.1	53.9	254	117	0	23	276	22	275	5.2e-74	274.2
BCW-201870_01574	gnl|TC-DB|P16676|3.A.1.6.1	53.7	281	127	2	1	278	1	281	2.3e-86	315.5
BCW-201870_01578	gnl|TC-DB|P0AAP1|9.B.34.1.2	29.7	165	115	1	221	384	205	369	1.2e-14	78.2
BCW-201870_01583	gnl|TC-DB|Q9F9B1|3.A.1.2.7	33.0	273	175	3	69	333	88	360	1.7e-28	123.2
BCW-201870_01584	gnl|TC-DB|Q7BSH3|3.A.1.2.9	75.7	333	81	0	1	333	1	333	8.6e-126	446.4
BCW-201870_01585	gnl|TC-DB|Q7BSH4|3.A.1.2.9	80.4	500	97	1	13	511	13	512	4.3e-225	776.9
BCW-201870_01586	gnl|TC-DB|Q7BSH5|3.A.1.2.9	86.9	329	43	0	8	336	3	331	6.4e-161	563.1
BCW-201870_01604	gnl|TC-DB|E7BBJ2|9.B.102.5.5	47.7	132	68	1	9	140	3	133	2.1e-28	121.7
BCW-201870_01605	gnl|TC-DB|E7BBJ1|9.B.102.5.2	51.2	129	60	2	7	133	13	140	4.9e-27	117.1
BCW-201870_01613	gnl|TC-DB|P77308|3.A.1.5.38	43.0	321	182	1	18	338	14	333	3.5e-74	275.0
BCW-201870_01614	gnl|TC-DB|W0WMS8|3.A.1.5.39	46.8	267	134	3	34	293	36	301	1.9e-60	229.2
BCW-201870_01615	gnl|TC-DB|P26905|3.A.1.5.2	46.8	278	139	6	1	271	1	276	1.1e-60	229.9
BCW-201870_01616	gnl|TC-DB|Q2FZR4|3.A.1.5.19	42.1	252	136	4	3	245	6	256	4.3e-53	204.5
BCW-201870_01617	gnl|TC-DB|P75797|3.A.1.5.11	25.4	489	328	13	8	487	8	468	2.3e-24	110.2
BCW-201870_01626	gnl|TC-DB|P42061|3.A.1.5.20	26.5	483	314	17	32	491	41	505	5.0e-35	145.6
BCW-201870_01628	gnl|TC-DB|Q0P844|3.A.1.5.28	28.1	445	285	12	66	495	50	474	1.2e-39	161.0
BCW-201870_01632	gnl|TC-DB|P77735|8.A.5.1.6	35.4	319	190	4	2	310	1	313	9.9e-48	187.2
BCW-201870_01633	gnl|TC-DB|P42065|3.A.1.5.20	53.4	296	133	2	18	308	31	326	2.4e-90	328.6
BCW-201870_01634	gnl|TC-DB|Q9F350|3.A.1.5.35	50.5	323	146	5	4	316	2	320	1.3e-81	299.7
BCW-201870_01635	gnl|TC-DB|W0WMS8|3.A.1.5.39	36.9	279	170	2	53	325	20	298	3.7e-44	175.3
BCW-201870_01636	gnl|TC-DB|W0WN20|3.A.1.5.39	41.4	333	179	4	11	329	6	336	4.6e-55	211.5
BCW-201870_01637	gnl|TC-DB|Q0P844|3.A.1.5.28	29.0	482	285	16	68	523	50	500	6.2e-41	165.2
BCW-201870_01651	gnl|TC-DB|Q9F3K7|3.A.1.3.24	60.6	249	98	0	353	601	5	253	6.0e-85	311.6
BCW-201870_01652	gnl|TC-DB|Q9F3K5|3.A.1.3.24	26.6	244	158	6	77	305	80	317	1.3e-14	77.0
BCW-201870_01660	gnl|TC-DB|Q92NE8|3.A.1.5.17	47.0	543	272	4	1	538	1	532	2.1e-137	485.7
BCW-201870_01661	gnl|TC-DB|Q92NE9|3.A.1.5.17	42.0	257	145	2	21	277	12	264	6.6e-50	194.1
BCW-201870_01662	gnl|TC-DB|P75798|3.A.1.5.11	32.7	312	202	1	5	316	1	304	4.0e-40	161.8
BCW-201870_01663	gnl|TC-DB|Q92NF1|3.A.1.5.17	36.1	527	331	5	13	536	6	529	1.7e-83	306.6
BCW-201870_01680	gnl|TC-DB|P15029|3.A.1.14.1	36.8	277	171	2	63	339	46	318	2.6e-37	152.5
BCW-201870_01681	gnl|TC-DB|P07821|3.A.1.14.3	38.2	249	150	1	7	251	16	264	4.3e-43	171.4
BCW-201870_01689	gnl|TC-DB|Q9ZK21|1.C.82.1.1	54.7	223	101	0	3	225	4	226	1.3e-64	242.7
BCW-201870_01706	gnl|TC-DB|F0BFS6|2.A.7.3.15	49.7	304	147	3	3	302	4	305	4.8e-78	287.7
BCW-201870_01715	gnl|TC-DB|Q9KN48|3.A.23.1.1	37.7	342	201	4	138	474	193	527	5.2e-55	211.8
BCW-201870_01716	gnl|TC-DB|Q9HV74|2.A.21.9.1	23.8	382	257	12	371	736	611	974	7.1e-19	92.4
BCW-201870_01718	gnl|TC-DB|P0AGI8|2.A.38.1.1	36.9	458	281	4	1	454	1	454	2.2e-79	292.7
BCW-201870_01739	gnl|TC-DB|I3YSC9|1.A.43.1.13	37.5	120	74	1	1	120	1	119	9.1e-12	66.2
BCW-201870_01750	gnl|TC-DB|B2JBG5|2.A.1.59.2	44.3	388	216	0	6	393	10	397	1.9e-87	319.3
BCW-201870_01757	gnl|TC-DB|Q8EJD3|2.A.59.1.3	54.0	339	156	0	1	339	1	339	6.6e-92	334.0
BCW-201870_01760	gnl|TC-DB|Q8GX93|2.A.49.6.3	25.5	377	243	7	77	423	128	496	4.5e-16	82.8
BCW-201870_01777	gnl|TC-DB|Q8J305|2.A.95.1.4	34.5	197	126	1	14	207	18	214	3.5e-24	108.2
BCW-201870_01788	gnl|TC-DB|P39832|3.A.1.15.5	48.6	247	127	0	11	257	10	256	1.8e-52	202.6
BCW-201870_01789	gnl|TC-DB|P0A9X1|3.A.1.15.5	50.2	239	119	0	12	250	4	242	1.1e-66	250.0
BCW-201870_01790	gnl|TC-DB|P39172|3.A.1.15.5	37.7	326	174	4	8	329	7	307	6.7e-46	181.0
BCW-201870_01793	gnl|TC-DB|P77735|8.A.5.1.6	34.9	324	180	10	13	319	1	310	1.8e-41	166.4
BCW-201870_01797	gnl|TC-DB|Q9HX93|3.A.3.5.34	35.0	715	429	11	49	738	84	787	2.6e-101	366.3
BCW-201870_01804	gnl|TC-DB|F8H841|3.D.4.3.3	52.2	226	79	3	4	229	1	197	6.0e-60	227.3
BCW-201870_01805	gnl|TC-DB|H7F0T0|3.D.4.3.3	61.9	470	173	3	68	536	9	473	2.4e-173	605.1
BCW-201870_01808	gnl|TC-DB|A6VIS8|9.B.169.2.2	29.3	239	152	6	12	240	2	233	3.6e-20	95.5
BCW-201870_01810	gnl|TC-DB|O34442|1.A.26.1.3	34.4	317	207	1	153	468	129	445	4.9e-50	195.3
BCW-201870_01811	gnl|TC-DB|P07658|3.D.1.9.2	28.7	456	271	12	51	489	8	426	2.7e-42	170.2
BCW-201870_01825	gnl|TC-DB|Q5SKE6|2.A.6.4.3	33.8	689	414	12	169	836	65	732	3.6e-91	332.8
BCW-201870_01874	gnl|TC-DB|Q52812|3.A.1.3.8	73.9	341	88	1	1	340	1	341	4.9e-153	537.0
BCW-201870_01875	gnl|TC-DB|Q52813|3.A.1.3.8	68.0	384	123	0	15	398	17	400	1.1e-146	516.2
BCW-201870_01876	gnl|TC-DB|Q52814|3.A.1.3.8	71.7	385	108	1	1	385	1	384	1.1e-156	549.3
BCW-201870_01877	gnl|TC-DB|Q52815|3.A.1.3.8	91.4	257	22	0	1	257	1	257	2.4e-136	481.1
BCW-201870_01886	gnl|TC-DB|P0AD30|2.A.102.3.1	51.0	241	118	0	11	251	17	257	5.0e-60	227.6
BCW-201870_01918	gnl|TC-DB|488190045|1.C.75.1.4	23.6	598	346	19	14	539	51	609	1.1e-15	81.6
BCW-201870_01923	gnl|TC-DB|852074676|1.C.75.1.3	37.2	309	177	8	66	366	48	347	1.7e-33	142.9
BCW-201870_01931	gnl|TC-DB|P77338|1.A.23.1.1	36.0	239	147	2	516	751	823	1058	6.7e-34	142.5
BCW-201870_01938	gnl|TC-DB|B1Z7W6|2.A.117.1.7	65.9	138	47	0	1	138	1	138	1.7e-46	181.8
BCW-201870_01942	gnl|TC-DB|A4PCH8|3.A.1.27.1	53.4	247	114	1	20	265	23	269	3.5e-72	268.1
BCW-201870_01943	gnl|TC-DB|A4PCH7|3.A.1.27.1	37.6	314	192	2	68	381	1	310	4.4e-49	191.8
BCW-201870_01961	gnl|TC-DB|M3JA40|1.B.52.2.1	68.0	50	16	0	438	487	290	339	7.3e-12	68.9
BCW-201870_01962	gnl|TC-DB|A7NLS3|3.A.1.17.7	32.8	235	158	0	14	248	39	273	7.1e-27	117.5
BCW-201870_01963	gnl|TC-DB|O05347|3.A.1.16.2	41.8	225	129	1	32	254	45	269	3.7e-50	194.9
BCW-201870_01986	gnl|TC-DB|Q9HXW4|2.A.6.2.17	41.7	1024	589	2	1	1017	1	1023	2.6e-221	765.4
BCW-201870_01987	gnl|TC-DB|Q9I6X6|2.A.6.2.27	32.3	328	212	6	38	361	42	363	1.1e-28	124.0
BCW-201870_01992	gnl|TC-DB|Q1CXF2|2.A.66.1.29	52.4	437	208	0	23	459	34	470	7.2e-118	420.6
BCW-201870_01996	gnl|TC-DB|Q9F9B0|3.A.1.2.7	39.2	250	148	2	5	250	3	252	2.2e-47	185.7
BCW-201870_01997	gnl|TC-DB|Q1M4Q8|3.A.1.2.16	30.1	335	196	5	39	364	36	341	6.6e-34	141.4
BCW-201870_02029	gnl|TC-DB|Q93SS2|3.A.1.14.19	35.5	338	202	4	33	354	15	352	2.6e-43	172.6
BCW-201870_02030	gnl|TC-DB|Q9X665|3.A.1.14.7	31.6	250	159	4	7	245	7	255	5.4e-32	134.4
BCW-201870_02034	gnl|TC-DB|Q1R209|1.B.14.7.1	26.6	364	201	11	580	901	414	753	1.2e-25	115.2
BCW-201870_02036	gnl|TC-DB|O05693|3.A.1.110.3	51.3	565	268	2	26	590	7	564	7.8e-157	550.4
BCW-201870_02037	gnl|TC-DB|O05694|3.A.1.110.3	38.6	430	264	0	8	437	6	435	1.0e-81	300.4
BCW-201870_02044	gnl|TC-DB|Q9R9Q6|3.A.1.1.17	31.2	301	198	5	27	322	29	325	1.6e-36	149.8
BCW-201870_02045	gnl|TC-DB|Q9WYR1|3.A.1.1.39	41.8	220	127	1	129	347	51	270	1.7e-47	186.4
BCW-201870_02046	gnl|TC-DB|O30494|3.A.1.1.49	50.8	354	170	2	1	350	1	354	1.2e-101	366.3
BCW-201870_02051	gnl|TC-DB|P77308|3.A.1.5.38	36.0	322	206	0	17	338	15	336	1.7e-52	203.0
BCW-201870_02052	gnl|TC-DB|P42063|3.A.1.5.20	39.1	274	162	2	19	290	28	298	1.2e-51	199.9
BCW-201870_02053	gnl|TC-DB|Q9F9T4|3.A.1.5.23	39.2	567	303	9	4	534	18	578	1.5e-103	373.2
BCW-201870_02056	gnl|TC-DB|P76128|3.A.1.5.38	24.3	522	360	13	6	514	5	504	6.8e-32	135.2
BCW-201870_02061	gnl|TC-DB|P75798|3.A.1.5.11	41.5	299	167	1	3	301	13	303	4.4e-52	201.4
BCW-201870_02062	gnl|TC-DB|W0WMS8|3.A.1.5.39	43.1	269	146	2	8	269	32	300	9.4e-54	206.8
BCW-201870_02063	gnl|TC-DB|Q9F9T4|3.A.1.5.23	41.5	556	293	6	2	527	15	568	1.4e-112	403.3
BCW-201870_02065	gnl|TC-DB|P42061|3.A.1.5.20	26.0	446	281	14	75	494	88	510	3.4e-28	122.9
BCW-201870_02068	gnl|TC-DB|A8H4W5|3.A.1.2.15	32.8	293	184	7	1	285	1	288	4.2e-34	141.7
BCW-201870_02069	gnl|TC-DB|P0AAG8|3.A.1.2.3	50.6	496	242	2	19	512	9	503	2.5e-140	495.4
BCW-201870_02070	gnl|TC-DB|A8H4W6|3.A.1.2.15	40.8	353	188	6	1	340	1	345	9.4e-59	223.8
BCW-201870_02072	gnl|TC-DB|D5ALT6|2.A.56.3.4	66.3	365	123	0	1	365	1	365	3.1e-145	511.1
BCW-201870_02073	gnl|TC-DB|D5ATK1|2.A.56.3.4	45.9	529	205	4	7	456	10	536	4.7e-112	401.4
BCW-201870_02074	gnl|TC-DB|D5ATK0|2.A.56.3.4	48.5	169	87	0	1	169	1	169	1.4e-42	169.1
BCW-201870_02078	gnl|TC-DB|M3JA40|1.B.52.2.1	33.1	154	92	4	393	542	293	439	2.2e-12	70.5
BCW-201870_02081	gnl|TC-DB|Q9F3K7|3.A.1.3.24	53.0	247	108	2	12	250	3	249	1.9e-67	252.3
BCW-201870_02083	gnl|TC-DB|P35114|3.A.1.3.5	32.6	218	131	4	33	239	16	228	6.8e-19	90.9
BCW-201870_02084	gnl|TC-DB|P74223|2.A.56.3.1	29.1	258	166	9	14	263	47	295	3.5e-11	65.5
BCW-201870_02088	gnl|TC-DB|Q88P38|3.A.1.1.30	38.9	347	202	7	4	342	7	351	2.5e-58	222.6
BCW-201870_02089	gnl|TC-DB|Q88P37|3.A.1.1.30	42.3	279	161	0	20	298	22	300	2.9e-64	241.9
BCW-201870_02090	gnl|TC-DB|Q88P36|3.A.1.1.30	46.9	286	141	2	28	313	7	281	1.3e-70	263.1
BCW-201870_02091	gnl|TC-DB|Q9KWT9|3.A.1.1.10	50.4	361	175	3	1	359	1	359	8.0e-93	337.0
BCW-201870_02101	gnl|TC-DB|Q9R9Q4|3.A.1.1.17	78.9	342	72	0	1	342	1	342	1.4e-155	545.4
BCW-201870_02102	gnl|TC-DB|Q9R9Q5|3.A.1.1.17	77.3	273	62	0	5	277	4	276	5.2e-108	387.1
BCW-201870_02103	gnl|TC-DB|Q8L125|3.A.1.1.19	96.6	326	9	1	1	326	1	324	6.8e-176	612.8
BCW-201870_02104	gnl|TC-DB|Q8L126|3.A.1.1.19	95.5	421	19	0	1	421	22	442	7.1e-234	805.8
BCW-201870_02113	gnl|TC-DB|M3JA40|1.B.52.2.1	35.0	183	105	4	423	591	278	460	1.7e-15	80.9
BCW-201870_02116	gnl|TC-DB|H8E4X1|9.B.18.1.2	44.0	191	104	1	29	219	330	517	1.2e-43	172.9
BCW-201870_02117	gnl|TC-DB|Q02728|1.B.18.1.1	57.8	417	174	1	2	418	7	421	1.1e-82	303.5
BCW-201870_02120	gnl|TC-DB|C1DS85|8.A.1.3.3	32.0	450	274	9	16	451	9	440	1.3e-52	203.8
BCW-201870_02121	gnl|TC-DB|Q54456|3.A.1.110.6	41.5	547	316	4	187	731	24	568	6.1e-108	388.3
BCW-201870_02133	gnl|TC-DB|Q3J125|4.D.3.1.5	44.4	717	380	10	5	706	17	729	5.3e-152	534.6
BCW-201870_02135	gnl|TC-DB|P37651|4.D.3.1.6	35.4	178	104	7	17	188	11	183	8.2e-18	87.8
BCW-201870_02141	gnl|TC-DB|P29939|2.A.7.2.1	74.3	136	35	0	7	142	4	139	1.6e-52	201.8
BCW-201870_02142	gnl|TC-DB|Q01857|2.A.23.1.3	83.5	443	67	2	6	448	8	444	6.7e-198	686.4
BCW-201870_02143	gnl|TC-DB|Q9HV74|2.A.21.9.1	37.6	242	135	7	381	612	740	975	3.2e-25	113.2
BCW-201870_02144	gnl|TC-DB|Q9KN48|3.A.23.1.1	35.8	400	207	7	79	433	123	517	2.0e-53	206.5
BCW-201870_02153	gnl|TC-DB|Q9CLH1|3.A.1.17.6	53.2	310	141	3	7	314	8	315	1.6e-89	325.9
BCW-201870_02154	gnl|TC-DB|Q9CLG9|3.A.1.17.6	44.2	233	130	0	12	244	19	251	2.1e-50	195.7
BCW-201870_02157	gnl|TC-DB|G4FGN6|3.A.1.1.41	38.5	278	169	1	9	284	1	278	3.4e-54	208.4
BCW-201870_02158	gnl|TC-DB|Q72H67|3.A.1.1.25	40.1	279	163	2	23	299	9	285	5.2e-53	204.5
BCW-201870_02159	gnl|TC-DB|G4FGN8|3.A.1.1.41	36.4	379	231	6	44	415	34	409	2.1e-60	229.6
BCW-201870_02160	gnl|TC-DB|Q9KWT9|3.A.1.1.10	52.5	362	168	3	1	358	2	363	1.0e-103	373.2
BCW-201870_02163	gnl|TC-DB|P76187|8.A.5.1.7	46.0	289	151	4	11	297	13	298	3.9e-61	231.5
BCW-201870_02167	gnl|TC-DB|Q9I0V7|2.A.6.2.39	43.8	1014	565	3	7	1016	8	1020	8.7e-225	776.9
BCW-201870_02169	gnl|TC-DB|Q27SU9|1.B.18.2.2	54.8	392	173	3	6	396	11	399	2.5e-119	425.2
BCW-201870_02171	gnl|TC-DB|P75797|3.A.1.5.11	27.9	520	315	16	2	492	7	495	5.7e-28	122.1
BCW-201870_02172	gnl|TC-DB|W0WN20|3.A.1.5.39	43.0	323	163	2	1	302	12	334	2.3e-61	232.3
BCW-201870_02173	gnl|TC-DB|W0WMS8|3.A.1.5.39	44.0	293	150	3	10	288	8	300	6.3e-56	214.2
BCW-201870_02178	gnl|TC-DB|P75796|3.A.1.5.11	57.8	614	251	4	3	610	1	612	2.9e-188	654.8
BCW-201870_02183	gnl|TC-DB|B9TSM9|2.A.56.1.6	33.2	407	265	5	209	609	9	414	4.0e-44	176.0
BCW-201870_02184	gnl|TC-DB|P37676|2.A.56.1.2	26.9	245	178	1	54	297	46	290	1.7e-28	123.2
BCW-201870_02190	gnl|TC-DB|B9TSM9|2.A.56.1.6	41.4	457	226	1	5	461	5	419	2.6e-83	305.8
BCW-201870_02192	gnl|TC-DB|Q9KR64|2.A.56.1.6	35.0	297	191	2	5	299	1	297	1.3e-41	166.8
BCW-201870_02216	gnl|TC-DB|P0AGA2|3.A.5.1.1	54.6	423	189	1	22	441	18	440	8.8e-126	446.8
BCW-201870_02235	gnl|TC-DB|M3JA40|1.B.52.2.1	48.2	85	44	0	401	485	255	339	1.6e-13	74.3
BCW-201870_02238	gnl|TC-DB|P36879|3.A.1.105.17	44.8	306	161	5	1	304	1	300	6.2e-62	234.2
BCW-201870_02239	gnl|TC-DB|P0AFN6|3.A.1.105.17	41.0	249	147	0	5	253	8	256	1.1e-48	189.9
BCW-201870_02245	gnl|TC-DB|A8H4W6|3.A.1.2.15	44.9	292	152	3	41	324	53	343	3.0e-54	208.8
BCW-201870_02247	gnl|TC-DB|G4FGN3|3.A.1.2.20	46.0	491	260	4	3	490	2	490	6.8e-111	397.5
BCW-201870_02256	gnl|TC-DB|Q93N33|2.A.21.9.2	30.0	260	162	6	253	500	779	1030	1.0e-21	101.3
BCW-201870_02260	gnl|TC-DB|O85763|3.A.1.17.2	42.6	319	171	4	4	320	7	315	7.1e-69	257.3
BCW-201870_02264	gnl|TC-DB|P35113|3.A.1.3.6	42.9	217	123	1	60	275	11	227	6.2e-45	177.6
BCW-201870_02265	gnl|TC-DB|Q9HU30|3.A.1.3.23	41.9	215	124	1	44	258	7	220	6.4e-39	157.5
BCW-201870_02266	gnl|TC-DB|Q9HU31|3.A.1.3.23	48.6	251	119	5	7	255	8	250	3.8e-57	218.0
BCW-201870_02281	gnl|TC-DB|G4NXW2|2.A.76.1.8	28.0	207	143	2	3	203	1	207	1.3e-15	79.7
BCW-201870_02282	gnl|TC-DB|P31125|2.A.7.3.2	41.9	284	159	2	7	284	7	290	8.4e-56	213.8
BCW-201870_02285	gnl|TC-DB|F0N2E7|2.A.109.1.2	46.2	327	155	5	9	324	7	323	1.5e-74	276.2
BCW-201870_02291	gnl|TC-DB|I7FD23|2.A.1.2.97	31.7	401	266	6	20	417	6	401	1.7e-41	166.8
BCW-201870_02312	gnl|TC-DB|O00571|1.I.1.1.3	41.5	352	184	5	3	335	181	529	3.9e-66	248.8
BCW-201870_02313	gnl|TC-DB|B7L5V2|1.A.34.1.3	37.7	130	81	0	294	423	93	222	7.7e-18	88.2
BCW-201870_02322	gnl|TC-DB|P34712|3.A.1.201.14	26.1	238	154	7	15	247	430	650	7.4e-13	70.9
BCW-201870_02330	gnl|TC-DB|P75831|3.A.1.122.1	34.2	409	247	11	2	402	254	648	6.7e-48	188.0
BCW-201870_02331	gnl|TC-DB|Q58206|3.A.1.122.14	52.5	223	102	3	6	224	1	223	6.1e-57	217.2
BCW-201870_02338	gnl|TC-DB|B5YH84|4.D.1.4.3	24.9	373	257	10	25	386	3	363	5.6e-23	105.1
BCW-201870_02395	gnl|TC-DB|Q939U6|5.A.1.2.7	47.9	240	117	3	10	242	3	241	2.2e-52	202.2
BCW-201870_02396	gnl|TC-DB|P56949|2.A.69.3.4	69.0	310	96	0	1	310	1	310	1.1e-119	426.0
BCW-201870_02399	gnl|TC-DB|Q8DU37|3.A.1.2.12	39.0	503	296	5	12	510	5	500	3.0e-93	339.0
BCW-201870_02401	gnl|TC-DB|Q9WXW0|3.A.1.2.18	31.2	279	181	4	12	280	21	298	1.1e-31	133.7
BCW-201870_02435	gnl|TC-DB|P94400|9.B.10.1.1	30.2	248	134	7	5	221	3	242	6.1e-19	91.7
BCW-201870_02452	gnl|TC-DB|Q1QP84|1.B.6.2.14	29.3	249	147	7	45	271	44	285	2.3e-23	105.9
BCW-201870_02454	gnl|TC-DB|P55072|3.A.16.1.1	41.7	230	133	1	154	382	473	702	2.8e-56	216.5
BCW-201870_02457	gnl|TC-DB|C6EJJ6|2.C.1.2.1	41.0	156	80	3	28	171	17	172	1.2e-25	112.8
BCW-201870_02458	gnl|TC-DB|P0A855|2.C.1.2.1	28.8	226	153	6	26	246	21	243	1.4e-19	94.0
BCW-201870_02460	gnl|TC-DB|Q1D0D2|1.A.30.2.7	42.5	120	69	0	27	146	13	132	1.3e-20	95.9
BCW-201870_02461	gnl|TC-DB|P0ABU9|1.A.30.2.2	43.6	218	121	2	12	227	3	220	9.8e-39	156.8
BCW-201870_02484	gnl|TC-DB|Q0ZAH6|2.A.36.6.4	41.7	576	319	8	1	566	1	569	6.1e-101	364.8
BCW-201870_02487	gnl|TC-DB|Q8ZKS0|2.A.56.1.5	25.7	424	311	3	204	624	6	428	6.5e-34	142.1
BCW-201870_02488	gnl|TC-DB|P44542|2.A.56.1.3	29.3	324	208	6	11	329	16	323	7.8e-34	141.0
BCW-201870_02492	gnl|TC-DB|O05307|4.C.1.1.3	23.8	499	311	16	38	500	68	533	7.4e-18	88.6
BCW-201870_02503	gnl|TC-DB|Q9NRK6|3.A.1.201.17	38.8	590	343	7	9	587	151	733	1.6e-93	340.1
BCW-201870_02505	gnl|TC-DB|K1GHE1|9.B.186.1.2	47.4	76	35	1	265	340	138	208	1.7e-12	70.1
BCW-201870_02506	gnl|TC-DB|C6BWI5|1.A.30.4.3	24.8	302	209	6	33	316	13	314	3.0e-17	85.9
BCW-201870_02510	gnl|TC-DB|E6VE67|2.A.102.2.4	40.1	252	143	2	1	252	3	246	2.6e-45	178.7
BCW-201870_02523	gnl|TC-DB|Q9KN48|3.A.23.1.1	34.3	388	217	8	120	501	169	524	2.4e-50	196.4
BCW-201870_02526	gnl|TC-DB|D4ZZR3|9.B.34.1.3	35.1	185	112	4	132	311	212	393	3.8e-22	102.1
BCW-201870_02531	gnl|TC-DB|P0AA53|8.A.21.2.2	68.1	295	94	0	9	303	3	297	2.8e-74	275.4
BCW-201870_02535	gnl|TC-DB|B9JS50|1.B.66.3.4	48.5	371	187	2	132	499	136	505	1.1e-100	363.6
BCW-201870_02546	gnl|TC-DB|Q1M607|3.A.3.7.2	77.4	186	42	0	1	186	1	186	1.2e-76	282.3
BCW-201870_02547	gnl|TC-DB|Q1M606|3.A.3.7.2	87.9	694	76	1	1	694	1	686	0.0e+00	1127.5
BCW-201870_02549	gnl|TC-DB|Q1M605|3.A.3.7.2	88.5	567	65	0	1	567	1	567	2.2e-286	980.7
BCW-201870_02552	gnl|TC-DB|P40812|2.A.3.1.8	60.4	470	182	1	2	471	7	472	2.2e-154	542.0
BCW-201870_02555	gnl|TC-DB|Q9I6X4|2.A.6.2.27	61.4	1008	387	2	4	1010	5	1011	0.0e+00	1209.1
BCW-201870_02556	gnl|TC-DB|Q9I6X5|2.A.6.2.27	41.5	352	201	3	10	360	9	356	6.6e-47	184.5
BCW-201870_02557	gnl|TC-DB|Q9I6X6|2.A.6.2.27	46.1	330	173	5	23	350	34	360	4.0e-60	228.4
BCW-201870_02560	gnl|TC-DB|Q1M7Q1|3.A.1.11.6	83.9	360	57	1	1	360	1	359	6.0e-173	603.2
BCW-201870_02561	gnl|TC-DB|Q1M7Q2|3.A.1.11.6	81.5	265	49	0	1	265	1	265	1.2e-106	382.5
BCW-201870_02562	gnl|TC-DB|Q1M7Q3|3.A.1.11.6	76.0	283	65	1	9	291	11	290	1.8e-111	398.7
BCW-201870_02563	gnl|TC-DB|Q1M7Q4|3.A.1.11.6	82.7	336	58	0	1	336	1	336	4.0e-163	570.5
BCW-201870_02572	gnl|TC-DB|Q9KKE3|3.A.1.12.6	76.0	342	81	1	4	345	6	346	1.1e-155	545.8
BCW-201870_02573	gnl|TC-DB|Q9KKE2|3.A.1.12.6	76.1	284	68	0	1	284	1	284	1.7e-114	408.7
BCW-201870_02574	gnl|TC-DB|Q9KKE1|3.A.1.12.6	78.3	267	58	0	1	267	1	267	1.6e-117	418.7
BCW-201870_02590	gnl|TC-DB|Q9F3K6|3.A.1.3.24	43.9	269	139	5	19	281	27	289	2.5e-49	192.2
BCW-201870_02591	gnl|TC-DB|Q9F3K5|3.A.1.3.24	33.1	266	161	6	52	303	55	317	1.4e-32	136.7
BCW-201870_02592	gnl|TC-DB|P31134|3.A.1.11.2	46.2	292	156	1	13	303	20	311	5.9e-67	251.1
BCW-201870_02594	gnl|TC-DB|Q1M7Q3|3.A.1.11.6	35.0	257	166	1	2	258	19	274	7.6e-35	144.1
BCW-201870_02595	gnl|TC-DB|P0AFK6|3.A.1.11.1	26.7	247	177	2	20	266	9	251	3.4e-19	92.0
BCW-201870_02631	gnl|TC-DB|P75796|3.A.1.5.11	47.4	568	256	5	2	527	9	575	3.7e-134	474.9
BCW-201870_02632	gnl|TC-DB|W0WMS8|3.A.1.5.39	39.8	269	159	2	27	293	30	297	7.9e-49	190.7
BCW-201870_02633	gnl|TC-DB|W0WN20|3.A.1.5.39	38.8	335	173	5	1	304	1	334	4.9e-51	198.0
BCW-201870_02634	gnl|TC-DB|P33950|3.A.1.5.27	27.3	527	327	19	4	482	8	526	4.9e-32	135.6
BCW-201870_02643	gnl|TC-DB|Q6NLC1|3.A.1.203.8	25.1	602	360	12	34	568	75	652	9.1e-41	164.9
BCW-201870_02648	gnl|TC-DB|Q83XH1|3.A.1.121.4	30.5	532	361	5	1	530	1	525	1.2e-79	293.9
BCW-201870_02653	gnl|TC-DB|Q93J93|3.A.1.1.36	37.1	294	171	7	28	316	32	316	2.4e-45	179.1
BCW-201870_02654	gnl|TC-DB|Q9WYR1|3.A.1.1.39	34.2	243	159	1	36	277	28	270	8.2e-37	150.6
BCW-201870_02656	gnl|TC-DB|Q72L52|3.A.1.1.24	56.5	368	156	3	1	367	1	365	1.0e-111	399.8
BCW-201870_02666	gnl|TC-DB|P0AEQ3|3.A.1.3.2	29.2	250	167	6	8	253	1	244	9.1e-20	94.0
BCW-201870_02667	gnl|TC-DB|P0AAG3|3.A.1.3.4	59.9	242	95	1	13	254	2	241	5.3e-75	277.3
BCW-201870_02668	gnl|TC-DB|P45768|3.A.1.3.26	36.0	203	126	2	27	225	157	359	1.0e-25	113.6
BCW-201870_02674	gnl|TC-DB|D0J0R9|2.A.80.1.3	56.6	502	215	2	3	501	2	503	3.1e-151	531.6
BCW-201870_02677	gnl|TC-DB|D0J060|2.A.80.1.3	36.2	312	186	6	1	300	1	311	2.4e-40	162.5
BCW-201870_02680	gnl|TC-DB|Q9ZE70|2.A.7.3.7	25.8	256	174	3	38	293	46	285	4.2e-18	88.6
BCW-201870_02687	gnl|TC-DB|P31134|3.A.1.11.2	45.7	357	187	5	6	360	20	371	6.9e-76	280.8
BCW-201870_02689	gnl|TC-DB|P16701|3.A.1.6.1	25.9	220	148	3	54	258	47	266	9.3e-14	73.9
BCW-201870_02690	gnl|TC-DB|P0AFK4|3.A.1.11.1	33.6	271	174	3	33	300	1	268	2.5e-34	142.5
BCW-201870_02698	gnl|TC-DB|P80874|8.A.5.1.4	41.2	267	143	3	36	299	31	286	5.9e-50	194.5
BCW-201870_02700	gnl|TC-DB|A8H4W6|3.A.1.2.15	40.3	288	161	4	47	325	53	338	2.2e-41	166.0
BCW-201870_02701	gnl|TC-DB|G4FGN3|3.A.1.2.20	44.5	494	266	6	5	496	4	491	4.0e-114	408.3
BCW-201870_02704	gnl|TC-DB|Q6UKY4|3.D.1.6.4	47.1	70	37	0	15	84	52	121	1.9e-11	64.7
BCW-201870_02708	gnl|TC-DB|P94529|3.A.1.1.34	32.3	266	173	5	25	286	30	292	2.8e-30	129.0
BCW-201870_02709	gnl|TC-DB|Q93J92|3.A.1.1.36	35.2	264	167	2	17	280	39	298	3.0e-39	158.7
BCW-201870_02710	gnl|TC-DB|Q9KWT9|3.A.1.1.10	54.3	357	148	5	1	342	2	358	5.9e-101	364.0
BCW-201870_02711	gnl|TC-DB|P33916|3.A.1.5.21	48.2	525	269	2	5	526	2	526	7.8e-137	483.8
BCW-201870_02712	gnl|TC-DB|Q5V9S0|3.A.1.5.22	59.1	220	90	0	157	376	81	300	8.4e-69	257.3
BCW-201870_02713	gnl|TC-DB|Q5V9S1|3.A.1.5.22	52.3	306	146	0	1	306	1	306	8.0e-86	313.5
BCW-201870_02714	gnl|TC-DB|Q5V9S2|3.A.1.5.22	38.5	517	307	8	1	514	16	524	5.4e-98	354.8
BCW-201870_02721	gnl|TC-DB|P39836|2.A.28.3.4	53.2	325	148	3	7	330	8	329	1.5e-85	312.8
BCW-201870_02724	gnl|TC-DB|G3LHZ3|3.A.1.1.35	86.1	568	79	0	6	573	1	568	3.8e-307	1049.7
BCW-201870_02726	gnl|TC-DB|G3LHZ1|3.A.1.1.35	85.9	262	37	0	45	306	12	273	3.8e-128	454.1
BCW-201870_02727	gnl|TC-DB|G3LHZ0|3.A.1.1.35	86.0	285	40	0	1	285	1	285	9.7e-142	499.2
BCW-201870_02728	gnl|TC-DB|G3LHY9|3.A.1.1.35	78.4	352	76	0	1	352	1	352	1.7e-159	558.5
BCW-201870_02729	gnl|TC-DB|G3LHY8|3.A.1.1.35	78.2	357	74	2	1	355	1	355	1.2e-160	562.4
BCW-201870_02733	gnl|TC-DB|P24183|5.A.3.2.1	23.6	437	247	9	4	357	45	477	4.4e-28	123.2
BCW-201870_02737	gnl|TC-DB|P38045|3.A.1.16.1	56.0	257	111	2	1	256	1	256	3.1e-78	288.1
BCW-201870_02738	gnl|TC-DB|P38044|3.A.1.16.1	53.2	250	112	3	47	291	26	275	6.0e-70	260.8
BCW-201870_02739	gnl|TC-DB|P38043|3.A.1.16.1	60.1	398	157	2	32	428	44	440	1.8e-144	508.8
BCW-201870_02743	gnl|TC-DB|P42964|2.A.55.3.2	53.0	400	179	5	1	400	1	391	1.3e-102	369.8
BCW-201870_02750	gnl|TC-DB|P17315|1.B.14.1.4	36.6	702	367	21	26	702	15	663	7.9e-105	377.9
BCW-201870_02790	gnl|TC-DB|C8X384|4.A.6.2.2	45.9	133	71	1	1	133	1	132	2.4e-26	114.8
BCW-201870_02835	gnl|TC-DB|P0AAG8|3.A.1.2.3	47.2	492	257	2	25	514	13	503	1.3e-131	466.5
BCW-201870_02836	gnl|TC-DB|Q9X050|3.A.1.2.19	38.3	326	175	5	21	336	16	325	4.3e-48	188.3
BCW-201870_02837	gnl|TC-DB|Q7BSH5|3.A.1.2.9	22.6	288	213	5	2	285	5	286	2.7e-12	69.3
BCW-201870_02845	gnl|TC-DB|Q8PVB2|9.B.125.2.2	31.7	278	167	6	8	271	15	283	1.2e-23	107.1
BCW-201870_02849	gnl|TC-DB|P94400|9.B.10.1.1	30.3	234	148	5	5	230	1	227	5.0e-28	121.7
BCW-201870_02880	gnl|TC-DB|O35002|9.B.174.1.1	36.1	352	209	7	24	367	35	378	1.3e-52	203.8
BCW-201870_02896	gnl|TC-DB|P46889|3.A.12.1.2	52.8	502	222	8	386	884	840	1329	2.0e-137	486.5
BCW-201870_02897	gnl|TC-DB|O67997|1.A.11.1.4	53.3	426	190	3	22	447	22	438	1.0e-113	406.8
BCW-201870_02909	gnl|TC-DB|P31552|4.C.1.1.6	21.7	538	373	17	87	616	20	517	2.6e-25	113.6
BCW-201870_02910	gnl|TC-DB|R4JTF7|2.A.56.1.9	44.2	335	186	1	1	334	4	338	3.8e-73	271.6
BCW-201870_02911	gnl|TC-DB|R4JQ65|2.A.56.1.9	54.5	424	192	1	1	423	1	424	3.9e-123	438.0
BCW-201870_02912	gnl|TC-DB|P37674|2.A.56.1.2	35.4	144	91	2	10	152	3	145	5.0e-16	80.9
BCW-201870_02925	gnl|TC-DB|P18767|3.A.1.108.1	77.5	577	130	0	1	577	1	577	3.2e-248	854.0
BCW-201870_02927	gnl|TC-DB|Q6A1F6|3.B.1.1.6	34.7	599	341	12	537	1121	6	568	3.2e-87	320.1
BCW-201870_02929	gnl|TC-DB|F2WVP9|2.A.1.60.3	32.1	365	238	3	28	388	18	376	3.4e-44	175.6
BCW-201870_02931	gnl|TC-DB|P37665|9.B.186.1.1	47.3	220	113	2	1	218	1	219	1.3e-34	142.9
BCW-201870_02937	gnl|TC-DB|Q2PGB8|3.A.1.120.5	56.6	548	228	4	3	550	4	541	1.6e-165	579.3
BCW-201870_02939	gnl|TC-DB|P31550|3.A.1.19.1	57.7	307	128	1	29	335	22	326	4.5e-106	380.9
BCW-201870_02940	gnl|TC-DB|P31549|3.A.1.19.1	40.9	513	288	5	19	525	18	521	1.4e-85	313.5
BCW-201870_02941	gnl|TC-DB|P31548|3.A.1.19.1	45.7	199	108	0	27	225	21	219	2.6e-47	185.3
BCW-201870_02945	gnl|TC-DB|P70786|2.A.1.14.3	42.1	413	239	0	4	416	23	435	4.1e-96	348.2
BCW-201870_02947	gnl|TC-DB|O05694|3.A.1.110.3	49.2	425	216	0	13	437	11	435	5.1e-110	394.4
BCW-201870_02948	gnl|TC-DB|O05693|3.A.1.110.3	54.4	553	252	0	18	570	8	560	3.9e-166	581.3
BCW-201870_02955	gnl|TC-DB|P0AGD7|3.A.5.1.1	48.6	457	229	3	1	456	1	452	4.1e-106	381.7
BCW-201870_02959	gnl|TC-DB|P10121|3.A.5.1.1	47.2	299	156	2	178	475	195	492	5.5e-73	271.6
BCW-201870_02962	gnl|TC-DB|D4ZZR3|9.B.34.1.3	27.7	332	221	8	50	363	65	395	3.1e-18	89.4
BCW-201870_02965	gnl|TC-DB|P30962|9.B.14.2.2	71.8	238	66	1	13	249	5	242	2.1e-95	345.1
BCW-201870_02966	gnl|TC-DB|P30964|3.A.1.107.1	61.6	219	84	0	1	219	4	222	1.9e-68	255.4
BCW-201870_02967	gnl|TC-DB|P30963|3.A.1.107.1	48.3	207	100	3	1	207	1	200	7.6e-51	196.8
BCW-201870_02971	gnl|TC-DB|P0AAC4|1.A.14.2.2	50.0	222	104	3	25	243	16	233	2.6e-47	185.3
BCW-201870_02973	gnl|TC-DB|P0A9T8|3.A.1.122.15	45.3	225	121	1	3	225	4	228	4.2e-50	194.5
BCW-201870_02981	gnl|TC-DB|Q99ZY6|3.A.1.34.1	34.4	285	186	1	18	302	34	317	4.2e-45	178.3
BCW-201870_02982	gnl|TC-DB|Q99ZY4|3.A.1.34.1	31.7	281	177	7	9	284	5	275	5.2e-18	88.2
BCW-201870_02983	gnl|TC-DB|Q99ZY3|3.A.1.34.1	41.5	248	145	0	1	248	4	251	8.5e-44	173.7
BCW-201870_02984	gnl|TC-DB|G4NW86|2.A.76.1.7	29.3	208	144	1	6	213	3	207	4.1e-20	94.7
BCW-201870_03010	gnl|TC-DB|X5H3P0|3.D.10.1.6	64.5	603	202	6	13	613	5	597	1.9e-232	801.6
BCW-201870_03011	gnl|TC-DB|X5GWN5|3.D.10.1.6	65.4	257	86	2	1	257	1	254	1.8e-99	358.6
BCW-201870_03020	gnl|TC-DB|G4NXW2|2.A.76.1.8	26.4	208	139	4	8	206	4	206	3.3e-14	75.1
BCW-201870_03026	gnl|TC-DB|Q9ZKE4|3.A.11.3.1	31.1	541	328	12	202	728	104	613	1.5e-61	234.2
BCW-201870_03028	gnl|TC-DB|A1B8N7|3.A.2.1.7	38.8	188	115	0	1	188	1	188	9.7e-34	139.8
BCW-201870_03029	gnl|TC-DB|A1B8N8|3.A.2.1.7	76.7	511	117	2	1	509	1	511	4.4e-222	766.9
BCW-201870_03030	gnl|TC-DB|A1B8N9|3.A.2.1.7	61.4	293	109	2	1	292	1	290	2.5e-92	335.1
BCW-201870_03031	gnl|TC-DB|A1B8P0|3.A.2.1.7	79.3	469	96	1	17	484	6	474	3.4e-208	720.7
BCW-201870_03032	gnl|TC-DB|A1B8P1|3.A.2.1.7	41.1	107	63	0	1	107	1	107	5.1e-16	80.5
BCW-201870_03034	gnl|TC-DB|M3JA40|1.B.52.2.1	33.0	191	111	2	372	545	270	460	3.3e-19	93.2
BCW-201870_03037	gnl|TC-DB|P0ADE4|1.B.33.2.4	27.7	405	262	16	243	638	192	574	6.9e-23	105.5
BCW-201870_03049	gnl|TC-DB|Q9R9Q6|3.A.1.1.17	33.4	296	179	4	2	281	22	315	5.8e-41	164.5
BCW-201870_03050	gnl|TC-DB|G4FGN6|3.A.1.1.41	34.9	269	171	3	19	285	11	277	2.0e-38	156.0
BCW-201870_03051	gnl|TC-DB|Q9WZR7|3.A.1.1.40	25.2	381	243	13	50	403	42	407	7.8e-20	94.7
BCW-201870_03052	gnl|TC-DB|O30494|3.A.1.1.49	52.1	359	170	2	1	357	1	359	9.6e-102	366.7
BCW-201870_03063	gnl|TC-DB|Q9X0F5|3.A.1.5.12	57.7	355	149	1	36	390	11	364	8.9e-122	433.3
BCW-201870_03064	gnl|TC-DB|Q9WXR6|3.A.1.5.29	53.2	327	152	1	1	326	1	327	2.8e-92	335.1
BCW-201870_03065	gnl|TC-DB|Q9WXR2|3.A.1.5.29	31.0	594	374	14	35	607	58	636	1.3e-69	260.8
BCW-201870_03066	gnl|TC-DB|P75796|3.A.1.5.11	45.9	577	297	8	6	577	11	577	2.7e-128	455.7
BCW-201870_03075	gnl|TC-DB|E2YHZ7|3.A.1.135.7	21.4	365	254	8	117	465	95	442	3.5e-12	70.5
BCW-201870_03088	gnl|TC-DB|P09833|3.A.1.8.1	43.2	331	183	2	25	355	25	350	4.4e-67	251.5
BCW-201870_03089	gnl|TC-DB|P0AF01|3.A.1.8.1	62.5	224	84	0	6	229	3	226	1.7e-72	268.9
BCW-201870_03090	gnl|TC-DB|P37329|3.A.1.8.1	49.0	249	122	2	14	261	12	256	7.4e-56	213.8
BCW-201870_03098	gnl|TC-DB|B3PY75|1.B.17.3.8	65.4	477	161	4	1	475	1	475	4.8e-162	567.4
BCW-201870_03099	gnl|TC-DB|P31224|2.A.6.2.2	56.7	1031	440	4	1	1025	1	1031	0.0e+00	1082.8
BCW-201870_03100	gnl|TC-DB|Q9WWZ9|2.A.6.2.9	35.3	402	228	9	5	400	7	382	9.2e-58	220.7
BCW-201870_03117	gnl|TC-DB|Q42524|4.C.1.1.7	23.2	505	348	11	31	507	68	560	5.3e-26	115.5
BCW-201870_03132	gnl|TC-DB|Q1J0W6|9.B.34.1.1	39.1	161	88	4	175	334	193	344	2.8e-21	99.4
BCW-201870_03134	gnl|TC-DB|P45522|2.A.37.1.2	41.8	584	321	5	1	580	12	580	1.9e-112	402.9
BCW-201870_03137	gnl|TC-DB|Q9ZE70|2.A.7.3.7	23.4	303	206	5	2	294	4	290	4.6e-15	78.6
BCW-201870_03138	gnl|TC-DB|P37597|2.A.1.2.62	26.8	384	271	7	18	396	8	386	5.8e-20	95.1
BCW-201870_03145	gnl|TC-DB|Q1CZY2|2.A.64.1.2	38.6	101	61	1	163	262	295	395	2.1e-13	72.8
BCW-201870_03175	gnl|TC-DB|Q89K67|2.A.55.2.6	62.2	434	161	3	7	438	14	446	2.6e-138	488.4
BCW-201870_03177	gnl|TC-DB|Q9WYC4|3.A.1.135.5	36.1	568	362	1	2	569	25	591	1.5e-93	340.1
BCW-201870_03178	gnl|TC-DB|B1LE48|2.A.86.2.1	24.9	338	241	6	37	370	20	348	1.3e-17	87.4
BCW-201870_03272	gnl|TC-DB|P33913|3.A.1.5.21	33.6	583	364	10	30	610	26	587	3.5e-88	322.4
BCW-201870_03274	gnl|TC-DB|Q7V7U0|2.A.7.28.11	28.3	290	189	6	7	287	20	299	4.5e-20	95.1
BCW-201870_03373	gnl|TC-DB|A1ACJ3|1.A.13.5.1	45.5	246	127	3	4	249	9	247	2.2e-57	218.8
BCW-201870_03375	gnl|TC-DB|B8H230|3.A.1.2.21	39.0	292	172	2	29	315	31	321	4.7e-47	184.9
BCW-201870_03376	gnl|TC-DB|O50504|3.A.1.2.24	45.5	235	128	0	29	263	7	241	2.9e-55	211.8
BCW-201870_03387	gnl|TC-DB|M2X3K0|9.B.115.1.1	33.0	212	127	7	57	261	30	233	6.8e-17	84.3
BCW-201870_03390	gnl|TC-DB|Q9JTL9|5.A.1.1.2	32.3	572	354	14	27	580	27	583	6.3e-58	221.9
BCW-201870_03398	gnl|TC-DB|A3N294|3.A.1.20.3	41.5	316	183	2	2	315	27	342	9.3e-69	256.9
BCW-201870_03399	gnl|TC-DB|A3N294|3.A.1.20.3	47.6	338	174	3	1	336	6	342	4.1e-83	304.7
BCW-201870_03400	gnl|TC-DB|Q9KLQ6|3.A.1.20.2	44.5	595	310	3	129	722	117	692	2.5e-141	499.2
BCW-201870_03401	gnl|TC-DB|Q9KLQ5|3.A.1.20.2	49.4	348	172	2	5	351	3	347	2.5e-83	305.4
BCW-201870_03415	gnl|TC-DB|Q51955|2.A.1.15.1	29.1	416	276	6	19	421	30	439	1.3e-41	167.2
BCW-201870_03418	gnl|TC-DB|D1F3T8|2.A.1.3.42	34.1	842	539	7	27	858	29	864	4.0e-122	435.6
BCW-201870_03421	gnl|TC-DB|P77348|3.A.1.5.1	21.8	532	354	16	17	516	19	520	2.1e-17	87.0
BCW-201870_03422	gnl|TC-DB|P77308|3.A.1.5.38	41.3	322	188	1	17	338	14	334	4.1e-67	251.5
BCW-201870_03423	gnl|TC-DB|P51000|3.A.1.5.27	42.5	275	152	1	30	298	18	292	5.3e-58	221.1
BCW-201870_03424	gnl|TC-DB|Q9F350|3.A.1.5.35	45.3	267	143	3	1	264	1	267	1.7e-58	222.6
BCW-201870_03425	gnl|TC-DB|P42065|3.A.1.5.20	44.3	235	123	3	10	237	29	262	1.4e-48	189.5
BCW-201870_03431	gnl|TC-DB|Q9X103|3.A.1.1.22	52.5	366	160	4	1	352	3	368	2.7e-101	365.2
BCW-201870_03432	gnl|TC-DB|O30493|3.A.1.1.49	38.5	257	148	5	27	276	23	276	1.5e-38	156.4
BCW-201870_03433	gnl|TC-DB|O51924|3.A.1.1.7	35.5	273	168	3	32	300	26	294	3.0e-48	188.7
BCW-201870_03444	gnl|TC-DB|P0AB67|3.D.2.1.1	60.5	484	159	9	1	477	1	459	4.4e-147	517.7
BCW-201870_03445	gnl|TC-DB|P07001|3.D.2.1.1	53.1	524	232	5	1	524	1	510	1.6e-139	492.7
BCW-201870_03446	gnl|TC-DB|F8SVK1|2.A.1.6.11	59.9	626	175	4	4	627	1	552	2.2e-199	691.8
BCW-201870_03449	gnl|TC-DB|Q8F8H7|2.A.53.3.8	31.3	195	114	7	13	198	543	726	1.3e-18	89.7
BCW-201870_03454	gnl|TC-DB|Q2FD81|2.A.6.2.44	68.2	1045	330	1	1	1045	1	1043	0.0e+00	1342.4
BCW-201870_03455	gnl|TC-DB|Q2FD82|2.A.6.2.44	42.7	386	210	4	1	386	1	375	1.7e-75	279.6
BCW-201870_03459	gnl|TC-DB|P77389|2.A.1.2.65	38.8	376	225	2	5	380	7	377	3.4e-65	245.4
BCW-201870_03460	gnl|TC-DB|P77735|8.A.5.1.6	27.1	292	169	6	12	259	26	317	1.9e-17	86.3
BCW-201870_03463	gnl|TC-DB|Q9X665|3.A.1.14.7	41.0	234	136	1	6	237	8	241	8.4e-49	190.3
BCW-201870_03465	gnl|TC-DB|P15029|3.A.1.14.1	26.4	276	198	4	45	318	46	318	6.8e-19	91.3
BCW-201870_03468	gnl|TC-DB|S5Y5N9|2.A.80.1.4	45.8	502	268	2	1	498	1	502	1.8e-119	426.0
BCW-201870_03470	gnl|TC-DB|Q9FA46|2.A.80.1.1	29.6	294	202	4	26	314	32	325	1.5e-26	116.7
BCW-201870_03483	gnl|TC-DB|Q56991|3.A.1.14.5	42.2	256	141	2	36	290	26	275	1.4e-42	169.9
BCW-201870_03484	gnl|TC-DB|O68878|3.A.1.14.21	54.4	287	129	2	65	351	38	322	1.3e-71	266.5
BCW-201870_03485	gnl|TC-DB|Q7W025|3.A.1.14.20	44.8	241	129	2	2	238	3	243	6.9e-46	180.6
BCW-201870_03498	gnl|TC-DB|Q4FKW8|2.A.7.3.37	29.2	288	202	2	5	290	8	295	6.4e-32	134.4
BCW-201870_03519	gnl|TC-DB|P21627|3.A.1.4.8	45.4	304	158	3	3	300	6	307	6.7e-61	230.7
BCW-201870_03520	gnl|TC-DB|P21628|3.A.1.4.8	50.8	354	147	6	105	450	82	416	5.0e-79	291.6
BCW-201870_03521	gnl|TC-DB|P0A9S7|3.A.1.4.1	52.3	258	113	4	10	266	5	253	7.0e-68	253.8
BCW-201870_03522	gnl|TC-DB|P21630|3.A.1.4.8	61.1	234	90	1	6	239	1	233	4.6e-76	280.8
BCW-201870_03524	gnl|TC-DB|Q9L3M3|3.A.1.4.3	86.7	360	47	1	1	359	1	360	1.4e-177	618.6
BCW-201870_03529	gnl|TC-DB|M4VKZ8|8.A.59.2.3	86.0	200	28	0	18	217	2	201	4.2e-107	384.4
BCW-201870_03531	gnl|TC-DB|Q8NRW1|3.A.1.4.5	42.9	406	217	5	5	410	27	417	1.2e-84	310.1
BCW-201870_03532	gnl|TC-DB|Q9L3S5|3.A.1.4.4	41.9	377	134	2	245	536	9	385	9.2e-69	257.7
BCW-201870_03533	gnl|TC-DB|Q9L3S4|3.A.1.4.4	40.3	315	173	2	48	357	35	339	1.4e-58	223.4
BCW-201870_03534	gnl|TC-DB|Q9L3S3|3.A.1.4.4	44.8	259	125	3	12	253	5	262	3.7e-52	201.4
BCW-201870_03536	gnl|TC-DB|Q9L3S2|3.A.1.4.4	46.9	213	110	2	17	227	7	218	1.6e-46	182.6
BCW-201870_03554	gnl|TC-DB|B4WH09|2.A.6.3.5	38.7	1062	589	11	2	1047	3	1018	2.0e-187	652.9
BCW-201870_03556	gnl|TC-DB|A7NH44|3.A.1.17.8	24.5	269	188	7	3	261	1	264	6.1e-15	78.2
BCW-201870_03557	gnl|TC-DB|A9WDS0|3.A.1.17.13	37.7	239	147	2	43	281	32	268	1.4e-39	159.8
BCW-201870_03558	gnl|TC-DB|A7NH43|3.A.1.17.8	34.2	243	139	4	42	284	37	258	2.0e-22	102.8
BCW-201870_03559	gnl|TC-DB|C0LZR9|3.A.1.17.5	45.9	229	121	2	8	235	2	228	3.6e-50	194.9
BCW-201870_03579	gnl|TC-DB|O30506|3.A.1.3.11	66.1	245	83	0	9	253	4	248	1.6e-90	328.9
BCW-201870_03580	gnl|TC-DB|O50181|3.A.1.3.11	43.8	260	140	5	1	256	1	258	5.6e-48	187.6
BCW-201870_03581	gnl|TC-DB|P0A2I9|3.A.1.3.1	42.9	219	125	0	17	235	4	222	1.1e-42	169.9
BCW-201870_03582	gnl|TC-DB|P35114|3.A.1.3.5	43.6	218	118	2	13	229	15	228	2.1e-38	155.6
BCW-201870_03584	gnl|TC-DB|M3JA40|1.B.52.2.1	66.0	53	18	0	435	487	287	339	1.5e-12	71.2
BCW-201870_03591	gnl|TC-DB|P25548|3.A.1.2.5	98.6	354	5	0	1	354	1	354	4.5e-197	683.3
BCW-201870_03592	gnl|TC-DB|O05176|3.A.1.2.5	98.4	512	8	0	1	512	1	512	2.5e-286	980.3
BCW-201870_03593	gnl|TC-DB|O05177|3.A.1.2.5	97.2	398	11	0	1	398	1	398	2.3e-210	727.6
BCW-201870_03606	gnl|TC-DB|O00571|1.I.1.1.3	42.8	381	199	5	3	365	181	560	4.3e-73	271.9
BCW-201870_03616	gnl|TC-DB|G3IME2|9.B.35.1.2	45.3	117	56	3	4	118	31	141	4.3e-19	90.5
BCW-201870_03620	gnl|TC-DB|Q2FD83|2.A.7.1.11	54.3	105	48	0	6	110	1	105	3.8e-25	110.5
BCW-201870_03624	gnl|TC-DB|A9CI11|9.B.43.1.1	97.9	420	9	0	1	420	1	420	4.7e-246	846.3
BCW-201870_03635	gnl|TC-DB|Q5P737|2.A.1.51.1	30.8	383	252	4	18	395	13	387	2.2e-35	146.4
BCW-201870_03636	gnl|TC-DB|Q08120|9.A.18.1.2	57.7	411	170	3	1	408	1	410	9.2e-133	469.9
BCW-201870_03644	gnl|TC-DB|Q07837|8.A.9.1.2	32.3	507	298	12	16	505	116	594	1.7e-73	273.5
BCW-201870_03648	gnl|TC-DB|C0QCR7|8.A.59.4.1	41.5	135	72	2	135	262	403	537	3.0e-23	105.5
BCW-201870_03652	gnl|TC-DB|Q92N43|1.B.14.2.7	47.9	760	362	13	3	746	2	743	6.5e-190	660.6
BCW-201870_03658	gnl|TC-DB|Q7CXG0|3.A.1.12.13	97.2	317	9	0	1	317	1	317	1.1e-175	612.1
BCW-201870_03659	gnl|TC-DB|Q7CXG1|3.A.1.12.13	96.2	314	12	0	2	315	30	343	5.8e-164	573.2
BCW-201870_03660	gnl|TC-DB|A9CI32|3.A.1.12.13	95.4	348	16	0	1	348	1	348	6.6e-185	642.9
BCW-201870_03663	gnl|TC-DB|Q9L3M3|3.A.1.4.3	45.8	360	194	1	1	360	1	359	1.9e-86	315.8
BCW-201870_03665	gnl|TC-DB|Q92N44|2.A.4.7.7	71.3	300	86	0	23	322	1	300	1.7e-115	412.1
BCW-201870_03668	gnl|TC-DB|Q98CY5|2.A.99.1.3	49.5	194	90	5	3	194	5	192	4.0e-38	154.5
BCW-201870_03674	gnl|TC-DB|A6WDE3|2.A.46.1.3	43.7	382	206	3	8	387	11	385	1.2e-73	273.5
BCW-201870_03681	gnl|TC-DB|O34691|2.A.1.82.4	33.8	420	247	4	80	497	9	399	1.7e-56	216.9
BCW-201870_03696	gnl|TC-DB|P0AF43|2.A.58.2.1	35.8	533	338	3	5	534	2	533	2.8e-81	299.3
BCW-201870_03698	gnl|TC-DB|Q2G2M9|3.A.1.106.2	32.6	574	360	11	40	602	20	577	4.3e-70	262.3
BCW-201870_03699	gnl|TC-DB|Q2G506|3.A.1.210.11	38.6	443	253	4	241	669	171	608	2.8e-75	279.6
BCW-201870_03701	gnl|TC-DB|Q02762|3.E.2.1.1	64.2	179	62	2	15	192	10	187	5.6e-61	230.3
BCW-201870_03702	gnl|TC-DB|P05418|3.D.3.1.1	55.9	435	161	4	4	421	6	426	3.9e-142	501.1
BCW-201870_03703	gnl|TC-DB|P00125|3.D.3.2.1	39.0	295	135	5	2	295	58	308	4.0e-53	204.9
BCW-201870_03718	gnl|TC-DB|M3JA40|1.B.52.2.1	30.0	213	130	3	545	742	252	460	1.2e-13	75.1
BCW-201870_03719	gnl|TC-DB|P77757|4.D.2.1.8	30.1	229	146	5	3	226	6	225	1.5e-18	89.7
BCW-201870_03720	gnl|TC-DB|A0M0P7|2.A.123.4.1	42.2	83	47	1	19	100	125	207	4.5e-17	83.6
BCW-201870_03740	gnl|TC-DB|Q9UYQ7|2.A.7.3.47	32.6	273	170	4	1	272	9	268	1.8e-26	116.3
BCW-201870_03744	gnl|TC-DB|P31801|2.A.19.1.1	32.0	363	232	7	8	365	13	365	3.1e-36	149.1
BCW-201870_03758	gnl|TC-DB|D4ZZR3|9.B.34.1.3	37.8	201	112	5	182	373	197	393	1.7e-21	100.1
BCW-201870_03766	gnl|TC-DB|Q9F5N7|2.A.66.1.9	35.0	440	276	3	20	455	19	452	4.5e-56	215.3
BCW-201870_03778	gnl|TC-DB|J2DEW0|1.B.4.2.3	37.0	219	111	8	14	210	17	230	5.4e-25	110.9
BCW-201870_03783	gnl|TC-DB|Q5ZYB5|3.A.7.9.1	34.1	387	244	5	27	408	15	395	7.1e-51	198.0
BCW-201870_03787	gnl|TC-DB|Q1M7Q1|3.A.1.11.6	47.0	349	179	4	3	345	5	353	4.1e-78	288.1
BCW-201870_03793	gnl|TC-DB|Q53148|2.A.3.5.1	41.3	487	255	11	7	490	21	479	3.5e-86	315.5
BCW-201870_03814	gnl|TC-DB|Q56469|3.A.7.4.1	48.2	305	156	1	9	311	14	318	1.1e-72	270.0
BCW-201870_03816	gnl|TC-DB|P71179|3.A.7.4.1	49.4	85	43	0	13	97	8	92	3.5e-14	73.9
BCW-201870_03817	gnl|TC-DB|P71180|3.A.7.4.1	50.6	826	388	6	4	818	33	849	4.4e-232	800.8
BCW-201870_03821	gnl|TC-DB|P71182|3.A.7.4.1	42.8	304	146	5	1	276	1	304	5.8e-59	224.2
BCW-201870_03823	gnl|TC-DB|E3HE19|3.A.7.4.2	41.0	217	117	2	216	429	151	359	1.2e-45	180.6
BCW-201870_03835	gnl|TC-DB|Q92TN2|3.A.1.4.7	37.4	310	188	6	23	329	22	328	2.0e-34	142.9
BCW-201870_03836	gnl|TC-DB|Q92TN3|3.A.1.4.7	38.7	243	146	2	9	249	4	245	4.1e-43	171.4
BCW-201870_03837	gnl|TC-DB|Q8DQH7|3.A.1.4.10	37.8	233	144	1	14	246	4	235	6.8e-43	170.6
BCW-201870_03847	gnl|TC-DB|Q5EGM5|9.A.25.1.1	32.8	183	86	9	111	260	270	448	6.6e-12	67.8
BCW-201870_03851	gnl|TC-DB|Q1M4Q9|3.A.1.2.16	31.5	248	161	6	60	304	66	307	4.5e-20	95.1
BCW-201870_03858	gnl|TC-DB|G4FGN3|3.A.1.2.20	36.3	491	302	8	12	497	4	488	7.4e-84	307.8
BCW-201870_03859	gnl|TC-DB|P77315|3.A.1.2.27	28.3	311	216	6	25	331	16	323	1.0e-17	87.4
BCW-201870_03860	gnl|TC-DB|Q1M4Q8|3.A.1.2.16	26.7	311	205	6	18	307	29	337	3.6e-15	79.0
BCW-201870_03861	gnl|TC-DB|B8H228|3.A.1.2.21	23.0	265	197	3	52	315	60	318	1.9e-13	73.2
BCW-201870_03875	gnl|TC-DB|D4XPL7|9.B.143.1.2	36.8	220	127	5	2	217	17	228	3.8e-24	108.2
BCW-201870_03887	gnl|TC-DB|Q1M4Q7|3.A.1.2.16	33.6	497	327	3	7	501	13	508	1.7e-72	270.0
BCW-201870_03888	gnl|TC-DB|Q92WK1|3.A.1.2.11	35.2	293	179	5	48	330	45	336	6.9e-30	127.9
BCW-201870_03894	gnl|TC-DB|Q52001|3.A.7.14.1	30.8	263	157	9	9	261	2	249	1.8e-23	108.2
BCW-201870_03897	gnl|TC-DB|Q44360|3.A.7.1.1	86.8	634	84	0	1	634	1	634	0.0e+00	1090.9
BCW-201870_03938	gnl|TC-DB|P60752|3.A.1.106.1	34.3	559	360	5	27	582	26	580	3.7e-87	318.9
BCW-201870_03943	gnl|TC-DB|P77735|8.A.5.1.6	38.8	322	181	6	1	316	1	312	7.6e-56	214.2
BCW-201870_03944	gnl|TC-DB|Q9K0A9|2.A.28.2.4	56.8	308	131	1	1	306	1	308	1.8e-85	312.4
BCW-201870_03945	gnl|TC-DB|E3HE20|3.A.7.4.2	25.9	590	332	16	39	547	45	610	2.3e-38	156.8
BCW-201870_03953	gnl|TC-DB|852074676|1.C.75.1.3	43.3	293	157	5	29	320	11	295	1.0e-55	216.5
BCW-201870_03955	gnl|TC-DB|Q3YL97|1.B.20.1.3	31.7	533	340	8	55	583	49	561	1.8e-68	256.9
BCW-201870_03973	gnl|TC-DB|P0AFK6|3.A.1.11.1	27.1	225	161	2	63	287	42	263	3.8e-13	72.0
BCW-201870_03974	gnl|TC-DB|P0AF01|3.A.1.8.1	27.5	207	138	4	68	267	14	215	2.9e-13	72.4
BCW-201870_03975	gnl|TC-DB|P54933|3.A.1.1.5	44.7	329	167	3	1	328	1	315	8.5e-76	280.4
BCW-201870_03980	gnl|TC-DB|Q82VI7|1.B.14.1.10	32.6	826	490	16	22	809	28	824	1.0e-116	417.5
BCW-201870_03981	gnl|TC-DB|Q1D1G6|2.A.1.57.4	28.3	371	262	3	20	390	10	376	2.3e-27	119.8
BCW-201870_03987	gnl|TC-DB|O30494|3.A.1.1.49	54.8	356	154	4	1	352	1	353	4.6e-104	374.4
BCW-201870_03988	gnl|TC-DB|O51924|3.A.1.1.7	34.7	294	173	7	36	327	20	296	1.5e-29	126.7
BCW-201870_03989	gnl|TC-DB|Q9WYR1|3.A.1.1.39	33.4	332	157	3	19	349	2	270	1.2e-48	190.3
BCW-201870_03994	gnl|TC-DB|A8H4W5|3.A.1.2.15	30.7	290	190	7	5	289	9	292	1.6e-25	113.2
BCW-201870_03995	gnl|TC-DB|A6VKT0|3.A.1.2.13	29.5	285	180	7	21	302	25	291	1.4e-24	110.2
BCW-201870_04009	gnl|TC-DB|A1VZQ3|3.A.1.3.16	31.8	195	133	0	7	201	34	228	5.4e-23	104.4
BCW-201870_04010	gnl|TC-DB|P54536|3.A.1.3.15	34.3	204	133	1	11	213	14	217	2.2e-29	125.6
BCW-201870_04011	gnl|TC-DB|Q8YSA2|3.A.1.3.17	29.3	225	139	7	55	269	43	257	1.4e-15	80.1
BCW-201870_04012	gnl|TC-DB|P45769|3.A.1.3.26	68.8	240	75	0	10	249	12	251	1.4e-96	349.0
BCW-201870_04017	gnl|TC-DB|P75796|3.A.1.5.11	55.2	609	259	6	6	604	9	613	3.3e-184	641.3
BCW-201870_04018	gnl|TC-DB|P33590|3.A.1.5.3	26.6	447	272	17	10	425	8	429	3.5e-25	112.8
BCW-201870_04019	gnl|TC-DB|P33591|3.A.1.5.3	40.1	307	182	2	1	305	1	307	5.1e-56	214.5
BCW-201870_04020	gnl|TC-DB|P42063|3.A.1.5.20	43.9	262	143	2	17	276	40	299	8.5e-58	220.3
BCW-201870_04023	gnl|TC-DB|Q92TN0|3.A.1.4.7	85.7	385	55	0	6	390	19	403	9.6e-193	669.1
BCW-201870_04024	gnl|TC-DB|Q92TN1|3.A.1.4.7	85.0	287	43	0	1	287	1	287	3.1e-132	467.6
BCW-201870_04025	gnl|TC-DB|Q92TN2|3.A.1.4.7	73.6	311	82	0	22	332	20	330	1.7e-121	432.2
BCW-201870_04026	gnl|TC-DB|Q92TN3|3.A.1.4.7	74.8	254	64	0	1	254	1	254	1.7e-102	368.6
BCW-201870_04027	gnl|TC-DB|Q92TN4|3.A.1.4.7	72.7	238	65	0	1	238	1	238	1.1e-95	345.9
BCW-201870_04038	gnl|TC-DB|P94400|9.B.10.1.1	33.6	411	179	15	8	360	2	376	1.6e-45	179.9
BCW-201870_04041	gnl|TC-DB|A7IHU2|1.B.4.2.6	33.1	236	133	10	1	215	1	232	4.0e-23	104.8
BCW-201870_04045	gnl|TC-DB|D7A5Z9|2.A.113.1.7	38.7	336	166	7	10	343	11	308	1.9e-43	172.9
BCW-201870_04053	gnl|TC-DB|D4ZZR3|9.B.34.1.3	32.7	162	97	4	306	460	236	392	1.5e-13	74.7
BCW-201870_04054	gnl|TC-DB|Q9HT68|3.A.1.24.5	50.6	261	126	3	1	259	1	260	1.1e-64	243.0
BCW-201870_04055	gnl|TC-DB|Q9HT69|3.A.1.24.5	41.7	204	119	0	15	218	22	225	4.0e-34	141.4
BCW-201870_04056	gnl|TC-DB|Q9HT70|3.A.1.24.5	48.1	343	168	5	1	342	1	334	3.1e-78	288.5
BCW-201870_04063	gnl|TC-DB|Q9KIH3|2.A.1.3.18	31.4	509	345	1	15	519	12	520	3.3e-71	265.8
BCW-201870_04064	gnl|TC-DB|C5W790|2.A.1.3.36	30.8	351	216	6	47	388	9	341	2.9e-35	146.0
BCW-201870_04066	gnl|TC-DB|L5DDD7|2.A.109.2.3	48.7	236	119	1	8	243	373	606	7.6e-58	220.3
BCW-201870_04067	gnl|TC-DB|P72958|2.A.47.4.1	30.8	604	392	9	7	590	15	612	7.2e-67	251.5
BCW-201870_04072	gnl|TC-DB|Q92LL5|3.A.1.15.9	71.4	273	78	0	23	295	28	300	5.3e-111	397.1
BCW-201870_04073	gnl|TC-DB|Q92LL4|3.A.1.15.9	75.0	268	67	0	6	273	16	283	6.4e-112	400.2
BCW-201870_04074	gnl|TC-DB|Q92LL3|3.A.1.15.9	80.9	283	54	0	1	283	1	283	2.9e-122	434.5
BCW-201870_04075	gnl|TC-DB|Q92LL2|3.A.1.15.9	65.1	278	97	0	1	278	1	278	7.4e-94	340.1
BCW-201870_04100	gnl|TC-DB|Q8ZRG7|3.A.3.5.20	55.8	842	273	4	9	850	6	748	8.7e-239	823.2
BCW-201870_04105	gnl|TC-DB|B5U2Z3|2.A.75.1.4	67.2	201	66	0	1	201	1	201	5.7e-72	266.9
BCW-201870_04113	gnl|TC-DB|Q93N33|2.A.21.9.2	28.5	319	216	5	155	466	697	1010	1.5e-23	107.5
BCW-201870_04119	gnl|TC-DB|O05227|2.A.63.1.4	40.0	105	61	1	8	110	7	111	1.9e-13	71.6
BCW-201870_04121	gnl|TC-DB|Q7WY60|2.A.63.1.4	39.1	151	91	1	5	155	6	155	1.6e-21	99.0
BCW-201870_04122	gnl|TC-DB|Q9KD98|2.A.63.1.2	37.3	498	301	4	27	521	4	493	1.2e-84	310.5
BCW-201870_04123	gnl|TC-DB|O05260|2.A.63.1.4	45.9	111	56	1	1	111	1	107	4.5e-19	90.5
BCW-201870_04124	gnl|TC-DB|Q7AJV9|2.A.63.1.2	38.4	138	84	1	2	138	9	146	3.1e-21	97.8
BCW-201870_04125	gnl|TC-DB|Q7AJV8|2.A.63.1.2	36.5	791	462	11	16	770	11	797	7.8e-117	417.9
BCW-201870_04134	gnl|TC-DB|Q01937|3.A.1.1.4	54.5	363	159	4	1	358	1	362	1.8e-100	362.5
BCW-201870_04135	gnl|TC-DB|O51925|3.A.1.1.7	28.8	271	189	3	10	277	8	277	3.9e-23	105.1
BCW-201870_04136	gnl|TC-DB|P29823|3.A.1.1.4	33.2	277	174	6	3	272	18	290	4.5e-30	128.3
BCW-201870_04143	gnl|TC-DB|Q9F9B0|3.A.1.2.7	72.8	250	68	0	1	250	1	250	3.5e-98	354.4
BCW-201870_04144	gnl|TC-DB|Q9F9B1|3.A.1.2.7	55.0	347	156	0	15	361	14	360	1.0e-100	363.2
BCW-201870_04145	gnl|TC-DB|Q9F9B2|3.A.1.2.7	63.8	334	116	3	23	355	12	341	4.3e-115	411.0
BCW-201870_04149	gnl|TC-DB|Q50614|3.A.1.203.4	29.7	545	346	10	106	631	110	636	1.9e-60	230.3
BCW-201870_04151	gnl|TC-DB|P0ADL1|2.A.1.2.26	36.5	378	240	0	22	399	13	390	5.3e-53	204.9
BCW-201870_04162	gnl|TC-DB|Q9HU29|3.A.1.3.23	35.0	214	130	2	6	210	10	223	5.9e-22	100.9
BCW-201870_04163	gnl|TC-DB|P0AFT2|3.A.1.3.10	34.2	193	127	0	20	212	12	204	1.2e-25	113.2
BCW-201870_04164	gnl|TC-DB|P73721|3.A.1.3.12	54.9	257	108	3	1	257	1	249	4.4e-69	257.7
BCW-201870_04169	gnl|TC-DB|P0AFS1|3.A.1.2.8	29.3	273	180	3	53	319	45	310	8.2e-28	120.9
BCW-201870_04170	gnl|TC-DB|Q9X050|3.A.1.2.19	34.2	310	183	4	12	312	23	320	5.6e-32	134.8
BCW-201870_04171	gnl|TC-DB|G4FGN3|3.A.1.2.20	44.3	485	264	6	4	486	2	482	1.8e-111	399.4
BCW-201870_04178	gnl|TC-DB|Q9KN48|3.A.23.1.1	44.4	241	115	6	333	562	195	427	3.6e-48	189.5
BCW-201870_04182	gnl|TC-DB|C5D215|2.A.49.6.2	51.9	568	265	6	1	565	28	590	3.1e-147	518.5
BCW-201870_04187	gnl|TC-DB|Q6XBY3|1.B.11.6.1	26.5	803	537	17	26	794	26	809	3.1e-68	256.5
BCW-201870_04189	gnl|TC-DB|P25256|3.A.1.120.2	30.9	540	295	12	16	510	19	525	1.5e-50	197.2
BCW-201870_04191	gnl|TC-DB|Q2G506|3.A.1.210.11	36.7	580	334	12	27	589	36	599	7.5e-80	294.7
BCW-201870_04192	gnl|TC-DB|D0J060|2.A.80.1.3	44.5	326	177	2	8	329	4	329	4.9e-73	271.2
BCW-201870_04199	gnl|TC-DB|Q55473|3.A.1.1.32	27.2	246	167	5	28	265	53	294	4.0e-12	68.6
BCW-201870_04200	gnl|TC-DB|P31134|3.A.1.11.2	47.8	299	135	5	3	286	19	311	4.2e-67	251.5
BCW-201870_04203	gnl|TC-DB|P75796|3.A.1.5.11	59.1	601	239	3	6	600	12	611	6.6e-193	670.2
BCW-201870_04205	gnl|TC-DB|P75799|3.A.1.5.11	46.7	270	143	1	20	288	31	300	7.9e-51	197.2
BCW-201870_04206	gnl|TC-DB|P42062|3.A.1.5.20	45.2	314	169	2	1	311	1	314	1.3e-67	253.1
BCW-201870_04207	gnl|TC-DB|W0WLZ1|3.A.1.5.39	26.9	469	301	10	66	500	74	534	4.6e-38	155.6
BCW-201870_04211	gnl|TC-DB|P75796|3.A.1.5.11	47.7	576	263	8	13	558	12	579	3.4e-138	488.4
BCW-201870_04212	gnl|TC-DB|Q9WXR5|3.A.1.5.29	54.2	356	159	2	17	372	9	360	5.7e-110	394.0
BCW-201870_04213	gnl|TC-DB|Q9WXR6|3.A.1.5.29	53.0	328	154	0	1	328	1	328	8.6e-94	340.1
BCW-201870_04214	gnl|TC-DB|Q9WXR2|3.A.1.5.29	36.7	626	357	13	40	645	49	655	1.8e-103	373.2
BCW-201870_04218	gnl|TC-DB|Q51330|2.A.1.11.1	27.2	345	209	9	93	436	59	362	1.0e-22	104.8
BCW-201870_04220	gnl|TC-DB|P07658|3.D.1.9.2	36.1	693	421	11	252	931	4	687	1.6e-127	453.8
BCW-201870_04221	gnl|TC-DB|Q74GA3|3.D.1.5.1	38.5	519	303	5	2	508	4	518	2.8e-107	385.6
BCW-201870_04225	gnl|TC-DB|Q92R60|1.B.70.1.11	47.4	399	140	7	1	383	1	345	1.3e-93	339.7
BCW-201870_04228	gnl|TC-DB|P35116|3.A.1.3.6	51.6	250	110	1	2	240	6	255	4.6e-68	254.2
BCW-201870_04229	gnl|TC-DB|A1VZQ3|3.A.1.3.16	35.2	196	123	2	20	213	50	243	1.8e-26	115.9
BCW-201870_04230	gnl|TC-DB|P73544|3.A.1.3.12	37.0	208	117	4	17	216	310	511	7.9e-25	110.5
BCW-201870_04231	gnl|TC-DB|P0AEU0|3.A.1.3.29	25.5	259	177	5	7	256	1	252	1.1e-14	77.0
BCW-201870_04237	gnl|TC-DB|Q9I488|3.A.1.3.21	73.6	239	63	0	1	239	1	239	3.4e-100	360.9
BCW-201870_04238	gnl|TC-DB|Q9I487|3.A.1.3.21	56.8	213	91	1	1	213	1	212	1.6e-64	242.3
BCW-201870_04239	gnl|TC-DB|Q8YSA2|3.A.1.3.17	34.7	216	130	3	9	218	274	484	2.4e-23	105.5
BCW-201870_04240	gnl|TC-DB|Q9I484|3.A.1.3.21	70.5	251	72	1	20	268	23	273	2.9e-100	361.3
BCW-201870_04248	gnl|TC-DB|P0AGH1|3.A.1.105.16	61.2	363	141	0	7	369	6	368	2.5e-121	431.8
BCW-201870_04249	gnl|TC-DB|C8TJS4|3.A.1.105.16	65.3	908	306	2	13	920	11	909	0.0e+00	1152.5
BCW-201870_04250	gnl|TC-DB|P37626|3.A.1.105.16	58.6	338	140	0	11	348	12	349	8.4e-71	263.8
BCW-201870_04252	gnl|TC-DB|Q8ZNJ8|3.A.1.5.24	50.4	524	258	2	26	549	5	526	1.6e-140	496.1
BCW-201870_04253	gnl|TC-DB|Q9X0F5|3.A.1.5.12	40.5	351	202	4	30	378	19	364	1.5e-70	263.1
BCW-201870_04254	gnl|TC-DB|Q9WXR6|3.A.1.5.29	41.4	331	188	4	1	330	1	326	8.8e-70	260.4
BCW-201870_04255	gnl|TC-DB|Q9X4Y1|3.A.1.5.7	74.5	690	175	1	6	695	5	693	0.0e+00	1117.8
BCW-201870_04260	gnl|TC-DB|Q8RPR1|3.A.1.12.7	53.1	292	136	1	27	317	18	309	3.0e-88	321.6
BCW-201870_04263	gnl|TC-DB|Q8DQH7|3.A.1.4.10	48.3	234	121	0	1	234	3	236	9.5e-58	219.9
BCW-201870_04264	gnl|TC-DB|P21629|3.A.1.4.8	41.8	249	131	3	4	238	5	253	6.6e-43	170.6
BCW-201870_04266	gnl|TC-DB|P0AEX7|3.A.1.4.1	27.9	305	191	6	2	287	8	302	1.9e-20	96.3
BCW-201870_04271	gnl|TC-DB|Q9RK11|3.A.1.14.13	56.6	256	110	1	6	261	19	273	7.4e-83	303.5
BCW-201870_04272	gnl|TC-DB|Q9S214|3.A.1.14.22	39.2	296	179	1	49	343	78	373	1.3e-47	186.8
BCW-201870_04273	gnl|TC-DB|Q9S213|3.A.1.14.22	46.4	349	183	2	1	347	2	348	2.0e-72	269.2
BCW-201870_04275	gnl|TC-DB|Q82VI7|1.B.14.1.10	33.6	705	410	21	48	706	132	824	2.3e-91	333.2
BCW-201870_04283	gnl|TC-DB|A6VKT0|3.A.1.2.13	29.3	307	197	7	1	303	1	291	3.1e-24	109.0
BCW-201870_04290	gnl|TC-DB|A9CGX6|2.A.6.3.2	90.9	1033	94	0	1	1033	1	1033	0.0e+00	1748.0
BCW-201870_04294	gnl|TC-DB|O30499|2.A.20.1.4	82.6	327	57	0	1	327	1	327	9.5e-149	522.7
BCW-201870_04302	gnl|TC-DB|P75797|3.A.1.5.11	26.9	398	262	10	2	394	7	380	2.4e-29	126.7
BCW-201870_04305	gnl|TC-DB|P77308|3.A.1.5.38	40.5	328	194	1	9	336	7	333	7.1e-67	250.8
BCW-201870_04306	gnl|TC-DB|W0WMS8|3.A.1.5.39	46.0	263	136	1	39	295	36	298	1.6e-59	226.1
BCW-201870_04307	gnl|TC-DB|P75796|3.A.1.5.11	45.5	266	133	6	5	258	8	273	6.9e-52	200.7
BCW-201870_04308	gnl|TC-DB|O86575|3.A.1.5.34	47.2	212	105	3	21	226	66	276	1.3e-46	183.0
BCW-201870_04310	gnl|TC-DB|Q8G8W9|1.B.14.1.26	26.6	766	465	36	12	718	78	805	2.1e-44	177.2
BCW-201870_04311	gnl|TC-DB|Q9S215|3.A.1.14.22	51.0	253	124	0	10	262	23	275	4.6e-69	257.7
BCW-201870_04312	gnl|TC-DB|P15029|3.A.1.14.1	39.9	291	169	2	55	345	33	317	7.5e-40	161.0
BCW-201870_04313	gnl|TC-DB|P15029|3.A.1.14.1	37.8	323	188	5	20	339	2	314	1.2e-40	163.7
BCW-201870_04322	gnl|TC-DB|P0C0H0|4.D.1.1.4	30.0	150	101	3	360	505	65	214	8.7e-12	69.3
BCW-201870_04324	gnl|TC-DB|P67153|1.C.113.1.10	37.6	202	125	1	11	211	11	212	2.1e-35	145.6
BCW-201870_04334	gnl|TC-DB|Q9KKE3|3.A.1.12.6	31.2	349	206	13	8	336	11	345	3.2e-35	145.6
BCW-201870_04335	gnl|TC-DB|Q9KKE2|3.A.1.12.6	46.8	269	137	2	26	291	11	276	1.8e-58	222.6
BCW-201870_04336	gnl|TC-DB|Q8U4S5|3.A.1.12.9	58.3	288	117	1	5	289	7	294	5.5e-89	324.3
BCW-201870_04338	gnl|TC-DB|Q1LRZ2|2.A.4.3.9	46.4	334	161	5	5	321	30	362	1.2e-50	196.8
BCW-201870_04345	gnl|TC-DB|A5W2Y3|9.B.69.1.1	43.5	230	124	3	7	236	5	228	7.4e-39	157.1
BCW-201870_04362	gnl|TC-DB|P0AG34|2.A.76.1.1	28.2	195	138	2	50	244	9	201	1.5e-18	89.7
BCW-201870_04376	gnl|TC-DB|Q83XH1|3.A.1.121.4	26.1	529	338	15	3	493	1	514	8.1e-35	144.8
BCW-201870_04383	gnl|TC-DB|F7U6A3|3.A.3.6.25	90.8	918	65	4	1	914	1	903	0.0e+00	1387.9
BCW-201870_04388	gnl|TC-DB|Q9ZGB6|2.A.1.3.32	36.2	497	305	6	2	491	4	495	1.1e-68	257.3
BCW-201870_04394	gnl|TC-DB|P74477|2.A.49.6.1	28.1	423	267	11	31	434	38	442	1.4e-22	104.0
BCW-201870_04405	gnl|TC-DB|P16676|3.A.1.6.1	58.8	284	115	1	1	282	1	284	9.7e-88	320.1
BCW-201870_04406	gnl|TC-DB|P0AEB0|3.A.1.6.1	52.4	254	121	0	27	280	22	275	3.7e-72	268.1
BCW-201870_04407	gnl|TC-DB|P16701|3.A.1.6.1	47.7	260	136	0	17	276	9	268	2.9e-66	248.4
BCW-201870_04408	gnl|TC-DB|P0AG78|3.A.1.6.1	61.3	326	123	3	13	338	6	328	3.6e-111	397.9
BCW-201870_04421	gnl|TC-DB|P77529|2.A.23.1.8	31.3	453	265	12	23	452	32	461	1.4e-41	167.2
BCW-201870_04425	gnl|TC-DB|Q9HY55|4.A.2.1.17	29.3	478	237	18	438	898	549	942	3.2e-29	127.1
BCW-201870_04443	gnl|TC-DB|P0AAP1|9.B.34.1.2	30.7	179	119	3	520	698	195	368	3.6e-15	80.5
BCW-201870_04455	gnl|TC-DB|Q3J5F6|3.D.4.6.2	58.9	280	97	4	5	283	3	265	2.0e-94	342.0
BCW-201870_04459	gnl|TC-DB|P33517|3.D.4.6.2	63.4	543	188	5	32	564	15	556	2.3e-203	704.9
BCW-201870_04460	gnl|TC-DB|P08306|3.D.4.6.1	44.4	268	131	5	70	329	41	298	2.7e-58	222.2
BCW-201870_04476	gnl|TC-DB|Q6GUB2|3.A.1.25.1	61.5	226	86	1	1	225	1	226	1.0e-69	259.6
BCW-201870_04477	gnl|TC-DB|Q6GUB1|3.A.1.25.1	55.1	198	89	0	1	198	1	198	3.0e-49	191.4
BCW-201870_04478	gnl|TC-DB|Q6GUB0|2.A.88.1.1	75.1	181	45	0	1	181	1	181	2.4e-69	258.1
BCW-201870_04490	gnl|TC-DB|M3JA40|1.B.52.2.1	62.3	61	20	1	429	486	279	339	1.2e-12	71.6
BCW-201870_04491	gnl|TC-DB|I6YB99|1.C.109.1.4	43.5	239	130	4	9	245	6	241	4.7e-44	174.5
BCW-201870_04510	gnl|TC-DB|A1B618|3.A.2.1.7	63.9	72	26	0	4	75	6	77	8.7e-18	85.5
BCW-201870_04511	gnl|TC-DB|A1B619|3.A.2.1.7	38.6	246	140	3	5	249	13	248	7.3e-37	150.6
BCW-201870_04514	gnl|TC-DB|P63183|2.A.72.1.1	44.6	619	339	3	22	639	7	622	2.6e-147	518.8
BCW-201870_04515	gnl|TC-DB|P0ABI4|1.A.35.1.1	39.3	300	170	4	45	342	27	316	9.7e-48	187.2
BCW-201870_04516	gnl|TC-DB|A0L4L0|3.A.1.132.3	44.9	247	133	1	112	358	85	328	2.5e-57	219.2
BCW-201870_04535	gnl|TC-DB|P45522|2.A.37.1.2	39.3	596	348	6	12	598	11	601	5.6e-107	384.8
BCW-201870_04559	gnl|TC-DB|F3LB58|2.A.98.1.4	32.4	318	191	6	22	324	8	316	1.5e-24	110.2
BCW-201870_04573	gnl|TC-DB|O26024|2.A.20.2.9	44.6	424	232	1	16	436	2	425	2.1e-91	332.8
BCW-201870_04586	gnl|TC-DB|M3JA40|1.B.52.2.1	30.3	211	130	2	394	590	253	460	7.3e-14	75.5
BCW-201870_04608	gnl|TC-DB|P31474|2.A.1.3.51	36.9	452	270	7	5	448	12	456	1.5e-75	280.0
BCW-201870_04612	gnl|TC-DB|Q93N33|2.A.21.9.2	23.7	456	276	14	858	1255	568	1009	3.9e-17	87.4
BCW-201870_04613	gnl|TC-DB|Q55534|3.A.1.10.2	41.9	528	305	1	18	545	21	546	2.0e-103	372.9
BCW-201870_04614	gnl|TC-DB|P0AFL1|3.A.1.11.2	54.9	273	117	1	3	269	8	280	7.3e-75	276.9
BCW-201870_04615	gnl|TC-DB|P31135|3.A.1.11.2	52.8	290	132	3	14	302	29	314	6.7e-77	283.9
BCW-201870_04616	gnl|TC-DB|P31134|3.A.1.11.2	56.2	365	152	4	22	384	18	376	3.0e-106	381.7
BCW-201870_04617	gnl|TC-DB|P31133|3.A.1.11.2	56.3	350	151	2	17	364	20	369	6.6e-119	423.7
BCW-201870_04631	gnl|TC-DB|Q9Z3R9|3.A.1.1.8	77.6	362	81	0	1	362	1	362	3.0e-164	574.3
BCW-201870_04632	gnl|TC-DB|Q07837|8.A.9.1.2	34.1	539	292	16	8	513	109	617	5.3e-80	295.0
BCW-201870_04633	gnl|TC-DB|Q9Z3R7|3.A.1.1.8	71.9	370	102	1	17	386	13	380	2.5e-145	511.5
BCW-201870_04634	gnl|TC-DB|Q9Z3R6|3.A.1.1.8	72.2	334	93	0	3	336	2	335	4.5e-138	487.3
BCW-201870_04635	gnl|TC-DB|Q9Z3R5|3.A.1.1.8	71.2	459	125	2	1	453	1	458	2.7e-199	691.0
BCW-201870_04644	gnl|TC-DB|P54702|3.A.6.2.1	25.2	230	167	2	13	242	17	241	1.8e-11	66.2
BCW-201870_04645	gnl|TC-DB|P40729|3.A.6.2.1	37.4	679	399	8	25	694	28	689	2.4e-114	409.5
BCW-201870_04657	gnl|TC-DB|P0AF06|1.A.30.1.1	60.0	55	22	0	14	68	8	62	1.7e-12	70.5
BCW-201870_04661	gnl|TC-DB|P40727|3.A.6.2.1	32.1	361	227	4	1	353	1	351	7.1e-41	164.5
BCW-201870_04665	gnl|TC-DB|P09348|1.A.30.1.1	43.2	280	159	0	1	280	1	280	7.9e-59	223.8
BCW-201870_04668	gnl|TC-DB|O84676|3.A.6.3.1	43.2	405	215	9	57	453	42	439	5.2e-76	281.6
BCW-201870_04679	gnl|TC-DB|P54700|3.A.6.2.1	43.0	242	128	4	10	244	5	243	5.7e-50	194.1
BCW-201870_04696	gnl|TC-DB|Q2KCQ1|1.A.22.1.4	77.5	142	32	0	1	142	1	142	2.4e-53	204.5
BCW-201870_04697	gnl|TC-DB|Q93N33|2.A.21.9.2	39.2	1180	668	19	1	1160	1	1151	3.3e-212	735.3
BCW-201870_04712	gnl|TC-DB|Q52978|2.A.63.1.1	68.8	963	296	3	6	966	31	991	0.0e+00	1313.9
BCW-201870_04713	gnl|TC-DB|Q52980|2.A.63.1.1	73.5	113	28	1	1	111	1	113	6.6e-38	152.9
BCW-201870_04714	gnl|TC-DB|Q52981|2.A.63.1.1	60.6	536	207	1	7	542	7	538	3.9e-168	587.8
BCW-201870_04715	gnl|TC-DB|Q52982|2.A.63.1.1	44.6	157	85	2	7	162	6	161	3.9e-31	131.0
BCW-201870_04716	gnl|TC-DB|Q52983|2.A.63.1.1	64.4	90	32	0	4	93	3	92	1.4e-28	121.7
BCW-201870_04717	gnl|TC-DB|Q9Z3Q3|2.A.63.1.1	54.7	106	48	0	1	106	1	106	1.0e-25	112.5
BCW-201870_04726	gnl|TC-DB|Q89V93|2.A.102.4.6	58.5	301	122	2	1	301	76	373	1.1e-87	319.7
BCW-201870_04733	gnl|TC-DB|Q2KCS0|2.A.115.1.3	70.4	199	59	0	15	213	12	210	8.9e-76	279.6
BCW-201870_04734	gnl|TC-DB|Q2KCS0|2.A.115.1.3	58.1	203	85	0	9	211	8	210	9.9e-59	223.0
BCW-201870_04748	gnl|TC-DB|P60844|1.A.8.3.1	69.4	229	68	1	1	227	1	229	1.0e-83	306.2
BCW-201870_04760	gnl|TC-DB|O51236|3.A.1.7.5	55.9	261	112	2	11	271	3	260	1.9e-83	305.4
BCW-201870_04761	gnl|TC-DB|C3KCB6|3.A.1.7.3	30.9	217	139	3	217	427	76	287	1.4e-22	104.0
BCW-201870_04762	gnl|TC-DB|O51234|3.A.1.7.5	29.5	292	187	4	185	474	9	283	2.3e-26	116.7
BCW-201870_04775	gnl|TC-DB|Q82VI7|1.B.14.1.10	35.7	731	418	18	17	723	122	824	2.6e-119	426.0
BCW-201870_04776	gnl|TC-DB|Q55534|3.A.1.10.2	39.4	530	320	1	22	551	18	546	7.2e-101	364.4
BCW-201870_04777	gnl|TC-DB|Q55835|3.A.1.10.2	37.9	338	193	7	8	336	16	345	2.4e-54	209.1
BCW-201870_04778	gnl|TC-DB|Q82VN5|3.A.1.10.4	47.3	256	134	1	7	261	5	260	2.6e-64	242.3
BCW-201870_04779	gnl|TC-DB|P69451|4.C.1.1.4	57.7	556	227	4	15	568	2	551	2.1e-180	628.6
BCW-201870_04790	gnl|TC-DB|Q7AKP1|3.A.1.1.44	23.7	317	213	8	45	352	52	348	1.2e-15	80.9
BCW-201870_04791	gnl|TC-DB|D6ZW62|3.A.1.1.48	31.6	282	181	6	2	273	36	315	6.8e-28	120.9
BCW-201870_04792	gnl|TC-DB|Q93J93|3.A.1.1.36	32.2	289	193	2	12	298	21	308	2.0e-31	132.9
BCW-201870_04793	gnl|TC-DB|Q88P35|3.A.1.1.30	45.6	384	169	8	5	370	3	364	1.2e-75	280.0
BCW-201870_04797	gnl|TC-DB|M3JA40|1.B.52.2.1	52.1	71	34	0	451	521	280	350	1.2e-12	71.6
BCW-201870_04799	gnl|TC-DB|P25714|2.A.9.3.1	30.2	513	293	16	89	576	61	533	4.9e-63	238.8
BCW-201870_04809	gnl|TC-DB|M3JA40|1.B.52.2.1	41.6	113	53	2	572	678	293	398	2.3e-12	70.9
BCW-201870_04824	gnl|TC-DB|P0A2L3|9.A.40.1.2	32.4	290	156	5	53	341	29	279	2.3e-34	142.9
BCW-201870_04836	gnl|TC-DB|P37169|2.A.66.4.1	32.9	510	327	7	1	505	14	513	1.6e-62	236.9
BCW-201870_04849	gnl|TC-DB|P0A9V1|1.B.42.1.2	57.7	239	100	1	32	269	3	241	1.7e-76	282.3
BCW-201870_04852	gnl|TC-DB|Q1LZ59|4.A.2.1.7	36.4	151	94	2	1	149	1	151	1.1e-19	92.8
BCW-201870_04853	gnl|TC-DB|P38523|3.A.8.1.1	41.6	166	93	3	26	189	62	225	2.0e-27	119.0
BCW-201870_04874	gnl|TC-DB|P10907|3.A.1.1.3	54.5	356	155	3	1	349	1	356	4.0e-100	361.3
BCW-201870_04875	gnl|TC-DB|P10906|3.A.1.1.3	44.5	272	148	2	9	280	13	281	3.2e-65	245.0
BCW-201870_04876	gnl|TC-DB|P10905|3.A.1.1.3	41.4	290	170	0	32	321	5	294	1.2e-60	229.9
BCW-201870_04877	gnl|TC-DB|P0AG80|3.A.1.1.3	36.3	438	267	8	2	430	1	435	9.9e-74	273.9
BCW-201870_04886	gnl|TC-DB|Q9SK66|3.D.1.6.3	35.5	318	194	8	9	317	70	385	3.8e-41	165.2
BCW-201870_04897	gnl|TC-DB|Q3J192|9.A.24.1.2	36.3	124	79	0	27	150	28	151	1.9e-19	92.0
BCW-201870_04908	gnl|TC-DB|Q6SJ76|2.A.7.3.67	65.0	274	96	0	10	283	7	280	1.5e-97	352.4
BCW-201870_04918	gnl|TC-DB|P80874|8.A.5.1.4	32.8	317	186	8	21	326	1	301	3.1e-30	129.0
BCW-201870_04921	gnl|TC-DB|P77735|8.A.5.1.6	34.8	336	189	12	1	320	1	322	1.0e-38	157.1
BCW-201870_04930	gnl|TC-DB|M8ABW0|2.A.89.2.2	99.1	327	3	0	1	327	1	327	6.6e-179	622.9
BCW-201870_04932	gnl|TC-DB|D5ALT6|2.A.56.3.4	62.9	367	134	2	1	367	1	365	5.9e-136	480.3
BCW-201870_04947	gnl|TC-DB|P96668|2.A.7.3.24	68.4	291	88	1	1	291	1	287	1.3e-106	382.5
BCW-201870_04957	gnl|TC-DB|Q9L718|3.A.7.18.1	34.6	266	135	8	1	229	1	264	3.7e-26	115.2
BCW-201870_04958	gnl|TC-DB|Q9L717|3.A.7.18.1	33.2	527	257	10	52	525	74	558	2.4e-69	259.6
BCW-201870_04959	gnl|TC-DB|Q9L716|3.A.7.18.1	39.8	123	68	4	110	230	95	213	1.2e-12	70.1
BCW-201870_04960	gnl|TC-DB|Q9L715|3.A.7.18.1	45.4	394	212	1	31	421	124	517	3.6e-100	361.7
BCW-201870_04961	gnl|TC-DB|Q9L714|3.A.7.18.1	67.8	506	139	4	1	487	1	501	1.0e-191	666.0
BCW-201870_04970	gnl|TC-DB|C9RH03|2.A.109.3.1	46.6	354	163	4	6	354	4	336	7.1e-81	297.4
BCW-201870_04971	gnl|TC-DB|Q9ZE70|2.A.7.3.7	26.3	281	195	4	13	289	11	283	4.5e-20	95.1
BCW-201870_04974	gnl|TC-DB|P72827|3.A.1.10.2	42.8	327	180	5	22	343	35	359	4.0e-73	271.6
BCW-201870_04977	gnl|TC-DB|P33362|3.A.1.12.15	57.0	277	119	0	27	303	29	305	5.3e-90	327.4
BCW-201870_04978	gnl|TC-DB|P33361|3.A.1.12.15	42.5	379	199	7	35	404	5	373	4.8e-65	245.0
BCW-201870_04979	gnl|TC-DB|P33360|3.A.1.12.15	52.1	309	146	2	1	308	1	308	1.3e-83	306.2
BCW-201870_04980	gnl|TC-DB|P33359|3.A.1.12.15	45.8	236	125	1	7	242	8	240	2.0e-42	169.1
BCW-201870_04985	gnl|TC-DB|P33916|3.A.1.5.21	55.9	526	232	0	6	531	2	527	2.2e-163	572.0
BCW-201870_04986	gnl|TC-DB|P33915|3.A.1.5.21	51.3	359	150	2	21	378	5	339	4.6e-99	357.8
BCW-201870_04987	gnl|TC-DB|P0AFU1|3.A.1.5.21	59.0	373	133	2	1	362	1	364	3.0e-124	441.4
BCW-201870_04988	gnl|TC-DB|P33913|3.A.1.5.21	34.6	602	371	9	10	608	6	587	1.3e-98	357.1
BCW-201870_04999	gnl|TC-DB|Q97UG5|3.A.1.5.8	34.2	260	153	6	6	255	8	259	8.4e-36	147.1
BCW-201870_05000	gnl|TC-DB|Q52666|3.A.1.3.7	32.7	199	126	3	26	223	37	228	7.4e-23	104.0
BCW-201870_05002	gnl|TC-DB|P16677|3.A.1.9.1	45.3	243	128	2	5	242	7	249	1.6e-51	199.5
BCW-201870_05003	gnl|TC-DB|P16682|3.A.1.9.1	29.9	261	161	6	8	263	13	256	3.5e-25	112.1
BCW-201870_05004	gnl|TC-DB|A0QQ68|3.A.1.9.2	30.7	189	131	0	128	316	84	272	8.7e-22	100.9
BCW-201870_05005	gnl|TC-DB|P16683|3.A.1.9.1	35.9	220	131	3	229	444	46	259	4.4e-32	135.6
BCW-201870_05013	gnl|TC-DB|P0ABV2|1.A.30.2.1	63.1	141	51	1	1	141	1	140	5.9e-40	160.2
BCW-201870_05014	gnl|TC-DB|P0ABU7|1.A.30.2.1	55.5	220	93	2	165	382	9	225	5.3e-53	204.9
BCW-201870_05016	gnl|TC-DB|Q55107|3.A.1.16.3	48.2	247	123	4	4	246	5	250	2.0e-61	232.3
BCW-201870_05017	gnl|TC-DB|Q2BM70|3.A.1.17.4	33.3	234	150	2	27	255	74	306	1.9e-35	146.0
BCW-201870_05021	gnl|TC-DB|A0M015|1.A.62.2.1	33.7	199	132	0	1	199	6	204	2.2e-26	115.5
BCW-201870_05030	gnl|TC-DB|P37643|2.A.1.6.10	40.1	409	239	3	29	431	21	429	6.0e-74	274.6
BCW-201870_05031	gnl|TC-DB|P0ABJ1|3.D.4.5.1	42.1	318	173	3	1	316	3	311	4.5e-72	268.1
BCW-201870_05032	gnl|TC-DB|P0ABI8|3.D.4.5.1	67.9	648	205	2	11	656	1	647	1.1e-270	928.7
BCW-201870_05033	gnl|TC-DB|P0ABJ3|3.D.4.5.1	58.8	187	76	1	23	208	18	204	1.4e-62	235.7
BCW-201870_05034	gnl|TC-DB|P0ABJ6|3.D.4.5.1	49.0	100	50	1	21	120	9	107	2.9e-24	107.8
BCW-201870_05044	gnl|TC-DB|Q8DU39|3.A.1.2.12	38.6	329	185	4	1	323	1	318	7.7e-55	210.7
BCW-201870_05045	gnl|TC-DB|Q8DU38|3.A.1.2.12	31.8	352	218	7	16	355	9	350	8.5e-34	141.0
BCW-201870_05046	gnl|TC-DB|Q8DU37|3.A.1.2.12	48.5	495	254	1	7	500	6	500	6.7e-130	460.7
BCW-201870_05047	gnl|TC-DB|D2BKA1|3.A.1.2.17	32.6	356	194	8	1	319	1	347	6.3e-36	147.9
BCW-201870_05051	gnl|TC-DB|P0A6Y8|1.A.33.1.2	67.3	640	197	5	1	630	1	638	3.0e-236	814.3
BCW-201870_05055	gnl|TC-DB|D0J0R9|2.A.80.1.3	64.8	503	174	2	1	500	1	503	3.6e-168	587.8
BCW-201870_05056	gnl|TC-DB|S6CBZ0|2.A.80.1.2	33.1	142	84	2	14	144	12	153	2.9e-12	68.2
BCW-201870_05057	gnl|TC-DB|D0J060|2.A.80.1.3	39.4	327	182	4	3	322	7	324	1.9e-53	206.1
BCW-201870_05058	gnl|TC-DB|Q9KN48|3.A.23.1.1	36.1	299	176	5	78	367	123	415	5.5e-43	171.8
BCW-201870_05059	gnl|TC-DB|Q9HV74|2.A.21.9.1	28.8	236	157	5	368	597	744	974	1.2e-19	94.7
BCW-201870_05067	gnl|TC-DB|G0CIY2|9.B.18.1.1	49.2	189	93	1	48	236	293	478	1.5e-42	169.5
BCW-201870_05079	gnl|TC-DB|Q9KWT9|3.A.1.1.10	56.6	357	144	5	1	349	2	355	1.5e-104	375.9
BCW-201870_05080	gnl|TC-DB|G4FGN6|3.A.1.1.41	37.4	278	168	2	1	276	5	278	3.5e-48	188.3
BCW-201870_05081	gnl|TC-DB|G4FGN7|3.A.1.1.41	36.1	288	177	3	21	304	1	285	2.0e-44	176.0
BCW-201870_05082	gnl|TC-DB|Q8KN19|3.A.1.1.33	25.2	381	259	10	31	403	62	424	2.0e-15	80.1
BCW-201870_05086	gnl|TC-DB|Q5FA63|3.A.1.15.10	42.2	327	162	5	13	338	6	306	3.5e-50	195.3
BCW-201870_05087	gnl|TC-DB|A1IQK4|3.A.1.15.10	52.1	284	135	1	3	285	5	288	3.3e-73	271.6
BCW-201870_05088	gnl|TC-DB|A1IQK5|3.A.1.15.10	42.6	216	122	1	6	219	13	228	1.3e-42	169.9
BCW-201870_05089	gnl|TC-DB|P94400|9.B.10.1.1	50.1	393	191	5	3	393	2	391	7.5e-100	360.5
BCW-201870_05090	gnl|TC-DB|B1J6T5|9.B.27.3.3	61.0	136	51	2	10	144	7	141	2.0e-39	158.3
BCW-201870_05092	gnl|TC-DB|P94400|9.B.10.1.1	26.1	383	226	16	22	359	1	371	6.6e-18	88.2
BCW-201870_05093	gnl|TC-DB|P0AG80|3.A.1.1.3	46.5	434	225	6	1	430	1	431	3.3e-109	391.7
BCW-201870_05094	gnl|TC-DB|P10905|3.A.1.1.3	56.2	288	126	0	5	292	7	294	1.5e-86	315.8
BCW-201870_05095	gnl|TC-DB|P10906|3.A.1.1.3	58.2	282	117	1	1	282	1	281	7.4e-86	313.5
BCW-201870_05096	gnl|TC-DB|P10907|3.A.1.1.3	52.3	363	156	5	1	353	1	356	2.0e-96	349.0
BCW-201870_05098	gnl|TC-DB|Q8KJH6|1.B.39.1.5	64.7	224	76	3	11	232	8	230	3.8e-80	294.3
BCW-201870_05099	gnl|TC-DB|Q9I458|2.A.1.11.2	25.6	398	268	8	19	413	7	379	3.5e-18	89.4
BCW-201870_05105	gnl|TC-DB|A6VKS9|3.A.1.2.13	37.0	300	181	3	27	326	20	311	7.2e-40	161.0
BCW-201870_05106	gnl|TC-DB|G4FGN3|3.A.1.2.20	43.2	495	271	5	12	501	4	493	2.8e-104	375.6
BCW-201870_05108	gnl|TC-DB|Q8Y3H0|2.A.6.2.45	61.5	996	380	3	1	993	1	996	0.0e+00	1166.4
BCW-201870_05109	gnl|TC-DB|P0AE06|8.A.1.6.1	45.6	388	203	2	8	395	12	391	2.0e-84	309.3
BCW-201870_05115	gnl|TC-DB|P46889|3.A.12.1.2	52.4	502	217	9	380	877	841	1324	2.2e-131	466.5
BCW-201870_05116	gnl|TC-DB|P33950|3.A.1.5.27	26.7	531	331	16	12	503	3	514	2.1e-36	150.2
BCW-201870_05117	gnl|TC-DB|P42062|3.A.1.5.20	36.2	315	192	4	10	322	7	314	1.3e-46	183.3
BCW-201870_05118	gnl|TC-DB|O86571|3.A.1.5.34	36.1	288	160	5	6	269	42	329	3.4e-27	118.6
BCW-201870_05119	gnl|TC-DB|Q2FZR5|3.A.1.5.19	39.4	264	146	3	6	258	5	265	2.2e-47	185.7
BCW-201870_05120	gnl|TC-DB|P75796|3.A.1.5.11	48.7	234	120	0	20	253	335	568	1.2e-55	213.0
BCW-201870_05126	gnl|TC-DB|P39325|3.A.1.2.25	69.4	310	93	2	11	319	10	318	4.0e-112	401.0
BCW-201870_05127	gnl|TC-DB|Q6BEX0|3.A.1.2.25	59.4	493	198	1	7	499	9	499	1.6e-168	589.0
BCW-201870_05128	gnl|TC-DB|P39328|3.A.1.2.25	60.3	315	125	0	13	327	23	337	1.0e-92	336.7
BCW-201870_05129	gnl|TC-DB|P37772|3.A.1.2.25	61.1	316	122	1	5	319	4	319	1.6e-100	362.5
BCW-201870_05131	gnl|TC-DB|P0ADL1|2.A.1.2.26	38.7	388	234	1	10	393	3	390	2.7e-65	245.7
BCW-201870_05141	gnl|TC-DB|Q01937|3.A.1.1.4	57.6	316	130	2	1	312	1	316	2.1e-98	355.5
BCW-201870_05142	gnl|TC-DB|G4FGN6|3.A.1.1.41	31.1	270	183	2	15	281	8	277	8.3e-37	150.6
BCW-201870_05143	gnl|TC-DB|O51924|3.A.1.1.7	27.2	268	194	1	40	307	28	294	8.6e-27	117.5
BCW-201870_05144	gnl|TC-DB|Q9L027|3.A.1.1.21	30.3	294	194	6	63	352	62	348	3.7e-28	122.5
BCW-201870_05148	gnl|TC-DB|Q9MUK5|3.A.9.1.1	45.9	148	77	2	70	216	61	206	6.6e-28	121.7
BCW-201870_05149	gnl|TC-DB|Q1J0W6|9.B.34.1.1	34.4	163	93	6	321	480	190	341	4.3e-11	66.6
BCW-201870_05150	gnl|TC-DB|Q9I402|3.A.1.3.22	37.5	269	166	2	27	294	29	296	4.0e-50	194.9
BCW-201870_05151	gnl|TC-DB|Q9I402|3.A.1.3.22	45.0	278	141	6	29	300	29	300	7.4e-60	227.3
