BCW-200460_00007	gnl|TC-DB|P0AG96|3.A.5.1.1	41.9	124	70	1	1	122	1	124	5.7e-19	90.1
BCW-200460_00010	gnl|TC-DB|Q9ZK21|1.C.82.1.1	50.2	227	113	0	3	229	4	230	6.3e-59	223.8
BCW-200460_00026	gnl|TC-DB|P71997|2.A.53.4.2	29.1	516	362	3	9	520	19	534	3.3e-50	196.1
BCW-200460_00027	gnl|TC-DB|P0AAD6|2.A.42.2.1	66.7	412	129	3	21	424	16	427	1.4e-149	525.8
BCW-200460_00033	gnl|TC-DB|Q9KN45|3.A.23.1.1	24.6	358	214	14	55	367	126	472	5.3e-14	77.0
BCW-200460_00037	gnl|TC-DB|Q6EE21|3.A.23.2.1	53.5	157	73	0	2	158	3	159	4.5e-44	174.1
BCW-200460_00038	gnl|TC-DB|Q6EE20|3.A.23.2.1	58.9	491	198	1	5	491	2	492	5.9e-171	597.0
BCW-200460_00041	gnl|TC-DB|Q6EE16|3.A.23.2.1	33.4	607	381	11	8	592	3	608	1.7e-84	310.1
BCW-200460_00043	gnl|TC-DB|Q6EE14|3.A.23.2.1	50.7	862	382	10	2	845	4	840	3.8e-218	754.6
BCW-200460_00047	gnl|TC-DB|A8YQR5|3.A.23.2.1	37.1	509	302	6	1	492	1	508	3.2e-87	319.3
BCW-200460_00055	gnl|TC-DB|W0WLZ8|3.A.1.5.39	88.2	322	38	0	1	322	1	322	2.3e-160	561.2
BCW-200460_00056	gnl|TC-DB|W0WJ90|3.A.1.5.39	79.6	318	65	0	1	318	1	318	4.4e-143	503.8
BCW-200460_00057	gnl|TC-DB|W0WMS8|3.A.1.5.39	88.3	298	35	0	11	308	6	303	1.4e-143	505.4
BCW-200460_00058	gnl|TC-DB|W0WN20|3.A.1.5.39	86.3	336	46	0	1	336	1	336	1.4e-163	572.0
BCW-200460_00059	gnl|TC-DB|W0WL02|3.A.1.5.39	62.5	526	196	1	6	531	6	530	1.0e-197	686.0
BCW-200460_00060	gnl|TC-DB|Q9HVS0|1.B.25.1.9	46.6	489	226	6	5	470	8	484	2.9e-119	425.2
BCW-200460_00061	gnl|TC-DB|W0WLZ1|3.A.1.5.39	72.7	527	141	2	6	531	11	535	1.4e-231	798.5
BCW-200460_00062	gnl|TC-DB|W0WLZ1|3.A.1.5.39	76.3	539	119	2	1	539	6	535	3.4e-249	857.1
BCW-200460_00063	gnl|TC-DB|W0WLZ1|3.A.1.5.39	68.9	531	164	1	92	622	8	537	1.2e-226	782.3
BCW-200460_00065	gnl|TC-DB|O32105|2.A.8.1.12	52.6	403	181	4	43	438	43	442	3.9e-110	394.8
BCW-200460_00068	gnl|TC-DB|G8WDN2|2.A.7.21.5	65.5	142	49	0	18	159	1	142	2.1e-45	178.3
BCW-200460_00069	gnl|TC-DB|G8WDN3|2.A.7.21.5	65.7	143	47	1	4	146	1	141	1.1e-40	162.5
BCW-200460_00072	gnl|TC-DB|P23865|9.B.174.1.2	44.3	700	332	10	8	687	8	669	1.2e-140	496.9
BCW-200460_00075	gnl|TC-DB|P69874|3.A.1.11.1	49.8	279	138	1	4	282	18	294	1.9e-72	269.2
BCW-200460_00083	gnl|TC-DB|P40727|3.A.6.2.1	41.6	375	217	2	1	375	1	373	2.5e-68	255.8
BCW-200460_00084	gnl|TC-DB|P54702|3.A.6.2.1	37.0	257	156	4	4	257	1	254	8.5e-36	147.1
BCW-200460_00085	gnl|TC-DB|P0A1L5|3.A.6.2.1	39.3	89	54	0	1	89	1	89	1.8e-14	74.7
BCW-200460_00086	gnl|TC-DB|P54700|3.A.6.2.1	54.3	247	109	1	1	247	1	243	2.5e-61	231.9
BCW-200460_00088	gnl|TC-DB|P26419|3.A.6.2.1	42.2	154	67	3	1	151	1	135	9.6e-24	106.3
BCW-200460_00097	gnl|TC-DB|P26465|3.A.6.2.1	61.6	425	156	1	29	446	29	453	7.3e-144	506.9
BCW-200460_00100	gnl|TC-DB|P15928|3.A.6.2.1	35.1	576	334	11	28	594	14	558	6.3e-79	291.6
BCW-200460_00102	gnl|TC-DB|Q9KN48|3.A.23.1.1	36.6	355	212	4	108	449	171	525	1.1e-49	194.1
BCW-200460_00103	gnl|TC-DB|Q9HV74|2.A.21.9.1	27.5	385	239	11	39	393	600	974	2.3e-24	109.8
BCW-200460_00104	gnl|TC-DB|Q9KN48|3.A.23.1.1	36.8	432	231	8	74	477	107	524	1.1e-57	220.7
BCW-200460_00118	gnl|TC-DB|Q6MMD5|9.B.18.2.1	34.8	276	156	7	5	259	292	564	5.0e-33	138.3
BCW-200460_00119	gnl|TC-DB|Q50864|4.D.1.3.4	30.9	447	276	11	536	958	403	840	6.1e-47	186.0
BCW-200460_00128	gnl|TC-DB|Q50864|4.D.1.3.4	30.6	555	351	14	308	842	293	833	9.5e-50	195.7
BCW-200460_00131	gnl|TC-DB|Q15HU6|3.A.7.14.2	34.8	164	102	2	246	408	24	183	2.6e-18	89.7
BCW-200460_00136	gnl|TC-DB|Q9KN48|3.A.23.1.1	42.9	217	122	2	231	446	217	432	2.2e-43	173.3
BCW-200460_00142	gnl|TC-DB|P37621|2.A.1.46.7	50.4	397	192	1	5	396	1	397	7.7e-97	350.5
BCW-200460_00145	gnl|TC-DB|P15993|2.A.3.1.3	66.2	467	146	3	1	466	2	457	2.4e-169	591.7
BCW-200460_00161	gnl|TC-DB|Q6T3V6|2.A.38.1.2	48.3	474	241	4	12	483	20	491	2.3e-119	425.6
BCW-200460_00172	gnl|TC-DB|Q5EAK4|2.A.16.2.2	28.4	331	196	11	36	336	1391	1710	1.6e-20	97.8
BCW-200460_00179	gnl|TC-DB|Q1C5U1|1.B.12.8.1	33.6	458	270	12	333	764	287	736	8.5e-60	228.4
BCW-200460_00194	gnl|TC-DB|O50455|1.A.35.3.5	35.6	298	183	3	34	323	70	366	2.6e-50	195.7
BCW-200460_00209	gnl|TC-DB|O05307|4.C.1.1.3	39.1	593	342	3	17	609	20	593	4.0e-121	431.8
BCW-200460_00214	gnl|TC-DB|Q45632|2.A.1.65.9	25.9	328	231	7	12	333	19	340	4.0e-18	89.0
BCW-200460_00226	gnl|TC-DB|P31466|2.A.40.7.6	48.6	430	221	0	20	449	13	442	3.6e-119	424.9
BCW-200460_00228	gnl|TC-DB|O32142|9.B.35.2.1	43.6	117	63	1	1	117	1	114	3.2e-27	117.5
BCW-200460_00233	gnl|TC-DB|A9CI11|9.B.43.1.1	38.9	427	227	5	7	430	9	404	2.3e-86	315.8
BCW-200460_00234	gnl|TC-DB|Q46821|2.A.40.3.3	51.3	415	200	2	22	434	29	443	1.9e-107	386.0
BCW-200460_00235	gnl|TC-DB|B7V282|1.B.10.2.2	59.0	278	97	2	1	261	1	278	5.0e-97	350.5
BCW-200460_00236	gnl|TC-DB|B7V282|1.B.10.2.2	63.3	278	85	2	1	261	1	278	2.5e-104	374.8
BCW-200460_00245	gnl|TC-DB|P75783|1.A.23.3.2	24.3	752	495	21	13	717	8	732	3.1e-32	136.7
BCW-200460_00248	gnl|TC-DB|Q9SXJ7|3.A.9.1.2	40.1	805	387	14	12	736	128	917	4.8e-156	548.1
BCW-200460_00261	gnl|TC-DB|P0AFC3|3.D.1.1.1	65.2	132	45	1	1	132	3	133	1.1e-42	169.1
BCW-200460_00262	gnl|TC-DB|P0AFC7|3.D.1.1.1	77.2	224	47	1	1	224	1	220	1.3e-106	382.1
BCW-200460_00263	gnl|TC-DB|P33599|3.D.1.1.1	75.2	580	142	2	16	594	18	596	2.4e-280	960.7
BCW-200460_00264	gnl|TC-DB|P0AFD1|3.D.1.1.1	69.0	158	49	0	7	164	8	165	3.6e-64	240.7
BCW-200460_00265	gnl|TC-DB|P31979|3.D.1.1.1	77.5	422	93	1	12	433	4	423	1.9e-200	694.9
BCW-200460_00266	gnl|TC-DB|P33602|3.D.1.1.1	64.8	908	316	2	1	904	1	908	0.0e+00	1203.0
BCW-200460_00267	gnl|TC-DB|P0AFD4|3.D.1.1.1	72.8	327	84	3	1	327	1	322	3.8e-137	484.2
BCW-200460_00268	gnl|TC-DB|P0AFD6|3.D.1.1.1	83.5	176	29	0	7	182	5	180	4.6e-73	270.4
BCW-200460_00269	gnl|TC-DB|P0AFE0|3.D.1.1.1	63.8	163	58	1	1	163	1	162	5.9e-51	196.8
BCW-200460_00270	gnl|TC-DB|P0AFE4|3.D.1.1.1	51.5	99	48	0	4	102	2	100	3.3e-20	94.0
BCW-200460_00271	gnl|TC-DB|P33607|3.D.1.1.1	67.5	615	197	2	1	615	1	612	1.8e-233	805.1
BCW-200460_00272	gnl|TC-DB|P0AFE8|3.D.1.1.1	71.0	507	142	3	1	504	1	505	2.1e-200	694.9
BCW-200460_00273	gnl|TC-DB|P0AFF0|3.D.1.1.1	58.1	485	197	2	1	483	1	481	8.7e-151	530.0
BCW-200460_00275	gnl|TC-DB|B7V849|1.B.25.1.32	62.5	419	155	2	25	441	30	448	8.7e-158	553.1
BCW-200460_00279	gnl|TC-DB|Q88RT6|2.A.6.1.5	82.6	1045	181	1	1	1044	1	1045	0.0e+00	1663.3
BCW-200460_00280	gnl|TC-DB|Q88RT5|2.A.6.1.5	67.0	339	112	0	59	397	78	416	6.9e-122	433.7
BCW-200460_00281	gnl|TC-DB|Q88RT4|2.A.6.1.5	56.7	381	165	0	31	411	36	416	8.0e-97	350.5
BCW-200460_00283	gnl|TC-DB|Q9HV74|2.A.21.9.1	27.7	282	166	9	178	449	704	957	9.1e-12	68.2
BCW-200460_00290	gnl|TC-DB|Q1LRZ2|2.A.4.3.9	46.6	337	141	7	4	306	30	361	1.5e-52	203.0
BCW-200460_00295	gnl|TC-DB|P76330|9.B.34.1.4	34.5	171	104	3	163	330	392	557	8.3e-18	87.8
BCW-200460_00298	gnl|TC-DB|P16482|2.A.1.6.1	78.0	419	92	0	8	426	23	441	1.1e-181	632.5
BCW-200460_00301	gnl|TC-DB|P45522|2.A.37.1.2	44.9	594	317	8	6	597	5	590	7.2e-123	437.6
BCW-200460_00307	gnl|TC-DB|F8SVK1|2.A.1.6.11	59.6	540	204	2	12	537	9	548	4.4e-188	654.1
BCW-200460_00310	gnl|TC-DB|Q07711|3.A.7.7.1	29.1	598	392	11	3	589	4	580	7.1e-68	255.0
BCW-200460_00316	gnl|TC-DB|P96878|2.A.53.3.12	28.2	170	115	3	26	189	571	739	7.2e-12	67.4
BCW-200460_00321	gnl|TC-DB|P71879|2.A.1.3.49	31.0	403	264	6	14	406	9	407	4.8e-34	142.1
BCW-200460_00326	gnl|TC-DB|Q6MLK6|1.A.46.2.5	36.6	295	179	3	1	288	7	300	8.7e-53	203.8
BCW-200460_00330	gnl|TC-DB|A0L3E7|2.A.51.1.4	72.8	437	118	1	11	446	16	452	6.4e-185	643.3
BCW-200460_00335	gnl|TC-DB|P0A754|2.A.37.1.1	35.3	116	61	3	80	195	45	146	5.3e-14	74.7
BCW-200460_00351	gnl|TC-DB|P31134|3.A.1.11.2	62.3	358	133	2	22	378	19	375	2.3e-119	425.2
BCW-200460_00352	gnl|TC-DB|P31135|3.A.1.11.2	60.0	290	116	0	15	304	28	317	1.8e-101	365.5
BCW-200460_00353	gnl|TC-DB|P0AFL1|3.A.1.11.2	64.0	264	95	0	10	273	15	278	4.1e-87	317.8
BCW-200460_00354	gnl|TC-DB|P31133|3.A.1.11.2	56.5	359	155	1	8	365	12	370	2.1e-117	418.7
BCW-200460_00361	gnl|TC-DB|Q46839|2.A.14.1.2	45.1	583	293	5	1	581	2	559	3.1e-131	465.3
BCW-200460_00399	gnl|TC-DB|A3M9E9|2.A.1.2.51	25.5	353	250	6	9	352	6	354	7.6e-15	78.2
BCW-200460_00402	gnl|TC-DB|P77529|2.A.23.1.8	80.0	461	92	0	1	461	1	461	3.6e-199	690.6
BCW-200460_00408	gnl|TC-DB|A3N294|3.A.1.20.3	31.8	333	215	8	5	327	8	338	1.4e-38	156.8
BCW-200460_00409	gnl|TC-DB|Q9KLQ6|3.A.1.20.2	27.1	547	375	10	22	552	142	680	3.6e-39	159.5
BCW-200460_00410	gnl|TC-DB|P74127|3.A.1.10.2	45.8	299	148	4	31	319	36	330	2.7e-64	242.3
BCW-200460_00412	gnl|TC-DB|Q88CP1|3.A.3.6.12	75.5	739	160	2	35	771	31	750	3.8e-302	1033.5
BCW-200460_00418	gnl|TC-DB|P08839|8.A.7.1.1	38.1	567	331	9	180	730	4	566	9.2e-99	357.8
BCW-200460_00439	gnl|TC-DB|P0AFL1|3.A.1.11.2	63.8	265	96	0	9	273	14	278	3.1e-87	318.2
BCW-200460_00440	gnl|TC-DB|P31135|3.A.1.11.2	61.2	286	111	0	17	302	28	313	1.5e-100	362.5
BCW-200460_00441	gnl|TC-DB|P31134|3.A.1.11.2	63.7	358	128	2	22	378	19	375	4.0e-119	424.5
BCW-200460_00442	gnl|TC-DB|P31133|3.A.1.11.2	57.1	359	150	3	11	365	12	370	1.6e-120	429.1
BCW-200460_00443	gnl|TC-DB|P31133|3.A.1.11.2	57.3	372	154	4	1	369	1	370	7.1e-121	430.3
BCW-200460_00449	gnl|TC-DB|Q8KZQ6|3.A.1.17.2	86.4	264	36	0	4	267	6	269	6.1e-130	459.9
BCW-200460_00450	gnl|TC-DB|O85765|3.A.1.17.2	93.3	253	17	0	4	256	9	261	9.1e-131	462.6
BCW-200460_00452	gnl|TC-DB|O85763|3.A.1.17.2	88.1	320	38	0	1	320	1	320	2.0e-159	558.1
BCW-200460_00455	gnl|TC-DB|Q51510|1.B.25.1.2	61.0	467	152	8	1	449	6	460	7.0e-155	543.5
BCW-200460_00456	gnl|TC-DB|Q47537|3.A.1.17.1	54.0	322	144	2	6	327	2	319	7.1e-96	347.1
BCW-200460_00462	gnl|TC-DB|Q8F3M7|3.A.15.4.1	40.5	481	280	3	109	588	82	557	1.2e-98	357.1
BCW-200460_00468	gnl|TC-DB|Q82VN6|3.A.1.10.4	51.3	517	250	2	19	533	1	517	1.4e-130	463.0
BCW-200460_00469	gnl|TC-DB|Q82VN7|3.A.1.10.4	52.3	323	154	0	11	333	20	342	8.1e-100	360.1
BCW-200460_00477	gnl|TC-DB|S6URY0|1.E.11.3.2	84.4	45	7	0	1	45	1	45	2.5e-16	80.1
BCW-200460_00479	gnl|TC-DB|P37626|3.A.1.105.16	47.6	336	142	5	18	320	15	349	1.1e-45	180.3
BCW-200460_00480	gnl|TC-DB|C8TJS4|3.A.1.105.16	54.9	902	401	2	7	907	14	910	2.1e-275	944.9
BCW-200460_00481	gnl|TC-DB|P0AGH1|3.A.1.105.16	50.8	372	183	0	1	372	1	372	7.4e-94	340.5
BCW-200460_00486	gnl|TC-DB|P08194|2.A.1.4.3	74.6	421	107	0	1	421	1	421	9.0e-195	676.0
BCW-200460_00489	gnl|TC-DB|Q66DP5|5.B.1.3.1	31.0	326	212	8	1	316	3	325	1.7e-38	156.4
BCW-200460_00491	gnl|TC-DB|B9DIS8|9.B.97.5.1	32.5	351	218	12	37	371	18	365	2.1e-41	167.2
BCW-200460_00492	gnl|TC-DB|P40290|3.A.6.1.1	30.0	247	149	6	160	393	151	386	1.1e-13	74.3
BCW-200460_00495	gnl|TC-DB|P54535|3.A.1.3.15	24.8	254	180	5	4	252	3	250	9.1e-14	73.9
BCW-200460_00496	gnl|TC-DB|P42200|3.A.1.3.14	34.1	208	133	2	16	219	27	234	4.1e-23	104.8
BCW-200460_00497	gnl|TC-DB|P0AFT2|3.A.1.3.10	35.4	206	133	0	8	213	10	215	2.9e-29	125.2
BCW-200460_00498	gnl|TC-DB|Q9I488|3.A.1.3.21	56.5	239	104	0	3	241	1	239	5.8e-71	263.8
BCW-200460_00502	gnl|TC-DB|E4PCL6|9.B.27.2.7	37.2	183	111	2	2	180	3	185	3.3e-25	111.7
BCW-200460_00506	gnl|TC-DB|E3HXW9|2.A.108.2.7	37.1	630	371	9	6	615	3	627	1.9e-94	343.2
BCW-200460_00510	gnl|TC-DB|Q87R31|1.B.48.5.1	45.6	193	89	4	6	191	4	187	6.3e-36	147.1
BCW-200460_00512	gnl|TC-DB|P0AG34|2.A.76.1.1	34.4	209	133	2	1	208	1	206	8.9e-28	120.2
BCW-200460_00514	gnl|TC-DB|Q83XH1|3.A.1.121.4	33.4	512	334	3	1	505	1	512	7.8e-75	278.1
BCW-200460_00531	gnl|TC-DB|P27838|9.B.21.2.1	40.2	107	58	3	3	105	1	105	5.6e-18	86.7
BCW-200460_00540	gnl|TC-DB|O67997|1.A.11.1.4	63.8	437	140	7	9	440	12	435	5.7e-141	497.3
BCW-200460_00562	gnl|TC-DB|Q9F5N7|2.A.66.1.9	38.9	437	263	2	14	449	25	458	9.3e-70	260.8
BCW-200460_00577	gnl|TC-DB|P45420|1.B.11.5.1	25.1	793	570	11	14	802	21	793	3.9e-79	292.7
BCW-200460_00586	gnl|TC-DB|W0WQF0|3.A.1.5.39	73.3	528	138	1	1	528	1	525	2.6e-225	777.7
BCW-200460_00603	gnl|TC-DB|P0ABU7|1.A.30.2.1	63.0	235	82	2	85	317	6	237	2.7e-68	255.4
BCW-200460_00604	gnl|TC-DB|P0ABV2|1.A.30.2.1	68.3	142	44	1	1	142	1	141	2.0e-47	184.9
BCW-200460_00605	gnl|TC-DB|Q79AD1|2.C.1.1.2	36.1	108	69	0	138	245	151	258	4.9e-17	84.7
BCW-200460_00622	gnl|TC-DB|B2D7K2|3.A.23.1.1	39.6	523	288	9	10	517	6	515	2.5e-103	372.9
BCW-200460_00625	gnl|TC-DB|Q9KN45|3.A.23.1.1	25.2	1232	808	27	1	1175	1	1176	1.5e-103	374.4
BCW-200460_00626	gnl|TC-DB|Q9KN50|3.A.23.1.1	33.6	214	142	0	61	274	37	250	4.1e-31	131.7
BCW-200460_00627	gnl|TC-DB|Q9KN51|3.A.23.1.1	37.3	442	273	4	4	443	5	444	5.8e-85	311.2
BCW-200460_00631	gnl|TC-DB|Q9KN48|3.A.23.1.1	40.7	364	183	4	167	499	166	527	5.8e-65	245.0
BCW-200460_00632	gnl|TC-DB|Q9KN49|3.A.23.1.1	48.1	885	414	8	1	870	1	855	1.1e-212	736.5
BCW-200460_00634	gnl|TC-DB|Q9KN55|3.A.23.1.1	40.1	609	331	9	1	595	1	589	3.4e-125	445.3
BCW-200460_00639	gnl|TC-DB|Q6EE20|3.A.23.2.1	42.8	488	270	4	3	488	9	489	2.4e-108	389.0
BCW-200460_00642	gnl|TC-DB|B2D7K2|3.A.23.1.1	38.8	515	282	12	10	503	6	508	9.3e-92	335.1
BCW-200460_00654	gnl|TC-DB|Q0PBV6|9.A.40.2.2	35.0	452	277	9	1	443	1	444	1.2e-58	223.8
BCW-200460_00655	gnl|TC-DB|B7L5V2|1.A.34.1.3	32.0	194	88	7	102	266	27	205	5.7e-12	68.2
BCW-200460_00658	gnl|TC-DB|P0AAH0|3.A.1.7.1	64.0	247	89	0	31	277	11	257	1.4e-89	325.9
BCW-200460_00659	gnl|TC-DB|C3KCB6|3.A.1.7.3	30.5	249	139	5	295	538	68	287	9.3e-24	108.2
BCW-200460_00660	gnl|TC-DB|O51234|3.A.1.7.5	32.6	242	146	4	518	756	75	302	5.7e-24	109.4
BCW-200460_00662	gnl|TC-DB|Q5ZYB5|3.A.7.9.1	32.0	400	263	4	18	413	1	395	1.0e-54	210.7
BCW-200460_00671	gnl|TC-DB|Q45068|2.A.25.1.5	43.9	462	251	6	1	462	8	461	2.8e-101	365.5
BCW-200460_00675	gnl|TC-DB|P31133|3.A.1.11.2	55.2	364	158	4	4	365	9	369	8.3e-114	406.8
BCW-200460_00683	gnl|TC-DB|B8F896|3.A.1.3.28	29.3	273	166	7	6	272	7	258	5.0e-23	104.8
BCW-200460_00684	gnl|TC-DB|P54536|3.A.1.3.15	38.9	198	120	1	72	268	16	213	1.5e-30	129.8
BCW-200460_00688	gnl|TC-DB|D1F3T8|2.A.1.3.42	37.9	862	492	15	37	879	35	872	6.0e-134	474.9
BCW-200460_00694	gnl|TC-DB|G3XCT7|2.A.1.25.5	57.6	576	165	3	1	497	1	576	1.3e-168	589.3
BCW-200460_00702	gnl|TC-DB|P07109|3.A.1.3.29	69.6	253	76	1	3	254	5	257	1.2e-98	355.9
BCW-200460_00704	gnl|TC-DB|P0A2I7|3.A.1.3.1	61.1	229	89	0	1	229	1	229	6.0e-81	297.0
BCW-200460_00705	gnl|TC-DB|P0A2I9|3.A.1.3.1	60.4	225	89	0	16	240	2	226	1.6e-68	255.8
BCW-200460_00706	gnl|TC-DB|P09551|3.A.1.3.1	45.6	259	138	2	1	257	1	258	1.1e-56	216.5
BCW-200460_00715	gnl|TC-DB|P13794|1.B.6.1.2	46.5	157	71	2	73	229	202	345	5.8e-28	120.9
BCW-200460_00716	gnl|TC-DB|P13794|1.B.6.1.2	46.2	160	69	3	80	238	202	345	6.0e-28	120.9
BCW-200460_00723	gnl|TC-DB|P37665|9.B.186.1.1	35.7	140	89	1	141	280	80	218	3.0e-18	89.4
BCW-200460_00727	gnl|TC-DB|P02984|8.B.24.4.1	56.1	82	36	0	1	82	1	82	4.1e-24	106.7
BCW-200460_00741	gnl|TC-DB|P21630|3.A.1.4.8	86.7	233	31	0	1	233	1	233	4.6e-110	393.7
BCW-200460_00742	gnl|TC-DB|P21629|3.A.1.4.8	88.2	255	30	0	1	255	1	255	2.1e-127	451.4
BCW-200460_00743	gnl|TC-DB|P21628|3.A.1.4.8	74.1	417	107	1	1	417	1	416	4.1e-165	577.4
BCW-200460_00744	gnl|TC-DB|P21627|3.A.1.4.8	81.8	307	56	0	1	307	1	307	7.7e-137	483.0
BCW-200460_00745	gnl|TC-DB|P21175|3.A.1.4.8	69.9	372	112	0	1	372	1	372	3.0e-151	531.2
BCW-200460_00749	gnl|TC-DB|P0AAP1|9.B.34.1.2	30.0	170	118	1	277	446	197	365	9.4e-19	92.0
BCW-200460_00751	gnl|TC-DB|P39398|2.A.1.14.33	25.7	404	252	12	14	387	44	429	1.3e-20	97.4
BCW-200460_00756	gnl|TC-DB|Q47689|2.A.3.1.10	82.9	82	14	0	1	82	386	467	2.2e-38	154.1
BCW-200460_00757	gnl|TC-DB|P0AA67|2.A.7.3.6	57.2	276	118	0	14	289	13	288	1.3e-80	296.2
BCW-200460_00769	gnl|TC-DB|Q9KN48|3.A.23.1.1	43.4	235	132	1	11	245	184	417	3.9e-47	185.3
BCW-200460_00781	gnl|TC-DB|G0LRW7|3.A.1.15.15	23.6	301	219	5	9	300	6	304	7.7e-20	94.4
BCW-200460_00782	gnl|TC-DB|O34946|3.A.1.15.11	33.3	198	125	5	62	252	16	213	8.9e-23	104.0
BCW-200460_00783	gnl|TC-DB|B2IWT1|3.A.1.15.13	33.0	270	170	6	14	281	15	275	1.5e-20	96.7
BCW-200460_00791	gnl|TC-DB|Q9JTL9|5.A.1.1.2	34.9	584	336	12	28	574	25	601	4.7e-79	292.0
BCW-200460_00795	gnl|TC-DB|P69451|4.C.1.1.4	25.6	563	349	18	3708	4220	7	549	2.2e-24	113.2
BCW-200460_00802	gnl|TC-DB|Q9V0A4|3.B.1.1.5	30.0	530	340	14	22	534	3	518	3.4e-63	239.2
BCW-200460_00822	gnl|TC-DB|Q0ZAH7|2.A.37.1.3	41.2	566	330	2	5	567	10	575	5.5e-104	374.8
BCW-200460_00823	gnl|TC-DB|Q0IDE4|1.A.11.2.5	34.4	413	236	9	15	398	75	481	3.7e-54	208.8
BCW-200460_00845	gnl|TC-DB|Q93N33|2.A.21.9.2	28.3	364	219	12	234	572	740	1086	7.8e-21	99.0
BCW-200460_00850	gnl|TC-DB|P23894|9.B.1.1.6	47.7	298	139	4	1	292	1	287	1.8e-66	249.2
BCW-200460_00853	gnl|TC-DB|P38919|3.A.18.1.1	33.0	373	248	2	8	379	40	411	4.6e-55	212.2
BCW-200460_00860	gnl|TC-DB|M2X4H1|2.A.102.4.9	29.5	241	159	6	14	245	68	306	1.4e-11	66.6
BCW-200460_00880	gnl|TC-DB|P0A9T8|3.A.1.122.15	60.0	220	86	1	4	221	5	224	4.4e-65	244.2
BCW-200460_00881	gnl|TC-DB|P77504|3.A.1.122.15	32.6	809	502	10	15	811	4	781	1.3e-101	367.5
BCW-200460_00895	gnl|TC-DB|P03961|3.A.3.7.1	44.1	186	94	4	5	181	4	188	1.8e-29	125.6
BCW-200460_00896	gnl|TC-DB|Q1M606|3.A.3.7.2	64.8	684	225	7	16	684	3	685	4.0e-226	780.8
BCW-200460_00897	gnl|TC-DB|Q1M605|3.A.3.7.2	56.0	557	243	2	7	562	6	561	4.6e-172	600.9
BCW-200460_00899	gnl|TC-DB|Q53148|2.A.3.5.1	37.8	389	220	8	3	384	36	409	1.3e-52	203.8
BCW-200460_00904	gnl|TC-DB|Q57134|3.A.11.2.2	40.8	98	57	1	12	108	13	110	3.6e-12	67.4
BCW-200460_00905	gnl|TC-DB|Q6MMD5|9.B.18.2.1	47.1	641	308	5	8	648	16	625	1.8e-159	559.3
BCW-200460_00911	gnl|TC-DB|P72884|3.A.1.103.5	47.9	261	116	4	3	248	2	257	2.6e-64	242.7
BCW-200460_00914	gnl|TC-DB|Q9I3V8|3.A.1.103.6	38.5	377	208	6	5	372	4	365	3.4e-63	238.8
BCW-200460_00915	gnl|TC-DB|P42953|3.A.1.104.1	34.7	271	168	4	1	262	5	275	1.1e-40	163.3
BCW-200460_00916	gnl|TC-DB|G2HLY8|9.B.146.1.2	32.6	298	188	4	29	326	25	309	1.4e-35	146.7
BCW-200460_00936	gnl|TC-DB|D4ZZR3|9.B.34.1.3	42.2	161	88	3	150	306	236	395	7.9e-25	110.9
BCW-200460_00938	gnl|TC-DB|Q1J0W6|9.B.34.1.1	42.9	168	87	4	366	532	186	345	1.0e-26	118.6
BCW-200460_00940	gnl|TC-DB|O06967|3.A.1.117.3	31.3	585	364	8	19	595	16	570	1.3e-63	240.7
BCW-200460_00946	gnl|TC-DB|E1ILD8|2.A.7.3.18	42.2	303	170	3	11	310	8	308	2.0e-55	212.6
BCW-200460_00973	gnl|TC-DB|P0AA76|2.A.1.14.7	56.5	423	180	2	13	432	8	429	4.1e-136	481.1
BCW-200460_00984	gnl|TC-DB|Q9ZBQ0|2.A.39.1.6	42.7	489	261	6	4	484	2	479	1.6e-96	349.7
BCW-200460_00987	gnl|TC-DB|P0AE26|3.A.1.2.2	60.1	323	129	0	1	323	1	323	9.3e-93	336.7
BCW-200460_00988	gnl|TC-DB|P0AAF3|3.A.1.2.2	59.1	491	201	0	16	506	8	498	7.2e-164	573.5
BCW-200460_00989	gnl|TC-DB|P02924|3.A.1.2.2	58.8	325	130	3	9	332	5	326	5.1e-102	367.5
BCW-200460_01004	gnl|TC-DB|O80800|3.D.1.6.3	49.3	75	38	0	2	76	48	122	2.5e-12	67.4
BCW-200460_01025	gnl|TC-DB|Q6MQP0|1.A.30.3.3	29.5	193	131	3	7	194	36	228	2.5e-14	75.5
BCW-200460_01026	gnl|TC-DB|P51973|3.A.11.2.1	34.6	706	407	21	53	737	15	686	2.5e-77	286.6
BCW-200460_01028	gnl|TC-DB|P0AFN6|3.A.1.105.17	60.8	250	98	0	10	259	7	256	7.0e-83	303.5
BCW-200460_01029	gnl|TC-DB|P36879|3.A.1.105.17	67.9	305	93	2	1	303	1	302	3.6e-110	394.4
BCW-200460_01055	gnl|TC-DB|B1LE48|2.A.86.2.1	35.9	340	209	5	6	339	8	344	1.2e-50	196.8
BCW-200460_01060	gnl|TC-DB|Q9XIA9|4.C.1.1.14	26.5	603	352	18	8	526	47	642	8.0e-44	174.9
BCW-200460_01064	gnl|TC-DB|Q1CZJ4|1.B.14.10.3	41.1	158	91	1	36	191	38	195	5.7e-26	115.9
BCW-200460_01077	gnl|TC-DB|Q93N33|2.A.21.9.2	25.7	343	225	6	274	604	752	1076	4.3e-21	100.1
BCW-200460_01091	gnl|TC-DB|Q848I3|2.A.23.1.10	90.3	444	43	0	1	444	1	444	3.6e-220	760.4
BCW-200460_01098	gnl|TC-DB|Q93N33|2.A.21.9.2	29.4	272	173	9	267	528	747	1009	9.9e-15	78.2
BCW-200460_01112	gnl|TC-DB|Q9I3Y3|2.A.66.1.12	71.9	455	127	1	10	463	5	459	3.0e-177	617.8
BCW-200460_01115	gnl|TC-DB|Q0WML0|3.A.1.201.8	37.8	534	329	2	58	590	110	641	6.3e-95	344.7
BCW-200460_01117	gnl|TC-DB|P43672|3.A.1.120.6	47.3	643	323	4	1	640	1	630	6.5e-154	540.8
BCW-200460_01123	gnl|TC-DB|Q07711|3.A.7.7.1	23.6	580	383	19	89	628	79	638	1.8e-26	117.9
BCW-200460_01135	gnl|TC-DB|P0A2G3|2.A.1.6.7	62.2	413	156	0	2	414	8	420	1.0e-147	519.6
BCW-200460_01140	gnl|TC-DB|P75958|3.A.1.125.1	39.9	414	245	4	1	413	1	411	1.9e-66	249.6
BCW-200460_01141	gnl|TC-DB|P75957|3.A.1.125.1	58.7	223	92	0	8	230	2	224	5.2e-69	257.3
BCW-200460_01142	gnl|TC-DB|P75958|3.A.1.125.1	32.0	412	278	2	1	411	1	411	1.5e-58	223.4
BCW-200460_01156	gnl|TC-DB|P76387|8.A.3.3.2	42.9	727	390	6	15	740	16	718	7.2e-157	550.8
BCW-200460_01167	gnl|TC-DB|P0A930|1.B.18.3.1	39.6	369	210	5	8	363	11	379	9.8e-70	260.4
BCW-200460_01170	gnl|TC-DB|D8EPC3|1.B.14.16.4	42.8	669	365	12	23	678	30	693	4.5e-145	511.5
BCW-200460_01171	gnl|TC-DB|G0CIY2|9.B.18.1.1	36.9	425	254	5	48	461	59	480	8.7e-68	254.2
BCW-200460_01177	gnl|TC-DB|M3JA40|1.B.52.2.1	52.3	107	51	0	470	576	286	392	2.3e-18	90.5
BCW-200460_01181	gnl|TC-DB|P12377|9.B.62.1.2	45.9	305	147	4	1	287	1	305	2.9e-61	231.9
BCW-200460_01183	gnl|TC-DB|Q4KCN5|1.B.76.1.6	70.9	234	67	1	55	288	100	332	2.3e-103	371.7
BCW-200460_01184	gnl|TC-DB|Q4KCN4|9.B.62.1.5	76.4	563	133	0	6	568	11	573	4.3e-258	886.7
BCW-200460_01190	gnl|TC-DB|D4ZZR3|9.B.34.1.3	40.4	178	103	3	331	507	220	395	1.6e-30	130.6
BCW-200460_01196	gnl|TC-DB|Q46821|2.A.40.3.3	41.0	432	248	5	10	436	16	445	2.0e-81	299.7
BCW-200460_01201	gnl|TC-DB|Q9KIH3|2.A.1.3.18	44.2	507	274	1	16	513	19	525	9.9e-121	430.3
BCW-200460_01202	gnl|TC-DB|C5W790|2.A.1.3.36	27.5	342	232	5	6	343	13	342	2.1e-29	126.3
BCW-200460_01215	gnl|TC-DB|G4NXA5|1.A.33.1.4	39.2	490	276	11	11	487	4	484	1.1e-85	313.9
BCW-200460_01216	gnl|TC-DB|P0AAP1|9.B.34.1.2	33.3	177	112	2	650	826	199	369	1.0e-21	102.4
BCW-200460_01230	gnl|TC-DB|Q6LNU9|9.B.160.1.8	44.5	155	84	2	6	159	5	158	2.7e-28	121.7
BCW-200460_01251	gnl|TC-DB|P02925|3.A.1.2.1	33.0	294	182	5	10	303	6	284	6.3e-33	137.9
BCW-200460_01252	gnl|TC-DB|Q9X051|3.A.1.2.19	42.1	501	275	7	9	497	12	509	2.4e-98	355.9
BCW-200460_01253	gnl|TC-DB|Q1M4Q8|3.A.1.2.16	37.5	336	193	3	2	320	10	345	4.0e-43	171.8
BCW-200460_01276	gnl|TC-DB|P33116|3.A.1.111.2	31.4	590	386	6	10	594	15	590	4.6e-77	285.4
BCW-200460_01279	gnl|TC-DB|Q5P737|2.A.1.51.1	25.3	372	267	8	12	378	13	378	5.8e-12	68.6
BCW-200460_01299	gnl|TC-DB|P0C186|3.D.2.2.1	50.5	378	175	5	1	369	1	375	1.0e-87	320.1
BCW-200460_01300	gnl|TC-DB|P0C187|3.D.2.2.1	56.5	85	37	0	12	96	53	137	5.3e-21	96.7
BCW-200460_01301	gnl|TC-DB|P0C188|3.D.2.2.1	55.6	477	197	4	1	476	1	463	7.7e-136	480.3
BCW-200460_01332	gnl|TC-DB|P96878|2.A.53.3.12	31.7	202	132	2	19	215	539	739	5.7e-26	114.4
BCW-200460_01333	gnl|TC-DB|P96878|2.A.53.3.12	34.0	494	306	7	2	485	23	506	1.4e-55	213.8
BCW-200460_01335	gnl|TC-DB|P08306|3.D.4.6.1	37.9	235	144	2	26	259	47	280	1.2e-43	173.7
BCW-200460_01336	gnl|TC-DB|P98002|3.D.4.6.1	51.4	543	239	5	8	526	7	548	3.1e-154	541.6
BCW-200460_01337	gnl|TC-DB|P19516|3.D.4.8.1	33.3	162	98	3	17	168	92	253	4.1e-21	97.8
BCW-200460_01338	gnl|TC-DB|Q3J5F6|3.D.4.6.2	40.0	295	140	8	2	294	4	263	4.0e-50	194.9
BCW-200460_01345	gnl|TC-DB|Q9HT68|3.A.1.24.5	79.6	260	49	1	1	256	1	260	4.6e-111	397.1
BCW-200460_01346	gnl|TC-DB|Q9HT69|3.A.1.24.5	76.4	225	52	1	1	224	1	225	7.9e-83	303.1
BCW-200460_01347	gnl|TC-DB|Q9HT70|3.A.1.24.5	82.1	335	60	0	1	335	1	335	1.5e-157	552.0
BCW-200460_01350	gnl|TC-DB|P39832|3.A.1.15.5	47.3	256	135	0	1	256	1	256	1.7e-47	186.0
BCW-200460_01351	gnl|TC-DB|P0A9X1|3.A.1.15.5	59.4	244	98	1	5	247	4	247	9.6e-80	293.1
BCW-200460_01353	gnl|TC-DB|P39172|3.A.1.15.5	39.9	303	175	3	7	304	8	308	1.1e-47	186.8
BCW-200460_01362	gnl|TC-DB|D4ZZR3|9.B.34.1.3	44.6	166	89	2	526	688	231	396	2.0e-28	124.0
BCW-200460_01366	gnl|TC-DB|Q9KN48|3.A.23.1.1	42.0	226	131	0	147	372	193	418	5.3e-46	181.8
BCW-200460_01370	gnl|TC-DB|P21345|2.A.23.1.1	75.2	423	104	1	1	422	1	423	5.4e-168	587.0
BCW-200460_01371	gnl|TC-DB|I6ZUE8|9.B.156.3.1	40.8	373	214	3	41	409	153	522	2.6e-68	255.8
BCW-200460_01374	gnl|TC-DB|A4PCH8|3.A.1.27.1	60.6	249	97	1	13	260	25	273	4.9e-79	290.8
BCW-200460_01375	gnl|TC-DB|A4PCH7|3.A.1.27.1	41.5	318	179	3	64	377	1	315	7.6e-54	207.6
BCW-200460_01378	gnl|TC-DB|P0AF43|2.A.58.2.1	62.3	536	201	1	1	536	1	535	3.0e-176	614.8
BCW-200460_01379	gnl|TC-DB|L5DDD7|2.A.109.2.3	47.2	229	120	1	1	229	370	597	1.1e-53	206.5
BCW-200460_01380	gnl|TC-DB|P42308|2.A.11.1.2	62.5	427	155	1	1	427	1	422	5.5e-149	523.9
BCW-200460_01388	gnl|TC-DB|Q9HTI6|3.A.1.12.12	47.7	302	155	1	5	303	6	307	4.5e-81	297.7
BCW-200460_01389	gnl|TC-DB|B9LBX9|2.A.53.3.4	34.0	485	297	5	27	489	30	513	6.6e-64	241.5
BCW-200460_01395	gnl|TC-DB|Q8VRK4|3.A.11.1.3	39.5	339	184	8	18	354	4	323	5.9e-43	171.4
BCW-200460_01400	gnl|TC-DB|P0AGI8|2.A.38.1.1	63.6	451	164	0	1	451	1	451	1.3e-164	575.9
BCW-200460_01416	gnl|TC-DB|P25714|2.A.9.3.1	48.0	485	244	6	75	552	53	536	9.7e-122	433.7
BCW-200460_01422	gnl|TC-DB|B1JFU8|1.A.77.3.9	82.2	135	24	0	1	135	1	135	2.0e-57	218.0
BCW-200460_01423	gnl|TC-DB|P0AB98|3.A.2.1.1	54.9	286	106	7	5	288	7	271	1.5e-70	262.7
BCW-200460_01424	gnl|TC-DB|P68699|3.A.2.1.1	57.1	70	30	0	7	76	8	77	5.4e-16	79.7
BCW-200460_01425	gnl|TC-DB|P0ABA0|3.A.2.1.1	40.4	156	93	0	1	156	1	156	2.3e-20	95.1
BCW-200460_01426	gnl|TC-DB|P0ABA4|3.A.2.1.1	43.3	178	100	1	1	178	1	177	4.1e-34	141.0
BCW-200460_01427	gnl|TC-DB|P0ABB0|3.A.2.1.1	77.7	512	114	0	3	514	2	513	1.1e-228	788.9
BCW-200460_01428	gnl|TC-DB|P0ABA6|3.A.2.1.1	68.3	287	90	1	1	286	1	287	7.7e-107	383.3
BCW-200460_01429	gnl|TC-DB|P0ABB4|3.A.2.1.1	84.6	460	69	1	1	458	1	460	5.0e-225	776.5
BCW-200460_01430	gnl|TC-DB|P0A6E6|3.A.2.1.1	49.6	137	69	0	1	137	1	137	4.1e-29	124.0
BCW-200460_01450	gnl|TC-DB|P46889|3.A.12.1.2	38.3	350	176	9	168	482	887	1231	1.6e-48	190.3
BCW-200460_01462	gnl|TC-DB|Q1D3I3|3.A.1.103.4	38.7	359	205	7	15	361	25	380	2.3e-59	226.1
BCW-200460_01463	gnl|TC-DB|Q9HTB8|3.A.1.103.6	84.5	265	41	0	1	265	1	265	2.2e-124	441.4
BCW-200460_01470	gnl|TC-DB|B9DIS8|9.B.97.5.1	28.8	382	207	13	9	362	22	366	3.3e-20	95.9
BCW-200460_01474	gnl|TC-DB|P0AG34|2.A.76.1.1	31.7	199	129	4	1	197	1	194	1.9e-17	85.9
BCW-200460_01480	gnl|TC-DB|Q9I147|3.A.3.6.15	76.8	609	140	1	21	628	37	645	1.3e-223	772.3
BCW-200460_01486	gnl|TC-DB|Q5FA63|3.A.1.15.10	39.1	307	162	5	5	290	6	308	2.2e-56	215.7
BCW-200460_01487	gnl|TC-DB|A1IQK4|3.A.1.15.10	54.4	272	124	0	10	281	10	281	2.6e-70	261.9
BCW-200460_01488	gnl|TC-DB|P42360|3.A.1.15.2	29.6	233	152	4	1	221	13	245	1.7e-24	109.4
BCW-200460_01492	gnl|TC-DB|P94400|9.B.10.1.1	51.4	393	182	4	5	393	4	391	1.6e-105	379.4
BCW-200460_01499	gnl|TC-DB|P39830|2.A.37.1.5	30.6	385	253	6	2	376	3	383	9.1e-38	154.8
BCW-200460_01502	gnl|TC-DB|P29939|2.A.7.2.1	61.3	137	53	0	8	144	4	140	9.9e-42	166.0
BCW-200460_01504	gnl|TC-DB|P0AAP1|9.B.34.1.2	30.0	170	111	4	529	695	201	365	3.7e-12	70.5
BCW-200460_01509	gnl|TC-DB|Q03030|3.B.1.1.1	49.8	608	273	4	5	600	3	590	3.7e-159	558.1
BCW-200460_01516	gnl|TC-DB|Q01674|1.B.14.1.17	44.4	696	341	12	150	830	46	710	1.6e-165	579.7
BCW-200460_01530	gnl|TC-DB|Q88RG3|3.A.1.109.3	85.7	701	100	0	2	702	18	718	0.0e+00	1155.2
BCW-200460_01531	gnl|TC-DB|Q9I2M0|3.A.1.109.4	41.7	412	194	7	40	448	25	393	7.7e-77	284.3
BCW-200460_01534	gnl|TC-DB|O05347|3.A.1.16.2	49.5	212	104	3	28	238	37	246	5.6e-49	191.0
BCW-200460_01535	gnl|TC-DB|Q7BW13|3.A.1.16.2	29.4	245	154	6	38	269	9	247	6.7e-18	87.8
BCW-200460_01537	gnl|TC-DB|Q9RQ29|2.A.1.3.20	24.7	511	336	16	21	501	4	495	1.2e-20	97.8
BCW-200460_01538	gnl|TC-DB|Q9RQ30|8.A.1.1.2	34.5	304	189	3	50	352	61	355	1.3e-26	117.1
BCW-200460_01539	gnl|TC-DB|Q9HY88|2.A.6.2.34	33.0	473	306	7	43	514	3	465	5.1e-56	215.3
BCW-200460_01544	gnl|TC-DB|Q3AQR0|9.B.149.1.5	27.6	573	382	12	21	576	35	591	1.4e-45	181.0
BCW-200460_01554	gnl|TC-DB|O59180|8.A.21.2.1	50.0	240	120	0	10	249	13	252	1.1e-59	226.5
BCW-200460_01562	gnl|TC-DB|P46482|8.A.1.7.1	38.2	296	181	2	1	295	1	295	2.5e-52	202.2
BCW-200460_01563	gnl|TC-DB|B2FLY6|2.A.6.2.14	33.8	474	297	8	1	469	1	462	1.6e-56	216.9
BCW-200460_01566	gnl|TC-DB|P69434|1.B.55.1.1	38.5	805	461	12	29	826	30	807	7.8e-144	507.7
BCW-200460_01568	gnl|TC-DB|P75905|4.D.1.1.3	61.0	439	170	1	1	439	1	438	1.2e-159	559.3
BCW-200460_01572	gnl|TC-DB|P76481|1.A.13.2.3	50.1	467	225	2	87	545	104	570	2.4e-128	455.7
BCW-200460_01580	gnl|TC-DB|Q1J0W6|9.B.34.1.1	39.1	169	90	4	164	329	190	348	1.3e-20	97.1
BCW-200460_01582	gnl|TC-DB|D4ZZR3|9.B.34.1.3	36.4	165	101	2	207	368	228	391	1.6e-19	94.4
BCW-200460_01584	gnl|TC-DB|P0AG78|3.A.1.6.1	63.3	316	113	3	18	333	14	326	1.8e-110	395.6
BCW-200460_01585	gnl|TC-DB|P16701|3.A.1.6.1	49.4	261	132	0	8	268	9	269	7.4e-67	250.4
BCW-200460_01586	gnl|TC-DB|P0AEB0|3.A.1.6.1	52.1	265	127	0	26	290	22	286	3.9e-74	274.6
BCW-200460_01587	gnl|TC-DB|P16676|3.A.1.6.1	67.9	243	78	0	1	243	1	243	5.2e-91	330.9
BCW-200460_01590	gnl|TC-DB|G3IME2|9.B.35.1.2	37.7	114	68	2	25	136	29	141	7.1e-18	86.7
BCW-200460_01599	gnl|TC-DB|Q55107|3.A.1.16.3	44.0	250	132	4	6	247	5	254	2.2e-55	212.2
BCW-200460_01600	gnl|TC-DB|Q47539|3.A.1.17.1	26.7	262	174	2	25	268	9	270	5.4e-21	99.0
BCW-200460_01601	gnl|TC-DB|O85763|3.A.1.17.2	24.9	325	222	8	19	335	9	319	2.3e-17	86.3
BCW-200460_01606	gnl|TC-DB|Q9LAE4|1.B.14.8.1	24.5	787	489	18	35	786	10	726	6.9e-41	165.6
BCW-200460_01610	gnl|TC-DB|Q1D0D3|1.A.30.2.7	36.2	213	131	2	11	218	24	236	7.8e-28	120.6
BCW-200460_01611	gnl|TC-DB|Q1D0D2|1.A.30.2.7	47.1	121	62	2	12	131	13	132	2.2e-19	91.7
BCW-200460_01613	gnl|TC-DB|Q9KN48|3.A.23.1.1	38.5	239	146	1	16	253	181	419	3.8e-43	171.8
BCW-200460_01614	gnl|TC-DB|Q9HT68|3.A.1.24.5	67.9	265	80	1	1	265	1	260	1.1e-96	349.4
BCW-200460_01616	gnl|TC-DB|A1VZQ3|3.A.1.3.16	30.9	207	143	0	9	215	38	244	2.9e-21	98.6
BCW-200460_01617	gnl|TC-DB|P0AEQ6|3.A.1.3.2	36.5	208	131	1	9	215	8	215	2.7e-27	118.6
BCW-200460_01618	gnl|TC-DB|Q52815|3.A.1.3.8	53.6	237	110	0	5	241	18	254	2.4e-70	261.9
BCW-200460_01619	gnl|TC-DB|Q8RCC4|3.A.1.3.27	32.3	235	150	4	41	270	30	260	2.4e-23	105.9
BCW-200460_01621	gnl|TC-DB|Q9I6X6|2.A.6.2.27	55.8	339	149	1	17	355	27	364	1.1e-89	326.6
BCW-200460_01622	gnl|TC-DB|Q9I6X5|2.A.6.2.27	49.4	350	176	1	5	354	8	356	1.7e-79	292.7
BCW-200460_01623	gnl|TC-DB|Q9I6X4|2.A.6.2.27	77.2	1013	230	1	1	1012	1	1013	0.0e+00	1515.7
BCW-200460_01625	gnl|TC-DB|O32168|3.A.1.24.2	44.1	177	99	0	38	214	46	222	3.0e-39	158.3
BCW-200460_01626	gnl|TC-DB|O32169|3.A.1.24.2	48.4	312	159	1	36	347	7	316	4.4e-78	288.1
BCW-200460_01627	gnl|TC-DB|P28635|3.A.1.24.1	42.3	220	119	4	52	267	56	271	2.1e-37	152.5
BCW-200460_01632	gnl|TC-DB|P37774|3.A.1.3.10	76.7	245	57	0	2	246	4	248	6.5e-102	366.7
BCW-200460_01633	gnl|TC-DB|P0AFT2|3.A.1.3.10	75.0	220	55	0	1	220	1	220	3.7e-85	310.8
BCW-200460_01634	gnl|TC-DB|P0AEM9|3.A.1.3.10	64.2	268	92	3	1	266	1	266	1.2e-90	329.3
BCW-200460_01637	gnl|TC-DB|Q4ZLW8|2.A.15.1.3	89.5	666	68	1	1	666	1	664	0.0e+00	1214.1
BCW-200460_01643	gnl|TC-DB|Q84HG2|1.B.14.8.6	24.1	714	457	18	26	728	21	660	4.2e-40	162.9
BCW-200460_01645	gnl|TC-DB|P77735|8.A.5.1.6	34.1	323	190	10	15	327	3	312	2.4e-38	156.0
BCW-200460_01647	gnl|TC-DB|Q47539|3.A.1.17.1	64.1	262	86	2	22	275	12	273	7.3e-86	313.5
BCW-200460_01648	gnl|TC-DB|Q47538|3.A.1.17.1	63.5	255	91	1	3	257	1	253	6.3e-87	317.0
BCW-200460_01649	gnl|TC-DB|Q47537|3.A.1.17.1	55.1	312	138	1	12	323	10	319	9.7e-98	353.2
BCW-200460_01669	gnl|TC-DB|O00571|1.I.1.1.3	24.4	369	231	10	11	342	200	557	4.5e-14	76.3
BCW-200460_01673	gnl|TC-DB|P07658|3.D.1.9.2	27.7	394	243	8	118	497	61	426	1.4e-41	167.9
BCW-200460_01680	gnl|TC-DB|Q9KN48|3.A.23.1.1	36.0	361	197	2	119	445	164	524	2.0e-48	189.9
BCW-200460_01688	gnl|TC-DB|O24779|1.B.25.1.3	69.2	428	129	2	1	428	1	425	1.7e-171	598.6
BCW-200460_01710	gnl|TC-DB|Q9HU29|3.A.1.3.23	72.7	227	62	0	3	229	4	230	8.9e-90	326.2
BCW-200460_01711	gnl|TC-DB|Q9HU30|3.A.1.3.23	66.8	229	76	0	1	229	1	229	6.0e-86	313.5
BCW-200460_01712	gnl|TC-DB|Q9HU31|3.A.1.3.23	76.8	250	57	1	1	249	1	250	2.8e-113	404.4
BCW-200460_01713	gnl|TC-DB|Q9HU32|3.A.1.3.23	91.8	257	21	0	1	257	1	257	8.1e-132	466.1
BCW-200460_01714	gnl|TC-DB|P25527|2.A.3.1.4	66.5	454	152	0	1	454	1	454	1.4e-161	565.8
BCW-200460_01727	gnl|TC-DB|Q51330|2.A.1.11.1	25.2	413	242	11	30	440	15	362	9.0e-19	91.7
BCW-200460_01736	gnl|TC-DB|O35002|9.B.174.1.1	37.0	365	206	7	40	392	35	387	9.5e-56	214.2
BCW-200460_01744	gnl|TC-DB|Q9KN48|3.A.23.1.1	39.9	343	194	5	134	466	188	528	1.3e-55	213.8
BCW-200460_01767	gnl|TC-DB|P94369|2.A.39.1.5	39.6	444	262	5	14	456	3	441	3.0e-82	302.4
BCW-200460_01768	gnl|TC-DB|Q9KKE3|3.A.1.12.6	48.7	343	152	4	3	322	4	345	2.6e-95	345.1
BCW-200460_01769	gnl|TC-DB|Q9KKE2|3.A.1.12.6	63.6	280	102	0	1	280	1	280	5.3e-92	334.0
BCW-200460_01770	gnl|TC-DB|Q9KKE1|3.A.1.12.6	67.4	267	87	0	6	272	1	267	2.5e-102	368.2
BCW-200460_01775	gnl|TC-DB|Q9HTH6|3.A.1.12.12	59.3	307	121	1	8	314	10	312	6.5e-107	383.6
BCW-200460_01780	gnl|TC-DB|P62517|4.D.3.1.1	63.2	837	298	6	12	841	5	838	8.0e-309	1055.8
BCW-200460_01781	gnl|TC-DB|P30860|3.A.1.3.3	29.4	228	145	4	35	255	23	241	2.6e-24	109.0
BCW-200460_01782	gnl|TC-DB|Q8YSA2|3.A.1.3.17	45.8	203	103	1	117	312	283	485	2.9e-38	155.6
BCW-200460_01783	gnl|TC-DB|P54537|3.A.1.3.15	59.0	244	96	1	1	244	1	240	1.1e-74	276.2
BCW-200460_01784	gnl|TC-DB|M3JA40|1.B.52.2.1	58.2	91	37	1	461	550	283	373	5.7e-17	85.9
BCW-200460_01786	gnl|TC-DB|P69423|2.A.64.1.1	64.9	225	79	0	12	236	8	232	2.6e-77	285.0
BCW-200460_01806	gnl|TC-DB|Q9ZKE4|3.A.11.3.1	31.6	544	347	10	196	739	101	619	1.2e-66	251.1
BCW-200460_01811	gnl|TC-DB|Q8VRL8|3.A.11.1.3	30.1	382	221	11	4	354	8	374	2.7e-29	125.9
BCW-200460_01815	gnl|TC-DB|P34750|1.B.22.2.1	72.7	717	166	5	1	690	1	714	6.7e-274	939.5
BCW-200460_01818	gnl|TC-DB|A3YI93|9.B.42.1.2	24.8	548	330	15	19	525	24	530	1.2e-23	107.8
BCW-200460_01822	gnl|TC-DB|P43531|2.A.1.36.1	59.6	386	156	0	28	413	26	411	3.5e-124	441.4
BCW-200460_01835	gnl|TC-DB|Q7AA53|2.A.6.8.2	27.2	742	515	13	34	765	14	740	3.4e-56	216.5
BCW-200460_01852	gnl|TC-DB|P77338|1.A.23.1.1	40.3	1065	625	9	28	1085	42	1102	2.0e-195	679.5
BCW-200460_01853	gnl|TC-DB|P76007|2.A.36.6.11	66.7	573	188	2	1	570	1	573	1.1e-213	739.2
BCW-200460_01860	gnl|TC-DB|Q9I5F5|2.A.21.2.3	82.9	492	82	2	1	490	1	492	4.0e-228	786.9
BCW-200460_01861	gnl|TC-DB|B2D7K2|3.A.23.1.1	36.3	521	302	10	9	509	5	515	6.7e-85	311.6
BCW-200460_01867	gnl|TC-DB|D4ZZR3|9.B.34.1.3	31.1	177	117	2	453	624	217	393	8.0e-17	85.9
BCW-200460_01888	gnl|TC-DB|P60752|3.A.1.106.1	40.7	583	331	3	11	590	8	578	6.5e-116	414.5
BCW-200460_01895	gnl|TC-DB|Q2FD83|2.A.7.1.11	47.1	104	55	0	3	106	2	105	7.7e-23	102.8
BCW-200460_01898	gnl|TC-DB|Q9HUJ1|2.A.6.2.27	72.9	479	127	3	1	477	1	478	5.3e-193	670.2
BCW-200460_01900	gnl|TC-DB|B1JAG2|2.A.39.1.2	72.9	425	113	1	5	429	4	426	1.0e-158	556.2
BCW-200460_01921	gnl|TC-DB|Q8F8H7|2.A.53.3.8	50.0	194	97	0	3	196	540	733	1.8e-55	212.2
BCW-200460_01927	gnl|TC-DB|P76460|2.A.73.1.1	32.0	463	281	10	9	464	4	439	2.8e-53	206.1
BCW-200460_01928	gnl|TC-DB|Q5ZYB5|3.A.7.9.1	31.1	376	252	4	39	412	15	385	1.7e-47	186.8
BCW-200460_01936	gnl|TC-DB|Q03708|8.B.24.5.5	60.7	84	33	0	1	84	3	86	1.1e-26	115.2
BCW-200460_01937	gnl|TC-DB|Q03708|8.B.24.5.5	61.2	85	32	1	6	90	3	86	7.5e-24	105.9
BCW-200460_01938	gnl|TC-DB|Q06584|1.C.1.4.2	37.2	218	114	5	210	419	484	686	2.0e-31	133.3
BCW-200460_01940	gnl|TC-DB|Q9MUK5|3.A.9.1.1	23.2	400	267	11	93	472	61	440	1.0e-13	74.7
BCW-200460_01941	gnl|TC-DB|Q97Q45|3.A.1.11.7	30.0	273	187	2	27	299	34	302	3.2e-38	155.6
BCW-200460_01942	gnl|TC-DB|P0AFL1|3.A.1.11.2	40.0	225	128	3	48	265	42	266	4.6e-37	151.4
BCW-200460_01943	gnl|TC-DB|P0AFK4|3.A.1.11.1	40.5	262	145	2	31	292	11	261	3.5e-49	191.8
BCW-200460_01944	gnl|TC-DB|P31134|3.A.1.11.2	46.2	340	171	4	9	344	17	348	1.3e-77	286.6
BCW-200460_01947	gnl|TC-DB|P52067|2.A.1.35.1	58.2	400	167	0	1	400	1	400	4.7e-126	447.6
BCW-200460_01954	gnl|TC-DB|Q8Y2D9|1.B.46.1.3	28.7	164	103	2	13	172	19	172	5.0e-15	77.8
BCW-200460_01959	gnl|TC-DB|Q8ID54|3.A.25.2.1	30.2	232	158	3	4	231	83	314	2.8e-28	122.1
BCW-200460_01976	gnl|TC-DB|P39766|2.A.40.1.4	43.0	398	219	3	18	409	25	420	5.2e-83	304.7
BCW-200460_01990	gnl|TC-DB|M3JA40|1.B.52.2.1	29.5	210	141	1	511	713	251	460	7.0e-16	82.4
BCW-200460_01992	gnl|TC-DB|B9MIH1|2.A.106.1.4	56.5	184	80	0	2	185	1	184	2.5e-53	204.9
BCW-200460_01995	gnl|TC-DB|P0AG38|2.A.76.1.2	29.8	198	139	0	6	203	5	202	2.0e-24	109.0
BCW-200460_01998	gnl|TC-DB|P69451|4.C.1.1.4	25.0	563	371	13	7	543	13	550	6.0e-39	158.7
BCW-200460_01999	gnl|TC-DB|Q4KI39|9.B.164.1.1	57.3	599	197	11	44	629	44	596	2.6e-192	668.3
BCW-200460_02002	gnl|TC-DB|Q887X9|9.B.159.6.7	74.3	911	230	3	1	909	1	909	0.0e+00	1315.1
BCW-200460_02006	gnl|TC-DB|Q8XB73|5.B.7.1.1	40.0	190	110	3	14	201	18	205	5.8e-24	107.5
BCW-200460_02021	gnl|TC-DB|O68877|3.A.1.14.21	76.9	255	59	0	1	255	1	255	2.8e-108	387.9
BCW-200460_02022	gnl|TC-DB|O68878|3.A.1.14.21	83.2	327	54	1	19	345	1	326	2.4e-139	491.5
BCW-200460_02023	gnl|TC-DB|Q9HV90|3.A.1.14.21	63.5	266	97	0	22	287	23	288	6.0e-91	330.5
BCW-200460_02030	gnl|TC-DB|Q9HV74|2.A.21.9.1	80.6	981	190	0	1	981	1	981	0.0e+00	1579.3
BCW-200460_02031	gnl|TC-DB|Q9KN48|3.A.23.1.1	36.8	326	201	3	148	470	193	516	2.7e-48	189.5
BCW-200460_02038	gnl|TC-DB|P31552|4.C.1.1.6	22.0	532	373	14	89	613	21	517	1.4e-26	117.9
BCW-200460_02044	gnl|TC-DB|P04739|3.A.15.2.1	40.5	153	73	3	1	141	1	147	1.4e-16	82.4
BCW-200460_02045	gnl|TC-DB|P22608|3.A.15.2.1	77.8	567	124	2	1	566	1	566	3.1e-253	870.5
BCW-200460_02046	gnl|TC-DB|P22609|3.A.15.2.1	74.2	372	96	0	34	405	2	373	7.0e-154	540.0
BCW-200460_02047	gnl|TC-DB|P22610|3.A.15.2.1	70.7	290	85	0	1	290	1	290	2.3e-119	424.9
BCW-200460_02062	gnl|TC-DB|Q9FI56|3.A.9.1.2	45.2	866	380	12	4	841	96	894	1.5e-198	689.5
BCW-200460_02065	gnl|TC-DB|P0AC02|1.B.33.1.3	40.7	243	141	3	2	242	3	244	4.0e-46	181.8
BCW-200460_02067	gnl|TC-DB|Q9HV74|2.A.21.9.1	27.5	374	230	12	178	523	612	972	7.0e-21	98.6
BCW-200460_02068	gnl|TC-DB|Q9KN48|3.A.23.1.1	36.7	357	201	3	114	445	169	525	3.3e-56	215.7
BCW-200460_02070	gnl|TC-DB|Q60148|3.A.15.2.1	37.3	142	76	5	1	131	1	140	1.4e-13	72.4
BCW-200460_02079	gnl|TC-DB|B8I766|9.B.105.1.5	35.5	155	88	6	13	163	3	149	4.1e-15	77.8
BCW-200460_02082	gnl|TC-DB|P37169|2.A.66.4.1	73.7	509	134	0	1	509	14	522	1.3e-213	738.8
BCW-200460_02103	gnl|TC-DB|P43672|3.A.1.120.6	32.4	518	345	3	21	536	18	532	6.3e-73	271.6
BCW-200460_02108	gnl|TC-DB|P0A830|2.A.23.1.7	48.8	412	210	1	7	418	7	417	3.4e-106	381.7
BCW-200460_02111	gnl|TC-DB|P94400|9.B.10.1.1	33.8	299	151	10	5	265	4	293	2.5e-29	125.9
BCW-200460_02113	gnl|TC-DB|Q8ZJY5|2.A.114.1.10	67.2	708	207	5	3	687	2	707	6.3e-272	932.9
BCW-200460_02118	gnl|TC-DB|P0A742|1.A.22.1.1	64.7	136	47	1	1	136	1	135	2.6e-44	174.5
BCW-200460_02123	gnl|TC-DB|P0ABK2|3.D.4.3.2	30.2	367	214	9	5	332	7	370	5.8e-37	151.4
BCW-200460_02124	gnl|TC-DB|P0ABJ9|3.D.4.3.2	30.9	123	85	0	317	439	381	503	4.6e-11	65.9
BCW-200460_02130	gnl|TC-DB|P31466|2.A.40.7.6	50.8	431	212	0	1	431	14	444	4.5e-119	424.5
BCW-200460_02150	gnl|TC-DB|O00571|1.I.1.1.3	39.8	372	206	4	2	355	181	552	1.2e-66	250.4
BCW-200460_02151	gnl|TC-DB|p0aa70|2.A.7.3.22	56.7	291	126	0	9	299	7	297	2.0e-84	308.9
BCW-200460_02158	gnl|TC-DB|O05347|3.A.1.16.2	46.2	236	121	4	32	263	37	270	7.8e-56	213.8
BCW-200460_02159	gnl|TC-DB|Q2BM70|3.A.1.17.4	32.8	238	156	1	32	265	68	305	9.9e-32	133.7
BCW-200460_02171	gnl|TC-DB|P15993|2.A.3.1.3	63.2	456	159	1	7	462	7	453	8.0e-162	566.6
BCW-200460_02174	gnl|TC-DB|P69380|2.A.4.7.1	44.7	295	163	0	7	301	5	299	7.4e-68	253.8
BCW-200460_02190	gnl|TC-DB|P0A2L3|9.A.40.1.2	52.0	275	125	3	1	269	1	274	1.7e-74	275.8
BCW-200460_02206	gnl|TC-DB|P0ABG7|2.A.103.1.2	53.0	366	165	3	17	379	7	368	3.5e-107	384.8
BCW-200460_02215	gnl|TC-DB|P42102|2.A.122.1.7	34.3	213	140	0	22	234	13	225	4.2e-26	114.8
BCW-200460_02223	gnl|TC-DB|Q9KN48|3.A.23.1.1	37.1	340	178	9	326	630	186	524	6.8e-47	185.3
BCW-200460_02225	gnl|TC-DB|Q53148|2.A.3.5.1	35.1	444	268	6	5	442	36	465	1.8e-57	219.9
BCW-200460_02229	gnl|TC-DB|P0ABP6|9.B.27.2.3	57.4	209	87	1	6	212	8	216	2.5e-65	245.0
BCW-200460_02249	gnl|TC-DB|P06129|1.B.14.3.1	29.8	617	381	19	32	624	25	613	1.1e-57	221.1
BCW-200460_02267	gnl|TC-DB|O53899|3.A.1.125.2	38.7	225	126	4	3	224	4	219	7.9e-33	137.1
BCW-200460_02268	gnl|TC-DB|Q6MNW8|3.A.1.136.2	48.3	422	215	3	1	421	2	421	1.2e-103	373.2
BCW-200460_02270	gnl|TC-DB|Q3K638|1.B.39.1.4	98.3	232	4	0	1	232	1	232	4.4e-129	456.8
BCW-200460_02274	gnl|TC-DB|P75783|1.A.23.3.2	24.5	666	459	16	32	671	73	720	1.7e-30	131.0
BCW-200460_02275	gnl|TC-DB|P77389|2.A.1.2.65	43.6	349	191	3	5	353	7	349	7.5e-68	254.2
BCW-200460_02279	gnl|TC-DB|P75770|4.D.2.4.3	46.2	290	155	1	34	322	26	315	1.7e-70	262.7
BCW-200460_02291	gnl|TC-DB|P77726|2.A.1.2.60	53.8	448	206	1	8	455	5	451	9.5e-123	436.8
BCW-200460_02300	gnl|TC-DB|P0AGA2|3.A.5.1.1	63.8	442	155	2	1	437	1	442	1.5e-157	552.4
BCW-200460_02338	gnl|TC-DB|Q9K0A9|2.A.28.2.4	52.2	314	148	1	1	312	1	314	3.1e-80	295.0
BCW-200460_02339	gnl|TC-DB|D5CES3|2.A.7.1.10	64.4	104	37	0	1	104	1	104	3.3e-31	130.6
BCW-200460_02340	gnl|TC-DB|Q89SS6|2.A.1.42.2	32.1	599	376	12	9	596	5	583	1.2e-72	270.8
BCW-200460_02341	gnl|TC-DB|Q2TJJ2|2.A.16.4.3	35.5	383	224	3	21	382	22	402	2.0e-62	236.1
BCW-200460_02345	gnl|TC-DB|Q93N33|2.A.21.9.2	51.2	1161	534	12	7	1151	6	1149	8.8e-303	1036.2
BCW-200460_02353	gnl|TC-DB|Q9I458|2.A.1.11.2	82.9	398	68	0	4	401	1	398	4.3e-164	573.9
BCW-200460_02361	gnl|TC-DB|E3GWE8|9.B.125.2.1	31.9	301	183	9	1	294	1	286	8.6e-24	107.5
BCW-200460_02370	gnl|TC-DB|C9VRY8|2.A.86.1.5	30.3	346	232	2	8	349	48	388	7.0e-33	137.9
BCW-200460_02386	gnl|TC-DB|P25185|2.A.26.1.2	77.8	437	97	0	1	437	1	437	1.3e-182	635.6
BCW-200460_02392	gnl|TC-DB|X5GWN5|3.D.10.1.6	54.6	229	100	4	3	230	27	252	5.2e-69	257.3
BCW-200460_02393	gnl|TC-DB|X5H3P0|3.D.10.1.6	50.1	589	283	6	9	590	13	597	9.5e-168	586.6
BCW-200460_02405	gnl|TC-DB|Q9X2W0|3.A.1.118.1	32.3	297	187	5	9	297	262	552	6.0e-41	164.5
BCW-200460_02406	gnl|TC-DB|P0AA82|2.A.39.1.1	39.8	412	240	5	8	418	5	409	3.3e-74	275.4
BCW-200460_02409	gnl|TC-DB|F2WVP9|2.A.1.60.3	50.8	370	182	0	14	383	8	377	2.5e-92	335.5
BCW-200460_02411	gnl|TC-DB|Q9HXB2|1.B.14.1.12	44.2	787	388	15	31	807	39	784	1.5e-179	626.3
BCW-200460_02414	gnl|TC-DB|Q56725|2.A.33.1.2	54.5	367	165	2	25	390	8	373	2.4e-106	382.1
BCW-200460_02415	gnl|TC-DB|P15320|1.C.75.1.1	31.3	1576	915	32	8	1439	6	1558	4.4e-161	565.8
BCW-200460_02416	gnl|TC-DB|P15321|1.B.20.1.1	37.8	481	282	10	75	552	67	533	9.5e-72	267.7
BCW-200460_02417	gnl|TC-DB|Q9RQ30|8.A.1.1.2	39.5	306	175	4	58	362	61	357	2.7e-35	146.0
BCW-200460_02418	gnl|TC-DB|Q9KIH3|2.A.1.3.18	34.7	501	324	2	31	530	29	527	5.1e-80	295.0
BCW-200460_02420	gnl|TC-DB|Q6MLE8|1.A.23.4.12	27.8	212	149	1	106	313	126	337	3.3e-17	86.3
BCW-200460_02422	gnl|TC-DB|P80874|8.A.5.1.4	32.7	196	111	6	7	184	17	209	4.5e-16	81.6
BCW-200460_02427	gnl|TC-DB|P22037|9.B.20.1.1	49.7	155	76	2	16	170	11	163	2.8e-30	128.6
BCW-200460_02428	gnl|TC-DB|P36640|3.A.3.4.1	63.1	871	316	1	34	899	32	902	1.3e-309	1058.5
BCW-200460_02431	gnl|TC-DB|P75830|3.A.1.122.1	31.3	383	243	2	1	383	1	363	4.8e-43	171.8
BCW-200460_02432	gnl|TC-DB|P75831|3.A.1.122.1	46.5	663	331	7	3	657	2	648	1.0e-146	516.9
BCW-200460_02433	gnl|TC-DB|Q8ZRH0|2.A.6.2.25	29.4	472	310	9	6	461	31	495	2.7e-37	152.9
BCW-200460_02437	gnl|TC-DB|Q5EGM5|9.A.25.1.1	31.4	188	108	6	134	301	266	452	1.5e-15	80.1
BCW-200460_02438	gnl|TC-DB|Q51340|3.A.1.113.2	71.6	549	155	1	1	549	1	548	5.6e-223	770.0
BCW-200460_02439	gnl|TC-DB|Q8G8W9|1.B.14.1.26	64.6	796	274	5	29	820	17	808	3.9e-313	1070.1
BCW-200460_02446	gnl|TC-DB|P24126|1.B.17.3.2	45.2	487	259	2	7	489	7	489	1.4e-108	389.8
BCW-200460_02447	gnl|TC-DB|E0LV84|2.A.85.1.4	22.7	546	378	7	32	559	10	529	1.4e-24	111.3
BCW-200460_02448	gnl|TC-DB|Q887R7|8.A.48.1.6	77.3	66	15	0	1	66	1	66	7.6e-26	112.1
BCW-200460_02449	gnl|TC-DB|P46482|8.A.1.7.1	40.4	282	166	2	1	281	5	285	6.0e-51	197.6
BCW-200460_02458	gnl|TC-DB|P39580|2.A.50.2.1	30.6	216	129	8	124	323	119	329	3.7e-22	102.8
BCW-200460_02462	gnl|TC-DB|P18895|1.B.13.1.1	56.8	498	185	5	6	493	13	490	2.8e-165	578.2
BCW-200460_02465	gnl|TC-DB|Q52463|4.D.1.1.9	83.2	494	83	0	3	496	1	494	8.3e-242	832.4
BCW-200460_02473	gnl|TC-DB|O50181|3.A.1.3.11	60.9	258	99	2	1	257	1	257	4.0e-86	314.3
BCW-200460_02477	gnl|TC-DB|O00571|1.I.1.1.3	39.2	367	208	5	100	452	182	547	1.0e-66	250.8
BCW-200460_02479	gnl|TC-DB|P45766|3.A.1.3.26	69.0	342	103	2	2	343	3	341	3.8e-137	484.2
BCW-200460_02480	gnl|TC-DB|P45767|3.A.1.3.26	63.5	386	139	2	9	393	9	393	2.3e-133	471.9
BCW-200460_02481	gnl|TC-DB|P45768|3.A.1.3.26	66.2	355	120	0	8	362	9	363	5.7e-139	490.3
BCW-200460_02482	gnl|TC-DB|P45769|3.A.1.3.26	78.0	254	54	1	1	254	1	252	3.5e-119	424.1
BCW-200460_02484	gnl|TC-DB|P76242|2.A.1.17.3	38.2	377	228	4	44	417	14	388	6.8e-59	224.6
BCW-200460_02496	gnl|TC-DB|P0AF98|1.B.42.1.2	32.6	371	242	3	1	368	1	366	2.0e-46	183.0
BCW-200460_02497	gnl|TC-DB|P0ADC6|1.B.42.1.2	38.4	352	213	3	4	351	7	358	3.5e-61	231.9
BCW-200460_02508	gnl|TC-DB|Q9HXN4|4.A.1.1.15	69.9	571	164	3	1	564	1	570	9.6e-218	752.7
BCW-200460_02509	gnl|TC-DB|Q9HXN5|4.A.1.1.15	64.3	818	285	2	4	814	2	819	2.9e-284	974.2
BCW-200460_02520	gnl|TC-DB|P37643|2.A.1.6.10	53.3	437	199	2	3	434	4	440	1.0e-118	423.3
BCW-200460_02521	gnl|TC-DB|P37908|9.A.40.2.4	36.0	392	239	8	20	401	28	417	4.9e-62	235.0
BCW-200460_02522	gnl|TC-DB|A6V120|9.B.14.3.5	75.2	270	63	1	54	323	1	266	2.8e-105	378.3
BCW-200460_02523	gnl|TC-DB|P0AGD7|3.A.5.1.1	64.5	453	157	2	1	453	1	449	2.7e-154	541.6
BCW-200460_02543	gnl|TC-DB|P63183|2.A.72.1.1	52.3	614	291	1	20	633	11	622	8.3e-178	620.2
BCW-200460_02560	gnl|TC-DB|515542128|1.M.1.4.1	53.8	160	74	0	6	165	15	174	6.2e-35	143.7
BCW-200460_02561	gnl|TC-DB|918432279|1.M.1.4.4	64.1	117	40	1	42	158	14	128	9.4e-37	149.8
BCW-200460_02593	gnl|TC-DB|Q9KW03|9.A.33.1.1	27.4	325	195	6	4	293	8	326	2.7e-20	97.4
BCW-200460_02599	gnl|TC-DB|J2YPD8|1.E.20.1.4	89.4	113	11	1	1	113	1	112	1.5e-53	204.9
BCW-200460_02613	gnl|TC-DB|515542128|1.M.1.4.1	50.6	162	80	0	16	177	15	176	3.8e-35	144.4
BCW-200460_02614	gnl|TC-DB|918432279|1.M.1.4.4	66.7	117	37	1	42	158	14	128	2.9e-38	154.8
BCW-200460_02640	gnl|TC-DB|J2YPD8|1.E.20.1.4	86.1	108	15	0	1	108	1	108	2.9e-49	190.7
BCW-200460_02661	gnl|TC-DB|B7LEG0|1.A.34.1.2	42.9	275	135	1	41	293	105	379	5.0e-37	151.4
BCW-200460_02683	gnl|TC-DB|P0A943|1.B.33.1.3	38.9	825	453	15	1	791	3	810	7.7e-157	550.8
BCW-200460_02696	gnl|TC-DB|P32703|2.A.36.3.1	45.8	552	278	10	1	539	1	544	2.0e-108	389.4
BCW-200460_02702	gnl|TC-DB|Q9I4H4|4.D.3.1.11	75.2	859	210	1	40	895	1	859	0.0e+00	1343.6
BCW-200460_02711	gnl|TC-DB|Q9HXW4|2.A.6.2.17	82.5	1021	179	0	1	1021	1	1021	0.0e+00	1646.3
BCW-200460_02712	gnl|TC-DB|P75830|3.A.1.122.1	25.6	340	213	9	28	337	32	361	7.8e-11	64.7
BCW-200460_02725	gnl|TC-DB|Q8EBH3|1.B.6.1.22	33.0	115	75	2	142	254	250	364	7.7e-13	70.9
BCW-200460_02733	gnl|TC-DB|P0AAP1|9.B.34.1.2	37.3	169	101	4	164	332	206	369	1.6e-23	106.7
BCW-200460_02739	gnl|TC-DB|M3JA40|1.B.52.2.1	39.8	118	60	2	341	458	265	371	4.5e-15	79.3
BCW-200460_02743	gnl|TC-DB|P76108|3.A.1.11.9	75.5	379	93	0	5	383	3	381	8.8e-175	609.4
BCW-200460_02744	gnl|TC-DB|P77795|3.A.1.11.9	67.1	337	107	1	1	337	1	333	3.2e-123	438.0
BCW-200460_02745	gnl|TC-DB|P77156|3.A.1.11.9	77.5	311	70	0	1	311	3	313	3.3e-135	477.6
BCW-200460_02746	gnl|TC-DB|P0AFR9|3.A.1.11.9	78.2	262	57	0	1	262	1	262	3.8e-116	414.1
BCW-200460_02754	gnl|TC-DB|Q93N33|2.A.21.9.2	29.8	272	180	7	160	423	741	1009	1.8e-19	93.6
BCW-200460_02758	gnl|TC-DB|P31133|3.A.1.11.2	41.6	353	204	2	15	365	17	369	3.6e-77	285.0
BCW-200460_02762	gnl|TC-DB|P0AG34|2.A.76.1.1	27.8	198	143	0	9	206	9	206	8.2e-18	87.0
BCW-200460_02764	gnl|TC-DB|Q93N33|2.A.21.9.2	27.6	250	169	5	499	741	766	1010	1.1e-16	85.1
BCW-200460_02766	gnl|TC-DB|P38101|2.A.76.1.4	29.3	191	130	3	2	190	4	191	1.3e-12	69.7
BCW-200460_02779	gnl|TC-DB|P33916|3.A.1.5.21	59.0	522	212	2	6	525	5	526	1.0e-168	589.7
BCW-200460_02780	gnl|TC-DB|P33915|3.A.1.5.21	59.6	337	135	1	3	339	4	339	2.4e-115	411.8
BCW-200460_02781	gnl|TC-DB|Q7CQ74|3.A.1.5.24	63.2	364	125	2	1	355	1	364	1.2e-125	446.0
BCW-200460_02782	gnl|TC-DB|Q8ZNK0|3.A.1.5.24	42.6	559	313	6	35	590	34	587	9.9e-128	453.8
BCW-200460_02783	gnl|TC-DB|P33913|3.A.1.5.21	39.8	601	341	9	5	602	5	587	7.1e-126	447.6
BCW-200460_02794	gnl|TC-DB|P0AB93|3.A.4.1.1	72.3	426	118	0	1	426	1	426	8.9e-168	586.3
BCW-200460_02798	gnl|TC-DB|P09391|9.B.104.1.1	34.3	175	107	4	115	286	106	275	1.4e-23	106.7
BCW-200460_02814	gnl|TC-DB|Q6V6X7|2.A.6.2.18	69.0	468	138	5	5	465	4	471	2.6e-168	588.2
BCW-200460_02816	gnl|TC-DB|Q42524|4.C.1.1.7	22.8	518	326	15	498	960	63	561	1.4e-14	79.7
BCW-200460_02817	gnl|TC-DB|Q42524|4.C.1.1.7	22.9	503	342	11	574	1046	67	553	2.0e-20	100.1
BCW-200460_02818	gnl|TC-DB|P69451|4.C.1.1.4	24.7	563	327	15	556	1049	15	549	2.2e-22	107.1
BCW-200460_02819	gnl|TC-DB|Q84BQ3|3.A.1.122.12	99.2	362	3	0	21	382	1	362	1.5e-150	528.9
BCW-200460_02820	gnl|TC-DB|A0ZUB1|3.A.1.122.12	99.5	651	3	0	1	651	1	651	0.0e+00	1232.2
BCW-200460_02827	gnl|TC-DB|A1K643|9.B.20.3.3	31.1	409	262	9	13	412	18	415	1.8e-24	110.2
BCW-200460_02837	gnl|TC-DB|Q9HT68|3.A.1.24.5	43.2	264	142	4	2	263	1	258	1.1e-51	199.9
BCW-200460_02838	gnl|TC-DB|P30750|3.A.1.24.1	58.5	236	96	1	1	234	1	236	3.7e-71	264.6
BCW-200460_02839	gnl|TC-DB|Q9HT69|3.A.1.24.5	48.1	212	106	1	5	216	12	219	2.3e-42	168.7
BCW-200460_02840	gnl|TC-DB|B8H229|3.A.1.2.21	38.3	512	294	10	10	505	3	508	2.2e-80	296.2
BCW-200460_02841	gnl|TC-DB|B8H230|3.A.1.2.21	34.6	332	198	4	14	340	15	332	1.6e-34	143.3
BCW-200460_02843	gnl|TC-DB|G0LBU8|1.B.14.6.11	33.1	816	454	20	36	795	197	976	4.3e-99	359.0
BCW-200460_02844	gnl|TC-DB|Q9R0S5|2.A.3.8.7	23.2	431	313	8	8	431	37	456	1.2e-21	100.9
BCW-200460_02850	gnl|TC-DB|A8J166|2.A.39.3.14	38.5	496	264	10	25	492	17	499	4.7e-88	321.6
BCW-200460_02854	gnl|TC-DB|Q46821|2.A.40.3.3	41.6	435	253	1	2	435	10	444	1.3e-97	353.2
BCW-200460_02855	gnl|TC-DB|P94400|9.B.10.1.1	32.5	382	198	12	13	344	3	374	7.8e-37	151.0
BCW-200460_02889	gnl|TC-DB|Q7N7Y9|1.C.107.1.4	37.3	2568	1456	49	13	2479	12	2525	0.0e+00	1463.0
BCW-200460_02913	gnl|TC-DB|A3M9E9|2.A.1.2.51	24.3	346	260	2	22	365	9	354	3.7e-17	85.9
BCW-200460_02914	gnl|TC-DB|P0AER8|2.A.27.1.1	67.3	397	130	0	1	397	1	397	3.7e-139	491.1
BCW-200460_02936	gnl|TC-DB|P48632|1.B.14.1.6	38.1	729	400	12	35	746	119	813	4.3e-133	471.9
BCW-200460_02942	gnl|TC-DB|P31133|3.A.1.11.2	45.9	353	189	2	11	361	16	368	2.7e-88	322.0
BCW-200460_02944	gnl|TC-DB|P0AGM9|2.A.40.4.2	45.5	444	237	3	9	447	18	461	1.1e-108	390.2
BCW-200460_02958	gnl|TC-DB|P0AEY8|2.A.1.2.19	41.8	392	215	4	12	400	14	395	1.4e-69	260.0
BCW-200460_02964	gnl|TC-DB|F8CVI0|1.B.52.2.2	29.7	195	111	3	361	535	101	289	3.9e-13	73.2
BCW-200460_02966	gnl|TC-DB|B1J6T5|9.B.27.3.3	66.7	135	45	0	8	142	7	141	2.2e-46	181.4
BCW-200460_02981	gnl|TC-DB|P0AG93|2.A.6.4.1	45.6	307	160	3	3	304	15	319	5.2e-69	257.7
BCW-200460_02982	gnl|TC-DB|P0AG90|2.A.6.4.1	48.2	633	299	9	1	622	1	615	3.8e-151	531.6
BCW-200460_02983	gnl|TC-DB|P0ADZ7|3.A.5.1.1	47.8	113	54	3	1	111	1	110	1.6e-20	95.1
BCW-200460_03011	gnl|TC-DB|P0ABJ6|3.D.4.5.1	48.1	106	55	0	4	109	2	107	2.2e-17	84.7
BCW-200460_03012	gnl|TC-DB|P0ABJ3|3.D.4.5.1	69.9	183	55	0	25	207	22	204	5.3e-73	270.4
BCW-200460_03013	gnl|TC-DB|P0ABI8|3.D.4.5.1	67.9	660	210	1	1	660	1	658	3.5e-275	943.7
BCW-200460_03014	gnl|TC-DB|P0ABJ1|3.D.4.5.1	54.5	301	132	4	1	298	1	299	4.3e-87	317.8
BCW-200460_03018	gnl|TC-DB|Q9KN48|3.A.23.1.1	38.1	373	216	4	160	517	156	528	6.3e-59	224.9
BCW-200460_03025	gnl|TC-DB|Q9I3R2|2.A.6.2.35	45.8	384	199	5	1	382	4	380	3.7e-80	295.0
BCW-200460_03026	gnl|TC-DB|Q4LDT8|2.A.6.2.35	70.5	1020	301	0	1	1020	1	1020	0.0e+00	1376.3
BCW-200460_03030	gnl|TC-DB|Q9I6X0|1.B.25.1.12	65.0	446	146	4	1	438	1	444	2.6e-170	594.7
BCW-200460_03031	gnl|TC-DB|D4ZZR3|9.B.34.1.3	43.6	172	90	4	331	498	225	393	1.9e-28	123.6
BCW-200460_03039	gnl|TC-DB|P0ABG4|2.A.103.1.1	44.9	350	191	1	33	382	55	402	4.8e-78	288.1
BCW-200460_03041	gnl|TC-DB|P0A6W3|9.B.146.1.6	64.7	360	127	0	1	360	1	360	2.1e-130	461.8
BCW-200460_03054	gnl|TC-DB|P0ACA3|1.A.12.3.1	58.5	200	80	2	7	205	11	208	1.1e-62	236.1
BCW-200460_03056	gnl|TC-DB|Q02761|3.E.2.1.1	42.5	414	212	7	7	401	18	424	1.3e-83	306.6
BCW-200460_03057	gnl|TC-DB|P13272|3.D.3.2.1	41.4	181	83	8	13	191	115	274	6.4e-28	120.6
BCW-200460_03060	gnl|TC-DB|P0A9T4|8.A.5.1.5	54.9	346	156	0	1	346	1	346	1.1e-104	376.3
BCW-200460_03067	gnl|TC-DB|K1GHE1|9.B.186.1.2	49.7	147	72	1	82	228	68	212	1.3e-33	139.8
BCW-200460_03071	gnl|TC-DB|B2D7K2|3.A.23.1.1	39.8	522	284	9	10	513	6	515	8.8e-101	364.4
BCW-200460_03087	gnl|TC-DB|Q2J9P5|3.A.1.125.3	42.6	209	119	1	9	216	66	274	7.3e-41	163.7
BCW-200460_03091	gnl|TC-DB|H8E4X1|9.B.18.1.2	44.6	184	100	2	55	237	331	513	7.3e-37	150.6
BCW-200460_03109	gnl|TC-DB|Q6MLE8|1.A.23.4.12	27.9	208	142	4	105	306	126	331	4.8e-13	72.4
BCW-200460_03111	gnl|TC-DB|O53183|2.A.1.2.71	56.6	401	171	1	12	412	15	412	6.6e-115	410.6
BCW-200460_03112	gnl|TC-DB|P0C0L7|2.A.1.6.4	81.9	497	90	0	4	500	3	499	5.1e-239	823.2
BCW-200460_03133	gnl|TC-DB|G0LBU8|1.B.14.6.11	38.0	163	86	5	130	282	197	354	1.2e-15	82.0
BCW-200460_03136	gnl|TC-DB|G0LBU8|1.B.14.6.11	24.2	888	541	34	25	880	189	976	8.9e-29	125.6
BCW-200460_03137	gnl|TC-DB|P33913|3.A.1.5.21	37.2	570	347	9	25	592	27	587	1.1e-113	407.1
BCW-200460_03138	gnl|TC-DB|Q7CQ74|3.A.1.5.24	61.6	365	126	4	1	352	1	364	1.3e-119	426.0
BCW-200460_03139	gnl|TC-DB|P33915|3.A.1.5.21	58.9	338	138	1	1	338	1	337	5.3e-115	410.6
BCW-200460_03140	gnl|TC-DB|P33916|3.A.1.5.21	58.6	529	211	5	1	521	1	529	6.6e-160	560.5
BCW-200460_03143	gnl|TC-DB|M4VAL8|8.A.21.2.4	28.6	175	122	2	130	301	74	248	1.3e-12	70.5
BCW-200460_03157	gnl|TC-DB|A5W2Y3|9.B.69.1.1	70.4	226	67	0	1	226	1	226	1.6e-86	315.5
BCW-200460_03158	gnl|TC-DB|A5W2Y4|9.B.69.1.1	67.8	59	19	0	7	65	4	62	3.2e-16	80.1
BCW-200460_03159	gnl|TC-DB|P94400|9.B.10.1.1	32.8	232	139	8	4	227	1	223	1.0e-28	124.0
BCW-200460_03164	gnl|TC-DB|L5DDD7|2.A.109.2.3	51.9	518	243	3	1	515	370	884	3.5e-134	474.9
BCW-200460_03167	gnl|TC-DB|Q0P9X8|3.A.1.3.16	27.6	268	174	7	4	265	4	257	6.2e-24	107.8
BCW-200460_03168	gnl|TC-DB|P0AEQ6|3.A.1.3.2	38.2	217	132	1	4	218	2	218	3.9e-34	141.4
BCW-200460_03169	gnl|TC-DB|A1VZQ3|3.A.1.3.16	33.0	203	136	0	15	217	41	243	1.0e-29	126.7
BCW-200460_03170	gnl|TC-DB|Q9F3K7|3.A.1.3.24	53.7	246	114	0	15	260	4	249	2.4e-70	261.9
BCW-200460_03176	gnl|TC-DB|Q9HV74|2.A.21.9.1	29.5	281	160	10	436	701	718	975	4.6e-22	103.2
BCW-200460_03177	gnl|TC-DB|Q51532|3.A.15.2.1	54.2	345	157	1	1	344	1	345	2.1e-104	375.6
BCW-200460_03180	gnl|TC-DB|Q81E21|2.A.8.1.14	55.2	478	198	3	1	462	1	478	1.3e-135	479.6
BCW-200460_03181	gnl|TC-DB|Q9KN48|3.A.23.1.1	40.0	365	187	8	129	467	169	527	3.6e-53	205.7
BCW-200460_03182	gnl|TC-DB|P33916|3.A.1.5.21	57.3	527	217	5	1	519	1	527	1.2e-158	556.2
BCW-200460_03183	gnl|TC-DB|P33915|3.A.1.5.21	56.5	338	146	1	1	338	1	337	2.3e-110	395.2
BCW-200460_03184	gnl|TC-DB|Q7CQ74|3.A.1.5.24	61.8	364	126	2	1	351	1	364	4.0e-121	431.0
BCW-200460_03185	gnl|TC-DB|P33913|3.A.1.5.21	38.4	593	349	11	8	596	7	587	2.8e-114	409.1
BCW-200460_03194	gnl|TC-DB|K0WKG7|4.F.1.1.8	100.0	186	0	0	1	186	1	186	2.9e-99	357.5
BCW-200460_03205	gnl|TC-DB|P09833|3.A.1.8.1	40.8	360	204	4	1	359	1	352	8.8e-68	253.8
BCW-200460_03206	gnl|TC-DB|Q8TJ86|3.A.1.8.2	34.0	203	132	2	13	214	14	215	4.5e-25	111.3
BCW-200460_03228	gnl|TC-DB|Q9I2S5|2.A.34.1.3	73.4	500	133	0	1	500	1	500	2.0e-190	661.8
BCW-200460_03231	gnl|TC-DB|Q9KN48|3.A.23.1.1	47.1	240	126	1	138	376	193	432	6.0e-58	221.5
BCW-200460_03232	gnl|TC-DB|G0K0M9|9.B.153.3.16	39.7	317	184	3	126	438	117	430	5.0e-65	245.0
BCW-200460_03240	gnl|TC-DB|M3JA40|1.B.52.2.1	37.1	210	123	3	343	544	252	460	1.8e-19	94.0
BCW-200460_03247	gnl|TC-DB|P37621|2.A.1.46.7	48.6	387	199	0	6	392	7	393	1.8e-90	329.3
BCW-200460_03248	gnl|TC-DB|Q83XH1|3.A.1.121.4	47.4	517	270	1	1	515	9	525	2.7e-142	501.9
BCW-200460_03269	gnl|TC-DB|B2D7K2|3.A.23.1.1	39.0	510	283	9	20	513	18	515	1.7e-96	350.1
BCW-200460_03270	gnl|TC-DB|Q9I5H4|1.B.25.1.10	58.0	414	163	4	19	432	24	426	1.5e-138	489.2
BCW-200460_03275	gnl|TC-DB|O30494|3.A.1.1.49	86.1	367	51	0	1	367	1	367	3.6e-181	630.6
BCW-200460_03276	gnl|TC-DB|O30493|3.A.1.1.49	95.3	276	13	0	1	276	1	276	4.5e-144	506.9
BCW-200460_03277	gnl|TC-DB|O30492|3.A.1.1.49	93.8	290	18	0	18	307	6	295	3.0e-149	524.2
BCW-200460_03278	gnl|TC-DB|O30491|3.A.1.1.49	89.9	436	44	0	1	436	1	436	9.9e-231	795.4
BCW-200460_03283	gnl|TC-DB|Q93N33|2.A.21.9.2	28.4	398	235	10	494	881	788	1145	2.6e-28	124.4
BCW-200460_03288	gnl|TC-DB|Q9HV74|2.A.21.9.1	29.9	311	174	11	129	422	699	982	1.0e-22	104.8
BCW-200460_03291	gnl|TC-DB|B2FLY6|2.A.6.2.14	47.8	464	231	4	13	471	12	469	1.8e-108	389.4
BCW-200460_03292	gnl|TC-DB|Q9I0Y8|2.A.6.2.16	87.7	1057	128	1	1	1055	1	1057	0.0e+00	1782.7
BCW-200460_03293	gnl|TC-DB|C5IZH0|2.A.6.2.47	47.1	380	194	3	7	379	11	390	2.9e-86	315.5
BCW-200460_03294	gnl|TC-DB|H0KI06|9.B.124.1.3	49.1	114	50	2	43	149	2	114	2.5e-24	108.2
BCW-200460_03297	gnl|TC-DB|P31122|2.A.1.2.15	60.5	377	149	0	1	377	1	377	1.6e-115	412.5
BCW-200460_03304	gnl|TC-DB|Q88P38|3.A.1.1.30	62.0	432	154	4	1	426	1	428	1.8e-152	535.4
BCW-200460_03305	gnl|TC-DB|Q51955|2.A.1.15.1	48.0	431	222	2	4	432	10	440	7.8e-106	380.6
BCW-200460_03308	gnl|TC-DB|Q9I6P8|1.B.25.1.14	70.7	403	111	4	19	415	20	421	9.6e-167	582.8
BCW-200460_03324	gnl|TC-DB|P31133|3.A.1.11.2	55.5	357	155	2	8	360	13	369	1.3e-119	426.0
BCW-200460_03327	gnl|TC-DB|Q9ZG94|3.A.1.110.12	84.0	539	86	0	14	552	22	560	9.9e-258	885.6
BCW-200460_03328	gnl|TC-DB|Q9ZG93|3.A.1.110.12	85.7	426	61	0	24	449	8	433	3.3e-205	710.7
BCW-200460_03329	gnl|TC-DB|Q9ZG92|3.A.1.110.12	83.6	428	69	1	18	444	14	441	7.1e-200	693.0
BCW-200460_03330	gnl|TC-DB|C6G4G4|1.B.12.5.6	39.3	1051	527	18	37	983	199	1242	1.2e-186	650.2
BCW-200460_03331	gnl|TC-DB|P09489|1.B.12.5.1	39.9	1065	522	18	36	1028	27	1045	2.2e-204	709.1
BCW-200460_03344	gnl|TC-DB|P24183|5.A.3.2.1	67.3	196	63	1	1	196	1	195	3.1e-75	277.7
BCW-200460_03345	gnl|TC-DB|P24183|5.A.3.2.1	61.5	808	304	5	1	807	213	1014	2.8e-311	1063.9
BCW-200460_03346	gnl|TC-DB|P0AAJ3|5.A.3.2.1	66.0	288	93	5	1	284	3	289	4.1e-114	407.5
BCW-200460_03347	gnl|TC-DB|P0AEK7|5.A.3.2.1	44.8	212	117	0	3	214	4	215	1.1e-49	193.0
BCW-200460_03352	gnl|TC-DB|Q9I0E2|1.B.25.1.11	59.6	413	162	3	16	428	24	431	9.1e-144	506.5
BCW-200460_03355	gnl|TC-DB|M4V7W7|1.A.23.1.4	28.1	484	334	5	37	511	53	531	8.4e-46	181.4
BCW-200460_03364	gnl|TC-DB|D4ZZR3|9.B.34.1.3	38.3	175	99	4	427	595	223	394	2.2e-24	110.9
BCW-200460_03371	gnl|TC-DB|P09551|3.A.1.3.1	28.9	225	140	7	46	260	38	252	5.9e-16	81.3
BCW-200460_03372	gnl|TC-DB|Q9F3K6|3.A.1.3.24	42.8	243	126	4	4	240	57	292	1.8e-38	156.0
BCW-200460_03373	gnl|TC-DB|Q9F3K7|3.A.1.3.24	64.1	251	89	1	9	259	4	253	7.2e-88	320.1
BCW-200460_03374	gnl|TC-DB|P31133|3.A.1.11.2	52.2	362	172	1	3	363	9	370	4.5e-112	401.0
BCW-200460_03376	gnl|TC-DB|Q2G506|3.A.1.210.11	36.3	496	300	6	109	602	116	597	4.6e-72	268.9
BCW-200460_03377	gnl|TC-DB|P25527|2.A.3.1.4	60.0	442	173	2	7	445	1	441	8.6e-140	493.4
BCW-200460_03388	gnl|TC-DB|P80874|8.A.5.1.4	32.8	302	196	3	9	307	10	307	7.4e-37	151.0
BCW-200460_03400	gnl|TC-DB|Q6MLK6|1.A.46.2.5	31.1	264	179	2	23	286	34	294	1.8e-37	152.9
BCW-200460_03401	gnl|TC-DB|B0KPQ1|1.B.19.1.3	84.6	415	60	1	13	427	11	421	8.3e-214	739.2
BCW-200460_03406	gnl|TC-DB|Q3J192|9.A.24.1.2	44.1	143	80	0	4	146	9	151	2.3e-30	128.3
BCW-200460_03407	gnl|TC-DB|Q9HV74|2.A.21.9.1	31.0	261	146	9	338	586	740	978	4.6e-23	106.3
BCW-200460_03417	gnl|TC-DB|P0AAF1|2.A.3.2.1	54.0	430	193	2	5	432	6	432	8.3e-125	443.7
BCW-200460_03418	gnl|TC-DB|Q6V6X7|2.A.6.2.18	37.9	456	271	5	14	461	15	466	8.1e-77	284.3
BCW-200460_03419	gnl|TC-DB|Q8RTE4|2.A.6.2.22	45.2	1018	545	6	4	1018	3	1010	8.9e-249	856.7
BCW-200460_03420	gnl|TC-DB|Q6VV69|2.A.6.2.23	35.5	349	224	1	25	372	20	368	1.5e-55	213.4
BCW-200460_03422	gnl|TC-DB|E7BBJ2|9.B.102.5.5	56.3	135	59	0	4	138	4	138	9.7e-39	156.0
BCW-200460_03423	gnl|TC-DB|E7BBJ1|9.B.102.5.2	52.2	138	66	0	1	138	1	138	2.8e-33	137.9
BCW-200460_03428	gnl|TC-DB|P96878|2.A.53.3.12	34.5	165	101	2	26	184	571	734	5.3e-23	104.4
BCW-200460_03444	gnl|TC-DB|Q9RPP3|2.A.1.14.8	41.3	429	245	3	10	435	17	441	8.6e-89	323.9
BCW-200460_03449	gnl|TC-DB|Q4KI39|9.B.164.1.1	23.2	594	343	20	19	529	13	576	1.6e-23	107.5
BCW-200460_03460	gnl|TC-DB|P69451|4.C.1.1.4	33.1	353	226	4	165	513	206	552	1.5e-44	177.2
BCW-200460_03472	gnl|TC-DB|P69451|4.C.1.1.4	33.0	358	225	6	162	514	204	551	1.8e-40	163.7
BCW-200460_03486	gnl|TC-DB|P31133|3.A.1.11.2	55.5	355	156	2	10	362	16	370	6.3e-114	407.1
BCW-200460_03492	gnl|TC-DB|G8LJX5|9.B.142.2.2	40.0	538	313	6	32	563	10	543	3.5e-111	398.7
BCW-200460_03494	gnl|TC-DB|P21408|3.A.1.10.1	71.3	338	96	1	1	337	1	338	7.1e-136	479.9
BCW-200460_03495	gnl|TC-DB|P21409|3.A.1.10.1	73.8	504	132	0	27	530	23	526	5.3e-202	700.3
BCW-200460_03496	gnl|TC-DB|P21410|3.A.1.10.1	57.3	349	143	2	1	349	1	343	9.8e-104	373.2
BCW-200460_03499	gnl|TC-DB|P77757|4.D.2.1.8	68.5	311	98	0	4	314	5	315	1.1e-120	429.5
BCW-200460_03502	gnl|TC-DB|G8LJX5|9.B.142.2.2	41.0	551	313	8	4	546	5	551	1.5e-114	409.8
BCW-200460_03503	gnl|TC-DB|Q47377|2.A.7.22.1	49.5	111	53	1	1	111	1	108	8.3e-20	92.8
BCW-200460_03508	gnl|TC-DB|P31126|2.A.1.2.55	30.2	377	259	4	11	386	12	385	3.9e-45	178.7
BCW-200460_03518	gnl|TC-DB|P75901|2.A.108.2.3	57.0	279	117	1	1	279	1	276	6.1e-80	293.9
BCW-200460_03519	gnl|TC-DB|P0AB24|2.A.108.2.3	38.1	344	210	2	53	396	34	374	1.6e-62	236.5
BCW-200460_03520	gnl|TC-DB|P31545|2.A.108.2.3	59.5	415	159	5	11	423	14	421	8.8e-139	490.0
BCW-200460_03521	gnl|TC-DB|P0AB24|2.A.108.2.3	57.2	276	106	2	10	274	101	375	1.8e-81	298.9
BCW-200460_03526	gnl|TC-DB|P0AD30|2.A.102.3.1	37.4	257	148	4	12	258	15	268	6.9e-38	154.1
BCW-200460_03536	gnl|TC-DB|Q8Y3G9|2.A.6.2.45	51.2	367	177	2	6	371	10	375	6.5e-93	337.4
BCW-200460_03537	gnl|TC-DB|Q8Y3H0|2.A.6.2.45	66.1	1028	345	3	1	1024	1	1028	0.0e+00	1283.1
BCW-200460_03542	gnl|TC-DB|Q9RPP3|2.A.1.14.8	26.4	417	278	8	14	412	33	438	9.4e-40	161.0
BCW-200460_03548	gnl|TC-DB|Q9RPP3|2.A.1.14.8	42.1	437	248	3	1	436	11	443	3.2e-96	348.6
BCW-200460_03550	gnl|TC-DB|P77735|8.A.5.1.6	35.2	324	193	6	1	314	1	317	5.2e-46	181.4
BCW-200460_03551	gnl|TC-DB|Q57389|2.A.7.7.3	40.1	292	171	3	1	290	1	290	1.7e-56	216.1
BCW-200460_03553	gnl|TC-DB|Q31PG5|2.A.7.3.58	42.7	288	154	5	16	301	20	298	2.5e-42	169.1
BCW-200460_03590	gnl|TC-DB|P44669|9.A.41.1.1	62.6	620	230	2	1	620	1	618	2.8e-210	728.0
BCW-200460_03605	gnl|TC-DB|B7L5V2|1.A.34.1.3	30.4	125	84	2	149	271	99	222	3.4e-11	65.5
BCW-200460_03613	gnl|TC-DB|Q4KCN4|9.B.62.1.5	37.2	191	112	5	34	219	7	194	3.0e-26	116.3
BCW-200460_03622	gnl|TC-DB|Q51485|1.B.19.1.1	67.7	433	138	1	23	453	22	454	2.1e-183	638.3
BCW-200460_03635	gnl|TC-DB|P37460|2.A.3.1.6	56.7	441	189	2	18	457	7	446	2.4e-142	501.9
BCW-200460_03642	gnl|TC-DB|P76037|2.A.3.1.13	44.1	433	239	3	3	432	17	449	2.5e-96	349.0
BCW-200460_03643	gnl|TC-DB|Q9HV74|2.A.21.9.1	29.0	352	190	9	122	467	684	981	4.4e-27	119.0
BCW-200460_03645	gnl|TC-DB|Q74FY6|5.B.3.1.1	40.7	295	158	4	29	311	34	323	2.2e-54	209.1
BCW-200460_03646	gnl|TC-DB|D4ZZR3|9.B.34.1.3	31.8	192	123	3	163	349	205	393	6.5e-18	89.0
BCW-200460_03647	gnl|TC-DB|P0AAP1|9.B.34.1.2	32.6	172	113	2	302	472	197	366	9.3e-19	92.0
BCW-200460_03650	gnl|TC-DB|G8WDN4|2.A.76.1.10	54.3	210	96	0	1	210	1	210	6.0e-56	213.8
BCW-200460_03657	gnl|TC-DB|P52112|9.B.72.1.1	78.0	109	24	0	4	112	1	109	5.2e-43	169.9
BCW-200460_03658	gnl|TC-DB|Q9KN48|3.A.23.1.1	43.7	263	145	1	112	371	156	418	1.4e-54	210.3
BCW-200460_03660	gnl|TC-DB|Q9I405|3.A.1.3.22	91.8	244	20	0	1	244	1	244	8.8e-128	452.6
BCW-200460_03661	gnl|TC-DB|Q88NY4|3.A.1.3.19	90.1	223	22	0	1	223	1	223	1.7e-106	381.7
BCW-200460_03662	gnl|TC-DB|Q88NY3|3.A.1.3.19	92.3	248	19	0	1	248	1	248	9.9e-127	449.1
BCW-200460_03663	gnl|TC-DB|Q88NY2|3.A.1.3.19	75.6	307	72	3	1	307	2	305	5.9e-129	456.8
BCW-200460_03667	gnl|TC-DB|P0AER0|1.A.8.1.1	73.9	257	67	0	6	262	3	259	1.6e-109	392.1
BCW-200460_03670	gnl|TC-DB|Q82VN5|3.A.1.10.4	51.1	352	165	2	6	350	4	355	2.0e-99	359.0
BCW-200460_03673	gnl|TC-DB|P07658|3.D.1.9.2	25.1	649	418	14	44	653	37	656	1.1e-37	154.8
BCW-200460_03688	gnl|TC-DB|P76182|3.D.6.1.4	40.7	339	181	4	2	321	8	345	4.7e-68	254.6
BCW-200460_03689	gnl|TC-DB|P77223|3.D.6.1.4	53.8	104	45	2	3	103	36	139	1.1e-26	117.5
BCW-200460_03690	gnl|TC-DB|C4N8U4|3.D.6.1.2	34.7	190	117	3	4	186	3	192	2.8e-20	95.1
BCW-200460_03692	gnl|TC-DB|A0L4L0|3.A.1.132.3	39.1	338	192	5	6	342	4	328	2.5e-62	235.7
BCW-200460_03704	gnl|TC-DB|Q9HW27|2.A.6.2.33	82.7	1006	174	0	1	1006	1	1006	0.0e+00	1588.2
BCW-200460_03705	gnl|TC-DB|A0Q8A4|2.A.6.2.28	31.8	384	243	7	2	368	62	443	5.2e-50	194.9
BCW-200460_03712	gnl|TC-DB|B5U2Z3|2.A.75.1.4	41.3	196	110	2	5	197	6	199	1.5e-32	136.0
BCW-200460_03718	gnl|TC-DB|O32182|2.A.1.3.33	35.9	449	276	7	11	452	8	451	2.0e-70	263.1
BCW-200460_03729	gnl|TC-DB|O70110|3.A.1.11.4	30.9	269	172	6	25	287	6	266	6.4e-27	117.9
BCW-200460_03730	gnl|TC-DB|Q44381|3.A.1.11.3	31.7	243	157	1	26	268	27	260	2.0e-19	92.8
BCW-200460_03731	gnl|TC-DB|Q1M7Q1|3.A.1.11.6	44.6	327	175	3	4	325	6	331	1.5e-72	269.6
BCW-200460_03738	gnl|TC-DB|P0AEX3|2.A.1.6.2	56.5	416	181	0	21	436	17	432	2.9e-129	458.4
BCW-200460_03739	gnl|TC-DB|Q9KN48|3.A.23.1.1	43.6	266	144	2	109	369	154	418	8.4e-52	201.1
BCW-200460_03740	gnl|TC-DB|Q9HV74|2.A.21.9.1	38.0	250	136	9	340	579	734	974	3.5e-29	126.3
BCW-200460_03745	gnl|TC-DB|D4ZZR3|9.B.34.1.3	42.8	166	90	3	198	358	227	392	6.6e-26	114.8
BCW-200460_03752	gnl|TC-DB|D3VHH3|1.C.107.1.2	24.6	700	480	16	286	963	458	1131	1.0e-43	175.6
BCW-200460_03753	gnl|TC-DB|Q693A5|1.C.107.1.3	30.6	893	504	21	464	1320	1356	2168	1.3e-82	305.1
BCW-200460_03759	gnl|TC-DB|Q2JF02|9.B.98.1.3	27.0	330	225	7	1	325	1	319	8.7e-22	100.9
BCW-200460_03771	gnl|TC-DB|P10408|3.A.5.1.1	62.2	912	333	2	23	933	1	901	0.0e+00	1111.3
BCW-200460_03776	gnl|TC-DB|Q9HV74|2.A.21.9.1	28.0	393	228	11	281	662	626	974	9.2e-34	141.7
BCW-200460_03779	gnl|TC-DB|P0C0S1|1.A.23.2.1	32.2	276	172	5	2	268	3	272	1.5e-35	146.4
BCW-200460_03780	gnl|TC-DB|P32722|1.B.25.1.1	66.4	453	138	7	1	449	1	443	8.5e-161	563.1
BCW-200460_03793	gnl|TC-DB|P0ABU9|1.A.30.2.2	56.9	218	94	0	14	231	9	226	1.0e-61	233.0
BCW-200460_03794	gnl|TC-DB|Q1D0D2|1.A.30.2.7	37.6	141	71	3	11	151	10	133	1.0e-17	86.3
BCW-200460_03796	gnl|TC-DB|P0A855|2.C.1.2.1	52.1	413	191	4	13	422	22	430	3.5e-39	159.1
BCW-200460_03797	gnl|TC-DB|C6EJJ6|2.C.1.2.1	40.9	171	93	4	1	163	1	171	2.3e-23	105.1
BCW-200460_03809	gnl|TC-DB|Q9KN48|3.A.23.1.1	45.4	240	129	2	193	431	193	431	3.7e-48	189.1
BCW-200460_03814	gnl|TC-DB|P18275|2.A.3.2.3	84.8	479	67	1	3	475	4	482	1.1e-222	768.8
BCW-200460_03815	gnl|TC-DB|P18275|2.A.3.2.3	75.8	479	110	1	3	475	4	482	6.4e-207	716.5
BCW-200460_03821	gnl|TC-DB|P72412|1.B.14.2.14	27.7	664	347	25	144	779	47	605	5.8e-41	166.0
BCW-200460_03830	gnl|TC-DB|Q88P38|3.A.1.1.30	86.1	433	55	1	1	433	1	428	2.1e-217	751.1
BCW-200460_03831	gnl|TC-DB|Q88P37|3.A.1.1.30	91.4	301	26	0	1	301	1	301	4.5e-158	553.5
BCW-200460_03832	gnl|TC-DB|Q88P36|3.A.1.1.30	90.4	281	27	0	1	281	1	281	6.8e-140	493.0
BCW-200460_03833	gnl|TC-DB|Q88P35|3.A.1.1.30	85.0	386	56	1	1	386	1	384	2.5e-185	644.4
BCW-200460_03834	gnl|TC-DB|Q51485|1.B.19.1.1	66.2	450	150	1	2	449	5	454	3.0e-182	634.4
BCW-200460_03846	gnl|TC-DB|P69451|4.C.1.1.4	52.2	557	258	2	6	562	5	553	1.2e-172	602.8
BCW-200460_03847	gnl|TC-DB|P69451|4.C.1.1.4	55.0	558	248	3	6	562	5	560	2.3e-179	625.2
BCW-200460_03857	gnl|TC-DB|Q9KKE3|3.A.1.12.6	45.4	328	177	1	12	337	18	345	1.6e-87	319.3
BCW-200460_03860	gnl|TC-DB|M3JA40|1.B.52.2.1	45.5	101	48	1	283	376	246	346	3.6e-15	79.3
BCW-200460_03862	gnl|TC-DB|P31679|2.A.1.1.114	26.3	388	262	7	87	468	60	429	1.5e-27	120.6
BCW-200460_03863	gnl|TC-DB|Q02NR0|2.A.117.1.4	71.2	146	42	0	1	146	1	146	2.4e-56	214.5
BCW-200460_03867	gnl|TC-DB|P12012|2.A.8.1.1	43.6	447	244	4	11	450	3	448	3.4e-101	365.2
BCW-200460_03879	gnl|TC-DB|Q02P42|2.A.117.1.2	50.4	137	68	0	5	141	25	161	4.7e-36	147.1
BCW-200460_03882	gnl|TC-DB|P0AFJ7|2.A.20.1.1	44.9	492	242	8	66	536	14	497	7.4e-103	370.9
BCW-200460_03884	gnl|TC-DB|M3JA40|1.B.52.2.1	66.2	71	24	0	357	427	277	347	1.3e-17	87.8
BCW-200460_03906	gnl|TC-DB|P31552|4.C.1.1.6	20.7	535	378	14	90	616	21	517	2.1e-19	94.0
BCW-200460_03907	gnl|TC-DB|O50181|3.A.1.3.11	70.4	257	75	1	1	256	1	257	5.1e-102	367.1
BCW-200460_03908	gnl|TC-DB|O50182|3.A.1.3.11	82.1	229	41	0	1	229	1	229	5.4e-103	370.2
BCW-200460_03909	gnl|TC-DB|O50183|3.A.1.3.11	85.7	231	33	0	1	231	1	231	3.7e-107	384.0
BCW-200460_03911	gnl|TC-DB|O30506|3.A.1.3.11	89.8	254	26	0	1	254	1	254	1.9e-125	444.9
BCW-200460_03931	gnl|TC-DB|Q5SMG8|1.A.26.1.2	31.9	342	212	5	149	479	116	447	3.8e-42	169.1
BCW-200460_03942	gnl|TC-DB|P21503|2.A.1.26.1	28.8	364	241	7	16	370	16	370	6.9e-33	138.3
BCW-200460_03957	gnl|TC-DB|P0AGM9|2.A.40.4.2	45.3	444	238	3	8	446	19	462	1.7e-108	389.4
BCW-200460_03960	gnl|TC-DB|A2RKA7|3.A.1.2.17	38.7	499	298	4	10	504	7	501	6.7e-93	337.8
BCW-200460_03961	gnl|TC-DB|Q8DU38|3.A.1.2.12	28.2	344	236	4	20	352	11	354	1.6e-32	136.7
BCW-200460_03962	gnl|TC-DB|A2RKA5|3.A.1.2.17	32.9	304	185	6	3	290	4	304	2.8e-30	129.0
BCW-200460_03965	gnl|TC-DB|P31801|2.A.19.1.1	30.1	355	239	4	7	357	13	362	1.9e-41	166.4
BCW-200460_03969	gnl|TC-DB|O34691|2.A.1.82.4	31.1	431	256	4	22	451	10	400	1.8e-65	246.5
BCW-200460_03975	gnl|TC-DB|I7FD23|2.A.1.2.97	36.0	383	242	3	6	386	19	400	1.2e-54	210.3
BCW-200460_03978	gnl|TC-DB|Q9HX93|3.A.3.5.34	72.1	785	215	3	8	790	10	792	6.3e-308	1052.7
BCW-200460_03991	gnl|TC-DB|Q9L714|3.A.7.18.1	51.5	340	165	0	54	393	114	453	6.2e-97	350.9
BCW-200460_03993	gnl|TC-DB|Q9L717|3.A.7.18.1	38.9	175	99	2	200	366	334	508	2.6e-31	132.9
BCW-200460_04001	gnl|TC-DB|Q9HV74|2.A.21.9.1	29.1	381	207	14	559	913	634	977	1.7e-27	121.3
BCW-200460_04008	gnl|TC-DB|P28303|2.A.66.1.4	45.2	436	229	5	15	445	27	457	9.9e-85	310.5
BCW-200460_04020	gnl|TC-DB|P0AAP1|9.B.34.1.2	36.7	177	110	2	361	536	195	370	1.3e-25	114.4
BCW-200460_04021	gnl|TC-DB|M3JA40|1.B.52.2.1	50.0	108	51	1	463	567	275	382	5.4e-15	79.3
BCW-200460_04035	gnl|TC-DB|B6VNR0|1.C.57.1.6	27.7	1700	1091	43	742	2339	1320	2983	1.4e-129	461.8
BCW-200460_04047	gnl|TC-DB|P72121|1.B.14.4.1	72.5	708	176	8	15	706	19	723	8.0e-307	1048.9
BCW-200460_04049	gnl|TC-DB|A4LBD1|1.B.14.1.7	27.3	744	421	37	25	707	69	753	2.9e-38	156.8
BCW-200460_04050	gnl|TC-DB|P07821|3.A.1.14.3	38.5	234	140	1	25	254	27	260	6.1e-42	167.5
BCW-200460_04052	gnl|TC-DB|A8GDS7|3.A.1.14.16	35.8	332	198	4	8	336	9	328	3.9e-49	191.8
BCW-200460_04053	gnl|TC-DB|Q8NRW1|3.A.1.4.5	46.2	377	187	7	27	403	49	409	2.7e-92	335.5
BCW-200460_04054	gnl|TC-DB|Q8NRW0|3.A.1.4.5	44.9	294	156	2	204	497	4	291	3.5e-62	235.7
BCW-200460_04055	gnl|TC-DB|Q9L3S4|3.A.1.4.4	43.8	317	167	3	46	356	30	341	7.7e-64	240.7
BCW-200460_04056	gnl|TC-DB|Q9L3S3|3.A.1.4.4	44.8	259	125	2	48	289	5	262	5.5e-52	201.1
BCW-200460_04057	gnl|TC-DB|Q9L3S2|3.A.1.4.4	47.9	215	110	2	14	227	4	217	3.8e-48	188.0
BCW-200460_04067	gnl|TC-DB|P44669|9.A.41.1.1	28.2	241	132	7	9	227	21	242	4.2e-16	82.4
BCW-200460_04071	gnl|TC-DB|O29740|2.A.7.3.36	26.0	281	193	6	8	281	11	283	3.8e-16	82.0
BCW-200460_04077	gnl|TC-DB|P37645|9.B.121.1.1	52.2	689	315	3	1	679	1	685	5.2e-210	727.2
BCW-200460_04083	gnl|TC-DB|Q1M8G8|2.A.99.1.2	47.7	195	95	2	3	190	5	199	4.7e-36	147.5
BCW-200460_04087	gnl|TC-DB|P22731|3.A.1.4.1	59.5	237	96	0	1	237	1	237	4.8e-70	260.8
BCW-200460_04088	gnl|TC-DB|P21629|3.A.1.4.8	52.3	283	105	2	1	283	1	253	8.4e-77	283.5
BCW-200460_04089	gnl|TC-DB|P21628|3.A.1.4.8	53.4	412	184	5	11	416	1	410	6.8e-107	384.0
BCW-200460_04090	gnl|TC-DB|P0AEX7|3.A.1.4.1	54.8	301	135	1	5	304	8	308	9.7e-84	306.6
BCW-200460_04091	gnl|TC-DB|Q9L3M3|3.A.1.4.3	48.3	360	181	4	7	364	2	358	3.3e-89	325.1
BCW-200460_04114	gnl|TC-DB|P35755|3.A.1.10.3	46.0	324	168	3	16	335	11	331	2.8e-76	282.0
BCW-200460_04115	gnl|TC-DB|P71338|3.A.1.10.3	42.7	499	281	3	19	513	3	500	1.7e-96	349.7
BCW-200460_04129	gnl|TC-DB|P0AGM2|1.A.62.2.3	57.4	202	86	0	1	202	2	203	2.2e-60	228.4
BCW-200460_04135	gnl|TC-DB|P0AF06|1.A.30.1.1	41.2	279	143	4	7	278	9	273	8.0e-53	204.1
BCW-200460_04136	gnl|TC-DB|P09348|1.A.30.1.1	41.5	284	160	3	1	281	1	281	7.2e-57	217.2
BCW-200460_04152	gnl|TC-DB|E7BBJ3|2.A.102.4.2	39.3	267	158	2	1	266	1	264	8.1e-42	167.2
BCW-200460_04155	gnl|TC-DB|P27303|8.A.1.1.1	46.4	138	72	2	243	378	216	353	2.8e-27	119.4
BCW-200460_04156	gnl|TC-DB|Q4KDN4|9.B.62.1.5	71.2	288	77	2	1	282	1	288	2.7e-104	374.8
BCW-200460_04157	gnl|TC-DB|Q4KDN3|9.B.62.1.5	73.8	122	30	2	1	120	1	122	6.2e-42	166.4
BCW-200460_04164	gnl|TC-DB|P32705|2.A.21.7.2	79.3	546	111	2	8	552	5	549	7.6e-236	812.8
BCW-200460_04165	gnl|TC-DB|P0AF54|9.B.136.1.1	61.8	102	39	0	1	102	1	102	8.0e-30	125.9
BCW-200460_04166	gnl|TC-DB|Q9HZ04|3.A.1.12.12	64.4	284	96	4	3	283	4	285	2.4e-100	361.7
BCW-200460_04167	gnl|TC-DB|Q9I4H4|4.D.3.1.11	39.1	302	172	6	39	337	22	314	3.6e-57	219.2
BCW-200460_04182	gnl|TC-DB|Q1D027|1.A.1.24.3	54.2	262	120	0	8	269	14	275	5.5e-62	234.2
BCW-200460_04183	gnl|TC-DB|P0AG78|3.A.1.6.1	54.4	316	142	2	14	328	12	326	1.1e-99	359.8
BCW-200460_04185	gnl|TC-DB|P76628|2.A.1.36.3	33.8	382	251	2	1	381	1	381	2.2e-51	199.5
BCW-200460_04195	gnl|TC-DB|Q9I3N2|9.B.14.1.7	83.5	656	108	0	7	662	2	657	0.0e+00	1115.9
BCW-200460_04198	gnl|TC-DB|Q9I3N5|9.B.14.2.4	82.5	251	44	0	1	251	2	252	4.4e-122	433.7
BCW-200460_04199	gnl|TC-DB|K6BIH6|3.A.1.107.4	85.5	221	32	0	2	222	3	223	5.8e-94	340.1
BCW-200460_04200	gnl|TC-DB|K6BJ24|3.A.1.107.4	67.5	206	67	0	3	208	5	210	1.9e-78	288.5
BCW-200460_04207	gnl|TC-DB|Q8E9J1|1.A.30.1.5	31.2	256	150	7	12	244	11	263	6.5e-24	107.8
BCW-200460_04208	gnl|TC-DB|Q8E9J0|1.A.30.1.5	45.3	243	133	0	4	246	1	243	1.6e-52	202.6
BCW-200460_04215	gnl|TC-DB|P10121|3.A.5.1.1	33.2	199	113	7	221	402	284	479	8.3e-15	78.2
BCW-200460_04216	gnl|TC-DB|P40729|3.A.6.2.1	53.3	685	298	3	2	683	25	690	1.3e-189	659.4
BCW-200460_04219	gnl|TC-DB|G3LHZ3|3.A.1.1.35	66.9	568	177	5	17	575	1	566	3.0e-227	784.3
BCW-200460_04221	gnl|TC-DB|G3LHZ1|3.A.1.1.35	80.1	261	51	1	6	266	14	273	1.9e-120	428.3
BCW-200460_04222	gnl|TC-DB|G3LHZ0|3.A.1.1.35	68.3	287	91	0	1	287	1	287	1.6e-112	402.1
BCW-200460_04223	gnl|TC-DB|G3LHY9|3.A.1.1.35	56.3	359	148	4	1	359	1	350	8.4e-114	406.8
BCW-200460_04224	gnl|TC-DB|G3LHY8|3.A.1.1.35	46.1	356	192	0	3	358	2	357	1.5e-86	316.2
BCW-200460_04225	gnl|TC-DB|Q9KN48|3.A.23.1.1	30.6	494	263	16	165	610	63	524	8.9e-44	174.9
BCW-200460_04230	gnl|TC-DB|P0AEJ0|2.A.1.3.2	51.3	493	236	2	12	500	12	504	2.1e-139	492.3
BCW-200460_04231	gnl|TC-DB|P27303|8.A.1.1.1	46.7	349	186	0	43	391	41	389	1.6e-81	299.7
BCW-200460_04232	gnl|TC-DB|P24126|1.B.17.3.2	34.3	373	228	5	9	371	11	376	3.8e-53	205.7
BCW-200460_04238	gnl|TC-DB|Q93N33|2.A.21.9.2	31.3	246	152	6	475	711	779	1016	2.3e-23	107.8
BCW-200460_04242	gnl|TC-DB|P30130|1.B.11.3.9	33.0	872	521	19	4	824	18	877	4.1e-124	442.2
BCW-200460_04243	gnl|TC-DB|P39321|9.B.22.1.2	27.0	1300	823	38	6	1224	5	1259	2.4e-109	393.7
BCW-200460_04244	gnl|TC-DB|P0ADE4|1.B.33.2.4	35.4	574	356	8	11	575	10	577	2.0e-98	356.3
BCW-200460_04259	gnl|TC-DB|P69451|4.C.1.1.4	31.7	540	337	16	30	554	29	551	8.2e-68	254.6
BCW-200460_04261	gnl|TC-DB|Q9V0A4|3.B.1.1.5	35.0	531	309	12	22	531	3	518	1.5e-71	266.9
BCW-200460_04267	gnl|TC-DB|A8GHT9|2.A.1.36.2	50.0	384	191	1	6	388	20	403	4.8e-91	331.3
BCW-200460_04273	gnl|TC-DB|Q6XBY3|1.B.11.6.1	38.2	819	454	15	13	784	13	826	1.4e-158	556.6
BCW-200460_04282	gnl|TC-DB|A8YQR5|3.A.23.2.1	29.0	434	283	8	16	429	17	445	2.1e-37	153.3
BCW-200460_04312	gnl|TC-DB|L5DDD7|2.A.109.2.3	45.9	233	124	1	5	237	370	600	6.6e-54	207.2
BCW-200460_04315	gnl|TC-DB|Q9S3J9|2.A.1.2.18	31.5	371	253	1	3	373	13	382	2.2e-40	162.9
BCW-200460_04316	gnl|TC-DB|P0AGE4|2.A.23.4.1	68.9	408	127	0	2	409	3	410	2.2e-147	518.5
BCW-200460_04324	gnl|TC-DB|Q1DBZ0|2.A.86.2.2	26.2	332	236	3	12	338	12	339	2.3e-20	96.3
BCW-200460_04328	gnl|TC-DB|P70786|2.A.1.14.3	41.0	420	241	5	17	433	24	439	1.3e-87	320.1
BCW-200460_04334	gnl|TC-DB|Q89V93|2.A.102.4.6	28.5	274	177	7	5	260	88	360	3.3e-16	82.0
BCW-200460_04338	gnl|TC-DB|P80874|8.A.5.1.4	37.3	201	109	6	8	192	10	209	1.5e-27	119.8
BCW-200460_04344	gnl|TC-DB|Q1D0D3|1.A.30.2.7	35.8	215	134	2	6	216	21	235	1.7e-27	119.4
BCW-200460_04345	gnl|TC-DB|Q1D0D2|1.A.30.2.7	44.2	120	67	0	12	131	13	132	1.6e-19	92.0
BCW-200460_04346	gnl|TC-DB|G0LBU8|1.B.14.6.11	24.5	876	534	34	59	903	197	976	1.1e-34	145.2
BCW-200460_04347	gnl|TC-DB|P33913|3.A.1.5.21	35.0	595	371	11	10	601	6	587	1.6e-96	350.1
BCW-200460_04348	gnl|TC-DB|Q7CQ74|3.A.1.5.24	62.6	361	123	3	4	352	4	364	5.2e-121	430.6
BCW-200460_04349	gnl|TC-DB|P33915|3.A.1.5.21	55.3	338	150	1	1	338	1	337	2.0e-106	382.1
BCW-200460_04350	gnl|TC-DB|Q8ZNJ8|3.A.1.5.24	57.7	529	217	4	1	522	1	529	2.5e-159	558.5
BCW-200460_04355	gnl|TC-DB|Q05202|1.B.14.1.15	43.4	686	377	5	51	734	82	758	7.1e-173	604.0
BCW-200460_04362	gnl|TC-DB|982167516|1.B.12.5.11	41.8	452	232	7	3072	3497	1903	2349	6.6e-83	307.4
BCW-200460_04363	gnl|TC-DB|P0A927|1.B.10.1.1	50.0	284	133	3	43	319	13	294	5.6e-82	300.8
BCW-200460_04373	gnl|TC-DB|Q93N33|2.A.21.9.2	29.5	386	255	6	160	530	768	1151	6.2e-41	165.2
BCW-200460_04382	gnl|TC-DB|Q1M7Q1|3.A.1.11.6	51.0	335	150	4	14	342	3	329	4.5e-86	314.7
BCW-200460_04383	gnl|TC-DB|Q1M7Q2|3.A.1.11.6	59.4	229	93	0	13	241	12	240	1.7e-71	265.8
BCW-200460_04384	gnl|TC-DB|Q1M7Q3|3.A.1.11.6	55.5	265	117	1	17	281	7	270	1.6e-78	289.3
BCW-200460_04385	gnl|TC-DB|Q1M7Q4|3.A.1.11.6	61.1	316	122	1	26	341	22	336	3.3e-112	401.4
BCW-200460_04399	gnl|TC-DB|P70786|2.A.1.14.3	44.2	414	230	1	4	417	23	435	1.8e-102	369.4
BCW-200460_04413	gnl|TC-DB|F8CM01|1.A.13.4.1	28.5	298	186	7	9	288	22	310	7.8e-16	81.3
BCW-200460_04434	gnl|TC-DB|Q9XD71|3.A.15.3.1	58.6	133	54	1	19	150	4	136	2.7e-42	167.9
BCW-200460_04435	gnl|TC-DB|Q9XD67|3.A.15.3.1	24.7	324	209	10	3	313	12	313	1.0e-11	67.4
BCW-200460_04438	gnl|TC-DB|P35818|1.B.22.1.2	31.0	678	382	11	94	762	44	644	5.3e-81	298.9
BCW-200460_04439	gnl|TC-DB|P15645|3.A.15.1.1	53.1	480	206	5	4	465	11	489	9.6e-139	490.0
BCW-200460_04440	gnl|TC-DB|P15745|3.A.15.1.1	39.0	403	222	2	1	403	1	379	1.6e-62	236.5
BCW-200460_04441	gnl|TC-DB|D0VWY2|3.A.1.7.3	42.0	376	186	11	22	370	1	371	1.7e-58	223.0
BCW-200460_04462	gnl|TC-DB|G4QI94|1.B.48.1.5	29.3	225	153	3	4	227	10	229	7.0e-26	114.0
BCW-200460_04466	gnl|TC-DB|Q9HV74|2.A.21.9.1	28.1	295	172	9	291	570	713	982	3.5e-20	96.7
BCW-200460_04468	gnl|TC-DB|Q9HV74|2.A.21.9.1	28.2	308	173	11	235	512	691	980	1.5e-20	97.8
BCW-200460_04469	gnl|TC-DB|Q93N33|2.A.21.9.2	29.5	275	183	4	16	282	742	1013	3.6e-27	118.6
BCW-200460_04483	gnl|TC-DB|O07002|2.A.3.11.1	58.6	512	211	1	1	511	1	512	3.3e-183	637.9
BCW-200460_04485	gnl|TC-DB|P16683|3.A.1.9.1	39.9	228	131	3	30	253	34	259	1.3e-33	139.8
BCW-200460_04486	gnl|TC-DB|P16683|3.A.1.9.1	33.2	259	145	4	17	271	21	255	9.9e-27	117.1
BCW-200460_04487	gnl|TC-DB|A0QQ70|3.A.1.9.2	36.8	239	147	3	18	255	25	260	1.3e-28	123.2
BCW-200460_04488	gnl|TC-DB|P16682|3.A.1.9.1	24.1	261	188	5	5	258	8	265	2.1e-11	66.2
BCW-200460_04494	gnl|TC-DB|P31133|3.A.1.11.2	41.2	357	205	5	11	363	13	368	1.8e-79	292.7
BCW-200460_04504	gnl|TC-DB|H8WCB7|1.A.1.27.4	57.4	141	60	0	1	141	8	148	7.8e-44	172.9
BCW-200460_04521	gnl|TC-DB|P39344|2.A.8.1.2	34.5	452	277	5	10	458	3	438	5.4e-70	261.5
BCW-200460_04525	gnl|TC-DB|P0AAC6|1.A.14.2.1	55.8	206	90	1	17	222	15	219	3.8e-53	204.5
BCW-200460_04529	gnl|TC-DB|B9DIS8|9.B.97.5.1	29.0	352	224	14	1	329	16	364	7.0e-28	122.1
BCW-200460_04530	gnl|TC-DB|F5SU14|2.A.85.7.2	35.9	184	114	1	1	180	13	196	2.8e-31	132.5
BCW-200460_04537	gnl|TC-DB|Q9I5N4|1.B.20.3.6	72.6	511	136	1	26	532	34	544	2.2e-224	774.6
BCW-200460_04538	gnl|TC-DB|P0ABU9|1.A.30.2.2	31.0	200	133	2	370	569	19	213	1.0e-15	81.6
BCW-200460_04539	gnl|TC-DB|Q1D0D2|1.A.30.2.7	31.7	126	86	0	16	141	13	138	2.2e-14	75.1
BCW-200460_04541	gnl|TC-DB|J2F862|1.B.62.1.5	81.2	565	104	1	1	565	3	565	1.4e-280	961.4
BCW-200460_04550	gnl|TC-DB|H7F0T0|3.D.4.3.3	77.5	475	106	1	1	475	1	474	1.5e-224	775.0
BCW-200460_04572	gnl|TC-DB|Q9I0V5|2.A.6.2.39	46.5	430	217	5	7	435	7	424	3.0e-94	342.0
BCW-200460_04573	gnl|TC-DB|Q9I0V6|2.A.6.2.39	70.3	1028	304	1	1	1028	1	1027	0.0e+00	1347.8
BCW-200460_04574	gnl|TC-DB|Q9I0V7|2.A.6.2.39	59.0	1039	419	4	1	1035	1	1036	0.0e+00	1112.8
BCW-200460_04575	gnl|TC-DB|Q9I0V8|2.A.6.2.39	53.5	471	211	2	17	480	7	476	1.6e-109	392.9
BCW-200460_04576	gnl|TC-DB|D4ZZR3|9.B.34.1.3	37.1	170	104	1	252	418	222	391	1.3e-22	104.8
BCW-200460_04582	gnl|TC-DB|Q55026|9.B.20.2.1	44.0	141	70	2	28	159	14	154	4.1e-23	104.4
BCW-200460_04597	gnl|TC-DB|P0AAP1|9.B.34.1.2	37.2	333	209	0	8	340	34	366	1.2e-59	226.9
BCW-200460_04605	gnl|TC-DB|P76037|2.A.3.1.13	34.3	432	273	7	9	434	15	441	2.0e-64	243.0
BCW-200460_04614	gnl|TC-DB|O50181|3.A.1.3.11	73.3	258	68	1	1	258	1	257	5.9e-106	380.2
BCW-200460_04618	gnl|TC-DB|C6W3S2|9.B.72.2.2	28.3	240	171	1	9	247	1	240	5.0e-20	94.7
BCW-200460_04620	gnl|TC-DB|Q89K67|2.A.55.2.6	48.1	414	212	1	17	427	27	440	4.3e-101	364.8
BCW-200460_04630	gnl|TC-DB|P94575|2.A.39.3.4	36.2	484	298	4	32	512	8	483	7.6e-81	297.7
BCW-200460_04643	gnl|TC-DB|O05347|3.A.1.16.2	41.4	227	127	3	20	243	34	257	3.7e-44	175.6
BCW-200460_04644	gnl|TC-DB|R7QS55|3.A.1.17.9	33.8	634	359	9	4	580	104	733	4.0e-94	342.0
BCW-200460_04646	gnl|TC-DB|Q9HY55|4.A.2.1.17	27.5	426	220	10	380	777	552	916	1.8e-28	124.4
BCW-200460_04649	gnl|TC-DB|Q9EYX5|1.A.35.4.1	28.0	321	222	4	12	331	15	327	1.0e-38	157.1
BCW-200460_04653	gnl|TC-DB|P13794|1.B.6.1.2	56.6	355	143	3	1	349	1	350	3.7e-103	371.3
BCW-200460_04655	gnl|TC-DB|P07658|3.D.1.9.2	29.5	704	467	11	8	703	6	688	3.1e-93	339.7
BCW-200460_04658	gnl|TC-DB|M5BEH1|9.B.106.3.1	32.1	131	88	1	332	461	84	214	2.7e-15	80.1
BCW-200460_04659	gnl|TC-DB|P42432|2.A.1.8.2	48.1	393	202	2	8	400	9	399	3.4e-100	361.7
BCW-200460_04661	gnl|TC-DB|Q44292|3.A.1.16.4	36.1	402	235	11	5	390	42	437	2.8e-62	235.7
BCW-200460_04665	gnl|TC-DB|D4ZZR3|9.B.34.1.3	38.1	181	102	3	619	791	215	393	2.4e-25	114.0
BCW-200460_04668	gnl|TC-DB|P76103|2.A.46.1.9	45.2	376	206	0	17	392	8	383	1.1e-87	320.1
BCW-200460_04691	gnl|TC-DB|Q9I3G8|3.A.3.27.5	79.4	809	167	0	1	809	1	809	0.0e+00	1264.6
BCW-200460_04697	gnl|TC-DB|Q8YX86|1.C.12.3.1	36.3	347	182	13	4	316	8	349	8.0e-47	184.1
BCW-200460_04698	gnl|TC-DB|D9IA45|3.D.4.3.3	60.6	327	113	2	1	327	1	311	1.4e-117	419.1
BCW-200460_04700	gnl|TC-DB|F8H841|3.D.4.3.3	82.0	200	36	0	3	202	4	203	9.3e-99	355.9
BCW-200460_04701	gnl|TC-DB|H7F0T0|3.D.4.3.3	82.1	475	84	1	1	475	1	474	2.8e-242	833.9
BCW-200460_04702	gnl|TC-DB|D9IA45|3.D.4.3.3	67.5	302	98	0	1	302	1	302	1.0e-128	456.1
BCW-200460_04704	gnl|TC-DB|F8H841|3.D.4.3.3	80.5	200	39	0	3	202	4	203	1.5e-96	348.6
BCW-200460_04705	gnl|TC-DB|H7F0T0|3.D.4.3.3	89.5	474	50	0	1	474	1	474	1.3e-260	894.8
BCW-200460_04708	gnl|TC-DB|M3JA40|1.B.52.2.1	69.2	65	20	0	357	421	296	360	9.6e-15	78.2
BCW-200460_04717	gnl|TC-DB|D2PP09|2.A.1.67.1	38.3	384	224	4	1	377	1	378	1.1e-58	223.8
BCW-200460_04721	gnl|TC-DB|Q89SS6|2.A.1.42.2	26.5	499	315	20	529	1000	641	1114	4.2e-14	79.3
BCW-200460_04727	gnl|TC-DB|P46889|3.A.12.1.2	62.6	494	178	3	280	772	840	1327	3.6e-167	585.1
BCW-200460_04730	gnl|TC-DB|O07591|1.A.43.1.2	40.7	113	62	3	7	119	6	113	1.4e-12	68.9
BCW-200460_04753	gnl|TC-DB|Q1J2S8|2.A.53.3.13	44.2	473	255	3	7	478	22	486	8.4e-98	354.0
BCW-200460_04754	gnl|TC-DB|P96668|2.A.7.3.24	72.1	283	79	0	15	297	5	287	1.0e-106	382.9
BCW-200460_04759	gnl|TC-DB|D4ZZR3|9.B.34.1.3	42.3	175	91	3	379	546	222	393	5.5e-29	125.6
BCW-200460_04762	gnl|TC-DB|O34474|2.A.66.1.25	41.6	449	260	1	6	452	14	462	5.9e-93	337.8
BCW-200460_04768	gnl|TC-DB|P31133|3.A.1.11.2	51.0	355	173	1	18	371	16	370	1.9e-110	395.6
BCW-200460_04807	gnl|TC-DB|M3JA40|1.B.52.2.1	66.7	66	22	0	181	246	280	345	6.4e-14	75.5
BCW-200460_04812	gnl|TC-DB|Q9KKE3|3.A.1.12.6	46.6	309	163	1	31	337	37	345	1.4e-83	306.2
BCW-200460_04813	gnl|TC-DB|Q01674|1.B.14.1.17	24.3	749	475	31	1	706	7	706	2.2e-30	130.6
BCW-200460_04816	gnl|TC-DB|Q9Z3Q3|2.A.63.1.1	39.4	94	57	0	8	101	10	103	4.6e-13	70.5
BCW-200460_04817	gnl|TC-DB|Q52983|2.A.63.1.1	56.5	85	37	0	8	92	8	92	1.6e-18	88.2
BCW-200460_04819	gnl|TC-DB|Q52981|2.A.63.1.1	50.8	539	251	4	4	540	5	531	2.5e-130	462.2
BCW-200460_04820	gnl|TC-DB|Q52980|2.A.63.1.1	68.1	113	36	0	1	113	1	113	1.3e-36	148.7
BCW-200460_04821	gnl|TC-DB|Q52978|2.A.63.1.1	60.1	960	367	5	3	955	32	982	0.0e+00	1092.4
BCW-200460_04822	gnl|TC-DB|Q9UYQ7|2.A.7.3.47	30.2	278	171	7	18	287	6	268	9.2e-21	97.4
BCW-200460_04834	gnl|TC-DB|O85765|3.A.1.17.2	41.9	241	139	1	35	274	17	257	1.4e-49	193.0
BCW-200460_04837	gnl|TC-DB|P75853|3.A.1.17.10	32.7	300	195	4	3	296	1	299	2.1e-33	139.4
BCW-200460_04914	gnl|TC-DB|918432279|1.M.1.4.4	57.3	117	48	1	42	158	14	128	6.1e-33	137.1
BCW-200460_04927	gnl|TC-DB|V5FN92|9.B.169.1.12	51.2	377	178	5	15	389	20	392	1.1e-92	336.7
BCW-200460_04931	gnl|TC-DB|P94369|2.A.39.1.5	37.2	443	269	6	12	451	3	439	1.0e-76	283.9
BCW-200460_04949	gnl|TC-DB|D4ZZR3|9.B.34.1.3	32.6	181	107	5	207	376	217	393	1.2e-17	87.4
BCW-200460_04965	gnl|TC-DB|P76249|2.A.76.1.5	30.3	198	131	4	5	198	13	207	3.6e-13	71.6
BCW-200460_04972	gnl|TC-DB|P76264|2.A.107.1.1	43.4	173	97	1	1	172	13	185	2.5e-36	148.3
BCW-200460_04984	gnl|TC-DB|P94369|2.A.39.1.5	36.4	442	274	7	11	450	3	439	1.1e-78	290.4
BCW-200460_04985	gnl|TC-DB|P31133|3.A.1.11.2	52.9	365	169	2	5	366	6	370	4.1e-113	404.4
BCW-200460_04986	gnl|TC-DB|P42601|2.A.109.1.7	53.8	314	145	0	8	321	4	317	8.2e-97	350.1
BCW-200460_04990	gnl|TC-DB|P39836|2.A.28.3.4	61.6	315	120	1	9	323	8	321	2.1e-100	362.1
BCW-200460_04994	gnl|TC-DB|Q55107|3.A.1.16.3	47.4	215	111	2	22	235	22	235	1.2e-51	199.9
BCW-200460_04995	gnl|TC-DB|Q44292|3.A.1.16.4	24.6	281	179	5	22	279	40	310	6.5e-19	91.7
BCW-200460_04996	gnl|TC-DB|Q7BW13|3.A.1.16.2	33.9	192	126	1	63	254	70	260	5.2e-30	127.9
BCW-200460_04997	gnl|TC-DB|P39285|1.A.23.1.3	34.4	259	164	4	487	740	771	1028	4.7e-29	126.3
BCW-200460_05024	gnl|TC-DB|P0AFJ7|2.A.20.1.1	54.3	499	218	4	1	489	1	499	1.4e-145	512.7
BCW-200460_05027	gnl|TC-DB|Q51955|2.A.1.15.1	88.6	448	51	0	1	448	1	448	4.4e-226	780.0
BCW-200460_05033	gnl|TC-DB|Q52000|2.A.1.6.3	84.8	427	65	0	4	430	2	428	3.7e-206	713.8
BCW-200460_05040	gnl|TC-DB|Q9I6P8|1.B.25.1.14	68.0	425	126	5	1	419	1	421	3.3e-167	584.3
BCW-200460_05041	gnl|TC-DB|Q6V6X7|2.A.6.2.18	92.2	486	38	0	1	486	1	486	1.9e-243	837.8
BCW-200460_05042	gnl|TC-DB|Q6V6X8|2.A.6.2.18	91.3	1048	91	0	1	1048	1	1048	0.0e+00	1823.5
BCW-200460_05043	gnl|TC-DB|Q6V6X9|2.A.6.2.18	93.5	385	24	1	1	384	1	385	7.7e-195	676.0
BCW-200460_05047	gnl|TC-DB|P77389|2.A.1.2.65	47.3	357	188	0	5	361	7	363	9.2e-79	290.4
BCW-200460_05062	gnl|TC-DB|P96668|2.A.7.3.24	40.9	279	162	1	3	281	2	277	1.1e-50	196.8
BCW-200460_05071	gnl|TC-DB|Q4VSJ2|2.A.7.21.1	40.0	150	87	1	1	150	7	153	1.1e-25	112.8
BCW-200460_05095	gnl|TC-DB|Q9FA44|2.A.80.1.1	64.9	496	173	1	1	495	1	496	1.2e-176	615.9
BCW-200460_05096	gnl|TC-DB|Q9FA45|2.A.80.1.1	39.7	146	81	3	1	145	1	140	1.6e-18	89.0
BCW-200460_05097	gnl|TC-DB|Q9FA46|2.A.80.1.1	60.8	316	121	2	10	323	9	323	1.3e-113	406.0
BCW-200460_05098	gnl|TC-DB|Q9I5H4|1.B.25.1.10	62.9	423	149	6	12	430	9	427	2.8e-153	538.1
BCW-200460_05105	gnl|TC-DB|F9VN10|3.D.10.1.4	33.8	542	319	12	3	520	2	527	1.1e-69	260.8
BCW-200460_05109	gnl|TC-DB|B2GH49|9.B.160.1.10	31.1	167	100	6	100	259	217	375	1.8e-12	70.5
BCW-200460_05112	gnl|TC-DB|P0AFI9|2.A.86.1.1	47.1	346	183	0	1	346	1	346	4.5e-64	241.5
BCW-200460_05136	gnl|TC-DB|J2YPD8|1.E.20.1.4	84.8	105	16	0	1	105	1	105	1.3e-46	181.8
BCW-200460_05164	gnl|TC-DB|918432279|1.M.1.4.4	65.8	114	37	1	45	158	17	128	1.2e-36	149.4
BCW-200460_05165	gnl|TC-DB|515542128|1.M.1.4.1	55.3	159	71	0	16	174	15	173	3.7e-38	154.5
BCW-200460_05176	gnl|TC-DB|Q55487|4.D.2.1.9	55.0	302	135	1	12	313	3	303	1.8e-96	349.0
BCW-200460_05183	gnl|TC-DB|P17583|2.A.1.17.1	37.2	379	231	4	14	388	1	376	3.8e-64	241.9
BCW-200460_05201	gnl|TC-DB|O51798|2.A.1.15.9	42.8	404	228	2	19	422	2	402	8.6e-94	340.5
BCW-200460_05214	gnl|TC-DB|A2P528|2.A.7.3.9	35.0	297	185	2	1	297	1	289	7.9e-38	154.1
BCW-200460_05220	gnl|TC-DB|C3K139|1.B.62.1.3	81.7	449	71	3	1	440	1	447	4.7e-212	733.4
BCW-200460_05222	gnl|TC-DB|P60844|1.A.8.3.1	70.4	226	65	2	3	226	1	226	1.8e-82	302.0
BCW-200460_05223	gnl|TC-DB|P73239|3.A.1.106.14	32.8	534	331	7	82	604	71	587	1.4e-68	257.3
BCW-200460_05229	gnl|TC-DB|P0ADP5|2.A.7.3.61	48.0	279	142	2	1	278	1	277	8.3e-69	256.9
BCW-200460_05230	gnl|TC-DB|P0AAT4|1.A.23.4.5	43.2	382	216	1	31	412	28	408	1.4e-88	323.2
BCW-200460_05231	gnl|TC-DB|O00571|1.I.1.1.3	36.2	376	220	5	2	358	182	556	4.6e-58	221.9
BCW-200460_05241	gnl|TC-DB|O34416|2.A.7.3.29	26.4	296	208	7	13	303	2	292	1.3e-19	93.6
BCW-200460_05242	gnl|TC-DB|Q9I3T2|2.A.1.51.4	62.9	391	136	3	2	386	8	395	1.4e-130	462.6
BCW-200460_05246	gnl|TC-DB|Q7A4Q7|2.A.21.2.2	23.6	441	304	13	7	420	21	455	8.2e-18	88.2
BCW-200460_05247	gnl|TC-DB|O86506|2.A.39.1.7	37.5	472	274	9	13	478	3	459	2.1e-75	279.6
BCW-200460_05252	gnl|TC-DB|Q9I2M0|3.A.1.109.4	36.8	410	212	5	41	446	27	393	6.8e-65	244.6
BCW-200460_05253	gnl|TC-DB|Q88RG3|3.A.1.109.3	59.1	706	289	0	13	718	13	718	6.2e-230	793.5
BCW-200460_05254	gnl|TC-DB|Q9I2M2|3.A.1.109.4	22.9	414	297	7	12	424	21	413	1.9e-19	93.6
BCW-200460_05256	gnl|TC-DB|P0AAE8|2.A.3.2.2	82.1	84	12	2	1	83	363	444	6.9e-32	132.5
BCW-200460_05258	gnl|TC-DB|Q8ZPK1|3.A.1.12.14	60.3	232	86	2	7	237	7	233	4.3e-63	237.7
BCW-200460_05259	gnl|TC-DB|Q87WH3|3.A.1.12.10	79.1	297	62	0	1	297	1	297	5.3e-135	476.9
BCW-200460_05260	gnl|TC-DB|Q87WH4|3.A.1.12.10	94.0	217	13	0	1	217	1	217	4.2e-105	377.1
BCW-200460_05261	gnl|TC-DB|Q87WH5|3.A.1.12.10	95.0	383	19	0	1	383	1	383	1.3e-210	728.4
BCW-200460_05269	gnl|TC-DB|P81549|1.B.14.1.16	36.0	770	438	13	13	768	10	738	2.9e-124	442.6
BCW-200460_05272	gnl|TC-DB|Q9HY57|4.A.2.1.17	74.2	574	145	2	1	572	1	573	4.0e-195	677.6
BCW-200460_05274	gnl|TC-DB|Q9HY55|4.A.2.1.17	71.5	955	267	3	1	952	1	953	0.0e+00	1262.3
BCW-200460_05298	gnl|TC-DB|P55072|3.A.16.1.1	42.5	228	130	1	153	379	473	700	4.9e-53	205.7
BCW-200460_05307	gnl|TC-DB|P0A6Y8|1.A.33.1.2	75.4	638	157	0	1	638	1	638	2.0e-272	934.5
BCW-200460_05314	gnl|TC-DB|Q9KDT3|2.A.22.5.3	39.0	464	260	4	1	461	1	444	8.8e-76	280.8
BCW-200460_05317	gnl|TC-DB|Q46839|2.A.14.1.2	71.3	565	154	2	1	563	1	559	1.5e-218	755.4
BCW-200460_05324	gnl|TC-DB|927580526|2.A.7.3.63	59.8	259	93	4	23	273	9	264	4.7e-69	258.1
BCW-200460_05328	gnl|TC-DB|V5BTU4|9.B.142.2.8	28.2	387	248	13	21	397	18	384	1.7e-24	110.5
BCW-200460_05330	gnl|TC-DB|M3JA40|1.B.52.2.1	49.1	108	54	1	445	551	266	373	2.2e-16	84.0
BCW-200460_05332	gnl|TC-DB|Q4KI39|9.B.164.1.1	29.4	659	371	21	4	642	2	586	1.6e-67	253.8
BCW-200460_05341	gnl|TC-DB|P12012|2.A.8.1.1	42.3	447	250	3	10	449	3	448	4.5e-93	338.2
BCW-200460_05352	gnl|TC-DB|K1GHE1|9.B.186.1.2	37.6	125	76	1	37	159	82	206	4.7e-16	80.9
BCW-200460_05355	gnl|TC-DB|Q6MDD6|3.A.7.16.1	39.9	163	74	4	203	364	329	468	5.6e-18	89.4
BCW-200460_05375	gnl|TC-DB|L0LHM3|2.A.7.31.3	34.7	274	171	3	6	276	8	276	1.4e-33	139.8
BCW-200460_05376	gnl|TC-DB|G3XD29|2.A.36.6.8	72.2	424	114	1	1	420	1	424	1.1e-162	569.3
BCW-200460_05377	gnl|TC-DB|P37327|1.A.16.4.1	55.9	272	119	1	21	292	30	300	3.3e-76	281.6
BCW-200460_05382	gnl|TC-DB|O00571|1.I.1.1.3	41.8	349	190	5	2	337	181	529	4.0e-68	255.8
BCW-200460_05389	gnl|TC-DB|Q9I402|3.A.1.3.22	64.7	269	95	0	26	294	26	294	6.8e-98	353.6
BCW-200460_05392	gnl|TC-DB|A4VGV1|1.C.113.1.3	76.1	205	49	0	1	205	1	205	1.0e-89	325.9
BCW-200460_05394	gnl|TC-DB|Q9Z445|2.A.70.1.2	87.0	254	33	0	1	254	1	254	2.0e-119	424.9
BCW-200460_05395	gnl|TC-DB|Q9Z446|2.A.70.1.2	77.9	140	29	1	1	138	24	163	2.8e-54	207.6
BCW-200460_05398	gnl|TC-DB|O06927|3.B.1.1.4	35.2	196	121	3	8	200	27	219	6.7e-25	110.9
BCW-200460_05399	gnl|TC-DB|O06926|3.B.1.1.4	38.4	245	141	1	8	242	7	251	9.2e-44	173.7
BCW-200460_05402	gnl|TC-DB|O06924|3.B.1.1.4	56.6	551	231	3	11	556	7	554	2.9e-182	634.8
BCW-200460_05419	gnl|TC-DB|P24559|3.A.15.2.1	88.1	344	41	0	1	344	1	344	3.3e-173	604.0
BCW-200460_05422	gnl|TC-DB|P52059|9.A.4.1.1	38.8	170	102	2	10	178	6	174	1.5e-24	109.4
BCW-200460_05436	gnl|TC-DB|P0AC31|3.A.1.140.1	35.8	299	190	1	45	341	54	352	7.2e-43	171.0
BCW-200460_05437	gnl|TC-DB|P0A9R7|3.A.1.140.1	54.8	217	98	0	1	217	1	217	2.5e-65	245.0
BCW-200460_05438	gnl|TC-DB|P10121|3.A.5.1.1	67.3	309	99	2	192	500	191	497	1.4e-111	399.8
BCW-200460_05451	gnl|TC-DB|Q8G8W9|1.B.14.1.26	28.2	831	513	28	24	806	11	805	1.1e-65	248.1
BCW-200460_05459	gnl|TC-DB|Q9HXB2|1.B.14.1.12	66.6	785	253	6	1	777	1	784	3.6e-308	1053.5
BCW-200460_05463	gnl|TC-DB|P0AAD6|2.A.42.2.1	70.8	421	110	3	20	431	11	427	3.7e-161	564.3
BCW-200460_05475	gnl|TC-DB|Q51955|2.A.1.15.1	35.1	422	270	3	12	431	18	437	2.7e-69	259.2
BCW-200460_05483	gnl|TC-DB|P39590|2.A.122.1.5	36.2	218	139	0	11	228	8	225	2.2e-32	135.6
BCW-200460_05484	gnl|TC-DB|E7UC95|1.E.14.1.9	38.3	107	66	0	15	121	21	127	3.8e-13	70.9
BCW-200460_05497	gnl|TC-DB|P0A6J3|2.A.121.1.1	41.6	233	134	2	7	238	11	242	1.6e-44	176.0
BCW-200460_05515	gnl|TC-DB|P64604|3.A.1.27.3	46.2	160	81	1	1	155	1	160	2.3e-33	138.3
BCW-200460_05516	gnl|TC-DB|P64606|3.A.1.27.3	61.0	259	101	0	6	264	2	260	9.4e-83	303.1
BCW-200460_05517	gnl|TC-DB|P63386|3.A.1.27.3	58.3	266	111	0	1	266	1	266	2.5e-91	331.6
BCW-200460_05522	gnl|TC-DB|P0A9V1|1.B.42.1.2	67.2	241	79	0	1	241	1	241	1.9e-90	328.6
BCW-200460_05525	gnl|TC-DB|D4GYE4|4.A.2.1.15	35.4	130	84	0	18	147	20	149	4.9e-15	77.4
BCW-200460_05540	gnl|TC-DB|P0ABH4|9.B.157.1.3	32.1	156	106	0	7	162	6	161	2.2e-21	98.6
BCW-200460_05541	gnl|TC-DB|P16926|9.B.157.1.3	39.3	262	159	0	3	264	13	274	2.6e-51	199.1
BCW-200460_05542	gnl|TC-DB|P0A9X4|9.B.157.1.3	80.7	347	65	1	1	345	1	347	1.6e-154	542.0
BCW-200460_05547	gnl|TC-DB|Q0ZAI3|2.A.19.5.2	37.3	308	185	3	2	302	6	312	5.3e-41	164.9
BCW-200460_05551	gnl|TC-DB|P42237|2.A.1.14.1	68.4	434	137	0	3	436	11	444	2.6e-181	631.3
BCW-200460_05558	gnl|TC-DB|Q6NLC1|3.A.1.203.8	34.6	621	319	9	19	565	65	672	4.8e-92	335.1
BCW-200460_05569	gnl|TC-DB|P0AAP1|9.B.34.1.2	30.1	163	114	0	270	432	204	366	5.1e-19	92.8
BCW-200460_05574	gnl|TC-DB|P75870|2.A.85.1.1	41.0	713	397	8	21	726	17	712	2.1e-140	496.1
BCW-200460_05576	gnl|TC-DB|P38919|3.A.18.1.1	33.2	374	238	5	4	368	36	406	1.6e-58	223.4
BCW-200460_05577	gnl|TC-DB|P31474|2.A.1.3.51	48.2	467	231	4	15	475	12	473	1.2e-112	403.3
BCW-200460_05586	gnl|TC-DB|Q4ZLW8|2.A.15.1.3	50.6	668	314	6	1	660	1	660	2.3e-186	648.7
BCW-200460_05587	gnl|TC-DB|Q9HTI8|3.A.1.12.12	77.0	392	90	0	1	392	1	392	1.4e-175	612.1
BCW-200460_05588	gnl|TC-DB|Q9HTI7|3.A.1.12.12	82.9	275	47	0	2	276	3	277	5.2e-124	440.3
BCW-200460_05589	gnl|TC-DB|Q9HTI6|3.A.1.12.12	66.0	315	104	2	1	315	1	312	1.2e-116	416.0
BCW-200460_05597	gnl|TC-DB|Q9HTH6|3.A.1.12.12	57.8	296	125	0	19	314	17	312	5.9e-100	360.5
BCW-200460_05606	gnl|TC-DB|P96797|3.D.7.1.1	29.9	422	243	17	232	628	11	404	8.8e-34	141.7
BCW-200460_05636	gnl|TC-DB|Q82VI7|1.B.14.1.10	40.7	792	424	14	43	808	53	824	3.8e-159	558.5
BCW-200460_05644	gnl|TC-DB|P27844|2.A.7.7.2	47.1	295	156	0	1	295	1	295	6.8e-74	273.9
BCW-200460_05660	gnl|TC-DB|P0AE42|9.B.12.2.1	64.6	48	17	0	1	48	1	48	4.2e-11	62.8
BCW-200460_05675	gnl|TC-DB|Q1J0W6|9.B.34.1.1	34.0	203	119	8	767	966	155	345	1.3e-17	89.0
BCW-200460_05680	gnl|TC-DB|P60782|9.B.31.1.1	42.5	179	103	0	8	186	11	189	6.6e-30	127.1
BCW-200460_05693	gnl|TC-DB|P31554|1.B.42.1.2	28.5	818	512	19	120	924	24	781	1.5e-87	320.9
BCW-200460_05700	gnl|TC-DB|Q1M7Q1|3.A.1.11.6	48.9	348	172	5	15	359	6	350	1.8e-87	319.3
BCW-200460_05701	gnl|TC-DB|Q1M7Q4|3.A.1.11.6	32.9	343	217	7	7	347	5	336	2.0e-45	179.5
BCW-200460_05702	gnl|TC-DB|Q44382|3.A.1.11.3	43.9	223	122	1	192	411	72	294	6.4e-46	181.4
BCW-200460_05703	gnl|TC-DB|Q1M7Q2|3.A.1.11.6	40.0	230	138	0	13	242	11	240	4.0e-44	174.9
BCW-200460_05708	gnl|TC-DB|O33407|1.B.12.5.9	63.3	646	227	2	1	636	1	646	2.0e-240	828.2
