BCW-200091_00010	gnl|TC-DB|Q0HIQ7|3.A.1.2.14	56.9	167	72	0	4	170	334	500	8.8e-50	193.0
BCW-200091_00013	gnl|TC-DB|P16482|2.A.1.6.1	73.4	436	110	1	1	430	8	443	3.1e-176	614.4
BCW-200091_00016	gnl|TC-DB|P0C188|3.D.2.2.1	55.3	485	195	4	1	484	1	464	2.3e-135	478.8
BCW-200091_00017	gnl|TC-DB|P0C187|3.D.2.2.1	57.8	83	35	0	13	95	55	137	7.1e-21	96.3
BCW-200091_00018	gnl|TC-DB|P0C186|3.D.2.2.1	52.8	250	106	3	1	249	136	374	6.2e-60	227.3
BCW-200091_00026	gnl|TC-DB|P96878|2.A.53.3.12	35.9	167	100	3	26	186	571	736	1.2e-22	103.2
BCW-200091_00038	gnl|TC-DB|V5BTU4|9.B.142.2.8	93.3	105	7	0	1	105	454	558	5.1e-56	213.0
BCW-200091_00039	gnl|TC-DB|W4NVH2|2.A.7.33.3	78.0	123	27	0	1	123	1	123	3.7e-50	193.7
BCW-200091_00041	gnl|TC-DB|P77757|4.D.2.1.8	51.3	306	147	1	22	325	9	314	4.3e-80	294.7
BCW-200091_00048	gnl|TC-DB|Q9K1H0|1.B.33.1.1	37.6	773	446	7	33	769	25	797	3.5e-154	542.0
BCW-200091_00051	gnl|TC-DB|P36554|2.A.1.3.26	49.9	445	218	3	19	461	12	453	1.5e-115	412.9
BCW-200091_00055	gnl|TC-DB|Q3ARQ9|1.B.20.3.5	32.1	287	167	8	13	275	294	576	1.2e-24	110.2
BCW-200091_00064	gnl|TC-DB|Q9KN51|3.A.23.1.1	57.6	66	28	0	1	66	378	443	3.2e-19	90.1
BCW-200091_00065	gnl|TC-DB|P17315|1.B.14.1.4	35.0	137	77	2	1	137	35	159	2.7e-14	77.4
BCW-200091_00068	gnl|TC-DB|P76628|2.A.1.36.3	53.6	69	32	0	1	69	315	383	3.7e-14	73.6
BCW-200091_00072	gnl|TC-DB|Q07711|3.A.7.7.1	30.7	737	437	20	5	708	4	699	1.7e-72	270.8
BCW-200091_00076	gnl|TC-DB|P0AEU0|3.A.1.3.29	54.6	260	118	0	1	260	1	260	3.3e-80	294.7
BCW-200091_00093	gnl|TC-DB|K0WKG7|4.F.1.1.8	46.4	192	85	4	4	190	2	180	8.3e-36	146.7
BCW-200091_00110	gnl|TC-DB|Q1D0D2|1.A.30.2.7	34.1	126	83	0	14	139	13	138	6.8e-16	80.1
BCW-200091_00114	gnl|TC-DB|P70786|2.A.1.14.3	49.5	412	203	4	16	425	23	431	2.5e-109	392.1
BCW-200091_00118	gnl|TC-DB|W0WL02|3.A.1.5.39	23.3	480	298	18	80	520	73	521	2.0e-15	80.5
BCW-200091_00121	gnl|TC-DB|D0J5W3|9.B.44.1.2	71.9	128	36	0	5	132	22	149	5.4e-48	186.8
BCW-200091_00124	gnl|TC-DB|P77589|2.A.1.15.2	44.7	318	169	2	3	320	86	396	1.1e-64	243.4
BCW-200091_00128	gnl|TC-DB|P07775|2.A.46.1.1	51.0	388	187	1	1	388	4	388	1.9e-103	372.5
BCW-200091_00138	gnl|TC-DB|A8H4W5|3.A.1.2.15	29.7	283	191	5	2	281	5	282	4.7e-25	111.7
BCW-200091_00154	gnl|TC-DB|A8GHT9|2.A.1.36.2	65.0	80	28	0	1	80	323	402	3.4e-23	103.6
BCW-200091_00164	gnl|TC-DB|P0AFT2|3.A.1.3.10	46.4	224	109	2	6	229	7	219	7.2e-47	183.7
BCW-200091_00165	gnl|TC-DB|P0AEM9|3.A.1.3.10	44.0	266	144	2	1	261	1	266	1.6e-58	222.6
BCW-200091_00184	gnl|TC-DB|Q82VI7|1.B.14.1.10	38.1	546	312	9	4	531	287	824	4.0e-109	391.7
BCW-200091_00209	gnl|TC-DB|Q15HU6|3.A.7.14.2	37.8	111	57	7	91	192	220	327	8.6e-13	70.5
BCW-200091_00210	gnl|TC-DB|Q8ZNJ8|3.A.1.5.24	51.5	198	95	1	1	198	330	526	3.0e-52	201.4
BCW-200091_00219	gnl|TC-DB|P77735|8.A.5.1.6	46.7	319	162	4	1	313	1	317	8.3e-76	280.4
BCW-200091_00220	gnl|TC-DB|P0AA78|2.A.1.14.2	50.1	415	204	1	1	412	41	455	2.3e-115	412.1
BCW-200091_00222	gnl|TC-DB|P21175|3.A.1.4.8	25.4	339	216	12	26	354	28	339	2.5e-13	73.2
BCW-200091_00233	gnl|TC-DB|P0AGD7|3.A.5.1.1	64.2	452	157	2	1	452	1	447	2.4e-155	545.0
BCW-200091_00243	gnl|TC-DB|P0AEJ0|2.A.1.3.2	54.8	500	225	1	10	508	6	505	9.5e-156	546.6
BCW-200091_00244	gnl|TC-DB|P27303|8.A.1.1.1	58.6	203	84	0	9	211	155	357	2.9e-60	228.4
BCW-200091_00245	gnl|TC-DB|P28635|3.A.1.24.1	49.8	261	124	4	9	265	11	268	3.2e-62	235.0
BCW-200091_00246	gnl|TC-DB|Q7WZL2|1.B.1.4.3	38.0	395	214	9	1	385	1	374	2.3e-50	196.1
BCW-200091_00250	gnl|TC-DB|P73544|3.A.1.3.12	34.1	185	113	3	57	233	345	528	8.7e-19	90.5
BCW-200091_00251	gnl|TC-DB|Q8YPM8|3.A.1.3.18	38.1	210	125	3	12	217	79	287	6.0e-28	120.9
BCW-200091_00252	gnl|TC-DB|Q15HU6|3.A.7.14.2	42.4	99	54	2	1	97	91	188	3.3e-17	84.0
BCW-200091_00280	gnl|TC-DB|Q7WZL2|1.B.1.4.3	39.2	395	208	8	1	384	1	374	3.0e-58	222.2
BCW-200091_00286	gnl|TC-DB|G8WDN4|2.A.76.1.10	48.8	205	105	0	6	210	6	210	5.0e-50	194.1
BCW-200091_00297	gnl|TC-DB|Q9I458|2.A.1.11.2	25.8	400	268	8	61	456	14	388	5.6e-22	102.1
BCW-200091_00300	gnl|TC-DB|O32182|2.A.1.3.33	36.3	512	285	8	23	500	14	518	3.4e-81	298.9
BCW-200091_00301	gnl|TC-DB|M3JA40|1.B.52.2.1	26.9	201	130	2	335	518	260	460	3.4e-12	69.7
BCW-200091_00308	gnl|TC-DB|A8YQR5|3.A.23.2.1	25.7	536	326	13	23	551	2	472	8.1e-36	149.1
BCW-200091_00313	gnl|TC-DB|P37460|2.A.3.1.6	51.1	442	216	0	3	444	2	443	2.0e-133	472.2
BCW-200091_00319	gnl|TC-DB|P03960|3.A.3.7.1	80.8	213	41	0	1	213	465	677	9.3e-89	322.8
BCW-200091_00326	gnl|TC-DB|P69451|4.C.1.1.4	29.4	235	157	5	5	236	333	561	4.5e-20	94.7
BCW-200091_00336	gnl|TC-DB|P42218|9.A.41.1.3	36.0	383	234	4	3	380	13	389	1.5e-63	240.0
BCW-200091_00346	gnl|TC-DB|B3FHE0|3.A.1.101.3	56.2	217	93	1	1	217	1	215	1.7e-66	248.8
BCW-200091_00347	gnl|TC-DB|B3FHE1|3.A.1.101.3	31.7	227	153	1	1	225	28	254	1.3e-30	129.8
BCW-200091_00348	gnl|TC-DB|P32014|8.A.4.2.1	41.1	365	211	4	2	365	24	385	2.3e-71	265.8
BCW-200091_00349	gnl|TC-DB|Q547A8|1.B.18.2.3	41.6	385	204	8	12	388	14	385	5.4e-79	291.2
BCW-200091_00351	gnl|TC-DB|P42217|9.A.41.1.2	38.0	526	305	7	99	608	151	671	9.9e-91	330.9
BCW-200091_00358	gnl|TC-DB|Q1M7Q4|3.A.1.11.6	36.9	325	193	6	26	348	22	336	1.0e-52	203.8
BCW-200091_00369	gnl|TC-DB|Q9K187|1.B.42.1.1	32.8	720	433	17	78	769	92	788	4.1e-102	369.0
BCW-200091_00372	gnl|TC-DB|Q9L3M3|3.A.1.4.3	35.3	374	228	8	5	375	1	363	1.9e-52	203.0
BCW-200091_00373	gnl|TC-DB|P33362|3.A.1.12.15	61.2	67	26	0	1	67	239	305	1.0e-17	85.1
BCW-200091_00378	gnl|TC-DB|F0QEP2|9.B.153.4.2	52.6	306	141	3	15	317	11	315	4.6e-92	334.3
BCW-200091_00382	gnl|TC-DB|Q7UHP7|9.A.47.2.1	52.8	390	181	2	4	392	75	462	1.7e-115	412.5
BCW-200091_00387	gnl|TC-DB|P77735|8.A.5.1.6	36.6	328	197	5	1	326	1	319	2.3e-49	192.6
BCW-200091_00396	gnl|TC-DB|I7FD23|2.A.1.2.97	27.0	355	236	6	22	364	18	361	2.6e-23	106.3
BCW-200091_00397	gnl|TC-DB|Q7WZL2|1.B.1.4.3	70.0	377	108	3	1	375	1	374	2.5e-134	474.9
BCW-200091_00407	gnl|TC-DB|P0A910|1.B.6.1.1	54.3	129	55	2	90	214	212	340	1.6e-30	129.4
BCW-200091_00413	gnl|TC-DB|B3QHB6|2.A.6.7.5	63.7	204	70	2	4	207	659	858	1.0e-66	249.6
BCW-200091_00415	gnl|TC-DB|Q1LK71|9.B.125.1.2	57.8	325	123	1	1	311	1	325	2.1e-105	378.6
BCW-200091_00424	gnl|TC-DB|P09551|3.A.1.3.1	48.1	262	129	4	1	257	1	260	3.6e-63	238.0
BCW-200091_00452	gnl|TC-DB|P24183|5.A.3.2.1	68.2	195	62	0	2	196	1	195	1.8e-78	288.5
BCW-200091_00453	gnl|TC-DB|B8HSD7|9.B.126.2.6	37.7	257	159	1	24	279	14	270	2.5e-42	169.1
BCW-200091_00454	gnl|TC-DB|T0ET67|1.B.1.4.6	56.9	253	100	4	139	387	1	248	5.4e-71	264.6
BCW-200091_00468	gnl|TC-DB|B2UHN5|2.A.49.9.2	66.5	239	80	0	1	239	169	407	3.3e-82	301.2
BCW-200091_00494	gnl|TC-DB|P02915|3.A.1.3.1	70.3	256	76	0	11	266	3	258	1.4e-102	369.0
BCW-200091_00495	gnl|TC-DB|P0A2I7|3.A.1.3.1	64.1	234	84	0	1	234	1	234	2.9e-83	304.7
BCW-200091_00496	gnl|TC-DB|P0A2I9|3.A.1.3.1	64.8	227	80	0	3	229	2	228	7.3e-76	280.0
BCW-200091_00517	gnl|TC-DB|P09551|3.A.1.3.1	54.8	210	95	0	1	210	49	258	1.0e-63	239.6
BCW-200091_00518	gnl|TC-DB|P09551|3.A.1.3.1	53.0	230	108	0	32	261	28	257	2.2e-68	255.4
BCW-200091_00528	gnl|TC-DB|A7NLS3|3.A.1.17.7	28.8	260	180	2	18	277	19	273	1.7e-21	99.8
BCW-200091_00529	gnl|TC-DB|O05347|3.A.1.16.2	42.9	240	134	2	27	263	43	282	4.7e-50	194.5
BCW-200091_00531	gnl|TC-DB|P54702|3.A.6.2.1	46.1	245	131	1	1	245	1	244	1.6e-55	212.6
BCW-200091_00532	gnl|TC-DB|P0A1L5|3.A.6.2.1	61.5	78	30	0	1	78	1	78	2.5e-19	90.9
BCW-200091_00533	gnl|TC-DB|P54700|3.A.6.2.1	65.9	226	77	0	27	252	18	243	3.5e-79	291.2
BCW-200091_00537	gnl|TC-DB|P95908|2.A.1.1.15	27.8	400	253	9	41	436	17	384	3.9e-31	132.5
BCW-200091_00538	gnl|TC-DB|O85763|3.A.1.17.2	29.4	296	202	6	15	305	10	303	1.5e-26	116.7
BCW-200091_00550	gnl|TC-DB|P96603|2.A.23.1.6	36.7	431	259	5	1	427	1	421	4.2e-72	268.5
BCW-200091_00556	gnl|TC-DB|P76103|2.A.46.1.9	52.3	88	42	0	1	88	296	383	5.4e-17	83.2
BCW-200091_00559	gnl|TC-DB|P77589|2.A.1.15.2	49.1	383	190	3	14	396	16	393	3.6e-86	315.1
BCW-200091_00564	gnl|TC-DB|Q55487|4.D.2.1.9	51.0	300	146	1	10	309	5	303	1.3e-87	319.7
BCW-200091_00593	gnl|TC-DB|P14175|3.A.1.12.1	45.8	393	201	2	3	383	2	394	1.2e-99	359.8
BCW-200091_00594	gnl|TC-DB|Q9RQ05|3.A.1.12.5	49.6	272	135	1	5	274	9	280	1.3e-64	243.0
BCW-200091_00596	gnl|TC-DB|Q9HTI6|3.A.1.12.12	54.8	299	132	3	12	309	11	307	7.4e-95	343.6
BCW-200091_00623	gnl|TC-DB|P0A4N5|3.A.1.3.5	48.5	231	119	0	5	235	5	235	1.2e-55	213.0
BCW-200091_00629	gnl|TC-DB|P0AEJ0|2.A.1.3.2	35.9	493	297	5	1	479	14	501	1.3e-77	287.0
BCW-200091_00637	gnl|TC-DB|P22610|3.A.15.2.1	48.4	161	83	0	3	163	116	276	4.1e-31	131.0
BCW-200091_00650	gnl|TC-DB|Q845L9|2.A.1.45.1	43.0	398	224	3	3	398	8	404	4.6e-76	281.6
BCW-200091_00673	gnl|TC-DB|P77726|2.A.1.2.60	43.0	388	214	2	1	382	6	392	5.2e-82	301.2
BCW-200091_00678	gnl|TC-DB|C5T9B1|1.B.1.6.2	39.7	305	167	5	58	358	13	304	1.2e-51	200.3
BCW-200091_00693	gnl|TC-DB|Q9KN48|3.A.23.1.1	42.9	226	128	1	141	365	193	418	2.0e-48	189.9
BCW-200091_00719	gnl|TC-DB|Q687X5|5.B.6.1.3	33.1	181	106	5	3	180	22	190	6.3e-18	87.4
BCW-200091_00726	gnl|TC-DB|P60061|2.A.3.2.5	38.7	119	72	1	1	119	313	430	1.2e-20	96.3
BCW-200091_00745	gnl|TC-DB|Q9HVS0|1.B.25.1.9	38.1	391	215	7	110	484	103	482	1.6e-67	253.4
BCW-200091_00746	gnl|TC-DB|P77737|3.A.1.5.41	60.8	311	116	3	16	322	11	319	1.5e-101	365.9
BCW-200091_00758	gnl|TC-DB|P0AA53|8.A.21.2.2	47.0	185	98	0	4	188	2	186	2.9e-43	172.2
BCW-200091_00760	gnl|TC-DB|D2RXA5|8.A.7.1.3	29.9	435	236	14	385	797	154	541	1.3e-31	134.8
BCW-200091_00769	gnl|TC-DB|Q9JY22|1.B.20.1.5	23.8	412	276	8	130	517	105	502	1.9e-27	120.6
BCW-200091_00770	gnl|TC-DB|852074676|1.C.75.1.3	29.8	319	168	11	1	290	1	292	6.1e-17	85.9
BCW-200091_00771	gnl|TC-DB|852074676|1.C.75.1.3	25.4	287	182	8	86	371	49	304	3.1e-12	72.4
BCW-200091_00775	gnl|TC-DB|P69451|4.C.1.1.4	35.1	299	190	3	13	311	257	551	1.5e-50	196.4
BCW-200091_00777	gnl|TC-DB|Q8RCC4|3.A.1.3.27	22.1	235	173	4	37	266	30	259	7.1e-14	74.3
BCW-200091_00779	gnl|TC-DB|P0A2I9|3.A.1.3.1	64.0	225	81	0	5	229	4	228	4.0e-74	274.2
BCW-200091_00780	gnl|TC-DB|P0A2I7|3.A.1.3.1	62.1	235	89	0	1	235	1	235	4.6e-81	297.4
BCW-200091_00781	gnl|TC-DB|P07109|3.A.1.3.29	71.5	253	72	0	3	255	5	257	1.1e-101	365.9
BCW-200091_00808	gnl|TC-DB|P16482|2.A.1.6.1	35.4	426	258	5	3	417	7	426	2.0e-58	223.0
BCW-200091_00809	gnl|TC-DB|Q7WZL2|1.B.1.4.3	46.4	97	44	3	43	133	24	118	3.0e-13	72.8
BCW-200091_00817	gnl|TC-DB|P0AAG3|3.A.1.3.4	84.6	241	37	0	1	241	1	241	5.1e-112	400.2
BCW-200091_00818	gnl|TC-DB|P0AER5|3.A.1.3.4	71.6	222	63	0	1	222	1	222	7.5e-81	296.6
BCW-200091_00819	gnl|TC-DB|P0AER3|3.A.1.3.4	59.5	247	98	2	1	246	1	246	5.3e-80	293.9
BCW-200091_00820	gnl|TC-DB|P37902|3.A.1.3.4	65.9	302	98	1	1	297	1	302	2.0e-110	395.2
BCW-200091_00828	gnl|TC-DB|P37002|1.A.43.1.1	47.1	119	63	0	1	119	1	119	6.0e-27	116.7
BCW-200091_00830	gnl|TC-DB|P52059|9.A.4.1.1	36.9	160	100	1	8	166	6	165	2.0e-23	105.5
BCW-200091_00833	gnl|TC-DB|Q1LRE9|3.A.1.210.9	57.4	54	21	1	1	52	559	612	8.9e-12	65.1
BCW-200091_00835	gnl|TC-DB|F4TJX1|2.A.1.52.2	31.3	195	119	7	2	186	211	400	3.0e-15	78.6
BCW-200091_00836	gnl|TC-DB|O05347|3.A.1.16.2	53.5	213	93	4	3	210	63	274	2.5e-58	221.9
BCW-200091_00860	gnl|TC-DB|A4VGV1|1.C.113.1.3	55.1	205	91	1	1	205	1	204	7.6e-64	240.0
BCW-200091_00862	gnl|TC-DB|P0ADZ7|3.A.5.1.1	46.7	107	55	2	3	107	4	110	2.4e-21	97.8
BCW-200091_00863	gnl|TC-DB|A6XWX0|3.A.11.2.3	37.1	140	76	5	9	142	587	720	5.2e-18	87.4
BCW-200091_00869	gnl|TC-DB|P17315|1.B.14.1.4	37.8	135	72	3	1	134	35	158	1.1e-15	82.0
BCW-200091_00892	gnl|TC-DB|A6LW12|3.A.1.2.26	62.0	71	27	0	3	73	319	389	1.3e-21	98.2
BCW-200091_00916	gnl|TC-DB|Q01857|2.A.23.1.3	37.6	423	247	4	11	427	26	437	8.3e-68	254.2
BCW-200091_00944	gnl|TC-DB|P96062|3.A.1.11.5	35.6	337	205	6	16	346	2	332	3.9e-47	185.3
BCW-200091_00959	gnl|TC-DB|D6I8Y6|4.F.1.3.3	46.0	200	95	4	1	194	1	193	8.0e-34	140.2
BCW-200091_00976	gnl|TC-DB|P0AEJ0|2.A.1.3.2	46.1	492	262	2	19	507	14	505	1.1e-127	453.4
BCW-200091_00987	gnl|TC-DB|I3TME4|9.B.124.1.5	34.8	115	66	2	6	115	76	186	3.4e-14	74.3
BCW-200091_00988	gnl|TC-DB|P39265|3.A.1.2.6	33.8	266	171	4	31	293	23	286	3.2e-29	125.6
BCW-200091_00993	gnl|TC-DB|Q6VV67|2.A.6.2.23	85.3	388	57	0	1	388	90	477	1.4e-168	589.0
BCW-200091_01001	gnl|TC-DB|Q51955|2.A.1.15.1	31.0	432	295	3	4	433	10	440	8.8e-57	217.6
BCW-200091_01002	gnl|TC-DB|Q7WZL2|1.B.1.4.3	35.5	389	226	12	8	390	5	374	5.3e-42	168.3
BCW-200091_01012	gnl|TC-DB|P76350|2.A.1.6.6	73.0	419	112	1	18	435	18	436	1.4e-173	605.5
BCW-200091_01015	gnl|TC-DB|D9X7X8|2.A.1.3.38	40.2	433	251	5	2	430	12	440	1.9e-73	273.1
BCW-200091_01018	gnl|TC-DB|Q7BSH4|3.A.1.2.9	44.4	151	83	1	1	151	363	512	2.1e-34	141.7
BCW-200091_01024	gnl|TC-DB|Q6VV68|2.A.6.2.23	85.9	616	83	1	1	612	445	1060	2.2e-300	1027.3
BCW-200091_01030	gnl|TC-DB|P25743|2.A.95.1.7	35.4	206	132	1	3	208	6	210	4.2e-25	111.3
BCW-200091_01032	gnl|TC-DB|B0R6K7|2.A.7.1.7	40.6	101	60	0	11	111	7	107	1.8e-14	75.1
BCW-200091_01055	gnl|TC-DB|Q63RX0|1.E.43.1.11	96.4	83	3	0	1	83	33	115	7.2e-13	69.3
BCW-200091_01072	gnl|TC-DB|P0ABK2|3.D.4.3.2	27.4	368	224	8	5	332	7	371	3.2e-35	145.6
BCW-200091_01073	gnl|TC-DB|Q6MLK6|1.A.46.2.5	48.5	295	150	2	1	294	7	300	2.2e-75	278.9
BCW-200091_01080	gnl|TC-DB|B9DIS8|9.B.97.5.1	29.9	288	162	10	15	273	47	323	6.9e-19	91.3
BCW-200091_01083	gnl|TC-DB|P0AEX3|2.A.1.6.2	51.7	418	197	3	12	427	9	423	1.0e-110	396.7
BCW-200091_01099	gnl|TC-DB|P0AG80|3.A.1.1.3	69.0	439	131	2	4	442	2	435	1.9e-184	641.7
BCW-200091_01103	gnl|TC-DB|P34750|1.B.22.2.1	40.7	172	100	1	1	170	542	713	1.8e-35	145.6
BCW-200091_01107	gnl|TC-DB|Q9RLJ0|2.A.6.1.13	40.6	160	93	1	3	160	259	418	1.4e-26	115.9
BCW-200091_01109	gnl|TC-DB|P15078|2.A.114.1.1	67.2	702	216	4	1	690	1	700	3.7e-264	907.1
BCW-200091_01112	gnl|TC-DB|P21629|3.A.1.4.8	42.6	258	132	4	1	247	1	253	1.5e-48	189.5
BCW-200091_01113	gnl|TC-DB|Q9L3S4|3.A.1.4.4	30.5	305	180	5	48	324	36	336	1.9e-22	103.2
BCW-200091_01114	gnl|TC-DB|P0AEX7|3.A.1.4.1	31.4	299	183	7	4	284	8	302	7.6e-30	127.5
BCW-200091_01118	gnl|TC-DB|Q6N8W0|3.A.1.4.11	53.6	351	158	2	1	351	1	346	7.8e-85	310.5
BCW-200091_01119	gnl|TC-DB|Q6N8W4|3.A.1.4.11	44.7	371	201	2	10	380	15	381	2.2e-88	322.4
BCW-200091_01122	gnl|TC-DB|P0ABK2|3.D.4.3.2	53.7	378	175	0	1	378	2	379	4.3e-113	404.4
BCW-200091_01123	gnl|TC-DB|P0ABJ9|3.D.4.3.2	65.0	517	179	1	5	521	3	517	1.4e-199	692.2
BCW-200091_01148	gnl|TC-DB|Q7WZL2|1.B.1.4.3	70.6	377	92	3	1	361	1	374	6.1e-125	443.7
BCW-200091_01151	gnl|TC-DB|P25527|2.A.3.1.4	64.0	442	154	1	8	444	10	451	1.1e-152	536.2
BCW-200091_01166	gnl|TC-DB|P70786|2.A.1.14.3	47.1	425	210	5	18	439	23	435	2.7e-98	355.5
BCW-200091_01196	gnl|TC-DB|P0AFT2|3.A.1.3.10	42.4	191	110	0	4	194	6	196	3.0e-34	141.7
BCW-200091_01212	gnl|TC-DB|C4ZZU4|2.A.1.14.40	43.5	448	240	3	7	446	2	444	1.7e-105	379.4
BCW-200091_01218	gnl|TC-DB|P0ABU9|1.A.30.2.2	54.5	66	30	0	8	73	130	195	6.8e-15	76.6
BCW-200091_01219	gnl|TC-DB|Q1M605|3.A.3.7.2	51.6	572	262	3	3	567	4	567	6.3e-153	537.3
BCW-200091_01245	gnl|TC-DB|O05693|3.A.1.110.3	37.0	138	84	1	8	142	390	527	6.1e-21	97.1
BCW-200091_01253	gnl|TC-DB|P47154|9.B.1.1.3	37.6	327	188	6	103	415	120	444	3.6e-52	202.2
BCW-200091_01260	gnl|TC-DB|C0LZS0|1.B.1.4.2	29.8	379	228	12	3	374	7	354	1.1e-25	114.0
BCW-200091_01265	gnl|TC-DB|Q9F5N7|2.A.66.1.9	92.0	461	37	0	1	461	1	461	1.4e-235	811.6
BCW-200091_01277	gnl|TC-DB|P0AGA2|3.A.5.1.1	62.8	422	149	4	1	419	24	440	2.1e-140	495.4
BCW-200091_01310	gnl|TC-DB|O06924|3.B.1.1.4	66.3	427	142	1	1	425	128	554	9.8e-167	582.8
BCW-200091_01312	gnl|TC-DB|O06926|3.B.1.1.4	39.4	312	159	4	18	304	11	317	2.7e-57	218.8
BCW-200091_01332	gnl|TC-DB|P0AG34|2.A.76.1.1	34.7	213	131	2	1	213	1	205	6.9e-28	120.6
BCW-200091_01349	gnl|TC-DB|Q9ZHC7|3.A.3.5.4	52.4	788	347	6	55	815	36	822	2.4e-222	768.5
BCW-200091_01364	gnl|TC-DB|Q84BQ3|3.A.1.122.12	64.0	178	57	2	1	178	184	354	2.2e-57	218.4
BCW-200091_01368	gnl|TC-DB|P0AEJ0|2.A.1.3.2	53.4	481	223	1	1	480	25	505	4.9e-146	514.2
BCW-200091_01379	gnl|TC-DB|Q5G3L7|3.A.7.19.1	30.8	185	117	5	7	186	14	192	4.0e-11	64.7
BCW-200091_01383	gnl|TC-DB|Q9XD71|3.A.15.3.1	50.0	106	48	2	107	209	33	136	3.5e-25	111.7
BCW-200091_01388	gnl|TC-DB|P40812|2.A.3.1.8	75.3	482	116	2	14	494	14	493	1.2e-208	722.2
BCW-200091_01390	gnl|TC-DB|P0A742|1.A.22.1.1	53.4	146	51	5	1	143	1	132	5.1e-27	117.1
BCW-200091_01392	gnl|TC-DB|P15645|3.A.15.1.1	54.9	463	196	3	9	459	28	489	2.0e-136	482.3
BCW-200091_01396	gnl|TC-DB|P26465|3.A.6.2.1	56.7	60	26	0	1	60	394	453	1.9e-13	70.9
BCW-200091_01398	gnl|TC-DB|O68877|3.A.1.14.21	50.7	67	33	0	3	69	186	252	2.1e-11	64.3
BCW-200091_01399	gnl|TC-DB|Q9KN48|3.A.23.1.1	41.5	229	131	2	136	364	193	418	4.8e-42	168.7
BCW-200091_01405	gnl|TC-DB|Q7UHP7|9.A.47.2.1	46.4	377	192	2	23	395	52	422	2.4e-94	342.4
BCW-200091_01407	gnl|TC-DB|Q8GD00|9.A.47.1.1	25.6	442	265	10	2	409	10	421	4.5e-29	125.6
BCW-200091_01409	gnl|TC-DB|Q9HU29|3.A.1.3.23	47.8	159	82	1	4	161	61	219	1.2e-33	139.4
BCW-200091_01416	gnl|TC-DB|Q9HV74|2.A.21.9.1	30.4	263	151	11	128	377	731	974	5.2e-18	88.6
BCW-200091_01428	gnl|TC-DB|F8SVK1|2.A.1.6.11	88.4	552	60	1	1	548	1	552	1.3e-280	961.4
BCW-200091_01438	gnl|TC-DB|Q92Z60|3.A.3.25.2	49.6	238	118	1	1	236	559	796	5.0e-51	197.6
BCW-200091_01476	gnl|TC-DB|Q9JTL9|5.A.1.1.2	37.8	119	72	2	3	119	476	594	8.8e-18	86.3
BCW-200091_01483	gnl|TC-DB|Q9L3M3|3.A.1.4.3	34.9	375	228	9	8	381	6	365	4.6e-46	181.8
BCW-200091_01485	gnl|TC-DB|G4FGN3|3.A.1.2.20	47.1	70	36	1	3	71	395	464	9.9e-13	68.9
BCW-200091_01486	gnl|TC-DB|Q7WZL2|1.B.1.4.3	41.6	389	203	11	1	380	1	374	3.7e-64	241.9
BCW-200091_01499	gnl|TC-DB|P63144|8.A.5.1.3	45.8	321	169	3	1	318	71	389	1.1e-82	303.1
BCW-200091_01530	gnl|TC-DB|P31466|2.A.40.7.6	50.0	428	213	1	4	430	15	442	2.2e-113	405.6
BCW-200091_01547	gnl|TC-DB|I3XAB3|2.A.109.1.5	32.8	204	124	4	2	198	1	198	9.6e-23	103.6
BCW-200091_01552	gnl|TC-DB|P33915|3.A.1.5.21	49.1	326	165	1	33	358	12	336	3.9e-87	318.2
BCW-200091_01553	gnl|TC-DB|P0AFU1|3.A.1.5.21	56.2	48	21	0	1	48	314	361	1.5e-11	64.3
BCW-200091_01563	gnl|TC-DB|Q7WZL2|1.B.1.4.3	31.7	385	207	11	7	351	6	374	2.1e-29	126.3
BCW-200091_01570	gnl|TC-DB|P0ADC3|3.A.1.125.1	39.0	249	136	5	3	249	165	399	6.2e-28	120.9
BCW-200091_01571	gnl|TC-DB|Q1DBZ0|2.A.86.2.2	27.4	347	235	6	8	345	8	346	2.1e-21	99.8
BCW-200091_01583	gnl|TC-DB|P0ABK2|3.D.4.3.2	28.6	367	213	11	6	329	10	370	4.1e-35	145.2
BCW-200091_01589	gnl|TC-DB|P49856|2.A.7.1.5	38.0	100	59	1	24	123	3	99	2.1e-11	65.1
BCW-200091_01594	gnl|TC-DB|O51841|1.B.6.1.12	34.1	129	76	2	106	225	214	342	6.1e-14	74.3
BCW-200091_01603	gnl|TC-DB|P10121|3.A.5.1.1	51.5	301	141	2	30	325	192	492	2.4e-80	295.4
BCW-200091_01605	gnl|TC-DB|Q9HWU4|1.B.11.3.7	41.5	687	380	11	4	678	148	824	4.0e-141	498.4
BCW-200091_01619	gnl|TC-DB|Q99ZY6|3.A.1.34.1	32.5	280	189	0	29	308	40	319	3.7e-41	165.2
BCW-200091_01622	gnl|TC-DB|P77389|2.A.1.2.65	42.2	185	107	0	15	199	194	378	1.0e-31	133.3
BCW-200091_01639	gnl|TC-DB|Q9HWG8|2.A.1.57.1	67.2	271	89	0	11	281	139	409	2.0e-91	332.0
BCW-200091_01651	gnl|TC-DB|Q13U92|1.B.40.1.2	44.1	553	218	8	505	999	4207	4726	1.5e-43	174.9
BCW-200091_01652	gnl|TC-DB|K1GHE1|9.B.186.1.2	44.0	109	61	0	129	237	100	208	1.8e-16	82.8
BCW-200091_01655	gnl|TC-DB|Q9ZFG1|1.B.22.2.4	26.7	424	254	12	196	574	480	891	3.0e-28	123.6
BCW-200091_01663	gnl|TC-DB|P11667|2.A.75.1.2	39.3	196	114	1	6	201	5	195	1.5e-32	136.0
BCW-200091_01683	gnl|TC-DB|Q1CXF2|2.A.66.1.29	56.3	449	195	1	8	456	25	472	4.8e-127	451.1
BCW-200091_01690	gnl|TC-DB|P70786|2.A.1.14.3	44.7	418	225	6	26	440	21	435	1.8e-94	342.8
BCW-200091_01696	gnl|TC-DB|Q93N33|2.A.21.9.2	32.6	172	109	5	7	175	846	1013	7.5e-15	77.0
BCW-200091_01718	gnl|TC-DB|Q51955|2.A.1.15.1	34.6	407	263	3	10	415	11	415	2.3e-57	219.5
BCW-200091_01723	gnl|TC-DB|Q845L9|2.A.1.45.1	32.0	403	272	2	9	409	14	416	6.6e-51	198.0
BCW-200091_01726	gnl|TC-DB|Q2BM70|3.A.1.17.4	73.3	86	23	0	2	87	223	308	1.9e-32	134.4
BCW-200091_01744	gnl|TC-DB|P29925|3.D.1.2.1	42.9	517	269	7	7	506	5	512	1.9e-108	389.4
BCW-200091_01745	gnl|TC-DB|P0ABJ1|3.D.4.5.1	56.8	278	118	2	3	278	4	281	2.6e-89	325.1
BCW-200091_01746	gnl|TC-DB|P0ABI8|3.D.4.5.1	68.2	651	204	2	1	650	1	649	8.8e-271	929.1
BCW-200091_01747	gnl|TC-DB|P0ABJ3|3.D.4.5.1	59.6	188	73	2	12	198	15	200	1.5e-59	225.7
BCW-200091_01748	gnl|TC-DB|P0ABJ6|3.D.4.5.1	49.1	108	54	1	1	108	1	107	5.5e-21	96.7
BCW-200091_01750	gnl|TC-DB|Q8ZNK0|3.A.1.5.24	38.0	602	349	11	23	617	3	587	4.9e-106	381.7
BCW-200091_01751	gnl|TC-DB|Q7CQ74|3.A.1.5.24	53.9	362	148	2	1	343	1	362	4.9e-108	387.5
BCW-200091_01752	gnl|TC-DB|P33915|3.A.1.5.21	47.5	337	175	2	15	351	2	336	3.6e-85	311.6
BCW-200091_01760	gnl|TC-DB|A2BTW4|9.B.150.1.3	35.7	199	123	1	7	200	20	218	6.6e-34	140.6
BCW-200091_01767	gnl|TC-DB|X5H3P0|3.D.10.1.6	34.9	550	306	15	2	511	12	549	6.2e-70	261.5
BCW-200091_01789	gnl|TC-DB|P0A930|1.B.18.3.1	36.6	399	211	6	1	387	1	369	4.5e-65	245.0
BCW-200091_01800	gnl|TC-DB|P0AEQ3|3.A.1.3.2	54.9	246	109	2	4	247	2	247	3.3e-77	284.6
BCW-200091_01820	gnl|TC-DB|P18775|5.A.3.3.2	28.9	731	440	24	14	670	90	814	4.3e-60	229.2
BCW-200091_01821	gnl|TC-DB|P69451|4.C.1.1.4	55.8	556	239	4	1	554	1	551	2.0e-180	628.6
BCW-200091_01822	gnl|TC-DB|Q7WZL2|1.B.1.4.3	41.0	390	207	10	1	383	1	374	1.3e-61	233.4
BCW-200091_01829	gnl|TC-DB|Q9I6R8|2.A.3.3.19	32.9	447	269	9	5	444	34	456	8.3e-55	211.1
BCW-200091_01833	gnl|TC-DB|Q9HX93|3.A.3.5.34	79.2	130	26	1	1	130	663	791	1.6e-51	198.4
BCW-200091_01852	gnl|TC-DB|O50181|3.A.1.3.11	35.9	237	138	7	27	256	21	250	9.0e-33	137.1
BCW-200091_01861	gnl|TC-DB|Q52000|2.A.1.6.3	73.1	424	111	2	11	433	7	428	3.8e-174	607.4
BCW-200091_01864	gnl|TC-DB|P38134|8.A.3.3.1	43.9	82	46	0	1	82	626	707	4.8e-16	80.1
BCW-200091_01866	gnl|TC-DB|P25743|2.A.95.1.7	37.3	201	126	0	5	205	13	213	6.0e-37	150.6
BCW-200091_01869	gnl|TC-DB|P32482|2.A.1.2.3	30.7	391	252	8	5	384	11	393	4.9e-35	145.2
BCW-200091_01894	gnl|TC-DB|P48269|9.B.14.3.3	39.2	250	138	4	151	394	109	350	4.6e-41	165.2
BCW-200091_01897	gnl|TC-DB|P0AF54|9.B.136.1.1	40.2	102	58	2	1	100	1	101	1.0e-13	72.4
BCW-200091_01898	gnl|TC-DB|D5APM1|2.A.21.7.5	73.6	575	149	3	4	576	5	578	1.6e-228	788.5
BCW-200091_01923	gnl|TC-DB|P94369|2.A.39.1.5	38.6	440	266	3	13	452	3	438	7.8e-80	294.3
BCW-200091_01928	gnl|TC-DB|C0LZS0|1.B.1.4.2	37.5	360	195	9	18	363	11	354	3.4e-51	198.7
BCW-200091_01943	gnl|TC-DB|Q56955|3.A.1.15.4	28.0	261	184	3	2	260	12	270	2.8e-15	79.0
BCW-200091_01960	gnl|TC-DB|Q7WZL2|1.B.1.4.3	32.7	398	194	11	5	352	1	374	4.2e-38	155.2
BCW-200091_01971	gnl|TC-DB|P21175|3.A.1.4.8	58.4	368	152	1	5	372	7	373	1.9e-121	432.2
BCW-200091_01982	gnl|TC-DB|A8YQR5|3.A.23.2.1	32.9	517	323	9	1	510	10	509	6.6e-71	265.0
BCW-200091_01985	gnl|TC-DB|C0LZS0|1.B.1.4.2	30.3	363	218	11	11	360	14	354	2.1e-29	126.3
BCW-200091_01986	gnl|TC-DB|Q6NLC1|3.A.1.203.8	32.7	615	329	11	24	572	69	664	8.8e-73	271.2
BCW-200091_02003	gnl|TC-DB|P33361|3.A.1.12.15	55.7	106	47	0	1	106	275	380	3.1e-24	107.5
BCW-200091_02005	gnl|TC-DB|Q9RCF3|3.A.1.14.6	45.8	96	52	0	1	96	178	273	1.8e-22	101.7
BCW-200091_02008	gnl|TC-DB|P02924|3.A.1.2.2	44.5	328	178	3	11	337	2	326	4.1e-75	278.1
BCW-200091_02010	gnl|TC-DB|Q8DQH8|3.A.1.4.10	54.3	92	41	1	1	91	160	251	1.2e-20	95.5
BCW-200091_02011	gnl|TC-DB|Q8DQH7|3.A.1.4.10	46.8	235	125	0	4	238	2	236	3.5e-60	228.0
BCW-200091_02020	gnl|TC-DB|A5W3Z9|9.B.153.4.3	57.0	277	118	1	22	297	12	288	7.5e-89	323.6
BCW-200091_02031	gnl|TC-DB|P27105|8.A.21.1.1	49.8	245	120	2	6	248	37	280	2.9e-57	218.4
BCW-200091_02066	gnl|TC-DB|P10906|3.A.1.1.3	66.5	281	94	0	1	281	1	281	5.1e-103	370.5
BCW-200091_02067	gnl|TC-DB|P10905|3.A.1.1.3	69.8	291	88	0	3	293	4	294	4.1e-111	397.5
BCW-200091_02068	gnl|TC-DB|P81549|1.B.14.1.16	38.8	709	387	14	61	739	47	738	1.6e-132	469.9
BCW-200091_02071	gnl|TC-DB|P09551|3.A.1.3.1	56.2	258	110	1	1	255	1	258	6.6e-81	297.0
BCW-200091_02075	gnl|TC-DB|s0EYI0|4.D.1.4.4	35.2	375	229	6	38	400	15	387	1.8e-48	189.9
BCW-200091_02112	gnl|TC-DB|P24305|1.B.1.6.1	28.5	354	215	12	2	344	25	351	2.1e-18	89.7
BCW-200091_02114	gnl|TC-DB|P16482|2.A.1.6.1	35.3	434	278	1	5	438	10	440	1.4e-62	236.9
BCW-200091_02131	gnl|TC-DB|P31135|3.A.1.11.2	39.2	209	127	0	78	286	95	303	6.2e-38	154.5
BCW-200091_02132	gnl|TC-DB|P0AFK6|3.A.1.11.1	34.4	247	160	2	18	264	13	257	3.0e-34	142.1
BCW-200091_02133	gnl|TC-DB|P31133|3.A.1.11.2	28.2	358	238	6	5	343	13	370	1.1e-40	163.7
BCW-200091_02139	gnl|TC-DB|P76230|2.A.1.1.115	30.0	150	104	1	30	178	286	435	1.6e-14	76.3
BCW-200091_02141	gnl|TC-DB|P0AFJ7|2.A.20.1.1	46.2	186	95	3	13	198	314	494	1.7e-39	159.1
BCW-200091_02143	gnl|TC-DB|P31474|2.A.1.3.51	31.1	453	306	2	15	467	12	458	8.4e-66	247.7
BCW-200091_02145	gnl|TC-DB|Q92WK1|3.A.1.2.11	42.0	307	154	5	53	343	42	340	3.5e-53	205.3
BCW-200091_02146	gnl|TC-DB|P04983|3.A.1.2.1	47.2	498	260	3	13	510	4	498	1.1e-124	443.4
BCW-200091_02167	gnl|TC-DB|O51798|2.A.1.15.9	28.6	353	243	5	6	350	11	362	5.0e-35	145.2
BCW-200091_02175	gnl|TC-DB|P07658|3.D.1.9.2	36.2	448	274	6	1	440	270	713	1.4e-78	290.0
BCW-200091_02201	gnl|TC-DB|P42237|2.A.1.14.1	62.3	438	165	0	9	446	6	443	1.4e-160	562.4
BCW-200091_02213	gnl|TC-DB|A0L4L0|3.A.1.132.3	41.8	275	148	3	23	297	71	333	1.1e-55	213.4
BCW-200091_02217	gnl|TC-DB|P07110|1.B.11.2.1	34.2	155	101	1	1	155	682	835	2.0e-17	85.5
BCW-200091_02245	gnl|TC-DB|P42308|2.A.11.1.2	41.5	434	239	4	1	430	1	423	7.1e-88	320.9
BCW-200091_02263	gnl|TC-DB|Q1LZ59|4.A.2.1.7	27.3	150	104	2	26	172	2	149	5.7e-12	67.4
BCW-200091_02265	gnl|TC-DB|Q7WZL2|1.B.1.4.3	39.6	192	96	7	1	181	1	183	9.5e-28	120.9
BCW-200091_02266	gnl|TC-DB|M3JA40|1.B.52.2.1	47.6	82	43	0	351	432	283	364	9.9e-12	68.2
BCW-200091_02269	gnl|TC-DB|Q27433|1.A.6.2.2	31.2	176	121	0	188	363	181	356	2.8e-16	82.8
BCW-200091_02292	gnl|TC-DB|P69451|4.C.1.1.4	56.0	561	239	4	19	578	4	557	1.3e-185	646.0
BCW-200091_02303	gnl|TC-DB|P24305|1.B.1.6.1	35.5	214	110	10	12	208	5	207	2.3e-16	83.2
BCW-200091_02307	gnl|TC-DB|W0WLZ1|3.A.1.5.39	66.7	541	174	2	1	541	1	535	1.1e-215	745.7
BCW-200091_02308	gnl|TC-DB|W0WN20|3.A.1.5.39	73.5	336	89	0	1	336	1	336	1.2e-135	479.2
BCW-200091_02319	gnl|TC-DB|P09551|3.A.1.3.1	54.4	259	115	1	1	256	1	259	1.5e-77	285.8
BCW-200091_02322	gnl|TC-DB|Q9KN48|3.A.23.1.1	44.8	134	68	2	1	134	301	428	1.5e-24	109.4
BCW-200091_02330	gnl|TC-DB|Q1LRE9|3.A.1.210.9	71.2	631	160	4	1	622	1	618	4.1e-246	847.0
BCW-200091_02361	gnl|TC-DB|K9TJX8|1.B.63.1.2	32.3	201	119	4	29	219	117	310	2.2e-21	99.0
BCW-200091_02368	gnl|TC-DB|Q92NF0|3.A.1.5.17	43.1	255	141	2	2	254	114	366	2.0e-45	179.1
BCW-200091_02370	gnl|TC-DB|P31133|3.A.1.11.2	51.1	360	174	2	7	364	11	370	2.6e-107	385.2
BCW-200091_02371	gnl|TC-DB|Q66DP5|5.B.1.3.1	46.2	236	121	5	1	236	96	325	1.4e-59	226.1
BCW-200091_02393	gnl|TC-DB|P70786|2.A.1.14.3	42.9	98	52	1	2	99	340	433	7.0e-13	69.7
BCW-200091_02395	gnl|TC-DB|E7BBJ2|9.B.102.5.5	61.7	133	51	0	5	137	5	137	3.6e-41	164.1
BCW-200091_02396	gnl|TC-DB|E7BBJ1|9.B.102.5.2	68.0	50	16	0	1	50	88	137	8.4e-13	68.6
BCW-200091_02403	gnl|TC-DB|O68827|2.A.7.7.1	50.3	298	140	3	7	299	4	298	6.7e-69	257.3
BCW-200091_02416	gnl|TC-DB|Q47539|3.A.1.17.1	28.8	229	153	3	54	276	33	257	6.9e-18	87.8
BCW-200091_02417	gnl|TC-DB|O05347|3.A.1.16.2	51.2	205	97	3	57	260	37	239	9.3e-50	193.7
BCW-200091_02421	gnl|TC-DB|Q51955|2.A.1.15.1	45.0	191	103	1	2	190	225	415	2.0e-36	149.1
BCW-200091_02434	gnl|TC-DB|P39836|2.A.28.3.4	56.1	312	129	3	9	317	8	314	5.6e-88	320.9
BCW-200091_02444	gnl|TC-DB|P22609|3.A.15.2.1	46.1	102	55	0	1	102	272	373	5.3e-18	86.7
BCW-200091_02449	gnl|TC-DB|P0AG78|3.A.1.6.1	55.8	321	140	2	14	333	7	326	3.7e-100	361.3
BCW-200091_02458	gnl|TC-DB|P37650|1.B.55.3.1	36.5	219	133	4	1	216	942	1157	5.7e-30	127.5
BCW-200091_02466	gnl|TC-DB|A8YQR5|3.A.23.2.1	29.0	500	307	12	13	509	2	456	1.9e-45	181.0
BCW-200091_02469	gnl|TC-DB|P28635|3.A.1.24.1	55.2	239	102	2	32	268	33	268	1.1e-65	246.5
BCW-200091_02471	gnl|TC-DB|P40729|3.A.6.2.1	64.8	54	19	0	3	56	638	691	3.2e-12	66.6
BCW-200091_02483	gnl|TC-DB|Q08U57|1.A.1.24.2	44.8	232	122	1	45	270	1	232	4.9e-50	194.5
BCW-200091_02492	gnl|TC-DB|P31552|4.C.1.1.6	25.6	511	335	13	27	522	37	517	1.7e-27	120.6
BCW-200091_02500	gnl|TC-DB|Q8NRW0|3.A.1.4.5	39.6	275	160	3	8	277	12	285	1.2e-43	173.3
BCW-200091_02502	gnl|TC-DB|P21629|3.A.1.4.8	35.0	254	148	3	1	237	1	254	1.8e-35	146.0
BCW-200091_02503	gnl|TC-DB|P21630|3.A.1.4.8	43.9	212	115	3	1	209	1	211	1.2e-42	169.9
BCW-200091_02504	gnl|TC-DB|Q8NRW1|3.A.1.4.5	24.7	332	232	6	2	327	78	397	3.6e-23	105.5
BCW-200091_02507	gnl|TC-DB|C5T9B1|1.B.1.6.2	41.1	304	168	5	48	344	5	304	5.9e-53	204.5
BCW-200091_02512	gnl|TC-DB|Q45391|3.A.7.3.1	40.4	104	53	2	10	111	1	97	1.1e-11	65.9
BCW-200091_02513	gnl|TC-DB|O50330|3.A.7.2.1	43.6	818	432	5	10	804	9	820	1.8e-201	699.1
BCW-200091_02518	gnl|TC-DB|Q9RPX6|3.A.7.3.1	35.0	283	158	7	10	270	5	283	1.8e-41	166.0
BCW-200091_02519	gnl|TC-DB|Q91UR6|3.A.7.3.1	43.5	207	113	2	13	216	171	376	2.1e-43	172.2
BCW-200091_02520	gnl|TC-DB|Q91UW6|3.A.7.3.1	36.7	335	195	4	39	371	31	350	1.5e-57	219.9
BCW-200091_02522	gnl|TC-DB|Q5ZW42|3.A.7.5.1	30.6	415	263	10	3	412	272	666	2.0e-44	176.8
BCW-200091_02529	gnl|TC-DB|F4TJX1|2.A.1.52.2	28.8	399	250	13	24	406	8	388	9.2e-35	144.4
BCW-200091_02558	gnl|TC-DB|P17583|2.A.1.17.1	35.6	135	86	1	1	135	240	373	4.3e-13	70.9
BCW-200091_02579	gnl|TC-DB|P77389|2.A.1.2.65	40.8	196	114	1	6	201	191	384	3.2e-30	128.3
BCW-200091_02592	gnl|TC-DB|Q9L3S6|3.A.1.4.4	45.4	394	185	9	28	415	48	417	6.2e-92	334.3
BCW-200091_02593	gnl|TC-DB|Q9WYB4|3.A.1.1.37	44.7	197	106	3	1	195	91	286	1.0e-38	156.4
BCW-200091_02594	gnl|TC-DB|G4FGN6|3.A.1.1.41	33.8	269	173	3	19	284	8	274	1.9e-33	139.4
BCW-200091_02598	gnl|TC-DB|O50471|2.A.21.7.1	39.7	121	71	2	78	196	328	448	2.0e-13	72.8
BCW-200091_02608	gnl|TC-DB|Q9ZK21|1.C.82.1.1	52.9	227	107	0	3	229	4	230	4.2e-63	237.7
BCW-200091_02636	gnl|TC-DB|P46482|8.A.1.7.1	41.7	108	61	2	3	109	179	285	8.8e-17	82.8
BCW-200091_02649	gnl|TC-DB|Q9Z625|1.B.12.1.3	28.2	532	274	13	62	521	458	953	1.9e-42	170.2
BCW-200091_02657	gnl|TC-DB|Q9KIH3|2.A.1.3.18	30.1	488	340	1	26	512	29	516	1.9e-66	250.0
BCW-200091_02658	gnl|TC-DB|B3PY75|1.B.17.3.8	29.5	475	320	7	9	477	10	475	1.8e-39	160.2
BCW-200091_02665	gnl|TC-DB|P0A2G3|2.A.1.6.7	37.3	405	247	2	23	424	16	416	3.2e-72	268.9
BCW-200091_02667	gnl|TC-DB|M3JA40|1.B.52.2.1	55.0	60	27	0	452	511	280	339	2.0e-11	67.4
BCW-200091_02669	gnl|TC-DB|Q8E9J0|1.A.30.1.5	31.9	238	162	0	10	247	1	238	8.2e-31	130.6
BCW-200091_02674	gnl|TC-DB|P24017|1.B.6.1.11	40.2	117	59	3	104	209	217	333	1.4e-12	69.7
BCW-200091_02678	gnl|TC-DB|P0AG82|3.A.1.7.1	62.4	343	125	1	1	339	1	343	1.2e-125	446.0
BCW-200091_02679	gnl|TC-DB|P0AGH8|3.A.1.7.1	74.4	309	79	0	20	328	11	319	1.5e-127	452.2
BCW-200091_02680	gnl|TC-DB|P07654|3.A.1.7.1	71.7	283	80	0	14	296	10	292	2.9e-109	391.3
BCW-200091_02681	gnl|TC-DB|P0AAH0|3.A.1.7.1	81.1	254	48	0	29	282	4	257	5.8e-123	436.8
BCW-200091_02688	gnl|TC-DB|P33359|3.A.1.12.15	55.2	125	56	0	1	125	102	226	5.8e-31	130.2
BCW-200091_02702	gnl|TC-DB|B2D7K2|3.A.23.1.1	23.7	520	318	13	59	574	50	494	4.5e-23	106.7
BCW-200091_02735	gnl|TC-DB|Q8YBL6|2.A.108.2.2	28.4	268	183	4	7	269	11	274	9.7e-22	100.5
BCW-200091_02740	gnl|TC-DB|P36649|1.B.76.1.8	29.1	203	102	8	35	199	313	511	1.2e-13	73.2
BCW-200091_02768	gnl|TC-DB|P70786|2.A.1.14.3	49.1	407	204	3	23	429	25	428	1.4e-112	402.9
BCW-200091_02775	gnl|TC-DB|A3P2V6|1.B.66.1.9	84.0	524	81	1	1	521	1	524	9.1e-231	795.8
BCW-200091_02776	gnl|TC-DB|P0AFL1|3.A.1.11.2	48.5	66	34	0	1	66	213	278	1.5e-11	64.7
BCW-200091_02778	gnl|TC-DB|O51798|2.A.1.15.9	34.3	388	245	7	35	415	22	406	6.2e-49	191.4
BCW-200091_02782	gnl|TC-DB|Q8EDM8|1.B.14.8.4	24.2	744	454	26	71	769	53	731	3.3e-43	173.3
BCW-200091_02792	gnl|TC-DB|P42915|1.B.11.3.6	34.2	827	509	16	4	811	12	822	6.9e-132	468.0
BCW-200091_02821	gnl|TC-DB|P0AAC6|1.A.14.2.1	38.0	205	119	3	21	225	18	214	3.1e-29	125.2
BCW-200091_02833	gnl|TC-DB|G0CIY2|9.B.18.1.1	45.9	270	144	1	2	269	207	476	4.7e-69	257.7
BCW-200091_02834	gnl|TC-DB|Q986D7|2.A.1.8.16	52.6	268	104	2	1	262	176	426	1.7e-63	239.2
BCW-200091_02840	gnl|TC-DB|D8D9B1|2.A.7.3.14	48.2	226	111	3	2	224	88	310	3.8e-46	181.4
BCW-200091_02843	gnl|TC-DB|Q9CLG9|3.A.1.17.6	29.7	158	108	1	1	158	94	248	4.5e-11	64.3
BCW-200091_02852	gnl|TC-DB|Q9KIH3|2.A.1.3.18	40.5	511	295	3	2	512	19	520	7.1e-103	370.9
BCW-200091_02853	gnl|TC-DB|C5W790|2.A.1.3.36	43.1	144	75	4	10	148	200	341	1.4e-25	112.5
BCW-200091_02861	gnl|TC-DB|Q9KPL5|2.A.41.2.11	57.0	179	71	1	1	179	245	417	8.7e-48	186.4
BCW-200091_02867	gnl|TC-DB|D4ZZR3|9.B.34.1.3	43.9	171	95	1	298	467	226	396	2.7e-32	136.3
BCW-200091_02869	gnl|TC-DB|O30499|2.A.20.1.4	74.7	99	25	0	5	103	226	324	3.0e-38	154.1
BCW-200091_02876	gnl|TC-DB|P0ABU9|1.A.30.2.2	49.3	219	111	0	6	224	3	221	2.5e-52	201.8
BCW-200091_02877	gnl|TC-DB|P0ABV2|1.A.30.2.1	38.3	128	69	3	19	145	15	133	7.5e-13	70.1
BCW-200091_02902	gnl|TC-DB|P0AFL1|3.A.1.11.2	48.5	66	34	0	1	66	213	278	1.5e-11	64.7
BCW-200091_02914	gnl|TC-DB|Q2FD81|2.A.6.2.44	77.4	1030	230	2	1	1029	19	1046	0.0e+00	1515.0
BCW-200091_02915	gnl|TC-DB|Q2FD82|2.A.6.2.44	56.4	218	90	1	1	218	186	398	4.3e-65	244.2
BCW-200091_02940	gnl|TC-DB|P07109|3.A.1.3.29	70.4	253	75	0	7	259	5	257	2.0e-101	365.2
BCW-200091_02941	gnl|TC-DB|P0A2I7|3.A.1.3.1	68.5	232	73	0	1	232	1	232	1.0e-88	322.8
BCW-200091_02942	gnl|TC-DB|P0A2I9|3.A.1.3.1	63.4	227	83	0	3	229	2	228	2.1e-78	288.5
BCW-200091_02956	gnl|TC-DB|P76460|2.A.73.1.1	32.0	441	282	8	20	457	1	426	3.5e-51	199.1
BCW-200091_02958	gnl|TC-DB|Q9HR74|5.A.3.3.3	23.6	496	333	12	1	488	317	774	7.7e-20	95.9
BCW-200091_02965	gnl|TC-DB|P0AEM9|3.A.1.3.10	44.7	257	137	4	8	261	11	265	6.1e-58	220.7
BCW-200091_02988	gnl|TC-DB|P0AFN6|3.A.1.105.17	38.3	248	153	0	6	253	9	256	2.3e-46	182.2
BCW-200091_02989	gnl|TC-DB|P36879|3.A.1.105.17	42.9	308	164	4	5	308	5	304	7.0e-61	230.7
BCW-200091_03000	gnl|TC-DB|P42102|2.A.122.1.7	37.7	223	138	1	15	237	4	225	7.7e-31	130.6
BCW-200091_03011	gnl|TC-DB|Q01674|1.B.14.1.17	22.8	329	232	8	138	459	397	710	7.0e-17	85.1
BCW-200091_03038	gnl|TC-DB|Q9XD71|3.A.15.3.1	62.3	138	50	1	12	149	1	136	1.0e-46	182.6
BCW-200091_03040	gnl|TC-DB|P15745|3.A.15.1.1	42.0	100	58	0	2	101	280	379	5.0e-16	80.1
BCW-200091_03046	gnl|TC-DB|Q6V6X7|2.A.6.2.18	47.2	449	230	3	1	445	20	465	5.9e-101	364.4
BCW-200091_03047	gnl|TC-DB|Q2FD70|2.A.6.2.40	63.2	1038	376	3	1	1038	2	1033	0.0e+00	1230.7
BCW-200091_03048	gnl|TC-DB|Q2FD71|2.A.6.2.40	44.2	369	203	3	20	386	19	386	1.1e-76	283.5
BCW-200091_03053	gnl|TC-DB|P69451|4.C.1.1.4	53.1	557	236	7	1	537	1	552	4.7e-166	580.9
BCW-200091_03067	gnl|TC-DB|Q9HXN5|4.A.1.1.15	62.4	109	41	0	1	109	733	841	2.9e-30	127.5
BCW-200091_03085	gnl|TC-DB|R7QS55|3.A.1.17.9	46.4	192	99	3	4	192	542	732	1.1e-40	162.9
BCW-200091_03094	gnl|TC-DB|Q45407|1.B.18.3.2	52.2	69	33	0	1	69	309	377	2.7e-13	70.5
BCW-200091_03101	gnl|TC-DB|P71012|4.A.2.1.4	28.8	132	93	1	3	133	2	133	1.2e-13	72.8
BCW-200091_03104	gnl|TC-DB|P0A9V1|1.B.42.1.2	58.8	245	96	1	14	258	2	241	3.2e-80	294.7
BCW-200091_03106	gnl|TC-DB|Q57079|3.B.1.1.2	34.4	511	301	10	20	518	2	490	6.1e-73	271.6
BCW-200091_03110	gnl|TC-DB|Q6VV68|2.A.6.2.23	94.4	1004	56	0	1	1004	61	1064	0.0e+00	1816.6
BCW-200091_03114	gnl|TC-DB|Q74GA3|3.D.1.5.1	41.7	412	239	1	27	437	107	518	1.1e-99	360.1
BCW-200091_03123	gnl|TC-DB|B1X8N7|3.A.1.17.10	53.9	115	51	1	2	116	129	241	4.4e-27	117.1
BCW-200091_03124	gnl|TC-DB|P0AEB0|3.A.1.6.1	55.8	258	114	0	34	291	19	276	4.4e-79	291.2
BCW-200091_03125	gnl|TC-DB|P16701|3.A.1.6.1	47.3	264	139	0	12	275	10	273	1.5e-65	246.1
BCW-200091_03126	gnl|TC-DB|P0AG78|3.A.1.6.1	64.7	323	114	0	21	343	6	328	1.4e-126	449.1
BCW-200091_03131	gnl|TC-DB|P50332|3.A.1.102.1	65.1	298	104	0	6	303	49	346	9.7e-108	386.3
BCW-200091_03137	gnl|TC-DB|P02915|3.A.1.3.1	60.3	58	23	0	1	58	196	253	3.3e-16	80.1
BCW-200091_03149	gnl|TC-DB|P02924|3.A.1.2.2	46.2	160	84	2	1	159	168	326	1.3e-34	142.5
BCW-200091_03159	gnl|TC-DB|Q9L3S2|3.A.1.4.4	54.3	116	52	1	1	116	103	217	2.5e-30	127.9
BCW-200091_03172	gnl|TC-DB|P26419|3.A.6.2.1	59.3	123	48	1	41	163	17	137	2.2e-34	141.7
BCW-200091_03194	gnl|TC-DB|Q04064|1.B.1.4.1	30.7	391	213	13	1	362	1	362	4.2e-26	115.5
BCW-200091_03204	gnl|TC-DB|P37774|3.A.1.3.10	53.9	241	111	0	2	242	4	244	1.2e-68	256.1
BCW-200091_03205	gnl|TC-DB|P0AFT2|3.A.1.3.10	55.1	214	93	3	5	217	5	216	8.1e-51	196.8
BCW-200091_03206	gnl|TC-DB|P42199|3.A.1.3.14	45.9	244	128	3	17	259	28	268	3.4e-53	204.9
BCW-200091_03208	gnl|TC-DB|Q89K67|2.A.55.2.6	46.9	431	223	3	4	433	19	444	2.5e-104	375.6
BCW-200091_03215	gnl|TC-DB|P35818|1.B.22.1.2	38.9	321	176	6	1	320	325	626	4.8e-54	208.4
BCW-200091_03230	gnl|TC-DB|P08716|3.A.1.109.1	60.6	269	106	0	1	269	122	390	1.3e-87	319.3
BCW-200091_03239	gnl|TC-DB|P37902|3.A.1.3.4	57.9	290	121	1	8	296	11	300	9.5e-92	333.2
BCW-200091_03240	gnl|TC-DB|P28246|2.A.1.2.7	25.8	380	269	7	17	388	11	385	4.7e-28	122.1
BCW-200091_03250	gnl|TC-DB|Q2BM70|3.A.1.17.4	31.2	157	107	1	4	160	152	307	3.3e-22	101.3
BCW-200091_03254	gnl|TC-DB|Q99ZY3|3.A.1.34.1	41.7	228	133	0	22	249	25	252	5.0e-44	174.5
BCW-200091_03273	gnl|TC-DB|A6VKS8|3.A.1.2.13	42.9	154	85	1	1	154	347	497	7.8e-32	133.3
BCW-200091_03274	gnl|TC-DB|Q9X050|3.A.1.2.19	43.4	302	159	4	46	336	24	324	9.1e-54	207.2
BCW-200091_03283	gnl|TC-DB|C6EJJ6|2.C.1.2.1	35.2	179	99	3	1	168	1	173	1.4e-23	105.9
BCW-200091_03284	gnl|TC-DB|P0A855|2.C.1.2.1	36.3	223	133	5	17	230	12	234	8.8e-30	127.9
BCW-200091_03300	gnl|TC-DB|Q9SWR8|2.A.1.8.4	35.0	240	152	2	16	255	209	444	2.6e-35	145.6
BCW-200091_03302	gnl|TC-DB|Q9I458|2.A.1.11.2	49.6	141	70	1	3	142	259	399	5.5e-29	123.6
BCW-200091_03303	gnl|TC-DB|Q2BM69|3.A.1.17.4	43.0	221	106	2	2	205	25	242	5.3e-45	178.3
BCW-200091_03316	gnl|TC-DB|P0AA82|2.A.39.1.1	34.2	403	259	4	13	415	2	398	1.3e-52	203.8
BCW-200091_03325	gnl|TC-DB|P75780|1.B.14.1.9	38.1	712	380	15	48	722	46	733	1.9e-125	446.4
BCW-200091_03334	gnl|TC-DB|L0LHM3|2.A.7.31.3	38.2	170	100	2	5	173	110	275	3.7e-22	101.3
BCW-200091_03336	gnl|TC-DB|Q9X050|3.A.1.2.19	38.7	300	171	4	42	329	25	323	2.6e-45	179.1
BCW-200091_03354	gnl|TC-DB|P63386|3.A.1.27.3	55.6	257	114	0	9	265	8	264	1.2e-80	296.2
BCW-200091_03355	gnl|TC-DB|P64606|3.A.1.27.3	62.5	216	81	0	39	254	43	258	6.3e-68	253.8
BCW-200091_03356	gnl|TC-DB|P64604|3.A.1.27.3	50.3	151	69	2	7	151	7	157	1.2e-33	139.4
BCW-200091_03365	gnl|TC-DB|P67444|2.A.40.4.3	29.4	204	137	4	5	204	240	440	2.0e-12	69.3
BCW-200091_03377	gnl|TC-DB|O07086|2.A.7.3.38	32.1	296	200	1	17	312	9	303	5.1e-38	154.8
BCW-200091_03379	gnl|TC-DB|A8YQR5|3.A.23.2.1	27.0	544	335	14	9	540	3	496	6.0e-47	186.0
BCW-200091_03383	gnl|TC-DB|Q9HZ04|3.A.1.12.12	66.3	279	92	2	7	284	8	285	2.9e-106	381.3
BCW-200091_03402	gnl|TC-DB|T0ET67|1.B.1.4.6	93.2	133	9	0	1	133	116	248	4.3e-68	253.4
BCW-200091_03419	gnl|TC-DB|P63144|8.A.5.1.3	31.7	315	198	4	1	309	71	374	6.5e-39	157.9
BCW-200091_03425	gnl|TC-DB|Q7WZL2|1.B.1.4.3	31.0	377	226	11	2	366	20	374	6.5e-26	114.8
BCW-200091_03426	gnl|TC-DB|M3JA40|1.B.52.2.1	28.1	221	150	2	71	290	236	448	3.1e-12	69.7
BCW-200091_03435	gnl|TC-DB|P94398|9.B.10.1.1	38.5	260	150	5	10	259	34	293	2.5e-38	155.6
BCW-200091_03452	gnl|TC-DB|Q9L3M3|3.A.1.4.3	34.6	364	227	8	20	381	3	357	2.6e-44	176.0
BCW-200091_03453	gnl|TC-DB|Q5ZYB5|3.A.7.9.1	31.4	388	253	5	31	412	15	395	1.2e-45	180.6
BCW-200091_03492	gnl|TC-DB|P21630|3.A.1.4.8	48.9	92	47	0	1	92	141	232	1.7e-18	88.2
BCW-200091_03497	gnl|TC-DB|Q4LDT6|2.A.6.2.34	57.5	353	150	0	1	353	684	1036	5.8e-107	384.0
BCW-200091_03500	gnl|TC-DB|P0AFN6|3.A.1.105.17	37.0	246	155	0	38	283	10	255	3.5e-43	171.8
BCW-200091_03501	gnl|TC-DB|P36879|3.A.1.105.17	41.0	300	172	3	3	299	4	301	1.7e-59	226.1
BCW-200091_03505	gnl|TC-DB|Q8F3M7|3.A.15.4.1	41.1	450	253	7	112	557	116	557	4.3e-93	338.6
BCW-200091_03506	gnl|TC-DB|P22609|3.A.15.2.1	22.9	393	268	9	35	418	6	372	8.6e-22	101.3
BCW-200091_03507	gnl|TC-DB|Q9XD71|3.A.15.3.1	38.5	109	66	1	1	109	14	121	1.4e-17	85.5
BCW-200091_03518	gnl|TC-DB|B3QPN0|9.B.153.3.5	35.7	258	149	5	4	244	5	262	2.5e-37	152.1
BCW-200091_03542	gnl|TC-DB|P21408|3.A.1.10.1	41.1	331	192	3	14	344	11	338	1.9e-67	252.7
BCW-200091_03567	gnl|TC-DB|Q6MMD5|9.B.18.2.1	41.2	585	315	13	42	608	51	624	2.1e-104	376.3
BCW-200091_03575	gnl|TC-DB|Q9I3V8|3.A.1.103.6	51.4	243	111	1	22	264	13	248	4.3e-69	258.5
BCW-200091_03586	gnl|TC-DB|B9MIH1|2.A.106.1.4	61.7	183	69	1	3	185	2	183	3.6e-60	227.6
BCW-200091_03605	gnl|TC-DB|Q47538|3.A.1.17.1	47.8	69	33	1	1	69	152	217	5.1e-12	68.2
BCW-200091_03607	gnl|TC-DB|Q45083|1.B.17.3.3	45.3	117	64	0	5	121	374	490	1.9e-18	88.6
BCW-200091_03613	gnl|TC-DB|C0LZS0|1.B.1.4.2	33.4	389	208	13	1	373	1	354	6.2e-40	161.4
BCW-200091_03629	gnl|TC-DB|C5IZH1|2.A.6.2.47	70.2	925	276	0	1	925	113	1037	0.0e+00	1278.1
BCW-200091_03637	gnl|TC-DB|P33590|3.A.1.5.3	28.9	440	277	13	10	439	2	415	4.7e-36	149.1
BCW-200091_03639	gnl|TC-DB|P0AF06|1.A.30.1.1	43.6	282	151	4	16	297	7	280	7.3e-58	220.7
BCW-200091_03667	gnl|TC-DB|A5H8A5|2.A.1.3.31	27.9	276	178	6	4	274	160	419	1.1e-16	84.0
BCW-200091_03672	gnl|TC-DB|P60782|9.B.31.1.1	45.3	192	101	2	8	199	10	197	2.7e-32	135.2
BCW-200091_03689	gnl|TC-DB|Q01857|2.A.23.1.3	37.4	409	243	4	2	405	15	415	1.8e-67	253.1
BCW-200091_03710	gnl|TC-DB|E1PBX5|9.B.104.1.4	28.3	635	405	20	1	619	6	606	2.2e-48	190.3
BCW-200091_03712	gnl|TC-DB|P31133|3.A.1.11.2	43.3	365	204	3	6	369	8	370	1.5e-91	332.8
BCW-200091_03716	gnl|TC-DB|Q1D0D2|1.A.30.2.7	32.5	126	85	0	14	139	13	138	6.8e-16	80.1
BCW-200091_03720	gnl|TC-DB|Q9ZHC9|2.A.6.1.3	69.6	46	13	1	3	47	1001	1046	2.6e-11	63.9
BCW-200091_03725	gnl|TC-DB|B2D7K2|3.A.23.1.1	30.0	446	301	7	165	603	73	514	4.9e-54	209.1
BCW-200091_03731	gnl|TC-DB|Q1M7Q2|3.A.1.11.6	32.0	225	153	0	9	233	16	240	6.6e-28	120.9
BCW-200091_03732	gnl|TC-DB|Q1M7Q3|3.A.1.11.6	32.8	265	164	4	4	264	28	282	9.3e-33	137.1
BCW-200091_03735	gnl|TC-DB|Q46909|2.A.1.1.95	56.9	429	184	1	26	454	5	432	4.5e-133	471.1
BCW-200091_03762	gnl|TC-DB|E3HXW5|3.A.3.6.23	73.3	195	51	1	1	195	777	970	7.4e-72	266.5
BCW-200091_03763	gnl|TC-DB|P37387|3.A.1.2.4	62.2	312	115	2	29	339	21	330	1.6e-106	382.5
BCW-200091_03769	gnl|TC-DB|P42308|2.A.11.1.2	44.0	432	232	5	1	431	1	423	1.7e-94	342.8
BCW-200091_03776	gnl|TC-DB|P37643|2.A.1.6.10	53.0	440	202	2	1	435	1	440	2.4e-123	438.7
BCW-200091_03782	gnl|TC-DB|Q9L3S3|3.A.1.4.4	42.2	263	129	5	41	285	5	262	8.3e-45	177.2
BCW-200091_03783	gnl|TC-DB|Q9L3S4|3.A.1.4.4	48.7	115	59	0	1	115	222	336	5.6e-25	110.2
BCW-200091_03785	gnl|TC-DB|Q13U92|1.B.40.1.2	26.9	814	433	19	400	1118	3774	4520	1.1e-31	136.0
BCW-200091_03789	gnl|TC-DB|P69451|4.C.1.1.4	37.9	140	82	3	1	138	415	551	5.4e-21	97.1
BCW-200091_03790	gnl|TC-DB|Q7WZL2|1.B.1.4.3	32.2	373	229	10	6	359	7	374	8.3e-34	141.0
BCW-200091_03802	gnl|TC-DB|D5X5E3|1.E.34.2.4	43.4	113	64	0	16	128	18	130	3.3e-17	84.3
BCW-200091_03803	gnl|TC-DB|Q13U92|1.B.40.1.2	37.0	138	80	1	251	381	4589	4726	9.2e-15	77.8
BCW-200091_03814	gnl|TC-DB|P21627|3.A.1.4.8	60.1	301	120	0	8	308	7	307	3.0e-96	348.2
BCW-200091_03815	gnl|TC-DB|P21628|3.A.1.4.8	60.3	421	146	6	16	421	1	415	1.9e-130	462.2
BCW-200091_03816	gnl|TC-DB|P21629|3.A.1.4.8	65.6	250	86	0	7	256	5	254	7.4e-93	336.7
BCW-200091_03830	gnl|TC-DB|O51798|2.A.1.15.9	40.6	281	163	2	2	282	126	402	1.4e-52	203.0
BCW-200091_03843	gnl|TC-DB|Q6MLN2|9.B.149.1.11	39.9	198	112	4	9	202	10	204	1.3e-34	142.9
BCW-200091_03850	gnl|TC-DB|P0A2G3|2.A.1.6.7	34.8	273	173	3	2	270	148	419	7.4e-38	154.1
BCW-200091_03860	gnl|TC-DB|Q04064|1.B.1.4.1	35.3	170	99	5	21	182	13	179	2.6e-14	76.3
BCW-200091_03863	gnl|TC-DB|Q00750|3.A.1.1.28	34.9	261	161	4	4	257	25	283	5.9e-29	124.4
BCW-200091_03864	gnl|TC-DB|Q88P36|3.A.1.1.30	35.8	279	170	4	10	283	7	281	4.9e-45	177.9
BCW-200091_03875	gnl|TC-DB|A0B354|2.A.117.1.12	97.9	146	3	0	1	146	1	146	3.4e-74	273.9
BCW-200091_03876	gnl|TC-DB|P13511|2.A.6.1.2	73.3	1043	273	1	1	1043	1	1037	0.0e+00	1496.9
BCW-200091_03910	gnl|TC-DB|P83698|1.A.2.2.1	71.0	334	72	4	1	317	1	326	1.7e-123	438.7
BCW-200091_03941	gnl|TC-DB|B1JXG0|2.A.66.4.7	98.3	516	9	0	1	516	1	516	6.1e-280	959.1
BCW-200091_03944	gnl|TC-DB|P63183|2.A.72.1.1	49.0	620	313	2	57	676	6	622	8.6e-173	603.6
BCW-200091_03949	gnl|TC-DB|P0AA67|2.A.7.3.6	35.4	189	117	4	1	186	95	281	7.5e-18	87.0
BCW-200091_03950	gnl|TC-DB|Q7BSH5|3.A.1.2.9	24.4	287	206	6	3	285	5	284	1.1e-18	90.5
BCW-200091_03951	gnl|TC-DB|A8H4W6|3.A.1.2.15	44.1	202	97	2	1	202	158	343	1.2e-37	152.9
BCW-200091_03971	gnl|TC-DB|V5YPB2|1.B.1.4.7	26.9	372	234	10	17	362	21	380	1.5e-14	77.0
BCW-200091_03975	gnl|TC-DB|P0A754|2.A.37.1.1	37.3	118	60	3	80	197	45	148	3.7e-15	78.6
BCW-200091_03990	gnl|TC-DB|O85765|3.A.1.17.2	64.1	245	88	0	1	245	18	262	5.5e-85	310.5
BCW-200091_03993	gnl|TC-DB|Q9RQ30|8.A.1.1.2	53.4	161	70	1	1	161	234	389	1.1e-39	159.5
BCW-200091_04006	gnl|TC-DB|E5AN59|1.E.40.3.1	81.6	114	21	0	1	114	1	114	9.3e-43	169.1
BCW-200091_04016	gnl|TC-DB|Q7WZL2|1.B.1.4.3	39.3	399	201	10	1	383	1	374	3.5e-62	235.3
BCW-200091_04044	gnl|TC-DB|A8J166|2.A.39.3.14	50.6	494	233	4	4	494	10	495	2.2e-133	472.2
BCW-200091_04053	gnl|TC-DB|O28528|1.A.11.2.7	34.4	416	241	9	8	394	37	449	1.3e-51	200.3
BCW-200091_04056	gnl|TC-DB|Q9L714|3.A.7.18.1	51.2	414	197	2	11	423	86	495	6.7e-115	410.6
BCW-200091_04057	gnl|TC-DB|P07658|3.D.1.9.2	30.5	308	185	6	113	414	61	345	2.2e-39	160.6
BCW-200091_04058	gnl|TC-DB|Q45082|2.A.1.6.5	25.7	241	178	1	7	246	203	443	9.0e-22	100.5
BCW-200091_04063	gnl|TC-DB|Q9L1J2|2.A.3.8.26	36.6	366	220	6	1	365	101	455	5.2e-47	184.9
BCW-200091_04070	gnl|TC-DB|Q1LRZ2|2.A.4.3.9	50.5	325	151	3	13	328	38	361	1.7e-52	203.0
BCW-200091_04075	gnl|TC-DB|G0LBU8|1.B.14.6.11	31.7	366	212	11	2	360	637	971	2.9e-42	169.1
BCW-200091_04078	gnl|TC-DB|Q53903|2.A.1.3.7	28.7	414	273	9	14	411	22	429	1.6e-34	143.7
BCW-200091_04079	gnl|TC-DB|P17315|1.B.14.1.4	35.8	137	76	2	64	200	35	159	1.1e-13	75.5
BCW-200091_04087	gnl|TC-DB|O00571|1.I.1.1.3	40.5	363	198	4	2	346	181	543	4.2e-65	245.4
BCW-200091_04095	gnl|TC-DB|Q6EE20|3.A.23.2.1	61.5	494	189	1	1	494	1	493	1.6e-181	632.1
BCW-200091_04096	gnl|TC-DB|Q6EE21|3.A.23.2.1	52.2	161	77	0	5	165	4	164	2.9e-45	177.9
BCW-200091_04135	gnl|TC-DB|A4LBD1|1.B.14.1.7	67.6	182	57	2	1	182	574	753	2.0e-68	255.0
BCW-200091_04148	gnl|TC-DB|G7HJF7|2.A.108.2.9	99.3	280	2	0	1	280	1	280	7.4e-155	542.7
BCW-200091_04149	gnl|TC-DB|G7HJF6|2.A.108.2.9	95.5	110	5	0	1	110	1	110	1.3e-54	208.4
BCW-200091_04150	gnl|TC-DB|G7HJF5|2.A.108.2.9	97.8	183	4	0	1	183	1	183	1.8e-104	374.8
BCW-200091_04156	gnl|TC-DB|P05417|3.D.3.1.1	37.2	207	105	9	1	199	1	190	3.8e-23	104.8
BCW-200091_04157	gnl|TC-DB|Q02761|3.E.2.1.1	40.3	442	226	8	10	450	13	417	4.0e-89	325.1
BCW-200091_04159	gnl|TC-DB|P0ACA3|1.A.12.3.1	44.8	203	107	3	1	202	10	208	6.6e-44	173.7
BCW-200091_04168	gnl|TC-DB|P94400|9.B.10.1.1	36.0	322	198	4	1	319	66	382	3.5e-58	221.9
BCW-200091_04178	gnl|TC-DB|G4NW86|2.A.76.1.7	34.6	208	136	0	1	208	1	208	3.0e-28	121.7
BCW-200091_04186	gnl|TC-DB|Q9F3K7|3.A.1.3.24	61.3	62	24	0	1	62	192	253	3.6e-16	80.1
BCW-200091_04188	gnl|TC-DB|P37908|9.A.40.2.4	38.7	408	246	3	22	427	22	427	2.1e-79	292.7
BCW-200091_04198	gnl|TC-DB|Q9FI56|3.A.9.1.2	44.2	873	397	13	4	854	96	900	1.7e-194	676.0
BCW-200091_04205	gnl|TC-DB|P37645|9.B.121.1.1	38.2	785	367	6	8	777	5	686	7.3e-150	527.7
BCW-200091_04208	gnl|TC-DB|P0AAP1|9.B.34.1.2	31.6	196	122	4	301	490	176	365	1.1e-14	78.6
BCW-200091_04210	gnl|TC-DB|Q6UKY4|3.D.1.6.4	48.7	78	40	0	2	79	50	127	4.0e-13	70.1
BCW-200091_04212	gnl|TC-DB|P37643|2.A.1.6.10	38.3	410	238	7	21	420	26	430	6.0e-64	241.5
BCW-200091_04244	gnl|TC-DB|P33231|2.A.14.1.1	67.5	252	82	0	1	252	300	551	1.6e-84	308.9
BCW-200091_04255	gnl|TC-DB|Q9Z446|2.A.70.1.2	66.4	131	44	0	1	131	24	154	8.3e-40	159.5
BCW-200091_04258	gnl|TC-DB|Q6VV67|2.A.6.2.23	54.4	68	31	0	52	119	465	532	1.1e-14	75.9
BCW-200091_04278	gnl|TC-DB|D4ZZR3|9.B.34.1.3	38.6	189	109	5	299	485	210	393	4.1e-23	105.9
BCW-200091_04290	gnl|TC-DB|P27838|9.B.21.2.1	47.2	106	55	1	1	106	1	105	1.7e-22	101.7
BCW-200091_04292	gnl|TC-DB|Q2W8K5|2.A.1.43.2	42.0	162	91	2	23	183	473	632	6.6e-30	127.1
BCW-200091_04296	gnl|TC-DB|P32705|2.A.21.7.2	57.2	145	62	0	7	151	396	540	5.9e-43	170.2
BCW-200091_04304	gnl|TC-DB|T0ET67|1.B.1.4.6	50.6	249	120	3	13	259	1	248	4.7e-63	237.7
BCW-200091_04339	gnl|TC-DB|P10346|3.A.1.3.2	75.9	83	20	0	1	83	158	240	8.1e-33	135.6
BCW-200091_04348	gnl|TC-DB|P31133|3.A.1.11.2	50.9	352	172	1	19	369	19	370	2.3e-103	372.1
BCW-200091_04349	gnl|TC-DB|P31679|2.A.1.1.114	24.7	441	285	9	45	471	26	433	2.8e-21	99.8
BCW-200091_04350	gnl|TC-DB|P39285|1.A.23.1.3	33.1	248	156	4	512	752	784	1028	4.4e-30	129.8
BCW-200091_04352	gnl|TC-DB|P96064|3.A.1.11.5	36.9	255	160	1	9	262	22	276	2.5e-38	155.6
BCW-200091_04358	gnl|TC-DB|K7QW88|2.A.7.3.52	30.7	287	178	5	9	293	9	276	3.0e-16	82.4
BCW-200091_04405	gnl|TC-DB|P0A9X4|9.B.157.1.3	49.4	81	41	0	3	83	258	338	8.5e-17	82.4
BCW-200091_04420	gnl|TC-DB|C9RH03|2.A.109.3.1	46.8	331	174	1	1	329	6	336	1.4e-83	306.2
BCW-200091_04424	gnl|TC-DB|P77463|3.A.1.5.38	59.3	81	33	0	4	84	214	294	4.1e-24	106.7
BCW-200091_04425	gnl|TC-DB|O30491|3.A.1.1.49	57.3	433	184	1	9	441	5	436	7.6e-146	513.5
BCW-200091_04436	gnl|TC-DB|P0A4N5|3.A.1.3.5	39.7	174	101	3	1	173	65	235	3.1e-26	114.8
BCW-200091_04437	gnl|TC-DB|P0AEU0|3.A.1.3.29	47.9	259	134	1	1	258	1	259	5.9e-69	257.3
BCW-200091_04442	gnl|TC-DB|Q8R706|2.A.3.3.22	52.6	462	215	3	3	461	9	469	9.3e-126	446.8
BCW-200091_04453	gnl|TC-DB|O07002|2.A.3.11.1	37.6	524	310	9	2	518	4	517	4.2e-98	355.1
BCW-200091_04454	gnl|TC-DB|Q45082|2.A.1.6.5	28.2	206	143	2	6	208	230	433	6.3e-19	90.9
BCW-200091_04473	gnl|TC-DB|Q1llf9|9.B.142.2.10	52.9	272	122	2	3	268	328	599	1.6e-82	302.4
BCW-200091_04491	gnl|TC-DB|P81549|1.B.14.1.16	27.7	752	458	23	10	702	14	738	5.3e-56	215.7
BCW-200091_04498	gnl|TC-DB|Q9HV74|2.A.21.9.1	32.2	276	142	6	61	326	734	974	1.0e-26	117.5
BCW-200091_04500	gnl|TC-DB|P37460|2.A.3.1.6	49.3	448	224	2	6	450	7	454	1.3e-116	416.4
BCW-200091_04555	gnl|TC-DB|A3P2V6|1.B.66.1.9	53.5	437	185	8	1	426	95	524	6.3e-121	430.6
BCW-200091_04581	gnl|TC-DB|M3JA40|1.B.52.2.1	33.1	151	91	2	125	265	270	420	1.2e-12	70.5
BCW-200091_04582	gnl|TC-DB|P69423|2.A.64.1.1	53.4	234	108	1	14	247	7	239	7.1e-67	250.4
BCW-200091_04583	gnl|TC-DB|A4PCH7|3.A.1.27.1	45.9	209	113	0	14	222	106	314	2.6e-41	165.2
BCW-200091_04584	gnl|TC-DB|A4PCH8|3.A.1.27.1	50.4	256	126	1	29	283	23	278	1.2e-65	246.5
BCW-200091_04595	gnl|TC-DB|P70786|2.A.1.14.3	47.9	426	211	6	16	434	23	444	2.9e-105	378.6
BCW-200091_04605	gnl|TC-DB|B2FLY6|2.A.6.2.14	35.1	151	97	1	1	151	310	459	1.1e-19	92.8
BCW-200091_04611	gnl|TC-DB|P0ABG4|2.A.103.1.1	45.0	329	177	2	21	349	79	403	1.7e-79	292.7
BCW-200091_04613	gnl|TC-DB|P31119|4.C.1.1.16	25.5	420	285	10	23	430	298	701	1.1e-25	114.4
BCW-200091_04631	gnl|TC-DB|P17551|2.A.51.1.1	78.4	385	83	0	8	392	17	401	5.5e-172	600.1
BCW-200091_04645	gnl|TC-DB|T0ET67|1.B.1.4.6	60.5	248	96	2	141	386	1	248	7.8e-78	287.3
BCW-200091_04648	gnl|TC-DB|P0ABU9|1.A.30.2.2	33.2	208	114	5	1	193	20	217	7.7e-19	90.5
BCW-200091_04660	gnl|TC-DB|E7BBJ3|2.A.102.4.2	42.7	131	75	0	1	131	134	264	2.1e-22	101.7
BCW-200091_04662	gnl|TC-DB|P0AFL1|3.A.1.11.2	58.0	257	108	0	12	268	16	272	3.4e-80	294.7
BCW-200091_04663	gnl|TC-DB|P31135|3.A.1.11.2	58.2	287	120	0	19	305	28	314	6.6e-96	347.1
BCW-200091_04664	gnl|TC-DB|P31134|3.A.1.11.2	48.0	200	104	0	1	200	177	376	3.6e-50	194.5
BCW-200091_04678	gnl|TC-DB|Q8F8H7|2.A.53.3.8	38.0	187	112	1	1	183	331	517	4.3e-27	117.9
BCW-200091_04686	gnl|TC-DB|C6WVE5|9.B.160.1.4	35.8	162	103	1	2	163	1	161	2.6e-22	101.7
BCW-200091_04689	gnl|TC-DB|Q9HTI6|3.A.1.12.12	51.1	305	144	3	4	307	5	305	7.0e-85	310.5
BCW-200091_04709	gnl|TC-DB|Q7NL26|3.A.1.106.12	62.0	79	30	0	1	79	495	573	6.2e-20	92.8
BCW-200091_04711	gnl|TC-DB|Q2BM69|3.A.1.17.4	55.8	276	105	2	1	259	1	276	4.7e-82	300.8
BCW-200091_04736	gnl|TC-DB|A6LW11|3.A.1.2.26	41.3	184	108	0	11	194	319	502	1.6e-37	152.5
BCW-200091_04756	gnl|TC-DB|P94400|9.B.10.1.1	29.6	409	195	13	4	358	5	374	1.4e-33	140.2
BCW-200091_04761	gnl|TC-DB|A5EC75|2.A.55.3.6	65.3	533	177	3	17	546	14	541	1.0e-192	669.5
BCW-200091_04763	gnl|TC-DB|Q1D6U5|1.B.17.2.4	42.5	273	157	0	4	276	187	459	5.0e-51	198.0
BCW-200091_04770	gnl|TC-DB|B2UGQ2|9.A.55.1.3	58.5	147	60	1	1	146	1	147	7.9e-42	166.4
BCW-200091_04773	gnl|TC-DB|P76249|2.A.76.1.5	46.2	208	107	1	7	214	6	208	3.1e-47	184.9
BCW-200091_04779	gnl|TC-DB|P0A6W3|9.B.146.1.6	51.7	389	159	5	1	389	1	360	3.5e-102	368.2
BCW-200091_04784	gnl|TC-DB|P46482|8.A.1.7.1	37.5	272	168	2	13	283	13	283	1.5e-45	179.9
BCW-200091_04790	gnl|TC-DB|Q8VM85|3.A.1.4.3	31.6	288	193	4	8	293	2	287	7.6e-33	137.5
BCW-200091_04791	gnl|TC-DB|Q92TN0|3.A.1.4.7	24.5	364	255	12	14	364	21	377	9.0e-13	71.2
BCW-200091_04792	gnl|TC-DB|P21630|3.A.1.4.8	41.6	219	127	1	21	238	2	220	1.1e-40	163.3
BCW-200091_04793	gnl|TC-DB|Q92TN3|3.A.1.4.7	38.0	250	154	1	7	255	4	253	2.1e-42	169.1
BCW-200091_04799	gnl|TC-DB|P60752|3.A.1.106.1	60.9	64	25	0	1	64	519	582	1.9e-16	80.9
BCW-200091_04805	gnl|TC-DB|Q7WZL2|1.B.1.4.3	38.7	372	211	8	15	374	8	374	2.2e-53	206.1
BCW-200091_04827	gnl|TC-DB|Q46909|2.A.1.1.95	26.4	439	307	6	27	463	7	431	8.0e-29	124.8
BCW-200091_04844	gnl|TC-DB|O27564|1.A.1.13.2	29.3	290	170	10	24	296	50	321	1.4e-18	90.1
BCW-200091_04846	gnl|TC-DB|P25737|2.A.3.1.2	71.0	183	53	0	1	183	300	482	8.3e-77	283.1
BCW-200091_04870	gnl|TC-DB|657066955|9.B.143.3.6	63.8	240	87	0	5	244	5	244	7.1e-80	293.5
BCW-200091_04883	gnl|TC-DB|Q4VWC7|3.A.1.105.4	36.9	203	128	0	6	208	169	371	5.0e-31	131.0
BCW-200091_04887	gnl|TC-DB|W0WJ90|3.A.1.5.39	63.6	324	111	2	4	324	2	321	9.2e-112	399.8
BCW-200091_04888	gnl|TC-DB|W0WMS8|3.A.1.5.39	70.6	262	77	0	1	262	42	303	4.9e-100	360.5
BCW-200091_04890	gnl|TC-DB|Q9L1B4|2.A.1.3.19	32.3	334	214	5	1	332	165	488	1.9e-30	129.8
BCW-200091_04893	gnl|TC-DB|O07002|2.A.3.11.1	58.8	515	211	1	24	537	5	519	8.9e-181	629.8
BCW-200091_04910	gnl|TC-DB|P80874|8.A.5.1.4	32.3	189	98	8	8	169	17	202	1.9e-14	76.3
BCW-200091_04913	gnl|TC-DB|P42237|2.A.1.14.1	61.8	440	162	2	19	458	13	446	1.5e-157	552.4
BCW-200091_04918	gnl|TC-DB|P0AG99|3.A.5.1.1	52.7	74	35	0	8	81	5	78	4.0e-15	77.4
BCW-200091_04919	gnl|TC-DB|O35002|9.B.174.1.1	31.6	418	248	8	1	400	1	398	1.2e-49	194.1
BCW-200091_04923	gnl|TC-DB|P0AEJ0|2.A.1.3.2	27.7	325	227	5	3	320	89	412	5.1e-26	115.2
BCW-200091_04926	gnl|TC-DB|P42512|1.B.14.1.8	63.3	665	241	3	16	678	57	720	3.0e-258	887.5
BCW-200091_04927	gnl|TC-DB|Q2PGB8|3.A.1.120.5	34.5	530	283	10	32	546	32	512	2.3e-75	279.6
BCW-200091_04930	gnl|TC-DB|A4LBD1|1.B.14.1.7	69.0	58	18	0	1	58	696	753	6.5e-21	95.5
BCW-200091_04933	gnl|TC-DB|Q9HTH6|3.A.1.12.12	49.4	316	154	2	1	315	1	311	5.4e-85	310.8
BCW-200091_04956	gnl|TC-DB|Q54806|2.A.1.3.5	26.2	271	184	5	2	266	60	320	3.8e-15	79.3
BCW-200091_04959	gnl|TC-DB|P0A2L3|9.A.40.1.2	44.5	265	141	3	24	283	23	286	5.0e-61	231.1
BCW-200091_04960	gnl|TC-DB|D4ZZR3|9.B.34.1.3	35.8	179	113	2	157	335	217	393	2.3e-23	106.3
BCW-200091_04987	gnl|TC-DB|Q9L3S5|3.A.1.4.4	40.5	378	139	4	97	389	9	385	2.9e-64	242.3
BCW-200091_04989	gnl|TC-DB|Q9X051|3.A.1.2.19	50.8	130	64	0	2	131	383	512	1.1e-31	132.5
BCW-200091_04990	gnl|TC-DB|P0AE26|3.A.1.2.2	47.6	313	161	1	23	335	19	328	1.2e-69	260.0
BCW-200091_04994	gnl|TC-DB|O51798|2.A.1.15.9	40.6	406	236	3	4	409	2	402	4.2e-85	311.6
BCW-200091_05002	gnl|TC-DB|Q9F239|2.A.6.2.42	39.1	322	195	1	1	321	143	464	1.5e-53	206.5
BCW-200091_05008	gnl|TC-DB|P0AG34|2.A.76.1.1	30.1	196	133	3	7	201	9	201	3.9e-20	94.7
BCW-200091_05042	gnl|TC-DB|P23516|2.A.52.1.1	54.2	332	150	1	9	338	19	350	8.2e-100	360.1
BCW-200091_05087	gnl|TC-DB|Q93N33|2.A.21.9.2	27.3	418	272	13	63	461	743	1147	5.4e-22	102.4
BCW-200091_05095	gnl|TC-DB|P00414|3.D.4.11.1	39.9	281	143	5	5	284	3	258	1.4e-52	203.0
BCW-200091_05106	gnl|TC-DB|Q8XWY0|1.B.46.1.3	58.4	178	69	1	3	180	41	213	5.5e-58	220.3
BCW-200091_05108	gnl|TC-DB|O85763|3.A.1.17.2	52.6	312	142	3	16	322	10	320	3.8e-86	314.7
BCW-200091_05115	gnl|TC-DB|P38523|3.A.8.1.1	34.6	136	81	2	52	179	89	224	5.2e-16	80.9
BCW-200091_05127	gnl|TC-DB|Q9HXS3|2.A.1.3.66	64.9	185	65	0	1	185	210	394	6.0e-55	210.3
BCW-200091_05134	gnl|TC-DB|O30506|3.A.1.3.11	64.5	248	87	1	15	262	4	250	6.3e-87	317.0
BCW-200091_05137	gnl|TC-DB|Q5V9S0|3.A.1.5.22	52.9	274	127	1	27	300	29	300	6.7e-77	283.9
BCW-200091_05138	gnl|TC-DB|Q5V9S1|3.A.1.5.22	48.4	312	155	1	1	312	1	306	1.6e-81	299.3
BCW-200091_05139	gnl|TC-DB|P23843|3.A.1.5.41	44.2	532	294	2	2	530	12	543	3.5e-129	458.4
BCW-200091_05141	gnl|TC-DB|P77304|2.A.17.1.2	38.9	465	275	4	1	464	31	487	3.1e-92	335.5
BCW-200091_05145	gnl|TC-DB|P35116|3.A.1.3.6	67.5	120	39	0	2	121	138	257	1.6e-42	168.3
BCW-200091_05154	gnl|TC-DB|G4QI94|1.B.48.1.5	34.1	217	131	5	8	216	11	223	3.6e-27	118.2
BCW-200091_05163	gnl|TC-DB|O51841|1.B.6.1.12	47.3	131	55	4	106	223	213	342	1.6e-19	92.8
BCW-200091_05166	gnl|TC-DB|Q7BW13|3.A.1.16.2	33.9	186	122	1	86	271	74	258	3.4e-27	118.6
BCW-200091_05167	gnl|TC-DB|Q44292|3.A.1.16.4	25.6	262	165	3	23	263	43	295	2.9e-19	92.8
BCW-200091_05204	gnl|TC-DB|Q9FI56|3.A.9.1.2	40.3	201	106	2	1	191	713	909	3.3e-37	151.8
BCW-200091_05206	gnl|TC-DB|A8YQR5|3.A.23.2.1	27.7	512	323	11	12	516	1	472	2.4e-47	187.2
BCW-200091_05208	gnl|TC-DB|Q2SV43|1.C.106.3.1	34.5	466	259	15	1	438	1	448	3.0e-51	200.3
BCW-200091_05213	gnl|TC-DB|Q6EE16|3.A.23.2.1	29.3	621	411	14	1	602	1	612	5.8e-64	241.9
BCW-200091_05219	gnl|TC-DB|P37643|2.A.1.6.10	33.1	275	175	6	5	271	135	408	8.9e-27	117.5
BCW-200091_05227	gnl|TC-DB|O32168|3.A.1.24.2	46.8	94	46	2	1	92	131	222	1.2e-16	82.0
BCW-200091_05232	gnl|TC-DB|Q9L3M3|3.A.1.4.3	33.6	268	172	5	1	265	95	359	1.2e-32	136.7
BCW-200091_05257	gnl|TC-DB|P29926|3.D.1.2.1	36.9	466	275	5	6	466	7	458	4.3e-73	271.9
BCW-200091_05258	gnl|TC-DB|P29925|3.D.1.2.1	49.5	501	235	7	6	491	4	501	2.7e-131	465.3
BCW-200091_05259	gnl|TC-DB|P29924|3.D.1.2.1	43.2	725	309	15	16	675	8	694	4.2e-143	505.0
BCW-200091_05260	gnl|TC-DB|P29923|3.D.1.2.1	71.3	101	29	0	1	101	1	101	7.8e-30	125.9
BCW-200091_05261	gnl|TC-DB|P29922|3.D.1.2.1	38.0	179	111	0	5	183	3	181	4.0e-23	104.8
BCW-200091_05262	gnl|TC-DB|Q12644|3.D.1.6.2	62.5	152	57	0	11	162	68	219	1.7e-31	132.1
BCW-200091_05263	gnl|TC-DB|Q746T2|3.D.1.5.1	47.9	330	146	6	27	347	14	326	6.0e-77	284.3
BCW-200091_05268	gnl|TC-DB|A4LTL1|1.B.19.1.2	56.8	479	200	3	15	488	28	504	1.3e-149	526.2
BCW-200091_05282	gnl|TC-DB|P21175|3.A.1.4.8	33.1	363	232	5	11	373	13	364	4.3e-52	201.8
BCW-200091_05290	gnl|TC-DB|Q9HWU4|1.B.11.3.7	43.3	815	433	13	49	843	17	822	1.6e-179	626.3
BCW-200091_05299	gnl|TC-DB|E7UC95|1.E.14.1.9	37.3	126	75	1	12	137	10	131	2.5e-14	75.1
BCW-200091_05302	gnl|TC-DB|P31474|2.A.1.3.51	37.1	455	283	2	8	462	13	464	4.5e-80	295.0
BCW-200091_05307	gnl|TC-DB|P40727|3.A.6.2.1	51.9	283	136	0	15	297	92	374	3.5e-76	281.6
BCW-200091_05311	gnl|TC-DB|P0AEQ6|3.A.1.3.2	60.3	219	86	1	1	218	1	219	7.0e-68	253.4
BCW-200091_05315	gnl|TC-DB|A6XV56|1.B.17.3.6	32.9	468	304	4	30	492	20	482	7.4e-60	228.0
BCW-200091_05319	gnl|TC-DB|Q53148|2.A.3.5.1	36.9	393	227	5	24	410	41	418	1.9e-57	219.9
BCW-200091_05353	gnl|TC-DB|Q7WZL2|1.B.1.4.3	40.9	127	64	4	15	141	259	374	1.5e-18	89.0
BCW-200091_05363	gnl|TC-DB|P55072|3.A.16.1.1	44.1	227	126	1	151	376	474	700	4.0e-55	212.6
BCW-200091_05371	gnl|TC-DB|Q88P38|3.A.1.1.30	49.5	410	192	6	18	413	20	428	1.8e-104	375.9
BCW-200091_05372	gnl|TC-DB|Q88P37|3.A.1.1.30	60.7	298	116	1	14	311	6	302	7.9e-105	376.7
BCW-200091_05373	gnl|TC-DB|Q88P36|3.A.1.1.30	65.1	284	90	2	2	285	7	281	7.7e-99	356.7
BCW-200091_05374	gnl|TC-DB|Q88P35|3.A.1.1.30	59.1	372	144	4	1	371	1	365	9.6e-118	419.9
BCW-200091_05375	gnl|TC-DB|A0M015|1.A.62.2.1	36.9	206	126	3	1	206	1	202	6.5e-31	130.6
BCW-200091_05384	gnl|TC-DB|Q9X0F3|3.A.1.5.12	56.0	141	59	2	8	148	139	276	4.4e-37	150.6
BCW-200091_05385	gnl|TC-DB|Q1LCD9|2.A.6.1.6	46.0	202	108	1	8	208	283	484	1.2e-37	152.9
BCW-200091_05386	gnl|TC-DB|P94575|2.A.39.3.4	35.0	469	287	7	30	490	10	468	1.6e-80	296.6
BCW-200091_05391	gnl|TC-DB|B9DIS8|9.B.97.5.1	27.3	363	220	12	8	348	22	362	1.1e-18	90.9
BCW-200091_05398	gnl|TC-DB|P15993|2.A.3.1.3	67.8	451	144	1	1	450	1	451	2.1e-175	611.7
BCW-200091_05400	gnl|TC-DB|P16482|2.A.1.6.1	63.9	410	147	1	12	420	25	434	1.1e-146	516.2
BCW-200091_05415	gnl|TC-DB|M3JA40|1.B.52.2.1	53.6	69	31	1	84	152	272	339	1.5e-11	66.6
BCW-200091_05432	gnl|TC-DB|P67143|2.A.95.1.5	45.3	192	104	1	6	197	5	195	1.4e-35	146.0
BCW-200091_05435	gnl|TC-DB|Q8EJD3|2.A.59.1.3	55.6	338	149	1	18	354	1	338	1.7e-95	345.9
BCW-200091_05447	gnl|TC-DB|Q9SK66|3.D.1.6.3	35.7	143	84	4	1	140	183	320	2.7e-13	72.0
BCW-200091_05458	gnl|TC-DB|V5YPB2|1.B.1.4.7	58.0	81	34	0	3	83	300	380	2.2e-22	100.9
BCW-200091_05492	gnl|TC-DB|A2P528|2.A.7.3.9	49.3	71	36	0	1	71	212	282	9.8e-13	68.9
BCW-200091_05493	gnl|TC-DB|G4NW86|2.A.76.1.7	38.3	201	121	2	9	208	10	208	7.7e-32	133.7
BCW-200091_05498	gnl|TC-DB|C6GYU4|2.A.76.1.9	35.2	176	109	2	5	177	6	179	3.9e-15	78.2
BCW-200091_05507	gnl|TC-DB|Q1LHU8|2.A.4.7.9	62.2	98	37	0	1	98	226	323	3.2e-29	124.4
BCW-200091_05513	gnl|TC-DB|Q51340|3.A.1.113.2	37.6	559	330	6	16	568	3	548	5.2e-94	341.7
BCW-200091_05514	gnl|TC-DB|Q8GRB3|3.A.1.14.8	26.8	265	168	5	5	264	49	292	3.0e-18	89.0
BCW-200091_05515	gnl|TC-DB|M3JA40|1.B.52.2.1	34.6	130	78	1	5	134	242	364	7.1e-15	77.4
BCW-200091_05522	gnl|TC-DB|B7LEG0|1.A.34.1.2	54.6	119	52	1	2	118	259	377	5.3e-33	136.7
BCW-200091_05528	gnl|TC-DB|P37652|4.D.3.1.6	36.7	98	60	2	1	97	677	773	3.3e-12	67.4
BCW-200091_05532	gnl|TC-DB|Q9RPP3|2.A.1.14.8	44.4	417	225	4	14	424	18	433	1.7e-97	352.8
BCW-200091_05534	gnl|TC-DB|Q7WZL2|1.B.1.4.3	33.4	398	233	12	7	402	7	374	6.1e-33	138.3
BCW-200091_05550	gnl|TC-DB|Q7VYJ2|1.B.12.5.7	35.9	697	362	19	474	1112	197	866	2.9e-93	340.1
BCW-200091_05555	gnl|TC-DB|P70786|2.A.1.14.3	37.6	418	252	5	10	422	19	432	7.9e-71	264.2
BCW-200091_05564	gnl|TC-DB|P42237|2.A.1.14.1	27.0	252	176	3	5	250	179	428	2.6e-16	82.4
BCW-200091_05582	gnl|TC-DB|P31552|4.C.1.1.6	30.0	473	303	15	61	517	57	517	1.5e-39	160.6
BCW-200091_05594	gnl|TC-DB|M8KG08|1.E.1.1.7	38.6	88	53	1	174	261	427	513	2.8e-12	69.3
BCW-200091_05596	gnl|TC-DB|Q0BEL4|1.E.3.1.4	92.6	94	7	0	1	94	1	94	1.2e-40	161.8
BCW-200091_05605	gnl|TC-DB|P0AAF3|3.A.1.2.2	59.7	191	76	1	4	194	315	504	6.5e-57	216.9
BCW-200091_05606	gnl|TC-DB|P0AE26|3.A.1.2.2	55.4	303	135	0	35	337	24	326	4.5e-82	301.2
BCW-200091_05615	gnl|TC-DB|P0C0S1|1.A.23.2.1	26.6	248	180	2	18	265	24	269	4.8e-24	108.2
BCW-200091_05620	gnl|TC-DB|A0B354|2.A.117.1.12	37.2	137	86	0	1	137	1	137	5.4e-21	97.1
BCW-200091_05625	gnl|TC-DB|I9WSV7|8.A.48.1.7	51.6	62	30	0	1	62	1	62	1.4e-11	64.7
BCW-200091_05631	gnl|TC-DB|G0CIY2|9.B.18.1.1	43.8	274	152	1	25	296	211	484	1.4e-66	249.6
BCW-200091_05640	gnl|TC-DB|P0A915|1.B.39.1.6	32.3	220	130	7	22	230	1	212	1.0e-21	100.1
BCW-200091_05647	gnl|TC-DB|Q2FD83|2.A.7.1.11	58.3	103	43	0	6	108	3	105	8.1e-28	119.4
BCW-200091_05648	gnl|TC-DB|P09551|3.A.1.3.1	41.3	259	147	3	1	256	1	257	1.0e-49	193.4
BCW-200091_05649	gnl|TC-DB|Q9HU30|3.A.1.3.23	43.8	224	122	1	4	223	5	228	1.2e-46	183.0
BCW-200091_05651	gnl|TC-DB|Q6EE14|3.A.23.2.1	61.4	342	130	1	1	342	528	867	4.0e-118	421.0
BCW-200091_05652	gnl|TC-DB|A8YQR7|3.A.23.2.1	34.7	366	219	5	3	366	4	351	5.8e-54	208.0
BCW-200091_05653	gnl|TC-DB|K1LZ89|1.B.6.1.14	47.8	69	36	0	142	210	569	637	1.8e-12	69.3
BCW-200091_05658	gnl|TC-DB|H3KBD2|2.A.9.3.7	45.5	569	275	10	2	550	4	557	7.6e-143	503.8
BCW-200091_05664	gnl|TC-DB|P0AAP1|9.B.34.1.2	31.9	232	148	5	223	452	147	370	1.3e-23	107.5
BCW-200091_05683	gnl|TC-DB|P31133|3.A.1.11.2	49.6	357	179	1	15	370	13	369	3.9e-103	371.3
BCW-200091_05684	gnl|TC-DB|P31134|3.A.1.11.2	56.3	371	160	1	19	387	6	376	1.0e-114	409.8
BCW-200091_05685	gnl|TC-DB|P31135|3.A.1.11.2	54.2	301	136	2	26	324	13	313	8.0e-92	333.6
BCW-200091_05710	gnl|TC-DB|P12012|2.A.8.1.1	44.9	452	239	4	8	453	1	448	5.9e-101	364.4
BCW-200091_05714	gnl|TC-DB|Q8XT32|2.A.66.1.36	57.7	454	187	2	4	454	5	456	3.0e-121	431.8
BCW-200091_05743	gnl|TC-DB|O30493|3.A.1.1.49	68.6	264	81	1	22	283	13	276	1.1e-97	352.8
BCW-200091_05744	gnl|TC-DB|O30492|3.A.1.1.49	60.8	265	103	1	1	264	28	292	8.1e-90	326.6
BCW-200091_05745	gnl|TC-DB|G3XD29|2.A.36.6.8	35.3	235	135	7	22	253	200	420	1.3e-18	90.5
BCW-200091_05755	gnl|TC-DB|Q1LJ96|9.B.27.2.4	67.1	219	68	1	54	272	1	215	1.6e-80	295.8
BCW-200091_05762	gnl|TC-DB|P36640|3.A.3.4.1	52.7	224	99	1	1	224	683	899	1.6e-62	235.7
BCW-200091_05773	gnl|TC-DB|G8WDN4|2.A.76.1.10	69.4	209	64	0	1	209	1	209	1.4e-78	288.9
BCW-200091_05774	gnl|TC-DB|P46136|2.A.7.17.2	58.8	289	119	0	4	292	3	291	6.7e-96	347.1
BCW-200091_05783	gnl|TC-DB|P0AAG8|3.A.1.2.3	47.9	188	98	0	4	191	316	503	5.6e-45	177.2
BCW-200091_05793	gnl|TC-DB|P08716|3.A.1.109.1	64.0	314	112	1	8	320	393	706	4.7e-113	404.1
BCW-200091_05794	gnl|TC-DB|P06739|8.A.1.3.1	35.6	469	296	2	10	472	10	478	1.6e-69	260.0
BCW-200091_05844	gnl|TC-DB|P04816|3.A.1.4.1	36.1	360	200	8	15	361	7	349	2.0e-46	183.0
BCW-200091_05853	gnl|TC-DB|D5CES3|2.A.7.1.10	62.5	104	39	0	1	104	1	104	1.2e-28	122.1
BCW-200091_05858	gnl|TC-DB|P24183|5.A.3.2.1	58.7	595	240	3	1	595	427	1015	6.7e-222	766.5
BCW-200091_05859	gnl|TC-DB|P0AAJ3|5.A.3.2.1	69.2	292	85	4	1	289	1	290	6.9e-122	433.3
BCW-200091_05860	gnl|TC-DB|P0AEK7|5.A.3.2.1	45.8	201	109	0	8	208	6	206	2.4e-49	191.8
BCW-200091_05862	gnl|TC-DB|X5GWN5|3.D.10.1.6	53.5	226	102	3	8	231	30	254	1.1e-71	266.2
BCW-200091_05863	gnl|TC-DB|X5H3P0|3.D.10.1.6	50.5	491	233	6	1	483	109	597	5.6e-134	474.2
BCW-200091_05870	gnl|TC-DB|P60844|1.A.8.3.1	70.1	221	66	0	5	225	3	223	1.0e-83	306.2
BCW-200091_05881	gnl|TC-DB|D4ZZR3|9.B.34.1.3	37.1	194	113	3	118	307	204	392	8.6e-27	117.5
BCW-200091_05886	gnl|TC-DB|P35114|3.A.1.3.5	46.2	93	50	0	1	93	116	208	2.1e-14	75.1
BCW-200091_05891	gnl|TC-DB|Q9L717|3.A.7.18.1	33.7	427	228	6	1	381	107	524	4.5e-60	228.4
BCW-200091_05901	gnl|TC-DB|P16482|2.A.1.6.1	30.6	252	167	5	4	252	186	432	2.8e-23	105.5
BCW-200091_05904	gnl|TC-DB|Q8TJ86|3.A.1.8.2	30.0	203	135	3	62	260	15	214	1.9e-17	86.3
BCW-200091_05906	gnl|TC-DB|P0AFT2|3.A.1.3.10	38.4	190	117	0	13	202	15	204	1.8e-31	132.5
BCW-200091_05908	gnl|TC-DB|P75797|3.A.1.5.11	26.1	514	337	16	10	510	8	491	1.3e-30	131.0
BCW-200091_05909	gnl|TC-DB|W0WN20|3.A.1.5.39	42.9	324	182	2	34	356	12	333	2.0e-64	242.7
BCW-200091_05911	gnl|TC-DB|P37643|2.A.1.6.10	34.4	424	263	7	17	431	22	439	1.2e-59	227.3
BCW-200091_05912	gnl|TC-DB|I7FD23|2.A.1.2.97	28.7	397	264	10	7	392	5	393	9.9e-23	104.4
BCW-200091_05914	gnl|TC-DB|Q848I3|2.A.23.1.10	52.4	420	200	0	9	428	10	429	5.3e-115	411.0
BCW-200091_05937	gnl|TC-DB|Q5G3L7|3.A.7.19.1	29.4	194	122	5	7	195	14	197	6.4e-12	67.4
BCW-200091_05943	gnl|TC-DB|Q9XD71|3.A.15.3.1	50.0	104	47	2	82	182	35	136	1.8e-24	109.0
BCW-200091_05952	gnl|TC-DB|P71067|2.A.14.1.3	42.6	507	254	8	1	473	60	563	1.4e-97	353.2
BCW-200091_05958	gnl|TC-DB|Q46821|2.A.40.3.3	59.7	437	175	1	2	437	14	450	6.7e-145	510.4
BCW-200091_05963	gnl|TC-DB|Q6EE20|3.A.23.2.1	50.9	466	221	4	35	495	28	490	1.8e-135	479.2
BCW-200091_05979	gnl|TC-DB|Q0HIQ8|3.A.1.2.14	51.5	272	127	3	2	271	43	311	1.9e-70	262.3
BCW-200091_05982	gnl|TC-DB|A2P528|2.A.7.3.9	43.0	298	159	5	1	295	4	293	1.2e-46	183.3
BCW-200091_05998	gnl|TC-DB|C0LZS0|1.B.1.4.2	31.8	365	221	12	4	358	8	354	3.6e-29	125.6
BCW-200091_06003	gnl|TC-DB|A9CI11|9.B.43.1.1	39.5	228	120	6	3	214	185	410	1.6e-40	162.5
BCW-200091_06016	gnl|TC-DB|Q9KN48|3.A.23.1.1	48.0	221	115	0	143	363	193	413	1.1e-51	200.7
BCW-200091_06032	gnl|TC-DB|P0ABU9|1.A.30.2.2	31.6	209	130	4	1	204	1	201	2.5e-21	99.0
BCW-200091_06033	gnl|TC-DB|Q1D0D2|1.A.30.2.7	41.7	127	74	0	16	142	13	139	7.1e-21	96.7
BCW-200091_06038	gnl|TC-DB|B7FYG1|3.A.25.1.1	30.4	161	92	4	11	158	473	626	7.4e-13	70.9
BCW-200091_06039	gnl|TC-DB|P08839|8.A.7.1.1	38.7	568	332	4	5	564	2	561	5.3e-102	368.2
BCW-200091_06041	gnl|TC-DB|Q1CY66|4.A.6.1.12	32.3	130	85	2	1	128	1	129	1.1e-11	66.2
BCW-200091_06044	gnl|TC-DB|O67997|1.A.11.1.4	65.7	402	120	2	1	395	47	437	1.7e-141	498.8
BCW-200091_06054	gnl|TC-DB|B2GH49|9.B.160.1.10	33.1	178	99	7	5	174	225	390	7.1e-12	68.2
BCW-200091_06058	gnl|TC-DB|B7LEG0|1.A.34.1.2	50.6	77	38	0	1	77	301	377	2.7e-17	84.0
BCW-200091_06061	gnl|TC-DB|O50471|2.A.21.7.1	57.2	523	221	1	36	558	1	520	3.8e-166	581.3
BCW-200091_06062	gnl|TC-DB|E0LV84|2.A.85.1.4	25.0	592	395	11	35	603	10	575	1.6e-20	97.8
BCW-200091_06064	gnl|TC-DB|P03960|3.A.3.7.1	83.6	244	40	0	9	252	437	680	3.7e-105	377.5
BCW-200091_06070	gnl|TC-DB|P76230|2.A.1.1.115	28.5	383	240	10	104	470	70	434	2.1e-32	136.7
BCW-200091_06077	gnl|TC-DB|O24842|2.A.1.15.6	47.1	414	217	1	1	414	1	412	1.1e-99	360.1
BCW-200091_06078	gnl|TC-DB|V5YPB2|1.B.1.4.7	43.3	379	192	7	8	368	7	380	1.1e-76	283.5
BCW-200091_06080	gnl|TC-DB|Q21EL3|1.B.14.1.24	27.6	675	428	19	83	722	51	699	4.4e-50	196.1
BCW-200091_06083	gnl|TC-DB|Q9L3M3|3.A.1.4.3	35.2	372	226	6	11	379	4	363	1.2e-46	183.7
BCW-200091_06091	gnl|TC-DB|E1THQ6|9.B.164.1.3	31.2	589	342	16	15	563	19	584	2.6e-66	249.6
BCW-200091_06105	gnl|TC-DB|P69451|4.C.1.1.4	28.7	540	341	12	2	507	23	552	1.5e-57	220.3
BCW-200091_06115	gnl|TC-DB|P72827|3.A.1.10.2	39.6	346	192	6	11	345	20	359	2.0e-61	232.6
BCW-200091_06129	gnl|TC-DB|P32482|2.A.1.2.3	49.6	371	186	1	9	378	8	378	7.7e-92	334.0
BCW-200091_06131	gnl|TC-DB|Q45082|2.A.1.6.5	32.1	165	112	0	5	169	279	443	1.1e-20	96.3
BCW-200091_06134	gnl|TC-DB|P07775|2.A.46.1.1	58.5	386	160	0	10	395	5	390	2.0e-121	432.2
BCW-200091_06139	gnl|TC-DB|P0A6E6|3.A.2.1.1	60.4	96	38	0	3	98	4	99	3.5e-28	120.9
BCW-200091_06140	gnl|TC-DB|P0ABB4|3.A.2.1.1	80.9	460	86	2	6	463	1	460	8.4e-212	732.6
BCW-200091_06141	gnl|TC-DB|P0ABA6|3.A.2.1.1	55.0	291	127	2	1	291	1	287	5.1e-82	300.8
BCW-200091_06142	gnl|TC-DB|P0ABB0|3.A.2.1.1	69.2	513	158	0	1	513	1	513	1.8e-202	701.8
BCW-200091_06143	gnl|TC-DB|A1B8N7|3.A.2.1.7	31.6	174	118	1	5	177	11	184	2.1e-14	75.5
BCW-200091_06144	gnl|TC-DB|P0ABA0|3.A.2.1.1	50.0	156	78	0	1	156	1	156	3.9e-12	67.8
BCW-200091_06146	gnl|TC-DB|P0AB98|3.A.2.1.1	49.5	281	116	7	12	283	8	271	6.3e-61	230.7
BCW-200091_06148	gnl|TC-DB|P75788|2.A.45.2.5	41.6	363	212	0	12	374	5	367	1.6e-59	226.5
BCW-200091_06154	gnl|TC-DB|Q6N8W2|3.A.1.4.11	59.2	238	90	2	8	245	4	234	1.2e-71	266.2
BCW-200091_06155	gnl|TC-DB|Q6N8W1|3.A.1.4.11	65.8	234	80	0	1	234	356	589	1.9e-82	302.0
BCW-200091_06171	gnl|TC-DB|Q65DD1|3.A.1.131.2	32.2	177	116	3	10	185	14	187	8.5e-15	77.0
BCW-200091_06172	gnl|TC-DB|P0AB67|3.D.2.1.1	71.0	169	49	0	4	172	294	462	8.9e-66	246.1
BCW-200091_06175	gnl|TC-DB|Q9HXW4|2.A.6.2.17	54.3	741	337	2	2	741	283	1022	1.7e-209	725.7
BCW-200091_06177	gnl|TC-DB|A8AGW0|2.A.49.5.4	39.8	266	159	1	9	273	145	410	5.5e-45	178.3
BCW-200091_06188	gnl|TC-DB|O86513|2.A.7.3.43	36.4	280	165	3	5	279	4	275	1.9e-34	142.9
BCW-200091_06203	gnl|TC-DB|O85763|3.A.1.17.2	42.9	303	168	4	6	306	2	301	1.4e-59	226.5
BCW-200091_06209	gnl|TC-DB|Q5W7C1|3.A.1.139.1	34.1	232	146	3	16	247	40	264	7.9e-29	124.0
BCW-200091_06210	gnl|TC-DB|Q1J1H5|2.A.23.1.9	54.8	418	188	1	1	418	1	417	3.9e-118	421.4
BCW-200091_06214	gnl|TC-DB|D1QCY9|2.A.1.3.35	34.6	280	180	2	148	426	541	818	3.4e-40	162.5
BCW-200091_06228	gnl|TC-DB|P17315|1.B.14.1.4	24.1	693	415	21	55	720	31	639	3.9e-25	113.2
BCW-200091_06231	gnl|TC-DB|D5QHE9|9.B.62.5.2	36.1	155	91	3	1	152	34	183	1.1e-16	82.8
BCW-200091_06242	gnl|TC-DB|Q9HY55|4.A.2.1.17	36.3	201	119	5	20	218	740	933	1.3e-21	99.8
BCW-200091_06268	gnl|TC-DB|P0AG90|2.A.6.4.1	45.4	628	311	10	1	610	2	615	1.1e-132	470.3
BCW-200091_06269	gnl|TC-DB|P0AG93|2.A.6.4.1	39.1	307	185	2	7	311	14	320	6.6e-59	224.2
BCW-200091_06274	gnl|TC-DB|P76460|2.A.73.1.1	66.8	440	146	0	1	440	1	440	1.1e-168	589.3
BCW-200091_06281	gnl|TC-DB|P0AEU0|3.A.1.3.29	50.2	257	127	1	8	263	3	259	9.7e-72	266.5
BCW-200091_06292	gnl|TC-DB|A8YQR5|3.A.23.2.1	29.1	499	315	14	16	507	6	472	5.3e-47	186.0
BCW-200091_06300	gnl|TC-DB|P94369|2.A.39.1.5	40.4	374	217	5	1	372	68	437	1.2e-70	263.5
BCW-200091_06316	gnl|TC-DB|E1WDB9|1.B.40.2.5	32.3	220	102	4	538	753	1285	1461	2.9e-20	97.1
BCW-200091_06328	gnl|TC-DB|Q9HTI6|3.A.1.12.12	46.0	300	162	0	19	318	10	309	7.6e-79	290.4
BCW-200091_06329	gnl|TC-DB|Q7WZL2|1.B.1.4.3	35.5	383	214	11	13	379	9	374	3.6e-43	172.2
BCW-200091_06345	gnl|TC-DB|Q8DQH7|3.A.1.4.10	50.9	234	115	0	4	237	2	235	3.8e-67	251.1
BCW-200091_06346	gnl|TC-DB|Q8DQH8|3.A.1.4.10	50.4	248	122	1	8	254	4	251	1.3e-65	246.1
BCW-200091_06347	gnl|TC-DB|P21628|3.A.1.4.8	43.2	361	152	8	18	367	89	407	1.6e-59	226.5
BCW-200091_06348	gnl|TC-DB|P21627|3.A.1.4.8	47.9	307	146	4	4	309	7	300	8.9e-64	240.4
BCW-200091_06370	gnl|TC-DB|P94369|2.A.39.1.5	37.7	443	267	7	12	451	3	439	1.2e-77	287.0
BCW-200091_06374	gnl|TC-DB|Q83XH1|3.A.1.121.4	45.0	527	287	3	1	526	1	525	3.8e-136	481.5
BCW-200091_06377	gnl|TC-DB|Q66DP5|5.B.1.3.1	31.0	313	206	7	26	334	22	328	7.2e-35	144.4
BCW-200091_06382	gnl|TC-DB|Q04064|1.B.1.4.1	38.8	227	110	5	7	204	5	231	1.2e-30	130.6
BCW-200091_06386	gnl|TC-DB|P0A9T8|3.A.1.122.15	51.7	60	29	0	1	60	168	227	6.2e-12	65.9
BCW-200091_06403	gnl|TC-DB|O31199|2.A.3.1.9	37.0	443	272	3	25	460	5	447	4.8e-74	275.0
BCW-200091_06404	gnl|TC-DB|Q9SXJ7|3.A.9.1.2	39.0	815	391	14	16	744	132	926	8.3e-156	547.4
BCW-200091_06413	gnl|TC-DB|P75799|3.A.1.5.11	70.0	283	85	0	13	295	20	302	7.0e-111	396.7
BCW-200091_06414	gnl|TC-DB|P75798|3.A.1.5.11	76.6	256	60	0	1	256	51	306	1.5e-106	382.1
BCW-200091_06419	gnl|TC-DB|Q6EE16|3.A.23.2.1	38.1	402	239	5	11	405	215	613	9.6e-79	290.4
BCW-200091_06435	gnl|TC-DB|O30513|2.A.1.15.5	33.9	186	122	1	9	194	248	432	4.7e-24	107.8
BCW-200091_06442	gnl|TC-DB|P07001|3.D.2.1.1	52.9	359	151	3	1	358	168	509	6.7e-92	334.0
BCW-200091_06453	gnl|TC-DB|P0AF52|2.A.40.7.5	73.6	110	29	0	2	111	340	449	5.0e-38	153.3
BCW-200091_06455	gnl|TC-DB|P42512|1.B.14.1.8	34.1	744	423	22	10	724	15	720	1.4e-91	334.0
BCW-200091_06456	gnl|TC-DB|P06972|3.A.1.14.3	43.2	651	360	5	20	667	12	655	1.1e-127	453.8
BCW-200091_06458	gnl|TC-DB|P07821|3.A.1.14.3	54.5	253	115	0	22	274	11	263	4.4e-75	277.7
BCW-200091_06459	gnl|TC-DB|Q51340|3.A.1.113.2	37.4	537	330	3	4	537	12	545	1.0e-86	317.4
BCW-200091_06470	gnl|TC-DB|Q1LCD9|2.A.6.1.6	45.6	171	92	1	2	171	316	486	4.5e-30	127.5
BCW-200091_06474	gnl|TC-DB|P37621|2.A.1.46.7	51.0	388	190	0	6	393	6	393	1.5e-95	346.3
BCW-200091_06477	gnl|TC-DB|Q2G506|3.A.1.210.11	40.9	403	214	5	4	399	223	608	1.7e-72	269.6
BCW-200091_06492	gnl|TC-DB|O50181|3.A.1.3.11	46.8	248	132	0	7	254	4	251	1.0e-60	229.9
BCW-200091_06494	gnl|TC-DB|Q0PBV6|9.A.40.2.2	31.9	445	286	8	4	446	23	452	5.0e-60	228.4
BCW-200091_06508	gnl|TC-DB|Q9HVI9|2.A.6.2.15	60.0	185	74	0	1	185	837	1021	6.4e-58	220.3
BCW-200091_06512	gnl|TC-DB|B7LEG0|1.A.34.1.2	58.0	112	45	1	1	110	268	379	7.0e-32	132.9
BCW-200091_06524	gnl|TC-DB|Q9HT68|3.A.1.24.5	39.7	232	138	2	19	249	4	234	8.1e-37	150.6
BCW-200091_06538	gnl|TC-DB|C0LZS0|1.B.1.4.2	29.5	258	148	9	10	252	10	248	4.4e-17	85.5
BCW-200091_06548	gnl|TC-DB|P0AFV2|9.B.20.1.4	49.4	154	75	2	6	159	4	154	1.1e-31	133.3
BCW-200091_06554	gnl|TC-DB|Q9K0M2|2.A.111.1.2	60.1	459	176	4	20	474	13	468	6.3e-146	513.8
BCW-200091_06567	gnl|TC-DB|P31552|4.C.1.1.6	26.4	512	349	11	33	533	17	511	1.7e-38	157.1
BCW-200091_06577	gnl|TC-DB|Q45068|2.A.25.1.5	48.2	471	230	7	1	470	1	458	4.3e-113	404.8
BCW-200091_06588	gnl|TC-DB|Q1M7Q2|3.A.1.11.6	37.4	230	144	0	19	248	11	240	4.9e-42	167.9
BCW-200091_06589	gnl|TC-DB|Q1M7Q3|3.A.1.11.6	43.3	238	134	1	173	410	45	281	6.9e-48	188.0
BCW-200091_06604	gnl|TC-DB|P09348|1.A.30.1.1	64.1	284	102	0	1	284	1	284	1.1e-100	362.8
BCW-200091_06629	gnl|TC-DB|W0WQF0|3.A.1.5.39	62.9	531	191	3	1	531	1	525	1.4e-194	675.6
BCW-200091_06640	gnl|TC-DB|A0ZUB1|3.A.1.122.12	66.8	389	129	0	1	389	263	651	1.8e-146	515.4
BCW-200091_06650	gnl|TC-DB|Q02P42|2.A.117.1.2	56.6	145	63	0	4	148	23	167	4.5e-42	167.2
BCW-200091_06656	gnl|TC-DB|P70786|2.A.1.14.3	61.8	432	162	2	4	435	21	449	7.8e-151	530.0
BCW-200091_06658	gnl|TC-DB|P44669|9.A.41.1.1	50.6	156	76	1	1	155	461	616	1.0e-33	139.4
BCW-200091_06673	gnl|TC-DB|O50455|1.A.35.3.5	32.0	337	212	3	2	325	34	366	1.6e-47	186.4
BCW-200091_06699	gnl|TC-DB|P09551|3.A.1.3.1	53.7	259	120	0	1	259	1	259	4.0e-78	287.7
BCW-200091_06712	gnl|TC-DB|O51918|2.A.1.3.24	44.3	122	67	1	1	121	258	379	2.3e-23	104.8
BCW-200091_06713	gnl|TC-DB|Q9KIH3|2.A.1.3.18	39.5	501	301	2	16	515	15	514	6.6e-96	347.8
BCW-200091_06715	gnl|TC-DB|R7QS55|3.A.1.17.9	45.4	205	111	1	77	280	529	733	5.3e-44	174.5
BCW-200091_06722	gnl|TC-DB|P40290|3.A.6.1.1	27.4	270	177	9	138	396	128	389	1.7e-14	77.0
BCW-200091_06734	gnl|TC-DB|Q42524|4.C.1.1.7	39.6	169	101	1	3	170	387	555	1.6e-33	139.0
BCW-200091_06738	gnl|TC-DB|Q1D0D3|1.A.30.2.7	32.3	217	137	3	7	215	22	236	1.4e-21	99.8
BCW-200091_06739	gnl|TC-DB|Q82VI7|1.B.14.1.10	25.9	690	434	27	11	658	151	805	4.6e-41	166.0
BCW-200091_06813	gnl|TC-DB|Q7CQ74|3.A.1.5.24	48.5	361	170	1	1	345	1	361	1.7e-100	362.5
BCW-200091_06819	gnl|TC-DB|Q9HY88|2.A.6.2.34	32.0	469	303	8	12	477	9	464	1.4e-39	160.6
BCW-200091_06834	gnl|TC-DB|P98002|3.D.4.6.1	52.8	551	232	7	9	535	4	550	9.8e-156	546.6
BCW-200091_06841	gnl|TC-DB|Q5ZYB5|3.A.7.9.1	29.4	211	146	3	3	211	186	395	1.6e-17	86.3
BCW-200091_06844	gnl|TC-DB|B1HGV3|9.B.211.1.1	51.6	318	138	4	7	315	8	318	2.0e-76	282.3
BCW-200091_06851	gnl|TC-DB|P25737|2.A.3.1.2	64.0	478	172	0	9	486	4	481	3.8e-181	630.9
BCW-200091_06856	gnl|TC-DB|A8YQR5|3.A.23.2.1	38.4	505	300	7	2	502	7	504	6.3e-100	361.7
BCW-200091_06887	gnl|TC-DB|P24010|3.D.4.4.1	43.3	342	177	4	1	340	188	514	6.4e-80	294.3
BCW-200091_06906	gnl|TC-DB|Q92NF1|3.A.1.5.17	36.3	499	297	7	41	528	41	529	7.8e-81	297.7
BCW-200091_06968	gnl|TC-DB|P0AAP1|9.B.34.1.2	26.0	181	119	2	388	561	193	365	8.2e-16	82.4
BCW-200091_06972	gnl|TC-DB|Q8NRW1|3.A.1.4.5	36.2	367	228	5	2	366	51	413	3.6e-59	225.3
BCW-200091_06977	gnl|TC-DB|Q45409|8.A.3.3.3	32.8	729	466	11	12	726	3	721	2.5e-93	339.7
BCW-200091_06993	gnl|TC-DB|P39196|2.A.1.42.1	38.2	419	220	6	3	417	14	397	1.2e-66	250.4
BCW-200091_07000	gnl|TC-DB|Q8KZQ6|3.A.1.17.2	55.9	93	34	2	1	92	183	269	8.8e-20	92.4
BCW-200091_07002	gnl|TC-DB|P0AGH1|3.A.1.105.16	63.1	374	138	0	1	374	1	374	1.5e-126	449.1
BCW-200091_07013	gnl|TC-DB|P39328|3.A.1.2.25	56.0	91	40	0	1	91	248	338	5.2e-16	80.1
BCW-200091_07023	gnl|TC-DB|R7QS55|3.A.1.17.9	32.8	460	267	5	1	420	276	733	2.8e-65	245.7
BCW-200091_07026	gnl|TC-DB|P31122|2.A.1.2.15	49.7	374	184	1	3	376	2	371	3.3e-95	345.1
BCW-200091_07044	gnl|TC-DB|M3JA40|1.B.52.2.1	50.7	73	36	0	358	430	289	361	4.4e-12	69.3
BCW-200091_07057	gnl|TC-DB|Q8VM88|2.A.21.4.1	55.2	487	191	7	1	476	5	475	8.9e-130	460.3
BCW-200091_07061	gnl|TC-DB|P94575|2.A.39.3.4	33.0	460	303	3	32	488	10	467	7.4e-68	254.6
BCW-200091_07071	gnl|TC-DB|P31133|3.A.1.11.2	46.9	356	186	2	18	370	13	368	3.1e-92	335.1
BCW-200091_07074	gnl|TC-DB|Q9X050|3.A.1.2.19	46.0	187	96	1	1	182	144	330	2.4e-37	151.8
BCW-200091_07079	gnl|TC-DB|P33915|3.A.1.5.21	54.4	125	57	0	1	125	212	336	2.9e-35	144.4
BCW-200091_07105	gnl|TC-DB|P0A9X4|9.B.157.1.3	71.9	345	91	3	6	347	6	347	3.5e-138	487.6
BCW-200091_07125	gnl|TC-DB|P0C0L7|2.A.1.6.4	50.9	456	219	2	22	473	9	463	3.0e-135	478.4
BCW-200091_07129	gnl|TC-DB|P07658|3.D.1.9.2	26.7	371	228	8	135	490	61	402	4.7e-37	152.9
BCW-200091_07139	gnl|TC-DB|Q9RPP3|2.A.1.14.8	43.0	402	228	1	10	411	26	426	9.3e-83	303.9
BCW-200091_07156	gnl|TC-DB|P46349|2.A.3.1.5	52.3	455	208	3	2	455	4	450	2.3e-124	442.2
BCW-200091_07158	gnl|TC-DB|O31199|2.A.3.1.9	69.0	451	134	2	2	449	5	452	2.0e-173	605.1
BCW-200091_07174	gnl|TC-DB|Q9HV74|2.A.21.9.1	29.9	251	145	7	261	499	726	957	1.4e-19	94.4
BCW-200091_07194	gnl|TC-DB|Q9HXW4|2.A.6.2.17	41.1	1019	590	3	4	1014	3	1019	1.3e-217	753.1
BCW-200091_07203	gnl|TC-DB|P77239|2.A.6.1.4	46.3	82	44	0	7	88	320	401	2.3e-11	65.5
BCW-200091_07216	gnl|TC-DB|Q2J9P5|3.A.1.125.3	56.2	96	42	0	2	97	184	279	3.1e-23	104.0
BCW-200091_07219	gnl|TC-DB|P0AGI1|3.A.1.2.1	53.4	58	27	0	1	58	263	320	4.0e-13	69.7
BCW-200091_07231	gnl|TC-DB|O50471|2.A.21.7.1	51.1	180	88	0	1	180	341	520	2.1e-41	165.2
BCW-200091_07232	gnl|TC-DB|Q01857|2.A.23.1.3	66.0	427	144	1	3	429	15	440	3.0e-155	544.7
BCW-200091_07235	gnl|TC-DB|Q9HT68|3.A.1.24.5	49.2	260	131	1	6	264	1	260	2.6e-64	241.9
BCW-200091_07236	gnl|TC-DB|Q9HT69|3.A.1.24.5	48.1	208	104	1	10	217	22	225	5.4e-44	174.1
BCW-200091_07237	gnl|TC-DB|P30750|3.A.1.24.1	52.2	343	164	0	1	343	1	343	4.9e-92	334.3
BCW-200091_07254	gnl|TC-DB|O07221|9.B.20.1.2	31.1	151	102	1	1	151	81	229	3.4e-16	81.3
BCW-200091_07268	gnl|TC-DB|Q7WZL2|1.B.1.4.3	30.9	405	238	10	1	394	1	374	1.4e-37	153.7
BCW-200091_07270	gnl|TC-DB|P75853|3.A.1.17.10	31.0	287	189	5	24	305	10	292	2.4e-27	119.4
BCW-200091_07274	gnl|TC-DB|P94400|9.B.10.1.1	47.5	413	187	6	5	412	4	391	8.1e-100	360.5
BCW-200091_07278	gnl|TC-DB|P75905|4.D.1.1.3	50.2	406	199	2	13	415	33	438	9.6e-114	406.8
BCW-200091_07280	gnl|TC-DB|J7J9I3|1.B.55.1.2	89.4	625	66	0	38	662	276	900	0.0e+00	1132.5
BCW-200091_07283	gnl|TC-DB|O32142|9.B.35.2.1	45.6	114	53	3	5	112	4	114	1.3e-20	95.5
BCW-200091_07292	gnl|TC-DB|P77735|8.A.5.1.6	34.9	324	190	9	13	327	1	312	1.5e-40	163.3
BCW-200091_07293	gnl|TC-DB|Q55534|3.A.1.10.2	53.2	124	58	0	2	125	423	546	8.2e-27	116.3
BCW-200091_07296	gnl|TC-DB|P31125|2.A.7.3.2	51.0	288	135	2	2	283	1	288	1.3e-72	269.6
BCW-200091_07300	gnl|TC-DB|O50453|3.A.1.1.31	28.9	253	178	2	43	294	9	260	5.7e-15	78.2
BCW-200091_07305	gnl|TC-DB|Q8EDM8|1.B.14.8.4	23.5	710	472	20	65	730	50	732	3.7e-36	149.8
BCW-200091_07306	gnl|TC-DB|Q4VSJ3|2.A.6.2.20	46.2	353	188	1	8	358	2	354	8.2e-80	293.9
BCW-200091_07307	gnl|TC-DB|Q4VSJ4|2.A.6.2.20	61.9	1021	386	2	3	1022	10	1028	0.0e+00	1152.9
BCW-200091_07308	gnl|TC-DB|B2FLY6|2.A.6.2.14	36.5	471	281	8	23	486	3	462	3.9e-58	222.2
BCW-200091_07335	gnl|TC-DB|F4LXP4|8.A.59.2.1	28.9	246	152	6	136	360	252	495	2.1e-16	83.2
BCW-200091_07341	gnl|TC-DB|P29919|3.D.1.2.1	53.4	116	54	0	3	118	5	120	1.4e-30	128.6
BCW-200091_07342	gnl|TC-DB|Q42577|3.D.1.6.3	85.2	142	21	0	11	152	67	208	4.0e-73	270.4
BCW-200091_07343	gnl|TC-DB|P29917|3.D.1.2.1	51.0	157	69	2	24	180	28	176	5.7e-40	160.6
BCW-200091_07344	gnl|TC-DB|P17694|3.D.1.6.1	61.1	414	134	2	4	417	77	463	8.8e-152	533.1
BCW-200091_07345	gnl|TC-DB|Q56221|3.D.1.3.1	38.7	150	89	1	10	159	11	157	5.2e-28	120.6
BCW-200091_07346	gnl|TC-DB|Q56222|3.D.1.3.1	50.4	399	192	5	21	416	26	421	3.6e-116	414.8
BCW-200091_07366	gnl|TC-DB|Q1D0D2|1.A.30.2.7	31.7	126	86	0	14	139	13	138	4.4e-15	77.4
BCW-200091_07397	gnl|TC-DB|P76397|8.A.1.6.2	47.9	303	158	0	1	303	88	390	5.3e-78	287.7
BCW-200091_07398	gnl|TC-DB|Q1M7Q3|3.A.1.11.6	42.7	110	63	0	1	110	173	282	3.4e-16	80.9
BCW-200091_07406	gnl|TC-DB|P72121|1.B.14.4.1	60.9	596	224	4	1	588	125	719	7.4e-213	736.5
BCW-200091_07414	gnl|TC-DB|Q3J5F6|3.D.4.6.2	40.0	120	58	3	7	124	157	264	8.7e-15	76.3
BCW-200091_07425	gnl|TC-DB|B2D7K2|3.A.23.1.1	29.6	257	148	10	82	329	262	494	3.9e-16	83.2
BCW-200091_07427	gnl|TC-DB|P0AGM9|2.A.40.4.2	49.6	460	226	2	4	462	8	462	9.5e-115	410.2
BCW-200091_07433	gnl|TC-DB|U7QRY9|1.C.39.8.3	38.5	109	64	1	171	279	241	346	1.0e-15	80.5
BCW-200091_07439	gnl|TC-DB|P75797|3.A.1.5.11	52.1	146	69	1	2	147	368	512	3.3e-37	151.0
BCW-200091_07470	gnl|TC-DB|Q7WZL2|1.B.1.4.3	37.5	400	211	11	1	387	1	374	8.1e-51	197.6
BCW-200091_07472	gnl|TC-DB|O86574|3.A.1.5.34	57.3	75	32	0	1	75	212	286	3.2e-19	90.5
BCW-200091_07482	gnl|TC-DB|Q9KKE3|3.A.1.12.6	49.6	230	114	1	11	238	117	346	1.6e-65	245.7
BCW-200091_07485	gnl|TC-DB|Q8XEV7|2.A.1.7.5	52.1	424	199	4	1	423	1	421	7.4e-112	400.6
BCW-200091_07489	gnl|TC-DB|G4NW86|2.A.76.1.7	36.0	211	132	1	1	211	1	208	1.0e-31	133.3
BCW-200091_07509	gnl|TC-DB|Q5K698|3.A.7.11.1	39.5	243	132	9	1	238	1	233	2.6e-39	158.7
BCW-200091_07540	gnl|TC-DB|P42237|2.A.1.14.1	28.0	193	133	2	17	209	244	430	2.2e-13	72.4
BCW-200091_07543	gnl|TC-DB|C4ZZU4|2.A.1.14.40	28.4	296	179	9	2	275	144	428	6.7e-21	97.8
BCW-200091_07561	gnl|TC-DB|P77223|3.D.6.1.4	52.0	100	47	1	7	105	36	135	1.1e-23	107.1
