BCW-201819_00017	gnl|TC-DB|P08005|3.A.1.5.1	100.0	59	0	0	1	59	248	306	3.2e-15	76.6
BCW-201819_00018	gnl|TC-DB|Q07733|3.A.1.5.10	48.6	105	53	1	1	104	161	265	1.4e-20	95.5
BCW-201819_00022	gnl|TC-DB|P76142|3.A.1.2.8	75.6	90	22	0	1	90	251	340	2.2e-36	147.5
BCW-201819_00028	gnl|TC-DB|Q7A3S4|2.A.1.3.61	41.2	410	237	2	29	438	13	418	8.1e-80	294.3
BCW-201819_00031	gnl|TC-DB|Q8NSN1|3.A.1.24.4	40.1	262	150	5	56	314	42	299	1.0e-43	173.7
BCW-201819_00032	gnl|TC-DB|Q8NSN2|3.A.1.24.4	56.5	322	137	3	5	326	25	343	8.4e-92	333.6
BCW-201819_00033	gnl|TC-DB|Q8NSN3|3.A.1.24.4	49.7	155	78	0	69	223	68	222	8.8e-34	140.2
BCW-201819_00035	gnl|TC-DB|P31474|2.A.1.3.51	35.3	450	277	6	4	445	15	458	1.7e-63	240.0
BCW-201819_00053	gnl|TC-DB|T5KMB8|2.A.1.2.94	28.4	419	289	7	12	422	30	445	1.6e-39	160.2
BCW-201819_00058	gnl|TC-DB|Q9LA76|2.A.1.71.1	33.2	382	248	4	11	391	22	397	9.7e-34	141.0
BCW-201819_00069	gnl|TC-DB|I6YB99|1.C.109.1.4	51.7	240	106	4	15	250	6	239	8.4e-50	193.7
BCW-201819_00076	gnl|TC-DB|P31224|2.A.6.2.2	82.9	41	7	0	1	41	1008	1048	6.9e-15	75.1
BCW-201819_00093	gnl|TC-DB|O51924|3.A.1.1.7	27.7	274	187	6	35	302	25	293	6.5e-20	94.7
BCW-201819_00094	gnl|TC-DB|Q72H66|3.A.1.1.25	35.3	286	168	6	37	316	5	279	2.7e-36	149.1
BCW-201819_00103	gnl|TC-DB|Q2J9P5|3.A.1.125.3	51.3	230	110	1	8	237	59	286	6.3e-57	217.2
BCW-201819_00114	gnl|TC-DB|P13738|2.A.33.1.1	39.9	361	198	7	13	361	16	369	5.0e-56	214.9
BCW-201819_00137	gnl|TC-DB|Q9XIA9|4.C.1.1.14	21.6	536	335	18	488	968	44	549	4.3e-14	77.0
BCW-201819_00139	gnl|TC-DB|Q3C2E8|9.B.76.1.1	66.7	444	145	2	4	444	2	445	9.8e-161	563.1
BCW-201819_00144	gnl|TC-DB|P66842|3.A.5.2.2	50.0	288	139	3	6	289	136	422	8.1e-72	266.9
BCW-201819_00145	gnl|TC-DB|F0N2E7|2.A.109.1.2	37.5	325	171	7	10	321	15	320	2.1e-50	196.1
BCW-201819_00165	gnl|TC-DB|G7U9A2|1.A.43.1.3	47.5	122	61	2	41	161	15	134	6.0e-22	100.5
BCW-201819_00175	gnl|TC-DB|O50453|3.A.1.1.31	47.8	268	136	2	37	303	10	274	1.5e-60	229.6
BCW-201819_00176	gnl|TC-DB|Q9R9Q6|3.A.1.1.17	41.5	301	162	5	28	321	23	316	1.9e-56	216.1
BCW-201819_00177	gnl|TC-DB|G4FGN8|3.A.1.1.41	34.4	375	232	8	57	420	35	406	1.2e-47	187.2
BCW-201819_00199	gnl|TC-DB|Q9S3K0|2.A.1.20.4	29.8	339	228	4	27	358	24	359	9.7e-23	104.4
BCW-201819_00214	gnl|TC-DB|Q42524|4.C.1.1.7	24.9	337	211	9	196	524	203	505	1.1e-13	75.5
BCW-201819_00227	gnl|TC-DB|P28249|9.B.22.2.1	44.4	99	55	0	1	99	518	616	1.0e-21	99.0
BCW-201819_00244	gnl|TC-DB|A1S2A8|2.A.21.3.8	24.3	531	346	18	12	510	1	507	4.3e-21	99.4
BCW-201819_00264	gnl|TC-DB|C5C6P3|2.A.1.24.5	45.2	456	217	7	43	493	1	428	4.0e-82	302.0
BCW-201819_00280	gnl|TC-DB|Q8RJU8|3.A.1.1.18	35.0	294	185	3	2	292	17	307	5.6e-44	174.5
BCW-201819_00281	gnl|TC-DB|Q72H67|3.A.1.1.25	34.9	278	175	3	52	327	12	285	1.8e-38	156.4
BCW-201819_00288	gnl|TC-DB|Q7AKP1|3.A.1.1.44	29.5	322	204	8	42	346	36	351	7.3e-26	114.8
BCW-201819_00289	gnl|TC-DB|Q00750|3.A.1.1.28	28.0	279	193	3	41	317	15	287	9.8e-26	114.0
BCW-201819_00290	gnl|TC-DB|Q8RJU8|3.A.1.1.18	27.1	292	207	4	4	290	17	307	1.2e-25	113.6
BCW-201819_00294	gnl|TC-DB|P69451|4.C.1.1.4	31.4	516	310	12	39	516	49	558	1.8e-53	206.8
BCW-201819_00297	gnl|TC-DB|P37653|4.D.3.1.6	37.3	249	135	7	31	263	204	447	2.3e-37	153.7
BCW-201819_00301	gnl|TC-DB|O00571|1.I.1.1.3	39.4	371	201	6	17	364	179	548	5.4e-62	235.3
BCW-201819_00303	gnl|TC-DB|O69070|2.A.1.3.29	43.3	443	243	2	18	456	2	440	7.6e-100	361.3
BCW-201819_00316	gnl|TC-DB|P63183|2.A.72.1.1	41.0	629	358	7	25	652	6	622	8.6e-130	460.7
BCW-201819_00321	gnl|TC-DB|P07658|3.D.1.9.2	27.9	755	455	25	42	775	4	690	7.7e-75	278.5
BCW-201819_00353	gnl|TC-DB|P33950|3.A.1.5.27	31.2	468	294	7	70	510	69	535	2.3e-53	206.5
BCW-201819_00354	gnl|TC-DB|P42062|3.A.1.5.20	34.6	312	198	2	7	312	4	315	1.3e-49	193.4
BCW-201819_00355	gnl|TC-DB|W0WMS8|3.A.1.5.39	33.0	273	177	1	24	290	25	297	3.2e-39	158.7
BCW-201819_00356	gnl|TC-DB|P76027|3.A.1.5.41	46.8	316	165	3	7	322	19	331	7.4e-77	283.9
BCW-201819_00357	gnl|TC-DB|O86575|3.A.1.5.34	45.9	318	158	4	5	314	33	344	3.6e-73	271.9
BCW-201819_00358	gnl|TC-DB|P26902|3.A.1.5.2	29.2	271	181	6	1	267	1	264	3.8e-26	115.2
BCW-201819_00369	gnl|TC-DB|Q9LSF6|2.A.89.3.5	29.1	234	129	3	4	236	18	215	2.0e-15	79.3
BCW-201819_00385	gnl|TC-DB|P0AA82|2.A.39.1.1	30.9	418	271	8	21	433	5	409	2.1e-34	143.3
BCW-201819_00395	gnl|TC-DB|B0SUU5|2.A.19.8.1	45.5	365	183	3	24	384	12	364	2.3e-78	289.3
BCW-201819_00405	gnl|TC-DB|P02925|3.A.1.2.1	30.6	232	145	6	54	273	16	243	2.5e-16	82.8
BCW-201819_00407	gnl|TC-DB|A0JSP2|9.B.74.1.2	47.8	745	316	6	1	741	1	676	7.0e-35	145.6
BCW-201819_00415	gnl|TC-DB|P17583|2.A.1.17.1	26.5	378	260	4	27	399	5	369	5.0e-22	102.1
BCW-201819_00433	gnl|TC-DB|P76269|2.A.1.3.17	31.6	414	268	4	17	425	17	420	1.2e-47	187.6
BCW-201819_00445	gnl|TC-DB|C7QI22|3.A.1.105.18	37.6	306	183	5	2	301	432	735	7.2e-45	177.6
BCW-201819_00459	gnl|TC-DB|A4X503|2.A.3.14.1	47.8	640	326	4	8	645	11	644	6.7e-155	544.3
BCW-201819_00463	gnl|TC-DB|C7NLF6|2.A.115.2.6	48.1	208	107	1	3	209	31	238	3.9e-42	167.9
BCW-201819_00466	gnl|TC-DB|D4G632|2.A.6.3.9	33.0	1109	667	10	7	1108	11	1050	6.1e-99	359.0
BCW-201819_00470	gnl|TC-DB|O00571|1.I.1.1.3	34.9	350	213	5	30	366	181	528	4.1e-48	188.7
BCW-201819_00480	gnl|TC-DB|D2SBK8|2.A.7.36.3	32.9	313	148	10	4	298	5	273	1.2e-14	77.0
BCW-201819_00482	gnl|TC-DB|Q5EAK4|2.A.16.2.2	28.3	382	232	13	1	345	1330	1706	1.3e-18	91.3
BCW-201819_00490	gnl|TC-DB|Q9X4X4|2.A.1.30.1	30.9	404	268	8	8	408	26	421	2.7e-34	142.9
BCW-201819_00494	gnl|TC-DB|Q9RJ23|2.A.20.1.6	55.1	363	159	1	9	371	10	368	6.4e-101	364.0
BCW-201819_00498	gnl|TC-DB|P46468|3.A.25.2.1	30.4	184	111	5	248	416	969	1150	3.8e-16	82.8
BCW-201819_00503	gnl|TC-DB|O69070|2.A.1.3.29	42.7	471	268	1	1	471	1	469	1.1e-103	374.4
BCW-201819_00516	gnl|TC-DB|P43672|3.A.1.120.6	31.5	521	305	7	4	482	3	513	1.3e-66	250.8
BCW-201819_00553	gnl|TC-DB|P32010|3.A.1.105.1	56.1	326	142	1	1	325	1	326	5.1e-94	340.9
BCW-201819_00554	gnl|TC-DB|P32011|3.A.1.105.1	42.2	275	157	2	3	276	7	280	4.9e-50	194.5
BCW-201819_00566	gnl|TC-DB|P0A5Z2|3.A.5.2.2	56.3	446	184	5	1	440	1	441	8.7e-134	473.4
BCW-201819_00600	gnl|TC-DB|P22610|3.A.15.2.1	34.2	304	153	6	6	278	1	288	2.2e-29	125.9
BCW-201819_00605	gnl|TC-DB|Q8VRL3|3.A.11.1.3	39.6	399	237	3	5	402	39	434	1.1e-69	260.4
BCW-201819_00606	gnl|TC-DB|P24559|3.A.15.2.1	51.0	345	167	2	180	524	2	344	2.2e-89	326.2
BCW-201819_00607	gnl|TC-DB|Q8VRL1|3.A.11.1.3	43.4	555	302	6	4	552	11	559	9.3e-117	417.2
BCW-201819_00621	gnl|TC-DB|P96593|2.A.55.3.3	46.2	396	207	5	21	413	31	423	2.1e-81	299.3
BCW-201819_00629	gnl|TC-DB|P38919|3.A.18.1.1	30.7	348	232	3	3	348	35	375	2.4e-40	163.3
BCW-201819_00637	gnl|TC-DB|P77735|8.A.5.1.6	38.8	325	188	5	1	317	1	322	1.1e-54	210.3
BCW-201819_00640	gnl|TC-DB|P64711|2.A.75.1.3	38.3	227	92	4	15	241	2	180	9.9e-26	113.6
BCW-201819_00641	gnl|TC-DB|Q8R706|2.A.3.3.22	39.8	490	258	4	6	488	11	470	2.9e-93	339.0
BCW-201819_00652	gnl|TC-DB|P31440|2.A.40.7.4	33.5	462	265	6	18	476	16	438	1.3e-61	233.8
BCW-201819_00659	gnl|TC-DB|Q9ASS7|2.A.3.3.13	24.9	381	257	8	4	363	29	401	8.3e-15	78.2
BCW-201819_00666	gnl|TC-DB|Q1M607|3.A.3.7.2	50.5	188	86	5	8	194	2	183	2.0e-37	152.1
BCW-201819_00667	gnl|TC-DB|Q1M606|3.A.3.7.2	62.0	695	237	6	19	699	2	683	2.4e-210	728.4
BCW-201819_00668	gnl|TC-DB|Q1M605|3.A.3.7.2	49.9	567	265	7	3	559	2	559	1.2e-135	479.9
BCW-201819_00677	gnl|TC-DB|P76187|8.A.5.1.7	35.4	308	162	9	14	308	15	298	5.1e-40	161.4
BCW-201819_00682	gnl|TC-DB|D8HIS0|9.B.106.2.2	37.8	288	144	9	1	254	209	495	7.6e-36	148.3
BCW-201819_00687	gnl|TC-DB|Q7WWQ8|3.A.1.1.20	30.6	268	180	3	23	284	14	281	7.3e-41	164.1
BCW-201819_00688	gnl|TC-DB|Q93KC0|3.A.1.1.11	35.0	280	174	7	51	327	11	285	3.9e-38	155.2
BCW-201819_00706	gnl|TC-DB|O31712|3.A.1.122.2	23.7	434	285	11	1	425	1	397	8.4e-17	84.7
BCW-201819_00707	gnl|TC-DB|O31711|3.A.1.122.2	45.0	220	120	1	5	224	1	219	2.8e-49	191.8
BCW-201819_00709	gnl|TC-DB|P33362|3.A.1.12.15	31.2	288	188	6	53	335	21	303	7.4e-32	134.4
BCW-201819_00710	gnl|TC-DB|O34878|3.A.1.12.4	39.9	203	120	1	51	253	11	211	5.7e-37	151.0
BCW-201819_00711	gnl|TC-DB|Q8ZPK4|3.A.1.12.14	41.7	372	210	5	21	387	2	371	7.9e-79	290.8
BCW-201819_00712	gnl|TC-DB|Q93A34|3.A.1.12.8	36.5	211	123	3	8	211	11	217	1.5e-25	112.8
BCW-201819_00722	gnl|TC-DB|P65526|2.A.36.3.3	24.7	590	339	14	5	555	12	535	8.0e-23	105.1
BCW-201819_00728	gnl|TC-DB|P80874|8.A.5.1.4	35.0	309	188	5	1	304	1	301	3.2e-40	162.2
BCW-201819_00732	gnl|TC-DB|P77735|8.A.5.1.6	34.1	308	155	11	23	288	10	311	4.7e-35	144.8
BCW-201819_00734	gnl|TC-DB|D6ZUW6|3.A.1.122.16	55.8	231	102	0	7	237	17	247	3.3e-66	248.1
BCW-201819_00771	gnl|TC-DB|Q9ZBQ0|2.A.39.1.6	42.5	459	252	4	15	472	10	457	3.4e-86	315.5
BCW-201819_00810	gnl|TC-DB|O50455|1.A.35.3.5	37.9	306	179	4	28	326	64	365	9.3e-48	187.2
BCW-201819_00811	gnl|TC-DB|M5B8T3|2.A.102.6.1	51.0	206	100	1	33	237	29	234	2.3e-47	185.7
BCW-201819_00812	gnl|TC-DB|P07001|3.D.2.1.1	32.3	375	220	11	1	350	1	366	2.7e-32	136.0
BCW-201819_00821	gnl|TC-DB|P42332|3.A.1.131.1	38.9	303	180	2	11	312	5	303	4.6e-52	201.4
BCW-201819_00836	gnl|TC-DB|Q9FBS6|3.A.1.1.42	32.3	269	176	4	43	307	29	295	3.9e-27	118.6
BCW-201819_00837	gnl|TC-DB|Q8RJU8|3.A.1.1.18	32.0	266	174	5	20	281	45	307	2.8e-29	125.6
BCW-201819_00838	gnl|TC-DB|Q07837|8.A.9.1.2	31.4	491	283	15	2	479	104	553	7.2e-61	231.5
BCW-201819_00839	gnl|TC-DB|Q1D0V0|3.A.1.144.3	35.6	309	171	9	5	296	2	299	2.1e-41	166.0
BCW-201819_00842	gnl|TC-DB|Q8NU75|4.B.1.1.5	61.2	214	75	3	1	208	1	212	5.6e-73	270.4
BCW-201819_00853	gnl|TC-DB|O86573|3.A.1.5.34	47.7	287	149	1	43	329	45	330	2.2e-73	272.3
BCW-201819_00854	gnl|TC-DB|O86571|3.A.1.5.34	50.5	303	141	3	22	316	33	334	5.6e-66	247.7
BCW-201819_00855	gnl|TC-DB|Q9F9T4|3.A.1.5.23	46.8	581	278	8	3	573	17	576	1.7e-124	443.0
BCW-201819_00856	gnl|TC-DB|O86572|3.A.1.5.34	31.2	491	312	13	72	541	97	582	2.3e-54	209.9
BCW-201819_00865	gnl|TC-DB|Q9FBS6|3.A.1.1.42	33.2	274	177	4	40	310	27	297	1.9e-29	126.3
BCW-201819_00866	gnl|TC-DB|G4FGN6|3.A.1.1.41	35.4	274	174	3	45	317	7	278	6.2e-41	164.5
BCW-201819_00868	gnl|TC-DB|P25548|3.A.1.2.5	57.1	359	145	4	17	375	5	354	3.7e-109	391.3
BCW-201819_00869	gnl|TC-DB|Q8G3R0|3.A.1.2.22	62.9	510	187	2	3	510	5	514	1.0e-181	632.9
BCW-201819_00870	gnl|TC-DB|O05177|3.A.1.2.5	44.4	383	212	1	6	387	15	397	2.1e-83	305.8
BCW-201819_00878	gnl|TC-DB|D6ZW64|3.A.1.1.48	29.7	414	266	12	41	441	35	436	3.7e-39	159.1
BCW-201819_00879	gnl|TC-DB|D6ZW62|3.A.1.1.48	41.2	289	157	3	57	336	31	315	6.2e-55	211.1
BCW-201819_00880	gnl|TC-DB|D6ZW63|3.A.1.1.48	39.7	310	172	5	2	298	4	311	1.1e-53	206.8
BCW-201819_00884	gnl|TC-DB|Q93J94|3.A.1.1.36	36.3	452	269	9	8	451	4	444	5.9e-69	258.1
BCW-201819_00885	gnl|TC-DB|Q93J93|3.A.1.1.36	44.3	300	160	3	8	307	16	308	2.5e-58	222.2
BCW-201819_00886	gnl|TC-DB|Q93J92|3.A.1.1.36	40.3	273	160	2	32	303	28	298	1.6e-49	193.0
BCW-201819_00888	gnl|TC-DB|Q9RK09|3.A.1.14.13	50.2	275	137	0	82	356	78	352	3.3e-62	235.3
BCW-201819_00889	gnl|TC-DB|Q9S214|3.A.1.14.22	38.1	310	183	2	54	362	70	371	3.8e-42	168.7
BCW-201819_00890	gnl|TC-DB|Q9RK11|3.A.1.14.13	57.1	266	113	1	2	267	11	275	1.4e-79	292.7
BCW-201819_00891	gnl|TC-DB|Q9L074|3.A.1.14.22	30.5	311	191	10	43	338	48	348	4.9e-28	121.7
BCW-201819_00898	gnl|TC-DB|P65374|2.A.6.5.5	29.4	544	350	11	312	836	188	716	1.0e-40	165.2
BCW-201819_00907	gnl|TC-DB|Q9F467|2.A.39.3.5	25.4	331	216	8	75	379	68	393	3.5e-13	72.8
BCW-201819_00980	gnl|TC-DB|P0AB24|2.A.108.2.3	33.5	346	208	8	64	405	41	368	1.2e-39	160.6
BCW-201819_00981	gnl|TC-DB|P75901|2.A.108.2.3	41.9	270	149	5	1	264	1	268	2.9e-43	172.9
BCW-201819_00982	gnl|TC-DB|I7MT28|1.A.62.2.2	34.0	194	124	3	19	209	6	198	5.2e-17	84.7
BCW-201819_00992	gnl|TC-DB|P77389|2.A.1.2.65	43.2	373	210	1	5	377	7	377	7.5e-68	254.2
BCW-201819_00996	gnl|TC-DB|P76230|2.A.1.1.115	29.2	459	276	15	16	460	11	434	3.3e-25	112.8
BCW-201819_01006	gnl|TC-DB|Q7WWQ8|3.A.1.1.20	28.2	298	184	7	21	311	7	281	4.1e-29	125.2
BCW-201819_01007	gnl|TC-DB|Q7WWQ9|3.A.1.1.20	35.0	277	177	2	45	318	13	289	1.7e-41	166.4
BCW-201819_01027	gnl|TC-DB|C1CWI3|3.A.1.19.5	41.3	317	156	7	17	321	29	327	1.0e-41	167.2
BCW-201819_01028	gnl|TC-DB|Q8TJ86|3.A.1.8.2	38.8	178	108	1	43	219	10	187	1.5e-21	99.8
BCW-201819_01045	gnl|TC-DB|I1WBQ5|9.B.142.5.1	35.7	499	292	12	34	521	35	515	2.8e-81	299.3
BCW-201819_01047	gnl|TC-DB|P42670|2.A.1.3.11	46.9	499	258	4	13	509	9	502	3.7e-112	401.7
BCW-201819_01059	gnl|TC-DB|G8WDN4|2.A.76.1.10	48.2	197	102	0	14	210	11	207	4.9e-45	177.6
BCW-201819_01072	gnl|TC-DB|B9DIS8|9.B.97.5.1	31.0	339	196	11	31	349	13	333	1.8e-27	120.2
BCW-201819_01076	gnl|TC-DB|Q46909|2.A.1.1.95	36.7	398	248	2	28	425	31	424	7.7e-69	257.7
BCW-201819_01080	gnl|TC-DB|K6W5C2|9.B.142.2.5	46.3	745	323	7	8	729	4	694	1.6e-111	400.2
BCW-201819_01085	gnl|TC-DB|F2KQZ0|4.D.2.1.6	35.5	214	135	3	10	222	7	218	8.7e-30	127.9
BCW-201819_01092	gnl|TC-DB|K1QI94|2.A.6.6.10	36.7	343	204	6	7	344	548	882	6.9e-49	191.0
BCW-201819_01099	gnl|TC-DB|Q8NTX0|2.A.1.1.53	71.2	465	133	1	13	476	17	481	8.6e-183	636.3
BCW-201819_01105	gnl|TC-DB|B1MHH7|3.A.3.5.31	52.2	756	301	9	7	747	12	722	1.0e-182	636.7
BCW-201819_01130	gnl|TC-DB|Q1D0V0|3.A.1.144.3	35.9	301	177	7	4	293	6	301	3.3e-36	148.7
BCW-201819_01142	gnl|TC-DB|T5KMB8|2.A.1.2.94	31.0	416	279	6	32	442	33	445	1.1e-40	164.1
BCW-201819_01151	gnl|TC-DB|Q93J92|3.A.1.1.36	33.0	264	177	0	41	304	33	296	5.1e-40	161.4
BCW-201819_01152	gnl|TC-DB|Q93J93|3.A.1.1.36	36.7	319	198	2	1	318	1	316	3.6e-52	201.8
BCW-201819_01153	gnl|TC-DB|O07009|3.A.1.1.2	25.2	424	286	14	5	414	6	412	2.2e-17	86.7
BCW-201819_01176	gnl|TC-DB|B9DIS8|9.B.97.5.1	30.1	356	228	8	8	352	18	363	2.3e-35	147.1
BCW-201819_01196	gnl|TC-DB|T5KMB8|2.A.1.2.94	29.4	343	224	6	85	418	89	422	6.0e-26	115.2
BCW-201819_01205	gnl|TC-DB|D2PP09|2.A.1.67.1	30.0	390	236	11	4	368	5	382	7.4e-23	104.8
BCW-201819_01216	gnl|TC-DB|Q50392|2.A.1.3.3	53.9	490	224	1	1	490	1	488	1.2e-131	466.5
BCW-201819_01228	gnl|TC-DB|Q6PML9|2.A.4.6.1	31.7	265	177	2	5	266	235	498	4.2e-29	125.2
BCW-201819_01230	gnl|TC-DB|Q54806|2.A.1.3.5	31.0	406	275	4	31	434	34	436	4.3e-41	165.6
BCW-201819_01232	gnl|TC-DB|P39760|2.A.38.4.4	35.3	207	133	1	22	227	7	213	1.8e-34	142.5
BCW-201819_01233	gnl|TC-DB|P43440|2.A.38.4.1	30.0	463	290	12	27	477	11	451	1.2e-43	174.1
BCW-201819_01243	gnl|TC-DB|Q1J2S8|2.A.53.3.13	49.6	468	231	3	25	492	23	485	6.6e-106	380.9
BCW-201819_01246	gnl|TC-DB|Q939U6|5.A.1.2.7	37.0	238	129	5	22	246	9	238	2.6e-26	115.5
BCW-201819_01248	gnl|TC-DB|B8ZT62|9.B.14.3.4	37.6	343	188	8	1	334	1	326	8.3e-44	174.1
BCW-201819_01278	gnl|TC-DB|Q9ZK21|1.C.82.1.1	52.2	230	109	1	1	229	1	230	2.8e-59	224.9
BCW-201819_01284	gnl|TC-DB|Q8KN19|3.A.1.1.33	26.3	323	221	11	36	354	52	361	6.8e-14	75.1
BCW-201819_01285	gnl|TC-DB|O51924|3.A.1.1.7	31.2	292	179	6	36	323	21	294	1.2e-34	143.7
BCW-201819_01286	gnl|TC-DB|Q72H66|3.A.1.1.25	38.7	274	158	4	10	279	12	279	4.5e-43	171.4
BCW-201819_01288	gnl|TC-DB|P0A9T8|3.A.1.122.15	47.5	223	115	1	20	242	6	226	3.1e-48	188.3
BCW-201819_01298	gnl|TC-DB|Q9L100|2.A.3.3.16	61.9	473	177	3	2	473	13	483	9.3e-150	526.6
BCW-201819_01299	gnl|TC-DB|Q9KZE5|3.A.1.106.9	41.6	608	329	7	29	617	14	614	4.2e-89	325.5
BCW-201819_01306	gnl|TC-DB|I7FD23|2.A.1.2.97	32.8	381	254	2	26	404	16	396	7.9e-52	201.1
BCW-201819_01332	gnl|TC-DB|P31552|4.C.1.1.6	22.1	535	373	14	99	627	21	517	1.5e-17	87.8
BCW-201819_01333	gnl|TC-DB|Q9XC06|3.A.7.15.1	40.6	283	164	3	31	309	74	356	6.3e-52	201.1
BCW-201819_01337	gnl|TC-DB|Q07711|3.A.7.7.1	23.0	588	364	18	180	736	46	575	2.5e-17	87.8
BCW-201819_01347	gnl|TC-DB|O06967|3.A.1.117.3	31.6	572	363	4	36	605	33	578	1.3e-71	267.3
BCW-201819_01349	gnl|TC-DB|P37643|2.A.1.6.10	56.6	438	175	3	16	453	18	440	3.4e-128	454.9
BCW-201819_01357	gnl|TC-DB|Q0S1M9|8.A.7.1.2	47.1	527	274	4	6	529	10	534	3.4e-111	398.7
BCW-201819_01358	gnl|TC-DB|P42956|4.A.2.1.5	52.5	493	206	4	1	493	13	477	7.5e-134	473.8
BCW-201819_01359	gnl|TC-DB|Q9KKQ7|4.A.2.1.12	36.9	141	86	1	3	140	503	643	6.2e-20	93.6
BCW-201819_01362	gnl|TC-DB|G2GUD4|9.B.124.1.4	35.6	132	65	2	48	175	4	119	3.9e-11	64.7
BCW-201819_01364	gnl|TC-DB|X5GWN5|3.D.10.1.6	43.0	230	125	5	27	254	28	253	5.6e-48	187.6
BCW-201819_01365	gnl|TC-DB|X5H3P0|3.D.10.1.6	48.7	595	273	10	9	593	11	583	6.4e-156	547.4
BCW-201819_01370	gnl|TC-DB|D2BKA1|3.A.1.2.17	31.1	367	218	8	4	353	2	350	5.2e-36	148.3
BCW-201819_01371	gnl|TC-DB|A2RKA7|3.A.1.2.17	47.6	496	257	3	3	496	7	501	7.2e-124	440.7
BCW-201819_01372	gnl|TC-DB|Q8DU38|3.A.1.2.12	36.2	320	175	9	124	429	36	340	7.6e-40	161.4
BCW-201819_01373	gnl|TC-DB|Q9WXW0|3.A.1.2.18	41.3	298	170	3	135	428	21	317	2.5e-53	206.1
BCW-201819_01389	gnl|TC-DB|Q57079|3.B.1.1.2	57.0	523	211	3	9	531	1	509	1.4e-165	579.3
BCW-201819_01411	gnl|TC-DB|Q50864|4.D.1.3.4	29.6	196	126	7	34	226	606	792	3.5e-11	65.5
BCW-201819_01413	gnl|TC-DB|Q1D3I3|3.A.1.103.4	48.2	257	124	3	20	270	6	259	2.2e-62	236.1
BCW-201819_01414	gnl|TC-DB|P72880|3.A.1.103.5	26.9	260	180	4	32	288	21	273	2.8e-19	92.4
BCW-201819_01415	gnl|TC-DB|B3EBP1|4.D.1.3.3	27.9	251	157	7	2	238	14	254	2.7e-14	77.4
BCW-201819_01424	gnl|TC-DB|B9DIS8|9.B.97.5.1	31.2	397	213	13	11	378	5	370	4.1e-32	136.3
BCW-201819_01445	gnl|TC-DB|P0A5Y8|3.A.5.2.2	58.0	966	331	8	4	925	1	935	3.8e-304	1040.4
BCW-201819_01471	gnl|TC-DB|P40812|2.A.3.1.8	64.6	461	155	3	21	481	23	475	1.9e-156	548.9
BCW-201819_01472	gnl|TC-DB|Q9S2Y1|1.A.23.7.1	39.5	352	203	4	2	349	4	349	1.9e-55	213.0
BCW-201819_01475	gnl|TC-DB|O50455|1.A.35.3.5	31.8	302	195	5	61	354	68	366	5.7e-35	144.8
BCW-201819_01490	gnl|TC-DB|P43672|3.A.1.120.6	33.9	501	327	3	17	516	15	512	1.3e-81	300.4
BCW-201819_01496	gnl|TC-DB|P75783|1.A.23.3.2	25.8	213	157	1	88	300	505	716	2.5e-14	76.3
BCW-201819_01509	gnl|TC-DB|P0AA67|2.A.7.3.6	39.2	273	162	4	8	278	15	285	5.7e-41	164.5
BCW-201819_01513	gnl|TC-DB|Q9WZR7|3.A.1.1.40	29.3	392	246	11	47	417	23	404	3.3e-37	152.5
BCW-201819_01514	gnl|TC-DB|Q93J93|3.A.1.1.36	36.7	281	172	4	11	289	40	316	5.2e-42	167.9
BCW-201819_01515	gnl|TC-DB|Q7WWQ8|3.A.1.1.20	33.2	268	168	5	11	270	17	281	6.8e-36	147.5
BCW-201819_01535	gnl|TC-DB|P0C0L7|2.A.1.6.4	45.4	474	245	4	20	486	2	468	2.2e-112	402.5
BCW-201819_01536	gnl|TC-DB|Q9F9T4|3.A.1.5.23	39.1	550	301	8	3	523	19	563	2.2e-83	306.2
BCW-201819_01537	gnl|TC-DB|Q9F351|3.A.1.5.35	32.3	257	173	1	32	287	41	297	1.2e-30	130.2
BCW-201819_01538	gnl|TC-DB|P33591|3.A.1.5.3	32.0	303	205	1	20	321	6	308	2.8e-31	132.5
BCW-201819_01539	gnl|TC-DB|P33590|3.A.1.5.3	27.3	461	318	9	60	513	39	489	8.2e-33	138.3
BCW-201819_01541	gnl|TC-DB|Q6PML9|2.A.4.6.1	33.1	260	172	2	20	278	240	498	4.1e-30	128.6
BCW-201819_01584	gnl|TC-DB|P65526|2.A.36.3.3	28.8	560	355	14	6	557	18	541	2.3e-38	156.8
BCW-201819_01585	gnl|TC-DB|Q9RJ23|2.A.20.1.6	55.1	356	156	1	4	359	5	356	3.0e-99	358.6
BCW-201819_01589	gnl|TC-DB|Q0E7C5|2.A.1.38.2	25.1	423	292	4	12	431	4	404	4.8e-23	105.5
BCW-201819_01591	gnl|TC-DB|P80874|8.A.5.1.4	31.3	201	103	9	19	200	16	200	5.1e-15	78.2
BCW-201819_01615	gnl|TC-DB|P21458|3.A.12.1.1	46.7	533	250	10	388	903	266	781	5.4e-120	428.7
BCW-201819_01616	gnl|TC-DB|Q6ADZ6|4.F.1.1.7	64.8	179	63	0	30	208	2	180	2.3e-63	238.4
BCW-201819_01657	gnl|TC-DB|A7ZJR5|2.A.81.1.4	29.8	504	325	12	73	565	71	556	1.0e-46	184.5
BCW-201819_01665	gnl|TC-DB|H8I779|3.A.1.132.8	36.9	309	180	5	2	299	4	308	3.4e-44	175.3
BCW-201819_01669	gnl|TC-DB|D8HIS0|9.B.106.2.2	36.4	308	156	7	11	284	211	512	1.2e-35	147.5
BCW-201819_01673	gnl|TC-DB|P70786|2.A.1.14.3	44.0	448	236	6	8	455	16	448	8.3e-95	344.0
BCW-201819_01691	gnl|TC-DB|P27844|2.A.7.7.2	35.4	294	183	3	17	309	9	296	1.5e-42	169.9
BCW-201819_01692	gnl|TC-DB|Q8DQI1|3.A.1.4.10	26.6	349	225	11	51	388	32	360	8.5e-12	68.2
BCW-201819_01695	gnl|TC-DB|Q8YXD0|3.A.1.4.6	37.1	280	174	2	163	442	7	284	6.8e-41	164.9
BCW-201819_01696	gnl|TC-DB|Q8YY08|3.A.1.4.6	33.1	378	174	8	16	325	8	374	2.9e-41	165.6
BCW-201819_01697	gnl|TC-DB|Q7A2H0|3.A.1.4.6	49.0	251	125	3	11	259	10	259	2.3e-58	222.2
BCW-201819_01698	gnl|TC-DB|Q8YT15|3.A.1.4.6	51.9	233	112	0	27	259	10	242	3.0e-68	255.0
BCW-201819_01704	gnl|TC-DB|O07536|2.A.37.5.2	35.2	389	243	3	2	384	3	388	1.3e-58	223.8
BCW-201819_01726	gnl|TC-DB|Q932J9|3.A.7.17.1	26.3	971	660	20	219	1148	201	1156	2.9e-80	297.4
BCW-201819_01736	gnl|TC-DB|P0C0H0|4.D.1.1.4	28.2	369	252	7	80	445	59	417	1.4e-30	130.6
BCW-201819_01741	gnl|TC-DB|A4QD95|3.A.1.106.4	32.0	616	372	13	5	598	13	603	1.7e-66	250.4
BCW-201819_01742	gnl|TC-DB|A4QD95|3.A.1.106.4	35.5	598	373	7	37	631	655	1242	4.6e-91	332.0
BCW-201819_01750	gnl|TC-DB|Q93KC0|3.A.1.1.11	31.7	281	171	8	41	312	14	282	1.9e-26	116.3
BCW-201819_01751	gnl|TC-DB|Q93J92|3.A.1.1.36	32.3	297	190	4	7	295	2	295	2.2e-27	119.4
BCW-201819_01759	gnl|TC-DB|Q9KLQ5|3.A.1.20.2	48.2	313	156	2	19	325	7	319	7.9e-77	283.9
BCW-201819_01768	gnl|TC-DB|P94574|2.A.1.3.57	31.3	435	287	5	46	474	11	439	6.7e-42	168.3
BCW-201819_01778	gnl|TC-DB|D3LPG3|2.A.86.1.6	45.2	221	116	2	6	225	16	232	3.9e-48	188.3
BCW-201819_01786	gnl|TC-DB|P0C560|3.A.1.7.2	74.5	259	65	1	1	259	1	258	2.1e-111	398.3
BCW-201819_01787	gnl|TC-DB|Q7WTY6|3.A.1.7.2	52.8	284	127	6	80	358	25	306	2.6e-67	252.3
BCW-201819_01788	gnl|TC-DB|P0A630|3.A.1.7.4	42.9	326	172	7	1	315	1	323	7.5e-55	210.7
BCW-201819_01789	gnl|TC-DB|O05870|3.A.1.7.4	34.5	325	203	5	51	369	49	369	3.4e-38	155.6
BCW-201819_01811	gnl|TC-DB|P96483|3.A.1.1.23	69.5	377	98	2	1	360	1	377	5.7e-147	516.9
BCW-201819_01817	gnl|TC-DB|P77735|8.A.5.1.6	37.0	322	184	4	1	314	1	311	5.5e-51	198.0
BCW-201819_01845	gnl|TC-DB|Q6NE50|2.A.4.7.3	27.7	220	152	4	85	300	25	241	1.4e-14	77.0
BCW-201819_01864	gnl|TC-DB|D3LPG3|2.A.86.1.6	29.7	337	215	4	19	349	344	664	1.6e-14	77.0
BCW-201819_01872	gnl|TC-DB|O69070|2.A.1.3.29	41.5	465	259	3	2	463	20	474	2.4e-101	366.3
BCW-201819_01877	gnl|TC-DB|Q7WWQ9|3.A.1.1.20	34.3	280	180	2	36	313	5	282	1.4e-43	173.3
BCW-201819_01878	gnl|TC-DB|Q93J92|3.A.1.1.36	33.1	293	195	1	13	305	7	298	8.4e-43	170.6
BCW-201819_01893	gnl|TC-DB|Q8YSA2|3.A.1.3.17	34.3	198	122	3	77	269	281	475	8.0e-27	117.5
BCW-201819_01894	gnl|TC-DB|Q9F3K7|3.A.1.3.24	50.6	249	113	1	20	258	4	252	1.8e-62	235.7
BCW-201819_01895	gnl|TC-DB|P39886|2.A.1.3.12	31.9	480	318	4	8	479	25	503	8.0e-56	214.5
BCW-201819_01899	gnl|TC-DB|P80874|8.A.5.1.4	37.4	190	103	6	9	196	11	186	6.0e-22	101.3
BCW-201819_01904	gnl|TC-DB|Q6ADZ6|4.F.1.1.7	30.6	180	115	5	15	188	7	182	1.9e-11	65.9
BCW-201819_01905	gnl|TC-DB|A9WMF7|1.A.22.1.9	33.1	139	84	3	1	137	2	133	1.2e-11	66.2
BCW-201819_01942	gnl|TC-DB|D3LPG3|2.A.86.1.6	35.6	405	244	5	16	413	334	728	8.2e-49	191.0
BCW-201819_01948	gnl|TC-DB|H2HWQ5|1.C.113.1.6	39.8	211	118	5	43	247	51	258	1.9e-29	125.9
BCW-201819_02008	gnl|TC-DB|P66966|3.A.1.5.26	34.2	240	129	4	285	506	96	324	4.3e-28	122.5
BCW-201819_02009	gnl|TC-DB|Q9F9T5|3.A.1.5.23	44.6	285	147	5	37	318	31	307	1.1e-54	210.3
BCW-201819_02011	gnl|TC-DB|Q9F9T4|3.A.1.5.23	46.1	573	294	5	14	580	15	578	1.9e-131	466.1
BCW-201819_02028	gnl|TC-DB|D3LPG3|2.A.86.1.6	34.4	360	226	2	19	378	338	687	5.8e-33	138.3
BCW-201819_02035	gnl|TC-DB|A0L4L0|3.A.1.132.3	36.6	254	143	4	116	367	91	328	1.1e-36	150.6
BCW-201819_02037	gnl|TC-DB|Q5SMG8|1.A.26.1.2	38.5	130	75	2	270	399	126	250	2.4e-14	76.6
BCW-201819_02042	gnl|TC-DB|O00571|1.I.1.1.3	34.1	425	249	8	2	404	181	596	3.0e-58	222.6
BCW-201819_02064	gnl|TC-DB|Q9I3V8|3.A.1.103.6	45.2	241	131	1	14	254	5	244	2.2e-52	202.2
BCW-201819_02065	gnl|TC-DB|Q48475|3.A.1.103.1	33.1	242	158	2	29	269	16	254	2.6e-35	145.6
BCW-201819_02067	gnl|TC-DB|C1A6K8|3.A.1.147.1	38.6	249	149	1	191	435	1	249	7.3e-48	188.0
BCW-201819_02074	gnl|TC-DB|P0ABP6|9.B.27.2.3	32.5	206	132	2	17	222	21	219	2.3e-27	119.0
BCW-201819_02076	gnl|TC-DB|Q7W0Q7|2.A.1.46.1	38.3	423	229	5	1	423	1	391	4.9e-73	271.6
BCW-201819_02090	gnl|TC-DB|Q93KB9|3.A.1.1.11	30.4	303	202	6	1	297	1	300	1.6e-30	129.8
BCW-201819_02091	gnl|TC-DB|P94529|3.A.1.1.34	30.0	297	181	7	59	349	37	312	2.0e-24	109.8
BCW-201819_02097	gnl|TC-DB|E9T748|9.B.185.1.3	44.6	130	57	4	10	135	7	125	2.9e-19	91.3
BCW-201819_02102	gnl|TC-DB|Q9F2Y8|3.A.1.105.13	54.0	311	137	3	4	313	7	312	7.8e-82	300.4
BCW-201819_02103	gnl|TC-DB|P32011|3.A.1.105.1	31.7	249	161	2	33	281	43	282	4.0e-31	131.7
BCW-201819_02105	gnl|TC-DB|P39649|2.A.7.3.4	30.2	252	147	8	18	262	10	239	2.7e-11	65.9
BCW-201819_02106	gnl|TC-DB|P69451|4.C.1.1.4	39.7	562	318	12	9	560	5	555	2.8e-100	362.5
BCW-201819_02108	gnl|TC-DB|P77735|8.A.5.1.6	52.2	322	150	2	17	338	6	323	4.1e-91	331.3
BCW-201819_02111	gnl|TC-DB|P63144|8.A.5.1.3	38.1	328	189	8	1	319	71	393	4.2e-56	214.9
BCW-201819_02117	gnl|TC-DB|O34738|3.A.1.30.1	35.8	193	120	2	19	210	4	193	2.8e-21	98.6
BCW-201819_02118	gnl|TC-DB|O34362|3.A.1.30.1	31.2	504	314	6	12	493	8	500	2.4e-66	249.6
BCW-201819_02121	gnl|TC-DB|P76350|2.A.1.6.6	39.8	432	254	5	13	440	9	438	5.5e-78	288.1
BCW-201819_02128	gnl|TC-DB|O06473|2.A.1.32.3	52.2	387	178	2	12	395	13	395	5.9e-92	334.3
BCW-201819_02135	gnl|TC-DB|K6W5C2|9.B.142.2.5	49.8	717	290	6	7	695	18	692	7.1e-138	487.6
BCW-201819_02169	gnl|TC-DB|Q46821|2.A.40.3.3	38.6	420	251	4	10	422	25	444	9.6e-75	277.3
BCW-201819_02175	gnl|TC-DB|A0QZX3|2.A.1.1.65	53.2	468	214	4	10	473	31	497	6.0e-128	454.1
BCW-201819_02193	gnl|TC-DB|P0A9R7|3.A.1.140.1	49.1	214	108	1	1	214	1	213	3.7e-52	201.4
BCW-201819_02198	gnl|TC-DB|O07002|2.A.3.11.1	32.0	516	328	11	14	523	8	506	4.4e-74	275.4
BCW-201819_02213	gnl|TC-DB|Q0PBV6|9.A.40.2.2	27.1	336	227	5	14	339	32	359	2.3e-33	139.4
BCW-201819_02214	gnl|TC-DB|P0A2L3|9.A.40.1.2	32.4	247	164	3	182	426	32	277	4.1e-33	139.0
BCW-201819_02222	gnl|TC-DB|P77389|2.A.1.2.65	33.2	379	244	2	13	391	7	376	3.0e-51	199.1
BCW-201819_02235	gnl|TC-DB|P39344|2.A.8.1.2	34.7	476	271	5	32	507	4	439	1.3e-69	260.4
BCW-201819_02238	gnl|TC-DB|Q53712|3.A.1.120.3	35.9	548	317	12	17	553	45	569	8.9e-59	224.6
BCW-201819_02247	gnl|TC-DB|P18275|2.A.3.2.3	43.9	488	259	4	13	494	4	482	4.0e-103	371.7
BCW-201819_02254	gnl|TC-DB|W0EAY6|9.B.2.3.1	33.0	285	161	10	27	297	20	288	6.5e-30	127.9
BCW-201819_02256	gnl|TC-DB|P45094|3.A.1.5.27	43.9	264	142	5	2	263	8	267	5.9e-53	204.1
BCW-201819_02257	gnl|TC-DB|P45095|3.A.1.5.27	43.8	251	132	4	11	252	4	254	7.2e-51	197.2
BCW-201819_02258	gnl|TC-DB|Q9F351|3.A.1.5.35	32.7	272	174	4	5	271	37	304	3.4e-25	112.1
BCW-201819_02259	gnl|TC-DB|P77308|3.A.1.5.38	35.8	324	183	3	9	311	14	333	2.4e-37	152.5
BCW-201819_02260	gnl|TC-DB|P33950|3.A.1.5.27	25.3	526	324	14	17	484	3	517	1.2e-28	124.4
BCW-201819_02263	gnl|TC-DB|Q9S215|3.A.1.14.22	63.3	240	87	1	1	239	36	275	3.1e-80	294.7
BCW-201819_02267	gnl|TC-DB|E8XKQ3|9.B.100.1.1	24.3	230	157	3	6	235	3	215	2.4e-13	72.4
BCW-201819_02289	gnl|TC-DB|R6S968|9.B.146.1.4	22.6	381	227	9	3	353	5	347	8.3e-14	74.7
BCW-201819_02290	gnl|TC-DB|F4H7G9|1.A.77.5.6	40.6	128	71	1	13	140	29	151	4.4e-11	64.3
BCW-201819_02291	gnl|TC-DB|A1B619|3.A.2.1.7	30.0	233	147	6	54	286	32	248	3.8e-13	72.0
BCW-201819_02295	gnl|TC-DB|P29706|3.A.2.1.2	56.9	506	209	2	6	511	3	499	7.1e-162	567.0
BCW-201819_02296	gnl|TC-DB|P50005|3.A.2.1.5	31.3	310	191	3	1	296	1	302	3.6e-38	155.2
BCW-201819_02297	gnl|TC-DB|P50002|3.A.2.1.5	60.9	470	175	3	14	480	2	465	1.1e-158	556.2
BCW-201819_02303	gnl|TC-DB|D8HIS0|9.B.106.2.2	28.0	350	200	15	6	318	208	542	1.0e-15	81.3
BCW-201819_02315	gnl|TC-DB|Q9ZBQ0|2.A.39.1.6	32.5	465	297	8	3	463	4	455	1.9e-49	193.4
BCW-201819_02380	gnl|TC-DB|B2TCH9|2.A.89.3.1	38.5	371	193	10	15	354	6	372	4.0e-44	175.3
BCW-201819_02392	gnl|TC-DB|Q89SS6|2.A.1.42.2	27.5	408	262	15	100	497	741	1124	2.2e-16	83.6
BCW-201819_02394	gnl|TC-DB|G7DMK5|2.A.1.56.2	22.8	399	278	6	22	415	18	391	5.0e-12	68.9
BCW-201819_02404	gnl|TC-DB|P66791|3.A.5.2.2	47.4	76	40	0	4	79	1	76	7.1e-13	69.3
BCW-201819_02417	gnl|TC-DB|Q9I488|3.A.1.3.21	32.4	238	136	9	4	234	2	221	2.8e-15	79.0
BCW-201819_02419	gnl|TC-DB|Q5LR30|2.A.88.1.6	37.8	193	107	3	12	197	5	191	8.2e-23	103.6
BCW-201819_02420	gnl|TC-DB|Q60248|3.A.1.120.4	31.7	549	330	14	2	516	6	543	3.1e-61	232.6
BCW-201819_02428	gnl|TC-DB|P96117|3.A.1.15.8	27.8	248	164	4	5	249	11	246	7.7e-21	97.4
BCW-201819_02431	gnl|TC-DB|Q07837|8.A.9.1.2	33.7	463	252	15	18	455	117	549	9.7e-61	231.1
BCW-201819_02460	gnl|TC-DB|Q9RJ69|2.A.64.2.2	39.1	261	146	2	18	265	10	270	5.5e-46	181.0
BCW-201819_02477	gnl|TC-DB|P77735|8.A.5.1.6	50.8	319	152	2	1	316	1	317	3.7e-89	324.7
BCW-201819_02491	gnl|TC-DB|D7V8E7|1.A.8.2.6	56.8	236	101	1	2	236	4	239	3.1e-69	258.1
BCW-201819_02494	gnl|TC-DB|Q9AEL8|3.D.4.4.2	51.2	211	91	3	4	212	5	205	1.4e-49	192.6
BCW-201819_02497	gnl|TC-DB|P46912|3.D.3.4.1	28.9	232	138	4	23	244	1	215	1.5e-26	117.5
BCW-201819_02508	gnl|TC-DB|Q50635|3.A.5.2.2	40.8	319	169	8	7	310	47	360	6.1e-55	211.1
BCW-201819_02509	gnl|TC-DB|Q50634|3.A.5.2.2	33.7	558	284	12	53	547	38	572	1.1e-67	254.2
BCW-201819_02521	gnl|TC-DB|Q9SXJ7|3.A.9.1.2	43.8	865	450	13	17	864	91	936	2.3e-191	665.6
BCW-201819_02527	gnl|TC-DB|Q8NLD6|2.A.1.2.87	29.5	370	239	9	10	367	1	360	5.2e-25	112.1
BCW-201819_02558	gnl|TC-DB|G3IME2|9.B.35.1.2	43.0	114	58	3	2	109	29	141	7.4e-18	86.3
BCW-201819_02563	gnl|TC-DB|Q9MUK5|3.A.9.1.1	31.0	393	237	5	144	505	60	449	1.7e-35	147.1
BCW-201819_02574	gnl|TC-DB|Q55107|3.A.1.16.3	37.7	252	140	5	20	255	9	259	2.4e-43	172.2
BCW-201819_02575	gnl|TC-DB|A7NH43|3.A.1.17.8	30.8	286	169	8	4	285	10	270	1.2e-22	103.6
BCW-201819_02580	gnl|TC-DB|E1H0W3|2.A.89.3.2	34.7	216	141	0	19	234	10	225	3.3e-26	115.2
BCW-201819_02586	gnl|TC-DB|F6EHL8|9.B.110.1.1	27.0	530	367	10	5	527	11	527	3.8e-30	129.4
BCW-201819_02587	gnl|TC-DB|H8I7G5|3.A.1.147.9	36.7	226	139	2	10	233	5	228	2.5e-37	152.5
BCW-201819_02598	gnl|TC-DB|P0ABJ9|3.D.4.3.2	33.8	497	267	6	4	442	1	493	1.8e-76	283.1
BCW-201819_02599	gnl|TC-DB|P0ABK2|3.D.4.3.2	37.4	369	193	2	3	333	7	375	6.6e-65	244.2
BCW-201819_02608	gnl|TC-DB|C1DHA2|3.A.3.4.4	38.3	823	470	8	14	812	363	1171	1.0e-122	437.6
BCW-201819_02611	gnl|TC-DB|Q9P6J2|2.A.89.3.8	44.2	226	123	1	8	233	9	231	5.4e-37	151.0
BCW-201819_02633	gnl|TC-DB|Q5KYD1|2.A.17.1.7	44.4	482	261	4	14	488	15	496	5.2e-103	371.3
BCW-201819_02637	gnl|TC-DB|P40729|3.A.6.2.1	42.5	663	364	6	9	662	22	676	5.5e-127	451.4
BCW-201819_02638	gnl|TC-DB|P40727|3.A.6.2.1	33.0	364	226	7	6	358	8	364	4.4e-36	148.7
BCW-201819_02640	gnl|TC-DB|P0A1L5|3.A.6.2.1	40.4	89	53	0	1	89	1	89	7.7e-13	69.3
BCW-201819_02641	gnl|TC-DB|P54700|3.A.6.2.1	51.4	220	107	0	51	270	25	244	5.2e-52	201.1
BCW-201819_02643	gnl|TC-DB|P26419|3.A.6.2.1	52.7	74	35	0	160	233	57	130	9.7e-15	77.0
BCW-201819_02645	gnl|TC-DB|P39064|1.A.30.1.4	26.3	281	146	6	19	297	13	234	8.3e-17	84.3
BCW-201819_02646	gnl|TC-DB|Q8EGR6|1.A.30.1.6	33.3	237	155	2	1	237	1	234	2.1e-29	125.9
BCW-201819_02649	gnl|TC-DB|Q9HY55|4.A.2.1.17	28.7	442	233	13	378	789	527	916	6.8e-28	122.5
BCW-201819_02651	gnl|TC-DB|P65526|2.A.36.3.3	42.7	522	290	4	6	520	16	535	3.6e-94	342.0
BCW-201819_02652	gnl|TC-DB|P0ABP6|9.B.27.2.3	38.9	198	117	3	14	207	21	218	5.2e-31	131.0
BCW-201819_02654	gnl|TC-DB|Q5W7C1|3.A.1.139.1	36.0	236	139	3	12	240	38	268	4.2e-24	108.2
BCW-201819_02662	gnl|TC-DB|F3LB58|2.A.98.1.4	35.0	351	209	4	7	353	3	338	1.3e-39	160.2
BCW-201819_02669	gnl|TC-DB|O84676|3.A.6.3.1	49.5	414	205	3	23	432	24	437	3.4e-101	365.2
BCW-201819_02672	gnl|TC-DB|P15928|3.A.6.2.1	27.5	501	320	7	21	485	22	515	1.9e-32	137.1
BCW-201819_02688	gnl|TC-DB|P0A9T4|8.A.5.1.5	30.2	341	203	8	1	310	1	337	3.4e-34	142.1
BCW-201819_02690	gnl|TC-DB|Q79VF1|1.A.11.1.3	47.0	428	197	5	5	410	11	430	1.4e-83	306.6
BCW-201819_02692	gnl|TC-DB|A0LFK9|9.B.102.4.1	33.2	280	164	9	20	291	379	643	3.6e-30	128.6
BCW-201819_02714	gnl|TC-DB|I7HQW2|2.A.1.53.9	26.3	373	254	5	7	371	14	373	1.8e-22	103.6
BCW-201819_02725	gnl|TC-DB|P72520|4.D.1.1.8	45.7	429	197	10	1	409	1	413	1.6e-92	336.7
BCW-201819_02741	gnl|TC-DB|P28246|2.A.1.2.7	30.4	378	262	1	8	384	15	392	9.1e-34	141.0
BCW-201819_02750	gnl|TC-DB|Q9F3K6|3.A.1.3.24	42.7	281	155	3	47	327	26	300	1.2e-53	206.8
BCW-201819_02751	gnl|TC-DB|Q9F3K7|3.A.1.3.24	54.9	257	110	2	1	256	1	252	3.6e-71	264.6
BCW-201819_02752	gnl|TC-DB|P0AEM9|3.A.1.3.10	30.5	246	145	9	75	314	37	262	9.3e-19	90.9
BCW-201819_02771	gnl|TC-DB|P42670|2.A.1.3.11	34.5	470	284	12	57	514	20	477	1.9e-50	196.8
BCW-201819_02773	gnl|TC-DB|P63144|8.A.5.1.3	28.8	316	190	13	1	297	71	370	1.7e-17	86.7
BCW-201819_02797	gnl|TC-DB|P73948|2.A.38.4.5	24.7	376	249	10	40	401	14	369	4.9e-14	75.5
BCW-201819_02803	gnl|TC-DB|P08007|3.A.1.5.1	36.5	249	144	2	27	275	37	271	2.9e-35	145.6
BCW-201819_02804	gnl|TC-DB|P75796|3.A.1.5.11	46.0	585	273	8	11	561	4	579	1.9e-128	456.1
BCW-201819_02806	gnl|TC-DB|W0WN20|3.A.1.5.39	37.0	335	204	4	32	364	4	333	2.6e-51	199.1
BCW-201819_02819	gnl|TC-DB|Q2J9P5|3.A.1.125.3	52.7	245	113	1	6	250	56	297	3.1e-67	251.5
BCW-201819_02823	gnl|TC-DB|P0A2L3|9.A.40.1.2	33.3	243	159	2	165	406	33	273	3.9e-41	165.6
BCW-201819_02833	gnl|TC-DB|S7W5L0|1.B.77.1.7	40.0	215	105	2	1	214	1	192	3.1e-36	148.3
BCW-201819_02841	gnl|TC-DB|G2JTB5|3.A.11.1.4	33.8	154	88	3	65	217	70	210	2.1e-16	82.4
BCW-201819_02843	gnl|TC-DB|P23886|3.A.1.129.1	28.7	557	381	6	9	560	6	551	2.3e-46	183.3
BCW-201819_02844	gnl|TC-DB|P29018|3.A.1.129.1	32.8	506	305	9	26	504	31	528	4.2e-53	205.7
BCW-201819_02845	gnl|TC-DB|P0ABK2|3.D.4.3.2	37.3	370	194	2	3	334	7	376	1.0e-65	246.9
BCW-201819_02846	gnl|TC-DB|P0ABJ9|3.D.4.3.2	33.1	511	272	8	4	452	1	503	2.2e-74	276.2
BCW-201819_02848	gnl|TC-DB|O34878|3.A.1.12.4	33.1	178	119	0	18	195	10	187	1.4e-24	109.8
BCW-201819_02849	gnl|TC-DB|Q93A34|3.A.1.12.8	30.6	196	126	2	9	204	13	198	3.4e-15	78.6
BCW-201819_02850	gnl|TC-DB|Q45460|3.A.1.12.3	52.3	241	114	1	1	241	1	240	4.5e-70	261.2
BCW-201819_02856	gnl|TC-DB|Q79VD7|3.D.4.4.2	64.3	527	187	1	25	551	24	549	3.6e-212	734.2
BCW-201819_02857	gnl|TC-DB|Q5SLI2|3.D.4.4.3	32.8	180	96	3	89	268	74	228	9.5e-23	104.0
BCW-201819_02868	gnl|TC-DB|Q7A3S4|2.A.1.3.61	27.9	402	288	2	8	409	9	408	2.4e-41	166.4
BCW-201819_02879	gnl|TC-DB|X2BJI2|2.A.103.1.4	32.8	402	259	3	8	409	23	413	1.6e-52	203.4
BCW-201819_02881	gnl|TC-DB|P0A6W3|9.B.146.1.6	39.0	354	187	11	5	355	27	354	1.5e-54	209.9
BCW-201819_02892	gnl|TC-DB|D8HIS0|9.B.106.2.2	33.3	294	166	5	1	264	200	493	2.7e-33	140.2
BCW-201819_02896	gnl|TC-DB|Q9XIA9|4.C.1.1.14	26.8	638	404	17	7	598	41	661	6.0e-48	188.7
BCW-201819_02900	gnl|TC-DB|Q6A1F6|3.B.1.1.6	33.1	589	348	10	533	1104	8	567	5.6e-76	282.7
BCW-201819_02907	gnl|TC-DB|Q9S214|3.A.1.14.22	42.9	301	172	0	36	336	70	370	1.8e-54	209.5
BCW-201819_02908	gnl|TC-DB|P23876|3.A.1.14.2	46.7	319	168	2	4	322	17	333	1.8e-64	242.7
BCW-201819_02918	gnl|TC-DB|Q93J85|2.A.1.71.2	27.2	382	258	9	44	418	33	401	3.5e-15	79.3
BCW-201819_02929	gnl|TC-DB|P80874|8.A.5.1.4	33.7	323	196	9	4	320	1	311	5.6e-37	151.4
BCW-201819_02957	gnl|TC-DB|Q9L100|2.A.3.3.16	27.3	473	293	8	10	460	40	483	6.2e-32	135.2
BCW-201819_02963	gnl|TC-DB|Q8R706|2.A.3.3.22	44.4	468	253	3	3	465	4	469	6.1e-101	364.4
BCW-201819_02968	gnl|TC-DB|P80874|8.A.5.1.4	33.1	160	85	4	8	146	5	163	6.9e-14	74.3
BCW-201819_02981	gnl|TC-DB|G4NXW2|2.A.76.1.8	26.7	206	148	2	8	210	4	209	1.5e-17	86.3
BCW-201819_02994	gnl|TC-DB|Q7AKK4|3.A.1.105.14	52.7	205	97	0	7	211	10	214	1.2e-54	209.9
BCW-201819_02995	gnl|TC-DB|G0Q3D4|3.A.1.105.11	28.1	260	168	7	4	261	6	248	2.5e-19	92.4
BCW-201819_03014	gnl|TC-DB|Q9AK33|2.A.69.3.1	47.4	308	157	4	1	305	1	306	1.8e-61	232.6
BCW-201819_03019	gnl|TC-DB|D8HIS0|9.B.106.2.2	35.0	300	150	8	12	276	213	502	1.3e-34	143.7
BCW-201819_03021	gnl|TC-DB|D6GX19|9.B.27.2.5	26.7	172	119	2	32	200	8	175	1.6e-12	69.7
BCW-201819_03024	gnl|TC-DB|Q0S1N2|4.A.2.1.13	60.7	703	261	5	7	708	12	700	1.1e-173	606.7
BCW-201819_03027	gnl|TC-DB|Q8KN17|3.A.1.1.33	43.0	270	153	1	42	310	8	277	4.2e-58	221.5
BCW-201819_03028	gnl|TC-DB|Q8KN18|3.A.1.1.33	41.4	268	156	1	76	343	62	328	2.2e-52	202.6
BCW-201819_03029	gnl|TC-DB|Q8KN19|3.A.1.1.33	37.1	410	247	6	32	441	39	437	9.8e-69	257.3
BCW-201819_03031	gnl|TC-DB|Q9SXJ7|3.A.9.1.2	48.5	711	296	8	6	702	266	920	5.7e-183	637.5
BCW-201819_03032	gnl|TC-DB|P46105|2.A.1.3.25	32.0	466	299	8	4	453	25	488	3.8e-39	159.1
BCW-201819_03034	gnl|TC-DB|H8E4X1|9.B.18.1.2	43.8	418	226	5	80	492	105	518	7.9e-91	330.9
BCW-201819_03039	gnl|TC-DB|G4NXA5|1.A.33.1.4	60.1	582	225	4	1	582	1	575	6.6e-188	653.7
BCW-201819_03049	gnl|TC-DB|P38134|8.A.3.3.1	28.0	329	217	5	135	444	384	711	6.8e-31	131.7
BCW-201819_03051	gnl|TC-DB|B9DIS8|9.B.97.5.1	30.9	307	189	7	6	292	20	323	2.8e-22	102.8
BCW-201819_03052	gnl|TC-DB|Q9UEF7|8.A.49.1.1	27.3	399	222	16	14	359	121	504	3.6e-24	109.0
BCW-201819_03054	gnl|TC-DB|Q97UG5|3.A.1.5.8	37.3	617	324	10	27	585	6	617	1.1e-102	370.5
BCW-201819_03055	gnl|TC-DB|P42063|3.A.1.5.20	35.6	267	168	4	33	297	36	300	3.6e-33	138.7
BCW-201819_03056	gnl|TC-DB|Q9WXN7|3.A.1.5.16	40.4	329	188	4	2	325	8	333	1.0e-67	253.4
BCW-201819_03057	gnl|TC-DB|Q9X0V0|3.A.1.5.14	26.4	481	330	11	82	539	57	536	5.4e-51	198.7
BCW-201819_03063	gnl|TC-DB|D6ZW64|3.A.1.1.48	28.6	447	286	11	20	451	9	437	3.5e-45	179.1
BCW-201819_03064	gnl|TC-DB|D6ZW63|3.A.1.1.48	41.5	311	172	3	2	302	4	314	2.0e-59	226.1
BCW-201819_03065	gnl|TC-DB|D6ZW62|3.A.1.1.48	39.9	318	182	3	1	311	1	316	2.5e-58	222.2
BCW-201819_03068	gnl|TC-DB|Q53762|3.A.1.120.1	29.0	517	313	13	34	514	33	531	1.1e-34	144.4
BCW-201819_03072	gnl|TC-DB|Q0APL7|9.B.126.2.4	25.9	293	196	8	15	294	3	287	1.2e-13	73.9
BCW-201819_03084	gnl|TC-DB|O50455|1.A.35.3.5	36.0	367	183	6	2	349	33	366	8.6e-52	200.7
BCW-201819_03088	gnl|TC-DB|F4TJX1|2.A.1.52.2	28.8	371	259	4	5	370	7	377	2.4e-40	162.9
BCW-201819_03090	gnl|TC-DB|O05176|3.A.1.2.5	58.3	509	211	1	20	527	4	512	3.8e-168	587.8
BCW-201819_03091	gnl|TC-DB|O05177|3.A.1.2.5	38.2	380	231	2	12	390	22	398	3.8e-65	245.4
BCW-201819_03092	gnl|TC-DB|P25548|3.A.1.2.5	42.9	347	182	3	4	345	2	337	5.6e-70	261.2
BCW-201819_03097	gnl|TC-DB|E3IZF4|9.B.62.3.2	34.9	703	398	9	10	664	55	745	9.4e-95	344.4
BCW-201819_03110	gnl|TC-DB|D5CES3|2.A.7.1.10	44.1	102	57	0	1	102	1	102	7.1e-18	86.3
BCW-201819_03117	gnl|TC-DB|E3IZF4|9.B.62.3.2	28.1	670	397	13	7	612	70	718	4.8e-43	172.6
BCW-201819_03125	gnl|TC-DB|G0LRW8|3.A.1.15.15	26.7	240	174	2	29	267	23	261	1.5e-18	90.1
BCW-201819_03126	gnl|TC-DB|P96117|3.A.1.15.8	34.3	204	131	3	6	208	15	216	6.5e-31	131.0
BCW-201819_03128	gnl|TC-DB|Q8GBT7|4.A.1.1.5	52.1	436	188	5	3	422	33	463	3.6e-113	404.8
BCW-201819_03129	gnl|TC-DB|Q8GBT8|4.A.1.1.5	58.3	72	30	0	5	76	22	93	5.0e-16	79.7
BCW-201819_03130	gnl|TC-DB|Q8GGK3|4.A.1.2.5	39.4	127	71	2	3	127	470	592	4.1e-19	90.9
BCW-201819_03151	gnl|TC-DB|P31125|2.A.7.3.2	37.4	286	169	4	1	280	1	282	2.2e-41	166.0
BCW-201819_03154	gnl|TC-DB|P13512|2.A.4.1.1	41.0	293	164	3	1	291	1	286	6.2e-46	181.0
BCW-201819_03156	gnl|TC-DB|916553301|2.A.1.71.3	37.0	376	229	3	51	424	1	370	6.4e-41	164.9
BCW-201819_03158	gnl|TC-DB|P71879|2.A.1.3.49	37.0	395	248	1	34	428	3	396	1.0e-69	260.8
BCW-201819_03162	gnl|TC-DB|Q07837|8.A.9.1.2	29.5	474	281	14	17	473	116	553	7.6e-55	211.5
BCW-201819_03192	gnl|TC-DB|A2RJJ9|2.A.1.3.37	50.7	442	211	3	29	464	30	470	3.0e-108	388.7
BCW-201819_03195	gnl|TC-DB|O32182|2.A.1.3.33	38.4	515	292	8	24	516	9	520	1.6e-87	320.1
BCW-201819_03209	gnl|TC-DB|G4FGN6|3.A.1.1.41	35.4	277	174	4	33	305	2	277	1.7e-35	146.4
BCW-201819_03210	gnl|TC-DB|Q93J93|3.A.1.1.36	33.0	324	172	8	2	323	28	308	1.5e-35	146.7
BCW-201819_03223	gnl|TC-DB|M2X4H1|2.A.102.4.9	32.5	212	125	4	14	211	75	282	2.4e-14	75.9
BCW-201819_03242	gnl|TC-DB|P96063|3.A.1.11.5	46.7	362	181	6	9	362	10	367	4.4e-76	281.6
BCW-201819_03243	gnl|TC-DB|P96064|3.A.1.11.5	41.1	265	153	1	20	281	12	276	5.9e-49	191.0
BCW-201819_03244	gnl|TC-DB|P96065|3.A.1.11.5	38.9	262	159	1	1	262	1	261	1.6e-37	152.9
BCW-201819_03245	gnl|TC-DB|P96062|3.A.1.11.5	47.0	338	171	3	23	359	4	334	2.1e-77	285.8
BCW-201819_03248	gnl|TC-DB|Q53902|2.A.6.5.1	41.0	702	372	7	12	705	17	684	2.2e-118	422.9
BCW-201819_03262	gnl|TC-DB|Q52978|2.A.63.1.1	32.8	970	586	21	2	932	34	976	2.1e-95	347.1
BCW-201819_03263	gnl|TC-DB|Q7AJW0|2.A.63.1.2	44.1	102	55	2	5	104	3	104	2.6e-13	71.6
BCW-201819_03264	gnl|TC-DB|Q9KD98|2.A.63.1.2	41.1	448	254	5	1	445	1	441	6.0e-82	301.6
BCW-201819_03269	gnl|TC-DB|P77735|8.A.5.1.6	25.5	310	214	5	5	304	1	303	5.1e-20	95.1
BCW-201819_03281	gnl|TC-DB|Q9F9T4|3.A.1.5.23	46.7	559	284	4	3	549	19	575	1.3e-121	433.3
BCW-201819_03282	gnl|TC-DB|P26904|3.A.1.5.2	33.7	273	181	0	25	297	47	319	6.2e-43	171.0
BCW-201819_03283	gnl|TC-DB|P77308|3.A.1.5.38	36.0	331	192	4	7	317	7	337	5.1e-43	171.4
BCW-201819_03287	gnl|TC-DB|F2MU33|9.B.158.1.3	30.6	183	112	5	23	195	20	197	2.2e-14	75.9
BCW-201819_03288	gnl|TC-DB|P31141|2.A.1.2.32	29.7	394	256	7	11	394	8	390	1.3e-19	94.0
BCW-201819_03298	gnl|TC-DB|Q9FBS7|3.A.1.1.42	31.9	310	190	10	2	302	5	302	8.3e-27	117.5
BCW-201819_03299	gnl|TC-DB|Q9FBS6|3.A.1.1.42	28.9	298	205	4	15	310	6	298	8.2e-25	110.9
BCW-201819_03305	gnl|TC-DB|Q93J92|3.A.1.1.36	31.7	262	172	2	82	341	39	295	3.9e-28	122.1
BCW-201819_03306	gnl|TC-DB|O51924|3.A.1.1.7	28.7	282	198	3	26	306	12	291	2.7e-28	122.5
BCW-201819_03313	gnl|TC-DB|P42670|2.A.1.3.11	36.8	473	286	5	7	470	10	478	9.3e-57	217.6
BCW-201819_03314	gnl|TC-DB|Q1D3I3|3.A.1.103.4	46.4	261	131	4	30	284	8	265	1.0e-59	227.3
BCW-201819_03321	gnl|TC-DB|R4ZCJ4|3.A.1.148.2	35.2	213	137	1	18	229	14	226	2.3e-30	129.0
BCW-201819_03331	gnl|TC-DB|Q9FI56|3.A.9.1.2	56.7	809	337	5	15	814	94	898	3.6e-261	897.5
BCW-201819_03346	gnl|TC-DB|P25694|3.A.16.1.2	44.0	241	128	3	156	395	210	444	3.9e-53	206.1
BCW-201819_03355	gnl|TC-DB|P63144|8.A.5.1.3	37.6	330	192	8	1	323	71	393	4.3e-56	214.9
BCW-201819_03380	gnl|TC-DB|Q7AKK4|3.A.1.105.14	33.5	251	150	6	1	249	1	236	5.8e-24	107.8
BCW-201819_03402	gnl|TC-DB|P75892|2.A.40.1.3	44.7	443	218	7	2	427	5	437	7.1e-91	330.9
BCW-201819_03404	gnl|TC-DB|Q9WZS2|2.A.66.1.28	29.6	213	144	3	6	213	14	225	1.5e-16	84.0
BCW-201819_03406	gnl|TC-DB|P75810|2.A.1.60.2	43.2	384	206	4	1	382	1	374	1.3e-71	266.9
BCW-201819_03409	gnl|TC-DB|P76242|2.A.1.17.3	30.5	407	249	7	15	419	14	388	1.7e-33	140.2
BCW-201819_03416	gnl|TC-DB|P75810|2.A.1.60.2	35.4	376	239	1	6	381	3	374	4.9e-51	198.4
BCW-201819_03437	gnl|TC-DB|P76470|2.A.1.14.35	38.4	438	246	7	16	446	6	426	4.0e-81	298.5
BCW-201819_03445	gnl|TC-DB|Q7A677|3.A.1.11.8	30.1	269	172	9	33	289	3	267	1.3e-16	83.6
BCW-201819_03446	gnl|TC-DB|P31135|3.A.1.11.2	36.4	228	142	2	65	292	74	298	2.9e-30	129.0
BCW-201819_03448	gnl|TC-DB|P31134|3.A.1.11.2	44.7	356	184	6	14	361	20	370	9.1e-74	273.9
BCW-201819_03459	gnl|TC-DB|P76037|2.A.3.1.13	48.8	459	230	3	3	460	5	459	5.7e-115	411.0
BCW-201819_03475	gnl|TC-DB|Q83MP3|2.A.103.1.7	47.5	427	217	3	24	450	16	435	6.2e-109	391.0
BCW-201819_03477	gnl|TC-DB|D8HIS0|9.B.106.2.2	35.5	293	151	10	3	260	208	497	8.2e-31	131.7
BCW-201819_03478	gnl|TC-DB|D8HIS0|9.B.106.2.2	34.1	302	168	8	11	287	213	508	2.2e-31	133.7
BCW-201819_03481	gnl|TC-DB|Q46G03|9.B.104.1.2	29.2	195	121	5	84	262	12	205	1.4e-15	80.1
BCW-201819_03482	gnl|TC-DB|F4K2G0|3.D.1.8.1	44.7	161	66	7	15	171	103	244	2.1e-25	112.1
BCW-201819_03497	gnl|TC-DB|H3KBD2|2.A.9.3.7	26.7	262	134	7	1	259	347	553	2.9e-17	85.9
BCW-201819_03507	gnl|TC-DB|O05435|2.A.66.4.4	31.4	579	353	15	777	1339	3	553	1.0e-52	205.7
BCW-201819_03518	gnl|TC-DB|P0AB93|3.A.4.1.1	57.5	457	158	1	5	461	2	422	2.1e-138	488.8
BCW-201819_03525	gnl|TC-DB|Q9X897|2.A.4.8.1	59.5	227	86	3	4	226	3	227	1.4e-66	249.2
BCW-201819_03528	gnl|TC-DB|P13512|2.A.4.1.1	41.3	276	157	3	34	309	28	298	4.4e-47	184.9
BCW-201819_03529	gnl|TC-DB|E3IZF4|9.B.62.3.2	33.5	698	401	8	3	640	37	731	2.6e-89	326.2
BCW-201819_03537	gnl|TC-DB|Q939U6|5.A.1.2.7	35.5	234	127	6	19	235	9	235	1.8e-24	109.4
BCW-201819_03538	gnl|TC-DB|Q2J989|9.B.62.3.1	34.2	292	177	5	28	307	402	690	2.5e-31	132.5
BCW-201819_03546	gnl|TC-DB|G7U9A2|1.A.43.1.3	47.7	111	57	1	39	148	15	125	3.2e-20	94.7
BCW-201819_03569	gnl|TC-DB|Q9LA76|2.A.1.71.1	31.4	369	249	3	344	712	35	399	8.9e-27	118.6
BCW-201819_03570	gnl|TC-DB|P80874|8.A.5.1.4	30.1	296	160	7	27	283	15	302	1.2e-25	113.6
BCW-201819_03584	gnl|TC-DB|O29412|2.A.36.6.1	27.8	522	333	13	5	515	2	490	1.5e-28	124.0
BCW-201819_03593	gnl|TC-DB|P0AB98|3.A.2.1.1	98.9	92	1	0	1	92	180	271	6.4e-47	182.6
