BCW-201835_00007	gnl|TC-DB|Q54121|3.A.1.123.1	48.7	571	291	2	1	570	1	570	1.6e-148	522.7
BCW-201835_00045	gnl|TC-DB|O32182|2.A.1.3.33	25.5	420	294	7	17	426	21	431	1.5e-32	137.1
BCW-201835_00052	gnl|TC-DB|P94400|9.B.10.1.1	26.3	316	189	8	3	276	6	319	1.3e-22	103.6
BCW-201835_00059	gnl|TC-DB|Q99ZC8|3.A.1.132.6	27.8	223	154	3	1	221	1	218	1.2e-24	110.2
BCW-201835_00066	gnl|TC-DB|Q9RL74|3.A.1.134.11	74.2	252	65	0	1	252	1	252	7.8e-103	369.8
BCW-201835_00067	gnl|TC-DB|Q9KWJ6|3.A.1.134.11	61.7	626	240	0	1	626	1	626	2.7e-205	711.4
BCW-201835_00068	gnl|TC-DB|T1YED1|3.A.1.134.11	70.5	61	18	0	1	61	1	61	9.4e-18	85.1
BCW-201835_00078	gnl|TC-DB|D1GQ18|3.A.1.104.2	59.3	270	106	1	1	266	1	270	2.2e-92	335.1
BCW-201835_00080	gnl|TC-DB|Q99Z60|9.B.2.1.10	41.5	94	54	1	164	257	132	224	8.4e-15	77.4
BCW-201835_00091	gnl|TC-DB|Q8RKC0|3.A.1.122.3	39.3	405	235	7	1	400	1	399	1.1e-58	223.8
BCW-201835_00092	gnl|TC-DB|Q8RKC1|3.A.1.122.3	60.4	225	89	0	1	225	1	225	4.9e-72	267.3
BCW-201835_00115	gnl|TC-DB|P76630|2.A.78.1.3	28.7	181	124	4	5	180	14	194	8.0e-14	73.9
BCW-201835_00139	gnl|TC-DB|O69733|3.A.24.1.1	39.3	178	106	1	346	521	294	471	1.3e-32	138.3
BCW-201835_00141	gnl|TC-DB|P30000|2.A.1.5.3	43.8	409	221	3	9	417	6	405	2.1e-95	345.9
BCW-201835_00154	gnl|TC-DB|P42308|2.A.11.1.2	33.4	449	275	5	8	456	2	426	9.5e-67	250.8
BCW-201835_00157	gnl|TC-DB|Q5HE38|2.A.1.3.39	57.8	469	198	0	1	469	1	469	2.9e-143	505.0
BCW-201835_00168	gnl|TC-DB|P0AB24|2.A.108.2.3	41.6	221	128	1	59	279	149	368	1.7e-45	179.5
BCW-201835_00169	gnl|TC-DB|P31545|2.A.108.2.3	34.7	427	243	16	5	406	5	420	1.5e-58	223.4
BCW-201835_00170	gnl|TC-DB|P39595|2.A.108.2.5	24.4	439	322	5	137	569	37	471	2.1e-39	160.2
BCW-201835_00171	gnl|TC-DB|O05523|2.A.64.3.2	34.7	242	150	2	5	242	7	244	3.1e-40	161.8
BCW-201835_00177	gnl|TC-DB|P33231|2.A.14.1.1	44.6	536	273	6	5	524	7	534	1.9e-106	382.9
BCW-201835_00185	gnl|TC-DB|Q7A3X3|3.A.1.122.4	66.2	219	74	0	1	219	1	219	4.5e-78	287.3
BCW-201835_00189	gnl|TC-DB|I7FD23|2.A.1.2.97	33.5	391	241	5	15	395	19	400	3.6e-46	182.2
BCW-201835_00192	gnl|TC-DB|Q5HE38|2.A.1.3.39	43.9	408	229	0	155	562	11	418	1.0e-90	330.9
BCW-201835_00197	gnl|TC-DB|O31543|1.A.35.3.3	33.2	316	187	5	15	315	9	315	2.5e-42	169.1
BCW-201835_00199	gnl|TC-DB|Q9HZ58|2.A.27.1.3	41.5	402	231	4	2	401	4	403	1.6e-73	273.1
BCW-201835_00208	gnl|TC-DB|Q0W8T4|3.A.1.144.1	31.6	307	198	5	1	296	10	315	2.2e-40	162.5
BCW-201835_00210	gnl|TC-DB|A9T501|2.A.7.26.4	48.1	104	52	2	4	106	11	113	4.4e-23	103.6
BCW-201835_00220	gnl|TC-DB|Q1J2S8|2.A.53.3.13	31.9	386	261	1	2	387	8	391	3.9e-53	205.3
BCW-201835_00224	gnl|TC-DB|Q8EHX2|2.A.35.1.5	39.2	426	241	4	11	421	18	440	1.1e-75	280.4
BCW-201835_00227	gnl|TC-DB|P54715|4.A.1.1.8	56.5	529	224	4	1	527	1	525	4.4e-172	600.9
BCW-201835_00229	gnl|TC-DB|Q9K0A9|2.A.28.2.4	53.7	307	140	1	1	305	3	309	9.2e-82	300.1
BCW-201835_00234	gnl|TC-DB|P27837|2.A.3.1.15	57.0	456	188	2	5	456	7	458	3.6e-146	514.6
BCW-201835_00236	gnl|TC-DB|P77272|4.A.1.2.7	35.3	490	271	14	1	467	1	467	3.3e-62	235.7
BCW-201835_00244	gnl|TC-DB|P07658|3.D.1.9.2	34.0	698	436	12	257	939	1	688	6.7e-110	395.2
BCW-201835_00247	gnl|TC-DB|O86919|1.C.105.2.7	39.4	221	121	3	39	246	1231	1451	1.9e-40	162.5
BCW-201835_00250	gnl|TC-DB|P49857|2.A.7.1.5	52.0	102	49	0	3	104	4	105	4.3e-23	103.6
BCW-201835_00251	gnl|TC-DB|P49856|2.A.7.1.5	53.8	106	49	0	1	106	1	106	1.7e-25	111.7
BCW-201835_00255	gnl|TC-DB|P27611|2.A.35.1.1	31.7	448	292	6	15	458	16	453	1.0e-60	230.7
BCW-201835_00256	gnl|TC-DB|Q8L1D1|3.A.7.14.1	33.8	145	81	4	119	248	224	368	8.1e-12	67.4
BCW-201835_00269	gnl|TC-DB|O34931|3.A.1.3.13	34.8	224	146	0	3	226	7	230	2.7e-30	128.6
BCW-201835_00270	gnl|TC-DB|O34315|3.A.1.3.13	35.9	217	135	2	8	223	12	225	2.7e-30	128.6
BCW-201835_00272	gnl|TC-DB|P39456|3.A.1.3.14	50.6	243	119	1	1	242	1	243	2.0e-63	238.8
BCW-201835_00274	gnl|TC-DB|Q99RY8|3.A.1.14.7	66.7	303	96	1	1	303	1	298	6.1e-110	393.7
BCW-201835_00276	gnl|TC-DB|Q6GUB0|2.A.88.1.1	41.2	177	99	1	1	172	1	177	3.7e-30	127.9
BCW-201835_00280	gnl|TC-DB|Q8TJ86|3.A.1.8.2	40.2	204	122	0	5	208	10	213	9.5e-36	146.7
BCW-201835_00281	gnl|TC-DB|P16676|3.A.1.6.1	35.9	198	109	3	16	201	20	211	4.8e-31	131.0
BCW-201835_00292	gnl|TC-DB|P0A4K4|2.A.1.2.34	26.1	295	203	10	86	369	84	374	8.5e-11	64.7
BCW-201835_00297	gnl|TC-DB|D4G632|2.A.6.3.9	44.9	1051	570	5	1	1047	4	1049	4.1e-214	741.5
BCW-201835_00298	gnl|TC-DB|U5UP25|1.E.55.3.1	100.0	105	0	0	1	105	1	105	1.4e-45	178.3
BCW-201835_00302	gnl|TC-DB|O07881|2.A.7.5.1	77.5	284	64	0	4	287	1	284	1.3e-117	419.1
BCW-201835_00304	gnl|TC-DB|Q07711|3.A.7.7.1	32.0	631	391	14	1	604	1	620	1.7e-78	290.4
BCW-201835_00305	gnl|TC-DB|O34987|2.A.40.7.2	59.7	442	175	1	1	442	1	439	3.4e-138	488.0
BCW-201835_00328	gnl|TC-DB|P16336|3.A.5.2.1	60.0	433	163	5	1	428	1	428	3.9e-139	491.1
BCW-201835_00336	gnl|TC-DB|Q5M243|3.A.1.25.6	46.5	269	138	2	7	269	1	269	2.3e-68	255.4
BCW-201835_00337	gnl|TC-DB|Q839D4|3.A.1.26.7	48.8	248	127	0	1	248	1	248	5.4e-68	254.2
BCW-201835_00338	gnl|TC-DB|Q839D3|3.A.1.26.7	40.7	263	155	1	1	262	1	263	1.7e-52	202.6
BCW-201835_00350	gnl|TC-DB|P0A0D6|4.A.3.1.1	85.4	103	15	0	1	103	1	103	3.3e-44	173.7
BCW-201835_00351	gnl|TC-DB|P11162|4.A.3.1.1	85.1	572	82	1	1	572	2	570	1.7e-278	954.5
BCW-201835_00361	gnl|TC-DB|A6QJ21|2.A.1.21.7	79.6	387	78	1	1	386	1	387	1.3e-173	605.5
BCW-201835_00364	gnl|TC-DB|Q8GRB3|3.A.1.14.8	37.6	287	164	4	37	322	28	300	1.7e-44	176.4
BCW-201835_00365	gnl|TC-DB|Q8GRB2|3.A.1.14.8	42.6	270	153	2	71	338	73	342	1.8e-54	209.5
BCW-201835_00366	gnl|TC-DB|Q8GRB1|3.A.1.14.8	41.3	305	177	1	16	318	13	317	5.0e-62	234.6
BCW-201835_00367	gnl|TC-DB|Q8EHH6|9.A.5.1.1	46.5	454	229	3	6	454	6	450	7.0e-102	367.5
BCW-201835_00372	gnl|TC-DB|A4VGV1|1.C.113.1.3	34.1	173	111	2	55	226	34	204	6.1e-22	100.9
BCW-201835_00373	gnl|TC-DB|Q99S97|2.A.1.3.60	77.6	441	99	0	1	441	1	441	8.4e-185	642.9
BCW-201835_00375	gnl|TC-DB|Q5HE38|2.A.1.3.39	76.2	479	114	0	1	479	1	479	1.6e-197	685.3
BCW-201835_00376	gnl|TC-DB|A0L4L0|3.A.1.132.3	45.3	181	98	1	113	292	93	273	8.5e-39	157.5
BCW-201835_00392	gnl|TC-DB|P96704|2.A.3.1.16	59.2	240	98	0	5	244	15	254	4.1e-85	310.8
BCW-201835_00393	gnl|TC-DB|P0AAE0|2.A.3.1.7	42.6	202	115	1	1	202	268	468	9.9e-40	159.8
BCW-201835_00402	gnl|TC-DB|Q7A3E6|3.A.3.5.19	72.6	793	216	1	1	792	1	793	0.0e+00	1102.8
BCW-201835_00408	gnl|TC-DB|Q57986|9.A.8.1.9	37.2	680	394	14	2	663	3	667	3.0e-114	409.1
BCW-201835_00410	gnl|TC-DB|Q9FI56|3.A.9.1.2	42.0	691	350	8	46	695	230	910	7.5e-148	520.8
BCW-201835_00411	gnl|TC-DB|O31543|1.A.35.3.3	28.1	288	203	3	31	317	31	315	3.1e-32	135.6
BCW-201835_00415	gnl|TC-DB|Q6MMK1|2.A.6.6.11	36.9	434	255	7	1	426	5	427	5.4e-64	241.5
BCW-201835_00416	gnl|TC-DB|Q8L1D1|3.A.7.14.1	35.7	112	62	3	42	144	258	368	1.8e-11	65.5
BCW-201835_00419	gnl|TC-DB|P60646|1.E.14.1.2	67.2	128	42	0	1	128	1	128	7.2e-44	172.9
BCW-201835_00420	gnl|TC-DB|D6SC34|2.A.122.1.2	78.2	229	50	0	1	229	3	231	1.7e-93	338.6
BCW-201835_00422	gnl|TC-DB|Q53922|4.A.1.1.14	75.1	687	171	0	1	687	4	690	1.1e-303	1038.5
BCW-201835_00427	gnl|TC-DB|P94357|2.A.115.1.2	43.3	270	153	0	12	281	7	276	1.8e-60	229.2
BCW-201835_00456	gnl|TC-DB|Q8CR56|2.A.120.1.1	80.9	345	66	0	1	345	1	345	2.4e-150	528.1
BCW-201835_00465	gnl|TC-DB|P42237|2.A.1.14.1	30.7	401	258	7	4	387	13	410	2.7e-47	186.0
BCW-201835_00474	gnl|TC-DB|P12012|2.A.8.1.1	61.3	447	172	1	7	452	2	448	2.4e-147	518.5
BCW-201835_00494	gnl|TC-DB|Q5F721|2.A.68.1.2	39.4	507	294	5	14	508	11	516	1.2e-102	370.2
BCW-201835_00500	gnl|TC-DB|P30329|2.A.45.1.1	82.1	429	77	0	2	430	1	429	2.4e-189	657.9
BCW-201835_00505	gnl|TC-DB|P77279|3.A.1.139.2	44.9	205	111	2	2	205	7	210	1.3e-40	162.9
BCW-201835_00506	gnl|TC-DB|P77307|3.A.1.139.2	45.2	248	135	1	1	248	6	252	5.2e-54	207.6
BCW-201835_00511	gnl|TC-DB|Q797E3|2.A.1.2.25	28.9	388	257	5	12	391	11	387	2.1e-38	156.4
BCW-201835_00513	gnl|TC-DB|O07002|2.A.3.11.1	29.3	508	335	8	14	512	11	503	4.5e-58	222.2
BCW-201835_00516	gnl|TC-DB|O34992|3.A.1.12.4	58.6	379	156	1	1	378	1	379	2.2e-126	448.7
BCW-201835_00517	gnl|TC-DB|O34878|3.A.1.12.4	51.4	208	101	0	1	208	4	211	5.0e-55	210.7
BCW-201835_00518	gnl|TC-DB|O32243|3.A.1.12.4	50.8	303	146	2	5	307	4	303	6.8e-88	320.5
BCW-201835_00519	gnl|TC-DB|O34742|3.A.1.12.4	59.0	217	89	0	5	221	3	219	2.0e-65	245.4
BCW-201835_00520	gnl|TC-DB|P60643|2.A.122.1.3	69.7	231	70	0	1	231	1	231	1.7e-83	305.4
BCW-201835_00521	gnl|TC-DB|P72358|1.E.14.1.1	58.2	134	53	1	12	145	6	136	6.9e-35	143.3
BCW-201835_00522	gnl|TC-DB|Q7A5M0|2.A.1.3.23	59.1	464	183	3	1	463	1	458	5.6e-147	517.3
BCW-201835_00527	gnl|TC-DB|P54544|2.A.9.3.3	33.7	246	145	7	8	240	13	253	1.7e-31	132.9
BCW-201835_00529	gnl|TC-DB|H1X8H0|2.A.3.14.3	48.1	615	308	5	1	609	1	610	2.3e-153	538.9
BCW-201835_00530	gnl|TC-DB|O32212|2.A.36.3.2	35.0	386	239	4	22	406	21	395	5.4e-56	215.7
BCW-201835_00531	gnl|TC-DB|P96704|2.A.3.1.16	52.5	442	208	1	5	446	15	454	6.6e-132	467.2
BCW-201835_00540	gnl|TC-DB|Q97PQ1|2.A.4.7.6	41.3	281	164	1	6	285	7	287	5.1e-61	231.1
BCW-201835_00544	gnl|TC-DB|Q7A3S4|2.A.1.3.61	79.7	469	95	0	1	469	1	469	8.1e-210	726.1
BCW-201835_00545	gnl|TC-DB|P42199|3.A.1.3.14	45.9	270	132	5	1	258	1	268	1.3e-57	219.5
BCW-201835_00546	gnl|TC-DB|P42200|3.A.1.3.14	51.6	223	97	2	17	238	18	230	3.4e-55	211.5
BCW-201835_00547	gnl|TC-DB|P39456|3.A.1.3.14	56.0	243	104	1	1	240	1	243	6.1e-73	270.4
BCW-201835_00551	gnl|TC-DB|O34966|3.A.1.15.11	37.7	321	189	5	1	316	1	315	6.1e-39	157.9
BCW-201835_00554	gnl|TC-DB|Q5AST3|1.A.16.2.2	28.2	259	179	5	10	264	6	261	3.2e-17	85.5
BCW-201835_00561	gnl|TC-DB|P09152|5.A.3.1.1	50.0	1214	573	15	2	1195	36	1235	0.0e+00	1290.0
BCW-201835_00562	gnl|TC-DB|P11349|5.A.3.1.1	60.0	493	188	5	1	491	1	486	5.9e-182	633.6
BCW-201835_00564	gnl|TC-DB|P0AF32|5.A.3.1.2	36.6	224	139	3	2	224	5	226	9.5e-36	146.7
BCW-201835_00568	gnl|TC-DB|O33854|2.A.1.8.15	72.8	345	94	0	1	345	1	345	2.0e-139	491.9
BCW-201835_00573	gnl|TC-DB|P24943|2.A.23.1.2	50.7	420	203	1	6	425	2	417	3.0e-115	411.8
BCW-201835_00578	gnl|TC-DB|P39794|4.A.1.2.8	51.0	469	224	4	5	473	6	468	2.9e-127	451.8
BCW-201835_00584	gnl|TC-DB|Q8RFA1|2.A.8.1.13	34.1	451	260	7	17	437	1	444	4.6e-58	221.9
BCW-201835_00591	gnl|TC-DB|Q05839|8.A.9.1.1	28.3	534	306	14	6	509	110	596	7.9e-60	228.0
BCW-201835_00592	gnl|TC-DB|P39794|4.A.1.2.8	50.1	473	227	4	1	467	1	470	4.1e-129	458.0
BCW-201835_00598	gnl|TC-DB|H3P2R4|9.B.141.1.2	34.0	241	159	0	1	241	1	241	5.0e-33	137.9
BCW-201835_00604	gnl|TC-DB|Q8L1D1|3.A.7.14.1	40.2	117	63	2	159	268	252	368	2.8e-18	89.0
BCW-201835_00624	gnl|TC-DB|Q8PUP5|9.B.143.2.3	31.6	209	138	2	14	218	21	228	1.2e-22	103.2
BCW-201835_00625	gnl|TC-DB|s6ex81|2.A.3.3.23	62.0	463	174	1	10	472	5	465	5.2e-156	547.4
BCW-201835_00634	gnl|TC-DB|Q86Z14|8.A.49.1.2	25.5	486	288	17	5	476	82	507	3.5e-35	146.0
BCW-201835_00635	gnl|TC-DB|P08722|4.A.1.2.2	36.3	625	392	5	7	627	3	625	1.4e-108	390.2
BCW-201835_00639	gnl|TC-DB|H1XXY9|8.A.7.1.5	25.5	444	240	10	446	875	191	557	1.1e-31	135.2
BCW-201835_00640	gnl|TC-DB|P69451|4.C.1.1.4	26.9	491	316	11	62	518	70	551	1.3e-43	174.1
BCW-201835_00643	gnl|TC-DB|Q7A5M0|2.A.1.3.23	60.0	453	180	1	4	456	6	457	2.0e-144	508.8
BCW-201835_00648	gnl|TC-DB|P54417|2.A.15.1.1	31.5	504	330	7	15	518	12	500	2.0e-71	266.5
BCW-201835_00649	gnl|TC-DB|P0ABN5|2.A.13.1.1	31.1	440	281	9	3	428	1	432	3.2e-48	189.1
BCW-201835_00653	gnl|TC-DB|Q8L1D1|3.A.7.14.1	36.1	122	68	3	137	248	247	368	2.8e-12	68.9
BCW-201835_00657	gnl|TC-DB|Q8NLX4|2.A.102.4.8	42.3	272	146	4	1	266	1	267	7.2e-47	184.1
BCW-201835_00667	gnl|TC-DB|Q8DQ76|3.A.1.134.4	24.3	670	467	15	13	663	12	660	2.1e-30	130.6
BCW-201835_00668	gnl|TC-DB|F2HM70|3.A.1.134.10	52.0	248	117	1	1	246	1	248	9.4e-69	256.5
BCW-201835_00686	gnl|TC-DB|P49022|9.B.74.1.1	28.7	994	552	14	1	943	4	891	6.6e-46	182.6
BCW-201835_00687	gnl|TC-DB|Q07727|3.A.7.7.1	42.3	123	71	0	561	683	236	358	6.7e-24	109.0
BCW-201835_00691	gnl|TC-DB|P65374|2.A.6.5.5	25.0	733	504	13	5	708	1	716	3.5e-49	193.4
BCW-201835_00692	gnl|TC-DB|Q8U4S3|3.A.1.12.9	31.1	302	194	11	8	303	7	300	1.2e-25	113.6
BCW-201835_00707	gnl|TC-DB|P16683|3.A.1.9.1	33.7	249	157	4	23	271	19	259	6.3e-34	141.0
BCW-201835_00708	gnl|TC-DB|P16683|3.A.1.9.1	35.2	256	151	3	14	263	10	256	1.4e-33	139.8
BCW-201835_00709	gnl|TC-DB|A0QQ70|3.A.1.9.2	42.9	240	136	1	7	246	14	252	3.3e-48	188.3
BCW-201835_00712	gnl|TC-DB|P23910|2.A.1.2.14	29.0	252	179	0	5	256	2	253	3.9e-29	125.6
BCW-201835_00723	gnl|TC-DB|Q38YQ0|2.A.118.1.7	73.0	518	137	2	7	521	1	518	2.6e-214	741.1
BCW-201835_00734	gnl|TC-DB|Q41364|2.A.47.3.1	45.6	467	250	2	8	472	105	569	7.4e-115	410.6
BCW-201835_00735	gnl|TC-DB|P27844|2.A.7.7.2	39.0	282	165	2	6	285	7	283	6.7e-53	204.1
BCW-201835_00737	gnl|TC-DB|G8RFY4|2.A.52.1.5	84.4	334	51	1	5	338	17	349	4.2e-160	560.5
BCW-201835_00741	gnl|TC-DB|Q7A3X3|3.A.1.122.4	38.2	220	133	2	2	219	3	221	3.8e-37	151.4
BCW-201835_00745	gnl|TC-DB|P42332|3.A.1.131.1	38.0	297	183	1	1	296	1	297	3.0e-53	205.3
BCW-201835_00763	gnl|TC-DB|Q9A0K0|3.A.1.105.7	41.0	205	113	5	2	199	4	207	7.0e-31	130.6
BCW-201835_00769	gnl|TC-DB|C9NXL0|2.A.118.1.4	35.4	441	270	7	28	464	34	463	7.6e-72	267.7
BCW-201835_00781	gnl|TC-DB|Q93PN3|3.A.1.14.7	37.5	312	184	3	1	310	1	303	5.3e-53	204.5
BCW-201835_00782	gnl|TC-DB|P77735|8.A.5.1.6	24.9	289	170	10	13	255	26	313	2.6e-14	75.9
BCW-201835_00784	gnl|TC-DB|P33594|3.A.1.5.3	35.7	196	118	4	12	199	23	218	1.1e-25	113.2
BCW-201835_00785	gnl|TC-DB|I0C7E8|3.A.1.5.33	33.9	233	137	3	15	231	20	251	3.9e-30	128.3
BCW-201835_00786	gnl|TC-DB|P51000|3.A.1.5.27	30.2	242	163	1	2	237	42	283	2.4e-29	125.6
BCW-201835_00787	gnl|TC-DB|P33591|3.A.1.5.3	29.8	312	207	5	1	306	5	310	6.3e-25	111.3
BCW-201835_00788	gnl|TC-DB|Q2FVE7|3.A.1.5.43	27.6	511	338	15	14	500	16	518	1.5e-36	150.6
BCW-201835_00797	gnl|TC-DB|O05390|2.A.1.18.3	50.5	404	200	0	8	411	14	417	5.0e-115	411.0
BCW-201835_00814	gnl|TC-DB|Q9ZK21|1.C.82.1.1	53.1	226	105	1	1	225	1	226	1.5e-60	229.2
BCW-201835_00827	gnl|TC-DB|Q9FI56|3.A.9.1.2	57.2	811	332	6	2	799	94	902	2.2e-263	904.8
BCW-201835_00831	gnl|TC-DB|P39141|2.A.41.1.2	64.8	403	127	5	1	401	1	390	1.5e-132	469.2
BCW-201835_00842	gnl|TC-DB|O34474|2.A.66.1.25	28.0	443	307	7	12	443	17	458	2.0e-45	179.9
BCW-201835_00858	gnl|TC-DB|P80874|8.A.5.1.4	36.8	307	187	6	6	307	5	309	4.4e-47	184.9
BCW-201835_00866	gnl|TC-DB|H1HDR4|2.A.79.1.4	28.5	246	162	6	10	246	3	243	6.4e-12	67.8
BCW-201835_00867	gnl|TC-DB|W4C0M8|2.A.79.1.7	40.0	135	79	1	4	138	2	134	7.3e-24	106.7
BCW-201835_00877	gnl|TC-DB|P0C0L7|2.A.1.6.4	40.4	441	252	4	7	439	14	451	2.1e-93	339.3
BCW-201835_00884	gnl|TC-DB|P94398|9.B.10.1.1	47.1	293	149	1	6	292	7	299	2.6e-73	271.9
BCW-201835_00885	gnl|TC-DB|Q07YH1|2.A.1.14.25	23.8	432	292	8	1	419	8	415	9.1e-27	117.9
BCW-201835_00910	gnl|TC-DB|P00550|4.A.2.1.2	38.1	134	80	1	8	138	499	632	2.0e-23	105.1
BCW-201835_00912	gnl|TC-DB|P42956|4.A.2.1.5	52.4	510	208	3	3	512	4	478	5.4e-127	451.1
BCW-201835_00917	gnl|TC-DB|O85143|2.A.4.1.2	68.2	289	92	0	24	312	21	309	1.1e-103	372.9
BCW-201835_00943	gnl|TC-DB|P40290|3.A.6.1.1	30.1	272	159	8	142	395	121	379	1.1e-16	84.3
BCW-201835_00954	gnl|TC-DB|W8TRQ6|1.A.77.3.20	67.3	113	37	0	1	113	1	113	7.6e-37	149.4
BCW-201835_00955	gnl|TC-DB|P0AB98|3.A.2.1.1	35.1	225	118	12	31	235	49	265	4.9e-22	101.3
BCW-201835_00958	gnl|TC-DB|Q9RMB3|3.A.2.1.5	31.4	175	117	3	1	174	1	173	2.1e-17	85.5
BCW-201835_00959	gnl|TC-DB|P50000|3.A.2.1.5	64.3	504	174	3	1	501	1	501	5.6e-177	617.1
BCW-201835_00960	gnl|TC-DB|P0ABA6|3.A.2.1.1	36.9	287	181	0	1	287	1	287	4.2e-52	201.4
BCW-201835_00961	gnl|TC-DB|P50002|3.A.2.1.5	70.3	462	133	1	3	464	5	462	2.1e-186	648.3
BCW-201835_00973	gnl|TC-DB|P54544|2.A.9.3.3	36.2	235	136	6	30	256	38	266	2.9e-37	152.1
BCW-201835_00979	gnl|TC-DB|P07373|2.A.103.1.3	34.5	374	215	9	18	383	9	360	8.3e-43	171.0
BCW-201835_00982	gnl|TC-DB|P38919|3.A.18.1.1	37.2	355	220	3	4	356	40	393	3.1e-66	249.2
BCW-201835_01006	gnl|TC-DB|P25737|2.A.3.1.2	46.3	477	247	7	2	473	9	481	6.7e-111	397.5
BCW-201835_01015	gnl|TC-DB|Q5G3M2|3.A.7.19.1	49.6	127	60	4	53	176	56	181	7.2e-23	103.6
BCW-201835_01021	gnl|TC-DB|Q8DNB9|3.A.1.142.1	35.9	290	176	5	1	283	3	289	1.3e-45	179.9
BCW-201835_01039	gnl|TC-DB|P18156|1.A.8.2.1	65.9	217	74	0	1	217	1	217	4.5e-80	294.3
BCW-201835_01046	gnl|TC-DB|P69451|4.C.1.1.4	26.1	345	238	8	132	460	206	549	8.1e-29	124.8
BCW-201835_01054	gnl|TC-DB|P80874|8.A.5.1.4	33.3	168	85	7	14	160	15	176	3.0e-15	79.0
BCW-201835_01056	gnl|TC-DB|P37002|1.A.43.1.1	39.6	111	61	3	4	108	6	116	1.5e-11	65.5
BCW-201835_01063	gnl|TC-DB|O86919|1.C.105.2.7	47.8	245	118	4	40	276	1221	1463	4.1e-52	201.4
BCW-201835_01074	gnl|TC-DB|O34546|2.A.1.2.69	51.5	388	187	1	3	389	1	388	6.5e-104	374.0
BCW-201835_01093	gnl|TC-DB|P21458|3.A.12.1.1	48.2	490	241	5	794	1270	290	779	9.0e-123	438.3
BCW-201835_01101	gnl|TC-DB|P69451|4.C.1.1.4	28.2	517	323	15	72	553	47	550	8.6e-41	164.9
BCW-201835_01115	gnl|TC-DB|P0A6W3|9.B.146.1.6	42.7	330	169	5	4	316	28	354	2.2e-57	219.2
BCW-201835_01123	gnl|TC-DB|Q81WE1|9.A.4.2.1	46.0	87	47	0	6	92	1	87	1.2e-16	82.0
BCW-201835_01133	gnl|TC-DB|P39766|2.A.40.1.4	55.3	416	183	2	15	429	8	421	5.5e-117	417.5
BCW-201835_01146	gnl|TC-DB|Q9ZKE4|3.A.11.3.1	36.2	486	293	7	289	774	129	597	1.2e-75	281.2
BCW-201835_01153	gnl|TC-DB|D8HIS0|9.B.106.2.2	31.0	336	189	10	5	299	213	546	4.3e-31	132.9
BCW-201835_01165	gnl|TC-DB|Q6UKY4|3.D.1.6.4	65.5	58	20	0	17	74	66	123	1.6e-14	74.7
BCW-201835_01168	gnl|TC-DB|P10121|3.A.5.1.1	49.7	302	148	2	85	386	197	494	6.8e-80	294.3
BCW-201835_01170	gnl|TC-DB|P0AGD7|3.A.5.1.1	50.8	453	216	2	3	454	2	448	5.1e-121	431.0
BCW-201835_01209	gnl|TC-DB|P21458|3.A.12.1.1	48.5	773	352	12	46	796	33	781	3.6e-162	568.5
BCW-201835_01216	gnl|TC-DB|K0WKG7|4.F.1.1.8	39.5	185	94	4	1	181	1	171	2.8e-20	95.1
BCW-201835_01228	gnl|TC-DB|A7NRF9|3.A.1.26.5	42.8	159	87	3	4	160	13	169	2.1e-24	108.6
BCW-201835_01241	gnl|TC-DB|O34897|1.A.23.3.1	35.3	184	114	1	90	273	82	260	3.4e-25	112.1
BCW-201835_01247	gnl|TC-DB|Q5G3M3|3.A.7.19.1	47.7	172	67	3	1	171	1	150	1.2e-33	139.4
BCW-201835_01270	gnl|TC-DB|G4NXW2|2.A.76.1.8	37.6	213	123	4	1	206	1	210	8.0e-29	123.6
BCW-201835_01278	gnl|TC-DB|P54596|2.A.23.1.4	57.5	452	190	2	1	451	1	451	1.0e-129	459.9
BCW-201835_01284	gnl|TC-DB|P42086|2.A.40.3.1	55.5	411	181	1	2	410	7	417	4.9e-118	421.0
BCW-201835_01288	gnl|TC-DB|P94400|9.B.10.1.1	66.8	398	131	1	1	398	1	397	5.3e-154	540.4
BCW-201835_01290	gnl|TC-DB|O05469|2.A.77.1.1	70.2	205	61	0	1	205	5	209	1.1e-75	279.3
BCW-201835_01299	gnl|TC-DB|Q9KDT3|2.A.22.5.3	35.9	449	262	8	4	438	9	445	2.3e-65	246.1
BCW-201835_01309	gnl|TC-DB|Q7W286|1.B.54.1.5	32.1	1441	844	56	1022	2372	400	1796	5.8e-89	327.0
BCW-201835_01318	gnl|TC-DB|Q4ZD59|1.E.31.3.1	52.5	80	38	0	4	83	3	82	2.3e-19	90.9
BCW-201835_01327	gnl|TC-DB|B7L5V2|1.A.34.1.3	33.3	135	87	3	1454	1585	81	215	2.1e-11	68.9
BCW-201835_01384	gnl|TC-DB|Q65GF5|3.D.10.1.1	75.2	250	62	0	26	275	3	252	1.6e-117	418.7
BCW-201835_01385	gnl|TC-DB|Q65GF4|3.D.10.1.1	82.3	582	103	0	1	582	1	582	1.4e-288	988.0
BCW-201835_01386	gnl|TC-DB|Q65GF3|3.D.10.1.1	53.0	198	92	1	7	204	6	202	6.2e-58	220.3
BCW-201835_01403	gnl|TC-DB|P80874|8.A.5.1.4	33.9	183	96	8	1	159	1	182	8.6e-18	87.4
BCW-201835_01406	gnl|TC-DB|O32212|2.A.36.3.2	30.5	236	161	2	22	256	22	255	4.0e-22	101.7
BCW-201835_01414	gnl|TC-DB|F2HK99|2.A.26.1.9	62.1	454	169	1	2	452	1	454	5.8e-157	550.4
BCW-201835_01415	gnl|TC-DB|P95908|2.A.1.1.15	26.0	416	284	6	36	451	25	416	6.4e-31	131.7
BCW-201835_01425	gnl|TC-DB|Q9X4M3|2.A.7.5.2	55.4	294	130	1	1	293	1	294	6.9e-87	317.0
BCW-201835_01431	gnl|TC-DB|Q7A3S4|2.A.1.3.61	44.4	410	228	0	12	421	4	413	4.4e-91	331.6
BCW-201835_01434	gnl|TC-DB|Q3Z8A7|3.A.1.105.6	35.3	184	118	1	161	343	42	225	4.2e-25	112.1
BCW-201835_01435	gnl|TC-DB|P0A9U1|3.A.1.105.15	37.1	240	144	3	3	235	327	566	2.1e-44	175.6
BCW-201835_01440	gnl|TC-DB|G8V0I4|3.A.1.5.33	85.2	532	79	0	1	532	1	532	3.5e-270	926.8
BCW-201835_01441	gnl|TC-DB|Q2FVE8|3.A.1.5.43	83.0	311	53	0	1	311	1	311	1.1e-143	505.8
BCW-201835_01442	gnl|TC-DB|Q2FVE9|3.A.1.5.43	84.0	287	46	0	1	287	1	287	5.4e-116	413.7
BCW-201835_01443	gnl|TC-DB|Q2FVF0|3.A.1.5.43	76.4	271	64	0	1	271	1	271	2.0e-117	418.3
BCW-201835_01444	gnl|TC-DB|I0C7E7|3.A.1.5.33	76.3	249	59	0	1	249	4	252	2.8e-105	377.9
BCW-201835_01445	gnl|TC-DB|Q2FVF2|2.A.1.46.10	86.0	387	54	0	1	387	1	387	4.3e-185	643.7
BCW-201835_01454	gnl|TC-DB|O31645|4.A.2.1.6	58.9	655	259	5	1	651	1	649	2.5e-185	645.2
BCW-201835_01456	gnl|TC-DB|P54544|2.A.9.3.3	31.6	247	152	5	5	241	14	253	1.1e-30	130.2
BCW-201835_01464	gnl|TC-DB|P18275|2.A.3.2.3	47.2	483	238	4	1	471	1	478	5.0e-119	424.5
BCW-201835_01468	gnl|TC-DB|Q1J2S8|2.A.53.3.13	52.3	470	222	1	8	475	16	485	1.9e-126	449.1
BCW-201835_01474	gnl|TC-DB|Q9AET6|3.A.5.10.1	45.2	803	411	4	10	796	4	793	2.0e-192	669.1
BCW-201835_01476	gnl|TC-DB|Q9AET8|3.A.5.10.1	36.8	527	308	8	1	521	1	508	1.7e-96	349.7
BCW-201835_01477	gnl|TC-DB|Q9AET9|3.A.5.10.1	31.5	534	332	16	1	514	1	520	4.7e-62	235.3
BCW-201835_01478	gnl|TC-DB|Q9AEU0|3.A.5.10.1	26.3	410	279	10	6	397	1	405	6.9e-29	124.8
BCW-201835_01483	gnl|TC-DB|P36554|2.A.1.3.26	24.6	410	303	4	10	418	4	408	4.9e-34	142.1
BCW-201835_01489	gnl|TC-DB|O34521|4.A.1.1.7	44.7	486	230	5	1	486	1	447	2.1e-104	375.9
BCW-201835_01500	gnl|TC-DB|P0AD30|2.A.102.3.1	35.0	246	155	3	8	250	13	256	1.9e-27	119.4
BCW-201835_01505	gnl|TC-DB|P11024|3.D.2.3.1	33.5	346	192	8	1	317	57	393	3.7e-37	152.1
BCW-201835_01517	gnl|TC-DB|P0AAE0|2.A.3.1.7	51.9	451	212	4	4	450	18	467	6.2e-135	477.2
BCW-201835_01530	gnl|TC-DB|K7VV21|2.A.3.1.18	54.5	490	207	6	2	485	4	483	2.2e-141	498.8
BCW-201835_01567	gnl|TC-DB|O32047|2.A.6.4.2	51.6	739	352	3	3	740	2	735	5.1e-198	687.6
BCW-201835_01583	gnl|TC-DB|Q6MDD6|3.A.7.16.1	35.0	755	436	13	12	750	4	719	4.8e-109	392.1
BCW-201835_01598	gnl|TC-DB|I4CVM2|2.A.55.3.5	50.3	392	194	1	20	410	14	405	9.4e-106	380.2
BCW-201835_01608	gnl|TC-DB|P39694|3.A.11.1.1	39.7	174	99	3	56	223	31	204	4.7e-27	117.9
BCW-201835_01609	gnl|TC-DB|G2JTB4|3.A.11.1.4	66.7	141	47	0	1	141	1	141	2.5e-56	214.5
BCW-201835_01610	gnl|TC-DB|Q8DQ40|3.A.11.1.2	28.8	448	295	11	276	715	304	735	2.3e-30	130.6
BCW-201835_01617	gnl|TC-DB|G4NXA5|1.A.33.1.4	80.9	572	109	0	1	572	1	572	1.1e-262	902.1
BCW-201835_01639	gnl|TC-DB|O00571|1.I.1.1.3	31.2	369	211	8	23	360	199	555	3.1e-46	182.6
BCW-201835_01641	gnl|TC-DB|O34946|3.A.1.15.11	41.0	210	121	2	8	216	6	213	1.0e-38	156.8
BCW-201835_01642	gnl|TC-DB|O34610|3.A.1.15.11	36.7	251	149	3	5	253	3	245	2.5e-33	139.0
BCW-201835_01648	gnl|TC-DB|F0Z2G1|9.B.104.1.3	33.1	181	115	3	160	334	32	212	6.9e-15	78.6
BCW-201835_01653	gnl|TC-DB|P25953|3.A.14.1.1	42.0	269	145	4	6	266	9	274	8.6e-54	207.2
BCW-201835_01654	gnl|TC-DB|G2JS06|3.A.14.1.2	26.1	333	241	3	24	354	14	343	3.1e-25	112.5
BCW-201835_01687	gnl|TC-DB|P54538|2.A.85.5.1	35.6	320	205	1	7	325	2	321	6.9e-51	197.6
BCW-201835_01691	gnl|TC-DB|Q05839|8.A.9.1.1	31.1	543	311	16	5	521	108	613	2.9e-70	262.7
BCW-201835_01697	gnl|TC-DB|P77735|8.A.5.1.6	29.6	297	180	7	1	271	1	294	1.7e-32	136.3
BCW-201835_01707	gnl|TC-DB|D3EWM9|2.A.87.1.3	78.7	174	37	0	5	178	3	176	9.7e-63	236.1
BCW-201835_01710	gnl|TC-DB|Q5EAK4|2.A.16.2.2	28.2	340	212	10	20	333	1378	1711	1.3e-23	107.5
BCW-201835_01750	gnl|TC-DB|D3QD12|2.A.88.8.1	82.5	234	41	0	1	234	1	234	5.9e-105	376.7
BCW-201835_01759	gnl|TC-DB|Q53922|4.A.1.1.14	50.7	140	68	1	18	157	547	685	1.3e-37	152.5
BCW-201835_01761	gnl|TC-DB|O35002|9.B.174.1.1	36.4	437	264	6	66	492	45	477	3.8e-69	258.8
BCW-201835_01769	gnl|TC-DB|Q2SDB1|3.A.1.132.4	25.5	188	126	2	6	179	2	189	4.7e-16	81.6
BCW-201835_01776	gnl|TC-DB|P19072|2.A.26.1.1	38.3	426	245	8	8	430	12	422	1.3e-63	240.4
BCW-201835_01790	gnl|TC-DB|Q83XH1|3.A.1.121.4	67.7	526	167	2	1	526	1	523	6.5e-208	719.9
BCW-201835_01793	gnl|TC-DB|O51234|3.A.1.7.5	38.7	279	158	9	28	300	21	292	6.9e-37	151.0
BCW-201835_01794	gnl|TC-DB|C3KCB6|3.A.1.7.3	27.2	294	204	3	12	301	5	292	7.2e-26	114.4
BCW-201835_01795	gnl|TC-DB|O51236|3.A.1.7.5	62.3	252	95	0	40	291	9	260	3.5e-91	331.3
BCW-201835_01799	gnl|TC-DB|I0C488|3.A.1.5.33	63.7	311	107	2	1	310	24	329	4.4e-106	380.9
BCW-201835_01800	gnl|TC-DB|I0C487|3.A.1.5.33	71.4	266	76	0	6	271	9	274	9.2e-110	392.9
BCW-201835_01801	gnl|TC-DB|Q2FZR5|3.A.1.5.19	32.6	227	144	4	23	240	28	254	7.1e-27	117.5
BCW-201835_01802	gnl|TC-DB|O31310|3.A.1.5.18	34.3	245	140	3	5	228	22	266	7.1e-34	140.6
BCW-201835_01820	gnl|TC-DB|D1QCY9|2.A.1.3.35	69.0	840	260	0	1	840	1	840	0.0e+00	1100.1
BCW-201835_01821	gnl|TC-DB|O32095|2.A.86.1.8	31.5	356	243	1	41	396	11	365	1.5e-47	186.8
BCW-201835_01823	gnl|TC-DB|Q45068|2.A.25.1.5	55.2	466	198	5	11	476	4	458	2.5e-134	475.3
BCW-201835_01826	gnl|TC-DB|Q45064|9.B.31.1.2	48.0	202	96	2	1	202	1	193	1.5e-40	162.5
BCW-201835_01830	gnl|TC-DB|P54417|2.A.15.1.1	58.3	496	199	3	12	505	3	492	4.5e-164	574.3
BCW-201835_01831	gnl|TC-DB|P68805|1.A.22.1.5	80.7	119	21	1	1	117	1	119	6.5e-44	172.9
BCW-201835_01867	gnl|TC-DB|Q8YSA2|3.A.1.3.17	29.6	368	232	6	38	383	27	389	1.9e-31	133.3
BCW-201835_01868	gnl|TC-DB|Q9A1H0|3.A.1.3.20	40.5	84	50	0	1	84	421	504	6.7e-14	72.8
BCW-201835_01869	gnl|TC-DB|P54537|3.A.1.3.15	58.8	240	99	0	1	240	1	240	2.8e-78	288.1
BCW-201835_01889	gnl|TC-DB|P55339|3.A.1.143.1	60.9	243	93	1	3	243	4	246	3.3e-82	301.2
BCW-201835_01890	gnl|TC-DB|P55340|3.A.1.143.1	25.1	370	269	5	3	367	2	368	2.5e-26	116.3
BCW-201835_01902	gnl|TC-DB|C7T8U7|9.B.105.3.4	35.5	290	177	6	3	286	11	296	1.1e-34	143.7
BCW-201835_01905	gnl|TC-DB|Q2G140|2.A.66.1.13	80.2	450	89	0	1	450	1	450	2.4e-195	677.9
BCW-201835_01921	gnl|TC-DB|Q83XH1|3.A.1.121.4	29.2	545	362	5	3	539	1	529	4.2e-68	255.8
BCW-201835_01924	gnl|TC-DB|P33015|9.B.102.1.2	56.9	348	150	0	1	348	1	348	4.2e-110	394.4
BCW-201835_01925	gnl|TC-DB|Q8FLY1|9.B.102.1.12	60.6	71	28	0	3	73	415	485	9.8e-22	98.6
BCW-201835_01930	gnl|TC-DB|O86861|9.B.14.1.13	60.8	429	168	0	1	429	1	429	1.0e-126	449.9
BCW-201835_01932	gnl|TC-DB|Q8NVK5|9.B.46.1.1	50.8	187	92	0	1	187	1	187	4.8e-41	164.1
BCW-201835_01944	gnl|TC-DB|F5AT04|3.A.1.149.1	35.4	274	165	4	16	284	17	283	9.1e-42	167.2
BCW-201835_01946	gnl|TC-DB|P42332|3.A.1.131.1	30.1	256	168	2	1	246	5	259	1.3e-32	136.7
BCW-201835_01964	gnl|TC-DB|A7I6E8|2.A.115.1.7	29.0	162	111	2	10	170	40	198	1.1e-14	76.6
BCW-201835_01972	gnl|TC-DB|Q7A4Q7|2.A.21.2.2	87.5	512	64	0	1	512	1	512	4.2e-257	883.2
BCW-201835_01992	gnl|TC-DB|D0DT64|9.B.126.2.5	23.2	263	201	1	67	328	7	269	1.4e-13	73.9
BCW-201835_01997	gnl|TC-DB|Q8WYK0|4.C.3.1.2	27.8	158	114	0	17	174	10	167	2.0e-12	68.9
BCW-201835_02009	gnl|TC-DB|Q2G2M9|3.A.1.106.2	90.7	578	54	0	1	578	1	578	1.7e-270	927.9
BCW-201835_02010	gnl|TC-DB|P71083|2.A.85.4.2	35.2	358	222	4	1	356	1	350	4.8e-45	178.3
BCW-201835_02040	gnl|TC-DB|Q00758|2.A.66.2.14	23.0	534	358	16	1	500	1	515	1.2e-12	71.2
BCW-201835_02047	gnl|TC-DB|B7G1T3|3.A.25.1.1	43.4	228	128	1	162	388	605	832	4.0e-53	206.1
BCW-201835_02076	gnl|TC-DB|Q3SAW5|2.A.7.21.4	33.8	299	190	4	12	307	12	305	3.1e-37	152.1
BCW-201835_02080	gnl|TC-DB|Q7AJV8|2.A.63.1.2	41.8	788	444	8	10	788	13	794	1.8e-145	513.1
BCW-201835_02081	gnl|TC-DB|Q7AJV9|2.A.63.1.2	47.8	136	71	0	2	137	7	142	1.1e-29	125.9
BCW-201835_02082	gnl|TC-DB|Q7AJW0|2.A.63.1.2	43.9	114	61	2	1	113	1	112	4.5e-18	87.0
BCW-201835_02083	gnl|TC-DB|O05229|2.A.63.1.4	34.9	496	310	7	3	491	1	490	6.5e-77	284.6
BCW-201835_02084	gnl|TC-DB|Q7WY60|2.A.63.1.4	31.0	158	106	2	3	160	4	158	1.2e-19	92.8
BCW-201835_02086	gnl|TC-DB|O05227|2.A.63.1.4	43.6	94	53	0	6	99	3	96	9.6e-16	79.7
BCW-201835_02087	gnl|TC-DB|O32212|2.A.36.3.2	29.0	690	454	9	1	677	1	667	2.2e-67	253.4
BCW-201835_02088	gnl|TC-DB|G0LRW7|3.A.1.15.15	76.7	309	72	0	1	309	1	309	4.4e-140	493.8
BCW-201835_02089	gnl|TC-DB|G0LRW8|3.A.1.15.15	80.4	275	54	0	1	275	1	275	4.5e-112	400.6
BCW-201835_02090	gnl|TC-DB|G0LRW9|3.A.1.15.15	68.6	245	76	1	1	245	1	244	1.4e-93	339.0
BCW-201835_02094	gnl|TC-DB|D1GQ17|3.A.1.104.2	84.5	264	41	0	1	264	1	264	4.3e-128	453.8
BCW-201835_02095	gnl|TC-DB|D1GQ18|3.A.1.104.2	80.0	270	54	0	1	270	1	270	1.0e-129	459.1
BCW-201835_02100	gnl|TC-DB|Q93GF4|3.A.1.123.2	57.7	574	239	2	1	573	1	571	1.0e-190	662.9
BCW-201835_02101	gnl|TC-DB|P42312|2.A.41.1.3	45.2	409	212	2	1	409	1	397	2.7e-89	325.5
BCW-201835_02102	gnl|TC-DB|P94357|2.A.115.1.2	50.7	274	135	0	1	274	1	274	4.0e-76	281.2
BCW-201835_02103	gnl|TC-DB|Q9X665|3.A.1.14.7	88.3	265	31	0	1	265	1	265	1.9e-136	481.5
BCW-201835_02104	gnl|TC-DB|Q9X664|3.A.1.14.7	74.8	325	82	0	10	334	17	341	5.6e-133	470.3
BCW-201835_02105	gnl|TC-DB|P40411|3.A.1.14.15	34.4	331	205	5	14	336	5	331	5.6e-56	214.5
BCW-201835_02110	gnl|TC-DB|B9DKA7|2.A.120.1.8	73.0	355	96	0	1	355	1	355	2.2e-143	505.0
BCW-201835_02117	gnl|TC-DB|A6QEX0|3.A.1.134.7	79.8	253	51	0	1	253	1	253	2.4e-112	401.4
BCW-201835_02118	gnl|TC-DB|A6QEX1|3.A.1.134.7	65.0	629	220	0	1	629	5	633	1.7e-215	745.3
BCW-201835_02121	gnl|TC-DB|D9RF44|2.A.20.1.7	88.0	334	40	0	1	334	1	334	9.2e-144	506.1
BCW-201835_02123	gnl|TC-DB|Q8L1D1|3.A.7.14.1	41.0	117	60	3	162	269	251	367	2.6e-19	92.4
BCW-201835_02131	gnl|TC-DB|P31436|2.A.1.20.3	26.3	380	275	4	14	393	19	393	2.6e-28	122.9
BCW-201835_02145	gnl|TC-DB|P29018|3.A.1.129.1	26.6	537	351	9	27	529	36	563	9.0e-48	188.0
BCW-201835_02146	gnl|TC-DB|Q5TLL2|3.A.1.111.4	31.6	256	163	4	308	552	440	694	2.1e-31	133.7
BCW-201835_02148	gnl|TC-DB|P94400|9.B.10.1.1	26.7	296	165	7	7	254	2	293	3.6e-25	112.1
BCW-201835_02149	gnl|TC-DB|P76187|8.A.5.1.7	41.1	292	164	5	13	303	13	297	7.7e-65	243.8
BCW-201835_02152	gnl|TC-DB|Q65NC0|2.A.47.1.13	25.8	528	328	15	4	505	32	521	6.6e-32	135.2
BCW-201835_02156	gnl|TC-DB|P0A0J7|2.A.1.2.10	80.4	387	76	0	1	387	1	387	1.0e-178	622.5
BCW-201835_02161	gnl|TC-DB|P71012|4.A.2.1.4	53.4	648	284	3	1	644	1	634	2.5e-161	565.5
BCW-201835_02163	gnl|TC-DB|P54428|9.A.40.2.1	48.7	411	203	4	5	409	2	410	3.4e-109	391.7
BCW-201835_02165	gnl|TC-DB|Q55487|4.D.2.1.9	39.7	307	178	4	1	306	3	303	6.7e-63	237.7
BCW-201835_02177	gnl|TC-DB|Q8N1S5|2.A.5.5.2	35.2	335	141	5	12	271	9	342	1.2e-45	179.9
BCW-201835_02178	gnl|TC-DB|P43672|3.A.1.120.6	35.4	536	335	6	12	543	12	540	2.3e-87	319.7
BCW-201835_02179	gnl|TC-DB|Q5EAK4|2.A.16.2.2	26.0	419	261	13	5	394	1361	1759	1.2e-26	117.9
BCW-201835_02180	gnl|TC-DB|Q93A35|3.A.1.12.8	53.9	319	139	4	7	318	1	318	3.0e-91	331.6
BCW-201835_02181	gnl|TC-DB|Q93A34|3.A.1.12.8	62.5	504	189	0	1	504	1	504	1.2e-171	599.4
BCW-201835_02185	gnl|TC-DB|Q5KYD1|2.A.17.1.7	48.1	499	255	2	3	501	2	496	1.3e-130	463.0
BCW-201835_02193	gnl|TC-DB|Q9X665|3.A.1.14.7	40.5	242	140	2	15	252	17	258	2.1e-47	185.7
BCW-201835_02202	gnl|TC-DB|W4C0M8|2.A.79.1.7	46.6	131	69	1	11	141	8	137	7.0e-28	120.2
BCW-201835_02203	gnl|TC-DB|H1HDR4|2.A.79.1.4	32.4	247	158	4	12	253	9	251	8.2e-20	94.0
BCW-201835_02204	gnl|TC-DB|P0AAP1|9.B.34.1.2	29.9	157	107	2	191	347	213	366	2.7e-16	82.8
BCW-201835_02205	gnl|TC-DB|R6S968|9.B.146.1.4	26.8	325	194	7	1	288	4	321	1.5e-14	77.0
BCW-201835_02208	gnl|TC-DB|P39145|3.A.11.1.1	35.9	448	265	8	2	429	10	455	1.7e-68	256.5
BCW-201835_02209	gnl|TC-DB|G2JSZ8|3.A.11.1.4	27.8	227	152	5	1	224	1	218	4.3e-20	94.7
BCW-201835_02211	gnl|TC-DB|P10408|3.A.5.1.1	46.1	896	410	10	11	843	14	899	4.7e-213	737.6
BCW-201835_02213	gnl|TC-DB|Q8L1D1|3.A.7.14.1	43.5	115	59	3	155	263	253	367	2.4e-17	85.9
BCW-201835_02255	gnl|TC-DB|O07084|2.A.4.1.3	36.2	290	185	0	13	302	3	292	1.7e-46	183.0
BCW-201835_02271	gnl|TC-DB|P12946|3.D.4.4.1	43.7	295	160	4	13	302	5	298	3.2e-58	221.9
BCW-201835_02272	gnl|TC-DB|Q6A1F6|3.B.1.1.6	33.3	598	343	11	535	1115	10	568	1.4e-82	304.7
BCW-201835_02273	gnl|TC-DB|P0ABG4|2.A.103.1.1	31.5	375	228	6	29	395	55	408	5.9e-44	174.9
BCW-201835_02281	gnl|TC-DB|Q89K67|2.A.55.2.6	50.5	440	206	5	9	446	18	447	2.8e-103	372.1
BCW-201835_02284	gnl|TC-DB|Q7A676|3.A.1.11.8	82.4	357	63	0	1	357	1	357	4.2e-179	623.6
BCW-201835_02285	gnl|TC-DB|Q7A677|3.A.1.11.8	85.4	268	39	0	1	268	1	268	1.2e-125	445.7
BCW-201835_02286	gnl|TC-DB|Q7A678|3.A.1.11.8	81.3	262	49	0	1	262	1	262	8.5e-116	412.9
BCW-201835_02287	gnl|TC-DB|Q5HGY5|3.A.1.11.8	87.9	364	44	0	1	364	1	364	5.1e-188	653.3
BCW-201835_02298	gnl|TC-DB|G8V089|2.A.38.4.6	95.4	218	10	0	1	218	1	218	2.2e-114	407.9
BCW-201835_02302	gnl|TC-DB|P08839|8.A.7.1.1	49.5	566	285	1	4	568	1	566	1.5e-154	542.7
BCW-201835_02303	gnl|TC-DB|D4GYE3|8.A.8.1.4	37.8	82	49	1	3	82	2	83	1.1e-11	65.5
BCW-201835_02310	gnl|TC-DB|O34362|3.A.1.30.1	32.2	485	288	7	1	446	7	489	8.0e-69	257.7
BCW-201835_02327	gnl|TC-DB|P0ABI8|3.D.4.5.1	50.4	623	299	6	28	644	29	647	2.1e-176	615.5
BCW-201835_02328	gnl|TC-DB|P24012|3.D.4.4.1	48.9	188	94	2	12	198	20	206	5.0e-44	174.1
BCW-201835_02335	gnl|TC-DB|Q9AIS0|1.C.105.2.6	70.8	1409	348	6	1	1359	1	1395	0.0e+00	1547.7
BCW-201835_02356	gnl|TC-DB|G8RD42|2.A.38.4.6	84.7	452	69	0	1	452	1	452	2.0e-202	701.4
BCW-201835_02358	gnl|TC-DB|O34997|2.A.109.1.4	54.7	258	101	2	1	257	61	303	6.5e-68	253.8
BCW-201835_02363	gnl|TC-DB|Q2FZP8|2.A.1.2.44	82.0	395	70	1	1	394	1	395	2.6e-177	617.8
BCW-201835_02366	gnl|TC-DB|P30145|2.A.25.1.2	47.4	470	210	7	44	512	1	434	3.1e-106	382.1
BCW-201835_02367	gnl|TC-DB|O32095|2.A.86.1.8	34.3	367	210	9	3	350	4	358	6.9e-44	174.5
BCW-201835_02370	gnl|TC-DB|Q45121|1.A.26.1.1	45.4	315	166	2	151	462	1	312	3.2e-78	288.9
BCW-201835_02383	gnl|TC-DB|Q2FZR3|3.A.1.5.19	73.1	550	147	1	2	551	3	551	8.4e-235	809.3
BCW-201835_02384	gnl|TC-DB|Q2FZR4|3.A.1.5.19	84.3	300	47	0	8	307	7	306	2.7e-145	511.1
BCW-201835_02385	gnl|TC-DB|Q2FZR5|3.A.1.5.19	88.0	359	43	0	1	359	1	359	4.1e-182	633.6
BCW-201835_02386	gnl|TC-DB|Q2FZR6|3.A.1.5.19	85.3	347	51	0	6	352	10	356	1.6e-167	585.1
BCW-201835_02387	gnl|TC-DB|Q2FZR7|3.A.1.5.19	87.0	308	40	0	1	308	1	308	5.3e-146	513.5
BCW-201835_02392	gnl|TC-DB|Q9FI56|3.A.9.1.2	42.3	848	406	9	32	861	124	906	4.5e-182	634.8
BCW-201835_02393	gnl|TC-DB|B9DIS8|9.B.97.5.1	64.7	595	203	1	13	600	14	608	1.2e-229	792.3
BCW-201835_02397	gnl|TC-DB|P42670|2.A.1.3.11	28.7	397	258	8	21	398	40	430	2.4e-38	156.4
BCW-201835_02415	gnl|TC-DB|F4K2G0|3.D.1.8.1	41.2	170	68	3	25	190	103	244	3.0e-25	111.7
BCW-201835_02417	gnl|TC-DB|Q9ZNG6|2.A.63.1.3	80.1	803	158	1	1	803	1	801	0.0e+00	1206.4
BCW-201835_02418	gnl|TC-DB|P60678|2.A.63.1.3	81.7	142	26	0	1	142	1	142	4.0e-64	240.4
BCW-201835_02419	gnl|TC-DB|P60682|2.A.63.1.3	93.8	112	7	0	1	112	1	112	2.0e-50	194.5
BCW-201835_02420	gnl|TC-DB|P60686|2.A.63.1.3	80.5	498	97	0	1	498	1	498	6.2e-221	763.1
BCW-201835_02421	gnl|TC-DB|P60690|2.A.63.1.3	75.3	158	39	0	1	158	1	158	6.9e-65	243.0
BCW-201835_02422	gnl|TC-DB|P60694|2.A.63.1.3	75.6	90	22	0	6	95	6	95	5.0e-26	113.2
BCW-201835_02423	gnl|TC-DB|P60698|2.A.63.1.3	79.7	118	24	0	1	118	1	118	1.5e-43	171.8
BCW-201835_02427	gnl|TC-DB|O32105|2.A.8.1.12	47.9	405	198	3	43	438	42	442	3.6e-95	345.1
BCW-201835_02436	gnl|TC-DB|P62723|2.A.98.1.3	32.1	327	205	9	2	314	6	329	2.5e-32	136.0
BCW-201835_02439	gnl|TC-DB|P39580|2.A.50.2.1	54.4	408	161	6	1	402	1	389	8.9e-109	390.2
BCW-201835_02449	gnl|TC-DB|A6VFN3|2.A.102.4.3	24.1	286	184	5	1	271	3	270	2.4e-12	69.3
BCW-201835_02452	gnl|TC-DB|P54428|9.A.40.2.1	29.5	237	157	5	103	331	123	357	3.2e-19	92.4
BCW-201835_02457	gnl|TC-DB|O58953|3.A.1.128.6	28.6	238	157	8	7	243	4	229	8.5e-17	84.0
BCW-201835_02460	gnl|TC-DB|O32167|3.A.1.24.2	51.8	272	125	3	1	267	1	271	2.1e-69	258.8
BCW-201835_02461	gnl|TC-DB|O32168|3.A.1.24.2	65.2	164	57	0	68	231	59	222	1.5e-52	202.6
BCW-201835_02462	gnl|TC-DB|O32169|3.A.1.24.2	54.9	339	151	2	1	338	1	338	1.1e-96	349.7
