BCW-200312_00001	gnl|TC-DB|Q24HY8|3.A.2.1.4	60.2	171	68	0	1	171	352	522	3.2e-54	208.0
BCW-200312_00002	gnl|TC-DB|P31440|2.A.40.7.4	42.6	195	103	1	3	197	258	443	5.0e-36	147.5
BCW-200312_00006	gnl|TC-DB|U5MFA1|4.A.3.2.9	37.9	428	264	2	1	427	1	427	2.0e-82	302.8
BCW-200312_00007	gnl|TC-DB|Q9UEF7|8.A.49.1.1	25.4	452	253	21	42	464	555	951	2.1e-21	100.1
BCW-200312_00017	gnl|TC-DB|H8E4X1|9.B.18.1.2	50.7	201	91	3	34	230	327	523	7.0e-50	193.7
BCW-200312_00019	gnl|TC-DB|P39851|8.A.3.2.1	45.5	211	114	1	23	233	17	226	1.4e-45	179.5
BCW-200312_00020	gnl|TC-DB|P72367|8.A.3.2.4	29.6	226	153	2	1	224	1	222	3.9e-25	111.7
BCW-200312_00024	gnl|TC-DB|Q9X271|3.A.1.5.15	48.9	319	154	3	1	310	2	320	1.9e-74	275.8
BCW-200312_00025	gnl|TC-DB|Q2FZR4|3.A.1.5.19	32.8	476	138	6	2	476	5	299	6.9e-60	228.0
BCW-200312_00026	gnl|TC-DB|P51000|3.A.1.5.27	43.4	290	158	1	14	297	6	295	4.6e-62	234.6
BCW-200312_00027	gnl|TC-DB|P75798|3.A.1.5.11	43.0	305	173	1	1	305	1	304	8.7e-64	240.4
BCW-200312_00028	gnl|TC-DB|P33950|3.A.1.5.27	31.3	243	162	3	3	242	295	535	3.2e-32	135.2
BCW-200312_00052	gnl|TC-DB|Q9CES4|3.A.1.3.25	57.3	241	102	1	4	244	7	246	1.6e-76	282.3
BCW-200312_00053	gnl|TC-DB|Q0P9X8|3.A.1.3.16	33.1	263	162	6	2	259	4	257	2.6e-32	135.6
BCW-200312_00054	gnl|TC-DB|A1VZQ3|3.A.1.3.16	40.2	199	119	0	12	210	44	242	8.0e-40	160.2
BCW-200312_00055	gnl|TC-DB|A1VZQ3|3.A.1.3.16	36.7	199	125	1	16	214	45	242	1.8e-31	132.5
BCW-200312_00060	gnl|TC-DB|O34897|1.A.23.3.1	38.9	247	140	4	37	279	8	247	4.1e-42	168.3
BCW-200312_00063	gnl|TC-DB|F4K2G0|3.D.1.8.1	40.6	155	63	4	71	221	103	232	1.1e-19	93.6
BCW-200312_00086	gnl|TC-DB|Q720G7|4.A.1.2.13	64.3	474	166	1	1	471	1	474	1.5e-168	589.0
BCW-200312_00087	gnl|TC-DB|Q2M3G0|3.A.1.201.13	47.4	76	40	0	30	105	75	150	1.2e-12	68.9
BCW-200312_00108	gnl|TC-DB|Q8TM30|3.A.1.122.6	43.2	220	120	1	4	218	2	221	1.1e-45	179.9
BCW-200312_00117	gnl|TC-DB|P0AA53|8.A.21.2.2	33.7	163	108	0	26	188	22	184	6.5e-22	101.3
BCW-200312_00118	gnl|TC-DB|D1QCY9|2.A.1.3.35	28.1	837	550	16	14	827	17	824	5.3e-79	292.4
BCW-200312_00121	gnl|TC-DB|Q97PQ1|2.A.4.7.6	53.7	283	131	0	7	289	6	288	6.2e-80	293.9
BCW-200312_00127	gnl|TC-DB|Q86Z14|8.A.49.1.2	27.5	469	287	14	5	460	81	509	1.7e-42	170.2
BCW-200312_00128	gnl|TC-DB|P46317|4.A.3.2.2	37.5	437	255	8	2	426	3	433	2.9e-73	272.3
BCW-200312_00130	gnl|TC-DB|P46317|4.A.3.2.2	40.0	437	244	7	6	429	6	437	2.7e-79	292.4
BCW-200312_00137	gnl|TC-DB|K8ZBV5|1.A.78.2.8	32.6	184	114	5	1	180	1	178	1.1e-16	83.2
BCW-200312_00141	gnl|TC-DB|Q7A3X3|3.A.1.122.4	46.6	221	114	2	3	220	2	221	4.4e-47	184.5
BCW-200312_00145	gnl|TC-DB|P40739|4.A.1.2.11	35.9	602	369	9	1	593	1	594	2.3e-100	362.8
BCW-200312_00146	gnl|TC-DB|Q9UEF7|8.A.49.1.1	26.7	491	302	18	5	482	60	505	9.9e-38	154.5
BCW-200312_00149	gnl|TC-DB|P77735|8.A.5.1.6	54.0	324	147	1	1	324	1	322	7.4e-98	353.6
BCW-200312_00154	gnl|TC-DB|O30489|3.A.1.132.1	33.2	304	191	4	4	303	3	298	6.6e-40	161.0
BCW-200312_00159	gnl|TC-DB|A8R5V4|3.A.3.2.41	42.1	889	470	10	2	849	5	889	1.6e-179	626.3
BCW-200312_00185	gnl|TC-DB|A0QQ70|3.A.1.9.2	40.4	245	145	1	5	249	7	250	4.5e-45	177.9
BCW-200312_00186	gnl|TC-DB|P16683|3.A.1.9.1	34.3	254	164	2	7	260	9	259	6.9e-38	154.1
BCW-200312_00187	gnl|TC-DB|P16683|3.A.1.9.1	34.5	261	161	4	5	263	7	259	1.3e-36	149.8
BCW-200312_00190	gnl|TC-DB|Q9KN48|3.A.23.1.1	30.1	292	171	10	66	345	153	423	3.2e-16	84.0
BCW-200312_00191	gnl|TC-DB|Q8Y8V9|4.A.6.1.16	58.1	160	67	0	3	162	1	160	1.2e-46	182.6
BCW-200312_00192	gnl|TC-DB|E1UCI0|4.A.6.1.15	78.0	327	63	2	1	327	1	318	5.9e-143	503.4
BCW-200312_00193	gnl|TC-DB|E1UCI1|4.A.6.1.15	79.1	268	55	1	1	267	1	268	1.8e-102	368.6
BCW-200312_00194	gnl|TC-DB|E1UCI2|4.A.6.1.15	83.8	303	49	0	1	303	1	303	3.0e-149	524.2
BCW-200312_00204	gnl|TC-DB|J8IXD8|1.C.109.1.5	63.1	274	96	2	1	271	3	274	2.7e-93	338.2
BCW-200312_00209	gnl|TC-DB|O51234|3.A.1.7.5	36.4	297	177	5	8	299	3	292	1.0e-40	163.7
BCW-200312_00210	gnl|TC-DB|Q7WTY6|3.A.1.7.2	31.4	290	183	6	1	285	23	301	6.2e-27	117.9
BCW-200312_00211	gnl|TC-DB|O51236|3.A.1.7.5	56.5	255	110	1	15	268	6	260	1.8e-81	298.9
BCW-200312_00212	gnl|TC-DB|O51236|3.A.1.7.5	60.8	250	98	0	3	252	11	260	1.2e-87	319.3
BCW-200312_00216	gnl|TC-DB|K0J6Q4|1.E.40.3.4	45.7	105	55	2	7	111	8	110	8.4e-15	76.3
BCW-200312_00222	gnl|TC-DB|Q15HU6|3.A.7.14.2	32.7	171	105	6	169	335	29	193	1.5e-11	67.4
BCW-200312_00227	gnl|TC-DB|A9QDR8|3.A.1.1.29	34.2	292	184	4	10	294	15	305	1.2e-43	173.3
BCW-200312_00228	gnl|TC-DB|Q9KWT8|3.A.1.1.10	44.2	294	164	0	14	307	31	324	7.3e-71	263.8
BCW-200312_00233	gnl|TC-DB|Q2FUL6|3.A.1.25.2	41.4	152	86	2	10	161	13	161	3.2e-18	88.2
BCW-200312_00244	gnl|TC-DB|P10121|3.A.5.1.1	44.5	310	164	4	117	424	190	493	6.0e-71	264.6
BCW-200312_00248	gnl|TC-DB|F0TFS5|3.A.1.5.32	38.9	579	336	7	2	574	3	569	2.7e-122	435.6
BCW-200312_00249	gnl|TC-DB|P0A4N9|3.A.1.5.10	49.1	281	138	2	22	302	16	291	5.2e-69	257.7
BCW-200312_00250	gnl|TC-DB|F0TFS8|3.A.1.5.32	59.3	322	124	2	1	318	1	319	3.6e-105	377.9
BCW-200312_00251	gnl|TC-DB|F0TFS9|3.A.1.5.32	69.9	312	94	0	3	314	4	315	6.6e-128	453.4
BCW-200312_00252	gnl|TC-DB|F0TFT0|3.A.1.5.32	68.1	326	104	0	7	332	8	333	5.2e-131	463.8
BCW-200312_00259	gnl|TC-DB|A4VYG6|9.B.144.1.5	37.9	852	518	6	14	861	11	855	2.6e-153	539.3
BCW-200312_00261	gnl|TC-DB|Q88YZ7|2.A.1.47.1	43.9	399	223	1	1	398	1	399	1.8e-83	306.2
BCW-200312_00263	gnl|TC-DB|Q839D3|3.A.1.26.7	83.0	264	45	0	1	264	1	264	1.3e-121	432.2
BCW-200312_00264	gnl|TC-DB|Q839D4|3.A.1.26.7	79.4	281	58	0	1	281	1	281	1.5e-129	458.8
BCW-200312_00265	gnl|TC-DB|Q839D5|3.A.1.26.7	79.6	279	56	1	1	278	1	279	2.3e-124	441.4
BCW-200312_00272	gnl|TC-DB|P16336|3.A.5.2.1	51.2	434	203	4	1	430	1	429	3.6e-116	414.8
BCW-200312_00309	gnl|TC-DB|Q8DU39|3.A.1.2.12	68.8	314	98	0	4	317	5	318	1.8e-125	445.3
BCW-200312_00310	gnl|TC-DB|Q8DU38|3.A.1.2.12	56.7	349	139	3	9	352	3	344	5.7e-97	350.9
BCW-200312_00311	gnl|TC-DB|Q8DU37|3.A.1.2.12	69.3	502	154	0	19	520	3	504	3.5e-201	697.6
BCW-200312_00312	gnl|TC-DB|Q8DU36|3.A.1.2.12	52.2	364	155	5	5	368	4	348	1.5e-94	342.8
BCW-200312_00323	gnl|TC-DB|B3WB11|4.A.6.1.13	52.7	262	123	1	7	268	25	285	1.3e-71	266.2
BCW-200312_00324	gnl|TC-DB|B3WB10|4.A.6.1.13	56.7	210	90	1	1	209	1	210	2.2e-60	228.8
BCW-200312_00325	gnl|TC-DB|E1UCI0|4.A.6.1.15	33.2	304	191	5	17	311	4	304	5.0e-38	154.8
BCW-200312_00327	gnl|TC-DB|W5L187|9.B.207.2.1	42.7	82	45	2	494	573	13	94	7.1e-14	75.5
BCW-200312_00336	gnl|TC-DB|Q9KIQ2|4.A.6.1.4	37.6	322	139	3	9	330	27	286	3.9e-57	218.4
BCW-200312_00337	gnl|TC-DB|Q9KIQ3|4.A.6.1.4	34.5	232	146	1	1	232	1	226	8.7e-28	120.6
BCW-200312_00338	gnl|TC-DB|Q9KIQ4|4.A.6.1.4	52.3	155	74	0	4	158	14	168	5.2e-44	173.7
BCW-200312_00367	gnl|TC-DB|F2HN33|2.A.3.1.22	45.1	450	233	7	1	440	1	446	1.2e-103	373.2
BCW-200312_00372	gnl|TC-DB|U5MFA1|4.A.3.2.9	33.6	438	274	6	6	435	5	433	6.3e-60	228.0
BCW-200312_00373	gnl|TC-DB|Q9UEF7|8.A.49.1.1	26.0	485	304	15	6	476	62	505	7.2e-33	138.3
BCW-200312_00384	gnl|TC-DB|P46317|4.A.3.2.2	30.8	435	287	6	1	422	1	434	2.0e-58	223.0
BCW-200312_00388	gnl|TC-DB|A0QQ71|3.A.1.9.2	24.8	286	190	8	39	305	39	318	2.8e-14	75.9
BCW-200312_00389	gnl|TC-DB|P16677|3.A.1.9.1	42.3	248	137	4	5	247	4	250	1.8e-52	202.6
BCW-200312_00390	gnl|TC-DB|P16683|3.A.1.9.1	34.1	208	136	1	54	261	50	256	2.0e-29	125.9
BCW-200312_00393	gnl|TC-DB|I0RHY9|9.B.55.1.2	41.3	121	69	1	1	119	1	121	2.9e-18	87.8
BCW-200312_00401	gnl|TC-DB|P25694|3.A.16.1.2	43.0	251	136	3	176	425	202	446	4.1e-53	206.1
BCW-200312_00407	gnl|TC-DB|Q00758|2.A.66.2.14	23.7	486	339	13	10	481	7	474	1.7e-14	77.4
BCW-200312_00414	gnl|TC-DB|P80874|8.A.5.1.4	28.0	218	132	7	8	205	4	216	3.6e-16	82.0
BCW-200312_00416	gnl|TC-DB|Q8PUP5|9.B.143.2.3	34.3	236	145	4	3	230	2	235	2.9e-32	135.2
BCW-200312_00419	gnl|TC-DB|Q93K64|2.A.118.1.1	71.3	456	129	1	26	481	27	480	1.1e-177	619.4
BCW-200312_00426	gnl|TC-DB|O50980|4.A.3.2.3	31.4	446	282	8	12	445	10	443	3.2e-51	199.1
BCW-200312_00428	gnl|TC-DB|Q72XQ1|4.A.3.2.8	44.4	99	55	0	4	102	2	100	5.4e-18	86.7
BCW-200312_00435	gnl|TC-DB|P97046|3.A.1.117.1	49.2	571	289	1	11	581	17	586	1.8e-158	555.8
BCW-200312_00440	gnl|TC-DB|P16683|3.A.1.9.1	38.4	198	116	2	62	257	63	256	7.2e-27	117.5
BCW-200312_00441	gnl|TC-DB|P16683|3.A.1.9.1	38.3	214	131	1	46	259	47	259	1.1e-32	136.7
BCW-200312_00442	gnl|TC-DB|P16677|3.A.1.9.1	41.3	247	139	3	1	242	4	249	4.5e-45	177.9
BCW-200312_00445	gnl|TC-DB|P08722|4.A.1.2.2	45.2	628	329	7	6	623	3	625	7.7e-144	507.3
BCW-200312_00447	gnl|TC-DB|P27844|2.A.7.7.2	40.1	287	165	3	4	287	8	290	1.6e-49	193.0
BCW-200312_00448	gnl|TC-DB|Q5HE38|2.A.1.3.39	34.3	469	298	3	5	464	4	471	4.0e-68	255.4
BCW-200312_00454	gnl|TC-DB|Q9S215|3.A.1.14.22	34.7	248	158	1	2	245	22	269	1.0e-41	166.8
BCW-200312_00455	gnl|TC-DB|O68878|3.A.1.14.21	39.6	328	190	6	26	350	1	323	1.3e-47	186.8
BCW-200312_00460	gnl|TC-DB|A8R5V4|3.A.3.2.41	44.7	875	470	10	8	874	9	877	2.1e-203	705.7
BCW-200312_00462	gnl|TC-DB|Q9K0A9|2.A.28.2.4	36.0	311	199	0	1	311	1	311	1.6e-42	169.9
BCW-200312_00477	gnl|TC-DB|Q9UEF7|8.A.49.1.1	29.2	496	287	18	2	483	60	505	4.3e-41	165.6
BCW-200312_00478	gnl|TC-DB|P46317|4.A.3.2.2	29.2	438	295	8	1	424	1	437	2.0e-50	196.4
BCW-200312_00484	gnl|TC-DB|O30417|2.A.3.7.1	55.3	465	207	1	4	467	2	466	3.4e-144	508.1
BCW-200312_00489	gnl|TC-DB|I7MMI0|3.A.1.210.10	24.7	493	316	17	67	534	13	475	9.2e-21	98.2
BCW-200312_00504	gnl|TC-DB|A9BJX0|3.A.3.2.21	36.2	875	503	12	17	850	21	881	4.2e-132	468.8
BCW-200312_00522	gnl|TC-DB|Q9CIF0|4.A.3.2.4	54.2	107	46	1	1	104	1	107	1.3e-22	102.1
BCW-200312_00523	gnl|TC-DB|Q8CWM9|3.A.11.1.2	40.8	426	245	7	6	428	9	430	3.9e-78	288.5
BCW-200312_00527	gnl|TC-DB|O06989|3.A.1.1.26	47.0	419	211	2	6	421	5	415	4.7e-113	404.4
BCW-200312_00528	gnl|TC-DB|O06990|3.A.1.1.26	60.3	421	167	0	9	429	13	433	1.2e-140	496.1
BCW-200312_00529	gnl|TC-DB|O06991|3.A.1.1.26	72.9	269	73	0	9	277	10	278	6.5e-111	396.7
BCW-200312_00531	gnl|TC-DB|Q6MR29|3.A.5.1.3	47.7	844	392	8	14	817	16	850	6.3e-218	753.8
BCW-200312_00533	gnl|TC-DB|P0A9R7|3.A.1.140.1	44.2	215	120	0	1	215	1	215	1.1e-50	196.4
BCW-200312_00542	gnl|TC-DB|P0A6W3|9.B.146.1.6	40.7	317	164	5	22	317	42	355	1.1e-56	216.9
BCW-200312_00550	gnl|TC-DB|Q81WE1|9.A.4.2.1	44.9	78	43	0	4	81	5	82	2.4e-11	64.3
BCW-200312_00562	gnl|TC-DB|QO3NM0|3.A.1.28.2	51.0	153	68	1	7	152	10	162	9.1e-33	136.3
BCW-200312_00570	gnl|TC-DB|D0DT64|9.B.126.2.5	36.7	281	173	1	1	281	2	277	6.4e-43	171.0
BCW-200312_00571	gnl|TC-DB|R6S968|9.B.146.1.4	24.0	362	239	13	8	338	7	363	8.6e-11	64.7
BCW-200312_00575	gnl|TC-DB|P05425|3.A.3.5.2	68.6	647	202	1	122	767	98	744	6.2e-252	866.7
BCW-200312_00581	gnl|TC-DB|Q93N33|2.A.21.9.2	28.8	285	184	10	299	572	736	1012	9.3e-19	91.7
BCW-200312_00585	gnl|TC-DB|P66844|3.A.5.2.2	52.6	445	201	4	3	440	2	443	6.1e-117	417.5
BCW-200312_00588	gnl|TC-DB|Q99ZC8|3.A.1.132.6	27.0	200	143	2	1	200	5	201	1.6e-19	93.2
BCW-200312_00609	gnl|TC-DB|Q9CIL2|3.A.1.5.25	39.5	514	302	6	43	552	37	545	4.2e-101	365.2
BCW-200312_00614	gnl|TC-DB|U5MFA1|4.A.3.2.9	61.9	423	161	0	6	428	5	427	2.3e-147	518.5
BCW-200312_00615	gnl|TC-DB|Q9UEF7|8.A.49.1.1	22.9	415	269	12	64	466	582	957	3.1e-20	96.3
BCW-200312_00696	gnl|TC-DB|W4C0M8|2.A.79.1.7	41.3	138	80	1	3	140	1	137	7.8e-21	96.7
BCW-200312_00697	gnl|TC-DB|Q73PT4|2.A.79.1.5	32.4	253	166	3	3	251	9	260	9.4e-32	133.7
BCW-200312_00705	gnl|TC-DB|P31466|2.A.40.7.6	37.3	475	251	4	1	475	15	442	9.0e-76	280.8
BCW-200312_00707	gnl|TC-DB|Q9KJ80|4.A.1.2.6	46.2	637	320	9	3	626	5	631	3.2e-153	538.5
BCW-200312_00721	gnl|TC-DB|Q708K1|1.E.11.1.3	61.9	84	32	0	4	87	2	85	7.9e-23	102.8
BCW-200312_00724	gnl|TC-DB|O32261|3.A.1.1.2	81.7	142	26	0	2	143	275	416	1.0e-62	235.7
BCW-200312_00725	gnl|TC-DB|O07011|3.A.1.1.2	74.4	281	72	0	4	284	3	283	6.9e-116	413.3
BCW-200312_00747	gnl|TC-DB|Q03RZ6|3.A.1.122.13	35.8	218	126	6	2	206	4	220	5.6e-30	127.5
BCW-200312_00758	gnl|TC-DB|P0AGD7|3.A.5.1.1	44.1	111	62	0	2	112	325	435	1.2e-21	99.4
BCW-200312_00761	gnl|TC-DB|Q03RZ6|3.A.1.122.13	26.4	785	451	18	2	780	4	667	4.2e-54	209.5
BCW-200312_00762	gnl|TC-DB|Q89K67|2.A.55.2.6	49.9	437	202	7	15	446	24	448	5.1e-105	377.9
BCW-200312_00769	gnl|TC-DB|Q7WWQ8|3.A.1.1.20	32.6	267	165	4	13	270	17	277	1.3e-37	153.3
BCW-200312_00770	gnl|TC-DB|Q93J93|3.A.1.1.36	28.1	288	186	5	10	288	39	314	2.6e-25	112.5
BCW-200312_00789	gnl|TC-DB|Q835V4|3.A.3.23.2	38.2	749	443	7	7	741	31	773	1.9e-131	466.5
BCW-200312_00793	gnl|TC-DB|B9DIS8|9.B.97.5.1	34.7	600	367	7	10	607	18	594	2.4e-97	352.8
BCW-200312_00794	gnl|TC-DB|P39803|2.A.115.1.1	38.8	278	169	1	12	289	4	280	7.0e-55	210.7
BCW-200312_00802	gnl|TC-DB|Q8G6E9|3.A.1.31.1	42.5	459	245	5	17	462	46	498	2.1e-88	322.8
BCW-200312_00803	gnl|TC-DB|Q8G6E8|3.A.1.31.1	33.0	224	142	2	3	222	2	221	6.4e-27	117.5
BCW-200312_00804	gnl|TC-DB|Q8G6E7|3.A.1.31.1	47.3	188	99	0	3	190	22	209	2.4e-46	181.8
BCW-200312_00806	gnl|TC-DB|Q0P9C4|3.A.1.106.15	30.9	375	242	7	167	530	188	556	1.6e-33	140.6
BCW-200312_00812	gnl|TC-DB|A3CLT2|1.A.35.3.4	35.6	281	179	1	14	294	13	291	4.8e-43	171.4
BCW-200312_00818	gnl|TC-DB|Q8Y992|3.A.3.6.24	49.1	611	297	5	7	610	17	620	2.3e-151	532.3
BCW-200312_00819	gnl|TC-DB|O50980|4.A.3.2.3	33.3	456	260	10	8	442	9	441	2.8e-63	239.2
BCW-200312_00820	gnl|TC-DB|Q9UEF7|8.A.49.1.1	28.9	495	277	17	4	466	60	511	1.0e-39	161.0
BCW-200312_00824	gnl|TC-DB|Q86Z14|8.A.49.1.2	27.7	469	282	15	4	458	81	506	9.7e-43	171.0
BCW-200312_00828	gnl|TC-DB|Q9KWT7|3.A.1.1.10	37.1	294	176	3	10	303	8	292	7.8e-49	190.7
BCW-200312_00829	gnl|TC-DB|Q9KWT8|3.A.1.1.10	41.2	308	181	0	9	316	16	323	8.1e-73	270.4
BCW-200312_00841	gnl|TC-DB|O32095|2.A.86.1.8	38.5	327	200	1	39	365	24	349	9.1e-58	220.7
BCW-200312_00849	gnl|TC-DB|Q7WWQ8|3.A.1.1.20	32.1	277	176	6	2	269	8	281	2.2e-34	142.5
BCW-200312_00850	gnl|TC-DB|Q9X9R6|3.A.1.1.23	27.9	258	178	3	6	256	11	267	1.9e-23	106.3
BCW-200312_00851	gnl|TC-DB|Q8TZQ3|3.A.1.1.16	39.4	373	192	6	2	352	4	364	1.4e-68	256.5
BCW-200312_00852	gnl|TC-DB|P39115|3.A.1.121.3	29.4	494	320	10	13	500	12	482	4.1e-47	185.7
BCW-200312_00854	gnl|TC-DB|Q04JJ5|3.A.3.2.28	67.8	890	281	4	7	890	3	892	5.6e-297	1016.5
BCW-200312_00859	gnl|TC-DB|Q2FZR4|3.A.1.5.19	62.0	303	115	0	2	304	4	306	3.4e-108	387.9
BCW-200312_00860	gnl|TC-DB|Q9CIK9|3.A.1.5.25	66.0	341	115	1	2	341	4	344	4.3e-128	454.1
BCW-200312_00861	gnl|TC-DB|Q2FZR6|3.A.1.5.19	46.6	335	176	2	13	347	25	356	8.0e-66	247.3
BCW-200312_00862	gnl|TC-DB|Q2FZR7|3.A.1.5.19	51.8	307	147	1	6	312	3	308	1.9e-90	328.9
BCW-200312_00864	gnl|TC-DB|Q2FZR3|3.A.1.5.19	36.3	545	332	5	9	553	10	539	2.1e-100	362.8
BCW-200312_00866	gnl|TC-DB|C0B844|9.B.211.1.2	45.9	296	157	2	9	301	18	313	9.2e-66	246.9
BCW-200312_00873	gnl|TC-DB|P38919|3.A.18.1.1	37.9	364	225	1	3	365	40	403	3.5e-70	262.3
BCW-200312_00878	gnl|TC-DB|A8TDW7|3.A.1.122.7	38.0	205	119	4	12	213	66	265	6.7e-34	140.6
BCW-200312_00907	gnl|TC-DB|P42423|3.A.1.134.6	54.1	255	117	0	1	255	1	255	9.4e-80	293.1
BCW-200312_00913	gnl|TC-DB|P0AA53|8.A.21.2.2	33.7	163	108	0	26	188	22	184	5.0e-22	101.7
BCW-200312_00914	gnl|TC-DB|D1QCY9|2.A.1.3.35	46.0	215	115	1	4	218	611	824	5.3e-53	204.1
BCW-200312_00915	gnl|TC-DB|Q9UEF7|8.A.49.1.1	28.7	485	294	15	5	477	61	505	1.4e-44	177.2
BCW-200312_00916	gnl|TC-DB|P46317|4.A.3.2.2	28.3	427	286	10	12	422	11	433	5.1e-33	138.7
BCW-200312_00917	gnl|TC-DB|P46318|4.A.3.2.2	39.8	98	56	1	4	98	1	98	1.5e-12	68.6
BCW-200312_00918	gnl|TC-DB|C4X746|4.A.3.2.7	40.4	99	59	0	5	103	15	113	1.2e-17	85.5
BCW-200312_00921	gnl|TC-DB|P96661|2.A.7.3.31	35.4	294	187	2	3	293	6	299	1.0e-45	180.3
BCW-200312_00942	gnl|TC-DB|P54596|2.A.23.1.4	53.7	462	213	1	1	462	1	461	2.5e-123	438.7
BCW-200312_00955	gnl|TC-DB|Q92EV6|8.A.43.1.5	45.5	66	36	0	63	128	318	383	4.5e-12	67.8
BCW-200312_00956	gnl|TC-DB|O32095|2.A.86.1.8	27.8	352	246	2	16	367	13	356	2.9e-35	146.0
BCW-200312_00975	gnl|TC-DB|G2JS05|3.A.14.1.2	41.7	84	49	0	10	93	3	86	1.0e-13	72.4
BCW-200312_00978	gnl|TC-DB|O05703|3.A.1.15.3	57.0	514	206	5	1	512	1	501	1.7e-157	552.4
BCW-200312_00981	gnl|TC-DB|O06981|3.A.1.134.5	24.4	706	452	16	1	688	1	642	5.4e-45	179.1
BCW-200312_00982	gnl|TC-DB|P42423|3.A.1.134.6	54.1	255	117	0	1	255	1	255	2.7e-79	291.6
BCW-200312_00999	gnl|TC-DB|Q5EAK4|2.A.16.2.2	29.7	360	210	14	5	330	1360	1710	3.6e-29	125.9
BCW-200312_01002	gnl|TC-DB|P50726|2.A.87.1.2	32.3	189	126	1	4	192	2	188	5.6e-24	107.5
BCW-200312_01014	gnl|TC-DB|Q8L1D1|3.A.7.14.1	30.9	194	117	4	5	190	18	202	1.9e-17	85.9
BCW-200312_01018	gnl|TC-DB|P80874|8.A.5.1.4	27.7	314	166	11	15	275	16	321	1.2e-24	110.2
BCW-200312_01023	gnl|TC-DB|Q8FCM4|4.A.5.1.4	39.4	434	259	3	6	435	20	453	1.9e-88	322.8
BCW-200312_01024	gnl|TC-DB|P58035|4.A.5.1.3	39.1	87	52	1	1	87	1	86	1.2e-13	72.0
BCW-200312_01025	gnl|TC-DB|Q8Y9M3|4.A.5.1.7	30.8	146	101	0	3	148	4	149	2.4e-14	75.1
BCW-200312_01028	gnl|TC-DB|Q6MMK1|2.A.6.6.11	37.6	404	234	8	407	804	10	401	2.7e-59	226.9
BCW-200312_01030	gnl|TC-DB|Q99ZY6|3.A.1.34.1	32.9	319	209	4	1	316	1	317	2.7e-39	159.1
BCW-200312_01031	gnl|TC-DB|Q99ZY4|3.A.1.34.1	43.5	283	156	2	10	291	1	280	1.5e-52	203.0
BCW-200312_01032	gnl|TC-DB|Q99ZY3|3.A.1.34.1	47.4	251	132	0	1	251	1	251	3.3e-59	224.9
BCW-200312_01033	gnl|TC-DB|P43435|3.A.2.2.2	56.6	198	86	0	4	201	3	200	1.6e-56	215.7
BCW-200312_01034	gnl|TC-DB|Q08637|3.A.2.2.2	77.4	455	103	0	1	455	1	455	1.6e-210	728.4
BCW-200312_01035	gnl|TC-DB|Q08636|3.A.2.2.2	69.5	590	180	0	1	590	1	590	2.4e-243	837.8
BCW-200312_01037	gnl|TC-DB|P43456|3.A.2.2.2	31.9	329	221	2	4	332	1	326	6.5e-41	164.5
BCW-200312_01039	gnl|TC-DB|P43457|3.A.2.2.2	65.5	148	51	0	10	157	8	155	8.7e-44	172.9
BCW-200312_01040	gnl|TC-DB|P43439|3.A.2.2.2	33.9	675	413	12	1	653	1	664	1.7e-96	350.1
BCW-200312_01063	gnl|TC-DB|Q9CES4|3.A.1.3.25	69.3	241	74	0	4	244	6	246	3.8e-94	340.9
BCW-200312_01064	gnl|TC-DB|Q9CES5|3.A.1.3.25	50.1	692	328	5	47	730	2	684	4.2e-192	667.9
BCW-200312_01088	gnl|TC-DB|Q3K0G6|4.A.2.1.20	62.6	658	217	4	1	635	1	652	5.7e-219	756.9
BCW-200312_01099	gnl|TC-DB|P07373|2.A.103.1.3	32.2	373	224	5	12	375	9	361	2.5e-44	176.0
BCW-200312_01100	gnl|TC-DB|Q6A1F6|3.B.1.1.6	34.6	596	337	12	530	1109	10	568	1.4e-82	304.7
BCW-200312_01114	gnl|TC-DB|A3CPR5|1.A.14.2.6	42.7	227	128	2	4	229	1	226	1.6e-38	156.0
BCW-200312_01118	gnl|TC-DB|Q57399|3.A.1.14.11	30.4	230	143	5	15	244	17	229	6.9e-22	100.9
BCW-200312_01131	gnl|TC-DB|Q83XH1|3.A.1.121.4	31.4	510	343	6	1	506	1	507	2.9e-64	242.7
BCW-200312_01132	gnl|TC-DB|Q9FI56|3.A.9.1.2	45.3	815	371	10	53	853	146	899	1.2e-187	653.3
BCW-200312_01133	gnl|TC-DB|Q93A34|3.A.1.12.8	58.3	509	207	2	1	509	1	504	2.0e-158	555.4
BCW-200312_01134	gnl|TC-DB|Q93A35|3.A.1.12.8	47.3	319	160	4	4	314	1	319	7.8e-76	280.4
BCW-200312_01161	gnl|TC-DB|Q8L1D1|3.A.7.14.1	42.4	198	113	1	18	214	24	221	2.3e-38	156.0
BCW-200312_01191	gnl|TC-DB|Q9CJ32|4.A.3.2.4	26.5	298	194	2	133	405	184	481	1.3e-20	97.4
BCW-200312_01200	gnl|TC-DB|H2J7Z5|2.A.103.1.6	29.1	381	223	10	3	373	15	358	7.3e-31	131.3
BCW-200312_01201	gnl|TC-DB|P07373|2.A.103.1.3	29.9	355	224	8	1	348	26	362	9.0e-28	120.9
BCW-200312_01203	gnl|TC-DB|O66515|1.A.11.1.5	49.4	172	86	1	1	172	251	421	5.6e-39	157.1
BCW-200312_01227	gnl|TC-DB|O32167|3.A.1.24.2	48.2	278	133	4	1	276	1	269	4.1e-68	254.6
BCW-200312_01228	gnl|TC-DB|O32168|3.A.1.24.2	61.6	164	63	0	65	228	59	222	3.8e-48	188.0
BCW-200312_01229	gnl|TC-DB|O32169|3.A.1.24.2	59.0	339	138	1	3	341	1	338	7.6e-109	390.2
BCW-200312_01232	gnl|TC-DB|P07373|2.A.103.1.3	29.3	375	237	7	14	383	9	360	2.6e-36	149.4
BCW-200312_01234	gnl|TC-DB|Q71WA4|4.A.5.1.2	32.4	145	98	0	2	146	6	150	7.1e-19	90.1
BCW-200312_01235	gnl|TC-DB|Q71WA6|4.A.5.1.2	50.0	404	197	5	1	401	4	405	2.1e-103	372.5
BCW-200312_01236	gnl|TC-DB|Q71WA5|4.A.5.1.2	38.5	91	54	1	3	93	5	93	5.2e-12	66.6
BCW-200312_01255	gnl|TC-DB|O31658|2.A.38.4.4	43.0	449	247	4	20	468	10	449	6.5e-87	317.8
BCW-200312_01258	gnl|TC-DB|P54715|4.A.1.1.8	62.6	527	194	2	1	526	1	525	3.1e-194	674.5
BCW-200312_01263	gnl|TC-DB|Q8DS05|4.A.1.1.11	65.4	725	249	2	2	724	5	729	1.9e-279	958.0
BCW-200312_01281	gnl|TC-DB|Q58206|3.A.1.122.14	40.6	229	127	3	3	224	1	227	1.1e-39	159.8
BCW-200312_01283	gnl|TC-DB|Q8R706|2.A.3.3.22	40.6	461	265	3	3	455	9	468	4.0e-89	325.1
BCW-200312_01284	gnl|TC-DB|Q9CDF7|2.A.7.5.3	48.3	292	142	3	3	287	4	293	3.9e-74	274.6
BCW-200312_01290	gnl|TC-DB|Q9WYC4|3.A.1.135.5	39.2	615	333	4	8	622	20	593	7.5e-115	411.0
BCW-200312_01291	gnl|TC-DB|Q9WYC3|3.A.1.135.5	41.4	577	332	4	2	577	1	572	3.2e-112	402.1
BCW-200312_01293	gnl|TC-DB|Q58206|3.A.1.122.14	38.8	227	134	2	3	224	1	227	5.4e-39	157.5
BCW-200312_01306	gnl|TC-DB|B8ZKM9|3.A.1.147.8	59.3	243	99	0	1	243	1	243	5.2e-83	303.9
BCW-200312_01308	gnl|TC-DB|Q9CHU5|2.A.72.1.3	57.3	665	279	2	2	665	5	665	2.8e-216	748.0
BCW-200312_01310	gnl|TC-DB|P43672|3.A.1.120.6	34.1	508	308	11	16	511	17	509	5.8e-68	255.0
BCW-200312_01311	gnl|TC-DB|Q5KYD1|2.A.17.1.7	54.8	482	217	1	4	485	15	495	2.1e-149	525.4
BCW-200312_01376	gnl|TC-DB|G2JS06|3.A.14.1.2	26.5	328	235	2	19	340	16	343	1.5e-24	110.2
BCW-200312_01377	gnl|TC-DB|G2JS07|3.A.14.1.2	43.0	221	119	4	53	266	52	272	4.7e-36	148.3
BCW-200312_01380	gnl|TC-DB|P55340|3.A.1.143.1	29.0	411	271	8	1	400	4	404	7.7e-36	147.9
BCW-200312_01381	gnl|TC-DB|P55339|3.A.1.143.1	69.0	239	74	0	3	241	4	242	1.1e-93	339.3
BCW-200312_01399	gnl|TC-DB|Q15HU6|3.A.7.14.2	35.7	154	89	4	72	222	47	193	3.0e-14	76.6
BCW-200312_01400	gnl|TC-DB|Q8F224|9.B.105.2.1	33.7	169	93	6	35	197	14	169	6.0e-11	64.3
BCW-200312_01404	gnl|TC-DB|O32182|2.A.1.3.33	34.1	502	297	8	7	478	14	511	2.3e-66	249.6
BCW-200312_01428	gnl|TC-DB|Q8VRL3|3.A.11.1.3	28.1	253	181	1	1	252	186	438	1.1e-24	110.2
BCW-200312_01431	gnl|TC-DB|Q8L1D1|3.A.7.14.1	56.4	133	55	2	547	676	234	366	9.6e-39	158.3
BCW-200312_01447	gnl|TC-DB|P38919|3.A.18.1.1	33.3	342	218	4	21	358	58	393	1.1e-54	210.7
BCW-200312_01451	gnl|TC-DB|Q1LHU8|2.A.4.7.9	24.2	289	212	4	17	301	41	326	1.1e-20	97.4
BCW-200312_01458	gnl|TC-DB|B8I766|9.B.105.1.5	35.2	145	86	5	4	144	2	142	3.9e-15	77.8
BCW-200312_01459	gnl|TC-DB|Q9FI56|3.A.9.1.2	35.9	167	89	3	1	157	739	897	3.1e-24	108.2
BCW-200312_01473	gnl|TC-DB|Q9FI56|3.A.9.1.2	53.1	665	275	10	95	734	245	897	5.4e-184	641.0
BCW-200312_01475	gnl|TC-DB|P0AA04|8.A.8.1.1	39.5	81	49	0	1	81	1	81	9.2e-11	62.4
BCW-200312_01476	gnl|TC-DB|P08839|8.A.7.1.1	48.8	574	288	4	4	575	1	570	6.0e-151	530.8
BCW-200312_01493	gnl|TC-DB|Q8RCC4|3.A.1.3.27	34.1	270	160	4	2	270	4	256	2.7e-35	145.6
BCW-200312_01494	gnl|TC-DB|Q8YSA2|3.A.1.3.17	39.8	231	129	3	3	229	273	497	2.2e-40	162.2
BCW-200312_01495	gnl|TC-DB|Q9CES4|3.A.1.3.25	64.9	239	84	0	3	241	7	245	5.2e-88	320.5
BCW-200312_01522	gnl|TC-DB|P39263|2.A.118.1.8	51.0	416	202	1	179	594	91	504	1.9e-115	412.9
BCW-200312_01529	gnl|TC-DB|G4NXA5|1.A.33.1.4	76.3	608	142	2	1	607	1	607	1.2e-255	878.6
BCW-200312_01547	gnl|TC-DB|Q9CF78|2.A.40.1.2	58.8	420	162	3	10	418	5	424	9.0e-136	479.9
BCW-200312_01562	gnl|TC-DB|Q99ZY6|3.A.1.34.1	43.3	328	177	3	1	328	1	319	2.5e-67	252.3
BCW-200312_01563	gnl|TC-DB|Q99ZY4|3.A.1.34.1	64.1	284	94	3	1	281	1	279	5.7e-89	323.9
BCW-200312_01564	gnl|TC-DB|Q99ZY3|3.A.1.34.1	58.6	239	99	0	11	249	14	252	5.4e-72	267.3
BCW-200312_01569	gnl|TC-DB|J8ABC0|3.A.1.105.9	44.6	307	168	2	5	309	4	310	1.5e-71	266.2
BCW-200312_01572	gnl|TC-DB|Q9CJ32|4.A.3.2.4	51.3	491	205	7	1	466	8	489	4.8e-130	461.1
BCW-200312_01580	gnl|TC-DB|Q8DQH8|3.A.1.4.10	78.9	38	8	0	1	38	216	253	8.3e-12	64.7
BCW-200312_01581	gnl|TC-DB|Q8DQH7|3.A.1.4.10	74.4	234	59	1	1	233	3	236	1.8e-93	338.6
BCW-200312_01588	gnl|TC-DB|D4ZZR3|9.B.34.1.3	34.9	169	95	5	204	364	233	394	6.2e-16	81.6
BCW-200312_01589	gnl|TC-DB|Q1J0W6|9.B.34.1.1	31.7	186	123	3	163	347	163	345	1.8e-17	86.7
BCW-200312_01591	gnl|TC-DB|Q3J125|4.D.3.1.5	28.4	549	348	10	7	524	58	592	3.1e-46	183.3
BCW-200312_01594	gnl|TC-DB|Q1R4S9|4.A.2.1.9	35.6	149	96	0	1	149	1	149	4.7e-23	104.0
BCW-200312_01595	gnl|TC-DB|T5HN74|4.A.2.1.23	55.8	95	41	1	2	96	3	96	1.7e-19	91.7
BCW-200312_01596	gnl|TC-DB|P32672|4.A.2.1.10	34.6	364	222	5	1	359	1	353	4.0e-55	211.8
BCW-200312_01598	gnl|TC-DB|L8DP77|2.A.7.5.5	34.9	275	174	3	6	276	3	276	2.0e-38	156.0
BCW-200312_01606	gnl|TC-DB|Q3JZE3|4.A.2.1.22	57.4	148	63	0	1	148	1	148	2.8e-44	174.5
BCW-200312_01607	gnl|TC-DB|Q3JZE2|4.A.2.1.22	74.0	100	26	0	1	100	1	100	6.9e-37	149.4
BCW-200312_01608	gnl|TC-DB|Q3JZE4|4.A.2.1.22	62.1	364	138	0	2	365	3	366	1.6e-96	349.4
BCW-200312_01610	gnl|TC-DB|Q9HT69|3.A.1.24.5	39.0	195	118	1	20	213	23	217	3.2e-28	121.7
BCW-200312_01611	gnl|TC-DB|Q8K8K8|3.A.1.24.3	42.0	224	118	3	2	213	8	231	2.3e-43	172.2
BCW-200312_01631	gnl|TC-DB|P76187|8.A.5.1.7	31.8	311	180	6	1	299	2	292	6.8e-37	151.0
BCW-200312_01638	gnl|TC-DB|Q92EV6|8.A.43.1.5	33.9	165	104	3	88	250	293	454	1.7e-20	96.7
BCW-200312_01649	gnl|TC-DB|J8IXD8|1.C.109.1.5	70.0	160	48	0	1	160	86	245	1.4e-60	228.8
BCW-200312_01655	gnl|TC-DB|Q99ZY6|3.A.1.34.1	32.9	319	209	4	1	316	1	317	2.7e-39	159.1
BCW-200312_01657	gnl|TC-DB|Q8Y992|3.A.3.6.24	41.4	590	337	3	53	640	39	621	1.8e-124	443.0
BCW-200312_01660	gnl|TC-DB|Q93KB9|3.A.1.1.11	33.5	275	172	7	17	289	34	299	1.8e-31	132.9
BCW-200312_01661	gnl|TC-DB|Q93KC0|3.A.1.1.11	40.6	281	165	2	25	303	10	290	4.4e-60	228.0
BCW-200312_01662	gnl|TC-DB|Q9WZR7|3.A.1.1.40	23.2	380	257	14	56	416	42	405	7.9e-15	78.2
BCW-200312_01667	gnl|TC-DB|Q9RQ05|3.A.1.12.5	60.0	105	42	0	1	105	467	571	1.7e-35	144.8
BCW-200312_01686	gnl|TC-DB|M2VTE1|2.A.86.1.10	29.8	225	156	2	105	328	264	487	2.0e-16	83.2
BCW-200312_01690	gnl|TC-DB|O06926|3.B.1.1.4	39.7	239	134	2	4	232	11	249	1.9e-40	163.7
BCW-200312_01692	gnl|TC-DB|O06924|3.B.1.1.4	58.1	528	214	1	27	547	27	554	4.5e-180	627.5
BCW-200312_01735	gnl|TC-DB|Q1D0V0|3.A.1.144.3	33.9	230	148	2	2	228	4	232	3.8e-40	161.8
BCW-200312_01738	gnl|TC-DB|C0SP99|9.B.10.1.1	39.6	159	81	4	594	743	42	194	2.2e-28	124.0
BCW-200312_01748	gnl|TC-DB|Q9RQ05|3.A.1.12.5	61.5	564	216	1	9	572	9	571	3.4e-194	674.5
BCW-200312_01749	gnl|TC-DB|Q9RQ06|3.A.1.12.5	73.2	388	103	1	3	389	4	391	7.9e-158	553.1
BCW-200312_01754	gnl|TC-DB|Q9AET6|3.A.5.10.1	44.9	789	425	6	7	789	9	793	5.6e-184	641.0
BCW-200312_01758	gnl|TC-DB|Q9AET8|3.A.5.10.1	36.1	466	279	9	66	521	52	508	8.4e-75	277.7
BCW-200312_01775	gnl|TC-DB|P0AB98|3.A.2.1.1	33.8	219	123	8	29	232	54	265	1.3e-14	76.6
BCW-200312_01778	gnl|TC-DB|Q9RMB3|3.A.2.1.5	24.4	172	128	2	8	178	4	174	1.5e-12	69.3
BCW-200312_01779	gnl|TC-DB|P50000|3.A.2.1.5	61.5	504	188	3	1	501	1	501	1.8e-170	595.5
BCW-200312_01780	gnl|TC-DB|P50005|3.A.2.1.5	32.6	316	181	4	1	299	1	301	1.7e-43	172.9
BCW-200312_01781	gnl|TC-DB|P50002|3.A.2.1.5	69.8	463	136	2	4	466	6	464	3.1e-182	634.4
BCW-200312_01789	gnl|TC-DB|Q8DQI1|3.A.1.4.10	48.5	398	190	4	1	395	1	386	5.3e-98	354.4
BCW-200312_01790	gnl|TC-DB|Q8DQI0|3.A.1.4.10	73.3	292	78	0	1	292	1	292	3.9e-114	407.5
BCW-200312_01791	gnl|TC-DB|Q8DQH9|3.A.1.4.10	63.8	232	84	0	84	315	84	315	2.9e-78	288.5
BCW-200312_01792	gnl|TC-DB|Q8DQH8|3.A.1.4.10	72.8	257	66	1	1	257	1	253	2.6e-101	364.8
BCW-200312_01794	gnl|TC-DB|Q8DQH8|3.A.1.4.10	72.8	257	66	1	1	257	1	253	3.3e-101	364.4
BCW-200312_01799	gnl|TC-DB|P50002|3.A.2.1.5	69.0	451	136	2	1	451	18	464	3.6e-175	610.9
BCW-200312_01804	gnl|TC-DB|Q8KUK6|2.A.66.2.16	30.3	465	316	4	5	463	3	465	4.4e-54	208.8
BCW-200312_01808	gnl|TC-DB|Q9KWT8|3.A.1.1.10	44.9	285	157	0	1	285	40	324	1.2e-72	269.6
BCW-200312_01813	gnl|TC-DB|O35002|9.B.174.1.1	38.0	171	104	1	24	192	294	464	8.2e-26	113.6
BCW-200312_01814	gnl|TC-DB|O32095|2.A.86.1.8	28.5	344	239	4	8	345	18	360	3.9e-36	148.7
BCW-200312_01825	gnl|TC-DB|P0A2L3|9.A.40.1.2	30.7	192	129	3	4	194	95	283	5.0e-21	97.8
BCW-200312_01832	gnl|TC-DB|P42332|3.A.1.131.1	34.7	300	187	5	1	294	1	297	1.4e-45	179.9
BCW-200312_01845	gnl|TC-DB|P46317|4.A.3.2.2	45.4	432	221	2	3	419	2	433	8.5e-110	393.7
BCW-200312_01851	gnl|TC-DB|P39301|4.A.7.1.1	33.8	453	278	8	6	452	2	438	9.2e-68	254.2
BCW-200312_01855	gnl|TC-DB|P62723|2.A.98.1.3	27.2	346	228	9	2	331	8	345	2.3e-22	102.8
BCW-200312_01859	gnl|TC-DB|P46317|4.A.3.2.2	43.1	434	231	8	1	421	1	431	1.2e-82	303.5
BCW-200312_01860	gnl|TC-DB|Q86Z14|8.A.49.1.2	28.1	470	284	12	5	462	81	508	2.2e-42	169.9
BCW-200312_01861	gnl|TC-DB|P46317|4.A.3.2.2	40.6	429	242	6	1	417	1	428	2.3e-83	305.8
BCW-200312_01863	gnl|TC-DB|Q3MNJ6|3.A.3.5.15	57.2	814	336	4	11	817	1	809	1.4e-246	849.0
BCW-200312_01864	gnl|TC-DB|Q9UEF7|8.A.49.1.1	31.0	491	269	15	9	475	61	505	8.5e-58	221.1
BCW-200312_01865	gnl|TC-DB|Q9WYC4|3.A.1.135.5	44.7	582	316	3	8	587	14	591	1.2e-127	453.4
BCW-200312_01866	gnl|TC-DB|Q9A1K5|3.A.1.135.2	34.6	540	348	5	30	566	28	565	1.3e-81	300.4
BCW-200312_01878	gnl|TC-DB|P26419|3.A.6.2.1	48.5	97	49	1	256	351	39	135	4.4e-19	92.0
BCW-200312_01889	gnl|TC-DB|O31711|3.A.1.122.2	38.6	220	130	3	1	216	1	219	1.1e-34	143.3
BCW-200312_01893	gnl|TC-DB|P76298|1.A.104.1.1	40.3	677	383	4	21	689	26	689	5.6e-127	451.4
BCW-200312_01894	gnl|TC-DB|Q93KT4|3.A.6.1.1	31.9	348	210	4	7	341	5	338	1.2e-40	163.7
BCW-200312_01896	gnl|TC-DB|P0A1L5|3.A.6.2.1	50.6	81	40	0	1	81	1	81	8.8e-14	72.4
BCW-200312_01897	gnl|TC-DB|P54700|3.A.6.2.1	55.3	179	79	1	75	253	66	243	5.5e-48	187.6
BCW-200312_01906	gnl|TC-DB|O84676|3.A.6.3.1	54.3	418	186	4	24	437	25	441	2.6e-117	418.7
BCW-200312_01913	gnl|TC-DB|P28611|1.A.30.1.3	47.4	251	131	1	1	250	1	251	3.0e-54	208.4
BCW-200312_01914	gnl|TC-DB|P28612|1.A.30.1.3	34.5	255	150	4	2	247	4	250	1.4e-30	129.8
BCW-200312_01915	gnl|TC-DB|M3JA40|1.B.52.2.1	48.1	104	47	3	451	551	247	346	6.3e-14	75.9
BCW-200312_01918	gnl|TC-DB|D2RXA5|8.A.7.1.3	26.7	468	250	13	409	863	153	540	5.6e-23	106.3
BCW-200312_01926	gnl|TC-DB|P42432|2.A.1.8.2	28.0	372	234	15	34	395	39	386	7.1e-13	71.6
BCW-200312_01934	gnl|TC-DB|P23886|3.A.1.129.1	30.5	574	373	9	18	576	6	568	5.0e-68	255.4
BCW-200312_01935	gnl|TC-DB|P29018|3.A.1.129.1	33.5	565	353	7	22	570	30	587	4.0e-70	262.3
BCW-200312_01936	gnl|TC-DB|P0ABK2|3.D.4.3.2	31.9	361	212	5	4	330	7	367	9.6e-48	187.2
BCW-200312_01937	gnl|TC-DB|P0ABJ9|3.D.4.3.2	35.9	457	230	5	1	399	2	453	3.6e-77	285.4
BCW-200312_01939	gnl|TC-DB|Q9F2Y8|3.A.1.105.13	39.6	308	179	3	6	307	3	309	1.3e-54	209.9
BCW-200312_01941	gnl|TC-DB|Q9UEF7|8.A.49.1.1	27.5	488	291	14	8	475	61	505	1.2e-35	147.5
BCW-200312_01942	gnl|TC-DB|P46317|4.A.3.2.2	36.2	439	259	9	1	420	1	437	1.4e-67	253.4
BCW-200312_01946	gnl|TC-DB|Q9UEF7|8.A.49.1.1	27.0	488	298	15	4	476	61	505	6.8e-39	158.3
BCW-200312_01947	gnl|TC-DB|P46317|4.A.3.2.2	34.3	449	267	9	6	434	10	450	4.5e-66	248.4
BCW-200312_01958	gnl|TC-DB|Q09LY6|3.A.1.1.9	42.5	285	155	4	13	295	19	296	1.0e-53	206.8
BCW-200312_01959	gnl|TC-DB|Q09LY7|3.A.1.1.9	49.4	263	131	2	50	310	98	360	8.7e-64	240.4
BCW-200312_01962	gnl|TC-DB|Q81JL2|9.B.33.1.1	25.9	274	182	7	295	558	313	575	6.6e-17	85.5
BCW-200312_01968	gnl|TC-DB|O35018|2.A.1.3.30	32.0	415	274	2	6	412	14	428	9.6e-51	197.6
BCW-200312_01969	gnl|TC-DB|Q720G7|4.A.1.2.13	64.4	477	167	1	1	477	1	474	1.3e-173	606.3
BCW-200312_01976	gnl|TC-DB|K0WKG7|4.F.1.1.8	36.8	185	99	5	1	181	1	171	1.1e-19	93.2
BCW-200312_01997	gnl|TC-DB|Q8N1S5|2.A.5.5.2	38.0	345	133	7	5	272	2	342	1.5e-46	183.0
BCW-200312_01998	gnl|TC-DB|Q83XH1|3.A.1.121.4	62.9	534	195	2	1	534	1	531	1.8e-202	701.8
BCW-200312_02005	gnl|TC-DB|Q5G3M3|3.A.7.19.1	56.5	177	47	2	1	174	1	150	8.4e-48	186.4
BCW-200312_02015	gnl|TC-DB|Q9RCA5|2.A.9.3.5	38.4	237	130	5	13	241	11	239	4.6e-40	161.4
BCW-200312_02019	gnl|TC-DB|D8RWR9|1.C.39.4.5	35.9	156	80	2	67	221	478	614	2.3e-15	80.5
BCW-200312_02035	gnl|TC-DB|Q58206|3.A.1.122.14	46.1	230	109	3	4	221	2	228	2.2e-51	198.7
BCW-200312_02046	gnl|TC-DB|Q9UMR2|1.I.1.1.3	30.0	337	218	9	5	327	96	428	5.6e-29	125.2
BCW-200312_02047	gnl|TC-DB|Q9KN48|3.A.23.1.1	31.6	244	147	7	77	312	192	423	5.4e-21	99.8
BCW-200312_02048	gnl|TC-DB|Q9CIF0|4.A.3.2.4	57.4	108	43	1	1	105	1	108	1.0e-24	109.0
BCW-200312_02049	gnl|TC-DB|P46319|4.A.3.2.2	46.7	105	56	0	1	105	1	105	9.0e-21	95.9
BCW-200312_02050	gnl|TC-DB|Q9CJ32|4.A.3.2.4	45.5	501	225	5	1	462	1	492	1.3e-108	389.8
BCW-200312_02074	gnl|TC-DB|C5WIF8|9.B.116.1.1	29.3	239	155	5	5	242	4	229	7.7e-23	104.0
BCW-200312_02077	gnl|TC-DB|P39760|2.A.38.4.4	57.5	219	91	2	2	220	1	217	2.2e-69	258.5
BCW-200312_02079	gnl|TC-DB|Q55487|4.D.2.1.9	38.5	304	184	2	2	305	5	305	9.8e-63	236.9
BCW-200312_02086	gnl|TC-DB|P42954|3.A.1.104.1	63.9	252	89	1	7	258	2	251	5.0e-92	334.3
BCW-200312_02087	gnl|TC-DB|P42953|3.A.1.104.1	47.3	275	139	2	1	269	1	275	4.9e-71	264.2
BCW-200312_02091	gnl|TC-DB|O32212|2.A.36.3.2	41.4	377	214	3	21	390	21	397	3.2e-71	266.2
BCW-200312_02092	gnl|TC-DB|P43672|3.A.1.120.6	34.0	523	330	7	12	528	12	525	1.1e-84	310.8
BCW-200312_02096	gnl|TC-DB|P54176|1.C.113.1.1	48.3	205	103	1	12	216	12	213	4.7e-48	187.6
BCW-200312_02102	gnl|TC-DB|O35002|9.B.174.1.1	34.9	455	281	7	18	462	15	464	1.4e-68	256.9
BCW-200312_02110	gnl|TC-DB|Q8VRK4|3.A.11.1.3	38.7	212	125	2	78	289	59	265	4.0e-34	141.7
BCW-200312_02120	gnl|TC-DB|Q45064|9.B.31.1.2	53.3	197	81	4	5	201	5	190	1.7e-42	169.1
BCW-200312_02136	gnl|TC-DB|Q2G2M9|3.A.1.106.2	35.5	581	357	4	1	568	1	576	8.3e-92	334.3
BCW-200312_02142	gnl|TC-DB|Q9KSH4|4.A.3.2.6	38.3	441	244	6	1	429	6	430	3.3e-77	285.4
BCW-200312_02148	gnl|TC-DB|C9CPP6|2.A.49.9.3	90.6	403	38	0	1	403	4	406	5.2e-202	699.9
BCW-200312_02153	gnl|TC-DB|Q2G2M9|3.A.1.106.2	59.7	124	50	0	1	124	453	576	4.3e-36	147.1
BCW-200312_02166	gnl|TC-DB|B3WB11|4.A.6.1.13	58.9	95	39	0	3	97	191	285	1.1e-23	105.5
BCW-200312_02167	gnl|TC-DB|A8R5V4|3.A.3.2.41	37.5	885	523	15	11	884	13	878	2.4e-146	516.2
BCW-200312_02172	gnl|TC-DB|Q03YI6|2.A.87.2.1	42.5	106	56	2	3	104	2	106	4.1e-14	74.7
BCW-200312_02183	gnl|TC-DB|P72367|8.A.3.2.4	29.2	226	154	2	1	224	1	222	2.8e-23	105.5
BCW-200312_02184	gnl|TC-DB|P39851|8.A.3.2.1	42.7	211	120	1	24	234	17	226	1.3e-43	172.9
BCW-200312_02186	gnl|TC-DB|Q6MMD5|9.B.18.2.1	38.4	575	303	11	4	552	19	568	1.9e-94	343.2
BCW-200312_02187	gnl|TC-DB|917585193|9.B.18.1.3	39.4	193	111	4	2	189	261	452	4.0e-33	137.9
BCW-200312_02190	gnl|TC-DB|Q6MMD5|9.B.18.2.1	37.0	281	159	6	4	267	291	570	2.2e-36	149.4
BCW-200312_02198	gnl|TC-DB|Q8KUK6|2.A.66.2.16	35.5	467	298	3	3	467	2	467	1.7e-66	250.0
BCW-200312_02213	gnl|TC-DB|P03959|3.A.3.7.1	48.7	558	274	5	7	556	4	557	4.2e-133	471.5
BCW-200312_02214	gnl|TC-DB|P03960|3.A.3.7.1	63.2	669	234	3	8	672	17	677	9.6e-225	776.2
BCW-200312_02215	gnl|TC-DB|Q1M607|3.A.3.7.2	40.5	185	96	4	2	173	1	184	9.6e-23	103.2
BCW-200312_02222	gnl|TC-DB|Q72XQ0|4.A.3.2.8	34.1	451	264	13	8	445	1	431	1.0e-52	204.1
BCW-200312_02234	gnl|TC-DB|Q8F3M7|3.A.15.4.1	43.5	490	258	5	45	519	71	556	2.5e-111	399.1
BCW-200312_02235	gnl|TC-DB|P24559|3.A.15.2.1	49.5	325	162	2	94	418	3	325	8.2e-84	307.4
BCW-200312_02236	gnl|TC-DB|P22609|3.A.15.2.1	28.6	370	245	4	31	397	16	369	1.8e-40	163.3
BCW-200312_02238	gnl|TC-DB|R8YEH7|1.A.54.5.3	28.6	262	143	8	19	244	21	274	3.8e-17	85.1
BCW-200312_02245	gnl|TC-DB|Q8Y5F0|3.A.1.134.12	51.6	248	119	1	1	248	1	247	6.6e-70	260.4
BCW-200312_02249	gnl|TC-DB|F0TFS6|3.A.1.5.32	37.5	598	349	8	1	591	1	580	2.0e-112	402.9
BCW-200312_02252	gnl|TC-DB|Q9KJ80|4.A.1.2.6	48.9	654	303	6	1	633	1	644	1.4e-164	576.2
BCW-200312_02253	gnl|TC-DB|Q9UEF7|8.A.49.1.1	26.7	491	301	16	6	483	61	505	3.8e-37	152.5
BCW-200312_02262	gnl|TC-DB|P76187|8.A.5.1.7	31.8	311	180	6	1	299	2	292	1.5e-36	149.8
BCW-200312_02278	gnl|TC-DB|P42086|2.A.40.3.1	53.1	422	197	1	1	422	1	421	2.0e-122	435.6
BCW-200312_02281	gnl|TC-DB|Q15HU6|3.A.7.14.2	42.0	193	94	5	12	200	15	193	2.0e-29	125.6
BCW-200312_02285	gnl|TC-DB|P54538|2.A.85.5.1	29.6	314	213	2	2	311	3	312	1.0e-30	130.6
BCW-200312_02286	gnl|TC-DB|C0E9K7|2.A.85.4.3	29.8	151	99	3	7	152	8	156	2.0e-13	72.4
BCW-200312_02288	gnl|TC-DB|Q58206|3.A.1.122.14	42.7	227	121	2	4	221	2	228	2.3e-45	178.7
BCW-200312_02294	gnl|TC-DB|B0K2P2|3.A.1.128.2	31.3	217	135	5	1	211	4	212	2.2e-24	109.4
BCW-200312_02312	gnl|TC-DB|Q9KWT8|3.A.1.1.10	41.9	320	186	0	3	322	5	324	3.0e-75	278.5
BCW-200312_02313	gnl|TC-DB|A9QDR8|3.A.1.1.29	37.2	285	167	3	22	295	23	306	1.9e-47	186.0
BCW-200312_02328	gnl|TC-DB|P54715|4.A.1.1.8	32.7	545	337	11	5	537	1	527	1.4e-72	270.4
BCW-200312_02331	gnl|TC-DB|A9QDR8|3.A.1.1.29	40.8	294	165	2	6	290	12	305	2.5e-60	228.8
BCW-200312_02332	gnl|TC-DB|A9QDR7|3.A.1.1.29	38.1	299	185	0	17	315	25	323	1.8e-61	232.6
BCW-200312_02340	gnl|TC-DB|Q5EAK4|2.A.16.2.2	25.6	430	272	14	8	407	1361	1772	4.9e-23	105.9
BCW-200312_02343	gnl|TC-DB|O05703|3.A.1.15.3	56.0	516	210	6	1	514	1	501	2.6e-153	538.5
BCW-200312_02345	gnl|TC-DB|O34738|3.A.1.30.1	35.5	200	122	2	1	200	1	193	3.4e-29	124.8
BCW-200312_02346	gnl|TC-DB|O34362|3.A.1.30.1	30.9	479	280	11	9	436	16	494	8.3e-58	221.1
BCW-200312_02356	gnl|TC-DB|A6QEX1|3.A.1.134.7	22.2	684	446	17	4	671	9	622	2.5e-23	107.1
BCW-200312_02357	gnl|TC-DB|B3WF86|3.A.1.134.8	53.7	246	114	0	4	249	3	248	6.2e-76	280.4
BCW-200312_02363	gnl|TC-DB|O66515|1.A.11.1.5	49.9	401	193	6	1	397	25	421	1.4e-98	356.3
BCW-200312_02374	gnl|TC-DB|P39263|2.A.118.1.8	47.8	184	96	0	1	184	321	504	4.3e-42	167.5
BCW-200312_02375	gnl|TC-DB|P42954|3.A.1.104.1	66.8	244	79	1	4	247	2	243	1.5e-91	332.8
BCW-200312_02382	gnl|TC-DB|F4K2G0|3.D.1.8.1	46.0	163	57	4	1	159	109	244	1.0e-26	116.3
BCW-200312_02384	gnl|TC-DB|O07549|3.A.1.106.8	54.5	154	70	0	1	154	515	668	1.4e-41	165.6
BCW-200312_02388	gnl|TC-DB|B3DPC5|3.A.1.106.3	51.5	625	257	3	2	581	12	635	2.5e-173	605.1
BCW-200312_02390	gnl|TC-DB|O34442|1.A.26.1.3	33.0	451	299	2	1	450	1	449	9.5e-67	250.8
BCW-200312_02411	gnl|TC-DB|P96603|2.A.23.1.6	31.5	406	261	8	9	403	6	405	1.3e-46	183.7
BCW-200312_02412	gnl|TC-DB|O54396|3.A.1.121.2	29.1	361	249	3	4	362	2	357	5.2e-42	168.3
BCW-200312_02413	gnl|TC-DB|O54396|3.A.1.121.2	46.2	80	43	0	2	81	399	478	3.5e-18	87.0
BCW-200312_02414	gnl|TC-DB|P26235|2.A.37.2.1	75.6	381	93	0	1	381	1	381	1.1e-148	522.7
BCW-200312_02419	gnl|TC-DB|M0EYX8|2.A.1.55.1	25.4	398	271	12	16	404	8	388	2.7e-12	69.7
BCW-200312_02427	gnl|TC-DB|Q9CIL2|3.A.1.5.25	33.7	514	326	9	39	543	35	542	2.9e-78	289.3
BCW-200312_02428	gnl|TC-DB|O07550|3.A.1.106.8	41.6	572	333	1	4	574	4	575	6.8e-126	447.6
BCW-200312_02429	gnl|TC-DB|O07549|3.A.1.106.8	43.4	523	292	3	60	581	149	668	4.0e-110	395.2
BCW-200312_02435	gnl|TC-DB|P40739|4.A.1.2.11	34.3	610	370	5	1	601	1	588	3.6e-101	365.5
BCW-200312_02436	gnl|TC-DB|Q9UEF7|8.A.49.1.1	28.8	489	290	16	2	475	60	505	1.8e-39	160.2
BCW-200312_02438	gnl|TC-DB|Q97Q45|3.A.1.11.7	48.5	357	180	2	1	357	1	353	3.0e-100	361.7
BCW-200312_02444	gnl|TC-DB|Q9CIL2|3.A.1.5.25	33.9	508	327	7	45	546	40	544	1.0e-78	290.8
BCW-200312_02447	gnl|TC-DB|Q74I63|3.A.1.29.1	54.6	183	82	1	2	183	3	185	2.0e-52	201.8
BCW-200312_02448	gnl|TC-DB|Q74I62|3.A.1.29.1	50.1	571	282	3	1	569	1	570	5.5e-157	550.8
BCW-200312_02449	gnl|TC-DB|Q74I61|3.A.1.29.1	48.9	274	139	1	2	275	3	275	1.7e-71	265.8
BCW-200312_02450	gnl|TC-DB|Q8RME1|3.A.1.126.1	33.9	289	187	2	4	289	2	289	5.0e-45	177.9
BCW-200312_02454	gnl|TC-DB|P69820|4.A.7.1.1	34.1	132	82	3	1	127	1	132	5.3e-16	80.5
BCW-200312_02456	gnl|TC-DB|B7LDR9|4.A.7.1.2	36.3	380	233	5	3	375	6	383	1.1e-58	223.8
BCW-200312_02459	gnl|TC-DB|Q7WWR0|3.A.1.1.20	22.7	472	295	19	3	454	1	422	4.3e-11	65.9
BCW-200312_02460	gnl|TC-DB|Q93KC0|3.A.1.1.11	31.8	286	184	6	13	294	4	282	3.9e-29	125.2
BCW-200312_02461	gnl|TC-DB|G4FGN6|3.A.1.1.41	25.5	274	196	4	9	276	7	278	1.6e-24	109.8
BCW-200312_02485	gnl|TC-DB|Q838P8|2.A.35.2.5	80.0	451	89	1	3	453	2	451	2.2e-180	628.2
BCW-200312_02498	gnl|TC-DB|B7LDR9|4.A.7.1.2	42.9	422	236	2	1	422	1	417	3.5e-95	345.1
BCW-200312_02503	gnl|TC-DB|O34987|2.A.40.7.2	52.9	433	195	1	5	428	1	433	1.1e-115	413.3
BCW-200312_02505	gnl|TC-DB|P05306|4.A.1.2.9	37.9	446	272	4	1	442	1	445	2.8e-82	302.4
BCW-200312_02512	gnl|TC-DB|Q5HGY5|3.A.1.11.8	34.6	211	131	2	7	210	9	219	8.3e-30	127.1
BCW-200312_02513	gnl|TC-DB|Q2BM70|3.A.1.17.4	27.7	235	153	6	15	236	70	300	6.3e-17	84.3
BCW-200312_02517	gnl|TC-DB|Q9KJ80|4.A.1.2.6	43.3	646	354	7	3	643	5	643	3.8e-146	515.0
BCW-200312_02520	gnl|TC-DB|B8ZMY3|2.A.102.4.4	42.2	258	147	2	1	258	1	256	4.6e-50	194.5
BCW-200312_02521	gnl|TC-DB|Q5EGM5|9.A.25.1.1	32.5	191	102	6	113	284	270	452	1.4e-15	80.1
BCW-200312_02529	gnl|TC-DB|Q93KC0|3.A.1.1.11	39.0	290	172	3	11	299	3	288	1.3e-56	216.5
BCW-200312_02530	gnl|TC-DB|Q93KB9|3.A.1.1.11	34.0	282	180	4	6	282	17	297	8.4e-45	177.2
BCW-200312_02533	gnl|TC-DB|P46317|4.A.3.2.2	38.2	442	257	7	7	435	8	446	2.3e-73	272.7
BCW-200312_02544	gnl|TC-DB|A9BJX0|3.A.3.2.21	43.0	896	471	13	2	873	3	882	9.4e-180	627.1
BCW-200312_02557	gnl|TC-DB|Q09LY7|3.A.1.1.9	33.3	246	153	2	60	296	103	346	4.1e-37	151.8
BCW-200312_02558	gnl|TC-DB|A9QDR8|3.A.1.1.29	36.8	310	186	6	1	305	1	305	3.6e-46	181.8
BCW-200312_02561	gnl|TC-DB|B3XQE5|9.B.33.1.2	33.2	205	128	6	368	569	373	571	3.5e-21	99.8
BCW-200312_02565	gnl|TC-DB|O34739|2.A.3.8.12	42.5	435	244	2	5	438	8	437	1.3e-84	310.1
BCW-200312_02571	gnl|TC-DB|O07009|3.A.1.1.2	59.7	417	163	2	2	418	5	416	2.6e-143	505.0
BCW-200312_02572	gnl|TC-DB|O32261|3.A.1.1.2	72.2	410	114	0	11	420	7	416	2.4e-173	604.7
BCW-200312_02573	gnl|TC-DB|O07011|3.A.1.1.2	74.4	281	72	0	4	284	3	283	1.2e-115	412.5
BCW-200312_02575	gnl|TC-DB|F9VN10|3.D.10.1.4	24.3	448	253	13	75	500	20	403	1.2e-17	87.8
BCW-200312_02576	gnl|TC-DB|P42360|3.A.1.15.2	54.0	239	109	1	1	239	13	250	9.1e-69	256.5
BCW-200312_02577	gnl|TC-DB|P42364|3.A.1.15.2	66.8	301	100	0	283	583	8	308	3.2e-115	412.1
BCW-200312_02584	gnl|TC-DB|A2RKV5|2.A.88.5.2	47.3	203	95	5	2	202	28	220	2.3e-36	148.7
BCW-200312_02589	gnl|TC-DB|Q04MS8|3.A.1.24.6	37.7	284	162	6	5	275	3	284	8.9e-44	173.7
BCW-200312_02590	gnl|TC-DB|P42061|3.A.1.5.20	28.9	456	297	11	51	484	53	503	2.9e-43	172.9
BCW-200312_02591	gnl|TC-DB|P42062|3.A.1.5.20	36.6	314	198	1	1	313	1	314	1.9e-53	206.1
BCW-200312_02592	gnl|TC-DB|P42063|3.A.1.5.20	37.8	254	155	2	22	272	44	297	6.4e-42	167.5
BCW-200312_02593	gnl|TC-DB|P26905|3.A.1.5.2	51.2	254	115	3	4	248	3	256	1.1e-63	240.0
BCW-200312_02594	gnl|TC-DB|Q2FZR4|3.A.1.5.19	45.4	295	151	5	2	291	5	294	3.3e-68	255.0
BCW-200312_02597	gnl|TC-DB|C2UR80|2.A.1.46.5	29.8	379	261	3	19	397	15	388	9.4e-45	177.6
BCW-200312_02599	gnl|TC-DB|S7VJD6|3.A.1.26.10	49.7	167	84	0	2	168	6	172	2.5e-44	174.9
BCW-200312_02610	gnl|TC-DB|P43439|3.A.2.2.2	42.8	661	361	5	1	645	1	660	1.6e-139	493.0
BCW-200312_02611	gnl|TC-DB|P43457|3.A.2.2.2	78.4	153	33	0	1	153	1	153	3.3e-59	224.2
BCW-200312_02612	gnl|TC-DB|P43436|3.A.2.2.2	28.0	182	129	1	1	180	3	184	1.2e-13	73.2
BCW-200312_02613	gnl|TC-DB|P43456|3.A.2.2.2	47.7	325	169	1	4	327	3	327	1.9e-80	295.8
BCW-200312_02614	gnl|TC-DB|P43455|3.A.2.2.2	49.5	103	51	1	1	102	1	103	1.2e-25	112.1
BCW-200312_02615	gnl|TC-DB|Q08636|3.A.2.2.2	75.5	593	144	1	1	592	1	593	4.6e-263	903.3
BCW-200312_02616	gnl|TC-DB|Q08637|3.A.2.2.2	87.3	455	58	0	1	455	1	455	1.7e-233	804.7
BCW-200312_02617	gnl|TC-DB|P43435|3.A.2.2.2	65.3	196	68	0	6	201	5	200	6.7e-68	253.4
BCW-200312_02618	gnl|TC-DB|P43440|2.A.38.4.1	55.2	451	199	2	7	456	3	451	7.4e-136	480.3
BCW-200312_02624	gnl|TC-DB|P40739|4.A.1.2.11	41.5	605	331	8	1	600	1	587	1.8e-124	443.0
BCW-200312_02625	gnl|TC-DB|Q86Z14|8.A.49.1.2	25.4	489	289	17	3	474	81	510	8.5e-34	141.4
BCW-200312_02626	gnl|TC-DB|F4LXP4|8.A.59.2.1	28.3	332	201	9	263	563	172	497	2.6e-29	126.7
BCW-200312_02628	gnl|TC-DB|P29822|3.A.1.1.4	40.8	429	238	4	1	427	7	421	2.0e-90	329.3
BCW-200312_02629	gnl|TC-DB|P29823|3.A.1.1.4	55.6	275	120	1	11	283	16	290	1.9e-84	308.9
BCW-200312_02630	gnl|TC-DB|P29824|3.A.1.1.4	49.6	266	129	2	8	273	13	273	4.1e-73	271.2
BCW-200312_02634	gnl|TC-DB|Q9WYC4|3.A.1.135.5	41.5	574	331	3	9	582	23	591	4.9e-116	414.8
BCW-200312_02635	gnl|TC-DB|Q9WYC3|3.A.1.135.5	40.3	571	337	2	1	570	1	568	1.7e-116	416.4
BCW-200312_02650	gnl|TC-DB|P39518|4.C.1.1.15	23.2	341	197	8	145	425	292	627	4.0e-18	89.4
BCW-200312_02653	gnl|TC-DB|P0AFI9|2.A.86.1.1	22.2	333	247	5	26	356	20	342	4.1e-13	72.4
BCW-200312_02656	gnl|TC-DB|P0AFT2|3.A.1.3.10	35.2	213	135	1	8	217	5	217	8.1e-35	143.7
BCW-200312_02657	gnl|TC-DB|B8F896|3.A.1.3.28	33.7	243	152	5	33	272	24	260	4.1e-28	121.7
BCW-200312_02671	gnl|TC-DB|Q83XH1|3.A.1.121.4	31.3	530	356	4	3	531	1	523	3.9e-74	275.8
BCW-200312_02673	gnl|TC-DB|P11024|3.D.2.3.1	32.7	342	192	7	1	313	57	389	8.3e-37	151.0
BCW-200312_02680	gnl|TC-DB|A9QDR8|3.A.1.1.29	35.4	291	179	2	11	292	16	306	7.7e-46	180.6
BCW-200312_02681	gnl|TC-DB|Q9KWT8|3.A.1.1.10	38.6	293	180	0	23	315	32	324	9.8e-63	236.9
BCW-200312_02688	gnl|TC-DB|Q93KB9|3.A.1.1.11	36.9	279	173	3	1	277	22	299	1.3e-58	223.0
BCW-200312_02689	gnl|TC-DB|Q93KC0|3.A.1.1.11	45.1	286	155	1	31	316	3	286	1.0e-67	253.4
BCW-200312_02692	gnl|TC-DB|F4LXP4|8.A.59.2.1	25.8	333	203	9	294	586	171	499	3.7e-23	106.3
BCW-200312_02697	gnl|TC-DB|Q86Z14|8.A.49.1.2	25.8	473	295	11	6	471	84	507	3.8e-34	142.5
BCW-200312_02698	gnl|TC-DB|P40739|4.A.1.2.11	38.8	616	365	7	4	616	2	608	4.1e-113	405.2
BCW-200312_02702	gnl|TC-DB|Q04DP6|2.A.1.68.1	26.3	270	187	6	17	281	14	276	3.8e-19	92.4
BCW-200312_02706	gnl|TC-DB|P80874|8.A.5.1.4	31.3	310	200	6	9	310	11	315	1.2e-37	153.7
BCW-200312_02721	gnl|TC-DB|Q8L1D1|3.A.7.14.1	43.6	202	110	2	18	215	20	221	9.2e-43	170.6
BCW-200312_02735	gnl|TC-DB|O43933|3.A.20.1.1	27.3	264	160	7	9	244	751	1010	3.0e-11	65.9
BCW-200312_02736	gnl|TC-DB|Q97Q45|3.A.1.11.7	62.7	357	132	1	1	357	1	356	1.1e-131	466.1
BCW-200312_02737	gnl|TC-DB|Q97Q44|3.A.1.11.7	71.5	260	66	3	1	260	1	252	1.5e-91	332.4
BCW-200312_02738	gnl|TC-DB|Q97Q43|3.A.1.11.7	65.9	261	87	1	6	264	14	274	5.4e-94	340.5
BCW-200312_02739	gnl|TC-DB|Q97Q42|3.A.1.11.7	74.2	361	92	1	1	360	1	361	3.0e-156	547.7
BCW-200312_02744	gnl|TC-DB|F9LXW4|2.A.87.2.3	37.4	198	104	6	1	198	1	178	1.1e-22	103.2
BCW-200312_02771	gnl|TC-DB|P36879|3.A.1.105.17	74.8	302	76	0	1	302	1	302	2.8e-126	448.0
BCW-200312_02772	gnl|TC-DB|P0AFN6|3.A.1.105.17	71.9	256	72	0	1	256	1	256	3.0e-102	367.9
BCW-200312_02773	gnl|TC-DB|P40739|4.A.1.2.11	37.8	596	348	9	1	582	1	587	2.1e-106	382.9
BCW-200312_02786	gnl|TC-DB|Q837P4|3.A.1.135.8	84.2	589	93	0	1	589	1	589	9.4e-285	975.3
BCW-200312_02787	gnl|TC-DB|Q837P5|3.A.1.135.8	78.2	569	124	0	1	569	1	569	4.9e-222	766.9
BCW-200312_02790	gnl|TC-DB|O32139|2.A.40.3.2	30.5	429	271	12	25	439	11	426	1.4e-38	157.1
BCW-200312_02793	gnl|TC-DB|P46319|4.A.3.2.2	39.0	100	61	0	2	101	3	102	2.4e-11	64.7
BCW-200312_02794	gnl|TC-DB|U5MIE1|4.A.3.2.9	44.0	100	53	1	1	97	1	100	3.5e-14	73.9
BCW-200312_02795	gnl|TC-DB|P46317|4.A.3.2.2	32.4	438	272	8	4	418	8	444	4.0e-51	198.7
BCW-200312_02800	gnl|TC-DB|Q93J92|3.A.1.1.36	33.8	269	176	2	8	276	29	295	1.5e-43	172.9
BCW-200312_02801	gnl|TC-DB|P29823|3.A.1.1.4	37.2	285	171	2	20	301	18	297	3.0e-45	178.7
BCW-200312_02809	gnl|TC-DB|P0ABP3|2.A.61.1.1	33.1	456	295	4	2	455	5	452	1.8e-57	219.9
BCW-200312_02816	gnl|TC-DB|A9QDR8|3.A.1.1.29	35.9	306	191	3	6	310	5	306	2.3e-48	189.1
BCW-200312_02817	gnl|TC-DB|A9QDR7|3.A.1.1.29	38.0	292	170	3	20	307	33	317	7.2e-50	194.1
BCW-200312_02819	gnl|TC-DB|F4LXP4|8.A.59.2.1	25.4	426	276	12	194	587	78	493	3.8e-23	106.3
BCW-200312_02824	gnl|TC-DB|Q9UEF7|8.A.49.1.1	31.6	497	264	15	9	481	61	505	2.1e-64	243.0
BCW-200312_02828	gnl|TC-DB|Q9WYR1|3.A.1.1.39	33.8	213	138	2	65	276	60	270	8.7e-31	130.6
BCW-200312_02829	gnl|TC-DB|P29823|3.A.1.1.4	33.2	289	186	4	10	296	13	296	4.4e-36	148.3
BCW-200312_02836	gnl|TC-DB|Q82ZC8|4.A.6.1.8	61.6	151	57	1	1	151	1	150	7.5e-45	176.4
BCW-200312_02838	gnl|TC-DB|Q82ZC7|4.A.6.1.8	88.1	168	20	0	1	168	1	168	2.7e-83	304.3
BCW-200312_02839	gnl|TC-DB|Q82ZC6|4.A.6.1.8	78.5	275	59	0	11	285	16	290	6.3e-117	416.8
BCW-200312_02840	gnl|TC-DB|Q82ZC5|4.A.6.1.8	88.5	253	29	0	1	253	1	253	1.4e-105	379.0
BCW-200312_02845	gnl|TC-DB|I0RHY9|9.B.55.1.2	43.8	121	66	1	1	119	1	121	1.8e-20	95.1
BCW-200312_02850	gnl|TC-DB|P73329|3.A.1.141.1	37.6	322	193	2	4	321	2	319	7.2e-61	230.7
BCW-200312_02858	gnl|TC-DB|Q03YV5|2.A.11.2.1	33.4	437	266	5	4	436	5	420	2.3e-57	219.5
BCW-200312_02873	gnl|TC-DB|Q9HT69|3.A.1.24.5	43.2	139	79	0	18	156	23	161	5.3e-23	104.4
BCW-200312_02874	gnl|TC-DB|O32169|3.A.1.24.2	44.1	322	170	2	4	318	2	320	1.1e-72	270.0
BCW-200312_02875	gnl|TC-DB|Q04MS8|3.A.1.24.6	33.6	286	166	7	9	280	7	282	1.0e-26	117.1
BCW-200312_02885	gnl|TC-DB|P76269|2.A.1.3.17	29.5	457	309	4	1	450	1	451	4.2e-49	192.2
BCW-200312_02888	gnl|TC-DB|Q07837|8.A.9.1.2	26.3	224	129	7	37	246	113	314	6.2e-19	92.0
BCW-200312_02890	gnl|TC-DB|O31712|3.A.1.122.2	24.8	439	273	11	1	424	1	397	8.7e-22	101.3
BCW-200312_02891	gnl|TC-DB|P75831|3.A.1.122.1	46.4	220	117	1	3	222	4	222	5.8e-49	190.7
BCW-200312_02893	gnl|TC-DB|P46317|4.A.3.2.2	36.7	431	253	5	12	427	8	433	5.8e-66	248.1
BCW-200312_02912	gnl|TC-DB|Q8DS05|4.A.1.1.11	48.7	117	60	0	17	133	587	703	1.2e-29	125.9
BCW-200312_02913	gnl|TC-DB|Q8GGK3|4.A.1.2.5	33.5	367	237	5	10	372	14	377	1.1e-46	184.1
BCW-200312_02917	gnl|TC-DB|Q75V15|3.A.1.124.3	27.7	166	116	3	1	165	52	214	4.8e-17	84.7
BCW-200312_02937	gnl|TC-DB|P40739|4.A.1.2.11	40.9	602	335	7	1	598	1	585	1.5e-123	439.9
BCW-200312_02942	gnl|TC-DB|Q04DP6|2.A.1.68.1	28.5	372	261	3	8	374	5	376	7.9e-33	137.9
BCW-200312_02944	gnl|TC-DB|P0AFV2|9.B.20.1.4	32.6	190	118	3	10	199	4	183	2.6e-20	95.5
BCW-200312_02950	gnl|TC-DB|Q04DP6|2.A.1.68.1	29.2	363	249	1	11	365	12	374	6.7e-37	151.4
BCW-200312_02959	gnl|TC-DB|Q9UEF7|8.A.49.1.1	27.4	485	294	16	3	471	63	505	1.3e-39	160.6
BCW-200312_02960	gnl|TC-DB|P40739|4.A.1.2.11	35.9	596	361	8	1	587	1	584	2.6e-107	386.0
BCW-200312_02965	gnl|TC-DB|P42200|3.A.1.3.14	41.2	85	49	1	4	87	149	233	5.6e-14	73.2
BCW-200312_02967	gnl|TC-DB|Q9KSH5|4.A.3.2.6	43.0	86	47	1	1	86	1	84	4.3e-13	70.5
BCW-200312_02968	gnl|TC-DB|P46319|4.A.3.2.2	33.3	102	68	0	3	104	2	103	1.8e-14	75.1
BCW-200312_02970	gnl|TC-DB|O50980|4.A.3.2.3	31.4	446	282	8	12	445	10	443	6.9e-54	208.0
BCW-200312_02973	gnl|TC-DB|P69937|2.A.7.1.4	42.3	104	60	0	1	104	1	104	2.7e-17	84.3
BCW-200312_02987	gnl|TC-DB|Q8CWM9|3.A.11.1.2	39.7	426	250	6	6	428	9	430	5.7e-77	284.6
BCW-200312_02990	gnl|TC-DB|Q6MDD6|3.A.7.16.1	34.3	680	401	13	5	669	69	717	2.4e-97	353.2
BCW-200312_02994	gnl|TC-DB|Q9A0K0|3.A.1.105.7	39.7	317	169	8	3	310	4	307	1.2e-57	219.9
BCW-200312_03003	gnl|TC-DB|Q53787|2.A.24.2.1	84.4	418	65	0	25	442	24	441	2.9e-185	644.4
BCW-200312_03015	gnl|TC-DB|Q832J9|3.A.1.135.9	48.0	581	298	2	17	593	11	591	3.4e-149	525.0
BCW-200312_03016	gnl|TC-DB|Q832K0|3.A.1.135.9	46.5	572	305	1	1	571	1	572	5.1e-134	474.6
BCW-200312_03018	gnl|TC-DB|D3FUL0|2.A.115.2.2	30.2	189	123	2	8	192	7	190	9.0e-20	93.6
BCW-200312_03029	gnl|TC-DB|F4K2G0|3.D.1.8.1	46.2	169	60	4	24	188	103	244	3.7e-28	121.3
BCW-200312_03039	gnl|TC-DB|Q9CIL2|3.A.1.5.25	35.6	267	170	2	3	269	281	545	4.8e-42	167.9
BCW-200312_03049	gnl|TC-DB|P0A4K4|2.A.1.2.34	50.3	398	197	1	2	399	3	399	2.5e-111	398.7
BCW-200312_03061	gnl|TC-DB|P08722|4.A.1.2.2	36.4	605	370	3	5	594	3	607	2.3e-105	379.4
BCW-200312_03066	gnl|TC-DB|Q04DP6|2.A.1.68.1	34.2	366	231	1	8	363	11	376	8.1e-51	197.6
BCW-200312_03080	gnl|TC-DB|V7RGM6|4.A.6.1.19	70.3	263	78	0	11	273	16	278	1.7e-103	372.1
BCW-200312_03081	gnl|TC-DB|V7RE14|4.A.6.1.19	69.0	261	79	1	1	261	1	259	2.2e-92	335.1
BCW-200312_03082	gnl|TC-DB|V7IFY8|4.A.6.1.19	65.8	149	51	0	1	149	1	149	3.5e-53	204.1
BCW-200312_03083	gnl|TC-DB|V7IHL6|4.A.6.1.19	46.0	139	73	2	4	141	1	138	1.3e-27	119.0
BCW-200312_03090	gnl|TC-DB|O50980|4.A.3.2.3	34.4	259	159	7	158	409	189	443	4.3e-26	115.5
BCW-200312_03092	gnl|TC-DB|Q9UEF7|8.A.49.1.1	27.9	494	285	14	4	475	61	505	1.5e-43	173.7
BCW-200312_03093	gnl|TC-DB|Q9UEF7|8.A.49.1.1	28.1	484	298	16	5	476	60	505	7.5e-38	154.8
BCW-200312_03107	gnl|TC-DB|P46317|4.A.3.2.2	28.7	449	303	9	1	437	1	444	7.7e-45	177.9
BCW-200312_03109	gnl|TC-DB|Q9UEF7|8.A.49.1.1	30.2	484	263	18	4	451	61	505	1.7e-47	186.8
BCW-200312_03122	gnl|TC-DB|O50980|4.A.3.2.3	34.3	210	131	5	5	210	236	442	4.7e-27	117.9
BCW-200312_03126	gnl|TC-DB|P55069|2.A.11.1.1	32.7	398	241	7	4	394	2	379	1.1e-40	164.1
BCW-200312_03134	gnl|TC-DB|P45096|3.A.1.5.27	49.2	63	32	0	2	64	270	332	7.0e-14	72.4
BCW-200312_03135	gnl|TC-DB|P42063|3.A.1.5.20	37.4	254	156	2	22	272	44	297	8.4e-42	167.2
BCW-200312_03159	gnl|TC-DB|W5L187|9.B.207.2.1	53.0	66	30	1	500	564	29	94	8.3e-15	78.6
BCW-200312_03165	gnl|TC-DB|Q45064|9.B.31.1.2	49.3	142	61	4	2	143	60	190	6.8e-25	110.2
BCW-200312_03169	gnl|TC-DB|P29823|3.A.1.1.4	35.8	279	175	3	17	291	13	291	8.8e-45	177.2
BCW-200312_03170	gnl|TC-DB|Q7WWQ8|3.A.1.1.20	30.7	277	182	6	5	275	8	280	4.6e-32	134.8
BCW-200312_03175	gnl|TC-DB|Q72XQ0|4.A.3.2.8	37.3	448	246	9	5	432	1	433	9.0e-59	224.2
BCW-200312_03176	gnl|TC-DB|Q86Z14|8.A.49.1.2	28.2	475	289	14	6	470	78	510	4.7e-45	178.7
BCW-200312_03181	gnl|TC-DB|Q86Z14|8.A.49.1.2	29.0	473	269	13	11	468	83	503	7.4e-46	181.4
BCW-200312_03182	gnl|TC-DB|Q8GGK3|4.A.1.2.5	40.2	132	79	0	6	137	473	604	1.9e-24	108.6
BCW-200312_03184	gnl|TC-DB|P05306|4.A.1.2.9	24.9	465	324	9	1	454	1	451	3.3e-38	156.0
BCW-200312_03199	gnl|TC-DB|P54715|4.A.1.1.8	52.3	526	245	3	1	521	1	525	9.3e-159	556.6
BCW-200312_03202	gnl|TC-DB|Q48WG5|4.A.1.1.12	47.5	120	63	0	8	127	484	603	3.8e-28	120.9
BCW-200312_03207	gnl|TC-DB|Q9I2M1|3.A.1.109.4	22.9	367	257	7	168	516	332	690	3.2e-18	89.7
BCW-200312_03214	gnl|TC-DB|Q9ZK21|1.C.82.1.1	54.4	226	102	1	1	225	1	226	1.3e-64	242.7
BCW-200312_03232	gnl|TC-DB|Q9A0K0|3.A.1.105.7	39.5	309	181	5	3	310	4	307	1.6e-57	219.5
BCW-200312_03236	gnl|TC-DB|Q6MDD6|3.A.7.16.1	33.5	749	445	15	10	742	6	717	2.3e-101	366.7
BCW-200312_03240	gnl|TC-DB|F2MU33|9.B.158.1.3	78.5	209	45	0	1	209	1	209	2.3e-95	344.7
BCW-200312_03241	gnl|TC-DB|Q8G7R7|3.A.1.106.3	67.8	264	84	1	1	263	331	594	4.3e-96	347.4
BCW-200312_03254	gnl|TC-DB|G4L6P2|1.E.29.1.4	47.1	85	41	2	1	85	1	81	7.1e-11	63.2
BCW-200312_03272	gnl|TC-DB|Q5SMG8|1.A.26.1.2	39.7	272	156	3	1	272	184	447	4.1e-49	191.4
BCW-200312_03279	gnl|TC-DB|P46317|4.A.3.2.2	30.8	419	273	8	17	421	18	433	3.4e-50	195.7
BCW-200312_03300	gnl|TC-DB|Q08636|3.A.2.2.2	63.1	130	48	0	1	130	461	590	1.3e-40	162.2
BCW-200312_03306	gnl|TC-DB|P42086|2.A.40.3.1	51.3	298	144	1	1	298	125	421	4.6e-81	297.7
BCW-200312_03323	gnl|TC-DB|H8E4X1|9.B.18.1.2	47.4	192	99	2	21	211	330	520	3.1e-44	174.9
BCW-200312_03324	gnl|TC-DB|P39851|8.A.3.2.1	40.1	207	120	2	9	213	19	223	2.8e-37	151.8
BCW-200312_03325	gnl|TC-DB|P72367|8.A.3.2.4	35.4	226	137	5	1	223	1	220	5.7e-26	114.4
BCW-200312_03342	gnl|TC-DB|Q835V4|3.A.3.23.2	39.5	762	437	10	11	757	31	783	1.1e-147	520.4
BCW-200312_03352	gnl|TC-DB|C7QBX7|3.A.1.109.19	43.0	221	118	3	5	221	461	677	9.4e-42	166.8
BCW-200312_03357	gnl|TC-DB|C8TA54|4.A.7.1.4	50.7	414	204	0	7	420	5	418	5.1e-113	404.4
BCW-200312_03359	gnl|TC-DB|B7LDS1|4.A.7.1.2	35.4	144	93	0	529	672	1	144	1.6e-22	104.4
BCW-200312_03360	gnl|TC-DB|P46317|4.A.3.2.2	41.6	428	224	7	2	403	6	433	1.4e-88	323.2
BCW-200312_03364	gnl|TC-DB|U5MFA1|4.A.3.2.9	32.3	427	286	2	1	427	1	424	1.2e-61	233.8
BCW-200312_03383	gnl|TC-DB|O34521|4.A.1.1.7	42.0	481	241	7	1	477	1	447	6.4e-98	354.4
BCW-200312_03396	gnl|TC-DB|G4FGN3|3.A.1.2.20	28.1	231	156	4	3	231	4	226	9.0e-14	73.9
BCW-200312_03400	gnl|TC-DB|F0PA74|9.B.28.3.1	48.6	218	112	0	1	218	1	218	4.4e-54	207.6
BCW-200312_03401	gnl|TC-DB|Q93J92|3.A.1.1.36	34.5	258	169	0	31	288	39	296	1.5e-41	166.4
BCW-200312_03402	gnl|TC-DB|Q9X9R6|3.A.1.1.23	34.3	283	175	4	23	296	21	301	1.6e-41	166.4
BCW-200312_03417	gnl|TC-DB|P46317|4.A.3.2.2	41.8	435	250	2	1	432	1	435	3.3e-96	348.6
BCW-200312_03418	gnl|TC-DB|P69795|4.A.3.2.1	42.2	109	59	2	1	109	1	105	2.3e-14	74.7
BCW-200312_03422	gnl|TC-DB|P39803|2.A.115.1.1	31.7	262	178	1	6	267	7	267	9.4e-41	163.7
BCW-200312_03428	gnl|TC-DB|O34992|3.A.1.12.4	61.3	380	147	0	1	380	1	380	4.1e-135	477.6
BCW-200312_03429	gnl|TC-DB|O34878|3.A.1.12.4	59.3	209	85	0	1	209	4	212	7.3e-62	233.4
BCW-200312_03430	gnl|TC-DB|O32243|3.A.1.12.4	54.6	304	137	1	1	304	1	303	1.1e-90	329.7
BCW-200312_03431	gnl|TC-DB|O34742|3.A.1.12.4	63.1	214	79	0	4	217	1	214	1.3e-69	259.2
BCW-200312_03435	gnl|TC-DB|A9QDR8|3.A.1.1.29	33.3	294	186	5	12	297	15	306	4.9e-40	161.4
BCW-200312_03436	gnl|TC-DB|Q9KWT8|3.A.1.1.10	40.5	304	177	2	7	307	22	324	3.0e-64	241.9
BCW-200312_03437	gnl|TC-DB|Q9KWT6|3.A.1.1.10	27.1	465	285	21	83	527	85	515	3.6e-25	112.8
BCW-200312_03439	gnl|TC-DB|Q81JL2|9.B.33.1.1	26.4	227	150	5	318	536	364	581	1.3e-17	87.8
BCW-200312_03450	gnl|TC-DB|Q7WWQ8|3.A.1.1.20	26.6	263	188	2	16	275	17	277	2.7e-27	119.0
BCW-200312_03451	gnl|TC-DB|Q7WWQ9|3.A.1.1.20	31.4	290	177	7	3	284	7	282	1.2e-30	130.2
BCW-200312_03454	gnl|TC-DB|H1X8H0|2.A.3.14.3	62.5	608	224	3	10	614	4	610	1.1e-206	716.1
BCW-200312_03455	gnl|TC-DB|P49022|9.B.74.1.1	63.0	901	333	0	1	901	1	901	2.1e-219	758.8
BCW-200312_03459	gnl|TC-DB|P21458|3.A.12.1.1	52.9	779	318	9	43	806	39	783	7.6e-184	640.6
BCW-200312_03460	gnl|TC-DB|P0AEU0|3.A.1.3.29	30.3	238	153	7	34	264	26	257	5.1e-20	94.7
BCW-200312_03461	gnl|TC-DB|P10346|3.A.1.3.2	46.9	207	108	2	1	205	1	207	9.2e-49	189.9
BCW-200312_03462	gnl|TC-DB|Q8YSA2|3.A.1.3.17	36.7	210	126	2	5	207	276	485	2.6e-27	118.6
BCW-200312_03472	gnl|TC-DB|Q7WWQ6|3.A.1.1.20	71.3	366	105	0	1	366	1	366	8.6e-151	529.6
BCW-200312_03474	gnl|TC-DB|Q72XP9|4.A.3.2.8	35.7	98	61	1	9	106	3	98	8.1e-12	66.2
BCW-200312_03475	gnl|TC-DB|O05177|3.A.1.2.5	52.9	374	171	3	25	395	26	397	5.0e-104	374.4
BCW-200312_03476	gnl|TC-DB|O05176|3.A.1.2.5	62.5	501	186	1	1	499	1	501	2.4e-175	611.7
BCW-200312_03477	gnl|TC-DB|P25548|3.A.1.2.5	65.4	347	118	1	20	364	7	353	6.1e-125	443.7
BCW-200312_03478	gnl|TC-DB|P39325|3.A.1.2.25	36.0	272	165	3	35	305	24	287	2.0e-45	179.5
BCW-200312_03479	gnl|TC-DB|F4LXP4|8.A.59.2.1	26.2	244	173	3	233	469	251	494	1.1e-20	97.8
BCW-200312_03481	gnl|TC-DB|Q07711|3.A.7.7.1	29.9	628	385	15	1	581	1	620	1.0e-67	254.6
BCW-200312_03489	gnl|TC-DB|P80874|8.A.5.1.4	32.5	197	117	5	13	196	16	209	7.2e-25	110.9
BCW-200312_03496	gnl|TC-DB|A9QDR8|3.A.1.1.29	45.0	282	154	1	16	296	24	305	7.3e-68	253.8
BCW-200312_03497	gnl|TC-DB|Q9KWT8|3.A.1.1.10	45.6	287	153	2	13	299	35	318	1.7e-67	252.7
BCW-200312_03503	gnl|TC-DB|E8MFM3|3.A.1.135.6	47.6	615	305	5	13	622	4	606	2.3e-148	522.3
BCW-200312_03504	gnl|TC-DB|Q832K0|3.A.1.135.9	41.3	547	321	0	22	568	24	570	1.1e-117	420.2
BCW-200312_03507	gnl|TC-DB|P77272|4.A.1.2.7	32.6	488	289	14	1	469	1	467	9.7e-52	201.4
BCW-200312_03512	gnl|TC-DB|Q04MS8|3.A.1.24.6	45.0	271	133	5	15	273	18	284	3.8e-58	221.5
BCW-200312_03513	gnl|TC-DB|Q8K8K7|3.A.1.24.3	38.7	230	136	2	1	226	1	229	8.7e-37	150.2
BCW-200312_03514	gnl|TC-DB|Q04MS6|3.A.1.24.6	58.5	347	139	2	1	343	5	350	6.2e-106	380.6
BCW-200312_03521	gnl|TC-DB|P42332|3.A.1.131.1	38.7	300	183	1	1	299	1	300	4.6e-57	218.0
BCW-200312_03523	gnl|TC-DB|Q9A1H0|3.A.1.3.20	52.5	499	232	3	17	514	9	503	2.0e-140	495.7
BCW-200312_03524	gnl|TC-DB|Q9A1H1|3.A.1.3.20	68.7	243	75	1	2	243	3	245	7.5e-87	316.6
BCW-200312_03525	gnl|TC-DB|F2HK99|2.A.26.1.9	67.7	439	142	0	1	439	1	439	3.2e-168	587.8
BCW-200312_03551	gnl|TC-DB|A9QDR8|3.A.1.1.29	37.3	284	171	2	16	292	22	305	8.6e-53	203.8
BCW-200312_03552	gnl|TC-DB|A9QDR7|3.A.1.1.29	37.9	298	181	1	2	295	20	317	1.2e-54	209.9
BCW-200312_03568	gnl|TC-DB|Q72XQ0|4.A.3.2.8	40.6	431	250	3	1	425	1	431	7.9e-82	300.8
BCW-200312_03572	gnl|TC-DB|Q9CEK0|3.A.1.5.10	34.3	601	377	8	1	592	4	595	3.3e-96	349.0
BCW-200312_03574	gnl|TC-DB|Q97Q45|3.A.1.11.7	64.7	187	66	0	1	187	170	356	1.1e-66	249.2
BCW-200312_03575	gnl|TC-DB|Q9KN48|3.A.23.1.1	32.2	208	119	7	136	333	215	410	2.1e-15	79.7
BCW-200312_03577	gnl|TC-DB|Q2QKM4|4.A.6.1.6	31.8	129	85	2	1	128	1	127	7.4e-15	76.6
BCW-200312_03578	gnl|TC-DB|D0ZLR6|4.A.6.1.17	32.9	158	106	0	1	158	1	158	4.2e-22	100.9
BCW-200312_03579	gnl|TC-DB|D0ZLR5|4.A.6.1.17	30.1	209	145	1	28	235	30	238	9.1e-27	117.1
BCW-200312_03580	gnl|TC-DB|D0ZLR4|4.A.6.1.17	38.5	270	159	7	5	271	20	285	7.1e-41	164.1
BCW-200312_03587	gnl|TC-DB|C0B844|9.B.211.1.2	60.6	142	56	0	6	147	172	313	3.0e-41	164.5
BCW-200312_03614	gnl|TC-DB|H2J7Z5|2.A.103.1.6	30.7	374	219	6	12	380	20	358	2.6e-36	149.4
BCW-200312_03619	gnl|TC-DB|Q9WYR1|3.A.1.1.39	42.5	254	132	5	31	277	24	270	3.0e-47	185.3
BCW-200312_03620	gnl|TC-DB|P29823|3.A.1.1.4	31.7	293	189	7	12	296	6	295	8.6e-32	134.0
BCW-200312_03629	gnl|TC-DB|A8TDW7|3.A.1.122.7	47.4	76	39	1	3	78	191	265	1.0e-14	75.5
BCW-200312_03632	gnl|TC-DB|O07549|3.A.1.106.8	65.4	52	18	0	3	54	614	665	1.5e-14	74.3
BCW-200312_03633	gnl|TC-DB|Q9L100|2.A.3.3.16	34.1	164	107	1	5	168	321	483	2.5e-23	105.1
BCW-200312_03634	gnl|TC-DB|Q53922|4.A.1.1.14	49.6	133	64	2	14	145	547	677	6.3e-34	140.2
BCW-200312_03636	gnl|TC-DB|P24241|4.A.1.2.3	33.5	465	295	5	1	458	1	458	1.3e-74	276.9
BCW-200312_03637	gnl|TC-DB|Q86Z14|8.A.49.1.2	26.9	495	291	16	3	491	81	510	3.9e-34	142.5
BCW-200312_03639	gnl|TC-DB|Q73MJ2|3.A.1.122.8	42.8	229	114	7	1	224	1	217	7.5e-41	163.7
BCW-200312_03644	gnl|TC-DB|P29823|3.A.1.1.4	29.1	282	193	6	25	305	16	291	2.2e-22	102.8
BCW-200312_03645	gnl|TC-DB|Q9WYR1|3.A.1.1.39	28.1	270	185	3	21	289	9	270	1.1e-31	133.7
BCW-200312_03648	gnl|TC-DB|Q93KC0|3.A.1.1.11	30.6	206	126	5	8	207	3	197	2.6e-14	75.9
BCW-200312_03649	gnl|TC-DB|Q93KB9|3.A.1.1.11	26.2	290	188	10	32	317	33	300	1.7e-17	86.7
BCW-200312_03652	gnl|TC-DB|B3WEC0|3.A.1.134.9	35.0	563	349	9	1	555	105	658	1.3e-70	263.8
BCW-200312_03655	gnl|TC-DB|Q9CES4|3.A.1.3.25	70.0	160	48	0	1	160	86	245	8.0e-61	229.6
BCW-200312_03661	gnl|TC-DB|Q99ZY3|3.A.1.34.1	57.5	80	34	0	1	80	173	252	6.0e-20	92.8
BCW-200312_03662	gnl|TC-DB|Q58206|3.A.1.122.14	45.7	230	110	3	4	221	2	228	4.9e-51	197.6
BCW-200312_03668	gnl|TC-DB|Q8DS05|4.A.1.1.11	43.8	146	77	1	32	177	586	726	2.2e-27	118.6
BCW-200312_03669	gnl|TC-DB|Q15HU6|3.A.7.14.2	35.7	154	89	4	72	222	47	193	4.0e-14	76.3
BCW-200312_03687	gnl|TC-DB|B3XQE5|9.B.33.1.2	32.7	205	129	6	20	221	373	571	2.6e-20	95.5
BCW-200312_03688	gnl|TC-DB|O34362|3.A.1.30.1	31.2	468	273	10	18	436	27	494	5.8e-59	224.9
BCW-200312_03704	gnl|TC-DB|Q9RZP7|4.A.2.1.18	51.0	482	217	7	3	466	118	598	1.3e-90	330.1
BCW-200312_03712	gnl|TC-DB|Q9UEF7|8.A.49.1.1	25.2	496	303	13	5	483	61	505	1.0e-34	144.4
BCW-200312_03713	gnl|TC-DB|Q9UEF7|8.A.49.1.1	30.6	483	278	17	4	467	61	505	1.3e-45	180.6
BCW-200312_03714	gnl|TC-DB|Q8GGK3|4.A.1.2.5	39.4	601	356	4	4	600	6	602	7.0e-113	404.4
BCW-200312_03717	gnl|TC-DB|Q2FZR3|3.A.1.5.19	35.5	513	326	3	42	554	33	540	7.7e-95	344.4
BCW-200312_03727	gnl|TC-DB|U5MFA1|4.A.3.2.9	32.6	426	276	5	9	427	8	429	1.2e-53	207.2
BCW-200312_03728	gnl|TC-DB|Q9UEF7|8.A.49.1.1	25.1	475	293	14	4	449	65	505	2.4e-33	139.8
BCW-200312_03730	gnl|TC-DB|P75905|4.D.1.1.3	31.2	420	271	9	18	431	29	436	2.2e-52	203.0
BCW-200312_03738	gnl|TC-DB|Q9UEF7|8.A.49.1.1	29.9	482	281	18	8	473	65	505	9.7e-46	181.0
BCW-200312_03739	gnl|TC-DB|P46317|4.A.3.2.2	34.5	438	273	4	1	429	4	436	3.1e-67	252.3
BCW-200312_03744	gnl|TC-DB|Q9HV74|2.A.21.9.1	24.7	393	261	12	236	606	598	977	1.7e-18	90.9
BCW-200312_03754	gnl|TC-DB|F2HJG8|2.A.3.7.6	65.1	476	165	1	1	475	1	476	1.2e-184	642.5
BCW-200312_03756	gnl|TC-DB|Q7A3X3|3.A.1.122.4	46.4	222	112	3	5	222	3	221	1.1e-50	196.4
BCW-200312_03763	gnl|TC-DB|Q8L1D1|3.A.7.14.1	36.1	319	178	11	414	712	50	362	5.8e-42	169.1
BCW-200312_03777	gnl|TC-DB|P08722|4.A.1.2.2	30.3	462	296	6	5	452	3	452	1.8e-52	203.4
BCW-200312_03780	gnl|TC-DB|D4GYE5|4.A.2.1.15	32.2	332	197	7	1	313	9	331	1.4e-39	160.2
BCW-200312_03781	gnl|TC-DB|P69816|4.A.2.1.10	46.1	102	55	0	2	103	3	104	7.8e-20	92.8
BCW-200312_03782	gnl|TC-DB|Q1LZ68|4.A.2.1.8	34.3	143	94	0	5	147	4	146	8.8e-25	109.8
BCW-200312_03784	gnl|TC-DB|P69937|2.A.7.1.4	42.3	104	60	0	1	104	1	104	1.2e-17	85.5
BCW-200312_03785	gnl|TC-DB|A8R5V4|3.A.3.2.41	42.6	891	469	14	2	859	4	885	1.4e-180	629.8
BCW-200312_03789	gnl|TC-DB|P46317|4.A.3.2.2	36.1	424	255	5	9	416	10	433	1.1e-64	243.8
BCW-200312_03793	gnl|TC-DB|P46317|4.A.3.2.2	30.4	427	264	11	16	419	11	427	1.7e-41	166.8
BCW-200312_03815	gnl|TC-DB|Q9CEK0|3.A.1.5.10	32.9	607	383	9	1	595	1	595	4.2e-91	332.0
BCW-200312_03826	gnl|TC-DB|Q7WWQ9|3.A.1.1.20	34.8	282	178	3	12	288	13	293	7.4e-41	164.1
BCW-200312_03853	gnl|TC-DB|P40411|3.A.1.14.15	36.0	333	201	4	2	325	4	333	7.8e-55	210.7
BCW-200312_03854	gnl|TC-DB|Q9X664|3.A.1.14.7	37.9	322	197	1	3	324	18	336	6.8e-59	224.2
BCW-200312_03855	gnl|TC-DB|Q9X665|3.A.1.14.7	51.7	259	125	0	36	294	1	259	8.1e-75	276.9
BCW-200312_03867	gnl|TC-DB|P94357|2.A.115.1.2	33.3	270	177	1	12	281	7	273	2.7e-33	139.0
BCW-200312_03889	gnl|TC-DB|A8R5V4|3.A.3.2.41	35.1	211	131	2	1	206	680	889	1.7e-23	105.9
BCW-200312_03898	gnl|TC-DB|Q73PT4|2.A.79.1.5	32.8	253	165	3	3	251	9	260	1.6e-31	132.9
BCW-200312_03903	gnl|TC-DB|F2HN33|2.A.3.1.22	35.9	195	116	5	1	190	256	446	4.2e-27	117.9
BCW-200312_03915	gnl|TC-DB|Q52716|3.D.6.1.1	36.5	192	121	1	1	191	260	451	3.1e-30	128.3
BCW-200312_03930	gnl|TC-DB|A5N7N1|2.A.87.3.1	28.2	170	119	1	1	170	1	167	1.3e-14	76.3
BCW-200312_03935	gnl|TC-DB|Q9SXJ7|3.A.9.1.2	52.2	823	375	7	1	813	114	928	4.5e-232	800.8
BCW-200312_03937	gnl|TC-DB|P06493|1.I.1.1.3	31.3	243	150	6	12	240	4	243	1.0e-24	111.7
BCW-200312_03942	gnl|TC-DB|Q9ZKE4|3.A.11.3.1	34.9	498	306	7	268	765	110	589	1.8e-73	273.9
BCW-200312_03951	gnl|TC-DB|Q037U3|2.A.88.3.3	39.3	191	114	2	1	189	1	191	1.6e-31	132.5
BCW-200312_03955	gnl|TC-DB|O33704|3.A.1.15.3	58.3	266	111	0	1	266	2	267	1.4e-76	282.7
BCW-200312_03956	gnl|TC-DB|P0A2U6|3.A.1.15.3	66.2	225	76	0	1	225	1	225	1.7e-88	322.0
BCW-200312_03957	gnl|TC-DB|O05703|3.A.1.15.3	53.4	313	139	2	7	319	1	306	3.0e-83	305.1
BCW-200312_03967	gnl|TC-DB|P00550|4.A.2.1.2	40.3	139	82	1	4	142	496	633	6.4e-25	110.2
BCW-200312_03968	gnl|TC-DB|P42956|4.A.2.1.5	58.7	479	181	4	3	468	2	476	4.0e-150	528.1
BCW-200312_03971	gnl|TC-DB|P42956|4.A.2.1.5	40.0	467	247	4	12	446	13	478	6.8e-91	331.3
BCW-200312_03974	gnl|TC-DB|Q01466|9.B.157.1.1	32.0	253	165	5	34	280	27	278	3.6e-32	135.2
BCW-200312_03985	gnl|TC-DB|C9CPP6|2.A.49.9.3	98.8	403	5	0	1	403	4	406	1.7e-221	764.6
BCW-200312_03998	gnl|TC-DB|P46317|4.A.3.2.2	34.2	441	281	4	1	432	1	441	1.9e-67	253.1
BCW-200312_03999	gnl|TC-DB|O50982|4.A.3.2.3	44.3	97	53	1	4	99	1	97	3.5e-17	84.0
BCW-200312_04000	gnl|TC-DB|O35018|2.A.1.3.30	31.3	454	297	4	19	460	24	474	5.3e-44	175.3
BCW-200312_04003	gnl|TC-DB|P46319|4.A.3.2.2	46.1	102	55	0	1	102	1	102	7.0e-21	96.3
BCW-200312_04008	gnl|TC-DB|P42332|3.A.1.131.1	34.2	298	191	4	1	294	1	297	8.8e-45	177.2
BCW-200312_04011	gnl|TC-DB|O07550|3.A.1.106.8	44.2	579	322	1	2	579	3	581	2.8e-140	495.4
BCW-200312_04012	gnl|TC-DB|O07549|3.A.1.106.8	41.2	514	294	5	82	590	158	668	2.5e-104	375.9
BCW-200312_04013	gnl|TC-DB|Q03YV5|2.A.11.2.1	33.6	447	274	3	1	447	1	424	2.7e-58	222.6
BCW-200312_04020	gnl|TC-DB|P10408|3.A.5.1.1	36.4	118	58	1	1	101	782	899	1.1e-15	79.0
BCW-200312_04061	gnl|TC-DB|Q48797|2.A.69.4.5	34.9	298	183	4	21	311	20	313	1.3e-46	183.3
BCW-200312_04062	gnl|TC-DB|P54544|2.A.9.3.3	35.4	257	155	4	1	247	1	256	4.8e-38	154.8
BCW-200312_04063	gnl|TC-DB|O50980|4.A.3.2.3	31.2	432	265	3	9	408	11	442	1.8e-59	226.5
BCW-200312_04073	gnl|TC-DB|P96792|2.A.2.3.3	24.9	454	302	13	30	477	35	455	2.0e-20	97.1
BCW-200312_04126	gnl|TC-DB|Q8Y992|3.A.3.6.24	42.1	591	329	4	53	639	40	621	8.3e-125	444.1
BCW-200312_04127	gnl|TC-DB|Q52716|3.D.6.1.1	37.1	410	254	3	33	438	42	451	4.4e-69	258.5
BCW-200312_04128	gnl|TC-DB|C4N8U1|3.D.6.1.2	43.4	334	157	6	19	346	5	312	1.6e-61	233.0
BCW-200312_04138	gnl|TC-DB|P19642|4.A.1.1.3	56.9	520	217	4	6	520	8	525	1.4e-162	569.3
BCW-200312_04144	gnl|TC-DB|O32095|2.A.86.1.8	29.2	359	247	4	6	358	3	360	1.1e-38	157.1
BCW-200312_04149	gnl|TC-DB|H2J7Z5|2.A.103.1.6	29.4	381	222	10	3	373	15	358	2.1e-30	129.8
BCW-200312_04150	gnl|TC-DB|P07373|2.A.103.1.3	32.0	375	234	6	3	372	4	362	6.4e-32	134.8
BCW-200312_04158	gnl|TC-DB|K8ZBV5|1.A.78.2.8	33.2	184	113	5	1	180	1	178	5.0e-17	84.3
BCW-200312_04160	gnl|TC-DB|Q9KJ80|4.A.1.2.6	41.4	580	308	8	1	562	78	643	7.0e-112	401.0
BCW-200312_04162	gnl|TC-DB|Q9WZS2|2.A.66.1.28	24.5	383	284	3	12	392	76	455	4.1e-29	125.6
BCW-200312_04163	gnl|TC-DB|Q9KJ80|4.A.1.2.6	52.5	139	66	0	1	139	506	644	6.5e-35	143.3
BCW-200312_04168	gnl|TC-DB|Q09II0|3.A.1.124.5	33.3	189	118	5	1	182	2	189	9.2e-21	96.7
BCW-200312_04192	gnl|TC-DB|P46319|4.A.3.2.2	51.5	101	49	0	5	105	7	107	4.5e-23	103.6
BCW-200312_04193	gnl|TC-DB|P46318|4.A.3.2.2	55.1	98	43	1	1	97	1	98	5.5e-23	103.2
BCW-200312_04194	gnl|TC-DB|U5MFA1|4.A.3.2.9	35.8	433	275	2	1	430	1	433	1.9e-77	286.2
BCW-200312_04195	gnl|TC-DB|Q9UEF7|8.A.49.1.1	26.8	485	310	16	6	485	61	505	4.0e-31	132.5
BCW-200312_04200	gnl|TC-DB|Q7WWQ8|3.A.1.1.20	34.1	220	139	3	8	224	65	281	1.0e-32	136.7
BCW-200312_04202	gnl|TC-DB|Q9WZS2|2.A.66.1.28	23.6	381	290	1	12	392	76	455	1.2e-28	124.0
BCW-200312_04204	gnl|TC-DB|Q9UEF7|8.A.49.1.1	26.3	490	295	16	3	471	61	505	9.1e-36	147.9
BCW-200312_04207	gnl|TC-DB|Q9KJ80|4.A.1.2.6	43.5	653	337	8	4	638	5	643	2.6e-139	492.3
BCW-200312_04212	gnl|TC-DB|Q92EV6|8.A.43.1.5	47.6	63	33	0	1	63	322	384	7.1e-11	63.5
BCW-200312_04216	gnl|TC-DB|P39851|8.A.3.2.1	41.1	207	118	2	9	213	19	223	1.3e-37	152.9
BCW-200312_04217	gnl|TC-DB|Q837P5|3.A.1.135.8	50.0	222	110	1	2	222	346	567	4.9e-59	224.2
BCW-200312_04220	gnl|TC-DB|C0E9K7|2.A.85.4.3	29.8	151	99	3	7	152	8	156	2.0e-13	72.4
BCW-200312_04225	gnl|TC-DB|Q48797|2.A.69.4.5	35.2	298	182	4	21	311	20	313	2.8e-46	182.2
BCW-200312_04231	gnl|TC-DB|Q93PJ3|1.A.29.1.5	44.3	167	83	3	1	158	1	166	6.6e-31	130.2
BCW-200312_04234	gnl|TC-DB|Q5SMG8|1.A.26.1.2	39.5	339	197	3	112	450	117	447	1.2e-61	233.8
BCW-200312_04262	gnl|TC-DB|Q99ZY3|3.A.1.34.1	47.4	251	132	0	1	251	1	251	3.3e-59	224.9
BCW-200312_04265	gnl|TC-DB|Q9X665|3.A.1.14.7	55.5	128	57	0	8	135	136	263	5.2e-37	150.2
BCW-200312_04266	gnl|TC-DB|Q9X664|3.A.1.14.7	38.9	324	195	1	3	326	18	338	8.0e-60	227.3
BCW-200312_04267	gnl|TC-DB|P40411|3.A.1.14.15	35.9	334	204	3	1	325	1	333	1.6e-55	213.0
BCW-200312_04268	gnl|TC-DB|Q2PGB8|3.A.1.120.5	39.2	79	48	0	31	109	398	476	3.0e-11	64.3
BCW-200312_04269	gnl|TC-DB|O51234|3.A.1.7.5	36.7	297	176	5	8	299	3	292	7.8e-41	164.1
BCW-200312_04292	gnl|TC-DB|Q045X4|4.A.3.1.2	55.3	103	46	0	1	103	2	104	5.8e-28	119.8
BCW-200312_04293	gnl|TC-DB|P11162|4.A.3.1.1	54.8	568	246	4	1	557	2	569	1.1e-170	596.3
BCW-200312_04303	gnl|TC-DB|J6RCW6|3.A.1.135.7	80.3	568	111	1	9	576	1	567	1.8e-256	881.3
BCW-200312_04304	gnl|TC-DB|E2YHZ7|3.A.1.135.7	76.3	583	138	0	3	585	4	586	3.7e-249	857.1
BCW-200312_04316	gnl|TC-DB|P0AFV2|9.B.20.1.4	32.1	190	119	3	10	199	4	183	3.5e-20	95.1
BCW-200312_04319	gnl|TC-DB|Q03YV5|2.A.11.2.1	27.4	446	299	6	1	443	1	424	7.9e-42	167.9
BCW-200312_04333	gnl|TC-DB|D7V8E7|1.A.8.2.6	66.4	232	78	0	6	237	9	240	1.3e-86	315.8
BCW-200312_04339	gnl|TC-DB|Q7MV19|9.A.8.1.6	35.1	732	391	18	6	670	130	844	4.3e-114	408.7
BCW-200312_04343	gnl|TC-DB|B7LDR9|4.A.7.1.2	37.2	422	255	3	4	425	7	418	5.4e-72	268.1
BCW-200312_04369	gnl|TC-DB|Q55487|4.D.2.1.9	39.1	304	182	2	2	305	5	305	5.2e-64	241.1
BCW-200312_04375	gnl|TC-DB|A6VKT0|3.A.1.2.13	43.8	265	147	2	41	303	26	290	1.5e-55	213.0
BCW-200312_04376	gnl|TC-DB|A6VKS9|3.A.1.2.13	51.6	281	134	2	35	313	33	313	2.6e-71	265.4
BCW-200312_04377	gnl|TC-DB|P04983|3.A.1.2.1	47.0	491	257	2	3	492	5	493	8.3e-125	443.7
BCW-200312_04385	gnl|TC-DB|Q8NMV5|3.A.1.1.45	38.2	254	152	3	43	291	50	303	1.6e-46	183.0
BCW-200312_04386	gnl|TC-DB|Q8NMV4|3.A.1.1.45	45.3	254	128	4	37	288	37	281	3.4e-54	208.4
BCW-200312_04394	gnl|TC-DB|Q93KB9|3.A.1.1.11	45.5	290	158	0	2	291	11	300	7.9e-75	276.9
BCW-200312_04395	gnl|TC-DB|Q93KC0|3.A.1.1.11	51.9	291	135	3	6	294	7	294	4.1e-87	317.8
BCW-200312_04411	gnl|TC-DB|Q9KZW3|2.A.20.1.5	39.3	326	187	5	16	340	5	320	2.8e-58	222.2
BCW-200312_04414	gnl|TC-DB|Q8DQ40|3.A.11.1.2	32.9	660	414	15	83	726	88	734	1.9e-80	297.0
BCW-200312_04415	gnl|TC-DB|G2JTB4|3.A.11.1.4	65.7	140	48	0	5	144	3	142	1.4e-55	212.2
BCW-200312_04416	gnl|TC-DB|P39694|3.A.11.1.1	44.4	160	87	2	54	211	45	204	1.6e-32	136.0
BCW-200312_04419	gnl|TC-DB|Q58206|3.A.1.122.14	46.9	228	112	2	1	219	1	228	1.5e-49	192.6
BCW-200312_04431	gnl|TC-DB|Q9A1H0|3.A.1.3.20	32.2	491	284	14	37	488	21	501	3.8e-53	205.7
BCW-200312_04432	gnl|TC-DB|P54537|3.A.1.3.15	62.9	240	89	0	1	240	1	240	1.4e-82	302.4
BCW-200312_04435	gnl|TC-DB|Q7A3S4|2.A.1.3.61	41.5	468	266	3	19	480	9	474	3.0e-98	355.5
BCW-200312_04454	gnl|TC-DB|B3WEC0|3.A.1.134.9	35.6	668	403	11	2	654	3	658	5.1e-90	328.6
BCW-200312_04455	gnl|TC-DB|Q8DQ77|3.A.1.134.4	62.3	247	93	0	1	247	20	266	4.7e-84	307.4
BCW-200312_04473	gnl|TC-DB|P36640|3.A.3.4.1	52.1	772	357	5	1	763	128	895	4.3e-221	764.2
BCW-200312_04481	gnl|TC-DB|Q9CES4|3.A.1.3.25	73.7	175	46	0	2	176	72	246	2.9e-72	267.7
BCW-200312_04486	gnl|TC-DB|Q99ZY6|3.A.1.34.1	46.3	231	123	1	1	231	90	319	6.3e-52	200.7
BCW-200312_04488	gnl|TC-DB|P40739|4.A.1.2.11	37.5	624	371	7	4	626	3	608	9.6e-110	394.0
BCW-200312_04494	gnl|TC-DB|Q8PUP5|9.B.143.2.3	34.7	236	144	4	3	230	2	235	3.8e-32	134.8
BCW-200312_04497	gnl|TC-DB|P80874|8.A.5.1.4	28.6	213	127	7	8	200	4	211	2.1e-16	82.8
BCW-200312_04509	gnl|TC-DB|O32095|2.A.86.1.8	37.9	354	216	2	7	358	3	354	5.0e-58	221.5
BCW-200312_04510	gnl|TC-DB|Q54318|9.A.40.1.1	29.9	231	155	3	199	428	31	255	3.3e-27	119.4
BCW-200312_04512	gnl|TC-DB|Q04MS6|3.A.1.24.6	39.6	255	133	5	2	237	8	260	2.3e-43	172.2
BCW-200312_04513	gnl|TC-DB|Q9HT69|3.A.1.24.5	38.5	195	119	1	20	213	23	217	3.2e-28	121.7
BCW-200312_04514	gnl|TC-DB|P28635|3.A.1.24.1	35.1	245	154	4	14	255	15	257	4.3e-35	144.8
BCW-200312_04518	gnl|TC-DB|B1L0U1|3.A.1.128.3	49.6	230	113	1	1	227	1	230	1.3e-62	236.1
BCW-200312_04532	gnl|TC-DB|K4IPL7|2.A.45.2.6	29.2	394	249	4	1	366	1	392	4.8e-37	151.8
BCW-200312_04535	gnl|TC-DB|O68878|3.A.1.14.21	26.4	292	202	5	29	311	35	322	2.8e-17	85.9
BCW-200312_04537	gnl|TC-DB|Q9X665|3.A.1.14.7	41.8	237	136	1	5	239	7	243	1.7e-49	192.6
BCW-200312_04542	gnl|TC-DB|G9CHY8|3.A.1.135.3	49.7	183	92	0	3	185	382	564	1.2e-50	196.1
BCW-200312_04558	gnl|TC-DB|P36640|3.A.3.4.1	56.1	387	170	0	5	391	509	895	1.2e-121	433.0
BCW-200312_04559	gnl|TC-DB|Q93A35|3.A.1.12.8	46.5	245	125	3	1	239	75	319	1.2e-55	213.0
BCW-200312_04568	gnl|TC-DB|P39803|2.A.115.1.1	40.8	277	164	0	12	288	4	280	8.5e-59	223.8
BCW-200312_04600	gnl|TC-DB|Q2SDB1|3.A.1.132.4	26.7	210	149	3	10	215	1	209	1.7e-24	109.4
BCW-200312_04615	gnl|TC-DB|O07032|2.A.24.2.2	83.5	425	70	0	1	425	1	425	7.5e-191	662.9
BCW-200312_04617	gnl|TC-DB|F9VN10|3.D.10.1.4	26.7	472	250	16	59	503	3	405	1.2e-25	114.4
BCW-200312_04623	gnl|TC-DB|Q8DUC7|2.A.11.1.3	74.7	467	99	2	1	448	1	467	2.3e-190	661.4
BCW-200312_04626	gnl|TC-DB|Q9V0A7|3.B.1.1.5	49.1	379	168	2	16	370	22	399	5.0e-90	327.8
BCW-200312_04633	gnl|TC-DB|Q6A1F6|3.B.1.1.6	49.7	457	216	3	1	447	5	457	2.8e-130	461.8
BCW-200312_04636	gnl|TC-DB|Q2G140|2.A.66.1.13	38.4	445	273	1	6	450	1	444	7.8e-85	310.8
BCW-200312_04654	gnl|TC-DB|Q9KWT7|3.A.1.1.10	34.6	289	184	3	6	293	8	292	3.1e-42	168.7
BCW-200312_04655	gnl|TC-DB|Q9KWT8|3.A.1.1.10	38.4	294	180	1	32	324	25	318	2.6e-58	222.2
BCW-200312_04659	gnl|TC-DB|Q93KB9|3.A.1.1.11	34.6	269	165	6	16	277	36	300	1.4e-41	166.4
BCW-200312_04660	gnl|TC-DB|Q7WWQ9|3.A.1.1.20	39.9	271	160	2	10	277	12	282	3.9e-50	194.9
BCW-200312_04661	gnl|TC-DB|Q9L027|3.A.1.1.21	24.7	368	238	16	33	380	35	383	5.4e-18	88.6
BCW-200312_04678	gnl|TC-DB|Q1R4T1|4.A.2.1.9	57.6	347	136	3	6	352	11	346	2.4e-73	272.3
BCW-200312_04679	gnl|TC-DB|Q3JZE2|4.A.2.1.22	59.6	99	40	0	1	99	1	99	1.1e-29	125.6
BCW-200312_04680	gnl|TC-DB|Q3JZE3|4.A.2.1.22	39.0	141	85	1	15	154	5	145	3.6e-24	107.8
BCW-200312_04685	gnl|TC-DB|O34739|2.A.3.8.12	37.1	89	56	0	3	91	271	359	1.0e-12	68.9
BCW-200312_04687	gnl|TC-DB|Q5EAK4|2.A.16.2.2	50.0	62	31	0	6	67	1649	1710	7.6e-13	70.5
BCW-200312_04695	gnl|TC-DB|Q72XQ1|4.A.3.2.8	44.4	99	55	0	4	102	2	100	5.4e-18	86.7
BCW-200312_04705	gnl|TC-DB|Q9X665|3.A.1.14.7	40.9	237	138	1	5	239	7	243	4.9e-49	191.0
BCW-200312_04707	gnl|TC-DB|O68878|3.A.1.14.21	27.1	295	196	6	29	311	35	322	1.9e-18	89.7
BCW-200312_04712	gnl|TC-DB|O31712|3.A.1.122.2	30.7	407	264	6	1	401	3	397	4.6e-41	165.2
BCW-200312_04713	gnl|TC-DB|O31711|3.A.1.122.2	55.7	219	97	0	1	219	1	219	8.2e-64	240.0
BCW-200312_04723	gnl|TC-DB|O32095|2.A.86.1.8	52.6	114	54	0	3	116	241	354	6.1e-27	116.7
