BCW-200036_00020	gnl|TC-DB|P00726|1.M.1.1.1	56.6	145	63	0	11	155	8	152	3.2e-38	154.5
BCW-200036_00022	gnl|TC-DB|F4SWK5|1.E.5.2.5	78.6	103	22	0	1	103	1	103	8.4e-43	169.1
BCW-200036_00066	gnl|TC-DB|P36655|5.A.1.1.1	87.0	570	68	3	1	569	1	565	1.8e-285	977.6
BCW-200036_00068	gnl|TC-DB|P0ABN5|2.A.13.1.1	94.7	433	23	0	1	433	1	433	3.5e-220	760.4
BCW-200036_00071	gnl|TC-DB|P39277|2.A.3.13.1	87.1	420	49	1	1	420	1	415	1.3e-206	715.3
BCW-200036_00079	gnl|TC-DB|P0ADB7|9.B.13.1.1	89.6	48	5	0	1	48	1	48	3.1e-16	79.7
BCW-200036_00081	gnl|TC-DB|D5CES3|2.A.7.1.10	86.7	105	14	0	1	105	1	105	7.6e-44	172.6
BCW-200036_00087	gnl|TC-DB|P17596|3.D.10.1.3	28.4	218	151	5	7	219	5	222	1.7e-25	112.8
BCW-200036_00088	gnl|TC-DB|F9VN10|3.D.10.1.4	39.9	586	327	8	1	581	1	566	8.5e-108	387.5
BCW-200036_00090	gnl|TC-DB|P39282|2.A.3.7.5	86.8	500	66	0	1	500	1	500	4.9e-250	859.8
BCW-200036_00093	gnl|TC-DB|P39285|1.A.23.1.3	79.3	1108	224	2	1	1104	1	1107	0.0e+00	1553.9
BCW-200036_00094	gnl|TC-DB|B0SM05|2.A.25.1.6	37.5	267	154	6	12	273	468	726	3.0e-43	172.2
BCW-200036_00121	gnl|TC-DB|P39301|4.A.7.1.1	97.0	465	14	0	1	465	1	465	3.1e-254	873.6
BCW-200036_00122	gnl|TC-DB|P69822|4.A.7.1.1	97.0	101	3	0	1	101	1	101	3.6e-51	196.8
BCW-200036_00123	gnl|TC-DB|P69820|4.A.7.1.1	87.7	154	19	0	1	154	1	154	1.8e-73	271.6
BCW-200036_00128	gnl|TC-DB|P0AD30|2.A.102.3.1	47.9	242	126	0	13	254	17	258	2.5e-64	241.9
BCW-200036_00136	gnl|TC-DB|P0AAE0|2.A.3.1.7	95.5	469	21	0	1	469	1	469	9.3e-251	862.1
BCW-200036_00139	gnl|TC-DB|P39314|2.A.7.3.19	86.0	321	45	0	1	321	1	321	2.6e-159	557.8
BCW-200036_00147	gnl|TC-DB|Q0PBV6|9.A.40.2.2	22.0	427	327	4	5	428	26	449	3.7e-31	132.5
BCW-200036_00149	gnl|TC-DB|P0ADE4|1.B.33.2.4	90.8	577	53	0	1	577	1	577	0.0e+00	1089.7
BCW-200036_00150	gnl|TC-DB|P39321|9.B.22.1.2	88.4	1259	145	1	1	1258	1	1259	0.0e+00	2249.9
BCW-200036_00152	gnl|TC-DB|A3ZKG8|1.B.14.1.13	29.4	671	400	22	37	658	26	671	6.1e-62	235.3
BCW-200036_00155	gnl|TC-DB|P39325|3.A.1.2.25	95.9	318	13	0	1	318	1	318	3.8e-171	597.0
BCW-200036_00156	gnl|TC-DB|Q6BEX0|3.A.1.2.25	95.2	500	24	0	1	500	1	500	1.3e-271	931.4
BCW-200036_00157	gnl|TC-DB|P39328|3.A.1.2.25	93.2	340	23	0	1	340	2	341	2.1e-167	584.7
BCW-200036_00158	gnl|TC-DB|P37772|3.A.1.2.25	96.4	329	12	0	1	329	1	329	2.6e-170	594.3
BCW-200036_00159	gnl|TC-DB|M3JA40|1.B.52.2.1	32.2	183	110	2	199	367	278	460	1.2e-14	77.4
BCW-200036_00165	gnl|TC-DB|Q72XQ0|4.A.3.2.8	40.4	428	243	6	7	424	5	430	1.7e-73	273.1
BCW-200036_00183	gnl|TC-DB|Q07837|8.A.9.1.2	29.2	527	307	13	6	507	117	602	7.0e-64	241.5
BCW-200036_00184	gnl|TC-DB|P36672|4.A.1.2.4	91.7	472	39	0	1	472	2	473	1.6e-250	861.3
BCW-200036_00186	gnl|TC-DB|P36640|3.A.3.4.1	92.0	902	72	0	1	902	1	902	0.0e+00	1640.9
BCW-200036_00211	gnl|TC-DB|Q9KN55|3.A.23.1.1	30.7	580	368	14	7	567	5	569	3.9e-73	272.3
BCW-200036_00226	gnl|TC-DB|P23886|3.A.1.129.1	86.0	573	80	0	1	573	1	573	3.5e-276	946.8
BCW-200036_00227	gnl|TC-DB|P29018|3.A.1.129.1	89.8	588	60	0	1	588	1	588	6.5e-302	1032.3
BCW-200036_00230	gnl|TC-DB|P46889|3.A.12.1.2	83.3	1331	189	6	1	1300	1	1329	0.0e+00	1738.4
BCW-200036_00231	gnl|TC-DB|P61316|1.B.46.1.1	94.6	203	11	0	1	203	1	203	1.3e-111	398.7
BCW-200036_00234	gnl|TC-DB|P18775|5.A.3.3.2	92.6	813	60	0	1	813	1	813	0.0e+00	1584.3
BCW-200036_00235	gnl|TC-DB|P18776|5.A.3.3.2	94.6	205	11	0	1	205	1	205	3.2e-123	437.2
BCW-200036_00236	gnl|TC-DB|P18777|5.A.3.3.2	89.9	287	29	0	1	287	1	287	3.2e-145	510.8
BCW-200036_00238	gnl|TC-DB|P21503|2.A.1.26.1	88.7	382	43	0	1	382	1	382	3.3e-190	660.6
BCW-200036_00239	gnl|TC-DB|B7LDS1|4.A.7.1.2	41.0	122	68	2	10	129	12	131	2.0e-19	92.0
BCW-200036_00242	gnl|TC-DB|B7LDR9|4.A.7.1.2	47.0	413	219	0	1	413	1	413	1.7e-110	396.0
BCW-200036_00247	gnl|TC-DB|P0AC23|1.A.16.1.1	96.5	285	10	0	1	285	1	285	3.6e-157	550.4
BCW-200036_00256	gnl|TC-DB|P44408|3.A.11.2.2	34.4	671	382	12	127	752	131	788	8.3e-92	334.7
BCW-200036_00257	gnl|TC-DB|P60752|3.A.1.106.1	94.0	582	35	0	1	582	1	582	1.1e-298	1021.5
BCW-200036_00273	gnl|TC-DB|P02931|1.B.1.1.1	85.4	364	45	3	1	358	1	362	4.7e-178	620.2
BCW-200036_00283	gnl|TC-DB|B1X8N7|3.A.1.17.10	89.8	255	26	0	1	255	1	255	6.2e-124	439.9
BCW-200036_00284	gnl|TC-DB|P75851|3.A.1.17.10	93.5	263	17	0	1	263	1	263	4.9e-132	466.8
BCW-200036_00286	gnl|TC-DB|P75853|3.A.1.17.10	84.9	324	44	1	1	324	1	319	1.7e-155	545.0
BCW-200036_00292	gnl|TC-DB|P43672|3.A.1.120.6	89.3	634	68	0	1	634	1	634	0.0e+00	1085.5
BCW-200036_00300	gnl|TC-DB|P0A910|1.B.6.1.1	86.1	352	43	2	1	352	1	346	8.1e-175	609.4
BCW-200036_00303	gnl|TC-DB|P75870|2.A.85.1.1	90.1	717	71	0	1	717	1	717	0.0e+00	1292.7
BCW-200036_00304	gnl|TC-DB|P0AB12|9.B.55.1.1	94.6	148	8	0	1	148	1	148	1.2e-74	275.4
BCW-200036_00320	gnl|TC-DB|P0AAC6|1.A.14.2.1	96.3	219	8	0	1	219	1	219	4.5e-107	383.6
BCW-200036_00321	gnl|TC-DB|P23843|3.A.1.5.41	53.9	521	238	2	24	542	23	543	3.1e-165	578.2
BCW-200036_00324	gnl|TC-DB|P05418|3.D.3.1.1	39.2	400	201	5	13	386	35	418	6.4e-72	267.7
BCW-200036_00325	gnl|TC-DB|P08067|3.D.3.3.1	43.2	155	82	4	26	179	66	215	4.9e-30	127.5
BCW-200036_00327	gnl|TC-DB|P07821|3.A.1.14.3	39.9	243	141	2	21	258	16	258	7.9e-45	177.2
BCW-200036_00328	gnl|TC-DB|Q9HQ19|3.A.1.14.9	43.5	278	148	4	71	348	93	361	8.2e-50	194.1
BCW-200036_00334	gnl|TC-DB|P51002|1.B.10.2.1	45.3	274	135	7	9	278	1	263	7.8e-64	240.4
BCW-200036_00338	gnl|TC-DB|P0A4L7|5.A.2.1.2	30.6	219	122	6	8	206	14	222	2.2e-18	89.0
BCW-200036_00341	gnl|TC-DB|O33918|5.A.1.5.1	75.9	634	136	3	1	625	1	626	3.3e-280	960.3
BCW-200036_00350	gnl|TC-DB|K7QW88|2.A.7.3.52	34.6	272	163	8	18	285	11	271	4.4e-20	95.1
BCW-200036_00354	gnl|TC-DB|P07117|2.A.21.2.1	96.0	500	20	0	1	500	1	500	9.2e-273	935.3
BCW-200036_00355	gnl|TC-DB|P75901|2.A.108.2.3	93.1	276	19	0	1	276	1	276	1.4e-142	501.9
BCW-200036_00356	gnl|TC-DB|P0AB24|2.A.108.2.3	91.2	375	33	0	1	375	1	375	9.8e-195	675.6
BCW-200036_00357	gnl|TC-DB|P31545|2.A.108.2.3	87.3	426	50	1	1	426	1	422	1.5e-218	755.0
BCW-200036_00366	gnl|TC-DB|P0AEA2|1.B.48.1.1	94.6	277	15	0	1	277	1	277	1.1e-147	518.8
BCW-200036_00367	gnl|TC-DB|P0AE98|1.B.48.1.1	90.6	138	12	1	1	137	1	138	1.4e-66	248.4
BCW-200036_00368	gnl|TC-DB|P0AE95|1.B.48.1.1	87.7	130	15	1	1	130	1	129	6.5e-61	229.6
BCW-200036_00378	gnl|TC-DB|P62517|4.D.3.1.1	95.1	831	41	0	1	831	11	841	0.0e+00	1615.9
BCW-200036_00381	gnl|TC-DB|P25744|2.A.1.2.20	91.5	402	32	1	1	400	1	402	3.7e-203	703.7
BCW-200036_00392	gnl|TC-DB|P69367|2.A.1.2.21	91.3	402	35	0	1	402	1	402	4.7e-211	729.9
BCW-200036_00396	gnl|TC-DB|P37169|2.A.66.4.1	95.3	511	24	0	1	511	14	524	5.7e-270	926.0
BCW-200036_00420	gnl|TC-DB|O80800|3.D.1.6.3	49.3	75	38	0	2	76	48	122	3.0e-13	70.5
BCW-200036_00427	gnl|TC-DB|P69786|4.A.1.1.1	97.9	476	10	0	1	476	1	476	5.7e-264	906.0
BCW-200036_00430	gnl|TC-DB|P76350|2.A.1.6.6	90.2	438	43	0	1	438	1	438	8.7e-227	782.3
BCW-200036_00436	gnl|TC-DB|P76352|2.A.66.1.23	86.0	484	68	0	1	484	12	495	2.4e-238	820.8
BCW-200036_00438	gnl|TC-DB|P16869|1.B.14.1.1	77.5	404	43	1	1	356	326	729	3.2e-187	650.6
BCW-200036_00447	gnl|TC-DB|Q7CGN6|1.B.14.9.3	71.7	725	204	1	2	726	3	726	0.0e+00	1097.0
BCW-200036_00453	gnl|TC-DB|P0ADC3|3.A.1.125.1	95.2	399	19	0	31	429	1	399	6.4e-198	686.4
BCW-200036_00454	gnl|TC-DB|P75957|3.A.1.125.1	95.3	233	11	0	1	233	1	233	8.1e-123	436.0
BCW-200036_00455	gnl|TC-DB|P75958|3.A.1.125.1	92.8	414	30	0	1	414	1	414	4.0e-205	710.3
BCW-200036_00458	gnl|TC-DB|P0AFK9|3.A.1.11.1	94.8	348	18	0	2	349	1	348	1.5e-200	694.9
BCW-200036_00459	gnl|TC-DB|P0AFK6|3.A.1.11.1	97.7	258	6	0	1	258	1	258	6.3e-132	466.5
BCW-200036_00462	gnl|TC-DB|P33011|2.A.85.7.1	51.0	347	170	0	11	357	4	350	1.6e-101	365.9
BCW-200036_00468	gnl|TC-DB|P0AFK4|3.A.1.11.1	97.1	272	8	0	11	282	1	272	3.9e-143	503.8
BCW-200036_00469	gnl|TC-DB|P69874|3.A.1.11.1	96.3	378	14	0	1	378	1	378	3.5e-208	720.3
BCW-200036_00488	gnl|TC-DB|P55072|3.A.16.1.1	32.0	222	140	7	113	327	234	451	1.1e-20	97.4
BCW-200036_00495	gnl|TC-DB|P45769|3.A.1.3.26	94.4	252	14	0	1	252	1	252	4.8e-137	483.4
BCW-200036_00496	gnl|TC-DB|P45768|3.A.1.3.26	90.2	367	36	0	1	367	1	367	7.9e-197	682.6
BCW-200036_00497	gnl|TC-DB|P45767|3.A.1.3.26	83.2	393	66	0	1	393	1	393	2.4e-183	637.9
BCW-200036_00498	gnl|TC-DB|P45766|3.A.1.3.26	95.9	341	14	0	1	341	1	341	1.6e-191	664.8
BCW-200036_00500	gnl|TC-DB|P24181|2.A.6.2.1	80.6	1032	200	0	1	1032	1	1032	0.0e+00	1603.2
BCW-200036_00501	gnl|TC-DB|P0AE06|8.A.1.6.1	68.3	391	120	2	1	387	1	391	1.1e-143	506.1
BCW-200036_00508	gnl|TC-DB|P16256|2.A.21.1.1	94.4	483	27	0	1	483	1	483	4.4e-240	826.6
BCW-200036_00512	gnl|TC-DB|Q8XB73|5.B.7.1.1	85.6	195	28	0	1	195	1	195	1.2e-93	339.0
BCW-200036_00516	gnl|TC-DB|P0A9X4|9.B.157.1.3	100.0	347	0	0	1	347	1	347	1.7e-193	671.4
BCW-200036_00517	gnl|TC-DB|P16926|9.B.157.1.3	98.4	309	5	0	1	309	1	309	1.4e-168	588.6
BCW-200036_00518	gnl|TC-DB|P0ABH4|9.B.157.1.3	94.4	162	9	0	1	162	1	162	1.7e-82	301.6
BCW-200036_00524	gnl|TC-DB|D7XN98|8.A.48.1.2	98.5	67	1	0	1	67	24	90	1.2e-31	131.3
BCW-200036_00525	gnl|TC-DB|P46482|8.A.1.7.1	91.3	310	27	0	1	310	1	310	7.4e-156	546.2
BCW-200036_00526	gnl|TC-DB|P46481|2.A.85.1.2	92.2	655	51	0	1	655	1	655	0.0e+00	1180.2
BCW-200036_00537	gnl|TC-DB|P0ACA3|1.A.12.3.1	95.3	211	10	0	1	211	1	211	5.1e-116	413.3
BCW-200036_00539	gnl|TC-DB|P45428|2.A.61.1.2	89.0	455	50	0	1	455	1	455	5.2e-214	740.0
BCW-200036_00542	gnl|TC-DB|P41036|2.A.1.12.1	94.4	496	28	0	1	496	1	496	1.7e-271	931.0
BCW-200036_00547	gnl|TC-DB|P0AA82|2.A.39.1.1	82.9	416	69	1	1	416	1	414	3.5e-193	670.6
BCW-200036_00554	gnl|TC-DB|H1XXZ0|8.A.8.1.5	36.4	88	55	1	3	90	2	88	4.2e-11	63.5
BCW-200036_00556	gnl|TC-DB|Q1LZ59|4.A.2.1.7	26.1	157	114	2	8	163	1	156	7.0e-12	67.0
BCW-200036_00559	gnl|TC-DB|P0A9V1|1.B.42.1.2	98.3	241	4	0	1	241	1	241	2.6e-132	467.6
BCW-200036_00560	gnl|TC-DB|P0ADV1|1.B.42.1.2	90.8	185	14	1	1	182	1	185	3.5e-89	323.9
BCW-200036_00561	gnl|TC-DB|P0ADW0|1.B.42.1.2	92.1	191	15	0	1	191	1	191	1.7e-97	351.7
BCW-200036_00564	gnl|TC-DB|P45394|2.A.19.5.1	86.7	324	43	0	1	324	1	324	2.0e-151	531.6
BCW-200036_00565	gnl|TC-DB|P63386|3.A.1.27.3	93.2	266	18	0	1	266	1	266	2.5e-139	491.1
BCW-200036_00566	gnl|TC-DB|P64606|3.A.1.27.3	96.2	260	10	0	1	260	1	260	6.1e-135	476.5
BCW-200036_00567	gnl|TC-DB|P64604|3.A.1.27.3	87.0	185	22	1	1	185	1	183	1.7e-86	315.1
BCW-200036_00568	gnl|TC-DB|P0ADV7|3.A.1.27.3	94.8	211	11	0	1	211	1	211	2.2e-111	397.9
BCW-200036_00569	gnl|TC-DB|P64602|3.A.1.27.3	72.2	97	27	0	1	97	1	97	3.7e-37	150.2
BCW-200036_00576	gnl|TC-DB|E1ILD8|2.A.7.3.18	92.8	321	23	0	1	321	1	321	1.1e-167	585.5
BCW-200036_00582	gnl|TC-DB|P25694|3.A.16.1.2	43.3	252	142	1	140	390	472	723	2.0e-57	220.3
BCW-200036_00585	gnl|TC-DB|P45428|2.A.61.1.2	40.4	451	262	3	3	450	4	450	1.5e-78	290.0
BCW-200036_00588	gnl|TC-DB|P0AG99|3.A.5.1.1	94.5	109	6	0	1	109	1	109	6.3e-49	189.5
BCW-200036_00600	gnl|TC-DB|P38919|3.A.18.1.1	36.0	389	233	4	3	379	27	411	1.4e-63	240.7
BCW-200036_00601	gnl|TC-DB|P0AAD2|2.A.42.1.2	94.4	414	23	0	1	414	1	414	3.0e-221	763.8
BCW-200036_00616	gnl|TC-DB|P42911|4.A.6.1.5	95.1	263	13	0	1	263	1	263	9.2e-139	489.2
BCW-200036_00617	gnl|TC-DB|Q9KIP7|4.A.6.1.5	89.5	267	27	1	1	266	1	267	6.7e-129	456.4
BCW-200036_00618	gnl|TC-DB|P42909|4.A.6.1.5	85.4	158	23	0	1	158	1	158	1.9e-75	278.1
BCW-200036_00622	gnl|TC-DB|Q2QKM4|4.A.6.1.6	32.5	126	83	2	1	124	1	126	4.3e-13	70.9
BCW-200036_00623	gnl|TC-DB|Q9KIQ2|4.A.6.1.4	93.2	292	20	0	1	292	1	292	7.5e-150	526.2
BCW-200036_00624	gnl|TC-DB|Q9KIQ3|4.A.6.1.4	87.6	259	32	0	1	259	1	259	1.0e-102	369.4
BCW-200036_00625	gnl|TC-DB|Q9KIQ4|4.A.6.1.4	92.4	157	12	0	1	157	13	169	1.7e-79	291.6
BCW-200036_00629	gnl|TC-DB|Q8FDB7|2.A.1.14.14	95.3	444	21	0	1	444	1	444	1.6e-244	841.3
BCW-200036_00635	gnl|TC-DB|P0AAD8|2.A.42.2.2	94.4	443	25	0	1	443	1	443	4.4e-234	806.6
BCW-200036_00640	gnl|TC-DB|P42628|2.A.42.2.4	95.0	443	22	0	1	443	1	443	6.3e-233	802.7
BCW-200036_00645	gnl|TC-DB|P64591|9.B.124.1.2	83.1	118	20	0	1	118	1	118	7.9e-61	229.2
BCW-200036_00649	gnl|TC-DB|P64585|1.E.34.2.1	85.5	131	19	0	1	131	1	131	5.3e-55	209.9
BCW-200036_00653	gnl|TC-DB|P0AA63|9.B.27.2.2	96.4	220	8	0	1	220	1	220	4.0e-119	423.7
BCW-200036_00655	gnl|TC-DB|P0AA78|2.A.1.14.2	93.5	432	27	1	1	432	41	471	8.6e-227	782.3
BCW-200036_00659	gnl|TC-DB|P0AGE4|2.A.23.4.1	94.4	413	23	0	1	413	1	413	8.6e-208	719.2
BCW-200036_00660	gnl|TC-DB|P42601|2.A.109.1.7	88.1	319	38	0	1	319	1	319	1.0e-155	545.8
BCW-200036_00665	gnl|TC-DB|Q9AI63|3.A.1.1.12	48.5	359	177	3	1	351	1	359	9.0e-89	323.6
BCW-200036_00669	gnl|TC-DB|G3LHZ0|3.A.1.1.35	26.5	238	167	4	47	280	47	280	1.0e-13	73.9
BCW-200036_00670	gnl|TC-DB|Q7WWQ8|3.A.1.1.20	31.0	226	143	3	8	225	12	232	1.4e-25	113.2
BCW-200036_00673	gnl|TC-DB|P42590|2.A.3.7.4	93.7	477	30	0	1	477	1	477	1.3e-252	868.2
BCW-200036_00709	gnl|TC-DB|P39414|2.A.47.3.3	93.2	487	33	0	1	487	1	487	5.3e-257	882.9
BCW-200036_00713	gnl|TC-DB|P60782|9.B.31.1.1	94.6	205	11	0	1	205	1	205	9.1e-110	392.5
BCW-200036_00724	gnl|TC-DB|Q8FDI3|5.A.2.1.2	85.0	220	33	0	4	223	3	222	3.2e-116	414.1
BCW-200036_00725	gnl|TC-DB|P0A4L7|5.A.2.1.2	85.6	222	32	0	1	222	1	222	1.2e-107	385.6
BCW-200036_00728	gnl|TC-DB|P0A8H3|2.A.5.5.1	92.2	257	20	0	1	257	1	257	1.0e-113	406.0
BCW-200036_00732	gnl|TC-DB|P02930|1.B.17.1.1	87.8	493	57	1	1	490	1	493	6.3e-226	779.6
BCW-200036_00745	gnl|TC-DB|P36649|1.B.76.1.8	32.4	513	283	10	5	459	3	509	1.4e-65	246.9
BCW-200036_00746	gnl|TC-DB|P23849|2.A.38.1.6	70.7	485	142	0	7	491	1	485	2.6e-203	704.5
BCW-200036_00751	gnl|TC-DB|P0AA60|9.B.27.2.1	93.2	219	15	0	1	219	1	219	2.0e-115	411.4
BCW-200036_00753	gnl|TC-DB|P0ABU7|1.A.30.2.1	91.0	244	22	0	1	244	1	244	9.1e-117	416.0
BCW-200036_00754	gnl|TC-DB|P0ABV2|1.A.30.2.1	90.1	141	14	0	1	141	1	141	1.5e-66	248.4
BCW-200036_00758	gnl|TC-DB|P63144|8.A.5.1.3	35.6	309	185	7	13	315	71	371	4.5e-45	178.3
BCW-200036_00762	gnl|TC-DB|O67095|3.D.7.2.1	44.7	291	160	1	7	297	7	296	2.3e-74	275.8
BCW-200036_00763	gnl|TC-DB|P0AAJ1|5.A.3.3.1	35.2	196	106	8	39	233	6	181	3.8e-25	112.1
BCW-200036_00765	gnl|TC-DB|T2K7N8|3.D.7.2.3	43.9	595	291	12	3	566	17	599	2.3e-139	492.3
BCW-200036_00766	gnl|TC-DB|T2K766|3.D.7.2.3	36.8	163	100	3	2	162	5	166	1.8e-20	95.5
BCW-200036_00771	gnl|TC-DB|P07658|3.D.1.9.2	29.1	313	189	6	111	418	61	345	9.4e-35	145.2
BCW-200036_00775	gnl|TC-DB|A8YQR9|3.A.23.2.1	26.1	468	316	12	1	444	1	462	2.9e-28	122.9
BCW-200036_00777	gnl|TC-DB|K1LZ89|1.B.6.1.14	40.8	103	60	1	428	530	537	638	1.9e-13	73.9
BCW-200036_00779	gnl|TC-DB|Q6EE14|3.A.23.2.1	49.2	854	381	11	8	837	8	832	1.8e-207	719.2
BCW-200036_00787	gnl|TC-DB|M8KG08|1.E.1.1.7	57.2	683	241	8	488	1125	43	719	2.4e-212	735.7
BCW-200036_00866	gnl|TC-DB|P25927|1.B.12.5.5	48.6	732	294	14	668	1339	1243	1952	6.2e-167	585.1
BCW-200036_00872	gnl|TC-DB|Q11G42|2.A.118.1.2	60.6	465	182	1	3	466	12	476	5.2e-153	537.3
BCW-200036_00887	gnl|TC-DB|P0AF98|1.B.42.1.2	95.1	366	18	0	1	366	1	366	4.2e-190	660.2
BCW-200036_00888	gnl|TC-DB|P0ADC6|1.B.42.1.2	94.7	360	19	0	1	360	1	360	6.3e-191	662.9
BCW-200036_00891	gnl|TC-DB|P39344|2.A.8.1.2	96.6	439	15	0	1	439	1	439	1.9e-229	791.2
BCW-200036_00913	gnl|TC-DB|Q47825|2.A.42.1.4	84.2	412	65	0	9	420	4	415	6.1e-193	669.8
BCW-200036_00915	gnl|TC-DB|Q46839|2.A.14.1.2	32.3	545	321	7	9	515	20	554	1.2e-62	237.3
BCW-200036_00919	gnl|TC-DB|P0AC94|2.A.8.1.3	95.7	447	19	0	1	447	1	447	2.1e-228	787.7
BCW-200036_00924	gnl|TC-DB|P02932|1.B.1.1.2	51.0	353	153	8	1	335	1	351	6.7e-86	313.9
BCW-200036_00926	gnl|TC-DB|D6IHN4|2.A.1.51.2	72.0	386	108	0	1	386	1	386	3.4e-153	537.7
BCW-200036_00929	gnl|TC-DB|O59010|2.A.23.1.5	28.9	394	246	11	27	396	35	418	3.4e-23	105.9
BCW-200036_00931	gnl|TC-DB|P39386|2.A.1.2.52	85.0	406	61	0	7	412	4	409	2.4e-194	674.5
BCW-200036_00943	gnl|TC-DB|P94400|9.B.10.1.1	27.6	377	194	12	1	309	1	366	4.8e-25	111.7
BCW-200036_00945	gnl|TC-DB|Q8ZJY5|2.A.114.1.10	95.0	716	36	0	1	716	1	716	0.0e+00	1339.3
BCW-200036_00947	gnl|TC-DB|M3JA40|1.B.52.2.1	72.9	48	13	0	363	410	292	339	1.4e-11	67.8
BCW-200036_00949	gnl|TC-DB|P39398|2.A.1.14.33	92.9	453	32	0	1	453	1	453	2.4e-243	837.4
BCW-200036_00958	gnl|TC-DB|Q8FA71|2.A.79.2.1	89.1	257	26	1	1	257	22	276	6.5e-129	456.4
BCW-200036_00963	gnl|TC-DB|Q9KSH4|4.A.3.2.6	49.1	434	217	1	7	440	6	435	2.8e-119	425.2
BCW-200036_00965	gnl|TC-DB|P0AAP1|9.B.34.1.2	34.6	182	108	4	173	348	194	370	6.6e-23	104.8
BCW-200036_00989	gnl|TC-DB|P24518|4.B.1.1.1	95.8	407	17	0	2	408	3	409	4.3e-236	813.1
BCW-200036_00990	gnl|TC-DB|P43672|3.A.1.120.6	34.2	512	326	6	21	527	18	523	1.1e-77	287.3
BCW-200036_01006	gnl|TC-DB|P30143|2.A.25.1.10	78.6	472	101	0	1	472	1	472	8.6e-212	732.6
BCW-200036_01009	gnl|TC-DB|Q5ZYB5|3.A.7.9.1	34.2	415	263	5	10	419	2	411	6.5e-57	218.0
BCW-200036_01010	gnl|TC-DB|P0AC98|2.A.96.1.1	89.9	188	19	0	1	188	1	188	7.1e-93	336.3
BCW-200036_01011	gnl|TC-DB|P0A6Y8|1.A.33.1.2	94.1	640	36	1	1	640	1	638	0.0e+00	1143.3
BCW-200036_01013	gnl|TC-DB|P13738|2.A.33.1.1	91.4	384	33	0	1	384	1	384	4.6e-195	676.8
BCW-200036_01021	gnl|TC-DB|B8I766|9.B.105.1.5	32.5	154	95	4	13	163	2	149	9.8e-14	73.2
BCW-200036_01027	gnl|TC-DB|D0ZLR4|4.A.6.1.17	38.4	263	155	3	2	261	16	274	9.4e-46	180.3
BCW-200036_01028	gnl|TC-DB|V7RE14|4.A.6.1.19	31.6	269	170	7	2	266	1	259	1.1e-27	120.2
BCW-200036_01029	gnl|TC-DB|B3WB09|4.A.6.1.13	31.5	146	95	2	6	150	157	298	5.2e-15	77.4
BCW-200036_01039	gnl|TC-DB|P31552|4.C.1.1.6	84.9	517	78	0	1	517	1	517	1.0e-266	915.2
BCW-200036_01042	gnl|TC-DB|P31553|2.A.15.2.1	96.0	504	20	0	1	504	1	504	3.5e-288	986.5
BCW-200036_01047	gnl|TC-DB|P31679|2.A.1.1.114	91.4	440	38	0	1	440	1	440	5.8e-234	806.2
BCW-200036_01049	gnl|TC-DB|P0A754|2.A.37.1.1	90.9	176	16	0	1	176	1	176	2.5e-100	360.9
BCW-200036_01050	gnl|TC-DB|P03819|2.A.37.1.1	89.8	620	63	0	1	620	1	620	6.4e-308	1052.4
BCW-200036_01057	gnl|TC-DB|P31554|1.B.42.1.2	89.8	786	78	1	1	786	1	784	0.0e+00	1477.6
BCW-200036_01069	gnl|TC-DB|P31548|3.A.1.19.1	84.3	230	36	0	1	230	1	230	8.2e-107	382.9
BCW-200036_01070	gnl|TC-DB|P31549|3.A.1.19.1	88.2	536	63	0	1	536	1	536	3.0e-269	923.7
BCW-200036_01071	gnl|TC-DB|P31550|3.A.1.19.1	89.6	327	34	0	1	327	1	327	9.9e-175	609.0
BCW-200036_01074	gnl|TC-DB|P31675|2.A.1.20.1	88.8	392	44	0	1	392	1	392	1.4e-191	665.2
BCW-200036_01089	gnl|TC-DB|P0A6W3|9.B.146.1.6	98.1	360	7	0	1	360	1	360	4.7e-202	699.9
BCW-200036_01091	gnl|TC-DB|P0ABG4|2.A.103.1.1	89.4	414	44	0	1	414	1	414	2.0e-209	724.5
BCW-200036_01100	gnl|TC-DB|P10408|3.A.5.1.1	92.3	900	69	0	1	900	1	900	0.0e+00	1629.0
BCW-200036_01106	gnl|TC-DB|P22609|3.A.15.2.1	28.3	368	257	3	35	396	7	373	2.2e-43	172.9
BCW-200036_01107	gnl|TC-DB|P22608|3.A.15.2.1	46.5	383	197	5	79	454	182	563	1.1e-91	333.6
BCW-200036_01112	gnl|TC-DB|P0AE14|9.B.125.1.1	85.9	284	40	0	1	284	1	284	8.9e-140	492.7
BCW-200036_01114	gnl|TC-DB|P31435|2.A.2.3.4	47.5	427	222	2	1	427	1	425	8.4e-119	423.7
BCW-200036_01115	gnl|TC-DB|P15993|2.A.3.1.3	94.7	456	24	0	1	456	2	457	1.5e-245	844.7
BCW-200036_01126	gnl|TC-DB|E1PBX5|9.B.104.1.4	32.5	209	126	5	46	242	43	248	1.2e-17	87.4
BCW-200036_01127	gnl|TC-DB|P0AA95|8.A.2.1.3	98.3	115	2	0	1	115	1	115	7.5e-61	229.2
BCW-200036_01128	gnl|TC-DB|P36649|1.B.76.1.8	83.1	538	69	1	1	538	1	516	5.3e-258	886.3
BCW-200036_01132	gnl|TC-DB|Q8F8H7|2.A.53.3.8	47.2	193	101	1	2	193	539	731	9.3e-55	209.9
BCW-200036_01133	gnl|TC-DB|P36879|3.A.1.105.17	95.5	308	14	0	1	308	1	308	1.6e-163	571.6
BCW-200036_01134	gnl|TC-DB|P0AFN6|3.A.1.105.17	94.9	256	13	0	1	256	1	256	1.7e-134	474.9
BCW-200036_01148	gnl|TC-DB|P06971|1.B.14.1.2	86.3	750	99	2	1	749	1	747	0.0e+00	1307.0
BCW-200036_01149	gnl|TC-DB|P07821|3.A.1.14.3	94.3	265	15	0	1	265	1	265	4.3e-144	506.9
BCW-200036_01150	gnl|TC-DB|P07822|3.A.1.14.3	83.8	290	47	0	7	296	7	296	7.9e-147	516.2
BCW-200036_01151	gnl|TC-DB|P06972|3.A.1.14.3	90.5	660	63	0	1	660	1	660	0.0e+00	1133.2
BCW-200036_01153	gnl|TC-DB|A8ALD3|2.A.49.5.5	93.4	473	31	0	1	473	1	473	3.7e-247	850.1
BCW-200036_01155	gnl|TC-DB|I7MT28|1.A.62.2.2	86.2	203	28	0	1	203	1	203	4.9e-95	343.6
BCW-200036_01156	gnl|TC-DB|Q8ZRP7|3.A.1.13.1	83.1	266	45	0	1	266	1	266	3.1e-126	447.6
BCW-200036_01173	gnl|TC-DB|P0A943|1.B.33.1.3	93.0	810	51	2	1	804	1	810	0.0e+00	1535.8
BCW-200036_01194	gnl|TC-DB|P28635|3.A.1.24.1	96.7	271	9	0	1	271	1	271	7.7e-149	522.7
BCW-200036_01195	gnl|TC-DB|P31547|3.A.1.24.1	96.7	152	5	0	1	152	1	152	1.2e-75	279.3
BCW-200036_01196	gnl|TC-DB|P30750|3.A.1.24.1	94.8	343	18	0	1	343	1	343	1.3e-182	635.2
BCW-200036_01207	gnl|TC-DB|P39832|3.A.1.15.5	96.6	261	9	0	1	261	1	261	6.8e-118	419.9
BCW-200036_01208	gnl|TC-DB|P0A9X1|3.A.1.15.5	92.8	251	18	0	1	251	1	251	1.0e-131	465.7
BCW-200036_01209	gnl|TC-DB|P39172|3.A.1.15.5	87.9	314	34	1	6	319	1	310	6.7e-144	506.5
BCW-200036_01210	gnl|TC-DB|B7L5V2|1.A.34.1.3	41.4	210	117	2	198	407	14	217	6.6e-41	164.9
BCW-200036_01226	gnl|TC-DB|P76278|9.B.62.1.4	70.7	290	85	0	1	290	1	290	6.6e-114	406.8
BCW-200036_01237	gnl|TC-DB|P23865|9.B.174.1.2	93.7	682	43	0	1	682	1	682	0.0e+00	1253.0
BCW-200036_01238	gnl|TC-DB|P23894|9.B.1.1.6	96.9	293	9	0	1	293	1	293	2.5e-153	537.7
BCW-200036_01239	gnl|TC-DB|A3ZKG8|1.B.14.1.13	35.6	719	393	16	14	695	11	696	6.0e-113	404.8
BCW-200036_01240	gnl|TC-DB|P33590|3.A.1.5.3	27.1	354	228	11	58	393	54	395	7.2e-26	115.2
BCW-200036_01241	gnl|TC-DB|P42062|3.A.1.5.20	24.8	323	224	4	4	319	5	315	2.3e-30	129.4
BCW-200036_01242	gnl|TC-DB|P26904|3.A.1.5.2	31.2	221	151	1	37	256	86	306	1.4e-25	113.2
BCW-200036_01243	gnl|TC-DB|P33593|3.A.1.5.3	29.6	253	154	6	2	242	5	245	3.7e-23	105.1
BCW-200036_01244	gnl|TC-DB|P33594|3.A.1.5.3	29.7	195	118	2	19	194	30	224	1.6e-18	89.4
BCW-200036_01245	gnl|TC-DB|O05703|3.A.1.15.3	53.0	183	86	0	34	216	319	501	3.8e-50	194.5
BCW-200036_01246	gnl|TC-DB|P76249|2.A.76.1.5	88.2	212	25	0	1	212	1	212	8.3e-98	352.8
BCW-200036_01249	gnl|TC-DB|B4TU87|9.B.2.5.3	68.8	208	65	0	1	208	3	210	2.1e-85	311.6
BCW-200036_01250	gnl|TC-DB|P07658|3.D.1.9.2	65.0	715	245	3	1	713	1	712	1.3e-291	998.4
BCW-200036_01251	gnl|TC-DB|A6TAG3|1.E.43.1.1	76.8	82	19	0	1	82	1	82	3.0e-32	133.7
BCW-200036_01252	gnl|TC-DB|P76330|9.B.34.1.4	35.3	102	66	0	159	260	383	484	2.9e-12	69.3
BCW-200036_01256	gnl|TC-DB|P76242|2.A.1.17.3	80.9	392	75	0	1	392	1	392	1.2e-171	599.0
BCW-200036_01260	gnl|TC-DB|P76330|9.B.34.1.4	30.8	208	127	4	295	493	356	555	5.4e-15	79.0
BCW-200036_01266	gnl|TC-DB|P0A908|9.B.99.1.2	84.3	248	39	0	1	248	1	248	1.3e-126	448.7
BCW-200036_01269	gnl|TC-DB|P80874|8.A.5.1.4	34.8	204	115	7	17	206	16	215	4.7e-24	108.2
BCW-200036_01281	gnl|TC-DB|Q07711|3.A.7.7.1	28.8	624	409	15	15	629	4	601	1.7e-69	260.4
BCW-200036_01288	gnl|TC-DB|B7L6N0|3.A.1.19.4	72.9	210	57	0	1	210	1	210	8.2e-82	299.7
BCW-200036_01289	gnl|TC-DB|B7L6M9|3.A.1.19.4	67.7	496	160	0	16	511	1	496	4.0e-191	664.1
BCW-200036_01290	gnl|TC-DB|B7L6M8|3.A.1.19.4	82.3	390	66	2	1	389	1	388	3.4e-190	660.6
BCW-200036_01291	gnl|TC-DB|P76221|9.B.27.1.2	73.6	231	61	0	4	234	3	233	2.5e-95	344.7
BCW-200036_01292	gnl|TC-DB|P76219|9.B.27.1.1	64.4	208	74	0	1	208	13	220	2.6e-70	261.5
BCW-200036_01304	gnl|TC-DB|P69795|4.A.3.2.1	98.1	106	2	0	1	106	1	106	2.9e-51	197.2
BCW-200036_01305	gnl|TC-DB|P17334|4.A.3.2.1	93.6	452	29	0	1	452	1	452	2.5e-221	764.2
BCW-200036_01306	gnl|TC-DB|P69791|4.A.3.2.1	89.6	115	12	0	1	115	1	115	1.6e-50	194.9
BCW-200036_01311	gnl|TC-DB|P77529|2.A.23.1.8	97.2	462	13	0	1	462	1	462	3.9e-241	830.1
BCW-200036_01317	gnl|TC-DB|P76206|1.B.75.1.3	89.7	252	26	0	1	252	1	252	1.6e-132	468.4
BCW-200036_01330	gnl|TC-DB|P45522|2.A.37.1.2	94.8	601	31	0	1	601	1	601	1.9e-314	1073.5
BCW-200036_01331	gnl|TC-DB|P0A756|2.A.37.1.2	92.3	183	14	0	1	183	2	184	1.8e-101	364.8
BCW-200036_01332	gnl|TC-DB|Q83XH1|3.A.1.121.4	30.7	547	359	6	1	528	1	546	8.0e-72	268.1
BCW-200036_01338	gnl|TC-DB|P45537|2.A.85.1.3	86.0	695	96	1	1	694	5	699	0.0e+00	1204.1
BCW-200036_01344	gnl|TC-DB|P60778|2.A.1.7.14	90.8	393	36	0	1	393	1	393	7.4e-201	696.0
BCW-200036_01347	gnl|TC-DB|P0AC26|1.A.16.3.1	92.9	267	19	0	1	267	1	267	1.8e-142	501.5
BCW-200036_01357	gnl|TC-DB|Q1R5P6|1.B.22.4.2	86.2	400	55	0	4	403	13	412	1.0e-189	659.1
BCW-200036_01368	gnl|TC-DB|P45804|9.B.65.1.1	56.6	571	245	2	1	568	1	571	4.4e-178	620.9
BCW-200036_01370	gnl|TC-DB|Q9HV74|2.A.21.9.1	28.6	217	137	7	237	437	760	974	2.1e-13	73.6
BCW-200036_01374	gnl|TC-DB|P0AEL3|9.A.8.1.1	96.0	75	3	0	1	75	1	75	1.9e-36	147.5
BCW-200036_01375	gnl|TC-DB|P33650|9.A.8.1.1	92.8	773	55	1	1	772	1	773	0.0e+00	1394.4
BCW-200036_01376	gnl|TC-DB|B5XTS6|9.A.8.1.10	70.9	79	22	1	1	78	1	79	7.4e-28	119.0
BCW-200036_01381	gnl|TC-DB|P39835|2.A.8.1.4	96.6	438	15	0	1	438	1	438	4.6e-220	760.0
BCW-200036_01386	gnl|TC-DB|P09391|9.B.104.1.1	90.5	275	26	0	1	275	1	275	4.5e-144	506.9
BCW-200036_01395	gnl|TC-DB|P67143|2.A.95.1.5	95.4	197	9	0	1	197	1	197	6.5e-97	349.7
BCW-200036_01397	gnl|TC-DB|P0AC96|2.A.8.1.8	96.6	446	15	0	1	446	1	446	4.2e-237	816.6
BCW-200036_01405	gnl|TC-DB|A1ACJ3|1.A.13.5.1	81.0	252	48	0	1	252	1	252	1.1e-125	445.7
BCW-200036_01406	gnl|TC-DB|F6FW65|2.A.7.21.7	31.3	294	183	2	7	281	12	305	7.8e-31	131.0
BCW-200036_01411	gnl|TC-DB|P10907|3.A.1.1.3	90.2	356	35	0	1	356	1	356	1.3e-183	638.6
BCW-200036_01412	gnl|TC-DB|P10906|3.A.1.1.3	89.3	281	30	0	1	281	1	281	1.2e-136	482.3
BCW-200036_01413	gnl|TC-DB|P10905|3.A.1.1.3	93.9	295	18	0	1	295	1	295	4.1e-156	547.0
BCW-200036_01414	gnl|TC-DB|P0AG80|3.A.1.1.3	90.0	438	44	0	1	438	1	438	6.0e-236	812.8
BCW-200036_01416	gnl|TC-DB|P22731|3.A.1.4.1	96.6	237	8	0	7	243	1	237	3.3e-127	450.7
BCW-200036_01417	gnl|TC-DB|P0A9S7|3.A.1.4.1	98.4	255	4	0	1	255	1	255	1.5e-141	498.4
BCW-200036_01418	gnl|TC-DB|P22729|3.A.1.4.1	95.3	425	20	0	1	425	1	425	1.5e-212	734.9
BCW-200036_01419	gnl|TC-DB|P0AEX7|3.A.1.4.1	92.2	308	24	0	1	308	1	308	5.3e-146	513.5
BCW-200036_01420	gnl|TC-DB|P04816|3.A.1.4.1	91.9	369	30	0	1	369	1	369	1.9e-198	688.0
BCW-200036_01422	gnl|TC-DB|P0AD96|3.A.1.4.1	94.8	365	19	0	1	365	3	367	3.6e-202	700.3
BCW-200036_01424	gnl|TC-DB|P0AC31|3.A.1.140.1	93.5	352	23	0	1	352	1	352	1.4e-182	635.2
BCW-200036_01425	gnl|TC-DB|P0A9R7|3.A.1.140.1	95.9	222	9	0	1	222	1	222	1.9e-121	431.4
BCW-200036_01426	gnl|TC-DB|P10121|3.A.5.1.1	83.6	524	43	3	1	508	1	497	4.9e-165	577.4
BCW-200036_01431	gnl|TC-DB|P37617|3.A.3.6.2	88.8	731	82	0	1	731	1	731	0.0e+00	1196.8
BCW-200036_01433	gnl|TC-DB|B3WJF3|2.A.88.8.6	93.7	221	14	0	1	221	1	221	7.7e-115	409.5
BCW-200036_01435	gnl|TC-DB|P37621|2.A.1.46.7	91.4	405	35	0	1	405	1	405	1.2e-206	715.3
BCW-200036_01436	gnl|TC-DB|P0AGM0|2.A.86.1.2	88.8	348	39	0	1	348	1	348	4.9e-164	573.5
BCW-200036_01449	gnl|TC-DB|Q7AA53|2.A.6.8.2	85.1	744	110	1	29	771	6	749	0.0e+00	1216.8
BCW-200036_01459	gnl|TC-DB|P0AGH1|3.A.1.105.16	92.5	374	28	0	1	374	1	374	1.2e-189	658.7
BCW-200036_01460	gnl|TC-DB|C8TJS4|3.A.1.105.16	89.6	915	91	1	1	915	1	911	0.0e+00	1602.8
BCW-200036_01461	gnl|TC-DB|P37626|3.A.1.105.16	87.9	355	43	0	1	355	1	355	4.3e-131	464.2
BCW-200036_01469	gnl|TC-DB|P39398|2.A.1.14.33	27.3	410	294	3	11	420	44	449	1.3e-44	177.2
BCW-200036_01475	gnl|TC-DB|P0AFJ7|2.A.20.1.1	91.2	500	42	2	1	499	1	499	1.2e-253	871.7
BCW-200036_01476	gnl|TC-DB|P0A8S5|9.B.4.1.1	91.9	111	9	0	1	111	1	111	3.7e-57	216.9
BCW-200036_01478	gnl|TC-DB|P36837|2.A.17.1.3	90.0	488	49	0	1	488	1	488	3.8e-255	876.7
BCW-200036_01483	gnl|TC-DB|P00550|4.A.2.1.2	45.9	471	248	3	14	479	8	476	6.4e-114	407.5
BCW-200036_01484	gnl|TC-DB|P69811|4.A.2.1.1	39.2	125	76	0	16	140	15	139	5.8e-23	103.6
BCW-200036_01493	gnl|TC-DB|Q74FY6|5.B.3.1.1	41.4	290	166	3	175	461	41	329	1.7e-58	223.4
BCW-200036_01502	gnl|TC-DB|P37642|9.B.126.1.1	85.9	340	43	2	1	340	1	335	1.4e-163	572.0
BCW-200036_01503	gnl|TC-DB|P37643|2.A.1.6.10	95.7	440	19	0	1	440	1	440	1.5e-231	798.1
BCW-200036_01504	gnl|TC-DB|P37645|9.B.121.1.1	88.2	686	81	0	1	686	1	686	0.0e+00	1222.6
BCW-200036_01508	gnl|TC-DB|P0A830|2.A.23.1.7	94.9	428	22	0	1	428	1	428	3.7e-222	766.9
BCW-200036_01513	gnl|TC-DB|P37660|2.A.42.2.3	86.6	432	49	1	1	432	1	423	1.5e-202	701.8
BCW-200036_01514	gnl|TC-DB|Q9KN48|3.A.23.1.1	46.5	226	119	2	93	317	193	417	3.8e-51	198.7
BCW-200036_01515	gnl|TC-DB|P45094|3.A.1.5.27	78.0	318	69	1	11	327	10	327	6.6e-142	500.0
BCW-200036_01516	gnl|TC-DB|P45095|3.A.1.5.27	76.0	325	77	1	1	325	1	324	6.0e-140	493.4
BCW-200036_01517	gnl|TC-DB|W0WMS8|3.A.1.5.39	53.4	283	132	0	17	299	18	300	2.4e-82	302.0
BCW-200036_01518	gnl|TC-DB|W0WN20|3.A.1.5.39	64.9	339	116	1	1	339	1	336	1.8e-123	438.7
BCW-200036_01519	gnl|TC-DB|P33950|3.A.1.5.27	55.3	517	230	1	19	535	30	545	7.0e-170	593.6
BCW-200036_01522	gnl|TC-DB|P37662|2.A.1.11.3	92.6	350	26	0	1	350	1	350	1.5e-177	618.6
BCW-200036_01526	gnl|TC-DB|P20099|5.A.3.4.3	87.6	776	96	0	1	776	1	776	0.0e+00	1438.7
BCW-200036_01527	gnl|TC-DB|P37665|9.B.186.1.1	91.3	219	19	0	1	219	1	219	8.6e-82	299.7
BCW-200036_01531	gnl|TC-DB|Q6LYZ4|2.A.1.54.1	28.8	191	127	2	12	198	15	200	2.5e-16	83.2
BCW-200036_01540	gnl|TC-DB|P37669|9.B.97.1.1	83.7	331	54	0	1	331	1	331	2.0e-162	568.2
BCW-200036_01541	gnl|TC-DB|P0ADJ8|9.B.44.1.1	80.7	145	28	0	1	145	1	145	4.8e-65	243.4
BCW-200036_01542	gnl|TC-DB|P11286|9.B.44.1.1	54.9	113	51	0	1	113	1	113	1.7e-31	131.7
BCW-200036_01545	gnl|TC-DB|P37387|3.A.1.2.4	93.6	330	21	0	1	330	1	330	1.4e-173	605.1
BCW-200036_01546	gnl|TC-DB|P37388|3.A.1.2.4	90.6	513	48	0	1	513	1	513	1.8e-271	931.0
BCW-200036_01547	gnl|TC-DB|P0AGI4|3.A.1.2.4	90.6	393	37	0	1	393	1	393	3.8e-189	657.1
BCW-200036_01553	gnl|TC-DB|P37681|9.B.99.1.1	70.3	246	73	0	1	246	1	246	5.2e-104	373.6
BCW-200036_01555	gnl|TC-DB|P37683|8.A.1.1.4	86.0	378	53	0	1	378	1	378	1.5e-182	635.2
BCW-200036_01556	gnl|TC-DB|P0ADK5|9.B.32.1.2	87.9	107	13	0	1	107	1	107	1.2e-49	191.8
BCW-200036_01562	gnl|TC-DB|P37683|8.A.1.1.4	78.8	378	80	0	1	378	1	378	1.5e-166	582.0
BCW-200036_01563	gnl|TC-DB|P32108|9.B.32.1.1	83.3	120	20	0	1	120	1	120	1.1e-54	208.8
BCW-200036_01564	gnl|TC-DB|P00550|4.A.2.1.2	95.4	637	29	0	1	637	1	637	0.0e+00	1175.6
BCW-200036_01569	gnl|TC-DB|P33231|2.A.14.1.1	94.0	551	33	0	1	551	1	551	6.1e-294	1005.7
BCW-200036_01572	gnl|TC-DB|Q51955|2.A.1.15.1	45.8	428	232	0	7	434	12	439	1.7e-108	389.4
BCW-200036_01580	gnl|TC-DB|B7LEG0|1.A.34.1.2	38.7	119	68	3	308	425	262	376	2.5e-16	83.2
BCW-200036_01610	gnl|TC-DB|P0AGM2|1.A.62.2.3	94.6	205	11	0	1	205	1	205	7.5e-104	372.9
BCW-200036_01617	gnl|TC-DB|P0AER8|2.A.27.1.1	94.5	400	22	0	1	400	1	400	8.9e-202	699.1
BCW-200036_01618	gnl|TC-DB|P0AGM9|2.A.40.4.2	95.5	463	21	0	1	463	1	463	2.7e-242	833.9
BCW-200036_01623	gnl|TC-DB|Q1R4T1|4.A.2.1.9	96.1	363	14	0	1	363	1	363	2.0e-168	588.2
BCW-200036_01624	gnl|TC-DB|Q8FC73|4.A.2.1.9	92.2	103	8	0	1	103	1	103	2.4e-45	177.6
BCW-200036_01625	gnl|TC-DB|Q1R4S9|4.A.2.1.9	90.3	155	15	0	1	155	1	155	1.7e-76	281.6
BCW-200036_01628	gnl|TC-DB|P31435|2.A.2.3.4	91.3	460	40	0	1	460	1	460	5.3e-243	836.3
BCW-200036_01633	gnl|TC-DB|Q9Z625|1.B.12.1.3	79.9	959	189	2	1	959	1	955	0.0e+00	1260.4
BCW-200036_01641	gnl|TC-DB|P21647|1.B.11.3.2	37.0	806	500	6	21	820	25	828	9.4e-166	580.5
BCW-200036_01647	gnl|TC-DB|P31437|2.A.7.3.12	92.7	300	22	0	1	300	1	300	2.0e-145	511.5
BCW-200036_01648	gnl|TC-DB|P28635|3.A.1.24.1	62.9	272	100	1	1	272	1	271	2.0e-96	348.6
BCW-200036_01651	gnl|TC-DB|Q86Z14|8.A.49.1.2	24.9	466	301	15	5	459	81	508	2.6e-40	162.9
BCW-200036_01652	gnl|TC-DB|P0ADL1|2.A.1.2.26	87.3	394	50	0	1	394	1	394	2.6e-185	644.4
BCW-200036_01654	gnl|TC-DB|P0AGC0|2.A.1.4.1	95.7	463	20	0	1	463	1	463	1.8e-251	864.4
BCW-200036_01655	gnl|TC-DB|P09836|2.A.1.4.4	91.1	438	39	0	1	438	1	438	2.9e-238	820.5
BCW-200036_01659	gnl|TC-DB|Q8XEV7|2.A.1.7.5	97.3	438	12	0	1	438	1	438	9.9e-231	795.4
BCW-200036_01666	gnl|TC-DB|L0LHM3|2.A.7.31.3	48.7	277	141	1	1	276	1	277	3.4e-59	224.9
BCW-200036_01667	gnl|TC-DB|P31442|2.A.1.2.9	89.6	394	41	0	1	394	1	394	9.0e-199	689.1
BCW-200036_01670	gnl|TC-DB|P08555|2.A.8.1.5	93.0	445	31	0	1	445	1	445	1.1e-221	765.4
BCW-200036_01674	gnl|TC-DB|P0ADM0|9.B.51.1.1	93.9	115	7	0	1	115	1	115	1.0e-54	208.8
BCW-200036_01676	gnl|TC-DB|P31448|2.A.21.3.21	90.2	569	56	0	1	569	1	569	4.1e-293	1003.0
BCW-200036_01679	gnl|TC-DB|Q9AGA7|4.A.1.1.10	90.4	540	51	1	1	539	1	540	1.2e-281	964.9
BCW-200036_01681	gnl|TC-DB|B7L824|2.A.81.1.5	86.4	553	75	0	1	553	1	553	3.4e-268	920.2
BCW-200036_01694	gnl|TC-DB|P25714|2.A.9.3.1	94.5	548	30	0	1	548	1	548	5.7e-292	999.2
BCW-200036_01696	gnl|TC-DB|P31462|2.A.1.2.22	79.3	387	80	0	1	387	1	387	1.6e-166	582.0
BCW-200036_01700	gnl|TC-DB|P31466|2.A.40.7.6	94.2	445	26	0	1	445	1	445	1.8e-227	784.6
BCW-200036_01707	gnl|TC-DB|P0AAH0|3.A.1.7.1	98.1	257	5	0	1	257	1	257	2.3e-147	517.7
BCW-200036_01708	gnl|TC-DB|P07654|3.A.1.7.1	96.3	296	11	0	1	296	1	296	6.6e-154	539.7
BCW-200036_01709	gnl|TC-DB|P0AGH8|3.A.1.7.1	95.6	319	14	0	1	319	1	319	3.3e-167	583.9
BCW-200036_01710	gnl|TC-DB|P0AG82|3.A.1.7.1	93.6	346	22	0	1	346	1	346	2.4e-187	651.0
BCW-200036_01713	gnl|TC-DB|P0A6E6|3.A.2.1.1	95.7	139	6	0	1	139	1	139	5.3e-69	256.5
BCW-200036_01714	gnl|TC-DB|P0ABB4|3.A.2.1.1	97.6	460	11	0	1	460	1	460	7.7e-258	885.6
BCW-200036_01715	gnl|TC-DB|P0ABA6|3.A.2.1.1	94.8	287	15	0	1	287	1	287	3.5e-152	533.9
BCW-200036_01716	gnl|TC-DB|P0ABB0|3.A.2.1.1	94.9	513	26	0	1	513	1	513	6.7e-279	955.7
BCW-200036_01717	gnl|TC-DB|P0ABA4|3.A.2.1.1	92.7	177	13	0	1	177	1	177	1.9e-84	308.1
BCW-200036_01718	gnl|TC-DB|P0ABA0|3.A.2.1.1	96.8	156	5	0	1	156	1	156	1.1e-54	209.1
BCW-200036_01719	gnl|TC-DB|P68699|3.A.2.1.1	98.7	79	1	0	1	79	1	79	6.3e-35	142.5
BCW-200036_01720	gnl|TC-DB|P0AB98|3.A.2.1.1	95.6	271	12	0	1	271	1	271	2.1e-146	514.6
BCW-200036_01721	gnl|TC-DB|C4X3L3|1.A.77.3.8	85.7	126	18	0	1	126	25	150	8.2e-53	202.6
BCW-200036_01729	gnl|TC-DB|P63183|2.A.72.1.1	94.9	622	32	0	1	622	1	622	0.0e+00	1158.3
BCW-200036_01731	gnl|TC-DB|P04983|3.A.1.2.1	97.4	501	13	0	1	501	1	501	5.6e-278	952.6
BCW-200036_01732	gnl|TC-DB|P0AGI1|3.A.1.2.1	97.8	321	7	0	1	321	1	321	8.8e-152	532.7
BCW-200036_01733	gnl|TC-DB|P02925|3.A.1.2.1	98.0	296	6	0	1	296	1	296	2.1e-155	544.7
BCW-200036_01736	gnl|TC-DB|P31474|2.A.1.3.51	85.3	475	70	0	1	475	1	475	5.6e-219	756.5
BCW-200036_01741	gnl|TC-DB|P69681|1.A.11.1.1	89.0	428	47	0	1	428	1	428	6.3e-206	713.0
BCW-200036_01743	gnl|TC-DB|P0AAG5|3.A.1.106.13	90.5	592	56	0	1	592	1	592	4.8e-297	1016.1
BCW-200036_01744	gnl|TC-DB|P77265|3.A.1.106.13	90.2	590	58	0	1	590	1	590	3.7e-305	1043.1
BCW-200036_01751	gnl|TC-DB|A1EMW4|3.A.11.2.3	49.4	83	39	2	44	124	22	103	8.2e-13	69.7
BCW-200036_01760	gnl|TC-DB|P0AE16|2.A.1.25.2	89.8	452	46	0	1	452	39	490	1.8e-230	794.7
BCW-200036_01761	gnl|TC-DB|P0ABJ1|3.D.4.5.1	97.1	315	9	0	1	315	1	315	5.6e-175	609.8
BCW-200036_01762	gnl|TC-DB|P0ABI8|3.D.4.5.1	94.3	663	38	0	1	663	1	663	0.0e+00	1285.4
BCW-200036_01763	gnl|TC-DB|P0ABJ3|3.D.4.5.1	97.1	204	6	0	1	204	1	204	1.5e-112	401.7
BCW-200036_01764	gnl|TC-DB|P0ABJ6|3.D.4.5.1	93.6	109	7	0	1	109	1	109	2.1e-52	201.1
BCW-200036_01769	gnl|TC-DB|P77726|2.A.1.2.60	87.7	454	56	0	1	454	1	454	1.4e-219	758.4
BCW-200036_01778	gnl|TC-DB|P77735|8.A.5.1.6	94.4	324	18	0	1	324	1	324	2.1e-177	617.8
BCW-200036_01786	gnl|TC-DB|P0A927|1.B.10.1.1	81.7	295	45	2	1	287	1	294	6.9e-148	519.6
BCW-200036_01789	gnl|TC-DB|P0AG93|2.A.6.4.1	95.0	323	16	0	1	323	1	323	2.3e-168	587.8
BCW-200036_01790	gnl|TC-DB|P0AG90|2.A.6.4.1	95.7	604	26	0	1	604	12	615	0.0e+00	1082.4
BCW-200036_01791	gnl|TC-DB|P0ADZ7|3.A.5.1.1	97.3	110	3	0	1	110	1	110	4.2e-53	203.4
BCW-200036_01802	gnl|TC-DB|Q05839|8.A.9.1.1	23.3	476	251	16	177	557	132	588	8.9e-20	95.1
BCW-200036_01803	gnl|TC-DB|P37460|2.A.3.1.6	96.5	456	16	0	1	456	1	456	6.3e-252	865.9
BCW-200036_01804	gnl|TC-DB|P0AD99|2.A.26.1.10	94.8	439	23	0	1	439	1	439	3.2e-229	790.4
BCW-200036_01809	gnl|TC-DB|P23910|2.A.1.2.14	85.6	388	56	0	35	422	1	388	4.7e-177	617.1
BCW-200036_01818	gnl|TC-DB|P0AAP1|9.B.34.1.2	75.4	366	90	0	1	366	6	371	1.8e-156	548.5
BCW-200036_01822	gnl|TC-DB|P25744|2.A.1.2.20	60.3	393	155	1	3	395	11	402	3.4e-129	458.0
BCW-200036_01827	gnl|TC-DB|P0AFY6|9.A.18.1.1	91.4	406	35	0	1	406	1	406	3.2e-215	743.8
BCW-200036_01830	gnl|TC-DB|Q8X5H7|1.B.12.2.7	81.4	981	174	4	1	974	1	980	0.0e+00	1530.8
BCW-200036_01834	gnl|TC-DB|Q47539|3.A.1.17.1	84.4	276	42	1	1	276	1	275	2.3e-124	441.4
BCW-200036_01835	gnl|TC-DB|Q47538|3.A.1.17.1	89.8	255	26	0	1	255	1	255	8.3e-129	456.1
BCW-200036_01836	gnl|TC-DB|Q47537|3.A.1.17.1	96.2	320	12	0	1	320	1	320	1.7e-171	598.2
BCW-200036_01840	gnl|TC-DB|A3N294|3.A.1.20.3	73.7	346	88	2	1	343	1	346	2.2e-148	521.5
BCW-200036_01841	gnl|TC-DB|Q9KLQ6|3.A.1.20.2	72.8	687	187	0	5	691	12	698	4.5e-286	979.9
BCW-200036_01842	gnl|TC-DB|Q9KLQ5|3.A.1.20.2	66.9	347	112	1	1	344	1	347	7.1e-131	463.4
BCW-200036_01844	gnl|TC-DB|Q47689|2.A.3.1.10	99.1	467	4	0	9	475	1	467	1.3e-263	904.8
BCW-200036_01845	gnl|TC-DB|P77589|2.A.1.15.2	89.4	398	39	2	1	396	1	397	5.8e-185	643.3
BCW-200036_01859	gnl|TC-DB|917745143|1.C.75.1.2	42.9	763	368	10	2960	3671	2446	3191	2.9e-111	401.7
BCW-200036_01859	gnl|TC-DB|917745143|1.C.75.1.2	43.2	296	160	6	3	293	42	334	2.5e-54	212.6
BCW-200036_01860	gnl|TC-DB|Q3YL97|1.B.20.1.3	63.8	555	198	2	22	574	35	588	1.8e-208	721.8
BCW-200036_01865	gnl|TC-DB|P02920|2.A.1.5.1	90.5	412	39	0	1	412	1	412	2.6e-204	707.6
BCW-200036_01867	gnl|TC-DB|P31552|4.C.1.1.6	24.1	544	348	19	70	599	25	517	1.7e-26	117.5
BCW-200036_01871	gnl|TC-DB|Q9KN48|3.A.23.1.1	36.7	368	183	8	194	524	163	517	3.1e-48	189.5
BCW-200036_01873	gnl|TC-DB|P75693|2.A.76.1.3	88.6	210	24	0	1	210	14	223	5.8e-104	373.2
BCW-200036_01874	gnl|TC-DB|D4ZZR3|9.B.34.1.3	41.9	160	87	3	302	457	236	393	3.1e-25	112.8
BCW-200036_01877	gnl|TC-DB|Q01674|1.B.14.1.17	41.1	672	376	6	36	696	48	710	8.3e-155	543.9
BCW-200036_01882	gnl|TC-DB|P0ABP3|2.A.61.1.1	45.0	442	238	3	2	443	5	441	6.5e-92	334.3
BCW-200036_01887	gnl|TC-DB|P76037|2.A.3.1.13	88.6	449	51	0	1	449	1	449	1.0e-225	778.9
BCW-200036_01894	gnl|TC-DB|T2K7C6|3.D.7.2.3	94.0	336	19	1	1	336	38	372	1.1e-189	658.7
BCW-200036_01895	gnl|TC-DB|T2K7N8|3.D.7.2.3	66.5	600	198	2	1	597	1	600	5.7e-253	869.8
BCW-200036_01896	gnl|TC-DB|T2K6Q3|3.D.7.2.3	57.3	220	85	2	15	230	30	244	7.6e-71	263.5
BCW-200036_01897	gnl|TC-DB|T2K766|3.D.7.2.3	83.3	192	32	0	1	192	1	192	1.4e-91	332.0
BCW-200036_01898	gnl|TC-DB|T2K646|3.D.7.2.3	79.2	125	26	0	1	125	1	125	1.0e-56	215.7
BCW-200036_01899	gnl|TC-DB|T2K7M7|3.D.7.2.3	32.4	278	185	2	7	283	11	286	1.9e-41	166.0
BCW-200036_01900	gnl|TC-DB|P0ABJ9|3.D.4.3.2	61.2	505	196	0	1	505	1	505	1.1e-183	639.4
BCW-200036_01901	gnl|TC-DB|P0ABK2|3.D.4.3.2	55.9	379	166	1	1	378	1	379	6.6e-122	433.7
BCW-200036_01916	gnl|TC-DB|P02932|1.B.1.1.2	90.9	351	32	0	1	351	1	351	3.4e-189	657.1
BCW-200036_01924	gnl|TC-DB|P76298|1.A.104.1.1	38.7	540	313	6	1	537	165	689	8.2e-94	340.9
BCW-200036_01938	gnl|TC-DB|P07110|1.B.11.2.1	48.1	592	294	9	4	590	249	832	3.4e-149	525.0
BCW-200036_01939	gnl|TC-DB|P07110|1.B.11.2.1	42.6	169	83	4	17	173	15	181	2.0e-33	138.7
BCW-200036_01952	gnl|TC-DB|P77389|2.A.1.2.65	41.3	383	218	4	5	386	7	383	6.0e-70	261.2
BCW-200036_01982	gnl|TC-DB|P25743|2.A.95.1.7	95.3	214	10	0	1	214	1	214	7.6e-107	382.9
BCW-200036_01983	gnl|TC-DB|P06202|3.A.1.5.1	91.5	543	46	0	1	543	1	543	1.0e-301	1031.6
BCW-200036_01984	gnl|TC-DB|P08005|3.A.1.5.1	91.5	306	26	0	1	306	1	306	3.2e-151	530.8
BCW-200036_01985	gnl|TC-DB|P08006|3.A.1.5.1	96.4	302	11	0	1	302	1	302	4.7e-139	490.3
BCW-200036_01986	gnl|TC-DB|P76027|3.A.1.5.41	96.1	337	13	0	1	337	1	337	2.7e-183	637.5
BCW-200036_01987	gnl|TC-DB|P08007|3.A.1.5.1	96.7	334	11	0	1	334	1	334	3.2e-189	657.1
BCW-200036_01988	gnl|TC-DB|Q1D027|1.A.1.24.3	39.9	276	156	3	3	276	8	275	9.3e-41	163.7
BCW-200036_02001	gnl|TC-DB|P22340|1.B.3.1.2	86.3	505	69	0	1	505	1	505	7.4e-238	819.3
BCW-200036_02002	gnl|TC-DB|P08470|4.A.1.2.1	97.4	456	12	0	1	456	1	456	3.5e-247	850.1
BCW-200036_02012	gnl|TC-DB|O06980|3.A.1.134.5	37.8	185	104	4	25	207	30	205	1.9e-26	115.9
BCW-200036_02025	gnl|TC-DB|Q46831|9.B.120.1.1	85.1	235	35	0	1	235	1	235	6.1e-102	366.7
BCW-200036_02027	gnl|TC-DB|P0AFF4|2.A.1.10.1	88.0	418	50	0	1	418	1	418	4.7e-214	740.0
BCW-200036_02035	gnl|TC-DB|Q8ZKS0|2.A.56.1.5	49.5	430	217	0	4	433	6	435	8.6e-118	420.2
BCW-200036_02036	gnl|TC-DB|Q8ZKR9|2.A.56.1.5	33.6	146	95	1	4	149	2	145	1.1e-20	96.3
BCW-200036_02037	gnl|TC-DB|P43020|2.A.56.1.5	38.9	314	189	3	16	326	12	325	1.7e-54	209.5
BCW-200036_02041	gnl|TC-DB|P64564|9.A.4.1.2	90.4	188	18	0	1	188	1	188	2.8e-89	324.3
BCW-200036_02043	gnl|TC-DB|P37002|1.A.43.1.1	50.5	105	52	0	164	268	5	109	6.9e-25	110.9
BCW-200036_02054	gnl|TC-DB|P72121|1.B.14.4.1	54.2	708	260	7	17	688	44	723	7.3e-220	760.0
BCW-200036_02086	gnl|TC-DB|P22610|3.A.15.2.1	43.7	252	126	2	12	247	20	271	2.4e-46	182.2
BCW-200036_02089	gnl|TC-DB|P15750|3.A.15.1.1	35.8	229	147	0	3	231	4	232	4.2e-32	135.2
BCW-200036_02093	gnl|TC-DB|P15746|3.A.15.1.1	69.3	137	42	0	7	143	3	139	1.8e-51	198.4
BCW-200036_02094	gnl|TC-DB|P15745|3.A.15.1.1	41.9	403	206	3	3	403	4	380	3.2e-74	275.4
BCW-200036_02095	gnl|TC-DB|P15645|3.A.15.1.1	58.1	482	193	5	14	489	11	489	1.6e-147	519.2
BCW-200036_02096	gnl|TC-DB|P15644|1.B.22.1.1	58.4	613	250	4	15	625	15	624	1.9e-196	682.2
BCW-200036_02121	gnl|TC-DB|P0AGA2|3.A.5.1.1	99.8	443	1	0	1	443	1	443	4.2e-245	843.2
BCW-200036_02131	gnl|TC-DB|P0A742|1.A.22.1.1	94.9	137	6	1	1	137	1	136	6.0e-65	243.0
BCW-200036_02132	gnl|TC-DB|P0AGI8|2.A.38.1.1	98.7	458	6	0	1	458	1	458	4.3e-253	869.8
BCW-200036_02136	gnl|TC-DB|Q8VRK4|3.A.11.1.3	38.1	278	156	6	80	357	68	329	6.4e-37	151.4
BCW-200036_02145	gnl|TC-DB|Q9KN48|3.A.23.1.1	38.0	353	188	5	117	438	169	521	5.4e-59	224.9
BCW-200036_02146	gnl|TC-DB|Q9HV74|2.A.21.9.1	38.0	234	133	7	230	454	744	974	7.2e-30	128.3
BCW-200036_02157	gnl|TC-DB|Q8ID54|3.A.25.2.1	35.6	205	128	3	8	208	89	293	1.2e-23	106.7
BCW-200036_02162	gnl|TC-DB|U5MIE1|4.A.3.2.9	67.3	101	33	0	1	101	1	101	1.1e-28	122.1
BCW-200036_02163	gnl|TC-DB|U5MLJ3|4.A.3.2.9	88.2	102	12	0	1	102	1	102	7.6e-44	172.6
BCW-200036_02168	gnl|TC-DB|Q9ZK21|1.C.82.1.1	50.2	227	113	0	3	229	4	230	4.9e-59	224.2
BCW-200036_02171	gnl|TC-DB|P0AG96|3.A.5.1.1	97.6	127	3	0	1	127	1	127	4.5e-59	223.4
BCW-200036_02175	gnl|TC-DB|C7NLF6|2.A.115.2.6	51.2	203	91	1	4	206	38	232	3.3e-51	198.0
BCW-200036_02176	gnl|TC-DB|P0AAQ6|3.A.5.1.1	87.2	117	15	0	1	117	1	117	1.5e-56	214.9
BCW-200036_02183	gnl|TC-DB|P31224|2.A.6.2.2	94.2	1049	61	0	1	1049	1	1049	0.0e+00	1897.9
BCW-200036_02184	gnl|TC-DB|P0AE06|8.A.1.6.1	90.9	397	36	0	1	397	1	397	2.2e-200	694.5
BCW-200036_02186	gnl|TC-DB|P77338|1.A.23.1.1	82.5	1121	195	1	1	1121	1	1120	0.0e+00	1721.1
BCW-200036_02199	gnl|TC-DB|P39830|2.A.37.1.5	94.4	556	31	0	1	556	1	556	2.0e-284	974.2
BCW-200036_02200	gnl|TC-DB|P52067|2.A.1.35.1	94.1	405	24	0	1	405	1	405	2.9e-208	720.7
BCW-200036_02204	gnl|TC-DB|Q59385|3.A.3.5.5	92.6	834	61	1	1	833	1	834	0.0e+00	1455.3
BCW-200036_02205	gnl|TC-DB|Q32AY3|3.A.1.14.18	78.8	255	54	0	1	255	1	255	3.2e-120	427.6
BCW-200036_02206	gnl|TC-DB|Q32AY2|3.A.1.14.18	89.3	317	34	0	14	330	2	318	5.0e-158	553.5
BCW-200036_02210	gnl|TC-DB|Q32AX9|3.A.1.14.18	82.4	272	48	0	2	273	58	329	3.0e-124	441.0
BCW-200036_02211	gnl|TC-DB|P17315|1.B.14.1.4	26.9	577	286	23	9	544	6	487	1.2e-28	124.8
BCW-200036_02216	gnl|TC-DB|P0AA53|8.A.21.2.2	95.0	302	15	0	1	302	1	302	9.7e-116	412.9
BCW-200036_02218	gnl|TC-DB|P77279|3.A.1.139.2	77.8	225	50	0	1	225	1	225	5.5e-100	360.1
BCW-200036_02219	gnl|TC-DB|P77307|3.A.1.139.2	89.9	258	26	0	1	258	1	258	3.6e-119	424.1
BCW-200036_02223	gnl|TC-DB|P0A9T8|3.A.1.122.15	93.0	228	16	0	1	228	1	228	2.5e-116	414.5
BCW-200036_02224	gnl|TC-DB|P77504|3.A.1.122.15	89.8	803	82	0	1	803	1	803	0.0e+00	1398.3
BCW-200036_02225	gnl|TC-DB|B5Y0L3|1.B.1.1.18	82.4	381	63	2	1	377	1	381	2.7e-192	667.5
BCW-200036_02226	gnl|TC-DB|Q9HT68|3.A.1.24.5	35.1	251	157	4	9	258	5	250	2.6e-35	145.6
BCW-200036_02227	gnl|TC-DB|O32169|3.A.1.24.2	48.1	341	169	3	1	336	1	338	8.6e-81	297.0
BCW-200036_02228	gnl|TC-DB|Q9HT69|3.A.1.24.5	42.9	203	116	0	7	209	16	218	5.4e-36	147.5
BCW-200036_02242	gnl|TC-DB|P30130|1.B.11.3.9	46.6	856	437	7	21	865	31	877	2.9e-229	791.6
BCW-200036_02253	gnl|TC-DB|P33226|5.A.3.4.1	91.5	388	33	0	1	388	1	388	4.4e-214	740.0
BCW-200036_02254	gnl|TC-DB|P33225|5.A.3.4.1	87.5	848	104	1	1	846	1	848	0.0e+00	1563.5
BCW-200036_02255	gnl|TC-DB|P36662|5.A.3.4.1	63.0	200	71	1	5	204	2	198	9.5e-67	249.6
BCW-200036_02257	gnl|TC-DB|P52005|5.A.3.4.2	56.5	338	147	0	27	364	27	364	9.4e-118	419.9
BCW-200036_02258	gnl|TC-DB|P58362|5.A.3.4.2	77.1	811	182	2	1	811	1	807	0.0e+00	1336.2
BCW-200036_02263	gnl|TC-DB|Q9HV74|2.A.21.9.1	31.0	226	136	6	266	481	761	976	6.4e-21	98.6
BCW-200036_02265	gnl|TC-DB|P77211|1.B.17.3.5	79.9	457	92	0	1	457	1	457	4.6e-202	700.3
BCW-200036_02266	gnl|TC-DB|P77214|2.A.6.1.4	60.9	115	40	1	1	115	1	110	3.9e-33	137.1
BCW-200036_02267	gnl|TC-DB|P77239|2.A.6.1.4	75.3	425	87	3	6	430	1	407	1.4e-181	632.1
BCW-200036_02268	gnl|TC-DB|P38054|2.A.6.1.4	92.6	1047	78	0	1	1047	1	1047	0.0e+00	1880.9
BCW-200036_02276	gnl|TC-DB|A8IBA8|1.B.12.5.2	40.7	275	131	10	2211	2480	2163	2410	5.4e-36	151.4
BCW-200036_02279	gnl|TC-DB|P24207|2.A.3.1.1	93.1	462	28	1	16	477	1	458	9.8e-240	825.5
BCW-200036_02280	gnl|TC-DB|P76417|2.A.1.10.4	39.0	405	229	6	21	411	6	406	9.8e-71	263.8
BCW-200036_02284	gnl|TC-DB|P0AAT4|1.A.23.4.5	89.6	415	42	1	1	414	1	415	4.5e-209	723.4
BCW-200036_02294	gnl|TC-DB|P05825|1.B.14.1.22	81.2	761	124	5	1	757	1	746	0.0e+00	1264.6
BCW-200036_02297	gnl|TC-DB|P31552|4.C.1.1.6	22.3	507	339	14	480	958	37	516	4.8e-15	80.5
BCW-200036_02298	gnl|TC-DB|P23878|3.A.1.14.2	93.6	264	17	0	1	264	1	264	3.7e-143	503.8
BCW-200036_02299	gnl|TC-DB|P23877|3.A.1.14.2	83.0	330	56	0	1	330	1	330	6.7e-147	516.5
BCW-200036_02300	gnl|TC-DB|P23876|3.A.1.14.2	89.5	333	35	0	1	333	1	333	4.0e-155	543.9
BCW-200036_02301	gnl|TC-DB|Q8ZR35|2.A.1.38.3	89.7	408	42	0	1	408	1	408	2.6e-196	681.0
BCW-200036_02302	gnl|TC-DB|C8U2V6|3.A.1.14.2	84.3	318	50	0	1	318	1	318	3.4e-148	520.8
BCW-200036_02304	gnl|TC-DB|Q89SS6|2.A.1.42.2	21.5	478	354	10	49	522	654	1114	5.3e-16	82.4
BCW-200036_02308	gnl|TC-DB|P15078|2.A.114.1.1	97.1	701	20	0	1	701	1	701	0.0e+00	1283.1
BCW-200036_02319	gnl|TC-DB|Q9HR74|5.A.3.3.3	24.5	796	434	22	50	731	54	796	4.2e-51	199.5
BCW-200036_02320	gnl|TC-DB|Q7WMZ5|5.A.3.10.1	40.1	152	84	4	2	149	56	204	1.2e-28	122.9
BCW-200036_02327	gnl|TC-DB|P0AE74|2.A.47.3.2	95.3	487	23	0	1	487	1	487	1.4e-265	911.4
BCW-200036_02336	gnl|TC-DB|P0ABP3|2.A.61.1.1	92.6	460	34	0	1	460	1	460	3.5e-226	780.4
BCW-200036_02339	gnl|TC-DB|P37002|1.A.43.1.1	89.8	127	13	0	1	127	1	127	1.2e-62	235.3
BCW-200036_02341	gnl|TC-DB|P0A843|2.A.64.1.1	89.6	67	7	0	1	67	1	67	2.5e-24	107.1
BCW-200036_02347	gnl|TC-DB|P0ABG7|2.A.103.1.2	97.8	370	8	0	1	370	1	370	1.3e-199	691.8
BCW-200036_02355	gnl|TC-DB|P0ADC1|1.B.42.1.2	77.2	197	41	2	1	197	1	193	4.4e-77	283.9
BCW-200036_02359	gnl|TC-DB|P0AAG3|3.A.1.3.4	95.9	241	10	0	1	241	1	241	5.6e-127	449.9
BCW-200036_02360	gnl|TC-DB|P0AER5|3.A.1.3.4	96.0	223	9	0	1	223	1	223	3.6e-112	400.6
BCW-200036_02361	gnl|TC-DB|P0AER3|3.A.1.3.4	94.7	246	13	0	1	246	1	246	1.6e-124	441.8
BCW-200036_02362	gnl|TC-DB|P37902|3.A.1.3.4	94.7	302	16	0	1	302	1	302	4.0e-162	567.0
BCW-200036_02364	gnl|TC-DB|P0A2L3|9.A.40.1.2	97.9	292	6	0	1	292	1	292	1.2e-160	562.0
BCW-200036_02381	gnl|TC-DB|P09323|4.A.1.1.2	90.0	647	65	0	1	647	1	647	0.0e+00	1089.3
BCW-200036_02383	gnl|TC-DB|P76042|3.A.1.1.46	66.3	418	140	1	9	425	11	428	2.1e-161	565.1
BCW-200036_02385	gnl|TC-DB|P02925|3.A.1.2.1	26.3	247	166	10	65	301	28	268	6.4e-12	68.2
BCW-200036_02386	gnl|TC-DB|P75733|1.B.25.1.13	89.1	468	51	0	1	468	1	468	3.4e-261	896.7
BCW-200036_02388	gnl|TC-DB|P0A2G3|2.A.1.6.7	92.8	429	31	0	2	430	5	433	2.3e-224	774.2
BCW-200036_02398	gnl|TC-DB|P0AAF1|2.A.3.2.1	95.2	438	21	0	1	438	1	438	2.8e-233	803.9
BCW-200036_02402	gnl|TC-DB|P03961|3.A.3.7.1	75.4	187	46	0	1	187	1	187	2.3e-75	278.1
BCW-200036_02403	gnl|TC-DB|P03960|3.A.3.7.1	93.1	682	47	0	1	682	1	682	0.0e+00	1195.6
BCW-200036_02404	gnl|TC-DB|P03959|3.A.3.7.1	84.7	557	85	0	1	557	1	557	2.3e-264	907.5
BCW-200036_02408	gnl|TC-DB|P75742|2.A.17.1.4	87.8	493	60	0	1	493	1	493	2.1e-253	870.9
BCW-200036_02414	gnl|TC-DB|B1HGV3|9.B.211.1.1	53.6	330	140	3	1	330	1	317	4.3e-85	311.2
BCW-200036_02421	gnl|TC-DB|X5H3P0|3.D.10.1.6	53.1	590	265	8	7	588	12	597	3.7e-172	601.3
BCW-200036_02422	gnl|TC-DB|X5GWN5|3.D.10.1.6	50.9	234	108	5	4	236	27	254	2.6e-68	255.0
BCW-200036_02429	gnl|TC-DB|B7GU58|2.A.28.2.6	26.8	366	186	7	78	427	19	318	1.6e-26	117.1
BCW-200036_02441	gnl|TC-DB|Q01857|2.A.23.1.3	40.4	364	212	3	47	405	54	417	2.4e-67	252.7
BCW-200036_02448	gnl|TC-DB|P0ABJ9|3.D.4.3.2	93.3	522	35	0	1	522	1	522	7.1e-284	972.2
BCW-200036_02449	gnl|TC-DB|P0ABK2|3.D.4.3.2	92.1	379	30	0	1	379	1	379	2.4e-204	707.6
BCW-200036_02450	gnl|TC-DB|P56100|9.B.85.1.1	94.4	36	2	0	1	36	1	36	1.3e-14	73.9
BCW-200036_02451	gnl|TC-DB|P0AAV0|8.A.79.1.1	83.5	97	16	0	1	97	1	97	1.1e-44	175.3
BCW-200036_02453	gnl|TC-DB|P0ABU9|1.A.30.2.2	97.8	230	5	0	1	230	1	230	8.3e-120	426.0
BCW-200036_02454	gnl|TC-DB|P0ABV8|1.A.30.2.2	90.1	142	14	0	1	142	1	142	3.3e-66	247.3
BCW-200036_02455	gnl|TC-DB|P19934|2.C.1.2.1	72.4	127	34	1	291	417	295	420	3.2e-29	125.9
BCW-200036_02456	gnl|TC-DB|P0A855|2.C.1.2.1	97.0	430	13	0	1	430	1	430	1.9e-154	542.0
BCW-200036_02457	gnl|TC-DB|C6EJJ6|2.C.1.2.1	97.7	173	3	1	1	172	1	173	5.7e-89	323.2
BCW-200036_02458	gnl|TC-DB|P45955|2.C.1.2.1	65.4	191	63	2	1	189	1	190	6.9e-54	207.2
BCW-200036_02465	gnl|TC-DB|P24520|4.B.1.1.1	87.4	238	30	0	1	238	1	238	1.1e-114	409.1
BCW-200036_02466	gnl|TC-DB|P75757|2.A.4.1.4	88.2	313	37	0	1	313	1	313	3.6e-158	553.9
BCW-200036_02474	gnl|TC-DB|A7BAX2|3.A.1.26.3	27.3	495	289	16	10	471	246	702	1.3e-24	110.9
BCW-200036_02476	gnl|TC-DB|A6T6J1|2.A.6.2.49	87.8	49	6	0	1	49	1	49	4.8e-17	82.4
BCW-200036_02477	gnl|TC-DB|P37329|3.A.1.8.1	91.8	257	21	0	1	257	1	257	1.6e-132	468.4
BCW-200036_02478	gnl|TC-DB|P0AF01|3.A.1.8.1	95.6	229	10	0	1	229	1	229	1.1e-116	415.6
BCW-200036_02479	gnl|TC-DB|P09833|3.A.1.8.1	92.9	352	25	0	1	352	1	352	1.3e-188	655.2
BCW-200036_02484	gnl|TC-DB|P22610|3.A.15.2.1	38.8	263	144	5	13	265	19	274	2.6e-40	162.2
BCW-200036_02485	gnl|TC-DB|P0C6C9|3.A.15.2.2	37.5	304	188	2	1	303	1	303	5.4e-58	221.1
BCW-200036_02486	gnl|TC-DB|Q8F3M7|3.A.15.4.1	30.1	395	227	12	105	482	184	546	1.7e-35	147.1
BCW-200036_02509	gnl|TC-DB|Q0S720|3.A.1.4.9	36.6	224	125	4	1	217	9	222	2.7e-28	122.1
BCW-200036_02517	gnl|TC-DB|P0AAC4|1.A.14.2.2	86.8	234	31	0	1	234	1	234	9.1e-106	379.4
BCW-200036_02518	gnl|TC-DB|P75770|4.D.2.4.3	88.4	318	37	0	1	318	1	318	4.8e-158	553.5
BCW-200036_02521	gnl|TC-DB|P0AAW6|9.B.15.1.1	83.8	136	22	0	1	136	1	136	2.8e-59	224.2
BCW-200036_02522	gnl|TC-DB|P0AFP9|3.A.1.105.15	95.7	368	16	0	1	368	1	368	5.1e-196	679.9
BCW-200036_02523	gnl|TC-DB|C6EIY9|3.A.1.105.15	92.3	377	29	0	1	377	1	377	3.9e-191	663.7
BCW-200036_02524	gnl|TC-DB|P0A9U1|3.A.1.105.15	92.4	578	44	0	1	578	1	578	9.1e-314	1071.6
BCW-200036_02525	gnl|TC-DB|P75777|3.A.1.105.15	63.7	331	120	0	1	331	2	332	1.7e-94	342.4
BCW-200036_02527	gnl|TC-DB|O00571|1.I.1.1.3	41.5	388	207	5	2	369	181	568	3.0e-73	272.3
BCW-200036_02534	gnl|TC-DB|P75780|1.B.14.1.9	89.5	761	79	1	1	761	1	760	0.0e+00	1399.4
BCW-200036_02537	gnl|TC-DB|P75783|1.A.23.3.2	86.8	745	94	1	1	745	1	741	0.0e+00	1238.8
BCW-200036_02538	gnl|TC-DB|P10346|3.A.1.3.2	97.5	240	6	0	1	240	1	240	1.1e-130	462.2
BCW-200036_02539	gnl|TC-DB|P0AEQ6|3.A.1.3.2	97.3	219	6	0	1	219	1	219	1.2e-112	402.1
BCW-200036_02540	gnl|TC-DB|P0AEQ3|3.A.1.3.2	98.0	248	5	0	1	248	1	248	2.8e-137	484.2
BCW-200036_02542	gnl|TC-DB|P0AA67|2.A.7.3.6	90.5	295	28	0	1	295	1	295	2.1e-147	518.1
BCW-200036_02543	gnl|TC-DB|P0A917|1.B.6.2.1	87.1	171	22	0	1	171	1	171	8.7e-82	299.3
BCW-200036_02547	gnl|TC-DB|P75788|2.A.45.2.5	83.5	369	61	0	1	369	1	369	8.5e-175	609.4
BCW-200036_02549	gnl|TC-DB|Q83XH1|3.A.1.121.4	47.0	526	278	1	1	526	1	525	1.8e-141	499.2
BCW-200036_02559	gnl|TC-DB|P75796|3.A.1.5.11	86.5	622	84	0	1	622	1	622	1.7e-305	1044.3
BCW-200036_02560	gnl|TC-DB|P75797|3.A.1.5.11	88.1	512	61	0	1	512	1	512	5.3e-268	919.5
BCW-200036_02561	gnl|TC-DB|P75798|3.A.1.5.11	90.8	306	28	0	1	306	1	306	7.8e-158	552.7
BCW-200036_02562	gnl|TC-DB|P75799|3.A.1.5.11	90.4	303	29	0	1	303	1	303	1.6e-142	501.9
BCW-200036_02569	gnl|TC-DB|P94571|9.B.105.1.3	33.3	159	101	2	5	163	1	154	7.5e-16	80.5
BCW-200036_02570	gnl|TC-DB|P0AEY8|2.A.1.2.19	90.5	410	39	0	1	410	1	410	4.8e-211	729.9
BCW-200036_02573	gnl|TC-DB|P75810|2.A.1.60.2	84.5	375	58	0	1	375	28	402	5.3e-164	573.5
BCW-200036_02576	gnl|TC-DB|A7ZJR5|2.A.81.1.4	95.9	561	23	0	1	561	1	561	1.0e-304	1041.6
BCW-200036_02583	gnl|TC-DB|P31133|3.A.1.11.2	94.9	370	19	0	1	370	1	370	9.7e-211	728.8
BCW-200036_02584	gnl|TC-DB|P31134|3.A.1.11.2	93.9	377	23	0	1	377	1	377	1.5e-206	714.9
BCW-200036_02585	gnl|TC-DB|P31135|3.A.1.11.2	91.8	317	26	0	1	317	1	317	1.2e-164	575.5
BCW-200036_02586	gnl|TC-DB|P0AFL1|3.A.1.11.2	95.0	281	14	0	1	281	1	281	1.2e-144	508.8
BCW-200036_02592	gnl|TC-DB|P0ABN9|2.A.13.1.2	96.2	446	17	0	1	446	1	446	5.5e-237	816.2
BCW-200036_02595	gnl|TC-DB|B0SHL1|2.A.123.2.6	50.0	78	39	0	7	84	5	82	3.5e-15	77.0
BCW-200036_02596	gnl|TC-DB|A7ZUZ0|2.A.2.1.1	85.1	476	68	1	1	476	1	473	2.4e-230	794.3
BCW-200036_02601	gnl|TC-DB|P60061|2.A.3.2.5	94.6	445	24	0	1	445	1	445	5.0e-238	819.7
BCW-200036_02606	gnl|TC-DB|P0C0L7|2.A.1.6.4	94.8	500	26	0	1	500	1	500	2.5e-270	927.2
BCW-200036_02607	gnl|TC-DB|P0A712|2.A.10.1.2	74.1	282	73	0	1	282	1	282	5.8e-114	407.1
BCW-200036_02612	gnl|TC-DB|P16677|3.A.1.9.1	91.6	262	22	0	1	262	1	262	1.5e-133	471.9
BCW-200036_02613	gnl|TC-DB|P16682|3.A.1.9.1	87.0	338	44	0	1	338	1	338	7.8e-167	582.8
BCW-200036_02614	gnl|TC-DB|P16683|3.A.1.9.1	95.0	259	13	0	1	259	1	259	1.2e-138	488.8
BCW-200036_02620	gnl|TC-DB|Q97VF5|3.A.1.5.9	36.5	255	152	3	5	249	45	299	2.5e-37	152.1
BCW-200036_02621	gnl|TC-DB|P75957|3.A.1.125.1	31.7	221	142	5	4	223	6	218	5.0e-24	107.8
BCW-200036_02627	gnl|TC-DB|Q9HV74|2.A.21.9.1	33.2	250	145	8	378	616	737	975	6.3e-23	105.9
BCW-200036_02628	gnl|TC-DB|G4FGN3|3.A.1.2.20	45.2	493	267	3	5	496	3	493	9.1e-127	450.3
BCW-200036_02629	gnl|TC-DB|A6VKS9|3.A.1.2.13	46.0	309	152	7	24	323	13	315	3.8e-57	218.4
BCW-200036_02630	gnl|TC-DB|Q9F9B2|3.A.1.2.7	31.0	297	176	10	3	276	1	291	4.6e-20	95.1
BCW-200036_02635	gnl|TC-DB|P0AFZ7|2.A.38.1.1	97.5	483	12	0	1	483	1	483	5.4e-270	926.0
BCW-200036_02646	gnl|TC-DB|P69423|2.A.64.1.1	95.4	239	11	0	1	239	1	239	4.9e-124	440.3
BCW-200036_02647	gnl|TC-DB|P69425|2.A.64.1.1	74.2	182	36	2	1	182	1	171	1.1e-58	222.6
BCW-200036_02648	gnl|TC-DB|P69428|2.A.64.1.1	84.3	89	9	1	1	84	1	89	3.4e-31	130.2
BCW-200036_02657	gnl|TC-DB|P0ADP5|2.A.7.3.61	90.6	299	28	0	1	299	1	299	2.7e-155	544.3
BCW-200036_02660	gnl|TC-DB|P0AG34|2.A.76.1.1	90.3	206	20	0	1	206	1	206	1.9e-99	358.2
BCW-200036_02661	gnl|TC-DB|P0AG38|2.A.76.1.2	93.2	206	14	0	1	206	1	206	7.2e-107	382.9
BCW-200036_02662	gnl|TC-DB|Q5EAK4|2.A.16.2.2	28.0	410	244	13	39	421	1391	1776	8.3e-26	115.2
BCW-200036_02665	gnl|TC-DB|P27844|2.A.7.7.2	92.9	296	21	0	1	296	1	296	6.0e-155	543.1
BCW-200036_02666	gnl|TC-DB|P0A2R8|1.A.35.1.2	92.7	316	23	0	1	316	1	316	1.8e-165	578.2
BCW-200036_02673	gnl|TC-DB|P27838|9.B.21.2.1	95.3	106	5	0	1	106	1	106	1.9e-58	221.1
BCW-200036_02683	gnl|TC-DB|P27837|2.A.3.1.15	95.7	461	20	0	1	461	1	461	4.1e-251	863.2
BCW-200036_02685	gnl|TC-DB|B6I4D1|9.B.128.1.1	93.8	450	28	0	1	450	1	450	3.5e-239	823.5
BCW-200036_02687	gnl|TC-DB|P0AAA7|2.A.66.2.3	91.8	415	34	0	1	415	1	415	3.5e-209	723.8
BCW-200036_02693	gnl|TC-DB|P0AC78|9.B.146.1.7	89.4	367	39	0	1	367	1	367	8.2e-170	592.8
BCW-200036_02694	gnl|TC-DB|P40290|3.A.6.1.1	28.6	252	158	5	157	396	148	389	2.0e-15	80.1
BCW-200036_02696	gnl|TC-DB|O00571|1.I.1.1.3	36.0	364	219	4	9	358	180	543	1.0e-54	210.7
BCW-200036_02715	gnl|TC-DB|P0AEX3|2.A.1.6.2	90.7	432	40	0	1	432	1	432	6.8e-224	772.7
BCW-200036_02724	gnl|TC-DB|O00571|1.I.1.1.3	32.8	366	227	5	3	350	179	543	4.0e-46	182.2
BCW-200036_02726	gnl|TC-DB|F9VN10|3.D.10.1.4	35.1	541	313	14	6	522	3	529	4.0e-72	268.9
BCW-200036_02741	gnl|TC-DB|P77272|4.A.1.2.7	38.6	466	255	13	7	448	9	467	1.8e-70	263.1
BCW-200036_02748	gnl|TC-DB|Q9KN48|3.A.23.1.1	48.7	234	120	0	136	369	192	425	1.0e-57	220.7
BCW-200036_02759	gnl|TC-DB|P42915|1.B.11.3.6	60.5	831	319	7	7	830	9	837	2.0e-304	1041.2
BCW-200036_02762	gnl|TC-DB|Q47142|2.A.1.27.1	86.7	376	50	0	1	376	1	376	5.0e-186	646.7
BCW-200036_02766	gnl|TC-DB|A8H4W6|3.A.1.2.15	28.3	283	196	2	36	312	56	337	4.2e-29	125.2
BCW-200036_02767	gnl|TC-DB|Q1M4Q8|3.A.1.2.16	33.9	307	186	5	20	314	35	336	1.0e-38	157.1
BCW-200036_02768	gnl|TC-DB|Q7BSH4|3.A.1.2.9	37.8	476	292	4	3	477	16	488	1.2e-91	333.6
BCW-200036_02771	gnl|TC-DB|D7A5Z9|2.A.113.1.7	36.0	267	154	5	59	320	56	310	1.9e-29	126.3
BCW-200036_02779	gnl|TC-DB|P44669|9.A.41.1.1	68.9	617	190	2	1	616	1	616	4.1e-230	793.9
BCW-200036_02793	gnl|TC-DB|P77774|1.B.33.1.3	89.5	392	41	0	1	392	1	392	1.3e-178	622.1
BCW-200036_02795	gnl|TC-DB|Q5KYD1|2.A.17.1.7	38.0	502	278	13	11	503	16	493	2.1e-78	289.7
BCW-200036_02806	gnl|TC-DB|Q9UEF7|8.A.49.1.1	27.7	483	296	17	4	472	61	504	1.5e-38	157.1
BCW-200036_02808	gnl|TC-DB|P0AGM7|2.A.40.1.1	95.3	425	20	0	1	425	1	425	6.5e-219	756.1
BCW-200036_02812	gnl|TC-DB|P0AFI9|2.A.86.1.1	94.9	353	18	0	1	353	1	353	2.5e-171	597.8
BCW-200036_02813	gnl|TC-DB|P39379|9.A.5.4.2	73.0	211	57	0	9	219	15	225	4.3e-81	297.4
BCW-200036_02814	gnl|TC-DB|C8UN36|9.B.156.1.1	70.4	152	45	0	1	152	1	152	5.5e-51	196.8
BCW-200036_02819	gnl|TC-DB|P0A903|1.B.33.1.3	92.7	344	25	0	1	344	1	344	1.3e-180	628.6
BCW-200036_02827	gnl|TC-DB|P24177|2.A.6.2.7	94.1	1037	61	0	1	1037	1	1037	0.0e+00	1882.1
BCW-200036_02829	gnl|TC-DB|Q5P036|5.A.3.11.1	31.6	158	85	7	5	141	5	160	1.3e-16	84.7
BCW-200036_02836	gnl|TC-DB|P76555|9.B.75.2.1	88.4	232	27	0	1	232	1	232	2.1e-115	411.4
BCW-200036_02844	gnl|TC-DB|P41796|9.A.28.1.1	95.1	410	18	1	1	410	1	408	9.7e-212	732.3
BCW-200036_02854	gnl|TC-DB|P76538|9.B.127.1.1	78.5	149	32	0	1	149	1	149	1.0e-65	245.7
BCW-200036_02858	gnl|TC-DB|Q8ZLD2|2.A.13.1.3	37.5	440	268	4	4	438	1	438	1.3e-68	256.9
BCW-200036_02859	gnl|TC-DB|Q8ZLD2|2.A.13.1.3	42.6	439	248	3	3	438	1	438	3.1e-91	332.0
BCW-200036_02862	gnl|TC-DB|P16700|3.A.1.6.1	92.9	337	23	1	1	336	1	337	3.2e-184	640.6
BCW-200036_02863	gnl|TC-DB|P16701|3.A.1.6.1	98.6	277	4	0	1	277	1	277	1.6e-146	515.0
BCW-200036_02864	gnl|TC-DB|P0AEB0|3.A.1.6.1	94.8	291	15	0	1	291	1	291	1.3e-154	542.0
BCW-200036_02865	gnl|TC-DB|P16676|3.A.1.6.1	96.4	365	13	0	1	365	1	365	2.1e-205	711.1
BCW-200036_02871	gnl|TC-DB|P69783|4.A.1.1.1	98.2	169	3	0	1	169	1	169	1.6e-88	321.6
BCW-200036_02872	gnl|TC-DB|P08839|8.A.7.1.1	97.2	575	16	0	1	575	1	575	8.8e-312	1065.1
BCW-200036_02873	gnl|TC-DB|P0AA04|8.A.8.1.1	98.8	85	1	0	1	85	1	85	3.1e-40	160.2
BCW-200036_02875	gnl|TC-DB|P0A6J3|2.A.121.1.1	89.7	253	26	0	1	253	1	253	5.3e-136	479.9
BCW-200036_02879	gnl|TC-DB|P39836|2.A.28.3.4	90.7	332	31	0	1	332	1	332	2.7e-164	574.3
BCW-200036_02889	gnl|TC-DB|P0AFF2|2.A.41.1.1	97.8	400	9	0	1	400	1	400	2.7e-206	714.1
BCW-200036_02890	gnl|TC-DB|P0A769|2.A.55.3.1	94.7	412	22	0	1	412	1	412	4.7e-214	740.0
BCW-200036_02894	gnl|TC-DB|P19642|4.A.1.1.3	34.8	511	315	6	10	509	16	519	5.2e-85	311.6
BCW-200036_02896	gnl|TC-DB|P63144|8.A.5.1.3	34.7	323	200	6	13	328	71	389	1.5e-45	179.9
BCW-200036_02898	gnl|TC-DB|H5KWQ5|2.A.49.7.1	83.6	408	67	0	1	408	1	408	1.2e-188	655.6
BCW-200036_02900	gnl|TC-DB|P69808|4.A.2.1.11	96.3	108	4	0	1	108	1	108	3.5e-52	200.3
BCW-200036_02901	gnl|TC-DB|P77579|4.A.2.1.11	94.2	415	24	0	1	415	1	415	2.4e-218	754.2
BCW-200036_02904	gnl|TC-DB|P77439|4.A.2.1.11	87.0	831	108	0	1	831	1	831	0.0e+00	1441.0
BCW-200036_02907	gnl|TC-DB|B3XQE5|9.B.33.1.2	31.3	578	356	11	28	572	3	572	8.2e-71	264.6
BCW-200036_02912	gnl|TC-DB|P12681|2.A.1.4.2	91.1	463	41	0	1	463	1	463	8.3e-244	839.0
BCW-200036_02917	gnl|TC-DB|M3JA40|1.B.52.2.1	31.1	228	136	5	419	632	240	460	2.8e-16	83.6
BCW-200036_02921	gnl|TC-DB|P37327|1.A.16.4.1	87.1	310	40	0	4	313	1	310	5.2e-149	523.5
BCW-200036_02922	gnl|TC-DB|P76506|3.A.1.27.3	92.8	251	18	0	1	251	1	251	4.9e-142	500.0
BCW-200036_02923	gnl|TC-DB|P10384|1.B.9.1.1	74.9	450	85	4	1	426	1	446	1.2e-193	672.2
BCW-200036_02932	gnl|TC-DB|P0AD30|2.A.102.3.1	88.8	269	30	0	1	269	1	269	5.9e-133	469.9
BCW-200036_02941	gnl|TC-DB|P77549|2.A.1.46.6	86.5	392	53	0	1	392	1	392	2.0e-190	661.4
BCW-200036_02946	gnl|TC-DB|P0ABP6|9.B.27.2.3	89.0	219	24	0	1	219	1	219	1.4e-108	388.7
BCW-200036_02950	gnl|TC-DB|P08550|9.B.160.1.16	94.4	161	9	0	44	204	1	161	1.2e-80	295.8
BCW-200036_02953	gnl|TC-DB|P09551|3.A.1.3.1	92.3	260	20	0	1	260	1	260	2.1e-135	478.0
BCW-200036_02954	gnl|TC-DB|P0AEU0|3.A.1.3.29	97.7	260	6	0	1	260	1	260	1.5e-141	498.4
BCW-200036_02955	gnl|TC-DB|P0A2I9|3.A.1.3.1	93.4	228	15	0	1	228	1	228	1.7e-112	401.7
BCW-200036_02956	gnl|TC-DB|P0A2I7|3.A.1.3.1	95.3	235	11	0	1	235	1	235	4.4e-124	440.3
BCW-200036_02957	gnl|TC-DB|P07109|3.A.1.3.29	96.5	257	9	0	1	257	1	257	8.4e-137	482.6
BCW-200036_02962	gnl|TC-DB|B7LBF5|1.A.12.3.2	77.9	213	47	0	1	213	1	213	1.5e-94	342.0
BCW-200036_02965	gnl|TC-DB|P39263|2.A.118.1.8	93.5	414	27	0	1	414	93	506	3.5e-217	750.4
BCW-200036_02966	gnl|TC-DB|P39263|2.A.118.1.8	88.8	89	10	0	1	89	1	89	3.6e-42	166.8
BCW-200036_02972	gnl|TC-DB|P0AFU2|2.A.47.4.8	89.0	610	67	0	1	610	1	610	6.7e-302	1032.3
BCW-200036_02976	gnl|TC-DB|P0AFC3|3.D.1.1.1	98.0	147	3	0	1	147	1	147	2.5e-77	284.3
BCW-200036_02977	gnl|TC-DB|P0AFC7|3.D.1.1.1	99.1	220	2	0	1	220	1	220	1.6e-128	454.9
BCW-200036_02978	gnl|TC-DB|P33599|3.D.1.1.1	93.1	596	41	0	5	600	1	596	0.0e+00	1179.9
BCW-200036_02979	gnl|TC-DB|P0AFD1|3.D.1.1.1	98.2	166	3	0	1	166	1	166	2.5e-94	340.9
BCW-200036_02980	gnl|TC-DB|P31979|3.D.1.1.1	98.0	445	9	0	1	445	1	445	6.7e-267	915.6
BCW-200036_02981	gnl|TC-DB|P33602|3.D.1.1.1	92.5	908	68	0	4	911	1	908	0.0e+00	1708.3
BCW-200036_02982	gnl|TC-DB|P0AFD4|3.D.1.1.1	95.7	325	14	0	1	325	1	325	1.1e-178	622.1
BCW-200036_02983	gnl|TC-DB|P0AFD6|3.D.1.1.1	98.3	180	3	0	1	180	1	180	6.4e-91	329.7
BCW-200036_02984	gnl|TC-DB|P0AFE0|3.D.1.1.1	97.3	184	5	0	1	184	1	184	1.9e-90	328.2
BCW-200036_02985	gnl|TC-DB|P0AFE4|3.D.1.1.1	99.0	100	1	0	1	100	1	100	3.1e-31	130.6
BCW-200036_02986	gnl|TC-DB|P33607|3.D.1.1.1	95.1	613	30	0	1	613	1	613	0.0e+00	1150.6
BCW-200036_02987	gnl|TC-DB|P0AFE8|3.D.1.1.1	95.1	509	25	0	1	509	1	509	5.1e-279	956.1
BCW-200036_02988	gnl|TC-DB|P0AFF0|3.D.1.1.1	95.3	485	23	0	1	485	1	485	8.7e-252	865.5
BCW-200036_03000	gnl|TC-DB|P76474|2.A.7.22.1	63.0	127	47	0	1	127	1	127	6.2e-40	159.8
BCW-200036_03001	gnl|TC-DB|P81891|2.A.7.22.2	75.5	110	27	0	1	110	1	110	7.5e-42	166.0
BCW-200036_03002	gnl|TC-DB|p76473|9.B.142.2.9	72.1	549	152	1	4	552	3	550	1.2e-236	815.5
BCW-200036_03005	gnl|TC-DB|P77757|4.D.2.1.8	87.8	320	39	0	1	320	1	320	1.5e-159	558.5
BCW-200036_03008	gnl|TC-DB|Q8XE01|1.B.68.1.1	55.0	180	81	0	1	180	8	187	1.3e-46	182.6
BCW-200036_03012	gnl|TC-DB|P76470|2.A.1.14.35	92.1	429	34	0	1	429	1	429	1.3e-222	768.5
BCW-200036_03018	gnl|TC-DB|P08194|2.A.1.4.3	97.4	421	11	0	1	421	1	421	1.5e-245	844.7
BCW-200036_03026	gnl|TC-DB|P76460|2.A.73.1.1	94.3	440	25	0	1	440	1	440	1.0e-235	812.0
BCW-200036_03029	gnl|TC-DB|Q9KN48|3.A.23.1.1	37.6	415	217	7	70	450	115	521	5.5e-62	235.0
BCW-200036_03030	gnl|TC-DB|Q9HV74|2.A.21.9.1	29.8	382	240	13	276	644	611	977	7.5e-33	138.7
BCW-200036_03034	gnl|TC-DB|P06996|1.B.1.1.3	78.4	380	63	4	1	374	1	367	1.2e-168	589.0
BCW-200036_03038	gnl|TC-DB|P33941|3.A.1.113.3	92.9	547	39	0	1	547	1	547	1.0e-288	988.4
BCW-200036_03039	gnl|TC-DB|Q5SMG8|1.A.26.1.2	31.0	339	231	2	141	477	110	447	8.5e-42	167.9
BCW-200036_03040	gnl|TC-DB|Q1J2S8|2.A.53.3.13	49.2	384	181	4	14	389	4	381	5.2e-88	321.2
BCW-200036_03049	gnl|TC-DB|D5CMP8|5.B.5.1.2	59.0	188	76	1	5	191	2	189	7.9e-66	246.5
BCW-200036_03050	gnl|TC-DB|Q8XE58|3.A.1.107.3	86.3	204	28	0	1	204	3	206	1.0e-100	362.5
BCW-200036_03051	gnl|TC-DB|P0ABM0|3.A.1.107.3	95.4	219	10	0	1	219	2	220	1.8e-87	318.5
BCW-200036_03052	gnl|TC-DB|P0ABM1|9.B.14.2.3	92.7	245	18	0	1	245	1	245	3.2e-130	460.7
BCW-200036_03053	gnl|TC-DB|P0ABM7|3.A.1.107.3	78.6	70	14	1	1	70	1	69	2.2e-23	104.0
BCW-200036_03055	gnl|TC-DB|P33927|9.B.14.1.3	87.7	651	76	1	1	651	1	647	0.0e+00	1151.0
BCW-200036_03066	gnl|TC-DB|P28246|2.A.1.2.7	91.7	396	33	0	1	396	1	396	3.1e-199	690.6
BCW-200036_03068	gnl|TC-DB|Q8ZNJ8|3.A.1.5.24	90.2	529	52	0	1	529	1	529	5.2e-266	912.9
BCW-200036_03069	gnl|TC-DB|P33915|3.A.1.5.21	94.4	341	19	0	1	341	1	341	1.0e-174	609.0
BCW-200036_03070	gnl|TC-DB|P0AFU1|3.A.1.5.21	95.9	364	15	0	1	364	1	364	1.9e-198	688.0
BCW-200036_03071	gnl|TC-DB|Q8ZNK0|3.A.1.5.24	89.5	601	63	0	1	601	1	601	0.0e+00	1141.7
BCW-200036_03073	gnl|TC-DB|E9RJ18|3.A.7.13.2	38.9	108	55	4	83	180	254	360	9.5e-13	70.1
BCW-200036_03079	gnl|TC-DB|P33226|5.A.3.4.1	51.5	342	164	1	29	370	38	377	1.6e-99	359.4
BCW-200036_03080	gnl|TC-DB|P33225|5.A.3.4.1	56.3	813	344	4	6	808	7	818	2.8e-282	967.6
BCW-200036_03084	gnl|TC-DB|P33026|2.A.1.20.2	88.5	393	45	0	1	393	1	393	8.1e-200	692.6
BCW-200036_03085	gnl|TC-DB|P69811|4.A.2.1.1	90.2	376	37	0	1	376	1	376	1.3e-186	648.7
BCW-200036_03087	gnl|TC-DB|P20966|4.A.2.1.1	92.4	563	42	1	1	562	1	563	7.7e-260	892.5
BCW-200036_03088	gnl|TC-DB|P0ABN5|2.A.13.1.1	48.5	429	218	3	1	427	1	428	1.2e-100	363.2
BCW-200036_03094	gnl|TC-DB|P33024|2.A.41.2.9	94.7	416	22	0	1	416	1	416	1.1e-194	675.6
BCW-200036_03097	gnl|TC-DB|P62723|2.A.98.1.3	90.3	349	34	0	1	349	1	349	3.2e-171	597.4
BCW-200036_03099	gnl|TC-DB|P25737|2.A.3.1.2	94.9	489	25	0	1	489	1	489	2.9e-271	930.2
BCW-200036_03100	gnl|TC-DB|P17315|1.B.14.1.4	35.5	685	381	17	9	661	8	663	4.2e-100	362.1
BCW-200036_03103	gnl|TC-DB|P25747|9.B.169.1.2	84.4	385	60	0	1	385	1	385	1.2e-192	668.7
BCW-200036_03105	gnl|TC-DB|P0AEE5|3.A.1.2.3	95.8	332	14	0	1	332	1	332	1.9e-181	631.3
BCW-200036_03106	gnl|TC-DB|P0AAG8|3.A.1.2.3	95.8	506	21	0	1	506	1	506	4.9e-282	966.1
BCW-200036_03107	gnl|TC-DB|P23200|3.A.1.2.3	95.2	336	16	0	1	336	1	336	6.8e-163	569.7
BCW-200036_03111	gnl|TC-DB|P0AFY2|9.B.114.1.1	91.2	239	21	0	1	239	1	239	1.9e-122	434.9
BCW-200036_03113	gnl|TC-DB|C6EAH0|2.A.122.1.1	91.3	231	20	0	1	231	1	231	1.6e-110	395.2
BCW-200036_03114	gnl|TC-DB|F4V3T5|1.E.14.1.4	92.4	132	10	0	1	132	4	135	3.9e-45	177.2
BCW-200036_03116	gnl|TC-DB|Q51955|2.A.1.15.1	42.9	436	247	2	6	439	13	448	3.9e-97	351.7
BCW-200036_03123	gnl|TC-DB|P33369|1.B.17.3.10	80.8	452	87	0	1	452	25	476	4.0e-206	713.8
BCW-200036_03124	gnl|TC-DB|E4PCL6|9.B.27.2.7	84.4	186	29	0	1	186	1	186	5.1e-91	330.1
BCW-200036_03129	gnl|TC-DB|P33362|3.A.1.12.15	90.2	305	30	0	1	305	1	305	8.9e-154	539.3
BCW-200036_03130	gnl|TC-DB|P33361|3.A.1.12.15	73.7	380	100	0	9	388	6	385	5.7e-145	510.4
BCW-200036_03131	gnl|TC-DB|P33360|3.A.1.12.15	86.6	307	41	0	1	307	1	307	7.8e-153	536.2
BCW-200036_03132	gnl|TC-DB|P33359|3.A.1.12.15	82.3	243	43	0	1	243	1	243	2.8e-102	367.9
BCW-200036_03135	gnl|TC-DB|Q81JL2|9.B.33.1.1	29.8	581	370	8	5	556	3	574	1.7e-73	273.5
BCW-200036_03140	gnl|TC-DB|A0L4L0|3.A.1.132.3	39.0	351	175	8	14	350	4	329	9.4e-57	217.2
BCW-200036_03144	gnl|TC-DB|P33341|1.B.11.3.11	64.9	828	289	1	1	828	1	826	0.0e+00	1155.6
BCW-200036_03146	gnl|TC-DB|P64534|2.A.113.1.1	78.2	110	22	1	1	108	3	112	1.3e-46	181.8
BCW-200036_03152	gnl|TC-DB|P76417|2.A.1.10.4	95.3	425	20	0	1	425	1	425	2.5e-234	807.4
BCW-200036_03155	gnl|TC-DB|P30860|3.A.1.3.3	90.5	243	23	0	1	243	1	243	3.3e-127	450.7
BCW-200036_03156	gnl|TC-DB|P0AE30|3.A.1.3.3	95.0	222	11	0	1	222	1	222	2.0e-102	368.2
BCW-200036_03157	gnl|TC-DB|P0AE34|3.A.1.3.3	96.2	237	9	0	1	237	1	237	2.6e-124	441.0
BCW-200036_03158	gnl|TC-DB|P30859|3.A.1.3.3	95.9	243	10	0	1	243	1	243	4.8e-134	473.4
BCW-200036_03159	gnl|TC-DB|P0AAF6|3.A.1.3.3	96.3	242	9	0	1	242	1	242	1.1e-130	462.2
BCW-200036_03171	gnl|TC-DB|P75826|2.A.124.1.1	88.0	299	36	0	1	299	1	299	3.6e-139	490.7
BCW-200036_03172	gnl|TC-DB|P60844|1.A.8.3.1	91.3	231	20	0	1	231	1	231	7.8e-118	419.5
BCW-200036_03175	gnl|TC-DB|P75830|3.A.1.122.1	78.6	369	79	0	1	369	1	369	1.7e-154	542.0
BCW-200036_03176	gnl|TC-DB|P75831|3.A.1.122.1	87.3	648	82	0	1	648	1	648	0.0e+00	1084.7
BCW-200036_03179	gnl|TC-DB|Q9SXJ7|3.A.9.1.2	38.0	801	408	11	17	738	133	923	5.7e-149	524.6
BCW-200036_03184	gnl|TC-DB|P36554|2.A.1.3.26	89.3	469	50	0	1	469	1	469	9.7e-232	798.9
BCW-200036_03185	gnl|TC-DB|P76399|2.A.6.2.12	93.4	1025	68	0	1	1025	1	1025	0.0e+00	1804.6
BCW-200036_03186	gnl|TC-DB|P76398|2.A.6.2.12	93.0	1040	73	0	1	1040	1	1040	0.0e+00	1806.6
BCW-200036_03187	gnl|TC-DB|P76397|8.A.1.6.2	85.3	415	61	0	1	415	1	415	2.3e-192	667.9
BCW-200036_03190	gnl|TC-DB|Q1J0W6|9.B.34.1.1	37.3	169	90	5	692	857	190	345	1.9e-15	81.6
BCW-200036_03193	gnl|TC-DB|Q8Z5G2|9.B.22.2.2	77.2	618	139	2	1	616	1	618	4.4e-277	949.9
BCW-200036_03194	gnl|TC-DB|L5DDD7|2.A.109.2.3	90.3	527	51	0	7	533	370	896	4.1e-263	903.3
BCW-200036_03195	gnl|TC-DB|P0A930|1.B.18.3.1	91.6	379	32	0	1	379	1	379	3.6e-205	710.3
BCW-200036_03197	gnl|TC-DB|P76387|8.A.3.3.2	87.6	720	89	0	1	720	1	720	0.0e+00	1225.7
BCW-200036_03210	gnl|TC-DB|G0CIY2|9.B.18.1.1	37.9	428	248	7	51	464	61	484	2.1e-77	286.2
BCW-200036_03211	gnl|TC-DB|P77377|2.A.66.2.7	86.2	492	68	0	1	492	1	492	3.5e-232	800.4
BCW-200036_03221	gnl|TC-DB|Q9HTB8|3.A.1.103.6	25.8	248	181	1	10	257	2	246	4.2e-25	111.7
BCW-200036_03222	gnl|TC-DB|Q9I3V8|3.A.1.103.6	36.2	437	232	8	12	444	12	405	2.4e-62	236.1
BCW-200036_03223	gnl|TC-DB|Q50864|4.D.1.3.4	35.0	512	318	9	902	1405	302	806	4.8e-80	296.6
BCW-200036_03243	gnl|TC-DB|P0AA47|2.A.3.1.14	97.1	453	12	1	1	453	1	452	2.1e-247	850.9
BCW-200036_03245	gnl|TC-DB|P37600|5.A.3.5.1	88.3	758	88	1	1	757	1	758	0.0e+00	1382.5
BCW-200036_03246	gnl|TC-DB|P0A1I1|5.A.3.5.1	85.8	190	27	0	1	190	1	190	1.2e-100	362.1
BCW-200036_03247	gnl|TC-DB|P37602|5.A.3.5.1	85.4	253	32	1	1	253	1	248	5.4e-128	453.4
BCW-200036_03250	gnl|TC-DB|P33011|2.A.85.7.1	79.5	352	72	0	1	352	1	352	4.2e-163	570.5
BCW-200036_03273	gnl|TC-DB|P0AER0|1.A.8.1.1	69.2	266	82	0	4	269	6	271	6.5e-108	386.7
BCW-200036_03276	gnl|TC-DB|Q8PVB2|9.B.125.2.2	33.3	321	188	6	4	311	11	318	1.2e-39	160.2
BCW-200036_03287	gnl|TC-DB|Q05594|3.A.1.23.6	93.9	245	15	0	1	245	1	245	5.2e-128	453.4
BCW-200036_03288	gnl|TC-DB|Q05595|3.A.1.23.6	94.4	36	2	0	58	93	58	93	3.6e-13	70.5
BCW-200036_03289	gnl|TC-DB|Q05598|3.A.1.23.6	83.1	225	38	0	1	225	1	225	6.7e-106	379.8
BCW-200036_03290	gnl|TC-DB|Q05596|3.A.1.23.6	84.5	271	42	0	1	271	1	271	4.8e-135	476.9
BCW-200036_03296	gnl|TC-DB|Q82VN5|3.A.1.10.4	56.1	212	91	1	6	217	5	214	1.1e-60	229.6
BCW-200036_03297	gnl|TC-DB|Q55534|3.A.1.10.2	37.4	551	331	6	10	553	2	545	2.3e-91	332.8
BCW-200036_03298	gnl|TC-DB|P72827|3.A.1.10.2	38.7	318	190	4	29	343	44	359	1.4e-57	219.9
BCW-200036_03303	gnl|TC-DB|Q6RW54|1.B.1.1.12	65.0	363	112	7	1	353	1	358	2.6e-128	454.9
BCW-200036_03307	gnl|TC-DB|p0aa70|2.A.7.3.22	90.3	300	27	1	1	300	1	298	3.8e-144	507.3
BCW-200036_03313	gnl|TC-DB|P54702|3.A.6.2.1	89.2	259	28	0	1	259	1	259	4.1e-123	437.2
BCW-200036_03314	gnl|TC-DB|P0A1L5|3.A.6.2.1	97.8	89	2	0	1	89	1	89	1.1e-38	155.2
BCW-200036_03315	gnl|TC-DB|P54700|3.A.6.2.1	94.7	245	13	0	1	245	1	245	1.2e-121	432.2
BCW-200036_03316	gnl|TC-DB|P0A1L1|3.A.6.2.1	79.8	124	25	0	1	124	2	125	7.3e-46	179.5
BCW-200036_03317	gnl|TC-DB|P26419|3.A.6.2.1	97.8	137	3	0	1	137	1	137	4.0e-69	256.9
BCW-200036_03322	gnl|TC-DB|P26465|3.A.6.2.1	94.1	456	27	0	1	456	1	456	1.3e-244	841.6
BCW-200036_03323	gnl|TC-DB|P15934|3.A.6.2.1	88.9	235	26	0	1	235	1	235	2.6e-76	281.6
BCW-200036_03325	gnl|TC-DB|P15928|3.A.6.2.1	88.6	560	64	0	1	560	1	560	1.1e-269	925.2
BCW-200036_03328	gnl|TC-DB|P31064|9.B.102.1.1	93.0	399	28	0	1	399	1	399	1.1e-223	771.9
BCW-200036_03338	gnl|TC-DB|P0AEM9|3.A.1.3.10	93.6	266	17	0	1	266	1	266	7.1e-139	489.6
BCW-200036_03340	gnl|TC-DB|P0AFT2|3.A.1.3.10	93.7	222	14	0	1	222	1	222	2.9e-109	391.0
BCW-200036_03341	gnl|TC-DB|P37774|3.A.1.3.10	94.8	250	13	0	1	250	1	250	5.7e-130	459.9
BCW-200036_03346	gnl|TC-DB|K0WKG7|4.F.1.1.8	59.2	179	69	2	4	179	2	179	5.0e-51	197.2
BCW-200036_03354	gnl|TC-DB|P0AB93|3.A.4.1.1	88.6	429	49	0	1	429	1	429	5.9e-212	733.0
BCW-200036_03360	gnl|TC-DB|Q57347|1.A.72.1.3	37.4	91	57	0	26	116	5	95	5.9e-13	70.1
BCW-200036_03363	gnl|TC-DB|P0AAD4|2.A.42.1.1	91.1	403	36	0	1	403	1	403	1.5e-201	698.4
BCW-200036_03368	gnl|TC-DB|P31474|2.A.1.3.51	34.2	442	285	2	8	449	4	439	1.7e-74	276.6
BCW-200036_03372	gnl|TC-DB|P02924|3.A.1.2.2	93.3	329	22	0	1	329	1	329	1.5e-178	621.7
BCW-200036_03373	gnl|TC-DB|P0AAF3|3.A.1.2.2	94.4	504	28	0	1	504	1	504	1.2e-277	951.4
BCW-200036_03374	gnl|TC-DB|P0AE26|3.A.1.2.2	92.7	328	24	0	1	328	1	328	7.6e-151	529.6
BCW-200036_03380	gnl|TC-DB|P09348|1.A.30.1.1	92.2	295	23	0	1	295	1	295	1.2e-147	518.8
BCW-200036_03381	gnl|TC-DB|P0AF06|1.A.30.1.1	89.6	309	31	1	1	309	1	308	3.1e-154	540.8
BCW-200036_03384	gnl|TC-DB|P96603|2.A.23.1.6	36.4	412	240	6	7	410	7	404	1.8e-67	253.1
BCW-200036_03393	gnl|TC-DB|P40727|3.A.6.2.1	94.0	383	23	0	1	383	1	383	4.5e-203	703.4
BCW-200036_03394	gnl|TC-DB|P40729|3.A.6.2.1	97.0	692	21	0	1	692	1	692	0.0e+00	1263.1
BCW-200036_03396	gnl|TC-DB|Q6D188|2.A.2.5.2	83.4	512	85	0	1	512	1	512	8.9e-242	832.4
BCW-200036_03401	gnl|TC-DB|P67826|9.B.158.1.2	81.8	247	45	0	1	247	1	247	9.6e-114	406.0
BCW-200036_03419	gnl|TC-DB|P76269|2.A.1.3.17	90.2	457	45	0	1	457	1	457	4.2e-224	773.5
BCW-200036_03427	gnl|TC-DB|P76264|2.A.107.1.1	92.0	188	15	0	1	188	1	188	2.0e-95	344.7
BCW-200036_03429	gnl|TC-DB|P69805|4.A.6.1.1	94.0	283	17	0	1	283	4	286	9.5e-150	525.8
BCW-200036_03430	gnl|TC-DB|P69801|4.A.6.1.1	94.4	266	15	0	1	266	1	266	1.9e-131	464.9
BCW-200036_03431	gnl|TC-DB|P69797|4.A.6.1.1	93.5	321	19	1	1	319	1	321	1.4e-157	552.0
BCW-200036_03432	gnl|TC-DB|L5DDD7|2.A.109.2.3	48.7	519	252	7	1	509	370	884	2.3e-117	419.1
BCW-200036_03442	gnl|TC-DB|P69451|4.C.1.1.4	95.4	560	26	0	23	582	1	560	0.0e+00	1083.9
BCW-200036_03446	gnl|TC-DB|P0ABD2|2.A.15.2.3	88.0	482	53	2	56	533	1	481	3.9e-245	843.6
BCW-200036_03458	gnl|TC-DB|P0A6M2|5.A.2.1.1	84.1	176	28	0	1	176	1	176	8.4e-88	319.3
BCW-200036_03459	gnl|TC-DB|P0AFA7|2.A.34.1.1	89.1	513	56	0	1	513	1	513	5.4e-252	866.3
BCW-200036_03464	gnl|TC-DB|P76007|2.A.36.6.11	93.3	578	39	0	1	578	1	578	1.1e-304	1041.6
BCW-200036_03468	gnl|TC-DB|A6TAG3|1.E.43.1.1	69.5	82	24	1	1	82	1	81	4.4e-26	113.2
BCW-200036_03469	gnl|TC-DB|660511454|1.B.14.4.3	84.0	656	105	0	1	656	1	656	0.0e+00	1156.4
BCW-200036_03472	gnl|TC-DB|Q57399|3.A.1.14.11	33.3	237	143	3	4	239	5	227	3.2e-32	135.2
BCW-200036_03473	gnl|TC-DB|Q57130|3.A.1.14.11	39.8	327	185	6	8	327	11	332	7.3e-53	204.1
BCW-200036_03481	gnl|TC-DB|Q6XBY3|1.B.11.6.1	27.8	729	479	18	65	758	110	826	1.1e-70	264.6
BCW-200036_03494	gnl|TC-DB|P80874|8.A.5.1.4	35.3	167	84	7	7	153	8	170	4.7e-16	81.6
BCW-200036_03497	gnl|TC-DB|P20166|4.A.1.1.9	43.2	518	277	6	4	512	5	514	2.4e-114	409.1
BCW-200036_03501	gnl|TC-DB|P0ADM0|9.B.51.1.1	45.9	109	58	1	20	127	7	115	3.5e-22	100.9
BCW-200036_03519	gnl|TC-DB|P0AFR2|2.A.53.3.11	93.8	550	34	0	1	550	10	559	1.7e-259	891.3
BCW-200036_03522	gnl|TC-DB|P61320|1.B.46.1.1	88.9	207	23	0	1	207	1	207	2.3e-108	387.9
BCW-200036_03529	gnl|TC-DB|P31801|2.A.19.1.1	89.6	366	38	0	1	366	1	366	3.9e-172	600.5
BCW-200036_03534	gnl|TC-DB|P39165|1.B.54.1.9	71.5	445	127	0	3	447	17	461	6.0e-191	663.3
BCW-200036_03537	gnl|TC-DB|P10903|2.A.1.8.1	92.9	463	33	0	1	463	1	463	1.5e-248	854.7
BCW-200036_03538	gnl|TC-DB|P09152|5.A.3.1.1	95.8	1247	52	0	1	1247	1	1247	0.0e+00	2536.5
BCW-200036_03539	gnl|TC-DB|P11349|5.A.3.1.1	92.6	511	38	0	1	511	1	511	3.0e-295	1010.0
BCW-200036_03541	gnl|TC-DB|P11350|5.A.3.1.1	93.8	225	14	0	1	225	1	225	2.5e-121	431.0
BCW-200036_03557	gnl|TC-DB|P0AF43|2.A.58.2.1	93.6	543	35	0	1	543	1	543	6.5e-272	932.6
BCW-200036_03563	gnl|TC-DB|Q9K0A9|2.A.28.2.4	45.0	302	164	1	7	306	13	314	1.6e-65	246.1
BCW-200036_03569	gnl|TC-DB|D8EPC3|1.B.14.16.4	92.1	698	55	0	1	698	1	698	0.0e+00	1349.7
BCW-200036_03572	gnl|TC-DB|P68183|3.A.1.1.1	93.9	296	18	0	1	296	1	296	2.3e-154	541.2
BCW-200036_03573	gnl|TC-DB|P02916|3.A.1.1.1	91.2	514	45	0	1	514	1	514	3.8e-274	939.9
BCW-200036_03574	gnl|TC-DB|P0AEX9|3.A.1.1.1	95.2	396	19	0	1	396	1	396	1.4e-223	771.5
BCW-200036_03575	gnl|TC-DB|P68187|3.A.1.1.1	95.1	371	16	1	1	369	1	371	1.4e-201	698.4
BCW-200036_03576	gnl|TC-DB|P02943|1.B.3.1.1	78.7	456	82	4	1	452	2	446	2.1e-215	744.6
BCW-200036_03583	gnl|TC-DB|P28303|2.A.66.1.4	92.5	439	33	0	1	439	19	457	1.8e-219	758.1
BCW-200036_03601	gnl|TC-DB|P0AF52|2.A.40.7.5	96.4	449	16	0	1	449	1	449	3.1e-227	783.9
BCW-200036_03602	gnl|TC-DB|P32703|2.A.36.3.1	94.1	546	32	0	1	546	1	546	4.5e-281	963.0
BCW-200036_03604	gnl|TC-DB|E7UC95|1.E.14.1.9	83.0	135	23	0	1	135	1	135	4.1e-58	220.3
BCW-200036_03605	gnl|TC-DB|P60643|2.A.122.1.3	30.3	195	136	0	35	229	39	233	4.5e-17	84.7
BCW-200036_03606	gnl|TC-DB|P32705|2.A.21.7.2	95.8	549	23	0	1	549	1	549	6.3e-291	995.7
BCW-200036_03607	gnl|TC-DB|P0AF54|9.B.136.1.1	88.5	104	12	0	1	104	1	104	1.2e-46	181.8
BCW-200036_03608	gnl|TC-DB|P31552|4.C.1.1.6	24.5	531	363	17	90	616	21	517	2.5e-28	123.6
BCW-200036_03611	gnl|TC-DB|P31076|5.A.3.5.2	53.2	188	84	3	36	221	4	189	1.3e-56	216.1
BCW-200036_03612	gnl|TC-DB|P31077|5.A.3.5.2	39.0	313	180	3	9	317	11	316	1.4e-45	179.9
BCW-200036_03613	gnl|TC-DB|P33927|9.B.14.1.3	38.5	615	314	6	2	552	12	626	6.6e-102	367.9
BCW-200036_03616	gnl|TC-DB|P21345|2.A.23.1.1	95.4	437	20	0	1	437	1	437	4.0e-224	773.5
BCW-200036_03618	gnl|TC-DB|P07658|3.D.1.9.2	94.4	558	31	0	1	558	157	714	0.0e+00	1091.3
BCW-200036_03619	gnl|TC-DB|P07658|3.D.1.9.2	97.1	139	4	0	1	139	1	139	1.5e-76	281.6
BCW-200036_03624	gnl|TC-DB|A8YQR5|3.A.23.2.1	22.9	537	358	13	12	529	2	501	4.5e-22	103.2
BCW-200036_03637	gnl|TC-DB|Q9KN48|3.A.23.1.1	37.0	351	211	3	124	466	177	525	6.8e-52	201.4
BCW-200036_03641	gnl|TC-DB|P76773|1.B.35.2.2	90.9	230	21	0	1	230	1	230	1.2e-126	448.7
BCW-200036_03642	gnl|TC-DB|P32137|2.A.2.3.9	67.0	452	147	1	5	454	8	459	2.1e-181	631.7
BCW-200036_03643	gnl|TC-DB|P32137|2.A.2.3.9	93.0	455	32	0	4	458	5	459	1.1e-248	855.1
BCW-200036_03652	gnl|TC-DB|P0A8K8|9.B.126.2.1	93.4	259	17	0	1	259	32	290	2.9e-121	431.0
BCW-200036_03661	gnl|TC-DB|P0AEK7|5.A.3.2.1	46.2	210	111	1	1	208	1	210	2.5e-54	208.4
BCW-200036_03662	gnl|TC-DB|P0AAJ3|5.A.3.2.1	77.6	294	66	0	1	294	1	294	2.8e-144	507.7
BCW-200036_03663	gnl|TC-DB|P24183|5.A.3.2.1	76.5	803	188	1	1	803	213	1014	0.0e+00	1341.6
BCW-200036_03664	gnl|TC-DB|P24183|5.A.3.2.1	81.0	195	37	0	1	195	1	195	2.3e-94	341.3
BCW-200036_03669	gnl|TC-DB|P32154|4.A.2.1.25	93.4	483	30	1	1	481	1	483	7.3e-251	862.4
BCW-200036_03670	gnl|TC-DB|P32155|4.A.2.1.25	78.4	148	32	0	1	148	1	148	2.5e-69	257.7
BCW-200036_03672	gnl|TC-DB|Q1D212|2.A.78.2.3	36.4	231	118	2	13	214	14	244	2.3e-34	142.1
BCW-200036_03674	gnl|TC-DB|P77076|1.B.15.1.1	62.9	466	170	3	1	465	1	464	1.2e-154	542.7
BCW-200036_03683	gnl|TC-DB|P69816|4.A.2.1.10	54.0	100	46	0	3	102	4	103	2.3e-24	107.8
BCW-200036_03684	gnl|TC-DB|P32672|4.A.2.1.10	38.0	324	190	4	20	342	15	328	4.7e-48	188.3
BCW-200036_03686	gnl|TC-DB|P32670|4.A.2.1.10	39.6	830	496	5	2	827	3	831	1.3e-162	570.1
BCW-200036_03687	gnl|TC-DB|A1S5F4|2.A.1.7.10	32.0	391	253	2	3	382	18	406	5.0e-48	188.3
BCW-200036_03690	gnl|TC-DB|P27125|2.A.7.6.1	87.8	344	42	0	1	344	1	344	3.7e-172	600.5
BCW-200036_03693	gnl|TC-DB|P0A712|2.A.10.1.2	90.8	327	30	0	1	327	1	327	4.2e-157	550.4
BCW-200036_03698	gnl|TC-DB|P32135|2.A.1.52.1	52.4	418	186	3	5	413	6	419	1.5e-119	426.0
BCW-200036_03702	gnl|TC-DB|P69380|2.A.4.7.1	94.2	295	17	0	1	295	1	295	1.5e-156	548.5
BCW-200036_03704	gnl|TC-DB|P0AG78|3.A.1.6.1	96.7	329	11	0	1	329	1	329	1.5e-186	648.3
BCW-200036_03709	gnl|TC-DB|B7MI53|9.B.124.2.2	90.9	143	13	0	1	143	1	143	9.6e-74	272.3
BCW-200036_03713	gnl|TC-DB|P0AER0|1.A.8.1.1	90.3	279	27	0	1	279	1	279	2.7e-149	524.2
BCW-200036_03728	gnl|TC-DB|Q9ZKE4|3.A.11.3.1	33.5	514	318	10	219	731	127	617	2.7e-71	266.5
BCW-200036_03730	gnl|TC-DB|D6DXH3|1.B.35.1.5	43.5	232	117	7	3	226	2	227	4.0e-42	167.9
BCW-200036_03731	gnl|TC-DB|P94488|2.A.2.3.2	26.7	454	318	9	16	466	6	447	1.0e-34	144.4
BCW-200036_03743	gnl|TC-DB|P32670|4.A.2.1.10	90.4	833	80	0	1	833	1	833	0.0e+00	1509.6
BCW-200036_03744	gnl|TC-DB|P32672|4.A.2.1.10	93.3	359	24	0	1	359	1	359	6.5e-180	626.3
BCW-200036_03745	gnl|TC-DB|P69816|4.A.2.1.10	96.2	106	4	0	1	106	1	106	3.5e-49	190.3
BCW-200036_03748	gnl|TC-DB|P32676|4.A.2.1.10	82.0	111	20	0	8	118	3	113	4.5e-45	176.8
BCW-200036_03762	gnl|TC-DB|P06129|1.B.14.3.1	85.0	614	90	1	1	612	1	614	0.0e+00	1102.0
BCW-200036_03764	gnl|TC-DB|P24559|3.A.15.2.1	46.4	308	162	1	1	305	1	308	2.0e-71	265.8
BCW-200036_03771	gnl|TC-DB|P0AEP1|2.A.1.1.1	94.6	464	25	0	1	464	1	464	4.5e-250	859.8
BCW-200036_03777	gnl|TC-DB|P69824|4.A.2.1.24	79.5	146	30	0	1	146	1	146	2.4e-59	224.6
BCW-200036_03778	gnl|TC-DB|P69826|4.A.2.1.24	88.9	458	51	0	1	458	1	458	4.1e-235	810.1
BCW-200036_03786	gnl|TC-DB|P0C0S1|1.A.23.2.1	92.6	283	21	0	1	283	1	283	2.5e-126	448.0
BCW-200036_03788	gnl|TC-DB|P11667|2.A.75.1.2	93.4	211	14	0	1	211	1	211	1.3e-111	398.7
BCW-200036_03809	gnl|TC-DB|Q86Z14|8.A.49.1.2	25.7	487	292	15	5	477	80	510	1.1e-36	151.0
BCW-200036_03812	gnl|TC-DB|P67153|1.C.113.1.10	94.1	219	13	0	1	219	1	219	2.7e-112	401.0
BCW-200036_03823	gnl|TC-DB|B7LEG0|1.A.34.1.2	41.3	264	103	4	35	246	116	379	7.6e-50	193.7
BCW-200036_03830	gnl|TC-DB|Q04976|1.B.18.2.1	92.7	355	26	0	1	355	1	355	1.2e-186	648.7
BCW-200036_03831	gnl|TC-DB|P43109|3.A.1.101.2	94.3	264	15	0	1	264	1	264	2.3e-137	484.6
BCW-200036_03832	gnl|TC-DB|P43110|3.A.1.101.2	94.4	231	13	0	1	231	1	231	3.2e-127	450.7
BCW-200036_03833	gnl|TC-DB|P43111|8.A.4.2.2	89.2	434	47	0	1	434	1	434	4.9e-206	713.4
BCW-200036_03836	gnl|TC-DB|P69434|1.B.55.1.1	43.5	810	435	10	15	820	17	807	1.0e-191	666.8
BCW-200036_03838	gnl|TC-DB|P75905|4.D.1.1.3	67.8	441	141	1	1	441	1	440	1.2e-178	622.5
BCW-200036_03850	gnl|TC-DB|P76425|2.A.113.1.1	67.9	296	72	1	1	296	1	273	1.9e-92	335.5
BCW-200036_03852	gnl|TC-DB|P63340|2.A.42.2.5	83.3	408	68	0	1	408	1	408	5.3e-178	620.2
BCW-200036_03853	gnl|TC-DB|Q8XG43|2.A.117.1.3	90.1	151	15	0	1	151	10	160	3.8e-73	270.4
BCW-200036_03862	gnl|TC-DB|P02925|3.A.1.2.1	25.4	280	185	8	60	326	27	295	1.3e-12	70.5
BCW-200036_03864	gnl|TC-DB|P31119|4.C.1.1.16	90.3	719	69	1	1	719	1	718	0.0e+00	1306.2
BCW-200036_03865	gnl|TC-DB|P39196|2.A.1.42.1	90.2	396	39	0	1	396	1	396	1.5e-193	671.8
BCW-200036_03866	gnl|TC-DB|P0A9T4|8.A.5.1.5	96.5	346	12	0	1	346	1	346	3.1e-195	677.2
BCW-200036_03868	gnl|TC-DB|L5DDD7|2.A.109.2.3	50.9	226	109	1	5	228	372	597	9.0e-61	229.9
BCW-200036_03871	gnl|TC-DB|Q9HY55|4.A.2.1.17	36.4	566	344	7	170	733	402	953	8.8e-86	314.7
BCW-200036_03881	gnl|TC-DB|Q6MDD6|3.A.7.16.1	26.6	557	328	14	41	590	219	701	4.0e-36	149.4
BCW-200036_03899	gnl|TC-DB|P04983|3.A.1.2.1	49.7	493	245	3	3	495	2	491	8.9e-127	450.3
BCW-200036_03900	gnl|TC-DB|A6VKS9|3.A.1.2.13	46.8	308	152	5	20	320	11	313	5.1e-62	234.6
BCW-200036_03901	gnl|TC-DB|Q7BSH5|3.A.1.2.9	25.0	276	200	5	13	284	15	287	1.1e-18	90.5
BCW-200036_03908	gnl|TC-DB|P0AAD6|2.A.42.2.1	93.5	429	28	0	1	429	1	429	3.5e-220	760.4
BCW-200036_03915	gnl|TC-DB|C4ZZU4|2.A.1.14.40	96.4	450	16	0	1	450	1	450	6.8e-251	862.4
BCW-200036_03919	gnl|TC-DB|Q93N33|2.A.21.9.2	31.1	273	165	8	265	522	752	1016	4.6e-20	96.7
BCW-200036_03926	gnl|TC-DB|P20166|4.A.1.1.9	46.8	524	250	10	12	518	4	515	5.8e-121	431.0
BCW-200036_03930	gnl|TC-DB|F4TJX1|2.A.1.52.2	90.9	419	38	0	1	419	1	419	3.9e-219	756.9
BCW-200036_03933	gnl|TC-DB|Q46909|2.A.1.1.95	90.9	449	37	1	1	449	1	445	6.2e-228	786.2
BCW-200036_03963	gnl|TC-DB|B7LEG0|1.A.34.1.2	91.8	281	22	1	37	317	100	379	2.1e-129	458.4
BCW-200036_03970	gnl|TC-DB|Q9XCR9|3.A.1.15.7	87.3	275	35	0	1	275	1	275	1.3e-127	452.2
BCW-200036_03971	gnl|TC-DB|Q9XCS0|3.A.1.15.7	93.2	279	19	0	1	279	1	279	6.6e-143	503.1
BCW-200036_03972	gnl|TC-DB|Q9XCS1|3.A.1.15.7	91.1	271	24	0	1	271	1	271	1.1e-139	492.3
BCW-200036_03973	gnl|TC-DB|Q9XCS2|3.A.1.15.7	84.3	305	48	0	1	305	1	305	3.9e-149	523.9
BCW-200036_03975	gnl|TC-DB|Q9KN48|3.A.23.1.1	39.4	322	186	4	330	644	143	462	2.9e-51	199.9
BCW-200036_03982	gnl|TC-DB|P0AAK3|3.D.1.9.2	95.6	203	9	0	1	203	1	203	6.5e-108	386.3
BCW-200036_03983	gnl|TC-DB|P16429|3.D.1.9.2	88.8	608	68	0	1	608	1	608	3.1e-307	1050.0
BCW-200036_03984	gnl|TC-DB|P16430|3.D.1.9.2	90.2	307	30	0	1	307	1	307	4.2e-151	530.4
BCW-200036_03985	gnl|TC-DB|P16431|3.D.1.9.2	97.2	569	16	0	1	569	1	569	0.0e+00	1145.2
BCW-200036_03986	gnl|TC-DB|P16432|3.D.1.9.2	96.1	179	7	0	1	179	1	179	3.1e-85	310.8
BCW-200036_03987	gnl|TC-DB|P16433|3.D.1.9.2	97.3	255	7	0	1	255	1	255	4.4e-146	513.5
BCW-200036_03992	gnl|TC-DB|Q9UEF7|8.A.49.1.1	26.8	488	293	16	4	470	61	505	1.6e-40	163.7
BCW-200036_03993	gnl|TC-DB|P24241|4.A.1.2.3	92.6	476	35	0	1	476	1	476	5.8e-240	826.2
BCW-200036_03995	gnl|TC-DB|Q5P036|5.A.3.11.1	32.5	169	89	7	5	156	5	165	4.7e-17	84.3
BCW-200036_03999	gnl|TC-DB|Q9KN48|3.A.23.1.1	43.7	261	141	2	187	446	193	448	2.6e-49	193.0
BCW-200036_04004	gnl|TC-DB|P05706|4.A.4.1.1	83.9	118	19	0	1	118	1	118	7.5e-56	212.6
BCW-200036_04005	gnl|TC-DB|P56580|4.A.4.1.1	91.6	323	23	1	1	323	1	319	7.3e-154	539.7
BCW-200036_04006	gnl|TC-DB|P56579|4.A.4.1.1	95.2	187	9	0	1	187	1	187	5.4e-101	363.2
BCW-200036_04018	gnl|TC-DB|E1P8P0|9.B.27.3.1	92.3	142	11	0	1	142	1	142	4.0e-72	266.9
BCW-200036_04021	gnl|TC-DB|P0AEJ0|2.A.1.3.2	95.3	512	24	0	1	512	1	512	9.7e-278	951.8
BCW-200036_04022	gnl|TC-DB|P27303|8.A.1.1.1	87.2	390	50	0	1	390	1	390	9.9e-182	632.5
BCW-200036_04024	gnl|TC-DB|P43667|2.A.78.1.3	87.4	111	14	0	1	111	1	111	9.8e-50	192.2
BCW-200036_04025	gnl|TC-DB|P76630|2.A.78.1.3	88.2	245	29	0	1	245	1	245	1.1e-117	419.1
BCW-200036_04026	gnl|TC-DB|P76628|2.A.1.36.3	91.4	394	34	0	1	394	1	394	6.1e-187	649.8
BCW-200036_04027	gnl|TC-DB|P0AFM2|3.A.1.12.1	83.1	331	55	1	1	331	1	330	7.7e-167	582.8
BCW-200036_04028	gnl|TC-DB|P14176|3.A.1.12.1	88.4	354	41	0	1	354	1	354	1.0e-169	592.4
BCW-200036_04029	gnl|TC-DB|P14175|3.A.1.12.1	93.5	400	26	0	1	400	1	400	2.5e-212	734.2
BCW-200036_04037	gnl|TC-DB|A8ANM6|2.A.104.1.1	92.6	149	11	0	1	149	1	149	5.8e-74	273.1
BCW-200036_04043	gnl|TC-DB|P0AE42|9.B.12.2.1	90.4	52	5	0	1	52	1	52	1.3e-23	104.4
BCW-200036_04046	gnl|TC-DB|P25527|2.A.3.1.4	93.5	465	30	0	1	465	1	465	3.5e-242	833.6
BCW-200036_04051	gnl|TC-DB|P0AFV2|9.B.20.1.4	37.2	129	79	2	19	147	6	132	3.6e-17	85.1
BCW-200036_04052	gnl|TC-DB|P76417|2.A.1.10.4	34.5	406	249	8	3	395	1	402	1.3e-51	200.3
BCW-200036_04057	gnl|TC-DB|Q9FA44|2.A.80.1.1	96.2	502	19	0	1	502	1	502	2.4e-257	884.0
BCW-200036_04058	gnl|TC-DB|Q9FA45|2.A.80.1.1	90.9	143	13	0	1	143	1	143	2.5e-74	274.2
BCW-200036_04059	gnl|TC-DB|Q9FA46|2.A.80.1.1	94.2	325	19	0	1	325	1	325	8.6e-179	622.5
BCW-200036_04063	gnl|TC-DB|P30130|1.B.11.3.9	35.3	876	517	16	7	847	17	877	1.7e-138	490.0
BCW-200036_04066	gnl|TC-DB|G0CIY2|9.B.18.1.1	46.1	280	148	2	195	471	205	484	3.4e-67	252.3
BCW-200036_04079	gnl|TC-DB|P96878|2.A.53.3.12	30.7	176	115	2	26	195	571	745	2.7e-24	108.6
BCW-200036_04081	gnl|TC-DB|P27611|2.A.35.1.1	32.2	454	299	3	18	471	9	453	6.1e-64	241.5
BCW-200036_04084	gnl|TC-DB|Q9KN48|3.A.23.1.1	47.9	242	125	1	268	509	193	433	4.6e-58	222.2
BCW-200036_04088	gnl|TC-DB|P39398|2.A.1.14.33	27.8	399	271	4	20	410	42	431	2.2e-41	166.4
BCW-200036_04094	gnl|TC-DB|P37637|2.A.6.2.13	87.0	1037	131	2	1	1035	1	1035	0.0e+00	1717.2
BCW-200036_04095	gnl|TC-DB|P37636|8.A.1.6.3	75.0	384	94	1	1	384	1	382	1.6e-160	562.0
BCW-200036_04099	gnl|TC-DB|Q9I2M0|3.A.1.109.4	40.9	367	210	5	29	390	29	393	1.8e-66	249.6
BCW-200036_04100	gnl|TC-DB|Q9I2M1|3.A.1.109.4	39.1	660	398	4	56	715	58	713	1.5e-122	436.8
BCW-200036_04102	gnl|TC-DB|Q7W286|1.B.54.1.5	25.8	621	365	22	3	610	1258	1795	6.6e-13	73.9
BCW-200036_04107	gnl|TC-DB|P0A937|1.B.33.1.3	92.9	113	8	0	1	113	1	113	1.4e-56	214.9
BCW-200036_04111	gnl|TC-DB|P37908|9.A.40.2.4	92.8	428	31	0	1	428	1	428	1.7e-211	731.5
BCW-200036_04112	gnl|TC-DB|P64432|9.B.14.3.6	92.4	263	20	0	1	263	1	263	1.5e-133	471.9
BCW-200036_04113	gnl|TC-DB|P0AGD7|3.A.5.1.1	94.9	453	23	0	1	453	1	453	2.5e-237	817.4
BCW-200036_04118	gnl|TC-DB|P07021|1.B.6.1.21	79.4	160	33	0	1	160	1	160	1.4e-70	261.9
BCW-200036_04119	gnl|TC-DB|Q1J0W6|9.B.34.1.1	33.5	164	103	3	242	405	188	345	7.8e-12	68.2
BCW-200036_04126	gnl|TC-DB|P0AC02|1.B.33.1.3	97.6	245	6	0	1	245	1	245	1.4e-136	481.9
BCW-200036_04129	gnl|TC-DB|Q9SXJ7|3.A.9.1.2	46.1	868	380	15	12	856	126	928	8.2e-205	710.3
BCW-200036_04147	gnl|TC-DB|Q6F754|2.A.15.1.9	52.3	663	304	6	7	665	1	655	1.5e-193	672.5
BCW-200036_04149	gnl|TC-DB|Q1J0W6|9.B.34.1.1	33.7	169	92	5	321	482	190	345	4.8e-16	82.4
BCW-200036_04163	gnl|TC-DB|P02929|2.C.1.1.1	92.1	239	18	1	1	238	1	239	1.4e-61	232.6
BCW-200036_04167	gnl|TC-DB|P0A915|1.B.39.1.6	90.1	212	21	0	1	212	1	212	7.0e-113	402.9
BCW-200036_04169	gnl|TC-DB|P0AAP1|9.B.34.1.2	28.4	183	115	5	317	485	180	360	2.8e-16	83.2
BCW-200036_04182	gnl|TC-DB|Q07711|3.A.7.7.1	24.7	576	386	16	80	622	77	637	2.5e-28	124.0
BCW-200036_04196	gnl|TC-DB|D4ZZR3|9.B.34.1.3	30.6	183	98	5	230	395	225	395	2.9e-16	83.6
BCW-200036_04201	gnl|TC-DB|P36638|3.A.1.5.5	98.1	268	5	0	1	268	1	268	3.5e-146	513.8
BCW-200036_04202	gnl|TC-DB|P0AAH4|3.A.1.5.42	96.1	330	13	0	1	330	1	330	5.8e-191	662.9
BCW-200036_04203	gnl|TC-DB|P0AGH5|3.A.1.5.42	86.1	296	41	0	1	296	1	296	4.9e-141	496.9
BCW-200036_04204	gnl|TC-DB|P0A2J3|3.A.1.5.5	95.6	321	14	0	1	321	1	321	9.1e-173	602.4
BCW-200036_04205	gnl|TC-DB|P36634|3.A.1.5.5	92.2	549	41	1	1	547	1	549	2.3e-301	1030.4
BCW-200036_04207	gnl|TC-DB|Q9KN48|3.A.23.1.1	36.0	322	186	3	8	310	193	513	4.7e-44	174.9
BCW-200036_04208	gnl|TC-DB|E8XKQ3|9.B.100.1.1	67.1	222	73	0	1	222	1	222	3.7e-64	241.1
BCW-200036_04213	gnl|TC-DB|P76042|3.A.1.1.46	89.3	429	46	0	1	429	1	429	3.8e-219	756.9
BCW-200036_04214	gnl|TC-DB|P0AFR7|3.A.1.1.46	96.5	283	10	0	1	283	11	293	3.2e-153	537.3
BCW-200036_04215	gnl|TC-DB|P77716|3.A.1.1.46	96.8	280	9	0	1	280	1	280	1.5e-147	518.5
BCW-200036_04221	gnl|TC-DB|P77481|3.A.1.1.46	91.1	360	32	0	1	360	1	360	1.7e-188	654.8
BCW-200036_04222	gnl|TC-DB|P76045|1.B.21.1.1	78.7	301	64	0	1	301	1	301	3.8e-149	523.9
BCW-200036_04227	gnl|TC-DB|Q9KN48|3.A.23.1.1	35.6	329	178	5	206	500	193	521	1.1e-42	171.0
BCW-200036_04231	gnl|TC-DB|P77348|3.A.1.5.1	94.8	537	28	0	1	537	1	537	2.7e-307	1050.0
BCW-200036_04235	gnl|TC-DB|P0AEB5|1.A.23.4.3	82.1	335	60	0	1	335	1	335	2.7e-159	557.8
BCW-200036_04242	gnl|TC-DB|D4ZZR3|9.B.34.1.3	40.7	167	93	3	247	407	227	393	3.9e-27	119.0
BCW-200036_04243	gnl|TC-DB|P0AAP1|9.B.34.1.2	27.8	198	137	3	218	415	174	365	5.7e-18	89.4
BCW-200036_04244	gnl|TC-DB|M3JA40|1.B.52.2.1	29.7	172	107	2	198	355	287	458	1.1e-12	70.9
BCW-200036_04245	gnl|TC-DB|Q9EYX5|1.A.35.4.1	95.1	327	16	0	1	327	1	327	7.5e-183	636.0
BCW-200036_04247	gnl|TC-DB|P38919|3.A.18.1.1	32.6	356	237	3	15	368	50	404	3.1e-57	219.2
BCW-200036_04251	gnl|TC-DB|Q56111|1.B.1.1.22	80.4	383	69	4	1	377	1	383	1.3e-175	612.1
BCW-200036_04279	gnl|TC-DB|P25396|2.A.16.1.1	89.6	328	34	0	6	333	2	329	9.7e-170	592.4
BCW-200036_04284	gnl|TC-DB|P76103|2.A.46.1.9	77.3	384	87	0	1	384	1	384	4.2e-164	573.9
BCW-200036_04289	gnl|TC-DB|P0ABK2|3.D.4.3.2	29.7	367	209	11	5	329	7	366	3.9e-33	138.7
BCW-200036_04293	gnl|TC-DB|P76108|3.A.1.11.9	93.4	381	25	0	1	381	1	381	4.8e-221	763.1
BCW-200036_04294	gnl|TC-DB|P77795|3.A.1.11.9	89.6	338	34	1	1	338	1	337	1.1e-171	599.0
BCW-200036_04295	gnl|TC-DB|P77156|3.A.1.11.9	93.9	314	18	1	1	314	1	313	4.4e-164	573.5
BCW-200036_04296	gnl|TC-DB|P0AFR9|3.A.1.11.9	93.5	262	17	0	1	262	1	262	1.5e-136	481.9
BCW-200036_04298	gnl|TC-DB|Q9KMQ3|2.A.1.2.42	46.1	369	198	1	6	374	4	371	6.4e-77	284.3
BCW-200036_04304	gnl|TC-DB|P33950|3.A.1.5.27	49.9	505	252	1	21	525	34	537	2.0e-145	512.3
BCW-200036_04306	gnl|TC-DB|P76111|2.A.7.21.2	95.3	149	7	0	1	149	1	149	2.7e-71	264.2
BCW-200036_04310	gnl|TC-DB|P76115|1.B.14.9.5	84.6	706	103	2	1	706	1	700	0.0e+00	1238.8
BCW-200036_04313	gnl|TC-DB|P40812|2.A.3.1.8	95.8	480	20	0	1	480	1	480	9.8e-264	905.2
BCW-200036_04314	gnl|TC-DB|M3JA40|1.B.52.2.1	28.6	192	118	4	348	521	270	460	3.1e-13	73.2
BCW-200036_04318	gnl|TC-DB|Q9F3K5|3.A.1.3.24	26.8	272	176	7	49	304	53	317	6.1e-17	84.7
BCW-200036_04320	gnl|TC-DB|Q9F3K6|3.A.1.3.24	39.5	276	160	3	5	280	21	289	8.2e-46	180.6
BCW-200036_04321	gnl|TC-DB|Q9F3K7|3.A.1.3.24	57.8	249	105	0	9	257	5	253	1.6e-79	292.4
BCW-200036_04323	gnl|TC-DB|P42237|2.A.1.14.1	50.9	430	207	2	6	431	13	442	5.1e-126	447.6
BCW-200036_04330	gnl|TC-DB|P0AF32|5.A.3.1.2	85.4	226	33	0	1	226	1	226	3.9e-114	407.1
BCW-200036_04332	gnl|TC-DB|P19318|5.A.3.1.2	93.8	514	32	0	1	514	1	514	1.1e-302	1034.6
BCW-200036_04333	gnl|TC-DB|P19319|5.A.3.1.2	91.0	1246	112	0	1	1246	1	1246	0.0e+00	2448.7
BCW-200036_04334	gnl|TC-DB|P37758|2.A.1.8.10	87.0	462	58	1	1	460	1	462	5.0e-233	803.1
BCW-200036_04336	gnl|TC-DB|P37594|2.A.1.3.14	87.5	495	62	0	1	495	1	495	1.1e-217	752.3
BCW-200036_04338	gnl|TC-DB|P07238|1.B.1.1.5	74.0	365	82	3	6	364	8	365	6.7e-148	520.0
BCW-200036_04339	gnl|TC-DB|V2FAS1|2.A.7.17.1	86.6	292	39	0	1	292	1	292	1.6e-144	508.4
BCW-200036_04340	gnl|TC-DB|P24183|5.A.3.2.1	95.4	195	9	0	1	195	1	195	2.1e-108	387.9
BCW-200036_04341	gnl|TC-DB|P24183|5.A.3.2.1	92.4	803	61	0	1	803	213	1015	0.0e+00	1567.4
BCW-200036_04342	gnl|TC-DB|P0AAJ3|5.A.3.2.1	94.6	294	16	0	1	294	1	294	2.0e-174	607.8
BCW-200036_04343	gnl|TC-DB|P0AEK7|5.A.3.2.1	94.5	217	12	0	1	217	1	217	1.5e-118	421.8
BCW-200036_04344	gnl|TC-DB|P39115|3.A.1.121.3	30.4	500	298	12	1	479	1	471	5.2e-54	208.8
BCW-200036_04349	gnl|TC-DB|Q81E21|2.A.8.1.14	55.0	478	199	4	1	462	1	478	2.4e-134	475.3
BCW-200036_04355	gnl|TC-DB|P77622|3.A.1.5.38	79.7	310	61	1	1	310	1	308	8.9e-141	496.1
BCW-200036_04356	gnl|TC-DB|P77268|3.A.1.5.38	80.2	328	65	0	1	328	1	328	1.0e-150	529.3
BCW-200036_04357	gnl|TC-DB|P77463|3.A.1.5.38	81.5	298	55	0	1	298	1	298	4.5e-126	447.2
BCW-200036_04358	gnl|TC-DB|P77308|3.A.1.5.38	95.3	340	16	0	1	340	1	340	2.8e-188	654.1
BCW-200036_04359	gnl|TC-DB|P76128|3.A.1.5.38	89.2	510	55	0	11	520	7	516	3.2e-268	920.2
BCW-200036_04363	gnl|TC-DB|M3JA40|1.B.52.2.1	41.8	91	53	0	470	560	275	365	4.7e-11	66.2
BCW-200036_04369	gnl|TC-DB|B2N0W4|1.A.46.2.6	86.8	304	40	0	1	304	18	321	8.9e-146	512.7
BCW-200036_04376	gnl|TC-DB|P31122|2.A.1.2.15	89.4	396	42	0	1	396	1	396	6.3e-192	666.4
BCW-200036_04377	gnl|TC-DB|P0AEY1|2.A.95.1.1	91.8	220	18	0	1	220	1	220	8.6e-106	379.4
BCW-200036_04381	gnl|TC-DB|P31125|2.A.7.3.2	85.8	296	42	0	1	296	1	296	6.3e-136	479.9
BCW-200036_04382	gnl|TC-DB|P31126|2.A.1.2.55	80.8	395	76	0	1	395	1	395	5.7e-177	616.7
BCW-200036_04383	gnl|TC-DB|Q9L3S2|3.A.1.4.4	47.0	215	112	2	14	227	4	217	8.6e-48	186.8
BCW-200036_04384	gnl|TC-DB|Q8NRV8|3.A.1.4.5	41.7	242	133	4	25	264	3	238	5.6e-43	171.0
BCW-200036_04385	gnl|TC-DB|Q9L3S4|3.A.1.4.4	42.1	311	177	2	45	353	30	339	7.5e-59	224.2
BCW-200036_04386	gnl|TC-DB|Q8NRW0|3.A.1.4.5	43.9	294	159	2	228	521	4	291	6.9e-61	231.5
BCW-200036_04387	gnl|TC-DB|Q9L3S6|3.A.1.4.4	46.1	386	185	9	24	407	48	412	3.0e-91	332.0
BCW-200036_04395	gnl|TC-DB|P77228|2.A.1.6.9	85.1	416	58	2	29	444	1	412	4.4e-197	683.7
BCW-200036_04398	gnl|TC-DB|P76169|2.A.7.26.1	86.9	107	14	0	1	107	1	107	2.3e-51	197.6
BCW-200036_04403	gnl|TC-DB|P77783|5.A.3.3.1	89.8	792	76	1	1	792	20	806	0.0e+00	1511.1
BCW-200036_04404	gnl|TC-DB|P18776|5.A.3.3.2	94.6	205	11	0	1	205	1	205	1.4e-123	438.3
BCW-200036_04405	gnl|TC-DB|P76173|5.A.3.3.1	66.2	284	96	0	1	284	1	284	1.1e-102	369.4
BCW-200036_04407	gnl|TC-DB|A8AGW0|2.A.49.5.4	85.9	417	59	0	13	429	1	417	3.1e-200	694.1
BCW-200036_04411	gnl|TC-DB|P43531|2.A.1.36.1	87.0	416	54	0	1	416	1	416	1.8e-197	684.9
BCW-200036_04412	gnl|TC-DB|Q93GK6|9.B.2.1.9	53.6	211	98	0	9	219	10	220	6.9e-58	220.3
BCW-200036_04416	gnl|TC-DB|Q8XB73|5.B.7.1.1	75.1	193	48	0	1	193	1	193	1.5e-80	295.4
BCW-200036_04420	gnl|TC-DB|P69210|2.A.7.1.9	89.0	109	12	0	1	109	1	109	2.5e-50	194.1
BCW-200036_04421	gnl|TC-DB|P69213|2.A.7.1.9	84.7	118	18	0	3	120	4	121	6.4e-47	183.0
BCW-200036_04422	gnl|TC-DB|P0AFS5|2.A.86.1.4	81.1	344	65	0	1	344	1	344	5.7e-141	496.9
BCW-200036_04423	gnl|TC-DB|P28246|2.A.1.2.7	31.6	402	261	4	1	398	1	392	2.3e-53	206.1
BCW-200036_04424	gnl|TC-DB|P0AB67|3.D.2.1.1	94.6	462	25	0	1	462	1	462	9.1e-243	835.5
BCW-200036_04425	gnl|TC-DB|P07001|3.D.2.1.1	93.9	510	30	1	20	528	1	510	5.2e-266	912.9
BCW-200036_04427	gnl|TC-DB|P0AAE5|2.A.3.2.8	94.1	460	27	0	1	460	1	460	7.7e-242	832.4
BCW-200036_04429	gnl|TC-DB|P0ACX0|9.B.72.1.2	90.1	111	11	0	1	111	1	111	2.3e-51	197.6
BCW-200036_04431	gnl|TC-DB|P23516|2.A.52.1.1	53.8	331	151	1	9	337	15	345	1.1e-94	343.2
BCW-200036_04442	gnl|TC-DB|P19642|4.A.1.1.3	92.8	530	38	0	1	530	1	530	5.9e-286	979.2
BCW-200036_04448	gnl|TC-DB|P0A766|3.D.6.1.4	99.5	193	1	0	1	193	1	193	1.9e-96	348.2
BCW-200036_04449	gnl|TC-DB|P77223|3.D.6.1.4	89.5	191	20	0	1	191	1	191	2.3e-83	304.7
BCW-200036_04450	gnl|TC-DB|P77611|3.D.6.1.4	91.6	570	47	1	1	570	1	569	9.3e-278	952.2
BCW-200036_04451	gnl|TC-DB|P76182|3.D.6.1.4	88.9	350	39	0	1	350	1	350	1.8e-182	634.8
BCW-200036_04452	gnl|TC-DB|P77285|3.D.6.1.4	86.9	206	27	0	1	206	1	206	9.2e-102	365.9
BCW-200036_04453	gnl|TC-DB|P77179|3.D.6.1.4	92.2	231	17	1	1	230	1	231	7.8e-110	392.9
BCW-200036_04455	gnl|TC-DB|P77304|2.A.17.1.2	92.4	501	37	1	1	501	1	500	1.1e-262	901.7
BCW-200036_04464	gnl|TC-DB|G4PZW1|8.A.48.1.1	78.2	78	17	0	1	78	1	78	3.8e-32	133.3
BCW-200036_04465	gnl|TC-DB|P46482|8.A.1.7.1	38.1	273	168	1	11	283	14	285	6.9e-47	184.1
BCW-200036_04466	gnl|TC-DB|Q8ZPN4|2.A.85.1.5	87.7	669	82	0	1	669	1	669	0.0e+00	1171.8
BCW-200036_04468	gnl|TC-DB|P76187|8.A.5.1.7	90.6	298	28	0	1	298	1	298	1.5e-158	555.1
BCW-200036_04477	gnl|TC-DB|P77389|2.A.1.2.65	94.2	382	22	0	1	382	1	382	2.8e-192	667.5
BCW-200036_04479	gnl|TC-DB|Q0HIQ8|3.A.1.2.14	25.0	232	157	8	58	277	21	247	7.2e-11	64.7
BCW-200036_04481	gnl|TC-DB|P37597|2.A.1.2.62	83.1	403	66	1	1	401	1	403	1.3e-184	642.1
BCW-200036_04484	gnl|TC-DB|P37340|2.A.66.1.3	91.9	457	37	0	1	457	1	457	3.1e-235	810.4
BCW-200036_04492	gnl|TC-DB|P0AAP1|9.B.34.1.2	30.8	182	116	3	204	383	196	369	9.7e-17	85.1
BCW-200036_04494	gnl|TC-DB|Q1DBZ0|2.A.86.2.2	27.3	341	238	5	12	348	14	348	1.2e-22	104.0
BCW-200036_04495	gnl|TC-DB|D4ZZR3|9.B.34.1.3	33.0	212	134	4	378	585	186	393	1.5e-24	110.9
BCW-200036_04501	gnl|TC-DB|D6IHN4|2.A.1.51.2	58.8	379	156	0	14	392	14	392	1.2e-121	433.0
BCW-200036_04512	gnl|TC-DB|P0AD99|2.A.26.1.10	41.8	376	216	2	11	383	9	384	9.9e-73	270.4
BCW-200036_04516	gnl|TC-DB|P0ADL1|2.A.1.2.26	39.2	380	228	2	16	395	18	394	9.8e-68	253.8
BCW-200036_04524	gnl|TC-DB|Q57399|3.A.1.14.11	49.8	227	111	2	5	229	4	229	1.9e-53	205.7
BCW-200036_04525	gnl|TC-DB|Q57130|3.A.1.14.11	50.8	323	152	2	13	332	16	334	1.3e-81	299.7
BCW-200036_04526	gnl|TC-DB|E3GUW2|3.A.1.14.11	59.9	342	135	1	9	348	6	347	5.3e-118	420.6
BCW-200036_04537	gnl|TC-DB|P0AEM9|3.A.1.3.10	31.3	252	166	4	16	263	15	263	1.3e-26	116.7
BCW-200036_04538	gnl|TC-DB|P37774|3.A.1.3.10	52.2	247	113	1	22	263	2	248	4.1e-65	244.6
BCW-200036_04539	gnl|TC-DB|Q8YPM8|3.A.1.3.18	32.7	223	137	4	17	232	80	296	8.8e-25	110.5
BCW-200036_04540	gnl|TC-DB|Q52814|3.A.1.3.8	29.9	197	132	2	26	216	173	369	2.4e-18	89.0
BCW-200036_04542	gnl|TC-DB|P37602|5.A.3.5.1	56.0	241	98	2	21	261	11	243	7.3e-72	266.9
BCW-200036_04543	gnl|TC-DB|P0A1I1|5.A.3.5.1	53.9	180	82	1	37	215	8	187	4.8e-56	214.2
BCW-200036_04550	gnl|TC-DB|Q7WMZ5|5.A.3.10.1	66.0	235	77	1	5	236	15	249	3.5e-92	334.3
BCW-200036_04551	gnl|TC-DB|Q7WMZ6|5.A.3.10.1	33.9	348	200	9	7	336	3	338	3.8e-36	148.7
BCW-200036_04552	gnl|TC-DB|Q7WMZ7|5.A.3.10.1	50.6	1040	492	9	2	1020	14	1052	3.7e-305	1043.9
BCW-200036_04553	gnl|TC-DB|O32167|3.A.1.24.2	48.5	270	131	3	4	269	8	273	4.8e-66	247.7
BCW-200036_04554	gnl|TC-DB|O32168|3.A.1.24.2	62.2	222	84	0	1	222	1	222	1.5e-65	245.7
BCW-200036_04555	gnl|TC-DB|O32169|3.A.1.24.2	56.8	340	146	1	1	339	1	340	3.1e-107	384.8
BCW-200036_04562	gnl|TC-DB|E1IBA4|3.A.1.144.4	24.9	221	151	5	17	236	17	223	3.9e-14	75.1
BCW-200036_04571	gnl|TC-DB|B1LE48|2.A.86.2.1	87.2	368	47	0	1	368	1	368	7.0e-177	616.3
BCW-200036_04573	gnl|TC-DB|P76197|2.A.1.15.12	80.1	397	73	2	1	396	1	392	1.4e-173	605.5
BCW-200036_04574	gnl|TC-DB|P76198|2.A.1.15.13	86.1	410	57	0	1	410	1	410	7.2e-199	689.5
BCW-200036_04584	gnl|TC-DB|Q42524|4.C.1.1.7	28.6	532	353	12	25	538	39	561	2.4e-48	189.9
BCW-200036_04585	gnl|TC-DB|Q9HY55|4.A.2.1.17	26.8	437	231	11	383	791	552	927	2.2e-26	117.5
BCW-200036_04589	gnl|TC-DB|P72412|1.B.14.2.14	85.8	621	88	0	41	661	40	660	0.0e+00	1129.4
BCW-200036_04591	gnl|TC-DB|A8GDS8|3.A.1.14.16	60.1	271	105	2	2	271	7	275	1.1e-81	299.7
BCW-200036_04592	gnl|TC-DB|Q56992|3.A.1.14.5	64.2	313	111	1	1	312	17	329	1.4e-101	365.9
BCW-200036_04593	gnl|TC-DB|A8GDS6|3.A.1.14.16	60.6	251	99	0	7	257	9	259	3.1e-83	304.7
BCW-200036_04597	gnl|TC-DB|P06611|3.A.1.13.1	79.8	248	50	0	1	248	1	248	9.0e-112	399.4
BCW-200036_04599	gnl|TC-DB|P06609|3.A.1.13.1	87.4	326	41	0	1	326	1	326	3.8e-158	553.9
BCW-200036_04602	gnl|TC-DB|P45564|1.B.10.3.1	35.9	262	142	7	1	244	1	254	6.5e-38	154.1
BCW-200036_04604	gnl|TC-DB|Q9KPL5|2.A.41.2.11	52.8	417	182	4	1	404	1	415	2.8e-110	395.2
BCW-200036_04629	gnl|TC-DB|P77237|1.E.1.1.2	83.1	71	12	0	1	71	1	71	2.1e-29	124.0
