BCW-200202_00019	gnl|TC-DB|O00571|1.I.1.1.3	37.6	364	201	7	4	343	182	543	1.9e-54	209.9
BCW-200202_00022	gnl|TC-DB|P62723|2.A.98.1.3	54.9	337	147	3	22	358	17	348	3.1e-89	325.1
BCW-200202_00032	gnl|TC-DB|P0ACA3|1.A.12.3.1	48.1	208	107	1	1	207	1	208	2.1e-53	205.3
BCW-200202_00034	gnl|TC-DB|P05418|3.D.3.1.1	44.2	425	205	8	10	415	13	424	1.3e-94	343.2
BCW-200202_00035	gnl|TC-DB|P05417|3.D.3.1.1	36.4	187	107	6	14	199	15	190	1.2e-24	109.8
BCW-200202_00039	gnl|TC-DB|Q9HXW4|2.A.6.2.17	69.0	1050	299	3	4	1053	3	1025	0.0e+00	1404.0
BCW-200202_00040	gnl|TC-DB|Q9I6X5|2.A.6.2.27	32.2	354	233	4	1	352	1	349	1.0e-21	100.9
BCW-200202_00044	gnl|TC-DB|P76264|2.A.107.1.1	52.9	189	88	1	1	189	1	188	4.4e-50	194.1
BCW-200202_00055	gnl|TC-DB|D4ZZR3|9.B.34.1.3	42.0	169	95	2	323	490	227	393	8.6e-24	108.2
BCW-200202_00057	gnl|TC-DB|Q7VYJ2|1.B.12.5.7	37.3	322	196	3	2	322	550	866	1.7e-54	209.5
BCW-200202_00080	gnl|TC-DB|P11461|1.B.14.1.11	41.2	714	404	6	20	725	21	726	3.7e-158	555.1
BCW-200202_00084	gnl|TC-DB|F4K2G0|3.D.1.8.1	55.1	127	49	5	12	130	103	229	5.3e-28	120.6
BCW-200202_00087	gnl|TC-DB|Q9MUK5|3.A.9.1.1	42.6	115	61	1	148	262	97	206	2.5e-13	73.6
BCW-200202_00107	gnl|TC-DB|Q9HWH5|2.A.6.2.32	30.8	334	219	5	53	378	40	369	5.9e-30	128.3
BCW-200202_00114	gnl|TC-DB|C6B3K0|2.A.101.1.2	55.7	460	183	3	1	453	1	446	6.0e-130	460.7
BCW-200202_00118	gnl|TC-DB|P0C0L7|2.A.1.6.4	30.7	420	276	7	6	412	24	441	1.8e-43	173.3
BCW-200202_00122	gnl|TC-DB|P9WG63|5.A.1.2.9	44.2	154	83	1	28	178	388	541	1.5e-36	149.1
BCW-200202_00138	gnl|TC-DB|P42107|9.B.169.1.1	37.3	418	220	9	15	410	2	399	6.9e-56	214.5
BCW-200202_00140	gnl|TC-DB|Q9AAZ6|1.B.14.12.2	32.1	924	546	22	4	885	5	889	1.8e-106	383.6
BCW-200202_00142	gnl|TC-DB|A1S4V0|2.A.1.7.9	45.5	424	204	8	17	420	17	433	4.0e-83	305.1
BCW-200202_00151	gnl|TC-DB|Q1D027|1.A.1.24.3	54.1	266	117	1	16	281	12	272	9.6e-65	243.4
BCW-200202_00158	gnl|TC-DB|P48632|1.B.14.1.6	35.8	730	431	13	19	738	112	813	1.6e-119	426.8
BCW-200202_00180	gnl|TC-DB|P42658|8.A.51.1.1	24.8	674	447	20	112	740	190	848	3.1e-51	199.9
BCW-200202_00183	gnl|TC-DB|O50455|1.A.35.3.5	34.6	341	212	4	10	340	27	366	1.3e-57	219.9
BCW-200202_00185	gnl|TC-DB|P0A2L3|9.A.40.1.2	47.2	286	148	2	4	289	3	285	9.7e-65	243.4
BCW-200202_00205	gnl|TC-DB|Q7VW14|2.A.1.2.27	38.7	393	236	3	3	393	4	393	1.6e-57	219.9
BCW-200202_00207	gnl|TC-DB|P0AG82|3.A.1.7.1	54.7	329	145	2	10	338	14	338	5.5e-96	347.4
BCW-200202_00208	gnl|TC-DB|M4NGF8|1.B.67.1.2	57.1	357	139	5	67	410	63	418	3.7e-110	394.8
BCW-200202_00219	gnl|TC-DB|P32703|2.A.36.3.1	41.5	549	310	7	1	545	1	542	8.7e-99	357.5
BCW-200202_00231	gnl|TC-DB|B2GH49|9.B.160.1.10	35.0	163	91	6	60	216	217	370	3.1e-14	76.3
BCW-200202_00242	gnl|TC-DB|K0WKG7|4.F.1.1.8	55.5	191	76	2	3	193	1	182	1.1e-49	193.0
BCW-200202_00251	gnl|TC-DB|L0LHM3|2.A.7.31.3	50.9	277	131	3	1	272	1	277	1.4e-62	236.1
BCW-200202_00252	gnl|TC-DB|Q9HV74|2.A.21.9.1	30.8	389	208	11	22	401	638	974	2.3e-27	119.8
BCW-200202_00261	gnl|TC-DB|Q9NTM9|9.B.158.1.1	46.5	213	114	0	7	219	28	240	1.7e-46	182.6
BCW-200202_00263	gnl|TC-DB|Q8ZRG7|3.A.3.5.20	82.0	745	134	0	82	826	10	754	0.0e+00	1147.1
BCW-200202_00266	gnl|TC-DB|Q9AAZ6|1.B.14.12.2	27.2	574	319	18	10	566	398	889	8.0e-39	158.3
BCW-200202_00267	gnl|TC-DB|D4ZZR3|9.B.34.1.3	37.4	179	103	3	182	352	216	393	1.2e-24	110.5
BCW-200202_00277	gnl|TC-DB|Q9KN48|3.A.23.1.1	36.6	399	223	7	101	492	153	528	7.0e-55	211.5
BCW-200202_00283	gnl|TC-DB|P21345|2.A.23.1.1	32.5	419	271	4	10	427	5	412	7.3e-56	214.5
BCW-200202_00287	gnl|TC-DB|B0T2Y9|5.A.1.5.2	35.4	480	273	6	338	793	271	737	1.2e-64	244.6
BCW-200202_00299	gnl|TC-DB|Q1R209|1.B.14.7.1	28.7	785	479	21	84	823	5	753	7.0e-68	255.4
BCW-200202_00333	gnl|TC-DB|O00571|1.I.1.1.3	39.5	352	185	7	11	337	182	530	6.5e-61	231.9
BCW-200202_00334	gnl|TC-DB|P76330|9.B.34.1.4	32.4	222	129	4	324	525	338	558	2.4e-20	97.4
BCW-200202_00335	gnl|TC-DB|P76330|9.B.34.1.4	34.0	191	122	4	344	531	370	559	1.6e-20	97.4
BCW-200202_00345	gnl|TC-DB|Q9I3N2|9.B.14.1.7	58.4	645	254	5	1	637	1	639	8.9e-204	706.4
BCW-200202_00348	gnl|TC-DB|Q9I3N5|9.B.14.2.4	43.6	241	136	0	7	247	6	246	3.8e-57	218.0
BCW-200202_00350	gnl|TC-DB|Q8XE58|3.A.1.107.3	40.1	202	116	2	6	205	3	201	2.8e-37	151.8
BCW-200202_00351	gnl|TC-DB|Q2FD69|2.A.6.2.40	32.9	164	110	0	3	166	301	464	3.0e-16	81.6
BCW-200202_00353	gnl|TC-DB|P75831|3.A.1.122.1	41.0	222	130	1	7	228	1	221	1.9e-45	179.1
BCW-200202_00390	gnl|TC-DB|P77735|8.A.5.1.6	26.1	314	168	10	14	305	23	294	3.4e-13	72.4
BCW-200202_00395	gnl|TC-DB|Q8EEC4|2.A.2.6.3	60.4	497	185	4	4	488	24	520	4.1e-164	574.3
BCW-200202_00404	gnl|TC-DB|G0K0M9|9.B.153.3.16	86.0	436	57	1	1	436	1	432	1.9e-197	684.9
BCW-200202_00410	gnl|TC-DB|Q9KN48|3.A.23.1.1	48.5	229	118	0	141	369	190	418	3.6e-58	222.2
BCW-200202_00413	gnl|TC-DB|K1LZ89|1.B.6.1.14	27.8	198	140	2	38	233	227	423	7.3e-20	94.4
BCW-200202_00427	gnl|TC-DB|P08716|3.A.1.109.1	61.3	698	268	1	21	716	8	705	2.0e-244	841.6
BCW-200202_00428	gnl|TC-DB|P06739|8.A.1.3.1	37.4	473	289	2	7	473	7	478	5.6e-86	314.7
BCW-200202_00429	gnl|TC-DB|P31552|4.C.1.1.6	25.2	507	344	10	37	534	37	517	5.9e-39	158.7
BCW-200202_00431	gnl|TC-DB|Q93N33|2.A.21.9.2	38.2	1147	648	17	12	1103	12	1152	2.0e-187	652.9
BCW-200202_00433	gnl|TC-DB|Q5SMG8|1.A.26.1.2	41.4	338	184	4	115	451	123	447	3.7e-63	238.8
BCW-200202_00434	gnl|TC-DB|P45522|2.A.37.1.2	43.6	582	325	3	10	590	11	590	1.6e-122	436.4
BCW-200202_00438	gnl|TC-DB|Q7UQ82|3.A.1.115.2	27.6	406	244	12	5	378	6	393	8.6e-16	81.3
BCW-200202_00439	gnl|TC-DB|P46903|3.A.1.115.1	42.4	238	136	1	1	237	1	238	1.2e-52	203.0
BCW-200202_00441	gnl|TC-DB|P76330|9.B.34.1.4	36.1	166	102	3	218	380	394	558	3.1e-21	99.4
BCW-200202_00445	gnl|TC-DB|P59950|2.A.20.1.3	41.3	356	168	5	2	357	5	319	1.2e-64	243.4
BCW-200202_00447	gnl|TC-DB|P37908|9.A.40.2.4	28.1	405	264	7	14	411	22	406	5.7e-37	151.8
BCW-200202_00449	gnl|TC-DB|P0AFN6|3.A.1.105.17	57.6	250	106	0	14	263	7	256	2.5e-80	295.0
BCW-200202_00450	gnl|TC-DB|P36879|3.A.1.105.17	58.5	301	123	1	14	314	1	299	8.7e-91	330.1
BCW-200202_00461	gnl|TC-DB|P0ABU9|1.A.30.2.2	48.0	221	110	2	37	255	4	221	5.1e-49	191.0
BCW-200202_00462	gnl|TC-DB|Q1D0D2|1.A.30.2.7	41.5	130	70	2	11	140	10	133	2.6e-15	78.2
BCW-200202_00469	gnl|TC-DB|B8BRN8|1.A.17.3.1	26.8	261	143	9	43	261	142	396	6.8e-20	94.4
BCW-200202_00482	gnl|TC-DB|Q8VRL8|3.A.11.1.3	30.4	365	224	8	12	352	16	374	6.1e-29	124.8
BCW-200202_00486	gnl|TC-DB|P34750|1.B.22.2.1	34.7	594	337	8	58	650	162	705	5.0e-93	338.6
BCW-200202_00496	gnl|TC-DB|P15928|3.A.6.2.1	35.3	563	313	16	17	547	15	558	2.8e-73	272.7
BCW-200202_00499	gnl|TC-DB|P26465|3.A.6.2.1	57.0	446	182	2	18	453	4	449	1.3e-132	469.5
BCW-200202_00505	gnl|TC-DB|G3XCT7|2.A.1.25.5	30.7	586	243	7	8	432	1	584	1.5e-58	223.4
BCW-200202_00510	gnl|TC-DB|P03959|3.A.3.7.1	36.2	566	332	8	8	565	13	557	2.2e-89	326.2
BCW-200202_00511	gnl|TC-DB|P03960|3.A.3.7.1	59.9	676	256	5	17	681	7	678	9.2e-207	716.5
BCW-200202_00512	gnl|TC-DB|Q1M607|3.A.3.7.2	46.2	182	93	3	31	210	6	184	9.8e-30	126.7
BCW-200202_00519	gnl|TC-DB|O30144|3.A.1.6.8	41.8	220	114	3	1	220	1	206	1.1e-39	159.8
BCW-200202_00520	gnl|TC-DB|P0AF01|3.A.1.8.1	51.5	200	95	1	2	199	5	204	5.4e-47	184.1
BCW-200202_00521	gnl|TC-DB|P37329|3.A.1.8.1	33.5	230	142	5	22	244	29	254	6.4e-25	110.9
BCW-200202_00524	gnl|TC-DB|Q93PW1|2.A.1.8.11	61.1	429	166	1	12	439	11	439	5.1e-142	500.7
BCW-200202_00527	gnl|TC-DB|Q44584|2.A.6.1.12	34.4	320	207	2	1	318	20	338	2.3e-27	119.8
BCW-200202_00528	gnl|TC-DB|B8H144|2.A.6.1.15	32.7	395	257	6	14	401	19	411	6.5e-35	144.8
BCW-200202_00529	gnl|TC-DB|B8H146|2.A.6.1.15	55.3	1075	456	5	1	1064	1	1062	2.3e-313	1071.2
BCW-200202_00533	gnl|TC-DB|Q8P5Q7|1.B.14.13.1	29.7	815	464	26	4	772	12	763	5.9e-69	258.8
BCW-200202_00536	gnl|TC-DB|Q7AA53|2.A.6.8.2	34.5	635	390	15	1	622	121	742	2.1e-80	296.6
BCW-200202_00548	gnl|TC-DB|Q54806|2.A.1.3.5	33.1	472	305	6	12	479	21	485	2.0e-52	203.4
BCW-200202_00550	gnl|TC-DB|P17694|3.D.1.6.1	57.0	444	161	3	5	445	47	463	9.7e-149	523.1
BCW-200202_00553	gnl|TC-DB|Q9HXW4|2.A.6.2.17	30.9	1034	678	14	2	1013	4	1022	1.3e-116	417.5
BCW-200202_00560	gnl|TC-DB|P42512|1.B.14.1.8	37.7	706	410	12	123	820	36	719	1.8e-124	443.4
BCW-200202_00562	gnl|TC-DB|Q82VI7|1.B.14.1.10	39.7	728	394	15	35	742	122	824	1.0e-134	477.2
BCW-200202_00606	gnl|TC-DB|E1WDB9|1.B.40.2.5	38.6	166	98	1	1665	1830	1300	1461	7.3e-25	113.6
BCW-200202_00607	gnl|TC-DB|Q8ID54|3.A.25.2.1	29.9	231	157	3	112	340	83	310	3.2e-28	122.5
BCW-200202_00613	gnl|TC-DB|O67997|1.A.11.1.4	52.3	434	189	6	43	474	21	438	2.6e-107	385.6
BCW-200202_00614	gnl|TC-DB|Q9JY22|1.B.20.1.5	38.8	559	314	6	39	574	27	580	1.6e-108	389.8
BCW-200202_00615	gnl|TC-DB|917745143|1.C.75.1.2	50.4	347	155	5	1	340	1	337	1.0e-84	313.9
BCW-200202_00615	gnl|TC-DB|917745143|1.C.75.1.2	35.9	382	225	6	3069	3449	1983	2345	5.0e-47	188.7
BCW-200202_00620	gnl|TC-DB|Q9KN48|3.A.23.1.1	40.3	335	183	4	149	472	193	521	1.8e-47	186.8
BCW-200202_00628	gnl|TC-DB|D0J5W3|9.B.44.1.2	60.2	133	53	0	7	139	24	156	3.5e-42	167.5
BCW-200202_00636	gnl|TC-DB|B2FKT9|1.B.14.6.4	44.1	1024	530	20	1	999	1	1007	2.8e-228	788.5
BCW-200202_00645	gnl|TC-DB|Q8EDM8|1.B.14.8.4	23.5	813	496	29	7	776	3	732	1.1e-35	148.3
BCW-200202_00663	gnl|TC-DB|Q84BQ3|3.A.1.122.12	47.7	365	184	3	30	393	4	362	1.3e-54	210.3
BCW-200202_00664	gnl|TC-DB|A0ZUB1|3.A.1.122.12	55.4	650	289	1	4	652	2	651	4.8e-197	684.1
BCW-200202_00665	gnl|TC-DB|Q24LT6|2.A.6.2.29	29.7	474	305	8	12	476	8	462	4.5e-43	172.2
BCW-200202_00675	gnl|TC-DB|O25832|2.A.7.28.9	26.2	282	192	5	11	280	9	286	3.7e-11	65.5
BCW-200202_00676	gnl|TC-DB|Q9HT70|3.A.1.24.5	74.6	335	84	1	1	334	1	335	2.2e-137	485.0
BCW-200202_00677	gnl|TC-DB|Q9HT69|3.A.1.24.5	59.9	212	85	0	18	229	14	225	8.2e-59	223.4
BCW-200202_00691	gnl|TC-DB|P31133|3.A.1.11.2	51.9	362	171	3	9	369	11	370	3.6e-109	391.3
BCW-200202_00698	gnl|TC-DB|P0AAP1|9.B.34.1.2	34.0	162	106	1	268	429	206	366	8.3e-23	104.8
BCW-200202_00700	gnl|TC-DB|P37643|2.A.1.6.10	58.4	418	169	2	45	457	16	433	1.7e-132	469.2
BCW-200202_00709	gnl|TC-DB|P0AEJ0|2.A.1.3.2	49.1	495	247	3	26	516	12	505	1.7e-136	482.6
BCW-200202_00710	gnl|TC-DB|P27303|8.A.1.1.1	44.0	348	195	0	37	384	41	388	5.1e-77	284.6
BCW-200202_00711	gnl|TC-DB|P24126|1.B.17.3.2	36.4	368	227	4	15	377	11	376	2.2e-53	206.5
BCW-200202_00713	gnl|TC-DB|P11350|5.A.3.1.1	53.8	221	102	0	5	225	4	224	1.2e-65	246.1
BCW-200202_00719	gnl|TC-DB|Q1DCQ0|1.B.14.10.2	30.1	193	104	5	38	228	69	232	3.1e-11	67.4
BCW-200202_00724	gnl|TC-DB|P10121|3.A.5.1.1	55.1	303	128	3	135	431	192	492	7.0e-83	304.3
BCW-200202_00732	gnl|TC-DB|G0LBU8|1.B.14.6.11	35.1	168	84	6	40	190	198	357	3.1e-14	77.4
BCW-200202_00736	gnl|TC-DB|P0AAE0|2.A.3.1.7	68.5	457	142	1	3	457	11	467	9.8e-181	629.4
BCW-200202_00752	gnl|TC-DB|P17315|1.B.14.1.4	34.8	663	376	15	20	647	22	663	6.2e-96	348.2
BCW-200202_00755	gnl|TC-DB|P60752|3.A.1.106.1	39.1	571	346	1	9	577	10	580	1.7e-108	389.8
BCW-200202_00757	gnl|TC-DB|Q8F192|1.A.30.2.9	34.3	198	117	2	3	193	67	258	6.3e-24	107.5
BCW-200202_00758	gnl|TC-DB|P44408|3.A.11.2.2	29.6	598	348	18	3	548	203	779	1.3e-41	167.5
BCW-200202_00768	gnl|TC-DB|Q8CX78|2.A.6.3.6	25.9	1032	732	17	1	1015	1	1016	2.1e-90	330.5
BCW-200202_00769	gnl|TC-DB|Q8CX78|2.A.6.3.6	30.1	1129	668	10	5	1130	3	1013	2.8e-139	493.0
BCW-200202_00798	gnl|TC-DB|P77389|2.A.1.2.65	55.8	242	107	0	1	242	134	375	2.3e-70	261.9
BCW-200202_00823	gnl|TC-DB|Q9I3V8|3.A.1.103.6	48.9	268	127	3	5	271	6	264	3.7e-66	248.8
BCW-200202_00837	gnl|TC-DB|P55072|3.A.16.1.1	45.0	238	129	2	160	395	473	710	2.3e-58	223.4
BCW-200202_00873	gnl|TC-DB|G0LBU8|1.B.14.6.11	27.2	870	491	25	44	858	194	976	1.5e-60	231.1
BCW-200202_00880	gnl|TC-DB|Q9F3K7|3.A.1.3.24	58.6	251	104	0	331	581	3	253	1.5e-80	297.0
BCW-200202_00881	gnl|TC-DB|P0AEM9|3.A.1.3.10	28.9	235	145	8	76	304	41	259	1.9e-13	73.2
BCW-200202_00889	gnl|TC-DB|O52557|2.A.1.3.15	29.1	464	311	6	36	491	38	491	1.7e-29	127.1
BCW-200202_00896	gnl|TC-DB|Q47PP1|9.B.169.1.10	28.6	399	213	15	7	343	49	437	8.6e-12	67.8
BCW-200202_00898	gnl|TC-DB|Q9ZE70|2.A.7.3.7	28.8	257	183	0	19	275	27	283	3.0e-21	99.0
BCW-200202_00901	gnl|TC-DB|K1LZ89|1.B.6.1.14	40.2	107	57	2	168	274	537	636	8.3e-13	70.9
BCW-200202_00919	gnl|TC-DB|P13794|1.B.6.1.2	32.1	336	187	12	39	362	40	346	6.7e-31	131.3
BCW-200202_00935	gnl|TC-DB|Q1J0W6|9.B.34.1.1	39.5	167	96	2	300	466	187	348	1.6e-21	100.5
BCW-200202_00945	gnl|TC-DB|L5DDD7|2.A.109.2.3	51.4	514	242	5	1	506	370	883	4.0e-130	461.5
BCW-200202_00954	gnl|TC-DB|M2X3K0|9.B.115.1.1	33.8	198	114	7	66	254	40	229	1.2e-13	73.6
BCW-200202_00964	gnl|TC-DB|Q9HV74|2.A.21.9.1	29.3	280	160	9	386	654	723	975	1.2e-19	95.1
BCW-200202_00981	gnl|TC-DB|M3JA40|1.B.52.2.1	70.0	50	15	0	533	582	287	336	2.3e-11	67.4
BCW-200202_01005	gnl|TC-DB|O50330|3.A.7.2.1	40.2	799	443	12	1	773	9	798	1.4e-166	583.2
BCW-200202_01009	gnl|TC-DB|Q91UW6|3.A.7.3.1	45.9	318	164	4	28	339	30	345	2.2e-76	282.3
BCW-200202_01010	gnl|TC-DB|Q9RLR4|3.A.7.5.1	31.8	201	125	7	216	412	167	359	2.5e-21	99.8
BCW-200202_01011	gnl|TC-DB|O50336|3.A.7.2.1	28.2	252	144	8	11	248	4	232	2.2e-15	79.3
BCW-200202_01014	gnl|TC-DB|P13464|3.A.7.1.1	31.1	499	299	14	69	542	56	534	2.6e-58	223.0
BCW-200202_01016	gnl|TC-DB|P77389|2.A.1.2.65	35.1	379	243	2	20	397	7	383	3.8e-51	198.7
BCW-200202_01023	gnl|TC-DB|Q9A608|1.B.14.12.1	36.6	913	513	18	39	918	42	921	3.2e-154	542.3
BCW-200202_01024	gnl|TC-DB|G0LBU8|1.B.14.6.11	32.8	832	467	20	26	811	191	976	5.9e-104	375.2
BCW-200202_01035	gnl|TC-DB|Q8ZJY5|2.A.114.1.10	66.5	704	209	5	2	683	5	703	1.2e-267	918.7
BCW-200202_01039	gnl|TC-DB|B2UL32|2.A.5.5.5	41.9	270	151	2	2	265	1	270	1.5e-40	162.9
BCW-200202_01053	gnl|TC-DB|Q00538|2.A.1.3.10	34.1	411	269	2	8	417	17	426	5.1e-58	221.9
BCW-200202_01060	gnl|TC-DB|Q9HUJ1|2.A.6.2.27	36.8	133	84	0	1	133	322	454	7.1e-21	96.7
BCW-200202_01068	gnl|TC-DB|P75830|3.A.1.122.1	34.5	374	228	3	9	382	12	368	6.5e-48	188.0
BCW-200202_01069	gnl|TC-DB|A0ZUB1|3.A.1.122.12	47.5	655	332	4	1	647	1	651	5.3e-156	547.7
BCW-200202_01073	gnl|TC-DB|Q6PML9|2.A.4.6.1	32.8	265	172	4	6	266	235	497	1.0e-30	130.6
BCW-200202_01076	gnl|TC-DB|Q2M5P4|1.B.14.8.2	27.6	518	308	17	62	575	46	500	1.0e-28	125.2
BCW-200202_01091	gnl|TC-DB|A0LFK9|9.B.102.4.1	29.3	249	161	10	57	298	405	645	2.3e-13	72.8
BCW-200202_01094	gnl|TC-DB|P31554|1.B.42.1.2	27.1	797	493	19	79	838	35	780	8.0e-83	305.1
BCW-200202_01102	gnl|TC-DB|P37681|9.B.99.1.1	27.6	228	163	1	14	241	7	232	2.8e-23	105.5
BCW-200202_01112	gnl|TC-DB|Q9HVM8|9.A.21.1.2	27.2	974	526	39	299	1171	188	1079	2.1e-60	231.1
BCW-200202_01118	gnl|TC-DB|P38370|1.B.14.6.3	26.6	421	257	16	3	401	2	392	5.6e-17	86.7
BCW-200202_01123	gnl|TC-DB|P54176|1.C.113.1.1	48.5	204	105	0	9	212	12	215	1.4e-52	202.6
BCW-200202_01135	gnl|TC-DB|P0AAP1|9.B.34.1.2	32.9	173	109	4	266	437	199	365	7.4e-18	89.0
BCW-200202_01142	gnl|TC-DB|P42308|2.A.11.1.2	61.8	437	153	2	2	438	1	423	7.4e-149	523.5
BCW-200202_01163	gnl|TC-DB|Q9NRK6|3.A.1.201.17	37.6	590	353	5	7	587	150	733	2.0e-93	339.7
BCW-200202_01166	gnl|TC-DB|Q9X4X4|2.A.1.30.1	34.6	534	342	4	9	540	15	543	5.3e-80	295.0
BCW-200202_01179	gnl|TC-DB|P0AAQ6|3.A.5.1.1	56.9	116	50	0	1	116	1	116	2.1e-34	141.4
BCW-200202_01186	gnl|TC-DB|O32095|2.A.86.1.8	27.9	337	213	13	50	369	40	363	4.4e-14	75.5
BCW-200202_01213	gnl|TC-DB|P43672|3.A.1.120.6	53.1	525	241	1	29	548	1	525	7.3e-161	563.9
BCW-200202_01219	gnl|TC-DB|O00571|1.I.1.1.3	43.4	380	200	4	2	366	181	560	6.8e-76	281.2
BCW-200202_01220	gnl|TC-DB|Q15HU6|3.A.7.14.2	39.4	137	70	7	120	249	195	325	3.6e-15	78.6
BCW-200202_01221	gnl|TC-DB|Q15HU6|3.A.7.14.2	35.1	131	72	6	58	176	201	330	2.0e-12	68.9
BCW-200202_01223	gnl|TC-DB|P36554|2.A.1.3.26	49.6	448	216	5	15	456	12	455	1.0e-111	400.2
BCW-200202_01237	gnl|TC-DB|Q9S2Y1|1.A.23.7.1	41.6	291	158	3	82	360	82	372	8.5e-53	204.1
BCW-200202_01247	gnl|TC-DB|Q15HU6|3.A.7.14.2	35.5	141	85	3	224	362	47	183	4.8e-14	75.5
BCW-200202_01250	gnl|TC-DB|Q9XD71|3.A.15.3.1	57.8	135	54	2	11	143	3	136	1.1e-37	152.5
BCW-200202_01258	gnl|TC-DB|Q47536|4.D.1.1.11	60.9	379	148	0	1	379	1	379	3.2e-137	484.6
BCW-200202_01284	gnl|TC-DB|P0AGA2|3.A.5.1.1	58.3	439	174	3	11	449	14	443	3.0e-137	485.0
BCW-200202_01298	gnl|TC-DB|P76115|1.B.14.9.5	42.1	708	381	15	4	696	5	698	3.4e-148	521.9
BCW-200202_01306	gnl|TC-DB|Q5XPH7|9.A.8.1.4	37.0	691	344	13	12	619	6	688	2.0e-104	376.3
BCW-200202_01319	gnl|TC-DB|Q9AGM8|3.A.15.3.1	27.7	646	422	13	83	717	67	678	8.5e-25	112.1
BCW-200202_01327	gnl|TC-DB|Q9XD71|3.A.15.3.1	31.3	131	84	3	18	143	4	133	4.1e-11	64.3
BCW-200202_01328	gnl|TC-DB|Q8VRL3|3.A.11.1.3	34.3	408	260	5	1	405	36	438	5.2e-48	188.3
BCW-200202_01329	gnl|TC-DB|Q8F3M7|3.A.15.4.1	42.5	558	310	6	18	570	6	557	3.3e-117	418.7
BCW-200202_01347	gnl|TC-DB|Q9KN48|3.A.23.1.1	45.6	263	126	5	193	446	164	418	8.7e-48	188.0
BCW-200202_01356	gnl|TC-DB|P36640|3.A.3.4.1	60.5	892	330	3	33	919	28	902	1.6e-291	998.4
BCW-200202_01357	gnl|TC-DB|P22037|9.B.20.1.1	40.9	198	108	3	19	213	11	202	4.1e-32	134.8
BCW-200202_01369	gnl|TC-DB|913616792|9.B.143.3.2	39.3	145	79	4	16	152	21	164	1.6e-14	76.3
BCW-200202_01375	gnl|TC-DB|P09348|1.A.30.1.1	47.2	284	150	0	1	284	1	284	4.4e-70	261.2
BCW-200202_01380	gnl|TC-DB|P0AFL1|3.A.1.11.2	59.0	266	108	1	13	277	15	280	1.5e-78	289.3
BCW-200202_01381	gnl|TC-DB|P31135|3.A.1.11.2	53.9	304	128	3	5	303	15	311	1.1e-87	319.7
BCW-200202_01382	gnl|TC-DB|P31134|3.A.1.11.2	60.5	357	141	0	21	377	20	376	3.5e-115	411.4
BCW-200202_01398	gnl|TC-DB|P42915|1.B.11.3.6	24.2	840	554	24	2	786	11	822	2.8e-37	153.7
BCW-200202_01412	gnl|TC-DB|P0AAQ6|3.A.5.1.1	45.3	117	63	1	1	117	1	116	4.0e-25	110.5
BCW-200202_01421	gnl|TC-DB|P43531|2.A.1.36.1	45.4	377	206	0	24	400	27	403	7.1e-85	310.8
BCW-200202_01436	gnl|TC-DB|P45522|2.A.37.1.2	42.4	550	310	3	10	556	7	552	2.9e-111	399.1
BCW-200202_01441	gnl|TC-DB|P60061|2.A.3.2.5	46.2	422	225	2	2	423	5	424	8.4e-100	360.5
BCW-200202_01442	gnl|TC-DB|B2FIM5|1.B.70.1.6	91.8	477	38	1	1	476	1	477	8.8e-233	802.4
BCW-200202_01445	gnl|TC-DB|D0WY71|2.A.66.4.5	42.5	543	276	6	3	537	2	516	6.3e-110	394.4
BCW-200202_01454	gnl|TC-DB|Q1CZJ4|1.B.14.10.3	33.9	236	122	9	119	339	2	218	5.0e-14	76.6
BCW-200202_01462	gnl|TC-DB|P0ABJ1|3.D.4.5.1	49.2	299	140	7	5	298	8	299	8.6e-76	280.4
BCW-200202_01463	gnl|TC-DB|P0ABI8|3.D.4.5.1	70.6	659	193	1	1	658	1	659	4.2e-289	989.9
BCW-200202_01464	gnl|TC-DB|P0ABJ3|3.D.4.5.1	61.3	212	74	2	1	212	1	204	1.9e-73	271.9
BCW-200202_01465	gnl|TC-DB|P0ABJ6|3.D.4.5.1	51.9	108	50	1	5	112	2	107	2.6e-26	114.4
BCW-200202_01466	gnl|TC-DB|P76330|9.B.34.1.4	37.7	159	96	2	139	294	398	556	2.4e-19	93.6
BCW-200202_01472	gnl|TC-DB|B7LEG0|1.A.34.1.2	35.8	268	118	5	47	260	112	379	1.6e-34	142.9
BCW-200202_01476	gnl|TC-DB|C6EJJ6|2.C.1.2.1	36.3	171	107	1	1	169	3	173	5.8e-25	110.5
BCW-200202_01477	gnl|TC-DB|P0A855|2.C.1.2.1	56.2	434	183	5	4	435	1	429	2.9e-44	176.0
BCW-200202_01479	gnl|TC-DB|Q55487|4.D.2.1.9	48.0	304	156	2	16	318	5	307	1.6e-77	286.2
BCW-200202_01483	gnl|TC-DB|Q1DCQ0|1.B.14.10.2	34.0	156	90	3	15	168	44	188	1.4e-11	68.6
BCW-200202_01491	gnl|TC-DB|Q6MDZ0|2.A.12.1.18	35.3	388	217	5	22	396	16	382	5.4e-59	224.9
BCW-200202_01499	gnl|TC-DB|P76169|2.A.7.26.1	63.1	103	38	0	1	103	2	104	5.6e-34	139.8
BCW-200202_01509	gnl|TC-DB|D4ZZR3|9.B.34.1.3	38.6	158	93	3	378	533	236	391	2.3e-19	93.6
BCW-200202_01524	gnl|TC-DB|Q9SXJ7|3.A.9.1.2	39.3	811	399	12	15	746	131	927	1.1e-152	537.0
BCW-200202_01533	gnl|TC-DB|P25714|2.A.9.3.1	41.1	482	269	9	74	547	54	528	7.9e-95	344.4
BCW-200202_01545	gnl|TC-DB|Q1D0D2|1.A.30.2.7	38.6	132	74	2	6	134	4	131	5.3e-16	80.5
BCW-200202_01546	gnl|TC-DB|Q1D0D2|1.A.30.2.7	36.2	130	78	2	6	135	7	131	9.0e-13	69.7
BCW-200202_01551	gnl|TC-DB|B8HSD7|9.B.126.2.6	34.3	248	154	2	16	254	26	273	2.7e-35	145.6
BCW-200202_01554	gnl|TC-DB|P39836|2.A.28.3.4	55.4	314	133	3	11	321	8	317	1.7e-86	315.8
BCW-200202_01566	gnl|TC-DB|B0RV55|2.A.7.34.2	86.3	117	16	0	1	117	1	117	6.2e-55	209.5
BCW-200202_01567	gnl|TC-DB|P77504|3.A.1.122.15	34.7	360	211	7	2	359	456	793	6.2e-40	161.4
BCW-200202_01569	gnl|TC-DB|P72958|2.A.47.4.1	29.4	620	393	10	13	615	15	606	1.6e-61	233.8
BCW-200202_01574	gnl|TC-DB|P23894|9.B.1.1.6	57.7	286	114	3	4	283	3	287	9.8e-86	313.2
BCW-200202_01580	gnl|TC-DB|Q8F3M7|3.A.15.4.1	41.9	489	262	6	130	598	70	556	3.9e-100	362.1
BCW-200202_01617	gnl|TC-DB|O06926|3.B.1.1.4	38.7	302	169	4	8	294	11	311	1.6e-54	209.5
BCW-200202_01619	gnl|TC-DB|O06924|3.B.1.1.4	62.4	548	201	2	5	547	7	554	3.8e-203	704.1
BCW-200202_01641	gnl|TC-DB|D7FD61|1.A.23.2.2	31.6	250	168	2	27	275	18	265	6.5e-32	134.4
BCW-200202_01642	gnl|TC-DB|P08839|8.A.7.1.1	26.8	426	263	14	348	755	114	508	3.6e-29	126.7
BCW-200202_01651	gnl|TC-DB|Q0VQY6|2.A.6.2.46	52.6	1047	480	7	1	1040	1	1038	3.0e-297	1017.7
BCW-200202_01652	gnl|TC-DB|Q8Y3G9|2.A.6.2.45	45.7	385	203	3	8	387	10	393	2.7e-76	282.3
BCW-200202_01655	gnl|TC-DB|P76330|9.B.34.1.4	35.4	158	93	3	185	335	401	556	8.9e-17	84.3
BCW-200202_01670	gnl|TC-DB|Q1CVN1|2.A.6.1.11	43.7	1028	573	6	1	1025	1	1025	2.0e-229	792.3
BCW-200202_01671	gnl|TC-DB|Q88RT5|2.A.6.1.5	25.5	322	225	7	74	389	104	416	1.1e-18	90.9
BCW-200202_01676	gnl|TC-DB|C5W790|2.A.1.3.36	25.8	314	206	5	34	338	44	339	1.9e-22	103.2
BCW-200202_01681	gnl|TC-DB|Q4FKW8|2.A.7.3.37	25.6	289	210	3	22	305	9	297	3.4e-23	105.5
BCW-200202_01709	gnl|TC-DB|B8F5K7|4.D.1.3.2	35.1	248	155	5	11	254	2	247	1.5e-32	136.3
BCW-200202_01710	gnl|TC-DB|G0CA41|9.B.67.7.3	54.5	393	179	0	20	412	1	393	1.3e-115	412.9
BCW-200202_01711	gnl|TC-DB|V5BTU4|9.B.142.2.8	25.5	451	281	16	12	440	17	434	7.8e-18	88.6
BCW-200202_01715	gnl|TC-DB|P33116|3.A.1.111.2	25.6	605	424	6	17	616	9	592	1.9e-62	236.9
BCW-200202_01728	gnl|TC-DB|Q93N33|2.A.21.9.2	28.1	249	162	5	680	921	774	1012	2.9e-14	77.8
BCW-200202_01739	gnl|TC-DB|Q89K67|2.A.55.2.6	70.7	430	126	0	13	442	21	450	2.4e-160	561.6
BCW-200202_01740	gnl|TC-DB|B5U2Z3|2.A.75.1.4	54.7	192	86	1	9	200	9	199	4.1e-46	181.0
BCW-200202_01752	gnl|TC-DB|P45394|2.A.19.5.1	30.2	318	207	4	4	311	3	315	2.0e-23	106.3
BCW-200202_01754	gnl|TC-DB|Q52983|2.A.63.1.1	43.5	85	48	0	10	94	8	92	1.9e-14	74.7
BCW-200202_01756	gnl|TC-DB|Q52981|2.A.63.1.1	40.2	537	274	10	1	501	5	530	3.4e-89	325.5
BCW-200202_01757	gnl|TC-DB|Q52980|2.A.63.1.1	53.0	115	54	0	1	115	1	115	9.7e-25	109.4
BCW-200202_01758	gnl|TC-DB|Q52978|2.A.63.1.1	50.3	948	424	13	5	911	32	973	7.1e-234	807.0
BCW-200202_01761	gnl|TC-DB|A3M582|2.A.1.3.63	25.2	401	292	4	29	422	41	440	2.8e-18	89.7
BCW-200202_01763	gnl|TC-DB|P37665|9.B.186.1.1	52.9	140	66	0	90	229	80	219	2.2e-35	145.6
BCW-200202_01778	gnl|TC-DB|C6EIY9|3.A.1.105.15	32.9	383	233	7	1	370	6	377	7.3e-41	164.5
BCW-200202_01779	gnl|TC-DB|Q4VWC9|3.A.1.105.4	50.2	217	108	0	1	217	342	558	2.9e-59	225.3
BCW-200202_01802	gnl|TC-DB|Q5FAM9|2.A.66.1.21	33.0	452	298	3	1	451	1	448	1.5e-64	243.4
BCW-200202_01814	gnl|TC-DB|B2SKA7|1.B.1.12.1	59.3	194	71	2	5	190	1	194	2.8e-65	244.6
BCW-200202_01824	gnl|TC-DB|Q166T6|2.A.1.8.11	55.2	464	202	3	11	472	7	466	1.4e-145	512.7
BCW-200202_01825	gnl|TC-DB|P09152|5.A.3.1.1	69.8	1240	368	6	1	1237	1	1237	0.0e+00	1885.2
BCW-200202_01826	gnl|TC-DB|P11349|5.A.3.1.1	73.9	498	128	2	1	496	1	498	8.9e-231	795.8
BCW-200202_01833	gnl|TC-DB|A3QE50|8.A.59.4.2	39.7	214	116	2	157	357	176	389	1.0e-34	144.1
BCW-200202_01837	gnl|TC-DB|P69451|4.C.1.1.4	60.0	553	218	3	3	554	1	551	8.3e-190	659.8
BCW-200202_01839	gnl|TC-DB|P48632|1.B.14.1.6	37.2	688	392	11	59	731	153	815	1.8e-120	429.9
BCW-200202_01843	gnl|TC-DB|B5U2Z3|2.A.75.1.4	35.6	191	122	1	16	205	8	198	3.1e-28	121.7
BCW-200202_01845	gnl|TC-DB|Q5KYD1|2.A.17.1.7	31.0	591	293	12	4	584	11	496	1.9e-64	243.4
BCW-200202_01846	gnl|TC-DB|V5FN92|9.B.169.1.12	46.9	377	195	4	8	383	20	392	1.7e-85	312.8
BCW-200202_01847	gnl|TC-DB|O58099|2.A.67.4.2	45.7	588	281	10	61	644	67	620	1.6e-120	429.9
BCW-200202_01849	gnl|TC-DB|P98002|3.D.4.6.1	51.4	556	244	6	1	530	1	556	1.7e-155	545.8
BCW-200202_01852	gnl|TC-DB|Q3J5F6|3.D.4.6.2	41.7	288	127	6	11	290	9	263	1.8e-50	196.1
BCW-200202_01854	gnl|TC-DB|P15729|2.A.1.1.32	48.1	468	239	4	6	472	4	468	2.2e-114	409.1
BCW-200202_01855	gnl|TC-DB|Q8EXV0|3.D.1.9.3	47.7	88	46	0	1	88	1	88	3.5e-20	94.0
BCW-200202_01861	gnl|TC-DB|W9BHF5|2.A.6.2.49	60.7	1023	398	3	1	1021	1	1021	0.0e+00	1156.4
BCW-200202_01862	gnl|TC-DB|Q2FD71|2.A.6.2.40	43.5	379	207	2	1	372	12	390	5.0e-74	274.6
BCW-200202_01873	gnl|TC-DB|M3JA40|1.B.52.2.1	51.9	79	38	0	1	79	280	358	1.3e-13	73.2
BCW-200202_01881	gnl|TC-DB|D1F3T8|2.A.1.3.42	46.6	313	167	0	1	313	554	866	1.2e-79	293.1
BCW-200202_01890	gnl|TC-DB|P62517|4.D.3.1.1	36.1	280	168	7	1	275	456	729	3.0e-34	142.1
BCW-200202_01892	gnl|TC-DB|F4LXP4|8.A.59.2.1	33.8	139	90	2	146	283	288	425	7.4e-16	81.3
BCW-200202_01895	gnl|TC-DB|Q72GR8|3.D.2.2.2	52.2	345	164	1	9	352	8	352	1.3e-87	319.7
BCW-200202_01899	gnl|TC-DB|Q72GR9|3.D.2.2.2	71.4	91	26	0	7	97	8	98	7.4e-31	129.4
BCW-200202_01900	gnl|TC-DB|Q72GS0|3.D.2.2.2	54.9	472	188	5	12	482	3	450	5.1e-127	451.1
BCW-200202_01901	gnl|TC-DB|D4ZZR3|9.B.34.1.3	41.4	169	93	2	844	1008	230	396	6.2e-26	116.3
BCW-200202_01906	gnl|TC-DB|F8SVK1|2.A.1.6.11	63.6	550	196	2	3	551	2	548	2.0e-196	681.8
BCW-200202_01907	gnl|TC-DB|B2FIM5|1.B.70.1.6	32.7	388	210	13	101	475	126	475	1.7e-42	170.2
BCW-200202_01908	gnl|TC-DB|P31552|4.C.1.1.6	24.1	555	350	18	81	615	14	517	1.3e-29	127.9
BCW-200202_01913	gnl|TC-DB|Q72L52|3.A.1.1.24	53.6	364	158	4	1	356	1	361	4.4e-99	357.8
BCW-200202_01922	gnl|TC-DB|Q9KN48|3.A.23.1.1	39.3	333	184	4	140	454	193	525	7.8e-53	204.5
BCW-200202_01925	gnl|TC-DB|P22608|3.A.15.2.1	53.7	570	253	5	10	576	5	566	1.4e-168	589.3
BCW-200202_01926	gnl|TC-DB|P04739|3.A.15.2.1	36.1	147	83	1	1	136	1	147	7.0e-13	70.1
BCW-200202_01927	gnl|TC-DB|P04739|3.A.15.2.1	40.0	150	74	4	1	137	1	147	2.2e-14	75.1
BCW-200202_01928	gnl|TC-DB|P22609|3.A.15.2.1	56.9	376	157	4	46	419	2	374	2.3e-112	402.1
BCW-200202_01929	gnl|TC-DB|P22610|3.A.15.2.1	52.4	290	128	4	3	287	6	290	8.3e-77	283.5
BCW-200202_01930	gnl|TC-DB|Q2FD80|2.A.6.2.44	40.7	423	233	6	10	420	66	482	1.6e-60	229.9
BCW-200202_01934	gnl|TC-DB|M3JA40|1.B.52.2.1	31.5	178	108	3	429	592	283	460	1.0e-15	81.6
BCW-200202_01937	gnl|TC-DB|P52067|2.A.1.35.1	60.9	391	153	0	5	395	13	403	2.0e-129	458.8
BCW-200202_01941	gnl|TC-DB|P0A6Y8|1.A.33.1.2	73.4	640	166	3	1	638	1	638	1.0e-260	895.6
BCW-200202_01942	gnl|TC-DB|P38523|3.A.8.1.1	34.2	117	70	1	57	166	104	220	4.6e-14	74.3
BCW-200202_01946	gnl|TC-DB|Q9RBY7|2.A.6.2.41	94.3	247	14	0	1	247	225	471	4.7e-121	430.3
BCW-200202_01960	gnl|TC-DB|Q57134|3.A.11.2.2	49.3	69	35	0	6	74	42	110	2.2e-13	71.2
BCW-200202_01981	gnl|TC-DB|F8CVI0|1.B.52.2.2	33.6	140	87	3	91	224	150	289	9.9e-12	67.8
BCW-200202_01985	gnl|TC-DB|P0AAP1|9.B.34.1.2	33.0	179	113	3	458	633	191	365	3.5e-20	97.1
BCW-200202_01993	gnl|TC-DB|P23865|9.B.174.1.2	39.2	715	366	12	8	702	4	669	1.2e-124	443.7
BCW-200202_02002	gnl|TC-DB|P76298|1.A.104.1.1	51.2	683	319	3	20	701	20	689	3.4e-180	628.2
BCW-200202_02003	gnl|TC-DB|P40727|3.A.6.2.1	38.8	361	219	1	5	363	4	364	1.7e-66	249.6
BCW-200202_02005	gnl|TC-DB|P54702|3.A.6.2.1	36.9	241	149	3	23	262	18	256	5.9e-29	124.4
BCW-200202_02007	gnl|TC-DB|P54700|3.A.6.2.1	53.3	246	105	2	15	256	4	243	1.6e-55	212.6
BCW-200202_02009	gnl|TC-DB|P26419|3.A.6.2.1	52.5	99	47	0	12	110	37	135	2.9e-25	110.9
BCW-200202_02013	gnl|TC-DB|G0LBU8|1.B.14.6.11	31.5	794	442	22	22	753	192	945	8.3e-87	318.2
BCW-200202_02020	gnl|TC-DB|P76460|2.A.73.1.1	32.7	447	280	8	23	467	12	439	7.9e-56	214.5
BCW-200202_02026	gnl|TC-DB|P0AA67|2.A.7.3.6	48.9	274	139	1	2	274	12	285	2.2e-66	248.8
BCW-200202_02029	gnl|TC-DB|P16869|1.B.14.1.1	45.2	723	363	7	16	719	21	729	5.9e-180	627.5
BCW-200202_02040	gnl|TC-DB|Q2G2M9|3.A.1.106.2	32.6	576	372	8	24	586	1	573	6.9e-81	298.1
BCW-200202_02044	gnl|TC-DB|Q56222|3.D.1.3.1	35.3	303	186	3	67	361	62	362	4.2e-49	192.2
BCW-200202_02049	gnl|TC-DB|O31711|3.A.1.122.2	48.6	218	112	0	3	220	1	218	4.7e-57	217.6
BCW-200202_02053	gnl|TC-DB|Q9KN48|3.A.23.1.1	36.9	290	158	5	122	402	176	449	5.9e-37	151.8
BCW-200202_02058	gnl|TC-DB|P0A6E6|3.A.2.1.1	47.0	134	71	0	3	136	4	137	7.3e-26	113.2
BCW-200202_02059	gnl|TC-DB|P0ABB4|3.A.2.1.1	80.3	466	84	2	1	464	1	460	4.5e-213	736.9
BCW-200202_02060	gnl|TC-DB|P0ABA6|3.A.2.1.1	59.0	288	116	2	1	287	1	287	1.7e-93	339.0
BCW-200202_02061	gnl|TC-DB|P0ABB0|3.A.2.1.1	74.4	511	131	0	5	515	3	513	1.8e-215	745.0
BCW-200202_02062	gnl|TC-DB|P0ABA4|3.A.2.1.1	37.5	176	106	2	1	173	1	175	5.5e-23	104.0
BCW-200202_02063	gnl|TC-DB|P0ABA0|3.A.2.1.1	35.3	156	101	0	1	156	1	156	2.3e-12	68.6
BCW-200202_02064	gnl|TC-DB|P68699|3.A.2.1.1	53.7	67	31	0	18	84	11	77	1.5e-12	68.6
BCW-200202_02065	gnl|TC-DB|P0AB98|3.A.2.1.1	45.7	276	135	4	1	266	1	271	2.4e-62	235.3
BCW-200202_02078	gnl|TC-DB|Q9EV03|1.A.23.1.2	29.1	296	204	2	254	543	785	1080	7.3e-29	125.2
BCW-200202_02093	gnl|TC-DB|Q9X4A5|2.A.15.1.11	45.1	503	265	3	2	496	7	506	1.2e-116	416.8
BCW-200202_02095	gnl|TC-DB|K6KRX2|1.A.1.28.6	41.6	209	116	3	17	221	15	221	4.1e-31	131.3
BCW-200202_02099	gnl|TC-DB|P17315|1.B.14.1.4	29.6	774	395	20	42	806	31	663	1.6e-77	287.3
BCW-200202_02117	gnl|TC-DB|Q93N33|2.A.21.9.2	40.8	559	296	8	335	876	613	1153	4.3e-108	389.0
BCW-200202_02119	gnl|TC-DB|Q0C3J5|1.B.71.1.4	29.7	229	148	6	1	227	1	218	1.3e-19	93.2
BCW-200202_02124	gnl|TC-DB|Q93SS1|3.A.1.14.19	42.2	258	130	3	7	246	1	257	5.0e-49	191.0
BCW-200202_02125	gnl|TC-DB|O68878|3.A.1.14.21	46.4	323	160	6	29	342	7	325	1.7e-60	229.6
BCW-200202_02126	gnl|TC-DB|A8GDS8|3.A.1.14.16	34.0	238	146	5	30	264	26	255	1.0e-21	100.5
BCW-200202_02128	gnl|TC-DB|A6V120|9.B.14.3.5	40.5	259	147	4	5	259	8	263	1.0e-36	150.2
BCW-200202_02129	gnl|TC-DB|P0AGD7|3.A.5.1.1	60.3	426	168	1	1	426	1	425	2.2e-132	468.8
BCW-200202_02143	gnl|TC-DB|Q02P42|2.A.117.1.2	47.4	135	71	0	5	139	25	159	1.0e-30	129.4
BCW-200202_02155	gnl|TC-DB|P33231|2.A.14.1.1	76.3	552	130	1	1	552	1	551	3.0e-240	827.4
BCW-200202_02164	gnl|TC-DB|G0LBU8|1.B.14.6.11	38.5	174	93	6	24	188	186	354	1.8e-16	84.7
BCW-200202_02165	gnl|TC-DB|P69213|2.A.7.1.9	42.7	103	59	0	12	114	3	105	7.4e-16	79.7
BCW-200202_02167	gnl|TC-DB|Q1R209|1.B.14.7.1	30.5	131	84	1	89	212	71	201	2.3e-11	67.8
BCW-200202_02172	gnl|TC-DB|Q9F241|2.A.6.2.42	96.0	374	15	0	1	374	1	374	5.0e-181	630.2
BCW-200202_02173	gnl|TC-DB|Q9F240|2.A.6.2.42	99.3	1040	7	0	1	1040	1	1040	0.0e+00	1954.9
BCW-200202_02174	gnl|TC-DB|Q9F239|2.A.6.2.42	99.1	461	4	0	1	461	6	466	4.7e-247	849.7
BCW-200202_02175	gnl|TC-DB|A8GHT9|2.A.1.36.2	42.1	378	219	0	3	380	20	397	8.1e-62	234.2
BCW-200202_02182	gnl|TC-DB|A9BQS6|2.A.7.37.1	61.4	127	49	0	1	127	1	127	5.2e-42	166.8
BCW-200202_02184	gnl|TC-DB|Q9V0A4|3.B.1.1.5	35.5	519	304	11	22	523	3	507	5.0e-75	278.5
BCW-200202_02189	gnl|TC-DB|G0LBU8|1.B.14.6.11	36.7	207	111	7	33	225	182	382	2.6e-18	90.9
BCW-200202_02190	gnl|TC-DB|P18275|2.A.3.2.3	56.7	478	199	2	4	473	5	482	4.8e-146	514.2
BCW-200202_02206	gnl|TC-DB|O59010|2.A.23.1.5	34.7	395	224	8	44	424	49	423	1.4e-51	200.3
BCW-200202_02222	gnl|TC-DB|P11461|1.B.14.1.11	47.5	708	355	5	37	731	23	726	3.9e-195	677.9
BCW-200202_02229	gnl|TC-DB|Q1D520|3.A.1.145.1	43.0	880	491	4	6	881	316	1188	3.1e-199	691.8
BCW-200202_02231	gnl|TC-DB|Q6MMD5|9.B.18.2.1	38.5	558	331	6	64	613	72	625	6.1e-104	374.8
BCW-200202_02232	gnl|TC-DB|G2HLY8|9.B.146.1.2	29.7	300	185	7	32	319	26	311	2.3e-22	102.8
BCW-200202_02253	gnl|TC-DB|G0LBU8|1.B.14.6.11	37.5	184	103	6	39	213	202	382	1.7e-16	84.7
BCW-200202_02260	gnl|TC-DB|P0AG93|2.A.6.4.1	39.8	294	166	4	16	306	18	303	3.1e-51	198.7
BCW-200202_02261	gnl|TC-DB|P0AG90|2.A.6.4.1	42.4	618	339	9	4	613	5	613	8.5e-127	450.7
BCW-200202_02262	gnl|TC-DB|P0ADZ7|3.A.5.1.1	40.7	108	62	2	4	110	1	107	7.7e-18	86.3
BCW-200202_02267	gnl|TC-DB|D4ZZR3|9.B.34.1.3	35.2	176	105	4	295	465	221	392	1.6e-20	97.8
BCW-200202_02269	gnl|TC-DB|P0C105|2.A.1.7.2	52.8	415	165	3	22	429	22	412	2.3e-110	395.6
BCW-200202_02286	gnl|TC-DB|Q9P6J2|2.A.89.3.8	47.4	228	120	0	5	232	7	234	6.9e-45	177.2
BCW-200202_02289	gnl|TC-DB|Q8X6C1|1.B.12.1.6	35.2	582	332	13	245	792	779	1349	1.5e-59	227.6
BCW-200202_02297	gnl|TC-DB|G0LBU8|1.B.14.6.11	39.9	153	81	5	33	178	197	345	8.1e-17	85.9
BCW-200202_02298	gnl|TC-DB|Q93N33|2.A.21.9.2	27.8	316	195	7	421	711	751	1058	2.1e-20	97.8
BCW-200202_02302	gnl|TC-DB|Q7BCK4|1.B.12.1.2	32.4	503	309	8	595	1082	616	1102	1.2e-48	191.8
BCW-200202_02310	gnl|TC-DB|G7US21|1.B.46.1.5	48.4	217	105	5	1	217	1	210	4.4e-46	181.0
BCW-200202_02333	gnl|TC-DB|D4ZZR3|9.B.34.1.3	34.5	177	112	2	177	349	220	396	6.0e-21	98.2
BCW-200202_02336	gnl|TC-DB|P76417|2.A.1.10.4	39.7	401	227	5	6	394	5	402	2.4e-77	285.8
BCW-200202_02346	gnl|TC-DB|D6TT54|3.A.1.148.3	42.5	299	166	2	2	300	3	295	1.9e-60	229.2
BCW-200202_02374	gnl|TC-DB|P74477|2.A.49.6.1	32.6	362	212	11	111	459	91	433	3.3e-30	129.4
BCW-200202_02379	gnl|TC-DB|P46333|2.A.1.1.106	26.0	576	279	8	22	596	10	439	1.6e-37	154.1
BCW-200202_02386	gnl|TC-DB|G0LBU8|1.B.14.6.11	37.8	193	96	8	38	220	192	370	3.6e-18	90.5
BCW-200202_02388	gnl|TC-DB|G0JXK9|2.A.123.4.3	97.4	115	3	0	1	115	1	115	1.1e-64	241.9
BCW-200202_02389	gnl|TC-DB|Q55487|4.D.2.1.9	23.1	208	155	3	5	210	4	208	3.8e-14	75.1
BCW-200202_02429	gnl|TC-DB|F0BFS6|2.A.7.3.15	56.6	302	128	2	6	305	5	305	5.5e-90	327.4
BCW-200202_02433	gnl|TC-DB|E7BBJ2|9.B.102.5.5	41.6	125	73	0	11	135	9	133	1.4e-21	99.0
BCW-200202_02434	gnl|TC-DB|D6CUL1|9.B.102.5.1	40.7	140	75	3	4	140	11	145	2.1e-15	78.6
BCW-200202_02441	gnl|TC-DB|Q9HV74|2.A.21.9.1	27.2	334	205	10	30	355	654	957	3.6e-19	92.4
BCW-200202_02462	gnl|TC-DB|P60844|1.A.8.3.1	67.1	231	69	2	3	233	1	224	6.3e-78	287.0
BCW-200202_02481	gnl|TC-DB|D6I8Y6|4.F.1.3.3	46.2	171	88	2	1	169	1	169	5.3e-33	137.5
BCW-200202_02488	gnl|TC-DB|P0AC31|3.A.1.140.1	34.8	282	179	3	36	312	70	351	3.3e-34	142.1
BCW-200202_02489	gnl|TC-DB|P0A9R7|3.A.1.140.1	51.2	215	105	0	3	217	1	215	9.0e-58	219.9
BCW-200202_02490	gnl|TC-DB|P63183|2.A.72.1.1	48.0	600	309	2	40	639	26	622	1.5e-158	556.2
BCW-200202_02506	gnl|TC-DB|P46482|8.A.1.7.1	37.6	295	181	3	1	294	1	293	2.7e-49	192.2
BCW-200202_02513	gnl|TC-DB|Q82VI7|1.B.14.1.10	36.2	704	416	15	16	695	130	824	1.6e-105	380.2
BCW-200202_02514	gnl|TC-DB|Q8XWY0|1.B.46.1.3	35.2	210	128	4	6	210	7	213	9.0e-28	120.2
BCW-200202_02516	gnl|TC-DB|P46889|3.A.12.1.2	63.0	497	175	2	288	784	840	1327	3.2e-171	598.6
BCW-200202_02524	gnl|TC-DB|P0C0L7|2.A.1.6.4	52.4	462	209	3	15	468	5	463	3.6e-136	481.5
BCW-200202_02528	gnl|TC-DB|Q8EDM8|1.B.14.8.4	24.0	721	422	26	18	683	55	704	3.4e-31	133.3
BCW-200202_02536	gnl|TC-DB|Q5EGM5|9.A.25.1.1	28.9	201	119	5	123	308	260	451	7.5e-15	77.8
BCW-200202_02541	gnl|TC-DB|P0ABG7|2.A.103.1.2	45.7	348	184	2	20	362	16	363	1.8e-79	292.7
BCW-200202_02544	gnl|TC-DB|P75957|3.A.1.125.1	57.6	231	92	1	1	231	1	225	8.1e-70	260.0
BCW-200202_02545	gnl|TC-DB|P0ADC3|3.A.1.125.1	35.2	420	244	10	1	413	1	399	2.0e-55	213.0
BCW-200202_02548	gnl|TC-DB|X5GWN5|3.D.10.1.6	63.7	259	89	4	1	259	1	254	4.3e-96	347.4
BCW-200202_02549	gnl|TC-DB|X5H3P0|3.D.10.1.6	65.3	597	204	3	1	596	3	597	8.2e-236	812.8
BCW-200202_02566	gnl|TC-DB|Q9HWU4|1.B.11.3.7	40.9	849	473	19	20	848	1	840	1.4e-156	550.1
BCW-200202_02575	gnl|TC-DB|Q93N33|2.A.21.9.2	30.2	245	157	4	532	769	782	1019	4.9e-19	93.2
BCW-200202_02582	gnl|TC-DB|Q4LDT8|2.A.6.2.35	67.5	1021	332	0	1	1021	1	1021	0.0e+00	1280.8
BCW-200202_02583	gnl|TC-DB|Q9I3R2|2.A.6.2.35	49.6	337	167	3	39	375	35	368	4.7e-75	278.1
BCW-200202_02590	gnl|TC-DB|P42107|9.B.169.1.1	28.9	409	238	10	27	407	15	398	1.2e-28	124.0
BCW-200202_02605	gnl|TC-DB|P0AG96|3.A.5.1.1	45.6	79	43	0	55	133	43	121	3.4e-12	67.8
BCW-200202_02608	gnl|TC-DB|Q9ZK21|1.C.82.1.1	49.8	225	112	1	5	229	7	230	1.6e-54	209.1
BCW-200202_02619	gnl|TC-DB|Q4ZLW8|2.A.15.1.3	68.1	656	199	4	11	659	12	664	9.0e-260	892.5
BCW-200202_02620	gnl|TC-DB|G0LBU8|1.B.14.6.11	35.6	188	107	6	37	213	198	382	4.6e-17	86.7
BCW-200202_02643	gnl|TC-DB|P76249|2.A.76.1.5	27.5	207	141	5	14	218	8	207	9.9e-17	83.6
BCW-200202_02645	gnl|TC-DB|P23895|2.A.7.1.3	62.7	110	41	0	1	110	1	110	8.2e-33	136.0
BCW-200202_02662	gnl|TC-DB|P29939|2.A.7.2.1	54.8	135	61	0	7	141	5	139	8.8e-35	142.9
BCW-200202_02665	gnl|TC-DB|Q8ZP50|1.B.39.1.1	36.1	208	125	6	9	209	6	212	6.8e-28	120.6
BCW-200202_02669	gnl|TC-DB|Q9M353|2.A.37.4.8	36.1	435	255	8	41	455	2	433	2.4e-54	209.5
BCW-200202_02686	gnl|TC-DB|P64592|9.B.124.1.1	45.5	121	57	2	1	120	1	113	1.4e-17	85.5
BCW-200202_02690	gnl|TC-DB|A2BTW4|9.B.150.1.3	31.1	209	126	4	14	214	20	218	1.8e-18	89.4
BCW-200202_02691	gnl|TC-DB|B2FPS5|2.A.88.8.5	97.3	261	7	0	1	261	1	261	5.7e-141	496.5
BCW-200202_02716	gnl|TC-DB|P24183|5.A.3.2.1	68.4	193	61	0	4	196	3	195	1.5e-77	285.4
BCW-200202_02717	gnl|TC-DB|P24183|5.A.3.2.1	59.0	808	325	3	1	808	213	1014	2.9e-308	1053.9
BCW-200202_02718	gnl|TC-DB|P0AAJ3|5.A.3.2.1	67.8	289	89	4	1	287	1	287	3.6e-118	421.0
BCW-200202_02719	gnl|TC-DB|P0AEK7|5.A.3.2.1	43.5	200	113	0	8	207	5	204	1.9e-49	192.2
BCW-200202_02730	gnl|TC-DB|P35818|1.B.22.1.2	33.1	694	390	13	13	699	25	651	3.2e-86	316.2
BCW-200202_02731	gnl|TC-DB|P15645|3.A.15.1.1	52.5	480	215	5	7	474	11	489	5.9e-136	480.7
BCW-200202_02732	gnl|TC-DB|P15745|3.A.15.1.1	39.3	399	221	2	1	398	1	379	1.2e-62	236.9
BCW-200202_02733	gnl|TC-DB|D0VWY2|3.A.1.7.3	44.4	392	167	16	29	394	3	369	6.5e-72	267.7
BCW-200202_02764	gnl|TC-DB|Q8R706|2.A.3.3.22	48.0	458	221	5	33	489	29	470	3.1e-108	388.7
BCW-200202_02765	gnl|TC-DB|Q8R706|2.A.3.3.22	46.5	411	209	4	17	426	23	423	1.4e-97	353.2
BCW-200202_02768	gnl|TC-DB|Q9FI56|3.A.9.1.2	45.1	864	400	11	4	852	96	900	5.0e-202	701.0
BCW-200202_02772	gnl|TC-DB|P0AC02|1.B.33.1.3	36.0	239	143	3	15	247	7	241	1.0e-37	153.7
BCW-200202_02782	gnl|TC-DB|P0AAH0|3.A.1.7.1	65.2	256	89	0	21	276	2	257	3.1e-97	351.3
BCW-200202_02783	gnl|TC-DB|P07654|3.A.1.7.1	51.8	284	135	2	1	283	12	294	9.8e-78	286.6
BCW-200202_02784	gnl|TC-DB|P0AGH8|3.A.1.7.1	50.7	304	148	2	20	321	14	317	2.1e-81	298.9
BCW-200202_02785	gnl|TC-DB|P0AG82|3.A.1.7.1	52.9	314	146	1	49	362	27	338	2.1e-93	339.0
BCW-200202_02789	gnl|TC-DB|O34474|2.A.66.1.25	33.8	429	282	1	13	439	16	444	4.5e-61	231.9
BCW-200202_02797	gnl|TC-DB|P76249|2.A.76.1.5	39.4	203	120	3	5	205	6	207	3.5e-32	134.8
BCW-200202_02800	gnl|TC-DB|P77735|8.A.5.1.6	29.2	332	211	7	1	318	1	322	4.0e-30	128.6
BCW-200202_02801	gnl|TC-DB|Q8R706|2.A.3.3.22	43.2	477	252	7	3	475	9	470	9.2e-89	323.9
BCW-200202_02802	gnl|TC-DB|Q8F8H7|2.A.53.3.8	50.3	195	97	0	2	196	539	733	3.6e-56	214.5
BCW-200202_02808	gnl|TC-DB|P77735|8.A.5.1.6	28.5	305	196	7	10	302	2	296	5.2e-22	101.7
BCW-200202_02822	gnl|TC-DB|P0ABJ1|3.D.4.5.1	55.8	274	119	2	20	291	22	295	6.7e-85	310.5
BCW-200202_02823	gnl|TC-DB|P0ABI8|3.D.4.5.1	66.6	647	215	1	1	646	1	647	2.8e-261	897.5
BCW-200202_02824	gnl|TC-DB|P0ABJ3|3.D.4.5.1	64.0	203	72	1	9	210	1	203	1.9e-70	261.9
BCW-200202_02825	gnl|TC-DB|P0ABJ6|3.D.4.5.1	46.4	110	58	1	1	110	1	109	1.0e-22	102.4
BCW-200202_02830	gnl|TC-DB|Q9KMQ3|2.A.1.2.42	39.7	360	216	1	6	365	7	365	9.0e-55	210.7
BCW-200202_02839	gnl|TC-DB|P77735|8.A.5.1.6	33.5	316	191	6	7	312	6	312	1.3e-38	156.8
BCW-200202_02853	gnl|TC-DB|O80800|3.D.1.6.3	50.0	78	39	0	2	79	48	125	2.3e-13	70.9
BCW-200202_02858	gnl|TC-DB|P0AAT4|1.A.23.4.5	47.7	310	155	3	110	415	105	411	1.3e-78	290.0
BCW-200202_02868	gnl|TC-DB|G4FGN8|3.A.1.1.41	28.5	438	250	18	8	415	1	405	2.2e-28	123.2
BCW-200202_02869	gnl|TC-DB|Q7WWQ9|3.A.1.1.20	36.4	275	171	2	8	282	11	281	6.3e-48	187.6
BCW-200202_02870	gnl|TC-DB|Q9X9R5|3.A.1.1.23	37.9	261	160	2	19	278	17	276	2.6e-43	172.2
BCW-200202_02875	gnl|TC-DB|P0A8K8|9.B.126.2.1	32.7	272	180	2	12	282	7	276	1.9e-37	153.3
BCW-200202_02877	gnl|TC-DB|Q9HT68|3.A.1.24.5	64.0	264	91	1	1	264	1	260	1.9e-88	322.0
BCW-200202_02880	gnl|TC-DB|Q52000|2.A.1.6.3	44.4	399	214	4	28	425	22	413	8.3e-84	307.4
BCW-200202_02881	gnl|TC-DB|p0aa70|2.A.7.3.22	44.8	279	150	3	20	297	12	287	7.0e-58	220.7
BCW-200202_02882	gnl|TC-DB|P27844|2.A.7.7.2	41.6	293	170	1	3	295	1	292	3.4e-57	218.4
BCW-200202_02883	gnl|TC-DB|Q1DCQ0|1.B.14.10.2	34.3	134	77	1	38	171	66	188	2.5e-13	74.3
BCW-200202_02887	gnl|TC-DB|O31711|3.A.1.122.2	48.2	222	114	1	4	225	1	221	1.3e-56	216.1
BCW-200202_02889	gnl|TC-DB|Q7AKK4|3.A.1.105.14	39.4	287	161	5	23	298	25	309	6.9e-42	167.5
BCW-200202_02901	gnl|TC-DB|Q9I5N4|1.B.20.3.6	53.0	504	222	3	26	522	49	544	1.2e-145	513.1
BCW-200202_02902	gnl|TC-DB|P0ABU9|1.A.30.2.2	31.3	217	139	6	364	580	11	217	2.4e-14	77.0
BCW-200202_02903	gnl|TC-DB|Q1D0D2|1.A.30.2.7	33.3	132	88	0	1	132	1	132	1.4e-13	72.4
BCW-200202_02905	gnl|TC-DB|F7STR2|1.B.62.1.7	53.4	539	240	3	44	581	38	566	6.5e-161	563.9
BCW-200202_02922	gnl|TC-DB|O34474|2.A.66.1.25	38.4	443	269	3	13	453	18	458	4.4e-78	288.5
BCW-200202_02926	gnl|TC-DB|Q2KCS0|2.A.115.1.3	48.0	200	104	0	36	235	11	210	4.2e-50	194.5
BCW-200202_02928	gnl|TC-DB|C9VRY8|2.A.86.1.5	35.9	334	203	3	31	360	62	388	3.8e-40	162.2
BCW-200202_02935	gnl|TC-DB|P77223|3.D.6.1.4	47.6	105	54	1	6	109	35	139	6.2e-22	100.1
BCW-200202_02941	gnl|TC-DB|P0AAP1|9.B.34.1.2	28.6	220	116	7	244	449	174	366	2.8e-13	73.2
BCW-200202_02948	gnl|TC-DB|P76103|2.A.46.1.9	50.3	374	186	0	16	389	9	382	7.1e-95	344.0
BCW-200202_02949	gnl|TC-DB|B3E680|9.B.99.1.6	27.5	255	159	7	13	249	19	265	6.4e-15	77.8
BCW-200202_02956	gnl|TC-DB|G0LBU8|1.B.14.6.11	33.2	813	465	17	31	795	194	976	1.4e-102	370.5
BCW-200202_02957	gnl|TC-DB|Q83XH1|3.A.1.121.4	31.2	512	342	5	1	504	1	510	3.1e-68	256.1
BCW-200202_02961	gnl|TC-DB|Q8EJD3|2.A.59.1.3	55.2	339	152	0	7	345	1	339	1.9e-99	359.0
BCW-200202_02981	gnl|TC-DB|P21647|1.B.11.3.2	38.0	790	475	8	16	800	37	816	1.0e-164	577.0
BCW-200202_02988	gnl|TC-DB|P31466|2.A.40.7.6	52.5	432	198	1	3	434	14	438	6.5e-113	404.1
BCW-200202_02995	gnl|TC-DB|P63144|8.A.5.1.3	31.0	326	201	10	1	310	71	388	1.9e-29	126.3
BCW-200202_02996	gnl|TC-DB|Q51532|3.A.15.2.1	67.2	369	121	0	8	376	1	369	7.0e-148	520.0
BCW-200202_02997	gnl|TC-DB|P24559|3.A.15.2.1	79.1	339	71	0	1	339	1	339	3.8e-153	537.3
BCW-200202_03020	gnl|TC-DB|Q9S3J9|2.A.1.2.18	31.6	374	254	2	9	381	4	376	5.0e-40	161.8
BCW-200202_03022	gnl|TC-DB|G8WDN4|2.A.76.1.10	71.6	211	59	1	1	211	1	210	1.6e-80	295.4
BCW-200202_03024	gnl|TC-DB|M3JA40|1.B.52.2.1	30.1	183	112	2	376	543	278	459	9.0e-11	65.1
BCW-200202_03032	gnl|TC-DB|L5DDD7|2.A.109.2.3	43.9	230	128	1	4	233	371	599	9.8e-50	193.4
BCW-200202_03090	gnl|TC-DB|A0ZUB1|3.A.1.122.12	54.7	649	294	0	6	654	2	650	1.7e-186	649.0
BCW-200202_03091	gnl|TC-DB|Q84BQ3|3.A.1.122.12	47.9	351	176	2	31	381	9	352	3.0e-53	205.7
BCW-200202_03093	gnl|TC-DB|Q93N33|2.A.21.9.2	26.2	267	165	9	202	437	747	1012	3.9e-12	69.3
BCW-200202_03099	gnl|TC-DB|Q8G8W9|1.B.14.1.26	25.6	567	328	20	49	565	131	653	1.9e-35	147.1
BCW-200202_03127	gnl|TC-DB|P75870|2.A.85.1.1	36.8	699	422	7	19	713	17	699	9.7e-114	407.5
BCW-200202_03129	gnl|TC-DB|Q89SS6|2.A.1.42.2	33.9	590	371	9	9	593	5	580	1.8e-68	256.9
BCW-200202_03131	gnl|TC-DB|G7H3K9|8.A.58.2.6	57.4	61	26	0	6	66	41	101	9.3e-14	72.4
BCW-200202_03155	gnl|TC-DB|P25694|3.A.16.1.2	33.8	222	128	4	262	480	244	449	7.5e-25	111.7
BCW-200202_03160	gnl|TC-DB|Q93N33|2.A.21.9.2	42.7	1174	620	14	1	1144	1	1151	6.0e-243	837.4
BCW-200202_03162	gnl|TC-DB|P39321|9.B.22.1.2	25.4	893	601	28	401	1260	375	1235	1.0e-57	222.2
BCW-200202_03163	gnl|TC-DB|P0ADE4|1.B.33.2.4	30.6	526	342	13	82	598	66	577	4.9e-63	238.8
BCW-200202_03165	gnl|TC-DB|Q8NLD6|2.A.1.2.87	27.0	392	272	8	9	390	2	389	1.5e-23	107.1
BCW-200202_03168	gnl|TC-DB|Q53762|3.A.1.120.1	29.3	547	310	15	6	512	19	528	6.0e-36	148.7
BCW-200202_03169	gnl|TC-DB|P94400|9.B.10.1.1	45.6	417	184	4	9	421	2	379	4.0e-94	341.7
BCW-200202_03170	gnl|TC-DB|P0AGM2|1.A.62.2.3	53.2	205	96	0	1	205	1	205	8.9e-57	216.5
BCW-200202_03180	gnl|TC-DB|B3XQE5|9.B.33.1.2	35.4	147	89	3	161	302	364	509	7.7e-16	81.3
BCW-200202_03194	gnl|TC-DB|O68106|3.A.1.23.8	39.3	234	130	4	24	256	16	238	1.6e-29	126.3
BCW-200202_03202	gnl|TC-DB|Q9I0V5|2.A.6.2.39	26.9	320	221	3	62	375	80	392	8.2e-19	91.3
BCW-200202_03203	gnl|TC-DB|Q1CZ65|2.A.6.3.7	33.5	1076	672	8	2	1072	1	1037	7.7e-152	534.6
BCW-200202_03212	gnl|TC-DB|P96668|2.A.7.3.24	63.4	287	105	0	1	287	1	287	2.5e-97	351.7
BCW-200202_03219	gnl|TC-DB|F2WVP9|2.A.1.60.3	96.8	377	12	0	1	377	1	377	3.2e-193	670.6
BCW-200202_03221	gnl|TC-DB|Q01674|1.B.14.1.17	24.1	729	490	22	17	712	12	710	7.9e-44	175.3
BCW-200202_03234	gnl|TC-DB|G0LBU8|1.B.14.6.11	46.2	104	42	3	106	195	265	368	6.0e-15	79.7
BCW-200202_03237	gnl|TC-DB|Q9XC06|3.A.7.15.1	45.1	377	203	3	34	409	6	379	1.5e-88	323.2
BCW-200202_03239	gnl|TC-DB|Q8GD00|9.A.47.1.1	29.4	398	216	11	51	413	48	415	5.8e-32	135.2
BCW-200202_03246	gnl|TC-DB|P69423|2.A.64.1.1	50.2	229	114	0	11	239	9	237	1.8e-59	225.7
BCW-200202_03277	gnl|TC-DB|O07488|2.A.53.3.1	63.5	471	172	0	8	478	7	477	1.8e-156	548.9
BCW-200202_03285	gnl|TC-DB|G8UJK3|9.B.124.1.7	38.1	126	71	3	1	119	1	126	3.0e-15	77.8
BCW-200202_03287	gnl|TC-DB|B9DIS8|9.B.97.5.1	29.4	361	226	10	2	342	12	363	2.5e-28	123.6
BCW-200202_03305	gnl|TC-DB|T0QME2|1.E.55.2.3	41.4	133	70	1	4	128	1	133	7.3e-25	109.8
BCW-200202_03307	gnl|TC-DB|P17315|1.B.14.1.4	34.6	674	365	21	45	681	29	663	6.1e-94	341.7
BCW-200202_03308	gnl|TC-DB|P69937|2.A.7.1.4	56.9	102	44	0	1	102	1	102	4.5e-28	120.2
BCW-200202_03310	gnl|TC-DB|D6ZSR9|1.A.1.5.25	25.7	210	140	4	16	218	28	228	6.1e-11	64.3
BCW-200202_03311	gnl|TC-DB|Q8NLX4|2.A.102.4.8	40.5	252	129	5	12	247	9	255	3.9e-38	154.8
BCW-200202_03317	gnl|TC-DB|Q9ZKE4|3.A.11.3.1	33.6	536	329	12	53	583	106	619	5.5e-67	251.9
BCW-200202_03319	gnl|TC-DB|Q9RBY8|2.A.6.2.41	97.9	1049	22	0	1	1049	1	1049	0.0e+00	1932.9
BCW-200202_03320	gnl|TC-DB|Q9RBY9|2.A.6.2.41	94.7	398	21	0	1	398	1	398	2.4e-199	691.0
BCW-200202_03328	gnl|TC-DB|P75905|4.D.1.1.3	54.3	372	167	3	47	417	69	438	1.7e-115	412.5
BCW-200202_03335	gnl|TC-DB|P0ABK2|3.D.4.3.2	48.4	378	194	1	5	382	1	377	1.0e-101	366.7
BCW-200202_03336	gnl|TC-DB|P0ABJ9|3.D.4.3.2	60.1	501	200	0	6	506	4	504	6.9e-178	620.2
BCW-200202_03337	gnl|TC-DB|P29018|3.A.1.129.1	36.1	570	338	6	20	574	5	563	2.5e-80	296.2
BCW-200202_03338	gnl|TC-DB|Q7NL26|3.A.1.106.12	29.8	524	338	9	31	534	18	531	5.8e-42	168.7
BCW-200202_03380	gnl|TC-DB|Q92N43|1.B.14.2.7	29.6	754	469	21	8	726	13	739	1.5e-66	250.8
BCW-200202_03382	gnl|TC-DB|P63144|8.A.5.1.3	40.6	310	181	1	1	310	71	377	3.1e-72	268.5
BCW-200202_03383	gnl|TC-DB|Q9KPL5|2.A.41.2.11	45.0	427	213	5	12	431	7	418	1.1e-93	340.1
BCW-200202_03392	gnl|TC-DB|Q9HW27|2.A.6.2.33	38.0	1019	611	8	1	1014	1	1003	6.8e-177	617.8
BCW-200202_03393	gnl|TC-DB|Q8GC84|2.A.6.2.19	27.7	368	237	10	11	352	8	372	1.8e-20	96.7
BCW-200202_03394	gnl|TC-DB|P72121|1.B.14.4.1	57.8	694	278	10	6	687	33	723	3.7e-224	774.2
BCW-200202_03429	gnl|TC-DB|B2FLY6|2.A.6.2.14	97.0	472	14	0	2	473	1	472	3.0e-249	857.1
BCW-200202_03431	gnl|TC-DB|B2FLY4|2.A.6.2.14	99.4	1056	6	0	1	1056	1	1056	0.0e+00	1991.5
BCW-200202_03432	gnl|TC-DB|B2FLY3|2.A.6.2.14	95.7	392	16	1	17	408	1	391	1.8e-141	498.8
BCW-200202_03437	gnl|TC-DB|B3WF86|3.A.1.134.8	43.2	183	91	3	27	205	30	203	5.7e-28	120.9
BCW-200202_03438	gnl|TC-DB|Q6MNW8|3.A.1.136.2	45.4	414	225	1	2	414	5	418	8.3e-94	340.5
BCW-200202_03442	gnl|TC-DB|Q9L1B4|2.A.1.3.19	40.9	499	287	5	5	498	6	501	9.0e-82	300.8
BCW-200202_03445	gnl|TC-DB|P75780|1.B.14.1.9	48.5	773	368	12	44	806	8	760	3.7e-199	691.4
BCW-200202_03451	gnl|TC-DB|E1IBA4|3.A.1.144.4	24.6	232	153	5	1	228	1	214	1.1e-16	83.6
BCW-200202_03485	gnl|TC-DB|P42670|2.A.1.3.11	37.5	368	221	7	9	371	26	389	2.9e-47	186.0
BCW-200202_03490	gnl|TC-DB|C8X384|4.A.6.2.2	32.3	124	82	2	4	127	3	124	3.6e-11	64.3
BCW-200202_03491	gnl|TC-DB|H1XXZ0|8.A.8.1.5	44.3	88	49	0	1	88	1	88	4.3e-16	80.1
BCW-200202_03492	gnl|TC-DB|P08839|8.A.7.1.1	35.8	542	346	2	2	542	14	554	1.6e-87	320.1
BCW-200202_03493	gnl|TC-DB|O34442|1.A.26.1.3	29.3	321	227	0	128	448	125	445	7.3e-43	171.4
BCW-200202_03500	gnl|TC-DB|P45804|9.B.65.1.1	29.1	577	387	10	7	578	6	565	2.0e-56	216.9
BCW-200202_03502	gnl|TC-DB|Q9RQ30|8.A.1.1.2	29.6	334	164	7	77	378	61	355	2.0e-25	113.2
BCW-200202_03505	gnl|TC-DB|Q9JZN9|1.B.14.2.9	26.9	737	435	17	65	735	60	758	1.7e-65	247.3
BCW-200202_03509	gnl|TC-DB|B2FLY6|2.A.6.2.14	39.8	211	115	5	8	211	264	469	6.4e-29	124.0
BCW-200202_03510	gnl|TC-DB|E0LV84|2.A.85.1.4	27.4	679	467	9	7	665	6	678	2.0e-60	230.3
BCW-200202_03512	gnl|TC-DB|Q6MDD6|3.A.7.16.1	26.4	447	249	9	155	592	328	703	8.6e-26	115.2
BCW-200202_03525	gnl|TC-DB|P0AAP1|9.B.34.1.2	37.1	175	106	4	540	712	197	369	2.3e-22	104.0
BCW-200202_03551	gnl|TC-DB|P16869|1.B.14.1.1	37.0	716	420	13	18	718	25	724	1.9e-125	446.4
BCW-200202_03558	gnl|TC-DB|P63386|3.A.1.27.3	49.2	254	128	1	1	253	1	254	2.6e-61	231.9
BCW-200202_03559	gnl|TC-DB|P64606|3.A.1.27.3	46.1	245	132	0	4	248	14	258	1.7e-54	209.1
BCW-200202_03560	gnl|TC-DB|P64604|3.A.1.27.3	37.3	169	96	3	9	172	7	170	1.5e-20	95.9
BCW-200202_03577	gnl|TC-DB|M3JA40|1.B.52.2.1	44.4	108	59	1	367	473	297	404	4.9e-14	75.9
BCW-200202_03587	gnl|TC-DB|Q4ZLW8|2.A.15.1.3	51.1	507	241	3	1	506	1	501	1.1e-143	506.5
BCW-200202_03589	gnl|TC-DB|Q05839|8.A.9.1.1	33.5	510	287	16	6	491	109	590	3.1e-77	285.8
BCW-200202_03601	gnl|TC-DB|P0ABJ9|3.D.4.3.2	29.4	521	299	4	1	454	2	520	1.4e-60	230.3
BCW-200202_03602	gnl|TC-DB|O54596|3.D.4.3.1	31.8	340	204	8	3	336	12	329	1.8e-22	103.2
BCW-200202_03619	gnl|TC-DB|P28612|1.A.30.1.3	26.2	275	170	7	3	273	6	251	5.6e-24	108.2
BCW-200202_03620	gnl|TC-DB|P28611|1.A.30.1.3	39.3	252	140	2	1	245	1	246	1.4e-43	172.9
BCW-200202_03627	gnl|TC-DB|P0A742|1.A.22.1.1	60.3	136	47	2	1	134	1	131	3.7e-35	144.1
BCW-200202_03634	gnl|TC-DB|Q2M5P4|1.B.14.8.2	23.8	698	460	20	36	727	30	661	9.0e-43	171.8
BCW-200202_03647	gnl|TC-DB|H8FL42|1.B.19.1.9	71.1	415	117	2	6	417	11	425	1.5e-172	602.1
BCW-200202_03648	gnl|TC-DB|Q9RZP7|4.A.2.1.18	57.4	568	219	4	19	563	19	586	7.8e-143	503.8
BCW-200202_03650	gnl|TC-DB|Q9HY55|4.A.2.1.17	44.2	538	292	4	8	542	418	950	1.4e-109	393.3
BCW-200202_03658	gnl|TC-DB|Q51532|3.A.15.2.1	51.3	359	174	1	1	358	1	359	3.4e-102	368.2
BCW-200202_03673	gnl|TC-DB|D5AKT2|2.A.1.81.1	38.0	403	225	9	14	400	9	402	4.3e-55	211.8
BCW-200202_03685	gnl|TC-DB|M3JA40|1.B.52.2.1	60.0	60	24	0	533	592	280	339	3.8e-12	70.1
BCW-200202_03721	gnl|TC-DB|P0A9X4|9.B.157.1.3	77.0	348	79	1	1	348	1	347	2.8e-151	531.2
BCW-200202_03736	gnl|TC-DB|Q93AT9|1.B.14.9.2	36.0	484	292	8	333	804	1	478	1.8e-76	283.9
BCW-200202_03744	gnl|TC-DB|P29919|3.D.1.2.1	52.1	117	56	0	17	133	4	120	1.0e-29	125.9
BCW-200202_03745	gnl|TC-DB|Q6V9B0|3.D.1.6.4	84.1	145	23	0	37	181	13	157	6.5e-75	276.6
BCW-200202_03746	gnl|TC-DB|P23710|3.D.1.6.2	58.3	103	41	2	115	217	138	238	2.1e-31	132.5
BCW-200202_03747	gnl|TC-DB|P17694|3.D.1.6.1	58.0	414	147	2	22	435	77	463	1.2e-143	506.1
BCW-200202_03748	gnl|TC-DB|P0AFD1|3.D.1.1.1	35.7	154	95	3	19	172	14	163	2.8e-19	91.7
BCW-200202_03749	gnl|TC-DB|P29913|3.D.1.2.1	53.3	375	170	4	56	426	41	414	7.0e-115	410.6
BCW-200202_03750	gnl|TC-DB|P24918|3.D.1.6.2	36.5	694	389	16	12	669	33	710	1.6e-103	373.6
BCW-200202_03751	gnl|TC-DB|P29920|3.D.1.2.1	41.6	339	183	3	23	360	10	334	1.2e-72	270.0
BCW-200202_03752	gnl|TC-DB|P29921|3.D.1.2.1	65.0	160	53	1	3	162	7	163	1.6e-29	125.6
BCW-200202_03753	gnl|TC-DB|P29922|3.D.1.2.1	45.4	183	93	2	4	183	2	180	2.4e-28	122.1
BCW-200202_03754	gnl|TC-DB|P29923|3.D.1.2.1	67.3	101	33	0	1	101	1	101	3.3e-28	120.6
BCW-200202_03755	gnl|TC-DB|P29924|3.D.1.2.1	42.0	752	323	18	13	713	5	694	1.9e-138	489.6
BCW-200202_03756	gnl|TC-DB|P29925|3.D.1.2.1	48.4	514	230	8	6	500	4	501	6.4e-125	444.1
BCW-200202_03757	gnl|TC-DB|P29926|3.D.1.2.1	38.2	458	281	2	9	465	1	457	1.1e-81	300.4
BCW-200202_03760	gnl|TC-DB|P30145|2.A.25.1.2	51.4	453	197	5	43	495	1	430	2.6e-118	422.2
BCW-200202_03763	gnl|TC-DB|P30145|2.A.25.1.2	46.9	439	226	2	45	483	1	432	4.8e-109	391.3
BCW-200202_03769	gnl|TC-DB|P0A9V1|1.B.42.1.2	60.1	238	95	0	2	239	4	241	3.8e-83	304.3
BCW-200202_03786	gnl|TC-DB|Q07711|3.A.7.7.1	24.3	564	352	18	54	582	80	603	3.2e-28	123.6
BCW-200202_03787	gnl|TC-DB|B4AEM5|1.E.43.3.1	51.3	78	38	0	184	261	102	179	4.4e-15	78.6
BCW-200202_03790	gnl|TC-DB|Q8VRK4|3.A.11.1.3	40.0	175	83	3	2	175	175	328	2.2e-19	92.0
BCW-200202_03816	gnl|TC-DB|P0A9T8|3.A.1.122.15	58.0	205	83	1	5	206	20	224	7.2e-57	216.9
BCW-200202_03820	gnl|TC-DB|P42601|2.A.109.1.7	58.4	308	128	0	1	308	1	308	5.8e-95	344.0
BCW-200202_03826	gnl|TC-DB|P9WG63|5.A.1.2.9	33.9	632	324	20	1	589	115	695	1.0e-73	274.2
BCW-200202_03832	gnl|TC-DB|P06129|1.B.14.3.1	32.3	626	381	16	9	610	6	612	1.6e-72	270.4
BCW-200202_03838	gnl|TC-DB|P22037|9.B.20.1.1	40.8	223	129	3	16	237	11	231	9.4e-34	140.2
BCW-200202_03840	gnl|TC-DB|Q9HXB2|1.B.14.1.12	41.4	676	383	8	27	693	113	784	1.6e-142	503.1
BCW-200202_03843	gnl|TC-DB|Q8EDM8|1.B.14.8.4	23.8	776	492	30	16	756	21	732	8.7e-25	112.1
BCW-200202_03846	gnl|TC-DB|P69451|4.C.1.1.4	26.2	550	353	13	31	541	21	556	3.2e-32	136.3
BCW-200202_03849	gnl|TC-DB|Q89SS6|2.A.1.42.2	24.7	478	313	13	480	927	654	1114	4.8e-15	80.5
BCW-200202_03855	gnl|TC-DB|O31712|3.A.1.122.2	25.2	353	218	11	71	412	77	394	1.8e-11	67.0
BCW-200202_03867	gnl|TC-DB|A4PCH9|3.A.1.27.1	27.6	312	211	3	1	298	1	311	2.9e-27	119.0
BCW-200202_03868	gnl|TC-DB|A4PCH8|3.A.1.27.1	65.7	248	85	0	20	267	23	270	2.0e-88	322.0
BCW-200202_03869	gnl|TC-DB|A4PCH7|3.A.1.27.1	42.5	292	163	2	85	373	26	315	1.1e-57	220.3
BCW-200202_03870	gnl|TC-DB|Q1DBY8|2.A.79.1.2	34.4	401	257	3	19	419	21	415	3.2e-45	179.1
BCW-200202_03873	gnl|TC-DB|982167516|1.B.12.5.11	32.7	355	193	6	5	316	2005	2356	1.3e-38	156.8
BCW-200202_03884	gnl|TC-DB|Q05098|1.B.14.1.5	50.9	757	329	13	14	749	12	746	2.1e-204	708.8
BCW-200202_03885	gnl|TC-DB|P13512|2.A.4.1.1	52.9	293	134	2	2	293	4	293	1.2e-79	293.1
BCW-200202_03890	gnl|TC-DB|C0QCR7|8.A.59.4.1	35.9	195	112	3	11	192	343	537	2.3e-28	122.1
BCW-200202_03917	gnl|TC-DB|F2WVP9|2.A.1.60.3	62.7	343	128	0	7	349	8	350	2.6e-110	395.2
BCW-200202_03922	gnl|TC-DB|P48632|1.B.14.1.6	52.8	697	313	9	52	734	121	815	2.8e-209	724.9
BCW-200202_03926	gnl|TC-DB|Q2G506|3.A.1.210.11	38.6	383	230	1	219	601	219	596	5.7e-67	251.9
BCW-200202_03937	gnl|TC-DB|P39830|2.A.37.1.5	60.3	557	211	4	1	553	1	551	1.1e-176	616.3
BCW-200202_03941	gnl|TC-DB|Q01857|2.A.23.1.3	71.7	417	118	0	15	431	17	433	9.4e-160	559.7
BCW-200202_03972	gnl|TC-DB|Q5EAK4|2.A.16.2.2	28.9	325	194	11	37	333	1391	1706	7.4e-19	92.0
BCW-200202_03974	gnl|TC-DB|Q4KCN4|9.B.62.1.5	57.8	602	224	4	7	608	2	573	7.1e-203	703.4
BCW-200202_03975	gnl|TC-DB|F4ZBX4|1.B.76.1.1	57.0	228	94	2	117	341	196	422	1.7e-73	272.7
BCW-200202_03984	gnl|TC-DB|G0K054|1.E.6.3.2	96.9	65	2	0	1	65	1	65	1.4e-27	117.9
BCW-200202_03995	gnl|TC-DB|B2SKA7|1.B.1.12.1	56.2	194	77	2	6	191	1	194	5.0e-62	233.8
BCW-200202_04003	gnl|TC-DB|Q0C3J5|1.B.71.1.4	33.3	183	115	5	9	189	6	183	1.7e-16	82.8
BCW-200202_04004	gnl|TC-DB|P76628|2.A.1.36.3	56.3	378	165	0	1	378	16	393	9.3e-108	386.7
BCW-200202_04028	gnl|TC-DB|A0L4L0|3.A.1.132.3	42.2	258	146	1	13	270	76	330	4.3e-57	218.0
BCW-200202_04029	gnl|TC-DB|P17315|1.B.14.1.4	31.1	183	103	6	18	189	14	184	1.6e-12	71.6
BCW-200202_04030	gnl|TC-DB|G0LBU8|1.B.14.6.11	33.5	173	106	4	34	199	194	364	1.1e-13	75.5
BCW-200202_04041	gnl|TC-DB|P0ABG4|2.A.103.1.1	42.7	368	204	3	18	381	44	408	4.0e-78	288.5
BCW-200202_04042	gnl|TC-DB|P0A6W3|9.B.146.1.6	61.2	361	139	1	1	361	1	360	1.3e-119	426.0
BCW-200202_04050	gnl|TC-DB|Q8EKT7|2.A.17.4.7	66.3	508	170	1	14	521	9	515	6.8e-194	673.3
BCW-200202_04056	gnl|TC-DB|P24520|4.B.1.1.1	29.2	212	124	3	10	195	25	236	1.1e-19	93.2
BCW-200202_04057	gnl|TC-DB|P43838|1.B.9.1.4	28.8	452	280	10	15	454	9	430	2.9e-34	142.9
BCW-200202_04058	gnl|TC-DB|E1PBX5|9.B.104.1.4	46.2	91	45	3	62	149	56	145	5.8e-12	67.8
BCW-200202_04059	gnl|TC-DB|O35002|9.B.174.1.1	33.1	360	217	8	22	374	34	376	3.4e-46	182.6
BCW-200202_04065	gnl|TC-DB|I0KTJ1|2.A.6.2.43	99.3	1040	7	0	1	1040	1	1040	0.0e+00	1914.4
BCW-200202_04066	gnl|TC-DB|I0KTJ0|2.A.6.2.43	99.5	1077	5	0	1	1077	1	1077	0.0e+00	1978.4
BCW-200202_04067	gnl|TC-DB|P76397|8.A.1.6.2	41.7	350	195	7	48	392	56	401	2.4e-61	232.6
BCW-200202_04069	gnl|TC-DB|Q5KYD1|2.A.17.1.7	37.0	494	278	14	22	499	20	496	4.2e-68	255.4
BCW-200202_04080	gnl|TC-DB|P0A943|1.B.33.1.3	35.5	825	457	13	12	784	6	807	4.1e-142	501.9
BCW-200202_04086	gnl|TC-DB|P69937|2.A.7.1.4	58.7	104	43	0	1	104	1	104	9.0e-29	122.5
BCW-200202_04093	gnl|TC-DB|Q7UHP7|9.A.47.2.1	51.4	420	195	5	155	572	53	465	1.4e-112	403.3
BCW-200202_04094	gnl|TC-DB|Q8GD00|9.A.47.1.1	25.6	390	241	8	112	472	51	420	4.4e-25	112.5
BCW-200202_04102	gnl|TC-DB|K1GHE1|9.B.186.1.2	46.5	101	54	0	248	348	106	206	2.8e-18	89.4
BCW-200202_04116	gnl|TC-DB|P31499|1.B.14.2.2	30.6	288	147	12	175	458	78	316	1.7e-20	98.2
BCW-200202_04120	gnl|TC-DB|P0ABU7|1.A.30.2.1	53.5	228	103	2	21	246	10	236	8.9e-51	196.8
BCW-200202_04121	gnl|TC-DB|P0ABV2|1.A.30.2.1	55.1	127	57	0	11	137	10	136	3.0e-27	117.9
BCW-200202_04122	gnl|TC-DB|Q79AD1|2.C.1.1.2	42.6	108	60	2	133	238	153	260	2.6e-15	79.0
BCW-200202_04123	gnl|TC-DB|O68460|3.A.10.2.1	56.5	692	274	5	11	675	9	700	1.5e-177	619.4
BCW-200202_04133	gnl|TC-DB|P0AAP1|9.B.34.1.2	38.9	157	90	2	369	519	213	369	9.1e-21	98.2
BCW-200202_04134	gnl|TC-DB|P40290|3.A.6.1.1	28.6	266	161	9	322	573	151	401	3.1e-14	76.6
BCW-200202_04136	gnl|TC-DB|B2N0W4|1.A.46.2.6	41.8	299	172	2	1	299	18	314	7.0e-58	220.7
BCW-200202_04139	gnl|TC-DB|Q6XBY3|1.B.11.6.1	29.7	703	455	16	80	755	108	798	5.5e-70	262.3
BCW-200202_04154	gnl|TC-DB|Q99ZC8|3.A.1.132.6	33.8	213	136	3	17	228	12	220	4.8e-32	134.8
BCW-200202_04162	gnl|TC-DB|B9DIS8|9.B.97.5.1	33.1	378	229	10	25	392	18	381	5.8e-39	159.1
BCW-200202_04169	gnl|TC-DB|A2P528|2.A.7.3.9	37.1	278	153	7	16	281	7	274	5.7e-33	137.9
