BCW-201865_00029	gnl|TC-DB|Q8X6C1|1.B.12.1.6	38.2	764	419	12	153	892	615	1349	1.1e-103	374.4
BCW-201865_00035	gnl|TC-DB|D4I357|9.B.97.4.1	26.7	345	215	12	2	335	4	321	3.1e-12	69.3
BCW-201865_00040	gnl|TC-DB|Q7DJM4|3.A.7.10.1	45.6	149	65	5	4	142	3	145	8.2e-26	113.2
BCW-201865_00041	gnl|TC-DB|Q9R2H4|3.A.7.10.1	55.1	272	118	1	1	272	1	268	6.5e-79	290.4
BCW-201865_00042	gnl|TC-DB|Q7DJM3|3.A.7.10.1	47.6	361	189	0	17	377	17	377	8.6e-101	363.6
BCW-201865_00046	gnl|TC-DB|Q9R2H1|3.A.7.10.1	43.7	332	169	7	7	331	7	327	6.3e-60	227.6
BCW-201865_00068	gnl|TC-DB|G2JS07|3.A.14.1.2	26.9	297	197	9	79	374	3	280	1.8e-18	90.5
BCW-201865_00089	gnl|TC-DB|Q9KN55|3.A.23.1.1	31.2	589	370	13	7	574	5	579	4.6e-74	275.4
BCW-201865_00131	gnl|TC-DB|Q5EPB3|3.A.7.11.1	32.4	182	120	2	25	205	39	218	3.6e-24	108.2
BCW-201865_00132	gnl|TC-DB|Q6MB91|3.A.7.16.1	38.1	299	176	7	31	325	1	294	1.1e-59	226.9
BCW-201865_00134	gnl|TC-DB|Q5EPA9|3.A.7.11.1	23.4	316	210	9	316	611	207	510	1.7e-13	74.3
BCW-201865_00138	gnl|TC-DB|Q93NF2|3.A.7.11.1	25.6	461	287	12	15	435	29	473	2.7e-29	126.3
BCW-201865_00141	gnl|TC-DB|Q6MB84|3.A.7.16.1	32.6	571	351	12	8	565	7	556	8.9e-75	278.1
BCW-201865_00155	gnl|TC-DB|P31552|4.C.1.1.6	22.1	362	257	8	50	401	170	516	6.6e-15	79.7
BCW-201865_00185	gnl|TC-DB|P0A4L7|5.A.2.1.2	28.9	194	112	8	8	181	14	201	1.8e-12	69.3
BCW-201865_00190	gnl|TC-DB|Q9KN48|3.A.23.1.1	37.9	335	198	3	140	466	193	525	2.2e-50	196.4
BCW-201865_00191	gnl|TC-DB|Q9HV74|2.A.21.9.1	26.9	357	222	12	11	346	636	974	6.0e-21	98.2
BCW-201865_00195	gnl|TC-DB|P0A8K8|9.B.126.2.1	77.3	282	62	1	8	289	10	289	9.5e-105	376.3
BCW-201865_00200	gnl|TC-DB|P0AGM9|2.A.40.4.2	87.9	462	56	0	1	462	1	462	2.6e-221	764.2
BCW-201865_00207	gnl|TC-DB|P0AGM2|1.A.62.2.3	75.6	205	50	0	1	205	1	205	5.2e-81	297.0
BCW-201865_00209	gnl|TC-DB|P21503|2.A.1.26.1	25.8	357	250	4	11	361	11	358	1.8e-25	113.6
BCW-201865_00213	gnl|TC-DB|P0AFF2|2.A.41.1.1	68.5	400	120	2	1	394	1	400	2.3e-141	498.4
BCW-201865_00224	gnl|TC-DB|B8F5K7|4.D.1.3.2	48.8	244	122	3	7	247	4	247	3.7e-60	228.0
BCW-201865_00239	gnl|TC-DB|B7LEG0|1.A.34.1.2	39.5	119	67	3	316	433	262	376	5.0e-17	85.5
BCW-201865_00249	gnl|TC-DB|P69380|2.A.4.7.1	82.4	296	51	1	1	295	1	296	6.3e-136	479.9
BCW-201865_00251	gnl|TC-DB|P0AG78|3.A.1.6.1	83.9	329	53	0	1	329	1	329	1.1e-162	568.9
BCW-201865_00253	gnl|TC-DB|P37642|9.B.126.1.1	70.7	328	91	2	5	328	3	329	2.4e-123	438.3
BCW-201865_00265	gnl|TC-DB|B7MI53|9.B.124.2.2	60.9	138	54	0	1	138	1	138	3.1e-51	197.6
BCW-201865_00267	gnl|TC-DB|P31442|2.A.1.2.9	64.6	384	136	0	1	384	1	384	2.3e-138	488.4
BCW-201865_00270	gnl|TC-DB|P0AER0|1.A.8.1.1	75.6	279	68	0	1	279	1	279	4.7e-125	443.7
BCW-201865_00278	gnl|TC-DB|Q9ZKE4|3.A.11.3.1	31.6	534	336	13	200	730	108	615	3.5e-63	239.6
BCW-201865_00295	gnl|TC-DB|P06129|1.B.14.3.1	65.7	626	200	7	5	629	3	614	2.6e-240	827.8
BCW-201865_00302	gnl|TC-DB|P06609|3.A.1.13.1	71.7	325	86	2	1	323	2	322	2.7e-124	441.4
BCW-201865_00304	gnl|TC-DB|P06611|3.A.1.13.1	52.7	245	111	2	1	242	3	245	7.7e-63	236.9
BCW-201865_00308	gnl|TC-DB|A8GDS6|3.A.1.14.16	64.5	256	91	0	4	259	6	261	5.0e-89	323.9
BCW-201865_00309	gnl|TC-DB|Q56992|3.A.1.14.5	68.2	324	103	0	10	333	11	334	8.9e-115	409.8
BCW-201865_00310	gnl|TC-DB|A8GDS8|3.A.1.14.16	62.5	267	100	0	4	270	8	274	9.3e-86	313.2
BCW-201865_00314	gnl|TC-DB|Q9HXN5|4.A.1.1.15	25.5	455	267	14	352	780	392	800	6.3e-26	115.9
BCW-201865_00315	gnl|TC-DB|B1LE48|2.A.86.2.1	70.2	366	109	0	1	366	1	366	9.6e-142	499.6
BCW-201865_00321	gnl|TC-DB|Q9CIP5|3.A.1.135.1	27.4	219	142	6	14	229	438	642	7.8e-15	77.4
BCW-201865_00330	gnl|TC-DB|P37340|2.A.66.1.3	79.2	457	95	0	1	457	1	457	2.7e-202	701.0
BCW-201865_00333	gnl|TC-DB|P37597|2.A.1.2.62	62.8	382	136	3	4	382	5	383	1.5e-124	442.6
BCW-201865_00347	gnl|TC-DB|P76187|8.A.5.1.7	72.5	298	82	0	1	298	1	298	4.7e-131	463.8
BCW-201865_00349	gnl|TC-DB|Q8ZPN4|2.A.85.1.5	64.7	662	234	0	1	662	1	662	5.5e-241	830.1
BCW-201865_00350	gnl|TC-DB|P46482|8.A.1.7.1	39.9	273	163	1	11	283	14	285	2.8e-48	188.7
BCW-201865_00362	gnl|TC-DB|P77304|2.A.17.1.2	78.5	489	104	1	1	488	1	489	6.6e-223	769.6
BCW-201865_00366	gnl|TC-DB|P96878|2.A.53.3.12	31.7	167	107	2	26	186	571	736	1.3e-21	99.8
BCW-201865_00371	gnl|TC-DB|K1LZ89|1.B.6.1.14	39.8	103	61	1	437	539	537	638	4.4e-13	72.8
BCW-201865_00373	gnl|TC-DB|Q6EE14|3.A.23.2.1	46.8	901	408	8	1	871	1	860	4.7e-203	704.5
BCW-201865_00374	gnl|TC-DB|A8YQR5|3.A.23.2.1	26.7	506	328	14	27	516	23	501	2.0e-32	137.5
BCW-201865_00384	gnl|TC-DB|Q8VRK4|3.A.11.1.3	35.9	276	161	4	82	357	70	329	2.3e-34	142.9
BCW-201865_00388	gnl|TC-DB|P0AGI8|2.A.38.1.1	92.4	458	35	0	1	458	1	458	1.9e-240	827.8
BCW-201865_00389	gnl|TC-DB|P0A742|1.A.22.1.1	74.1	135	35	0	1	135	1	135	1.4e-50	195.3
BCW-201865_00398	gnl|TC-DB|P0AGA2|3.A.5.1.1	96.6	443	15	0	1	443	1	443	7.0e-240	825.9
BCW-201865_00488	gnl|TC-DB|P45769|3.A.1.3.26	90.1	253	24	1	1	253	1	252	3.0e-131	464.2
BCW-201865_00489	gnl|TC-DB|P45768|3.A.1.3.26	84.7	367	55	1	1	366	1	367	7.4e-179	622.9
BCW-201865_00490	gnl|TC-DB|P45767|3.A.1.3.26	77.9	390	86	0	3	392	4	393	6.3e-176	613.2
BCW-201865_00491	gnl|TC-DB|P45766|3.A.1.3.26	84.8	341	52	0	1	341	1	341	5.3e-171	596.7
BCW-201865_00496	gnl|TC-DB|P16256|2.A.21.1.1	77.7	470	105	0	1	470	1	470	2.6e-192	667.9
BCW-201865_00501	gnl|TC-DB|Q8XB73|5.B.7.1.1	75.3	198	49	0	2	199	1	198	1.1e-80	295.8
BCW-201865_00505	gnl|TC-DB|P0A9X4|9.B.157.1.3	99.7	347	1	0	1	347	1	347	5.0e-193	669.8
BCW-201865_00506	gnl|TC-DB|P16926|9.B.157.1.3	86.3	307	41	1	1	307	4	309	3.3e-149	524.2
BCW-201865_00507	gnl|TC-DB|P0ABH4|9.B.157.1.3	80.9	162	31	0	1	162	1	162	7.5e-75	276.2
BCW-201865_00513	gnl|TC-DB|D7XN98|8.A.48.1.2	77.5	40	9	0	1	40	24	63	2.4e-11	63.9
BCW-201865_00514	gnl|TC-DB|P46482|8.A.1.7.1	74.5	310	79	0	1	310	1	310	3.8e-128	454.1
BCW-201865_00515	gnl|TC-DB|P46481|2.A.85.1.2	64.2	646	229	1	6	651	11	654	1.2e-240	828.9
BCW-201865_00529	gnl|TC-DB|P0ACA3|1.A.12.3.1	85.0	60	9	0	1	60	1	60	2.1e-22	100.5
BCW-201865_00530	gnl|TC-DB|P0ACA3|1.A.12.3.1	82.8	134	23	0	1	134	76	209	3.6e-62	233.8
BCW-201865_00537	gnl|TC-DB|Q9KN48|3.A.23.1.1	37.3	169	87	6	1	157	262	423	2.9e-13	71.6
BCW-201865_00541	gnl|TC-DB|Q1LZ59|4.A.2.1.7	29.1	127	89	1	33	159	27	152	3.4e-11	64.7
BCW-201865_00544	gnl|TC-DB|P0A9V1|1.B.42.1.2	91.3	241	21	0	1	241	1	241	1.7e-123	438.3
BCW-201865_00545	gnl|TC-DB|P0ADV1|1.B.42.1.2	72.4	185	48	2	1	182	1	185	1.6e-70	261.9
BCW-201865_00546	gnl|TC-DB|P0ADW0|1.B.42.1.2	65.1	189	65	1	1	189	1	188	1.8e-67	251.9
BCW-201865_00549	gnl|TC-DB|P45394|2.A.19.5.1	62.6	318	118	1	1	318	1	317	1.1e-104	376.3
BCW-201865_00550	gnl|TC-DB|P63386|3.A.1.27.3	81.6	266	49	0	1	266	1	266	5.5e-123	436.8
BCW-201865_00551	gnl|TC-DB|P64606|3.A.1.27.3	83.5	260	43	0	1	260	1	260	2.2e-116	414.8
BCW-201865_00552	gnl|TC-DB|P64604|3.A.1.27.3	73.9	161	42	0	1	161	1	161	1.4e-66	248.8
BCW-201865_00553	gnl|TC-DB|P0ADV7|3.A.1.27.3	79.6	211	43	0	1	211	1	211	4.2e-94	340.5
BCW-201865_00554	gnl|TC-DB|P64602|3.A.1.27.3	42.2	90	52	0	1	90	1	90	8.1e-16	79.3
BCW-201865_00561	gnl|TC-DB|E1ILD8|2.A.7.3.18	73.9	303	79	0	5	307	2	304	8.6e-126	446.4
BCW-201865_00574	gnl|TC-DB|P25694|3.A.16.1.2	42.9	252	143	1	140	390	472	723	1.3e-56	217.6
BCW-201865_00577	gnl|TC-DB|P0AG99|3.A.5.1.1	86.2	109	15	0	1	109	1	109	2.1e-44	174.5
BCW-201865_00588	gnl|TC-DB|P38919|3.A.18.1.1	36.4	379	236	3	3	378	35	411	1.1e-63	241.1
BCW-201865_00602	gnl|TC-DB|D6IHN4|2.A.1.51.2	49.2	380	191	2	3	381	2	380	5.4e-95	344.4
BCW-201865_00605	gnl|TC-DB|P0AGE4|2.A.23.4.1	67.6	410	133	0	3	412	2	411	4.2e-146	514.2
BCW-201865_00612	gnl|TC-DB|F9VN11|3.D.10.1.4	36.7	226	131	5	9	227	12	232	2.5e-37	152.1
BCW-201865_00613	gnl|TC-DB|X5H3P0|3.D.10.1.6	40.6	606	307	13	7	581	14	597	1.5e-109	393.3
BCW-201865_00618	gnl|TC-DB|Q51955|2.A.1.15.1	46.7	426	223	3	7	429	12	436	4.0e-105	378.3
BCW-201865_00619	gnl|TC-DB|Q8F8H7|2.A.53.3.8	43.8	192	102	2	7	198	544	729	3.0e-36	148.3
BCW-201865_00620	gnl|TC-DB|Q8F8H7|2.A.53.3.8	35.7	501	292	7	6	484	24	516	2.9e-69	259.2
BCW-201865_00627	gnl|TC-DB|P64585|1.E.34.2.1	72.3	130	36	0	1	130	1	130	1.3e-40	162.2
BCW-201865_00631	gnl|TC-DB|P0AA63|9.B.27.2.2	78.4	218	47	0	1	218	1	218	1.9e-97	351.7
BCW-201865_00633	gnl|TC-DB|P0AA78|2.A.1.14.2	85.1	423	63	0	1	423	41	463	1.8e-208	721.5
BCW-201865_00637	gnl|TC-DB|Q05839|8.A.9.1.1	31.0	532	293	13	7	509	109	595	1.4e-67	253.8
BCW-201865_00652	gnl|TC-DB|P0AF98|1.B.42.1.2	78.4	366	79	0	1	366	1	366	9.4e-158	552.7
BCW-201865_00653	gnl|TC-DB|P0ADC6|1.B.42.1.2	81.5	356	66	0	2	357	4	359	3.3e-163	570.9
BCW-201865_00663	gnl|TC-DB|Q9KWV3|2.A.6.2.10	27.4	328	214	6	13	322	14	335	3.4e-19	92.8
BCW-201865_00664	gnl|TC-DB|A0ZUB1|3.A.1.122.12	47.5	649	334	3	2	643	3	651	8.4e-162	567.0
BCW-201865_00665	gnl|TC-DB|P75830|3.A.1.122.1	34.2	365	225	2	13	376	12	362	7.3e-52	201.1
BCW-201865_00666	gnl|TC-DB|P22520|3.A.1.110.2	26.5	706	460	13	9	688	23	695	2.3e-51	200.3
BCW-201865_00671	gnl|TC-DB|B7LAC5|1.C.80.1.4	31.7	183	110	5	10	182	11	188	4.4e-15	77.8
BCW-201865_00675	gnl|TC-DB|P07110|1.B.11.2.1	44.6	825	416	16	27	826	24	832	3.8e-191	664.8
BCW-201865_00681	gnl|TC-DB|Q71WA6|4.A.5.1.2	38.1	412	252	3	4	414	8	417	4.8e-81	298.1
BCW-201865_00710	gnl|TC-DB|G3IME2|9.B.35.1.2	36.0	114	70	2	28	139	29	141	5.5e-18	87.0
BCW-201865_00716	gnl|TC-DB|Q9ZK21|1.C.82.1.1	51.1	223	109	0	3	225	4	226	6.4e-59	223.8
BCW-201865_00719	gnl|TC-DB|P0AG96|3.A.5.1.1	87.4	127	16	0	1	127	1	127	9.8e-54	205.7
BCW-201865_00733	gnl|TC-DB|P39836|2.A.28.3.4	72.1	323	87	2	1	322	1	321	5.2e-126	447.2
BCW-201865_00738	gnl|TC-DB|P0A6J3|2.A.121.1.1	75.7	243	59	0	11	253	11	253	1.2e-106	382.5
BCW-201865_00740	gnl|TC-DB|P0AA04|8.A.8.1.1	96.5	85	3	0	1	85	1	85	7.8e-39	155.6
BCW-201865_00741	gnl|TC-DB|P08839|8.A.7.1.1	86.6	575	77	0	1	575	1	575	1.6e-281	964.5
BCW-201865_00742	gnl|TC-DB|Q8L3C4|4.A.3.2.5	88.8	169	17	1	1	167	1	169	5.4e-76	280.0
BCW-201865_00747	gnl|TC-DB|P16676|3.A.1.6.1	83.1	350	58	1	1	350	1	349	1.1e-169	592.4
BCW-201865_00748	gnl|TC-DB|P0AEB0|3.A.1.6.1	78.4	291	63	0	1	291	1	291	5.6e-129	456.8
BCW-201865_00749	gnl|TC-DB|P16701|3.A.1.6.1	86.6	277	37	0	1	277	1	277	7.4e-131	463.0
BCW-201865_00750	gnl|TC-DB|P16700|3.A.1.6.1	79.2	337	70	0	1	337	1	337	3.6e-156	547.4
BCW-201865_00753	gnl|TC-DB|P76538|9.B.127.1.1	49.3	144	72	1	3	146	6	148	1.6e-31	132.1
BCW-201865_00762	gnl|TC-DB|O05390|2.A.1.18.3	50.9	403	198	0	5	407	10	412	3.3e-122	434.9
BCW-201865_00769	gnl|TC-DB|P40812|2.A.3.1.8	86.4	472	64	0	1	472	1	472	1.3e-236	815.1
BCW-201865_00771	gnl|TC-DB|E3DBE3|2.A.6.2.48	88.9	1036	115	0	1	1036	1	1036	0.0e+00	1780.0
BCW-201865_00785	gnl|TC-DB|P0A903|1.B.33.1.3	64.5	344	120	1	1	342	1	344	1.4e-123	439.1
BCW-201865_00789	gnl|TC-DB|P0AFI9|2.A.86.1.1	68.0	347	111	0	1	347	1	347	2.3e-129	458.4
BCW-201865_00790	gnl|TC-DB|D4ZZR3|9.B.34.1.3	42.1	159	82	4	369	518	236	393	4.4e-23	105.9
BCW-201865_00796	gnl|TC-DB|P0AGM7|2.A.40.1.1	89.1	423	46	0	1	423	1	423	1.5e-207	718.4
BCW-201865_00800	gnl|TC-DB|P0AAH0|3.A.1.7.1	57.3	253	108	0	7	259	5	257	4.0e-78	287.7
BCW-201865_00801	gnl|TC-DB|Q7WTY6|3.A.1.7.2	39.9	173	87	2	295	467	82	237	6.6e-22	102.1
BCW-201865_00802	gnl|TC-DB|O51234|3.A.1.7.5	32.2	180	114	3	530	703	115	292	2.3e-19	94.0
BCW-201865_00807	gnl|TC-DB|Q5SMG8|1.A.26.1.2	31.2	340	229	3	140	476	110	447	2.7e-40	162.9
BCW-201865_00808	gnl|TC-DB|Q9RPP3|2.A.1.14.8	33.0	427	286	0	4	430	8	434	9.4e-80	293.9
BCW-201865_00817	gnl|TC-DB|P16482|2.A.1.6.1	89.2	417	45	0	12	428	25	441	2.6e-207	717.6
BCW-201865_00828	gnl|TC-DB|P77774|1.B.33.1.3	75.3	393	96	1	1	393	1	392	3.8e-165	577.4
BCW-201865_00845	gnl|TC-DB|D7A5Z9|2.A.113.1.7	32.1	274	169	6	48	318	50	309	7.5e-21	97.8
BCW-201865_00848	gnl|TC-DB|Q47142|2.A.1.27.1	62.9	377	138	1	1	377	1	375	4.0e-135	477.6
BCW-201865_00854	gnl|TC-DB|Q9KN48|3.A.23.1.1	38.7	359	175	5	108	432	176	523	1.5e-56	216.9
BCW-201865_00861	gnl|TC-DB|P77272|4.A.1.2.7	37.1	469	264	12	2	444	4	467	1.4e-65	246.9
BCW-201865_00876	gnl|TC-DB|F9VN10|3.D.10.1.4	34.6	538	314	13	8	521	5	528	1.1e-69	260.8
BCW-201865_00878	gnl|TC-DB|O00571|1.I.1.1.3	34.4	366	221	5	3	350	179	543	4.3e-48	188.7
BCW-201865_00881	gnl|TC-DB|M3JA40|1.B.52.2.1	64.7	51	18	0	352	402	283	333	2.2e-11	67.0
BCW-201865_00885	gnl|TC-DB|P0A937|1.B.33.1.3	82.3	113	20	0	3	115	1	113	6.0e-50	193.0
BCW-201865_00899	gnl|TC-DB|P0AF06|1.A.30.1.1	51.8	274	131	1	7	279	8	281	8.5e-72	266.9
BCW-201865_00900	gnl|TC-DB|P09348|1.A.30.1.1	69.5	285	87	0	1	285	1	285	8.9e-106	379.8
BCW-201865_00905	gnl|TC-DB|M3JA40|1.B.52.2.1	60.9	69	27	0	364	432	296	364	2.3e-14	77.0
BCW-201865_00908	gnl|TC-DB|Q15HU6|3.A.7.14.2	39.0	164	94	2	139	300	32	191	2.1e-25	112.8
BCW-201865_00929	gnl|TC-DB|P54702|3.A.6.2.1	48.3	240	123	1	17	255	16	255	3.5e-58	221.5
BCW-201865_00930	gnl|TC-DB|P0A1L5|3.A.6.2.1	58.4	89	37	0	1	89	1	89	1.4e-22	101.7
BCW-201865_00931	gnl|TC-DB|P54700|3.A.6.2.1	69.0	242	72	2	9	248	5	245	1.8e-83	305.4
BCW-201865_00932	gnl|TC-DB|P0A1L1|3.A.6.2.1	48.6	111	51	3	1	108	2	109	4.5e-14	73.9
BCW-201865_00933	gnl|TC-DB|P26419|3.A.6.2.1	63.5	137	37	3	1	124	1	137	4.3e-38	153.7
BCW-201865_00938	gnl|TC-DB|P26465|3.A.6.2.1	72.8	456	120	1	1	452	1	456	9.6e-184	639.4
BCW-201865_00939	gnl|TC-DB|P15934|3.A.6.2.1	45.1	122	67	0	109	230	109	230	3.2e-26	115.2
BCW-201865_00941	gnl|TC-DB|P15928|3.A.6.2.1	49.7	555	259	8	20	565	17	560	5.5e-141	497.7
BCW-201865_00947	gnl|TC-DB|P40727|3.A.6.2.1	57.4	378	161	0	1	378	1	378	2.8e-112	401.7
BCW-201865_00948	gnl|TC-DB|P76298|1.A.104.1.1	73.9	589	144	2	1	588	1	580	2.6e-240	827.8
BCW-201865_00949	gnl|TC-DB|P40729|3.A.6.2.1	57.3	82	35	0	1	82	611	692	3.5e-20	93.6
BCW-201865_00962	gnl|TC-DB|P0A927|1.B.10.1.1	71.9	295	73	3	1	286	1	294	4.2e-129	457.2
BCW-201865_00971	gnl|TC-DB|P14175|3.A.1.12.1	85.1	141	21	0	1	141	1	141	1.2e-63	238.8
BCW-201865_00972	gnl|TC-DB|P14175|3.A.1.12.1	80.9	251	47	1	1	250	146	396	2.2e-113	404.8
BCW-201865_00973	gnl|TC-DB|P14176|3.A.1.12.1	71.9	388	75	4	1	388	1	354	2.4e-143	505.0
BCW-201865_00974	gnl|TC-DB|P0AFM2|3.A.1.12.1	76.4	331	77	1	1	331	1	330	3.1e-152	534.3
BCW-201865_00976	gnl|TC-DB|P27303|8.A.1.1.1	67.2	390	128	0	1	390	1	390	2.8e-144	508.1
BCW-201865_00977	gnl|TC-DB|P0AEJ0|2.A.1.3.2	87.9	486	59	0	3	488	4	489	2.4e-244	840.9
BCW-201865_00984	gnl|TC-DB|P0AEX3|2.A.1.6.2	81.3	433	80	1	1	433	1	432	7.1e-197	682.9
BCW-201865_00988	gnl|TC-DB|P77735|8.A.5.1.6	32.5	286	174	6	31	308	37	311	7.7e-34	141.0
BCW-201865_00991	gnl|TC-DB|Q9S3J9|2.A.1.2.18	31.2	378	251	3	14	390	11	380	1.5e-39	160.2
BCW-201865_01011	gnl|TC-DB|P35839|1.A.16.2.1	37.7	268	149	4	2	251	4	271	3.0e-41	165.2
BCW-201865_01016	gnl|TC-DB|A4QDI5|3.A.1.17.12	40.1	242	136	3	12	251	27	261	1.1e-40	163.7
BCW-201865_01019	gnl|TC-DB|Q8NR41|3.A.1.17.12	31.1	267	179	4	24	287	40	304	4.5e-28	121.7
BCW-201865_01021	gnl|TC-DB|P0AFF2|2.A.41.1.1	82.8	400	63	2	1	394	1	400	4.1e-175	610.5
BCW-201865_01022	gnl|TC-DB|P0A769|2.A.55.3.1	77.2	413	93	1	1	413	1	412	6.4e-171	596.7
BCW-201865_01024	gnl|TC-DB|P63144|8.A.5.1.3	34.5	313	186	10	13	313	71	376	2.9e-41	165.6
BCW-201865_01028	gnl|TC-DB|F4LXP4|8.A.59.2.1	30.7	274	164	7	272	533	211	470	3.5e-26	116.3
BCW-201865_01032	gnl|TC-DB|Q9RQ30|8.A.1.1.2	43.1	130	73	1	213	341	226	355	1.2e-21	100.5
BCW-201865_01040	gnl|TC-DB|P37662|2.A.1.11.3	73.3	348	92	1	8	355	4	350	1.4e-138	489.2
BCW-201865_01041	gnl|TC-DB|M3JA40|1.B.52.2.1	36.0	172	103	2	471	642	276	440	1.0e-13	75.1
BCW-201865_01045	gnl|TC-DB|F8CVI0|1.B.52.2.2	29.1	234	130	7	321	524	57	284	5.6e-12	69.3
BCW-201865_01064	gnl|TC-DB|P0A2R8|1.A.35.1.2	88.7	319	33	1	1	319	1	316	4.3e-159	557.0
BCW-201865_01068	gnl|TC-DB|Q5EAK4|2.A.16.2.2	27.6	424	254	14	31	426	1378	1776	1.6e-24	110.9
BCW-201865_01069	gnl|TC-DB|P0AG34|2.A.76.1.1	78.9	204	43	0	1	204	1	204	3.8e-87	317.4
BCW-201865_01073	gnl|TC-DB|P08194|2.A.1.4.3	92.2	421	33	0	1	421	1	421	5.2e-235	809.7
BCW-201865_01083	gnl|TC-DB|P69428|2.A.64.1.1	65.5	84	22	4	1	79	1	82	2.4e-16	80.9
BCW-201865_01084	gnl|TC-DB|P69425|2.A.64.1.1	74.6	134	33	1	1	133	1	134	5.1e-48	187.2
BCW-201865_01085	gnl|TC-DB|P69423|2.A.64.1.1	82.8	239	41	0	1	239	1	239	1.6e-111	398.7
BCW-201865_01089	gnl|TC-DB|Q7WTJ2|5.B.1.3.2	31.2	199	133	3	8	202	109	307	5.6e-23	104.4
BCW-201865_01094	gnl|TC-DB|P0AFZ7|2.A.38.1.1	91.7	483	40	0	1	483	1	483	8.3e-255	875.5
BCW-201865_01100	gnl|TC-DB|P77223|3.D.6.1.4	72.9	192	51	1	1	191	1	192	7.5e-66	246.5
BCW-201865_01101	gnl|TC-DB|P0A766|3.D.6.1.4	83.3	192	32	0	1	192	1	192	6.8e-83	303.1
BCW-201865_01104	gnl|TC-DB|P39325|3.A.1.2.25	84.0	318	51	0	1	318	1	318	8.2e-150	526.2
BCW-201865_01105	gnl|TC-DB|Q6BEX0|3.A.1.2.25	77.6	492	110	0	10	501	9	500	2.3e-218	754.6
BCW-201865_01106	gnl|TC-DB|P39328|3.A.1.2.25	74.9	339	84	1	1	339	2	339	7.7e-130	459.9
BCW-201865_01107	gnl|TC-DB|P37772|3.A.1.2.25	84.0	326	52	0	1	326	1	326	8.7e-147	516.2
BCW-201865_01110	gnl|TC-DB|P02924|3.A.1.2.2	90.5	326	31	0	1	326	1	326	1.9e-170	594.7
BCW-201865_01111	gnl|TC-DB|P0AAF3|3.A.1.2.2	76.0	501	120	0	1	501	1	501	2.2e-221	764.6
BCW-201865_01112	gnl|TC-DB|P0AE26|3.A.1.2.2	85.2	325	48	0	1	325	1	325	2.8e-137	484.6
BCW-201865_01117	gnl|TC-DB|P19642|4.A.1.1.3	84.5	523	80	1	7	528	8	530	5.0e-253	869.8
BCW-201865_01124	gnl|TC-DB|P43531|2.A.1.36.1	74.4	418	101	1	1	418	1	412	3.0e-168	587.8
BCW-201865_01133	gnl|TC-DB|P25733|1.B.11.4.1	28.9	852	569	16	3	845	27	850	9.6e-100	361.3
BCW-201865_01159	gnl|TC-DB|P35116|3.A.1.3.6	61.0	249	97	0	8	256	7	255	2.2e-84	308.5
BCW-201865_01160	gnl|TC-DB|P35114|3.A.1.3.5	52.6	232	108	1	3	232	4	235	3.3e-58	221.5
BCW-201865_01161	gnl|TC-DB|P0A4N5|3.A.1.3.5	48.5	227	117	0	5	231	8	234	5.3e-53	204.1
BCW-201865_01162	gnl|TC-DB|P35120|3.A.1.3.6	42.7	274	156	1	11	284	9	281	2.9e-58	221.9
BCW-201865_01165	gnl|TC-DB|P0ABC9|2.A.15.1.4	81.8	669	122	0	11	679	9	677	0.0e+00	1112.1
BCW-201865_01166	gnl|TC-DB|P96668|2.A.7.3.24	60.1	286	114	0	1	286	1	286	3.3e-89	324.7
BCW-201865_01172	gnl|TC-DB|F2WVP9|2.A.1.60.3	36.4	365	229	1	14	378	9	370	3.4e-57	218.8
BCW-201865_01177	gnl|TC-DB|A8GHT9|2.A.1.36.2	53.8	381	175	1	11	390	17	397	1.9e-95	345.9
BCW-201865_01183	gnl|TC-DB|V4NQP3|9.B.72.1.6	42.6	108	61	1	1	107	1	108	2.3e-17	84.7
BCW-201865_01194	gnl|TC-DB|Q9F3K6|3.A.1.3.24	39.9	278	161	3	5	282	16	287	3.0e-53	205.3
BCW-201865_01195	gnl|TC-DB|Q9F3K7|3.A.1.3.24	59.3	253	103	0	1	253	1	253	3.6e-84	307.8
BCW-201865_01197	gnl|TC-DB|O32169|3.A.1.24.2	57.8	341	144	0	1	341	1	341	1.4e-107	386.0
BCW-201865_01198	gnl|TC-DB|O32168|3.A.1.24.2	60.8	222	87	0	1	222	1	222	3.9e-66	247.7
BCW-201865_01199	gnl|TC-DB|O32167|3.A.1.24.2	49.4	269	128	3	5	269	9	273	4.3e-67	251.1
BCW-201865_01202	gnl|TC-DB|O34900|3.A.1.3.13	48.1	243	126	0	1	243	1	243	1.3e-62	236.1
BCW-201865_01203	gnl|TC-DB|P0AFT2|3.A.1.3.10	42.8	208	115	2	12	218	12	216	2.5e-36	148.7
BCW-201865_01204	gnl|TC-DB|O34406|3.A.1.3.13	29.3	249	166	7	18	258	20	266	3.1e-22	102.1
BCW-201865_01213	gnl|TC-DB|P07822|3.A.1.14.3	43.8	281	155	2	19	297	9	288	1.7e-67	252.7
BCW-201865_01214	gnl|TC-DB|P16869|1.B.14.1.1	48.0	744	351	9	1	724	2	729	8.8e-200	693.3
BCW-201865_01219	gnl|TC-DB|Q55487|4.D.2.1.9	47.2	303	156	3	3	302	5	306	2.8e-78	288.5
BCW-201865_01245	gnl|TC-DB|P69874|3.A.1.11.1	46.4	308	149	2	9	316	23	314	1.6e-71	266.2
BCW-201865_01246	gnl|TC-DB|P0AF43|2.A.58.2.1	73.4	541	144	0	1	541	1	541	7.0e-210	726.5
BCW-201865_01247	gnl|TC-DB|Q9K0A9|2.A.28.2.4	47.9	303	156	1	5	305	11	313	2.1e-70	262.3
BCW-201865_01252	gnl|TC-DB|D8EPC3|1.B.14.16.4	70.3	700	203	2	1	697	1	698	4.2e-308	1053.1
BCW-201865_01254	gnl|TC-DB|P68183|3.A.1.1.1	87.5	296	37	0	1	296	1	296	1.9e-145	511.5
BCW-201865_01255	gnl|TC-DB|P02916|3.A.1.1.1	74.9	505	122	3	8	510	13	514	1.6e-211	731.9
BCW-201865_01256	gnl|TC-DB|P0AEX9|3.A.1.1.1	82.6	396	68	1	3	398	2	396	2.5e-196	681.0
BCW-201865_01257	gnl|TC-DB|P68187|3.A.1.1.1	86.0	371	50	1	1	369	1	371	6.9e-180	626.3
BCW-201865_01258	gnl|TC-DB|P02943|1.B.3.1.1	68.4	440	122	4	5	427	7	446	1.6e-185	645.2
BCW-201865_01265	gnl|TC-DB|P28303|2.A.66.1.4	73.3	439	117	0	1	439	19	457	1.0e-174	609.4
BCW-201865_01275	gnl|TC-DB|E0DTC9|2.A.115.1.4	54.5	191	87	0	12	202	76	266	2.9e-55	211.5
BCW-201865_01286	gnl|TC-DB|P0AAE0|2.A.3.1.7	54.0	448	205	1	3	450	11	457	1.6e-133	472.6
BCW-201865_01293	gnl|TC-DB|P39314|2.A.7.3.19	63.8	318	113	2	1	316	1	318	2.3e-115	411.8
BCW-201865_01306	gnl|TC-DB|B7LEG0|1.A.34.1.2	71.1	381	96	3	1	369	1	379	1.1e-116	416.4
BCW-201865_01309	gnl|TC-DB|P64534|2.A.113.1.1	56.8	74	32	0	77	150	37	110	5.7e-24	107.1
BCW-201865_01323	gnl|TC-DB|E1P8P0|9.B.27.3.1	59.4	133	54	0	1	133	10	142	1.4e-42	168.7
BCW-201865_01326	gnl|TC-DB|P37908|9.A.40.2.4	79.3	426	88	0	1	426	1	426	1.2e-188	655.6
BCW-201865_01327	gnl|TC-DB|P64432|9.B.14.3.6	78.8	264	53	2	1	262	1	263	7.8e-114	406.4
BCW-201865_01328	gnl|TC-DB|P0AGD7|3.A.5.1.1	89.0	453	50	0	1	453	1	453	1.4e-224	775.0
BCW-201865_01333	gnl|TC-DB|O25832|2.A.7.28.9	22.5	289	206	2	10	291	8	285	5.0e-11	65.1
BCW-201865_01339	gnl|TC-DB|E3GUW2|3.A.1.14.11	59.6	334	134	1	17	349	15	348	3.6e-114	407.9
BCW-201865_01342	gnl|TC-DB|P0AC02|1.B.33.1.3	86.0	243	34	0	1	243	1	243	4.8e-118	420.2
BCW-201865_01345	gnl|TC-DB|Q9FI56|3.A.9.1.2	46.0	855	385	10	12	849	106	900	2.0e-206	715.7
BCW-201865_01350	gnl|TC-DB|Q3YL97|1.B.20.1.3	40.1	556	327	5	3	553	32	586	1.5e-103	373.2
BCW-201865_01364	gnl|TC-DB|P45522|2.A.37.1.2	83.1	599	101	0	1	599	1	599	5.3e-275	943.0
BCW-201865_01365	gnl|TC-DB|P0A756|2.A.37.1.2	81.3	182	34	0	1	182	2	183	8.7e-88	319.3
BCW-201865_01366	gnl|TC-DB|Q83XH1|3.A.1.121.4	31.8	513	341	5	1	505	1	512	1.6e-72	270.4
BCW-201865_01371	gnl|TC-DB|Q47539|3.A.1.17.1	84.7	275	42	0	1	275	1	275	5.6e-123	436.8
BCW-201865_01372	gnl|TC-DB|Q47538|3.A.1.17.1	74.1	255	66	0	1	255	1	255	2.1e-108	388.3
BCW-201865_01373	gnl|TC-DB|Q47537|3.A.1.17.1	80.8	312	60	0	10	321	9	320	5.2e-144	506.9
BCW-201865_01381	gnl|TC-DB|P45537|2.A.85.1.3	71.0	694	198	2	1	691	5	698	6.9e-287	982.6
BCW-201865_01385	gnl|TC-DB|P60778|2.A.1.7.14	74.4	395	98	3	1	394	1	393	2.0e-158	555.1
BCW-201865_01394	gnl|TC-DB|Q1R5P6|1.B.22.4.2	52.8	409	188	2	7	414	8	412	6.1e-113	404.1
BCW-201865_01404	gnl|TC-DB|P31069|1.A.1.13.1	43.5	336	181	4	60	387	62	396	3.1e-66	248.8
BCW-201865_01409	gnl|TC-DB|B5XTS8|9.A.8.1.10	60.3	73	29	0	1	73	1	73	1.5e-20	94.7
BCW-201865_01410	gnl|TC-DB|B5XTS7|9.A.8.1.10	66.9	774	247	5	1	767	1	772	8.5e-286	979.2
BCW-201865_01421	gnl|TC-DB|P09391|9.B.104.1.1	60.6	274	107	1	1	273	2	275	2.8e-90	328.2
BCW-201865_01430	gnl|TC-DB|P67143|2.A.95.1.5	80.1	196	39	0	1	196	1	196	2.1e-79	291.6
BCW-201865_01431	gnl|TC-DB|P0AC96|2.A.8.1.8	82.5	446	78	0	1	446	1	446	1.0e-206	715.7
BCW-201865_01443	gnl|TC-DB|P10907|3.A.1.1.3	75.8	355	85	1	1	354	1	355	9.4e-155	542.7
BCW-201865_01444	gnl|TC-DB|P10906|3.A.1.1.3	80.4	281	55	0	1	281	1	281	4.9e-122	433.7
BCW-201865_01445	gnl|TC-DB|P10905|3.A.1.1.3	79.0	295	62	0	4	298	1	295	2.0e-129	458.4
BCW-201865_01446	gnl|TC-DB|P0AG80|3.A.1.1.3	78.8	430	90	1	10	438	8	437	6.1e-204	706.4
BCW-201865_01447	gnl|TC-DB|P22731|3.A.1.4.1	87.8	237	29	0	1	237	1	237	9.2e-114	406.0
BCW-201865_01448	gnl|TC-DB|P0A9S7|3.A.1.4.1	87.5	255	32	0	1	255	1	255	3.5e-127	450.7
BCW-201865_01449	gnl|TC-DB|P22729|3.A.1.4.1	79.8	425	85	1	1	424	1	425	5.5e-178	620.2
BCW-201865_01450	gnl|TC-DB|P0AEX7|3.A.1.4.1	88.0	308	37	0	1	308	1	308	5.5e-143	503.4
BCW-201865_01451	gnl|TC-DB|P0AD96|3.A.1.4.1	79.3	367	73	2	5	371	4	367	1.1e-169	592.4
BCW-201865_01454	gnl|TC-DB|P0AC31|3.A.1.140.1	72.4	323	87	1	8	330	32	352	2.4e-128	454.9
BCW-201865_01455	gnl|TC-DB|P0A9R7|3.A.1.140.1	89.4	218	23	0	1	218	1	218	2.3e-111	397.9
BCW-201865_01456	gnl|TC-DB|P10121|3.A.5.1.1	88.7	310	35	0	180	489	188	497	3.5e-152	534.6
BCW-201865_01461	gnl|TC-DB|P37617|3.A.3.6.2	64.0	739	253	5	18	756	7	732	1.4e-240	828.9
BCW-201865_01463	gnl|TC-DB|B3WJF3|2.A.88.8.6	80.0	210	42	0	1	210	1	210	1.5e-89	325.5
BCW-201865_01474	gnl|TC-DB|P37621|2.A.1.46.7	76.3	389	92	0	4	392	3	391	1.2e-166	582.4
BCW-201865_01475	gnl|TC-DB|Q8TZQ3|3.A.1.1.16	46.8	220	115	1	8	225	4	223	4.3e-55	211.1
BCW-201865_01476	gnl|TC-DB|A3N294|3.A.1.20.3	26.8	310	198	9	11	297	9	312	4.3e-21	98.6
BCW-201865_01478	gnl|TC-DB|P0AGM0|2.A.86.1.2	52.7	245	116	0	7	251	7	251	2.0e-62	235.7
BCW-201865_01479	gnl|TC-DB|P0AGM0|2.A.86.1.2	69.6	79	24	0	1	79	264	342	4.5e-28	119.8
BCW-201865_01481	gnl|TC-DB|P39398|2.A.1.14.33	60.0	420	168	0	10	429	30	449	1.2e-143	506.1
BCW-201865_01485	gnl|TC-DB|P0C0L7|2.A.1.6.4	86.6	499	67	0	3	501	2	500	3.4e-251	863.6
BCW-201865_01487	gnl|TC-DB|P16869|1.B.14.1.1	51.9	720	328	7	20	724	13	729	6.7e-216	746.9
BCW-201865_01488	gnl|TC-DB|Q1J0W6|9.B.34.1.1	26.6	248	171	6	104	347	105	345	1.6e-13	73.6
BCW-201865_01494	gnl|TC-DB|P0AFJ7|2.A.20.1.1	76.4	500	116	2	1	499	1	499	8.4e-218	752.7
BCW-201865_01495	gnl|TC-DB|P0A8S5|9.B.4.1.1	85.6	111	16	0	1	111	1	111	4.7e-52	199.9
BCW-201865_01510	gnl|TC-DB|P02925|3.A.1.2.1	30.6	284	189	4	2	281	1	280	1.4e-29	126.7
BCW-201865_01514	gnl|TC-DB|Q9KN48|3.A.23.1.1	43.3	231	122	3	342	568	193	418	6.6e-45	178.7
BCW-201865_01515	gnl|TC-DB|I3XAB3|2.A.109.1.5	38.3	180	103	2	10	181	10	189	1.0e-21	100.1
BCW-201865_01524	gnl|TC-DB|Q2G2M9|3.A.1.106.2	31.5	514	345	3	90	602	69	576	9.7e-67	251.1
BCW-201865_01529	gnl|TC-DB|Q8L125|3.A.1.1.19	38.5	299	168	3	4	289	19	314	4.5e-57	218.0
BCW-201865_01530	gnl|TC-DB|Q72H66|3.A.1.1.25	35.3	283	169	5	3	279	6	280	2.9e-34	142.1
BCW-201865_01531	gnl|TC-DB|Q9KWT9|3.A.1.1.10	50.1	365	171	4	1	358	2	362	3.0e-92	335.1
BCW-201865_01539	gnl|TC-DB|P03961|3.A.3.7.1	60.1	188	75	0	1	188	1	188	5.6e-53	203.8
BCW-201865_01540	gnl|TC-DB|P03960|3.A.3.7.1	82.5	681	119	0	1	681	1	681	0.0e+00	1078.5
BCW-201865_01541	gnl|TC-DB|P03959|3.A.3.7.1	76.1	557	133	0	1	557	1	557	1.7e-235	811.6
BCW-201865_01543	gnl|TC-DB|A2P528|2.A.7.3.9	34.7	294	180	3	8	299	8	291	8.5e-35	144.1
BCW-201865_01556	gnl|TC-DB|P76264|2.A.107.1.1	67.6	185	60	0	1	185	1	185	8.0e-68	253.1
BCW-201865_01561	gnl|TC-DB|P36640|3.A.3.4.1	54.7	863	363	9	32	890	62	900	5.7e-257	883.6
BCW-201865_01562	gnl|TC-DB|P22037|9.B.20.1.1	61.1	226	86	1	1	226	5	228	4.7e-70	260.8
BCW-201865_01563	gnl|TC-DB|P37643|2.A.1.6.10	82.1	436	77	1	6	440	5	440	2.3e-198	688.0
BCW-201865_01564	gnl|TC-DB|P37645|9.B.121.1.1	66.4	685	228	1	1	683	1	685	2.6e-278	954.1
BCW-201865_01569	gnl|TC-DB|P0A830|2.A.23.1.7	87.5	415	52	0	1	415	1	415	8.2e-198	686.0
BCW-201865_01573	gnl|TC-DB|P37650|1.B.55.3.1	38.8	1158	430	14	1	882	1	1155	1.2e-187	653.3
BCW-201865_01574	gnl|TC-DB|P37652|4.D.3.1.6	55.1	761	314	2	14	747	20	779	7.6e-247	849.7
BCW-201865_01575	gnl|TC-DB|P37653|4.D.3.1.6	63.5	855	304	3	5	857	6	854	0.0e+00	1156.0
BCW-201865_01584	gnl|TC-DB|P37650|1.B.55.3.1	29.8	292	190	6	1062	1347	857	1139	1.4e-28	125.6
BCW-201865_01585	gnl|TC-DB|P37652|4.D.3.1.6	28.9	743	480	18	109	827	61	779	1.6e-75	280.8
BCW-201865_01586	gnl|TC-DB|P37653|4.D.3.1.6	46.8	678	348	5	3	673	149	820	6.3e-179	624.0
BCW-201865_01589	gnl|TC-DB|P45094|3.A.1.5.27	74.6	327	82	1	1	326	1	327	1.2e-138	489.2
BCW-201865_01590	gnl|TC-DB|P45095|3.A.1.5.27	74.7	324	82	0	1	324	1	324	2.3e-139	491.5
BCW-201865_01591	gnl|TC-DB|W0WMS8|3.A.1.5.39	54.8	283	128	0	17	299	18	300	8.7e-85	310.1
BCW-201865_01592	gnl|TC-DB|W0WN20|3.A.1.5.39	67.0	339	109	1	1	339	1	336	3.6e-127	451.1
BCW-201865_01593	gnl|TC-DB|P33950|3.A.1.5.27	56.0	505	221	1	30	534	41	544	2.4e-170	595.1
BCW-201865_01598	gnl|TC-DB|G0GRM4|9.B.2.4.1	43.1	188	107	0	8	195	3	190	4.2e-36	147.9
BCW-201865_01607	gnl|TC-DB|P0ADL1|2.A.1.2.26	37.6	370	230	1	14	383	18	386	7.9e-62	234.2
BCW-201865_01616	gnl|TC-DB|P37669|9.B.97.1.1	60.1	331	132	0	1	331	1	331	1.3e-110	396.0
BCW-201865_01622	gnl|TC-DB|P00550|4.A.2.1.2	84.8	638	94	1	3	640	2	636	4.6e-301	1029.6
BCW-201865_01633	gnl|TC-DB|B8H230|3.A.1.2.21	34.3	329	198	6	10	331	11	328	3.7e-36	148.7
BCW-201865_01634	gnl|TC-DB|Q9X051|3.A.1.2.19	39.2	498	287	7	7	492	13	506	1.3e-96	350.1
BCW-201865_01641	gnl|TC-DB|P24183|5.A.3.2.1	83.1	195	33	0	1	195	1	195	5.1e-94	340.1
BCW-201865_01642	gnl|TC-DB|P24183|5.A.3.2.1	73.9	802	209	0	1	802	213	1014	0.0e+00	1296.6
BCW-201865_01643	gnl|TC-DB|P0AAJ3|5.A.3.2.1	76.2	294	70	0	1	294	1	294	7.6e-142	499.6
BCW-201865_01644	gnl|TC-DB|P0AEK7|5.A.3.2.1	44.2	217	118	2	1	215	1	216	8.2e-53	203.4
BCW-201865_01650	gnl|TC-DB|P37665|9.B.186.1.1	84.4	218	34	0	3	220	2	219	6.6e-74	273.5
BCW-201865_01663	gnl|TC-DB|P39398|2.A.1.14.33	39.2	421	249	2	15	430	29	447	2.4e-83	305.8
BCW-201865_01673	gnl|TC-DB|P25714|2.A.9.3.1	77.0	548	126	0	1	548	1	548	5.6e-247	849.7
BCW-201865_01675	gnl|TC-DB|Q8KRT4|1.C.80.1.1	37.0	189	103	7	1	184	1	178	3.3e-18	88.2
BCW-201865_01676	gnl|TC-DB|P07110|1.B.11.2.1	44.7	812	428	8	35	832	28	832	3.6e-197	684.9
BCW-201865_01685	gnl|TC-DB|P31466|2.A.40.7.6	85.2	433	64	0	5	437	13	445	1.1e-200	695.7
BCW-201865_01687	gnl|TC-DB|P0AA78|2.A.1.14.2	45.0	422	229	2	15	434	42	462	3.2e-104	375.2
BCW-201865_01690	gnl|TC-DB|O51798|2.A.1.15.9	30.5	406	262	9	15	410	14	409	2.8e-41	166.0
BCW-201865_01693	gnl|TC-DB|P0AAH0|3.A.1.7.1	95.5	247	11	0	8	254	11	257	1.4e-136	481.9
BCW-201865_01694	gnl|TC-DB|P07654|3.A.1.7.1	88.5	295	34	0	1	295	1	295	1.4e-143	505.4
BCW-201865_01695	gnl|TC-DB|P0AGH8|3.A.1.7.1	89.3	319	34	0	1	319	1	319	1.4e-157	552.0
BCW-201865_01696	gnl|TC-DB|P0AG82|3.A.1.7.1	75.7	346	84	0	1	346	1	346	5.9e-154	540.0
BCW-201865_01701	gnl|TC-DB|Q5HE38|2.A.1.3.39	24.3	411	305	3	4	411	11	418	5.0e-31	132.1
BCW-201865_01705	gnl|TC-DB|P0A6E6|3.A.2.1.1	85.6	139	20	0	1	139	1	139	2.4e-61	231.1
BCW-201865_01706	gnl|TC-DB|P0ABB4|3.A.2.1.1	94.8	460	24	0	1	460	1	460	1.8e-251	864.4
BCW-201865_01707	gnl|TC-DB|P0ABA6|3.A.2.1.1	87.5	289	34	1	1	289	1	287	9.1e-140	492.7
BCW-201865_01708	gnl|TC-DB|P0ABB0|3.A.2.1.1	91.4	513	44	0	1	513	1	513	1.6e-267	917.9
BCW-201865_01709	gnl|TC-DB|P0ABA4|3.A.2.1.1	81.9	177	32	0	1	177	1	177	1.5e-73	271.9
BCW-201865_01710	gnl|TC-DB|P0ABA0|3.A.2.1.1	91.0	156	14	0	1	156	1	156	2.8e-50	194.5
BCW-201865_01711	gnl|TC-DB|P68699|3.A.2.1.1	98.7	79	1	0	1	79	1	79	3.7e-35	143.3
BCW-201865_01712	gnl|TC-DB|P0AB98|3.A.2.1.1	89.3	270	29	0	3	272	2	271	1.4e-134	475.3
BCW-201865_01713	gnl|TC-DB|C4X3L3|1.A.77.3.8	55.1	127	56	1	1	127	25	150	7.5e-30	126.3
BCW-201865_01722	gnl|TC-DB|P63183|2.A.72.1.1	85.9	622	88	0	1	622	1	622	0.0e+00	1075.1
BCW-201865_01730	gnl|TC-DB|P04983|3.A.1.2.1	86.0	494	69	0	1	494	1	494	6.5e-242	832.8
BCW-201865_01731	gnl|TC-DB|P0AGI1|3.A.1.2.1	83.7	319	52	0	1	319	1	319	1.4e-136	482.3
BCW-201865_01732	gnl|TC-DB|P02925|3.A.1.2.1	86.1	295	39	1	1	293	1	295	1.1e-135	479.2
BCW-201865_01735	gnl|TC-DB|P31474|2.A.1.3.51	76.0	463	110	1	3	464	4	466	5.9e-189	656.8
BCW-201865_01740	gnl|TC-DB|D4I357|9.B.97.4.1	27.8	360	213	14	2	347	4	330	1.1e-12	70.9
BCW-201865_01745	gnl|TC-DB|Q5G3L7|3.A.7.19.1	31.8	192	120	5	1	183	9	198	9.9e-18	86.7
BCW-201865_01751	gnl|TC-DB|Q9I2M1|3.A.1.109.4	39.1	700	413	5	24	722	18	705	1.0e-126	450.7
BCW-201865_01752	gnl|TC-DB|Q9I2M0|3.A.1.109.4	40.8	382	223	3	11	390	11	391	1.7e-72	269.6
BCW-201865_01758	gnl|TC-DB|P07110|1.B.11.2.1	44.6	812	428	11	36	832	28	832	2.1e-200	695.7
BCW-201865_01762	gnl|TC-DB|E3HN15|9.B.8.2.7	39.3	173	100	3	6	174	705	876	1.3e-24	109.4
BCW-201865_01763	gnl|TC-DB|Q1D0K9|9.B.8.2.6	29.9	291	173	6	23	304	14	282	2.7e-23	107.1
BCW-201865_01766	gnl|TC-DB|Q1J2S8|2.A.53.3.13	42.9	462	262	2	13	472	22	483	2.0e-102	369.4
BCW-201865_01770	gnl|TC-DB|Q00538|2.A.1.3.10	27.3	385	266	7	46	422	50	428	2.7e-19	93.2
BCW-201865_01774	gnl|TC-DB|P61320|1.B.46.1.1	67.8	205	65	1	4	208	4	207	6.9e-81	296.6
BCW-201865_01782	gnl|TC-DB|P31801|2.A.19.1.1	77.3	362	80	1	2	361	3	364	9.7e-147	516.2
BCW-201865_01785	gnl|TC-DB|P08470|4.A.1.2.1	83.6	456	75	0	1	456	1	456	1.6e-218	755.0
BCW-201865_01786	gnl|TC-DB|P22340|1.B.3.1.2	76.0	412	97	1	105	514	94	505	2.2e-192	668.3
BCW-201865_01794	gnl|TC-DB|Q9KN45|3.A.23.1.1	26.3	630	416	14	33	652	31	622	1.7e-49	194.1
BCW-201865_01795	gnl|TC-DB|Q9KN50|3.A.23.1.1	32.6	227	142	5	16	235	34	256	2.8e-30	129.4
BCW-201865_01804	gnl|TC-DB|Q92WK4|3.A.1.2.11	49.3	304	154	0	4	307	6	309	2.2e-75	278.9
BCW-201865_01806	gnl|TC-DB|Q92WK2|3.A.1.2.11	46.5	507	267	3	8	512	1	505	6.0e-126	447.6
BCW-201865_01807	gnl|TC-DB|Q92WK1|3.A.1.2.11	56.9	311	134	0	32	342	43	353	2.6e-96	348.6
BCW-201865_01810	gnl|TC-DB|P39165|1.B.54.1.9	47.6	429	222	2	37	463	24	451	1.4e-108	389.8
BCW-201865_01811	gnl|TC-DB|W9BH30|1.A.46.2.8	62.1	306	111	3	1	302	1	305	2.2e-96	348.6
BCW-201865_01826	gnl|TC-DB|P77529|2.A.23.1.8	82.5	464	79	1	1	464	1	462	1.3e-204	708.8
BCW-201865_01833	gnl|TC-DB|P76206|1.B.75.1.3	65.1	252	87	1	1	251	1	252	2.8e-92	334.7
BCW-201865_01854	gnl|TC-DB|P36638|3.A.1.5.5	84.0	268	43	0	1	268	1	268	5.7e-128	453.4
BCW-201865_01855	gnl|TC-DB|P36636|3.A.1.5.5	85.2	330	49	0	1	330	1	330	1.6e-169	591.7
BCW-201865_01856	gnl|TC-DB|P0AGH5|3.A.1.5.42	80.1	296	59	0	1	296	1	296	7.2e-132	466.5
BCW-201865_01857	gnl|TC-DB|P0AGH3|3.A.1.5.42	80.7	321	62	0	1	321	1	321	7.7e-148	519.6
BCW-201865_01858	gnl|TC-DB|P36634|3.A.1.5.5	76.7	545	121	1	1	539	1	545	5.7e-252	866.3
BCW-201865_01859	gnl|TC-DB|Q9KN48|3.A.23.1.1	42.3	227	130	1	9	235	193	418	1.2e-42	170.2
BCW-201865_01860	gnl|TC-DB|E8XKQ3|9.B.100.1.1	74.0	219	57	0	1	219	1	219	1.2e-75	279.3
BCW-201865_01866	gnl|TC-DB|Q9KN48|3.A.23.1.1	40.0	225	135	0	207	431	193	417	6.4e-43	171.8
BCW-201865_01870	gnl|TC-DB|P77348|3.A.1.5.1	71.6	538	152	1	1	538	1	537	3.9e-229	790.4
BCW-201865_01874	gnl|TC-DB|P08722|4.A.1.2.2	56.9	626	262	5	6	627	4	625	2.5e-195	678.3
BCW-201865_01875	gnl|TC-DB|Q9EYX5|1.A.35.4.1	67.9	327	105	0	19	345	1	327	1.5e-133	472.2
BCW-201865_01879	gnl|TC-DB|P38919|3.A.18.1.1	35.5	346	220	3	22	365	57	401	2.4e-62	236.1
BCW-201865_01881	gnl|TC-DB|P0AFV2|9.B.20.1.4	48.2	218	103	3	1	216	1	210	4.3e-49	191.0
BCW-201865_01893	gnl|TC-DB|Q93N33|2.A.21.9.2	29.4	255	155	8	178	415	758	1004	7.0e-19	91.7
BCW-201865_01896	gnl|TC-DB|P0AAE5|2.A.3.2.8	73.5	461	119	1	1	461	1	458	3.7e-191	664.1
BCW-201865_01898	gnl|TC-DB|P07001|3.D.2.1.1	84.1	510	80	1	1	509	1	510	8.6e-234	805.8
BCW-201865_01899	gnl|TC-DB|P0AB67|3.D.2.1.1	86.8	462	61	0	1	462	1	462	2.5e-224	774.2
BCW-201865_01901	gnl|TC-DB|P72121|1.B.14.4.1	58.5	653	236	5	43	666	77	723	3.0e-226	781.2
BCW-201865_01903	gnl|TC-DB|Q9HY57|4.A.2.1.17	46.1	462	225	5	3	458	122	565	3.2e-94	342.0
BCW-201865_01908	gnl|TC-DB|Q51955|2.A.1.15.1	45.4	434	235	1	10	441	11	444	8.0e-111	397.1
BCW-201865_01914	gnl|TC-DB|P0AEU0|3.A.1.3.29	48.2	253	128	1	1	250	1	253	3.9e-65	244.6
BCW-201865_01918	gnl|TC-DB|P33950|3.A.1.5.27	52.5	516	244	1	14	529	30	544	2.2e-160	562.0
BCW-201865_01921	gnl|TC-DB|P16482|2.A.1.6.1	35.9	401	251	4	25	420	36	435	1.9e-69	259.6
BCW-201865_01922	gnl|TC-DB|D4I357|9.B.97.4.1	29.0	345	208	9	3	336	1	319	4.3e-19	92.0
BCW-201865_01923	gnl|TC-DB|O85763|3.A.1.17.2	45.2	281	154	0	348	628	31	311	8.2e-69	258.1
BCW-201865_01928	gnl|TC-DB|P30750|3.A.1.24.1	49.2	240	121	1	1	240	1	239	1.7e-57	219.5
BCW-201865_01929	gnl|TC-DB|Q9HT69|3.A.1.24.5	42.1	197	114	0	26	222	23	219	6.4e-35	144.1
BCW-201865_01930	gnl|TC-DB|Q8K8K9|3.A.1.24.3	31.3	211	129	5	12	215	4	205	2.8e-19	92.4
BCW-201865_01931	gnl|TC-DB|O34691|2.A.1.82.4	22.3	435	278	8	50	477	19	400	8.4e-13	71.6
BCW-201865_01933	gnl|TC-DB|O85763|3.A.1.17.2	46.8	312	161	1	1	312	6	312	5.0e-83	304.3
BCW-201865_01935	gnl|TC-DB|P27125|2.A.7.6.1	81.1	344	65	0	1	344	1	344	8.0e-159	556.2
BCW-201865_01942	gnl|TC-DB|U5MLJ3|4.A.3.2.9	59.6	99	40	0	2	100	3	101	5.3e-26	113.2
BCW-201865_01943	gnl|TC-DB|U5MFA1|4.A.3.2.9	85.3	435	64	0	1	435	1	435	5.4e-208	719.9
BCW-201865_01945	gnl|TC-DB|P46318|4.A.3.2.2	47.4	97	47	1	4	100	3	95	1.1e-18	89.0
BCW-201865_01949	gnl|TC-DB|P33225|5.A.3.4.1	39.6	767	433	13	10	752	57	817	2.9e-153	538.9
BCW-201865_01953	gnl|TC-DB|P52477|2.A.6.2.6	53.3	362	166	2	5	364	10	370	4.8e-101	364.4
BCW-201865_01954	gnl|TC-DB|O52248|2.A.6.2.9	64.8	1031	358	3	1	1027	1	1030	0.0e+00	1290.8
BCW-201865_01955	gnl|TC-DB|Q9WWZ8|2.A.6.2.9	48.3	470	234	4	2	466	1	466	6.5e-111	397.5
BCW-201865_01956	gnl|TC-DB|P76397|8.A.1.6.2	41.5	354	204	2	57	409	54	405	1.3e-70	263.5
BCW-201865_01957	gnl|TC-DB|Q9I0V6|2.A.6.2.39	58.7	1046	405	1	1	1046	1	1019	0.0e+00	1117.1
BCW-201865_01958	gnl|TC-DB|P76399|2.A.6.2.12	56.5	1022	429	4	1	1017	1	1011	2.0e-306	1048.1
BCW-201865_01959	gnl|TC-DB|Q9I0V8|2.A.6.2.39	53.2	374	162	2	1	361	1	374	2.3e-84	309.3
BCW-201865_01960	gnl|TC-DB|P31119|4.C.1.1.16	74.6	720	182	1	1	720	1	719	0.0e+00	1089.7
BCW-201865_01961	gnl|TC-DB|P39196|2.A.1.42.1	77.2	394	90	0	1	394	1	394	3.3e-164	574.3
BCW-201865_01963	gnl|TC-DB|P0A9T4|8.A.5.1.5	75.4	346	85	0	1	346	1	346	1.1e-152	535.8
BCW-201865_01965	gnl|TC-DB|L5DDD7|2.A.109.2.3	52.0	229	108	1	3	229	371	599	5.3e-61	230.7
BCW-201865_01968	gnl|TC-DB|Q9HY55|4.A.2.1.17	36.2	566	345	7	170	733	402	953	1.5e-80	297.4
BCW-201865_01978	gnl|TC-DB|Q6MDD6|3.A.7.16.1	27.1	568	318	17	41	596	219	702	5.4e-33	139.0
BCW-201865_01982	gnl|TC-DB|P77389|2.A.1.2.65	48.2	386	194	2	5	387	7	389	1.5e-81	299.7
BCW-201865_01995	gnl|TC-DB|P67153|1.C.113.1.10	74.1	216	56	0	1	216	1	216	6.5e-90	326.6
BCW-201865_02012	gnl|TC-DB|P11667|2.A.75.1.2	73.7	194	51	0	1	194	11	204	3.4e-82	300.8
BCW-201865_02013	gnl|TC-DB|P0C0S1|1.A.23.2.1	70.2	285	85	0	1	285	1	285	5.1e-98	354.0
BCW-201865_02037	gnl|TC-DB|P0AEP1|2.A.1.1.1	84.6	462	70	1	1	462	1	461	2.1e-223	771.2
BCW-201865_02044	gnl|TC-DB|P24559|3.A.15.2.1	46.9	275	145	1	14	287	55	329	4.0e-63	238.0
BCW-201865_02046	gnl|TC-DB|P64564|9.A.4.1.2	60.2	166	66	0	1	166	1	166	1.1e-53	206.1
BCW-201865_02062	gnl|TC-DB|B7LDR9|4.A.7.1.2	60.5	410	161	1	12	421	10	418	1.6e-138	489.2
BCW-201865_02063	gnl|TC-DB|B7LDS2|4.A.7.1.2	48.2	85	42	1	1	83	1	85	5.7e-16	79.7
BCW-201865_02064	gnl|TC-DB|B7LDS1|4.A.7.1.2	44.8	143	79	0	4	146	2	144	3.9e-33	137.5
BCW-201865_02066	gnl|TC-DB|O05390|2.A.1.18.3	50.6	401	196	2	1	399	10	410	2.1e-113	405.6
BCW-201865_02075	gnl|TC-DB|Q8ZJY5|2.A.114.1.10	89.8	716	73	0	1	716	1	716	0.0e+00	1274.2
BCW-201865_02077	gnl|TC-DB|P94400|9.B.10.1.1	32.9	237	122	8	1	205	1	232	3.4e-18	89.0
BCW-201865_02079	gnl|TC-DB|Q81JL2|9.B.33.1.1	30.5	580	365	9	6	556	4	574	2.1e-71	266.5
BCW-201865_02081	gnl|TC-DB|P69213|2.A.7.1.9	77.1	105	24	0	2	106	3	107	1.7e-36	148.3
BCW-201865_02082	gnl|TC-DB|P69210|2.A.7.1.9	73.4	109	29	0	1	109	1	109	2.4e-40	161.0
BCW-201865_02083	gnl|TC-DB|P46136|2.A.7.17.2	63.7	292	106	0	1	292	1	292	4.0e-98	354.4
BCW-201865_02088	gnl|TC-DB|P0AAP1|9.B.34.1.2	32.0	172	112	2	276	445	198	366	8.0e-20	95.5
BCW-201865_02090	gnl|TC-DB|M3JA40|1.B.52.2.1	38.7	119	69	2	305	419	246	364	1.6e-11	67.4
BCW-201865_02097	gnl|TC-DB|Q9KSH5|4.A.3.2.6	47.0	100	53	0	1	100	1	100	9.8e-23	102.4
BCW-201865_02098	gnl|TC-DB|Q9KSH4|4.A.3.2.6	51.2	428	209	0	4	431	6	433	4.8e-124	441.0
BCW-201865_02099	gnl|TC-DB|U5MLJ3|4.A.3.2.9	53.5	101	47	0	1	101	1	101	5.8e-23	103.2
BCW-201865_02100	gnl|TC-DB|Q86Z14|8.A.49.1.2	28.7	474	281	15	9	469	81	510	9.6e-46	181.0
BCW-201865_02101	gnl|TC-DB|Q9UEF7|8.A.49.1.1	27.8	489	290	17	6	476	62	505	1.0e-39	161.0
BCW-201865_02104	gnl|TC-DB|P40411|3.A.1.14.15	36.4	327	195	5	32	347	7	331	2.3e-44	176.0
BCW-201865_02105	gnl|TC-DB|Q47085|3.A.1.14.4	40.1	334	198	1	5	338	4	335	8.2e-47	184.1
BCW-201865_02106	gnl|TC-DB|Q9RCF3|3.A.1.14.6	52.3	256	122	0	18	273	19	274	3.2e-73	271.6
BCW-201865_02107	gnl|TC-DB|Q21EL3|1.B.14.1.24	25.9	690	468	18	57	723	30	699	1.7e-49	194.1
BCW-201865_02110	gnl|TC-DB|C8TA54|4.A.7.1.4	47.7	419	218	1	4	421	2	420	1.3e-105	379.8
BCW-201865_02112	gnl|TC-DB|B7LDS1|4.A.7.1.2	42.2	147	85	0	1	147	1	147	4.5e-34	140.6
BCW-201865_02121	gnl|TC-DB|B5Y0L3|1.B.1.1.18	39.3	361	212	3	19	373	22	381	2.9e-74	275.4
BCW-201865_02125	gnl|TC-DB|P46133|2.A.68.1.1	72.7	506	137	1	1	506	3	507	3.3e-209	724.2
BCW-201865_02131	gnl|TC-DB|O32715|2.A.69.3.3	77.7	319	71	0	1	319	1	319	4.8e-134	473.8
BCW-201865_02132	gnl|TC-DB|O06927|3.B.1.1.4	32.8	189	123	3	27	211	38	226	9.3e-22	100.5
BCW-201865_02133	gnl|TC-DB|O06926|3.B.1.1.4	41.6	243	132	1	4	236	9	251	4.0e-44	174.9
BCW-201865_02136	gnl|TC-DB|O06924|3.B.1.1.4	57.5	553	222	3	8	550	5	554	3.6e-185	644.4
BCW-201865_02152	gnl|TC-DB|Q6XBY3|1.B.11.6.1	37.1	798	437	16	53	801	51	832	3.8e-135	478.8
BCW-201865_02155	gnl|TC-DB|P16482|2.A.1.6.1	61.2	412	158	1	12	421	23	434	1.5e-146	515.8
BCW-201865_02156	gnl|TC-DB|P0ABV2|1.A.30.2.1	81.9	138	25	0	1	138	1	138	1.1e-58	222.2
BCW-201865_02157	gnl|TC-DB|P0ABU7|1.A.30.2.1	77.0	244	54	1	1	242	1	244	4.1e-93	337.4
BCW-201865_02159	gnl|TC-DB|P0AA60|9.B.27.2.1	66.5	215	72	0	1	215	1	215	2.0e-83	305.1
BCW-201865_02163	gnl|TC-DB|P36649|1.B.76.1.8	31.6	509	293	8	5	460	3	509	2.3e-63	239.6
BCW-201865_02167	gnl|TC-DB|Q1R4S9|4.A.2.1.9	73.5	155	41	0	1	155	1	155	3.0e-57	217.6
BCW-201865_02168	gnl|TC-DB|Q8FC73|4.A.2.1.9	81.2	101	19	0	1	101	1	101	1.0e-37	152.1
BCW-201865_02169	gnl|TC-DB|Q1R4T1|4.A.2.1.9	85.1	363	54	0	1	363	1	363	1.5e-144	508.8
BCW-201865_02181	gnl|TC-DB|Q54452|3.A.1.110.7	73.6	496	120	2	1	485	3	498	1.7e-191	665.2
BCW-201865_02194	gnl|TC-DB|P60782|9.B.31.1.1	83.3	204	30	1	1	200	1	204	4.0e-94	340.5
BCW-201865_02204	gnl|TC-DB|B5Y0L3|1.B.1.1.18	79.2	384	77	2	1	384	1	381	9.8e-190	659.1
BCW-201865_02205	gnl|TC-DB|B5Y0L3|1.B.1.1.18	48.4	366	187	2	16	379	16	381	1.7e-98	355.9
BCW-201865_02210	gnl|TC-DB|P28635|3.A.1.24.1	61.6	268	102	1	2	268	4	271	5.9e-93	337.0
BCW-201865_02227	gnl|TC-DB|P75831|3.A.1.122.1	49.1	647	321	6	5	646	5	648	8.8e-167	583.6
BCW-201865_02228	gnl|TC-DB|Q84BQ3|3.A.1.122.12	50.3	354	165	4	33	384	11	355	9.1e-58	220.7
BCW-201865_02233	gnl|TC-DB|Q8ZPK4|3.A.1.12.14	84.7	378	58	0	1	378	1	378	2.1e-189	657.9
BCW-201865_02234	gnl|TC-DB|Q8ZPK3|3.A.1.12.14	89.3	215	23	0	1	215	1	215	3.9e-103	370.5
BCW-201865_02235	gnl|TC-DB|Q8ZPK2|3.A.1.12.14	71.2	299	86	0	8	306	2	300	7.9e-126	446.4
BCW-201865_02236	gnl|TC-DB|Q8ZPK1|3.A.1.12.14	80.9	230	44	0	7	236	6	235	1.4e-98	355.5
BCW-201865_02237	gnl|TC-DB|O32182|2.A.1.3.33	32.9	410	272	1	10	416	10	419	1.4e-63	240.4
BCW-201865_02240	gnl|TC-DB|P76169|2.A.7.26.1	76.6	107	25	0	1	107	1	107	2.0e-44	174.5
BCW-201865_02257	gnl|TC-DB|W9BH30|1.A.46.2.8	66.1	304	103	0	1	304	1	304	1.1e-114	409.5
BCW-201865_02265	gnl|TC-DB|P0AA76|2.A.1.14.7	86.3	430	59	0	1	430	1	430	2.0e-215	744.6
BCW-201865_02269	gnl|TC-DB|O85763|3.A.1.17.2	29.6	280	190	3	2	277	30	306	2.3e-26	115.9
BCW-201865_02270	gnl|TC-DB|O85763|3.A.1.17.2	35.7	291	178	6	1	288	6	290	4.0e-40	161.8
BCW-201865_02279	gnl|TC-DB|P42237|2.A.1.14.1	41.1	445	256	3	5	447	13	453	3.4e-96	348.6
BCW-201865_02280	gnl|TC-DB|Q9RPP3|2.A.1.14.8	26.0	420	262	9	16	404	32	433	8.4e-33	137.9
BCW-201865_02284	gnl|TC-DB|M3JA40|1.B.52.2.1	45.0	111	51	2	469	576	247	350	2.1e-11	67.4
BCW-201865_02285	gnl|TC-DB|P42308|2.A.11.1.2	57.6	434	176	2	1	434	1	426	5.4e-136	480.7
BCW-201865_02294	gnl|TC-DB|P0C0L7|2.A.1.6.4	34.0	423	258	5	9	417	24	439	1.0e-62	237.3
BCW-201865_02296	gnl|TC-DB|Q47539|3.A.1.17.1	39.4	198	120	0	68	265	73	270	3.3e-27	118.6
BCW-201865_02297	gnl|TC-DB|Q47538|3.A.1.17.1	41.2	238	120	3	4	241	2	219	3.7e-42	168.3
BCW-201865_02307	gnl|TC-DB|P28635|3.A.1.24.1	42.7	241	132	5	26	262	33	271	3.6e-42	168.3
BCW-201865_02308	gnl|TC-DB|P30750|3.A.1.24.1	46.1	330	164	6	37	356	18	343	3.6e-69	258.5
BCW-201865_02313	gnl|TC-DB|P16552|2.A.1.5.2	40.7	386	223	5	32	412	35	419	6.6e-75	277.7
BCW-201865_02316	gnl|TC-DB|P0AB93|3.A.4.1.1	81.5	426	79	0	1	426	1	426	1.5e-191	665.2
BCW-201865_02320	gnl|TC-DB|P31126|2.A.1.2.55	36.5	370	225	3	10	379	11	370	1.1e-58	223.8
BCW-201865_02338	gnl|TC-DB|P0AEE5|3.A.1.2.3	29.2	332	202	11	5	305	3	332	4.0e-29	125.2
BCW-201865_02339	gnl|TC-DB|E0SFK1|2.A.69.3.2	67.1	310	102	0	4	313	5	314	3.6e-113	404.4
BCW-201865_02347	gnl|TC-DB|D9X7X8|2.A.1.3.38	41.5	458	259	5	10	465	23	473	1.3e-87	320.1
BCW-201865_02351	gnl|TC-DB|P31122|2.A.1.2.15	59.3	388	158	0	1	388	1	388	2.8e-115	411.8
BCW-201865_02355	gnl|TC-DB|P19642|4.A.1.1.3	39.8	518	290	4	12	522	19	521	6.0e-97	351.3
BCW-201865_02356	gnl|TC-DB|P24183|5.A.3.2.1	20.5	376	221	8	103	417	101	459	5.4e-14	76.3
BCW-201865_02360	gnl|TC-DB|Q9XD84|1.B.12.8.3	36.8	495	299	7	565	1049	496	986	1.2e-56	218.4
BCW-201865_02364	gnl|TC-DB|P45420|1.B.11.5.1	33.1	771	500	13	43	804	30	793	3.1e-113	406.0
BCW-201865_02369	gnl|TC-DB|D4ZZR3|9.B.34.1.3	29.1	179	106	5	229	394	225	395	2.2e-16	84.0
BCW-201865_02382	gnl|TC-DB|Q07711|3.A.7.7.1	23.2	557	372	16	102	622	101	637	2.0e-25	114.4
BCW-201865_02384	gnl|TC-DB|M4VAL8|8.A.21.2.4	28.6	168	117	2	137	301	74	241	1.3e-12	70.5
BCW-201865_02398	gnl|TC-DB|P0A915|1.B.39.1.6	59.7	211	83	2	2	211	3	212	3.3e-70	261.2
BCW-201865_02402	gnl|TC-DB|P02929|2.C.1.1.1	69.5	239	71	1	4	240	1	239	1.2e-31	133.3
BCW-201865_02407	gnl|TC-DB|P77737|3.A.1.5.41	92.2	334	25	1	1	333	1	334	2.7e-180	627.5
BCW-201865_02408	gnl|TC-DB|P76027|3.A.1.5.41	87.0	338	43	1	1	338	1	337	5.6e-165	576.6
BCW-201865_02409	gnl|TC-DB|P0AFH6|3.A.1.5.41	91.7	302	25	0	1	302	1	302	3.7e-136	480.7
BCW-201865_02410	gnl|TC-DB|P0AFH2|3.A.1.5.41	90.5	306	29	0	1	306	1	306	1.8e-141	498.4
BCW-201865_02411	gnl|TC-DB|P06202|3.A.1.5.1	78.1	544	117	2	1	543	1	543	2.0e-257	884.4
BCW-201865_02412	gnl|TC-DB|P23843|3.A.1.5.41	63.5	531	193	1	15	544	13	543	8.6e-208	719.5
BCW-201865_02413	gnl|TC-DB|P25743|2.A.95.1.7	83.3	215	36	0	1	215	1	215	2.4e-92	334.7
BCW-201865_02429	gnl|TC-DB|Q07711|3.A.7.7.1	28.6	646	413	15	3	639	4	610	1.7e-69	260.4
BCW-201865_02439	gnl|TC-DB|P80874|8.A.5.1.4	36.8	212	114	7	10	204	10	218	4.1e-28	121.7
BCW-201865_02440	gnl|TC-DB|P0A908|9.B.99.1.2	46.2	249	133	1	1	249	1	248	1.7e-65	245.7
BCW-201865_02443	gnl|TC-DB|P76007|2.A.36.6.11	79.1	575	119	1	1	574	1	575	2.3e-259	891.0
BCW-201865_02444	gnl|TC-DB|H8E4X1|9.B.18.1.2	35.9	337	204	7	151	482	189	518	2.5e-49	193.0
BCW-201865_02445	gnl|TC-DB|P32482|2.A.1.2.3	32.4	367	224	7	5	361	15	367	7.1e-34	141.4
BCW-201865_02450	gnl|TC-DB|P0A6M2|5.A.2.1.1	75.6	176	43	0	1	176	1	176	1.1e-79	292.4
BCW-201865_02459	gnl|TC-DB|P69451|4.C.1.1.4	80.1	553	110	0	12	564	1	553	2.3e-267	917.5
BCW-201865_02469	gnl|TC-DB|L5DDD7|2.A.109.2.3	48.9	526	259	6	1	518	370	893	3.6e-123	438.3
BCW-201865_02470	gnl|TC-DB|P69797|4.A.6.1.1	82.9	321	52	1	1	318	1	321	3.0e-136	481.1
BCW-201865_02471	gnl|TC-DB|P69801|4.A.6.1.1	91.0	266	24	0	1	266	1	266	1.3e-124	442.2
BCW-201865_02472	gnl|TC-DB|P69805|4.A.6.1.1	86.6	283	38	0	1	283	4	286	4.0e-140	493.8
BCW-201865_02479	gnl|TC-DB|P76269|2.A.1.3.17	77.9	447	99	0	8	454	7	453	3.8e-188	654.1
BCW-201865_02480	gnl|TC-DB|P23894|9.B.1.1.6	89.4	293	31	0	1	293	1	293	2.9e-141	497.7
BCW-201865_02481	gnl|TC-DB|P23865|9.B.174.1.2	82.0	682	122	1	1	681	1	682	0.0e+00	1108.2
BCW-201865_02491	gnl|TC-DB|Q1DBZ0|2.A.86.2.2	26.7	330	235	3	12	338	14	339	3.2e-20	95.9
BCW-201865_02497	gnl|TC-DB|P76278|9.B.62.1.4	41.9	289	167	1	4	292	2	289	1.2e-49	193.4
BCW-201865_02498	gnl|TC-DB|Q4KDN3|9.B.62.1.5	37.5	120	73	2	1	120	3	120	4.2e-14	73.9
BCW-201865_02512	gnl|TC-DB|P0AE16|2.A.1.25.2	74.7	490	123	1	1	490	1	489	4.8e-205	710.3
BCW-201865_02513	gnl|TC-DB|P0ABJ1|3.D.4.5.1	75.9	278	59	2	1	271	38	314	3.2e-118	421.0
BCW-201865_02514	gnl|TC-DB|P0ABI8|3.D.4.5.1	85.5	661	96	0	1	661	1	661	0.0e+00	1174.8
BCW-201865_02515	gnl|TC-DB|P0ABJ3|3.D.4.5.1	79.5	205	40	2	1	204	1	204	3.6e-90	327.4
BCW-201865_02516	gnl|TC-DB|P0ABJ6|3.D.4.5.1	70.6	109	32	0	1	109	1	109	1.9e-37	151.4
BCW-201865_02518	gnl|TC-DB|P77726|2.A.1.2.60	75.3	454	112	0	1	454	1	454	2.2e-188	654.8
BCW-201865_02526	gnl|TC-DB|P77735|8.A.5.1.6	73.0	319	86	0	6	324	6	324	8.9e-136	479.6
BCW-201865_02534	gnl|TC-DB|P0AG93|2.A.6.4.1	78.6	323	68	1	1	322	1	323	2.3e-139	491.5
BCW-201865_02535	gnl|TC-DB|P0AG90|2.A.6.4.1	83.6	604	99	0	1	604	12	615	1.0e-281	965.3
BCW-201865_02536	gnl|TC-DB|P0ADZ7|3.A.5.1.1	88.2	110	12	1	1	109	1	110	2.6e-47	184.1
BCW-201865_02542	gnl|TC-DB|P37460|2.A.3.1.6	80.1	447	89	0	2	448	3	449	3.3e-205	710.7
BCW-201865_02543	gnl|TC-DB|P0AD99|2.A.26.1.10	77.8	433	96	0	18	450	1	433	1.8e-190	661.8
BCW-201865_02553	gnl|TC-DB|G4NXW2|2.A.76.1.8	24.2	198	139	3	1	187	8	205	9.1e-11	63.5
BCW-201865_02555	gnl|TC-DB|Q9I6X4|2.A.6.2.27	44.6	1000	553	1	8	1006	3	1002	1.0e-230	796.6
BCW-201865_02556	gnl|TC-DB|Q9I6X6|2.A.6.2.27	35.4	362	221	7	17	374	9	361	2.3e-42	169.5
BCW-201865_02566	gnl|TC-DB|G4QI94|1.B.48.1.5	33.2	223	139	3	6	221	10	229	4.1e-31	131.3
BCW-201865_02570	gnl|TC-DB|Q53148|2.A.3.5.1	38.0	397	222	8	6	394	39	419	1.4e-57	220.3
BCW-201865_02589	gnl|TC-DB|P25744|2.A.1.2.20	60.2	397	154	2	3	399	11	403	9.5e-127	449.9
BCW-201865_02591	gnl|TC-DB|P0AEY1|2.A.95.1.1	77.8	221	49	0	1	221	1	221	1.3e-88	322.4
BCW-201865_02595	gnl|TC-DB|D4ZZR3|9.B.34.1.3	38.4	172	96	4	430	595	225	392	1.9e-23	107.8
BCW-201865_02596	gnl|TC-DB|Q93GK6|9.B.2.1.9	33.2	196	128	1	14	206	20	215	3.1e-23	105.1
BCW-201865_02597	gnl|TC-DB|W0WKZ8|3.A.1.5.39	26.9	531	333	21	7	506	10	516	6.5e-27	118.6
BCW-201865_02598	gnl|TC-DB|W0WN20|3.A.1.5.39	41.4	324	187	2	29	351	12	333	7.6e-64	240.7
BCW-201865_02599	gnl|TC-DB|W0WMS8|3.A.1.5.39	46.2	266	137	1	27	286	36	301	1.1e-57	219.9
BCW-201865_02600	gnl|TC-DB|P75796|3.A.1.5.11	42.9	266	141	5	4	258	8	273	6.1e-48	187.6
BCW-201865_02601	gnl|TC-DB|W0WLZ8|3.A.1.5.39	44.3	210	113	2	13	218	22	231	2.1e-43	172.2
BCW-201865_02602	gnl|TC-DB|Q5V9S2|3.A.1.5.22	22.4	474	327	16	37	488	50	504	7.2e-18	88.6
BCW-201865_02615	gnl|TC-DB|P37002|1.A.43.1.1	58.2	122	51	0	1	122	1	122	1.7e-34	141.7
BCW-201865_02616	gnl|TC-DB|G8WDN4|2.A.76.1.10	64.6	209	73	1	1	208	1	209	9.3e-70	259.6
BCW-201865_02619	gnl|TC-DB|A0RZH5|1.B.1.1.8	79.6	383	70	2	2	376	1	383	3.6e-173	604.0
BCW-201865_02636	gnl|TC-DB|Q46821|2.A.40.3.3	41.3	419	238	5	13	426	28	443	1.2e-77	287.0
BCW-201865_02637	gnl|TC-DB|G3IME2|9.B.35.1.2	38.9	113	66	2	2	111	29	141	5.8e-18	86.7
BCW-201865_02641	gnl|TC-DB|Q9I488|3.A.1.3.21	57.3	239	102	0	3	241	1	239	2.0e-71	265.4
BCW-201865_02642	gnl|TC-DB|P0AFT2|3.A.1.3.10	35.3	207	132	2	8	213	10	215	3.4e-30	128.3
BCW-201865_02643	gnl|TC-DB|P35113|3.A.1.3.6	31.6	209	133	2	14	212	10	218	5.0e-21	97.8
BCW-201865_02657	gnl|TC-DB|P94575|2.A.39.3.4	32.7	471	310	4	20	486	10	477	5.5e-76	281.6
BCW-201865_02670	gnl|TC-DB|P31552|4.C.1.1.6	21.3	376	245	7	50	403	170	516	3.7e-14	76.3
BCW-201865_02673	gnl|TC-DB|P30750|3.A.1.24.1	86.3	343	47	0	1	343	1	343	4.8e-164	573.5
BCW-201865_02674	gnl|TC-DB|P31547|3.A.1.24.1	92.2	217	17	0	1	217	1	217	1.2e-72	269.2
BCW-201865_02675	gnl|TC-DB|P28635|3.A.1.24.1	91.1	271	24	0	1	271	1	271	3.2e-139	490.7
BCW-201865_02696	gnl|TC-DB|P0A943|1.B.33.1.3	82.8	814	123	5	1	801	1	810	0.0e+00	1369.8
BCW-201865_02712	gnl|TC-DB|Q8ZRP7|3.A.1.13.1	55.3	257	115	0	4	260	7	263	6.5e-79	290.4
BCW-201865_02715	gnl|TC-DB|A8ALD3|2.A.49.5.5	74.6	452	115	0	13	464	13	464	7.0e-190	659.8
BCW-201865_02717	gnl|TC-DB|P06972|3.A.1.14.3	73.7	651	169	2	7	657	9	657	1.5e-262	901.7
BCW-201865_02718	gnl|TC-DB|P07822|3.A.1.14.3	54.6	293	131	2	1	292	4	295	6.0e-91	330.5
BCW-201865_02719	gnl|TC-DB|P07821|3.A.1.14.3	81.8	258	47	0	7	264	8	265	4.3e-120	427.2
BCW-201865_02720	gnl|TC-DB|P06971|1.B.14.1.2	56.8	754	277	10	15	735	10	747	5.4e-237	817.0
BCW-201865_02721	gnl|TC-DB|P06971|1.B.14.1.2	49.7	719	325	9	28	721	41	747	9.4e-202	699.9
BCW-201865_02722	gnl|TC-DB|A9XED4|1.B.12.11.1	38.3	94	48	1	129	212	149	242	1.8e-11	66.2
BCW-201865_02734	gnl|TC-DB|P0AFN6|3.A.1.105.17	87.1	256	33	0	1	256	1	256	4.7e-124	440.3
BCW-201865_02735	gnl|TC-DB|P36879|3.A.1.105.17	85.1	308	46	0	1	308	1	308	4.1e-146	513.8
BCW-201865_02736	gnl|TC-DB|Q8F8H7|2.A.53.3.8	48.7	193	98	1	2	193	539	731	2.4e-55	211.8
BCW-201865_02739	gnl|TC-DB|P36649|1.B.76.1.8	65.5	533	167	4	1	533	1	516	5.3e-202	700.3
BCW-201865_02740	gnl|TC-DB|P0AA95|8.A.2.1.3	73.0	115	31	0	1	115	1	115	6.4e-44	172.9
BCW-201865_02750	gnl|TC-DB|P37489|2.A.1.14.39	30.2	421	279	6	11	423	20	433	4.3e-56	215.3
BCW-201865_02762	gnl|TC-DB|Q6GUB0|2.A.88.1.1	50.3	181	85	2	1	176	1	181	1.3e-38	156.0
BCW-201865_02763	gnl|TC-DB|Q6GUB1|3.A.1.25.1	38.3	193	114	2	6	195	5	195	1.1e-20	96.7
BCW-201865_02764	gnl|TC-DB|Q6GUB2|3.A.1.25.1	41.1	219	128	1	2	219	3	221	4.5e-46	181.0
BCW-201865_02770	gnl|TC-DB|P15993|2.A.3.1.3	87.1	449	58	0	3	451	5	453	2.9e-225	777.3
BCW-201865_02771	gnl|TC-DB|P31435|2.A.2.3.4	46.6	427	226	2	1	427	1	425	4.2e-118	421.4
BCW-201865_02773	gnl|TC-DB|P0AE14|9.B.125.1.1	69.4	284	87	0	1	284	1	284	3.7e-109	391.0
BCW-201865_02783	gnl|TC-DB|P22608|3.A.15.2.1	40.6	480	257	5	10	461	84	563	4.5e-96	348.2
BCW-201865_02784	gnl|TC-DB|P22609|3.A.15.2.1	33.8	334	221	0	66	399	41	374	9.5e-55	210.7
BCW-201865_02793	gnl|TC-DB|P15644|1.B.22.1.1	55.9	648	255	10	16	639	14	654	1.1e-182	636.3
BCW-201865_02794	gnl|TC-DB|P15645|3.A.15.1.1	59.1	486	187	5	3	480	8	489	4.6e-152	534.3
BCW-201865_02795	gnl|TC-DB|P15745|3.A.15.1.1	40.9	396	212	2	3	396	4	379	7.3e-55	211.1
BCW-201865_02796	gnl|TC-DB|P15746|3.A.15.1.1	71.6	134	38	0	8	141	2	135	3.6e-52	200.7
BCW-201865_02798	gnl|TC-DB|P15748|3.A.15.1.1	48.2	112	58	0	2	113	3	114	9.3e-22	99.4
BCW-201865_02799	gnl|TC-DB|P15749|3.A.15.1.1	34.2	196	118	3	1	186	1	195	5.0e-22	100.9
BCW-201865_02803	gnl|TC-DB|P15754|3.A.15.1.1	55.1	205	84	4	15	217	27	225	1.9e-43	172.6
BCW-201865_02806	gnl|TC-DB|P10408|3.A.5.1.1	87.7	900	111	0	1	900	1	900	0.0e+00	1548.5
BCW-201865_02816	gnl|TC-DB|P0ABG4|2.A.103.1.1	82.5	401	70	0	2	402	12	412	2.7e-190	661.0
BCW-201865_02818	gnl|TC-DB|P0A6W3|9.B.146.1.6	93.1	360	25	0	1	360	1	360	8.8e-193	669.1
BCW-201865_02832	gnl|TC-DB|P31675|2.A.1.20.1	70.5	383	113	0	8	390	9	391	4.1e-151	530.8
BCW-201865_02834	gnl|TC-DB|P31550|3.A.1.19.1	76.8	328	75	1	1	328	1	327	7.9e-148	519.6
BCW-201865_02835	gnl|TC-DB|P31549|3.A.1.19.1	73.9	536	140	0	1	536	1	536	3.5e-222	767.3
BCW-201865_02836	gnl|TC-DB|P31548|3.A.1.19.1	62.8	231	86	0	1	231	1	231	1.5e-79	292.4
BCW-201865_02842	gnl|TC-DB|P31554|1.B.42.1.2	71.3	785	212	7	12	787	1	781	0.0e+00	1182.2
BCW-201865_02849	gnl|TC-DB|P0AG38|2.A.76.1.2	30.0	207	140	2	1	204	1	205	5.6e-19	90.9
BCW-201865_02850	gnl|TC-DB|Q9KWT9|3.A.1.1.10	51.8	359	168	3	1	355	2	359	1.3e-100	362.8
BCW-201865_02851	gnl|TC-DB|G4FGN6|3.A.1.1.41	37.7	265	163	1	13	275	14	278	3.0e-47	185.3
BCW-201865_02852	gnl|TC-DB|Q72H67|3.A.1.1.25	35.5	282	180	1	19	300	4	283	1.9e-42	169.5
BCW-201865_02853	gnl|TC-DB|G4FGN8|3.A.1.1.41	26.2	321	216	12	45	353	34	345	9.7e-21	97.8
BCW-201865_02861	gnl|TC-DB|B8I766|9.B.105.1.5	35.4	144	84	3	14	154	2	139	2.8e-16	81.6
BCW-201865_02867	gnl|TC-DB|P13738|2.A.33.1.1	66.1	384	130	0	5	388	4	387	2.3e-138	488.4
BCW-201865_02869	gnl|TC-DB|P0A6Y8|1.A.33.1.2	87.0	638	81	1	1	636	1	638	2.7e-309	1057.0
BCW-201865_02870	gnl|TC-DB|Q5ZYB5|3.A.7.9.1	31.9	405	266	5	11	410	2	401	6.7e-46	181.4
BCW-201865_02888	gnl|TC-DB|Q9L3S6|3.A.1.4.4	46.1	386	185	8	24	407	48	412	1.2e-92	336.7
BCW-201865_02889	gnl|TC-DB|Q9L3S5|3.A.1.4.4	41.2	386	141	3	220	520	1	385	2.2e-67	253.1
BCW-201865_02890	gnl|TC-DB|Q9L3S4|3.A.1.4.4	43.7	311	172	2	45	353	30	339	8.5e-63	237.3
BCW-201865_02891	gnl|TC-DB|Q9L3S3|3.A.1.4.4	44.0	259	127	2	22	263	5	262	1.2e-50	196.4
BCW-201865_02892	gnl|TC-DB|Q9L3S2|3.A.1.4.4	50.7	215	104	2	14	227	4	217	1.1e-50	196.4
BCW-201865_02896	gnl|TC-DB|P43672|3.A.1.120.6	34.0	512	327	6	21	527	18	523	6.5e-78	288.1
BCW-201865_02900	gnl|TC-DB|P24518|4.B.1.1.1	87.5	409	51	0	1	409	1	409	4.1e-218	753.4
BCW-201865_02921	gnl|TC-DB|A8YQR5|3.A.23.2.1	36.8	511	306	11	5	509	10	509	2.3e-82	303.1
BCW-201865_02923	gnl|TC-DB|Q6EE14|3.A.23.2.1	53.6	854	393	2	9	862	8	858	1.5e-249	859.0
BCW-201865_02925	gnl|TC-DB|Q6EE16|3.A.23.2.1	34.5	635	376	17	4	623	3	612	1.7e-87	320.1
BCW-201865_02935	gnl|TC-DB|Q6EE20|3.A.23.2.1	49.4	492	242	4	5	492	2	490	1.1e-137	486.5
BCW-201865_02939	gnl|TC-DB|Q9KN45|3.A.23.1.1	24.9	1224	797	31	17	1200	25	1166	1.4e-85	314.7
BCW-201865_02940	gnl|TC-DB|Q8EGR5|1.A.30.1.6	33.3	126	83	1	270	394	166	291	3.2e-13	72.8
BCW-201865_02941	gnl|TC-DB|Q9KN51|3.A.23.1.1	35.5	445	285	2	1	444	1	444	2.3e-81	299.3
BCW-201865_02952	gnl|TC-DB|D4ZZR3|9.B.34.1.3	40.2	179	91	4	179	347	221	393	8.5e-26	114.4
BCW-201865_02954	gnl|TC-DB|P36035|2.A.1.12.2	29.7	427	255	8	3	391	138	557	1.3e-46	183.7
BCW-201865_02959	gnl|TC-DB|P77228|2.A.1.6.9	41.4	418	233	4	37	451	2	410	1.7e-87	319.7
BCW-201865_03008	gnl|TC-DB|B0T2Y9|5.A.1.5.2	45.3	424	203	3	4	409	326	738	1.6e-89	326.2
BCW-201865_03024	gnl|TC-DB|Q9KW03|9.A.33.1.1	40.8	228	117	5	2	220	5	223	1.1e-34	144.1
BCW-201865_03059	gnl|TC-DB|P45420|1.B.11.5.1	32.6	809	522	11	1	803	1	792	7.7e-120	427.9
BCW-201865_03067	gnl|TC-DB|P45420|1.B.11.5.1	32.5	773	497	12	61	824	36	792	3.5e-112	402.5
BCW-201865_03071	gnl|TC-DB|P39321|9.B.22.1.2	64.5	1259	445	2	1	1257	1	1259	0.0e+00	1682.5
BCW-201865_03072	gnl|TC-DB|P0ADE4|1.B.33.2.4	73.4	579	152	2	1	579	1	577	8.4e-262	899.0
BCW-201865_03073	gnl|TC-DB|Q0PBV6|9.A.40.2.2	22.5	423	322	4	5	424	26	445	2.7e-34	142.9
BCW-201865_03109	gnl|TC-DB|B0SM05|2.A.25.1.6	34.0	285	175	6	12	292	468	743	4.5e-41	164.9
BCW-201865_03110	gnl|TC-DB|P39285|1.A.23.1.3	68.1	1109	351	2	3	1111	2	1107	0.0e+00	1388.2
BCW-201865_03121	gnl|TC-DB|P39344|2.A.8.1.2	78.4	439	95	0	1	439	1	439	2.5e-189	657.9
BCW-201865_03125	gnl|TC-DB|D4ZZR3|9.B.34.1.3	36.9	168	98	4	187	346	228	395	8.4e-23	104.4
BCW-201865_03134	gnl|TC-DB|Q9HPN8|2.A.49.6.4	26.3	441	274	8	17	417	184	613	2.7e-23	106.7
BCW-201865_03136	gnl|TC-DB|P42601|2.A.109.1.7	86.5	318	43	0	1	318	1	318	5.7e-151	530.0
BCW-201865_03142	gnl|TC-DB|P0ABN5|2.A.13.1.1	63.4	434	157	2	1	433	1	433	1.2e-143	506.1
BCW-201865_03143	gnl|TC-DB|P36655|5.A.1.1.1	67.3	563	177	2	16	577	5	561	1.6e-212	735.3
BCW-201865_03150	gnl|TC-DB|Q8X6C1|1.B.12.1.6	48.5	549	241	7	443	953	805	1349	3.9e-147	518.8
BCW-201865_03156	gnl|TC-DB|A8YQR5|3.A.23.2.1	32.8	530	326	10	2	528	7	509	1.7e-72	270.8
BCW-201865_03158	gnl|TC-DB|Q9KN45|3.A.23.1.1	23.0	1246	815	34	66	1264	23	1170	6.6e-65	246.1
BCW-201865_03160	gnl|TC-DB|Q9KN51|3.A.23.1.1	32.8	445	292	5	4	447	5	443	8.2e-71	264.2
BCW-201865_03163	gnl|TC-DB|Q6EE20|3.A.23.2.1	50.9	462	223	3	32	493	33	490	4.7e-136	481.1
BCW-201865_03166	gnl|TC-DB|Q9HWU4|1.B.11.3.7	37.2	779	459	11	68	832	30	792	3.3e-132	469.2
BCW-201865_03169	gnl|TC-DB|Q6EE14|3.A.23.2.1	49.2	866	412	5	6	867	6	847	4.5e-230	794.3
BCW-201865_03170	gnl|TC-DB|Q9KN55|3.A.23.1.1	28.3	608	375	18	8	602	6	565	1.0e-55	214.5
BCW-201865_03175	gnl|TC-DB|P65593|1.B.6.1.3	38.9	126	71	3	472	592	200	324	1.3e-15	81.3
BCW-201865_03177	gnl|TC-DB|P06971|1.B.14.1.2	32.4	704	427	19	55	721	56	747	4.8e-89	325.5
BCW-201865_03179	gnl|TC-DB|P76628|2.A.1.36.3	31.4	382	252	3	14	394	8	380	8.0e-41	164.5
BCW-201865_03180	gnl|TC-DB|P42194|2.A.7.3.3	65.2	273	95	0	4	276	3	275	1.7e-93	339.0
BCW-201865_03193	gnl|TC-DB|P09551|3.A.1.3.1	51.0	257	122	2	3	255	2	258	2.5e-72	268.5
BCW-201865_03195	gnl|TC-DB|P0AG34|2.A.76.1.1	36.3	204	127	1	1	204	1	201	1.0e-28	123.2
BCW-201865_03203	gnl|TC-DB|G4FGN3|3.A.1.2.20	35.9	498	303	3	8	498	3	491	1.3e-85	313.5
BCW-201865_03204	gnl|TC-DB|Q92WK1|3.A.1.2.11	29.2	301	195	7	50	334	42	340	8.5e-26	114.4
BCW-201865_03209	gnl|TC-DB|Q9RPV1|2.A.1.14.9	28.7	418	281	6	20	422	35	450	4.2e-40	162.2
BCW-201865_03217	gnl|TC-DB|P76230|2.A.1.1.115	27.3	388	270	5	74	454	52	434	1.9e-30	130.2
BCW-201865_03218	gnl|TC-DB|P0AAP1|9.B.34.1.2	32.9	167	107	2	279	443	205	368	1.5e-18	91.3
BCW-201865_03219	gnl|TC-DB|P0AFY6|9.A.18.1.1	69.3	398	118	1	1	398	1	394	1.3e-152	535.8
BCW-201865_03225	gnl|TC-DB|P21345|2.A.23.1.1	81.7	427	78	0	1	427	1	427	1.6e-188	655.2
BCW-201865_03226	gnl|TC-DB|P31552|4.C.1.1.6	24.0	537	358	15	90	616	21	517	6.8e-26	115.5
BCW-201865_03227	gnl|TC-DB|P0AF54|9.B.136.1.1	72.5	102	28	0	1	102	1	102	1.2e-38	155.2
BCW-201865_03228	gnl|TC-DB|P32705|2.A.21.7.2	86.3	547	74	1	6	552	4	549	3.4e-260	893.6
BCW-201865_03229	gnl|TC-DB|Q8XE01|1.B.68.1.1	42.5	181	103	1	1	181	8	187	3.6e-41	164.5
BCW-201865_03231	gnl|TC-DB|E7UC95|1.E.14.1.9	67.8	115	37	0	29	143	16	130	1.1e-38	156.0
BCW-201865_03233	gnl|TC-DB|P32703|2.A.36.3.1	77.4	549	124	0	1	549	1	549	1.2e-236	815.5
BCW-201865_03234	gnl|TC-DB|P0AF52|2.A.40.7.5	84.0	449	72	0	1	449	1	449	6.0e-199	689.9
BCW-201865_03238	gnl|TC-DB|P76330|9.B.34.1.4	36.6	164	97	4	258	416	393	554	5.7e-16	82.0
BCW-201865_03243	gnl|TC-DB|P24520|4.B.1.1.1	80.3	233	46	0	1	233	1	233	6.5e-104	373.2
BCW-201865_03244	gnl|TC-DB|P75757|2.A.4.1.4	72.6	299	76	1	1	293	1	299	2.3e-117	418.3
BCW-201865_03253	gnl|TC-DB|A7BAX2|3.A.1.26.3	29.1	481	270	16	24	471	260	702	2.6e-22	103.2
BCW-201865_03256	gnl|TC-DB|P37329|3.A.1.8.1	67.8	255	81	1	1	254	1	255	2.9e-92	334.7
BCW-201865_03257	gnl|TC-DB|P0AF01|3.A.1.8.1	80.3	228	45	0	2	229	1	228	2.4e-98	354.8
BCW-201865_03258	gnl|TC-DB|P09833|3.A.1.8.1	71.5	351	100	0	1	351	1	351	7.9e-146	513.1
BCW-201865_03269	gnl|TC-DB|Q9L3S2|3.A.1.4.4	35.5	220	136	2	13	232	3	216	1.8e-32	136.0
BCW-201865_03280	gnl|TC-DB|P0AAC4|1.A.14.2.2	73.3	236	61	2	1	236	1	234	2.8e-86	314.7
BCW-201865_03281	gnl|TC-DB|P75770|4.D.2.4.3	72.2	316	88	0	1	316	1	316	2.7e-121	431.4
BCW-201865_03284	gnl|TC-DB|P0AAW6|9.B.15.1.1	38.2	123	74	1	1	121	1	123	9.1e-15	76.3
BCW-201865_03285	gnl|TC-DB|O00571|1.I.1.1.3	41.7	391	202	8	2	369	181	568	1.3e-71	266.9
BCW-201865_03288	gnl|TC-DB|P37621|2.A.1.46.7	54.8	383	173	0	16	398	8	390	1.9e-111	399.1
BCW-201865_03290	gnl|TC-DB|P0AFJ7|2.A.20.1.1	42.8	493	254	7	61	533	14	498	6.5e-99	357.8
BCW-201865_03295	gnl|TC-DB|P63395|3.A.1.5.26	49.4	257	127	2	5	259	349	604	1.2e-58	223.0
BCW-201865_03296	gnl|TC-DB|Q93PJ7|3.A.1.5.40	33.0	524	322	10	30	545	18	520	8.0e-66	248.1
BCW-201865_03297	gnl|TC-DB|P75798|3.A.1.5.11	40.8	314	176	1	1	314	1	304	1.2e-65	246.5
BCW-201865_03298	gnl|TC-DB|P33950|3.A.1.5.27	32.9	468	291	9	62	511	71	533	4.1e-66	248.8
BCW-201865_03300	gnl|TC-DB|E4PCL6|9.B.27.2.7	60.0	185	74	0	1	185	1	185	1.9e-61	231.9
BCW-201865_03301	gnl|TC-DB|J2MRK2|9.B.29.3.1	39.6	182	110	0	7	188	8	189	1.3e-33	139.4
BCW-201865_03304	gnl|TC-DB|Q9EV03|1.A.23.1.2	33.2	265	171	2	484	747	777	1036	7.2e-33	139.0
BCW-201865_03310	gnl|TC-DB|M3JA40|1.B.52.2.1	60.3	58	23	0	466	523	280	337	2.1e-11	67.4
BCW-201865_03343	gnl|TC-DB|P75783|1.A.23.3.2	68.7	722	224	2	10	731	4	723	3.7e-278	953.7
BCW-201865_03344	gnl|TC-DB|P10346|3.A.1.3.2	88.8	240	27	0	1	240	1	240	2.5e-119	424.5
BCW-201865_03345	gnl|TC-DB|P0AEQ6|3.A.1.3.2	87.7	219	27	0	1	219	1	219	2.6e-102	367.9
BCW-201865_03346	gnl|TC-DB|P0AEQ3|3.A.1.3.2	83.5	248	41	0	1	248	1	248	5.3e-120	426.8
BCW-201865_03348	gnl|TC-DB|P0AA67|2.A.7.3.6	69.1	278	86	0	7	284	7	284	1.5e-105	379.0
BCW-201865_03349	gnl|TC-DB|G0EBV0|1.B.6.2.10	71.9	171	46	1	1	169	1	171	8.1e-64	239.6
BCW-201865_03353	gnl|TC-DB|P75788|2.A.45.2.5	61.2	366	142	0	5	370	6	371	1.9e-118	422.2
BCW-201865_03354	gnl|TC-DB|Q9RQ30|8.A.1.1.2	49.2	126	62	2	246	369	228	353	2.5e-25	112.8
BCW-201865_03355	gnl|TC-DB|P0AEJ0|2.A.1.3.2	36.4	503	305	4	5	504	2	492	9.5e-87	317.4
BCW-201865_03356	gnl|TC-DB|B3PY75|1.B.17.3.8	33.1	483	286	6	21	499	10	459	3.7e-59	225.7
BCW-201865_03357	gnl|TC-DB|O34718|2.A.1.1.26	50.9	454	213	4	24	474	10	456	6.8e-119	424.1
BCW-201865_03358	gnl|TC-DB|O34718|2.A.1.1.26	48.6	457	226	3	16	469	2	452	2.5e-113	405.6
BCW-201865_03359	gnl|TC-DB|Q83XH1|3.A.1.121.4	46.8	526	279	1	1	526	1	525	4.0e-141	498.0
BCW-201865_03360	gnl|TC-DB|P0AAP1|9.B.34.1.2	35.0	180	110	3	331	510	194	366	2.5e-23	106.7
BCW-201865_03361	gnl|TC-DB|B7FYG1|3.A.25.1.1	32.0	147	90	3	28	164	482	628	5.6e-13	71.2
BCW-201865_03364	gnl|TC-DB|P75796|3.A.1.5.11	72.3	603	163	2	11	610	12	613	2.5e-240	827.8
BCW-201865_03365	gnl|TC-DB|P75797|3.A.1.5.11	77.9	506	112	0	7	512	7	512	3.0e-234	807.4
BCW-201865_03366	gnl|TC-DB|P75798|3.A.1.5.11	85.0	306	46	0	2	307	1	306	5.3e-146	513.5
BCW-201865_03367	gnl|TC-DB|P75799|3.A.1.5.11	67.7	300	97	0	1	300	3	302	7.3e-108	386.7
BCW-201865_03372	gnl|TC-DB|P0AAD6|2.A.42.2.1	78.1	430	89	2	1	427	1	428	4.3e-186	647.1
BCW-201865_03373	gnl|TC-DB|P94571|9.B.105.1.3	29.6	159	107	2	5	163	1	154	8.3e-15	77.0
BCW-201865_03374	gnl|TC-DB|A7ZJR5|2.A.81.1.4	88.4	561	65	0	1	561	1	561	1.7e-283	971.1
BCW-201865_03381	gnl|TC-DB|P31133|3.A.1.11.2	76.7	365	83	2	6	368	6	370	5.3e-169	590.1
BCW-201865_03382	gnl|TC-DB|P31134|3.A.1.11.2	87.3	377	48	0	3	379	1	377	1.9e-193	671.4
BCW-201865_03383	gnl|TC-DB|P31135|3.A.1.11.2	79.0	315	64	1	8	320	3	317	2.6e-143	504.6
BCW-201865_03384	gnl|TC-DB|P0AFL1|3.A.1.11.2	77.9	281	61	1	1	280	1	281	2.3e-116	414.8
BCW-201865_03386	gnl|TC-DB|B2A7R4|9.B.156.1.2	52.1	142	68	0	16	157	16	157	3.3e-35	144.4
BCW-201865_03387	gnl|TC-DB|P39379|9.A.5.4.2	48.8	213	103	3	8	218	12	220	1.0e-45	179.9
BCW-201865_03390	gnl|TC-DB|P30860|3.A.1.3.3	68.7	243	76	0	1	243	1	243	4.7e-97	350.5
BCW-201865_03391	gnl|TC-DB|P0AE30|3.A.1.3.3	77.9	222	49	0	1	222	1	222	6.4e-85	310.1
BCW-201865_03392	gnl|TC-DB|P0AE34|3.A.1.3.3	82.8	238	41	0	1	238	1	238	3.3e-111	397.5
BCW-201865_03393	gnl|TC-DB|P30859|3.A.1.3.3	76.5	243	57	0	1	243	1	243	1.9e-106	381.7
BCW-201865_03394	gnl|TC-DB|P0AAF6|3.A.1.3.3	87.2	242	31	0	18	259	1	242	2.6e-117	417.9
BCW-201865_03403	gnl|TC-DB|Q9SXJ7|3.A.9.1.2	38.4	808	398	12	17	739	133	925	6.1e-151	531.2
BCW-201865_03408	gnl|TC-DB|P23886|3.A.1.129.1	67.1	572	187	1	1	572	1	571	1.5e-213	738.8
BCW-201865_03409	gnl|TC-DB|P29018|3.A.1.129.1	64.3	585	207	2	1	584	1	584	1.6e-207	718.8
BCW-201865_03412	gnl|TC-DB|P46889|3.A.12.1.2	60.6	1338	325	14	1	1145	1	1329	0.0e+00	1111.7
BCW-201865_03413	gnl|TC-DB|P61316|1.B.46.1.1	75.9	203	49	0	1	203	1	203	2.1e-90	328.2
BCW-201865_03416	gnl|TC-DB|P21503|2.A.1.26.1	71.7	382	107	1	1	382	1	381	1.3e-154	542.3
BCW-201865_03419	gnl|TC-DB|P0AC23|1.A.16.1.1	82.5	285	50	0	1	285	1	285	6.0e-136	479.9
BCW-201865_03426	gnl|TC-DB|P44408|3.A.11.2.2	35.5	665	376	10	132	752	133	788	2.7e-98	356.3
BCW-201865_03427	gnl|TC-DB|P60752|3.A.1.106.1	86.6	582	78	0	1	582	1	582	8.4e-278	952.2
BCW-201865_03442	gnl|TC-DB|Q56111|1.B.1.1.22	64.1	390	108	8	2	366	1	383	2.1e-133	471.9
BCW-201865_03447	gnl|TC-DB|B1X8N7|3.A.1.17.10	80.2	242	47	1	9	250	4	244	6.2e-103	370.2
BCW-201865_03448	gnl|TC-DB|P75851|3.A.1.17.10	86.2	260	36	0	1	260	1	260	2.7e-114	407.9
BCW-201865_03450	gnl|TC-DB|P75853|3.A.1.17.10	75.6	308	75	0	6	313	2	309	4.5e-132	467.2
BCW-201865_03456	gnl|TC-DB|P43672|3.A.1.120.6	80.8	637	120	1	1	637	1	635	1.4e-281	964.9
BCW-201865_03463	gnl|TC-DB|P0A910|1.B.6.1.1	78.4	356	67	3	1	356	1	346	1.7e-151	531.9
BCW-201865_03467	gnl|TC-DB|P75870|2.A.85.1.1	68.1	703	224	0	9	711	6	708	3.9e-277	950.3
BCW-201865_03468	gnl|TC-DB|P0AB12|9.B.55.1.1	85.1	148	22	0	1	148	1	148	5.6e-69	256.5
BCW-201865_03477	gnl|TC-DB|P0AAC6|1.A.14.2.1	80.1	216	42	1	1	215	1	216	1.2e-88	322.4
BCW-201865_03482	gnl|TC-DB|P07110|1.B.11.2.1	46.2	813	414	12	28	822	25	832	3.1e-204	708.4
BCW-201865_03498	gnl|TC-DB|K7QW88|2.A.7.3.52	35.4	271	162	8	19	286	11	271	5.0e-24	108.2
BCW-201865_03499	gnl|TC-DB|P75892|2.A.40.1.3	83.4	428	70	1	1	427	1	428	6.8e-195	676.4
BCW-201865_03507	gnl|TC-DB|P0AAE0|2.A.3.1.7	74.9	466	113	3	1	463	1	465	1.0e-196	682.6
BCW-201865_03511	gnl|TC-DB|P0ACX0|9.B.72.1.2	68.8	109	34	0	1	109	1	109	2.5e-37	151.0
BCW-201865_03515	gnl|TC-DB|K0WKG7|4.F.1.1.8	62.6	174	63	1	4	175	2	175	7.7e-52	199.9
BCW-201865_03544	gnl|TC-DB|B6IAY2|1.E.43.1.3	39.5	129	73	2	1	125	15	142	6.1e-16	80.1
BCW-201865_03545	gnl|TC-DB|K7PKN9|1.E.56.1.3	51.1	92	45	0	1	92	1	92	2.1e-21	97.8
BCW-201865_03547	gnl|TC-DB|960774168|1.M.1.3.7	55.1	69	29	1	23	89	10	78	1.6e-13	71.6
BCW-201865_03583	gnl|TC-DB|P45955|2.C.1.2.1	73.7	194	47	1	1	194	1	190	2.4e-54	208.8
BCW-201865_03584	gnl|TC-DB|C6EJJ6|2.C.1.2.1	72.3	173	47	1	1	172	1	173	2.0e-62	235.0
BCW-201865_03585	gnl|TC-DB|P0A855|2.C.1.2.1	87.7	430	53	0	1	430	1	430	2.6e-135	478.4
BCW-201865_03586	gnl|TC-DB|P19934|2.C.1.2.1	67.5	126	39	1	299	422	296	421	6.2e-36	148.3
BCW-201865_03587	gnl|TC-DB|P0ABV8|1.A.30.2.2	84.6	143	21	1	1	143	1	142	7.1e-61	229.6
BCW-201865_03588	gnl|TC-DB|P0ABU9|1.A.30.2.2	92.4	223	17	0	1	223	1	223	1.0e-109	392.5
BCW-201865_03590	gnl|TC-DB|P0AAV0|8.A.79.1.1	71.9	96	27	0	1	96	1	96	9.2e-36	145.6
BCW-201865_03592	gnl|TC-DB|P0ABK2|3.D.4.3.2	79.7	379	77	0	1	379	1	379	7.6e-179	622.9
BCW-201865_03593	gnl|TC-DB|P0ABJ9|3.D.4.3.2	87.5	522	65	0	1	522	1	522	1.9e-265	911.0
BCW-201865_03598	gnl|TC-DB|X5GWN5|3.D.10.1.6	51.7	234	106	5	4	236	27	254	7.7e-68	253.4
BCW-201865_03599	gnl|TC-DB|X5H3P0|3.D.10.1.6	54.4	590	257	8	7	588	12	597	5.3e-179	624.0
BCW-201865_03605	gnl|TC-DB|B1HGV3|9.B.211.1.1	52.9	323	140	2	6	328	7	317	6.2e-84	307.4
BCW-201865_03621	gnl|TC-DB|P0AAD2|2.A.42.1.2	61.5	413	159	0	1	413	1	413	2.7e-137	485.0
BCW-201865_03624	gnl|TC-DB|P09323|4.A.1.1.2	79.8	647	130	1	2	648	1	646	2.5e-286	980.7
BCW-201865_03641	gnl|TC-DB|P0A2L3|9.A.40.1.2	84.6	292	45	0	1	292	1	292	7.8e-139	489.6
BCW-201865_03643	gnl|TC-DB|P37902|3.A.1.3.4	81.6	309	50	1	1	309	1	302	1.5e-143	505.4
BCW-201865_03644	gnl|TC-DB|P0AER3|3.A.1.3.4	83.7	246	39	1	1	245	1	246	9.5e-114	406.0
BCW-201865_03645	gnl|TC-DB|P0AER5|3.A.1.3.4	84.2	222	35	0	1	222	1	222	1.6e-99	358.6
BCW-201865_03646	gnl|TC-DB|P0AAG3|3.A.1.3.4	90.5	241	23	0	1	241	1	241	6.0e-121	429.9
BCW-201865_03649	gnl|TC-DB|P0ADC1|1.B.42.1.2	55.6	189	78	1	5	187	4	192	1.1e-51	199.5
BCW-201865_03655	gnl|TC-DB|P0ABG7|2.A.103.1.2	87.8	370	45	0	1	370	1	370	1.7e-183	638.3
BCW-201865_03661	gnl|TC-DB|P0A843|2.A.64.1.1	68.7	67	17	1	1	63	1	67	6.8e-16	79.0
BCW-201865_03662	gnl|TC-DB|Q9F3K7|3.A.1.3.24	61.6	250	96	0	7	256	4	253	1.3e-84	309.3
BCW-201865_03663	gnl|TC-DB|Q9F3K6|3.A.1.3.24	46.2	275	141	3	20	294	21	288	1.1e-58	223.4
BCW-201865_03675	gnl|TC-DB|A9BQS6|2.A.7.37.1	59.5	121	49	0	1	121	1	121	1.0e-34	142.5
BCW-201865_03677	gnl|TC-DB|Q46892|2.A.8.1.7	65.3	427	145	1	28	451	28	454	4.1e-147	517.7
BCW-201865_03687	gnl|TC-DB|P0ABK2|3.D.4.3.2	29.7	367	216	8	5	332	7	370	3.7e-36	148.7
BCW-201865_03690	gnl|TC-DB|Q51485|1.B.19.1.1	47.9	438	216	5	17	445	20	454	1.7e-116	416.0
BCW-201865_03691	gnl|TC-DB|P77307|3.A.1.139.2	70.9	251	73	0	1	251	1	251	1.4e-91	332.4
BCW-201865_03692	gnl|TC-DB|P77279|3.A.1.139.2	51.8	220	104	2	1	219	1	219	2.5e-57	218.4
BCW-201865_03693	gnl|TC-DB|Q8Z537|2.A.7.22.2	46.0	124	67	0	1	124	1	124	3.9e-18	87.4
BCW-201865_03694	gnl|TC-DB|P81891|2.A.7.22.2	54.7	106	42	1	4	103	4	109	7.9e-25	109.4
BCW-201865_03695	gnl|TC-DB|G8LJX5|9.B.142.2.2	57.3	553	234	2	1	553	1	551	8.3e-182	633.3
BCW-201865_03698	gnl|TC-DB|P77757|4.D.2.1.8	82.1	308	55	0	6	313	7	314	8.7e-147	516.2
BCW-201865_03700	gnl|TC-DB|A8H4W5|3.A.1.2.15	65.2	333	116	0	1	333	1	333	1.7e-121	432.2
BCW-201865_03701	gnl|TC-DB|A8H4W6|3.A.1.2.15	70.7	331	97	0	14	344	15	345	8.9e-126	446.4
BCW-201865_03702	gnl|TC-DB|A8H4W7|3.A.1.2.15	61.5	491	187	2	7	496	4	493	7.0e-172	600.1
BCW-201865_03709	gnl|TC-DB|P76115|1.B.14.9.5	63.7	680	241	4	20	699	26	699	4.7e-267	916.8
BCW-201865_03715	gnl|TC-DB|Q92NE8|3.A.1.5.17	52.7	531	236	4	6	523	4	532	1.3e-144	509.6
BCW-201865_03716	gnl|TC-DB|Q92NE9|3.A.1.5.17	55.6	252	112	0	11	262	13	264	3.2e-70	261.5
BCW-201865_03717	gnl|TC-DB|Q92NF0|3.A.1.5.17	47.4	323	170	0	7	329	47	369	6.2e-76	280.8
BCW-201865_03718	gnl|TC-DB|Q92NF1|3.A.1.5.17	42.3	515	289	4	2	513	17	526	5.8e-121	431.0
BCW-201865_03734	gnl|TC-DB|O33918|5.A.1.5.1	58.4	637	245	7	1	627	1	627	5.3e-209	723.8
BCW-201865_03761	gnl|TC-DB|P77504|3.A.1.122.15	70.2	802	239	0	1	802	1	802	0.0e+00	1120.1
BCW-201865_03762	gnl|TC-DB|P0A9T8|3.A.1.122.15	78.9	228	48	0	1	228	1	228	2.0e-97	351.7
BCW-201865_03766	gnl|TC-DB|P0AA53|8.A.21.2.2	87.1	302	39	0	1	302	1	302	5.9e-105	377.1
BCW-201865_03769	gnl|TC-DB|Q59385|3.A.3.5.5	72.9	838	217	2	1	832	1	834	0.0e+00	1151.0
BCW-201865_03773	gnl|TC-DB|Q8XG43|2.A.117.1.3	60.9	133	52	0	4	136	18	150	2.8e-44	174.5
BCW-201865_03775	gnl|TC-DB|P52067|2.A.1.35.1	79.4	393	80	1	8	399	13	405	1.7e-173	605.1
BCW-201865_03776	gnl|TC-DB|P39830|2.A.37.1.5	80.8	547	105	0	1	547	1	547	5.0e-243	836.6
BCW-201865_03798	gnl|TC-DB|P0AE06|8.A.1.6.1	71.9	399	110	2	1	399	1	397	1.1e-154	542.7
BCW-201865_03799	gnl|TC-DB|P31224|2.A.6.2.2	84.1	1049	166	1	1	1048	1	1049	0.0e+00	1709.9
BCW-201865_03802	gnl|TC-DB|Q56952|3.A.1.15.4	30.3	274	185	4	17	287	35	305	6.1e-35	144.4
BCW-201865_03803	gnl|TC-DB|A1IQK4|3.A.1.15.10	57.3	274	116	1	2	275	6	278	4.7e-80	294.3
BCW-201865_03804	gnl|TC-DB|A1IQK5|3.A.1.15.10	44.4	205	113	1	2	205	13	217	3.7e-43	171.4
BCW-201865_03811	gnl|TC-DB|P69681|1.A.11.1.1	75.1	422	104	1	6	427	7	427	2.2e-174	608.2
BCW-201865_03813	gnl|TC-DB|P0AAG5|3.A.1.106.13	81.7	584	107	0	1	584	1	584	1.2e-266	915.2
BCW-201865_03814	gnl|TC-DB|P77265|3.A.1.106.13	81.0	579	110	0	1	579	1	579	1.4e-272	934.9
BCW-201865_03816	gnl|TC-DB|O30646|2.A.7.3.25	57.6	278	117	1	14	290	9	286	4.2e-82	301.2
BCW-201865_03821	gnl|TC-DB|A1EMW4|3.A.11.2.3	43.3	104	47	2	9	112	12	103	3.1e-11	64.3
BCW-201865_03847	gnl|TC-DB|Q93N33|2.A.21.9.2	26.4	416	258	13	265	647	752	1152	1.1e-18	92.0
BCW-201865_03853	gnl|TC-DB|B9DIS8|9.B.97.5.1	32.2	354	219	11	1	337	16	365	4.4e-30	129.4
BCW-201865_03876	gnl|TC-DB|Q9WW95|9.B.40.1.2	45.2	730	372	11	1	711	24	744	1.6e-161	566.2
BCW-201865_03878	gnl|TC-DB|Q56100|3.A.7.10.1	42.6	357	201	3	23	376	25	380	4.6e-73	271.6
BCW-201865_03879	gnl|TC-DB|Q56101|3.A.7.10.1	46.4	166	86	2	198	362	183	346	3.5e-35	145.6
BCW-201865_03880	gnl|TC-DB|Q56102|3.A.7.10.1	39.3	644	379	7	13	650	11	648	6.5e-134	474.6
BCW-201865_03891	gnl|TC-DB|B6I4D1|9.B.128.1.1	78.5	442	94	1	1	441	1	442	1.3e-198	688.7
BCW-201865_03893	gnl|TC-DB|P0AAA7|2.A.66.2.3	73.0	415	112	0	1	415	1	415	4.5e-164	573.9
BCW-201865_03899	gnl|TC-DB|P0AC78|9.B.146.1.7	73.7	358	94	0	1	358	1	358	3.7e-146	514.2
BCW-201865_03900	gnl|TC-DB|P40290|3.A.6.1.1	28.2	252	159	5	157	396	148	389	4.5e-15	79.0
BCW-201865_03902	gnl|TC-DB|O00571|1.I.1.1.3	36.0	364	219	3	9	358	180	543	3.5e-55	212.2
BCW-201865_03927	gnl|TC-DB|P0AEY8|2.A.1.2.19	55.7	395	175	0	8	402	9	403	1.9e-122	435.6
BCW-201865_03929	gnl|TC-DB|B7L5V2|1.A.34.1.3	36.9	241	141	4	192	427	6	240	1.1e-38	157.5
BCW-201865_03930	gnl|TC-DB|P39172|3.A.1.15.5	72.4	315	82	2	1	315	1	310	7.2e-114	406.8
BCW-201865_03931	gnl|TC-DB|P0A9X1|3.A.1.15.5	82.5	251	44	0	1	251	1	251	8.5e-118	419.5
BCW-201865_03932	gnl|TC-DB|P39832|3.A.1.15.5	75.8	260	63	0	1	260	1	260	1.1e-96	349.4
BCW-201865_03946	gnl|TC-DB|P67826|9.B.158.1.2	57.4	242	103	0	1	242	1	242	7.8e-79	290.0
BCW-201865_03952	gnl|TC-DB|P40729|3.A.6.2.1	87.5	694	84	2	1	694	1	691	0.0e+00	1146.0
BCW-201865_03953	gnl|TC-DB|P40727|3.A.6.2.1	64.9	382	134	0	1	382	1	382	4.0e-143	504.2
BCW-201865_03960	gnl|TC-DB|M3JA40|1.B.52.2.1	33.9	186	109	2	346	517	275	460	4.4e-18	89.4
BCW-201865_03963	gnl|TC-DB|P0AF06|1.A.30.1.1	67.4	310	99	1	1	310	1	308	1.3e-113	406.0
BCW-201865_03964	gnl|TC-DB|P09348|1.A.30.1.1	76.6	295	68	1	1	294	1	295	2.3e-122	434.9
BCW-201865_03969	gnl|TC-DB|A3QE50|8.A.59.4.2	36.0	203	113	5	135	320	187	389	7.3e-26	114.8
BCW-201865_03970	gnl|TC-DB|657066864|9.B.143.3.3	31.0	229	147	3	10	231	12	236	1.4e-16	83.2
BCW-201865_03972	gnl|TC-DB|W1HZL5|3.A.1.106.16	66.0	97	33	0	3	99	187	283	1.1e-31	132.1
BCW-201865_03973	gnl|TC-DB|W1HZL5|3.A.1.106.16	66.5	176	59	0	19	194	8	183	6.5e-57	216.9
BCW-201865_03978	gnl|TC-DB|O53183|2.A.1.2.71	37.3	391	237	5	4	390	11	397	1.3e-56	216.9
BCW-201865_03979	gnl|TC-DB|P22340|1.B.3.1.2	51.8	434	188	6	100	533	93	505	2.0e-124	442.6
BCW-201865_03980	gnl|TC-DB|P31435|2.A.2.3.4	32.3	424	281	4	10	429	9	430	9.1e-57	217.6
BCW-201865_03987	gnl|TC-DB|P05528|3.A.1.116.1	49.8	243	120	1	1	243	1	241	1.6e-60	229.2
BCW-201865_03988	gnl|TC-DB|P05529|3.A.1.116.1	58.1	222	92	1	1	221	1	222	1.4e-72	269.2
BCW-201865_03993	gnl|TC-DB|O26447|2.A.66.2.10	25.6	402	298	1	9	410	15	415	5.3e-35	145.2
BCW-201865_03995	gnl|TC-DB|Q4ZLW8|2.A.15.1.3	51.7	511	247	0	14	524	12	522	1.8e-154	542.3
BCW-201865_04003	gnl|TC-DB|P94369|2.A.39.1.5	35.3	445	284	3	16	460	3	443	2.9e-79	292.4
BCW-201865_04011	gnl|TC-DB|P31125|2.A.7.3.2	29.2	291	194	5	1	280	1	290	2.0e-20	96.3
BCW-201865_04013	gnl|TC-DB|P75905|4.D.1.1.3	23.9	188	134	2	2	187	75	255	2.6e-12	69.3
BCW-201865_04017	gnl|TC-DB|P77304|2.A.17.1.2	29.5	475	312	12	19	483	26	487	3.6e-48	189.1
BCW-201865_04024	gnl|TC-DB|P31545|2.A.108.2.3	74.5	423	103	2	3	425	4	421	5.6e-186	646.7
BCW-201865_04025	gnl|TC-DB|P0AB24|2.A.108.2.3	74.9	375	94	0	1	375	1	375	7.1e-161	563.1
BCW-201865_04026	gnl|TC-DB|P75901|2.A.108.2.3	81.3	273	51	0	1	273	1	273	2.3e-124	441.4
BCW-201865_04027	gnl|TC-DB|P07117|2.A.21.2.1	81.1	493	93	0	1	493	1	493	1.1e-233	805.4
BCW-201865_04038	gnl|TC-DB|P37774|3.A.1.3.10	83.9	248	40	0	1	248	1	248	4.8e-113	403.7
BCW-201865_04039	gnl|TC-DB|P0AFT2|3.A.1.3.10	82.4	222	39	0	1	222	1	222	1.0e-98	355.9
BCW-201865_04040	gnl|TC-DB|P0AEM9|3.A.1.3.10	77.5	267	59	1	1	267	1	266	3.2e-115	411.0
BCW-201865_04060	gnl|TC-DB|p0aa70|2.A.7.3.22	74.9	291	73	0	9	299	6	296	9.3e-119	422.9
BCW-201865_04069	gnl|TC-DB|Q9XCS2|3.A.1.15.7	81.0	295	56	0	7	301	7	301	5.8e-137	483.4
BCW-201865_04070	gnl|TC-DB|Q9XCS1|3.A.1.15.7	73.5	245	65	0	4	248	3	247	1.7e-97	352.1
BCW-201865_04071	gnl|TC-DB|Q9XCS0|3.A.1.15.7	84.4	282	44	0	1	282	1	282	4.9e-130	460.3
BCW-201865_04072	gnl|TC-DB|Q9XCR9|3.A.1.15.7	74.5	267	68	0	7	273	6	272	7.0e-105	376.7
BCW-201865_04076	gnl|TC-DB|P77735|8.A.5.1.6	56.5	324	139	1	1	324	1	322	2.3e-102	368.6
BCW-201865_04092	gnl|TC-DB|P44656|3.A.1.17.3	42.6	237	129	3	6	237	2	236	1.0e-43	173.3
BCW-201865_04093	gnl|TC-DB|Q9CLG9|3.A.1.17.6	51.7	230	110	1	22	250	20	249	7.2e-56	213.8
BCW-201865_04094	gnl|TC-DB|Q9CLH1|3.A.1.17.6	51.1	311	149	3	1	308	4	314	2.1e-86	315.5
BCW-201865_04099	gnl|TC-DB|Q9F9T4|3.A.1.5.23	35.2	491	266	10	17	455	39	529	4.5e-64	241.9
BCW-201865_04100	gnl|TC-DB|Q93PJ7|3.A.1.5.40	29.6	240	166	1	15	254	17	253	3.9e-20	95.1
BCW-201865_04101	gnl|TC-DB|P33591|3.A.1.5.3	39.1	248	151	0	60	307	58	305	1.7e-38	156.4
BCW-201865_04102	gnl|TC-DB|Q92NF1|3.A.1.5.17	26.1	245	173	4	60	299	95	336	6.5e-16	82.0
BCW-201865_04103	gnl|TC-DB|A7ZUZ0|2.A.2.1.1	59.4	471	183	2	1	470	1	464	6.1e-157	550.4
BCW-201865_04110	gnl|TC-DB|A0QQ68|3.A.1.9.2	34.9	192	122	1	91	282	344	532	2.9e-24	109.0
BCW-201865_04111	gnl|TC-DB|P16683|3.A.1.9.1	37.6	189	117	1	96	284	72	259	9.4e-28	120.6
BCW-201865_04113	gnl|TC-DB|P16677|3.A.1.9.1	39.7	252	150	2	24	274	4	254	6.2e-45	177.6
BCW-201865_04114	gnl|TC-DB|M3JA40|1.B.52.2.1	37.6	141	78	3	281	421	253	383	5.8e-13	72.0
BCW-201865_04121	gnl|TC-DB|Q9HT70|3.A.1.24.5	35.4	212	129	4	21	230	15	220	9.6e-23	103.6
BCW-201865_04122	gnl|TC-DB|Q9F9T4|3.A.1.5.23	36.8	231	144	2	21	251	336	564	1.1e-37	153.3
BCW-201865_04136	gnl|TC-DB|P0AE42|9.B.12.2.1	68.6	51	16	0	1	51	1	51	5.8e-13	68.9
BCW-201865_04149	gnl|TC-DB|Q6D188|2.A.2.5.2	80.3	507	100	0	1	507	1	507	1.0e-229	792.3
BCW-201865_04151	gnl|TC-DB|P69786|4.A.1.1.1	91.8	476	39	0	1	476	1	476	2.2e-247	850.9
BCW-201865_04158	gnl|TC-DB|O80800|3.D.1.6.3	48.6	74	38	0	2	75	48	121	7.4e-12	65.9
BCW-201865_04182	gnl|TC-DB|P37169|2.A.66.4.1	83.9	510	82	0	1	510	14	523	3.3e-241	830.5
BCW-201865_04193	gnl|TC-DB|P0C0L7|2.A.1.6.4	50.8	457	220	2	24	476	8	463	1.5e-129	459.5
BCW-201865_04198	gnl|TC-DB|P25744|2.A.1.2.20	76.6	398	90	1	5	402	7	401	1.0e-168	589.3
BCW-201865_04202	gnl|TC-DB|P62517|4.D.3.1.1	77.2	851	179	5	1	848	1	839	0.0e+00	1340.9
BCW-201865_04208	gnl|TC-DB|Q6V6X7|2.A.6.2.18	34.3	472	288	8	6	460	3	469	4.5e-56	215.3
BCW-201865_04209	gnl|TC-DB|P27303|8.A.1.1.1	32.0	322	191	10	50	361	50	353	4.2e-25	112.1
BCW-201865_04223	gnl|TC-DB|P77179|3.D.6.1.4	74.8	230	56	1	1	230	1	228	1.4e-87	318.9
BCW-201865_04224	gnl|TC-DB|P77285|3.D.6.1.4	69.6	207	62	1	1	207	1	206	2.0e-80	295.0
BCW-201865_04225	gnl|TC-DB|P76182|3.D.6.1.4	72.4	352	97	0	1	352	1	352	6.7e-153	536.6
BCW-201865_04241	gnl|TC-DB|P39414|2.A.47.3.3	55.7	470	208	0	29	498	13	482	5.8e-150	527.3
BCW-201865_04245	gnl|TC-DB|Q45082|2.A.1.6.5	40.2	438	257	4	2	435	6	442	2.2e-81	299.3
BCW-201865_04249	gnl|TC-DB|Q01674|1.B.14.1.17	60.1	714	264	6	5	707	7	710	3.3e-252	867.5
BCW-201865_04250	gnl|TC-DB|A6TAG3|1.E.43.1.1	86.5	37	5	0	1	37	1	37	3.7e-14	73.6
BCW-201865_04259	gnl|TC-DB|K7PKN9|1.E.56.1.3	50.0	92	46	0	1	92	1	92	3.1e-20	94.0
BCW-201865_04265	gnl|TC-DB|Q9S2Y1|1.A.23.7.1	38.8	258	156	1	88	343	81	338	3.2e-49	192.2
BCW-201865_04274	gnl|TC-DB|657066955|9.B.143.3.6	36.6	227	132	4	15	233	14	236	8.1e-25	110.5
BCW-201865_04286	gnl|TC-DB|P76103|2.A.46.1.9	58.0	374	156	1	13	385	9	382	3.0e-114	408.3
BCW-201865_04289	gnl|TC-DB|P75958|3.A.1.125.1	77.5	414	93	0	1	414	1	414	1.6e-174	608.6
BCW-201865_04290	gnl|TC-DB|P75957|3.A.1.125.1	80.5	231	45	0	3	233	2	232	8.0e-102	366.3
BCW-201865_04291	gnl|TC-DB|P0ADC3|3.A.1.125.1	77.7	399	89	0	1	399	1	399	1.6e-163	572.0
BCW-201865_04292	gnl|TC-DB|Q1J0W6|9.B.34.1.1	38.4	125	72	2	335	458	225	345	4.6e-16	82.4
BCW-201865_04306	gnl|TC-DB|P15928|3.A.6.2.1	66.6	574	171	4	3	576	6	558	6.3e-201	696.8
BCW-201865_04308	gnl|TC-DB|P15934|3.A.6.2.1	80.5	133	26	0	97	229	103	235	2.0e-57	218.8
BCW-201865_04309	gnl|TC-DB|P26465|3.A.6.2.1	85.0	453	67	1	1	452	1	453	2.1e-215	744.6
BCW-201865_04314	gnl|TC-DB|P26419|3.A.6.2.1	77.4	137	27	2	1	133	1	137	6.2e-51	196.4
BCW-201865_04315	gnl|TC-DB|P0A1L1|3.A.6.2.1	54.1	122	53	2	7	127	5	124	1.9e-25	111.7
BCW-201865_04316	gnl|TC-DB|P54700|3.A.6.2.1	86.5	245	33	0	1	245	1	245	5.4e-109	390.2
BCW-201865_04317	gnl|TC-DB|P0A1L5|3.A.6.2.1	76.4	89	21	0	1	89	1	89	9.6e-32	132.1
BCW-201865_04318	gnl|TC-DB|P54702|3.A.6.2.1	68.0	259	83	0	1	259	1	259	8.6e-97	349.7
BCW-201865_04321	gnl|TC-DB|P31552|4.C.1.1.6	20.2	504	340	16	471	938	39	516	6.7e-16	84.7
BCW-201865_04328	gnl|TC-DB|Q92NE8|3.A.1.5.17	47.0	540	270	4	11	546	4	531	2.6e-135	478.8
BCW-201865_04329	gnl|TC-DB|Q92NE9|3.A.1.5.17	37.7	276	165	2	12	284	4	275	4.1e-44	174.9
BCW-201865_04330	gnl|TC-DB|Q92NF0|3.A.1.5.17	43.5	317	173	3	3	316	53	366	2.8e-57	218.8
BCW-201865_04331	gnl|TC-DB|Q92NF1|3.A.1.5.17	36.6	473	282	6	50	512	43	507	6.7e-80	294.7
BCW-201865_04338	gnl|TC-DB|A8H4W6|3.A.1.2.15	42.4	297	163	2	51	342	52	345	1.4e-54	209.9
BCW-201865_04339	gnl|TC-DB|P0AAG8|3.A.1.2.3	51.0	492	239	1	4	493	12	503	6.3e-141	497.3
BCW-201865_04340	gnl|TC-DB|A6VKT0|3.A.1.2.13	28.7	293	205	3	4	295	3	292	2.4e-29	125.9
BCW-201865_04343	gnl|TC-DB|Q9FWR4|1.A.12.2.1	31.9	188	110	7	14	198	20	192	1.7e-13	72.8
BCW-201865_04348	gnl|TC-DB|P31442|2.A.1.2.9	35.3	116	73	1	3	116	64	179	6.0e-11	63.9
BCW-201865_04350	gnl|TC-DB|Q9HXW4|2.A.6.2.17	41.4	1020	590	3	6	1018	3	1021	4.1e-219	758.1
BCW-201865_04351	gnl|TC-DB|Q9I6X5|2.A.6.2.27	29.0	348	238	4	16	360	14	355	5.6e-17	85.1
BCW-201865_04353	gnl|TC-DB|Q9HY88|2.A.6.2.34	34.7	476	284	7	14	481	13	469	1.9e-49	193.4
BCW-201865_04354	gnl|TC-DB|Q9JY22|1.B.20.1.5	37.0	552	315	9	49	573	32	577	8.2e-108	387.5
BCW-201865_04362	gnl|TC-DB|Q9KLQ7|3.A.1.20.2	48.4	124	63	1	4	126	217	340	9.5e-28	119.4
BCW-201865_04363	gnl|TC-DB|Q9KLQ6|3.A.1.20.2	45.2	595	305	3	130	722	118	693	1.4e-139	493.4
BCW-201865_04364	gnl|TC-DB|Q9KLQ5|3.A.1.20.2	47.4	352	173	4	5	351	3	347	3.8e-79	291.6
BCW-201865_04371	gnl|TC-DB|B7LDR9|4.A.7.1.2	85.7	419	59	1	1	419	1	418	2.1e-198	688.0
BCW-201865_04372	gnl|TC-DB|B7LDS2|4.A.7.1.2	81.1	95	18	0	1	95	1	95	1.1e-36	148.7
BCW-201865_04373	gnl|TC-DB|B7LDS1|4.A.7.1.2	61.9	147	56	0	1	147	1	147	1.8e-51	198.4
BCW-201865_04378	gnl|TC-DB|P07658|3.D.1.9.2	31.2	308	183	6	115	416	61	345	4.1e-38	156.4
BCW-201865_04380	gnl|TC-DB|Q9KN48|3.A.23.1.1	35.4	339	180	5	343	643	193	530	1.1e-44	177.9
BCW-201865_04382	gnl|TC-DB|P06971|1.B.14.1.2	38.5	745	414	14	19	726	10	747	4.9e-134	474.9
BCW-201865_04386	gnl|TC-DB|Q9RCF3|3.A.1.14.6	66.1	254	86	0	7	260	20	273	1.5e-96	349.0
BCW-201865_04387	gnl|TC-DB|P23877|3.A.1.14.2	52.5	326	155	0	19	344	4	329	9.3e-83	303.5
BCW-201865_04388	gnl|TC-DB|P23876|3.A.1.14.2	59.1	323	132	0	46	368	7	329	6.1e-96	347.4
BCW-201865_04389	gnl|TC-DB|Q0E7C5|2.A.1.38.2	56.3	419	174	2	5	414	5	423	6.0e-124	440.7
BCW-201865_04390	gnl|TC-DB|C8U2V6|3.A.1.14.2	56.3	293	128	0	61	353	26	318	2.1e-90	328.9
BCW-201865_04395	gnl|TC-DB|D5CJ69|2.A.66.1.22	75.1	453	113	0	17	469	5	457	1.5e-192	668.7
BCW-201865_04399	gnl|TC-DB|P33011|2.A.85.7.1	61.4	352	136	0	1	352	1	352	2.1e-122	435.3
BCW-201865_04404	gnl|TC-DB|P0AA47|2.A.3.1.14	79.2	452	92	2	1	452	1	450	5.9e-202	699.9
BCW-201865_04421	gnl|TC-DB|O26447|2.A.66.2.10	27.8	396	270	4	16	400	18	408	7.1e-40	161.4
BCW-201865_04431	gnl|TC-DB|P0AC78|9.B.146.1.7	46.7	330	171	4	9	336	9	335	2.7e-69	258.8
BCW-201865_04434	gnl|TC-DB|D4HW93|2.A.66.2.8	89.4	443	47	0	1	443	1	443	1.2e-220	761.9
BCW-201865_04442	gnl|TC-DB|P76387|8.A.3.3.2	53.8	706	323	2	1	706	1	703	3.2e-210	728.0
BCW-201865_04444	gnl|TC-DB|P0A930|1.B.18.3.1	69.7	379	113	1	1	377	1	379	1.5e-158	555.4
BCW-201865_04445	gnl|TC-DB|H8E4X1|9.B.18.1.2	35.2	366	207	9	113	471	176	518	4.2e-49	192.2
BCW-201865_04446	gnl|TC-DB|L5DDD7|2.A.109.2.3	76.0	517	121	2	3	517	371	886	5.7e-217	750.0
BCW-201865_04447	gnl|TC-DB|Q8Z5G2|9.B.22.2.2	46.1	622	324	7	1	615	1	618	1.2e-154	543.1
BCW-201865_04451	gnl|TC-DB|Q1J0W6|9.B.34.1.1	38.0	158	89	3	690	846	197	346	1.5e-17	88.6
BCW-201865_04454	gnl|TC-DB|P80874|8.A.5.1.4	33.3	312	186	8	12	317	14	309	7.4e-34	141.0
BCW-201865_04455	gnl|TC-DB|P76397|8.A.1.6.2	68.8	372	114	2	32	401	32	403	2.7e-137	485.0
BCW-201865_04456	gnl|TC-DB|P76398|2.A.6.2.12	82.2	1039	185	0	1	1039	1	1039	0.0e+00	1589.3
BCW-201865_04457	gnl|TC-DB|P76399|2.A.6.2.12	79.2	1019	212	0	1	1019	1	1019	0.0e+00	1529.2
BCW-201865_04458	gnl|TC-DB|P36554|2.A.1.3.26	75.2	464	114	1	6	468	5	468	6.7e-193	669.8
BCW-201865_04467	gnl|TC-DB|P42237|2.A.1.14.1	30.4	427	282	6	4	419	16	438	4.2e-48	188.7
BCW-201865_04477	gnl|TC-DB|Q1D212|2.A.78.2.3	36.0	225	115	2	20	215	20	244	1.1e-31	133.3
BCW-201865_04481	gnl|TC-DB|A0L4L0|3.A.1.132.3	38.5	343	192	5	13	351	2	329	5.0e-58	221.5
BCW-201865_04483	gnl|TC-DB|F4V3T5|1.E.14.1.4	43.7	126	70	1	7	131	10	135	3.6e-19	90.9
BCW-201865_04484	gnl|TC-DB|C6EAH0|2.A.122.1.1	71.3	230	66	0	1	230	2	231	1.2e-89	325.9
BCW-201865_04487	gnl|TC-DB|P0AFY2|9.B.114.1.1	80.6	237	46	0	1	237	1	237	1.2e-108	389.0
BCW-201865_04488	gnl|TC-DB|P23200|3.A.1.2.3	87.2	336	43	0	1	336	1	336	1.2e-151	532.3
BCW-201865_04489	gnl|TC-DB|P0AAG8|3.A.1.2.3	88.5	506	58	0	1	506	1	506	3.7e-261	896.7
BCW-201865_04490	gnl|TC-DB|P0AEE5|3.A.1.2.3	81.3	331	62	0	1	331	1	331	4.5e-151	530.4
BCW-201865_04492	gnl|TC-DB|P25747|9.B.169.1.2	64.0	372	134	0	1	372	1	372	4.8e-144	507.3
BCW-201865_04494	gnl|TC-DB|Q9I3T2|2.A.1.51.4	47.0	366	189	4	8	369	15	379	5.8e-78	287.7
BCW-201865_04498	gnl|TC-DB|Q8GRB0|3.A.1.14.8	35.3	241	150	5	4	240	2	240	1.8e-33	139.4
BCW-201865_04499	gnl|TC-DB|A8GDS7|3.A.1.14.16	36.3	311	191	2	51	360	28	332	2.5e-46	182.6
BCW-201865_04500	gnl|TC-DB|P25737|2.A.3.1.2	89.9	465	47	0	1	465	24	488	4.9e-244	839.7
BCW-201865_04502	gnl|TC-DB|P62723|2.A.98.1.3	62.5	352	127	2	1	350	1	349	8.5e-116	413.3
BCW-201865_04504	gnl|TC-DB|P20966|4.A.2.1.1	81.0	563	102	2	1	562	1	559	3.4e-215	744.2
BCW-201865_04506	gnl|TC-DB|P69811|4.A.2.1.1	72.6	376	103	0	1	376	1	376	3.3e-150	527.7
BCW-201865_04507	gnl|TC-DB|Q9S3K0|2.A.1.20.4	71.2	385	111	0	5	389	6	390	1.9e-151	531.9
BCW-201865_04513	gnl|TC-DB|E9RJ18|3.A.7.13.2	36.7	90	52	2	34	119	271	359	1.6e-11	65.5
BCW-201865_04515	gnl|TC-DB|Q8ZNK0|3.A.1.5.24	65.8	602	205	1	1	602	1	601	1.2e-242	835.5
BCW-201865_04516	gnl|TC-DB|P0AFU1|3.A.1.5.21	81.6	365	64	2	1	363	1	364	9.0e-169	589.3
BCW-201865_04517	gnl|TC-DB|P33915|3.A.1.5.21	84.4	339	53	0	1	339	1	339	3.8e-153	537.3
BCW-201865_04518	gnl|TC-DB|Q8ZNJ8|3.A.1.5.24	73.5	525	139	0	3	527	5	529	3.7e-216	747.3
BCW-201865_04520	gnl|TC-DB|P28246|2.A.1.2.7	71.6	395	112	0	1	395	1	395	1.1e-154	542.7
BCW-201865_04525	gnl|TC-DB|O52557|2.A.1.3.15	32.4	370	240	5	24	387	19	384	5.9e-40	161.8
BCW-201865_04540	gnl|TC-DB|Q9F3K6|3.A.1.3.24	37.8	275	164	3	5	279	21	288	1.1e-44	176.8
BCW-201865_04541	gnl|TC-DB|Q9F3K7|3.A.1.3.24	58.2	249	104	0	16	264	5	253	1.9e-80	295.4
BCW-201865_04542	gnl|TC-DB|P33941|3.A.1.113.3	75.5	546	134	0	1	546	1	546	4.2e-234	807.0
BCW-201865_04547	gnl|TC-DB|F4MY44|1.B.1.1.16	71.5	369	102	3	1	368	1	367	6.1e-149	523.5
BCW-201865_04548	gnl|TC-DB|Q9I2M0|3.A.1.109.4	43.7	366	203	3	20	383	29	393	5.8e-81	297.7
BCW-201865_04549	gnl|TC-DB|Q9I2M1|3.A.1.109.4	36.4	701	432	6	15	711	26	716	5.8e-119	424.9
BCW-201865_04552	gnl|TC-DB|F2WVP9|2.A.1.60.3	47.4	369	193	1	12	380	6	373	1.3e-80	296.6
BCW-201865_04575	gnl|TC-DB|P0AFF0|3.D.1.1.1	83.5	485	80	0	1	485	1	485	1.5e-227	785.0
BCW-201865_04576	gnl|TC-DB|P0AFE8|3.D.1.1.1	85.9	509	69	1	1	506	1	509	1.5e-254	874.8
BCW-201865_04577	gnl|TC-DB|P33607|3.D.1.1.1	87.7	612	75	0	1	612	1	612	3.3e-309	1056.6
BCW-201865_04578	gnl|TC-DB|P0AFE4|3.D.1.1.1	72.0	100	28	0	1	100	1	100	2.5e-28	120.9
BCW-201865_04579	gnl|TC-DB|P0AFE0|3.D.1.1.1	81.9	182	33	0	1	182	1	182	1.1e-77	285.8
BCW-201865_04580	gnl|TC-DB|P0AFD6|3.D.1.1.1	91.7	180	15	0	1	180	1	180	2.6e-84	307.8
BCW-201865_04581	gnl|TC-DB|P0AFD4|3.D.1.1.1	86.8	325	43	0	1	325	1	325	1.0e-163	572.4
BCW-201865_04582	gnl|TC-DB|P33602|3.D.1.1.1	81.9	908	164	0	1	908	1	908	0.0e+00	1535.8
BCW-201865_04583	gnl|TC-DB|P31979|3.D.1.1.1	87.7	446	54	1	1	446	1	445	2.7e-239	823.9
BCW-201865_04584	gnl|TC-DB|P0AFD1|3.D.1.1.1	83.6	159	26	0	13	171	8	166	5.5e-76	280.0
BCW-201865_04585	gnl|TC-DB|P33599|3.D.1.1.1	87.7	576	71	0	1	576	21	596	0.0e+00	1077.8
BCW-201865_04586	gnl|TC-DB|P0AFC7|3.D.1.1.1	89.7	224	19	1	1	224	1	220	2.4e-119	424.5
BCW-201865_04587	gnl|TC-DB|P0AFC3|3.D.1.1.1	79.3	145	29	1	1	144	3	147	1.8e-59	224.9
BCW-201865_04596	gnl|TC-DB|Q1M7Q1|3.A.1.11.6	46.0	326	174	2	5	329	6	330	1.0e-79	293.5
BCW-201865_04599	gnl|TC-DB|Q44384|3.A.1.11.3	32.5	329	216	5	5	329	15	341	2.0e-45	179.5
BCW-201865_04600	gnl|TC-DB|Q1M7Q3|3.A.1.11.6	45.1	215	118	0	194	408	66	280	2.2e-46	183.0
BCW-201865_04601	gnl|TC-DB|Q1M7Q2|3.A.1.11.6	31.3	230	158	0	12	241	11	240	2.5e-30	129.0
BCW-201865_04604	gnl|TC-DB|B7LBF5|1.A.12.3.2	61.6	211	81	0	1	211	1	211	1.1e-71	266.2
BCW-201865_04606	gnl|TC-DB|P07109|3.A.1.3.29	88.7	257	29	0	1	257	1	257	5.1e-126	446.8
BCW-201865_04607	gnl|TC-DB|P0AEU3|3.A.1.3.29	87.4	238	30	0	1	238	1	238	2.0e-116	414.8
BCW-201865_04608	gnl|TC-DB|P0A2I9|3.A.1.3.1	83.3	228	38	0	1	228	1	228	1.6e-102	368.6
BCW-201865_04609	gnl|TC-DB|P0AEU0|3.A.1.3.29	73.8	260	68	0	1	260	1	260	4.4e-109	390.6
BCW-201865_04612	gnl|TC-DB|P08550|9.B.160.1.16	87.0	161	21	0	1	161	1	161	1.7e-74	275.0
BCW-201865_04616	gnl|TC-DB|P0ABP6|9.B.27.2.3	84.1	214	34	0	1	214	1	214	6.3e-101	363.2
BCW-201865_04621	gnl|TC-DB|Q4FKW8|2.A.7.3.37	28.9	287	197	4	3	283	9	294	1.3e-27	120.2
BCW-201865_04625	gnl|TC-DB|Q9HWU4|1.B.11.3.7	35.1	812	494	14	65	851	33	836	3.4e-126	449.1
BCW-201865_04628	gnl|TC-DB|O34718|2.A.1.1.26	44.7	454	244	4	27	476	14	464	1.8e-95	346.3
BCW-201865_04629	gnl|TC-DB|P77549|2.A.1.46.6	61.5	382	147	0	10	391	11	392	7.1e-119	423.7
BCW-201865_04631	gnl|TC-DB|Q7BSH4|3.A.1.2.9	39.8	488	288	6	9	494	21	504	5.7e-97	351.3
BCW-201865_04632	gnl|TC-DB|Q1M4Q8|3.A.1.2.16	35.5	307	181	5	19	313	35	336	5.5e-40	161.4
BCW-201865_04633	gnl|TC-DB|A8H4W6|3.A.1.2.15	28.6	287	198	2	36	316	56	341	2.3e-27	119.4
BCW-201865_04636	gnl|TC-DB|P0ACG4|1.E.53.1.1	62.0	50	19	0	1	50	1	50	3.1e-11	63.2
BCW-201865_04637	gnl|TC-DB|P0ACG4|1.E.53.1.1	68.8	48	15	0	1	48	1	48	6.3e-12	65.5
BCW-201865_04648	gnl|TC-DB|P0AD30|2.A.102.3.1	78.5	256	55	0	6	261	10	265	2.5e-112	401.4
BCW-201865_04657	gnl|TC-DB|P10384|1.B.9.1.1	64.7	462	130	3	1	445	1	446	1.1e-168	589.3
BCW-201865_04658	gnl|TC-DB|P76506|3.A.1.27.3	70.8	253	72	1	1	253	1	251	1.4e-107	385.6
BCW-201865_04662	gnl|TC-DB|P33927|9.B.14.1.3	72.2	648	173	2	1	648	1	641	6.8e-276	946.0
BCW-201865_04664	gnl|TC-DB|P0ABM7|3.A.1.107.3	55.1	69	31	0	1	69	1	69	1.9e-15	77.8
BCW-201865_04665	gnl|TC-DB|P0ABM1|9.B.14.2.3	75.6	246	59	1	1	246	1	245	6.2e-113	403.3
BCW-201865_04666	gnl|TC-DB|P0ABM0|3.A.1.107.3	81.7	218	40	0	1	218	2	219	6.2e-72	266.9
BCW-201865_04667	gnl|TC-DB|Q8XE58|3.A.1.107.3	59.0	200	82	0	1	200	3	202	9.8e-64	239.6
BCW-201865_04668	gnl|TC-DB|P37327|1.A.16.4.1	72.1	280	78	0	5	284	8	287	3.2e-111	397.9
