BCW-200155_00003	gnl|TC-DB|P33950|3.A.1.5.27	55.1	517	231	1	19	535	30	545	2.3e-168	588.6
BCW-200155_00004	gnl|TC-DB|W0WN20|3.A.1.5.39	66.1	339	112	1	1	339	1	336	3.3e-125	444.5
BCW-200155_00005	gnl|TC-DB|W0WMS8|3.A.1.5.39	54.3	282	129	0	22	303	19	300	1.3e-83	306.2
BCW-200155_00006	gnl|TC-DB|P45095|3.A.1.5.27	74.9	323	80	1	15	337	3	324	8.5e-137	483.0
BCW-200155_00007	gnl|TC-DB|P45094|3.A.1.5.27	76.1	327	77	1	1	326	1	327	4.6e-143	503.8
BCW-200155_00023	gnl|TC-DB|M3JA40|1.B.52.2.1	44.5	110	54	2	310	412	242	351	5.7e-13	72.4
BCW-200155_00024	gnl|TC-DB|P54702|3.A.6.2.1	52.7	243	115	0	13	255	13	255	1.3e-68	256.1
BCW-200155_00025	gnl|TC-DB|P0A1L5|3.A.6.2.1	70.8	89	26	0	1	89	1	89	2.2e-28	120.9
BCW-200155_00026	gnl|TC-DB|P54700|3.A.6.2.1	72.3	242	66	1	17	257	4	245	2.1e-87	318.5
BCW-200155_00027	gnl|TC-DB|P0A1L1|3.A.6.2.1	45.2	115	55	4	20	131	12	121	1.4e-16	82.4
BCW-200155_00028	gnl|TC-DB|P26419|3.A.6.2.1	64.2	137	41	1	1	129	1	137	3.3e-41	164.1
BCW-200155_00033	gnl|TC-DB|P26465|3.A.6.2.1	77.3	453	102	1	1	452	1	453	3.2e-195	677.6
BCW-200155_00034	gnl|TC-DB|P15934|3.A.6.2.1	49.2	124	63	0	108	231	107	230	1.3e-30	129.8
BCW-200155_00036	gnl|TC-DB|P15928|3.A.6.2.1	55.2	551	233	4	20	565	17	558	3.2e-157	551.6
BCW-200155_00042	gnl|TC-DB|P40727|3.A.6.2.1	58.4	380	158	0	1	380	1	380	3.8e-117	417.9
BCW-200155_00043	gnl|TC-DB|P76298|1.A.104.1.1	71.7	702	188	4	1	701	1	692	5.8e-281	963.0
BCW-200155_00053	gnl|TC-DB|Q8VRK4|3.A.11.1.3	34.2	292	151	6	86	372	74	329	3.8e-32	135.6
BCW-200155_00057	gnl|TC-DB|P0AGI8|2.A.38.1.1	86.7	458	61	0	1	458	1	458	2.8e-228	787.3
BCW-200155_00058	gnl|TC-DB|P0A742|1.A.22.1.1	84.2	133	20	1	1	133	1	132	9.6e-55	209.1
BCW-200155_00068	gnl|TC-DB|P0AGA2|3.A.5.1.1	97.7	443	10	0	1	443	1	443	9.7e-242	832.0
BCW-200155_00091	gnl|TC-DB|P45756|9.B.42.1.3	32.8	268	178	2	238	504	211	477	1.1e-39	161.0
BCW-200155_00093	gnl|TC-DB|P15644|1.B.22.1.1	58.7	651	256	6	1	646	7	649	2.9e-202	701.4
BCW-200155_00094	gnl|TC-DB|P15645|3.A.15.1.1	58.3	494	195	4	11	498	3	491	1.1e-156	549.7
BCW-200155_00095	gnl|TC-DB|P15745|3.A.15.1.1	39.8	405	219	2	1	405	1	380	3.9e-72	268.5
BCW-200155_00096	gnl|TC-DB|P15746|3.A.15.1.1	68.7	134	42	0	13	146	2	135	8.3e-52	199.5
BCW-200155_00099	gnl|TC-DB|P15749|3.A.15.1.1	31.8	198	123	4	8	197	4	197	6.3e-19	90.9
BCW-200155_00103	gnl|TC-DB|P22610|3.A.15.2.1	45.8	286	137	5	8	277	4	287	4.6e-56	214.5
BCW-200155_00116	gnl|TC-DB|P40812|2.A.3.1.8	83.0	476	81	0	1	476	1	476	1.9e-230	794.7
BCW-200155_00120	gnl|TC-DB|P08722|4.A.1.2.2	57.3	625	258	5	6	624	4	625	4.6e-197	684.1
BCW-200155_00135	gnl|TC-DB|P67826|9.B.158.1.2	59.3	243	99	0	1	243	1	243	2.3e-83	305.1
BCW-200155_00140	gnl|TC-DB|P0AF16|2.A.66.4.3	84.1	497	79	0	1	497	13	509	4.7e-237	816.6
BCW-200155_00144	gnl|TC-DB|P69367|2.A.1.2.21	73.9	398	104	0	1	398	1	398	1.3e-168	589.0
BCW-200155_00150	gnl|TC-DB|P76350|2.A.1.6.6	82.2	437	77	1	1	437	1	436	1.2e-207	718.8
BCW-200155_00152	gnl|TC-DB|D5CJ69|2.A.66.1.22	76.0	458	110	0	14	471	2	459	6.0e-197	683.3
BCW-200155_00155	gnl|TC-DB|Q8VS41|2.A.24.2.5	79.9	453	91	0	1	453	1	453	9.7e-205	709.1
BCW-200155_00163	gnl|TC-DB|G8UJK3|9.B.124.1.7	34.3	105	56	2	7	98	4	108	1.0e-12	69.7
BCW-200155_00165	gnl|TC-DB|P02943|1.B.3.1.1	35.1	462	240	15	1	418	1	446	4.8e-57	218.4
BCW-200155_00166	gnl|TC-DB|P69786|4.A.1.1.1	51.5	68	33	0	31	98	405	472	2.1e-14	74.7
BCW-200155_00169	gnl|TC-DB|O07011|3.A.1.1.2	68.0	281	88	1	5	283	3	283	9.3e-105	376.3
BCW-200155_00170	gnl|TC-DB|O32261|3.A.1.1.2	61.9	415	158	0	18	432	3	417	2.3e-155	545.0
BCW-200155_00171	gnl|TC-DB|O07009|3.A.1.1.2	49.1	405	198	3	6	402	12	416	3.8e-107	384.8
BCW-200155_00172	gnl|TC-DB|P68187|3.A.1.1.1	54.3	359	160	3	1	355	1	359	8.4e-106	380.2
BCW-200155_00183	gnl|TC-DB|Q9KN55|3.A.23.1.1	30.7	600	380	15	7	585	5	589	9.7e-72	267.7
BCW-200155_00191	gnl|TC-DB|P0ABK2|3.D.4.3.2	28.4	366	220	9	5	331	7	369	1.6e-34	143.3
BCW-200155_00196	gnl|TC-DB|P37594|2.A.1.3.14	40.3	489	289	2	6	491	4	492	3.8e-85	312.0
BCW-200155_00201	gnl|TC-DB|P24183|5.A.3.2.1	70.1	1014	303	0	1	1014	1	1014	0.0e+00	1550.4
BCW-200155_00202	gnl|TC-DB|P0AAJ3|5.A.3.2.1	76.4	292	67	1	1	292	1	290	7.8e-142	499.6
BCW-200155_00203	gnl|TC-DB|P0AEK7|5.A.3.2.1	50.7	215	104	1	1	213	1	215	6.8e-63	236.9
BCW-200155_00207	gnl|TC-DB|P0AEY8|2.A.1.2.19	72.3	404	112	0	1	404	1	404	6.2e-166	580.1
BCW-200155_00208	gnl|TC-DB|P37669|9.B.97.1.1	51.7	331	160	0	1	331	1	331	2.0e-90	328.9
BCW-200155_00213	gnl|TC-DB|P76103|2.A.46.1.9	57.9	380	159	1	15	393	11	390	6.7e-117	417.2
BCW-200155_00219	gnl|TC-DB|B7LBF5|1.A.12.3.2	54.0	211	96	1	1	210	1	211	3.8e-55	211.1
BCW-200155_00221	gnl|TC-DB|P0AG34|2.A.76.1.1	29.1	203	137	2	9	210	8	204	1.2e-16	83.2
BCW-200155_00223	gnl|TC-DB|A6TAG3|1.E.43.1.1	90.2	82	8	0	1	82	1	82	1.2e-36	148.3
BCW-200155_00225	gnl|TC-DB|Q9L3S2|3.A.1.4.4	47.4	215	111	2	14	227	4	217	9.2e-50	193.4
BCW-200155_00226	gnl|TC-DB|Q9L3S3|3.A.1.4.4	44.6	260	124	3	27	268	5	262	7.3e-51	197.2
BCW-200155_00227	gnl|TC-DB|Q9L3S4|3.A.1.4.4	42.5	313	177	2	45	355	30	341	1.8e-60	229.6
BCW-200155_00228	gnl|TC-DB|Q8NRW0|3.A.1.4.5	42.5	294	163	2	226	519	4	291	1.2e-57	220.7
BCW-200155_00229	gnl|TC-DB|Q8NRW1|3.A.1.4.5	44.4	399	206	6	5	403	27	409	2.7e-92	335.5
BCW-200155_00232	gnl|TC-DB|Q9MUK5|3.A.9.1.1	40.0	150	87	1	80	226	60	209	1.6e-21	100.9
BCW-200155_00238	gnl|TC-DB|P45537|2.A.85.1.3	65.2	692	235	5	3	690	5	694	1.1e-263	905.6
BCW-200155_00247	gnl|TC-DB|P38101|2.A.76.1.4	32.0	197	125	4	8	200	4	195	3.0e-17	85.1
BCW-200155_00248	gnl|TC-DB|Q83XH1|3.A.1.121.4	29.2	537	368	5	1	529	1	533	2.6e-70	263.1
BCW-200155_00249	gnl|TC-DB|P0A756|2.A.37.1.2	77.5	182	41	0	1	182	2	183	1.7e-83	305.1
BCW-200155_00250	gnl|TC-DB|P45522|2.A.37.1.2	74.4	602	153	1	1	602	1	601	2.3e-246	847.8
BCW-200155_00265	gnl|TC-DB|P0C0L7|2.A.1.6.4	33.3	424	267	7	16	430	24	440	1.3e-60	230.3
BCW-200155_00270	gnl|TC-DB|P75799|3.A.1.5.11	43.3	291	157	2	7	289	10	300	9.7e-49	190.3
BCW-200155_00271	gnl|TC-DB|P75798|3.A.1.5.11	42.6	312	171	1	1	312	1	304	3.0e-64	241.9
BCW-200155_00272	gnl|TC-DB|O51307|3.A.1.5.18	28.9	509	317	18	14	490	19	514	6.9e-34	141.7
BCW-200155_00273	gnl|TC-DB|Q9F349|3.A.1.5.35	48.3	350	163	4	1	338	1	344	1.6e-88	322.8
BCW-200155_00274	gnl|TC-DB|Q93IU0|3.A.1.5.36	53.9	306	134	3	12	310	20	325	8.3e-84	307.0
BCW-200155_00276	gnl|TC-DB|P0AAP1|9.B.34.1.2	34.7	170	100	4	268	432	205	368	2.7e-20	97.1
BCW-200155_00279	gnl|TC-DB|P24241|4.A.1.2.3	79.7	467	93	1	1	467	1	465	8.9e-204	706.1
BCW-200155_00280	gnl|TC-DB|Q9UEF7|8.A.49.1.1	28.2	483	293	16	6	472	61	505	5.5e-41	165.2
BCW-200155_00283	gnl|TC-DB|P0AFV2|9.B.20.1.4	45.9	218	115	1	1	218	1	215	1.6e-51	199.1
BCW-200155_00286	gnl|TC-DB|Q9R9Q4|3.A.1.1.17	43.4	350	178	6	1	349	1	331	1.4e-73	273.1
BCW-200155_00287	gnl|TC-DB|P0AG80|3.A.1.1.3	29.0	403	266	6	40	426	35	433	5.2e-43	171.8
BCW-200155_00288	gnl|TC-DB|P29823|3.A.1.1.4	32.0	291	186	6	11	293	2	288	8.9e-29	124.0
BCW-200155_00289	gnl|TC-DB|Q9WYR1|3.A.1.1.39	27.0	222	162	0	50	271	49	270	6.5e-23	104.4
BCW-200155_00299	gnl|TC-DB|P33950|3.A.1.5.27	52.8	508	239	1	22	529	38	544	6.5e-160	560.5
BCW-200155_00301	gnl|TC-DB|P07109|3.A.1.3.29	86.8	257	34	0	1	257	1	257	3.4e-122	434.1
BCW-200155_00302	gnl|TC-DB|P0AEU3|3.A.1.3.29	83.2	238	40	0	1	238	1	238	8.6e-112	399.4
BCW-200155_00303	gnl|TC-DB|P52094|3.A.1.3.29	79.8	228	46	0	1	228	1	228	4.7e-99	357.1
BCW-200155_00304	gnl|TC-DB|P0AEU0|3.A.1.3.29	71.5	260	74	0	1	260	1	260	2.1e-103	371.7
BCW-200155_00307	gnl|TC-DB|P08550|9.B.160.1.16	84.5	161	25	0	1	161	1	161	8.6e-71	262.7
BCW-200155_00311	gnl|TC-DB|P0ABP6|9.B.27.2.3	87.5	216	27	0	1	216	1	216	3.6e-104	374.0
BCW-200155_00320	gnl|TC-DB|P75788|2.A.45.2.5	57.3	363	151	1	12	370	4	366	1.9e-105	379.0
BCW-200155_00327	gnl|TC-DB|P0AD30|2.A.102.3.1	71.3	261	75	0	5	265	9	269	4.6e-106	380.6
BCW-200155_00336	gnl|TC-DB|P10384|1.B.9.1.1	62.7	453	134	4	1	425	1	446	2.7e-164	574.7
BCW-200155_00337	gnl|TC-DB|P76506|3.A.1.27.3	72.9	255	65	1	1	255	1	251	1.2e-111	399.1
BCW-200155_00341	gnl|TC-DB|P33927|9.B.14.1.3	72.7	641	168	2	1	641	1	634	2.6e-275	944.1
BCW-200155_00343	gnl|TC-DB|P0ABM7|3.A.1.107.3	52.2	67	32	0	1	67	1	67	3.3e-13	70.5
BCW-200155_00344	gnl|TC-DB|P0ABM1|9.B.14.2.3	77.9	244	54	0	1	244	1	244	1.0e-115	412.5
BCW-200155_00345	gnl|TC-DB|P0ABM0|3.A.1.107.3	66.1	218	74	0	1	218	2	219	3.2e-68	254.6
BCW-200155_00346	gnl|TC-DB|Q8XE58|3.A.1.107.3	53.7	203	91	1	1	203	3	202	4.2e-54	207.6
BCW-200155_00347	gnl|TC-DB|P37327|1.A.16.4.1	63.6	302	108	1	6	305	8	309	1.4e-101	365.9
BCW-200155_00356	gnl|TC-DB|P18013|1.C.36.3.1	29.7	212	144	3	155	361	116	327	1.2e-19	94.0
BCW-200155_00360	gnl|TC-DB|Q93KT4|3.A.6.1.1	35.6	315	196	2	3	311	4	317	2.7e-43	172.6
BCW-200155_00363	gnl|TC-DB|Q9ZA77|3.A.6.1.1	42.6	216	120	1	2	217	4	215	2.6e-41	165.2
BCW-200155_00367	gnl|TC-DB|P40290|3.A.6.1.1	43.3	420	217	4	14	426	29	434	4.0e-91	331.6
BCW-200155_00369	gnl|TC-DB|P0C2V3|3.A.6.1.1	39.5	671	370	10	40	683	39	700	9.4e-127	450.7
BCW-200155_00371	gnl|TC-DB|P35672|1.B.22.3.2	42.6	533	282	7	16	547	6	515	1.8e-113	406.4
BCW-200155_00389	gnl|TC-DB|P07110|1.B.11.2.1	47.6	819	402	11	32	833	24	832	3.2e-209	724.9
BCW-200155_00391	gnl|TC-DB|Q8KRT4|1.C.80.1.1	47.5	183	85	6	1	177	1	178	1.1e-29	126.3
BCW-200155_00394	gnl|TC-DB|P28635|3.A.1.24.1	66.3	258	87	0	15	272	14	271	6.2e-98	353.6
BCW-200155_00396	gnl|TC-DB|Q6D188|2.A.2.5.2	40.1	499	291	5	6	499	4	499	9.9e-105	377.1
BCW-200155_00408	gnl|TC-DB|Q9KN48|3.A.23.1.1	42.9	226	129	0	384	609	193	418	1.4e-48	191.0
BCW-200155_00415	gnl|TC-DB|P0AAK3|3.D.1.9.2	58.1	203	84	1	7	208	1	203	6.5e-63	236.9
BCW-200155_00416	gnl|TC-DB|P16429|3.D.1.9.2	46.8	622	306	5	11	631	5	602	1.3e-138	490.0
BCW-200155_00417	gnl|TC-DB|P16430|3.D.1.9.2	66.8	301	100	0	16	316	7	307	4.1e-101	364.4
BCW-200155_00418	gnl|TC-DB|P16431|3.D.1.9.2	81.0	568	107	1	8	574	1	568	1.1e-282	968.4
BCW-200155_00419	gnl|TC-DB|P16432|3.D.1.9.2	57.0	179	74	1	1	179	1	176	3.0e-43	171.4
BCW-200155_00420	gnl|TC-DB|P16433|3.D.1.9.2	72.8	254	64	1	4	257	3	251	1.7e-108	388.7
BCW-200155_00423	gnl|TC-DB|Q5P036|5.A.3.11.1	32.4	179	99	7	5	169	5	175	1.5e-18	89.4
BCW-200155_00424	gnl|TC-DB|P07658|3.D.1.9.2	68.3	715	222	3	1	713	1	712	5.7e-300	1026.2
BCW-200155_00434	gnl|TC-DB|Q92NE8|3.A.1.5.17	55.9	537	224	3	5	532	4	536	9.4e-162	566.6
BCW-200155_00435	gnl|TC-DB|Q92NE9|3.A.1.5.17	59.2	262	107	0	7	268	5	266	1.6e-77	285.8
BCW-200155_00436	gnl|TC-DB|Q92NF0|3.A.1.5.17	53.4	313	142	2	5	315	59	369	6.1e-81	297.4
BCW-200155_00437	gnl|TC-DB|Q92NF1|3.A.1.5.17	45.6	535	277	8	1	527	1	529	2.3e-133	472.2
BCW-200155_00443	gnl|TC-DB|A0L4L0|3.A.1.132.3	45.2	250	131	3	103	351	85	329	7.5e-54	207.6
BCW-200155_00446	gnl|TC-DB|P28249|9.B.22.2.1	42.1	627	342	6	1	617	1	616	5.8e-144	507.7
BCW-200155_00447	gnl|TC-DB|L5DDD7|2.A.109.2.3	69.0	529	162	1	1	529	370	896	1.3e-203	705.7
BCW-200155_00452	gnl|TC-DB|Q48475|3.A.1.103.1	75.7	255	62	0	1	255	5	259	6.4e-113	403.3
BCW-200155_00453	gnl|TC-DB|Q48476|3.A.1.103.1	76.8	246	57	0	1	246	1	246	3.5e-108	387.5
BCW-200155_00472	gnl|TC-DB|P09348|1.A.30.1.1	78.6	294	63	0	1	294	1	294	4.8e-128	453.8
BCW-200155_00473	gnl|TC-DB|P0AF06|1.A.30.1.1	60.1	311	119	3	1	310	1	307	3.5e-96	348.2
BCW-200155_00477	gnl|TC-DB|P43531|2.A.1.36.1	66.7	423	131	1	1	423	1	413	7.7e-151	530.0
BCW-200155_00481	gnl|TC-DB|O32182|2.A.1.3.33	33.7	412	269	2	14	421	8	419	3.8e-61	232.3
BCW-200155_00482	gnl|TC-DB|Q9KLQ6|3.A.1.20.2	23.3	541	391	10	13	542	153	680	7.8e-23	105.1
BCW-200155_00483	gnl|TC-DB|A3N294|3.A.1.20.3	26.5	287	191	7	13	282	3	286	1.4e-19	93.6
BCW-200155_00484	gnl|TC-DB|Q9WYQ2|3.A.1.1.38	45.7	234	120	2	19	249	2	231	9.5e-53	203.4
BCW-200155_00487	gnl|TC-DB|P02924|3.A.1.2.2	87.2	327	41	1	1	327	1	326	1.2e-164	575.5
BCW-200155_00488	gnl|TC-DB|P0AAF3|3.A.1.2.2	79.1	493	103	0	22	514	4	496	7.3e-228	786.2
BCW-200155_00489	gnl|TC-DB|P0AE26|3.A.1.2.2	88.3	334	33	1	1	334	1	328	3.9e-142	500.7
BCW-200155_00499	gnl|TC-DB|P37653|4.D.3.1.6	63.4	875	305	3	1	866	1	869	0.0e+00	1172.9
BCW-200155_00500	gnl|TC-DB|P37652|4.D.3.1.6	59.4	732	292	1	57	788	53	779	1.8e-262	901.7
BCW-200155_00501	gnl|TC-DB|P37650|1.B.55.3.1	48.7	1158	521	8	8	1095	3	1157	1.1e-283	972.6
BCW-200155_00503	gnl|TC-DB|P30750|3.A.1.24.1	84.0	343	55	0	1	343	1	343	1.9e-160	561.6
BCW-200155_00504	gnl|TC-DB|P31547|3.A.1.24.1	87.6	217	27	0	1	217	1	217	1.8e-68	255.4
BCW-200155_00505	gnl|TC-DB|P28635|3.A.1.24.1	89.7	271	28	0	1	271	1	271	1.8e-137	485.0
BCW-200155_00527	gnl|TC-DB|P0A943|1.B.33.1.3	79.6	819	145	4	1	806	1	810	0.0e+00	1334.7
BCW-200155_00543	gnl|TC-DB|O51798|2.A.1.15.9	32.4	395	247	9	3	387	18	402	2.1e-46	183.0
BCW-200155_00567	gnl|TC-DB|Q7B1W8|2.A.109.1.1	67.7	341	109	1	1	340	1	341	4.2e-136	480.7
BCW-200155_00570	gnl|TC-DB|P0AB67|3.D.2.1.1	87.0	463	59	1	1	463	1	462	8.9e-222	765.8
BCW-200155_00571	gnl|TC-DB|P07001|3.D.2.1.1	82.9	510	86	1	1	509	1	510	7.0e-236	812.8
BCW-200155_00574	gnl|TC-DB|P75797|3.A.1.5.11	24.3	526	340	12	9	514	8	495	2.9e-27	119.8
BCW-200155_00575	gnl|TC-DB|P77308|3.A.1.5.38	41.5	325	189	1	12	336	11	334	9.8e-69	256.9
BCW-200155_00576	gnl|TC-DB|W0WMS8|3.A.1.5.39	43.0	279	149	3	38	308	24	300	1.9e-58	222.6
BCW-200155_00577	gnl|TC-DB|Q9F350|3.A.1.5.35	48.5	260	131	3	1	257	1	260	2.5e-62	235.3
BCW-200155_00578	gnl|TC-DB|Q9X0F3|3.A.1.5.12	43.6	243	123	4	23	252	22	263	2.5e-48	188.7
BCW-200155_00585	gnl|TC-DB|A1JRS3|2.A.53.3.9	73.5	559	144	1	1	555	1	559	8.6e-195	676.4
BCW-200155_00596	gnl|TC-DB|P61320|1.B.46.1.1	62.3	204	77	0	1	204	1	204	6.2e-74	273.5
BCW-200155_00601	gnl|TC-DB|Q9I147|3.A.3.6.15	72.0	608	170	0	27	634	38	645	7.4e-211	729.9
BCW-200155_00605	gnl|TC-DB|Q1J2S8|2.A.53.3.13	34.6	462	300	2	13	472	22	483	4.3e-73	271.9
BCW-200155_00608	gnl|TC-DB|Q05202|1.B.14.1.15	54.1	702	307	7	42	735	64	758	1.4e-224	775.8
BCW-200155_00616	gnl|TC-DB|P30130|1.B.11.3.9	36.6	830	472	18	39	825	44	862	3.8e-146	515.4
BCW-200155_00622	gnl|TC-DB|P39414|2.A.47.3.3	55.3	470	210	0	89	558	13	482	5.9e-151	530.8
BCW-200155_00625	gnl|TC-DB|P0ADK5|9.B.32.1.2	83.0	100	17	0	1	100	1	100	7.7e-44	172.6
BCW-200155_00626	gnl|TC-DB|P37683|8.A.1.1.4	74.6	378	96	0	1	378	1	378	6.1e-160	560.1
BCW-200155_00638	gnl|TC-DB|P0AFZ7|2.A.38.1.1	89.0	483	53	0	1	483	1	483	1.8e-249	857.8
BCW-200155_00643	gnl|TC-DB|Q7WTJ2|5.B.1.3.2	28.6	199	138	3	8	202	109	307	9.6e-23	103.6
BCW-200155_00648	gnl|TC-DB|P69423|2.A.64.1.1	81.9	238	43	0	1	238	1	238	6.9e-107	383.3
BCW-200155_00649	gnl|TC-DB|P69425|2.A.64.1.1	61.6	138	46	3	1	138	1	131	5.0e-34	141.0
BCW-200155_00650	gnl|TC-DB|P69428|2.A.64.1.1	59.6	94	27	3	1	88	1	89	3.0e-17	84.0
BCW-200155_00662	gnl|TC-DB|P0ADP5|2.A.7.3.61	75.3	299	74	0	1	299	1	299	1.1e-127	452.6
BCW-200155_00665	gnl|TC-DB|P10907|3.A.1.1.3	74.2	356	92	0	1	356	1	356	2.0e-149	525.0
BCW-200155_00666	gnl|TC-DB|P10906|3.A.1.1.3	76.5	281	66	0	1	281	1	281	1.7e-119	425.2
BCW-200155_00667	gnl|TC-DB|P10905|3.A.1.1.3	78.3	295	64	0	1	295	1	295	1.8e-130	461.8
BCW-200155_00668	gnl|TC-DB|P0AG80|3.A.1.1.3	81.1	434	81	1	5	437	4	437	4.6e-212	733.4
BCW-200155_00673	gnl|TC-DB|P22731|3.A.1.4.1	85.8	232	33	0	1	232	5	236	3.9e-109	390.6
BCW-200155_00674	gnl|TC-DB|P0A9S7|3.A.1.4.1	85.2	243	36	0	1	243	12	254	1.4e-117	418.7
BCW-200155_00675	gnl|TC-DB|P22729|3.A.1.4.1	75.3	429	102	1	1	429	1	425	3.5e-172	600.9
BCW-200155_00676	gnl|TC-DB|P0AEX7|3.A.1.4.1	81.5	308	57	0	1	308	1	308	1.7e-131	465.3
BCW-200155_00677	gnl|TC-DB|P0AD96|3.A.1.4.1	76.8	367	83	1	1	367	3	367	1.2e-168	589.0
BCW-200155_00679	gnl|TC-DB|P76470|2.A.1.14.35	68.5	422	132	1	2	423	3	423	4.7e-164	573.9
BCW-200155_00684	gnl|TC-DB|P0AC31|3.A.1.140.1	70.7	324	91	1	3	326	33	352	3.2e-125	444.5
BCW-200155_00685	gnl|TC-DB|P0A9R7|3.A.1.140.1	87.7	219	27	0	1	219	1	219	5.9e-107	383.3
BCW-200155_00686	gnl|TC-DB|P10121|3.A.5.1.1	91.0	310	28	0	198	507	188	497	1.2e-155	546.2
BCW-200155_00690	gnl|TC-DB|P37617|3.A.3.6.2	64.0	712	244	5	73	783	32	732	2.2e-236	815.1
BCW-200155_00692	gnl|TC-DB|B3WJF3|2.A.88.8.6	77.1	210	48	0	1	210	1	210	9.6e-89	322.8
BCW-200155_00697	gnl|TC-DB|P08194|2.A.1.4.3	91.7	422	34	1	1	422	1	421	8.9e-235	808.9
BCW-200155_00698	gnl|TC-DB|Q9Z3R9|3.A.1.1.8	57.5	315	129	3	1	310	1	315	1.1e-94	343.2
BCW-200155_00701	gnl|TC-DB|P94529|3.A.1.1.34	28.2	252	171	6	22	267	44	291	7.2e-20	94.4
BCW-200155_00702	gnl|TC-DB|P29824|3.A.1.1.4	28.8	229	158	2	19	247	4	227	9.2e-23	104.0
BCW-200155_00703	gnl|TC-DB|Q07837|8.A.9.1.2	29.0	511	305	14	8	482	119	607	6.1e-54	208.4
BCW-200155_00707	gnl|TC-DB|P0AG34|2.A.76.1.1	78.4	204	44	0	1	204	1	204	1.1e-83	305.8
BCW-200155_00708	gnl|TC-DB|P0AG38|2.A.76.1.2	71.8	206	57	1	1	205	1	206	8.9e-81	296.2
BCW-200155_00709	gnl|TC-DB|Q5EAK4|2.A.16.2.2	29.4	344	208	10	31	347	1378	1713	2.7e-24	110.2
BCW-200155_00713	gnl|TC-DB|P27844|2.A.7.7.2	67.9	293	94	0	1	293	1	293	3.0e-117	417.9
BCW-200155_00715	gnl|TC-DB|P0A2R8|1.A.35.1.2	90.5	316	30	0	1	316	1	316	4.2e-162	567.0
BCW-200155_00732	gnl|TC-DB|P27837|2.A.3.1.15	78.9	454	94	1	5	456	3	456	6.6e-209	723.0
BCW-200155_00734	gnl|TC-DB|B6I4D1|9.B.128.1.1	78.6	439	93	1	1	438	1	439	6.4e-196	679.9
BCW-200155_00736	gnl|TC-DB|P0AAA7|2.A.66.2.3	74.5	416	106	0	1	416	1	416	6.6e-176	613.2
BCW-200155_00742	gnl|TC-DB|P0AC78|9.B.146.1.7	75.1	353	88	0	1	353	6	358	1.9e-139	491.9
BCW-200155_00743	gnl|TC-DB|P40290|3.A.6.1.1	28.2	252	159	5	157	396	148	389	7.8e-15	78.2
BCW-200155_00745	gnl|TC-DB|O00571|1.I.1.1.3	36.0	364	219	3	9	358	180	543	7.1e-56	214.5
BCW-200155_00756	gnl|TC-DB|F8SVK1|2.A.1.6.11	27.3	326	193	11	5	294	14	331	1.1e-16	84.3
BCW-200155_00760	gnl|TC-DB|P37772|3.A.1.2.25	72.8	320	87	0	1	320	1	320	1.0e-126	449.5
BCW-200155_00761	gnl|TC-DB|P39328|3.A.1.2.25	72.0	328	91	1	1	328	1	327	7.7e-122	433.3
BCW-200155_00762	gnl|TC-DB|Q6BEX0|3.A.1.2.25	68.2	494	157	0	8	501	7	500	8.5e-194	672.9
BCW-200155_00763	gnl|TC-DB|P39325|3.A.1.2.25	76.7	318	74	0	1	318	1	318	3.3e-135	477.6
BCW-200155_00768	gnl|TC-DB|C5ZE66|1.C.106.3.3	27.9	201	126	4	21	207	11	206	2.1e-13	74.7
BCW-200155_00770	gnl|TC-DB|A8YQR5|3.A.23.2.1	27.4	500	316	15	34	514	30	501	2.7e-29	127.1
BCW-200155_00771	gnl|TC-DB|Q6EE14|3.A.23.2.1	48.0	892	429	7	1	881	1	868	1.7e-213	739.2
BCW-200155_00773	gnl|TC-DB|K1LZ89|1.B.6.1.14	40.8	103	60	1	444	546	537	638	3.4e-13	73.2
BCW-200155_00775	gnl|TC-DB|Q9KN51|3.A.23.1.1	28.2	451	304	10	5	449	6	442	7.0e-38	154.8
BCW-200155_00781	gnl|TC-DB|P21647|1.B.11.3.2	34.5	796	490	14	45	827	38	815	7.5e-134	474.6
BCW-200155_00791	gnl|TC-DB|Q2FD83|2.A.7.1.11	62.9	105	39	0	4	108	2	106	7.0e-32	132.9
BCW-200155_00796	gnl|TC-DB|P77747|1.B.1.1.21	70.6	381	105	4	1	378	1	377	7.9e-152	533.1
BCW-200155_00799	gnl|TC-DB|Q84GI9|2.A.6.2.31	85.1	1050	153	1	1	1050	1	1047	0.0e+00	1681.0
BCW-200155_00800	gnl|TC-DB|Q79MP5|2.A.6.2.31	75.5	400	91	1	1	400	1	393	2.0e-148	521.9
BCW-200155_00806	gnl|TC-DB|P0C0L7|2.A.1.6.4	80.1	498	99	0	4	501	2	499	6.9e-236	812.8
BCW-200155_00810	gnl|TC-DB|Q02028|3.A.9.1.1	38.4	524	273	10	2	486	70	582	1.4e-91	333.6
BCW-200155_00820	gnl|TC-DB|P36554|2.A.1.3.26	39.8	402	235	4	28	426	14	411	8.2e-77	284.3
BCW-200155_00829	gnl|TC-DB|Q93KC2|2.A.2.5.1	63.8	516	177	2	5	520	3	508	6.1e-187	650.2
BCW-200155_00831	gnl|TC-DB|A6TDJ4|1.B.35.1.7	52.0	227	102	4	6	226	6	231	1.6e-62	235.7
BCW-200155_00833	gnl|TC-DB|P0AF43|2.A.58.2.1	31.3	536	365	2	12	545	4	538	4.7e-68	255.4
BCW-200155_00845	gnl|TC-DB|P0AB93|3.A.4.1.1	83.6	428	70	0	1	428	1	428	2.3e-200	694.5
BCW-200155_00850	gnl|TC-DB|P16869|1.B.14.1.1	51.3	721	329	5	24	732	19	729	1.3e-214	742.7
BCW-200155_00855	gnl|TC-DB|Q9WYQ2|3.A.1.1.38	40.9	357	204	4	13	367	4	355	3.7e-69	258.5
BCW-200155_00857	gnl|TC-DB|Q1M7Q3|3.A.1.11.6	34.5	255	164	3	2	255	19	271	1.9e-30	129.4
BCW-200155_00863	gnl|TC-DB|P64534|2.A.113.1.1	47.1	104	49	1	7	104	7	110	4.8e-22	100.1
BCW-200155_00868	gnl|TC-DB|P39414|2.A.47.3.3	51.3	476	232	0	24	499	7	482	9.3e-140	493.4
BCW-200155_00875	gnl|TC-DB|P43672|3.A.1.120.6	29.2	542	297	15	1	486	1	511	4.1e-51	199.1
BCW-200155_00877	gnl|TC-DB|P0AAD2|2.A.42.1.2	75.6	414	101	0	1	414	1	414	1.4e-178	622.1
BCW-200155_00879	gnl|TC-DB|Q56955|3.A.1.15.4	63.7	278	100	1	5	282	5	281	7.4e-94	340.1
BCW-200155_00880	gnl|TC-DB|Q56954|3.A.1.15.4	79.5	283	58	0	1	283	1	283	4.2e-121	430.6
BCW-200155_00881	gnl|TC-DB|Q56953|3.A.1.15.4	74.1	239	62	0	8	246	11	249	4.1e-99	357.5
BCW-200155_00882	gnl|TC-DB|Q56952|3.A.1.15.4	72.6	307	81	2	13	317	6	311	1.7e-126	448.7
BCW-200155_00888	gnl|TC-DB|F2WVP9|2.A.1.60.3	41.0	361	206	2	22	380	13	368	6.9e-66	247.7
BCW-200155_00893	gnl|TC-DB|Q9CES4|3.A.1.3.25	63.2	239	88	0	2	240	7	245	3.8e-83	304.3
BCW-200155_00894	gnl|TC-DB|Q8YSA2|3.A.1.3.17	37.8	238	121	4	8	245	275	485	3.5e-34	141.7
BCW-200155_00895	gnl|TC-DB|Q9F3K5|3.A.1.3.24	26.8	254	167	5	9	244	52	304	1.4e-14	76.6
BCW-200155_00897	gnl|TC-DB|P63183|2.A.72.1.1	68.7	620	193	1	4	623	3	621	2.7e-250	860.9
BCW-200155_00901	gnl|TC-DB|Q6EE14|3.A.23.2.1	50.0	860	406	5	1	838	1	858	1.4e-217	752.7
BCW-200155_00904	gnl|TC-DB|A8YQR9|3.A.23.2.1	31.4	456	309	3	8	461	7	460	4.3e-67	251.9
BCW-200155_00906	gnl|TC-DB|A8YQR7|3.A.23.2.1	30.9	353	233	5	2	348	3	350	1.7e-42	169.9
BCW-200155_00909	gnl|TC-DB|B2D7K2|3.A.23.1.1	27.9	501	329	12	20	496	16	508	1.1e-55	214.5
BCW-200155_00911	gnl|TC-DB|Q6EE16|3.A.23.2.1	36.2	607	372	4	5	596	3	609	5.9e-109	391.3
BCW-200155_00914	gnl|TC-DB|Q6EE20|3.A.23.2.1	62.3	470	175	2	20	488	22	490	5.6e-174	607.1
BCW-200155_00915	gnl|TC-DB|Q6EE21|3.A.23.2.1	49.7	149	71	1	5	149	7	155	2.3e-36	148.3
BCW-200155_00917	gnl|TC-DB|P76264|2.A.107.1.1	67.0	185	61	0	1	185	1	185	2.6e-66	248.1
BCW-200155_00937	gnl|TC-DB|P0ADL1|2.A.1.2.26	38.9	368	224	1	17	384	18	384	6.7e-69	257.7
BCW-200155_00939	gnl|TC-DB|Q9UEF7|8.A.49.1.1	28.2	496	285	19	2	474	58	505	1.6e-40	163.7
BCW-200155_00940	gnl|TC-DB|Q8ZJY5|2.A.114.1.10	89.4	717	75	1	1	717	1	716	0.0e+00	1274.2
BCW-200155_00942	gnl|TC-DB|P94400|9.B.10.1.1	30.2	305	160	10	1	263	1	294	1.7e-25	113.2
BCW-200155_00944	gnl|TC-DB|Q81JL2|9.B.33.1.1	32.2	581	356	8	5	556	3	574	5.2e-75	278.5
BCW-200155_00945	gnl|TC-DB|Q9I6X4|2.A.6.2.27	45.2	999	543	3	10	1005	5	1002	1.7e-228	789.3
BCW-200155_00946	gnl|TC-DB|Q9I6X5|2.A.6.2.27	39.3	351	211	1	29	379	7	355	4.1e-39	158.7
BCW-200155_00956	gnl|TC-DB|Q58543|1.A.23.4.1	31.1	283	185	4	74	346	69	351	5.6e-33	138.3
BCW-200155_00964	gnl|TC-DB|Q92NE8|3.A.1.5.17	52.6	529	244	3	5	526	4	532	5.2e-149	524.2
BCW-200155_00965	gnl|TC-DB|Q92NE9|3.A.1.5.17	57.4	251	107	0	10	260	12	262	1.6e-74	275.8
BCW-200155_00966	gnl|TC-DB|Q92NF0|3.A.1.5.17	49.8	315	158	0	25	339	55	369	1.2e-79	293.1
BCW-200155_00967	gnl|TC-DB|Q92NF1|3.A.1.5.17	40.0	515	303	4	2	513	17	528	1.4e-114	409.8
BCW-200155_00990	gnl|TC-DB|P0ADC6|1.B.42.1.2	82.9	356	59	1	2	355	4	359	2.9e-164	574.3
BCW-200155_00991	gnl|TC-DB|P0AF98|1.B.42.1.2	76.3	358	85	0	1	358	1	358	4.1e-153	537.3
BCW-200155_00999	gnl|TC-DB|P30130|1.B.11.3.9	44.2	824	423	13	83	883	68	877	1.5e-193	672.9
BCW-200155_01005	gnl|TC-DB|P08722|4.A.1.2.2	39.9	444	230	3	7	447	3	412	2.8e-83	305.8
BCW-200155_01006	gnl|TC-DB|Q86Z14|8.A.49.1.2	26.9	483	282	18	6	474	82	507	2.6e-38	156.4
BCW-200155_01014	gnl|TC-DB|Q11G42|2.A.118.1.2	63.7	443	160	1	2	443	11	453	5.0e-156	547.4
BCW-200155_01027	gnl|TC-DB|P0AA78|2.A.1.14.2	85.6	430	56	1	1	424	41	470	3.0e-211	730.7
BCW-200155_01029	gnl|TC-DB|P0AA63|9.B.27.2.2	75.3	219	54	0	1	219	1	219	2.6e-97	351.3
BCW-200155_01033	gnl|TC-DB|P64585|1.E.34.2.1	59.0	117	48	0	4	120	17	133	1.5e-27	118.6
BCW-200155_01046	gnl|TC-DB|Q8VRL1|3.A.11.1.3	29.9	355	220	8	90	433	173	509	2.7e-38	156.4
BCW-200155_01047	gnl|TC-DB|P0C6C9|3.A.15.2.2	38.3	339	206	1	1	339	1	336	9.5e-67	250.4
BCW-200155_01049	gnl|TC-DB|P15754|3.A.15.1.1	38.2	225	123	5	9	228	15	228	3.0e-31	132.1
BCW-200155_01050	gnl|TC-DB|B7L5V2|1.A.34.1.3	37.5	120	74	1	76	194	97	216	1.0e-20	97.1
BCW-200155_01061	gnl|TC-DB|P39836|2.A.28.3.4	64.1	320	113	2	9	328	7	324	1.6e-106	382.5
BCW-200155_01064	gnl|TC-DB|P19642|4.A.1.1.3	81.2	527	97	1	1	525	1	527	6.0e-246	846.3
BCW-200155_01073	gnl|TC-DB|P27303|8.A.1.1.1	31.7	309	199	4	38	344	50	348	8.4e-31	131.0
BCW-200155_01088	gnl|TC-DB|P77279|3.A.1.139.2	57.9	214	90	0	1	214	1	214	1.8e-66	248.8
BCW-200155_01089	gnl|TC-DB|P77307|3.A.1.139.2	75.7	251	61	0	1	251	1	251	3.4e-98	354.4
BCW-200155_01091	gnl|TC-DB|B5FEK7|9.B.2.4.2	38.6	184	112	1	10	192	13	196	6.1e-26	114.0
BCW-200155_01093	gnl|TC-DB|Q9Z4R9|3.A.1.20.1	27.0	330	223	8	12	329	10	333	1.3e-20	97.1
BCW-200155_01094	gnl|TC-DB|Q8TZQ3|3.A.1.1.16	43.3	284	154	3	1	282	1	279	1.2e-61	233.4
BCW-200155_01105	gnl|TC-DB|Q72H67|3.A.1.1.25	41.5	287	163	3	1	287	1	282	2.6e-57	218.8
BCW-200155_01106	gnl|TC-DB|Q9KZ08|3.A.1.1.44	34.2	272	162	5	15	279	42	303	1.9e-33	139.4
BCW-200155_01108	gnl|TC-DB|P10907|3.A.1.1.3	47.4	367	174	4	1	359	1	356	1.1e-89	326.6
BCW-200155_01109	gnl|TC-DB|P31474|2.A.1.3.51	33.3	450	294	4	1	448	22	467	4.1e-70	261.9
BCW-200155_01110	gnl|TC-DB|P77735|8.A.5.1.6	39.0	318	183	4	1	314	1	311	2.7e-53	205.7
BCW-200155_01114	gnl|TC-DB|P31466|2.A.40.7.6	51.0	431	211	0	1	431	14	444	1.1e-120	429.9
BCW-200155_01116	gnl|TC-DB|P76169|2.A.7.26.1	75.2	105	26	0	1	105	1	105	3.6e-41	163.7
BCW-200155_01120	gnl|TC-DB|P75853|3.A.1.17.10	36.7	305	183	5	4	301	3	304	6.1e-41	164.5
BCW-200155_01123	gnl|TC-DB|P07658|3.D.1.9.2	32.3	313	179	6	109	416	61	345	9.4e-43	171.8
BCW-200155_01134	gnl|TC-DB|P32705|2.A.21.7.2	79.9	547	109	1	9	555	4	549	5.8e-244	839.7
BCW-200155_01135	gnl|TC-DB|P0AF54|9.B.136.1.1	64.7	102	36	0	1	102	1	102	2.2e-32	134.4
BCW-200155_01136	gnl|TC-DB|P31552|4.C.1.1.6	24.2	530	367	16	90	617	21	517	1.1e-26	118.2
BCW-200155_01137	gnl|TC-DB|Q8KRT4|1.C.80.1.1	32.7	165	91	5	35	192	27	178	2.8e-12	68.6
BCW-200155_01138	gnl|TC-DB|P75750|1.B.11.2.2	43.1	805	448	8	31	833	19	815	8.9e-188	653.7
BCW-200155_01146	gnl|TC-DB|Q46817|2.A.40.7.7	83.3	455	76	0	1	455	1	455	6.5e-201	696.4
BCW-200155_01151	gnl|TC-DB|E3GUW2|3.A.1.14.11	64.6	345	121	1	9	353	3	346	3.9e-124	441.0
BCW-200155_01178	gnl|TC-DB|E0DTC9|2.A.115.1.4	51.0	206	99	1	3	208	63	266	1.6e-53	205.7
BCW-200155_01188	gnl|TC-DB|P28303|2.A.66.1.4	70.8	438	128	0	14	451	21	458	5.6e-176	613.6
BCW-200155_01197	gnl|TC-DB|Q9K0A9|2.A.28.2.4	40.2	301	178	1	5	303	11	311	3.9e-56	214.9
BCW-200155_01198	gnl|TC-DB|P0AF43|2.A.58.2.1	74.4	542	138	1	1	542	1	541	2.5e-215	744.6
BCW-200155_01200	gnl|TC-DB|P69874|3.A.1.11.1	52.9	238	112	0	4	241	18	255	4.6e-71	264.6
BCW-200155_01212	gnl|TC-DB|Q9KN55|3.A.23.1.1	26.2	596	398	16	7	581	5	579	6.8e-41	165.2
BCW-200155_01222	gnl|TC-DB|P77622|3.A.1.5.38	66.5	313	100	1	2	314	1	308	3.8e-115	411.0
BCW-200155_01223	gnl|TC-DB|P77268|3.A.1.5.38	67.8	326	104	1	8	333	4	328	1.4e-118	422.5
BCW-200155_01224	gnl|TC-DB|P77463|3.A.1.5.38	72.0	271	76	0	33	303	26	296	2.8e-107	384.8
BCW-200155_01225	gnl|TC-DB|P77308|3.A.1.5.38	79.9	338	68	0	1	338	1	338	1.7e-161	565.1
BCW-200155_01226	gnl|TC-DB|P76128|3.A.1.5.38	76.1	494	118	0	32	525	23	516	7.8e-222	766.1
BCW-200155_01258	gnl|TC-DB|G2H2C1|1.E.53.1.8	69.4	49	15	0	1	49	20	68	2.7e-15	76.6
BCW-200155_01260	gnl|TC-DB|Q9HT69|3.A.1.24.5	44.8	203	112	0	15	217	23	225	2.5e-41	165.2
BCW-200155_01261	gnl|TC-DB|P30750|3.A.1.24.1	47.1	346	171	5	44	380	1	343	2.5e-76	282.3
BCW-200155_01262	gnl|TC-DB|P28635|3.A.1.24.1	48.0	244	122	4	41	280	29	271	1.2e-56	216.5
BCW-200155_01264	gnl|TC-DB|P22731|3.A.1.4.1	61.2	237	92	0	1	237	1	237	1.2e-73	272.7
BCW-200155_01265	gnl|TC-DB|P0A9S7|3.A.1.4.1	52.3	279	103	2	10	288	5	253	7.5e-73	270.4
BCW-200155_01266	gnl|TC-DB|P21628|3.A.1.4.8	53.5	415	177	6	12	418	4	410	2.2e-105	379.0
BCW-200155_01267	gnl|TC-DB|P0AEX7|3.A.1.4.1	54.3	302	137	1	4	304	7	308	6.7e-85	310.5
BCW-200155_01268	gnl|TC-DB|P0AD96|3.A.1.4.1	43.0	365	200	5	14	375	8	367	6.0e-83	304.3
BCW-200155_01272	gnl|TC-DB|Q93GK5|3.A.1.110.1	58.0	698	293	0	1	698	1	698	2.5e-236	814.7
BCW-200155_01273	gnl|TC-DB|Q93GK4|3.A.1.110.1	44.9	412	226	1	15	426	3	413	4.1e-96	348.2
BCW-200155_01280	gnl|TC-DB|E8XKQ3|9.B.100.1.1	82.5	217	38	0	1	217	1	217	5.6e-89	323.6
BCW-200155_01281	gnl|TC-DB|Q9KN48|3.A.23.1.1	36.9	328	177	5	8	312	193	513	1.5e-45	179.9
BCW-200155_01282	gnl|TC-DB|P94400|9.B.10.1.1	50.0	396	189	4	1	392	1	391	6.7e-101	364.0
BCW-200155_01283	gnl|TC-DB|P36634|3.A.1.5.5	73.3	551	139	2	25	574	1	544	2.1e-244	841.3
BCW-200155_01284	gnl|TC-DB|P0A2J3|3.A.1.5.5	77.9	321	71	0	1	321	1	321	9.1e-141	496.1
BCW-200155_01285	gnl|TC-DB|P0AGH5|3.A.1.5.42	68.9	296	92	0	1	296	1	296	1.0e-109	392.9
BCW-200155_01286	gnl|TC-DB|P0AAH4|3.A.1.5.42	84.2	330	52	0	1	330	1	330	9.3e-165	575.9
BCW-200155_01287	gnl|TC-DB|P36638|3.A.1.5.5	79.8	267	54	0	1	267	1	267	2.7e-122	434.5
BCW-200155_01289	gnl|TC-DB|P77304|2.A.17.1.2	76.3	494	116	1	1	494	1	493	1.9e-217	751.5
BCW-200155_01290	gnl|TC-DB|Q1J0W6|9.B.34.1.1	34.4	157	94	3	471	627	197	344	1.2e-14	78.2
BCW-200155_01304	gnl|TC-DB|G4PZW1|8.A.48.1.1	62.3	69	26	0	33	101	8	76	1.4e-21	98.6
BCW-200155_01305	gnl|TC-DB|P46482|8.A.1.7.1	41.4	273	159	1	11	283	14	285	8.9e-55	210.3
BCW-200155_01306	gnl|TC-DB|Q8ZPN4|2.A.85.1.5	61.6	683	258	2	1	683	1	679	2.0e-241	831.6
BCW-200155_01307	gnl|TC-DB|P76187|8.A.5.1.7	73.8	298	78	0	1	298	1	298	1.2e-134	475.7
BCW-200155_01316	gnl|TC-DB|P37597|2.A.1.2.62	61.9	381	143	1	1	379	1	381	4.2e-127	451.1
BCW-200155_01319	gnl|TC-DB|P37340|2.A.66.1.3	70.9	457	133	0	1	457	1	457	1.4e-179	625.5
BCW-200155_01327	gnl|TC-DB|Q9R9Q4|3.A.1.1.17	27.3	231	147	7	2	228	4	217	3.9e-14	75.1
BCW-200155_01334	gnl|TC-DB|B1LE48|2.A.86.2.1	66.4	357	119	1	9	365	9	364	2.3e-132	468.4
BCW-200155_01336	gnl|TC-DB|Q9HXN5|4.A.1.1.15	26.9	420	236	13	387	781	427	800	6.8e-28	122.5
BCW-200155_01340	gnl|TC-DB|A8GDS8|3.A.1.14.16	66.9	275	90	1	1	274	1	275	5.7e-99	357.1
BCW-200155_01341	gnl|TC-DB|Q56992|3.A.1.14.5	80.0	310	62	0	26	335	18	327	4.2e-136	480.7
BCW-200155_01342	gnl|TC-DB|A8GDS6|3.A.1.14.16	70.4	260	77	0	3	262	2	261	2.6e-109	391.3
BCW-200155_01349	gnl|TC-DB|P81891|2.A.7.22.2	54.6	108	46	2	1	106	1	107	8.5e-22	99.4
BCW-200155_01350	gnl|TC-DB|G8LJX5|9.B.142.2.2	52.7	543	250	4	13	552	10	548	8.6e-163	570.1
BCW-200155_01353	gnl|TC-DB|P77757|4.D.2.1.8	75.4	321	79	0	1	321	1	321	1.3e-142	502.3
BCW-200155_01355	gnl|TC-DB|P06611|3.A.1.13.1	45.6	250	132	1	1	250	4	249	1.5e-61	232.6
BCW-200155_01357	gnl|TC-DB|P06609|3.A.1.13.1	64.5	324	114	1	10	333	4	326	6.9e-115	410.2
BCW-200155_01367	gnl|TC-DB|P0AEY1|2.A.95.1.1	79.6	216	43	1	7	221	4	219	1.9e-84	308.5
BCW-200155_01375	gnl|TC-DB|P77529|2.A.23.1.8	79.4	462	95	0	1	462	1	462	5.6e-192	666.8
BCW-200155_01377	gnl|TC-DB|P76269|2.A.1.3.17	70.3	455	135	0	1	455	1	455	4.7e-178	620.5
BCW-200155_01378	gnl|TC-DB|P23894|9.B.1.1.6	89.1	293	32	0	1	293	1	293	1.6e-139	491.9
BCW-200155_01379	gnl|TC-DB|P23865|9.B.174.1.2	76.5	689	151	5	1	688	1	679	8.1e-304	1038.9
BCW-200155_01385	gnl|TC-DB|P0AAP1|9.B.34.1.2	32.4	176	112	3	385	560	198	366	9.9e-21	98.2
BCW-200155_01397	gnl|TC-DB|P76278|9.B.62.1.4	38.9	293	172	4	3	293	2	289	1.6e-46	183.0
BCW-200155_01405	gnl|TC-DB|P38919|3.A.18.1.1	34.4	360	233	3	3	360	37	395	1.2e-64	243.8
BCW-200155_01412	gnl|TC-DB|L5DDD7|2.A.109.2.3	49.0	529	252	7	1	516	370	893	3.4e-121	431.8
BCW-200155_01413	gnl|TC-DB|P69797|4.A.6.1.1	84.8	322	47	1	1	320	1	322	1.3e-139	492.3
BCW-200155_01414	gnl|TC-DB|P69801|4.A.6.1.1	88.7	266	29	1	1	265	1	266	3.6e-119	424.1
BCW-200155_01415	gnl|TC-DB|P69805|4.A.6.1.1	87.3	283	33	1	1	280	4	286	8.3e-138	486.1
BCW-200155_01417	gnl|TC-DB|P76264|2.A.107.1.1	63.2	185	68	0	1	185	1	185	5.4e-64	240.4
BCW-200155_01427	gnl|TC-DB|Q8X5H7|1.B.12.2.7	48.4	987	412	19	1	897	1	980	3.5e-238	821.2
BCW-200155_01431	gnl|TC-DB|P06202|3.A.1.5.1	54.6	538	242	2	11	546	6	543	6.7e-176	613.6
BCW-200155_01435	gnl|TC-DB|D4ZZR3|9.B.34.1.3	41.0	166	89	2	365	521	228	393	1.4e-24	110.9
BCW-200155_01448	gnl|TC-DB|P75958|3.A.1.125.1	76.6	411	96	0	4	414	3	413	5.4e-178	620.2
BCW-200155_01449	gnl|TC-DB|P75957|3.A.1.125.1	78.9	232	49	0	3	234	2	233	2.3e-101	364.8
BCW-200155_01450	gnl|TC-DB|P0ADC3|3.A.1.125.1	78.6	387	82	1	1	387	14	399	2.4e-156	548.1
BCW-200155_01465	gnl|TC-DB|P69786|4.A.1.1.1	92.0	477	38	0	1	477	1	477	9.4e-251	862.1
BCW-200155_01472	gnl|TC-DB|O80800|3.D.1.6.3	48.1	77	40	0	2	78	48	124	7.4e-12	65.9
BCW-200155_01490	gnl|TC-DB|P0AFS5|2.A.86.1.4	60.6	325	128	0	1	325	16	340	2.8e-100	361.7
BCW-200155_01491	gnl|TC-DB|Q9I0Y8|2.A.6.2.16	42.2	1050	581	6	3	1031	5	1049	2.8e-223	771.9
BCW-200155_01492	gnl|TC-DB|P0AE06|8.A.1.6.1	32.5	357	235	4	34	386	35	389	3.6e-43	172.2
BCW-200155_01499	gnl|TC-DB|P25744|2.A.1.2.20	83.5	393	65	0	13	405	9	401	3.5e-185	644.0
BCW-200155_01503	gnl|TC-DB|P62517|4.D.3.1.1	74.4	849	199	5	1	845	1	835	0.0e+00	1281.5
BCW-200155_01506	gnl|TC-DB|Q9RQ30|8.A.1.1.2	33.4	311	185	5	39	342	61	356	6.3e-31	131.3
BCW-200155_01507	gnl|TC-DB|Q9KIH3|2.A.1.3.18	28.7	529	354	8	4	522	2	517	8.8e-56	214.5
BCW-200155_01530	gnl|TC-DB|B1HGV3|9.B.211.1.1	45.8	321	162	3	2	315	3	318	6.0e-68	254.2
BCW-200155_01536	gnl|TC-DB|Q1D027|1.A.1.24.3	42.3	267	146	3	12	278	14	272	2.0e-41	166.0
BCW-200155_01543	gnl|TC-DB|P96517|2.A.1.5.4	35.8	400	254	1	18	414	20	419	8.3e-65	244.2
BCW-200155_01553	gnl|TC-DB|C4ZZU4|2.A.1.14.40	51.5	443	211	2	17	457	6	446	1.2e-138	489.6
BCW-200155_01554	gnl|TC-DB|P33941|3.A.1.113.3	70.3	549	159	1	1	549	1	545	1.3e-216	748.8
BCW-200155_01556	gnl|TC-DB|Q9EV03|1.A.23.1.2	31.5	286	184	4	469	747	756	1036	3.0e-31	133.7
BCW-200155_01558	gnl|TC-DB|P0ACA3|1.A.12.3.1	85.6	209	30	0	1	209	1	209	1.5e-99	358.6
BCW-200155_01567	gnl|TC-DB|P64602|3.A.1.27.3	46.9	96	50	1	1	95	1	96	6.4e-21	96.3
BCW-200155_01568	gnl|TC-DB|P0ADV7|3.A.1.27.3	71.0	210	61	0	1	210	1	210	1.7e-82	302.0
BCW-200155_01569	gnl|TC-DB|P64604|3.A.1.27.3	66.7	168	53	2	1	165	1	168	3.0e-59	224.6
BCW-200155_01570	gnl|TC-DB|P64606|3.A.1.27.3	84.4	256	40	0	10	265	5	260	3.1e-118	421.0
BCW-200155_01571	gnl|TC-DB|P63386|3.A.1.27.3	75.6	266	65	0	1	266	1	266	1.4e-115	412.1
BCW-200155_01572	gnl|TC-DB|P45394|2.A.19.5.1	56.1	319	140	0	1	319	1	319	3.7e-89	324.7
BCW-200155_01575	gnl|TC-DB|P0ADW0|1.B.42.1.2	59.8	189	75	1	1	189	1	188	5.0e-62	233.8
BCW-200155_01576	gnl|TC-DB|P0ADV1|1.B.42.1.2	62.7	185	69	0	1	185	1	185	1.2e-60	229.2
BCW-200155_01577	gnl|TC-DB|P0A9V1|1.B.42.1.2	89.6	241	25	0	1	241	1	241	2.3e-120	427.9
BCW-200155_01601	gnl|TC-DB|P46481|2.A.85.1.2	58.6	647	268	0	3	649	5	651	9.3e-217	749.6
BCW-200155_01602	gnl|TC-DB|P46482|8.A.1.7.1	72.0	311	86	1	1	311	1	310	1.1e-119	426.0
BCW-200155_01603	gnl|TC-DB|D7XN98|8.A.48.1.2	79.1	67	14	0	1	67	24	90	2.3e-25	110.5
BCW-200155_01609	gnl|TC-DB|P0ABH4|9.B.157.1.3	75.9	162	39	0	1	162	1	162	1.3e-71	265.4
BCW-200155_01610	gnl|TC-DB|P16926|9.B.157.1.3	85.4	309	45	0	1	309	1	309	4.7e-148	520.4
BCW-200155_01611	gnl|TC-DB|P0A9X4|9.B.157.1.3	99.1	347	3	0	1	347	1	347	5.5e-192	666.4
BCW-200155_01614	gnl|TC-DB|Q8XB73|5.B.7.1.1	71.1	194	56	0	3	196	2	195	2.4e-78	288.1
BCW-200155_01620	gnl|TC-DB|P16256|2.A.21.1.1	78.9	479	100	1	1	478	1	479	2.4e-209	724.5
BCW-200155_01630	gnl|TC-DB|P45766|3.A.1.3.26	80.6	341	66	0	1	341	1	341	2.9e-161	564.3
BCW-200155_01631	gnl|TC-DB|P45767|3.A.1.3.26	77.2	390	89	0	23	412	4	393	3.5e-169	590.9
BCW-200155_01632	gnl|TC-DB|P45768|3.A.1.3.26	83.0	348	59	0	10	357	20	367	4.7e-170	593.6
BCW-200155_01633	gnl|TC-DB|P45769|3.A.1.3.26	90.5	243	23	0	11	253	10	252	2.7e-127	451.1
BCW-200155_01635	gnl|TC-DB|E7UC95|1.E.14.1.9	64.9	131	46	0	1	131	1	131	2.8e-38	154.5
BCW-200155_01637	gnl|TC-DB|P32703|2.A.36.3.1	75.9	547	132	0	1	547	1	547	3.1e-229	790.8
BCW-200155_01658	gnl|TC-DB|Q5EPB9|3.A.7.11.1	37.9	206	124	3	208	409	230	435	5.2e-36	148.7
BCW-200155_01665	gnl|TC-DB|Q5EPB6|3.A.7.11.1	25.0	877	596	23	6	854	4	846	2.3e-56	217.2
BCW-200155_01671	gnl|TC-DB|Q6MB91|3.A.7.16.1	40.0	300	169	7	33	327	1	294	7.6e-66	247.3
BCW-200155_01679	gnl|TC-DB|Q6MB85|3.A.7.16.1	20.3	847	576	18	4	813	12	796	3.1e-23	107.5
BCW-200155_01683	gnl|TC-DB|Q6MB84|3.A.7.16.1	27.3	567	383	7	8	567	7	551	3.1e-58	223.4
BCW-200155_01706	gnl|TC-DB|P76242|2.A.1.17.3	54.2	380	173	1	11	389	13	392	1.1e-106	383.3
BCW-200155_01737	gnl|TC-DB|Q8E919|2.A.4.7.5	40.9	286	162	4	8	290	7	288	1.5e-52	203.0
BCW-200155_01738	gnl|TC-DB|C5W790|2.A.1.3.36	44.5	128	69	2	272	397	211	338	2.5e-26	116.3
BCW-200155_01739	gnl|TC-DB|P0AEJ0|2.A.1.3.2	34.7	493	310	3	21	512	19	500	8.3e-83	304.3
BCW-200155_01740	gnl|TC-DB|Q4VWC6|3.A.1.105.4	36.4	483	296	5	49	526	4	480	6.0e-71	265.0
BCW-200155_01743	gnl|TC-DB|O50455|1.A.35.3.5	33.5	340	211	4	10	335	28	366	8.3e-60	227.3
BCW-200155_01744	gnl|TC-DB|P31801|2.A.19.1.1	75.2	363	88	1	4	364	2	364	6.1e-141	496.9
BCW-200155_01760	gnl|TC-DB|Q15HU6|3.A.7.14.2	39.4	142	80	2	161	300	47	184	5.6e-21	98.2
BCW-200155_01763	gnl|TC-DB|C6EAH0|2.A.122.1.1	80.0	230	46	0	1	230	2	231	1.9e-95	345.1
BCW-200155_01764	gnl|TC-DB|F4V3T5|1.E.14.1.4	49.2	132	67	0	1	132	4	135	7.4e-28	119.8
BCW-200155_01766	gnl|TC-DB|P77308|3.A.1.5.38	43.8	322	178	3	28	348	14	333	9.5e-67	250.4
BCW-200155_01767	gnl|TC-DB|W0WMS8|3.A.1.5.39	46.2	266	137	1	32	291	36	301	5.1e-58	221.1
BCW-200155_01768	gnl|TC-DB|W0WJ90|3.A.1.5.39	43.2	264	146	3	14	274	7	269	1.9e-49	192.6
BCW-200155_01769	gnl|TC-DB|W0WLZ8|3.A.1.5.39	44.3	201	108	2	25	221	30	230	3.4e-41	164.9
BCW-200155_01774	gnl|TC-DB|Q9HWU4|1.B.11.3.7	30.8	795	512	16	59	836	45	818	2.0e-94	343.6
BCW-200155_01779	gnl|TC-DB|Q2G2M9|3.A.1.106.2	37.4	580	347	4	1	568	1	576	5.9e-90	328.2
BCW-200155_01780	gnl|TC-DB|P02931|1.B.1.1.1	65.8	368	108	6	1	356	1	362	4.0e-129	457.6
BCW-200155_01783	gnl|TC-DB|P75796|3.A.1.5.11	57.0	619	247	7	5	621	12	613	2.6e-184	641.7
BCW-200155_01784	gnl|TC-DB|P75797|3.A.1.5.11	39.1	511	303	5	7	514	7	512	1.1e-108	390.2
BCW-200155_01785	gnl|TC-DB|P75798|3.A.1.5.11	53.3	306	143	0	1	306	1	306	1.5e-87	319.3
BCW-200155_01786	gnl|TC-DB|P75799|3.A.1.5.11	55.8	283	123	2	21	302	21	302	5.3e-82	300.8
BCW-200155_01790	gnl|TC-DB|O05176|3.A.1.2.5	39.5	504	289	7	1	491	1	501	1.9e-97	352.8
BCW-200155_01791	gnl|TC-DB|B8H230|3.A.1.2.21	34.8	328	196	5	12	332	9	325	5.8e-37	151.4
BCW-200155_01803	gnl|TC-DB|p0aa70|2.A.7.3.22	69.0	290	90	0	7	296	4	293	3.8e-112	401.0
BCW-200155_01805	gnl|TC-DB|P33359|3.A.1.12.15	66.8	232	77	0	3	234	2	233	3.9e-78	287.7
BCW-200155_01806	gnl|TC-DB|P33360|3.A.1.12.15	65.2	310	105	2	1	310	1	307	1.4e-109	392.5
BCW-200155_01807	gnl|TC-DB|P33361|3.A.1.12.15	51.7	377	180	2	12	388	9	383	4.7e-91	331.3
BCW-200155_01808	gnl|TC-DB|P33362|3.A.1.12.15	72.7	297	80	1	15	311	10	305	2.7e-121	431.4
BCW-200155_01809	gnl|TC-DB|Q46909|2.A.1.1.95	25.4	425	287	10	51	473	20	416	7.8e-22	101.7
BCW-200155_01814	gnl|TC-DB|P46133|2.A.68.1.1	72.0	507	142	0	1	507	1	507	1.1e-209	725.7
BCW-200155_01827	gnl|TC-DB|A0QQ68|3.A.1.9.2	33.3	198	129	1	86	283	338	532	1.1e-23	107.1
BCW-200155_01828	gnl|TC-DB|P16683|3.A.1.9.1	38.6	189	115	1	95	283	72	259	3.7e-32	135.2
BCW-200155_01830	gnl|TC-DB|P16677|3.A.1.9.1	40.6	251	145	4	21	269	1	249	5.6e-46	181.0
BCW-200155_01832	gnl|TC-DB|J2MRK2|9.B.29.3.1	40.7	182	108	0	8	189	8	189	2.2e-36	148.7
BCW-200155_01841	gnl|TC-DB|O06151|2.A.1.3.48	38.1	436	240	9	8	426	11	433	2.2e-69	259.6
BCW-200155_01843	gnl|TC-DB|O00571|1.I.1.1.3	40.9	389	208	7	2	369	181	568	2.3e-68	256.1
BCW-200155_01844	gnl|TC-DB|P25744|2.A.1.2.20	62.5	389	146	0	4	392	12	400	5.5e-135	477.2
BCW-200155_01845	gnl|TC-DB|P0AAC4|1.A.14.2.2	69.9	236	69	1	1	236	1	234	1.5e-84	308.9
BCW-200155_01855	gnl|TC-DB|Q9L3S2|3.A.1.4.4	37.1	224	131	4	13	233	3	219	3.2e-34	141.7
BCW-200155_01863	gnl|TC-DB|P09551|3.A.1.3.1	47.0	253	132	1	1	251	1	253	1.6e-63	239.2
BCW-200155_01867	gnl|TC-DB|P33590|3.A.1.5.3	30.1	415	255	12	2	401	79	473	1.3e-36	150.6
BCW-200155_01868	gnl|TC-DB|P75798|3.A.1.5.11	35.2	301	192	2	23	321	5	304	3.0e-46	182.2
BCW-200155_01869	gnl|TC-DB|P75799|3.A.1.5.11	42.8	250	142	1	19	267	41	290	1.9e-41	166.0
BCW-200155_01870	gnl|TC-DB|Q9F9T4|3.A.1.5.23	42.4	549	293	6	6	532	19	566	3.7e-110	395.2
BCW-200155_01871	gnl|TC-DB|O34900|3.A.1.3.13	51.9	239	115	0	1	239	1	239	1.7e-62	235.7
BCW-200155_01872	gnl|TC-DB|P73544|3.A.1.3.12	44.5	164	88	1	56	216	352	515	1.4e-31	132.9
BCW-200155_01873	gnl|TC-DB|P54535|3.A.1.3.15	31.5	251	164	6	3	249	5	251	5.2e-25	111.3
BCW-200155_01875	gnl|TC-DB|Q8YPM8|3.A.1.3.18	38.4	229	122	4	18	236	80	299	9.5e-32	133.7
BCW-200155_01876	gnl|TC-DB|Q9F3K7|3.A.1.3.24	53.6	252	108	1	23	265	2	253	2.5e-70	261.9
BCW-200155_01877	gnl|TC-DB|Q8RCC4|3.A.1.3.27	32.2	255	160	6	15	258	6	258	2.9e-26	115.5
BCW-200155_01880	gnl|TC-DB|P33011|2.A.85.7.1	54.3	352	161	0	1	352	1	352	1.7e-106	382.5
BCW-200155_01883	gnl|TC-DB|P17315|1.B.14.1.4	67.7	666	197	7	5	657	3	663	3.8e-266	913.7
BCW-200155_01906	gnl|TC-DB|Q1R5P6|1.B.22.4.2	49.1	411	201	3	8	416	5	409	3.1e-104	375.2
BCW-200155_01924	gnl|TC-DB|P42915|1.B.11.3.6	51.5	831	385	9	23	846	18	837	2.1e-240	828.6
BCW-200155_01930	gnl|TC-DB|P0AEL3|9.A.8.1.1	71.6	74	21	0	1	74	1	74	7.2e-25	109.0
BCW-200155_01931	gnl|TC-DB|P33650|9.A.8.1.1	75.5	774	187	2	1	772	1	773	0.0e+00	1145.6
BCW-200155_01932	gnl|TC-DB|B5XTS6|9.A.8.1.10	57.4	68	28	1	1	67	1	68	7.2e-15	75.9
BCW-200155_01937	gnl|TC-DB|O32715|2.A.69.3.3	81.2	319	60	0	1	319	1	319	1.3e-139	492.3
BCW-200155_01938	gnl|TC-DB|O06927|3.B.1.1.4	33.3	192	124	3	31	218	38	229	2.2e-23	105.9
BCW-200155_01939	gnl|TC-DB|O06926|3.B.1.1.4	40.9	242	133	2	6	237	9	250	6.7e-47	184.1
BCW-200155_01942	gnl|TC-DB|O06924|3.B.1.1.4	56.1	556	233	3	6	553	2	554	7.7e-188	653.3
BCW-200155_01953	gnl|TC-DB|P69820|4.A.7.1.1	85.1	154	23	0	1	154	1	154	4.4e-72	266.9
BCW-200155_01954	gnl|TC-DB|P69822|4.A.7.1.1	81.2	101	19	0	1	101	1	101	1.1e-42	168.7
BCW-200155_01955	gnl|TC-DB|P39301|4.A.7.1.1	87.3	464	59	0	1	464	1	464	4.9e-228	786.6
BCW-200155_01962	gnl|TC-DB|P09391|9.B.104.1.1	50.2	277	135	3	1	275	1	276	8.6e-71	263.5
BCW-200155_01971	gnl|TC-DB|P67143|2.A.95.1.5	78.1	196	43	0	1	196	1	196	1.8e-78	288.5
BCW-200155_01974	gnl|TC-DB|P39835|2.A.8.1.4	82.9	438	75	0	1	438	1	438	6.3e-193	669.8
BCW-200155_01978	gnl|TC-DB|Q86Z14|8.A.49.1.2	26.0	466	296	15	5	459	81	508	1.9e-43	173.3
BCW-200155_01979	gnl|TC-DB|Q9KSH4|4.A.3.2.6	48.3	422	218	0	4	425	6	427	1.8e-123	439.1
BCW-200155_01980	gnl|TC-DB|Q9KSH5|4.A.3.2.6	49.0	100	51	0	1	100	1	100	1.4e-21	98.6
BCW-200155_01981	gnl|TC-DB|Q9F288|1.B.12.5.10	36.9	675	383	14	250	901	418	1072	2.9e-99	359.8
BCW-200155_01987	gnl|TC-DB|P37621|2.A.1.46.7	63.4	407	143	4	1	404	1	404	1.2e-134	476.1
BCW-200155_01990	gnl|TC-DB|Q9I2M0|3.A.1.109.4	40.9	384	220	4	7	384	9	391	2.7e-70	262.3
BCW-200155_01991	gnl|TC-DB|Q9I2M1|3.A.1.109.4	39.7	648	384	4	71	718	77	717	7.9e-124	441.0
BCW-200155_02000	gnl|TC-DB|P0AEJ0|2.A.1.3.2	84.4	508	79	0	4	511	5	512	3.1e-252	867.1
BCW-200155_02001	gnl|TC-DB|P27303|8.A.1.1.1	67.0	391	128	1	1	391	1	390	8.5e-141	496.5
BCW-200155_02002	gnl|TC-DB|P24126|1.B.17.3.2	31.7	375	237	6	9	374	12	376	8.9e-39	157.9
BCW-200155_02004	gnl|TC-DB|P43667|2.A.78.1.3	53.6	110	51	0	1	110	1	110	3.8e-25	110.5
BCW-200155_02005	gnl|TC-DB|P76630|2.A.78.1.3	65.5	235	78	1	7	238	1	235	4.7e-84	307.4
BCW-200155_02006	gnl|TC-DB|P76628|2.A.1.36.3	68.1	386	123	0	4	389	2	387	9.8e-137	483.0
BCW-200155_02009	gnl|TC-DB|P0AFM2|3.A.1.12.1	77.3	331	74	1	1	331	1	330	1.1e-152	535.8
BCW-200155_02010	gnl|TC-DB|P0AFM2|3.A.1.12.1	69.3	319	97	1	15	333	13	330	1.6e-132	468.8
BCW-200155_02011	gnl|TC-DB|P14176|3.A.1.12.1	72.5	374	75	3	27	397	6	354	1.4e-143	505.8
BCW-200155_02012	gnl|TC-DB|P14175|3.A.1.12.1	82.2	398	70	1	1	397	1	398	9.8e-185	642.5
BCW-200155_02015	gnl|TC-DB|Q8VS41|2.A.24.2.5	76.7	454	103	2	1	451	1	454	5.7e-197	683.3
BCW-200155_02016	gnl|TC-DB|E9RJ18|3.A.7.13.2	30.4	135	86	3	50	176	225	359	5.5e-13	70.9
BCW-200155_02017	gnl|TC-DB|P63144|8.A.5.1.3	34.1	331	203	8	6	329	64	386	3.5e-45	178.7
BCW-200155_02025	gnl|TC-DB|P37621|2.A.1.46.7	57.7	376	159	0	12	387	15	390	7.9e-118	420.2
BCW-200155_02042	gnl|TC-DB|P31122|2.A.1.2.15	67.5	388	126	0	1	388	1	388	1.7e-141	498.8
BCW-200155_02045	gnl|TC-DB|P76397|8.A.1.6.2	44.4	376	203	3	42	417	43	412	2.1e-79	292.7
BCW-200155_02046	gnl|TC-DB|Q9I0V6|2.A.6.2.39	58.4	1050	406	1	1	1050	1	1019	0.0e+00	1122.5
BCW-200155_02047	gnl|TC-DB|P76399|2.A.6.2.12	54.9	1017	451	3	1	1016	1	1010	4.5e-298	1020.4
BCW-200155_02048	gnl|TC-DB|Q9I0V8|2.A.6.2.39	49.2	368	168	1	31	379	7	374	4.0e-87	318.5
BCW-200155_02060	gnl|TC-DB|Q6V6X7|2.A.6.2.18	50.8	463	217	3	13	467	9	468	3.2e-118	421.8
BCW-200155_02061	gnl|TC-DB|P52002|2.A.6.2.6	66.1	1043	350	2	1	1040	1	1042	0.0e+00	1327.0
BCW-200155_02062	gnl|TC-DB|P52477|2.A.6.2.6	57.2	369	157	1	15	382	7	375	4.7e-107	384.4
BCW-200155_02063	gnl|TC-DB|P19642|4.A.1.1.3	41.3	526	286	6	11	532	18	524	3.2e-106	382.1
BCW-200155_02065	gnl|TC-DB|Q6NLC1|3.A.1.203.8	32.6	628	332	10	7	560	54	664	3.3e-80	295.8
BCW-200155_02069	gnl|TC-DB|H0KI06|9.B.124.1.3	41.2	114	59	2	1	107	1	113	1.8e-19	91.7
BCW-200155_02073	gnl|TC-DB|P77389|2.A.1.2.65	45.5	382	204	1	5	386	7	384	1.5e-76	283.1
BCW-200155_02076	gnl|TC-DB|U5MLJ3|4.A.3.2.9	54.5	99	45	0	4	102	3	101	3.0e-24	107.5
BCW-200155_02077	gnl|TC-DB|U5MFA1|4.A.3.2.9	78.1	439	96	0	1	439	1	439	2.3e-190	661.4
BCW-200155_02079	gnl|TC-DB|Q9KSH5|4.A.3.2.6	48.1	104	50	1	1	104	1	100	1.3e-19	92.0
BCW-200155_02084	gnl|TC-DB|Q8YPM9|3.A.1.3.18	31.0	313	212	2	10	322	60	368	8.0e-44	174.1
BCW-200155_02090	gnl|TC-DB|P33225|5.A.3.4.1	40.9	765	423	13	10	750	57	816	3.9e-158	555.1
BCW-200155_02091	gnl|TC-DB|P31119|4.C.1.1.16	69.5	714	218	0	5	718	2	715	5.3e-298	1019.6
BCW-200155_02092	gnl|TC-DB|P39196|2.A.1.42.1	74.6	394	100	0	1	394	1	394	2.9e-160	561.2
BCW-200155_02093	gnl|TC-DB|P0A9T4|8.A.5.1.5	75.1	346	86	0	1	346	1	346	6.2e-151	530.0
BCW-200155_02097	gnl|TC-DB|Q9HY55|4.A.2.1.17	36.2	566	345	7	157	720	402	953	2.1e-84	310.1
BCW-200155_02117	gnl|TC-DB|P37650|1.B.55.3.1	29.9	281	188	6	1038	1315	861	1135	4.4e-24	110.5
BCW-200155_02118	gnl|TC-DB|P37652|4.D.3.1.6	28.9	702	474	17	143	833	87	774	1.8e-71	267.3
BCW-200155_02119	gnl|TC-DB|P37653|4.D.3.1.6	45.4	683	350	8	3	673	149	820	1.8e-178	622.5
BCW-200155_02123	gnl|TC-DB|P0A830|2.A.23.1.7	87.5	417	52	0	1	417	1	417	7.5e-199	689.5
BCW-200155_02127	gnl|TC-DB|P37645|9.B.121.1.1	61.7	690	253	2	1	683	1	686	1.3e-253	872.1
BCW-200155_02131	gnl|TC-DB|P37643|2.A.1.6.10	80.7	441	83	2	1	440	1	440	8.3e-193	669.5
BCW-200155_02132	gnl|TC-DB|P37642|9.B.126.1.1	68.0	331	104	2	4	333	7	336	6.1e-120	427.2
BCW-200155_02142	gnl|TC-DB|B1JAG2|2.A.39.1.2	56.9	411	172	3	1	407	1	410	3.7e-110	394.8
BCW-200155_02148	gnl|TC-DB|P31126|2.A.1.2.55	37.4	385	230	2	10	393	11	385	4.0e-61	231.9
BCW-200155_02151	gnl|TC-DB|Q9ZGB6|2.A.1.3.32	41.6	469	274	0	21	489	23	491	2.6e-94	342.4
BCW-200155_02152	gnl|TC-DB|Q2G2M9|3.A.1.106.2	31.5	518	345	3	90	607	69	576	2.0e-64	243.4
BCW-200155_02154	gnl|TC-DB|P96878|2.A.53.3.12	34.5	168	95	4	29	186	574	736	6.6e-23	104.0
BCW-200155_02156	gnl|TC-DB|O07086|2.A.7.3.38	34.2	310	203	1	2	311	3	311	4.1e-45	178.3
BCW-200155_02162	gnl|TC-DB|D4GUQ0|4.A.5.1.5	28.8	451	306	5	1	446	4	444	1.0e-52	204.1
BCW-200155_02178	gnl|TC-DB|P0A8S5|9.B.4.1.1	78.4	111	24	0	1	111	1	111	1.2e-47	185.3
BCW-200155_02179	gnl|TC-DB|P0AFJ7|2.A.20.1.1	74.7	502	123	2	1	501	1	499	6.9e-212	733.0
BCW-200155_02188	gnl|TC-DB|Q9FI56|3.A.9.1.2	45.5	866	391	12	4	849	96	900	3.8e-202	701.4
BCW-200155_02191	gnl|TC-DB|P0AC02|1.B.33.1.3	84.0	243	39	0	1	243	1	243	2.7e-116	414.5
BCW-200155_02202	gnl|TC-DB|Q54418|1.E.25.2.1	60.4	53	21	0	6	58	18	70	2.8e-13	70.5
BCW-200155_02210	gnl|TC-DB|Q9KW03|9.A.33.1.1	35.0	240	135	5	3	225	7	242	3.0e-29	126.3
BCW-200155_02223	gnl|TC-DB|P0AGD7|3.A.5.1.1	86.3	453	62	0	1	453	1	453	1.3e-212	735.3
BCW-200155_02224	gnl|TC-DB|P64432|9.B.14.3.6	74.4	262	66	1	1	261	1	262	3.4e-109	391.0
BCW-200155_02225	gnl|TC-DB|P37908|9.A.40.2.4	80.3	426	84	0	1	426	1	426	1.9e-186	648.3
BCW-200155_02228	gnl|TC-DB|E1P8P0|9.B.27.3.1	56.9	102	44	0	2	103	40	141	3.0e-32	134.0
BCW-200155_02235	gnl|TC-DB|P0AFR9|3.A.1.11.9	76.7	262	61	0	1	262	1	262	2.2e-116	414.8
BCW-200155_02236	gnl|TC-DB|P77156|3.A.1.11.9	73.2	313	83	1	3	314	1	313	1.9e-130	461.8
BCW-200155_02237	gnl|TC-DB|P77795|3.A.1.11.9	67.7	337	104	1	3	339	4	335	2.3e-126	448.4
BCW-200155_02238	gnl|TC-DB|P76108|3.A.1.11.9	78.6	378	80	1	8	385	5	381	1.6e-184	641.7
BCW-200155_02246	gnl|TC-DB|P28635|3.A.1.24.1	68.3	259	81	1	13	270	13	271	1.3e-103	372.5
BCW-200155_02247	gnl|TC-DB|P0ADL1|2.A.1.2.26	33.5	373	241	5	19	388	19	387	4.1e-45	178.7
BCW-200155_02250	gnl|TC-DB|P75796|3.A.1.5.11	58.1	604	238	3	5	597	12	611	2.5e-184	641.7
BCW-200155_02251	gnl|TC-DB|P42063|3.A.1.5.20	37.4	302	179	3	3	303	9	301	1.9e-47	186.0
BCW-200155_02252	gnl|TC-DB|W0WN20|3.A.1.5.39	39.0	333	189	3	1	319	1	333	4.8e-57	218.0
BCW-200155_02256	gnl|TC-DB|P33950|3.A.1.5.27	28.2	471	291	11	48	489	61	513	3.2e-42	169.5
BCW-200155_02263	gnl|TC-DB|P40739|4.A.1.2.11	37.1	453	266	6	4	453	5	441	9.2e-73	270.8
BCW-200155_02266	gnl|TC-DB|O86575|3.A.1.5.34	49.2	321	157	2	4	319	37	356	2.7e-92	335.1
BCW-200155_02267	gnl|TC-DB|Q9F350|3.A.1.5.35	48.0	319	161	1	5	318	2	320	9.0e-83	303.5
BCW-200155_02268	gnl|TC-DB|P42063|3.A.1.5.20	36.0	303	172	3	22	309	5	300	5.6e-50	194.5
BCW-200155_02269	gnl|TC-DB|P42062|3.A.1.5.20	40.0	320	181	5	15	329	1	314	4.4e-61	231.5
BCW-200155_02270	gnl|TC-DB|P33950|3.A.1.5.27	26.6	545	342	17	54	567	30	547	1.3e-41	167.5
BCW-200155_02280	gnl|TC-DB|O34718|2.A.1.1.26	47.4	454	229	5	24	473	11	458	4.3e-110	394.8
BCW-200155_02301	gnl|TC-DB|P00550|4.A.2.1.2	83.0	636	105	2	3	637	2	635	4.7e-298	1019.6
BCW-200155_02312	gnl|TC-DB|P37665|9.B.186.1.1	74.0	219	57	0	1	219	1	219	4.1e-68	254.2
BCW-200155_02315	gnl|TC-DB|P96517|2.A.1.5.4	73.0	411	111	0	10	420	6	416	1.3e-171	599.0
BCW-200155_02318	gnl|TC-DB|P94774|2.A.1.14.41	24.3	341	241	4	12	343	9	341	1.3e-14	77.4
BCW-200155_02336	gnl|TC-DB|P25714|2.A.9.3.1	76.3	548	126	2	1	544	1	548	6.8e-229	789.6
BCW-200155_02340	gnl|TC-DB|M3JA40|1.B.52.2.1	50.0	84	42	0	463	546	278	361	8.4e-13	72.0
BCW-200155_02343	gnl|TC-DB|P31466|2.A.40.7.6	82.2	445	79	0	1	445	1	445	1.4e-203	705.3
BCW-200155_02346	gnl|TC-DB|C5ZE66|1.C.106.3.3	25.6	207	135	4	13	205	3	204	2.3e-12	71.2
BCW-200155_02350	gnl|TC-DB|P0AAH0|3.A.1.7.1	90.2	255	25	0	4	258	3	257	1.0e-134	475.7
BCW-200155_02351	gnl|TC-DB|P07654|3.A.1.7.1	86.1	294	41	0	1	294	1	294	1.5e-137	485.3
BCW-200155_02352	gnl|TC-DB|P0AGH8|3.A.1.7.1	87.1	317	41	0	1	317	1	317	5.3e-149	523.5
BCW-200155_02353	gnl|TC-DB|P0AG82|3.A.1.7.1	80.3	346	68	0	1	346	1	346	8.3e-164	572.8
BCW-200155_02357	gnl|TC-DB|P0A6E6|3.A.2.1.1	87.4	135	17	0	6	140	5	139	1.7e-62	235.0
BCW-200155_02358	gnl|TC-DB|P0ABB4|3.A.2.1.1	92.8	460	33	0	1	460	1	460	1.8e-246	847.8
BCW-200155_02359	gnl|TC-DB|P0ABA6|3.A.2.1.1	87.8	287	35	0	1	287	1	287	1.5e-139	491.9
BCW-200155_02360	gnl|TC-DB|P0ABB0|3.A.2.1.1	93.6	513	33	0	1	513	1	513	1.6e-275	944.5
BCW-200155_02361	gnl|TC-DB|P0ABA4|3.A.2.1.1	80.2	177	35	0	1	177	1	177	2.0e-73	271.6
BCW-200155_02362	gnl|TC-DB|P0ABA0|3.A.2.1.1	85.9	156	22	0	1	156	1	156	1.7e-47	185.3
BCW-200155_02363	gnl|TC-DB|P68699|3.A.2.1.1	98.7	79	1	0	1	79	1	79	1.4e-34	141.4
BCW-200155_02364	gnl|TC-DB|P0AB98|3.A.2.1.1	80.4	270	40	1	4	260	2	271	2.7e-119	424.5
BCW-200155_02365	gnl|TC-DB|C4X3L3|1.A.77.3.8	51.7	118	57	0	12	129	31	148	9.0e-26	112.8
BCW-200155_02372	gnl|TC-DB|P63183|2.A.72.1.1	84.7	622	95	0	1	622	1	622	7.1e-307	1048.9
BCW-200155_02374	gnl|TC-DB|P04983|3.A.1.2.1	84.6	501	77	0	1	501	1	501	1.1e-241	832.0
BCW-200155_02375	gnl|TC-DB|P0AGI1|3.A.1.2.1	83.4	320	52	1	1	320	1	319	8.9e-128	453.0
BCW-200155_02376	gnl|TC-DB|P02925|3.A.1.2.1	82.4	295	52	0	1	295	1	295	4.6e-131	463.8
BCW-200155_02386	gnl|TC-DB|P0A4L7|5.A.2.1.2	26.7	221	128	9	8	206	14	222	1.5e-14	76.3
BCW-200155_02391	gnl|TC-DB|Q9KN48|3.A.23.1.1	36.1	349	217	2	125	467	177	525	1.3e-50	197.2
BCW-200155_02392	gnl|TC-DB|Q9HV74|2.A.21.9.1	26.5	359	221	12	11	346	636	974	5.1e-20	95.1
BCW-200155_02396	gnl|TC-DB|P0A8K8|9.B.126.2.1	66.7	282	90	2	8	289	11	288	2.0e-86	315.5
BCW-200155_02400	gnl|TC-DB|P0AGM9|2.A.40.4.2	84.2	463	72	1	1	463	1	462	2.2e-212	734.6
BCW-200155_02401	gnl|TC-DB|P0AER8|2.A.27.1.1	80.7	399	77	0	1	399	1	399	7.9e-174	606.3
BCW-200155_02402	gnl|TC-DB|Q9KSH4|4.A.3.2.6	47.8	439	225	1	1	439	4	438	6.9e-115	410.6
BCW-200155_02409	gnl|TC-DB|P0AGM2|1.A.62.2.3	75.6	205	50	0	1	205	1	205	1.5e-83	305.4
BCW-200155_02415	gnl|TC-DB|A9B1L6|9.B.8.2.8	29.9	335	203	8	26	350	19	331	4.8e-28	122.9
BCW-200155_02416	gnl|TC-DB|E3HN15|9.B.8.2.7	39.6	169	84	5	15	174	715	874	5.6e-23	104.0
BCW-200155_02425	gnl|TC-DB|B8F5K7|4.D.1.3.2	51.2	244	116	3	7	247	4	247	5.7e-69	257.3
BCW-200155_02449	gnl|TC-DB|Q9HV74|2.A.21.9.1	27.4	226	144	10	241	454	759	976	1.5e-11	67.4
BCW-200155_02453	gnl|TC-DB|P0AG78|3.A.1.6.1	84.2	329	52	0	1	329	1	329	4.6e-164	573.5
BCW-200155_02456	gnl|TC-DB|B7MI53|9.B.124.2.2	54.3	140	63	1	1	140	1	139	8.5e-43	169.5
BCW-200155_02458	gnl|TC-DB|P31442|2.A.1.2.9	67.5	397	126	1	1	397	1	394	8.1e-147	516.5
BCW-200155_02461	gnl|TC-DB|P0AER0|1.A.8.1.1	77.9	280	60	1	1	280	1	278	3.1e-124	441.0
BCW-200155_02469	gnl|TC-DB|Q9ZKE4|3.A.11.3.1	33.2	536	329	14	198	730	108	617	1.5e-66	250.8
BCW-200155_02485	gnl|TC-DB|Q6D188|2.A.2.5.2	81.1	508	96	0	1	508	1	508	1.2e-233	805.4
BCW-200155_02488	gnl|TC-DB|P06129|1.B.14.3.1	67.5	618	196	2	61	678	2	614	3.4e-254	874.0
BCW-200155_02503	gnl|TC-DB|Q54806|2.A.1.3.5	28.8	475	328	5	5	476	21	488	2.9e-45	179.5
BCW-200155_02515	gnl|TC-DB|Q57403|3.A.1.111.1	24.0	701	499	12	7	694	5	684	1.9e-45	180.6
BCW-200155_02516	gnl|TC-DB|P75830|3.A.1.122.1	38.5	364	211	2	20	383	12	362	2.7e-54	209.1
BCW-200155_02517	gnl|TC-DB|A0ZUB1|3.A.1.122.12	49.8	647	320	4	6	647	5	651	9.1e-164	573.5
BCW-200155_02526	gnl|TC-DB|P30130|1.B.11.3.9	44.5	885	428	18	6	852	19	878	4.5e-203	704.5
BCW-200155_02532	gnl|TC-DB|P40727|3.A.6.2.1	67.4	384	124	1	1	384	1	383	3.3e-145	511.1
BCW-200155_02533	gnl|TC-DB|P76298|1.A.104.1.1	82.7	694	118	1	1	694	1	692	0.0e+00	1108.6
BCW-200155_02535	gnl|TC-DB|P77348|3.A.1.5.1	22.9	494	307	16	39	494	47	504	1.0e-16	84.7
BCW-200155_02537	gnl|TC-DB|P07117|2.A.21.2.1	82.6	493	86	0	1	493	1	493	1.3e-231	798.5
BCW-200155_02539	gnl|TC-DB|P75901|2.A.108.2.3	76.4	276	65	0	1	276	1	276	4.9e-114	407.1
BCW-200155_02540	gnl|TC-DB|P0AB24|2.A.108.2.3	72.2	374	101	2	3	375	4	375	1.6e-152	535.4
BCW-200155_02541	gnl|TC-DB|P31545|2.A.108.2.3	71.9	430	111	4	1	429	1	421	1.2e-180	629.0
BCW-200155_02545	gnl|TC-DB|Q9F3K7|3.A.1.3.24	57.4	249	106	0	33	281	5	253	1.1e-78	289.7
BCW-200155_02546	gnl|TC-DB|Q9F3K6|3.A.1.3.24	38.2	288	169	3	12	297	19	299	3.9e-48	188.3
BCW-200155_02573	gnl|TC-DB|A9WDS0|3.A.1.17.13	32.7	251	161	2	13	259	20	266	1.1e-22	103.6
BCW-200155_02574	gnl|TC-DB|P38045|3.A.1.16.1	47.4	209	106	3	39	245	24	230	1.5e-46	183.0
BCW-200155_02586	gnl|TC-DB|P08470|4.A.1.2.1	36.0	447	266	10	16	456	16	448	3.8e-58	222.2
BCW-200155_02587	gnl|TC-DB|Q07837|8.A.9.1.2	24.3	395	235	10	26	404	252	598	8.0e-26	114.8
BCW-200155_02599	gnl|TC-DB|Q8ID54|3.A.25.2.1	32.8	195	121	5	9	196	89	280	1.2e-18	90.1
BCW-200155_02607	gnl|TC-DB|Q9ZK21|1.C.82.1.1	50.2	227	113	0	3	229	4	230	9.2e-58	219.9
BCW-200155_02610	gnl|TC-DB|P0AG96|3.A.5.1.1	89.8	127	13	0	1	127	1	127	9.8e-54	205.7
BCW-200155_02615	gnl|TC-DB|P0ABC9|2.A.15.1.4	76.6	675	158	0	7	681	2	676	4.7e-304	1039.6
BCW-200155_02627	gnl|TC-DB|P0A917|1.B.6.2.1	73.1	175	43	1	2	176	1	171	2.8e-67	251.1
BCW-200155_02628	gnl|TC-DB|P0AA67|2.A.7.3.6	63.9	294	106	0	26	319	1	294	1.4e-99	359.4
BCW-200155_02633	gnl|TC-DB|P24584|3.A.1.101.1	73.3	258	69	0	1	258	1	258	3.7e-108	387.5
BCW-200155_02634	gnl|TC-DB|P24586|3.A.1.101.1	74.7	221	56	0	1	221	1	221	2.0e-99	358.2
BCW-200155_02636	gnl|TC-DB|P42217|9.A.41.1.2	38.1	265	150	3	104	362	391	647	5.8e-43	172.6
BCW-200155_02640	gnl|TC-DB|P42218|9.A.41.1.3	75.3	389	96	0	1	389	1	389	4.4e-183	637.1
BCW-200155_02641	gnl|TC-DB|P42217|9.A.41.1.2	66.0	676	225	2	1	675	1	672	8.7e-266	912.5
BCW-200155_02642	gnl|TC-DB|Q03961|1.B.18.1.2	75.7	559	134	2	1	558	1	558	3.3e-247	850.5
BCW-200155_02643	gnl|TC-DB|P42501|8.A.4.1.1	73.9	364	95	0	24	387	19	382	9.0e-151	529.6
BCW-200155_02646	gnl|TC-DB|P0AEQ3|3.A.1.3.2	83.5	248	40	1	1	247	1	248	1.9e-117	418.3
BCW-200155_02647	gnl|TC-DB|P0AEQ6|3.A.1.3.2	84.9	219	33	0	1	219	1	219	2.8e-101	364.4
BCW-200155_02648	gnl|TC-DB|P10346|3.A.1.3.2	89.2	240	26	0	1	240	1	240	3.0e-120	427.6
BCW-200155_02649	gnl|TC-DB|P75783|1.A.23.3.2	47.4	725	363	2	21	728	4	727	9.4e-181	630.2
BCW-200155_02658	gnl|TC-DB|P02932|1.B.1.1.2	61.5	369	124	3	1	369	1	351	1.6e-128	455.7
BCW-200155_02660	gnl|TC-DB|Q9S215|3.A.1.14.22	34.7	259	164	4	14	268	17	274	2.6e-35	145.6
BCW-200155_02661	gnl|TC-DB|A8GDS7|3.A.1.14.16	37.0	311	189	2	51	360	28	332	2.5e-46	182.6
BCW-200155_02662	gnl|TC-DB|P25737|2.A.3.1.2	86.7	480	64	0	12	491	10	489	8.8e-244	839.0
BCW-200155_02664	gnl|TC-DB|P62723|2.A.98.1.3	65.4	335	109	2	31	365	17	344	2.1e-112	402.1
BCW-200155_02666	gnl|TC-DB|P20966|4.A.2.1.1	77.4	567	122	3	1	565	1	563	3.1e-208	721.1
BCW-200155_02668	gnl|TC-DB|P69811|4.A.2.1.1	70.5	376	111	0	1	376	1	376	3.1e-148	521.2
BCW-200155_02669	gnl|TC-DB|Q9S3K0|2.A.1.20.4	70.7	379	111	0	1	379	15	393	6.7e-154	540.0
BCW-200155_02677	gnl|TC-DB|E9RJ18|3.A.7.13.2	35.8	106	59	3	85	181	254	359	1.4e-11	66.2
BCW-200155_02679	gnl|TC-DB|Q8ZNK0|3.A.1.5.24	65.1	601	210	0	1	601	1	601	3.1e-243	837.4
BCW-200155_02680	gnl|TC-DB|Q7CQ74|3.A.1.5.24	80.2	364	71	1	1	363	1	364	8.7e-164	572.8
BCW-200155_02681	gnl|TC-DB|P33915|3.A.1.5.21	69.0	336	104	0	5	340	3	338	3.2e-131	464.5
BCW-200155_02682	gnl|TC-DB|P33916|3.A.1.5.21	71.6	525	147	2	6	528	5	529	5.7e-204	706.8
BCW-200155_02691	gnl|TC-DB|Q9RPV1|2.A.1.14.9	32.1	420	261	10	12	413	35	448	2.7e-45	179.5
BCW-200155_02692	gnl|TC-DB|P28246|2.A.1.2.7	66.1	395	134	0	1	395	1	395	1.8e-146	515.4
BCW-200155_02701	gnl|TC-DB|O33918|5.A.1.5.1	53.6	681	257	7	1	679	1	624	4.7e-195	677.6
BCW-200155_02706	gnl|TC-DB|F4MY44|1.B.1.1.16	67.0	379	109	5	1	375	1	367	5.3e-140	493.8
BCW-200155_02710	gnl|TC-DB|Q9I2M0|3.A.1.109.4	41.7	367	209	4	20	383	29	393	9.2e-79	290.4
BCW-200155_02711	gnl|TC-DB|Q9I2M1|3.A.1.109.4	40.1	646	370	8	75	715	83	716	6.9e-120	427.9
BCW-200155_02714	gnl|TC-DB|F2WVP9|2.A.1.60.3	48.4	368	187	3	24	390	8	373	2.0e-81	299.3
BCW-200155_02720	gnl|TC-DB|P45508|1.B.12.1.5	52.4	1247	561	15	25	1262	28	1250	1.2e-300	1029.2
BCW-200155_02725	gnl|TC-DB|Q8XE01|1.B.68.1.1	67.0	182	59	1	10	191	7	187	2.6e-66	248.1
BCW-200155_02735	gnl|TC-DB|P0AFF0|3.D.1.1.1	82.9	486	82	1	1	486	1	485	2.5e-222	767.7
BCW-200155_02736	gnl|TC-DB|P0AFE8|3.D.1.1.1	86.9	512	61	2	1	509	1	509	3.8e-258	886.7
BCW-200155_02737	gnl|TC-DB|P33607|3.D.1.1.1	82.0	615	108	1	1	615	1	612	3.3e-288	986.9
BCW-200155_02738	gnl|TC-DB|P0AFE4|3.D.1.1.1	68.0	100	32	0	1	100	1	100	2.1e-27	117.9
BCW-200155_02739	gnl|TC-DB|P0AFE0|3.D.1.1.1	75.4	187	42	2	1	186	1	184	1.1e-66	249.2
BCW-200155_02740	gnl|TC-DB|P0AFD6|3.D.1.1.1	91.7	180	15	0	1	180	1	180	3.4e-84	307.4
BCW-200155_02741	gnl|TC-DB|P0AFD4|3.D.1.1.1	88.6	325	37	0	1	325	1	325	4.9e-166	580.1
BCW-200155_02742	gnl|TC-DB|P33602|3.D.1.1.1	76.0	908	218	0	1	908	1	908	0.0e+00	1437.9
BCW-200155_02743	gnl|TC-DB|P31979|3.D.1.1.1	89.5	448	43	3	6	453	2	445	6.9e-243	835.9
BCW-200155_02744	gnl|TC-DB|P0AFD1|3.D.1.1.1	89.0	154	17	0	24	177	12	165	2.1e-78	288.1
BCW-200155_02745	gnl|TC-DB|P33599|3.D.1.1.1	89.6	599	59	1	1	599	1	596	0.0e+00	1137.5
BCW-200155_02746	gnl|TC-DB|P0AFC7|3.D.1.1.1	89.3	224	20	1	1	224	1	220	2.6e-118	421.0
BCW-200155_02747	gnl|TC-DB|P0AFC3|3.D.1.1.1	85.5	131	19	0	1	131	1	131	2.6e-58	221.1
BCW-200155_02751	gnl|TC-DB|P0AFU2|2.A.47.4.8	70.7	610	179	0	1	610	1	610	3.3e-248	854.0
BCW-200155_02759	gnl|TC-DB|B7LDR9|4.A.7.1.2	62.7	410	152	1	12	421	10	418	2.5e-144	508.4
BCW-200155_02760	gnl|TC-DB|B7LDS2|4.A.7.1.2	43.5	85	46	1	1	83	1	85	1.8e-12	68.2
BCW-200155_02761	gnl|TC-DB|B7LDS1|4.A.7.1.2	49.0	147	75	0	1	147	1	147	2.3e-38	154.8
BCW-200155_02766	gnl|TC-DB|P75799|3.A.1.5.11	80.2	303	55	1	3	305	5	302	8.8e-125	443.0
BCW-200155_02767	gnl|TC-DB|P75798|3.A.1.5.11	78.4	306	66	0	1	306	1	306	1.6e-131	465.3
BCW-200155_02768	gnl|TC-DB|P75797|3.A.1.5.11	74.0	508	132	0	11	518	5	512	1.1e-223	772.3
BCW-200155_02769	gnl|TC-DB|P75796|3.A.1.5.11	69.9	614	181	2	1	611	1	613	8.0e-234	806.2
BCW-200155_02774	gnl|TC-DB|Q8ID54|3.A.25.2.1	32.1	215	122	4	14	214	89	293	1.9e-24	109.4
BCW-200155_02775	gnl|TC-DB|Q83XH1|3.A.1.121.4	47.3	526	276	1	1	526	1	525	2.0e-140	495.7
BCW-200155_02776	gnl|TC-DB|P0A927|1.B.10.1.1	76.8	285	63	3	1	284	12	294	2.8e-133	471.1
BCW-200155_02779	gnl|TC-DB|G8WDN3|2.A.7.21.5	64.1	145	52	0	6	150	1	145	4.1e-43	170.6
BCW-200155_02780	gnl|TC-DB|G8WDN2|2.A.7.21.5	66.9	142	47	0	1	142	1	142	2.0e-47	184.9
BCW-200155_02782	gnl|TC-DB|Q07837|8.A.9.1.2	44.7	132	72	1	4	135	109	239	8.6e-33	136.3
BCW-200155_02789	gnl|TC-DB|P0AFL1|3.A.1.11.2	83.6	280	46	0	1	280	1	280	3.3e-126	447.6
BCW-200155_02790	gnl|TC-DB|P31135|3.A.1.11.2	75.9	315	76	0	1	315	1	315	1.0e-136	482.6
BCW-200155_02791	gnl|TC-DB|P31134|3.A.1.11.2	89.7	377	39	0	1	377	1	377	1.2e-195	678.7
BCW-200155_02792	gnl|TC-DB|P31133|3.A.1.11.2	83.5	370	60	1	1	369	1	370	4.5e-184	640.2
BCW-200155_02798	gnl|TC-DB|A7ZJR5|2.A.81.1.4	77.8	559	124	0	1	559	1	559	4.7e-241	830.1
BCW-200155_02801	gnl|TC-DB|F4MY44|1.B.1.1.16	69.3	371	108	3	1	369	1	367	1.4e-148	522.3
BCW-200155_02805	gnl|TC-DB|P94571|9.B.105.1.3	29.9	164	109	3	4	166	1	159	2.0e-13	72.4
BCW-200155_02807	gnl|TC-DB|P0ACX0|9.B.72.1.2	66.4	110	37	0	3	112	2	111	6.7e-38	152.9
BCW-200155_02811	gnl|TC-DB|P16482|2.A.1.6.1	38.8	389	232	4	30	413	36	423	1.3e-70	263.5
BCW-200155_02815	gnl|TC-DB|P31435|2.A.2.3.4	78.8	453	96	0	1	453	1	453	2.7e-207	717.6
BCW-200155_02819	gnl|TC-DB|P0AGI4|3.A.1.2.4	82.8	372	64	0	28	399	22	393	6.4e-160	560.1
BCW-200155_02820	gnl|TC-DB|P37388|3.A.1.2.4	73.1	505	135	1	10	513	4	508	1.7e-213	738.4
BCW-200155_02821	gnl|TC-DB|P37387|3.A.1.2.4	82.4	330	58	0	2	331	1	330	2.4e-152	534.6
BCW-200155_02826	gnl|TC-DB|P76142|3.A.1.2.8	83.2	340	55	1	2	339	1	340	1.2e-162	568.9
BCW-200155_02827	gnl|TC-DB|P0AFS1|3.A.1.2.8	76.2	320	76	0	6	325	4	323	2.6e-125	444.9
BCW-200155_02828	gnl|TC-DB|P77672|3.A.1.2.8	76.7	335	76	1	1	335	1	333	6.8e-137	483.4
BCW-200155_02829	gnl|TC-DB|P77257|3.A.1.2.8	64.0	500	179	1	17	515	11	510	1.2e-174	609.4
BCW-200155_02832	gnl|TC-DB|P0A712|2.A.10.1.2	86.5	319	43	0	1	319	1	319	2.1e-148	521.5
BCW-200155_02848	gnl|TC-DB|Q07711|3.A.7.7.1	24.4	557	365	18	102	622	101	637	1.5e-28	124.8
BCW-200155_02850	gnl|TC-DB|M4VAL8|8.A.21.2.4	30.1	166	113	2	135	297	74	239	5.6e-11	65.1
BCW-200155_02867	gnl|TC-DB|P0A915|1.B.39.1.6	61.0	205	79	1	7	210	8	212	1.6e-72	268.9
BCW-200155_02871	gnl|TC-DB|P02929|2.C.1.1.1	68.1	235	72	3	10	243	7	239	1.8e-24	109.4
BCW-200155_02877	gnl|TC-DB|P08007|3.A.1.5.1	85.6	334	48	0	12	345	1	334	2.3e-166	581.3
BCW-200155_02878	gnl|TC-DB|P76027|3.A.1.5.41	91.2	319	28	0	23	341	19	337	6.7e-166	579.7
BCW-200155_02879	gnl|TC-DB|P0AFH6|3.A.1.5.41	93.0	302	21	0	1	302	1	302	2.2e-136	481.5
BCW-200155_02880	gnl|TC-DB|P08005|3.A.1.5.1	90.8	306	28	0	1	306	1	306	7.1e-143	503.1
BCW-200155_02881	gnl|TC-DB|P06202|3.A.1.5.1	80.6	546	103	2	1	546	1	543	8.2e-259	889.0
BCW-200155_02882	gnl|TC-DB|P25743|2.A.95.1.7	82.2	214	38	0	1	214	1	214	6.4e-90	326.6
BCW-200155_02893	gnl|TC-DB|P75796|3.A.1.5.11	58.2	601	244	3	14	608	12	611	9.7e-192	666.4
BCW-200155_02896	gnl|TC-DB|W0WLZ1|3.A.1.5.39	29.4	514	313	14	1	478	1	500	9.8e-44	174.5
BCW-200155_02897	gnl|TC-DB|P75798|3.A.1.5.11	51.1	305	149	0	1	305	1	305	7.0e-82	300.4
BCW-200155_02898	gnl|TC-DB|P75799|3.A.1.5.11	41.9	291	163	2	3	287	10	300	4.0e-55	211.5
BCW-200155_02903	gnl|TC-DB|Q8RCC4|3.A.1.3.27	29.1	268	174	4	1	263	1	257	1.0e-20	97.1
BCW-200155_02904	gnl|TC-DB|Q9F3K6|3.A.1.3.24	40.1	252	122	3	9	235	64	311	1.2e-36	149.8
BCW-200155_02905	gnl|TC-DB|P10346|3.A.1.3.2	53.6	239	111	0	7	245	1	239	3.2e-69	258.1
BCW-200155_02916	gnl|TC-DB|Q55487|4.D.2.1.9	38.6	306	179	5	7	310	5	303	1.0e-51	200.3
BCW-200155_02923	gnl|TC-DB|K0WKG7|4.F.1.1.8	62.1	174	64	1	4	175	2	175	1.0e-51	199.5
BCW-200155_02934	gnl|TC-DB|P0AAE0|2.A.3.1.7	83.7	459	74	1	1	459	1	458	1.5e-216	748.4
BCW-200155_02945	gnl|TC-DB|P75892|2.A.40.1.3	75.3	437	108	0	1	437	1	437	1.5e-181	632.1
BCW-200155_02947	gnl|TC-DB|B1W1M1|3.A.1.5.37	33.7	312	197	3	1	307	1	307	3.1e-40	162.2
BCW-200155_02948	gnl|TC-DB|P77463|3.A.1.5.38	44.1	222	124	0	62	283	65	286	1.3e-40	163.3
BCW-200155_02949	gnl|TC-DB|Q9F9T4|3.A.1.5.23	43.3	552	278	7	13	533	18	565	1.8e-120	429.5
BCW-200155_02957	gnl|TC-DB|P39649|2.A.7.3.4	29.7	290	193	5	13	301	8	287	1.4e-26	116.7
BCW-200155_02960	gnl|TC-DB|E0LV84|2.A.85.1.4	52.9	682	319	2	1	681	1	681	1.1e-207	719.5
BCW-200155_02964	gnl|TC-DB|P75901|2.A.108.2.3	35.5	256	160	3	1	252	1	255	1.9e-37	153.7
BCW-200155_02977	gnl|TC-DB|Q51955|2.A.1.15.1	46.6	429	223	4	7	431	12	438	2.3e-105	379.0
BCW-200155_02981	gnl|TC-DB|P15078|2.A.114.1.1	61.4	681	253	5	5	677	3	681	2.6e-233	804.7
BCW-200155_02989	gnl|TC-DB|A8H4W6|3.A.1.2.15	28.1	313	210	4	13	312	27	337	2.7e-28	122.5
BCW-200155_02990	gnl|TC-DB|Q1M4Q8|3.A.1.2.16	33.3	324	198	7	3	314	19	336	2.7e-39	159.1
BCW-200155_02991	gnl|TC-DB|Q9X051|3.A.1.2.19	39.8	502	289	8	12	503	10	508	1.2e-99	360.1
BCW-200155_03000	gnl|TC-DB|O52718|2.A.1.18.1	45.5	407	219	3	16	421	5	409	3.9e-102	368.2
BCW-200155_03003	gnl|TC-DB|P77304|2.A.17.1.2	28.6	472	316	9	23	485	26	485	1.2e-51	200.7
BCW-200155_03017	gnl|TC-DB|Q9KIH3|2.A.1.3.18	30.1	519	356	3	3	517	2	517	5.3e-66	248.4
BCW-200155_03018	gnl|TC-DB|C5W790|2.A.1.3.36	31.0	355	218	7	16	367	8	338	4.2e-28	122.1
BCW-200155_03020	gnl|TC-DB|Q01674|1.B.14.1.17	67.5	716	216	7	1	705	1	710	4.4e-281	963.4
BCW-200155_03037	gnl|TC-DB|Q0ZAH6|2.A.36.6.4	25.5	451	261	15	1	438	1	389	3.6e-13	72.8
BCW-200155_03038	gnl|TC-DB|P39832|3.A.1.15.5	75.7	259	63	0	1	259	1	259	1.5e-96	349.0
BCW-200155_03039	gnl|TC-DB|P0A9X1|3.A.1.15.5	76.8	250	58	0	1	250	1	250	1.5e-109	392.1
BCW-200155_03040	gnl|TC-DB|P39172|3.A.1.15.5	69.6	309	93	1	1	309	1	308	4.4e-108	387.5
BCW-200155_03041	gnl|TC-DB|B7L5V2|1.A.34.1.3	40.0	210	120	2	203	412	14	217	2.4e-38	156.4
BCW-200155_03043	gnl|TC-DB|P0AEY8|2.A.1.2.19	54.8	392	177	0	9	400	9	400	2.8e-118	421.8
BCW-200155_03055	gnl|TC-DB|P69451|4.C.1.1.4	79.1	561	116	1	1	561	1	560	1.0e-264	908.7
BCW-200155_03065	gnl|TC-DB|Q1DBZ0|2.A.86.2.2	29.4	350	227	7	12	352	14	352	3.4e-22	102.4
BCW-200155_03067	gnl|TC-DB|P0A6M2|5.A.2.1.1	68.2	176	56	0	1	176	1	176	2.9e-72	267.7
BCW-200155_03068	gnl|TC-DB|P0AFA7|2.A.34.1.1	65.8	514	173	2	1	514	1	511	1.5e-180	629.0
BCW-200155_03073	gnl|TC-DB|P31462|2.A.1.2.22	32.5	382	245	5	4	384	1	370	9.3e-42	167.5
BCW-200155_03075	gnl|TC-DB|P76206|1.B.75.1.3	57.4	251	107	0	4	254	2	252	2.9e-81	298.1
BCW-200155_03079	gnl|TC-DB|P0A908|9.B.99.1.2	50.0	250	120	2	3	249	1	248	4.2e-69	257.7
BCW-200155_03080	gnl|TC-DB|P80874|8.A.5.1.4	36.0	197	107	6	17	198	16	208	3.5e-27	118.6
BCW-200155_03085	gnl|TC-DB|P0AG34|2.A.76.1.1	30.4	148	101	2	15	160	16	163	6.5e-12	67.4
BCW-200155_03090	gnl|TC-DB|Q07711|3.A.7.7.1	28.1	619	414	14	3	612	4	600	1.9e-68	256.9
BCW-200155_03094	gnl|TC-DB|Q9KN48|3.A.23.1.1	40.9	235	139	0	206	440	193	427	6.2e-46	181.8
BCW-200155_03097	gnl|TC-DB|P77348|3.A.1.5.1	72.5	530	145	1	15	544	9	537	2.0e-228	788.1
BCW-200155_03098	gnl|TC-DB|P76628|2.A.1.36.3	35.5	380	239	2	15	393	8	382	3.3e-55	212.2
BCW-200155_03100	gnl|TC-DB|Q9EYX5|1.A.35.4.1	62.7	327	122	0	1	327	1	327	6.3e-121	430.3
BCW-200155_03114	gnl|TC-DB|A3UWQ9|2.A.21.3.12	46.1	592	309	6	1	586	1	588	3.4e-141	498.4
BCW-200155_03120	gnl|TC-DB|Q8NTX0|2.A.1.1.53	29.6	223	145	6	10	223	30	249	1.2e-15	80.9
BCW-200155_03123	gnl|TC-DB|Q93N33|2.A.21.9.2	29.5	285	179	9	166	433	746	1025	8.5e-20	94.7
BCW-200155_03129	gnl|TC-DB|P39165|1.B.54.1.9	44.0	420	220	6	73	485	43	454	1.3e-88	323.6
BCW-200155_03132	gnl|TC-DB|P10903|2.A.1.8.1	77.4	464	103	2	1	463	1	463	3.4e-208	720.7
BCW-200155_03138	gnl|TC-DB|P77179|3.D.6.1.4	78.1	228	48	1	1	228	1	226	1.4e-90	328.9
BCW-200155_03139	gnl|TC-DB|P77285|3.D.6.1.4	63.6	206	74	1	1	206	1	205	5.0e-71	263.8
BCW-200155_03140	gnl|TC-DB|P76182|3.D.6.1.4	66.9	350	116	0	1	350	1	350	1.6e-138	488.8
BCW-200155_03141	gnl|TC-DB|P77611|3.D.6.1.4	67.8	475	148	2	5	479	1	470	6.6e-176	614.0
BCW-200155_03142	gnl|TC-DB|P77223|3.D.6.1.4	69.8	189	56	1	1	188	1	189	3.6e-60	227.6
BCW-200155_03143	gnl|TC-DB|P0A766|3.D.6.1.4	84.9	192	29	0	1	192	1	192	1.1e-83	305.8
BCW-200155_03145	gnl|TC-DB|P0ABP3|2.A.61.1.1	79.9	452	87	2	2	453	5	452	3.4e-189	657.5
BCW-200155_03148	gnl|TC-DB|P31435|2.A.2.3.4	42.0	450	258	3	5	453	3	450	6.0e-109	391.0
BCW-200155_03159	gnl|TC-DB|P52059|9.A.4.1.1	56.8	185	79	1	1	184	1	185	9.8e-55	209.5
BCW-200155_03162	gnl|TC-DB|P24559|3.A.15.2.1	44.6	343	179	3	1	343	1	332	7.2e-75	277.3
BCW-200155_03169	gnl|TC-DB|P0AEP1|2.A.1.1.1	83.1	456	77	0	8	463	6	461	9.6e-216	745.7
BCW-200155_03173	gnl|TC-DB|P25733|1.B.11.4.1	29.5	903	550	20	12	890	11	850	2.0e-100	363.6
BCW-200155_03186	gnl|TC-DB|P02920|2.A.1.5.1	82.0	410	74	0	1	410	1	410	4.1e-181	630.6
BCW-200155_03187	gnl|TC-DB|P0C0S1|1.A.23.2.1	62.1	280	106	0	1	280	1	280	3.7e-88	321.2
BCW-200155_03188	gnl|TC-DB|P11667|2.A.75.1.2	73.5	200	53	0	1	200	1	200	8.0e-82	299.7
BCW-200155_03208	gnl|TC-DB|Q9X051|3.A.1.2.19	40.6	503	284	6	14	507	12	508	5.4e-103	371.3
BCW-200155_03209	gnl|TC-DB|A8H4W6|3.A.1.2.15	34.2	339	196	5	2	321	13	343	5.5e-40	161.4
BCW-200155_03210	gnl|TC-DB|P0AFS1|3.A.1.2.8	27.3	315	199	4	32	334	9	305	1.1e-25	114.0
BCW-200155_03218	gnl|TC-DB|P67153|1.C.113.1.10	79.8	208	42	0	9	216	9	216	3.8e-90	327.4
BCW-200155_03228	gnl|TC-DB|P69831|4.A.5.1.1	83.4	446	74	0	1	446	1	446	9.7e-213	735.7
BCW-200155_03229	gnl|TC-DB|P37188|4.A.5.1.1	78.5	93	20	0	1	93	1	93	3.8e-39	156.8
BCW-200155_03230	gnl|TC-DB|P69828|4.A.5.1.1	57.9	145	61	0	6	150	4	148	2.6e-43	171.4
BCW-200155_03272	gnl|TC-DB|P0A937|1.B.33.1.3	79.3	111	23	0	3	113	1	111	4.3e-48	186.8
BCW-200155_03278	gnl|TC-DB|O00571|1.I.1.1.3	33.7	371	219	8	3	351	179	544	9.9e-45	177.6
BCW-200155_03280	gnl|TC-DB|F9VN10|3.D.10.1.4	35.3	536	309	13	22	533	7	528	2.4e-72	269.6
BCW-200155_03296	gnl|TC-DB|P77272|4.A.1.2.7	40.0	428	233	11	11	421	9	429	7.1e-70	261.2
BCW-200155_03324	gnl|TC-DB|Q47538|3.A.1.17.1	36.5	249	140	6	36	272	11	253	1.3e-39	159.8
BCW-200155_03334	gnl|TC-DB|P0AD99|2.A.26.1.10	74.1	437	112	1	1	437	1	436	2.8e-180	627.9
BCW-200155_03335	gnl|TC-DB|P0AAE2|2.A.3.1.23	83.0	447	76	0	20	466	6	452	5.6e-211	729.9
BCW-200155_03341	gnl|TC-DB|P0ADZ7|3.A.5.1.1	84.5	110	17	0	1	110	1	110	2.4e-48	187.6
BCW-200155_03342	gnl|TC-DB|P0AG90|2.A.6.4.1	83.1	604	102	0	1	604	12	615	9.4e-280	958.7
BCW-200155_03343	gnl|TC-DB|P0AG93|2.A.6.4.1	77.9	321	70	1	5	324	3	323	3.4e-135	477.6
BCW-200155_03352	gnl|TC-DB|P77735|8.A.5.1.6	71.6	324	92	0	1	324	1	324	2.2e-134	474.9
BCW-200155_03361	gnl|TC-DB|P77726|2.A.1.2.60	69.8	454	137	0	1	454	1	454	8.9e-174	606.3
BCW-200155_03363	gnl|TC-DB|P0ABJ6|3.D.4.5.1	66.1	109	36	1	1	109	1	108	1.1e-32	135.6
BCW-200155_03364	gnl|TC-DB|P0ABJ3|3.D.4.5.1	78.9	204	43	0	1	204	1	204	2.5e-91	331.3
BCW-200155_03365	gnl|TC-DB|P0ABI8|3.D.4.5.1	82.1	663	119	0	1	663	1	663	0.0e+00	1156.0
BCW-200155_03366	gnl|TC-DB|P0ABJ1|3.D.4.5.1	63.9	321	105	4	1	317	1	314	4.6e-108	387.5
BCW-200155_03367	gnl|TC-DB|P0AE16|2.A.1.25.2	72.2	489	135	1	1	489	1	488	4.9e-202	700.3
BCW-200155_03376	gnl|TC-DB|Q57134|3.A.11.2.2	55.0	60	27	0	66	125	51	110	2.9e-13	71.2
BCW-200155_03383	gnl|TC-DB|A7VN01|3.A.1.106.5	83.1	586	99	0	1	586	1	586	3.1e-280	960.3
BCW-200155_03384	gnl|TC-DB|A7VN02|3.A.1.106.5	81.2	584	110	0	6	589	1	584	1.1e-267	918.7
BCW-200155_03386	gnl|TC-DB|P69681|1.A.11.1.1	69.6	428	129	1	1	428	1	427	2.6e-159	558.1
BCW-200155_03390	gnl|TC-DB|P0AF52|2.A.40.7.5	34.7	432	270	4	22	444	16	444	9.4e-59	224.2
BCW-200155_03396	gnl|TC-DB|A1IQK5|3.A.1.15.10	46.0	237	127	1	34	270	1	236	2.3e-50	195.7
BCW-200155_03397	gnl|TC-DB|A1IQK4|3.A.1.15.10	57.2	278	118	1	4	281	4	280	2.0e-78	288.9
BCW-200155_03398	gnl|TC-DB|Q56952|3.A.1.15.4	31.1	280	189	3	10	287	28	305	1.5e-36	149.8
BCW-200155_03401	gnl|TC-DB|P31224|2.A.6.2.2	84.8	1048	158	1	1	1047	1	1048	0.0e+00	1722.6
BCW-200155_03402	gnl|TC-DB|P0AE06|8.A.1.6.1	74.7	395	96	1	1	391	1	395	5.1e-162	567.0
BCW-200155_03404	gnl|TC-DB|P77338|1.A.23.1.1	52.0	1104	526	3	22	1125	16	1115	2.7e-304	1041.2
BCW-200155_03419	gnl|TC-DB|D4ZZR3|9.B.34.1.3	41.8	170	93	3	251	414	227	396	3.9e-27	119.0
BCW-200155_03420	gnl|TC-DB|P39830|2.A.37.1.5	79.9	548	110	0	1	548	1	548	9.1e-245	842.4
BCW-200155_03421	gnl|TC-DB|P52067|2.A.1.35.1	76.4	386	90	1	18	403	21	405	1.9e-159	558.5
BCW-200155_03424	gnl|TC-DB|Q59385|3.A.3.5.5	67.8	838	263	3	3	840	4	834	0.0e+00	1079.7
BCW-200155_03427	gnl|TC-DB|P0AA53|8.A.21.2.2	84.6	299	44	1	4	302	2	298	4.4e-100	360.9
BCW-200155_03431	gnl|TC-DB|P0A9T8|3.A.1.122.15	75.0	228	57	0	1	228	1	228	1.1e-90	329.3
BCW-200155_03432	gnl|TC-DB|P77504|3.A.1.122.15	67.9	808	253	1	1	808	1	802	4.3e-312	1066.6
BCW-200155_03441	gnl|TC-DB|Q1J0W6|9.B.34.1.1	34.4	163	86	5	574	729	197	345	4.3e-16	83.2
BCW-200155_03442	gnl|TC-DB|Q5SMG8|1.A.26.1.2	31.2	343	225	6	142	478	110	447	5.2e-39	158.7
BCW-200155_03451	gnl|TC-DB|P0AGM7|2.A.40.1.1	87.0	423	55	0	1	423	1	423	2.6e-199	691.0
BCW-200155_03455	gnl|TC-DB|P0AFI9|2.A.86.1.1	69.5	347	106	0	1	347	1	347	1.5e-131	465.7
BCW-200155_03459	gnl|TC-DB|P0A903|1.B.33.1.3	64.5	341	120	1	15	355	5	344	1.9e-118	422.2
BCW-200155_03471	gnl|TC-DB|E3DBE3|2.A.6.2.48	78.2	1033	225	0	1	1033	1	1033	0.0e+00	1580.1
BCW-200155_03501	gnl|TC-DB|P30130|1.B.11.3.9	41.7	877	446	17	19	860	32	878	8.0e-184	640.6
BCW-200155_03514	gnl|TC-DB|P37597|2.A.1.2.62	30.7	381	247	7	16	389	11	381	1.3e-27	120.6
BCW-200155_03516	gnl|TC-DB|P37002|1.A.43.1.1	66.1	127	43	0	1	127	1	127	2.5e-41	164.5
BCW-200155_03522	gnl|TC-DB|Q9F3K6|3.A.1.3.24	46.8	269	137	4	31	299	29	291	7.3e-61	230.7
BCW-200155_03523	gnl|TC-DB|Q9F3K7|3.A.1.3.24	64.5	251	89	0	15	265	3	253	5.5e-91	330.5
BCW-200155_03524	gnl|TC-DB|P0A843|2.A.64.1.1	65.2	69	21	2	1	68	1	67	1.4e-14	74.7
BCW-200155_03530	gnl|TC-DB|P0ABG7|2.A.103.1.2	88.0	357	43	0	1	357	14	370	5.3e-174	606.7
BCW-200155_03536	gnl|TC-DB|P0ADC1|1.B.42.1.2	57.9	171	70	1	5	175	4	172	7.3e-54	206.8
BCW-200155_03539	gnl|TC-DB|P0AAG3|3.A.1.3.4	89.6	241	25	0	1	241	1	241	1.3e-120	428.7
BCW-200155_03540	gnl|TC-DB|P0AER5|3.A.1.3.4	82.5	223	39	0	1	223	1	223	8.8e-98	352.8
BCW-200155_03541	gnl|TC-DB|P0AER3|3.A.1.3.4	84.6	246	38	0	1	246	1	246	2.7e-116	414.5
BCW-200155_03542	gnl|TC-DB|P37902|3.A.1.3.4	78.5	302	60	2	1	298	1	301	2.0e-134	474.9
BCW-200155_03544	gnl|TC-DB|P0A2L3|9.A.40.1.2	84.6	292	45	0	1	292	1	292	4.9e-141	496.9
BCW-200155_03560	gnl|TC-DB|P09323|4.A.1.1.2	79.0	647	135	1	1	646	1	647	8.0e-277	949.1
BCW-200155_03562	gnl|TC-DB|P75733|1.B.25.1.13	73.0	460	113	5	20	473	14	468	1.3e-204	708.8
BCW-200155_03574	gnl|TC-DB|P03961|3.A.3.7.1	54.0	189	86	1	6	194	1	188	1.7e-44	175.6
BCW-200155_03575	gnl|TC-DB|P03960|3.A.3.7.1	80.5	687	128	1	1	687	1	681	1.2e-302	1035.0
BCW-200155_03576	gnl|TC-DB|P03959|3.A.3.7.1	75.7	556	135	0	1	556	1	556	2.1e-233	804.7
BCW-200155_03582	gnl|TC-DB|P21503|2.A.1.26.1	26.3	353	253	3	11	361	11	358	3.3e-25	112.8
BCW-200155_03588	gnl|TC-DB|Q9F288|1.B.12.5.10	31.5	845	497	12	225	1048	289	1072	9.4e-102	368.2
BCW-200155_03592	gnl|TC-DB|X5H3P0|3.D.10.1.6	54.0	589	261	5	7	588	12	597	3.2e-176	614.8
BCW-200155_03593	gnl|TC-DB|X5GWN5|3.D.10.1.6	53.0	234	103	5	4	236	27	254	1.8e-69	258.8
BCW-200155_03598	gnl|TC-DB|P0ABJ9|3.D.4.3.2	83.9	522	84	0	1	522	1	522	1.1e-255	878.6
BCW-200155_03599	gnl|TC-DB|P0ABK2|3.D.4.3.2	74.9	379	95	0	1	379	1	379	7.4e-166	579.7
BCW-200155_03600	gnl|TC-DB|P56100|9.B.85.1.1	77.8	36	8	0	1	36	1	36	6.6e-11	61.6
BCW-200155_03601	gnl|TC-DB|P0AAV0|8.A.79.1.1	62.5	96	36	0	1	96	1	96	1.6e-32	134.8
BCW-200155_03603	gnl|TC-DB|P0ABU9|1.A.30.2.2	87.3	228	29	0	1	228	1	228	3.6e-107	384.0
BCW-200155_03604	gnl|TC-DB|P0ABV8|1.A.30.2.2	82.5	143	24	1	1	143	1	142	1.8e-59	224.9
BCW-200155_03605	gnl|TC-DB|P19934|2.C.1.2.1	58.9	129	47	2	286	410	295	421	2.3e-32	136.3
BCW-200155_03606	gnl|TC-DB|P0A855|2.C.1.2.1	88.1	430	51	0	1	430	1	430	1.7e-137	485.7
BCW-200155_03607	gnl|TC-DB|C6EJJ6|2.C.1.2.1	81.5	173	29	1	1	170	1	173	8.7e-74	272.7
BCW-200155_03608	gnl|TC-DB|P45955|2.C.1.2.1	75.1	189	47	0	1	189	1	189	2.5e-59	225.3
BCW-200155_03613	gnl|TC-DB|P24520|4.B.1.1.1	76.4	237	56	0	2	238	1	237	8.5e-99	356.3
BCW-200155_03614	gnl|TC-DB|P75757|2.A.4.1.4	68.9	296	92	0	2	297	8	303	1.5e-114	409.1
BCW-200155_03624	gnl|TC-DB|A7BAX2|3.A.1.26.3	29.3	484	265	19	24	471	260	702	1.1e-23	107.8
BCW-200155_03626	gnl|TC-DB|A6T6J1|2.A.6.2.49	72.3	47	13	0	1	47	1	47	2.4e-11	63.5
BCW-200155_03627	gnl|TC-DB|P37329|3.A.1.8.1	68.6	255	79	1	1	254	1	255	3.4e-90	327.8
BCW-200155_03628	gnl|TC-DB|P0AF01|3.A.1.8.1	77.2	228	52	0	1	228	1	228	1.6e-94	342.0
BCW-200155_03629	gnl|TC-DB|P09833|3.A.1.8.1	68.4	351	110	1	1	351	1	350	3.0e-137	484.6
BCW-200155_03643	gnl|TC-DB|P36655|5.A.1.1.1	63.5	578	196	4	1	576	1	565	4.4e-202	700.7
BCW-200155_03644	gnl|TC-DB|P0ABN5|2.A.13.1.1	81.3	433	81	0	1	433	1	433	7.9e-188	652.9
BCW-200155_03658	gnl|TC-DB|P17596|3.D.10.1.3	28.2	220	153	5	5	219	3	222	9.7e-26	113.6
BCW-200155_03659	gnl|TC-DB|F9VN10|3.D.10.1.4	40.0	587	326	8	1	582	1	566	1.0e-108	390.6
BCW-200155_03661	gnl|TC-DB|P0AGM9|2.A.40.4.2	41.9	449	255	3	1	443	14	462	1.1e-96	350.1
BCW-200155_03663	gnl|TC-DB|P39285|1.A.23.1.3	68.2	1115	346	4	1	1115	1	1106	0.0e+00	1386.7
BCW-200155_03664	gnl|TC-DB|B0SM05|2.A.25.1.6	36.6	273	160	6	12	280	468	731	1.4e-41	166.8
BCW-200155_03687	gnl|TC-DB|M3JA40|1.B.52.2.1	33.9	174	92	6	489	647	289	454	1.3e-13	74.7
BCW-200155_03698	gnl|TC-DB|Q0PBV6|9.A.40.2.2	23.2	423	319	4	5	424	26	445	8.6e-36	147.9
BCW-200155_03700	gnl|TC-DB|P0ADE4|1.B.33.2.4	71.5	575	161	2	5	578	5	577	1.5e-247	851.7
BCW-200155_03701	gnl|TC-DB|P39321|9.B.22.1.2	61.6	1273	473	6	1	1271	1	1259	0.0e+00	1602.4
BCW-200155_03704	gnl|TC-DB|M3JA40|1.B.52.2.1	59.0	61	25	0	349	409	278	338	5.3e-13	72.4
BCW-200155_03716	gnl|TC-DB|E1ILD8|2.A.7.3.18	77.6	303	68	0	4	306	2	304	6.1e-129	456.8
BCW-200155_03724	gnl|TC-DB|P55072|3.A.16.1.1	43.9	228	127	1	151	377	473	700	2.8e-56	216.5
BCW-200155_03727	gnl|TC-DB|P0AG99|3.A.5.1.1	84.2	95	15	0	1	95	1	95	1.5e-37	151.8
BCW-200155_03738	gnl|TC-DB|P38919|3.A.18.1.1	34.7	378	245	2	4	380	35	411	3.8e-61	232.6
BCW-200155_03754	gnl|TC-DB|P37774|3.A.1.3.10	32.3	232	148	4	5	235	4	227	1.3e-19	93.2
BCW-200155_03755	gnl|TC-DB|P75796|3.A.1.5.11	33.7	267	164	5	7	261	7	272	2.5e-35	145.6
BCW-200155_03765	gnl|TC-DB|Q05839|8.A.9.1.1	30.2	520	290	9	5	497	107	580	8.4e-70	261.2
BCW-200155_03766	gnl|TC-DB|P36672|4.A.1.2.4	76.9	472	109	0	1	472	2	473	2.5e-211	731.1
BCW-200155_03768	gnl|TC-DB|P36640|3.A.3.4.1	69.2	903	273	2	2	900	1	902	0.0e+00	1205.3
BCW-200155_03773	gnl|TC-DB|P42601|2.A.109.1.7	75.6	316	77	0	2	317	1	316	2.4e-133	471.5
BCW-200155_03783	gnl|TC-DB|Q887X9|9.B.159.6.7	25.9	932	614	22	3	900	18	906	2.2e-51	200.7
BCW-200155_03788	gnl|TC-DB|P68183|3.A.1.1.1	86.8	296	39	0	1	296	1	296	3.3e-145	510.8
BCW-200155_03789	gnl|TC-DB|P02916|3.A.1.1.1	74.5	510	123	3	10	519	12	514	1.1e-215	745.7
BCW-200155_03790	gnl|TC-DB|P0AEX9|3.A.1.1.1	83.7	387	63	0	13	399	10	396	7.0e-199	689.5
BCW-200155_03792	gnl|TC-DB|P68187|3.A.1.1.1	87.1	371	46	1	1	369	1	371	1.7e-183	638.3
BCW-200155_03793	gnl|TC-DB|P02943|1.B.3.1.1	73.5	449	97	6	1	431	2	446	1.0e-195	679.1
BCW-200155_03821	gnl|TC-DB|Q54418|1.E.25.2.1	71.9	57	16	0	1	57	17	73	1.2e-18	88.2
BCW-200155_03826	gnl|TC-DB|D4I357|9.B.97.4.1	28.7	345	214	8	9	348	8	325	9.3e-17	84.3
BCW-200155_03848	gnl|TC-DB|P60782|9.B.31.1.1	82.4	205	36	0	1	205	1	205	3.5e-93	337.4
BCW-200155_03856	gnl|TC-DB|P39277|2.A.3.13.1	69.6	414	126	0	1	414	1	414	1.3e-158	555.8
BCW-200155_03862	gnl|TC-DB|P02930|1.B.17.1.1	79.0	499	97	3	1	497	1	493	1.1e-204	709.1
BCW-200155_03872	gnl|TC-DB|P36649|1.B.76.1.8	32.2	510	289	9	5	460	3	509	1.0e-63	240.7
BCW-200155_03873	gnl|TC-DB|P80874|8.A.5.1.4	26.9	197	121	7	17	192	15	209	5.6e-14	74.7
BCW-200155_03876	gnl|TC-DB|P0AA60|9.B.27.2.1	74.2	217	56	0	1	217	1	217	6.8e-87	316.6
BCW-200155_03878	gnl|TC-DB|Q8ZKS0|2.A.56.1.5	42.7	426	238	3	6	427	11	434	1.0e-86	317.0
BCW-200155_03880	gnl|TC-DB|Q930W1|2.A.56.1.7	24.8	302	216	7	4	299	5	301	8.7e-14	74.3
BCW-200155_03881	gnl|TC-DB|P0ABU7|1.A.30.2.1	69.2	240	74	0	76	315	5	244	8.5e-83	303.5
BCW-200155_03882	gnl|TC-DB|P0ABV2|1.A.30.2.1	69.3	140	43	0	1	140	1	140	8.8e-51	196.1
BCW-200155_03884	gnl|TC-DB|Q8FDB7|2.A.1.14.14	79.5	440	89	1	9	447	5	444	1.5e-205	711.8
BCW-200155_03889	gnl|TC-DB|Q93N33|2.A.21.9.2	27.3	359	219	10	264	597	752	1093	1.9e-18	91.3
BCW-200155_03896	gnl|TC-DB|P20166|4.A.1.1.9	47.6	519	250	9	11	515	4	514	1.8e-122	436.0
BCW-200155_03916	gnl|TC-DB|B7LEG0|1.A.34.1.2	60.4	381	108	4	1	340	1	379	1.2e-103	372.9
BCW-200155_03943	gnl|TC-DB|P09348|1.A.30.1.1	70.9	292	85	0	1	292	1	292	7.4e-113	403.3
BCW-200155_03944	gnl|TC-DB|P0AF06|1.A.30.1.1	53.7	281	129	1	1	280	1	281	5.0e-78	287.7
BCW-200155_03951	gnl|TC-DB|Q7VJ34|3.A.1.5.40	26.6	259	181	5	67	322	11	263	5.7e-11	65.9
BCW-200155_03954	gnl|TC-DB|Q9F349|3.A.1.5.35	37.9	261	156	3	9	263	5	265	4.7e-45	177.9
BCW-200155_03955	gnl|TC-DB|P63395|3.A.1.5.26	38.8	250	138	5	11	246	3	251	4.8e-34	141.4
BCW-200155_03967	gnl|TC-DB|P0AER0|1.A.8.1.1	66.8	262	87	0	4	265	6	267	1.4e-102	369.0
BCW-200155_03971	gnl|TC-DB|Q81JL2|9.B.33.1.1	29.8	238	153	5	179	405	340	574	1.1e-18	90.9
BCW-200155_03974	gnl|TC-DB|P08470|4.A.1.2.1	84.4	456	71	0	1	456	1	456	2.9e-217	750.7
BCW-200155_03975	gnl|TC-DB|P22340|1.B.3.1.2	68.1	423	131	2	105	526	86	505	9.6e-180	626.3
BCW-200155_03979	gnl|TC-DB|P16552|2.A.1.5.2	43.9	394	218	2	17	407	20	413	5.6e-90	327.8
BCW-200155_03982	gnl|TC-DB|Q01674|1.B.14.1.17	24.7	732	478	24	19	709	11	710	3.9e-43	172.9
BCW-200155_04007	gnl|TC-DB|P69937|2.A.7.1.4	52.9	104	49	0	1	104	1	104	1.6e-25	111.7
BCW-200155_04015	gnl|TC-DB|Q8KRT4|1.C.80.1.1	32.1	196	106	7	5	192	2	178	2.2e-12	68.9
BCW-200155_04016	gnl|TC-DB|P75750|1.B.11.2.2	43.2	803	444	9	33	832	21	814	5.4e-185	644.4
BCW-200155_04019	gnl|TC-DB|C5W790|2.A.1.3.36	38.4	297	183	0	1	297	42	338	2.6e-52	202.2
BCW-200155_04028	gnl|TC-DB|P42915|1.B.11.3.6	37.2	838	488	15	19	851	33	837	5.6e-145	511.5
BCW-200155_04036	gnl|TC-DB|D4ZZR3|9.B.34.1.3	30.9	307	193	7	71	374	105	395	2.2e-24	109.8
BCW-200155_04043	gnl|TC-DB|P16869|1.B.14.1.1	60.7	727	277	4	19	740	7	729	1.2e-260	895.6
BCW-200155_04055	gnl|TC-DB|P38134|8.A.3.3.1	61.5	696	266	1	15	708	16	711	3.7e-246	847.4
BCW-200155_04057	gnl|TC-DB|P0A932|1.B.18.3.8	70.6	377	111	0	1	377	1	377	1.0e-159	559.3
BCW-200155_04060	gnl|TC-DB|A8R5V4|3.A.3.2.41	48.4	890	450	5	15	902	3	885	1.2e-227	786.2
BCW-200155_04062	gnl|TC-DB|Q9KRG9|2.A.6.2.38	49.4	1009	507	2	7	1014	26	1031	1.1e-277	952.6
BCW-200155_04067	gnl|TC-DB|Q1D212|2.A.78.2.3	32.0	244	137	2	1	215	1	244	8.5e-29	123.6
BCW-200155_04069	gnl|TC-DB|P0AA47|2.A.3.1.14	82.8	453	77	1	1	453	1	452	5.7e-213	736.5
BCW-200155_04074	gnl|TC-DB|P30860|3.A.1.3.3	30.5	226	135	5	43	262	31	240	6.3e-26	114.4
BCW-200155_04075	gnl|TC-DB|P0AFT2|3.A.1.3.10	39.9	223	124	1	51	273	7	219	6.4e-34	141.0
BCW-200155_04086	gnl|TC-DB|P71879|2.A.1.3.49	30.2	400	270	3	15	413	16	407	1.6e-33	140.6
BCW-200155_04092	gnl|TC-DB|Q6XBY3|1.B.11.6.1	36.4	833	455	15	39	835	33	826	4.0e-143	505.4
BCW-200155_04105	gnl|TC-DB|P23516|2.A.52.1.1	53.4	328	150	2	16	341	23	349	6.4e-92	334.0
BCW-200155_04110	gnl|TC-DB|P0AE95|1.B.48.1.1	55.3	123	55	0	17	139	7	129	2.4e-37	151.4
BCW-200155_04111	gnl|TC-DB|P0AE98|1.B.48.1.1	70.3	128	35	2	10	136	6	131	6.0e-44	173.3
BCW-200155_04112	gnl|TC-DB|P0AEA2|1.B.48.1.1	82.7	277	48	0	1	277	1	277	4.8e-130	460.3
BCW-200155_04114	gnl|TC-DB|P45804|9.B.65.1.1	31.6	588	372	12	18	598	10	574	9.6e-67	251.1
BCW-200155_04118	gnl|TC-DB|F4LXP4|8.A.59.2.1	29.7	273	163	7	281	544	218	470	5.1e-25	112.5
BCW-200155_04120	gnl|TC-DB|G3IME2|9.B.35.1.2	34.7	118	74	2	20	135	25	141	1.8e-18	88.6
BCW-200155_04122	gnl|TC-DB|H5KWQ5|2.A.49.7.1	63.3	411	150	1	1	411	1	410	1.2e-143	506.1
BCW-200155_04124	gnl|TC-DB|Q8XG43|2.A.117.1.3	60.0	140	56	0	8	147	15	154	2.3e-44	174.9
BCW-200155_04127	gnl|TC-DB|P63144|8.A.5.1.3	33.1	314	196	8	6	311	64	371	2.4e-43	172.6
BCW-200155_04129	gnl|TC-DB|P0A769|2.A.55.3.1	82.6	407	70	1	1	406	1	407	2.8e-179	624.4
BCW-200155_04130	gnl|TC-DB|P0AFF2|2.A.41.1.1	83.2	400	61	2	1	394	1	400	1.3e-173	605.5
BCW-200155_04133	gnl|TC-DB|P35839|1.A.16.2.1	39.2	283	141	6	2	259	4	280	5.7e-40	161.0
BCW-200155_04145	gnl|TC-DB|P39836|2.A.28.3.4	73.8	320	83	1	6	325	8	326	1.1e-125	446.0
BCW-200155_04149	gnl|TC-DB|P0A6J3|2.A.121.1.1	74.8	246	62	0	1	246	1	246	9.2e-107	382.9
BCW-200155_04151	gnl|TC-DB|P0AA04|8.A.8.1.1	96.5	85	3	0	1	85	1	85	2.0e-39	157.5
BCW-200155_04152	gnl|TC-DB|P08839|8.A.7.1.1	87.3	575	73	0	1	575	1	575	1.1e-282	968.4
BCW-200155_04153	gnl|TC-DB|Q8L3C4|4.A.3.2.5	95.9	169	7	0	1	169	1	169	2.0e-86	314.7
BCW-200155_04157	gnl|TC-DB|P16676|3.A.1.6.1	77.2	368	77	2	1	364	1	365	9.6e-163	569.3
BCW-200155_04158	gnl|TC-DB|P0AEB0|3.A.1.6.1	75.3	291	72	0	1	291	1	291	3.7e-125	444.1
BCW-200155_04159	gnl|TC-DB|P16701|3.A.1.6.1	86.1	273	38	0	3	275	4	276	1.9e-126	448.4
BCW-200155_04160	gnl|TC-DB|P16700|3.A.1.6.1	75.6	324	78	1	15	338	14	336	3.0e-142	501.1
BCW-200155_04163	gnl|TC-DB|P76538|9.B.127.1.1	52.5	139	65	1	2	140	7	144	9.6e-37	149.4
BCW-200155_04174	gnl|TC-DB|P0A9T4|8.A.5.1.5	31.3	329	201	4	1	305	1	328	1.3e-35	146.7
BCW-200155_04175	gnl|TC-DB|P36554|2.A.1.3.26	71.6	468	132	1	15	482	4	470	3.2e-185	644.4
BCW-200155_04181	gnl|TC-DB|Q6D188|2.A.2.5.2	44.1	501	269	3	6	496	2	501	9.7e-116	413.7
BCW-200155_04187	gnl|TC-DB|P37489|2.A.1.14.39	24.6	419	306	6	6	420	20	432	2.6e-34	142.9
BCW-200155_04189	gnl|TC-DB|P31435|2.A.2.3.4	40.6	424	242	4	26	446	6	422	5.2e-76	281.6
BCW-200155_04205	gnl|TC-DB|P0AA78|2.A.1.14.2	45.2	414	226	1	16	428	42	455	1.6e-100	362.8
BCW-200155_04210	gnl|TC-DB|Q98L58|2.A.69.3.6	24.8	298	214	6	19	309	14	308	9.4e-13	70.9
BCW-200155_04212	gnl|TC-DB|P77774|1.B.33.1.3	74.0	393	101	1	1	393	1	392	2.3e-154	541.6
BCW-200155_04226	gnl|TC-DB|D7A5Z9|2.A.113.1.7	32.9	255	146	4	48	297	50	284	4.5e-29	125.2
BCW-200155_04229	gnl|TC-DB|Q47142|2.A.1.27.1	67.6	380	120	2	1	379	1	378	2.7e-147	518.1
BCW-200155_04236	gnl|TC-DB|Q9KN48|3.A.23.1.1	45.6	261	131	1	109	369	176	425	2.7e-58	222.6
BCW-200155_04249	gnl|TC-DB|Q9A197|3.A.1.14.14	32.2	242	163	1	8	248	4	245	3.0e-33	138.7
BCW-200155_04250	gnl|TC-DB|Q57130|3.A.1.14.11	40.2	331	190	6	21	347	7	333	1.9e-51	199.5
BCW-200155_04251	gnl|TC-DB|P37662|2.A.1.11.3	69.9	355	98	2	9	363	5	350	2.0e-135	478.8
BCW-200155_04259	gnl|TC-DB|D4ZZR3|9.B.34.1.3	39.2	171	92	3	356	517	226	393	3.4e-28	122.9
BCW-200155_04263	gnl|TC-DB|P31141|2.A.1.2.32	31.0	377	244	9	9	378	2	369	3.2e-21	99.4
BCW-200155_04267	gnl|TC-DB|Q6MDD6|3.A.7.16.1	36.8	193	78	5	181	358	329	492	4.2e-18	89.7
BCW-200155_04270	gnl|TC-DB|Q3YL97|1.B.20.1.3	57.9	487	203	1	66	550	100	586	2.2e-166	582.0
BCW-200155_04282	gnl|TC-DB|Q8CVM4|1.B.11.3.5	30.4	842	536	20	25	833	39	863	5.2e-111	398.7
BCW-200155_04285	gnl|TC-DB|C5W789|2.A.1.3.36	69.6	504	153	0	1	504	1	504	1.2e-192	669.1
BCW-200155_04286	gnl|TC-DB|C5W790|2.A.1.3.36	54.0	374	172	0	7	380	12	385	1.7e-109	392.5
BCW-200155_04293	gnl|TC-DB|C8U8G2|2.A.3.7.3	76.9	511	116	2	1	510	1	510	2.0e-222	768.1
BCW-200155_04303	gnl|TC-DB|P07021|1.B.6.1.21	48.6	144	73	1	21	163	14	157	4.5e-35	144.1
BCW-200155_04306	gnl|TC-DB|P0AAD6|2.A.42.2.1	80.8	427	80	2	1	425	1	427	2.4e-189	657.9
BCW-200155_04318	gnl|TC-DB|P27125|2.A.7.6.1	75.5	343	84	0	1	343	1	343	2.2e-148	521.5
BCW-200155_04319	gnl|TC-DB|P76330|9.B.34.1.4	36.9	206	118	5	150	346	357	559	1.2e-24	110.5
BCW-200155_04325	gnl|TC-DB|P0A9T4|8.A.5.1.5	29.3	351	192	14	1	309	1	337	8.5e-25	110.9
BCW-200155_04344	gnl|TC-DB|P24518|4.B.1.1.1	88.4	406	47	0	1	406	1	406	1.9e-218	754.6
BCW-200155_04350	gnl|TC-DB|P43672|3.A.1.120.6	34.2	512	326	5	21	527	18	523	5.3e-80	295.0
BCW-200155_04352	gnl|TC-DB|A8R5V4|3.A.3.2.41	49.2	896	439	6	21	911	2	886	1.1e-234	809.7
BCW-200155_04365	gnl|TC-DB|P30143|2.A.25.1.10	46.1	477	249	3	1	472	1	474	7.2e-110	394.0
BCW-200155_04368	gnl|TC-DB|Q5ZYB5|3.A.7.9.1	31.6	405	267	6	29	428	2	401	3.1e-49	192.6
BCW-200155_04369	gnl|TC-DB|P0AC98|2.A.96.1.1	70.4	186	55	0	1	186	1	186	2.4e-75	278.1
BCW-200155_04370	gnl|TC-DB|P0A6Y8|1.A.33.1.2	89.0	638	65	2	1	633	1	638	2.0e-314	1074.7
BCW-200155_04372	gnl|TC-DB|P13738|2.A.33.1.1	64.3	378	133	2	5	381	4	380	1.8e-127	452.2
BCW-200155_04377	gnl|TC-DB|B8I766|9.B.105.1.5	34.7	144	85	3	13	153	2	139	1.4e-15	79.3
BCW-200155_04381	gnl|TC-DB|B5Y0L3|1.B.1.1.18	75.5	384	88	3	2	382	1	381	1.3e-173	605.5
BCW-200155_04386	gnl|TC-DB|P0A754|2.A.37.1.1	70.1	167	50	0	13	179	1	167	2.5e-72	268.1
BCW-200155_04387	gnl|TC-DB|P03819|2.A.37.1.1	71.4	612	170	3	1	610	1	609	5.5e-235	810.1
BCW-200155_04388	gnl|TC-DB|G4NXW2|2.A.76.1.8	32.5	212	132	3	2	204	1	210	4.5e-24	107.8
BCW-200155_04389	gnl|TC-DB|Q8FA71|2.A.79.2.1	70.5	254	75	0	15	268	23	276	5.6e-99	357.1
BCW-200155_04397	gnl|TC-DB|P31554|1.B.42.1.2	64.2	782	267	7	1	777	8	781	2.6e-306	1047.3
BCW-200155_04399	gnl|TC-DB|Q7BS42|1.B.12.4.5	41.6	526	260	15	19	529	53	546	1.9e-93	340.9
BCW-200155_04404	gnl|TC-DB|P31548|3.A.1.19.1	65.2	230	80	0	1	230	1	230	4.9e-83	303.9
BCW-200155_04405	gnl|TC-DB|P31549|3.A.1.19.1	72.4	536	148	0	1	536	1	536	1.3e-216	748.8
BCW-200155_04406	gnl|TC-DB|P31550|3.A.1.19.1	74.6	327	82	1	1	327	2	327	2.8e-145	511.1
BCW-200155_04409	gnl|TC-DB|P31675|2.A.1.20.1	66.8	383	127	0	5	387	10	392	3.1e-143	504.6
BCW-200155_04417	gnl|TC-DB|Q9XIA9|4.C.1.1.14	27.2	589	392	12	38	598	80	659	1.8e-57	220.3
BCW-200155_04427	gnl|TC-DB|P0A6W3|9.B.146.1.6	92.2	360	28	0	1	360	1	360	2.3e-193	671.0
BCW-200155_04429	gnl|TC-DB|P0ABG4|2.A.103.1.1	76.9	403	89	1	4	402	12	414	2.2e-176	614.8
BCW-200155_04439	gnl|TC-DB|P10408|3.A.5.1.1	87.1	904	114	2	1	904	1	901	0.0e+00	1525.8
BCW-200155_04445	gnl|TC-DB|P22609|3.A.15.2.1	30.6	376	252	4	37	406	2	374	3.5e-44	175.6
BCW-200155_04446	gnl|TC-DB|P22608|3.A.15.2.1	45.0	487	251	7	20	491	80	564	2.4e-108	389.0
BCW-200155_04450	gnl|TC-DB|P0AE14|9.B.125.1.1	64.8	284	100	0	1	284	1	284	9.3e-105	376.3
BCW-200155_04452	gnl|TC-DB|P31435|2.A.2.3.4	42.2	453	259	3	1	452	1	451	5.1e-111	397.9
BCW-200155_04453	gnl|TC-DB|P15993|2.A.3.1.3	86.0	456	63	1	1	456	2	456	2.2e-220	761.1
BCW-200155_04460	gnl|TC-DB|Q8TZQ3|3.A.1.1.16	49.1	271	127	3	1	265	1	266	2.6e-67	252.3
BCW-200155_04461	gnl|TC-DB|Q44382|3.A.1.11.3	29.1	258	175	5	18	273	32	283	5.0e-21	98.2
BCW-200155_04462	gnl|TC-DB|H2JXL5|3.A.1.19.3	25.6	203	142	1	57	250	32	234	2.6e-11	65.9
BCW-200155_04466	gnl|TC-DB|P30130|1.B.11.3.9	39.1	868	488	17	5	837	17	878	3.4e-163	572.0
BCW-200155_04473	gnl|TC-DB|Q8R706|2.A.3.3.22	27.5	447	279	15	12	428	28	459	1.2e-16	84.3
BCW-200155_04477	gnl|TC-DB|P46136|2.A.7.17.2	40.2	286	171	0	5	290	6	291	3.2e-60	228.4
BCW-200155_04481	gnl|TC-DB|P0AA95|8.A.2.1.3	68.1	113	36	0	1	113	1	113	6.2e-39	156.4
BCW-200155_04482	gnl|TC-DB|P36649|1.B.76.1.8	63.0	532	181	3	1	532	1	516	4.1e-194	674.1
BCW-200155_04483	gnl|TC-DB|P56579|4.A.4.1.1	87.4	182	23	0	1	182	1	182	1.7e-91	331.6
BCW-200155_04484	gnl|TC-DB|P56580|4.A.4.1.1	78.8	325	60	2	5	329	4	319	1.1e-136	482.6
BCW-200155_04485	gnl|TC-DB|P05706|4.A.4.1.1	69.5	118	36	0	1	118	1	118	4.3e-43	170.2
BCW-200155_04496	gnl|TC-DB|Q8F8H7|2.A.53.3.8	46.1	193	103	1	3	194	540	732	1.5e-54	209.1
BCW-200155_04497	gnl|TC-DB|P36879|3.A.1.105.17	84.7	301	46	0	1	301	1	301	2.9e-144	507.7
BCW-200155_04498	gnl|TC-DB|P0AFN6|3.A.1.105.17	83.2	256	43	0	1	256	1	256	2.5e-117	417.9
BCW-200155_04512	gnl|TC-DB|P06971|1.B.14.1.2	57.4	753	273	10	19	742	14	747	3.3e-242	834.3
BCW-200155_04513	gnl|TC-DB|P07821|3.A.1.14.3	81.3	257	48	0	14	270	9	265	9.8e-120	426.0
BCW-200155_04514	gnl|TC-DB|P07822|3.A.1.14.3	51.6	287	138	1	10	296	7	292	4.8e-83	304.3
BCW-200155_04515	gnl|TC-DB|P06972|3.A.1.14.3	64.7	643	225	2	20	662	20	660	2.9e-234	807.7
BCW-200155_04517	gnl|TC-DB|A8ALD3|2.A.49.5.5	73.1	457	123	0	21	477	17	473	7.5e-187	649.8
BCW-200155_04520	gnl|TC-DB|Q8ZRP7|3.A.1.13.1	54.4	259	114	2	8	266	9	263	1.5e-75	279.3
BCW-200155_04525	gnl|TC-DB|C4ZZU4|2.A.1.14.40	83.1	445	75	0	1	445	1	445	1.8e-219	758.1
BCW-200155_04528	gnl|TC-DB|P54702|3.A.6.2.1	65.1	261	91	0	1	261	1	261	4.0e-94	340.9
BCW-200155_04529	gnl|TC-DB|P0A1L5|3.A.6.2.1	82.0	89	16	0	1	89	1	89	2.3e-33	137.5
BCW-200155_04530	gnl|TC-DB|P54700|3.A.6.2.1	81.2	245	46	0	10	254	1	245	4.6e-103	370.5
BCW-200155_04531	gnl|TC-DB|P0A1L1|3.A.6.2.1	52.8	123	53	3	21	143	7	124	6.0e-23	103.6
BCW-200155_04532	gnl|TC-DB|P26419|3.A.6.2.1	78.3	138	29	1	1	138	1	137	2.0e-52	201.4
BCW-200155_04537	gnl|TC-DB|P26465|3.A.6.2.1	85.0	454	67	1	1	453	1	454	3.9e-214	740.3
BCW-200155_04538	gnl|TC-DB|P15934|3.A.6.2.1	71.5	130	37	0	127	256	106	235	4.5e-50	194.5
BCW-200155_04540	gnl|TC-DB|P15928|3.A.6.2.1	61.4	567	210	4	1	567	1	558	4.5e-183	637.5
BCW-200155_04543	gnl|TC-DB|W9BH30|1.A.46.2.8	58.4	305	123	2	23	323	1	305	1.2e-92	336.3
BCW-200155_04552	gnl|TC-DB|P0AE42|9.B.12.2.1	74.5	51	13	0	1	51	1	51	1.9e-19	90.5
BCW-200155_04562	gnl|TC-DB|P0AEM9|3.A.1.3.10	77.4	266	60	0	1	266	1	266	1.3e-116	415.6
BCW-200155_04563	gnl|TC-DB|P0AFT2|3.A.1.3.10	82.8	221	38	0	1	221	1	221	1.1e-100	362.5
BCW-200155_04564	gnl|TC-DB|P37774|3.A.1.3.10	80.6	248	48	0	1	248	1	248	5.5e-109	390.2
BCW-200155_04565	gnl|TC-DB|Q8FHC1|2.A.49.5.3	32.4	413	263	11	19	422	5	410	1.5e-32	137.5
BCW-200155_04567	gnl|TC-DB|P09152|5.A.3.1.1	84.1	1249	196	2	1	1249	1	1247	0.0e+00	2272.3
BCW-200155_04568	gnl|TC-DB|P11349|5.A.3.1.1	84.9	509	76	1	1	508	1	509	3.1e-268	920.2
BCW-200155_04570	gnl|TC-DB|P11350|5.A.3.1.1	76.1	222	53	0	4	225	3	224	8.8e-98	352.8
BCW-200155_04583	gnl|TC-DB|Q7AA53|2.A.6.8.2	56.6	751	321	3	20	767	1	749	1.7e-233	805.4
BCW-200155_04591	gnl|TC-DB|P77389|2.A.1.2.65	42.6	380	203	6	5	379	7	376	5.6e-68	254.6
BCW-200155_04601	gnl|TC-DB|P94575|2.A.39.3.4	32.6	472	311	4	25	492	10	478	3.6e-75	278.9
BCW-200155_04610	gnl|TC-DB|P0A4F8|3.A.1.3.5	27.0	248	149	9	37	254	25	270	3.0e-12	68.9
BCW-200155_04611	gnl|TC-DB|P35113|3.A.1.3.6	32.2	208	131	2	15	212	11	218	1.0e-21	100.1
BCW-200155_04612	gnl|TC-DB|P0AFT2|3.A.1.3.10	37.8	201	123	2	13	212	15	214	8.3e-29	123.6
BCW-200155_04613	gnl|TC-DB|Q9I488|3.A.1.3.21	57.7	239	101	0	3	241	1	239	1.4e-72	269.2
BCW-200155_04617	gnl|TC-DB|G3IME2|9.B.35.1.2	37.8	111	66	2	4	111	31	141	1.7e-14	75.1
BCW-200155_04629	gnl|TC-DB|G4QI94|1.B.48.1.5	29.5	227	139	5	8	220	10	229	3.4e-25	111.7
BCW-200155_04633	gnl|TC-DB|P77076|1.B.15.1.1	60.3	408	153	5	59	465	65	464	1.2e-146	516.2
BCW-200155_04658	gnl|TC-DB|Q46831|9.B.120.1.1	64.0	239	81	1	1	239	1	234	7.4e-79	290.0
BCW-200155_04675	gnl|TC-DB|Q9X0F3|3.A.1.5.12	48.3	232	106	5	29	247	34	264	2.9e-52	201.8
BCW-200155_04676	gnl|TC-DB|P26905|3.A.1.5.2	47.7	260	133	3	14	270	4	263	1.6e-59	226.1
BCW-200155_04677	gnl|TC-DB|W0WMS8|3.A.1.5.39	44.4	275	146	2	32	299	24	298	2.3e-61	232.3
BCW-200155_04678	gnl|TC-DB|P77308|3.A.1.5.38	45.5	321	174	1	30	350	14	333	7.6e-72	267.3
BCW-200155_04679	gnl|TC-DB|P33950|3.A.1.5.27	26.4	489	307	14	61	522	71	533	1.2e-31	134.4
BCW-200155_04713	gnl|TC-DB|P77237|1.E.1.1.2	53.0	66	31	0	3	68	4	69	3.9e-15	76.6
BCW-200155_04743	gnl|TC-DB|P76269|2.A.1.3.17	39.9	456	264	3	11	465	7	453	2.8e-82	302.4
BCW-200155_04747	gnl|TC-DB|P76115|1.B.14.9.5	63.4	666	238	3	55	717	38	700	2.0e-257	884.8
BCW-200155_04752	gnl|TC-DB|Q7BSH5|3.A.1.2.9	66.5	334	105	3	1	330	1	331	1.1e-117	419.5
BCW-200155_04753	gnl|TC-DB|Q7BSH4|3.A.1.2.9	56.7	503	212	3	1	498	9	510	7.1e-156	547.0
BCW-200155_04754	gnl|TC-DB|Q7BSH3|3.A.1.2.9	58.0	331	138	1	5	335	4	333	5.7e-101	364.0
BCW-200155_04755	gnl|TC-DB|A8H4W6|3.A.1.2.15	29.7	286	191	4	52	328	53	337	7.7e-29	124.4
BCW-200155_04763	gnl|TC-DB|Q9I3T2|2.A.1.51.4	45.3	369	198	3	7	372	14	381	6.4e-77	284.3
BCW-200155_04765	gnl|TC-DB|P25747|9.B.169.1.2	57.5	381	162	0	4	384	3	383	1.0e-130	463.0
BCW-200155_04767	gnl|TC-DB|P0AEE5|3.A.1.2.3	84.0	332	52	1	1	332	1	331	5.9e-159	556.6
BCW-200155_04768	gnl|TC-DB|P0AAG8|3.A.1.2.3	90.0	501	50	0	11	511	6	506	4.7e-264	906.4
BCW-200155_04769	gnl|TC-DB|P23200|3.A.1.2.3	85.1	336	50	0	1	336	1	336	2.4e-152	534.6
BCW-200155_04770	gnl|TC-DB|P0AFY2|9.B.114.1.1	74.6	236	60	0	1	236	1	236	1.8e-98	355.5
BCW-200155_04773	gnl|TC-DB|P30860|3.A.1.3.3	68.2	242	77	0	1	242	1	242	3.5e-100	360.9
BCW-200155_04774	gnl|TC-DB|P0AE30|3.A.1.3.3	83.3	222	37	0	1	222	1	222	3.3e-89	324.3
BCW-200155_04775	gnl|TC-DB|P0AE34|3.A.1.3.3	80.3	238	47	0	1	238	1	238	4.9e-107	383.6
BCW-200155_04776	gnl|TC-DB|P30859|3.A.1.3.3	74.1	243	63	0	1	243	1	243	1.0e-104	375.9
BCW-200155_04777	gnl|TC-DB|P0AAF6|3.A.1.3.3	84.3	242	38	0	8	249	1	242	2.4e-112	401.4
BCW-200155_04785	gnl|TC-DB|Q7WTJ2|5.B.1.3.2	23.2	155	116	2	20	172	109	262	4.2e-11	65.5
BCW-200155_04788	gnl|TC-DB|P75826|2.A.124.1.1	71.2	299	86	0	1	299	1	299	3.5e-110	394.4
BCW-200155_04793	gnl|TC-DB|Q9SXJ7|3.A.9.1.2	38.4	805	396	11	17	737	133	921	1.4e-150	530.0
BCW-200155_04796	gnl|TC-DB|P23886|3.A.1.129.1	62.6	569	213	0	1	569	1	569	2.0e-194	675.2
BCW-200155_04797	gnl|TC-DB|P29018|3.A.1.129.1	66.3	588	198	0	1	588	1	588	1.5e-218	755.4
BCW-200155_04800	gnl|TC-DB|P46889|3.A.12.1.2	53.3	1355	414	19	1	1165	1	1326	0.0e+00	1092.8
BCW-200155_04801	gnl|TC-DB|P61316|1.B.46.1.1	72.9	203	55	0	1	203	1	203	3.8e-84	307.4
BCW-200155_04804	gnl|TC-DB|P77374|5.A.3.3.1	80.6	805	151	1	14	818	9	808	0.0e+00	1366.3
BCW-200155_04805	gnl|TC-DB|P18775|5.A.3.3.2	81.4	802	147	2	15	815	14	814	0.0e+00	1394.8
BCW-200155_04806	gnl|TC-DB|P18776|5.A.3.3.2	88.3	205	24	0	1	205	1	205	3.8e-116	413.7
BCW-200155_04807	gnl|TC-DB|P76173|5.A.3.3.1	58.2	285	118	1	1	285	1	284	5.3e-92	334.0
BCW-200155_04810	gnl|TC-DB|P21503|2.A.1.26.1	68.4	380	119	1	1	379	1	380	9.5e-145	509.6
BCW-200155_04813	gnl|TC-DB|P0AC23|1.A.16.1.1	83.5	285	47	0	1	285	1	285	2.0e-139	491.5
BCW-200155_04821	gnl|TC-DB|P44408|3.A.11.2.2	35.4	693	392	12	24	677	111	786	1.7e-107	386.7
BCW-200155_04822	gnl|TC-DB|P60752|3.A.1.106.1	86.1	582	81	0	1	582	1	582	1.4e-272	934.9
BCW-200155_04839	gnl|TC-DB|D6QLX8|1.B.1.1.19	65.1	381	107	8	2	370	1	367	3.5e-128	454.5
BCW-200155_04842	gnl|TC-DB|P31679|2.A.1.1.114	24.1	448	315	7	23	467	4	429	1.5e-22	104.0
BCW-200155_04845	gnl|TC-DB|Q8KZQ6|3.A.1.17.2	75.1	241	60	0	4	244	8	248	1.1e-99	359.4
BCW-200155_04846	gnl|TC-DB|O85765|3.A.1.17.2	78.5	260	54	1	3	260	5	264	4.6e-114	407.1
BCW-200155_04848	gnl|TC-DB|P75853|3.A.1.17.10	71.6	306	84	1	14	319	9	311	9.3e-125	443.0
BCW-200155_04854	gnl|TC-DB|P43672|3.A.1.120.6	75.1	634	158	0	1	634	1	634	3.7e-271	930.2
BCW-200155_04861	gnl|TC-DB|P0A910|1.B.6.1.1	79.0	357	64	2	1	357	1	346	5.0e-156	547.0
BCW-200155_04864	gnl|TC-DB|P75870|2.A.85.1.1	68.6	716	218	4	4	714	2	715	1.4e-282	968.4
BCW-200155_04865	gnl|TC-DB|P0AB12|9.B.55.1.1	82.1	145	26	0	1	145	1	145	1.6e-63	238.4
BCW-200155_04874	gnl|TC-DB|P0AAC6|1.A.14.2.1	78.7	221	45	2	4	224	1	219	1.2e-86	315.8
BCW-200155_04880	gnl|TC-DB|O54371|3.A.1.20.1	24.9	261	187	5	15	274	16	268	1.4e-14	77.8
BCW-200155_04881	gnl|TC-DB|Q8TZQ3|3.A.1.1.16	51.2	242	116	1	13	252	13	254	3.1e-65	245.4
BCW-200155_04882	gnl|TC-DB|M3JA40|1.B.52.2.1	26.0	223	144	3	335	536	236	458	4.5e-15	79.3
BCW-200155_04885	gnl|TC-DB|P76007|2.A.36.6.11	73.3	576	153	1	1	575	1	576	9.3e-237	815.8
BCW-200155_04892	gnl|TC-DB|P0AA47|2.A.3.1.14	73.0	444	120	0	6	449	4	447	4.4e-181	630.6
BCW-200155_04894	gnl|TC-DB|P58362|5.A.3.4.2	37.6	782	457	13	7	768	39	809	1.7e-159	559.7
BCW-200155_04895	gnl|TC-DB|Q92NF1|3.A.1.5.17	53.3	516	239	2	1	514	13	528	1.2e-166	582.8
BCW-200155_04896	gnl|TC-DB|Q92NF0|3.A.1.5.17	54.2	323	148	0	10	332	47	369	1.2e-87	319.7
BCW-200155_04897	gnl|TC-DB|Q92NE9|3.A.1.5.17	50.4	256	127	0	9	264	9	264	1.0e-63	240.0
BCW-200155_04898	gnl|TC-DB|Q92NE8|3.A.1.5.17	55.4	507	226	0	20	526	28	534	5.3e-157	550.8
BCW-200155_04907	gnl|TC-DB|P11551|2.A.1.7.1	39.7	408	216	4	22	403	26	429	3.5e-68	255.4
BCW-200155_04916	gnl|TC-DB|B7LDS1|4.A.7.1.2	44.9	147	81	0	1	147	1	147	3.1e-35	144.4
BCW-200155_04918	gnl|TC-DB|C8TA54|4.A.7.1.4	42.7	419	239	1	4	421	2	420	2.0e-95	345.9
BCW-200155_04923	gnl|TC-DB|P31435|2.A.2.3.4	50.2	434	213	3	5	436	6	438	5.9e-117	417.5
BCW-200155_04924	gnl|TC-DB|Q5KYD1|2.A.17.1.7	38.0	445	258	8	11	452	16	445	1.1e-76	283.9
BCW-200155_04937	gnl|TC-DB|R7QS55|3.A.1.17.9	30.2	603	369	11	15	570	135	732	1.9e-72	270.0
BCW-200155_04938	gnl|TC-DB|Q55107|3.A.1.16.3	41.2	233	131	3	10	239	7	236	4.8e-47	184.5
BCW-200155_04950	gnl|TC-DB|Q2FD83|2.A.7.1.11	54.3	105	48	0	4	108	2	106	1.1e-24	109.0
BCW-200155_04957	gnl|TC-DB|Q9HXW4|2.A.6.2.17	41.8	1020	586	3	6	1018	3	1021	3.4e-221	765.0
BCW-200155_04958	gnl|TC-DB|Q9I6X5|2.A.6.2.27	33.7	344	217	5	16	355	14	350	2.7e-19	92.8
BCW-200155_04961	gnl|TC-DB|Q02P42|2.A.117.1.2	42.4	139	80	0	5	143	23	161	1.5e-26	115.5
BCW-200155_04962	gnl|TC-DB|P32137|2.A.2.3.9	66.4	459	148	2	1	453	1	459	2.3e-177	618.2
BCW-200155_04963	gnl|TC-DB|P32137|2.A.2.3.9	88.7	461	52	0	1	461	1	461	1.6e-242	834.7
BCW-200155_04974	gnl|TC-DB|P69791|4.A.3.2.1	81.7	115	21	0	1	115	1	115	5.7e-45	176.4
BCW-200155_04975	gnl|TC-DB|C4X745|4.A.3.2.7	88.7	452	51	0	1	452	1	452	9.0e-211	729.2
BCW-200155_04976	gnl|TC-DB|C4X744|4.A.3.2.7	86.8	106	14	0	1	106	1	106	5.9e-44	172.9
BCW-200155_04980	gnl|TC-DB|P0ADL1|2.A.1.2.26	43.2	375	213	0	23	397	19	393	9.8e-76	280.4
BCW-200155_04982	gnl|TC-DB|P45217|1.B.17.3.7	26.7	449	319	6	7	451	9	451	3.1e-41	166.0
BCW-200155_04983	gnl|TC-DB|A0ZUB1|3.A.1.122.12	49.7	650	317	6	4	646	5	651	5.3e-172	600.9
BCW-200155_04984	gnl|TC-DB|Q84BQ3|3.A.1.122.12	50.4	355	165	4	73	425	10	355	7.2e-56	214.5
BCW-200155_04989	gnl|TC-DB|P31474|2.A.1.3.51	27.5	408	283	8	13	414	18	418	5.2e-36	148.7
