BCW-200101_00049	gnl|TC-DB|Q9FI56|3.A.9.1.2	61.0	807	302	6	2	796	94	899	3.3e-280	960.7
BCW-200101_00066	gnl|TC-DB|Q9ZK21|1.C.82.1.1	54.0	226	103	1	1	225	1	226	1.6e-62	235.7
BCW-200101_00100	gnl|TC-DB|P16336|3.A.5.2.1	73.4	432	112	2	1	431	1	430	3.1e-176	614.4
BCW-200101_00109	gnl|TC-DB|Q839D5|3.A.1.26.7	61.4	272	104	1	5	275	4	275	1.1e-92	336.3
BCW-200101_00110	gnl|TC-DB|Q839D4|3.A.1.26.7	55.2	279	124	1	1	279	1	278	4.7e-88	320.9
BCW-200101_00111	gnl|TC-DB|Q839D3|3.A.1.26.7	54.0	265	122	0	1	265	1	265	9.7e-72	266.5
BCW-200101_00120	gnl|TC-DB|P49022|9.B.74.1.1	39.4	880	475	8	5	848	22	879	2.5e-68	256.9
BCW-200101_00124	gnl|TC-DB|A0L4L0|3.A.1.132.3	34.3	277	164	4	1	276	1	260	1.4e-38	156.8
BCW-200101_00155	gnl|TC-DB|P54428|9.A.40.2.1	49.7	346	168	2	4	343	1	346	3.1e-86	315.1
BCW-200101_00156	gnl|TC-DB|P54428|9.A.40.2.1	47.9	432	215	5	4	428	1	429	2.3e-110	395.6
BCW-200101_00166	gnl|TC-DB|P41796|9.A.28.1.1	43.8	393	183	5	1	355	1	393	2.1e-80	295.8
BCW-200101_00169	gnl|TC-DB|Q5HE38|2.A.1.3.39	40.5	476	273	4	14	489	14	479	1.4e-90	330.1
BCW-200101_00174	gnl|TC-DB|Q4LDG0|4.C.1.1.8	24.2	376	255	14	188	542	288	654	1.5e-13	74.3
BCW-200101_00175	gnl|TC-DB|P69451|4.C.1.1.4	29.7	542	346	11	6	516	17	554	3.5e-65	245.7
BCW-200101_00176	gnl|TC-DB|P02983|2.A.1.3.6	24.9	441	320	4	21	450	15	455	2.6e-40	162.9
BCW-200101_00180	gnl|TC-DB|O31467|2.A.64.3.1	71.2	59	17	0	1	59	1	59	4.9e-16	79.3
BCW-200101_00181	gnl|TC-DB|P42252|2.A.64.3.1	65.5	238	82	0	1	238	1	238	6.7e-83	303.5
BCW-200101_00211	gnl|TC-DB|F2YPN7|2.A.1.14.26	24.1	399	268	11	54	426	86	475	1.4e-11	67.4
BCW-200101_00222	gnl|TC-DB|Q42524|4.C.1.1.7	24.4	394	274	10	18	396	35	419	7.1e-26	114.8
BCW-200101_00225	gnl|TC-DB|Q9KN48|3.A.23.1.1	40.1	337	176	4	106	417	193	528	1.6e-57	219.9
BCW-200101_00232	gnl|TC-DB|Q7A3S4|2.A.1.3.61	40.3	467	273	2	15	481	9	469	2.7e-94	342.4
BCW-200101_00237	gnl|TC-DB|O50471|2.A.21.7.1	46.6	521	255	6	1	507	1	512	6.8e-114	407.5
BCW-200101_00238	gnl|TC-DB|D4G310|9.B.136.2.1	50.0	96	48	0	16	111	5	100	1.6e-23	105.1
BCW-200101_00243	gnl|TC-DB|P45706|5.A.1.2.1	67.2	235	77	0	1	235	1	235	1.6e-89	325.5
BCW-200101_00245	gnl|TC-DB|O07549|3.A.1.106.8	46.2	526	279	2	69	592	149	672	1.1e-126	450.3
BCW-200101_00246	gnl|TC-DB|P77265|3.A.1.106.13	48.4	581	293	3	1	577	1	578	6.9e-147	517.3
BCW-200101_00261	gnl|TC-DB|Q1M607|3.A.3.7.2	48.2	170	82	3	21	188	18	183	3.8e-33	137.9
BCW-200101_00262	gnl|TC-DB|P03960|3.A.3.7.1	58.2	670	274	4	3	668	10	677	7.6e-206	713.4
BCW-200101_00263	gnl|TC-DB|Q1M605|3.A.3.7.2	47.6	557	285	4	6	557	7	561	3.0e-139	491.9
BCW-200101_00287	gnl|TC-DB|F5AT04|3.A.1.149.1	41.9	215	121	3	1	212	1	214	9.0e-47	183.7
BCW-200101_00291	gnl|TC-DB|P49856|2.A.7.1.5	49.5	107	54	0	2	108	3	109	2.5e-21	97.8
BCW-200101_00292	gnl|TC-DB|P49857|2.A.7.1.5	48.1	104	54	0	1	104	2	105	6.2e-22	99.8
BCW-200101_00293	gnl|TC-DB|P0AB98|3.A.2.1.1	29.6	240	144	10	14	236	40	271	1.3e-14	76.6
BCW-200101_00295	gnl|TC-DB|Q45308|2.A.37.2.3	66.0	350	117	1	1	350	1	348	2.7e-126	448.4
BCW-200101_00311	gnl|TC-DB|Q53716|3.A.1.105.2	53.2	220	101	1	6	223	1	220	2.3e-62	235.3
BCW-200101_00312	gnl|TC-DB|Q53717|3.A.1.105.2	31.7	246	162	3	5	245	26	270	1.5e-26	116.3
BCW-200101_00316	gnl|TC-DB|O07086|2.A.7.3.38	70.7	314	90	1	1	314	1	312	3.9e-123	437.6
BCW-200101_00338	gnl|TC-DB|P42423|3.A.1.134.6	58.1	248	104	0	5	252	4	251	2.1e-79	292.0
BCW-200101_00339	gnl|TC-DB|P42424|3.A.1.134.6	26.1	640	425	19	1	612	1	620	8.4e-42	168.3
BCW-200101_00348	gnl|TC-DB|P38101|2.A.76.1.4	27.5	189	135	2	5	192	8	195	1.0e-14	76.6
BCW-200101_00349	gnl|TC-DB|O58953|3.A.1.128.6	40.6	249	145	1	10	258	6	251	2.9e-52	201.8
BCW-200101_00366	gnl|TC-DB|F4H5M4|9.B.169.1.3	31.3	386	243	8	12	386	24	398	9.6e-44	174.1
BCW-200101_00375	gnl|TC-DB|O05703|3.A.1.15.3	48.9	182	93	0	66	247	320	501	7.5e-50	193.7
BCW-200101_00380	gnl|TC-DB|Q47084|3.A.1.14.4	29.7	273	177	5	57	324	35	297	1.9e-32	136.3
BCW-200101_00381	gnl|TC-DB|Q47085|3.A.1.14.4	43.7	316	176	2	16	330	22	336	1.0e-70	263.5
BCW-200101_00382	gnl|TC-DB|Q47086|3.A.1.14.4	40.8	341	193	2	10	350	18	349	4.7e-66	248.1
BCW-200101_00383	gnl|TC-DB|Q47087|3.A.1.14.4	55.7	244	108	0	2	245	1	244	1.4e-78	289.3
BCW-200101_00390	gnl|TC-DB|Q8FLY1|9.B.102.1.12	53.6	69	32	0	5	73	417	485	4.9e-21	96.3
BCW-200101_00391	gnl|TC-DB|P33015|9.B.102.1.2	69.0	352	108	1	1	352	1	351	2.2e-140	495.0
BCW-200101_00396	gnl|TC-DB|F9DWD5|9.B.2.1.8	48.2	226	117	0	6	231	5	230	1.1e-58	223.0
BCW-200101_00407	gnl|TC-DB|O31540|2.A.7.3.35	25.2	274	193	5	16	278	39	311	3.3e-12	68.9
BCW-200101_00417	gnl|TC-DB|Q9RK09|3.A.1.14.13	26.9	312	211	6	17	313	45	354	3.0e-19	92.4
BCW-200101_00419	gnl|TC-DB|Q9X665|3.A.1.14.7	39.5	233	139	1	11	241	13	245	3.8e-49	191.4
BCW-200101_00424	gnl|TC-DB|Q15HU6|3.A.7.14.2	39.5	152	87	2	1	150	45	193	3.7e-22	102.1
BCW-200101_00430	gnl|TC-DB|Q9KW03|9.A.33.1.1	43.6	165	88	1	4	163	7	171	4.5e-31	132.1
BCW-200101_00469	gnl|TC-DB|P30750|3.A.1.24.1	56.6	221	92	1	1	217	1	221	9.1e-64	240.0
BCW-200101_00470	gnl|TC-DB|Q8NSN3|3.A.1.24.4	43.3	178	101	0	15	192	17	194	3.7e-32	134.8
BCW-200101_00471	gnl|TC-DB|Q9HT68|3.A.1.24.5	42.2	237	137	0	40	276	24	260	7.5e-51	197.2
BCW-200101_00474	gnl|TC-DB|Q8Y5F0|3.A.1.134.12	67.1	255	84	0	1	255	1	255	4.5e-98	354.0
BCW-200101_00475	gnl|TC-DB|Q8Y5E9|3.A.1.134.12	36.4	612	357	9	1	580	1	612	9.4e-86	314.3
BCW-200101_00477	gnl|TC-DB|P38919|3.A.18.1.1	35.7	367	235	1	5	370	39	405	1.7e-66	250.0
BCW-200101_00483	gnl|TC-DB|M1QJN9|2.A.27.2.2	51.7	474	219	2	1	464	1	474	6.8e-137	483.8
BCW-200101_00485	gnl|TC-DB|Q6LX42|2.A.25.1.3	59.9	449	170	4	4	444	3	449	8.1e-143	503.4
BCW-200101_00489	gnl|TC-DB|Q8EG39|2.A.8.1.6	51.3	460	206	7	1	450	1	452	6.6e-105	377.5
BCW-200101_00492	gnl|TC-DB|Q932J9|3.A.7.17.1	34.9	1474	891	23	49	1476	25	1476	2.3e-255	879.0
BCW-200101_00502	gnl|TC-DB|Q99ZY6|3.A.1.34.1	31.7	325	212	3	12	329	9	330	2.2e-44	176.0
BCW-200101_00503	gnl|TC-DB|Q9HV74|2.A.21.9.1	29.5	251	158	7	61	297	729	974	8.1e-22	100.9
BCW-200101_00506	gnl|TC-DB|P54428|9.A.40.2.1	52.1	351	160	4	7	351	4	352	3.4e-88	321.6
BCW-200101_00507	gnl|TC-DB|P54428|9.A.40.2.1	50.4	403	192	4	4	400	1	401	6.1e-111	397.5
BCW-200101_00508	gnl|TC-DB|Q45121|1.A.26.1.1	68.1	313	99	1	142	454	1	312	1.4e-113	406.4
BCW-200101_00521	gnl|TC-DB|M3JA40|1.B.52.2.1	44.2	104	58	0	183	286	278	381	1.8e-15	80.1
BCW-200101_00535	gnl|TC-DB|Q83XH1|3.A.1.121.4	32.5	536	344	4	3	533	1	523	2.7e-83	306.2
BCW-200101_00588	gnl|TC-DB|F2F2N1|1.E.31.3.2	40.7	81	44	1	1	77	1	81	9.8e-12	65.5
BCW-200101_00608	gnl|TC-DB|Q5EAK4|2.A.16.2.2	27.6	427	239	19	9	398	1361	1754	2.4e-24	110.5
BCW-200101_00627	gnl|TC-DB|P73544|3.A.1.3.12	41.2	204	112	1	16	211	312	515	1.7e-29	125.9
BCW-200101_00628	gnl|TC-DB|P54537|3.A.1.3.15	60.4	240	95	0	6	245	1	240	7.6e-79	290.0
BCW-200101_00641	gnl|TC-DB|P15754|3.A.15.1.1	33.0	203	125	2	8	199	23	225	4.0e-19	91.7
BCW-200101_00646	gnl|TC-DB|Q01465|9.B.157.1.1	89.6	337	35	0	1	337	1	337	3.8e-169	590.5
BCW-200101_00647	gnl|TC-DB|Q9K8H6|9.B.157.1.2	51.5	291	137	3	1	288	1	290	1.7e-77	285.8
BCW-200101_00648	gnl|TC-DB|Q01467|9.B.157.1.1	30.8	172	118	1	1	172	1	171	5.1e-21	97.4
BCW-200101_00663	gnl|TC-DB|F9VN10|3.D.10.1.4	30.4	546	321	19	5	504	7	539	7.8e-49	191.4
BCW-200101_00673	gnl|TC-DB|Q9KN48|3.A.23.1.1	35.8	363	216	4	189	535	164	525	1.3e-54	210.7
BCW-200101_00679	gnl|TC-DB|P30145|2.A.25.1.2	52.7	446	209	2	43	487	1	445	2.6e-118	422.2
BCW-200101_00694	gnl|TC-DB|Q65NC0|2.A.47.1.13	51.0	549	264	2	1	549	1	544	1.5e-146	516.2
BCW-200101_00697	gnl|TC-DB|M3JA40|1.B.52.2.1	35.5	141	77	3	297	423	304	444	2.0e-13	73.6
BCW-200101_00703	gnl|TC-DB|P0AEM9|3.A.1.3.10	28.1	256	168	9	9	253	10	260	5.2e-22	101.3
BCW-200101_00704	gnl|TC-DB|P0AEQ6|3.A.1.3.2	42.8	208	118	1	11	217	11	218	1.1e-36	149.8
BCW-200101_00705	gnl|TC-DB|Q9CES4|3.A.1.3.25	66.1	239	81	0	2	240	7	245	6.5e-83	303.5
BCW-200101_00712	gnl|TC-DB|Q58206|3.A.1.122.14	48.9	227	108	3	1	223	1	223	4.9e-56	214.2
BCW-200101_00715	gnl|TC-DB|P76242|2.A.1.17.3	38.1	383	235	1	9	391	10	390	4.5e-68	255.0
BCW-200101_00721	gnl|TC-DB|P0AA82|2.A.39.1.1	24.9	354	249	7	13	364	11	349	1.4e-22	104.0
BCW-200101_00734	gnl|TC-DB|J7JIE8|2.A.21.2.4	69.0	471	146	0	16	486	1	471	3.5e-184	641.0
BCW-200101_00736	gnl|TC-DB|P0AEX7|3.A.1.4.1	36.0	297	175	4	3	287	9	302	4.5e-46	181.4
BCW-200101_00737	gnl|TC-DB|P21628|3.A.1.4.8	34.8	302	174	5	11	298	114	406	2.6e-34	142.5
BCW-200101_00738	gnl|TC-DB|Q8DQH8|3.A.1.4.10	49.8	251	125	1	2	251	3	253	1.5e-64	242.7
BCW-200101_00739	gnl|TC-DB|Q8DQH7|3.A.1.4.10	53.2	233	108	1	1	232	3	235	3.4e-68	254.6
BCW-200101_00741	gnl|TC-DB|P49856|2.A.7.1.5	55.4	112	48	1	5	116	3	112	1.6e-23	105.1
BCW-200101_00742	gnl|TC-DB|P49857|2.A.7.1.5	55.8	104	45	1	1	103	2	105	1.7e-24	108.2
BCW-200101_00744	gnl|TC-DB|Q9WYC3|3.A.1.135.5	43.3	568	320	1	1	566	1	568	3.2e-128	455.3
BCW-200101_00745	gnl|TC-DB|Q9WYC4|3.A.1.135.5	48.3	569	293	1	31	599	19	586	4.7e-146	514.6
BCW-200101_00761	gnl|TC-DB|Q2G2M9|3.A.1.106.2	55.3	577	258	0	4	580	2	578	6.9e-179	623.6
BCW-200101_00762	gnl|TC-DB|P42064|3.A.1.5.20	55.7	327	141	2	4	329	2	325	2.4e-96	348.6
BCW-200101_00763	gnl|TC-DB|P42065|3.A.1.5.20	59.3	322	128	2	3	321	7	328	1.3e-113	406.0
BCW-200101_00764	gnl|TC-DB|P33950|3.A.1.5.27	37.1	537	313	7	17	533	13	544	1.3e-96	350.1
BCW-200101_00765	gnl|TC-DB|W0WN20|3.A.1.5.39	48.5	334	171	1	1	333	1	334	1.1e-85	313.2
BCW-200101_00766	gnl|TC-DB|W0WMS8|3.A.1.5.39	47.6	296	146	2	13	299	6	301	1.0e-69	260.0
BCW-200101_00767	gnl|TC-DB|P71083|2.A.85.4.2	49.7	356	176	2	1	356	1	353	1.5e-86	316.2
BCW-200101_00770	gnl|TC-DB|P06550|1.A.1.29.1	43.8	130	73	0	4	133	3	132	4.6e-20	94.0
BCW-200101_00782	gnl|TC-DB|P31552|4.C.1.1.6	27.6	526	347	11	7	515	9	517	1.0e-51	201.1
BCW-200101_00783	gnl|TC-DB|P42107|9.B.169.1.1	33.9	407	239	9	1	388	4	399	9.9e-49	190.7
BCW-200101_00786	gnl|TC-DB|Q1J0W6|9.B.34.1.1	27.4	164	108	4	529	690	190	344	8.2e-12	69.3
BCW-200101_00795	gnl|TC-DB|P39803|2.A.115.1.1	69.2	276	81	1	5	276	5	280	9.7e-107	382.9
BCW-200101_00807	gnl|TC-DB|P07373|2.A.103.1.3	30.8	380	231	10	12	382	9	365	1.7e-35	146.7
BCW-200101_00808	gnl|TC-DB|O34442|1.A.26.1.3	60.5	451	178	0	32	482	1	451	1.2e-133	473.0
BCW-200101_00811	gnl|TC-DB|Q9HQ20|3.A.1.14.9	30.0	320	201	7	4	314	11	316	7.7e-31	131.0
BCW-200101_00812	gnl|TC-DB|Q9HQ19|3.A.1.14.9	44.5	281	149	3	68	348	93	366	4.9e-55	211.5
BCW-200101_00813	gnl|TC-DB|Q9X665|3.A.1.14.7	40.4	250	148	1	5	254	7	255	1.4e-47	187.2
BCW-200101_00814	gnl|TC-DB|Q8PVB2|9.B.125.2.2	35.4	277	164	6	5	267	8	283	2.5e-37	152.5
BCW-200101_00825	gnl|TC-DB|P31596|2.A.23.2.2	25.8	298	202	7	98	385	211	499	6.2e-14	75.1
BCW-200101_00832	gnl|TC-DB|Q47087|3.A.1.14.4	28.4	194	129	3	22	205	22	215	6.8e-18	87.8
BCW-200101_00833	gnl|TC-DB|Q1D0V0|3.A.1.144.3	33.2	295	190	4	8	296	6	299	1.3e-43	173.3
BCW-200101_00836	gnl|TC-DB|P38919|3.A.18.1.1	37.3	370	231	1	4	372	40	409	5.6e-73	271.6
BCW-200101_00839	gnl|TC-DB|F0Z2G1|9.B.104.1.3	31.6	177	115	3	19	189	33	209	6.8e-16	80.9
BCW-200101_00869	gnl|TC-DB|P42065|3.A.1.5.20	57.4	326	131	3	2	320	5	329	1.3e-105	379.4
BCW-200101_00873	gnl|TC-DB|P26906|3.A.1.5.2	67.0	548	172	3	1	545	1	542	8.6e-216	746.1
BCW-200101_00874	gnl|TC-DB|P26905|3.A.1.5.2	72.3	325	90	0	1	325	1	325	9.8e-138	486.1
BCW-200101_00875	gnl|TC-DB|P26904|3.A.1.5.2	74.3	304	78	0	14	317	17	320	1.1e-130	462.6
BCW-200101_00876	gnl|TC-DB|P26903|3.A.1.5.2	77.5	307	69	0	1	307	1	307	5.4e-130	460.3
BCW-200101_00877	gnl|TC-DB|P26902|3.A.1.5.2	76.3	274	65	0	1	274	1	274	1.1e-118	422.5
BCW-200101_00888	gnl|TC-DB|P07658|3.D.1.9.2	36.2	691	421	11	257	932	1	686	1.0e-121	434.5
BCW-200101_00889	gnl|TC-DB|Q186B7|1.A.16.3.3	44.4	252	139	1	1	251	1	252	7.3e-56	213.8
BCW-200101_00894	gnl|TC-DB|P69937|2.A.7.1.4	37.6	101	63	0	1	101	1	101	4.9e-11	63.5
BCW-200101_00895	gnl|TC-DB|P69937|2.A.7.1.4	37.3	102	61	1	4	102	2	103	9.3e-11	62.8
BCW-200101_00899	gnl|TC-DB|Q99ZC8|3.A.1.132.6	32.6	218	140	3	3	218	4	216	2.8e-27	119.0
BCW-200101_00910	gnl|TC-DB|B7TGT5|3.A.1.121.5	55.7	519	229	1	2	520	3	520	4.3e-148	521.2
BCW-200101_00916	gnl|TC-DB|P45706|5.A.1.2.1	37.4	227	134	4	1	225	1	221	1.9e-34	142.5
BCW-200101_00917	gnl|TC-DB|W0WQF0|3.A.1.5.39	21.6	454	311	10	85	502	69	513	1.4e-18	90.9
BCW-200101_00918	gnl|TC-DB|P75798|3.A.1.5.11	35.5	307	195	1	1	307	1	304	2.8e-54	208.8
BCW-200101_00919	gnl|TC-DB|Q93PJ7|3.A.1.5.40	39.8	244	147	0	22	265	21	264	4.8e-48	188.0
BCW-200101_00920	gnl|TC-DB|P26905|3.A.1.5.2	41.0	229	134	1	9	236	4	232	1.3e-43	172.9
BCW-200101_00921	gnl|TC-DB|Q9F349|3.A.1.5.35	39.5	253	149	4	2	250	8	260	9.8e-45	176.8
BCW-200101_00926	gnl|TC-DB|P07658|3.D.1.9.2	37.2	693	414	13	266	943	2	688	8.8e-126	448.0
BCW-200101_00931	gnl|TC-DB|Q51330|2.A.1.11.1	27.1	399	271	7	10	405	15	396	3.6e-28	122.5
BCW-200101_00944	gnl|TC-DB|P75797|3.A.1.5.11	26.8	455	277	15	69	498	58	481	9.6e-26	114.8
BCW-200101_00945	gnl|TC-DB|P42062|3.A.1.5.20	34.2	319	203	3	12	329	1	313	7.5e-53	204.1
BCW-200101_00946	gnl|TC-DB|P26904|3.A.1.5.2	31.5	260	177	1	15	273	52	311	1.1e-36	150.2
BCW-200101_00947	gnl|TC-DB|B1W1L9|3.A.1.5.37	34.2	284	164	8	2	265	27	307	3.5e-35	145.2
BCW-200101_00948	gnl|TC-DB|P33594|3.A.1.5.3	32.5	203	114	5	18	199	27	227	8.8e-25	110.2
BCW-200101_00952	gnl|TC-DB|P94400|9.B.10.1.1	73.1	394	105	1	1	394	1	393	1.1e-170	595.9
BCW-200101_00958	gnl|TC-DB|P30329|2.A.45.1.1	70.6	425	125	0	5	429	3	427	2.4e-168	588.2
BCW-200101_00960	gnl|TC-DB|O32081|2.A.38.4.3	45.4	438	233	4	8	445	14	445	9.8e-93	337.0
BCW-200101_00961	gnl|TC-DB|P39760|2.A.38.4.4	48.8	213	109	0	4	216	3	215	3.1e-55	211.5
BCW-200101_00974	gnl|TC-DB|J8ABC0|3.A.1.105.9	31.6	313	188	4	3	299	1	303	7.0e-42	167.5
BCW-200101_00987	gnl|TC-DB|P02925|3.A.1.2.1	24.3	259	176	7	62	305	29	282	1.6e-12	70.1
BCW-200101_00990	gnl|TC-DB|G4FGN3|3.A.1.2.20	47.5	493	255	3	5	496	3	492	1.7e-130	462.6
BCW-200101_00991	gnl|TC-DB|A6VKS9|3.A.1.2.13	56.6	295	126	2	17	309	19	313	8.5e-83	303.5
BCW-200101_00992	gnl|TC-DB|P02925|3.A.1.2.1	55.6	270	119	1	40	309	25	293	3.4e-76	281.6
BCW-200101_01012	gnl|TC-DB|P38919|3.A.18.1.1	39.6	366	219	2	4	367	40	405	2.0e-75	279.6
BCW-200101_01026	gnl|TC-DB|O32220|3.A.3.5.18	66.5	802	267	2	4	804	2	802	1.4e-294	1008.4
BCW-200101_01042	gnl|TC-DB|Q89V93|2.A.102.4.6	25.9	282	175	11	7	258	87	364	9.3e-11	63.9
BCW-200101_01046	gnl|TC-DB|Q9KN48|3.A.23.1.1	38.9	265	149	5	214	473	162	418	9.9e-42	167.9
BCW-200101_01049	gnl|TC-DB|P69451|4.C.1.1.4	36.6	558	322	9	8	537	3	556	5.2e-96	348.2
BCW-200101_01065	gnl|TC-DB|P71012|4.A.2.1.4	40.3	631	351	6	1	606	1	630	2.5e-107	386.0
BCW-200101_01066	gnl|TC-DB|O31762|2.A.1.32.2	52.2	389	185	1	29	416	4	392	1.5e-103	372.9
BCW-200101_01075	gnl|TC-DB|P69451|4.C.1.1.4	33.0	522	312	10	10	495	32	551	3.2e-76	282.3
BCW-200101_01079	gnl|TC-DB|P69451|4.C.1.1.4	35.7	561	319	13	1	523	1	557	6.3e-91	331.3
BCW-200101_01086	gnl|TC-DB|F3LB58|2.A.98.1.4	38.3	329	191	4	11	328	8	335	2.2e-44	176.0
BCW-200101_01093	gnl|TC-DB|P69451|4.C.1.1.4	35.8	533	305	9	19	517	23	552	5.7e-84	308.1
BCW-200101_01099	gnl|TC-DB|Q9KN48|3.A.23.1.1	34.7	366	215	6	366	715	171	528	4.1e-48	189.5
BCW-200101_01100	gnl|TC-DB|P69451|4.C.1.1.4	28.8	525	330	12	26	516	38	552	2.8e-62	236.1
BCW-200101_01102	gnl|TC-DB|P69451|4.C.1.1.4	35.3	533	307	8	11	509	24	552	3.8e-88	322.0
BCW-200101_01109	gnl|TC-DB|Q73PT4|2.A.79.1.5	34.3	245	152	5	11	250	14	254	1.4e-30	129.8
BCW-200101_01110	gnl|TC-DB|W4C0M8|2.A.79.1.7	54.9	142	63	1	3	144	1	141	6.1e-39	156.8
BCW-200101_01113	gnl|TC-DB|Q2G2M9|3.A.1.106.2	38.2	576	348	2	1	568	1	576	1.1e-101	367.1
BCW-200101_01122	gnl|TC-DB|Q15HU6|3.A.7.14.2	48.8	129	62	1	295	419	204	332	9.1e-32	134.4
BCW-200101_01131	gnl|TC-DB|Q57251|2.A.14.2.1	29.0	555	329	10	8	538	5	518	2.7e-58	223.0
BCW-200101_01134	gnl|TC-DB|P42332|3.A.1.131.1	34.1	223	144	2	1	220	4	226	1.8e-29	126.3
BCW-200101_01144	gnl|TC-DB|P69451|4.C.1.1.4	29.2	541	337	15	8	515	28	555	2.0e-57	219.9
BCW-200101_01152	gnl|TC-DB|P23212|3.A.1.121.1	40.1	486	288	3	1	485	1	484	6.0e-83	304.7
BCW-200101_01154	gnl|TC-DB|O51234|3.A.1.7.5	35.3	286	174	5	28	304	17	300	2.0e-36	149.4
BCW-200101_01155	gnl|TC-DB|Q7WTY6|3.A.1.7.2	34.6	228	140	2	2	222	25	250	3.1e-28	122.1
BCW-200101_01156	gnl|TC-DB|O51236|3.A.1.7.5	60.7	247	96	1	29	274	14	260	5.3e-89	323.9
BCW-200101_01157	gnl|TC-DB|P18775|5.A.3.3.2	30.6	746	401	27	6	651	53	781	6.4e-67	251.9
BCW-200101_01160	gnl|TC-DB|Q8DPQ6|2.A.66.1.41	39.4	452	273	1	1	452	1	451	2.3e-81	299.3
BCW-200101_01197	gnl|TC-DB|O35018|2.A.1.3.30	47.0	472	243	2	5	469	3	474	6.1e-117	417.5
BCW-200101_01213	gnl|TC-DB|B5UIP4|2.A.109.1.3	64.1	256	88	1	1	252	1	256	1.1e-83	306.2
BCW-200101_01214	gnl|TC-DB|P40409|3.A.1.14.15	27.5	193	126	3	109	295	108	292	8.2e-17	84.3
BCW-200101_01215	gnl|TC-DB|P40410|3.A.1.14.15	46.1	321	173	0	18	338	9	329	4.5e-77	284.6
BCW-200101_01216	gnl|TC-DB|P40411|3.A.1.14.15	41.2	323	189	1	14	335	7	329	5.5e-72	267.7
BCW-200101_01219	gnl|TC-DB|Q65MM0|2.A.47.1.18	47.1	488	242	2	8	495	2	473	3.6e-120	428.3
BCW-200101_01222	gnl|TC-DB|Q53902|2.A.6.5.1	30.5	594	348	12	143	724	133	673	1.6e-63	240.7
BCW-200101_01237	gnl|TC-DB|P46133|2.A.68.1.1	45.2	485	265	1	20	503	19	503	1.8e-122	436.0
BCW-200101_01239	gnl|TC-DB|P54176|1.C.113.1.1	53.0	198	93	0	10	207	14	211	2.8e-53	204.9
BCW-200101_01254	gnl|TC-DB|Q6LYZ4|2.A.1.54.1	25.9	413	285	5	7	402	12	420	7.3e-37	151.4
BCW-200101_01259	gnl|TC-DB|C9NXL0|2.A.118.1.4	37.2	470	279	7	9	472	4	463	1.2e-75	280.4
BCW-200101_01267	gnl|TC-DB|Q04895|2.A.39.3.1	24.4	454	294	12	4	420	94	535	2.0e-14	77.0
BCW-200101_01272	gnl|TC-DB|P69451|4.C.1.1.4	24.7	531	341	16	40	528	38	551	3.8e-38	156.0
BCW-200101_01274	gnl|TC-DB|P69451|4.C.1.1.4	22.7	547	353	15	1507	2008	23	544	5.4e-28	124.4
BCW-200101_01276	gnl|TC-DB|P36554|2.A.1.3.26	29.6	463	318	6	4	463	2	459	8.6e-47	184.5
BCW-200101_01282	gnl|TC-DB|C6CWW0|2.A.28.2.5	31.0	297	203	2	13	309	1	295	4.4e-34	141.7
BCW-200101_01283	gnl|TC-DB|C2UR80|2.A.1.46.5	40.3	387	222	2	8	389	14	396	2.4e-82	302.4
BCW-200101_01286	gnl|TC-DB|Q8PXG8|2.A.47.6.1	42.3	364	185	4	1	340	7	369	2.5e-72	268.9
BCW-200101_01288	gnl|TC-DB|O34992|3.A.1.12.4	76.1	373	89	0	1	373	1	373	1.9e-166	581.6
BCW-200101_01289	gnl|TC-DB|O34878|3.A.1.12.4	71.1	211	61	0	1	211	1	211	4.5e-83	303.9
BCW-200101_01290	gnl|TC-DB|O32243|3.A.1.12.4	57.6	302	128	0	1	302	1	302	2.1e-102	368.6
BCW-200101_01291	gnl|TC-DB|O34742|3.A.1.12.4	77.9	217	48	0	1	217	1	217	2.2e-88	321.6
BCW-200101_01295	gnl|TC-DB|W5SJL7|1.C.113.1.2	37.8	209	129	1	7	215	19	226	2.5e-33	138.7
BCW-200101_01302	gnl|TC-DB|G2JNR0|3.A.11.1.4	41.2	374	202	3	2	360	3	373	8.1e-77	283.9
BCW-200101_01341	gnl|TC-DB|P42401|1.E.43.5.1	41.0	139	78	2	11	149	7	141	2.0e-24	108.6
BCW-200101_01343	gnl|TC-DB|M2VTE1|2.A.86.1.10	34.6	208	136	0	120	327	280	487	2.6e-24	109.4
BCW-200101_01347	gnl|TC-DB|P39569|9.A.11.1.2	30.2	474	323	3	13	481	11	481	7.8e-59	224.6
BCW-200101_01349	gnl|TC-DB|Q97Q42|3.A.1.11.7	68.0	362	115	1	3	363	2	363	1.3e-143	505.8
BCW-200101_01350	gnl|TC-DB|Q97Q43|3.A.1.11.7	59.8	266	104	1	1	263	8	273	1.6e-85	312.4
BCW-200101_01351	gnl|TC-DB|Q97Q44|3.A.1.11.7	60.6	251	98	1	5	255	3	252	8.5e-76	280.0
BCW-200101_01352	gnl|TC-DB|Q7A676|3.A.1.11.8	49.6	357	180	0	1	357	1	357	2.8e-106	381.7
BCW-200101_01357	gnl|TC-DB|B9DKA7|2.A.120.1.8	35.2	349	224	1	2	350	5	351	6.3e-66	247.7
BCW-200101_01360	gnl|TC-DB|P25694|3.A.16.1.2	38.9	262	146	4	147	396	211	470	4.4e-45	179.1
BCW-200101_01361	gnl|TC-DB|Q037U3|2.A.88.3.3	34.2	196	125	2	1	193	1	195	3.7e-23	104.8
BCW-200101_01365	gnl|TC-DB|P24012|3.D.4.4.1	47.9	190	98	1	10	198	17	206	2.4e-43	171.8
BCW-200101_01366	gnl|TC-DB|P0ABI8|3.D.4.5.1	50.9	642	308	4	8	643	9	649	6.7e-183	637.1
BCW-200101_01371	gnl|TC-DB|P07373|2.A.103.1.3	36.2	373	217	7	9	376	9	365	1.9e-52	203.0
BCW-200101_01385	gnl|TC-DB|Q04454|2.A.86.1.3	36.3	344	209	6	9	348	41	378	7.7e-48	187.6
BCW-200101_01388	gnl|TC-DB|Q42524|4.C.1.1.7	28.0	511	335	7	36	536	67	554	2.7e-60	229.6
BCW-200101_01396	gnl|TC-DB|Q2FUL6|3.A.1.25.2	43.7	158	84	3	9	164	7	161	1.6e-23	105.9
BCW-200101_01402	gnl|TC-DB|P94571|9.B.105.1.3	34.0	194	121	5	4	193	1	191	9.3e-19	90.1
BCW-200101_01413	gnl|TC-DB|Q5L082|9.A.5.2.1	68.6	421	131	1	23	443	22	441	6.4e-161	563.5
BCW-200101_01417	gnl|TC-DB|Q83XH1|3.A.1.121.4	69.8	533	159	2	1	533	1	531	1.6e-222	768.5
BCW-200101_01456	gnl|TC-DB|Q99ZY3|3.A.1.34.1	45.2	230	126	0	21	250	15	244	2.0e-48	189.1
BCW-200101_01457	gnl|TC-DB|Q99ZY4|3.A.1.34.1	30.9	285	178	4	5	288	2	268	5.4e-27	118.2
BCW-200101_01462	gnl|TC-DB|P77735|8.A.5.1.6	36.3	325	183	7	1	312	1	314	9.6e-45	177.2
BCW-200101_01464	gnl|TC-DB|P28635|3.A.1.24.1	42.5	254	136	6	18	266	20	268	1.5e-51	199.5
BCW-200101_01465	gnl|TC-DB|Q8NSN3|3.A.1.24.4	51.8	220	106	0	1	220	3	222	4.6e-59	224.2
BCW-200101_01466	gnl|TC-DB|O32169|3.A.1.24.2	48.2	340	175	1	1	339	1	340	2.3e-86	315.5
BCW-200101_01473	gnl|TC-DB|Q9HT68|3.A.1.24.5	39.4	254	149	5	12	263	4	254	4.4e-43	171.4
BCW-200101_01475	gnl|TC-DB|P69451|4.C.1.1.4	37.6	532	309	8	2	513	24	552	5.5e-95	344.7
BCW-200101_01479	gnl|TC-DB|P32399|9.B.74.1.3	53.2	775	290	4	1	711	1	766	7.7e-63	238.4
BCW-200101_01484	gnl|TC-DB|Q819S9|2.A.45.3.1	66.0	468	152	2	1	468	1	461	5.2e-161	563.9
BCW-200101_01485	gnl|TC-DB|P55341|3.A.1.143.1	50.0	234	114	1	4	237	2	232	2.9e-59	224.9
BCW-200101_01486	gnl|TC-DB|P55340|3.A.1.143.1	36.1	404	255	3	1	402	1	403	1.0e-64	243.8
BCW-200101_01487	gnl|TC-DB|P55339|3.A.1.143.1	70.4	243	72	0	1	243	1	243	1.4e-101	365.5
BCW-200101_01490	gnl|TC-DB|O07515|2.A.88.4.1	56.4	172	74	1	1	172	1	171	2.2e-43	171.8
BCW-200101_01561	gnl|TC-DB|O28528|1.A.11.2.7	43.2	421	221	5	10	417	40	455	1.5e-85	313.2
BCW-200101_01564	gnl|TC-DB|Q8DNB9|3.A.1.142.1	36.9	214	135	0	4	217	3	216	1.8e-40	162.9
BCW-200101_01565	gnl|TC-DB|Q8DNC0|3.A.1.142.1	28.0	239	162	4	9	241	19	253	7.4e-26	114.0
BCW-200101_01570	gnl|TC-DB|Q8XME6|2.A.114.1.4	50.4	458	217	3	1	454	1	452	1.2e-128	456.4
BCW-200101_01578	gnl|TC-DB|Q8NS49|2.A.21.7.3	46.6	481	239	4	4	466	71	551	2.4e-105	379.0
BCW-200101_01581	gnl|TC-DB|Q53902|2.A.6.5.1	30.5	682	433	13	19	688	16	668	3.9e-67	252.7
BCW-200101_01582	gnl|TC-DB|P18156|1.A.8.2.1	63.6	253	92	0	1	253	1	253	6.7e-97	350.1
BCW-200101_01589	gnl|TC-DB|P0AEB5|1.A.23.4.3	35.6	225	141	3	135	356	118	341	2.1e-35	146.4
BCW-200101_01590	gnl|TC-DB|P31552|4.C.1.1.6	26.7	531	331	10	42	564	37	517	2.3e-49	193.4
BCW-200101_01591	gnl|TC-DB|Q57079|3.B.1.1.2	31.5	492	321	7	4	492	5	483	6.3e-67	251.5
BCW-200101_01592	gnl|TC-DB|P42065|3.A.1.5.20	56.3	318	135	2	4	317	8	325	9.9e-103	369.8
BCW-200101_01593	gnl|TC-DB|Q9X271|3.A.1.5.15	50.9	316	153	2	6	321	3	316	3.9e-86	314.7
BCW-200101_01594	gnl|TC-DB|P75799|3.A.1.5.11	45.5	244	132	1	35	277	59	302	2.1e-48	189.1
BCW-200101_01595	gnl|TC-DB|P75798|3.A.1.5.11	38.9	311	182	1	5	315	4	306	6.0e-60	227.6
BCW-200101_01596	gnl|TC-DB|P75797|3.A.1.5.11	28.2	471	316	9	52	504	30	496	4.7e-46	182.2
BCW-200101_01597	gnl|TC-DB|P69451|4.C.1.1.4	33.4	530	311	13	29	534	38	549	3.6e-73	272.3
BCW-200101_01602	gnl|TC-DB|O06967|3.A.1.117.3	54.2	576	261	2	2	577	6	578	2.1e-172	602.1
BCW-200101_01603	gnl|TC-DB|Q9X4A5|2.A.15.1.11	64.3	507	179	2	1	506	1	506	7.8e-187	649.8
BCW-200101_01605	gnl|TC-DB|P39843|2.A.1.2.8	40.4	386	229	1	4	388	7	392	5.4e-82	301.2
BCW-200101_01614	gnl|TC-DB|Q9KN48|3.A.23.1.1	32.6	374	214	6	122	458	156	528	7.1e-46	181.4
BCW-200101_01618	gnl|TC-DB|P28635|3.A.1.24.1	36.9	260	153	3	17	273	20	271	1.2e-48	189.9
BCW-200101_01619	gnl|TC-DB|O32169|3.A.1.24.2	48.2	336	171	1	1	333	1	336	5.1e-89	324.3
BCW-200101_01620	gnl|TC-DB|Q9HT69|3.A.1.24.5	45.0	209	115	0	14	222	16	224	4.2e-44	174.5
BCW-200101_01623	gnl|TC-DB|Q8RFA1|2.A.8.1.13	53.3	443	191	6	16	450	1	435	6.8e-121	430.6
BCW-200101_01624	gnl|TC-DB|Q9KN48|3.A.23.1.1	40.9	276	152	2	213	478	144	418	8.7e-54	208.0
BCW-200101_01628	gnl|TC-DB|P94360|3.A.1.1.26	73.0	248	67	0	1	248	1	248	2.8e-101	364.8
BCW-200101_01630	gnl|TC-DB|P37329|3.A.1.8.1	36.9	252	148	5	16	260	8	255	2.5e-35	145.6
BCW-200101_01631	gnl|TC-DB|Q8TJ86|3.A.1.8.2	43.6	204	115	0	15	218	10	213	9.5e-44	173.3
BCW-200101_01635	gnl|TC-DB|P20021|3.A.3.6.1	71.0	717	199	2	73	780	10	726	3.4e-290	993.8
BCW-200101_01638	gnl|TC-DB|Q9F3K7|3.A.1.3.24	53.4	251	112	2	2	247	3	253	9.5e-69	256.5
BCW-200101_01639	gnl|TC-DB|P73544|3.A.1.3.12	39.2	212	127	2	4	213	301	512	1.3e-32	136.3
BCW-200101_01640	gnl|TC-DB|P54535|3.A.1.3.15	31.5	254	168	6	3	254	2	251	2.2e-28	122.5
BCW-200101_01642	gnl|TC-DB|P39843|2.A.1.2.8	76.3	393	93	0	2	394	1	393	1.7e-165	578.6
BCW-200101_01647	gnl|TC-DB|Q9FA44|2.A.80.1.1	39.0	500	299	2	1	500	1	494	1.0e-98	357.1
BCW-200101_01649	gnl|TC-DB|Q9FA46|2.A.80.1.1	31.9	295	200	1	48	342	32	325	2.2e-39	159.5
BCW-200101_01655	gnl|TC-DB|D5ARG8|2.A.88.1.3	36.8	171	101	5	10	173	4	174	2.5e-16	82.0
BCW-200101_01665	gnl|TC-DB|O94911|3.A.1.211.6	27.8	187	127	4	19	200	1268	1451	1.9e-17	86.3
BCW-200101_01712	gnl|TC-DB|A1RZ60|8.A.8.1.6	44.3	79	44	0	5	83	5	83	1.1e-11	65.5
BCW-200101_01729	gnl|TC-DB|C9RAK9|9.B.156.1.5	45.5	132	72	0	5	136	11	142	1.2e-23	107.1
BCW-200101_01733	gnl|TC-DB|K0J6Q4|1.E.40.3.4	50.5	109	53	1	4	112	5	112	3.1e-19	90.9
BCW-200101_01740	gnl|TC-DB|O32095|2.A.86.1.8	49.9	365	182	1	1	365	1	364	7.9e-96	347.1
BCW-200101_01752	gnl|TC-DB|Q74GA7|3.D.1.5.1	64.5	141	49	1	19	159	10	149	3.4e-54	207.6
BCW-200101_01753	gnl|TC-DB|P56751|3.D.1.8.1	50.9	114	56	0	11	124	7	120	1.5e-27	118.6
BCW-200101_01755	gnl|TC-DB|P50002|3.A.2.1.5	70.3	468	132	2	2	469	4	464	7.3e-187	649.8
BCW-200101_01756	gnl|TC-DB|P50005|3.A.2.1.5	37.7	302	165	3	3	285	4	301	6.0e-51	197.6
BCW-200101_01757	gnl|TC-DB|P29706|3.A.2.1.2	64.9	501	173	2	1	499	1	500	8.6e-178	619.8
BCW-200101_01758	gnl|TC-DB|Q9RMB3|3.A.2.1.5	32.2	174	116	2	4	176	2	174	2.8e-22	101.7
BCW-200101_01761	gnl|TC-DB|P21903|3.A.2.1.2	30.4	224	134	7	20	232	69	281	3.0e-16	82.0
BCW-200101_01762	gnl|TC-DB|P20598|1.A.77.3.4	56.9	123	53	0	1	123	1	123	6.0e-35	143.3
BCW-200101_01764	gnl|TC-DB|D9SZH8|2.A.7.3.49	44.6	92	47	3	460	548	682	772	1.1e-12	72.0
BCW-200101_01771	gnl|TC-DB|F8CVI0|1.B.52.2.2	57.6	288	120	1	3	290	5	290	5.1e-78	288.1
BCW-200101_01773	gnl|TC-DB|I0JS30|2.A.107.1.3	42.4	172	99	0	7	178	3	174	2.6e-31	131.7
BCW-200101_01808	gnl|TC-DB|Q6MLN2|9.B.149.1.11	39.5	190	105	3	17	197	15	203	1.8e-31	132.5
BCW-200101_01827	gnl|TC-DB|P31135|3.A.1.11.2	31.9	304	194	3	14	304	9	312	1.8e-32	136.3
BCW-200101_01828	gnl|TC-DB|Q5HGY5|3.A.1.11.8	47.1	323	145	4	8	325	5	306	1.4e-73	273.1
BCW-200101_01831	gnl|TC-DB|Q9KN48|3.A.23.1.1	43.5	253	135	1	115	367	178	422	3.8e-52	202.2
BCW-200101_01834	gnl|TC-DB|O05215|2.A.51.1.5	38.8	178	106	1	1	178	1	175	2.5e-31	131.7
BCW-200101_01835	gnl|TC-DB|O05215|2.A.51.1.5	42.5	167	96	0	25	191	4	170	1.7e-36	149.1
BCW-200101_01837	gnl|TC-DB|P42065|3.A.1.5.20	54.3	322	144	2	15	333	5	326	7.0e-99	357.1
BCW-200101_01838	gnl|TC-DB|Q9X0F4|3.A.1.5.12	53.3	321	145	3	4	319	3	323	1.6e-92	335.9
BCW-200101_01839	gnl|TC-DB|P75797|3.A.1.5.11	28.0	464	316	10	54	503	41	500	4.5e-41	165.6
BCW-200101_01840	gnl|TC-DB|P75799|3.A.1.5.11	47.7	281	135	4	20	295	28	301	7.3e-60	227.3
BCW-200101_01841	gnl|TC-DB|W0WN20|3.A.1.5.39	43.9	335	166	2	1	313	1	335	1.7e-67	252.7
BCW-200101_01853	gnl|TC-DB|P0A9U1|3.A.1.105.15	40.5	237	134	2	7	236	329	565	3.6e-52	201.4
BCW-200101_01854	gnl|TC-DB|Q3Z8A7|3.A.1.105.6	32.3	195	131	1	146	339	47	241	1.6e-21	100.1
BCW-200101_01858	gnl|TC-DB|P76460|2.A.73.1.1	49.7	435	219	0	4	438	5	439	4.6e-119	424.5
BCW-200101_01861	gnl|TC-DB|O06967|3.A.1.117.3	52.1	582	278	1	1	581	1	582	1.4e-168	589.3
BCW-200101_01862	gnl|TC-DB|P73329|3.A.1.141.1	42.1	321	183	2	6	325	2	320	2.4e-67	252.3
BCW-200101_01865	gnl|TC-DB|Q8EHH6|9.A.5.1.1	54.9	448	201	1	2	448	5	452	9.5e-136	479.9
BCW-200101_01867	gnl|TC-DB|Q07837|8.A.9.1.2	30.1	525	300	15	3	503	117	598	4.7e-68	255.4
BCW-200101_01872	gnl|TC-DB|Q5KYD1|2.A.17.1.7	73.7	495	128	2	2	495	3	496	2.1e-208	721.5
BCW-200101_01874	gnl|TC-DB|P76350|2.A.1.6.6	38.6	414	251	2	7	417	21	434	2.3e-86	315.8
BCW-200101_01875	gnl|TC-DB|P39843|2.A.1.2.8	31.9	386	257	1	2	381	7	392	6.9e-50	194.5
BCW-200101_01876	gnl|TC-DB|A0QQ68|3.A.1.9.2	33.0	176	116	2	86	260	84	258	9.4e-17	84.0
BCW-200101_01877	gnl|TC-DB|P16683|3.A.1.9.1	27.2	246	162	4	18	258	23	256	3.7e-15	78.6
BCW-200101_01878	gnl|TC-DB|P16677|3.A.1.9.1	39.9	248	143	3	2	244	3	249	6.1e-47	184.1
BCW-200101_01881	gnl|TC-DB|P37774|3.A.1.3.10	30.6	235	154	5	1	234	1	227	4.4e-23	104.8
BCW-200101_01883	gnl|TC-DB|P75796|3.A.1.5.11	39.9	243	135	4	42	275	29	269	2.3e-39	159.1
BCW-200101_01895	gnl|TC-DB|O34697|3.A.1.134.3	82.5	252	44	0	1	252	1	252	1.4e-115	412.1
BCW-200101_01896	gnl|TC-DB|O34741|3.A.1.134.3	61.7	647	247	1	1	647	1	646	1.3e-218	755.7
BCW-200101_01900	gnl|TC-DB|Q9A1H1|3.A.1.3.20	64.2	243	86	1	3	244	4	246	1.3e-83	305.8
BCW-200101_01901	gnl|TC-DB|Q9A1H0|3.A.1.3.20	55.2	239	106	1	35	273	281	518	1.1e-68	256.5
BCW-200101_01902	gnl|TC-DB|Q9A1H0|3.A.1.3.20	50.6	237	117	0	45	281	29	265	1.6e-67	252.7
BCW-200101_01903	gnl|TC-DB|P42308|2.A.11.1.2	36.3	438	264	4	3	440	2	424	2.2e-76	282.7
BCW-200101_01907	gnl|TC-DB|M3JA40|1.B.52.2.1	97.1	35	1	0	323	357	301	335	7.3e-12	68.6
BCW-200101_01914	gnl|TC-DB|Q57130|3.A.1.14.11	41.3	317	183	2	19	334	22	336	5.5e-64	241.1
BCW-200101_01915	gnl|TC-DB|Q56993|3.A.1.14.5	31.1	228	145	2	27	248	28	249	1.4e-28	123.2
BCW-200101_01921	gnl|TC-DB|O34987|2.A.40.7.2	60.7	440	171	1	1	440	1	438	2.6e-138	488.4
BCW-200101_01943	gnl|TC-DB|Q74GA6|3.D.1.5.1	36.2	130	70	3	57	175	30	157	2.2e-19	92.0
BCW-200101_01944	gnl|TC-DB|Q9PM99|3.D.1.7.1	46.1	386	182	2	6	365	22	407	3.6e-101	364.8
BCW-200101_01945	gnl|TC-DB|Q746T2|3.D.1.5.1	46.4	323	157	4	13	325	6	322	1.9e-72	269.2
BCW-200101_01947	gnl|TC-DB|Q9P9F7|3.D.9.1.1	36.8	163	95	3	4	161	12	171	2.6e-17	85.1
BCW-200101_01948	gnl|TC-DB|Q9P9F6|3.D.9.1.1	50.5	103	49	1	1	103	1	101	1.2e-20	95.5
BCW-200101_01949	gnl|TC-DB|P29924|3.D.1.2.1	47.4	492	229	9	12	477	9	496	1.3e-103	373.6
BCW-200101_01950	gnl|TC-DB|P29925|3.D.1.2.1	32.6	491	307	5	5	482	3	482	2.9e-69	259.2
BCW-200101_01951	gnl|TC-DB|Q9P9F3|3.D.9.1.1	31.6	490	296	10	14	484	7	476	2.6e-57	219.5
BCW-200101_01956	gnl|TC-DB|O35002|9.B.174.1.1	54.9	477	213	2	1	477	1	475	1.9e-142	502.3
BCW-200101_01959	gnl|TC-DB|P0A9R7|3.A.1.140.1	42.3	227	126	1	1	227	1	222	2.5e-47	185.3
BCW-200101_01963	gnl|TC-DB|P10408|3.A.5.1.1	49.4	900	387	9	1	835	2	898	8.2e-234	806.6
BCW-200101_01985	gnl|TC-DB|G2JSZ8|3.A.11.1.4	40.2	174	89	4	1	170	56	218	4.3e-28	120.9
BCW-200101_01986	gnl|TC-DB|P39145|3.A.11.1.1	49.0	455	226	3	37	489	8	458	6.6e-122	434.1
BCW-200101_02001	gnl|TC-DB|P0AC78|9.B.146.1.7	28.3	332	227	7	6	329	10	338	3.9e-20	95.5
BCW-200101_02004	gnl|TC-DB|P0AF16|2.A.66.4.3	24.7	441	316	8	5	434	3	438	6.6e-24	108.6
BCW-200101_02009	gnl|TC-DB|D1GQ17|3.A.1.104.2	55.7	264	117	0	1	264	1	264	2.5e-83	305.1
BCW-200101_02010	gnl|TC-DB|D1GQ18|3.A.1.104.2	46.8	265	136	1	6	265	6	270	5.0e-68	254.2
BCW-200101_02016	gnl|TC-DB|Q9AIS0|1.C.105.2.6	44.2	226	111	4	797	1022	1185	1395	2.4e-46	184.1
BCW-200101_02022	gnl|TC-DB|P42217|9.A.41.1.2	44.0	300	154	3	64	358	349	639	1.1e-57	220.3
BCW-200101_02023	gnl|TC-DB|P42217|9.A.41.1.2	42.9	282	159	1	90	371	368	647	4.2e-56	216.1
BCW-200101_02039	gnl|TC-DB|P19072|2.A.26.1.1	36.0	433	264	5	10	438	9	432	6.1e-66	248.1
BCW-200101_02042	gnl|TC-DB|Q9KN48|3.A.23.1.1	44.0	225	125	1	152	376	195	418	4.3e-51	198.7
BCW-200101_02043	gnl|TC-DB|P76350|2.A.1.6.6	37.5	416	256	3	7	418	22	437	3.9e-78	288.5
BCW-200101_02044	gnl|TC-DB|P31552|4.C.1.1.6	38.0	526	304	8	1	513	1	517	8.6e-96	347.4
BCW-200101_02058	gnl|TC-DB|Q9KN48|3.A.23.1.1	32.3	390	231	6	240	597	133	521	3.6e-45	179.5
BCW-200101_02072	gnl|TC-DB|P42061|3.A.1.5.20	25.3	475	319	14	65	507	62	532	2.7e-33	139.8
BCW-200101_02073	gnl|TC-DB|P75798|3.A.1.5.11	39.9	306	183	1	1	305	1	306	2.7e-57	218.8
BCW-200101_02074	gnl|TC-DB|W0WMS8|3.A.1.5.39	35.6	298	187	2	8	300	3	300	3.5e-49	191.8
BCW-200101_02075	gnl|TC-DB|P42064|3.A.1.5.20	54.1	318	145	1	5	321	4	321	1.5e-96	349.4
BCW-200101_02076	gnl|TC-DB|P42065|3.A.1.5.20	59.0	324	129	3	3	322	6	329	6.2e-108	387.1
BCW-200101_02078	gnl|TC-DB|P26902|3.A.1.5.2	36.4	272	167	5	1	269	1	269	4.2e-41	164.9
BCW-200101_02080	gnl|TC-DB|P42065|3.A.1.5.20	59.1	320	127	3	17	332	9	328	1.1e-107	386.3
BCW-200101_02081	gnl|TC-DB|P42064|3.A.1.5.20	55.0	320	142	2	6	324	4	322	1.1e-96	349.7
BCW-200101_02082	gnl|TC-DB|P77463|3.A.1.5.38	45.9	244	131	1	53	295	48	291	4.7e-46	181.4
BCW-200101_02083	gnl|TC-DB|P75798|3.A.1.5.11	41.7	312	174	1	1	312	1	304	1.8e-64	242.7
BCW-200101_02084	gnl|TC-DB|P42061|3.A.1.5.20	26.7	517	327	13	37	519	40	538	6.2e-38	155.2
BCW-200101_02091	gnl|TC-DB|O33854|2.A.1.8.15	47.3	376	195	1	21	396	8	380	1.1e-95	347.1
BCW-200101_02097	gnl|TC-DB|P31075|5.A.3.5.2	24.5	710	461	19	19	685	45	722	2.9e-46	183.3
BCW-200101_02100	gnl|TC-DB|Q8R9L8|3.A.1.33.1	39.5	560	326	8	1	554	3	555	1.8e-110	396.4
BCW-200101_02101	gnl|TC-DB|A2RI03|3.A.1.25.4	30.5	246	154	5	16	247	16	258	4.5e-16	81.6
BCW-200101_02106	gnl|TC-DB|H8W9K8|2.A.46.1.8	41.0	437	255	3	1	436	1	435	2.2e-95	345.9
BCW-200101_02114	gnl|TC-DB|Q55487|4.D.2.1.9	34.2	307	192	4	6	310	5	303	1.1e-46	183.7
BCW-200101_02118	gnl|TC-DB|Q38V35|2.A.21.3.20	23.8	478	335	6	6	458	12	485	9.3e-17	84.7
BCW-200101_02124	gnl|TC-DB|Q8FA80|2.A.56.1.8	39.6	422	255	0	1	422	1	422	1.5e-77	286.6
BCW-200101_02125	gnl|TC-DB|Q8FA79|2.A.56.1.8	32.9	149	98	2	9	157	7	153	1.3e-15	79.3
BCW-200101_02126	gnl|TC-DB|Q8FA78|2.A.56.1.8	44.2	267	149	0	67	333	3	269	3.6e-63	238.4
BCW-200101_02131	gnl|TC-DB|Q9FA44|2.A.80.1.1	44.2	489	270	3	7	493	7	494	2.3e-106	382.5
BCW-200101_02139	gnl|TC-DB|Q8DQH7|3.A.1.4.10	56.2	233	102	0	1	233	3	235	3.0e-72	268.1
BCW-200101_02140	gnl|TC-DB|Q8DQH8|3.A.1.4.10	44.3	253	125	2	1	237	1	253	1.7e-51	199.1
BCW-200101_02141	gnl|TC-DB|Q8VM84|3.A.1.4.3	32.7	303	192	5	6	303	17	312	3.2e-27	119.0
BCW-200101_02142	gnl|TC-DB|Q8VM85|3.A.1.4.3	30.0	290	201	2	1	289	1	289	1.5e-33	139.8
BCW-200101_02152	gnl|TC-DB|P75799|3.A.1.5.11	37.1	275	173	0	226	500	27	301	5.6e-52	201.8
BCW-200101_02153	gnl|TC-DB|P75798|3.A.1.5.11	40.4	275	163	1	208	482	33	306	1.1e-49	194.1
BCW-200101_02154	gnl|TC-DB|P75796|3.A.1.5.11	48.3	609	282	9	2	580	10	615	3.8e-145	511.5
BCW-200101_02163	gnl|TC-DB|917585193|9.B.18.1.3	38.3	196	104	6	2	188	261	448	1.0e-26	116.7
BCW-200101_02167	gnl|TC-DB|Q6MMD5|9.B.18.2.1	38.8	583	334	10	11	583	33	602	3.0e-100	362.5
BCW-200101_02169	gnl|TC-DB|P39851|8.A.3.2.1	46.7	212	112	1	25	235	16	227	2.0e-52	202.2
BCW-200101_02170	gnl|TC-DB|P72367|8.A.3.2.4	40.0	220	129	2	1	219	1	218	1.0e-35	146.7
BCW-200101_02188	gnl|TC-DB|Q5G3M3|3.A.7.19.1	52.8	106	50	0	1	106	1	106	8.6e-30	126.3
BCW-200101_02195	gnl|TC-DB|Q8F2L2|1.A.33.1.5	56.2	324	142	0	1	324	9	332	2.4e-107	385.2
BCW-200101_02198	gnl|TC-DB|P71044|1.A.34.1.1	48.1	233	120	1	1	233	1	232	2.9e-59	225.3
BCW-200101_02200	gnl|TC-DB|O31791|2.A.7.1.6	50.0	112	56	0	1	112	1	112	5.2e-22	100.1
BCW-200101_02201	gnl|TC-DB|Q2FD83|2.A.7.1.11	51.0	102	50	0	1	102	1	102	9.7e-23	102.4
BCW-200101_02220	gnl|TC-DB|P43531|2.A.1.36.1	40.1	382	229	0	3	384	26	407	2.4e-77	285.8
BCW-200101_02224	gnl|TC-DB|P54537|3.A.1.3.15	61.7	240	92	0	1	240	1	240	1.4e-80	295.8
BCW-200101_02225	gnl|TC-DB|Q8RCC4|3.A.1.3.27	34.6	269	159	6	2	265	3	259	4.8e-34	141.4
BCW-200101_02226	gnl|TC-DB|A1VZQ3|3.A.1.3.16	37.3	201	121	1	11	206	42	242	7.8e-32	133.7
BCW-200101_02227	gnl|TC-DB|A1VZQ3|3.A.1.3.16	35.3	204	131	1	11	214	40	242	7.0e-28	120.6
BCW-200101_02236	gnl|TC-DB|P29018|3.A.1.129.1	30.2	560	382	3	2	554	13	570	1.4e-70	263.8
BCW-200101_02237	gnl|TC-DB|P23886|3.A.1.129.1	32.5	575	371	9	1	563	1	570	3.8e-65	245.7
BCW-200101_02239	gnl|TC-DB|P0ABJ9|3.D.4.3.2	26.1	522	297	12	5	446	3	515	4.5e-37	152.1
BCW-200101_02248	gnl|TC-DB|J8ABC0|3.A.1.105.9	47.9	311	160	2	1	310	1	310	2.5e-79	292.0
BCW-200101_02254	gnl|TC-DB|P94357|2.A.115.1.2	28.6	266	189	1	38	303	9	273	3.8e-27	118.6
BCW-200101_02260	gnl|TC-DB|O32139|2.A.40.3.2	32.9	435	269	10	21	442	7	431	2.6e-53	206.1
BCW-200101_02261	gnl|TC-DB|O49931|3.A.9.1.1	24.1	261	184	8	56	308	90	344	6.8e-18	88.2
BCW-200101_02272	gnl|TC-DB|G4NXW2|2.A.76.1.8	33.0	206	127	4	6	202	3	206	1.8e-17	85.9
BCW-200101_02283	gnl|TC-DB|M2YZE6|9.B.62.3.4	36.4	154	89	4	1	149	1	150	6.0e-13	71.2
BCW-200101_02285	gnl|TC-DB|P77389|2.A.1.2.65	37.3	383	234	3	11	392	5	382	1.3e-59	226.9
BCW-200101_02286	gnl|TC-DB|P80874|8.A.5.1.4	22.2	320	191	10	10	276	8	322	1.7e-13	73.2
BCW-200101_02296	gnl|TC-DB|Q0W8T7|3.A.1.144.2	34.5	310	186	6	1	300	4	306	2.5e-47	185.7
BCW-200101_02301	gnl|TC-DB|P42332|3.A.1.131.1	44.6	307	169	1	1	307	1	306	6.6e-72	267.3
BCW-200101_02327	gnl|TC-DB|D2B262|9.B.169.1.11	34.6	286	143	11	26	302	48	298	1.2e-20	97.1
BCW-200101_02334	gnl|TC-DB|P94357|2.A.115.1.2	64.7	278	98	0	1	278	1	278	1.6e-101	365.5
BCW-200101_02336	gnl|TC-DB|O35018|2.A.1.3.30	62.9	472	174	1	7	477	6	477	3.1e-145	511.5
BCW-200101_02342	gnl|TC-DB|A3T1V5|2.A.59.2.1	30.7	287	185	6	4	283	6	285	6.0e-20	94.7
BCW-200101_02348	gnl|TC-DB|B8GAU7|2.A.1.81.2	36.7	392	239	5	31	418	14	400	3.0e-54	209.1
BCW-200101_02361	gnl|TC-DB|Q99ZC8|3.A.1.132.6	31.2	221	146	4	1	220	1	216	1.2e-25	113.6
BCW-200101_02367	gnl|TC-DB|G4NXW2|2.A.76.1.8	35.4	209	128	2	1	202	1	209	3.0e-28	121.7
BCW-200101_02382	gnl|TC-DB|Q9I458|2.A.1.11.2	27.6	398	262	7	8	404	7	379	1.4e-24	110.5
BCW-200101_02386	gnl|TC-DB|Q8NLX4|2.A.102.4.8	46.7	257	126	5	1	251	1	252	3.5e-51	198.4
BCW-200101_02410	gnl|TC-DB|Q5F721|2.A.68.1.2	45.1	512	265	3	16	511	7	518	6.8e-122	434.1
BCW-200101_02429	gnl|TC-DB|P69874|3.A.1.11.1	44.4	232	127	1	1	230	17	248	1.1e-53	206.5
BCW-200101_02430	gnl|TC-DB|A3N295|3.A.1.20.3	22.2	526	381	9	26	531	155	672	3.5e-28	122.9
BCW-200101_02454	gnl|TC-DB|O34442|1.A.26.1.3	56.6	447	194	0	1	447	5	451	8.3e-140	493.4
BCW-200101_02457	gnl|TC-DB|D6XYZ9|2.A.102.6.2	41.4	227	129	3	5	227	8	234	6.4e-41	164.1
BCW-200101_02465	gnl|TC-DB|G4FGN3|3.A.1.2.20	39.9	496	294	3	1	496	1	492	5.2e-106	381.3
BCW-200101_02466	gnl|TC-DB|Q1M4Q8|3.A.1.2.16	33.8	334	206	3	6	330	23	350	3.8e-41	165.2
BCW-200101_02468	gnl|TC-DB|Q9KN48|3.A.23.1.1	47.5	223	117	0	270	492	195	417	9.6e-56	214.5
BCW-200101_02475	gnl|TC-DB|B9DIS8|9.B.97.5.1	38.9	622	348	7	4	622	13	605	2.5e-118	422.5
BCW-200101_02489	gnl|TC-DB|Q97PQ1|2.A.4.7.6	40.2	286	171	0	3	288	2	287	3.9e-61	231.5
BCW-200101_02490	gnl|TC-DB|P24943|2.A.23.1.2	66.1	115	36	1	6	117	187	301	4.4e-33	137.1
BCW-200101_02493	gnl|TC-DB|Q9WYC3|3.A.1.135.5	43.9	569	318	1	5	572	2	570	8.1e-132	467.2
BCW-200101_02494	gnl|TC-DB|Q9WYC4|3.A.1.135.5	45.1	583	315	4	26	604	10	591	4.1e-142	501.5
BCW-200101_02495	gnl|TC-DB|Q9KN48|3.A.23.1.1	31.2	372	241	4	117	487	167	524	3.0e-42	169.5
BCW-200101_02518	gnl|TC-DB|A7I6E8|2.A.115.1.7	30.3	165	114	1	4	167	34	198	2.0e-15	79.0
BCW-200101_02525	gnl|TC-DB|Q9MUK5|3.A.9.1.1	47.3	110	58	0	105	214	97	206	4.9e-21	99.0
BCW-200101_02527	gnl|TC-DB|D9SZH8|2.A.7.3.49	31.5	327	180	15	221	516	490	803	2.1e-20	98.2
BCW-200101_02529	gnl|TC-DB|F8CVI0|1.B.52.2.2	26.2	248	182	1	174	421	42	288	1.3e-17	87.8
BCW-200101_02535	gnl|TC-DB|Q0W8T4|3.A.1.144.1	44.9	234	123	3	4	232	11	243	1.9e-49	192.6
BCW-200101_02552	gnl|TC-DB|P39803|2.A.115.1.1	41.9	272	152	2	3	268	8	279	3.1e-57	218.4
BCW-200101_02565	gnl|TC-DB|Q45064|9.B.31.1.2	44.8	181	100	0	9	189	10	190	5.7e-35	144.1
BCW-200101_02576	gnl|TC-DB|O30513|2.A.1.15.5	37.0	405	243	5	40	438	31	429	3.4e-69	258.8
BCW-200101_02579	gnl|TC-DB|P46920|3.A.1.12.2	56.7	252	108	1	19	269	30	281	1.1e-79	293.1
BCW-200101_02580	gnl|TC-DB|P46921|3.A.1.12.2	50.5	275	136	0	7	281	6	280	5.0e-58	221.1
BCW-200101_02581	gnl|TC-DB|P46922|3.A.1.12.2	52.2	295	136	3	1	293	1	292	5.5e-92	334.0
BCW-200101_02582	gnl|TC-DB|B7HXY3|2.A.116.3.3	58.7	218	90	0	1	218	1	218	1.4e-68	255.8
BCW-200101_02587	gnl|TC-DB|Q8TM30|3.A.1.122.6	46.2	221	119	0	1	221	1	221	3.7e-54	208.0
BCW-200101_02589	gnl|TC-DB|F8D413|3.A.1.105.12	29.3	300	202	3	9	305	9	301	1.9e-34	142.9
BCW-200101_02592	gnl|TC-DB|Q42524|4.C.1.1.7	21.2	481	335	13	507	957	87	553	1.9e-14	78.6
BCW-200101_02598	gnl|TC-DB|P31119|4.C.1.1.16	23.2	362	234	13	140	475	367	710	1.9e-12	70.5
BCW-200101_02613	gnl|TC-DB|O31709|3.A.1.122.2	33.8	216	137	2	1	210	5	220	2.2e-26	115.5
BCW-200101_02614	gnl|TC-DB|O31710|3.A.1.122.2	36.2	376	235	2	3	373	2	377	6.2e-56	214.5
BCW-200101_02615	gnl|TC-DB|O31711|3.A.1.122.2	73.9	222	58	0	1	222	1	222	1.1e-87	319.3
BCW-200101_02616	gnl|TC-DB|O31712|3.A.1.122.2	62.1	398	150	1	1	398	1	397	8.4e-136	479.9
BCW-200101_02622	gnl|TC-DB|P31552|4.C.1.1.6	34.9	484	293	8	34	501	39	516	5.8e-81	298.1
BCW-200101_02623	gnl|TC-DB|P76460|2.A.73.1.1	38.3	441	261	5	1	435	1	436	2.0e-77	286.2
BCW-200101_02629	gnl|TC-DB|P0AGE4|2.A.23.4.1	60.8	395	154	1	12	405	17	411	3.6e-118	421.4
BCW-200101_02631	gnl|TC-DB|P0AA82|2.A.39.1.1	57.3	396	168	1	5	400	4	398	3.4e-119	424.9
BCW-200101_02654	gnl|TC-DB|P69451|4.C.1.1.4	21.0	548	365	13	498	998	23	549	1.2e-22	105.5
BCW-200101_02655	gnl|TC-DB|P31552|4.C.1.1.6	22.8	505	335	15	558	1034	39	516	5.2e-23	107.1
BCW-200101_02660	gnl|TC-DB|P69451|4.C.1.1.4	23.0	566	361	13	4	522	12	549	6.9e-31	132.9
BCW-200101_02662	gnl|TC-DB|Q42524|4.C.1.1.7	22.4	527	374	15	4	517	46	550	2.9e-18	90.1
BCW-200101_02675	gnl|TC-DB|Q42524|4.C.1.1.7	30.2	494	312	9	27	489	63	554	2.9e-53	206.1
BCW-200101_02687	gnl|TC-DB|Q55107|3.A.1.16.3	43.3	194	108	2	22	213	24	217	1.9e-40	162.5
BCW-200101_02702	gnl|TC-DB|O34546|2.A.1.2.69	64.1	395	140	2	1	394	1	394	6.2e-139	490.3
BCW-200101_02708	gnl|TC-DB|Q00758|2.A.66.2.14	22.4	442	322	7	6	442	7	432	2.8e-17	86.7
BCW-200101_02713	gnl|TC-DB|Q93A35|3.A.1.12.8	52.5	322	136	5	1	309	1	318	5.8e-87	317.4
BCW-200101_02714	gnl|TC-DB|Q93A34|3.A.1.12.8	65.4	503	174	0	1	503	1	503	2.6e-182	634.8
BCW-200101_02715	gnl|TC-DB|G0IP52|3.A.1.143.2	53.2	231	105	2	2	232	4	231	9.3e-66	246.5
BCW-200101_02716	gnl|TC-DB|G0IP51|3.A.1.143.2	21.9	366	262	6	16	368	16	370	1.0e-13	74.3
BCW-200101_02721	gnl|TC-DB|Q7AKP1|3.A.1.1.44	25.8	330	212	13	54	370	52	361	4.4e-13	72.4
BCW-200101_02722	gnl|TC-DB|Q8NMV4|3.A.1.1.45	37.5	280	165	4	8	285	9	280	1.1e-49	193.4
BCW-200101_02723	gnl|TC-DB|Q8NMV5|3.A.1.1.45	39.8	259	150	3	20	272	45	303	2.2e-47	185.7
BCW-200101_02730	gnl|TC-DB|Q07837|8.A.9.1.2	30.4	523	309	14	5	510	117	601	6.1e-68	255.0
BCW-200101_02733	gnl|TC-DB|P94360|3.A.1.1.26	71.8	365	103	0	1	365	1	365	5.1e-156	547.0
BCW-200101_02747	gnl|TC-DB|M3JA40|1.B.52.2.1	29.1	223	142	5	436	657	253	460	9.8e-15	78.6
BCW-200101_02748	gnl|TC-DB|Q9K7V5|9.A.23.1.1	64.1	337	117	1	1	337	1	333	6.4e-108	387.1
BCW-200101_02751	gnl|TC-DB|P21458|3.A.12.1.1	52.6	494	218	6	436	920	297	783	5.7e-135	478.4
BCW-200101_02761	gnl|TC-DB|P39063|1.A.30.1.4	55.5	254	113	0	1	254	1	254	2.7e-77	285.0
BCW-200101_02762	gnl|TC-DB|P39064|1.A.30.1.4	45.2	239	121	2	3	239	10	240	5.7e-50	194.1
BCW-200101_02766	gnl|TC-DB|P69451|4.C.1.1.4	26.1	522	331	13	72	556	47	550	6.6e-41	165.2
BCW-200101_02773	gnl|TC-DB|Q9K2S2|2.A.63.1.4	57.1	806	336	5	1	804	1	798	6.2e-263	903.3
BCW-200101_02774	gnl|TC-DB|Q7AJV9|2.A.63.1.2	51.4	138	67	0	3	140	7	144	1.3e-35	145.6
BCW-200101_02775	gnl|TC-DB|Q7AJW0|2.A.63.1.2	59.8	112	45	0	1	112	1	112	3.0e-30	127.5
BCW-200101_02776	gnl|TC-DB|Q9KD98|2.A.63.1.2	50.3	491	243	1	1	490	1	491	2.2e-133	472.2
BCW-200101_02777	gnl|TC-DB|Q7WY60|2.A.63.1.4	41.8	158	92	0	5	162	1	158	2.3e-31	131.7
BCW-200101_02778	gnl|TC-DB|O05228|2.A.63.1.4	56.4	94	41	0	1	94	1	94	1.2e-21	98.6
BCW-200101_02779	gnl|TC-DB|O05227|2.A.63.1.4	45.2	104	57	0	6	109	4	107	9.0e-20	92.8
BCW-200101_02788	gnl|TC-DB|Q00758|2.A.66.2.14	60.3	511	202	1	4	513	6	516	5.1e-157	550.8
BCW-200101_02790	gnl|TC-DB|O32047|2.A.6.4.2	58.9	737	298	5	2	737	1	733	4.7e-236	813.9
BCW-200101_02791	gnl|TC-DB|Q1LHU8|2.A.4.7.9	28.7	293	200	2	46	336	40	325	2.6e-37	152.5
BCW-200101_02807	gnl|TC-DB|Q99ZC8|3.A.1.132.6	37.8	230	140	2	1	229	4	231	2.0e-41	165.6
BCW-200101_02808	gnl|TC-DB|Q09II0|3.A.1.124.5	39.9	301	172	6	4	299	5	301	1.2e-57	219.9
BCW-200101_02812	gnl|TC-DB|E0U2C9|2.A.115.2.1	43.9	198	108	2	12	208	8	203	5.1e-42	167.5
BCW-200101_02817	gnl|TC-DB|Q6MDD6|3.A.7.16.1	36.3	747	425	14	27	760	13	721	3.6e-117	419.1
BCW-200101_02822	gnl|TC-DB|F8FLY5|2.A.86.1.11	38.6	345	210	2	15	359	15	357	1.9e-62	236.1
BCW-200101_02856	gnl|TC-DB|P39694|3.A.11.1.1	42.8	208	102	5	9	203	2	205	1.0e-36	149.8
BCW-200101_02857	gnl|TC-DB|G2JTB4|3.A.11.1.4	72.7	150	41	0	1	150	1	150	2.6e-63	238.0
BCW-200101_02858	gnl|TC-DB|P39695|3.A.11.1.1	36.0	733	449	10	48	772	46	766	4.8e-119	425.2
BCW-200101_02868	gnl|TC-DB|G4NXA5|1.A.33.1.4	86.6	613	79	1	1	613	1	610	3.0e-294	1006.9
BCW-200101_02874	gnl|TC-DB|M7AKZ4|2.A.58.2.2	32.9	307	196	4	4	301	6	311	4.2e-34	141.7
BCW-200101_02877	gnl|TC-DB|O59179|8.A.21.2.1	30.4	270	175	6	13	271	6	273	1.1e-22	104.4
BCW-200101_02903	gnl|TC-DB|P38919|3.A.18.1.1	32.3	359	238	2	6	363	40	394	2.2e-57	219.5
BCW-200101_02906	gnl|TC-DB|P96117|3.A.1.15.8	42.7	211	117	3	9	219	11	217	1.2e-40	163.3
BCW-200101_02907	gnl|TC-DB|O34610|3.A.1.15.11	37.5	259	153	2	5	262	3	253	3.4e-38	155.2
BCW-200101_02910	gnl|TC-DB|E8VD44|9.B.117.1.1	60.9	46	18	0	80	125	82	127	1.6e-11	65.5
BCW-200101_02914	gnl|TC-DB|M7AKZ4|2.A.58.2.2	35.0	551	323	10	7	539	4	537	2.0e-71	266.5
BCW-200101_02917	gnl|TC-DB|P54487|2.A.1.33.1	62.8	400	149	0	1	400	1	400	2.3e-141	498.4
BCW-200101_02920	gnl|TC-DB|O51234|3.A.1.7.5	32.6	291	185	5	23	308	8	292	2.4e-32	136.0
BCW-200101_02921	gnl|TC-DB|Q7WTY6|3.A.1.7.2	39.1	225	120	6	26	242	35	250	1.1e-28	123.6
BCW-200101_02922	gnl|TC-DB|O51236|3.A.1.7.5	61.2	255	99	0	20	274	6	260	1.6e-90	328.9
BCW-200101_02934	gnl|TC-DB|P31845|9.A.11.1.1	49.9	481	241	0	3	483	5	485	2.7e-136	481.9
BCW-200101_02945	gnl|TC-DB|P25953|3.A.14.1.1	54.2	356	162	1	1	355	1	356	5.1e-108	387.5
BCW-200101_02946	gnl|TC-DB|P25954|3.A.14.1.1	29.4	316	223	0	25	340	5	320	2.9e-44	175.6
BCW-200101_02947	gnl|TC-DB|G2JS05|3.A.14.1.2	48.0	100	51	1	4	103	9	107	1.2e-20	95.5
BCW-200101_02969	gnl|TC-DB|Q01367|9.B.70.1.1	53.9	297	135	1	1	297	1	295	2.9e-91	331.6
BCW-200101_02970	gnl|TC-DB|Q01368|9.B.70.1.1	64.2	162	58	0	2	163	10	171	5.3e-52	200.3
BCW-200101_02971	gnl|TC-DB|P49780|9.B.70.1.1	83.8	68	11	0	1	68	1	68	1.4e-27	117.9
BCW-200101_02972	gnl|TC-DB|P49781|9.B.70.1.1	77.5	71	16	0	1	71	61	131	5.9e-24	105.9
BCW-200101_02973	gnl|TC-DB|P49782|9.B.70.1.1	65.3	401	131	2	8	408	7	399	1.9e-130	462.2
BCW-200101_02975	gnl|TC-DB|P49784|9.B.70.1.1	42.4	229	124	4	1	221	1	229	1.4e-36	149.4
BCW-200101_02976	gnl|TC-DB|P49785|1.A.34.1.1	34.7	219	99	3	2	177	1	218	7.5e-20	93.6
BCW-200101_02985	gnl|TC-DB|J8IXD8|1.C.109.1.5	72.8	279	76	0	1	279	1	279	2.3e-111	398.3
BCW-200101_02992	gnl|TC-DB|Q9KN48|3.A.23.1.1	40.2	366	189	7	339	684	173	528	9.3e-58	221.5
BCW-200101_03005	gnl|TC-DB|P54535|3.A.1.3.15	59.2	262	95	4	3	261	2	254	2.1e-79	292.0
BCW-200101_03006	gnl|TC-DB|P54536|3.A.1.3.15	60.7	219	86	0	3	221	1	219	1.5e-73	272.3
BCW-200101_03007	gnl|TC-DB|P54537|3.A.1.3.15	70.8	240	70	0	1	240	1	240	2.5e-95	344.7
BCW-200101_03008	gnl|TC-DB|P54538|2.A.85.5.1	57.5	320	136	0	3	322	2	321	5.4e-96	347.4
BCW-200101_03011	gnl|TC-DB|Q9V0A4|3.B.1.1.5	63.5	518	182	3	6	516	5	522	4.1e-191	664.1
BCW-200101_03018	gnl|TC-DB|P23054|2.A.1.3.16	31.2	439	300	2	5	441	8	446	8.7e-60	227.6
BCW-200101_03037	gnl|TC-DB|P50847|2.A.10.1.3	39.3	321	183	6	1	315	1	315	1.3e-54	209.9
BCW-200101_03039	gnl|TC-DB|Q9KDT3|2.A.22.5.3	39.9	446	260	5	4	445	10	451	1.3e-81	300.1
BCW-200101_03056	gnl|TC-DB|P77735|8.A.5.1.6	32.2	320	180	9	1	291	1	312	3.9e-32	135.2
BCW-200101_03061	gnl|TC-DB|P37873|9.B.98.2.1	48.3	209	107	1	1	208	1	209	2.4e-52	201.8
BCW-200101_03072	gnl|TC-DB|P40866|9.A.11.1.1	51.7	205	99	0	1	205	1	205	3.9e-60	227.6
BCW-200101_03073	gnl|TC-DB|P40867|9.A.11.1.1	55.8	138	61	0	1	138	1	138	2.4e-37	151.4
BCW-200101_03074	gnl|TC-DB|P40870|9.A.11.1.1	65.2	187	65	0	1	187	1	187	1.5e-66	248.8
BCW-200101_03075	gnl|TC-DB|P31845|9.A.11.1.1	65.4	494	170	1	1	494	1	493	3.8e-186	647.5
BCW-200101_03086	gnl|TC-DB|I6ZUE8|9.B.156.3.1	50.3	167	83	0	6	172	142	308	5.0e-40	160.6
BCW-200101_03087	gnl|TC-DB|I6ZUE8|9.B.156.3.1	51.4	173	84	0	4	176	350	522	5.7e-44	173.7
BCW-200101_03091	gnl|TC-DB|B8ZT62|9.B.14.3.4	48.7	115	57	2	281	394	212	325	2.0e-28	123.2
BCW-200101_03100	gnl|TC-DB|P50726|2.A.87.1.2	52.7	186	88	0	4	189	1	186	2.2e-49	191.8
BCW-200101_03103	gnl|TC-DB|Q5EAK4|2.A.16.2.2	27.9	337	208	14	24	334	1383	1710	1.2e-19	94.4
BCW-200101_03151	gnl|TC-DB|P46911|3.D.3.4.1	65.6	163	54	2	3	165	4	164	1.7e-61	231.9
BCW-200101_03152	gnl|TC-DB|P46912|3.D.3.4.1	90.2	224	22	0	1	224	1	224	9.9e-118	419.1
BCW-200101_03153	gnl|TC-DB|P46913|3.D.3.4.1	69.6	250	76	0	1	250	1	250	6.9e-107	383.3
BCW-200101_03158	gnl|TC-DB|P94357|2.A.115.1.2	41.6	274	156	2	6	279	4	273	2.2e-56	215.7
BCW-200101_03197	gnl|TC-DB|Q5SJ79|3.D.4.2.1	40.3	543	307	6	13	542	17	555	7.2e-109	391.0
BCW-200101_03198	gnl|TC-DB|Q5SJ80|3.D.4.2.1	36.8	155	96	1	6	158	14	168	4.1e-25	110.9
BCW-200101_03201	gnl|TC-DB|P42086|2.A.40.3.1	66.1	419	142	0	7	425	7	425	6.5e-158	553.5
BCW-200101_03240	gnl|TC-DB|I7FD23|2.A.1.2.97	37.6	388	234	4	11	394	16	399	4.7e-62	235.0
BCW-200101_03245	gnl|TC-DB|Q9HV74|2.A.21.9.1	28.5	246	166	5	109	344	726	971	1.4e-22	103.6
BCW-200101_03255	gnl|TC-DB|Q7AKK4|3.A.1.105.14	37.4	219	136	1	2	219	7	225	5.7e-39	157.5
BCW-200101_03276	gnl|TC-DB|C2UR80|2.A.1.46.5	33.2	383	250	4	8	390	19	395	2.6e-52	202.6
BCW-200101_03303	gnl|TC-DB|Q65GF5|3.D.10.1.1	86.7	249	33	0	7	255	3	251	1.5e-133	471.9
BCW-200101_03304	gnl|TC-DB|Q65GF4|3.D.10.1.1	87.3	582	74	0	1	582	1	582	1.5e-311	1064.3
BCW-200101_03305	gnl|TC-DB|Q65GF3|3.D.10.1.1	78.2	202	44	0	1	202	1	202	2.3e-89	324.7
BCW-200101_03315	gnl|TC-DB|P69451|4.C.1.1.4	40.8	571	314	10	4	562	2	560	1.1e-117	420.2
BCW-200101_03342	gnl|TC-DB|L8Q2C2|2.A.107.3.1	63.2	209	77	0	3	211	2	210	4.2e-70	260.8
BCW-200101_03354	gnl|TC-DB|O34991|2.A.86.1.9	44.3	366	204	0	2	367	1	366	1.6e-83	306.2
BCW-200101_03356	gnl|TC-DB|Q65NC0|2.A.47.1.13	58.7	487	195	3	65	546	59	544	2.6e-159	558.5
BCW-200101_03372	gnl|TC-DB|P16256|2.A.21.1.1	47.7	465	241	2	1	464	1	464	3.2e-113	405.2
BCW-200101_03391	gnl|TC-DB|P27844|2.A.7.7.2	37.9	285	173	1	2	286	3	283	4.2e-58	221.5
BCW-200101_03397	gnl|TC-DB|P19072|2.A.26.1.1	42.9	434	241	4	11	443	9	436	5.3e-86	314.7
BCW-200101_03403	gnl|TC-DB|D4ZZR3|9.B.34.1.3	33.3	168	99	3	454	609	227	393	2.2e-18	90.5
BCW-200101_03411	gnl|TC-DB|E8XKQ3|9.B.100.1.1	24.8	222	162	2	1	222	1	217	6.3e-11	64.3
BCW-200101_03414	gnl|TC-DB|Q9KN48|3.A.23.1.1	35.8	388	220	6	101	460	138	524	2.4e-57	219.5
BCW-200101_03415	gnl|TC-DB|O07002|2.A.3.11.1	24.4	487	308	14	1	444	1	470	9.5e-22	101.3
BCW-200101_03423	gnl|TC-DB|P25694|3.A.16.1.2	43.5	246	132	3	153	397	205	444	8.7e-53	204.9
BCW-200101_03437	gnl|TC-DB|Q00758|2.A.66.2.14	24.7	534	361	14	17	532	7	517	5.7e-18	89.0
BCW-200101_03489	gnl|TC-DB|P76128|3.A.1.5.38	42.2	531	285	6	2	527	3	516	8.3e-123	437.2
BCW-200101_03490	gnl|TC-DB|P77308|3.A.1.5.38	58.6	321	133	0	12	332	14	334	1.1e-99	359.8
BCW-200101_03491	gnl|TC-DB|P77463|3.A.1.5.38	45.7	293	156	1	1	290	1	293	1.0e-66	250.0
BCW-200101_03492	gnl|TC-DB|P26905|3.A.1.5.2	47.9	317	164	1	1	316	4	320	3.3e-82	301.6
BCW-200101_03493	gnl|TC-DB|Q5V9R8|3.A.1.5.22	46.6	296	151	5	20	309	33	327	1.0e-67	253.4
BCW-200101_03497	gnl|TC-DB|P12012|2.A.8.1.1	85.0	448	67	0	1	448	1	448	2.1e-204	708.0
BCW-200101_03501	gnl|TC-DB|A7NH44|3.A.1.17.8	25.4	272	179	7	2	259	3	264	3.7e-12	68.9
BCW-200101_03502	gnl|TC-DB|Q2BM70|3.A.1.17.4	38.2	249	150	1	18	262	60	308	5.0e-44	174.5
BCW-200101_03503	gnl|TC-DB|Q2BM69|3.A.1.17.4	46.7	270	120	5	5	250	3	272	1.2e-63	239.6
BCW-200101_03505	gnl|TC-DB|Q9KWT9|3.A.1.1.10	45.7	361	182	5	6	354	4	362	6.2e-85	310.8
BCW-200101_03506	gnl|TC-DB|Q93KC0|3.A.1.1.11	33.1	284	183	6	30	310	8	287	9.8e-31	130.6
BCW-200101_03507	gnl|TC-DB|P77716|3.A.1.1.46	29.8	272	182	5	6	270	10	279	4.1e-25	111.7
BCW-200101_03508	gnl|TC-DB|P0AG80|3.A.1.1.3	36.6	413	252	7	42	445	27	438	4.5e-61	231.9
BCW-200101_03511	gnl|TC-DB|Q6N8W8|2.A.56.1.10	34.6	422	271	3	8	425	13	433	2.0e-66	249.6
BCW-200101_03514	gnl|TC-DB|Q01857|2.A.23.1.3	27.0	404	269	8	12	403	24	413	1.7e-22	103.6
BCW-200101_03538	gnl|TC-DB|R4JTF7|2.A.56.1.9	37.4	302	188	1	42	343	34	334	4.8e-55	211.5
BCW-200101_03540	gnl|TC-DB|Q3IVI4|2.A.56.1.4	35.2	440	266	3	1	423	4	441	1.5e-66	250.0
BCW-200101_03543	gnl|TC-DB|O34997|2.A.109.1.4	63.2	261	92	1	1	261	61	317	7.1e-86	313.5
BCW-200101_03555	gnl|TC-DB|P76460|2.A.73.1.1	40.1	431	256	2	3	431	4	434	1.1e-91	333.6
BCW-200101_03561	gnl|TC-DB|P54428|9.A.40.2.1	69.1	398	121	1	2	397	32	429	9.3e-159	556.2
BCW-200101_03577	gnl|TC-DB|P28635|3.A.1.24.1	33.3	249	162	2	27	272	24	271	9.2e-33	137.1
BCW-200101_03579	gnl|TC-DB|D9SZH8|2.A.7.3.49	31.0	258	146	7	26	257	491	742	2.3e-19	92.8
BCW-200101_03596	gnl|TC-DB|P07658|3.D.1.9.2	34.8	699	438	10	261	945	2	696	7.9e-119	424.9
BCW-200101_03599	gnl|TC-DB|P35839|1.A.16.2.1	38.3	274	152	5	2	258	4	277	3.6e-42	168.3
BCW-200101_03613	gnl|TC-DB|Q9RCF3|3.A.1.14.6	54.5	255	116	0	5	259	19	273	8.7e-84	306.6
BCW-200101_03614	gnl|TC-DB|Q9RCF4|3.A.1.14.6	37.0	351	201	6	6	337	4	353	1.1e-46	183.7
BCW-200101_03615	gnl|TC-DB|Q9S213|3.A.1.14.22	43.0	323	181	2	11	333	29	348	2.2e-65	245.7
BCW-200101_03619	gnl|TC-DB|P24943|2.A.23.1.2	63.6	404	147	0	5	408	3	406	3.5e-140	494.6
BCW-200101_03625	gnl|TC-DB|P36649|1.B.76.1.8	36.8	486	238	10	61	485	34	511	1.8e-79	293.1
BCW-200101_03643	gnl|TC-DB|P96116|3.A.1.15.8	43.8	299	165	2	10	307	10	306	2.1e-65	245.7
BCW-200101_03644	gnl|TC-DB|P96117|3.A.1.15.8	60.7	234	92	0	5	238	11	244	2.4e-80	295.0
BCW-200101_03645	gnl|TC-DB|P96118|3.A.1.15.8	40.4	282	168	0	1	282	1	282	4.9e-51	198.0
BCW-200101_03646	gnl|TC-DB|P96119|3.A.1.15.8	38.0	284	174	2	7	289	5	287	5.1e-45	177.9
BCW-200101_03650	gnl|TC-DB|P42964|2.A.55.3.2	69.5	394	120	0	2	395	10	403	3.0e-149	524.6
BCW-200101_03652	gnl|TC-DB|Q07711|3.A.7.7.1	32.7	719	454	13	5	716	4	699	8.7e-107	384.4
BCW-200101_03660	gnl|TC-DB|P43672|3.A.1.120.6	34.1	531	339	8	1	526	1	525	9.6e-86	314.3
BCW-200101_03667	gnl|TC-DB|B5UIP4|2.A.109.1.3	65.6	253	85	2	1	253	1	251	6.3e-92	333.6
BCW-200101_03681	gnl|TC-DB|Q9KR64|2.A.56.1.6	23.9	276	198	3	59	329	43	311	1.4e-19	93.6
BCW-200101_03683	gnl|TC-DB|Q930W3|2.A.56.1.7	40.0	417	243	4	9	419	6	421	4.7e-76	281.6
BCW-200101_03685	gnl|TC-DB|O31467|2.A.64.3.1	64.5	62	16	1	1	62	1	56	7.3e-13	68.9
BCW-200101_03686	gnl|TC-DB|P42252|2.A.64.3.1	55.0	240	108	0	1	240	1	240	2.0e-71	265.4
BCW-200101_03707	gnl|TC-DB|Q9KN48|3.A.23.1.1	35.3	377	212	5	114	466	158	526	6.4e-50	194.9
BCW-200101_03716	gnl|TC-DB|R4G5U4|8.A.42.1.5	55.4	92	41	0	11	102	25	116	5.1e-29	123.2
BCW-200101_03720	gnl|TC-DB|O35002|9.B.174.1.1	44.4	464	249	3	34	488	14	477	1.4e-100	363.2
BCW-200101_03721	gnl|TC-DB|I7FD23|2.A.1.2.97	40.9	386	227	1	19	403	16	401	3.4e-71	265.4
BCW-200101_03722	gnl|TC-DB|B2YGG2|2.A.1.2.41	22.3	391	277	10	17	382	16	404	8.2e-14	74.7
BCW-200101_03737	gnl|TC-DB|P16683|3.A.1.9.1	24.4	201	151	1	58	258	58	257	6.4e-15	77.8
BCW-200101_03738	gnl|TC-DB|A0QQ68|3.A.1.9.2	31.8	211	144	0	53	263	59	269	1.1e-25	113.6
BCW-200101_03739	gnl|TC-DB|P16677|3.A.1.9.1	40.4	250	143	3	1	245	1	249	3.3e-49	191.8
BCW-200101_03748	gnl|TC-DB|P39141|2.A.41.1.2	44.4	387	215	0	6	392	5	391	3.1e-82	302.0
BCW-200101_03762	gnl|TC-DB|G0HQP0|2.A.7.3.44	36.9	287	177	1	1	283	3	289	9.0e-45	177.2
BCW-200101_03763	gnl|TC-DB|P0AFV2|9.B.20.1.4	31.9	226	134	7	7	227	4	214	1.7e-16	82.8
BCW-200101_03794	gnl|TC-DB|Q65NC0|2.A.47.1.13	27.2	489	307	12	7	472	59	521	3.6e-32	136.0
BCW-200101_03818	gnl|TC-DB|P73239|3.A.1.106.14	32.0	487	309	10	110	585	106	581	3.3e-51	199.5
BCW-200101_03829	gnl|TC-DB|H8E4X1|9.B.18.1.2	39.7	189	100	2	1	175	329	517	1.2e-32	136.3
BCW-200101_03833	gnl|TC-DB|P71056|9.B.183.1.9	36.1	327	197	3	35	349	33	359	3.1e-52	202.2
BCW-200101_03838	gnl|TC-DB|Q6MMD5|9.B.18.2.1	41.0	510	280	8	97	592	117	619	6.4e-103	371.3
BCW-200101_03839	gnl|TC-DB|Q45409|8.A.3.3.3	35.9	195	125	0	19	213	519	713	1.7e-26	115.9
BCW-200101_03849	gnl|TC-DB|Q795M8|1.A.1.13.4	40.4	324	192	1	5	328	6	328	5.4e-64	241.1
BCW-200101_03872	gnl|TC-DB|F4K2G0|3.D.1.8.1	43.5	170	64	3	71	236	103	244	1.5e-26	116.3
BCW-200101_03876	gnl|TC-DB|Q9K2S2|2.A.63.1.4	63.0	803	284	6	1	792	1	801	5.0e-273	936.8
BCW-200101_03877	gnl|TC-DB|O05259|2.A.63.1.4	63.3	139	51	0	2	140	5	143	1.1e-45	179.1
BCW-200101_03878	gnl|TC-DB|O05260|2.A.63.1.4	62.8	113	42	0	1	113	1	113	6.9e-35	142.9
BCW-200101_03879	gnl|TC-DB|O05229|2.A.63.1.4	54.2	496	224	2	1	496	1	493	1.1e-148	523.1
BCW-200101_03880	gnl|TC-DB|Q7WY60|2.A.63.1.4	59.5	158	64	0	1	158	1	158	2.5e-46	181.4
BCW-200101_03881	gnl|TC-DB|O05228|2.A.63.1.4	62.4	93	35	0	1	93	1	93	1.7e-23	104.8
BCW-200101_03882	gnl|TC-DB|O05227|2.A.63.1.4	51.2	123	57	1	3	122	1	123	4.6e-28	120.6
BCW-200101_03889	gnl|TC-DB|P07001|3.D.2.1.1	33.6	378	218	10	1	353	1	370	1.1e-39	160.6
BCW-200101_03891	gnl|TC-DB|Q6LX42|2.A.25.1.3	51.6	459	205	5	1	457	1	444	8.9e-113	403.7
BCW-200101_03894	gnl|TC-DB|O32105|2.A.8.1.12	62.1	401	145	2	43	437	43	442	1.9e-136	482.3
BCW-200101_03924	gnl|TC-DB|Q8DQH7|3.A.1.4.10	58.7	235	95	2	1	234	3	236	5.9e-73	270.4
BCW-200101_03925	gnl|TC-DB|Q8DQH8|3.A.1.4.10	61.0	251	98	0	6	256	3	253	9.2e-83	303.1
BCW-200101_03926	gnl|TC-DB|Q8DQH9|3.A.1.4.10	47.9	311	155	5	3	308	6	314	5.3e-45	177.9
BCW-200101_03927	gnl|TC-DB|Q8DQI0|3.A.1.4.10	60.4	288	114	0	4	291	5	292	1.3e-90	329.3
BCW-200101_03928	gnl|TC-DB|Q8DQI1|3.A.1.4.10	38.8	397	224	6	5	394	2	386	3.0e-69	258.8
BCW-200101_03929	gnl|TC-DB|Q8EI43|2.A.35.2.2	46.7	510	262	4	3	509	8	510	1.5e-113	406.4
BCW-200101_03931	gnl|TC-DB|P39569|9.A.11.1.2	30.3	475	328	2	10	482	10	483	2.7e-64	242.7
BCW-200101_03943	gnl|TC-DB|G4FGN3|3.A.1.2.20	26.9	227	158	5	1	226	1	220	7.7e-13	70.9
BCW-200101_03945	gnl|TC-DB|O32167|3.A.1.24.2	51.4	282	127	4	1	280	1	274	2.1e-72	268.9
BCW-200101_03946	gnl|TC-DB|O32168|3.A.1.24.2	60.8	222	87	0	1	222	1	222	2.1e-64	241.9
BCW-200101_03947	gnl|TC-DB|O32169|3.A.1.24.2	71.8	340	96	0	1	340	1	340	3.8e-137	484.2
BCW-200101_03961	gnl|TC-DB|P39569|9.A.11.1.2	34.1	428	277	2	50	473	46	472	3.2e-68	255.8
BCW-200101_03964	gnl|TC-DB|P07373|2.A.103.1.3	30.5	393	237	9	1	384	1	366	6.3e-43	171.4
BCW-200101_03984	gnl|TC-DB|M3JA40|1.B.52.2.1	56.7	90	33	2	392	478	276	362	5.3e-17	85.9
BCW-200101_03985	gnl|TC-DB|Q9HV74|2.A.21.9.1	31.8	245	149	9	248	479	736	975	5.6e-25	112.1
BCW-200101_03989	gnl|TC-DB|Q8N1S5|2.A.5.5.2	38.0	142	83	1	104	240	196	337	2.7e-12	68.9
BCW-200101_03990	gnl|TC-DB|P52067|2.A.1.35.1	43.2	396	219	2	7	401	13	403	3.9e-88	321.6
BCW-200101_03994	gnl|TC-DB|Q9FI56|3.A.9.1.2	51.3	649	285	8	88	706	257	904	1.9e-178	622.5
BCW-200101_03995	gnl|TC-DB|O31674|2.A.120.1.10	49.4	342	169	2	1	341	1	339	1.9e-78	289.3
BCW-200101_04003	gnl|TC-DB|D4GYE3|8.A.8.1.4	35.4	82	51	1	2	81	1	82	5.4e-11	63.2
BCW-200101_04004	gnl|TC-DB|P08839|8.A.7.1.1	43.6	573	320	2	4	573	2	574	1.6e-135	479.6
BCW-200101_04023	gnl|TC-DB|B3DPC5|3.A.1.106.3	37.3	608	334	5	22	582	29	636	1.5e-96	350.1
BCW-200101_04024	gnl|TC-DB|Q8G7R7|3.A.1.106.3	37.7	592	366	3	13	603	4	593	9.9e-104	374.0
BCW-200101_04026	gnl|TC-DB|P39760|2.A.38.4.4	72.9	218	59	0	1	218	1	218	1.5e-89	325.5
BCW-200101_04052	gnl|TC-DB|P39590|2.A.122.1.5	51.8	218	105	0	7	224	8	225	9.2e-55	209.9
BCW-200101_04053	gnl|TC-DB|P39591|1.E.14.1.16	47.5	120	63	0	1	120	1	120	2.6e-25	111.3
BCW-200101_04061	gnl|TC-DB|P07373|2.A.103.1.3	37.6	367	220	3	8	372	7	366	2.4e-58	222.6
BCW-200101_04062	gnl|TC-DB|Q03030|3.B.1.1.1	34.0	629	357	12	533	1144	3	590	8.7e-85	312.0
BCW-200101_04063	gnl|TC-DB|P12946|3.D.4.4.1	55.5	299	129	3	1	296	1	298	1.0e-83	306.6
BCW-200101_04065	gnl|TC-DB|P24011|3.D.4.4.1	55.7	350	144	5	8	349	6	352	5.6e-107	384.0
BCW-200101_04066	gnl|TC-DB|P24010|3.D.4.4.1	75.2	621	154	0	1	621	2	622	6.2e-287	982.6
BCW-200101_04067	gnl|TC-DB|P24012|3.D.4.4.1	77.1	210	45	1	1	210	1	207	2.6e-88	321.2
BCW-200101_04068	gnl|TC-DB|P24013|3.D.4.4.1	65.7	108	37	0	4	111	3	110	5.2e-35	143.3
BCW-200101_04085	gnl|TC-DB|O34765|9.A.5.3.2	56.1	401	159	5	4	394	4	397	3.7e-115	411.4
BCW-200101_04096	gnl|TC-DB|Q57079|3.B.1.1.2	37.9	517	299	6	1	508	1	504	3.2e-95	345.5
BCW-200101_04101	gnl|TC-DB|P69451|4.C.1.1.4	28.8	524	334	11	9	496	31	551	4.3e-52	202.2
BCW-200101_04111	gnl|TC-DB|P0A6W3|9.B.146.1.6	43.6	330	162	6	9	318	29	354	1.0e-62	236.9
BCW-200101_04113	gnl|TC-DB|P07373|2.A.103.1.3	84.4	366	57	0	1	366	1	366	1.2e-176	615.5
BCW-200101_04129	gnl|TC-DB|Q81WE1|9.A.4.2.1	66.7	87	29	0	1	87	1	87	2.4e-27	117.5
BCW-200101_04137	gnl|TC-DB|P39766|2.A.40.1.4	63.2	413	147	3	6	413	8	420	4.5e-143	504.2
BCW-200101_04147	gnl|TC-DB|A9BJX0|3.A.3.2.21	46.3	886	436	9	10	878	9	871	6.6e-205	710.7
BCW-200101_04153	gnl|TC-DB|Q9ZKE4|3.A.11.3.1	34.1	490	306	6	291	780	129	601	1.2e-77	287.7
BCW-200101_04159	gnl|TC-DB|M5BEH1|9.B.106.3.1	29.2	260	173	3	9	258	9	267	4.3e-28	122.9
BCW-200101_04171	gnl|TC-DB|Q6UKY4|3.D.1.6.4	57.1	70	30	0	4	73	52	121	3.9e-13	70.1
BCW-200101_04174	gnl|TC-DB|P10121|3.A.5.1.1	49.3	302	147	3	21	321	198	494	5.1e-78	287.7
BCW-200101_04176	gnl|TC-DB|Q0W8T7|3.A.1.144.2	37.0	316	173	5	1	304	6	307	1.5e-50	196.4
BCW-200101_04182	gnl|TC-DB|Q55874|1.A.13.2.2	34.0	153	96	3	406	554	42	193	2.2e-14	77.8
BCW-200101_04184	gnl|TC-DB|P0AGD7|3.A.5.1.1	53.7	441	195	2	3	442	2	434	2.3e-126	448.7
BCW-200101_04198	gnl|TC-DB|Q8VRK4|3.A.11.1.3	38.7	212	124	2	79	290	60	265	1.0e-37	153.7
BCW-200101_04211	gnl|TC-DB|O84676|3.A.6.3.1	51.9	418	195	3	20	433	25	440	2.1e-111	399.1
BCW-200101_04220	gnl|TC-DB|P26419|3.A.6.2.1	58.5	82	34	0	327	408	54	135	6.8e-24	108.2
BCW-200101_04223	gnl|TC-DB|P54700|3.A.6.2.1	52.7	205	97	0	17	221	39	243	7.9e-51	196.8
BCW-200101_04224	gnl|TC-DB|P0A1L5|3.A.6.2.1	51.7	89	43	0	1	89	1	89	7.1e-19	89.4
BCW-200101_04225	gnl|TC-DB|Q93KT5|3.A.6.1.1	29.7	209	143	4	13	218	15	222	1.1e-16	83.6
BCW-200101_04226	gnl|TC-DB|P40727|3.A.6.2.1	38.0	345	212	2	14	357	8	351	6.0e-56	214.5
BCW-200101_04227	gnl|TC-DB|P76298|1.A.104.1.1	41.9	675	368	6	12	675	28	689	3.2e-135	478.8
BCW-200101_04228	gnl|TC-DB|Q5UY25|3.A.5.7.1	28.0	286	175	10	109	374	153	427	1.5e-12	70.5
BCW-200101_04270	gnl|TC-DB|P21458|3.A.12.1.1	66.6	754	235	4	39	779	38	787	1.4e-267	918.7
BCW-200101_04273	gnl|TC-DB|Q8DU36|3.A.1.2.12	45.2	361	182	7	1	358	1	348	2.5e-81	298.9
BCW-200101_04274	gnl|TC-DB|A2RKA7|3.A.1.2.17	64.5	496	176	0	4	499	6	501	6.9e-183	636.7
BCW-200101_04275	gnl|TC-DB|Q8DU38|3.A.1.2.12	46.4	349	178	3	1	340	1	349	2.5e-75	278.9
BCW-200101_04276	gnl|TC-DB|Q8DU39|3.A.1.2.12	59.2	316	129	0	1	316	1	316	2.0e-103	372.1
BCW-200101_04283	gnl|TC-DB|Q6ADZ6|4.F.1.1.7	40.3	186	88	5	2	180	5	174	7.6e-26	113.6
BCW-200101_04308	gnl|TC-DB|P54544|2.A.9.3.3	49.7	147	61	3	1	135	126	271	1.3e-33	139.0
BCW-200101_04309	gnl|TC-DB|Q9RCA5|2.A.9.3.5	41.7	96	48	2	7	98	10	101	1.5e-15	78.6
BCW-200101_04310	gnl|TC-DB|Q01465|9.B.157.1.1	57.1	326	140	0	2	327	4	329	9.3e-104	373.2
BCW-200101_04313	gnl|TC-DB|O53687|3.A.24.3.1	35.0	283	164	4	46	310	334	614	2.2e-46	182.6
BCW-200101_04314	gnl|TC-DB|A0M015|1.A.62.2.1	34.3	198	122	6	23	216	6	199	1.3e-21	99.8
BCW-200101_04336	gnl|TC-DB|P39569|9.A.11.1.2	28.5	460	324	4	4	459	3	461	2.5e-54	209.5
BCW-200101_04354	gnl|TC-DB|Q89V93|2.A.102.4.6	28.9	266	161	4	5	244	91	354	3.2e-20	95.5
BCW-200101_04357	gnl|TC-DB|F2HK99|2.A.26.1.9	42.8	439	243	2	1	431	1	439	1.7e-92	336.3
BCW-200101_04361	gnl|TC-DB|M4VNG9|2.A.7.3.62	36.9	298	170	4	8	287	20	317	5.9e-41	164.5
BCW-200101_04369	gnl|TC-DB|O31658|2.A.38.4.4	53.6	446	202	2	16	461	9	449	8.8e-129	456.8
BCW-200101_04373	gnl|TC-DB|Q838N7|2.A.35.1.3	41.7	460	261	3	3	460	5	459	1.7e-95	346.3
BCW-200101_04376	gnl|TC-DB|O31467|2.A.64.3.1	67.8	59	17	1	1	59	1	57	8.4e-14	72.0
BCW-200101_04378	gnl|TC-DB|A7NH44|3.A.1.17.8	55.0	333	142	4	1	329	1	329	3.9e-102	367.9
BCW-200101_04380	gnl|TC-DB|A9WDS0|3.A.1.17.13	39.5	238	144	0	11	248	32	269	8.8e-46	180.3
BCW-200101_04381	gnl|TC-DB|A9WDR8|3.A.1.17.13	43.2	250	135	2	1	243	1	250	1.6e-57	219.2
BCW-200101_04390	gnl|TC-DB|P46920|3.A.1.12.2	73.7	415	109	0	1	415	3	417	1.3e-166	582.4
BCW-200101_04391	gnl|TC-DB|P46921|3.A.1.12.2	64.6	274	97	0	5	278	4	277	1.1e-89	326.2
BCW-200101_04392	gnl|TC-DB|P46922|3.A.1.12.2	56.6	295	124	2	1	294	1	292	8.6e-101	363.2
BCW-200101_04406	gnl|TC-DB|A6QDR8|3.A.7.17.1	38.4	164	94	4	31	191	458	617	3.4e-21	98.2
BCW-200101_04419	gnl|TC-DB|M3JA40|1.B.52.2.1	44.9	107	43	2	495	600	303	394	3.4e-12	70.1
BCW-200101_04421	gnl|TC-DB|Q5G3M3|3.A.7.19.1	63.9	119	43	0	1	119	1	119	2.5e-39	158.3
BCW-200101_04428	gnl|TC-DB|Q5SJX5|9.B.120.1.3	36.4	236	139	3	3	229	9	242	3.4e-36	148.3
BCW-200101_04438	gnl|TC-DB|Q01625|2.A.9.3.2	63.6	264	91	1	1	264	3	261	9.4e-75	276.6
BCW-200101_04453	gnl|TC-DB|Q57399|3.A.1.14.11	30.2	245	151	6	1	243	1	227	7.1e-27	117.5
BCW-200101_04454	gnl|TC-DB|O07550|3.A.1.106.8	56.0	575	253	0	1	575	1	575	2.7e-183	638.3
BCW-200101_04455	gnl|TC-DB|O07549|3.A.1.106.8	59.6	520	209	1	54	572	146	665	1.6e-172	602.4
BCW-200101_04469	gnl|TC-DB|P44542|2.A.56.1.3	28.5	274	193	3	58	329	41	313	2.6e-29	125.9
BCW-200101_04471	gnl|TC-DB|B9TSM9|2.A.56.1.6	38.0	413	255	1	12	424	11	422	1.4e-75	280.0
BCW-200101_04473	gnl|TC-DB|P39569|9.A.11.1.2	31.8	450	302	3	35	481	35	482	5.2e-63	238.4
BCW-200101_04477	gnl|TC-DB|P25527|2.A.3.1.4	23.5	452	314	10	14	444	12	452	1.4e-33	140.6
BCW-200101_04478	gnl|TC-DB|P39569|9.A.11.1.2	34.4	479	281	6	25	483	14	479	1.7e-69	260.0
BCW-200101_04482	gnl|TC-DB|F3LB58|2.A.98.1.4	30.0	333	215	7	25	344	8	335	2.1e-26	116.3
BCW-200101_04493	gnl|TC-DB|A9VJD5|9.B.74.3.1	58.4	1033	428	2	1	1032	1	1032	6.7e-201	697.6
BCW-200101_04498	gnl|TC-DB|P50847|2.A.10.1.3	63.9	324	115	1	1	322	1	324	1.8e-110	395.6
BCW-200101_04512	gnl|TC-DB|P94571|9.B.105.1.3	37.0	154	96	1	1	153	1	154	5.6e-25	110.5
BCW-200101_04525	gnl|TC-DB|P39569|9.A.11.1.2	31.8	374	255	0	88	461	90	463	6.5e-50	194.9
BCW-200101_04546	gnl|TC-DB|Q9HQ19|3.A.1.14.9	40.8	333	185	5	7	338	43	364	5.9e-53	204.5
BCW-200101_04547	gnl|TC-DB|P07821|3.A.1.14.3	37.6	242	147	1	5	242	14	255	5.7e-45	177.6
BCW-200101_04548	gnl|TC-DB|Q32AX9|3.A.1.14.18	24.3	272	185	8	56	323	75	329	6.9e-11	64.7
BCW-200101_04553	gnl|TC-DB|O34745|2.A.21.4.2	30.9	440	297	5	3	438	6	442	2.2e-56	216.5
BCW-200101_04564	gnl|TC-DB|Q45064|9.B.31.1.2	60.0	190	76	0	5	194	3	192	7.3e-56	213.4
BCW-200101_04565	gnl|TC-DB|Q9HV74|2.A.21.9.1	29.1	230	148	6	140	360	751	974	3.5e-19	92.4
BCW-200101_04566	gnl|TC-DB|F2HK99|2.A.26.1.9	42.1	437	245	3	51	479	1	437	3.0e-90	328.9
BCW-200101_04571	gnl|TC-DB|O69733|3.A.24.1.1	35.4	277	163	3	506	766	286	562	1.2e-40	164.9
BCW-200101_04588	gnl|TC-DB|P43672|3.A.1.120.6	30.9	524	335	10	1	510	1	511	1.5e-60	230.3
BCW-200101_04599	gnl|TC-DB|Q99ZY3|3.A.1.34.1	45.7	230	125	0	12	241	15	244	8.0e-50	193.7
BCW-200101_04600	gnl|TC-DB|Q99ZY4|3.A.1.34.1	33.6	301	174	5	5	304	2	277	6.9e-38	154.5
BCW-200101_04601	gnl|TC-DB|Q99ZY6|3.A.1.34.1	28.2	330	232	4	7	335	6	331	1.4e-38	156.8
BCW-200101_04640	gnl|TC-DB|Q6N8W8|2.A.56.1.10	41.2	430	252	1	4	433	5	433	1.1e-80	297.0
BCW-200101_04650	gnl|TC-DB|O07838|2.A.56.1.1	41.5	431	237	2	5	420	4	434	5.0e-86	314.7
BCW-200101_04652	gnl|TC-DB|Q9KR64|2.A.56.1.6	26.4	269	177	6	14	276	7	260	1.1e-22	104.0
BCW-200101_04654	gnl|TC-DB|Q9C9W0|3.A.1.139.4	37.3	217	136	0	23	239	44	260	9.3e-37	150.2
BCW-200101_04655	gnl|TC-DB|P77307|3.A.1.139.2	37.6	250	156	0	5	254	10	259	2.8e-36	148.7
BCW-200101_04686	gnl|TC-DB|O31813|9.B.102.7.5	37.8	455	267	8	86	528	86	536	6.7e-72	268.1
BCW-200101_04700	gnl|TC-DB|Q8DQH7|3.A.1.4.10	49.6	236	118	1	1	236	1	235	4.8e-62	234.2
BCW-200101_04701	gnl|TC-DB|Q8DQH8|3.A.1.4.10	45.2	250	136	1	2	250	3	252	5.9e-58	220.7
BCW-200101_04702	gnl|TC-DB|P21628|3.A.1.4.8	29.9	318	200	4	6	302	91	406	1.8e-27	119.8
BCW-200101_04703	gnl|TC-DB|Q8DQI0|3.A.1.4.10	37.8	286	176	2	1	284	1	286	4.2e-44	174.9
BCW-200101_04704	gnl|TC-DB|Q42524|4.C.1.1.7	27.5	513	341	10	44	546	63	554	1.9e-48	190.3
BCW-200101_04717	gnl|TC-DB|P69451|4.C.1.1.4	38.5	558	303	11	1	524	1	552	2.8e-102	369.0
BCW-200101_04721	gnl|TC-DB|P69451|4.C.1.1.4	30.3	541	335	13	2	507	24	557	3.9e-61	232.3
BCW-200101_04725	gnl|TC-DB|C1A6K8|3.A.1.147.1	34.6	228	146	1	3	227	2	229	3.2e-39	158.7
BCW-200101_04728	gnl|TC-DB|P69451|4.C.1.1.4	27.7	531	336	14	36	538	50	560	2.5e-50	196.4
BCW-200101_04750	gnl|TC-DB|O59010|2.A.23.1.5	41.8	376	201	6	39	400	45	416	1.1e-64	243.8
BCW-200101_04753	gnl|TC-DB|P54428|9.A.40.2.1	62.5	429	160	1	1	428	6	434	2.2e-153	538.5
BCW-200101_04755	gnl|TC-DB|Q93N33|2.A.21.9.2	25.2	278	191	5	192	463	742	1008	3.6e-13	72.8
BCW-200101_04758	gnl|TC-DB|O07084|2.A.4.1.3	51.4	278	130	3	19	292	10	286	1.7e-72	269.2
BCW-200101_04759	gnl|TC-DB|P39803|2.A.115.1.1	31.2	266	174	3	16	275	8	270	6.9e-31	131.0
BCW-200101_04778	gnl|TC-DB|D9RF44|2.A.20.1.7	68.5	295	90	2	40	331	40	334	1.9e-109	392.1
BCW-200101_04781	gnl|TC-DB|P31466|2.A.40.7.6	43.8	432	234	6	1	430	18	442	2.5e-85	312.4
BCW-200101_04782	gnl|TC-DB|P54596|2.A.23.1.4	65.1	461	161	0	1	461	1	461	1.9e-155	545.4
BCW-200101_04784	gnl|TC-DB|D4G632|2.A.6.3.9	48.7	1053	500	5	1	1021	5	1049	3.5e-258	887.9
BCW-200101_04789	gnl|TC-DB|Q8KZQ6|3.A.1.17.2	42.4	231	129	3	2	231	17	244	5.6e-50	194.1
BCW-200101_04790	gnl|TC-DB|Q2BM70|3.A.1.17.4	31.5	251	168	1	25	271	56	306	8.2e-37	150.6
BCW-200101_04795	gnl|TC-DB|Q45068|2.A.25.1.5	58.4	464	187	4	6	468	7	465	6.3e-146	513.8
BCW-200101_04796	gnl|TC-DB|Q8EHX2|2.A.35.1.5	43.5	425	223	4	11	420	18	440	1.0e-89	327.0
BCW-200101_04797	gnl|TC-DB|P42065|3.A.1.5.20	55.7	325	139	3	2	323	5	327	1.8e-104	375.6
BCW-200101_04798	gnl|TC-DB|P42064|3.A.1.5.20	56.3	325	141	1	9	333	4	327	7.0e-99	357.1
BCW-200101_04799	gnl|TC-DB|P75798|3.A.1.5.11	47.7	304	158	1	1	304	1	303	2.6e-76	282.0
BCW-200101_04800	gnl|TC-DB|P75799|3.A.1.5.11	51.4	276	133	1	25	299	27	302	9.0e-66	246.9
BCW-200101_04801	gnl|TC-DB|P75797|3.A.1.5.11	33.6	456	290	8	49	495	29	480	1.2e-65	247.3
BCW-200101_04816	gnl|TC-DB|P40411|3.A.1.14.15	38.0	321	193	4	20	335	11	330	1.6e-58	223.0
BCW-200101_04817	gnl|TC-DB|Q9X664|3.A.1.14.7	47.3	319	164	2	23	341	23	337	5.3e-78	287.7
BCW-200101_04818	gnl|TC-DB|Q99RY8|3.A.1.14.7	40.1	307	175	2	3	308	2	300	9.7e-47	183.7
BCW-200101_04819	gnl|TC-DB|Q9X665|3.A.1.14.7	59.8	259	104	0	1	259	1	259	2.3e-92	335.1
BCW-200101_04829	gnl|TC-DB|A7NRF9|3.A.1.26.5	39.3	168	96	3	2	168	10	172	1.5e-25	112.5
BCW-200101_04837	gnl|TC-DB|P77735|8.A.5.1.6	28.6	199	115	9	13	191	26	217	2.0e-11	66.2
BCW-200101_04841	gnl|TC-DB|Q8CR56|2.A.120.1.1	32.4	339	229	0	1	339	4	342	4.0e-49	191.8
BCW-200101_04908	gnl|TC-DB|O53687|3.A.24.3.1	34.1	249	145	4	8	243	340	582	2.3e-32	136.0
BCW-200101_04945	gnl|TC-DB|P40869|9.A.11.1.1	49.8	333	164	2	2	334	3	332	3.6e-87	318.2
BCW-200101_04946	gnl|TC-DB|P40868|9.A.11.1.1	59.4	138	56	0	11	148	5	142	2.5e-43	171.4
BCW-200101_04971	gnl|TC-DB|Q2FZR4|3.A.1.5.19	67.5	305	96	1	3	307	5	306	6.2e-118	420.2
BCW-200101_04972	gnl|TC-DB|Q2FZR5|3.A.1.5.19	66.1	351	119	0	2	352	3	353	2.5e-131	464.9
BCW-200101_04973	gnl|TC-DB|P26904|3.A.1.5.2	62.3	289	108	1	17	304	32	320	3.2e-103	371.3
BCW-200101_04974	gnl|TC-DB|P26903|3.A.1.5.2	58.7	310	126	1	1	310	1	308	5.3e-93	337.4
BCW-200101_04975	gnl|TC-DB|P26906|3.A.1.5.2	43.2	507	267	8	43	540	46	540	1.2e-116	416.8
BCW-200101_04978	gnl|TC-DB|P42063|3.A.1.5.20	66.9	302	97	1	3	304	5	303	4.9e-112	400.6
BCW-200101_04979	gnl|TC-DB|P42062|3.A.1.5.20	74.1	316	82	0	1	316	1	316	2.5e-138	488.0
BCW-200101_04981	gnl|TC-DB|P42061|3.A.1.5.20	55.0	509	220	5	46	551	39	541	8.6e-163	570.1
BCW-200101_04982	gnl|TC-DB|P42065|3.A.1.5.20	70.5	325	96	0	16	340	4	328	1.7e-140	495.4
BCW-200101_04983	gnl|TC-DB|P42064|3.A.1.5.20	69.2	325	100	0	1	325	1	325	2.0e-127	451.8
BCW-200101_04993	gnl|TC-DB|Q9FI56|3.A.9.1.2	43.4	870	400	9	7	853	99	899	1.0e-194	676.8
BCW-200101_05007	gnl|TC-DB|P27611|2.A.35.1.1	38.8	454	275	2	4	456	2	453	1.7e-87	319.7
BCW-200101_05017	gnl|TC-DB|M5P071|9.B.72.1.7	54.2	107	49	0	1	107	1	107	3.7e-20	94.0
BCW-200101_05024	gnl|TC-DB|P40409|3.A.1.14.15	48.6	292	149	1	35	325	23	314	1.1e-77	286.6
BCW-200101_05025	gnl|TC-DB|P40410|3.A.1.14.15	57.3	323	138	0	9	331	8	330	1.1e-101	366.3
BCW-200101_05026	gnl|TC-DB|P40411|3.A.1.14.15	53.6	321	149	0	18	338	11	331	1.5e-93	339.3
BCW-200101_05027	gnl|TC-DB|Q9X665|3.A.1.14.7	53.9	258	119	0	1	258	1	258	1.8e-81	298.9
BCW-200101_05031	gnl|TC-DB|Q9HZ58|2.A.27.1.3	47.7	398	205	2	3	397	4	401	4.5e-89	324.7
BCW-200101_05033	gnl|TC-DB|P39569|9.A.11.1.2	30.5	383	266	0	106	488	88	470	7.7e-54	208.0
BCW-200101_05038	gnl|TC-DB|Q46305|2.A.1.21.6	38.8	394	239	2	8	401	6	397	3.3e-63	238.8
BCW-200101_05045	gnl|TC-DB|P80874|8.A.5.1.4	35.7	305	192	3	7	308	6	309	8.7e-48	187.2
BCW-200101_05052	gnl|TC-DB|O32169|3.A.1.24.2	52.2	341	158	1	1	336	1	341	1.3e-92	336.3
BCW-200101_05053	gnl|TC-DB|Q9HT69|3.A.1.24.5	44.8	203	112	0	12	214	16	218	9.7e-41	163.3
BCW-200101_05055	gnl|TC-DB|Q89SS6|2.A.1.42.2	23.2	539	332	24	103	619	634	1112	3.9e-13	73.2
BCW-200101_05057	gnl|TC-DB|Q9HT68|3.A.1.24.5	32.4	244	160	4	23	265	19	258	1.5e-35	146.4
BCW-200101_05058	gnl|TC-DB|P77328|2.A.40.5.1	31.6	424	282	4	1	417	11	433	2.9e-57	219.2
BCW-200101_05062	gnl|TC-DB|P37735|2.A.56.1.1	41.6	305	175	3	40	342	25	328	2.3e-60	229.2
BCW-200101_05065	gnl|TC-DB|P96603|2.A.23.1.6	83.9	417	67	0	4	420	1	417	3.2e-197	684.1
BCW-200101_05086	gnl|TC-DB|J8ABC0|3.A.1.105.9	46.6	311	163	2	3	311	1	310	1.9e-74	275.8
BCW-200101_05094	gnl|TC-DB|Q8XME6|2.A.114.1.4	54.1	458	208	1	1	458	1	456	8.4e-138	486.9
BCW-200101_05096	gnl|TC-DB|Q81JL2|9.B.33.1.1	40.3	578	336	4	1	573	1	574	8.6e-121	430.6
BCW-200101_05105	gnl|TC-DB|P0A4K4|2.A.1.2.34	31.4	379	253	4	12	388	9	382	1.6e-44	176.8
BCW-200101_05106	gnl|TC-DB|P30145|2.A.25.1.2	60.2	442	175	1	44	485	1	441	2.9e-138	488.4
BCW-200101_05107	gnl|TC-DB|P38919|3.A.18.1.1	34.1	337	215	3	22	354	57	390	3.1e-55	212.2
BCW-200101_05115	gnl|TC-DB|F0PUM6|9.B.116.1.2	37.4	246	141	6	6	244	7	246	2.8e-33	138.7
BCW-200101_05119	gnl|TC-DB|P43672|3.A.1.120.6	31.7	546	335	9	9	537	3	527	8.1e-69	258.1
BCW-200101_05120	gnl|TC-DB|O31686|2.A.66.2.17	53.1	439	206	0	1	439	1	439	2.1e-127	452.2
BCW-200101_05123	gnl|TC-DB|P40948|1.A.35.1.3	41.0	271	149	2	34	295	35	303	5.2e-61	231.1
BCW-200101_05131	gnl|TC-DB|P42252|2.A.64.3.1	40.3	233	137	1	1	231	1	233	1.6e-41	166.0
BCW-200101_05132	gnl|TC-DB|O31467|2.A.64.3.1	58.5	65	24	1	4	65	3	67	2.4e-12	67.4
BCW-200101_05135	gnl|TC-DB|O31539|1.A.14.2.3	51.5	198	96	0	11	208	13	210	1.0e-47	186.4
BCW-200101_05136	gnl|TC-DB|P94585|1.A.22.1.3	58.6	128	52	1	1	127	1	128	7.8e-33	136.3
BCW-200101_05141	gnl|TC-DB|Q07711|3.A.7.7.1	31.3	629	382	11	1	588	1	620	5.7e-79	292.0
BCW-200101_05145	gnl|TC-DB|P28611|1.A.30.1.3	64.0	264	95	0	1	264	1	264	1.4e-91	332.4
BCW-200101_05146	gnl|TC-DB|P28612|1.A.30.1.3	54.9	253	106	2	1	245	1	253	4.4e-74	274.2
BCW-200101_05149	gnl|TC-DB|C2UR80|2.A.1.46.5	35.6	379	237	4	1	379	14	385	6.9e-61	231.1
BCW-200101_05160	gnl|TC-DB|B8HSD7|9.B.126.2.6	27.8	273	180	5	9	269	11	278	7.1e-17	84.3
BCW-200101_05162	gnl|TC-DB|O31688|3.A.3.6.9	57.9	615	254	3	26	639	27	637	6.2e-197	683.7
BCW-200101_05163	gnl|TC-DB|O34929|2.A.1.26.2	58.0	376	156	2	8	383	6	379	4.4e-121	431.0
BCW-200101_05164	gnl|TC-DB|O34840|2.A.19.2.7	74.9	351	88	0	1	351	1	351	1.9e-139	491.9
BCW-200101_05174	gnl|TC-DB|O53899|3.A.1.125.2	36.8	223	137	3	2	221	4	225	8.7e-37	150.2
BCW-200101_05182	gnl|TC-DB|M3JA40|1.B.52.2.1	30.3	218	130	4	230	429	238	451	1.2e-15	80.9
BCW-200101_05183	gnl|TC-DB|Q47539|3.A.1.17.1	32.1	252	166	1	24	270	22	273	2.6e-32	135.6
BCW-200101_05184	gnl|TC-DB|Q2BM69|3.A.1.17.4	41.4	278	141	2	10	265	3	280	9.6e-59	223.4
BCW-200101_05187	gnl|TC-DB|J8GQQ7|2.A.1.31.4	31.6	389	264	2	47	435	15	401	4.5e-53	205.3
BCW-200101_05190	gnl|TC-DB|Q81L43|9.A.39.1.5	30.9	220	131	5	17	215	18	237	1.5e-17	86.3
BCW-200101_05192	gnl|TC-DB|Q7A652|3.A.1.14.17	45.1	268	146	1	30	296	21	288	7.9e-62	233.8
BCW-200101_05193	gnl|TC-DB|Q99YA3|3.A.1.14.10	46.4	317	170	0	6	322	22	338	2.4e-72	268.9
BCW-200101_05194	gnl|TC-DB|Q9X665|3.A.1.14.7	52.0	229	110	0	24	252	26	254	1.2e-66	249.6
BCW-200101_05197	gnl|TC-DB|A8GDS7|3.A.1.14.16	42.2	282	153	4	55	328	50	329	4.6e-55	211.5
BCW-200101_05198	gnl|TC-DB|Q8GRB0|3.A.1.14.8	44.7	244	133	2	1	243	1	243	2.0e-58	222.2
BCW-200101_05207	gnl|TC-DB|Q9K0A9|2.A.28.2.4	52.3	321	145	2	2	320	1	315	5.0e-78	287.7
BCW-200101_05216	gnl|TC-DB|O85763|3.A.1.17.2	37.8	286	172	3	37	320	25	306	5.4e-48	188.0
BCW-200101_05217	gnl|TC-DB|O85765|3.A.1.17.2	56.0	250	110	0	4	253	8	257	1.8e-75	278.9
BCW-200101_05218	gnl|TC-DB|B1X8N7|3.A.1.17.10	59.7	236	94	1	13	247	18	253	2.7e-76	281.6
