BCW-200198_00013	gnl|TC-DB|P29823|3.A.1.1.4	32.7	294	185	6	18	307	13	297	5.1e-35	144.8
BCW-200198_00017	gnl|TC-DB|Q9KJ80|4.A.1.2.6	50.0	204	98	2	4	205	443	644	4.4e-48	187.6
BCW-200198_00038	gnl|TC-DB|A2RJJ3|1.E.24.1.4	74.3	74	19	0	2	75	1	74	4.6e-27	116.3
BCW-200198_00051	gnl|TC-DB|P77795|3.A.1.11.9	44.2	240	104	5	2	233	119	336	1.8e-43	172.6
BCW-200198_00082	gnl|TC-DB|Q48597|3.A.1.124.1	99.6	225	1	0	1	225	1	225	2.3e-122	434.5
BCW-200198_00083	gnl|TC-DB|Q48598|3.A.1.124.1	96.3	242	9	0	1	242	1	242	7.2e-122	433.0
BCW-200198_00084	gnl|TC-DB|Q48599|3.A.1.124.1	95.8	214	9	0	1	214	1	214	2.9e-106	380.9
BCW-200198_00102	gnl|TC-DB|Q9CDF7|2.A.7.5.3	99.7	295	1	0	1	295	1	295	1.2e-160	562.0
BCW-200198_00110	gnl|TC-DB|Q7A3X3|3.A.1.122.4	47.1	221	113	2	3	220	2	221	4.0e-50	194.5
BCW-200198_00125	gnl|TC-DB|Q9HM05|3.A.1.128.7	26.5	211	138	5	3	197	6	215	2.0e-11	65.9
BCW-200198_00141	gnl|TC-DB|A2RMW4|1.E.26.4.1	83.2	107	18	0	1	107	1	107	3.1e-46	181.0
BCW-200198_00171	gnl|TC-DB|917585193|9.B.18.1.3	38.7	168	81	4	7	166	297	450	1.7e-24	109.0
BCW-200198_00197	gnl|TC-DB|Q42524|4.C.1.1.7	26.5	494	295	14	20	450	66	554	3.3e-35	146.0
BCW-200198_00206	gnl|TC-DB|Q8PUP5|9.B.143.2.3	27.2	180	129	2	7	186	21	198	1.0e-13	73.6
BCW-200198_00208	gnl|TC-DB|Q03RZ6|3.A.1.122.13	44.7	673	357	7	1	664	1	667	6.7e-138	487.6
BCW-200198_00211	gnl|TC-DB|P97046|3.A.1.117.1	96.6	584	20	0	1	584	7	590	9.2e-314	1071.6
BCW-200198_00216	gnl|TC-DB|Q9CIP5|3.A.1.135.1	24.9	502	346	9	84	566	168	657	1.4e-35	147.5
BCW-200198_00217	gnl|TC-DB|P29018|3.A.1.129.1	30.1	558	364	8	13	552	21	570	5.4e-57	218.8
BCW-200198_00218	gnl|TC-DB|P0ABK2|3.D.4.3.2	31.5	362	214	7	4	331	7	368	4.1e-35	145.2
BCW-200198_00219	gnl|TC-DB|P0ABJ9|3.D.4.3.2	34.9	516	267	9	1	457	1	506	2.1e-80	296.2
BCW-200198_00220	gnl|TC-DB|P0C2U2|2.A.17.1.1	100.0	497	0	0	1	497	1	497	6.1e-261	896.0
BCW-200198_00240	gnl|TC-DB|Q8L1D1|3.A.7.14.1	41.8	98	45	3	30	124	253	341	1.5e-16	82.4
BCW-200198_00271	gnl|TC-DB|Q7X5P3|3.A.7.19.1	52.9	531	231	5	1	525	1	518	2.0e-151	532.3
BCW-200198_00272	gnl|TC-DB|Q5G3N6|3.A.7.19.1	40.9	115	68	0	2	116	1	115	1.2e-16	82.4
BCW-200198_00274	gnl|TC-DB|Q5G3N8|3.A.7.19.1	50.1	341	161	4	197	537	377	708	9.9e-87	317.4
BCW-200198_00314	gnl|TC-DB|Q9UEF7|8.A.49.1.1	24.9	490	313	16	3	479	58	505	1.0e-34	144.4
BCW-200198_00315	gnl|TC-DB|P40739|4.A.1.2.11	35.5	622	383	9	1	618	1	608	1.8e-105	379.8
BCW-200198_00318	gnl|TC-DB|O31645|4.A.2.1.6	32.1	352	217	7	2	344	117	455	9.1e-36	147.5
BCW-200198_00319	gnl|TC-DB|P69816|4.A.2.1.10	45.3	95	52	0	2	96	3	97	1.4e-18	88.6
BCW-200198_00324	gnl|TC-DB|F2NVG7|2.A.66.1.40	28.8	483	336	6	2	480	15	493	1.3e-48	190.7
BCW-200198_00363	gnl|TC-DB|P25953|3.A.14.1.1	36.9	271	158	6	1	261	7	274	4.6e-41	164.9
BCW-200198_00364	gnl|TC-DB|P25954|3.A.14.1.1	24.8	270	191	3	78	335	51	320	5.7e-16	81.6
BCW-200198_00371	gnl|TC-DB|O05703|3.A.1.15.3	43.1	306	146	6	1	278	1	306	4.5e-59	224.6
BCW-200198_00372	gnl|TC-DB|P0A2U6|3.A.1.15.3	71.9	231	65	0	1	231	1	231	1.2e-100	362.5
BCW-200198_00373	gnl|TC-DB|O33704|3.A.1.15.3	64.6	268	95	0	1	268	1	268	1.4e-86	315.8
BCW-200198_00379	gnl|TC-DB|B9DIS8|9.B.97.5.1	34.1	618	336	13	4	590	18	595	8.1e-82	301.2
BCW-200198_00383	gnl|TC-DB|Q97NG5|2.A.66.1.34	44.0	414	224	3	17	428	3	410	2.5e-85	312.4
BCW-200198_00384	gnl|TC-DB|B1MZU9|1.A.22.1.8	54.8	126	50	4	1	122	1	123	1.7e-23	105.1
BCW-200198_00407	gnl|TC-DB|P16336|3.A.5.2.1	47.3	438	217	5	3	434	2	431	1.3e-105	379.8
BCW-200198_00429	gnl|TC-DB|O34406|3.A.1.3.13	30.4	217	139	5	54	267	50	257	2.8e-21	99.0
BCW-200198_00432	gnl|TC-DB|P22094|1.A.8.2.2	98.6	289	4	0	1	289	1	289	3.8e-162	567.0
BCW-200198_00444	gnl|TC-DB|F2HL56|2.A.3.2.11	99.8	526	1	0	1	526	1	526	6.7e-290	992.3
BCW-200198_00448	gnl|TC-DB|F2HL52|2.A.3.2.10	98.8	497	6	0	1	497	1	497	1.7e-271	931.0
BCW-200198_00462	gnl|TC-DB|Q8VUH2|3.A.1.134.2	36.8	193	115	4	5	193	14	203	2.8e-26	115.2
BCW-200198_00477	gnl|TC-DB|Q60048|3.A.3.6.8	38.9	579	311	14	4	547	82	652	3.0e-87	319.3
BCW-200198_00479	gnl|TC-DB|Q9ZK21|1.C.82.1.1	55.5	227	100	1	1	226	1	227	9.3e-63	236.5
BCW-200198_00484	gnl|TC-DB|P55339|3.A.1.143.1	60.3	239	95	0	1	239	3	241	1.8e-83	305.4
BCW-200198_00486	gnl|TC-DB|F2MU33|9.B.158.1.3	54.1	209	92	2	2	206	1	209	2.4e-57	218.4
BCW-200198_00527	gnl|TC-DB|P24518|4.B.1.1.1	29.4	367	227	11	14	371	64	407	2.3e-34	142.9
BCW-200198_00528	gnl|TC-DB|P77735|8.A.5.1.6	32.3	331	193	11	13	331	1	312	1.2e-34	143.7
BCW-200198_00530	gnl|TC-DB|Q9X761|2.A.2.2.3	96.8	462	15	0	1	462	1	462	1.8e-243	837.8
BCW-200198_00545	gnl|TC-DB|K0WKG7|4.F.1.1.8	38.0	184	89	6	5	178	3	171	6.2e-20	94.0
BCW-200198_00550	gnl|TC-DB|P39803|2.A.115.1.1	37.9	272	167	2	33	304	8	277	4.6e-49	191.4
BCW-200198_00551	gnl|TC-DB|C8X4B7|2.A.115.1.5	29.6	274	187	4	12	283	18	287	9.1e-31	130.6
BCW-200198_00552	gnl|TC-DB|P94357|2.A.115.1.2	34.1	273	177	1	6	278	2	271	7.1e-39	157.5
BCW-200198_00560	gnl|TC-DB|O05469|2.A.77.1.1	42.6	204	116	1	4	206	5	208	4.9e-39	157.5
BCW-200198_00582	gnl|TC-DB|P26235|2.A.37.2.1	45.0	373	202	1	7	376	7	379	8.2e-72	267.3
BCW-200198_00585	gnl|TC-DB|P96593|2.A.55.3.3	32.1	411	252	11	16	415	31	425	9.3e-37	151.0
BCW-200198_00588	gnl|TC-DB|A0M015|1.A.62.2.1	33.6	211	124	3	6	215	7	202	9.9e-30	126.7
BCW-200198_00590	gnl|TC-DB|Q93A34|3.A.1.12.8	56.9	503	214	3	1	500	1	503	1.9e-153	538.9
BCW-200198_00591	gnl|TC-DB|Q93A35|3.A.1.12.8	59.1	237	95	1	1	235	1	237	4.4e-76	281.2
BCW-200198_00604	gnl|TC-DB|Q8L1D1|3.A.7.14.1	41.6	173	92	3	307	475	202	369	1.0e-31	134.4
BCW-200198_00638	gnl|TC-DB|Q7X5P3|3.A.7.19.1	40.3	124	57	2	15	121	39	162	5.6e-20	93.6
BCW-200198_00659	gnl|TC-DB|Q48658|2.A.1.2.5	37.5	403	252	0	18	420	1	403	1.8e-75	279.6
BCW-200198_00660	gnl|TC-DB|Q48658|2.A.1.2.5	90.7	408	38	0	1	408	1	408	5.1e-189	656.8
BCW-200198_00679	gnl|TC-DB|Q9G090|1.E.24.1.3	93.2	74	5	0	1	74	1	74	1.1e-34	141.7
BCW-200198_00680	gnl|TC-DB|C3WVU9|2.A.1.62.2	36.9	350	216	3	2	350	52	397	4.0e-55	211.8
BCW-200198_00705	gnl|TC-DB|P30000|2.A.1.5.3	41.1	404	228	2	10	413	7	400	2.4e-88	322.4
BCW-200198_00706	gnl|TC-DB|Q97Q45|3.A.1.11.7	51.4	354	170	2	1	353	1	353	1.4e-110	396.0
BCW-200198_00707	gnl|TC-DB|Q97Q44|3.A.1.11.7	66.5	248	83	0	10	257	7	254	4.5e-85	310.8
BCW-200198_00708	gnl|TC-DB|Q97Q43|3.A.1.11.7	64.6	263	91	1	2	262	12	274	2.9e-92	334.7
BCW-200198_00709	gnl|TC-DB|Q97Q42|3.A.1.11.7	78.9	375	78	1	1	374	1	375	3.5e-172	600.9
BCW-200198_00711	gnl|TC-DB|A2RKV5|2.A.88.5.2	91.5	199	17	0	1	199	24	222	2.6e-93	337.8
BCW-200198_00726	gnl|TC-DB|P42086|2.A.40.3.1	49.1	422	211	2	15	432	7	428	2.4e-104	375.6
BCW-200198_00732	gnl|TC-DB|G2JTB4|3.A.11.1.4	38.2	136	81	3	11	146	7	139	1.6e-23	105.5
BCW-200198_00741	gnl|TC-DB|P40739|4.A.1.2.11	33.7	649	377	12	8	648	5	608	3.7e-88	322.4
BCW-200198_00755	gnl|TC-DB|O69916|9.B.111.1.2	37.0	527	300	11	76	595	67	568	4.6e-76	282.7
BCW-200198_00760	gnl|TC-DB|F2HJG8|2.A.3.7.6	99.0	488	5	0	1	488	1	488	2.7e-277	950.3
BCW-200198_00767	gnl|TC-DB|Q58206|3.A.1.122.14	48.2	224	107	2	4	218	2	225	4.1e-50	194.5
BCW-200198_00773	gnl|TC-DB|A2RL86|2.A.49.9.4	96.8	403	13	0	1	403	1	403	2.0e-214	741.1
BCW-200198_00778	gnl|TC-DB|C9RH03|2.A.109.3.1	49.4	338	159	5	4	339	10	337	2.8e-79	292.0
BCW-200198_00781	gnl|TC-DB|Q8CWM9|3.A.11.1.2	52.3	396	175	3	56	438	37	431	4.5e-114	407.9
BCW-200198_00782	gnl|TC-DB|G2JSZ8|3.A.11.1.4	39.4	221	126	5	1	216	1	218	7.0e-36	147.1
BCW-200198_00788	gnl|TC-DB|Q89K67|2.A.55.2.6	44.9	450	224	6	18	467	23	448	4.1e-87	318.5
BCW-200198_00818	gnl|TC-DB|Q83XH1|3.A.1.121.4	31.2	528	357	2	7	533	5	527	1.2e-75	280.8
BCW-200198_00827	gnl|TC-DB|Q55487|4.D.2.1.9	39.5	314	180	5	1	313	1	305	7.1e-53	204.1
BCW-200198_00831	gnl|TC-DB|B8I766|9.B.105.1.5	36.8	144	86	4	4	144	1	142	4.7e-15	77.4
BCW-200198_00836	gnl|TC-DB|A3CLT2|1.A.35.3.4	41.1	299	175	1	3	300	4	302	3.9e-61	231.5
BCW-200198_00842	gnl|TC-DB|Q45064|9.B.31.1.2	45.5	200	99	2	1	200	1	190	1.4e-36	149.4
BCW-200198_00848	gnl|TC-DB|P0A9R7|3.A.1.140.1	42.8	215	123	0	3	217	1	215	4.1e-50	194.5
BCW-200198_00852	gnl|TC-DB|P35839|1.A.16.2.1	31.1	267	167	3	3	252	7	273	3.5e-29	125.2
BCW-200198_00855	gnl|TC-DB|Q8RME1|3.A.1.126.1	37.0	289	180	2	4	291	1	288	3.2e-52	201.8
BCW-200198_00861	gnl|TC-DB|Q3K0G6|4.A.2.1.20	67.9	654	190	4	1	634	1	654	1.0e-236	815.8
BCW-200198_00866	gnl|TC-DB|G4NXA5|1.A.33.1.4	73.7	605	157	1	1	605	1	603	4.9e-244	840.1
BCW-200198_00882	gnl|TC-DB|P39456|3.A.1.3.14	53.7	242	111	1	1	241	1	242	1.2e-68	256.1
BCW-200198_00883	gnl|TC-DB|O34315|3.A.1.3.13	34.8	227	142	1	44	270	3	223	5.4e-31	131.3
BCW-200198_00884	gnl|TC-DB|O34406|3.A.1.3.13	28.4	275	178	7	2	273	4	262	2.1e-24	109.4
BCW-200198_00906	gnl|TC-DB|P42953|3.A.1.104.1	30.8	273	172	4	9	270	9	275	7.0e-33	137.5
BCW-200198_00907	gnl|TC-DB|P42954|3.A.1.104.1	52.2	253	116	3	6	256	2	251	2.9e-71	265.8
BCW-200198_00913	gnl|TC-DB|Q7A3S4|2.A.1.3.61	32.1	477	309	5	20	494	6	469	1.8e-69	260.0
BCW-200198_00922	gnl|TC-DB|O07032|2.A.24.2.2	99.8	425	1	0	1	425	1	425	2.6e-228	787.3
BCW-200198_00924	gnl|TC-DB|P39115|3.A.1.121.3	27.1	513	317	7	4	505	5	471	1.5e-44	177.2
BCW-200198_00929	gnl|TC-DB|P07373|2.A.103.1.3	27.9	377	239	11	16	384	9	360	1.2e-28	124.0
BCW-200198_00932	gnl|TC-DB|F4K2G0|3.D.1.8.1	40.6	170	69	5	23	188	103	244	3.6e-23	104.8
BCW-200198_00939	gnl|TC-DB|P07373|2.A.103.1.3	32.9	389	225	8	6	388	3	361	1.6e-41	166.8
BCW-200198_00945	gnl|TC-DB|P40410|3.A.1.14.15	37.0	322	197	3	8	323	6	327	3.5e-47	185.3
BCW-200198_00946	gnl|TC-DB|P40411|3.A.1.14.15	32.8	314	203	2	4	313	17	326	8.7e-46	180.6
BCW-200198_00948	gnl|TC-DB|Q9RCF3|3.A.1.14.6	45.3	254	138	1	6	258	21	274	3.9e-65	244.6
BCW-200198_00950	gnl|TC-DB|P32399|9.B.74.1.3	41.9	172	99	1	2	172	4	175	8.1e-37	152.1
BCW-200198_00956	gnl|TC-DB|Q8G3M7|9.B.36.1.3	32.0	172	115	1	7	178	154	323	2.7e-17	85.1
BCW-200198_00957	gnl|TC-DB|P75905|4.D.1.1.3	28.7	422	279	10	18	431	29	436	2.6e-45	179.5
BCW-200198_00962	gnl|TC-DB|Q8RKC1|3.A.1.122.3	36.3	215	131	3	3	212	2	215	1.5e-30	129.4
BCW-200198_00965	gnl|TC-DB|P0A6W3|9.B.146.1.6	35.4	347	186	9	1	323	22	354	4.8e-44	174.9
BCW-200198_00971	gnl|TC-DB|K8ZBV5|1.A.78.2.8	34.2	190	123	2	1	188	1	190	1.0e-19	93.2
BCW-200198_00974	gnl|TC-DB|J8IXD8|1.C.109.1.5	60.4	270	102	2	2	268	5	272	1.0e-84	309.7
BCW-200198_00981	gnl|TC-DB|P05425|3.A.3.5.2	48.7	633	305	12	76	691	116	745	1.4e-146	516.5
BCW-200198_00985	gnl|TC-DB|Q1D3I3|3.A.1.103.4	41.6	221	126	1	24	241	27	247	1.7e-51	199.9
BCW-200198_00989	gnl|TC-DB|P39851|8.A.3.2.1	44.4	189	104	1	2	190	37	224	1.3e-41	166.0
BCW-200198_00991	gnl|TC-DB|Q97PG9|3.A.1.15.14	64.7	133	47	0	1	133	102	234	2.3e-48	188.0
BCW-200198_00998	gnl|TC-DB|Q8DT26|3.A.1.1.27	31.6	275	179	6	6	275	4	274	1.9e-25	112.8
BCW-200198_00999	gnl|TC-DB|Q9X9R6|3.A.1.1.23	28.9	280	185	8	19	286	23	300	7.7e-25	110.9
BCW-200198_01005	gnl|TC-DB|P42953|3.A.1.104.1	33.1	275	178	2	1	269	1	275	3.8e-39	158.3
BCW-200198_01006	gnl|TC-DB|P42954|3.A.1.104.1	49.6	252	125	1	14	265	2	251	4.4e-70	261.9
BCW-200198_01008	gnl|TC-DB|P31552|4.C.1.1.6	21.8	514	338	16	674	1143	23	516	7.3e-16	83.6
BCW-200198_01009	gnl|TC-DB|P0AFK6|3.A.1.11.1	39.7	239	144	0	11	249	10	248	3.2e-43	171.8
BCW-200198_01022	gnl|TC-DB|Q5TLL2|3.A.1.111.4	42.0	162	87	3	349	504	496	656	3.0e-24	109.8
BCW-200198_01033	gnl|TC-DB|Q9AET8|3.A.5.10.1	39.2	406	220	7	128	524	122	509	1.1e-74	277.3
BCW-200198_01035	gnl|TC-DB|P0A5Z2|3.A.5.2.2	25.6	429	279	15	9	402	16	439	4.1e-21	99.0
BCW-200198_01036	gnl|TC-DB|Q9AET6|3.A.5.10.1	44.2	795	421	7	4	785	9	793	2.0e-173	605.9
BCW-200198_01040	gnl|TC-DB|Q4QLL1|4.B.1.1.2	27.3	198	132	4	7	193	7	203	8.0e-17	84.0
BCW-200198_01045	gnl|TC-DB|A4VYG6|9.B.144.1.5	41.1	879	486	11	2	872	3	857	2.8e-176	615.5
BCW-200198_01047	gnl|TC-DB|P32113|3.A.3.5.1	45.3	741	361	8	2	717	6	727	6.8e-160	560.8
BCW-200198_01056	gnl|TC-DB|Q86Z14|8.A.49.1.2	27.6	467	274	13	6	449	82	507	1.1e-41	167.5
BCW-200198_01057	gnl|TC-DB|P46317|4.A.3.2.2	30.0	477	292	7	1	472	4	443	1.2e-53	207.2
BCW-200198_01062	gnl|TC-DB|P10121|3.A.5.1.1	44.8	299	162	2	122	420	198	493	1.1e-69	260.4
BCW-200198_01065	gnl|TC-DB|F2HN33|2.A.3.1.22	46.2	448	230	5	1	438	1	447	5.8e-101	364.4
BCW-200198_01066	gnl|TC-DB|H3P2R4|9.B.141.1.2	34.0	215	142	0	21	235	21	235	8.0e-31	130.6
BCW-200198_01067	gnl|TC-DB|C7TAQ3|9.B.141.1.3	32.6	347	222	4	9	354	6	341	2.0e-38	156.4
BCW-200198_01078	gnl|TC-DB|A2RM05|2.A.88.9.1	97.6	169	4	0	1	169	1	169	1.5e-86	315.1
BCW-200198_01089	gnl|TC-DB|B9LBX9|2.A.53.3.4	40.2	82	48	1	10	90	610	691	1.6e-11	65.1
BCW-200198_01111	gnl|TC-DB|I6T8M5|1.E.14.1.15	50.0	118	59	0	1	118	1	118	2.4e-26	114.8
BCW-200198_01112	gnl|TC-DB|I6TRN5|2.A.122.1.4	60.0	230	92	0	1	230	1	230	3.2e-71	264.6
BCW-200198_01130	gnl|TC-DB|O30489|3.A.1.132.1	29.8	218	149	3	1	216	1	216	9.9e-22	100.5
BCW-200198_01133	gnl|TC-DB|Q9UEF7|8.A.49.1.1	26.9	484	293	15	4	465	61	505	6.4e-42	168.3
BCW-200198_01134	gnl|TC-DB|P40739|4.A.1.2.11	35.7	599	370	6	1	595	1	588	1.8e-100	363.2
BCW-200198_01141	gnl|TC-DB|Q7A3S4|2.A.1.3.61	28.9	408	283	4	18	420	10	415	9.9e-40	161.0
BCW-200198_01143	gnl|TC-DB|Q8NMD6|4.A.1.2.12	48.7	635	307	6	1	624	1	627	1.5e-161	566.2
BCW-200198_01146	gnl|TC-DB|P37653|4.D.3.1.6	32.7	603	394	8	33	630	200	795	6.3e-80	295.0
BCW-200198_01151	gnl|TC-DB|F2HK99|2.A.26.1.9	99.1	456	4	0	1	456	1	456	7.4e-245	842.4
BCW-200198_01155	gnl|TC-DB|Q54066|4.D.1.1.2	34.6	410	247	8	5	400	6	408	1.9e-63	239.6
BCW-200198_01157	gnl|TC-DB|A9BJX0|3.A.3.2.21	36.8	931	517	14	3	913	2	881	1.5e-159	560.1
BCW-200198_01166	gnl|TC-DB|Q6A1F6|3.B.1.1.6	32.4	595	359	8	523	1106	6	568	2.6e-81	300.4
BCW-200198_01167	gnl|TC-DB|P07373|2.A.103.1.3	30.5	383	233	6	13	395	12	361	1.6e-36	150.2
BCW-200198_01169	gnl|TC-DB|P0A4K4|2.A.1.2.34	51.5	373	180	1	1	373	28	399	2.2e-106	382.1
BCW-200198_01176	gnl|TC-DB|Q7A3X3|3.A.1.122.4	46.2	221	112	3	5	221	3	220	5.3e-47	184.1
BCW-200198_01179	gnl|TC-DB|Q09YE8|1.E.13.1.1	42.7	103	59	0	1	103	1	103	5.6e-18	86.7
BCW-200198_01214	gnl|TC-DB|Q9FI56|3.A.9.1.2	43.8	815	426	10	7	803	97	897	5.6e-187	651.0
BCW-200198_01231	gnl|TC-DB|Q9CHU5|2.A.72.1.3	72.9	665	175	2	8	667	6	670	1.0e-279	958.7
BCW-200198_01232	gnl|TC-DB|Q9CHU5|2.A.72.1.3	99.9	670	1	0	1	670	1	670	0.0e+00	1298.5
BCW-200198_01244	gnl|TC-DB|O35018|2.A.1.3.30	23.5	327	248	2	23	349	22	346	8.1e-27	118.2
BCW-200198_01271	gnl|TC-DB|M2X3K0|9.B.115.1.1	36.9	233	125	8	29	250	4	225	7.3e-24	107.5
BCW-200198_01274	gnl|TC-DB|Q02YV9|9.A.24.1.7	84.4	160	24	1	1	160	1	159	8.8e-68	252.7
BCW-200198_01278	gnl|TC-DB|Q835V4|3.A.3.23.2	50.5	772	374	3	4	772	30	796	1.1e-208	723.0
BCW-200198_01282	gnl|TC-DB|F9LXW4|2.A.87.2.3	46.8	186	94	1	4	189	2	182	1.3e-36	149.4
BCW-200198_01289	gnl|TC-DB|Q8RCC4|3.A.1.3.27	39.2	265	151	6	1	264	1	256	1.4e-41	166.4
BCW-200198_01295	gnl|TC-DB|Q9FI56|3.A.9.1.2	52.9	666	285	9	107	744	257	921	3.0e-187	651.7
BCW-200198_01297	gnl|TC-DB|P12681|2.A.1.4.2	31.3	451	296	6	1	447	1	441	1.2e-56	217.2
BCW-200198_01312	gnl|TC-DB|Q9X432|3.A.1.130.1	27.2	313	179	12	2	278	3	302	5.1e-18	88.2
BCW-200198_01340	gnl|TC-DB|Q15HU6|3.A.7.14.2	33.1	175	101	4	29	193	48	216	4.5e-19	92.0
BCW-200198_01342	gnl|TC-DB|Q64K09|3.A.1.5.25	46.2	554	286	3	1	547	1	549	1.5e-138	489.6
BCW-200198_01343	gnl|TC-DB|Q15HU6|3.A.7.14.2	42.5	146	71	4	147	292	201	333	2.1e-19	92.8
BCW-200198_01348	gnl|TC-DB|Q9X432|3.A.1.130.1	36.2	210	122	5	1	199	3	211	3.4e-24	108.6
BCW-200198_01357	gnl|TC-DB|P54176|1.C.113.1.1	46.1	217	113	2	1	216	1	214	3.7e-45	177.9
BCW-200198_01379	gnl|TC-DB|P05306|4.A.1.2.9	29.3	499	291	11	3	493	2	446	2.5e-47	186.4
BCW-200198_01380	gnl|TC-DB|Q8DS05|4.A.1.1.11	46.6	133	69	1	22	152	589	721	2.9e-26	114.8
BCW-200198_01386	gnl|TC-DB|Q8DT25|3.A.1.1.27	73.7	376	99	0	1	376	1	376	4.8e-165	577.0
BCW-200198_01391	gnl|TC-DB|Q9UEF7|8.A.49.1.1	28.1	488	295	16	2	475	60	505	7.9e-40	161.4
BCW-200198_01392	gnl|TC-DB|P46317|4.A.3.2.2	35.2	443	273	5	1	438	4	437	2.7e-66	249.2
BCW-200198_01394	gnl|TC-DB|Q9CIE9|4.A.3.2.4	100.0	116	0	0	1	116	1	116	4.9e-60	226.5
BCW-200198_01395	gnl|TC-DB|Q9CIF0|4.A.3.2.4	100.0	108	0	0	1	108	1	108	2.2e-54	207.6
BCW-200198_01398	gnl|TC-DB|P38919|3.A.18.1.1	33.4	341	220	4	21	358	58	394	3.1e-54	209.1
BCW-200198_01399	gnl|TC-DB|I6PJK1|2.A.114.1.7	48.5	776	374	8	10	779	3	758	7.3e-200	693.7
BCW-200198_01412	gnl|TC-DB|Q9HV74|2.A.21.9.1	28.5	270	149	9	209	458	729	974	5.4e-20	95.5
BCW-200198_01416	gnl|TC-DB|Q5G3M3|3.A.7.19.1	46.7	105	56	0	1	105	2	106	3.1e-23	104.4
BCW-200198_01425	gnl|TC-DB|P32703|2.A.36.3.1	33.1	423	256	12	2	403	1	417	4.9e-43	172.6
BCW-200198_01428	gnl|TC-DB|P76269|2.A.1.3.17	30.4	424	283	5	1	422	11	424	1.2e-45	180.6
BCW-200198_01438	gnl|TC-DB|K7WL41|2.A.3.1.19	98.5	477	7	0	1	477	1	477	2.2e-268	920.6
BCW-200198_01448	gnl|TC-DB|F2HQ25|2.A.3.1.21	99.8	459	1	0	1	459	1	459	3.7e-260	893.3
BCW-200198_01449	gnl|TC-DB|F2HQ24|2.A.3.1.20	100.0	457	0	0	1	457	1	457	5.7e-253	869.4
BCW-200198_01454	gnl|TC-DB|P38919|3.A.18.1.1	40.3	325	193	1	3	326	40	364	5.5e-69	258.5
BCW-200198_01456	gnl|TC-DB|Q9CIK8|3.A.1.5.25	99.7	312	1	0	1	312	2	313	1.3e-176	615.1
BCW-200198_01457	gnl|TC-DB|Q9CIK9|3.A.1.5.25	100.0	349	0	0	1	349	1	349	7.0e-203	702.6
BCW-200198_01458	gnl|TC-DB|Q9CIL0|3.A.1.5.25	98.8	343	4	0	1	343	1	343	6.5e-169	589.7
BCW-200198_01459	gnl|TC-DB|Q9CIL1|3.A.1.5.25	96.4	303	11	0	1	303	1	303	1.5e-156	548.5
BCW-200198_01460	gnl|TC-DB|Q9CIL2|3.A.1.5.25	94.3	545	31	0	1	545	1	545	1.6e-291	997.7
BCW-200198_01461	gnl|TC-DB|Q64K09|3.A.1.5.25	96.0	550	22	0	1	550	1	550	1.5e-305	1044.3
BCW-200198_01471	gnl|TC-DB|P80874|8.A.5.1.4	29.8	319	157	14	7	266	11	321	2.3e-20	95.9
BCW-200198_01472	gnl|TC-DB|P77389|2.A.1.2.65	37.3	381	231	4	10	389	7	380	7.2e-55	211.1
BCW-200198_01474	gnl|TC-DB|Q93PN3|3.A.1.14.7	26.8	257	168	10	42	290	38	282	3.6e-17	85.5
BCW-200198_01475	gnl|TC-DB|P40411|3.A.1.14.15	35.2	330	194	5	1	311	1	329	2.6e-39	159.1
BCW-200198_01476	gnl|TC-DB|P06972|3.A.1.14.3	31.4	271	185	1	47	316	390	660	5.8e-31	131.3
BCW-200198_01477	gnl|TC-DB|Q9X665|3.A.1.14.7	45.7	247	131	3	1	245	11	256	5.6e-53	204.1
BCW-200198_01479	gnl|TC-DB|Q74I61|3.A.1.29.1	53.5	159	70	1	3	157	2	160	5.4e-41	164.5
BCW-200198_01480	gnl|TC-DB|Q74I62|3.A.1.29.1	49.5	566	275	6	2	559	3	565	3.2e-149	525.0
BCW-200198_01481	gnl|TC-DB|Q74I63|3.A.1.29.1	50.3	181	90	0	2	182	5	185	2.2e-46	181.8
BCW-200198_01482	gnl|TC-DB|Q8K8K7|3.A.1.24.3	46.3	231	123	1	1	231	1	230	2.2e-51	198.7
BCW-200198_01483	gnl|TC-DB|Q04MS6|3.A.1.24.6	53.2	361	157	2	4	364	5	353	7.8e-104	373.6
BCW-200198_01484	gnl|TC-DB|Q04MS8|3.A.1.24.6	45.2	279	141	5	13	282	9	284	1.1e-57	219.9
BCW-200198_01485	gnl|TC-DB|Q8K8K9|3.A.1.24.3	38.9	283	150	7	10	282	12	281	2.6e-46	182.2
BCW-200198_01486	gnl|TC-DB|Q8K8K9|3.A.1.24.3	53.7	242	101	3	39	270	31	271	2.1e-64	242.3
BCW-200198_01487	gnl|TC-DB|Q8K8K9|3.A.1.24.3	50.6	249	112	3	32	270	24	271	5.4e-60	227.6
BCW-200198_01488	gnl|TC-DB|A2RI47|2.A.88.3.2	87.9	182	22	0	1	182	1	182	5.1e-80	293.5
BCW-200198_01490	gnl|TC-DB|A2SPQ3|3.A.1.25.3	36.1	158	95	4	13	169	15	167	7.8e-12	67.0
BCW-200198_01492	gnl|TC-DB|P33116|3.A.1.111.2	30.3	512	336	8	75	570	86	592	1.4e-59	227.3
BCW-200198_01497	gnl|TC-DB|Q9CIP5|3.A.1.135.1	100.0	664	0	0	1	664	1	664	0.0e+00	1230.7
BCW-200198_01498	gnl|TC-DB|Q9CIP6|3.A.1.135.1	99.7	573	2	0	7	579	1	573	1.0e-307	1051.6
BCW-200198_01500	gnl|TC-DB|Q97PQ1|2.A.4.7.6	49.2	417	185	3	5	421	4	393	1.2e-103	373.2
BCW-200198_01502	gnl|TC-DB|B2YGG2|2.A.1.2.41	36.8	383	238	3	12	391	20	401	2.0e-57	219.5
BCW-200198_01507	gnl|TC-DB|A0QQ68|3.A.1.9.2	38.5	192	117	1	76	266	80	271	8.7e-28	120.6
BCW-200198_01509	gnl|TC-DB|A0QQ70|3.A.1.9.2	41.3	230	135	0	15	244	23	252	3.6e-44	174.9
BCW-200198_01533	gnl|TC-DB|A2RI03|3.A.1.25.4	98.9	266	3	0	1	266	1	266	2.4e-139	491.1
BCW-200198_01534	gnl|TC-DB|Q5M244|3.A.1.25.6	65.9	276	93	1	2	277	3	277	1.3e-101	365.9
BCW-200198_01535	gnl|TC-DB|A2RI01|3.A.1.25.4	96.7	276	9	0	1	276	1	276	4.3e-147	516.9
BCW-200198_01542	gnl|TC-DB|Q15HU6|3.A.7.14.2	36.4	173	95	6	49	214	29	193	1.3e-15	80.9
BCW-200198_01546	gnl|TC-DB|P80874|8.A.5.1.4	27.4	314	167	10	6	266	4	309	1.8e-20	96.3
BCW-200198_01552	gnl|TC-DB|Q9WYC4|3.A.1.135.5	40.0	598	326	4	29	623	24	591	5.0e-119	424.9
BCW-200198_01553	gnl|TC-DB|Q9WYC3|3.A.1.135.5	36.6	587	348	4	7	590	6	571	9.7e-99	357.5
BCW-200198_01561	gnl|TC-DB|Q3Z8A8|3.A.1.105.6	40.1	232	135	3	5	233	6	236	6.1e-44	174.1
BCW-200198_01564	gnl|TC-DB|D7V8E7|1.A.8.2.6	62.3	61	23	0	1	61	176	236	5.5e-19	89.4
BCW-200198_01565	gnl|TC-DB|D7V8E7|1.A.8.2.6	51.9	135	65	0	1	135	6	140	5.2e-36	147.1
BCW-200198_01575	gnl|TC-DB|O32182|2.A.1.3.33	30.2	401	277	3	1	399	20	419	1.7e-47	186.8
BCW-200198_01595	gnl|TC-DB|O32273|2.A.66.2.6	20.7	429	337	2	3	429	6	433	7.7e-19	91.7
BCW-200198_01609	gnl|TC-DB|P72884|3.A.1.103.5	45.6	206	111	1	40	244	54	259	4.1e-50	195.3
BCW-200198_01625	gnl|TC-DB|Q7MV19|9.A.8.1.6	36.0	739	381	19	4	674	129	843	4.1e-117	418.7
BCW-200198_01635	gnl|TC-DB|Q9UEF7|8.A.49.1.1	30.8	494	264	15	9	474	61	504	1.8e-55	213.4
BCW-200198_01638	gnl|TC-DB|Q9CJ32|4.A.3.2.4	99.8	494	1	0	1	494	1	494	2.6e-275	943.7
BCW-200198_01645	gnl|TC-DB|Q58119|2.A.66.1.26	25.2	385	264	8	13	384	15	388	5.2e-17	85.5
BCW-200198_01669	gnl|TC-DB|K8ZBV5|1.A.78.2.8	27.9	179	111	2	1	161	1	179	6.0e-12	67.4
BCW-200198_01673	gnl|TC-DB|P76187|8.A.5.1.7	32.0	300	173	5	10	298	13	292	8.9e-37	150.6
BCW-200198_01676	gnl|TC-DB|Q01625|2.A.9.3.2	31.7	243	161	3	1	238	3	245	2.2e-31	132.5
BCW-200198_01679	gnl|TC-DB|P25744|2.A.1.2.20	46.3	382	205	0	4	385	11	392	1.2e-89	326.6
BCW-200198_01683	gnl|TC-DB|P39843|2.A.1.2.8	46.7	390	201	3	1	383	5	394	8.9e-90	327.0
BCW-200198_01684	gnl|TC-DB|P69937|2.A.7.1.4	46.2	104	56	0	1	104	1	104	3.7e-22	100.5
BCW-200198_01689	gnl|TC-DB|P08839|8.A.7.1.1	48.3	572	290	5	4	573	1	568	3.4e-146	515.0
BCW-200198_01692	gnl|TC-DB|Q6MR29|3.A.5.1.3	46.5	821	388	9	14	804	16	815	2.8e-208	721.8
BCW-200198_01696	gnl|TC-DB|s6ex81|2.A.3.3.23	99.8	469	1	0	1	469	1	469	2.2e-260	894.0
BCW-200198_01700	gnl|TC-DB|Q55487|4.D.2.1.9	41.7	302	176	0	3	304	4	305	1.3e-62	236.5
BCW-200198_01707	gnl|TC-DB|Q83XH1|3.A.1.121.4	29.8	503	343	5	3	500	1	498	1.3e-59	227.3
BCW-200198_01712	gnl|TC-DB|Q830Z1|3.A.3.25.3	51.2	598	286	3	1	592	1	598	2.7e-162	568.5
BCW-200198_01727	gnl|TC-DB|Q83XH1|3.A.1.121.4	57.4	538	222	3	1	538	1	531	9.9e-180	626.3
BCW-200198_01730	gnl|TC-DB|Q1DDV1|2.A.3.3.18	25.4	335	230	8	7	330	1	326	6.4e-12	68.6
BCW-200198_01745	gnl|TC-DB|A1JRS3|2.A.53.3.9	29.3	570	357	12	2	538	9	565	1.1e-48	191.0
BCW-200198_01749	gnl|TC-DB|Q9KKQ7|4.A.2.1.12	39.0	136	82	1	2	137	505	639	1.3e-25	112.5
BCW-200198_01751	gnl|TC-DB|P42956|4.A.2.1.5	51.5	485	212	5	7	487	11	476	9.8e-128	453.8
BCW-200198_01760	gnl|TC-DB|P25694|3.A.16.1.2	42.4	250	136	4	181	429	202	444	5.5e-50	195.7
BCW-200198_01772	gnl|TC-DB|P75831|3.A.1.122.1	38.0	213	128	1	1	209	4	216	2.1e-37	152.1
BCW-200198_01798	gnl|TC-DB|P43672|3.A.1.120.6	34.2	518	328	8	12	520	12	525	1.1e-78	290.8
BCW-200198_01817	gnl|TC-DB|Q6MMK1|2.A.6.6.11	36.9	406	236	9	1	394	15	412	1.6e-62	236.5
BCW-200198_01838	gnl|TC-DB|O66515|1.A.11.1.5	45.3	408	209	7	1	405	25	421	9.4e-90	327.0
BCW-200198_01858	gnl|TC-DB|Q38134|1.E.18.1.1	80.8	73	14	0	1	73	1	73	4.0e-25	110.2
BCW-200198_01908	gnl|TC-DB|Q9CF78|2.A.40.1.2	100.0	430	0	0	1	430	1	430	1.2e-231	798.5
BCW-200198_01912	gnl|TC-DB|Q8DNK3|2.A.4.1.7	45.1	275	151	0	25	299	10	284	4.1e-66	248.1
BCW-200198_01921	gnl|TC-DB|P0AGD7|3.A.5.1.1	49.2	427	216	1	3	428	2	428	1.2e-110	396.7
BCW-200198_01924	gnl|TC-DB|P0AFV2|9.B.20.1.4	40.8	213	121	4	10	221	4	212	1.6e-35	146.0
BCW-200198_01928	gnl|TC-DB|P22094|1.A.8.2.2	51.6	289	136	3	1	286	1	288	1.2e-83	306.2
BCW-200198_01931	gnl|TC-DB|C8TA54|4.A.7.1.4	48.8	420	209	5	4	422	1	415	8.0e-106	380.6
BCW-200198_01933	gnl|TC-DB|B7LDS1|4.A.7.1.2	35.4	144	93	0	367	510	1	144	9.5e-23	104.8
BCW-200198_01939	gnl|TC-DB|Q6D188|2.A.2.5.2	27.3	490	342	6	22	502	12	496	3.1e-58	222.6
BCW-200198_01943	gnl|TC-DB|A2RJJ9|2.A.1.3.37	97.1	476	14	0	1	476	1	476	2.7e-237	817.4
BCW-200198_01944	gnl|TC-DB|A6VKT0|3.A.1.2.13	43.9	253	142	0	51	303	27	279	1.7e-54	209.5
BCW-200198_01945	gnl|TC-DB|A6VKS9|3.A.1.2.13	50.8	303	147	1	13	313	18	320	4.5e-76	281.2
BCW-200198_01946	gnl|TC-DB|Q9X051|3.A.1.2.19	47.3	497	251	3	3	488	13	509	4.5e-123	438.0
BCW-200198_01967	gnl|TC-DB|Q7A3S4|2.A.1.3.61	30.0	410	277	2	22	424	10	416	1.3e-44	177.2
BCW-200198_01981	gnl|TC-DB|Q9FI56|3.A.9.1.2	42.5	870	410	10	4	851	96	897	9.3e-188	653.7
BCW-200198_01984	gnl|TC-DB|Q9WYC4|3.A.1.135.5	23.3	532	377	11	1	510	28	550	8.8e-24	108.2
BCW-200198_01990	gnl|TC-DB|O35018|2.A.1.3.30	26.5	461	329	3	11	461	14	474	3.5e-48	189.1
BCW-200198_02001	gnl|TC-DB|P94488|2.A.2.3.2	32.2	202	130	3	11	211	255	450	2.9e-21	98.6
BCW-200198_02004	gnl|TC-DB|O52733|2.A.1.1.41	64.7	448	151	4	1	447	1	442	7.6e-157	550.1
BCW-200198_02006	gnl|TC-DB|C4B4V9|2.A.1.1.116	71.2	452	130	0	1	452	22	473	5.2e-182	633.6
BCW-200198_02015	gnl|TC-DB|Q9KWT8|3.A.1.1.10	31.0	303	201	3	1	303	24	318	2.2e-38	156.0
BCW-200198_02016	gnl|TC-DB|Q09LY6|3.A.1.1.9	34.7	291	175	6	21	306	16	296	1.3e-35	146.7
BCW-200198_02019	gnl|TC-DB|Q07837|8.A.9.1.2	29.8	531	284	13	3	487	116	603	2.1e-65	246.5
BCW-200198_02021	gnl|TC-DB|E0SUV5|9.B.28.1.11	29.7	202	140	1	2	201	1	202	1.6e-18	89.4
BCW-200198_02026	gnl|TC-DB|Q6D188|2.A.2.5.2	25.0	551	349	9	24	573	6	493	1.0e-44	177.9
BCW-200198_02027	gnl|TC-DB|Q2G140|2.A.66.1.13	38.4	440	268	2	3	442	2	438	5.4e-78	288.1
BCW-200198_02028	gnl|TC-DB|A3CLT2|1.A.35.3.4	24.1	286	206	6	9	289	13	292	1.1e-13	73.9
BCW-200198_02033	gnl|TC-DB|P31437|2.A.7.3.12	33.4	293	191	2	17	307	6	296	1.3e-35	146.7
BCW-200198_02035	gnl|TC-DB|E1H0W3|2.A.89.3.2	40.0	220	132	0	5	224	9	228	6.5e-32	134.0
BCW-200198_02036	gnl|TC-DB|Q9P6J2|2.A.89.3.8	26.5	215	158	0	11	225	17	231	3.3e-12	68.6
BCW-200198_02050	gnl|TC-DB|Q9KJ80|4.A.1.2.6	45.4	645	322	9	4	624	5	643	8.7e-143	503.8
BCW-200198_02051	gnl|TC-DB|Q9UEF7|8.A.49.1.1	26.9	490	298	14	2	475	60	505	4.2e-41	165.6
BCW-200198_02056	gnl|TC-DB|Q9RQ06|3.A.1.12.5	96.3	406	13	1	1	406	1	404	1.4e-215	745.0
BCW-200198_02057	gnl|TC-DB|Q9RQ05|3.A.1.12.5	94.8	573	30	0	1	573	1	573	2.4e-309	1057.0
BCW-200198_02071	gnl|TC-DB|D2BKA1|3.A.1.2.17	100.0	350	0	0	1	350	1	350	3.0e-193	670.6
BCW-200198_02086	gnl|TC-DB|V6HIG4|1.A.78.2.2	29.2	178	119	4	1	173	1	176	8.7e-11	63.5
BCW-200198_02090	gnl|TC-DB|A9BJX0|3.A.3.2.21	42.2	899	479	11	4	878	3	884	2.7e-187	652.1
BCW-200198_02091	gnl|TC-DB|Q15HU6|3.A.7.14.2	37.9	198	109	5	15	209	12	198	9.2e-25	110.2
BCW-200198_02098	gnl|TC-DB|Q7A3S4|2.A.1.3.61	28.7	449	295	4	21	444	18	466	7.3e-43	171.4
BCW-200198_02115	gnl|TC-DB|A2RKA5|3.A.1.2.17	99.1	317	3	0	1	317	1	317	3.8e-171	597.0
BCW-200198_02116	gnl|TC-DB|A2RKA6|3.A.1.2.17	97.0	364	11	0	1	364	1	364	5.6e-187	649.8
BCW-200198_02117	gnl|TC-DB|A2RKA7|3.A.1.2.17	98.6	506	7	0	1	506	1	506	1.6e-280	961.1
BCW-200198_02134	gnl|TC-DB|Q7A676|3.A.1.11.8	30.6	314	211	4	35	345	42	351	4.3e-35	145.2
BCW-200198_02144	gnl|TC-DB|I0K9D5|1.A.78.2.1	41.4	87	45	2	1	81	4	90	2.0e-12	67.8
BCW-200198_02149	gnl|TC-DB|D7V8E7|1.A.8.2.6	61.9	236	84	2	6	239	8	239	4.3e-82	300.8
BCW-200198_02154	gnl|TC-DB|O32212|2.A.36.3.2	33.4	368	220	6	20	374	20	375	3.6e-43	172.9
BCW-200198_02162	gnl|TC-DB|P36640|3.A.3.4.1	50.2	879	400	7	35	907	54	900	3.6e-235	811.2
BCW-200198_02165	gnl|TC-DB|P39580|2.A.50.2.1	48.6	397	194	6	1	392	1	392	4.9e-99	357.8
BCW-200198_02166	gnl|TC-DB|Q42524|4.C.1.1.7	26.4	394	250	14	122	494	182	556	5.2e-18	89.0
BCW-200198_02177	gnl|TC-DB|O07549|3.A.1.106.8	38.9	558	306	8	64	606	132	669	1.9e-99	359.8
BCW-200198_02178	gnl|TC-DB|O07550|3.A.1.106.8	40.5	573	340	1	3	575	4	575	3.2e-126	448.7
BCW-200198_02179	gnl|TC-DB|Q1RN04|2.A.87.1.1	96.6	206	7	0	1	206	1	206	6.3e-103	369.8
BCW-200198_02194	gnl|TC-DB|O34897|1.A.23.3.1	36.3	204	119	3	12	210	17	214	1.7e-25	112.8
BCW-200198_02196	gnl|TC-DB|O30417|2.A.3.7.1	94.2	503	29	0	1	503	1	503	3.2e-265	910.2
BCW-200198_02206	gnl|TC-DB|O05703|3.A.1.15.3	57.6	505	206	3	12	515	4	501	5.5e-164	573.9
BCW-200198_02215	gnl|TC-DB|A9QDR8|3.A.1.1.29	39.0	295	169	3	4	287	12	306	8.4e-53	203.8
BCW-200198_02216	gnl|TC-DB|Q9KWT8|3.A.1.1.10	43.6	296	166	1	2	296	29	324	1.2e-70	263.1
BCW-200198_02222	gnl|TC-DB|K4IPL7|2.A.45.2.6	34.2	339	186	7	56	364	60	391	3.0e-39	159.1
BCW-200198_02239	gnl|TC-DB|P42364|3.A.1.15.2	73.8	302	78	1	13	313	9	310	5.1e-128	453.8
BCW-200198_02240	gnl|TC-DB|P42361|3.A.1.15.2	80.2	278	55	0	1	278	1	278	1.2e-115	412.5
BCW-200198_02241	gnl|TC-DB|Q97PG9|3.A.1.15.14	59.0	234	96	0	1	234	1	234	1.1e-77	286.2
BCW-200198_02297	gnl|TC-DB|Q8RD07|3.A.1.23.5	29.5	241	154	7	3	236	4	235	1.5e-16	83.2
BCW-200198_02318	gnl|TC-DB|Q1M607|3.A.3.7.2	41.8	194	99	2	4	197	1	180	1.4e-33	139.4
BCW-200198_02319	gnl|TC-DB|Q1M606|3.A.3.7.2	57.7	688	275	6	3	682	4	683	6.0e-206	713.8
BCW-200198_02320	gnl|TC-DB|Q1M605|3.A.3.7.2	43.0	577	304	5	2	575	7	561	2.7e-119	425.6
BCW-200198_02343	gnl|TC-DB|Q48797|2.A.69.4.5	40.9	345	167	4	1	342	1	311	2.4e-62	235.7
BCW-200198_02347	gnl|TC-DB|O32095|2.A.86.1.8	31.2	327	223	2	42	368	25	349	1.2e-38	157.1
BCW-200198_02353	gnl|TC-DB|Q835V4|3.A.3.23.2	34.0	783	472	10	8	774	30	783	2.9e-109	392.9
BCW-200198_02358	gnl|TC-DB|P14319|2.A.7.1.1	45.7	105	57	0	5	109	3	107	5.0e-22	100.1
BCW-200198_02362	gnl|TC-DB|Q4QLL1|4.B.1.1.2	29.0	210	137	4	32	239	19	218	1.3e-14	76.6
BCW-200198_02373	gnl|TC-DB|B1MZU9|1.A.22.1.8	49.2	126	61	3	1	124	1	125	2.4e-20	94.7
BCW-200198_02392	gnl|TC-DB|P12012|2.A.8.1.1	51.1	421	185	2	50	470	49	448	3.3e-107	385.2
BCW-200198_02399	gnl|TC-DB|Q5G3M3|3.A.7.19.1	56.6	166	56	3	1	166	1	150	6.6e-42	166.8
BCW-200198_02402	gnl|TC-DB|K7VV21|2.A.3.1.18	98.6	488	7	0	1	488	1	488	4.3e-259	889.8
BCW-200198_02413	gnl|TC-DB|Q18BL2|3.A.1.124.6	29.4	180	113	3	16	181	24	203	1.3e-12	69.7
BCW-200198_02427	gnl|TC-DB|M2X4H1|2.A.102.4.9	28.0	271	164	4	11	275	72	317	1.4e-12	70.1
BCW-200198_02442	gnl|TC-DB|C2UR80|2.A.1.46.5	29.6	405	267	6	1	405	14	400	1.3e-35	147.1
BCW-200198_02455	gnl|TC-DB|A9BJX0|3.A.3.2.21	38.7	905	508	13	5	888	4	882	1.0e-160	563.9
BCW-200198_02487	gnl|TC-DB|Q8L1D1|3.A.7.14.1	42.8	173	90	4	329	497	202	369	1.0e-29	127.9
BCW-200198_02498	gnl|TC-DB|Q9ZKE4|3.A.11.3.1	34.6	575	331	13	178	741	46	586	4.0e-73	272.7
BCW-200198_02510	gnl|TC-DB|C5L569|9.B.106.3.3	34.0	209	114	6	16	212	245	441	1.1e-20	98.2
BCW-200198_02521	gnl|TC-DB|P42670|2.A.1.3.11	30.3	409	260	9	11	400	28	430	4.0e-38	155.6
BCW-200198_02550	gnl|TC-DB|D8RWR9|1.C.39.4.5	36.3	157	80	2	65	221	478	614	4.2e-17	86.3
BCW-200198_02557	gnl|TC-DB|Q07733|3.A.1.5.10	97.9	338	7	0	1	338	1	338	8.3e-185	642.5
BCW-200198_02558	gnl|TC-DB|P0A2V4|3.A.1.5.10	98.7	319	4	0	1	319	1	319	3.8e-179	623.6
BCW-200198_02559	gnl|TC-DB|P0A4N7|3.A.1.5.10	96.2	319	12	0	1	319	1	319	1.1e-175	612.1
BCW-200198_02560	gnl|TC-DB|P0A4N9|3.A.1.5.10	97.6	294	7	0	1	294	1	294	2.3e-154	541.2
BCW-200198_02561	gnl|TC-DB|Q9CEK0|3.A.1.5.10	98.5	600	9	0	1	600	1	600	0.0e+00	1153.7
BCW-200198_02564	gnl|TC-DB|P54428|9.A.40.2.1	42.2	434	238	6	3	429	4	431	1.6e-84	309.7
BCW-200198_02575	gnl|TC-DB|F2HN33|2.A.3.1.22	99.8	449	1	0	1	449	1	449	1.4e-240	828.2
BCW-200198_02582	gnl|TC-DB|O32095|2.A.86.1.8	33.6	345	223	4	5	348	4	343	4.4e-46	181.8
BCW-200198_02583	gnl|TC-DB|P54428|9.A.40.2.1	31.4	392	258	5	13	393	4	395	9.3e-51	197.6
BCW-200198_02588	gnl|TC-DB|P39282|2.A.3.7.5	45.1	510	244	10	4	502	3	487	8.8e-114	407.1
BCW-200198_02589	gnl|TC-DB|Q5EAK4|2.A.16.2.2	28.7	362	212	11	3	336	1367	1710	7.3e-27	118.6
BCW-200198_02593	gnl|TC-DB|Q00758|2.A.66.2.14	28.9	211	140	5	21	230	2	203	5.3e-11	65.9
BCW-200198_02603	gnl|TC-DB|P73544|3.A.1.3.12	43.4	212	114	3	2	212	299	505	2.4e-34	142.1
BCW-200198_02604	gnl|TC-DB|Q9CES4|3.A.1.3.25	64.4	239	85	0	6	244	7	245	2.7e-84	308.1
BCW-200198_02606	gnl|TC-DB|R6S968|9.B.146.1.4	24.8	330	215	9	27	341	20	331	3.2e-11	66.2
BCW-200198_02607	gnl|TC-DB|B1W1L9|3.A.1.5.37	28.0	243	146	8	4	227	8	240	1.5e-16	83.2
BCW-200198_02619	gnl|TC-DB|A2RMJ9|3.A.1.25.4	92.6	189	14	0	1	189	1	189	3.8e-94	340.5
BCW-200198_02622	gnl|TC-DB|K4IPL7|2.A.45.2.6	27.0	389	251	7	24	387	12	392	6.5e-24	108.2
BCW-200198_02625	gnl|TC-DB|C9XJX0|3.A.1.147.6	30.9	230	156	1	3	229	23	252	1.4e-32	136.7
BCW-200198_02627	gnl|TC-DB|G2JTB5|3.A.11.1.4	38.7	212	112	4	4	212	12	208	6.8e-31	130.6
BCW-200198_02628	gnl|TC-DB|Q8DQ40|3.A.11.1.2	43.1	743	403	8	8	736	10	746	1.1e-154	543.5
BCW-200198_02631	gnl|TC-DB|P21903|3.A.2.1.2	29.0	231	147	6	10	233	61	281	9.4e-18	87.0
BCW-200198_02634	gnl|TC-DB|P29706|3.A.2.1.2	61.2	497	190	2	1	495	1	496	5.5e-169	590.5
BCW-200198_02635	gnl|TC-DB|P0ABA6|3.A.2.1.1	36.2	287	182	1	3	289	2	287	4.5e-46	181.4
BCW-200198_02636	gnl|TC-DB|P50002|3.A.2.1.5	70.5	464	132	3	4	467	6	464	1.3e-183	639.0
BCW-200198_02640	gnl|TC-DB|Q9CES4|3.A.1.3.25	100.0	247	0	0	1	247	1	247	7.3e-138	486.1
BCW-200198_02641	gnl|TC-DB|Q9CES5|3.A.1.3.25	99.7	714	2	0	1	714	1	714	0.0e+00	1338.6
BCW-200198_02642	gnl|TC-DB|P0ABP6|9.B.27.2.3	39.9	193	115	1	26	218	27	218	3.6e-40	161.4
BCW-200198_02645	gnl|TC-DB|Q3SAW5|2.A.7.21.4	97.7	307	7	0	1	307	1	307	7.9e-166	579.3
BCW-200198_02651	gnl|TC-DB|F2HM70|3.A.1.134.10	99.6	259	1	0	1	259	1	259	5.8e-138	486.5
BCW-200198_02652	gnl|TC-DB|F2HM69|3.A.1.134.10	99.6	667	3	0	1	667	1	667	0.0e+00	1182.5
BCW-200198_02661	gnl|TC-DB|Q6MDD6|3.A.7.16.1	33.1	741	439	16	9	729	6	709	7.2e-97	351.7
BCW-200198_02665	gnl|TC-DB|A3CPR5|1.A.14.2.6	48.2	224	115	1	7	230	2	224	1.8e-48	189.1
BCW-200198_02670	gnl|TC-DB|P31466|2.A.40.7.6	36.2	470	258	6	1	470	15	442	1.1e-70	263.8
BCW-200198_02682	gnl|TC-DB|O51234|3.A.1.7.5	37.5	275	161	5	27	295	18	287	1.0e-40	163.7
BCW-200198_02683	gnl|TC-DB|P0A627|3.A.1.7.4	31.4	258	160	5	20	277	43	283	8.2e-27	117.5
BCW-200198_02684	gnl|TC-DB|O51236|3.A.1.7.5	56.5	253	109	1	17	269	9	260	1.9e-78	288.9
BCW-200198_02685	gnl|TC-DB|O51236|3.A.1.7.5	59.9	252	101	0	2	253	9	260	7.8e-87	316.6
BCW-200198_02693	gnl|TC-DB|D2BKY9|4.A.6.1.11	99.7	307	1	0	1	307	1	307	9.3e-175	609.0
BCW-200198_02694	gnl|TC-DB|D2BKY8|4.A.6.1.11	100.0	270	0	0	1	270	1	270	2.2e-140	494.6
BCW-200198_02695	gnl|TC-DB|D2BKY7|4.A.6.1.11	100.0	329	0	0	1	329	1	329	2.1e-180	627.9
BCW-200198_02701	gnl|TC-DB|F2HL33|2.A.3.7.7	99.3	449	3	0	1	449	1	449	6.4e-249	855.9
BCW-200198_02704	gnl|TC-DB|R7QS55|3.A.1.17.9	28.6	612	371	12	23	583	135	731	3.4e-61	232.6
BCW-200198_02705	gnl|TC-DB|P38045|3.A.1.16.1	41.7	230	128	4	28	254	25	251	6.3e-47	184.1
BCW-200198_02718	gnl|TC-DB|Q8DT26|3.A.1.1.27	52.8	284	126	4	5	287	2	278	7.3e-73	270.4
BCW-200198_02719	gnl|TC-DB|Q8DT27|3.A.1.1.27	51.4	451	210	4	15	460	4	450	4.0e-121	431.4
BCW-200198_02720	gnl|TC-DB|Q8DT28|3.A.1.1.27	38.6	420	237	9	1	407	1	412	3.2e-74	275.4
BCW-200198_02724	gnl|TC-DB|Q07837|8.A.9.1.2	37.4	190	92	4	62	232	137	318	2.8e-30	129.8
BCW-200198_02725	gnl|TC-DB|Q07837|8.A.9.1.2	30.6	520	278	16	4	482	124	601	2.6e-68	256.1
BCW-200198_02732	gnl|TC-DB|Q9UEF7|8.A.49.1.1	27.6	485	295	14	3	471	61	505	2.7e-40	162.9
BCW-200198_02733	gnl|TC-DB|P49022|9.B.74.1.1	94.6	901	49	0	1	901	1	901	0.0e+00	1226.8
BCW-200198_02739	gnl|TC-DB|A8ALD3|2.A.49.5.5	33.0	436	263	13	14	429	33	459	2.0e-49	193.4
BCW-200198_02748	gnl|TC-DB|P21458|3.A.12.1.1	57.9	487	195	3	273	758	303	780	3.6e-151	531.9
BCW-200198_02754	gnl|TC-DB|Q8DT26|3.A.1.1.27	51.1	282	131	5	5	284	2	278	1.9e-73	272.3
BCW-200198_02755	gnl|TC-DB|Q8DT27|3.A.1.1.27	52.5	442	200	5	16	452	14	450	9.3e-115	410.2
BCW-200198_02765	gnl|TC-DB|O32273|2.A.66.2.6	19.7	427	339	3	4	428	7	431	4.5e-19	92.4
BCW-200198_02768	gnl|TC-DB|Q5G3L7|3.A.7.19.1	40.3	186	95	4	4	179	13	192	6.4e-30	127.1
