BCW-200443_00004	gnl|TC-DB|Q9K0A9|2.A.28.2.4	51.9	314	149	1	1	312	1	314	9.0e-80	293.5
BCW-200443_00005	gnl|TC-DB|D5CES3|2.A.7.1.10	61.2	103	40	0	1	103	1	103	4.3e-31	130.2
BCW-200443_00006	gnl|TC-DB|Q89SS6|2.A.1.42.2	31.5	612	389	11	9	610	5	596	2.1e-72	270.0
BCW-200443_00007	gnl|TC-DB|Q2TJJ2|2.A.16.4.3	33.9	407	241	5	1	382	1	404	3.2e-60	228.8
BCW-200443_00020	gnl|TC-DB|Q9ZGB6|2.A.1.3.32	32.6	484	316	5	9	489	15	491	4.7e-67	251.9
BCW-200443_00022	gnl|TC-DB|P31552|4.C.1.1.6	21.0	499	336	13	686	1148	40	516	4.4e-12	71.6
BCW-200443_00023	gnl|TC-DB|P48632|1.B.14.1.6	65.1	813	268	9	6	805	6	815	5.0e-313	1069.7
BCW-200443_00024	gnl|TC-DB|Q51340|3.A.1.113.2	75.5	550	133	2	1	550	1	548	1.3e-235	812.0
BCW-200443_00042	gnl|TC-DB|M3JA40|1.B.52.2.1	37.3	225	132	3	11	227	237	460	2.7e-22	102.1
BCW-200443_00057	gnl|TC-DB|P70786|2.A.1.14.3	43.9	408	226	3	22	429	29	433	8.2e-92	334.0
BCW-200443_00062	gnl|TC-DB|O85765|3.A.1.17.2	39.8	256	153	1	19	273	7	262	2.4e-49	192.2
BCW-200443_00063	gnl|TC-DB|P38045|3.A.1.16.1	46.2	210	98	3	22	216	25	234	5.0e-43	171.0
BCW-200443_00067	gnl|TC-DB|P76470|2.A.1.14.35	50.5	416	202	3	15	430	16	427	3.9e-110	394.8
BCW-200443_00075	gnl|TC-DB|Q51485|1.B.19.1.1	46.2	431	229	2	8	435	19	449	2.4e-123	438.7
BCW-200443_00088	gnl|TC-DB|P69874|3.A.1.11.1	52.8	254	120	0	4	257	18	271	2.9e-73	271.9
BCW-200443_00091	gnl|TC-DB|P23865|9.B.174.1.2	42.5	708	350	11	1	688	1	671	3.1e-133	472.2
BCW-200443_00099	gnl|TC-DB|Q1M605|3.A.3.7.2	49.0	573	277	3	2	567	3	567	1.7e-150	529.3
BCW-200443_00100	gnl|TC-DB|Q1M607|3.A.3.7.2	51.0	196	81	2	11	206	5	185	4.7e-40	161.0
BCW-200443_00101	gnl|TC-DB|P03960|3.A.3.7.1	69.2	689	205	2	2	690	1	682	1.2e-257	885.6
BCW-200443_00106	gnl|TC-DB|Q93AK1|2.A.15.1.8	28.3	491	343	4	2	492	3	484	1.3e-59	227.3
BCW-200443_00111	gnl|TC-DB|P48632|1.B.14.1.6	64.0	808	286	3	7	810	9	815	0.0e+00	1077.4
BCW-200443_00113	gnl|TC-DB|P0AAF3|3.A.1.2.2	59.5	304	123	0	1	304	195	498	1.9e-103	372.1
BCW-200443_00114	gnl|TC-DB|P0AE26|3.A.1.2.2	59.8	323	128	1	1	321	1	323	8.7e-91	330.1
BCW-200443_00124	gnl|TC-DB|P37665|9.B.186.1.1	37.2	121	75	1	142	261	97	217	3.4e-19	92.0
BCW-200443_00139	gnl|TC-DB|O50455|1.A.35.3.5	35.9	298	182	3	34	323	70	366	1.1e-48	190.3
BCW-200443_00151	gnl|TC-DB|P94575|2.A.39.3.4	35.8	483	297	5	31	509	10	483	9.9e-81	297.4
BCW-200443_00154	gnl|TC-DB|Q9AGM8|3.A.15.3.1	21.3	657	434	13	87	698	70	688	5.5e-29	125.9
BCW-200443_00162	gnl|TC-DB|Q9XD71|3.A.15.3.1	37.8	135	73	2	6	129	3	137	7.2e-20	93.2
BCW-200443_00163	gnl|TC-DB|Q8F3M8|3.A.15.4.1	29.1	368	240	6	1	354	1	361	6.2e-38	154.8
BCW-200443_00164	gnl|TC-DB|Q8F3M7|3.A.15.4.1	42.1	553	300	6	23	558	8	557	3.0e-115	412.1
BCW-200443_00165	gnl|TC-DB|Q8GRB0|3.A.1.14.8	54.0	252	116	0	3	254	1	252	1.4e-78	289.3
BCW-200443_00166	gnl|TC-DB|Q8GRB1|3.A.1.14.8	45.8	319	172	1	5	322	4	322	4.2e-69	258.1
BCW-200443_00167	gnl|TC-DB|Q8GRB2|3.A.1.14.8	45.4	313	157	5	21	327	38	342	8.4e-57	217.2
BCW-200443_00168	gnl|TC-DB|P15028|3.A.1.14.1	48.6	294	147	2	3	296	1	290	4.1e-74	274.6
BCW-200443_00169	gnl|TC-DB|P11461|1.B.14.1.11	36.6	675	412	7	136	801	59	726	1.4e-121	433.7
BCW-200443_00171	gnl|TC-DB|P31133|3.A.1.11.2	50.9	55	26	1	9	63	16	69	3.3e-11	63.5
BCW-200443_00172	gnl|TC-DB|Q9F3K7|3.A.1.3.24	64.9	251	87	1	9	259	4	253	1.5e-88	322.4
BCW-200443_00173	gnl|TC-DB|Q9F3K6|3.A.1.3.24	41.8	244	129	4	4	241	57	293	2.6e-37	152.1
BCW-200443_00174	gnl|TC-DB|P09551|3.A.1.3.1	28.4	268	165	9	3	260	2	252	6.9e-17	84.3
BCW-200443_00179	gnl|TC-DB|P0A943|1.B.33.1.3	39.5	815	461	14	1	788	1	810	8.8e-161	563.9
BCW-200443_00180	gnl|TC-DB|E7BBJ1|9.B.102.5.2	52.2	138	66	0	1	138	1	138	1.1e-32	136.0
BCW-200443_00181	gnl|TC-DB|E7BBJ2|9.B.102.5.5	54.4	136	62	0	4	139	4	139	9.1e-37	149.4
BCW-200443_00182	gnl|TC-DB|F0QEP2|9.B.153.4.2	40.5	296	164	7	37	330	30	315	6.5e-57	217.6
BCW-200443_00194	gnl|TC-DB|A5W3Z9|9.B.153.4.3	60.4	288	114	0	1	288	1	288	7.5e-102	366.7
BCW-200443_00198	gnl|TC-DB|P94400|9.B.10.1.1	45.4	379	202	4	9	384	3	379	5.8e-87	317.8
BCW-200443_00199	gnl|TC-DB|M3JA40|1.B.52.2.1	56.6	76	26	1	352	420	267	342	4.8e-12	68.9
BCW-200443_00204	gnl|TC-DB|D4ZZR3|9.B.34.1.3	33.6	220	132	5	295	506	180	393	8.5e-24	108.2
BCW-200443_00206	gnl|TC-DB|Q9RBY7|2.A.6.2.41	53.6	450	208	1	14	462	18	467	4.9e-119	424.5
BCW-200443_00207	gnl|TC-DB|P31224|2.A.6.2.2	59.7	1050	413	7	1	1043	1	1047	0.0e+00	1156.7
BCW-200443_00208	gnl|TC-DB|P52477|2.A.6.2.6	41.7	374	203	2	19	391	15	374	1.7e-67	253.1
BCW-200443_00230	gnl|TC-DB|P02925|3.A.1.2.1	26.0	296	198	9	40	319	3	293	2.0e-13	73.2
BCW-200443_00231	gnl|TC-DB|A8H4W6|3.A.1.2.15	37.1	291	174	2	38	319	53	343	5.8e-42	167.9
BCW-200443_00232	gnl|TC-DB|Q9X051|3.A.1.2.19	41.5	501	278	7	9	497	12	509	1.7e-96	349.7
BCW-200443_00233	gnl|TC-DB|P02925|3.A.1.2.1	30.7	303	193	6	15	316	6	292	4.1e-32	135.2
BCW-200443_00247	gnl|TC-DB|B1HGV3|9.B.211.1.1	63.6	316	115	0	1	316	1	316	4.8e-110	394.0
BCW-200443_00249	gnl|TC-DB|P36554|2.A.1.3.26	39.2	416	247	5	78	491	2	413	6.2e-73	271.6
BCW-200443_00258	gnl|TC-DB|P08550|9.B.160.1.16	48.3	143	72	2	5	146	3	144	1.3e-27	119.4
BCW-200443_00272	gnl|TC-DB|P0AAP1|9.B.34.1.2	34.8	178	108	3	650	826	199	369	2.9e-21	100.9
BCW-200443_00291	gnl|TC-DB|P31126|2.A.1.2.55	37.2	379	234	3	11	388	8	383	3.2e-58	222.2
BCW-200443_00297	gnl|TC-DB|Q01674|1.B.14.1.17	44.3	693	346	11	151	831	46	710	2.8e-165	578.9
BCW-200443_00309	gnl|TC-DB|O05347|3.A.1.16.2	49.1	212	105	3	27	237	37	246	7.2e-49	190.7
BCW-200443_00310	gnl|TC-DB|Q7BW13|3.A.1.16.2	28.6	238	152	4	38	263	16	247	3.0e-18	89.0
BCW-200443_00312	gnl|TC-DB|Q9RQ29|2.A.1.3.20	23.0	509	347	9	20	500	4	495	1.0e-16	84.7
BCW-200443_00313	gnl|TC-DB|Q9RQ30|8.A.1.1.2	35.1	316	185	5	38	345	61	364	7.9e-37	151.0
BCW-200443_00314	gnl|TC-DB|Q4VWC6|3.A.1.105.4	33.5	480	301	4	7	468	1	480	5.0e-66	248.4
BCW-200443_00317	gnl|TC-DB|Q8G8W9|1.B.14.1.26	56.7	803	337	6	21	817	11	808	7.4e-272	932.9
BCW-200443_00325	gnl|TC-DB|P46482|8.A.1.7.1	37.1	294	181	3	1	292	1	292	2.1e-46	182.6
BCW-200443_00326	gnl|TC-DB|B2FLY6|2.A.6.2.14	30.0	476	312	8	1	469	1	462	1.3e-42	170.6
BCW-200443_00329	gnl|TC-DB|P69434|1.B.55.1.1	38.8	794	460	8	36	826	37	807	5.1e-143	505.0
BCW-200443_00331	gnl|TC-DB|P75905|4.D.1.1.3	61.5	439	168	1	1	439	1	438	1.0e-161	566.2
BCW-200443_00333	gnl|TC-DB|Q3YL97|1.B.20.1.3	32.9	571	358	7	12	570	27	584	4.2e-80	295.4
BCW-200443_00334	gnl|TC-DB|852074676|1.C.75.1.3	58.5	398	160	3	9	403	3	398	1.2e-122	439.1
BCW-200443_00334	gnl|TC-DB|852074676|1.C.75.1.3	33.9	844	424	17	585	1300	1651	2488	3.4e-93	341.3
BCW-200443_00343	gnl|TC-DB|G4QI94|1.B.48.1.5	28.8	222	147	3	9	222	10	228	4.8e-27	117.9
BCW-200443_00346	gnl|TC-DB|P76481|1.A.13.2.3	49.5	503	244	3	47	540	69	570	1.9e-130	462.6
BCW-200443_00360	gnl|TC-DB|P0AAP1|9.B.34.1.2	32.2	171	115	1	159	329	197	366	2.4e-19	92.8
BCW-200443_00362	gnl|TC-DB|D4ZZR3|9.B.34.1.3	34.5	171	104	3	204	369	228	395	1.9e-17	87.4
BCW-200443_00364	gnl|TC-DB|P0AG78|3.A.1.6.1	66.5	316	102	4	18	332	14	326	1.8e-115	412.1
BCW-200443_00365	gnl|TC-DB|P16701|3.A.1.6.1	48.5	264	136	0	8	271	9	272	2.5e-67	251.9
BCW-200443_00366	gnl|TC-DB|P0AEB0|3.A.1.6.1	52.8	265	125	0	26	290	22	286	7.9e-75	276.9
BCW-200443_00367	gnl|TC-DB|P16676|3.A.1.6.1	54.4	340	129	4	1	317	1	337	1.8e-91	332.4
BCW-200443_00374	gnl|TC-DB|P17583|2.A.1.17.1	43.6	374	208	2	12	383	4	376	6.8e-82	300.8
BCW-200443_00378	gnl|TC-DB|Q1D0D3|1.A.30.2.7	36.2	213	131	2	10	217	24	236	4.6e-28	121.3
BCW-200443_00379	gnl|TC-DB|Q1D0D2|1.A.30.2.7	48.8	121	60	2	12	131	13	132	2.5e-20	94.7
BCW-200443_00381	gnl|TC-DB|Q9KN48|3.A.23.1.1	38.5	239	146	1	17	254	181	419	1.6e-41	166.4
BCW-200443_00382	gnl|TC-DB|Q9HT68|3.A.1.24.5	70.0	260	78	0	1	260	1	260	1.7e-97	352.1
BCW-200443_00383	gnl|TC-DB|P0AFT2|3.A.1.3.10	31.4	207	142	0	8	214	8	214	4.2e-20	94.7
BCW-200443_00384	gnl|TC-DB|P0AEQ6|3.A.1.3.2	37.5	208	129	1	9	215	8	215	2.4e-28	122.1
BCW-200443_00385	gnl|TC-DB|P48243|3.A.1.3.9	53.8	238	110	0	4	241	1	238	2.3e-70	261.9
BCW-200443_00386	gnl|TC-DB|Q9HU31|3.A.1.3.23	32.4	238	153	5	28	261	11	244	2.8e-24	109.0
BCW-200443_00387	gnl|TC-DB|Q82VI7|1.B.14.1.10	38.7	840	474	13	7	833	13	824	2.4e-164	575.9
BCW-200443_00395	gnl|TC-DB|P0AAP1|9.B.34.1.2	32.6	181	115	3	129	308	194	368	5.1e-19	91.7
BCW-200443_00404	gnl|TC-DB|M4VAL8|8.A.21.2.4	28.5	193	134	3	128	317	74	265	7.7e-13	71.2
BCW-200443_00405	gnl|TC-DB|P42670|2.A.1.3.11	38.7	331	191	7	19	343	37	361	6.5e-48	188.3
BCW-200443_00408	gnl|TC-DB|L5DDD7|2.A.109.2.3	51.2	520	248	5	1	517	370	886	2.1e-131	465.7
BCW-200443_00411	gnl|TC-DB|Q8YSA2|3.A.1.3.17	24.8	234	160	7	41	271	33	253	1.7e-13	73.2
BCW-200443_00412	gnl|TC-DB|P42200|3.A.1.3.14	37.7	204	126	1	14	216	25	228	5.9e-30	127.5
BCW-200443_00413	gnl|TC-DB|A1VZQ3|3.A.1.3.16	33.5	203	135	0	15	217	41	243	5.0e-29	124.4
BCW-200443_00414	gnl|TC-DB|Q9F3K7|3.A.1.3.24	51.4	249	121	0	10	258	4	252	2.9e-68	255.0
BCW-200443_00420	gnl|TC-DB|Q9HV74|2.A.21.9.1	29.1	268	163	6	435	694	734	982	1.5e-22	104.8
BCW-200443_00423	gnl|TC-DB|Q81E21|2.A.8.1.14	55.9	478	195	3	1	462	1	478	4.4e-136	481.1
BCW-200443_00424	gnl|TC-DB|Q9KN48|3.A.23.1.1	40.0	335	172	5	159	465	194	527	6.8e-52	201.4
BCW-200443_00425	gnl|TC-DB|P33916|3.A.1.5.21	56.8	523	218	5	3	517	5	527	3.1e-154	541.6
BCW-200443_00426	gnl|TC-DB|P33915|3.A.1.5.21	55.3	338	150	1	1	338	1	337	1.2e-106	382.9
BCW-200443_00427	gnl|TC-DB|P0AFU1|3.A.1.5.21	61.0	364	129	2	1	351	1	364	5.4e-118	420.6
BCW-200443_00428	gnl|TC-DB|P33913|3.A.1.5.21	36.9	567	347	9	32	596	30	587	2.0e-107	386.3
BCW-200443_00430	gnl|TC-DB|P33916|3.A.1.5.21	59.6	522	209	2	6	525	5	526	2.5e-167	585.1
BCW-200443_00431	gnl|TC-DB|P33915|3.A.1.5.21	59.6	337	135	1	3	339	4	339	5.3e-115	410.6
BCW-200443_00432	gnl|TC-DB|Q7CQ74|3.A.1.5.24	62.9	364	127	2	1	356	1	364	4.2e-126	447.6
BCW-200443_00433	gnl|TC-DB|Q8ZNK0|3.A.1.5.24	41.7	592	335	7	2	588	1	587	9.9e-128	453.8
BCW-200443_00434	gnl|TC-DB|P33913|3.A.1.5.21	38.8	611	347	8	5	609	6	595	4.6e-125	444.9
BCW-200443_00452	gnl|TC-DB|Q0HIQ8|3.A.1.2.14	24.7	291	197	8	9	296	12	283	1.5e-14	77.0
BCW-200443_00460	gnl|TC-DB|A5W2Y3|9.B.69.1.1	70.6	228	63	2	1	227	1	225	8.3e-83	303.1
BCW-200443_00461	gnl|TC-DB|A5W2Y4|9.B.69.1.1	69.4	62	19	0	1	62	1	62	5.0e-19	89.4
BCW-200443_00462	gnl|TC-DB|P94400|9.B.10.1.1	32.8	232	139	8	4	227	1	223	7.2e-30	127.9
BCW-200443_00469	gnl|TC-DB|P46468|3.A.25.2.1	42.6	230	130	2	163	391	930	1158	1.4e-54	210.3
BCW-200443_00475	gnl|TC-DB|P77735|8.A.5.1.6	34.3	315	192	5	9	317	8	313	1.8e-41	166.4
BCW-200443_00481	gnl|TC-DB|P48632|1.B.14.1.6	39.6	718	399	10	32	740	122	813	8.0e-140	494.2
BCW-200443_00488	gnl|TC-DB|Q9KN48|3.A.23.1.1	39.4	325	165	3	138	430	193	517	2.3e-57	219.5
BCW-200443_00489	gnl|TC-DB|G0K0M9|9.B.153.3.16	40.8	316	181	4	119	430	117	430	3.4e-66	248.8
BCW-200443_00504	gnl|TC-DB|P67444|2.A.40.4.3	48.7	439	221	2	13	447	9	447	2.9e-111	398.7
BCW-200443_00507	gnl|TC-DB|Q9RPP3|2.A.1.14.8	27.0	411	283	7	14	412	33	438	6.5e-41	164.9
BCW-200443_00514	gnl|TC-DB|Q8Y3H0|2.A.6.2.45	66.1	1027	344	3	1	1023	1	1027	0.0e+00	1279.2
BCW-200443_00515	gnl|TC-DB|Q8Y3G9|2.A.6.2.45	50.1	359	175	3	16	371	18	375	1.0e-90	330.1
BCW-200443_00522	gnl|TC-DB|Q89V93|2.A.102.4.6	28.1	281	176	8	1	260	85	360	3.5e-13	72.0
BCW-200443_00537	gnl|TC-DB|O30494|3.A.1.1.49	97.0	367	11	0	1	367	1	367	2.1e-202	701.0
BCW-200443_00538	gnl|TC-DB|O30493|3.A.1.1.49	98.9	276	3	0	1	276	1	276	7.8e-149	522.7
BCW-200443_00539	gnl|TC-DB|O30492|3.A.1.1.49	98.0	296	6	0	1	296	1	296	1.2e-158	555.4
BCW-200443_00540	gnl|TC-DB|O30491|3.A.1.1.49	96.8	440	10	1	1	440	1	436	1.6e-249	857.8
BCW-200443_00544	gnl|TC-DB|P76397|8.A.1.6.2	49.5	386	182	5	35	419	37	410	1.6e-95	346.3
BCW-200443_00545	gnl|TC-DB|Q9I0V6|2.A.6.2.39	68.8	1021	318	1	1	1021	1	1020	0.0e+00	1297.0
BCW-200443_00546	gnl|TC-DB|Q9I0V7|2.A.6.2.39	59.3	1039	416	5	1	1035	1	1036	0.0e+00	1121.7
BCW-200443_00547	gnl|TC-DB|Q9I0V8|2.A.6.2.39	54.6	463	203	1	25	480	14	476	5.5e-113	404.4
BCW-200443_00548	gnl|TC-DB|D4ZZR3|9.B.34.1.3	35.9	170	106	1	252	418	222	391	6.4e-22	102.4
BCW-200443_00553	gnl|TC-DB|Q55026|9.B.20.2.1	45.1	133	64	3	28	151	14	146	2.5e-22	101.7
BCW-200443_00558	gnl|TC-DB|P76330|9.B.34.1.4	45.1	162	84	2	219	375	401	562	2.6e-30	129.4
BCW-200443_00560	gnl|TC-DB|Q9HV74|2.A.21.9.1	30.3	254	152	6	350	594	745	982	7.2e-20	95.5
BCW-200443_00562	gnl|TC-DB|Q50392|2.A.1.3.3	25.8	430	250	5	8	368	21	450	4.8e-22	102.1
BCW-200443_00570	gnl|TC-DB|P37019|2.A.49.5.1	28.7	366	231	9	67	409	79	437	5.3e-16	82.0
BCW-200443_00573	gnl|TC-DB|P0AD30|2.A.102.3.1	37.4	257	148	4	12	258	15	268	2.6e-37	152.1
BCW-200443_00583	gnl|TC-DB|O50181|3.A.1.3.11	59.3	258	103	2	1	257	1	257	1.4e-83	305.8
BCW-200443_00584	gnl|TC-DB|Q6PCB7|4.C.1.1.9	22.9	536	350	12	60	549	99	617	6.4e-12	68.9
BCW-200443_00588	gnl|TC-DB|Q9HZ04|3.A.1.12.12	33.3	285	180	5	5	285	1	279	4.0e-42	168.3
BCW-200443_00592	gnl|TC-DB|Q9HV74|2.A.21.9.1	30.6	268	158	8	351	609	734	982	4.4e-21	99.8
BCW-200443_00602	gnl|TC-DB|Q5XPH7|9.A.8.1.4	33.4	695	364	12	1	606	1	685	2.2e-95	346.3
BCW-200443_00605	gnl|TC-DB|K0WKG7|4.F.1.1.8	93.5	186	12	0	1	186	1	186	6.3e-94	339.7
BCW-200443_00623	gnl|TC-DB|P22037|9.B.20.1.1	41.6	221	122	4	16	233	11	227	1.2e-31	133.3
BCW-200443_00624	gnl|TC-DB|P36640|3.A.3.4.1	63.1	873	318	1	33	901	30	902	1.3e-309	1058.5
BCW-200443_00636	gnl|TC-DB|P31126|2.A.1.2.55	34.6	387	245	3	10	393	7	388	2.7e-57	219.2
BCW-200443_00645	gnl|TC-DB|F8SVK1|2.A.1.6.11	59.1	543	208	2	9	537	6	548	3.7e-187	651.0
BCW-200443_00646	gnl|TC-DB|Q07711|3.A.7.7.1	28.3	598	397	10	5	591	4	580	2.5e-68	256.5
BCW-200443_00665	gnl|TC-DB|L5DDD7|2.A.109.2.3	44.9	245	133	1	5	249	370	612	9.5e-53	203.4
BCW-200443_00668	gnl|TC-DB|Q9S3J9|2.A.1.2.18	29.6	368	258	1	5	372	15	381	1.3e-37	153.7
BCW-200443_00669	gnl|TC-DB|P0AGE4|2.A.23.4.1	70.0	403	121	0	4	406	6	408	2.3e-149	525.0
BCW-200443_00676	gnl|TC-DB|Q1DBZ0|2.A.86.2.2	27.8	338	239	3	3	338	5	339	3.5e-24	109.0
BCW-200443_00677	gnl|TC-DB|P9WG63|5.A.1.2.9	34.9	435	241	7	1	399	117	545	4.0e-61	231.9
BCW-200443_00681	gnl|TC-DB|O32105|2.A.8.1.12	52.6	382	170	5	66	440	65	442	6.5e-105	377.5
BCW-200443_00690	gnl|TC-DB|P0AA82|2.A.39.1.1	39.2	411	244	4	8	418	5	409	1.4e-72	270.0
BCW-200443_00696	gnl|TC-DB|A8YQR5|3.A.23.2.1	36.5	504	284	11	22	506	22	508	2.1e-78	290.0
BCW-200443_00698	gnl|TC-DB|F2WVP9|2.A.1.60.3	52.2	370	177	0	14	383	8	377	1.3e-93	339.7
BCW-200443_00702	gnl|TC-DB|Q9HXB2|1.B.14.1.12	42.4	795	409	15	16	796	25	784	3.7e-167	585.1
BCW-200443_00722	gnl|TC-DB|Q3YL97|1.B.20.1.3	32.8	540	349	6	43	579	56	584	6.9e-78	288.1
BCW-200443_00723	gnl|TC-DB|Q5EP68|3.A.7.11.1	38.0	171	102	2	3	169	6	176	5.3e-26	114.0
BCW-200443_00727	gnl|TC-DB|D4ZZR3|9.B.34.1.3	40.0	160	93	2	150	306	236	395	1.4e-21	100.1
BCW-200443_00730	gnl|TC-DB|O06967|3.A.1.117.3	31.2	584	366	8	18	594	16	570	1.0e-63	241.1
BCW-200443_00736	gnl|TC-DB|E1ILD8|2.A.7.3.18	41.7	302	173	2	11	310	8	308	1.2e-52	203.4
BCW-200443_00752	gnl|TC-DB|O05307|4.C.1.1.3	40.1	589	338	4	17	605	20	593	2.7e-125	445.7
BCW-200443_00768	gnl|TC-DB|P42308|2.A.11.1.2	43.6	433	232	5	1	430	1	424	9.5e-93	337.0
BCW-200443_00773	gnl|TC-DB|P31466|2.A.40.7.6	51.3	433	211	0	16	448	10	442	2.2e-124	442.2
BCW-200443_00776	gnl|TC-DB|G3IME2|9.B.35.1.2	43.1	116	59	3	4	117	31	141	1.6e-18	88.6
BCW-200443_00781	gnl|TC-DB|A9CI11|9.B.43.1.1	39.3	422	227	5	2	420	9	404	6.6e-86	314.3
BCW-200443_00782	gnl|TC-DB|Q46821|2.A.40.3.3	50.8	415	202	2	22	434	29	443	4.6e-106	381.3
BCW-200443_00784	gnl|TC-DB|B7V282|1.B.10.2.2	66.8	271	73	2	8	261	8	278	5.9e-106	380.2
BCW-200443_00793	gnl|TC-DB|P75783|1.A.23.3.2	27.2	471	320	7	259	713	266	729	3.1e-35	146.7
BCW-200443_00799	gnl|TC-DB|Q9JTL9|5.A.1.1.2	34.8	604	348	15	8	571	4	601	5.4e-75	278.5
BCW-200443_00802	gnl|TC-DB|P69451|4.C.1.1.4	25.7	584	326	21	9	544	23	546	3.4e-33	142.5
BCW-200443_00809	gnl|TC-DB|Q9V0A4|3.B.1.1.5	28.4	521	347	10	22	527	3	512	2.9e-62	236.1
BCW-200443_00825	gnl|TC-DB|Q8E9J1|1.A.30.1.5	31.7	268	155	8	1	245	1	263	4.5e-25	111.7
BCW-200443_00826	gnl|TC-DB|Q8E9J0|1.A.30.1.5	45.7	243	132	0	4	246	1	243	1.1e-53	206.5
BCW-200443_00833	gnl|TC-DB|P10121|3.A.5.1.1	29.0	224	138	8	188	394	260	479	9.0e-14	74.7
BCW-200443_00834	gnl|TC-DB|P40729|3.A.6.2.1	53.3	688	299	5	17	701	22	690	3.3e-191	664.8
BCW-200443_00839	gnl|TC-DB|P40727|3.A.6.2.1	40.6	374	221	1	1	374	1	373	7.9e-67	250.8
BCW-200443_00840	gnl|TC-DB|P54702|3.A.6.2.1	39.2	227	136	2	4	229	1	226	2.5e-35	145.6
BCW-200443_00841	gnl|TC-DB|P0A1L5|3.A.6.2.1	39.3	89	54	0	1	89	1	89	1.4e-14	75.1
BCW-200443_00842	gnl|TC-DB|P54700|3.A.6.2.1	56.1	239	104	1	7	244	5	243	5.0e-62	234.2
BCW-200443_00844	gnl|TC-DB|P26419|3.A.6.2.1	45.0	149	59	3	6	154	10	135	1.3e-23	105.9
BCW-200443_00852	gnl|TC-DB|P26465|3.A.6.2.1	61.9	425	155	1	29	446	29	453	3.6e-143	504.6
BCW-200443_00855	gnl|TC-DB|P15928|3.A.6.2.1	35.7	583	321	12	25	591	14	558	6.5e-76	281.6
BCW-200443_00857	gnl|TC-DB|Q9KN48|3.A.23.1.1	39.1	330	177	7	136	444	199	525	1.2e-48	190.7
BCW-200443_00858	gnl|TC-DB|Q9HV74|2.A.21.9.1	27.6	413	255	14	14	395	575	974	1.2e-28	124.0
BCW-200443_00859	gnl|TC-DB|Q9KN48|3.A.23.1.1	36.5	433	231	9	74	477	107	524	1.5e-57	220.3
BCW-200443_00868	gnl|TC-DB|Q15HU6|3.A.7.14.2	35.2	165	101	3	240	402	23	183	3.4e-18	89.4
BCW-200443_00873	gnl|TC-DB|Q9KN48|3.A.23.1.1	43.8	217	120	2	232	447	217	432	3.4e-44	176.0
BCW-200443_00879	gnl|TC-DB|Q7URM2|2.A.7.30.1	29.9	288	181	9	3	278	8	286	2.1e-14	76.3
BCW-200443_00884	gnl|TC-DB|Q5EAK4|2.A.16.2.2	27.9	412	237	14	36	413	1391	1776	5.0e-22	102.8
BCW-200443_00887	gnl|TC-DB|Q93N33|2.A.21.9.2	51.8	1167	518	11	7	1151	6	1149	2.5e-305	1044.6
BCW-200443_00896	gnl|TC-DB|Q9I458|2.A.1.11.2	75.2	399	99	0	4	402	1	399	8.1e-163	569.7
BCW-200443_00904	gnl|TC-DB|E3GWE8|9.B.125.2.1	30.4	303	189	7	1	296	1	288	6.6e-24	107.8
BCW-200443_00912	gnl|TC-DB|C9VRY8|2.A.86.1.5	31.9	345	226	2	9	349	49	388	9.8e-35	144.1
BCW-200443_00927	gnl|TC-DB|O86506|2.A.39.1.7	37.3	480	279	10	13	486	3	466	4.0e-74	275.4
BCW-200443_00928	gnl|TC-DB|Q7A4Q7|2.A.21.2.2	22.8	438	311	10	7	420	21	455	9.7e-19	91.3
BCW-200443_00933	gnl|TC-DB|Q9I3T2|2.A.1.51.4	61.6	393	143	3	2	391	8	395	1.2e-126	449.5
BCW-200443_00934	gnl|TC-DB|P94575|2.A.39.3.4	32.3	462	307	3	10	467	10	469	1.4e-73	273.5
BCW-200443_00942	gnl|TC-DB|O00571|1.I.1.1.3	36.7	376	218	4	2	358	182	556	9.4e-59	224.2
BCW-200443_00943	gnl|TC-DB|P0AAT4|1.A.23.4.5	43.2	382	216	1	31	412	28	408	9.3e-88	320.5
BCW-200443_00944	gnl|TC-DB|P0ADP5|2.A.7.3.61	49.1	279	139	2	1	278	1	277	2.6e-70	261.9
BCW-200443_00950	gnl|TC-DB|P73239|3.A.1.106.14	33.7	498	303	6	130	616	106	587	9.9e-67	251.1
BCW-200443_00951	gnl|TC-DB|P60844|1.A.8.3.1	69.4	229	69	1	3	230	1	229	3.0e-85	311.2
BCW-200443_00955	gnl|TC-DB|C3K139|1.B.62.1.3	82.3	458	62	7	1	450	1	447	1.0e-206	715.7
BCW-200443_00963	gnl|TC-DB|M3JA40|1.B.52.2.1	54.2	107	49	0	340	446	259	365	7.9e-20	95.1
BCW-200443_00964	gnl|TC-DB|A2P528|2.A.7.3.9	35.8	288	177	2	1	288	1	280	5.8e-41	164.5
BCW-200443_00967	gnl|TC-DB|M3JA40|1.B.52.2.1	59.2	71	29	0	364	434	303	373	4.5e-12	69.3
BCW-200443_00969	gnl|TC-DB|H7F0T0|3.D.4.3.3	88.6	474	54	0	1	474	1	474	1.6e-258	887.9
BCW-200443_00970	gnl|TC-DB|F8H841|3.D.4.3.3	80.5	200	39	0	3	202	4	203	2.1e-95	344.7
BCW-200443_00972	gnl|TC-DB|D9IA45|3.D.4.3.3	68.8	304	95	0	1	304	1	304	2.4e-130	461.5
BCW-200443_00973	gnl|TC-DB|H7F0T0|3.D.4.3.3	83.6	475	77	1	1	475	1	474	5.0e-244	839.7
BCW-200443_00974	gnl|TC-DB|F8H841|3.D.4.3.3	83.5	200	33	0	3	202	4	203	1.6e-98	355.1
BCW-200443_00976	gnl|TC-DB|D9IA45|3.D.4.3.3	59.1	325	119	1	1	325	1	311	4.6e-116	414.1
BCW-200443_00979	gnl|TC-DB|Q9I3G8|3.A.3.27.5	79.4	801	165	0	1	801	1	801	0.0e+00	1241.5
BCW-200443_01011	gnl|TC-DB|P76103|2.A.46.1.9	45.8	373	202	0	20	392	11	383	3.4e-89	325.1
BCW-200443_01014	gnl|TC-DB|D4ZZR3|9.B.34.1.3	40.8	179	100	3	620	792	215	393	1.2e-27	121.7
BCW-200443_01019	gnl|TC-DB|P35672|1.B.22.3.2	35.5	471	243	6	18	428	6	475	6.3e-77	284.6
BCW-200443_01020	gnl|TC-DB|Q44292|3.A.1.16.4	35.6	404	238	11	8	395	40	437	1.3e-62	236.9
BCW-200443_01022	gnl|TC-DB|P42432|2.A.1.8.2	47.1	393	206	2	8	400	9	399	1.6e-97	352.8
BCW-200443_01023	gnl|TC-DB|M5BEH1|9.B.106.3.1	31.8	154	99	3	332	484	84	232	9.9e-18	88.2
BCW-200443_01025	gnl|TC-DB|P13794|1.B.6.1.2	46.9	352	159	6	1	326	1	350	8.9e-75	276.9
BCW-200443_01029	gnl|TC-DB|Q9EYX5|1.A.35.4.1	28.7	321	220	4	12	331	15	327	1.1e-40	163.7
BCW-200443_01032	gnl|TC-DB|Q9HY55|4.A.2.1.17	27.8	418	229	9	380	777	552	916	4.0e-28	123.2
BCW-200443_01035	gnl|TC-DB|O30646|2.A.7.3.25	37.6	279	174	0	26	304	7	285	5.2e-48	188.0
BCW-200443_01036	gnl|TC-DB|Q8ID54|3.A.25.2.1	34.5	249	153	5	247	487	85	331	2.8e-37	153.3
BCW-200443_01059	gnl|TC-DB|G0LBU8|1.B.14.6.11	29.6	827	505	23	12	797	186	976	1.7e-82	303.9
BCW-200443_01060	gnl|TC-DB|Q9F3K6|3.A.1.3.24	41.5	289	162	4	24	312	18	299	6.9e-56	214.2
BCW-200443_01061	gnl|TC-DB|Q9F3K7|3.A.1.3.24	61.4	249	96	0	9	257	5	253	7.4e-85	310.1
BCW-200443_01062	gnl|TC-DB|P0AEM9|3.A.1.3.10	27.4	248	157	9	53	294	36	266	1.7e-14	76.6
BCW-200443_01068	gnl|TC-DB|Q8YSA2|3.A.1.3.17	41.1	202	113	1	70	265	284	485	9.6e-30	127.1
BCW-200443_01069	gnl|TC-DB|B8F896|3.A.1.3.28	26.0	273	179	5	3	271	5	258	1.1e-17	87.0
BCW-200443_01071	gnl|TC-DB|P30130|1.B.11.3.9	33.5	851	504	18	21	823	30	866	3.9e-127	452.2
BCW-200443_01075	gnl|TC-DB|Q93N33|2.A.21.9.2	28.9	239	153	7	467	696	782	1012	1.0e-18	92.4
BCW-200443_01077	gnl|TC-DB|Q93N33|2.A.21.9.2	27.1	328	198	8	396	693	703	1019	5.2e-19	93.2
BCW-200443_01083	gnl|TC-DB|P63144|8.A.5.1.3	29.6	338	207	10	1	322	71	393	2.1e-37	152.9
BCW-200443_01084	gnl|TC-DB|Q5Z8H2|3.A.1.139.1	37.6	221	134	2	5	225	57	273	7.8e-30	127.1
BCW-200443_01085	gnl|TC-DB|P77307|3.A.1.139.2	32.1	268	168	4	1	263	1	259	1.8e-30	129.4
BCW-200443_01091	gnl|TC-DB|Q6V6X7|2.A.6.2.18	70.3	464	131	3	4	460	5	468	1.2e-173	605.9
BCW-200443_01093	gnl|TC-DB|P31552|4.C.1.1.6	24.9	502	313	14	1504	1965	39	516	1.2e-20	99.8
BCW-200443_01094	gnl|TC-DB|Q9F9B0|3.A.1.2.7	37.9	227	132	4	8	227	4	228	1.4e-32	136.7
BCW-200443_01095	gnl|TC-DB|G8LJX5|9.B.142.2.2	37.2	543	331	6	10	546	10	548	1.3e-105	380.2
BCW-200443_01097	gnl|TC-DB|O53899|3.A.1.125.2	46.3	188	98	1	34	218	39	226	2.6e-41	165.2
BCW-200443_01105	gnl|TC-DB|B8H228|3.A.1.2.21	32.3	291	182	7	3	280	6	294	1.1e-29	127.1
BCW-200443_01106	gnl|TC-DB|G4FGN3|3.A.1.2.20	44.4	495	272	3	1	495	1	492	1.2e-115	413.3
BCW-200443_01107	gnl|TC-DB|P0AGI1|3.A.1.2.1	51.5	297	140	1	36	328	24	320	3.0e-62	235.3
BCW-200443_01114	gnl|TC-DB|Q9I6X6|2.A.6.2.27	58.1	356	143	3	3	355	12	364	1.5e-94	342.8
BCW-200443_01115	gnl|TC-DB|Q9I6X5|2.A.6.2.27	55.6	351	155	1	4	354	6	355	6.1e-77	284.3
BCW-200443_01116	gnl|TC-DB|Q9I6X4|2.A.6.2.27	77.0	1014	230	2	1	1012	1	1013	0.0e+00	1519.6
BCW-200443_01118	gnl|TC-DB|P02924|3.A.1.2.2	58.6	324	132	2	2	324	4	326	5.9e-103	370.5
BCW-200443_01125	gnl|TC-DB|Q9ZBQ0|2.A.39.1.6	43.2	481	256	6	4	483	2	466	2.2e-98	355.9
BCW-200443_01138	gnl|TC-DB|O80800|3.D.1.6.3	49.3	75	38	0	2	76	48	122	2.5e-12	67.4
BCW-200443_01151	gnl|TC-DB|Q848I3|2.A.23.1.10	95.7	440	19	0	1	440	1	440	2.5e-229	790.8
BCW-200443_01157	gnl|TC-DB|Q93N33|2.A.21.9.2	29.6	267	170	7	270	528	753	1009	1.4e-16	84.3
BCW-200443_01170	gnl|TC-DB|P21503|2.A.1.26.1	27.0	356	247	5	16	366	16	363	6.9e-33	138.3
BCW-200443_01175	gnl|TC-DB|Q5SMG8|1.A.26.1.2	33.6	342	216	4	144	479	111	447	3.7e-45	179.1
BCW-200443_01193	gnl|TC-DB|O30506|3.A.1.3.11	91.3	254	22	0	1	254	1	254	5.4e-128	453.4
BCW-200443_01195	gnl|TC-DB|O50183|3.A.1.3.11	85.3	231	34	0	1	231	1	231	2.2e-104	374.8
BCW-200443_01196	gnl|TC-DB|O50182|3.A.1.3.11	82.5	229	40	0	1	229	1	229	3.2e-103	370.9
BCW-200443_01197	gnl|TC-DB|O50181|3.A.1.3.11	67.6	259	84	0	1	259	1	259	7.5e-101	363.2
BCW-200443_01198	gnl|TC-DB|P31552|4.C.1.1.6	20.7	535	378	14	90	616	21	517	1.2e-19	94.7
BCW-200443_01204	gnl|TC-DB|Q8ZJY5|2.A.114.1.10	66.0	700	213	5	3	679	5	702	1.8e-263	904.8
BCW-200443_01210	gnl|TC-DB|P37621|2.A.1.46.7	46.2	390	208	1	2	389	4	393	3.0e-85	312.0
BCW-200443_01211	gnl|TC-DB|Q83XH1|3.A.1.121.4	47.0	517	272	1	1	515	9	525	9.6e-140	493.4
BCW-200443_01212	gnl|TC-DB|O53183|2.A.1.2.71	56.4	390	170	0	12	401	15	404	1.3e-115	412.9
BCW-200443_01224	gnl|TC-DB|P0AB24|2.A.108.2.3	61.4	254	97	1	19	272	123	375	1.3e-82	302.8
BCW-200443_01225	gnl|TC-DB|P31545|2.A.108.2.3	57.3	417	165	6	11	423	14	421	1.5e-133	472.6
BCW-200443_01226	gnl|TC-DB|P0AB24|2.A.108.2.3	40.3	347	204	2	50	396	31	374	6.8e-69	257.7
BCW-200443_01227	gnl|TC-DB|P75901|2.A.108.2.3	59.6	265	107	0	1	265	1	265	1.7e-82	302.4
BCW-200443_01230	gnl|TC-DB|B2FLY6|2.A.6.2.14	48.8	451	229	2	13	462	12	461	1.8e-108	389.4
BCW-200443_01231	gnl|TC-DB|Q9I0Y8|2.A.6.2.16	88.7	1052	117	1	1	1050	1	1052	0.0e+00	1787.7
BCW-200443_01232	gnl|TC-DB|C5IZH0|2.A.6.2.47	47.1	380	193	4	7	378	11	390	7.0e-85	310.8
BCW-200443_01233	gnl|TC-DB|Q9F9T4|3.A.1.5.23	46.9	529	259	4	23	531	39	565	5.9e-124	441.0
BCW-200443_01234	gnl|TC-DB|W0WMS8|3.A.1.5.39	37.4	297	158	4	7	288	2	285	7.7e-41	164.1
BCW-200443_01235	gnl|TC-DB|P75798|3.A.1.5.11	35.0	311	196	2	1	311	1	305	7.1e-45	177.6
BCW-200443_01236	gnl|TC-DB|P33590|3.A.1.5.3	25.9	468	319	13	66	523	55	504	1.6e-25	114.0
BCW-200443_01237	gnl|TC-DB|G0LBU8|1.B.14.6.11	28.2	831	489	23	38	810	196	976	8.1e-77	285.0
BCW-200443_01243	gnl|TC-DB|O30513|2.A.1.15.5	46.5	439	226	3	2	433	3	439	5.0e-105	377.9
BCW-200443_01244	gnl|TC-DB|Q9HUR5|1.B.25.1.8	48.1	397	199	3	15	410	23	413	1.2e-105	379.8
BCW-200443_01254	gnl|TC-DB|Q00538|2.A.1.3.10	32.4	429	288	2	10	436	17	445	6.5e-60	228.0
BCW-200443_01267	gnl|TC-DB|Q3YL97|1.B.20.1.3	32.0	540	353	5	33	569	56	584	9.7e-77	284.3
BCW-200443_01268	gnl|TC-DB|852074676|1.C.75.1.3	36.6	963	524	13	1974	2911	1590	2490	1.0e-114	413.3
BCW-200443_01282	gnl|TC-DB|P31133|3.A.1.11.2	55.4	354	154	2	10	359	17	370	3.2e-118	421.4
BCW-200443_01284	gnl|TC-DB|Q9L1J2|2.A.3.8.26	32.3	439	285	6	4	441	22	449	8.0e-50	194.5
BCW-200443_01288	gnl|TC-DB|Q9ZG94|3.A.1.110.12	93.4	533	35	0	12	544	22	554	6.5e-278	952.6
BCW-200443_01289	gnl|TC-DB|Q9ZG93|3.A.1.110.12	95.4	433	20	0	1	433	1	433	2.2e-230	794.3
BCW-200443_01290	gnl|TC-DB|Q9ZG92|3.A.1.110.12	94.6	441	24	0	1	441	1	441	2.3e-235	810.8
BCW-200443_01298	gnl|TC-DB|P9WG63|5.A.1.2.9	32.0	562	321	13	3	521	117	660	8.4e-68	254.6
BCW-200443_01307	gnl|TC-DB|Q9HU32|3.A.1.3.23	65.0	254	89	0	409	662	4	257	6.6e-93	338.2
BCW-200443_01308	gnl|TC-DB|P09551|3.A.1.3.1	35.2	256	163	3	4	256	2	257	3.3e-33	138.7
BCW-200443_01309	gnl|TC-DB|P0A4N5|3.A.1.3.5	41.2	226	132	1	4	228	6	231	1.6e-38	156.0
BCW-200443_01310	gnl|TC-DB|P35114|3.A.1.3.5	40.1	227	130	2	4	230	9	229	6.8e-37	150.6
BCW-200443_01311	gnl|TC-DB|O25832|2.A.7.28.9	27.8	288	193	7	7	282	6	290	1.6e-15	80.1
BCW-200443_01330	gnl|TC-DB|G4FGN3|3.A.1.2.20	47.3	501	254	7	3	502	1	492	9.8e-121	430.3
BCW-200443_01331	gnl|TC-DB|Q9X050|3.A.1.2.19	44.0	302	157	3	27	317	24	324	1.4e-51	199.9
BCW-200443_01332	gnl|TC-DB|Q9F9B2|3.A.1.2.7	29.7	290	178	9	3	271	6	290	7.7e-20	94.4
BCW-200443_01342	gnl|TC-DB|P32722|1.B.25.1.1	63.0	438	158	3	6	440	7	443	2.9e-153	538.1
BCW-200443_01364	gnl|TC-DB|I7FD23|2.A.1.2.97	33.6	390	255	3	8	394	18	406	1.5e-44	176.8
BCW-200443_01368	gnl|TC-DB|P77757|4.D.2.1.8	67.2	311	102	0	4	314	5	315	1.6e-119	425.6
BCW-200443_01371	gnl|TC-DB|G8LJX5|9.B.142.2.2	44.9	546	292	7	4	544	5	546	1.3e-118	423.3
BCW-200443_01372	gnl|TC-DB|P81891|2.A.7.22.2	50.9	108	50	1	5	112	4	108	1.3e-20	95.5
BCW-200443_01384	gnl|TC-DB|Q6MLK6|1.A.46.2.5	36.0	300	172	5	1	286	7	300	6.9e-50	194.1
BCW-200443_01387	gnl|TC-DB|Q9HV74|2.A.21.9.1	28.2	372	213	14	75	418	633	978	8.4e-25	111.7
BCW-200443_01393	gnl|TC-DB|Q93N33|2.A.21.9.2	28.9	395	236	10	494	880	788	1145	1.3e-27	122.1
BCW-200443_01399	gnl|TC-DB|H7F0T0|3.D.4.3.3	78.6	463	98	1	1	463	1	462	5.2e-225	776.5
BCW-200443_01406	gnl|TC-DB|Q9RPP3|2.A.1.14.8	40.6	426	249	2	1	426	11	432	4.8e-92	334.7
BCW-200443_01409	gnl|TC-DB|P77735|8.A.5.1.6	34.9	324	194	6	1	314	1	317	6.4e-44	174.5
BCW-200443_01410	gnl|TC-DB|Q57389|2.A.7.7.3	39.1	289	174	2	10	297	3	290	7.2e-55	210.7
BCW-200443_01412	gnl|TC-DB|Q31PG5|2.A.7.3.58	38.9	288	165	5	28	313	20	298	7.3e-37	151.0
BCW-200443_01436	gnl|TC-DB|Q8TJ86|3.A.1.8.2	33.0	203	134	2	13	214	14	215	3.4e-25	111.7
BCW-200443_01437	gnl|TC-DB|P09833|3.A.1.8.1	43.1	346	188	4	15	359	15	352	1.2e-69	260.0
BCW-200443_01439	gnl|TC-DB|Q53712|3.A.1.120.3	28.5	544	319	11	18	520	39	553	3.4e-39	159.5
BCW-200443_01446	gnl|TC-DB|P0AB93|3.A.4.1.1	71.2	427	123	0	1	427	1	427	6.8e-168	586.6
BCW-200443_01452	gnl|TC-DB|P36640|3.A.3.4.1	52.6	858	381	5	45	900	66	899	8.8e-258	886.3
BCW-200443_01465	gnl|TC-DB|C3KCB5|3.A.1.7.3	98.9	272	3	0	1	272	1	272	1.9e-155	544.7
BCW-200443_01466	gnl|TC-DB|C3KCB6|3.A.1.7.3	99.0	297	3	0	1	297	1	297	9.3e-156	545.8
BCW-200443_01467	gnl|TC-DB|P0AGH8|3.A.1.7.1	37.5	299	176	6	14	305	7	301	1.8e-43	172.9
BCW-200443_01468	gnl|TC-DB|P0AG82|3.A.1.7.1	41.1	336	189	5	3	337	5	332	2.4e-62	235.7
BCW-200443_01472	gnl|TC-DB|O07002|2.A.3.11.1	59.0	512	209	1	1	511	1	512	2.1e-182	635.2
BCW-200443_01479	gnl|TC-DB|P38101|2.A.76.1.4	32.8	192	122	5	3	192	1	187	4.3e-19	91.3
BCW-200443_01494	gnl|TC-DB|515542128|1.M.1.4.1	44.4	169	90	3	4	171	11	176	1.4e-26	115.9
BCW-200443_01495	gnl|TC-DB|918432279|1.M.1.4.4	51.0	104	49	1	91	192	32	135	2.7e-24	108.6
BCW-200443_01504	gnl|TC-DB|Q9KW03|9.A.33.1.1	46.6	236	95	2	8	212	8	243	9.9e-52	201.1
BCW-200443_01521	gnl|TC-DB|J2YPD8|1.E.20.1.4	81.6	114	21	0	1	114	1	114	5.5e-48	186.4
BCW-200443_01545	gnl|TC-DB|P77735|8.A.5.1.6	31.9	342	193	9	1	320	1	324	8.8e-38	154.1
BCW-200443_01546	gnl|TC-DB|F8CVI0|1.B.52.2.2	26.8	205	135	4	347	536	85	289	5.7e-12	69.3
BCW-200443_01549	gnl|TC-DB|B1J6T5|9.B.27.3.3	68.4	136	41	2	8	142	7	141	7.1e-48	186.4
BCW-200443_01563	gnl|TC-DB|Q7VYJ2|1.B.12.5.7	35.2	566	358	5	284	842	300	863	6.4e-85	312.0
BCW-200443_01565	gnl|TC-DB|P0AAE0|2.A.3.1.7	56.5	448	195	0	13	460	18	465	1.0e-132	469.9
BCW-200443_01568	gnl|TC-DB|P48632|1.B.14.1.6	38.3	746	397	23	6	717	99	815	1.3e-123	440.3
BCW-200443_01569	gnl|TC-DB|M3JA40|1.B.52.2.1	38.7	181	105	2	312	489	275	452	5.9e-22	102.1
BCW-200443_01570	gnl|TC-DB|P0C0L7|2.A.1.6.4	38.0	421	251	3	14	425	23	442	3.6e-71	265.4
BCW-200443_01571	gnl|TC-DB|P0AAF3|3.A.1.2.2	58.2	304	127	0	1	304	195	498	8.9e-101	363.2
BCW-200443_01572	gnl|TC-DB|P0AE26|3.A.1.2.2	58.5	301	125	0	22	322	23	323	9.0e-88	320.1
BCW-200443_01580	gnl|TC-DB|P31133|3.A.1.11.2	43.3	358	197	6	7	359	12	368	4.1e-81	298.1
BCW-200443_01594	gnl|TC-DB|P76264|2.A.107.1.1	46.5	185	98	1	1	184	1	185	7.4e-42	166.8
BCW-200443_01607	gnl|TC-DB|Q5EP68|3.A.7.11.1	36.4	269	162	5	2	264	5	270	5.3e-39	157.9
BCW-200443_01617	gnl|TC-DB|P22610|3.A.15.2.1	70.4	284	84	0	5	288	7	290	4.4e-118	420.6
BCW-200443_01618	gnl|TC-DB|P22609|3.A.15.2.1	55.3	369	165	0	32	400	3	371	5.7e-108	387.5
BCW-200443_01620	gnl|TC-DB|P04739|3.A.15.2.1	36.1	147	80	1	1	133	1	147	1.4e-13	72.4
BCW-200443_01632	gnl|TC-DB|Q9HY55|4.A.2.1.17	71.5	954	268	3	1	951	1	953	0.0e+00	1266.1
BCW-200443_01634	gnl|TC-DB|Q9HY57|4.A.2.1.17	72.9	573	147	2	1	565	1	573	1.7e-193	672.2
BCW-200443_01637	gnl|TC-DB|P81549|1.B.14.1.16	38.3	762	419	14	13	756	10	738	2.2e-132	469.5
BCW-200443_01641	gnl|TC-DB|Q87WH5|3.A.1.12.10	93.2	381	26	0	1	381	1	381	2.8e-205	710.7
BCW-200443_01642	gnl|TC-DB|Q87WH4|3.A.1.12.10	94.5	217	12	0	1	217	1	217	5.5e-105	376.7
BCW-200443_01643	gnl|TC-DB|Q87WH3|3.A.1.12.10	76.4	297	70	0	1	297	1	297	1.4e-132	468.8
BCW-200443_01644	gnl|TC-DB|Q8ZPK1|3.A.1.12.14	60.3	232	86	2	7	237	7	233	7.4e-63	236.9
BCW-200443_01648	gnl|TC-DB|W0WLZ8|3.A.1.5.39	86.6	322	43	0	1	322	1	322	1.7e-158	555.1
BCW-200443_01649	gnl|TC-DB|W0WJ90|3.A.1.5.39	80.8	318	61	0	1	318	1	318	2.1e-145	511.5
BCW-200443_01650	gnl|TC-DB|W0WMS8|3.A.1.5.39	89.5	295	31	0	9	303	9	303	1.6e-142	501.9
BCW-200443_01651	gnl|TC-DB|W0WN20|3.A.1.5.39	86.6	336	45	0	1	336	1	336	6.8e-163	569.7
BCW-200443_01652	gnl|TC-DB|W0WL02|3.A.1.5.39	60.4	528	207	2	5	531	4	530	1.4e-191	665.6
BCW-200443_01653	gnl|TC-DB|Q9HVS0|1.B.25.1.9	48.9	438	221	3	30	464	47	484	7.1e-118	420.6
BCW-200443_01654	gnl|TC-DB|W0WLZ1|3.A.1.5.39	72.0	535	147	2	1	532	1	535	3.5e-230	793.9
BCW-200443_01655	gnl|TC-DB|W0WLZ1|3.A.1.5.39	76.3	539	119	2	1	539	6	535	3.2e-247	850.5
BCW-200443_01656	gnl|TC-DB|W0WLZ1|3.A.1.5.39	70.1	531	158	1	3	533	8	537	6.2e-227	783.1
BCW-200443_01661	gnl|TC-DB|Q6NLC1|3.A.1.203.8	33.6	619	324	9	19	563	65	670	3.2e-88	322.4
BCW-200443_01668	gnl|TC-DB|P0A9T4|8.A.5.1.5	54.3	346	158	0	1	346	1	346	1.3e-100	362.8
BCW-200443_01671	gnl|TC-DB|P05417|3.D.3.1.1	40.4	188	98	5	8	191	13	190	1.5e-29	125.9
BCW-200443_01672	gnl|TC-DB|Q02761|3.E.2.1.1	43.5	414	208	7	7	401	18	424	2.1e-86	315.8
BCW-200443_01674	gnl|TC-DB|P0ACA3|1.A.12.3.1	58.5	200	80	2	7	205	11	208	3.2e-62	234.6
BCW-200443_01681	gnl|TC-DB|P42237|2.A.1.14.1	68.3	436	136	2	3	438	11	444	1.1e-179	625.9
BCW-200443_01685	gnl|TC-DB|Q0ZAI3|2.A.19.5.2	38.8	304	175	4	4	298	11	312	2.5e-43	172.6
BCW-200443_01690	gnl|TC-DB|P0A9X4|9.B.157.1.3	80.7	347	65	1	1	345	1	347	1.6e-154	542.0
BCW-200443_01691	gnl|TC-DB|P16926|9.B.157.1.3	39.3	272	159	1	3	268	13	284	1.6e-51	199.9
BCW-200443_01707	gnl|TC-DB|D4GYE4|4.A.2.1.15	33.3	132	88	0	18	149	20	151	6.4e-15	77.0
BCW-200443_01710	gnl|TC-DB|P0A9V1|1.B.42.1.2	68.0	241	77	0	1	241	1	241	2.9e-91	331.3
BCW-200443_01711	gnl|TC-DB|P0ADV1|1.B.42.1.2	33.5	158	97	5	6	160	9	161	9.5e-15	76.6
BCW-200443_01715	gnl|TC-DB|P63386|3.A.1.27.3	57.1	266	114	0	1	266	1	266	1.0e-89	326.2
BCW-200443_01716	gnl|TC-DB|P64606|3.A.1.27.3	61.0	259	101	0	6	264	2	260	4.2e-83	304.3
BCW-200443_01717	gnl|TC-DB|P64604|3.A.1.27.3	46.2	160	81	1	1	155	1	160	1.4e-33	139.0
BCW-200443_01725	gnl|TC-DB|P39766|2.A.40.1.4	43.0	398	219	3	18	409	25	420	2.0e-82	302.8
BCW-200443_01741	gnl|TC-DB|M3JA40|1.B.52.2.1	52.9	87	39	2	509	594	257	342	2.7e-15	80.5
BCW-200443_01743	gnl|TC-DB|B9MIH1|2.A.106.1.4	57.1	184	79	0	46	229	1	184	6.3e-54	207.2
BCW-200443_01746	gnl|TC-DB|P0AG38|2.A.76.1.2	31.2	199	136	1	6	204	5	202	2.3e-23	105.5
BCW-200443_01747	gnl|TC-DB|Q9XIA9|4.C.1.1.14	21.4	487	312	12	45	474	81	553	1.0e-14	78.2
BCW-200443_01748	gnl|TC-DB|Q4KI39|9.B.164.1.1	60.7	615	200	7	15	620	15	596	3.6e-210	727.6
BCW-200443_01750	gnl|TC-DB|Q887X9|9.B.159.6.7	74.3	912	229	2	12	920	1	910	0.0e+00	1317.4
BCW-200443_01753	gnl|TC-DB|P37665|9.B.186.1.1	48.9	141	72	0	87	227	79	219	2.5e-32	135.6
BCW-200443_01765	gnl|TC-DB|P0A6W3|9.B.146.1.6	63.9	360	130	0	1	360	1	360	3.7e-130	461.1
BCW-200443_01767	gnl|TC-DB|P0ABG4|2.A.103.1.1	44.6	350	192	1	35	384	55	402	1.9e-79	292.7
BCW-200443_01775	gnl|TC-DB|D4ZZR3|9.B.34.1.3	44.8	172	88	4	324	491	225	393	8.6e-29	124.8
BCW-200443_01776	gnl|TC-DB|Q9I6X0|1.B.25.1.12	63.9	446	153	2	1	440	1	444	8.3e-169	589.7
BCW-200443_01779	gnl|TC-DB|Q4LDT8|2.A.6.2.35	70.9	1013	295	0	8	1020	8	1020	0.0e+00	1371.3
BCW-200443_01780	gnl|TC-DB|Q9I3R2|2.A.6.2.35	47.0	381	191	6	9	385	11	384	1.7e-80	296.2
BCW-200443_01782	gnl|TC-DB|O50181|3.A.1.3.11	34.4	253	161	3	1	251	1	250	4.9e-36	147.9
BCW-200443_01789	gnl|TC-DB|P24126|1.B.17.3.2	45.8	474	255	2	12	484	12	484	9.4e-108	387.1
BCW-200443_01790	gnl|TC-DB|E0LV84|2.A.85.1.4	23.3	544	377	9	32	559	10	529	1.9e-24	110.9
BCW-200443_01791	gnl|TC-DB|Q887R7|8.A.48.1.6	81.8	66	12	0	1	66	1	66	4.0e-27	116.3
BCW-200443_01792	gnl|TC-DB|P46482|8.A.1.7.1	39.2	286	172	2	1	285	5	289	3.9e-50	194.9
BCW-200443_01794	gnl|TC-DB|O32182|2.A.1.3.33	22.5	405	250	8	28	370	36	438	5.2e-21	98.6
BCW-200443_01802	gnl|TC-DB|P39580|2.A.50.2.1	29.2	216	132	6	124	323	119	329	1.0e-21	101.3
BCW-200443_01806	gnl|TC-DB|P18895|1.B.13.1.1	56.1	499	189	5	6	495	13	490	6.1e-160	560.5
BCW-200443_01809	gnl|TC-DB|Q52463|4.D.1.1.9	81.9	493	89	0	1	493	2	494	8.0e-237	815.8
BCW-200443_01817	gnl|TC-DB|O00571|1.I.1.1.3	38.4	367	211	5	100	452	182	547	2.3e-63	239.6
BCW-200443_01819	gnl|TC-DB|P45766|3.A.1.3.26	69.3	342	102	2	2	343	3	341	5.0e-137	483.8
BCW-200443_01820	gnl|TC-DB|P45767|3.A.1.3.26	61.9	394	148	2	1	393	1	393	9.5e-132	466.5
BCW-200443_01821	gnl|TC-DB|P45768|3.A.1.3.26	66.8	355	118	0	8	362	9	363	3.7e-138	487.6
BCW-200443_01822	gnl|TC-DB|P45769|3.A.1.3.26	78.3	254	53	1	1	254	1	252	1.2e-119	425.6
BCW-200443_01826	gnl|TC-DB|P76242|2.A.1.17.3	38.9	378	224	5	37	410	14	388	4.7e-60	228.4
BCW-200443_01829	gnl|TC-DB|P45420|1.B.11.5.1	31.9	787	508	14	37	807	18	792	2.2e-114	409.8
BCW-200443_01841	gnl|TC-DB|Q21EL3|1.B.14.1.24	28.0	676	434	18	155	807	54	699	2.7e-56	216.9
BCW-200443_01847	gnl|TC-DB|Q51955|2.A.1.15.1	36.7	430	260	4	8	431	14	437	3.8e-76	282.0
BCW-200443_01853	gnl|TC-DB|P0AAD6|2.A.42.2.1	71.0	417	106	3	25	431	16	427	7.0e-160	560.1
BCW-200443_01857	gnl|TC-DB|Q54806|2.A.1.3.5	32.4	410	271	3	20	427	21	426	1.8e-50	196.8
BCW-200443_01859	gnl|TC-DB|Q9HXB2|1.B.14.1.12	67.6	780	243	6	6	778	8	784	7.0e-312	1065.8
BCW-200443_01877	gnl|TC-DB|P0AF98|1.B.42.1.2	35.5	369	229	3	1	365	1	364	9.2e-52	200.7
BCW-200443_01878	gnl|TC-DB|P0ADC6|1.B.42.1.2	37.8	357	214	3	4	357	7	358	2.1e-61	232.6
BCW-200443_01885	gnl|TC-DB|Q4KCN4|9.B.62.1.5	41.5	176	92	5	17	184	19	191	9.7e-27	117.9
BCW-200443_01893	gnl|TC-DB|Q9MUK5|3.A.9.1.1	43.0	142	78	2	70	210	67	206	8.1e-23	104.8
BCW-200443_01915	gnl|TC-DB|P37460|2.A.3.1.6	56.9	441	189	1	18	458	7	446	5.8e-144	507.3
BCW-200443_01922	gnl|TC-DB|P76037|2.A.3.1.13	44.3	436	234	4	3	432	17	449	7.2e-96	347.4
BCW-200443_01940	gnl|TC-DB|Q9KN48|3.A.23.1.1	40.2	368	176	4	122	459	175	528	5.7e-67	251.5
BCW-200443_01942	gnl|TC-DB|P0AG93|2.A.6.4.1	45.3	307	161	3	3	304	15	319	8.8e-69	256.9
BCW-200443_01943	gnl|TC-DB|P0AG90|2.A.6.4.1	48.1	632	301	9	1	622	1	615	1.4e-150	529.6
BCW-200443_01944	gnl|TC-DB|P0ADZ7|3.A.5.1.1	48.7	113	54	2	1	112	1	110	4.6e-23	103.6
BCW-200443_01971	gnl|TC-DB|G8WDN4|2.A.76.1.10	69.2	211	64	1	1	211	1	210	2.9e-79	291.2
BCW-200443_01989	gnl|TC-DB|Q9HV74|2.A.21.9.1	25.4	244	170	4	501	740	740	975	6.6e-17	85.9
BCW-200443_01992	gnl|TC-DB|P0AAP1|9.B.34.1.2	34.3	175	108	3	166	333	191	365	1.3e-20	97.1
BCW-200443_01993	gnl|TC-DB|P45766|3.A.1.3.26	71.4	339	96	1	5	342	3	341	8.5e-145	509.6
BCW-200443_01999	gnl|TC-DB|P0ABJ6|3.D.4.5.1	51.9	106	51	0	6	111	2	107	3.1e-19	90.9
BCW-200443_02000	gnl|TC-DB|P0ABJ3|3.D.4.5.1	71.6	197	56	0	12	208	8	204	2.6e-80	294.7
BCW-200443_02001	gnl|TC-DB|P0ABI8|3.D.4.5.1	70.5	651	191	1	1	651	1	650	6.1e-280	959.5
BCW-200443_02002	gnl|TC-DB|P0ABJ1|3.D.4.5.1	51.0	304	147	2	1	302	1	304	2.9e-83	305.1
BCW-200443_02005	gnl|TC-DB|Q9KN48|3.A.23.1.1	35.5	377	217	4	160	514	156	528	1.0e-53	207.6
BCW-200443_02008	gnl|TC-DB|Q887X9|9.B.159.6.7	33.2	838	476	18	58	832	93	909	7.3e-81	298.5
BCW-200443_02010	gnl|TC-DB|Q4KI39|9.B.164.1.1	88.1	596	71	0	1	596	1	596	1.9e-314	1074.7
BCW-200443_02014	gnl|TC-DB|P39590|2.A.122.1.5	35.3	218	141	0	11	228	8	225	2.5e-31	132.1
BCW-200443_02015	gnl|TC-DB|E7UC95|1.E.14.1.9	38.8	116	71	0	5	120	16	131	3.0e-15	77.8
BCW-200443_02028	gnl|TC-DB|P0A6J3|2.A.121.1.1	39.5	233	139	2	7	238	11	242	2.7e-39	158.7
BCW-200443_02041	gnl|TC-DB|M3JA40|1.B.52.2.1	48.6	111	54	1	418	525	236	346	6.3e-16	82.4
BCW-200443_02046	gnl|TC-DB|P12012|2.A.8.1.1	41.6	447	253	3	28	467	3	448	2.3e-92	335.9
BCW-200443_02048	gnl|TC-DB|Q1J2S8|2.A.53.3.13	44.1	476	256	4	7	481	22	488	4.6e-96	348.2
BCW-200443_02054	gnl|TC-DB|O31199|2.A.3.1.9	37.6	442	267	4	17	451	6	445	1.4e-76	283.5
BCW-200443_02065	gnl|TC-DB|P15993|2.A.3.1.3	66.2	453	144	1	11	463	11	454	2.3e-169	591.7
BCW-200443_02072	gnl|TC-DB|K1GHE1|9.B.186.1.2	36.7	128	79	1	36	161	82	209	3.6e-16	81.3
BCW-200443_02075	gnl|TC-DB|Q6MDD6|3.A.7.16.1	28.1	495	245	15	196	682	329	720	2.2e-30	130.6
BCW-200443_02089	gnl|TC-DB|P76115|1.B.14.9.5	38.9	694	393	14	19	688	13	699	1.3e-128	456.8
BCW-200443_02096	gnl|TC-DB|Q9Z404|9.B.67.6.3	25.2	337	240	9	34	367	12	339	2.0e-14	77.4
BCW-200443_02097	gnl|TC-DB|P60752|3.A.1.106.1	40.3	583	333	3	45	624	8	578	1.4e-113	406.8
BCW-200443_02101	gnl|TC-DB|P80874|8.A.5.1.4	31.9	216	126	7	13	219	6	209	7.7e-16	80.9
BCW-200443_02103	gnl|TC-DB|Q2FD83|2.A.7.1.11	48.1	104	54	0	4	107	2	105	1.2e-23	105.5
BCW-200443_02106	gnl|TC-DB|Q9HUJ1|2.A.6.2.27	73.9	479	122	3	1	477	1	478	8.1e-194	672.9
BCW-200443_02108	gnl|TC-DB|B1JAG2|2.A.39.1.2	74.1	413	106	1	5	416	4	416	3.0e-155	544.7
BCW-200443_02123	gnl|TC-DB|P09348|1.A.30.1.1	41.8	282	162	2	1	281	1	281	1.5e-57	219.5
BCW-200443_02124	gnl|TC-DB|P0AF06|1.A.30.1.1	38.3	313	166	4	7	306	9	307	5.8e-53	204.5
BCW-200443_02127	gnl|TC-DB|P0AGM2|1.A.62.2.3	55.9	204	90	0	1	204	2	205	5.0e-60	227.3
BCW-200443_02141	gnl|TC-DB|P71338|3.A.1.10.3	46.2	500	262	5	19	513	3	500	4.5e-105	378.3
BCW-200443_02142	gnl|TC-DB|P35755|3.A.1.10.3	45.7	322	170	3	24	340	10	331	2.9e-76	282.0
BCW-200443_02166	gnl|TC-DB|Q9L3M3|3.A.1.4.3	48.8	363	180	5	7	367	2	360	2.4e-87	318.9
BCW-200443_02167	gnl|TC-DB|P0AEX7|3.A.1.4.1	51.8	301	144	1	5	304	8	308	1.4e-77	286.2
BCW-200443_02168	gnl|TC-DB|P21628|3.A.1.4.8	53.6	412	183	5	9	414	1	410	5.1e-107	384.4
BCW-200443_02169	gnl|TC-DB|P21629|3.A.1.4.8	52.7	279	102	2	6	284	5	253	1.7e-77	285.8
BCW-200443_02170	gnl|TC-DB|P22731|3.A.1.4.1	59.9	237	95	0	1	237	1	237	3.3e-71	264.6
BCW-200443_02174	gnl|TC-DB|Q1M8G8|2.A.99.1.2	46.9	196	97	2	2	190	4	199	2.6e-34	141.7
BCW-200443_02178	gnl|TC-DB|Q15HU6|3.A.7.14.2	33.3	129	69	8	40	155	201	325	6.0e-11	63.9
BCW-200443_02181	gnl|TC-DB|P37645|9.B.121.1.1	51.9	693	313	4	1	680	1	686	2.9e-208	721.5
BCW-200443_02184	gnl|TC-DB|O29740|2.A.7.3.36	27.2	283	187	5	8	281	11	283	1.7e-16	83.2
BCW-200443_02190	gnl|TC-DB|P44669|9.A.41.1.1	28.4	236	138	6	9	227	21	242	6.4e-17	85.1
BCW-200443_02198	gnl|TC-DB|Q9L3S2|3.A.1.4.4	47.4	215	111	2	14	227	4	217	2.9e-48	188.3
BCW-200443_02199	gnl|TC-DB|Q9L3S3|3.A.1.4.4	46.2	260	120	3	32	273	5	262	2.1e-53	205.7
BCW-200443_02200	gnl|TC-DB|Q9L3S4|3.A.1.4.4	43.8	315	166	3	46	354	30	339	1.7e-63	239.6
BCW-200443_02201	gnl|TC-DB|Q8NRW0|3.A.1.4.5	44.9	294	156	2	204	497	4	291	2.7e-62	236.1
BCW-200443_02202	gnl|TC-DB|Q8NRW1|3.A.1.4.5	46.4	377	186	7	27	403	49	409	2.1e-92	335.9
BCW-200443_02204	gnl|TC-DB|A8GDS7|3.A.1.14.16	37.3	330	194	6	11	336	9	329	3.9e-49	191.8
BCW-200443_02206	gnl|TC-DB|P07821|3.A.1.14.3	37.2	234	143	1	25	254	27	260	8.8e-41	163.7
BCW-200443_02207	gnl|TC-DB|A4LBD1|1.B.14.1.7	27.3	725	443	30	22	702	69	753	1.3e-35	147.9
BCW-200443_02209	gnl|TC-DB|P72121|1.B.14.4.1	73.8	695	166	6	9	689	31	723	1.0e-306	1048.5
BCW-200443_02231	gnl|TC-DB|M3JA40|1.B.52.2.1	37.8	188	103	3	473	653	280	460	1.4e-18	91.3
BCW-200443_02232	gnl|TC-DB|P0AAP1|9.B.34.1.2	37.3	177	109	2	361	536	195	370	1.7e-25	114.0
BCW-200443_02238	gnl|TC-DB|P28303|2.A.66.1.4	44.9	437	225	5	15	443	27	455	1.7e-84	309.7
BCW-200443_02247	gnl|TC-DB|Q9HV74|2.A.21.9.1	34.3	251	145	6	663	906	737	974	3.3e-26	117.1
BCW-200443_02255	gnl|TC-DB|Q9L714|3.A.7.18.1	51.2	338	165	0	56	393	116	453	3.1e-96	348.6
BCW-200443_02257	gnl|TC-DB|Q9L717|3.A.7.18.1	39.1	192	108	2	191	373	327	518	3.6e-33	139.0
BCW-200443_02268	gnl|TC-DB|Q9HX93|3.A.3.5.34	74.4	714	180	2	13	725	81	792	1.9e-290	994.6
BCW-200443_02271	gnl|TC-DB|I7FD23|2.A.1.2.97	37.1	388	237	5	3	386	16	400	5.9e-57	218.0
BCW-200443_02278	gnl|TC-DB|P31801|2.A.19.1.1	30.2	325	224	3	35	357	39	362	1.6e-37	153.3
BCW-200443_02283	gnl|TC-DB|P0AGM9|2.A.40.4.2	46.9	450	234	3	2	446	13	462	1.7e-111	399.4
BCW-200443_02298	gnl|TC-DB|P37665|9.B.186.1.1	39.4	137	80	1	114	247	81	217	1.5e-19	93.2
BCW-200443_02307	gnl|TC-DB|P0AAP1|9.B.34.1.2	34.3	169	106	3	164	332	206	369	6.8e-22	101.3
BCW-200443_02313	gnl|TC-DB|M3JA40|1.B.52.2.1	41.4	111	54	2	341	451	265	364	1.7e-14	77.4
BCW-200443_02317	gnl|TC-DB|P76108|3.A.1.11.9	75.2	379	94	0	5	383	3	381	2.6e-174	607.8
BCW-200443_02318	gnl|TC-DB|P77795|3.A.1.11.9	66.1	339	111	1	1	339	1	335	2.7e-122	434.9
BCW-200443_02319	gnl|TC-DB|P77156|3.A.1.11.9	78.0	304	67	0	6	309	10	313	3.6e-134	474.2
BCW-200443_02320	gnl|TC-DB|P0AFR9|3.A.1.11.9	77.5	262	59	0	1	262	1	262	1.1e-115	412.5
BCW-200443_02326	gnl|TC-DB|P63183|2.A.72.1.1	50.9	611	298	1	23	633	14	622	7.5e-171	597.0
BCW-200443_02344	gnl|TC-DB|918432279|1.M.1.4.4	64.1	117	40	1	42	158	14	128	1.9e-37	152.1
BCW-200443_02354	gnl|TC-DB|Q9KW03|9.A.33.1.1	39.1	156	89	2	4	154	8	162	3.1e-20	96.3
BCW-200443_02360	gnl|TC-DB|J2YPD8|1.E.20.1.4	82.9	111	19	0	1	111	1	111	2.2e-49	191.0
BCW-200443_02364	gnl|TC-DB|A0L4L0|3.A.1.132.3	37.7	337	198	5	6	342	4	328	3.4e-59	225.3
BCW-200443_02366	gnl|TC-DB|P77223|3.D.6.1.4	56.7	104	42	3	3	103	36	139	5.6e-28	121.7
BCW-200443_02378	gnl|TC-DB|P07658|3.D.1.9.2	26.8	496	322	11	10	481	8	486	2.1e-36	150.6
BCW-200443_02380	gnl|TC-DB|Q82VN5|3.A.1.10.4	51.1	352	165	2	6	350	4	355	3.4e-99	358.2
BCW-200443_02382	gnl|TC-DB|P0AER0|1.A.8.1.1	71.5	270	77	0	1	270	12	281	1.2e-106	382.5
BCW-200443_02386	gnl|TC-DB|Q88NY2|3.A.1.3.19	76.9	307	68	3	1	307	2	305	4.1e-130	460.7
BCW-200443_02387	gnl|TC-DB|Q88NY3|3.A.1.3.19	91.9	248	20	0	1	248	1	248	7.6e-127	449.5
BCW-200443_02388	gnl|TC-DB|Q88NY4|3.A.1.3.19	91.0	223	20	0	1	223	1	223	2.7e-107	384.4
BCW-200443_02389	gnl|TC-DB|Q9I405|3.A.1.3.22	91.4	244	21	0	1	244	1	244	2.3e-128	454.5
BCW-200443_02391	gnl|TC-DB|Q9KN48|3.A.23.1.1	36.0	397	209	6	93	444	128	524	1.3e-55	213.8
BCW-200443_02392	gnl|TC-DB|P52112|9.B.72.1.1	76.1	109	26	0	4	112	1	109	3.4e-42	167.2
BCW-200443_02395	gnl|TC-DB|P76249|2.A.76.1.5	34.6	133	81	2	3	131	30	160	3.4e-15	78.2
BCW-200443_02397	gnl|TC-DB|G0CIY2|9.B.18.1.1	36.4	390	242	3	93	479	98	484	9.0e-68	254.2
BCW-200443_02407	gnl|TC-DB|B1JXG0|2.A.66.4.7	25.8	473	308	8	12	462	14	465	2.5e-14	76.6
BCW-200443_02413	gnl|TC-DB|Q05202|1.B.14.1.15	44.3	690	368	5	61	747	82	758	5.9e-175	610.9
BCW-200443_02418	gnl|TC-DB|Q1CZ64|2.A.6.3.7	24.6	309	223	5	50	350	65	371	1.3e-13	73.9
BCW-200443_02419	gnl|TC-DB|Q9HXW4|2.A.6.2.17	83.4	1023	168	1	1	1021	1	1023	0.0e+00	1653.3
BCW-200443_02428	gnl|TC-DB|Q9I4H4|4.D.3.1.11	74.3	856	217	1	1	853	1	856	0.0e+00	1323.5
BCW-200443_02434	gnl|TC-DB|P32703|2.A.36.3.1	45.9	555	277	11	1	543	1	544	1.3e-110	396.7
BCW-200443_02447	gnl|TC-DB|P0A943|1.B.33.1.3	38.2	820	470	12	1	795	3	810	4.7e-154	541.6
BCW-200443_02469	gnl|TC-DB|B7LEG0|1.A.34.1.2	45.9	279	114	2	37	278	101	379	1.7e-42	169.5
BCW-200443_02477	gnl|TC-DB|Q32AX9|3.A.1.14.18	26.0	288	171	10	41	325	75	323	4.9e-12	68.6
BCW-200443_02478	gnl|TC-DB|Q9HQ19|3.A.1.14.9	39.0	336	191	6	2	330	36	364	1.3e-44	176.8
BCW-200443_02479	gnl|TC-DB|P15031|3.A.1.14.1	39.6	240	141	2	17	252	16	255	1.8e-43	172.6
BCW-200443_02484	gnl|TC-DB|Q3J192|9.A.24.1.2	42.0	143	83	0	3	145	9	151	1.1e-27	119.4
BCW-200443_02492	gnl|TC-DB|G4NXW2|2.A.76.1.8	32.5	209	130	4	6	205	3	209	1.2e-19	93.2
BCW-200443_02500	gnl|TC-DB|P70786|2.A.1.14.3	42.2	429	241	5	13	438	19	443	2.0e-93	339.3
BCW-200443_02502	gnl|TC-DB|Q47537|3.A.1.17.1	27.1	210	136	3	3	206	5	203	4.8e-14	75.1
BCW-200443_02509	gnl|TC-DB|Q9F3K7|3.A.1.3.24	47.6	246	127	2	259	502	7	252	1.3e-56	217.2
BCW-200443_02520	gnl|TC-DB|K2M2W7|9.B.102.2.4	49.3	373	189	0	17	389	24	396	1.4e-98	356.3
BCW-200443_02522	gnl|TC-DB|B2IWT1|3.A.1.15.13	33.0	270	170	6	14	281	15	275	5.2e-21	98.2
BCW-200443_02523	gnl|TC-DB|Q97PG9|3.A.1.15.14	32.1	224	148	2	16	235	2	225	9.5e-29	123.6
BCW-200443_02524	gnl|TC-DB|G0LRW7|3.A.1.15.15	21.5	303	228	4	7	301	4	304	7.5e-15	77.8
BCW-200443_02532	gnl|TC-DB|Q01857|2.A.23.1.3	60.1	404	160	1	10	413	22	424	3.0e-134	474.9
BCW-200443_02536	gnl|TC-DB|Q9KN48|3.A.23.1.1	44.7	235	129	1	11	245	184	417	3.2e-49	192.2
BCW-200443_02550	gnl|TC-DB|P0AA67|2.A.7.3.6	59.1	276	113	0	14	289	13	288	3.2e-84	308.1
BCW-200443_02570	gnl|TC-DB|P69451|4.C.1.1.4	53.7	559	248	6	10	567	2	550	3.7e-169	591.3
BCW-200443_02575	gnl|TC-DB|P10384|1.B.9.1.1	24.7	446	269	9	10	427	8	414	4.3e-30	129.0
BCW-200443_02583	gnl|TC-DB|U5MFA1|4.A.3.2.9	26.6	413	259	9	23	398	24	429	2.1e-25	114.0
BCW-200443_02587	gnl|TC-DB|A8YQS1|3.A.23.2.1	24.1	560	348	18	12	526	4	531	1.3e-24	112.1
BCW-200443_02588	gnl|TC-DB|Q9KN50|3.A.23.1.1	43.4	143	81	0	61	203	37	179	1.1e-28	123.6
BCW-200443_02589	gnl|TC-DB|Q9KN51|3.A.23.1.1	35.1	442	282	5	4	442	5	444	4.1e-75	278.5
BCW-200443_02593	gnl|TC-DB|Q9KN48|3.A.23.1.1	41.8	335	163	3	199	501	193	527	5.6e-60	228.4
BCW-200443_02594	gnl|TC-DB|Q6EE14|3.A.23.2.1	46.9	866	395	10	2	805	1	863	1.3e-196	682.9
BCW-200443_02596	gnl|TC-DB|Q9KN55|3.A.23.1.1	36.1	607	356	7	1	594	1	588	1.1e-110	397.1
BCW-200443_02598	gnl|TC-DB|Q6EE20|3.A.23.2.1	43.6	473	261	3	18	488	21	489	4.4e-110	394.8
BCW-200443_02600	gnl|TC-DB|Q9KN46|3.A.23.1.1	22.6	451	325	8	14	458	30	462	5.4e-23	105.5
BCW-200443_02618	gnl|TC-DB|B7LBF5|1.A.12.3.2	52.8	199	91	2	3	198	8	206	8.9e-49	189.9
BCW-200443_02620	gnl|TC-DB|V5FN92|9.B.169.1.12	49.6	377	184	5	10	384	20	392	1.4e-92	336.3
BCW-200443_02625	gnl|TC-DB|Q51510|1.B.25.1.2	51.6	455	190	8	8	439	13	460	4.0e-123	438.0
BCW-200443_02627	gnl|TC-DB|P69874|3.A.1.11.1	51.3	238	115	1	6	243	18	254	4.6e-66	248.1
BCW-200443_02636	gnl|TC-DB|P30860|3.A.1.3.3	31.8	242	154	4	15	252	6	240	3.4e-21	98.6
BCW-200443_02637	gnl|TC-DB|P0AFT2|3.A.1.3.10	40.6	217	129	0	5	221	3	219	6.5e-37	150.6
BCW-200443_02638	gnl|TC-DB|Q9F3K7|3.A.1.3.24	62.8	250	83	3	1	240	4	253	6.6e-78	287.0
BCW-200443_02647	gnl|TC-DB|Q51510|1.B.25.1.2	39.4	482	238	14	4	465	9	456	6.3e-74	274.6
BCW-200443_02652	gnl|TC-DB|Q9HV74|2.A.21.9.1	29.1	251	140	6	193	428	751	978	1.0e-17	88.2
BCW-200443_02659	gnl|TC-DB|O32168|3.A.1.24.2	44.6	177	98	0	38	214	46	222	1.4e-39	159.5
BCW-200443_02660	gnl|TC-DB|O32169|3.A.1.24.2	45.8	332	178	1	39	370	12	341	6.7e-79	290.8
BCW-200443_02661	gnl|TC-DB|P28635|3.A.1.24.1	42.3	208	111	3	52	254	56	259	3.6e-37	151.8
BCW-200443_02666	gnl|TC-DB|P37774|3.A.1.3.10	75.5	245	60	0	2	246	4	248	2.5e-101	364.8
BCW-200443_02667	gnl|TC-DB|P0AFT2|3.A.1.3.10	73.2	220	59	0	1	220	1	220	5.4e-84	307.0
BCW-200443_02668	gnl|TC-DB|P0AEM9|3.A.1.3.10	61.7	266	100	2	1	264	1	266	2.8e-87	318.2
BCW-200443_02672	gnl|TC-DB|Q4ZLW8|2.A.15.1.3	90.8	653	58	1	1	653	14	664	0.0e+00	1200.3
BCW-200443_02673	gnl|TC-DB|Q51510|1.B.25.1.2	39.9	446	233	8	22	448	30	459	6.2e-87	317.8
BCW-200443_02674	gnl|TC-DB|P77735|8.A.5.1.6	34.1	323	190	10	15	327	3	312	1.8e-38	156.4
BCW-200443_02676	gnl|TC-DB|Q47539|3.A.1.17.1	64.5	262	85	2	23	276	12	273	7.3e-86	313.5
BCW-200443_02677	gnl|TC-DB|Q47538|3.A.1.17.1	61.0	254	97	1	3	256	1	252	4.9e-84	307.4
BCW-200443_02678	gnl|TC-DB|Q47537|3.A.1.17.1	56.5	315	133	2	9	323	9	319	6.7e-99	357.1
BCW-200443_02693	gnl|TC-DB|O00571|1.I.1.1.3	26.8	220	147	6	131	342	344	557	5.4e-15	79.3
BCW-200443_02696	gnl|TC-DB|P07658|3.D.1.9.2	27.7	394	243	8	118	497	61	426	1.2e-40	164.9
BCW-200443_02704	gnl|TC-DB|Q9KN48|3.A.23.1.1	37.1	361	193	2	119	445	164	524	1.3e-50	197.2
BCW-200443_02713	gnl|TC-DB|Q8G8W9|1.B.14.1.26	26.6	737	462	26	12	694	97	808	1.4e-40	164.5
BCW-200443_02714	gnl|TC-DB|O24779|1.B.25.1.3	66.3	433	138	3	1	433	1	425	2.3e-163	571.6
BCW-200443_02723	gnl|TC-DB|A3RZV8|2.A.66.6.2	48.9	495	245	4	9	498	10	501	2.5e-137	485.3
BCW-200443_02724	gnl|TC-DB|Q02PM3|2.A.66.6.1	76.8	456	106	0	1	456	1	456	1.3e-193	672.2
BCW-200443_02728	gnl|TC-DB|P37653|4.D.3.1.6	54.4	663	300	1	48	708	160	822	1.1e-218	756.1
BCW-200443_02729	gnl|TC-DB|P37652|4.D.3.1.6	33.5	737	462	13	28	752	54	774	4.7e-103	372.1
BCW-200443_02730	gnl|TC-DB|P37651|4.D.3.1.6	38.1	370	198	9	28	395	25	365	2.9e-67	252.3
BCW-200443_02731	gnl|TC-DB|P37650|1.B.55.3.1	26.8	616	401	10	689	1290	577	1156	3.8e-44	177.2
BCW-200443_02734	gnl|TC-DB|P39580|2.A.50.2.1	26.6	282	172	10	125	380	120	392	3.2e-25	112.8
BCW-200443_02738	gnl|TC-DB|Q9HU29|3.A.1.3.23	73.1	227	61	0	17	243	4	230	2.1e-89	325.1
BCW-200443_02739	gnl|TC-DB|Q9HU30|3.A.1.3.23	66.8	229	76	0	1	229	1	229	1.1e-84	309.3
BCW-200443_02740	gnl|TC-DB|Q9HU31|3.A.1.3.23	74.5	251	60	4	1	249	1	249	4.5e-103	370.5
BCW-200443_02741	gnl|TC-DB|Q9HU32|3.A.1.3.23	92.2	257	20	0	1	257	1	257	3.6e-132	467.2
BCW-200443_02742	gnl|TC-DB|P25527|2.A.3.1.4	67.5	453	147	0	1	453	1	453	9.4e-163	569.7
BCW-200443_02745	gnl|TC-DB|A3T1V5|2.A.59.2.1	37.8	315	191	5	6	318	6	317	1.1e-45	180.3
BCW-200443_02756	gnl|TC-DB|Q51330|2.A.1.11.1	29.0	286	164	8	155	439	115	362	1.1e-19	94.7
BCW-200443_02765	gnl|TC-DB|O35002|9.B.174.1.1	38.3	332	189	6	54	373	50	377	8.0e-55	211.1
BCW-200443_02773	gnl|TC-DB|Q9KN48|3.A.23.1.1	39.7	343	195	5	134	466	188	528	2.3e-55	213.0
BCW-200443_02791	gnl|TC-DB|P94369|2.A.39.1.5	41.7	444	253	5	14	456	3	441	5.7e-86	314.7
BCW-200443_02792	gnl|TC-DB|Q9KKE3|3.A.1.12.6	47.6	340	153	4	6	321	7	345	4.9e-94	340.9
BCW-200443_02793	gnl|TC-DB|Q9KKE2|3.A.1.12.6	62.5	283	106	0	1	283	1	283	3.1e-92	334.7
BCW-200443_02794	gnl|TC-DB|Q9KKE1|3.A.1.12.6	67.0	267	88	0	4	270	1	267	1.1e-102	369.4
BCW-200443_02797	gnl|TC-DB|O31199|2.A.3.1.9	85.0	468	69	1	2	469	1	467	3.9e-225	776.9
BCW-200443_02800	gnl|TC-DB|Q9HTH6|3.A.1.12.12	61.5	312	118	1	1	310	1	312	3.4e-108	387.9
BCW-200443_02805	gnl|TC-DB|P62517|4.D.3.1.1	64.2	837	290	6	12	841	5	838	0.0e+00	1082.4
BCW-200443_02806	gnl|TC-DB|P0AEU0|3.A.1.3.29	25.5	255	177	6	10	256	4	253	4.5e-16	81.6
BCW-200443_02807	gnl|TC-DB|Q8RCC4|3.A.1.3.27	29.9	264	173	6	1	257	1	259	4.6e-29	124.8
BCW-200443_02808	gnl|TC-DB|Q8YSA2|3.A.1.3.17	50.6	174	79	1	146	312	312	485	2.7e-36	149.1
BCW-200443_02809	gnl|TC-DB|Q9CES4|3.A.1.3.25	60.5	243	92	2	2	244	7	245	6.6e-75	276.9
BCW-200443_02811	gnl|TC-DB|M3JA40|1.B.52.2.1	39.6	154	65	2	461	586	283	436	2.2e-16	84.0
BCW-200443_02812	gnl|TC-DB|D7C9K8|5.B.7.4.1	41.8	153	83	3	42	194	71	217	2.1e-21	99.0
BCW-200443_02824	gnl|TC-DB|O68877|3.A.1.14.21	75.7	255	62	0	1	255	1	255	2.4e-107	384.8
BCW-200443_02825	gnl|TC-DB|O68878|3.A.1.14.21	84.1	327	51	1	19	345	1	326	1.5e-141	498.8
BCW-200443_02826	gnl|TC-DB|Q9HV90|3.A.1.14.21	62.5	291	107	2	1	290	1	290	1.3e-98	355.9
BCW-200443_02833	gnl|TC-DB|Q9HV74|2.A.21.9.1	80.8	981	188	0	1	981	1	981	0.0e+00	1585.5
BCW-200443_02834	gnl|TC-DB|Q9KN48|3.A.23.1.1	45.7	230	117	2	147	372	193	418	3.8e-50	195.7
BCW-200443_02841	gnl|TC-DB|P31552|4.C.1.1.6	21.6	515	365	15	105	613	36	517	6.3e-24	109.0
BCW-200443_02858	gnl|TC-DB|P55072|3.A.16.1.1	42.5	228	130	1	153	379	473	700	4.9e-53	205.7
BCW-200443_02867	gnl|TC-DB|P0A6Y8|1.A.33.1.2	74.9	638	160	0	1	638	1	638	6.4e-271	929.5
BCW-200443_02876	gnl|TC-DB|Q46839|2.A.14.1.2	75.8	565	129	2	1	563	1	559	3.5e-236	813.9
BCW-200443_02896	gnl|TC-DB|V5BTU4|9.B.142.2.8	28.9	339	221	12	22	352	17	343	2.5e-20	96.7
BCW-200443_02906	gnl|TC-DB|P43672|3.A.1.120.6	32.2	518	346	3	21	536	18	532	3.1e-72	269.2
BCW-200443_02907	gnl|TC-DB|Q6TNA0|2.A.76.2.2	67.3	199	65	0	1	199	1	199	9.7e-72	266.2
BCW-200443_02910	gnl|TC-DB|P94400|9.B.10.1.1	33.8	299	147	11	5	261	4	293	7.2e-29	124.4
BCW-200443_02912	gnl|TC-DB|Q8ZJY5|2.A.114.1.10	67.4	708	206	5	3	687	2	707	2.5e-273	937.6
BCW-200443_02917	gnl|TC-DB|P0A742|1.A.22.1.1	65.4	136	46	1	1	136	1	135	6.9e-45	176.4
BCW-200443_02922	gnl|TC-DB|P0ABK2|3.D.4.3.2	30.0	367	215	9	5	332	7	370	5.2e-38	154.8
BCW-200443_02923	gnl|TC-DB|P0ABJ9|3.D.4.3.2	33.1	133	85	1	307	439	375	503	2.4e-12	70.1
BCW-200443_02929	gnl|TC-DB|P31466|2.A.40.7.6	50.8	431	212	0	1	431	14	444	9.5e-117	416.8
BCW-200443_02932	gnl|TC-DB|Q9ZG92|3.A.1.110.12	57.5	433	178	2	1	427	1	433	8.1e-132	466.8
BCW-200443_02933	gnl|TC-DB|Q54457|3.A.1.110.6	48.6	434	220	1	11	441	10	443	2.2e-113	405.6
BCW-200443_02934	gnl|TC-DB|Q9RHT2|3.A.1.110.9	88.1	580	67	1	1	578	1	580	1.9e-282	967.6
BCW-200443_02935	gnl|TC-DB|Q54450|1.B.14.5.1	41.1	185	93	5	1	180	1	174	4.1e-25	111.3
BCW-200443_02936	gnl|TC-DB|Q79AD2|1.B.14.5.1	42.8	941	464	20	5	916	4	899	9.4e-199	690.3
BCW-200443_02943	gnl|TC-DB|D2PP09|2.A.1.67.1	38.4	391	238	2	1	388	1	391	1.6e-62	236.5
BCW-200443_02945	gnl|TC-DB|O34474|2.A.66.1.25	41.2	452	264	1	2	451	11	462	2.2e-92	335.9
BCW-200443_02946	gnl|TC-DB|Q9FI56|3.A.9.1.2	33.4	287	180	6	14	296	606	885	7.3e-37	151.0
BCW-200443_02950	gnl|TC-DB|M3JA40|1.B.52.2.1	30.4	227	158	0	201	427	116	342	1.7e-17	87.4
BCW-200443_02952	gnl|TC-DB|Q8NRV7|3.A.1.4.5	43.0	214	115	3	1	210	1	211	1.2e-46	183.0
BCW-200443_02953	gnl|TC-DB|Q8NRV8|3.A.1.4.5	46.0	239	126	2	13	251	3	238	8.7e-54	206.8
BCW-200443_02954	gnl|TC-DB|Q9L3S4|3.A.1.4.4	42.9	340	179	3	32	369	30	356	2.0e-65	246.1
BCW-200443_02955	gnl|TC-DB|Q8NRW0|3.A.1.4.5	46.0	287	149	2	18	304	11	291	5.8e-60	227.6
BCW-200443_02956	gnl|TC-DB|Q8NRW1|3.A.1.4.5	44.9	365	194	6	40	401	53	413	1.0e-88	323.6
BCW-200443_02960	gnl|TC-DB|Q9KLQ5|3.A.1.20.2	45.4	302	155	1	3	294	6	307	8.7e-73	270.4
BCW-200443_02961	gnl|TC-DB|P0AFK4|3.A.1.11.1	32.0	259	168	5	12	267	9	262	1.2e-30	130.2
BCW-200443_02962	gnl|TC-DB|Q1M7Q2|3.A.1.11.6	30.5	220	153	0	14	233	21	240	7.3e-27	117.5
BCW-200443_02970	gnl|TC-DB|G3IME2|9.B.35.1.2	37.4	115	69	2	24	136	28	141	5.4e-18	87.0
BCW-200443_02974	gnl|TC-DB|P63183|2.A.72.1.1	51.8	622	298	1	15	636	3	622	1.2e-176	616.3
BCW-200443_02982	gnl|TC-DB|O30491|3.A.1.1.49	73.5	431	114	0	6	436	6	436	2.0e-191	664.8
BCW-200443_02984	gnl|TC-DB|P0A927|1.B.10.1.1	50.4	284	132	3	39	315	13	294	5.5e-82	300.8
BCW-200443_02991	gnl|TC-DB|G8WDN3|2.A.7.21.5	61.0	141	55	0	6	146	1	141	3.6e-39	157.5
BCW-200443_02992	gnl|TC-DB|G8WDN2|2.A.7.21.5	66.9	142	47	0	19	160	1	142	2.5e-46	181.4
BCW-200443_02994	gnl|TC-DB|Q89K67|2.A.55.2.6	51.0	418	205	0	17	434	27	444	7.9e-111	397.1
BCW-200443_03000	gnl|TC-DB|P31125|2.A.7.3.2	36.2	287	177	3	1	281	1	287	2.7e-46	182.2
BCW-200443_03002	gnl|TC-DB|P45522|2.A.37.1.2	44.3	596	318	9	6	597	5	590	1.9e-123	439.5
BCW-200443_03011	gnl|TC-DB|O30506|3.A.1.3.11	68.6	255	78	2	1	254	1	254	1.9e-96	348.6
BCW-200443_03013	gnl|TC-DB|P0A2I7|3.A.1.3.1	59.0	229	94	0	1	229	1	229	8.6e-80	293.1
BCW-200443_03014	gnl|TC-DB|P0A2I9|3.A.1.3.1	60.9	225	88	0	16	240	2	226	3.5e-68	254.6
BCW-200443_03015	gnl|TC-DB|P09551|3.A.1.3.1	46.3	259	135	3	1	256	1	258	3.9e-57	218.0
BCW-200443_03024	gnl|TC-DB|P13794|1.B.6.1.2	43.9	157	75	2	73	229	202	345	7.5e-28	120.6
BCW-200443_03034	gnl|TC-DB|Q56725|2.A.33.1.2	57.0	381	156	1	10	390	8	380	1.2e-110	396.4
BCW-200443_03044	gnl|TC-DB|P21630|3.A.1.4.8	87.1	233	30	0	1	233	1	233	2.1e-110	394.8
BCW-200443_03045	gnl|TC-DB|P21629|3.A.1.4.8	86.3	255	35	0	1	255	1	255	3.3e-125	444.1
BCW-200443_03046	gnl|TC-DB|P21628|3.A.1.4.8	73.4	417	109	2	1	416	1	416	9.3e-162	566.2
BCW-200443_03047	gnl|TC-DB|P21627|3.A.1.4.8	82.7	307	53	0	1	307	1	307	7.7e-137	483.0
BCW-200443_03048	gnl|TC-DB|P21175|3.A.1.4.8	67.6	376	118	1	1	376	1	372	7.2e-145	510.0
BCW-200443_03051	gnl|TC-DB|P0AAP1|9.B.34.1.2	26.2	290	180	6	158	446	109	365	1.6e-18	91.3
BCW-200443_03053	gnl|TC-DB|P39398|2.A.1.14.33	28.1	317	197	7	14	304	44	355	7.0e-22	101.7
BCW-200443_03061	gnl|TC-DB|P0AFJ7|2.A.20.1.1	55.3	499	213	4	1	489	1	499	1.8e-148	522.3
BCW-200443_03064	gnl|TC-DB|Q51955|2.A.1.15.1	90.5	444	42	0	3	446	5	448	3.6e-228	786.9
BCW-200443_03070	gnl|TC-DB|Q52000|2.A.1.6.3	85.5	427	62	0	5	431	2	428	5.6e-210	726.5
BCW-200443_03075	gnl|TC-DB|Q9I6P8|1.B.25.1.14	67.1	420	129	5	5	416	3	421	1.6e-161	565.5
BCW-200443_03076	gnl|TC-DB|Q6V6X7|2.A.6.2.18	88.5	486	55	1	1	485	1	486	9.3e-238	818.9
BCW-200443_03077	gnl|TC-DB|Q6V6X8|2.A.6.2.18	81.5	1055	185	4	1	1052	1	1048	0.0e+00	1641.7
BCW-200443_03078	gnl|TC-DB|Q6V6X9|2.A.6.2.18	79.3	372	77	0	1	372	1	372	7.5e-158	553.1
BCW-200443_03081	gnl|TC-DB|P77389|2.A.1.2.65	47.5	360	189	0	5	364	7	366	2.9e-80	295.4
BCW-200443_03090	gnl|TC-DB|P16482|2.A.1.6.1	36.7	409	257	1	7	415	23	429	3.0e-70	262.3
BCW-200443_03091	gnl|TC-DB|Q9MUK5|3.A.9.1.1	26.2	404	246	15	78	455	67	444	1.4e-15	80.9
BCW-200443_03100	gnl|TC-DB|P96668|2.A.7.3.24	40.7	285	169	0	3	287	2	286	1.6e-51	199.5
BCW-200443_03101	gnl|TC-DB|P31499|1.B.14.2.2	24.7	632	368	23	116	727	44	587	1.1e-31	135.2
BCW-200443_03113	gnl|TC-DB|Q9RPP3|2.A.1.14.8	37.0	449	275	3	1	443	1	447	2.3e-86	315.8
BCW-200443_03114	gnl|TC-DB|Q4VSJ2|2.A.7.21.1	40.1	157	91	1	9	162	12	168	7.1e-25	110.2
BCW-200443_03135	gnl|TC-DB|P76017|1.B.12.2.6	26.1	690	408	22	141	756	294	955	3.1e-38	156.8
BCW-200443_03138	gnl|TC-DB|Q9FA44|2.A.80.1.1	64.9	496	173	1	1	495	1	496	5.6e-177	617.1
BCW-200443_03139	gnl|TC-DB|Q9FA45|2.A.80.1.1	36.6	145	87	2	1	145	1	140	1.9e-16	82.0
BCW-200443_03140	gnl|TC-DB|Q9FA46|2.A.80.1.1	63.0	316	116	1	10	325	9	323	2.1e-116	415.2
BCW-200443_03141	gnl|TC-DB|Q9I5H4|1.B.25.1.10	61.4	433	158	7	1	430	1	427	2.0e-151	531.9
BCW-200443_03143	gnl|TC-DB|Q93N33|2.A.21.9.2	27.4	259	146	8	217	451	763	1003	1.2e-11	67.8
BCW-200443_03148	gnl|TC-DB|F9VN10|3.D.10.1.4	34.1	543	318	14	3	521	2	528	5.4e-69	258.5
BCW-200443_03152	gnl|TC-DB|B2GH49|9.B.160.1.10	32.7	168	96	7	101	260	217	375	4.9e-13	72.4
BCW-200443_03155	gnl|TC-DB|P0AFI9|2.A.86.1.1	45.7	346	188	0	1	346	1	346	2.1e-69	259.2
BCW-200443_03173	gnl|TC-DB|P76350|2.A.1.6.6	39.2	401	238	3	10	408	21	417	2.9e-73	272.3
BCW-200443_03178	gnl|TC-DB|P16482|2.A.1.6.1	76.5	412	97	0	12	423	25	436	4.7e-180	627.1
BCW-200443_03185	gnl|TC-DB|P70786|2.A.1.14.3	40.2	425	249	5	5	427	19	440	1.2e-79	293.5
BCW-200443_03190	gnl|TC-DB|P17583|2.A.1.17.1	39.0	374	227	1	14	387	1	373	6.3e-67	251.1
BCW-200443_03195	gnl|TC-DB|Q9F3K6|3.A.1.3.24	46.4	263	141	0	28	290	26	288	2.6e-62	235.3
BCW-200443_03196	gnl|TC-DB|Q9F3K7|3.A.1.3.24	63.1	252	93	0	1	252	1	252	5.4e-88	320.5
BCW-200443_03197	gnl|TC-DB|Q9F3K5|3.A.1.3.24	33.7	267	156	7	23	273	59	320	4.4e-35	144.8
BCW-200443_03198	gnl|TC-DB|P31126|2.A.1.2.55	31.9	376	252	4	11	384	12	385	1.0e-45	180.6
BCW-200443_03205	gnl|TC-DB|P0AAP1|9.B.34.1.2	31.5	340	233	0	5	344	31	370	1.7e-47	186.4
BCW-200443_03215	gnl|TC-DB|M3JA40|1.B.52.2.1	36.3	215	120	6	267	471	245	452	5.9e-19	92.0
BCW-200443_03217	gnl|TC-DB|P0AFJ7|2.A.20.1.1	45.3	490	243	8	66	536	14	497	1.4e-104	376.7
BCW-200443_03225	gnl|TC-DB|Q02P42|2.A.117.1.2	50.4	137	68	0	5	141	25	161	2.6e-34	141.4
BCW-200443_03237	gnl|TC-DB|P12012|2.A.8.1.1	43.8	448	242	5	11	450	3	448	4.8e-103	371.3
BCW-200443_03242	gnl|TC-DB|P31679|2.A.1.1.114	28.2	390	252	9	85	466	60	429	1.6e-29	127.1
BCW-200443_03244	gnl|TC-DB|M3JA40|1.B.52.2.1	45.0	109	46	1	282	376	238	346	3.6e-15	79.3
BCW-200443_03254	gnl|TC-DB|P69451|4.C.1.1.4	55.4	558	246	3	6	562	5	560	1.8e-179	625.5
BCW-200443_03255	gnl|TC-DB|P69451|4.C.1.1.4	51.7	557	261	2	6	562	5	553	4.6e-172	600.9
BCW-200443_03266	gnl|TC-DB|Q51485|1.B.19.1.1	64.2	450	158	2	2	448	5	454	2.0e-178	621.7
BCW-200443_03267	gnl|TC-DB|Q88P35|3.A.1.1.30	83.7	386	61	1	1	386	1	384	9.8e-182	632.5
BCW-200443_03268	gnl|TC-DB|Q88P36|3.A.1.1.30	91.1	281	25	0	1	281	1	281	3.6e-141	497.3
BCW-200443_03269	gnl|TC-DB|Q88P37|3.A.1.1.30	89.7	301	31	0	1	301	1	301	8.6e-157	549.3
BCW-200443_03270	gnl|TC-DB|Q88P38|3.A.1.1.30	87.6	428	53	0	1	428	1	428	1.6e-220	761.5
BCW-200443_03276	gnl|TC-DB|P11667|2.A.75.1.2	45.7	199	104	4	1	196	1	198	1.0e-36	149.8
BCW-200443_03281	gnl|TC-DB|Q6T3V6|2.A.38.1.2	48.7	474	239	4	12	483	20	491	4.6e-120	427.9
BCW-200443_03286	gnl|TC-DB|P37621|2.A.1.46.7	52.1	384	184	0	8	391	13	396	5.5e-95	344.4
BCW-200443_03288	gnl|TC-DB|P15993|2.A.3.1.3	68.8	449	131	1	10	458	10	449	8.6e-172	599.7
BCW-200443_03306	gnl|TC-DB|P18275|2.A.3.2.3	73.5	479	121	1	3	475	4	482	5.4e-198	686.8
BCW-200443_03307	gnl|TC-DB|P18275|2.A.3.2.3	85.4	479	64	1	3	475	4	482	2.0e-224	774.6
BCW-200443_03312	gnl|TC-DB|Q9KN48|3.A.23.1.1	45.0	240	130	2	193	431	193	431	6.4e-48	188.3
BCW-200443_03326	gnl|TC-DB|C6EJJ6|2.C.1.2.1	39.8	171	96	3	1	164	1	171	3.6e-24	107.8
BCW-200443_03327	gnl|TC-DB|P0A855|2.C.1.2.1	52.8	413	188	4	9	418	22	430	3.7e-41	165.6
BCW-200443_03329	gnl|TC-DB|Q1D0D2|1.A.30.2.7	36.9	141	72	2	11	151	10	133	5.2e-17	84.0
BCW-200443_03330	gnl|TC-DB|P0ABU9|1.A.30.2.2	56.9	218	94	0	14	231	9	226	2.3e-61	231.9
BCW-200443_03343	gnl|TC-DB|P32722|1.B.25.1.1	47.6	464	190	11	1	432	1	443	5.1e-102	367.9
BCW-200443_03344	gnl|TC-DB|P0C0S1|1.A.23.2.1	31.8	267	169	4	11	268	10	272	1.3e-34	143.3
BCW-200443_03347	gnl|TC-DB|Q9HV74|2.A.21.9.1	27.7	394	228	12	281	662	626	974	3.9e-32	136.3
BCW-200443_03351	gnl|TC-DB|P10408|3.A.5.1.1	62.6	911	329	2	1	910	1	900	0.0e+00	1120.9
BCW-200443_03372	gnl|TC-DB|Q9KN48|3.A.23.1.1	41.1	302	163	5	77	369	123	418	7.6e-53	204.5
BCW-200443_03373	gnl|TC-DB|P0AEX3|2.A.1.6.2	56.5	416	181	0	21	436	17	432	2.2e-129	458.8
BCW-200443_03385	gnl|TC-DB|Q92N43|1.B.14.2.7	29.4	693	423	19	176	850	95	739	6.5e-69	258.8
BCW-200443_03393	gnl|TC-DB|Q4VSJ3|2.A.6.2.20	37.1	334	199	2	38	371	37	359	9.6e-49	190.7
BCW-200443_03394	gnl|TC-DB|Q9HW27|2.A.6.2.33	80.8	1006	193	0	1	1006	1	1006	0.0e+00	1556.6
BCW-200443_03406	gnl|TC-DB|G3XCT7|2.A.1.25.5	56.0	588	174	6	1	509	1	582	5.9e-166	580.5
BCW-200443_03412	gnl|TC-DB|D1F3T8|2.A.1.3.42	37.3	887	520	17	10	880	6	872	1.9e-135	479.9
BCW-200443_03428	gnl|TC-DB|P0AGD7|3.A.5.1.1	65.6	453	152	2	1	453	1	449	1.4e-155	545.8
BCW-200443_03429	gnl|TC-DB|A6V120|9.B.14.3.5	75.7	263	64	0	8	270	4	266	1.6e-106	382.1
BCW-200443_03430	gnl|TC-DB|P37908|9.A.40.2.4	36.5	381	228	8	36	403	38	417	7.0e-61	231.1
BCW-200443_03431	gnl|TC-DB|P37643|2.A.1.6.10	54.4	436	194	2	2	432	5	440	6.4e-121	430.6
BCW-200443_03442	gnl|TC-DB|Q9HXN5|4.A.1.1.15	63.9	844	291	5	4	836	2	842	7.3e-291	996.1
BCW-200443_03443	gnl|TC-DB|Q9HXN4|4.A.1.1.15	69.0	565	162	3	6	559	6	568	2.0e-215	745.0
BCW-200443_03448	gnl|TC-DB|Q9HXN5|4.A.1.1.15	45.9	850	425	10	4	828	3	842	3.8e-178	621.7
BCW-200443_03449	gnl|TC-DB|P02943|1.B.3.1.1	32.9	441	224	15	20	405	23	446	1.2e-52	203.8
BCW-200443_03451	gnl|TC-DB|P39794|4.A.1.2.8	52.2	460	215	3	9	467	8	463	1.2e-131	466.5
BCW-200443_03460	gnl|TC-DB|B7L5V2|1.A.34.1.3	30.4	125	84	2	148	270	99	222	1.2e-11	67.0
BCW-200443_03475	gnl|TC-DB|P44669|9.A.41.1.1	62.5	619	230	2	1	619	1	617	2.6e-208	721.5
BCW-200443_03484	gnl|TC-DB|P0AGI4|3.A.1.2.4	51.5	363	176	0	12	374	28	390	7.6e-94	340.5
BCW-200443_03485	gnl|TC-DB|P37388|3.A.1.2.4	53.3	510	235	3	4	512	3	510	1.4e-151	532.7
BCW-200443_03486	gnl|TC-DB|P37387|3.A.1.2.4	60.2	327	129	1	5	330	4	330	6.9e-107	383.6
BCW-200443_03489	gnl|TC-DB|B0KPQ1|1.B.19.1.3	82.5	424	66	2	3	421	2	422	1.6e-206	714.9
BCW-200443_03492	gnl|TC-DB|Q6MLK6|1.A.46.2.5	32.6	267	171	4	23	286	34	294	9.3e-39	157.1
BCW-200443_03498	gnl|TC-DB|Q21EL3|1.B.14.1.24	30.3	694	449	16	32	706	20	697	1.7e-86	317.0
BCW-200443_03501	gnl|TC-DB|P70786|2.A.1.14.3	43.7	414	232	1	4	417	23	435	7.2e-104	374.0
BCW-200443_03505	gnl|TC-DB|P02924|3.A.1.2.2	58.1	322	129	4	13	332	9	326	4.0e-99	357.8
BCW-200443_03532	gnl|TC-DB|Q93N33|2.A.21.9.2	30.0	387	252	5	160	530	768	1151	2.3e-43	173.3
BCW-200443_03540	gnl|TC-DB|P39398|2.A.1.14.33	42.0	417	239	2	13	428	35	449	1.2e-87	320.1
BCW-200443_03544	gnl|TC-DB|P94369|2.A.39.1.5	36.3	441	276	5	12	451	3	439	1.4e-76	283.5
BCW-200443_03550	gnl|TC-DB|P48632|1.B.14.1.6	42.0	824	426	15	12	820	29	815	1.9e-174	609.4
BCW-200443_03552	gnl|TC-DB|P38101|2.A.76.1.4	29.8	188	125	4	2	186	4	187	7.5e-13	70.5
BCW-200443_03559	gnl|TC-DB|Q6MLE8|1.A.23.4.12	27.4	208	147	1	106	309	126	333	1.4e-15	80.9
BCW-200443_03565	gnl|TC-DB|P28246|2.A.1.2.7	28.9	395	276	5	1	393	1	392	3.3e-31	132.5
BCW-200443_03567	gnl|TC-DB|Q9HXW4|2.A.6.2.17	43.4	1010	562	3	5	1006	4	1011	1.0e-222	770.0
BCW-200443_03590	gnl|TC-DB|Q44381|3.A.1.11.3	39.0	259	155	1	10	268	17	272	2.3e-44	175.6
BCW-200443_03591	gnl|TC-DB|Q1M7Q3|3.A.1.11.6	44.5	218	121	0	186	403	66	283	7.5e-47	184.5
BCW-200443_03592	gnl|TC-DB|Q1M7Q4|3.A.1.11.6	33.2	343	215	8	7	346	5	336	1.6e-45	179.9
BCW-200443_03593	gnl|TC-DB|Q1M7Q1|3.A.1.11.6	47.0	347	180	4	11	355	6	350	3.1e-84	308.5
BCW-200443_03600	gnl|TC-DB|P31554|1.B.42.1.2	27.8	812	494	20	140	929	40	781	1.1e-82	304.7
BCW-200443_03613	gnl|TC-DB|P60782|9.B.31.1.1	41.8	182	106	0	5	186	8	189	5.2e-27	117.5
BCW-200443_03618	gnl|TC-DB|Q1J0W6|9.B.34.1.1	37.9	161	89	5	807	965	194	345	1.7e-17	88.6
BCW-200443_03648	gnl|TC-DB|P27844|2.A.7.7.2	46.3	294	158	0	1	294	1	294	2.2e-72	268.9
BCW-200443_03656	gnl|TC-DB|Q82VI7|1.B.14.1.10	38.2	815	466	14	13	802	23	824	2.3e-148	522.7
BCW-200443_03683	gnl|TC-DB|P96797|3.D.7.1.1	29.9	422	243	16	232	628	11	404	6.8e-34	142.1
BCW-200443_03691	gnl|TC-DB|Q9HTH6|3.A.1.12.12	56.0	307	131	1	8	314	10	312	7.2e-98	353.6
BCW-200443_03699	gnl|TC-DB|Q9HTI6|3.A.1.12.12	68.3	315	97	2	1	315	1	312	1.0e-123	439.5
BCW-200443_03700	gnl|TC-DB|Q9HTI7|3.A.1.12.12	81.8	275	50	0	2	276	3	277	6.8e-124	439.9
BCW-200443_03701	gnl|TC-DB|Q9HTI8|3.A.1.12.12	75.8	392	95	0	1	392	1	392	5.5e-172	600.1
BCW-200443_03702	gnl|TC-DB|Q4ZLW8|2.A.15.1.3	50.1	667	317	6	1	658	1	660	2.7e-187	651.7
BCW-200443_03709	gnl|TC-DB|P31474|2.A.1.3.51	48.7	456	229	2	15	470	12	462	9.1e-113	403.7
BCW-200443_03710	gnl|TC-DB|O00571|1.I.1.1.3	35.7	364	209	7	7	346	181	543	9.3e-54	207.6
BCW-200443_03712	gnl|TC-DB|P75870|2.A.85.1.1	42.3	692	377	8	21	706	17	692	6.4e-142	501.1
BCW-200443_03717	gnl|TC-DB|P0AAP1|9.B.34.1.2	33.1	163	109	0	269	431	204	366	3.2e-21	100.1
BCW-200443_03733	gnl|TC-DB|G3XD29|2.A.36.6.8	74.8	416	101	1	1	412	1	416	3.4e-164	574.3
BCW-200443_03734	gnl|TC-DB|P37327|1.A.16.4.1	55.0	269	118	2	19	286	27	293	2.8e-75	278.5
BCW-200443_03741	gnl|TC-DB|O00571|1.I.1.1.3	41.3	349	192	5	2	337	181	529	2.0e-67	253.4
BCW-200443_03746	gnl|TC-DB|Q9I402|3.A.1.3.22	62.5	275	103	0	26	300	26	300	8.7e-93	336.7
BCW-200443_03750	gnl|TC-DB|A4VGV1|1.C.113.1.3	77.1	205	47	0	1	205	1	205	1.5e-91	332.0
BCW-200443_03754	gnl|TC-DB|Q9Z445|2.A.70.1.2	87.4	254	32	0	1	254	1	254	8.3e-121	429.5
BCW-200443_03755	gnl|TC-DB|Q9Z446|2.A.70.1.2	80.7	140	21	1	1	134	24	163	1.0e-56	215.7
BCW-200443_03758	gnl|TC-DB|O06927|3.B.1.1.4	34.0	235	134	5	26	249	42	266	2.5e-24	109.0
BCW-200443_03759	gnl|TC-DB|O06926|3.B.1.1.4	37.6	255	149	1	5	249	7	261	1.1e-44	176.8
BCW-200443_03762	gnl|TC-DB|O06924|3.B.1.1.4	56.3	551	233	3	11	556	7	554	2.4e-181	631.7
BCW-200443_03781	gnl|TC-DB|P24559|3.A.15.2.1	73.6	341	90	0	1	341	1	341	1.7e-140	495.4
BCW-200443_03784	gnl|TC-DB|P52059|9.A.4.1.1	38.2	170	103	2	10	178	6	174	1.2e-23	106.3
BCW-200443_03797	gnl|TC-DB|P0AC31|3.A.1.140.1	35.2	301	189	3	45	341	54	352	3.9e-41	165.2
BCW-200443_03798	gnl|TC-DB|P0A9R7|3.A.1.140.1	54.8	217	98	0	1	217	1	217	7.4e-65	243.4
BCW-200443_03799	gnl|TC-DB|P10121|3.A.5.1.1	68.2	308	97	1	154	461	191	497	1.5e-112	402.9
BCW-200443_03814	gnl|TC-DB|P37597|2.A.1.2.62	28.9	380	250	9	21	386	6	379	1.3e-24	110.5
BCW-200443_03817	gnl|TC-DB|P77529|2.A.23.1.8	79.2	461	96	0	1	461	1	461	3.8e-196	680.6
BCW-200443_03823	gnl|TC-DB|A3N294|3.A.1.20.3	31.9	332	215	7	5	326	8	338	5.7e-40	161.4
BCW-200443_03824	gnl|TC-DB|Q9KLQ6|3.A.1.20.2	26.9	583	394	14	1	563	128	698	7.5e-37	151.8
BCW-200443_03825	gnl|TC-DB|P74127|3.A.1.10.2	46.2	299	147	5	27	315	36	330	1.2e-64	243.4
BCW-200443_03827	gnl|TC-DB|Q88CP1|3.A.3.6.12	77.5	711	157	1	43	750	40	750	8.5e-307	1048.9
BCW-200443_03833	gnl|TC-DB|P08839|8.A.7.1.1	37.9	572	325	12	180	730	4	566	1.2e-98	357.5
BCW-200443_03845	gnl|TC-DB|P0AEM9|3.A.1.3.10	38.0	92	56	1	22	112	33	124	1.1e-12	69.7
BCW-200443_03856	gnl|TC-DB|P0AFL1|3.A.1.11.2	63.6	264	96	0	10	273	15	278	3.7e-88	321.2
BCW-200443_03857	gnl|TC-DB|P31135|3.A.1.11.2	51.2	287	140	0	16	302	27	313	2.5e-79	292.0
BCW-200443_03858	gnl|TC-DB|P31134|3.A.1.11.2	63.1	358	130	2	22	378	19	375	1.3e-117	419.5
BCW-200443_03859	gnl|TC-DB|P31133|3.A.1.11.2	55.7	359	155	3	1	355	12	370	5.1e-116	414.1
BCW-200443_03860	gnl|TC-DB|P31133|3.A.1.11.2	58.5	359	147	2	13	369	12	370	1.6e-120	429.1
BCW-200443_03866	gnl|TC-DB|Q8KZQ6|3.A.1.17.2	84.5	264	41	0	4	267	6	269	2.4e-126	448.0
BCW-200443_03867	gnl|TC-DB|O85765|3.A.1.17.2	91.3	253	22	0	6	258	9	261	5.4e-131	463.4
BCW-200443_03869	gnl|TC-DB|O85763|3.A.1.17.2	87.9	322	38	1	1	322	1	321	3.7e-158	553.9
BCW-200443_03872	gnl|TC-DB|Q51510|1.B.25.1.2	61.1	470	152	10	1	455	6	459	2.2e-148	521.9
BCW-200443_03873	gnl|TC-DB|Q47537|3.A.1.17.1	54.0	322	143	3	6	327	4	320	2.0e-95	345.5
BCW-200443_03879	gnl|TC-DB|Q8F3M7|3.A.15.4.1	40.0	485	254	5	90	546	82	557	4.2e-93	338.6
BCW-200443_03880	gnl|TC-DB|P0AA53|8.A.21.2.2	73.5	298	77	1	1	298	1	296	2.7e-81	298.5
BCW-200443_03886	gnl|TC-DB|Q82VN6|3.A.1.10.4	50.9	517	252	2	19	533	1	517	6.7e-128	454.1
BCW-200443_03887	gnl|TC-DB|Q82VN7|3.A.1.10.4	53.5	310	144	0	24	333	33	342	1.5e-98	355.9
BCW-200443_03896	gnl|TC-DB|S6URY0|1.E.11.3.2	86.0	43	6	0	1	43	1	43	2.4e-16	80.1
BCW-200443_03898	gnl|TC-DB|P37626|3.A.1.105.16	39.9	348	175	5	12	326	3	349	6.2e-44	174.5
BCW-200443_03899	gnl|TC-DB|C8TJS4|3.A.1.105.16	53.9	912	397	3	7	910	14	910	1.8e-274	941.8
BCW-200443_03900	gnl|TC-DB|P0AGH1|3.A.1.105.16	50.8	372	183	0	1	372	1	372	1.0e-95	346.7
BCW-200443_03903	gnl|TC-DB|P08194|2.A.1.4.3	75.1	421	105	0	1	421	1	421	1.2e-196	682.2
BCW-200443_03905	gnl|TC-DB|G0LBU8|1.B.14.6.11	33.0	821	449	18	37	795	195	976	1.9e-99	360.1
BCW-200443_03909	gnl|TC-DB|B9DIS8|9.B.97.5.1	32.9	353	214	12	6	340	18	365	5.1e-37	152.5
BCW-200443_03910	gnl|TC-DB|P40290|3.A.6.1.1	29.6	247	150	6	160	393	151	386	2.5e-13	73.2
BCW-200443_03913	gnl|TC-DB|P54535|3.A.1.3.15	24.5	257	179	6	3	252	2	250	1.5e-11	66.6
BCW-200443_03914	gnl|TC-DB|P42200|3.A.1.3.14	33.8	213	134	2	4	215	21	227	3.7e-24	108.2
BCW-200443_03915	gnl|TC-DB|P0AFT2|3.A.1.3.10	36.4	198	126	0	16	213	18	215	8.3e-29	123.6
BCW-200443_03916	gnl|TC-DB|Q9I488|3.A.1.3.21	56.9	239	103	0	3	241	1	239	1.6e-73	272.3
BCW-200443_03918	gnl|TC-DB|P45420|1.B.11.5.1	30.9	820	532	14	7	821	3	792	4.8e-117	418.7
BCW-200443_03924	gnl|TC-DB|E4PCL6|9.B.27.2.7	36.6	183	112	2	2	180	3	185	1.0e-23	106.7
BCW-200443_03928	gnl|TC-DB|Q58AJ4|2.A.108.2.1	36.9	607	357	11	26	614	27	625	2.8e-93	339.3
BCW-200443_03931	gnl|TC-DB|Q87R31|1.B.48.5.1	44.4	189	91	3	8	191	8	187	4.1e-35	144.4
BCW-200443_03933	gnl|TC-DB|P0AG34|2.A.76.1.1	42.1	209	117	2	1	208	1	206	3.9e-39	157.9
BCW-200443_03935	gnl|TC-DB|Q83XH1|3.A.1.121.4	33.3	522	341	3	1	515	1	522	5.4e-76	282.0
BCW-200443_03962	gnl|TC-DB|O67997|1.A.11.1.4	64.5	437	137	7	9	440	12	435	3.0e-142	501.5
BCW-200443_03991	gnl|TC-DB|Q9F5N7|2.A.66.1.9	37.5	437	269	2	14	449	25	458	6.7e-68	254.6
BCW-200443_04012	gnl|TC-DB|W0WQF0|3.A.1.5.39	73.9	529	134	2	1	529	1	525	1.5e-228	788.5
BCW-200443_04030	gnl|TC-DB|P0ABU7|1.A.30.2.1	61.7	235	85	2	93	325	6	237	2.8e-68	255.4
BCW-200443_04031	gnl|TC-DB|P0ABV2|1.A.30.2.1	67.4	141	46	0	1	141	1	141	7.5e-47	183.0
BCW-200443_04032	gnl|TC-DB|Q1R210|2.C.1.1.3	35.5	110	71	0	137	246	149	258	2.9e-17	85.5
BCW-200443_04040	gnl|TC-DB|Q8TM30|3.A.1.122.6	35.6	180	108	4	27	203	28	202	3.4e-20	95.1
BCW-200443_04041	gnl|TC-DB|D8HIS0|9.B.106.2.2	31.1	302	166	9	8	272	218	514	2.4e-30	131.0
BCW-200443_04044	gnl|TC-DB|Q9KN45|3.A.23.1.1	27.4	1206	763	31	19	1166	29	1180	2.2e-112	403.7
BCW-200443_04045	gnl|TC-DB|O06874|1.A.30.1.2	37.0	127	79	1	299	424	175	301	1.4e-16	84.0
BCW-200443_04046	gnl|TC-DB|Q9KN51|3.A.23.1.1	44.3	440	243	2	5	443	5	443	8.0e-103	370.5
BCW-200443_04049	gnl|TC-DB|A8YQR7|3.A.23.2.1	23.6	339	242	7	1	325	4	339	1.3e-15	80.5
BCW-200443_04050	gnl|TC-DB|Q6EE21|3.A.23.2.1	41.5	159	92	1	1	158	1	159	1.2e-30	129.4
BCW-200443_04051	gnl|TC-DB|Q6EE20|3.A.23.2.1	53.2	474	212	5	26	493	21	490	7.0e-140	493.8
BCW-200443_04054	gnl|TC-DB|Q9KN55|3.A.23.1.1	28.8	631	381	18	9	619	7	589	8.1e-61	231.5
BCW-200443_04056	gnl|TC-DB|Q6EE14|3.A.23.2.1	52.4	871	393	2	8	878	7	855	2.0e-254	875.2
BCW-200443_04057	gnl|TC-DB|A8YQR5|3.A.23.2.1	41.3	501	289	3	7	506	7	503	6.6e-114	407.9
BCW-200443_04074	gnl|TC-DB|Q0PBV6|9.A.40.2.2	33.8	452	282	9	1	443	1	444	3.0e-57	219.2
BCW-200443_04077	gnl|TC-DB|P0AAH0|3.A.1.7.1	64.0	247	89	0	31	277	11	257	1.4e-89	325.9
BCW-200443_04078	gnl|TC-DB|C3KCB6|3.A.1.7.3	31.7	249	136	4	295	538	68	287	3.2e-24	109.8
BCW-200443_04079	gnl|TC-DB|O51234|3.A.1.7.5	30.5	298	182	7	470	757	20	302	3.1e-22	103.6
BCW-200443_04081	gnl|TC-DB|Q5ZYB5|3.A.7.9.1	30.5	400	269	5	15	410	1	395	8.4e-49	191.0
BCW-200443_04090	gnl|TC-DB|Q45068|2.A.25.1.5	44.2	453	245	6	1	453	8	452	1.9e-102	369.4
BCW-200443_04094	gnl|TC-DB|P31133|3.A.1.11.2	56.2	352	152	2	12	362	19	369	1.4e-116	416.0
BCW-200443_04101	gnl|TC-DB|Q6A1F6|3.B.1.1.6	51.4	578	258	5	3	571	6	569	3.1e-158	555.1
BCW-200443_04106	gnl|TC-DB|P0AAP1|9.B.34.1.2	30.8	169	110	3	519	684	201	365	2.6e-13	74.3
BCW-200443_04110	gnl|TC-DB|P39830|2.A.37.1.5	30.9	385	252	6	2	376	3	383	2.0e-37	153.7
BCW-200443_04117	gnl|TC-DB|P94400|9.B.10.1.1	50.8	394	185	4	4	393	3	391	1.5e-103	372.9
BCW-200443_04122	gnl|TC-DB|G0LRW9|3.A.1.15.15	33.2	193	122	3	26	211	27	219	2.7e-27	118.6
BCW-200443_04123	gnl|TC-DB|A1IQK4|3.A.1.15.10	52.7	275	130	0	7	281	7	281	5.4e-68	254.2
BCW-200443_04124	gnl|TC-DB|Q5FA63|3.A.1.15.10	38.0	305	167	3	5	289	4	306	4.1e-55	211.5
BCW-200443_04134	gnl|TC-DB|Q9I147|3.A.3.6.15	75.4	609	149	1	16	623	37	645	7.1e-222	766.5
BCW-200443_04138	gnl|TC-DB|D6I8Y6|4.F.1.3.3	44.4	196	108	1	2	197	1	195	3.0e-36	148.3
BCW-200443_04145	gnl|TC-DB|C6GYU4|2.A.76.1.9	26.3	190	139	1	13	201	16	205	3.0e-15	78.6
BCW-200443_04152	gnl|TC-DB|P0A6E6|3.A.2.1.1	53.3	137	64	0	1	137	1	137	3.5e-33	137.5
BCW-200443_04153	gnl|TC-DB|P0ABB4|3.A.2.1.1	84.3	460	70	1	1	458	1	460	3.2e-224	773.9
BCW-200443_04154	gnl|TC-DB|P0ABA6|3.A.2.1.1	68.6	287	89	1	1	286	1	287	3.5e-107	384.4
BCW-200443_04155	gnl|TC-DB|P0ABB0|3.A.2.1.1	77.1	512	117	0	3	514	2	513	1.2e-227	785.4
BCW-200443_04156	gnl|TC-DB|P0ABA4|3.A.2.1.1	43.8	178	99	1	1	178	1	177	1.9e-34	142.1
BCW-200443_04157	gnl|TC-DB|P0ABA0|3.A.2.1.1	48.1	156	81	0	1	156	1	156	2.7e-21	98.2
BCW-200443_04158	gnl|TC-DB|P68699|3.A.2.1.1	57.1	70	30	0	7	76	8	77	5.4e-16	79.7
BCW-200443_04159	gnl|TC-DB|P0AB98|3.A.2.1.1	54.9	286	106	7	5	288	7	271	5.3e-71	264.2
BCW-200443_04160	gnl|TC-DB|B1JFU8|1.A.77.3.9	85.2	135	20	0	1	135	1	135	2.4e-58	221.1
BCW-200443_04167	gnl|TC-DB|Q82VI7|1.B.14.1.10	36.6	819	473	15	20	812	26	824	3.3e-139	492.3
BCW-200443_04169	gnl|TC-DB|P25714|2.A.9.3.1	49.2	478	235	6	82	552	60	536	5.9e-127	451.1
BCW-200443_04185	gnl|TC-DB|P0AGI8|2.A.38.1.1	63.9	451	162	1	1	450	1	451	6.6e-161	563.5
BCW-200443_04190	gnl|TC-DB|Q8VRK4|3.A.11.1.3	38.2	340	182	10	18	351	4	321	1.9e-41	166.4
BCW-200443_04195	gnl|TC-DB|B9LBX9|2.A.53.3.4	31.7	504	322	4	27	508	30	533	5.2e-61	231.9
BCW-200443_04196	gnl|TC-DB|Q9HTI6|3.A.1.12.12	50.0	282	138	1	23	301	26	307	5.0e-80	294.3
BCW-200443_04203	gnl|TC-DB|P0AA76|2.A.1.14.7	56.1	421	181	2	15	432	10	429	3.5e-135	478.0
BCW-200443_04225	gnl|TC-DB|P96878|2.A.53.3.12	31.7	202	132	2	19	215	539	739	6.3e-25	110.9
BCW-200443_04226	gnl|TC-DB|P96878|2.A.53.3.12	33.2	500	306	8	2	489	23	506	2.7e-54	209.5
BCW-200443_04228	gnl|TC-DB|P08306|3.D.4.6.1	34.3	230	151	0	3	232	51	280	8.6e-36	147.5
BCW-200443_04229	gnl|TC-DB|P98002|3.D.4.6.1	51.2	543	240	5	8	526	7	548	1.3e-155	546.2
BCW-200443_04232	gnl|TC-DB|Q3J5F6|3.D.4.6.2	40.1	294	136	8	4	294	7	263	8.1e-51	197.2
BCW-200443_04239	gnl|TC-DB|Q9HT68|3.A.1.24.5	77.7	260	54	1	1	256	1	260	3.7e-108	387.5
BCW-200443_04240	gnl|TC-DB|Q9HT69|3.A.1.24.5	83.4	217	36	0	8	224	9	225	5.3e-87	317.0
BCW-200443_04241	gnl|TC-DB|Q9HT70|3.A.1.24.5	83.3	335	56	0	1	335	1	335	2.0e-159	558.1
BCW-200443_04244	gnl|TC-DB|P39832|3.A.1.15.5	47.7	256	134	0	1	256	1	256	5.7e-48	187.6
BCW-200443_04245	gnl|TC-DB|P0A9X1|3.A.1.15.5	58.9	241	98	1	4	243	3	243	6.8e-78	287.0
BCW-200443_04247	gnl|TC-DB|P39172|3.A.1.15.5	41.5	301	173	2	7	304	8	308	1.1e-50	196.8
BCW-200443_04256	gnl|TC-DB|D4ZZR3|9.B.34.1.3	44.0	175	92	3	514	682	219	393	4.8e-30	129.4
BCW-200443_04259	gnl|TC-DB|Q9KN48|3.A.23.1.1	41.6	226	132	0	147	372	193	418	2.0e-45	179.9
BCW-200443_04263	gnl|TC-DB|P21345|2.A.23.1.1	74.2	423	108	1	1	422	1	423	2.1e-167	585.1
BCW-200443_04264	gnl|TC-DB|I6ZUE8|9.B.156.3.1	40.6	372	214	3	41	408	153	521	5.0e-67	251.5
BCW-200443_04267	gnl|TC-DB|A4PCH8|3.A.1.27.1	60.2	249	98	1	13	260	25	273	1.2e-77	286.2
BCW-200443_04268	gnl|TC-DB|A4PCH7|3.A.1.27.1	41.8	318	178	3	69	382	1	315	1.5e-57	219.9
BCW-200443_04271	gnl|TC-DB|P0AF43|2.A.58.2.1	61.9	536	203	1	1	536	1	535	1.8e-173	605.5
BCW-200443_04272	gnl|TC-DB|L5DDD7|2.A.109.2.3	47.2	229	120	1	1	229	370	597	9.7e-53	203.4
BCW-200443_04273	gnl|TC-DB|P42308|2.A.11.1.2	62.9	428	154	1	1	428	1	423	1.9e-149	525.4
BCW-200443_04281	gnl|TC-DB|P0C188|3.D.2.2.1	55.6	477	198	3	1	477	1	463	3.1e-137	485.0
BCW-200443_04282	gnl|TC-DB|P0C187|3.D.2.2.1	56.5	85	37	0	12	96	53	137	7.0e-21	96.3
BCW-200443_04283	gnl|TC-DB|P0C186|3.D.2.2.1	50.5	378	175	5	1	369	1	375	3.6e-88	321.6
BCW-200443_04288	gnl|TC-DB|P69423|2.A.64.1.1	63.5	233	85	0	13	245	8	240	8.1e-79	290.0
BCW-200443_04302	gnl|TC-DB|Q9HWU4|1.B.11.3.7	40.6	818	465	12	32	829	2	818	4.7e-168	588.2
BCW-200443_04316	gnl|TC-DB|Q9ZKE4|3.A.11.3.1	32.9	517	323	9	223	739	127	619	1.6e-68	257.3
BCW-200443_04324	gnl|TC-DB|P34750|1.B.22.2.1	70.8	438	105	4	44	460	279	714	2.9e-164	574.7
BCW-200443_04331	gnl|TC-DB|P43531|2.A.1.36.1	57.6	401	170	0	13	413	11	411	1.3e-121	433.0
BCW-200443_04341	gnl|TC-DB|Q7AA53|2.A.6.8.2	29.0	748	502	14	32	767	14	744	7.0e-62	235.3
BCW-200443_04358	gnl|TC-DB|P77338|1.A.23.1.1	39.7	1094	644	10	11	1092	20	1109	4.7e-192	668.3
BCW-200443_04359	gnl|TC-DB|P76007|2.A.36.6.11	66.1	573	191	2	1	570	1	573	3.3e-213	737.6
BCW-200443_04367	gnl|TC-DB|Q9I5F5|2.A.21.2.3	83.1	492	81	2	1	490	1	492	9.8e-227	782.3
BCW-200443_04368	gnl|TC-DB|B2D7K2|3.A.23.1.1	36.2	520	305	8	10	512	6	515	2.2e-88	323.2
BCW-200443_04373	gnl|TC-DB|P0AAP1|9.B.34.1.2	31.4	175	116	2	456	626	195	369	1.0e-16	85.5
BCW-200443_04394	gnl|TC-DB|P0AAD6|2.A.42.2.1	67.4	411	126	3	20	422	16	426	4.9e-150	527.3
BCW-200443_04400	gnl|TC-DB|Q887F7|2.A.1.21.20	70.8	391	111	1	1	388	1	391	1.1e-148	522.7
BCW-200443_04404	gnl|TC-DB|P31552|4.C.1.1.6	25.6	503	332	13	27	510	37	516	3.8e-24	109.4
BCW-200443_04419	gnl|TC-DB|P37735|2.A.56.1.1	50.0	322	158	3	7	325	9	330	2.5e-77	285.4
BCW-200443_04421	gnl|TC-DB|O07838|2.A.56.1.1	52.1	409	182	1	32	426	32	440	6.9e-112	400.6
BCW-200443_04428	gnl|TC-DB|P96668|2.A.7.3.24	69.7	287	87	0	10	296	1	287	4.4e-105	377.5
BCW-200443_04437	gnl|TC-DB|P52067|2.A.1.35.1	59.1	396	159	1	6	401	11	403	1.1e-127	453.0
BCW-200443_04439	gnl|TC-DB|P0ADL1|2.A.1.2.26	39.3	374	226	1	3	376	14	386	1.5e-68	256.5
BCW-200443_04443	gnl|TC-DB|P0C0L7|2.A.1.6.4	76.3	498	118	0	3	500	2	499	5.1e-223	770.0
BCW-200443_04445	gnl|TC-DB|Q07YH1|2.A.1.14.25	31.6	443	274	5	10	451	2	416	8.8e-60	227.6
BCW-200443_04455	gnl|TC-DB|Q84BQ3|3.A.1.122.12	69.1	362	111	1	21	382	1	361	6.2e-128	453.8
BCW-200443_04456	gnl|TC-DB|A0ZUB1|3.A.1.122.12	83.7	652	105	1	1	652	1	651	5.7e-307	1049.3
BCW-200443_04462	gnl|TC-DB|Q9KMQ3|2.A.1.2.42	50.4	361	178	1	1	361	1	360	2.9e-85	312.0
BCW-200443_04463	gnl|TC-DB|A4LBD1|1.B.14.1.7	23.1	713	449	28	28	691	65	727	3.9e-22	103.2
BCW-200443_04466	gnl|TC-DB|P31133|3.A.1.11.2	55.8	355	154	3	11	362	16	370	4.8e-114	407.5
BCW-200443_04475	gnl|TC-DB|P32482|2.A.1.2.3	29.2	390	269	4	12	398	16	401	5.8e-31	131.7
BCW-200443_04479	gnl|TC-DB|P77239|2.A.6.1.4	40.6	384	223	4	17	396	20	402	1.9e-74	276.2
BCW-200443_04480	gnl|TC-DB|P38054|2.A.6.1.4	68.9	1038	314	1	1	1029	1	1038	0.0e+00	1423.7
BCW-200443_04491	gnl|TC-DB|P04983|3.A.1.2.1	49.5	491	246	2	23	512	4	493	1.9e-132	469.2
BCW-200443_04492	gnl|TC-DB|A8H4W6|3.A.1.2.15	42.1	297	164	3	46	337	52	345	6.2e-55	211.1
BCW-200443_04494	gnl|TC-DB|M3JA40|1.B.52.2.1	63.4	71	26	0	175	245	280	350	1.3e-14	77.8
BCW-200443_04500	gnl|TC-DB|Q9KKE3|3.A.1.12.6	47.6	309	160	1	31	337	37	345	2.3e-86	315.5
BCW-200443_04501	gnl|TC-DB|P48632|1.B.14.1.6	24.2	748	452	32	20	708	124	815	5.9e-23	105.9
BCW-200443_04540	gnl|TC-DB|Q5K4L6|4.C.1.1.12	24.9	470	307	15	93	532	235	688	9.4e-21	98.2
BCW-200443_04553	gnl|TC-DB|Q6XBY3|1.B.11.6.1	37.7	816	453	17	18	784	17	826	7.9e-154	540.8
BCW-200443_04577	gnl|TC-DB|Q8NLD6|2.A.1.2.87	26.4	390	278	5	7	389	2	389	4.2e-18	89.0
BCW-200443_04594	gnl|TC-DB|Q1CZ65|2.A.6.3.7	32.6	1077	680	8	2	1072	1	1037	6.3e-154	541.6
BCW-200443_04595	gnl|TC-DB|P0AE06|8.A.1.6.1	23.6	356	251	5	50	389	37	387	1.7e-16	83.6
BCW-200443_04596	gnl|TC-DB|Q2FD80|2.A.6.2.44	36.7	471	288	5	8	468	11	481	2.3e-71	266.2
BCW-200443_04598	gnl|TC-DB|A8J166|2.A.39.3.14	39.3	481	253	9	25	477	17	486	1.8e-87	319.7
BCW-200443_04604	gnl|TC-DB|Q4KDN3|9.B.62.1.5	68.0	122	38	1	1	121	1	122	1.2e-37	152.1
BCW-200443_04605	gnl|TC-DB|Q4KDN4|9.B.62.1.5	72.2	288	73	2	1	281	1	288	3.0e-103	371.3
BCW-200443_04606	gnl|TC-DB|Q9I6P8|1.B.25.1.14	70.6	391	112	3	32	420	32	421	1.3e-163	572.4
BCW-200443_04610	gnl|TC-DB|C5W790|2.A.1.3.36	31.5	336	213	7	44	374	17	340	1.4e-31	133.7
BCW-200443_04612	gnl|TC-DB|P39414|2.A.47.3.3	26.7	483	328	13	18	486	11	481	1.1e-23	107.8
BCW-200443_04613	gnl|TC-DB|E7BBJ3|2.A.102.4.2	38.6	267	160	2	1	266	1	264	5.8e-40	161.0
BCW-200443_04630	gnl|TC-DB|P75830|3.A.1.122.1	33.1	384	238	3	1	384	1	365	2.5e-47	186.0
BCW-200443_04631	gnl|TC-DB|P75831|3.A.1.122.1	46.5	663	330	10	7	660	2	648	1.8e-143	506.1
BCW-200443_04632	gnl|TC-DB|Q8ZRH0|2.A.6.2.25	30.2	431	286	7	42	463	71	495	2.0e-35	146.7
BCW-200443_04636	gnl|TC-DB|Q8DQI0|3.A.1.4.10	31.6	288	191	5	2	285	1	286	2.6e-30	129.0
BCW-200443_04637	gnl|TC-DB|Q92TN2|3.A.1.4.7	35.3	312	191	6	19	324	25	331	1.7e-33	139.8
BCW-200443_04638	gnl|TC-DB|P21629|3.A.1.4.8	43.7	254	131	4	4	248	5	255	2.3e-46	182.2
BCW-200443_04639	gnl|TC-DB|P21630|3.A.1.4.8	45.0	231	123	1	1	227	1	231	1.2e-49	193.0
BCW-200443_04652	gnl|TC-DB|Q8F8H7|2.A.53.3.8	50.0	194	97	0	3	196	540	733	1.9e-54	208.8
BCW-200443_04656	gnl|TC-DB|P76460|2.A.73.1.1	34.9	444	264	11	9	447	4	427	4.1e-57	218.8
BCW-200443_04657	gnl|TC-DB|Q5ZYB5|3.A.7.9.1	33.0	373	243	3	26	396	15	382	2.4e-51	199.5
BCW-200443_04658	gnl|TC-DB|P39344|2.A.8.1.2	33.9	437	283	3	16	451	3	434	1.4e-65	246.9
BCW-200443_04659	gnl|TC-DB|P13512|2.A.4.1.1	63.8	287	103	1	1	287	1	286	9.6e-100	359.8
BCW-200443_04660	gnl|TC-DB|Q88RT4|2.A.6.1.5	60.6	401	151	3	10	404	17	416	2.0e-108	389.0
BCW-200443_04661	gnl|TC-DB|Q88RT5|2.A.6.1.5	66.8	334	111	0	35	368	83	416	8.3e-122	433.3
BCW-200443_04662	gnl|TC-DB|Q88RT6|2.A.6.1.5	80.6	1045	200	1	1	1042	1	1045	0.0e+00	1617.4
BCW-200443_04663	gnl|TC-DB|Q9HV74|2.A.21.9.1	31.7	227	137	8	242	459	757	974	9.5e-17	84.7
BCW-200443_04665	gnl|TC-DB|B7V849|1.B.25.1.32	61.6	440	164	3	4	438	8	447	1.5e-157	552.4
BCW-200443_04670	gnl|TC-DB|P42670|2.A.1.3.11	36.9	415	251	6	9	417	26	435	2.0e-53	206.5
BCW-200443_04672	gnl|TC-DB|G4NW86|2.A.76.1.7	28.4	197	131	5	21	212	16	207	6.9e-12	67.4
BCW-200443_04678	gnl|TC-DB|L0LHM3|2.A.7.31.3	52.2	278	132	1	1	277	1	278	5.6e-70	260.8
BCW-200443_04682	gnl|TC-DB|P0C2V3|3.A.6.1.1	55.9	324	140	1	11	334	9	329	1.7e-96	349.4
BCW-200443_04685	gnl|TC-DB|P40290|3.A.6.1.1	52.1	426	192	3	26	447	21	438	8.1e-111	397.1
BCW-200443_04689	gnl|TC-DB|Q9ZA77|3.A.6.1.1	44.2	215	120	0	2	216	1	215	1.8e-47	185.7
BCW-200443_04690	gnl|TC-DB|Q7BFA7|3.A.6.1.1	56.5	69	30	0	9	77	12	80	8.3e-12	65.9
BCW-200443_04692	gnl|TC-DB|Q93KT4|3.A.6.1.1	29.9	355	245	2	4	357	2	353	1.3e-42	170.2
BCW-200443_04695	gnl|TC-DB|Q01723|1.B.22.3.1	46.0	705	351	11	26	707	3	700	5.0e-163	571.2
BCW-200443_04700	gnl|TC-DB|Q7BFA4|3.A.6.1.1	40.3	201	111	4	7	205	6	199	7.1e-30	127.5
BCW-200443_04703	gnl|TC-DB|Q9KN48|3.A.23.1.1	33.6	348	186	6	2	304	180	527	2.5e-34	142.5
BCW-200443_04710	gnl|TC-DB|Q8Y2D9|1.B.46.1.3	29.6	162	100	3	13	170	19	170	3.8e-15	78.2
BCW-200443_04715	gnl|TC-DB|Q8ID54|3.A.25.2.1	29.7	232	159	3	4	231	83	314	9.0e-27	117.1
BCW-200443_04732	gnl|TC-DB|Q21EL3|1.B.14.1.24	33.9	685	416	16	32	693	24	694	1.2e-89	327.4
BCW-200443_04745	gnl|TC-DB|B1LE48|2.A.86.2.1	37.7	342	200	6	6	339	8	344	7.9e-53	204.1
BCW-200443_04751	gnl|TC-DB|Q9XIA9|4.C.1.1.14	26.0	628	379	20	1	545	40	664	3.8e-46	182.6
BCW-200443_04755	gnl|TC-DB|Q1CZJ4|1.B.14.10.3	39.2	181	106	2	26	204	38	216	3.6e-25	113.2
BCW-200443_04770	gnl|TC-DB|P25185|2.A.26.1.2	77.8	437	97	0	1	437	1	437	3.2e-181	630.9
BCW-200443_04776	gnl|TC-DB|X5GWN5|3.D.10.1.6	55.1	227	98	4	6	231	30	253	4.0e-69	257.7
BCW-200443_04777	gnl|TC-DB|X5H3P0|3.D.10.1.6	50.3	588	283	5	9	590	13	597	1.9e-168	589.0
BCW-200443_04781	gnl|TC-DB|P32705|2.A.21.7.2	78.6	551	116	2	2	552	1	549	7.6e-236	812.8
BCW-200443_04782	gnl|TC-DB|P0AF54|9.B.136.1.1	60.0	100	40	0	1	100	1	100	2.0e-28	121.3
BCW-200443_04783	gnl|TC-DB|Q9HZ04|3.A.1.12.12	65.5	281	95	2	3	281	4	284	8.2e-101	363.2
BCW-200443_04784	gnl|TC-DB|Q9I4H4|4.D.3.1.11	39.7	310	174	7	16	321	12	312	2.3e-56	216.5
BCW-200443_04799	gnl|TC-DB|Q1D027|1.A.1.24.3	53.4	262	122	0	8	269	14	275	1.2e-61	233.0
BCW-200443_04800	gnl|TC-DB|P0AG78|3.A.1.6.1	53.8	318	144	3	14	330	11	326	3.4e-98	354.8
BCW-200443_04802	gnl|TC-DB|P76628|2.A.1.36.3	38.4	370	224	3	1	368	14	381	2.8e-56	215.7
BCW-200443_04809	gnl|TC-DB|Q9F9T4|3.A.1.5.23	27.4	223	151	4	5	220	310	528	1.9e-18	89.4
BCW-200443_04810	gnl|TC-DB|Q9WXR3|3.A.1.5.29	34.7	242	156	2	16	257	25	264	1.1e-35	146.7
BCW-200443_04816	gnl|TC-DB|P16683|3.A.1.9.1	70.8	250	73	0	11	260	10	259	6.8e-102	366.7
BCW-200443_04817	gnl|TC-DB|P16682|3.A.1.9.1	60.1	313	121	2	22	331	25	336	4.6e-103	370.9
BCW-200443_04818	gnl|TC-DB|P16677|3.A.1.9.1	61.0	249	97	0	1	249	1	249	3.4e-75	278.1
BCW-200443_04824	gnl|TC-DB|Q9I3N2|9.B.14.1.7	83.2	653	110	0	7	659	2	654	0.0e+00	1103.2
BCW-200443_04827	gnl|TC-DB|Q9I3N5|9.B.14.2.4	85.2	244	36	0	5	248	2	245	2.3e-123	438.0
BCW-200443_04828	gnl|TC-DB|K6BIH6|3.A.1.107.4	89.6	221	23	0	2	222	3	223	3.9e-98	354.0
BCW-200443_04829	gnl|TC-DB|K6BJ24|3.A.1.107.4	68.3	205	65	0	3	207	5	209	1.5e-78	288.9
BCW-200443_04839	gnl|TC-DB|Q0ZAH7|2.A.37.1.3	40.9	557	326	1	5	558	10	566	1.4e-99	360.1
BCW-200443_04840	gnl|TC-DB|Q0IDE4|1.A.11.2.5	35.6	413	231	9	15	398	75	481	2.3e-56	216.1
BCW-200443_04851	gnl|TC-DB|Q93N33|2.A.21.9.2	29.0	362	219	11	229	567	740	1086	9.8e-24	108.6
BCW-200443_04856	gnl|TC-DB|P23894|9.B.1.1.6	47.3	298	140	4	1	292	1	287	1.3e-64	243.0
BCW-200443_04860	gnl|TC-DB|P38919|3.A.18.1.1	34.0	376	246	2	5	379	37	411	9.8e-58	221.1
BCW-200443_04888	gnl|TC-DB|P0A9T8|3.A.1.122.15	60.6	218	84	1	4	219	5	222	2.3e-66	248.4
BCW-200443_04889	gnl|TC-DB|P77504|3.A.1.122.15	32.3	811	504	10	15	813	4	781	5.7e-102	368.6
BCW-200443_04892	gnl|TC-DB|Q2SDB1|3.A.1.132.4	35.9	223	143	0	1	223	1	223	9.0e-37	150.6
BCW-200443_04901	gnl|TC-DB|P0AFN6|3.A.1.105.17	60.8	250	98	0	10	259	7	256	1.1e-83	306.2
BCW-200443_04902	gnl|TC-DB|P36879|3.A.1.105.17	68.0	303	96	1	1	303	1	302	2.8e-110	394.8
BCW-200443_04914	gnl|TC-DB|Q1D3D8|1.A.30.2.4	27.3	194	127	4	6	188	12	202	3.2e-12	68.6
BCW-200443_04917	gnl|TC-DB|Q7WTJ2|5.B.1.3.2	28.3	346	215	11	7	327	5	342	1.9e-29	127.1
BCW-200443_04920	gnl|TC-DB|P31133|3.A.1.11.2	45.0	367	200	2	1	366	4	369	1.1e-94	343.2
BCW-200443_04934	gnl|TC-DB|F8CM01|1.A.13.4.1	28.7	359	198	14	7	323	6	348	8.5e-18	87.8
BCW-200443_04945	gnl|TC-DB|P0A830|2.A.23.1.7	49.0	412	209	1	7	418	7	417	3.4e-106	381.7
BCW-200443_04960	gnl|TC-DB|Q8F3M7|3.A.15.4.1	34.3	341	202	9	120	454	184	508	6.0e-41	165.2
BCW-200443_04976	gnl|TC-DB|P0AG34|2.A.76.1.1	25.9	197	146	0	9	205	8	204	4.2e-14	74.7
BCW-200443_04985	gnl|TC-DB|Q5EPC8|3.A.7.11.1	47.6	666	303	7	40	703	37	658	2.0e-170	595.9
BCW-200443_04987	gnl|TC-DB|P0AAP1|9.B.34.1.2	36.1	341	208	5	5	338	32	369	2.6e-53	205.7
BCW-200443_05007	gnl|TC-DB|P70786|2.A.1.14.3	48.1	412	212	1	20	429	22	433	2.3e-110	395.6
BCW-200443_05008	gnl|TC-DB|Q51510|1.B.25.1.2	57.8	453	176	7	9	447	9	460	1.7e-145	512.3
BCW-200443_05011	gnl|TC-DB|P76242|2.A.1.17.3	55.3	380	169	1	11	389	13	392	5.7e-111	397.5
BCW-200443_05022	gnl|TC-DB|Q9I2M1|3.A.1.109.4	29.5	550	365	8	48	583	171	711	8.2e-55	211.5
BCW-200443_05025	gnl|TC-DB|Q9I2M0|3.A.1.109.4	32.9	434	234	10	20	443	3	389	1.1e-43	174.1
BCW-200443_05034	gnl|TC-DB|Q9HV74|2.A.21.9.1	24.2	356	225	11	44	386	651	974	8.0e-17	85.1
BCW-200443_05037	gnl|TC-DB|I3XAB3|2.A.109.1.5	37.7	215	121	5	2	208	1	210	4.4e-23	104.8
BCW-200443_05041	gnl|TC-DB|P42308|2.A.11.1.2	57.2	430	176	1	1	430	1	422	2.1e-132	468.8
BCW-200443_05071	gnl|TC-DB|Q9FI56|3.A.9.1.2	44.8	878	378	11	4	847	96	900	6.1e-200	694.1
BCW-200443_05074	gnl|TC-DB|P0AC02|1.B.33.1.3	40.0	240	142	2	2	240	3	241	6.3e-47	184.5
BCW-200443_05077	gnl|TC-DB|Q60148|3.A.15.2.1	31.2	141	86	4	1	131	1	140	9.7e-12	66.2
BCW-200443_05084	gnl|TC-DB|B8I766|9.B.105.1.5	36.8	155	86	6	13	163	3	149	4.1e-15	77.8
BCW-200443_05087	gnl|TC-DB|P37169|2.A.66.4.1	72.2	510	142	0	1	510	14	523	1.9e-209	724.9
BCW-200443_05101	gnl|TC-DB|Q9ZK21|1.C.82.1.1	50.7	227	112	0	3	229	4	230	8.2e-59	223.4
BCW-200443_05131	gnl|TC-DB|P0AGA2|3.A.5.1.1	63.8	442	155	2	1	437	1	442	2.5e-157	551.6
BCW-200443_05140	gnl|TC-DB|P77726|2.A.1.2.60	54.5	451	198	3	8	455	5	451	1.7e-124	442.6
BCW-200443_05148	gnl|TC-DB|P75770|4.D.2.4.3	47.9	313	158	3	9	318	7	317	1.5e-74	276.2
BCW-200443_05151	gnl|TC-DB|P77389|2.A.1.2.65	44.2	346	187	3	5	350	7	346	1.3e-67	253.4
BCW-200443_05152	gnl|TC-DB|P75783|1.A.23.3.2	26.8	578	386	13	132	687	176	738	2.0e-31	134.0
BCW-200443_05156	gnl|TC-DB|Q3K638|1.B.39.1.4	82.8	232	40	0	1	232	1	232	2.1e-110	394.8
BCW-200443_05158	gnl|TC-DB|Q6MNW8|3.A.1.136.2	47.6	422	218	3	1	421	2	421	9.9e-103	370.2
BCW-200443_05159	gnl|TC-DB|D6ZUW6|3.A.1.122.16	40.4	198	108	3	29	226	43	230	5.1e-32	134.4
BCW-200443_05175	gnl|TC-DB|Q8ZRP7|3.A.1.13.1	31.0	261	175	3	1	258	5	263	1.1e-24	110.2
BCW-200443_05176	gnl|TC-DB|P06129|1.B.14.3.1	30.1	604	383	18	19	605	22	603	2.8e-53	206.5
BCW-200443_05186	gnl|TC-DB|Q7V865|9.B.104.3.1	34.5	139	86	3	45	180	42	178	1.9e-13	72.4
BCW-200443_05195	gnl|TC-DB|P0ABP6|9.B.27.2.3	56.6	212	88	2	6	215	8	217	2.3e-63	238.4
BCW-200443_05199	gnl|TC-DB|Q53148|2.A.3.5.1	62.6	470	167	4	11	476	23	487	8.8e-156	546.6
BCW-200443_05201	gnl|TC-DB|Q9KN48|3.A.23.1.1	42.3	274	143	5	338	598	199	470	1.1e-44	177.9
BCW-200443_05209	gnl|TC-DB|P42102|2.A.122.1.7	36.1	219	128	3	22	234	13	225	2.5e-26	115.5
BCW-200443_05218	gnl|TC-DB|P0ABG7|2.A.103.1.2	53.3	366	164	3	18	380	7	368	9.3e-108	386.7
BCW-200443_05234	gnl|TC-DB|P0A2L3|9.A.40.1.2	52.4	275	124	3	1	269	1	274	1.3e-74	276.2
BCW-200443_05250	gnl|TC-DB|P69380|2.A.4.7.1	46.8	282	150	0	7	288	5	286	3.9e-69	258.1
BCW-200443_05259	gnl|TC-DB|p0aa70|2.A.7.3.22	55.9	290	127	1	9	297	7	296	4.0e-82	301.2
BCW-200443_05260	gnl|TC-DB|O00571|1.I.1.1.3	40.1	372	205	4	2	355	181	552	2.4e-67	252.7
BCW-200443_05291	gnl|TC-DB|M3JA40|1.B.52.2.1	50.0	106	51	1	331	434	268	373	1.9e-18	90.5
BCW-200443_05292	gnl|TC-DB|P0AG34|2.A.76.1.1	24.9	197	148	0	22	218	8	204	7.6e-14	73.9
BCW-200443_05311	gnl|TC-DB|Q9HR74|5.A.3.3.3	23.5	766	422	24	3	657	53	765	2.1e-29	128.3
BCW-200443_05347	gnl|TC-DB|Q9I3Y3|2.A.66.1.12	68.6	459	143	1	1	458	1	459	1.5e-173	605.5
BCW-200443_05350	gnl|TC-DB|Q0WML0|3.A.1.201.8	38.2	529	320	5	55	580	110	634	1.3e-92	337.0
BCW-200443_05352	gnl|TC-DB|P43672|3.A.1.120.6	49.0	643	312	3	1	640	1	630	3.4e-155	545.0
BCW-200443_05358	gnl|TC-DB|Q07711|3.A.7.7.1	24.1	556	364	18	111	628	103	638	1.7e-24	111.3
BCW-200443_05373	gnl|TC-DB|P75958|3.A.1.125.1	40.3	414	243	4	1	413	1	411	1.2e-68	256.9
BCW-200443_05374	gnl|TC-DB|P75957|3.A.1.125.1	59.2	223	91	0	9	231	3	225	2.3e-69	258.5
BCW-200443_05375	gnl|TC-DB|P75958|3.A.1.125.1	32.3	412	277	2	1	411	1	411	1.7e-59	226.5
BCW-200443_05389	gnl|TC-DB|P77389|2.A.1.2.65	40.7	371	218	2	22	390	9	379	2.4e-66	249.2
BCW-200443_05405	gnl|TC-DB|P37597|2.A.1.2.62	58.6	379	153	2	7	383	7	383	2.8e-115	411.8
BCW-200443_05406	gnl|TC-DB|B7V2E7|1.B.10.2.3	78.3	277	60	0	1	277	1	277	2.9e-135	477.6
BCW-200443_05407	gnl|TC-DB|Q46821|2.A.40.3.3	40.0	440	256	6	3	436	8	445	7.7e-78	287.7
BCW-200443_05411	gnl|TC-DB|P75798|3.A.1.5.11	35.0	306	194	1	8	313	4	304	2.8e-49	192.2
BCW-200443_05412	gnl|TC-DB|P42063|3.A.1.5.20	38.4	263	160	1	25	285	39	301	2.1e-48	189.1
BCW-200443_05413	gnl|TC-DB|Q93IU0|3.A.1.5.36	51.9	318	144	4	2	311	18	334	2.8e-81	298.5
BCW-200443_05414	gnl|TC-DB|P08007|3.A.1.5.1	48.1	324	164	3	3	322	11	334	7.7e-71	263.8
BCW-200443_05415	gnl|TC-DB|W0WLZ1|3.A.1.5.39	27.5	520	346	9	13	501	14	533	1.1e-42	171.0
BCW-200443_05441	gnl|TC-DB|H8E4X1|9.B.18.1.2	44.7	190	91	2	2	177	329	518	5.8e-37	150.6
BCW-200443_05444	gnl|TC-DB|Q6MMD5|9.B.18.2.1	47.9	643	303	6	11	652	14	625	3.3e-161	565.1
BCW-200443_05454	gnl|TC-DB|Q57134|3.A.11.2.2	52.8	72	34	0	37	108	40	111	1.0e-14	75.9
BCW-200443_05459	gnl|TC-DB|Q53148|2.A.3.5.1	38.6	440	248	8	3	435	36	460	8.3e-63	237.7
BCW-200443_05461	gnl|TC-DB|Q1M605|3.A.3.7.2	54.6	557	251	2	7	562	6	561	7.2e-165	577.0
BCW-200443_05462	gnl|TC-DB|Q1M606|3.A.3.7.2	64.6	670	224	6	27	684	17	685	1.1e-223	772.7
BCW-200443_05463	gnl|TC-DB|Q1M607|3.A.3.7.2	45.7	186	92	5	1	179	1	184	5.1e-32	134.0
BCW-200443_05478	gnl|TC-DB|P0AAP1|9.B.34.1.2	37.0	335	209	2	7	340	33	366	6.6e-60	227.6
BCW-200443_05489	gnl|TC-DB|P75853|3.A.1.17.10	33.7	306	190	7	9	306	6	306	8.9e-35	144.1
BCW-200443_05495	gnl|TC-DB|Q1D0D2|1.A.30.2.7	38.3	133	69	2	13	145	14	133	4.1e-19	90.9
BCW-200443_05496	gnl|TC-DB|P0ABU9|1.A.30.2.2	48.4	219	107	2	5	217	1	219	4.8e-43	171.0
BCW-200443_05515	gnl|TC-DB|O85763|3.A.1.17.2	44.1	306	164	6	7	310	13	313	9.7e-63	236.9
BCW-200443_05516	gnl|TC-DB|P75853|3.A.1.17.10	39.0	313	184	6	3	314	5	311	1.4e-53	206.5
BCW-200443_05520	gnl|TC-DB|B8H230|3.A.1.2.21	43.6	319	169	3	18	329	14	328	1.5e-53	206.5
BCW-200443_05521	gnl|TC-DB|B8H228|3.A.1.2.21	30.5	298	197	6	9	298	18	313	4.2e-26	115.2
BCW-200443_05522	gnl|TC-DB|G4FGN3|3.A.1.2.20	42.7	490	276	4	14	501	4	490	8.0e-99	357.5
BCW-200443_05527	gnl|TC-DB|P31122|2.A.1.2.15	57.1	387	166	0	1	387	1	387	4.2e-111	397.9
BCW-200443_05529	gnl|TC-DB|P39836|2.A.28.3.4	59.1	328	124	5	9	331	8	330	2.6e-98	355.1
BCW-200443_05539	gnl|TC-DB|G3LHZ3|3.A.1.1.35	67.7	564	171	5	20	576	8	567	6.8e-227	783.1
BCW-200443_05541	gnl|TC-DB|G3LHZ1|3.A.1.1.35	81.2	261	48	1	6	266	14	273	1.8e-121	431.8
BCW-200443_05542	gnl|TC-DB|G3LHZ0|3.A.1.1.35	69.3	287	88	0	1	287	1	287	2.5e-113	404.8
BCW-200443_05543	gnl|TC-DB|G3LHY9|3.A.1.1.35	54.3	359	155	3	1	359	1	350	7.8e-112	400.2
BCW-200443_05544	gnl|TC-DB|G3LHY8|3.A.1.1.35	46.3	356	191	0	3	358	2	357	3.0e-87	318.5
BCW-200443_05545	gnl|TC-DB|Q9KN48|3.A.23.1.1	39.7	239	136	3	304	537	191	426	9.7e-43	171.4
BCW-200443_05564	gnl|TC-DB|B2UHN5|2.A.49.9.2	63.3	267	92	1	1	267	147	407	4.6e-86	314.3
BCW-200443_05567	gnl|TC-DB|M3JA40|1.B.52.2.1	51.8	112	47	1	351	455	253	364	1.5e-18	90.9
BCW-200443_05571	gnl|TC-DB|P0AAC6|1.A.14.2.1	57.8	206	86	1	17	222	15	219	1.6e-54	209.1
BCW-200443_05578	gnl|TC-DB|Q8F192|1.A.30.2.9	38.9	193	116	2	31	222	67	258	1.0e-27	120.2
BCW-200443_05579	gnl|TC-DB|A6XWX0|3.A.11.2.3	28.1	747	465	23	1	714	15	722	8.2e-52	201.8
BCW-200443_05583	gnl|TC-DB|Q93N33|2.A.21.9.2	28.2	341	212	8	234	560	746	1067	2.9e-22	104.0
BCW-200443_05607	gnl|TC-DB|P46889|3.A.12.1.2	62.1	491	180	2	308	797	840	1325	5.4e-166	581.3
BCW-200443_05611	gnl|TC-DB|Q9SXJ7|3.A.9.1.2	40.4	812	388	15	12	742	128	924	5.1e-158	554.7
BCW-200443_05626	gnl|TC-DB|P0AFC3|3.D.1.1.1	65.2	132	45	1	1	132	3	133	1.1e-42	169.1
BCW-200443_05627	gnl|TC-DB|P0AFC7|3.D.1.1.1	77.2	224	47	1	1	224	1	220	1.8e-106	381.7
BCW-200443_05628	gnl|TC-DB|P33599|3.D.1.1.1	76.0	580	137	2	16	594	18	596	5.2e-283	969.5
BCW-200443_05629	gnl|TC-DB|P0AFD1|3.D.1.1.1	69.6	158	48	0	7	164	8	165	7.2e-65	243.0
BCW-200443_05630	gnl|TC-DB|P31979|3.D.1.1.1	78.0	422	91	1	12	433	4	423	3.4e-202	700.7
BCW-200443_05631	gnl|TC-DB|P33602|3.D.1.1.1	64.4	908	319	2	1	904	1	908	0.0e+00	1216.4
BCW-200443_05632	gnl|TC-DB|P0AFD4|3.D.1.1.1	71.8	326	87	3	1	326	1	321	3.3e-133	471.1
BCW-200443_05633	gnl|TC-DB|P0AFD6|3.D.1.1.1	82.4	176	31	0	7	182	5	180	6.7e-72	266.5
BCW-200443_05634	gnl|TC-DB|P0AFE0|3.D.1.1.1	65.0	163	56	1	1	163	1	162	7.8e-51	196.4
BCW-200443_05635	gnl|TC-DB|P0AFE4|3.D.1.1.1	53.5	99	46	0	4	102	2	100	5.1e-21	96.7
BCW-200443_05636	gnl|TC-DB|P33607|3.D.1.1.1	68.5	615	191	2	1	615	1	612	2.5e-235	811.2
BCW-200443_05637	gnl|TC-DB|P0AFE8|3.D.1.1.1	71.3	502	139	3	1	499	1	500	1.0e-202	702.6
BCW-200443_05638	gnl|TC-DB|P0AFF0|3.D.1.1.1	54.3	486	216	2	1	484	1	482	1.9e-137	485.7
BCW-200443_05647	gnl|TC-DB|P76269|2.A.1.3.17	50.1	447	217	2	5	447	6	450	9.4e-107	383.6
BCW-200443_05658	gnl|TC-DB|F5SU14|2.A.85.7.2	37.5	192	116	1	11	198	8	199	5.4e-33	138.3
BCW-200443_05660	gnl|TC-DB|O31711|3.A.1.122.2	51.6	217	104	1	11	227	1	216	5.4e-58	220.7
BCW-200443_05661	gnl|TC-DB|O31712|3.A.1.122.2	25.9	402	282	6	8	399	2	397	2.4e-29	126.3
BCW-200443_05665	gnl|TC-DB|P21630|3.A.1.4.8	49.8	231	108	3	23	253	10	232	3.5e-50	194.9
BCW-200443_05668	gnl|TC-DB|Q8DQI0|3.A.1.4.10	27.4	299	204	4	1	293	1	292	8.3e-24	107.5
BCW-200443_05669	gnl|TC-DB|Q8DQH8|3.A.1.4.10	35.2	250	162	0	4	253	2	251	1.1e-43	173.3
BCW-200443_05675	gnl|TC-DB|Q9UYQ7|2.A.7.3.47	30.2	278	171	9	15	284	6	268	1.5e-18	90.1
BCW-200443_05676	gnl|TC-DB|Q52978|2.A.63.1.1	59.1	977	382	6	3	972	32	997	0.0e+00	1088.2
BCW-200443_05677	gnl|TC-DB|Q52980|2.A.63.1.1	68.1	113	36	0	1	113	1	113	2.8e-36	147.5
BCW-200443_05678	gnl|TC-DB|Q52981|2.A.63.1.1	50.1	535	250	5	2	533	3	523	2.0e-127	452.6
BCW-200443_05680	gnl|TC-DB|Q52983|2.A.63.1.1	56.5	85	37	0	8	92	8	92	6.3e-18	86.3
BCW-200443_05681	gnl|TC-DB|Q9Z3Q3|2.A.63.1.1	40.2	97	58	0	2	98	7	103	1.9e-13	71.6
BCW-200443_05693	gnl|TC-DB|P0AEJ0|2.A.1.3.2	51.1	493	237	2	12	500	12	504	6.7e-138	487.3
BCW-200443_05694	gnl|TC-DB|P27303|8.A.1.1.1	45.3	349	190	1	43	391	42	389	7.0e-82	300.8
BCW-200443_05695	gnl|TC-DB|P24126|1.B.17.3.2	35.9	370	224	5	3	364	9	373	2.5e-57	219.5
BCW-200443_05697	gnl|TC-DB|P39321|9.B.22.1.2	26.1	1300	835	41	5	1223	5	1259	8.7e-99	358.6
BCW-200443_05698	gnl|TC-DB|P0ADE4|1.B.33.2.4	33.1	574	368	8	12	575	10	577	7.7e-90	327.8
