BCW-200150_00013	gnl|TC-DB|P43672|3.A.1.120.6	34.2	518	328	8	12	520	12	525	8.7e-79	291.2
BCW-200150_00032	gnl|TC-DB|Q6MMK1|2.A.6.6.11	36.9	406	236	9	1	394	15	412	1.3e-62	236.9
BCW-200150_00042	gnl|TC-DB|Q9AET8|3.A.5.10.1	32.7	523	318	12	13	520	6	509	3.7e-70	262.3
BCW-200150_00045	gnl|TC-DB|Q9AET6|3.A.5.10.1	42.3	797	438	12	4	789	8	793	9.7e-168	587.0
BCW-200150_00083	gnl|TC-DB|Q48658|2.A.1.2.5	37.0	403	254	0	1	403	1	403	1.1e-74	276.9
BCW-200150_00084	gnl|TC-DB|Q48658|2.A.1.2.5	90.2	408	40	0	1	408	1	408	1.7e-187	651.7
BCW-200150_00107	gnl|TC-DB|Q8RKC1|3.A.1.122.3	36.3	215	131	3	3	212	2	215	6.9e-31	130.6
BCW-200150_00110	gnl|TC-DB|P0A6W3|9.B.146.1.6	35.4	347	186	9	1	323	22	354	4.8e-44	174.9
BCW-200150_00116	gnl|TC-DB|K8ZBV5|1.A.78.2.8	34.2	190	123	2	1	188	1	190	1.0e-19	93.2
BCW-200150_00119	gnl|TC-DB|J8IXD8|1.C.109.1.5	60.4	270	102	2	2	268	5	272	1.0e-84	309.7
BCW-200150_00126	gnl|TC-DB|P05425|3.A.3.5.2	48.7	634	305	12	75	691	115	745	4.9e-147	518.1
BCW-200150_00143	gnl|TC-DB|P12681|2.A.1.4.2	30.8	451	298	6	1	447	1	441	4.4e-56	215.3
BCW-200150_00145	gnl|TC-DB|Q9FI56|3.A.9.1.2	52.9	666	285	9	107	744	257	921	3.0e-187	651.7
BCW-200150_00151	gnl|TC-DB|Q8RCC4|3.A.1.3.27	39.2	265	151	6	1	264	1	256	4.8e-42	167.9
BCW-200150_00157	gnl|TC-DB|F9LXW4|2.A.87.2.3	46.8	186	94	1	4	189	2	182	7.5e-37	150.2
BCW-200150_00161	gnl|TC-DB|Q835V4|3.A.3.23.2	50.5	772	374	3	4	772	30	796	1.1e-208	723.0
BCW-200150_00165	gnl|TC-DB|Q02YV9|9.A.24.1.7	84.4	160	24	1	1	160	1	159	8.8e-68	252.7
BCW-200150_00168	gnl|TC-DB|M2X3K0|9.B.115.1.1	36.5	233	126	8	29	250	4	225	9.6e-24	107.1
BCW-200150_00182	gnl|TC-DB|Q7X5P3|3.A.7.19.1	35.0	483	273	9	14	478	38	497	1.4e-74	276.9
BCW-200150_00188	gnl|TC-DB|Q5G3M3|3.A.7.19.1	58.0	157	53	4	1	151	1	150	2.7e-42	167.9
BCW-200150_00191	gnl|TC-DB|P12012|2.A.8.1.1	51.1	421	185	2	50	470	49	448	3.3e-107	385.2
BCW-200150_00198	gnl|TC-DB|Q5G3M3|3.A.7.19.1	56.6	166	56	3	1	166	1	150	6.6e-42	166.8
BCW-200150_00201	gnl|TC-DB|K7VV21|2.A.3.1.18	98.6	488	7	0	1	488	1	488	4.3e-259	889.8
BCW-200150_00212	gnl|TC-DB|Q18BL2|3.A.1.124.6	30.6	180	111	4	16	181	24	203	1.0e-12	70.1
BCW-200150_00226	gnl|TC-DB|M2X4H1|2.A.102.4.9	28.0	271	164	4	11	275	72	317	1.4e-12	70.1
BCW-200150_00241	gnl|TC-DB|C2UR80|2.A.1.46.5	29.6	405	267	6	1	405	14	400	1.3e-35	147.1
BCW-200150_00254	gnl|TC-DB|A9BJX0|3.A.3.2.21	38.6	905	509	13	5	888	4	882	2.2e-160	562.8
BCW-200150_00285	gnl|TC-DB|G2JS07|3.A.14.1.2	47.5	141	70	2	21	157	132	272	2.1e-29	125.6
BCW-200150_00286	gnl|TC-DB|P25954|3.A.14.1.1	24.4	270	192	3	78	335	51	320	2.8e-15	79.3
BCW-200150_00293	gnl|TC-DB|O05703|3.A.1.15.3	43.8	306	144	6	1	278	1	306	9.0e-60	226.9
BCW-200150_00294	gnl|TC-DB|P0A2U6|3.A.1.15.3	71.9	231	65	0	1	231	1	231	1.2e-100	362.5
BCW-200150_00295	gnl|TC-DB|O33704|3.A.1.15.3	64.6	268	95	0	1	268	1	268	1.9e-86	315.5
BCW-200150_00301	gnl|TC-DB|B9DIS8|9.B.97.5.1	34.1	618	336	13	4	590	18	595	4.8e-82	302.0
BCW-200150_00305	gnl|TC-DB|Q97NG5|2.A.66.1.34	44.0	414	224	3	17	428	3	410	4.3e-85	311.6
BCW-200150_00306	gnl|TC-DB|B1MZU9|1.A.22.1.8	54.8	126	50	4	1	122	1	123	1.7e-23	105.1
BCW-200150_00329	gnl|TC-DB|P16336|3.A.5.2.1	47.3	438	217	5	3	434	2	431	1.3e-105	379.8
BCW-200150_00350	gnl|TC-DB|O34406|3.A.1.3.13	30.9	217	138	5	54	267	50	257	2.2e-21	99.4
BCW-200150_00353	gnl|TC-DB|P22094|1.A.8.2.2	98.3	289	5	0	1	289	1	289	8.5e-162	565.8
BCW-200150_00366	gnl|TC-DB|F2HL56|2.A.3.2.11	99.6	526	2	0	1	526	1	526	5.6e-289	989.2
BCW-200150_00370	gnl|TC-DB|F2HL52|2.A.3.2.10	99.6	497	2	0	1	497	1	497	2.4e-273	937.2
BCW-200150_00382	gnl|TC-DB|Q8VUH2|3.A.1.134.2	37.3	193	114	4	5	193	14	203	3.4e-27	118.2
BCW-200150_00397	gnl|TC-DB|Q60048|3.A.3.6.8	39.5	562	299	13	17	543	93	648	4.6e-88	322.0
BCW-200150_00399	gnl|TC-DB|Q9ZK21|1.C.82.1.1	55.5	227	100	1	1	226	1	227	9.3e-63	236.5
BCW-200150_00404	gnl|TC-DB|P55339|3.A.1.143.1	60.3	239	95	0	1	239	3	241	1.8e-83	305.4
BCW-200150_00406	gnl|TC-DB|F2MU33|9.B.158.1.3	54.5	209	91	2	2	206	1	209	1.4e-57	219.2
BCW-200150_00451	gnl|TC-DB|P24518|4.B.1.1.1	29.4	367	227	11	14	371	64	407	2.3e-34	142.9
BCW-200150_00452	gnl|TC-DB|P77735|8.A.5.1.6	31.7	331	195	11	13	331	1	312	1.3e-33	140.2
BCW-200150_00454	gnl|TC-DB|Q9X761|2.A.2.2.3	96.8	462	15	0	1	462	1	462	1.8e-243	837.8
BCW-200150_00469	gnl|TC-DB|K0WKG7|4.F.1.1.8	38.0	184	89	6	5	178	3	171	6.2e-20	94.0
BCW-200150_00476	gnl|TC-DB|P39803|2.A.115.1.1	37.9	272	167	2	33	304	8	277	1.0e-48	190.3
BCW-200150_00477	gnl|TC-DB|C8X4B7|2.A.115.1.5	29.6	274	187	4	12	283	18	287	9.1e-31	130.6
BCW-200150_00478	gnl|TC-DB|P94357|2.A.115.1.2	34.1	273	177	1	6	278	2	271	7.1e-39	157.5
BCW-200150_00489	gnl|TC-DB|O05469|2.A.77.1.1	41.7	204	118	1	4	206	5	208	2.1e-37	152.1
BCW-200150_00511	gnl|TC-DB|P26235|2.A.37.2.1	45.0	373	202	1	7	376	7	379	8.2e-72	267.3
BCW-200150_00514	gnl|TC-DB|P96593|2.A.55.3.3	32.1	411	252	11	16	415	31	425	9.3e-37	151.0
BCW-200150_00517	gnl|TC-DB|A0M015|1.A.62.2.1	33.6	211	124	3	6	215	7	202	9.9e-30	126.7
BCW-200150_00521	gnl|TC-DB|Q8L1D1|3.A.7.14.1	42.8	173	90	4	305	473	202	369	9.7e-30	127.9
BCW-200150_00532	gnl|TC-DB|Q9ZKE4|3.A.11.3.1	34.8	575	330	13	178	741	46	586	1.0e-73	274.6
BCW-200150_00586	gnl|TC-DB|I8HVR5|1.E.13.1.3	70.0	100	30	0	1	100	1	100	2.0e-37	151.4
BCW-200150_00596	gnl|TC-DB|C5L569|9.B.106.3.3	34.0	209	114	6	16	212	245	441	1.1e-20	98.2
BCW-200150_00607	gnl|TC-DB|P42670|2.A.1.3.11	30.1	409	261	9	11	400	28	430	5.3e-38	155.2
BCW-200150_00637	gnl|TC-DB|D8RWR9|1.C.39.4.5	36.3	157	80	2	65	221	478	614	4.2e-17	86.3
BCW-200150_00644	gnl|TC-DB|Q07733|3.A.1.5.10	98.2	282	5	0	1	282	57	338	2.8e-154	540.8
BCW-200150_00645	gnl|TC-DB|P0A2V4|3.A.1.5.10	97.8	319	7	0	1	319	1	319	4.6e-177	616.7
BCW-200150_00646	gnl|TC-DB|P0A4N7|3.A.1.5.10	95.6	319	14	0	1	319	1	319	4.8e-174	606.7
BCW-200150_00647	gnl|TC-DB|P0A4N9|3.A.1.5.10	98.0	294	6	0	1	294	1	294	5.1e-154	540.0
BCW-200150_00648	gnl|TC-DB|Q9CEK0|3.A.1.5.10	98.3	602	8	1	1	602	1	600	0.0e+00	1147.9
BCW-200150_00651	gnl|TC-DB|P54428|9.A.40.2.1	42.2	434	238	6	3	429	4	431	1.6e-84	309.7
BCW-200150_00663	gnl|TC-DB|F2HN33|2.A.3.1.22	99.6	449	2	0	1	449	1	449	1.2e-239	825.1
BCW-200150_00670	gnl|TC-DB|O32095|2.A.86.1.8	33.6	345	223	4	5	348	4	343	4.4e-46	181.8
BCW-200150_00671	gnl|TC-DB|P54428|9.A.40.2.1	31.6	392	257	5	13	393	4	395	1.9e-51	199.9
BCW-200150_00676	gnl|TC-DB|P39282|2.A.3.7.5	45.1	510	244	10	4	502	3	487	8.8e-114	407.1
BCW-200150_00677	gnl|TC-DB|Q5EAK4|2.A.16.2.2	28.7	362	212	11	3	336	1367	1710	1.2e-26	117.9
BCW-200150_00681	gnl|TC-DB|Q00758|2.A.66.2.14	28.4	211	141	5	21	230	2	203	6.9e-11	65.5
BCW-200150_00689	gnl|TC-DB|P73544|3.A.1.3.12	43.4	212	114	3	2	212	299	505	2.4e-34	142.1
BCW-200150_00690	gnl|TC-DB|Q9CES4|3.A.1.3.25	64.4	239	85	0	6	244	7	245	2.7e-84	308.1
BCW-200150_00693	gnl|TC-DB|B1W1L9|3.A.1.5.37	28.0	243	146	8	4	227	8	240	1.5e-16	83.2
BCW-200150_00705	gnl|TC-DB|A2RMJ9|3.A.1.25.4	92.1	189	15	0	1	189	1	189	4.2e-93	337.0
BCW-200150_00708	gnl|TC-DB|K4IPL7|2.A.45.2.6	26.7	389	252	7	24	387	12	392	1.5e-23	107.1
BCW-200150_00711	gnl|TC-DB|C9XJX0|3.A.1.147.6	30.9	230	156	1	3	229	23	252	1.8e-32	136.3
BCW-200150_00713	gnl|TC-DB|G2JTB5|3.A.11.1.4	38.7	212	112	4	4	212	12	208	6.8e-31	130.6
BCW-200150_00714	gnl|TC-DB|Q8DQ40|3.A.11.1.2	42.2	538	292	7	8	531	10	542	1.3e-99	360.1
BCW-200150_00715	gnl|TC-DB|Q8DQ40|3.A.11.1.2	44.0	193	107	1	1	193	555	746	9.0e-43	169.9
BCW-200150_00718	gnl|TC-DB|P21903|3.A.2.1.2	29.0	231	147	6	10	233	61	281	9.4e-18	87.0
BCW-200150_00721	gnl|TC-DB|P29706|3.A.2.1.2	61.2	497	190	2	1	495	1	496	5.5e-169	590.5
BCW-200150_00722	gnl|TC-DB|P0ABA6|3.A.2.1.1	36.2	287	182	1	3	289	2	287	1.3e-45	179.9
BCW-200150_00723	gnl|TC-DB|P50002|3.A.2.1.5	70.3	464	133	3	4	467	6	464	1.7e-183	638.6
BCW-200150_00727	gnl|TC-DB|Q9CES4|3.A.1.3.25	100.0	247	0	0	1	247	1	247	7.3e-138	486.1
BCW-200150_00728	gnl|TC-DB|Q9CES5|3.A.1.3.25	99.6	714	3	0	1	714	1	714	0.0e+00	1337.4
BCW-200150_00729	gnl|TC-DB|P0ABP6|9.B.27.2.3	39.4	193	116	1	26	218	27	218	1.4e-39	159.5
BCW-200150_00732	gnl|TC-DB|Q3SAW5|2.A.7.21.4	97.7	307	7	0	1	307	1	307	7.9e-166	579.3
BCW-200150_00739	gnl|TC-DB|F2HM70|3.A.1.134.10	99.6	259	1	0	1	259	1	259	5.8e-138	486.5
BCW-200150_00740	gnl|TC-DB|F2HM69|3.A.1.134.10	99.6	667	3	0	1	667	1	667	0.0e+00	1182.5
BCW-200150_00749	gnl|TC-DB|Q6MDD6|3.A.7.16.1	33.1	741	439	16	9	729	6	709	1.2e-96	350.9
BCW-200150_00753	gnl|TC-DB|A3CPR5|1.A.14.2.6	48.2	224	115	1	7	230	2	224	1.0e-48	189.9
BCW-200150_00758	gnl|TC-DB|P31466|2.A.40.7.6	36.2	470	258	6	1	470	15	442	1.1e-70	263.8
BCW-200150_00770	gnl|TC-DB|O51234|3.A.1.7.5	37.5	275	161	5	27	295	18	287	1.0e-40	163.7
BCW-200150_00771	gnl|TC-DB|P0A627|3.A.1.7.4	31.4	258	160	5	20	277	43	283	8.2e-27	117.5
BCW-200150_00772	gnl|TC-DB|O51236|3.A.1.7.5	56.5	253	109	1	17	269	9	260	1.9e-78	288.9
BCW-200150_00773	gnl|TC-DB|O51236|3.A.1.7.5	59.9	252	101	0	2	253	9	260	7.8e-87	316.6
BCW-200150_00781	gnl|TC-DB|D2BKY9|4.A.6.1.11	99.7	307	1	0	1	307	1	307	9.3e-175	609.0
BCW-200150_00782	gnl|TC-DB|D2BKY8|4.A.6.1.11	99.6	270	1	0	1	270	1	270	2.9e-140	494.2
BCW-200150_00783	gnl|TC-DB|D2BKY7|4.A.6.1.11	100.0	329	0	0	1	329	1	329	2.1e-180	627.9
BCW-200150_00789	gnl|TC-DB|F2HL33|2.A.3.7.7	99.3	449	3	0	1	449	1	449	6.4e-249	855.9
BCW-200150_00792	gnl|TC-DB|R7QS55|3.A.1.17.9	28.4	612	372	12	23	583	135	731	4.5e-61	232.3
BCW-200150_00793	gnl|TC-DB|P38045|3.A.1.16.1	41.7	230	128	4	28	254	25	251	6.3e-47	184.1
BCW-200150_00804	gnl|TC-DB|Q8DT26|3.A.1.1.27	51.1	282	131	5	5	284	2	278	1.9e-73	272.3
BCW-200150_00805	gnl|TC-DB|Q8DT27|3.A.1.1.27	52.5	442	200	5	16	452	14	450	9.3e-115	410.2
BCW-200150_00810	gnl|TC-DB|Q07837|8.A.9.1.2	36.9	187	91	4	65	232	140	318	2.4e-29	126.7
BCW-200150_00811	gnl|TC-DB|Q07837|8.A.9.1.2	30.7	524	272	17	4	482	124	601	5.9e-68	255.0
BCW-200150_00818	gnl|TC-DB|Q9UEF7|8.A.49.1.1	27.6	485	295	14	3	471	61	505	2.7e-40	162.9
BCW-200150_00819	gnl|TC-DB|P49022|9.B.74.1.1	94.6	901	49	0	1	901	1	901	0.0e+00	1229.2
BCW-200150_00825	gnl|TC-DB|A8ALD3|2.A.49.5.5	33.3	436	262	13	14	429	33	459	1.5e-49	193.7
BCW-200150_00834	gnl|TC-DB|P21458|3.A.12.1.1	44.0	768	358	12	42	756	32	780	3.7e-148	521.9
BCW-200150_00853	gnl|TC-DB|Q9X051|3.A.1.2.19	47.1	497	252	3	3	488	13	509	1.7e-122	436.0
BCW-200150_00854	gnl|TC-DB|A6VKS9|3.A.1.2.13	50.8	303	147	1	13	313	18	320	3.5e-76	281.6
BCW-200150_00855	gnl|TC-DB|A6VKT0|3.A.1.2.13	43.9	253	142	0	51	303	27	279	1.7e-54	209.5
BCW-200150_00856	gnl|TC-DB|A2RJJ9|2.A.1.3.37	97.5	476	12	0	1	476	1	476	2.2e-239	824.3
BCW-200150_00860	gnl|TC-DB|Q6D188|2.A.2.5.2	27.3	490	342	6	22	502	12	496	3.1e-58	222.6
BCW-200150_00865	gnl|TC-DB|B7LDS1|4.A.7.1.2	35.4	144	93	0	496	639	1	144	1.2e-22	104.8
BCW-200150_00867	gnl|TC-DB|C8TA54|4.A.7.1.4	49.5	420	206	5	4	422	1	415	7.3e-107	384.0
BCW-200150_00870	gnl|TC-DB|P22094|1.A.8.2.2	51.6	289	136	3	1	286	1	288	1.2e-83	306.2
BCW-200150_00874	gnl|TC-DB|P0AFV2|9.B.20.1.4	42.2	199	104	2	10	197	4	202	9.5e-36	146.7
BCW-200150_00878	gnl|TC-DB|P0AGD7|3.A.5.1.1	49.2	427	216	1	3	428	2	428	1.2e-110	396.7
BCW-200150_00887	gnl|TC-DB|Q8DNK3|2.A.4.1.7	45.1	275	151	0	25	299	10	284	3.1e-66	248.4
BCW-200150_00891	gnl|TC-DB|Q9CF78|2.A.40.1.2	100.0	430	0	0	1	430	1	430	1.2e-231	798.5
BCW-200150_00921	gnl|TC-DB|O66515|1.A.11.1.5	45.8	408	207	7	1	405	25	421	1.6e-92	336.3
BCW-200150_00938	gnl|TC-DB|Q8VRK4|3.A.11.1.3	42.9	203	110	3	75	276	65	262	1.4e-36	149.8
BCW-200150_00946	gnl|TC-DB|Q8RD07|3.A.1.23.5	29.5	241	154	7	3	236	4	235	8.7e-17	84.0
BCW-200150_00968	gnl|TC-DB|Q1M607|3.A.3.7.2	41.8	194	99	2	4	197	1	180	1.4e-33	139.4
BCW-200150_00969	gnl|TC-DB|Q1M606|3.A.3.7.2	57.7	688	275	6	3	682	4	683	4.6e-206	714.1
BCW-200150_00970	gnl|TC-DB|Q1M605|3.A.3.7.2	43.0	577	304	5	2	575	7	561	2.7e-119	425.6
BCW-200150_00989	gnl|TC-DB|P31552|4.C.1.1.6	21.8	514	338	16	1160	1629	23	516	9.5e-16	83.6
BCW-200150_00992	gnl|TC-DB|Q9X432|3.A.1.130.1	27.2	313	179	12	2	278	3	302	5.1e-18	88.2
BCW-200150_00996	gnl|TC-DB|P31552|4.C.1.1.6	21.2	491	315	12	37	468	39	516	1.5e-12	74.3
BCW-200150_01003	gnl|TC-DB|O32095|2.A.86.1.8	31.2	327	223	2	42	368	25	349	1.2e-38	157.1
BCW-200150_01009	gnl|TC-DB|Q835V4|3.A.3.23.2	34.0	783	472	10	8	774	30	783	1.7e-109	393.7
BCW-200150_01014	gnl|TC-DB|P14319|2.A.7.1.1	46.4	69	37	0	4	72	39	107	2.8e-13	70.5
BCW-200150_01017	gnl|TC-DB|Q97Q45|3.A.1.11.7	51.4	354	170	2	1	353	1	353	1.4e-110	396.0
BCW-200150_01018	gnl|TC-DB|Q97Q44|3.A.1.11.7	66.5	248	83	0	10	257	7	254	3.5e-85	311.2
BCW-200150_01019	gnl|TC-DB|Q97Q43|3.A.1.11.7	64.6	263	91	1	2	262	12	274	2.9e-92	334.7
BCW-200150_01020	gnl|TC-DB|Q97Q42|3.A.1.11.7	79.2	375	77	1	1	374	1	375	5.4e-173	603.6
BCW-200150_01022	gnl|TC-DB|A2RKV5|2.A.88.5.2	91.0	199	18	0	1	199	24	222	9.8e-93	335.9
BCW-200150_01037	gnl|TC-DB|P42086|2.A.40.3.1	49.1	422	211	2	15	432	7	428	2.4e-104	375.6
BCW-200150_01043	gnl|TC-DB|G2JTB4|3.A.11.1.4	38.2	136	81	3	11	146	7	139	1.6e-23	105.5
BCW-200150_01053	gnl|TC-DB|P40739|4.A.1.2.11	34.4	640	367	12	8	639	5	599	8.2e-88	321.2
BCW-200150_01067	gnl|TC-DB|O69916|9.B.111.1.2	37.0	527	300	11	76	595	67	568	1.3e-75	281.2
BCW-200150_01072	gnl|TC-DB|F2HJG8|2.A.3.7.6	99.0	488	5	0	1	488	1	488	2.7e-277	950.3
BCW-200150_01079	gnl|TC-DB|Q58206|3.A.1.122.14	48.2	224	107	2	4	218	2	225	4.1e-50	194.5
BCW-200150_01085	gnl|TC-DB|A2RL86|2.A.49.9.4	97.0	403	12	0	1	403	1	403	1.1e-215	745.3
BCW-200150_01090	gnl|TC-DB|C9RH03|2.A.109.3.1	49.4	338	159	5	4	339	10	337	6.2e-79	290.8
BCW-200150_01093	gnl|TC-DB|Q8CWM9|3.A.11.1.2	52.3	396	175	3	56	438	37	431	3.8e-113	404.8
BCW-200150_01094	gnl|TC-DB|G2JSZ8|3.A.11.1.4	39.4	221	126	5	1	216	1	218	2.7e-35	145.2
BCW-200150_01100	gnl|TC-DB|Q89K67|2.A.55.2.6	44.9	450	224	6	18	467	23	448	4.1e-87	318.5
BCW-200150_01121	gnl|TC-DB|Q83XH1|3.A.1.121.4	30.8	539	345	4	7	533	5	527	2.3e-74	276.6
BCW-200150_01130	gnl|TC-DB|Q55487|4.D.2.1.9	39.5	314	180	5	1	313	1	305	7.1e-53	204.1
BCW-200150_01135	gnl|TC-DB|B8I766|9.B.105.1.5	36.8	144	86	4	4	144	1	142	4.7e-15	77.4
BCW-200150_01140	gnl|TC-DB|A3CLT2|1.A.35.3.4	41.1	299	175	1	3	300	4	302	3.9e-61	231.5
BCW-200150_01146	gnl|TC-DB|Q45064|9.B.31.1.2	45.5	200	99	2	1	200	1	190	1.4e-36	149.4
BCW-200150_01152	gnl|TC-DB|P0A9R7|3.A.1.140.1	42.8	215	123	0	3	217	1	215	4.1e-50	194.5
BCW-200150_01156	gnl|TC-DB|P35839|1.A.16.2.1	30.7	267	168	3	3	252	7	273	2.3e-28	122.5
BCW-200150_01159	gnl|TC-DB|Q8RME1|3.A.1.126.1	37.0	289	180	2	4	291	1	288	5.5e-52	201.1
BCW-200150_01165	gnl|TC-DB|Q3K0G6|4.A.2.1.20	68.0	654	189	4	1	634	1	654	4.6e-237	817.0
BCW-200150_01170	gnl|TC-DB|G4NXA5|1.A.33.1.4	73.9	605	156	1	1	605	1	603	9.8e-245	842.4
BCW-200150_01186	gnl|TC-DB|P39456|3.A.1.3.14	53.5	241	111	1	1	240	1	241	4.7e-68	254.2
BCW-200150_01187	gnl|TC-DB|O34315|3.A.1.3.13	34.8	227	142	1	44	270	3	223	5.4e-31	131.3
BCW-200150_01188	gnl|TC-DB|O34406|3.A.1.3.13	28.0	275	179	7	2	273	4	262	4.7e-24	108.2
BCW-200150_01198	gnl|TC-DB|Q7A3S4|2.A.1.3.61	32.3	477	308	5	20	494	6	469	1.0e-69	260.8
BCW-200150_01207	gnl|TC-DB|O07032|2.A.24.2.2	99.8	425	1	0	1	425	1	425	2.6e-228	787.3
BCW-200150_01209	gnl|TC-DB|O54396|3.A.1.121.2	26.5	528	319	10	1	512	1	475	2.0e-41	166.8
BCW-200150_01215	gnl|TC-DB|P07373|2.A.103.1.3	28.1	377	238	11	16	384	9	360	1.2e-28	124.0
BCW-200150_01218	gnl|TC-DB|F4K2G0|3.D.1.8.1	40.0	170	70	5	23	188	103	244	4.7e-23	104.4
BCW-200150_01225	gnl|TC-DB|P07373|2.A.103.1.3	32.9	389	225	8	6	388	3	361	1.6e-41	166.8
BCW-200150_01232	gnl|TC-DB|P40410|3.A.1.14.15	37.0	322	197	3	8	323	6	327	3.5e-47	185.3
BCW-200150_01233	gnl|TC-DB|P40411|3.A.1.14.15	32.8	314	203	2	4	313	17	326	1.1e-45	180.3
BCW-200150_01235	gnl|TC-DB|Q9RCF3|3.A.1.14.6	45.3	254	138	1	6	258	21	274	3.9e-65	244.6
BCW-200150_01237	gnl|TC-DB|P32399|9.B.74.1.3	41.9	172	99	1	2	172	4	175	8.1e-37	152.1
BCW-200150_01243	gnl|TC-DB|Q8G3M7|9.B.36.1.3	32.0	172	115	1	7	178	154	323	2.7e-17	85.1
BCW-200150_01244	gnl|TC-DB|P75905|4.D.1.1.3	28.7	422	279	10	18	431	29	436	2.6e-45	179.5
BCW-200150_01250	gnl|TC-DB|A2RJJ3|1.E.24.1.4	77.0	74	17	0	2	75	1	74	2.4e-28	120.6
BCW-200150_01282	gnl|TC-DB|Q5G3M3|3.A.7.19.1	58.3	151	55	2	1	144	1	150	6.7e-43	169.9
BCW-200150_01316	gnl|TC-DB|Q42524|4.C.1.1.7	28.9	418	248	14	77	450	142	554	2.9e-36	149.4
BCW-200150_01325	gnl|TC-DB|Q8PUP5|9.B.143.2.3	27.2	180	129	2	7	186	21	198	1.7e-13	72.8
BCW-200150_01327	gnl|TC-DB|Q03RZ6|3.A.1.122.13	44.7	673	357	7	1	664	1	667	6.7e-138	487.6
BCW-200150_01330	gnl|TC-DB|P97046|3.A.1.117.1	96.6	590	20	0	1	590	1	590	0.0e+00	1083.2
BCW-200150_01335	gnl|TC-DB|Q9CIP5|3.A.1.135.1	24.7	502	347	9	84	566	168	657	4.1e-35	146.0
BCW-200150_01336	gnl|TC-DB|P29018|3.A.1.129.1	30.1	558	364	8	13	552	21	570	5.4e-57	218.8
BCW-200150_01337	gnl|TC-DB|P0ABK2|3.D.4.3.2	31.5	362	214	7	4	331	7	368	7.0e-35	144.4
BCW-200150_01338	gnl|TC-DB|P0ABJ9|3.D.4.3.2	34.9	516	267	9	1	457	1	506	2.1e-80	296.2
BCW-200150_01339	gnl|TC-DB|P0C2U2|2.A.17.1.1	100.0	497	0	0	1	497	1	497	6.1e-261	896.0
BCW-200150_01357	gnl|TC-DB|P27837|2.A.3.1.15	52.4	443	207	1	10	452	7	445	2.1e-130	462.2
BCW-200150_01358	gnl|TC-DB|Q05839|8.A.9.1.1	30.5	538	303	15	4	503	108	612	1.4e-69	260.4
BCW-200150_01359	gnl|TC-DB|Q00751|3.A.1.1.28	40.6	276	160	4	2	274	3	277	7.5e-51	197.2
BCW-200150_01360	gnl|TC-DB|Q00750|3.A.1.1.28	33.1	290	189	3	1	288	3	289	3.2e-36	148.7
BCW-200150_01361	gnl|TC-DB|Q7AKP1|3.A.1.1.44	28.5	309	179	13	42	329	43	330	1.6e-15	80.5
BCW-200150_01369	gnl|TC-DB|Q93A34|3.A.1.12.8	57.1	503	213	3	1	500	1	503	5.6e-153	537.3
BCW-200150_01370	gnl|TC-DB|Q93A35|3.A.1.12.8	58.6	237	96	1	1	235	1	237	9.8e-76	280.0
BCW-200150_01378	gnl|TC-DB|Q4QLL1|4.B.1.1.2	27.5	204	136	4	1	193	1	203	2.1e-17	85.9
BCW-200150_01383	gnl|TC-DB|A4VYG6|9.B.144.1.5	41.1	879	486	11	2	872	3	857	3.7e-176	615.1
BCW-200150_01385	gnl|TC-DB|P32113|3.A.3.5.1	45.2	741	362	8	2	717	6	727	2.0e-159	559.3
BCW-200150_01394	gnl|TC-DB|Q86Z14|8.A.49.1.2	27.6	467	274	13	6	449	82	507	1.8e-41	166.8
BCW-200150_01395	gnl|TC-DB|P46317|4.A.3.2.2	30.0	477	292	7	1	472	4	443	1.2e-53	207.2
BCW-200150_01400	gnl|TC-DB|P10121|3.A.5.1.1	44.8	299	162	2	157	455	198	493	2.7e-69	259.2
BCW-200150_01403	gnl|TC-DB|F2HN33|2.A.3.1.22	46.2	448	230	5	1	438	1	447	5.8e-101	364.4
BCW-200150_01404	gnl|TC-DB|H3P2R4|9.B.141.1.2	34.0	215	142	0	21	235	21	235	1.0e-30	130.2
BCW-200150_01405	gnl|TC-DB|C7TAQ3|9.B.141.1.3	32.6	347	222	4	9	354	6	341	1.3e-37	153.7
BCW-200150_01416	gnl|TC-DB|A2RM05|2.A.88.9.1	98.2	169	3	0	1	169	1	169	5.2e-87	316.6
BCW-200150_01427	gnl|TC-DB|B9LBX9|2.A.53.3.4	40.2	82	48	1	10	90	610	691	1.6e-11	65.1
BCW-200150_01449	gnl|TC-DB|I6T8M5|1.E.14.1.15	50.8	118	58	0	1	118	1	118	2.4e-26	114.8
BCW-200150_01450	gnl|TC-DB|I6TRN5|2.A.122.1.4	60.0	230	92	0	1	230	1	230	3.2e-71	264.6
BCW-200150_01467	gnl|TC-DB|Q9CDF7|2.A.7.5.3	99.7	295	1	0	1	295	1	295	1.2e-160	562.0
BCW-200150_01475	gnl|TC-DB|Q7A3X3|3.A.1.122.4	47.1	221	113	2	3	220	2	221	4.0e-50	194.5
BCW-200150_01509	gnl|TC-DB|Q99ZC8|3.A.1.132.6	28.4	201	140	3	1	200	5	202	5.6e-20	94.7
BCW-200150_01515	gnl|TC-DB|D7V8E7|1.A.8.2.6	62.3	236	83	2	6	239	8	239	2.5e-82	301.6
BCW-200150_01520	gnl|TC-DB|O32212|2.A.36.3.2	33.4	368	220	6	20	374	20	375	3.6e-43	172.9
BCW-200150_01528	gnl|TC-DB|P36640|3.A.3.4.1	50.2	879	400	7	35	907	54	900	1.4e-234	809.3
BCW-200150_01531	gnl|TC-DB|P39580|2.A.50.2.1	48.6	397	194	6	1	392	1	392	4.9e-99	357.8
BCW-200150_01532	gnl|TC-DB|Q42524|4.C.1.1.7	26.4	394	250	14	122	494	182	556	2.0e-17	87.0
BCW-200150_01544	gnl|TC-DB|O07549|3.A.1.106.8	38.7	558	307	8	64	606	132	669	7.4e-99	357.8
BCW-200150_01545	gnl|TC-DB|P77265|3.A.1.106.13	41.5	588	338	4	1	587	1	583	7.0e-126	447.6
BCW-200150_01546	gnl|TC-DB|Q1RN04|2.A.87.1.1	97.1	206	6	0	1	206	1	206	1.7e-103	371.7
BCW-200150_01561	gnl|TC-DB|O34897|1.A.23.3.1	36.3	204	119	3	12	210	17	214	1.7e-25	112.8
BCW-200150_01563	gnl|TC-DB|O30417|2.A.3.7.1	94.2	503	29	0	1	503	1	503	7.1e-265	909.1
BCW-200150_01571	gnl|TC-DB|O05703|3.A.1.15.3	56.8	505	210	3	12	515	4	501	2.0e-161	565.5
BCW-200150_01574	gnl|TC-DB|K4IPL7|2.A.45.2.6	34.2	339	186	7	56	364	60	391	8.8e-39	157.5
BCW-200150_01591	gnl|TC-DB|P42364|3.A.1.15.2	73.8	302	78	1	13	313	9	310	3.9e-128	454.1
BCW-200150_01592	gnl|TC-DB|P42361|3.A.1.15.2	79.1	278	58	0	1	278	1	278	1.3e-114	409.1
BCW-200150_01593	gnl|TC-DB|Q97PG9|3.A.1.15.14	61.5	234	90	0	1	234	1	234	9.3e-82	299.7
BCW-200150_01604	gnl|TC-DB|A2RKA7|3.A.1.2.17	98.8	506	6	0	1	506	1	506	4.2e-281	963.0
BCW-200150_01605	gnl|TC-DB|A2RKA6|3.A.1.2.17	96.7	364	12	0	1	364	1	364	1.2e-186	648.7
BCW-200150_01606	gnl|TC-DB|A2RKA5|3.A.1.2.17	99.1	317	3	0	1	317	1	317	3.8e-171	597.0
BCW-200150_01623	gnl|TC-DB|Q7A3S4|2.A.1.3.61	28.9	454	288	7	21	444	18	466	1.8e-41	166.8
BCW-200150_01625	gnl|TC-DB|Q86Z14|8.A.49.1.2	25.3	478	296	13	6	468	81	512	9.0e-36	147.9
BCW-200150_01627	gnl|TC-DB|Q8DT26|3.A.1.1.27	31.6	275	179	6	6	275	4	274	1.9e-25	112.8
BCW-200150_01628	gnl|TC-DB|Q9X9R6|3.A.1.1.23	29.3	280	184	8	19	286	23	300	2.6e-25	112.5
BCW-200150_01639	gnl|TC-DB|Q15HU6|3.A.7.14.2	37.9	198	109	5	15	209	12	198	9.2e-25	110.2
BCW-200150_01640	gnl|TC-DB|A9BJX0|3.A.3.2.21	42.2	899	479	11	4	878	3	884	1.2e-187	653.3
BCW-200150_01654	gnl|TC-DB|Q55487|4.D.2.1.9	41.3	247	145	0	9	255	59	305	1.0e-57	219.9
BCW-200150_01658	gnl|TC-DB|Q38134|1.E.18.1.1	82.2	73	13	0	1	73	1	73	2.3e-25	110.9
BCW-200150_01701	gnl|TC-DB|Q5G3M3|3.A.7.19.1	54.6	152	67	1	1	152	1	150	3.0e-41	164.5
BCW-200150_01721	gnl|TC-DB|D2BKA1|3.A.1.2.17	99.7	350	1	0	1	350	1	350	6.6e-193	669.5
BCW-200150_01736	gnl|TC-DB|Q9RQ05|3.A.1.12.5	94.8	573	30	0	1	573	1	573	2.4e-309	1057.0
BCW-200150_01737	gnl|TC-DB|Q9RQ06|3.A.1.12.5	96.6	406	12	1	1	406	1	404	6.4e-216	746.1
BCW-200150_01745	gnl|TC-DB|Q9UEF7|8.A.49.1.1	27.2	489	296	14	2	474	60	504	3.2e-41	166.0
BCW-200150_01746	gnl|TC-DB|Q9KJ80|4.A.1.2.6	45.4	645	322	9	4	624	5	643	2.3e-143	505.8
BCW-200150_01760	gnl|TC-DB|Q9P6J2|2.A.89.3.8	26.5	215	158	0	11	225	17	231	1.5e-12	69.7
BCW-200150_01761	gnl|TC-DB|E1H0W3|2.A.89.3.2	40.0	220	132	0	5	224	9	228	5.0e-32	134.4
BCW-200150_01764	gnl|TC-DB|P31437|2.A.7.3.12	33.8	293	190	2	5	295	6	296	2.5e-36	149.1
BCW-200150_01769	gnl|TC-DB|A3CLT2|1.A.35.3.4	24.1	286	206	6	9	289	13	292	1.1e-13	73.9
BCW-200150_01770	gnl|TC-DB|Q2G140|2.A.66.1.13	38.2	440	269	2	3	442	2	438	2.7e-77	285.8
BCW-200150_01771	gnl|TC-DB|Q6D188|2.A.2.5.2	25.0	551	349	9	25	574	6	493	5.8e-45	178.7
BCW-200150_01776	gnl|TC-DB|E0SUV5|9.B.28.1.11	29.7	202	140	1	2	201	1	202	1.2e-18	89.7
BCW-200150_01778	gnl|TC-DB|Q07837|8.A.9.1.2	29.5	546	290	14	3	502	116	612	1.3e-64	243.8
BCW-200150_01781	gnl|TC-DB|Q09LY6|3.A.1.1.9	34.7	291	175	6	21	306	16	296	1.3e-35	146.7
BCW-200150_01782	gnl|TC-DB|Q9KWT8|3.A.1.1.10	31.0	303	201	3	1	303	24	318	9.7e-39	157.1
BCW-200150_01788	gnl|TC-DB|O52733|2.A.1.1.41	64.7	448	151	4	1	447	1	442	7.6e-157	550.1
BCW-200150_01791	gnl|TC-DB|P94488|2.A.2.3.2	35.7	471	272	10	15	482	8	450	2.3e-66	249.6
BCW-200150_01800	gnl|TC-DB|O35018|2.A.1.3.30	27.1	461	326	4	11	461	14	474	9.1e-49	191.0
BCW-200150_01806	gnl|TC-DB|Q9WYC4|3.A.1.135.5	23.5	532	376	11	1	510	28	550	5.2e-24	109.0
BCW-200150_01809	gnl|TC-DB|Q9FI56|3.A.9.1.2	42.4	870	411	10	4	851	96	897	4.6e-187	651.4
BCW-200150_01823	gnl|TC-DB|Q7A3S4|2.A.1.3.61	30.0	410	277	2	22	424	10	416	2.3e-44	176.4
BCW-200150_01836	gnl|TC-DB|K8ZBV5|1.A.78.2.8	27.9	179	111	2	1	161	1	179	1.0e-11	66.6
BCW-200150_01840	gnl|TC-DB|P76187|8.A.5.1.7	32.0	300	173	5	10	298	13	292	8.9e-37	150.6
BCW-200150_01843	gnl|TC-DB|Q01625|2.A.9.3.2	31.7	243	161	3	1	238	3	245	2.2e-31	132.5
BCW-200150_01846	gnl|TC-DB|P25744|2.A.1.2.20	46.3	382	205	0	4	385	11	392	1.2e-89	326.6
BCW-200150_01850	gnl|TC-DB|P39843|2.A.1.2.8	46.9	390	200	3	1	383	5	394	5.2e-90	327.8
BCW-200150_01851	gnl|TC-DB|P69937|2.A.7.1.4	45.2	104	57	0	1	104	1	104	5.3e-21	96.7
BCW-200150_01856	gnl|TC-DB|P08839|8.A.7.1.1	48.3	572	290	5	4	573	1	568	3.4e-146	515.0
BCW-200150_01859	gnl|TC-DB|Q6MR29|3.A.5.1.3	46.5	821	388	9	14	804	16	815	2.1e-208	722.2
BCW-200150_01863	gnl|TC-DB|s6ex81|2.A.3.3.23	100.0	469	0	0	1	469	1	469	1.7e-260	894.4
BCW-200150_01867	gnl|TC-DB|Q55487|4.D.2.1.9	41.7	302	176	0	3	304	4	305	1.3e-62	236.5
BCW-200150_01874	gnl|TC-DB|Q83XH1|3.A.1.121.4	29.8	503	343	5	3	500	1	498	1.3e-59	227.3
BCW-200150_01879	gnl|TC-DB|Q830Z1|3.A.3.25.3	51.2	598	286	3	1	592	1	598	7.8e-162	567.0
BCW-200150_01891	gnl|TC-DB|Q83XH1|3.A.1.121.4	57.4	538	222	3	1	538	1	531	9.9e-180	626.3
BCW-200150_01895	gnl|TC-DB|Q1DDV1|2.A.3.3.18	25.4	335	230	8	7	330	1	326	6.4e-12	68.6
BCW-200150_01910	gnl|TC-DB|A1JRS3|2.A.53.3.9	29.3	570	357	12	2	538	9	565	1.1e-48	191.0
BCW-200150_01914	gnl|TC-DB|Q9KKQ7|4.A.2.1.12	39.0	136	82	1	2	137	505	639	1.3e-25	112.5
BCW-200150_01916	gnl|TC-DB|P42956|4.A.2.1.5	51.5	485	212	5	7	487	11	476	1.3e-127	453.4
BCW-200150_01925	gnl|TC-DB|P25694|3.A.16.1.2	42.4	250	136	4	181	429	202	444	5.5e-50	195.7
BCW-200150_01935	gnl|TC-DB|P75831|3.A.1.122.1	39.9	213	124	1	1	209	4	216	3.9e-39	157.9
BCW-200150_01951	gnl|TC-DB|P39851|8.A.3.2.1	43.0	228	126	2	1	228	1	224	4.2e-47	184.5
BCW-200150_01953	gnl|TC-DB|917585193|9.B.18.1.3	38.7	181	86	5	52	224	287	450	3.4e-25	111.7
BCW-200150_01959	gnl|TC-DB|B0RRI5|2.A.66.2.23	23.9	380	284	1	14	393	31	405	1.7e-18	90.5
BCW-200150_01978	gnl|TC-DB|Q58119|2.A.66.1.26	24.7	385	266	8	13	384	15	388	2.6e-16	83.2
BCW-200150_01985	gnl|TC-DB|Q9CJ32|4.A.3.2.4	99.8	494	1	0	1	494	1	494	2.6e-275	943.7
BCW-200150_01988	gnl|TC-DB|Q9UEF7|8.A.49.1.1	30.8	494	264	15	9	474	61	504	1.8e-55	213.4
BCW-200150_01998	gnl|TC-DB|Q7MV19|9.A.8.1.6	36.0	739	381	19	4	674	129	843	4.1e-117	418.7
BCW-200150_02015	gnl|TC-DB|P72884|3.A.1.103.5	45.6	206	111	1	40	244	54	259	4.1e-50	195.3
BCW-200150_02031	gnl|TC-DB|O32273|2.A.66.2.6	20.7	429	337	2	3	429	6	433	2.0e-19	93.6
BCW-200150_02053	gnl|TC-DB|O32182|2.A.1.3.33	30.2	401	277	3	1	399	20	419	6.6e-47	184.9
BCW-200150_02063	gnl|TC-DB|D7V8E7|1.A.8.2.6	51.5	231	112	0	1	231	6	236	3.8e-67	251.1
BCW-200150_02066	gnl|TC-DB|F1QZ58|3.A.1.105.10	37.4	107	64	2	5	108	20	126	8.4e-15	76.3
BCW-200150_02067	gnl|TC-DB|P50332|3.A.1.102.1	56.5	85	36	1	1	84	184	268	1.6e-20	95.1
BCW-200150_02075	gnl|TC-DB|Q9WYC3|3.A.1.135.5	36.5	587	349	4	7	590	6	571	1.4e-97	353.6
BCW-200150_02076	gnl|TC-DB|Q9WYC4|3.A.1.135.5	40.0	598	326	4	29	623	24	591	5.0e-119	424.9
BCW-200150_02082	gnl|TC-DB|P80874|8.A.5.1.4	27.4	314	167	10	6	266	4	309	1.8e-20	96.3
BCW-200150_02086	gnl|TC-DB|Q15HU6|3.A.7.14.2	36.4	173	95	6	49	214	29	193	1.3e-15	80.9
BCW-200150_02092	gnl|TC-DB|A2RI01|3.A.1.25.4	97.5	276	7	0	1	276	1	276	3.9e-148	520.4
BCW-200150_02094	gnl|TC-DB|Q5M244|3.A.1.25.6	65.9	276	93	1	2	277	3	277	1.3e-101	365.9
BCW-200150_02095	gnl|TC-DB|A2RI03|3.A.1.25.4	98.9	266	3	0	1	266	1	266	2.4e-139	491.1
BCW-200150_02118	gnl|TC-DB|A0QQ70|3.A.1.9.2	41.3	230	135	0	15	244	23	252	3.6e-44	174.9
BCW-200150_02120	gnl|TC-DB|A0QQ68|3.A.1.9.2	38.5	192	117	1	76	266	80	271	8.7e-28	120.6
BCW-200150_02125	gnl|TC-DB|B2YGG2|2.A.1.2.41	36.8	383	238	3	12	391	20	401	7.8e-57	217.6
BCW-200150_02127	gnl|TC-DB|Q97PQ1|2.A.4.7.6	49.2	417	185	3	5	421	4	393	1.5e-103	372.9
BCW-200150_02131	gnl|TC-DB|Q9CIP6|3.A.1.135.1	88.8	572	64	0	8	579	2	573	2.3e-275	944.1
BCW-200150_02132	gnl|TC-DB|Q9CIP5|3.A.1.135.1	100.0	664	0	0	1	664	1	664	0.0e+00	1230.7
BCW-200150_02136	gnl|TC-DB|A2SPQ3|3.A.1.25.3	36.1	158	95	4	13	169	15	167	7.8e-12	67.0
BCW-200150_02138	gnl|TC-DB|A2RI47|2.A.88.3.2	87.9	182	22	0	1	182	1	182	6.7e-80	293.1
BCW-200150_02139	gnl|TC-DB|Q8K8K9|3.A.1.24.3	51.7	242	106	3	39	270	31	271	2.1e-59	225.7
BCW-200150_02140	gnl|TC-DB|Q8K8K9|3.A.1.24.3	53.7	242	101	3	39	270	31	271	2.1e-64	242.3
BCW-200150_02141	gnl|TC-DB|Q8K8K9|3.A.1.24.3	38.9	283	150	7	10	282	12	281	2.6e-46	182.2
BCW-200150_02142	gnl|TC-DB|Q8K8K9|3.A.1.24.3	44.7	275	139	6	19	282	9	281	5.6e-57	217.6
BCW-200150_02143	gnl|TC-DB|Q04MS6|3.A.1.24.6	52.9	361	158	2	4	364	5	353	1.7e-103	372.5
BCW-200150_02144	gnl|TC-DB|Q8K8K7|3.A.1.24.3	46.3	231	123	1	1	231	1	230	2.2e-51	198.7
BCW-200150_02145	gnl|TC-DB|Q74I63|3.A.1.29.1	50.8	181	89	0	2	182	5	185	7.4e-47	183.3
BCW-200150_02146	gnl|TC-DB|Q74I62|3.A.1.29.1	49.5	566	275	6	2	559	3	565	2.5e-149	525.4
BCW-200150_02147	gnl|TC-DB|Q74I61|3.A.1.29.1	53.5	157	69	1	3	155	2	158	2.0e-40	162.5
BCW-200150_02149	gnl|TC-DB|Q9X665|3.A.1.14.7	45.7	247	131	3	1	245	11	256	5.6e-53	204.1
BCW-200150_02150	gnl|TC-DB|P06972|3.A.1.14.3	31.7	271	184	1	47	316	390	660	5.8e-31	131.3
BCW-200150_02151	gnl|TC-DB|P40411|3.A.1.14.15	35.2	330	194	5	1	311	1	329	3.4e-39	158.7
BCW-200150_02152	gnl|TC-DB|Q93PN3|3.A.1.14.7	26.8	257	168	10	42	290	38	282	6.2e-17	84.7
BCW-200150_02154	gnl|TC-DB|P77389|2.A.1.2.65	38.1	381	228	4	10	389	7	380	4.2e-55	211.8
BCW-200150_02155	gnl|TC-DB|P80874|8.A.5.1.4	27.8	317	166	10	7	266	11	321	1.6e-21	99.8
BCW-200150_02165	gnl|TC-DB|Q64K09|3.A.1.5.25	95.6	550	24	0	1	550	1	550	2.6e-305	1043.5
BCW-200150_02166	gnl|TC-DB|Q9CIL2|3.A.1.5.25	94.5	545	30	0	1	545	1	545	7.4e-292	998.8
BCW-200150_02167	gnl|TC-DB|Q9CIL1|3.A.1.5.25	96.4	303	11	0	1	303	1	303	1.1e-156	548.9
BCW-200150_02168	gnl|TC-DB|Q9CIL0|3.A.1.5.25	99.1	343	3	0	1	343	1	343	2.9e-169	590.9
BCW-200150_02169	gnl|TC-DB|Q9CIK9|3.A.1.5.25	100.0	349	0	0	1	349	1	349	7.0e-203	702.6
BCW-200150_02170	gnl|TC-DB|Q9CIK8|3.A.1.5.25	100.0	313	0	0	1	313	1	313	3.5e-177	617.1
BCW-200150_02172	gnl|TC-DB|P38919|3.A.18.1.1	40.3	325	193	1	3	326	40	364	5.5e-69	258.5
BCW-200150_02177	gnl|TC-DB|F2HQ24|2.A.3.1.20	99.8	457	1	0	1	457	1	457	3.7e-252	866.7
BCW-200150_02178	gnl|TC-DB|F2HQ25|2.A.3.1.21	100.0	459	0	0	1	459	1	459	1.6e-260	894.4
BCW-200150_02188	gnl|TC-DB|K7WL41|2.A.3.1.19	98.5	477	7	0	1	477	1	477	2.2e-268	920.6
BCW-200150_02198	gnl|TC-DB|P76269|2.A.1.3.17	30.4	424	283	5	1	422	11	424	1.2e-45	180.6
BCW-200150_02201	gnl|TC-DB|P32703|2.A.36.3.1	33.1	423	256	12	2	403	1	417	4.9e-43	172.6
BCW-200150_02210	gnl|TC-DB|Q5G3M3|3.A.7.19.1	45.7	105	57	0	1	105	2	106	9.1e-23	102.8
BCW-200150_02214	gnl|TC-DB|Q9HV74|2.A.21.9.1	28.5	270	149	9	209	458	729	974	5.4e-20	95.5
BCW-200150_02227	gnl|TC-DB|I6PJK1|2.A.114.1.7	48.5	776	374	8	10	779	3	758	3.3e-200	694.9
BCW-200150_02228	gnl|TC-DB|P38919|3.A.18.1.1	33.4	341	220	4	21	358	58	394	4.0e-54	208.8
BCW-200150_02231	gnl|TC-DB|Q9CIF0|4.A.3.2.4	100.0	108	0	0	1	108	1	108	2.2e-54	207.6
BCW-200150_02232	gnl|TC-DB|Q9CIE9|4.A.3.2.4	100.0	116	0	0	1	116	1	116	4.9e-60	226.5
BCW-200150_02234	gnl|TC-DB|P46317|4.A.3.2.2	35.2	443	273	5	1	438	4	437	2.7e-66	249.2
BCW-200150_02235	gnl|TC-DB|Q9UEF7|8.A.49.1.1	28.3	491	290	17	2	475	60	505	2.7e-40	162.9
BCW-200150_02240	gnl|TC-DB|Q8DT25|3.A.1.1.27	73.7	376	99	0	1	376	1	376	4.8e-165	577.0
BCW-200150_02246	gnl|TC-DB|Q8DS05|4.A.1.1.11	47.4	133	68	1	22	152	589	721	9.9e-27	116.3
BCW-200150_02247	gnl|TC-DB|P05306|4.A.1.2.9	29.5	499	290	11	3	493	2	446	1.1e-47	187.6
BCW-200150_02269	gnl|TC-DB|P54176|1.C.113.1.1	46.5	217	112	2	1	216	1	214	2.2e-45	178.7
BCW-200150_02279	gnl|TC-DB|Q7AKK4|3.A.1.105.14	29.8	225	150	3	1	218	10	233	7.7e-24	107.5
BCW-200150_02284	gnl|TC-DB|Q15HU6|3.A.7.14.2	42.5	146	71	4	147	292	201	333	2.1e-19	92.8
BCW-200150_02285	gnl|TC-DB|Q64K09|3.A.1.5.25	46.4	554	285	3	1	547	1	549	3.9e-139	491.5
BCW-200150_02287	gnl|TC-DB|Q15HU6|3.A.7.14.2	33.1	175	101	4	29	193	48	216	4.5e-19	92.0
BCW-200150_02344	gnl|TC-DB|O35018|2.A.1.3.30	24.2	327	246	2	23	349	22	346	3.3e-28	122.9
BCW-200150_02374	gnl|TC-DB|Q9CHU5|2.A.72.1.3	99.7	670	2	0	1	670	1	670	0.0e+00	1298.5
BCW-200150_02375	gnl|TC-DB|Q9CHU5|2.A.72.1.3	72.9	665	175	2	8	667	6	670	1.0e-279	958.7
BCW-200150_02392	gnl|TC-DB|Q9SXJ7|3.A.9.1.2	43.7	815	428	9	7	803	117	918	3.7e-186	648.3
BCW-200150_02395	gnl|TC-DB|Q7A3X3|3.A.1.122.4	46.2	221	112	3	5	221	3	220	5.3e-47	184.1
BCW-200150_02402	gnl|TC-DB|P0A4K4|2.A.1.2.34	51.5	373	180	1	1	373	28	399	2.2e-106	382.1
BCW-200150_02404	gnl|TC-DB|P07373|2.A.103.1.3	30.5	383	233	6	13	395	12	361	1.6e-36	150.2
BCW-200150_02405	gnl|TC-DB|Q6A1F6|3.B.1.1.6	32.4	595	359	8	523	1106	6	568	2.6e-81	300.4
BCW-200150_02414	gnl|TC-DB|A9BJX0|3.A.3.2.21	37.2	931	514	14	3	913	2	881	1.2e-161	567.0
BCW-200150_02416	gnl|TC-DB|Q54066|4.D.1.1.2	34.6	410	247	8	10	405	6	408	2.0e-63	239.6
BCW-200150_02420	gnl|TC-DB|F2HK99|2.A.26.1.9	98.9	456	5	0	1	456	1	456	1.6e-244	841.3
BCW-200150_02423	gnl|TC-DB|P13068|1.C.20.1.1	98.2	57	1	0	1	57	1	57	6.0e-27	115.5
BCW-200150_02425	gnl|TC-DB|Q03203|3.A.1.111.3	98.7	600	8	0	1	600	1	600	0.0e+00	1112.1
BCW-200150_02431	gnl|TC-DB|Q48597|3.A.1.124.1	99.1	225	2	0	1	225	1	225	8.7e-122	432.6
BCW-200150_02432	gnl|TC-DB|Q48598|3.A.1.124.1	98.8	242	3	0	1	242	1	242	2.0e-124	441.4
BCW-200150_02433	gnl|TC-DB|Q48599|3.A.1.124.1	99.5	214	1	0	1	214	1	214	4.7e-109	390.2
BCW-200150_02436	gnl|TC-DB|P37653|4.D.3.1.6	32.7	603	394	8	33	630	200	795	2.2e-80	296.6
BCW-200150_02439	gnl|TC-DB|Q8NMD6|4.A.1.2.12	48.7	635	307	6	1	624	1	627	1.5e-161	566.2
BCW-200150_02441	gnl|TC-DB|Q7A3S4|2.A.1.3.61	28.9	408	283	4	18	420	10	415	9.9e-40	161.0
