BCW-200013_00003	gnl|TC-DB|Q6D188|2.A.2.5.2	83.2	512	86	0	1	512	1	512	2.0e-241	831.2
BCW-200013_00005	gnl|TC-DB|P40729|3.A.6.2.1	95.4	692	32	0	1	692	1	692	0.0e+00	1238.0
BCW-200013_00006	gnl|TC-DB|P40727|3.A.6.2.1	86.2	383	52	1	1	382	1	383	1.0e-186	649.0
BCW-200013_00009	gnl|TC-DB|P42915|1.B.11.3.6	47.6	817	414	8	21	832	22	829	6.9e-212	733.8
BCW-200013_00018	gnl|TC-DB|Q6XBY3|1.B.11.6.1	35.3	830	480	15	9	792	10	828	1.1e-137	487.3
BCW-200013_00022	gnl|TC-DB|P96603|2.A.23.1.6	34.7	406	245	6	7	405	7	399	6.3e-65	244.6
BCW-200013_00025	gnl|TC-DB|P0AF06|1.A.30.1.1	86.1	309	42	1	1	309	1	308	7.9e-150	526.2
BCW-200013_00026	gnl|TC-DB|P09348|1.A.30.1.1	92.9	295	21	0	1	295	1	295	6.4e-149	523.1
BCW-200013_00032	gnl|TC-DB|P0AE26|3.A.1.2.2	93.3	328	22	0	1	328	1	328	1.4e-149	525.4
BCW-200013_00033	gnl|TC-DB|P0AAF3|3.A.1.2.2	88.9	504	56	0	1	504	1	504	3.5e-264	906.7
BCW-200013_00034	gnl|TC-DB|P02924|3.A.1.2.2	96.0	329	13	0	1	329	1	329	9.9e-183	635.6
BCW-200013_00036	gnl|TC-DB|P0ABN9|2.A.13.1.2	54.7	446	198	1	1	446	2	443	1.0e-134	476.5
BCW-200013_00040	gnl|TC-DB|P0AAD4|2.A.42.1.1	81.1	380	72	0	1	380	24	403	5.7e-174	606.7
BCW-200013_00045	gnl|TC-DB|B7MI53|9.B.124.2.2	72.7	139	38	0	1	139	1	139	1.0e-56	215.7
BCW-200013_00050	gnl|TC-DB|P0AG78|3.A.1.6.1	93.3	329	22	0	1	329	1	329	3.2e-181	630.6
BCW-200013_00052	gnl|TC-DB|P69380|2.A.4.7.1	91.4	291	25	0	1	291	1	291	7.6e-150	526.2
BCW-200013_00058	gnl|TC-DB|P27125|2.A.7.6.1	90.1	344	34	0	1	344	1	344	5.5e-176	613.2
BCW-200013_00066	gnl|TC-DB|P96517|2.A.1.5.4	98.6	425	6	0	1	425	1	425	1.1e-226	781.9
BCW-200013_00070	gnl|TC-DB|Q1D212|2.A.78.2.3	38.1	231	114	3	13	214	14	244	9.3e-36	146.7
BCW-200013_00071	gnl|TC-DB|Q1D213|2.A.78.2.3	46.5	99	53	0	8	106	3	101	8.3e-14	72.8
BCW-200013_00074	gnl|TC-DB|P24183|5.A.3.2.1	82.1	195	35	0	1	195	1	195	1.8e-94	341.7
BCW-200013_00075	gnl|TC-DB|P24183|5.A.3.2.1	77.1	803	183	1	1	803	213	1014	0.0e+00	1342.4
BCW-200013_00076	gnl|TC-DB|P0AAJ3|5.A.3.2.1	77.2	294	67	0	1	294	1	294	2.6e-145	511.1
BCW-200013_00077	gnl|TC-DB|P0AEK7|5.A.3.2.1	48.6	210	106	1	1	208	1	210	1.6e-56	215.7
BCW-200013_00081	gnl|TC-DB|P0A8K8|9.B.126.2.1	88.4	293	31	1	1	293	1	290	1.0e-130	462.6
BCW-200013_00085	gnl|TC-DB|Q93GK4|3.A.1.110.1	40.0	407	244	0	13	419	2	408	8.0e-84	307.4
BCW-200013_00086	gnl|TC-DB|Q93GK5|3.A.1.110.1	58.8	690	284	0	10	699	9	698	1.2e-241	832.4
BCW-200013_00089	gnl|TC-DB|Q9HV74|2.A.21.9.1	28.6	360	212	13	11	346	636	974	3.8e-23	105.5
BCW-200013_00090	gnl|TC-DB|Q9KN48|3.A.23.1.1	38.7	341	188	4	140	467	193	525	3.6e-53	205.7
BCW-200013_00096	gnl|TC-DB|P0A4L7|5.A.2.1.2	24.8	222	139	7	3	206	11	222	5.2e-12	67.8
BCW-200013_00103	gnl|TC-DB|P0AFZ7|2.A.38.1.1	96.9	483	15	0	1	483	1	483	2.0e-269	924.1
BCW-200013_00112	gnl|TC-DB|P69423|2.A.64.1.1	90.4	240	23	0	1	240	1	240	3.2e-120	427.6
BCW-200013_00113	gnl|TC-DB|P69425|2.A.64.1.1	85.2	135	20	0	1	135	1	135	1.1e-55	212.6
BCW-200013_00114	gnl|TC-DB|P69428|2.A.64.1.1	96.0	50	2	0	1	50	1	50	1.8e-19	91.3
BCW-200013_00123	gnl|TC-DB|P0ADP5|2.A.7.3.61	82.6	299	52	0	1	299	1	299	3.1e-143	504.2
BCW-200013_00126	gnl|TC-DB|P0AG34|2.A.76.1.1	88.8	206	23	0	1	206	1	206	4.3e-99	357.1
BCW-200013_00127	gnl|TC-DB|P0AG38|2.A.76.1.2	86.4	206	28	0	1	206	1	206	1.2e-96	349.0
BCW-200013_00128	gnl|TC-DB|Q5EAK4|2.A.16.2.2	26.7	424	258	13	52	447	1378	1776	3.3e-25	113.2
BCW-200013_00131	gnl|TC-DB|P27844|2.A.7.7.2	90.2	296	29	0	1	296	1	296	1.2e-150	528.9
BCW-200013_00132	gnl|TC-DB|P0A2R8|1.A.35.1.2	98.7	316	4	0	1	316	1	316	3.3e-175	610.5
BCW-200013_00138	gnl|TC-DB|P27838|9.B.21.2.1	88.7	106	12	0	1	106	1	106	4.3e-55	209.9
BCW-200013_00149	gnl|TC-DB|P27837|2.A.3.1.15	92.4	461	35	0	1	461	1	461	2.5e-240	827.4
BCW-200013_00151	gnl|TC-DB|B6I4D1|9.B.128.1.1	89.2	446	48	0	1	446	1	446	2.4e-224	774.2
BCW-200013_00153	gnl|TC-DB|P0AAA7|2.A.66.2.3	87.0	416	54	0	1	416	1	416	3.6e-198	687.2
BCW-200013_00159	gnl|TC-DB|P0AC78|9.B.146.1.7	86.6	367	49	0	1	367	1	367	5.9e-168	586.6
BCW-200013_00160	gnl|TC-DB|P40290|3.A.6.1.1	28.6	252	158	5	157	396	148	389	2.0e-15	80.1
BCW-200013_00162	gnl|TC-DB|O00571|1.I.1.1.3	35.7	364	220	4	9	358	180	543	3.5e-55	212.2
BCW-200013_00192	gnl|TC-DB|B1XBH4|1.E.1.1.4	91.9	74	6	0	1	74	1	74	5.0e-34	139.4
BCW-200013_00223	gnl|TC-DB|P19642|4.A.1.1.3	88.1	530	63	0	1	530	1	530	9.1e-271	928.7
BCW-200013_00229	gnl|TC-DB|P0A766|3.D.6.1.4	95.3	193	9	0	1	193	1	193	5.0e-94	340.1
BCW-200013_00230	gnl|TC-DB|P77223|3.D.6.1.4	81.2	192	36	0	1	192	1	192	7.5e-74	273.1
BCW-200013_00231	gnl|TC-DB|P77611|3.D.6.1.4	80.6	556	108	0	1	556	1	556	2.2e-245	844.7
BCW-200013_00232	gnl|TC-DB|P76182|3.D.6.1.4	85.4	350	51	0	1	350	1	350	6.8e-174	606.3
BCW-200013_00233	gnl|TC-DB|P77285|3.D.6.1.4	75.7	206	50	0	1	206	1	206	1.5e-88	322.0
BCW-200013_00234	gnl|TC-DB|P77179|3.D.6.1.4	78.1	224	49	0	1	224	1	224	5.0e-93	337.0
BCW-200013_00236	gnl|TC-DB|P77304|2.A.17.1.2	86.9	498	62	2	1	496	1	497	1.5e-243	838.2
BCW-200013_00244	gnl|TC-DB|P76330|9.B.34.1.4	36.0	211	130	4	241	449	351	558	4.4e-24	109.0
BCW-200013_00246	gnl|TC-DB|G4PZW1|8.A.48.1.1	67.9	78	25	0	1	78	1	78	6.7e-29	122.5
BCW-200013_00247	gnl|TC-DB|P46482|8.A.1.7.1	41.8	273	158	1	23	295	14	285	4.8e-51	198.0
BCW-200013_00248	gnl|TC-DB|Q8ZPN4|2.A.85.1.5	80.6	679	130	1	1	677	1	679	0.0e+00	1088.9
BCW-200013_00250	gnl|TC-DB|P76187|8.A.5.1.7	86.9	298	39	0	1	298	1	298	8.7e-154	539.3
BCW-200013_00260	gnl|TC-DB|P77389|2.A.1.2.65	91.0	387	35	0	1	387	1	387	1.1e-188	655.6
BCW-200013_00264	gnl|TC-DB|P37597|2.A.1.2.62	76.8	401	90	2	1	399	1	400	7.1e-167	583.2
BCW-200013_00267	gnl|TC-DB|P37340|2.A.66.1.3	86.4	457	62	0	1	457	1	457	4.8e-220	760.0
BCW-200013_00271	gnl|TC-DB|P96878|2.A.53.3.12	29.4	170	113	2	26	189	571	739	4.3e-22	101.3
BCW-200013_00275	gnl|TC-DB|Q8RCC4|3.A.1.3.27	35.7	230	138	6	38	261	33	258	2.4e-28	122.5
BCW-200013_00276	gnl|TC-DB|P48243|3.A.1.3.9	54.6	240	108	1	24	263	2	240	4.8e-66	247.7
BCW-200013_00277	gnl|TC-DB|Q8YPM8|3.A.1.3.18	32.9	222	138	3	18	232	79	296	1.5e-24	109.8
BCW-200013_00278	gnl|TC-DB|Q8YPM7|3.A.1.3.18	38.4	198	118	2	27	220	177	374	2.6e-25	112.1
BCW-200013_00280	gnl|TC-DB|O32167|3.A.1.24.2	49.1	269	129	3	5	269	9	273	5.6e-67	250.8
BCW-200013_00281	gnl|TC-DB|O32168|3.A.1.24.2	61.7	222	85	0	1	222	1	222	1.8e-66	248.8
BCW-200013_00282	gnl|TC-DB|O32169|3.A.1.24.2	57.4	338	143	1	1	337	1	338	1.4e-107	386.0
BCW-200013_00291	gnl|TC-DB|Q5HGY5|3.A.1.11.8	28.4	232	144	7	1	228	4	217	3.9e-14	75.1
BCW-200013_00299	gnl|TC-DB|P07658|3.D.1.9.2	64.9	715	246	4	1	713	1	712	5.3e-290	993.0
BCW-200013_00303	gnl|TC-DB|B1LE48|2.A.86.2.1	84.0	369	59	0	1	369	1	369	2.3e-172	601.3
BCW-200013_00305	gnl|TC-DB|P75683|2.A.2.3.5	55.9	447	197	0	7	453	4	450	7.5e-144	506.9
BCW-200013_00306	gnl|TC-DB|P08839|8.A.7.1.1	25.5	471	275	16	335	776	103	526	8.9e-28	122.1
BCW-200013_00313	gnl|TC-DB|P77389|2.A.1.2.65	42.3	378	211	4	5	381	7	378	1.2e-70	263.5
BCW-200013_00323	gnl|TC-DB|P42064|3.A.1.5.20	50.8	315	152	2	12	323	4	318	2.0e-85	312.4
BCW-200013_00324	gnl|TC-DB|P42065|3.A.1.5.20	50.9	318	152	3	5	318	9	326	1.1e-86	316.6
BCW-200013_00325	gnl|TC-DB|P42061|3.A.1.5.20	26.0	469	291	13	61	491	79	529	6.9e-34	141.7
BCW-200013_00326	gnl|TC-DB|P75798|3.A.1.5.11	46.2	312	160	1	1	312	1	304	7.7e-68	253.8
BCW-200013_00327	gnl|TC-DB|W0WMS8|3.A.1.5.39	44.1	272	146	2	24	289	27	298	1.3e-56	216.5
BCW-200013_00334	gnl|TC-DB|Q56586|3.D.5.1.1	60.2	447	177	1	1	447	1	446	9.4e-160	559.7
BCW-200013_00335	gnl|TC-DB|Q56587|3.D.5.1.1	75.7	411	99	1	1	410	1	411	4.2e-183	637.1
BCW-200013_00336	gnl|TC-DB|Q56582|3.D.5.1.1	57.2	257	106	2	6	262	4	256	1.3e-79	292.7
BCW-200013_00337	gnl|TC-DB|Q57095|3.D.5.1.1	75.9	203	49	0	8	210	5	207	6.6e-79	290.0
BCW-200013_00338	gnl|TC-DB|Q56589|3.D.5.1.1	82.3	198	35	0	1	198	1	198	2.2e-89	324.7
BCW-200013_00339	gnl|TC-DB|Q56584|3.D.5.1.1	78.6	407	87	0	1	407	1	407	2.5e-191	664.5
BCW-200013_00340	gnl|TC-DB|D0WX40|3.D.5.1.1	62.5	64	24	0	1	64	1	64	1.3e-17	84.7
BCW-200013_00346	gnl|TC-DB|P02932|1.B.1.1.2	86.6	351	46	1	1	350	1	351	5.8e-181	629.8
BCW-200013_00385	gnl|TC-DB|B8I766|9.B.105.1.5	32.7	162	94	5	13	165	2	157	7.6e-14	73.6
BCW-200013_00390	gnl|TC-DB|P13738|2.A.33.1.1	73.4	384	102	0	1	384	1	384	2.0e-150	528.5
BCW-200013_00392	gnl|TC-DB|P0A6Y8|1.A.33.1.2	93.9	638	38	1	1	637	1	638	0.0e+00	1135.9
BCW-200013_00393	gnl|TC-DB|P0AC98|2.A.96.1.1	86.7	188	25	0	1	188	1	188	5.1e-91	330.1
BCW-200013_00394	gnl|TC-DB|Q5ZYB5|3.A.7.9.1	33.3	411	264	5	10	415	2	407	6.4e-52	201.4
BCW-200013_00397	gnl|TC-DB|P30143|2.A.25.1.10	70.6	476	140	0	1	476	1	476	9.6e-187	649.4
BCW-200013_00411	gnl|TC-DB|P43672|3.A.1.120.6	33.9	514	325	5	21	527	18	523	4.2e-77	285.4
BCW-200013_00414	gnl|TC-DB|P24518|4.B.1.1.1	93.7	410	26	0	1	410	1	410	3.1e-234	807.0
BCW-200013_00442	gnl|TC-DB|P0ACX0|9.B.72.1.2	81.1	111	21	0	1	111	1	111	8.6e-46	179.1
BCW-200013_00444	gnl|TC-DB|P0AAE5|2.A.3.2.8	88.7	460	52	0	1	460	1	460	4.7e-231	796.6
BCW-200013_00446	gnl|TC-DB|P07001|3.D.2.1.1	90.0	509	50	1	1	508	1	509	3.0e-255	877.1
BCW-200013_00447	gnl|TC-DB|P0AB67|3.D.2.1.1	93.2	457	31	0	1	457	6	462	2.0e-237	817.8
BCW-200013_00452	gnl|TC-DB|P46133|2.A.68.1.1	88.4	508	59	0	1	508	1	508	1.4e-252	868.2
BCW-200013_00468	gnl|TC-DB|Q9I6X4|2.A.6.2.27	46.8	1000	531	1	9	1007	5	1004	1.0e-246	849.7
BCW-200013_00469	gnl|TC-DB|Q9I6X6|2.A.6.2.27	38.6	345	205	3	41	382	28	368	3.8e-45	178.7
BCW-200013_00475	gnl|TC-DB|P0AFS5|2.A.86.1.4	81.6	342	63	0	1	342	1	342	6.1e-143	503.4
BCW-200013_00476	gnl|TC-DB|P69213|2.A.7.1.9	84.7	118	18	0	3	120	4	121	2.4e-46	181.0
BCW-200013_00477	gnl|TC-DB|P69210|2.A.7.1.9	86.2	109	15	0	1	109	1	109	6.2e-49	189.5
BCW-200013_00478	gnl|TC-DB|P0AAP1|9.B.34.1.2	30.5	187	117	3	276	455	186	366	5.1e-14	76.3
BCW-200013_00483	gnl|TC-DB|P43531|2.A.1.36.1	83.2	417	69	1	1	417	1	416	1.3e-190	662.1
BCW-200013_00487	gnl|TC-DB|A8AGW0|2.A.49.5.4	79.1	417	85	2	13	428	1	416	6.7e-179	623.2
BCW-200013_00488	gnl|TC-DB|Q8ZPK4|3.A.1.12.14	90.6	382	36	0	1	382	1	382	1.2e-200	695.3
BCW-200013_00489	gnl|TC-DB|Q8ZPK3|3.A.1.12.14	92.1	215	17	0	1	215	1	215	1.3e-103	372.1
BCW-200013_00490	gnl|TC-DB|Q8ZPK2|3.A.1.12.14	82.8	290	50	0	10	299	11	300	1.8e-138	488.4
BCW-200013_00491	gnl|TC-DB|Q8ZPK1|3.A.1.12.14	86.8	234	30	1	1	233	1	234	7.0e-106	379.8
BCW-200013_00492	gnl|TC-DB|657066955|9.B.143.3.6	30.8	221	149	3	25	241	12	232	2.8e-18	89.0
BCW-200013_00498	gnl|TC-DB|C5IZH0|2.A.6.2.47	90.3	391	38	0	1	391	1	391	6.0e-195	676.4
BCW-200013_00499	gnl|TC-DB|C5IZH1|2.A.6.2.47	96.6	1051	35	1	1	1051	1	1050	0.0e+00	1932.5
BCW-200013_00504	gnl|TC-DB|P72770|2.A.53.4.1	30.8	519	355	3	5	522	1	516	3.8e-57	219.2
BCW-200013_00506	gnl|TC-DB|P77374|5.A.3.3.1	86.0	812	110	1	1	812	1	808	0.0e+00	1470.7
BCW-200013_00513	gnl|TC-DB|P77228|2.A.1.6.9	84.6	415	63	1	29	442	1	415	2.8e-196	681.0
BCW-200013_00521	gnl|TC-DB|P22037|9.B.20.1.1	72.9	218	59	0	1	218	7	224	4.2e-84	307.4
BCW-200013_00522	gnl|TC-DB|O53183|2.A.1.2.71	34.2	386	249	3	4	385	11	395	2.4e-50	196.1
BCW-200013_00530	gnl|TC-DB|P0AAP1|9.B.34.1.2	29.5	251	156	9	123	366	130	366	7.1e-20	94.7
BCW-200013_00556	gnl|TC-DB|P17583|2.A.1.17.1	34.3	373	240	2	11	379	3	374	5.4e-47	184.9
BCW-200013_00564	gnl|TC-DB|Q9HXW4|2.A.6.2.17	42.6	1023	579	3	6	1021	3	1024	7.8e-226	780.4
BCW-200013_00565	gnl|TC-DB|Q9I6X5|2.A.6.2.27	27.6	351	243	5	13	358	9	353	3.0e-18	89.4
BCW-200013_00585	gnl|TC-DB|G8WDN3|2.A.7.21.5	77.7	148	33	0	5	152	1	148	1.7e-57	218.4
BCW-200013_00586	gnl|TC-DB|G8WDN2|2.A.7.21.5	75.4	142	35	0	1	142	1	142	5.9e-55	209.9
BCW-200013_00597	gnl|TC-DB|Q6V6X7|2.A.6.2.18	34.7	467	283	9	6	456	6	466	6.9e-57	218.0
BCW-200013_00598	gnl|TC-DB|P27303|8.A.1.1.1	30.8	315	198	5	47	355	47	347	2.4e-28	122.9
BCW-200013_00606	gnl|TC-DB|Q6EE14|3.A.23.2.1	53.1	855	396	2	9	862	8	858	1.2e-246	849.4
BCW-200013_00608	gnl|TC-DB|Q6EE16|3.A.23.2.1	34.8	632	377	15	4	622	3	612	7.6e-91	331.3
BCW-200013_00617	gnl|TC-DB|Q6EE20|3.A.23.2.1	50.0	466	225	3	32	492	28	490	8.9e-135	476.9
BCW-200013_00618	gnl|TC-DB|Q6EE21|3.A.23.2.1	45.9	159	85	1	4	161	3	161	5.8e-33	137.1
BCW-200013_00621	gnl|TC-DB|Q9KN45|3.A.23.1.1	25.5	1213	790	31	23	1198	31	1166	4.1e-93	339.7
BCW-200013_00622	gnl|TC-DB|Q9KN50|3.A.23.1.1	35.9	223	135	5	20	238	37	255	3.6e-33	139.0
BCW-200013_00623	gnl|TC-DB|Q9KN51|3.A.23.1.1	36.0	445	283	2	1	444	1	444	1.0e-81	300.4
BCW-200013_00626	gnl|TC-DB|P07658|3.D.1.9.2	29.6	365	219	9	114	463	61	402	4.8e-39	159.5
BCW-200013_00632	gnl|TC-DB|P0ADL1|2.A.1.2.26	47.2	394	207	1	1	393	1	394	4.6e-86	314.7
BCW-200013_00635	gnl|TC-DB|P06971|1.B.14.1.2	31.1	726	445	18	20	700	32	747	4.5e-84	308.9
BCW-200013_00636	gnl|TC-DB|A6TAG3|1.E.43.1.1	65.9	82	27	1	1	82	1	81	6.3e-25	109.4
BCW-200013_00640	gnl|TC-DB|P76007|2.A.36.6.11	89.8	577	59	0	1	577	1	577	3.7e-294	1006.5
BCW-200013_00645	gnl|TC-DB|P0AFA7|2.A.34.1.1	77.3	511	115	1	1	510	1	511	2.0e-214	741.5
BCW-200013_00646	gnl|TC-DB|P0A6M2|5.A.2.1.1	76.7	176	41	0	1	176	1	176	2.1e-83	304.7
BCW-200013_00654	gnl|TC-DB|P69451|4.C.1.1.4	94.3	561	32	0	1	561	1	561	0.0e+00	1076.6
BCW-200013_00664	gnl|TC-DB|L5DDD7|2.A.109.2.3	50.1	521	242	9	1	509	370	884	3.1e-122	435.3
BCW-200013_00665	gnl|TC-DB|P69797|4.A.6.1.1	93.8	323	18	1	1	321	1	323	4.7e-161	563.5
BCW-200013_00666	gnl|TC-DB|P69801|4.A.6.1.1	94.4	266	15	0	1	266	1	266	4.9e-132	466.8
BCW-200013_00667	gnl|TC-DB|P69805|4.A.6.1.1	91.5	283	24	0	1	283	4	286	2.0e-147	518.1
BCW-200013_00669	gnl|TC-DB|P76264|2.A.107.1.1	88.8	188	21	0	13	200	1	188	1.7e-92	335.1
BCW-200013_00678	gnl|TC-DB|P76269|2.A.1.3.17	82.1	457	82	0	1	457	1	457	9.5e-208	719.2
BCW-200013_00679	gnl|TC-DB|P23894|9.B.1.1.6	94.2	293	17	0	1	293	1	293	6.4e-149	523.1
BCW-200013_00680	gnl|TC-DB|P23865|9.B.174.1.2	91.2	682	60	0	1	682	1	682	0.0e+00	1233.8
BCW-200013_00691	gnl|TC-DB|P76278|9.B.62.1.4	52.4	290	137	1	1	289	1	290	8.4e-77	283.5
BCW-200013_00692	gnl|TC-DB|Q4KDN3|9.B.62.1.5	43.5	108	61	0	15	122	13	120	1.4e-17	85.5
BCW-200013_00705	gnl|TC-DB|B7L5V2|1.A.34.1.3	41.4	210	117	2	198	407	14	217	2.5e-40	162.9
BCW-200013_00706	gnl|TC-DB|P39172|3.A.1.15.5	80.5	226	40	1	1	226	89	310	8.5e-93	336.3
BCW-200013_00707	gnl|TC-DB|P0A9X1|3.A.1.15.5	92.0	251	20	0	1	251	1	251	8.8e-131	462.6
BCW-200013_00708	gnl|TC-DB|P39832|3.A.1.15.5	90.0	260	26	0	1	260	1	260	1.4e-107	385.6
BCW-200013_00720	gnl|TC-DB|P67826|9.B.158.1.2	72.2	245	68	0	1	245	1	245	3.8e-102	367.5
BCW-200013_00724	gnl|TC-DB|P31474|2.A.1.3.51	82.0	477	84	1	1	477	1	475	1.5e-211	731.9
BCW-200013_00727	gnl|TC-DB|P02925|3.A.1.2.1	98.0	296	6	0	1	296	1	296	2.1e-155	544.7
BCW-200013_00728	gnl|TC-DB|P0AGI1|3.A.1.2.1	94.4	321	18	0	1	321	1	321	5.5e-146	513.5
BCW-200013_00729	gnl|TC-DB|P04983|3.A.1.2.1	96.8	501	16	0	1	501	1	501	1.5e-278	954.5
BCW-200013_00731	gnl|TC-DB|P63183|2.A.72.1.1	92.6	622	46	0	1	622	1	622	0.0e+00	1146.0
BCW-200013_00739	gnl|TC-DB|C4X3L3|1.A.77.3.8	89.7	126	13	0	1	126	25	150	1.8e-55	211.5
BCW-200013_00740	gnl|TC-DB|P0AB98|3.A.2.1.1	93.0	271	19	0	1	271	1	271	7.5e-144	506.1
BCW-200013_00741	gnl|TC-DB|P68699|3.A.2.1.1	100.0	79	0	0	1	79	1	79	2.8e-35	143.7
BCW-200013_00742	gnl|TC-DB|P0ABA0|3.A.2.1.1	93.6	156	10	0	1	156	1	156	3.0e-52	201.1
BCW-200013_00743	gnl|TC-DB|P0ABA4|3.A.2.1.1	89.8	177	18	0	1	177	1	177	2.4e-82	301.2
BCW-200013_00744	gnl|TC-DB|P0ABB0|3.A.2.1.1	95.3	513	24	0	1	513	1	513	4.7e-280	959.5
BCW-200013_00745	gnl|TC-DB|P0ABA6|3.A.2.1.1	93.7	287	18	0	1	287	1	287	8.7e-151	529.3
BCW-200013_00746	gnl|TC-DB|P0ABB4|3.A.2.1.1	98.0	460	9	0	1	460	1	460	2.4e-259	890.6
BCW-200013_00747	gnl|TC-DB|P0A6E6|3.A.2.1.1	95.7	139	6	0	1	139	1	139	4.0e-69	256.9
BCW-200013_00750	gnl|TC-DB|P0AG82|3.A.1.7.1	92.2	346	27	0	1	346	1	346	4.5e-186	646.7
BCW-200013_00751	gnl|TC-DB|P0AGH8|3.A.1.7.1	95.0	319	16	0	1	319	1	319	1.4e-165	578.6
BCW-200013_00752	gnl|TC-DB|P07654|3.A.1.7.1	94.3	296	17	0	1	296	1	296	2.8e-152	534.3
BCW-200013_00753	gnl|TC-DB|P0AAH0|3.A.1.7.1	95.3	257	12	0	1	257	1	257	2.1e-143	504.6
BCW-200013_00756	gnl|TC-DB|P31466|2.A.40.7.6	94.4	444	25	0	2	445	1	444	4.7e-228	786.6
BCW-200013_00760	gnl|TC-DB|P31462|2.A.1.2.22	72.2	392	105	2	1	389	1	391	6.5e-149	523.5
BCW-200013_00762	gnl|TC-DB|P25714|2.A.9.3.1	92.3	548	41	1	1	547	1	548	2.6e-281	963.8
BCW-200013_00775	gnl|TC-DB|B7L824|2.A.81.1.5	81.5	552	102	0	1	552	1	552	1.2e-252	868.6
BCW-200013_00777	gnl|TC-DB|Q9AGA7|4.A.1.1.10	90.7	540	50	0	1	540	1	540	1.6e-283	971.1
BCW-200013_00779	gnl|TC-DB|P0ADM0|9.B.51.1.1	86.1	115	16	0	1	115	1	115	3.5e-50	193.7
BCW-200013_00782	gnl|TC-DB|P08555|2.A.8.1.5	90.3	445	43	0	1	445	1	445	6.4e-217	749.6
BCW-200013_00785	gnl|TC-DB|P31442|2.A.1.2.9	88.6	394	45	0	1	394	1	394	8.7e-194	672.5
BCW-200013_00786	gnl|TC-DB|L0LHM3|2.A.7.31.3	48.4	277	142	1	1	276	1	277	1.5e-59	226.1
BCW-200013_00793	gnl|TC-DB|P09836|2.A.1.4.4	88.7	433	49	0	3	435	6	438	1.0e-230	795.4
BCW-200013_00794	gnl|TC-DB|P0AGC0|2.A.1.4.1	93.7	463	29	0	1	463	1	463	8.0e-247	849.0
BCW-200013_00796	gnl|TC-DB|P0ADL1|2.A.1.2.26	85.6	381	55	0	16	396	14	394	1.3e-173	605.5
BCW-200013_00797	gnl|TC-DB|P31437|2.A.7.3.12	84.6	298	46	0	1	298	1	298	1.4e-135	478.8
BCW-200013_00799	gnl|TC-DB|P69791|4.A.3.2.1	51.5	97	47	0	5	101	17	113	3.5e-22	100.5
BCW-200013_00800	gnl|TC-DB|Q86Z14|8.A.49.1.2	26.2	466	291	14	5	455	81	508	1.9e-38	156.8
BCW-200013_00801	gnl|TC-DB|Q9KSH4|4.A.3.2.6	48.6	434	222	1	4	437	6	438	8.5e-121	430.3
BCW-200013_00802	gnl|TC-DB|Q9KSH5|4.A.3.2.6	49.0	100	51	0	1	100	1	100	8.9e-21	95.9
BCW-200013_00806	gnl|TC-DB|P28635|3.A.1.24.1	64.1	262	93	1	5	266	11	271	9.7e-96	346.3
BCW-200013_00809	gnl|TC-DB|Q3YL97|1.B.20.1.3	55.3	568	248	3	4	565	18	585	8.5e-182	633.3
BCW-200013_00810	gnl|TC-DB|917745143|1.C.75.1.2	41.3	984	488	15	3121	4041	2455	3411	1.3e-117	422.9
BCW-200013_00810	gnl|TC-DB|917745143|1.C.75.1.2	44.2	285	152	6	17	297	55	336	1.2e-51	203.8
BCW-200013_00815	gnl|TC-DB|G3IME2|9.B.35.1.2	33.9	112	71	2	27	136	31	141	6.0e-17	83.6
BCW-200013_00820	gnl|TC-DB|Q8CVM4|1.B.11.3.5	43.2	834	442	15	11	822	24	847	7.6e-179	624.0
BCW-200013_00835	gnl|TC-DB|P31435|2.A.2.3.4	86.1	462	60	1	2	463	3	460	1.3e-233	805.1
BCW-200013_00838	gnl|TC-DB|P0AGM9|2.A.40.4.2	94.4	462	26	0	1	462	1	462	7.3e-240	825.9
BCW-200013_00839	gnl|TC-DB|P0AER8|2.A.27.1.1	91.0	400	36	0	1	400	1	400	1.7e-197	684.9
BCW-200013_00846	gnl|TC-DB|P0AGM2|1.A.62.2.3	89.3	205	22	0	1	205	1	205	8.5e-100	359.4
BCW-200013_00858	gnl|TC-DB|B8F5K7|4.D.1.3.2	52.9	244	113	2	5	246	4	247	6.3e-68	253.8
BCW-200013_00860	gnl|TC-DB|P75905|4.D.1.1.3	37.4	91	56	1	6	95	75	165	5.3e-11	65.1
BCW-200013_00875	gnl|TC-DB|B8F5K7|4.D.1.3.2	25.2	254	178	6	4	250	4	252	3.9e-20	95.1
BCW-200013_00877	gnl|TC-DB|B7LEG0|1.A.34.1.2	39.5	119	67	3	308	425	262	376	2.9e-17	86.3
BCW-200013_00885	gnl|TC-DB|Q51955|2.A.1.15.1	45.7	403	219	0	7	409	12	414	1.3e-102	369.8
BCW-200013_00888	gnl|TC-DB|P33231|2.A.14.1.1	91.5	551	47	0	1	551	1	551	6.8e-285	975.7
BCW-200013_00892	gnl|TC-DB|P00550|4.A.2.1.2	92.7	633	46	0	1	633	1	633	0.0e+00	1131.3
BCW-200013_00893	gnl|TC-DB|P32108|9.B.32.1.1	74.1	108	26	1	1	106	1	108	3.2e-43	170.6
BCW-200013_00894	gnl|TC-DB|P37683|8.A.1.1.4	78.6	378	81	0	1	378	1	378	4.8e-165	577.0
BCW-200013_00900	gnl|TC-DB|P37681|9.B.99.1.1	55.3	246	110	0	1	246	1	246	1.8e-80	295.4
BCW-200013_00902	gnl|TC-DB|P0AAK3|3.D.1.9.2	40.0	170	68	2	1	138	1	168	4.7e-31	130.6
BCW-200013_00907	gnl|TC-DB|P0AGI4|3.A.1.2.4	91.3	393	34	0	1	393	1	393	4.3e-185	643.7
BCW-200013_00908	gnl|TC-DB|P37388|3.A.1.2.4	88.9	513	57	0	1	513	1	513	1.2e-264	908.3
BCW-200013_00909	gnl|TC-DB|P37387|3.A.1.2.4	90.3	330	32	0	1	330	1	330	3.1e-168	587.4
BCW-200013_00914	gnl|TC-DB|P37669|9.B.97.1.1	81.6	331	61	0	1	331	1	331	3.8e-158	553.9
BCW-200013_00919	gnl|TC-DB|Q53712|3.A.1.120.3	30.4	527	290	14	40	522	63	556	1.1e-40	164.5
BCW-200013_00924	gnl|TC-DB|Q9RPP3|2.A.1.14.8	28.0	422	286	8	14	423	33	448	3.8e-41	165.6
BCW-200013_00928	gnl|TC-DB|P37665|9.B.186.1.1	90.9	219	20	0	1	219	1	219	2.5e-81	298.1
BCW-200013_00929	gnl|TC-DB|P20099|5.A.3.4.3	81.9	774	140	0	2	775	4	777	0.0e+00	1370.1
BCW-200013_00933	gnl|TC-DB|P37662|2.A.1.11.3	89.7	350	36	0	1	350	1	350	1.8e-170	595.1
BCW-200013_00936	gnl|TC-DB|P33950|3.A.1.5.27	55.3	517	230	1	19	535	30	545	3.7e-171	597.8
BCW-200013_00937	gnl|TC-DB|W0WN20|3.A.1.5.39	65.8	339	113	1	1	339	1	336	3.3e-125	444.5
BCW-200013_00938	gnl|TC-DB|W0WMS8|3.A.1.5.39	53.4	283	132	0	17	299	18	300	1.1e-82	303.1
BCW-200013_00939	gnl|TC-DB|P45095|3.A.1.5.27	76.0	325	77	1	1	325	1	324	4.2e-141	497.3
BCW-200013_00940	gnl|TC-DB|P45094|3.A.1.5.27	76.7	326	75	1	3	327	2	327	2.1e-143	505.0
BCW-200013_00957	gnl|TC-DB|Q8ID54|3.A.25.2.1	34.9	215	130	4	8	215	89	300	1.7e-25	112.8
BCW-200013_00961	gnl|TC-DB|P0AAP1|9.B.34.1.2	31.6	158	100	4	356	506	210	366	7.5e-12	68.6
BCW-200013_00962	gnl|TC-DB|U5MIE1|4.A.3.2.9	63.4	101	37	0	1	101	1	101	1.1e-26	115.5
BCW-200013_00963	gnl|TC-DB|U5MLJ3|4.A.3.2.9	85.4	103	15	0	1	103	1	103	2.9e-43	170.6
BCW-200013_00968	gnl|TC-DB|Q9ZK21|1.C.82.1.1	50.7	223	110	0	3	225	4	226	6.4e-59	223.8
BCW-200013_00971	gnl|TC-DB|P0AG96|3.A.5.1.1	96.1	127	5	0	1	127	1	127	1.7e-58	221.5
BCW-200013_00979	gnl|TC-DB|P45769|3.A.1.3.26	94.8	252	13	0	1	252	1	252	7.4e-138	486.1
BCW-200013_00980	gnl|TC-DB|P45768|3.A.1.3.26	90.5	367	35	0	1	367	1	367	4.8e-194	673.3
BCW-200013_00981	gnl|TC-DB|P45767|3.A.1.3.26	83.7	393	64	0	1	393	1	393	6.1e-187	649.8
BCW-200013_00982	gnl|TC-DB|P45766|3.A.1.3.26	92.7	341	25	0	1	341	1	341	2.6e-186	647.5
BCW-200013_00984	gnl|TC-DB|P24181|2.A.6.2.1	83.7	1032	168	0	1	1032	1	1032	0.0e+00	1672.5
BCW-200013_00985	gnl|TC-DB|P0AE06|8.A.1.6.1	71.6	366	96	2	8	369	14	375	2.4e-140	495.0
BCW-200013_00987	gnl|TC-DB|P76330|9.B.34.1.4	27.7	213	146	3	207	416	349	556	6.4e-14	75.9
BCW-200013_00993	gnl|TC-DB|P16256|2.A.21.1.1	89.9	483	49	0	1	483	1	483	1.8e-228	788.1
BCW-200013_00998	gnl|TC-DB|Q8XB73|5.B.7.1.1	82.1	195	35	0	1	195	1	195	3.0e-89	324.3
BCW-200013_01002	gnl|TC-DB|P0A9X4|9.B.157.1.3	100.0	347	0	0	1	347	1	347	1.7e-193	671.4
BCW-200013_01003	gnl|TC-DB|P16926|9.B.157.1.3	95.6	320	12	1	1	320	1	318	1.0e-166	582.4
BCW-200013_01004	gnl|TC-DB|P0ABH4|9.B.157.1.3	93.2	162	11	0	1	162	1	162	2.2e-82	301.2
BCW-200013_01011	gnl|TC-DB|D7XN98|8.A.48.1.2	97.0	67	2	0	1	67	24	90	1.2e-31	131.3
BCW-200013_01012	gnl|TC-DB|P46482|8.A.1.7.1	89.0	310	34	0	1	310	1	310	9.1e-154	539.3
BCW-200013_01013	gnl|TC-DB|P46481|2.A.85.1.2	85.6	655	94	0	1	655	1	655	0.0e+00	1109.0
BCW-200013_01026	gnl|TC-DB|P0ACA3|1.A.12.3.1	95.3	211	10	0	1	211	1	211	2.0e-115	411.4
BCW-200013_01040	gnl|TC-DB|P0AF98|1.B.42.1.2	87.5	359	45	0	1	359	8	366	1.1e-174	609.0
BCW-200013_01041	gnl|TC-DB|P0ADC6|1.B.42.1.2	93.9	360	22	0	1	360	1	360	6.6e-188	652.9
BCW-200013_01045	gnl|TC-DB|H1XXZ0|8.A.8.1.5	35.2	88	56	1	3	90	2	88	5.5e-11	63.2
BCW-200013_01047	gnl|TC-DB|P71012|4.A.2.1.4	27.5	149	106	2	8	155	1	148	2.0e-11	65.5
BCW-200013_01050	gnl|TC-DB|P0A9V1|1.B.42.1.2	94.6	241	13	0	1	241	1	241	2.3e-128	454.5
BCW-200013_01051	gnl|TC-DB|P0ADV1|1.B.42.1.2	84.3	185	28	1	1	184	1	185	2.0e-84	308.1
BCW-200013_01052	gnl|TC-DB|P0ADW0|1.B.42.1.2	82.7	191	33	0	1	191	1	191	3.0e-91	330.9
BCW-200013_01055	gnl|TC-DB|P45394|2.A.19.5.1	81.1	323	61	0	1	323	1	323	2.4e-141	498.0
BCW-200013_01056	gnl|TC-DB|P63386|3.A.1.27.3	91.0	266	24	0	1	266	1	266	1.6e-133	471.9
BCW-200013_01057	gnl|TC-DB|P64606|3.A.1.27.3	95.0	260	13	0	1	260	1	260	1.3e-132	468.8
BCW-200013_01058	gnl|TC-DB|P64604|3.A.1.27.3	77.5	182	40	1	1	181	1	182	3.1e-77	284.3
BCW-200013_01059	gnl|TC-DB|P0ADV7|3.A.1.27.3	90.0	211	21	0	1	211	1	211	3.3e-107	384.0
BCW-200013_01060	gnl|TC-DB|P64602|3.A.1.27.3	61.9	97	37	0	1	97	1	97	1.3e-29	125.2
BCW-200013_01067	gnl|TC-DB|E1ILD8|2.A.7.3.18	89.4	321	34	0	1	321	1	321	1.0e-160	562.4
BCW-200013_01075	gnl|TC-DB|P25694|3.A.16.1.2	43.3	252	142	1	140	390	472	723	3.3e-57	219.5
BCW-200013_01078	gnl|TC-DB|P0AG99|3.A.5.1.1	91.8	110	9	0	1	110	1	110	7.7e-47	182.6
BCW-200013_01091	gnl|TC-DB|P38919|3.A.18.1.1	36.3	386	236	3	3	379	27	411	2.1e-64	243.4
BCW-200013_01092	gnl|TC-DB|P0AAD2|2.A.42.1.2	93.0	414	29	0	1	414	1	414	7.0e-218	752.7
BCW-200013_01098	gnl|TC-DB|P39285|1.A.23.1.3	88.2	1107	131	0	1	1107	1	1107	0.0e+00	1794.2
BCW-200013_01100	gnl|TC-DB|F9VN10|3.D.10.1.4	40.3	586	325	8	1	581	1	566	5.9e-109	391.3
BCW-200013_01101	gnl|TC-DB|P17596|3.D.10.1.3	28.0	218	152	5	7	219	5	222	3.1e-24	108.6
BCW-200013_01107	gnl|TC-DB|D5CES3|2.A.7.1.10	95.2	105	5	0	1	105	1	105	1.2e-46	181.8
BCW-200013_01109	gnl|TC-DB|P0ADB7|9.B.13.1.1	91.7	48	4	0	1	48	1	48	1.0e-16	81.3
BCW-200013_01116	gnl|TC-DB|P39277|2.A.3.13.1	82.4	409	72	0	1	409	1	409	9.6e-191	662.5
BCW-200013_01119	gnl|TC-DB|P0ABN5|2.A.13.1.1	62.0	434	163	2	1	433	1	433	4.5e-143	504.2
BCW-200013_01121	gnl|TC-DB|P36655|5.A.1.1.1	84.8	565	84	2	1	563	1	565	6.1e-273	936.0
BCW-200013_01143	gnl|TC-DB|P0C0L7|2.A.1.6.4	35.4	424	252	6	7	415	24	440	3.0e-67	252.3
BCW-200013_01145	gnl|TC-DB|M3JA40|1.B.52.2.1	31.9	163	100	4	482	635	287	447	5.0e-13	72.8
BCW-200013_01151	gnl|TC-DB|P39301|4.A.7.1.1	95.5	465	21	0	1	465	1	465	5.4e-251	862.8
BCW-200013_01152	gnl|TC-DB|P69822|4.A.7.1.1	97.0	101	3	0	1	101	1	101	1.6e-51	198.0
BCW-200013_01153	gnl|TC-DB|P69820|4.A.7.1.1	89.0	154	17	0	1	154	1	154	6.1e-74	273.1
BCW-200013_01164	gnl|TC-DB|P0AAE0|2.A.3.1.7	94.5	469	26	0	1	469	1	469	5.1e-249	856.3
BCW-200013_01167	gnl|TC-DB|P39314|2.A.7.3.19	83.1	320	54	0	1	320	1	320	2.7e-153	537.7
BCW-200013_01173	gnl|TC-DB|P69451|4.C.1.1.4	25.3	541	323	22	45	548	50	546	2.4e-29	129.0
BCW-200013_01185	gnl|TC-DB|Q0PBV6|9.A.40.2.2	23.0	427	323	4	5	428	26	449	1.7e-36	150.2
BCW-200013_01186	gnl|TC-DB|Q6D188|2.A.2.5.2	41.7	499	283	5	7	500	4	499	5.8e-105	377.9
BCW-200013_01193	gnl|TC-DB|P0ADE4|1.B.33.2.4	86.5	577	78	0	1	577	1	577	3.6e-305	1043.1
BCW-200013_01194	gnl|TC-DB|P39321|9.B.22.1.2	84.9	1259	189	1	1	1258	1	1259	0.0e+00	2167.1
BCW-200013_01200	gnl|TC-DB|P39325|3.A.1.2.25	95.0	318	16	0	1	318	1	318	2.7e-169	590.9
BCW-200013_01201	gnl|TC-DB|Q6BEX0|3.A.1.2.25	93.6	500	32	0	1	500	1	500	1.7e-266	914.4
BCW-200013_01202	gnl|TC-DB|P39328|3.A.1.2.25	86.2	340	47	0	1	340	2	341	8.7e-158	552.7
BCW-200013_01203	gnl|TC-DB|P37772|3.A.1.2.25	96.9	327	10	0	1	327	1	327	1.8e-171	598.2
BCW-200013_01204	gnl|TC-DB|M3JA40|1.B.52.2.1	51.8	83	37	1	331	410	257	339	4.8e-14	75.9
BCW-200013_01225	gnl|TC-DB|Q05839|8.A.9.1.1	31.3	515	286	12	7	496	109	580	1.7e-70	263.5
BCW-200013_01226	gnl|TC-DB|P36672|4.A.1.2.4	89.0	472	52	0	1	472	2	473	1.0e-241	832.0
BCW-200013_01228	gnl|TC-DB|P36640|3.A.3.4.1	84.3	902	142	0	1	902	1	902	0.0e+00	1499.2
BCW-200013_01234	gnl|TC-DB|Q11G42|2.A.118.1.2	57.0	465	199	1	3	466	12	476	4.3e-139	491.1
BCW-200013_01241	gnl|TC-DB|P75683|2.A.2.3.5	98.9	460	5	0	1	460	1	460	5.3e-259	889.4
BCW-200013_01259	gnl|TC-DB|Q5EAK4|2.A.16.2.2	25.5	369	225	12	140	481	1363	1708	2.9e-13	73.9
BCW-200013_01271	gnl|TC-DB|Q5FA63|3.A.1.15.10	39.9	306	159	4	1	285	6	307	2.2e-53	205.7
BCW-200013_01272	gnl|TC-DB|A1IQK4|3.A.1.15.10	55.0	271	121	1	3	273	4	273	7.5e-70	260.4
BCW-200013_01273	gnl|TC-DB|A1IQK5|3.A.1.15.10	42.1	202	116	1	2	202	13	214	1.8e-39	159.1
BCW-200013_01275	gnl|TC-DB|P56579|4.A.4.1.1	96.3	187	7	0	1	187	1	187	2.2e-102	367.9
BCW-200013_01276	gnl|TC-DB|P56580|4.A.4.1.1	90.9	320	27	2	1	319	1	319	8.2e-150	526.2
BCW-200013_01277	gnl|TC-DB|P05706|4.A.4.1.1	77.1	118	27	0	1	118	1	118	5.2e-49	189.9
BCW-200013_01282	gnl|TC-DB|Q9KN48|3.A.23.1.1	41.7	266	150	1	187	452	193	453	2.6e-49	193.0
BCW-200013_01285	gnl|TC-DB|P23516|2.A.52.1.1	53.0	336	154	3	9	340	16	351	5.6e-96	347.4
BCW-200013_01287	gnl|TC-DB|Q5P036|5.A.3.11.1	32.7	171	90	8	5	158	5	167	4.0e-16	81.3
BCW-200013_01289	gnl|TC-DB|P24241|4.A.1.2.3	89.0	482	51	1	1	482	1	480	2.6e-232	800.8
BCW-200013_01290	gnl|TC-DB|Q86Z14|8.A.49.1.2	24.8	491	289	18	4	474	81	511	5.3e-36	148.7
BCW-200013_01293	gnl|TC-DB|P16433|3.D.1.9.2	92.2	255	20	0	1	255	1	255	4.0e-139	490.3
BCW-200013_01294	gnl|TC-DB|P16432|3.D.1.9.2	87.7	179	22	0	1	179	1	179	7.8e-81	296.2
BCW-200013_01295	gnl|TC-DB|P16431|3.D.1.9.2	94.0	569	34	0	1	569	1	569	0.0e+00	1115.9
BCW-200013_01296	gnl|TC-DB|P16430|3.D.1.9.2	85.3	307	45	0	1	307	1	307	7.4e-140	493.0
BCW-200013_01297	gnl|TC-DB|P16429|3.D.1.9.2	75.8	608	143	1	1	604	1	608	7.0e-259	889.4
BCW-200013_01298	gnl|TC-DB|P0AAK3|3.D.1.9.2	88.0	200	24	0	1	200	1	200	2.1e-95	344.7
BCW-200013_01305	gnl|TC-DB|Q9KN48|3.A.23.1.1	42.8	278	156	2	330	606	143	418	6.5e-51	198.7
BCW-200013_01307	gnl|TC-DB|Q7W024|3.A.1.14.20	35.5	313	195	3	31	343	4	309	1.8e-38	156.4
BCW-200013_01308	gnl|TC-DB|P15031|3.A.1.14.1	39.4	249	148	1	1	246	1	249	1.7e-49	192.6
BCW-200013_01318	gnl|TC-DB|O32182|2.A.1.3.33	21.2	401	256	5	12	353	20	419	2.6e-20	96.3
BCW-200013_01321	gnl|TC-DB|B7LEG0|1.A.34.1.2	78.2	381	74	3	1	374	1	379	2.1e-141	498.4
BCW-200013_01340	gnl|TC-DB|D1GUL7|2.A.1.3.59	54.2	417	186	2	11	425	4	417	3.3e-123	438.3
BCW-200013_01343	gnl|TC-DB|P20166|4.A.1.1.9	46.8	521	251	9	14	519	6	515	4.9e-120	427.9
BCW-200013_01351	gnl|TC-DB|Q93N33|2.A.21.9.2	31.1	273	165	8	265	522	752	1016	7.9e-20	95.9
BCW-200013_01355	gnl|TC-DB|C4ZZU4|2.A.1.14.40	94.6	448	24	0	1	448	1	448	8.3e-249	855.5
BCW-200013_01362	gnl|TC-DB|P0AAD6|2.A.42.2.1	92.8	429	31	0	1	429	1	429	1.9e-218	754.6
BCW-200013_01378	gnl|TC-DB|P76350|2.A.1.6.6	90.8	435	40	0	1	435	1	435	4.6e-228	786.6
BCW-200013_01381	gnl|TC-DB|Q9KRG9|2.A.6.2.38	49.0	1011	514	2	3	1012	22	1031	2.6e-274	941.4
BCW-200013_01382	gnl|TC-DB|Q9RBY9|2.A.6.2.41	29.0	376	220	14	7	353	15	372	3.7e-13	72.4
BCW-200013_01385	gnl|TC-DB|A8R5V4|3.A.3.2.41	48.1	886	451	4	7	890	3	881	1.9e-228	788.9
BCW-200013_01400	gnl|TC-DB|A5W3Z9|9.B.153.4.3	31.3	275	184	4	24	297	18	288	5.8e-33	137.9
BCW-200013_01403	gnl|TC-DB|Q7CGN6|1.B.14.9.3	79.9	730	142	2	1	729	1	726	0.0e+00	1204.1
BCW-200013_01413	gnl|TC-DB|P16482|2.A.1.6.1	88.6	431	44	1	3	428	11	441	6.3e-209	723.0
BCW-200013_01415	gnl|TC-DB|P39414|2.A.47.3.3	50.7	473	233	0	29	501	13	485	7.6e-134	473.8
BCW-200013_01421	gnl|TC-DB|Q56111|1.B.1.1.22	65.7	396	118	4	1	391	1	383	2.5e-148	521.5
BCW-200013_01425	gnl|TC-DB|p0aa70|2.A.7.3.22	89.9	298	30	0	1	298	1	298	1.1e-146	515.8
BCW-200013_01428	gnl|TC-DB|P76330|9.B.34.1.4	60.3	562	223	0	1	562	1	562	5.1e-195	677.2
BCW-200013_01433	gnl|TC-DB|P54702|3.A.6.2.1	78.8	259	55	0	1	259	1	259	2.0e-114	408.3
BCW-200013_01434	gnl|TC-DB|P0A1L5|3.A.6.2.1	89.9	89	9	0	1	89	1	89	7.6e-37	149.1
BCW-200013_01435	gnl|TC-DB|P54700|3.A.6.2.1	91.4	245	21	0	1	245	1	245	1.2e-116	415.6
BCW-200013_01436	gnl|TC-DB|P0A1L1|3.A.6.2.1	69.4	124	38	0	1	124	2	125	5.1e-39	156.8
BCW-200013_01437	gnl|TC-DB|P26419|3.A.6.2.1	95.6	137	6	0	1	137	1	137	2.9e-67	250.8
BCW-200013_01442	gnl|TC-DB|P26465|3.A.6.2.1	94.1	456	27	0	1	456	1	456	2.8e-244	840.5
BCW-200013_01443	gnl|TC-DB|P15934|3.A.6.2.1	86.0	235	33	0	1	235	1	235	7.5e-76	280.0
BCW-200013_01445	gnl|TC-DB|P15928|3.A.6.2.1	79.8	560	112	1	1	559	1	560	3.4e-244	840.5
BCW-200013_01461	gnl|TC-DB|P0AEM9|3.A.1.3.10	91.4	266	23	0	1	266	1	266	3.3e-136	480.7
BCW-200013_01463	gnl|TC-DB|P0AFT2|3.A.1.3.10	92.3	222	17	0	1	222	1	222	1.5e-110	395.2
BCW-200013_01464	gnl|TC-DB|P37774|3.A.1.3.10	93.6	250	16	0	1	250	1	250	4.8e-129	456.8
BCW-200013_01469	gnl|TC-DB|K0WKG7|4.F.1.1.8	61.5	174	65	1	4	175	2	175	1.0e-51	199.5
BCW-200013_01504	gnl|TC-DB|Q9KW03|9.A.33.1.1	43.6	165	88	1	4	163	7	171	4.5e-31	132.1
BCW-200013_01515	gnl|TC-DB|P22731|3.A.1.4.1	58.6	237	98	0	1	237	1	237	4.3e-71	264.2
BCW-200013_01516	gnl|TC-DB|P21629|3.A.1.4.8	51.6	285	104	3	1	283	1	253	2.3e-74	275.4
BCW-200013_01517	gnl|TC-DB|P21628|3.A.1.4.8	52.9	420	174	7	9	414	1	410	2.0e-106	382.5
BCW-200013_01518	gnl|TC-DB|P0AEX7|3.A.1.4.1	55.6	302	133	1	4	304	7	308	1.6e-86	315.8
BCW-200013_01519	gnl|TC-DB|P0AD96|3.A.1.4.1	42.9	359	196	5	13	367	8	361	1.5e-81	299.7
BCW-200013_01521	gnl|TC-DB|A8YQR5|3.A.23.2.1	23.0	530	336	18	22	522	15	501	9.4e-20	95.5
BCW-200013_01524	gnl|TC-DB|A8YQR5|3.A.23.2.1	41.4	290	167	3	1	288	221	509	4.0e-59	225.3
BCW-200013_01537	gnl|TC-DB|A8YQR5|3.A.23.2.1	41.0	290	168	3	1	288	221	509	6.7e-59	224.6
BCW-200013_01553	gnl|TC-DB|P0AFR2|2.A.53.3.11	91.1	559	50	0	1	559	1	559	1.8e-256	881.3
BCW-200013_01556	gnl|TC-DB|P61320|1.B.46.1.1	85.1	201	30	0	3	203	7	207	4.5e-101	363.6
BCW-200013_01563	gnl|TC-DB|P31801|2.A.19.1.1	91.5	366	31	0	1	366	1	366	1.2e-173	605.5
BCW-200013_01570	gnl|TC-DB|P38043|3.A.1.16.1	40.6	387	214	9	32	404	48	432	3.3e-74	275.4
BCW-200013_01571	gnl|TC-DB|Q7BW13|3.A.1.16.2	49.1	267	124	4	26	289	2	259	1.1e-65	246.5
BCW-200013_01572	gnl|TC-DB|P38045|3.A.1.16.1	55.3	257	113	2	1	256	1	256	5.8e-77	283.9
BCW-200013_01575	gnl|TC-DB|P39165|1.B.54.1.9	63.9	451	163	0	13	463	13	463	2.0e-173	605.1
BCW-200013_01578	gnl|TC-DB|P10903|2.A.1.8.1	85.7	463	66	0	1	463	1	463	7.8e-234	805.8
BCW-200013_01579	gnl|TC-DB|P09152|5.A.3.1.1	93.8	1247	77	0	1	1247	1	1247	0.0e+00	2487.6
BCW-200013_01580	gnl|TC-DB|P11349|5.A.3.1.1	92.8	511	36	1	1	510	1	511	5.7e-294	1005.7
BCW-200013_01582	gnl|TC-DB|P11350|5.A.3.1.1	89.3	224	24	0	1	224	1	224	1.2e-115	412.1
BCW-200013_01594	gnl|TC-DB|P25743|2.A.95.1.7	92.1	215	17	0	1	215	1	215	3.5e-104	374.0
BCW-200013_01595	gnl|TC-DB|P06202|3.A.1.5.1	91.5	543	46	0	1	543	1	543	2.3e-301	1030.4
BCW-200013_01596	gnl|TC-DB|P0AFH2|3.A.1.5.41	95.8	306	13	0	1	306	1	306	3.0e-149	524.2
BCW-200013_01597	gnl|TC-DB|P08006|3.A.1.5.1	96.7	302	10	0	1	302	1	302	9.5e-140	492.7
BCW-200013_01598	gnl|TC-DB|P76027|3.A.1.5.41	92.0	337	27	0	1	337	1	337	2.2e-177	617.8
BCW-200013_01599	gnl|TC-DB|P77737|3.A.1.5.41	96.1	334	13	0	1	334	1	334	2.5e-189	657.5
BCW-200013_01600	gnl|TC-DB|Q1D027|1.A.1.24.3	40.7	270	150	5	20	287	14	275	3.7e-40	161.8
BCW-200013_01603	gnl|TC-DB|P76249|2.A.76.1.5	73.9	211	53	2	15	224	1	210	5.7e-81	297.0
BCW-200013_01606	gnl|TC-DB|P02929|2.C.1.1.1	67.5	240	77	1	6	245	1	239	5.5e-53	204.1
BCW-200013_01610	gnl|TC-DB|P0A915|1.B.39.1.6	79.2	212	42	2	1	210	1	212	1.1e-97	352.4
BCW-200013_01613	gnl|TC-DB|P31064|9.B.102.1.1	88.4	396	46	0	1	396	1	396	8.9e-210	725.7
BCW-200013_01624	gnl|TC-DB|M4VAL8|8.A.21.2.4	29.5	166	114	2	136	298	74	239	1.3e-12	70.5
BCW-200013_01626	gnl|TC-DB|Q07711|3.A.7.7.1	24.8	640	408	22	80	674	77	688	3.6e-30	130.2
BCW-200013_01638	gnl|TC-DB|D4ZZR3|9.B.34.1.3	27.9	179	108	3	229	394	225	395	7.2e-15	79.0
BCW-200013_01642	gnl|TC-DB|W9BHF5|2.A.6.2.49	83.9	1024	165	0	1	1024	1	1024	0.0e+00	1625.9
BCW-200013_01647	gnl|TC-DB|P36638|3.A.1.5.5	93.3	268	18	0	1	268	1	268	4.5e-141	496.9
BCW-200013_01648	gnl|TC-DB|P36636|3.A.1.5.5	93.9	330	20	0	1	330	1	330	1.7e-187	651.4
BCW-200013_01649	gnl|TC-DB|P0AGH5|3.A.1.5.42	90.2	296	29	0	1	296	1	296	5.6e-153	536.6
BCW-200013_01650	gnl|TC-DB|P0A2J3|3.A.1.5.5	91.6	321	27	0	1	321	1	321	2.8e-166	580.9
BCW-200013_01651	gnl|TC-DB|P36634|3.A.1.5.5	89.4	549	55	2	1	546	1	549	1.6e-291	997.7
BCW-200013_01652	gnl|TC-DB|Q9KN48|3.A.23.1.1	41.9	227	131	1	8	234	193	418	8.1e-44	174.1
BCW-200013_01653	gnl|TC-DB|E8XKQ3|9.B.100.1.1	91.0	222	20	0	1	222	1	222	3.2e-100	360.9
BCW-200013_01658	gnl|TC-DB|P76042|3.A.1.1.46	75.5	425	104	0	5	429	5	429	1.7e-190	661.8
BCW-200013_01659	gnl|TC-DB|P0AFR7|3.A.1.1.46	92.8	293	21	0	1	293	1	293	9.5e-153	535.8
BCW-200013_01660	gnl|TC-DB|P77716|3.A.1.1.46	91.4	280	24	0	1	280	1	280	4.0e-140	493.8
BCW-200013_01666	gnl|TC-DB|P77481|3.A.1.1.46	84.7	360	55	0	1	360	1	360	1.1e-171	599.0
BCW-200013_01667	gnl|TC-DB|P76045|1.B.21.1.1	71.4	304	84	3	1	304	1	301	1.1e-132	469.2
BCW-200013_01671	gnl|TC-DB|Q9KN48|3.A.23.1.1	35.0	329	180	5	206	500	193	521	1.8e-42	170.2
BCW-200013_01676	gnl|TC-DB|P77348|3.A.1.5.1	90.0	538	53	1	1	538	1	537	4.6e-294	1006.1
BCW-200013_01678	gnl|TC-DB|D4ZZR3|9.B.34.1.3	38.9	167	96	2	247	407	227	393	8.6e-27	117.9
BCW-200013_01680	gnl|TC-DB|M3JA40|1.B.52.2.1	31.6	177	79	3	198	339	287	456	5.4e-15	78.6
BCW-200013_01681	gnl|TC-DB|Q9EYX5|1.A.35.4.1	89.6	327	34	0	1	327	1	327	4.9e-174	606.7
BCW-200013_01682	gnl|TC-DB|P38919|3.A.18.1.1	35.4	325	207	3	22	344	57	380	1.4e-57	220.3
BCW-200013_01693	gnl|TC-DB|P77747|1.B.1.1.21	82.0	377	60	1	1	369	1	377	1.9e-182	634.8
BCW-200013_01698	gnl|TC-DB|P0ABK2|3.D.4.3.2	29.8	363	214	11	5	329	7	366	6.2e-31	131.3
BCW-200013_01702	gnl|TC-DB|P76108|3.A.1.11.9	90.0	381	38	0	1	381	1	381	5.3e-212	733.0
BCW-200013_01703	gnl|TC-DB|P77795|3.A.1.11.9	82.5	337	59	0	1	337	1	337	7.8e-159	556.2
BCW-200013_01704	gnl|TC-DB|P77156|3.A.1.11.9	88.9	314	34	1	1	314	1	313	5.8e-156	546.6
BCW-200013_01705	gnl|TC-DB|P0AFR9|3.A.1.11.9	90.1	262	26	0	1	262	1	262	1.2e-133	472.2
BCW-200013_01711	gnl|TC-DB|P33950|3.A.1.5.27	49.2	535	257	2	5	525	4	537	2.9e-147	518.5
BCW-200013_01713	gnl|TC-DB|P76111|2.A.7.21.2	86.6	149	20	0	1	149	1	149	1.1e-64	242.3
BCW-200013_01718	gnl|TC-DB|P76115|1.B.14.9.5	78.8	704	145	2	1	704	1	700	0.0e+00	1161.7
BCW-200013_01720	gnl|TC-DB|P40812|2.A.3.1.8	91.5	484	41	0	1	484	1	484	1.1e-254	875.2
BCW-200013_01721	gnl|TC-DB|M3JA40|1.B.52.2.1	30.2	189	115	2	338	509	270	458	2.1e-14	77.0
BCW-200013_01726	gnl|TC-DB|Q9F3K5|3.A.1.3.24	27.7	242	154	6	78	304	82	317	1.0e-16	84.0
BCW-200013_01728	gnl|TC-DB|Q9F3K6|3.A.1.3.24	40.9	276	156	3	5	280	21	289	9.0e-45	177.2
BCW-200013_01729	gnl|TC-DB|Q9F3K7|3.A.1.3.24	57.8	249	105	0	9	257	5	253	1.5e-80	295.8
BCW-200013_01730	gnl|TC-DB|P0AEM9|3.A.1.3.10	30.1	236	149	9	45	276	36	259	1.7e-16	83.2
BCW-200013_01736	gnl|TC-DB|O05256|2.A.24.2.3	58.0	414	174	0	24	437	30	443	1.3e-132	469.5
BCW-200013_01746	gnl|TC-DB|P43531|2.A.1.36.1	36.2	378	240	1	22	399	35	411	2.5e-58	222.6
BCW-200013_01756	gnl|TC-DB|P75763|2.A.47.3.5	59.7	477	192	0	1	477	1	477	3.1e-161	564.7
BCW-200013_01758	gnl|TC-DB|P37594|2.A.1.3.14	75.9	493	119	0	1	493	1	493	2.7e-184	641.3
BCW-200013_01761	gnl|TC-DB|Q9L3M3|3.A.1.4.3	33.2	368	231	8	4	367	1	357	6.0e-46	181.4
BCW-200013_01762	gnl|TC-DB|Q8DQH7|3.A.1.4.10	49.8	233	116	1	4	235	3	235	1.4e-61	232.6
BCW-200013_01763	gnl|TC-DB|Q8DQH8|3.A.1.4.10	46.1	254	136	1	1	253	1	254	1.5e-58	222.6
BCW-200013_01764	gnl|TC-DB|P21628|3.A.1.4.8	41.1	353	155	6	24	362	96	409	5.7e-54	208.0
BCW-200013_01765	gnl|TC-DB|P21627|3.A.1.4.8	43.5	306	159	4	5	309	8	300	5.6e-50	194.5
BCW-200013_01767	gnl|TC-DB|D6QLX8|1.B.1.1.19	73.6	375	85	3	1	369	1	367	4.8e-162	567.0
BCW-200013_01768	gnl|TC-DB|V2FAS1|2.A.7.17.1	75.1	273	68	0	1	273	20	292	2.3e-116	414.8
BCW-200013_01770	gnl|TC-DB|P24183|5.A.3.2.1	95.9	195	8	0	1	195	1	195	4.7e-108	386.7
BCW-200013_01771	gnl|TC-DB|P24183|5.A.3.2.1	91.0	803	72	0	1	803	213	1015	0.0e+00	1552.0
BCW-200013_01772	gnl|TC-DB|P0AAJ3|5.A.3.2.1	90.5	294	28	0	1	294	1	294	1.2e-168	588.6
BCW-200013_01773	gnl|TC-DB|P0AEK7|5.A.3.2.1	86.6	217	29	0	1	217	1	217	1.9e-110	394.8
BCW-200013_01777	gnl|TC-DB|P23910|2.A.1.2.14	71.2	385	109	1	1	385	1	383	8.8e-146	513.1
BCW-200013_01780	gnl|TC-DB|Q9F9T4|3.A.1.5.23	45.3	558	273	6	3	532	19	572	3.0e-120	428.7
BCW-200013_01781	gnl|TC-DB|W0WMS8|3.A.1.5.39	33.2	262	169	1	17	272	24	285	1.3e-37	153.3
BCW-200013_01782	gnl|TC-DB|P77308|3.A.1.5.38	28.7	331	204	3	5	306	7	334	1.6e-28	123.2
BCW-200013_01785	gnl|TC-DB|P39115|3.A.1.121.3	29.1	498	307	9	1	479	1	471	2.3e-49	193.4
BCW-200013_01795	gnl|TC-DB|P77622|3.A.1.5.38	76.9	308	71	0	1	308	1	308	1.2e-134	475.7
BCW-200013_01796	gnl|TC-DB|P77268|3.A.1.5.38	79.3	324	67	0	1	324	1	324	1.9e-146	515.0
BCW-200013_01797	gnl|TC-DB|P77463|3.A.1.5.38	76.1	297	71	0	1	297	1	297	9.7e-121	429.5
BCW-200013_01798	gnl|TC-DB|P77308|3.A.1.5.38	91.8	340	28	0	1	340	1	340	7.3e-181	629.4
BCW-200013_01799	gnl|TC-DB|P76128|3.A.1.5.38	85.5	511	70	1	4	510	6	516	1.2e-256	881.7
BCW-200013_01805	gnl|TC-DB|P22340|1.B.3.1.2	73.7	505	133	0	1	505	1	505	1.8e-207	718.4
BCW-200013_01806	gnl|TC-DB|P08470|4.A.1.2.1	94.3	456	26	0	1	456	1	456	1.7e-241	831.2
BCW-200013_01813	gnl|TC-DB|O33918|5.A.1.5.1	47.5	687	285	10	1	674	1	624	3.3e-164	575.1
BCW-200013_01829	gnl|TC-DB|B1HGV3|9.B.211.1.1	48.5	324	159	1	5	328	3	318	7.0e-80	293.9
BCW-200013_01833	gnl|TC-DB|P76269|2.A.1.3.17	36.8	457	281	5	11	465	7	457	8.5e-71	264.2
BCW-200013_01835	gnl|TC-DB|Q9HV74|2.A.21.9.1	28.6	224	140	6	267	480	761	974	5.4e-20	95.5
BCW-200013_01837	gnl|TC-DB|Q9ZHD2|1.B.17.3.4	87.9	461	56	0	1	461	1	461	7.0e-227	782.7
BCW-200013_01838	gnl|TC-DB|P77214|2.A.6.1.4	48.2	114	51	4	1	113	1	107	3.3e-21	97.4
BCW-200013_01839	gnl|TC-DB|P77239|2.A.6.1.4	68.3	410	125	3	6	413	1	407	4.3e-159	557.4
BCW-200013_01840	gnl|TC-DB|Q9ZHC9|2.A.6.1.3	94.5	1048	58	0	1	1048	1	1048	0.0e+00	1933.3
BCW-200013_01841	gnl|TC-DB|Q8KRT4|1.C.80.1.1	44.8	183	87	6	15	188	1	178	2.8e-28	121.7
BCW-200013_01843	gnl|TC-DB|P07110|1.B.11.2.1	48.2	815	403	10	31	831	23	832	5.5e-214	740.7
BCW-200013_01851	gnl|TC-DB|Q8XG43|2.A.117.1.3	50.7	138	68	0	7	144	18	155	3.2e-32	134.4
BCW-200013_01857	gnl|TC-DB|P9WG63|5.A.1.2.9	32.0	435	245	8	4	395	119	545	2.8e-51	199.1
BCW-200013_01863	gnl|TC-DB|B2N0W4|1.A.46.2.6	79.9	304	61	0	1	304	18	321	8.4e-136	479.6
BCW-200013_01866	gnl|TC-DB|P0AAP1|9.B.34.1.2	32.5	163	110	0	153	315	199	361	7.2e-21	97.8
BCW-200013_01867	gnl|TC-DB|P76330|9.B.34.1.4	33.1	178	111	4	292	464	386	560	5.9e-19	92.0
BCW-200013_01876	gnl|TC-DB|P31122|2.A.1.2.15	84.3	396	62	0	1	396	1	396	4.5e-182	633.6
BCW-200013_01877	gnl|TC-DB|P0AEY1|2.A.95.1.1	88.7	221	25	0	1	221	1	221	8.3e-101	362.8
BCW-200013_01881	gnl|TC-DB|P31125|2.A.7.3.2	84.5	297	46	0	1	297	1	297	1.2e-134	475.7
BCW-200013_01882	gnl|TC-DB|P31126|2.A.1.2.55	68.5	390	122	1	1	390	1	389	3.0e-149	524.6
BCW-200013_01883	gnl|TC-DB|O05703|3.A.1.15.3	52.4	185	88	0	29	213	317	501	7.6e-51	196.8
BCW-200013_01884	gnl|TC-DB|Q9L3S2|3.A.1.4.4	47.9	215	110	2	14	227	4	217	5.9e-49	190.7
BCW-200013_01885	gnl|TC-DB|Q8NRV8|3.A.1.4.5	42.6	242	131	4	25	264	3	238	3.3e-43	171.8
BCW-200013_01886	gnl|TC-DB|Q9L3S4|3.A.1.4.4	43.1	311	174	2	45	353	30	339	6.1e-61	231.1
BCW-200013_01887	gnl|TC-DB|Q8NRW0|3.A.1.4.5	43.9	294	159	2	228	521	4	291	8.4e-59	224.6
BCW-200013_01888	gnl|TC-DB|Q8NRW1|3.A.1.4.5	46.4	377	186	6	27	403	49	409	4.2e-93	338.2
BCW-200013_01896	gnl|TC-DB|P76103|2.A.46.1.9	68.1	383	122	0	1	383	1	383	2.2e-141	498.4
BCW-200013_01900	gnl|TC-DB|P33950|3.A.1.5.27	51.3	538	249	2	5	530	9	545	5.9e-161	563.9
BCW-200013_01906	gnl|TC-DB|P09551|3.A.1.3.1	44.9	247	134	1	5	249	7	253	1.0e-57	219.9
BCW-200013_01917	gnl|TC-DB|P0ABK2|3.D.4.3.2	29.2	363	212	11	8	330	10	367	2.4e-35	146.0
BCW-200013_01937	gnl|TC-DB|Q9I2M0|3.A.1.109.4	42.1	390	217	5	3	385	6	393	8.7e-77	283.9
BCW-200013_01938	gnl|TC-DB|Q9I2M1|3.A.1.109.4	42.0	707	403	6	5	710	17	717	5.6e-138	488.0
BCW-200013_01956	gnl|TC-DB|P45522|2.A.37.1.2	89.9	601	61	0	1	601	1	601	8.1e-300	1025.4
BCW-200013_01957	gnl|TC-DB|P0A756|2.A.37.1.2	88.0	183	22	0	1	183	2	184	3.0e-96	347.4
BCW-200013_01958	gnl|TC-DB|Q83XH1|3.A.1.121.4	31.1	546	356	7	1	527	1	545	1.7e-74	276.9
BCW-200013_01964	gnl|TC-DB|P45537|2.A.85.1.3	82.1	692	123	1	1	691	5	696	0.0e+00	1138.6
BCW-200013_01969	gnl|TC-DB|P60778|2.A.1.7.14	88.9	388	43	0	1	388	1	388	4.3e-193	670.2
BCW-200013_01982	gnl|TC-DB|Q1R5P6|1.B.22.4.2	76.8	392	91	0	18	409	18	409	4.6e-169	590.5
BCW-200013_01993	gnl|TC-DB|Q9HV74|2.A.21.9.1	27.6	217	139	7	237	437	760	974	1.9e-11	67.0
BCW-200013_01997	gnl|TC-DB|B5XTS8|9.A.8.1.10	89.3	75	8	0	1	75	1	75	8.7e-34	138.7
BCW-200013_01998	gnl|TC-DB|B5XTS7|9.A.8.1.10	89.0	772	85	0	1	772	1	772	0.0e+00	1364.4
BCW-200013_01999	gnl|TC-DB|B5XTS6|9.A.8.1.10	81.0	79	14	1	1	78	1	79	5.5e-31	129.4
BCW-200013_02004	gnl|TC-DB|P39835|2.A.8.1.4	94.7	438	23	0	1	438	1	438	1.0e-214	742.3
BCW-200013_02009	gnl|TC-DB|P09391|9.B.104.1.1	83.6	275	45	0	1	275	1	275	1.3e-135	478.8
BCW-200013_02018	gnl|TC-DB|P67143|2.A.95.1.5	94.4	197	11	0	1	197	1	197	6.1e-95	343.2
BCW-200013_02020	gnl|TC-DB|B3WJF3|2.A.88.8.6	92.3	220	17	0	1	220	1	220	4.3e-113	403.7
BCW-200013_02022	gnl|TC-DB|P37621|2.A.1.46.7	81.0	405	77	0	1	405	1	405	3.0e-181	630.9
BCW-200013_02023	gnl|TC-DB|P0AGM0|2.A.86.1.2	88.0	343	41	0	7	349	7	349	6.6e-161	563.1
BCW-200013_02036	gnl|TC-DB|Q7AA53|2.A.6.8.2	82.8	745	127	1	30	773	5	749	0.0e+00	1184.5
BCW-200013_02043	gnl|TC-DB|P76474|2.A.7.22.1	51.6	126	61	0	3	128	2	127	3.8e-29	124.0
BCW-200013_02044	gnl|TC-DB|P81891|2.A.7.22.2	65.5	110	38	0	1	110	1	110	2.0e-34	141.4
BCW-200013_02045	gnl|TC-DB|G8LJX5|9.B.142.2.2	90.6	551	52	0	1	551	1	551	2.2e-291	997.3
BCW-200013_02048	gnl|TC-DB|P77757|4.D.2.1.8	84.5	322	50	0	1	322	1	322	1.7e-155	545.0
BCW-200013_02053	gnl|TC-DB|E9RJ18|3.A.7.13.2	37.1	89	53	2	95	180	271	359	1.3e-12	69.7
BCW-200013_02055	gnl|TC-DB|Q7B1W8|2.A.109.1.1	81.2	341	64	0	5	345	1	341	2.9e-161	564.3
BCW-200013_02057	gnl|TC-DB|P70786|2.A.1.14.3	44.0	430	239	2	6	435	13	440	8.0e-103	370.5
BCW-200013_02062	gnl|TC-DB|P0AFJ7|2.A.20.1.1	89.0	500	53	2	1	499	1	499	2.6e-251	864.0
BCW-200013_02064	gnl|TC-DB|P0A8S5|9.B.4.1.1	92.8	111	8	0	1	111	1	111	5.9e-55	209.5
BCW-200013_02075	gnl|TC-DB|P37642|9.B.126.1.1	82.6	339	55	1	1	339	1	335	3.1e-155	544.3
BCW-200013_02076	gnl|TC-DB|P37643|2.A.1.6.10	90.2	440	43	0	1	440	1	440	1.3e-217	751.9
BCW-200013_02077	gnl|TC-DB|P37645|9.B.121.1.1	85.9	686	91	1	1	680	1	686	0.0e+00	1188.7
BCW-200013_02081	gnl|TC-DB|P0A830|2.A.23.1.7	93.2	428	29	0	1	428	1	428	2.3e-216	747.7
BCW-200013_02083	gnl|TC-DB|P37650|1.B.55.3.1	75.3	1163	278	5	1	1160	1	1157	0.0e+00	1624.4
BCW-200013_02084	gnl|TC-DB|P37651|4.D.3.1.6	74.1	367	95	0	1	367	1	367	3.3e-171	597.4
BCW-200013_02085	gnl|TC-DB|P37652|4.D.3.1.6	76.4	793	159	3	1	793	13	777	0.0e+00	1226.1
BCW-200013_02086	gnl|TC-DB|P37653|4.D.3.1.6	87.4	872	109	1	1	871	1	872	0.0e+00	1580.1
BCW-200013_02097	gnl|TC-DB|P06129|1.B.14.3.1	77.6	616	135	2	1	615	1	614	9.2e-291	995.3
BCW-200013_02105	gnl|TC-DB|P32676|4.A.2.1.10	76.6	111	26	0	8	118	3	113	6.5e-44	172.9
BCW-200013_02108	gnl|TC-DB|P69816|4.A.2.1.10	92.5	106	8	0	1	106	1	106	2.3e-48	187.6
BCW-200013_02109	gnl|TC-DB|P32672|4.A.2.1.10	87.7	359	44	0	1	359	1	359	2.9e-172	600.9
BCW-200013_02110	gnl|TC-DB|P32670|4.A.2.1.10	85.2	833	123	0	1	833	1	833	0.0e+00	1421.4
BCW-200013_02122	gnl|TC-DB|Q934G3|1.B.35.1.1	34.7	239	140	8	1	226	1	236	2.2e-24	109.0
BCW-200013_02124	gnl|TC-DB|Q9ZKE4|3.A.11.3.1	31.9	536	336	11	198	730	108	617	1.8e-67	253.8
BCW-200013_02132	gnl|TC-DB|P0AER0|1.A.8.1.1	90.0	281	28	0	1	281	1	281	4.4e-147	516.9
BCW-200013_02167	gnl|TC-DB|P26949|1.B.11.3.8	37.4	807	487	9	24	813	24	829	5.0e-151	531.6
BCW-200013_02175	gnl|TC-DB|Q03155|1.B.12.1.1	47.0	453	231	4	416	868	843	1286	2.7e-110	396.4
BCW-200013_02187	gnl|TC-DB|G4NXW2|2.A.76.1.8	28.2	206	138	2	1	199	1	203	2.5e-14	75.5
BCW-200013_02193	gnl|TC-DB|P33011|2.A.85.7.1	74.7	352	89	0	1	352	1	352	9.0e-158	552.7
BCW-200013_02197	gnl|TC-DB|P0AA47|2.A.3.1.14	88.7	452	51	0	1	452	1	452	1.8e-230	794.7
BCW-200013_02229	gnl|TC-DB|P77377|2.A.66.2.7	88.2	492	58	0	1	492	1	492	8.0e-237	815.8
BCW-200013_02230	gnl|TC-DB|G0CIY2|9.B.18.1.1	38.8	464	259	11	19	464	28	484	8.4e-79	290.8
BCW-200013_02243	gnl|TC-DB|P76387|8.A.3.3.2	86.4	720	98	0	1	720	1	720	0.0e+00	1204.5
BCW-200013_02245	gnl|TC-DB|P0A930|1.B.18.3.1	93.1	379	26	0	1	379	1	379	8.7e-207	715.7
BCW-200013_02246	gnl|TC-DB|L5DDD7|2.A.109.2.3	86.5	527	71	0	1	527	370	896	1.2e-254	875.2
BCW-200013_02247	gnl|TC-DB|P28249|9.B.22.2.1	71.0	617	178	1	1	616	1	617	4.2e-251	863.6
BCW-200013_02250	gnl|TC-DB|Q1J0W6|9.B.34.1.1	35.3	167	96	4	675	840	190	345	3.5e-14	77.4
BCW-200013_02253	gnl|TC-DB|P76397|8.A.1.6.2	86.7	392	52	0	1	392	1	392	8.3e-176	612.8
BCW-200013_02254	gnl|TC-DB|P76398|2.A.6.2.12	90.0	1040	104	0	1	1040	1	1040	0.0e+00	1755.3
BCW-200013_02255	gnl|TC-DB|P76399|2.A.6.2.12	90.7	1023	95	0	1	1023	1	1023	0.0e+00	1762.7
BCW-200013_02256	gnl|TC-DB|P36554|2.A.1.3.26	82.1	469	84	0	1	469	1	469	2.0e-216	748.0
BCW-200013_02264	gnl|TC-DB|P76417|2.A.1.10.4	90.6	425	40	0	1	425	1	425	1.6e-222	768.1
BCW-200013_02272	gnl|TC-DB|P30000|2.A.1.5.3	39.2	408	240	6	10	413	12	415	1.2e-76	283.5
BCW-200013_02277	gnl|TC-DB|P64534|2.A.113.1.1	65.3	101	35	0	7	107	12	112	1.2e-31	132.1
BCW-200013_02279	gnl|TC-DB|A0L4L0|3.A.1.132.3	38.7	341	194	5	12	350	2	329	5.5e-57	218.0
BCW-200013_02283	gnl|TC-DB|Q81JL2|9.B.33.1.1	30.6	581	364	10	5	555	3	574	2.6e-74	276.2
BCW-200013_02286	gnl|TC-DB|P33359|3.A.1.12.15	79.8	243	49	0	1	243	1	243	1.9e-98	355.1
BCW-200013_02287	gnl|TC-DB|P33360|3.A.1.12.15	82.7	306	52	1	1	306	1	305	1.1e-141	499.2
BCW-200013_02288	gnl|TC-DB|P33361|3.A.1.12.15	66.0	379	129	0	7	385	7	385	3.5e-131	464.5
BCW-200013_02289	gnl|TC-DB|P33362|3.A.1.12.15	87.2	296	38	0	10	305	10	305	2.7e-142	501.1
BCW-200013_02294	gnl|TC-DB|J2MRK2|9.B.29.3.1	40.7	182	108	0	7	188	8	189	7.5e-37	150.2
BCW-200013_02295	gnl|TC-DB|E4PCL6|9.B.27.2.7	79.4	189	39	0	1	189	1	189	2.9e-86	314.3
BCW-200013_02297	gnl|TC-DB|P33369|1.B.17.3.10	70.6	463	131	2	12	469	14	476	7.5e-176	613.2
BCW-200013_02299	gnl|TC-DB|P08722|4.A.1.2.2	56.6	620	258	1	6	614	4	623	9.5e-203	703.0
BCW-200013_02303	gnl|TC-DB|F4V3T5|1.E.14.1.4	88.3	128	15	0	1	128	4	131	1.0e-42	169.1
BCW-200013_02304	gnl|TC-DB|C6EAH0|2.A.122.1.1	89.6	231	24	0	1	231	1	231	1.6e-110	395.2
BCW-200013_02306	gnl|TC-DB|P0AFY2|9.B.114.1.1	88.6	237	27	0	1	237	1	237	3.3e-119	424.1
BCW-200013_02308	gnl|TC-DB|P23200|3.A.1.2.3	94.0	336	20	0	1	336	1	336	3.9e-166	580.5
BCW-200013_02309	gnl|TC-DB|P0AAG8|3.A.1.2.3	96.0	506	20	0	1	506	1	506	1.1e-281	964.9
BCW-200013_02310	gnl|TC-DB|P0AEE5|3.A.1.2.3	95.8	332	14	0	1	332	1	332	2.1e-180	627.9
BCW-200013_02312	gnl|TC-DB|P25747|9.B.169.1.2	80.3	385	76	0	1	385	1	385	1.7e-181	631.7
BCW-200013_02314	gnl|TC-DB|Q9I3T2|2.A.1.51.4	47.3	372	192	3	7	375	14	384	5.9e-78	287.7
BCW-200013_02316	gnl|TC-DB|P17315|1.B.14.1.4	81.4	663	116	4	1	656	1	663	0.0e+00	1124.8
BCW-200013_02317	gnl|TC-DB|P25737|2.A.3.1.2	93.0	489	34	0	1	489	1	489	2.0e-264	907.5
BCW-200013_02319	gnl|TC-DB|P62723|2.A.98.1.3	86.5	349	46	1	1	348	1	349	2.9e-164	574.3
BCW-200013_02321	gnl|TC-DB|P20966|4.A.2.1.1	90.6	563	51	2	1	561	1	563	7.2e-250	859.4
BCW-200013_02323	gnl|TC-DB|P69811|4.A.2.1.1	89.4	376	40	0	1	376	1	376	2.2e-186	647.9
BCW-200013_02324	gnl|TC-DB|P33026|2.A.1.20.2	84.2	393	62	0	1	393	1	393	7.6e-190	659.4
BCW-200013_02331	gnl|TC-DB|E9RJ18|3.A.7.13.2	36.3	91	53	2	94	180	271	360	6.8e-11	63.9
BCW-200013_02333	gnl|TC-DB|Q8ZNK0|3.A.1.5.24	78.2	601	131	0	1	601	1	601	5.4e-296	1012.7
BCW-200013_02334	gnl|TC-DB|P0AFU1|3.A.1.5.21	93.7	364	23	0	1	364	1	364	4.0e-193	670.2
BCW-200013_02335	gnl|TC-DB|P33915|3.A.1.5.21	84.2	341	54	0	1	341	1	341	2.7e-151	531.2
BCW-200013_02336	gnl|TC-DB|P33916|3.A.1.5.21	80.6	527	102	0	1	527	1	527	3.5e-238	820.5
BCW-200013_02338	gnl|TC-DB|P28246|2.A.1.2.7	88.9	395	44	0	1	395	1	395	2.3e-194	674.5
BCW-200013_02350	gnl|TC-DB|Q1J2S8|2.A.53.3.13	49.5	380	189	2	26	405	23	399	1.8e-88	322.8
BCW-200013_02351	gnl|TC-DB|Q5SMG8|1.A.26.1.2	30.1	339	234	2	141	477	110	447	1.9e-41	166.8
BCW-200013_02352	gnl|TC-DB|P33941|3.A.1.113.3	90.5	547	52	0	20	566	1	547	2.7e-281	963.8
BCW-200013_02356	gnl|TC-DB|D6QLX8|1.B.1.1.19	80.6	376	58	3	1	370	1	367	1.1e-174	609.0
BCW-200013_02366	gnl|TC-DB|P08194|2.A.1.4.3	95.2	421	20	0	1	421	1	421	3.4e-242	833.6
BCW-200013_02371	gnl|TC-DB|Q8XE01|1.B.68.1.1	77.2	180	40	1	1	179	8	187	1.3e-80	295.4
BCW-200013_02382	gnl|TC-DB|P0AFF0|3.D.1.1.1	92.4	485	37	0	1	485	1	485	2.9e-247	850.5
BCW-200013_02383	gnl|TC-DB|P0AFE8|3.D.1.1.1	93.5	509	33	0	1	509	1	509	8.2e-277	948.7
BCW-200013_02384	gnl|TC-DB|P33607|3.D.1.1.1	93.0	613	43	0	1	613	1	613	0.0e+00	1123.6
BCW-200013_02385	gnl|TC-DB|P0AFE4|3.D.1.1.1	97.0	100	3	0	1	100	1	100	4.5e-30	126.7
BCW-200013_02386	gnl|TC-DB|P0AFE0|3.D.1.1.1	95.7	184	8	0	1	184	1	184	1.8e-88	321.6
BCW-200013_02387	gnl|TC-DB|P0AFD6|3.D.1.1.1	98.3	180	3	0	1	180	1	180	4.1e-90	327.0
BCW-200013_02388	gnl|TC-DB|P0AFD4|3.D.1.1.1	95.0	323	16	0	1	323	1	323	5.2e-176	613.2
BCW-200013_02389	gnl|TC-DB|P33602|3.D.1.1.1	90.4	907	86	1	1	906	1	907	0.0e+00	1689.9
BCW-200013_02390	gnl|TC-DB|P31979|3.D.1.1.1	94.8	445	23	0	1	445	1	445	9.4e-261	895.2
BCW-200013_02391	gnl|TC-DB|P0AFD1|3.D.1.1.1	93.4	166	11	0	1	166	1	166	5.0e-90	326.6
BCW-200013_02392	gnl|TC-DB|P33599|3.D.1.1.1	95.8	596	25	0	5	600	1	596	0.0e+00	1200.7
BCW-200013_02393	gnl|TC-DB|P0AFC7|3.D.1.1.1	96.9	224	3	1	1	224	1	220	5.8e-126	446.4
BCW-200013_02394	gnl|TC-DB|P0AFC3|3.D.1.1.1	93.9	147	8	1	1	146	1	147	1.8e-72	268.1
BCW-200013_02398	gnl|TC-DB|P0AFU2|2.A.47.4.8	86.7	610	81	0	1	610	1	610	8.2e-300	1025.4
BCW-200013_02406	gnl|TC-DB|B7LDR9|4.A.7.1.2	62.7	410	152	1	12	421	10	418	1.4e-145	512.7
BCW-200013_02407	gnl|TC-DB|B7LDS2|4.A.7.1.2	42.4	85	47	1	1	83	1	85	3.8e-12	67.0
BCW-200013_02408	gnl|TC-DB|B7LDS1|4.A.7.1.2	44.9	147	81	0	1	147	1	147	1.7e-33	138.7
BCW-200013_02412	gnl|TC-DB|B7LBF5|1.A.12.3.2	74.8	214	54	0	1	214	1	214	4.0e-92	334.0
BCW-200013_02417	gnl|TC-DB|P07109|3.A.1.3.29	93.4	257	17	0	1	257	1	257	2.1e-132	468.0
BCW-200013_02418	gnl|TC-DB|P0AEU3|3.A.1.3.29	92.4	238	18	0	1	238	1	238	6.4e-123	436.4
BCW-200013_02419	gnl|TC-DB|P0A2I9|3.A.1.3.1	92.1	228	18	0	1	228	1	228	2.2e-112	401.4
BCW-200013_02420	gnl|TC-DB|P0AEU0|3.A.1.3.29	93.5	260	17	0	1	260	1	260	9.4e-136	479.2
BCW-200013_02421	gnl|TC-DB|P09551|3.A.1.3.1	88.5	260	30	0	1	260	1	260	2.0e-130	461.5
BCW-200013_02424	gnl|TC-DB|P08550|9.B.160.1.16	94.4	162	9	0	1	162	1	162	1.2e-80	295.4
BCW-200013_02428	gnl|TC-DB|P0ABP6|9.B.27.2.3	89.0	219	24	0	1	219	1	219	2.6e-107	384.4
BCW-200013_02433	gnl|TC-DB|P77549|2.A.1.46.6	85.2	391	58	0	1	391	1	391	3.1e-183	637.5
BCW-200013_02438	gnl|TC-DB|P0AD30|2.A.102.3.1	87.7	269	33	0	1	269	1	269	7.4e-128	453.0
BCW-200013_02447	gnl|TC-DB|P10384|1.B.9.1.1	75.6	450	96	3	1	440	1	446	4.4e-202	700.3
BCW-200013_02448	gnl|TC-DB|P76506|3.A.1.27.3	89.2	251	26	1	1	250	1	251	1.5e-135	478.4
BCW-200013_02449	gnl|TC-DB|P37327|1.A.16.4.1	84.8	302	46	0	7	308	4	305	9.4e-143	502.7
BCW-200013_02453	gnl|TC-DB|Q6EE14|3.A.23.2.1	49.8	504	208	9	7	500	8	476	2.4e-115	412.5
BCW-200013_02455	gnl|TC-DB|P37665|9.B.186.1.1	38.1	113	69	1	430	542	107	218	2.0e-13	73.9
BCW-200013_02458	gnl|TC-DB|Q6EE20|3.A.23.2.1	44.3	424	235	1	86	508	67	490	5.6e-108	387.9
BCW-200013_02459	gnl|TC-DB|Q6EE21|3.A.23.2.1	37.3	153	88	3	7	152	11	162	1.7e-18	89.0
BCW-200013_02463	gnl|TC-DB|B3XQE5|9.B.33.1.2	31.4	579	354	13	7	551	3	572	1.3e-68	257.3
BCW-200013_02466	gnl|TC-DB|H5KWQ5|2.A.49.7.1	80.1	408	81	0	1	408	1	408	3.2e-178	620.9
BCW-200013_02468	gnl|TC-DB|P63144|8.A.5.1.3	35.0	306	189	6	13	312	71	372	7.4e-45	177.6
BCW-200013_02470	gnl|TC-DB|P0A769|2.A.55.3.1	92.7	412	30	0	1	412	1	412	7.7e-209	722.6
BCW-200013_02471	gnl|TC-DB|P0AFF2|2.A.41.1.1	93.8	400	20	1	1	395	1	400	4.6e-195	676.8
BCW-200013_02484	gnl|TC-DB|P39836|2.A.28.3.4	88.0	332	39	1	1	331	1	332	3.8e-158	553.9
BCW-200013_02488	gnl|TC-DB|P0A6J3|2.A.121.1.1	88.1	253	30	0	1	253	1	253	4.5e-135	476.9
BCW-200013_02490	gnl|TC-DB|P0AA04|8.A.8.1.1	100.0	85	0	0	1	85	1	85	1.4e-40	161.4
BCW-200013_02491	gnl|TC-DB|P08839|8.A.7.1.1	97.6	575	14	0	1	575	1	575	6.8e-312	1065.4
BCW-200013_02492	gnl|TC-DB|P69783|4.A.1.1.1	97.6	169	4	0	1	169	1	169	4.7e-88	320.1
BCW-200013_02495	gnl|TC-DB|P16676|3.A.1.6.1	93.4	365	23	1	1	364	1	365	1.7e-196	681.4
BCW-200013_02496	gnl|TC-DB|P0AEB0|3.A.1.6.1	91.4	291	25	0	1	291	1	291	2.2e-149	524.6
BCW-200013_02497	gnl|TC-DB|P16701|3.A.1.6.1	97.1	277	8	0	1	277	1	277	4.0e-145	510.4
BCW-200013_02498	gnl|TC-DB|P16700|3.A.1.6.1	93.8	337	20	1	1	336	1	337	1.6e-183	638.3
BCW-200013_02501	gnl|TC-DB|P76538|9.B.127.1.1	73.6	144	38	0	1	144	1	144	6.9e-59	223.0
BCW-200013_02510	gnl|TC-DB|Q5P036|5.A.3.11.1	33.3	150	77	7	10	138	10	157	1.7e-16	84.3
BCW-200013_02512	gnl|TC-DB|P24177|2.A.6.2.7	90.9	1037	94	0	1	1037	1	1037	0.0e+00	1820.8
BCW-200013_02520	gnl|TC-DB|P0A903|1.B.33.1.3	86.3	344	47	0	1	344	1	344	2.2e-169	591.3
BCW-200013_02524	gnl|TC-DB|P0AFI9|2.A.86.1.1	92.1	353	28	0	1	353	1	353	6.9e-166	579.7
BCW-200013_02528	gnl|TC-DB|Q72XQ0|4.A.3.2.8	43.5	430	234	4	4	424	1	430	2.6e-90	328.9
BCW-200013_02532	gnl|TC-DB|P0AGM7|2.A.40.1.1	92.0	425	34	0	1	425	1	425	9.8e-215	742.3
BCW-200013_02534	gnl|TC-DB|Q9UEF7|8.A.49.1.1	28.8	486	289	19	4	473	61	505	3.2e-41	166.0
BCW-200013_02540	gnl|TC-DB|P64545|9.B.209.1.1	71.7	53	15	0	1	53	7	59	1.7e-18	87.4
BCW-200013_02549	gnl|TC-DB|B8H230|3.A.1.2.21	54.2	323	141	2	17	339	16	331	6.0e-90	327.4
BCW-200013_02550	gnl|TC-DB|B8H229|3.A.1.2.21	54.2	502	225	3	5	506	3	499	3.9e-141	498.0
BCW-200013_02551	gnl|TC-DB|B8H228|3.A.1.2.21	42.1	302	173	2	7	306	23	324	1.0e-64	243.4
BCW-200013_02562	gnl|TC-DB|Q5KYD1|2.A.17.1.7	36.3	499	291	10	11	503	16	493	3.9e-77	285.4
BCW-200013_02564	gnl|TC-DB|P77774|1.B.33.1.3	81.4	392	73	0	1	392	1	392	7.2e-164	573.2
BCW-200013_02573	gnl|TC-DB|Q57071|4.A.1.1.13	38.2	502	289	8	2	500	3	486	1.0e-85	313.9
BCW-200013_02581	gnl|TC-DB|P44669|9.A.41.1.1	68.6	617	192	2	1	616	1	616	3.1e-230	794.3
BCW-200013_02589	gnl|TC-DB|D7A5Z9|2.A.113.1.7	37.4	227	130	3	64	284	60	280	1.3e-30	130.2
BCW-200013_02592	gnl|TC-DB|Q47142|2.A.1.27.1	83.5	375	62	0	1	375	1	375	2.6e-179	624.4
BCW-200013_02597	gnl|TC-DB|Q9KN48|3.A.23.1.1	43.7	261	136	1	109	369	176	425	7.4e-56	214.5
BCW-200013_02604	gnl|TC-DB|P77272|4.A.1.2.7	38.4	471	254	14	4	447	6	467	1.2e-69	260.4
BCW-200013_02619	gnl|TC-DB|F9VN10|3.D.10.1.4	35.2	537	310	15	10	522	7	529	3.7e-70	262.3
BCW-200013_02621	gnl|TC-DB|O00571|1.I.1.1.3	35.2	369	214	8	3	350	179	543	1.3e-49	193.7
BCW-200013_02630	gnl|TC-DB|P0AEX3|2.A.1.6.2	85.0	432	64	1	1	431	1	432	8.9e-208	719.2
BCW-200013_02636	gnl|TC-DB|Q6MDD6|3.A.7.16.1	27.6	568	308	16	40	589	219	701	9.4e-38	154.8
BCW-200013_02646	gnl|TC-DB|Q9HY55|4.A.2.1.17	37.0	568	338	8	170	733	402	953	7.4e-85	311.6
BCW-200013_02650	gnl|TC-DB|P0A9T4|8.A.5.1.5	91.3	346	30	0	1	346	1	346	8.5e-185	642.5
BCW-200013_02651	gnl|TC-DB|P39196|2.A.1.42.1	83.3	396	66	0	1	396	1	396	3.3e-180	627.5
BCW-200013_02652	gnl|TC-DB|P31119|4.C.1.1.16	88.3	718	84	0	1	718	1	718	0.0e+00	1286.9
BCW-200013_02655	gnl|TC-DB|A6VKT0|3.A.1.2.13	24.8	262	190	4	61	318	26	284	3.9e-12	68.9
BCW-200013_02659	gnl|TC-DB|P0AE24|2.A.1.1.2	92.4	472	35	1	1	471	1	472	2.0e-245	844.3
BCW-200013_02664	gnl|TC-DB|Q8XG43|2.A.117.1.3	81.1	148	28	0	1	148	10	157	1.3e-63	238.8
BCW-200013_02665	gnl|TC-DB|P63340|2.A.42.2.5	83.8	407	66	0	1	407	1	407	8.8e-189	656.0
BCW-200013_02667	gnl|TC-DB|C6GYU4|2.A.76.1.9	27.5	189	129	4	4	185	7	194	9.5e-11	63.5
BCW-200013_02674	gnl|TC-DB|O54371|3.A.1.20.1	24.5	261	188	5	15	274	16	268	1.7e-15	80.9
BCW-200013_02675	gnl|TC-DB|Q8TZQ3|3.A.1.1.16	48.0	296	143	4	13	299	13	306	1.7e-66	249.6
BCW-200013_02680	gnl|TC-DB|B7LEG0|1.A.34.1.2	42.7	262	93	3	35	239	116	377	1.4e-51	199.5
BCW-200013_02691	gnl|TC-DB|P67153|1.C.113.1.10	90.4	219	21	0	1	219	1	219	1.3e-109	392.1
BCW-200013_02693	gnl|TC-DB|Q86Z14|8.A.49.1.2	26.0	496	279	16	5	477	80	510	8.2e-37	151.4
BCW-200013_02708	gnl|TC-DB|P11667|2.A.75.1.2	91.0	211	19	0	1	211	1	211	3.6e-109	390.6
BCW-200013_02709	gnl|TC-DB|P0C0S1|1.A.23.2.1	85.5	282	41	0	1	282	1	282	1.4e-116	415.6
BCW-200013_02715	gnl|TC-DB|O24779|1.B.25.1.3	60.1	424	167	2	1	422	2	425	1.2e-143	506.1
BCW-200013_02720	gnl|TC-DB|P0AEP1|2.A.1.1.1	95.1	465	22	1	1	465	1	464	3.2e-251	863.6
BCW-200013_02727	gnl|TC-DB|P24559|3.A.15.2.1	47.7	327	168	1	1	324	1	327	1.9e-77	285.8
BCW-200013_02729	gnl|TC-DB|P64564|9.A.4.1.2	85.1	188	28	0	1	188	1	188	5.4e-85	310.1
BCW-200013_02740	gnl|TC-DB|P0AFF4|2.A.1.10.1	78.9	418	88	0	1	418	1	418	6.4e-187	649.8
BCW-200013_02748	gnl|TC-DB|Q8VS41|2.A.24.2.5	81.5	453	83	1	1	452	1	453	7.7e-210	726.1
BCW-200013_02752	gnl|TC-DB|Q46831|9.B.120.1.1	80.2	237	45	1	1	237	1	235	3.0e-96	347.8
BCW-200013_02755	gnl|TC-DB|P69434|1.B.55.1.1	42.0	792	442	6	40	826	28	807	9.8e-171	597.0
BCW-200013_02757	gnl|TC-DB|P75905|4.D.1.1.3	64.8	438	153	1	1	438	1	437	9.2e-168	586.3
BCW-200013_02760	gnl|TC-DB|P42065|3.A.1.5.20	51.9	324	152	4	5	324	6	329	1.5e-95	345.9
BCW-200013_02761	gnl|TC-DB|P26905|3.A.1.5.2	55.5	319	140	2	1	317	1	319	1.7e-97	352.4
BCW-200013_02762	gnl|TC-DB|P26904|3.A.1.5.2	39.1	276	166	2	6	279	45	320	7.7e-51	197.2
BCW-200013_02763	gnl|TC-DB|P42062|3.A.1.5.20	40.1	314	187	1	1	313	1	314	1.2e-65	246.5
BCW-200013_02764	gnl|TC-DB|P42061|3.A.1.5.20	28.7	501	329	11	39	518	41	534	1.5e-47	187.2
BCW-200013_02772	gnl|TC-DB|P0ABV2|1.A.30.2.1	77.3	141	32	0	1	141	1	141	2.0e-55	211.5
BCW-200013_02773	gnl|TC-DB|P0ABU7|1.A.30.2.1	84.8	244	36	1	1	243	1	244	8.0e-105	376.3
BCW-200013_02775	gnl|TC-DB|P0AA60|9.B.27.2.1	86.3	219	30	0	1	219	1	219	4.5e-107	383.6
BCW-200013_02778	gnl|TC-DB|P80874|8.A.5.1.4	36.0	150	73	7	17	145	15	162	3.9e-15	78.6
BCW-200013_02780	gnl|TC-DB|P23849|2.A.38.1.6	70.7	485	142	0	7	491	1	485	2.9e-202	701.0
BCW-200013_02781	gnl|TC-DB|P36649|1.B.76.1.8	31.8	515	287	10	3	459	1	509	1.3e-63	240.4
BCW-200013_02791	gnl|TC-DB|Q8GRB1|3.A.1.14.8	35.4	325	195	7	26	343	5	321	7.8e-37	151.0
BCW-200013_02792	gnl|TC-DB|Q47085|3.A.1.14.4	39.7	312	186	2	14	324	25	335	1.0e-46	183.7
BCW-200013_02793	gnl|TC-DB|Q9RCF3|3.A.1.14.6	53.5	254	118	0	10	263	21	274	2.5e-75	278.5
BCW-200013_02794	gnl|TC-DB|Q21EL3|1.B.14.1.24	27.7	718	464	18	17	713	16	699	7.4e-58	221.9
BCW-200013_02802	gnl|TC-DB|P02930|1.B.17.1.1	84.8	495	70	2	1	492	1	493	2.0e-216	748.0
BCW-200013_02806	gnl|TC-DB|P0A8H3|2.A.5.5.1	89.5	257	27	0	1	257	1	257	6.5e-113	403.3
BCW-200013_02816	gnl|TC-DB|P60782|9.B.31.1.1	92.2	205	16	0	1	205	1	205	1.1e-107	385.6
BCW-200013_02817	gnl|TC-DB|Q46909|2.A.1.1.95	26.2	432	289	12	47	477	20	422	7.6e-22	101.7
BCW-200013_02825	gnl|TC-DB|Q98CY5|2.A.99.1.3	35.5	169	100	5	7	166	12	180	6.9e-13	70.5
BCW-200013_02840	gnl|TC-DB|Q0BEL4|1.E.3.1.4	46.2	93	50	0	1	93	1	93	1.1e-17	85.5
BCW-200013_02875	gnl|TC-DB|P76142|3.A.1.2.8	83.3	329	55	0	5	333	12	340	5.9e-159	556.6
BCW-200013_02876	gnl|TC-DB|P0AFS1|3.A.1.2.8	72.8	316	86	0	1	316	3	318	3.7e-121	431.0
BCW-200013_02877	gnl|TC-DB|P77672|3.A.1.2.8	66.5	322	108	0	1	322	2	323	3.6e-111	397.9
BCW-200013_02878	gnl|TC-DB|P77257|3.A.1.2.8	62.2	492	183	2	4	492	11	502	4.6e-168	587.4
BCW-200013_02885	gnl|TC-DB|P42601|2.A.109.1.7	87.8	319	39	0	1	319	1	319	1.7e-155	545.0
BCW-200013_02886	gnl|TC-DB|P0AGE4|2.A.23.4.1	91.0	413	36	1	11	422	1	413	1.8e-200	694.9
BCW-200013_02889	gnl|TC-DB|P0AA78|2.A.1.14.2	89.6	431	45	0	1	431	41	471	5.0e-219	756.5
BCW-200013_02891	gnl|TC-DB|P0AA63|9.B.27.2.2	94.5	220	12	0	1	220	1	220	7.7e-115	409.5
BCW-200013_02895	gnl|TC-DB|P64585|1.E.34.2.1	81.5	130	24	0	1	130	1	130	4.3e-52	200.3
BCW-200013_02899	gnl|TC-DB|P64591|9.B.124.1.2	76.5	119	28	0	1	119	1	119	4.8e-58	219.9
BCW-200013_02904	gnl|TC-DB|P0AAD8|2.A.42.2.2	88.9	443	49	0	1	443	1	443	2.9e-222	767.3
BCW-200013_02914	gnl|TC-DB|Q9KIQ4|4.A.6.1.4	91.1	157	14	0	1	157	13	169	1.1e-78	288.9
BCW-200013_02915	gnl|TC-DB|Q9KIQ3|4.A.6.1.4	87.3	259	33	0	1	259	1	259	8.8e-102	366.3
BCW-200013_02916	gnl|TC-DB|Q9KIQ2|4.A.6.1.4	92.8	292	21	0	1	292	1	292	5.7e-150	526.6
BCW-200013_02917	gnl|TC-DB|P26379|4.A.6.1.2	30.6	108	75	0	1	108	1	108	8.6e-14	73.2
BCW-200013_02960	gnl|TC-DB|P69874|3.A.1.11.1	88.1	361	43	0	1	361	18	378	6.0e-181	629.8
BCW-200013_02961	gnl|TC-DB|P0AFK4|3.A.1.11.1	93.5	275	18	0	11	285	1	275	4.0e-140	493.8
BCW-200013_02962	gnl|TC-DB|P0AFK6|3.A.1.11.1	84.0	257	41	0	1	257	1	257	7.6e-109	389.8
BCW-200013_02963	gnl|TC-DB|P0AFK9|3.A.1.11.1	91.3	343	30	0	2	344	6	348	9.7e-189	655.6
BCW-200013_02965	gnl|TC-DB|F8CVI0|1.B.52.2.2	27.3	205	119	2	340	514	85	289	7.0e-12	68.9
BCW-200013_02968	gnl|TC-DB|P75958|3.A.1.125.1	90.6	414	39	0	1	414	1	414	5.0e-200	693.3
BCW-200013_02969	gnl|TC-DB|P75957|3.A.1.125.1	91.8	233	19	0	1	233	1	233	6.0e-118	419.9
BCW-200013_02970	gnl|TC-DB|P0ADC3|3.A.1.125.1	93.0	386	27	0	1	386	14	399	1.3e-186	648.7
BCW-200013_02984	gnl|TC-DB|P16869|1.B.14.1.1	55.2	741	294	8	8	729	8	729	3.6e-241	830.9
BCW-200013_02985	gnl|TC-DB|P69786|4.A.1.1.1	97.3	477	13	0	1	477	1	477	4.8e-263	902.9
BCW-200013_02992	gnl|TC-DB|O80800|3.D.1.6.3	48.0	75	39	0	2	76	48	122	1.5e-12	68.2
BCW-200013_03003	gnl|TC-DB|P76628|2.A.1.36.3	34.0	388	246	2	4	388	2	382	6.7e-40	161.4
BCW-200013_03018	gnl|TC-DB|P0AF16|2.A.66.4.3	92.7	510	37	0	1	510	1	510	2.2e-261	897.5
BCW-200013_03022	gnl|TC-DB|P69367|2.A.1.2.21	84.8	402	61	0	1	402	1	402	1.0e-197	685.6
BCW-200013_03032	gnl|TC-DB|P25744|2.A.1.2.20	87.1	404	50	1	1	402	1	404	3.3e-196	680.6
BCW-200013_03035	gnl|TC-DB|P62517|4.D.3.1.1	93.2	840	57	0	1	840	1	840	0.0e+00	1613.6
BCW-200013_03044	gnl|TC-DB|P0AE98|1.B.48.1.1	84.8	138	20	1	1	137	1	138	1.2e-62	235.3
BCW-200013_03045	gnl|TC-DB|P0AEA2|1.B.48.1.1	92.1	277	22	0	1	277	1	277	9.0e-145	509.2
BCW-200013_03052	gnl|TC-DB|P30750|3.A.1.24.1	93.6	343	22	0	1	343	1	343	2.8e-180	627.5
BCW-200013_03053	gnl|TC-DB|P31547|3.A.1.24.1	96.8	217	7	0	1	217	1	217	4.8e-77	283.9
BCW-200013_03054	gnl|TC-DB|P28635|3.A.1.24.1	96.7	271	9	0	1	271	1	271	3.2e-147	517.3
BCW-200013_03074	gnl|TC-DB|P0A943|1.B.33.1.3	88.9	813	79	2	1	805	1	810	0.0e+00	1476.5
BCW-200013_03091	gnl|TC-DB|Q8ZRP7|3.A.1.13.1	78.0	264	58	0	1	264	1	264	4.9e-116	413.7
BCW-200013_03092	gnl|TC-DB|I7MT28|1.A.62.2.2	88.2	203	24	0	1	203	1	203	1.1e-97	352.4
BCW-200013_03094	gnl|TC-DB|A8ALD3|2.A.49.5.5	83.3	462	77	0	1	462	1	462	2.9e-212	734.2
BCW-200013_03096	gnl|TC-DB|P06972|3.A.1.14.3	85.2	660	98	0	1	660	1	660	1.9e-310	1060.8
BCW-200013_03097	gnl|TC-DB|P07822|3.A.1.14.3	75.9	290	70	0	7	296	7	296	6.1e-131	463.4
BCW-200013_03098	gnl|TC-DB|P07821|3.A.1.14.3	92.5	265	20	0	1	265	1	265	9.9e-141	495.7
BCW-200013_03099	gnl|TC-DB|P06971|1.B.14.1.2	89.1	749	80	2	1	749	1	747	0.0e+00	1356.7
BCW-200013_03113	gnl|TC-DB|P0AFN6|3.A.1.105.17	92.2	256	20	0	1	256	1	256	4.0e-131	463.8
BCW-200013_03114	gnl|TC-DB|P36879|3.A.1.105.17	93.5	308	20	0	1	308	1	308	1.9e-159	558.1
BCW-200013_03115	gnl|TC-DB|Q8F8H7|2.A.53.3.8	47.3	188	98	1	7	193	544	731	8.4e-53	203.4
BCW-200013_03118	gnl|TC-DB|P36649|1.B.76.1.8	82.8	522	84	1	14	535	1	516	2.1e-251	864.4
BCW-200013_03119	gnl|TC-DB|P0AA95|8.A.2.1.3	95.3	107	5	0	1	107	9	115	2.6e-55	210.7
BCW-200013_03130	gnl|TC-DB|P15993|2.A.3.1.3	93.6	456	29	0	1	456	2	457	3.7e-244	840.1
BCW-200013_03131	gnl|TC-DB|P31435|2.A.2.3.4	45.6	461	248	3	1	460	1	459	2.6e-120	428.7
BCW-200013_03133	gnl|TC-DB|P0AE14|9.B.125.1.1	81.3	284	53	0	1	284	1	284	3.8e-130	460.7
BCW-200013_03137	gnl|TC-DB|P22608|3.A.15.2.1	47.7	386	182	8	81	453	185	563	1.1e-89	327.0
BCW-200013_03138	gnl|TC-DB|P22609|3.A.15.2.1	29.7	333	229	1	64	391	41	373	2.4e-42	169.5
BCW-200013_03144	gnl|TC-DB|P10408|3.A.5.1.1	91.0	900	81	0	1	900	1	900	0.0e+00	1598.6
BCW-200013_03153	gnl|TC-DB|P0ABG4|2.A.103.1.1	90.3	414	40	0	1	414	1	414	2.6e-212	734.2
BCW-200013_03155	gnl|TC-DB|P0A6W3|9.B.146.1.6	98.1	360	7	0	1	360	1	360	3.6e-202	700.3
BCW-200013_03170	gnl|TC-DB|P31675|2.A.1.20.1	86.7	392	52	0	1	392	1	392	1.1e-188	655.6
BCW-200013_03173	gnl|TC-DB|P31550|3.A.1.19.1	89.6	327	34	0	1	327	1	327	9.2e-173	602.4
BCW-200013_03174	gnl|TC-DB|P31549|3.A.1.19.1	83.2	536	90	0	1	536	1	536	3.8e-256	880.2
BCW-200013_03175	gnl|TC-DB|P31548|3.A.1.19.1	74.8	230	58	0	1	230	1	230	1.1e-95	345.9
BCW-200013_03185	gnl|TC-DB|P31554|1.B.42.1.2	82.8	784	134	1	1	783	1	784	0.0e+00	1378.2
BCW-200013_03192	gnl|TC-DB|P03819|2.A.37.1.1	85.8	621	87	1	1	621	1	620	1.3e-295	1011.5
BCW-200013_03193	gnl|TC-DB|P0A754|2.A.37.1.1	89.8	176	18	0	1	176	1	176	5.2e-98	353.2
BCW-200013_03202	gnl|TC-DB|D7A5Z9|2.A.113.1.7	27.1	273	181	7	64	326	45	309	1.0e-17	87.4
BCW-200013_03203	gnl|TC-DB|P0C0L7|2.A.1.6.4	92.6	500	37	0	1	500	1	500	6.0e-264	906.0
BCW-200013_03204	gnl|TC-DB|P0A712|2.A.10.1.2	77.3	260	59	0	1	260	1	260	7.0e-112	400.2
BCW-200013_03209	gnl|TC-DB|P16677|3.A.1.9.1	87.0	262	34	0	1	262	1	262	9.5e-128	452.6
BCW-200013_03210	gnl|TC-DB|P16682|3.A.1.9.1	88.5	338	39	0	1	338	1	338	1.1e-171	599.0
BCW-200013_03211	gnl|TC-DB|P16683|3.A.1.9.1	93.4	259	17	0	1	259	1	259	1.7e-137	485.0
BCW-200013_03217	gnl|TC-DB|Q97VF5|3.A.1.5.9	36.5	255	152	3	4	248	45	299	1.1e-37	153.3
BCW-200013_03218	gnl|TC-DB|P37774|3.A.1.3.10	32.7	220	135	6	2	218	4	213	1.8e-21	99.4
BCW-200013_03224	gnl|TC-DB|Q9HV74|2.A.21.9.1	32.4	256	151	7	383	627	737	981	4.1e-22	103.2
BCW-200013_03225	gnl|TC-DB|G4FGN3|3.A.1.2.20	46.5	493	261	3	5	496	3	493	4.8e-128	454.5
BCW-200013_03226	gnl|TC-DB|A6VKS9|3.A.1.2.13	46.4	306	155	5	24	323	13	315	4.5e-58	221.5
BCW-200013_03227	gnl|TC-DB|Q9F9B2|3.A.1.2.7	32.8	296	172	11	3	276	1	291	3.7e-22	102.1
BCW-200013_03232	gnl|TC-DB|P07658|3.D.1.9.2	95.0	139	7	0	1	139	1	139	4.9e-75	276.6
BCW-200013_03233	gnl|TC-DB|P07658|3.D.1.9.2	94.3	558	32	0	1	558	157	714	0.0e+00	1092.8
BCW-200013_03237	gnl|TC-DB|P21345|2.A.23.1.1	95.4	437	20	0	1	437	1	437	8.1e-225	775.8
BCW-200013_03238	gnl|TC-DB|P31552|4.C.1.1.6	23.4	529	371	14	90	616	21	517	4.7e-27	119.4
BCW-200013_03239	gnl|TC-DB|P0AF54|9.B.136.1.1	76.9	104	24	0	1	104	1	104	2.0e-41	164.5
BCW-200013_03240	gnl|TC-DB|P32705|2.A.21.7.2	92.0	549	44	0	1	549	1	549	1.3e-280	961.4
BCW-200013_03241	gnl|TC-DB|P60643|2.A.122.1.3	29.7	195	137	0	35	229	39	233	1.2e-17	86.7
BCW-200013_03242	gnl|TC-DB|E7UC95|1.E.14.1.9	82.6	132	23	0	1	132	1	132	1.1e-55	212.2
BCW-200013_03244	gnl|TC-DB|P32703|2.A.36.3.1	94.1	546	32	0	1	546	1	546	7.0e-282	965.7
BCW-200013_03245	gnl|TC-DB|P0AF52|2.A.40.7.5	94.2	449	26	0	1	449	1	449	2.1e-223	771.2
BCW-200013_03257	gnl|TC-DB|P24518|4.B.1.1.1	27.8	349	216	12	7	335	67	399	6.6e-17	84.7
BCW-200013_03268	gnl|TC-DB|P28303|2.A.66.1.4	84.7	437	67	0	1	437	19	455	6.2e-204	706.4
BCW-200013_03272	gnl|TC-DB|P0AC96|2.A.8.1.8	96.0	446	18	0	1	446	1	446	1.8e-235	811.2
BCW-200013_03281	gnl|TC-DB|P10907|3.A.1.1.3	90.2	356	35	0	1	356	1	356	3.6e-186	647.1
BCW-200013_03282	gnl|TC-DB|P10906|3.A.1.1.3	89.0	281	31	0	1	281	1	281	3.8e-135	477.2
BCW-200013_03283	gnl|TC-DB|P10905|3.A.1.1.3	91.9	295	24	0	1	295	1	295	1.1e-153	538.9
BCW-200013_03284	gnl|TC-DB|P0AG80|3.A.1.1.3	89.7	438	45	0	1	438	1	438	3.2e-237	817.0
BCW-200013_03285	gnl|TC-DB|P22731|3.A.1.4.1	93.2	237	16	0	1	237	1	237	4.9e-123	436.8
BCW-200013_03286	gnl|TC-DB|P0A9S7|3.A.1.4.1	94.5	255	14	0	1	255	1	255	2.9e-137	484.2
BCW-200013_03287	gnl|TC-DB|P22729|3.A.1.4.1	93.4	425	28	0	1	425	1	425	2.8e-206	714.1
BCW-200013_03288	gnl|TC-DB|P0AEX7|3.A.1.4.1	91.9	308	25	0	1	308	1	308	2.4e-146	514.6
BCW-200013_03289	gnl|TC-DB|P04816|3.A.1.4.1	93.0	369	26	0	1	369	1	369	1.1e-201	698.7
BCW-200013_03291	gnl|TC-DB|P0AD96|3.A.1.4.1	94.5	365	19	1	1	364	3	367	6.0e-197	682.9
BCW-200013_03294	gnl|TC-DB|P0AC31|3.A.1.140.1	90.9	352	31	1	1	351	1	352	1.1e-176	615.5
BCW-200013_03295	gnl|TC-DB|P0A9R7|3.A.1.140.1	95.5	220	10	0	1	220	1	220	1.5e-118	421.8
BCW-200013_03296	gnl|TC-DB|P10121|3.A.5.1.1	96.4	309	11	0	178	486	189	497	1.8e-164	575.5
BCW-200013_03301	gnl|TC-DB|P37617|3.A.3.6.2	78.0	732	152	6	1	723	1	732	5.4e-298	1019.6
BCW-200013_03305	gnl|TC-DB|P02943|1.B.3.1.1	85.4	446	64	1	1	445	1	446	2.8e-233	803.9
BCW-200013_03306	gnl|TC-DB|P68187|3.A.1.1.1	94.1	371	20	1	1	369	1	371	4.2e-198	686.8
BCW-200013_03307	gnl|TC-DB|P0AEX9|3.A.1.1.1	92.7	396	29	0	1	396	1	396	2.3e-218	754.2
BCW-200013_03308	gnl|TC-DB|P02916|3.A.1.1.1	89.9	514	52	0	1	514	1	514	2.8e-269	923.7
BCW-200013_03309	gnl|TC-DB|P68183|3.A.1.1.1	92.6	296	22	0	1	296	1	296	3.0e-154	540.8
BCW-200013_03311	gnl|TC-DB|D8EPC3|1.B.14.16.4	89.7	698	72	0	1	698	1	698	0.0e+00	1329.3
BCW-200013_03317	gnl|TC-DB|Q9K0A9|2.A.28.2.4	44.7	300	164	1	3	300	9	308	1.2e-63	240.0
BCW-200013_03321	gnl|TC-DB|P0AF43|2.A.58.2.1	87.3	543	69	0	1	543	1	543	3.1e-250	860.5
BCW-200013_03330	gnl|TC-DB|P76330|9.B.34.1.4	34.8	184	112	3	143	320	381	562	1.0e-22	104.0
BCW-200013_03332	gnl|TC-DB|Q9KSH4|4.A.3.2.6	52.2	425	199	1	8	432	7	427	1.2e-122	436.4
BCW-200013_03336	gnl|TC-DB|Q8FA71|2.A.79.2.1	87.2	250	32	0	8	257	27	276	8.7e-126	446.0
BCW-200013_03354	gnl|TC-DB|M3JA40|1.B.52.2.1	57.4	68	29	0	354	421	283	350	6.6e-14	75.5
BCW-200013_03362	gnl|TC-DB|Q9RPV1|2.A.1.14.9	72.0	425	112	2	15	432	25	449	1.1e-173	605.9
BCW-200013_03367	gnl|TC-DB|Q8ZJY5|2.A.114.1.10	92.1	717	56	1	1	717	1	716	0.0e+00	1309.7
BCW-200013_03369	gnl|TC-DB|P94400|9.B.10.1.1	27.6	377	193	13	1	308	1	366	4.8e-25	111.7
BCW-200013_03377	gnl|TC-DB|P46482|8.A.1.7.1	25.5	322	185	8	12	326	10	283	8.6e-15	77.8
BCW-200013_03387	gnl|TC-DB|Q01674|1.B.14.1.17	42.3	674	365	8	36	696	48	710	6.6e-160	560.8
BCW-200013_03394	gnl|TC-DB|A7ZUZ0|2.A.2.1.1	31.4	424	276	10	16	426	11	432	4.5e-40	162.2
BCW-200013_03404	gnl|TC-DB|Q9FI56|3.A.9.1.2	45.5	865	388	15	12	856	106	907	8.2e-205	710.3
BCW-200013_03407	gnl|TC-DB|P0AC02|1.B.33.1.3	94.3	245	14	0	1	245	1	245	1.7e-131	464.9
BCW-200013_03416	gnl|TC-DB|P07021|1.B.6.1.21	73.3	161	42	1	1	161	1	160	4.1e-65	243.8
BCW-200013_03423	gnl|TC-DB|P0AGD7|3.A.5.1.1	92.7	453	33	0	1	453	1	453	7.6e-234	805.8
BCW-200013_03424	gnl|TC-DB|P64432|9.B.14.3.6	89.6	260	27	0	26	285	1	260	6.1e-128	453.4
BCW-200013_03425	gnl|TC-DB|P37908|9.A.40.2.4	90.2	407	40	0	7	413	22	428	3.4e-204	707.2
BCW-200013_03429	gnl|TC-DB|P0A937|1.B.33.1.3	90.1	111	11	0	1	111	1	111	6.6e-54	206.1
BCW-200013_03465	gnl|TC-DB|Q8VRK4|3.A.11.1.3	37.1	283	148	5	87	362	70	329	8.5e-37	151.0
BCW-200013_03469	gnl|TC-DB|P0AGI8|2.A.38.1.1	97.4	458	12	0	1	458	1	458	5.3e-251	862.8
BCW-200013_03470	gnl|TC-DB|P0A742|1.A.22.1.1	95.6	135	6	0	1	135	1	135	7.0e-66	246.1
BCW-200013_03479	gnl|TC-DB|P0AGA2|3.A.5.1.1	98.9	443	5	0	1	443	1	443	1.0e-243	838.6
BCW-200013_03501	gnl|TC-DB|P22610|3.A.15.2.1	37.6	149	86	4	8	154	137	280	7.4e-19	90.1
BCW-200013_03509	gnl|TC-DB|E1P8P0|9.B.27.3.1	88.7	142	16	0	1	142	1	142	1.3e-67	251.9
BCW-200013_03514	gnl|TC-DB|P0AEJ0|2.A.1.3.2	91.1	515	43	1	1	515	1	512	8.0e-272	932.2
BCW-200013_03515	gnl|TC-DB|P27303|8.A.1.1.1	84.9	390	59	0	1	390	1	390	1.0e-173	605.9
BCW-200013_03517	gnl|TC-DB|P76628|2.A.1.36.3	85.5	394	57	0	1	394	1	394	1.3e-173	605.5
BCW-200013_03518	gnl|TC-DB|P0AFM2|3.A.1.12.1	82.5	331	57	1	1	331	1	330	1.9e-165	578.2
BCW-200013_03519	gnl|TC-DB|P14176|3.A.1.12.1	78.2	354	77	0	1	354	1	354	2.4e-142	501.5
BCW-200013_03520	gnl|TC-DB|P14175|3.A.1.12.1	94.0	399	24	0	1	399	1	399	8.6e-213	735.7
BCW-200013_03527	gnl|TC-DB|A8ANM6|2.A.104.1.1	92.6	149	11	0	1	149	1	149	1.5e-74	275.0
BCW-200013_03532	gnl|TC-DB|P0AE42|9.B.12.2.1	88.2	51	6	0	1	51	1	51	3.1e-22	99.8
BCW-200013_03548	gnl|TC-DB|Q9I2M0|3.A.1.109.4	40.8	368	214	4	29	393	27	393	1.7e-67	253.1
BCW-200013_03549	gnl|TC-DB|Q9I2M1|3.A.1.109.4	35.7	672	428	3	40	711	42	709	8.0e-116	414.5
BCW-200013_03570	gnl|TC-DB|P0AAP1|9.B.34.1.2	31.3	182	115	3	205	384	196	369	6.7e-18	89.0
BCW-200013_03574	gnl|TC-DB|D4ZZR3|9.B.34.1.3	37.3	212	125	4	378	585	186	393	3.2e-30	129.8
BCW-200013_03575	gnl|TC-DB|Q1DBZ0|2.A.86.2.2	27.0	341	239	6	12	348	14	348	3.7e-21	99.0
BCW-200013_03576	gnl|TC-DB|Q47689|2.A.3.1.10	92.7	467	33	1	1	466	1	467	4.7e-247	849.7
BCW-200013_03578	gnl|TC-DB|Q47537|3.A.1.17.1	90.0	320	32	0	1	320	1	320	1.9e-162	568.2
BCW-200013_03579	gnl|TC-DB|Q47538|3.A.1.17.1	88.6	255	29	0	1	255	1	255	3.5e-127	450.7
BCW-200013_03580	gnl|TC-DB|Q47539|3.A.1.17.1	76.7	275	61	1	1	272	1	275	3.5e-109	391.0
BCW-200013_03584	gnl|TC-DB|Q8X5H7|1.B.12.2.7	59.8	997	311	19	1	924	1	980	6.2e-299	1023.1
BCW-200013_03588	gnl|TC-DB|P0AFY6|9.A.18.1.1	90.1	406	40	0	1	406	1	406	4.3e-212	733.4
BCW-200013_03594	gnl|TC-DB|P25744|2.A.1.2.20	61.3	393	151	1	3	395	11	402	1.7e-128	455.7
BCW-200013_03598	gnl|TC-DB|P0AAP1|9.B.34.1.2	61.3	367	142	0	1	367	5	371	1.2e-131	466.1
BCW-200013_03611	gnl|TC-DB|P0AD99|2.A.26.1.10	90.4	439	42	0	1	439	1	439	2.5e-221	764.2
BCW-200013_03612	gnl|TC-DB|P37460|2.A.3.1.6	94.7	456	24	0	1	456	1	456	4.2e-248	853.2
BCW-200013_03613	gnl|TC-DB|Q05839|8.A.9.1.1	23.2	479	259	17	177	562	132	594	5.2e-20	95.9
BCW-200013_03620	gnl|TC-DB|P0ADZ7|3.A.5.1.1	98.2	110	2	0	1	110	1	110	1.1e-53	205.3
BCW-200013_03621	gnl|TC-DB|P0AG90|2.A.6.4.1	93.5	604	39	0	1	604	12	615	7.6e-314	1072.0
BCW-200013_03622	gnl|TC-DB|P0AG93|2.A.6.4.1	89.5	323	34	0	1	323	1	323	1.7e-158	555.1
BCW-200013_03625	gnl|TC-DB|P0A927|1.B.10.1.1	90.8	294	25	1	3	294	1	294	4.4e-166	580.1
BCW-200013_03632	gnl|TC-DB|P77735|8.A.5.1.6	89.2	324	35	0	1	324	1	324	1.1e-170	595.5
BCW-200013_03640	gnl|TC-DB|P77726|2.A.1.2.60	84.3	452	71	0	1	452	1	452	1.9e-213	738.0
BCW-200013_03642	gnl|TC-DB|P0ABJ6|3.D.4.5.1	87.2	109	13	1	1	108	1	109	8.0e-49	189.1
BCW-200013_03643	gnl|TC-DB|P0ABJ3|3.D.4.5.1	87.7	204	25	0	1	204	1	204	4.5e-101	363.6
BCW-200013_03644	gnl|TC-DB|P0ABI8|3.D.4.5.1	89.6	663	69	0	1	663	1	663	0.0e+00	1225.7
BCW-200013_03645	gnl|TC-DB|P0ABJ1|3.D.4.5.1	95.6	315	14	0	1	315	1	315	1.8e-173	604.7
BCW-200013_03646	gnl|TC-DB|P0AE16|2.A.1.25.2	84.1	491	78	0	1	491	1	491	2.0e-232	801.2
BCW-200013_03655	gnl|TC-DB|A1EMW4|3.A.11.2.3	56.5	62	27	0	65	126	42	103	9.8e-14	72.8
BCW-200013_03662	gnl|TC-DB|P77265|3.A.1.106.13	87.6	590	73	0	1	590	1	590	6.7e-299	1022.3
BCW-200013_03663	gnl|TC-DB|P0AAG5|3.A.1.106.13	88.5	593	68	0	1	593	1	593	5.2e-291	996.1
BCW-200013_03665	gnl|TC-DB|P69681|1.A.11.1.1	90.2	429	41	1	1	429	1	428	6.2e-193	669.8
BCW-200013_03672	gnl|TC-DB|C7NLF6|2.A.115.2.6	55.2	183	82	0	4	186	38	220	4.5e-53	204.1
BCW-200013_03675	gnl|TC-DB|Q8XSC6|2.A.113.1.3	47.3	374	88	2	1	265	1	374	2.2e-84	308.5
BCW-200013_03686	gnl|TC-DB|P31224|2.A.6.2.2	92.5	1049	78	1	1	1048	1	1049	0.0e+00	1861.3
BCW-200013_03687	gnl|TC-DB|P0AE06|8.A.1.6.1	86.6	397	53	0	1	397	1	397	1.1e-188	655.6
BCW-200013_03689	gnl|TC-DB|P77338|1.A.23.1.1	77.1	1110	254	0	6	1115	9	1118	0.0e+00	1602.0
BCW-200013_03701	gnl|TC-DB|P39830|2.A.37.1.5	93.2	557	38	0	1	557	1	557	3.9e-280	959.9
BCW-200013_03702	gnl|TC-DB|P52067|2.A.1.35.1	92.6	405	26	1	1	401	1	405	8.6e-205	709.1
BCW-200013_03706	gnl|TC-DB|Q59385|3.A.3.5.5	87.9	834	99	2	1	832	1	834	0.0e+00	1370.1
BCW-200013_03709	gnl|TC-DB|P0AA53|8.A.21.2.2	93.4	302	20	0	1	302	1	302	2.1e-115	411.8
BCW-200013_03711	gnl|TC-DB|P77279|3.A.1.139.2	72.7	220	60	0	1	220	1	220	9.3e-92	332.8
BCW-200013_03712	gnl|TC-DB|P77307|3.A.1.139.2	84.5	258	40	0	1	258	1	258	4.5e-114	407.1
BCW-200013_03716	gnl|TC-DB|P0A9T8|3.A.1.122.15	92.1	228	18	0	1	228	1	228	1.2e-113	405.6
BCW-200013_03717	gnl|TC-DB|P77504|3.A.1.122.15	84.3	803	126	0	1	803	1	803	0.0e+00	1310.4
BCW-200013_03718	gnl|TC-DB|B5Y0L3|1.B.1.1.18	86.1	381	53	0	1	381	1	381	3.1e-204	707.2
BCW-200013_03728	gnl|TC-DB|Q57071|4.A.1.1.13	45.8	509	244	5	9	497	4	500	4.3e-121	431.4
BCW-200013_03736	gnl|TC-DB|P30130|1.B.11.3.9	47.8	858	424	8	11	852	28	877	2.8e-229	791.6
BCW-200013_03744	gnl|TC-DB|Q56925|3.A.1.10.5	82.2	338	60	0	1	338	1	338	2.8e-156	547.7
BCW-200013_03745	gnl|TC-DB|P21409|3.A.1.10.1	73.1	505	136	0	20	524	23	527	5.9e-206	713.4
BCW-200013_03746	gnl|TC-DB|P21410|3.A.1.10.1	61.7	339	128	2	2	338	4	342	7.2e-112	400.2
BCW-200013_03747	gnl|TC-DB|Q05202|1.B.14.1.15	53.3	705	309	8	31	727	66	758	8.0e-217	750.0
BCW-200013_03748	gnl|TC-DB|P24207|2.A.3.1.1	90.3	462	41	1	1	462	1	458	1.4e-235	811.6
BCW-200013_03749	gnl|TC-DB|P0AAT4|1.A.23.4.5	83.7	411	66	1	1	410	1	411	6.6e-192	666.4
BCW-200013_03750	gnl|TC-DB|D9X7X8|2.A.1.3.38	40.7	460	258	7	9	462	24	474	7.9e-80	294.3
BCW-200013_03760	gnl|TC-DB|D5C355|3.A.3.2.29	47.1	892	462	6	18	902	10	898	9.5e-220	760.0
BCW-200013_03761	gnl|TC-DB|Q8Y3G9|2.A.6.2.45	33.9	342	206	3	24	351	40	375	1.0e-47	187.2
BCW-200013_03762	gnl|TC-DB|Q9I0Y8|2.A.6.2.16	41.4	1039	591	3	4	1024	6	1044	1.9e-211	732.6
BCW-200013_03768	gnl|TC-DB|P46482|8.A.1.7.1	39.8	289	166	5	1	285	1	285	1.3e-50	196.4
BCW-200013_03772	gnl|TC-DB|P76249|2.A.76.1.5	45.3	214	115	1	1	214	1	212	3.4e-51	198.0
BCW-200013_03793	gnl|TC-DB|P0ABC9|2.A.15.1.4	94.7	676	36	0	1	676	1	676	0.0e+00	1267.7
BCW-200013_03798	gnl|TC-DB|P42915|1.B.11.3.6	41.9	776	440	9	44	813	38	808	4.6e-176	614.8
BCW-200013_03801	gnl|TC-DB|P05825|1.B.14.1.22	80.6	754	130	7	1	746	1	746	0.0e+00	1247.6
BCW-200013_03804	gnl|TC-DB|P31552|4.C.1.1.6	22.8	509	328	14	477	951	39	516	9.7e-16	82.8
BCW-200013_03805	gnl|TC-DB|P23878|3.A.1.14.2	87.5	263	33	0	1	263	1	263	2.4e-131	464.5
BCW-200013_03806	gnl|TC-DB|P23877|3.A.1.14.2	77.9	330	72	1	1	329	1	330	6.9e-136	479.9
BCW-200013_03807	gnl|TC-DB|P23876|3.A.1.14.2	87.9	305	37	0	30	334	30	334	1.0e-142	502.7
BCW-200013_03808	gnl|TC-DB|Q8ZR35|2.A.1.38.3	81.8	412	75	0	1	412	1	412	9.2e-186	646.0
BCW-200013_03809	gnl|TC-DB|C8U2V6|3.A.1.14.2	82.7	318	55	0	1	318	1	318	2.2e-147	518.1
BCW-200013_03811	gnl|TC-DB|Q89SS6|2.A.1.42.2	23.6	501	360	12	27	522	632	1114	3.5e-20	96.3
BCW-200013_03815	gnl|TC-DB|P15078|2.A.114.1.1	94.0	701	42	0	1	701	1	701	0.0e+00	1247.6
BCW-200013_03821	gnl|TC-DB|A6VKS8|3.A.1.2.13	38.2	495	301	4	6	499	7	497	2.3e-90	329.3
BCW-200013_03822	gnl|TC-DB|B8H230|3.A.1.2.21	34.9	321	191	5	14	327	16	325	1.7e-36	149.8
BCW-200013_03843	gnl|TC-DB|P0ABP3|2.A.61.1.1	91.6	455	38	0	1	455	1	455	2.3e-222	767.7
BCW-200013_03847	gnl|TC-DB|P37002|1.A.43.1.1	78.5	93	20	0	1	93	35	127	2.6e-40	160.6
BCW-200013_03849	gnl|TC-DB|P0A843|2.A.64.1.1	85.1	67	10	0	1	67	1	67	2.1e-23	104.0
BCW-200013_03856	gnl|TC-DB|P0ABG7|2.A.103.1.2	96.2	370	14	0	1	370	1	370	1.2e-197	685.3
BCW-200013_03862	gnl|TC-DB|P0ADC1|1.B.42.1.2	74.5	165	42	0	1	165	1	165	3.6e-68	254.2
BCW-200013_03866	gnl|TC-DB|P0AAG3|3.A.1.3.4	91.3	241	21	0	1	241	1	241	7.1e-122	433.0
BCW-200013_03867	gnl|TC-DB|P0AER5|3.A.1.3.4	92.8	223	16	0	1	223	1	223	3.8e-109	390.6
BCW-200013_03868	gnl|TC-DB|P0AER3|3.A.1.3.4	89.8	246	25	0	1	246	1	246	3.0e-123	437.6
BCW-200013_03869	gnl|TC-DB|P37902|3.A.1.3.4	91.1	302	26	1	1	301	1	302	5.5e-156	546.6
BCW-200013_03871	gnl|TC-DB|P0A2L3|9.A.40.1.2	94.5	292	16	0	16	307	1	292	1.9e-156	548.1
BCW-200013_03888	gnl|TC-DB|P09323|4.A.1.1.2	55.3	662	260	9	2	657	16	647	1.4e-175	612.8
BCW-200013_03890	gnl|TC-DB|P75733|1.B.25.1.13	88.9	468	49	3	1	465	1	468	3.4e-253	870.2
BCW-200013_03898	gnl|TC-DB|P0AAF1|2.A.3.2.1	92.9	435	31	0	2	436	4	438	1.0e-227	785.4
BCW-200013_03902	gnl|TC-DB|P03961|3.A.3.7.1	69.1	188	58	0	1	188	1	188	5.9e-63	236.9
BCW-200013_03903	gnl|TC-DB|P03960|3.A.3.7.1	91.3	682	59	0	1	682	1	682	0.0e+00	1173.3
BCW-200013_03904	gnl|TC-DB|P03959|3.A.3.7.1	82.8	557	96	0	1	557	1	557	1.2e-260	895.2
BCW-200013_03915	gnl|TC-DB|X5H3P0|3.D.10.1.6	52.7	590	267	8	7	588	12	597	9.1e-171	596.7
BCW-200013_03916	gnl|TC-DB|X5GWN5|3.D.10.1.6	50.9	234	108	5	4	236	27	254	9.0e-69	256.5
BCW-200013_03921	gnl|TC-DB|P0ABJ9|3.D.4.3.2	93.5	522	34	0	1	522	1	522	6.0e-283	969.1
BCW-200013_03922	gnl|TC-DB|P0ABK2|3.D.4.3.2	91.3	379	33	0	1	379	1	379	4.6e-200	693.3
BCW-200013_03923	gnl|TC-DB|P56100|9.B.85.1.1	88.6	35	4	0	1	35	1	35	3.5e-12	65.9
BCW-200013_03924	gnl|TC-DB|P0AAV0|8.A.79.1.1	88.3	94	11	0	3	96	4	97	8.2e-45	175.6
BCW-200013_03926	gnl|TC-DB|P0ABU9|1.A.30.2.2	97.0	230	7	0	1	230	1	230	5.4e-119	423.3
BCW-200013_03927	gnl|TC-DB|P0ABV8|1.A.30.2.2	88.0	142	17	0	1	142	1	142	2.8e-65	244.2
BCW-200013_03928	gnl|TC-DB|P19934|2.C.1.2.1	85.0	127	19	0	296	422	295	421	4.7e-44	175.3
BCW-200013_03929	gnl|TC-DB|P0A855|2.C.1.2.1	94.4	430	24	0	1	430	1	430	1.0e-147	519.6
BCW-200013_03930	gnl|TC-DB|C6EJJ6|2.C.1.2.1	74.0	173	45	0	1	173	1	173	5.4e-63	236.9
BCW-200013_03931	gnl|TC-DB|P45955|2.C.1.2.1	84.7	190	29	0	1	190	1	190	2.2e-71	265.4
BCW-200013_03936	gnl|TC-DB|P24520|4.B.1.1.1	85.7	238	34	0	1	238	1	238	1.6e-113	405.2
BCW-200013_03937	gnl|TC-DB|P75757|2.A.4.1.4	79.2	313	63	1	1	311	1	313	4.0e-141	497.3
BCW-200013_03945	gnl|TC-DB|A7BAX2|3.A.1.26.3	28.3	495	284	19	10	471	246	702	8.7e-26	114.8
BCW-200013_03947	gnl|TC-DB|A6T6J1|2.A.6.2.49	79.6	49	10	0	1	49	1	49	2.6e-15	76.6
BCW-200013_03948	gnl|TC-DB|P37329|3.A.1.8.1	84.7	255	39	0	1	255	1	255	8.4e-121	429.5
BCW-200013_03949	gnl|TC-DB|P0AF01|3.A.1.8.1	91.3	229	20	0	1	229	1	229	8.0e-115	409.5
BCW-200013_03950	gnl|TC-DB|P09833|3.A.1.8.1	87.5	352	44	0	1	352	1	352	2.7e-178	620.9
BCW-200013_03965	gnl|TC-DB|Q0S720|3.A.1.4.9	33.9	233	145	4	1	230	9	235	4.6e-28	121.3
BCW-200013_03973	gnl|TC-DB|P0AAC4|1.A.14.2.2	84.3	235	36	1	1	235	1	234	9.4e-103	369.4
BCW-200013_03974	gnl|TC-DB|P75770|4.D.2.4.3	86.5	318	43	0	1	318	1	318	3.8e-155	543.9
BCW-200013_03977	gnl|TC-DB|P0AAW6|9.B.15.1.1	82.2	135	24	0	1	135	1	135	2.9e-56	214.2
BCW-200013_03978	gnl|TC-DB|P0AFP9|3.A.1.105.15	93.5	367	24	0	1	367	1	367	7.4e-195	676.0
BCW-200013_03979	gnl|TC-DB|C6EIY9|3.A.1.105.15	89.9	377	38	0	1	377	1	377	1.5e-187	651.7
BCW-200013_03980	gnl|TC-DB|P0A9U1|3.A.1.105.15	89.6	577	60	0	1	577	1	577	2.0e-303	1037.3
BCW-200013_03981	gnl|TC-DB|P75777|3.A.1.105.15	61.3	331	128	0	1	331	2	332	2.3e-86	315.5
BCW-200013_03983	gnl|TC-DB|O00571|1.I.1.1.3	42.0	398	208	8	2	377	181	577	2.0e-72	269.6
BCW-200013_03987	gnl|TC-DB|P30130|1.B.11.3.9	39.8	882	474	18	5	846	13	877	2.2e-173	605.9
BCW-200013_03995	gnl|TC-DB|P75783|1.A.23.3.2	80.4	741	141	1	1	737	1	741	0.0e+00	1140.6
BCW-200013_03996	gnl|TC-DB|P10346|3.A.1.3.2	95.8	240	10	0	1	240	1	240	1.1e-127	452.2
BCW-200013_03997	gnl|TC-DB|P0AEQ6|3.A.1.3.2	93.6	219	14	0	1	219	1	219	1.7e-109	391.7
BCW-200013_03998	gnl|TC-DB|P0AEQ3|3.A.1.3.2	96.4	248	8	1	1	247	1	248	2.7e-132	467.6
BCW-200013_04000	gnl|TC-DB|P0AA67|2.A.7.3.6	80.0	295	59	0	1	295	1	295	3.3e-129	457.6
BCW-200013_04001	gnl|TC-DB|G0EBV0|1.B.6.2.10	81.5	173	29	2	1	172	1	171	2.3e-74	274.6
BCW-200013_04005	gnl|TC-DB|P75788|2.A.45.2.5	77.5	369	83	0	1	369	1	369	6.3e-162	566.6
BCW-200013_04006	gnl|TC-DB|Q9RQ30|8.A.1.1.2	47.7	130	66	2	234	361	224	353	9.4e-25	110.9
BCW-200013_04007	gnl|TC-DB|P0AEJ0|2.A.1.3.2	36.2	497	305	3	18	513	15	500	2.5e-87	319.3
BCW-200013_04008	gnl|TC-DB|B3PY75|1.B.17.3.8	32.7	504	295	6	1	496	1	468	5.8e-65	245.0
BCW-200013_04009	gnl|TC-DB|P63144|8.A.5.1.3	35.1	316	185	7	1	308	71	374	2.5e-43	172.6
BCW-200013_04010	gnl|TC-DB|Q86Z14|8.A.49.1.2	29.7	465	273	16	6	455	82	507	1.3e-39	160.6
BCW-200013_04011	gnl|TC-DB|U5MFA1|4.A.3.2.9	34.1	425	271	3	14	432	8	429	4.6e-58	221.9
BCW-200013_04014	gnl|TC-DB|Q83XH1|3.A.1.121.4	46.4	526	281	1	1	526	1	525	1.5e-140	496.1
BCW-200013_04016	gnl|TC-DB|P0AA78|2.A.1.14.2	43.0	416	236	1	16	430	42	457	6.8e-99	357.5
BCW-200013_04026	gnl|TC-DB|P75796|3.A.1.5.11	78.9	622	131	0	1	622	1	622	2.6e-277	950.7
BCW-200013_04027	gnl|TC-DB|P75797|3.A.1.5.11	86.5	512	69	0	1	512	1	512	1.1e-260	895.2
BCW-200013_04028	gnl|TC-DB|P75798|3.A.1.5.11	87.9	306	37	0	1	306	1	306	6.9e-154	539.7
BCW-200013_04029	gnl|TC-DB|P75799|3.A.1.5.11	87.5	303	38	0	1	303	1	303	1.1e-135	479.2
BCW-200013_04036	gnl|TC-DB|P94571|9.B.105.1.3	27.0	159	111	2	5	163	1	154	3.0e-12	68.6
BCW-200013_04038	gnl|TC-DB|P0AEY8|2.A.1.2.19	88.7	407	46	0	1	407	1	407	1.1e-204	708.8
BCW-200013_04040	gnl|TC-DB|P75810|2.A.1.60.2	85.6	375	54	0	1	375	1	375	1.9e-175	611.7
BCW-200013_04043	gnl|TC-DB|P0AB93|3.A.4.1.1	87.2	429	55	0	1	429	1	429	8.3e-206	712.6
BCW-200013_04045	gnl|TC-DB|A7ZJR5|2.A.81.1.4	94.1	561	33	0	1	561	1	561	2.4e-301	1030.4
BCW-200013_04051	gnl|TC-DB|P31133|3.A.1.11.2	91.1	370	33	0	1	370	1	370	3.9e-204	706.8
BCW-200013_04052	gnl|TC-DB|P31134|3.A.1.11.2	92.6	377	28	0	1	377	1	377	6.8e-204	706.1
BCW-200013_04053	gnl|TC-DB|P31135|3.A.1.11.2	90.2	317	31	0	1	317	1	317	6.2e-166	579.7
BCW-200013_04054	gnl|TC-DB|P0AFL1|3.A.1.11.2	93.6	281	18	0	1	281	1	281	1.7e-143	505.0
BCW-200013_04059	gnl|TC-DB|P30860|3.A.1.3.3	88.5	243	28	0	1	243	1	243	7.7e-124	439.5
BCW-200013_04060	gnl|TC-DB|P0AE30|3.A.1.3.3	93.7	222	14	0	1	222	1	222	1.5e-102	368.6
BCW-200013_04061	gnl|TC-DB|P0AE34|3.A.1.3.3	95.8	237	10	0	1	237	1	237	2.9e-123	437.6
BCW-200013_04062	gnl|TC-DB|P30859|3.A.1.3.3	91.8	243	20	0	1	243	1	243	5.1e-128	453.4
BCW-200013_04063	gnl|TC-DB|P0AAF6|3.A.1.3.3	93.4	242	16	0	1	242	1	242	5.1e-128	453.4
BCW-200013_04071	gnl|TC-DB|P15644|1.B.22.1.1	52.2	645	284	7	14	637	14	655	1.5e-179	625.9
BCW-200013_04072	gnl|TC-DB|P15645|3.A.15.1.1	59.4	463	186	1	25	487	31	491	6.5e-154	540.4
BCW-200013_04073	gnl|TC-DB|P15745|3.A.15.1.1	45.1	401	198	2	1	401	1	379	2.4e-82	302.4
BCW-200013_04074	gnl|TC-DB|P15746|3.A.15.1.1	72.1	140	39	0	8	147	1	140	1.8e-54	208.4
BCW-200013_04077	gnl|TC-DB|P15749|3.A.15.1.1	30.8	195	121	4	4	184	2	196	1.9e-20	95.9
BCW-200013_04081	gnl|TC-DB|P22610|3.A.15.2.1	42.0	255	128	4	22	257	21	274	5.7e-48	187.6
BCW-200013_04092	gnl|TC-DB|P75826|2.A.124.1.1	84.3	299	47	0	1	299	1	299	5.2e-138	486.9
BCW-200013_04093	gnl|TC-DB|P60844|1.A.8.3.1	89.6	231	24	0	1	231	1	231	7.8e-118	419.5
BCW-200013_04096	gnl|TC-DB|P75830|3.A.1.122.1	81.2	361	68	0	11	371	11	371	1.2e-157	552.4
BCW-200013_04097	gnl|TC-DB|P75831|3.A.1.122.1	86.3	648	87	1	1	646	1	648	5.8e-312	1065.8
BCW-200013_04100	gnl|TC-DB|Q9SXJ7|3.A.9.1.2	38.5	800	402	11	17	737	133	921	3.7e-148	521.9
BCW-200013_04104	gnl|TC-DB|P23886|3.A.1.129.1	81.3	573	107	0	1	573	1	573	3.0e-259	890.6
BCW-200013_04105	gnl|TC-DB|P29018|3.A.1.129.1	84.5	588	91	0	1	588	1	588	9.4e-285	975.3
BCW-200013_04108	gnl|TC-DB|P46889|3.A.12.1.2	77.6	1333	194	11	1	1233	1	1329	0.0e+00	1643.2
BCW-200013_04109	gnl|TC-DB|P61316|1.B.46.1.1	92.1	202	16	0	1	202	1	202	7.9e-106	379.4
BCW-200013_04112	gnl|TC-DB|P18775|5.A.3.3.2	88.7	814	92	0	1	814	1	814	0.0e+00	1525.0
BCW-200013_04113	gnl|TC-DB|P18776|5.A.3.3.2	93.7	205	13	0	1	205	1	205	7.2e-123	436.0
BCW-200013_04114	gnl|TC-DB|P18777|5.A.3.3.2	85.0	287	43	0	1	287	1	287	4.6e-136	480.3
BCW-200013_04115	gnl|TC-DB|P21503|2.A.1.26.1	84.5	381	59	0	1	381	1	381	2.6e-182	634.4
BCW-200013_04119	gnl|TC-DB|P0AC23|1.A.16.1.1	93.7	285	18	0	1	285	1	285	1.2e-152	535.4
BCW-200013_04127	gnl|TC-DB|P44408|3.A.11.2.2	33.9	663	384	14	129	748	133	784	9.1e-91	331.3
BCW-200013_04128	gnl|TC-DB|P60752|3.A.1.106.1	95.5	582	26	0	1	582	1	582	4.3e-298	1019.6
BCW-200013_04143	gnl|TC-DB|Q6RW54|1.B.1.1.12	59.0	373	131	6	2	367	1	358	2.4e-121	431.8
BCW-200013_04147	gnl|TC-DB|B1X8N7|3.A.1.17.10	87.9	248	30	0	1	248	1	248	1.3e-121	432.2
BCW-200013_04148	gnl|TC-DB|P75851|3.A.1.17.10	92.3	261	20	0	1	261	1	261	3.1e-126	447.6
BCW-200013_04150	gnl|TC-DB|P75853|3.A.1.17.10	83.5	315	52	0	3	317	2	316	1.5e-151	531.9
BCW-200013_04156	gnl|TC-DB|P43672|3.A.1.120.6	83.4	634	105	0	1	634	1	634	1.6e-301	1031.2
BCW-200013_04163	gnl|TC-DB|P0A910|1.B.6.1.1	85.8	351	45	2	1	351	1	346	1.3e-169	592.0
BCW-200013_04166	gnl|TC-DB|P75870|2.A.85.1.1	82.4	716	126	0	1	716	1	716	0.0e+00	1187.6
BCW-200013_04167	gnl|TC-DB|P0AB12|9.B.55.1.1	88.5	148	17	0	1	148	1	148	4.6e-71	263.5
BCW-200013_04186	gnl|TC-DB|P0AAC6|1.A.14.2.1	93.2	219	15	0	1	219	1	219	1.5e-105	378.6
BCW-200013_04187	gnl|TC-DB|P06202|3.A.1.5.1	55.2	536	235	3	12	542	8	543	6.4e-171	597.0
BCW-200013_04192	gnl|TC-DB|P39580|2.A.50.2.1	27.3	410	230	16	2	368	4	388	4.9e-29	125.2
BCW-200013_04198	gnl|TC-DB|P16552|2.A.1.5.2	36.1	391	239	2	17	400	18	404	2.9e-65	245.7
BCW-200013_04205	gnl|TC-DB|G3IME2|9.B.35.1.2	29.8	114	71	3	2	107	29	141	2.7e-12	67.8
BCW-200013_04207	gnl|TC-DB|P94575|2.A.39.3.4	32.5	462	307	3	20	478	10	469	6.5e-77	284.6
BCW-200013_04217	gnl|TC-DB|P35113|3.A.1.3.6	32.6	218	137	2	5	212	1	218	4.1e-23	104.8
BCW-200013_04218	gnl|TC-DB|P0AFT2|3.A.1.3.10	32.0	206	140	0	9	214	10	215	8.7e-26	113.6
BCW-200013_04219	gnl|TC-DB|Q9I488|3.A.1.3.21	57.7	239	101	0	3	241	1	239	6.9e-72	266.9
BCW-200013_04222	gnl|TC-DB|Q52398|1.A.26.1.4	56.7	326	139	2	6	330	28	352	3.4e-98	354.8
BCW-200013_04230	gnl|TC-DB|K7QW88|2.A.7.3.52	34.2	269	168	6	17	284	11	271	9.1e-21	97.4
BCW-200013_04231	gnl|TC-DB|P75892|2.A.40.1.3	89.5	439	46	0	1	439	3	441	1.7e-214	741.5
BCW-200013_04241	gnl|TC-DB|P07117|2.A.21.2.1	94.4	500	28	0	1	500	1	500	5.2e-268	919.5
BCW-200013_04243	gnl|TC-DB|P0AFF2|2.A.41.1.1	71.0	400	110	2	1	394	1	400	1.4e-146	515.8
BCW-200013_04244	gnl|TC-DB|P75901|2.A.108.2.3	89.4	274	29	0	1	274	1	274	4.1e-137	483.8
BCW-200013_04245	gnl|TC-DB|P0AB24|2.A.108.2.3	88.3	375	44	0	1	375	1	375	3.7e-186	647.1
BCW-200013_04246	gnl|TC-DB|P31545|2.A.108.2.3	83.3	425	67	1	1	425	1	421	9.4e-210	725.7
BCW-200013_04248	gnl|TC-DB|P30145|2.A.25.1.2	53.0	436	203	2	43	477	1	435	1.3e-120	429.9
BCW-200013_04257	gnl|TC-DB|D4ZZR3|9.B.34.1.3	37.9	174	96	4	316	484	226	392	3.7e-24	109.4
BCW-200013_04258	gnl|TC-DB|A6TAG3|1.E.43.1.1	96.3	82	3	0	1	82	1	82	7.5e-39	155.6
BCW-200013_04259	gnl|TC-DB|P76330|9.B.34.1.4	34.7	101	66	0	173	273	383	483	6.8e-12	68.2
BCW-200013_04264	gnl|TC-DB|P76242|2.A.1.17.3	78.1	392	86	0	1	392	1	392	3.8e-165	577.4
BCW-200013_04271	gnl|TC-DB|P0A908|9.B.99.1.2	73.0	248	67	0	1	248	1	248	9.0e-112	399.4
BCW-200013_04281	gnl|TC-DB|Q07711|3.A.7.7.1	30.0	621	396	17	3	612	4	596	4.7e-72	268.9
BCW-200013_04296	gnl|TC-DB|P69795|4.A.3.2.1	96.2	104	4	0	1	104	1	104	1.4e-50	194.9
BCW-200013_04297	gnl|TC-DB|P17334|4.A.3.2.1	89.2	452	49	0	1	452	1	452	2.4e-211	731.1
BCW-200013_04298	gnl|TC-DB|C4X746|4.A.3.2.7	86.1	115	16	0	1	115	1	115	3.0e-46	180.6
BCW-200013_04304	gnl|TC-DB|P77529|2.A.23.1.8	85.3	462	68	0	1	462	1	462	3.3e-208	720.7
BCW-200013_04311	gnl|TC-DB|P76206|1.B.75.1.3	86.5	252	34	0	23	274	1	252	1.1e-129	459.1
BCW-200013_04320	gnl|TC-DB|P06609|3.A.1.13.1	74.8	326	82	0	1	326	1	326	7.6e-135	476.5
BCW-200013_04322	gnl|TC-DB|P06611|3.A.1.13.1	70.6	248	73	0	1	248	1	248	2.0e-98	355.1
BCW-200013_04327	gnl|TC-DB|Q81E21|2.A.8.1.14	53.3	478	207	3	1	462	1	478	1.2e-130	463.0
BCW-200013_04332	gnl|TC-DB|A8GDS6|3.A.1.14.16	60.6	251	99	0	7	257	9	259	3.5e-82	301.2
BCW-200013_04333	gnl|TC-DB|Q56992|3.A.1.14.5	65.3	320	110	1	7	325	9	328	7.8e-103	370.2
BCW-200013_04334	gnl|TC-DB|A8GDS8|3.A.1.14.16	54.2	271	124	0	1	271	5	275	2.9e-79	291.6
BCW-200013_04336	gnl|TC-DB|P72412|1.B.14.2.14	84.7	621	94	1	41	660	40	660	0.0e+00	1120.1
BCW-200013_04338	gnl|TC-DB|D5CJ69|2.A.66.1.22	93.5	461	30	0	13	473	2	462	2.2e-244	840.9
BCW-200013_04341	gnl|TC-DB|P76242|2.A.1.17.3	54.2	380	173	1	11	389	13	392	1.1e-106	383.3
BCW-200013_04346	gnl|TC-DB|P0A754|2.A.37.1.1	41.1	163	94	1	5	167	4	164	4.1e-31	131.0
BCW-200013_04357	gnl|TC-DB|E0SFK1|2.A.69.3.2	59.6	307	124	0	10	316	8	314	5.6e-98	354.0
BCW-200013_04367	gnl|TC-DB|Q8VS41|2.A.24.2.5	47.4	424	219	2	26	445	26	449	7.8e-106	380.6
BCW-200013_04378	gnl|TC-DB|Q6MB84|3.A.7.16.1	36.4	187	119	0	3	189	365	551	2.0e-29	128.3
