BCW-201173_00007	gnl|TC-DB|P13036|1.B.14.1.20	99.6	774	3	0	1	774	1	774	0.0e+00	1579.3
BCW-201173_00008	gnl|TC-DB|P15028|3.A.1.14.1	99.3	300	2	0	1	300	1	300	3.2e-164	573.9
BCW-201173_00009	gnl|TC-DB|P15030|3.A.1.14.1	100.0	332	0	0	1	332	1	332	9.7e-178	619.0
BCW-201173_00010	gnl|TC-DB|P15029|3.A.1.14.1	99.7	318	1	0	1	318	1	318	9.0e-173	602.4
BCW-201173_00011	gnl|TC-DB|P15031|3.A.1.14.1	100.0	255	0	0	1	255	1	255	8.3e-145	509.2
BCW-201173_00014	gnl|TC-DB|P45756|9.B.42.1.3	100.0	406	0	0	1	406	84	489	4.3e-236	813.1
BCW-201173_00037	gnl|TC-DB|P0AGA2|3.A.5.1.1	100.0	443	0	0	1	443	1	443	1.9e-245	844.3
BCW-201173_00047	gnl|TC-DB|P0A742|1.A.22.1.1	100.0	136	0	0	1	136	1	136	6.7e-69	256.1
BCW-201173_00048	gnl|TC-DB|P0AGI8|2.A.38.1.1	100.0	458	0	0	1	458	1	458	1.4e-256	881.3
BCW-201173_00052	gnl|TC-DB|Q8VRK4|3.A.11.1.3	37.1	278	159	6	80	357	68	329	1.5e-33	140.2
BCW-201173_00060	gnl|TC-DB|P03959|3.A.3.7.1	99.8	557	1	0	1	557	1	557	2.3e-309	1057.0
BCW-201173_00061	gnl|TC-DB|P03960|3.A.3.7.1	100.0	682	0	0	1	682	1	682	0.0e+00	1275.0
BCW-201173_00062	gnl|TC-DB|P03961|3.A.3.7.1	100.0	190	0	0	1	190	1	190	4.1e-96	347.1
BCW-201173_00067	gnl|TC-DB|P0AAF1|2.A.3.2.1	100.0	439	0	0	1	439	1	439	1.8e-243	837.8
BCW-201173_00071	gnl|TC-DB|P71187|3.A.7.4.1	46.7	242	127	2	16	257	21	260	3.6e-53	205.7
BCW-201173_00073	gnl|TC-DB|P71185|3.A.7.4.1	60.0	250	99	1	15	264	6	254	6.3e-55	210.7
BCW-201173_00084	gnl|TC-DB|P0ACG4|1.E.53.1.1	100.0	50	0	0	20	69	1	50	1.7e-20	94.4
BCW-201173_00085	gnl|TC-DB|P13738|2.A.33.1.1	100.0	388	0	0	1	388	1	388	2.7e-211	730.7
BCW-201173_00096	gnl|TC-DB|P76169|2.A.7.26.1	100.0	108	0	0	1	108	1	108	2.5e-58	220.7
BCW-201173_00101	gnl|TC-DB|P77374|5.A.3.3.1	99.9	808	1	0	1	808	1	808	0.0e+00	1657.5
BCW-201173_00102	gnl|TC-DB|P77783|5.A.3.3.1	100.0	798	0	0	1	798	10	807	0.0e+00	1658.7
BCW-201173_00135	gnl|TC-DB|P02982|2.A.1.2.4	100.0	399	0	0	1	399	1	399	1.4e-223	771.5
BCW-201173_00136	gnl|TC-DB|Q6SJ76|2.A.7.3.67	100.0	294	0	0	1	294	1	294	1.1e-159	558.9
BCW-201173_00141	gnl|TC-DB|P37683|8.A.1.1.4	77.2	378	86	0	1	378	1	378	2.8e-165	577.8
BCW-201173_00142	gnl|TC-DB|P32108|9.B.32.1.1	100.0	120	0	0	1	120	1	120	2.3e-65	244.2
BCW-201173_00143	gnl|TC-DB|P00550|4.A.2.1.2	100.0	637	0	0	1	637	1	637	0.0e+00	1219.9
BCW-201173_00148	gnl|TC-DB|P33231|2.A.14.1.1	100.0	551	0	0	1	551	1	551	3.9e-309	1056.2
BCW-201173_00158	gnl|TC-DB|B7LEG0|1.A.34.1.2	38.7	119	68	3	300	417	262	376	2.4e-16	83.2
BCW-201173_00190	gnl|TC-DB|P0AGM2|1.A.62.2.3	100.0	205	0	0	1	205	1	205	5.0e-108	386.7
BCW-201173_00197	gnl|TC-DB|P0AER8|2.A.27.1.1	100.0	401	0	0	1	401	1	401	2.0e-214	741.1
BCW-201173_00198	gnl|TC-DB|P0AGM9|2.A.40.4.2	100.0	463	0	0	1	463	1	463	4.8e-252	866.3
BCW-201173_00201	gnl|TC-DB|P31435|2.A.2.3.4	100.0	460	0	0	1	460	1	460	6.5e-265	909.1
BCW-201173_00209	gnl|TC-DB|Q2FD83|2.A.7.1.11	52.6	97	46	0	4	100	3	99	1.1e-24	109.0
BCW-201173_00218	gnl|TC-DB|P37650|1.B.55.3.1	98.7	151	2	0	1	151	1006	1156	1.7e-89	324.7
BCW-201173_00223	gnl|TC-DB|P22610|3.A.15.2.1	52.1	142	65	3	78	217	133	273	1.1e-28	123.2
BCW-201173_00228	gnl|TC-DB|P75835|2.A.3.7.2	100.0	476	0	0	1	476	1	476	3.0e-273	936.8
BCW-201173_00229	gnl|TC-DB|P21503|2.A.1.26.1	100.0	382	0	0	1	382	1	382	2.9e-210	727.2
BCW-201173_00231	gnl|TC-DB|P18777|5.A.3.3.2	99.7	287	1	0	1	287	1	287	5.3e-156	546.6
BCW-201173_00232	gnl|TC-DB|P18776|5.A.3.3.2	100.0	205	0	0	1	205	1	205	4.6e-130	459.9
BCW-201173_00233	gnl|TC-DB|P18775|5.A.3.3.2	100.0	814	0	0	1	814	1	814	0.0e+00	1682.9
BCW-201173_00236	gnl|TC-DB|P61316|1.B.46.1.1	100.0	203	0	0	1	203	1	203	6.4e-116	412.9
BCW-201173_00237	gnl|TC-DB|P46889|3.A.12.1.2	99.9	1329	1	0	1	1329	1	1329	0.0e+00	2119.7
BCW-201173_00240	gnl|TC-DB|P29018|3.A.1.129.1	99.8	588	1	0	1	588	1	588	0.0e+00	1130.2
BCW-201173_00241	gnl|TC-DB|P23886|3.A.1.129.1	99.7	573	2	0	1	573	1	573	7.2e-314	1072.0
BCW-201173_00248	gnl|TC-DB|P25396|2.A.16.1.1	100.0	330	0	0	1	330	1	330	9.6e-186	645.6
BCW-201173_00261	gnl|TC-DB|P0ACG4|1.E.53.1.1	82.0	50	9	0	1	50	1	50	4.2e-16	79.3
BCW-201173_00268	gnl|TC-DB|P77237|1.E.1.1.2	100.0	68	0	0	1	68	4	71	2.7e-34	140.2
BCW-201173_00282	gnl|TC-DB|Q8X6C1|1.B.12.1.6	42.4	755	348	7	454	1181	655	1349	1.8e-157	553.5
BCW-201173_00290	gnl|TC-DB|P31801|2.A.19.1.1	100.0	366	0	0	1	366	1	366	3.1e-185	644.0
BCW-201173_00294	gnl|TC-DB|P39165|1.B.54.1.9	100.0	464	0	0	1	464	1	464	4.7e-255	876.3
BCW-201173_00298	gnl|TC-DB|P10903|2.A.1.8.1	100.0	463	0	0	1	463	1	463	5.5e-264	906.0
BCW-201173_00299	gnl|TC-DB|P09152|5.A.3.1.1	100.0	1247	0	0	1	1247	1	1247	0.0e+00	2611.6
BCW-201173_00300	gnl|TC-DB|P11349|5.A.3.1.1	100.0	512	0	0	1	512	1	512	0.0e+00	1077.8
BCW-201173_00302	gnl|TC-DB|P11350|5.A.3.1.1	99.6	225	1	0	1	225	1	225	1.4e-127	451.8
BCW-201173_00311	gnl|TC-DB|P45955|2.C.1.2.1	100.0	190	0	0	1	190	1	190	9.9e-85	309.7
BCW-201173_00312	gnl|TC-DB|C6EJJ6|2.C.1.2.1	100.0	173	0	0	1	173	1	173	1.9e-92	334.7
BCW-201173_00313	gnl|TC-DB|P0A855|2.C.1.2.1	100.0	430	0	0	1	430	1	430	3.7e-161	564.3
BCW-201173_00314	gnl|TC-DB|P19934|2.C.1.2.1	100.0	128	0	0	294	421	294	421	8.0e-52	201.1
BCW-201173_00315	gnl|TC-DB|P0ABV8|1.A.30.2.2	100.0	142	0	0	1	142	1	142	3.1e-72	267.3
BCW-201173_00316	gnl|TC-DB|P0ABU9|1.A.30.2.2	100.0	230	0	0	1	230	1	230	2.3e-122	434.5
BCW-201173_00318	gnl|TC-DB|P0AAV0|8.A.79.1.1	100.0	97	0	0	1	97	1	97	4.5e-51	196.4
BCW-201173_00319	gnl|TC-DB|P56100|9.B.85.1.1	100.0	37	0	0	1	37	1	37	8.9e-16	77.8
BCW-201173_00320	gnl|TC-DB|P0ABK2|3.D.4.3.2	100.0	379	0	0	1	379	1	379	1.7e-218	754.6
BCW-201173_00321	gnl|TC-DB|P0ABJ9|3.D.4.3.2	100.0	522	0	0	1	522	1	522	1.3e-298	1021.1
BCW-201173_00323	gnl|TC-DB|P54745|4.A.2.1.3	99.8	638	1	0	1	638	21	658	0.0e+00	1119.4
BCW-201173_00329	gnl|TC-DB|X5GWN5|3.D.10.1.6	51.3	234	107	5	4	236	27	254	5.9e-68	253.8
BCW-201173_00330	gnl|TC-DB|X5H3P0|3.D.10.1.6	53.1	589	266	6	7	588	12	597	3.7e-172	601.3
BCW-201173_00335	gnl|TC-DB|B7LAC5|1.C.80.1.4	79.3	188	39	0	1	188	1	188	9.6e-82	299.3
BCW-201173_00336	gnl|TC-DB|P75750|1.B.11.2.2	100.0	815	0	0	1	815	1	815	0.0e+00	1654.8
BCW-201173_00345	gnl|TC-DB|P75742|2.A.17.1.4	99.8	493	1	0	1	493	1	493	2.8e-282	966.8
BCW-201173_00357	gnl|TC-DB|P0ADK5|9.B.32.1.2	100.0	107	0	0	1	107	1	107	1.8e-56	214.5
BCW-201173_00358	gnl|TC-DB|P37683|8.A.1.1.4	100.0	378	0	0	1	378	1	378	7.8e-208	719.2
BCW-201173_00360	gnl|TC-DB|P0ACG4|1.E.53.1.1	80.0	50	10	0	1	50	1	50	1.2e-15	77.8
BCW-201173_00372	gnl|TC-DB|P94400|9.B.10.1.1	27.6	377	194	13	1	309	1	366	4.1e-24	108.6
BCW-201173_00374	gnl|TC-DB|Q8ZJY5|2.A.114.1.10	95.4	716	33	0	1	716	1	716	0.0e+00	1351.7
BCW-201173_00375	gnl|TC-DB|M3JA40|1.B.52.2.1	36.6	134	78	1	354	480	283	416	1.9e-13	73.9
BCW-201173_00376	gnl|TC-DB|P39398|2.A.1.14.33	100.0	453	0	0	1	453	1	453	2.8e-260	893.6
BCW-201173_00384	gnl|TC-DB|Q8FA71|2.A.79.2.1	98.8	256	3	0	1	256	22	277	5.0e-142	500.0
BCW-201173_00412	gnl|TC-DB|P24518|4.B.1.1.1	90.7	409	38	0	1	409	1	409	1.1e-220	761.9
BCW-201173_00414	gnl|TC-DB|P43672|3.A.1.120.6	34.0	512	327	5	21	527	18	523	4.1e-80	295.4
BCW-201173_00431	gnl|TC-DB|P30143|2.A.25.1.10	99.8	476	1	0	1	476	1	476	5.3e-270	926.0
BCW-201173_00434	gnl|TC-DB|P0AC98|2.A.96.1.1	100.0	188	0	0	1	188	1	188	2.2e-102	367.9
BCW-201173_00437	gnl|TC-DB|P0A6Y8|1.A.33.1.2	100.0	638	0	0	1	638	1	638	0.0e+00	1211.1
BCW-201173_00440	gnl|TC-DB|P80874|8.A.5.1.4	39.1	302	165	7	1	298	1	287	8.3e-49	190.7
BCW-201173_00444	gnl|TC-DB|P76230|2.A.1.1.115	100.0	459	0	0	1	459	1	459	3.7e-244	840.1
BCW-201173_00450	gnl|TC-DB|P80874|8.A.5.1.4	33.5	212	118	7	17	214	16	218	4.7e-24	108.2
BCW-201173_00451	gnl|TC-DB|P0A908|9.B.99.1.2	100.0	248	0	0	1	248	1	248	1.9e-149	524.6
BCW-201173_00455	gnl|TC-DB|Q1J0W6|9.B.34.1.1	26.6	199	125	8	309	495	155	344	6.2e-11	65.5
BCW-201173_00459	gnl|TC-DB|P76242|2.A.1.17.3	100.0	393	0	0	1	393	1	393	3.3e-217	750.4
BCW-201173_00462	gnl|TC-DB|P76330|9.B.34.1.4	31.1	193	128	4	149	338	374	564	8.2e-15	77.8
BCW-201173_00463	gnl|TC-DB|A6TAG3|1.E.43.1.1	90.2	82	8	0	1	82	1	82	8.3e-38	152.1
BCW-201173_00466	gnl|TC-DB|P76249|2.A.76.1.5	100.0	212	0	0	1	212	1	212	1.8e-113	404.8
BCW-201173_00470	gnl|TC-DB|P0ABD2|2.A.15.2.3	100.0	476	0	0	1	476	6	481	4.1e-278	953.0
BCW-201173_00474	gnl|TC-DB|P69451|4.C.1.1.4	99.8	561	1	0	23	583	1	561	0.0e+00	1127.1
BCW-201173_00485	gnl|TC-DB|L5DDD7|2.A.109.2.3	50.2	518	245	7	1	508	370	884	3.6e-123	438.3
BCW-201173_00487	gnl|TC-DB|P69797|4.A.6.1.1	100.0	323	0	0	1	323	1	323	2.9e-171	597.4
BCW-201173_00488	gnl|TC-DB|P69801|4.A.6.1.1	100.0	266	0	0	1	266	1	266	1.7e-137	485.0
BCW-201173_00489	gnl|TC-DB|P69805|4.A.6.1.1	100.0	283	0	0	1	283	4	286	1.0e-159	558.9
BCW-201173_00491	gnl|TC-DB|P76264|2.A.107.1.1	100.0	188	0	0	1	188	1	188	8.4e-102	365.9
BCW-201173_00497	gnl|TC-DB|P76269|2.A.1.3.17	100.0	457	0	0	1	457	1	457	5.1e-246	846.3
BCW-201173_00498	gnl|TC-DB|P23894|9.B.1.1.6	100.0	293	0	0	1	293	1	293	3.7e-157	550.4
BCW-201173_00499	gnl|TC-DB|P23865|9.B.174.1.2	100.0	682	0	0	1	682	1	682	0.0e+00	1328.9
BCW-201173_00509	gnl|TC-DB|P76278|9.B.62.1.4	100.0	290	0	0	1	290	1	290	2.9e-162	567.4
BCW-201173_00527	gnl|TC-DB|B7L5V2|1.A.34.1.3	41.0	210	118	2	199	408	14	217	1.1e-40	164.1
BCW-201173_00528	gnl|TC-DB|P39172|3.A.1.15.5	100.0	310	0	0	19	328	1	310	2.7e-164	574.3
BCW-201173_00529	gnl|TC-DB|P0A9X1|3.A.1.15.5	100.0	251	0	0	1	251	1	251	1.3e-142	501.9
BCW-201173_00530	gnl|TC-DB|P39832|3.A.1.15.5	100.0	261	0	0	1	261	1	261	7.7e-122	433.0
BCW-201173_00543	gnl|TC-DB|P58362|5.A.3.4.2	98.9	809	9	0	1	809	1	809	0.0e+00	1642.1
BCW-201173_00544	gnl|TC-DB|P52005|5.A.3.4.2	99.7	366	1	0	1	366	1	366	2.1e-205	711.1
BCW-201173_00545	gnl|TC-DB|P67826|9.B.158.1.2	99.6	248	1	0	1	248	1	248	2.4e-141	497.7
BCW-201173_00550	gnl|TC-DB|P76298|1.A.104.1.1	99.9	692	1	0	1	692	1	692	0.0e+00	1296.6
BCW-201173_00551	gnl|TC-DB|P40727|3.A.6.2.1	90.3	381	36	1	1	380	1	381	1.4e-193	671.8
BCW-201173_00556	gnl|TC-DB|M3JA40|1.B.52.2.1	38.7	119	73	0	343	461	276	394	4.9e-14	75.9
BCW-201173_00557	gnl|TC-DB|M3JA40|1.B.52.2.1	34.0	150	64	3	369	483	300	449	5.3e-11	65.9
BCW-201173_00560	gnl|TC-DB|P0AF06|1.A.30.1.1	100.0	308	0	0	1	308	1	308	1.1e-170	595.5
BCW-201173_00561	gnl|TC-DB|P09348|1.A.30.1.1	100.0	295	0	0	1	295	1	295	1.4e-156	548.5
BCW-201173_00567	gnl|TC-DB|P0AE26|3.A.1.2.2	100.0	328	0	0	1	328	1	328	2.2e-158	554.7
BCW-201173_00568	gnl|TC-DB|P0AAF3|3.A.1.2.2	100.0	504	0	0	1	504	1	504	3.4e-291	996.5
BCW-201173_00569	gnl|TC-DB|P02924|3.A.1.2.2	100.0	329	0	0	1	329	1	329	2.7e-188	654.1
BCW-201173_00575	gnl|TC-DB|P0AAD4|2.A.42.1.1	99.5	403	2	0	1	403	1	403	1.4e-218	755.0
BCW-201173_00580	gnl|TC-DB|K0WKG7|4.F.1.1.8	60.6	175	65	2	4	175	2	175	1.1e-50	196.1
BCW-201173_00585	gnl|TC-DB|P37774|3.A.1.3.10	99.2	250	2	0	1	250	1	250	5.8e-135	476.5
BCW-201173_00586	gnl|TC-DB|P0AFT2|3.A.1.3.10	100.0	222	0	0	1	222	1	222	4.4e-118	420.2
BCW-201173_00588	gnl|TC-DB|P0AEM9|3.A.1.3.10	99.2	266	2	0	20	285	1	266	2.0e-147	518.1
BCW-201173_00597	gnl|TC-DB|P31064|9.B.102.1.1	99.5	401	2	0	1	401	1	401	8.5e-237	815.5
BCW-201173_00606	gnl|TC-DB|Q46892|2.A.8.1.7	99.8	454	1	0	1	454	1	454	2.5e-237	817.4
BCW-201173_00608	gnl|TC-DB|B7LEG0|1.A.34.1.2	100.0	379	0	0	1	379	1	379	3.8e-178	620.5
BCW-201173_00620	gnl|TC-DB|Q47537|3.A.1.17.1	100.0	320	0	0	1	320	1	320	2.9e-179	624.0
BCW-201173_00621	gnl|TC-DB|Q47538|3.A.1.17.1	100.0	255	0	0	1	255	1	255	2.7e-143	504.2
BCW-201173_00622	gnl|TC-DB|Q47539|3.A.1.17.1	100.0	275	0	0	1	275	1	275	1.6e-146	515.0
BCW-201173_00626	gnl|TC-DB|P24520|4.B.1.1.1	89.1	238	26	0	1	238	1	238	9.0e-117	416.0
BCW-201173_00627	gnl|TC-DB|P75757|2.A.4.1.4	100.0	313	0	0	1	313	1	313	3.5e-177	617.1
BCW-201173_00635	gnl|TC-DB|A7BAX2|3.A.1.26.3	28.0	490	292	17	10	471	246	702	1.9e-25	113.6
BCW-201173_00637	gnl|TC-DB|P0AAW9|8.A.50.1.1	100.0	49	0	0	1	49	1	49	1.4e-19	90.9
BCW-201173_00638	gnl|TC-DB|P37329|3.A.1.8.1	100.0	257	0	0	1	257	1	257	5.1e-142	500.0
BCW-201173_00639	gnl|TC-DB|P0AF01|3.A.1.8.1	100.0	229	0	0	1	229	1	229	8.0e-123	436.0
BCW-201173_00640	gnl|TC-DB|P09833|3.A.1.8.1	100.0	352	0	0	1	352	1	352	1.3e-201	698.4
BCW-201173_00645	gnl|TC-DB|P75763|2.A.47.3.5	100.0	477	0	0	1	477	1	477	5.1e-265	909.4
BCW-201173_00667	gnl|TC-DB|P07238|1.B.1.1.5	79.0	295	57	2	6	295	71	365	1.7e-125	445.3
BCW-201173_00670	gnl|TC-DB|P37637|2.A.6.2.13	100.0	1037	0	0	1	1037	1	1037	0.0e+00	1942.9
BCW-201173_00671	gnl|TC-DB|P37636|8.A.1.6.3	100.0	385	0	0	1	385	1	385	4.2e-209	723.4
BCW-201173_00674	gnl|TC-DB|P0AET5|9.B.36.1.1	100.0	190	0	0	1	190	1	190	4.8e-97	350.1
BCW-201173_00677	gnl|TC-DB|P0AFV2|9.B.20.1.4	100.0	191	0	0	1	191	25	215	1.4e-101	365.2
BCW-201173_00682	gnl|TC-DB|P0AB93|3.A.4.1.1	100.0	429	0	0	1	429	1	429	3.2e-234	807.0
BCW-201173_00689	gnl|TC-DB|P36837|2.A.17.1.3	100.0	489	0	0	1	489	1	489	3.0e-276	946.8
BCW-201173_00691	gnl|TC-DB|P0A8S5|9.B.4.1.1	100.0	111	0	0	1	111	1	111	2.7e-60	227.3
BCW-201173_00692	gnl|TC-DB|P0AFJ7|2.A.20.1.1	100.0	499	0	0	1	499	1	499	8.9e-276	945.3
BCW-201173_00697	gnl|TC-DB|P0AAK3|3.D.1.9.2	39.0	187	75	2	1	155	1	180	3.1e-33	137.9
BCW-201173_00702	gnl|TC-DB|P0AGI4|3.A.1.2.4	100.0	393	0	0	1	393	1	393	6.2e-200	693.0
BCW-201173_00703	gnl|TC-DB|P37388|3.A.1.2.4	99.8	513	1	0	1	513	1	513	1.1e-294	1008.1
BCW-201173_00704	gnl|TC-DB|P37387|3.A.1.2.4	100.0	330	0	0	1	330	1	330	1.3e-182	635.2
BCW-201173_00707	gnl|TC-DB|P11286|9.B.44.1.1	100.0	113	0	0	1	113	1	113	1.2e-58	221.9
BCW-201173_00708	gnl|TC-DB|P0ADJ8|9.B.44.1.1	100.0	145	0	0	1	145	1	145	2.5e-77	284.3
BCW-201173_00709	gnl|TC-DB|P37669|9.B.97.1.1	100.0	331	0	0	1	331	1	331	1.1e-189	658.7
BCW-201173_00715	gnl|TC-DB|P37305|1.E.53.1.2	100.0	50	0	0	1	50	1	50	6.0e-23	102.1
BCW-201173_00720	gnl|TC-DB|P37665|9.B.186.1.1	100.0	219	0	0	1	219	1	219	1.1e-92	335.9
BCW-201173_00721	gnl|TC-DB|P20099|5.A.3.4.3	99.9	777	1	0	1	777	1	777	0.0e+00	1620.1
BCW-201173_00725	gnl|TC-DB|P37662|2.A.1.11.3	100.0	402	0	0	1	402	1	402	2.3e-194	674.5
BCW-201173_00728	gnl|TC-DB|P33950|3.A.1.5.27	54.5	517	234	1	19	535	30	545	7.0e-170	593.6
BCW-201173_00729	gnl|TC-DB|W0WN20|3.A.1.5.39	65.5	339	114	1	1	339	1	336	2.8e-124	441.4
BCW-201173_00730	gnl|TC-DB|W0WMS8|3.A.1.5.39	54.8	283	128	0	17	299	18	300	6.0e-86	313.9
BCW-201173_00731	gnl|TC-DB|P45095|3.A.1.5.27	74.5	325	82	1	1	325	1	324	3.7e-137	484.2
BCW-201173_00732	gnl|TC-DB|P45094|3.A.1.5.27	76.7	326	75	1	3	327	2	327	1.3e-142	502.3
BCW-201173_00733	gnl|TC-DB|P37660|2.A.42.2.3	100.0	423	0	0	1	423	1	423	1.6e-230	794.7
BCW-201173_00740	gnl|TC-DB|P37653|4.D.3.1.6	100.0	872	0	0	1	872	1	872	0.0e+00	1783.1
BCW-201173_00741	gnl|TC-DB|P37652|4.D.3.1.6	99.6	767	3	0	1	767	13	779	0.0e+00	1528.8
BCW-201173_00742	gnl|TC-DB|P37651|4.D.3.1.6	100.0	368	0	0	1	368	1	368	2.2e-223	770.8
BCW-201173_00751	gnl|TC-DB|O50504|3.A.1.2.24	28.4	225	147	6	17	239	22	234	3.9e-14	75.1
BCW-201173_00757	gnl|TC-DB|B1LE48|2.A.86.2.1	99.5	370	2	0	1	370	1	370	6.1e-197	682.9
BCW-201173_00759	gnl|TC-DB|P76197|2.A.1.15.12	100.0	404	0	0	1	404	1	404	1.5e-225	778.1
BCW-201173_00760	gnl|TC-DB|P76198|2.A.1.15.13	100.0	421	0	0	1	421	1	421	3.6e-230	793.5
BCW-201173_00770	gnl|TC-DB|Q42524|4.C.1.1.7	28.5	530	353	11	25	539	39	557	7.7e-47	184.9
BCW-201173_00771	gnl|TC-DB|D2RXA5|8.A.7.1.3	29.6	425	229	13	385	791	171	543	2.4e-33	140.6
BCW-201173_00778	gnl|TC-DB|P06611|3.A.1.13.1	99.6	249	1	0	1	249	1	249	8.7e-139	489.2
BCW-201173_00780	gnl|TC-DB|P06609|3.A.1.13.1	100.0	326	0	0	1	326	1	326	8.6e-179	622.5
BCW-201173_00791	gnl|TC-DB|P76206|1.B.75.1.3	100.0	252	0	0	1	252	1	252	4.8e-145	510.0
BCW-201173_00798	gnl|TC-DB|P77529|2.A.23.1.8	100.0	463	0	0	1	463	1	463	9.5e-248	852.0
BCW-201173_00805	gnl|TC-DB|P69791|4.A.3.2.1	100.0	116	0	0	1	116	1	116	1.5e-56	214.9
BCW-201173_00806	gnl|TC-DB|P17334|4.A.3.2.1	100.0	452	0	0	1	452	1	452	7.9e-231	795.8
BCW-201173_00807	gnl|TC-DB|P69795|4.A.3.2.1	100.0	106	0	0	1	106	1	106	2.4e-53	204.1
BCW-201173_00819	gnl|TC-DB|P76219|9.B.27.1.1	100.0	236	0	0	1	236	1	236	2.3e-125	444.5
BCW-201173_00821	gnl|TC-DB|P76221|9.B.27.1.2	100.0	235	0	0	1	235	1	235	9.4e-127	449.1
BCW-201173_00823	gnl|TC-DB|B7L6M8|3.A.1.19.4	97.7	388	9	0	1	388	1	388	3.1e-228	786.9
BCW-201173_00824	gnl|TC-DB|B7L6M9|3.A.1.19.4	97.2	496	14	0	16	511	1	496	2.6e-267	917.1
BCW-201173_00825	gnl|TC-DB|B7L6N0|3.A.1.19.4	94.0	217	13	0	1	217	1	217	1.4e-113	405.2
BCW-201173_00832	gnl|TC-DB|Q07711|3.A.7.7.1	29.2	614	400	16	3	605	4	593	8.5e-69	258.1
BCW-201173_00838	gnl|TC-DB|P38055|2.A.1.1.92	100.0	452	0	0	1	452	1	452	2.9e-249	857.1
BCW-201173_00840	gnl|TC-DB|P77504|3.A.1.122.15	100.0	804	0	0	1	804	1	804	0.0e+00	1534.2
BCW-201173_00841	gnl|TC-DB|P0A9T8|3.A.1.122.15	100.0	228	0	0	1	228	1	228	8.5e-125	442.6
BCW-201173_00845	gnl|TC-DB|P77307|3.A.1.139.2	100.0	259	0	0	1	259	1	259	9.7e-133	469.2
BCW-201173_00846	gnl|TC-DB|P77279|3.A.1.139.2	100.0	225	0	0	1	225	1	225	1.1e-127	452.2
BCW-201173_00847	gnl|TC-DB|P0AA53|8.A.21.2.2	100.0	305	0	0	1	305	1	305	4.3e-124	440.7
BCW-201173_00850	gnl|TC-DB|P77400|2.A.3.6.4	100.0	430	0	0	1	430	1	430	2.1e-225	777.7
BCW-201173_00852	gnl|TC-DB|Q59385|3.A.3.5.5	100.0	834	0	0	1	834	1	834	0.0e+00	1549.3
BCW-201173_00857	gnl|TC-DB|P52067|2.A.1.35.1	100.0	406	0	0	1	406	1	406	3.3e-220	760.4
BCW-201173_00858	gnl|TC-DB|P39830|2.A.37.1.5	100.0	558	0	0	1	558	1	558	9.2e-298	1018.5
BCW-201173_00871	gnl|TC-DB|P77338|1.A.23.1.1	100.0	1120	0	0	1	1120	1	1120	0.0e+00	2012.3
BCW-201173_00873	gnl|TC-DB|P0AE06|8.A.1.6.1	100.0	397	0	0	1	397	1	397	4.3e-217	750.0
BCW-201173_00874	gnl|TC-DB|P31224|2.A.6.2.2	100.0	1049	0	0	1	1049	1	1049	0.0e+00	1990.3
BCW-201173_00880	gnl|TC-DB|P0AAQ6|3.A.5.1.1	100.0	117	0	0	1	117	1	117	7.3e-64	239.2
BCW-201173_00884	gnl|TC-DB|P69681|1.A.11.1.1	100.0	428	0	0	1	428	1	428	1.6e-212	734.9
BCW-201173_00886	gnl|TC-DB|P0AAG5|3.A.1.106.13	100.0	593	0	0	1	593	1	593	0.0e+00	1106.3
BCW-201173_00887	gnl|TC-DB|P77265|3.A.1.106.13	100.0	590	0	0	1	590	1	590	0.0e+00	1144.0
BCW-201173_00893	gnl|TC-DB|A1EMW4|3.A.11.2.3	54.2	72	31	1	54	123	32	103	4.7e-13	70.5
BCW-201173_00902	gnl|TC-DB|P0AE16|2.A.1.25.2	100.0	491	0	0	1	491	1	491	3.9e-276	946.4
BCW-201173_00903	gnl|TC-DB|P0ABJ1|3.D.4.5.1	100.0	315	0	0	1	315	1	315	8.0e-182	632.5
BCW-201173_00904	gnl|TC-DB|P0ABI8|3.D.4.5.1	100.0	663	0	0	1	663	1	663	0.0e+00	1337.4
BCW-201173_00905	gnl|TC-DB|P0ABJ3|3.D.4.5.1	100.0	204	0	0	1	204	1	204	3.8e-116	413.7
BCW-201173_00906	gnl|TC-DB|P0ABJ6|3.D.4.5.1	100.0	109	0	0	1	109	1	109	1.5e-55	211.5
BCW-201173_00908	gnl|TC-DB|P77726|2.A.1.2.60	100.0	454	0	0	1	454	1	454	9.9e-250	858.6
BCW-201173_00916	gnl|TC-DB|P77735|8.A.5.1.6	100.0	324	0	0	1	324	1	324	5.3e-189	656.4
BCW-201173_00924	gnl|TC-DB|P0A927|1.B.10.1.1	100.0	294	0	0	1	294	1	294	1.2e-182	635.2
BCW-201173_00926	gnl|TC-DB|P0AG93|2.A.6.4.1	100.0	323	0	0	1	323	1	323	1.5e-175	611.7
BCW-201173_00927	gnl|TC-DB|P0AG90|2.A.6.4.1	100.0	604	0	0	1	604	12	615	0.0e+00	1122.5
BCW-201173_00928	gnl|TC-DB|P0ADZ7|3.A.5.1.1	100.0	110	0	0	1	110	1	110	7.6e-55	209.1
BCW-201173_00932	gnl|TC-DB|Q05839|8.A.9.1.1	23.2	479	259	17	178	563	132	594	1.1e-17	88.2
BCW-201173_00933	gnl|TC-DB|P0AAE2|2.A.3.1.23	100.0	457	0	0	1	457	1	457	4.8e-260	892.9
BCW-201173_00934	gnl|TC-DB|P0AD99|2.A.26.1.10	100.0	439	0	0	1	439	1	439	6.9e-240	825.9
BCW-201173_00939	gnl|TC-DB|P23910|2.A.1.2.14	100.0	394	0	0	29	422	1	394	5.5e-210	726.5
BCW-201173_00948	gnl|TC-DB|P0AAP1|9.B.34.1.2	100.0	371	0	0	1	371	1	371	6.3e-210	726.1
BCW-201173_00956	gnl|TC-DB|P0AFY6|9.A.18.1.1	100.0	406	0	0	1	406	1	406	3.2e-231	797.0
BCW-201173_00960	gnl|TC-DB|Q8X5H7|1.B.12.2.7	65.6	1021	257	24	1	968	1	980	0.0e+00	1128.6
BCW-201173_00962	gnl|TC-DB|P75693|2.A.76.1.3	100.0	210	0	0	1	210	14	223	5.6e-115	409.8
BCW-201173_00964	gnl|TC-DB|Q9KN48|3.A.23.1.1	40.9	269	143	4	191	456	163	418	1.0e-48	191.0
BCW-201173_00969	gnl|TC-DB|P69451|4.C.1.1.4	25.0	551	339	20	85	605	50	556	7.5e-22	102.1
BCW-201173_00970	gnl|TC-DB|P0AA82|2.A.39.1.1	100.0	419	0	0	1	419	1	419	1.4e-229	791.6
BCW-201173_00975	gnl|TC-DB|P17583|2.A.1.17.1	100.0	384	0	0	10	393	1	384	5.3e-199	689.9
BCW-201173_00977	gnl|TC-DB|P02920|2.A.1.5.1	100.0	417	0	0	1	417	1	417	4.7e-222	766.5
BCW-201173_00987	gnl|TC-DB|P77589|2.A.1.15.2	100.0	403	0	0	1	403	1	403	2.7e-214	740.7
BCW-201173_00992	gnl|TC-DB|Q47534|9.B.52.1.1	100.0	175	0	0	6	180	83	257	5.9e-105	376.3
BCW-201173_00995	gnl|TC-DB|Q9KN48|3.A.23.1.1	38.0	353	188	5	117	438	169	521	1.6e-58	223.4
BCW-201173_00996	gnl|TC-DB|Q9HV74|2.A.21.9.1	37.4	238	140	5	226	455	738	974	1.3e-31	134.0
BCW-201173_01008	gnl|TC-DB|Q8ID54|3.A.25.2.1	32.4	213	134	4	8	213	89	298	4.8e-20	94.7
BCW-201173_01017	gnl|TC-DB|Q9ZK21|1.C.82.1.1	50.2	223	111	0	3	225	4	226	1.9e-58	222.2
BCW-201173_01020	gnl|TC-DB|P0AG96|3.A.5.1.1	100.0	127	0	0	1	127	1	127	2.4e-60	227.6
BCW-201173_01025	gnl|TC-DB|P0ADC1|1.B.42.1.2	100.0	193	0	0	1	193	1	193	3.5e-103	370.5
BCW-201173_01032	gnl|TC-DB|P0ABG7|2.A.103.1.2	100.0	370	0	0	1	370	1	370	2.2e-202	701.0
BCW-201173_01039	gnl|TC-DB|P0A843|2.A.64.1.1	100.0	67	0	0	1	67	1	67	5.7e-29	122.5
BCW-201173_01042	gnl|TC-DB|P37002|1.A.43.1.1	100.0	127	0	0	1	127	1	127	2.4e-68	254.2
BCW-201173_01045	gnl|TC-DB|P0ABP3|2.A.61.1.1	100.0	461	0	0	1	461	1	461	1.2e-239	825.1
BCW-201173_01054	gnl|TC-DB|P0AE74|2.A.47.3.2	100.0	487	0	0	1	487	1	487	6.4e-279	955.7
BCW-201173_01069	gnl|TC-DB|P15078|2.A.114.1.1	100.0	701	0	0	1	701	1	701	0.0e+00	1307.4
BCW-201173_01073	gnl|TC-DB|Q89SS6|2.A.1.42.2	20.8	477	361	8	48	522	653	1114	1.6e-17	87.4
BCW-201173_01075	gnl|TC-DB|C8U2V6|3.A.1.14.2	99.7	318	1	0	1	318	1	318	2.8e-174	607.4
BCW-201173_01076	gnl|TC-DB|P24077|2.A.1.38.1	100.0	416	0	0	1	416	1	416	7.3e-215	742.7
BCW-201173_01077	gnl|TC-DB|P23876|3.A.1.14.2	100.0	334	0	0	1	334	1	334	1.4e-171	598.6
BCW-201173_01078	gnl|TC-DB|P23877|3.A.1.14.2	100.0	330	0	0	1	330	1	330	3.1e-168	587.4
BCW-201173_01079	gnl|TC-DB|P23878|3.A.1.14.2	100.0	271	0	0	1	271	1	271	1.4e-155	545.0
BCW-201173_01081	gnl|TC-DB|P31552|4.C.1.1.6	23.0	509	331	13	481	958	38	516	3.6e-18	90.9
BCW-201173_01084	gnl|TC-DB|P05825|1.B.14.1.22	99.9	746	1	0	1	746	1	746	0.0e+00	1526.5
BCW-201173_01102	gnl|TC-DB|P0AAG3|3.A.1.3.4	100.0	241	0	0	1	241	1	241	3.1e-133	470.7
BCW-201173_01103	gnl|TC-DB|P0AER5|3.A.1.3.4	100.0	224	0	0	1	224	1	224	1.1e-116	415.6
BCW-201173_01104	gnl|TC-DB|P0AER3|3.A.1.3.4	100.0	246	0	0	1	246	1	246	4.3e-130	460.3
BCW-201173_01105	gnl|TC-DB|P37902|3.A.1.3.4	100.0	302	0	0	1	302	1	302	6.8e-170	592.8
BCW-201173_01107	gnl|TC-DB|P0A2L3|9.A.40.1.2	97.3	292	8	0	1	292	1	292	1.2e-160	562.0
BCW-201173_01124	gnl|TC-DB|P09323|4.A.1.1.2	99.8	648	1	0	1	648	1	648	0.0e+00	1193.3
BCW-201173_01126	gnl|TC-DB|P75733|1.B.25.1.13	100.0	468	0	0	1	468	1	468	4.0e-286	979.5
BCW-201173_01139	gnl|TC-DB|P77610|2.A.3.1.24	100.0	499	0	0	1	499	1	499	1.7e-282	967.6
BCW-201173_01141	gnl|TC-DB|P76115|1.B.14.9.5	100.0	700	0	0	1	700	1	700	0.0e+00	1418.7
BCW-201173_01145	gnl|TC-DB|P76111|2.A.7.21.2	100.0	149	0	0	1	149	1	149	9.0e-75	275.8
BCW-201173_01149	gnl|TC-DB|P0AFR9|3.A.1.11.9	100.0	264	0	0	1	264	1	264	2.9e-145	510.8
BCW-201173_01150	gnl|TC-DB|P77156|3.A.1.11.9	100.0	313	0	0	1	313	1	313	9.4e-175	609.0
BCW-201173_01151	gnl|TC-DB|P77795|3.A.1.11.9	100.0	337	0	0	1	337	1	337	8.3e-193	669.1
BCW-201173_01152	gnl|TC-DB|P76108|3.A.1.11.9	100.0	381	0	0	1	381	1	381	2.9e-234	807.0
BCW-201173_01159	gnl|TC-DB|P76103|2.A.46.1.9	99.7	391	1	0	1	391	1	391	3.1e-207	717.2
BCW-201173_01162	gnl|TC-DB|P45562|2.A.1.10.2	100.0	418	0	0	1	418	1	418	4.9e-235	809.7
BCW-201173_01164	gnl|TC-DB|P45564|1.B.10.3.1	100.0	254	0	0	1	254	1	254	2.3e-155	544.3
BCW-201173_01166	gnl|TC-DB|P39836|2.A.28.3.4	100.0	332	0	0	1	332	1	332	1.0e-182	635.6
BCW-201173_01170	gnl|TC-DB|P0A6J3|2.A.121.1.1	100.0	253	0	0	1	253	1	253	4.2e-149	523.5
BCW-201173_01172	gnl|TC-DB|P0AA04|8.A.8.1.1	100.0	85	0	0	1	85	1	85	1.4e-40	161.4
BCW-201173_01173	gnl|TC-DB|P08839|8.A.7.1.1	100.0	575	0	0	1	575	1	575	0.0e+00	1090.1
BCW-201173_01174	gnl|TC-DB|P69783|4.A.1.1.1	100.0	169	0	0	1	169	1	169	1.9e-89	324.7
BCW-201173_01179	gnl|TC-DB|P16676|3.A.1.6.1	100.0	365	0	0	1	365	1	365	8.6e-212	732.3
BCW-201173_01180	gnl|TC-DB|P0AEB0|3.A.1.6.1	100.0	291	0	0	1	291	1	291	4.2e-161	563.5
BCW-201173_01181	gnl|TC-DB|P16701|3.A.1.6.1	100.0	277	0	0	1	277	1	277	4.6e-149	523.5
BCW-201173_01182	gnl|TC-DB|P16700|3.A.1.6.1	100.0	338	0	0	1	338	1	338	3.8e-198	686.8
BCW-201173_01186	gnl|TC-DB|P77272|4.A.1.2.7	100.0	474	0	0	1	474	1	474	3.4e-269	923.3
BCW-201173_01190	gnl|TC-DB|P76538|9.B.127.1.1	99.3	149	1	0	1	149	1	149	8.1e-84	305.8
BCW-201173_01200	gnl|TC-DB|P41796|9.A.28.1.1	97.3	408	11	0	1	408	1	408	7.6e-217	749.2
BCW-201173_01208	gnl|TC-DB|P76555|9.B.75.2.1	99.6	233	1	0	1	233	1	233	1.5e-129	458.4
BCW-201173_01223	gnl|TC-DB|Q9KN48|3.A.23.1.1	37.3	351	210	3	124	466	177	525	4.7e-53	205.3
BCW-201173_01229	gnl|TC-DB|P32135|2.A.1.52.1	100.0	421	0	0	1	421	1	421	9.5e-239	822.0
BCW-201173_01230	gnl|TC-DB|P76773|1.B.35.2.2	100.0	230	0	0	1	230	1	230	1.8e-138	488.0
BCW-201173_01231	gnl|TC-DB|P32137|2.A.2.3.9	64.8	455	157	2	1	452	4	458	6.3e-175	610.1
BCW-201173_01232	gnl|TC-DB|P32137|2.A.2.3.9	100.0	461	0	0	1	461	1	461	4.8e-268	919.5
BCW-201173_01241	gnl|TC-DB|P0A8K8|9.B.126.2.1	100.0	290	0	0	1	290	1	290	3.5e-147	517.3
BCW-201173_01249	gnl|TC-DB|P0AEK7|5.A.3.2.1	48.3	211	107	1	1	209	1	211	2.0e-56	215.3
BCW-201173_01250	gnl|TC-DB|P0AAJ3|5.A.3.2.1	77.6	294	65	1	1	293	1	294	2.4e-143	504.6
BCW-201173_01251	gnl|TC-DB|P24183|5.A.3.2.1	75.3	803	197	1	1	803	213	1014	0.0e+00	1319.3
BCW-201173_01252	gnl|TC-DB|P24183|5.A.3.2.1	82.1	195	35	0	1	195	1	195	6.0e-95	343.2
BCW-201173_01257	gnl|TC-DB|P32154|4.A.2.1.25	100.0	483	0	0	1	483	1	483	4.3e-267	916.4
BCW-201173_01258	gnl|TC-DB|P32155|4.A.2.1.25	100.0	148	0	0	1	148	1	148	8.9e-83	302.4
BCW-201173_01265	gnl|TC-DB|P27125|2.A.7.6.1	99.4	344	2	0	1	344	1	344	8.7e-190	659.1
BCW-201173_01267	gnl|TC-DB|P0A712|2.A.10.1.2	100.0	327	0	0	1	327	1	327	1.5e-170	595.1
BCW-201173_01272	gnl|TC-DB|P69380|2.A.4.7.1	100.0	300	0	0	1	300	1	300	1.7e-165	578.2
BCW-201173_01275	gnl|TC-DB|P0AG78|3.A.1.6.1	100.0	329	0	0	1	329	1	329	6.8e-192	666.0
BCW-201173_01279	gnl|TC-DB|B7MI53|9.B.124.2.2	100.0	146	0	0	1	146	1	146	6.7e-83	302.8
BCW-201173_01285	gnl|TC-DB|P0AER0|1.A.8.1.1	100.0	281	0	0	1	281	1	281	4.1e-161	563.5
BCW-201173_01293	gnl|TC-DB|Q9ZKE4|3.A.11.3.1	33.5	513	319	7	219	731	127	617	1.1e-69	261.2
BCW-201173_01301	gnl|TC-DB|P0ABT9|2.A.7.3.26	100.0	301	0	0	1	301	1	301	4.7e-163	570.1
BCW-201173_01305	gnl|TC-DB|P32670|4.A.2.1.10	100.0	833	0	0	1	833	1	833	0.0e+00	1634.8
BCW-201173_01306	gnl|TC-DB|P32672|4.A.2.1.10	100.0	359	0	0	1	359	1	359	1.4e-190	661.8
BCW-201173_01307	gnl|TC-DB|P69816|4.A.2.1.10	100.0	106	0	0	1	106	1	106	2.9e-51	197.2
BCW-201173_01310	gnl|TC-DB|P32676|4.A.2.1.10	100.0	113	0	0	1	113	1	113	1.2e-58	221.9
BCW-201173_01323	gnl|TC-DB|P06129|1.B.14.3.1	99.8	614	1	0	1	614	1	614	0.0e+00	1262.3
BCW-201173_01334	gnl|TC-DB|P0AFF2|2.A.41.1.1	100.0	400	0	0	1	400	1	400	1.7e-208	721.5
BCW-201173_01335	gnl|TC-DB|P0A769|2.A.55.3.1	100.0	412	0	0	1	412	1	412	7.2e-223	769.2
BCW-201173_01337	gnl|TC-DB|H5KWQ5|2.A.49.7.1	99.8	418	1	0	1	418	1	418	1.7e-227	784.6
BCW-201173_01339	gnl|TC-DB|P69808|4.A.2.1.11	100.0	108	0	0	1	108	1	108	3.2e-53	203.8
BCW-201173_01340	gnl|TC-DB|P77579|4.A.2.1.11	100.0	415	0	0	1	415	1	415	3.4e-228	786.9
BCW-201173_01343	gnl|TC-DB|P77439|4.A.2.1.11	100.0	831	0	0	1	831	1	831	0.0e+00	1625.5
BCW-201173_01346	gnl|TC-DB|B3XQE5|9.B.33.1.2	30.4	578	361	11	7	551	3	572	2.1e-68	256.5
BCW-201173_01354	gnl|TC-DB|P0AA50|2.A.69.3.5	100.0	314	0	0	1	314	1	314	1.0e-168	589.0
BCW-201173_01358	gnl|TC-DB|C5W790|2.A.1.3.36	100.0	387	0	0	1	387	1	387	3.4e-214	740.3
BCW-201173_01359	gnl|TC-DB|C5W789|2.A.1.3.36	99.4	512	3	0	1	512	1	512	6.9e-284	972.2
BCW-201173_01361	gnl|TC-DB|P08555|2.A.8.1.5	100.0	445	0	0	1	445	1	445	3.0e-235	810.4
BCW-201173_01393	gnl|TC-DB|P03705|1.E.2.1.1	99.1	107	1	0	1	107	1	107	6.3e-54	206.1
BCW-201173_01395	gnl|TC-DB|P13583|1.M.1.1.4	89.0	145	16	0	1	145	1	145	2.1e-68	254.6
BCW-201173_01408	gnl|TC-DB|P35837|1.K.4.1.1	80.7	233	45	0	1	233	1	233	4.6e-57	217.6
BCW-201173_01410	gnl|TC-DB|Q01074|1.A.45.1.1	86.1	230	31	1	1	230	1	229	9.2e-103	369.4
BCW-201173_01411	gnl|TC-DB|Q01076|1.A.45.1.1	49.7	503	189	11	1	471	1	471	2.5e-102	369.0
BCW-201173_01412	gnl|TC-DB|Q01146|1.A.45.1.1	74.9	613	149	2	1	612	1	609	9.3e-251	862.4
BCW-201173_01416	gnl|TC-DB|B9DIS8|9.B.97.5.1	30.1	435	262	15	2	403	15	440	1.0e-36	151.4
BCW-201173_01419	gnl|TC-DB|P37327|1.A.16.4.1	100.0	310	0	0	1	310	1	310	1.2e-169	592.0
BCW-201173_01420	gnl|TC-DB|P76506|3.A.1.27.3	99.6	251	1	0	1	251	1	251	4.9e-150	526.6
BCW-201173_01422	gnl|TC-DB|P10384|1.B.9.1.1	100.0	446	0	0	1	446	1	446	2.4e-264	907.1
BCW-201173_01427	gnl|TC-DB|B7LBJ3|1.C.80.1.3	98.4	187	3	0	1	187	1	187	2.7e-100	360.9
BCW-201173_01428	gnl|TC-DB|P07110|1.B.11.2.1	43.7	827	436	11	29	843	24	832	1.2e-195	679.9
BCW-201173_01438	gnl|TC-DB|P0AD30|2.A.102.3.1	100.0	269	0	0	1	269	1	269	1.9e-144	508.1
BCW-201173_01443	gnl|TC-DB|P77549|2.A.1.46.6	100.0	392	0	0	1	392	1	392	1.8e-215	744.6
BCW-201173_01448	gnl|TC-DB|P0ABP6|9.B.27.2.3	100.0	219	0	0	1	219	1	219	7.4e-118	419.5
BCW-201173_01452	gnl|TC-DB|P08550|9.B.160.1.16	99.4	162	1	0	1	162	1	162	2.0e-83	304.7
BCW-201173_01455	gnl|TC-DB|P09551|3.A.1.3.1	99.6	260	1	0	1	260	1	260	4.6e-143	503.4
BCW-201173_01456	gnl|TC-DB|P0AEU0|3.A.1.3.29	100.0	260	0	0	1	260	1	260	1.4e-144	508.4
BCW-201173_01457	gnl|TC-DB|P52094|3.A.1.3.29	100.0	228	0	0	1	228	1	228	1.8e-122	434.9
BCW-201173_01458	gnl|TC-DB|P0AEU3|3.A.1.3.29	100.0	238	0	0	1	238	1	238	2.9e-131	464.2
BCW-201173_01459	gnl|TC-DB|P07109|3.A.1.3.29	100.0	257	0	0	1	257	1	257	5.1e-142	500.0
BCW-201173_01473	gnl|TC-DB|D6I8Y6|4.F.1.3.3	97.0	200	6	0	1	200	1	200	1.5e-104	375.2
BCW-201173_01476	gnl|TC-DB|P25927|1.B.12.5.5	39.6	1274	638	34	780	2020	777	1952	9.0e-194	674.9
BCW-201173_01491	gnl|TC-DB|P77747|1.B.1.1.21	100.0	377	0	0	1	377	1	377	1.6e-221	764.6
BCW-201173_01494	gnl|TC-DB|P38919|3.A.18.1.1	35.2	332	212	3	15	344	50	380	4.0e-57	218.8
BCW-201173_01496	gnl|TC-DB|Q9EYX5|1.A.35.4.1	92.7	327	24	0	1	327	1	327	1.3e-179	625.2
BCW-201173_01497	gnl|TC-DB|D4ZZR3|9.B.34.1.3	40.1	167	94	3	247	407	227	393	9.6e-26	114.4
BCW-201173_01502	gnl|TC-DB|P46133|2.A.68.1.1	100.0	508	0	0	1	508	1	508	1.6e-280	961.1
BCW-201173_01507	gnl|TC-DB|P0AEB5|1.A.23.4.3	100.0	343	0	0	1	343	1	343	1.7e-193	671.4
BCW-201173_01508	gnl|TC-DB|P77348|3.A.1.5.1	100.0	537	0	0	1	537	1	537	0.0e+00	1094.7
BCW-201173_01515	gnl|TC-DB|Q9KN48|3.A.23.1.1	35.6	329	178	6	206	500	193	521	3.1e-42	169.5
BCW-201173_01519	gnl|TC-DB|P76045|1.B.21.1.1	100.0	301	0	0	1	301	1	301	7.2e-188	652.5
BCW-201173_01520	gnl|TC-DB|P77481|3.A.1.1.46	99.7	360	1	0	1	360	1	360	2.2e-204	707.6
BCW-201173_01526	gnl|TC-DB|P77716|3.A.1.1.46	99.6	280	1	0	1	280	1	280	3.2e-150	527.3
BCW-201173_01527	gnl|TC-DB|P0AFR7|3.A.1.1.46	100.0	293	0	0	1	293	1	293	1.3e-162	568.5
BCW-201173_01528	gnl|TC-DB|P76042|3.A.1.1.46	99.8	430	1	0	1	430	1	430	6.5e-243	835.9
BCW-201173_01534	gnl|TC-DB|E8XKQ3|9.B.100.1.1	91.4	222	19	0	1	222	1	222	8.4e-101	362.8
BCW-201173_01535	gnl|TC-DB|Q9KN48|3.A.23.1.1	42.7	227	129	1	8	234	193	418	2.8e-44	175.6
BCW-201173_01542	gnl|TC-DB|P76037|2.A.3.1.13	100.0	461	0	0	1	461	1	461	3.6e-263	903.3
BCW-201173_01544	gnl|TC-DB|Q47622|3.A.1.5.42	100.0	547	0	0	1	547	1	547	0.0e+00	1104.7
BCW-201173_01545	gnl|TC-DB|P0AGH3|3.A.1.5.42	100.0	321	0	0	1	321	1	321	1.1e-181	632.1
BCW-201173_01546	gnl|TC-DB|P0AGH5|3.A.1.5.42	100.0	296	0	0	1	296	1	296	1.2e-163	572.0
BCW-201173_01547	gnl|TC-DB|P0AAH4|3.A.1.5.42	100.0	330	0	0	1	330	1	330	2.7e-196	680.6
BCW-201173_01548	gnl|TC-DB|P0AAH8|3.A.1.5.42	100.0	268	0	0	1	268	1	268	1.2e-149	525.4
BCW-201173_01567	gnl|TC-DB|Q07711|3.A.7.7.1	24.3	552	372	14	102	622	101	637	2.2e-27	120.9
BCW-201173_01584	gnl|TC-DB|P0A915|1.B.39.1.6	100.0	212	0	0	1	212	1	212	2.2e-122	434.5
BCW-201173_01588	gnl|TC-DB|P02929|2.C.1.1.1	100.0	239	0	0	6	244	1	239	4.4e-71	264.2
BCW-201173_01590	gnl|TC-DB|P31069|1.A.1.13.1	100.0	417	0	0	1	417	1	417	1.3e-227	785.0
BCW-201173_01593	gnl|TC-DB|P77737|3.A.1.5.41	99.7	334	1	0	1	334	1	334	7.9e-196	679.1
BCW-201173_01594	gnl|TC-DB|P76027|3.A.1.5.41	99.7	337	1	0	1	337	1	337	6.6e-190	659.4
BCW-201173_01595	gnl|TC-DB|P0AFH6|3.A.1.5.41	100.0	302	0	0	1	302	1	302	1.8e-146	515.0
BCW-201173_01596	gnl|TC-DB|P0AFH2|3.A.1.5.41	100.0	306	0	0	1	306	1	306	2.1e-155	544.7
BCW-201173_01597	gnl|TC-DB|P23843|3.A.1.5.41	99.4	543	3	0	16	558	1	543	0.0e+00	1105.5
BCW-201173_01600	gnl|TC-DB|P25743|2.A.95.1.7	100.0	215	0	0	1	215	1	215	1.4e-113	405.2
BCW-201173_01629	gnl|TC-DB|P37650|1.B.55.3.1	100.0	152	0	0	1	152	1006	1157	3.7e-92	333.6
BCW-201173_01631	gnl|TC-DB|P0A830|2.A.23.1.7	100.0	428	0	0	1	428	1	428	9.1e-229	788.9
BCW-201173_01635	gnl|TC-DB|P37645|9.B.121.1.1	100.0	686	0	0	1	686	1	686	0.0e+00	1352.0
BCW-201173_01636	gnl|TC-DB|P37643|2.A.1.6.10	100.0	440	0	0	1	440	1	440	2.8e-241	830.5
BCW-201173_01637	gnl|TC-DB|P37642|9.B.126.1.1	100.0	337	0	0	1	337	1	337	1.0e-187	652.1
BCW-201173_01641	gnl|TC-DB|Q74FY6|5.B.3.1.1	42.4	290	163	3	175	461	41	329	7.9e-61	231.1
BCW-201173_01642	gnl|TC-DB|K4WL31|1.E.53.1.9	91.5	82	7	0	2	83	1	82	2.7e-36	147.1
BCW-201173_01647	gnl|TC-DB|P0AAT4|1.A.23.4.5	100.0	415	0	0	1	415	1	415	4.2e-231	796.6
BCW-201173_01648	gnl|TC-DB|P24207|2.A.3.1.1	100.0	458	0	0	1	458	1	458	2.9e-257	883.6
BCW-201173_01649	gnl|TC-DB|P38054|2.A.6.1.4	99.8	1047	2	0	1	1047	1	1047	0.0e+00	2014.6
BCW-201173_01650	gnl|TC-DB|P77239|2.A.6.1.4	99.0	407	4	0	1	407	1	407	3.3e-228	786.9
BCW-201173_01651	gnl|TC-DB|P77214|2.A.6.1.4	98.2	110	2	0	1	110	1	110	1.6e-57	218.0
BCW-201173_01652	gnl|TC-DB|P77211|1.B.17.3.5	99.8	457	1	0	1	457	1	457	5.9e-250	859.4
BCW-201173_01654	gnl|TC-DB|Q9HV74|2.A.21.9.1	30.7	225	134	7	266	479	761	974	3.0e-18	89.7
BCW-201173_01663	gnl|TC-DB|P30130|1.B.11.3.9	47.3	845	424	8	32	864	42	877	1.9e-233	805.4
BCW-201173_01677	gnl|TC-DB|P45522|2.A.37.1.2	100.0	601	0	0	1	601	1	601	0.0e+00	1119.0
BCW-201173_01678	gnl|TC-DB|P0A756|2.A.37.1.2	100.0	183	0	0	1	183	2	184	5.8e-108	386.3
BCW-201173_01679	gnl|TC-DB|Q83XH1|3.A.1.121.4	30.8	548	354	8	1	531	1	540	1.0e-71	267.7
BCW-201173_01685	gnl|TC-DB|P45537|2.A.85.1.3	100.0	696	0	0	1	696	5	700	0.0e+00	1367.8
BCW-201173_01691	gnl|TC-DB|P60778|2.A.1.7.14	100.0	393	0	0	1	393	1	393	9.3e-220	758.8
BCW-201173_01694	gnl|TC-DB|P0AC26|1.A.16.3.1	100.0	268	0	0	1	268	1	268	6.7e-153	536.2
BCW-201173_01697	gnl|TC-DB|P45539|2.A.3.8.17	100.0	445	0	0	1	445	1	445	5.7e-250	859.4
BCW-201173_01703	gnl|TC-DB|P45546|9.B.118.1.1	99.8	434	1	0	1	434	1	434	8.1e-233	802.4
BCW-201173_01717	gnl|TC-DB|Q1R5P6|1.B.22.4.2	97.8	402	9	0	1	402	11	412	8.9e-218	752.3
BCW-201173_01728	gnl|TC-DB|P45804|9.B.65.1.1	100.0	574	0	0	1	574	1	574	0.0e+00	1110.9
BCW-201173_01730	gnl|TC-DB|Q9HV74|2.A.21.9.1	27.9	229	143	8	237	449	760	982	2.3e-12	70.1
BCW-201173_01734	gnl|TC-DB|P0AEL3|9.A.8.1.1	100.0	75	0	0	1	75	1	75	9.9e-38	151.8
BCW-201173_01735	gnl|TC-DB|P33650|9.A.8.1.1	100.0	773	0	0	1	773	1	773	0.0e+00	1490.7
BCW-201173_01736	gnl|TC-DB|B5XTS6|9.A.8.1.10	70.9	79	22	1	1	78	1	79	9.6e-28	118.6
BCW-201173_01741	gnl|TC-DB|P39835|2.A.8.1.4	100.0	438	0	0	1	438	1	438	8.7e-227	782.3
BCW-201173_01747	gnl|TC-DB|Q9KN48|3.A.23.1.1	34.9	278	161	7	195	468	202	463	2.5e-34	143.3
BCW-201173_01749	gnl|TC-DB|P09391|9.B.104.1.1	100.0	276	0	0	1	276	1	276	5.4e-158	553.1
BCW-201173_01759	gnl|TC-DB|P67143|2.A.95.1.5	100.0	197	0	0	1	197	1	197	6.9e-99	356.3
BCW-201173_01760	gnl|TC-DB|P0AC96|2.A.8.1.8	100.0	446	0	0	1	446	1	446	1.4e-243	838.2
BCW-201173_01773	gnl|TC-DB|P10907|3.A.1.1.3	100.0	356	0	0	1	356	1	356	2.0e-205	711.1
BCW-201173_01774	gnl|TC-DB|P10906|3.A.1.1.3	99.6	281	1	0	1	281	1	281	8.2e-154	539.3
BCW-201173_01775	gnl|TC-DB|P10905|3.A.1.1.3	100.0	295	0	0	1	295	1	295	1.0e-162	568.9
BCW-201173_01776	gnl|TC-DB|P0AG80|3.A.1.1.3	100.0	438	0	0	1	438	1	438	1.9e-261	897.5
BCW-201173_01777	gnl|TC-DB|P22731|3.A.1.4.1	100.0	237	0	0	1	237	1	237	2.2e-131	464.5
BCW-201173_01778	gnl|TC-DB|P0A9S7|3.A.1.4.1	100.0	255	0	0	1	255	1	255	3.1e-144	507.3
BCW-201173_01779	gnl|TC-DB|P22729|3.A.1.4.1	100.0	425	0	0	1	425	1	425	1.0e-219	758.8
BCW-201173_01780	gnl|TC-DB|P0AEX7|3.A.1.4.1	100.0	308	0	0	1	308	1	308	9.0e-162	565.8
BCW-201173_01781	gnl|TC-DB|P04816|3.A.1.4.1	100.0	369	0	0	1	369	1	369	4.2e-214	740.0
BCW-201173_01783	gnl|TC-DB|P0AD96|3.A.1.4.1	100.0	367	0	0	1	367	1	367	1.5e-211	731.5
BCW-201173_01785	gnl|TC-DB|P0AC31|3.A.1.140.1	100.0	352	0	0	1	352	1	352	1.9e-195	677.9
BCW-201173_01786	gnl|TC-DB|P0A9R7|3.A.1.140.1	100.0	222	0	0	1	222	1	222	1.5e-126	448.4
BCW-201173_01787	gnl|TC-DB|P10121|3.A.5.1.1	99.8	497	1	0	1	497	1	497	9.3e-193	669.5
BCW-201173_01792	gnl|TC-DB|P37617|3.A.3.6.2	99.9	732	1	0	1	732	1	732	0.0e+00	1343.9
BCW-201173_01794	gnl|TC-DB|B3WJF3|2.A.88.8.6	99.5	221	1	0	1	221	1	221	9.4e-121	429.1
BCW-201173_01796	gnl|TC-DB|P37621|2.A.1.46.7	100.0	405	0	0	12	416	1	405	1.3e-224	775.0
BCW-201173_01797	gnl|TC-DB|P0AGM0|2.A.86.1.2	100.0	349	0	0	1	349	1	349	2.3e-182	634.4
BCW-201173_01799	gnl|TC-DB|P33590|3.A.1.5.3	100.0	524	0	0	1	524	1	524	3.7e-309	1056.2
BCW-201173_01800	gnl|TC-DB|P33591|3.A.1.5.3	100.0	314	0	0	1	314	1	314	1.5e-175	611.7
BCW-201173_01801	gnl|TC-DB|P0AFA9|3.A.1.5.3	100.0	277	0	0	1	277	1	277	3.6e-154	540.4
BCW-201173_01802	gnl|TC-DB|P33593|3.A.1.5.3	100.0	254	0	0	1	254	1	254	2.2e-137	484.6
BCW-201173_01803	gnl|TC-DB|P33594|3.A.1.5.3	100.0	268	0	0	1	268	1	268	1.2e-146	515.4
BCW-201173_01809	gnl|TC-DB|A1ACJ3|1.A.13.5.1	99.2	252	2	0	1	252	1	252	9.4e-149	522.3
BCW-201173_01820	gnl|TC-DB|P76352|2.A.66.1.23	99.8	484	1	0	1	484	12	495	6.8e-273	935.6
BCW-201173_01824	gnl|TC-DB|P76350|2.A.1.6.6	98.4	438	7	0	1	438	1	438	6.0e-244	839.3
BCW-201173_01826	gnl|TC-DB|P11922|1.B.54.1.2	30.1	765	489	18	103	844	58	799	4.3e-81	300.8
BCW-201173_01832	gnl|TC-DB|O05703|3.A.1.15.3	52.6	175	83	0	49	223	327	501	6.7e-50	193.7
BCW-201173_01833	gnl|TC-DB|Q8XB73|5.B.7.1.1	99.1	211	2	0	1	211	1	211	1.9e-115	411.4
BCW-201173_01835	gnl|TC-DB|G3IME2|9.B.35.1.2	37.6	117	71	1	23	137	25	141	1.0e-16	82.8
BCW-201173_01840	gnl|TC-DB|P77747|1.B.1.1.21	60.8	400	129	6	1	395	1	377	1.9e-127	452.2
BCW-201173_01845	gnl|TC-DB|p0aa70|2.A.7.3.22	99.3	306	2	0	1	306	1	306	7.6e-161	562.8
BCW-201173_01848	gnl|TC-DB|P76330|9.B.34.1.4	99.3	564	4	0	1	564	1	564	0.0e+00	1108.6
BCW-201173_01853	gnl|TC-DB|P54702|3.A.6.2.1	85.8	260	37	0	1	260	1	260	2.7e-119	424.5
BCW-201173_01854	gnl|TC-DB|P0A1L5|3.A.6.2.1	95.5	89	4	0	1	89	1	89	3.1e-38	153.7
BCW-201173_01855	gnl|TC-DB|P54700|3.A.6.2.1	91.4	245	21	0	1	245	1	245	2.0e-116	414.8
BCW-201173_01856	gnl|TC-DB|P0A1L1|3.A.6.2.1	66.1	124	39	1	1	121	2	125	3.9e-36	147.1
BCW-201173_01857	gnl|TC-DB|P26419|3.A.6.2.1	91.2	137	12	0	1	137	1	137	4.6e-65	243.4
BCW-201173_01862	gnl|TC-DB|P26465|3.A.6.2.1	93.9	456	28	0	1	456	1	456	3.1e-243	837.0
BCW-201173_01863	gnl|TC-DB|P15934|3.A.6.2.1	85.1	235	28	2	1	228	1	235	1.2e-73	272.7
BCW-201173_01865	gnl|TC-DB|P15928|3.A.6.2.1	85.9	555	73	1	3	552	6	560	8.9e-261	895.6
BCW-201173_01867	gnl|TC-DB|P23895|2.A.7.1.3	98.2	110	2	0	1	110	1	110	3.3e-58	220.3
BCW-201173_01874	gnl|TC-DB|P0AF32|5.A.3.1.2	100.0	226	0	0	1	226	1	226	1.6e-128	454.9
BCW-201173_01876	gnl|TC-DB|P19318|5.A.3.1.2	100.0	514	0	0	1	514	1	514	0.0e+00	1088.9
BCW-201173_01877	gnl|TC-DB|P19319|5.A.3.1.2	100.0	1246	0	0	1	1246	1	1246	0.0e+00	2632.1
BCW-201173_01878	gnl|TC-DB|P37758|2.A.1.8.10	100.0	462	0	0	1	462	1	462	1.1e-261	898.3
BCW-201173_01881	gnl|TC-DB|Q56111|1.B.1.1.22	62.6	91	34	0	1	91	1	91	2.2e-29	124.4
BCW-201173_01882	gnl|TC-DB|P46136|2.A.7.17.2	100.0	274	0	0	1	274	20	293	7.3e-155	542.7
BCW-201173_01883	gnl|TC-DB|P24183|5.A.3.2.1	100.0	195	0	0	1	195	1	195	1.9e-112	401.4
BCW-201173_01884	gnl|TC-DB|P24183|5.A.3.2.1	99.9	803	1	0	1	803	213	1015	0.0e+00	1677.5
BCW-201173_01885	gnl|TC-DB|P0AAJ3|5.A.3.2.1	100.0	294	0	0	1	294	1	294	1.1e-180	628.6
BCW-201173_01886	gnl|TC-DB|P0AEK7|5.A.3.2.1	100.0	217	0	0	1	217	1	217	4.4e-123	436.8
BCW-201173_01893	gnl|TC-DB|P77622|3.A.1.5.38	100.0	308	0	0	1	308	1	308	1.2e-177	618.6
BCW-201173_01894	gnl|TC-DB|P77268|3.A.1.5.38	100.0	328	0	0	1	328	1	328	9.8e-191	662.1
BCW-201173_01895	gnl|TC-DB|P77463|3.A.1.5.38	100.0	298	0	0	1	298	1	298	3.4e-150	527.3
BCW-201173_01896	gnl|TC-DB|P77308|3.A.1.5.38	100.0	340	0	0	1	340	1	340	3.1e-195	677.2
BCW-201173_01897	gnl|TC-DB|P76128|3.A.1.5.38	100.0	516	0	0	1	516	1	516	4.2e-305	1042.7
BCW-201173_01900	gnl|TC-DB|D4ZZR3|9.B.34.1.3	39.0	159	95	2	297	453	235	393	2.6e-24	109.8
BCW-201173_01902	gnl|TC-DB|C8U8G2|2.A.3.7.3	100.0	511	0	0	1	511	1	511	3.1e-284	973.4
BCW-201173_01903	gnl|TC-DB|Q9SXJ7|3.A.9.1.2	38.8	805	396	13	17	738	133	923	4.6e-151	531.6
BCW-201173_01906	gnl|TC-DB|P75831|3.A.1.122.1	100.0	648	0	0	1	648	1	648	0.0e+00	1236.9
BCW-201173_01907	gnl|TC-DB|P75830|3.A.1.122.1	99.7	371	1	0	1	371	1	371	6.1e-189	656.4
BCW-201173_01910	gnl|TC-DB|P60844|1.A.8.3.1	99.6	231	1	0	1	231	1	231	1.7e-125	444.9
BCW-201173_01911	gnl|TC-DB|P75826|2.A.124.1.1	100.0	299	0	0	1	299	1	299	4.2e-156	547.0
BCW-201173_01921	gnl|TC-DB|P0AAF6|3.A.1.3.3	100.0	242	0	0	1	242	1	242	1.8e-136	481.5
BCW-201173_01922	gnl|TC-DB|P30859|3.A.1.3.3	100.0	243	0	0	1	243	1	243	7.2e-138	486.1
BCW-201173_01923	gnl|TC-DB|P0AE34|3.A.1.3.3	100.0	238	0	0	1	238	1	238	1.0e-128	455.7
BCW-201173_01924	gnl|TC-DB|P0AE30|3.A.1.3.3	100.0	222	0	0	1	222	1	222	1.0e-106	382.5
BCW-201173_01925	gnl|TC-DB|P30860|3.A.1.3.3	100.0	243	0	0	1	243	1	243	5.0e-139	490.0
BCW-201173_01928	gnl|TC-DB|P0AFL1|3.A.1.11.2	100.0	281	0	0	1	281	1	281	3.2e-150	527.3
BCW-201173_01929	gnl|TC-DB|P31135|3.A.1.11.2	100.0	317	0	0	1	317	1	317	1.3e-179	625.2
BCW-201173_01930	gnl|TC-DB|P31134|3.A.1.11.2	100.0	377	0	0	1	377	1	377	2.2e-218	754.2
BCW-201173_01931	gnl|TC-DB|P31133|3.A.1.11.2	99.7	370	1	0	1	370	1	370	2.8e-218	753.8
BCW-201173_01938	gnl|TC-DB|A7ZJR5|2.A.81.1.4	99.8	561	1	0	1	561	1	561	7.0e-314	1072.0
BCW-201173_01940	gnl|TC-DB|P75810|2.A.1.60.2	99.7	375	1	0	1	375	28	402	9.8e-195	675.6
BCW-201173_01943	gnl|TC-DB|P0AEY8|2.A.1.2.19	100.0	410	0	0	1	410	1	410	1.9e-228	787.7
BCW-201173_01944	gnl|TC-DB|P94571|9.B.105.1.3	29.7	155	108	1	5	159	1	154	4.1e-14	74.7
BCW-201173_01951	gnl|TC-DB|Q1J0W6|9.B.34.1.1	36.4	154	89	4	295	440	194	346	1.8e-17	87.0
BCW-201173_01953	gnl|TC-DB|P75799|3.A.1.5.11	100.0	303	0	0	1	303	1	303	6.8e-154	539.7
BCW-201173_01954	gnl|TC-DB|P75798|3.A.1.5.11	100.0	306	0	0	1	306	1	306	3.1e-170	594.0
BCW-201173_01955	gnl|TC-DB|P75797|3.A.1.5.11	100.0	512	0	0	1	512	1	512	3.1e-300	1026.5
BCW-201173_01956	gnl|TC-DB|P75796|3.A.1.5.11	100.0	623	0	0	1	623	1	623	0.0e+00	1203.7
BCW-201173_01959	gnl|TC-DB|Q8ID54|3.A.25.2.1	30.9	230	154	4	6	230	83	312	1.5e-26	116.3
BCW-201173_01965	gnl|TC-DB|Q83XH1|3.A.1.121.4	46.8	526	279	1	1	526	1	525	7.5e-140	493.8
BCW-201173_01967	gnl|TC-DB|P75788|2.A.45.2.5	100.0	372	0	0	1	372	1	372	1.2e-208	721.8
BCW-201173_01971	gnl|TC-DB|P0A917|1.B.6.2.1	100.0	171	0	0	1	171	1	171	4.0e-95	343.6
BCW-201173_01972	gnl|TC-DB|P0AA67|2.A.7.3.6	100.0	295	0	0	1	295	1	295	3.4e-158	553.9
BCW-201173_01974	gnl|TC-DB|P0AEQ3|3.A.1.3.2	100.0	248	0	0	1	248	1	248	3.9e-139	490.3
BCW-201173_01975	gnl|TC-DB|P0AEQ6|3.A.1.3.2	100.0	219	0	0	1	219	1	219	8.2e-117	416.0
BCW-201173_01976	gnl|TC-DB|P10346|3.A.1.3.2	100.0	240	0	0	1	240	1	240	1.1e-133	472.2
BCW-201173_01977	gnl|TC-DB|P75783|1.A.23.3.2	100.0	741	0	0	1	741	1	741	0.0e+00	1392.5
BCW-201173_01980	gnl|TC-DB|P75780|1.B.14.1.9	100.0	760	0	0	1	760	1	760	0.0e+00	1528.1
BCW-201173_01988	gnl|TC-DB|O00571|1.I.1.1.3	42.2	389	203	7	2	369	181	568	4.4e-72	268.5
BCW-201173_01990	gnl|TC-DB|P75777|3.A.1.105.15	99.4	331	2	0	1	331	2	332	3.5e-111	397.9
BCW-201173_01991	gnl|TC-DB|P0A9U1|3.A.1.105.15	99.8	578	1	0	1	578	1	578	0.0e+00	1161.0
BCW-201173_01992	gnl|TC-DB|C6EIY9|3.A.1.105.15	100.0	377	0	0	1	377	1	377	6.2e-205	709.5
BCW-201173_01993	gnl|TC-DB|P0AFP9|3.A.1.105.15	100.0	368	0	0	1	368	1	368	3.9e-204	706.8
BCW-201173_01994	gnl|TC-DB|P0AAW6|9.B.15.1.1	100.0	136	0	0	1	136	1	136	4.2e-71	263.5
BCW-201173_01997	gnl|TC-DB|P75770|4.D.2.4.3	100.0	318	0	0	1	318	1	318	3.3e-175	610.5
BCW-201173_01998	gnl|TC-DB|B7LC70|1.A.14.2.4	92.0	237	19	0	1	237	1	237	4.9e-115	410.2
BCW-201173_01999	gnl|TC-DB|P0AAC4|1.A.14.2.2	100.0	234	0	0	1	234	1	234	1.1e-119	425.6
BCW-201173_02017	gnl|TC-DB|P0AC23|1.A.16.1.1	100.0	285	0	0	1	285	1	285	2.9e-162	567.4
BCW-201173_02026	gnl|TC-DB|P44408|3.A.11.2.2	33.8	693	398	15	100	749	111	785	2.6e-93	339.7
BCW-201173_02027	gnl|TC-DB|P60752|3.A.1.106.1	100.0	582	0	0	1	582	1	582	2.6e-311	1063.5
BCW-201173_02042	gnl|TC-DB|P02931|1.B.1.1.1	100.0	362	0	0	1	362	1	362	2.5e-211	730.7
BCW-201173_02046	gnl|TC-DB|B1X8N7|3.A.1.17.10	100.0	255	0	0	1	255	1	255	4.0e-139	490.3
BCW-201173_02047	gnl|TC-DB|P75851|3.A.1.17.10	100.0	263	0	0	1	263	1	263	3.5e-138	487.3
BCW-201173_02049	gnl|TC-DB|P75853|3.A.1.17.10	100.0	319	0	0	1	319	1	319	2.2e-179	624.4
BCW-201173_02053	gnl|TC-DB|P30130|1.B.11.3.9	48.0	879	436	9	1	866	8	878	1.7e-234	808.9
BCW-201173_02062	gnl|TC-DB|P43672|3.A.1.120.6	100.0	635	0	0	1	635	1	635	0.0e+00	1145.2
BCW-201173_02070	gnl|TC-DB|P0A910|1.B.6.1.1	100.0	346	0	0	1	346	1	346	1.7e-193	671.4
BCW-201173_02073	gnl|TC-DB|P75870|2.A.85.1.1	100.0	717	0	0	4	720	1	717	0.0e+00	1421.8
BCW-201173_02074	gnl|TC-DB|P0AB12|9.B.55.1.1	100.0	148	0	0	1	148	1	148	4.6e-79	290.0
BCW-201173_02083	gnl|TC-DB|P0AAC6|1.A.14.2.1	100.0	219	0	0	1	219	1	219	6.1e-112	399.8
BCW-201173_02085	gnl|TC-DB|T2K7C6|3.D.7.2.3	92.2	372	29	0	1	372	1	372	3.5e-208	720.3
BCW-201173_02086	gnl|TC-DB|T2K7N8|3.D.7.2.3	66.3	600	199	2	1	597	1	600	6.3e-252	866.3
BCW-201173_02087	gnl|TC-DB|T2K6Q3|3.D.7.2.3	54.4	226	94	2	1	222	24	244	6.8e-69	256.9
BCW-201173_02088	gnl|TC-DB|T2K766|3.D.7.2.3	87.0	192	25	0	1	192	1	192	1.3e-94	342.0
BCW-201173_02089	gnl|TC-DB|T2K646|3.D.7.2.3	73.6	125	33	0	1	125	1	125	5.9e-54	206.5
BCW-201173_02090	gnl|TC-DB|T2K7M7|3.D.7.2.3	32.3	285	172	6	7	281	11	284	1.3e-37	153.3
BCW-201173_02091	gnl|TC-DB|P0ABJ9|3.D.4.3.2	61.7	506	194	0	1	506	1	506	3.6e-187	651.0
BCW-201173_02092	gnl|TC-DB|P0ABK2|3.D.4.3.2	57.5	379	160	1	1	378	1	379	4.1e-124	441.0
BCW-201173_02093	gnl|TC-DB|P24244|9.B.85.1.2	100.0	30	0	0	1	30	1	30	5.4e-11	61.6
BCW-201173_02095	gnl|TC-DB|P38134|8.A.3.3.1	100.0	711	0	0	1	711	1	711	0.0e+00	1354.0
BCW-201173_02097	gnl|TC-DB|P0A932|1.B.18.3.8	100.0	379	0	0	1	379	1	379	8.4e-218	752.3
BCW-201173_02098	gnl|TC-DB|P75882|9.B.14.1.27	100.0	698	0	0	1	698	1	698	0.0e+00	1445.6
BCW-201173_02108	gnl|TC-DB|P33226|5.A.3.4.1	100.0	390	0	0	1	390	1	390	1.0e-231	798.5
BCW-201173_02109	gnl|TC-DB|P33225|5.A.3.4.1	100.0	848	0	0	1	848	1	848	0.0e+00	1721.1
BCW-201173_02110	gnl|TC-DB|P36662|5.A.3.4.1	100.0	199	0	0	1	199	1	199	1.6e-111	398.3
BCW-201173_02118	gnl|TC-DB|P75892|2.A.40.1.3	100.0	442	0	0	1	442	1	442	1.3e-238	821.6
BCW-201173_02127	gnl|TC-DB|P07117|2.A.21.2.1	100.0	502	0	0	1	502	1	502	6.4e-282	965.7
BCW-201173_02128	gnl|TC-DB|P75901|2.A.108.2.3	98.6	276	4	0	1	276	1	276	7.8e-149	522.7
BCW-201173_02129	gnl|TC-DB|P0AB24|2.A.108.2.3	100.0	375	0	0	1	375	1	375	3.4e-211	730.3
BCW-201173_02130	gnl|TC-DB|P31545|2.A.108.2.3	100.0	423	0	0	1	423	1	423	2.2e-251	864.0
BCW-201173_02133	gnl|TC-DB|P75905|4.D.1.1.3	99.8	441	1	0	1	441	1	441	3.2e-253	870.2
BCW-201173_02135	gnl|TC-DB|P69434|1.B.55.1.1	100.0	807	0	0	1	807	1	807	0.0e+00	1656.7
BCW-201173_02136	gnl|TC-DB|D4ZZR3|9.B.34.1.3	36.7	158	98	1	285	440	236	393	7.5e-24	108.2
BCW-201173_02137	gnl|TC-DB|P25743|2.A.95.1.7	91.3	46	4	0	1	46	170	215	1.3e-16	80.9
BCW-201173_02148	gnl|TC-DB|P69874|3.A.1.11.1	100.0	378	0	0	1	378	1	378	4.1e-217	750.0
BCW-201173_02149	gnl|TC-DB|P0AFK4|3.A.1.11.1	99.6	275	1	0	11	285	1	275	1.2e-147	518.8
BCW-201173_02150	gnl|TC-DB|P0AFK6|3.A.1.11.1	100.0	264	0	0	1	264	1	264	1.6e-138	488.4
BCW-201173_02151	gnl|TC-DB|P0AFK9|3.A.1.11.1	100.0	348	0	0	1	348	1	348	4.2e-208	719.9
BCW-201173_02152	gnl|TC-DB|P75962|9.B.122.1.1	100.0	153	0	0	1	153	1	153	3.1e-86	313.9
BCW-201173_02156	gnl|TC-DB|P75958|3.A.1.125.1	100.0	412	0	0	1	412	3	414	8.8e-221	762.3
BCW-201173_02157	gnl|TC-DB|P75957|3.A.1.125.1	100.0	233	0	0	1	233	1	233	9.9e-129	455.7
BCW-201173_02158	gnl|TC-DB|P0ADC3|3.A.1.125.1	100.0	399	0	0	1	399	1	399	8.3e-208	719.2
BCW-201173_02172	gnl|TC-DB|P16869|1.B.14.1.1	100.0	729	0	0	1	729	1	729	0.0e+00	1480.7
BCW-201173_02173	gnl|TC-DB|P69786|4.A.1.1.1	100.0	477	0	0	1	477	1	477	9.1e-270	925.2
BCW-201173_02180	gnl|TC-DB|O80800|3.D.1.6.3	49.3	75	38	0	2	76	48	122	3.0e-13	70.5
BCW-201173_02204	gnl|TC-DB|P0AF16|2.A.66.4.3	100.0	511	0	0	1	511	1	511	8.8e-279	955.3
BCW-201173_02208	gnl|TC-DB|P69367|2.A.1.2.21	100.0	402	0	0	1	402	1	402	2.7e-227	783.9
BCW-201173_02220	gnl|TC-DB|P25744|2.A.1.2.20	100.0	408	0	0	1	408	1	408	7.6e-225	775.8
BCW-201173_02223	gnl|TC-DB|P62517|4.D.3.1.1	100.0	837	0	0	1	837	11	847	0.0e+00	1705.3
BCW-201173_02233	gnl|TC-DB|P0AE95|1.B.48.1.1	100.0	129	0	0	1	129	1	129	8.1e-72	265.8
BCW-201173_02234	gnl|TC-DB|P0AE98|1.B.48.1.1	100.0	138	0	0	1	138	1	138	1.4e-74	275.0
BCW-201173_02235	gnl|TC-DB|P0AEA2|1.B.48.1.1	100.0	277	0	0	1	277	1	277	1.6e-154	541.6
BCW-201173_02248	gnl|TC-DB|P0AAJ1|5.A.3.3.1	100.0	205	0	0	1	205	1	205	3.9e-129	456.8
BCW-201173_02249	gnl|TC-DB|P76173|5.A.3.3.1	100.0	284	0	0	1	284	1	284	1.9e-158	554.7
BCW-201173_02251	gnl|TC-DB|Q8FHC1|2.A.49.5.3	98.8	418	5	0	1	418	1	418	2.6e-228	787.3
BCW-201173_02255	gnl|TC-DB|P43531|2.A.1.36.1	100.0	417	0	0	1	417	1	417	7.3e-215	742.7
BCW-201173_02258	gnl|TC-DB|P69210|2.A.7.1.9	100.0	109	0	0	1	109	1	109	1.1e-53	205.3
BCW-201173_02259	gnl|TC-DB|P69213|2.A.7.1.9	100.0	121	0	0	1	121	1	121	3.3e-59	223.8
BCW-201173_02260	gnl|TC-DB|P0AFS5|2.A.86.1.4	100.0	344	0	0	1	344	1	344	3.6e-175	610.5
BCW-201173_02261	gnl|TC-DB|P0AB67|3.D.2.1.1	100.0	462	0	0	1	462	1	462	3.6e-255	876.7
BCW-201173_02262	gnl|TC-DB|P07001|3.D.2.1.1	100.0	510	0	0	1	510	1	510	2.8e-285	976.9
BCW-201173_02264	gnl|TC-DB|P0AAE5|2.A.3.2.8	100.0	460	0	0	1	460	1	460	1.1e-253	871.7
BCW-201173_02266	gnl|TC-DB|P0ACX0|9.B.72.1.2	100.0	111	0	0	1	111	1	111	4.1e-56	213.4
BCW-201173_02275	gnl|TC-DB|Q47706|1.B.25.1.5	100.0	421	0	0	1	421	1	421	1.2e-249	858.2
BCW-201173_02276	gnl|TC-DB|P0CE45|2.A.2.3.1	100.0	457	0	0	1	457	1	457	1.9e-256	880.9
BCW-201173_02281	gnl|TC-DB|P19642|4.A.1.1.3	99.8	530	1	0	1	530	1	530	6.5e-301	1028.9
BCW-201173_02287	gnl|TC-DB|P0A766|3.D.6.1.4	100.0	193	0	0	1	193	1	193	1.1e-96	349.0
BCW-201173_02288	gnl|TC-DB|P77223|3.D.6.1.4	100.0	192	0	0	1	192	1	192	1.7e-94	341.7
BCW-201173_02289	gnl|TC-DB|P77611|3.D.6.1.4	100.0	569	0	0	1	569	1	569	2.0e-305	1044.3
BCW-201173_02290	gnl|TC-DB|P76182|3.D.6.1.4	100.0	352	0	0	1	352	1	352	2.5e-200	694.1
BCW-201173_02291	gnl|TC-DB|P77285|3.D.6.1.4	100.0	206	0	0	1	206	1	206	4.2e-115	410.2
BCW-201173_02292	gnl|TC-DB|P77179|3.D.6.1.4	100.0	231	0	0	1	231	1	231	8.1e-123	436.0
BCW-201173_02295	gnl|TC-DB|P77304|2.A.17.1.2	100.0	500	0	0	1	500	1	500	2.3e-279	957.2
BCW-201173_02304	gnl|TC-DB|G4PZW1|8.A.48.1.1	100.0	78	0	0	1	78	1	78	3.8e-40	159.8
BCW-201173_02305	gnl|TC-DB|B1LPP9|8.A.1.1.3	29.3	314	167	5	7	266	12	324	1.5e-30	129.8
BCW-201173_02306	gnl|TC-DB|Q8X638|2.A.85.1.6	99.4	670	4	0	1	670	1	670	0.0e+00	1284.6
BCW-201173_02308	gnl|TC-DB|P76187|8.A.5.1.7	100.0	298	0	0	1	298	1	298	2.0e-174	607.8
BCW-201173_02316	gnl|TC-DB|Q15HU6|3.A.7.14.2	40.0	125	64	6	149	265	212	333	7.0e-17	84.3
BCW-201173_02318	gnl|TC-DB|P77389|2.A.1.2.65	100.0	389	0	0	1	389	1	389	3.7e-205	710.3
BCW-201173_02320	gnl|TC-DB|Q0HIQ8|3.A.1.2.14	26.6	233	152	10	58	277	21	247	7.2e-11	64.7
BCW-201173_02322	gnl|TC-DB|P37597|2.A.1.2.62	99.8	403	1	0	1	403	1	403	1.8e-223	771.2
BCW-201173_02325	gnl|TC-DB|P37340|2.A.66.1.3	100.0	457	0	0	1	457	1	457	8.2e-252	865.5
BCW-201173_02332	gnl|TC-DB|P37602|5.A.3.5.1	56.8	241	96	3	21	261	11	243	2.1e-71	265.4
BCW-201173_02333	gnl|TC-DB|P0A1I1|5.A.3.5.1	54.7	181	81	1	36	215	7	187	1.3e-56	216.1
BCW-201173_02341	gnl|TC-DB|P39386|2.A.1.2.52	97.6	410	10	0	1	410	1	410	4.6e-222	766.5
BCW-201173_02349	gnl|TC-DB|D6IHN4|2.A.1.51.2	99.0	392	4	0	1	392	1	392	1.1e-212	735.3
BCW-201173_02350	gnl|TC-DB|P11922|1.B.54.1.2	31.4	745	466	17	94	821	58	774	6.8e-90	328.6
BCW-201173_02353	gnl|TC-DB|P39379|9.A.5.4.2	100.0	227	0	0	1	227	1	227	1.5e-121	431.8
BCW-201173_02354	gnl|TC-DB|C8UN36|9.B.156.1.1	99.3	153	1	0	1	153	1	153	6.2e-79	289.7
BCW-201173_02363	gnl|TC-DB|P0AC94|2.A.8.1.3	100.0	447	0	0	1	447	1	447	8.0e-236	812.4
BCW-201173_02367	gnl|TC-DB|P30130|1.B.11.3.9	99.7	878	3	0	1	878	1	878	0.0e+00	1770.7
BCW-201173_02369	gnl|TC-DB|E1PGF6|1.C.80.1.2	58.0	162	68	0	3	164	17	178	7.7e-51	196.4
BCW-201173_02373	gnl|TC-DB|P69856|1.B.35.2.1	99.6	238	1	0	1	238	1	238	1.9e-143	504.6
BCW-201173_02384	gnl|TC-DB|P69451|4.C.1.1.4	23.9	573	358	19	6	544	22	550	1.3e-28	124.4
BCW-201173_02392	gnl|TC-DB|L8CW92|2.A.66.12.6	97.7	304	7	0	1	304	146	449	6.6e-149	523.1
BCW-201173_02393	gnl|TC-DB|L8CW92|2.A.66.12.6	100.0	133	0	0	1	133	1	133	8.3e-71	262.7
BCW-201173_02397	gnl|TC-DB|P43676|2.A.20.1.2	100.0	499	0	0	1	499	1	499	5.2e-276	946.0
BCW-201173_02403	gnl|TC-DB|T2K766|3.D.7.2.3	38.7	155	92	3	2	154	5	158	2.2e-21	98.6
BCW-201173_02404	gnl|TC-DB|T2K7N8|3.D.7.2.3	44.5	595	287	12	3	566	17	599	6.6e-142	500.7
BCW-201173_02406	gnl|TC-DB|P18776|5.A.3.3.2	33.8	198	106	7	39	233	6	181	3.8e-25	112.1
BCW-201173_02407	gnl|TC-DB|O67095|3.D.7.2.1	45.5	286	155	1	12	297	12	296	7.7e-75	277.3
BCW-201173_02412	gnl|TC-DB|P63144|8.A.5.1.3	34.5	319	195	7	13	325	71	381	1.7e-44	176.4
BCW-201173_02415	gnl|TC-DB|P0ABV2|1.A.30.2.1	100.0	141	0	0	1	141	1	141	2.5e-74	274.2
BCW-201173_02416	gnl|TC-DB|P0ABU7|1.A.30.2.1	100.0	244	0	0	1	244	1	244	6.7e-128	453.0
BCW-201173_02418	gnl|TC-DB|P0AA60|9.B.27.2.1	100.0	219	0	0	1	219	1	219	1.9e-121	431.4
BCW-201173_02425	gnl|TC-DB|P36649|1.B.76.1.8	31.5	515	289	10	3	459	1	509	9.2e-65	244.2
BCW-201173_02428	gnl|TC-DB|Q46863|3.A.1.5.41	100.0	535	0	0	1	535	1	535	0.0e+00	1092.4
BCW-201173_02442	gnl|TC-DB|P02930|1.B.17.1.1	100.0	493	0	0	1	493	1	493	2.4e-257	884.0
BCW-201173_02446	gnl|TC-DB|P0A8H3|2.A.5.5.1	100.0	257	0	0	1	257	1	257	2.0e-122	434.9
BCW-201173_02451	gnl|TC-DB|P75750|1.B.11.2.2	39.4	818	488	6	19	833	2	814	6.2e-181	630.9
BCW-201173_02464	gnl|TC-DB|P60782|9.B.31.1.1	100.0	205	0	0	1	205	1	205	1.1e-115	412.1
BCW-201173_02468	gnl|TC-DB|P39414|2.A.47.3.3	99.8	487	1	0	1	487	1	487	8.1e-274	938.7
BCW-201173_02483	gnl|TC-DB|P42590|2.A.3.7.4	100.0	477	0	0	1	477	1	477	1.1e-264	908.3
BCW-201173_02491	gnl|TC-DB|P0AFY2|9.B.114.1.1	37.5	216	122	4	9	218	1	209	3.4e-28	121.7
BCW-201173_02493	gnl|TC-DB|P42601|2.A.109.1.7	100.0	321	0	0	1	321	1	321	3.0e-176	614.0
BCW-201173_02494	gnl|TC-DB|P0AGE4|2.A.23.4.1	100.0	414	0	0	1	414	1	414	1.2e-222	768.5
BCW-201173_02498	gnl|TC-DB|P0AA78|2.A.1.14.2	100.0	432	0	0	1	432	41	472	5.9e-244	839.3
BCW-201173_02500	gnl|TC-DB|P0AA63|9.B.27.2.2	100.0	220	0	0	1	220	1	220	8.5e-122	432.6
BCW-201173_02504	gnl|TC-DB|P64585|1.E.34.2.1	100.0	134	0	0	1	134	1	134	9.9e-65	242.3
BCW-201173_02508	gnl|TC-DB|P64591|9.B.124.1.2	100.0	121	0	0	1	121	1	121	3.4e-72	266.9
BCW-201173_02509	gnl|TC-DB|P64592|9.B.124.1.1	100.0	118	0	0	1	118	1	118	1.6e-63	238.0
BCW-201173_02514	gnl|TC-DB|P42628|2.A.42.2.4	100.0	443	0	0	1	443	1	443	4.7e-244	839.7
BCW-201173_02519	gnl|TC-DB|P0AAD8|2.A.42.2.2	100.0	443	0	0	1	443	1	443	6.5e-246	845.9
BCW-201173_02527	gnl|TC-DB|Q8FDB7|2.A.1.14.14	99.8	444	1	0	1	444	1	444	4.2e-253	869.8
BCW-201173_02533	gnl|TC-DB|Q9KIQ4|4.A.6.1.4	100.0	157	0	0	1	157	13	169	1.4e-86	315.1
BCW-201173_02534	gnl|TC-DB|Q9KIQ3|4.A.6.1.4	92.7	259	19	0	1	259	1	259	8.8e-110	392.9
BCW-201173_02535	gnl|TC-DB|Q9KIQ2|4.A.6.1.4	96.6	292	10	0	1	292	1	292	1.1e-153	538.9
BCW-201173_02536	gnl|TC-DB|Q8Y8V8|4.A.6.1.16	30.1	136	95	0	2	137	3	138	2.0e-15	78.6
BCW-201173_02540	gnl|TC-DB|P42909|4.A.6.1.5	100.0	158	0	0	1	158	1	158	1.7e-87	318.2
BCW-201173_02541	gnl|TC-DB|Q9KIP7|4.A.6.1.5	99.6	267	1	0	1	267	1	267	7.3e-144	506.1
BCW-201173_02542	gnl|TC-DB|P42911|4.A.6.1.5	100.0	263	0	0	1	263	1	263	5.9e-146	513.1
BCW-201173_02546	gnl|TC-DB|P42915|1.B.11.3.6	100.0	838	0	0	1	838	1	838	0.0e+00	1680.6
BCW-201173_02563	gnl|TC-DB|P0AAD2|2.A.42.1.2	100.0	414	0	0	1	414	1	414	4.2e-231	796.6
BCW-201173_02564	gnl|TC-DB|P38919|3.A.18.1.1	36.0	389	233	4	3	379	27	411	2.3e-63	240.0
BCW-201173_02577	gnl|TC-DB|P0AG99|3.A.5.1.1	100.0	110	0	0	1	110	1	110	3.6e-52	200.3
BCW-201173_02580	gnl|TC-DB|P25694|3.A.16.1.2	43.3	252	142	1	140	390	472	723	3.3e-57	219.5
BCW-201173_02586	gnl|TC-DB|E1ILD8|2.A.7.3.18	100.0	321	0	0	1	321	1	321	1.4e-176	615.1
BCW-201173_02593	gnl|TC-DB|P64602|3.A.1.27.3	99.0	97	1	0	1	97	1	97	5.0e-50	193.0
BCW-201173_02594	gnl|TC-DB|P0ADV7|3.A.1.27.3	100.0	211	0	0	1	211	1	211	1.8e-116	414.8
BCW-201173_02595	gnl|TC-DB|P64604|3.A.1.27.3	100.0	183	0	0	1	183	1	183	4.5e-100	360.1
BCW-201173_02596	gnl|TC-DB|P64606|3.A.1.27.3	100.0	260	0	0	1	260	1	260	1.0e-137	485.7
BCW-201173_02597	gnl|TC-DB|P63386|3.A.1.27.3	100.0	269	0	0	1	269	1	269	3.3e-152	533.9
BCW-201173_02598	gnl|TC-DB|P45394|2.A.19.5.1	100.0	325	0	0	1	325	1	325	1.0e-171	599.0
BCW-201173_02601	gnl|TC-DB|P0ADW0|1.B.42.1.2	100.0	191	0	0	1	191	1	191	6.9e-104	372.9
BCW-201173_02602	gnl|TC-DB|P0ADV1|1.B.42.1.2	100.0	185	0	0	1	185	1	185	1.0e-99	359.0
BCW-201173_02603	gnl|TC-DB|P0A9V1|1.B.42.1.2	100.0	241	0	0	1	241	1	241	6.2e-134	473.0
BCW-201173_02606	gnl|TC-DB|P71012|4.A.2.1.4	27.9	147	104	2	8	153	1	146	2.0e-11	65.5
BCW-201173_02608	gnl|TC-DB|H1XXZ0|8.A.8.1.5	36.4	88	55	1	3	90	2	88	1.9e-11	64.7
BCW-201173_02618	gnl|TC-DB|P45420|1.B.11.5.1	100.0	793	0	0	1	793	1	793	0.0e+00	1544.6
BCW-201173_02625	gnl|TC-DB|P41036|2.A.1.12.1	99.8	496	1	0	1	496	1	496	3.9e-284	973.0
BCW-201173_02628	gnl|TC-DB|P45428|2.A.61.1.2	100.0	455	0	0	1	455	1	455	1.2e-239	825.1
BCW-201173_02630	gnl|TC-DB|P0ACA3|1.A.12.3.1	100.0	212	0	0	1	212	1	212	1.8e-121	431.4
BCW-201173_02641	gnl|TC-DB|P46481|2.A.85.1.2	99.8	655	1	0	1	655	1	655	0.0e+00	1263.8
BCW-201173_02642	gnl|TC-DB|P46482|8.A.1.7.1	100.0	310	0	0	1	310	1	310	1.8e-170	594.7
BCW-201173_02643	gnl|TC-DB|D7XN98|8.A.48.1.2	100.0	67	0	0	1	67	24	90	4.2e-32	132.9
BCW-201173_02649	gnl|TC-DB|P0ABH4|9.B.157.1.3	100.0	162	0	0	1	162	1	162	2.1e-85	311.2
BCW-201173_02650	gnl|TC-DB|P16926|9.B.157.1.3	100.0	319	0	0	1	319	1	319	1.7e-175	611.7
BCW-201173_02651	gnl|TC-DB|P0A9X4|9.B.157.1.3	100.0	347	0	0	1	347	1	347	1.7e-193	671.4
BCW-201173_02657	gnl|TC-DB|P16256|2.A.21.1.1	100.0	483	0	0	1	483	1	483	7.3e-251	862.4
BCW-201173_02664	gnl|TC-DB|P0AE06|8.A.1.6.1	68.0	388	120	2	1	384	1	388	1.4e-143	505.8
BCW-201173_02665	gnl|TC-DB|P24181|2.A.6.2.1	100.0	1034	0	0	1	1034	1	1034	0.0e+00	1946.0
BCW-201173_02668	gnl|TC-DB|P45766|3.A.1.3.26	99.7	341	1	0	1	341	1	341	7.3e-197	682.6
BCW-201173_02669	gnl|TC-DB|P45767|3.A.1.3.26	100.0	393	0	0	1	393	1	393	1.9e-217	751.1
BCW-201173_02670	gnl|TC-DB|P45768|3.A.1.3.26	100.0	367	0	0	1	367	1	367	1.6e-213	738.0
BCW-201173_02671	gnl|TC-DB|P45769|3.A.1.3.26	100.0	252	0	0	1	252	1	252	1.7e-145	511.5
BCW-201173_02676	gnl|TC-DB|P07658|3.D.1.9.2	100.0	559	0	0	1	559	157	715	0.0e+00	1149.4
BCW-201173_02677	gnl|TC-DB|P07658|3.D.1.9.2	100.0	139	0	0	1	139	1	139	1.9e-79	291.2
BCW-201173_02678	gnl|TC-DB|P32714|1.B.17.3.9	100.0	488	0	0	1	488	1	488	1.1e-270	928.3
BCW-201173_02679	gnl|TC-DB|P32715|2.A.85.6.1	100.0	683	0	0	1	683	1	683	0.0e+00	1334.3
BCW-201173_02680	gnl|TC-DB|B1LPP9|8.A.1.1.3	99.7	343	1	0	1	343	1	343	5.5e-184	639.8
BCW-201173_02685	gnl|TC-DB|P32720|3.A.1.2.6	100.0	326	0	0	1	326	1	326	1.1e-173	605.5
BCW-201173_02686	gnl|TC-DB|P32721|3.A.1.2.6	100.0	510	0	0	1	510	1	510	1.9e-294	1007.3
BCW-201173_02687	gnl|TC-DB|P39265|3.A.1.2.6	100.0	311	0	0	1	311	1	311	3.1e-170	594.0
BCW-201173_02695	gnl|TC-DB|P75957|3.A.1.125.1	35.2	196	121	4	14	208	15	205	1.4e-23	106.3
BCW-201173_02696	gnl|TC-DB|Q97VF5|3.A.1.5.9	36.1	255	153	3	5	249	45	299	3.3e-37	151.8
BCW-201173_02702	gnl|TC-DB|P16683|3.A.1.9.1	99.2	122	1	0	1	122	138	259	1.6e-61	231.5
BCW-201173_02703	gnl|TC-DB|P16682|3.A.1.9.1	100.0	338	0	0	1	338	1	338	2.0e-191	664.5
BCW-201173_02704	gnl|TC-DB|P16677|3.A.1.9.1	100.0	262	0	0	1	262	1	262	2.0e-146	514.6
BCW-201173_02710	gnl|TC-DB|P0C0L7|2.A.1.6.4	100.0	500	0	0	1	500	1	500	4.1e-281	963.0
BCW-201173_02715	gnl|TC-DB|P60061|2.A.3.2.5	100.0	445	0	0	1	445	1	445	3.7e-249	856.7
BCW-201173_02735	gnl|TC-DB|P51773|1.E.3.1.1	100.0	92	0	0	1	92	1	92	6.1e-45	176.0
BCW-201173_02761	gnl|TC-DB|P69831|4.A.5.1.1	99.6	451	2	0	1	451	1	451	2.1e-252	867.5
BCW-201173_02762	gnl|TC-DB|P37188|4.A.5.1.1	98.9	94	1	0	1	94	1	94	1.4e-49	191.4
BCW-201173_02763	gnl|TC-DB|P69828|4.A.5.1.1	98.0	150	3	0	1	150	1	150	5.5e-80	293.1
BCW-201173_02767	gnl|TC-DB|P76417|2.A.1.10.4	100.0	425	0	0	1	425	1	425	1.1e-242	835.1
BCW-201173_02775	gnl|TC-DB|P76425|2.A.113.1.1	91.5	281	16	1	1	281	1	273	4.9e-114	407.1
BCW-201173_02776	gnl|TC-DB|P64534|2.A.113.1.1	100.0	112	0	0	1	112	1	112	3.0e-62	233.8
BCW-201173_02778	gnl|TC-DB|P33341|1.B.11.3.11	97.6	826	20	0	1	826	1	826	0.0e+00	1641.7
BCW-201173_02782	gnl|TC-DB|A0L4L0|3.A.1.132.3	39.9	348	180	7	12	350	2	329	1.7e-58	223.0
BCW-201173_02791	gnl|TC-DB|Q9FI56|3.A.9.1.2	46.4	865	381	15	12	856	106	907	7.4e-206	713.8
BCW-201173_02794	gnl|TC-DB|P0AC02|1.B.33.1.3	100.0	245	0	0	1	245	1	245	1.7e-139	491.5
BCW-201173_02802	gnl|TC-DB|P07021|1.B.6.1.21	100.0	160	0	0	1	160	1	160	4.5e-88	320.1
BCW-201173_02807	gnl|TC-DB|P0AGD7|3.A.5.1.1	100.0	453	0	0	1	453	1	453	2.4e-251	864.0
BCW-201173_02808	gnl|TC-DB|P64432|9.B.14.3.6	99.6	263	1	0	26	288	1	263	1.5e-142	501.9
BCW-201173_02809	gnl|TC-DB|P37908|9.A.40.2.4	100.0	407	0	0	7	413	22	428	2.1e-222	767.7
BCW-201173_02813	gnl|TC-DB|P0A937|1.B.33.1.3	100.0	113	0	0	1	113	1	113	1.6e-60	228.0
BCW-201173_02819	gnl|TC-DB|Q1C5U1|1.B.12.8.1	30.1	642	364	17	914	1526	151	736	9.0e-53	206.1
BCW-201173_02830	gnl|TC-DB|P25527|2.A.3.1.4	100.0	466	0	0	1	466	1	466	7.0e-259	889.0
BCW-201173_02833	gnl|TC-DB|P0AE42|9.B.12.2.1	100.0	52	0	0	1	52	1	52	2.3e-25	110.2
BCW-201173_02837	gnl|TC-DB|A8ANM6|2.A.104.1.1	87.2	149	19	0	1	149	1	149	4.6e-71	263.5
BCW-201173_02844	gnl|TC-DB|P14175|3.A.1.12.1	100.0	400	0	0	1	400	1	400	1.7e-224	774.6
BCW-201173_02845	gnl|TC-DB|P14176|3.A.1.12.1	100.0	354	0	0	1	354	1	354	1.1e-192	668.7
BCW-201173_02846	gnl|TC-DB|P0AFM2|3.A.1.12.1	100.0	330	0	0	1	330	1	330	9.2e-197	682.2
BCW-201173_02847	gnl|TC-DB|P76628|2.A.1.36.3	99.7	394	1	0	1	394	1	394	1.6e-203	704.9
BCW-201173_02848	gnl|TC-DB|P76630|2.A.78.1.3	100.0	245	0	0	1	245	1	245	1.1e-133	472.2
BCW-201173_02849	gnl|TC-DB|P43667|2.A.78.1.3	100.0	111	0	0	1	111	1	111	1.6e-55	211.5
BCW-201173_02851	gnl|TC-DB|P27303|8.A.1.1.1	100.0	390	0	0	1	390	1	390	3.3e-201	697.2
BCW-201173_02852	gnl|TC-DB|P0AEJ0|2.A.1.3.2	100.0	512	0	0	1	512	1	512	7.9e-288	985.3
BCW-201173_02855	gnl|TC-DB|E1P8P0|9.B.27.3.1	99.3	142	1	0	1	142	1	142	1.6e-76	281.6
BCW-201173_02869	gnl|TC-DB|P56579|4.A.4.1.1	100.0	187	0	0	1	187	1	187	8.6e-107	382.5
BCW-201173_02870	gnl|TC-DB|P56580|4.A.4.1.1	100.0	319	0	0	1	319	1	319	8.2e-166	579.3
BCW-201173_02871	gnl|TC-DB|P05706|4.A.4.1.1	100.0	123	0	0	1	123	1	123	3.0e-68	253.8
BCW-201173_02876	gnl|TC-DB|Q9KN48|3.A.23.1.1	43.8	265	144	1	187	451	193	452	5.6e-52	201.8
BCW-201173_02880	gnl|TC-DB|Q5P036|5.A.3.11.1	30.4	171	80	7	5	151	5	160	2.2e-16	82.0
BCW-201173_02882	gnl|TC-DB|P24241|4.A.1.2.3	99.8	485	1	0	1	485	1	485	2.1e-261	897.5
BCW-201173_02883	gnl|TC-DB|Q9UEF7|8.A.49.1.1	26.8	489	292	18	4	470	61	505	2.3e-39	159.8
BCW-201173_02886	gnl|TC-DB|P16433|3.D.1.9.2	100.0	255	0	0	1	255	1	255	1.7e-150	528.1
BCW-201173_02887	gnl|TC-DB|P16432|3.D.1.9.2	100.0	180	0	0	1	180	1	180	3.5e-89	323.9
BCW-201173_02888	gnl|TC-DB|P16431|3.D.1.9.2	100.0	569	0	0	1	569	1	569	0.0e+00	1177.5
BCW-201173_02889	gnl|TC-DB|P16430|3.D.1.9.2	100.0	307	0	0	1	307	1	307	3.5e-166	580.5
BCW-201173_02890	gnl|TC-DB|P16429|3.D.1.9.2	100.0	608	0	0	1	608	1	608	0.0e+00	1157.9
BCW-201173_02891	gnl|TC-DB|P0AAK3|3.D.1.9.2	100.0	203	0	0	1	203	1	203	5.1e-113	403.3
BCW-201173_02898	gnl|TC-DB|Q9KN48|3.A.23.1.1	39.1	322	187	4	330	644	143	462	5.5e-50	195.7
BCW-201173_02903	gnl|TC-DB|B7LEG0|1.A.34.1.2	42.4	262	98	3	35	243	116	377	1.8e-51	199.1
BCW-201173_02906	gnl|TC-DB|P37653|4.D.3.1.6	55.4	689	302	2	13	699	150	835	6.3e-227	783.5
BCW-201173_02907	gnl|TC-DB|P37652|4.D.3.1.6	59.4	775	251	5	1	711	1	775	2.7e-262	901.0
BCW-201173_02940	gnl|TC-DB|G0CIY2|9.B.18.1.1	34.9	476	268	12	20	474	30	484	5.4e-65	245.0
BCW-201173_02941	gnl|TC-DB|P37626|3.A.1.105.16	99.4	355	2	0	1	355	1	355	2.1e-146	515.0
BCW-201173_02942	gnl|TC-DB|C8TJS4|3.A.1.105.16	99.6	911	4	0	1	911	1	911	0.0e+00	1754.2
BCW-201173_02943	gnl|TC-DB|P0AGH1|3.A.1.105.16	100.0	374	0	0	1	374	1	374	3.2e-206	713.8
BCW-201173_02954	gnl|TC-DB|P36640|3.A.3.4.1	90.2	896	88	0	3	898	7	902	0.0e+00	1604.3
BCW-201173_02956	gnl|TC-DB|P36672|4.A.1.2.4	99.6	473	2	0	1	473	1	473	5.5e-267	916.0
BCW-201173_02957	gnl|TC-DB|Q05839|8.A.9.1.1	30.7	525	294	12	7	504	109	590	1.8e-72	270.0
BCW-201173_02965	gnl|TC-DB|P37772|3.A.1.2.25	99.7	331	1	0	1	331	1	331	2.1e-177	617.8
BCW-201173_02966	gnl|TC-DB|P39328|3.A.1.2.25	98.5	340	5	0	1	340	2	341	2.4e-176	614.4
BCW-201173_02967	gnl|TC-DB|Q6BEX0|3.A.1.2.25	99.8	500	1	0	1	500	1	500	8.9e-284	971.8
BCW-201173_02968	gnl|TC-DB|P39325|3.A.1.2.25	99.4	318	2	0	1	318	1	318	3.3e-175	610.5
BCW-201173_02971	gnl|TC-DB|P39321|9.B.22.1.2	99.3	1259	9	0	1	1259	1	1259	0.0e+00	2472.6
BCW-201173_02972	gnl|TC-DB|P0ADE4|1.B.33.2.4	99.8	577	1	0	1	577	1	577	0.0e+00	1182.2
BCW-201173_02974	gnl|TC-DB|Q0PBV6|9.A.40.2.2	21.8	427	328	4	5	428	26	449	1.1e-30	131.0
BCW-201173_02981	gnl|TC-DB|P39314|2.A.7.3.19	98.8	321	4	0	1	321	1	321	1.8e-181	631.3
BCW-201173_02983	gnl|TC-DB|P0AAE0|2.A.3.1.7	100.0	470	0	0	1	470	1	470	1.8e-262	901.0
BCW-201173_02993	gnl|TC-DB|Q8ZKS0|2.A.56.1.5	50.9	426	203	2	10	432	11	433	8.3e-113	403.7
BCW-201173_02994	gnl|TC-DB|P43020|2.A.56.1.5	39.8	294	173	4	33	323	34	326	1.2e-60	229.9
BCW-201173_03003	gnl|TC-DB|P69820|4.A.7.1.1	96.1	154	6	0	1	154	1	154	5.1e-81	296.6
BCW-201173_03004	gnl|TC-DB|P69822|4.A.7.1.1	100.0	101	0	0	1	101	1	101	6.6e-53	202.6
BCW-201173_03005	gnl|TC-DB|P39301|4.A.7.1.1	99.8	465	1	0	1	465	1	465	5.4e-259	889.4
BCW-201173_03038	gnl|TC-DB|B0SM05|2.A.25.1.6	39.2	260	146	5	12	267	468	719	6.5e-46	181.0
BCW-201173_03039	gnl|TC-DB|P39285|1.A.23.1.3	100.0	1107	0	0	1	1107	1	1107	0.0e+00	2007.6
BCW-201173_03042	gnl|TC-DB|P39282|2.A.3.7.5	100.0	485	0	0	1	485	16	500	7.3e-275	942.2
BCW-201173_03044	gnl|TC-DB|F9VN10|3.D.10.1.4	40.6	586	323	8	1	581	1	566	1.2e-109	393.7
BCW-201173_03045	gnl|TC-DB|P17596|3.D.10.1.3	29.4	218	149	5	7	219	5	222	5.7e-26	114.4
BCW-201173_03050	gnl|TC-DB|P69937|2.A.7.1.4	100.0	105	0	0	1	105	1	105	5.4e-50	193.0
BCW-201173_03051	gnl|TC-DB|P0ADB7|9.B.13.1.1	100.0	48	0	0	1	48	1	48	1.1e-18	87.8
BCW-201173_03059	gnl|TC-DB|P39277|2.A.3.13.1	100.0	418	0	0	1	418	1	418	3.4e-236	813.5
BCW-201173_03062	gnl|TC-DB|P0ABN5|2.A.13.1.1	100.0	433	0	0	1	433	1	433	1.9e-229	791.2
BCW-201173_03064	gnl|TC-DB|P36655|5.A.1.1.1	100.0	565	0	0	1	565	1	565	0.0e+00	1113.2
BCW-201173_03068	gnl|TC-DB|P0AAE8|2.A.3.2.2	100.0	444	0	0	1	444	1	444	8.2e-249	855.5
BCW-201173_03070	gnl|TC-DB|P39276|2.A.17.1.5	100.0	485	0	0	1	485	1	485	6.2e-274	939.1
BCW-201173_03078	gnl|TC-DB|P0ABN9|2.A.13.1.2	100.0	446	0	0	1	446	1	446	1.5e-245	844.7
BCW-201173_03081	gnl|TC-DB|A7ZUZ0|2.A.2.1.1	99.7	356	1	0	1	356	118	473	2.7e-194	674.1
BCW-201173_03086	gnl|TC-DB|B5LWZ8|2.A.119.1.1	27.9	362	204	3	15	376	11	315	2.2e-21	99.8
BCW-201173_03095	gnl|TC-DB|Q46839|2.A.14.1.2	100.0	560	0	0	1	560	1	560	2.0e-308	1053.9
BCW-201173_03097	gnl|TC-DB|P22610|3.A.15.2.1	41.3	276	146	8	2	264	3	275	1.1e-43	173.3
BCW-201173_03100	gnl|TC-DB|P15644|1.B.22.1.1	44.7	666	336	10	25	682	12	653	1.6e-147	519.6
BCW-201173_03101	gnl|TC-DB|P15645|3.A.15.1.1	60.2	495	190	3	1	494	1	489	1.7e-157	552.4
BCW-201173_03102	gnl|TC-DB|P15745|3.A.15.1.1	52.6	407	167	3	1	407	1	381	3.4e-100	361.7
BCW-201173_03103	gnl|TC-DB|P15746|3.A.15.1.1	68.9	135	39	1	13	147	6	137	7.8e-50	193.0
BCW-201173_03105	gnl|TC-DB|Q9XD69|3.A.15.3.1	36.7	98	61	1	4	100	10	107	2.0e-11	65.1
BCW-201173_03106	gnl|TC-DB|P15749|3.A.15.1.1	35.2	196	122	2	1	195	1	192	1.6e-26	115.9
BCW-201173_03107	gnl|TC-DB|P15750|3.A.15.1.1	37.5	288	171	5	39	322	37	319	8.9e-43	170.6
BCW-201173_03111	gnl|TC-DB|Q46831|9.B.120.1.1	100.0	235	0	0	1	235	1	235	1.5e-121	431.8
BCW-201173_03113	gnl|TC-DB|P0AFF4|2.A.1.10.1	100.0	418	0	0	1	418	1	418	4.9e-235	809.7
BCW-201173_03125	gnl|TC-DB|P64564|9.A.4.1.2	100.0	188	0	0	1	188	1	188	8.9e-96	345.9
BCW-201173_03127	gnl|TC-DB|P24559|3.A.15.2.1	46.2	327	173	1	1	324	1	327	1.7e-73	272.7
BCW-201173_03134	gnl|TC-DB|P0AEP1|2.A.1.1.1	100.0	464	0	0	1	464	1	464	7.5e-261	895.6
BCW-201173_03141	gnl|TC-DB|P69824|4.A.2.1.24	100.0	68	0	0	1	68	1	68	2.1e-34	140.6
BCW-201173_03142	gnl|TC-DB|P69824|4.A.2.1.24	100.0	69	0	0	1	69	79	147	5.7e-32	132.5
BCW-201173_03143	gnl|TC-DB|P69826|4.A.2.1.24	100.0	462	0	0	1	462	1	462	2.2e-260	894.0
BCW-201173_03151	gnl|TC-DB|P0C0S1|1.A.23.2.1	100.0	286	0	0	1	286	1	286	4.6e-136	480.3
BCW-201173_03152	gnl|TC-DB|P11667|2.A.75.1.2	100.0	211	0	0	1	211	1	211	7.1e-118	419.5
BCW-201173_03173	gnl|TC-DB|Q86Z14|8.A.49.1.2	26.2	485	292	15	5	477	80	510	2.8e-37	152.9
BCW-201173_03175	gnl|TC-DB|P67153|1.C.113.1.10	100.0	219	0	0	1	219	1	219	4.8e-117	416.8
BCW-201173_03202	gnl|TC-DB|O00571|1.I.1.1.3	35.7	364	220	4	9	358	180	543	5.9e-55	211.5
BCW-201173_03204	gnl|TC-DB|P40290|3.A.6.1.1	28.6	252	158	5	157	396	148	389	2.0e-15	80.1
BCW-201173_03206	gnl|TC-DB|P0AC78|9.B.146.1.7	100.0	367	0	0	1	367	1	367	6.9e-193	669.5
BCW-201173_03214	gnl|TC-DB|P0AAA7|2.A.66.2.3	100.0	416	0	0	1	416	1	416	4.1e-226	780.0
BCW-201173_03216	gnl|TC-DB|B6I4D1|9.B.128.1.1	99.8	450	1	0	1	450	1	450	1.5e-253	871.3
BCW-201173_03218	gnl|TC-DB|P27837|2.A.3.1.15	100.0	461	0	0	1	461	1	461	4.8e-260	892.9
BCW-201173_03230	gnl|TC-DB|P27838|9.B.21.2.1	100.0	106	0	0	1	106	1	106	2.4e-61	230.7
BCW-201173_03257	gnl|TC-DB|P77328|2.A.40.5.1	100.0	433	0	0	1	433	1	433	9.5e-242	832.0
BCW-201173_03259	gnl|TC-DB|P75712|2.A.39.3.8	100.0	484	0	0	1	484	1	484	1.6e-274	941.0
BCW-201173_03276	gnl|TC-DB|B7LBF5|1.A.12.3.2	100.0	214	0	0	1	214	1	214	2.0e-123	438.0
BCW-201173_03279	gnl|TC-DB|P39263|2.A.118.1.8	100.0	492	0	0	1	492	15	506	4.8e-274	939.5
BCW-201173_03285	gnl|TC-DB|P0AFU2|2.A.47.4.8	100.0	610	0	0	1	610	1	610	0.0e+00	1140.9
BCW-201173_03290	gnl|TC-DB|P0AFC3|3.D.1.1.1	100.0	147	0	0	1	147	1	147	6.6e-78	286.2
BCW-201173_03291	gnl|TC-DB|P0AFC7|3.D.1.1.1	100.0	220	0	0	1	220	1	220	4.2e-129	456.8
BCW-201173_03292	gnl|TC-DB|P33599|3.D.1.1.1	100.0	596	0	0	5	600	1	596	0.0e+00	1242.6
BCW-201173_03293	gnl|TC-DB|P0AFD1|3.D.1.1.1	100.0	166	0	0	1	166	1	166	2.1e-96	347.8
BCW-201173_03294	gnl|TC-DB|P31979|3.D.1.1.1	100.0	445	0	0	1	445	1	445	1.1e-272	934.9
BCW-201173_03295	gnl|TC-DB|P33602|3.D.1.1.1	100.0	908	0	0	1	908	1	908	0.0e+00	1847.0
BCW-201173_03296	gnl|TC-DB|P0AFD4|3.D.1.1.1	100.0	325	0	0	1	325	1	325	2.0e-183	637.9
BCW-201173_03297	gnl|TC-DB|P0AFD6|3.D.1.1.1	100.0	180	0	0	1	180	1	180	4.4e-92	333.6
BCW-201173_03298	gnl|TC-DB|P0AFE0|3.D.1.1.1	100.0	184	0	0	1	184	1	184	9.1e-93	335.9
BCW-201173_03299	gnl|TC-DB|P0AFE4|3.D.1.1.1	100.0	100	0	0	1	100	1	100	3.1e-31	130.6
BCW-201173_03300	gnl|TC-DB|P33607|3.D.1.1.1	100.0	613	0	0	1	613	1	613	0.0e+00	1180.6
BCW-201173_03301	gnl|TC-DB|P0AFE8|3.D.1.1.1	100.0	509	0	0	1	509	1	509	1.2e-291	998.0
BCW-201173_03302	gnl|TC-DB|P0AFF0|3.D.1.1.1	99.8	485	1	0	1	485	1	485	4.4e-264	906.4
BCW-201173_03308	gnl|TC-DB|P76481|1.A.13.2.3	100.0	575	0	0	1	575	1	575	4.9e-302	1032.7
BCW-201173_03320	gnl|TC-DB|P76474|2.A.7.22.1	100.0	128	0	0	1	128	1	128	2.3e-66	247.7
BCW-201173_03321	gnl|TC-DB|Q47377|2.A.7.22.1	100.0	111	0	0	1	111	1	111	2.0e-58	221.1
BCW-201173_03322	gnl|TC-DB|p76473|9.B.142.2.9	100.0	550	0	0	1	550	1	550	1.8e-309	1057.4
BCW-201173_03325	gnl|TC-DB|P77757|4.D.2.1.8	100.0	322	0	0	1	322	1	322	2.4e-181	630.9
BCW-201173_03345	gnl|TC-DB|Q8XE01|1.B.68.1.1	91.7	180	15	0	1	180	8	187	1.4e-90	328.6
BCW-201173_03349	gnl|TC-DB|P76470|2.A.1.14.35	99.8	429	1	0	1	429	1	429	7.7e-236	812.4
BCW-201173_03356	gnl|TC-DB|P08194|2.A.1.4.3	100.0	452	0	0	1	452	1	452	2.8e-252	867.1
BCW-201173_03363	gnl|TC-DB|P45508|1.B.12.1.5	100.0	1250	0	0	1	1250	1	1250	0.0e+00	2236.8
BCW-201173_03372	gnl|TC-DB|P76460|2.A.73.1.1	100.0	440	0	0	1	440	1	440	6.9e-248	852.4
BCW-201173_03375	gnl|TC-DB|Q9KN48|3.A.23.1.1	38.8	371	193	5	109	450	156	521	4.6e-61	231.9
BCW-201173_03376	gnl|TC-DB|Q9HV74|2.A.21.9.1	28.2	419	267	14	212	602	565	977	1.0e-31	134.8
BCW-201173_03380	gnl|TC-DB|P06996|1.B.1.1.3	99.7	367	1	0	1	367	1	367	2.9e-215	743.8
BCW-201173_03384	gnl|TC-DB|P33941|3.A.1.113.3	100.0	547	0	0	1	547	1	547	2.1e-310	1060.4
BCW-201173_03394	gnl|TC-DB|D5CMP8|5.B.5.1.2	56.9	188	80	1	5	191	2	189	5.1e-65	243.8
BCW-201173_03395	gnl|TC-DB|Q8XE58|3.A.1.107.3	99.5	204	1	0	1	204	3	206	1.4e-115	411.8
BCW-201173_03396	gnl|TC-DB|P0ABM0|3.A.1.107.3	100.0	220	0	0	1	220	1	220	9.2e-92	332.8
BCW-201173_03397	gnl|TC-DB|P0ABM1|9.B.14.2.3	100.0	245	0	0	1	245	1	245	2.4e-141	497.7
BCW-201173_03398	gnl|TC-DB|P0ABM7|3.A.1.107.3	100.0	69	0	0	1	69	1	69	5.3e-30	125.9
BCW-201173_03400	gnl|TC-DB|P33927|9.B.14.1.3	100.0	647	0	0	1	647	1	647	0.0e+00	1267.7
BCW-201173_03404	gnl|TC-DB|Q9XD84|1.B.12.8.3	31.9	511	272	11	401	852	485	978	4.9e-56	216.1
BCW-201173_03421	gnl|TC-DB|P28246|2.A.1.2.7	100.0	396	0	0	1	396	1	396	3.3e-217	750.4
BCW-201173_03423	gnl|TC-DB|P33916|3.A.1.5.21	100.0	529	0	0	1	529	1	529	2.8e-296	1013.4
BCW-201173_03424	gnl|TC-DB|P33915|3.A.1.5.21	99.7	341	1	0	1	341	1	341	1.2e-183	638.6
BCW-201173_03425	gnl|TC-DB|P0AFU1|3.A.1.5.21	100.0	364	0	0	1	364	1	364	5.0e-204	706.4
BCW-201173_03426	gnl|TC-DB|P33913|3.A.1.5.21	99.8	604	1	0	1	604	1	604	0.0e+00	1245.7
BCW-201173_03428	gnl|TC-DB|E9RJ18|3.A.7.13.2	38.9	108	55	4	82	179	254	360	3.6e-12	68.2
BCW-201173_03434	gnl|TC-DB|P33026|2.A.1.20.2	99.7	393	1	0	1	393	1	393	1.7e-218	754.6
BCW-201173_03435	gnl|TC-DB|P69811|4.A.2.1.1	100.0	376	0	0	1	376	1	376	6.8e-204	706.1
BCW-201173_03437	gnl|TC-DB|P20966|4.A.2.1.1	100.0	563	0	0	1	563	1	563	4.1e-277	949.9
BCW-201173_03440	gnl|TC-DB|P33024|2.A.41.2.9	99.8	416	1	0	1	416	1	416	7.5e-204	706.1
BCW-201173_03443	gnl|TC-DB|P33021|2.A.41.2.10	100.0	416	0	0	1	416	1	416	5.2e-205	709.9
BCW-201173_03446	gnl|TC-DB|P62723|2.A.98.1.3	100.0	349	0	0	1	349	1	349	9.2e-187	649.0
BCW-201173_03448	gnl|TC-DB|P25737|2.A.3.1.2	100.0	489	0	0	1	489	1	489	7.3e-283	968.8
BCW-201173_03449	gnl|TC-DB|P17315|1.B.14.1.4	100.0	663	0	0	1	663	1	663	0.0e+00	1363.6
BCW-201173_03452	gnl|TC-DB|P25747|9.B.169.1.2	99.7	385	1	0	1	385	1	385	8.8e-223	768.8
BCW-201173_03454	gnl|TC-DB|P0AEE5|3.A.1.2.3	100.0	332	0	0	1	332	1	332	1.9e-186	647.9
BCW-201173_03455	gnl|TC-DB|P0AAG8|3.A.1.2.3	100.0	506	0	0	1	506	1	506	1.2e-291	998.0
BCW-201173_03456	gnl|TC-DB|P23200|3.A.1.2.3	100.0	336	0	0	1	336	1	336	1.5e-170	595.1
BCW-201173_03460	gnl|TC-DB|P0AFY2|9.B.114.1.1	100.0	239	0	0	1	239	1	239	1.4e-125	445.3
BCW-201173_03462	gnl|TC-DB|C6EAH0|2.A.122.1.1	100.0	231	0	0	1	231	1	231	1.1e-119	425.6
BCW-201173_03463	gnl|TC-DB|F4V3T5|1.E.14.1.4	99.2	132	1	0	1	132	4	135	3.7e-48	187.2
BCW-201173_03465	gnl|TC-DB|P33369|1.B.17.3.10	98.7	478	6	0	1	478	1	478	3.7e-263	903.3
BCW-201173_03467	gnl|TC-DB|E4PCL6|9.B.27.2.7	99.5	192	1	0	1	192	1	192	7.2e-109	389.4
BCW-201173_03472	gnl|TC-DB|P33362|3.A.1.12.15	97.0	305	9	0	1	305	1	305	3.9e-165	577.0
BCW-201173_03473	gnl|TC-DB|P33361|3.A.1.12.15	98.7	385	5	0	1	385	1	385	4.5e-203	703.4
BCW-201173_03474	gnl|TC-DB|P33360|3.A.1.12.15	98.7	308	4	0	1	308	1	308	2.8e-171	597.4
BCW-201173_03475	gnl|TC-DB|P33359|3.A.1.12.15	99.6	243	1	0	1	243	1	243	2.2e-123	438.0
BCW-201173_03478	gnl|TC-DB|Q81JL2|9.B.33.1.1	30.5	581	366	10	5	556	3	574	1.6e-71	266.9
BCW-201173_03487	gnl|TC-DB|P37674|2.A.56.1.2	100.0	100	0	0	1	100	58	157	7.7e-54	205.7
BCW-201173_03488	gnl|TC-DB|P37675|2.A.56.1.2	100.0	425	0	0	1	425	1	425	4.2e-226	780.0
BCW-201173_03489	gnl|TC-DB|P37676|2.A.56.1.2	97.2	214	6	0	1	214	1	214	2.0e-115	411.4
BCW-201173_03491	gnl|TC-DB|P30750|3.A.1.24.1	100.0	343	0	0	1	343	1	343	1.3e-193	671.8
BCW-201173_03492	gnl|TC-DB|P31547|3.A.1.24.1	100.0	217	0	0	1	217	1	217	3.0e-79	291.2
BCW-201173_03493	gnl|TC-DB|P28635|3.A.1.24.1	100.0	271	0	0	1	271	1	271	1.3e-151	531.9
BCW-201173_03514	gnl|TC-DB|P0A943|1.B.33.1.3	100.0	810	0	0	1	810	1	810	0.0e+00	1654.0
BCW-201173_03533	gnl|TC-DB|Q8ZRP7|3.A.1.13.1	81.2	266	50	0	1	266	1	266	1.2e-122	435.6
BCW-201173_03534	gnl|TC-DB|I7MT28|1.A.62.2.2	86.7	203	27	0	1	203	1	203	5.8e-96	346.7
BCW-201173_03536	gnl|TC-DB|P37019|2.A.49.5.1	100.0	473	0	0	1	473	1	473	1.8e-262	901.0
BCW-201173_03538	gnl|TC-DB|P06972|3.A.1.14.3	99.8	660	1	0	1	660	1	660	0.0e+00	1233.4
BCW-201173_03539	gnl|TC-DB|P07822|3.A.1.14.3	100.0	296	0	0	1	296	1	296	6.4e-173	602.8
BCW-201173_03540	gnl|TC-DB|P07821|3.A.1.14.3	100.0	265	0	0	1	265	1	265	5.6e-152	533.1
BCW-201173_03541	gnl|TC-DB|P06971|1.B.14.1.2	100.0	747	0	0	1	747	1	747	0.0e+00	1504.2
BCW-201173_03550	gnl|TC-DB|Q8X6C1|1.B.12.1.6	34.9	1083	583	27	793	1806	320	1349	2.7e-149	526.9
BCW-201173_03553	gnl|TC-DB|P30130|1.B.11.3.9	53.1	382	179	0	1	382	497	878	5.1e-122	434.1
BCW-201173_03557	gnl|TC-DB|P07658|3.D.1.9.2	31.2	298	172	6	123	415	76	345	5.3e-38	156.0
BCW-201173_03562	gnl|TC-DB|P31826|3.A.1.203.11	100.0	561	0	0	1	561	1	561	1.2e-313	1071.2
BCW-201173_03565	gnl|TC-DB|P31436|2.A.1.20.3	99.7	394	1	0	1	394	1	394	6.7e-218	752.7
BCW-201173_03566	gnl|TC-DB|P31437|2.A.7.3.12	100.0	307	0	0	1	307	1	307	9.0e-162	565.8
BCW-201173_03567	gnl|TC-DB|P28635|3.A.1.24.1	62.8	258	96	0	15	272	14	271	1.1e-94	342.8
BCW-201173_03569	gnl|TC-DB|P0ADL1|2.A.1.2.26	100.0	396	0	0	17	412	1	396	3.7e-211	730.3
BCW-201173_03571	gnl|TC-DB|P31440|2.A.40.7.4	100.0	444	0	0	1	444	1	444	3.7e-241	830.1
BCW-201173_03573	gnl|TC-DB|P0AGC0|2.A.1.4.1	100.0	463	0	0	1	463	1	463	1.7e-260	894.4
BCW-201173_03574	gnl|TC-DB|P09836|2.A.1.4.4	100.0	439	0	0	1	439	1	439	2.1e-257	884.0
BCW-201173_03580	gnl|TC-DB|P31442|2.A.1.2.9	100.0	394	0	0	1	394	1	394	6.0e-219	756.1
BCW-201173_03583	gnl|TC-DB|P0ADM0|9.B.51.1.1	100.0	115	0	0	1	115	1	115	5.9e-58	219.5
BCW-201173_03586	gnl|TC-DB|P31448|2.A.21.3.21	100.0	571	0	0	1	571	1	571	0.0e+00	1104.4
BCW-201173_03590	gnl|TC-DB|Q9AGA7|4.A.1.1.10	81.1	539	101	1	1	538	1	539	2.7e-254	874.0
BCW-201173_03592	gnl|TC-DB|B7L824|2.A.81.1.5	100.0	553	0	0	1	553	1	553	7.5e-300	1025.4
BCW-201173_03598	gnl|TC-DB|P0AA76|2.A.1.14.7	100.0	430	0	0	1	430	1	430	2.5e-250	860.5
BCW-201173_03612	gnl|TC-DB|P25714|2.A.9.3.1	100.0	548	0	0	1	548	1	548	5.3e-306	1045.8
BCW-201173_03615	gnl|TC-DB|P23173|2.A.42.1.3	100.0	415	0	0	1	415	1	415	6.7e-237	815.8
BCW-201173_03616	gnl|TC-DB|P31462|2.A.1.2.22	100.0	391	0	0	1	391	1	391	1.9e-209	724.5
BCW-201173_03620	gnl|TC-DB|P31466|2.A.40.7.6	100.0	445	0	0	1	445	1	445	2.7e-239	823.9
BCW-201173_03626	gnl|TC-DB|P26218|1.B.3.1.3	100.0	538	0	0	1	538	1	538	0.0e+00	1085.9
BCW-201173_03627	gnl|TC-DB|Q9UEF7|8.A.49.1.1	29.7	454	259	14	4	431	61	480	6.2e-45	178.3
BCW-201173_03628	gnl|TC-DB|P08722|4.A.1.2.2	100.0	625	0	0	1	625	1	625	0.0e+00	1222.2
BCW-201173_03631	gnl|TC-DB|P0AAH0|3.A.1.7.1	100.0	257	0	0	1	257	1	257	4.3e-149	523.5
BCW-201173_03632	gnl|TC-DB|P07654|3.A.1.7.1	100.0	296	0	0	1	296	1	296	1.1e-159	558.9
BCW-201173_03633	gnl|TC-DB|P0AGH8|3.A.1.7.1	99.7	319	1	0	1	319	1	319	7.6e-172	599.4
BCW-201173_03634	gnl|TC-DB|P0AG82|3.A.1.7.1	100.0	346	0	0	1	346	1	346	1.8e-198	688.0
BCW-201173_03637	gnl|TC-DB|P0A6E6|3.A.2.1.1	100.0	139	0	0	1	139	1	139	2.3e-72	267.7
BCW-201173_03638	gnl|TC-DB|P0ABB4|3.A.2.1.1	100.0	460	0	0	1	460	1	460	1.8e-262	901.0
BCW-201173_03639	gnl|TC-DB|P0ABA6|3.A.2.1.1	100.0	287	0	0	1	287	1	287	1.5e-158	555.1
BCW-201173_03640	gnl|TC-DB|P0ABB0|3.A.2.1.1	100.0	513	0	0	1	513	1	513	1.1e-289	991.5
BCW-201173_03641	gnl|TC-DB|P0ABA4|3.A.2.1.1	100.0	177	0	0	1	177	1	177	1.4e-90	328.6
BCW-201173_03642	gnl|TC-DB|P0ABA0|3.A.2.1.1	100.0	156	0	0	1	156	1	156	3.7e-55	210.7
BCW-201173_03643	gnl|TC-DB|P68699|3.A.2.1.1	100.0	79	0	0	1	79	1	79	2.8e-35	143.7
BCW-201173_03644	gnl|TC-DB|P0AB98|3.A.2.1.1	100.0	271	0	0	1	271	1	271	1.8e-150	528.1
BCW-201173_03645	gnl|TC-DB|S0WRQ6|1.A.77.3.11	97.6	126	3	0	1	126	1	126	2.3e-55	211.1
BCW-201173_03653	gnl|TC-DB|P63183|2.A.72.1.1	100.0	622	0	0	1	622	1	622	0.0e+00	1209.1
BCW-201173_03655	gnl|TC-DB|P04983|3.A.1.2.1	100.0	501	0	0	1	501	1	501	4.7e-285	976.1
BCW-201173_03656	gnl|TC-DB|P0AGI1|3.A.1.2.1	100.0	321	0	0	1	321	1	321	1.1e-154	542.3
BCW-201173_03657	gnl|TC-DB|P02925|3.A.1.2.1	99.3	296	2	0	1	296	1	296	4.9e-157	550.1
BCW-201173_03660	gnl|TC-DB|P31474|2.A.1.3.51	99.8	475	1	0	1	475	1	475	1.7e-252	867.8
BCW-201173_03666	gnl|TC-DB|M8KG08|1.E.1.1.7	97.2	213	6	0	202	414	43	255	1.6e-113	406.0
BCW-201173_03671	gnl|TC-DB|P77228|2.A.1.6.9	100.0	427	0	0	1	427	1	427	5.3e-237	816.2
BCW-201173_03680	gnl|TC-DB|Q1J0W6|9.B.34.1.1	35.2	179	106	6	36	209	171	344	2.1e-19	92.4
BCW-201173_03682	gnl|TC-DB|P31126|2.A.1.2.55	99.7	395	1	0	1	395	1	395	1.8e-215	744.6
BCW-201173_03683	gnl|TC-DB|P31125|2.A.7.3.2	100.0	299	0	0	1	299	1	299	9.7e-161	562.4
BCW-201173_03687	gnl|TC-DB|P0AEY1|2.A.95.1.1	100.0	221	0	0	1	221	1	221	2.3e-114	407.9
BCW-201173_03688	gnl|TC-DB|P31122|2.A.1.2.15	100.0	396	0	0	1	396	1	396	1.3e-208	721.8
BCW-201173_03694	gnl|TC-DB|P76330|9.B.34.1.4	38.0	171	99	5	138	304	390	557	1.0e-19	94.0
BCW-201173_03696	gnl|TC-DB|B2N0W4|1.A.46.2.6	100.0	304	0	0	1	304	18	321	5.2e-170	593.2
BCW-201173_03700	gnl|TC-DB|P76142|3.A.1.2.8	100.0	340	0	0	1	340	1	340	2.3e-195	677.6
BCW-201173_03701	gnl|TC-DB|P0AFS1|3.A.1.2.8	100.0	330	0	0	1	330	1	330	7.6e-175	609.4
BCW-201173_03702	gnl|TC-DB|P77672|3.A.1.2.8	99.7	342	1	0	1	342	1	342	3.0e-182	634.0
BCW-201173_03703	gnl|TC-DB|P77257|3.A.1.2.8	99.8	511	1	0	1	511	1	511	1.0e-287	984.9
BCW-201173_03708	gnl|TC-DB|P0AFZ7|2.A.38.1.1	100.0	483	0	0	1	483	1	483	3.3e-275	943.3
BCW-201173_03717	gnl|TC-DB|P69423|2.A.64.1.1	100.0	258	0	0	1	258	1	258	1.3e-129	458.8
BCW-201173_03718	gnl|TC-DB|P69425|2.A.64.1.1	100.0	171	0	0	1	171	1	171	3.0e-74	274.2
BCW-201173_03719	gnl|TC-DB|P69428|2.A.64.1.1	98.9	89	1	0	1	89	1	89	2.1e-39	157.5
BCW-201173_03728	gnl|TC-DB|P0ADP5|2.A.7.3.61	100.0	299	0	0	1	299	1	299	1.3e-170	595.1
BCW-201173_03731	gnl|TC-DB|P0AG34|2.A.76.1.1	100.0	206	0	0	1	206	1	206	1.7e-108	388.3
BCW-201173_03732	gnl|TC-DB|P0AG38|2.A.76.1.2	100.0	206	0	0	1	206	1	206	2.6e-112	401.0
BCW-201173_03733	gnl|TC-DB|Q5EAK4|2.A.16.2.2	29.6	345	206	10	33	349	1378	1713	4.9e-26	115.9
BCW-201173_03736	gnl|TC-DB|P27844|2.A.7.7.2	100.0	296	0	0	1	296	1	296	2.4e-164	574.3
BCW-201173_03738	gnl|TC-DB|S1GB50|1.E.55.2.4	91.3	126	11	0	1	126	1	126	1.5e-62	235.0
BCW-201173_03739	gnl|TC-DB|P11922|1.B.54.1.2	35.5	687	373	15	105	768	139	778	3.0e-103	373.6
BCW-201173_03752	gnl|TC-DB|P0ABC9|2.A.15.1.4	100.0	677	0	0	1	677	1	677	0.0e+00	1336.2
BCW-201173_03778	gnl|TC-DB|P0ADC6|1.B.42.1.2	100.0	360	0	0	1	360	1	360	3.3e-200	693.7
BCW-201173_03779	gnl|TC-DB|P0AF98|1.B.42.1.2	99.5	366	2	0	1	366	1	366	4.6e-197	683.3
BCW-201173_03796	gnl|TC-DB|P61320|1.B.46.1.1	100.0	207	0	0	1	207	1	207	2.3e-121	431.0
BCW-201173_03799	gnl|TC-DB|P0AFR2|2.A.53.3.11	100.0	550	0	0	1	550	10	559	2.0e-273	937.6
BCW-201173_03804	gnl|TC-DB|P76017|1.B.12.2.6	99.9	955	1	0	1	955	1	955	0.0e+00	1728.8
BCW-201173_03808	gnl|TC-DB|Q9HY55|4.A.2.1.17	29.2	343	193	8	157	462	284	613	5.1e-23	105.5
BCW-201173_03811	gnl|TC-DB|A6TAG3|1.E.43.1.1	65.9	82	27	1	1	82	1	81	3.1e-24	107.1
BCW-201173_03815	gnl|TC-DB|P76007|2.A.36.6.11	100.0	578	0	0	1	578	1	578	0.0e+00	1098.6
BCW-201173_03820	gnl|TC-DB|P0AFA7|2.A.34.1.1	100.0	513	0	0	1	513	1	513	1.3e-274	941.4
BCW-201173_03821	gnl|TC-DB|P0A6M2|5.A.2.1.1	100.0	176	0	0	1	176	1	176	5.1e-101	363.2
BCW-201173_03824	gnl|TC-DB|P77335|1.C.10.1.1	100.0	303	0	0	1	303	1	303	2.9e-165	577.4
BCW-201173_03838	gnl|TC-DB|B8I766|9.B.105.1.5	34.0	144	86	4	13	153	2	139	9.8e-14	73.2
BCW-201173_03848	gnl|TC-DB|P31552|4.C.1.1.6	99.8	517	1	0	1	517	1	517	2.4e-313	1070.1
BCW-201173_03851	gnl|TC-DB|P31553|2.A.15.2.1	100.0	504	0	0	1	504	1	504	4.4e-299	1022.7
BCW-201173_03856	gnl|TC-DB|P31679|2.A.1.1.114	100.0	443	0	0	1	443	1	443	3.8e-254	873.2
BCW-201173_03857	gnl|TC-DB|P0A754|2.A.37.1.1	98.3	176	3	0	1	176	1	176	1.2e-105	378.6
BCW-201173_03858	gnl|TC-DB|P03819|2.A.37.1.1	99.8	620	1	0	1	620	1	620	0.0e+00	1154.0
BCW-201173_03865	gnl|TC-DB|P31554|1.B.42.1.2	100.0	784	0	0	1	784	1	784	0.0e+00	1610.5
BCW-201173_03876	gnl|TC-DB|P31548|3.A.1.19.1	100.0	232	0	0	1	232	1	232	6.0e-126	446.4
BCW-201173_03877	gnl|TC-DB|P31549|3.A.1.19.1	100.0	536	0	0	1	536	1	536	4.2e-300	1026.2
BCW-201173_03878	gnl|TC-DB|P31550|3.A.1.19.1	100.0	327	0	0	1	327	1	327	3.4e-191	663.7
BCW-201173_03881	gnl|TC-DB|P31675|2.A.1.20.1	100.0	392	0	0	1	392	1	392	8.9e-215	742.3
BCW-201173_03896	gnl|TC-DB|P0A6W3|9.B.146.1.6	100.0	360	0	0	1	360	1	360	7.7e-205	709.1
BCW-201173_03898	gnl|TC-DB|P0ABG4|2.A.103.1.1	100.0	414	0	0	1	414	1	414	1.6e-230	794.7
BCW-201173_03907	gnl|TC-DB|P10408|3.A.5.1.1	100.0	901	0	0	1	901	1	901	0.0e+00	1708.7
BCW-201173_03913	gnl|TC-DB|P22609|3.A.15.2.1	27.9	369	257	4	35	396	7	373	2.3e-40	162.9
BCW-201173_03914	gnl|TC-DB|P22608|3.A.15.2.1	44.0	402	214	5	61	454	165	563	1.1e-91	333.6
BCW-201173_03918	gnl|TC-DB|P0AE14|9.B.125.1.1	100.0	284	0	0	1	284	1	284	1.6e-160	561.6
BCW-201173_03919	gnl|TC-DB|P15993|2.A.3.1.3	100.0	456	0	0	1	456	2	457	6.0e-255	875.9
BCW-201173_03929	gnl|TC-DB|P0AA95|8.A.2.1.3	100.0	102	0	0	1	102	14	115	2.1e-54	207.6
BCW-201173_03930	gnl|TC-DB|P36649|1.B.76.1.8	100.0	516	0	0	1	516	1	516	5.7e-294	1005.7
BCW-201173_03933	gnl|TC-DB|Q8F8H7|2.A.53.3.8	46.6	193	102	1	2	193	539	731	1.3e-53	206.1
BCW-201173_03934	gnl|TC-DB|P36879|3.A.1.105.17	100.0	308	0	0	1	308	1	308	4.3e-172	600.1
BCW-201173_03935	gnl|TC-DB|P0AFN6|3.A.1.105.17	100.0	256	0	0	1	256	1	256	5.0e-142	500.0
BCW-201173_03946	gnl|TC-DB|P33129|1.B.11.3.3	99.9	865	1	0	1	865	1	865	0.0e+00	1730.7
BCW-201173_03978	gnl|TC-DB|B7NA39|1.E.2.1.10	100.0	108	0	0	1	108	1	108	2.3e-59	224.2
BCW-201173_04002	gnl|TC-DB|P02932|1.B.1.1.2	100.0	351	0	0	1	351	1	351	2.9e-204	707.2
BCW-201173_04014	gnl|TC-DB|P76298|1.A.104.1.1	40.7	573	320	8	10	578	133	689	3.4e-109	392.1
BCW-201173_04027	gnl|TC-DB|P0AEX3|2.A.1.6.2	100.0	432	0	0	1	432	1	432	5.5e-242	832.8
BCW-201173_04036	gnl|TC-DB|P38101|2.A.76.1.4	100.0	195	0	0	1	195	1	195	2.4e-104	374.4
BCW-201173_04038	gnl|TC-DB|O00571|1.I.1.1.3	33.1	366	226	5	3	350	179	543	2.8e-47	186.0
BCW-201173_04040	gnl|TC-DB|F9VN10|3.D.10.1.4	35.3	538	310	14	8	521	5	528	5.2e-72	268.5
BCW-201173_04060	gnl|TC-DB|Q9KN48|3.A.23.1.1	44.4	261	134	1	108	368	176	425	1.7e-57	219.9
BCW-201173_04066	gnl|TC-DB|P77269|3.A.1.2.27	100.0	327	0	0	1	327	1	327	7.8e-180	625.9
BCW-201173_04067	gnl|TC-DB|P77509|3.A.1.2.27	100.0	503	0	0	1	503	1	503	1.3e-282	968.0
BCW-201173_04068	gnl|TC-DB|P77315|3.A.1.2.27	100.0	332	0	0	1	332	1	332	3.5e-151	530.8
BCW-201173_04078	gnl|TC-DB|Q47142|2.A.1.27.1	100.0	379	0	0	1	379	1	379	4.0e-212	733.4
BCW-201173_04088	gnl|TC-DB|P44669|9.A.41.1.1	69.4	617	187	2	1	616	1	616	1.5e-232	802.0
BCW-201173_04102	gnl|TC-DB|P77774|1.B.33.1.3	99.7	392	1	0	1	392	1	392	8.1e-200	692.6
BCW-201173_04115	gnl|TC-DB|P71185|3.A.7.4.1	59.9	252	100	1	13	264	4	254	1.5e-56	216.1
BCW-201173_04117	gnl|TC-DB|P71187|3.A.7.4.1	47.4	228	119	1	13	240	18	244	3.2e-54	209.1
BCW-201173_04125	gnl|TC-DB|P64545|9.B.209.1.1	100.0	57	0	0	1	57	7	63	3.9e-26	112.8
BCW-201173_04133	gnl|TC-DB|P0AGM7|2.A.40.1.1	100.0	429	0	0	1	429	1	429	2.2e-230	794.3
BCW-201173_04137	gnl|TC-DB|P0AFI9|2.A.86.1.1	100.0	353	0	0	1	353	1	353	8.7e-177	615.9
BCW-201173_04138	gnl|TC-DB|P77733|1.A.16.1.2	99.6	282	1	0	1	282	1	282	3.0e-156	547.4
BCW-201173_04139	gnl|TC-DB|Q9KN48|3.A.23.1.1	38.7	336	199	3	244	572	83	418	1.3e-56	217.6
BCW-201173_04141	gnl|TC-DB|P77668|3.D.1.9.1	100.0	252	0	0	1	252	1	252	1.4e-149	525.0
BCW-201173_04142	gnl|TC-DB|P77423|3.D.1.9.1	100.0	181	0	0	1	181	1	181	1.5e-87	318.5
BCW-201173_04143	gnl|TC-DB|P77329|3.D.1.9.1	100.0	555	0	0	1	555	1	555	0.0e+00	1137.9
BCW-201173_04144	gnl|TC-DB|P77437|3.D.1.9.1	100.0	526	0	0	1	526	1	526	1.5e-281	964.5
BCW-201173_04145	gnl|TC-DB|P0AEW1|3.D.1.9.1	100.0	216	0	0	1	216	1	216	1.3e-111	398.7
BCW-201173_04146	gnl|TC-DB|P77416|3.D.1.9.1	100.0	479	0	0	1	479	1	479	1.2e-264	908.3
BCW-201173_04147	gnl|TC-DB|P77858|3.D.1.9.1	100.0	315	0	0	1	315	1	315	1.3e-168	588.6
BCW-201173_04148	gnl|TC-DB|P23482|3.D.1.9.1	99.6	672	3	0	1	672	1	672	0.0e+00	1211.4
BCW-201173_04149	gnl|TC-DB|P23481|3.D.1.9.1	100.0	205	0	0	1	205	1	205	6.1e-122	433.0
BCW-201173_04153	gnl|TC-DB|P0A903|1.B.33.1.3	100.0	344	0	0	1	344	1	344	4.2e-192	666.8
BCW-201173_04162	gnl|TC-DB|P24177|2.A.6.2.7	99.9	1037	1	0	1	1037	1	1037	0.0e+00	1979.5
BCW-201173_04164	gnl|TC-DB|P0AAK3|3.D.1.9.2	38.4	185	82	4	1	158	1	180	2.4e-31	133.7
BCW-201173_04178	gnl|TC-DB|P39180|1.B.12.8.2	99.1	1039	9	0	1	1039	1	1039	0.0e+00	1344.3
BCW-201173_04190	gnl|TC-DB|P33011|2.A.85.7.1	100.0	352	0	0	1	352	1	352	1.1e-200	695.3
BCW-201173_04194	gnl|TC-DB|Q8FLY1|9.B.102.1.12	60.9	69	27	0	6	74	417	485	2.2e-21	97.4
BCW-201173_04195	gnl|TC-DB|P33015|9.B.102.1.2	99.1	334	3	0	1	334	19	352	8.8e-187	649.0
BCW-201173_04196	gnl|TC-DB|P0AA47|2.A.3.1.14	100.0	452	0	0	1	452	1	452	1.1e-253	871.7
BCW-201173_04226	gnl|TC-DB|P77377|2.A.66.2.7	98.8	492	6	0	1	492	1	492	6.9e-257	882.5
BCW-201173_04227	gnl|TC-DB|G0CIY2|9.B.18.1.1	37.4	465	264	10	19	464	28	484	1.2e-77	287.0
BCW-201173_04240	gnl|TC-DB|P76387|8.A.3.3.2	99.2	720	6	0	1	720	1	720	0.0e+00	1363.6
BCW-201173_04242	gnl|TC-DB|P0A930|1.B.18.3.1	100.0	379	0	0	1	379	1	379	8.9e-220	758.8
BCW-201173_04243	gnl|TC-DB|L5DDD7|2.A.109.2.3	98.3	527	9	0	1	527	370	896	4.8e-288	986.1
BCW-201173_04244	gnl|TC-DB|P28249|9.B.22.2.1	99.7	617	2	0	1	617	1	617	0.0e+00	1209.9
BCW-201173_04247	gnl|TC-DB|Q1J0W6|9.B.34.1.1	36.5	167	94	4	675	840	190	345	4.9e-16	83.6
BCW-201173_04255	gnl|TC-DB|P76397|8.A.1.6.2	99.0	415	4	0	41	455	1	415	2.6e-213	737.6
BCW-201173_04256	gnl|TC-DB|P76398|2.A.6.2.12	100.0	1040	0	0	1	1040	1	1040	0.0e+00	1908.3
BCW-201173_04257	gnl|TC-DB|P76399|2.A.6.2.12	99.6	1025	4	0	1	1025	1	1025	0.0e+00	1913.3
BCW-201173_04258	gnl|TC-DB|P36554|2.A.1.3.26	99.4	471	3	0	1	471	1	471	8.1e-255	875.5
BCW-201173_04273	gnl|TC-DB|P21345|2.A.23.1.1	99.8	437	1	0	1	437	1	437	9.0e-232	798.9
BCW-201173_04276	gnl|TC-DB|Q9I3N2|9.B.14.1.7	45.3	411	221	2	2	411	34	441	9.8e-87	317.4
BCW-201173_04277	gnl|TC-DB|P31077|5.A.3.5.2	37.4	313	185	3	9	317	11	316	9.3e-45	177.2
BCW-201173_04278	gnl|TC-DB|P31076|5.A.3.5.2	54.8	188	81	3	36	221	4	189	6.1e-59	223.8
BCW-201173_04281	gnl|TC-DB|P31552|4.C.1.1.6	24.8	529	364	15	90	616	21	517	7.0e-31	132.1
BCW-201173_04282	gnl|TC-DB|P0AF54|9.B.136.1.1	100.0	104	0	0	1	104	1	104	1.2e-54	208.4
BCW-201173_04283	gnl|TC-DB|P32705|2.A.21.7.2	100.0	549	0	0	1	549	1	549	2.1e-302	1033.9
BCW-201173_04285	gnl|TC-DB|P32703|2.A.36.3.1	99.8	549	1	0	1	549	1	549	1.0e-296	1015.0
BCW-201173_04286	gnl|TC-DB|P0AF52|2.A.40.7.5	100.0	449	0	0	1	449	1	449	2.6e-234	807.4
BCW-201173_04307	gnl|TC-DB|P28303|2.A.66.1.4	100.0	441	0	0	1	441	19	459	1.7e-238	821.2
BCW-201173_04317	gnl|TC-DB|P02943|1.B.3.1.1	100.0	446	0	0	1	446	1	446	4.1e-272	932.9
BCW-201173_04318	gnl|TC-DB|P68187|3.A.1.1.1	100.0	371	0	0	1	371	1	371	3.9e-212	733.4
BCW-201173_04320	gnl|TC-DB|P0AEX9|3.A.1.1.1	100.0	396	0	0	1	396	1	396	3.1e-231	797.0
BCW-201173_04321	gnl|TC-DB|P02916|3.A.1.1.1	100.0	514	0	0	1	514	1	514	7.7e-299	1021.9
BCW-201173_04322	gnl|TC-DB|P68183|3.A.1.1.1	100.0	296	0	0	1	296	1	296	1.0e-162	568.9
BCW-201173_04323	gnl|TC-DB|P0AGF4|2.A.1.1.3	100.0	491	0	0	1	491	1	491	2.4e-281	963.8
BCW-201173_04325	gnl|TC-DB|D8EPC3|1.B.14.16.4	99.9	698	1	0	1	698	1	698	0.0e+00	1439.5
BCW-201173_04334	gnl|TC-DB|P0AF43|2.A.58.2.1	100.0	543	0	0	1	543	1	543	5.8e-289	989.2
BCW-201173_04348	gnl|TC-DB|P63340|2.A.42.2.5	100.0	409	0	0	1	409	1	409	1.2e-217	751.9
BCW-201173_04352	gnl|TC-DB|P0AE24|2.A.1.1.2	100.0	472	0	0	1	472	1	472	5.8e-261	896.0
BCW-201173_04357	gnl|TC-DB|P31119|4.C.1.1.16	100.0	719	0	0	1	719	1	719	0.0e+00	1435.2
BCW-201173_04358	gnl|TC-DB|P39196|2.A.1.42.1	100.0	397	0	0	1	397	1	397	2.8e-216	747.3
BCW-201173_04359	gnl|TC-DB|P0A9T4|8.A.5.1.5	100.0	346	0	0	1	346	1	346	5.0e-201	696.4
BCW-201173_04361	gnl|TC-DB|L5DDD7|2.A.109.2.3	51.3	226	108	1	5	228	372	597	2.2e-59	225.3
BCW-201173_04365	gnl|TC-DB|Q9HY55|4.A.2.1.17	37.5	566	338	7	170	733	402	953	5.2e-86	315.5
BCW-201173_04375	gnl|TC-DB|Q6MDD6|3.A.7.16.1	26.1	556	332	11	41	590	219	701	3.3e-38	156.4
BCW-201173_04393	gnl|TC-DB|P11551|2.A.1.7.1	100.0	438	0	0	1	438	1	438	6.4e-246	845.9
BCW-201173_04398	gnl|TC-DB|P0AAD6|2.A.42.2.1	100.0	429	0	0	1	429	1	429	8.5e-235	808.9
BCW-201173_04405	gnl|TC-DB|C4ZZU4|2.A.1.14.40	100.0	450	0	0	1	450	1	450	4.0e-259	889.8
BCW-201173_04408	gnl|TC-DB|Q93N33|2.A.21.9.2	31.6	275	161	9	265	522	752	1016	2.1e-20	97.8
BCW-201173_04420	gnl|TC-DB|F4TJX1|2.A.1.52.2	98.4	425	7	0	1	425	1	425	6.9e-237	815.8
BCW-201173_04423	gnl|TC-DB|Q46909|2.A.1.1.95	100.0	445	0	0	25	469	1	445	6.0e-250	859.4
BCW-201173_04433	gnl|TC-DB|H3LJ26|1.E.53.1.6	86.0	50	7	0	1	50	1	50	1.4e-16	80.9
