BCW-200078_00009	gnl|TC-DB|A4TAS9|2.A.77.1.4	43.2	155	87	1	47	200	101	255	8.2e-23	103.6
BCW-200078_00019	gnl|TC-DB|Q7UHP7|9.A.47.2.1	39.9	321	190	3	61	379	107	426	7.7e-60	227.6
BCW-200078_00028	gnl|TC-DB|Q54806|2.A.1.3.5	37.7	162	96	3	2	160	4	163	1.5e-21	99.4
BCW-200078_00050	gnl|TC-DB|A4QD95|3.A.1.106.4	34.6	607	379	6	6	612	654	1242	7.1e-81	298.1
BCW-200078_00051	gnl|TC-DB|O53645|3.A.1.106.6	33.2	591	367	7	19	609	9	571	1.7e-63	240.4
BCW-200078_00057	gnl|TC-DB|O05435|2.A.66.4.4	28.3	568	361	15	60	617	30	561	2.0e-27	120.6
BCW-200078_00062	gnl|TC-DB|C5C9P9|1.E.34.1.8	97.1	307	9	0	1	307	1	307	2.2e-136	481.5
BCW-200078_00064	gnl|TC-DB|H2GZC3|3.A.1.122.11	50.9	226	99	4	36	261	3	216	2.8e-47	185.3
BCW-200078_00069	gnl|TC-DB|O32081|2.A.38.4.3	41.4	420	241	4	5	424	24	438	3.8e-73	271.9
BCW-200078_00070	gnl|TC-DB|P39760|2.A.38.4.4	35.5	211	134	2	20	228	6	216	1.4e-37	152.9
BCW-200078_00071	gnl|TC-DB|D6ZSR9|1.A.1.5.25	43.8	224	123	2	5	225	15	238	5.0e-45	177.6
BCW-200078_00075	gnl|TC-DB|O53687|3.A.24.3.1	39.6	217	129	2	901	1116	339	554	1.3e-40	165.2
BCW-200078_00079	gnl|TC-DB|P77735|8.A.5.1.6	38.2	319	183	5	1	312	1	312	1.3e-46	183.3
BCW-200078_00089	gnl|TC-DB|Q24HY8|3.A.2.1.4	58.8	481	197	1	39	518	55	535	9.5e-162	566.6
BCW-200078_00090	gnl|TC-DB|P0ABA6|3.A.2.1.1	33.6	286	184	2	9	294	8	287	4.6e-38	154.8
BCW-200078_00091	gnl|TC-DB|P50002|3.A.2.1.5	62.5	464	170	2	19	482	6	465	2.7e-160	561.6
BCW-200078_00094	gnl|TC-DB|A4VGV1|1.C.113.1.3	33.7	208	125	6	31	233	6	205	3.0e-16	82.0
BCW-200078_00096	gnl|TC-DB|Q64XM9|9.B.104.3.2	35.5	141	86	3	61	197	39	178	3.6e-16	81.6
BCW-200078_00111	gnl|TC-DB|657066864|9.B.143.3.3	45.9	246	129	2	3	244	8	253	3.8e-46	181.4
BCW-200078_00141	gnl|TC-DB|P31552|4.C.1.1.6	25.5	385	239	15	1	374	170	517	5.2e-16	82.0
BCW-200078_00144	gnl|TC-DB|D9X7X8|2.A.1.3.38	36.0	431	244	6	2	421	16	425	3.5e-51	199.1
BCW-200078_00153	gnl|TC-DB|Q99ZY3|3.A.1.34.1	48.6	222	114	0	22	243	25	246	7.2e-51	197.2
BCW-200078_00154	gnl|TC-DB|Q99ZY4|3.A.1.34.1	41.5	277	158	2	1	276	2	275	9.3e-48	187.2
BCW-200078_00157	gnl|TC-DB|M5B8T3|2.A.102.6.1	42.7	218	121	2	40	253	11	228	3.5e-36	148.7
BCW-200078_00162	gnl|TC-DB|O31137|2.A.1.21.3	36.9	398	250	1	4	401	13	409	2.5e-66	249.2
BCW-200078_00163	gnl|TC-DB|Q53712|3.A.1.120.3	39.0	515	289	12	23	520	43	549	5.8e-71	265.0
BCW-200078_00181	gnl|TC-DB|A0QQH3|2.A.4.1.5	33.0	300	183	5	1	298	1	284	6.8e-40	161.0
BCW-200078_00190	gnl|TC-DB|O30085|3.A.3.5.10	46.7	638	332	6	93	727	58	690	1.0e-142	503.8
BCW-200078_00204	gnl|TC-DB|P0A2L3|9.A.40.1.2	32.7	245	161	2	48	292	48	288	1.6e-36	149.8
BCW-200078_00213	gnl|TC-DB|P60752|3.A.1.106.1	30.1	475	306	9	135	598	119	578	4.3e-43	172.6
BCW-200078_00227	gnl|TC-DB|S5Y5N9|2.A.80.1.4	82.6	499	86	1	1	498	1	499	1.9e-225	778.1
BCW-200078_00228	gnl|TC-DB|S5XH28|2.A.80.1.4	55.8	165	63	1	22	186	34	188	6.0e-44	173.7
BCW-200078_00229	gnl|TC-DB|S5XTE7|2.A.80.1.4	59.9	329	129	2	6	334	8	333	6.7e-110	393.7
BCW-200078_00247	gnl|TC-DB|P0AA67|2.A.7.3.6	34.2	281	175	3	4	284	14	284	3.1e-26	115.5
BCW-200078_00268	gnl|TC-DB|I1HMH4|2.A.109.1.6	39.9	178	102	2	67	241	136	311	2.2e-27	119.4
BCW-200078_00269	gnl|TC-DB|F0N2E7|2.A.109.1.2	39.0	287	159	6	6	280	11	293	1.2e-52	203.8
BCW-200078_00270	gnl|TC-DB|O68106|3.A.1.23.8	33.9	248	148	5	9	248	16	255	4.9e-20	94.7
BCW-200078_00280	gnl|TC-DB|Q47539|3.A.1.17.1	33.1	257	165	3	33	282	10	266	1.6e-27	119.8
BCW-200078_00282	gnl|TC-DB|P38045|3.A.1.16.1	43.0	244	123	3	39	275	20	254	2.0e-46	182.6
BCW-200078_00295	gnl|TC-DB|Q9V0A4|3.B.1.1.5	35.3	516	296	13	40	534	20	518	3.6e-73	272.3
BCW-200078_00319	gnl|TC-DB|P75957|3.A.1.125.1	43.2	222	126	0	20	241	5	226	8.5e-49	190.3
BCW-200078_00320	gnl|TC-DB|Q03RZ6|3.A.1.122.13	23.7	414	295	10	20	424	263	664	5.7e-13	72.0
BCW-200078_00324	gnl|TC-DB|Q8XT32|2.A.66.1.36	28.9	443	300	6	7	439	4	441	8.1e-13	71.6
BCW-200078_00334	gnl|TC-DB|P06202|3.A.1.5.1	22.4	460	313	16	132	582	85	509	8.2e-13	72.0
BCW-200078_00338	gnl|TC-DB|Q9F3K7|3.A.1.3.24	59.8	251	91	1	20	260	3	253	7.2e-75	276.9
BCW-200078_00339	gnl|TC-DB|P0AER5|3.A.1.3.4	42.2	225	116	5	55	271	5	223	1.0e-31	133.7
BCW-200078_00340	gnl|TC-DB|Q8YSA2|3.A.1.3.17	31.0	226	150	5	45	265	24	248	8.0e-21	97.4
BCW-200078_00343	gnl|TC-DB|Q9FI56|3.A.9.1.2	45.5	883	397	13	1	864	94	911	4.0e-199	691.4
BCW-200078_00376	gnl|TC-DB|G4NXA5|1.A.33.1.4	57.3	621	252	8	1	618	1	611	2.5e-179	625.2
BCW-200078_00387	gnl|TC-DB|Q9S215|3.A.1.14.22	48.2	112	55	1	2	113	173	281	6.5e-25	109.8
BCW-200078_00428	gnl|TC-DB|Q8NS49|2.A.21.7.3	66.4	541	172	1	10	540	11	551	1.4e-189	659.1
BCW-200078_00438	gnl|TC-DB|H8E4X1|9.B.18.1.2	43.5	513	271	8	6	506	14	519	1.9e-108	389.4
BCW-200078_00439	gnl|TC-DB|Q2PGB8|3.A.1.120.5	36.1	510	298	9	1	499	1	493	1.9e-70	263.5
BCW-200078_00460	gnl|TC-DB|Q8NNK2|3.D.4.4.2	29.8	272	146	7	16	245	42	310	4.9e-29	124.8
BCW-200078_00461	gnl|TC-DB|Q79VD7|3.D.4.4.2	65.6	524	177	2	30	551	29	551	3.1e-216	747.7
BCW-200078_00480	gnl|TC-DB|F8FLY7|3.A.1.147.2	35.7	238	148	1	29	261	1	238	5.7e-43	171.0
BCW-200078_00496	gnl|TC-DB|P31552|4.C.1.1.6	28.4	489	323	7	27	496	36	516	4.4e-49	192.2
BCW-200078_00497	gnl|TC-DB|Q79VF1|1.A.11.1.3	41.6	428	218	9	7	407	9	431	8.5e-70	260.8
BCW-200078_00500	gnl|TC-DB|P25694|3.A.16.1.2	46.7	229	106	5	211	437	457	671	4.8e-47	185.7
BCW-200078_00507	gnl|TC-DB|P21345|2.A.23.1.1	31.0	445	269	9	22	449	7	430	1.3e-45	180.6
BCW-200078_00508	gnl|TC-DB|Q8NN75|2.A.15.1.7	49.7	596	291	4	38	633	27	613	7.5e-166	580.5
BCW-200078_00510	gnl|TC-DB|P66842|3.A.5.2.2	53.2	406	175	5	6	397	17	421	1.6e-97	352.8
BCW-200078_00511	gnl|TC-DB|L8FFP2|2.A.1.2.95	46.7	411	202	3	13	416	18	418	7.6e-90	327.4
BCW-200078_00534	gnl|TC-DB|O50454|3.A.1.1.31	53.9	395	171	4	1	391	1	388	2.0e-106	382.5
BCW-200078_00535	gnl|TC-DB|O50453|3.A.1.1.31	56.0	277	116	3	26	300	2	274	1.7e-80	295.8
BCW-200078_00536	gnl|TC-DB|O50452|3.A.1.1.31	47.9	282	140	3	31	312	21	295	1.6e-63	239.6
BCW-200078_00539	gnl|TC-DB|P42954|3.A.1.104.1	39.0	200	121	1	52	251	38	236	2.4e-39	159.1
BCW-200078_00556	gnl|TC-DB|H2JXL4|3.A.1.19.3	37.6	322	182	5	46	349	34	354	1.3e-58	223.4
BCW-200078_00557	gnl|TC-DB|P0AGM0|2.A.86.1.2	28.4	317	218	2	37	351	13	322	1.4e-27	120.6
BCW-200078_00561	gnl|TC-DB|Q9RK12|3.A.1.14.13	32.1	305	186	9	53	346	52	346	4.3e-30	128.6
BCW-200078_00573	gnl|TC-DB|V1CIA4|2.A.120.1.11	28.8	368	224	10	29	369	16	372	7.9e-22	101.3
BCW-200078_00577	gnl|TC-DB|P75831|3.A.1.122.1	41.3	223	123	3	3	222	4	221	1.3e-40	162.9
BCW-200078_00582	gnl|TC-DB|B8ZT62|9.B.14.3.4	43.2	241	133	2	4	241	87	326	1.8e-43	172.6
BCW-200078_00594	gnl|TC-DB|Q8NSN1|3.A.1.24.4	38.8	294	167	5	7	293	6	293	1.1e-47	186.8
BCW-200078_00609	gnl|TC-DB|H2JXL5|3.A.1.19.3	51.0	539	241	9	5	535	3	526	2.7e-108	389.0
BCW-200078_00615	gnl|TC-DB|Q79VE0|2.A.15.1.2	44.7	539	290	3	13	550	18	549	4.1e-126	448.7
BCW-200078_00631	gnl|TC-DB|L7KTB5|2.A.102.3.2	46.7	150	79	1	1	149	102	251	5.5e-27	117.1
BCW-200078_00636	gnl|TC-DB|A0JSP2|9.B.74.1.2	36.0	211	129	4	137	342	446	655	3.6e-24	109.0
BCW-200078_00654	gnl|TC-DB|P45394|2.A.19.5.1	33.3	231	141	4	1	229	70	289	4.4e-15	78.6
BCW-200078_00663	gnl|TC-DB|Q9KZE5|3.A.1.106.9	65.1	599	209	0	20	618	17	615	4.0e-193	671.0
BCW-200078_00670	gnl|TC-DB|B2TCH9|2.A.89.3.1	33.7	306	157	9	2	279	88	375	6.8e-23	104.4
BCW-200078_00677	gnl|TC-DB|X5GWN5|3.D.10.1.6	45.0	202	107	3	62	262	56	254	2.0e-45	179.1
BCW-200078_00678	gnl|TC-DB|X5H3P0|3.D.10.1.6	48.7	594	278	7	4	591	11	583	7.8e-154	540.4
BCW-200078_00697	gnl|TC-DB|Q1J2S8|2.A.53.3.13	56.1	467	197	5	33	497	24	484	7.9e-123	437.2
BCW-200078_00710	gnl|TC-DB|P30145|2.A.25.1.2	40.7	442	258	2	43	484	1	438	1.1e-90	330.5
BCW-200078_00712	gnl|TC-DB|P33015|9.B.102.1.2	51.7	344	165	1	1	344	1	343	8.1e-96	347.1
BCW-200078_00713	gnl|TC-DB|Q8FLY1|9.B.102.1.12	62.5	72	27	0	4	75	415	486	8.1e-24	105.5
BCW-200078_00723	gnl|TC-DB|Q83MP3|2.A.103.1.7	43.7	428	239	1	9	436	13	438	2.6e-99	359.0
BCW-200078_00726	gnl|TC-DB|P31552|4.C.1.1.6	24.1	553	343	16	85	615	20	517	1.3e-24	111.3
BCW-200078_00732	gnl|TC-DB|Q4KCN4|9.B.62.1.5	28.9	582	312	14	7	513	11	565	1.1e-55	214.2
BCW-200078_00753	gnl|TC-DB|P25737|2.A.3.1.2	62.0	474	178	2	21	492	7	480	6.1e-176	613.6
BCW-200078_00759	gnl|TC-DB|P75892|2.A.40.1.3	47.9	426	197	6	12	418	7	426	1.2e-90	330.1
BCW-200078_00770	gnl|TC-DB|P55072|3.A.16.1.1	43.7	231	129	1	161	390	472	702	3.7e-54	209.5
BCW-200078_00799	gnl|TC-DB|Q8CR56|2.A.120.1.1	33.9	336	222	0	9	344	7	342	3.5e-50	195.7
BCW-200078_00803	gnl|TC-DB|Q9F2U9|2.A.3.3.17	42.7	288	150	1	1	288	125	397	3.2e-42	168.7
BCW-200078_00813	gnl|TC-DB|O30085|3.A.3.5.10	46.0	641	332	8	59	693	58	690	1.0e-139	493.8
BCW-200078_00827	gnl|TC-DB|B5U2Z3|2.A.75.1.4	48.5	200	100	2	2	199	3	201	1.2e-45	179.5
BCW-200078_00831	gnl|TC-DB|P0ABK2|3.D.4.3.2	31.9	361	207	6	3	324	5	365	6.7e-41	164.5
BCW-200078_00832	gnl|TC-DB|P0ABJ9|3.D.4.3.2	31.2	539	287	9	1	495	2	500	1.4e-66	250.4
BCW-200078_00844	gnl|TC-DB|Q7WTY8|3.A.1.7.2	34.8	325	202	6	50	367	52	373	2.2e-45	179.5
BCW-200078_00850	gnl|TC-DB|Q7UQ81|9.B.146.1.1	30.2	367	207	13	5	355	11	344	7.0e-23	104.8
BCW-200078_00859	gnl|TC-DB|P07001|3.D.2.1.1	30.1	335	197	8	1	309	1	324	1.6e-27	120.2
BCW-200078_00878	gnl|TC-DB|Q9WXW0|3.A.1.2.18	41.2	296	169	3	144	435	24	318	4.0e-54	208.8
BCW-200078_00882	gnl|TC-DB|A0M015|1.A.62.2.1	31.8	192	128	3	16	206	8	197	6.0e-18	88.2
BCW-200078_00884	gnl|TC-DB|P43531|2.A.1.36.1	36.2	376	240	0	26	401	30	405	9.6e-58	220.7
BCW-200078_00895	gnl|TC-DB|Q9XCS1|3.A.1.15.7	39.3	219	130	2	29	244	19	237	1.5e-38	156.4
BCW-200078_00896	gnl|TC-DB|O33704|3.A.1.15.3	30.3	267	179	5	4	266	1	264	1.2e-17	87.0
BCW-200078_00897	gnl|TC-DB|P96116|3.A.1.15.8	29.8	285	174	10	7	281	38	306	1.7e-18	89.7
BCW-200078_00898	gnl|TC-DB|Q2J9P5|3.A.1.125.3	45.3	159	34	1	3	108	77	235	3.5e-28	120.6
BCW-200078_00907	gnl|TC-DB|P96483|3.A.1.1.23	69.1	376	98	3	1	358	1	376	3.2e-142	501.1
BCW-200078_00909	gnl|TC-DB|Q9X0T1|3.A.1.1.22	30.9	375	250	4	67	438	22	390	7.1e-51	198.0
BCW-200078_00911	gnl|TC-DB|Q8NTP7|2.A.78.1.2	44.6	112	55	1	2	113	3	107	5.6e-16	80.1
BCW-200078_00912	gnl|TC-DB|Q8NTP8|2.A.78.1.2	55.6	187	79	1	12	194	16	202	1.0e-50	196.8
BCW-200078_00916	gnl|TC-DB|P48664|2.A.23.2.8	28.5	263	175	6	152	405	265	523	2.4e-11	66.6
BCW-200078_00917	gnl|TC-DB|Q45461|3.A.1.12.3	35.8	215	124	3	3	212	6	211	1.7e-26	115.9
BCW-200078_00918	gnl|TC-DB|Q8ZPK4|3.A.1.12.14	50.2	301	136	4	11	308	2	291	5.2e-78	287.7
BCW-200078_00919	gnl|TC-DB|Q45461|3.A.1.12.3	34.8	198	127	1	52	249	15	210	2.2e-25	112.5
BCW-200078_00920	gnl|TC-DB|Q87WH3|3.A.1.12.10	40.4	272	154	5	66	332	28	296	3.8e-49	191.8
BCW-200078_00949	gnl|TC-DB|Q2FLJ8|3.A.3.1.8	32.7	196	131	1	5	200	4	198	3.5e-25	111.7
BCW-200078_00951	gnl|TC-DB|Q8VRK4|3.A.11.1.3	33.9	168	92	2	6	173	175	323	8.3e-14	73.6
BCW-200078_00965	gnl|TC-DB|P0A6W3|9.B.146.1.6	39.2	357	185	10	5	357	27	355	3.6e-56	215.3
BCW-200078_00984	gnl|TC-DB|Q830Z1|3.A.3.25.3	54.0	87	40	0	3	89	159	245	5.4e-17	84.3
BCW-200078_00989	gnl|TC-DB|Q9X2F5|3.A.1.1.22	47.2	218	114	1	111	328	617	833	6.0e-47	184.5
BCW-200078_00990	gnl|TC-DB|P02916|3.A.1.1.1	35.0	511	291	11	50	538	19	510	4.5e-71	265.4
BCW-200078_01030	gnl|TC-DB|Q0PBV6|9.A.40.2.2	24.5	343	236	6	5	334	23	355	4.9e-20	95.1
BCW-200078_01031	gnl|TC-DB|Q0PBV6|9.A.40.2.2	29.4	405	282	4	8	410	23	425	1.4e-41	167.2
BCW-200078_01038	gnl|TC-DB|Q8NSN2|3.A.1.24.4	54.7	316	141	2	1	316	45	358	1.1e-90	329.7
BCW-200078_01039	gnl|TC-DB|Q8NSN3|3.A.1.24.4	60.4	217	86	0	9	225	6	222	1.6e-70	262.3
BCW-200078_01048	gnl|TC-DB|P97046|3.A.1.117.1	31.7	208	127	3	11	214	356	552	7.7e-22	100.5
BCW-200078_01061	gnl|TC-DB|P69451|4.C.1.1.4	30.6	549	347	12	7	526	9	552	1.3e-54	210.7
BCW-200078_01077	gnl|TC-DB|Q57079|3.B.1.1.2	55.0	522	222	3	6	527	1	509	7.2e-159	557.0
BCW-200078_01112	gnl|TC-DB|P0A5Z2|3.A.5.2.2	54.6	441	194	4	1	435	1	441	4.1e-128	454.5
BCW-200078_01123	gnl|TC-DB|P34712|3.A.1.201.14	28.1	231	143	7	10	231	1081	1297	4.3e-16	81.6
BCW-200078_01128	gnl|TC-DB|C5CBD2|2.A.117.1.8	97.8	179	4	0	1	179	1	179	9.1e-90	325.9
BCW-200078_01144	gnl|TC-DB|Q5SMG8|1.A.26.1.2	38.0	337	201	5	116	448	115	447	3.4e-48	189.1
BCW-200078_01146	gnl|TC-DB|O34691|2.A.1.82.4	33.2	425	250	8	46	469	9	400	4.0e-44	175.6
BCW-200078_01153	gnl|TC-DB|Q53712|3.A.1.120.3	34.4	524	309	10	2	498	33	548	1.4e-66	250.4
BCW-200078_01160	gnl|TC-DB|Q52000|2.A.1.6.3	44.4	205	114	0	18	222	11	215	4.5e-47	184.5
BCW-200078_01164	gnl|TC-DB|Q5L082|9.A.5.2.1	54.5	442	197	4	11	452	1	438	3.2e-123	438.3
BCW-200078_01171	gnl|TC-DB|P31552|4.C.1.1.6	29.2	462	298	10	26	471	69	517	5.8e-43	171.8
BCW-200078_01194	gnl|TC-DB|E3IZF4|9.B.62.3.2	34.7	757	406	10	2	709	28	745	4.2e-96	349.0
BCW-200078_01205	gnl|TC-DB|Q9FI56|3.A.9.1.2	57.6	823	326	6	1	813	94	903	1.2e-264	909.1
BCW-200078_01206	gnl|TC-DB|A9WMF7|1.A.22.1.9	50.0	132	63	1	1	129	1	132	1.8e-29	125.2
BCW-200078_01211	gnl|TC-DB|P42964|2.A.55.3.2	51.5	377	180	3	36	411	18	392	2.5e-98	355.5
BCW-200078_01233	gnl|TC-DB|K9YXY1|8.A.3.1.2	31.8	440	274	8	34	455	314	745	2.9e-39	159.5
BCW-200078_01236	gnl|TC-DB|P33950|3.A.1.5.27	27.6	522	341	11	48	553	39	539	8.7e-54	208.0
BCW-200078_01237	gnl|TC-DB|W0WN20|3.A.1.5.39	46.2	333	178	1	1	332	1	333	1.3e-73	273.1
BCW-200078_01238	gnl|TC-DB|W0WMS8|3.A.1.5.39	46.0	224	120	1	102	325	75	297	4.8e-44	174.9
BCW-200078_01239	gnl|TC-DB|Q9F9T4|3.A.1.5.23	46.6	558	280	7	22	569	16	565	2.4e-123	439.1
BCW-200078_01240	gnl|TC-DB|Q93JK1|2.A.55.3.4	53.7	415	188	3	25	436	34	447	7.7e-122	433.7
BCW-200078_01273	gnl|TC-DB|P15078|2.A.114.1.1	50.5	683	333	3	38	718	6	685	2.1e-180	629.0
BCW-200078_01278	gnl|TC-DB|P0A630|3.A.1.7.4	41.1	316	169	7	7	307	4	317	3.5e-52	201.8
BCW-200078_01279	gnl|TC-DB|Q7WTY6|3.A.1.7.2	42.7	314	147	5	81	391	24	307	1.3e-56	216.9
BCW-200078_01280	gnl|TC-DB|P0C560|3.A.1.7.2	74.5	259	65	1	1	259	1	258	2.9e-113	404.4
BCW-200078_01281	gnl|TC-DB|Q9RJ23|2.A.20.1.6	30.3	330	214	7	5	332	8	323	1.2e-21	100.5
BCW-200078_01292	gnl|TC-DB|Q939U6|5.A.1.2.7	34.6	217	132	4	22	229	9	224	3.3e-21	98.6
BCW-200078_01301	gnl|TC-DB|Q9L1B4|2.A.1.3.19	39.5	468	271	4	7	466	30	493	2.3e-79	292.7
BCW-200078_01314	gnl|TC-DB|Q47085|3.A.1.14.4	52.9	87	41	0	6	92	251	337	2.5e-17	84.3
BCW-200078_01322	gnl|TC-DB|Q9ZK21|1.C.82.1.1	51.4	208	101	0	17	224	19	226	2.5e-55	211.8
BCW-200078_01324	gnl|TC-DB|Q8NRL8|2.A.22.4.3	56.7	487	211	0	18	504	34	520	5.2e-144	507.7
BCW-200078_01337	gnl|TC-DB|A0QQH3|2.A.4.1.5	45.5	297	155	4	1	297	1	290	7.0e-58	220.7
BCW-200078_01341	gnl|TC-DB|C1A6K8|3.A.1.147.1	38.3	206	127	0	26	231	7	212	6.0e-34	141.4
BCW-200078_01349	gnl|TC-DB|A1R564|2.A.1.67.2	46.8	464	213	1	1	464	1	430	9.3e-94	340.5
BCW-200078_01352	gnl|TC-DB|B1XKD9|2.A.27.2.1	24.6	468	305	9	5	430	2	463	2.1e-21	100.1
BCW-200078_01358	gnl|TC-DB|Q99ZY6|3.A.1.34.1	33.1	287	184	5	43	325	40	322	5.4e-35	144.8
BCW-200078_01370	gnl|TC-DB|P64711|2.A.75.1.3	42.2	90	52	0	344	433	99	188	1.5e-13	73.9
BCW-200078_01372	gnl|TC-DB|Q02592|3.A.1.210.2	40.4	361	182	4	258	609	491	827	3.4e-59	226.1
BCW-200078_01374	gnl|TC-DB|Q9K0A9|2.A.28.2.4	46.5	297	157	1	26	320	15	311	2.8e-60	228.8
BCW-200078_01376	gnl|TC-DB|Q9AK33|2.A.69.3.1	44.4	144	79	1	19	162	164	306	6.5e-26	113.6
BCW-200078_01380	gnl|TC-DB|P9WG63|5.A.1.2.9	33.0	179	113	4	39	210	408	586	1.2e-20	98.2
BCW-200078_01388	gnl|TC-DB|P76460|2.A.73.1.1	40.0	437	251	5	26	458	4	433	1.7e-79	293.1
BCW-200078_01403	gnl|TC-DB|P48243|3.A.1.3.9	73.0	244	64	1	31	274	1	242	2.8e-98	354.8
BCW-200078_01404	gnl|TC-DB|P48242|3.A.1.3.9	47.4	232	108	6	52	272	45	273	5.1e-45	177.9
BCW-200078_01405	gnl|TC-DB|P48244|3.A.1.3.9	45.6	228	119	2	4	226	1	228	2.3e-45	178.7
BCW-200078_01411	gnl|TC-DB|Q50635|3.A.5.2.2	34.9	321	198	4	11	322	51	369	7.0e-46	181.0
BCW-200078_01439	gnl|TC-DB|B8GAY6|1.E.14.1.7	43.8	112	62	1	1	112	2	112	7.6e-16	79.7
BCW-200078_01451	gnl|TC-DB|D7V8E7|1.A.8.2.6	53.4	232	97	3	6	234	11	234	2.7e-60	228.4
BCW-200078_01551	gnl|TC-DB|F4K2G0|3.D.1.8.1	45.6	158	66	5	18	171	103	244	2.0e-28	122.1
BCW-200078_01564	gnl|TC-DB|Q1LAJ7|3.A.3.6.27	39.2	635	350	10	31	633	195	825	2.4e-95	346.3
BCW-200078_01566	gnl|TC-DB|Q939U6|5.A.1.2.7	37.1	221	119	7	23	228	9	224	3.6e-28	121.7
BCW-200078_01570	gnl|TC-DB|P13512|2.A.4.1.1	40.9	296	170	3	1	294	1	293	2.5e-47	185.7
BCW-200078_01582	gnl|TC-DB|Q53712|3.A.1.120.3	35.8	544	323	12	15	549	43	569	1.1e-61	234.2
BCW-200078_01597	gnl|TC-DB|Q0PBV6|9.A.40.2.2	31.5	337	225	4	8	339	23	358	6.9e-41	164.5
BCW-200078_01598	gnl|TC-DB|Q0PBV6|9.A.40.2.2	29.1	423	296	3	4	426	24	442	1.4e-46	183.7
BCW-200078_01609	gnl|TC-DB|Q3C2E8|9.B.76.1.1	69.6	441	127	2	1	440	1	435	1.8e-165	578.9
BCW-200078_01612	gnl|TC-DB|Q9RJ69|2.A.64.2.2	38.0	276	156	2	1	261	16	291	1.7e-44	176.0
BCW-200078_01613	gnl|TC-DB|P27844|2.A.7.7.2	39.7	287	171	1	39	325	8	292	5.6e-48	188.0
BCW-200078_01615	gnl|TC-DB|D3Q871|2.A.1.21.11	31.3	409	220	17	20	402	17	390	6.5e-17	85.1
BCW-200078_01619	gnl|TC-DB|P69451|4.C.1.1.4	29.2	554	362	12	22	569	23	552	1.1e-59	227.6
BCW-200078_01633	gnl|TC-DB|I1WBQ5|9.B.142.5.1	38.1	514	286	12	44	540	39	537	2.3e-88	322.8
BCW-200078_01634	gnl|TC-DB|Q9XIA9|4.C.1.1.14	25.6	583	380	15	65	610	92	657	4.3e-38	156.0
BCW-200078_01637	gnl|TC-DB|P54104|2.A.26.1.3	44.2	434	233	3	1	429	1	430	3.4e-88	322.0
BCW-200078_01649	gnl|TC-DB|P37643|2.A.1.6.10	36.9	428	258	4	10	425	3	430	1.4e-78	290.0
BCW-200078_01668	gnl|TC-DB|H2GZC4|3.A.1.122.11	43.1	385	171	10	1	381	1	341	1.5e-65	246.5
BCW-200078_01694	gnl|TC-DB|D3LPG3|2.A.86.1.6	96.3	405	15	0	1	405	324	728	8.2e-187	649.4
BCW-200078_01695	gnl|TC-DB|D3LPG3|2.A.86.1.6	95.8	239	7	1	1	239	1	236	5.4e-133	470.3
BCW-200078_01702	gnl|TC-DB|E3IZF4|9.B.62.3.2	32.3	266	146	8	20	259	470	727	2.8e-21	99.0
BCW-200078_01708	gnl|TC-DB|Q8EG39|2.A.8.1.6	48.9	184	93	1	22	205	270	452	1.2e-37	152.9
BCW-200078_01709	gnl|TC-DB|Q8EG39|2.A.8.1.6	42.2	256	128	5	7	259	4	242	1.9e-46	182.6
BCW-200078_01738	gnl|TC-DB|P06609|3.A.1.13.1	29.5	275	185	5	57	326	56	326	5.0e-17	85.1
BCW-200078_01740	gnl|TC-DB|P07821|3.A.1.14.3	40.4	250	147	1	4	251	14	263	1.1e-48	189.9
BCW-200078_01749	gnl|TC-DB|O53656|2.A.86.1.7	26.9	335	242	2	13	346	6	338	3.7e-13	72.4
BCW-200078_01756	gnl|TC-DB|F6FW65|2.A.7.21.7	29.7	343	208	8	26	343	4	338	1.5e-19	93.6
BCW-200078_01760	gnl|TC-DB|B2IXR4|2.A.5.5.6	35.0	237	141	3	5	229	11	246	3.1e-29	125.2
BCW-200078_01766	gnl|TC-DB|Q05839|8.A.9.1.1	28.9	515	295	14	21	525	109	562	9.1e-57	218.0
BCW-200078_01788	gnl|TC-DB|P77389|2.A.1.2.65	36.2	373	238	0	51	423	7	379	4.6e-50	195.3
BCW-200078_01793	gnl|TC-DB|B1MHH7|3.A.3.5.31	48.1	803	328	9	15	817	9	722	2.2e-170	595.9
BCW-200078_01803	gnl|TC-DB|O31711|3.A.1.122.2	42.0	181	105	0	46	226	31	211	1.6e-35	146.0
BCW-200078_01826	gnl|TC-DB|Q60248|3.A.1.120.4	48.5	163	71	4	2	164	380	529	1.1e-26	116.3
BCW-200078_01829	gnl|TC-DB|Q8NU75|4.B.1.1.5	57.4	216	86	3	4	217	7	218	1.6e-65	245.7
BCW-200078_01847	gnl|TC-DB|Q6MMD5|9.B.18.2.1	36.5	529	310	8	66	574	90	612	7.4e-80	294.7
BCW-200078_01850	gnl|TC-DB|H8E4X1|9.B.18.1.2	31.5	200	123	1	43	228	319	518	1.2e-22	103.6
BCW-200078_01861	gnl|TC-DB|P38134|8.A.3.3.1	30.6	304	185	4	153	434	404	703	2.8e-31	132.9
BCW-200078_01868	gnl|TC-DB|A0L4L0|3.A.1.132.3	37.5	253	137	3	82	327	91	329	7.7e-37	151.0
BCW-200078_01888	gnl|TC-DB|Q9RCA5|2.A.9.3.5	28.6	255	125	6	8	262	43	240	2.5e-16	82.8
BCW-200078_01919	gnl|TC-DB|P46912|3.D.3.4.1	29.3	229	135	3	16	234	4	215	1.0e-25	114.8
BCW-200078_01922	gnl|TC-DB|Q9AEL8|3.D.4.4.2	52.6	194	78	3	1	192	24	205	5.6e-45	177.2
BCW-200078_01925	gnl|TC-DB|C5CCA2|9.B.185.1.6	94.9	138	7	0	1	138	1	138	1.1e-66	248.8
BCW-200078_01932	gnl|TC-DB|Q7W0Q7|2.A.1.46.1	53.1	207	95	1	18	222	186	392	2.2e-46	182.2
BCW-200078_01937	gnl|TC-DB|Q1J1H5|2.A.23.1.9	48.9	411	177	5	25	403	8	417	5.3e-94	341.3
BCW-200078_01956	gnl|TC-DB|P0ADM0|9.B.51.1.1	40.9	110	64	1	30	139	7	115	2.7e-12	68.2
BCW-200078_01973	gnl|TC-DB|P43672|3.A.1.120.6	33.7	501	328	3	17	516	15	512	2.6e-82	302.8
BCW-200078_02016	gnl|TC-DB|Q8DU36|3.A.1.2.12	30.1	335	201	8	58	377	30	346	4.9e-32	135.2
BCW-200078_02022	gnl|TC-DB|P43440|2.A.38.4.1	34.0	447	277	7	55	491	13	451	1.2e-54	210.7
BCW-200078_02023	gnl|TC-DB|O32080|2.A.38.4.3	37.3	212	132	1	11	221	6	217	1.5e-36	149.4
BCW-200078_02027	gnl|TC-DB|Q07711|3.A.7.7.1	22.3	597	371	19	46	609	46	582	4.4e-18	90.1
BCW-200078_02036	gnl|TC-DB|P37643|2.A.1.6.10	53.5	437	187	4	32	468	20	440	3.5e-120	428.3
BCW-200078_02040	gnl|TC-DB|Q5KYD1|2.A.17.1.7	42.1	480	270	4	39	510	16	495	2.4e-98	355.9
BCW-200078_02043	gnl|TC-DB|P31466|2.A.40.7.6	33.6	464	267	8	20	481	12	436	1.4e-58	223.8
BCW-200078_02045	gnl|TC-DB|A4QAL6|2.A.47.1.12	48.5	544	209	10	48	566	28	525	1.2e-124	443.4
BCW-200078_02054	gnl|TC-DB|Q60248|3.A.1.120.4	31.1	521	325	9	23	525	27	531	7.1e-53	204.9
BCW-200078_02057	gnl|TC-DB|Q42524|4.C.1.1.7	26.0	366	233	11	113	449	202	558	1.7e-20	97.1
BCW-200078_02076	gnl|TC-DB|O30085|3.A.3.5.10	50.5	645	306	7	76	719	58	690	3.2e-152	535.4
BCW-200078_02080	gnl|TC-DB|X2BJI2|2.A.103.1.4	38.4	359	221	0	44	402	59	417	5.6e-61	231.5
BCW-200078_02089	gnl|TC-DB|O50455|1.A.35.3.5	33.5	373	196	7	1	361	34	366	7.1e-49	191.0
BCW-200078_02094	gnl|TC-DB|A3T1V5|2.A.59.2.1	36.7	305	156	4	2	274	29	328	5.7e-30	127.9
BCW-200078_02099	gnl|TC-DB|B9DIS8|9.B.97.5.1	24.0	391	272	11	29	403	14	395	7.9e-20	95.5
BCW-200078_02109	gnl|TC-DB|P71067|2.A.14.1.3	39.5	564	304	9	12	550	12	563	1.2e-92	337.0
BCW-200078_02134	gnl|TC-DB|Q45068|2.A.25.1.5	49.2	461	222	6	16	476	13	461	1.4e-113	406.4
BCW-200078_02167	gnl|TC-DB|Q2BM69|3.A.1.17.4	41.5	224	107	1	9	208	15	238	2.3e-43	172.2
BCW-200078_02172	gnl|TC-DB|E1H0W3|2.A.89.3.2	36.8	171	108	0	1	171	57	227	2.0e-20	95.5
BCW-200078_02179	gnl|TC-DB|C5C6P3|2.A.1.24.5	94.8	440	23	0	1	440	1	440	3.8e-222	766.9
BCW-200078_02180	gnl|TC-DB|Q52978|2.A.63.1.1	36.7	973	537	25	60	1011	77	991	2.6e-120	429.9
BCW-200078_02181	gnl|TC-DB|Q7AJW0|2.A.63.1.2	40.6	106	60	2	4	108	1	104	1.9e-13	72.4
BCW-200078_02182	gnl|TC-DB|Q9KD98|2.A.63.1.2	38.5	517	291	5	8	521	1	493	1.0e-91	334.0
BCW-200078_02185	gnl|TC-DB|A2RKA7|3.A.1.2.17	48.2	496	253	4	3	495	7	501	6.2e-126	447.6
BCW-200078_02194	gnl|TC-DB|O05229|2.A.63.1.4	28.7	557	315	10	9	554	6	491	5.6e-53	205.3
BCW-200078_02196	gnl|TC-DB|Q52978|2.A.63.1.1	34.9	930	538	18	27	909	61	970	4.1e-104	375.9
BCW-200078_02204	gnl|TC-DB|P66966|3.A.1.5.26	44.8	154	85	0	353	506	171	324	1.7e-32	137.1
BCW-200078_02205	gnl|TC-DB|Q9F9T5|3.A.1.5.23	50.5	301	127	5	37	337	27	305	5.0e-56	214.9
BCW-200078_02222	gnl|TC-DB|B1MHH7|3.A.3.5.31	53.1	753	307	6	8	750	6	722	6.2e-196	680.6
BCW-200078_02233	gnl|TC-DB|Q8NQC8|2.A.59.1.7	64.6	362	125	1	1	362	23	381	5.1e-132	467.2
BCW-200078_02235	gnl|TC-DB|P80874|8.A.5.1.4	34.3	204	117	5	12	201	16	216	5.4e-25	111.3
BCW-200078_02236	gnl|TC-DB|D5ARG8|2.A.88.1.3	47.7	172	72	5	42	204	8	170	2.6e-30	128.6
BCW-200078_02237	gnl|TC-DB|F0SWZ6|3.A.1.18.3	34.5	223	119	8	25	240	265	467	1.2e-18	90.1
BCW-200078_02242	gnl|TC-DB|Q9KXM5|3.A.3.23.1	42.4	363	198	3	1	358	435	791	1.3e-66	250.0
BCW-200078_02257	gnl|TC-DB|Q1D0J8|1.A.23.7.2	34.2	365	218	8	49	399	185	541	1.1e-37	154.5
BCW-200078_02269	gnl|TC-DB|Q5JEG6|4.F.1.3.1	37.6	194	105	7	1	192	1	180	2.7e-13	72.0
BCW-200078_02276	gnl|TC-DB|P69451|4.C.1.1.4	24.2	484	288	11	50	502	52	487	4.9e-26	115.9
BCW-200078_02278	gnl|TC-DB|Q6ADZ6|4.F.1.1.7	52.9	191	87	1	10	200	1	188	2.4e-46	181.8
BCW-200078_02279	gnl|TC-DB|P21458|3.A.12.1.1	49.8	496	229	6	4	493	299	780	1.0e-126	450.3
BCW-200078_02282	gnl|TC-DB|E8MFM3|3.A.1.135.6	42.1	579	299	5	106	679	58	605	6.0e-121	431.4
BCW-200078_02283	gnl|TC-DB|J6RCW6|3.A.1.135.7	40.6	577	329	5	12	585	2	567	2.0e-109	392.9
BCW-200078_02285	gnl|TC-DB|Q6MNF2|2.A.102.4.11	40.4	265	127	5	8	256	9	258	4.1e-30	128.3
