BCW-200115_00002	gnl|TC-DB|960774168|1.M.1.3.7	49.3	75	38	0	30	104	7	81	6.3e-17	83.2
BCW-200115_00008	gnl|TC-DB|Q8VRK4|3.A.11.1.3	34.3	289	169	7	75	360	59	329	8.0e-32	134.4
BCW-200115_00012	gnl|TC-DB|P0AGI8|2.A.38.1.1	81.9	458	83	0	1	458	1	458	4.2e-216	746.9
BCW-200115_00013	gnl|TC-DB|P0A742|1.A.22.1.1	80.5	133	25	1	1	133	1	132	2.3e-53	204.5
BCW-200115_00022	gnl|TC-DB|P0AGA2|3.A.5.1.1	94.6	443	24	0	1	443	1	443	1.7e-233	804.7
BCW-200115_00076	gnl|TC-DB|P0AG96|3.A.5.1.1	75.6	123	30	0	1	123	1	123	4.8e-45	176.8
BCW-200115_00079	gnl|TC-DB|Q9ZK21|1.C.82.1.1	52.4	227	108	0	3	229	4	230	9.8e-60	226.5
BCW-200115_00087	gnl|TC-DB|W0WFC6|2.A.25.1.9	33.3	462	283	9	1	455	1	444	1.9e-57	219.9
BCW-200115_00094	gnl|TC-DB|M3JA40|1.B.52.2.1	33.5	185	95	3	357	520	283	460	6.7e-16	82.0
BCW-200115_00096	gnl|TC-DB|Q9KLQ5|3.A.1.20.2	43.2	287	147	1	2	272	5	291	3.5e-66	248.4
BCW-200115_00116	gnl|TC-DB|Q9Z625|1.B.12.1.3	40.0	508	226	8	517	957	460	955	2.5e-101	366.7
BCW-200115_00130	gnl|TC-DB|P35837|1.K.4.1.1	57.3	255	79	3	1	247	1	233	1.7e-33	139.4
BCW-200115_00132	gnl|TC-DB|Q01074|1.A.45.1.1	59.2	228	92	1	4	231	3	229	1.0e-64	243.0
BCW-200115_00133	gnl|TC-DB|Q01076|1.A.45.1.1	35.5	251	160	1	1	249	1	251	5.9e-32	135.2
BCW-200115_00141	gnl|TC-DB|P0AFZ7|2.A.38.1.1	82.0	483	87	0	1	483	1	483	3.2e-230	793.9
BCW-200115_00150	gnl|TC-DB|P69423|2.A.64.1.1	76.4	237	56	0	1	237	1	237	2.3e-99	358.2
BCW-200115_00151	gnl|TC-DB|P69425|2.A.64.1.1	62.6	115	35	1	1	115	1	107	3.2e-31	131.3
BCW-200115_00152	gnl|TC-DB|P69428|2.A.64.1.1	60.9	92	27	3	1	86	1	89	2.2e-17	84.3
BCW-200115_00164	gnl|TC-DB|P0ADP5|2.A.7.3.61	70.6	289	85	0	1	289	1	289	5.2e-114	407.1
BCW-200115_00165	gnl|TC-DB|P32703|2.A.36.3.1	71.1	547	158	0	1	547	1	547	4.0e-213	737.3
BCW-200115_00166	gnl|TC-DB|Q46817|2.A.40.7.7	77.0	447	100	2	3	448	11	455	3.1e-179	624.4
BCW-200115_00182	gnl|TC-DB|P32482|2.A.1.2.3	30.6	373	246	5	5	374	16	378	2.8e-35	146.0
BCW-200115_00208	gnl|TC-DB|Q9JY22|1.B.20.1.5	35.4	560	334	10	40	577	27	580	5.5e-88	321.6
BCW-200115_00209	gnl|TC-DB|Q0WCZ9|1.B.6.2.2	39.2	189	88	8	10	189	12	182	6.4e-25	110.5
BCW-200115_00228	gnl|TC-DB|P06972|3.A.1.14.3	32.7	663	416	10	6	650	5	655	1.8e-74	276.9
BCW-200115_00229	gnl|TC-DB|P15028|3.A.1.14.1	29.7	175	110	5	14	184	12	177	7.3e-15	77.8
BCW-200115_00230	gnl|TC-DB|P07821|3.A.1.14.3	43.0	244	139	0	2	245	12	255	2.3e-54	208.8
BCW-200115_00231	gnl|TC-DB|Q82VI7|1.B.14.1.10	33.5	690	426	12	29	691	141	824	1.9e-103	373.2
BCW-200115_00238	gnl|TC-DB|P08956|3.A.17.1.1	29.5	484	273	20	153	589	427	889	2.8e-37	153.7
BCW-200115_00241	gnl|TC-DB|D7A5Z9|2.A.113.1.7	29.4	282	166	8	45	314	52	312	1.0e-17	87.4
BCW-200115_00243	gnl|TC-DB|M3JA40|1.B.52.2.1	34.3	181	105	3	474	640	280	460	4.8e-16	82.8
BCW-200115_00309	gnl|TC-DB|A8YQR5|3.A.23.2.1	37.0	422	259	6	121	539	92	509	9.0e-67	251.5
BCW-200115_00316	gnl|TC-DB|P76481|1.A.13.2.3	27.9	215	152	3	44	256	193	406	9.4e-19	91.3
BCW-200115_00359	gnl|TC-DB|P0AAD2|2.A.42.1.2	79.2	414	86	0	1	414	1	414	1.8e-189	658.3
BCW-200115_00363	gnl|TC-DB|P76352|2.A.66.1.23	24.1	444	316	6	9	439	40	475	2.9e-28	122.9
BCW-200115_00365	gnl|TC-DB|P94400|9.B.10.1.1	29.4	306	161	11	1	263	1	294	1.2e-23	107.1
BCW-200115_00366	gnl|TC-DB|Q8ZJY5|2.A.114.1.10	89.0	716	79	0	1	716	1	716	0.0e+00	1263.8
BCW-200115_00370	gnl|TC-DB|P27844|2.A.7.7.2	36.2	282	180	0	4	285	7	288	6.1e-46	181.0
BCW-200115_00408	gnl|TC-DB|F4K2G0|3.D.1.8.1	37.4	155	78	7	9	157	103	244	1.2e-14	76.3
BCW-200115_00413	gnl|TC-DB|P77504|3.A.1.122.15	53.6	809	365	2	1	807	1	801	2.5e-243	838.2
BCW-200115_00414	gnl|TC-DB|P0A9T8|3.A.1.122.15	74.1	228	59	0	1	228	1	228	7.5e-89	323.2
BCW-200115_00418	gnl|TC-DB|P0AA53|8.A.21.2.2	84.1	301	48	0	8	308	4	304	1.8e-101	365.5
BCW-200115_00425	gnl|TC-DB|B3WF86|3.A.1.134.8	35.5	214	117	4	1	204	1	203	3.8e-24	108.2
BCW-200115_00433	gnl|TC-DB|P15320|1.C.75.1.1	37.2	1617	914	16	1	1538	1	1594	4.8e-264	907.9
BCW-200115_00434	gnl|TC-DB|P16465|1.B.20.1.2	46.2	504	266	2	39	539	33	534	4.0e-123	438.3
BCW-200115_00436	gnl|TC-DB|Q59385|3.A.3.5.5	72.1	841	221	3	73	912	7	834	0.0e+00	1132.1
BCW-200115_00443	gnl|TC-DB|P39830|2.A.37.1.5	70.9	547	157	1	2	548	3	547	5.0e-209	723.8
BCW-200115_00456	gnl|TC-DB|P77338|1.A.23.1.1	45.7	1126	586	7	14	1135	11	1115	5.5e-265	910.6
BCW-200115_00459	gnl|TC-DB|P0AE06|8.A.1.6.1	58.2	395	162	2	1	392	1	395	4.8e-123	437.6
BCW-200115_00460	gnl|TC-DB|P31224|2.A.6.2.2	73.6	1049	273	2	1	1048	1	1046	0.0e+00	1490.7
BCW-200115_00464	gnl|TC-DB|P69681|1.A.11.1.1	61.8	414	158	0	14	427	14	427	1.0e-126	449.9
BCW-200115_00466	gnl|TC-DB|A7VN02|3.A.1.106.5	68.0	588	187	1	11	597	5	592	2.4e-219	758.1
BCW-200115_00467	gnl|TC-DB|A7VN01|3.A.1.106.5	71.8	579	163	0	1	579	1	579	5.3e-240	826.6
BCW-200115_00472	gnl|TC-DB|Q57134|3.A.11.2.2	40.0	110	64	1	1	108	1	110	1.3e-14	75.5
BCW-200115_00481	gnl|TC-DB|P0AE16|2.A.1.25.2	62.6	487	176	2	9	494	9	490	4.5e-171	597.4
BCW-200115_00482	gnl|TC-DB|P45564|1.B.10.3.1	59.0	256	99	4	1	252	1	254	3.0e-86	314.7
BCW-200115_00483	gnl|TC-DB|P0ABJ1|3.D.4.5.1	62.6	310	115	1	3	311	6	315	4.2e-106	380.9
BCW-200115_00484	gnl|TC-DB|P0ABI8|3.D.4.5.1	82.8	663	114	0	1	663	1	663	0.0e+00	1156.7
BCW-200115_00485	gnl|TC-DB|P0ABJ3|3.D.4.5.1	70.7	205	58	2	1	204	1	204	3.4e-80	294.3
BCW-200115_00486	gnl|TC-DB|P0ABJ6|3.D.4.5.1	68.8	109	33	1	1	109	1	108	4.4e-34	140.2
BCW-200115_00488	gnl|TC-DB|P77726|2.A.1.2.60	61.9	452	172	0	1	452	1	452	4.6e-154	540.8
BCW-200115_00502	gnl|TC-DB|P0AG93|2.A.6.4.1	77.4	323	72	1	1	322	1	323	4.4e-135	477.2
BCW-200115_00503	gnl|TC-DB|P0AG90|2.A.6.4.1	78.6	604	129	0	1	604	12	615	6.7e-262	899.4
BCW-200115_00504	gnl|TC-DB|P0ADZ7|3.A.5.1.1	71.2	111	31	1	1	111	1	110	4.7e-36	146.7
BCW-200115_00509	gnl|TC-DB|P0AD99|2.A.26.1.10	67.1	435	141	2	1	435	1	433	4.0e-163	570.9
BCW-200115_00520	gnl|TC-DB|P31064|9.B.102.1.1	79.3	391	81	0	1	391	1	391	8.7e-189	656.0
BCW-200115_00526	gnl|TC-DB|P60782|9.B.31.1.1	80.7	202	39	0	1	202	1	202	1.2e-88	322.4
BCW-200115_00532	gnl|TC-DB|O06151|2.A.1.3.48	36.7	472	280	9	1	463	1	462	1.1e-67	253.8
BCW-200115_00544	gnl|TC-DB|T2K766|3.D.7.2.3	38.0	163	98	3	2	162	5	166	2.8e-21	98.2
BCW-200115_00545	gnl|TC-DB|T2K7N8|3.D.7.2.3	45.4	595	282	12	3	566	17	599	9.1e-144	506.9
BCW-200115_00547	gnl|TC-DB|P0AAJ3|5.A.3.2.1	28.0	264	153	7	40	301	33	261	6.9e-27	117.9
BCW-200115_00548	gnl|TC-DB|O67095|3.D.7.2.1	45.6	287	155	1	15	301	11	296	3.0e-74	275.4
BCW-200115_00555	gnl|TC-DB|H2D0G3|1.E.56.1.1	52.2	90	39	1	3	88	5	94	8.0e-18	85.9
BCW-200115_00563	gnl|TC-DB|P0C2W0|1.B.40.1.1	50.5	91	43	1	355	445	334	422	2.7e-18	89.7
BCW-200115_00567	gnl|TC-DB|P76264|2.A.107.1.1	59.4	187	74	1	1	187	1	185	1.2e-55	212.6
BCW-200115_00569	gnl|TC-DB|P69805|4.A.6.1.1	82.1	285	49	2	1	285	4	286	7.1e-129	456.4
BCW-200115_00570	gnl|TC-DB|P69801|4.A.6.1.1	84.2	266	41	1	1	265	1	266	2.3e-113	404.8
BCW-200115_00571	gnl|TC-DB|P69797|4.A.6.1.1	72.8	324	78	3	1	321	6	322	4.0e-120	427.6
BCW-200115_00580	gnl|TC-DB|P76278|9.B.62.1.4	35.3	292	177	5	10	298	7	289	3.3e-36	148.7
BCW-200115_00584	gnl|TC-DB|P23865|9.B.174.1.2	67.7	675	210	3	1	673	1	669	3.1e-263	904.0
BCW-200115_00597	gnl|TC-DB|Q8FA71|2.A.79.2.1	69.6	260	79	0	3	262	18	277	1.1e-104	375.9
BCW-200115_00604	gnl|TC-DB|P0ABK2|3.D.4.3.2	28.8	364	221	9	5	331	7	369	4.3e-32	135.2
BCW-200115_00605	gnl|TC-DB|P0ABJ9|3.D.4.3.2	30.6	503	276	7	4	437	2	500	7.9e-66	247.7
BCW-200115_00607	gnl|TC-DB|C6GYU4|2.A.76.1.9	27.2	195	130	3	5	190	6	197	1.0e-12	70.1
BCW-200115_00610	gnl|TC-DB|Q82VI7|1.B.14.1.10	39.3	690	377	13	61	723	150	824	6.6e-131	464.5
BCW-200115_00614	gnl|TC-DB|P0AFS1|3.A.1.2.8	33.1	272	170	4	45	309	39	305	2.7e-28	122.5
BCW-200115_00615	gnl|TC-DB|Q1M4Q8|3.A.1.2.16	33.8	317	193	5	19	323	35	346	4.8e-36	148.3
BCW-200115_00616	gnl|TC-DB|Q9X051|3.A.1.2.19	38.3	501	299	5	7	498	9	508	7.9e-99	357.5
BCW-200115_00619	gnl|TC-DB|P23849|2.A.38.1.6	61.5	486	186	1	1	486	1	485	5.8e-171	597.0
BCW-200115_00620	gnl|TC-DB|A8GHT9|2.A.1.36.2	60.7	382	150	0	21	402	20	401	2.3e-112	402.1
BCW-200115_00623	gnl|TC-DB|S5ZLG8|9.B.102.1.14	48.7	341	175	0	6	346	5	345	1.4e-92	336.3
BCW-200115_00632	gnl|TC-DB|P61320|1.B.46.1.1	52.5	200	92	2	8	206	7	204	1.1e-57	219.5
BCW-200115_00640	gnl|TC-DB|A1JRS3|2.A.53.3.9	75.0	563	140	1	1	563	1	562	1.4e-203	705.7
BCW-200115_00644	gnl|TC-DB|Q9S242|2.A.11.1.4	29.5	484	291	3	1	436	1	482	1.8e-54	209.9
BCW-200115_00646	gnl|TC-DB|P69367|2.A.1.2.21	72.9	398	108	0	1	398	1	398	2.4e-167	584.7
BCW-200115_00648	gnl|TC-DB|P37169|2.A.66.4.1	79.4	510	105	0	1	510	14	523	1.6e-227	785.0
BCW-200115_00649	gnl|TC-DB|P09836|2.A.1.4.4	54.7	437	197	1	1	436	1	437	3.4e-146	514.6
BCW-200115_00654	gnl|TC-DB|P67826|9.B.158.1.2	58.4	245	102	0	1	245	1	245	1.2e-82	302.8
BCW-200115_00666	gnl|TC-DB|P39832|3.A.1.15.5	81.8	258	47	0	1	258	1	258	2.3e-97	351.7
BCW-200115_00667	gnl|TC-DB|P0A9X1|3.A.1.15.5	70.1	231	69	0	1	231	1	231	6.2e-90	327.0
BCW-200115_00668	gnl|TC-DB|P39172|3.A.1.15.5	61.3	287	105	1	23	303	22	308	1.4e-93	339.3
BCW-200115_00669	gnl|TC-DB|B7L5V2|1.A.34.1.3	35.0	220	137	2	209	428	4	217	1.1e-35	147.5
BCW-200115_00678	gnl|TC-DB|P69213|2.A.7.1.9	66.7	111	37	0	2	112	3	113	2.5e-33	137.9
BCW-200115_00679	gnl|TC-DB|P69210|2.A.7.1.9	66.1	109	37	0	2	110	1	109	1.1e-34	142.1
BCW-200115_00681	gnl|TC-DB|P39141|2.A.41.1.2	41.0	393	229	3	1	392	1	391	4.0e-77	285.0
BCW-200115_00686	gnl|TC-DB|Q8XB73|5.B.7.1.1	45.1	175	96	0	10	184	11	185	3.1e-41	164.9
BCW-200115_00690	gnl|TC-DB|P76142|3.A.1.2.8	81.1	334	62	1	6	338	7	340	1.5e-157	552.0
BCW-200115_00691	gnl|TC-DB|P0AFS1|3.A.1.2.8	77.4	323	73	0	6	328	4	326	3.0e-134	474.6
BCW-200115_00692	gnl|TC-DB|P77672|3.A.1.2.8	74.8	326	82	0	1	326	1	326	2.1e-132	468.4
BCW-200115_00693	gnl|TC-DB|P77257|3.A.1.2.8	65.5	498	171	1	10	506	10	507	2.0e-182	635.2
BCW-200115_00700	gnl|TC-DB|P69451|4.C.1.1.4	76.3	558	132	0	1	558	1	558	8.5e-259	889.0
BCW-200115_00714	gnl|TC-DB|Q57399|3.A.1.14.11	40.3	238	141	1	9	246	13	249	1.6e-44	176.0
BCW-200115_00715	gnl|TC-DB|Q57130|3.A.1.14.11	41.4	324	186	1	11	334	13	332	9.2e-59	223.8
BCW-200115_00720	gnl|TC-DB|Q9KN48|3.A.23.1.1	37.7	337	190	4	190	507	193	528	1.2e-49	194.1
BCW-200115_00732	gnl|TC-DB|P0AAE5|2.A.3.2.8	73.4	462	120	1	1	462	1	459	6.7e-185	643.3
BCW-200115_00734	gnl|TC-DB|P07001|3.D.2.1.1	80.0	509	101	1	1	508	1	509	2.3e-226	781.2
BCW-200115_00735	gnl|TC-DB|P0AB67|3.D.2.1.1	84.4	463	71	1	1	463	1	462	5.4e-219	756.5
BCW-200115_00743	gnl|TC-DB|P19642|4.A.1.1.3	78.7	525	111	1	1	524	1	525	8.7e-237	815.8
BCW-200115_00754	gnl|TC-DB|P96668|2.A.7.3.24	63.8	287	104	0	8	294	1	287	8.2e-96	346.7
BCW-200115_00757	gnl|TC-DB|P36640|3.A.3.4.1	51.7	897	397	8	5	895	34	900	2.3e-250	861.7
BCW-200115_00762	gnl|TC-DB|P33015|9.B.102.1.2	39.0	331	191	3	1	321	5	334	1.8e-67	252.7
BCW-200115_00768	gnl|TC-DB|A3UWQ9|2.A.21.3.12	25.0	424	294	10	7	416	6	419	1.5e-25	114.0
BCW-200115_00774	gnl|TC-DB|P17315|1.B.14.1.4	20.3	723	452	24	31	715	27	663	1.7e-17	87.8
BCW-200115_00776	gnl|TC-DB|A8GDS7|3.A.1.14.16	37.4	278	167	4	49	323	55	328	2.9e-41	165.6
BCW-200115_00777	gnl|TC-DB|Q9A197|3.A.1.14.14	28.7	237	159	2	2	228	4	240	5.4e-24	107.8
BCW-200115_00784	gnl|TC-DB|D5CES3|2.A.7.1.10	46.1	102	55	0	1	102	1	102	5.8e-20	93.2
BCW-200115_00789	gnl|TC-DB|Q8G8W9|1.B.14.1.26	31.7	725	467	15	6	711	91	806	4.0e-88	322.4
BCW-200115_00793	gnl|TC-DB|B4WH09|2.A.6.3.5	39.9	1029	596	5	5	1021	4	1022	7.8e-202	700.7
BCW-200115_00796	gnl|TC-DB|P18776|5.A.3.3.2	53.4	193	88	2	14	206	4	194	1.0e-60	229.6
BCW-200115_00797	gnl|TC-DB|P18775|5.A.3.3.2	42.3	792	425	13	25	794	32	813	4.2e-171	598.2
BCW-200115_00809	gnl|TC-DB|P0A8S5|9.B.4.1.1	55.5	110	49	0	1	110	1	110	1.1e-29	125.6
BCW-200115_00810	gnl|TC-DB|P0AFJ7|2.A.20.1.1	72.0	500	135	3	1	496	1	499	1.1e-198	689.1
BCW-200115_00822	gnl|TC-DB|Q1R5P6|1.B.22.4.2	47.7	298	141	5	63	351	118	409	2.4e-65	245.7
BCW-200115_00833	gnl|TC-DB|P18775|5.A.3.3.2	79.7	809	161	2	8	816	8	813	0.0e+00	1368.6
BCW-200115_00834	gnl|TC-DB|P0AAJ1|5.A.3.3.1	83.4	205	34	0	1	205	1	205	1.3e-108	388.7
BCW-200115_00835	gnl|TC-DB|P18777|5.A.3.3.2	55.1	287	128	1	1	286	1	287	1.8e-79	292.4
BCW-200115_00839	gnl|TC-DB|Q2G2M9|3.A.1.106.2	37.6	221	135	2	348	565	356	576	2.1e-31	133.7
BCW-200115_00840	gnl|TC-DB|Q4Q4W3|3.A.1.210.12	31.8	327	198	9	235	539	347	670	1.1e-27	121.3
BCW-200115_00841	gnl|TC-DB|P42512|1.B.14.1.8	59.5	704	280	3	21	719	17	720	2.0e-252	868.2
BCW-200115_00844	gnl|TC-DB|Q9HWG8|2.A.1.57.1	53.7	397	181	2	1	395	1	396	6.1e-97	350.9
BCW-200115_00847	gnl|TC-DB|P31552|4.C.1.1.6	23.8	529	369	13	90	616	21	517	1.8e-26	117.5
BCW-200115_00848	gnl|TC-DB|P0AF54|9.B.136.1.1	57.8	102	43	0	1	102	1	102	3.0e-29	124.0
BCW-200115_00849	gnl|TC-DB|P32705|2.A.21.7.2	80.6	551	105	2	1	551	1	549	2.3e-240	827.8
BCW-200115_00852	gnl|TC-DB|P42915|1.B.11.3.6	29.1	819	543	17	31	832	40	837	4.1e-92	335.9
BCW-200115_00856	gnl|TC-DB|Q8EI43|2.A.35.2.2	27.4	492	331	9	7	481	11	493	2.7e-43	172.9
BCW-200115_00859	gnl|TC-DB|P0AA78|2.A.1.14.2	50.4	415	205	1	1	414	41	455	7.0e-120	427.2
BCW-200115_00865	gnl|TC-DB|Q9HV74|2.A.21.9.1	29.3	375	242	10	221	581	609	974	5.6e-35	145.6
BCW-200115_00866	gnl|TC-DB|Q9KN48|3.A.23.1.1	36.0	375	214	5	111	461	156	528	8.2e-58	221.1
BCW-200115_00869	gnl|TC-DB|P76460|2.A.73.1.1	84.1	440	70	0	1	440	1	440	3.0e-211	730.7
BCW-200115_00872	gnl|TC-DB|P37660|2.A.42.2.3	66.3	412	139	0	16	427	12	423	4.3e-154	540.8
BCW-200115_00874	gnl|TC-DB|Q9KN48|3.A.23.1.1	37.8	333	187	7	209	525	193	521	6.1e-52	201.8
BCW-200115_00876	gnl|TC-DB|P0C0L7|2.A.1.6.4	75.7	497	121	0	4	500	3	499	5.6e-222	766.5
BCW-200115_00883	gnl|TC-DB|G8WDN4|2.A.76.1.10	72.4	210	58	0	1	210	1	210	8.8e-84	306.2
BCW-200115_00886	gnl|TC-DB|P09391|9.B.104.1.1	48.7	273	135	3	1	272	1	269	8.9e-68	253.4
BCW-200115_00893	gnl|TC-DB|B5XTS7|9.A.8.1.10	72.0	775	212	4	1	773	1	772	0.0e+00	1084.7
BCW-200115_00894	gnl|TC-DB|B5XTS8|9.A.8.1.10	68.5	73	23	0	1	73	1	73	3.4e-22	100.1
BCW-200115_00899	gnl|TC-DB|P0AG82|3.A.1.7.1	81.2	346	65	0	1	346	1	346	9.2e-163	569.3
BCW-200115_00900	gnl|TC-DB|P0AGH8|3.A.1.7.1	86.8	317	42	0	1	317	1	317	2.5e-151	531.2
BCW-200115_00901	gnl|TC-DB|P07654|3.A.1.7.1	84.7	295	45	0	1	295	1	295	1.1e-137	485.7
BCW-200115_00902	gnl|TC-DB|P0AAH0|3.A.1.7.1	92.4	249	19	0	10	258	9	257	7.4e-133	469.5
BCW-200115_00907	gnl|TC-DB|P33341|1.B.11.3.11	34.6	837	516	10	9	836	12	826	2.7e-144	509.2
BCW-200115_00910	gnl|TC-DB|Q8RCC4|3.A.1.3.27	29.3	259	174	8	2	254	3	258	1.1e-22	103.6
BCW-200115_00911	gnl|TC-DB|Q8YPM8|3.A.1.3.18	38.2	220	129	3	22	234	82	301	9.4e-29	123.6
BCW-200115_00912	gnl|TC-DB|P0AEQ6|3.A.1.3.2	36.1	208	123	5	23	225	16	218	3.6e-23	105.1
BCW-200115_00913	gnl|TC-DB|P31466|2.A.40.7.6	78.3	443	92	1	2	444	6	444	4.7e-188	653.7
BCW-200115_00914	gnl|TC-DB|Q9S409|3.A.1.22.1	58.9	124	51	0	3	126	78	201	7.5e-36	146.4
BCW-200115_00916	gnl|TC-DB|Q9S411|3.A.1.22.1	64.8	199	70	0	1	199	1	199	6.3e-66	246.9
BCW-200115_00918	gnl|TC-DB|Q9S413|3.A.1.22.1	40.4	230	134	3	1	229	1	228	3.0e-45	178.3
BCW-200115_00920	gnl|TC-DB|P06129|1.B.14.3.1	53.7	626	265	7	7	626	8	614	4.9e-191	664.1
BCW-200115_00926	gnl|TC-DB|Q9I2M1|3.A.1.109.4	38.2	702	425	6	15	715	24	717	1.2e-121	433.7
BCW-200115_00927	gnl|TC-DB|Q9I2M0|3.A.1.109.4	41.8	366	208	4	38	400	29	392	1.4e-69	260.0
BCW-200115_00933	gnl|TC-DB|K1LZ89|1.B.6.1.14	41.9	124	69	2	418	541	517	637	4.0e-19	92.8
BCW-200115_00940	gnl|TC-DB|Q6EE14|3.A.23.2.1	47.2	895	415	4	6	900	6	842	1.3e-219	759.6
BCW-200115_00943	gnl|TC-DB|P33129|1.B.11.3.3	33.4	812	506	18	29	821	33	828	1.2e-110	397.5
BCW-200115_00945	gnl|TC-DB|Q6EE21|3.A.23.2.1	46.5	155	82	1	7	160	5	159	3.2e-34	141.4
BCW-200115_00946	gnl|TC-DB|Q6EE20|3.A.23.2.1	50.1	471	231	3	25	495	24	490	7.3e-137	483.8
BCW-200115_00949	gnl|TC-DB|Q9KN51|3.A.23.1.1	33.9	445	287	5	4	447	5	443	4.2e-75	278.5
BCW-200115_00951	gnl|TC-DB|Q9KN45|3.A.23.1.1	21.8	1230	804	37	76	1263	29	1142	5.7e-56	216.5
BCW-200115_00958	gnl|TC-DB|O31199|2.A.3.1.9	71.5	446	126	1	8	452	7	452	9.4e-184	639.4
BCW-200115_00969	gnl|TC-DB|B7LEG0|1.A.34.1.2	48.5	398	161	8	1	373	1	379	2.8e-77	285.4
BCW-200115_00979	gnl|TC-DB|Q41364|2.A.47.3.1	44.8	480	249	4	11	490	106	569	4.2e-113	404.8
BCW-200115_00985	gnl|TC-DB|Q01857|2.A.23.1.3	37.4	404	233	5	10	405	26	417	3.4e-66	248.8
BCW-200115_00995	gnl|TC-DB|Q05596|3.A.1.23.6	65.4	263	91	0	7	269	2	264	1.7e-98	355.5
BCW-200115_00996	gnl|TC-DB|Q05598|3.A.1.23.6	55.6	225	100	0	1	225	1	225	1.6e-67	252.3
BCW-200115_00997	gnl|TC-DB|O68104|3.A.1.23.8	46.0	87	45	1	2	88	4	88	1.0e-15	79.0
BCW-200115_00998	gnl|TC-DB|Q05594|3.A.1.23.6	74.8	238	60	0	1	238	3	240	7.8e-100	359.8
BCW-200115_01009	gnl|TC-DB|Q8PVB2|9.B.125.2.2	33.9	322	187	5	7	315	14	322	7.2e-37	151.0
BCW-200115_01021	gnl|TC-DB|Q01857|2.A.23.1.3	37.7	401	237	3	10	406	26	417	3.1e-67	252.3
BCW-200115_01026	gnl|TC-DB|P32135|2.A.1.52.1	77.3	414	93	1	1	414	1	413	2.2e-182	634.8
BCW-200115_01031	gnl|TC-DB|P76555|9.B.75.2.1	63.1	252	72	4	1	252	1	231	1.1e-83	306.2
BCW-200115_01039	gnl|TC-DB|P41796|9.A.28.1.1	78.6	374	75	1	1	374	1	369	4.4e-159	557.4
BCW-200115_01045	gnl|TC-DB|C4N8U0|3.D.6.1.2	34.7	277	162	4	8	277	119	383	1.5e-35	147.1
BCW-200115_01049	gnl|TC-DB|P17315|1.B.14.1.4	24.3	647	406	25	28	624	28	640	2.0e-25	114.0
BCW-200115_01055	gnl|TC-DB|Q46817|2.A.40.7.7	84.7	450	67	1	6	455	8	455	2.6e-197	684.5
BCW-200115_01065	gnl|TC-DB|Q89K67|2.A.55.2.6	51.5	439	195	7	8	444	24	446	8.7e-105	377.1
BCW-200115_01071	gnl|TC-DB|P0AAT4|1.A.23.4.5	31.9	404	249	5	9	397	17	409	2.9e-51	199.1
BCW-200115_01073	gnl|TC-DB|P02980|2.A.1.2.68	62.1	380	142	1	1	378	1	380	1.7e-125	445.7
BCW-200115_01077	gnl|TC-DB|O34691|2.A.1.82.4	62.1	393	148	1	14	406	8	399	6.6e-136	480.3
BCW-200115_01084	gnl|TC-DB|Q9KN48|3.A.23.1.1	41.3	363	205	5	253	613	171	527	3.5e-64	242.7
BCW-200115_01110	gnl|TC-DB|B0SM05|2.A.25.1.6	39.3	262	147	5	12	269	468	721	1.7e-46	183.0
BCW-200115_01111	gnl|TC-DB|P39285|1.A.23.1.3	57.3	1064	435	6	62	1120	58	1107	0.0e+00	1129.8
BCW-200115_01114	gnl|TC-DB|P42628|2.A.42.2.4	85.5	427	59	1	10	433	17	443	7.3e-202	699.5
BCW-200115_01117	gnl|TC-DB|Q5EAK4|2.A.16.2.2	28.7	341	188	11	44	347	1391	1713	2.3e-23	107.1
BCW-200115_01118	gnl|TC-DB|P27844|2.A.7.7.2	66.2	296	100	0	1	296	1	296	2.6e-113	404.8
BCW-200115_01120	gnl|TC-DB|P0ABI4|1.A.35.1.1	79.7	316	64	0	1	316	1	316	3.0e-144	507.7
BCW-200115_01127	gnl|TC-DB|P27838|9.B.21.2.1	65.7	105	36	0	1	105	1	105	7.3e-39	156.0
BCW-200115_01138	gnl|TC-DB|B6I4D1|9.B.128.1.1	72.4	450	117	1	1	450	1	443	6.5e-185	643.3
BCW-200115_01140	gnl|TC-DB|P0AAA7|2.A.66.2.3	72.7	417	113	1	1	417	1	416	1.6e-166	582.0
BCW-200115_01148	gnl|TC-DB|P0AC78|9.B.146.1.7	67.6	355	114	1	3	357	4	357	6.3e-122	433.7
BCW-200115_01149	gnl|TC-DB|P40290|3.A.6.1.1	27.8	252	160	5	157	396	148	389	3.8e-14	75.9
BCW-200115_01151	gnl|TC-DB|O00571|1.I.1.1.3	33.7	350	218	3	9	344	180	529	6.2e-52	201.4
BCW-200115_01183	gnl|TC-DB|P64564|9.A.4.1.2	48.3	178	88	1	1	178	1	174	3.1e-45	177.9
BCW-200115_01185	gnl|TC-DB|P24559|3.A.15.2.1	41.3	334	193	3	1	333	1	332	1.8e-62	236.1
BCW-200115_01202	gnl|TC-DB|Q56586|3.D.5.1.1	62.9	447	165	1	1	447	1	446	2.0e-162	568.5
BCW-200115_01203	gnl|TC-DB|Q56587|3.D.5.1.1	76.2	411	98	0	1	411	1	411	2.0e-188	654.8
BCW-200115_01204	gnl|TC-DB|Q56582|3.D.5.1.1	53.7	257	113	4	8	262	4	256	2.9e-76	281.6
BCW-200115_01205	gnl|TC-DB|Q57095|3.D.5.1.1	75.4	207	51	0	1	207	1	207	1.1e-81	299.3
BCW-200115_01206	gnl|TC-DB|Q56589|3.D.5.1.1	83.3	198	33	0	1	198	1	198	1.7e-89	325.1
BCW-200115_01207	gnl|TC-DB|Q56584|3.D.5.1.1	81.0	405	77	0	4	408	3	407	1.2e-198	688.7
BCW-200115_01209	gnl|TC-DB|D0WX40|3.D.5.1.1	56.6	76	30	1	3	75	1	76	1.8e-18	87.8
BCW-200115_01220	gnl|TC-DB|P31119|4.C.1.1.16	65.1	708	247	0	1	708	1	708	1.0e-280	962.2
BCW-200115_01221	gnl|TC-DB|P39196|2.A.1.42.1	68.1	386	123	0	7	392	11	396	9.3e-143	503.1
BCW-200115_01231	gnl|TC-DB|P0ABT9|2.A.7.3.26	58.8	296	118	1	1	296	1	292	2.2e-88	322.0
BCW-200115_01236	gnl|TC-DB|B2D7K2|3.A.23.1.1	38.1	504	292	7	15	499	4	506	7.6e-89	324.7
BCW-200115_01243	gnl|TC-DB|P37660|2.A.42.2.3	58.6	413	171	0	16	428	11	423	1.6e-140	495.7
BCW-200115_01250	gnl|TC-DB|Q8G8W9|1.B.14.1.26	21.8	711	474	29	24	685	105	782	3.9e-22	103.2
BCW-200115_01254	gnl|TC-DB|P31122|2.A.1.2.15	31.5	375	243	7	18	381	12	383	5.4e-29	125.2
BCW-200115_01256	gnl|TC-DB|D9X7X8|2.A.1.3.38	34.6	456	286	5	7	457	26	474	5.8e-51	198.4
BCW-200115_01261	gnl|TC-DB|P77389|2.A.1.2.65	58.1	358	150	0	1	358	1	358	1.7e-104	375.9
BCW-200115_01274	gnl|TC-DB|O50481|2.A.78.2.2	30.9	207	128	4	37	235	43	242	1.3e-11	66.6
BCW-200115_01277	gnl|TC-DB|Q8GRB0|3.A.1.14.8	36.7	226	138	3	14	235	16	240	8.2e-41	163.7
BCW-200115_01278	gnl|TC-DB|Q56992|3.A.1.14.5	37.0	281	173	3	77	354	53	332	1.2e-40	163.7
BCW-200115_01294	gnl|TC-DB|P39115|3.A.1.121.3	26.8	507	327	7	1	491	1	479	3.0e-49	193.0
BCW-200115_01298	gnl|TC-DB|Q9KN48|3.A.23.1.1	37.4	350	178	8	214	535	193	529	2.6e-47	186.4
BCW-200115_01310	gnl|TC-DB|P43531|2.A.1.36.1	58.0	400	168	0	18	417	18	417	1.6e-121	432.6
BCW-200115_01319	gnl|TC-DB|P39836|2.A.28.3.4	67.4	316	101	1	10	325	7	320	3.1e-112	401.4
BCW-200115_01321	gnl|TC-DB|P0A766|3.D.6.1.4	88.5	192	22	0	1	192	1	192	2.7e-87	317.8
BCW-200115_01322	gnl|TC-DB|P77223|3.D.6.1.4	72.0	189	52	1	1	188	1	189	9.1e-62	233.0
BCW-200115_01323	gnl|TC-DB|B2D7K2|3.A.23.1.1	37.5	506	296	7	104	590	4	508	3.8e-89	325.9
BCW-200115_01357	gnl|TC-DB|V2FAS1|2.A.7.17.1	50.5	297	140	2	4	297	1	293	1.6e-75	279.3
BCW-200115_01359	gnl|TC-DB|P0AAT4|1.A.23.4.5	59.1	396	158	2	21	415	21	413	2.7e-132	468.4
BCW-200115_01360	gnl|TC-DB|P0AET5|9.B.36.1.1	41.0	188	111	0	1	188	1	188	6.6e-30	127.1
BCW-200115_01362	gnl|TC-DB|Q1D212|2.A.78.2.3	36.9	241	123	2	7	218	9	249	1.4e-36	149.4
BCW-200115_01363	gnl|TC-DB|Q1D213|2.A.78.2.3	48.4	95	49	0	8	102	3	97	5.8e-15	76.6
BCW-200115_01384	gnl|TC-DB|Q83XH1|3.A.1.121.4	47.6	527	274	2	1	527	1	525	4.4e-140	494.6
BCW-200115_01386	gnl|TC-DB|P69937|2.A.7.1.4	54.8	104	47	0	1	104	1	104	1.1e-26	115.5
BCW-200115_01391	gnl|TC-DB|Q9XD84|1.B.12.8.3	32.6	307	204	3	828	1133	685	989	1.9e-39	161.4
BCW-200115_01397	gnl|TC-DB|P0AEJ0|2.A.1.3.2	79.1	488	102	0	2	489	4	491	5.7e-230	793.1
BCW-200115_01398	gnl|TC-DB|P27303|8.A.1.1.1	66.0	341	116	0	51	391	50	390	6.4e-120	427.2
BCW-200115_01400	gnl|TC-DB|P76628|2.A.1.36.3	60.2	379	151	0	10	388	8	386	1.5e-116	416.0
BCW-200115_01401	gnl|TC-DB|P0AFM2|3.A.1.12.1	69.6	329	99	1	1	329	1	328	8.3e-137	483.0
BCW-200115_01402	gnl|TC-DB|P14176|3.A.1.12.1	80.1	296	59	0	80	375	57	352	7.8e-131	463.4
BCW-200115_01403	gnl|TC-DB|P14175|3.A.1.12.1	75.9	398	96	0	1	398	1	398	1.1e-170	595.9
BCW-200115_01412	gnl|TC-DB|Q6SJ76|2.A.7.3.67	64.5	279	99	0	3	281	4	282	6.7e-95	343.6
BCW-200115_01418	gnl|TC-DB|P0ABG7|2.A.103.1.2	80.8	370	71	0	1	370	1	370	5.5e-166	580.1
BCW-200115_01427	gnl|TC-DB|P0ADC1|1.B.42.1.2	44.7	170	91	2	5	172	4	172	3.3e-34	141.4
BCW-200115_01429	gnl|TC-DB|P0AAG3|3.A.1.3.4	89.2	241	26	0	1	241	1	241	2.5e-119	424.5
BCW-200115_01430	gnl|TC-DB|P0AER5|3.A.1.3.4	79.8	223	45	0	1	223	1	223	1.2e-94	342.4
BCW-200115_01431	gnl|TC-DB|P0AER3|3.A.1.3.4	77.9	244	54	0	1	244	1	244	7.5e-103	369.8
BCW-200115_01432	gnl|TC-DB|P37902|3.A.1.3.4	79.5	288	59	0	9	296	13	300	2.8e-128	454.5
BCW-200115_01434	gnl|TC-DB|O33918|5.A.1.5.1	47.3	677	288	8	8	676	10	625	1.2e-163	573.2
BCW-200115_01438	gnl|TC-DB|P0A2L3|9.A.40.1.2	83.6	292	48	0	1	292	1	292	9.3e-140	492.7
BCW-200115_01452	gnl|TC-DB|P09323|4.A.1.1.2	49.3	690	295	7	1	677	1	648	1.0e-165	580.1
BCW-200115_01461	gnl|TC-DB|Q9V003|2.A.7.2.2	49.6	141	67	1	1	141	1	137	2.3e-27	118.2
BCW-200115_01464	gnl|TC-DB|Q9KMQ3|2.A.1.2.42	51.1	364	177	1	5	368	4	366	2.0e-86	315.8
BCW-200115_01469	gnl|TC-DB|X5H3P0|3.D.10.1.6	52.1	576	266	6	1	569	25	597	1.0e-166	583.2
BCW-200115_01470	gnl|TC-DB|X5GWN5|3.D.10.1.6	53.4	234	102	6	4	236	27	254	4.5e-68	254.2
BCW-200115_01475	gnl|TC-DB|P0ABJ9|3.D.4.3.2	83.1	514	87	0	1	514	1	514	4.6e-251	863.2
BCW-200115_01476	gnl|TC-DB|P0ABK2|3.D.4.3.2	70.5	380	111	1	1	380	1	379	5.7e-158	553.5
BCW-200115_01478	gnl|TC-DB|P0AAV0|8.A.79.1.1	55.7	88	39	0	6	93	9	96	3.9e-23	103.6
BCW-200115_01480	gnl|TC-DB|Q93AT6|2.A.1.3.21	28.1	367	249	8	51	409	1	360	1.3e-20	97.4
BCW-200115_01484	gnl|TC-DB|P0ABU9|1.A.30.2.2	85.4	226	33	0	1	226	1	226	2.0e-105	378.3
BCW-200115_01485	gnl|TC-DB|P0ABV8|1.A.30.2.2	73.9	142	36	1	1	141	1	142	5.4e-53	203.4
BCW-200115_01486	gnl|TC-DB|P19934|2.C.1.2.1	44.1	127	66	2	239	360	295	421	2.0e-19	93.2
BCW-200115_01487	gnl|TC-DB|P0A855|2.C.1.2.1	82.1	430	77	0	1	430	1	430	2.3e-123	438.7
BCW-200115_01488	gnl|TC-DB|C6EJJ6|2.C.1.2.1	74.0	173	36	1	1	164	1	173	1.7e-66	248.4
BCW-200115_01489	gnl|TC-DB|P45955|2.C.1.2.1	65.8	190	61	1	1	186	1	190	1.6e-50	196.1
BCW-200115_01494	gnl|TC-DB|P24520|4.B.1.1.1	65.9	232	78	1	1	232	1	231	7.7e-81	296.6
BCW-200115_01499	gnl|TC-DB|A7BAX2|3.A.1.26.3	25.9	479	267	17	23	457	259	693	1.2e-19	94.4
BCW-200115_01505	gnl|TC-DB|P37329|3.A.1.8.1	62.0	255	96	1	1	254	1	255	2.4e-83	305.1
BCW-200115_01506	gnl|TC-DB|P0AF01|3.A.1.8.1	77.5	227	51	0	1	227	2	228	1.8e-93	338.6
BCW-200115_01507	gnl|TC-DB|P09833|3.A.1.8.1	63.1	352	129	1	1	352	1	351	6.1e-130	460.3
BCW-200115_01523	gnl|TC-DB|P0AAC4|1.A.14.2.2	68.6	236	72	1	1	236	1	234	2.6e-84	308.1
BCW-200115_01526	gnl|TC-DB|P0AFP9|3.A.1.105.15	74.1	367	92	1	1	364	1	367	2.3e-148	521.5
BCW-200115_01527	gnl|TC-DB|C6EIY9|3.A.1.105.15	69.8	378	113	1	1	378	1	377	1.0e-146	516.2
BCW-200115_01528	gnl|TC-DB|P0A9U1|3.A.1.105.15	69.7	578	175	0	1	578	1	578	2.1e-236	814.7
BCW-200115_01529	gnl|TC-DB|P75777|3.A.1.105.15	47.8	293	153	0	36	328	36	328	7.4e-61	230.7
BCW-200115_01531	gnl|TC-DB|O00571|1.I.1.1.3	41.8	397	202	8	2	371	181	575	2.0e-69	259.6
BCW-200115_01533	gnl|TC-DB|A6TAG3|1.E.43.1.1	72.2	79	22	0	1	79	1	79	2.1e-25	110.9
BCW-200115_01537	gnl|TC-DB|Q2FD80|2.A.6.2.44	26.3	471	311	8	11	454	18	479	2.8e-29	126.3
BCW-200115_01538	gnl|TC-DB|P75831|3.A.1.122.1	44.9	659	334	10	1	641	1	648	6.3e-149	524.2
BCW-200115_01539	gnl|TC-DB|Q84BQ3|3.A.1.122.12	40.3	355	208	3	21	374	1	352	1.9e-47	186.4
BCW-200115_01541	gnl|TC-DB|P0AA67|2.A.7.3.6	62.0	287	105	2	13	299	11	293	2.5e-92	335.1
BCW-200115_01545	gnl|TC-DB|P0AA47|2.A.3.1.14	35.6	436	277	2	6	438	12	446	2.5e-67	252.7
BCW-200115_01546	gnl|TC-DB|P0AA82|2.A.39.1.1	78.1	407	89	0	1	407	1	407	1.3e-179	625.5
BCW-200115_01551	gnl|TC-DB|Q9I3T2|2.A.1.51.4	43.5	368	204	3	21	385	18	384	7.8e-70	260.8
BCW-200115_01555	gnl|TC-DB|P25747|9.B.169.1.2	42.9	373	204	4	15	381	7	376	2.4e-71	265.8
BCW-200115_01556	gnl|TC-DB|P0AFY2|9.B.114.1.1	64.5	228	81	0	8	235	3	230	4.3e-80	294.3
BCW-200115_01559	gnl|TC-DB|C6EAH0|2.A.122.1.1	73.2	231	62	0	1	231	1	231	7.4e-92	333.2
BCW-200115_01560	gnl|TC-DB|F4V3T5|1.E.14.1.4	39.6	111	67	0	11	121	12	122	2.5e-16	81.6
BCW-200115_01562	gnl|TC-DB|A0L4L0|3.A.1.132.3	36.1	332	176	7	17	334	3	312	1.3e-50	196.8
BCW-200115_01565	gnl|TC-DB|Q8Z5G2|9.B.22.2.2	36.2	603	367	8	26	620	26	618	7.7e-112	401.0
BCW-200115_01566	gnl|TC-DB|P0ABP3|2.A.61.1.1	76.1	460	100	1	2	461	5	454	5.6e-184	640.2
BCW-200115_01569	gnl|TC-DB|E1PBX5|9.B.104.1.4	30.0	207	129	3	25	231	16	206	6.2e-19	91.3
BCW-200115_01571	gnl|TC-DB|L5DDD7|2.A.109.2.3	67.1	514	167	1	1	512	370	883	4.0e-194	674.1
BCW-200115_01572	gnl|TC-DB|P32703|2.A.36.3.1	39.7	549	317	6	1	540	1	544	2.4e-93	339.3
BCW-200115_01590	gnl|TC-DB|P0AAD6|2.A.42.2.1	78.6	434	87	2	1	434	1	428	8.8e-187	649.4
BCW-200115_01591	gnl|TC-DB|P0AAD6|2.A.42.2.1	75.8	434	99	2	1	434	1	428	1.0e-182	636.0
BCW-200115_01592	gnl|TC-DB|P94571|9.B.105.1.3	26.4	159	112	2	5	163	1	154	7.8e-13	70.5
BCW-200115_01597	gnl|TC-DB|P0AE30|3.A.1.3.3	63.1	222	82	0	3	224	1	222	2.0e-70	261.9
BCW-200115_01598	gnl|TC-DB|P0AE34|3.A.1.3.3	68.9	235	69	2	1	231	1	235	1.2e-86	315.8
BCW-200115_01599	gnl|TC-DB|P30859|3.A.1.3.3	66.0	244	81	1	1	244	1	242	6.4e-94	340.1
BCW-200115_01600	gnl|TC-DB|P0AAF6|3.A.1.3.3	78.5	242	52	0	6	247	1	242	3.3e-106	380.9
BCW-200115_01602	gnl|TC-DB|P75826|2.A.124.1.1	62.2	299	112	1	1	299	1	298	2.7e-94	341.7
BCW-200115_01604	gnl|TC-DB|P75830|3.A.1.122.1	55.0	362	159	2	2	362	5	363	1.6e-88	322.8
BCW-200115_01605	gnl|TC-DB|P75831|3.A.1.122.1	64.4	648	231	0	1	648	1	648	1.2e-232	802.4
BCW-200115_01608	gnl|TC-DB|Q9SXJ7|3.A.9.1.2	39.1	803	397	12	16	739	132	921	2.2e-153	539.3
BCW-200115_01611	gnl|TC-DB|P23886|3.A.1.129.1	61.9	570	216	1	1	570	1	569	2.2e-188	655.2
BCW-200115_01612	gnl|TC-DB|P29018|3.A.1.129.1	65.0	589	205	1	1	589	1	588	1.1e-213	739.2
BCW-200115_01615	gnl|TC-DB|P46889|3.A.12.1.2	51.2	1382	419	22	1	1184	1	1325	3.4e-289	991.1
BCW-200115_01616	gnl|TC-DB|P61316|1.B.46.1.1	69.0	203	63	0	1	203	1	203	3.3e-80	294.3
BCW-200115_01623	gnl|TC-DB|P30130|1.B.11.3.9	39.8	860	467	11	27	847	30	877	2.6e-171	599.0
BCW-200115_01628	gnl|TC-DB|P0AC23|1.A.16.1.1	72.7	286	77	1	1	286	1	285	4.8e-117	417.2
BCW-200115_01635	gnl|TC-DB|P44408|3.A.11.2.2	32.6	696	398	16	117	760	108	784	1.0e-84	311.2
BCW-200115_01636	gnl|TC-DB|P60752|3.A.1.106.1	76.0	578	139	0	3	580	4	581	1.6e-244	841.6
BCW-200115_01652	gnl|TC-DB|J9VK71|1.B.1.1.20	66.6	371	111	6	1	359	2	371	1.1e-134	476.1
BCW-200115_01661	gnl|TC-DB|P43672|3.A.1.120.6	78.7	638	132	1	1	638	1	634	2.0e-264	907.9
BCW-200115_01669	gnl|TC-DB|P0A910|1.B.6.1.1	64.7	351	119	3	1	351	1	346	1.0e-132	469.5
BCW-200115_01672	gnl|TC-DB|P75870|2.A.85.1.1	57.3	712	302	2	10	721	8	717	8.6e-227	783.1
BCW-200115_01687	gnl|TC-DB|Q9ZKE4|3.A.11.3.1	31.0	533	345	9	200	732	108	617	4.2e-64	242.7
BCW-200115_01695	gnl|TC-DB|Q9XD84|1.B.12.8.3	30.7	492	290	6	168	614	504	989	4.9e-58	222.2
BCW-200115_01705	gnl|TC-DB|Q5ZYB5|3.A.7.9.1	27.6	369	250	9	7	359	10	377	6.5e-27	118.2
BCW-200115_01714	gnl|TC-DB|Q9KN48|3.A.23.1.1	37.8	333	198	2	141	468	193	521	1.7e-50	196.8
BCW-200115_01724	gnl|TC-DB|P0AGM9|2.A.40.4.2	82.6	459	80	0	3	461	4	462	7.8e-210	726.1
BCW-200115_01725	gnl|TC-DB|P0AER8|2.A.27.1.1	72.8	405	104	1	1	405	1	399	1.6e-158	555.4
BCW-200115_01731	gnl|TC-DB|P0AGM2|1.A.62.2.3	72.5	204	55	1	1	204	1	203	4.6e-77	283.9
BCW-200115_01740	gnl|TC-DB|W0WLZ1|3.A.1.5.39	55.5	526	229	3	14	538	16	537	1.2e-177	619.4
BCW-200115_01741	gnl|TC-DB|W0WN20|3.A.1.5.39	66.1	339	112	1	1	339	1	336	6.3e-124	440.3
BCW-200115_01742	gnl|TC-DB|W0WMS8|3.A.1.5.39	61.5	283	109	0	17	299	18	300	2.7e-94	341.7
BCW-200115_01743	gnl|TC-DB|P45095|3.A.1.5.27	77.2	324	74	0	1	324	1	324	2.8e-145	511.1
BCW-200115_01744	gnl|TC-DB|P45094|3.A.1.5.27	77.0	318	72	1	7	323	10	327	3.0e-139	491.1
BCW-200115_01750	gnl|TC-DB|P37642|9.B.126.1.1	56.8	324	136	3	1	322	1	322	4.7e-92	334.3
BCW-200115_01783	gnl|TC-DB|P77272|4.A.1.2.7	63.6	481	166	4	1	480	1	473	3.8e-167	584.3
BCW-200115_01786	gnl|TC-DB|Q83XH1|3.A.1.121.4	30.6	523	354	4	1	515	1	522	4.7e-72	268.9
BCW-200115_01787	gnl|TC-DB|P0A756|2.A.37.1.2	61.4	184	70	1	1	183	1	184	6.7e-67	250.0
BCW-200115_01788	gnl|TC-DB|P45522|2.A.37.1.2	68.6	602	183	5	1	600	1	598	3.7e-223	770.8
BCW-200115_01811	gnl|TC-DB|Q46831|9.B.120.1.1	67.0	233	75	1	1	231	1	233	3.1e-82	301.2
BCW-200115_01818	gnl|TC-DB|P30130|1.B.11.3.9	45.3	867	451	11	10	862	21	878	3.2e-217	751.5
BCW-200115_01835	gnl|TC-DB|Q4VSJ2|2.A.7.21.1	45.7	173	92	2	2	173	3	174	2.9e-35	144.8
BCW-200115_01838	gnl|TC-DB|Q6LXR9|2.A.7.34.4	54.5	110	50	0	2	111	1	110	9.8e-29	122.5
BCW-200115_01870	gnl|TC-DB|P76470|2.A.1.14.35	54.8	414	186	1	12	425	6	418	6.9e-128	453.8
BCW-200115_01873	gnl|TC-DB|P46889|3.A.12.1.2	42.7	464	255	3	9	461	862	1325	5.6e-99	357.8
BCW-200115_01874	gnl|TC-DB|Q5ZYB5|3.A.7.9.1	35.0	408	246	8	8	406	3	400	4.1e-56	215.3
BCW-200115_01875	gnl|TC-DB|P0A937|1.B.33.1.3	72.6	106	29	0	1	106	1	106	9.6e-41	162.5
BCW-200115_01882	gnl|TC-DB|P38919|3.A.18.1.1	31.8	362	242	2	5	366	39	395	6.5e-52	201.4
BCW-200115_01889	gnl|TC-DB|Q7N7Y9|1.C.107.1.4	43.6	1279	618	25	9	1231	1293	2524	2.4e-237	818.9
BCW-200115_01890	gnl|TC-DB|Q7N7Y9|1.C.107.1.4	39.2	1262	671	30	23	1217	21	1253	3.7e-227	785.0
BCW-200115_01943	gnl|TC-DB|M8KG08|1.E.1.1.7	34.2	401	243	5	483	863	30	429	5.1e-64	243.0
BCW-200115_01955	gnl|TC-DB|Q9KN55|3.A.23.1.1	25.8	566	385	13	6	547	7	561	1.3e-36	151.0
BCW-200115_01958	gnl|TC-DB|Q9KN45|3.A.23.1.1	35.8	1188	732	13	13	1182	7	1181	9.0e-210	727.2
BCW-200115_01959	gnl|TC-DB|Q9KN46|3.A.23.1.1	29.7	461	281	11	29	471	27	462	3.4e-46	182.6
BCW-200115_01962	gnl|TC-DB|Q9KN49|3.A.23.1.1	54.5	903	376	2	1	903	1	868	1.3e-269	925.6
BCW-200115_01963	gnl|TC-DB|Q9KN50|3.A.23.1.1	36.1	233	149	0	27	259	25	257	4.5e-45	177.9
BCW-200115_01964	gnl|TC-DB|Q9KN51|3.A.23.1.1	48.7	446	227	2	1	446	1	444	1.9e-120	429.1
BCW-200115_01965	gnl|TC-DB|Q9KN52|3.A.23.1.1	33.8	133	87	1	45	177	27	158	6.2e-22	100.5
BCW-200115_01966	gnl|TC-DB|Q9KN53|3.A.23.1.1	30.6	484	269	13	4	420	7	490	7.0e-48	188.0
BCW-200115_01967	gnl|TC-DB|Q9KN54|3.A.23.1.1	41.4	319	171	3	25	339	30	336	6.2e-63	237.7
BCW-200115_01968	gnl|TC-DB|Q9KN55|3.A.23.1.1	40.4	592	331	6	1	583	1	579	1.8e-121	433.0
BCW-200115_01970	gnl|TC-DB|Q6EE20|3.A.23.2.1	40.2	473	277	3	21	491	21	489	2.0e-102	369.4
BCW-200115_01992	gnl|TC-DB|P0AER0|1.A.8.1.1	73.1	264	71	0	3	266	1	264	2.5e-115	411.4
BCW-200115_01994	gnl|TC-DB|P08194|2.A.1.4.3	83.8	421	68	0	1	421	1	421	1.2e-215	745.3
BCW-200115_01996	gnl|TC-DB|P31442|2.A.1.2.9	64.2	394	140	1	1	393	1	394	1.9e-135	478.8
BCW-200115_01998	gnl|TC-DB|B7MI53|9.B.124.2.2	41.2	136	80	0	1	136	1	136	3.4e-31	131.0
BCW-200115_02003	gnl|TC-DB|Q1C5U1|1.B.12.8.1	45.4	515	261	7	335	841	234	736	8.3e-117	417.9
BCW-200115_02010	gnl|TC-DB|Q8KUK6|2.A.66.2.16	24.2	372	265	8	1	361	1	366	1.9e-13	73.6
BCW-200115_02026	gnl|TC-DB|B7LEG0|1.A.34.1.2	40.3	119	66	3	308	425	262	376	7.6e-18	88.2
BCW-200115_02038	gnl|TC-DB|B8F5K7|4.D.1.3.2	49.4	245	123	1	7	250	4	248	1.6e-66	249.2
BCW-200115_02052	gnl|TC-DB|P67444|2.A.40.4.3	80.3	447	88	0	1	447	1	447	1.7e-196	681.8
BCW-200115_02053	gnl|TC-DB|P25396|2.A.16.1.1	55.6	304	135	0	18	321	11	314	6.4e-89	323.9
BCW-200115_02060	gnl|TC-DB|O06151|2.A.1.3.48	37.5	459	272	7	8	458	11	462	2.5e-70	262.7
BCW-200115_02067	gnl|TC-DB|P0AEK7|5.A.3.2.1	49.0	210	104	2	9	215	7	216	2.9e-58	221.5
BCW-200115_02068	gnl|TC-DB|P0AAJ3|5.A.3.2.1	77.3	291	66	0	1	291	1	291	6.6e-144	506.5
BCW-200115_02069	gnl|TC-DB|P24183|5.A.3.2.1	76.1	802	192	0	1	802	213	1014	0.0e+00	1336.2
BCW-200115_02070	gnl|TC-DB|P24183|5.A.3.2.1	79.5	195	40	0	1	195	1	195	2.1e-92	334.7
BCW-200115_02079	gnl|TC-DB|P39649|2.A.7.3.4	29.9	288	191	4	15	301	10	287	1.3e-27	120.2
BCW-200115_02082	gnl|TC-DB|P25714|2.A.9.3.1	71.2	548	148	5	1	540	1	546	2.3e-213	738.0
BCW-200115_02092	gnl|TC-DB|P77400|2.A.3.6.4	53.8	394	180	2	5	396	8	401	1.4e-96	349.7
BCW-200115_02099	gnl|TC-DB|M3JA40|1.B.52.2.1	30.5	164	107	2	343	504	278	436	2.9e-11	66.6
BCW-200115_02100	gnl|TC-DB|M3JA40|1.B.52.2.1	31.7	161	75	2	200	325	289	449	1.1e-12	70.9
BCW-200115_02103	gnl|TC-DB|P0A6E6|3.A.2.1.1	78.4	139	29	1	3	141	2	139	3.2e-53	204.1
BCW-200115_02104	gnl|TC-DB|P0ABB4|3.A.2.1.1	93.3	460	31	0	1	460	1	460	6.5e-249	855.9
BCW-200115_02105	gnl|TC-DB|P0ABA6|3.A.2.1.1	87.1	287	37	0	1	287	1	287	1.5e-139	491.9
BCW-200115_02106	gnl|TC-DB|P0ABB0|3.A.2.1.1	91.4	513	44	0	1	513	1	513	2.0e-267	917.5
BCW-200115_02107	gnl|TC-DB|P0ABA4|3.A.2.1.1	74.0	177	46	0	1	177	1	177	3.0e-69	257.7
BCW-200115_02108	gnl|TC-DB|P0ABA0|3.A.2.1.1	88.5	156	18	0	1	156	1	156	2.6e-48	188.0
BCW-200115_02109	gnl|TC-DB|P68699|3.A.2.1.1	100.0	79	0	0	1	79	1	79	2.8e-35	143.7
BCW-200115_02110	gnl|TC-DB|P0AB98|3.A.2.1.1	80.1	271	53	1	4	274	2	271	2.1e-122	434.9
BCW-200115_02111	gnl|TC-DB|C4X3L3|1.A.77.3.8	42.7	124	70	1	1	124	25	147	8.2e-21	96.3
BCW-200115_02121	gnl|TC-DB|P04983|3.A.1.2.1	79.2	501	104	0	1	501	1	501	2.7e-224	774.2
BCW-200115_02122	gnl|TC-DB|P0AGI1|3.A.1.2.1	80.5	318	62	0	3	320	2	319	2.4e-120	428.3
BCW-200115_02123	gnl|TC-DB|P02925|3.A.1.2.1	78.6	295	63	0	1	295	1	295	1.5e-126	448.7
BCW-200115_02125	gnl|TC-DB|P02925|3.A.1.2.1	27.8	259	168	8	57	303	27	278	9.1e-19	90.9
BCW-200115_02126	gnl|TC-DB|P31474|2.A.1.3.51	68.0	469	148	1	3	469	4	472	2.4e-174	608.2
BCW-200115_02129	gnl|TC-DB|P30750|3.A.1.24.1	75.0	344	85	1	1	344	1	343	6.6e-145	510.0
BCW-200115_02130	gnl|TC-DB|P31547|3.A.1.24.1	82.9	152	26	0	1	152	1	152	2.7e-64	241.5
BCW-200115_02131	gnl|TC-DB|P28635|3.A.1.24.1	83.8	271	44	0	1	271	1	271	2.3e-129	458.0
BCW-200115_02146	gnl|TC-DB|P0A943|1.B.33.1.3	74.3	810	192	2	1	794	1	810	0.0e+00	1253.8
BCW-200115_02188	gnl|TC-DB|Q8CVM4|1.B.11.3.5	32.7	871	535	17	10	853	17	863	9.9e-126	447.6
BCW-200115_02195	gnl|TC-DB|P30130|1.B.11.3.9	35.8	837	489	19	21	829	43	859	6.6e-138	488.0
BCW-200115_02208	gnl|TC-DB|C6W3S2|9.B.72.2.2	35.8	240	153	1	10	248	2	241	7.2e-27	117.5
BCW-200115_02209	gnl|TC-DB|C6GYU4|2.A.76.1.9	30.2	205	128	4	25	219	8	207	4.7e-19	91.3
BCW-200115_02228	gnl|TC-DB|Q5EPB9|3.A.7.11.1	27.5	437	265	14	10	407	14	437	5.7e-27	118.6
BCW-200115_02234	gnl|TC-DB|Q5EPB6|3.A.7.11.1	24.5	856	572	24	59	878	30	847	2.9e-59	226.9
BCW-200115_02237	gnl|TC-DB|Q6MB91|3.A.7.16.1	39.8	299	171	6	30	324	1	294	3.2e-64	241.9
BCW-200115_02240	gnl|TC-DB|Q5EPA7|3.A.7.11.1	29.5	183	128	1	73	254	71	253	9.2e-22	100.5
BCW-200115_02244	gnl|TC-DB|Q93NF2|3.A.7.11.1	28.4	236	161	3	19	248	35	268	1.6e-24	110.5
BCW-200115_02245	gnl|TC-DB|Q6MB85|3.A.7.16.1	21.2	796	551	19	5	778	11	752	4.3e-21	100.1
BCW-200115_02249	gnl|TC-DB|Q6MB84|3.A.7.16.1	30.3	568	361	10	7	562	7	551	5.3e-69	258.8
BCW-200115_02265	gnl|TC-DB|M8KG08|1.E.1.1.7	23.2	509	338	17	495	989	46	515	1.0e-18	92.4
BCW-200115_02271	gnl|TC-DB|Q9HY55|4.A.2.1.17	27.7	429	215	14	384	781	552	916	2.4e-25	114.0
BCW-200115_02272	gnl|TC-DB|B1LE48|2.A.86.2.1	54.3	363	161	2	9	371	9	366	2.4e-108	388.7
BCW-200115_02277	gnl|TC-DB|E1IBA4|3.A.1.144.4	23.7	228	160	4	1	228	1	214	5.1e-14	74.7
BCW-200115_02288	gnl|TC-DB|P37340|2.A.66.1.3	71.6	457	130	0	1	457	1	457	6.0e-186	646.7
BCW-200115_02291	gnl|TC-DB|P37597|2.A.1.2.62	59.1	372	146	2	1	370	16	383	3.9e-114	407.9
BCW-200115_02293	gnl|TC-DB|Q9X053|3.A.1.2.19	23.0	287	197	9	62	331	33	312	2.2e-12	69.7
BCW-200115_02300	gnl|TC-DB|P0AG34|2.A.76.1.1	73.3	206	55	0	1	206	1	206	1.2e-82	302.4
BCW-200115_02315	gnl|TC-DB|P0AAH8|3.A.1.5.42	74.9	263	66	0	5	267	5	267	9.8e-112	399.4
BCW-200115_02316	gnl|TC-DB|P36636|3.A.1.5.5	78.7	328	70	0	1	328	1	328	6.7e-155	543.1
BCW-200115_02317	gnl|TC-DB|P0AGH5|3.A.1.5.42	66.9	296	98	0	1	296	1	296	9.1e-103	369.8
BCW-200115_02318	gnl|TC-DB|P0A2J3|3.A.1.5.5	68.5	321	101	0	1	321	1	321	3.6e-121	431.0
BCW-200115_02319	gnl|TC-DB|Q47622|3.A.1.5.42	71.6	529	144	1	33	555	15	543	1.5e-231	798.5
BCW-200115_02320	gnl|TC-DB|Q9KN48|3.A.23.1.1	40.4	255	151	1	5	259	190	443	1.8e-46	183.0
BCW-200115_02321	gnl|TC-DB|E8XKQ3|9.B.100.1.1	64.4	222	79	0	1	222	1	222	1.3e-72	269.2
BCW-200115_02327	gnl|TC-DB|Q9KN48|3.A.23.1.1	41.3	225	132	0	207	431	193	417	4.1e-45	179.1
BCW-200115_02329	gnl|TC-DB|P77348|3.A.1.5.1	69.8	524	157	1	21	544	15	537	9.8e-228	785.8
BCW-200115_02330	gnl|TC-DB|Q9EYX5|1.A.35.4.1	45.9	327	177	0	1	327	1	327	6.3e-81	297.4
BCW-200115_02341	gnl|TC-DB|P39115|3.A.1.121.3	28.6	524	290	21	8	511	8	467	4.9e-35	145.6
BCW-200115_02343	gnl|TC-DB|P31122|2.A.1.2.15	61.8	385	147	0	2	386	3	387	3.9e-128	454.5
BCW-200115_02344	gnl|TC-DB|P23895|2.A.7.1.3	53.6	110	51	0	1	110	1	110	5.2e-27	116.7
BCW-200115_02346	gnl|TC-DB|P0A6M2|5.A.2.1.1	56.8	176	74	2	1	176	1	174	1.9e-55	211.8
BCW-200115_02347	gnl|TC-DB|P0AFA7|2.A.34.1.1	65.8	512	173	2	1	512	1	510	1.0e-178	622.9
BCW-200115_02355	gnl|TC-DB|P0A908|9.B.99.1.2	46.1	245	130	1	8	252	6	248	3.3e-61	231.5
BCW-200115_02366	gnl|TC-DB|Q07711|3.A.7.7.1	29.8	620	398	17	3	610	4	598	7.0e-71	265.0
BCW-200115_02380	gnl|TC-DB|P25743|2.A.95.1.7	68.8	215	67	0	1	215	1	215	4.0e-76	280.8
BCW-200115_02381	gnl|TC-DB|B1W1L8|3.A.1.5.37	43.1	239	119	3	2	223	28	266	7.6e-47	183.7
BCW-200115_02382	gnl|TC-DB|P45095|3.A.1.5.27	44.8	239	128	3	19	253	21	259	8.8e-47	183.7
BCW-200115_02383	gnl|TC-DB|W0WMS8|3.A.1.5.39	45.5	268	136	3	13	272	33	298	1.6e-56	216.1
BCW-200115_02384	gnl|TC-DB|P77308|3.A.1.5.38	41.3	327	191	1	20	346	9	334	3.2e-62	235.3
BCW-200115_02386	gnl|TC-DB|P23843|3.A.1.5.41	59.4	535	215	1	9	541	8	542	1.1e-191	666.0
BCW-200115_02387	gnl|TC-DB|P06202|3.A.1.5.1	71.0	545	155	2	1	545	1	542	9.2e-234	805.8
BCW-200115_02388	gnl|TC-DB|P0AFH2|3.A.1.5.41	82.7	306	53	0	1	306	1	306	1.3e-136	482.3
BCW-200115_02389	gnl|TC-DB|P0AFH6|3.A.1.5.41	86.8	302	40	0	1	302	1	302	2.9e-128	454.5
BCW-200115_02390	gnl|TC-DB|P04285|3.A.1.5.1	83.1	320	52	2	4	323	17	334	2.1e-148	521.5
BCW-200115_02391	gnl|TC-DB|P08007|3.A.1.5.1	86.6	328	44	0	5	332	7	334	3.3e-170	594.0
BCW-200115_02397	gnl|TC-DB|P02929|2.C.1.1.1	57.1	84	35	1	160	242	156	239	2.2e-22	102.4
BCW-200115_02399	gnl|TC-DB|O00571|1.I.1.1.3	39.1	353	186	8	17	343	194	543	1.7e-52	203.4
BCW-200115_02403	gnl|TC-DB|P71997|2.A.53.4.2	35.7	521	332	3	9	528	10	528	6.4e-84	308.1
BCW-200115_02412	gnl|TC-DB|P42915|1.B.11.3.6	34.4	823	498	16	26	839	39	828	5.4e-124	441.8
BCW-200115_02418	gnl|TC-DB|P0A915|1.B.39.1.6	56.1	212	92	1	1	211	1	212	2.6e-67	251.5
BCW-200115_02433	gnl|TC-DB|Q07711|3.A.7.7.1	24.4	554	360	17	104	619	105	637	3.7e-27	120.2
BCW-200115_02447	gnl|TC-DB|P77179|3.D.6.1.4	77.6	219	49	0	1	219	1	219	9.8e-92	332.8
BCW-200115_02448	gnl|TC-DB|P77285|3.D.6.1.4	65.0	206	71	1	1	206	1	205	3.1e-73	271.2
BCW-200115_02449	gnl|TC-DB|P76182|3.D.6.1.4	62.2	349	131	1	15	362	4	352	1.7e-122	435.6
BCW-200115_02453	gnl|TC-DB|Q9K0A9|2.A.28.2.4	38.5	309	184	2	1	307	4	308	1.9e-56	216.1
BCW-200115_02454	gnl|TC-DB|Q9XD84|1.B.12.8.3	35.9	440	234	9	524	923	558	989	8.1e-49	192.2
BCW-200115_02460	gnl|TC-DB|Q9F9Z3|1.C.107.1.5	22.8	1523	1003	45	40	1496	957	2373	1.2e-76	285.4
BCW-200115_02465	gnl|TC-DB|P45562|2.A.1.10.2	70.2	416	124	0	1	416	1	416	2.5e-167	584.7
BCW-200115_02472	gnl|TC-DB|Q57251|2.A.14.2.1	59.5	524	212	0	1	524	2	525	2.6e-169	591.7
BCW-200115_02481	gnl|TC-DB|Q6F754|2.A.15.1.9	50.5	659	318	5	6	663	3	654	1.1e-185	646.4
BCW-200115_02485	gnl|TC-DB|P36837|2.A.17.1.3	72.5	483	133	0	1	483	1	483	3.8e-207	717.2
BCW-200115_02489	gnl|TC-DB|Q7B1W8|2.A.109.1.1	85.5	344	50	0	1	344	1	344	8.8e-166	579.3
BCW-200115_02504	gnl|TC-DB|P75892|2.A.40.1.3	29.5	410	241	13	3	394	16	395	1.9e-27	120.2
BCW-200115_02512	gnl|TC-DB|Q9KNE0|2.A.47.5.2	53.2	440	205	1	21	460	23	461	5.2e-129	457.6
BCW-200115_02521	gnl|TC-DB|Q8ZRP7|3.A.1.13.1	51.6	244	116	1	23	266	22	263	1.1e-73	273.1
BCW-200115_02524	gnl|TC-DB|P0AAJ1|5.A.3.3.1	51.6	184	80	3	1	176	1	183	4.3e-55	210.7
BCW-200115_02525	gnl|TC-DB|P77374|5.A.3.3.1	32.5	875	484	26	3	841	4	807	3.8e-93	339.3
BCW-200115_02536	gnl|TC-DB|P18776|5.A.3.3.2	55.1	185	81	2	14	198	4	186	3.4e-59	224.6
BCW-200115_02537	gnl|TC-DB|P18775|5.A.3.3.2	40.8	814	446	17	17	806	13	814	2.9e-167	585.5
BCW-200115_02539	gnl|TC-DB|P24183|5.A.3.2.1	81.0	195	37	0	1	195	1	195	1.6e-95	345.1
BCW-200115_02540	gnl|TC-DB|P24183|5.A.3.2.1	82.1	803	144	0	1	803	213	1015	0.0e+00	1416.7
BCW-200115_02541	gnl|TC-DB|P0AAJ3|5.A.3.2.1	84.8	296	43	1	1	296	1	294	2.9e-157	550.8
BCW-200115_02542	gnl|TC-DB|P0AEK7|5.A.3.2.1	76.5	213	50	0	4	216	3	215	4.8e-93	337.0
BCW-200115_02555	gnl|TC-DB|Q54457|3.A.1.110.6	41.2	430	245	4	12	435	16	443	4.2e-80	295.0
BCW-200115_02556	gnl|TC-DB|Q9RHT2|3.A.1.110.9	55.1	555	247	2	8	562	6	558	5.7e-162	567.4
BCW-200115_02559	gnl|TC-DB|P0AFN6|3.A.1.105.17	74.2	256	66	0	1	256	1	256	2.6e-106	381.3
BCW-200115_02560	gnl|TC-DB|P36879|3.A.1.105.17	81.7	301	55	0	1	301	1	301	1.0e-136	482.6
BCW-200115_02561	gnl|TC-DB|Q8F8H7|2.A.53.3.8	48.0	198	102	1	1	197	537	734	3.4e-54	208.0
BCW-200115_02565	gnl|TC-DB|P36649|1.B.76.1.8	65.8	532	166	4	1	532	1	516	5.1e-197	683.7
BCW-200115_02566	gnl|TC-DB|P0AA95|8.A.2.1.3	51.3	115	55	1	24	137	1	115	4.5e-28	120.6
BCW-200115_02569	gnl|TC-DB|P09836|2.A.1.4.4	51.7	418	202	0	9	426	20	437	3.8e-129	458.0
BCW-200115_02570	gnl|TC-DB|Q9KLQ7|3.A.1.20.2	73.7	338	87	1	4	341	7	342	3.2e-144	507.7
BCW-200115_02571	gnl|TC-DB|Q9KLQ6|3.A.1.20.2	71.3	686	197	0	5	690	12	697	5.7e-281	963.0
BCW-200115_02572	gnl|TC-DB|Q9KLQ5|3.A.1.20.2	66.4	348	115	1	1	346	1	348	2.1e-130	461.8
BCW-200115_02589	gnl|TC-DB|Q46821|2.A.40.3.3	77.8	427	95	0	18	444	19	445	3.3e-189	657.5
BCW-200115_02593	gnl|TC-DB|O05703|3.A.1.15.3	49.5	184	93	0	31	214	318	501	5.5e-49	190.7
BCW-200115_02596	gnl|TC-DB|P33024|2.A.41.2.9	73.6	416	109	1	1	415	1	416	3.5e-148	521.2
BCW-200115_02597	gnl|TC-DB|Q5P036|5.A.3.11.1	32.1	162	76	6	5	138	5	160	1.2e-19	94.7
BCW-200115_02598	gnl|TC-DB|P67444|2.A.40.4.3	75.8	466	108	1	1	461	1	466	1.6e-192	668.7
BCW-200115_02600	gnl|TC-DB|P19642|4.A.1.1.3	53.3	527	240	3	1	523	1	525	7.9e-150	526.9
BCW-200115_02605	gnl|TC-DB|Q9KIQ2|4.A.6.1.4	81.3	283	53	0	9	291	10	292	2.1e-123	438.3
BCW-200115_02606	gnl|TC-DB|Q9KIQ3|4.A.6.1.4	80.5	261	47	2	1	259	1	259	2.2e-92	335.1
BCW-200115_02607	gnl|TC-DB|Q9KIQ4|4.A.6.1.4	87.3	157	20	0	1	157	13	169	3.9e-76	280.4
BCW-200115_02615	gnl|TC-DB|A8H4W5|3.A.1.2.15	68.1	335	103	2	1	333	1	333	1.6e-127	452.2
BCW-200115_02616	gnl|TC-DB|A8H4W6|3.A.1.2.15	71.6	331	94	0	15	345	15	345	1.8e-126	448.7
BCW-200115_02617	gnl|TC-DB|A8H4W7|3.A.1.2.15	58.7	489	200	2	11	498	6	493	2.4e-164	575.1
BCW-200115_02623	gnl|TC-DB|P0AGH1|3.A.1.105.16	74.9	374	94	0	1	374	1	374	1.6e-149	525.4
BCW-200115_02624	gnl|TC-DB|C8TJS4|3.A.1.105.16	75.1	908	218	3	12	919	12	911	0.0e+00	1302.7
BCW-200115_02625	gnl|TC-DB|P37626|3.A.1.105.16	66.9	359	113	2	1	357	1	355	2.7e-85	312.0
BCW-200115_02637	gnl|TC-DB|P27303|8.A.1.1.1	58.5	349	145	0	47	395	41	389	4.8e-107	384.4
BCW-200115_02638	gnl|TC-DB|P0AEJ0|2.A.1.3.2	68.3	492	156	0	2	493	11	502	3.9e-199	690.6
BCW-200115_02641	gnl|TC-DB|A8ALD3|2.A.49.5.5	66.1	437	148	0	14	450	17	453	8.8e-161	563.1
BCW-200115_02642	gnl|TC-DB|W0WFC6|2.A.25.1.9	62.5	443	163	2	1	440	1	443	2.7e-154	541.6
BCW-200115_02644	gnl|TC-DB|P13036|1.B.14.1.20	44.1	694	351	15	31	713	107	774	1.4e-154	543.1
BCW-200115_02650	gnl|TC-DB|Q52398|1.A.26.1.4	71.5	355	96	2	1	351	1	354	3.6e-138	487.6
BCW-200115_02653	gnl|TC-DB|E7BBJ1|9.B.102.5.2	52.9	138	62	1	1	135	1	138	7.8e-33	136.3
BCW-200115_02654	gnl|TC-DB|E7BBJ2|9.B.102.5.5	53.1	130	61	0	1	130	1	130	1.2e-36	149.1
BCW-200115_02658	gnl|TC-DB|P23200|3.A.1.2.3	85.4	335	49	0	3	337	2	336	1.5e-154	542.0
BCW-200115_02659	gnl|TC-DB|P0AAG8|3.A.1.2.3	86.0	499	70	0	4	502	8	506	1.3e-253	871.7
BCW-200115_02660	gnl|TC-DB|P0AEE5|3.A.1.2.3	80.9	330	62	1	2	331	3	331	1.1e-152	535.8
BCW-200115_02682	gnl|TC-DB|Q9XIA9|4.C.1.1.14	27.1	594	398	12	35	602	75	659	8.7e-60	228.0
BCW-200115_02692	gnl|TC-DB|P0A6W3|9.B.146.1.6	86.7	360	48	0	1	360	1	360	1.3e-180	628.6
BCW-200115_02694	gnl|TC-DB|P0ABG4|2.A.103.1.1	73.7	392	103	0	6	397	23	414	4.0e-162	567.4
BCW-200115_02704	gnl|TC-DB|P10408|3.A.5.1.1	83.5	903	147	1	1	903	1	901	0.0e+00	1471.4
BCW-200115_02709	gnl|TC-DB|P22609|3.A.15.2.1	23.6	335	256	0	64	398	39	373	7.8e-41	164.5
BCW-200115_02710	gnl|TC-DB|P22608|3.A.15.2.1	42.9	389	202	5	133	501	172	560	1.7e-80	296.6
BCW-200115_02719	gnl|TC-DB|P0C0S1|1.A.23.2.1	59.1	286	117	0	1	286	1	286	6.8e-79	290.4
BCW-200115_02721	gnl|TC-DB|P11667|2.A.75.1.2	64.5	203	72	0	1	203	1	203	4.0e-73	270.8
BCW-200115_02747	gnl|TC-DB|P0AAF1|2.A.3.2.1	82.8	435	75	0	11	445	1	435	1.3e-204	708.8
BCW-200115_02749	gnl|TC-DB|P76169|2.A.7.26.1	63.5	104	38	0	3	106	2	105	1.7e-35	144.8
BCW-200115_02764	gnl|TC-DB|Q8TJ86|3.A.1.8.2	32.0	219	142	2	37	253	6	219	6.3e-23	104.4
BCW-200115_02765	gnl|TC-DB|A1JLH0|3.A.1.10.5	43.6	202	104	5	8	201	15	214	2.2e-31	132.1
BCW-200115_02775	gnl|TC-DB|Q1LHU8|2.A.4.7.9	54.7	300	134	1	8	307	28	325	1.7e-86	315.8
BCW-200115_02779	gnl|TC-DB|P77328|2.A.40.5.1	53.9	425	193	2	10	434	12	433	2.1e-124	442.2
BCW-200115_02781	gnl|TC-DB|P42590|2.A.3.7.4	76.6	474	111	0	1	474	1	474	8.8e-204	706.1
BCW-200115_02791	gnl|TC-DB|P17315|1.B.14.1.4	37.0	728	349	21	5	693	7	663	1.1e-109	394.0
BCW-200115_02793	gnl|TC-DB|P21503|2.A.1.26.1	34.1	364	234	4	13	374	8	367	1.2e-38	157.1
BCW-200115_02797	gnl|TC-DB|Q9KPL5|2.A.41.2.11	60.3	421	161	2	1	420	1	416	1.8e-136	482.3
BCW-200115_02800	gnl|TC-DB|Q47825|2.A.42.1.4	76.2	411	96	1	11	421	7	415	2.0e-172	601.7
BCW-200115_02819	gnl|TC-DB|P75693|2.A.76.1.3	26.4	197	141	2	10	206	24	216	1.1e-14	76.6
BCW-200115_02830	gnl|TC-DB|P07110|1.B.11.2.1	38.0	827	475	15	25	831	24	832	5.1e-151	531.6
BCW-200115_02839	gnl|TC-DB|B7LDR9|4.A.7.1.2	43.2	414	234	1	1	413	1	414	7.3e-99	357.5
BCW-200115_02841	gnl|TC-DB|P69824|4.A.2.1.24	29.3	140	96	2	4	141	6	144	3.7e-12	67.8
BCW-200115_02843	gnl|TC-DB|Q7CGN6|1.B.14.9.3	69.1	737	217	3	1	737	1	726	6.6e-312	1065.8
BCW-200115_02844	gnl|TC-DB|A2P528|2.A.7.3.9	36.1	288	176	2	1	288	1	280	6.9e-42	167.5
BCW-200115_02854	gnl|TC-DB|P76017|1.B.12.2.6	56.7	936	382	6	31	954	31	955	7.4e-271	929.9
BCW-200115_02862	gnl|TC-DB|Q9KN48|3.A.23.1.1	39.2	212	121	2	207	418	210	413	4.7e-33	139.0
BCW-200115_02863	gnl|TC-DB|P0ADC6|1.B.42.1.2	66.1	354	120	0	6	359	6	359	2.1e-130	461.8
BCW-200115_02864	gnl|TC-DB|P0AF98|1.B.42.1.2	68.2	362	115	0	1	362	1	362	1.5e-134	475.7
BCW-200115_02877	gnl|TC-DB|D2PP09|2.A.1.67.1	33.2	385	255	2	1	383	1	385	1.9e-50	196.4
BCW-200115_02894	gnl|TC-DB|Q81JL2|9.B.33.1.1	30.1	584	364	11	5	556	3	574	1.7e-68	256.9
BCW-200115_02896	gnl|TC-DB|P38919|3.A.18.1.1	36.6	374	235	2	8	380	39	411	5.3e-63	238.8
BCW-200115_02907	gnl|TC-DB|P0AG99|3.A.5.1.1	74.8	111	26	1	1	111	1	109	9.6e-37	149.1
BCW-200115_02910	gnl|TC-DB|P25694|3.A.16.1.2	40.0	300	162	4	140	438	472	754	1.1e-57	221.1
BCW-200115_02929	gnl|TC-DB|P39321|9.B.22.1.2	52.1	1259	589	9	9	1256	4	1259	0.0e+00	1313.5
BCW-200115_02930	gnl|TC-DB|P0ADE4|1.B.33.2.4	62.9	574	210	2	7	580	7	577	7.2e-221	763.1
BCW-200115_02932	gnl|TC-DB|Q0PBV6|9.A.40.2.2	25.1	423	311	4	5	424	26	445	2.4e-41	166.4
BCW-200115_02955	gnl|TC-DB|Q9XD84|1.B.12.8.3	41.7	108	62	1	1	108	883	989	2.1e-17	84.7
BCW-200115_02964	gnl|TC-DB|P09962|1.E.2.1.2	47.6	105	50	2	4	104	1	104	4.5e-20	93.6
BCW-200115_02991	gnl|TC-DB|Q56991|3.A.1.14.5	55.2	248	111	0	24	271	29	276	3.7e-74	274.6
BCW-200115_02992	gnl|TC-DB|Q56992|3.A.1.14.5	55.7	325	137	4	11	330	8	330	1.1e-85	313.2
BCW-200115_02993	gnl|TC-DB|A8GDS6|3.A.1.14.16	45.1	244	133	1	13	255	7	250	1.4e-57	219.5
BCW-200115_02994	gnl|TC-DB|G0GRM4|9.B.2.4.1	40.8	179	106	0	15	193	10	188	4.1e-33	137.9
BCW-200115_02999	gnl|TC-DB|G8LJX5|9.B.142.2.2	44.3	519	284	3	17	533	3	518	1.0e-123	440.3
BCW-200115_03000	gnl|TC-DB|P76474|2.A.7.22.1	36.7	120	74	1	3	122	2	119	2.5e-12	68.2
BCW-200115_03001	gnl|TC-DB|P81891|2.A.7.22.2	46.8	109	54	2	7	114	4	109	1.7e-20	95.1
BCW-200115_03002	gnl|TC-DB|G8LJX5|9.B.142.2.2	47.3	550	282	5	5	549	2	548	1.1e-146	516.5
BCW-200115_03005	gnl|TC-DB|P77757|4.D.2.1.8	74.2	314	81	0	6	319	7	320	3.8e-134	474.2
BCW-200115_03007	gnl|TC-DB|P06611|3.A.1.13.1	38.3	230	141	1	3	232	2	230	2.1e-39	159.1
BCW-200115_03008	gnl|TC-DB|P06609|3.A.1.13.1	58.6	321	132	1	10	330	4	323	4.3e-101	364.4
BCW-200115_03019	gnl|TC-DB|Q56952|3.A.1.15.4	74.3	307	69	2	13	309	5	311	1.0e-128	456.1
BCW-200115_03020	gnl|TC-DB|Q56953|3.A.1.15.4	76.8	289	67	0	5	293	6	294	1.4e-127	452.2
BCW-200115_03021	gnl|TC-DB|Q56954|3.A.1.15.4	83.2	279	47	0	1	279	1	279	6.4e-125	443.4
BCW-200115_03022	gnl|TC-DB|Q56955|3.A.1.15.4	76.0	271	65	0	3	273	2	272	7.9e-112	399.8
BCW-200115_03027	gnl|TC-DB|P77529|2.A.23.1.8	75.7	461	111	1	1	461	1	460	6.2e-191	663.3
BCW-200115_03028	gnl|TC-DB|P23894|9.B.1.1.6	83.9	292	47	0	1	292	1	292	1.2e-131	465.7
BCW-200115_03049	gnl|TC-DB|F2WVP9|2.A.1.60.3	48.4	378	181	3	14	384	7	377	1.8e-87	319.3
BCW-200115_03051	gnl|TC-DB|P0A903|1.B.33.1.3	52.3	348	159	3	1	345	1	344	4.8e-95	344.4
BCW-200115_03055	gnl|TC-DB|P0AFI9|2.A.86.1.1	61.1	347	135	0	1	347	1	347	9.4e-118	419.9
BCW-200115_03059	gnl|TC-DB|852074676|1.C.75.1.3	29.9	364	232	9	42	394	50	401	8.0e-29	126.7
BCW-200115_03061	gnl|TC-DB|D6I8Y6|4.F.1.3.3	52.7	203	94	1	1	203	1	201	3.8e-47	184.5
BCW-200115_03066	gnl|TC-DB|P0AGM7|2.A.40.1.1	83.3	420	70	0	1	420	1	420	9.9e-191	662.5
BCW-200115_03076	gnl|TC-DB|Q5SMG8|1.A.26.1.2	30.9	346	224	3	149	486	109	447	5.6e-41	165.2
BCW-200115_03077	gnl|TC-DB|Q5ZYB5|3.A.7.9.1	30.8	386	260	3	30	413	15	395	6.5e-52	201.4
BCW-200115_03081	gnl|TC-DB|P76397|8.A.1.6.2	57.8	374	153	3	33	405	34	403	4.7e-110	394.4
BCW-200115_03082	gnl|TC-DB|P76398|2.A.6.2.12	75.1	1024	255	0	6	1029	5	1028	0.0e+00	1470.7
BCW-200115_03083	gnl|TC-DB|P76399|2.A.6.2.12	73.5	1012	267	1	1	1011	1	1012	0.0e+00	1411.4
BCW-200115_03094	gnl|TC-DB|P24207|2.A.3.1.1	64.6	457	148	3	6	461	15	458	4.4e-168	587.4
BCW-200115_03098	gnl|TC-DB|P0AD99|2.A.26.1.10	34.0	423	274	4	4	425	7	425	4.7e-63	238.4
BCW-200115_03103	gnl|TC-DB|P30143|2.A.25.1.10	50.4	476	235	1	1	476	1	475	2.3e-127	452.2
BCW-200115_03106	gnl|TC-DB|P0AC98|2.A.96.1.1	64.4	188	67	0	1	188	1	188	2.3e-67	251.5
BCW-200115_03117	gnl|TC-DB|P0AFF0|3.D.1.1.1	72.2	482	134	0	1	482	1	482	7.2e-198	686.4
BCW-200115_03118	gnl|TC-DB|P0AFE8|3.D.1.1.1	78.7	507	105	1	1	504	1	507	2.5e-233	804.3
BCW-200115_03119	gnl|TC-DB|P33607|3.D.1.1.1	77.3	613	138	1	1	613	1	612	5.6e-272	932.9
BCW-200115_03120	gnl|TC-DB|P0AFE4|3.D.1.1.1	85.0	100	15	0	1	100	1	100	6.3e-24	106.3
BCW-200115_03121	gnl|TC-DB|P0AFE0|3.D.1.1.1	68.5	184	52	1	1	178	1	184	5.7e-60	226.9
BCW-200115_03122	gnl|TC-DB|P0AFD6|3.D.1.1.1	89.4	180	19	0	1	180	1	180	4.1e-82	300.4
BCW-200115_03123	gnl|TC-DB|P0AFD4|3.D.1.1.1	91.2	320	28	0	3	322	2	321	8.0e-169	589.3
BCW-200115_03124	gnl|TC-DB|P33602|3.D.1.1.1	72.8	908	246	1	4	910	1	908	0.0e+00	1364.4
BCW-200115_03125	gnl|TC-DB|P31979|3.D.1.1.1	87.9	448	51	2	3	450	1	445	9.9e-242	832.0
BCW-200115_03126	gnl|TC-DB|P0AFD1|3.D.1.1.1	84.4	154	24	0	28	181	12	165	2.5e-74	274.6
BCW-200115_03127	gnl|TC-DB|P33599|3.D.1.1.1	88.2	592	69	1	9	599	5	596	0.0e+00	1098.6
BCW-200115_03128	gnl|TC-DB|P0AFC7|3.D.1.1.1	92.4	224	13	1	1	224	1	220	3.9e-122	433.7
BCW-200115_03129	gnl|TC-DB|P0AFC3|3.D.1.1.1	76.2	147	34	1	1	147	1	146	3.4e-58	220.7
BCW-200115_03134	gnl|TC-DB|P0AFU2|2.A.47.4.8	71.6	610	172	1	1	609	1	610	1.2e-242	835.5
BCW-200115_03149	gnl|TC-DB|P08550|9.B.160.1.16	77.5	160	36	0	1	160	1	160	5.6e-65	243.4
BCW-200115_03153	gnl|TC-DB|P0ABP6|9.B.27.2.3	74.9	219	55	0	1	219	1	219	2.4e-92	334.7
BCW-200115_03169	gnl|TC-DB|P0AD30|2.A.102.3.1	63.2	250	92	0	13	262	17	266	8.5e-84	306.6
BCW-200115_03178	gnl|TC-DB|P10384|1.B.9.1.1	58.2	471	147	9	1	446	1	446	3.0e-150	528.1
BCW-200115_03179	gnl|TC-DB|P76506|3.A.1.27.3	67.5	252	81	1	1	252	1	251	1.5e-98	355.5
BCW-200115_03182	gnl|TC-DB|P08555|2.A.8.1.5	77.8	445	99	0	1	445	1	445	6.6e-190	659.8
BCW-200115_03196	gnl|TC-DB|P28635|3.A.1.24.1	60.9	271	106	0	1	271	1	271	8.7e-92	333.2
BCW-200115_03212	gnl|TC-DB|E3GUW2|3.A.1.14.11	61.3	344	132	1	1	344	3	345	1.5e-120	429.1
BCW-200115_03233	gnl|TC-DB|P42915|1.B.11.3.6	30.0	794	513	16	27	789	44	825	3.6e-93	339.3
BCW-200115_03238	gnl|TC-DB|P75958|3.A.1.125.1	61.5	413	159	0	3	415	2	414	9.3e-146	513.1
BCW-200115_03239	gnl|TC-DB|P75957|3.A.1.125.1	69.9	226	68	0	1	226	1	226	9.7e-84	306.2
BCW-200115_03240	gnl|TC-DB|P0ADC3|3.A.1.125.1	64.0	400	143	1	1	400	1	399	1.0e-128	456.4
BCW-200115_03256	gnl|TC-DB|O80800|3.D.1.6.3	47.2	72	38	0	2	73	48	119	2.2e-11	64.3
BCW-200115_03273	gnl|TC-DB|P0AD30|2.A.102.3.1	32.4	244	158	4	16	256	15	254	1.9e-27	119.4
BCW-200115_03274	gnl|TC-DB|P0AA47|2.A.3.1.14	69.9	455	129	1	1	455	1	447	6.9e-174	606.7
BCW-200115_03275	gnl|TC-DB|P17315|1.B.14.1.4	34.2	669	404	17	8	654	9	663	5.7e-97	351.7
BCW-200115_03276	gnl|TC-DB|Q9RCF3|3.A.1.14.6	35.9	237	147	3	12	244	21	256	6.8e-36	147.5
BCW-200115_03277	gnl|TC-DB|A8GDS7|3.A.1.14.16	35.7	308	191	2	56	362	28	329	9.0e-44	174.1
BCW-200115_03279	gnl|TC-DB|P25737|2.A.3.1.2	84.7	478	71	1	16	493	13	488	2.6e-235	810.8
BCW-200115_03281	gnl|TC-DB|P62723|2.A.98.1.3	63.7	342	116	4	16	357	11	344	2.9e-111	398.3
BCW-200115_03285	gnl|TC-DB|P0AAD2|2.A.42.1.2	55.9	415	182	1	1	415	1	414	4.4e-127	451.1
BCW-200115_03290	gnl|TC-DB|Q15HU6|3.A.7.14.2	30.2	169	101	7	28	184	171	334	5.1e-11	64.3
BCW-200115_03292	gnl|TC-DB|P28246|2.A.1.2.7	59.4	392	159	0	1	392	1	392	9.9e-129	456.4
BCW-200115_03303	gnl|TC-DB|P0AD30|2.A.102.3.1	44.6	249	138	0	1	249	10	258	9.8e-58	219.9
BCW-200115_03305	gnl|TC-DB|E4PCL6|9.B.27.2.7	42.6	176	97	2	5	177	3	177	3.2e-29	124.8
BCW-200115_03308	gnl|TC-DB|P76425|2.A.113.1.1	69.9	286	72	1	1	286	1	272	4.1e-84	307.8
BCW-200115_03311	gnl|TC-DB|P31126|2.A.1.2.55	62.5	379	142	0	6	384	7	385	3.5e-134	474.6
BCW-200115_03342	gnl|TC-DB|K0WKG7|4.F.1.1.8	57.5	179	74	1	3	179	1	179	1.2e-49	192.6
BCW-200115_03346	gnl|TC-DB|P0AAD8|2.A.42.2.2	77.6	442	97	1	1	440	1	442	4.1e-192	667.2
BCW-200115_03349	gnl|TC-DB|P31545|2.A.108.2.3	48.7	411	202	4	18	421	13	421	4.4e-114	407.9
BCW-200115_03350	gnl|TC-DB|P0AB24|2.A.108.2.3	34.9	241	153	2	53	290	136	375	4.2e-31	131.7
BCW-200115_03351	gnl|TC-DB|G7HJF7|2.A.108.2.9	43.4	279	151	2	1	278	1	273	2.4e-57	218.8
BCW-200115_03352	gnl|TC-DB|G7HJF6|2.A.108.2.9	57.6	92	38	1	20	111	20	110	1.7e-22	101.7
BCW-200115_03353	gnl|TC-DB|G7HJF5|2.A.108.2.9	57.6	184	71	3	1	184	7	183	3.4e-55	211.1
BCW-200115_03364	gnl|TC-DB|Q9XD84|1.B.12.8.3	38.9	108	65	1	1	108	883	989	1.1e-16	82.4
BCW-200115_03365	gnl|TC-DB|Q9KDT3|2.A.22.5.3	39.4	436	259	5	3	433	10	445	5.2e-78	288.1
BCW-200115_03368	gnl|TC-DB|P0AA63|9.B.27.2.2	69.3	215	66	0	1	215	1	215	1.3e-85	312.4
BCW-200115_03370	gnl|TC-DB|P64585|1.E.34.2.1	57.5	134	57	0	1	134	1	134	8.7e-32	132.9
BCW-200115_03387	gnl|TC-DB|P0ACA3|1.A.12.3.1	77.8	212	44	1	1	212	1	209	1.9e-89	325.1
BCW-200115_03395	gnl|TC-DB|Q47537|3.A.1.17.1	39.6	323	184	2	17	339	8	319	2.8e-63	238.8
BCW-200115_03396	gnl|TC-DB|Q47538|3.A.1.17.1	46.4	248	131	1	4	251	2	247	3.7e-60	228.0
BCW-200115_03397	gnl|TC-DB|Q47539|3.A.1.17.1	62.5	248	92	1	15	261	26	273	6.0e-82	300.4
BCW-200115_03403	gnl|TC-DB|P0ADV7|3.A.1.27.3	73.0	211	54	2	1	209	1	210	1.0e-84	309.3
BCW-200115_03404	gnl|TC-DB|P64604|3.A.1.27.3	65.1	172	54	4	1	170	1	168	3.8e-53	204.1
BCW-200115_03405	gnl|TC-DB|P64606|3.A.1.27.3	76.9	260	60	0	1	260	1	260	1.2e-106	382.5
BCW-200115_03406	gnl|TC-DB|P63386|3.A.1.27.3	76.7	266	62	0	1	266	1	266	1.5e-117	418.7
BCW-200115_03407	gnl|TC-DB|P45394|2.A.19.5.1	48.0	319	162	2	1	317	1	317	3.8e-70	261.5
BCW-200115_03410	gnl|TC-DB|P0ADW0|1.B.42.1.2	46.1	193	102	1	1	193	1	191	3.7e-44	174.5
BCW-200115_03411	gnl|TC-DB|P0ADV1|1.B.42.1.2	61.3	163	63	0	6	168	10	172	7.3e-55	209.9
BCW-200115_03412	gnl|TC-DB|P0A9V1|1.B.42.1.2	83.8	241	39	0	1	241	1	241	1.8e-112	401.7
BCW-200115_03429	gnl|TC-DB|P0ABH4|9.B.157.1.3	59.6	161	65	0	1	161	1	161	2.4e-57	218.0
BCW-200115_03430	gnl|TC-DB|P16926|9.B.157.1.3	74.6	303	77	0	1	303	1	303	1.9e-129	458.8
BCW-200115_03431	gnl|TC-DB|P0A9X4|9.B.157.1.3	94.8	347	18	0	1	347	1	347	2.1e-183	637.9
BCW-200115_03442	gnl|TC-DB|O35018|2.A.1.3.30	36.3	471	289	5	2	463	6	474	4.9e-74	275.0
BCW-200115_03443	gnl|TC-DB|P06971|1.B.14.1.2	43.4	715	383	11	27	725	39	747	1.4e-165	579.7
BCW-200115_03445	gnl|TC-DB|M3JA40|1.B.52.2.1	29.7	185	116	1	343	513	276	460	3.7e-14	76.3
BCW-200115_03446	gnl|TC-DB|P0ABN9|2.A.13.1.2	87.7	446	55	0	1	446	1	446	3.7e-217	750.4
BCW-200115_03449	gnl|TC-DB|P03961|3.A.3.7.1	57.5	186	79	0	1	186	1	186	2.2e-52	201.8
BCW-200115_03450	gnl|TC-DB|P03960|3.A.3.7.1	81.4	682	127	0	1	682	1	682	8.6e-306	1045.4
BCW-200115_03451	gnl|TC-DB|P03959|3.A.3.7.1	71.0	556	161	0	1	556	1	556	1.3e-214	742.3
BCW-200115_03455	gnl|TC-DB|P22731|3.A.1.4.1	79.8	233	47	0	1	233	5	237	1.8e-98	355.1
BCW-200115_03456	gnl|TC-DB|P0A9S7|3.A.1.4.1	77.3	255	58	0	1	255	1	255	5.6e-109	390.2
BCW-200115_03457	gnl|TC-DB|P22729|3.A.1.4.1	68.6	421	132	0	1	421	1	421	1.7e-158	555.4
BCW-200115_03458	gnl|TC-DB|P0AEX7|3.A.1.4.1	78.6	308	66	0	1	308	1	308	1.1e-127	452.6
BCW-200115_03459	gnl|TC-DB|P04816|3.A.1.4.1	72.5	367	100	1	1	367	1	366	3.1e-156	547.7
BCW-200115_03462	gnl|TC-DB|Q57493|2.A.8.1.9	69.0	420	129	1	1	420	1	419	5.0e-139	490.7
BCW-200115_03467	gnl|TC-DB|P0AC31|3.A.1.140.1	62.5	317	119	0	7	323	36	352	5.1e-107	384.0
BCW-200115_03468	gnl|TC-DB|P0A9R7|3.A.1.140.1	87.2	218	28	0	1	218	1	218	2.7e-107	384.4
BCW-200115_03469	gnl|TC-DB|P10121|3.A.5.1.1	83.9	310	50	0	429	738	188	497	2.3e-147	519.2
BCW-200115_03474	gnl|TC-DB|P37617|3.A.3.6.2	60.3	712	273	3	86	797	29	730	6.3e-223	770.4
BCW-200115_03478	gnl|TC-DB|B3WJF3|2.A.88.8.6	75.9	203	49	0	5	207	5	207	1.7e-85	312.0
BCW-200115_03487	gnl|TC-DB|X5H3P0|3.D.10.1.6	41.1	604	307	13	7	581	14	597	3.4e-112	402.1
BCW-200115_03488	gnl|TC-DB|P17596|3.D.10.1.3	29.1	220	151	5	5	219	3	222	4.4e-26	114.8
BCW-200115_03494	gnl|TC-DB|P0AAK3|3.D.1.9.2	41.5	188	83	4	1	169	1	180	2.2e-35	145.2
BCW-200115_03495	gnl|TC-DB|Q9KN48|3.A.23.1.1	36.8	375	227	5	78	442	54	428	1.2e-55	214.2
BCW-200115_03496	gnl|TC-DB|P07658|3.D.1.9.2	72.8	558	151	1	1	558	157	713	2.8e-254	874.0
BCW-200115_03497	gnl|TC-DB|P07658|3.D.1.9.2	77.7	139	31	0	1	139	1	139	3.0e-64	240.7
BCW-200115_03498	gnl|TC-DB|P31125|2.A.7.3.2	52.7	292	136	1	1	292	1	290	9.7e-76	280.0
BCW-200115_03502	gnl|TC-DB|P15078|2.A.114.1.1	85.7	699	100	0	2	700	3	701	0.0e+00	1143.3
BCW-200115_03508	gnl|TC-DB|P77668|3.D.1.9.1	68.3	252	75	2	8	259	5	251	5.0e-97	350.5
BCW-200115_03509	gnl|TC-DB|P77423|3.D.1.9.1	57.1	170	73	0	1	170	1	170	2.6e-39	158.3
BCW-200115_03510	gnl|TC-DB|P77329|3.D.1.9.1	77.3	563	112	1	15	577	9	555	1.3e-267	918.3
BCW-200115_03511	gnl|TC-DB|P77437|3.D.1.9.1	67.7	527	168	2	1	526	1	526	3.4e-193	671.0
BCW-200115_03512	gnl|TC-DB|P0AEW1|3.D.1.9.1	69.0	216	67	0	1	216	1	216	3.6e-72	267.7
BCW-200115_03513	gnl|TC-DB|P77416|3.D.1.9.1	66.1	478	162	0	2	479	1	478	2.1e-173	605.1
BCW-200115_03514	gnl|TC-DB|P77858|3.D.1.9.1	71.4	304	87	0	13	316	12	315	2.2e-115	411.8
BCW-200115_03515	gnl|TC-DB|P23482|3.D.1.9.1	61.5	672	256	2	1	670	1	671	2.6e-222	768.1
BCW-200115_03516	gnl|TC-DB|P23481|3.D.1.9.1	53.8	186	81	2	1	184	1	183	1.5e-59	225.7
BCW-200115_03524	gnl|TC-DB|P19642|4.A.1.1.3	34.8	511	321	6	8	510	13	519	3.7e-83	305.4
BCW-200115_03530	gnl|TC-DB|P0ABN5|2.A.13.1.1	79.9	433	87	0	1	433	1	433	5.3e-184	640.2
BCW-200115_03534	gnl|TC-DB|Q8X6C1|1.B.12.1.6	46.6	581	289	7	320	889	779	1349	3.2e-127	452.6
BCW-200115_03537	gnl|TC-DB|P33594|3.A.1.5.3	53.2	263	123	0	1	263	1	263	3.8e-71	264.6
BCW-200115_03538	gnl|TC-DB|P33593|3.A.1.5.3	58.6	239	97	1	26	264	18	254	2.1e-74	275.4
BCW-200115_03539	gnl|TC-DB|P0AFA9|3.A.1.5.3	64.1	273	98	0	15	287	5	277	2.0e-99	358.6
BCW-200115_03540	gnl|TC-DB|P33591|3.A.1.5.3	67.8	307	99	0	1	307	1	307	1.3e-115	412.5
BCW-200115_03541	gnl|TC-DB|P33590|3.A.1.5.3	61.2	521	202	0	1	521	1	521	8.1e-195	676.4
BCW-200115_03551	gnl|TC-DB|P07110|1.B.11.2.1	47.2	833	414	11	22	837	12	835	1.6e-216	749.2
BCW-200115_03561	gnl|TC-DB|P07110|1.B.11.2.1	45.2	797	421	8	35	819	28	820	8.5e-205	710.3
BCW-200115_03563	gnl|TC-DB|Q8KRT4|1.C.80.1.1	51.1	180	80	3	1	174	1	178	6.1e-38	153.7
BCW-200115_03566	gnl|TC-DB|J9VK71|1.B.1.1.20	62.2	386	126	5	1	382	2	371	1.3e-133	472.6
BCW-200115_03568	gnl|TC-DB|Q9HV74|2.A.21.9.1	28.3	247	165	5	412	648	713	957	6.3e-19	92.4
BCW-200115_03570	gnl|TC-DB|P12681|2.A.1.4.2	78.9	459	97	0	1	459	1	459	7.6e-213	736.1
BCW-200115_03571	gnl|TC-DB|Q8X6C1|1.B.12.1.6	30.8	637	382	16	1320	1931	364	966	7.6e-54	210.3
BCW-200115_03577	gnl|TC-DB|P21647|1.B.11.3.2	32.6	810	516	13	21	820	31	820	1.5e-126	450.3
BCW-200115_03580	gnl|TC-DB|P39580|2.A.50.2.1	23.6	398	270	11	2	382	6	386	3.5e-24	109.4
BCW-200115_03584	gnl|TC-DB|P60061|2.A.3.2.5	41.8	426	245	1	5	430	3	425	1.6e-98	356.3
BCW-200115_03586	gnl|TC-DB|P60061|2.A.3.2.5	38.8	430	260	1	9	438	8	434	9.6e-86	313.9
BCW-200115_03593	gnl|TC-DB|P0AC96|2.A.8.1.8	77.5	445	100	0	1	445	1	445	1.6e-191	665.2
BCW-200115_03597	gnl|TC-DB|Q57130|3.A.1.14.11	37.1	329	199	5	10	337	13	334	1.3e-52	203.4
BCW-200115_03598	gnl|TC-DB|Q57399|3.A.1.14.11	35.2	264	146	6	1	254	1	249	2.8e-39	158.7
BCW-200115_03601	gnl|TC-DB|660511454|1.B.14.4.3	54.0	659	281	8	1	642	3	656	8.6e-207	716.5
BCW-200115_03606	gnl|TC-DB|P0AEB5|1.A.23.4.3	63.7	331	120	0	5	335	4	334	5.6e-120	427.2
BCW-200115_03609	gnl|TC-DB|Q9HWH5|2.A.6.2.32	58.5	265	110	0	1	265	97	361	5.9e-80	293.9
BCW-200115_03610	gnl|TC-DB|Q9HWH4|2.A.6.2.32	74.8	1023	258	0	1	1023	1	1023	0.0e+00	1446.8
BCW-200115_03612	gnl|TC-DB|P28635|3.A.1.24.1	55.1	263	115	2	6	267	11	271	3.7e-79	291.2
BCW-200115_03618	gnl|TC-DB|O84093|3.A.6.3.1	30.3	357	231	5	1	345	1	351	1.3e-23	107.1
BCW-200115_03620	gnl|TC-DB|Q7BFA7|3.A.6.1.1	50.7	73	36	0	2	74	5	77	1.9e-11	64.7
BCW-200115_03621	gnl|TC-DB|Q9ZA77|3.A.6.1.1	41.3	208	122	0	6	213	8	215	1.3e-37	152.9
BCW-200115_03625	gnl|TC-DB|P40290|3.A.6.1.1	45.8	426	225	3	5	430	20	439	4.1e-96	348.2
BCW-200115_03627	gnl|TC-DB|P0C2V3|3.A.6.1.1	39.0	700	404	10	5	686	8	702	2.1e-126	449.5
BCW-200115_03629	gnl|TC-DB|P35672|1.B.22.3.2	36.7	496	288	6	31	505	26	516	4.7e-89	325.1
BCW-200115_03639	gnl|TC-DB|P0AFK9|3.A.1.11.1	80.2	348	68	1	1	347	1	348	4.5e-170	593.6
BCW-200115_03640	gnl|TC-DB|P0AFK6|3.A.1.11.1	88.7	256	29	0	1	256	1	256	1.5e-120	428.7
BCW-200115_03641	gnl|TC-DB|P0AFK4|3.A.1.11.1	78.5	275	59	0	12	286	1	275	4.2e-121	430.6
BCW-200115_03642	gnl|TC-DB|P69874|3.A.1.11.1	79.0	366	77	0	3	368	10	375	1.9e-166	581.6
BCW-200115_03646	gnl|TC-DB|P31462|2.A.1.2.22	49.3	381	182	3	1	379	1	372	1.9e-79	292.7
BCW-200115_03653	gnl|TC-DB|P43261|1.B.54.1.1	35.8	528	303	12	167	681	171	675	1.5e-81	302.8
BCW-200115_03655	gnl|TC-DB|P43261|1.B.54.1.1	35.3	527	307	13	167	681	171	675	5.6e-80	297.0
BCW-200115_03661	gnl|TC-DB|P10903|2.A.1.8.1	75.6	451	110	0	8	458	9	459	4.1e-203	703.7
BCW-200115_03662	gnl|TC-DB|P09152|5.A.3.1.1	79.3	1239	255	2	1	1239	1	1237	0.0e+00	2158.6
BCW-200115_03663	gnl|TC-DB|P11349|5.A.3.1.1	85.2	508	73	1	1	506	1	508	9.2e-268	918.7
BCW-200115_03665	gnl|TC-DB|P11350|5.A.3.1.1	79.6	225	46	0	1	225	1	225	5.9e-102	366.7
BCW-200115_03670	gnl|TC-DB|Q02NR0|2.A.117.1.4	65.1	146	51	0	1	146	1	146	4.9e-49	190.3
BCW-200115_03672	gnl|TC-DB|P33594|3.A.1.5.3	27.0	196	124	2	18	194	29	224	1.6e-16	82.8
BCW-200115_03675	gnl|TC-DB|P0AF43|2.A.58.2.1	56.0	507	223	0	1	507	26	532	6.9e-146	513.8
BCW-200115_03688	gnl|TC-DB|Q9KPL5|2.A.41.2.11	69.8	424	121	2	1	424	1	417	8.3e-158	553.1
BCW-200115_03696	gnl|TC-DB|P31826|3.A.1.203.11	34.4	552	356	4	4	553	12	559	2.2e-89	326.2
BCW-200115_03701	gnl|TC-DB|Q0P844|3.A.1.5.28	26.1	452	290	14	34	463	23	452	7.2e-34	141.7
BCW-200115_03702	gnl|TC-DB|F0TFS8|3.A.1.5.32	27.6	297	212	1	15	311	16	309	1.4e-32	136.7
BCW-200115_03703	gnl|TC-DB|P75799|3.A.1.5.11	28.9	249	173	3	16	261	47	294	6.0e-21	97.8
BCW-200115_03704	gnl|TC-DB|Q8ZNJ8|3.A.1.5.24	33.9	257	156	8	7	250	6	261	1.8e-25	112.8
BCW-200115_03712	gnl|TC-DB|A1VEP3|1.A.28.1.4	40.1	302	175	2	18	318	9	305	2.8e-52	202.2
BCW-200115_03713	gnl|TC-DB|P31069|1.A.1.13.1	34.0	391	239	6	3	384	12	392	9.9e-49	190.7
BCW-200115_03714	gnl|TC-DB|P33011|2.A.85.7.1	31.2	333	225	2	22	351	15	346	1.4e-41	166.8
BCW-200115_03715	gnl|TC-DB|P37002|1.A.43.1.1	42.2	116	67	0	1	116	1	116	1.3e-21	99.0
BCW-200115_03719	gnl|TC-DB|P24518|4.B.1.1.1	78.8	406	86	0	1	406	1	406	9.0e-197	682.6
BCW-200115_03722	gnl|TC-DB|P43672|3.A.1.120.6	33.5	513	332	5	14	522	18	525	3.2e-77	285.8
BCW-200115_03739	gnl|TC-DB|Q5ZYB5|3.A.7.9.1	32.8	406	261	7	11	410	2	401	3.8e-49	192.2
BCW-200115_03740	gnl|TC-DB|P0A6Y8|1.A.33.1.2	88.1	638	75	1	1	637	1	638	2.0e-314	1074.7
BCW-200115_03743	gnl|TC-DB|L0LHM3|2.A.7.31.3	36.4	280	175	2	1	279	1	278	3.6e-40	161.8
BCW-200115_03744	gnl|TC-DB|Q56725|2.A.33.1.2	59.3	388	150	1	1	388	1	380	1.6e-115	412.5
BCW-200115_03749	gnl|TC-DB|B8I766|9.B.105.1.5	34.4	157	94	5	12	167	3	151	7.6e-17	83.6
BCW-200115_03755	gnl|TC-DB|P0C2W0|1.B.40.1.1	50.6	85	42	0	375	459	338	422	2.4e-17	86.7
BCW-200115_03758	gnl|TC-DB|P0AA60|9.B.27.2.1	63.4	194	71	0	1	194	1	194	4.5e-73	270.8
BCW-200115_03759	gnl|TC-DB|P0ABU7|1.A.30.2.1	63.9	230	83	0	72	301	2	231	3.2e-71	265.0
BCW-200115_03760	gnl|TC-DB|P0ABV2|1.A.30.2.1	71.9	139	39	0	1	139	1	139	2.2e-51	198.0
BCW-200115_03772	gnl|TC-DB|Q6GW09|2.A.6.2.31	65.4	457	155	1	1	454	1	457	3.2e-163	571.2
BCW-200115_03779	gnl|TC-DB|P36649|1.B.76.1.8	31.2	513	298	9	3	463	1	510	1.9e-65	246.5
BCW-200115_03788	gnl|TC-DB|P31554|1.B.42.1.2	58.7	795	303	10	1	785	1	780	3.2e-272	934.1
BCW-200115_03794	gnl|TC-DB|P31548|3.A.1.19.1	58.7	230	95	0	1	230	1	230	3.2e-71	264.6
BCW-200115_03795	gnl|TC-DB|P31549|3.A.1.19.1	65.2	534	183	1	1	534	1	531	1.3e-192	669.1
BCW-200115_03796	gnl|TC-DB|P31550|3.A.1.19.1	65.5	310	107	0	27	336	18	327	6.2e-124	440.3
BCW-200115_03798	gnl|TC-DB|Q9HY55|4.A.2.1.17	34.6	570	355	8	170	736	402	956	1.6e-74	277.3
BCW-200115_03808	gnl|TC-DB|Q6MDD6|3.A.7.16.1	27.4	585	325	20	39	609	219	717	2.0e-35	147.1
BCW-200115_03815	gnl|TC-DB|P09962|1.E.2.1.2	47.6	105	50	2	4	104	1	104	3.4e-20	94.0
BCW-200115_03816	gnl|TC-DB|Q9FI56|3.A.9.1.2	43.9	879	397	12	4	854	96	906	1.0e-199	693.3
BCW-200115_03819	gnl|TC-DB|P0AC02|1.B.33.1.3	71.4	241	69	0	2	242	1	241	4.3e-98	354.0
BCW-200115_03829	gnl|TC-DB|P0AGD7|3.A.5.1.1	84.3	453	71	0	1	453	1	453	4.1e-211	730.3
BCW-200115_03830	gnl|TC-DB|P64432|9.B.14.3.6	61.5	262	99	1	1	260	1	262	1.6e-90	328.9
BCW-200115_03831	gnl|TC-DB|P37908|9.A.40.2.4	70.5	427	126	0	1	427	1	427	3.5e-164	574.3
BCW-200115_03866	gnl|TC-DB|P22037|9.B.20.1.1	60.3	229	88	2	1	228	5	231	1.1e-66	249.6
BCW-200115_03870	gnl|TC-DB|P09348|1.A.30.1.1	68.3	284	90	0	1	284	1	284	1.7e-104	375.6
BCW-200115_03871	gnl|TC-DB|P0AF06|1.A.30.1.1	57.0	300	122	5	8	304	8	303	7.4e-85	310.5
BCW-200115_03875	gnl|TC-DB|M3JA40|1.B.52.2.1	54.8	62	28	0	344	405	278	339	1.7e-11	67.4
BCW-200115_03881	gnl|TC-DB|P40727|3.A.6.2.1	56.1	383	168	0	1	383	1	383	2.2e-117	418.7
BCW-200115_03882	gnl|TC-DB|P40729|3.A.6.2.1	71.8	698	190	2	1	698	1	691	5.0e-277	949.9
BCW-200115_03885	gnl|TC-DB|Q9F9Z3|1.C.107.1.5	40.4	2549	1265	45	1	2475	6	2374	0.0e+00	1569.7
BCW-200115_03897	gnl|TC-DB|Q15HU6|3.A.7.14.2	37.1	178	97	4	150	316	37	210	1.3e-25	113.6
BCW-200115_03902	gnl|TC-DB|P54702|3.A.6.2.1	51.6	252	122	0	1	252	1	252	1.7e-68	255.8
BCW-200115_03903	gnl|TC-DB|P0A1L5|3.A.6.2.1	71.9	89	25	0	1	89	1	89	3.8e-28	120.2
BCW-200115_03904	gnl|TC-DB|P54700|3.A.6.2.1	76.4	233	55	0	14	246	12	244	1.4e-93	339.0
BCW-200115_03905	gnl|TC-DB|P0A1L1|3.A.6.2.1	40.0	120	61	3	24	140	6	117	4.1e-14	74.3
BCW-200115_03906	gnl|TC-DB|P26419|3.A.6.2.1	65.0	140	42	3	1	136	1	137	8.6e-40	159.5
BCW-200115_03911	gnl|TC-DB|P26465|3.A.6.2.1	71.8	454	126	2	1	452	1	454	1.2e-181	632.5
BCW-200115_03912	gnl|TC-DB|P15934|3.A.6.2.1	56.9	130	56	0	115	244	106	235	5.3e-40	161.0
BCW-200115_03914	gnl|TC-DB|P15928|3.A.6.2.1	49.0	549	265	5	21	564	17	555	1.6e-127	453.0
BCW-200115_03934	gnl|TC-DB|P07117|2.A.21.2.1	73.5	491	129	1	3	492	1	491	1.1e-206	715.7
BCW-200115_03935	gnl|TC-DB|P0AAE0|2.A.3.1.7	70.5	457	135	0	9	465	14	470	3.2e-187	651.0
BCW-200115_03939	gnl|TC-DB|Q54066|4.D.1.1.2	38.3	94	58	0	7	100	49	142	1.3e-12	70.5
BCW-200115_03942	gnl|TC-DB|P31466|2.A.40.7.6	82.1	431	77	0	13	443	13	443	1.8e-195	678.3
BCW-200115_03944	gnl|TC-DB|Q9CES4|3.A.1.3.25	61.9	239	91	0	2	240	7	245	5.2e-80	293.9
BCW-200115_03945	gnl|TC-DB|Q8YSA2|3.A.1.3.17	36.1	238	125	4	8	245	275	485	1.1e-32	136.7
BCW-200115_03946	gnl|TC-DB|Q9HU31|3.A.1.3.23	31.0	245	165	4	2	245	4	245	1.8e-27	119.4
BCW-200115_03953	gnl|TC-DB|P0AAD4|2.A.42.1.1	62.0	403	150	3	1	401	1	402	1.2e-134	476.1
BCW-200115_03971	gnl|TC-DB|Q7WMZ7|5.A.3.10.1	49.9	1040	501	8	5	1025	14	1052	4.5e-306	1047.0
BCW-200115_03972	gnl|TC-DB|Q7WMZ6|5.A.3.10.1	33.5	337	195	8	6	325	1	325	2.8e-34	142.5
BCW-200115_03973	gnl|TC-DB|Q7WMZ5|5.A.3.10.1	65.5	235	78	1	4	235	14	248	2.4e-93	338.2
BCW-200115_03977	gnl|TC-DB|P25744|2.A.1.2.20	70.4	385	114	0	9	393	11	395	6.8e-157	550.1
BCW-200115_03978	gnl|TC-DB|Q5KYD1|2.A.17.1.7	36.0	494	300	7	8	500	15	493	3.0e-77	285.8
BCW-200115_03982	gnl|TC-DB|G4NW86|2.A.76.1.7	35.1	205	120	2	9	210	9	203	9.1e-28	120.2
BCW-200115_03990	gnl|TC-DB|P16676|3.A.1.6.1	55.5	353	154	3	1	351	1	352	5.0e-103	370.9
BCW-200115_03991	gnl|TC-DB|P0AEB0|3.A.1.6.1	66.7	270	84	2	1	265	1	269	1.2e-96	349.4
BCW-200115_03992	gnl|TC-DB|P16701|3.A.1.6.1	73.9	268	70	0	2	269	6	273	2.4e-105	378.3
BCW-200115_03993	gnl|TC-DB|P16700|3.A.1.6.1	64.0	325	117	0	14	338	13	337	1.7e-121	432.2
BCW-200115_04002	gnl|TC-DB|P77774|1.B.33.1.3	55.0	393	173	2	1	390	1	392	7.5e-121	430.3
BCW-200115_04017	gnl|TC-DB|P44669|9.A.41.1.1	67.7	616	198	1	1	615	1	616	7.9e-234	806.2
BCW-200115_04025	gnl|TC-DB|Q47142|2.A.1.27.1	60.9	379	144	2	1	377	1	377	4.8e-128	454.1
BCW-200115_04031	gnl|TC-DB|Q9KN48|3.A.23.1.1	41.1	360	166	9	109	434	176	523	1.1e-59	227.3
BCW-200115_04036	gnl|TC-DB|P31826|3.A.1.203.11	33.1	493	323	4	66	554	60	549	7.1e-80	294.7
BCW-200115_04041	gnl|TC-DB|P76249|2.A.76.1.5	60.6	208	82	0	1	208	1	208	4.7e-61	230.7
BCW-200115_04042	gnl|TC-DB|Q00538|2.A.1.3.10	31.4	407	277	2	8	413	17	422	3.8e-61	232.3
BCW-200115_04054	gnl|TC-DB|B2D7K2|3.A.23.1.1	47.8	209	107	1	1	207	304	512	3.0e-57	218.8
BCW-200115_04055	gnl|TC-DB|B2D7K2|3.A.23.1.1	35.8	506	305	7	43	529	4	508	6.2e-81	298.5
BCW-200115_04074	gnl|TC-DB|P76103|2.A.46.1.9	53.2	372	174	0	2	373	11	382	2.9e-101	365.2
BCW-200115_04081	gnl|TC-DB|Q8L3C4|4.A.3.2.5	91.1	169	15	0	1	169	1	169	4.3e-81	297.0
BCW-200115_04082	gnl|TC-DB|P08839|8.A.7.1.1	78.1	575	125	1	1	574	1	575	2.9e-254	874.0
BCW-200115_04083	gnl|TC-DB|P0AA04|8.A.8.1.1	90.6	85	8	0	1	85	1	85	2.1e-36	147.5
BCW-200115_04085	gnl|TC-DB|P0A6J3|2.A.121.1.1	61.8	238	91	0	7	244	9	246	3.6e-84	307.8
