BCW-200097_00024	gnl|TC-DB|P0ACA3|1.A.12.3.1	35.9	209	128	2	1	207	1	205	2.3e-34	142.1
BCW-200097_00037	gnl|TC-DB|K1LZ89|1.B.6.1.14	41.5	106	62	0	53	158	533	638	2.6e-19	91.7
BCW-200097_00038	gnl|TC-DB|P76330|9.B.34.1.4	35.8	159	96	4	241	394	394	551	2.2e-14	76.6
BCW-200097_00047	gnl|TC-DB|P0AA47|2.A.3.1.14	50.3	449	211	3	17	464	13	450	3.6e-122	434.9
BCW-200097_00061	gnl|TC-DB|X5H3P0|3.D.10.1.6	50.1	601	277	7	18	611	13	597	4.2e-171	597.8
BCW-200097_00062	gnl|TC-DB|X5GWN5|3.D.10.1.6	52.6	232	108	2	4	234	24	254	4.0e-69	257.7
BCW-200097_00072	gnl|TC-DB|G3XD29|2.A.36.6.8	34.0	435	265	11	6	431	1	422	8.3e-48	188.0
BCW-200097_00105	gnl|TC-DB|O00571|1.I.1.1.3	38.2	351	205	5	3	342	180	529	2.6e-54	209.9
BCW-200097_00107	gnl|TC-DB|P63386|3.A.1.27.3	58.5	258	107	0	8	265	4	261	3.9e-84	307.8
BCW-200097_00108	gnl|TC-DB|P64606|3.A.1.27.3	55.8	258	112	2	1	257	3	259	1.8e-70	262.3
BCW-200097_00110	gnl|TC-DB|P0ADV7|3.A.1.27.3	24.9	193	138	3	4	191	1	191	2.6e-11	65.5
BCW-200097_00121	gnl|TC-DB|B0W0K4|2.A.23.2.11	35.4	438	249	10	11	415	13	449	1.3e-57	220.3
BCW-200097_00150	gnl|TC-DB|P0AGA2|3.A.5.1.1	57.5	419	169	2	23	437	18	431	6.8e-134	473.8
BCW-200097_00178	gnl|TC-DB|P0A8K8|9.B.126.2.1	29.2	284	197	2	1	284	1	280	2.2e-30	129.8
BCW-200097_00210	gnl|TC-DB|P0ABD2|2.A.15.2.3	57.6	451	191	0	61	511	4	454	7.7e-156	547.0
BCW-200097_00213	gnl|TC-DB|I1DXN7|1.B.3.1.6	25.5	369	245	12	37	394	80	429	1.1e-26	117.5
BCW-200097_00222	gnl|TC-DB|P0AC02|1.B.33.1.3	35.0	254	155	3	1	254	1	244	3.2e-39	159.1
BCW-200097_00236	gnl|TC-DB|M4QVE3|9.B.8.2.5	81.0	506	96	0	1	506	1	506	2.2e-225	778.1
BCW-200097_00258	gnl|TC-DB|F2WVP9|2.A.1.60.3	38.4	383	227	2	27	409	1	374	1.4e-69	260.0
BCW-200097_00267	gnl|TC-DB|P0AGD7|3.A.5.1.1	66.5	421	139	1	1	421	1	419	6.0e-157	550.4
BCW-200097_00268	gnl|TC-DB|A6V120|9.B.14.3.5	38.6	264	157	3	6	267	4	264	8.7e-36	147.1
BCW-200097_00276	gnl|TC-DB|V9RYY0|2.A.76.2.3	40.9	193	114	0	2	194	4	196	1.2e-37	152.9
BCW-200097_00279	gnl|TC-DB|A0L4L0|3.A.1.132.3	46.3	227	110	3	137	359	89	307	1.4e-53	206.8
BCW-200097_00287	gnl|TC-DB|P27303|8.A.1.1.1	30.1	316	197	6	74	381	50	349	9.8e-25	110.9
BCW-200097_00299	gnl|TC-DB|P0AFF0|3.D.1.1.1	48.8	480	239	4	4	480	2	477	2.7e-115	412.1
BCW-200097_00300	gnl|TC-DB|P0AFE8|3.D.1.1.1	60.4	508	192	3	5	508	1	503	3.0e-173	604.7
BCW-200097_00301	gnl|TC-DB|P33607|3.D.1.1.1	55.0	629	263	3	1	625	1	613	5.2e-180	627.5
BCW-200097_00302	gnl|TC-DB|P0AFE4|3.D.1.1.1	50.5	99	49	0	4	102	2	100	7.4e-20	92.8
BCW-200097_00303	gnl|TC-DB|P0AFE0|3.D.1.1.1	53.8	169	75	1	1	169	1	166	1.6e-38	155.6
BCW-200097_00304	gnl|TC-DB|P0AFD6|3.D.1.1.1	78.1	178	37	1	3	180	5	180	2.0e-68	255.0
BCW-200097_00305	gnl|TC-DB|P0AFD4|3.D.1.1.1	67.8	292	88	1	43	334	36	321	4.1e-115	411.0
BCW-200097_00306	gnl|TC-DB|P33602|3.D.1.1.1	58.4	891	357	6	1	879	1	889	2.3e-311	1064.3
BCW-200097_00307	gnl|TC-DB|P31979|3.D.1.1.1	65.6	418	140	3	14	429	8	423	2.4e-163	571.6
BCW-200097_00308	gnl|TC-DB|P0AFD1|3.D.1.1.1	55.9	152	67	0	17	168	14	165	7.4e-49	189.9
BCW-200097_00309	gnl|TC-DB|P33599|3.D.1.1.1	67.5	576	185	2	22	595	21	596	1.8e-246	848.2
BCW-200097_00310	gnl|TC-DB|P0AFC7|3.D.1.1.1	74.3	226	50	3	1	224	1	220	2.0e-94	341.7
BCW-200097_00311	gnl|TC-DB|P0AFC3|3.D.1.1.1	52.4	124	59	0	4	127	9	132	2.9e-30	128.3
BCW-200097_00312	gnl|TC-DB|P76330|9.B.34.1.4	34.9	192	121	1	280	471	374	561	4.6e-24	109.0
BCW-200097_00331	gnl|TC-DB|G4NXW2|2.A.76.1.8	30.7	205	136	2	1	199	1	205	9.9e-19	90.1
BCW-200097_00362	gnl|TC-DB|P0A2G3|2.A.1.6.7	60.8	411	161	0	6	416	9	419	3.3e-141	498.0
BCW-200097_00372	gnl|TC-DB|P94131|2.A.1.15.4	65.2	414	134	2	25	438	9	412	3.1e-155	544.7
BCW-200097_00393	gnl|TC-DB|P36554|2.A.1.3.26	50.1	451	209	5	20	461	14	457	1.1e-115	413.3
BCW-200097_00395	gnl|TC-DB|L5DDD7|2.A.109.2.3	45.3	532	269	7	4	526	371	889	6.2e-118	421.0
BCW-200097_00397	gnl|TC-DB|P0AGM2|1.A.62.2.3	54.7	203	92	0	1	203	1	203	2.6e-59	224.9
BCW-200097_00398	gnl|TC-DB|O34691|2.A.1.82.4	46.8	417	194	2	19	435	12	400	6.7e-102	367.5
BCW-200097_00400	gnl|TC-DB|P69451|4.C.1.1.4	52.0	560	261	5	1	559	1	553	7.1e-165	577.0
BCW-200097_00404	gnl|TC-DB|O24779|1.B.25.1.3	42.6	434	232	8	1	426	1	425	5.5e-85	311.2
BCW-200097_00405	gnl|TC-DB|Q0C3J5|1.B.71.1.4	28.5	253	136	10	2	252	1	210	2.6e-11	65.9
BCW-200097_00412	gnl|TC-DB|O67997|1.A.11.1.4	63.3	403	146	1	61	463	37	437	3.4e-136	481.5
BCW-200097_00422	gnl|TC-DB|P0ADC6|1.B.42.1.2	30.3	353	242	3	6	354	6	358	5.9e-40	161.4
BCW-200097_00424	gnl|TC-DB|P23865|9.B.174.1.2	24.4	336	222	7	73	379	206	538	8.3e-19	91.3
BCW-200097_00425	gnl|TC-DB|Q9KN48|3.A.23.1.1	39.7	353	200	3	127	466	177	529	4.3e-62	235.3
BCW-200097_00434	gnl|TC-DB|Q5XPH7|9.A.8.1.4	35.7	686	352	9	7	611	6	683	4.8e-106	381.7
BCW-200097_00437	gnl|TC-DB|P0ABG4|2.A.103.1.1	42.8	355	203	0	33	387	48	402	5.4e-82	301.2
BCW-200097_00445	gnl|TC-DB|P39649|2.A.7.3.4	26.8	287	195	5	13	296	7	281	6.4e-19	91.3
BCW-200097_00446	gnl|TC-DB|P02930|1.B.17.1.1	30.3	456	288	8	3	446	5	442	6.3e-39	158.3
BCW-200097_00460	gnl|TC-DB|P35818|1.B.22.1.2	38.1	662	339	8	32	690	53	646	1.2e-117	420.6
BCW-200097_00478	gnl|TC-DB|D2R7Q9|9.B.153.3.15	26.2	321	205	8	75	384	212	511	1.3e-14	77.4
BCW-200097_00493	gnl|TC-DB|Q4KCN4|9.B.62.1.5	38.6	622	298	11	9	618	24	573	6.3e-117	417.9
BCW-200097_00494	gnl|TC-DB|D8JG11|1.B.76.1.2	95.2	251	12	0	1	251	1	251	1.3e-142	501.9
BCW-200097_00495	gnl|TC-DB|E3HXW8|2.A.4.4.7	34.8	198	129	0	130	327	2	199	7.0e-27	117.9
BCW-200097_00496	gnl|TC-DB|D5CES3|2.A.7.1.10	51.9	104	50	0	1	104	1	104	6.1e-25	109.8
BCW-200097_00520	gnl|TC-DB|P46889|3.A.12.1.2	59.1	489	195	3	524	1012	840	1323	1.8e-158	556.6
BCW-200097_00521	gnl|TC-DB|P0AG38|2.A.76.1.2	54.1	207	93	2	1	206	1	206	6.9e-57	216.9
BCW-200097_00528	gnl|TC-DB|P37665|9.B.186.1.1	40.9	215	122	3	2	213	4	216	9.8e-30	126.7
BCW-200097_00540	gnl|TC-DB|Q51532|3.A.15.2.1	66.6	371	122	2	1	370	1	370	3.5e-144	507.7
BCW-200097_00541	gnl|TC-DB|P24559|3.A.15.2.1	83.1	344	58	0	11	354	1	344	2.9e-164	574.3
BCW-200097_00553	gnl|TC-DB|O51918|2.A.1.3.24	46.9	337	178	1	44	379	37	373	1.6e-59	226.5
BCW-200097_00554	gnl|TC-DB|A3M347|2.A.1.3.62	96.5	508	17	1	1	508	1	507	3.3e-270	926.8
BCW-200097_00557	gnl|TC-DB|P08956|3.A.17.1.1	27.4	665	365	24	3	571	235	877	6.4e-42	169.1
BCW-200097_00569	gnl|TC-DB|Q46909|2.A.1.1.95	26.3	434	302	6	22	452	7	425	2.6e-32	136.3
BCW-200097_00581	gnl|TC-DB|D4XPL7|9.B.143.1.2	77.2	232	52	1	1	232	1	231	5.2e-93	337.0
BCW-200097_00583	gnl|TC-DB|P0AAE5|2.A.3.2.8	52.3	440	204	2	5	444	4	437	1.5e-120	429.5
BCW-200097_00590	gnl|TC-DB|Q4ZLW8|2.A.15.1.3	52.6	496	233	2	9	504	8	501	1.6e-145	512.7
BCW-200097_00591	gnl|TC-DB|P0ABC9|2.A.15.1.4	67.3	676	218	3	11	685	3	676	1.0e-266	915.6
BCW-200097_00595	gnl|TC-DB|P94400|9.B.10.1.1	24.7	223	137	7	7	200	2	222	9.5e-16	80.9
BCW-200097_00596	gnl|TC-DB|P0A830|2.A.23.1.7	48.9	419	212	2	1	419	1	417	5.4e-109	391.0
BCW-200097_00600	gnl|TC-DB|P75905|4.D.1.1.3	51.8	409	193	4	12	417	31	438	4.3e-122	434.5
BCW-200097_00617	gnl|TC-DB|P42237|2.A.1.14.1	25.3	427	281	12	12	406	19	439	2.0e-23	106.7
BCW-200097_00625	gnl|TC-DB|Q5ZYB5|3.A.7.9.1	28.7	421	290	6	13	429	1	415	6.1e-47	184.9
BCW-200097_00629	gnl|TC-DB|P52067|2.A.1.35.1	52.1	397	188	2	11	406	10	405	2.6e-108	388.7
BCW-200097_00634	gnl|TC-DB|P70786|2.A.1.14.3	47.9	401	205	4	34	433	34	431	2.0e-98	355.9
BCW-200097_00640	gnl|TC-DB|P43676|2.A.20.1.2	43.1	501	258	8	61	543	8	499	3.7e-102	368.6
BCW-200097_00648	gnl|TC-DB|O54507|1.B.14.1.3	50.3	716	327	9	46	754	34	727	6.6e-198	687.2
BCW-200097_00653	gnl|TC-DB|P0A9T8|3.A.1.122.15	51.4	222	105	2	5	225	6	225	1.7e-56	215.7
BCW-200097_00654	gnl|TC-DB|P77504|3.A.1.122.15	29.8	799	528	11	11	797	8	785	2.8e-77	286.6
BCW-200097_00655	gnl|TC-DB|F0Z2G1|9.B.104.1.3	37.0	200	103	7	21	216	32	212	1.8e-20	96.3
BCW-200097_00666	gnl|TC-DB|Q5MQC2|1.B.73.1.1	47.6	475	239	6	4	474	6	474	6.0e-120	427.6
BCW-200097_00672	gnl|TC-DB|P42308|2.A.11.1.2	57.8	441	165	4	1	438	1	423	2.2e-132	468.8
BCW-200097_00673	gnl|TC-DB|P37908|9.A.40.2.4	23.0	417	289	11	19	425	22	416	4.9e-28	122.1
BCW-200097_00693	gnl|TC-DB|P77223|3.D.6.1.4	48.6	105	48	3	7	110	36	135	1.7e-23	106.3
BCW-200097_00712	gnl|TC-DB|B5U2Z3|2.A.75.1.4	46.5	198	105	1	3	199	2	199	1.4e-46	182.6
BCW-200097_00723	gnl|TC-DB|P33913|3.A.1.5.21	35.4	559	347	8	3	557	45	593	7.9e-95	344.4
BCW-200097_00724	gnl|TC-DB|Q7CQ74|3.A.1.5.24	51.1	366	158	2	1	347	1	364	6.3e-103	370.5
BCW-200097_00725	gnl|TC-DB|P33915|3.A.1.5.21	53.6	336	156	0	1	336	4	339	5.9e-98	354.0
BCW-200097_00726	gnl|TC-DB|P33916|3.A.1.5.21	46.9	527	268	6	14	529	4	529	1.4e-122	436.4
BCW-200097_00729	gnl|TC-DB|Q21EL3|1.B.14.1.24	30.4	704	439	19	30	704	18	699	2.2e-78	290.0
BCW-200097_00733	gnl|TC-DB|D4ZZR3|9.B.34.1.3	26.1	383	232	7	55	409	34	393	9.2e-16	81.3
BCW-200097_00757	gnl|TC-DB|B2D7K2|3.A.23.1.1	25.1	569	320	16	31	579	15	497	4.5e-32	136.7
BCW-200097_00764	gnl|TC-DB|P76242|2.A.1.17.3	51.1	380	185	1	13	391	13	392	4.7e-102	367.9
BCW-200097_00774	gnl|TC-DB|P80874|8.A.5.1.4	31.9	317	203	6	1	311	1	310	4.4e-34	141.7
BCW-200097_00775	gnl|TC-DB|P0A754|2.A.37.1.1	38.7	163	98	1	5	167	4	164	2.8e-27	118.2
BCW-200097_00781	gnl|TC-DB|P42308|2.A.11.1.2	55.7	442	174	4	1	439	1	423	1.1e-131	466.5
BCW-200097_00802	gnl|TC-DB|P15993|2.A.3.1.3	59.6	416	164	2	1	415	25	437	1.9e-141	498.8
BCW-200097_00804	gnl|TC-DB|P76037|2.A.3.1.13	51.9	420	202	0	4	423	15	434	6.5e-121	430.6
BCW-200097_00811	gnl|TC-DB|Q8NRL8|2.A.22.4.3	50.4	484	238	2	3	486	32	513	1.1e-132	469.9
BCW-200097_00819	gnl|TC-DB|P75892|2.A.40.1.3	65.1	424	147	1	5	428	6	428	9.7e-154	539.7
BCW-200097_00823	gnl|TC-DB|Q9HXW4|2.A.6.2.17	66.6	1039	328	3	1	1039	1	1020	0.0e+00	1355.5
BCW-200097_00829	gnl|TC-DB|P77389|2.A.1.2.65	67.6	376	122	0	9	384	5	380	3.5e-134	474.6
BCW-200097_00845	gnl|TC-DB|P37327|1.A.16.4.1	37.5	285	174	3	1	282	6	289	1.8e-44	176.0
BCW-200097_00851	gnl|TC-DB|Q9K0A9|2.A.28.2.4	57.1	303	130	0	6	308	6	308	2.9e-91	331.6
BCW-200097_00852	gnl|TC-DB|A3MA65|2.A.66.1.31	91.3	447	39	0	1	447	1	447	1.2e-220	761.9
BCW-200097_00859	gnl|TC-DB|P15993|2.A.3.1.3	63.1	452	166	1	1	451	2	453	3.7e-167	584.3
BCW-200097_00861	gnl|TC-DB|P94400|9.B.10.1.1	55.1	394	169	4	11	400	3	392	4.6e-113	404.4
BCW-200097_00862	gnl|TC-DB|A6DP23|9.B.97.5.2	27.0	404	230	16	2	365	6	384	1.5e-14	77.0
BCW-200097_00867	gnl|TC-DB|O31199|2.A.3.1.9	66.5	468	154	1	1	468	1	465	9.2e-182	632.9
BCW-200097_00898	gnl|TC-DB|O34474|2.A.66.1.25	44.7	447	243	3	12	455	17	462	4.1e-102	368.2
BCW-200097_00905	gnl|TC-DB|B2D7K2|3.A.23.1.1	25.3	569	322	15	29	578	13	497	1.8e-31	134.8
BCW-200097_00915	gnl|TC-DB|D5EHS6|1.B.10.2.6	36.2	229	131	6	24	240	36	261	2.1e-36	149.1
BCW-200097_00916	gnl|TC-DB|Q46821|2.A.40.3.3	39.0	420	252	4	16	432	25	443	1.4e-73	273.5
BCW-200097_00917	gnl|TC-DB|G3IME2|9.B.35.1.2	34.5	113	65	3	2	107	31	141	1.6e-12	68.6
BCW-200097_00923	gnl|TC-DB|Q9JTL9|5.A.1.1.2	30.0	593	365	13	3	569	1	569	1.4e-57	220.7
BCW-200097_00924	gnl|TC-DB|D4ZZR3|9.B.34.1.3	40.2	209	110	6	190	385	187	393	8.1e-30	127.9
BCW-200097_00930	gnl|TC-DB|Q01674|1.B.14.1.17	23.8	673	438	19	72	708	51	684	1.8e-38	157.5
BCW-200097_00945	gnl|TC-DB|B9MIH1|2.A.106.1.4	58.4	185	75	1	11	195	1	183	9.4e-59	223.0
BCW-200097_00946	gnl|TC-DB|Q8G8W9|1.B.14.1.26	29.4	690	443	17	55	712	131	808	1.4e-72	270.8
BCW-200097_00952	gnl|TC-DB|B2I1H5|1.B.1.2.1	96.9	255	8	0	1	255	1	255	1.7e-142	501.5
BCW-200097_00960	gnl|TC-DB|P31552|4.C.1.1.6	23.7	540	354	13	89	614	22	517	2.3e-26	117.1
BCW-200097_00967	gnl|TC-DB|Q93N33|2.A.21.9.2	39.3	1191	653	17	7	1166	5	1156	3.0e-205	712.2
BCW-200097_00968	gnl|TC-DB|P0AF54|9.B.136.1.1	39.2	97	58	1	7	102	7	103	4.2e-13	70.5
BCW-200097_00969	gnl|TC-DB|P32705|2.A.21.7.2	65.6	558	175	4	14	571	9	549	5.7e-194	673.7
BCW-200097_00970	gnl|TC-DB|K6KRX2|1.A.1.28.6	88.7	230	26	0	1	230	1	230	8.6e-109	389.4
BCW-200097_00971	gnl|TC-DB|Q6F754|2.A.15.1.9	76.4	656	154	1	1	655	1	656	1.6e-296	1014.6
BCW-200097_00972	gnl|TC-DB|Q5K1Z4|1.B.1.2.4	70.5	302	79	5	1	301	1	293	2.4e-98	355.1
BCW-200097_00973	gnl|TC-DB|D4ZZR3|9.B.34.1.3	34.5	168	102	3	406	567	228	393	6.8e-22	102.1
BCW-200097_00979	gnl|TC-DB|P52112|9.B.72.1.1	51.0	102	50	0	7	108	3	104	2.1e-23	104.8
BCW-200097_00983	gnl|TC-DB|C9RH03|2.A.109.3.1	48.0	358	161	3	1	358	7	339	3.4e-83	305.1
BCW-200097_00984	gnl|TC-DB|P77726|2.A.1.2.60	41.7	432	248	4	6	434	10	440	1.4e-81	300.1
BCW-200097_00987	gnl|TC-DB|Q1D212|2.A.78.2.3	33.5	236	128	2	19	225	9	244	1.4e-29	126.3
BCW-200097_00989	gnl|TC-DB|P25527|2.A.3.1.4	52.0	444	207	4	9	450	3	442	2.7e-112	402.1
BCW-200097_01004	gnl|TC-DB|P43531|2.A.1.36.1	39.8	387	221	3	21	400	25	406	2.5e-66	249.2
BCW-200097_01013	gnl|TC-DB|P77735|8.A.5.1.6	31.4	341	194	8	1	320	1	322	1.4e-38	156.8
BCW-200097_01021	gnl|TC-DB|P0A756|2.A.37.1.2	38.5	135	82	1	3	137	7	140	2.0e-23	105.5
BCW-200097_01028	gnl|TC-DB|P63183|2.A.72.1.1	48.6	628	311	5	3	625	2	622	1.1e-163	573.2
BCW-200097_01033	gnl|TC-DB|P60844|1.A.8.3.1	67.1	228	74	1	3	229	4	231	3.4e-81	297.7
BCW-200097_01041	gnl|TC-DB|K7QW88|2.A.7.3.52	36.7	275	158	8	14	284	9	271	1.7e-27	119.8
BCW-200097_01043	gnl|TC-DB|Q88RG3|3.A.1.109.3	30.4	217	144	3	346	560	483	694	5.2e-22	102.4
BCW-200097_01057	gnl|TC-DB|Q8F8H7|2.A.53.3.8	35.9	732	416	18	14	724	27	726	1.7e-94	343.6
BCW-200097_01065	gnl|TC-DB|P43672|3.A.1.120.6	35.9	501	308	5	21	515	18	511	1.3e-78	290.4
BCW-200097_01070	gnl|TC-DB|P13510|2.A.6.1.2	36.6	344	209	4	65	406	184	520	6.7e-48	188.0
BCW-200097_01071	gnl|TC-DB|Q88RT6|2.A.6.1.5	62.0	1038	383	4	14	1040	1	1038	0.0e+00	1214.9
BCW-200097_01072	gnl|TC-DB|P13512|2.A.4.1.1	60.5	291	108	2	1	289	1	286	4.0e-88	321.2
BCW-200097_01078	gnl|TC-DB|Q47689|2.A.3.1.10	53.7	456	206	1	12	467	2	452	3.4e-144	508.1
BCW-200097_01083	gnl|TC-DB|P0AG78|3.A.1.6.1	64.0	317	113	1	12	327	10	326	2.7e-119	424.9
BCW-200097_01089	gnl|TC-DB|P0A6W3|9.B.146.1.6	54.8	372	156	2	1	372	1	360	8.7e-111	396.7
BCW-200097_01093	gnl|TC-DB|Q8VRL8|3.A.11.1.3	27.6	370	239	8	7	352	10	374	1.8e-25	113.2
BCW-200097_01097	gnl|TC-DB|P34750|1.B.22.2.1	38.0	722	397	10	12	704	11	710	4.2e-130	461.8
BCW-200097_01107	gnl|TC-DB|P04739|3.A.15.2.1	39.2	148	77	4	1	143	1	140	5.0e-13	70.9
BCW-200097_01121	gnl|TC-DB|O31068|9.A.21.1.1	33.2	992	438	35	275	1138	248	1142	3.6e-121	433.0
BCW-200097_01131	gnl|TC-DB|L7KTB5|2.A.102.3.2	34.1	226	146	2	31	254	26	250	8.1e-31	130.6
BCW-200097_01133	gnl|TC-DB|P0AA67|2.A.7.3.6	38.8	286	170	4	1	285	5	286	1.1e-44	176.8
BCW-200097_01134	gnl|TC-DB|P0AA67|2.A.7.3.6	48.2	276	141	2	16	290	17	291	8.9e-58	220.3
BCW-200097_01142	gnl|TC-DB|A3M9E9|2.A.1.2.51	93.3	406	27	0	1	406	1	406	7.4e-204	706.1
BCW-200097_01143	gnl|TC-DB|P75870|2.A.85.1.1	41.9	714	403	4	4	712	2	708	3.6e-153	538.5
BCW-200097_01145	gnl|TC-DB|B1LE48|2.A.86.2.1	28.2	369	251	8	7	369	9	369	7.6e-30	127.9
BCW-200097_01152	gnl|TC-DB|Q47689|2.A.3.1.10	52.3	451	210	1	17	467	7	452	5.7e-139	490.7
BCW-200097_01158	gnl|TC-DB|Q58AJ7|9.B.105.1.1	38.9	157	94	1	20	176	204	358	1.6e-22	102.4
BCW-200097_01161	gnl|TC-DB|Q2TJJ2|2.A.16.4.3	36.3	383	221	3	14	375	24	404	1.2e-62	236.9
BCW-200097_01164	gnl|TC-DB|Q8KZQ6|3.A.1.17.2	53.8	238	106	3	29	265	14	248	5.2e-65	244.2
BCW-200097_01165	gnl|TC-DB|O85765|3.A.1.17.2	63.6	258	93	1	8	264	1	258	3.6e-90	327.8
BCW-200097_01167	gnl|TC-DB|P75853|3.A.1.17.10	45.6	298	161	1	27	324	13	309	1.0e-75	280.0
BCW-200097_01168	gnl|TC-DB|O85763|3.A.1.17.2	57.3	281	120	0	38	318	30	310	3.0e-91	331.6
BCW-200097_01185	gnl|TC-DB|P37169|2.A.66.4.1	40.5	514	293	3	1	510	14	518	3.5e-110	395.2
BCW-200097_01189	gnl|TC-DB|P76387|8.A.3.3.2	32.9	706	445	11	9	706	16	700	3.6e-92	335.9
BCW-200097_01191	gnl|TC-DB|Q45407|1.B.18.3.2	33.5	361	225	7	8	358	14	369	4.2e-49	191.8
BCW-200097_01202	gnl|TC-DB|H8E4X1|9.B.18.1.2	41.9	191	97	2	2	178	329	519	2.3e-36	148.7
BCW-200097_01205	gnl|TC-DB|Q6MMD5|9.B.18.2.1	48.3	594	302	5	3	593	11	602	2.8e-146	515.4
BCW-200097_01211	gnl|TC-DB|P33231|2.A.14.1.1	72.5	552	151	1	2	553	1	551	5.1e-232	800.0
BCW-200097_01240	gnl|TC-DB|Q21EL3|1.B.14.1.24	34.3	665	414	12	46	696	44	699	1.4e-101	367.1
BCW-200097_01241	gnl|TC-DB|V5FN92|9.B.169.1.12	50.8	380	179	7	5	380	16	391	6.2e-96	347.4
BCW-200097_01246	gnl|TC-DB|P0AAE0|2.A.3.1.7	58.6	464	186	1	8	471	11	468	2.2e-154	542.0
BCW-200097_01247	gnl|TC-DB|P0AAE0|2.A.3.1.7	58.4	464	187	1	8	471	11	468	1.8e-153	538.9
BCW-200097_01257	gnl|TC-DB|Q45082|2.A.1.6.5	41.9	413	240	0	7	419	21	433	1.2e-90	330.1
BCW-200097_01261	gnl|TC-DB|Q42524|4.C.1.1.7	25.8	415	254	14	155	564	195	560	7.0e-28	122.1
BCW-200097_01276	gnl|TC-DB|P0ABP6|9.B.27.2.3	58.0	205	84	2	3	205	7	211	1.1e-62	236.1
BCW-200097_01291	gnl|TC-DB|P0AG34|2.A.76.1.1	39.3	211	119	2	1	207	1	206	9.4e-38	153.3
BCW-200097_01292	gnl|TC-DB|P39832|3.A.1.15.5	32.4	262	172	2	5	265	2	259	1.0e-28	123.6
BCW-200097_01293	gnl|TC-DB|P0A9X1|3.A.1.15.5	46.2	236	112	3	10	235	4	234	3.2e-51	198.4
BCW-200097_01297	gnl|TC-DB|P0AB98|3.A.2.1.1	56.8	292	104	7	1	291	1	271	1.4e-79	292.7
BCW-200097_01298	gnl|TC-DB|P68699|3.A.2.1.1	51.4	74	36	0	3	76	4	77	3.9e-16	80.1
BCW-200097_01299	gnl|TC-DB|P0ABA0|3.A.2.1.1	67.4	43	14	0	1	43	1	43	1.8e-12	68.9
BCW-200097_01300	gnl|TC-DB|P0ABA4|3.A.2.1.1	32.6	172	115	1	1	172	1	171	1.1e-21	99.8
BCW-200097_01301	gnl|TC-DB|P0ABB0|3.A.2.1.1	74.8	512	129	0	3	514	2	513	3.9e-218	753.8
BCW-200097_01302	gnl|TC-DB|P0ABA6|3.A.2.1.1	61.2	289	110	2	1	289	1	287	1.9e-97	352.1
BCW-200097_01303	gnl|TC-DB|P0ABB4|3.A.2.1.1	79.4	466	88	3	1	464	1	460	9.3e-211	729.2
BCW-200097_01304	gnl|TC-DB|P0A6E6|3.A.2.1.1	48.9	133	68	0	3	135	4	136	1.2e-28	122.5
BCW-200097_01308	gnl|TC-DB|P77389|2.A.1.2.65	29.4	384	267	3	20	402	5	385	1.4e-37	153.7
BCW-200097_01312	gnl|TC-DB|Q8VRK4|3.A.11.1.3	39.7	224	122	4	92	311	67	281	5.7e-33	138.3
BCW-200097_01316	gnl|TC-DB|P72121|1.B.14.4.1	50.5	677	298	7	41	699	66	723	4.8e-187	651.0
BCW-200097_01328	gnl|TC-DB|Q83XH1|3.A.1.121.4	31.7	514	338	7	1	504	1	511	5.4e-68	255.4
BCW-200097_01338	gnl|TC-DB|P25714|2.A.9.3.1	45.9	505	250	8	83	583	59	544	2.6e-117	419.1
BCW-200097_01341	gnl|TC-DB|Q1LRZ2|2.A.4.3.9	55.5	326	118	3	10	309	38	362	3.4e-79	291.6
BCW-200097_01348	gnl|TC-DB|P42601|2.A.109.1.7	49.5	319	157	1	1	315	1	319	8.6e-83	303.5
BCW-200097_01349	gnl|TC-DB|P94571|9.B.105.1.3	30.1	163	113	1	6	168	1	162	3.3e-16	81.6
BCW-200097_01352	gnl|TC-DB|C1D6W6|2.A.7.34.1	53.5	114	52	1	6	119	1	113	2.3e-28	121.3
BCW-200097_01361	gnl|TC-DB|P0A6Y8|1.A.33.1.2	69.8	649	181	4	1	645	1	638	5.9e-248	853.2
BCW-200097_01372	gnl|TC-DB|P0AAE0|2.A.3.1.7	57.8	448	189	0	25	472	16	463	5.8e-147	517.3
BCW-200097_01376	gnl|TC-DB|Q7V7U0|2.A.7.28.11	28.2	308	203	4	1	296	1	302	4.2e-23	105.1
BCW-200097_01378	gnl|TC-DB|C4ZZU4|2.A.1.14.40	61.8	437	165	2	17	452	13	448	1.2e-162	569.3
BCW-200097_01386	gnl|TC-DB|Q6FDI3|1.B.25.1.6	42.1	425	234	6	2	415	4	427	2.5e-90	328.9
BCW-200097_01391	gnl|TC-DB|P77589|2.A.1.15.2	44.7	389	210	2	8	396	10	393	1.5e-84	309.7
BCW-200097_01396	gnl|TC-DB|O24842|2.A.1.15.6	85.0	446	67	0	1	446	1	446	9.9e-210	725.7
BCW-200097_01397	gnl|TC-DB|Q6FDI3|1.B.25.1.6	86.7	427	56	1	1	426	1	427	1.0e-224	775.4
BCW-200097_01406	gnl|TC-DB|P70786|2.A.1.14.3	71.8	429	120	1	4	432	21	448	2.1e-177	618.2
BCW-200097_01415	gnl|TC-DB|P31466|2.A.40.7.6	49.4	431	217	1	6	435	10	440	4.2e-112	401.4
BCW-200097_01429	gnl|TC-DB|P0A9T4|8.A.5.1.5	50.7	349	169	1	1	349	1	346	1.5e-99	359.4
BCW-200097_01434	gnl|TC-DB|Q9FI56|3.A.9.1.2	45.4	862	392	12	3	844	95	897	1.7e-205	712.6
BCW-200097_01441	gnl|TC-DB|P37665|9.B.186.1.1	37.5	104	65	0	367	470	114	217	1.1e-12	71.2
BCW-200097_01453	gnl|TC-DB|P45946|2.A.59.1.2	59.8	338	136	0	6	343	4	341	1.8e-110	395.6
BCW-200097_01461	gnl|TC-DB|P94575|2.A.39.3.4	32.8	457	301	3	15	469	12	464	2.0e-78	289.7
BCW-200097_01464	gnl|TC-DB|Q47539|3.A.1.17.1	58.7	252	103	1	37	287	22	273	9.9e-78	286.6
BCW-200097_01465	gnl|TC-DB|Q47538|3.A.1.17.1	50.6	255	124	1	3	257	1	253	1.3e-68	256.1
BCW-200097_01466	gnl|TC-DB|Q47537|3.A.1.17.1	52.9	325	140	2	21	345	9	320	3.1e-94	341.7
BCW-200097_01468	gnl|TC-DB|Q46909|2.A.1.1.95	28.0	403	258	11	47	445	31	405	1.6e-24	110.5
BCW-200097_01472	gnl|TC-DB|P0ABJ9|3.D.4.3.2	38.5	309	187	2	5	311	2	309	8.8e-63	237.7
BCW-200097_01473	gnl|TC-DB|P0ABK2|3.D.4.3.2	27.7	368	211	12	1	321	1	360	5.4e-27	118.2
BCW-200097_01477	gnl|TC-DB|Q9Z445|2.A.70.1.2	78.5	246	53	0	9	254	9	254	7.1e-104	373.2
BCW-200097_01478	gnl|TC-DB|Q9Z446|2.A.70.1.2	64.8	125	44	0	1	125	24	148	1.1e-34	142.5
BCW-200097_01481	gnl|TC-DB|O06927|3.B.1.1.4	35.9	206	124	5	18	216	21	225	7.8e-24	107.5
BCW-200097_01482	gnl|TC-DB|O06926|3.B.1.1.4	42.0	219	117	1	8	216	7	225	7.8e-43	170.6
BCW-200097_01485	gnl|TC-DB|O06924|3.B.1.1.4	55.0	555	244	3	8	559	3	554	2.1e-180	628.6
BCW-200097_01486	gnl|TC-DB|D5AKT2|2.A.1.81.1	37.4	385	234	2	8	386	14	397	8.0e-62	234.2
BCW-200097_01490	gnl|TC-DB|P39590|2.A.122.1.5	31.7	218	149	0	6	223	5	222	2.0e-33	139.0
BCW-200097_01491	gnl|TC-DB|E7UC95|1.E.14.1.9	33.8	130	81	1	9	138	9	133	3.0e-11	64.7
BCW-200097_01493	gnl|TC-DB|B7LBF5|1.A.12.3.2	50.7	211	101	2	1	208	1	211	7.4e-51	196.8
BCW-200097_01504	gnl|TC-DB|P0AG38|2.A.76.1.2	29.7	209	127	4	9	207	5	203	7.6e-19	90.5
BCW-200097_01506	gnl|TC-DB|Q0P9X8|3.A.1.3.16	27.9	215	141	3	10	219	5	210	1.2e-19	93.6
BCW-200097_01507	gnl|TC-DB|Q0P9X8|3.A.1.3.16	33.3	186	119	4	32	212	22	207	2.6e-22	102.4
BCW-200097_01508	gnl|TC-DB|P0AAG3|3.A.1.3.4	51.7	236	114	0	3	238	1	236	5.1e-67	250.8
BCW-200097_01510	gnl|TC-DB|A1VZQ3|3.A.1.3.16	32.1	215	142	3	3	214	32	245	5.6e-25	110.9
BCW-200097_01533	gnl|TC-DB|Q6FBB3|2.A.1.15.7	59.7	427	172	0	1	427	1	427	1.2e-138	489.6
BCW-200097_01534	gnl|TC-DB|D0SAV4|1.B.70.1.1	39.7	360	197	9	76	428	80	426	3.1e-67	252.3
BCW-200097_01536	gnl|TC-DB|P69451|4.C.1.1.4	33.2	546	339	16	24	557	27	558	7.6e-74	274.6
BCW-200097_01548	gnl|TC-DB|P76628|2.A.1.36.3	34.6	384	249	1	4	387	1	382	9.0e-61	230.7
BCW-200097_01552	gnl|TC-DB|P94131|2.A.1.15.4	59.3	405	158	2	33	436	15	413	1.6e-140	495.7
BCW-200097_01559	gnl|TC-DB|P76628|2.A.1.36.3	38.0	371	224	2	15	382	13	380	1.0e-64	243.8
BCW-200097_01565	gnl|TC-DB|P94131|2.A.1.15.4	89.7	407	41	1	10	416	8	413	4.3e-207	716.8
BCW-200097_01569	gnl|TC-DB|Q9KLQ6|3.A.1.20.2	25.5	538	377	12	27	548	151	680	4.7e-31	132.5
BCW-200097_01570	gnl|TC-DB|O54370|3.A.1.20.1	38.3	347	201	5	41	383	5	342	2.6e-60	229.2
BCW-200097_01571	gnl|TC-DB|Q9KLQ7|3.A.1.20.2	31.8	296	183	6	58	339	46	336	6.3e-39	157.9
BCW-200097_01580	gnl|TC-DB|P39649|2.A.7.3.4	29.6	284	189	5	18	300	8	281	5.4e-18	88.2
BCW-200097_01589	gnl|TC-DB|P17583|2.A.1.17.1	41.3	375	216	3	13	385	1	373	2.2e-72	269.2
BCW-200097_01596	gnl|TC-DB|Q9KN51|3.A.23.1.1	27.2	456	313	7	1	451	1	442	4.6e-45	178.7
BCW-200097_01597	gnl|TC-DB|A8YQR7|3.A.23.2.1	30.7	358	234	5	3	356	4	351	1.3e-42	170.2
BCW-200097_01598	gnl|TC-DB|Q6EE14|3.A.23.2.1	51.0	858	397	6	2	852	3	844	3.2e-228	788.1
BCW-200097_01600	gnl|TC-DB|D5ERW9|9.B.186.1.3	39.4	127	68	3	134	251	81	207	4.0e-14	75.1
BCW-200097_01602	gnl|TC-DB|Q5ZYB4|3.A.7.9.1	22.2	563	348	19	122	679	25	502	7.8e-18	89.7
BCW-200097_01605	gnl|TC-DB|Q6EE16|3.A.23.2.1	27.9	612	426	9	4	602	3	612	7.6e-64	241.5
BCW-200097_01608	gnl|TC-DB|Q6EE20|3.A.23.2.1	61.6	471	180	1	19	489	21	490	2.1e-176	615.1
BCW-200097_01609	gnl|TC-DB|Q6EE21|3.A.23.2.1	47.8	159	83	0	5	163	4	162	1.6e-40	162.2
BCW-200097_01613	gnl|TC-DB|A8YQR5|3.A.23.2.1	23.1	585	358	15	12	589	1	500	3.7e-25	113.6
BCW-200097_01622	gnl|TC-DB|A8YQR5|3.A.23.2.1	24.4	589	345	17	12	589	1	500	1.1e-28	125.6
BCW-200097_01624	gnl|TC-DB|O32182|2.A.1.3.33	25.7	417	305	5	2	415	10	424	1.5e-29	127.1
BCW-200097_01626	gnl|TC-DB|Q7BW13|3.A.1.16.2	27.3	176	125	2	122	296	74	247	7.3e-18	87.8
BCW-200097_01627	gnl|TC-DB|Q55107|3.A.1.16.3	46.9	241	124	3	34	270	18	258	2.8e-56	215.3
BCW-200097_01629	gnl|TC-DB|Q9MUK5|3.A.9.1.1	36.2	163	101	1	64	223	60	222	8.0e-21	98.6
BCW-200097_01634	gnl|TC-DB|P0A754|2.A.37.1.1	46.0	113	60	1	1	113	1	112	1.3e-24	109.4
BCW-200097_01640	gnl|TC-DB|V2FAS1|2.A.7.17.1	45.4	291	158	1	1	291	1	290	5.6e-71	264.2
BCW-200097_01651	gnl|TC-DB|B2UHN5|2.A.49.9.2	44.9	403	220	1	2	404	3	403	3.5e-97	351.7
BCW-200097_01656	gnl|TC-DB|P42964|2.A.55.3.2	47.5	387	196	4	16	402	18	397	2.5e-90	328.9
BCW-200097_01668	gnl|TC-DB|Q8NLD6|2.A.1.2.87	27.4	350	244	5	9	351	10	356	1.3e-24	110.5
BCW-200097_01676	gnl|TC-DB|P09489|1.B.12.5.1	32.1	165	78	3	420	553	349	510	5.0e-13	72.8
BCW-200097_01680	gnl|TC-DB|P25184|1.B.14.1.14	33.3	835	492	15	27	847	36	819	1.6e-120	430.3
BCW-200097_01686	gnl|TC-DB|Q21EL3|1.B.14.1.24	27.9	730	457	23	19	723	14	699	1.7e-57	220.7
BCW-200097_01690	gnl|TC-DB|Q47537|3.A.1.17.1	32.0	294	182	5	67	354	38	319	6.8e-36	147.9
BCW-200097_01691	gnl|TC-DB|Q47539|3.A.1.17.1	41.1	248	145	1	12	258	26	273	3.4e-53	204.9
BCW-200097_01692	gnl|TC-DB|Q55108|3.A.1.16.3	42.1	254	138	3	4	251	19	269	2.6e-56	215.3
BCW-200097_01698	gnl|TC-DB|P94369|2.A.39.1.5	34.8	451	279	8	13	456	3	445	3.6e-69	258.8
BCW-200097_01709	gnl|TC-DB|P0AA67|2.A.7.3.6	35.8	260	165	2	18	275	19	278	1.5e-38	156.4
BCW-200097_01711	gnl|TC-DB|Q53148|2.A.3.5.1	62.5	459	163	4	15	469	27	480	6.4e-151	530.4
BCW-200097_01743	gnl|TC-DB|Q9I2M0|3.A.1.109.4	36.5	367	228	5	29	392	29	393	3.4e-52	202.2
BCW-200097_01744	gnl|TC-DB|Q9I2M1|3.A.1.109.4	39.8	669	388	5	44	711	66	720	1.2e-132	470.3
BCW-200097_01745	gnl|TC-DB|Q9I2M2|3.A.1.109.4	23.6	382	274	5	79	455	30	398	3.9e-18	89.4
BCW-200097_01746	gnl|TC-DB|P0A9V1|1.B.42.1.2	66.7	237	79	0	10	246	3	239	1.4e-88	322.4
BCW-200097_01747	gnl|TC-DB|P0ADV1|1.B.42.1.2	29.4	170	108	3	4	172	9	167	1.8e-13	72.4
BCW-200097_01761	gnl|TC-DB|A8GHT9|2.A.1.36.2	61.8	390	149	0	12	401	11	400	3.6e-126	448.0
BCW-200097_01764	gnl|TC-DB|P0AAT4|1.A.23.4.5	41.5	388	226	1	22	408	22	409	5.8e-79	291.2
BCW-200097_01784	gnl|TC-DB|P76249|2.A.76.1.5	32.5	163	101	4	7	163	13	172	5.9e-16	80.9
BCW-200097_01794	gnl|TC-DB|V9RYY0|2.A.76.2.3	36.3	193	123	0	2	194	4	196	5.2e-30	127.5
BCW-200097_01799	gnl|TC-DB|Q8ZRG7|3.A.3.5.20	69.4	745	223	2	81	822	11	753	1.2e-288	988.8
BCW-200097_01801	gnl|TC-DB|Q9KN48|3.A.23.1.1	34.8	368	218	2	211	556	160	527	3.5e-55	212.6
BCW-200097_01807	gnl|TC-DB|Q7WTJ2|5.B.1.3.2	98.6	353	5	0	1	353	1	353	4.7e-207	716.5
BCW-200097_01814	gnl|TC-DB|P07775|2.A.46.1.1	79.4	388	80	0	1	388	1	388	7.8e-174	606.3
BCW-200097_01815	gnl|TC-DB|Q6FBB3|2.A.1.15.7	56.1	437	190	2	1	435	1	437	5.8e-133	470.7
BCW-200097_01816	gnl|TC-DB|Q6FCB4|1.B.25.2.1	64.0	386	133	3	34	418	35	415	1.5e-143	505.8
BCW-200097_01841	gnl|TC-DB|Q6MLK6|1.A.46.2.5	38.0	300	173	5	1	293	7	300	1.7e-51	199.5
BCW-200097_01844	gnl|TC-DB|P0AG93|2.A.6.4.1	40.7	295	172	2	19	310	15	309	4.3e-50	194.9
BCW-200097_01845	gnl|TC-DB|P0AG90|2.A.6.4.1	45.4	634	321	12	2	632	4	615	9.2e-137	483.8
BCW-200097_01846	gnl|TC-DB|P0ADZ7|3.A.5.1.1	40.9	110	64	1	1	109	1	110	2.2e-14	74.7
BCW-200097_01889	gnl|TC-DB|B0VUM9|1.E.56.1.11	58.1	86	34	2	4	89	2	85	1.4e-22	101.7
BCW-200097_01906	gnl|TC-DB|B8F5K7|4.D.1.3.2	29.3	246	168	4	7	247	5	249	6.3e-20	94.4
BCW-200097_01915	gnl|TC-DB|Q9JZN9|1.B.14.2.9	40.2	758	363	16	8	683	9	758	6.7e-149	524.2
BCW-200097_01931	gnl|TC-DB|P06129|1.B.14.3.1	26.8	622	394	20	33	623	23	614	2.0e-38	157.1
BCW-200097_01945	gnl|TC-DB|P10408|3.A.5.1.1	58.6	910	363	5	1	906	1	900	3.0e-306	1047.3
BCW-200097_01947	gnl|TC-DB|P37643|2.A.1.6.10	57.9	423	173	2	15	432	18	440	1.2e-132	469.5
BCW-200097_01948	gnl|TC-DB|P54176|1.C.113.1.1	40.9	203	119	1	8	209	13	215	9.8e-35	143.3
BCW-200097_01957	gnl|TC-DB|Q51485|1.B.19.1.1	52.6	439	176	4	11	417	16	454	2.2e-134	475.3
BCW-200097_01964	gnl|TC-DB|Q8KWW6|1.B.6.1.4	96.5	341	11	1	1	340	1	341	1.9e-187	651.4
BCW-200097_01967	gnl|TC-DB|P25737|2.A.3.1.2	62.3	488	180	3	1	486	2	487	1.7e-175	612.1
BCW-200097_01969	gnl|TC-DB|P0AGM9|2.A.40.4.2	53.3	439	204	1	11	448	21	459	1.2e-125	446.4
BCW-200097_01971	gnl|TC-DB|Q2KCQ1|1.A.22.1.4	52.4	145	61	4	3	142	1	142	3.2e-29	124.4
BCW-200097_01976	gnl|TC-DB|P76115|1.B.14.9.5	46.9	697	347	10	20	706	16	699	1.0e-176	616.7
BCW-200097_01980	gnl|TC-DB|Q5K698|3.A.7.11.1	39.5	238	139	3	1	235	1	236	6.7e-48	187.2
BCW-200097_01987	gnl|TC-DB|E8PBU7|2.A.6.3.3	93.0	1011	71	0	22	1032	1	1011	0.0e+00	1748.4
BCW-200097_01993	gnl|TC-DB|M3JA40|1.B.52.2.1	33.5	167	95	3	533	691	302	460	4.6e-12	69.7
BCW-200097_02017	gnl|TC-DB|P25694|3.A.16.1.2	36.3	311	177	5	145	451	461	754	8.4e-53	204.9
BCW-200097_02027	gnl|TC-DB|P0AEX3|2.A.1.6.2	49.6	427	211	1	1	427	1	423	9.0e-115	410.2
BCW-200097_02039	gnl|TC-DB|Q8GKU1|2.A.6.2.4	53.0	1027	479	2	1	1024	1	1026	1.1e-304	1042.3
BCW-200097_02041	gnl|TC-DB|P23894|9.B.1.1.6	48.8	299	136	6	1	295	1	286	1.8e-66	249.2
BCW-200097_02048	gnl|TC-DB|Q42524|4.C.1.1.7	24.8	427	262	13	113	511	161	556	4.1e-25	114.0
BCW-200097_02049	gnl|TC-DB|O32167|3.A.1.24.2	31.4	226	150	3	61	283	51	274	6.2e-27	117.9
BCW-200097_02071	gnl|TC-DB|P07658|3.D.1.9.2	27.6	370	226	9	122	477	61	402	3.4e-35	146.7
BCW-200097_02073	gnl|TC-DB|657066955|9.B.143.3.6	41.7	72	42	0	10	81	264	335	2.9e-13	71.2
BCW-200097_02078	gnl|TC-DB|P0AAE0|2.A.3.1.7	61.5	457	170	2	9	465	14	464	6.8e-153	537.0
BCW-200097_02084	gnl|TC-DB|G4NXW2|2.A.76.1.8	28.5	207	142	2	5	205	4	210	2.0e-19	92.4
BCW-200097_02091	gnl|TC-DB|V5BTU4|9.B.142.2.8	29.2	400	268	6	11	399	18	413	5.0e-38	155.6
BCW-200097_02093	gnl|TC-DB|Q55487|4.D.2.1.9	44.0	300	166	2	7	304	5	304	8.9e-75	276.9
BCW-200097_02095	gnl|TC-DB|J7ZHK9|3.A.1.105.9	24.4	340	222	9	48	360	49	380	5.3e-12	68.6
BCW-200097_02104	gnl|TC-DB|P75958|3.A.1.125.1	39.4	411	246	2	1	408	1	411	1.8e-69	259.6
BCW-200097_02105	gnl|TC-DB|P75957|3.A.1.125.1	51.8	222	106	1	1	222	1	221	2.1e-59	225.3
BCW-200097_02106	gnl|TC-DB|A6XWX0|3.A.11.2.3	29.2	575	358	16	232	800	204	735	4.0e-52	203.0
BCW-200097_02112	gnl|TC-DB|C9VRY8|2.A.86.1.5	31.1	344	234	2	12	355	50	390	2.4e-34	142.9
BCW-200097_02122	gnl|TC-DB|C6EJJ6|2.C.1.2.1	39.0	172	95	2	7	178	12	173	2.4e-24	108.6
BCW-200097_02123	gnl|TC-DB|P0A855|2.C.1.2.1	52.9	410	180	8	27	425	21	428	3.0e-30	129.4
BCW-200097_02125	gnl|TC-DB|Q1D0D2|1.A.30.2.7	38.9	131	70	2	18	148	14	134	1.4e-19	92.4
BCW-200097_02126	gnl|TC-DB|P0ABU9|1.A.30.2.2	46.2	225	119	2	9	231	4	228	5.8e-44	174.1
BCW-200097_02134	gnl|TC-DB|I7FD23|2.A.1.2.97	27.5	374	269	2	12	385	20	391	5.1e-32	135.2
BCW-200097_02148	gnl|TC-DB|C0L0K3|1.B.63.1.1	78.5	247	47	2	1	242	1	246	2.4e-109	391.3
BCW-200097_02150	gnl|TC-DB|P16676|3.A.1.6.1	63.3	283	103	1	1	283	1	282	1.1e-99	359.8
BCW-200097_02151	gnl|TC-DB|P0AEB0|3.A.1.6.1	50.7	276	135	1	13	288	6	280	9.4e-76	280.0
BCW-200097_02152	gnl|TC-DB|P16701|3.A.1.6.1	51.5	266	129	0	6	271	8	273	3.2e-73	271.6
BCW-200097_02154	gnl|TC-DB|P0AG78|3.A.1.6.1	65.4	324	109	3	8	329	6	328	4.9e-121	430.6
BCW-200097_02159	gnl|TC-DB|F9VN10|3.D.10.1.4	35.1	539	313	13	10	523	6	532	1.2e-71	267.3
BCW-200097_02182	gnl|TC-DB|O68827|2.A.7.7.1	37.7	292	181	1	3	293	6	297	3.1e-48	188.7
BCW-200097_02192	gnl|TC-DB|Q9P6J2|2.A.89.3.8	45.6	226	123	0	8	233	11	236	1.5e-47	186.0
BCW-200097_02197	gnl|TC-DB|Q54066|4.D.1.1.2	26.2	313	219	8	52	361	49	352	2.8e-25	112.8
BCW-200097_02209	gnl|TC-DB|D6IHN4|2.A.1.51.2	23.6	382	266	10	5	375	13	379	1.3e-11	67.4
BCW-200097_02211	gnl|TC-DB|P77529|2.A.23.1.8	75.8	463	112	0	1	463	1	463	9.3e-187	649.4
BCW-200097_02235	gnl|TC-DB|P15993|2.A.3.1.3	62.3	438	165	0	8	445	10	447	8.4e-156	546.6
BCW-200097_02237	gnl|TC-DB|O51234|3.A.1.7.5	29.4	296	194	5	144	439	3	283	4.5e-24	109.0
BCW-200097_02238	gnl|TC-DB|C3KCB6|3.A.1.7.3	29.9	211	143	2	241	448	76	284	4.0e-20	95.9
BCW-200097_02239	gnl|TC-DB|O51236|3.A.1.7.5	55.6	257	113	1	44	300	5	260	1.8e-82	302.4
BCW-200097_02253	gnl|TC-DB|B7LEG0|1.A.34.1.2	40.7	270	124	3	41	274	109	378	2.5e-30	129.0
BCW-200097_02256	gnl|TC-DB|G3XCT7|2.A.1.25.5	28.1	762	302	15	7	711	1	573	1.4e-64	244.2
BCW-200097_02258	gnl|TC-DB|P39836|2.A.28.3.4	50.5	319	148	4	7	321	7	319	9.0e-80	293.5
BCW-200097_02264	gnl|TC-DB|P15078|2.A.114.1.1	57.9	677	277	4	14	684	8	682	8.4e-224	773.1
BCW-200097_02286	gnl|TC-DB|G0LBU8|1.B.14.6.11	39.6	159	81	6	52	200	201	354	4.9e-14	76.6
BCW-200097_02307	gnl|TC-DB|Q5KYD1|2.A.17.1.7	40.2	498	265	10	12	499	18	492	2.3e-85	312.8
BCW-200097_02332	gnl|TC-DB|Q9I458|2.A.1.11.2	56.8	387	163	1	14	400	7	389	3.0e-112	401.7
BCW-200097_02333	gnl|TC-DB|Q9SWR8|2.A.1.8.4	39.2	418	245	3	11	423	31	444	6.4e-76	281.2
BCW-200097_02345	gnl|TC-DB|P0ABG7|2.A.103.1.2	55.6	354	156	1	27	380	11	363	2.3e-106	382.1
BCW-200097_02348	gnl|TC-DB|P0AFN6|3.A.1.105.17	59.4	249	101	0	8	256	7	255	5.3e-83	303.9
BCW-200097_02349	gnl|TC-DB|P36879|3.A.1.105.17	63.8	304	108	2	1	304	1	302	1.8e-101	365.5
BCW-200097_02355	gnl|TC-DB|Q2FD80|2.A.6.2.44	91.6	478	40	0	3	480	4	481	2.2e-242	834.3
BCW-200097_02356	gnl|TC-DB|Q2FD81|2.A.6.2.44	97.2	1059	30	0	1	1059	1	1059	0.0e+00	1870.1
BCW-200097_02357	gnl|TC-DB|Q2FD82|2.A.6.2.44	94.3	406	23	0	1	406	1	406	1.7e-200	694.9
BCW-200097_02359	gnl|TC-DB|P09551|3.A.1.3.1	50.0	258	128	1	5	261	1	258	2.5e-72	268.5
BCW-200097_02360	gnl|TC-DB|P52094|3.A.1.3.29	61.7	227	87	0	3	229	2	228	3.4e-73	271.2
BCW-200097_02361	gnl|TC-DB|P0AEU3|3.A.1.3.29	64.4	236	84	0	1	236	1	236	2.1e-86	315.1
BCW-200097_02362	gnl|TC-DB|P07109|3.A.1.3.29	72.3	253	70	0	6	258	5	257	5.1e-102	367.1
BCW-200097_02363	gnl|TC-DB|Q2FD83|2.A.7.1.11	96.3	109	4	0	1	109	1	109	6.0e-52	199.5
BCW-200097_02371	gnl|TC-DB|Q8F3M7|3.A.15.4.1	40.5	479	279	4	104	581	83	556	5.4e-99	358.2
BCW-200097_02382	gnl|TC-DB|Q848I3|2.A.23.1.10	70.3	448	119	1	3	450	4	437	1.8e-171	598.6
BCW-200097_02404	gnl|TC-DB|O00571|1.I.1.1.3	37.3	354	207	4	18	357	195	547	2.2e-61	232.6
BCW-200097_02434	gnl|TC-DB|Q1CXF2|2.A.66.1.29	44.7	436	241	0	15	450	30	465	3.7e-103	371.7
BCW-200097_02437	gnl|TC-DB|Q9HY88|2.A.6.2.34	31.6	474	303	7	10	474	3	464	9.7e-46	181.0
BCW-200097_02440	gnl|TC-DB|Q9HXW4|2.A.6.2.17	40.5	1017	597	3	6	1015	3	1018	1.2e-213	740.0
BCW-200097_02450	gnl|TC-DB|P0AER8|2.A.27.1.1	51.5	398	181	1	10	407	9	394	7.9e-105	377.1
BCW-200097_02451	gnl|TC-DB|P03819|2.A.37.1.1	39.0	559	332	3	7	561	3	556	9.0e-105	377.5
BCW-200097_02455	gnl|TC-DB|P0C0L7|2.A.1.6.4	70.8	459	127	2	6	458	5	462	1.3e-183	639.0
BCW-200097_02461	gnl|TC-DB|G3IME2|9.B.35.1.2	34.5	116	73	2	20	133	27	141	3.8e-16	80.9
BCW-200097_02482	gnl|TC-DB|O30513|2.A.1.15.5	59.0	449	180	1	3	451	4	448	6.0e-146	513.8
BCW-200097_02487	gnl|TC-DB|Q01857|2.A.23.1.3	72.6	413	113	0	14	426	15	427	1.8e-160	562.0
BCW-200097_02490	gnl|TC-DB|Q8NSN3|3.A.1.24.4	42.6	204	117	0	26	229	14	217	1.5e-39	159.5
BCW-200097_02491	gnl|TC-DB|O32169|3.A.1.24.2	46.2	333	178	1	1	332	1	333	1.1e-83	306.6
BCW-200097_02492	gnl|TC-DB|Q9HT68|3.A.1.24.5	35.0	277	160	3	1	277	1	257	1.1e-39	160.2
BCW-200097_02511	gnl|TC-DB|P0ABJ6|3.D.4.5.1	57.0	107	46	0	3	109	2	108	2.3e-27	117.9
BCW-200097_02512	gnl|TC-DB|P0ABJ3|3.D.4.5.1	62.1	182	66	2	25	206	26	204	4.3e-59	224.2
BCW-200097_02513	gnl|TC-DB|P0ABI8|3.D.4.5.1	65.9	656	223	1	4	658	1	656	5.3e-260	893.3
BCW-200097_02514	gnl|TC-DB|P0ABJ1|3.D.4.5.1	45.1	337	137	5	6	341	10	299	3.3e-72	268.5
BCW-200097_02516	gnl|TC-DB|D2RXA5|8.A.7.1.3	28.4	423	243	11	372	773	145	528	4.4e-35	146.4
BCW-200097_02520	gnl|TC-DB|P75905|4.D.1.1.3	52.3	413	185	7	6	409	28	437	3.7e-118	421.4
BCW-200097_02528	gnl|TC-DB|O85765|3.A.1.17.2	41.5	241	140	1	39	278	18	258	4.9e-50	194.5
BCW-200097_02529	gnl|TC-DB|P75853|3.A.1.17.10	29.2	308	215	3	8	312	3	310	1.8e-27	119.8
BCW-200097_02534	gnl|TC-DB|Q8I553|3.A.16.1.3	29.1	175	100	5	17	181	1	161	1.1e-14	77.0
BCW-200097_02539	gnl|TC-DB|P03959|3.A.3.7.1	38.7	566	316	8	8	564	13	556	2.4e-96	349.4
BCW-200097_02540	gnl|TC-DB|Q1M606|3.A.3.7.2	57.2	663	270	4	25	674	22	683	1.8e-194	675.6
BCW-200097_02541	gnl|TC-DB|Q1M607|3.A.3.7.2	44.0	182	98	2	16	195	5	184	8.0e-34	140.2
BCW-200097_02547	gnl|TC-DB|Q89SS6|2.A.1.42.2	36.0	389	242	4	1	389	6	387	4.5e-58	221.9
BCW-200097_02548	gnl|TC-DB|P0ADE4|1.B.33.2.4	34.4	355	204	8	561	910	247	577	5.9e-52	202.6
BCW-200097_02549	gnl|TC-DB|F0Q2H8|9.B.22.1.3	24.3	457	286	13	1092	1501	1027	1470	1.7e-19	95.5
BCW-200097_02554	gnl|TC-DB|Q41364|2.A.47.3.1	43.4	484	259	5	2	485	101	569	1.5e-110	396.4
BCW-200097_02556	gnl|TC-DB|Q02006|1.A.1.24.1	31.9	254	171	1	2	253	4	257	7.1e-32	134.4
BCW-200097_02557	gnl|TC-DB|P77389|2.A.1.2.65	37.6	375	232	1	20	394	7	379	1.6e-62	236.5
BCW-200097_02579	gnl|TC-DB|Q53148|2.A.3.5.1	62.1	462	166	4	21	478	31	487	4.2e-150	527.7
BCW-200097_02593	gnl|TC-DB|Q55676|1.B.11.6.4	21.0	742	513	18	50	754	116	821	1.1e-17	88.6
BCW-200097_02625	gnl|TC-DB|P39115|3.A.1.121.3	26.4	522	320	15	3	516	2	467	4.4e-31	132.5
BCW-200097_02629	gnl|TC-DB|Q7BGE1|1.E.43.3.7	42.9	140	70	2	7	145	21	151	1.2e-23	105.9
BCW-200097_02630	gnl|TC-DB|P76103|2.A.46.1.9	41.5	381	221	1	8	386	4	384	1.4e-74	276.6
BCW-200097_02632	gnl|TC-DB|P76249|2.A.76.1.5	40.0	215	122	2	30	244	2	209	6.1e-36	147.5
BCW-200097_02635	gnl|TC-DB|A3M6E6|2.A.117.1.1	95.8	144	6	0	1	144	36	179	3.3e-74	273.9
BCW-200097_02641	gnl|TC-DB|C4PAW9|2.A.1.3.43	96.3	492	18	0	1	492	1	492	1.2e-256	881.7
BCW-200097_02662	gnl|TC-DB|P26949|1.B.11.3.8	23.6	719	476	27	103	782	113	797	8.5e-18	89.0
BCW-200097_02664	gnl|TC-DB|Q47142|2.A.1.27.1	26.7	371	245	13	1	360	24	378	2.4e-20	96.3
BCW-200097_02670	gnl|TC-DB|Q9Z3Q5|1.B.14.9.1	28.9	730	434	25	30	713	18	708	1.6e-66	250.8
BCW-200097_02673	gnl|TC-DB|Q5JAK9|2.A.1.2.39	32.3	195	128	4	10	203	7	198	5.7e-15	78.6
BCW-200097_02682	gnl|TC-DB|P18775|5.A.3.3.2	25.7	533	323	21	27	507	67	578	3.1e-24	110.5
BCW-200097_02684	gnl|TC-DB|P07658|3.D.1.9.2	26.5	499	327	14	9	478	2	489	2.5e-35	147.1
BCW-200097_02692	gnl|TC-DB|P96668|2.A.7.3.24	60.5	286	112	1	1	286	1	285	1.8e-92	335.5
BCW-200097_02709	gnl|TC-DB|Q9KN48|3.A.23.1.1	36.6	358	220	3	122	477	173	525	2.4e-55	213.0
BCW-200097_02718	gnl|TC-DB|P0A943|1.B.33.1.3	35.2	855	479	15	10	839	6	810	2.3e-143	506.1
BCW-200097_02732	gnl|TC-DB|P24207|2.A.3.1.1	40.4	426	247	3	3	423	8	431	7.0e-81	297.7
BCW-200097_02736	gnl|TC-DB|O07488|2.A.53.3.1	66.0	483	161	1	1	483	2	481	9.1e-177	616.3
BCW-200097_02740	gnl|TC-DB|D4ZZR3|9.B.34.1.3	31.4	175	113	3	250	420	224	395	1.4e-16	84.7
BCW-200097_02743	gnl|TC-DB|Q9HY57|4.A.2.1.17	58.0	566	225	4	7	562	3	565	4.3e-141	498.0
BCW-200097_02745	gnl|TC-DB|Q9HY55|4.A.2.1.17	51.0	957	461	5	1	951	1	955	4.3e-255	877.5
BCW-200097_02750	gnl|TC-DB|P25185|2.A.26.1.2	61.2	428	166	0	1	428	1	428	1.3e-142	502.7
BCW-200097_02761	gnl|TC-DB|P10121|3.A.5.1.1	63.3	308	110	3	60	366	188	493	1.7e-106	382.5
BCW-200097_02767	gnl|TC-DB|P0ABK2|3.D.4.3.2	55.6	381	167	2	1	381	1	379	2.0e-118	422.2
BCW-200097_02768	gnl|TC-DB|P0ABJ9|3.D.4.3.2	68.9	515	160	0	6	520	4	518	3.0e-213	737.6
BCW-200097_02773	gnl|TC-DB|Q01674|1.B.14.1.17	27.8	677	435	21	34	674	32	690	2.9e-51	199.9
BCW-200097_02776	gnl|TC-DB|O32081|2.A.38.4.3	40.3	437	260	1	9	445	10	445	1.0e-89	327.0
BCW-200097_02777	gnl|TC-DB|O32080|2.A.38.4.3	38.7	212	129	1	3	213	8	219	2.8e-37	151.8
BCW-200097_02785	gnl|TC-DB|Q9FI56|3.A.9.1.2	39.1	814	403	15	10	742	106	907	2.5e-152	535.8
BCW-200097_02786	gnl|TC-DB|P76169|2.A.7.26.1	62.5	96	36	0	17	112	7	102	2.7e-29	124.4
BCW-200097_02804	gnl|TC-DB|P16869|1.B.14.1.1	35.6	727	428	16	17	725	25	729	3.1e-120	429.1
BCW-200097_02812	gnl|TC-DB|Q51955|2.A.1.15.1	66.4	441	146	1	11	451	10	448	6.1e-167	583.6
BCW-200097_02818	gnl|TC-DB|Q51485|1.B.19.1.1	46.0	437	217	6	15	439	25	454	3.9e-110	394.8
BCW-200097_02821	gnl|TC-DB|E7BBJ1|9.B.102.5.2	46.5	127	66	2	7	132	13	138	5.1e-24	107.1
BCW-200097_02822	gnl|TC-DB|E7BBJ2|9.B.102.5.5	49.6	135	68	0	1	135	1	135	1.3e-32	135.6
BCW-200097_02830	gnl|TC-DB|Q6FCB4|1.B.25.2.1	63.7	386	134	3	34	418	35	415	1.8e-144	508.8
BCW-200097_02831	gnl|TC-DB|A0QYL8|2.A.1.49.10	25.6	430	294	6	3	429	5	411	7.5e-24	108.2
BCW-200097_02875	gnl|TC-DB|P69451|4.C.1.1.4	30.5	491	290	5	39	479	62	551	5.4e-60	228.4
BCW-200097_02882	gnl|TC-DB|G8WDN2|2.A.7.21.5	74.6	142	36	0	1	142	1	142	8.5e-54	206.1
BCW-200097_02883	gnl|TC-DB|G8WDN3|2.A.7.21.5	75.5	147	36	0	5	151	1	147	1.1e-56	215.7
BCW-200097_02900	gnl|TC-DB|P25527|2.A.3.1.4	55.6	437	192	2	8	444	9	443	2.4e-126	448.7
BCW-200097_02906	gnl|TC-DB|Q51955|2.A.1.15.1	42.8	430	241	3	5	431	11	438	1.2e-93	340.1
BCW-200097_02907	gnl|TC-DB|Q6FCB4|1.B.25.2.1	60.2	420	160	4	1	418	1	415	7.5e-143	503.4
BCW-200097_02908	gnl|TC-DB|Q9RQ30|8.A.1.1.2	31.8	359	222	5	10	360	13	356	1.3e-31	133.7
BCW-200097_02917	gnl|TC-DB|P70786|2.A.1.14.3	42.4	427	233	2	10	436	22	435	5.2e-97	351.3
BCW-200097_02929	gnl|TC-DB|Q57130|3.A.1.14.11	41.2	284	157	4	57	334	53	332	2.5e-48	189.1
BCW-200097_02930	gnl|TC-DB|Q9RCF3|3.A.1.14.6	33.1	239	153	3	2	235	21	257	1.0e-30	130.2
BCW-200097_02946	gnl|TC-DB|P27303|8.A.1.1.1	30.4	296	195	4	37	331	41	326	5.7e-35	144.8
BCW-200097_02947	gnl|TC-DB|Q9KIH3|2.A.1.3.18	31.5	489	331	1	17	501	21	509	1.4e-69	260.4
BCW-200097_02963	gnl|TC-DB|P42308|2.A.11.1.2	52.0	425	201	2	1	423	1	424	5.4e-117	417.5
BCW-200097_02967	gnl|TC-DB|P70786|2.A.1.14.3	46.4	407	217	1	19	424	27	433	2.4e-99	359.0
BCW-200097_02981	gnl|TC-DB|Q2FD69|2.A.6.2.40	76.3	464	110	0	1	464	5	468	2.4e-206	714.5
BCW-200097_02982	gnl|TC-DB|Q2FD70|2.A.6.2.40	92.0	1036	83	0	1	1036	1	1036	0.0e+00	1808.5
BCW-200097_02983	gnl|TC-DB|Q2FD71|2.A.6.2.40	86.4	375	51	0	1	375	4	378	3.3e-182	634.0
BCW-200097_03001	gnl|TC-DB|P69451|4.C.1.1.4	48.5	559	258	9	1	538	1	550	2.7e-145	511.9
BCW-200097_03013	gnl|TC-DB|Q8G3X1|2.A.1.1.42	24.1	436	317	6	37	459	79	513	4.7e-21	99.0
BCW-200097_03022	gnl|TC-DB|Q9KN48|3.A.23.1.1	40.6	251	144	2	297	543	169	418	5.3e-44	175.6
BCW-200097_03023	gnl|TC-DB|P69451|4.C.1.1.4	25.0	563	362	18	12	539	24	561	1.0e-30	131.3
BCW-200097_03025	gnl|TC-DB|P32705|2.A.21.7.2	59.4	520	207	2	19	538	25	540	5.0e-171	597.4
BCW-200097_03031	gnl|TC-DB|Q9LAE4|1.B.14.8.1	25.8	797	456	21	64	822	27	726	1.8e-52	204.1
BCW-200097_03032	gnl|TC-DB|P63144|8.A.5.1.3	33.6	333	206	9	5	329	64	389	7.4e-45	177.6
BCW-200097_03034	gnl|TC-DB|Q9LAE4|1.B.14.8.1	28.1	723	437	24	52	740	27	700	4.2e-51	199.5
BCW-200097_03038	gnl|TC-DB|Q1D0D2|1.A.30.2.7	44.4	126	66	2	12	135	13	136	3.0e-21	97.8
BCW-200097_03039	gnl|TC-DB|Q1D0D3|1.A.30.2.7	34.9	215	135	2	6	215	22	236	3.2e-29	125.2
BCW-200097_03041	gnl|TC-DB|Q55107|3.A.1.16.3	44.9	254	132	4	24	269	5	258	1.7e-55	212.6
BCW-200097_03042	gnl|TC-DB|O85765|3.A.1.17.2	32.8	238	159	1	42	278	16	253	2.0e-31	133.7
BCW-200097_03044	gnl|TC-DB|Q8EDM8|1.B.14.8.4	26.6	801	473	27	13	776	10	732	5.6e-51	199.1
BCW-200097_03046	gnl|TC-DB|P42061|3.A.1.5.20	26.3	339	223	9	51	372	41	369	1.8e-24	110.5
BCW-200097_03047	gnl|TC-DB|Q1D0D2|1.A.30.2.7	42.7	124	67	2	12	133	13	134	1.3e-19	92.4
BCW-200097_03048	gnl|TC-DB|Q1D0D3|1.A.30.2.7	33.5	215	138	2	6	215	22	236	3.6e-28	121.7
BCW-200097_03051	gnl|TC-DB|O85763|3.A.1.17.2	25.1	271	185	6	15	282	9	264	3.6e-13	72.4
BCW-200097_03052	gnl|TC-DB|P38044|3.A.1.16.1	26.8	246	164	5	40	272	34	276	1.7e-13	73.2
BCW-200097_03053	gnl|TC-DB|O85765|3.A.1.17.2	34.2	237	155	1	24	260	18	253	6.1e-34	141.0
BCW-200097_03054	gnl|TC-DB|Q55107|3.A.1.16.3	49.6	230	112	3	6	231	5	234	1.2e-55	213.0
BCW-200097_03057	gnl|TC-DB|P69423|2.A.64.1.1	47.4	228	120	0	18	245	12	239	8.9e-51	196.8
BCW-200097_03058	gnl|TC-DB|Q9KN48|3.A.23.1.1	42.6	230	132	0	26	255	190	419	1.3e-47	186.8
BCW-200097_03061	gnl|TC-DB|G0LBU8|1.B.14.6.11	30.5	830	497	25	36	830	192	976	6.6e-74	275.4
BCW-200097_03062	gnl|TC-DB|Q9WYC4|3.A.1.135.5	32.2	580	369	8	33	603	25	589	3.2e-78	289.3
BCW-200097_03063	gnl|TC-DB|J6RCW6|3.A.1.135.7	29.6	533	356	6	88	616	49	566	1.4e-57	220.7
BCW-200097_03066	gnl|TC-DB|P63395|3.A.1.5.26	35.3	606	366	8	9	593	4	604	1.4e-97	353.6
BCW-200097_03067	gnl|TC-DB|Q92NE9|3.A.1.5.17	36.0	247	158	0	24	270	13	259	2.0e-38	156.0
BCW-200097_03068	gnl|TC-DB|P75798|3.A.1.5.11	34.0	312	197	2	27	338	2	304	8.0e-43	171.0
BCW-200097_03069	gnl|TC-DB|P42061|3.A.1.5.20	27.2	301	200	8	85	371	75	370	2.4e-21	100.1
BCW-200097_03076	gnl|TC-DB|P21647|1.B.11.3.2	36.5	828	502	12	13	830	3	816	7.8e-163	570.9
BCW-200097_03098	gnl|TC-DB|P17315|1.B.14.1.4	33.0	652	381	22	39	653	31	663	3.5e-78	289.3
BCW-200097_03099	gnl|TC-DB|Q8GKU1|2.A.6.2.4	51.1	1031	496	4	1	1026	1	1028	6.6e-289	989.9
BCW-200097_03106	gnl|TC-DB|Q42524|4.C.1.1.7	25.7	517	328	17	1556	2037	64	559	1.6e-19	96.3
BCW-200097_03107	gnl|TC-DB|Q0E7C5|2.A.1.38.2	49.8	416	208	1	1	416	1	415	3.8e-107	384.8
BCW-200097_03111	gnl|TC-DB|P09833|3.A.1.8.1	47.5	181	91	1	26	206	26	202	3.7e-42	167.9
BCW-200097_03112	gnl|TC-DB|P0AF01|3.A.1.8.1	50.2	227	112	1	5	230	3	229	2.5e-55	211.8
BCW-200097_03113	gnl|TC-DB|P37329|3.A.1.8.1	45.2	250	127	3	13	255	10	256	1.4e-54	209.5
BCW-200097_03117	gnl|TC-DB|Q7WTJ2|5.B.1.3.2	30.8	331	213	7	17	338	14	337	1.4e-41	166.8
BCW-200097_03119	gnl|TC-DB|F0QEP2|9.B.153.4.2	97.5	315	8	0	1	315	1	315	2.0e-185	644.4
BCW-200097_03124	gnl|TC-DB|Q6FCB4|1.B.25.2.1	60.5	397	151	3	22	417	24	415	1.2e-140	496.1
BCW-200097_03125	gnl|TC-DB|Q51955|2.A.1.15.1	41.2	430	251	2	2	429	10	439	5.6e-88	321.2
BCW-200097_03128	gnl|TC-DB|Q81E21|2.A.8.1.14	64.6	477	162	4	3	472	2	478	4.8e-162	567.4
BCW-200097_03138	gnl|TC-DB|P76460|2.A.73.1.1	33.1	453	280	10	6	455	3	435	3.9e-55	212.2
BCW-200097_03145	gnl|TC-DB|P06971|1.B.14.1.2	23.1	758	511	25	15	725	15	747	2.9e-33	140.2
BCW-200097_03146	gnl|TC-DB|Q52000|2.A.1.6.3	56.1	426	183	3	3	427	6	428	3.8e-126	448.0
BCW-200097_03149	gnl|TC-DB|Q2BM69|3.A.1.17.4	45.7	256	117	3	25	258	23	278	1.8e-55	212.6
BCW-200097_03150	gnl|TC-DB|O85765|3.A.1.17.2	33.2	235	154	1	52	283	27	261	2.2e-29	125.9
BCW-200097_03151	gnl|TC-DB|Q47537|3.A.1.17.1	25.7	284	178	11	77	345	53	318	1.4e-12	70.9
BCW-200097_03155	gnl|TC-DB|A0L3E7|2.A.51.1.4	69.8	441	133	0	9	449	12	452	3.7e-180	627.5
BCW-200097_03159	gnl|TC-DB|E7BBJ3|2.A.102.4.2	40.8	262	148	1	1	255	1	262	7.2e-43	170.6
BCW-200097_03162	gnl|TC-DB|Q9KN48|3.A.23.1.1	37.8	328	186	4	80	406	157	467	1.2e-52	203.8
BCW-200097_03163	gnl|TC-DB|Q6MLK6|1.A.46.2.5	37.2	301	174	6	1	293	7	300	2.7e-49	192.2
BCW-200097_03173	gnl|TC-DB|Q1J0W6|9.B.34.1.1	37.6	165	90	6	237	400	197	349	6.2e-17	85.1
BCW-200097_03201	gnl|TC-DB|Q4VWC7|3.A.1.105.4	60.6	368	144	1	5	371	4	371	2.2e-122	435.3
BCW-200097_03202	gnl|TC-DB|Q4VWC8|3.A.1.105.4	48.6	370	190	0	4	373	7	376	6.8e-95	344.0
BCW-200097_03203	gnl|TC-DB|Q4VWC9|3.A.1.105.4	62.0	587	208	7	5	582	2	582	6.0e-199	690.3
BCW-200097_03204	gnl|TC-DB|Q4VWD0|3.A.1.105.4	43.6	328	181	2	1	327	1	325	4.4e-69	258.1
BCW-200097_03207	gnl|TC-DB|P16869|1.B.14.1.1	34.3	734	430	17	19	721	17	729	5.8e-111	398.3
BCW-200097_03213	gnl|TC-DB|P17315|1.B.14.1.4	21.3	710	435	25	41	704	32	663	1.0e-19	95.1
BCW-200097_03221	gnl|TC-DB|Q7CGN6|1.B.14.9.3	31.2	721	429	15	64	740	26	723	3.3e-93	339.3
BCW-200097_03238	gnl|TC-DB|P44669|9.A.41.1.1	51.0	624	293	5	1	617	1	618	2.2e-167	585.5
BCW-200097_03253	gnl|TC-DB|P75796|3.A.1.5.11	47.0	576	270	8	11	570	12	568	2.7e-135	478.8
BCW-200097_03254	gnl|TC-DB|Q9X0F5|3.A.1.5.12	28.1	381	245	6	7	377	2	363	7.7e-30	127.9
BCW-200097_03255	gnl|TC-DB|P42062|3.A.1.5.20	31.1	315	212	3	1	310	1	315	7.8e-36	147.5
BCW-200097_03257	gnl|TC-DB|W0WKZ8|3.A.1.5.39	24.7	571	324	23	16	563	9	496	1.1e-22	104.8
BCW-200097_03258	gnl|TC-DB|W0WKZ8|3.A.1.5.39	23.8	584	362	19	6	577	9	521	2.8e-26	116.7
BCW-200097_03259	gnl|TC-DB|G0LBU8|1.B.14.6.11	23.8	601	320	22	55	602	201	716	8.4e-19	92.4
BCW-200097_03261	gnl|TC-DB|P0ABU9|1.A.30.2.2	34.1	214	126	4	74	277	9	217	1.9e-23	106.3
BCW-200097_03262	gnl|TC-DB|Q1D0D2|1.A.30.2.7	36.7	120	75	1	17	136	16	134	1.3e-14	75.9
BCW-200097_03263	gnl|TC-DB|P0ABV2|1.A.30.2.1	35.8	137	81	4	1	134	1	133	6.9e-13	70.1
BCW-200097_03269	gnl|TC-DB|P75826|2.A.124.1.1	29.8	302	195	6	7	300	5	297	5.2e-21	98.2
BCW-200097_03290	gnl|TC-DB|P60752|3.A.1.106.1	38.9	571	346	3	5	572	10	580	5.3e-115	411.4
BCW-200097_03292	gnl|TC-DB|Q8F192|1.A.30.2.9	30.4	204	135	3	3	202	67	267	4.2e-17	84.7
BCW-200097_03298	gnl|TC-DB|Q1D8U8|1.B.42.1.3	29.7	175	93	7	158	307	90	259	8.8e-15	79.0
BCW-200097_03308	gnl|TC-DB|P0AGE4|2.A.23.4.1	59.5	383	154	1	9	391	17	398	4.1e-114	407.9
BCW-200097_03309	gnl|TC-DB|J4W8X3|9.B.143.3.1	31.0	200	128	4	17	212	17	210	5.1e-13	71.2
BCW-200097_03311	gnl|TC-DB|Q2G2M9|3.A.1.106.2	34.5	498	312	5	106	600	90	576	2.0e-64	243.4
BCW-200097_03316	gnl|TC-DB|Q9I5F5|2.A.21.2.3	72.1	495	138	0	1	495	1	495	3.2e-201	697.6
BCW-200097_03343	gnl|TC-DB|P21647|1.B.11.3.2	36.3	793	478	12	46	824	37	816	3.1e-156	548.9
BCW-200097_03349	gnl|TC-DB|Q31PG5|2.A.7.3.58	30.9	291	182	8	19	302	31	309	2.5e-18	89.4
BCW-200097_03351	gnl|TC-DB|P94369|2.A.39.1.5	36.9	444	274	4	13	455	3	441	7.0e-81	297.7
BCW-200097_03352	gnl|TC-DB|Q02NR0|2.A.117.1.4	68.8	138	43	0	1	138	1	138	6.1e-52	199.9
BCW-200097_03360	gnl|TC-DB|Q12GH4|1.B.70.1.8	34.1	478	270	14	1	437	1	474	4.1e-51	198.7
BCW-200097_03361	gnl|TC-DB|Q9I405|3.A.1.3.22	75.1	241	60	0	3	243	1	241	1.1e-104	375.9
BCW-200097_03362	gnl|TC-DB|Q9I404|3.A.1.3.22	48.0	225	111	3	1	223	2	222	3.5e-46	181.4
BCW-200097_03363	gnl|TC-DB|Q88NY3|3.A.1.3.19	42.2	204	106	3	80	280	54	248	9.7e-38	153.7
BCW-200097_03364	gnl|TC-DB|Q9I402|3.A.1.3.22	45.1	268	145	1	29	294	29	296	1.4e-63	239.6
BCW-200097_03369	gnl|TC-DB|P28635|3.A.1.24.1	40.6	229	124	5	37	260	37	258	9.2e-41	163.7
BCW-200097_03370	gnl|TC-DB|P28635|3.A.1.24.1	37.0	238	143	5	41	276	39	271	4.5e-35	144.8
BCW-200097_03371	gnl|TC-DB|P30750|3.A.1.24.1	44.7	351	170	5	15	351	2	342	3.1e-73	271.9
BCW-200097_03372	gnl|TC-DB|Q9HT69|3.A.1.24.5	42.0	205	119	0	13	217	21	225	3.6e-40	161.4
BCW-200097_03378	gnl|TC-DB|P76630|2.A.78.1.3	47.8	226	118	0	11	236	12	237	1.8e-56	215.7
BCW-200097_03379	gnl|TC-DB|P43667|2.A.78.1.3	33.6	113	72	2	1	113	1	110	3.1e-11	64.3
BCW-200097_03389	gnl|TC-DB|P21345|2.A.23.1.1	36.3	405	250	3	10	410	12	412	1.5e-66	250.0
BCW-200097_03403	gnl|TC-DB|P61316|1.B.46.1.1	25.0	224	145	4	8	231	1	201	4.3e-15	78.2
BCW-200097_03409	gnl|TC-DB|Q2FD95|2.A.6.2.29	95.4	414	19	0	1	414	1	414	1.6e-209	724.9
BCW-200097_03410	gnl|TC-DB|Q24LT7|2.A.6.2.29	96.7	1058	35	0	1	1058	1	1058	0.0e+00	1904.0
BCW-200097_03411	gnl|TC-DB|Q24LT6|2.A.6.2.29	97.1	484	14	0	1	484	1	484	7.8e-261	895.6
BCW-200097_03423	gnl|TC-DB|O28528|1.A.11.2.7	37.4	412	222	7	4	384	37	443	3.1e-58	222.2
BCW-200097_03428	gnl|TC-DB|D0SAV4|1.B.70.1.1	69.1	434	121	6	1	429	1	426	1.1e-138	489.6
BCW-200097_03429	gnl|TC-DB|Q1D1G6|2.A.1.57.4	37.8	397	223	6	10	405	9	382	2.3e-59	226.1
BCW-200097_03433	gnl|TC-DB|P0AA53|8.A.21.2.2	42.7	185	105	1	6	189	2	186	4.4e-38	154.8
BCW-200097_03437	gnl|TC-DB|P15993|2.A.3.1.3	62.9	445	159	3	8	449	11	452	3.1e-155	544.7
BCW-200097_03457	gnl|TC-DB|P0A9X4|9.B.157.1.3	68.8	343	105	1	2	342	1	343	4.7e-127	450.7
BCW-200097_03466	gnl|TC-DB|Q9KI15|9.A.18.1.4	57.0	398	170	1	1	397	1	398	2.9e-128	454.9
BCW-200097_03469	gnl|TC-DB|Q45068|2.A.25.1.5	45.7	473	231	6	11	483	7	453	2.7e-107	385.6
BCW-200097_03472	gnl|TC-DB|P28246|2.A.1.2.7	29.1	392	277	1	5	396	2	392	2.2e-46	183.0
BCW-200097_03473	gnl|TC-DB|P75870|2.A.85.1.1	49.8	679	337	4	2	679	32	707	1.3e-192	669.5
BCW-200097_03484	gnl|TC-DB|P0AG96|3.A.5.1.1	35.7	126	76	1	21	146	4	124	1.8e-11	65.5
BCW-200097_03487	gnl|TC-DB|Q9ZK21|1.C.82.1.1	53.7	227	105	0	3	229	4	230	8.0e-62	233.4
BCW-200097_03496	gnl|TC-DB|O32105|2.A.8.1.12	49.2	439	179	6	42	474	42	442	2.3e-103	372.5
BCW-200097_03497	gnl|TC-DB|Q9HWW1|1.B.39.1.3	28.4	208	112	9	19	193	29	232	8.0e-15	77.0
BCW-200097_03517	gnl|TC-DB|K0WKG7|4.F.1.1.8	52.1	190	78	2	7	193	1	180	1.1e-43	172.9
BCW-200097_03521	gnl|TC-DB|E0LV84|2.A.85.1.4	24.6	569	403	8	16	569	9	566	3.9e-35	146.4
BCW-200097_03523	gnl|TC-DB|P46482|8.A.1.7.1	29.3	328	188	3	6	333	5	288	1.3e-33	140.2
BCW-200097_03532	gnl|TC-DB|R8YEH7|1.A.54.5.3	98.3	286	5	0	1	286	1	286	2.6e-147	517.7
BCW-200097_03533	gnl|TC-DB|P22609|3.A.15.2.1	60.7	374	145	1	35	408	2	373	8.1e-126	446.8
BCW-200097_03534	gnl|TC-DB|P22608|3.A.15.2.1	56.7	568	243	2	4	570	1	566	1.2e-180	629.4
BCW-200097_03536	gnl|TC-DB|P0AG99|3.A.5.1.1	44.9	98	54	0	1	98	1	98	5.9e-15	76.6
BCW-200097_03544	gnl|TC-DB|Q9KDA1|2.A.63.1.2	35.8	106	67	1	5	109	4	109	1.2e-12	69.3
BCW-200097_03546	gnl|TC-DB|Q9KD99|2.A.63.1.2	26.7	150	109	1	16	164	7	156	4.8e-11	64.3
BCW-200097_03547	gnl|TC-DB|Q52981|2.A.63.1.1	35.5	557	301	10	8	529	4	537	1.3e-79	293.9
BCW-200097_03548	gnl|TC-DB|Q52980|2.A.63.1.1	51.4	111	49	1	4	109	1	111	2.7e-24	107.8
BCW-200097_03549	gnl|TC-DB|Q52978|2.A.63.1.1	43.3	978	490	18	1	937	31	984	2.8e-198	688.7
BCW-200097_03563	gnl|TC-DB|Q6MDD6|3.A.7.16.1	29.0	441	236	10	127	560	327	697	2.8e-31	133.3
BCW-200097_03572	gnl|TC-DB|P45522|2.A.37.1.2	41.9	590	334	6	3	588	6	590	3.8e-111	398.7
BCW-200097_03573	gnl|TC-DB|Q9ZKE4|3.A.11.3.1	33.8	539	335	11	200	738	99	615	8.5e-73	271.6
BCW-200097_03574	gnl|TC-DB|P15745|3.A.15.1.1	43.0	365	184	3	1	364	1	342	5.8e-68	254.6
BCW-200097_03575	gnl|TC-DB|P15746|3.A.15.1.1	48.9	135	61	5	33	164	1	130	8.9e-26	113.2
BCW-200097_03580	gnl|TC-DB|P0A2L3|9.A.40.1.2	43.7	252	132	4	22	271	31	274	1.1e-52	203.4
BCW-200097_03593	gnl|TC-DB|P37002|1.A.43.1.1	47.4	116	60	1	1	115	1	116	6.5e-26	113.2
BCW-200097_03599	gnl|TC-DB|Q5FAM9|2.A.66.1.21	94.4	448	25	0	1	448	1	448	1.4e-235	811.6
BCW-200097_03606	gnl|TC-DB|O05307|4.C.1.1.3	39.6	568	323	6	10	576	12	560	2.1e-117	419.5
BCW-200097_03616	gnl|TC-DB|P08839|8.A.7.1.1	32.5	553	365	5	184	731	4	553	9.3e-83	304.7
BCW-200097_03637	gnl|TC-DB|P21345|2.A.23.1.1	71.7	424	120	0	1	424	1	424	2.9e-166	581.3
BCW-200097_03640	gnl|TC-DB|G8WDN4|2.A.76.1.10	66.2	210	71	0	1	210	1	210	2.8e-74	274.6
BCW-200097_03641	gnl|TC-DB|P43672|3.A.1.120.6	54.0	526	238	4	1	523	1	525	6.2e-157	550.8
BCW-200097_03646	gnl|TC-DB|Q07711|3.A.7.7.1	23.5	621	404	19	116	690	93	688	2.3e-29	127.5
BCW-200097_03654	gnl|TC-DB|P39830|2.A.37.1.5	48.3	555	272	5	1	552	1	543	3.6e-124	441.8
BCW-200097_03661	gnl|TC-DB|P0ABU9|1.A.30.2.2	52.3	86	41	0	73	158	108	193	1.5e-16	82.8
BCW-200097_03662	gnl|TC-DB|Q1D0D2|1.A.30.2.7	30.6	121	84	0	13	133	13	133	3.0e-13	71.2
BCW-200097_03673	gnl|TC-DB|P69423|2.A.64.1.1	46.5	230	123	0	16	245	5	234	5.5e-56	214.2
BCW-200097_03683	gnl|TC-DB|P81549|1.B.14.1.16	33.9	766	457	14	11	762	13	743	2.3e-118	422.9
BCW-200097_03694	gnl|TC-DB|P12012|2.A.8.1.1	43.1	452	246	4	8	452	1	448	6.9e-94	340.9
BCW-200097_03700	gnl|TC-DB|P23865|9.B.174.1.2	31.4	700	393	14	44	725	40	670	3.5e-87	319.3
BCW-200097_03724	gnl|TC-DB|Q7AA53|2.A.6.8.2	27.6	743	504	15	36	758	14	742	3.6e-58	223.0
BCW-200097_03740	gnl|TC-DB|Q9F239|2.A.6.2.42	30.2	457	309	4	8	461	11	460	2.3e-44	176.4
BCW-200097_03741	gnl|TC-DB|A0ZUB1|3.A.1.122.12	54.5	661	289	4	4	664	3	651	1.8e-191	665.6
BCW-200097_03742	gnl|TC-DB|Q84BQ3|3.A.1.122.12	39.5	392	189	3	32	423	11	354	9.7e-40	161.0
BCW-200097_03750	gnl|TC-DB|P0AAP1|9.B.34.1.2	27.9	172	124	0	242	413	194	365	1.3e-14	78.2
BCW-200097_03764	gnl|TC-DB|P76628|2.A.1.36.3	37.8	370	228	2	13	380	12	381	8.8e-61	230.7
BCW-200097_03766	gnl|TC-DB|P42243|2.A.7.23.1	29.5	281	192	5	11	289	15	291	9.7e-23	104.0
BCW-200097_03767	gnl|TC-DB|P0C186|3.D.2.2.1	46.2	381	189	8	1	371	1	375	4.7e-80	294.7
BCW-200097_03768	gnl|TC-DB|P0C187|3.D.2.2.1	56.6	99	31	1	5	103	53	139	6.2e-22	99.8
BCW-200097_03769	gnl|TC-DB|P0C188|3.D.2.2.1	52.0	471	208	4	12	480	10	464	3.1e-124	441.8
BCW-200097_03775	gnl|TC-DB|Q93N33|2.A.21.9.2	27.9	244	159	4	251	488	752	984	1.7e-14	78.2
BCW-200097_03781	gnl|TC-DB|Q87R31|1.B.48.5.1	53.9	193	88	1	8	200	5	196	2.1e-55	211.8
BCW-200097_03794	gnl|TC-DB|P69451|4.C.1.1.4	26.9	587	346	23	8	544	6	559	1.8e-43	173.7
BCW-200097_03798	gnl|TC-DB|B1J6T5|9.B.27.3.3	58.2	141	59	0	1	141	1	141	6.9e-40	159.8
BCW-200097_03820	gnl|TC-DB|Q9AGM7|3.A.15.3.1	56.2	489	212	2	5	492	6	493	4.0e-151	531.2
