BCW-200663_00014	gnl|TC-DB|Q9ZK21|1.C.82.1.1	54.7	223	101	0	3	225	4	226	2.9e-64	241.5
BCW-200663_00037	gnl|TC-DB|A8INA9|1.B.4.2.12	37.7	236	127	7	1	219	1	233	3.1e-31	131.7
BCW-200663_00058	gnl|TC-DB|A8INA9|1.B.4.2.12	37.7	236	127	7	1	219	1	233	3.1e-31	131.7
BCW-200663_00105	gnl|TC-DB|P30860|3.A.1.3.3	27.5	236	164	3	34	265	10	242	1.3e-21	100.1
BCW-200663_00106	gnl|TC-DB|P10346|3.A.1.3.2	52.5	238	111	1	266	501	2	239	4.9e-64	241.9
BCW-200663_00115	gnl|TC-DB|D9X7X8|2.A.1.3.38	40.2	420	244	4	17	430	26	444	4.6e-72	268.5
BCW-200663_00140	gnl|TC-DB|O30513|2.A.1.15.5	29.5	424	282	7	46	460	33	448	1.8e-36	150.2
BCW-200663_00166	gnl|TC-DB|P96878|2.A.53.3.12	32.4	170	108	3	26	189	571	739	1.0e-21	100.1
BCW-200663_00170	gnl|TC-DB|P0AFT2|3.A.1.3.10	34.3	201	132	0	10	210	8	208	4.2e-23	104.8
BCW-200663_00171	gnl|TC-DB|Q9CES5|3.A.1.3.25	32.4	173	110	2	19	184	514	686	2.1e-19	92.4
BCW-200663_00172	gnl|TC-DB|P37902|3.A.1.3.4	26.7	258	177	3	12	257	18	275	1.5e-19	93.2
BCW-200663_00173	gnl|TC-DB|Q9CES4|3.A.1.3.25	56.6	235	102	0	4	238	7	241	3.2e-69	258.1
BCW-200663_00181	gnl|TC-DB|A8H4W6|3.A.1.2.15	29.5	308	170	7	71	368	73	343	1.9e-25	113.2
BCW-200663_00182	gnl|TC-DB|Q9F9B0|3.A.1.2.7	39.8	251	147	3	4	250	2	252	4.3e-48	188.0
BCW-200663_00214	gnl|TC-DB|P76269|2.A.1.3.17	26.4	440	258	7	12	386	13	451	1.3e-27	120.6
BCW-200663_00218	gnl|TC-DB|L8NE56|2.A.6.3.8	43.0	446	251	2	14	459	17	459	5.4e-97	351.3
BCW-200663_00219	gnl|TC-DB|L8NGR5|2.A.6.3.8	39.0	362	213	5	1	359	1	357	3.4e-54	208.8
BCW-200663_00220	gnl|TC-DB|L8NFZ8|2.A.6.3.8	53.0	1006	462	5	1	1004	1	997	3.0e-286	981.1
BCW-200663_00225	gnl|TC-DB|M3JA40|1.B.52.2.1	59.7	67	27	0	432	498	284	350	7.8e-14	75.5
BCW-200663_00239	gnl|TC-DB|Q44360|3.A.7.1.1	44.2	550	288	9	96	634	93	634	8.8e-127	450.7
BCW-200663_00242	gnl|TC-DB|Q52001|3.A.7.14.1	29.2	240	152	6	14	248	11	237	1.2e-17	89.4
BCW-200663_00258	gnl|TC-DB|Q1M7Q1|3.A.1.11.6	45.7	359	187	4	6	362	6	358	4.4e-78	288.1
BCW-200663_00259	gnl|TC-DB|Q1M7Q3|3.A.1.11.6	36.3	292	174	3	1	290	1	282	1.1e-39	160.2
BCW-200663_00260	gnl|TC-DB|Q44381|3.A.1.11.3	40.7	263	147	3	26	284	14	271	4.9e-45	177.9
BCW-200663_00261	gnl|TC-DB|Q1M7Q4|3.A.1.11.6	32.6	347	214	10	18	358	1	333	3.3e-38	155.6
BCW-200663_00262	gnl|TC-DB|O53899|3.A.1.125.2	44.7	219	118	1	2	217	6	224	5.8e-46	180.6
BCW-200663_00263	gnl|TC-DB|Q7D911|3.A.1.125.2	24.8	850	555	24	4	788	15	845	1.5e-38	157.9
BCW-200663_00275	gnl|TC-DB|Q55026|9.B.20.2.1	44.4	133	63	2	25	146	14	146	3.2e-20	94.7
BCW-200663_00282	gnl|TC-DB|Q9FI56|3.A.9.1.2	46.8	866	376	12	4	848	96	897	6.6e-210	727.2
BCW-200663_00286	gnl|TC-DB|H1XXY9|8.A.7.1.5	31.2	555	369	7	177	723	9	558	4.4e-77	285.8
BCW-200663_00288	gnl|TC-DB|P38919|3.A.18.1.1	31.5	343	228	2	3	344	41	377	6.8e-52	201.8
BCW-200663_00302	gnl|TC-DB|Q8KZQ6|3.A.1.17.2	58.3	228	84	2	46	267	24	246	6.5e-71	263.8
BCW-200663_00303	gnl|TC-DB|O85765|3.A.1.17.2	61.3	243	94	0	15	257	16	258	2.3e-81	298.5
BCW-200663_00304	gnl|TC-DB|O85763|3.A.1.17.2	42.9	308	174	1	6	313	7	312	1.6e-65	246.1
BCW-200663_00327	gnl|TC-DB|Q92TN2|3.A.1.4.7	32.4	330	208	8	13	330	4	330	2.2e-28	122.9
BCW-200663_00328	gnl|TC-DB|Q92TN1|3.A.1.4.7	30.5	285	198	0	9	293	1	285	2.9e-32	135.6
BCW-200663_00329	gnl|TC-DB|Q92TN4|3.A.1.4.7	42.9	233	131	2	2	233	3	234	1.2e-44	176.4
BCW-200663_00330	gnl|TC-DB|Q55164|3.A.1.4.2	37.8	267	148	5	3	257	5	265	2.5e-40	162.2
BCW-200663_00336	gnl|TC-DB|W0WLZ8|3.A.1.5.39	56.1	269	118	0	1	269	1	269	9.9e-83	303.1
BCW-200663_00337	gnl|TC-DB|W0WJ90|3.A.1.5.39	58.5	270	110	2	1	269	1	269	2.0e-83	305.4
BCW-200663_00338	gnl|TC-DB|W0WMS8|3.A.1.5.39	66.1	283	96	0	22	304	20	302	3.7e-99	357.8
BCW-200663_00339	gnl|TC-DB|W0WN20|3.A.1.5.39	62.7	335	125	0	1	335	1	335	4.3e-117	417.5
BCW-200663_00340	gnl|TC-DB|W0WLZ1|3.A.1.5.39	52.1	534	247	7	6	534	8	537	5.2e-157	550.8
BCW-200663_00356	gnl|TC-DB|F9VN10|3.D.10.1.4	33.8	530	288	16	13	487	9	530	1.0e-48	191.0
BCW-200663_00362	gnl|TC-DB|P0ABK2|3.D.4.3.2	50.5	380	187	1	6	385	1	379	5.1e-106	380.9
BCW-200663_00363	gnl|TC-DB|P0ABJ9|3.D.4.3.2	58.5	504	205	1	3	506	2	501	6.9e-170	593.6
BCW-200663_00364	gnl|TC-DB|P23886|3.A.1.129.1	34.5	568	324	15	8	545	4	553	3.3e-53	206.1
BCW-200663_00365	gnl|TC-DB|P29018|3.A.1.129.1	32.8	518	340	5	60	573	29	542	5.4e-62	235.3
BCW-200663_00395	gnl|TC-DB|P33699|2.A.66.2.2	70.8	486	142	0	1	486	1	486	1.1e-188	656.0
BCW-200663_00403	gnl|TC-DB|P33698|8.A.3.1.1	54.2	757	342	4	17	771	22	775	2.6e-221	765.0
BCW-200663_00405	gnl|TC-DB|Q9HV74|2.A.21.9.1	32.3	279	161	8	429	698	716	975	4.4e-24	110.2
BCW-200663_00407	gnl|TC-DB|Q9KKE2|3.A.1.12.6	46.4	267	143	0	17	283	9	275	1.3e-61	233.0
BCW-200663_00408	gnl|TC-DB|P46920|3.A.1.12.2	53.8	277	128	0	6	282	10	286	4.7e-82	301.2
BCW-200663_00419	gnl|TC-DB|B8H229|3.A.1.2.21	33.3	498	293	12	22	487	13	503	6.0e-59	224.9
BCW-200663_00426	gnl|TC-DB|P07821|3.A.1.14.3	61.8	251	96	0	16	266	12	262	9.8e-88	319.7
BCW-200663_00427	gnl|TC-DB|P06972|3.A.1.14.3	35.7	647	409	4	8	650	11	654	2.1e-99	359.8
BCW-200663_00429	gnl|TC-DB|Q82VI7|1.B.14.1.10	40.1	708	387	17	36	715	126	824	5.4e-133	471.5
BCW-200663_00434	gnl|TC-DB|Q9HV74|2.A.21.9.1	27.1	225	136	7	233	441	762	974	2.9e-12	69.7
BCW-200663_00435	gnl|TC-DB|P0AEX3|2.A.1.6.2	54.9	419	184	2	3	421	6	419	2.4e-123	438.7
BCW-200663_00441	gnl|TC-DB|Q9ZE70|2.A.7.3.7	27.9	276	196	2	47	322	11	283	3.5e-26	115.5
BCW-200663_00467	gnl|TC-DB|P20099|5.A.3.4.3	39.0	731	416	13	47	758	53	772	1.5e-149	526.6
BCW-200663_00468	gnl|TC-DB|P75797|3.A.1.5.11	30.6	356	205	11	80	426	62	384	3.6e-36	149.4
BCW-200663_00469	gnl|TC-DB|P75798|3.A.1.5.11	32.2	307	203	3	6	311	2	304	1.7e-36	149.8
BCW-200663_00470	gnl|TC-DB|P0AFA9|3.A.1.5.3	28.9	256	179	2	26	279	10	264	2.3e-23	105.9
BCW-200663_00471	gnl|TC-DB|Q9F9T4|3.A.1.5.23	44.3	553	277	9	29	555	18	565	8.3e-108	387.5
BCW-200663_00475	gnl|TC-DB|O52557|2.A.1.3.15	30.2	467	316	5	2	465	4	463	5.1e-45	178.7
BCW-200663_00486	gnl|TC-DB|Q9R9Q6|3.A.1.1.17	31.9	304	192	6	27	322	29	325	1.0e-35	147.1
BCW-200663_00487	gnl|TC-DB|Q9WYR1|3.A.1.1.39	42.3	220	126	1	129	347	51	270	3.7e-47	185.3
BCW-200663_00488	gnl|TC-DB|O30494|3.A.1.1.49	52.3	354	165	3	1	350	1	354	2.2e-103	372.1
BCW-200663_00493	gnl|TC-DB|Q8EJD3|2.A.59.1.3	54.0	339	156	0	1	339	1	339	6.0e-93	337.4
BCW-200663_00496	gnl|TC-DB|A4X2L1|2.A.1.70.3	30.0	400	261	10	26	411	21	415	2.0e-26	116.7
BCW-200663_00500	gnl|TC-DB|P54536|3.A.1.3.15	39.9	203	120	2	10	210	13	215	2.9e-29	125.2
BCW-200663_00501	gnl|TC-DB|Q9HU30|3.A.1.3.23	32.7	208	129	2	14	210	14	221	1.9e-17	85.9
BCW-200663_00502	gnl|TC-DB|Q9F3K7|3.A.1.3.24	52.4	248	118	0	5	252	2	249	2.2e-68	255.4
BCW-200663_00505	gnl|TC-DB|P0AEQ3|3.A.1.3.2	30.6	242	159	6	16	253	8	244	2.0e-19	92.8
BCW-200663_00506	gnl|TC-DB|Q9I405|3.A.1.3.22	62.0	242	88	2	12	251	2	241	2.8e-76	281.6
BCW-200663_00507	gnl|TC-DB|P45768|3.A.1.3.26	32.5	203	133	2	27	225	157	359	2.0e-21	99.4
BCW-200663_00508	gnl|TC-DB|Q88NY3|3.A.1.3.19	35.5	200	125	1	22	217	28	227	1.9e-26	115.9
BCW-200663_00520	gnl|TC-DB|P42217|9.A.41.1.2	34.9	318	183	8	33	345	10	308	6.8e-38	154.8
BCW-200663_00522	gnl|TC-DB|P24586|3.A.1.101.1	45.8	212	112	2	1	209	1	212	2.6e-54	208.4
BCW-200663_00523	gnl|TC-DB|B3FHE1|3.A.1.101.3	25.2	242	177	2	9	248	18	257	6.6e-17	84.3
BCW-200663_00524	gnl|TC-DB|Q547A8|1.B.18.2.3	31.2	394	249	7	11	395	9	389	5.6e-47	184.9
BCW-200663_00525	gnl|TC-DB|Q7WTM8|9.A.41.1.1	30.9	398	261	6	1	390	19	410	1.1e-51	200.7
BCW-200663_00543	gnl|TC-DB|M2X3K0|9.B.115.1.1	33.5	206	122	8	57	255	30	227	7.5e-16	80.9
BCW-200663_00560	gnl|TC-DB|Q2G506|3.A.1.210.11	36.3	600	354	10	7	589	11	599	1.4e-81	300.4
BCW-200663_00561	gnl|TC-DB|D0J060|2.A.80.1.3	45.7	326	173	3	8	329	4	329	6.8e-75	277.3
BCW-200663_00570	gnl|TC-DB|Q51330|2.A.1.11.1	26.2	409	240	10	29	436	15	362	2.7e-23	106.7
BCW-200663_00572	gnl|TC-DB|P07658|3.D.1.9.2	36.1	693	421	11	252	931	4	687	2.4e-128	456.4
BCW-200663_00573	gnl|TC-DB|Q74GA3|3.D.1.5.1	41.2	473	276	2	38	508	46	518	1.3e-109	393.3
BCW-200663_00579	gnl|TC-DB|Q9WXR3|3.A.1.5.29	47.4	340	152	6	11	331	4	335	1.9e-80	295.8
BCW-200663_00580	gnl|TC-DB|Q9F350|3.A.1.5.35	48.9	317	157	2	8	319	2	318	8.0e-84	307.0
BCW-200663_00583	gnl|TC-DB|W0WMS8|3.A.1.5.39	34.7	303	184	3	14	316	12	300	4.9e-46	181.4
BCW-200663_00584	gnl|TC-DB|W0WN20|3.A.1.5.39	40.2	336	187	4	1	322	1	336	1.0e-54	210.3
BCW-200663_00585	gnl|TC-DB|P42061|3.A.1.5.20	25.2	452	297	14	52	482	73	504	2.1e-22	103.6
BCW-200663_00587	gnl|TC-DB|Q92R60|1.B.70.1.11	51.1	364	146	5	1	351	1	345	1.4e-94	342.8
BCW-200663_00590	gnl|TC-DB|Q9F3K7|3.A.1.3.24	53.9	245	103	2	4	238	5	249	3.9e-67	251.1
BCW-200663_00591	gnl|TC-DB|A1VZQ3|3.A.1.3.16	34.2	196	125	2	20	213	50	243	1.9e-25	112.5
BCW-200663_00592	gnl|TC-DB|P73544|3.A.1.3.12	37.5	208	116	4	17	216	310	511	7.9e-25	110.5
BCW-200663_00593	gnl|TC-DB|P0AEU0|3.A.1.3.29	25.5	259	177	5	7	256	1	252	1.1e-14	77.0
BCW-200663_00600	gnl|TC-DB|Q9I488|3.A.1.3.21	73.2	239	64	0	1	239	1	239	1.7e-99	358.6
BCW-200663_00601	gnl|TC-DB|Q9I487|3.A.1.3.21	57.7	213	89	1	1	213	1	212	1.6e-64	242.3
BCW-200663_00602	gnl|TC-DB|Q8YSA2|3.A.1.3.17	34.3	216	131	3	9	218	274	484	5.9e-22	100.9
BCW-200663_00603	gnl|TC-DB|Q9I484|3.A.1.3.21	69.7	251	74	1	20	268	23	273	3.2e-99	357.8
BCW-200663_00611	gnl|TC-DB|P0AGH1|3.A.1.105.16	61.4	363	140	0	7	369	6	368	3.8e-122	434.5
BCW-200663_00612	gnl|TC-DB|C8TJS4|3.A.1.105.16	65.1	912	307	3	12	922	8	909	0.0e+00	1154.4
BCW-200663_00613	gnl|TC-DB|P37626|3.A.1.105.16	61.5	338	130	0	11	348	12	349	1.1e-70	263.5
BCW-200663_00615	gnl|TC-DB|Q8ZNJ8|3.A.1.5.24	50.2	524	259	2	24	547	5	526	7.8e-140	493.8
BCW-200663_00616	gnl|TC-DB|Q9X0F5|3.A.1.5.12	40.7	351	201	4	30	378	19	364	8.1e-72	267.3
BCW-200663_00617	gnl|TC-DB|Q9WXR6|3.A.1.5.29	41.1	331	189	4	1	330	1	326	7.5e-69	257.3
BCW-200663_00618	gnl|TC-DB|Q9X4Y1|3.A.1.5.7	73.5	690	182	1	6	695	5	693	0.0e+00	1107.4
BCW-200663_00625	gnl|TC-DB|O07009|3.A.1.1.2	23.5	422	268	13	15	414	28	416	2.9e-14	76.3
BCW-200663_00626	gnl|TC-DB|Q93J93|3.A.1.1.36	32.7	312	200	5	3	312	12	315	1.7e-43	172.9
BCW-200663_00627	gnl|TC-DB|Q93J92|3.A.1.1.36	33.1	278	182	2	5	280	23	298	1.1e-41	166.8
BCW-200663_00629	gnl|TC-DB|Q9KWT9|3.A.1.1.10	50.4	359	158	3	1	340	2	359	2.4e-94	342.0
BCW-200663_00632	gnl|TC-DB|Q8RPR1|3.A.1.12.7	51.5	307	148	1	12	317	3	309	1.4e-88	322.8
BCW-200663_00640	gnl|TC-DB|Q9RCF3|3.A.1.14.6	56.5	255	111	0	4	258	19	273	3.4e-80	294.7
BCW-200663_00641	gnl|TC-DB|Q9S214|3.A.1.14.22	38.6	306	187	1	37	341	68	373	8.2e-47	184.1
BCW-200663_00642	gnl|TC-DB|Q9S213|3.A.1.14.22	41.8	337	194	1	11	347	14	348	1.2e-61	233.4
BCW-200663_00644	gnl|TC-DB|Q82VI7|1.B.14.1.10	33.0	709	421	19	42	706	126	824	1.2e-87	320.9
BCW-200663_00653	gnl|TC-DB|A9CGX6|2.A.6.3.2	85.3	1046	154	0	1	1046	1	1046	0.0e+00	1682.2
BCW-200663_00656	gnl|TC-DB|O30499|2.A.20.1.4	83.2	327	55	0	1	327	1	327	3.3e-149	524.2
BCW-200663_00664	gnl|TC-DB|P75797|3.A.1.5.11	26.1	356	243	7	44	394	40	380	2.6e-28	123.2
BCW-200663_00667	gnl|TC-DB|P77308|3.A.1.5.38	40.5	328	194	1	9	336	7	333	4.6e-66	248.1
BCW-200663_00668	gnl|TC-DB|W0WMS8|3.A.1.5.39	46.0	263	136	1	39	295	36	298	1.6e-59	226.1
BCW-200663_00669	gnl|TC-DB|P75796|3.A.1.5.11	45.1	266	134	7	5	258	8	273	7.7e-51	197.2
BCW-200663_00670	gnl|TC-DB|O86575|3.A.1.5.34	47.6	212	104	3	21	226	66	276	5.9e-47	184.1
BCW-200663_00671	gnl|TC-DB|P10907|3.A.1.1.3	53.9	356	157	4	1	349	1	356	1.3e-100	362.8
BCW-200663_00672	gnl|TC-DB|Q93KB9|3.A.1.1.11	32.8	271	175	5	14	280	33	300	1.7e-34	142.9
BCW-200663_00673	gnl|TC-DB|P29823|3.A.1.1.4	36.4	286	174	5	20	299	8	291	1.2e-36	150.2
BCW-200663_00690	gnl|TC-DB|Q2G2M9|3.A.1.106.2	34.9	518	336	1	65	581	59	576	8.7e-81	297.7
BCW-200663_00692	gnl|TC-DB|O05347|3.A.1.16.2	47.9	219	111	2	32	247	46	264	3.3e-51	198.4
BCW-200663_00693	gnl|TC-DB|Q9CLG9|3.A.1.17.6	35.7	227	146	0	25	251	23	249	3.1e-33	138.7
BCW-200663_00699	gnl|TC-DB|Q9K0A9|2.A.28.2.4	58.1	308	127	1	1	306	1	308	1.4e-88	322.8
BCW-200663_00711	gnl|TC-DB|O54371|3.A.1.20.1	38.5	265	163	0	20	284	9	273	1.0e-54	211.1
BCW-200663_00712	gnl|TC-DB|O54370|3.A.1.20.1	46.5	312	157	4	3	309	4	310	1.0e-76	283.5
BCW-200663_00713	gnl|TC-DB|Q9Z4R9|3.A.1.20.1	31.9	332	216	7	7	329	6	336	4.2e-40	161.8
BCW-200663_00717	gnl|TC-DB|P0AFK6|3.A.1.11.1	27.9	251	175	3	28	277	9	254	1.1e-12	70.5
BCW-200663_00718	gnl|TC-DB|P0AF01|3.A.1.8.1	26.4	220	149	5	54	266	2	215	2.4e-12	69.3
BCW-200663_00719	gnl|TC-DB|P54933|3.A.1.1.5	45.2	330	164	4	1	328	1	315	2.1e-74	275.8
BCW-200663_00727	gnl|TC-DB|O30494|3.A.1.1.49	54.7	358	155	4	1	354	1	355	8.7e-103	370.2
BCW-200663_00728	gnl|TC-DB|O51924|3.A.1.1.7	36.1	294	169	7	36	327	20	296	2.3e-30	129.4
BCW-200663_00729	gnl|TC-DB|Q9WYR1|3.A.1.1.39	32.8	332	159	3	22	352	2	270	2.0e-48	189.5
BCW-200663_00734	gnl|TC-DB|Q92WK4|3.A.1.2.11	28.3	286	188	7	1	281	3	276	3.9e-19	92.0
BCW-200663_00748	gnl|TC-DB|P42200|3.A.1.3.14	37.8	201	122	3	24	222	35	234	1.4e-23	106.3
BCW-200663_00749	gnl|TC-DB|P54536|3.A.1.3.15	32.8	204	136	1	11	213	14	217	4.1e-28	121.3
BCW-200663_00750	gnl|TC-DB|Q8YSA2|3.A.1.3.17	28.1	224	143	6	54	268	43	257	8.8e-15	77.4
BCW-200663_00752	gnl|TC-DB|P45769|3.A.1.3.26	68.3	240	76	0	11	250	12	251	3.2e-96	347.8
BCW-200663_00759	gnl|TC-DB|P75796|3.A.1.5.11	55.6	606	255	6	9	604	12	613	6.7e-185	643.7
BCW-200663_00760	gnl|TC-DB|P33590|3.A.1.5.3	26.1	441	273	16	16	425	11	429	2.7e-25	113.2
BCW-200663_00761	gnl|TC-DB|P75798|3.A.1.5.11	41.2	306	177	2	1	305	1	304	3.9e-56	214.9
BCW-200663_00762	gnl|TC-DB|P42063|3.A.1.5.20	41.2	262	150	2	17	276	40	299	7.7e-51	197.2
BCW-200663_00765	gnl|TC-DB|Q92TN0|3.A.1.4.7	84.2	385	61	0	6	390	19	403	2.1e-187	651.4
BCW-200663_00766	gnl|TC-DB|Q92TN1|3.A.1.4.7	84.0	287	46	0	1	287	1	287	2.2e-130	461.5
BCW-200663_00767	gnl|TC-DB|Q92TN2|3.A.1.4.7	71.1	322	93	0	11	332	9	330	5.8e-122	433.7
BCW-200663_00768	gnl|TC-DB|Q92TN3|3.A.1.4.7	73.2	254	68	0	1	254	1	254	2.1e-100	361.7
BCW-200663_00769	gnl|TC-DB|Q92TN4|3.A.1.4.7	73.9	238	62	0	1	238	1	238	7.1e-98	353.2
BCW-200663_00780	gnl|TC-DB|P94400|9.B.10.1.1	42.4	250	111	7	8	225	2	250	2.4e-44	176.0
BCW-200663_00783	gnl|TC-DB|A7IHU2|1.B.4.2.6	33.5	236	132	10	1	215	1	232	4.4e-22	101.3
BCW-200663_00787	gnl|TC-DB|D7A5Z9|2.A.113.1.7	39.8	324	156	7	26	347	22	308	5.7e-43	171.4
BCW-200663_00795	gnl|TC-DB|D4ZZR3|9.B.34.1.3	32.3	161	99	4	306	460	236	392	6.8e-14	75.9
BCW-200663_00796	gnl|TC-DB|Q9HT68|3.A.1.24.5	50.2	261	127	3	1	259	1	260	3.9e-65	244.6
BCW-200663_00797	gnl|TC-DB|Q9HT69|3.A.1.24.5	41.7	204	119	0	15	218	22	225	2.3e-34	142.1
BCW-200663_00798	gnl|TC-DB|P30750|3.A.1.24.1	47.2	345	180	1	21	365	1	343	2.1e-77	285.8
BCW-200663_00805	gnl|TC-DB|Q9KIH3|2.A.1.3.18	31.6	507	343	1	17	519	14	520	4.3e-71	265.4
BCW-200663_00806	gnl|TC-DB|C5W790|2.A.1.3.36	27.9	337	217	5	81	409	23	341	6.6e-30	128.3
BCW-200663_00808	gnl|TC-DB|L5DDD7|2.A.109.2.3	47.9	236	121	1	8	243	373	606	2.0e-58	222.2
BCW-200663_00809	gnl|TC-DB|P72958|2.A.47.4.1	30.1	604	396	9	7	590	15	612	3.0e-65	246.1
BCW-200663_00813	gnl|TC-DB|Q92LL5|3.A.1.15.9	71.4	266	76	0	2	267	35	300	4.5e-109	390.6
BCW-200663_00814	gnl|TC-DB|Q92LL4|3.A.1.15.9	75.6	275	67	0	6	280	16	290	1.5e-116	415.6
BCW-200663_00815	gnl|TC-DB|Q92LL3|3.A.1.15.9	80.0	285	57	0	1	285	1	285	6.5e-122	433.3
BCW-200663_00816	gnl|TC-DB|Q92LL2|3.A.1.15.9	64.0	283	102	0	1	283	1	283	1.3e-93	339.3
BCW-200663_00825	gnl|TC-DB|E6YFT5|2.A.121.4.3	45.7	232	124	2	1	231	1	231	2.5e-50	195.3
BCW-200663_00838	gnl|TC-DB|P0ADL1|2.A.1.2.26	37.7	390	238	1	6	395	2	386	1.0e-56	217.2
BCW-200663_00842	gnl|TC-DB|P9WG63|5.A.1.2.9	32.6	616	346	15	1	582	115	695	7.1e-67	251.5
BCW-200663_00851	gnl|TC-DB|O07838|2.A.56.1.1	25.3	431	307	2	208	624	5	434	1.3e-34	144.4
BCW-200663_00852	gnl|TC-DB|P44542|2.A.56.1.3	29.7	327	209	6	8	329	13	323	9.2e-35	144.1
BCW-200663_00856	gnl|TC-DB|O05307|4.C.1.1.3	23.0	535	343	16	32	530	57	558	5.4e-16	82.4
BCW-200663_00868	gnl|TC-DB|W0WKZ8|3.A.1.5.39	27.1	391	259	12	135	508	150	531	1.9e-23	107.1
BCW-200663_00869	gnl|TC-DB|P75798|3.A.1.5.11	39.4	312	178	3	3	314	4	304	5.4e-53	204.5
BCW-200663_00870	gnl|TC-DB|W0WMS8|3.A.1.5.39	37.2	261	158	1	11	265	38	298	9.7e-38	153.7
BCW-200663_00871	gnl|TC-DB|P75796|3.A.1.5.11	54.9	612	259	5	9	607	12	619	4.7e-170	594.3
BCW-200663_00875	gnl|TC-DB|Q9F3K7|3.A.1.3.24	53.0	253	107	3	6	248	3	253	6.1e-68	253.8
BCW-200663_00876	gnl|TC-DB|P73544|3.A.1.3.12	36.1	194	117	2	61	247	313	506	1.2e-16	83.6
BCW-200663_00877	gnl|TC-DB|Q8YPM8|3.A.1.3.18	32.4	225	135	5	14	223	75	297	1.5e-18	89.7
BCW-200663_00878	gnl|TC-DB|P74223|2.A.56.3.1	25.4	232	148	5	29	248	65	283	2.7e-16	82.4
BCW-200663_00883	gnl|TC-DB|Q9KWT9|3.A.1.1.10	60.3	365	139	4	1	363	2	362	1.5e-118	422.5
BCW-200663_00884	gnl|TC-DB|Q9KWT8|3.A.1.1.10	63.1	301	111	0	9	309	24	324	1.0e-112	402.9
BCW-200663_00885	gnl|TC-DB|Q9KWT7|3.A.1.1.10	67.9	287	92	0	7	293	7	293	7.1e-116	413.3
BCW-200663_00886	gnl|TC-DB|Q9KWT6|3.A.1.1.10	55.7	510	220	2	12	521	14	517	1.3e-176	615.9
BCW-200663_00907	gnl|TC-DB|Q93N33|2.A.21.9.2	31.5	482	284	10	777	1227	674	1140	2.1e-51	201.4
BCW-200663_00926	gnl|TC-DB|P0ADL1|2.A.1.2.26	37.7	369	230	0	58	426	18	386	1.4e-67	253.4
BCW-200663_00929	gnl|TC-DB|Q50614|3.A.1.203.4	28.5	607	382	15	60	633	49	636	1.2e-59	227.6
BCW-200663_00930	gnl|TC-DB|D4ZZR3|9.B.34.1.3	38.0	205	113	7	403	600	195	392	3.0e-23	106.7
BCW-200663_00940	gnl|TC-DB|Q1M7Q2|3.A.1.11.6	38.1	226	140	0	10	235	15	240	2.3e-36	149.1
BCW-200663_00941	gnl|TC-DB|Q44382|3.A.1.11.3	31.8	258	169	3	27	283	31	282	8.3e-32	134.0
BCW-200663_00942	gnl|TC-DB|Q9KLQ5|3.A.1.20.2	47.9	284	143	1	5	283	6	289	1.3e-71	266.5
BCW-200663_00949	gnl|TC-DB|P42063|3.A.1.5.20	41.7	271	155	2	25	293	32	301	2.3e-53	205.7
BCW-200663_00950	gnl|TC-DB|P42062|3.A.1.5.20	41.9	315	180	3	1	313	1	314	2.0e-68	255.8
BCW-200663_00951	gnl|TC-DB|Q0P844|3.A.1.5.28	27.6	515	343	11	43	550	18	509	1.7e-46	183.7
BCW-200663_00955	gnl|TC-DB|P75796|3.A.1.5.11	45.9	560	271	6	11	538	12	571	4.1e-125	444.9
BCW-200663_00960	gnl|TC-DB|Q54806|2.A.1.3.5	32.0	465	301	6	4	456	11	472	1.1e-42	171.0
BCW-200663_00967	gnl|TC-DB|Q92NF1|3.A.1.5.17	43.9	522	273	10	10	520	17	529	3.1e-122	435.3
BCW-200663_00968	gnl|TC-DB|Q92NF0|3.A.1.5.17	48.6	315	162	0	1	315	55	369	5.4e-77	284.3
BCW-200663_00969	gnl|TC-DB|Q92NE9|3.A.1.5.17	53.7	268	124	0	4	271	3	270	1.8e-73	272.3
BCW-200663_00970	gnl|TC-DB|Q92NE8|3.A.1.5.17	55.2	542	231	3	5	537	3	541	1.2e-161	566.2
BCW-200663_00978	gnl|TC-DB|P75796|3.A.1.5.11	58.4	601	243	3	6	600	12	611	8.1e-191	663.3
BCW-200663_00980	gnl|TC-DB|P75799|3.A.1.5.11	46.7	270	143	1	20	288	31	300	3.6e-51	198.4
BCW-200663_00981	gnl|TC-DB|P42062|3.A.1.5.20	45.2	314	169	2	1	311	1	314	1.0e-67	253.4
BCW-200663_00982	gnl|TC-DB|W0WLZ1|3.A.1.5.39	27.3	469	299	10	66	500	74	534	2.2e-40	163.3
BCW-200663_00994	gnl|TC-DB|P0AFK4|3.A.1.11.1	32.0	231	148	6	38	265	9	233	2.4e-18	89.4
BCW-200663_00996	gnl|TC-DB|P77795|3.A.1.11.9	50.2	245	122	0	6	250	4	248	7.8e-64	240.7
BCW-200663_00997	gnl|TC-DB|Q9I488|3.A.1.3.21	57.2	236	101	0	3	238	1	236	3.1e-69	258.1
BCW-200663_00998	gnl|TC-DB|A1VZQ3|3.A.1.3.16	30.3	198	138	0	19	216	50	247	9.0e-23	103.6
BCW-200663_00999	gnl|TC-DB|A1VZQ3|3.A.1.3.16	33.8	142	94	0	60	201	87	228	5.2e-18	87.8
BCW-200663_01000	gnl|TC-DB|B8F896|3.A.1.3.28	25.9	263	182	8	2	257	1	257	1.9e-11	66.2
BCW-200663_01005	gnl|TC-DB|Q9KN48|3.A.23.1.1	43.6	250	136	5	330	575	191	439	5.9e-51	198.7
BCW-200663_01012	gnl|TC-DB|P10905|3.A.1.1.3	39.6	293	175	1	4	296	5	295	2.3e-58	222.2
BCW-200663_01013	gnl|TC-DB|P10906|3.A.1.1.3	43.2	301	145	2	1	295	1	281	4.3e-68	254.6
BCW-200663_01014	gnl|TC-DB|Q9KWT9|3.A.1.1.10	53.0	355	160	4	15	362	1	355	5.5e-100	360.9
BCW-200663_01016	gnl|TC-DB|P75853|3.A.1.17.10	30.2	262	173	4	8	266	2	256	1.2e-23	107.1
BCW-200663_01017	gnl|TC-DB|P75851|3.A.1.17.10	41.4	244	142	1	42	284	17	260	1.3e-45	179.9
BCW-200663_01018	gnl|TC-DB|Q8KZQ6|3.A.1.17.2	42.9	231	127	3	11	241	24	249	1.3e-43	172.9
BCW-200663_01019	gnl|TC-DB|Q93J92|3.A.1.1.36	40.2	264	155	2	6	267	29	291	9.8e-51	196.8
BCW-200663_01020	gnl|TC-DB|Q93J93|3.A.1.1.36	40.8	277	160	3	15	289	39	313	1.9e-47	186.0
BCW-200663_01021	gnl|TC-DB|Q93J94|3.A.1.1.36	29.5	407	261	7	29	424	48	439	7.3e-45	177.9
BCW-200663_01022	gnl|TC-DB|Q01937|3.A.1.1.4	54.4	360	159	3	3	357	4	363	1.5e-107	386.0
BCW-200663_01030	gnl|TC-DB|O30494|3.A.1.1.49	55.2	355	157	2	3	355	2	356	5.6e-107	384.0
BCW-200663_01031	gnl|TC-DB|Q93KB9|3.A.1.1.11	38.6	267	163	1	6	271	33	299	5.5e-62	234.2
BCW-200663_01032	gnl|TC-DB|Q93KC0|3.A.1.1.11	50.4	280	136	2	36	315	11	287	5.0e-75	277.7
BCW-200663_01033	gnl|TC-DB|Q93KB7|3.A.1.1.11	26.7	352	247	7	8	352	2	349	3.3e-29	125.9
BCW-200663_01050	gnl|TC-DB|O80800|3.D.1.6.3	45.8	72	39	0	2	73	48	119	2.8e-11	63.9
BCW-200663_01051	gnl|TC-DB|A0ZUB1|3.A.1.122.12	50.2	652	320	3	1	650	1	649	5.9e-171	597.4
BCW-200663_01052	gnl|TC-DB|Q84BQ3|3.A.1.122.12	44.1	358	187	2	28	385	10	354	7.7e-52	201.1
BCW-200663_01059	gnl|TC-DB|Q93KB7|3.A.1.1.11	38.9	414	246	3	1	407	1	414	1.6e-76	283.1
BCW-200663_01060	gnl|TC-DB|Q93KB8|3.A.1.1.11	55.7	379	151	5	1	366	1	375	2.5e-110	395.2
BCW-200663_01061	gnl|TC-DB|Q93KB9|3.A.1.1.11	56.0	284	125	0	11	294	17	300	7.2e-92	333.6
BCW-200663_01062	gnl|TC-DB|Q93KC0|3.A.1.1.11	63.2	291	107	0	1	291	1	291	1.2e-102	369.4
BCW-200663_01064	gnl|TC-DB|Q8ZKS0|2.A.56.1.5	41.3	424	241	4	6	424	11	431	1.3e-81	300.1
BCW-200663_01066	gnl|TC-DB|P43020|2.A.56.1.5	35.6	289	184	2	39	325	38	326	8.0e-52	200.7
BCW-200663_01076	gnl|TC-DB|P80874|8.A.5.1.4	26.5	268	164	8	395	647	39	288	9.8e-12	68.6
BCW-200663_01077	gnl|TC-DB|Q01937|3.A.1.1.4	64.2	363	128	2	1	361	1	363	8.7e-132	466.5
BCW-200663_01078	gnl|TC-DB|P29824|3.A.1.1.4	33.1	266	174	3	13	278	12	273	1.3e-34	143.3
BCW-200663_01079	gnl|TC-DB|P29823|3.A.1.1.4	40.1	282	164	4	9	286	18	298	3.2e-52	201.8
BCW-200663_01080	gnl|TC-DB|Q9WZR7|3.A.1.1.40	22.6	424	281	16	12	411	8	408	2.7e-15	79.7
BCW-200663_01083	gnl|TC-DB|P52067|2.A.1.35.1	56.6	380	165	0	13	392	21	400	6.9e-122	433.7
BCW-200663_01085	gnl|TC-DB|B9TSM9|2.A.56.1.6	34.2	412	271	0	6	417	5	416	2.3e-62	236.1
BCW-200663_01087	gnl|TC-DB|P37676|2.A.56.1.2	37.1	299	181	4	4	300	5	298	2.6e-50	195.7
BCW-200663_01094	gnl|TC-DB|O30831|3.A.1.1.5	56.1	437	188	3	2	437	3	436	4.6e-143	504.2
BCW-200663_01098	gnl|TC-DB|Q8NRV7|3.A.1.4.5	46.5	217	111	3	1	215	1	214	2.7e-46	181.8
BCW-200663_01099	gnl|TC-DB|Q8NRV8|3.A.1.4.5	45.5	244	130	2	4	247	1	241	7.3e-53	203.8
BCW-200663_01100	gnl|TC-DB|Q9L3S4|3.A.1.4.4	36.0	353	202	6	28	377	32	363	8.2e-48	187.6
BCW-200663_01101	gnl|TC-DB|Q9L3S5|3.A.1.4.4	37.4	377	155	6	2	297	6	382	5.8e-49	191.0
BCW-200663_01102	gnl|TC-DB|Q8NRW1|3.A.1.4.5	39.1	363	219	2	30	392	49	409	3.8e-78	288.5
BCW-200663_01104	gnl|TC-DB|Q8NRW1|3.A.1.4.5	33.7	365	240	1	4	368	51	413	2.2e-61	232.6
BCW-200663_01108	gnl|TC-DB|P75783|1.A.23.3.2	23.9	507	351	6	212	693	226	722	5.2e-27	119.4
BCW-200663_01111	gnl|TC-DB|P37683|8.A.1.1.4	30.4	280	186	5	36	308	43	320	4.0e-23	105.5
BCW-200663_01123	gnl|TC-DB|Q9F9T4|3.A.1.5.23	36.5	561	323	9	4	539	18	570	4.1e-89	325.5
BCW-200663_01124	gnl|TC-DB|W0WMS8|3.A.1.5.39	37.6	266	156	3	36	296	34	294	1.7e-43	172.9
BCW-200663_01125	gnl|TC-DB|P75798|3.A.1.5.11	36.2	323	187	1	4	326	2	305	6.8e-51	197.6
BCW-200663_01126	gnl|TC-DB|O51307|3.A.1.5.18	24.4	414	270	13	109	492	98	498	4.7e-17	85.9
BCW-200663_01128	gnl|TC-DB|Q01937|3.A.1.1.4	55.2	290	118	1	1	278	1	290	3.5e-85	311.6
BCW-200663_01130	gnl|TC-DB|O50453|3.A.1.1.31	28.3	251	169	6	10	254	11	256	1.6e-13	73.2
BCW-200663_01131	gnl|TC-DB|O51924|3.A.1.1.7	29.7	286	194	5	3	287	17	296	2.3e-34	142.5
BCW-200663_01132	gnl|TC-DB|O30831|3.A.1.1.5	29.6	419	256	14	5	398	7	411	6.7e-35	144.8
BCW-200663_01134	gnl|TC-DB|Q92XI7|2.A.1.57.2	73.9	418	97	3	4	415	12	423	1.5e-162	568.9
BCW-200663_01136	gnl|TC-DB|Q9Z3Q5|1.B.14.9.1	65.0	745	257	1	6	750	6	746	3.1e-288	987.3
BCW-200663_01158	gnl|TC-DB|A1VZQ3|3.A.1.3.16	32.2	171	115	1	49	218	72	242	9.5e-20	93.6
BCW-200663_01159	gnl|TC-DB|P42200|3.A.1.3.14	33.0	209	138	1	15	221	20	228	5.7e-20	94.4
BCW-200663_01160	gnl|TC-DB|P10346|3.A.1.3.2	51.7	238	115	0	9	246	1	238	9.1e-64	240.0
BCW-200663_01164	gnl|TC-DB|P36554|2.A.1.3.26	32.9	414	269	3	7	416	15	423	1.1e-54	210.7
BCW-200663_01169	gnl|TC-DB|Q9HV74|2.A.21.9.1	27.5	287	184	5	281	558	703	974	6.6e-19	92.4
BCW-200663_01172	gnl|TC-DB|G4FGN3|3.A.1.2.20	45.6	491	262	4	3	490	2	490	3.7e-109	391.7
BCW-200663_01174	gnl|TC-DB|B8H230|3.A.1.2.21	45.8	301	158	3	27	323	29	328	2.5e-53	205.7
BCW-200663_01187	gnl|TC-DB|I7KBV6|4.D.3.1.2	26.2	294	200	8	68	351	31	317	3.5e-22	103.2
BCW-200663_01191	gnl|TC-DB|Q8G8W9|1.B.14.1.26	42.2	808	415	19	29	813	30	808	1.0e-164	577.0
BCW-200663_01193	gnl|TC-DB|P06972|3.A.1.14.3	38.8	657	387	7	8	654	9	660	2.5e-108	389.4
BCW-200663_01194	gnl|TC-DB|P07821|3.A.1.14.3	57.5	252	107	0	19	270	12	263	1.5e-83	305.8
BCW-200663_01208	gnl|TC-DB|Q82VI7|1.B.14.1.10	35.8	718	421	13	39	731	122	824	3.6e-116	415.6
BCW-200663_01210	gnl|TC-DB|Q9X665|3.A.1.14.7	43.9	239	134	0	20	258	9	247	5.2e-55	211.1
BCW-200663_01211	gnl|TC-DB|Q9L179|3.A.1.14.12	36.5	690	388	19	4	657	18	693	7.8e-78	288.1
BCW-200663_01213	gnl|TC-DB|P46482|8.A.1.7.1	36.2	293	185	2	1	293	1	291	4.4e-44	174.9
BCW-200663_01215	gnl|TC-DB|E0LV84|2.A.85.1.4	27.6	526	355	8	8	511	5	526	1.4e-45	181.0
BCW-200663_01221	gnl|TC-DB|O50454|3.A.1.1.31	52.2	387	158	6	1	360	1	387	6.7e-100	360.5
BCW-200663_01222	gnl|TC-DB|Q9KZ08|3.A.1.1.44	33.5	275	181	2	2	276	30	302	1.2e-40	163.3
BCW-200663_01223	gnl|TC-DB|O51924|3.A.1.1.7	39.0	287	158	6	20	300	17	292	1.2e-44	176.8
BCW-200663_01230	gnl|TC-DB|P0AFS5|2.A.86.1.4	27.2	349	217	5	28	372	8	323	2.0e-25	114.0
BCW-200663_01232	gnl|TC-DB|O54370|3.A.1.20.1	43.5	347	185	3	16	351	5	351	2.1e-74	275.8
BCW-200663_01233	gnl|TC-DB|O54372|3.A.1.20.1	32.9	249	161	3	405	653	1	243	1.6e-30	131.0
BCW-200663_01240	gnl|TC-DB|P75796|3.A.1.5.11	48.1	576	261	8	13	558	12	579	6.9e-139	490.7
BCW-200663_01241	gnl|TC-DB|Q9WXR5|3.A.1.5.29	53.7	356	161	2	17	372	9	360	9.7e-110	393.3
BCW-200663_01242	gnl|TC-DB|Q9WXR6|3.A.1.5.29	53.4	328	153	0	1	328	1	328	8.6e-94	340.1
BCW-200663_01243	gnl|TC-DB|Q9WXR2|3.A.1.5.29	36.4	626	359	13	40	645	49	655	1.9e-100	363.2
BCW-200663_01251	gnl|TC-DB|Q9HV74|2.A.21.9.1	27.6	246	151	7	535	771	748	975	5.5e-17	86.7
BCW-200663_01260	gnl|TC-DB|Q91UW6|3.A.7.3.1	45.1	295	158	3	20	311	30	323	1.4e-62	236.5
BCW-200663_01261	gnl|TC-DB|O50337|3.A.7.2.1	52.7	203	93	1	164	363	187	389	8.1e-59	224.2
BCW-200663_01262	gnl|TC-DB|O50336|3.A.7.2.1	30.7	277	168	7	7	278	6	263	2.2e-29	125.9
BCW-200663_01263	gnl|TC-DB|Q91UR4|3.A.7.3.1	36.1	219	134	3	8	222	21	237	2.6e-33	138.7
BCW-200663_01265	gnl|TC-DB|Q91UX1|3.A.7.3.1	29.8	302	196	7	4	292	5	303	1.2e-20	97.1
BCW-200663_01268	gnl|TC-DB|O50330|3.A.7.2.1	40.6	813	433	11	17	792	19	818	1.0e-169	593.6
BCW-200663_01294	gnl|TC-DB|Q56469|3.A.7.4.1	47.2	305	159	1	9	311	14	318	6.9e-72	267.3
BCW-200663_01296	gnl|TC-DB|P71179|3.A.7.4.1	50.6	85	42	0	13	97	8	92	2.0e-14	74.7
BCW-200663_01297	gnl|TC-DB|P71180|3.A.7.4.1	50.7	824	388	6	4	816	33	849	1.5e-232	802.4
BCW-200663_01301	gnl|TC-DB|P71182|3.A.7.4.1	42.6	298	138	6	1	270	12	304	1.1e-57	219.9
BCW-200663_01303	gnl|TC-DB|E3HE19|3.A.7.4.2	41.5	217	116	2	216	429	151	359	3.0e-46	182.6
BCW-200663_01305	gnl|TC-DB|G7DMK5|2.A.1.56.2	25.2	400	269	10	25	406	18	405	1.0e-11	67.8
BCW-200663_01312	gnl|TC-DB|E0LV84|2.A.85.1.4	25.3	653	464	7	36	670	7	653	9.9e-55	211.5
BCW-200663_01314	gnl|TC-DB|P46482|8.A.1.7.1	37.2	288	175	3	1	285	1	285	1.7e-48	189.5
BCW-200663_01326	gnl|TC-DB|P0AEM9|3.A.1.3.10	28.3	265	177	6	1	256	1	261	2.3e-20	95.9
BCW-200663_01327	gnl|TC-DB|Q9I488|3.A.1.3.21	51.2	240	116	1	5	243	1	240	5.6e-66	247.3
BCW-200663_01328	gnl|TC-DB|A1VZQ3|3.A.1.3.16	30.2	205	139	2	11	213	43	245	1.1e-17	86.7
BCW-200663_01329	gnl|TC-DB|P73544|3.A.1.3.12	34.5	203	127	1	7	203	301	503	3.4e-25	111.7
BCW-200663_01342	gnl|TC-DB|Q52001|3.A.7.14.1	30.7	283	162	10	56	319	2	269	2.5e-23	107.8
BCW-200663_01345	gnl|TC-DB|Q44360|3.A.7.1.1	85.0	638	96	0	1	638	1	638	1.0e-313	1071.6
BCW-200663_01395	gnl|TC-DB|P08716|3.A.1.109.1	51.3	661	318	4	9	668	49	706	1.3e-184	642.9
BCW-200663_01396	gnl|TC-DB|P06739|8.A.1.3.1	29.3	492	303	7	12	496	25	478	5.7e-41	165.2
BCW-200663_01425	gnl|TC-DB|Q9F9T4|3.A.1.5.23	39.3	338	188	5	1	323	230	565	1.5e-53	206.5
BCW-200663_01432	gnl|TC-DB|G0CIY2|9.B.18.1.1	36.9	382	229	6	117	488	105	484	2.3e-55	213.0
BCW-200663_01435	gnl|TC-DB|Q27SU9|1.B.18.2.2	47.3	383	192	4	16	394	21	397	1.5e-95	346.3
BCW-200663_01437	gnl|TC-DB|P33698|8.A.3.1.1	34.1	787	477	13	1	760	7	778	1.9e-107	386.7
BCW-200663_01462	gnl|TC-DB|S5Y5N9|2.A.80.1.4	43.2	502	281	3	1	498	1	502	1.3e-109	393.3
BCW-200663_01463	gnl|TC-DB|P42308|2.A.11.1.2	50.8	435	204	1	1	435	1	425	6.6e-118	420.6
BCW-200663_01470	gnl|TC-DB|I3XAB3|2.A.109.1.5	58.1	172	66	1	1	166	13	184	2.5e-41	164.9
BCW-200663_01492	gnl|TC-DB|P77735|8.A.5.1.6	53.3	319	147	1	1	319	1	317	3.2e-91	331.6
BCW-200663_01513	gnl|TC-DB|P17315|1.B.14.1.4	36.6	708	372	20	19	701	8	663	7.9e-105	377.9
BCW-200663_01520	gnl|TC-DB|P42964|2.A.55.3.2	52.0	400	183	5	1	400	1	391	1.8e-101	365.9
BCW-200663_01524	gnl|TC-DB|P38043|3.A.1.16.1	59.9	401	159	2	29	428	41	440	3.7e-145	511.1
BCW-200663_01525	gnl|TC-DB|P38044|3.A.1.16.1	53.2	250	112	3	47	291	26	275	7.1e-71	263.8
BCW-200663_01526	gnl|TC-DB|P38045|3.A.1.16.1	56.0	257	111	2	1	256	1	256	1.5e-77	285.8
BCW-200663_01530	gnl|TC-DB|P24183|5.A.3.2.1	29.4	265	158	7	4	242	45	306	7.5e-28	122.5
BCW-200663_01534	gnl|TC-DB|G3LHY8|3.A.1.1.35	77.2	356	79	2	1	355	1	355	1.3e-159	558.9
BCW-200663_01535	gnl|TC-DB|G3LHY9|3.A.1.1.35	79.0	352	74	0	1	352	1	352	2.6e-160	561.2
BCW-200663_01536	gnl|TC-DB|G3LHZ0|3.A.1.1.35	85.6	285	41	0	1	285	1	285	4.8e-141	496.9
BCW-200663_01537	gnl|TC-DB|G3LHZ1|3.A.1.1.35	87.0	262	34	0	46	307	12	273	2.6e-129	458.0
BCW-200663_01539	gnl|TC-DB|G3LHZ3|3.A.1.1.35	85.6	568	82	0	6	573	1	568	6.5e-307	1048.9
BCW-200663_01542	gnl|TC-DB|P39836|2.A.28.3.4	53.7	324	148	1	7	330	8	329	9.5e-88	320.1
BCW-200663_01550	gnl|TC-DB|G4FGN3|3.A.1.2.20	45.7	494	260	6	5	496	4	491	6.5e-117	417.5
BCW-200663_01551	gnl|TC-DB|A8H4W6|3.A.1.2.15	40.3	288	161	4	47	325	53	338	1.0e-41	167.2
BCW-200663_01553	gnl|TC-DB|P80874|8.A.5.1.4	44.9	292	147	3	11	299	6	286	4.6e-63	238.0
BCW-200663_01560	gnl|TC-DB|Q83XH1|3.A.1.121.4	30.1	532	363	5	1	530	1	525	8.9e-80	294.3
BCW-200663_01566	gnl|TC-DB|Q6NLC1|3.A.1.203.8	25.4	611	367	13	30	573	71	659	1.3e-44	177.6
BCW-200663_01576	gnl|TC-DB|P33950|3.A.1.5.27	27.4	507	320	19	16	482	28	526	2.2e-32	136.7
BCW-200663_01577	gnl|TC-DB|W0WN20|3.A.1.5.39	39.1	335	172	5	1	304	1	334	1.3e-51	199.9
BCW-200663_01578	gnl|TC-DB|W0WMS8|3.A.1.5.39	39.4	269	160	2	27	293	30	297	3.0e-48	188.7
BCW-200663_01579	gnl|TC-DB|P75796|3.A.1.5.11	47.4	568	256	5	2	527	9	575	9.8e-135	476.9
BCW-200663_01597	gnl|TC-DB|P25694|3.A.16.1.2	29.1	306	173	7	405	669	435	737	3.6e-22	103.2
BCW-200663_01613	gnl|TC-DB|P0AFT2|3.A.1.3.10	49.7	153	77	0	17	169	14	166	9.4e-31	130.2
BCW-200663_01614	gnl|TC-DB|Q9I405|3.A.1.3.22	71.8	245	66	2	7	249	1	244	1.3e-94	342.4
BCW-200663_01622	gnl|TC-DB|Q1M7Q4|3.A.1.11.6	82.4	336	59	0	1	336	1	336	1.2e-162	568.9
BCW-200663_01623	gnl|TC-DB|Q1M7Q3|3.A.1.11.6	79.9	268	54	0	24	291	23	290	4.7e-112	400.6
BCW-200663_01624	gnl|TC-DB|Q1M7Q2|3.A.1.11.6	82.3	265	47	0	1	265	1	265	3.8e-108	387.5
BCW-200663_01625	gnl|TC-DB|Q1M7Q1|3.A.1.11.6	82.5	360	62	1	1	360	1	359	5.6e-171	596.7
BCW-200663_01626	gnl|TC-DB|Q3J2V9|2.A.76.1.6	54.3	199	90	1	4	201	1	199	4.5e-48	187.6
BCW-200663_01634	gnl|TC-DB|Q9I6X6|2.A.6.2.27	45.8	330	174	5	23	350	34	360	4.0e-60	228.4
BCW-200663_01635	gnl|TC-DB|Q9I6X5|2.A.6.2.27	39.0	346	206	3	14	358	13	354	1.4e-44	176.8
BCW-200663_01636	gnl|TC-DB|Q9I6X4|2.A.6.2.27	61.5	1008	386	2	4	1010	5	1011	0.0e+00	1204.9
BCW-200663_01639	gnl|TC-DB|P40812|2.A.3.1.8	61.3	470	175	2	9	475	14	479	2.4e-153	538.5
BCW-200663_01642	gnl|TC-DB|Q1M605|3.A.3.7.2	88.4	567	66	0	1	567	1	567	7.0e-285	975.7
BCW-200663_01644	gnl|TC-DB|Q1M606|3.A.3.7.2	88.2	694	74	1	1	694	1	686	0.0e+00	1132.5
BCW-200663_01645	gnl|TC-DB|Q1M607|3.A.3.7.2	77.4	186	42	0	1	186	1	186	2.1e-76	281.6
BCW-200663_01646	gnl|TC-DB|Q93N33|2.A.21.9.2	29.5	227	141	8	673	888	792	1010	1.0e-11	68.9
BCW-200663_01656	gnl|TC-DB|B9JS50|1.B.66.3.4	45.8	397	210	2	97	490	111	505	4.1e-100	361.7
BCW-200663_01660	gnl|TC-DB|P0AA53|8.A.21.2.2	69.9	286	85	1	9	293	2	287	3.7e-71	265.0
BCW-200663_01665	gnl|TC-DB|D4ZZR3|9.B.34.1.3	35.1	185	112	4	118	297	212	393	2.5e-23	105.9
BCW-200663_01668	gnl|TC-DB|Q9KN48|3.A.23.1.1	39.4	277	165	3	120	395	169	443	2.4e-50	196.4
BCW-200663_01681	gnl|TC-DB|E6VE67|2.A.102.2.4	40.9	252	141	2	1	252	3	246	1.6e-47	186.0
BCW-200663_01686	gnl|TC-DB|K1GHE1|9.B.186.1.2	47.4	76	35	1	265	340	138	208	1.7e-12	70.1
BCW-200663_01688	gnl|TC-DB|Q9NRK6|3.A.1.201.17	38.1	590	347	7	9	587	151	733	1.0e-89	327.4
BCW-200663_01696	gnl|TC-DB|Q0ZAH6|2.A.36.6.4	41.1	576	322	8	1	566	1	569	1.8e-100	363.2
BCW-200663_01718	gnl|TC-DB|P0ABU9|1.A.30.2.2	42.7	218	123	2	12	227	3	220	8.3e-38	153.7
BCW-200663_01719	gnl|TC-DB|Q1D0D2|1.A.30.2.7	42.5	120	69	0	27	146	13	132	1.3e-20	95.9
BCW-200663_01721	gnl|TC-DB|P0A855|2.C.1.2.1	28.0	225	156	6	26	246	21	243	1.4e-19	94.0
BCW-200663_01722	gnl|TC-DB|C6EJJ6|2.C.1.2.1	41.0	156	80	3	28	171	17	172	3.5e-25	111.3
BCW-200663_01725	gnl|TC-DB|P55072|3.A.16.1.1	41.7	230	133	1	154	382	473	702	4.9e-56	215.7
BCW-200663_01727	gnl|TC-DB|Q1QP84|1.B.6.2.14	30.8	247	145	7	45	270	44	285	1.4e-23	106.7
BCW-200663_01745	gnl|TC-DB|P94400|9.B.10.1.1	29.4	248	136	7	5	221	3	242	4.7e-19	92.0
BCW-200663_01773	gnl|TC-DB|P0A9R7|3.A.1.140.1	43.3	215	122	0	1	215	1	215	1.5e-46	182.6
BCW-200663_01793	gnl|TC-DB|Q57079|3.B.1.1.2	57.3	506	212	2	5	510	8	509	5.7e-169	590.5
BCW-200663_01804	gnl|TC-DB|P37387|3.A.1.2.4	43.3	326	178	4	7	330	7	327	2.0e-61	232.6
BCW-200663_01805	gnl|TC-DB|A6LW12|3.A.1.2.26	36.1	427	227	7	4	429	1	382	2.1e-55	213.0
BCW-200663_01806	gnl|TC-DB|O50504|3.A.1.2.24	43.9	237	132	1	6	242	4	239	8.1e-55	210.3
BCW-200663_01817	gnl|TC-DB|P58300|3.A.1.1.16	24.3	210	133	7	83	291	101	285	5.1e-12	68.9
BCW-200663_01818	gnl|TC-DB|Q9WYQ0|3.A.1.1.38	40.3	290	172	1	13	302	5	293	1.7e-59	226.1
BCW-200663_01819	gnl|TC-DB|Q9WYQ1|3.A.1.1.38	34.9	258	159	1	105	362	35	283	1.4e-44	176.8
BCW-200663_01820	gnl|TC-DB|Q9WYQ2|3.A.1.1.38	49.0	339	162	5	1	329	1	338	2.0e-83	305.8
BCW-200663_01832	gnl|TC-DB|Q93E02|8.A.3.2.3	33.9	177	112	3	560	734	36	209	8.0e-18	89.0
BCW-200663_01838	gnl|TC-DB|B0RRI5|2.A.66.2.23	24.4	480	339	6	8	480	24	486	1.0e-26	117.9
BCW-200663_01849	gnl|TC-DB|A4BUA1|2.A.66.5.2	24.1	419	301	7	41	456	22	426	2.0e-11	67.0
BCW-200663_01851	gnl|TC-DB|A9CFB8|2.A.7.3.8	98.0	297	6	0	1	297	1	297	2.8e-152	534.3
BCW-200663_01852	gnl|TC-DB|P10408|3.A.5.1.1	51.3	905	410	9	10	897	8	898	2.7e-251	864.8
BCW-200663_01867	gnl|TC-DB|P16700|3.A.1.6.1	53.8	318	137	4	14	324	18	332	5.7e-90	327.4
BCW-200663_01868	gnl|TC-DB|P16701|3.A.1.6.1	60.6	269	106	0	10	278	7	275	1.5e-83	305.8
BCW-200663_01869	gnl|TC-DB|P0AEB0|3.A.1.6.1	54.1	259	119	0	18	276	17	275	1.9e-76	282.3
BCW-200663_01870	gnl|TC-DB|P16676|3.A.1.6.1	53.7	281	127	2	1	278	1	281	8.9e-86	313.5
BCW-200663_01874	gnl|TC-DB|P0AAP1|9.B.34.1.2	30.9	165	113	1	221	384	205	369	2.4e-15	80.5
BCW-200663_01879	gnl|TC-DB|Q1M4Q8|3.A.1.2.16	31.9	301	189	3	38	322	36	336	2.6e-29	125.9
BCW-200663_01880	gnl|TC-DB|Q7BSH3|3.A.1.2.9	76.0	333	80	0	1	333	1	333	6.6e-126	446.8
BCW-200663_01881	gnl|TC-DB|Q7BSH4|3.A.1.2.9	80.6	501	96	1	12	511	12	512	4.6e-227	783.5
BCW-200663_01882	gnl|TC-DB|Q7BSH5|3.A.1.2.9	86.3	329	45	0	8	336	3	331	9.2e-160	559.3
BCW-200663_01900	gnl|TC-DB|E7BBJ2|9.B.102.5.5	45.1	133	72	1	12	144	6	137	8.3e-25	109.8
BCW-200663_01901	gnl|TC-DB|E7BBJ1|9.B.102.5.2	50.4	129	61	2	7	133	13	140	2.8e-27	117.9
BCW-200663_01909	gnl|TC-DB|C6GYU4|2.A.76.1.9	35.5	211	127	5	68	272	6	213	7.1e-17	84.3
BCW-200663_01910	gnl|TC-DB|P77308|3.A.1.5.38	42.4	321	184	1	18	338	14	333	3.9e-73	271.6
BCW-200663_01911	gnl|TC-DB|W0WMS8|3.A.1.5.39	47.9	267	131	4	34	293	36	301	4.6e-62	234.6
BCW-200663_01912	gnl|TC-DB|P26905|3.A.1.5.2	47.1	278	138	6	1	271	1	276	3.6e-61	231.5
BCW-200663_01913	gnl|TC-DB|Q2FZR4|3.A.1.5.19	44.6	233	120	3	21	245	25	256	2.5e-53	205.3
BCW-200663_01914	gnl|TC-DB|P75797|3.A.1.5.11	25.8	489	326	14	8	487	8	468	6.8e-24	108.6
BCW-200663_01923	gnl|TC-DB|Q0P844|3.A.1.5.28	28.2	471	297	13	61	513	45	492	1.8e-40	163.7
BCW-200663_01925	gnl|TC-DB|Q0P844|3.A.1.5.28	28.1	445	285	12	66	495	50	474	2.0e-39	160.2
BCW-200663_01929	gnl|TC-DB|P77735|8.A.5.1.6	35.1	319	191	4	2	310	1	313	3.4e-48	188.7
BCW-200663_01930	gnl|TC-DB|P42065|3.A.1.5.20	54.7	296	129	2	18	308	31	326	5.3e-93	337.4
BCW-200663_01931	gnl|TC-DB|Q9F350|3.A.1.5.35	51.4	323	143	5	4	316	2	320	4.5e-82	301.2
BCW-200663_01932	gnl|TC-DB|W0WMS8|3.A.1.5.39	35.5	279	174	2	53	325	20	298	7.7e-42	167.5
BCW-200663_01933	gnl|TC-DB|W0WN20|3.A.1.5.39	41.7	333	178	4	11	329	6	336	3.5e-55	211.8
BCW-200663_01934	gnl|TC-DB|Q0P844|3.A.1.5.28	29.2	480	287	16	68	523	50	500	7.3e-42	168.3
BCW-200663_01948	gnl|TC-DB|Q9F3K7|3.A.1.3.24	61.8	249	95	0	353	601	5	253	9.9e-88	320.9
BCW-200663_01949	gnl|TC-DB|P0AEM9|3.A.1.3.10	29.1	220	142	7	75	292	52	259	1.7e-11	66.6
BCW-200663_01953	gnl|TC-DB|Q92NE8|3.A.1.5.17	47.7	543	268	6	1	538	1	532	1.9e-138	489.2
BCW-200663_01954	gnl|TC-DB|Q92NE9|3.A.1.5.17	42.0	257	145	2	21	277	12	264	1.6e-48	189.5
BCW-200663_01955	gnl|TC-DB|P75798|3.A.1.5.11	32.7	312	202	1	5	316	1	304	1.2e-39	160.2
BCW-200663_01956	gnl|TC-DB|Q92NF1|3.A.1.5.17	37.5	531	318	10	13	536	6	529	5.9e-84	308.1
BCW-200663_01971	gnl|TC-DB|P15029|3.A.1.14.1	37.6	279	166	4	63	339	46	318	1.1e-38	157.1
BCW-200663_01972	gnl|TC-DB|P07821|3.A.1.14.3	37.8	249	151	1	7	251	16	264	4.3e-43	171.4
BCW-200663_01977	gnl|TC-DB|Q93SS2|3.A.1.14.19	34.8	342	199	4	33	354	15	352	5.2e-44	174.9
BCW-200663_01978	gnl|TC-DB|P15031|3.A.1.14.1	34.0	256	156	7	2	246	1	254	2.4e-32	135.6
BCW-200663_01983	gnl|TC-DB|O05693|3.A.1.110.3	50.4	565	273	2	26	590	7	564	4.3e-155	544.7
BCW-200663_01984	gnl|TC-DB|O05694|3.A.1.110.3	38.8	430	263	0	8	437	6	435	9.1e-83	303.9
BCW-200663_01986	gnl|TC-DB|P77308|3.A.1.5.38	35.5	327	211	0	12	338	10	336	1.3e-52	203.4
BCW-200663_01987	gnl|TC-DB|P42063|3.A.1.5.20	38.7	274	163	2	19	290	28	298	1.6e-51	199.5
BCW-200663_01988	gnl|TC-DB|Q9F9T4|3.A.1.5.23	39.7	567	300	9	4	534	18	578	6.2e-105	377.9
BCW-200663_01991	gnl|TC-DB|P76128|3.A.1.5.38	24.3	519	358	13	9	514	8	504	8.0e-33	138.3
BCW-200663_01996	gnl|TC-DB|P75798|3.A.1.5.11	41.5	299	167	1	3	301	13	303	4.4e-52	201.4
BCW-200663_01997	gnl|TC-DB|W0WMS8|3.A.1.5.39	42.4	269	148	2	8	269	32	300	1.1e-51	199.9
BCW-200663_01998	gnl|TC-DB|Q9F9T4|3.A.1.5.23	41.9	558	288	7	2	527	15	568	6.8e-112	401.0
BCW-200663_02000	gnl|TC-DB|P42061|3.A.1.5.20	25.3	446	284	13	75	494	88	510	1.0e-27	121.3
BCW-200663_02002	gnl|TC-DB|A8H4W5|3.A.1.2.15	32.4	293	185	6	1	285	1	288	3.0e-32	135.6
BCW-200663_02003	gnl|TC-DB|P0AAG8|3.A.1.2.3	50.8	496	241	2	19	512	9	503	3.3e-140	495.0
BCW-200663_02004	gnl|TC-DB|A8H4W6|3.A.1.2.15	40.2	353	190	5	1	340	1	345	3.6e-58	221.9
BCW-200663_02006	gnl|TC-DB|D5ALT6|2.A.56.3.4	67.4	365	119	0	1	365	1	365	2.0e-147	518.5
BCW-200663_02007	gnl|TC-DB|D5ATK1|2.A.56.3.4	46.5	529	202	4	7	456	10	536	4.3e-113	404.8
BCW-200663_02008	gnl|TC-DB|D5ATK0|2.A.56.3.4	50.3	169	84	0	1	169	1	169	3.4e-44	174.5
BCW-200663_02012	gnl|TC-DB|M3JA40|1.B.52.2.1	62.7	59	22	0	393	451	293	351	2.9e-12	70.1
BCW-200663_02015	gnl|TC-DB|Q9F3K7|3.A.1.3.24	53.4	247	107	2	12	250	3	249	5.5e-67	250.8
BCW-200663_02016	gnl|TC-DB|Q9I487|3.A.1.3.21	30.2	215	134	4	46	257	11	212	3.3e-16	82.0
BCW-200663_02017	gnl|TC-DB|P35114|3.A.1.3.5	33.5	218	129	4	33	239	16	228	1.1e-19	93.6
BCW-200663_02018	gnl|TC-DB|P74223|2.A.56.3.1	29.1	258	166	9	14	263	47	295	4.5e-11	65.1
BCW-200663_02025	gnl|TC-DB|Q88P38|3.A.1.1.30	38.6	368	212	8	4	363	7	368	6.5e-59	224.6
BCW-200663_02026	gnl|TC-DB|Q88P37|3.A.1.1.30	41.6	279	163	0	20	298	22	300	1.1e-63	240.0
BCW-200663_02027	gnl|TC-DB|Q88P36|3.A.1.1.30	46.5	284	143	1	30	313	7	281	9.7e-71	263.5
BCW-200663_02028	gnl|TC-DB|P10907|3.A.1.1.3	49.7	348	169	3	15	362	15	356	5.2e-92	334.3
BCW-200663_02037	gnl|TC-DB|Q8L122|3.A.1.1.19	97.6	292	7	0	51	342	35	326	2.2e-161	564.7
BCW-200663_02038	gnl|TC-DB|Q9R9Q5|3.A.1.1.17	77.3	273	62	0	5	277	4	276	1.5e-107	385.6
BCW-200663_02039	gnl|TC-DB|Q8L125|3.A.1.1.19	97.5	324	8	0	1	324	1	324	4.2e-178	620.2
BCW-200663_02040	gnl|TC-DB|Q8L126|3.A.1.1.19	98.1	421	8	0	1	421	22	442	2.8e-238	820.5
BCW-200663_02049	gnl|TC-DB|M3JA40|1.B.52.2.1	35.1	174	99	4	432	591	287	460	4.7e-13	72.8
BCW-200663_02052	gnl|TC-DB|H8E4X1|9.B.18.1.2	42.9	191	106	1	29	219	330	517	5.2e-42	167.5
BCW-200663_02053	gnl|TC-DB|Q02728|1.B.18.1.1	55.6	421	185	1	8	428	3	421	1.6e-84	309.7
BCW-200663_02056	gnl|TC-DB|C1DS85|8.A.1.3.3	32.4	457	263	11	18	453	9	440	2.3e-52	203.0
BCW-200663_02057	gnl|TC-DB|Q54456|3.A.1.110.6	41.0	547	319	4	193	737	24	568	3.4e-106	382.5
BCW-200663_02070	gnl|TC-DB|Q3J125|4.D.3.1.5	44.6	717	378	10	5	706	17	729	4.0e-152	535.0
BCW-200663_02078	gnl|TC-DB|P29939|2.A.7.2.1	69.9	136	41	0	7	142	4	139	3.4e-50	194.1
BCW-200663_02079	gnl|TC-DB|Q01857|2.A.23.1.3	82.8	442	70	2	7	448	9	444	4.3e-197	683.7
BCW-200663_02080	gnl|TC-DB|Q9HV74|2.A.21.9.1	38.0	242	134	7	381	612	740	975	7.1e-25	112.1
BCW-200663_02081	gnl|TC-DB|Q9KN48|3.A.23.1.1	37.3	357	185	6	114	433	163	517	5.0e-52	201.8
BCW-200663_02091	gnl|TC-DB|Q9CLH1|3.A.1.17.6	53.5	310	140	3	7	314	8	315	4.2e-90	327.8
BCW-200663_02092	gnl|TC-DB|Q9CLG9|3.A.1.17.6	40.8	240	142	0	5	244	12	251	3.1e-46	181.8
BCW-200663_02095	gnl|TC-DB|G4FGN6|3.A.1.1.41	38.5	278	169	1	10	285	1	278	4.4e-54	208.0
BCW-200663_02096	gnl|TC-DB|Q72H67|3.A.1.1.25	39.9	286	168	2	16	299	2	285	5.2e-53	204.5
BCW-200663_02097	gnl|TC-DB|G4FGN8|3.A.1.1.41	36.1	379	232	6	39	410	34	409	2.0e-60	229.6
BCW-200663_02098	gnl|TC-DB|Q9KWT9|3.A.1.1.10	52.9	361	166	2	1	357	2	362	1.2e-104	376.3
BCW-200663_02101	gnl|TC-DB|P76187|8.A.5.1.7	43.0	300	165	5	1	297	2	298	6.2e-59	224.2
BCW-200663_02105	gnl|TC-DB|Q9I0V7|2.A.6.2.39	44.2	1011	558	4	7	1013	8	1016	8.2e-223	770.4
BCW-200663_02107	gnl|TC-DB|Q27SU9|1.B.18.2.2	54.3	392	175	3	6	396	11	399	1.3e-117	419.5
BCW-200663_02111	gnl|TC-DB|P75797|3.A.1.5.11	28.2	522	318	16	1	492	1	495	2.3e-29	126.7
BCW-200663_02112	gnl|TC-DB|W0WN20|3.A.1.5.39	42.7	323	164	2	1	302	12	334	4.0e-61	231.5
BCW-200663_02113	gnl|TC-DB|W0WMS8|3.A.1.5.39	42.0	293	156	3	10	288	8	300	8.0e-51	197.2
BCW-200663_02118	gnl|TC-DB|P75796|3.A.1.5.11	57.7	614	252	4	3	610	1	612	1.3e-188	656.0
BCW-200663_02123	gnl|TC-DB|B9TSM9|2.A.56.1.6	32.7	404	265	5	209	606	9	411	1.3e-42	171.0
BCW-200663_02124	gnl|TC-DB|P37676|2.A.56.1.2	27.2	235	170	1	54	287	46	280	9.8e-29	124.0
BCW-200663_02129	gnl|TC-DB|B9TSM9|2.A.56.1.6	41.4	457	226	1	5	461	5	419	1.1e-83	307.0
BCW-200663_02131	gnl|TC-DB|Q9KR64|2.A.56.1.6	35.7	297	189	2	5	299	1	297	7.5e-42	167.5
BCW-200663_02138	gnl|TC-DB|Q9I402|3.A.1.3.22	37.9	269	165	2	27	294	29	296	2.1e-51	199.1
BCW-200663_02140	gnl|TC-DB|Q9MUK5|3.A.9.1.1	46.6	148	76	2	70	216	61	206	5.1e-28	122.1
BCW-200663_02145	gnl|TC-DB|O51924|3.A.1.1.7	27.5	291	203	2	17	307	12	294	1.0e-27	120.6
BCW-200663_02146	gnl|TC-DB|G4FGN6|3.A.1.1.41	31.1	270	183	2	15	281	8	277	6.3e-37	151.0
BCW-200663_02147	gnl|TC-DB|Q01937|3.A.1.1.4	55.5	326	140	2	1	321	1	326	3.3e-99	358.2
BCW-200663_02157	gnl|TC-DB|P0ADL1|2.A.1.2.26	38.4	372	229	0	22	393	19	390	3.7e-62	235.3
BCW-200663_02159	gnl|TC-DB|P37772|3.A.1.2.25	60.4	316	124	1	5	319	4	319	1.0e-99	359.8
BCW-200663_02160	gnl|TC-DB|P39328|3.A.1.2.25	59.4	315	128	0	14	328	23	337	1.6e-90	329.3
BCW-200663_02161	gnl|TC-DB|Q6BEX0|3.A.1.2.25	59.4	493	198	1	22	514	9	499	2.2e-168	588.6
BCW-200663_02162	gnl|TC-DB|P39325|3.A.1.2.25	69.0	313	95	2	8	319	7	318	1.0e-112	402.9
BCW-200663_02166	gnl|TC-DB|P75796|3.A.1.5.11	45.7	258	133	2	3	253	311	568	6.2e-55	210.7
BCW-200663_02167	gnl|TC-DB|Q9F9T4|3.A.1.5.23	43.7	245	128	3	23	260	39	280	2.9e-47	185.3
BCW-200663_02168	gnl|TC-DB|P42063|3.A.1.5.20	36.7	259	156	4	16	269	42	297	2.5e-38	155.6
BCW-200663_02169	gnl|TC-DB|P75798|3.A.1.5.11	37.4	313	180	2	10	322	7	303	1.5e-42	169.9
BCW-200663_02170	gnl|TC-DB|P33950|3.A.1.5.27	27.3	531	328	15	12	503	3	514	1.5e-39	160.6
BCW-200663_02171	gnl|TC-DB|P46889|3.A.12.1.2	52.4	502	217	9	391	888	841	1324	4.8e-131	465.3
BCW-200663_02177	gnl|TC-DB|P0AAF3|3.A.1.2.2	43.1	211	120	0	5	215	12	222	7.6e-46	180.3
BCW-200663_02178	gnl|TC-DB|A6VKS8|3.A.1.2.13	43.9	262	144	3	1	261	235	494	3.8e-55	211.5
BCW-200663_02179	gnl|TC-DB|A6VKS9|3.A.1.2.13	34.3	300	189	3	27	326	20	311	9.8e-37	150.6
BCW-200663_02185	gnl|TC-DB|Q9I458|2.A.1.11.2	25.7	397	269	7	19	413	7	379	3.8e-17	85.9
BCW-200663_02186	gnl|TC-DB|Q8KJH6|1.B.39.1.5	64.7	224	76	3	11	232	8	230	1.1e-79	292.7
BCW-200663_02189	gnl|TC-DB|P10907|3.A.1.1.3	52.3	363	156	5	1	353	1	356	4.9e-95	344.4
BCW-200663_02190	gnl|TC-DB|P10906|3.A.1.1.3	58.2	282	117	1	1	282	1	281	3.9e-87	317.8
BCW-200663_02191	gnl|TC-DB|P10905|3.A.1.1.3	55.6	288	128	0	5	292	7	294	4.5e-86	314.3
BCW-200663_02192	gnl|TC-DB|P0AG80|3.A.1.1.3	46.1	434	227	6	1	430	1	431	4.3e-109	391.3
BCW-200663_02193	gnl|TC-DB|P94400|9.B.10.1.1	26.3	391	220	17	22	361	4	377	1.7e-18	90.1
BCW-200663_02195	gnl|TC-DB|B1J6T5|9.B.27.3.3	60.3	136	52	2	10	144	7	141	3.8e-38	154.1
BCW-200663_02196	gnl|TC-DB|P94400|9.B.10.1.1	50.5	394	188	7	3	393	2	391	1.3e-99	359.8
BCW-200663_02197	gnl|TC-DB|A1IQK5|3.A.1.15.10	42.6	235	132	2	9	241	16	249	7.9e-45	177.2
BCW-200663_02198	gnl|TC-DB|A1IQK4|3.A.1.15.10	53.5	286	132	1	3	287	5	290	4.1e-76	281.2
BCW-200663_02199	gnl|TC-DB|Q5FA63|3.A.1.15.10	41.3	315	172	5	11	324	4	306	5.1e-46	181.4
BCW-200663_02202	gnl|TC-DB|Q8KN19|3.A.1.1.33	25.2	381	259	10	31	403	62	424	5.4e-16	82.0
BCW-200663_02203	gnl|TC-DB|G4FGN7|3.A.1.1.41	36.1	288	177	3	21	304	1	285	2.7e-44	175.6
BCW-200663_02204	gnl|TC-DB|G4FGN6|3.A.1.1.41	37.4	278	168	2	1	276	5	278	1.3e-47	186.4
BCW-200663_02205	gnl|TC-DB|Q9KWT9|3.A.1.1.10	56.6	357	144	5	1	349	2	355	2.6e-104	375.2
BCW-200663_02206	gnl|TC-DB|P37774|3.A.1.3.10	55.8	249	106	2	10	258	4	248	2.2e-68	255.4
BCW-200663_02207	gnl|TC-DB|P0AFT2|3.A.1.3.10	33.7	193	128	0	20	212	12	204	3.5e-25	111.7
BCW-200663_02208	gnl|TC-DB|Q9HU29|3.A.1.3.23	34.1	214	132	2	6	210	10	223	8.5e-21	97.1
BCW-200663_02218	gnl|TC-DB|P22236|1.B.18.2.4	31.9	376	236	7	1	361	6	376	1.4e-39	160.2
BCW-200663_02221	gnl|TC-DB|Q9KN45|3.A.23.1.1	25.0	1185	787	27	32	1153	29	1174	4.7e-86	316.2
BCW-200663_02222	gnl|TC-DB|Q9KN50|3.A.23.1.1	29.0	224	152	4	65	284	29	249	2.5e-20	96.7
BCW-200663_02223	gnl|TC-DB|Q9KN51|3.A.23.1.1	38.7	434	262	3	1	433	13	443	6.0e-87	317.8
BCW-200663_02226	gnl|TC-DB|Q6EE16|3.A.23.2.1	37.7	615	338	15	6	587	5	607	3.6e-98	355.5
BCW-200663_02230	gnl|TC-DB|Q6EE20|3.A.23.2.1	53.8	494	220	3	1	490	1	490	3.4e-155	544.7
BCW-200663_02231	gnl|TC-DB|Q6EE21|3.A.23.2.1	46.2	158	85	0	3	160	5	162	2.8e-32	134.8
BCW-200663_02233	gnl|TC-DB|Q6EE14|3.A.23.2.1	45.1	873	438	8	5	852	4	860	4.4e-193	671.4
BCW-200663_02236	gnl|TC-DB|A8YQR5|3.A.23.2.1	32.0	513	327	11	14	520	7	503	2.9e-70	263.1
BCW-200663_02275	gnl|TC-DB|C8X384|4.A.6.2.2	46.6	133	70	1	1	133	1	132	8.2e-27	116.3
BCW-200663_02314	gnl|TC-DB|Q8EXN4|9.B.1.1.5	33.7	258	145	8	26	275	51	290	1.7e-22	103.2
BCW-200663_02320	gnl|TC-DB|P0AAG8|3.A.1.2.3	46.4	500	265	2	17	514	5	503	5.7e-132	467.6
BCW-200663_02321	gnl|TC-DB|A8H4W6|3.A.1.2.15	38.1	307	166	3	41	339	53	343	4.6e-50	194.9
BCW-200663_02322	gnl|TC-DB|Q7BSH5|3.A.1.2.9	24.2	265	191	5	25	285	28	286	8.4e-14	74.3
BCW-200663_02330	gnl|TC-DB|Q8PVB2|9.B.125.2.2	31.2	260	156	6	18	261	31	283	3.2e-21	99.0
BCW-200663_02334	gnl|TC-DB|P94400|9.B.10.1.1	30.3	234	148	5	5	230	1	227	5.0e-28	121.7
BCW-200663_02365	gnl|TC-DB|O35002|9.B.174.1.1	36.1	352	208	8	24	366	35	378	9.2e-51	197.6
BCW-200663_02373	gnl|TC-DB|Q0BZH6|2.A.1.24.6	30.7	449	286	7	15	452	28	462	2.5e-51	199.5
BCW-200663_02381	gnl|TC-DB|P46889|3.A.12.1.2	52.4	504	221	9	389	887	840	1329	1.4e-135	480.3
BCW-200663_02382	gnl|TC-DB|O67997|1.A.11.1.4	53.8	433	189	4	15	447	17	438	4.6e-114	407.9
BCW-200663_02394	gnl|TC-DB|P31552|4.C.1.1.6	21.4	538	375	17	87	616	20	517	1.7e-24	110.9
BCW-200663_02395	gnl|TC-DB|R4JTF7|2.A.56.1.9	44.2	335	186	1	1	334	4	338	2.2e-73	272.3
BCW-200663_02396	gnl|TC-DB|R4JQ65|2.A.56.1.9	54.2	424	193	1	1	423	1	424	3.9e-123	438.0
BCW-200663_02397	gnl|TC-DB|P37674|2.A.56.1.2	36.1	144	90	2	10	152	3	145	5.0e-16	80.9
BCW-200663_02409	gnl|TC-DB|P18767|3.A.1.108.1	77.1	577	132	0	1	577	1	577	5.6e-245	843.2
BCW-200663_02411	gnl|TC-DB|Q6A1F6|3.B.1.1.6	33.2	599	350	12	537	1121	6	568	8.2e-83	305.4
BCW-200663_02413	gnl|TC-DB|F2WVP9|2.A.1.60.3	32.9	365	235	3	28	388	18	376	1.9e-47	186.4
BCW-200663_02415	gnl|TC-DB|P37665|9.B.186.1.1	46.8	220	114	2	1	218	1	219	7.9e-35	143.7
BCW-200663_02421	gnl|TC-DB|Q2PGB8|3.A.1.120.5	55.2	554	238	4	3	556	4	547	5.3e-166	580.9
BCW-200663_02423	gnl|TC-DB|P31550|3.A.1.19.1	58.3	307	126	1	29	335	22	326	2.2e-105	378.6
BCW-200663_02424	gnl|TC-DB|P31549|3.A.1.19.1	41.9	511	286	4	19	525	18	521	1.8e-88	323.2
BCW-200663_02425	gnl|TC-DB|P31548|3.A.1.19.1	46.4	196	105	0	30	225	24	219	5.2e-48	187.6
BCW-200663_02430	gnl|TC-DB|P70786|2.A.1.14.3	42.1	420	243	0	4	423	23	442	1.1e-96	350.1
BCW-200663_02432	gnl|TC-DB|O05694|3.A.1.110.3	48.6	428	220	0	10	437	8	435	7.4e-109	390.6
BCW-200663_02433	gnl|TC-DB|O05693|3.A.1.110.3	52.8	547	258	0	18	564	8	554	4.3e-157	551.2
BCW-200663_02440	gnl|TC-DB|P0AGD7|3.A.5.1.1	48.3	462	227	4	1	461	1	451	7.0e-106	380.9
BCW-200663_02444	gnl|TC-DB|P10121|3.A.5.1.1	46.7	302	159	2	173	473	192	492	4.2e-73	271.9
BCW-200663_02447	gnl|TC-DB|D4ZZR3|9.B.34.1.3	27.5	385	243	11	7	363	19	395	1.4e-18	90.5
BCW-200663_02450	gnl|TC-DB|P30962|9.B.14.2.2	71.8	238	66	1	13	249	5	242	1.3e-94	342.4
BCW-200663_02451	gnl|TC-DB|P30964|3.A.1.107.1	60.7	219	86	0	1	219	4	222	3.2e-68	254.6
BCW-200663_02452	gnl|TC-DB|P30963|3.A.1.107.1	48.8	207	99	3	1	207	1	200	4.9e-50	194.1
BCW-200663_02456	gnl|TC-DB|P0AAC4|1.A.14.2.2	48.2	222	108	3	25	243	16	233	3.8e-46	181.4
BCW-200663_02458	gnl|TC-DB|P0A9T8|3.A.1.122.15	47.6	225	116	1	3	225	4	228	4.5e-52	201.1
BCW-200663_02466	gnl|TC-DB|Q99ZY6|3.A.1.34.1	34.4	285	186	1	18	302	34	317	5.4e-45	177.9
BCW-200663_02467	gnl|TC-DB|Q99ZY4|3.A.1.34.1	34.2	281	170	7	9	284	5	275	7.8e-22	100.9
BCW-200663_02468	gnl|TC-DB|Q99ZY3|3.A.1.34.1	40.3	248	148	0	1	248	4	251	1.2e-42	169.9
BCW-200663_02469	gnl|TC-DB|G4NW86|2.A.76.1.7	30.4	204	139	1	10	213	7	207	2.4e-20	95.5
BCW-200663_02496	gnl|TC-DB|X5H3P0|3.D.10.1.6	64.3	603	203	6	13	613	5	597	7.4e-232	799.7
BCW-200663_02497	gnl|TC-DB|X5GWN5|3.D.10.1.6	65.8	257	85	2	1	257	1	254	6.3e-100	360.1
BCW-200663_02506	gnl|TC-DB|G4NXW2|2.A.76.1.8	27.4	215	139	6	1	207	1	206	3.0e-15	78.6
BCW-200663_02512	gnl|TC-DB|Q9ZKE4|3.A.11.3.1	30.9	540	328	12	228	753	105	613	1.0e-60	231.5
BCW-200663_02514	gnl|TC-DB|A1B8N7|3.A.2.1.7	39.4	188	114	0	1	188	1	188	2.0e-34	142.1
BCW-200663_02515	gnl|TC-DB|A1B8N8|3.A.2.1.7	75.9	511	121	2	1	509	1	511	4.1e-220	760.4
BCW-200663_02516	gnl|TC-DB|A1B8N9|3.A.2.1.7	62.8	293	105	2	1	292	1	290	4.5e-94	340.9
BCW-200663_02517	gnl|TC-DB|A1B8P0|3.A.2.1.7	79.3	469	96	1	17	484	6	474	5.3e-209	723.4
BCW-200663_02518	gnl|TC-DB|A1B8P1|3.A.2.1.7	40.2	107	64	0	1	107	1	107	8.7e-16	79.7
BCW-200663_02520	gnl|TC-DB|M3JA40|1.B.52.2.1	32.5	191	112	2	372	545	270	460	1.2e-18	91.3
BCW-200663_02523	gnl|TC-DB|P0ADE4|1.B.33.2.4	26.7	405	266	16	243	638	192	574	8.5e-21	98.6
BCW-200663_02534	gnl|TC-DB|O51924|3.A.1.1.7	37.1	280	161	6	12	284	23	294	1.4e-39	159.8
BCW-200663_02535	gnl|TC-DB|P77716|3.A.1.1.46	33.2	280	185	2	7	285	1	279	8.1e-40	160.6
BCW-200663_02536	gnl|TC-DB|Q9WZR7|3.A.1.1.40	24.9	381	244	13	50	403	42	407	1.1e-18	90.9
BCW-200663_02537	gnl|TC-DB|O30494|3.A.1.1.49	51.8	359	171	2	1	357	1	359	3.7e-101	364.8
BCW-200663_02548	gnl|TC-DB|Q9X0F5|3.A.1.5.12	58.6	355	146	1	36	390	11	364	6.1e-123	437.2
BCW-200663_02549	gnl|TC-DB|Q9X0F6|3.A.1.5.12	54.6	326	148	0	1	326	1	326	2.5e-93	338.6
BCW-200663_02550	gnl|TC-DB|Q9WXR2|3.A.1.5.29	31.3	594	372	14	35	607	58	636	8.5e-74	274.6
BCW-200663_02551	gnl|TC-DB|P75796|3.A.1.5.11	46.1	577	296	8	6	577	11	577	1.2e-128	456.8
BCW-200663_02573	gnl|TC-DB|P09833|3.A.1.8.1	42.3	331	186	2	25	355	25	350	6.3e-66	247.7
BCW-200663_02574	gnl|TC-DB|P0AF01|3.A.1.8.1	62.1	224	85	0	6	229	3	226	9.5e-71	263.1
BCW-200663_02575	gnl|TC-DB|P37329|3.A.1.8.1	50.0	244	119	2	21	261	13	256	2.0e-56	215.7
BCW-200663_02583	gnl|TC-DB|B3PY75|1.B.17.3.8	63.9	463	165	2	1	462	1	462	8.0e-157	550.1
BCW-200663_02584	gnl|TC-DB|P31224|2.A.6.2.2	56.8	1031	439	4	1	1025	1	1031	0.0e+00	1081.6
BCW-200663_02585	gnl|TC-DB|Q9WWZ9|2.A.6.2.9	35.3	402	228	9	5	400	7	382	2.1e-57	219.5
BCW-200663_02610	gnl|TC-DB|P76628|2.A.1.36.3	35.8	380	238	3	17	392	5	382	2.5e-58	222.6
BCW-200663_02611	gnl|TC-DB|P07658|3.D.1.9.2	25.0	579	351	15	112	659	61	587	1.8e-38	157.5
BCW-200663_02618	gnl|TC-DB|Q9HXW4|2.A.6.2.17	41.5	1026	592	2	1	1019	1	1025	1.9e-219	759.2
BCW-200663_02619	gnl|TC-DB|Q9I6X6|2.A.6.2.27	30.4	309	209	5	58	363	58	363	5.1e-26	115.2
BCW-200663_02657	gnl|TC-DB|Q1J0W6|9.B.34.1.1	34.8	158	92	4	169	321	193	344	1.3e-15	81.3
BCW-200663_02684	gnl|TC-DB|Q8F4F7|2.A.123.2.4	38.3	81	50	0	1	81	1	81	1.4e-11	65.1
BCW-200663_02724	gnl|TC-DB|P02982|2.A.1.2.4	28.4	395	266	6	42	432	5	386	3.7e-28	122.5
BCW-200663_02727	gnl|TC-DB|Q88P35|3.A.1.1.30	52.0	373	155	5	1	357	1	365	3.1e-97	351.7
BCW-200663_02728	gnl|TC-DB|Q8KN17|3.A.1.1.33	37.1	256	160	1	27	281	22	277	1.7e-42	169.5
BCW-200663_02729	gnl|TC-DB|Q9R9Q6|3.A.1.1.17	33.4	293	178	3	24	302	32	321	1.6e-41	166.4
BCW-200663_02736	gnl|TC-DB|P75796|3.A.1.5.11	44.9	579	274	8	6	544	13	586	1.6e-124	443.0
BCW-200663_02738	gnl|TC-DB|Q52012|3.A.1.5.4	32.3	502	324	9	13	508	14	505	3.6e-70	262.3
BCW-200663_02739	gnl|TC-DB|O30544|3.A.1.5.4	45.8	273	143	2	3	274	18	286	6.9e-60	227.3
BCW-200663_02740	gnl|TC-DB|O30543|3.A.1.5.4	44.7	304	166	1	1	304	1	302	1.7e-67	252.7
BCW-200663_02743	gnl|TC-DB|Q9FA44|2.A.80.1.1	57.8	507	209	2	1	507	1	502	1.5e-153	539.3
BCW-200663_02745	gnl|TC-DB|Q9FA46|2.A.80.1.1	54.7	318	140	2	9	326	10	323	3.4e-98	354.8
BCW-200663_02748	gnl|TC-DB|P12012|2.A.8.1.1	37.9	457	264	6	8	457	3	446	6.4e-79	291.2
BCW-200663_02754	gnl|TC-DB|P22731|3.A.1.4.1	40.6	212	125	1	5	215	6	217	1.2e-36	149.8
BCW-200663_02755	gnl|TC-DB|Q8NRV8|3.A.1.4.5	43.2	243	132	5	4	246	2	238	1.9e-45	179.1
BCW-200663_02756	gnl|TC-DB|Q9L3S4|3.A.1.4.4	36.5	310	186	3	44	348	31	334	3.9e-47	185.3
BCW-200663_02757	gnl|TC-DB|Q9L3S5|3.A.1.4.4	35.8	374	154	4	255	543	10	382	3.4e-47	186.0
BCW-200663_02758	gnl|TC-DB|Q8NRW1|3.A.1.4.5	36.2	401	234	8	10	410	32	410	5.5e-66	248.1
BCW-200663_02767	gnl|TC-DB|Q9HXW4|2.A.6.2.17	42.3	1020	581	2	1	1013	1	1019	2.6e-221	765.4
BCW-200663_02769	gnl|TC-DB|O30832|3.A.1.1.5	64.7	289	102	0	1	289	1	289	5.6e-97	350.5
BCW-200663_02770	gnl|TC-DB|O30833|3.A.1.1.5	72.1	276	75	2	1	274	1	276	8.7e-108	386.3
BCW-200663_02779	gnl|TC-DB|Q9X4X4|2.A.1.30.1	34.4	500	326	1	11	508	23	522	1.5e-68	256.9
BCW-200663_02790	gnl|TC-DB|Q8ZPK4|3.A.1.12.14	41.3	383	198	6	1	365	1	374	1.4e-71	266.5
BCW-200663_02791	gnl|TC-DB|Q8ZPK3|3.A.1.12.14	35.3	207	130	3	5	208	6	211	1.6e-19	92.8
BCW-200663_02799	gnl|TC-DB|P33916|3.A.1.5.21	47.8	525	271	2	5	526	2	526	1.9e-135	479.2
BCW-200663_02800	gnl|TC-DB|Q5V9S0|3.A.1.5.22	59.1	220	90	0	157	376	81	300	1.1e-68	256.9
BCW-200663_02801	gnl|TC-DB|Q5V9S1|3.A.1.5.22	52.6	306	145	0	1	306	1	306	1.4e-85	312.8
BCW-200663_02802	gnl|TC-DB|Q5V9S2|3.A.1.5.22	38.6	526	312	8	1	523	16	533	2.6e-100	362.5
BCW-200663_02804	gnl|TC-DB|M3JA40|1.B.52.2.1	33.1	181	101	3	431	594	283	460	1.7e-16	84.3
BCW-200663_02815	gnl|TC-DB|O50504|3.A.1.2.24	46.0	237	128	0	30	266	5	241	4.5e-56	214.5
BCW-200663_02816	gnl|TC-DB|B8H230|3.A.1.2.21	37.9	293	174	3	29	315	31	321	8.8e-46	180.6
BCW-200663_02818	gnl|TC-DB|A1ACJ3|1.A.13.5.1	43.5	246	132	2	4	249	9	247	2.1e-55	212.2
BCW-200663_02826	gnl|TC-DB|P31552|4.C.1.1.6	27.3	516	331	18	11	500	17	514	9.1e-34	141.4
BCW-200663_02835	gnl|TC-DB|Q9X051|3.A.1.2.19	42.8	486	266	6	2	478	8	490	6.2e-107	384.4
BCW-200663_02836	gnl|TC-DB|P77672|3.A.1.2.8	30.9	243	162	4	19	259	14	252	3.1e-19	92.4
BCW-200663_02837	gnl|TC-DB|Q9X050|3.A.1.2.19	31.7	312	196	6	55	355	22	327	2.6e-27	119.4
BCW-200663_02850	gnl|TC-DB|G4FGN3|3.A.1.2.20	44.3	488	268	3	1	488	4	487	1.0e-109	393.7
BCW-200663_02851	gnl|TC-DB|P0AGI1|3.A.1.2.1	51.9	295	137	2	30	320	23	316	3.8e-62	235.0
BCW-200663_02855	gnl|TC-DB|P0C0L7|2.A.1.6.4	68.7	495	148	1	9	503	9	496	5.0e-194	673.7
BCW-200663_02860	gnl|TC-DB|M7AKZ4|2.A.58.2.2	24.0	533	383	10	6	524	5	529	1.0e-22	104.8
BCW-200663_02862	gnl|TC-DB|Q9KLQ6|3.A.1.20.2	26.3	505	327	15	107	592	195	673	1.1e-28	124.8
BCW-200663_02863	gnl|TC-DB|Q8TZQ3|3.A.1.1.16	44.9	370	188	6	1	360	1	364	8.6e-82	300.4
BCW-200663_02869	gnl|TC-DB|L5DDD7|2.A.109.2.3	49.2	518	252	7	1	511	370	883	6.7e-125	444.1
BCW-200663_02872	gnl|TC-DB|Q01937|3.A.1.1.4	50.3	354	170	2	4	351	3	356	1.7e-90	329.3
BCW-200663_02873	gnl|TC-DB|P77716|3.A.1.1.46	27.3	264	179	5	19	275	22	279	2.5e-22	102.4
BCW-200663_02874	gnl|TC-DB|Q93J93|3.A.1.1.36	32.5	280	185	3	19	297	39	315	8.2e-35	144.1
BCW-200663_02875	gnl|TC-DB|Q7AKP1|3.A.1.1.44	28.2	394	252	13	29	405	35	414	2.6e-31	132.9
BCW-200663_02887	gnl|TC-DB|P75783|1.A.23.3.2	27.5	530	316	15	130	633	195	682	2.2e-22	104.0
BCW-200663_02889	gnl|TC-DB|P71997|2.A.53.4.2	32.1	521	348	5	7	522	26	545	1.7e-54	210.3
BCW-200663_02897	gnl|TC-DB|P31552|4.C.1.1.6	26.4	530	332	17	891	1383	9	517	1.5e-20	99.0
BCW-200663_02903	gnl|TC-DB|A8GDS7|3.A.1.14.16	32.9	310	203	2	45	349	22	331	2.6e-32	136.0
BCW-200663_02904	gnl|TC-DB|Q8GRB2|3.A.1.14.8	37.9	277	169	2	51	326	68	342	2.3e-41	166.0
BCW-200663_02905	gnl|TC-DB|Q8GRB0|3.A.1.14.8	40.3	253	148	2	1	251	1	252	9.4e-51	196.8
BCW-200663_02908	gnl|TC-DB|A5F661|1.B.14.8.3	29.4	701	444	20	17	700	21	687	2.4e-77	286.6
BCW-200663_02913	gnl|TC-DB|Q1M7Q3|3.A.1.11.6	31.4	255	172	2	5	258	19	271	2.0e-27	119.4
BCW-200663_02915	gnl|TC-DB|Q9X103|3.A.1.1.22	50.0	248	123	1	9	255	8	255	1.2e-66	250.0
BCW-200663_02923	gnl|TC-DB|P75797|3.A.1.5.11	24.3	538	367	13	10	541	3	506	2.9e-30	129.8
BCW-200663_02924	gnl|TC-DB|P77308|3.A.1.5.38	42.1	321	185	1	31	351	14	333	2.1e-69	259.2
BCW-200663_02925	gnl|TC-DB|W0WMS8|3.A.1.5.39	46.2	279	144	2	36	309	24	301	1.1e-61	233.4
BCW-200663_02926	gnl|TC-DB|P45095|3.A.1.5.27	48.0	269	138	2	5	271	3	271	1.5e-62	236.1
BCW-200663_02927	gnl|TC-DB|Q8CJS2|3.A.1.5.36	42.8	229	125	3	19	242	53	280	3.5e-47	184.9
BCW-200663_02929	gnl|TC-DB|P33950|3.A.1.5.27	24.5	493	309	11	32	474	30	509	4.7e-30	129.0
BCW-200663_02930	gnl|TC-DB|P75798|3.A.1.5.11	40.1	312	179	1	1	312	1	304	5.8e-55	211.1
BCW-200663_02931	gnl|TC-DB|W0WMS8|3.A.1.5.39	38.6	264	154	3	14	270	36	298	7.2e-38	154.1
BCW-200663_02935	gnl|TC-DB|P42063|3.A.1.5.20	35.8	285	169	3	24	305	30	303	7.8e-49	190.7
BCW-200663_02936	gnl|TC-DB|P42062|3.A.1.5.20	35.3	343	187	6	1	335	1	316	5.4e-51	198.0
BCW-200663_02937	gnl|TC-DB|P06202|3.A.1.5.1	24.9	563	336	18	3	536	6	510	1.0e-25	114.8
BCW-200663_02939	gnl|TC-DB|P75796|3.A.1.5.11	58.8	580	232	3	18	591	12	590	1.6e-186	649.0
BCW-200663_02941	gnl|TC-DB|O30831|3.A.1.1.5	68.9	431	132	2	7	437	8	436	1.5e-178	622.1
BCW-200663_02944	gnl|TC-DB|Q9X4X4|2.A.1.30.1	34.2	500	327	1	11	508	23	522	1.7e-67	253.4
BCW-200663_02945	gnl|TC-DB|D4XPL7|9.B.143.1.2	36.1	208	123	5	7	210	19	220	7.1e-23	104.0
BCW-200663_02949	gnl|TC-DB|P17583|2.A.1.17.1	37.8	376	230	3	22	396	1	373	6.2e-54	208.0
BCW-200663_02964	gnl|TC-DB|Q5EAK4|2.A.16.2.2	27.3	417	238	15	34	416	1389	1774	3.2e-22	103.2
BCW-200663_02966	gnl|TC-DB|Q9F9B2|3.A.1.2.7	85.3	339	50	0	2	340	3	341	9.6e-165	575.9
BCW-200663_02967	gnl|TC-DB|Q9F9B1|3.A.1.2.7	83.0	359	61	0	1	359	1	359	3.0e-164	574.3
BCW-200663_02968	gnl|TC-DB|Q9F9B0|3.A.1.2.7	91.5	260	22	0	1	260	1	260	2.4e-131	464.5
BCW-200663_02981	gnl|TC-DB|Q98L58|2.A.69.3.6	37.9	309	190	1	1	309	1	307	5.6e-58	221.1
BCW-200663_02991	gnl|TC-DB|Q9X4X4|2.A.1.30.1	32.7	498	328	2	6	499	21	515	2.3e-72	269.6
BCW-200663_03002	gnl|TC-DB|G0CIY2|9.B.18.1.1	47.1	191	98	1	46	236	291	478	1.1e-40	163.3
BCW-200663_03011	gnl|TC-DB|Q9HV74|2.A.21.9.1	29.2	236	156	5	368	597	744	974	4.0e-20	96.3
BCW-200663_03012	gnl|TC-DB|Q9KN48|3.A.23.1.1	36.5	299	175	5	78	367	123	415	8.5e-44	174.5
BCW-200663_03013	gnl|TC-DB|D0J060|2.A.80.1.3	39.2	316	172	4	63	365	7	315	7.8e-54	207.6
BCW-200663_03014	gnl|TC-DB|S6CBZ0|2.A.80.1.2	33.1	142	84	2	14	144	12	153	1.7e-12	68.9
BCW-200663_03015	gnl|TC-DB|D0J0R9|2.A.80.1.3	64.2	503	177	2	1	500	1	503	1.7e-165	578.9
BCW-200663_03019	gnl|TC-DB|P0A6Y8|1.A.33.1.2	66.7	640	201	5	1	630	1	638	5.6e-235	810.1
BCW-200663_03023	gnl|TC-DB|D2BKA1|3.A.1.2.17	33.1	356	192	8	1	319	1	347	2.2e-36	149.4
BCW-200663_03024	gnl|TC-DB|Q8DU37|3.A.1.2.12	49.3	495	250	1	7	500	6	500	3.5e-131	464.9
BCW-200663_03025	gnl|TC-DB|Q8DU38|3.A.1.2.12	31.8	352	218	7	16	355	9	350	3.8e-34	142.1
BCW-200663_03026	gnl|TC-DB|Q8DU39|3.A.1.2.12	38.9	329	184	4	1	323	1	318	3.5e-55	211.8
BCW-200663_03036	gnl|TC-DB|P0ABJ6|3.D.4.5.1	49.0	100	50	1	21	120	9	107	2.9e-24	107.8
BCW-200663_03037	gnl|TC-DB|P0ABJ3|3.D.4.5.1	58.8	187	76	1	23	208	18	204	1.9e-62	235.3
BCW-200663_03038	gnl|TC-DB|P0ABI8|3.D.4.5.1	67.6	648	207	2	11	656	1	647	2.8e-269	924.1
BCW-200663_03039	gnl|TC-DB|P0ABJ1|3.D.4.5.1	43.5	301	159	3	16	314	20	311	8.2e-74	273.9
BCW-200663_03040	gnl|TC-DB|P37643|2.A.1.6.10	39.7	411	238	3	29	431	21	429	2.7e-74	275.8
BCW-200663_03050	gnl|TC-DB|A0M015|1.A.62.2.1	33.7	199	132	0	1	199	6	204	1.4e-25	112.8
BCW-200663_03054	gnl|TC-DB|Q2BM70|3.A.1.17.4	32.5	234	152	2	27	255	74	306	7.1e-35	144.1
BCW-200663_03055	gnl|TC-DB|Q55107|3.A.1.16.3	48.2	247	123	4	4	246	5	250	6.9e-62	233.8
BCW-200663_03057	gnl|TC-DB|P0ABU7|1.A.30.2.1	55.9	220	92	2	151	368	9	225	1.7e-53	206.5
BCW-200663_03058	gnl|TC-DB|P0ABV2|1.A.30.2.1	63.1	141	51	1	1	141	1	140	4.6e-40	160.6
BCW-200663_03067	gnl|TC-DB|P16683|3.A.1.9.1	35.5	220	132	3	229	444	46	259	7.5e-32	134.8
BCW-200663_03068	gnl|TC-DB|A0QQ68|3.A.1.9.2	30.9	188	126	1	133	316	85	272	4.3e-21	98.6
BCW-200663_03070	gnl|TC-DB|P16677|3.A.1.9.1	45.7	243	127	2	5	242	7	249	9.2e-52	200.3
BCW-200663_03072	gnl|TC-DB|P33916|3.A.1.5.21	28.6	210	133	6	26	227	301	501	3.3e-15	78.6
BCW-200663_03073	gnl|TC-DB|W0WJ90|3.A.1.5.39	35.5	256	157	4	6	255	3	256	6.4e-36	147.5
BCW-200663_03084	gnl|TC-DB|P33913|3.A.1.5.21	34.8	574	356	8	38	608	29	587	2.8e-98	355.9
BCW-200663_03085	gnl|TC-DB|P0AFU1|3.A.1.5.21	59.2	373	132	2	1	362	1	364	2.3e-124	441.8
BCW-200663_03086	gnl|TC-DB|P33915|3.A.1.5.21	51.0	359	151	2	21	378	5	339	3.5e-99	358.2
BCW-200663_03087	gnl|TC-DB|P33916|3.A.1.5.21	56.3	526	230	0	6	531	2	527	1.7e-163	572.4
BCW-200663_03093	gnl|TC-DB|P33359|3.A.1.12.15	46.5	230	120	1	13	242	14	240	4.7e-44	174.5
BCW-200663_03094	gnl|TC-DB|P33360|3.A.1.12.15	51.5	309	148	2	1	308	1	308	5.5e-82	300.8
BCW-200663_03095	gnl|TC-DB|P33361|3.A.1.12.15	42.9	375	196	7	10	376	9	373	2.9e-64	242.3
BCW-200663_03096	gnl|TC-DB|P33362|3.A.1.12.15	53.5	303	138	1	4	303	3	305	8.5e-88	320.1
BCW-200663_03099	gnl|TC-DB|P72827|3.A.1.10.2	43.1	327	179	5	22	343	35	359	8.0e-74	273.9
BCW-200663_03103	gnl|TC-DB|O25832|2.A.7.28.9	27.9	290	181	9	14	286	8	286	2.8e-14	75.9
BCW-200663_03104	gnl|TC-DB|C9RH03|2.A.109.3.1	45.9	355	166	4	6	355	4	337	2.3e-79	292.4
BCW-200663_03113	gnl|TC-DB|Q9L714|3.A.7.18.1	67.2	506	142	4	1	487	1	501	6.6e-191	663.3
BCW-200663_03114	gnl|TC-DB|Q9L715|3.A.7.18.1	45.7	376	204	0	32	407	124	499	6.1e-100	360.9
BCW-200663_03115	gnl|TC-DB|Q9L716|3.A.7.18.1	39.5	119	69	2	110	228	95	210	4.0e-13	71.6
BCW-200663_03116	gnl|TC-DB|Q9L717|3.A.7.18.1	32.4	528	260	10	52	525	74	558	1.8e-69	260.0
BCW-200663_03117	gnl|TC-DB|Q9L718|3.A.7.18.1	32.7	266	140	8	1	229	1	264	3.4e-24	108.6
BCW-200663_03127	gnl|TC-DB|P96668|2.A.7.3.24	68.4	291	88	1	1	291	1	287	9.2e-108	386.3
BCW-200663_03142	gnl|TC-DB|D5ALT6|2.A.56.3.4	62.9	367	134	2	1	367	1	365	3.5e-136	481.1
BCW-200663_03144	gnl|TC-DB|M8ABW0|2.A.89.2.2	98.2	326	6	0	1	326	1	326	2.1e-177	617.8
BCW-200663_03153	gnl|TC-DB|P77735|8.A.5.1.6	34.2	336	191	12	1	320	1	322	1.2e-37	153.7
BCW-200663_03156	gnl|TC-DB|P80874|8.A.5.1.4	32.8	317	186	9	1	306	1	301	1.7e-30	129.8
BCW-200663_03166	gnl|TC-DB|Q6SJ76|2.A.7.3.67	64.7	275	96	1	10	284	7	280	6.2e-96	347.1
BCW-200663_03175	gnl|TC-DB|Q02YV9|9.A.24.1.7	33.8	157	95	5	1	150	5	159	2.5e-16	81.6
BCW-200663_03186	gnl|TC-DB|Q9SK66|3.D.1.6.3	33.2	322	196	7	9	317	70	385	2.7e-39	159.1
BCW-200663_03195	gnl|TC-DB|P0AG80|3.A.1.1.3	36.3	438	267	8	2	430	1	435	2.0e-74	276.2
BCW-200663_03196	gnl|TC-DB|P10905|3.A.1.1.3	39.9	293	176	0	31	323	2	294	1.5e-58	223.0
BCW-200663_03197	gnl|TC-DB|P10906|3.A.1.1.3	44.5	272	148	2	9	280	13	281	5.5e-65	244.2
BCW-200663_03198	gnl|TC-DB|P10907|3.A.1.1.3	54.2	356	156	3	1	349	1	356	4.7e-101	364.4
BCW-200663_03219	gnl|TC-DB|P38523|3.A.8.1.1	41.9	148	83	2	43	189	80	225	4.9e-26	114.4
BCW-200663_03220	gnl|TC-DB|Q1LZ59|4.A.2.1.7	36.4	151	94	2	1	149	1	151	1.1e-19	92.8
BCW-200663_03223	gnl|TC-DB|P0A9V1|1.B.42.1.2	58.2	239	99	1	32	269	3	241	6.6e-76	280.4
BCW-200663_03236	gnl|TC-DB|P37169|2.A.66.4.1	32.7	510	328	7	1	505	14	513	1.9e-63	240.0
BCW-200663_03248	gnl|TC-DB|P0A2L3|9.A.40.1.2	31.5	317	173	6	30	341	2	279	3.6e-35	145.6
BCW-200663_03262	gnl|TC-DB|M3JA40|1.B.52.2.1	45.2	93	44	1	569	661	290	375	6.7e-12	69.3
BCW-200663_03272	gnl|TC-DB|P25714|2.A.9.3.1	30.3	521	296	15	81	575	54	533	1.5e-64	243.8
BCW-200663_03274	gnl|TC-DB|M3JA40|1.B.52.2.1	58.6	58	24	0	453	510	282	339	5.8e-12	69.3
BCW-200663_03279	gnl|TC-DB|P54933|3.A.1.1.5	45.5	365	158	5	6	368	4	329	4.2e-76	281.6
BCW-200663_03280	gnl|TC-DB|Q93J93|3.A.1.1.36	31.7	284	191	2	17	298	26	308	4.3e-31	131.7
BCW-200663_03281	gnl|TC-DB|D6ZW62|3.A.1.1.48	31.3	275	173	5	11	273	45	315	9.8e-27	117.1
BCW-200663_03294	gnl|TC-DB|P69451|4.C.1.1.4	56.8	556	232	4	15	568	2	551	8.0e-180	626.7
BCW-200663_03295	gnl|TC-DB|Q82VN5|3.A.1.10.4	43.7	293	157	2	7	291	5	297	5.8e-64	241.1
BCW-200663_03296	gnl|TC-DB|Q55835|3.A.1.10.2	38.3	324	185	6	20	336	30	345	3.3e-56	215.3
BCW-200663_03297	gnl|TC-DB|Q55534|3.A.1.10.2	40.2	537	319	2	6	542	12	546	4.0e-104	375.2
BCW-200663_03298	gnl|TC-DB|Q8G8W9|1.B.14.1.26	37.1	720	404	20	29	723	113	808	1.9e-114	409.8
BCW-200663_03302	gnl|TC-DB|P68178|9.B.12.1.1	60.4	48	19	0	16	63	6	53	5.2e-11	62.8
BCW-200663_03309	gnl|TC-DB|O51234|3.A.1.7.5	28.8	292	189	4	185	474	9	283	3.3e-25	112.8
BCW-200663_03310	gnl|TC-DB|C3KCB6|3.A.1.7.3	30.4	217	140	3	217	427	76	287	3.1e-22	102.8
BCW-200663_03311	gnl|TC-DB|O51236|3.A.1.7.5	54.4	261	116	2	11	271	3	260	3.1e-81	298.1
BCW-200663_03322	gnl|TC-DB|P60844|1.A.8.3.1	67.7	229	72	1	1	227	1	229	8.9e-82	299.7
BCW-200663_03336	gnl|TC-DB|Q2KCS0|2.A.115.1.3	59.0	200	82	0	12	211	11	210	1.7e-58	222.2
BCW-200663_03337	gnl|TC-DB|Q2KCS0|2.A.115.1.3	68.8	199	62	0	15	213	12	210	2.4e-73	271.6
BCW-200663_03344	gnl|TC-DB|Q89V93|2.A.102.4.6	58.5	301	122	2	1	301	76	373	3.3e-87	318.2
BCW-200663_03352	gnl|TC-DB|Q9Z3Q3|2.A.63.1.1	54.7	106	48	0	1	106	1	106	2.7e-26	114.4
BCW-200663_03353	gnl|TC-DB|Q52983|2.A.63.1.1	62.2	90	34	0	4	93	3	92	5.2e-28	119.8
BCW-200663_03354	gnl|TC-DB|Q52982|2.A.63.1.1	42.0	157	89	2	7	162	6	161	3.6e-29	124.4
BCW-200663_03355	gnl|TC-DB|Q52981|2.A.63.1.1	59.7	536	212	1	7	542	7	538	9.7e-167	583.2
BCW-200663_03356	gnl|TC-DB|Q52980|2.A.63.1.1	74.3	113	27	1	1	111	1	113	1.3e-38	155.2
BCW-200663_03357	gnl|TC-DB|Q52978|2.A.63.1.1	68.5	963	299	3	6	966	31	991	0.0e+00	1316.2
BCW-200663_03372	gnl|TC-DB|Q93N33|2.A.21.9.2	39.1	1179	671	18	1	1160	1	1151	2.9e-213	738.8
BCW-200663_03373	gnl|TC-DB|Q2KCQ1|1.A.22.1.4	75.4	142	35	0	1	142	1	142	6.6e-51	196.4
BCW-200663_03390	gnl|TC-DB|P54700|3.A.6.2.1	43.0	242	128	4	10	244	5	243	7.4e-50	193.7
BCW-200663_03401	gnl|TC-DB|O84676|3.A.6.3.1	43.8	404	212	9	57	452	42	438	3.6e-77	285.4
BCW-200663_03404	gnl|TC-DB|P09348|1.A.30.1.1	43.2	280	159	0	1	280	1	280	1.3e-58	223.0
BCW-200663_03408	gnl|TC-DB|P40727|3.A.6.2.1	30.7	361	232	4	1	353	1	351	6.6e-39	157.9
BCW-200663_03412	gnl|TC-DB|P0AF06|1.A.30.1.1	60.0	55	22	0	14	68	8	62	1.7e-12	70.5
BCW-200663_03424	gnl|TC-DB|P40729|3.A.6.2.1	37.1	676	405	7	25	694	28	689	6.0e-113	404.8
BCW-200663_03425	gnl|TC-DB|P54702|3.A.6.2.1	25.2	230	167	2	13	242	17	241	1.8e-11	66.2
BCW-200663_03434	gnl|TC-DB|Q9Z3R5|3.A.1.1.8	74.5	431	109	1	23	453	29	458	2.2e-201	698.0
BCW-200663_03435	gnl|TC-DB|Q9Z3R6|3.A.1.1.8	72.5	334	92	0	3	336	2	335	3.4e-138	487.6
BCW-200663_03436	gnl|TC-DB|Q9Z3R7|3.A.1.1.8	71.4	370	104	1	17	386	13	380	2.1e-144	508.4
BCW-200663_03437	gnl|TC-DB|Q07837|8.A.9.1.2	35.6	477	258	14	16	473	107	553	3.0e-78	289.3
BCW-200663_03438	gnl|TC-DB|Q9Z3R9|3.A.1.1.8	77.6	361	81	0	1	361	1	361	1.3e-162	568.9
BCW-200663_03453	gnl|TC-DB|P31133|3.A.1.11.2	55.1	350	155	2	17	364	20	369	2.3e-116	415.2
BCW-200663_03454	gnl|TC-DB|P31134|3.A.1.11.2	55.9	365	153	4	22	384	18	376	3.0e-106	381.7
BCW-200663_03455	gnl|TC-DB|P31135|3.A.1.11.2	54.5	290	127	3	14	302	29	314	1.0e-80	296.6
BCW-200663_03456	gnl|TC-DB|P0AFL1|3.A.1.11.2	54.6	273	118	1	3	269	8	280	2.8e-74	275.0
BCW-200663_03457	gnl|TC-DB|Q55534|3.A.1.10.2	42.2	528	303	1	16	543	21	546	3.1e-104	375.6
BCW-200663_03458	gnl|TC-DB|Q93N33|2.A.21.9.2	24.2	455	275	14	845	1242	568	1009	5.5e-16	83.6
BCW-200663_03462	gnl|TC-DB|P31474|2.A.1.3.51	37.5	437	261	6	5	436	12	441	1.9e-75	279.6
BCW-200663_03484	gnl|TC-DB|M3JA40|1.B.52.2.1	29.4	221	132	3	394	590	240	460	3.6e-13	73.2
BCW-200663_03497	gnl|TC-DB|O26024|2.A.20.2.9	43.4	424	237	1	16	436	2	425	3.0e-90	328.9
BCW-200663_03511	gnl|TC-DB|Q6RH59|2.A.98.1.2	30.8	328	213	4	23	343	17	337	4.9e-23	105.1
BCW-200663_03532	gnl|TC-DB|P45522|2.A.37.1.2	42.1	556	303	6	12	557	11	557	2.3e-108	389.4
BCW-200663_03550	gnl|TC-DB|A0L4L0|3.A.1.132.3	44.9	247	133	1	119	365	85	328	2.2e-56	216.1
BCW-200663_03551	gnl|TC-DB|P0A2R8|1.A.35.1.2	36.0	300	184	2	26	325	25	316	4.3e-45	178.3
BCW-200663_03552	gnl|TC-DB|P63183|2.A.72.1.1	44.7	619	338	2	22	639	7	622	3.4e-147	518.5
BCW-200663_03555	gnl|TC-DB|A1B619|3.A.2.1.7	38.6	246	140	3	5	249	13	248	1.2e-36	149.8
BCW-200663_03556	gnl|TC-DB|A1B618|3.A.2.1.7	63.9	72	26	0	4	75	6	77	8.7e-18	85.5
BCW-200663_03558	gnl|TC-DB|A1B616|3.A.2.1.7	28.5	158	113	0	4	161	27	184	7.6e-11	63.5
BCW-200663_03575	gnl|TC-DB|I6YB99|1.C.109.1.4	43.9	239	129	4	9	245	6	241	8.1e-44	173.7
BCW-200663_03576	gnl|TC-DB|M3JA40|1.B.52.2.1	63.3	60	19	1	429	485	279	338	1.2e-12	71.6
BCW-200663_03587	gnl|TC-DB|Q6GUB0|2.A.88.1.1	74.0	181	47	0	1	181	1	181	7.1e-69	256.5
BCW-200663_03588	gnl|TC-DB|Q6GUB1|3.A.1.25.1	55.6	198	88	0	1	198	1	198	2.6e-48	188.3
BCW-200663_03589	gnl|TC-DB|Q6GUB2|3.A.1.25.1	61.1	226	87	1	1	225	1	226	9.2e-71	263.1
BCW-200663_03599	gnl|TC-DB|Q2BM66|2.A.102.2.2	32.8	235	151	4	31	259	24	257	6.6e-20	94.4
BCW-200663_03605	gnl|TC-DB|P08306|3.D.4.6.1	45.5	268	128	5	70	329	41	298	1.9e-59	226.1
BCW-200663_03606	gnl|TC-DB|P33517|3.D.4.6.2	62.8	543	191	5	35	567	15	556	2.8e-201	698.0
BCW-200663_03610	gnl|TC-DB|Q3J5F6|3.D.4.6.2	58.9	280	97	4	5	283	3	265	9.0e-95	343.2
BCW-200663_03622	gnl|TC-DB|P0AAP1|9.B.34.1.2	31.5	184	111	4	520	698	195	368	1.2e-15	82.0
BCW-200663_03638	gnl|TC-DB|Q9HY55|4.A.2.1.17	28.5	487	246	18	438	906	549	951	2.0e-28	124.4
BCW-200663_03641	gnl|TC-DB|P77529|2.A.23.1.8	30.8	445	268	11	23	444	32	459	1.8e-41	166.8
BCW-200663_03655	gnl|TC-DB|P0AG78|3.A.1.6.1	60.4	331	128	3	8	338	1	328	2.5e-112	401.7
BCW-200663_03656	gnl|TC-DB|P16701|3.A.1.6.1	46.9	260	138	0	17	276	9	268	8.6e-66	246.9
BCW-200663_03657	gnl|TC-DB|P0AEB0|3.A.1.6.1	52.0	254	122	0	26	279	22	275	3.1e-71	265.0
BCW-200663_03658	gnl|TC-DB|P16676|3.A.1.6.1	59.6	280	111	1	1	278	1	280	8.2e-87	317.0
BCW-200663_03667	gnl|TC-DB|P74477|2.A.49.6.1	27.7	423	269	11	31	434	38	442	7.0e-22	101.7
BCW-200663_03673	gnl|TC-DB|Q9ZGB6|2.A.1.3.32	34.2	514	329	4	2	509	4	514	3.1e-66	249.2
BCW-200663_03677	gnl|TC-DB|F7U6A3|3.A.3.6.25	92.6	904	59	2	1	896	1	904	0.0e+00	1423.3
BCW-200663_03684	gnl|TC-DB|P39115|3.A.1.121.3	26.2	492	316	11	3	476	4	466	8.4e-40	161.4
BCW-200663_03699	gnl|TC-DB|P0AG34|2.A.76.1.1	28.2	195	138	2	5	199	9	201	2.4e-17	85.5
BCW-200663_03712	gnl|TC-DB|C6GYU4|2.A.76.1.9	30.2	202	135	3	1	197	1	201	3.3e-14	75.1
BCW-200663_03716	gnl|TC-DB|A5W2Y3|9.B.69.1.1	42.2	232	126	4	7	238	5	228	2.4e-37	152.1
BCW-200663_03723	gnl|TC-DB|Q1LRZ2|2.A.4.3.9	48.2	326	150	5	13	320	38	362	9.8e-50	193.7
BCW-200663_03726	gnl|TC-DB|Q8U4S5|3.A.1.12.9	52.8	343	156	3	5	346	7	344	7.1e-89	323.9
BCW-200663_03727	gnl|TC-DB|Q9KKE2|3.A.1.12.6	47.6	269	135	2	26	291	11	276	2.8e-59	225.3
BCW-200663_03728	gnl|TC-DB|Q9KKE3|3.A.1.12.6	31.1	347	209	12	8	336	11	345	8.3e-36	147.5
BCW-200663_03738	gnl|TC-DB|P67153|1.C.113.1.10	38.1	202	124	1	11	211	11	212	1.7e-37	152.5
BCW-200663_03742	gnl|TC-DB|Q7AJV8|2.A.63.1.2	37.5	798	445	16	16	770	11	797	1.6e-117	420.2
BCW-200663_03743	gnl|TC-DB|Q7AJV9|2.A.63.1.2	39.6	139	81	2	2	138	9	146	9.1e-21	96.3
BCW-200663_03744	gnl|TC-DB|Q7AJW0|2.A.63.1.2	48.6	111	53	2	1	111	1	107	4.5e-19	90.5
BCW-200663_03745	gnl|TC-DB|Q9KD98|2.A.63.1.2	37.8	495	303	2	27	521	4	493	4.3e-87	318.5
BCW-200663_03746	gnl|TC-DB|Q7WY60|2.A.63.1.4	41.7	156	89	2	1	155	1	155	7.7e-24	106.7
BCW-200663_03748	gnl|TC-DB|O05227|2.A.63.1.4	41.1	107	57	2	8	110	7	111	6.5e-14	73.2
BCW-200663_03754	gnl|TC-DB|Q93N33|2.A.21.9.2	28.4	317	219	4	149	460	697	1010	5.5e-23	105.5
BCW-200663_03762	gnl|TC-DB|B5U2Z3|2.A.75.1.4	68.2	201	64	0	1	201	1	201	1.8e-73	271.9
BCW-200663_03810	gnl|TC-DB|P45403|9.B.14.1.2	61.9	664	249	1	1	664	1	660	1.3e-229	792.3
BCW-200663_03816	gnl|TC-DB|B3E680|9.B.99.1.6	31.7	252	151	6	52	285	34	282	7.8e-27	117.5
BCW-200663_03825	gnl|TC-DB|D4ZZR3|9.B.34.1.3	37.6	157	93	4	166	317	236	392	7.3e-21	97.8
BCW-200663_03834	gnl|TC-DB|Q5SMG8|1.A.26.1.2	39.8	349	199	2	104	452	110	447	4.3e-59	225.3
BCW-200663_03835	gnl|TC-DB|P77389|2.A.1.2.65	39.5	375	224	2	37	410	8	380	4.6e-68	255.0
BCW-200663_03853	gnl|TC-DB|Q92R60|1.B.70.1.11	56.7	351	141	5	1	346	1	345	1.3e-105	379.4
BCW-200663_03854	gnl|TC-DB|Q92R60|1.B.70.1.11	56.4	353	141	5	1	348	1	345	1.5e-104	375.9
BCW-200663_03871	gnl|TC-DB|Q9I458|2.A.1.11.2	43.9	392	216	1	13	404	8	395	2.5e-87	318.9
BCW-200663_03875	gnl|TC-DB|F7X0P7|9.B.110.2.1	52.3	928	416	10	6	918	40	955	3.9e-237	817.8
BCW-200663_03878	gnl|TC-DB|Q47538|3.A.1.17.1	39.8	231	125	3	4	232	1	219	1.0e-44	176.8
BCW-200663_03879	gnl|TC-DB|A7NLS3|3.A.1.17.7	32.6	242	157	3	29	264	32	273	2.6e-27	119.0
BCW-200663_03880	gnl|TC-DB|O05703|3.A.1.15.3	50.3	177	86	2	53	227	325	501	4.4e-49	191.0
BCW-200663_03881	gnl|TC-DB|P0C0S1|1.A.23.2.1	38.2	254	149	2	9	262	17	262	6.0e-24	107.8
BCW-200663_03891	gnl|TC-DB|D4ZZR3|9.B.34.1.3	34.7	219	131	7	204	413	178	393	1.4e-19	94.0
BCW-200663_03895	gnl|TC-DB|Q9ZDW0|3.A.1.210.3	50.7	590	282	2	12	601	13	593	2.6e-163	572.0
BCW-200663_03899	gnl|TC-DB|O68827|2.A.7.7.1	29.7	293	198	3	15	302	4	293	2.1e-30	129.4
BCW-200663_03917	gnl|TC-DB|Q9KIH3|2.A.1.3.18	25.2	527	372	10	24	542	2	514	1.7e-25	114.0
BCW-200663_03918	gnl|TC-DB|Q9RQ30|8.A.1.1.2	46.7	135	70	2	214	346	224	358	3.7e-26	115.5
BCW-200663_03923	gnl|TC-DB|P0A9T4|8.A.5.1.5	46.6	352	174	4	1	346	1	344	4.5e-85	311.2
BCW-200663_03926	gnl|TC-DB|Q6UKY4|3.D.1.6.4	57.1	70	30	0	4	73	52	121	2.1e-14	74.3
BCW-200663_03935	gnl|TC-DB|Q215S1|1.B.42.1.4	39.3	802	431	8	20	777	42	831	8.6e-140	494.2
BCW-200663_03940	gnl|TC-DB|Q1J0W6|9.B.34.1.1	37.0	165	97	4	175	339	190	347	1.1e-19	94.0
BCW-200663_03943	gnl|TC-DB|Q83XH1|3.A.1.121.4	30.3	512	345	6	1	502	1	510	1.9e-65	246.9
BCW-200663_03952	gnl|TC-DB|Q6ADZ6|4.F.1.1.7	34.1	185	101	6	6	183	4	174	7.8e-18	87.0
BCW-200663_03958	gnl|TC-DB|E5Y3Y1|2.A.1.3.45	29.3	304	210	5	10	312	20	319	9.2e-29	124.0
BCW-200663_03960	gnl|TC-DB|P77374|5.A.3.3.1	26.1	773	451	30	31	713	34	776	8.0e-47	185.3
BCW-200663_03966	gnl|TC-DB|C9VRY8|2.A.86.1.5	64.7	351	124	0	6	356	38	388	1.2e-123	439.5
BCW-200663_03967	gnl|TC-DB|C9VRY8|2.A.86.1.5	52.9	223	99	2	16	232	434	656	2.5e-58	221.9
BCW-200663_03977	gnl|TC-DB|O34929|2.A.1.26.2	23.7	355	242	9	34	371	33	375	7.3e-13	71.6
BCW-200663_03980	gnl|TC-DB|O07488|2.A.53.3.1	64.5	479	168	1	8	486	7	483	2.1e-160	562.0
BCW-200663_03997	gnl|TC-DB|D5AKT2|2.A.1.81.1	40.9	408	226	5	2	403	4	402	3.2e-66	248.8
BCW-200663_03998	gnl|TC-DB|O68460|3.A.10.2.1	59.2	706	277	4	7	712	8	702	2.1e-193	672.2
BCW-200663_03999	gnl|TC-DB|Q9A8I8|1.B.33.1.4	32.5	154	88	5	25	176	9	148	9.5e-15	76.6
BCW-200663_04008	gnl|TC-DB|Q8ZRG7|3.A.3.5.20	68.9	747	228	2	76	821	10	753	1.8e-281	964.9
BCW-200663_04009	gnl|TC-DB|Q7WTJ2|5.B.1.3.2	33.1	338	213	7	7	337	5	336	3.4e-45	178.7
BCW-200663_04011	gnl|TC-DB|P75798|3.A.1.5.11	37.0	305	187	1	5	309	5	304	1.3e-46	183.3
BCW-200663_04012	gnl|TC-DB|P42063|3.A.1.5.20	38.9	285	172	1	9	291	9	293	1.8e-50	196.1
BCW-200663_04013	gnl|TC-DB|Q9X271|3.A.1.5.15	43.7	318	174	1	20	337	4	316	1.8e-68	256.1
BCW-200663_04014	gnl|TC-DB|O86575|3.A.1.5.34	48.2	313	155	3	26	331	45	357	1.1e-80	296.6
BCW-200663_04015	gnl|TC-DB|W0WKZ8|3.A.1.5.39	27.3	454	290	11	68	486	74	522	9.8e-33	137.9
BCW-200663_04018	gnl|TC-DB|Q6T3V6|2.A.38.1.2	40.7	479	277	7	9	484	17	491	4.8e-85	311.6
BCW-200663_04021	gnl|TC-DB|D4ZZR3|9.B.34.1.3	33.7	184	111	2	240	412	210	393	3.9e-22	102.4
BCW-200663_04051	gnl|TC-DB|A8GDS7|3.A.1.14.16	34.4	279	179	2	73	348	54	331	1.7e-39	159.8
BCW-200663_04052	gnl|TC-DB|Q9RK11|3.A.1.14.13	36.4	250	150	4	12	258	29	272	3.7e-34	141.7
BCW-200663_04062	gnl|TC-DB|G0CIY2|9.B.18.1.1	34.5	452	269	8	84	517	42	484	7.7e-65	244.6
BCW-200663_04074	gnl|TC-DB|L0LHM3|2.A.7.31.3	69.1	278	86	0	1	278	1	278	5.2e-100	360.5
BCW-200663_04079	gnl|TC-DB|P76330|9.B.34.1.4	32.1	196	125	3	193	380	369	564	3.9e-19	92.4
BCW-200663_04089	gnl|TC-DB|P29919|3.D.1.2.1	65.3	121	42	0	1	121	1	121	7.6e-40	159.5
BCW-200663_04090	gnl|TC-DB|P29918|3.D.1.2.1	81.3	155	28	1	31	185	12	165	4.9e-73	270.4
BCW-200663_04091	gnl|TC-DB|P29917|3.D.1.2.1	61.5	205	73	2	1	200	1	204	4.9e-68	253.8
BCW-200663_04093	gnl|TC-DB|P29916|3.D.1.2.1	70.5	396	111	2	3	396	21	412	4.1e-175	610.5
BCW-200663_04095	gnl|TC-DB|P29914|3.D.1.2.1	54.0	200	88	2	3	202	2	197	1.8e-55	213.0
BCW-200663_04096	gnl|TC-DB|P29913|3.D.1.2.1	77.2	417	94	1	1	416	1	417	1.0e-203	705.7
BCW-200663_04097	gnl|TC-DB|P29915|3.D.1.2.1	56.0	684	275	11	36	719	4	661	8.2e-214	740.0
BCW-200663_04098	gnl|TC-DB|P29920|3.D.1.2.1	58.0	343	123	4	5	342	4	330	2.2e-103	372.1
BCW-200663_04099	gnl|TC-DB|P29921|3.D.1.2.1	73.6	159	41	1	5	163	6	163	8.7e-47	183.0
BCW-200663_04100	gnl|TC-DB|P29922|3.D.1.2.1	57.9	197	81	1	8	204	6	200	8.9e-49	189.9
BCW-200663_04101	gnl|TC-DB|P29923|3.D.1.2.1	81.0	100	19	0	3	102	2	101	1.6e-35	144.8
BCW-200663_04102	gnl|TC-DB|P29924|3.D.1.2.1	57.2	722	226	9	4	664	3	702	9.5e-217	749.6
BCW-200663_04103	gnl|TC-DB|P29925|3.D.1.2.1	64.0	503	166	4	6	495	4	504	1.2e-174	609.4
BCW-200663_04104	gnl|TC-DB|P29926|3.D.1.2.1	51.9	472	213	7	15	478	11	476	4.7e-117	417.9
BCW-200663_04109	gnl|TC-DB|P75958|3.A.1.125.1	29.0	407	284	4	28	432	8	411	6.3e-44	174.9
BCW-200663_04110	gnl|TC-DB|P75957|3.A.1.125.1	46.6	221	118	0	4	224	3	223	1.0e-53	206.5
BCW-200663_04116	gnl|TC-DB|D4ZZR3|9.B.34.1.3	44.2	163	91	0	289	451	231	393	6.4e-31	131.7
BCW-200663_04118	gnl|TC-DB|O34929|2.A.1.26.2	25.5	341	238	4	23	353	13	347	2.0e-25	113.2
BCW-200663_04125	gnl|TC-DB|Q45064|9.B.31.1.2	37.6	189	118	0	13	201	2	190	9.6e-27	116.7
BCW-200663_04179	gnl|TC-DB|Q9HV74|2.A.21.9.1	35.9	276	138	9	443	703	725	976	1.3e-32	138.3
BCW-200663_04182	gnl|TC-DB|Q9SXJ7|3.A.9.1.2	37.6	832	410	12	4	752	115	920	4.1e-148	521.9
BCW-200663_04202	gnl|TC-DB|P0ADE4|1.B.33.2.4	24.5	425	259	19	354	761	184	563	2.5e-14	77.4
BCW-200663_04223	gnl|TC-DB|F0BFS6|2.A.7.3.15	49.3	304	148	3	3	302	4	305	9.6e-79	290.0
BCW-200663_04232	gnl|TC-DB|Q9KN48|3.A.23.1.1	37.4	342	202	4	138	474	193	527	6.8e-55	211.5
BCW-200663_04233	gnl|TC-DB|Q9HV74|2.A.21.9.1	24.7	384	251	13	371	736	611	974	2.2e-20	97.4
BCW-200663_04235	gnl|TC-DB|P0AGI8|2.A.38.1.1	36.7	458	282	4	1	454	1	454	1.1e-78	290.4
BCW-200663_04245	gnl|TC-DB|O53183|2.A.1.2.71	37.5	389	235	4	48	430	11	397	7.1e-59	224.6
BCW-200663_04279	gnl|TC-DB|Q47538|3.A.1.17.1	42.3	241	132	3	19	254	1	239	9.7e-51	196.8
BCW-200663_04280	gnl|TC-DB|A7NLS3|3.A.1.17.7	33.2	235	157	0	14	248	39	273	1.9e-27	119.4
BCW-200663_04293	gnl|TC-DB|A8H4W6|3.A.1.2.15	31.2	295	188	4	37	321	56	345	8.9e-27	117.5
BCW-200663_04294	gnl|TC-DB|P77315|3.A.1.2.27	35.5	301	188	3	16	314	30	326	3.0e-19	92.4
BCW-200663_04295	gnl|TC-DB|P04983|3.A.1.2.1	38.4	498	298	4	1	494	1	493	4.3e-89	325.1
BCW-200663_04300	gnl|TC-DB|Q8GX93|2.A.49.6.3	25.5	427	273	9	35	423	77	496	2.8e-18	90.1
BCW-200663_04384	gnl|TC-DB|Q8J305|2.A.95.1.4	35.0	197	125	1	14	207	18	214	1.3e-23	106.3
BCW-200663_04397	gnl|TC-DB|P39832|3.A.1.15.5	49.0	247	126	0	11	257	10	256	4.7e-53	204.5
BCW-200663_04398	gnl|TC-DB|P0A9X1|3.A.1.15.5	50.2	239	119	0	12	250	4	242	4.9e-67	251.1
BCW-200663_04399	gnl|TC-DB|P39172|3.A.1.15.5	38.6	324	172	4	8	327	7	307	2.1e-44	176.0
BCW-200663_04402	gnl|TC-DB|P77735|8.A.5.1.6	33.9	327	187	10	13	325	1	312	1.5e-40	163.3
BCW-200663_04406	gnl|TC-DB|Q9HX93|3.A.3.5.34	33.7	718	440	10	20	712	81	787	1.7e-97	353.6
BCW-200663_04411	gnl|TC-DB|D9IA45|3.D.4.3.3	35.7	277	159	6	13	283	38	301	6.7e-42	167.5
BCW-200663_04413	gnl|TC-DB|F8H841|3.D.4.3.3	50.4	226	83	1	19	244	1	197	1.4e-59	226.1
BCW-200663_04414	gnl|TC-DB|H7F0T0|3.D.4.3.3	61.5	470	175	3	68	536	9	473	2.4e-173	605.1
BCW-200663_04419	gnl|TC-DB|O34442|1.A.26.1.3	33.1	317	211	1	195	510	129	445	4.5e-49	192.2
BCW-200663_04420	gnl|TC-DB|P07658|3.D.1.9.2	29.6	456	267	12	51	489	8	426	6.5e-44	175.6
BCW-200663_04434	gnl|TC-DB|Q5SKE6|2.A.6.4.3	33.8	689	414	12	169	836	65	732	1.2e-91	334.3
BCW-200663_04446	gnl|TC-DB|Q52812|3.A.1.3.8	73.9	341	88	1	1	340	1	341	1.0e-153	539.3
BCW-200663_04447	gnl|TC-DB|Q52813|3.A.1.3.8	68.5	384	121	0	15	398	17	400	1.2e-145	512.7
BCW-200663_04448	gnl|TC-DB|Q52814|3.A.1.3.8	71.7	385	108	1	1	385	1	384	3.5e-155	544.3
BCW-200663_04449	gnl|TC-DB|Q52815|3.A.1.3.8	90.7	257	24	0	1	257	1	257	1.0e-134	475.7
BCW-200663_04457	gnl|TC-DB|P0AD30|2.A.102.3.1	51.9	241	116	0	57	297	17	257	5.3e-61	231.1
BCW-200663_04495	gnl|TC-DB|P77338|1.A.23.1.1	35.6	239	148	2	553	788	823	1058	3.5e-33	140.2
BCW-200663_04505	gnl|TC-DB|B1Z7W6|2.A.117.1.7	61.6	138	53	0	1	138	1	138	8.0e-44	172.9
BCW-200663_04509	gnl|TC-DB|A4PCH8|3.A.1.27.1	53.9	245	112	1	22	265	25	269	1.0e-71	266.5
BCW-200663_04510	gnl|TC-DB|A4PCH7|3.A.1.27.1	37.7	316	189	3	68	381	1	310	6.4e-48	188.0
BCW-200663_04537	gnl|TC-DB|P31552|4.C.1.1.6	24.8	495	320	13	30	494	39	511	8.2e-27	118.2
BCW-200663_04552	gnl|TC-DB|Q1J0W6|9.B.34.1.1	39.1	161	88	4	175	334	193	344	7.3e-22	101.3
BCW-200663_04554	gnl|TC-DB|P45522|2.A.37.1.2	41.0	585	326	5	14	594	11	580	2.2e-111	399.4
BCW-200663_04557	gnl|TC-DB|Q9ZE70|2.A.7.3.7	24.2	285	209	5	2	284	4	283	4.6e-15	78.6
BCW-200663_04558	gnl|TC-DB|P37597|2.A.1.2.62	27.3	384	269	7	18	396	8	386	2.6e-20	96.3
BCW-200663_04565	gnl|TC-DB|Q1CZY2|2.A.64.1.2	37.6	101	62	1	163	262	295	395	6.0e-13	71.2
BCW-200663_04594	gnl|TC-DB|Q89K67|2.A.55.2.6	62.9	434	158	3	7	438	14	446	4.8e-140	494.2
BCW-200663_04596	gnl|TC-DB|Q9WYC4|3.A.1.135.5	35.9	568	363	1	2	569	25	591	4.4e-93	338.6
BCW-200663_04597	gnl|TC-DB|B1LE48|2.A.86.2.1	24.0	371	258	7	37	403	20	370	3.7e-17	85.9
BCW-200663_04633	gnl|TC-DB|P33913|3.A.1.5.21	32.8	610	382	11	3	610	4	587	1.7e-87	320.1
BCW-200663_04635	gnl|TC-DB|Q7V7U0|2.A.7.28.11	28.6	290	188	6	7	287	20	299	7.7e-20	94.4
BCW-200663_04649	gnl|TC-DB|Q9WXW0|3.A.1.2.18	32.9	280	175	6	12	280	21	298	6.0e-33	137.9
BCW-200663_04651	gnl|TC-DB|A2RKA7|3.A.1.2.17	40.9	513	284	8	5	510	1	501	9.4e-95	344.0
BCW-200663_04654	gnl|TC-DB|P56949|2.A.69.3.4	69.0	310	96	0	1	310	1	310	4.7e-118	420.6
BCW-200663_04655	gnl|TC-DB|Q939U6|5.A.1.2.7	48.3	240	116	3	10	242	3	241	3.3e-53	204.9
BCW-200663_04674	gnl|TC-DB|O31711|3.A.1.122.2	51.3	226	109	1	6	231	1	225	4.7e-57	217.6
BCW-200663_04675	gnl|TC-DB|P75831|3.A.1.122.1	34.2	409	247	11	2	402	254	648	3.0e-48	189.1
BCW-200663_04681	gnl|TC-DB|P34712|3.A.1.201.14	26.1	238	154	7	15	247	430	650	7.4e-13	70.9
BCW-200663_04690	gnl|TC-DB|B7L5V2|1.A.34.1.3	36.2	130	83	0	300	429	93	222	3.9e-17	85.9
BCW-200663_04691	gnl|TC-DB|O00571|1.I.1.1.3	42.0	352	182	5	3	335	181	529	1.4e-66	250.4
BCW-200663_04711	gnl|TC-DB|I7FD23|2.A.1.2.97	33.0	391	248	6	33	417	19	401	7.6e-42	167.9
BCW-200663_04717	gnl|TC-DB|F0N2E7|2.A.109.1.2	46.6	324	152	5	9	321	7	320	8.9e-75	276.9
BCW-200663_04720	gnl|TC-DB|P31125|2.A.7.3.2	41.9	284	159	2	7	284	7	290	2.9e-56	215.3
BCW-200663_04721	gnl|TC-DB|G4NXW2|2.A.76.1.8	27.5	207	144	2	3	203	1	207	6.7e-15	77.4
BCW-200663_04735	gnl|TC-DB|O50181|3.A.1.3.11	46.5	254	131	4	8	256	4	257	3.3e-56	214.9
BCW-200663_04736	gnl|TC-DB|Q9HU30|3.A.1.3.23	40.0	215	128	1	44	258	7	220	4.2e-38	154.8
BCW-200663_04737	gnl|TC-DB|P35113|3.A.1.3.6	43.8	217	121	1	60	275	11	227	8.6e-47	183.7
BCW-200663_04740	gnl|TC-DB|O85763|3.A.1.17.2	41.3	317	178	2	4	320	7	315	2.3e-67	252.3
BCW-200663_04744	gnl|TC-DB|Q93N33|2.A.21.9.2	30.0	260	162	7	253	500	779	1030	8.8e-21	98.2
BCW-200663_04750	gnl|TC-DB|P0AFN6|3.A.1.105.17	41.8	249	145	0	5	253	8	256	2.2e-49	192.2
BCW-200663_04751	gnl|TC-DB|P36879|3.A.1.105.17	44.8	310	163	5	30	337	1	304	2.5e-64	242.3
BCW-200663_04752	gnl|TC-DB|Q9UYH7|2.A.102.4.1	32.5	194	115	5	18	207	14	195	3.4e-11	65.5
BCW-200663_04754	gnl|TC-DB|F8CVI0|1.B.52.2.2	42.9	98	42	1	397	480	193	290	1.6e-13	74.3
BCW-200663_04771	gnl|TC-DB|P0AGA2|3.A.5.1.1	54.4	423	190	1	22	441	18	440	1.5e-125	446.0
BCW-200663_04795	gnl|TC-DB|I3XAB3|2.A.109.1.5	66.2	207	65	2	1	207	1	202	4.1e-65	244.2
BCW-200663_04809	gnl|TC-DB|Q6LXR9|2.A.7.34.4	60.0	105	42	0	12	116	6	110	4.3e-32	133.7
BCW-200663_04845	gnl|TC-DB|D4ZZR3|9.B.34.1.3	38.9	193	105	4	380	568	210	393	8.7e-25	111.7
BCW-200663_04847	gnl|TC-DB|Q9L0Q1|3.A.1.1.33	41.3	305	167	3	1	297	1	301	1.5e-61	233.0
BCW-200663_04848	gnl|TC-DB|M4VB92|3.A.1.20.4	32.6	485	313	5	59	536	45	522	1.4e-46	184.1
BCW-200663_04868	gnl|TC-DB|P38101|2.A.76.1.4	33.7	193	118	5	1	189	1	187	2.5e-16	82.0
BCW-200663_04869	gnl|TC-DB|P80874|8.A.5.1.4	38.7	204	108	6	12	201	9	209	1.8e-28	122.9
BCW-200663_04879	gnl|TC-DB|B2GH49|9.B.160.1.10	30.8	169	101	6	103	264	217	376	4.4e-12	69.3
BCW-200663_04893	gnl|TC-DB|Q9HW27|2.A.6.2.33	36.3	1020	616	15	13	1014	1	1004	2.3e-148	523.1
BCW-200663_04899	gnl|TC-DB|Q9HTI6|3.A.1.12.12	51.7	290	138	1	20	307	18	307	5.1e-88	320.9
BCW-200663_04917	gnl|TC-DB|A4FP84|2.A.7.3.11	34.8	287	166	6	15	290	10	286	2.0e-31	132.9
BCW-200663_04921	gnl|TC-DB|P0AG34|2.A.76.1.1	26.8	205	148	2	1	204	1	204	4.6e-13	71.2
BCW-200663_04923	gnl|TC-DB|Q9A6U9|1.B.33.1.4	38.4	255	153	1	8	262	11	261	7.2e-49	190.7
BCW-200663_04929	gnl|TC-DB|P37643|2.A.1.6.10	54.7	417	183	2	21	431	18	434	1.2e-124	443.0
BCW-200663_04930	gnl|TC-DB|D4ZZR3|9.B.34.1.3	34.7	173	102	4	117	278	222	394	2.8e-19	92.4
BCW-200663_04934	gnl|TC-DB|P0ABG4|2.A.103.1.1	29.6	365	243	5	18	370	45	407	1.4e-39	160.2
BCW-200663_04936	gnl|TC-DB|P0A6W3|9.B.146.1.6	50.7	367	173	4	1	366	1	360	1.2e-93	339.7
BCW-200663_04961	gnl|TC-DB|P43672|3.A.1.120.6	35.3	524	326	5	9	523	6	525	2.5e-90	329.3
BCW-200663_04970	gnl|TC-DB|P76628|2.A.1.36.3	31.5	378	255	1	16	393	8	381	5.6e-39	158.3
BCW-200663_04977	gnl|TC-DB|Q53148|2.A.3.5.1	41.5	487	254	11	7	490	21	479	9.1e-87	317.4
BCW-200663_04983	gnl|TC-DB|Q1M7Q1|3.A.1.11.6	47.0	349	179	4	3	345	5	353	1.9e-78	289.3
BCW-200663_04987	gnl|TC-DB|Q5ZYB5|3.A.7.9.1	33.1	399	256	5	27	420	15	407	2.7e-50	196.1
BCW-200663_04992	gnl|TC-DB|J2DEW0|1.B.4.2.3	37.0	219	111	8	14	210	17	230	1.2e-24	109.8
BCW-200663_05004	gnl|TC-DB|Q9F5N7|2.A.66.1.9	34.7	438	276	3	20	453	19	450	8.5e-55	211.1
BCW-200663_05005	gnl|TC-DB|M3JA40|1.B.52.2.1	31.5	178	100	3	523	682	287	460	1.9e-13	74.3
BCW-200663_05011	gnl|TC-DB|D4ZZR3|9.B.34.1.3	38.3	201	111	5	182	373	197	393	4.1e-23	105.5
BCW-200663_05025	gnl|TC-DB|P31801|2.A.19.1.1	27.2	357	247	6	14	365	17	365	3.5e-19	92.4
BCW-200663_05029	gnl|TC-DB|Q9UYQ7|2.A.7.3.47	31.9	273	172	4	1	272	9	268	2.6e-25	112.5
BCW-200663_05049	gnl|TC-DB|A0M0P7|2.A.123.4.1	42.2	83	47	1	19	100	125	207	2.7e-17	84.3
BCW-200663_05050	gnl|TC-DB|P77757|4.D.2.1.8	28.1	221	151	4	8	226	11	225	6.9e-19	90.9
BCW-200663_05051	gnl|TC-DB|M3JA40|1.B.52.2.1	30.8	182	110	2	577	743	280	460	4.1e-14	76.6
BCW-200663_05067	gnl|TC-DB|P00125|3.D.3.2.1	41.5	277	134	4	10	286	60	308	1.6e-54	209.5
BCW-200663_05068	gnl|TC-DB|P05418|3.D.3.1.1	56.2	436	159	4	4	422	6	426	2.7e-143	505.0
BCW-200663_05069	gnl|TC-DB|P05417|3.D.3.1.1	58.9	190	75	3	4	192	3	190	2.4e-59	224.9
BCW-200663_05071	gnl|TC-DB|Q2G506|3.A.1.210.11	39.0	431	250	3	229	658	190	608	3.0e-74	276.2
BCW-200663_05072	gnl|TC-DB|Q1LRE9|3.A.1.210.9	33.7	597	356	17	22	602	34	606	1.5e-70	263.8
BCW-200663_05075	gnl|TC-DB|P0AF43|2.A.58.2.1	35.6	533	339	3	5	534	2	533	1.4e-80	297.0
BCW-200663_05088	gnl|TC-DB|O34691|2.A.1.82.4	32.9	420	251	4	19	436	9	399	9.4e-56	214.2
BCW-200663_05094	gnl|TC-DB|A6WDE3|2.A.46.1.3	44.5	380	202	3	9	386	11	383	4.5e-73	271.6
BCW-200663_05099	gnl|TC-DB|Q98CY5|2.A.99.1.3	48.2	193	94	2	3	194	5	192	4.4e-37	151.0
BCW-200663_05102	gnl|TC-DB|Q92N44|2.A.4.7.7	70.0	300	90	0	1	300	1	300	6.8e-114	406.8
BCW-200663_05104	gnl|TC-DB|Q9L3M3|3.A.1.4.3	45.6	360	195	1	1	360	1	359	2.8e-85	312.0
BCW-200663_05107	gnl|TC-DB|A9CI32|3.A.1.12.13	93.7	348	22	0	1	348	1	348	1.5e-181	631.7
BCW-200663_05108	gnl|TC-DB|Q7CXG1|3.A.1.12.13	96.1	283	11	0	1	283	61	343	7.5e-147	516.2
BCW-200663_05109	gnl|TC-DB|Q7CXG0|3.A.1.12.13	95.6	317	14	0	1	317	1	317	8.1e-174	605.9
BCW-200663_05115	gnl|TC-DB|Q92N43|1.B.14.2.7	48.4	760	358	13	3	746	2	743	9.1e-192	666.8
BCW-200663_05118	gnl|TC-DB|A3QE50|8.A.59.4.2	35.1	202	107	6	122	303	191	388	1.5e-23	106.7
BCW-200663_05121	gnl|TC-DB|Q07837|8.A.9.1.2	31.8	507	301	11	16	505	116	594	2.4e-72	269.6
BCW-200663_05129	gnl|TC-DB|Q08120|9.A.18.1.2	58.6	411	166	3	1	408	1	410	1.1e-133	473.0
BCW-200663_05130	gnl|TC-DB|Q5P737|2.A.1.51.1	29.9	385	253	5	57	434	13	387	5.0e-33	138.7
BCW-200663_05140	gnl|TC-DB|A9CI11|9.B.43.1.1	95.2	420	20	0	1	420	1	420	1.5e-239	824.7
BCW-200663_05145	gnl|TC-DB|Q2FD83|2.A.7.1.11	54.3	105	48	0	6	110	1	105	1.7e-25	111.7
BCW-200663_05149	gnl|TC-DB|G3IME2|9.B.35.1.2	45.3	117	56	3	4	118	31	141	4.3e-19	90.5
BCW-200663_05159	gnl|TC-DB|O00571|1.I.1.1.3	43.3	381	197	5	3	365	181	560	1.9e-73	273.1
BCW-200663_05172	gnl|TC-DB|O05177|3.A.1.2.5	99.0	398	4	0	1	398	1	398	6.5e-213	736.1
BCW-200663_05173	gnl|TC-DB|O05176|3.A.1.2.5	98.6	512	7	0	1	512	1	512	1.0e-287	984.9
BCW-200663_05174	gnl|TC-DB|P25548|3.A.1.2.5	97.5	354	9	0	1	354	1	354	1.4e-195	678.3
BCW-200663_05180	gnl|TC-DB|Q1D0C6|2.A.1.49.7	29.1	258	161	9	26	269	40	289	2.2e-11	66.6
BCW-200663_05183	gnl|TC-DB|P35114|3.A.1.3.5	44.0	218	117	2	13	229	15	228	8.5e-40	160.2
BCW-200663_05184	gnl|TC-DB|P0A2I9|3.A.1.3.1	42.9	219	125	0	17	235	4	222	1.5e-42	169.5
BCW-200663_05185	gnl|TC-DB|O50181|3.A.1.3.11	42.9	259	142	5	1	255	1	257	2.1e-47	185.7
BCW-200663_05186	gnl|TC-DB|O30506|3.A.1.3.11	66.5	245	82	0	9	253	4	248	1.1e-91	332.8
BCW-200663_05206	gnl|TC-DB|C0LZR9|3.A.1.17.5	45.9	229	121	2	8	235	2	228	5.5e-51	197.6
BCW-200663_05207	gnl|TC-DB|A9WDS0|3.A.1.17.13	31.7	230	144	3	61	290	56	272	5.9e-22	101.3
BCW-200663_05208	gnl|TC-DB|A9WDS0|3.A.1.17.13	38.1	239	146	2	43	281	32	268	1.2e-38	156.8
BCW-200663_05209	gnl|TC-DB|A7NH44|3.A.1.17.8	27.1	262	180	8	5	261	9	264	1.4e-14	77.0
BCW-200663_05211	gnl|TC-DB|B4WH09|2.A.6.3.5	38.3	1062	593	11	2	1047	3	1018	1.9e-185	646.4
BCW-200663_05228	gnl|TC-DB|Q9L3S2|3.A.1.4.4	46.0	213	112	2	17	227	7	218	1.2e-44	176.4
BCW-200663_05229	gnl|TC-DB|Q9L3S3|3.A.1.4.4	45.2	259	124	4	12	253	5	262	1.8e-51	199.1
BCW-200663_05230	gnl|TC-DB|Q9L3S4|3.A.1.4.4	40.1	312	172	2	48	354	35	336	5.3e-58	221.5
BCW-200663_05231	gnl|TC-DB|Q9L3S5|3.A.1.4.4	41.9	377	134	2	245	536	9	385	5.9e-68	255.0
BCW-200663_05232	gnl|TC-DB|Q8NRW1|3.A.1.4.5	43.1	406	216	5	5	410	27	417	4.7e-84	308.1
BCW-200663_05234	gnl|TC-DB|M4VKZ8|8.A.59.2.3	86.0	200	28	0	18	217	2	201	5.4e-107	384.0
BCW-200663_05239	gnl|TC-DB|Q9L3M3|3.A.1.4.3	85.8	360	50	1	1	359	1	360	1.4e-177	618.6
BCW-200663_05241	gnl|TC-DB|P21630|3.A.1.4.8	60.7	234	91	1	6	239	1	233	2.3e-75	278.5
BCW-200663_05242	gnl|TC-DB|P0A9S7|3.A.1.4.1	51.6	258	115	4	17	273	5	253	3.6e-67	251.5
BCW-200663_05243	gnl|TC-DB|P21628|3.A.1.4.8	51.0	349	144	6	105	445	82	411	1.0e-79	293.9
BCW-200663_05244	gnl|TC-DB|P21627|3.A.1.4.8	45.7	304	157	3	3	300	6	307	1.0e-61	233.4
BCW-200663_05266	gnl|TC-DB|Q4FKW8|2.A.7.3.37	28.1	288	205	2	50	335	8	295	2.4e-30	129.4
BCW-200663_05275	gnl|TC-DB|Q7W025|3.A.1.14.20	44.8	241	129	2	2	238	3	243	5.3e-46	181.0
BCW-200663_05276	gnl|TC-DB|O68878|3.A.1.14.21	52.4	319	145	4	38	351	6	322	1.6e-72	269.6
BCW-200663_05277	gnl|TC-DB|Q56991|3.A.1.14.5	42.2	256	141	2	36	290	26	275	6.2e-43	171.0
BCW-200663_05287	gnl|TC-DB|Q9FA46|2.A.80.1.1	29.6	294	202	4	26	314	32	325	8.6e-27	117.5
BCW-200663_05289	gnl|TC-DB|S5Y5N9|2.A.80.1.4	45.6	502	269	2	1	498	1	502	2.6e-118	422.2
BCW-200663_05292	gnl|TC-DB|P15029|3.A.1.14.1	26.8	276	197	4	45	318	46	318	1.8e-19	93.2
BCW-200663_05294	gnl|TC-DB|Q9X665|3.A.1.14.7	39.8	251	147	2	6	252	8	258	1.7e-49	192.6
BCW-200663_05299	gnl|TC-DB|P77735|8.A.5.1.6	27.1	292	169	6	12	259	26	317	4.2e-17	85.1
BCW-200663_05300	gnl|TC-DB|P77389|2.A.1.2.65	39.4	376	223	2	5	380	7	377	6.9e-66	247.7
BCW-200663_05304	gnl|TC-DB|Q2FD82|2.A.6.2.44	42.7	386	210	3	1	386	1	375	1.1e-71	266.9
BCW-200663_05305	gnl|TC-DB|Q2FD81|2.A.6.2.44	70.3	1045	308	1	1	1045	1	1043	0.0e+00	1347.8
BCW-200663_05310	gnl|TC-DB|Q8F8H7|2.A.53.3.8	28.6	196	126	5	6	198	542	726	1.7e-18	89.4
BCW-200663_05313	gnl|TC-DB|F8SVK1|2.A.1.6.11	59.9	626	175	4	4	627	1	552	2.5e-198	688.3
BCW-200663_05314	gnl|TC-DB|P07001|3.D.2.1.1	51.9	524	238	6	65	588	1	510	2.0e-138	489.2
BCW-200663_05315	gnl|TC-DB|P0AB67|3.D.2.1.1	60.8	480	160	5	1	473	1	459	2.5e-150	528.5
BCW-200663_05326	gnl|TC-DB|O51924|3.A.1.1.7	35.2	273	169	3	32	300	26	294	3.4e-47	185.3
BCW-200663_05327	gnl|TC-DB|O30493|3.A.1.1.49	38.5	257	148	5	27	276	23	276	1.5e-38	156.4
BCW-200663_05328	gnl|TC-DB|Q72L52|3.A.1.1.24	52.3	365	161	3	1	352	1	365	2.0e-101	365.5
BCW-200663_05334	gnl|TC-DB|P42065|3.A.1.5.20	44.7	235	122	3	10	237	29	262	6.3e-49	190.7
BCW-200663_05335	gnl|TC-DB|Q9F350|3.A.1.5.35	45.3	267	143	3	1	264	1	267	3.7e-58	221.5
BCW-200663_05336	gnl|TC-DB|P51000|3.A.1.5.27	42.5	275	152	1	30	298	18	292	4.8e-59	224.6
BCW-200663_05337	gnl|TC-DB|P77308|3.A.1.5.38	40.4	322	191	1	15	336	14	334	1.0e-65	246.9
BCW-200663_05338	gnl|TC-DB|P36634|3.A.1.5.5	23.8	467	305	16	79	516	83	527	6.2e-17	85.5
BCW-200663_05341	gnl|TC-DB|D1F3T8|2.A.1.3.42	33.8	843	535	11	28	858	33	864	1.1e-119	427.6
BCW-200663_05345	gnl|TC-DB|Q51955|2.A.1.15.1	29.8	420	268	7	19	421	30	439	9.0e-43	171.0
BCW-200663_05358	gnl|TC-DB|Q9KLQ5|3.A.1.20.2	49.4	348	172	2	5	351	3	347	2.5e-83	305.4
BCW-200663_05359	gnl|TC-DB|Q9KLQ6|3.A.1.20.2	44.4	594	312	2	129	722	117	692	9.5e-141	497.3
BCW-200663_05360	gnl|TC-DB|A3N294|3.A.1.20.3	46.5	333	176	2	6	336	10	342	1.0e-81	300.1
BCW-200663_05361	gnl|TC-DB|A3N294|3.A.1.20.3	41.4	336	192	3	6	336	7	342	1.7e-68	256.1
BCW-200663_05369	gnl|TC-DB|M3JA40|1.B.52.2.1	56.9	72	31	0	389	460	294	365	7.3e-14	75.5
BCW-200663_05374	gnl|TC-DB|A3QE50|8.A.59.4.2	36.7	256	139	4	133	374	180	426	5.7e-41	164.9
BCW-200663_05379	gnl|TC-DB|Q9HU32|3.A.1.3.23	63.1	249	92	0	402	650	6	254	3.7e-88	322.4
BCW-200663_05380	gnl|TC-DB|P35120|3.A.1.3.6	36.4	275	155	2	3	260	9	280	1.1e-46	183.3
BCW-200663_05381	gnl|TC-DB|P35118|3.A.1.3.6	41.2	228	132	2	1	227	1	227	3.2e-42	168.3
BCW-200663_05382	gnl|TC-DB|P35113|3.A.1.3.6	47.6	225	118	0	1	225	1	225	2.2e-48	188.7
BCW-200663_05392	gnl|TC-DB|Q1M4Q8|3.A.1.2.16	31.5	327	205	5	14	326	19	340	3.6e-31	132.1
BCW-200663_05393	gnl|TC-DB|G4FGN4|3.A.1.2.20	31.9	326	199	6	2	322	4	311	3.9e-30	128.6
BCW-200663_05394	gnl|TC-DB|Q7BSH4|3.A.1.2.9	39.8	472	280	3	5	475	20	488	2.5e-97	352.4
BCW-200663_05395	gnl|TC-DB|Q7BSH5|3.A.1.2.9	30.5	285	176	10	38	308	22	298	3.2e-22	102.4
BCW-200663_05398	gnl|TC-DB|Q9S215|3.A.1.14.22	67.1	258	84	1	11	267	22	279	8.8e-97	349.7
BCW-200663_05399	gnl|TC-DB|Q9S214|3.A.1.14.22	44.7	331	182	1	7	336	41	371	9.1e-75	276.9
BCW-200663_05400	gnl|TC-DB|Q9S213|3.A.1.14.22	46.6	322	168	3	40	361	31	348	7.5e-75	277.3
BCW-200663_05402	gnl|TC-DB|Q9RK12|3.A.1.14.13	30.2	301	188	7	14	297	45	340	4.2e-29	125.2
BCW-200663_05403	gnl|TC-DB|Q8G8W9|1.B.14.1.26	46.0	807	413	14	25	819	13	808	1.2e-197	686.4
BCW-200663_05412	gnl|TC-DB|P77735|8.A.5.1.6	38.0	332	187	6	1	327	1	318	1.5e-56	216.5
BCW-200663_05416	gnl|TC-DB|Q6N8W2|3.A.1.4.11	48.1	241	115	4	31	271	4	234	2.5e-49	192.2
BCW-200663_05418	gnl|TC-DB|Q8DQH9|3.A.1.4.10	25.7	237	149	5	97	333	93	302	2.4e-17	86.3
BCW-200663_05419	gnl|TC-DB|Q0S718|3.A.1.4.9	28.0	289	199	5	12	298	3	284	4.8e-19	91.7
BCW-200663_05420	gnl|TC-DB|Q8DQH8|3.A.1.4.10	42.6	249	143	0	46	294	3	251	3.5e-57	218.4
BCW-200663_05429	gnl|TC-DB|Q9I2M0|3.A.1.109.4	44.2	353	192	4	45	394	43	393	1.2e-68	256.9
BCW-200663_05430	gnl|TC-DB|Q9I2M1|3.A.1.109.4	38.4	633	386	3	79	711	77	705	1.3e-118	423.7
BCW-200663_05442	gnl|TC-DB|Q93N33|2.A.21.9.2	25.5	267	167	7	203	438	747	1012	2.9e-12	69.7
BCW-200663_05456	gnl|TC-DB|E3HE20|3.A.7.4.2	28.4	465	278	12	129	547	155	610	8.3e-41	164.9
BCW-200663_05491	gnl|TC-DB|E3HE20|3.A.7.4.2	28.4	465	278	12	129	547	155	610	8.3e-41	164.9
