BCW-200103_00004	gnl|TC-DB|Q9S3J9|2.A.1.2.18	30.6	386	257	4	1	385	1	376	1.8e-37	153.3
BCW-200103_00010	gnl|TC-DB|Q5FAM9|2.A.66.1.21	33.2	452	297	3	1	451	1	448	5.2e-65	245.0
BCW-200103_00017	gnl|TC-DB|P48632|1.B.14.1.6	36.2	730	421	12	21	730	111	815	1.5e-119	426.8
BCW-200103_00039	gnl|TC-DB|D1F3T8|2.A.1.3.42	34.4	831	540	3	26	851	36	866	7.8e-131	464.5
BCW-200103_00041	gnl|TC-DB|P06129|1.B.14.3.1	32.3	626	381	15	9	610	6	612	1.4e-73	273.9
BCW-200103_00046	gnl|TC-DB|913616792|9.B.143.3.2	40.4	146	76	4	16	152	21	164	7.0e-15	77.4
BCW-200103_00063	gnl|TC-DB|Q6MMD5|9.B.18.2.1	38.4	558	332	6	64	613	72	625	2.3e-103	372.9
BCW-200103_00064	gnl|TC-DB|G2HLY8|9.B.146.1.2	29.0	300	187	6	32	319	26	311	1.0e-22	104.0
BCW-200103_00084	gnl|TC-DB|Q8EDM8|1.B.14.8.4	23.8	655	439	23	16	644	21	641	9.0e-22	102.1
BCW-200103_00090	gnl|TC-DB|Q9HV74|2.A.21.9.1	30.8	389	208	11	22	401	638	974	1.7e-27	120.2
BCW-200103_00103	gnl|TC-DB|Q15HU6|3.A.7.14.2	34.8	141	86	3	224	362	47	183	2.4e-13	73.2
BCW-200103_00108	gnl|TC-DB|Q9RBY9|2.A.6.2.41	93.7	398	25	0	1	398	1	398	3.8e-197	683.7
BCW-200103_00109	gnl|TC-DB|Q9RBY8|2.A.6.2.41	97.5	1049	26	0	1	1049	1	1049	0.0e+00	1923.7
BCW-200103_00110	gnl|TC-DB|Q9RBY7|2.A.6.2.41	88.5	471	54	0	1	471	1	471	1.0e-217	752.3
BCW-200103_00111	gnl|TC-DB|C8X384|4.A.6.2.2	32.3	124	82	2	4	127	3	124	3.6e-11	64.3
BCW-200103_00112	gnl|TC-DB|H1XXZ0|8.A.8.1.5	44.3	88	49	0	1	88	1	88	4.3e-16	80.1
BCW-200103_00113	gnl|TC-DB|P08839|8.A.7.1.1	36.0	542	345	2	2	542	14	554	4.1e-88	322.0
BCW-200103_00116	gnl|TC-DB|B0T2Y9|5.A.1.5.2	36.9	420	232	4	398	793	327	737	1.5e-64	244.2
BCW-200103_00122	gnl|TC-DB|D4ZZR3|9.B.34.1.3	42.0	169	95	2	323	490	227	393	8.6e-24	108.2
BCW-200103_00129	gnl|TC-DB|F2WVP9|2.A.1.60.3	62.0	368	140	0	7	374	8	375	8.1e-112	400.2
BCW-200103_00137	gnl|TC-DB|F4K2G0|3.D.1.8.1	55.1	127	49	5	12	130	103	229	5.3e-28	120.6
BCW-200103_00139	gnl|TC-DB|Q8ZRH0|2.A.6.2.25	31.8	468	309	6	9	470	31	494	1.4e-44	177.2
BCW-200103_00140	gnl|TC-DB|C5W790|2.A.1.3.36	25.5	314	207	5	34	338	44	339	4.3e-22	102.1
BCW-200103_00145	gnl|TC-DB|P76330|9.B.34.1.4	37.9	169	99	3	299	462	391	558	3.0e-18	89.7
BCW-200103_00171	gnl|TC-DB|G0K0M9|9.B.153.3.16	88.9	432	46	1	1	430	1	432	8.1e-201	696.0
BCW-200103_00177	gnl|TC-DB|Q9KN48|3.A.23.1.1	46.3	244	131	0	126	369	175	418	8.0e-58	221.1
BCW-200103_00180	gnl|TC-DB|K1LZ89|1.B.6.1.14	28.8	198	138	2	38	233	227	423	3.5e-22	102.1
BCW-200103_00190	gnl|TC-DB|P60844|1.A.8.3.1	67.1	231	69	2	3	233	1	224	2.2e-78	288.5
BCW-200103_00193	gnl|TC-DB|Q8ZJY5|2.A.114.1.10	66.5	704	209	5	2	683	5	703	3.6e-267	917.1
BCW-200103_00195	gnl|TC-DB|A0ZUB1|3.A.1.122.12	47.9	652	334	4	1	647	1	651	2.4e-156	548.9
BCW-200103_00196	gnl|TC-DB|P75830|3.A.1.122.1	34.0	374	230	3	9	382	12	368	8.0e-46	181.0
BCW-200103_00200	gnl|TC-DB|W1HZL5|3.A.1.106.16	50.2	277	138	0	20	296	6	282	5.3e-69	257.7
BCW-200103_00206	gnl|TC-DB|A1S5F2|2.A.2.3.6	34.5	476	272	3	8	483	2	437	3.5e-75	278.9
BCW-200103_00209	gnl|TC-DB|H8FL42|1.B.19.1.9	71.5	414	115	2	7	417	12	425	3.8e-171	597.4
BCW-200103_00210	gnl|TC-DB|Q9RZP7|4.A.2.1.18	56.5	568	224	3	19	563	19	586	6.1e-140	494.2
BCW-200103_00212	gnl|TC-DB|Q9HY55|4.A.2.1.17	37.2	955	449	11	15	831	9	950	7.4e-142	501.1
BCW-200103_00248	gnl|TC-DB|Q9AAZ6|1.B.14.12.2	32.3	927	541	23	4	885	5	889	3.1e-106	382.9
BCW-200103_00250	gnl|TC-DB|A1S4V0|2.A.1.7.9	44.5	425	208	7	17	421	17	433	2.2e-81	299.3
BCW-200103_00257	gnl|TC-DB|K1GHE1|9.B.186.1.2	46.5	101	54	0	248	348	106	206	6.3e-18	88.2
BCW-200103_00275	gnl|TC-DB|P64604|3.A.1.27.3	37.3	169	96	3	9	172	7	170	1.5e-20	95.9
BCW-200103_00276	gnl|TC-DB|P64606|3.A.1.27.3	46.1	245	132	0	4	248	14	258	1.7e-54	209.1
BCW-200103_00277	gnl|TC-DB|P63386|3.A.1.27.3	49.2	254	128	1	1	253	1	254	2.6e-61	231.9
BCW-200103_00280	gnl|TC-DB|Q6MDD6|3.A.7.16.1	26.4	447	249	9	155	592	328	703	5.9e-27	119.0
BCW-200103_00306	gnl|TC-DB|B2N0W4|1.A.46.2.6	41.8	299	172	2	1	299	18	314	9.2e-58	220.3
BCW-200103_00310	gnl|TC-DB|E1IBA4|3.A.1.144.4	24.6	232	153	5	1	228	1	214	1.1e-16	83.6
BCW-200103_00314	gnl|TC-DB|P0AGM2|1.A.62.2.3	53.2	205	96	0	1	205	1	205	8.9e-57	216.5
BCW-200103_00321	gnl|TC-DB|Q9ZKE4|3.A.11.3.1	33.0	536	332	12	202	732	106	619	1.3e-65	247.7
BCW-200103_00328	gnl|TC-DB|P37665|9.B.186.1.1	53.6	140	65	0	90	229	80	219	9.8e-36	146.7
BCW-200103_00347	gnl|TC-DB|Q8CX78|2.A.6.3.6	26.0	1021	723	17	1	1004	1	1005	1.9e-91	334.0
BCW-200103_00348	gnl|TC-DB|Q8CX78|2.A.6.3.6	30.0	1129	669	10	25	1150	3	1013	1.1e-138	491.1
BCW-200103_00349	gnl|TC-DB|Q9HWH5|2.A.6.2.32	30.8	334	219	5	53	378	40	369	5.9e-30	128.3
BCW-200103_00352	gnl|TC-DB|P43672|3.A.1.120.6	53.3	525	240	1	1	520	1	525	2.4e-161	565.5
BCW-200103_00365	gnl|TC-DB|A0LFK9|9.B.102.4.1	29.3	249	161	10	57	298	405	645	6.8e-13	71.2
BCW-200103_00367	gnl|TC-DB|P0ABJ6|3.D.4.5.1	51.9	108	50	1	5	112	2	107	2.6e-26	114.4
BCW-200103_00368	gnl|TC-DB|P0ABJ3|3.D.4.5.1	62.3	212	72	2	1	212	1	204	2.2e-74	275.0
BCW-200103_00369	gnl|TC-DB|P0ABI8|3.D.4.5.1	70.9	659	191	1	1	658	1	659	8.4e-290	992.3
BCW-200103_00370	gnl|TC-DB|P0ABJ1|3.D.4.5.1	49.7	290	137	6	5	292	8	290	8.5e-76	280.4
BCW-200103_00380	gnl|TC-DB|Q1CZJ4|1.B.14.10.3	36.4	198	101	7	149	340	40	218	7.0e-16	82.8
BCW-200103_00389	gnl|TC-DB|D0WY71|2.A.66.4.5	42.2	540	276	6	1	532	5	516	3.4e-108	388.7
BCW-200103_00394	gnl|TC-DB|M3JA40|1.B.52.2.1	67.9	53	17	0	533	585	287	339	3.6e-12	70.1
BCW-200103_00400	gnl|TC-DB|P77735|8.A.5.1.6	33.2	316	192	6	7	312	6	312	1.1e-37	153.7
BCW-200103_00421	gnl|TC-DB|Q9M353|2.A.37.4.8	37.7	409	234	7	65	455	28	433	8.4e-55	211.1
BCW-200103_00428	gnl|TC-DB|Q8F3M7|3.A.15.4.1	42.5	558	310	6	18	570	6	557	3.3e-117	418.7
BCW-200103_00429	gnl|TC-DB|Q8VRL3|3.A.11.1.3	33.5	406	266	3	8	412	36	438	4.0e-48	188.7
BCW-200103_00430	gnl|TC-DB|Q9XD71|3.A.15.3.1	31.3	131	84	3	18	143	4	133	2.4e-11	65.1
BCW-200103_00438	gnl|TC-DB|Q9AGM8|3.A.15.3.1	26.9	650	422	14	83	717	67	678	2.5e-24	110.5
BCW-200103_00447	gnl|TC-DB|P37329|3.A.1.8.1	33.0	230	143	5	22	244	29	254	5.4e-24	107.8
BCW-200103_00448	gnl|TC-DB|P0AF01|3.A.1.8.1	51.0	200	96	1	2	199	5	204	1.2e-46	183.0
BCW-200103_00449	gnl|TC-DB|O30144|3.A.1.6.8	41.4	220	115	3	1	220	1	206	1.1e-39	159.8
BCW-200103_00451	gnl|TC-DB|P30145|2.A.25.1.2	46.5	439	228	2	45	483	1	432	2.4e-108	389.0
BCW-200103_00454	gnl|TC-DB|P30145|2.A.25.1.2	51.8	452	196	5	43	494	1	430	9.0e-119	423.7
BCW-200103_00455	gnl|TC-DB|B2FIM5|1.B.70.1.6	32.7	388	210	13	101	475	126	475	1.7e-42	170.2
BCW-200103_00456	gnl|TC-DB|P31552|4.C.1.1.6	23.9	552	355	15	81	615	14	517	2.9e-29	126.7
BCW-200103_00458	gnl|TC-DB|P76264|2.A.107.1.1	52.4	189	89	1	1	189	1	188	1.7e-49	192.2
BCW-200103_00459	gnl|TC-DB|Q93N33|2.A.21.9.2	42.6	1174	621	14	1	1144	1	1151	1.7e-242	835.9
BCW-200103_00461	gnl|TC-DB|G4NXA5|1.A.33.1.4	35.7	568	327	10	2	559	4	543	5.1e-86	315.1
BCW-200103_00464	gnl|TC-DB|P39321|9.B.22.1.2	25.5	893	600	28	401	1260	375	1235	5.4e-59	226.5
BCW-200103_00465	gnl|TC-DB|P0ADE4|1.B.33.2.4	28.5	592	396	15	16	598	4	577	1.4e-62	237.3
BCW-200103_00468	gnl|TC-DB|Q8F3M7|3.A.15.4.1	41.9	489	262	6	130	598	70	556	2.3e-100	362.8
BCW-200103_00471	gnl|TC-DB|P69423|2.A.64.1.1	50.2	229	114	0	11	239	9	237	1.8e-59	225.7
BCW-200103_00489	gnl|TC-DB|P29939|2.A.7.2.1	54.1	135	62	0	7	141	5	139	2.6e-34	141.4
BCW-200103_00501	gnl|TC-DB|P0A943|1.B.33.1.3	35.8	825	455	13	12	784	6	807	6.3e-143	504.6
BCW-200103_00505	gnl|TC-DB|Q8R706|2.A.3.3.22	47.8	458	222	5	33	489	29	470	9.1e-108	387.1
BCW-200103_00506	gnl|TC-DB|Q8R706|2.A.3.3.22	46.5	411	209	4	17	426	23	423	1.8e-97	352.8
BCW-200103_00513	gnl|TC-DB|P0C105|2.A.1.7.2	52.3	415	167	4	22	429	22	412	1.1e-109	393.3
BCW-200103_00524	gnl|TC-DB|P69937|2.A.7.1.4	59.6	104	42	0	1	104	1	104	4.0e-29	123.6
BCW-200103_00531	gnl|TC-DB|Q7UHP7|9.A.47.2.1	51.7	420	194	5	153	570	53	465	5.0e-113	404.8
BCW-200103_00532	gnl|TC-DB|Q8GD00|9.A.47.1.1	25.6	390	241	8	112	472	51	420	5.8e-25	112.1
BCW-200103_00547	gnl|TC-DB|L0LHM3|2.A.7.31.3	50.5	277	132	3	1	272	1	277	1.4e-62	236.1
BCW-200103_00556	gnl|TC-DB|Q0C3J5|1.B.71.1.4	31.3	230	144	7	1	228	1	218	4.9e-19	91.3
BCW-200103_00561	gnl|TC-DB|P13794|1.B.6.1.2	32.4	336	186	12	39	362	40	346	1.8e-31	133.3
BCW-200103_00563	gnl|TC-DB|C7NLF6|2.A.115.2.6	46.6	204	103	1	5	202	35	238	2.0e-43	172.2
BCW-200103_00578	gnl|TC-DB|F4LXP4|8.A.59.2.1	33.8	139	90	2	155	292	288	425	4.4e-16	82.0
BCW-200103_00580	gnl|TC-DB|P62517|4.D.3.1.1	40.2	607	324	13	50	625	131	729	3.6e-104	375.6
BCW-200103_00581	gnl|TC-DB|P17315|1.B.14.1.4	34.2	696	374	22	23	681	15	663	1.3e-91	334.0
BCW-200103_00583	gnl|TC-DB|T0QME2|1.E.55.2.3	40.2	132	71	1	5	128	2	133	1.8e-23	105.1
BCW-200103_00590	gnl|TC-DB|P71879|2.A.1.3.49	35.5	403	253	2	10	409	9	407	4.2e-60	228.8
BCW-200103_00595	gnl|TC-DB|P09489|1.B.12.5.1	27.7	1159	572	31	78	1116	33	1045	7.9e-99	358.6
BCW-200103_00596	gnl|TC-DB|O31711|3.A.1.122.2	47.5	223	117	0	1	223	1	223	2.5e-55	211.8
BCW-200103_00599	gnl|TC-DB|A3DCU1|3.A.1.112.9	20.0	535	372	11	26	513	154	679	3.1e-16	83.2
BCW-200103_00608	gnl|TC-DB|P76249|2.A.76.1.5	39.9	203	119	3	5	205	6	207	1.2e-32	136.3
BCW-200103_00611	gnl|TC-DB|P77735|8.A.5.1.6	30.2	338	200	8	1	318	1	322	3.2e-32	135.6
BCW-200103_00612	gnl|TC-DB|Q8R706|2.A.3.3.22	42.4	479	253	7	3	475	9	470	4.1e-89	325.1
BCW-200103_00623	gnl|TC-DB|Q9FI56|3.A.9.1.2	45.0	864	401	11	4	852	96	900	2.5e-201	698.7
BCW-200103_00626	gnl|TC-DB|P69451|4.C.1.1.4	60.0	553	218	3	3	554	1	551	6.4e-190	660.2
BCW-200103_00629	gnl|TC-DB|A3QE50|8.A.59.4.2	39.7	214	116	2	157	357	176	389	1.8e-34	143.3
BCW-200103_00644	gnl|TC-DB|Q8XE58|3.A.1.107.3	40.1	202	116	2	6	205	3	201	2.8e-37	151.8
BCW-200103_00645	gnl|TC-DB|K6BIH6|3.A.1.107.4	54.7	214	97	0	17	230	8	221	3.1e-50	194.9
BCW-200103_00646	gnl|TC-DB|Q9I3N5|9.B.14.2.4	43.6	241	136	0	7	247	6	246	5.0e-57	217.6
BCW-200103_00649	gnl|TC-DB|Q9I3N2|9.B.14.1.7	58.1	645	256	5	1	637	1	639	9.8e-203	703.0
BCW-200103_00658	gnl|TC-DB|K0WKG7|4.F.1.1.8	55.5	191	76	2	3	193	1	182	1.1e-49	193.0
BCW-200103_00663	gnl|TC-DB|P76330|9.B.34.1.4	32.4	222	129	4	324	525	338	558	1.8e-20	97.8
BCW-200103_00664	gnl|TC-DB|P76330|9.B.34.1.4	34.6	191	121	4	356	543	370	559	1.6e-20	97.4
BCW-200103_00673	gnl|TC-DB|Q93N33|2.A.21.9.2	28.1	249	162	5	680	921	774	1012	6.5e-14	76.6
BCW-200103_00679	gnl|TC-DB|E0LV84|2.A.85.1.4	27.1	568	363	13	27	545	6	571	2.3e-42	170.2
BCW-200103_00681	gnl|TC-DB|P46482|8.A.1.7.1	38.7	287	174	2	1	286	1	286	3.5e-46	181.8
BCW-200103_00682	gnl|TC-DB|Q9HY88|2.A.6.2.34	35.3	422	247	8	6	414	5	413	3.9e-39	159.1
BCW-200103_00699	gnl|TC-DB|P45522|2.A.37.1.2	43.8	582	324	3	10	590	11	590	2.2e-124	442.6
BCW-200103_00700	gnl|TC-DB|Q5SMG8|1.A.26.1.2	41.6	341	185	4	112	451	120	447	2.9e-63	239.2
BCW-200103_00701	gnl|TC-DB|P52067|2.A.1.35.1	60.4	391	155	0	5	395	13	403	2.0e-129	458.8
BCW-200103_00704	gnl|TC-DB|P0A6Y8|1.A.33.1.2	73.4	640	166	3	1	638	1	638	6.0e-261	896.3
BCW-200103_00705	gnl|TC-DB|P38523|3.A.8.1.1	34.2	117	70	1	57	166	104	220	5.4e-15	77.4
BCW-200103_00710	gnl|TC-DB|F0BFS6|2.A.7.3.15	57.0	302	127	2	6	305	5	305	1.5e-90	329.3
BCW-200103_00715	gnl|TC-DB|Q9HW27|2.A.6.2.33	37.8	1019	613	8	1	1014	1	1003	2.6e-176	615.9
BCW-200103_00716	gnl|TC-DB|P0AE06|8.A.1.6.1	28.4	387	242	12	5	360	10	392	6.4e-21	98.2
BCW-200103_00717	gnl|TC-DB|P72121|1.B.14.4.1	57.5	694	280	10	6	687	33	723	2.3e-221	765.0
BCW-200103_00727	gnl|TC-DB|G0LBU8|1.B.14.6.11	37.5	184	103	6	39	213	202	382	1.7e-16	84.7
BCW-200103_00733	gnl|TC-DB|P0AAE0|2.A.3.1.7	69.4	447	137	0	3	449	11	457	2.2e-180	628.2
BCW-200103_00735	gnl|TC-DB|Q8NLD6|2.A.1.2.87	27.6	384	264	8	17	390	10	389	1.9e-23	106.7
BCW-200103_00738	gnl|TC-DB|Q53762|3.A.1.120.1	28.4	545	317	15	6	512	19	528	2.5e-34	143.3
BCW-200103_00739	gnl|TC-DB|P94400|9.B.10.1.1	46.0	417	182	6	9	421	2	379	6.8e-94	340.9
BCW-200103_00746	gnl|TC-DB|B3XQE5|9.B.33.1.2	39.7	121	68	2	170	288	379	496	1.1e-17	87.4
BCW-200103_00767	gnl|TC-DB|Q1CVN1|2.A.6.1.11	43.7	1028	573	6	1	1025	1	1025	1.5e-229	792.7
BCW-200103_00768	gnl|TC-DB|Q88RT5|2.A.6.1.5	25.8	314	222	6	72	379	104	412	2.8e-19	92.8
BCW-200103_00800	gnl|TC-DB|C6EJJ6|2.C.1.2.1	36.3	171	107	1	1	169	3	173	5.8e-25	110.5
BCW-200103_00801	gnl|TC-DB|P0A855|2.C.1.2.1	56.2	434	183	5	4	435	1	429	2.2e-44	176.4
BCW-200103_00803	gnl|TC-DB|Q1D0D2|1.A.30.2.7	41.5	130	70	2	11	140	10	133	4.5e-15	77.4
BCW-200103_00804	gnl|TC-DB|P0ABU9|1.A.30.2.2	48.0	221	110	2	37	255	4	221	5.1e-49	191.0
BCW-200103_00810	gnl|TC-DB|Q8X6C1|1.B.12.1.6	32.3	575	338	13	242	769	779	1349	2.2e-60	230.3
BCW-200103_00814	gnl|TC-DB|P0C0L7|2.A.1.6.4	52.4	460	212	2	15	468	5	463	1.6e-136	482.6
BCW-200103_00826	gnl|TC-DB|P0A6E6|3.A.2.1.1	47.0	134	71	0	3	136	4	137	7.3e-26	113.2
BCW-200103_00832	gnl|TC-DB|Q9KN48|3.A.23.1.1	36.8	291	155	5	122	398	176	451	1.4e-38	157.1
BCW-200103_00836	gnl|TC-DB|O31711|3.A.1.122.2	48.6	218	112	0	3	220	1	218	8.0e-57	216.9
BCW-200103_00849	gnl|TC-DB|P72958|2.A.47.4.1	29.0	617	399	9	13	615	15	606	2.8e-61	233.0
BCW-200103_00864	gnl|TC-DB|Q57134|3.A.11.2.2	49.3	69	35	0	16	84	42	110	2.4e-13	71.2
BCW-200103_00871	gnl|TC-DB|Q47536|4.D.1.1.11	60.9	379	148	0	1	379	1	379	1.9e-137	485.3
BCW-200103_00875	gnl|TC-DB|Q9MUK5|3.A.9.1.1	41.7	115	62	1	148	262	97	206	3.2e-13	73.2
BCW-200103_00877	gnl|TC-DB|Q52978|2.A.63.1.1	50.5	947	423	11	5	910	32	973	9.0e-237	816.6
BCW-200103_00878	gnl|TC-DB|Q52980|2.A.63.1.1	53.0	115	54	0	1	115	1	115	9.7e-25	109.4
BCW-200103_00879	gnl|TC-DB|Q52981|2.A.63.1.1	40.2	535	277	9	1	501	5	530	6.4e-88	321.2
BCW-200103_00881	gnl|TC-DB|Q52983|2.A.63.1.1	42.4	85	49	0	10	94	8	92	4.3e-14	73.6
BCW-200103_00883	gnl|TC-DB|P45394|2.A.19.5.1	29.6	318	209	4	4	311	3	315	2.6e-23	105.9
BCW-200103_00887	gnl|TC-DB|P69937|2.A.7.1.4	56.9	102	44	0	1	102	1	102	4.5e-28	120.2
BCW-200103_00889	gnl|TC-DB|D6ZSR9|1.A.1.5.25	25.7	210	140	4	16	218	28	228	6.1e-11	64.3
BCW-200103_00890	gnl|TC-DB|Q8NLX4|2.A.102.4.8	41.3	252	127	5	12	247	9	255	8.8e-38	153.7
BCW-200103_00891	gnl|TC-DB|F8SVK1|2.A.1.6.11	65.4	540	181	3	15	552	13	548	1.4e-197	685.6
BCW-200103_00892	gnl|TC-DB|Q4ZLW8|2.A.15.1.3	51.1	507	241	3	1	506	1	501	1.4e-143	506.1
BCW-200103_00896	gnl|TC-DB|P23865|9.B.174.1.2	41.3	646	332	11	8	635	4	620	1.9e-125	446.4
BCW-200103_00902	gnl|TC-DB|Q9JZN9|1.B.14.2.9	26.6	738	437	17	65	736	60	758	3.8e-65	246.1
BCW-200103_00905	gnl|TC-DB|Q9RQ30|8.A.1.1.2	49.2	130	64	2	251	378	226	355	1.8e-26	116.7
BCW-200103_00921	gnl|TC-DB|Q72L52|3.A.1.1.24	53.6	364	158	4	1	356	1	361	2.0e-99	359.0
BCW-200103_00924	gnl|TC-DB|O59010|2.A.23.1.5	34.7	395	224	8	44	424	49	423	1.1e-51	200.7
BCW-200103_00925	gnl|TC-DB|Q15HU6|3.A.7.14.2	39.4	137	70	7	120	249	195	325	3.6e-15	78.6
BCW-200103_00926	gnl|TC-DB|Q15HU6|3.A.7.14.2	35.1	131	72	6	58	176	201	330	2.0e-12	68.9
BCW-200103_00928	gnl|TC-DB|P42107|9.B.169.1.1	36.8	419	223	9	16	412	3	401	8.4e-54	207.6
BCW-200103_00952	gnl|TC-DB|Q01857|2.A.23.1.3	71.7	417	118	0	15	431	17	433	2.5e-160	561.6
BCW-200103_00962	gnl|TC-DB|Q9HUJ1|2.A.6.2.27	34.5	464	273	8	1	443	1	454	1.1e-54	210.7
BCW-200103_00966	gnl|TC-DB|Q9HXW4|2.A.6.2.17	69.6	1050	292	2	4	1053	3	1025	0.0e+00	1414.8
BCW-200103_00987	gnl|TC-DB|Q9SXJ7|3.A.9.1.2	39.1	811	401	12	15	746	131	927	5.5e-152	534.6
BCW-200103_00994	gnl|TC-DB|F8CVI0|1.B.52.2.2	33.6	140	87	3	91	224	150	289	9.9e-12	67.8
BCW-200103_00997	gnl|TC-DB|P0AAP1|9.B.34.1.2	33.0	179	113	3	458	633	191	365	3.5e-20	97.1
BCW-200103_01000	gnl|TC-DB|P0A6W3|9.B.146.1.6	61.5	361	138	1	1	361	1	360	1.0e-119	426.4
BCW-200103_01001	gnl|TC-DB|P0ABG4|2.A.103.1.1	42.9	368	203	3	18	381	44	408	2.3e-78	289.3
BCW-200103_01056	gnl|TC-DB|P25733|1.B.11.4.1	26.3	898	601	21	10	888	8	863	3.5e-81	299.7
BCW-200103_01062	gnl|TC-DB|Q89SS6|2.A.1.42.2	25.3	459	292	13	497	940	712	1134	2.8e-15	81.3
BCW-200103_01065	gnl|TC-DB|P69451|4.C.1.1.4	26.4	550	352	13	31	541	21	556	1.5e-34	144.1
BCW-200103_01074	gnl|TC-DB|O00571|1.I.1.1.3	43.2	380	201	4	2	366	181	560	8.9e-76	280.8
BCW-200103_01075	gnl|TC-DB|M3JA40|1.B.52.2.1	60.0	60	24	0	9	68	280	339	1.1e-12	70.1
BCW-200103_01088	gnl|TC-DB|Q07837|8.A.9.1.2	27.2	475	300	14	9	456	123	578	9.1e-37	151.4
BCW-200103_01093	gnl|TC-DB|Q6PML9|2.A.4.6.1	33.2	265	171	4	6	266	235	497	1.8e-32	136.3
BCW-200103_01105	gnl|TC-DB|Q9HWU4|1.B.11.3.7	40.6	848	477	16	20	851	1	837	1.5e-161	566.6
BCW-200103_01113	gnl|TC-DB|Q93N33|2.A.21.9.2	30.9	282	168	8	509	774	751	1021	1.1e-21	102.1
BCW-200103_01119	gnl|TC-DB|P36640|3.A.3.4.1	60.2	892	333	3	33	919	28	902	1.4e-290	995.3
BCW-200103_01120	gnl|TC-DB|P22037|9.B.20.1.1	40.9	198	108	3	19	213	11	202	2.0e-31	132.5
BCW-200103_01126	gnl|TC-DB|P11461|1.B.14.1.11	47.7	708	353	5	37	731	23	726	2.7e-196	681.8
BCW-200103_01132	gnl|TC-DB|P09348|1.A.30.1.1	47.5	284	149	0	1	284	1	284	2.6e-70	261.9
BCW-200103_01154	gnl|TC-DB|P76169|2.A.7.26.1	63.1	103	38	0	1	103	2	104	7.4e-34	139.4
BCW-200103_01163	gnl|TC-DB|Q6MDZ0|2.A.12.1.18	35.3	388	217	5	22	396	16	382	1.2e-58	223.8
BCW-200103_01168	gnl|TC-DB|P43531|2.A.1.36.1	45.9	377	204	0	24	400	27	403	3.8e-86	315.1
BCW-200103_01171	gnl|TC-DB|P55072|3.A.16.1.1	45.0	238	129	2	160	395	473	710	2.3e-58	223.4
BCW-200103_01181	gnl|TC-DB|P0AAT4|1.A.23.4.5	47.6	317	158	4	104	415	98	411	9.1e-80	293.9
BCW-200103_01190	gnl|TC-DB|P39836|2.A.28.3.4	56.1	314	131	3	11	321	8	317	3.4e-87	318.2
BCW-200103_01191	gnl|TC-DB|O25832|2.A.7.28.9	26.6	282	191	5	11	280	9	286	1.7e-11	66.6
BCW-200103_01223	gnl|TC-DB|P0AAQ6|3.A.5.1.1	45.3	117	63	1	1	117	1	116	5.2e-25	110.2
BCW-200103_01234	gnl|TC-DB|P69213|2.A.7.1.9	42.7	103	59	0	12	114	3	105	4.4e-16	80.5
BCW-200103_01236	gnl|TC-DB|Q1R209|1.B.14.7.1	30.5	131	84	1	165	288	71	201	1.4e-11	68.6
BCW-200103_01255	gnl|TC-DB|Q1D027|1.A.1.24.3	54.1	266	117	1	16	281	12	272	3.7e-64	241.5
BCW-200103_01269	gnl|TC-DB|O68460|3.A.10.2.1	56.4	692	275	5	11	675	9	700	6.8e-178	620.5
BCW-200103_01270	gnl|TC-DB|Q79AD1|2.C.1.1.2	44.8	96	52	1	144	238	165	260	2.6e-15	79.0
BCW-200103_01271	gnl|TC-DB|P0ABV2|1.A.30.2.1	51.8	137	65	1	1	137	1	136	1.1e-26	115.9
BCW-200103_01272	gnl|TC-DB|P0ABU7|1.A.30.2.1	53.7	229	101	3	21	246	10	236	1.2e-50	196.4
BCW-200103_01276	gnl|TC-DB|P31499|1.B.14.2.2	28.6	360	194	15	103	458	16	316	1.4e-19	95.1
BCW-200103_01287	gnl|TC-DB|K6KRX2|1.A.1.28.6	41.6	209	116	3	17	221	15	221	2.4e-31	132.1
BCW-200103_01290	gnl|TC-DB|Q9X4A5|2.A.15.1.11	41.0	503	286	3	2	496	7	506	5.0e-104	374.8
BCW-200103_01296	gnl|TC-DB|P0AA67|2.A.7.3.6	48.9	274	139	1	2	274	12	285	1.3e-66	249.6
BCW-200103_01299	gnl|TC-DB|P16869|1.B.14.1.1	45.4	718	362	6	16	712	21	729	1.5e-180	629.4
BCW-200103_01309	gnl|TC-DB|Q7W0C9|1.B.12.9.2	31.2	836	460	30	62	844	50	823	1.6e-63	241.1
BCW-200103_01325	gnl|TC-DB|Q05839|8.A.9.1.1	33.3	504	296	15	6	491	109	590	7.0e-77	284.6
BCW-200103_01334	gnl|TC-DB|G4FGN8|3.A.1.1.41	28.5	438	250	18	8	415	1	405	2.9e-28	122.9
BCW-200103_01335	gnl|TC-DB|Q7WWQ9|3.A.1.1.20	36.4	275	171	2	8	282	11	281	6.3e-48	187.6
BCW-200103_01336	gnl|TC-DB|Q9X9R5|3.A.1.1.23	37.9	261	160	2	19	278	17	276	1.2e-43	173.3
BCW-200103_01341	gnl|TC-DB|B2UL32|2.A.5.5.5	41.9	270	151	2	2	265	1	270	4.5e-40	161.4
BCW-200103_01346	gnl|TC-DB|O00571|1.I.1.1.3	37.6	364	201	7	4	343	182	543	8.4e-55	211.1
BCW-200103_01354	gnl|TC-DB|P0AB98|3.A.2.1.1	45.7	276	135	4	1	266	1	271	2.4e-62	235.3
BCW-200103_01355	gnl|TC-DB|P68699|3.A.2.1.1	53.7	67	31	0	18	84	11	77	1.5e-12	68.6
BCW-200103_01356	gnl|TC-DB|P0ABA0|3.A.2.1.1	35.3	156	101	0	1	156	1	156	2.3e-12	68.6
BCW-200103_01357	gnl|TC-DB|P0ABA4|3.A.2.1.1	37.5	176	106	2	1	173	1	175	5.5e-23	104.0
BCW-200103_01358	gnl|TC-DB|P0ABB0|3.A.2.1.1	74.4	511	131	0	5	515	3	513	2.4e-215	744.6
BCW-200103_01359	gnl|TC-DB|P0ABA6|3.A.2.1.1	59.0	288	116	2	1	287	1	287	4.9e-93	337.4
BCW-200103_01360	gnl|TC-DB|P0ABB4|3.A.2.1.1	80.3	466	84	2	1	464	1	460	1.0e-212	735.7
BCW-200103_01461	gnl|TC-DB|Q99ZC8|3.A.1.132.6	33.8	213	136	3	17	228	12	220	1.8e-31	132.9
BCW-200103_01469	gnl|TC-DB|B9DIS8|9.B.97.5.1	31.6	392	246	11	9	390	18	397	7.4e-39	158.7
BCW-200103_01507	gnl|TC-DB|Q55487|4.D.2.1.9	23.7	207	155	2	5	210	4	208	4.9e-14	74.7
BCW-200103_01508	gnl|TC-DB|G0JXK9|2.A.123.4.3	97.4	115	3	0	1	115	1	115	1.1e-64	241.9
BCW-200103_01510	gnl|TC-DB|B8H146|2.A.6.1.15	55.1	1078	460	5	1	1067	1	1065	1.9e-312	1068.1
BCW-200103_01511	gnl|TC-DB|B8H144|2.A.6.1.15	33.0	394	257	5	14	401	19	411	6.5e-35	144.8
BCW-200103_01512	gnl|TC-DB|Q44584|2.A.6.1.12	35.2	321	203	4	1	318	20	338	1.0e-27	120.9
BCW-200103_01529	gnl|TC-DB|P69681|1.A.11.1.1	59.9	411	158	3	68	476	23	428	7.0e-105	377.5
BCW-200103_01539	gnl|TC-DB|P42658|8.A.51.1.1	24.9	674	446	20	112	740	190	848	1.3e-52	204.5
BCW-200103_01565	gnl|TC-DB|P76249|2.A.76.1.5	28.0	207	140	5	3	207	8	207	2.7e-16	82.0
BCW-200103_01567	gnl|TC-DB|P23895|2.A.7.1.3	60.9	110	43	0	1	110	1	110	2.0e-31	131.3
BCW-200103_01583	gnl|TC-DB|B7LEG0|1.A.34.1.2	36.6	268	116	5	48	261	112	379	3.2e-35	145.2
BCW-200103_01617	gnl|TC-DB|P0AGA2|3.A.5.1.1	58.5	439	173	3	11	449	14	443	6.0e-138	487.3
BCW-200103_01624	gnl|TC-DB|P25714|2.A.9.3.1	41.7	475	262	9	81	547	61	528	1.0e-94	344.0
BCW-200103_01636	gnl|TC-DB|Q1D0D2|1.A.30.2.7	38.6	132	74	2	6	134	4	131	5.3e-16	80.5
BCW-200103_01637	gnl|TC-DB|Q1D0D2|1.A.30.2.7	36.2	130	78	2	6	135	7	131	9.0e-13	69.7
BCW-200103_01645	gnl|TC-DB|P76115|1.B.14.9.5	42.4	708	380	15	4	697	5	698	2.2e-147	519.2
BCW-200103_01657	gnl|TC-DB|P0A9R7|3.A.1.140.1	51.2	215	105	0	3	217	1	215	2.0e-57	218.8
BCW-200103_01658	gnl|TC-DB|P0AC31|3.A.1.140.1	35.1	282	178	3	36	312	70	351	1.5e-34	143.3
BCW-200103_01664	gnl|TC-DB|D6I8Y6|4.F.1.3.3	42.5	179	95	4	3	178	26	199	1.6e-25	112.5
BCW-200103_01675	gnl|TC-DB|D4ZZR3|9.B.34.1.3	37.4	179	103	3	182	352	216	393	7.0e-25	111.3
BCW-200103_01683	gnl|TC-DB|P75957|3.A.1.125.1	57.6	231	92	1	1	231	1	225	1.1e-69	259.6
BCW-200103_01684	gnl|TC-DB|P0ADC3|3.A.1.125.1	35.2	420	244	10	1	413	1	399	3.4e-55	212.2
BCW-200103_01687	gnl|TC-DB|X5GWN5|3.D.10.1.6	63.7	259	89	4	1	259	1	254	4.3e-96	347.4
BCW-200103_01688	gnl|TC-DB|X5H3P0|3.D.10.1.6	65.5	597	203	3	1	596	3	597	5.3e-235	810.1
BCW-200103_01695	gnl|TC-DB|P0AG96|3.A.5.1.1	45.6	79	43	0	55	133	43	121	3.4e-12	67.8
BCW-200103_01698	gnl|TC-DB|Q9ZK21|1.C.82.1.1	49.3	225	113	1	5	229	7	230	3.6e-54	208.0
BCW-200103_01715	gnl|TC-DB|Q9F241|2.A.6.2.42	100.0	394	0	0	1	394	1	394	5.9e-198	686.4
BCW-200103_01716	gnl|TC-DB|Q9F240|2.A.6.2.42	99.8	1040	2	0	1	1040	1	1040	0.0e+00	1960.3
BCW-200103_01717	gnl|TC-DB|Q9F239|2.A.6.2.42	97.2	461	13	0	1	461	6	466	3.2e-240	827.0
BCW-200103_01725	gnl|TC-DB|Q9HV74|2.A.21.9.1	26.8	332	210	10	32	358	654	957	2.0e-17	86.7
BCW-200103_01732	gnl|TC-DB|D6CUL1|9.B.102.5.1	50.0	140	62	4	4	140	11	145	7.8e-23	103.2
BCW-200103_01733	gnl|TC-DB|E7BBJ2|9.B.102.5.5	42.4	125	72	0	11	135	9	133	9.6e-23	102.8
BCW-200103_01741	gnl|TC-DB|P37643|2.A.1.6.10	58.4	418	169	2	10	422	16	433	3.3e-133	471.5
BCW-200103_01743	gnl|TC-DB|P76330|9.B.34.1.4	38.5	169	102	2	264	430	390	558	2.0e-24	110.2
BCW-200103_01750	gnl|TC-DB|P31133|3.A.1.11.2	51.7	362	172	3	9	369	11	370	1.1e-108	389.8
BCW-200103_01751	gnl|TC-DB|P31134|3.A.1.11.2	60.2	357	142	0	21	377	20	376	3.5e-115	411.4
BCW-200103_01752	gnl|TC-DB|P31135|3.A.1.11.2	53.6	304	129	2	5	303	15	311	1.5e-87	319.3
BCW-200103_01753	gnl|TC-DB|P0AFL1|3.A.1.11.2	59.0	266	108	1	13	277	15	280	2.5e-78	288.5
BCW-200103_01769	gnl|TC-DB|P42670|2.A.1.3.11	36.1	368	226	7	9	371	26	389	1.4e-44	177.2
BCW-200103_01779	gnl|TC-DB|B8BRN8|1.A.17.3.1	25.9	259	148	9	43	261	142	396	5.8e-19	91.3
BCW-200103_01790	gnl|TC-DB|P0AGD7|3.A.5.1.1	60.6	436	171	1	1	436	1	435	7.4e-136	480.3
BCW-200103_01791	gnl|TC-DB|A6V120|9.B.14.3.5	39.8	259	149	4	5	259	8	263	8.6e-36	147.1
BCW-200103_01796	gnl|TC-DB|P76330|9.B.34.1.4	37.7	159	96	2	263	418	398	556	7.7e-20	95.5
BCW-200103_01809	gnl|TC-DB|P0AAP1|9.B.34.1.2	38.9	157	90	2	369	519	213	369	6.9e-21	98.6
BCW-200103_01810	gnl|TC-DB|P40290|3.A.6.1.1	28.6	266	161	9	323	574	151	401	3.1e-14	76.6
BCW-200103_01812	gnl|TC-DB|O00571|1.I.1.1.3	37.9	390	224	5	10	382	181	569	1.3e-65	247.3
BCW-200103_01814	gnl|TC-DB|Q9P6J2|2.A.89.3.8	50.4	224	111	0	5	228	7	230	4.7e-46	181.0
BCW-200103_01816	gnl|TC-DB|O34442|1.A.26.1.3	28.7	321	229	0	128	448	125	445	9.5e-43	171.0
BCW-200103_01823	gnl|TC-DB|P45804|9.B.65.1.1	29.3	577	386	11	7	578	6	565	2.0e-56	216.9
BCW-200103_01825	gnl|TC-DB|Q2KCS0|2.A.115.1.3	48.0	200	104	0	52	251	11	210	4.4e-50	194.5
BCW-200103_01839	gnl|TC-DB|P18275|2.A.3.2.3	56.5	478	200	2	4	473	5	482	5.3e-145	510.8
BCW-200103_01840	gnl|TC-DB|G0LBU8|1.B.14.6.11	38.3	188	96	6	33	206	182	363	1.8e-19	94.7
BCW-200103_01842	gnl|TC-DB|A7NLS3|3.A.1.17.7	31.9	235	160	0	14	248	39	273	5.8e-29	124.4
BCW-200103_01843	gnl|TC-DB|O05347|3.A.1.16.2	41.8	225	129	1	35	257	45	269	1.4e-49	193.0
BCW-200103_01868	gnl|TC-DB|P45522|2.A.37.1.2	42.4	550	310	3	10	556	7	552	2.9e-111	399.1
BCW-200103_01869	gnl|TC-DB|Q8ID54|3.A.25.2.1	30.3	231	156	3	127	355	83	310	5.2e-29	125.2
BCW-200103_01882	gnl|TC-DB|P32703|2.A.36.3.1	41.7	549	309	7	1	545	1	542	6.6e-99	357.8
BCW-200103_01885	gnl|TC-DB|P0A742|1.A.22.1.1	61.8	136	45	2	1	134	1	131	5.7e-36	146.7
BCW-200103_01917	gnl|TC-DB|Q9HV74|2.A.21.9.1	30.0	283	158	9	386	656	723	977	8.1e-21	99.0
BCW-200103_01927	gnl|TC-DB|M2X3K0|9.B.115.1.1	34.2	196	116	6	66	254	40	229	3.1e-14	75.5
BCW-200103_01938	gnl|TC-DB|Q93SS1|3.A.1.14.19	41.9	258	131	3	7	246	1	257	2.5e-48	188.7
BCW-200103_01939	gnl|TC-DB|O68878|3.A.1.14.21	46.2	320	165	4	14	327	7	325	4.3e-61	231.5
BCW-200103_01940	gnl|TC-DB|A8GDS8|3.A.1.14.16	33.6	238	147	5	90	324	26	255	1.2e-21	100.5
BCW-200103_01944	gnl|TC-DB|P64592|9.B.124.1.1	44.6	121	58	2	1	120	1	113	4.1e-17	84.0
BCW-200103_01947	gnl|TC-DB|Q8XWY0|1.B.46.1.3	35.2	210	128	4	6	210	7	213	6.9e-28	120.6
BCW-200103_01949	gnl|TC-DB|P46889|3.A.12.1.2	63.0	497	175	2	288	784	840	1327	3.2e-171	598.6
BCW-200103_01956	gnl|TC-DB|O00571|1.I.1.1.3	39.5	352	185	7	11	337	182	530	2.9e-61	233.0
BCW-200103_01963	gnl|TC-DB|Q5JAK9|2.A.1.2.39	27.0	407	250	12	13	396	8	390	2.4e-13	73.2
BCW-200103_01977	gnl|TC-DB|G0LBU8|1.B.14.6.11	32.9	167	103	4	30	189	192	356	4.2e-13	73.6
BCW-200103_01978	gnl|TC-DB|A0L4L0|3.A.1.132.3	42.2	258	146	1	22	279	76	330	7.6e-57	217.2
BCW-200103_01992	gnl|TC-DB|G0LBU8|1.B.14.6.11	39.9	153	81	5	33	178	197	345	8.1e-17	85.9
BCW-200103_01993	gnl|TC-DB|Q93N33|2.A.21.9.2	27.5	316	196	7	421	711	751	1058	2.1e-20	97.8
BCW-200103_01997	gnl|TC-DB|Q7BCK4|1.B.12.1.2	31.5	524	308	9	594	1102	615	1102	6.9e-47	186.0
BCW-200103_02004	gnl|TC-DB|G7US21|1.B.46.1.5	51.0	208	94	4	10	217	11	210	1.4e-47	186.0
BCW-200103_02016	gnl|TC-DB|P21647|1.B.11.3.2	38.1	790	474	8	16	800	37	816	8.0e-165	577.4
BCW-200103_02023	gnl|TC-DB|P31466|2.A.40.7.6	52.8	432	197	1	3	434	14	438	5.8e-114	407.5
BCW-200103_02026	gnl|TC-DB|P0AAP1|9.B.34.1.2	29.1	220	115	7	236	441	174	366	2.7e-13	73.2
BCW-200103_02033	gnl|TC-DB|P76103|2.A.46.1.9	50.0	374	187	0	16	389	9	382	3.5e-94	341.7
BCW-200103_02067	gnl|TC-DB|Q9X4X4|2.A.1.30.1	34.1	534	345	4	9	540	15	543	2.9e-78	289.3
BCW-200103_02077	gnl|TC-DB|P62723|2.A.98.1.3	54.6	337	148	3	22	358	17	348	7.0e-89	323.9
BCW-200103_02099	gnl|TC-DB|P96668|2.A.7.3.24	63.8	287	104	0	1	287	1	287	1.1e-97	352.8
BCW-200103_02101	gnl|TC-DB|Q00538|2.A.1.3.10	28.0	443	301	6	19	455	19	449	2.8e-19	93.2
BCW-200103_02109	gnl|TC-DB|P23894|9.B.1.1.6	56.6	286	117	3	4	283	3	287	6.4e-85	310.5
BCW-200103_02114	gnl|TC-DB|P0AAP1|9.B.34.1.2	32.4	173	110	4	266	437	199	365	4.8e-17	86.3
BCW-200103_02124	gnl|TC-DB|P13512|2.A.4.1.1	52.5	295	136	2	2	295	4	295	3.5e-79	291.6
BCW-200103_02129	gnl|TC-DB|C0QCR7|8.A.59.4.1	35.4	195	113	3	11	192	343	537	1.7e-28	122.5
BCW-200103_02131	gnl|TC-DB|G0LBU8|1.B.14.6.11	35.3	184	106	5	58	231	202	382	1.0e-16	85.5
BCW-200103_02132	gnl|TC-DB|Q4ZLW8|2.A.15.1.3	68.3	656	198	4	11	659	12	664	5.3e-260	893.3
BCW-200103_02135	gnl|TC-DB|Q72GS0|3.D.2.2.2	53.4	472	195	4	12	482	3	450	4.8e-125	444.5
BCW-200103_02136	gnl|TC-DB|Q72GR9|3.D.2.2.2	71.4	91	26	0	7	97	8	98	7.4e-31	129.4
BCW-200103_02163	gnl|TC-DB|P43672|3.A.1.120.6	32.9	513	335	4	22	530	18	525	5.0e-78	288.5
BCW-200103_02167	gnl|TC-DB|M3JA40|1.B.52.2.1	44.4	108	59	1	513	619	297	404	6.2e-14	75.9
BCW-200103_02182	gnl|TC-DB|Q7MV19|9.A.8.1.6	33.6	726	348	10	10	614	127	839	7.0e-105	377.9
BCW-200103_02191	gnl|TC-DB|W9BHF5|2.A.6.2.49	60.8	1023	397	3	1	1021	1	1021	0.0e+00	1156.7
BCW-200103_02192	gnl|TC-DB|Q2FD71|2.A.6.2.40	45.0	353	189	1	25	372	38	390	1.6e-72	269.6
BCW-200103_02207	gnl|TC-DB|O35002|9.B.174.1.1	32.8	360	218	8	22	374	34	376	9.7e-46	181.0
BCW-200103_02208	gnl|TC-DB|E1PBX5|9.B.104.1.4	46.2	91	45	3	62	149	56	145	5.8e-12	67.8
BCW-200103_02209	gnl|TC-DB|P43838|1.B.9.1.4	27.8	454	282	10	15	454	9	430	3.2e-33	139.4
BCW-200103_02210	gnl|TC-DB|P24520|4.B.1.1.1	29.2	212	124	3	10	195	25	236	1.4e-19	92.8
BCW-200103_02214	gnl|TC-DB|Q03736|3.D.4.6.2	38.6	223	127	2	61	274	62	283	1.6e-44	176.4
BCW-200103_02215	gnl|TC-DB|P98002|3.D.4.6.1	51.4	556	244	6	1	530	1	556	1.7e-155	545.8
BCW-200103_02218	gnl|TC-DB|Q3J5F6|3.D.4.6.2	41.7	288	127	6	11	290	9	263	6.1e-51	197.6
BCW-200103_02228	gnl|TC-DB|Q9KMQ3|2.A.1.2.42	39.2	360	218	1	6	365	7	365	1.7e-53	206.5
BCW-200103_02238	gnl|TC-DB|Q7VYJ2|1.B.12.5.7	37.0	322	197	3	2	322	550	866	6.5e-54	207.6
BCW-200103_02248	gnl|TC-DB|P42601|2.A.109.1.7	58.4	308	128	0	1	308	1	308	3.4e-95	344.7
BCW-200103_02258	gnl|TC-DB|Q9KN48|3.A.23.1.1	40.3	335	183	4	149	472	193	521	1.8e-47	186.8
BCW-200103_02268	gnl|TC-DB|P28612|1.A.30.1.3	26.9	275	168	6	3	273	6	251	1.9e-24	109.8
BCW-200103_02269	gnl|TC-DB|P28611|1.A.30.1.3	39.7	252	139	2	1	245	1	246	6.1e-44	174.1
BCW-200103_02276	gnl|TC-DB|P40729|3.A.6.2.1	51.5	683	317	4	20	701	20	689	6.1e-182	634.0
BCW-200103_02277	gnl|TC-DB|P40727|3.A.6.2.1	38.8	361	219	1	5	363	4	364	3.9e-66	248.4
BCW-200103_02279	gnl|TC-DB|P59950|2.A.20.1.3	41.3	356	168	5	2	357	5	319	1.2e-64	243.4
BCW-200103_02281	gnl|TC-DB|P37908|9.A.40.2.4	28.4	405	263	7	14	411	22	406	5.2e-38	155.2
BCW-200103_02289	gnl|TC-DB|P60061|2.A.3.2.5	46.2	422	225	2	2	423	5	424	4.9e-100	361.3
BCW-200103_02290	gnl|TC-DB|B2FIM5|1.B.70.1.6	94.3	477	27	0	1	477	1	477	5.7e-232	799.7
BCW-200103_02305	gnl|TC-DB|D4ZZR3|9.B.34.1.3	38.7	168	97	3	299	462	228	393	6.3e-21	98.6
BCW-200103_02306	gnl|TC-DB|M3JA40|1.B.52.2.1	31.5	178	108	3	429	592	283	460	1.0e-15	81.6
BCW-200103_02309	gnl|TC-DB|P0AAP1|9.B.34.1.2	37.1	175	106	4	540	712	197	369	1.8e-22	104.4
BCW-200103_02318	gnl|TC-DB|A0ZUB1|3.A.1.122.12	53.8	649	300	0	6	654	2	650	5.7e-182	634.0
BCW-200103_02319	gnl|TC-DB|Q84BQ3|3.A.1.122.12	46.3	369	191	2	23	391	1	362	1.4e-53	206.8
BCW-200103_02321	gnl|TC-DB|Q93N33|2.A.21.9.2	27.0	282	167	11	202	447	747	1025	3.9e-12	69.3
BCW-200103_02326	gnl|TC-DB|Q8G8W9|1.B.14.1.26	25.6	706	407	26	49	688	131	784	1.5e-42	171.0
BCW-200103_02329	gnl|TC-DB|Q9HV74|2.A.21.9.1	30.2	242	150	5	200	435	746	974	9.7e-16	81.6
BCW-200103_02336	gnl|TC-DB|P77389|2.A.1.2.65	34.9	384	247	2	20	402	7	388	2.2e-51	199.5
BCW-200103_02339	gnl|TC-DB|P13464|3.A.7.1.1	30.7	499	301	14	69	542	56	534	1.7e-57	220.3
BCW-200103_02342	gnl|TC-DB|O50336|3.A.7.2.1	28.2	252	144	8	11	248	4	232	2.2e-15	79.3
BCW-200103_02343	gnl|TC-DB|Q9RLR4|3.A.7.5.1	31.8	201	125	7	216	412	167	359	2.5e-21	99.8
BCW-200103_02344	gnl|TC-DB|Q91UW6|3.A.7.3.1	45.9	318	164	4	28	339	30	345	1.0e-76	283.5
BCW-200103_02348	gnl|TC-DB|O50330|3.A.7.2.1	40.4	798	443	10	1	773	9	798	3.8e-167	585.1
BCW-200103_02378	gnl|TC-DB|P0ABG7|2.A.103.1.2	46.4	347	183	2	19	362	16	362	8.5e-82	300.4
BCW-200103_02379	gnl|TC-DB|P0ABG7|2.A.103.1.2	45.7	348	184	2	20	362	16	363	3.0e-79	292.0
BCW-200103_02382	gnl|TC-DB|P22037|9.B.20.1.1	41.3	223	128	3	16	237	11	231	3.2e-34	141.7
BCW-200103_02384	gnl|TC-DB|Q9HXB2|1.B.14.1.12	41.3	687	384	9	16	693	108	784	2.8e-142	502.3
BCW-200103_02399	gnl|TC-DB|Q01674|1.B.14.1.17	23.8	728	494	21	17	712	12	710	3.9e-43	172.9
BCW-200103_02413	gnl|TC-DB|O80800|3.D.1.6.3	50.0	78	39	0	2	79	48	125	2.3e-13	70.9
BCW-200103_02419	gnl|TC-DB|P0A915|1.B.39.1.6	35.7	210	127	6	7	209	4	212	1.5e-27	119.4
BCW-200103_02427	gnl|TC-DB|C9VRY8|2.A.86.1.5	35.9	334	203	3	31	360	62	388	6.5e-40	161.4
BCW-200103_02443	gnl|TC-DB|P0A9V1|1.B.42.1.2	60.1	238	95	0	2	239	4	241	3.8e-83	304.3
BCW-200103_02467	gnl|TC-DB|Q5EGM5|9.A.25.1.1	29.8	205	112	6	441	626	260	451	4.0e-15	79.7
BCW-200103_02486	gnl|TC-DB|O31711|3.A.1.122.2	48.2	222	114	1	4	225	1	221	1.3e-56	216.1
BCW-200103_02490	gnl|TC-DB|Q1DCQ0|1.B.14.10.2	34.3	134	77	1	38	171	66	188	2.5e-13	74.3
BCW-200103_02493	gnl|TC-DB|Q1M607|3.A.3.7.2	47.3	182	91	3	31	210	6	184	3.6e-32	134.8
BCW-200103_02494	gnl|TC-DB|P03960|3.A.3.7.1	59.8	676	257	5	17	681	7	678	8.6e-205	709.9
BCW-200103_02495	gnl|TC-DB|P03959|3.A.3.7.1	36.4	566	331	9	8	565	13	557	6.5e-89	324.7
BCW-200103_02499	gnl|TC-DB|G3XCT7|2.A.1.25.5	30.9	586	242	7	8	432	1	584	5.3e-59	224.9
BCW-200103_02517	gnl|TC-DB|Q72GR8|3.D.2.2.2	52.2	345	164	1	9	352	8	352	1.2e-88	323.2
BCW-200103_02553	gnl|TC-DB|Q9KN48|3.A.23.1.1	35.8	397	230	5	101	493	153	528	3.5e-54	209.1
BCW-200103_02561	gnl|TC-DB|Q8EDM8|1.B.14.8.4	23.5	813	496	30	7	776	3	732	2.5e-35	147.1
BCW-200103_02590	gnl|TC-DB|P60752|3.A.1.106.1	39.2	571	345	1	9	577	10	580	3.7e-108	388.7
BCW-200103_02592	gnl|TC-DB|Q8F192|1.A.30.2.9	34.3	198	117	2	3	193	67	258	6.3e-24	107.5
BCW-200103_02593	gnl|TC-DB|P44408|3.A.11.2.2	28.5	673	403	19	155	775	133	779	1.0e-47	188.3
BCW-200103_02596	gnl|TC-DB|P37681|9.B.99.1.1	28.3	226	160	1	16	241	9	232	1.6e-23	106.3
BCW-200103_02605	gnl|TC-DB|Q60148|3.A.15.2.1	40.0	140	74	4	6	135	1	140	1.9e-15	78.6
BCW-200103_02606	gnl|TC-DB|Q9HVM8|9.A.21.1.2	27.6	975	521	39	299	1171	188	1079	3.9e-62	236.9
BCW-200103_02612	gnl|TC-DB|P38370|1.B.14.6.3	26.4	425	252	16	3	404	2	388	8.6e-18	89.4
BCW-200103_02624	gnl|TC-DB|E0LV84|2.A.85.1.4	27.5	679	466	9	7	665	6	678	7.5e-60	228.4
BCW-200103_02625	gnl|TC-DB|Q9HY88|2.A.6.2.34	35.8	483	281	10	13	484	11	475	4.3e-49	192.2
BCW-200103_02626	gnl|TC-DB|P46482|8.A.1.7.1	38.3	295	179	3	1	294	1	293	3.7e-51	198.4
BCW-200103_02637	gnl|TC-DB|P09489|1.B.12.5.1	29.1	1133	592	25	87	1128	33	1045	1.6e-102	370.9
BCW-200103_02666	gnl|TC-DB|P0AC02|1.B.33.1.3	36.0	239	143	3	15	247	7	241	7.7e-38	154.1
BCW-200103_02672	gnl|TC-DB|Q9KN48|3.A.23.1.1	39.3	333	184	4	140	454	193	525	1.3e-52	203.8
BCW-200103_02673	gnl|TC-DB|P22608|3.A.15.2.1	53.7	570	253	5	10	576	5	566	3.2e-168	588.2
BCW-200103_02674	gnl|TC-DB|P04739|3.A.15.2.1	41.9	148	71	4	1	134	1	147	3.0e-16	81.3
BCW-200103_02675	gnl|TC-DB|P22609|3.A.15.2.1	52.4	374	177	1	46	419	2	374	1.2e-105	379.8
BCW-200103_02676	gnl|TC-DB|P22610|3.A.15.2.1	52.4	290	128	4	3	287	6	290	8.3e-77	283.5
BCW-200103_02695	gnl|TC-DB|Q83XH1|3.A.1.121.4	30.8	546	368	5	1	538	1	544	1.1e-68	257.7
BCW-200103_02696	gnl|TC-DB|G0LBU8|1.B.14.6.11	33.1	813	466	18	31	795	194	976	1.1e-102	370.9
BCW-200103_02700	gnl|TC-DB|P77735|8.A.5.1.6	29.3	321	203	9	6	313	2	311	5.1e-22	101.7
BCW-200103_02706	gnl|TC-DB|Q8F8H7|2.A.53.3.8	50.3	195	97	0	2	196	539	733	3.6e-56	214.5
BCW-200103_02740	gnl|TC-DB|Q9XC06|3.A.7.15.1	45.1	377	203	3	34	409	6	379	1.5e-88	323.2
BCW-200103_02742	gnl|TC-DB|Q8GD00|9.A.47.1.1	36.1	266	133	7	155	413	180	415	3.4e-32	136.0
BCW-200103_02748	gnl|TC-DB|E1WDB9|1.B.40.2.5	38.6	166	98	1	1746	1911	1300	1461	7.6e-25	113.6
BCW-200103_02749	gnl|TC-DB|K1LZ89|1.B.6.1.14	41.1	107	56	2	168	274	537	636	1.8e-12	69.7
BCW-200103_02767	gnl|TC-DB|P33231|2.A.14.1.1	76.1	552	131	1	1	552	1	551	8.7e-240	825.9
BCW-200103_02776	gnl|TC-DB|G0LBU8|1.B.14.6.11	38.3	175	94	6	23	188	185	354	1.8e-16	84.7
BCW-200103_02790	gnl|TC-DB|P0ACA3|1.A.12.3.1	47.6	208	108	1	1	207	1	208	3.6e-53	204.5
BCW-200103_02792	gnl|TC-DB|P05418|3.D.3.1.1	43.8	425	207	8	10	415	13	424	6.4e-94	340.9
BCW-200103_02793	gnl|TC-DB|P05417|3.D.3.1.1	36.4	187	107	6	14	199	15	190	1.2e-24	109.8
BCW-200103_02798	gnl|TC-DB|C6EIY9|3.A.1.105.15	32.1	380	240	6	1	370	6	377	6.2e-40	161.4
BCW-200103_02799	gnl|TC-DB|Q4VWC9|3.A.1.105.4	50.2	217	108	0	1	217	342	558	3.8e-59	224.9
BCW-200103_02804	gnl|TC-DB|P0A2L3|9.A.40.1.2	47.2	286	148	2	4	289	3	285	9.7e-65	243.4
BCW-200103_02806	gnl|TC-DB|O50455|1.A.35.3.5	35.2	341	210	4	10	340	27	366	2.7e-58	222.2
BCW-200103_02832	gnl|TC-DB|P0ABJ9|3.D.4.3.2	29.0	521	301	4	1	454	2	520	1.5e-59	226.9
BCW-200103_02833	gnl|TC-DB|O54596|3.D.4.3.1	32.2	339	204	8	3	336	12	329	6.2e-23	104.8
BCW-200103_02845	gnl|TC-DB|Q7AA53|2.A.6.8.2	32.8	758	460	21	42	776	11	742	1.6e-85	313.9
BCW-200103_02858	gnl|TC-DB|B5U2Z3|2.A.75.1.4	35.6	191	122	1	45	234	8	198	3.5e-28	121.7
BCW-200103_02861	gnl|TC-DB|Q5KYD1|2.A.17.1.7	31.0	593	293	13	29	610	9	496	7.7e-64	241.5
BCW-200103_02862	gnl|TC-DB|V5FN92|9.B.169.1.12	47.7	377	191	5	8	382	20	392	3.8e-85	311.6
BCW-200103_02863	gnl|TC-DB|O58099|2.A.67.4.2	45.7	588	281	10	61	644	67	620	7.4e-121	431.0
BCW-200103_02874	gnl|TC-DB|Q9KN48|3.A.23.1.1	45.6	263	126	6	193	446	164	418	1.3e-46	184.1
BCW-200103_02884	gnl|TC-DB|P36554|2.A.1.3.26	49.7	447	217	4	15	456	12	455	9.0e-113	403.7
BCW-200103_02895	gnl|TC-DB|P9WG63|5.A.1.2.9	33.4	632	327	20	1	589	115	695	3.3e-72	269.2
BCW-200103_02904	gnl|TC-DB|P24559|3.A.15.2.1	79.1	339	71	0	1	339	1	339	3.8e-153	537.3
BCW-200103_02905	gnl|TC-DB|Q51532|3.A.15.2.1	67.2	369	121	0	8	376	1	369	7.0e-148	520.0
BCW-200103_02907	gnl|TC-DB|P63144|8.A.5.1.3	31.4	325	201	9	1	310	71	388	3.9e-30	128.6
BCW-200103_02909	gnl|TC-DB|P25694|3.A.16.1.2	33.8	222	128	4	262	480	244	449	7.5e-25	111.7
BCW-200103_02921	gnl|TC-DB|Q7UQ82|3.A.1.115.2	27.5	408	242	13	5	378	6	393	1.9e-15	80.1
BCW-200103_02922	gnl|TC-DB|P46903|3.A.1.115.1	41.6	238	138	1	1	237	1	238	2.3e-51	198.7
BCW-200103_02930	gnl|TC-DB|O34474|2.A.66.1.25	32.2	438	295	1	4	439	7	444	1.5e-56	216.9
BCW-200103_02935	gnl|TC-DB|P08839|8.A.7.1.1	27.0	426	262	15	348	755	114	508	6.8e-28	122.5
BCW-200103_02936	gnl|TC-DB|D7FD61|1.A.23.2.2	31.2	250	169	2	27	275	18	265	1.4e-31	133.3
BCW-200103_02969	gnl|TC-DB|G7H3K9|8.A.58.2.6	59.0	61	25	0	6	66	41	101	9.3e-14	72.4
BCW-200103_02971	gnl|TC-DB|Q89SS6|2.A.1.42.2	33.6	611	384	10	9	611	5	601	2.4e-68	256.5
BCW-200103_02973	gnl|TC-DB|P75870|2.A.85.1.1	36.5	699	424	7	19	713	17	699	7.7e-111	397.9
BCW-200103_02976	gnl|TC-DB|P42308|2.A.11.1.2	61.3	437	155	2	2	438	1	423	2.1e-148	521.9
BCW-200103_02989	gnl|TC-DB|Q1DCQ0|1.B.14.10.2	34.0	156	90	3	15	168	44	188	8.2e-12	69.3
BCW-200103_02993	gnl|TC-DB|Q55487|4.D.2.1.9	48.0	304	156	2	11	313	5	307	5.3e-78	287.7
BCW-200103_02998	gnl|TC-DB|B2FLY3|2.A.6.2.14	95.4	391	18	0	17	407	1	391	3.6e-142	501.1
BCW-200103_02999	gnl|TC-DB|B2FLY4|2.A.6.2.14	99.4	1056	6	0	1	1056	1	1056	0.0e+00	1991.1
BCW-200103_03001	gnl|TC-DB|B2FLY6|2.A.6.2.14	97.5	472	12	0	2	473	1	472	2.7e-250	860.5
BCW-200103_03026	gnl|TC-DB|P0ABJ1|3.D.4.5.1	55.8	274	119	2	20	291	22	295	8.7e-85	310.1
BCW-200103_03027	gnl|TC-DB|P0ABI8|3.D.4.5.1	66.6	647	215	1	1	646	1	647	2.8e-261	897.5
BCW-200103_03028	gnl|TC-DB|P0ABJ3|3.D.4.5.1	64.5	203	71	1	9	210	1	203	6.6e-71	263.5
BCW-200103_03029	gnl|TC-DB|P0ABJ6|3.D.4.5.1	46.4	110	58	1	1	110	1	109	1.0e-22	102.4
BCW-200103_03035	gnl|TC-DB|A8GHT9|2.A.1.36.2	37.9	383	218	10	19	392	24	395	7.8e-41	164.5
BCW-200103_03037	gnl|TC-DB|Q8EKT7|2.A.17.4.7	66.7	508	168	1	14	521	9	515	1.4e-194	675.6
BCW-200103_03049	gnl|TC-DB|B2GH49|9.B.160.1.10	35.2	162	92	6	123	279	217	370	8.0e-14	75.1
BCW-200103_03051	gnl|TC-DB|G0LBU8|1.B.14.6.11	27.2	867	495	26	44	858	194	976	2.5e-60	230.3
BCW-200103_03058	gnl|TC-DB|Q9F3K7|3.A.1.3.24	58.2	251	105	0	331	581	3	253	2.5e-80	296.2
BCW-200103_03059	gnl|TC-DB|P0AEM9|3.A.1.3.10	27.9	226	142	7	85	304	49	259	2.1e-12	69.7
BCW-200103_03060	gnl|TC-DB|P0AEK7|5.A.3.2.1	44.5	200	111	0	8	207	5	204	2.9e-50	194.9
BCW-200103_03061	gnl|TC-DB|P0AAJ3|5.A.3.2.1	67.5	289	90	4	1	287	1	287	3.0e-117	417.9
BCW-200103_03062	gnl|TC-DB|P24183|5.A.3.2.1	58.7	808	328	3	1	808	213	1014	2.2e-308	1054.3
BCW-200103_03063	gnl|TC-DB|P24183|5.A.3.2.1	68.4	193	61	0	4	196	3	195	1.5e-77	285.4
BCW-200103_03069	gnl|TC-DB|Q46065|2.A.3.1.12	46.7	428	222	2	13	435	8	434	2.8e-95	345.5
BCW-200103_03084	gnl|TC-DB|Q52000|2.A.1.6.3	44.6	399	213	4	28	425	22	413	3.7e-84	308.5
BCW-200103_03085	gnl|TC-DB|p0aa70|2.A.7.3.22	44.4	279	151	3	20	297	12	287	1.2e-57	219.9
BCW-200103_03086	gnl|TC-DB|P27844|2.A.7.7.2	41.6	293	170	1	3	295	1	292	4.5e-57	218.0
BCW-200103_03090	gnl|TC-DB|O68106|3.A.1.23.8	38.9	234	131	4	24	256	16	238	8.0e-29	124.0
BCW-200103_03098	gnl|TC-DB|P0C0L7|2.A.1.6.4	30.5	420	277	7	6	412	24	441	1.5e-42	170.2
BCW-200103_03102	gnl|TC-DB|P9WG63|5.A.1.2.9	48.9	135	66	1	49	180	409	543	4.8e-38	154.1
BCW-200103_03109	gnl|TC-DB|P39830|2.A.37.1.5	60.0	557	213	4	1	553	1	551	3.1e-176	614.8
BCW-200103_03113	gnl|TC-DB|P10121|3.A.5.1.1	55.1	303	128	3	135	431	192	492	3.1e-83	305.4
BCW-200103_03121	gnl|TC-DB|G8WDN4|2.A.76.1.10	71.1	211	60	1	1	211	1	210	4.5e-80	293.9
BCW-200103_03127	gnl|TC-DB|P0A8K8|9.B.126.2.1	32.7	278	172	3	12	282	7	276	1.5e-37	153.7
BCW-200103_03133	gnl|TC-DB|B2SKA7|1.B.1.12.1	55.7	194	78	2	6	191	1	194	1.1e-61	232.6
BCW-200103_03156	gnl|TC-DB|Q9NRK6|3.A.1.201.17	37.6	590	353	5	7	587	150	733	1.2e-93	340.5
BCW-200103_03160	gnl|TC-DB|D4ZZR3|9.B.34.1.3	34.7	176	106	4	501	671	221	392	1.0e-19	95.5
BCW-200103_03165	gnl|TC-DB|P0ADZ7|3.A.5.1.1	39.8	108	63	2	4	110	1	107	1.0e-17	85.9
BCW-200103_03166	gnl|TC-DB|P0AG90|2.A.6.4.1	42.6	618	338	9	4	613	5	613	1.3e-127	453.4
BCW-200103_03167	gnl|TC-DB|P0AG93|2.A.6.4.1	39.1	294	168	4	16	306	18	303	3.4e-50	195.3
BCW-200103_03172	gnl|TC-DB|Q9NTM9|9.B.158.1.1	46.0	213	115	0	7	219	28	240	1.7e-46	182.6
BCW-200103_03173	gnl|TC-DB|G0LBU8|1.B.14.6.11	38.4	151	82	5	38	180	198	345	8.2e-15	79.3
BCW-200103_03174	gnl|TC-DB|Q8ZRG7|3.A.3.5.20	80.3	745	147	0	82	826	10	754	0.0e+00	1117.1
BCW-200103_03177	gnl|TC-DB|Q9AAZ6|1.B.14.12.2	28.8	989	545	29	48	1017	33	881	6.6e-84	308.9
BCW-200103_03202	gnl|TC-DB|D0VWY2|3.A.1.7.3	46.2	392	161	15	27	391	3	371	1.9e-76	282.7
BCW-200103_03203	gnl|TC-DB|P15745|3.A.15.1.1	39.3	399	221	2	1	398	1	379	3.6e-62	235.3
BCW-200103_03204	gnl|TC-DB|P15645|3.A.15.1.1	52.3	480	216	5	7	474	11	489	2.7e-136	481.9
BCW-200103_03205	gnl|TC-DB|P35818|1.B.22.1.2	32.7	695	394	12	12	699	24	651	1.6e-85	313.9
BCW-200103_03209	gnl|TC-DB|Q9XD71|3.A.15.3.1	57.8	135	54	2	11	143	3	136	1.1e-37	152.5
BCW-200103_03237	gnl|TC-DB|D0J5W3|9.B.44.1.2	60.9	133	52	0	7	139	24	156	7.0e-43	169.9
BCW-200103_03245	gnl|TC-DB|B2FKT9|1.B.14.6.4	44.7	1025	523	21	1	999	1	1007	2.1e-231	798.9
BCW-200103_03253	gnl|TC-DB|P33116|3.A.1.111.2	25.5	605	425	6	17	616	9	592	4.3e-62	235.7
BCW-200103_03254	gnl|TC-DB|Q51532|3.A.15.2.1	51.3	359	174	1	1	358	1	359	3.4e-102	368.2
BCW-200103_03264	gnl|TC-DB|Q9I3V8|3.A.1.103.6	43.2	310	166	3	11	320	5	304	3.4e-66	248.8
BCW-200103_03270	gnl|TC-DB|W4NVH2|2.A.7.33.3	44.4	117	60	2	9	123	9	122	3.6e-16	80.9
BCW-200103_03287	gnl|TC-DB|A4PCH9|3.A.1.27.1	28.5	319	199	5	1	298	1	311	5.9e-28	121.3
BCW-200103_03288	gnl|TC-DB|A4PCH8|3.A.1.27.1	64.9	248	87	0	20	267	23	270	1.3e-87	319.3
BCW-200103_03289	gnl|TC-DB|A4PCH7|3.A.1.27.1	42.9	294	163	2	83	373	24	315	5.0e-58	221.5
BCW-200103_03290	gnl|TC-DB|Q1DBY8|2.A.79.1.2	34.4	401	257	3	19	419	21	415	4.2e-45	178.7
BCW-200103_03294	gnl|TC-DB|A3M582|2.A.1.3.63	26.3	395	283	4	29	416	41	434	2.7e-21	99.8
BCW-200103_03297	gnl|TC-DB|P63183|2.A.72.1.1	48.0	600	309	2	40	639	26	622	2.5e-158	555.4
BCW-200103_03310	gnl|TC-DB|Q2G506|3.A.1.210.11	34.7	464	283	4	150	601	141	596	3.7e-66	249.2
BCW-200103_03322	gnl|TC-DB|A2P528|2.A.7.3.9	36.3	278	155	7	16	281	7	274	1.1e-31	133.7
BCW-200103_03345	gnl|TC-DB|Q5KYD1|2.A.17.1.7	37.2	494	277	14	22	499	20	496	5.5e-68	255.0
BCW-200103_03358	gnl|TC-DB|P77223|3.D.6.1.4	52.4	105	49	1	6	109	35	139	6.4e-27	116.7
BCW-200103_03365	gnl|TC-DB|B2FPS5|2.A.88.8.5	96.6	261	9	0	1	261	1	261	2.2e-140	494.6
BCW-200103_03366	gnl|TC-DB|A2BTW4|9.B.150.1.3	31.1	209	126	4	14	214	20	218	1.4e-18	89.7
BCW-200103_03367	gnl|TC-DB|P0AG82|3.A.1.7.1	54.4	329	146	2	10	338	14	338	5.5e-96	347.4
BCW-200103_03368	gnl|TC-DB|M4NGF8|1.B.67.1.2	57.1	357	139	5	67	410	63	418	4.8e-110	394.4
BCW-200103_03376	gnl|TC-DB|O32095|2.A.86.1.8	27.9	337	213	13	50	369	40	363	3.4e-14	75.9
BCW-200103_03383	gnl|TC-DB|P0AAQ6|3.A.5.1.1	58.6	111	46	0	1	111	1	111	4.7e-34	140.2
BCW-200103_03385	gnl|TC-DB|B2SKA7|1.B.1.12.1	59.3	194	71	2	5	190	1	194	1.8e-64	241.9
BCW-200103_03388	gnl|TC-DB|Q0C3J5|1.B.71.1.4	42.7	117	63	3	9	123	6	120	8.7e-16	80.5
BCW-200103_03389	gnl|TC-DB|P76628|2.A.1.36.3	56.2	381	167	0	13	393	13	393	7.4e-108	387.1
BCW-200103_03424	gnl|TC-DB|Q89K67|2.A.55.2.6	70.0	430	129	0	13	442	21	450	2.1e-159	558.5
BCW-200103_03438	gnl|TC-DB|P29919|3.D.1.2.1	52.1	117	56	0	17	133	4	120	1.0e-29	125.9
BCW-200103_03439	gnl|TC-DB|Q6V9B0|3.D.1.6.4	84.1	145	23	0	37	181	13	157	6.5e-75	276.6
BCW-200103_03440	gnl|TC-DB|P23710|3.D.1.6.2	58.3	103	41	2	115	217	138	238	2.7e-31	132.1
BCW-200103_03441	gnl|TC-DB|P17694|3.D.1.6.1	57.5	414	149	2	22	435	77	463	2.7e-143	505.0
BCW-200103_03442	gnl|TC-DB|P0AFD1|3.D.1.1.1	36.4	154	94	3	19	172	14	163	1.3e-19	92.8
BCW-200103_03443	gnl|TC-DB|P29913|3.D.1.2.1	53.6	375	169	4	56	426	41	414	2.4e-115	412.1
BCW-200103_03444	gnl|TC-DB|P24918|3.D.1.6.2	36.2	694	391	16	12	669	33	710	6.7e-102	368.2
BCW-200103_03445	gnl|TC-DB|P29920|3.D.1.2.1	41.9	339	182	3	23	360	10	334	2.1e-72	269.2
BCW-200103_03446	gnl|TC-DB|Q9FX83|3.D.1.6.3	66.0	153	52	0	10	162	70	222	2.1e-29	125.2
BCW-200103_03447	gnl|TC-DB|P29922|3.D.1.2.1	44.8	183	94	2	4	183	2	180	7.1e-28	120.6
BCW-200103_03448	gnl|TC-DB|P29923|3.D.1.2.1	67.3	101	33	0	1	101	1	101	3.3e-28	120.6
BCW-200103_03449	gnl|TC-DB|P29924|3.D.1.2.1	41.9	751	324	18	13	712	5	694	4.3e-138	488.4
BCW-200103_03450	gnl|TC-DB|P29925|3.D.1.2.1	48.4	514	230	8	6	500	4	501	4.9e-125	444.5
BCW-200103_03451	gnl|TC-DB|P29926|3.D.1.2.1	38.4	458	280	2	9	465	1	457	3.2e-81	298.9
BCW-200103_03457	gnl|TC-DB|D4ZZR3|9.B.34.1.3	39.5	167	89	4	238	398	231	391	2.7e-20	96.3
BCW-200103_03466	gnl|TC-DB|Q5EAK4|2.A.16.2.2	28.9	325	194	11	37	333	1391	1706	9.7e-19	91.7
BCW-200103_03472	gnl|TC-DB|G0LBU8|1.B.14.6.11	36.8	174	82	8	40	193	198	363	3.3e-16	84.0
BCW-200103_03475	gnl|TC-DB|Q9KPL5|2.A.41.2.11	45.0	427	213	5	12	431	7	418	7.3e-93	337.4
BCW-200103_03476	gnl|TC-DB|P63144|8.A.5.1.3	41.0	310	180	1	1	310	71	377	6.3e-73	270.8
BCW-200103_03478	gnl|TC-DB|Q92N43|1.B.14.2.7	29.2	743	467	20	4	714	24	739	4.8e-65	245.7
BCW-200103_03481	gnl|TC-DB|P77504|3.A.1.122.15	34.1	827	505	15	3	824	2	793	1.0e-95	347.8
BCW-200103_03482	gnl|TC-DB|P0A9T8|3.A.1.122.15	58.5	205	82	1	5	206	20	224	3.2e-57	218.0
BCW-200103_03488	gnl|TC-DB|L5DDD7|2.A.109.2.3	44.3	230	127	1	4	233	371	599	2.6e-50	195.3
BCW-200103_03489	gnl|TC-DB|P77389|2.A.1.2.65	61.5	369	142	0	7	375	7	375	5.3e-119	424.1
BCW-200103_03515	gnl|TC-DB|Q93N33|2.A.21.9.2	42.1	447	231	8	5	432	716	1153	1.7e-81	299.7
BCW-200103_03516	gnl|TC-DB|Q93N33|2.A.21.9.2	45.7	94	40	2	335	428	613	695	2.9e-17	86.3
BCW-200103_03518	gnl|TC-DB|P0A9X4|9.B.157.1.3	77.0	348	79	1	1	348	1	347	2.8e-151	531.2
BCW-200103_03525	gnl|TC-DB|G0K054|1.E.6.3.2	100.0	65	0	0	1	65	1	65	3.6e-28	119.8
BCW-200103_03534	gnl|TC-DB|F4ZBX4|1.B.76.1.1	57.5	228	93	2	112	336	196	422	4.5e-74	274.6
BCW-200103_03535	gnl|TC-DB|Q4KCN4|9.B.62.1.5	61.0	597	208	5	7	603	2	573	1.1e-203	706.1
BCW-200103_03559	gnl|TC-DB|G0LBU8|1.B.14.6.11	37.3	193	97	8	38	220	192	370	1.4e-17	88.6
BCW-200103_03574	gnl|TC-DB|P76460|2.A.73.1.1	32.7	447	280	8	23	467	12	439	4.6e-56	215.3
BCW-200103_03584	gnl|TC-DB|G0LBU8|1.B.14.6.11	31.4	808	440	20	22	761	192	953	3.4e-88	322.8
BCW-200103_03597	gnl|TC-DB|Q9L1B4|2.A.1.3.19	40.9	499	287	5	5	498	6	501	6.9e-82	301.2
BCW-200103_03601	gnl|TC-DB|Q6MNW8|3.A.1.136.2	45.7	414	224	1	2	414	5	418	1.1e-93	340.1
BCW-200103_03608	gnl|TC-DB|Q07711|3.A.7.7.1	24.5	564	351	18	54	582	80	603	7.1e-28	122.5
BCW-200103_03609	gnl|TC-DB|B4AEM5|1.E.43.3.1	51.3	78	38	0	184	261	102	179	4.4e-15	78.6
BCW-200103_03612	gnl|TC-DB|Q8VRK4|3.A.11.1.3	41.0	293	146	5	78	369	62	328	1.4e-39	160.2
BCW-200103_03617	gnl|TC-DB|V5BTU4|9.B.142.2.8	23.9	444	297	13	12	440	17	434	6.6e-17	85.5
BCW-200103_03618	gnl|TC-DB|G0CA41|9.B.67.7.3	54.7	393	178	0	20	412	1	393	7.8e-116	413.7
BCW-200103_03619	gnl|TC-DB|B8F5K7|4.D.1.3.2	35.5	248	154	5	11	254	2	247	9.0e-33	137.1
BCW-200103_03623	gnl|TC-DB|Q9V0A4|3.B.1.1.5	35.5	519	304	11	22	523	3	507	5.0e-75	278.5
BCW-200103_03628	gnl|TC-DB|P76330|9.B.34.1.4	34.0	159	94	3	185	335	401	556	6.4e-15	78.2
BCW-200103_03633	gnl|TC-DB|Q9A608|1.B.14.12.1	36.6	913	513	18	39	918	42	921	7.1e-154	541.2
BCW-200103_03636	gnl|TC-DB|Q8EEC4|2.A.2.6.3	60.4	497	185	4	4	488	24	520	2.4e-164	575.1
BCW-200103_03640	gnl|TC-DB|K1L960|3.A.1.145.3	36.8	1197	742	10	5	1194	4	1192	1.4e-226	783.1
BCW-200103_03641	gnl|TC-DB|D6TT54|3.A.1.148.3	42.5	299	166	2	2	300	3	295	1.9e-60	229.2
BCW-200103_03654	gnl|TC-DB|P76417|2.A.1.10.4	40.1	401	225	5	6	394	5	402	1.6e-78	289.7
BCW-200103_03657	gnl|TC-DB|D4ZZR3|9.B.34.1.3	28.6	294	191	6	75	349	103	396	1.5e-19	93.6
BCW-200103_03659	gnl|TC-DB|Q1J0W6|9.B.34.1.1	40.7	167	94	2	407	573	187	348	2.4e-22	103.6
BCW-200103_03668	gnl|TC-DB|L5DDD7|2.A.109.2.3	51.4	514	242	5	1	506	370	883	2.0e-129	459.1
BCW-200103_03670	gnl|TC-DB|P10408|3.A.5.1.1	61.4	914	334	5	1	909	1	900	0.0e+00	1079.3
BCW-200103_03680	gnl|TC-DB|Q9S2Y1|1.A.23.7.1	41.3	293	160	3	80	360	80	372	1.3e-53	206.8
BCW-200103_03681	gnl|TC-DB|Q05098|1.B.14.1.5	50.9	764	331	13	11	757	10	746	4.3e-205	711.1
BCW-200103_03682	gnl|TC-DB|P76330|9.B.34.1.4	43.5	161	89	1	295	453	398	558	6.2e-29	125.2
BCW-200103_03683	gnl|TC-DB|A8GHT9|2.A.1.36.2	47.4	388	200	3	5	389	24	410	1.3e-75	280.0
BCW-200103_03690	gnl|TC-DB|A9BQS6|2.A.7.37.1	62.2	127	48	0	1	127	1	127	4.0e-42	167.2
BCW-200103_03711	gnl|TC-DB|Q6XBY3|1.B.11.6.1	30.2	703	452	16	80	755	108	798	1.9e-70	263.8
BCW-200103_03717	gnl|TC-DB|Q7VW14|2.A.1.2.27	37.9	391	242	1	11	401	4	393	2.1e-57	219.5
BCW-200103_03721	gnl|TC-DB|P36879|3.A.1.105.17	58.7	298	121	1	17	314	4	299	1.9e-90	328.9
BCW-200103_03722	gnl|TC-DB|P0AFN6|3.A.1.105.17	58.4	250	104	0	14	263	7	256	6.0e-82	300.4
BCW-200103_03733	gnl|TC-DB|Q1LRZ2|2.A.4.3.9	62.2	339	108	3	1	320	28	365	2.0e-87	318.9
BCW-200103_03738	gnl|TC-DB|F7STR2|1.B.62.1.7	53.6	539	239	3	44	581	38	566	3.4e-162	568.2
BCW-200103_03740	gnl|TC-DB|Q1D0D2|1.A.30.2.7	33.3	132	88	0	1	132	1	132	1.4e-13	72.4
BCW-200103_03741	gnl|TC-DB|P0ABU9|1.A.30.2.2	31.3	217	139	6	364	580	11	217	1.1e-14	78.2
BCW-200103_03742	gnl|TC-DB|Q9I5N4|1.B.20.3.6	50.8	545	240	5	14	538	8	544	1.2e-145	513.1
BCW-200103_03755	gnl|TC-DB|P54176|1.C.113.1.1	48.5	204	105	0	9	212	12	215	1.4e-52	202.6
BCW-200103_03758	gnl|TC-DB|Q0VQY6|2.A.6.2.46	52.7	1047	479	7	1	1040	1	1038	2.1e-298	1021.5
BCW-200103_03759	gnl|TC-DB|Q8Y3G9|2.A.6.2.45	46.9	373	193	2	8	375	10	382	5.0e-78	288.1
BCW-200103_03776	gnl|TC-DB|P31554|1.B.42.1.2	27.1	797	493	19	79	838	35	780	4.0e-82	302.8
BCW-200103_03782	gnl|TC-DB|P21345|2.A.23.1.1	32.2	419	272	4	10	427	5	412	1.6e-55	213.4
BCW-200103_03789	gnl|TC-DB|P34750|1.B.22.2.1	34.7	594	337	8	58	650	162	705	3.8e-93	339.0
BCW-200103_03793	gnl|TC-DB|Q8VRL8|3.A.11.1.3	30.4	365	224	8	12	352	16	374	6.1e-29	124.8
BCW-200103_03804	gnl|TC-DB|Q9EV03|1.A.23.1.2	30.1	296	201	2	506	795	785	1080	2.4e-28	124.0
BCW-200103_03831	gnl|TC-DB|A6XV56|1.B.17.3.6	34.7	455	293	1	33	483	30	484	5.3e-63	238.4
BCW-200103_03832	gnl|TC-DB|P27303|8.A.1.1.1	44.5	348	193	0	37	384	41	388	7.9e-78	287.3
BCW-200103_03833	gnl|TC-DB|P0AEJ0|2.A.1.3.2	49.1	495	247	3	29	519	12	505	1.3e-136	483.0
BCW-200103_03844	gnl|TC-DB|B5U2Z3|2.A.75.1.4	54.2	192	87	1	9	200	9	199	5.4e-46	180.6
BCW-200103_03851	gnl|TC-DB|M3JA40|1.B.52.2.1	60.0	60	24	0	533	592	280	339	3.8e-12	70.1
BCW-200103_03858	gnl|TC-DB|O34474|2.A.66.1.25	38.4	443	269	3	13	453	18	458	9.8e-78	287.3
BCW-200103_03859	gnl|TC-DB|G0LBU8|1.B.14.6.11	32.9	833	467	20	25	811	190	976	3.5e-104	375.9
BCW-200103_03868	gnl|TC-DB|P81549|1.B.14.1.16	38.1	742	406	15	44	764	34	743	3.5e-138	488.8
BCW-200103_03872	gnl|TC-DB|P17315|1.B.14.1.4	29.8	793	401	21	23	806	18	663	9.5e-78	288.1
BCW-200103_03879	gnl|TC-DB|Q9HT68|3.A.1.24.5	64.0	264	91	1	1	264	1	260	4.3e-88	320.9
BCW-200103_03888	gnl|TC-DB|P76397|8.A.1.6.2	39.7	373	212	8	29	392	33	401	2.8e-57	219.2
BCW-200103_03889	gnl|TC-DB|I0KTJ0|2.A.6.2.43	99.7	1077	3	0	1	1077	1	1077	0.0e+00	1983.8
BCW-200103_03890	gnl|TC-DB|I0KTJ1|2.A.6.2.43	99.9	1040	1	0	1	1040	1	1040	0.0e+00	1921.0
BCW-200103_03896	gnl|TC-DB|B9DIS8|9.B.97.5.1	28.7	359	232	11	15	355	11	363	5.7e-28	122.5
BCW-200103_03898	gnl|TC-DB|D1BTK6|9.B.124.1.6	51.8	110	48	3	11	116	14	122	2.1e-21	98.2
BCW-200103_03904	gnl|TC-DB|Q42524|4.C.1.1.7	22.9	541	338	14	85	598	67	555	2.1e-24	110.5
BCW-200103_03905	gnl|TC-DB|Q7NL26|3.A.1.106.12	30.7	538	341	11	18	534	5	531	2.0e-42	170.2
BCW-200103_03906	gnl|TC-DB|P29018|3.A.1.129.1	36.2	574	335	8	18	574	4	563	4.3e-80	295.4
BCW-200103_03907	gnl|TC-DB|P0ABJ9|3.D.4.3.2	60.3	501	199	0	6	506	4	504	3.1e-178	621.3
BCW-200103_03908	gnl|TC-DB|P0ABK2|3.D.4.3.2	48.9	378	192	1	5	382	1	377	3.4e-102	368.2
BCW-200103_03915	gnl|TC-DB|P75905|4.D.1.1.3	49.3	418	197	5	8	417	28	438	2.1e-113	405.6
BCW-200103_03925	gnl|TC-DB|P15729|2.A.1.1.32	46.3	469	248	4	5	472	3	468	2.3e-108	389.0
BCW-200103_03926	gnl|TC-DB|Q8EXV0|3.D.1.9.3	47.7	88	46	0	1	88	1	88	3.5e-20	94.0
BCW-200103_03928	gnl|TC-DB|Q1R209|1.B.14.7.1	27.9	791	477	20	84	823	5	753	2.2e-66	250.4
BCW-200103_03936	gnl|TC-DB|Q9A608|1.B.14.12.1	25.0	804	495	28	7	786	4	723	1.5e-43	174.9
BCW-200103_03942	gnl|TC-DB|P15729|2.A.1.1.32	49.1	462	231	4	7	467	10	468	4.2e-118	421.4
BCW-200103_03956	gnl|TC-DB|Q24LT6|2.A.6.2.29	29.8	470	302	8	16	476	12	462	1.5e-41	167.2
BCW-200103_03957	gnl|TC-DB|A0ZUB1|3.A.1.122.12	55.5	650	288	1	4	652	2	651	2.4e-196	681.8
BCW-200103_03958	gnl|TC-DB|Q84BQ3|3.A.1.122.12	47.7	365	184	3	30	393	4	362	1.3e-54	210.3
BCW-200103_03961	gnl|TC-DB|D4ZZR3|9.B.34.1.3	41.4	169	93	2	844	1008	230	396	6.2e-26	116.3
BCW-200103_03968	gnl|TC-DB|P0AAH0|3.A.1.7.1	65.2	256	89	0	21	276	2	257	3.1e-97	351.3
BCW-200103_03969	gnl|TC-DB|P07654|3.A.1.7.1	51.4	284	136	2	1	283	12	294	2.2e-77	285.4
BCW-200103_03970	gnl|TC-DB|P0AGH8|3.A.1.7.1	51.0	304	147	2	20	321	14	317	1.3e-81	299.7
BCW-200103_03971	gnl|TC-DB|P0AG82|3.A.1.7.1	52.9	314	146	1	49	362	27	338	1.6e-93	339.3
BCW-200103_03991	gnl|TC-DB|Q47PP1|9.B.169.1.10	28.0	397	218	15	7	343	49	437	8.6e-12	67.8
BCW-200103_03993	gnl|TC-DB|Q9ZE70|2.A.7.3.7	28.4	257	184	0	19	275	27	283	5.6e-20	94.7
BCW-200103_04010	gnl|TC-DB|P54702|3.A.6.2.1	36.9	241	149	3	23	262	18	256	1.0e-28	123.6
BCW-200103_04012	gnl|TC-DB|P54700|3.A.6.2.1	53.7	246	104	2	15	256	4	243	1.9e-56	215.7
BCW-200103_04014	gnl|TC-DB|P26419|3.A.6.2.1	52.5	99	47	0	12	110	37	135	2.9e-25	110.9
BCW-200103_04019	gnl|TC-DB|P26465|3.A.6.2.1	57.0	446	182	2	18	453	4	449	1.3e-132	469.5
BCW-200103_04022	gnl|TC-DB|P15928|3.A.6.2.1	35.4	567	308	17	17	548	15	558	7.4e-74	274.6
BCW-200103_04029	gnl|TC-DB|P75831|3.A.1.122.1	41.0	222	130	1	7	228	1	221	2.4e-45	178.7
BCW-200103_04031	gnl|TC-DB|Q2FD69|2.A.6.2.40	26.5	438	310	5	1	429	30	464	2.9e-28	122.9
BCW-200103_04042	gnl|TC-DB|Q9HT69|3.A.1.24.5	59.9	212	85	0	18	229	14	225	1.8e-58	222.2
BCW-200103_04043	gnl|TC-DB|Q9HT70|3.A.1.24.5	74.9	335	83	1	1	334	1	335	1.7e-137	485.3
BCW-200103_04044	gnl|TC-DB|P46333|2.A.1.1.106	25.3	576	283	8	14	588	10	439	3.5e-37	152.9
BCW-200103_04048	gnl|TC-DB|P74477|2.A.49.6.1	33.1	338	192	9	82	403	91	410	5.7e-32	135.2
