BCW-200570_00008	gnl|TC-DB|P21345|2.A.23.1.1	31.7	419	274	4	10	427	5	412	1.8e-54	209.9
BCW-200570_00019	gnl|TC-DB|P0A915|1.B.39.1.6	34.3	210	130	5	7	209	4	212	3.4e-27	118.2
BCW-200570_00032	gnl|TC-DB|P72121|1.B.14.4.1	57.7	691	279	8	8	687	35	723	4.1e-223	770.8
BCW-200570_00033	gnl|TC-DB|Q8GC84|2.A.6.2.19	27.1	369	221	10	11	343	8	364	1.6e-19	93.6
BCW-200570_00034	gnl|TC-DB|Q9HW27|2.A.6.2.33	38.3	1019	608	8	1	1014	1	1003	2.7e-178	622.5
BCW-200570_00036	gnl|TC-DB|P30145|2.A.25.1.2	52.0	452	195	5	43	494	1	430	4.8e-120	427.9
BCW-200570_00039	gnl|TC-DB|P0A742|1.A.22.1.1	51.5	136	59	2	1	134	1	131	9.1e-26	112.8
BCW-200570_00043	gnl|TC-DB|P72958|2.A.47.4.1	29.2	620	394	10	13	615	15	606	3.6e-61	232.6
BCW-200570_00057	gnl|TC-DB|P22610|3.A.15.2.1	51.7	290	130	4	3	287	6	290	1.9e-76	282.3
BCW-200570_00058	gnl|TC-DB|P22609|3.A.15.2.1	54.8	376	165	3	46	419	2	374	1.1e-109	393.3
BCW-200570_00059	gnl|TC-DB|P04739|3.A.15.2.1	41.0	117	67	1	1	115	1	117	4.1e-12	67.4
BCW-200570_00060	gnl|TC-DB|P22608|3.A.15.2.1	53.7	570	253	5	10	576	5	566	7.8e-167	583.6
BCW-200570_00061	gnl|TC-DB|Q9KN48|3.A.23.1.1	38.0	353	198	5	120	454	176	525	1.6e-53	206.8
BCW-200570_00067	gnl|TC-DB|P0AC02|1.B.33.1.3	34.9	232	148	2	21	252	13	241	1.6e-38	156.4
BCW-200570_00074	gnl|TC-DB|G0LBU8|1.B.14.6.11	33.2	831	463	21	26	810	192	976	6.6e-103	371.7
BCW-200570_00081	gnl|TC-DB|Q9FI56|3.A.9.1.2	45.3	864	399	11	4	852	96	900	3.5e-203	704.9
BCW-200570_00082	gnl|TC-DB|B3E680|9.B.99.1.6	27.2	232	150	5	29	249	42	265	3.0e-12	68.9
BCW-200570_00087	gnl|TC-DB|P39830|2.A.37.1.5	58.9	560	215	5	1	554	1	551	7.2e-173	603.6
BCW-200570_00088	gnl|TC-DB|G0LBU8|1.B.14.6.11	32.5	825	455	18	31	795	194	976	7.9e-101	364.8
BCW-200570_00089	gnl|TC-DB|Q83XH1|3.A.1.121.4	30.6	546	369	5	1	538	1	544	6.9e-68	255.0
BCW-200570_00102	gnl|TC-DB|P63183|2.A.72.1.1	48.2	600	308	2	40	639	26	622	1.0e-159	560.1
BCW-200570_00105	gnl|TC-DB|P0ABU9|1.A.30.2.2	48.0	221	110	2	37	255	4	221	8.7e-49	190.3
BCW-200570_00106	gnl|TC-DB|Q1D0D2|1.A.30.2.7	40.0	130	72	2	11	140	10	133	2.9e-14	74.7
BCW-200570_00108	gnl|TC-DB|P0A855|2.C.1.2.1	57.5	409	168	4	29	435	25	429	5.4e-43	171.8
BCW-200570_00109	gnl|TC-DB|C6EJJ6|2.C.1.2.1	35.7	171	108	1	1	169	3	173	1.3e-24	109.4
BCW-200570_00116	gnl|TC-DB|D4I357|9.B.97.4.1	27.0	345	220	8	9	345	7	327	5.2e-20	95.1
BCW-200570_00125	gnl|TC-DB|F4ZBX4|1.B.76.1.1	57.0	228	94	2	102	326	196	422	9.8e-74	273.5
BCW-200570_00126	gnl|TC-DB|Q4KCN4|9.B.62.1.5	59.7	598	215	5	7	604	2	573	7.8e-202	699.9
BCW-200570_00128	gnl|TC-DB|Q5EAK4|2.A.16.2.2	29.5	325	192	10	37	333	1391	1706	1.5e-19	94.4
BCW-200570_00144	gnl|TC-DB|M3JA40|1.B.52.2.1	44.4	108	59	1	513	619	297	404	8.1e-14	75.5
BCW-200570_00153	gnl|TC-DB|P76169|2.A.7.26.1	64.1	103	37	0	1	103	2	104	3.3e-34	140.6
BCW-200570_00157	gnl|TC-DB|Q07YH1|2.A.1.14.25	59.1	416	165	4	10	420	1	416	4.2e-141	497.7
BCW-200570_00162	gnl|TC-DB|P0AA53|8.A.21.2.2	66.9	305	100	1	5	309	2	305	7.8e-76	280.4
BCW-200570_00170	gnl|TC-DB|Q6MDZ0|2.A.12.1.18	35.0	408	231	5	22	416	16	402	6.4e-60	228.0
BCW-200570_00176	gnl|TC-DB|G0LBU8|1.B.14.6.11	24.9	586	354	19	29	589	193	717	4.3e-26	116.7
BCW-200570_00180	gnl|TC-DB|Q55487|4.D.2.1.9	49.3	304	152	2	6	308	5	307	1.8e-78	289.3
BCW-200570_00182	gnl|TC-DB|P37645|9.B.121.1.1	30.8	662	416	8	1	620	16	677	1.6e-85	313.5
BCW-200570_00183	gnl|TC-DB|P54176|1.C.113.1.1	48.5	204	105	0	9	212	12	215	6.2e-53	203.8
BCW-200570_00197	gnl|TC-DB|P36554|2.A.1.3.26	48.8	447	221	4	15	456	12	455	3.2e-110	395.2
BCW-200570_00206	gnl|TC-DB|Q9KN48|3.A.23.1.1	45.2	263	127	5	193	446	164	418	9.7e-47	184.5
BCW-200570_00236	gnl|TC-DB|Q46065|2.A.3.1.12	42.3	428	241	2	14	436	8	434	4.2e-83	305.1
BCW-200570_00239	gnl|TC-DB|Q7VW14|2.A.1.2.27	37.8	399	247	1	3	401	4	401	6.5e-59	224.6
BCW-200570_00253	gnl|TC-DB|Q8ZJY5|2.A.114.1.10	67.0	704	205	5	2	683	5	703	5.0e-269	923.3
BCW-200570_00256	gnl|TC-DB|P60844|1.A.8.3.1	67.1	231	69	2	3	233	1	224	1.4e-77	285.8
BCW-200570_00261	gnl|TC-DB|B2GH49|9.B.160.1.10	34.2	161	95	5	125	281	217	370	3.6e-14	76.3
BCW-200570_00287	gnl|TC-DB|Q8GKS5|1.B.12.9.1	25.9	1007	573	34	60	935	112	1076	4.6e-39	159.8
BCW-200570_00298	gnl|TC-DB|Q15HU6|3.A.7.14.2	34.8	141	86	3	222	360	47	183	1.8e-13	73.6
BCW-200570_00311	gnl|TC-DB|Q9HV74|2.A.21.9.1	30.6	396	199	11	22	400	638	974	1.3e-27	120.6
BCW-200570_00318	gnl|TC-DB|F8CVI0|1.B.52.2.2	32.9	140	88	3	91	224	150	289	4.9e-11	65.5
BCW-200570_00325	gnl|TC-DB|Q9SXJ7|3.A.9.1.2	39.0	810	402	12	15	745	131	927	6.1e-151	531.2
BCW-200570_00332	gnl|TC-DB|P46889|3.A.12.1.2	62.9	498	175	2	288	785	840	1327	4.2e-171	598.2
BCW-200570_00334	gnl|TC-DB|Q8XWY0|1.B.46.1.3	34.3	213	132	4	3	210	4	213	6.9e-28	120.6
BCW-200570_00341	gnl|TC-DB|A8GDS8|3.A.1.14.16	33.1	242	151	6	86	324	22	255	1.3e-20	97.1
BCW-200570_00342	gnl|TC-DB|O68878|3.A.1.14.21	46.9	320	163	4	16	329	7	325	7.5e-61	230.7
BCW-200570_00343	gnl|TC-DB|O68877|3.A.1.14.21	46.0	252	131	1	5	251	2	253	2.2e-49	192.2
BCW-200570_00357	gnl|TC-DB|P74477|2.A.49.6.1	32.8	378	219	11	57	417	74	433	2.1e-31	133.3
BCW-200570_00369	gnl|TC-DB|Q81E21|2.A.8.1.14	56.4	479	193	5	1	465	1	477	4.9e-135	477.6
BCW-200570_00370	gnl|TC-DB|Q2M5P4|1.B.14.8.2	24.1	698	458	21	40	731	30	661	5.8e-42	169.1
BCW-200570_00373	gnl|TC-DB|Q93N33|2.A.21.9.2	39.4	1146	635	17	12	1102	12	1152	2.2e-189	659.4
BCW-200570_00376	gnl|TC-DB|P31552|4.C.1.1.6	25.6	504	346	9	44	541	37	517	1.9e-40	163.7
BCW-200570_00408	gnl|TC-DB|M2X3K0|9.B.115.1.1	32.1	196	120	7	66	254	40	229	2.2e-12	69.3
BCW-200570_00417	gnl|TC-DB|Q6PML9|2.A.4.6.1	31.2	301	194	5	6	303	235	525	5.3e-32	134.8
BCW-200570_00430	gnl|TC-DB|P36640|3.A.3.4.1	60.2	881	333	2	40	919	39	902	2.1e-286	981.5
BCW-200570_00431	gnl|TC-DB|P22037|9.B.20.1.1	41.9	198	106	3	19	213	11	202	6.3e-33	137.5
BCW-200570_00439	gnl|TC-DB|Q9HWU4|1.B.11.3.7	39.6	856	484	15	32	874	3	838	3.3e-164	575.5
BCW-200570_00459	gnl|TC-DB|Q9L1B4|2.A.1.3.19	40.9	499	287	5	5	498	6	501	1.6e-83	306.6
BCW-200570_00463	gnl|TC-DB|Q6MNW8|3.A.1.136.2	43.8	413	231	1	3	414	6	418	6.8e-88	320.9
BCW-200570_00464	gnl|TC-DB|O53899|3.A.1.125.2	36.4	228	128	4	1	220	1	219	3.5e-25	111.7
BCW-200570_00467	gnl|TC-DB|Q8EDM8|1.B.14.8.4	24.1	785	478	28	6	733	9	732	3.6e-31	133.3
BCW-200570_00475	gnl|TC-DB|P0C0L7|2.A.1.6.4	52.0	460	214	2	15	468	5	463	5.5e-137	484.2
BCW-200570_00491	gnl|TC-DB|F7STR2|1.B.62.1.7	53.2	538	241	4	44	579	38	566	4.8e-156	547.7
BCW-200570_00493	gnl|TC-DB|Q1D0D2|1.A.30.2.7	35.0	117	76	0	16	132	16	132	3.1e-13	71.2
BCW-200570_00494	gnl|TC-DB|P0ABU9|1.A.30.2.2	31.3	217	139	6	364	580	11	217	1.9e-14	77.4
BCW-200570_00495	gnl|TC-DB|Q9I5N4|1.B.20.3.6	51.9	520	233	3	14	526	35	544	2.0e-148	522.3
BCW-200570_00502	gnl|TC-DB|D0VWY2|3.A.1.7.3	44.6	397	164	14	28	396	3	371	6.5e-72	267.7
BCW-200570_00503	gnl|TC-DB|P15745|3.A.15.1.1	39.3	399	221	2	1	398	1	379	4.3e-63	238.4
BCW-200570_00504	gnl|TC-DB|P15645|3.A.15.1.1	52.6	483	214	5	4	473	9	489	3.1e-137	485.0
BCW-200570_00505	gnl|TC-DB|P35818|1.B.22.1.2	33.4	695	389	14	12	699	24	651	5.5e-86	315.5
BCW-200570_00509	gnl|TC-DB|Q9XD71|3.A.15.3.1	57.0	135	55	2	11	143	3	136	4.3e-37	150.6
BCW-200570_00521	gnl|TC-DB|O30144|3.A.1.6.8	41.8	220	114	3	1	220	1	206	2.2e-40	162.2
BCW-200570_00522	gnl|TC-DB|P0AF01|3.A.1.8.1	51.5	200	95	1	2	199	5	204	5.4e-47	184.1
BCW-200570_00523	gnl|TC-DB|P37329|3.A.1.8.1	33.9	230	141	5	22	244	29	254	2.2e-25	112.5
BCW-200570_00526	gnl|TC-DB|Q93PW1|2.A.1.8.11	61.1	429	166	1	12	439	11	439	8.7e-142	500.0
BCW-200570_00528	gnl|TC-DB|P11350|5.A.3.1.1	53.8	221	102	0	5	225	4	224	1.6e-65	245.7
BCW-200570_00530	gnl|TC-DB|P11349|5.A.3.1.1	73.9	498	128	2	1	496	1	498	6.8e-231	796.2
BCW-200570_00531	gnl|TC-DB|P09152|5.A.3.1.1	69.8	1240	369	6	1	1237	1	1237	0.0e+00	1883.6
BCW-200570_00532	gnl|TC-DB|Q166T6|2.A.1.8.11	55.2	464	202	3	11	472	7	466	3.1e-145	511.5
BCW-200570_00557	gnl|TC-DB|Q8P5Q7|1.B.14.13.1	28.7	805	473	23	1	766	21	763	2.4e-70	263.5
BCW-200570_00561	gnl|TC-DB|Q89SS6|2.A.1.42.2	24.0	492	325	13	476	936	654	1127	2.1e-18	91.7
BCW-200570_00564	gnl|TC-DB|P69451|4.C.1.1.4	25.9	548	357	15	31	541	21	556	7.8e-31	131.7
BCW-200570_00566	gnl|TC-DB|Q5JAK9|2.A.1.2.39	26.8	406	252	13	13	396	8	390	6.5e-11	65.1
BCW-200570_00580	gnl|TC-DB|Q89K67|2.A.55.2.6	70.0	436	129	1	7	442	17	450	2.9e-161	564.7
BCW-200570_00586	gnl|TC-DB|G0LBU8|1.B.14.6.11	35.3	187	109	5	35	211	198	382	4.5e-17	86.7
BCW-200570_00587	gnl|TC-DB|Q4ZLW8|2.A.15.1.3	68.0	656	200	4	11	659	12	664	4.5e-259	890.2
BCW-200570_00593	gnl|TC-DB|P69213|2.A.7.1.9	42.7	103	59	0	12	114	3	105	7.4e-16	79.7
BCW-200570_00596	gnl|TC-DB|Q9HXB2|1.B.14.1.12	40.7	676	388	8	27	693	113	784	2.3e-141	499.2
BCW-200570_00598	gnl|TC-DB|P22037|9.B.20.1.1	39.9	223	131	3	16	237	11	231	1.2e-33	139.8
BCW-200570_00602	gnl|TC-DB|O51841|1.B.6.1.12	48.3	116	56	3	161	273	227	341	5.9e-19	91.3
BCW-200570_00603	gnl|TC-DB|E1WDB9|1.B.40.2.5	41.9	167	93	1	1357	1523	1299	1461	4.5e-28	124.0
BCW-200570_00609	gnl|TC-DB|Q8GD00|9.A.47.1.1	35.1	265	137	7	155	413	180	415	3.4e-32	136.0
BCW-200570_00611	gnl|TC-DB|Q9XC06|3.A.7.15.1	48.4	345	176	1	89	431	59	403	4.6e-90	328.2
BCW-200570_00620	gnl|TC-DB|Q9X4X4|2.A.1.30.1	33.6	536	348	5	12	545	18	547	8.7e-75	277.7
BCW-200570_00638	gnl|TC-DB|G0LBU8|1.B.14.6.11	38.9	175	93	6	23	188	185	354	8.1e-17	85.9
BCW-200570_00647	gnl|TC-DB|P33231|2.A.14.1.1	76.8	552	127	1	1	552	1	551	1.3e-240	828.6
BCW-200570_00655	gnl|TC-DB|A3M582|2.A.1.3.63	26.4	394	284	4	29	416	41	434	2.4e-22	103.2
BCW-200570_00664	gnl|TC-DB|P76103|2.A.46.1.9	51.9	374	180	0	16	389	9	382	3.1e-98	355.1
BCW-200570_00678	gnl|TC-DB|P46482|8.A.1.7.1	38.6	290	175	3	1	289	1	288	2.7e-49	192.2
BCW-200570_00679	gnl|TC-DB|Q9HY88|2.A.6.2.34	34.8	480	290	7	13	484	11	475	2.5e-49	193.0
BCW-200570_00680	gnl|TC-DB|E0LV84|2.A.85.1.4	27.2	679	468	9	7	665	6	678	2.2e-59	226.9
BCW-200570_00682	gnl|TC-DB|Q6MDD6|3.A.7.16.1	26.0	447	251	9	155	592	328	703	3.8e-26	116.3
BCW-200570_00685	gnl|TC-DB|P63386|3.A.1.27.3	49.6	254	127	1	1	253	1	254	3.7e-63	238.0
BCW-200570_00686	gnl|TC-DB|P64606|3.A.1.27.3	45.7	245	133	0	4	248	14	258	1.1e-53	206.5
BCW-200570_00687	gnl|TC-DB|P64604|3.A.1.27.3	36.1	169	98	3	9	172	7	170	4.8e-19	90.9
BCW-200570_00697	gnl|TC-DB|P76249|2.A.76.1.5	39.1	202	122	1	5	205	6	207	7.0e-33	137.1
BCW-200570_00699	gnl|TC-DB|Q8R706|2.A.3.3.22	42.0	476	259	5	3	475	9	470	3.5e-88	322.0
BCW-200570_00704	gnl|TC-DB|P42601|2.A.109.1.7	56.8	308	133	0	1	308	1	308	7.0e-93	337.0
BCW-200570_00711	gnl|TC-DB|P25714|2.A.9.3.1	41.2	473	265	8	82	547	62	528	6.1e-95	344.7
BCW-200570_00723	gnl|TC-DB|Q1D0D2|1.A.30.2.7	39.4	132	73	3	6	134	4	131	2.4e-16	81.6
BCW-200570_00724	gnl|TC-DB|Q1D0D2|1.A.30.2.7	36.2	130	78	2	6	135	7	131	6.9e-13	70.1
BCW-200570_00758	gnl|TC-DB|P76115|1.B.14.9.5	42.4	715	377	16	4	704	5	698	1.1e-149	526.9
BCW-200570_00766	gnl|TC-DB|Q9KN48|3.A.23.1.1	41.0	261	146	4	322	575	198	457	7.8e-40	161.8
BCW-200570_00769	gnl|TC-DB|Q9AAZ6|1.B.14.12.2	26.2	925	564	32	44	920	36	889	1.7e-67	254.2
BCW-200570_00777	gnl|TC-DB|Q8ZKS0|2.A.56.1.5	39.2	424	252	4	6	425	11	432	5.6e-77	284.6
BCW-200570_00789	gnl|TC-DB|Q84HG2|1.B.14.8.6	25.3	598	360	25	35	608	29	563	5.0e-20	96.3
BCW-200570_00793	gnl|TC-DB|O68106|3.A.1.23.8	39.5	228	122	5	12	236	16	230	1.9e-27	119.4
BCW-200570_00799	gnl|TC-DB|D8HIS0|9.B.106.2.2	30.7	323	163	11	63	353	205	498	8.9e-23	105.5
BCW-200570_00827	gnl|TC-DB|P25694|3.A.16.1.2	30.0	217	136	7	113	315	511	725	1.9e-16	83.2
BCW-200570_00853	gnl|TC-DB|P25694|3.A.16.1.2	38.5	179	106	3	262	437	244	421	6.7e-26	115.2
BCW-200570_00869	gnl|TC-DB|P69681|1.A.11.1.1	59.3	413	160	4	67	476	21	428	4.3e-102	368.2
BCW-200570_00879	gnl|TC-DB|Q9KN48|3.A.23.1.1	39.4	335	186	3	149	472	193	521	2.3e-47	186.4
BCW-200570_00893	gnl|TC-DB|Q93GK4|3.A.1.110.1	22.4	402	306	3	18	414	3	403	1.4e-16	84.0
BCW-200570_00896	gnl|TC-DB|Q93GK5|3.A.1.110.1	40.1	673	402	1	4	675	24	696	1.1e-143	506.9
BCW-200570_00904	gnl|TC-DB|B2SKA7|1.B.1.12.1	59.8	194	70	2	6	191	1	194	1.1e-64	242.7
BCW-200570_00913	gnl|TC-DB|A6DJZ4|9.B.145.1.2	35.1	211	129	3	49	253	338	546	4.6e-21	99.0
BCW-200570_00919	gnl|TC-DB|Q93N33|2.A.21.9.2	28.0	243	158	4	687	922	780	1012	3.4e-15	80.9
BCW-200570_00946	gnl|TC-DB|P43531|2.A.1.36.1	44.2	394	220	0	7	400	10	403	3.2e-85	312.0
BCW-200570_00951	gnl|TC-DB|P76330|9.B.34.1.4	36.7	158	91	3	185	335	401	556	3.1e-17	85.9
BCW-200570_00966	gnl|TC-DB|G8WDN4|2.A.76.1.10	70.1	211	62	1	1	211	1	210	8.5e-79	289.7
BCW-200570_00984	gnl|TC-DB|O07488|2.A.53.3.1	63.5	471	172	0	8	478	7	477	9.8e-155	543.1
BCW-200570_01008	gnl|TC-DB|Q52000|2.A.1.6.3	43.4	399	218	3	28	425	22	413	6.4e-84	307.8
BCW-200570_01009	gnl|TC-DB|p0aa70|2.A.7.3.22	44.8	279	150	3	20	297	12	287	7.4e-60	227.3
BCW-200570_01010	gnl|TC-DB|P27844|2.A.7.7.2	41.1	297	174	1	3	299	1	296	4.5e-57	218.0
BCW-200570_01011	gnl|TC-DB|Q1DCQ0|1.B.14.10.2	35.1	134	76	1	38	171	66	188	2.5e-13	74.3
BCW-200570_01014	gnl|TC-DB|O31711|3.A.1.122.2	48.6	222	113	1	4	225	1	221	4.5e-57	217.6
BCW-200570_01016	gnl|TC-DB|Q7AKK4|3.A.1.105.14	38.1	286	166	4	23	298	25	309	2.2e-40	162.5
BCW-200570_01025	gnl|TC-DB|O32095|2.A.86.1.8	27.7	336	215	12	49	368	40	363	6.4e-13	71.6
BCW-200570_01032	gnl|TC-DB|P0AAQ6|3.A.5.1.1	56.9	116	50	0	1	116	1	116	3.6e-34	140.6
BCW-200570_01033	gnl|TC-DB|B2SKA7|1.B.1.12.1	50.5	194	88	2	5	190	1	194	9.8e-50	193.0
BCW-200570_01036	gnl|TC-DB|Q0C3J5|1.B.71.1.4	41.4	116	66	2	55	169	6	120	1.3e-13	73.6
BCW-200570_01037	gnl|TC-DB|P76628|2.A.1.36.3	55.0	391	165	2	8	398	6	385	1.2e-108	389.8
BCW-200570_01051	gnl|TC-DB|Q1M607|3.A.3.7.2	45.6	182	94	3	31	210	6	184	4.4e-30	127.9
BCW-200570_01052	gnl|TC-DB|P03960|3.A.3.7.1	59.6	675	260	4	18	682	7	678	5.6e-204	707.2
BCW-200570_01053	gnl|TC-DB|P03959|3.A.3.7.1	36.7	570	332	8	4	565	9	557	3.7e-92	335.5
BCW-200570_01058	gnl|TC-DB|G3XCT7|2.A.1.25.5	31.2	586	236	9	11	433	4	585	4.8e-60	228.4
BCW-200570_01074	gnl|TC-DB|O35002|9.B.174.1.1	33.3	360	216	8	22	374	34	376	6.9e-47	184.9
BCW-200570_01075	gnl|TC-DB|E1PBX5|9.B.104.1.4	46.2	91	45	3	62	149	56	145	3.4e-12	68.6
BCW-200570_01076	gnl|TC-DB|P43838|1.B.9.1.4	28.4	437	271	10	15	439	9	415	9.4e-33	137.9
BCW-200570_01077	gnl|TC-DB|P24520|4.B.1.1.1	28.9	201	117	3	10	184	25	225	9.5e-19	90.1
BCW-200570_01081	gnl|TC-DB|P08306|3.D.4.6.1	41.4	215	119	3	61	274	68	276	6.0e-44	174.5
BCW-200570_01082	gnl|TC-DB|P98002|3.D.4.6.1	52.3	556	239	6	1	530	1	556	1.1e-159	559.7
BCW-200570_01085	gnl|TC-DB|P00415|3.D.4.7.1	39.0	282	141	5	9	289	6	257	1.3e-48	189.9
BCW-200570_01091	gnl|TC-DB|P39836|2.A.28.3.4	55.7	314	132	3	11	321	8	317	3.8e-86	314.7
BCW-200570_01094	gnl|TC-DB|B8HSD7|9.B.126.2.6	34.2	272	168	3	26	286	2	273	1.2e-36	150.2
BCW-200570_01100	gnl|TC-DB|P0AAT4|1.A.23.4.5	47.4	310	156	3	110	415	105	411	2.9e-78	288.9
BCW-200570_01104	gnl|TC-DB|D0J5W3|9.B.44.1.2	63.8	138	48	1	7	142	24	161	9.8e-45	176.0
BCW-200570_01112	gnl|TC-DB|B2FKT9|1.B.14.6.4	44.2	1027	525	21	1	999	1	1007	4.7e-228	787.7
BCW-200570_01166	gnl|TC-DB|Q1LRZ2|2.A.4.3.9	64.7	337	104	3	1	323	28	363	4.8e-89	324.3
BCW-200570_01169	gnl|TC-DB|P94400|9.B.10.1.1	44.0	436	197	8	9	440	2	394	2.8e-92	335.5
BCW-200570_01170	gnl|TC-DB|Q60248|3.A.1.120.4	28.6	548	336	17	1	512	1	529	1.5e-34	144.1
BCW-200570_01173	gnl|TC-DB|Q8NLD6|2.A.1.2.87	27.7	382	266	5	17	390	10	389	3.0e-24	109.4
BCW-200570_01175	gnl|TC-DB|P0AAE0|2.A.3.1.7	69.9	449	134	1	3	451	11	458	7.5e-181	629.8
BCW-200570_01184	gnl|TC-DB|P0AAQ6|3.A.5.1.1	43.6	117	65	1	1	117	1	116	1.5e-24	108.6
BCW-200570_01202	gnl|TC-DB|P32703|2.A.36.3.1	41.3	547	312	6	1	543	1	542	3.0e-99	359.0
BCW-200570_01207	gnl|TC-DB|P0AF06|1.A.30.1.1	43.8	288	141	5	3	286	4	274	5.7e-55	211.1
BCW-200570_01208	gnl|TC-DB|P09348|1.A.30.1.1	46.8	284	151	0	1	284	1	284	7.5e-70	260.4
BCW-200570_01230	gnl|TC-DB|P06129|1.B.14.3.1	33.2	605	362	15	30	610	26	612	5.7e-75	278.5
BCW-200570_01237	gnl|TC-DB|P9WG63|5.A.1.2.9	33.5	626	332	15	1	587	115	695	5.1e-73	271.9
BCW-200570_01247	gnl|TC-DB|O00571|1.I.1.1.3	43.9	380	198	4	2	366	181	560	2.3e-76	282.7
BCW-200570_01253	gnl|TC-DB|Q51532|3.A.15.2.1	51.0	359	175	1	1	358	1	359	3.4e-102	368.2
BCW-200570_01261	gnl|TC-DB|Q9I3V8|3.A.1.103.6	41.0	354	174	4	17	368	13	333	1.2e-69	260.4
BCW-200570_01262	gnl|TC-DB|B3EBP1|4.D.1.3.3	25.5	326	209	8	501	800	18	335	1.6e-27	121.7
BCW-200570_01272	gnl|TC-DB|Q55487|4.D.2.1.9	29.0	303	205	4	13	309	5	303	6.6e-35	144.4
BCW-200570_01286	gnl|TC-DB|A4PCH9|3.A.1.27.1	27.6	312	211	3	1	298	1	311	1.4e-26	116.7
BCW-200570_01287	gnl|TC-DB|A4PCH8|3.A.1.27.1	64.0	261	93	1	8	267	10	270	5.3e-89	323.9
BCW-200570_01288	gnl|TC-DB|A4PCH7|3.A.1.27.1	41.8	292	165	2	82	370	26	315	7.2e-57	217.6
BCW-200570_01289	gnl|TC-DB|Q1DBY8|2.A.79.1.2	33.9	401	259	3	19	419	21	415	2.7e-44	176.0
BCW-200570_01296	gnl|TC-DB|L0LHM3|2.A.7.31.3	49.8	277	134	3	1	272	1	277	3.0e-60	228.4
BCW-200570_01316	gnl|TC-DB|Q8F3M7|3.A.15.4.1	42.4	557	312	6	18	570	6	557	3.3e-117	418.7
BCW-200570_01317	gnl|TC-DB|Q8VRL3|3.A.11.1.3	34.5	406	262	3	1	405	36	438	2.2e-51	199.5
BCW-200570_01326	gnl|TC-DB|Q9AGM8|3.A.15.3.1	25.2	651	447	13	76	717	59	678	7.2e-24	109.0
BCW-200570_01342	gnl|TC-DB|P31466|2.A.40.7.6	52.1	432	200	1	3	434	14	438	5.8e-114	407.5
BCW-200570_01344	gnl|TC-DB|P43672|3.A.1.120.6	33.3	513	333	4	22	530	18	525	9.4e-77	284.3
BCW-200570_01363	gnl|TC-DB|Q9HWU4|1.B.11.3.7	38.0	793	447	19	47	797	29	818	4.5e-131	465.3
BCW-200570_01368	gnl|TC-DB|Q9Z625|1.B.12.1.3	32.4	527	264	15	321	767	439	953	5.9e-53	205.7
BCW-200570_01370	gnl|TC-DB|Q8X6C1|1.B.12.1.6	30.3	574	348	11	258	794	789	1347	5.7e-51	199.1
BCW-200570_01371	gnl|TC-DB|Q9Z625|1.B.12.1.3	29.6	639	366	12	513	1076	326	955	9.8e-54	208.8
BCW-200570_01385	gnl|TC-DB|P0A6W3|9.B.146.1.6	60.7	361	141	1	1	361	1	360	3.8e-119	424.5
BCW-200570_01386	gnl|TC-DB|P0ABG4|2.A.103.1.1	43.4	373	204	3	18	386	44	413	4.7e-79	291.6
BCW-200570_01396	gnl|TC-DB|P10408|3.A.5.1.1	61.6	909	335	5	1	904	1	900	0.0e+00	1077.0
BCW-200570_01418	gnl|TC-DB|Q9S3J9|2.A.1.2.18	32.1	380	258	0	9	388	3	382	5.5e-39	158.3
BCW-200570_01420	gnl|TC-DB|Q9KPL5|2.A.41.2.11	44.9	428	212	6	12	431	7	418	1.1e-93	340.1
BCW-200570_01421	gnl|TC-DB|P63144|8.A.5.1.3	40.3	310	182	1	1	310	71	377	2.0e-71	265.8
BCW-200570_01423	gnl|TC-DB|Q92N43|1.B.14.2.7	29.8	689	443	14	56	724	72	739	5.6e-69	258.8
BCW-200570_01426	gnl|TC-DB|B0RV55|2.A.7.34.2	85.5	117	17	0	1	117	1	117	1.1e-54	208.8
BCW-200570_01427	gnl|TC-DB|P77504|3.A.1.122.15	34.1	820	499	14	13	825	8	793	2.3e-95	346.7
BCW-200570_01428	gnl|TC-DB|P0A9T8|3.A.1.122.15	57.8	206	84	1	5	207	20	225	1.1e-57	219.5
BCW-200570_01434	gnl|TC-DB|L5DDD7|2.A.109.2.3	43.7	231	129	1	3	233	370	599	4.4e-50	194.5
BCW-200570_01435	gnl|TC-DB|P77389|2.A.1.2.65	61.6	375	144	0	7	381	7	381	3.3e-121	431.4
BCW-200570_01450	gnl|TC-DB|P31554|1.B.42.1.2	28.4	790	485	19	79	831	35	780	3.6e-83	306.2
BCW-200570_01471	gnl|TC-DB|P42670|2.A.1.3.11	37.2	368	222	7	9	371	26	389	8.7e-47	184.5
BCW-200570_01478	gnl|TC-DB|Q72GR8|3.D.2.2.2	51.3	345	167	1	9	352	8	352	1.1e-86	316.6
BCW-200570_01482	gnl|TC-DB|Q72GR9|3.D.2.2.2	71.1	90	26	0	7	96	8	97	1.3e-30	128.6
BCW-200570_01483	gnl|TC-DB|Q72GS0|3.D.2.2.2	55.1	472	187	4	12	482	3	450	1.6e-128	456.1
BCW-200570_01491	gnl|TC-DB|P0A8K8|9.B.126.2.1	33.1	278	171	3	12	282	7	276	6.6e-38	154.8
BCW-200570_01498	gnl|TC-DB|G7US21|1.B.46.1.5	50.0	212	99	5	7	218	7	211	5.8e-46	180.6
BCW-200570_01506	gnl|TC-DB|Q8X6C1|1.B.12.1.6	39.3	494	281	8	632	1110	860	1349	8.5e-61	232.3
BCW-200570_01510	gnl|TC-DB|Q93N33|2.A.21.9.2	28.5	316	193	9	419	709	751	1058	2.1e-20	97.8
BCW-200570_01511	gnl|TC-DB|G0LBU8|1.B.14.6.11	38.0	171	94	6	33	195	197	363	2.4e-16	84.3
BCW-200570_01522	gnl|TC-DB|Q1D0D2|1.A.30.2.7	32.5	123	79	2	12	134	13	131	4.9e-11	63.9
BCW-200570_01526	gnl|TC-DB|P16869|1.B.14.1.1	43.9	726	376	8	10	711	11	729	1.3e-174	609.8
BCW-200570_01529	gnl|TC-DB|P0AA67|2.A.7.3.6	48.5	274	140	1	2	274	12	285	8.5e-66	246.9
BCW-200570_01537	gnl|TC-DB|Q9P6J2|2.A.89.3.8	51.7	230	111	0	5	234	7	236	8.4e-51	196.8
BCW-200570_01550	gnl|TC-DB|P0AAP1|9.B.34.1.2	36.8	242	133	5	243	466	132	371	1.5e-30	130.6
BCW-200570_01553	gnl|TC-DB|Q9RQ29|2.A.1.3.20	23.5	486	340	11	3	466	20	495	2.7e-19	93.2
BCW-200570_01554	gnl|TC-DB|Q9RQ30|8.A.1.1.2	30.6	304	199	4	37	338	61	354	7.4e-22	101.3
BCW-200570_01555	gnl|TC-DB|Q8ZRH0|2.A.6.2.25	31.9	467	308	5	9	469	32	494	1.5e-46	183.7
BCW-200570_01562	gnl|TC-DB|P09489|1.B.12.5.1	26.3	1173	636	30	99	1209	40	1045	6.0e-84	309.3
BCW-200570_01574	gnl|TC-DB|P42308|2.A.11.1.2	60.7	440	159	2	2	441	1	426	6.2e-148	520.4
BCW-200570_01580	gnl|TC-DB|Q93N33|2.A.21.9.2	42.3	529	281	6	366	877	632	1153	2.5e-108	389.8
BCW-200570_01582	gnl|TC-DB|Q01857|2.A.23.1.3	71.5	417	119	0	15	431	17	433	1.5e-160	562.4
BCW-200570_01593	gnl|TC-DB|Q9HUJ1|2.A.6.2.27	34.9	464	271	8	1	443	1	454	4.4e-56	215.3
BCW-200570_01596	gnl|TC-DB|Q9I6X5|2.A.6.2.27	33.3	354	229	4	1	352	1	349	1.3e-21	100.5
BCW-200570_01597	gnl|TC-DB|Q9HXW4|2.A.6.2.17	69.3	1050	295	3	4	1053	3	1025	0.0e+00	1414.8
BCW-200570_01614	gnl|TC-DB|P54417|2.A.15.1.1	44.4	496	270	3	2	495	8	499	9.5e-111	397.1
BCW-200570_01616	gnl|TC-DB|K6KRX2|1.A.1.28.6	43.0	207	116	2	17	221	15	221	6.1e-35	144.1
BCW-200570_01619	gnl|TC-DB|Q1DCQ0|1.B.14.10.2	32.7	162	91	2	20	174	38	188	5.7e-13	73.2
BCW-200570_01629	gnl|TC-DB|P0ABU7|1.A.30.2.1	55.5	229	97	3	15	240	10	236	7.1e-53	203.8
BCW-200570_01630	gnl|TC-DB|P0ABV2|1.A.30.2.1	52.6	137	64	1	1	137	1	136	5.1e-27	117.1
BCW-200570_01631	gnl|TC-DB|Q79AD1|2.C.1.1.2	33.9	248	143	6	7	237	17	260	5.4e-13	71.2
BCW-200570_01632	gnl|TC-DB|O68460|3.A.10.2.1	56.9	692	271	5	11	675	9	700	1.4e-178	622.9
BCW-200570_01644	gnl|TC-DB|Q1D027|1.A.1.24.3	53.8	266	118	1	30	295	12	272	3.3e-63	238.4
BCW-200570_01682	gnl|TC-DB|P25733|1.B.11.4.1	26.5	899	606	20	10	893	8	866	2.2e-78	290.4
BCW-200570_01689	gnl|TC-DB|Q8VRL8|3.A.11.1.3	29.3	365	228	7	12	352	16	374	1.8e-28	123.2
BCW-200570_01693	gnl|TC-DB|P34750|1.B.22.2.1	35.0	592	332	7	64	654	166	705	5.9e-94	341.7
BCW-200570_01718	gnl|TC-DB|P0AGA2|3.A.5.1.1	58.8	439	172	3	11	449	14	443	3.5e-138	488.0
BCW-200570_01727	gnl|TC-DB|Q9S2Y1|1.A.23.7.1	40.5	299	172	4	82	376	82	378	1.1e-52	203.8
BCW-200570_01728	gnl|TC-DB|Q9MUK5|3.A.9.1.1	42.6	115	61	1	148	262	97	206	1.9e-13	73.9
BCW-200570_01731	gnl|TC-DB|F4K2G0|3.D.1.8.1	55.1	127	49	5	12	130	103	229	2.4e-28	121.7
BCW-200570_01734	gnl|TC-DB|Q42524|4.C.1.1.7	23.8	530	347	14	85	598	67	555	4.7e-24	109.4
BCW-200570_01740	gnl|TC-DB|C7NLF6|2.A.115.2.6	49.7	179	90	0	5	183	35	213	7.7e-43	170.2
BCW-200570_01743	gnl|TC-DB|P13794|1.B.6.1.2	34.2	278	151	9	91	361	94	346	7.4e-30	127.9
BCW-200570_01748	gnl|TC-DB|Q0C3J5|1.B.71.1.4	28.8	229	150	6	1	227	1	218	3.1e-18	88.6
BCW-200570_01762	gnl|TC-DB|G0LBU8|1.B.14.6.11	37.4	171	82	8	36	189	195	357	8.6e-17	85.9
BCW-200570_01763	gnl|TC-DB|G0LBU8|1.B.14.6.11	34.1	173	89	6	35	190	193	357	1.3e-15	82.0
BCW-200570_01807	gnl|TC-DB|P69937|2.A.7.1.4	60.6	104	41	0	1	104	1	104	2.4e-29	124.4
BCW-200570_01829	gnl|TC-DB|O80800|3.D.1.6.3	48.7	78	40	0	2	79	48	125	1.5e-12	68.2
BCW-200570_01869	gnl|TC-DB|Q01674|1.B.14.1.17	23.7	731	497	22	11	709	9	710	6.7e-43	172.2
BCW-200570_01871	gnl|TC-DB|F2WVP9|2.A.1.60.3	92.6	376	28	0	1	376	1	376	3.9e-183	637.1
BCW-200570_01877	gnl|TC-DB|P96668|2.A.7.3.24	61.7	287	110	0	16	302	1	287	1.8e-93	339.0
BCW-200570_01880	gnl|TC-DB|Q82VI7|1.B.14.1.10	36.5	691	408	14	31	697	141	824	1.3e-107	387.1
BCW-200570_01881	gnl|TC-DB|Q93N33|2.A.21.9.2	27.5	255	166	7	209	453	763	1008	2.3e-12	70.1
BCW-200570_01883	gnl|TC-DB|Q67GM1|2.A.6.2.4	46.1	360	193	1	24	383	14	372	9.6e-84	307.0
BCW-200570_01884	gnl|TC-DB|Q8GKU1|2.A.6.2.4	68.2	1027	325	2	1	1026	1	1026	0.0e+00	1312.0
BCW-200570_01895	gnl|TC-DB|P24559|3.A.15.2.1	79.1	339	71	0	1	339	1	339	3.8e-153	537.3
BCW-200570_01896	gnl|TC-DB|Q51532|3.A.15.2.1	66.9	369	122	0	8	376	1	369	7.0e-148	520.0
BCW-200570_01897	gnl|TC-DB|P63144|8.A.5.1.3	30.4	326	203	10	1	310	71	388	1.8e-27	119.8
BCW-200570_01900	gnl|TC-DB|Q2KCS0|2.A.115.1.3	47.5	200	105	0	36	235	11	210	3.9e-48	188.0
BCW-200570_01902	gnl|TC-DB|P45804|9.B.65.1.1	29.2	589	377	14	7	584	6	565	3.0e-52	203.0
BCW-200570_01909	gnl|TC-DB|O34442|1.A.26.1.3	29.0	321	228	0	128	448	125	445	2.5e-43	172.9
BCW-200570_01910	gnl|TC-DB|P08839|8.A.7.1.1	35.6	554	355	2	18	570	1	553	3.3e-88	322.4
BCW-200570_01911	gnl|TC-DB|H1XXZ0|8.A.8.1.5	43.2	88	50	0	1	88	1	88	7.4e-16	79.3
BCW-200570_01918	gnl|TC-DB|P0A9V1|1.B.42.1.2	59.2	238	97	0	2	239	4	241	1.2e-81	299.3
BCW-200570_01934	gnl|TC-DB|C9VRY8|2.A.86.1.5	35.6	354	215	4	13	360	42	388	1.4e-39	160.2
BCW-200570_01949	gnl|TC-DB|P17315|1.B.14.1.4	30.1	772	394	20	42	806	31	663	7.0e-81	298.5
BCW-200570_01953	gnl|TC-DB|P81549|1.B.14.1.16	37.7	763	422	16	20	760	12	743	8.0e-135	477.6
BCW-200570_01962	gnl|TC-DB|Q9HU32|3.A.1.3.23	25.8	248	157	6	2	235	8	242	1.9e-16	82.8
BCW-200570_01981	gnl|TC-DB|Q05839|8.A.9.1.1	33.1	502	300	14	6	491	109	590	1.6e-76	283.5
BCW-200570_01983	gnl|TC-DB|Q9A608|1.B.14.12.1	36.6	912	514	17	40	919	42	921	2.7e-153	539.3
BCW-200570_01986	gnl|TC-DB|Q8EEC4|2.A.2.6.3	60.0	495	186	4	6	488	26	520	4.2e-161	564.3
BCW-200570_01991	gnl|TC-DB|K1L960|3.A.1.145.3	38.0	1200	729	10	2	1194	1	1192	1.6e-230	796.2
BCW-200570_01992	gnl|TC-DB|D6TT54|3.A.1.148.3	42.8	299	165	2	2	300	3	295	1.1e-60	229.9
BCW-200570_01995	gnl|TC-DB|Q9HV74|2.A.21.9.1	31.6	225	136	7	308	529	748	957	7.2e-18	89.0
BCW-200570_02007	gnl|TC-DB|P76417|2.A.1.10.4	40.6	401	223	5	6	394	5	402	2.8e-78	288.9
BCW-200570_02011	gnl|TC-DB|Q8EJD3|2.A.59.1.3	55.6	338	150	0	7	344	1	338	2.3e-97	352.1
BCW-200570_02015	gnl|TC-DB|D4ZZR3|9.B.34.1.3	35.6	177	110	2	177	349	220	396	7.1e-22	101.3
BCW-200570_02018	gnl|TC-DB|D4ZZR3|9.B.34.1.3	41.4	169	91	3	408	570	227	393	6.1e-26	115.5
BCW-200570_02026	gnl|TC-DB|L5DDD7|2.A.109.2.3	50.5	515	245	5	1	506	370	883	2.2e-128	455.7
BCW-200570_02035	gnl|TC-DB|P9WG63|5.A.1.2.9	43.8	153	83	1	29	178	389	541	7.7e-36	146.7
BCW-200570_02039	gnl|TC-DB|P0C0L7|2.A.1.6.4	31.4	421	274	7	6	413	24	442	4.7e-44	175.3
BCW-200570_02043	gnl|TC-DB|C6B3K0|2.A.101.1.2	56.9	448	176	3	11	453	11	446	1.1e-128	456.4
BCW-200570_02048	gnl|TC-DB|O06926|3.B.1.1.4	38.4	310	171	4	2	294	5	311	8.8e-53	203.8
BCW-200570_02050	gnl|TC-DB|O06924|3.B.1.1.4	61.9	548	204	2	5	547	7	554	1.4e-202	702.2
BCW-200570_02052	gnl|TC-DB|P25184|1.B.14.1.14	33.8	689	415	11	58	732	158	819	1.2e-98	357.5
BCW-200570_02057	gnl|TC-DB|B5U2Z3|2.A.75.1.4	35.6	191	122	1	16	205	8	198	4.0e-28	121.3
BCW-200570_02060	gnl|TC-DB|Q5KYD1|2.A.17.1.7	31.5	590	293	13	3	584	10	496	1.5e-64	243.8
BCW-200570_02061	gnl|TC-DB|V5FN92|9.B.169.1.12	48.5	379	187	6	7	382	19	392	1.8e-87	319.3
BCW-200570_02062	gnl|TC-DB|O58099|2.A.67.4.2	45.7	589	280	11	61	644	67	620	3.3e-121	432.2
BCW-200570_02096	gnl|TC-DB|D0WY71|2.A.66.4.5	42.6	540	274	7	1	532	5	516	4.0e-109	391.7
BCW-200570_02107	gnl|TC-DB|Q1CZJ4|1.B.14.10.3	37.3	193	85	8	147	324	40	211	2.9e-14	77.4
BCW-200570_02119	gnl|TC-DB|P0ABJ1|3.D.4.5.1	49.7	290	137	6	5	292	8	290	1.9e-75	279.3
BCW-200570_02120	gnl|TC-DB|P0ABI8|3.D.4.5.1	70.9	659	191	1	1	658	1	659	1.1e-289	991.9
BCW-200570_02121	gnl|TC-DB|P0ABJ3|3.D.4.5.1	61.8	212	73	2	1	212	1	204	8.3e-74	273.1
BCW-200570_02122	gnl|TC-DB|P0ABJ6|3.D.4.5.1	50.9	108	51	1	5	112	2	107	8.5e-25	109.4
BCW-200570_02123	gnl|TC-DB|P76330|9.B.34.1.4	37.7	159	96	2	263	418	398	556	5.9e-20	95.9
BCW-200570_02126	gnl|TC-DB|A6V120|9.B.14.3.5	40.3	258	149	4	5	259	8	263	2.5e-35	145.6
BCW-200570_02127	gnl|TC-DB|P0AGD7|3.A.5.1.1	60.6	426	167	1	1	426	1	425	3.4e-133	471.5
BCW-200570_02138	gnl|TC-DB|O34474|2.A.66.1.25	39.7	443	263	3	13	453	18	458	1.1e-79	293.9
BCW-200570_02146	gnl|TC-DB|Q9JY22|1.B.20.1.5	40.1	566	311	7	16	562	24	580	3.4e-114	408.7
BCW-200570_02147	gnl|TC-DB|917745143|1.C.75.1.2	31.1	3644	1829	80	5	3446	6	3168	1.8e-78	292.7
BCW-200570_02150	gnl|TC-DB|M3JA40|1.B.52.2.1	61.4	57	22	0	527	583	280	336	2.4e-11	67.4
BCW-200570_02158	gnl|TC-DB|P64711|2.A.75.1.3	53.5	187	84	2	16	202	4	187	7.6e-40	160.2
BCW-200570_02167	gnl|TC-DB|A9BQS6|2.A.7.37.1	62.6	123	46	0	1	123	1	123	4.4e-41	163.7
BCW-200570_02174	gnl|TC-DB|A8GHT9|2.A.1.36.2	41.0	385	218	3	4	382	16	397	5.7e-60	228.0
BCW-200570_02175	gnl|TC-DB|P76330|9.B.34.1.4	41.3	167	96	1	295	459	398	564	3.6e-29	125.9
BCW-200570_02176	gnl|TC-DB|Q05098|1.B.14.1.5	51.6	729	314	13	37	748	40	746	1.7e-201	699.1
BCW-200570_02177	gnl|TC-DB|P13512|2.A.4.1.1	52.9	293	134	2	2	293	4	293	2.6e-79	292.0
BCW-200570_02182	gnl|TC-DB|A3QE50|8.A.59.4.2	37.5	184	102	3	20	190	205	388	2.5e-27	118.6
BCW-200570_02195	gnl|TC-DB|Q9RQ30|8.A.1.1.2	34.0	306	191	5	79	382	61	357	5.3e-26	115.2
BCW-200570_02199	gnl|TC-DB|Q9JZN9|1.B.14.2.9	26.5	735	439	17	64	732	59	758	1.0e-62	238.0
BCW-200570_02210	gnl|TC-DB|O00571|1.I.1.1.3	39.8	352	184	7	11	337	182	530	1.7e-61	233.8
BCW-200570_02211	gnl|TC-DB|P76330|9.B.34.1.4	34.6	185	117	3	344	525	375	558	1.5e-19	94.7
BCW-200570_02213	gnl|TC-DB|P76330|9.B.34.1.4	31.8	192	125	3	356	543	370	559	1.1e-19	94.7
BCW-200570_02215	gnl|TC-DB|D4ZZR3|9.B.34.1.3	37.4	179	103	3	182	352	216	393	2.5e-22	102.8
BCW-200570_02222	gnl|TC-DB|Q02592|3.A.1.210.2	33.6	568	348	11	59	609	273	828	2.0e-67	253.4
BCW-200570_02231	gnl|TC-DB|A2P528|2.A.7.3.9	36.3	273	162	6	16	281	7	274	6.7e-34	141.0
BCW-200570_02246	gnl|TC-DB|P0A943|1.B.33.1.3	36.2	824	453	12	12	784	6	807	1.1e-144	510.4
BCW-200570_02253	gnl|TC-DB|D4ZZR3|9.B.34.1.3	41.4	169	96	2	323	490	227	393	1.9e-23	107.1
BCW-200570_02259	gnl|TC-DB|Q6XBY3|1.B.11.6.1	29.2	726	470	18	49	746	89	798	3.9e-68	256.1
BCW-200570_02269	gnl|TC-DB|Q9M353|2.A.37.4.8	36.2	434	254	8	40	455	5	433	3.8e-55	212.2
BCW-200570_02275	gnl|TC-DB|A6XV56|1.B.17.3.6	37.4	422	264	0	62	483	63	484	3.3e-65	245.7
BCW-200570_02276	gnl|TC-DB|P27303|8.A.1.1.1	42.5	348	200	0	37	384	41	388	1.0e-72	270.4
BCW-200570_02277	gnl|TC-DB|P0AEJ0|2.A.1.3.2	49.3	495	246	3	29	519	12	505	1.6e-137	486.1
BCW-200570_02286	gnl|TC-DB|Q24LT6|2.A.6.2.29	31.1	479	288	11	14	476	10	462	1.6e-43	173.7
BCW-200570_02287	gnl|TC-DB|P75831|3.A.1.122.1	56.6	650	279	2	4	652	1	648	1.0e-194	676.4
BCW-200570_02288	gnl|TC-DB|Q84BQ3|3.A.1.122.12	47.6	355	179	3	30	383	4	352	4.4e-55	211.8
BCW-200570_02291	gnl|TC-DB|D4ZZR3|9.B.34.1.3	40.8	169	94	2	842	1006	230	396	8.9e-25	112.5
BCW-200570_02299	gnl|TC-DB|P0AAH0|3.A.1.7.1	66.5	251	84	0	26	276	7	257	6.3e-98	353.6
BCW-200570_02300	gnl|TC-DB|P07654|3.A.1.7.1	51.8	284	135	2	1	283	12	294	6.4e-77	283.9
BCW-200570_02301	gnl|TC-DB|P0AGH8|3.A.1.7.1	50.7	304	148	2	20	321	14	317	1.3e-81	299.7
BCW-200570_02302	gnl|TC-DB|P0AG82|3.A.1.7.1	52.2	314	148	1	49	362	27	338	8.8e-92	333.6
BCW-200570_02303	gnl|TC-DB|P0AG82|3.A.1.7.1	52.7	330	152	2	9	338	13	338	4.9e-92	334.3
BCW-200570_02311	gnl|TC-DB|A0LFK9|9.B.102.4.1	29.8	252	156	10	57	298	405	645	2.3e-13	72.8
BCW-200570_02318	gnl|TC-DB|P48632|1.B.14.1.6	37.0	729	414	15	25	740	117	813	3.7e-121	432.2
BCW-200570_02324	gnl|TC-DB|P37643|2.A.1.6.10	59.5	415	163	2	10	419	16	430	6.4e-134	473.8
BCW-200570_02326	gnl|TC-DB|D4ZZR3|9.B.34.1.3	42.2	166	92	2	268	430	229	393	3.7e-23	105.9
BCW-200570_02332	gnl|TC-DB|P31133|3.A.1.11.2	51.4	362	173	3	9	369	11	370	1.8e-108	389.0
BCW-200570_02334	gnl|TC-DB|P31134|3.A.1.11.2	59.9	357	143	0	21	377	20	376	7.8e-115	410.2
BCW-200570_02335	gnl|TC-DB|P31135|3.A.1.11.2	53.3	304	130	2	5	303	15	311	3.0e-88	321.6
BCW-200570_02336	gnl|TC-DB|P0AFL1|3.A.1.11.2	59.9	252	100	1	27	277	29	280	6.9e-76	280.4
BCW-200570_02338	gnl|TC-DB|O50455|1.A.35.3.5	37.5	304	181	2	49	344	64	366	1.9e-59	226.1
BCW-200570_02340	gnl|TC-DB|P0A2L3|9.A.40.1.2	46.7	285	147	3	1	284	1	281	2.8e-64	241.9
BCW-200570_02347	gnl|TC-DB|Q4VWC9|3.A.1.105.4	50.0	220	110	0	1	220	342	561	9.9e-60	226.9
BCW-200570_02348	gnl|TC-DB|C6EIY9|3.A.1.105.15	32.4	380	239	6	1	370	6	377	1.0e-39	160.6
BCW-200570_02353	gnl|TC-DB|P05417|3.D.3.1.1	35.3	187	109	6	14	199	15	190	9.1e-25	110.2
BCW-200570_02354	gnl|TC-DB|P05418|3.D.3.1.1	44.0	425	206	8	10	415	13	424	6.4e-94	340.9
BCW-200570_02356	gnl|TC-DB|P0ACA3|1.A.12.3.1	48.1	208	107	1	1	207	1	208	3.6e-53	204.5
BCW-200570_02367	gnl|TC-DB|P38370|1.B.14.6.3	25.8	423	256	14	3	403	2	388	3.3e-17	87.4
BCW-200570_02373	gnl|TC-DB|Q9HVM8|9.A.21.1.2	25.6	1192	672	53	165	1241	67	1158	4.6e-55	213.4
BCW-200570_02386	gnl|TC-DB|P37681|9.B.99.1.1	28.3	233	163	1	10	242	5	233	6.2e-23	104.4
BCW-200570_02389	gnl|TC-DB|P39695|3.A.11.1.1	22.8	696	454	19	116	757	85	751	1.2e-24	111.7
BCW-200570_02390	gnl|TC-DB|Q8F192|1.A.30.2.9	33.3	198	119	2	3	193	67	258	4.1e-23	104.8
BCW-200570_02392	gnl|TC-DB|P60752|3.A.1.106.1	39.2	571	345	1	9	577	10	580	2.6e-109	392.5
BCW-200570_02398	gnl|TC-DB|K0WKG7|4.F.1.1.8	55.7	192	74	3	3	193	1	182	3.1e-49	191.4
BCW-200570_02403	gnl|TC-DB|Q24LT6|2.A.6.2.29	26.1	448	310	8	34	466	21	462	9.4e-25	111.3
BCW-200570_02405	gnl|TC-DB|P75831|3.A.1.122.1	40.1	222	132	1	7	228	1	221	6.0e-44	174.1
BCW-200570_02419	gnl|TC-DB|O07591|1.A.43.1.2	43.1	123	58	5	7	124	4	119	2.0e-14	75.1
BCW-200570_02441	gnl|TC-DB|P37908|9.A.40.2.4	27.4	405	267	7	19	416	22	406	2.4e-35	146.4
BCW-200570_02443	gnl|TC-DB|P59950|2.A.20.1.3	41.3	356	168	5	2	357	5	319	6.2e-64	241.1
BCW-200570_02461	gnl|TC-DB|B7LEG0|1.A.34.1.2	36.6	268	117	5	47	261	112	379	7.9e-34	140.6
BCW-200570_02465	gnl|TC-DB|P55072|3.A.16.1.1	45.0	238	129	2	160	395	473	710	2.3e-58	223.4
BCW-200570_02487	gnl|TC-DB|F2WVP9|2.A.1.60.3	63.3	343	126	0	7	349	8	350	8.9e-111	396.7
BCW-200570_02489	gnl|TC-DB|P48632|1.B.14.1.6	53.1	700	310	9	47	731	119	815	5.0e-211	730.7
BCW-200570_02496	gnl|TC-DB|913616792|9.B.143.3.2	37.7	146	80	4	16	152	21	164	2.9e-13	72.0
BCW-200570_02503	gnl|TC-DB|Q8EXV0|3.D.1.9.3	47.7	88	46	0	1	88	1	88	1.2e-20	95.5
BCW-200570_02504	gnl|TC-DB|P15729|2.A.1.1.32	47.8	464	238	4	10	472	8	468	7.0e-113	404.1
BCW-200570_02522	gnl|TC-DB|Q72L52|3.A.1.1.24	53.8	364	157	4	1	356	1	361	1.1e-99	359.8
BCW-200570_02527	gnl|TC-DB|X5H3P0|3.D.10.1.6	65.3	597	204	3	1	596	3	597	6.9e-235	809.7
BCW-200570_02528	gnl|TC-DB|X5GWN5|3.D.10.1.6	63.8	260	87	5	1	259	1	254	1.6e-95	345.5
BCW-200570_02531	gnl|TC-DB|P0ADC3|3.A.1.125.1	35.7	423	238	11	1	413	1	399	1.2e-55	213.8
BCW-200570_02532	gnl|TC-DB|P75957|3.A.1.125.1	56.7	231	94	1	1	231	1	225	1.8e-69	258.8
BCW-200570_02536	gnl|TC-DB|P10121|3.A.5.1.1	54.8	303	129	3	142	438	192	492	2.4e-83	305.8
BCW-200570_02553	gnl|TC-DB|P37665|9.B.186.1.1	52.1	140	67	0	90	229	80	219	4.9e-35	144.4
BCW-200570_02557	gnl|TC-DB|B2FLY3|2.A.6.2.14	92.8	391	28	0	17	407	1	391	4.6e-137	484.2
BCW-200570_02558	gnl|TC-DB|B2FLY4|2.A.6.2.14	95.1	1056	52	0	1	1056	1	1056	0.0e+00	1928.7
BCW-200570_02560	gnl|TC-DB|B2FLY6|2.A.6.2.14	97.2	472	13	0	2	473	1	472	3.2e-251	863.6
BCW-200570_02585	gnl|TC-DB|P38523|3.A.8.1.1	32.5	117	72	1	64	173	104	220	1.5e-12	69.3
BCW-200570_02586	gnl|TC-DB|P0A6Y8|1.A.33.1.2	73.0	640	170	3	1	639	1	638	9.7e-259	889.0
BCW-200570_02589	gnl|TC-DB|P52067|2.A.1.35.1	61.1	391	152	0	5	395	13	403	2.0e-129	458.8
BCW-200570_02593	gnl|TC-DB|Q9NRK6|3.A.1.201.17	38.2	560	329	5	43	589	178	733	2.9e-92	335.9
BCW-200570_02597	gnl|TC-DB|D4ZZR3|9.B.34.1.3	36.4	176	103	4	518	688	221	392	4.3e-21	100.1
BCW-200570_02602	gnl|TC-DB|P0ADZ7|3.A.5.1.1	38.0	108	65	2	4	110	1	107	3.8e-17	84.0
BCW-200570_02603	gnl|TC-DB|P0AG90|2.A.6.4.1	43.0	623	328	10	4	613	5	613	1.7e-127	453.0
BCW-200570_02604	gnl|TC-DB|P0AG93|2.A.6.4.1	41.5	284	154	5	16	296	18	292	5.2e-51	198.0
BCW-200570_02616	gnl|TC-DB|O00571|1.I.1.1.3	37.1	372	208	7	4	351	182	551	4.9e-55	211.8
BCW-200570_02619	gnl|TC-DB|P62723|2.A.98.1.3	53.7	337	151	3	31	367	17	348	6.7e-87	317.4
BCW-200570_02621	gnl|TC-DB|P43672|3.A.1.120.6	53.5	525	239	1	58	577	1	525	9.0e-162	567.0
BCW-200570_02624	gnl|TC-DB|Q9HWH5|2.A.6.2.32	29.1	371	248	6	19	380	5	369	8.6e-29	124.4
BCW-200570_02625	gnl|TC-DB|Q8CX78|2.A.6.3.6	30.6	1129	663	11	25	1150	3	1013	2.7e-142	503.1
BCW-200570_02626	gnl|TC-DB|Q8CX78|2.A.6.3.6	25.9	1028	716	17	1	1005	1	1005	2.5e-91	333.6
BCW-200570_02638	gnl|TC-DB|G2HLY8|9.B.146.1.2	32.0	272	165	5	32	289	26	291	6.0e-23	104.8
BCW-200570_02639	gnl|TC-DB|Q6MMD5|9.B.18.2.1	38.2	558	333	6	64	613	72	625	2.8e-101	365.9
BCW-200570_02651	gnl|TC-DB|Q8ID54|3.A.25.2.1	29.9	231	157	3	112	340	83	310	2.2e-29	126.3
BCW-200570_02652	gnl|TC-DB|P45522|2.A.37.1.2	43.6	550	303	3	10	556	7	552	8.1e-114	407.5
BCW-200570_02678	gnl|TC-DB|G0LBU8|1.B.14.6.11	26.8	884	477	20	44	858	194	976	4.1e-63	239.6
BCW-200570_02686	gnl|TC-DB|Q9F3K7|3.A.1.3.24	60.9	248	97	0	330	577	3	250	2.7e-82	302.8
BCW-200570_02687	gnl|TC-DB|P0AEM9|3.A.1.3.10	27.9	226	142	7	85	304	49	259	4.3e-13	72.0
BCW-200570_02690	gnl|TC-DB|P0A754|2.A.37.1.1	36.7	128	67	3	80	207	45	158	2.0e-16	82.8
BCW-200570_02704	gnl|TC-DB|Q9ZE70|2.A.7.3.7	28.0	257	185	0	13	269	27	283	3.6e-19	92.0
BCW-200570_02718	gnl|TC-DB|Q9HV74|2.A.21.9.1	27.9	377	202	14	24	374	648	980	9.7e-17	84.3
BCW-200570_02726	gnl|TC-DB|E7BBJ2|9.B.102.5.5	41.9	124	72	0	11	134	9	132	1.8e-24	108.6
BCW-200570_02730	gnl|TC-DB|F0BFS6|2.A.7.3.15	57.6	302	125	2	6	305	5	305	6.5e-91	330.5
BCW-200570_02751	gnl|TC-DB|Q9NTM9|9.B.158.1.1	46.5	213	114	0	7	219	28	240	5.8e-47	184.1
BCW-200570_02753	gnl|TC-DB|Q8ZRG7|3.A.3.5.20	84.8	748	114	0	82	829	10	757	0.0e+00	1189.9
BCW-200570_02756	gnl|TC-DB|Q9AAZ6|1.B.14.12.2	28.5	999	550	30	48	1024	33	889	1.3e-79	294.7
BCW-200570_02759	gnl|TC-DB|P0C105|2.A.1.7.2	52.7	408	176	2	22	429	22	412	1.9e-112	402.5
BCW-200570_02768	gnl|TC-DB|Q8R706|2.A.3.3.22	44.9	457	240	5	17	472	23	468	1.8e-100	362.8
BCW-200570_02769	gnl|TC-DB|Q8R706|2.A.3.3.22	47.8	458	222	5	33	489	29	470	9.1e-108	387.1
BCW-200570_02777	gnl|TC-DB|Q2FD71|2.A.6.2.40	43.7	373	202	2	10	374	12	384	5.7e-73	271.2
BCW-200570_02778	gnl|TC-DB|W9BHF5|2.A.6.2.49	61.2	1022	395	2	1	1021	1	1021	0.0e+00	1166.8
BCW-200570_02784	gnl|TC-DB|D4ZZR3|9.B.34.1.3	31.2	170	107	4	422	584	225	391	5.5e-15	79.7
BCW-200570_02789	gnl|TC-DB|Q7MV19|9.A.8.1.6	33.7	730	345	12	10	615	127	841	2.9e-103	372.5
BCW-200570_02812	gnl|TC-DB|A3QE50|8.A.59.4.2	38.5	221	123	2	157	364	176	396	8.0e-35	144.4
BCW-200570_02815	gnl|TC-DB|P69451|4.C.1.1.4	59.7	553	220	3	3	554	1	551	6.0e-188	653.7
BCW-200570_02819	gnl|TC-DB|Q4ZLW8|2.A.15.1.3	51.9	507	237	3	1	506	1	501	9.8e-145	510.0
BCW-200570_02838	gnl|TC-DB|M3JA40|1.B.52.2.1	59.0	61	25	0	523	583	278	338	2.1e-12	70.9
BCW-200570_02844	gnl|TC-DB|P69423|2.A.64.1.1	50.7	229	113	0	11	239	9	237	1.4e-59	226.1
BCW-200570_02847	gnl|TC-DB|Q8F3M7|3.A.15.4.1	41.5	484	271	6	118	598	82	556	1.1e-99	360.5
BCW-200570_02850	gnl|TC-DB|P0ADE4|1.B.33.2.4	28.3	590	400	12	12	594	4	577	3.4e-64	242.7
BCW-200570_02851	gnl|TC-DB|P39321|9.B.22.1.2	25.0	891	609	27	403	1264	375	1235	5.1e-57	219.9
BCW-200570_02853	gnl|TC-DB|G4NXA5|1.A.33.1.4	35.7	569	328	9	2	560	4	544	6.0e-87	318.2
BCW-200570_02855	gnl|TC-DB|Q93N33|2.A.21.9.2	42.6	1172	615	15	40	1178	5	1151	1.7e-240	829.3
BCW-200570_02856	gnl|TC-DB|P76264|2.A.107.1.1	52.9	189	88	1	1	189	1	188	3.4e-50	194.5
BCW-200570_02859	gnl|TC-DB|P31552|4.C.1.1.6	24.1	548	345	18	88	615	21	517	1.1e-28	124.8
BCW-200570_02860	gnl|TC-DB|D0SAV4|1.B.70.1.1	27.7	376	230	15	102	473	89	426	5.1e-23	105.5
BCW-200570_02861	gnl|TC-DB|F8SVK1|2.A.1.6.11	65.3	542	182	3	10	549	11	548	8.2e-198	686.4
BCW-200570_02871	gnl|TC-DB|Q55487|4.D.2.1.9	23.2	207	156	2	5	210	4	208	1.4e-13	73.2
BCW-200570_02872	gnl|TC-DB|G0JXK9|2.A.123.4.3	96.5	115	4	0	1	115	1	115	7.2e-64	239.2
BCW-200570_02874	gnl|TC-DB|B8H146|2.A.6.1.15	55.5	1075	454	5	1	1064	1	1062	0.0e+00	1076.2
BCW-200570_02875	gnl|TC-DB|B8H144|2.A.6.1.15	33.2	394	254	7	14	399	19	411	6.0e-33	138.3
BCW-200570_02876	gnl|TC-DB|P37974|1.B.17.2.1	33.7	315	205	3	16	327	15	328	5.2e-27	118.6
BCW-200570_02890	gnl|TC-DB|Q9KN48|3.A.23.1.1	38.1	226	131	3	189	414	197	413	2.3e-32	136.7
BCW-200570_02909	gnl|TC-DB|P0ABJ9|3.D.4.3.2	28.4	521	304	3	1	454	2	520	2.0e-59	226.5
BCW-200570_02910	gnl|TC-DB|O54596|3.D.4.3.1	31.9	339	205	8	3	336	12	329	1.4e-22	103.6
BCW-200570_02922	gnl|TC-DB|Q7AA53|2.A.6.8.2	33.2	756	460	18	39	773	11	742	2.5e-83	306.6
BCW-200570_02933	gnl|TC-DB|P45522|2.A.37.1.2	43.5	582	326	3	10	590	11	590	5.8e-125	444.5
BCW-200570_02934	gnl|TC-DB|Q5SMG8|1.A.26.1.2	41.1	338	185	4	115	451	123	447	2.2e-63	239.6
BCW-200570_02944	gnl|TC-DB|P77389|2.A.1.2.65	44.2	378	204	4	9	385	7	378	3.2e-74	275.4
BCW-200570_02946	gnl|TC-DB|M3JA40|1.B.52.2.1	66.1	56	19	0	529	584	283	338	3.2e-13	73.6
BCW-200570_02949	gnl|TC-DB|P77735|8.A.5.1.6	33.2	316	192	6	7	312	6	312	5.5e-37	151.4
BCW-200570_02958	gnl|TC-DB|P0AFN6|3.A.1.105.17	58.0	250	105	0	17	266	7	256	6.7e-81	297.0
BCW-200570_02959	gnl|TC-DB|P36879|3.A.1.105.17	57.1	303	128	1	17	319	4	304	1.4e-88	322.8
BCW-200570_02963	gnl|TC-DB|D4ZZR3|9.B.34.1.3	27.2	378	251	10	33	390	20	393	4.4e-20	95.5
BCW-200570_02965	gnl|TC-DB|P46903|3.A.1.115.1	42.9	238	135	1	1	237	1	238	5.0e-54	207.6
BCW-200570_02966	gnl|TC-DB|Q7UQ82|3.A.1.115.2	24.9	397	259	10	5	381	6	383	4.3e-15	79.0
BCW-200570_02977	gnl|TC-DB|B2N0W4|1.A.46.2.6	41.5	299	173	2	1	299	18	314	2.4e-58	222.2
BCW-200570_02993	gnl|TC-DB|Q2JF02|9.B.98.1.3	28.7	334	213	8	1	327	1	316	1.2e-26	117.1
BCW-200570_02994	gnl|TC-DB|L7WG79|1.E.43.4.1	31.5	143	93	2	14	151	8	150	2.0e-12	69.3
BCW-200570_03017	gnl|TC-DB|P46333|2.A.1.1.106	25.5	580	285	8	22	600	10	443	2.3e-36	150.2
BCW-200570_03024	gnl|TC-DB|G0LBU8|1.B.14.6.11	37.8	193	96	8	38	220	192	370	2.7e-18	90.9
BCW-200570_03038	gnl|TC-DB|Q9I5N4|1.B.20.3.6	48.8	527	257	5	16	531	20	544	9.2e-138	486.9
BCW-200570_03039	gnl|TC-DB|P0ABU9|1.A.30.2.2	31.0	216	139	5	369	583	11	217	3.2e-14	76.6
BCW-200570_03040	gnl|TC-DB|Q1D0D2|1.A.30.2.7	33.3	132	88	0	1	132	1	132	1.6e-14	75.5
BCW-200570_03042	gnl|TC-DB|F7STR2|1.B.62.1.7	53.9	536	233	4	43	571	38	566	2.7e-159	558.5
BCW-200570_03046	gnl|TC-DB|P76460|2.A.73.1.1	33.3	447	277	8	22	466	12	439	9.3e-57	217.6
BCW-200570_03057	gnl|TC-DB|G0LBU8|1.B.14.6.11	31.2	821	468	22	40	801	194	976	3.2e-86	316.2
BCW-200570_03063	gnl|TC-DB|P0ABJ1|3.D.4.5.1	53.3	276	127	2	18	291	20	295	8.2e-83	303.5
BCW-200570_03064	gnl|TC-DB|P0ABI8|3.D.4.5.1	65.7	658	225	1	1	657	1	658	1.3e-261	898.7
BCW-200570_03065	gnl|TC-DB|P0ABJ3|3.D.4.5.1	65.2	201	69	1	11	210	3	203	1.6e-72	268.9
BCW-200570_03066	gnl|TC-DB|P0ABJ6|3.D.4.5.1	48.2	110	56	1	1	110	1	109	4.5e-23	103.6
BCW-200570_03086	gnl|TC-DB|O31712|3.A.1.122.2	25.1	358	218	12	69	413	75	395	2.3e-11	66.6
BCW-200570_03095	gnl|TC-DB|A3ZKG8|1.B.14.1.13	23.8	442	271	15	40	429	23	450	1.3e-16	84.7
BCW-200570_03119	gnl|TC-DB|Q9EV03|1.A.23.1.2	29.8	299	200	2	496	786	784	1080	2.3e-28	124.0
BCW-200570_03131	gnl|TC-DB|Q5KYD1|2.A.17.1.7	36.3	493	283	14	22	499	20	496	1.6e-67	253.4
BCW-200570_03142	gnl|TC-DB|Q52983|2.A.63.1.1	43.5	85	48	0	10	94	8	92	3.3e-14	73.9
BCW-200570_03144	gnl|TC-DB|Q52981|2.A.63.1.1	40.5	529	270	10	1	494	5	523	2.3e-85	312.8
BCW-200570_03145	gnl|TC-DB|Q52980|2.A.63.1.1	53.0	115	54	0	1	115	1	115	9.4e-25	109.4
BCW-200570_03146	gnl|TC-DB|Q52978|2.A.63.1.1	50.1	946	436	8	5	914	32	977	1.3e-235	812.8
BCW-200570_03163	gnl|TC-DB|Q8NLX4|2.A.102.4.8	41.9	248	123	5	12	243	9	251	3.3e-37	151.8
BCW-200570_03166	gnl|TC-DB|P69937|2.A.7.1.4	55.9	102	45	0	1	102	1	102	1.3e-27	118.6
BCW-200570_03185	gnl|TC-DB|P0AG96|3.A.5.1.1	45.6	79	43	0	55	133	43	121	5.8e-12	67.0
BCW-200570_03188	gnl|TC-DB|Q9ZK21|1.C.82.1.1	49.3	225	113	1	5	229	7	230	2.1e-54	208.8
BCW-200570_03196	gnl|TC-DB|M3JA40|1.B.52.2.1	51.9	79	38	0	573	651	280	358	3.6e-13	73.6
BCW-200570_03200	gnl|TC-DB|M3JA40|1.B.52.2.1	60.3	58	23	0	529	586	280	337	1.4e-11	68.2
BCW-200570_03206	gnl|TC-DB|P28612|1.A.30.1.3	26.1	272	174	4	3	273	6	251	1.6e-23	106.7
BCW-200570_03207	gnl|TC-DB|P28611|1.A.30.1.3	40.1	252	138	2	1	245	1	246	6.1e-44	174.1
BCW-200570_03214	gnl|TC-DB|P40729|3.A.6.2.1	52.6	682	310	3	19	699	20	689	1.5e-188	656.0
BCW-200570_03215	gnl|TC-DB|P40727|3.A.6.2.1	39.1	361	218	1	5	363	4	364	2.1e-67	252.7
BCW-200570_03217	gnl|TC-DB|P54702|3.A.6.2.1	36.1	233	147	2	23	255	18	248	2.9e-28	122.1
BCW-200570_03219	gnl|TC-DB|P54700|3.A.6.2.1	53.7	246	107	2	12	256	4	243	7.3e-56	213.8
BCW-200570_03221	gnl|TC-DB|P26419|3.A.6.2.1	52.5	99	47	0	12	110	37	135	4.9e-25	110.2
BCW-200570_03226	gnl|TC-DB|P26465|3.A.6.2.1	57.0	446	182	2	19	454	4	449	6.0e-133	470.7
BCW-200570_03229	gnl|TC-DB|P15928|3.A.6.2.1	34.8	581	321	17	3	548	1	558	9.6e-74	274.2
BCW-200570_03233	gnl|TC-DB|Q9KN48|3.A.23.1.1	36.4	401	222	8	101	493	153	528	1.0e-53	207.6
BCW-200570_03247	gnl|TC-DB|P75870|2.A.85.1.1	38.5	699	410	8	19	713	17	699	9.6e-122	434.1
BCW-200570_03249	gnl|TC-DB|I0KTJ1|2.A.6.2.43	96.6	1040	35	0	1	1040	1	1040	0.0e+00	1866.3
BCW-200570_03250	gnl|TC-DB|I0KTJ0|2.A.6.2.43	96.3	1077	40	0	1	1077	1	1077	0.0e+00	1919.1
BCW-200570_03251	gnl|TC-DB|P76397|8.A.1.6.2	41.5	371	205	8	27	392	38	401	7.5e-63	237.7
BCW-200570_03263	gnl|TC-DB|P0AAP1|9.B.34.1.2	39.4	160	91	2	366	519	210	369	1.1e-21	101.3
BCW-200570_03264	gnl|TC-DB|P40290|3.A.6.1.1	28.6	266	161	9	332	583	151	401	4.1e-14	76.3
BCW-200570_03266	gnl|TC-DB|O00571|1.I.1.1.3	37.5	389	225	5	10	381	181	568	2.5e-64	243.0
BCW-200570_03267	gnl|TC-DB|P0A9R7|3.A.1.140.1	50.7	215	106	0	3	217	1	215	2.0e-57	218.8
BCW-200570_03268	gnl|TC-DB|P0AC31|3.A.1.140.1	34.4	282	180	3	36	312	70	351	3.3e-34	142.1
BCW-200570_03275	gnl|TC-DB|D6I8Y6|4.F.1.3.3	41.7	206	108	4	1	201	1	199	7.6e-32	133.7
BCW-200570_03302	gnl|TC-DB|Q8KD37|9.B.99.2.2	31.2	141	94	2	8	145	6	146	1.3e-14	75.9
BCW-200570_03310	gnl|TC-DB|B0T2Y9|5.A.1.5.2	36.2	423	251	4	385	790	317	737	7.4e-59	225.3
BCW-200570_03320	gnl|TC-DB|Q9I0V7|2.A.6.2.39	51.9	1016	482	5	7	1016	3	1017	1.8e-262	902.1
BCW-200570_03321	gnl|TC-DB|Q9I0V6|2.A.6.2.39	65.2	1023	347	3	1	1015	1	1022	0.0e+00	1205.7
BCW-200570_03322	gnl|TC-DB|P76397|8.A.1.6.2	46.0	350	188	1	37	385	48	397	4.7e-83	304.7
BCW-200570_03323	gnl|TC-DB|P0AGM2|1.A.62.2.3	53.7	205	95	0	1	205	1	205	2.3e-57	218.4
BCW-200570_03330	gnl|TC-DB|Q9ZKE4|3.A.11.3.1	33.4	536	330	12	199	729	106	619	5.8e-66	248.8
BCW-200570_03333	gnl|TC-DB|Q5FAM9|2.A.66.1.21	33.4	452	296	3	1	451	1	448	8.0e-66	247.7
BCW-200570_03340	gnl|TC-DB|Q07711|3.A.7.7.1	23.5	597	371	18	32	583	48	603	1.9e-28	124.4
BCW-200570_03341	gnl|TC-DB|B4AEM5|1.E.43.3.1	48.3	87	45	0	175	261	93	179	1.0e-16	84.0
BCW-200570_03344	gnl|TC-DB|Q8VRK4|3.A.11.1.3	43.9	269	138	5	75	342	59	315	2.2e-37	152.9
BCW-200570_03349	gnl|TC-DB|V5BTU4|9.B.142.2.8	26.9	368	221	13	12	357	17	358	6.0e-18	89.0
BCW-200570_03350	gnl|TC-DB|G0CA41|9.B.67.7.3	53.1	397	178	2	30	422	1	393	1.4e-112	402.9
BCW-200570_03351	gnl|TC-DB|B8F5K7|4.D.1.3.2	35.9	248	153	5	11	254	2	247	8.1e-34	140.6
BCW-200570_03412	gnl|TC-DB|Q00538|2.A.1.3.10	26.8	406	285	5	14	413	18	417	1.1e-33	141.0
BCW-200570_03418	gnl|TC-DB|M3JA40|1.B.52.2.1	54.8	73	33	0	678	750	293	365	5.6e-12	69.7
BCW-200570_03419	gnl|TC-DB|F8FTA7|1.E.55.2.2	44.2	138	67	2	9	138	4	139	8.0e-25	109.8
BCW-200570_03421	gnl|TC-DB|P17315|1.B.14.1.4	34.9	674	363	20	42	678	29	663	1.7e-96	350.1
BCW-200570_03422	gnl|TC-DB|P62517|4.D.3.1.1	39.6	606	329	11	50	625	131	729	4.7e-104	375.2
BCW-200570_03424	gnl|TC-DB|F4LXP4|8.A.59.2.1	34.5	139	89	2	155	292	288	425	1.7e-15	80.1
BCW-200570_03430	gnl|TC-DB|Q9HT68|3.A.1.24.5	64.0	264	91	1	1	264	1	260	3.3e-88	321.2
BCW-200570_03439	gnl|TC-DB|P0AB98|3.A.2.1.1	45.7	276	131	5	1	262	1	271	4.0e-62	234.6
BCW-200570_03440	gnl|TC-DB|P68699|3.A.2.1.1	53.7	67	31	0	18	84	11	77	1.5e-12	68.6
BCW-200570_03442	gnl|TC-DB|P0ABA4|3.A.2.1.1	39.8	176	102	2	1	173	1	175	5.0e-24	107.5
BCW-200570_03443	gnl|TC-DB|P0ABB0|3.A.2.1.1	74.0	511	133	0	5	515	3	513	4.5e-214	740.3
BCW-200570_03444	gnl|TC-DB|P0ABA6|3.A.2.1.1	58.3	288	118	2	1	287	1	287	2.4e-92	335.1
BCW-200570_03445	gnl|TC-DB|P0ABB4|3.A.2.1.1	80.3	466	84	2	1	464	1	460	7.7e-213	736.1
BCW-200570_03446	gnl|TC-DB|P0A6E6|3.A.2.1.1	46.3	136	73	0	3	138	4	139	9.5e-26	112.8
BCW-200570_03451	gnl|TC-DB|Q9KN48|3.A.23.1.1	43.3	208	110	1	172	371	211	418	4.4e-40	162.2
BCW-200570_03455	gnl|TC-DB|O31711|3.A.1.122.2	48.6	218	112	0	3	220	1	218	8.0e-57	216.9
BCW-200570_03472	gnl|TC-DB|O25832|2.A.7.28.9	25.6	285	190	7	11	280	9	286	4.4e-12	68.6
BCW-200570_03473	gnl|TC-DB|Q9HT70|3.A.1.24.5	74.3	335	85	1	1	334	1	335	8.4e-137	483.0
BCW-200570_03474	gnl|TC-DB|Q9HT69|3.A.1.24.5	59.9	212	85	0	18	229	14	225	8.2e-59	223.4
BCW-200570_03489	gnl|TC-DB|Q9F241|2.A.6.2.42	89.8	391	40	0	1	391	1	391	1.1e-172	602.4
BCW-200570_03490	gnl|TC-DB|Q9F240|2.A.6.2.42	95.3	1040	49	0	1	1040	1	1040	0.0e+00	1899.0
BCW-200570_03491	gnl|TC-DB|Q9F239|2.A.6.2.42	92.8	461	33	0	1	461	6	466	3.6e-231	797.0
BCW-200570_03502	gnl|TC-DB|P0A9X4|9.B.157.1.3	77.0	348	79	1	1	348	1	347	2.8e-151	531.2
BCW-200570_03503	gnl|TC-DB|P16926|9.B.157.1.3	37.9	269	163	2	8	274	3	269	5.9e-44	174.9
BCW-200570_03506	gnl|TC-DB|P0ABG7|2.A.103.1.2	47.3	347	180	2	19	362	16	362	1.3e-82	303.1
BCW-200570_03508	gnl|TC-DB|P0ABG7|2.A.103.1.2	45.4	348	185	2	12	354	16	363	2.6e-80	295.4
BCW-200570_03517	gnl|TC-DB|P23865|9.B.174.1.2	39.9	684	347	10	33	705	42	672	1.2e-124	443.7
BCW-200570_03527	gnl|TC-DB|Q7VYJ2|1.B.12.5.7	34.9	556	278	7	464	1013	389	866	8.5e-76	282.0
BCW-200570_03532	gnl|TC-DB|A1S4V0|2.A.1.7.9	45.2	425	205	7	17	421	17	433	1.2e-82	303.5
BCW-200570_03534	gnl|TC-DB|Q9AAZ6|1.B.14.12.2	32.1	919	553	21	4	885	5	889	6.9e-106	381.7
BCW-200570_03561	gnl|TC-DB|D1F3T8|2.A.1.3.42	35.9	835	528	5	23	851	33	866	9.9e-134	474.2
BCW-200570_03564	gnl|TC-DB|P77223|3.D.6.1.4	47.6	105	54	1	6	109	35	139	1.6e-22	102.1
BCW-200570_03572	gnl|TC-DB|B2FPS5|2.A.88.8.5	93.9	261	16	0	1	261	1	261	1.2e-135	478.8
BCW-200570_03573	gnl|TC-DB|A2BTW4|9.B.150.1.3	31.6	209	125	4	14	214	20	218	4.8e-19	91.3
BCW-200570_03577	gnl|TC-DB|D4ZZR3|9.B.34.1.3	38.6	158	93	3	396	551	236	391	2.6e-18	90.1
BCW-200570_03589	gnl|TC-DB|P18275|2.A.3.2.3	58.6	478	190	2	14	483	5	482	6.2e-149	523.9
BCW-200570_03590	gnl|TC-DB|P17315|1.B.14.1.4	30.3	142	81	3	50	187	31	158	2.3e-11	67.8
BCW-200570_03605	gnl|TC-DB|O59010|2.A.23.1.5	34.4	395	225	8	44	424	49	423	1.9e-51	199.9
BCW-200570_03611	gnl|TC-DB|G0K0M9|9.B.153.3.16	85.6	432	59	1	1	429	1	432	1.6e-172	602.1
BCW-200570_03612	gnl|TC-DB|Q9KN48|3.A.23.1.1	46.1	241	129	1	143	382	193	433	4.5e-53	205.3
BCW-200570_03613	gnl|TC-DB|Q15HU6|3.A.7.14.2	37.9	132	73	6	126	250	196	325	1.4e-14	76.6
BCW-200570_03614	gnl|TC-DB|Q15HU6|3.A.7.14.2	33.6	131	74	5	58	176	201	330	1.5e-12	69.3
BCW-200570_03616	gnl|TC-DB|P42107|9.B.169.1.1	36.4	415	220	10	7	398	3	396	3.8e-51	198.7
BCW-200570_03620	gnl|TC-DB|Q8F2A9|9.B.104.1.5	34.7	199	99	10	12	190	59	246	3.9e-13	71.6
BCW-200570_03628	gnl|TC-DB|G0LBU8|1.B.14.6.11	33.1	166	102	4	33	191	194	357	2.1e-12	71.2
BCW-200570_03629	gnl|TC-DB|P17315|1.B.14.1.4	33.7	175	94	7	6	176	2	158	2.1e-12	71.2
BCW-200570_03630	gnl|TC-DB|G0LBU8|1.B.14.6.11	31.8	173	107	5	30	193	192	362	3.6e-12	70.5
BCW-200570_03631	gnl|TC-DB|A0L4L0|3.A.1.132.3	42.8	257	144	1	14	270	77	330	1.3e-53	206.5
BCW-200570_03672	gnl|TC-DB|P29919|3.D.1.2.1	52.1	117	56	0	17	133	4	120	1.0e-29	125.9
BCW-200570_03673	gnl|TC-DB|Q6V9B0|3.D.1.6.4	84.1	145	23	0	37	181	13	157	6.5e-75	276.6
BCW-200570_03674	gnl|TC-DB|P23710|3.D.1.6.2	58.3	103	41	2	114	216	138	238	2.7e-31	132.1
BCW-200570_03675	gnl|TC-DB|P17694|3.D.1.6.1	57.7	414	148	2	22	435	77	463	7.0e-144	506.9
BCW-200570_03676	gnl|TC-DB|P0AFD1|3.D.1.1.1	36.4	154	94	3	19	172	14	163	1.7e-19	92.4
BCW-200570_03677	gnl|TC-DB|P29913|3.D.1.2.1	53.1	375	171	4	56	426	41	414	4.5e-114	407.9
BCW-200570_03678	gnl|TC-DB|P24918|3.D.1.6.2	37.9	641	369	14	12	637	33	659	2.1e-103	373.2
BCW-200570_03679	gnl|TC-DB|P29920|3.D.1.2.1	41.6	339	183	3	23	360	10	334	6.0e-72	267.7
BCW-200570_03680	gnl|TC-DB|P29921|3.D.1.2.1	65.0	160	53	1	3	162	7	163	1.6e-29	125.6
BCW-200570_03681	gnl|TC-DB|P29922|3.D.1.2.1	44.3	183	95	2	4	183	2	180	1.2e-27	119.8
BCW-200570_03682	gnl|TC-DB|P29923|3.D.1.2.1	67.3	101	33	0	1	101	1	101	1.9e-28	121.3
BCW-200570_03683	gnl|TC-DB|P29924|3.D.1.2.1	42.2	754	317	18	13	711	5	694	5.6e-138	488.0
BCW-200570_03684	gnl|TC-DB|P29925|3.D.1.2.1	49.6	514	224	8	6	500	4	501	3.0e-130	461.8
BCW-200570_03685	gnl|TC-DB|P29926|3.D.1.2.1	38.2	463	284	2	9	470	1	462	6.5e-82	301.2
BCW-200570_03719	gnl|TC-DB|P76249|2.A.76.1.5	27.2	206	142	5	3	206	8	207	7.2e-17	84.0
BCW-200570_03721	gnl|TC-DB|P23895|2.A.7.1.3	63.6	110	40	0	1	110	1	110	4.1e-32	133.7
BCW-200570_03747	gnl|TC-DB|Q8EDM8|1.B.14.8.4	24.0	818	487	30	7	776	2	732	6.6e-36	149.1
BCW-200570_03751	gnl|TC-DB|Q5EGM5|9.A.25.1.1	30.2	205	111	6	440	625	260	451	1.4e-15	81.3
BCW-200570_03764	gnl|TC-DB|P23894|9.B.1.1.6	57.0	286	116	3	4	283	3	287	6.0e-83	303.9
BCW-200570_03768	gnl|TC-DB|P0AAP1|9.B.34.1.2	33.5	173	108	4	266	437	199	365	8.8e-19	92.0
BCW-200570_03794	gnl|TC-DB|P75905|4.D.1.1.3	56.8	373	151	5	49	416	71	438	2.0e-119	425.6
BCW-200570_03801	gnl|TC-DB|P0ABK2|3.D.4.3.2	47.1	378	198	1	6	383	2	377	3.6e-99	358.2
BCW-200570_03802	gnl|TC-DB|P0ABJ9|3.D.4.3.2	60.7	501	197	0	6	506	4	504	1.9e-180	628.6
BCW-200570_03803	gnl|TC-DB|P29018|3.A.1.129.1	37.8	569	320	8	25	574	10	563	7.8e-82	301.2
BCW-200570_03804	gnl|TC-DB|Q7NL26|3.A.1.106.12	30.7	537	342	11	18	534	5	531	4.9e-41	165.6
BCW-200570_03810	gnl|TC-DB|Q9I3N2|9.B.14.1.7	59.2	645	249	5	1	637	1	639	1.6e-205	712.2
BCW-200570_03813	gnl|TC-DB|Q9I3N5|9.B.14.2.4	45.3	234	128	0	7	240	6	239	3.4e-58	221.5
BCW-200570_03814	gnl|TC-DB|K6BIH6|3.A.1.107.4	52.8	214	101	0	17	230	8	221	7.7e-49	190.3
BCW-200570_03815	gnl|TC-DB|Q8XE58|3.A.1.107.3	40.1	202	116	2	30	229	3	201	4.7e-38	154.5
BCW-200570_03828	gnl|TC-DB|G4FGN8|3.A.1.1.41	28.9	380	214	16	45	394	23	376	2.4e-25	113.2
BCW-200570_03829	gnl|TC-DB|Q7WWQ9|3.A.1.1.20	36.4	275	171	2	8	282	11	281	4.9e-48	188.0
BCW-200570_03830	gnl|TC-DB|Q9X9R5|3.A.1.1.23	37.9	261	160	2	19	278	17	276	5.8e-43	171.0
BCW-200570_03835	gnl|TC-DB|B2UL32|2.A.5.5.5	41.5	270	152	2	2	265	1	270	2.0e-40	162.5
BCW-200570_03844	gnl|TC-DB|Q8EKT7|2.A.17.4.7	66.9	508	167	1	14	521	9	515	2.0e-193	671.8
BCW-200570_03853	gnl|TC-DB|Q03203|3.A.1.111.3	25.9	609	422	7	7	609	5	590	4.9e-58	222.2
BCW-200570_03891	gnl|TC-DB|Q99ZC8|3.A.1.132.6	32.4	213	139	3	22	233	12	220	2.7e-30	129.0
BCW-200570_03899	gnl|TC-DB|B9DIS8|9.B.97.5.1	32.4	373	234	10	8	372	18	380	1.8e-37	154.1
BCW-200570_03905	gnl|TC-DB|Q0VQY6|2.A.6.2.46	52.3	1047	483	7	1	1040	1	1038	2.5e-296	1014.6
BCW-200570_03906	gnl|TC-DB|Q8Y3G9|2.A.6.2.45	47.1	344	181	1	33	375	39	382	4.6e-76	281.6
BCW-200570_03917	gnl|TC-DB|Q8F8H7|2.A.53.3.8	50.8	195	96	0	2	196	539	733	1.3e-56	216.1
BCW-200570_03994	gnl|TC-DB|A0ZUB1|3.A.1.122.12	53.6	649	301	0	6	654	2	650	3.0e-183	638.3
BCW-200570_03995	gnl|TC-DB|Q84BQ3|3.A.1.122.12	37.4	361	219	2	31	391	9	362	1.1e-50	197.2
BCW-200570_03997	gnl|TC-DB|Q93N33|2.A.21.9.2	26.2	267	165	9	202	437	747	1012	7.2e-11	65.1
BCW-200570_04005	gnl|TC-DB|P77389|2.A.1.2.65	34.4	384	249	2	31	413	7	388	1.5e-50	196.8
BCW-200570_04008	gnl|TC-DB|P13464|3.A.7.1.1	30.3	499	303	13	69	542	56	534	2.9e-57	219.5
BCW-200570_04011	gnl|TC-DB|O50336|3.A.7.2.1	28.3	254	141	8	11	248	4	232	1.6e-15	79.7
BCW-200570_04012	gnl|TC-DB|Q9RLR4|3.A.7.5.1	30.9	207	130	6	216	418	162	359	1.0e-22	104.4
BCW-200570_04013	gnl|TC-DB|Q91UW6|3.A.7.3.1	45.9	318	164	4	28	339	30	345	8.5e-76	280.4
BCW-200570_04017	gnl|TC-DB|O50330|3.A.7.2.1	39.7	798	448	10	1	773	9	798	6.1e-165	577.8
BCW-200570_04035	gnl|TC-DB|D7FD61|1.A.23.2.2	32.0	250	167	2	29	277	18	265	5.9e-33	137.9
BCW-200570_04036	gnl|TC-DB|P08839|8.A.7.1.1	27.0	426	262	15	348	755	114	508	5.2e-28	122.9
BCW-200570_04049	gnl|TC-DB|P0AAP1|9.B.34.1.2	35.1	174	111	2	540	712	197	369	2.5e-21	100.5
BCW-200570_04053	gnl|TC-DB|M3JA40|1.B.52.2.1	31.5	178	108	3	430	593	283	460	2.3e-15	80.5
BCW-200570_04069	gnl|TC-DB|B2FIM5|1.B.70.1.6	85.2	485	60	2	1	481	1	477	3.8e-215	743.8
BCW-200570_04070	gnl|TC-DB|P60061|2.A.3.2.5	49.5	422	211	2	2	423	5	424	1.5e-112	402.9
BCW-200570_04076	gnl|TC-DB|Q1R209|1.B.14.7.1	28.7	788	475	19	85	824	5	753	1.5e-70	264.2
