BCW-200173_00007	gnl|TC-DB|Q8NSN1|3.A.1.24.4	39.1	294	166	5	7	293	6	293	1.0e-48	190.3
BCW-200173_00008	gnl|TC-DB|Q8NSN2|3.A.1.24.4	52.1	361	167	4	4	362	2	358	5.6e-94	340.9
BCW-200173_00009	gnl|TC-DB|Q8NSN3|3.A.1.24.4	59.9	217	87	0	9	225	6	222	2.7e-70	261.5
BCW-200173_00012	gnl|TC-DB|P0ADW0|1.B.42.1.2	94.0	84	5	0	1	84	108	191	1.3e-38	154.8
BCW-200173_00028	gnl|TC-DB|Q82VN7|3.A.1.10.4	37.0	281	160	9	54	326	34	305	6.7e-39	157.9
BCW-200173_00033	gnl|TC-DB|Q9XIA9|4.C.1.1.14	26.0	585	375	15	65	610	92	657	2.5e-38	156.8
BCW-200173_00034	gnl|TC-DB|I1WBQ5|9.B.142.5.1	37.9	512	290	11	44	540	39	537	1.8e-88	323.2
BCW-200173_00038	gnl|TC-DB|P60752|3.A.1.106.1	30.1	471	311	7	135	598	119	578	5.1e-44	175.6
BCW-200173_00058	gnl|TC-DB|P0AFS5|2.A.86.1.4	28.0	321	224	3	35	354	11	325	8.2e-28	121.3
BCW-200173_00059	gnl|TC-DB|H2JXL4|3.A.1.19.3	38.2	322	180	5	45	348	34	354	3.3e-59	225.3
BCW-200173_00060	gnl|TC-DB|H2JXL5|3.A.1.19.3	50.8	539	242	8	36	566	3	526	2.8e-108	389.0
BCW-200173_00061	gnl|TC-DB|H2JXL6|3.A.1.19.3	53.1	213	96	3	10	221	3	212	3.5e-49	191.4
BCW-200173_00064	gnl|TC-DB|Q45068|2.A.25.1.5	49.5	461	221	6	16	476	13	461	2.4e-113	405.6
BCW-200173_00066	gnl|TC-DB|P31466|2.A.40.7.6	33.8	464	266	8	20	481	12	436	6.1e-59	224.9
BCW-200173_00075	gnl|TC-DB|P71067|2.A.14.1.3	39.5	564	304	9	12	550	12	563	7.2e-93	337.8
BCW-200173_00078	gnl|TC-DB|P07001|3.D.2.1.1	30.4	335	196	8	1	309	1	324	4.2e-28	122.1
BCW-200173_00110	gnl|TC-DB|Q6A1F6|3.B.1.1.6	34.4	587	343	14	569	1140	8	567	2.4e-74	277.3
BCW-200173_00116	gnl|TC-DB|C1A6K8|3.A.1.147.1	38.3	206	127	0	26	231	7	212	6.0e-34	141.4
BCW-200173_00120	gnl|TC-DB|P77389|2.A.1.2.65	33.5	245	163	0	3	247	137	381	3.6e-26	115.2
BCW-200173_00125	gnl|TC-DB|Q9KD98|2.A.63.1.2	38.5	517	291	5	8	521	1	493	1.0e-91	334.0
BCW-200173_00126	gnl|TC-DB|Q7AJW0|2.A.63.1.2	40.6	106	60	2	4	108	1	104	1.9e-13	72.4
BCW-200173_00127	gnl|TC-DB|Q52978|2.A.63.1.1	36.0	975	541	24	60	1011	77	991	3.2e-118	422.9
BCW-200173_00128	gnl|TC-DB|C5C6P3|2.A.1.24.5	96.1	440	17	0	1	440	1	440	6.3e-225	776.2
BCW-200173_00141	gnl|TC-DB|B2IXR4|2.A.5.5.6	35.0	237	141	3	5	229	11	246	3.1e-29	125.2
BCW-200173_00148	gnl|TC-DB|F6FW65|2.A.7.21.7	29.4	337	214	7	26	343	4	335	1.9e-19	93.2
BCW-200173_00163	gnl|TC-DB|P68699|3.A.2.1.1	100.0	79	0	0	1	79	1	79	2.8e-35	143.7
BCW-200173_00167	gnl|TC-DB|P0AA53|8.A.21.2.2	45.4	183	100	0	4	186	2	184	1.6e-38	156.8
BCW-200173_00169	gnl|TC-DB|P0AE16|2.A.1.25.2	56.2	73	32	0	3	75	418	490	1.2e-14	75.1
BCW-200173_00174	gnl|TC-DB|P96483|3.A.1.1.23	69.1	376	98	3	1	358	1	376	3.2e-142	501.1
BCW-200173_00176	gnl|TC-DB|Q9X0T1|3.A.1.1.22	31.7	378	243	6	67	438	22	390	5.4e-51	198.4
BCW-200173_00197	gnl|TC-DB|P75892|2.A.40.1.3	47.9	426	197	6	12	418	7	426	1.2e-90	330.1
BCW-200173_00203	gnl|TC-DB|P25737|2.A.3.1.2	62.0	474	178	2	21	492	7	480	2.1e-176	615.1
BCW-200173_00226	gnl|TC-DB|P0A5Z2|3.A.5.2.2	54.6	441	194	4	1	435	1	441	4.1e-128	454.5
BCW-200173_00238	gnl|TC-DB|Q79VF1|1.A.11.1.3	47.2	428	194	9	7	407	9	431	2.5e-66	249.2
BCW-200173_00239	gnl|TC-DB|P66842|3.A.5.2.2	52.5	406	178	5	6	397	17	421	3.1e-98	355.1
BCW-200173_00240	gnl|TC-DB|L8FFP2|2.A.1.2.95	47.4	411	199	3	16	419	18	418	4.1e-91	331.6
BCW-200173_00241	gnl|TC-DB|P42954|3.A.1.104.1	41.0	200	117	1	51	250	38	236	1.8e-39	159.5
BCW-200173_00266	gnl|TC-DB|F4K2G0|3.D.1.8.1	44.9	158	67	5	18	171	103	244	7.6e-28	120.2
BCW-200173_00280	gnl|TC-DB|A4TAS9|2.A.77.1.4	42.6	155	88	1	47	200	101	255	1.8e-22	102.4
BCW-200173_00286	gnl|TC-DB|P13512|2.A.4.1.1	40.9	296	170	3	1	294	1	293	2.5e-47	185.7
BCW-200173_00290	gnl|TC-DB|Q939U6|5.A.1.2.7	37.1	221	119	7	23	228	9	224	3.6e-28	121.7
BCW-200173_00292	gnl|TC-DB|Q1LAJ7|3.A.3.6.27	39.2	635	350	10	31	633	195	825	2.4e-95	346.3
BCW-200173_00296	gnl|TC-DB|D5ARG8|2.A.88.1.3	44.9	187	85	5	42	219	8	185	2.6e-30	128.6
BCW-200173_00297	gnl|TC-DB|Q6GUB2|3.A.1.25.1	34.8	221	131	4	21	240	13	221	2.6e-26	115.5
BCW-200173_00301	gnl|TC-DB|Q9KXM5|3.A.3.23.1	39.6	804	442	12	29	825	25	791	5.0e-130	461.8
BCW-200173_00313	gnl|TC-DB|A9WMF7|1.A.22.1.9	50.0	132	63	1	1	129	1	132	1.8e-29	125.2
BCW-200173_00348	gnl|TC-DB|Q2J9P5|3.A.1.125.3	61.5	239	92	0	39	277	61	299	1.0e-79	293.1
BCW-200173_00351	gnl|TC-DB|S5Y5N9|2.A.80.1.4	82.6	499	86	1	1	498	1	499	2.5e-225	777.7
BCW-200173_00352	gnl|TC-DB|S5XH28|2.A.80.1.4	56.4	165	62	1	22	186	34	188	7.1e-45	176.8
BCW-200173_00353	gnl|TC-DB|S5XTE7|2.A.80.1.4	60.2	329	128	2	6	334	8	333	1.3e-110	396.0
BCW-200173_00363	gnl|TC-DB|Q8CR56|2.A.120.1.1	34.2	336	221	0	9	344	7	342	3.2e-51	199.1
BCW-200173_00375	gnl|TC-DB|P37643|2.A.1.6.10	53.8	437	186	4	29	465	20	440	1.6e-120	429.5
BCW-200173_00377	gnl|TC-DB|Q932J9|3.A.7.17.1	37.0	235	142	2	321	551	649	881	4.0e-31	133.3
BCW-200173_00379	gnl|TC-DB|A1R564|2.A.1.67.2	46.8	464	213	1	1	464	1	430	9.3e-94	340.5
BCW-200173_00406	gnl|TC-DB|Q64XM9|9.B.104.3.2	35.5	141	86	3	61	197	39	178	1.6e-16	82.8
BCW-200173_00408	gnl|TC-DB|A4VGV1|1.C.113.1.3	33.7	208	125	6	31	233	6	205	1.8e-16	82.8
BCW-200173_00411	gnl|TC-DB|D3LPG3|2.A.86.1.6	95.8	239	7	1	1	239	1	236	4.1e-133	470.7
BCW-200173_00412	gnl|TC-DB|D3LPG3|2.A.86.1.6	95.1	405	20	0	1	405	324	728	2.6e-185	644.4
BCW-200173_00424	gnl|TC-DB|E3H5G9|9.B.102.6.5	34.1	434	281	2	15	448	13	441	1.6e-61	233.4
BCW-200173_00427	gnl|TC-DB|O34691|2.A.1.82.4	33.2	425	250	8	46	469	9	400	3.1e-44	176.0
BCW-200173_00446	gnl|TC-DB|B5XTS7|9.A.8.1.10	91.3	92	8	0	1	92	681	772	1.7e-44	174.5
BCW-200173_00450	gnl|TC-DB|P42964|2.A.55.3.2	51.2	377	181	3	36	411	18	392	7.4e-98	354.0
BCW-200173_00481	gnl|TC-DB|P43672|3.A.1.120.6	33.7	501	328	3	17	516	15	512	2.6e-82	302.8
BCW-200173_00482	gnl|TC-DB|Q99ZY6|3.A.1.34.1	33.1	287	184	5	43	325	40	322	5.4e-35	144.8
BCW-200173_00489	gnl|TC-DB|P0AA67|2.A.7.3.6	34.2	281	175	3	4	284	14	284	3.1e-26	115.5
BCW-200173_00498	gnl|TC-DB|Q52000|2.A.1.6.3	44.4	205	114	0	18	222	11	215	4.5e-47	184.5
BCW-200173_00502	gnl|TC-DB|Q5L082|9.A.5.2.1	54.5	442	197	4	11	452	1	438	3.2e-123	438.3
BCW-200173_00509	gnl|TC-DB|P31552|4.C.1.1.6	23.7	553	354	19	80	620	21	517	6.0e-22	102.4
BCW-200173_00512	gnl|TC-DB|Q1J1H5|2.A.23.1.9	50.6	411	188	4	25	421	8	417	1.8e-100	362.8
BCW-200173_00513	gnl|TC-DB|Q9F2U9|2.A.3.3.17	44.0	411	209	3	5	415	8	397	2.8e-68	255.8
BCW-200173_00527	gnl|TC-DB|Q9V0A4|3.B.1.1.5	35.3	516	296	13	40	534	20	518	1.8e-72	270.0
BCW-200173_00533	gnl|TC-DB|O50452|3.A.1.1.31	47.9	282	140	3	31	312	21	295	5.3e-64	241.1
BCW-200173_00534	gnl|TC-DB|O50453|3.A.1.1.31	54.2	277	121	3	26	300	2	274	2.3e-77	285.4
BCW-200173_00535	gnl|TC-DB|O50454|3.A.1.1.31	53.9	395	171	4	1	391	1	388	2.0e-106	382.5
BCW-200173_00539	gnl|TC-DB|G4NXA5|1.A.33.1.4	57.0	621	254	8	1	618	1	611	3.6e-178	621.3
BCW-200173_00540	gnl|TC-DB|Q0PBV6|9.A.40.2.2	29.4	405	282	4	8	410	23	425	1.4e-41	167.2
BCW-200173_00541	gnl|TC-DB|Q0PBV6|9.A.40.2.2	24.5	343	236	6	5	334	23	355	4.9e-20	95.1
BCW-200173_00546	gnl|TC-DB|Q7UQ81|9.B.146.1.1	31.8	314	170	11	5	303	11	295	2.4e-23	106.3
BCW-200173_00552	gnl|TC-DB|F8L1Z3|3.A.2.1.6	55.7	512	217	3	15	525	1	503	1.2e-161	566.2
BCW-200173_00553	gnl|TC-DB|P0ABA6|3.A.2.1.1	33.6	286	184	2	9	294	8	287	4.6e-38	154.8
BCW-200173_00554	gnl|TC-DB|P50002|3.A.2.1.5	62.5	464	170	2	19	482	6	465	3.5e-160	561.2
BCW-200173_00559	gnl|TC-DB|O53656|2.A.86.1.7	27.4	332	238	2	114	444	6	335	1.1e-14	77.8
BCW-200173_00561	gnl|TC-DB|F8FLY7|3.A.1.147.2	35.7	238	148	1	29	261	1	238	5.7e-43	171.0
BCW-200173_00594	gnl|TC-DB|Q58AJ6|3.A.3.6.4	43.1	603	322	6	45	635	206	799	1.4e-106	383.6
BCW-200173_00605	gnl|TC-DB|Q92WM0|2.A.15.1.5	38.7	595	329	9	41	619	50	624	4.1e-105	378.6
BCW-200173_00622	gnl|TC-DB|B2TCH9|2.A.89.3.1	31.9	386	224	10	16	375	3	375	1.3e-32	137.1
BCW-200173_00629	gnl|TC-DB|Q9KZE5|3.A.1.106.9	65.1	599	209	0	20	618	17	615	4.0e-193	671.0
BCW-200173_00634	gnl|TC-DB|Q53712|3.A.1.120.3	34.4	524	309	10	2	498	33	548	1.4e-66	250.4
BCW-200173_00653	gnl|TC-DB|P96593|2.A.55.3.3	44.5	411	213	7	10	416	21	420	3.6e-84	308.5
BCW-200173_00667	gnl|TC-DB|Q9XCS1|3.A.1.15.7	39.3	219	130	2	29	244	19	237	4.2e-38	154.8
BCW-200173_00668	gnl|TC-DB|O33704|3.A.1.15.3	30.0	267	180	5	4	266	1	264	2.7e-17	85.9
BCW-200173_00669	gnl|TC-DB|P96116|3.A.1.15.8	29.2	284	177	9	59	333	38	306	3.2e-19	92.4
BCW-200173_00670	gnl|TC-DB|Q0PBV6|9.A.40.2.2	31.5	337	225	4	8	339	23	358	6.9e-41	164.5
BCW-200173_00671	gnl|TC-DB|Q0PBV6|9.A.40.2.2	29.1	423	296	3	4	426	24	442	1.4e-46	183.7
BCW-200173_00682	gnl|TC-DB|Q04733|2.A.1.3.8	27.8	479	292	11	32	493	31	472	1.1e-23	107.8
BCW-200173_00695	gnl|TC-DB|P76460|2.A.73.1.1	40.0	440	247	6	26	458	4	433	1.7e-79	293.1
BCW-200173_00699	gnl|TC-DB|P06202|3.A.1.5.1	22.9	459	312	17	134	584	85	509	2.2e-13	73.9
BCW-200173_00700	gnl|TC-DB|Q6BEX0|3.A.1.2.25	93.3	90	6	0	1	90	411	500	4.4e-40	159.8
BCW-200173_00709	gnl|TC-DB|P37643|2.A.1.6.10	37.7	409	250	3	22	425	22	430	8.2e-79	290.8
BCW-200173_00714	gnl|TC-DB|L7KTB5|2.A.102.3.2	46.0	224	119	2	23	244	28	251	1.9e-40	162.5
BCW-200173_00726	gnl|TC-DB|P0A8H3|2.A.5.5.1	41.5	200	100	5	8	202	5	192	1.6e-18	89.7
BCW-200173_00731	gnl|TC-DB|Q3M5U3|3.A.1.6.4	32.1	246	153	6	18	259	31	266	1.8e-20	96.3
BCW-200173_00733	gnl|TC-DB|Q9L1B4|2.A.1.3.19	39.5	468	271	4	7	466	30	493	5.2e-79	291.6
BCW-200173_00745	gnl|TC-DB|P0A2L3|9.A.40.1.2	32.2	245	162	2	177	421	48	288	4.9e-36	148.7
BCW-200173_00752	gnl|TC-DB|Q8XT32|2.A.66.1.36	27.8	446	301	6	7	439	4	441	2.1e-13	73.6
BCW-200173_00757	gnl|TC-DB|P75796|3.A.1.5.11	45.4	575	284	6	67	611	5	579	3.0e-127	452.2
BCW-200173_00758	gnl|TC-DB|Q9F9T5|3.A.1.5.23	50.5	301	127	5	37	337	27	305	5.0e-56	214.9
BCW-200173_00759	gnl|TC-DB|P66966|3.A.1.5.26	44.8	154	85	0	353	506	171	324	2.2e-32	136.7
BCW-200173_00795	gnl|TC-DB|P55072|3.A.16.1.1	43.7	231	129	1	161	390	472	702	3.7e-54	209.5
BCW-200173_00804	gnl|TC-DB|Q9RK11|3.A.1.14.13	51.1	266	121	3	21	284	14	272	1.3e-64	243.0
BCW-200173_00805	gnl|TC-DB|Q9RK10|3.A.1.14.13	35.4	325	198	6	30	348	49	367	2.0e-32	136.3
BCW-200173_00806	gnl|TC-DB|Q47085|3.A.1.14.4	42.1	183	106	0	1	183	155	337	3.5e-28	121.3
BCW-200173_00822	gnl|TC-DB|Q60048|3.A.3.6.8	39.9	594	343	6	29	610	117	708	1.1e-116	417.2
BCW-200173_00834	gnl|TC-DB|K9YXY1|8.A.3.1.2	33.4	356	223	5	72	419	354	703	1.5e-38	157.1
BCW-200173_00862	gnl|TC-DB|H8E4X1|9.B.18.1.2	44.3	472	254	5	41	506	51	519	4.0e-106	381.7
BCW-200173_00863	gnl|TC-DB|Q2PGB8|3.A.1.120.5	36.1	510	298	9	1	499	1	493	2.5e-70	263.1
BCW-200173_00895	gnl|TC-DB|Q8NU75|4.B.1.1.5	57.4	216	86	3	4	217	7	218	2.7e-65	245.0
BCW-200173_00900	gnl|TC-DB|E1H0W3|2.A.89.3.2	36.8	171	108	0	1	171	57	227	2.0e-20	95.5
BCW-200173_00911	gnl|TC-DB|Q5JEG6|4.F.1.3.1	37.6	194	105	7	1	192	1	180	2.7e-13	72.0
BCW-200173_00926	gnl|TC-DB|P69451|4.C.1.1.4	36.2	304	186	6	16	316	251	549	1.8e-46	183.0
BCW-200173_00946	gnl|TC-DB|O31711|3.A.1.122.2	44.7	123	66	1	6	128	100	220	7.7e-22	99.8
BCW-200173_00959	gnl|TC-DB|Q9RJ23|2.A.20.1.6	30.3	330	214	7	5	332	8	323	1.2e-21	100.5
BCW-200173_00960	gnl|TC-DB|P0C560|3.A.1.7.2	74.5	259	65	1	1	259	1	258	2.9e-113	404.4
BCW-200173_00961	gnl|TC-DB|Q7WTY6|3.A.1.7.2	42.7	314	147	5	81	391	24	307	1.3e-56	216.9
BCW-200173_00962	gnl|TC-DB|P0A630|3.A.1.7.4	41.1	316	169	7	7	307	4	317	3.5e-52	201.8
BCW-200173_00963	gnl|TC-DB|Q7WTY8|3.A.1.7.2	35.1	325	201	6	59	376	52	373	1.2e-46	183.7
BCW-200173_00970	gnl|TC-DB|Q9FI56|3.A.9.1.2	57.4	821	331	4	1	813	94	903	2.7e-264	907.9
BCW-200173_00988	gnl|TC-DB|Q7UHP7|9.A.47.2.1	39.9	321	190	3	61	379	107	426	7.7e-60	227.6
BCW-200173_00994	gnl|TC-DB|B1XKD9|2.A.27.2.1	24.9	486	317	9	5	451	2	478	5.6e-22	102.1
BCW-200173_01013	gnl|TC-DB|Q53902|2.A.6.5.1	35.3	747	401	10	20	760	9	679	1.9e-88	323.6
BCW-200173_01029	gnl|TC-DB|Q8VRK4|3.A.11.1.3	34.7	196	105	4	1	196	151	323	1.2e-16	83.2
BCW-200173_01032	gnl|TC-DB|P43531|2.A.1.36.1	35.8	374	240	0	28	401	32	405	1.1e-56	217.2
BCW-200173_01035	gnl|TC-DB|F0N2E7|2.A.109.1.2	39.0	287	159	6	6	280	11	293	1.2e-52	203.8
BCW-200173_01037	gnl|TC-DB|I1HMH4|2.A.109.1.6	36.2	149	93	2	12	158	118	266	3.1e-15	78.2
BCW-200173_01064	gnl|TC-DB|I6YB99|1.C.109.1.4	52.9	244	113	2	1	243	1	243	5.3e-52	201.1
BCW-200173_01086	gnl|TC-DB|Q8EG39|2.A.8.1.6	42.2	256	128	5	7	259	4	242	1.9e-46	182.6
BCW-200173_01087	gnl|TC-DB|Q8EG39|2.A.8.1.6	48.9	184	93	1	22	205	270	452	1.2e-37	152.9
BCW-200173_01093	gnl|TC-DB|Q8NTP7|2.A.78.1.2	45.5	112	54	1	2	113	3	107	4.3e-16	80.5
BCW-200173_01094	gnl|TC-DB|Q8NTP8|2.A.78.1.2	55.6	187	79	1	12	194	16	202	1.0e-50	196.8
BCW-200173_01103	gnl|TC-DB|Q8NRL8|2.A.22.4.3	55.6	504	222	1	1	502	17	520	2.7e-145	511.9
BCW-200173_01104	gnl|TC-DB|B2GH49|9.B.160.1.10	42.0	188	108	1	267	454	206	392	6.4e-31	131.7
BCW-200173_01105	gnl|TC-DB|D6ZSR9|1.A.1.5.25	43.8	224	123	2	5	225	15	238	5.0e-45	177.6
BCW-200173_01111	gnl|TC-DB|O53645|3.A.1.106.6	33.2	591	367	7	19	609	9	571	1.3e-63	240.7
BCW-200173_01112	gnl|TC-DB|A4QD95|3.A.1.106.4	34.3	607	381	6	6	612	654	1242	9.2e-81	297.7
BCW-200173_01129	gnl|TC-DB|P0A5Y8|3.A.5.2.2	58.3	942	356	9	4	911	1	939	6.1e-291	996.5
BCW-200173_01132	gnl|TC-DB|P15078|2.A.114.1.1	50.5	683	333	3	38	718	6	685	1.1e-181	633.3
BCW-200173_01137	gnl|TC-DB|P0ABK2|3.D.4.3.2	31.9	361	207	6	3	324	5	365	6.7e-41	164.5
BCW-200173_01138	gnl|TC-DB|P0ABJ9|3.D.4.3.2	31.2	539	287	9	1	495	2	500	1.4e-66	250.4
BCW-200173_01140	gnl|TC-DB|H2GZC3|3.A.1.122.11	50.4	226	100	4	36	261	3	216	7.0e-46	180.6
BCW-200173_01146	gnl|TC-DB|Q2BM69|3.A.1.17.4	42.0	224	106	1	9	208	15	238	1.7e-43	172.6
BCW-200173_01153	gnl|TC-DB|Q8NS49|2.A.21.7.3	67.1	541	168	1	10	540	11	551	7.3e-191	663.3
BCW-200173_01190	gnl|TC-DB|P27844|2.A.7.7.2	39.7	287	171	1	39	325	8	292	5.6e-48	188.0
BCW-200173_01207	gnl|TC-DB|Q83MP3|2.A.103.1.7	43.7	428	239	1	9	436	13	438	2.6e-99	359.0
BCW-200173_01214	gnl|TC-DB|Q830Z1|3.A.3.25.3	50.1	563	267	5	66	625	49	600	2.9e-141	498.8
BCW-200173_01237	gnl|TC-DB|Q9RCA5|2.A.9.3.5	28.2	255	126	6	8	262	43	240	2.5e-16	82.8
BCW-200173_01243	gnl|TC-DB|P34712|3.A.1.201.14	27.7	231	144	7	10	231	1081	1297	2.1e-15	79.3
BCW-200173_01248	gnl|TC-DB|Q53712|3.A.1.120.3	36.4	544	320	12	15	549	43	569	5.9e-63	238.4
BCW-200173_01251	gnl|TC-DB|P60844|1.A.8.3.1	60.8	227	83	1	9	235	4	224	1.1e-67	253.1
BCW-200173_01274	gnl|TC-DB|Q87WH3|3.A.1.12.10	40.1	272	155	5	66	332	28	296	1.1e-48	190.3
BCW-200173_01275	gnl|TC-DB|Q45461|3.A.1.12.3	35.9	198	125	1	52	249	15	210	1.3e-25	113.2
BCW-200173_01276	gnl|TC-DB|Q8ZPK4|3.A.1.12.14	51.5	291	125	5	11	297	2	280	4.4e-77	284.6
BCW-200173_01277	gnl|TC-DB|Q45461|3.A.1.12.3	36.3	215	123	3	3	212	6	211	5.9e-27	117.5
BCW-200173_01278	gnl|TC-DB|P48664|2.A.23.2.8	29.5	261	178	5	159	416	276	533	3.2e-11	66.2
BCW-200173_01279	gnl|TC-DB|P15729|2.A.1.1.32	58.7	472	180	7	6	469	4	468	8.2e-133	470.3
BCW-200173_01297	gnl|TC-DB|P21345|2.A.23.1.1	31.0	445	269	9	22	449	7	430	1.3e-45	180.6
BCW-200173_01298	gnl|TC-DB|Q8NN75|2.A.15.1.7	49.7	596	291	4	38	633	27	613	1.7e-165	579.3
BCW-200173_01305	gnl|TC-DB|G2GUD4|9.B.124.1.4	37.3	118	66	2	3	114	1	116	6.2e-14	73.6
BCW-200173_01316	gnl|TC-DB|P13512|2.A.4.1.1	41.1	275	157	3	1	275	19	288	1.7e-45	179.5
BCW-200173_01317	gnl|TC-DB|Q9X897|2.A.4.8.1	60.0	240	85	4	1	235	1	234	7.7e-71	263.5
BCW-200173_01332	gnl|TC-DB|Q47539|3.A.1.17.1	33.1	257	165	3	33	282	10	266	1.6e-27	119.8
BCW-200173_01334	gnl|TC-DB|P38045|3.A.1.16.1	43.0	244	123	3	39	275	20	254	2.0e-46	182.6
BCW-200173_01338	gnl|TC-DB|P46912|3.D.3.4.1	29.3	229	135	3	16	234	4	215	1.0e-25	114.8
BCW-200173_01341	gnl|TC-DB|Q9AEL8|3.D.4.4.2	52.6	194	78	3	1	192	24	205	5.6e-45	177.2
BCW-200173_01344	gnl|TC-DB|C5CCA2|9.B.185.1.6	97.1	138	4	0	1	138	1	138	2.4e-69	257.7
BCW-200173_01350	gnl|TC-DB|Q1DEX6|2.A.6.3.4	30.6	1028	681	16	4	1012	3	1017	4.6e-104	375.9
BCW-200173_01368	gnl|TC-DB|I7MT28|1.A.62.2.2	33.7	199	127	4	46	241	6	202	1.5e-15	80.1
BCW-200173_01369	gnl|TC-DB|A0M015|1.A.62.2.1	31.8	192	128	3	16	206	8	197	6.0e-18	88.2
BCW-200173_01372	gnl|TC-DB|P27611|2.A.35.1.1	37.4	444	274	2	35	477	11	451	2.9e-77	285.8
BCW-200173_01380	gnl|TC-DB|Q1J2S8|2.A.53.3.13	56.1	467	197	5	35	499	24	484	3.6e-123	438.3
BCW-200173_01383	gnl|TC-DB|O31711|3.A.1.122.2	36.2	210	132	1	5	212	2	211	3.4e-35	144.8
BCW-200173_01386	gnl|TC-DB|E8MFM3|3.A.1.135.6	41.8	579	301	5	106	679	58	605	3.6e-118	422.2
BCW-200173_01387	gnl|TC-DB|J6RCW6|3.A.1.135.7	40.6	577	329	5	12	585	2	567	1.3e-108	390.2
BCW-200173_01399	gnl|TC-DB|D9X7X8|2.A.1.3.38	36.9	412	232	6	24	421	28	425	1.6e-51	200.3
BCW-200173_01417	gnl|TC-DB|Q79VD7|3.D.4.4.2	65.8	524	176	2	30	551	29	551	2.4e-216	748.0
BCW-200173_01418	gnl|TC-DB|Q8NNK2|3.D.4.4.2	29.8	272	146	7	16	245	42	310	6.4e-29	124.4
BCW-200173_01419	gnl|TC-DB|B6I4D1|9.B.128.1.1	70.9	55	16	0	1	55	394	448	2.7e-16	80.1
BCW-200173_01420	gnl|TC-DB|Q50635|3.A.5.2.2	34.9	321	198	4	11	322	51	369	7.0e-46	181.0
BCW-200173_01473	gnl|TC-DB|Q9NP58|3.A.1.210.6	28.5	221	148	3	62	280	589	801	7.5e-22	100.9
BCW-200173_01474	gnl|TC-DB|Q47PP1|9.B.169.1.10	32.9	377	224	7	1	358	64	430	4.0e-26	115.5
BCW-200173_01480	gnl|TC-DB|Q79VE0|2.A.15.1.2	44.5	539	291	3	13	550	18	549	3.5e-125	445.7
BCW-200173_01483	gnl|TC-DB|P48245|3.A.1.3.9	44.3	253	135	2	42	291	2	251	1.2e-49	193.4
BCW-200173_01484	gnl|TC-DB|P48244|3.A.1.3.9	45.6	228	119	2	4	226	1	228	2.3e-45	178.7
BCW-200173_01485	gnl|TC-DB|P48242|3.A.1.3.9	47.4	232	108	6	53	273	45	273	6.7e-45	177.6
BCW-200173_01486	gnl|TC-DB|P48243|3.A.1.3.9	73.8	244	62	1	31	274	1	242	5.7e-99	357.1
BCW-200173_01499	gnl|TC-DB|Q3C2E8|9.B.76.1.1	69.3	446	130	2	1	445	1	440	1.6e-166	582.4
BCW-200173_01515	gnl|TC-DB|C5C9P9|1.E.34.1.8	95.8	307	13	0	1	307	1	307	4.6e-134	473.8
BCW-200173_01529	gnl|TC-DB|Q9X272|3.A.1.5.15	54.9	175	79	0	2	176	63	237	5.5e-50	193.7
BCW-200173_01530	gnl|TC-DB|Q93JK1|2.A.55.3.4	53.5	415	189	3	25	436	34	447	2.3e-121	432.2
BCW-200173_01538	gnl|TC-DB|P31552|4.C.1.1.6	30.1	492	315	10	49	524	39	517	1.3e-48	190.7
BCW-200173_01542	gnl|TC-DB|P69451|4.C.1.1.4	29.3	563	368	12	22	578	23	561	2.5e-59	226.5
BCW-200173_01545	gnl|TC-DB|Q60248|3.A.1.120.4	48.5	165	72	4	13	177	378	529	1.2e-26	116.3
BCW-200173_01560	gnl|TC-DB|P0ADM0|9.B.51.1.1	40.2	107	63	1	3	109	10	115	1.8e-11	65.1
BCW-200173_01570	gnl|TC-DB|D3Q871|2.A.1.21.11	31.3	409	220	17	20	402	17	390	5.0e-17	85.5
BCW-200173_01577	gnl|TC-DB|P38134|8.A.3.3.1	37.0	192	120	1	227	417	511	702	4.8e-26	115.5
BCW-200173_01602	gnl|TC-DB|A0JSP2|9.B.74.1.2	35.5	211	130	4	588	793	446	655	2.3e-23	107.5
BCW-200173_01609	gnl|TC-DB|P21458|3.A.12.1.1	50.6	478	219	5	174	645	314	780	4.8e-126	448.4
BCW-200173_01610	gnl|TC-DB|Q6ADZ6|4.F.1.1.7	52.9	191	87	1	10	200	1	188	3.2e-46	181.4
BCW-200173_01614	gnl|TC-DB|P54104|2.A.26.1.3	44.9	434	230	3	1	429	1	430	3.1e-89	325.5
BCW-200173_01643	gnl|TC-DB|P74127|3.A.1.10.2	40.1	362	190	8	27	380	19	361	4.1e-63	238.4
BCW-200173_01644	gnl|TC-DB|P21409|3.A.1.10.1	40.4	465	259	3	3	461	65	517	2.1e-72	269.6
BCW-200173_01648	gnl|TC-DB|Q9RJ69|2.A.64.2.2	39.6	268	148	1	20	273	11	278	1.7e-45	179.5
BCW-200173_01654	gnl|TC-DB|Q9F3K7|3.A.1.3.24	60.2	251	90	1	20	260	3	253	3.3e-75	278.1
BCW-200173_01655	gnl|TC-DB|P0AER5|3.A.1.3.4	42.2	225	116	5	55	271	5	223	1.0e-31	133.7
BCW-200173_01656	gnl|TC-DB|Q8YSA2|3.A.1.3.17	30.5	226	151	5	45	265	24	248	4.0e-20	95.1
BCW-200173_01659	gnl|TC-DB|Q9FI56|3.A.9.1.2	45.6	883	396	13	1	864	94	911	8.0e-200	693.7
BCW-200173_01684	gnl|TC-DB|O32081|2.A.38.4.3	33.8	432	276	6	55	484	15	438	1.7e-53	206.8
BCW-200173_01685	gnl|TC-DB|O32080|2.A.38.4.3	37.3	212	132	1	11	221	6	217	1.5e-36	149.4
BCW-200173_01689	gnl|TC-DB|Q07711|3.A.7.7.1	22.1	597	372	19	46	609	46	582	4.4e-18	90.1
BCW-200173_01698	gnl|TC-DB|P50332|3.A.1.102.1	45.1	319	161	4	8	326	41	345	2.8e-68	255.4
BCW-200173_01715	gnl|TC-DB|D7V8E7|1.A.8.2.6	53.9	232	96	3	6	234	11	234	1.6e-60	229.2
BCW-200173_01743	gnl|TC-DB|O30085|3.A.3.5.10	46.0	641	332	8	59	693	58	690	1.0e-139	493.8
BCW-200173_01747	gnl|TC-DB|P77735|8.A.5.1.6	38.2	319	183	5	1	312	1	312	1.3e-46	183.3
BCW-200173_01760	gnl|TC-DB|P45394|2.A.19.5.1	33.3	231	141	4	1	229	70	289	4.4e-15	78.6
BCW-200173_01764	gnl|TC-DB|Q9RK12|3.A.1.14.13	31.8	305	187	9	53	346	52	346	1.6e-29	126.7
BCW-200173_01771	gnl|TC-DB|Q03RZ6|3.A.1.122.13	23.2	414	297	10	20	424	263	664	4.8e-12	68.9
BCW-200173_01772	gnl|TC-DB|P75957|3.A.1.125.1	42.8	222	127	0	20	241	5	226	1.9e-48	189.1
BCW-200173_01776	gnl|TC-DB|Q9K0A9|2.A.28.2.4	46.5	297	157	1	26	320	15	311	3.7e-60	228.4
BCW-200173_01778	gnl|TC-DB|Q02592|3.A.1.210.2	40.4	361	182	5	258	609	491	827	1.3e-58	224.2
BCW-200173_01780	gnl|TC-DB|P64711|2.A.75.1.3	43.3	90	51	0	344	433	99	188	1.2e-13	74.3
BCW-200173_01787	gnl|TC-DB|B8GAY6|1.E.14.1.7	43.8	112	62	1	1	112	2	112	7.6e-16	79.7
BCW-200173_01791	gnl|TC-DB|P31552|4.C.1.1.6	28.2	503	329	8	18	496	22	516	8.3e-48	188.0
BCW-200173_01793	gnl|TC-DB|Q8FLY1|9.B.102.1.12	62.5	72	27	0	4	75	415	486	8.1e-24	105.5
BCW-200173_01794	gnl|TC-DB|P33015|9.B.102.1.2	52.3	344	163	1	1	344	1	343	1.2e-96	349.7
BCW-200173_01801	gnl|TC-DB|Q939U6|5.A.1.2.7	37.3	217	126	4	22	229	9	224	8.4e-25	110.5
BCW-200173_01823	gnl|TC-DB|P07821|3.A.1.14.3	40.4	250	147	1	4	251	14	263	8.4e-49	190.3
BCW-200173_01825	gnl|TC-DB|P06609|3.A.1.13.1	29.3	276	184	5	57	326	56	326	2.9e-17	85.9
BCW-200173_01827	gnl|TC-DB|P33231|2.A.14.1.1	98.1	54	1	0	1	54	498	551	4.5e-24	105.9
BCW-200173_01847	gnl|TC-DB|C5CBD2|2.A.117.1.8	98.6	144	2	0	1	144	36	179	4.5e-71	263.5
BCW-200173_01851	gnl|TC-DB|P69451|4.C.1.1.4	24.2	484	288	11	50	502	52	487	6.4e-26	115.5
BCW-200173_01860	gnl|TC-DB|Q52978|2.A.63.1.1	34.9	930	538	18	27	909	61	970	4.1e-104	375.9
BCW-200173_01862	gnl|TC-DB|O05229|2.A.63.1.4	28.7	557	315	10	9	554	6	491	5.6e-53	205.3
BCW-200173_01877	gnl|TC-DB|Q2FLJ8|3.A.3.1.8	33.2	196	130	1	5	200	4	198	7.1e-26	114.0
BCW-200173_01878	gnl|TC-DB|A4X503|2.A.3.14.1	39.5	655	377	9	1	649	4	645	3.4e-94	342.4
BCW-200173_01899	gnl|TC-DB|657066864|9.B.143.3.3	46.5	243	126	2	3	241	8	250	1.3e-46	183.0
BCW-200173_01907	gnl|TC-DB|Q99ZY3|3.A.1.34.1	48.6	222	114	0	22	243	25	246	7.2e-51	197.2
BCW-200173_01908	gnl|TC-DB|Q99ZY4|3.A.1.34.1	41.5	277	158	2	1	276	2	275	9.3e-48	187.2
BCW-200173_01927	gnl|TC-DB|Q9WXW0|3.A.1.2.18	41.2	296	169	3	144	435	24	318	4.0e-54	208.8
BCW-200173_01939	gnl|TC-DB|Q9AK33|2.A.69.3.1	42.1	328	165	4	1	325	1	306	3.0e-54	208.8
BCW-200173_01943	gnl|TC-DB|P9WG63|5.A.1.2.9	33.0	179	113	4	39	210	408	586	1.2e-20	98.2
BCW-200173_01945	gnl|TC-DB|E3IZF4|9.B.62.3.2	34.6	757	407	10	2	709	28	745	5.5e-96	348.6
BCW-200173_01952	gnl|TC-DB|A0L4L0|3.A.1.132.3	33.2	259	152	3	115	366	85	329	4.1e-31	132.1
BCW-200173_01958	gnl|TC-DB|A4QAL6|2.A.47.1.12	48.5	544	209	10	48	566	28	525	1.2e-124	443.4
BCW-200173_01960	gnl|TC-DB|P0A769|2.A.55.3.1	79.2	77	16	0	1	77	332	408	1.7e-24	107.8
BCW-200173_01974	gnl|TC-DB|Q9ZK21|1.C.82.1.1	51.4	208	101	0	17	224	19	226	2.5e-55	211.8
BCW-200173_01988	gnl|TC-DB|Q9X2F5|3.A.1.1.22	47.2	218	114	1	111	328	617	833	6.0e-47	184.5
BCW-200173_01989	gnl|TC-DB|P02916|3.A.1.1.1	35.0	511	291	11	50	538	19	510	4.5e-71	265.4
BCW-200173_02002	gnl|TC-DB|O00571|1.I.1.1.3	37.8	384	222	8	23	393	164	543	8.8e-60	228.0
BCW-200173_02018	gnl|TC-DB|B5U2Z3|2.A.75.1.4	48.5	200	100	2	2	199	3	201	9.2e-46	179.9
BCW-200173_02040	gnl|TC-DB|B8ZT62|9.B.14.3.4	43.8	256	138	3	6	258	74	326	5.8e-45	177.6
BCW-200173_02048	gnl|TC-DB|A2RKA7|3.A.1.2.17	48.2	496	253	4	3	495	7	501	1.1e-125	446.8
BCW-200173_02049	gnl|TC-DB|Q8DU36|3.A.1.2.12	30.4	335	200	8	58	377	30	346	2.6e-33	139.4
BCW-200173_02054	gnl|TC-DB|X5H3P0|3.D.10.1.6	48.7	594	278	7	4	591	11	583	7.8e-154	540.4
BCW-200173_02055	gnl|TC-DB|X5GWN5|3.D.10.1.6	45.0	202	107	3	62	262	56	254	2.6e-45	178.7
BCW-200173_02060	gnl|TC-DB|Q05839|8.A.9.1.1	28.9	515	295	14	21	525	109	562	5.3e-57	218.8
BCW-200173_02066	gnl|TC-DB|O50455|1.A.35.3.5	33.5	373	196	7	1	361	34	366	7.1e-49	191.0
BCW-200173_02073	gnl|TC-DB|P30145|2.A.25.1.2	44.6	451	229	5	45	493	1	432	2.2e-99	359.4
BCW-200173_02076	gnl|TC-DB|M5B8T3|2.A.102.6.1	42.7	218	121	2	40	253	11	228	4.5e-36	148.3
BCW-200173_02091	gnl|TC-DB|O05435|2.A.66.4.4	27.6	569	364	14	57	614	30	561	5.3e-28	122.5
BCW-200173_02106	gnl|TC-DB|Q5KYD1|2.A.17.1.7	43.2	481	263	4	39	510	16	495	7.8e-102	367.5
BCW-200173_02114	gnl|TC-DB|P39760|2.A.38.4.4	35.5	211	134	2	20	228	6	216	1.4e-37	152.9
BCW-200173_02115	gnl|TC-DB|O32081|2.A.38.4.3	41.4	420	241	4	5	424	24	438	3.8e-73	271.9
BCW-200173_02135	gnl|TC-DB|P0A6W3|9.B.146.1.6	38.9	357	186	10	5	357	27	355	3.6e-56	215.3
BCW-200173_02137	gnl|TC-DB|X2BJI2|2.A.103.1.4	38.4	359	221	0	44	402	59	417	4.3e-61	231.9
BCW-200173_02144	gnl|TC-DB|Q57079|3.B.1.1.2	55.0	522	222	3	6	527	1	509	4.2e-159	557.8
BCW-200173_02172	gnl|TC-DB|A0QQH3|2.A.4.1.5	45.5	297	155	4	1	297	1	290	9.1e-58	220.3
BCW-200173_02182	gnl|TC-DB|P31552|4.C.1.1.6	23.5	553	346	15	85	615	20	517	2.8e-24	110.2
BCW-200173_02187	gnl|TC-DB|B1MHH7|3.A.3.5.31	49.3	807	316	10	15	821	9	722	1.4e-169	593.2
BCW-200173_02198	gnl|TC-DB|J7JIE8|2.A.21.2.4	52.0	475	205	6	19	491	1	454	3.2e-130	461.8
BCW-200173_02203	gnl|TC-DB|V1CIA4|2.A.120.1.11	28.3	364	231	8	29	369	16	372	1.6e-22	103.6
BCW-200173_02206	gnl|TC-DB|P30145|2.A.25.1.2	40.7	442	258	2	43	484	1	438	1.2e-89	327.0
BCW-200173_02215	gnl|TC-DB|P69451|4.C.1.1.4	30.4	549	348	12	7	526	9	552	8.2e-54	208.0
